<?xml version="1.0" encoding="UTF-8"?>
<testsuite xmlns:xsi="http://www.w3.org/2001/XMLSchema-instance" xsi:noNamespaceSchemaLocation="https://maven.apache.org/surefire/maven-surefire-plugin/xsd/surefire-test-report.xsd" version="3.0.2" name="org.apache.hadoop.ozone.om.TestOzoneManagerHAWithStoppedNodes" time="195.012" tests="12" errors="1" skipped="0" failures="0">
  <properties>
    <property name="java.specification.version" value="21"/>
    <property name="sun.jnu.encoding" value="UTF-8"/>
    <property name="java.class.path" value="/home/runner/work/ozone/ozone/hadoop-ozone/integration-test/target/test-classes:/home/runner/work/ozone/ozone/hadoop-ozone/integration-test/target/classes:/home/runner/work/ozone/ozone/hadoop-hdds/server-scm/target/hdds-server-scm-2.1.0-SNAPSHOT.jar:/home/runner/.m2/repository/com/fasterxml/jackson/core/jackson-annotations/2.16.2/jackson-annotations-2.16.2.jar:/home/runner/.m2/repository/com/fasterxml/jackson/core/jackson-core/2.16.2/jackson-core-2.16.2.jar:/home/runner/.m2/repository/com/fasterxml/jackson/core/jackson-databind/2.16.2/jackson-databind-2.16.2.jar:/home/runner/.m2/repository/com/google/guava/guava/32.1.3-jre/guava-32.1.3-jre.jar:/home/runner/.m2/repository/com/google/guava/failureaccess/1.0.1/failureaccess-1.0.1.jar:/home/runner/.m2/repository/com/google/guava/listenablefuture/9999.0-empty-to-avoid-conflict-with-guava/listenablefuture-9999.0-empty-to-avoid-conflict-with-guava.jar:/home/runner/.m2/repository/org/checkerframework/checker-qual/3.37.0/checker-qual-3.37.0.jar:/home/runner/.m2/repository/com/google/errorprone/error_prone_annotations/2.29.2/error_prone_annotations-2.29.2.jar:/home/runner/.m2/repository/com/google/j2objc/j2objc-annotations/2.8/j2objc-annotations-2.8.jar:/home/runner/.m2/repository/com/google/protobuf/protobuf-java/2.5.0/protobuf-java-2.5.0.jar:/home/runner/.m2/repository/commons-collections/commons-collections/3.2.2/commons-collections-3.2.2.jar:/home/runner/.m2/repository/commons-io/commons-io/2.18.0/commons-io-2.18.0.jar:/home/runner/.m2/repository/info/picocli/picocli/4.7.7/picocli-4.7.7.jar:/home/runner/.m2/repository/io/dropwizard/metrics/metrics-core/3.2.6/metrics-core-3.2.6.jar:/home/runner/.m2/repository/jakarta/annotation/jakarta.annotation-api/2.1.1/jakarta.annotation-api-2.1.1.jar:/home/runner/.m2/repository/javax/servlet/javax.servlet-api/3.1.0/javax.servlet-api-3.1.0.jar:/home/runner/.m2/repository/org/apache/commons/commons-compress/1.27.1/commons-compress-1.27.1.jar:/home/runner/.m2/repository/org/apache/commons/commons-text/1.12.0/commons-text-1.12.0.jar:/home/runner/work/ozone/ozone/hadoop-hdds/client/target/hdds-client-2.1.0-SNAPSHOT.jar:/home/runner/work/ozone/ozone/hadoop-hdds/common/target/hdds-common-2.1.0-SNAPSHOT.jar:/home/runner/work/ozone/ozone/hadoop-hdds/config/target/hdds-config-2.1.0-SNAPSHOT.jar:/home/runner/work/ozone/ozone/hadoop-hdds/container-service/target/hdds-container-service-2.1.0-SNAPSHOT.jar:/home/runner/work/ozone/ozone/hadoop-hdds/hadoop-dependency-client/target/hdds-hadoop-dependency-client-2.1.0-SNAPSHOT.jar:/home/runner/.m2/repository/com/nimbusds/nimbus-jose-jwt/9.40/nimbus-jose-jwt-9.40.jar:/home/runner/work/ozone/ozone/hadoop-hdds/hadoop-dependency-server/target/hdds-hadoop-dependency-server-2.1.0-SNAPSHOT.jar:/home/runner/.m2/repository/org/apache/hadoop/hadoop-hdfs/3.4.1/hadoop-hdfs-3.4.1.jar:/home/runner/.m2/repository/org/apache/kerby/kerb-util/1.0.1/kerb-util-1.0.1.jar:/home/runner/.m2/repository/org/apache/kerby/kerby-config/1.0.1/kerby-config-1.0.1.jar:/home/runner/.m2/repository/org/apache/kerby/kerb-crypto/1.0.1/kerb-crypto-1.0.1.jar:/home/runner/work/ozone/ozone/hadoop-hdds/interface-admin/target/hdds-interface-admin-2.1.0-SNAPSHOT.jar:/home/runner/work/ozone/ozone/hadoop-hdds/interface-client/target/hdds-interface-client-2.1.0-SNAPSHOT.jar:/home/runner/work/ozone/ozone/hadoop-hdds/interface-server/target/hdds-interface-server-2.1.0-SNAPSHOT.jar:/home/runner/work/ozone/ozone/hadoop-hdds/framework/target/hdds-server-framework-2.1.0-SNAPSHOT.jar:/home/runner/.m2/repository/org/apache/ratis/ratis-client/3.1.2/ratis-client-3.1.2.jar:/home/runner/.m2/repository/org/apache/ratis/ratis-common/3.1.2/ratis-common-3.1.2.jar:/home/runner/.m2/repository/org/apache/ratis/ratis-grpc/3.1.2/ratis-grpc-3.1.2.jar:/home/runner/.m2/repository/org/apache/ratis/ratis-netty/3.1.2/ratis-netty-3.1.2.jar:/home/runner/.m2/repository/org/apache/ratis/ratis-proto/3.1.2/ratis-proto-3.1.2.jar:/home/runner/.m2/repository/org/apache/ratis/ratis-server-api/3.1.2/ratis-server-api-3.1.2.jar:/home/runner/.m2/repository/org/apache/ratis/ratis-thirdparty-misc/1.0.6/ratis-thirdparty-misc-1.0.6.jar:/home/runner/.m2/repository/org/bouncycastle/bcpkix-jdk18on/1.80/bcpkix-jdk18on-1.80.jar:/home/runner/.m2/repository/org/bouncycastle/bcprov-jdk18on/1.80/bcprov-jdk18on-1.80.jar:/home/runner/.m2/repository/org/eclipse/jetty/jetty-webapp/9.4.57.v20241219/jetty-webapp-9.4.57.v20241219.jar:/home/runner/.m2/repository/org/eclipse/jetty/jetty-xml/9.4.57.v20241219/jetty-xml-9.4.57.v20241219.jar:/home/runner/.m2/repository/org/slf4j/slf4j-api/2.0.17/slf4j-api-2.0.17.jar:/home/runner/work/ozone/ozone/hadoop-hdds/tools/target/hdds-tools-2.1.0-SNAPSHOT.jar:/home/runner/.m2/repository/ch/qos/reload4j/reload4j/1.2.26/reload4j-1.2.26.jar:/home/runner/.m2/repository/com/fasterxml/jackson/datatype/jackson-datatype-jsr310/2.16.2/jackson-datatype-jsr310-2.16.2.jar:/home/runner/.m2/repository/commons-cli/commons-cli/1.8.0/commons-cli-1.8.0.jar:/home/runner/.m2/repository/org/apache/ratis/ratis-tools/3.1.2/ratis-tools-3.1.2.jar:/home/runner/.m2/repository/org/kohsuke/metainf-services/metainf-services/1.11/metainf-services-1.11.jar:/home/runner/.m2/repository/org/slf4j/slf4j-reload4j/2.0.17/slf4j-reload4j-2.0.17.jar:/home/runner/.m2/repository/org/xerial/sqlite-jdbc/3.49.1.0/sqlite-jdbc-3.49.1.0.jar:/home/runner/work/ozone/ozone/hadoop-ozone/cli-shell/target/ozone-cli-shell-2.1.0-SNAPSHOT.jar:/home/runner/.m2/repository/commons-codec/commons-codec/1.17.1/commons-codec-1.17.1.jar:/home/runner/.m2/repository/info/picocli/picocli-shell-jline3/4.7.7/picocli-shell-jline3-4.7.7.jar:/home/runner/.m2/repository/jakarta/xml/bind/jakarta.xml.bind-api/2.3.3/jakarta.xml.bind-api-2.3.3.jar:/home/runner/.m2/repository/org/apache/httpcomponents/httpclient/4.5.14/httpclient-4.5.14.jar:/home/runner/work/ozone/ozone/hadoop-ozone/ozonefs-common/target/ozone-filesystem-common-2.1.0-SNAPSHOT.jar:/home/runner/work/ozone/ozone/hadoop-ozone/interface-client/target/ozone-interface-client-2.1.0-SNAPSHOT.jar:/home/runner/.m2/repository/org/jline/jline/3.29.0/jline-3.29.0.jar:/home/runner/work/ozone/ozone/hadoop-ozone/client/target/ozone-client-2.1.0-SNAPSHOT.jar:/home/runner/.m2/repository/com/github/stephenc/jcip/jcip-annotations/1.0-1/jcip-annotations-1.0-1.jar:/home/runner/work/ozone/ozone/hadoop-hdds/erasurecode/target/hdds-erasurecode-2.1.0-SNAPSHOT.jar:/home/runner/work/ozone/ozone/hadoop-ozone/common/target/ozone-common-2.1.0-SNAPSHOT.jar:/home/runner/.m2/repository/io/grpc/grpc-api/1.58.0/grpc-api-1.58.0.jar:/home/runner/.m2/repository/io/grpc/grpc-netty/1.58.0/grpc-netty-1.58.0.jar:/home/runner/.m2/repository/io/grpc/grpc-core/1.58.0/grpc-core-1.58.0.jar:/home/runner/.m2/repository/com/google/android/annotations/4.1.1.4/annotations-4.1.1.4.jar:/home/runner/.m2/repository/org/codehaus/mojo/animal-sniffer-annotations/1.23/animal-sniffer-annotations-1.23.jar:/home/runner/.m2/repository/io/grpc/grpc-context/1.58.0/grpc-context-1.58.0.jar:/home/runner/.m2/repository/io/grpc/grpc-util/1.58.0/grpc-util-1.58.0.jar:/home/runner/.m2/repository/io/perfmark/perfmark-api/0.26.0/perfmark-api-0.26.0.jar:/home/runner/.m2/repository/io/grpc/grpc-stub/1.58.0/grpc-stub-1.58.0.jar:/home/runner/.m2/repository/io/netty/netty-codec-http2/4.1.109.Final/netty-codec-http2-4.1.109.Final.jar:/home/runner/.m2/repository/io/netty/netty-codec-http/4.1.109.Final/netty-codec-http-4.1.109.Final.jar:/home/runner/.m2/repository/io/netty/netty-common/4.1.109.Final/netty-common-4.1.109.Final.jar:/home/runner/.m2/repository/io/netty/netty-handler/4.1.109.Final/netty-handler-4.1.109.Final.jar:/home/runner/.m2/repository/io/netty/netty-resolver/4.1.109.Final/netty-resolver-4.1.109.Final.jar:/home/runner/.m2/repository/io/netty/netty-handler-proxy/4.1.109.Final/netty-handler-proxy-4.1.109.Final.jar:/home/runner/.m2/repository/io/netty/netty-codec-socks/4.1.109.Final/netty-codec-socks-4.1.109.Final.jar:/home/runner/.m2/repository/org/apache/httpcomponents/httpcore/4.4.16/httpcore-4.4.16.jar:/home/runner/.m2/repository/io/netty/netty-tcnative-boringssl-static/2.0.65.Final/netty-tcnative-boringssl-static-2.0.65.Final.jar:/home/runner/.m2/repository/io/netty/netty-tcnative-classes/2.0.65.Final/netty-tcnative-classes-2.0.65.Final.jar:/home/runner/.m2/repository/io/netty/netty-tcnative-boringssl-static/2.0.65.Final/netty-tcnative-boringssl-static-2.0.65.Final-linux-x86_64.jar:/home/runner/.m2/repository/io/netty/netty-tcnative-boringssl-static/2.0.65.Final/netty-tcnative-boringssl-static-2.0.65.Final-linux-aarch_64.jar:/home/runner/.m2/repository/io/netty/netty-tcnative-boringssl-static/2.0.65.Final/netty-tcnative-boringssl-static-2.0.65.Final-osx-x86_64.jar:/home/runner/.m2/repository/io/netty/netty-tcnative-boringssl-static/2.0.65.Final/netty-tcnative-boringssl-static-2.0.65.Final-osx-aarch_64.jar:/home/runner/.m2/repository/io/netty/netty-tcnative-boringssl-static/2.0.65.Final/netty-tcnative-boringssl-static-2.0.65.Final-windows-x86_64.jar:/home/runner/work/ozone/ozone/hadoop-ozone/csi/target/ozone-csi-2.1.0-SNAPSHOT.jar:/home/runner/.m2/repository/com/google/protobuf/protobuf-java-util/3.19.6/protobuf-java-util-3.19.6.jar:/home/runner/.m2/repository/io/grpc/grpc-protobuf/1.58.0/grpc-protobuf-1.58.0.jar:/home/runner/.m2/repository/com/google/api/grpc/proto-google-common-protos/2.22.0/proto-google-common-protos-2.22.0.jar:/home/runner/.m2/repository/io/grpc/grpc-protobuf-lite/1.58.0/grpc-protobuf-lite-1.58.0.jar:/home/runner/.m2/repository/io/netty/netty-transport/4.1.109.Final/netty-transport-4.1.109.Final.jar:/home/runner/.m2/repository/io/netty/netty-transport-classes-epoll/4.1.109.Final/netty-transport-classes-epoll-4.1.109.Final.jar:/home/runner/.m2/repository/io/netty/netty-transport-native-epoll/4.1.109.Final/netty-transport-native-epoll-4.1.109.Final-linux-x86_64.jar:/home/runner/.m2/repository/io/netty/netty-transport-native-unix-common/4.1.109.Final/netty-transport-native-unix-common-4.1.109.Final.jar:/home/runner/work/ozone/ozone/hadoop-ozone/ozonefs/target/ozone-filesystem-2.1.0-SNAPSHOT.jar:/home/runner/.m2/repository/io/opentracing/opentracing-api/0.33.0/opentracing-api-0.33.0.jar:/home/runner/.m2/repository/io/opentracing/opentracing-util/0.33.0/opentracing-util-0.33.0.jar:/home/runner/.m2/repository/io/opentracing/opentracing-noop/0.33.0/opentracing-noop-0.33.0.jar:/home/runner/work/ozone/ozone/hadoop-ozone/ozone-manager/target/ozone-manager-2.1.0-SNAPSHOT.jar:/home/runner/.m2/repository/com/sun/jersey/jersey-client/1.19.4/jersey-client-1.19.4.jar:/home/runner/.m2/repository/org/apache/kerby/kerby-util/1.0.1/kerby-util-1.0.1.jar:/home/runner/.m2/repository/org/apache/logging/log4j/log4j-api/2.24.2/log4j-api-2.24.2.jar:/home/runner/work/ozone/ozone/hadoop-hdds/managed-rocksdb/target/hdds-managed-rocksdb-2.1.0-SNAPSHOT.jar:/home/runner/work/ozone/ozone/hadoop-hdds/rocks-native/target/hdds-rocks-native-2.1.0-SNAPSHOT.jar:/home/runner/.m2/repository/org/eclipse/jetty/jetty-io/9.4.57.v20241219/jetty-io-9.4.57.v20241219.jar:/home/runner/work/ozone/ozone/hadoop-ozone/interface-storage/target/ozone-interface-storage-2.1.0-SNAPSHOT.jar:/home/runner/work/ozone/ozone/hadoop-hdds/rocksdb-checkpoint-differ/target/rocksdb-checkpoint-differ-2.1.0-SNAPSHOT.jar:/home/runner/.m2/repository/com/github/vlsi/mxgraph/jgraphx/3.9.12/jgraphx-3.9.12.jar:/home/runner/.m2/repository/org/jgrapht/jgrapht-core/1.4.0/jgrapht-core-1.4.0.jar:/home/runner/.m2/repository/org/jheaps/jheaps/0.11/jheaps-0.11.jar:/home/runner/.m2/repository/org/jgrapht/jgrapht-ext/1.4.0/jgrapht-ext-1.4.0.jar:/home/runner/.m2/repository/org/apache/ranger/ranger-intg/2.6.0/ranger-intg-2.6.0.jar:/home/runner/.m2/repository/org/apache/ranger/ranger-plugins-common/2.6.0/ranger-plugins-common-2.6.0.jar:/home/runner/.m2/repository/com/fasterxml/jackson/jaxrs/jackson-jaxrs-base/2.16.2/jackson-jaxrs-base-2.16.2.jar:/home/runner/.m2/repository/com/fasterxml/jackson/jaxrs/jackson-jaxrs-json-provider/2.16.2/jackson-jaxrs-json-provider-2.16.2.jar:/home/runner/.m2/repository/com/kstruct/gethostname4j/1.0.0/gethostname4j-1.0.0.jar:/home/runner/.m2/repository/commons-lang/commons-lang/2.6/commons-lang-2.6.jar:/home/runner/.m2/repository/net/java/dev/jna/jna/5.2.0/jna-5.2.0.jar:/home/runner/.m2/repository/net/java/dev/jna/jna-platform/5.2.0/jna-platform-5.2.0.jar:/home/runner/.m2/repository/org/apache/ranger/ranger-plugin-classloader/2.6.0/ranger-plugin-classloader-2.6.0.jar:/home/runner/.m2/repository/org/apache/ranger/ranger-plugins-audit/2.6.0/ranger-plugins-audit-2.6.0.jar:/home/runner/.m2/repository/com/amazonaws/aws-java-sdk-logs/1.12.765/aws-java-sdk-logs-1.12.765.jar:/home/runner/.m2/repository/com/carrotsearch/hppc/0.8.0/hppc-0.8.0.jar:/home/runner/.m2/repository/io/airlift/aircompressor/0.27/aircompressor-0.27.jar:/home/runner/.m2/repository/org/apache/httpcomponents/httpasyncclient/4.1.4/httpasyncclient-4.1.4.jar:/home/runner/.m2/repository/org/apache/httpcomponents/httpcore-nio/4.4.16/httpcore-nio-4.4.16.jar:/home/runner/.m2/repository/org/apache/httpcomponents/httpmime/4.5.13/httpmime-4.5.13.jar:/home/runner/.m2/repository/org/apache/orc/orc-core/1.5.8/orc-core-1.5.8.jar:/home/runner/.m2/repository/org/apache/orc/orc-shims/1.5.8/orc-shims-1.5.8.jar:/home/runner/.m2/repository/org/eclipse/jetty/jetty-client/9.4.57.v20241219/jetty-client-9.4.57.v20241219.jar:/home/runner/.m2/repository/org/apache/ranger/ranger-plugins-cred/2.6.0/ranger-plugins-cred-2.6.0.jar:/home/runner/.m2/repository/org/aspectj/aspectjrt/1.9.7/aspectjrt-1.9.7.jar:/home/runner/.m2/repository/org/aspectj/aspectjweaver/1.9.7/aspectjweaver-1.9.7.jar:/home/runner/.m2/repository/org/eclipse/jetty/jetty-util/9.4.57.v20241219/jetty-util-9.4.57.v20241219.jar:/home/runner/.m2/repository/org/reflections/reflections/0.10.2/reflections-0.10.2.jar:/home/runner/.m2/repository/org/rocksdb/rocksdbjni/7.7.3/rocksdbjni-7.7.3.jar:/home/runner/work/ozone/ozone/hadoop-ozone/recon/target/ozone-recon-2.1.0-SNAPSHOT.jar:/home/runner/.m2/repository/aopalliance/aopalliance/1.0/aopalliance-1.0.jar:/home/runner/.m2/repository/com/google/inject/guice/6.0.0/guice-6.0.0.jar:/home/runner/.m2/repository/jakarta/inject/jakarta.inject-api/2.0.1/jakarta.inject-api-2.0.1.jar:/home/runner/.m2/repository/com/google/inject/extensions/guice-assistedinject/6.0.0/guice-assistedinject-6.0.0.jar:/home/runner/.m2/repository/com/google/inject/extensions/guice-servlet/6.0.0/guice-servlet-6.0.0.jar:/home/runner/.m2/repository/com/jolbox/bonecp/0.8.0.RELEASE/bonecp-0.8.0.RELEASE.jar:/home/runner/.m2/repository/jakarta/activation/jakarta.activation-api/1.2.2/jakarta.activation-api-1.2.2.jar:/home/runner/.m2/repository/jakarta/validation/jakarta.validation-api/2.0.2/jakarta.validation-api-2.0.2.jar:/home/runner/.m2/repository/jakarta/ws/rs/jakarta.ws.rs-api/2.1.6/jakarta.ws.rs-api-2.1.6.jar:/home/runner/.m2/repository/javax/inject/javax.inject/1/javax.inject-1.jar:/home/runner/.m2/repository/org/apache/derby/derby/10.14.2.0/derby-10.14.2.0.jar:/home/runner/work/ozone/ozone/hadoop-ozone/recon-codegen/target/ozone-reconcodegen-2.1.0-SNAPSHOT.jar:/home/runner/.m2/repository/org/eclipse/jetty/jetty-servlet/9.4.57.v20241219/jetty-servlet-9.4.57.v20241219.jar:/home/runner/.m2/repository/org/eclipse/jetty/jetty-security/9.4.57.v20241219/jetty-security-9.4.57.v20241219.jar:/home/runner/.m2/repository/org/glassfish/hk2/guice-bridge/2.6.1/guice-bridge-2.6.1.jar:/home/runner/.m2/repository/org/glassfish/hk2/hk2-api/2.6.1/hk2-api-2.6.1.jar:/home/runner/.m2/repository/org/glassfish/hk2/hk2-utils/2.6.1/hk2-utils-2.6.1.jar:/home/runner/.m2/repository/org/glassfish/hk2/external/aopalliance-repackaged/2.6.1/aopalliance-repackaged-2.6.1.jar:/home/runner/.m2/repository/org/glassfish/hk2/external/jakarta.inject/2.6.1/jakarta.inject-2.6.1.jar:/home/runner/.m2/repository/org/glassfish/jersey/containers/jersey-container-servlet/2.46/jersey-container-servlet-2.46.jar:/home/runner/.m2/repository/org/glassfish/jersey/containers/jersey-container-servlet-core/2.46/jersey-container-servlet-core-2.46.jar:/home/runner/.m2/repository/org/glassfish/jersey/core/jersey-common/2.46/jersey-common-2.46.jar:/home/runner/.m2/repository/org/glassfish/hk2/osgi-resource-locator/1.0.3/osgi-resource-locator-1.0.3.jar:/home/runner/.m2/repository/org/glassfish/jersey/core/jersey-server/2.46/jersey-server-2.46.jar:/home/runner/.m2/repository/org/glassfish/jersey/core/jersey-client/2.46/jersey-client-2.46.jar:/home/runner/.m2/repository/org/glassfish/jersey/inject/jersey-hk2/2.46/jersey-hk2-2.46.jar:/home/runner/.m2/repository/org/glassfish/hk2/hk2-locator/2.6.1/hk2-locator-2.6.1.jar:/home/runner/.m2/repository/org/glassfish/jersey/media/jersey-media-jaxb/2.46/jersey-media-jaxb-2.46.jar:/home/runner/.m2/repository/org/glassfish/jersey/media/jersey-media-json-jackson/2.46/jersey-media-json-jackson-2.46.jar:/home/runner/.m2/repository/org/glassfish/jersey/ext/jersey-entity-filtering/2.46/jersey-entity-filtering-2.46.jar:/home/runner/.m2/repository/com/fasterxml/jackson/module/jackson-module-jaxb-annotations/2.16.2/jackson-module-jaxb-annotations-2.16.2.jar:/home/runner/.m2/repository/org/javassist/javassist/3.30.2-GA/javassist-3.30.2-GA.jar:/home/runner/.m2/repository/org/jooq/jooq/3.11.10/jooq-3.11.10.jar:/home/runner/.m2/repository/org/jooq/jooq-codegen/3.11.10/jooq-codegen-3.11.10.jar:/home/runner/.m2/repository/org/jooq/jooq-meta/3.11.10/jooq-meta-3.11.10.jar:/home/runner/.m2/repository/org/springframework/spring-core/5.3.39/spring-core-5.3.39.jar:/home/runner/.m2/repository/org/springframework/spring-jdbc/5.3.39/spring-jdbc-5.3.39.jar:/home/runner/.m2/repository/org/springframework/spring-beans/5.3.39/spring-beans-5.3.39.jar:/home/runner/.m2/repository/org/springframework/spring-tx/5.3.39/spring-tx-5.3.39.jar:/home/runner/work/ozone/ozone/hadoop-ozone/s3gateway/target/ozone-s3gateway-2.1.0-SNAPSHOT.jar:/home/runner/work/ozone/ozone/hadoop-ozone/tools/target/ozone-tools-2.1.0-SNAPSHOT.jar:/home/runner/.m2/repository/com/amazonaws/aws-java-sdk-core/1.12.661/aws-java-sdk-core-1.12.661.jar:/home/runner/.m2/repository/com/fasterxml/jackson/dataformat/jackson-dataformat-cbor/2.16.2/jackson-dataformat-cbor-2.16.2.jar:/home/runner/.m2/repository/joda-time/joda-time/2.12.7/joda-time-2.12.7.jar:/home/runner/.m2/repository/com/amazonaws/aws-java-sdk-s3/1.12.661/aws-java-sdk-s3-1.12.661.jar:/home/runner/.m2/repository/com/amazonaws/aws-java-sdk-kms/1.12.661/aws-java-sdk-kms-1.12.661.jar:/home/runner/.m2/repository/com/amazonaws/jmespath-java/1.12.661/jmespath-java-1.12.661.jar:/home/runner/.m2/repository/org/apache/ratis/ratis-shell/3.1.2/ratis-shell-3.1.2.jar:/home/runner/.m2/repository/org/glassfish/jaxb/jaxb-runtime/2.3.9/jaxb-runtime-2.3.9.jar:/home/runner/.m2/repository/org/glassfish/jaxb/txw2/2.3.9/txw2-2.3.9.jar:/home/runner/.m2/repository/com/sun/istack/istack-commons-runtime/3.0.12/istack-commons-runtime-3.0.12.jar:/home/runner/.m2/repository/com/sun/activation/jakarta.activation/1.2.2/jakarta.activation-1.2.2.jar:/home/runner/.m2/repository/org/apache/ratis/ratis-server/3.1.2/ratis-server-3.1.2.jar:/home/runner/.m2/repository/org/apache/ratis/ratis-metrics-api/3.1.2/ratis-metrics-api-3.1.2.jar:/home/runner/.m2/repository/org/hamcrest/hamcrest/2.2/hamcrest-2.2.jar:/home/runner/.m2/repository/org/slf4j/jul-to-slf4j/2.0.17/jul-to-slf4j-2.0.17.jar:/home/runner/.m2/repository/org/apache/commons/commons-lang3/3.17.0/commons-lang3-3.17.0.jar:/home/runner/.m2/repository/org/apache/hadoop/hadoop-common/3.4.1/hadoop-common-3.4.1-tests.jar:/home/runner/.m2/repository/org/apache/hadoop/thirdparty/hadoop-shaded-protobuf_3_25/1.4.0/hadoop-shaded-protobuf_3_25-1.4.0.jar:/home/runner/.m2/repository/org/apache/hadoop/hadoop-annotations/3.4.1/hadoop-annotations-3.4.1.jar:/home/runner/.m2/repository/org/apache/hadoop/thirdparty/hadoop-shaded-guava/1.3.0/hadoop-shaded-guava-1.3.0.jar:/home/runner/.m2/repository/org/apache/commons/commons-math3/3.6.1/commons-math3-3.6.1.jar:/home/runner/.m2/repository/commons-net/commons-net/3.11.1/commons-net-3.11.1.jar:/home/runner/.m2/repository/org/eclipse/jetty/jetty-server/9.4.57.v20241219/jetty-server-9.4.57.v20241219.jar:/home/runner/.m2/repository/javax/servlet/jsp/jsp-api/2.1/jsp-api-2.1.jar:/home/runner/.m2/repository/com/sun/jersey/jersey-core/1.19.4/jersey-core-1.19.4.jar:/home/runner/.m2/repository/javax/ws/rs/jsr311-api/1.1.1/jsr311-api-1.1.1.jar:/home/runner/.m2/repository/com/sun/jersey/jersey-servlet/1.19.4/jersey-servlet-1.19.4.jar:/home/runner/.m2/repository/com/github/pjfanning/jersey-json/1.22.0/jersey-json-1.22.0.jar:/home/runner/.m2/repository/com/sun/xml/bind/jaxb-impl/2.2.3-1/jaxb-impl-2.2.3-1.jar:/home/runner/.m2/repository/org/codehaus/jettison/jettison/1.5.4/jettison-1.5.4.jar:/home/runner/.m2/repository/com/sun/jersey/jersey-server/1.19.4/jersey-server-1.19.4.jar:/home/runner/.m2/repository/commons-beanutils/commons-beanutils/1.9.4/commons-beanutils-1.9.4.jar:/home/runner/.m2/repository/org/apache/commons/commons-configuration2/2.11.0/commons-configuration2-2.11.0.jar:/home/runner/.m2/repository/org/apache/avro/avro/1.9.2/avro-1.9.2.jar:/home/runner/.m2/repository/com/google/re2j/re2j/1.7/re2j-1.7.jar:/home/runner/.m2/repository/com/google/code/gson/gson/2.10.1/gson-2.10.1.jar:/home/runner/.m2/repository/org/apache/hadoop/hadoop-auth/3.4.1/hadoop-auth-3.4.1.jar:/home/runner/.m2/repository/org/apache/curator/curator-framework/4.2.0/curator-framework-4.2.0.jar:/home/runner/.m2/repository/com/jcraft/jsch/0.1.55/jsch-0.1.55.jar:/home/runner/.m2/repository/org/apache/curator/curator-client/4.2.0/curator-client-4.2.0.jar:/home/runner/.m2/repository/org/apache/curator/curator-recipes/5.2.0/curator-recipes-5.2.0.jar:/home/runner/.m2/repository/com/google/code/findbugs/jsr305/3.0.2/jsr305-3.0.2.jar:/home/runner/.m2/repository/org/apache/zookeeper/zookeeper/3.8.4/zookeeper-3.8.4.jar:/home/runner/.m2/repository/org/apache/zookeeper/zookeeper-jute/3.8.4/zookeeper-jute-3.8.4.jar:/home/runner/.m2/repository/org/apache/yetus/audience-annotations/0.12.0/audience-annotations-0.12.0.jar:/home/runner/.m2/repository/io/netty/netty-transport-native-epoll/4.1.109.Final/netty-transport-native-epoll-4.1.109.Final.jar:/home/runner/.m2/repository/org/apache/kerby/kerb-core/1.0.1/kerb-core-1.0.1.jar:/home/runner/.m2/repository/org/apache/kerby/kerby-pkix/1.0.1/kerby-pkix-1.0.1.jar:/home/runner/.m2/repository/org/apache/kerby/kerby-asn1/1.0.1/kerby-asn1-1.0.1.jar:/home/runner/.m2/repository/org/codehaus/woodstox/stax2-api/4.2.1/stax2-api-4.2.1.jar:/home/runner/.m2/repository/com/fasterxml/woodstox/woodstox-core/5.4.0/woodstox-core-5.4.0.jar:/home/runner/.m2/repository/dnsjava/dnsjava/3.6.1/dnsjava-3.6.1.jar:/home/runner/.m2/repository/org/xerial/snappy/snappy-java/1.1.10.7/snappy-java-1.1.10.7.jar:/home/runner/.m2/repository/org/apache/hadoop/hadoop-distcp/3.4.1/hadoop-distcp-3.4.1.jar:/home/runner/.m2/repository/org/apache/hadoop/hadoop-distcp/3.4.1/hadoop-distcp-3.4.1-tests.jar:/home/runner/.m2/repository/org/apache/hadoop/hadoop-hdfs/3.4.1/hadoop-hdfs-3.4.1-tests.jar:/home/runner/.m2/repository/org/eclipse/jetty/jetty-util-ajax/9.4.57.v20241219/jetty-util-ajax-9.4.57.v20241219.jar:/home/runner/.m2/repository/commons-daemon/commons-daemon/1.4.0/commons-daemon-1.4.0.jar:/home/runner/.m2/repository/io/netty/netty-all/4.1.109.Final/netty-all-4.1.109.Final.jar:/home/runner/.m2/repository/io/netty/netty-codec-dns/4.1.109.Final/netty-codec-dns-4.1.109.Final.jar:/home/runner/.m2/repository/io/netty/netty-codec-haproxy/4.1.109.Final/netty-codec-haproxy-4.1.109.Final.jar:/home/runner/.m2/repository/io/netty/netty-codec-memcache/4.1.109.Final/netty-codec-memcache-4.1.109.Final.jar:/home/runner/.m2/repository/io/netty/netty-codec-mqtt/4.1.109.Final/netty-codec-mqtt-4.1.109.Final.jar:/home/runner/.m2/repository/io/netty/netty-codec-redis/4.1.109.Final/netty-codec-redis-4.1.109.Final.jar:/home/runner/.m2/repository/io/netty/netty-codec-smtp/4.1.109.Final/netty-codec-smtp-4.1.109.Final.jar:/home/runner/.m2/repository/io/netty/netty-codec-stomp/4.1.109.Final/netty-codec-stomp-4.1.109.Final.jar:/home/runner/.m2/repository/io/netty/netty-codec-xml/4.1.109.Final/netty-codec-xml-4.1.109.Final.jar:/home/runner/.m2/repository/io/netty/netty-handler-ssl-ocsp/4.1.109.Final/netty-handler-ssl-ocsp-4.1.109.Final.jar:/home/runner/.m2/repository/io/netty/netty-resolver-dns/4.1.109.Final/netty-resolver-dns-4.1.109.Final.jar:/home/runner/.m2/repository/io/netty/netty-transport-rxtx/4.1.109.Final/netty-transport-rxtx-4.1.109.Final.jar:/home/runner/.m2/repository/io/netty/netty-transport-sctp/4.1.109.Final/netty-transport-sctp-4.1.109.Final.jar:/home/runner/.m2/repository/io/netty/netty-transport-udt/4.1.109.Final/netty-transport-udt-4.1.109.Final.jar:/home/runner/.m2/repository/io/netty/netty-transport-classes-kqueue/4.1.109.Final/netty-transport-classes-kqueue-4.1.109.Final.jar:/home/runner/.m2/repository/io/netty/netty-resolver-dns-classes-macos/4.1.109.Final/netty-resolver-dns-classes-macos-4.1.109.Final.jar:/home/runner/.m2/repository/io/netty/netty-transport-native-epoll/4.1.109.Final/netty-transport-native-epoll-4.1.109.Final-linux-aarch_64.jar:/home/runner/.m2/repository/io/netty/netty-transport-native-epoll/4.1.109.Final/netty-transport-native-epoll-4.1.109.Final-linux-riscv64.jar:/home/runner/.m2/repository/io/netty/netty-transport-native-kqueue/4.1.109.Final/netty-transport-native-kqueue-4.1.109.Final-osx-x86_64.jar:/home/runner/.m2/repository/io/netty/netty-transport-native-kqueue/4.1.109.Final/netty-transport-native-kqueue-4.1.109.Final-osx-aarch_64.jar:/home/runner/.m2/repository/io/netty/netty-resolver-dns-native-macos/4.1.109.Final/netty-resolver-dns-native-macos-4.1.109.Final-osx-x86_64.jar:/home/runner/.m2/repository/io/netty/netty-resolver-dns-native-macos/4.1.109.Final/netty-resolver-dns-native-macos-4.1.109.Final-osx-aarch_64.jar:/home/runner/.m2/repository/org/fusesource/leveldbjni/leveldbjni-all/1.8/leveldbjni-all-1.8.jar:/home/runner/.m2/repository/org/apache/hadoop/hadoop-kms/3.4.1/hadoop-kms-3.4.1.jar:/home/runner/.m2/repository/org/apache/hadoop/hadoop-common/3.4.1/hadoop-common-3.4.1.jar:/home/runner/.m2/repository/org/apache/hadoop/hadoop-kms/3.4.1/hadoop-kms-3.4.1-tests.jar:/home/runner/.m2/repository/org/apache/hadoop/hadoop-mapreduce-client-core/3.4.1/hadoop-mapreduce-client-core-3.4.1.jar:/home/runner/.m2/repository/org/apache/hadoop/hadoop-yarn-client/3.4.1/hadoop-yarn-client-3.4.1.jar:/home/runner/.m2/repository/org/eclipse/jetty/websocket/websocket-client/9.4.53.v20231009/websocket-client-9.4.53.v20231009.jar:/home/runner/.m2/repository/org/eclipse/jetty/websocket/websocket-common/9.4.53.v20231009/websocket-common-9.4.53.v20231009.jar:/home/runner/.m2/repository/org/eclipse/jetty/websocket/websocket-api/9.4.53.v20231009/websocket-api-9.4.53.v20231009.jar:/home/runner/.m2/repository/org/apache/hadoop/hadoop-yarn-api/3.4.1/hadoop-yarn-api-3.4.1.jar:/home/runner/.m2/repository/org/apache/hadoop/hadoop-yarn-common/3.4.1/hadoop-yarn-common-3.4.1.jar:/home/runner/.m2/repository/javax/xml/bind/jaxb-api/2.2.11/jaxb-api-2.2.11.jar:/home/runner/.m2/repository/com/sun/jersey/contribs/jersey-guice/1.19.4/jersey-guice-1.19.4.jar:/home/runner/.m2/repository/org/apache/hadoop/hadoop-hdfs-client/3.4.1/hadoop-hdfs-client-3.4.1.jar:/home/runner/.m2/repository/org/apache/hadoop/hadoop-mapreduce-client-jobclient/3.4.1/hadoop-mapreduce-client-jobclient-3.4.1.jar:/home/runner/.m2/repository/org/apache/hadoop/hadoop-mapreduce-client-common/3.4.1/hadoop-mapreduce-client-common-3.4.1.jar:/home/runner/.m2/repository/org/apache/hadoop/hadoop-minikdc/3.4.1/hadoop-minikdc-3.4.1.jar:/home/runner/.m2/repository/org/apache/kerby/kerb-simplekdc/2.0.3/kerb-simplekdc-2.0.3.jar:/home/runner/.m2/repository/org/apache/kerby/kerb-client/2.0.3/kerb-client-2.0.3.jar:/home/runner/.m2/repository/org/apache/kerby/kerb-common/2.0.3/kerb-common-2.0.3.jar:/home/runner/.m2/repository/org/apache/kerby/token-provider/2.0.3/token-provider-2.0.3.jar:/home/runner/.m2/repository/org/apache/kerby/kerb-admin/2.0.3/kerb-admin-2.0.3.jar:/home/runner/.m2/repository/org/apache/kerby/kerb-server/2.0.3/kerb-server-2.0.3.jar:/home/runner/.m2/repository/org/apache/kerby/kerb-identity/2.0.3/kerb-identity-2.0.3.jar:/home/runner/.m2/repository/org/apache/kerby/kerby-xdr/2.0.3/kerby-xdr-2.0.3.jar:/home/runner/.m2/repository/junit/junit/4.13.2/junit-4.13.2.jar:/home/runner/.m2/repository/org/hamcrest/hamcrest-core/1.3/hamcrest-core-1.3.jar:/home/runner/work/ozone/ozone/hadoop-hdds/common/target/hdds-common-2.1.0-SNAPSHOT-tests.jar:/home/runner/.m2/repository/commons-validator/commons-validator/1.6/commons-validator-1.6.jar:/home/runner/.m2/repository/commons-digester/commons-digester/1.8.1/commons-digester-1.8.1.jar:/home/runner/.m2/repository/io/jaegertracing/jaeger-client/1.8.1/jaeger-client-1.8.1.jar:/home/runner/.m2/repository/io/jaegertracing/jaeger-thrift/1.8.1/jaeger-thrift-1.8.1.jar:/home/runner/.m2/repository/org/apache/thrift/libthrift/0.15.0/libthrift-0.15.0.jar:/home/runner/.m2/repository/com/squareup/okhttp3/okhttp/4.12.0/okhttp-4.12.0.jar:/home/runner/.m2/repository/com/squareup/okio/okio/3.6.0/okio-3.6.0.jar:/home/runner/.m2/repository/com/squareup/okio/okio-jvm/3.6.0/okio-jvm-3.6.0.jar:/home/runner/.m2/repository/org/jetbrains/kotlin/kotlin-stdlib-common/1.9.25/kotlin-stdlib-common-1.9.25.jar:/home/runner/.m2/repository/org/jetbrains/kotlin/kotlin-stdlib-jdk8/1.9.25/kotlin-stdlib-jdk8-1.9.25.jar:/home/runner/.m2/repository/org/jetbrains/kotlin/kotlin-stdlib-jdk7/1.9.25/kotlin-stdlib-jdk7-1.9.25.jar:/home/runner/.m2/repository/io/jaegertracing/jaeger-tracerresolver/1.8.1/jaeger-tracerresolver-1.8.1.jar:/home/runner/.m2/repository/io/opentracing/contrib/opentracing-tracerresolver/0.1.8/opentracing-tracerresolver-0.1.8.jar:/home/runner/.m2/repository/io/jaegertracing/jaeger-core/1.8.1/jaeger-core-1.8.1.jar:/home/runner/.m2/repository/javax/annotation/javax.annotation-api/1.3.2/javax.annotation-api-1.3.2.jar:/home/runner/work/ozone/ozone/hadoop-hdds/annotations/target/hdds-annotation-processing-2.1.0-SNAPSHOT.jar:/home/runner/.m2/repository/org/apache/ratis/ratis-metrics-dropwizard3/3.1.2/ratis-metrics-dropwizard3-3.1.2.jar:/home/runner/.m2/repository/org/bouncycastle/bcutil-jdk18on/1.80/bcutil-jdk18on-1.80.jar:/home/runner/.m2/repository/org/jetbrains/kotlin/kotlin-stdlib/1.9.25/kotlin-stdlib-1.9.25.jar:/home/runner/.m2/repository/org/jetbrains/annotations/13.0/annotations-13.0.jar:/home/runner/.m2/repository/org/slf4j/jcl-over-slf4j/2.0.17/jcl-over-slf4j-2.0.17.jar:/home/runner/.m2/repository/org/yaml/snakeyaml/2.0/snakeyaml-2.0.jar:/home/runner/work/ozone/ozone/hadoop-hdds/container-service/target/hdds-container-service-2.1.0-SNAPSHOT-tests.jar:/home/runner/.m2/repository/com/github/luben/zstd-jni/1.5.7-2/zstd-jni-1.5.7-2.jar:/home/runner/.m2/repository/io/netty/netty-buffer/4.1.109.Final/netty-buffer-4.1.109.Final.jar:/home/runner/.m2/repository/io/netty/netty-codec/4.1.109.Final/netty-codec-4.1.109.Final.jar:/home/runner/work/ozone/ozone/hadoop-hdds/framework/target/hdds-server-framework-2.1.0-SNAPSHOT-tests.jar:/home/runner/.m2/repository/com/github/jnr/jnr-constants/0.10.4/jnr-constants-0.10.4.jar:/home/runner/.m2/repository/com/github/jnr/jnr-posix/3.1.20/jnr-posix-3.1.20.jar:/home/runner/.m2/repository/com/github/jnr/jnr-ffi/2.2.17/jnr-ffi-2.2.17.jar:/home/runner/.m2/repository/com/github/jnr/jffi/1.3.13/jffi-1.3.13.jar:/home/runner/.m2/repository/com/github/jnr/jffi/1.3.13/jffi-1.3.13-native.jar:/home/runner/.m2/repository/org/ow2/asm/asm/9.7.1/asm-9.7.1.jar:/home/runner/.m2/repository/org/ow2/asm/asm-commons/9.7.1/asm-commons-9.7.1.jar:/home/runner/.m2/repository/org/ow2/asm/asm-analysis/9.7.1/asm-analysis-9.7.1.jar:/home/runner/.m2/repository/org/ow2/asm/asm-tree/9.7.1/asm-tree-9.7.1.jar:/home/runner/.m2/repository/org/ow2/asm/asm-util/9.7.1/asm-util-9.7.1.jar:/home/runner/.m2/repository/com/github/jnr/jnr-a64asm/1.0.0/jnr-a64asm-1.0.0.jar:/home/runner/.m2/repository/com/github/jnr/jnr-x86asm/1.0.2/jnr-x86asm-1.0.2.jar:/home/runner/.m2/repository/commons-fileupload/commons-fileupload/1.5/commons-fileupload-1.5.jar:/home/runner/.m2/repository/io/prometheus/simpleclient/0.16.0/simpleclient-0.16.0.jar:/home/runner/.m2/repository/io/prometheus/simpleclient_common/0.16.0/simpleclient_common-0.16.0.jar:/home/runner/.m2/repository/io/prometheus/simpleclient_dropwizard/0.16.0/simpleclient_dropwizard-0.16.0.jar:/home/runner/.m2/repository/org/apache/logging/log4j/log4j-core/2.24.2/log4j-core-2.24.2.jar:/home/runner/.m2/repository/org/eclipse/jetty/jetty-http/9.4.57.v20241219/jetty-http-9.4.57.v20241219.jar:/home/runner/.m2/repository/com/lmax/disruptor/3.4.4/disruptor-3.4.4.jar:/home/runner/work/ozone/ozone/hadoop-hdds/server-scm/target/hdds-server-scm-2.1.0-SNAPSHOT-tests.jar:/home/runner/work/ozone/ozone/hadoop-hdds/test-utils/target/hdds-test-utils-2.1.0-SNAPSHOT-tests.jar:/home/runner/work/ozone/ozone/hadoop-ozone/ozone-manager/target/ozone-manager-2.1.0-SNAPSHOT-tests.jar:/home/runner/work/ozone/ozone/hadoop-ozone/mini-cluster/target/ozone-mini-cluster-2.1.0-SNAPSHOT.jar:/home/runner/.m2/repository/org/assertj/assertj-core/3.27.3/assertj-core-3.27.3.jar:/home/runner/.m2/repository/net/bytebuddy/byte-buddy/1.15.11/byte-buddy-1.15.11.jar:/home/runner/.m2/repository/org/junit/jupiter/junit-jupiter-api/5.12.2/junit-jupiter-api-5.12.2.jar:/home/runner/.m2/repository/org/opentest4j/opentest4j/1.3.0/opentest4j-1.3.0.jar:/home/runner/.m2/repository/org/junit/platform/junit-platform-commons/1.12.2/junit-platform-commons-1.12.2.jar:/home/runner/.m2/repository/org/apiguardian/apiguardian-api/1.1.2/apiguardian-api-1.1.2.jar:/home/runner/.m2/repository/org/junit/jupiter/junit-jupiter-params/5.12.2/junit-jupiter-params-5.12.2.jar:/home/runner/.m2/repository/org/mockito/mockito-core/4.11.0/mockito-core-4.11.0.jar:/home/runner/.m2/repository/net/bytebuddy/byte-buddy-agent/1.12.19/byte-buddy-agent-1.12.19.jar:/home/runner/.m2/repository/org/objenesis/objenesis/3.3/objenesis-3.3.jar:/home/runner/.m2/repository/org/mockito/mockito-inline/4.11.0/mockito-inline-4.11.0.jar:/home/runner/.m2/repository/org/mockito/mockito-junit-jupiter/4.11.0/mockito-junit-jupiter-4.11.0.jar:/home/runner/work/ozone/ozone/hadoop-ozone/integration-test/target/gradle-enterprise/test-listeners.jar:"/>
    <property name="java.vm.vendor" value="Eclipse Adoptium"/>
    <property name="sun.arch.data.model" value="64"/>
    <property name="test.build.dir" value="/home/runner/work/ozone/ozone/hadoop-ozone/integration-test/target/test-dir"/>
    <property name="test.cache.data" value=""/>
    <property name="java.vendor.url" value="https://adoptium.net/"/>
    <property name="user.timezone" value="Etc/UTC"/>
    <property name="maven-surefire-plugin.argLineAccessArgs" value=" --add-opens java.management/com.sun.jmx.mbeanserver=ALL-UNNAMED --add-exports java.management/com.sun.jmx.mbeanserver=ALL-UNNAMED --add-opens java.base/java.nio=ALL-UNNAMED --add-opens java.base/java.lang=ALL-UNNAMED --add-opens java.base/java.lang.reflect=ALL-UNNAMED"/>
    <property name="os.name" value="Linux"/>
    <property name="java.vm.specification.version" value="21"/>
    <property name="test.build.data" value="/home/runner/work/ozone/ozone/hadoop-ozone/integration-test/target/test-dir"/>
    <property name="sun.java.launcher" value="SUN_STANDARD"/>
    <property name="sun.boot.library.path" value="/usr/lib/jvm/temurin-21-jdk-amd64/lib"/>
    <property name="sun.java.command" value="/home/runner/work/ozone/ozone/hadoop-ozone/integration-test/target/surefire/surefirebooter-20250423141539290_1660.jar /home/runner/work/ozone/ozone/hadoop-ozone/integration-test/target/surefire 2025-04-23T13-53-33_198-jvmRun1 surefire-20250423141539290_1658tmp surefire_204-20250423141539290_1659tmp"/>
    <property name="jdk.debug" value="release"/>
    <property name="native.lib.tmp.dir" value="/tmp"/>
    <property name="surefire.test.class.path" value="/home/runner/work/ozone/ozone/hadoop-ozone/integration-test/target/test-classes:/home/runner/work/ozone/ozone/hadoop-ozone/integration-test/target/classes:/home/runner/work/ozone/ozone/hadoop-hdds/server-scm/target/hdds-server-scm-2.1.0-SNAPSHOT.jar:/home/runner/.m2/repository/com/fasterxml/jackson/core/jackson-annotations/2.16.2/jackson-annotations-2.16.2.jar:/home/runner/.m2/repository/com/fasterxml/jackson/core/jackson-core/2.16.2/jackson-core-2.16.2.jar:/home/runner/.m2/repository/com/fasterxml/jackson/core/jackson-databind/2.16.2/jackson-databind-2.16.2.jar:/home/runner/.m2/repository/com/google/guava/guava/32.1.3-jre/guava-32.1.3-jre.jar:/home/runner/.m2/repository/com/google/guava/failureaccess/1.0.1/failureaccess-1.0.1.jar:/home/runner/.m2/repository/com/google/guava/listenablefuture/9999.0-empty-to-avoid-conflict-with-guava/listenablefuture-9999.0-empty-to-avoid-conflict-with-guava.jar:/home/runner/.m2/repository/org/checkerframework/checker-qual/3.37.0/checker-qual-3.37.0.jar:/home/runner/.m2/repository/com/google/errorprone/error_prone_annotations/2.29.2/error_prone_annotations-2.29.2.jar:/home/runner/.m2/repository/com/google/j2objc/j2objc-annotations/2.8/j2objc-annotations-2.8.jar:/home/runner/.m2/repository/com/google/protobuf/protobuf-java/2.5.0/protobuf-java-2.5.0.jar:/home/runner/.m2/repository/commons-collections/commons-collections/3.2.2/commons-collections-3.2.2.jar:/home/runner/.m2/repository/commons-io/commons-io/2.18.0/commons-io-2.18.0.jar:/home/runner/.m2/repository/info/picocli/picocli/4.7.7/picocli-4.7.7.jar:/home/runner/.m2/repository/io/dropwizard/metrics/metrics-core/3.2.6/metrics-core-3.2.6.jar:/home/runner/.m2/repository/jakarta/annotation/jakarta.annotation-api/2.1.1/jakarta.annotation-api-2.1.1.jar:/home/runner/.m2/repository/javax/servlet/javax.servlet-api/3.1.0/javax.servlet-api-3.1.0.jar:/home/runner/.m2/repository/org/apache/commons/commons-compress/1.27.1/commons-compress-1.27.1.jar:/home/runner/.m2/repository/org/apache/commons/commons-text/1.12.0/commons-text-1.12.0.jar:/home/runner/work/ozone/ozone/hadoop-hdds/client/target/hdds-client-2.1.0-SNAPSHOT.jar:/home/runner/work/ozone/ozone/hadoop-hdds/common/target/hdds-common-2.1.0-SNAPSHOT.jar:/home/runner/work/ozone/ozone/hadoop-hdds/config/target/hdds-config-2.1.0-SNAPSHOT.jar:/home/runner/work/ozone/ozone/hadoop-hdds/container-service/target/hdds-container-service-2.1.0-SNAPSHOT.jar:/home/runner/work/ozone/ozone/hadoop-hdds/hadoop-dependency-client/target/hdds-hadoop-dependency-client-2.1.0-SNAPSHOT.jar:/home/runner/.m2/repository/com/nimbusds/nimbus-jose-jwt/9.40/nimbus-jose-jwt-9.40.jar:/home/runner/work/ozone/ozone/hadoop-hdds/hadoop-dependency-server/target/hdds-hadoop-dependency-server-2.1.0-SNAPSHOT.jar:/home/runner/.m2/repository/org/apache/hadoop/hadoop-hdfs/3.4.1/hadoop-hdfs-3.4.1.jar:/home/runner/.m2/repository/org/apache/kerby/kerb-util/1.0.1/kerb-util-1.0.1.jar:/home/runner/.m2/repository/org/apache/kerby/kerby-config/1.0.1/kerby-config-1.0.1.jar:/home/runner/.m2/repository/org/apache/kerby/kerb-crypto/1.0.1/kerb-crypto-1.0.1.jar:/home/runner/work/ozone/ozone/hadoop-hdds/interface-admin/target/hdds-interface-admin-2.1.0-SNAPSHOT.jar:/home/runner/work/ozone/ozone/hadoop-hdds/interface-client/target/hdds-interface-client-2.1.0-SNAPSHOT.jar:/home/runner/work/ozone/ozone/hadoop-hdds/interface-server/target/hdds-interface-server-2.1.0-SNAPSHOT.jar:/home/runner/work/ozone/ozone/hadoop-hdds/framework/target/hdds-server-framework-2.1.0-SNAPSHOT.jar:/home/runner/.m2/repository/org/apache/ratis/ratis-client/3.1.2/ratis-client-3.1.2.jar:/home/runner/.m2/repository/org/apache/ratis/ratis-common/3.1.2/ratis-common-3.1.2.jar:/home/runner/.m2/repository/org/apache/ratis/ratis-grpc/3.1.2/ratis-grpc-3.1.2.jar:/home/runner/.m2/repository/org/apache/ratis/ratis-netty/3.1.2/ratis-netty-3.1.2.jar:/home/runner/.m2/repository/org/apache/ratis/ratis-proto/3.1.2/ratis-proto-3.1.2.jar:/home/runner/.m2/repository/org/apache/ratis/ratis-server-api/3.1.2/ratis-server-api-3.1.2.jar:/home/runner/.m2/repository/org/apache/ratis/ratis-thirdparty-misc/1.0.6/ratis-thirdparty-misc-1.0.6.jar:/home/runner/.m2/repository/org/bouncycastle/bcpkix-jdk18on/1.80/bcpkix-jdk18on-1.80.jar:/home/runner/.m2/repository/org/bouncycastle/bcprov-jdk18on/1.80/bcprov-jdk18on-1.80.jar:/home/runner/.m2/repository/org/eclipse/jetty/jetty-webapp/9.4.57.v20241219/jetty-webapp-9.4.57.v20241219.jar:/home/runner/.m2/repository/org/eclipse/jetty/jetty-xml/9.4.57.v20241219/jetty-xml-9.4.57.v20241219.jar:/home/runner/.m2/repository/org/slf4j/slf4j-api/2.0.17/slf4j-api-2.0.17.jar:/home/runner/work/ozone/ozone/hadoop-hdds/tools/target/hdds-tools-2.1.0-SNAPSHOT.jar:/home/runner/.m2/repository/ch/qos/reload4j/reload4j/1.2.26/reload4j-1.2.26.jar:/home/runner/.m2/repository/com/fasterxml/jackson/datatype/jackson-datatype-jsr310/2.16.2/jackson-datatype-jsr310-2.16.2.jar:/home/runner/.m2/repository/commons-cli/commons-cli/1.8.0/commons-cli-1.8.0.jar:/home/runner/.m2/repository/org/apache/ratis/ratis-tools/3.1.2/ratis-tools-3.1.2.jar:/home/runner/.m2/repository/org/kohsuke/metainf-services/metainf-services/1.11/metainf-services-1.11.jar:/home/runner/.m2/repository/org/slf4j/slf4j-reload4j/2.0.17/slf4j-reload4j-2.0.17.jar:/home/runner/.m2/repository/org/xerial/sqlite-jdbc/3.49.1.0/sqlite-jdbc-3.49.1.0.jar:/home/runner/work/ozone/ozone/hadoop-ozone/cli-shell/target/ozone-cli-shell-2.1.0-SNAPSHOT.jar:/home/runner/.m2/repository/commons-codec/commons-codec/1.17.1/commons-codec-1.17.1.jar:/home/runner/.m2/repository/info/picocli/picocli-shell-jline3/4.7.7/picocli-shell-jline3-4.7.7.jar:/home/runner/.m2/repository/jakarta/xml/bind/jakarta.xml.bind-api/2.3.3/jakarta.xml.bind-api-2.3.3.jar:/home/runner/.m2/repository/org/apache/httpcomponents/httpclient/4.5.14/httpclient-4.5.14.jar:/home/runner/work/ozone/ozone/hadoop-ozone/ozonefs-common/target/ozone-filesystem-common-2.1.0-SNAPSHOT.jar:/home/runner/work/ozone/ozone/hadoop-ozone/interface-client/target/ozone-interface-client-2.1.0-SNAPSHOT.jar:/home/runner/.m2/repository/org/jline/jline/3.29.0/jline-3.29.0.jar:/home/runner/work/ozone/ozone/hadoop-ozone/client/target/ozone-client-2.1.0-SNAPSHOT.jar:/home/runner/.m2/repository/com/github/stephenc/jcip/jcip-annotations/1.0-1/jcip-annotations-1.0-1.jar:/home/runner/work/ozone/ozone/hadoop-hdds/erasurecode/target/hdds-erasurecode-2.1.0-SNAPSHOT.jar:/home/runner/work/ozone/ozone/hadoop-ozone/common/target/ozone-common-2.1.0-SNAPSHOT.jar:/home/runner/.m2/repository/io/grpc/grpc-api/1.58.0/grpc-api-1.58.0.jar:/home/runner/.m2/repository/io/grpc/grpc-netty/1.58.0/grpc-netty-1.58.0.jar:/home/runner/.m2/repository/io/grpc/grpc-core/1.58.0/grpc-core-1.58.0.jar:/home/runner/.m2/repository/com/google/android/annotations/4.1.1.4/annotations-4.1.1.4.jar:/home/runner/.m2/repository/org/codehaus/mojo/animal-sniffer-annotations/1.23/animal-sniffer-annotations-1.23.jar:/home/runner/.m2/repository/io/grpc/grpc-context/1.58.0/grpc-context-1.58.0.jar:/home/runner/.m2/repository/io/grpc/grpc-util/1.58.0/grpc-util-1.58.0.jar:/home/runner/.m2/repository/io/perfmark/perfmark-api/0.26.0/perfmark-api-0.26.0.jar:/home/runner/.m2/repository/io/grpc/grpc-stub/1.58.0/grpc-stub-1.58.0.jar:/home/runner/.m2/repository/io/netty/netty-codec-http2/4.1.109.Final/netty-codec-http2-4.1.109.Final.jar:/home/runner/.m2/repository/io/netty/netty-codec-http/4.1.109.Final/netty-codec-http-4.1.109.Final.jar:/home/runner/.m2/repository/io/netty/netty-common/4.1.109.Final/netty-common-4.1.109.Final.jar:/home/runner/.m2/repository/io/netty/netty-handler/4.1.109.Final/netty-handler-4.1.109.Final.jar:/home/runner/.m2/repository/io/netty/netty-resolver/4.1.109.Final/netty-resolver-4.1.109.Final.jar:/home/runner/.m2/repository/io/netty/netty-handler-proxy/4.1.109.Final/netty-handler-proxy-4.1.109.Final.jar:/home/runner/.m2/repository/io/netty/netty-codec-socks/4.1.109.Final/netty-codec-socks-4.1.109.Final.jar:/home/runner/.m2/repository/org/apache/httpcomponents/httpcore/4.4.16/httpcore-4.4.16.jar:/home/runner/.m2/repository/io/netty/netty-tcnative-boringssl-static/2.0.65.Final/netty-tcnative-boringssl-static-2.0.65.Final.jar:/home/runner/.m2/repository/io/netty/netty-tcnative-classes/2.0.65.Final/netty-tcnative-classes-2.0.65.Final.jar:/home/runner/.m2/repository/io/netty/netty-tcnative-boringssl-static/2.0.65.Final/netty-tcnative-boringssl-static-2.0.65.Final-linux-x86_64.jar:/home/runner/.m2/repository/io/netty/netty-tcnative-boringssl-static/2.0.65.Final/netty-tcnative-boringssl-static-2.0.65.Final-linux-aarch_64.jar:/home/runner/.m2/repository/io/netty/netty-tcnative-boringssl-static/2.0.65.Final/netty-tcnative-boringssl-static-2.0.65.Final-osx-x86_64.jar:/home/runner/.m2/repository/io/netty/netty-tcnative-boringssl-static/2.0.65.Final/netty-tcnative-boringssl-static-2.0.65.Final-osx-aarch_64.jar:/home/runner/.m2/repository/io/netty/netty-tcnative-boringssl-static/2.0.65.Final/netty-tcnative-boringssl-static-2.0.65.Final-windows-x86_64.jar:/home/runner/work/ozone/ozone/hadoop-ozone/csi/target/ozone-csi-2.1.0-SNAPSHOT.jar:/home/runner/.m2/repository/com/google/protobuf/protobuf-java-util/3.19.6/protobuf-java-util-3.19.6.jar:/home/runner/.m2/repository/io/grpc/grpc-protobuf/1.58.0/grpc-protobuf-1.58.0.jar:/home/runner/.m2/repository/com/google/api/grpc/proto-google-common-protos/2.22.0/proto-google-common-protos-2.22.0.jar:/home/runner/.m2/repository/io/grpc/grpc-protobuf-lite/1.58.0/grpc-protobuf-lite-1.58.0.jar:/home/runner/.m2/repository/io/netty/netty-transport/4.1.109.Final/netty-transport-4.1.109.Final.jar:/home/runner/.m2/repository/io/netty/netty-transport-classes-epoll/4.1.109.Final/netty-transport-classes-epoll-4.1.109.Final.jar:/home/runner/.m2/repository/io/netty/netty-transport-native-epoll/4.1.109.Final/netty-transport-native-epoll-4.1.109.Final-linux-x86_64.jar:/home/runner/.m2/repository/io/netty/netty-transport-native-unix-common/4.1.109.Final/netty-transport-native-unix-common-4.1.109.Final.jar:/home/runner/work/ozone/ozone/hadoop-ozone/ozonefs/target/ozone-filesystem-2.1.0-SNAPSHOT.jar:/home/runner/.m2/repository/io/opentracing/opentracing-api/0.33.0/opentracing-api-0.33.0.jar:/home/runner/.m2/repository/io/opentracing/opentracing-util/0.33.0/opentracing-util-0.33.0.jar:/home/runner/.m2/repository/io/opentracing/opentracing-noop/0.33.0/opentracing-noop-0.33.0.jar:/home/runner/work/ozone/ozone/hadoop-ozone/ozone-manager/target/ozone-manager-2.1.0-SNAPSHOT.jar:/home/runner/.m2/repository/com/sun/jersey/jersey-client/1.19.4/jersey-client-1.19.4.jar:/home/runner/.m2/repository/org/apache/kerby/kerby-util/1.0.1/kerby-util-1.0.1.jar:/home/runner/.m2/repository/org/apache/logging/log4j/log4j-api/2.24.2/log4j-api-2.24.2.jar:/home/runner/work/ozone/ozone/hadoop-hdds/managed-rocksdb/target/hdds-managed-rocksdb-2.1.0-SNAPSHOT.jar:/home/runner/work/ozone/ozone/hadoop-hdds/rocks-native/target/hdds-rocks-native-2.1.0-SNAPSHOT.jar:/home/runner/.m2/repository/org/eclipse/jetty/jetty-io/9.4.57.v20241219/jetty-io-9.4.57.v20241219.jar:/home/runner/work/ozone/ozone/hadoop-ozone/interface-storage/target/ozone-interface-storage-2.1.0-SNAPSHOT.jar:/home/runner/work/ozone/ozone/hadoop-hdds/rocksdb-checkpoint-differ/target/rocksdb-checkpoint-differ-2.1.0-SNAPSHOT.jar:/home/runner/.m2/repository/com/github/vlsi/mxgraph/jgraphx/3.9.12/jgraphx-3.9.12.jar:/home/runner/.m2/repository/org/jgrapht/jgrapht-core/1.4.0/jgrapht-core-1.4.0.jar:/home/runner/.m2/repository/org/jheaps/jheaps/0.11/jheaps-0.11.jar:/home/runner/.m2/repository/org/jgrapht/jgrapht-ext/1.4.0/jgrapht-ext-1.4.0.jar:/home/runner/.m2/repository/org/apache/ranger/ranger-intg/2.6.0/ranger-intg-2.6.0.jar:/home/runner/.m2/repository/org/apache/ranger/ranger-plugins-common/2.6.0/ranger-plugins-common-2.6.0.jar:/home/runner/.m2/repository/com/fasterxml/jackson/jaxrs/jackson-jaxrs-base/2.16.2/jackson-jaxrs-base-2.16.2.jar:/home/runner/.m2/repository/com/fasterxml/jackson/jaxrs/jackson-jaxrs-json-provider/2.16.2/jackson-jaxrs-json-provider-2.16.2.jar:/home/runner/.m2/repository/com/kstruct/gethostname4j/1.0.0/gethostname4j-1.0.0.jar:/home/runner/.m2/repository/commons-lang/commons-lang/2.6/commons-lang-2.6.jar:/home/runner/.m2/repository/net/java/dev/jna/jna/5.2.0/jna-5.2.0.jar:/home/runner/.m2/repository/net/java/dev/jna/jna-platform/5.2.0/jna-platform-5.2.0.jar:/home/runner/.m2/repository/org/apache/ranger/ranger-plugin-classloader/2.6.0/ranger-plugin-classloader-2.6.0.jar:/home/runner/.m2/repository/org/apache/ranger/ranger-plugins-audit/2.6.0/ranger-plugins-audit-2.6.0.jar:/home/runner/.m2/repository/com/amazonaws/aws-java-sdk-logs/1.12.765/aws-java-sdk-logs-1.12.765.jar:/home/runner/.m2/repository/com/carrotsearch/hppc/0.8.0/hppc-0.8.0.jar:/home/runner/.m2/repository/io/airlift/aircompressor/0.27/aircompressor-0.27.jar:/home/runner/.m2/repository/org/apache/httpcomponents/httpasyncclient/4.1.4/httpasyncclient-4.1.4.jar:/home/runner/.m2/repository/org/apache/httpcomponents/httpcore-nio/4.4.16/httpcore-nio-4.4.16.jar:/home/runner/.m2/repository/org/apache/httpcomponents/httpmime/4.5.13/httpmime-4.5.13.jar:/home/runner/.m2/repository/org/apache/orc/orc-core/1.5.8/orc-core-1.5.8.jar:/home/runner/.m2/repository/org/apache/orc/orc-shims/1.5.8/orc-shims-1.5.8.jar:/home/runner/.m2/repository/org/eclipse/jetty/jetty-client/9.4.57.v20241219/jetty-client-9.4.57.v20241219.jar:/home/runner/.m2/repository/org/apache/ranger/ranger-plugins-cred/2.6.0/ranger-plugins-cred-2.6.0.jar:/home/runner/.m2/repository/org/aspectj/aspectjrt/1.9.7/aspectjrt-1.9.7.jar:/home/runner/.m2/repository/org/aspectj/aspectjweaver/1.9.7/aspectjweaver-1.9.7.jar:/home/runner/.m2/repository/org/eclipse/jetty/jetty-util/9.4.57.v20241219/jetty-util-9.4.57.v20241219.jar:/home/runner/.m2/repository/org/reflections/reflections/0.10.2/reflections-0.10.2.jar:/home/runner/.m2/repository/org/rocksdb/rocksdbjni/7.7.3/rocksdbjni-7.7.3.jar:/home/runner/work/ozone/ozone/hadoop-ozone/recon/target/ozone-recon-2.1.0-SNAPSHOT.jar:/home/runner/.m2/repository/aopalliance/aopalliance/1.0/aopalliance-1.0.jar:/home/runner/.m2/repository/com/google/inject/guice/6.0.0/guice-6.0.0.jar:/home/runner/.m2/repository/jakarta/inject/jakarta.inject-api/2.0.1/jakarta.inject-api-2.0.1.jar:/home/runner/.m2/repository/com/google/inject/extensions/guice-assistedinject/6.0.0/guice-assistedinject-6.0.0.jar:/home/runner/.m2/repository/com/google/inject/extensions/guice-servlet/6.0.0/guice-servlet-6.0.0.jar:/home/runner/.m2/repository/com/jolbox/bonecp/0.8.0.RELEASE/bonecp-0.8.0.RELEASE.jar:/home/runner/.m2/repository/jakarta/activation/jakarta.activation-api/1.2.2/jakarta.activation-api-1.2.2.jar:/home/runner/.m2/repository/jakarta/validation/jakarta.validation-api/2.0.2/jakarta.validation-api-2.0.2.jar:/home/runner/.m2/repository/jakarta/ws/rs/jakarta.ws.rs-api/2.1.6/jakarta.ws.rs-api-2.1.6.jar:/home/runner/.m2/repository/javax/inject/javax.inject/1/javax.inject-1.jar:/home/runner/.m2/repository/org/apache/derby/derby/10.14.2.0/derby-10.14.2.0.jar:/home/runner/work/ozone/ozone/hadoop-ozone/recon-codegen/target/ozone-reconcodegen-2.1.0-SNAPSHOT.jar:/home/runner/.m2/repository/org/eclipse/jetty/jetty-servlet/9.4.57.v20241219/jetty-servlet-9.4.57.v20241219.jar:/home/runner/.m2/repository/org/eclipse/jetty/jetty-security/9.4.57.v20241219/jetty-security-9.4.57.v20241219.jar:/home/runner/.m2/repository/org/glassfish/hk2/guice-bridge/2.6.1/guice-bridge-2.6.1.jar:/home/runner/.m2/repository/org/glassfish/hk2/hk2-api/2.6.1/hk2-api-2.6.1.jar:/home/runner/.m2/repository/org/glassfish/hk2/hk2-utils/2.6.1/hk2-utils-2.6.1.jar:/home/runner/.m2/repository/org/glassfish/hk2/external/aopalliance-repackaged/2.6.1/aopalliance-repackaged-2.6.1.jar:/home/runner/.m2/repository/org/glassfish/hk2/external/jakarta.inject/2.6.1/jakarta.inject-2.6.1.jar:/home/runner/.m2/repository/org/glassfish/jersey/containers/jersey-container-servlet/2.46/jersey-container-servlet-2.46.jar:/home/runner/.m2/repository/org/glassfish/jersey/containers/jersey-container-servlet-core/2.46/jersey-container-servlet-core-2.46.jar:/home/runner/.m2/repository/org/glassfish/jersey/core/jersey-common/2.46/jersey-common-2.46.jar:/home/runner/.m2/repository/org/glassfish/hk2/osgi-resource-locator/1.0.3/osgi-resource-locator-1.0.3.jar:/home/runner/.m2/repository/org/glassfish/jersey/core/jersey-server/2.46/jersey-server-2.46.jar:/home/runner/.m2/repository/org/glassfish/jersey/core/jersey-client/2.46/jersey-client-2.46.jar:/home/runner/.m2/repository/org/glassfish/jersey/inject/jersey-hk2/2.46/jersey-hk2-2.46.jar:/home/runner/.m2/repository/org/glassfish/hk2/hk2-locator/2.6.1/hk2-locator-2.6.1.jar:/home/runner/.m2/repository/org/glassfish/jersey/media/jersey-media-jaxb/2.46/jersey-media-jaxb-2.46.jar:/home/runner/.m2/repository/org/glassfish/jersey/media/jersey-media-json-jackson/2.46/jersey-media-json-jackson-2.46.jar:/home/runner/.m2/repository/org/glassfish/jersey/ext/jersey-entity-filtering/2.46/jersey-entity-filtering-2.46.jar:/home/runner/.m2/repository/com/fasterxml/jackson/module/jackson-module-jaxb-annotations/2.16.2/jackson-module-jaxb-annotations-2.16.2.jar:/home/runner/.m2/repository/org/javassist/javassist/3.30.2-GA/javassist-3.30.2-GA.jar:/home/runner/.m2/repository/org/jooq/jooq/3.11.10/jooq-3.11.10.jar:/home/runner/.m2/repository/org/jooq/jooq-codegen/3.11.10/jooq-codegen-3.11.10.jar:/home/runner/.m2/repository/org/jooq/jooq-meta/3.11.10/jooq-meta-3.11.10.jar:/home/runner/.m2/repository/org/springframework/spring-core/5.3.39/spring-core-5.3.39.jar:/home/runner/.m2/repository/org/springframework/spring-jdbc/5.3.39/spring-jdbc-5.3.39.jar:/home/runner/.m2/repository/org/springframework/spring-beans/5.3.39/spring-beans-5.3.39.jar:/home/runner/.m2/repository/org/springframework/spring-tx/5.3.39/spring-tx-5.3.39.jar:/home/runner/work/ozone/ozone/hadoop-ozone/s3gateway/target/ozone-s3gateway-2.1.0-SNAPSHOT.jar:/home/runner/work/ozone/ozone/hadoop-ozone/tools/target/ozone-tools-2.1.0-SNAPSHOT.jar:/home/runner/.m2/repository/com/amazonaws/aws-java-sdk-core/1.12.661/aws-java-sdk-core-1.12.661.jar:/home/runner/.m2/repository/com/fasterxml/jackson/dataformat/jackson-dataformat-cbor/2.16.2/jackson-dataformat-cbor-2.16.2.jar:/home/runner/.m2/repository/joda-time/joda-time/2.12.7/joda-time-2.12.7.jar:/home/runner/.m2/repository/com/amazonaws/aws-java-sdk-s3/1.12.661/aws-java-sdk-s3-1.12.661.jar:/home/runner/.m2/repository/com/amazonaws/aws-java-sdk-kms/1.12.661/aws-java-sdk-kms-1.12.661.jar:/home/runner/.m2/repository/com/amazonaws/jmespath-java/1.12.661/jmespath-java-1.12.661.jar:/home/runner/.m2/repository/org/apache/ratis/ratis-shell/3.1.2/ratis-shell-3.1.2.jar:/home/runner/.m2/repository/org/glassfish/jaxb/jaxb-runtime/2.3.9/jaxb-runtime-2.3.9.jar:/home/runner/.m2/repository/org/glassfish/jaxb/txw2/2.3.9/txw2-2.3.9.jar:/home/runner/.m2/repository/com/sun/istack/istack-commons-runtime/3.0.12/istack-commons-runtime-3.0.12.jar:/home/runner/.m2/repository/com/sun/activation/jakarta.activation/1.2.2/jakarta.activation-1.2.2.jar:/home/runner/.m2/repository/org/apache/ratis/ratis-server/3.1.2/ratis-server-3.1.2.jar:/home/runner/.m2/repository/org/apache/ratis/ratis-metrics-api/3.1.2/ratis-metrics-api-3.1.2.jar:/home/runner/.m2/repository/org/hamcrest/hamcrest/2.2/hamcrest-2.2.jar:/home/runner/.m2/repository/org/slf4j/jul-to-slf4j/2.0.17/jul-to-slf4j-2.0.17.jar:/home/runner/.m2/repository/org/apache/commons/commons-lang3/3.17.0/commons-lang3-3.17.0.jar:/home/runner/.m2/repository/org/apache/hadoop/hadoop-common/3.4.1/hadoop-common-3.4.1-tests.jar:/home/runner/.m2/repository/org/apache/hadoop/thirdparty/hadoop-shaded-protobuf_3_25/1.4.0/hadoop-shaded-protobuf_3_25-1.4.0.jar:/home/runner/.m2/repository/org/apache/hadoop/hadoop-annotations/3.4.1/hadoop-annotations-3.4.1.jar:/home/runner/.m2/repository/org/apache/hadoop/thirdparty/hadoop-shaded-guava/1.3.0/hadoop-shaded-guava-1.3.0.jar:/home/runner/.m2/repository/org/apache/commons/commons-math3/3.6.1/commons-math3-3.6.1.jar:/home/runner/.m2/repository/commons-net/commons-net/3.11.1/commons-net-3.11.1.jar:/home/runner/.m2/repository/org/eclipse/jetty/jetty-server/9.4.57.v20241219/jetty-server-9.4.57.v20241219.jar:/home/runner/.m2/repository/javax/servlet/jsp/jsp-api/2.1/jsp-api-2.1.jar:/home/runner/.m2/repository/com/sun/jersey/jersey-core/1.19.4/jersey-core-1.19.4.jar:/home/runner/.m2/repository/javax/ws/rs/jsr311-api/1.1.1/jsr311-api-1.1.1.jar:/home/runner/.m2/repository/com/sun/jersey/jersey-servlet/1.19.4/jersey-servlet-1.19.4.jar:/home/runner/.m2/repository/com/github/pjfanning/jersey-json/1.22.0/jersey-json-1.22.0.jar:/home/runner/.m2/repository/com/sun/xml/bind/jaxb-impl/2.2.3-1/jaxb-impl-2.2.3-1.jar:/home/runner/.m2/repository/org/codehaus/jettison/jettison/1.5.4/jettison-1.5.4.jar:/home/runner/.m2/repository/com/sun/jersey/jersey-server/1.19.4/jersey-server-1.19.4.jar:/home/runner/.m2/repository/commons-beanutils/commons-beanutils/1.9.4/commons-beanutils-1.9.4.jar:/home/runner/.m2/repository/org/apache/commons/commons-configuration2/2.11.0/commons-configuration2-2.11.0.jar:/home/runner/.m2/repository/org/apache/avro/avro/1.9.2/avro-1.9.2.jar:/home/runner/.m2/repository/com/google/re2j/re2j/1.7/re2j-1.7.jar:/home/runner/.m2/repository/com/google/code/gson/gson/2.10.1/gson-2.10.1.jar:/home/runner/.m2/repository/org/apache/hadoop/hadoop-auth/3.4.1/hadoop-auth-3.4.1.jar:/home/runner/.m2/repository/org/apache/curator/curator-framework/4.2.0/curator-framework-4.2.0.jar:/home/runner/.m2/repository/com/jcraft/jsch/0.1.55/jsch-0.1.55.jar:/home/runner/.m2/repository/org/apache/curator/curator-client/4.2.0/curator-client-4.2.0.jar:/home/runner/.m2/repository/org/apache/curator/curator-recipes/5.2.0/curator-recipes-5.2.0.jar:/home/runner/.m2/repository/com/google/code/findbugs/jsr305/3.0.2/jsr305-3.0.2.jar:/home/runner/.m2/repository/org/apache/zookeeper/zookeeper/3.8.4/zookeeper-3.8.4.jar:/home/runner/.m2/repository/org/apache/zookeeper/zookeeper-jute/3.8.4/zookeeper-jute-3.8.4.jar:/home/runner/.m2/repository/org/apache/yetus/audience-annotations/0.12.0/audience-annotations-0.12.0.jar:/home/runner/.m2/repository/io/netty/netty-transport-native-epoll/4.1.109.Final/netty-transport-native-epoll-4.1.109.Final.jar:/home/runner/.m2/repository/org/apache/kerby/kerb-core/1.0.1/kerb-core-1.0.1.jar:/home/runner/.m2/repository/org/apache/kerby/kerby-pkix/1.0.1/kerby-pkix-1.0.1.jar:/home/runner/.m2/repository/org/apache/kerby/kerby-asn1/1.0.1/kerby-asn1-1.0.1.jar:/home/runner/.m2/repository/org/codehaus/woodstox/stax2-api/4.2.1/stax2-api-4.2.1.jar:/home/runner/.m2/repository/com/fasterxml/woodstox/woodstox-core/5.4.0/woodstox-core-5.4.0.jar:/home/runner/.m2/repository/dnsjava/dnsjava/3.6.1/dnsjava-3.6.1.jar:/home/runner/.m2/repository/org/xerial/snappy/snappy-java/1.1.10.7/snappy-java-1.1.10.7.jar:/home/runner/.m2/repository/org/apache/hadoop/hadoop-distcp/3.4.1/hadoop-distcp-3.4.1.jar:/home/runner/.m2/repository/org/apache/hadoop/hadoop-distcp/3.4.1/hadoop-distcp-3.4.1-tests.jar:/home/runner/.m2/repository/org/apache/hadoop/hadoop-hdfs/3.4.1/hadoop-hdfs-3.4.1-tests.jar:/home/runner/.m2/repository/org/eclipse/jetty/jetty-util-ajax/9.4.57.v20241219/jetty-util-ajax-9.4.57.v20241219.jar:/home/runner/.m2/repository/commons-daemon/commons-daemon/1.4.0/commons-daemon-1.4.0.jar:/home/runner/.m2/repository/io/netty/netty-all/4.1.109.Final/netty-all-4.1.109.Final.jar:/home/runner/.m2/repository/io/netty/netty-codec-dns/4.1.109.Final/netty-codec-dns-4.1.109.Final.jar:/home/runner/.m2/repository/io/netty/netty-codec-haproxy/4.1.109.Final/netty-codec-haproxy-4.1.109.Final.jar:/home/runner/.m2/repository/io/netty/netty-codec-memcache/4.1.109.Final/netty-codec-memcache-4.1.109.Final.jar:/home/runner/.m2/repository/io/netty/netty-codec-mqtt/4.1.109.Final/netty-codec-mqtt-4.1.109.Final.jar:/home/runner/.m2/repository/io/netty/netty-codec-redis/4.1.109.Final/netty-codec-redis-4.1.109.Final.jar:/home/runner/.m2/repository/io/netty/netty-codec-smtp/4.1.109.Final/netty-codec-smtp-4.1.109.Final.jar:/home/runner/.m2/repository/io/netty/netty-codec-stomp/4.1.109.Final/netty-codec-stomp-4.1.109.Final.jar:/home/runner/.m2/repository/io/netty/netty-codec-xml/4.1.109.Final/netty-codec-xml-4.1.109.Final.jar:/home/runner/.m2/repository/io/netty/netty-handler-ssl-ocsp/4.1.109.Final/netty-handler-ssl-ocsp-4.1.109.Final.jar:/home/runner/.m2/repository/io/netty/netty-resolver-dns/4.1.109.Final/netty-resolver-dns-4.1.109.Final.jar:/home/runner/.m2/repository/io/netty/netty-transport-rxtx/4.1.109.Final/netty-transport-rxtx-4.1.109.Final.jar:/home/runner/.m2/repository/io/netty/netty-transport-sctp/4.1.109.Final/netty-transport-sctp-4.1.109.Final.jar:/home/runner/.m2/repository/io/netty/netty-transport-udt/4.1.109.Final/netty-transport-udt-4.1.109.Final.jar:/home/runner/.m2/repository/io/netty/netty-transport-classes-kqueue/4.1.109.Final/netty-transport-classes-kqueue-4.1.109.Final.jar:/home/runner/.m2/repository/io/netty/netty-resolver-dns-classes-macos/4.1.109.Final/netty-resolver-dns-classes-macos-4.1.109.Final.jar:/home/runner/.m2/repository/io/netty/netty-transport-native-epoll/4.1.109.Final/netty-transport-native-epoll-4.1.109.Final-linux-aarch_64.jar:/home/runner/.m2/repository/io/netty/netty-transport-native-epoll/4.1.109.Final/netty-transport-native-epoll-4.1.109.Final-linux-riscv64.jar:/home/runner/.m2/repository/io/netty/netty-transport-native-kqueue/4.1.109.Final/netty-transport-native-kqueue-4.1.109.Final-osx-x86_64.jar:/home/runner/.m2/repository/io/netty/netty-transport-native-kqueue/4.1.109.Final/netty-transport-native-kqueue-4.1.109.Final-osx-aarch_64.jar:/home/runner/.m2/repository/io/netty/netty-resolver-dns-native-macos/4.1.109.Final/netty-resolver-dns-native-macos-4.1.109.Final-osx-x86_64.jar:/home/runner/.m2/repository/io/netty/netty-resolver-dns-native-macos/4.1.109.Final/netty-resolver-dns-native-macos-4.1.109.Final-osx-aarch_64.jar:/home/runner/.m2/repository/org/fusesource/leveldbjni/leveldbjni-all/1.8/leveldbjni-all-1.8.jar:/home/runner/.m2/repository/org/apache/hadoop/hadoop-kms/3.4.1/hadoop-kms-3.4.1.jar:/home/runner/.m2/repository/org/apache/hadoop/hadoop-common/3.4.1/hadoop-common-3.4.1.jar:/home/runner/.m2/repository/org/apache/hadoop/hadoop-kms/3.4.1/hadoop-kms-3.4.1-tests.jar:/home/runner/.m2/repository/org/apache/hadoop/hadoop-mapreduce-client-core/3.4.1/hadoop-mapreduce-client-core-3.4.1.jar:/home/runner/.m2/repository/org/apache/hadoop/hadoop-yarn-client/3.4.1/hadoop-yarn-client-3.4.1.jar:/home/runner/.m2/repository/org/eclipse/jetty/websocket/websocket-client/9.4.53.v20231009/websocket-client-9.4.53.v20231009.jar:/home/runner/.m2/repository/org/eclipse/jetty/websocket/websocket-common/9.4.53.v20231009/websocket-common-9.4.53.v20231009.jar:/home/runner/.m2/repository/org/eclipse/jetty/websocket/websocket-api/9.4.53.v20231009/websocket-api-9.4.53.v20231009.jar:/home/runner/.m2/repository/org/apache/hadoop/hadoop-yarn-api/3.4.1/hadoop-yarn-api-3.4.1.jar:/home/runner/.m2/repository/org/apache/hadoop/hadoop-yarn-common/3.4.1/hadoop-yarn-common-3.4.1.jar:/home/runner/.m2/repository/javax/xml/bind/jaxb-api/2.2.11/jaxb-api-2.2.11.jar:/home/runner/.m2/repository/com/sun/jersey/contribs/jersey-guice/1.19.4/jersey-guice-1.19.4.jar:/home/runner/.m2/repository/org/apache/hadoop/hadoop-hdfs-client/3.4.1/hadoop-hdfs-client-3.4.1.jar:/home/runner/.m2/repository/org/apache/hadoop/hadoop-mapreduce-client-jobclient/3.4.1/hadoop-mapreduce-client-jobclient-3.4.1.jar:/home/runner/.m2/repository/org/apache/hadoop/hadoop-mapreduce-client-common/3.4.1/hadoop-mapreduce-client-common-3.4.1.jar:/home/runner/.m2/repository/org/apache/hadoop/hadoop-minikdc/3.4.1/hadoop-minikdc-3.4.1.jar:/home/runner/.m2/repository/org/apache/kerby/kerb-simplekdc/2.0.3/kerb-simplekdc-2.0.3.jar:/home/runner/.m2/repository/org/apache/kerby/kerb-client/2.0.3/kerb-client-2.0.3.jar:/home/runner/.m2/repository/org/apache/kerby/kerb-common/2.0.3/kerb-common-2.0.3.jar:/home/runner/.m2/repository/org/apache/kerby/token-provider/2.0.3/token-provider-2.0.3.jar:/home/runner/.m2/repository/org/apache/kerby/kerb-admin/2.0.3/kerb-admin-2.0.3.jar:/home/runner/.m2/repository/org/apache/kerby/kerb-server/2.0.3/kerb-server-2.0.3.jar:/home/runner/.m2/repository/org/apache/kerby/kerb-identity/2.0.3/kerb-identity-2.0.3.jar:/home/runner/.m2/repository/org/apache/kerby/kerby-xdr/2.0.3/kerby-xdr-2.0.3.jar:/home/runner/.m2/repository/junit/junit/4.13.2/junit-4.13.2.jar:/home/runner/.m2/repository/org/hamcrest/hamcrest-core/1.3/hamcrest-core-1.3.jar:/home/runner/work/ozone/ozone/hadoop-hdds/common/target/hdds-common-2.1.0-SNAPSHOT-tests.jar:/home/runner/.m2/repository/commons-validator/commons-validator/1.6/commons-validator-1.6.jar:/home/runner/.m2/repository/commons-digester/commons-digester/1.8.1/commons-digester-1.8.1.jar:/home/runner/.m2/repository/io/jaegertracing/jaeger-client/1.8.1/jaeger-client-1.8.1.jar:/home/runner/.m2/repository/io/jaegertracing/jaeger-thrift/1.8.1/jaeger-thrift-1.8.1.jar:/home/runner/.m2/repository/org/apache/thrift/libthrift/0.15.0/libthrift-0.15.0.jar:/home/runner/.m2/repository/com/squareup/okhttp3/okhttp/4.12.0/okhttp-4.12.0.jar:/home/runner/.m2/repository/com/squareup/okio/okio/3.6.0/okio-3.6.0.jar:/home/runner/.m2/repository/com/squareup/okio/okio-jvm/3.6.0/okio-jvm-3.6.0.jar:/home/runner/.m2/repository/org/jetbrains/kotlin/kotlin-stdlib-common/1.9.25/kotlin-stdlib-common-1.9.25.jar:/home/runner/.m2/repository/org/jetbrains/kotlin/kotlin-stdlib-jdk8/1.9.25/kotlin-stdlib-jdk8-1.9.25.jar:/home/runner/.m2/repository/org/jetbrains/kotlin/kotlin-stdlib-jdk7/1.9.25/kotlin-stdlib-jdk7-1.9.25.jar:/home/runner/.m2/repository/io/jaegertracing/jaeger-tracerresolver/1.8.1/jaeger-tracerresolver-1.8.1.jar:/home/runner/.m2/repository/io/opentracing/contrib/opentracing-tracerresolver/0.1.8/opentracing-tracerresolver-0.1.8.jar:/home/runner/.m2/repository/io/jaegertracing/jaeger-core/1.8.1/jaeger-core-1.8.1.jar:/home/runner/.m2/repository/javax/annotation/javax.annotation-api/1.3.2/javax.annotation-api-1.3.2.jar:/home/runner/work/ozone/ozone/hadoop-hdds/annotations/target/hdds-annotation-processing-2.1.0-SNAPSHOT.jar:/home/runner/.m2/repository/org/apache/ratis/ratis-metrics-dropwizard3/3.1.2/ratis-metrics-dropwizard3-3.1.2.jar:/home/runner/.m2/repository/org/bouncycastle/bcutil-jdk18on/1.80/bcutil-jdk18on-1.80.jar:/home/runner/.m2/repository/org/jetbrains/kotlin/kotlin-stdlib/1.9.25/kotlin-stdlib-1.9.25.jar:/home/runner/.m2/repository/org/jetbrains/annotations/13.0/annotations-13.0.jar:/home/runner/.m2/repository/org/slf4j/jcl-over-slf4j/2.0.17/jcl-over-slf4j-2.0.17.jar:/home/runner/.m2/repository/org/yaml/snakeyaml/2.0/snakeyaml-2.0.jar:/home/runner/work/ozone/ozone/hadoop-hdds/container-service/target/hdds-container-service-2.1.0-SNAPSHOT-tests.jar:/home/runner/.m2/repository/com/github/luben/zstd-jni/1.5.7-2/zstd-jni-1.5.7-2.jar:/home/runner/.m2/repository/io/netty/netty-buffer/4.1.109.Final/netty-buffer-4.1.109.Final.jar:/home/runner/.m2/repository/io/netty/netty-codec/4.1.109.Final/netty-codec-4.1.109.Final.jar:/home/runner/work/ozone/ozone/hadoop-hdds/framework/target/hdds-server-framework-2.1.0-SNAPSHOT-tests.jar:/home/runner/.m2/repository/com/github/jnr/jnr-constants/0.10.4/jnr-constants-0.10.4.jar:/home/runner/.m2/repository/com/github/jnr/jnr-posix/3.1.20/jnr-posix-3.1.20.jar:/home/runner/.m2/repository/com/github/jnr/jnr-ffi/2.2.17/jnr-ffi-2.2.17.jar:/home/runner/.m2/repository/com/github/jnr/jffi/1.3.13/jffi-1.3.13.jar:/home/runner/.m2/repository/com/github/jnr/jffi/1.3.13/jffi-1.3.13-native.jar:/home/runner/.m2/repository/org/ow2/asm/asm/9.7.1/asm-9.7.1.jar:/home/runner/.m2/repository/org/ow2/asm/asm-commons/9.7.1/asm-commons-9.7.1.jar:/home/runner/.m2/repository/org/ow2/asm/asm-analysis/9.7.1/asm-analysis-9.7.1.jar:/home/runner/.m2/repository/org/ow2/asm/asm-tree/9.7.1/asm-tree-9.7.1.jar:/home/runner/.m2/repository/org/ow2/asm/asm-util/9.7.1/asm-util-9.7.1.jar:/home/runner/.m2/repository/com/github/jnr/jnr-a64asm/1.0.0/jnr-a64asm-1.0.0.jar:/home/runner/.m2/repository/com/github/jnr/jnr-x86asm/1.0.2/jnr-x86asm-1.0.2.jar:/home/runner/.m2/repository/commons-fileupload/commons-fileupload/1.5/commons-fileupload-1.5.jar:/home/runner/.m2/repository/io/prometheus/simpleclient/0.16.0/simpleclient-0.16.0.jar:/home/runner/.m2/repository/io/prometheus/simpleclient_common/0.16.0/simpleclient_common-0.16.0.jar:/home/runner/.m2/repository/io/prometheus/simpleclient_dropwizard/0.16.0/simpleclient_dropwizard-0.16.0.jar:/home/runner/.m2/repository/org/apache/logging/log4j/log4j-core/2.24.2/log4j-core-2.24.2.jar:/home/runner/.m2/repository/org/eclipse/jetty/jetty-http/9.4.57.v20241219/jetty-http-9.4.57.v20241219.jar:/home/runner/.m2/repository/com/lmax/disruptor/3.4.4/disruptor-3.4.4.jar:/home/runner/work/ozone/ozone/hadoop-hdds/server-scm/target/hdds-server-scm-2.1.0-SNAPSHOT-tests.jar:/home/runner/work/ozone/ozone/hadoop-hdds/test-utils/target/hdds-test-utils-2.1.0-SNAPSHOT-tests.jar:/home/runner/work/ozone/ozone/hadoop-ozone/ozone-manager/target/ozone-manager-2.1.0-SNAPSHOT-tests.jar:/home/runner/work/ozone/ozone/hadoop-ozone/mini-cluster/target/ozone-mini-cluster-2.1.0-SNAPSHOT.jar:/home/runner/.m2/repository/org/assertj/assertj-core/3.27.3/assertj-core-3.27.3.jar:/home/runner/.m2/repository/net/bytebuddy/byte-buddy/1.15.11/byte-buddy-1.15.11.jar:/home/runner/.m2/repository/org/junit/jupiter/junit-jupiter-api/5.12.2/junit-jupiter-api-5.12.2.jar:/home/runner/.m2/repository/org/opentest4j/opentest4j/1.3.0/opentest4j-1.3.0.jar:/home/runner/.m2/repository/org/junit/platform/junit-platform-commons/1.12.2/junit-platform-commons-1.12.2.jar:/home/runner/.m2/repository/org/apiguardian/apiguardian-api/1.1.2/apiguardian-api-1.1.2.jar:/home/runner/.m2/repository/org/junit/jupiter/junit-jupiter-params/5.12.2/junit-jupiter-params-5.12.2.jar:/home/runner/.m2/repository/org/mockito/mockito-core/4.11.0/mockito-core-4.11.0.jar:/home/runner/.m2/repository/net/bytebuddy/byte-buddy-agent/1.12.19/byte-buddy-agent-1.12.19.jar:/home/runner/.m2/repository/org/objenesis/objenesis/3.3/objenesis-3.3.jar:/home/runner/.m2/repository/org/mockito/mockito-inline/4.11.0/mockito-inline-4.11.0.jar:/home/runner/.m2/repository/org/mockito/mockito-junit-jupiter/4.11.0/mockito-junit-jupiter-4.11.0.jar:/home/runner/work/ozone/ozone/hadoop-ozone/integration-test/target/gradle-enterprise/test-listeners.jar:"/>
    <property name="sun.cpu.endian" value="little"/>
    <property name="user.home" value="/home/runner"/>
    <property name="user.language" value="en"/>
    <property name="java.specification.vendor" value="Oracle Corporation"/>
    <property name="skipRecon" value="true"/>
    <property name="java.version.date" value="2025-04-15"/>
    <property name="java.home" value="/usr/lib/jvm/temurin-21-jdk-amd64"/>
    <property name="java.security.krb5.conf" value="/home/runner/work/ozone/ozone/hadoop-ozone/integration-test/target/test-classes/krb5.conf"/>
    <property name="file.separator" value="/"/>
    <property name="basedir" value="/home/runner/work/ozone/ozone/hadoop-ozone/integration-test"/>
    <property name="java.vm.compressedOopsMode" value="Zero based"/>
    <property name="line.separator" value="&#10;"/>
    <property name="java.vm.specification.vendor" value="Oracle Corporation"/>
    <property name="java.specification.name" value="Java Platform API Specification"/>
    <property name="surefire.real.class.path" value="/home/runner/work/ozone/ozone/hadoop-ozone/integration-test/target/surefire/surefirebooter-20250423141539290_1660.jar"/>
    <property name="hadoop.log.dir" value="/home/runner/work/ozone/ozone/hadoop-ozone/integration-test/target/log"/>
    <property name="sun.management.compiler" value="HotSpot 64-Bit Tiered Compilers"/>
    <property name="skipShade" value="true"/>
    <property name="java.runtime.version" value="21.0.7+6-LTS"/>
    <property name="user.name" value="runner"/>
    <property name="java.net.preferIPv4Stack" value="true"/>
    <property name="stdout.encoding" value="UTF-8"/>
    <property name="path.separator" value=":"/>
    <property name="java.security.egd" value="file:///dev/urandom"/>
    <property name="os.version" value="6.11.0-1012-azure"/>
    <property name="java.runtime.name" value="OpenJDK Runtime Environment"/>
    <property name="com.gradle.maven.scan.extension.test.listener.junitplatform.NestedExecutionSafeDelegatingTestExecutionListener" value="54a67a45"/>
    <property name="file.encoding" value="UTF-8"/>
    <property name="java.vm.name" value="OpenJDK 64-Bit Server VM"/>
    <property name="rocks_tools_native" value="true"/>
    <property name="java.vendor.version" value="Temurin-21.0.7+6"/>
    <property name="test.build.webapps" value=""/>
    <property name="develocity.listener.surefire.forkId" value="1"/>
    <property name="localRepository" value="/home/runner/.m2/repository"/>
    <property name="java.vendor.url.bug" value="https://github.com/adoptium/adoptium-support/issues"/>
    <property name="jetty.git.hash" value="df524e6b29271c2e09ba9aea83c18dc9db464a31"/>
    <property name="java.io.tmpdir" value="/tmp"/>
    <property name="require.test.libhadoop" value=""/>
    <property name="java.version" value="21.0.7"/>
    <property name="user.dir" value="/home/runner/work/ozone/ozone/hadoop-ozone/integration-test"/>
    <property name="os.arch" value="amd64"/>
    <property name="java.vm.specification.name" value="Java Virtual Machine Specification"/>
    <property name="test.build.classes" value="/home/runner/work/ozone/ozone/hadoop-ozone/integration-test/target/test-classes"/>
    <property name="org.apache.ratis.thirdparty.io.netty.allocator.useCacheForAllThreads" value="false"/>
    <property name="native.encoding" value="UTF-8"/>
    <property name="hadoop.tmp.dir" value="/home/runner/work/ozone/ozone/hadoop-ozone/integration-test/target/tmp"/>
    <property name="java.library.path" value="/usr/java/packages/lib:/usr/lib64:/lib64:/lib:/usr/lib"/>
    <property name="java.vm.info" value="mixed mode, sharing"/>
    <property name="stderr.encoding" value="UTF-8"/>
    <property name="java.vendor" value="Eclipse Adoptium"/>
    <property name="java.vm.version" value="21.0.7+6-LTS"/>
    <property name="sun.io.unicode.encoding" value="UnicodeLittle"/>
    <property name="develocity.listener.port" value="41677"/>
    <property name="java.class.version" value="65.0"/>
  </properties>
  <testcase name="testMultipartUpload" classname="org.apache.hadoop.ozone.om.TestOzoneManagerHAWithStoppedNodes" time="13.608">
    <system-out><![CDATA[2025-04-23 14:36:40,965 [main] WARN  server.ServerUtils (ServerUtils.java:getScmDbDir(141)) - ozone.scm.db.dirs is not configured. We recommend adding this setting. Falling back to ozone.metadata.dirs instead.
2025-04-23 14:36:41,141 [main] INFO  reflections.Reflections (Reflections.java:scan(219)) - Reflections took 157 ms to scan 7 urls, producing 166 keys and 390 values
2025-04-23 14:36:41,264 [main] INFO  ha.SCMHANodeDetails (SCMHANodeDetails.java:loadSCMHAConfig(162)) - ServiceID for StorageContainerManager is null
2025-04-23 14:36:41,265 [main] INFO  ha.SCMHANodeDetails (SCMHANodeDetails.java:loadSCMHAConfig(166)) - ozone.scm.default.service.id is not defined, falling back to ozone.scm.service.ids to find serviceID for StorageContainerManager if it is HA enabled cluster
2025-04-23 14:36:41,461 [main] INFO  server.RaftServerConfigKeys (ConfUtils.java:logGet(46)) - raft.server.log.appender.buffer.byte-limit = 4194304 (custom)
2025-04-23 14:36:41,486 [main] INFO  server.RaftServer (ConfUtils.java:logGet(46)) - raft.rpc.type = GRPC (default)
2025-04-23 14:36:41,538 [main] INFO  grpc.GrpcConfigKeys (ConfUtils.java:logFallback(53)) - raft.grpc.admin.host = null (fallback to raft.grpc.server.host)
2025-04-23 14:36:41,539 [main] INFO  grpc.GrpcConfigKeys (ConfUtils.java:logFallback(53)) - raft.grpc.admin.port = 15004 (fallback to raft.grpc.server.port)
2025-04-23 14:36:41,540 [main] INFO  grpc.GrpcConfigKeys (ConfUtils.java:logFallback(53)) - raft.grpc.client.host = null (fallback to raft.grpc.server.host)
2025-04-23 14:36:41,540 [main] INFO  grpc.GrpcConfigKeys (ConfUtils.java:logFallback(53)) - raft.grpc.client.port = 15004 (fallback to raft.grpc.server.port)
2025-04-23 14:36:41,541 [main] INFO  grpc.GrpcConfigKeys (ConfUtils.java:logGet(46)) - raft.grpc.server.host = null (default)
2025-04-23 14:36:41,541 [main] INFO  grpc.GrpcConfigKeys (ConfUtils.java:logGet(46)) - raft.grpc.server.port = 15004 (custom)
2025-04-23 14:36:41,542 [main] INFO  server.GrpcService (ConfUtils.java:logGet(46)) - raft.grpc.message.size.max = 5242880 (custom)
2025-04-23 14:36:41,542 [main] INFO  server.GrpcService (ConfUtils.java:logGet(46)) - raft.grpc.flow.control.window = 1MB (=1048576) (default)
2025-04-23 14:36:41,543 [main] INFO  server.RaftServerConfigKeys (ConfUtils.java:logGet(46)) - raft.server.rpc.request.timeout = 30000ms (custom)
2025-04-23 14:36:41,550 [main] INFO  grpc.GrpcConfigKeys (ConfUtils.java:logGet(46)) - raft.grpc.server.heartbeat.channel = true (default)
2025-04-23 14:36:41,550 [main] INFO  server.RaftServerConfigKeys (ConfUtils.java:logGet(46)) - raft.server.log.appender.buffer.byte-limit = 4194304 (custom)
2025-04-23 14:36:41,553 [main] INFO  grpc.GrpcConfigKeys (ConfUtils.java:logGet(46)) - raft.grpc.server.async.request.thread.pool.cached = true (default)
2025-04-23 14:36:41,553 [main] INFO  grpc.GrpcConfigKeys (ConfUtils.java:logGet(46)) - raft.grpc.server.async.request.thread.pool.size = 32 (default)
2025-04-23 14:36:41,703 [main] INFO  impl.DataStreamServerImpl (ConfUtils.java:logGet(46)) - raft.datastream.type = DISABLED (default)
2025-04-23 14:36:41,706 [main] INFO  server.RaftServerConfigKeys (ConfUtils.java:logGet(46)) - raft.server.sleep.deviation.threshold = 300ms (default)
2025-04-23 14:36:41,706 [main] INFO  server.RaftServerConfigKeys (ConfUtils.java:logGet(46)) - raft.server.close.threshold = 60s (default)
2025-04-23 14:36:41,706 [main] INFO  server.RaftServerConfigKeys (ConfUtils.java:logGet(46)) - raft.server.leaderelection.leader.step-down.wait-time = 10s (default)
2025-04-23 14:36:41,710 [main] INFO  server.RaftServerConfigKeys (ConfUtils.java:logGet(46)) - raft.server.storage.dir = [/home/runner/work/ozone/ozone/hadoop-ozone/integration-test/target/test-dir/MiniOzoneClusterImpl-68853c07-42d2-4ef8-9e75-e3a852294e6a/ozone-meta/scm-ha] (custom)
2025-04-23 14:36:41,711 [main] INFO  server.RaftServerConfigKeys (ConfUtils.java:logGet(46)) - raft.server.threadpool.proxy.cached = true (default)
2025-04-23 14:36:41,711 [main] INFO  server.RaftServerConfigKeys (ConfUtils.java:logGet(46)) - raft.server.threadpool.proxy.size = 0 (default)
2025-04-23 14:36:41,717 [main] INFO  server.RaftServer (RaftServerProxy.java:addNew(100)) - e5540f2e-ddef-4dd5-b4fb-d1f335f047d8: addNew group-E3A852294E6A:[e5540f2e-ddef-4dd5-b4fb-d1f335f047d8|fv-az1120-822:15004] returns group-E3A852294E6A:java.util.concurrent.CompletableFuture@5b47731f[Not completed]
2025-04-23 14:36:41,730 [e5540f2e-ddef-4dd5-b4fb-d1f335f047d8-groupManagement] INFO  server.RaftServer$Division (RaftServerImpl.java:<init>(255)) - e5540f2e-ddef-4dd5-b4fb-d1f335f047d8: new RaftServerImpl for group-E3A852294E6A:[e5540f2e-ddef-4dd5-b4fb-d1f335f047d8|fv-az1120-822:15004] with SCMStateMachine:uninitialized
2025-04-23 14:36:41,731 [e5540f2e-ddef-4dd5-b4fb-d1f335f047d8-groupManagement] INFO  server.RaftServerConfigKeys (ConfUtils.java:logGet(46)) - raft.server.rpc.timeout.min = 5000ms (custom)
2025-04-23 14:36:41,731 [e5540f2e-ddef-4dd5-b4fb-d1f335f047d8-groupManagement] INFO  server.RaftServerConfigKeys (ConfUtils.java:logGet(46)) - raft.server.rpc.timeout.max = 5200ms (custom)
2025-04-23 14:36:41,732 [e5540f2e-ddef-4dd5-b4fb-d1f335f047d8-groupManagement] INFO  server.RaftServerConfigKeys (ConfUtils.java:logGet(46)) - raft.server.rpc.sleep.time = 25ms (default)
2025-04-23 14:36:41,732 [e5540f2e-ddef-4dd5-b4fb-d1f335f047d8-groupManagement] INFO  server.RaftServerConfigKeys (ConfUtils.java:logGet(46)) - raft.server.rpc.slowness.timeout = 120000ms (custom)
2025-04-23 14:36:41,732 [e5540f2e-ddef-4dd5-b4fb-d1f335f047d8-groupManagement] INFO  server.RaftServerConfigKeys (ConfUtils.java:logGet(46)) - raft.server.leaderelection.leader.step-down.wait-time = 10s (default)
2025-04-23 14:36:41,733 [e5540f2e-ddef-4dd5-b4fb-d1f335f047d8-groupManagement] INFO  server.RaftServerConfigKeys (ConfUtils.java:logGet(46)) - raft.server.leaderelection.member.majority-add = false (default)
2025-04-23 14:36:41,733 [e5540f2e-ddef-4dd5-b4fb-d1f335f047d8-groupManagement] INFO  server.RaftServerConfigKeys (ConfUtils.java:logGet(46)) - raft.server.sleep.deviation.threshold = 300ms (default)
2025-04-23 14:36:41,737 [e5540f2e-ddef-4dd5-b4fb-d1f335f047d8-groupManagement] INFO  server.RaftServer$Division (ServerState.java:<init>(114)) - e5540f2e-ddef-4dd5-b4fb-d1f335f047d8@group-E3A852294E6A: ConfigurationManager, init=conf: {index: -1, cur=peers:[e5540f2e-ddef-4dd5-b4fb-d1f335f047d8|fv-az1120-822:15004]|listeners:[], old=null}, confs=<EMPTY_MAP>
2025-04-23 14:36:41,741 [e5540f2e-ddef-4dd5-b4fb-d1f335f047d8-groupManagement] INFO  server.RaftServerConfigKeys (ConfUtils.java:logGet(46)) - raft.server.notification.no-leader.timeout = 60s (default)
2025-04-23 14:36:41,743 [e5540f2e-ddef-4dd5-b4fb-d1f335f047d8-groupManagement] INFO  server.RaftServerConfigKeys (ConfUtils.java:logGet(46)) - raft.server.read.timeout = 10s (default)
2025-04-23 14:36:41,745 [e5540f2e-ddef-4dd5-b4fb-d1f335f047d8-groupManagement] INFO  server.RaftServerConfigKeys (ConfUtils.java:logGet(46)) - raft.server.retrycache.expirytime = 60000ms (default)
2025-04-23 14:36:41,746 [e5540f2e-ddef-4dd5-b4fb-d1f335f047d8-groupManagement] INFO  server.RaftServerConfigKeys (ConfUtils.java:logGet(46)) - raft.server.retrycache.statistics.expirytime = 100ms (default)
2025-04-23 14:36:41,748 [e5540f2e-ddef-4dd5-b4fb-d1f335f047d8-groupManagement] INFO  server.RaftServerConfigKeys (ConfUtils.java:logGet(46)) - raft.server.read.option = DEFAULT (default)
2025-04-23 14:36:41,749 [e5540f2e-ddef-4dd5-b4fb-d1f335f047d8-groupManagement] INFO  server.RaftServerConfigKeys (ConfUtils.java:logGet(46)) - raft.server.read.read-after-write-consistent.write-index-cache.expiry-time = 60s (default)
2025-04-23 14:36:41,877 [e5540f2e-ddef-4dd5-b4fb-d1f335f047d8-groupManagement] INFO  server.RaftServerConfigKeys (ConfUtils.java:logGet(46)) - raft.server.rpc.request.timeout = 30000ms (custom)
2025-04-23 14:36:41,879 [e5540f2e-ddef-4dd5-b4fb-d1f335f047d8-groupManagement] INFO  server.RaftServerConfigKeys (ConfUtils.java:logGet(46)) - raft.server.log.appender.install.snapshot.enabled = false (custom)
2025-04-23 14:36:41,880 [e5540f2e-ddef-4dd5-b4fb-d1f335f047d8-groupManagement] INFO  server.RaftServerConfigKeys (ConfUtils.java:logGet(46)) - raft.server.threadpool.server.cached = true (default)
2025-04-23 14:36:41,880 [e5540f2e-ddef-4dd5-b4fb-d1f335f047d8-groupManagement] INFO  server.RaftServerConfigKeys (ConfUtils.java:logGet(46)) - raft.server.threadpool.server.size = 0 (default)
2025-04-23 14:36:41,881 [e5540f2e-ddef-4dd5-b4fb-d1f335f047d8-groupManagement] INFO  server.RaftServerConfigKeys (ConfUtils.java:logGet(46)) - raft.server.threadpool.client.cached = true (default)
2025-04-23 14:36:41,881 [e5540f2e-ddef-4dd5-b4fb-d1f335f047d8-groupManagement] INFO  server.RaftServerConfigKeys (ConfUtils.java:logGet(46)) - raft.server.threadpool.client.size = 0 (default)
2025-04-23 14:36:41,883 [e5540f2e-ddef-4dd5-b4fb-d1f335f047d8-impl-thread1] INFO  server.RaftServerConfigKeys (ConfUtils.java:logGet(46)) - raft.server.storage.free-space.min = 0MB (=0) (default)
2025-04-23 14:36:41,883 [e5540f2e-ddef-4dd5-b4fb-d1f335f047d8-impl-thread1] INFO  server.RaftServerConfigKeys (ConfUtils.java:logGet(46)) - raft.server.log.corruption.policy = EXCEPTION (default)
2025-04-23 14:36:41,884 [e5540f2e-ddef-4dd5-b4fb-d1f335f047d8-impl-thread1] INFO  server.RaftServerConfigKeys (ConfUtils.java:logGet(46)) - raft.server.storage.dir = [/home/runner/work/ozone/ozone/hadoop-ozone/integration-test/target/test-dir/MiniOzoneClusterImpl-68853c07-42d2-4ef8-9e75-e3a852294e6a/ozone-meta/scm-ha] (custom)
2025-04-23 14:36:41,889 [e5540f2e-ddef-4dd5-b4fb-d1f335f047d8-impl-thread1] INFO  storage.RaftStorageDirectory (RaftStorageDirectoryImpl.java:analyzeStorage(138)) - The storage directory /home/runner/work/ozone/ozone/hadoop-ozone/integration-test/target/test-dir/MiniOzoneClusterImpl-68853c07-42d2-4ef8-9e75-e3a852294e6a/ozone-meta/scm-ha/68853c07-42d2-4ef8-9e75-e3a852294e6a does not exist. Creating ...
2025-04-23 14:36:41,892 [e5540f2e-ddef-4dd5-b4fb-d1f335f047d8-impl-thread1] INFO  storage.RaftStorageDirectory (RaftStorageDirectoryImpl.java:tryLock(229)) - Lock on /home/runner/work/ozone/ozone/hadoop-ozone/integration-test/target/test-dir/MiniOzoneClusterImpl-68853c07-42d2-4ef8-9e75-e3a852294e6a/ozone-meta/scm-ha/68853c07-42d2-4ef8-9e75-e3a852294e6a/in_use.lock acquired by nodename 129558@fv-az1120-822
2025-04-23 14:36:41,896 [e5540f2e-ddef-4dd5-b4fb-d1f335f047d8-impl-thread1] INFO  storage.RaftStorage (RaftStorageImpl.java:format(98)) - Storage directory /home/runner/work/ozone/ozone/hadoop-ozone/integration-test/target/test-dir/MiniOzoneClusterImpl-68853c07-42d2-4ef8-9e75-e3a852294e6a/ozone-meta/scm-ha/68853c07-42d2-4ef8-9e75-e3a852294e6a has been successfully formatted.
2025-04-23 14:36:41,898 [e5540f2e-ddef-4dd5-b4fb-d1f335f047d8-impl-thread1] INFO  ha.SCMStateMachine (SCMStateMachine.java:lambda$initialize$0(135)) - e5540f2e-ddef-4dd5-b4fb-d1f335f047d8: initialize group-E3A852294E6A
2025-04-23 14:36:41,899 [e5540f2e-ddef-4dd5-b4fb-d1f335f047d8-impl-thread1] INFO  server.RaftServerConfigKeys (ConfUtils.java:logGet(46)) - raft.server.log.use.memory = false (default)
2025-04-23 14:36:41,904 [e5540f2e-ddef-4dd5-b4fb-d1f335f047d8-impl-thread1] INFO  server.RaftServerConfigKeys (ConfUtils.java:logGet(46)) - raft.server.log.purge.gap = 1000000 (custom)
2025-04-23 14:36:41,905 [e5540f2e-ddef-4dd5-b4fb-d1f335f047d8-impl-thread1] INFO  server.RaftServerConfigKeys (ConfUtils.java:logGet(46)) - raft.server.log.appender.buffer.byte-limit = 4194304 (custom)
2025-04-23 14:36:41,906 [e5540f2e-ddef-4dd5-b4fb-d1f335f047d8-impl-thread1] INFO  server.RaftServerConfigKeys (ConfUtils.java:logGet(46)) - raft.server.log.statemachine.data.read.timeout = 1000ms (default)
2025-04-23 14:36:41,906 [e5540f2e-ddef-4dd5-b4fb-d1f335f047d8-impl-thread1] INFO  server.RaftServerConfigKeys (ConfUtils.java:logGet(46)) - raft.server.log.purge.preservation.log.num = 0 (default)
2025-04-23 14:36:41,909 [e5540f2e-ddef-4dd5-b4fb-d1f335f047d8-impl-thread1] INFO  server.RaftServerConfigKeys (ConfUtils.java:logGet(46)) - raft.server.log.segment.size.max = 4194304 (custom)
2025-04-23 14:36:41,913 [e5540f2e-ddef-4dd5-b4fb-d1f335f047d8-impl-thread1] INFO  server.RaftServerConfigKeys (ConfUtils.java:logGet(46)) - raft.server.log.segment.cache.num.max = 2 (custom)
2025-04-23 14:36:41,914 [e5540f2e-ddef-4dd5-b4fb-d1f335f047d8-impl-thread1] INFO  server.RaftServerConfigKeys (ConfUtils.java:logGet(46)) - raft.server.log.segment.cache.size.max = 200MB (=209715200) (default)
2025-04-23 14:36:41,914 [e5540f2e-ddef-4dd5-b4fb-d1f335f047d8-impl-thread1] INFO  server.RaftServerConfigKeys (ConfUtils.java:logGet(46)) - raft.server.log.appender.buffer.byte-limit = 4194304 (custom)
2025-04-23 14:36:41,916 [e5540f2e-ddef-4dd5-b4fb-d1f335f047d8-impl-thread1] INFO  util.AwaitToRun (AwaitToRun.java:start(81)) - Thread[#38,e5540f2e-ddef-4dd5-b4fb-d1f335f047d8@group-E3A852294E6A-cacheEviction-AwaitToRun,5,main] started
2025-04-23 14:36:41,920 [e5540f2e-ddef-4dd5-b4fb-d1f335f047d8-impl-thread1] INFO  segmented.SegmentedRaftLogWorker (SegmentedRaftLogWorker.java:<init>(188)) - new e5540f2e-ddef-4dd5-b4fb-d1f335f047d8@group-E3A852294E6A-SegmentedRaftLogWorker for RaftStorageImpl:Storage Directory /home/runner/work/ozone/ozone/hadoop-ozone/integration-test/target/test-dir/MiniOzoneClusterImpl-68853c07-42d2-4ef8-9e75-e3a852294e6a/ozone-meta/scm-ha/68853c07-42d2-4ef8-9e75-e3a852294e6a
2025-04-23 14:36:41,920 [e5540f2e-ddef-4dd5-b4fb-d1f335f047d8-impl-thread1] INFO  server.RaftServerConfigKeys (ConfUtils.java:logGet(46)) - raft.server.log.queue.byte-limit = 64MB (=67108864) (default)
2025-04-23 14:36:41,920 [e5540f2e-ddef-4dd5-b4fb-d1f335f047d8-impl-thread1] INFO  server.RaftServerConfigKeys (ConfUtils.java:logGet(46)) - raft.server.log.queue.element-limit = 4096 (default)
2025-04-23 14:36:41,922 [e5540f2e-ddef-4dd5-b4fb-d1f335f047d8-impl-thread1] INFO  server.RaftServerConfigKeys (ConfUtils.java:logGet(46)) - raft.server.log.segment.size.max = 4194304 (custom)
2025-04-23 14:36:41,923 [e5540f2e-ddef-4dd5-b4fb-d1f335f047d8-impl-thread1] INFO  server.RaftServerConfigKeys (ConfUtils.java:logGet(46)) - raft.server.log.preallocated.size = 4194304 (custom)
2025-04-23 14:36:41,923 [e5540f2e-ddef-4dd5-b4fb-d1f335f047d8-impl-thread1] INFO  server.RaftServerConfigKeys (ConfUtils.java:logGet(46)) - raft.server.log.force.sync.num = 128 (default)
2025-04-23 14:36:41,924 [e5540f2e-ddef-4dd5-b4fb-d1f335f047d8-impl-thread1] INFO  server.RaftServerConfigKeys (ConfUtils.java:logGet(46)) - raft.server.log.statemachine.data.sync = true (default)
2025-04-23 14:36:41,924 [e5540f2e-ddef-4dd5-b4fb-d1f335f047d8-impl-thread1] INFO  server.RaftServerConfigKeys (ConfUtils.java:logGet(46)) - raft.server.log.statemachine.data.sync.timeout = 10s (default)
2025-04-23 14:36:41,924 [e5540f2e-ddef-4dd5-b4fb-d1f335f047d8-impl-thread1] INFO  server.RaftServerConfigKeys (ConfUtils.java:logGet(46)) - raft.server.log.statemachine.data.sync.timeout.retry = -1 (default)
2025-04-23 14:36:41,926 [e5540f2e-ddef-4dd5-b4fb-d1f335f047d8-impl-thread1] INFO  server.RaftServerConfigKeys (ConfUtils.java:logGet(46)) - raft.server.log.write.buffer.size = 4194312 (custom)
2025-04-23 14:36:41,928 [e5540f2e-ddef-4dd5-b4fb-d1f335f047d8-impl-thread1] INFO  server.RaftServerConfigKeys (ConfUtils.java:logGet(46)) - raft.server.log.appender.buffer.byte-limit = 4194304 (custom)
2025-04-23 14:36:41,928 [e5540f2e-ddef-4dd5-b4fb-d1f335f047d8-impl-thread1] INFO  server.RaftServerConfigKeys (ConfUtils.java:logGet(46)) - raft.server.log.unsafe-flush.enabled = false (default)
2025-04-23 14:36:41,929 [e5540f2e-ddef-4dd5-b4fb-d1f335f047d8-impl-thread1] INFO  server.RaftServerConfigKeys (ConfUtils.java:logGet(46)) - raft.server.log.async-flush.enabled = false (default)
2025-04-23 14:36:41,929 [e5540f2e-ddef-4dd5-b4fb-d1f335f047d8-impl-thread1] INFO  server.RaftServerConfigKeys (ConfUtils.java:logGet(46)) - raft.server.log.statemachine.data.caching.enabled = false (default)
2025-04-23 14:36:41,936 [e5540f2e-ddef-4dd5-b4fb-d1f335f047d8-impl-thread1] INFO  segmented.SegmentedRaftLogWorker (SegmentedRaftLogWorker.java:lambda$new$0(139)) - e5540f2e-ddef-4dd5-b4fb-d1f335f047d8@group-E3A852294E6A-SegmentedRaftLogWorker: flushIndex: setUnconditionally 0 -> -1
2025-04-23 14:36:41,936 [e5540f2e-ddef-4dd5-b4fb-d1f335f047d8-impl-thread1] INFO  segmented.SegmentedRaftLogWorker (SegmentedRaftLogWorker.java:lambda$new$0(139)) - e5540f2e-ddef-4dd5-b4fb-d1f335f047d8@group-E3A852294E6A-SegmentedRaftLogWorker: safeCacheEvictIndex: setUnconditionally 0 -> -1
2025-04-23 14:36:41,938 [e5540f2e-ddef-4dd5-b4fb-d1f335f047d8-impl-thread1] INFO  server.RaftServer$Division (RaftServerImpl.java:start(391)) - e5540f2e-ddef-4dd5-b4fb-d1f335f047d8@group-E3A852294E6A: start as a follower, conf=conf: {index: -1, cur=peers:[e5540f2e-ddef-4dd5-b4fb-d1f335f047d8|fv-az1120-822:15004]|listeners:[], old=null}
2025-04-23 14:36:41,939 [e5540f2e-ddef-4dd5-b4fb-d1f335f047d8-impl-thread1] INFO  server.RaftServer$Division (RaftServerImpl.java:setRole(378)) - e5540f2e-ddef-4dd5-b4fb-d1f335f047d8@group-E3A852294E6A: changes role from      null to FOLLOWER at term 0 for startAsFollower
2025-04-23 14:36:41,942 [e5540f2e-ddef-4dd5-b4fb-d1f335f047d8-impl-thread1] INFO  impl.RoleInfo (RoleInfo.java:updateAndGet(148)) - e5540f2e-ddef-4dd5-b4fb-d1f335f047d8: start e5540f2e-ddef-4dd5-b4fb-d1f335f047d8@group-E3A852294E6A-FollowerState
2025-04-23 14:36:41,947 [e5540f2e-ddef-4dd5-b4fb-d1f335f047d8-impl-thread1] INFO  util.JmxRegister (JmxRegister.java:tryRegister(44)) - Successfully registered JMX Bean with object name Ratis:service=RaftServer,group=group-E3A852294E6A,id=e5540f2e-ddef-4dd5-b4fb-d1f335f047d8
2025-04-23 14:36:41,947 [e5540f2e-ddef-4dd5-b4fb-d1f335f047d8-impl-thread1] INFO  util.JmxRegister (JmxRegister.java:register(58)) - register mxBean class org.apache.ratis.server.impl.RaftServerJmxAdapter as Ratis:service=RaftServer,group=group-E3A852294E6A,id=e5540f2e-ddef-4dd5-b4fb-d1f335f047d8
2025-04-23 14:36:41,950 [e5540f2e-ddef-4dd5-b4fb-d1f335f047d8@group-E3A852294E6A-FollowerState] INFO  server.RaftServerConfigKeys (ConfUtils.java:logGet(46)) - raft.server.rpc.first-election.timeout.min = 1000ms (custom)
2025-04-23 14:36:41,950 [e5540f2e-ddef-4dd5-b4fb-d1f335f047d8@group-E3A852294E6A-FollowerState] INFO  server.RaftServerConfigKeys (ConfUtils.java:logGet(46)) - raft.server.rpc.first-election.timeout.max = 1200ms (custom)
2025-04-23 14:36:41,950 [e5540f2e-ddef-4dd5-b4fb-d1f335f047d8-impl-thread1] INFO  server.RaftServerConfigKeys (ConfUtils.java:logGet(46)) - raft.server.snapshot.trigger-when-stop.enabled = true (default)
2025-04-23 14:36:41,951 [e5540f2e-ddef-4dd5-b4fb-d1f335f047d8-impl-thread1] INFO  server.RaftServerConfigKeys (ConfUtils.java:logGet(46)) - raft.server.snapshot.trigger-when-remove.enabled = true (default)
2025-04-23 14:36:41,951 [e5540f2e-ddef-4dd5-b4fb-d1f335f047d8-impl-thread1] INFO  server.RaftServerConfigKeys (ConfUtils.java:logGet(46)) - raft.server.snapshot.auto.trigger.enabled = true (custom)
2025-04-23 14:36:41,953 [e5540f2e-ddef-4dd5-b4fb-d1f335f047d8-impl-thread1] INFO  server.RaftServerConfigKeys (ConfUtils.java:logGet(46)) - raft.server.snapshot.auto.trigger.threshold = 1000 (custom)
2025-04-23 14:36:41,953 [e5540f2e-ddef-4dd5-b4fb-d1f335f047d8-impl-thread1] INFO  server.RaftServerConfigKeys (ConfUtils.java:logGet(46)) - raft.server.snapshot.retention.file.num = -1 (default)
2025-04-23 14:36:41,954 [e5540f2e-ddef-4dd5-b4fb-d1f335f047d8-impl-thread1] INFO  server.RaftServerConfigKeys (ConfUtils.java:logGet(46)) - raft.server.log.purge.upto.snapshot.index = false (default)
2025-04-23 14:36:41,958 [e5540f2e-ddef-4dd5-b4fb-d1f335f047d8-impl-thread1] INFO  server.RaftServer$Division (RaftServerImpl.java:start(405)) - e5540f2e-ddef-4dd5-b4fb-d1f335f047d8@group-E3A852294E6A: Successfully started.
2025-04-23 14:36:41,959 [main] INFO  server.RaftServer (RaftServerProxy.java:startImpl(407)) - e5540f2e-ddef-4dd5-b4fb-d1f335f047d8: start RPC server
2025-04-23 14:36:42,000 [main] INFO  server.GrpcService (GrpcService.java:startImpl(334)) - e5540f2e-ddef-4dd5-b4fb-d1f335f047d8: GrpcService started, listening on 15004
2025-04-23 14:36:42,002 [JvmPauseMonitor0] INFO  util.JvmPauseMonitor (JvmPauseMonitor.java:run(146)) - JvmPauseMonitor-e5540f2e-ddef-4dd5-b4fb-d1f335f047d8: Started
2025-04-23 14:36:43,052 [e5540f2e-ddef-4dd5-b4fb-d1f335f047d8@group-E3A852294E6A-FollowerState] INFO  impl.FollowerState (FollowerState.java:runImpl(161)) - e5540f2e-ddef-4dd5-b4fb-d1f335f047d8@group-E3A852294E6A-FollowerState: change to CANDIDATE, lastRpcElapsedTime:1111799472ns, electionTimeout:1100ms
2025-04-23 14:36:43,052 [e5540f2e-ddef-4dd5-b4fb-d1f335f047d8@group-E3A852294E6A-FollowerState] INFO  impl.RoleInfo (RoleInfo.java:shutdownFollowerState(121)) - e5540f2e-ddef-4dd5-b4fb-d1f335f047d8: shutdown e5540f2e-ddef-4dd5-b4fb-d1f335f047d8@group-E3A852294E6A-FollowerState
2025-04-23 14:36:43,052 [e5540f2e-ddef-4dd5-b4fb-d1f335f047d8@group-E3A852294E6A-FollowerState] INFO  server.RaftServer$Division (RaftServerImpl.java:setRole(378)) - e5540f2e-ddef-4dd5-b4fb-d1f335f047d8@group-E3A852294E6A: changes role from  FOLLOWER to CANDIDATE at term 0 for changeToCandidate
2025-04-23 14:36:43,054 [e5540f2e-ddef-4dd5-b4fb-d1f335f047d8@group-E3A852294E6A-FollowerState] INFO  server.RaftServerConfigKeys (ConfUtils.java:logGet(46)) - raft.server.leaderelection.pre-vote = true (default)
2025-04-23 14:36:43,054 [e5540f2e-ddef-4dd5-b4fb-d1f335f047d8@group-E3A852294E6A-FollowerState] INFO  impl.RoleInfo (RoleInfo.java:updateAndGet(148)) - e5540f2e-ddef-4dd5-b4fb-d1f335f047d8: start e5540f2e-ddef-4dd5-b4fb-d1f335f047d8@group-E3A852294E6A-LeaderElection1
2025-04-23 14:36:43,058 [e5540f2e-ddef-4dd5-b4fb-d1f335f047d8@group-E3A852294E6A-LeaderElection1] INFO  impl.LeaderElection (LeaderElection.java:askForVotes(332)) - e5540f2e-ddef-4dd5-b4fb-d1f335f047d8@group-E3A852294E6A-LeaderElection1 PRE_VOTE round 0: submit vote requests at term 0 for conf: {index: -1, cur=peers:[e5540f2e-ddef-4dd5-b4fb-d1f335f047d8|fv-az1120-822:15004]|listeners:[], old=null}
2025-04-23 14:36:43,058 [e5540f2e-ddef-4dd5-b4fb-d1f335f047d8@group-E3A852294E6A-LeaderElection1] INFO  impl.LeaderElection (LeaderElection.java:askForVotes(334)) - e5540f2e-ddef-4dd5-b4fb-d1f335f047d8@group-E3A852294E6A-LeaderElection1 PRE_VOTE round 0: result PASSED (term=0)
2025-04-23 14:36:43,063 [e5540f2e-ddef-4dd5-b4fb-d1f335f047d8@group-E3A852294E6A-LeaderElection1] INFO  impl.LeaderElection (LeaderElection.java:askForVotes(332)) - e5540f2e-ddef-4dd5-b4fb-d1f335f047d8@group-E3A852294E6A-LeaderElection1 ELECTION round 0: submit vote requests at term 1 for conf: {index: -1, cur=peers:[e5540f2e-ddef-4dd5-b4fb-d1f335f047d8|fv-az1120-822:15004]|listeners:[], old=null}
2025-04-23 14:36:43,064 [e5540f2e-ddef-4dd5-b4fb-d1f335f047d8@group-E3A852294E6A-LeaderElection1] INFO  impl.LeaderElection (LeaderElection.java:askForVotes(334)) - e5540f2e-ddef-4dd5-b4fb-d1f335f047d8@group-E3A852294E6A-LeaderElection1 ELECTION round 0: result PASSED (term=1)
2025-04-23 14:36:43,064 [e5540f2e-ddef-4dd5-b4fb-d1f335f047d8@group-E3A852294E6A-LeaderElection1] INFO  impl.RoleInfo (RoleInfo.java:shutdownLeaderElection(141)) - e5540f2e-ddef-4dd5-b4fb-d1f335f047d8: shutdown e5540f2e-ddef-4dd5-b4fb-d1f335f047d8@group-E3A852294E6A-LeaderElection1
2025-04-23 14:36:43,064 [e5540f2e-ddef-4dd5-b4fb-d1f335f047d8@group-E3A852294E6A-LeaderElection1] INFO  server.RaftServer$Division (RaftServerImpl.java:setRole(378)) - e5540f2e-ddef-4dd5-b4fb-d1f335f047d8@group-E3A852294E6A: changes role from CANDIDATE to LEADER at term 1 for changeToLeader
2025-04-23 14:36:43,068 [e5540f2e-ddef-4dd5-b4fb-d1f335f047d8@group-E3A852294E6A-LeaderElection1] INFO  server.RaftServerConfigKeys (ConfUtils.java:logGet(46)) - raft.server.staging.catchup.gap = 1000 (default)
2025-04-23 14:36:43,069 [e5540f2e-ddef-4dd5-b4fb-d1f335f047d8@group-E3A852294E6A-LeaderElection1] INFO  server.RaftServerConfigKeys (ConfUtils.java:logGet(46)) - raft.server.write.element-limit = 4096 (default)
2025-04-23 14:36:43,070 [e5540f2e-ddef-4dd5-b4fb-d1f335f047d8@group-E3A852294E6A-LeaderElection1] INFO  server.RaftServerConfigKeys (ConfUtils.java:logGet(46)) - raft.server.write.byte-limit = 64MB (=67108864) (default)
2025-04-23 14:36:43,072 [e5540f2e-ddef-4dd5-b4fb-d1f335f047d8@group-E3A852294E6A-LeaderElection1] INFO  server.RaftServerConfigKeys (ConfUtils.java:logGet(46)) - raft.server.watch.timeout = 10s (default)
2025-04-23 14:36:43,072 [e5540f2e-ddef-4dd5-b4fb-d1f335f047d8@group-E3A852294E6A-LeaderElection1] INFO  server.RaftServerConfigKeys (ConfUtils.java:logGet(46)) - raft.server.watch.timeout.denomination = 1s (default)
2025-04-23 14:36:43,073 [e5540f2e-ddef-4dd5-b4fb-d1f335f047d8@group-E3A852294E6A-LeaderElection1] INFO  server.RaftServerConfigKeys (ConfUtils.java:logGet(46)) - raft.server.watch.element-limit = 65536 (default)
2025-04-23 14:36:43,078 [e5540f2e-ddef-4dd5-b4fb-d1f335f047d8@group-E3A852294E6A-LeaderElection1] INFO  server.RaftServerConfigKeys (ConfUtils.java:logGet(46)) - raft.server.read.leader.lease.enabled = false (default)
2025-04-23 14:36:43,079 [e5540f2e-ddef-4dd5-b4fb-d1f335f047d8@group-E3A852294E6A-LeaderElection1] INFO  server.RaftServerConfigKeys (ConfUtils.java:logGet(46)) - raft.server.read.leader.lease.timeout.ratio = 0.9 (default)
2025-04-23 14:36:43,080 [e5540f2e-ddef-4dd5-b4fb-d1f335f047d8@group-E3A852294E6A-LeaderElection1] INFO  server.RaftServerConfigKeys (ConfUtils.java:logGet(46)) - raft.server.rpc.timeout.min = 5000ms (custom)
2025-04-23 14:36:43,080 [e5540f2e-ddef-4dd5-b4fb-d1f335f047d8@group-E3A852294E6A-LeaderElection1] INFO  server.RaftServerConfigKeys (ConfUtils.java:logGet(46)) - raft.server.log.log-metadata.enabled = true (default)
2025-04-23 14:36:43,080 [e5540f2e-ddef-4dd5-b4fb-d1f335f047d8@group-E3A852294E6A-LeaderElection1] INFO  server.RaftServerConfigKeys (ConfUtils.java:logGet(46)) - raft.server.write.element-limit = 4096 (default)
2025-04-23 14:36:43,081 [e5540f2e-ddef-4dd5-b4fb-d1f335f047d8@group-E3A852294E6A-LeaderElection1] INFO  server.RaftServerConfigKeys (ConfUtils.java:logGet(46)) - raft.server.write.follower.gap.ratio.max = -1.0 (default)
2025-04-23 14:36:43,082 [e5540f2e-ddef-4dd5-b4fb-d1f335f047d8@group-E3A852294E6A-LeaderElection1] INFO  impl.RoleInfo (RoleInfo.java:updateAndGet(148)) - e5540f2e-ddef-4dd5-b4fb-d1f335f047d8: start e5540f2e-ddef-4dd5-b4fb-d1f335f047d8@group-E3A852294E6A-LeaderStateImpl
2025-04-23 14:36:43,082 [e5540f2e-ddef-4dd5-b4fb-d1f335f047d8@group-E3A852294E6A-LeaderElection1] INFO  server.RaftServer$Division (RaftServerImpl.java:setFirstElection(562)) - e5540f2e-ddef-4dd5-b4fb-d1f335f047d8@group-E3A852294E6A: set firstElectionSinceStartup to false for becomeLeader
2025-04-23 14:36:43,082 [e5540f2e-ddef-4dd5-b4fb-d1f335f047d8@group-E3A852294E6A-LeaderElection1] INFO  server.RaftServer$Division (ServerState.java:setLeader(272)) - e5540f2e-ddef-4dd5-b4fb-d1f335f047d8@group-E3A852294E6A: change Leader from null to e5540f2e-ddef-4dd5-b4fb-d1f335f047d8 at term 1 for becomeLeader, leader elected after 1341ms
2025-04-23 14:36:43,095 [e5540f2e-ddef-4dd5-b4fb-d1f335f047d8@group-E3A852294E6A-LeaderElection1] INFO  segmented.SegmentedRaftLogWorker (SegmentedRaftLogWorker.java:startLogSegment(438)) - e5540f2e-ddef-4dd5-b4fb-d1f335f047d8@group-E3A852294E6A-SegmentedRaftLogWorker: Starting segment from index:0
2025-04-23 14:36:43,110 [e5540f2e-ddef-4dd5-b4fb-d1f335f047d8@group-E3A852294E6A-LeaderElection1] INFO  server.RaftServer$Division (ServerState.java:setRaftConf(386)) - e5540f2e-ddef-4dd5-b4fb-d1f335f047d8@group-E3A852294E6A: set configuration conf: {index: 0, cur=peers:[e5540f2e-ddef-4dd5-b4fb-d1f335f047d8|fv-az1120-822:15004]|listeners:[], old=null}
2025-04-23 14:36:43,115 [e5540f2e-ddef-4dd5-b4fb-d1f335f047d8@group-E3A852294E6A-SegmentedRaftLogWorker] INFO  segmented.BufferedWriteChannel (BufferedWriteChannel.java:open(61)) - open log_inprogress_0 at position 0
2025-04-23 14:36:43,125 [e5540f2e-ddef-4dd5-b4fb-d1f335f047d8@group-E3A852294E6A-SegmentedRaftLogWorker] INFO  segmented.SegmentedRaftLogWorker (SegmentedRaftLogWorker.java:execute(644)) - e5540f2e-ddef-4dd5-b4fb-d1f335f047d8@group-E3A852294E6A-SegmentedRaftLogWorker: created new log segment /home/runner/work/ozone/ozone/hadoop-ozone/integration-test/target/test-dir/MiniOzoneClusterImpl-68853c07-42d2-4ef8-9e75-e3a852294e6a/ozone-meta/scm-ha/68853c07-42d2-4ef8-9e75-e3a852294e6a/current/log_inprogress_0
2025-04-23 14:36:43,138 [e5540f2e-ddef-4dd5-b4fb-d1f335f047d8@group-E3A852294E6A-StateMachineUpdater] INFO  server.RaftServer$Division (LeaderStateImpl.java:checkStartIndex(313)) - Leader e5540f2e-ddef-4dd5-b4fb-d1f335f047d8@group-E3A852294E6A-LeaderStateImpl is ready since appliedIndex == startIndex == 0
2025-04-23 14:36:44,002 [main] INFO  server.RaftServer (RaftServerProxy.java:lambda$close$9(417)) - e5540f2e-ddef-4dd5-b4fb-d1f335f047d8: close
2025-04-23 14:36:44,003 [e5540f2e-ddef-4dd5-b4fb-d1f335f047d8-impl-thread1] INFO  server.RaftServer$Division (RaftServerImpl.java:lambda$close$1(513)) - e5540f2e-ddef-4dd5-b4fb-d1f335f047d8@group-E3A852294E6A: shutdown
2025-04-23 14:36:44,004 [e5540f2e-ddef-4dd5-b4fb-d1f335f047d8-impl-thread1] INFO  util.JmxRegister (JmxRegister.java:unregister(74)) - Successfully un-registered JMX Bean with object name Ratis:service=RaftServer,group=group-E3A852294E6A,id=e5540f2e-ddef-4dd5-b4fb-d1f335f047d8
2025-04-23 14:36:44,004 [e5540f2e-ddef-4dd5-b4fb-d1f335f047d8-impl-thread1] INFO  impl.RoleInfo (RoleInfo.java:shutdownLeaderState(103)) - e5540f2e-ddef-4dd5-b4fb-d1f335f047d8: shutdown e5540f2e-ddef-4dd5-b4fb-d1f335f047d8@group-E3A852294E6A-LeaderStateImpl
2025-04-23 14:36:44,003 [main] INFO  server.GrpcService (GrpcService.java:closeImpl(343)) - e5540f2e-ddef-4dd5-b4fb-d1f335f047d8: shutdown server GrpcServerProtocolService now
2025-04-23 14:36:44,007 [e5540f2e-ddef-4dd5-b4fb-d1f335f047d8-impl-thread1] INFO  impl.PendingRequests (PendingRequests.java:sendNotLeaderResponses(287)) - e5540f2e-ddef-4dd5-b4fb-d1f335f047d8@group-E3A852294E6A-PendingRequests: sendNotLeaderResponses
2025-04-23 14:36:44,009 [main] INFO  server.GrpcService (GrpcService.java:closeImpl(352)) - e5540f2e-ddef-4dd5-b4fb-d1f335f047d8: shutdown server GrpcServerProtocolService successfully
2025-04-23 14:36:44,010 [e5540f2e-ddef-4dd5-b4fb-d1f335f047d8-impl-thread1] INFO  impl.StateMachineUpdater (StateMachineUpdater.java:stopAndJoin(164)) - e5540f2e-ddef-4dd5-b4fb-d1f335f047d8@group-E3A852294E6A-StateMachineUpdater: set stopIndex = 0
2025-04-23 14:36:44,010 [e5540f2e-ddef-4dd5-b4fb-d1f335f047d8@group-E3A852294E6A-StateMachineUpdater] INFO  impl.StateMachineUpdater (StateMachineUpdater.java:takeSnapshot(303)) - e5540f2e-ddef-4dd5-b4fb-d1f335f047d8@group-E3A852294E6A-StateMachineUpdater: Took a snapshot at index 0
2025-04-23 14:36:44,011 [e5540f2e-ddef-4dd5-b4fb-d1f335f047d8@group-E3A852294E6A-StateMachineUpdater] INFO  impl.StateMachineUpdater (StateMachineUpdater.java:lambda$new$0(102)) - e5540f2e-ddef-4dd5-b4fb-d1f335f047d8@group-E3A852294E6A-StateMachineUpdater: snapshotIndex: updateIncreasingly -1 -> 0
2025-04-23 14:36:44,012 [e5540f2e-ddef-4dd5-b4fb-d1f335f047d8@group-E3A852294E6A-StateMachineUpdater] INFO  impl.StateMachineUpdater (StateMachineUpdater.java:stop(141)) - e5540f2e-ddef-4dd5-b4fb-d1f335f047d8@group-E3A852294E6A-StateMachineUpdater: closing SCMStateMachine, lastApplied=(t:1, i:0)
2025-04-23 14:36:44,013 [e5540f2e-ddef-4dd5-b4fb-d1f335f047d8@group-E3A852294E6A-cacheEviction-AwaitToRun] INFO  util.AwaitToRun (AwaitToRun.java:run(49)) - e5540f2e-ddef-4dd5-b4fb-d1f335f047d8@group-E3A852294E6A-cacheEviction-AwaitToRun-AwaitForSignal is interrupted
2025-04-23 14:36:44,130 [e5540f2e-ddef-4dd5-b4fb-d1f335f047d8-impl-thread1] INFO  segmented.SegmentedRaftLogWorker (SegmentedRaftLogWorker.java:close(252)) - e5540f2e-ddef-4dd5-b4fb-d1f335f047d8@group-E3A852294E6A-SegmentedRaftLogWorker close()
2025-04-23 14:36:44,135 [JvmPauseMonitor0] INFO  util.JvmPauseMonitor (JvmPauseMonitor.java:run(152)) - JvmPauseMonitor-e5540f2e-ddef-4dd5-b4fb-d1f335f047d8: Stopped
2025-04-23 14:36:44,164 [main] WARN  server.ServerUtils (ServerUtils.java:getScmDbDir(141)) - ozone.scm.db.dirs is not configured. We recommend adding this setting. Falling back to ozone.metadata.dirs instead.
2025-04-23 14:36:44,166 [main] INFO  ha.SCMHANodeDetails (SCMHANodeDetails.java:loadSCMHAConfig(162)) - ServiceID for StorageContainerManager is null
2025-04-23 14:36:44,166 [main] INFO  ha.SCMHANodeDetails (SCMHANodeDetails.java:loadSCMHAConfig(166)) - ozone.scm.default.service.id is not defined, falling back to ozone.scm.service.ids to find serviceID for StorageContainerManager if it is HA enabled cluster
2025-04-23 14:36:44,547 [main] WARN  utils.HAUtils (HAUtils.java:getMetaDir(337)) - ozone.scm.db.dirs is not configured. We recommend adding this setting. Falling back to ozone.metadata.dirs instead.
2025-04-23 14:36:44,648 [main] WARN  db.DBStoreBuilder (DBStoreBuilder.java:getDBDirPath(167)) - ozone.scm.db.dirs is not configured. We recommend adding this setting. Falling back to ozone.metadata.dirs instead.
2025-04-23 14:36:44,825 [main] INFO  net.NodeSchemaLoader (NodeSchemaLoader.java:loadSchemaFromFile(127)) - Loading schema from [jar:file:/home/runner/work/ozone/ozone/hadoop-hdds/common/target/hdds-common-2.1.0-SNAPSHOT.jar!/network-topology-default.xml]
2025-04-23 14:36:44,827 [main] INFO  net.NodeSchemaLoader (NodeSchemaLoader.java:loadSchema(174)) - Loading network topology layer schema file
2025-04-23 14:36:44,928 [main] INFO  ha.SCMRatisServerImpl (SCMRatisServerImpl.java:<init>(100)) - starting Raft server for scm:e5540f2e-ddef-4dd5-b4fb-d1f335f047d8
2025-04-23 14:36:44,931 [main] INFO  server.RaftServerConfigKeys (ConfUtils.java:logGet(46)) - raft.server.log.appender.buffer.byte-limit = 4194304 (custom)
2025-04-23 14:36:44,933 [main] INFO  server.RaftServer (ConfUtils.java:logGet(46)) - raft.rpc.type = GRPC (default)
2025-04-23 14:36:44,933 [main] INFO  grpc.GrpcConfigKeys (ConfUtils.java:logFallback(53)) - raft.grpc.admin.host = null (fallback to raft.grpc.server.host)
2025-04-23 14:36:44,934 [main] INFO  grpc.GrpcConfigKeys (ConfUtils.java:logFallback(53)) - raft.grpc.admin.port = 15004 (fallback to raft.grpc.server.port)
2025-04-23 14:36:44,934 [main] INFO  grpc.GrpcConfigKeys (ConfUtils.java:logFallback(53)) - raft.grpc.client.host = null (fallback to raft.grpc.server.host)
2025-04-23 14:36:44,934 [main] INFO  grpc.GrpcConfigKeys (ConfUtils.java:logFallback(53)) - raft.grpc.client.port = 15004 (fallback to raft.grpc.server.port)
2025-04-23 14:36:44,934 [main] INFO  grpc.GrpcConfigKeys (ConfUtils.java:logGet(46)) - raft.grpc.server.host = null (default)
2025-04-23 14:36:44,934 [main] INFO  grpc.GrpcConfigKeys (ConfUtils.java:logGet(46)) - raft.grpc.server.port = 15004 (custom)
2025-04-23 14:36:44,934 [main] INFO  server.GrpcService (ConfUtils.java:logGet(46)) - raft.grpc.message.size.max = 5242880 (custom)
2025-04-23 14:36:44,935 [main] INFO  server.GrpcService (ConfUtils.java:logGet(46)) - raft.grpc.flow.control.window = 1MB (=1048576) (default)
2025-04-23 14:36:44,935 [main] INFO  server.RaftServerConfigKeys (ConfUtils.java:logGet(46)) - raft.server.rpc.request.timeout = 30000ms (custom)
2025-04-23 14:36:44,935 [main] INFO  grpc.GrpcConfigKeys (ConfUtils.java:logGet(46)) - raft.grpc.server.heartbeat.channel = true (default)
2025-04-23 14:36:44,935 [main] INFO  server.RaftServerConfigKeys (ConfUtils.java:logGet(46)) - raft.server.log.appender.buffer.byte-limit = 4194304 (custom)
2025-04-23 14:36:44,935 [main] INFO  grpc.GrpcConfigKeys (ConfUtils.java:logGet(46)) - raft.grpc.server.async.request.thread.pool.cached = true (default)
2025-04-23 14:36:44,936 [main] INFO  grpc.GrpcConfigKeys (ConfUtils.java:logGet(46)) - raft.grpc.server.async.request.thread.pool.size = 32 (default)
2025-04-23 14:36:44,937 [main] INFO  impl.DataStreamServerImpl (ConfUtils.java:logGet(46)) - raft.datastream.type = DISABLED (default)
2025-04-23 14:36:44,937 [main] INFO  server.RaftServerConfigKeys (ConfUtils.java:logGet(46)) - raft.server.sleep.deviation.threshold = 300ms (default)
2025-04-23 14:36:44,937 [main] INFO  server.RaftServerConfigKeys (ConfUtils.java:logGet(46)) - raft.server.close.threshold = 60s (default)
2025-04-23 14:36:44,937 [main] INFO  server.RaftServerConfigKeys (ConfUtils.java:logGet(46)) - raft.server.leaderelection.leader.step-down.wait-time = 10s (default)
2025-04-23 14:36:44,938 [main] INFO  server.RaftServerConfigKeys (ConfUtils.java:logGet(46)) - raft.server.storage.dir = [/home/runner/work/ozone/ozone/hadoop-ozone/integration-test/target/test-dir/MiniOzoneClusterImpl-68853c07-42d2-4ef8-9e75-e3a852294e6a/ozone-meta/scm-ha] (custom)
2025-04-23 14:36:44,938 [main] INFO  server.RaftServerConfigKeys (ConfUtils.java:logGet(46)) - raft.server.threadpool.proxy.cached = true (default)
2025-04-23 14:36:44,938 [main] INFO  server.RaftServerConfigKeys (ConfUtils.java:logGet(46)) - raft.server.threadpool.proxy.size = 0 (default)
2025-04-23 14:36:44,939 [e5540f2e-ddef-4dd5-b4fb-d1f335f047d8-impl-thread1] INFO  server.RaftServer (RaftServerProxy.java:initGroupDir(265)) - e5540f2e-ddef-4dd5-b4fb-d1f335f047d8: found a subdirectory /home/runner/work/ozone/ozone/hadoop-ozone/integration-test/target/test-dir/MiniOzoneClusterImpl-68853c07-42d2-4ef8-9e75-e3a852294e6a/ozone-meta/scm-ha/68853c07-42d2-4ef8-9e75-e3a852294e6a
2025-04-23 14:36:44,940 [main] INFO  server.RaftServer (RaftServerProxy.java:addNew(100)) - e5540f2e-ddef-4dd5-b4fb-d1f335f047d8: addNew group-E3A852294E6A:[] returns group-E3A852294E6A:java.util.concurrent.CompletableFuture@16b76858[Not completed]
2025-04-23 14:36:44,942 [e5540f2e-ddef-4dd5-b4fb-d1f335f047d8-groupManagement] INFO  server.RaftServer$Division (RaftServerImpl.java:<init>(255)) - e5540f2e-ddef-4dd5-b4fb-d1f335f047d8: new RaftServerImpl for group-E3A852294E6A:[] with SCMStateMachine:uninitialized
2025-04-23 14:36:44,943 [e5540f2e-ddef-4dd5-b4fb-d1f335f047d8-groupManagement] INFO  server.RaftServerConfigKeys (ConfUtils.java:logGet(46)) - raft.server.rpc.timeout.min = 5000ms (custom)
2025-04-23 14:36:44,943 [e5540f2e-ddef-4dd5-b4fb-d1f335f047d8-groupManagement] INFO  server.RaftServerConfigKeys (ConfUtils.java:logGet(46)) - raft.server.rpc.timeout.max = 5200ms (custom)
2025-04-23 14:36:44,943 [e5540f2e-ddef-4dd5-b4fb-d1f335f047d8-groupManagement] INFO  server.RaftServerConfigKeys (ConfUtils.java:logGet(46)) - raft.server.rpc.sleep.time = 25ms (default)
2025-04-23 14:36:44,944 [e5540f2e-ddef-4dd5-b4fb-d1f335f047d8-groupManagement] INFO  server.RaftServerConfigKeys (ConfUtils.java:logGet(46)) - raft.server.rpc.slowness.timeout = 120000ms (custom)
2025-04-23 14:36:44,944 [e5540f2e-ddef-4dd5-b4fb-d1f335f047d8-groupManagement] INFO  server.RaftServerConfigKeys (ConfUtils.java:logGet(46)) - raft.server.leaderelection.leader.step-down.wait-time = 10s (default)
2025-04-23 14:36:44,944 [e5540f2e-ddef-4dd5-b4fb-d1f335f047d8-groupManagement] INFO  server.RaftServerConfigKeys (ConfUtils.java:logGet(46)) - raft.server.leaderelection.member.majority-add = false (default)
2025-04-23 14:36:44,944 [e5540f2e-ddef-4dd5-b4fb-d1f335f047d8-groupManagement] INFO  server.RaftServerConfigKeys (ConfUtils.java:logGet(46)) - raft.server.sleep.deviation.threshold = 300ms (default)
2025-04-23 14:36:44,944 [e5540f2e-ddef-4dd5-b4fb-d1f335f047d8-groupManagement] INFO  server.RaftServer$Division (ServerState.java:<init>(114)) - e5540f2e-ddef-4dd5-b4fb-d1f335f047d8@group-E3A852294E6A: ConfigurationManager, init=conf: {index: -1, cur=peers:[]|listeners:[], old=null}, confs=<EMPTY_MAP>
2025-04-23 14:36:44,944 [e5540f2e-ddef-4dd5-b4fb-d1f335f047d8-groupManagement] INFO  server.RaftServerConfigKeys (ConfUtils.java:logGet(46)) - raft.server.notification.no-leader.timeout = 60s (default)
2025-04-23 14:36:44,945 [e5540f2e-ddef-4dd5-b4fb-d1f335f047d8-groupManagement] INFO  server.RaftServerConfigKeys (ConfUtils.java:logGet(46)) - raft.server.read.timeout = 10s (default)
2025-04-23 14:36:44,945 [e5540f2e-ddef-4dd5-b4fb-d1f335f047d8-groupManagement] INFO  server.RaftServerConfigKeys (ConfUtils.java:logGet(46)) - raft.server.retrycache.expirytime = 60000ms (default)
2025-04-23 14:36:44,945 [e5540f2e-ddef-4dd5-b4fb-d1f335f047d8-groupManagement] INFO  server.RaftServerConfigKeys (ConfUtils.java:logGet(46)) - raft.server.retrycache.statistics.expirytime = 100ms (default)
2025-04-23 14:36:44,946 [e5540f2e-ddef-4dd5-b4fb-d1f335f047d8-groupManagement] INFO  server.RaftServerConfigKeys (ConfUtils.java:logGet(46)) - raft.server.read.option = DEFAULT (default)
2025-04-23 14:36:44,946 [e5540f2e-ddef-4dd5-b4fb-d1f335f047d8-groupManagement] INFO  server.RaftServerConfigKeys (ConfUtils.java:logGet(46)) - raft.server.read.read-after-write-consistent.write-index-cache.expiry-time = 60s (default)
2025-04-23 14:36:44,954 [e5540f2e-ddef-4dd5-b4fb-d1f335f047d8-groupManagement] INFO  server.RaftServerConfigKeys (ConfUtils.java:logGet(46)) - raft.server.rpc.request.timeout = 30000ms (custom)
2025-04-23 14:36:44,954 [e5540f2e-ddef-4dd5-b4fb-d1f335f047d8-groupManagement] INFO  server.RaftServerConfigKeys (ConfUtils.java:logGet(46)) - raft.server.log.appender.install.snapshot.enabled = false (custom)
2025-04-23 14:36:44,955 [e5540f2e-ddef-4dd5-b4fb-d1f335f047d8-groupManagement] INFO  server.RaftServerConfigKeys (ConfUtils.java:logGet(46)) - raft.server.threadpool.server.cached = true (default)
2025-04-23 14:36:44,955 [e5540f2e-ddef-4dd5-b4fb-d1f335f047d8-groupManagement] INFO  server.RaftServerConfigKeys (ConfUtils.java:logGet(46)) - raft.server.threadpool.server.size = 0 (default)
2025-04-23 14:36:44,955 [e5540f2e-ddef-4dd5-b4fb-d1f335f047d8-groupManagement] INFO  server.RaftServerConfigKeys (ConfUtils.java:logGet(46)) - raft.server.threadpool.client.cached = true (default)
2025-04-23 14:36:44,955 [e5540f2e-ddef-4dd5-b4fb-d1f335f047d8-groupManagement] INFO  server.RaftServerConfigKeys (ConfUtils.java:logGet(46)) - raft.server.threadpool.client.size = 0 (default)
2025-04-23 14:36:44,957 [main] INFO  ha.SCMSnapshotProvider (SCMSnapshotProvider.java:<init>(62)) - Initializing SCM Snapshot Provider
2025-04-23 14:36:44,957 [main] WARN  server.ServerUtils (ServerUtils.java:getDefaultRatisDirectory(309)) - Storage directory for Ratis is not configured. It is a good idea to map this to an SSD disk. Falling back to ozone.metadata.dirs
2025-04-23 14:36:44,958 [main] WARN  ha.SCMHAUtils (SCMHAUtils.java:getSCMRatisSnapshotDirectory(120)) - SCM snapshot dir is not configured. Falling back to ozone.metadata.dirs config
2025-04-23 14:36:44,983 [main] INFO  upgrade.AbstractLayoutVersionManager (AbstractLayoutVersionManager.java:init(80)) - Initializing Layout version manager with metadata layout = HBASE_SUPPORT (version = 8), software layout = HBASE_SUPPORT (version = 8)
2025-04-23 14:36:45,010 [main] INFO  ha.SequenceIdGenerator (SequenceIdGenerator.java:upgradeToSequenceId(362)) - upgrade localId to 115816896921600000
2025-04-23 14:36:45,011 [main] INFO  ha.SequenceIdGenerator (SequenceIdGenerator.java:upgradeToSequenceId(372)) - upgrade delTxnId to 0
2025-04-23 14:36:45,017 [main] INFO  ha.SequenceIdGenerator (SequenceIdGenerator.java:upgradeToSequenceId(389)) - upgrade containerId to 0
2025-04-23 14:36:45,019 [main] INFO  ha.SequenceIdGenerator (SequenceIdGenerator.java:upgradeToCertificateSequenceId(426)) - upgrade CertificateId to 2
2025-04-23 14:36:45,021 [main] INFO  ha.SequenceIdGenerator (SequenceIdGenerator.java:<init>(239)) - Init the HA SequenceIdGenerator.
2025-04-23 14:36:45,066 [main] WARN  server.ServerUtils (ServerUtils.java:sanitizeUserArgs(77)) - ozone.scm.stale.node.interval value = 300000 is larger than max = 100000 based on the key value of ozone.scm.heartbeat.thread.interval, reset to the max value 100000.
2025-04-23 14:36:45,067 [main] WARN  server.ServerUtils (ServerUtils.java:sanitizeUserArgs(77)) - ozone.scm.stale.node.interval value = 300000 is larger than max = 100000 based on the key value of ozone.scm.heartbeat.thread.interval, reset to the max value 100000.
2025-04-23 14:36:45,072 [main] INFO  node.SCMNodeManager (SCMNodeManager.java:<init>(181)) - Entering startup safe mode.
2025-04-23 14:36:45,084 [main] INFO  algorithms.ContainerPlacementPolicyFactory (ContainerPlacementPolicyFactory.java:getPolicyInternal(85)) - Create container placement policy of type org.apache.hadoop.hdds.scm.container.placement.algorithms.SCMContainerPlacementRackAware
2025-04-23 14:36:45,089 [main] INFO  algorithms.ContainerPlacementPolicyFactory (ContainerPlacementPolicyFactory.java:getPolicyInternal(85)) - Create container placement policy of type org.apache.hadoop.hdds.scm.container.placement.algorithms.SCMContainerPlacementRackScatter
2025-04-23 14:36:45,096 [main] INFO  pipeline.PipelineStateManagerImpl (PipelineStateManagerImpl.java:initialize(75)) - No pipeline exists in current db
2025-04-23 14:36:45,108 [main] INFO  algorithms.LeaderChoosePolicyFactory (LeaderChoosePolicyFactory.java:getPolicy(56)) - Create leader choose policy of type org.apache.hadoop.hdds.scm.pipeline.leader.choose.algorithms.MinLeaderCountChoosePolicy
2025-04-23 14:36:45,109 [main] INFO  algorithms.ContainerPlacementPolicyFactory (ContainerPlacementPolicyFactory.java:getPolicyInternal(85)) - Create container placement policy of type org.apache.hadoop.hdds.scm.container.placement.algorithms.SCMContainerPlacementRackScatter
2025-04-23 14:36:45,116 [main] INFO  ha.SCMServiceManager (SCMServiceManager.java:register(42)) - Registering service BackgroundPipelineCreator.
2025-04-23 14:36:45,117 [main] INFO  pipeline.BackgroundPipelineCreator (BackgroundPipelineCreator.java:start(127)) - Starting RatisPipelineUtilsThread.
2025-04-23 14:36:45,119 [main] INFO  BackgroundPipelineScrubber (BackgroundSCMService.java:start(64)) - Starting BackgroundPipelineScrubber Service.
2025-04-23 14:36:45,120 [main] INFO  ha.SCMServiceManager (SCMServiceManager.java:register(42)) - Registering service BackgroundPipelineScrubber.
2025-04-23 14:36:45,125 [main] INFO  ExpiredContainerReplicaOpScrubber (BackgroundSCMService.java:start(64)) - Starting ExpiredContainerReplicaOpScrubber Service.
2025-04-23 14:36:45,126 [main] INFO  ha.SCMServiceManager (SCMServiceManager.java:register(42)) - Registering service ExpiredContainerReplicaOpScrubber.
2025-04-23 14:36:45,149 [main] INFO  algorithms.PipelineChoosePolicyFactory (PipelineChoosePolicyFactory.java:createPipelineChoosePolicyFromClass(78)) - Create pipeline choose policy of type org.apache.hadoop.hdds.scm.pipeline.choose.algorithms.RandomPipelineChoosePolicy
2025-04-23 14:36:45,150 [main] INFO  algorithms.PipelineChoosePolicyFactory (PipelineChoosePolicyFactory.java:createPipelineChoosePolicyFromClass(78)) - Create pipeline choose policy of type org.apache.hadoop.hdds.scm.pipeline.choose.algorithms.RandomPipelineChoosePolicy
2025-04-23 14:36:45,180 [main] INFO  ha.SCMServiceManager (SCMServiceManager.java:register(42)) - Registering service SCMBlockDeletingService.
2025-04-23 14:36:45,228 [main] INFO  replication.ReplicationManager (ReplicationManager.java:start(287)) - Starting Replication Monitor Thread.
2025-04-23 14:36:45,229 [main] INFO  ha.SCMServiceManager (SCMServiceManager.java:register(42)) - Registering service ReplicationManager.
2025-04-23 14:36:45,239 [main] INFO  safemode.RatisContainerSafeModeRule (RatisContainerSafeModeRule.java:initializeRule(161)) - Refreshed Containers with one replica threshold count 0.
2025-04-23 14:36:45,241 [main] INFO  safemode.ECContainerSafeModeRule (ECContainerSafeModeRule.java:initializeRule(205)) - Refreshed Containers with ec n replica threshold count 0.
2025-04-23 14:36:45,245 [main] INFO  safemode.HealthyPipelineSafeModeRule (HealthyPipelineSafeModeRule.java:initializeRule(178)) - Total pipeline count is 0, healthy pipeline threshold count is 1
2025-04-23 14:36:45,247 [main] INFO  safemode.OneReplicaPipelineSafeModeRule (OneReplicaPipelineSafeModeRule.java:initializeRule(191)) - Total pipeline count is 0, pipeline's with at least one datanode reported threshold count is 0
2025-04-23 14:36:45,299 [main] INFO  server.StorageContainerManager (StorageContainerManager.java:<init>(430)) - SCM start with adminUsers: [*, runner]
2025-04-23 14:36:45,534 [main] INFO  audit.AuditLogger (AuditLogger.java:refreshDebugCmdSet(133)) - Refresh DebugCmdSet for SCMAudit to [].
2025-04-23 14:36:45,555 [main] INFO  ipc.CallQueueManager (CallQueueManager.java:<init>(93)) - Using callQueue: class java.util.concurrent.LinkedBlockingQueue, queueCapacity: 10000, scheduler: class org.apache.hadoop.ipc.DefaultRpcScheduler, ipcBackoff: false, ipcFailOver: false.
2025-04-23 14:36:45,575 [main] INFO  ipc.Server (Server.java:<init>(1438)) - Listener at 0.0.0.0:15002
2025-04-23 14:36:45,577 [Socket Reader #1 for port 15002] INFO  ipc.Server (Server.java:run(1474)) - Starting Socket Reader #1 for port 15002
2025-04-23 14:36:45,577 [Socket Reader #2 for port 15002] INFO  ipc.Server (Server.java:run(1474)) - Starting Socket Reader #2 for port 15002
2025-04-23 14:36:45,578 [Socket Reader #3 for port 15002] INFO  ipc.Server (Server.java:run(1474)) - Starting Socket Reader #3 for port 15002
2025-04-23 14:36:45,578 [Socket Reader #4 for port 15002] INFO  ipc.Server (Server.java:run(1474)) - Starting Socket Reader #4 for port 15002
2025-04-23 14:36:45,579 [Socket Reader #5 for port 15002] INFO  ipc.Server (Server.java:run(1474)) - Starting Socket Reader #5 for port 15002
2025-04-23 14:36:45,580 [Socket Reader #6 for port 15002] INFO  ipc.Server (Server.java:run(1474)) - Starting Socket Reader #6 for port 15002
2025-04-23 14:36:45,580 [Socket Reader #7 for port 15002] INFO  ipc.Server (Server.java:run(1474)) - Starting Socket Reader #7 for port 15002
2025-04-23 14:36:45,580 [Socket Reader #8 for port 15002] INFO  ipc.Server (Server.java:run(1474)) - Starting Socket Reader #8 for port 15002
2025-04-23 14:36:45,581 [Socket Reader #9 for port 15002] INFO  ipc.Server (Server.java:run(1474)) - Starting Socket Reader #9 for port 15002
2025-04-23 14:36:45,582 [Socket Reader #10 for port 15002] INFO  ipc.Server (Server.java:run(1474)) - Starting Socket Reader #10 for port 15002
2025-04-23 14:36:45,616 [main] INFO  audit.AuditLogger (AuditLogger.java:refreshDebugCmdSet(133)) - Refresh DebugCmdSet for SCMAudit to [].
2025-04-23 14:36:45,620 [main] INFO  ipc.CallQueueManager (CallQueueManager.java:<init>(93)) - Using callQueue: class java.util.concurrent.LinkedBlockingQueue, queueCapacity: 10000, scheduler: class org.apache.hadoop.ipc.DefaultRpcScheduler, ipcBackoff: false, ipcFailOver: false.
2025-04-23 14:36:45,620 [main] INFO  ipc.Server (Server.java:<init>(1438)) - Listener at 0.0.0.0:15001
2025-04-23 14:36:45,621 [Socket Reader #1 for port 15001] INFO  ipc.Server (Server.java:run(1474)) - Starting Socket Reader #1 for port 15001
2025-04-23 14:36:45,622 [Socket Reader #2 for port 15001] INFO  ipc.Server (Server.java:run(1474)) - Starting Socket Reader #2 for port 15001
2025-04-23 14:36:45,622 [Socket Reader #3 for port 15001] INFO  ipc.Server (Server.java:run(1474)) - Starting Socket Reader #3 for port 15001
2025-04-23 14:36:45,623 [Socket Reader #5 for port 15001] INFO  ipc.Server (Server.java:run(1474)) - Starting Socket Reader #5 for port 15001
2025-04-23 14:36:45,623 [Socket Reader #6 for port 15001] INFO  ipc.Server (Server.java:run(1474)) - Starting Socket Reader #6 for port 15001
2025-04-23 14:36:45,624 [Socket Reader #4 for port 15001] INFO  ipc.Server (Server.java:run(1474)) - Starting Socket Reader #4 for port 15001
2025-04-23 14:36:45,624 [Socket Reader #7 for port 15001] INFO  ipc.Server (Server.java:run(1474)) - Starting Socket Reader #7 for port 15001
2025-04-23 14:36:45,625 [Socket Reader #8 for port 15001] INFO  ipc.Server (Server.java:run(1474)) - Starting Socket Reader #8 for port 15001
2025-04-23 14:36:45,625 [Socket Reader #9 for port 15001] INFO  ipc.Server (Server.java:run(1474)) - Starting Socket Reader #9 for port 15001
2025-04-23 14:36:45,626 [Socket Reader #10 for port 15001] INFO  ipc.Server (Server.java:run(1474)) - Starting Socket Reader #10 for port 15001
2025-04-23 14:36:45,651 [main] INFO  audit.AuditLogger (AuditLogger.java:refreshDebugCmdSet(133)) - Refresh DebugCmdSet for SCMAudit to [].
2025-04-23 14:36:45,658 [main] INFO  ipc.CallQueueManager (CallQueueManager.java:<init>(93)) - Using callQueue: class java.util.concurrent.LinkedBlockingQueue, queueCapacity: 10000, scheduler: class org.apache.hadoop.ipc.DefaultRpcScheduler, ipcBackoff: false, ipcFailOver: false.
2025-04-23 14:36:45,659 [main] INFO  ipc.Server (Server.java:<init>(1438)) - Listener at 0.0.0.0:15000
2025-04-23 14:36:45,659 [Socket Reader #1 for port 15000] INFO  ipc.Server (Server.java:run(1474)) - Starting Socket Reader #1 for port 15000
2025-04-23 14:36:45,660 [Socket Reader #2 for port 15000] INFO  ipc.Server (Server.java:run(1474)) - Starting Socket Reader #2 for port 15000
2025-04-23 14:36:45,660 [Socket Reader #3 for port 15000] INFO  ipc.Server (Server.java:run(1474)) - Starting Socket Reader #3 for port 15000
2025-04-23 14:36:45,661 [Socket Reader #5 for port 15000] INFO  ipc.Server (Server.java:run(1474)) - Starting Socket Reader #5 for port 15000
2025-04-23 14:36:45,661 [Socket Reader #4 for port 15000] INFO  ipc.Server (Server.java:run(1474)) - Starting Socket Reader #4 for port 15000
2025-04-23 14:36:45,662 [Socket Reader #7 for port 15000] INFO  ipc.Server (Server.java:run(1474)) - Starting Socket Reader #7 for port 15000
2025-04-23 14:36:45,662 [Socket Reader #8 for port 15000] INFO  ipc.Server (Server.java:run(1474)) - Starting Socket Reader #8 for port 15000
2025-04-23 14:36:45,662 [Socket Reader #9 for port 15000] INFO  ipc.Server (Server.java:run(1474)) - Starting Socket Reader #9 for port 15000
2025-04-23 14:36:45,663 [Socket Reader #10 for port 15000] INFO  ipc.Server (Server.java:run(1474)) - Starting Socket Reader #10 for port 15000
2025-04-23 14:36:45,663 [Socket Reader #6 for port 15000] INFO  ipc.Server (Server.java:run(1474)) - Starting Socket Reader #6 for port 15000
2025-04-23 14:36:45,701 [main] INFO  ha.SCMServiceManager (SCMServiceManager.java:register(42)) - Registering service ContainerBalancer.
2025-04-23 14:36:45,702 [main] INFO  ha.SCMContext (SCMContext.java:updateSafeModeStatus(224)) - Update SafeModeStatus from SafeModeStatus{safeModeStatus=true, preCheckPassed=false} to SafeModeStatus{safeModeStatus=true, preCheckPassed=false}.
2025-04-23 14:36:45,707 [main] INFO  server.StorageContainerManager (StorageContainerManager.java:start(1506)) - StorageContainerLocationProtocol RPC server is listening at /0.0.0.0:15000
2025-04-23 14:36:45,707 [main] INFO  ha.SCMRatisServerImpl (SCMRatisServerImpl.java:start(203)) - starting ratis server 0.0.0.0:15004
2025-04-23 14:36:45,708 [e5540f2e-ddef-4dd5-b4fb-d1f335f047d8-impl-thread1] INFO  server.RaftServerConfigKeys (ConfUtils.java:logGet(46)) - raft.server.storage.free-space.min = 0MB (=0) (default)
2025-04-23 14:36:45,708 [e5540f2e-ddef-4dd5-b4fb-d1f335f047d8-impl-thread1] INFO  server.RaftServerConfigKeys (ConfUtils.java:logGet(46)) - raft.server.log.corruption.policy = EXCEPTION (default)
2025-04-23 14:36:45,708 [e5540f2e-ddef-4dd5-b4fb-d1f335f047d8-impl-thread1] INFO  server.RaftServerConfigKeys (ConfUtils.java:logGet(46)) - raft.server.storage.dir = [/home/runner/work/ozone/ozone/hadoop-ozone/integration-test/target/test-dir/MiniOzoneClusterImpl-68853c07-42d2-4ef8-9e75-e3a852294e6a/ozone-meta/scm-ha] (custom)
2025-04-23 14:36:45,710 [e5540f2e-ddef-4dd5-b4fb-d1f335f047d8-impl-thread1] INFO  storage.RaftStorageDirectory (RaftStorageDirectoryImpl.java:tryLock(229)) - Lock on /home/runner/work/ozone/ozone/hadoop-ozone/integration-test/target/test-dir/MiniOzoneClusterImpl-68853c07-42d2-4ef8-9e75-e3a852294e6a/ozone-meta/scm-ha/68853c07-42d2-4ef8-9e75-e3a852294e6a/in_use.lock acquired by nodename 129558@fv-az1120-822
2025-04-23 14:36:45,711 [e5540f2e-ddef-4dd5-b4fb-d1f335f047d8-impl-thread1] INFO  storage.RaftStorage (RaftStorageImpl.java:analyzeAndRecoverStorage(118)) - Read RaftStorageMetadata{term=1, votedFor=e5540f2e-ddef-4dd5-b4fb-d1f335f047d8} from /home/runner/work/ozone/ozone/hadoop-ozone/integration-test/target/test-dir/MiniOzoneClusterImpl-68853c07-42d2-4ef8-9e75-e3a852294e6a/ozone-meta/scm-ha/68853c07-42d2-4ef8-9e75-e3a852294e6a/current/raft-meta
2025-04-23 14:36:45,713 [e5540f2e-ddef-4dd5-b4fb-d1f335f047d8-impl-thread1] INFO  server.RaftServer$Division (ServerState.java:setRaftConf(386)) - e5540f2e-ddef-4dd5-b4fb-d1f335f047d8@group-E3A852294E6A: set configuration conf: {index: 0, cur=peers:[e5540f2e-ddef-4dd5-b4fb-d1f335f047d8|fv-az1120-822:15004]|listeners:[], old=null}
2025-04-23 14:36:45,713 [e5540f2e-ddef-4dd5-b4fb-d1f335f047d8-impl-thread1] INFO  ha.SCMStateMachine (SCMStateMachine.java:lambda$initialize$0(135)) - e5540f2e-ddef-4dd5-b4fb-d1f335f047d8: initialize group-E3A852294E6A
2025-04-23 14:36:45,714 [e5540f2e-ddef-4dd5-b4fb-d1f335f047d8-impl-thread1] INFO  server.RaftServerConfigKeys (ConfUtils.java:logGet(46)) - raft.server.log.use.memory = false (default)
2025-04-23 14:36:45,714 [e5540f2e-ddef-4dd5-b4fb-d1f335f047d8-impl-thread1] INFO  server.RaftServerConfigKeys (ConfUtils.java:logGet(46)) - raft.server.log.purge.gap = 1000000 (custom)
2025-04-23 14:36:45,715 [e5540f2e-ddef-4dd5-b4fb-d1f335f047d8-impl-thread1] INFO  server.RaftServerConfigKeys (ConfUtils.java:logGet(46)) - raft.server.log.appender.buffer.byte-limit = 4194304 (custom)
2025-04-23 14:36:45,715 [e5540f2e-ddef-4dd5-b4fb-d1f335f047d8-impl-thread1] INFO  server.RaftServerConfigKeys (ConfUtils.java:logGet(46)) - raft.server.log.statemachine.data.read.timeout = 1000ms (default)
2025-04-23 14:36:45,715 [e5540f2e-ddef-4dd5-b4fb-d1f335f047d8-impl-thread1] INFO  server.RaftServerConfigKeys (ConfUtils.java:logGet(46)) - raft.server.log.purge.preservation.log.num = 0 (default)
2025-04-23 14:36:45,718 [e5540f2e-ddef-4dd5-b4fb-d1f335f047d8-impl-thread1] INFO  server.RaftServerConfigKeys (ConfUtils.java:logGet(46)) - raft.server.log.segment.size.max = 4194304 (custom)
2025-04-23 14:36:45,718 [e5540f2e-ddef-4dd5-b4fb-d1f335f047d8-impl-thread1] INFO  server.RaftServerConfigKeys (ConfUtils.java:logGet(46)) - raft.server.log.segment.cache.num.max = 2 (custom)
2025-04-23 14:36:45,718 [e5540f2e-ddef-4dd5-b4fb-d1f335f047d8-impl-thread1] INFO  server.RaftServerConfigKeys (ConfUtils.java:logGet(46)) - raft.server.log.segment.cache.size.max = 200MB (=209715200) (default)
2025-04-23 14:36:45,718 [e5540f2e-ddef-4dd5-b4fb-d1f335f047d8-impl-thread1] INFO  server.RaftServerConfigKeys (ConfUtils.java:logGet(46)) - raft.server.log.appender.buffer.byte-limit = 4194304 (custom)
2025-04-23 14:36:45,719 [e5540f2e-ddef-4dd5-b4fb-d1f335f047d8-impl-thread1] INFO  util.AwaitToRun (AwaitToRun.java:start(81)) - Thread[#111,e5540f2e-ddef-4dd5-b4fb-d1f335f047d8@group-E3A852294E6A-cacheEviction-AwaitToRun,5,main] started
2025-04-23 14:36:45,719 [e5540f2e-ddef-4dd5-b4fb-d1f335f047d8-impl-thread1] INFO  segmented.SegmentedRaftLogWorker (SegmentedRaftLogWorker.java:<init>(188)) - new e5540f2e-ddef-4dd5-b4fb-d1f335f047d8@group-E3A852294E6A-SegmentedRaftLogWorker for RaftStorageImpl:Storage Directory /home/runner/work/ozone/ozone/hadoop-ozone/integration-test/target/test-dir/MiniOzoneClusterImpl-68853c07-42d2-4ef8-9e75-e3a852294e6a/ozone-meta/scm-ha/68853c07-42d2-4ef8-9e75-e3a852294e6a
2025-04-23 14:36:45,720 [e5540f2e-ddef-4dd5-b4fb-d1f335f047d8-impl-thread1] INFO  server.RaftServerConfigKeys (ConfUtils.java:logGet(46)) - raft.server.log.queue.byte-limit = 64MB (=67108864) (default)
2025-04-23 14:36:45,720 [e5540f2e-ddef-4dd5-b4fb-d1f335f047d8-impl-thread1] INFO  server.RaftServerConfigKeys (ConfUtils.java:logGet(46)) - raft.server.log.queue.element-limit = 4096 (default)
2025-04-23 14:36:45,720 [e5540f2e-ddef-4dd5-b4fb-d1f335f047d8-impl-thread1] INFO  server.RaftServerConfigKeys (ConfUtils.java:logGet(46)) - raft.server.log.segment.size.max = 4194304 (custom)
2025-04-23 14:36:45,720 [e5540f2e-ddef-4dd5-b4fb-d1f335f047d8-impl-thread1] INFO  server.RaftServerConfigKeys (ConfUtils.java:logGet(46)) - raft.server.log.preallocated.size = 4194304 (custom)
2025-04-23 14:36:45,720 [e5540f2e-ddef-4dd5-b4fb-d1f335f047d8-impl-thread1] INFO  server.RaftServerConfigKeys (ConfUtils.java:logGet(46)) - raft.server.log.force.sync.num = 128 (default)
2025-04-23 14:36:45,720 [e5540f2e-ddef-4dd5-b4fb-d1f335f047d8-impl-thread1] INFO  server.RaftServerConfigKeys (ConfUtils.java:logGet(46)) - raft.server.log.statemachine.data.sync = true (default)
2025-04-23 14:36:45,720 [e5540f2e-ddef-4dd5-b4fb-d1f335f047d8-impl-thread1] INFO  server.RaftServerConfigKeys (ConfUtils.java:logGet(46)) - raft.server.log.statemachine.data.sync.timeout = 10s (default)
2025-04-23 14:36:45,721 [e5540f2e-ddef-4dd5-b4fb-d1f335f047d8-impl-thread1] INFO  server.RaftServerConfigKeys (ConfUtils.java:logGet(46)) - raft.server.log.statemachine.data.sync.timeout.retry = -1 (default)
2025-04-23 14:36:45,721 [e5540f2e-ddef-4dd5-b4fb-d1f335f047d8-impl-thread1] INFO  server.RaftServerConfigKeys (ConfUtils.java:logGet(46)) - raft.server.log.write.buffer.size = 4194312 (custom)
2025-04-23 14:36:45,723 [e5540f2e-ddef-4dd5-b4fb-d1f335f047d8-impl-thread1] INFO  server.RaftServerConfigKeys (ConfUtils.java:logGet(46)) - raft.server.log.appender.buffer.byte-limit = 4194304 (custom)
2025-04-23 14:36:45,723 [e5540f2e-ddef-4dd5-b4fb-d1f335f047d8-impl-thread1] INFO  server.RaftServerConfigKeys (ConfUtils.java:logGet(46)) - raft.server.log.unsafe-flush.enabled = false (default)
2025-04-23 14:36:45,723 [e5540f2e-ddef-4dd5-b4fb-d1f335f047d8-impl-thread1] INFO  server.RaftServerConfigKeys (ConfUtils.java:logGet(46)) - raft.server.log.async-flush.enabled = false (default)
2025-04-23 14:36:45,723 [e5540f2e-ddef-4dd5-b4fb-d1f335f047d8-impl-thread1] INFO  server.RaftServerConfigKeys (ConfUtils.java:logGet(46)) - raft.server.log.statemachine.data.caching.enabled = false (default)
2025-04-23 14:36:45,728 [e5540f2e-ddef-4dd5-b4fb-d1f335f047d8-impl-thread1] INFO  server.RaftServer$Division (ServerState.java:setRaftConf(386)) - e5540f2e-ddef-4dd5-b4fb-d1f335f047d8@group-E3A852294E6A: set configuration conf: {index: 0, cur=peers:[e5540f2e-ddef-4dd5-b4fb-d1f335f047d8|fv-az1120-822:15004]|listeners:[], old=null}
2025-04-23 14:36:45,729 [e5540f2e-ddef-4dd5-b4fb-d1f335f047d8-impl-thread1] INFO  segmented.LogSegment (LogSegment.java:loadSegment(171)) - Successfully read 1 entries from segment file /home/runner/work/ozone/ozone/hadoop-ozone/integration-test/target/test-dir/MiniOzoneClusterImpl-68853c07-42d2-4ef8-9e75-e3a852294e6a/ozone-meta/scm-ha/68853c07-42d2-4ef8-9e75-e3a852294e6a/current/log_inprogress_0
2025-04-23 14:36:45,729 [e5540f2e-ddef-4dd5-b4fb-d1f335f047d8-impl-thread1] INFO  segmented.SegmentedRaftLogWorker (SegmentedRaftLogWorker.java:lambda$new$0(139)) - e5540f2e-ddef-4dd5-b4fb-d1f335f047d8@group-E3A852294E6A-SegmentedRaftLogWorker: safeCacheEvictIndex: setUnconditionally 0 -> -1
2025-04-23 14:36:45,730 [e5540f2e-ddef-4dd5-b4fb-d1f335f047d8-impl-thread1] INFO  segmented.BufferedWriteChannel (BufferedWriteChannel.java:open(61)) - open log_inprogress_0 (append) at position 80
2025-04-23 14:36:45,731 [e5540f2e-ddef-4dd5-b4fb-d1f335f047d8-impl-thread1] INFO  server.RaftServer$Division (RaftServerImpl.java:start(391)) - e5540f2e-ddef-4dd5-b4fb-d1f335f047d8@group-E3A852294E6A: start as a follower, conf=conf: {index: 0, cur=peers:[e5540f2e-ddef-4dd5-b4fb-d1f335f047d8|fv-az1120-822:15004]|listeners:[], old=null}
2025-04-23 14:36:45,731 [e5540f2e-ddef-4dd5-b4fb-d1f335f047d8-impl-thread1] INFO  server.RaftServer$Division (RaftServerImpl.java:setRole(378)) - e5540f2e-ddef-4dd5-b4fb-d1f335f047d8@group-E3A852294E6A: changes role from      null to FOLLOWER at term 1 for startAsFollower
2025-04-23 14:36:45,731 [e5540f2e-ddef-4dd5-b4fb-d1f335f047d8-impl-thread1] INFO  impl.RoleInfo (RoleInfo.java:updateAndGet(148)) - e5540f2e-ddef-4dd5-b4fb-d1f335f047d8: start e5540f2e-ddef-4dd5-b4fb-d1f335f047d8@group-E3A852294E6A-FollowerState
2025-04-23 14:36:45,733 [e5540f2e-ddef-4dd5-b4fb-d1f335f047d8@group-E3A852294E6A-FollowerState] INFO  server.RaftServerConfigKeys (ConfUtils.java:logGet(46)) - raft.server.rpc.first-election.timeout.min = 1000ms (custom)
2025-04-23 14:36:45,733 [e5540f2e-ddef-4dd5-b4fb-d1f335f047d8@group-E3A852294E6A-FollowerState] INFO  server.RaftServerConfigKeys (ConfUtils.java:logGet(46)) - raft.server.rpc.first-election.timeout.max = 1200ms (custom)
2025-04-23 14:36:45,734 [e5540f2e-ddef-4dd5-b4fb-d1f335f047d8-impl-thread1] INFO  util.JmxRegister (JmxRegister.java:tryRegister(44)) - Successfully registered JMX Bean with object name Ratis:service=RaftServer,group=group-E3A852294E6A,id=e5540f2e-ddef-4dd5-b4fb-d1f335f047d8
2025-04-23 14:36:45,734 [e5540f2e-ddef-4dd5-b4fb-d1f335f047d8-impl-thread1] INFO  util.JmxRegister (JmxRegister.java:register(58)) - register mxBean class org.apache.ratis.server.impl.RaftServerJmxAdapter as Ratis:service=RaftServer,group=group-E3A852294E6A,id=e5540f2e-ddef-4dd5-b4fb-d1f335f047d8
2025-04-23 14:36:45,734 [e5540f2e-ddef-4dd5-b4fb-d1f335f047d8-impl-thread1] INFO  server.RaftServerConfigKeys (ConfUtils.java:logGet(46)) - raft.server.snapshot.trigger-when-stop.enabled = true (default)
2025-04-23 14:36:45,734 [e5540f2e-ddef-4dd5-b4fb-d1f335f047d8-impl-thread1] INFO  server.RaftServerConfigKeys (ConfUtils.java:logGet(46)) - raft.server.snapshot.trigger-when-remove.enabled = true (default)
2025-04-23 14:36:45,734 [e5540f2e-ddef-4dd5-b4fb-d1f335f047d8-impl-thread1] INFO  server.RaftServerConfigKeys (ConfUtils.java:logGet(46)) - raft.server.snapshot.auto.trigger.enabled = true (custom)
2025-04-23 14:36:45,734 [e5540f2e-ddef-4dd5-b4fb-d1f335f047d8-impl-thread1] INFO  server.RaftServerConfigKeys (ConfUtils.java:logGet(46)) - raft.server.snapshot.auto.trigger.threshold = 1000 (custom)
2025-04-23 14:36:45,734 [e5540f2e-ddef-4dd5-b4fb-d1f335f047d8-impl-thread1] INFO  server.RaftServerConfigKeys (ConfUtils.java:logGet(46)) - raft.server.snapshot.retention.file.num = -1 (default)
2025-04-23 14:36:45,734 [e5540f2e-ddef-4dd5-b4fb-d1f335f047d8-impl-thread1] INFO  server.RaftServerConfigKeys (ConfUtils.java:logGet(46)) - raft.server.log.purge.upto.snapshot.index = false (default)
2025-04-23 14:36:45,736 [e5540f2e-ddef-4dd5-b4fb-d1f335f047d8-impl-thread1] INFO  server.RaftServer$Division (RaftServerImpl.java:start(405)) - e5540f2e-ddef-4dd5-b4fb-d1f335f047d8@group-E3A852294E6A: Successfully started.
2025-04-23 14:36:45,737 [main] INFO  server.RaftServer (RaftServerProxy.java:startImpl(407)) - e5540f2e-ddef-4dd5-b4fb-d1f335f047d8: start RPC server
2025-04-23 14:36:45,738 [main] INFO  server.GrpcService (GrpcService.java:startImpl(334)) - e5540f2e-ddef-4dd5-b4fb-d1f335f047d8: GrpcService started, listening on 15004
2025-04-23 14:36:45,739 [JvmPauseMonitor1] INFO  util.JvmPauseMonitor (JvmPauseMonitor.java:run(146)) - JvmPauseMonitor-e5540f2e-ddef-4dd5-b4fb-d1f335f047d8: Started
2025-04-23 14:36:45,746 [main] INFO  ha.SCMHAManagerImpl (SCMHAManagerImpl.java:start(131)) -  scm role is FOLLOWER peers [e5540f2e-ddef-4dd5-b4fb-d1f335f047d8|fv-az1120-822:15004]
2025-04-23 14:36:45,747 [main] INFO  ha.InterSCMGrpcService (InterSCMGrpcProtocolService.java:start(98)) - Starting SCM Grpc Service at port 15005
2025-04-23 14:36:45,749 [main] INFO  SCMHATransactionMonitor (BackgroundSCMService.java:start(64)) - Starting SCMHATransactionMonitor Service.
2025-04-23 14:36:45,750 [main] INFO  ha.SCMServiceManager (SCMServiceManager.java:register(42)) - Registering service SCMHATransactionMonitor.
2025-04-23 14:36:45,750 [main] INFO  SCMHATransactionMonitor (BackgroundSCMService.java:start(61)) - SCMHATransactionMonitor Service is already running, skip start.
2025-04-23 14:36:45,787 [main] WARN  impl.MetricsConfig (MetricsConfig.java:loadFirst(138)) - Cannot locate configuration: tried hadoop-metrics2-storagecontainermanager.properties,hadoop-metrics2.properties
2025-04-23 14:36:45,794 [main] INFO  impl.MetricsSystemImpl (MetricsSystemImpl.java:startTimer(378)) - Scheduled Metric snapshot period at 10 second(s).
2025-04-23 14:36:45,794 [main] INFO  impl.MetricsSystemImpl (MetricsSystemImpl.java:start(191)) - StorageContainerManager metrics system started
2025-04-23 14:36:45,916 [main] INFO  server.SCMClientProtocolServer (SCMClientProtocolServer.java:start(207)) - RPC server for Client  is listening at /0.0.0.0:15000
2025-04-23 14:36:45,917 [IPC Server Responder] INFO  ipc.Server (Server.java:run(1713)) - IPC Server Responder: starting
2025-04-23 14:36:45,918 [IPC Server listener on 15000] INFO  ipc.Server (Server.java:run(1553)) - IPC Server listener on 15000: starting
2025-04-23 14:36:45,932 [main] INFO  server.StorageContainerManager (StorageContainerManager.java:start(1519)) - ScmBlockLocationProtocol RPC server is listening at /0.0.0.0:15001
2025-04-23 14:36:45,933 [main] INFO  server.SCMBlockProtocolServer (SCMBlockProtocolServer.java:start(166)) - RPC server for Block Protocol is listening at /0.0.0.0:15001
2025-04-23 14:36:45,933 [IPC Server Responder] INFO  ipc.Server (Server.java:run(1713)) - IPC Server Responder: starting
2025-04-23 14:36:45,933 [IPC Server listener on 15001] INFO  ipc.Server (Server.java:run(1553)) - IPC Server listener on 15001: starting
2025-04-23 14:36:45,966 [main] INFO  http.BaseHttpServer (BaseHttpServer.java:newHttpServer2BuilderForOzone(229)) - Starting Web-server for scm at: http://0.0.0.0:15003
2025-04-23 14:36:45,966 [main] INFO  http.BaseHttpServer (BaseHttpServer.java:<init>(107)) - Hadoop Security Enabled: false Ozone Security Enabled: false Ozone HTTP Security Enabled: false 
2025-04-23 14:36:45,985 [main] INFO  util.log (Log.java:initialized(170)) - Logging initialized @6264ms to org.eclipse.jetty.util.log.Slf4jLog
2025-04-23 14:36:46,054 [main] WARN  server.AuthenticationFilter (AuthenticationFilter.java:constructSecretProvider(240)) - Unable to initialize FileSignerSecretProvider, falling back to use random secrets. Reason: Could not read signature secret file: /home/runner/hadoop-http-auth-signature-secret
2025-04-23 14:36:46,075 [main] INFO  http.HttpServer2 (HttpServer2.java:addGlobalFilter(1041)) - Added global filter 'safety' (class=org.apache.hadoop.hdds.server.http.HttpServer2$QuotingInputFilter)
2025-04-23 14:36:46,076 [main] INFO  http.HttpServer2 (HttpServer2.java:addFilter(1017)) - Added filter static_user_filter (class=org.apache.hadoop.http.lib.StaticUserWebFilter$StaticUserFilter) to context scm
2025-04-23 14:36:46,077 [main] INFO  http.HttpServer2 (HttpServer2.java:addFilter(1025)) - Added filter static_user_filter (class=org.apache.hadoop.http.lib.StaticUserWebFilter$StaticUserFilter) to context logs
2025-04-23 14:36:46,077 [main] INFO  http.HttpServer2 (HttpServer2.java:addFilter(1025)) - Added filter static_user_filter (class=org.apache.hadoop.http.lib.StaticUserWebFilter$StaticUserFilter) to context static
2025-04-23 14:36:46,098 [main] INFO  http.BaseHttpServer (BaseHttpServer.java:<init>(195)) - HTTP server of scm uses base directory /home/runner/work/ozone/ozone/hadoop-ozone/integration-test/target/test-dir/MiniOzoneClusterImpl-68853c07-42d2-4ef8-9e75-e3a852294e6a/ozone-meta/webserver
2025-04-23 14:36:46,099 [main] INFO  http.HttpServer2 (HttpServer2.java:bindListener(1241)) - Jetty bound to port 15003
2025-04-23 14:36:46,100 [main] INFO  server.Server (Server.java:doStart(375)) - jetty-9.4.57.v20241219; built: 2025-01-08T21:24:30.412Z; git: df524e6b29271c2e09ba9aea83c18dc9db464a31; jvm 21.0.7+6-LTS
2025-04-23 14:36:46,119 [main] INFO  server.session (DefaultSessionIdManager.java:doStart(334)) - DefaultSessionIdManager workerName=node0
2025-04-23 14:36:46,119 [main] INFO  server.session (DefaultSessionIdManager.java:doStart(339)) - No SessionScavenger set, using defaults
2025-04-23 14:36:46,120 [main] INFO  server.session (HouseKeeper.java:startScavenging(132)) - node0 Scavenging every 600000ms
2025-04-23 14:36:46,129 [main] INFO  handler.ContextHandler (ContextHandler.java:doStart(921)) - Started o.e.j.s.ServletContextHandler@738153d8{logs,/logs,file:///home/runner/work/ozone/ozone/hadoop-ozone/integration-test/target/log,AVAILABLE}
2025-04-23 14:36:46,129 [main] INFO  handler.ContextHandler (ContextHandler.java:doStart(921)) - Started o.e.j.s.ServletContextHandler@1df8e685{static,/static,file:///home/runner/work/ozone/ozone/hadoop-ozone/integration-test/target/test-classes/webapps/static,AVAILABLE}
2025-04-23 14:36:46,164 [main] INFO  handler.ContextHandler (ContextHandler.java:doStart(921)) - Started o.e.j.w.WebAppContext@5e3a5f0c{scm,/,file:///home/runner/work/ozone/ozone/hadoop-ozone/integration-test/target/test-classes/webapps/scm/,AVAILABLE}{file:/home/runner/work/ozone/ozone/hadoop-ozone/integration-test/target/test-classes/webapps/scm}
2025-04-23 14:36:46,169 [main] INFO  server.AbstractConnector (AbstractConnector.java:doStart(333)) - Started ServerConnector@19a4cdea{HTTP/1.1, (http/1.1)}{0.0.0.0:15003}
2025-04-23 14:36:46,170 [main] INFO  server.Server (Server.java:doStart(415)) - Started @6449ms
2025-04-23 14:36:46,171 [main] INFO  impl.MetricsSinkAdapter (MetricsSinkAdapter.java:start(204)) - Sink prometheus started
2025-04-23 14:36:46,172 [main] INFO  impl.MetricsSystemImpl (MetricsSystemImpl.java:registerSink(305)) - Registered sink prometheus
2025-04-23 14:36:46,173 [main] INFO  http.BaseHttpServer (BaseHttpServer.java:updateConnectorAddress(360)) - HTTP server of scm listening at http://0.0.0.0:15003
2025-04-23 14:36:46,182 [main] INFO  db.CodecBuffer (CodecBuffer.java:set(84)) - Successfully set constructor to LeakDetector::newCodecBuffer: org.apache.hadoop.hdds.utils.db.CodecBuffer$$Lambda/0x00007f08c46b3bb0@6805415d
2025-04-23 14:36:46,223 [main] INFO  audit.AuditLogger (AuditLogger.java:refreshDebugCmdSet(133)) - Refresh DebugCmdSet for OMAudit to [].
2025-04-23 14:36:46,246 [main] INFO  audit.AuditLogger (AuditLogger.java:refreshDebugCmdSet(133)) - Refresh DebugCmdSet for OMSystemAudit to [].
2025-04-23 14:36:46,288 [main] INFO  ha.OMHANodeDetails (OMHANodeDetails.java:loadOMHAConfig(120)) - ServiceID for OzoneManager is om-service-test1
2025-04-23 14:36:46,295 [main] INFO  ha.OMHANodeDetails (OMHANodeDetails.java:loadOMHAConfig(200)) - Found matching OM address with OMServiceId: om-service-test1, OMNodeId: omNode-1, RPC Address: localhost:15006 and Ratis port: 15009
2025-04-23 14:36:46,296 [main] INFO  ha.OMHANodeDetails (ConfUtils.java:setNodeSpecificConfigs(98)) - Setting configuration key ozone.om.http-address with value of key ozone.om.http-address.om-service-test1.omNode-1: 127.0.0.1:15007
2025-04-23 14:36:46,296 [main] INFO  ha.OMHANodeDetails (ConfUtils.java:setNodeSpecificConfigs(98)) - Setting configuration key ozone.om.https-address with value of key ozone.om.https-address.om-service-test1.omNode-1: 127.0.0.1:15008
2025-04-23 14:36:46,296 [main] INFO  ha.OMHANodeDetails (ConfUtils.java:setNodeSpecificConfigs(98)) - Setting configuration key ozone.om.address with value of key ozone.om.address.om-service-test1.omNode-1: 127.0.0.1:15006
2025-04-23 14:36:46,296 [main] WARN  server.ServerUtils (ServerUtils.java:getDBPath(297)) - ozone.om.db.dirs is not configured. We recommend adding this setting. Falling back to ozone.metadata.dirs instead.
2025-04-23 14:36:46,305 [main] INFO  proxy.SCMBlockLocationFailoverProxyProvider (SCMFailoverProxyProviderBase.java:<init>(120)) - Created fail-over proxy for protocol ScmBlockLocationProtocolPB with 1 nodes: [nodeId=scmNodeId,nodeAddress=/0.0.0.0:15001]
2025-04-23 14:36:46,762 [e5540f2e-ddef-4dd5-b4fb-d1f335f047d8@group-E3A852294E6A-FollowerState] INFO  impl.FollowerState (FollowerState.java:runImpl(161)) - e5540f2e-ddef-4dd5-b4fb-d1f335f047d8@group-E3A852294E6A-FollowerState: change to CANDIDATE, lastRpcElapsedTime:1030739867ns, electionTimeout:1029ms
2025-04-23 14:36:46,762 [e5540f2e-ddef-4dd5-b4fb-d1f335f047d8@group-E3A852294E6A-FollowerState] INFO  impl.RoleInfo (RoleInfo.java:shutdownFollowerState(121)) - e5540f2e-ddef-4dd5-b4fb-d1f335f047d8: shutdown e5540f2e-ddef-4dd5-b4fb-d1f335f047d8@group-E3A852294E6A-FollowerState
2025-04-23 14:36:46,763 [e5540f2e-ddef-4dd5-b4fb-d1f335f047d8@group-E3A852294E6A-FollowerState] INFO  server.RaftServer$Division (RaftServerImpl.java:setRole(378)) - e5540f2e-ddef-4dd5-b4fb-d1f335f047d8@group-E3A852294E6A: changes role from  FOLLOWER to CANDIDATE at term 1 for changeToCandidate
2025-04-23 14:36:46,763 [e5540f2e-ddef-4dd5-b4fb-d1f335f047d8@group-E3A852294E6A-FollowerState] INFO  server.RaftServerConfigKeys (ConfUtils.java:logGet(46)) - raft.server.leaderelection.pre-vote = true (default)
2025-04-23 14:36:46,763 [e5540f2e-ddef-4dd5-b4fb-d1f335f047d8@group-E3A852294E6A-FollowerState] INFO  impl.RoleInfo (RoleInfo.java:updateAndGet(148)) - e5540f2e-ddef-4dd5-b4fb-d1f335f047d8: start e5540f2e-ddef-4dd5-b4fb-d1f335f047d8@group-E3A852294E6A-LeaderElection2
2025-04-23 14:36:46,764 [e5540f2e-ddef-4dd5-b4fb-d1f335f047d8@group-E3A852294E6A-LeaderElection2] INFO  impl.LeaderElection (LeaderElection.java:askForVotes(332)) - e5540f2e-ddef-4dd5-b4fb-d1f335f047d8@group-E3A852294E6A-LeaderElection2 PRE_VOTE round 0: submit vote requests at term 1 for conf: {index: 0, cur=peers:[e5540f2e-ddef-4dd5-b4fb-d1f335f047d8|fv-az1120-822:15004]|listeners:[], old=null}
2025-04-23 14:36:46,764 [e5540f2e-ddef-4dd5-b4fb-d1f335f047d8@group-E3A852294E6A-LeaderElection2] INFO  impl.LeaderElection (LeaderElection.java:askForVotes(334)) - e5540f2e-ddef-4dd5-b4fb-d1f335f047d8@group-E3A852294E6A-LeaderElection2 PRE_VOTE round 0: result PASSED (term=1)
2025-04-23 14:36:46,766 [e5540f2e-ddef-4dd5-b4fb-d1f335f047d8@group-E3A852294E6A-LeaderElection2] INFO  impl.LeaderElection (LeaderElection.java:askForVotes(332)) - e5540f2e-ddef-4dd5-b4fb-d1f335f047d8@group-E3A852294E6A-LeaderElection2 ELECTION round 0: submit vote requests at term 2 for conf: {index: 0, cur=peers:[e5540f2e-ddef-4dd5-b4fb-d1f335f047d8|fv-az1120-822:15004]|listeners:[], old=null}
2025-04-23 14:36:46,766 [e5540f2e-ddef-4dd5-b4fb-d1f335f047d8@group-E3A852294E6A-LeaderElection2] INFO  impl.LeaderElection (LeaderElection.java:askForVotes(334)) - e5540f2e-ddef-4dd5-b4fb-d1f335f047d8@group-E3A852294E6A-LeaderElection2 ELECTION round 0: result PASSED (term=2)
2025-04-23 14:36:46,766 [e5540f2e-ddef-4dd5-b4fb-d1f335f047d8@group-E3A852294E6A-LeaderElection2] INFO  impl.RoleInfo (RoleInfo.java:shutdownLeaderElection(141)) - e5540f2e-ddef-4dd5-b4fb-d1f335f047d8: shutdown e5540f2e-ddef-4dd5-b4fb-d1f335f047d8@group-E3A852294E6A-LeaderElection2
2025-04-23 14:36:46,767 [e5540f2e-ddef-4dd5-b4fb-d1f335f047d8@group-E3A852294E6A-LeaderElection2] INFO  server.RaftServer$Division (RaftServerImpl.java:setRole(378)) - e5540f2e-ddef-4dd5-b4fb-d1f335f047d8@group-E3A852294E6A: changes role from CANDIDATE to LEADER at term 2 for changeToLeader
2025-04-23 14:36:46,767 [e5540f2e-ddef-4dd5-b4fb-d1f335f047d8@group-E3A852294E6A-LeaderElection2] INFO  server.RaftServerConfigKeys (ConfUtils.java:logGet(46)) - raft.server.staging.catchup.gap = 1000 (default)
2025-04-23 14:36:46,767 [e5540f2e-ddef-4dd5-b4fb-d1f335f047d8@group-E3A852294E6A-LeaderElection2] INFO  server.RaftServerConfigKeys (ConfUtils.java:logGet(46)) - raft.server.write.element-limit = 4096 (default)
2025-04-23 14:36:46,768 [e5540f2e-ddef-4dd5-b4fb-d1f335f047d8@group-E3A852294E6A-LeaderElection2] INFO  server.RaftServerConfigKeys (ConfUtils.java:logGet(46)) - raft.server.write.byte-limit = 64MB (=67108864) (default)
2025-04-23 14:36:46,768 [e5540f2e-ddef-4dd5-b4fb-d1f335f047d8@group-E3A852294E6A-LeaderElection2] INFO  server.RaftServerConfigKeys (ConfUtils.java:logGet(46)) - raft.server.watch.timeout = 10s (default)
2025-04-23 14:36:46,768 [e5540f2e-ddef-4dd5-b4fb-d1f335f047d8@group-E3A852294E6A-LeaderElection2] INFO  server.RaftServerConfigKeys (ConfUtils.java:logGet(46)) - raft.server.watch.timeout.denomination = 1s (default)
2025-04-23 14:36:46,768 [e5540f2e-ddef-4dd5-b4fb-d1f335f047d8@group-E3A852294E6A-LeaderElection2] INFO  server.RaftServerConfigKeys (ConfUtils.java:logGet(46)) - raft.server.watch.element-limit = 65536 (default)
2025-04-23 14:36:46,769 [e5540f2e-ddef-4dd5-b4fb-d1f335f047d8@group-E3A852294E6A-LeaderElection2] INFO  server.RaftServerConfigKeys (ConfUtils.java:logGet(46)) - raft.server.read.leader.lease.enabled = false (default)
2025-04-23 14:36:46,769 [e5540f2e-ddef-4dd5-b4fb-d1f335f047d8@group-E3A852294E6A-LeaderElection2] INFO  server.RaftServerConfigKeys (ConfUtils.java:logGet(46)) - raft.server.read.leader.lease.timeout.ratio = 0.9 (default)
2025-04-23 14:36:46,770 [e5540f2e-ddef-4dd5-b4fb-d1f335f047d8@group-E3A852294E6A-LeaderElection2] INFO  server.RaftServerConfigKeys (ConfUtils.java:logGet(46)) - raft.server.rpc.timeout.min = 5000ms (custom)
2025-04-23 14:36:46,770 [e5540f2e-ddef-4dd5-b4fb-d1f335f047d8@group-E3A852294E6A-LeaderElection2] INFO  server.RaftServerConfigKeys (ConfUtils.java:logGet(46)) - raft.server.log.log-metadata.enabled = true (default)
2025-04-23 14:36:46,770 [e5540f2e-ddef-4dd5-b4fb-d1f335f047d8@group-E3A852294E6A-LeaderElection2] INFO  server.RaftServerConfigKeys (ConfUtils.java:logGet(46)) - raft.server.write.element-limit = 4096 (default)
2025-04-23 14:36:46,770 [e5540f2e-ddef-4dd5-b4fb-d1f335f047d8@group-E3A852294E6A-LeaderElection2] INFO  server.RaftServerConfigKeys (ConfUtils.java:logGet(46)) - raft.server.write.follower.gap.ratio.max = -1.0 (default)
2025-04-23 14:36:46,770 [e5540f2e-ddef-4dd5-b4fb-d1f335f047d8@group-E3A852294E6A-LeaderElection2] INFO  impl.RoleInfo (RoleInfo.java:updateAndGet(148)) - e5540f2e-ddef-4dd5-b4fb-d1f335f047d8: start e5540f2e-ddef-4dd5-b4fb-d1f335f047d8@group-E3A852294E6A-LeaderStateImpl
2025-04-23 14:36:46,770 [e5540f2e-ddef-4dd5-b4fb-d1f335f047d8@group-E3A852294E6A-LeaderElection2] INFO  server.RaftServer$Division (RaftServerImpl.java:setFirstElection(562)) - e5540f2e-ddef-4dd5-b4fb-d1f335f047d8@group-E3A852294E6A: set firstElectionSinceStartup to false for becomeLeader
2025-04-23 14:36:46,771 [e5540f2e-ddef-4dd5-b4fb-d1f335f047d8@group-E3A852294E6A-LeaderElection2] INFO  ha.SCMStateMachine (SCMStateMachine.java:notifyLeaderChanged(291)) - current SCM becomes leader of term 2.
2025-04-23 14:36:46,771 [e5540f2e-ddef-4dd5-b4fb-d1f335f047d8@group-E3A852294E6A-LeaderElection2] INFO  ha.SCMContext (SCMContext.java:updateLeaderAndTerm(95)) - update <isLeader,term> from <false,0> to <true,2>
2025-04-23 14:36:46,773 [e5540f2e-ddef-4dd5-b4fb-d1f335f047d8@group-E3A852294E6A-LeaderElection2] INFO  server.RaftServer$Division (ServerState.java:setLeader(272)) - e5540f2e-ddef-4dd5-b4fb-d1f335f047d8@group-E3A852294E6A: change Leader from null to e5540f2e-ddef-4dd5-b4fb-d1f335f047d8 at term 2 for becomeLeader, leader elected after 1826ms
2025-04-23 14:36:46,774 [e5540f2e-ddef-4dd5-b4fb-d1f335f047d8@group-E3A852294E6A-LeaderElection2] INFO  segmented.SegmentedRaftLogWorker (SegmentedRaftLogWorker.java:rollLogSegment(443)) - e5540f2e-ddef-4dd5-b4fb-d1f335f047d8@group-E3A852294E6A-SegmentedRaftLogWorker: Rolling segment log-0_0 to index:0
2025-04-23 14:36:46,775 [e5540f2e-ddef-4dd5-b4fb-d1f335f047d8@group-E3A852294E6A-LeaderElection2] INFO  server.RaftServer$Division (ServerState.java:setRaftConf(386)) - e5540f2e-ddef-4dd5-b4fb-d1f335f047d8@group-E3A852294E6A: set configuration conf: {index: 1, cur=peers:[e5540f2e-ddef-4dd5-b4fb-d1f335f047d8|fv-az1120-822:15004]|listeners:[], old=null}
2025-04-23 14:36:46,775 [e5540f2e-ddef-4dd5-b4fb-d1f335f047d8@group-E3A852294E6A-SegmentedRaftLogWorker] INFO  segmented.SegmentedRaftLogWorker (SegmentedRaftLogWorker.java:execute(601)) - e5540f2e-ddef-4dd5-b4fb-d1f335f047d8@group-E3A852294E6A-SegmentedRaftLogWorker: Rolled log segment from /home/runner/work/ozone/ozone/hadoop-ozone/integration-test/target/test-dir/MiniOzoneClusterImpl-68853c07-42d2-4ef8-9e75-e3a852294e6a/ozone-meta/scm-ha/68853c07-42d2-4ef8-9e75-e3a852294e6a/current/log_inprogress_0 to /home/runner/work/ozone/ozone/hadoop-ozone/integration-test/target/test-dir/MiniOzoneClusterImpl-68853c07-42d2-4ef8-9e75-e3a852294e6a/ozone-meta/scm-ha/68853c07-42d2-4ef8-9e75-e3a852294e6a/current/log_0-0
2025-04-23 14:36:46,778 [e5540f2e-ddef-4dd5-b4fb-d1f335f047d8@group-E3A852294E6A-SegmentedRaftLogWorker] INFO  segmented.BufferedWriteChannel (BufferedWriteChannel.java:open(61)) - open log_inprogress_1 at position 0
2025-04-23 14:36:46,787 [e5540f2e-ddef-4dd5-b4fb-d1f335f047d8@group-E3A852294E6A-SegmentedRaftLogWorker] INFO  segmented.SegmentedRaftLogWorker (SegmentedRaftLogWorker.java:execute(644)) - e5540f2e-ddef-4dd5-b4fb-d1f335f047d8@group-E3A852294E6A-SegmentedRaftLogWorker: created new log segment /home/runner/work/ozone/ozone/hadoop-ozone/integration-test/target/test-dir/MiniOzoneClusterImpl-68853c07-42d2-4ef8-9e75-e3a852294e6a/ozone-meta/scm-ha/68853c07-42d2-4ef8-9e75-e3a852294e6a/current/log_inprogress_1
2025-04-23 14:36:46,792 [e5540f2e-ddef-4dd5-b4fb-d1f335f047d8@group-E3A852294E6A-StateMachineUpdater] INFO  server.RaftServer$Division (LeaderStateImpl.java:checkStartIndex(313)) - Leader e5540f2e-ddef-4dd5-b4fb-d1f335f047d8@group-E3A852294E6A-LeaderStateImpl is ready since appliedIndex == startIndex == 1
2025-04-23 14:36:46,792 [e5540f2e-ddef-4dd5-b4fb-d1f335f047d8@group-E3A852294E6A-StateMachineUpdater] INFO  ha.SCMContext (SCMContext.java:setLeaderReady(122)) - update <isLeaderReady> from <false> to <true>
2025-04-23 14:36:46,792 [e5540f2e-ddef-4dd5-b4fb-d1f335f047d8@group-E3A852294E6A-StateMachineUpdater] INFO  pipeline.BackgroundPipelineCreator (BackgroundPipelineCreator.java:notifyStatusChanged(269)) - Service BackgroundPipelineCreator transitions to RUNNING.
2025-04-23 14:36:46,794 [e5540f2e-ddef-4dd5-b4fb-d1f335f047d8@group-E3A852294E6A-StateMachineUpdater] INFO  safemode.RatisContainerSafeModeRule (RatisContainerSafeModeRule.java:initializeRule(161)) - Refreshed Containers with one replica threshold count 0.
2025-04-23 14:36:46,794 [e5540f2e-ddef-4dd5-b4fb-d1f335f047d8@group-E3A852294E6A-StateMachineUpdater] INFO  safemode.HealthyPipelineSafeModeRule (HealthyPipelineSafeModeRule.java:initializeRule(174)) - Refreshed total pipeline count is 0, healthy pipeline threshold count is 1
2025-04-23 14:36:46,794 [e5540f2e-ddef-4dd5-b4fb-d1f335f047d8@group-E3A852294E6A-StateMachineUpdater] INFO  safemode.ECContainerSafeModeRule (ECContainerSafeModeRule.java:initializeRule(205)) - Refreshed Containers with ec n replica threshold count 0.
2025-04-23 14:36:46,794 [e5540f2e-ddef-4dd5-b4fb-d1f335f047d8@group-E3A852294E6A-StateMachineUpdater] INFO  safemode.OneReplicaPipelineSafeModeRule (OneReplicaPipelineSafeModeRule.java:initializeRule(187)) - Refreshed Total pipeline count is 0, pipeline's with at least one datanode reported threshold count is 0
2025-04-23 14:36:46,794 [e5540f2e-ddef-4dd5-b4fb-d1f335f047d8@group-E3A852294E6A-StateMachineUpdater] INFO  server.SCMDatanodeProtocolServer (SCMDatanodeProtocolServer.java:start(193)) - ScmDatanodeProtocol RPC server for DataNodes is listening at /0.0.0.0:15002
2025-04-23 14:36:46,795 [IPC Server Responder] INFO  ipc.Server (Server.java:run(1713)) - IPC Server Responder: starting
2025-04-23 14:36:46,795 [IPC Server listener on 15002] INFO  ipc.Server (Server.java:run(1553)) - IPC Server listener on 15002: starting
OM initialization succeeded.Current cluster id for sd=/home/runner/work/ozone/ozone/hadoop-ozone/integration-test/target/test-dir/MiniOzoneClusterImpl-68853c07-42d2-4ef8-9e75-e3a852294e6a/omNode-1/om;cid=68853c07-42d2-4ef8-9e75-e3a852294e6a;layoutVersion=8
2025-04-23 14:36:48,499 [main] INFO  ha.OMHANodeDetails (OMHANodeDetails.java:loadOMHAConfig(120)) - ServiceID for OzoneManager is om-service-test1
2025-04-23 14:36:48,500 [main] INFO  ha.OMHANodeDetails (OMHANodeDetails.java:loadOMHAConfig(200)) - Found matching OM address with OMServiceId: om-service-test1, OMNodeId: omNode-1, RPC Address: localhost:15006 and Ratis port: 15009
2025-04-23 14:36:48,501 [main] INFO  ha.OMHANodeDetails (ConfUtils.java:setNodeSpecificConfigs(98)) - Setting configuration key ozone.om.http-address with value of key ozone.om.http-address.om-service-test1.omNode-1: 127.0.0.1:15007
2025-04-23 14:36:48,501 [main] INFO  ha.OMHANodeDetails (ConfUtils.java:setNodeSpecificConfigs(98)) - Setting configuration key ozone.om.https-address with value of key ozone.om.https-address.om-service-test1.omNode-1: 127.0.0.1:15008
2025-04-23 14:36:48,501 [main] INFO  ha.OMHANodeDetails (ConfUtils.java:setNodeSpecificConfigs(98)) - Setting configuration key ozone.om.address with value of key ozone.om.address.om-service-test1.omNode-1: 127.0.0.1:15006
2025-04-23 14:36:48,501 [main] WARN  server.ServerUtils (ServerUtils.java:getDBPath(297)) - ozone.om.db.dirs is not configured. We recommend adding this setting. Falling back to ozone.metadata.dirs instead.
2025-04-23 14:36:48,506 [main] INFO  upgrade.AbstractLayoutVersionManager (AbstractLayoutVersionManager.java:init(80)) - Initializing Layout version manager with metadata layout = DELEGATION_TOKEN_SYMMETRIC_SIGN (version = 8), software layout = DELEGATION_TOKEN_SYMMETRIC_SIGN (version = 8)
2025-04-23 14:36:48,609 [main] INFO  reflections.Reflections (Reflections.java:scan(219)) - Reflections took 101 ms to scan 2 urls, producing 203 keys and 603 values
2025-04-23 14:36:48,612 [main] INFO  upgrade.OMLayoutVersionManager (OMLayoutVersionManager.java:lambda$0(110)) - Skipping Upgrade Action QuotaRepairUpgradeAction since it has been finalized.
2025-04-23 14:36:48,613 [main] INFO  upgrade.OMLayoutVersionManager (OMLayoutVersionManager.java:lambda$0(110)) - Skipping Upgrade Action MockOmUpgradeAction since it has been finalized.
2025-04-23 14:36:48,615 [main] WARN  server.ServerUtils (ServerUtils.java:getDBPath(297)) - ozone.om.db.dirs is not configured. We recommend adding this setting. Falling back to ozone.metadata.dirs instead.
2025-04-23 14:36:48,617 [main] INFO  om.OzoneManager (OzoneManager.java:setReplicationFromConfig(4612)) - Set default replication in OM: RATIS/3 -> RATIS/THREE
2025-04-23 14:36:48,622 [main] INFO  proxy.SCMContainerLocationFailoverProxyProvider (SCMFailoverProxyProviderBase.java:<init>(120)) - Created fail-over proxy for protocol StorageContainerLocationProtocolPB with 1 nodes: [nodeId=scmNodeId,nodeAddress=/0.0.0.0:15000]
2025-04-23 14:36:48,638 [main] INFO  proxy.SCMBlockLocationFailoverProxyProvider (SCMFailoverProxyProviderBase.java:<init>(120)) - Created fail-over proxy for protocol ScmBlockLocationProtocolPB with 1 nodes: [nodeId=scmNodeId,nodeAddress=/0.0.0.0:15001]
2025-04-23 14:36:48,646 [main] INFO  proxy.SCMBlockLocationFailoverProxyProvider (SCMFailoverProxyProviderBase.java:<init>(120)) - Created fail-over proxy for protocol ScmBlockLocationProtocolPB with 1 nodes: [nodeId=scmNodeId,nodeAddress=/0.0.0.0:15001]
2025-04-23 14:36:48,674 [main] INFO  om.OzoneManager (OzoneManager.java:<init>(689)) - OM start with adminUsers: [*, runner]
2025-04-23 14:36:48,688 [main] WARN  server.ServerUtils (ServerUtils.java:getDBPath(297)) - ozone.om.db.dirs is not configured. We recommend adding this setting. Falling back to ozone.metadata.dirs instead.
2025-04-23 14:36:48,986 [main] INFO  om.OzoneManager (OzoneManager.java:instantiateServices(933)) - S3 Multi-Tenancy is disabled
2025-04-23 14:36:49,005 [main] INFO  om.OmSnapshotManager (OmSnapshotManager.java:<init>(180)) - Ozone filesystem snapshot feature is enabled.
2025-04-23 14:36:49,010 [main] WARN  server.ServerUtils (ServerUtils.java:getDBPath(297)) - ozone.om.snapshot.diff.db.dir is not configured. We recommend adding this setting. Falling back to ozone.metadata.dirs instead.
2025-04-23 14:36:49,045 [main] INFO  utils.NativeLibraryLoader (NativeLibraryLoader.java:loadLibrary(120)) - Loading Library: ozone_rocksdb_tools
2025-04-23 14:36:49,200 [main] INFO  om.OzoneManager (OzoneManager.java:addS3GVolumeToDB(4670)) - Created Volume s3v With Owner runner required for S3Gateway operations.
2025-04-23 14:36:49,242 [main] WARN  server.ServerUtils (ServerUtils.java:getDefaultRatisDirectory(309)) - Storage directory for Ratis is not configured. It is a good idea to map this to an SSD disk. Falling back to ozone.metadata.dirs
2025-04-23 14:36:49,243 [main] WARN  utils.OzoneManagerRatisUtils (OzoneManagerRatisUtils.java:getOMRatisSnapshotDirectory(488)) - ozone.om.ratis.snapshot.dir is not configured. Falling back to ozone.metadata.dirs config
2025-04-23 14:36:49,253 [main] INFO  utils.RDBSnapshotProvider (RDBSnapshotProvider.java:init(85)) - Cleaning up the candidate dir: /home/runner/work/ozone/ozone/hadoop-ozone/integration-test/target/test-dir/MiniOzoneClusterImpl-68853c07-42d2-4ef8-9e75-e3a852294e6a/omNode-1/snapshot/om.db.candidate
2025-04-23 14:36:49,253 [main] INFO  ratis_snapshot.OmRatisSnapshotProvider (OmRatisSnapshotProvider.java:<init>(98)) - Initializing OM Snapshot Provider
2025-04-23 14:36:49,346 [main] WARN  dropwizard3.Dm3MetricRegistriesImpl (Dm3MetricRegistriesImpl.java:addReporterRegistration(114)) - New reporters are added after registries were created. Some metrics will be missing from the reporter. Please add reporter before adding any new registry.
2025-04-23 14:36:49,346 [main] WARN  dropwizard3.Dm3MetricRegistriesImpl (Dm3MetricRegistriesImpl.java:addReporterRegistration(114)) - New reporters are added after registries were created. Some metrics will be missing from the reporter. Please add reporter before adding any new registry.
2025-04-23 14:36:49,347 [main] WARN  server.ServerUtils (ServerUtils.java:getDefaultRatisDirectory(309)) - Storage directory for Ratis is not configured. It is a good idea to map this to an SSD disk. Falling back to ozone.metadata.dirs
2025-04-23 14:36:49,348 [main] INFO  server.RaftServerConfigKeys (ConfUtils.java:logGet(46)) - raft.server.log.appender.buffer.byte-limit = 4194304 (custom)
2025-04-23 14:36:49,350 [main] INFO  ratis.OzoneManagerRatisServer (OzoneManagerRatisServer.java:<init>(167)) - Instantiating OM Ratis server with groupID: om-service-test1 and peers: localhost:15009, localhost:15017, localhost:15013
2025-04-23 14:36:49,354 [main] INFO  ratis.OzoneManagerStateMachine (OzoneManagerStateMachine.java:loadSnapshotInfoFromDB(613)) - TransactionInfo not found in OM DB.
2025-04-23 14:36:49,384 [main] INFO  server.RaftServer (ConfUtils.java:logGet(46)) - raft.rpc.type = GRPC (default)
2025-04-23 14:36:49,384 [main] INFO  grpc.GrpcConfigKeys (ConfUtils.java:logFallback(53)) - raft.grpc.admin.host = null (fallback to raft.grpc.server.host)
2025-04-23 14:36:49,385 [main] INFO  grpc.GrpcConfigKeys (ConfUtils.java:logFallback(53)) - raft.grpc.admin.port = 15009 (fallback to raft.grpc.server.port)
2025-04-23 14:36:49,385 [main] INFO  grpc.GrpcConfigKeys (ConfUtils.java:logFallback(53)) - raft.grpc.client.host = null (fallback to raft.grpc.server.host)
2025-04-23 14:36:49,385 [main] INFO  grpc.GrpcConfigKeys (ConfUtils.java:logFallback(53)) - raft.grpc.client.port = 15009 (fallback to raft.grpc.server.port)
2025-04-23 14:36:49,385 [main] INFO  grpc.GrpcConfigKeys (ConfUtils.java:logGet(46)) - raft.grpc.server.host = null (default)
2025-04-23 14:36:49,385 [main] INFO  grpc.GrpcConfigKeys (ConfUtils.java:logGet(46)) - raft.grpc.server.port = 15009 (custom)
2025-04-23 14:36:49,385 [main] INFO  server.GrpcService (ConfUtils.java:logGet(46)) - raft.grpc.message.size.max = 5242880 (custom)
2025-04-23 14:36:49,385 [main] INFO  server.GrpcService (ConfUtils.java:logGet(46)) - raft.grpc.flow.control.window = 1MB (=1048576) (default)
2025-04-23 14:36:49,386 [main] INFO  server.RaftServerConfigKeys (ConfUtils.java:logGet(46)) - raft.server.rpc.request.timeout = 3000ms (default)
2025-04-23 14:36:49,386 [main] INFO  grpc.GrpcConfigKeys (ConfUtils.java:logGet(46)) - raft.grpc.server.heartbeat.channel = true (default)
2025-04-23 14:36:49,386 [main] INFO  server.RaftServerConfigKeys (ConfUtils.java:logGet(46)) - raft.server.log.appender.buffer.byte-limit = 4194304 (custom)
2025-04-23 14:36:49,386 [main] INFO  grpc.GrpcConfigKeys (ConfUtils.java:logGet(46)) - raft.grpc.server.async.request.thread.pool.cached = true (default)
2025-04-23 14:36:49,387 [main] INFO  grpc.GrpcConfigKeys (ConfUtils.java:logGet(46)) - raft.grpc.server.async.request.thread.pool.size = 32 (default)
2025-04-23 14:36:49,387 [main] INFO  impl.DataStreamServerImpl (ConfUtils.java:logGet(46)) - raft.datastream.type = DISABLED (default)
2025-04-23 14:36:49,388 [main] INFO  server.RaftServerConfigKeys (ConfUtils.java:logGet(46)) - raft.server.sleep.deviation.threshold = 300ms (default)
2025-04-23 14:36:49,388 [main] INFO  server.RaftServerConfigKeys (ConfUtils.java:logGet(46)) - raft.server.close.threshold = 60s (default)
2025-04-23 14:36:49,388 [main] INFO  server.RaftServerConfigKeys (ConfUtils.java:logGet(46)) - raft.server.leaderelection.leader.step-down.wait-time = 10s (default)
2025-04-23 14:36:49,388 [main] INFO  server.RaftServerConfigKeys (ConfUtils.java:logGet(46)) - raft.server.storage.dir = [/home/runner/work/ozone/ozone/hadoop-ozone/integration-test/target/test-dir/MiniOzoneClusterImpl-68853c07-42d2-4ef8-9e75-e3a852294e6a/omNode-1/ratis] (custom)
2025-04-23 14:36:49,389 [main] INFO  server.RaftServerConfigKeys (ConfUtils.java:logGet(46)) - raft.server.threadpool.proxy.cached = true (default)
2025-04-23 14:36:49,389 [main] INFO  server.RaftServerConfigKeys (ConfUtils.java:logGet(46)) - raft.server.threadpool.proxy.size = 0 (default)
2025-04-23 14:36:49,390 [main] INFO  server.RaftServer (RaftServerProxy.java:addNew(100)) - omNode-1: addNew group-523986131536:[omNode-3|localhost:15017, omNode-1|localhost:15009, omNode-2|localhost:15013] returns group-523986131536:java.util.concurrent.CompletableFuture@1f619466[Not completed]
2025-04-23 14:36:49,390 [omNode-1-groupManagement] INFO  server.RaftServer$Division (RaftServerImpl.java:<init>(255)) - omNode-1: new RaftServerImpl for group-523986131536:[omNode-3|localhost:15017, omNode-1|localhost:15009, omNode-2|localhost:15013] with OzoneManagerStateMachine:uninitialized
2025-04-23 14:36:49,390 [omNode-1-groupManagement] INFO  server.RaftServerConfigKeys (ConfUtils.java:logGet(46)) - raft.server.rpc.timeout.min = 1s (custom)
2025-04-23 14:36:49,390 [omNode-1-groupManagement] INFO  server.RaftServerConfigKeys (ConfUtils.java:logGet(46)) - raft.server.rpc.timeout.max = 1200ms (custom)
2025-04-23 14:36:49,390 [omNode-1-groupManagement] INFO  server.RaftServerConfigKeys (ConfUtils.java:logGet(46)) - raft.server.rpc.sleep.time = 25ms (default)
2025-04-23 14:36:49,390 [omNode-1-groupManagement] INFO  server.RaftServerConfigKeys (ConfUtils.java:logGet(46)) - raft.server.rpc.slowness.timeout = 2s (custom)
2025-04-23 14:36:49,391 [omNode-1-groupManagement] INFO  server.RaftServerConfigKeys (ConfUtils.java:logGet(46)) - raft.server.leaderelection.leader.step-down.wait-time = 10s (default)
2025-04-23 14:36:49,391 [omNode-1-groupManagement] INFO  server.RaftServerConfigKeys (ConfUtils.java:logGet(46)) - raft.server.leaderelection.member.majority-add = false (default)
2025-04-23 14:36:49,391 [omNode-1-groupManagement] INFO  server.RaftServerConfigKeys (ConfUtils.java:logGet(46)) - raft.server.sleep.deviation.threshold = 300ms (default)
2025-04-23 14:36:49,391 [omNode-1-groupManagement] INFO  server.RaftServer$Division (ServerState.java:<init>(114)) - omNode-1@group-523986131536: ConfigurationManager, init=conf: {index: -1, cur=peers:[omNode-3|localhost:15017, omNode-1|localhost:15009, omNode-2|localhost:15013]|listeners:[], old=null}, confs=<EMPTY_MAP>
2025-04-23 14:36:49,391 [omNode-1-groupManagement] INFO  server.RaftServerConfigKeys (ConfUtils.java:logGet(46)) - raft.server.notification.no-leader.timeout = 2s (custom)
2025-04-23 14:36:49,391 [omNode-1-groupManagement] INFO  server.RaftServerConfigKeys (ConfUtils.java:logGet(46)) - raft.server.read.timeout = 10s (default)
2025-04-23 14:36:49,391 [omNode-1-groupManagement] INFO  server.RaftServerConfigKeys (ConfUtils.java:logGet(46)) - raft.server.retrycache.expirytime = 30000ms (custom)
2025-04-23 14:36:49,391 [omNode-1-groupManagement] INFO  server.RaftServerConfigKeys (ConfUtils.java:logGet(46)) - raft.server.retrycache.statistics.expirytime = 100ms (default)
2025-04-23 14:36:49,391 [omNode-1-groupManagement] INFO  server.RaftServerConfigKeys (ConfUtils.java:logGet(46)) - raft.server.read.option = DEFAULT (default)
2025-04-23 14:36:49,392 [omNode-1-groupManagement] INFO  server.RaftServerConfigKeys (ConfUtils.java:logGet(46)) - raft.server.read.read-after-write-consistent.write-index-cache.expiry-time = 60s (default)
2025-04-23 14:36:49,390 [main] INFO  om.OzoneManager (OzoneManager.java:initializeRatisServer(2303)) - OzoneManager Ratis server initialized at port 15009
2025-04-23 14:36:49,397 [main] INFO  om.OzoneManager (OzoneManager.java:getRpcServer(1360)) - Creating RPC Server
2025-04-23 14:36:49,399 [omNode-1-groupManagement] INFO  server.RaftServerConfigKeys (ConfUtils.java:logGet(46)) - raft.server.rpc.request.timeout = 3000ms (default)
2025-04-23 14:36:49,399 [omNode-1-groupManagement] INFO  server.RaftServerConfigKeys (ConfUtils.java:logGet(46)) - raft.server.log.appender.install.snapshot.enabled = false (custom)
2025-04-23 14:36:49,399 [omNode-1-groupManagement] INFO  server.RaftServerConfigKeys (ConfUtils.java:logGet(46)) - raft.server.threadpool.server.cached = true (default)
2025-04-23 14:36:49,399 [omNode-1-groupManagement] INFO  server.RaftServerConfigKeys (ConfUtils.java:logGet(46)) - raft.server.threadpool.server.size = 0 (default)
2025-04-23 14:36:49,399 [omNode-1-groupManagement] INFO  server.RaftServerConfigKeys (ConfUtils.java:logGet(46)) - raft.server.threadpool.client.cached = true (default)
2025-04-23 14:36:49,399 [omNode-1-groupManagement] INFO  server.RaftServerConfigKeys (ConfUtils.java:logGet(46)) - raft.server.threadpool.client.size = 0 (default)
2025-04-23 14:36:50,144 [main] INFO  reflections.Reflections (Reflections.java:scan(219)) - Reflections took 715 ms to scan 22 urls, producing 61 keys and 7422 values
2025-04-23 14:36:50,296 [main] INFO  ipc.CallQueueManager (CallQueueManager.java:<init>(93)) - Using callQueue: class java.util.concurrent.LinkedBlockingQueue, queueCapacity: 2000, scheduler: class org.apache.hadoop.ipc.DefaultRpcScheduler, ipcBackoff: false, ipcFailOver: false.
2025-04-23 14:36:50,297 [main] INFO  ipc.Server (Server.java:<init>(1438)) - Listener at 127.0.0.1:15006
2025-04-23 14:36:50,297 [Socket Reader #1 for port 15006] INFO  ipc.Server (Server.java:run(1474)) - Starting Socket Reader #1 for port 15006
2025-04-23 14:36:50,298 [Socket Reader #2 for port 15006] INFO  ipc.Server (Server.java:run(1474)) - Starting Socket Reader #2 for port 15006
2025-04-23 14:36:50,298 [Socket Reader #3 for port 15006] INFO  ipc.Server (Server.java:run(1474)) - Starting Socket Reader #3 for port 15006
2025-04-23 14:36:50,298 [Socket Reader #4 for port 15006] INFO  ipc.Server (Server.java:run(1474)) - Starting Socket Reader #4 for port 15006
2025-04-23 14:36:50,299 [Socket Reader #5 for port 15006] INFO  ipc.Server (Server.java:run(1474)) - Starting Socket Reader #5 for port 15006
2025-04-23 14:36:50,300 [Socket Reader #6 for port 15006] INFO  ipc.Server (Server.java:run(1474)) - Starting Socket Reader #6 for port 15006
2025-04-23 14:36:50,301 [Socket Reader #7 for port 15006] INFO  ipc.Server (Server.java:run(1474)) - Starting Socket Reader #7 for port 15006
2025-04-23 14:36:50,301 [Socket Reader #8 for port 15006] INFO  ipc.Server (Server.java:run(1474)) - Starting Socket Reader #8 for port 15006
2025-04-23 14:36:50,302 [Socket Reader #9 for port 15006] INFO  ipc.Server (Server.java:run(1474)) - Starting Socket Reader #9 for port 15006
2025-04-23 14:36:50,302 [Socket Reader #10 for port 15006] INFO  ipc.Server (Server.java:run(1474)) - Starting Socket Reader #10 for port 15006
2025-04-23 14:36:50,332 [main] INFO  impl.MetricsSystemImpl (MetricsSystemImpl.java:init(158)) - OzoneManager metrics system started (again)
2025-04-23 14:36:50,342 [main] INFO  om.OzoneManager (OzoneManager.java:start(1787)) - OzoneManager RPC server is listening at localhost/127.0.0.1:15006
2025-04-23 14:36:50,342 [main] INFO  ratis.OzoneManagerRatisServer (OzoneManagerRatisServer.java:start(628)) - Starting OzoneManagerRatisServer omNode-1 at port 15009
2025-04-23 14:36:50,343 [omNode-1-impl-thread1] INFO  server.RaftServerConfigKeys (ConfUtils.java:logGet(46)) - raft.server.storage.free-space.min = 0MB (=0) (default)
2025-04-23 14:36:50,343 [omNode-1-impl-thread1] INFO  server.RaftServerConfigKeys (ConfUtils.java:logGet(46)) - raft.server.log.corruption.policy = EXCEPTION (default)
2025-04-23 14:36:50,343 [omNode-1-impl-thread1] INFO  server.RaftServerConfigKeys (ConfUtils.java:logGet(46)) - raft.server.storage.dir = [/home/runner/work/ozone/ozone/hadoop-ozone/integration-test/target/test-dir/MiniOzoneClusterImpl-68853c07-42d2-4ef8-9e75-e3a852294e6a/omNode-1/ratis] (custom)
2025-04-23 14:36:50,344 [omNode-1-impl-thread1] INFO  storage.RaftStorageDirectory (RaftStorageDirectoryImpl.java:analyzeStorage(138)) - The storage directory /home/runner/work/ozone/ozone/hadoop-ozone/integration-test/target/test-dir/MiniOzoneClusterImpl-68853c07-42d2-4ef8-9e75-e3a852294e6a/omNode-1/ratis/c9bc4cf4-3bc3-3c60-a66b-523986131536 does not exist. Creating ...
2025-04-23 14:36:50,345 [omNode-1-impl-thread1] INFO  storage.RaftStorageDirectory (RaftStorageDirectoryImpl.java:tryLock(229)) - Lock on /home/runner/work/ozone/ozone/hadoop-ozone/integration-test/target/test-dir/MiniOzoneClusterImpl-68853c07-42d2-4ef8-9e75-e3a852294e6a/omNode-1/ratis/c9bc4cf4-3bc3-3c60-a66b-523986131536/in_use.lock acquired by nodename 129558@fv-az1120-822
2025-04-23 14:36:50,347 [omNode-1-impl-thread1] INFO  storage.RaftStorage (RaftStorageImpl.java:format(98)) - Storage directory /home/runner/work/ozone/ozone/hadoop-ozone/integration-test/target/test-dir/MiniOzoneClusterImpl-68853c07-42d2-4ef8-9e75-e3a852294e6a/omNode-1/ratis/c9bc4cf4-3bc3-3c60-a66b-523986131536 has been successfully formatted.
2025-04-23 14:36:50,347 [omNode-1-impl-thread1] INFO  ratis.OzoneManagerStateMachine (OzoneManagerStateMachine.java:lambda$0(138)) - omNode-1: initialize group-523986131536 with (t:0, i:~)
2025-04-23 14:36:50,347 [omNode-1-impl-thread1] INFO  server.RaftServerConfigKeys (ConfUtils.java:logGet(46)) - raft.server.log.use.memory = false (default)
2025-04-23 14:36:50,348 [omNode-1-impl-thread1] INFO  server.RaftServerConfigKeys (ConfUtils.java:logGet(46)) - raft.server.log.purge.gap = 50 (custom)
2025-04-23 14:36:50,348 [omNode-1-impl-thread1] INFO  server.RaftServerConfigKeys (ConfUtils.java:logGet(46)) - raft.server.log.appender.buffer.byte-limit = 4194304 (custom)
2025-04-23 14:36:50,348 [omNode-1-impl-thread1] INFO  server.RaftServerConfigKeys (ConfUtils.java:logGet(46)) - raft.server.log.statemachine.data.read.timeout = 1000ms (default)
2025-04-23 14:36:50,348 [omNode-1-impl-thread1] INFO  server.RaftServerConfigKeys (ConfUtils.java:logGet(46)) - raft.server.log.purge.preservation.log.num = 0 (default)
2025-04-23 14:36:50,350 [omNode-1-impl-thread1] INFO  server.RaftServerConfigKeys (ConfUtils.java:logGet(46)) - raft.server.log.segment.size.max = 4194304 (custom)
2025-04-23 14:36:50,350 [omNode-1-impl-thread1] INFO  server.RaftServerConfigKeys (ConfUtils.java:logGet(46)) - raft.server.log.segment.cache.num.max = 2 (custom)
2025-04-23 14:36:50,350 [omNode-1-impl-thread1] INFO  server.RaftServerConfigKeys (ConfUtils.java:logGet(46)) - raft.server.log.segment.cache.size.max = 200MB (=209715200) (default)
2025-04-23 14:36:50,351 [omNode-1-impl-thread1] INFO  server.RaftServerConfigKeys (ConfUtils.java:logGet(46)) - raft.server.log.appender.buffer.byte-limit = 4194304 (custom)
2025-04-23 14:36:50,351 [omNode-1-impl-thread1] INFO  util.AwaitToRun (AwaitToRun.java:start(81)) - Thread[#464,omNode-1@group-523986131536-cacheEviction-AwaitToRun,5,main] started
2025-04-23 14:36:50,351 [omNode-1-impl-thread1] INFO  segmented.SegmentedRaftLogWorker (SegmentedRaftLogWorker.java:<init>(188)) - new omNode-1@group-523986131536-SegmentedRaftLogWorker for RaftStorageImpl:Storage Directory /home/runner/work/ozone/ozone/hadoop-ozone/integration-test/target/test-dir/MiniOzoneClusterImpl-68853c07-42d2-4ef8-9e75-e3a852294e6a/omNode-1/ratis/c9bc4cf4-3bc3-3c60-a66b-523986131536
2025-04-23 14:36:50,351 [omNode-1-impl-thread1] INFO  server.RaftServerConfigKeys (ConfUtils.java:logGet(46)) - raft.server.log.queue.byte-limit = 64MB (=67108864) (default)
2025-04-23 14:36:50,351 [omNode-1-impl-thread1] INFO  server.RaftServerConfigKeys (ConfUtils.java:logGet(46)) - raft.server.log.queue.element-limit = 4096 (default)
2025-04-23 14:36:50,351 [omNode-1-impl-thread1] INFO  server.RaftServerConfigKeys (ConfUtils.java:logGet(46)) - raft.server.log.segment.size.max = 4194304 (custom)
2025-04-23 14:36:50,351 [omNode-1-impl-thread1] INFO  server.RaftServerConfigKeys (ConfUtils.java:logGet(46)) - raft.server.log.preallocated.size = 4194304 (custom)
2025-04-23 14:36:50,351 [omNode-1-impl-thread1] INFO  server.RaftServerConfigKeys (ConfUtils.java:logGet(46)) - raft.server.log.force.sync.num = 128 (default)
2025-04-23 14:36:50,352 [omNode-1-impl-thread1] INFO  server.RaftServerConfigKeys (ConfUtils.java:logGet(46)) - raft.server.log.statemachine.data.sync = true (default)
2025-04-23 14:36:50,352 [omNode-1-impl-thread1] INFO  server.RaftServerConfigKeys (ConfUtils.java:logGet(46)) - raft.server.log.statemachine.data.sync.timeout = 10s (default)
2025-04-23 14:36:50,352 [omNode-1-impl-thread1] INFO  server.RaftServerConfigKeys (ConfUtils.java:logGet(46)) - raft.server.log.statemachine.data.sync.timeout.retry = -1 (default)
2025-04-23 14:36:50,352 [omNode-1-impl-thread1] INFO  server.RaftServerConfigKeys (ConfUtils.java:logGet(46)) - raft.server.log.write.buffer.size = 4194312 (custom)
2025-04-23 14:36:50,353 [omNode-1-impl-thread1] INFO  server.RaftServerConfigKeys (ConfUtils.java:logGet(46)) - raft.server.log.appender.buffer.byte-limit = 4194304 (custom)
2025-04-23 14:36:50,353 [omNode-1-impl-thread1] INFO  server.RaftServerConfigKeys (ConfUtils.java:logGet(46)) - raft.server.log.unsafe-flush.enabled = false (default)
2025-04-23 14:36:50,353 [omNode-1-impl-thread1] INFO  server.RaftServerConfigKeys (ConfUtils.java:logGet(46)) - raft.server.log.async-flush.enabled = false (default)
2025-04-23 14:36:50,353 [omNode-1-impl-thread1] INFO  server.RaftServerConfigKeys (ConfUtils.java:logGet(46)) - raft.server.log.statemachine.data.caching.enabled = false (default)
2025-04-23 14:36:50,353 [omNode-1-impl-thread1] INFO  segmented.SegmentedRaftLogWorker (SegmentedRaftLogWorker.java:lambda$new$0(139)) - omNode-1@group-523986131536-SegmentedRaftLogWorker: flushIndex: setUnconditionally 0 -> -1
2025-04-23 14:36:50,353 [omNode-1-impl-thread1] INFO  segmented.SegmentedRaftLogWorker (SegmentedRaftLogWorker.java:lambda$new$0(139)) - omNode-1@group-523986131536-SegmentedRaftLogWorker: safeCacheEvictIndex: setUnconditionally 0 -> -1
2025-04-23 14:36:50,354 [omNode-1-impl-thread1] INFO  server.RaftServer$Division (RaftServerImpl.java:start(391)) - omNode-1@group-523986131536: start as a follower, conf=conf: {index: -1, cur=peers:[omNode-3|localhost:15017, omNode-1|localhost:15009, omNode-2|localhost:15013]|listeners:[], old=null}
2025-04-23 14:36:50,354 [omNode-1-impl-thread1] INFO  server.RaftServer$Division (RaftServerImpl.java:setRole(378)) - omNode-1@group-523986131536: changes role from      null to FOLLOWER at term 0 for startAsFollower
2025-04-23 14:36:50,354 [omNode-1-impl-thread1] INFO  impl.RoleInfo (RoleInfo.java:updateAndGet(148)) - omNode-1: start omNode-1@group-523986131536-FollowerState
2025-04-23 14:36:50,355 [omNode-1-impl-thread1] INFO  util.JmxRegister (JmxRegister.java:tryRegister(44)) - Successfully registered JMX Bean with object name Ratis:service=RaftServer,group=group-523986131536,id=omNode-1
2025-04-23 14:36:50,355 [omNode-1-impl-thread1] INFO  util.JmxRegister (JmxRegister.java:register(58)) - register mxBean class org.apache.ratis.server.impl.RaftServerJmxAdapter as Ratis:service=RaftServer,group=group-523986131536,id=omNode-1
2025-04-23 14:36:50,355 [omNode-1-impl-thread1] INFO  server.RaftServerConfigKeys (ConfUtils.java:logGet(46)) - raft.server.snapshot.trigger-when-stop.enabled = true (default)
2025-04-23 14:36:50,355 [omNode-1-impl-thread1] INFO  server.RaftServerConfigKeys (ConfUtils.java:logGet(46)) - raft.server.snapshot.trigger-when-remove.enabled = true (default)
2025-04-23 14:36:50,355 [omNode-1-impl-thread1] INFO  server.RaftServerConfigKeys (ConfUtils.java:logGet(46)) - raft.server.snapshot.auto.trigger.enabled = true (custom)
2025-04-23 14:36:50,355 [omNode-1-impl-thread1] INFO  server.RaftServerConfigKeys (ConfUtils.java:logGet(46)) - raft.server.snapshot.auto.trigger.threshold = 50 (custom)
2025-04-23 14:36:50,355 [omNode-1@group-523986131536-FollowerState] INFO  server.RaftServerConfigKeys (ConfUtils.java:logFallback(53)) - raft.server.rpc.first-election.timeout.min = 1s (fallback to raft.server.rpc.timeout.min)
2025-04-23 14:36:50,355 [omNode-1-impl-thread1] INFO  server.RaftServerConfigKeys (ConfUtils.java:logGet(46)) - raft.server.snapshot.retention.file.num = -1 (default)
2025-04-23 14:36:50,355 [omNode-1@group-523986131536-FollowerState] INFO  server.RaftServerConfigKeys (ConfUtils.java:logFallback(53)) - raft.server.rpc.first-election.timeout.max = 1200ms (fallback to raft.server.rpc.timeout.max)
2025-04-23 14:36:50,355 [omNode-1-impl-thread1] INFO  server.RaftServerConfigKeys (ConfUtils.java:logGet(46)) - raft.server.log.purge.upto.snapshot.index = true (custom)
2025-04-23 14:36:50,356 [omNode-1-impl-thread1] INFO  server.RaftServer$Division (RaftServerImpl.java:start(405)) - omNode-1@group-523986131536: Successfully started.
2025-04-23 14:36:50,356 [main] INFO  server.RaftServer (RaftServerProxy.java:startImpl(407)) - omNode-1: start RPC server
2025-04-23 14:36:50,357 [main] INFO  server.GrpcService (GrpcService.java:startImpl(334)) - omNode-1: GrpcService started, listening on 15009
2025-04-23 14:36:50,357 [JvmPauseMonitor2] INFO  util.JvmPauseMonitor (JvmPauseMonitor.java:run(146)) - JvmPauseMonitor-omNode-1: Started
2025-04-23 14:36:50,358 [main] INFO  om.OzoneManager (OzoneManager.java:start(1802)) - Version File has different layout version (8) than OM DB (null). That is expected if this OM has never been finalized to a newer layout version.
2025-04-23 14:36:50,369 [main] INFO  client.ScmTopologyClient (ScmTopologyClient.java:start(70)) - Initial network topology fetched from SCM: /.
2025-04-23 14:36:50,370 [main] INFO  net.NodeSchemaLoader (NodeSchemaLoader.java:loadSchemaFromFile(127)) - Loading schema from [jar:file:/home/runner/work/ozone/ozone/hadoop-hdds/common/target/hdds-common-2.1.0-SNAPSHOT.jar!/network-topology-default.xml]
2025-04-23 14:36:50,370 [main] INFO  net.NodeSchemaLoader (NodeSchemaLoader.java:loadSchema(174)) - Loading network topology layer schema file
2025-04-23 14:36:50,381 [main] INFO  http.BaseHttpServer (BaseHttpServer.java:newHttpServer2BuilderForOzone(229)) - Starting Web-server for ozoneManager at: http://0.0.0.0:15007
2025-04-23 14:36:50,382 [main] INFO  http.BaseHttpServer (BaseHttpServer.java:<init>(107)) - Hadoop Security Enabled: false Ozone Security Enabled: false Ozone HTTP Security Enabled: false 
2025-04-23 14:36:50,384 [main] WARN  server.AuthenticationFilter (AuthenticationFilter.java:constructSecretProvider(240)) - Unable to initialize FileSignerSecretProvider, falling back to use random secrets. Reason: Could not read signature secret file: /home/runner/hadoop-http-auth-signature-secret
2025-04-23 14:36:50,387 [main] INFO  http.HttpServer2 (HttpServer2.java:addGlobalFilter(1041)) - Added global filter 'safety' (class=org.apache.hadoop.hdds.server.http.HttpServer2$QuotingInputFilter)
2025-04-23 14:36:50,388 [main] INFO  http.HttpServer2 (HttpServer2.java:addFilter(1017)) - Added filter static_user_filter (class=org.apache.hadoop.http.lib.StaticUserWebFilter$StaticUserFilter) to context ozoneManager
2025-04-23 14:36:50,388 [main] INFO  http.HttpServer2 (HttpServer2.java:addFilter(1025)) - Added filter static_user_filter (class=org.apache.hadoop.http.lib.StaticUserWebFilter$StaticUserFilter) to context logs
2025-04-23 14:36:50,388 [main] INFO  http.HttpServer2 (HttpServer2.java:addFilter(1025)) - Added filter static_user_filter (class=org.apache.hadoop.http.lib.StaticUserWebFilter$StaticUserFilter) to context static
2025-04-23 14:36:50,389 [main] INFO  http.BaseHttpServer (BaseHttpServer.java:<init>(195)) - HTTP server of ozoneManager uses base directory /home/runner/work/ozone/ozone/hadoop-ozone/integration-test/target/test-dir/MiniOzoneClusterImpl-68853c07-42d2-4ef8-9e75-e3a852294e6a/omNode-1/webserver
2025-04-23 14:36:50,391 [main] INFO  http.HttpServer2 (HttpServer2.java:bindListener(1241)) - Jetty bound to port 15007
2025-04-23 14:36:50,392 [main] INFO  server.Server (Server.java:doStart(375)) - jetty-9.4.57.v20241219; built: 2025-01-08T21:24:30.412Z; git: df524e6b29271c2e09ba9aea83c18dc9db464a31; jvm 21.0.7+6-LTS
2025-04-23 14:36:50,393 [main] INFO  server.session (DefaultSessionIdManager.java:doStart(334)) - DefaultSessionIdManager workerName=node0
2025-04-23 14:36:50,393 [main] INFO  server.session (DefaultSessionIdManager.java:doStart(339)) - No SessionScavenger set, using defaults
2025-04-23 14:36:50,393 [main] INFO  server.session (HouseKeeper.java:startScavenging(132)) - node0 Scavenging every 600000ms
2025-04-23 14:36:50,394 [main] INFO  handler.ContextHandler (ContextHandler.java:doStart(921)) - Started o.e.j.s.ServletContextHandler@34c10504{logs,/logs,file:///home/runner/work/ozone/ozone/hadoop-ozone/integration-test/target/log,AVAILABLE}
2025-04-23 14:36:50,395 [main] INFO  handler.ContextHandler (ContextHandler.java:doStart(921)) - Started o.e.j.s.ServletContextHandler@33d102c9{static,/static,file:///home/runner/work/ozone/ozone/hadoop-ozone/integration-test/target/test-classes/webapps/static,AVAILABLE}
2025-04-23 14:36:50,404 [main] INFO  handler.ContextHandler (ContextHandler.java:doStart(921)) - Started o.e.j.w.WebAppContext@cd19d0a{ozoneManager,/,file:///home/runner/work/ozone/ozone/hadoop-ozone/integration-test/target/test-classes/webapps/ozoneManager/,AVAILABLE}{file:/home/runner/work/ozone/ozone/hadoop-ozone/integration-test/target/test-classes/webapps/ozoneManager}
2025-04-23 14:36:50,404 [main] INFO  server.AbstractConnector (AbstractConnector.java:doStart(333)) - Started ServerConnector@14fed6c7{HTTP/1.1, (http/1.1)}{0.0.0.0:15007}
2025-04-23 14:36:50,405 [main] INFO  server.Server (Server.java:doStart(415)) - Started @10684ms
2025-04-23 14:36:50,405 [main] WARN  impl.MetricsSystemImpl (MetricsSystemImpl.java:register(279)) - Sink prometheus already exists!
2025-04-23 14:36:50,405 [main] INFO  http.BaseHttpServer (BaseHttpServer.java:updateConnectorAddress(360)) - HTTP server of ozoneManager listening at http://0.0.0.0:15007
2025-04-23 14:36:50,406 [IPC Server Responder] INFO  ipc.Server (Server.java:run(1713)) - IPC Server Responder: starting
2025-04-23 14:36:50,406 [IPC Server listener on 15006] INFO  ipc.Server (Server.java:run(1553)) - IPC Server listener on 15006: starting
2025-04-23 14:36:50,413 [main] INFO  om.OzoneManager (OzoneManager.java:startTrashEmptier(2257)) - Trash Interval set to 0. Files deleted won't move to trash
2025-04-23 14:36:50,422 [main] INFO  ozone.MiniOzoneHAClusterImpl (MiniOzoneHAClusterImpl.java:createOMService(516)) - Started OzoneManager omNode-1 RPC server at localhost/127.0.0.1:15006
2025-04-23 14:36:50,422 [main] INFO  ha.OMHANodeDetails (OMHANodeDetails.java:loadOMHAConfig(120)) - ServiceID for OzoneManager is om-service-test1
2025-04-23 14:36:50,423 [main] INFO  ha.OMHANodeDetails (OMHANodeDetails.java:loadOMHAConfig(200)) - Found matching OM address with OMServiceId: om-service-test1, OMNodeId: omNode-2, RPC Address: localhost:15010 and Ratis port: 15013
2025-04-23 14:36:50,423 [main] INFO  ha.OMHANodeDetails (ConfUtils.java:setNodeSpecificConfigs(98)) - Setting configuration key ozone.om.http-address with value of key ozone.om.http-address.om-service-test1.omNode-2: 127.0.0.1:15011
2025-04-23 14:36:50,424 [main] INFO  ha.OMHANodeDetails (ConfUtils.java:setNodeSpecificConfigs(98)) - Setting configuration key ozone.om.https-address with value of key ozone.om.https-address.om-service-test1.omNode-2: 127.0.0.1:15012
2025-04-23 14:36:50,424 [main] INFO  ha.OMHANodeDetails (ConfUtils.java:setNodeSpecificConfigs(98)) - Setting configuration key ozone.om.address with value of key ozone.om.address.om-service-test1.omNode-2: 127.0.0.1:15010
2025-04-23 14:36:50,424 [main] WARN  server.ServerUtils (ServerUtils.java:getDBPath(297)) - ozone.om.db.dirs is not configured. We recommend adding this setting. Falling back to ozone.metadata.dirs instead.
2025-04-23 14:36:50,426 [main] INFO  proxy.SCMBlockLocationFailoverProxyProvider (SCMFailoverProxyProviderBase.java:<init>(120)) - Created fail-over proxy for protocol ScmBlockLocationProtocolPB with 1 nodes: [nodeId=scmNodeId,nodeAddress=/0.0.0.0:15001]
OM initialization succeeded.Current cluster id for sd=/home/runner/work/ozone/ozone/hadoop-ozone/integration-test/target/test-dir/MiniOzoneClusterImpl-68853c07-42d2-4ef8-9e75-e3a852294e6a/omNode-2/om;cid=68853c07-42d2-4ef8-9e75-e3a852294e6a;layoutVersion=8
2025-04-23 14:36:50,432 [main] INFO  ha.OMHANodeDetails (OMHANodeDetails.java:loadOMHAConfig(120)) - ServiceID for OzoneManager is om-service-test1
2025-04-23 14:36:50,433 [main] INFO  ha.OMHANodeDetails (OMHANodeDetails.java:loadOMHAConfig(200)) - Found matching OM address with OMServiceId: om-service-test1, OMNodeId: omNode-2, RPC Address: localhost:15010 and Ratis port: 15013
2025-04-23 14:36:50,433 [main] INFO  ha.OMHANodeDetails (ConfUtils.java:setNodeSpecificConfigs(98)) - Setting configuration key ozone.om.http-address with value of key ozone.om.http-address.om-service-test1.omNode-2: 127.0.0.1:15011
2025-04-23 14:36:50,434 [main] INFO  ha.OMHANodeDetails (ConfUtils.java:setNodeSpecificConfigs(98)) - Setting configuration key ozone.om.https-address with value of key ozone.om.https-address.om-service-test1.omNode-2: 127.0.0.1:15012
2025-04-23 14:36:50,434 [main] INFO  ha.OMHANodeDetails (ConfUtils.java:setNodeSpecificConfigs(98)) - Setting configuration key ozone.om.address with value of key ozone.om.address.om-service-test1.omNode-2: 127.0.0.1:15010
2025-04-23 14:36:50,434 [main] WARN  server.ServerUtils (ServerUtils.java:getDBPath(297)) - ozone.om.db.dirs is not configured. We recommend adding this setting. Falling back to ozone.metadata.dirs instead.
2025-04-23 14:36:50,436 [main] INFO  upgrade.AbstractLayoutVersionManager (AbstractLayoutVersionManager.java:init(80)) - Initializing Layout version manager with metadata layout = DELEGATION_TOKEN_SYMMETRIC_SIGN (version = 8), software layout = DELEGATION_TOKEN_SYMMETRIC_SIGN (version = 8)
2025-04-23 14:36:50,510 [main] INFO  reflections.Reflections (Reflections.java:scan(219)) - Reflections took 73 ms to scan 2 urls, producing 203 keys and 603 values
2025-04-23 14:36:50,511 [main] INFO  upgrade.OMLayoutVersionManager (OMLayoutVersionManager.java:lambda$0(110)) - Skipping Upgrade Action QuotaRepairUpgradeAction since it has been finalized.
2025-04-23 14:36:50,511 [main] INFO  upgrade.OMLayoutVersionManager (OMLayoutVersionManager.java:lambda$0(110)) - Skipping Upgrade Action MockOmUpgradeAction since it has been finalized.
2025-04-23 14:36:50,511 [main] WARN  server.ServerUtils (ServerUtils.java:getDBPath(297)) - ozone.om.db.dirs is not configured. We recommend adding this setting. Falling back to ozone.metadata.dirs instead.
2025-04-23 14:36:50,512 [main] INFO  om.OzoneManager (OzoneManager.java:setReplicationFromConfig(4612)) - Set default replication in OM: RATIS/3 -> RATIS/THREE
2025-04-23 14:36:50,512 [main] INFO  proxy.SCMContainerLocationFailoverProxyProvider (SCMFailoverProxyProviderBase.java:<init>(120)) - Created fail-over proxy for protocol StorageContainerLocationProtocolPB with 1 nodes: [nodeId=scmNodeId,nodeAddress=/0.0.0.0:15000]
2025-04-23 14:36:50,513 [main] INFO  proxy.SCMBlockLocationFailoverProxyProvider (SCMFailoverProxyProviderBase.java:<init>(120)) - Created fail-over proxy for protocol ScmBlockLocationProtocolPB with 1 nodes: [nodeId=scmNodeId,nodeAddress=/0.0.0.0:15001]
2025-04-23 14:36:50,515 [main] INFO  proxy.SCMBlockLocationFailoverProxyProvider (SCMFailoverProxyProviderBase.java:<init>(120)) - Created fail-over proxy for protocol ScmBlockLocationProtocolPB with 1 nodes: [nodeId=scmNodeId,nodeAddress=/0.0.0.0:15001]
2025-04-23 14:36:50,521 [main] INFO  om.OzoneManager (OzoneManager.java:<init>(689)) - OM start with adminUsers: [*, runner]
2025-04-23 14:36:50,522 [main] WARN  server.ServerUtils (ServerUtils.java:getDBPath(297)) - ozone.om.db.dirs is not configured. We recommend adding this setting. Falling back to ozone.metadata.dirs instead.
2025-04-23 14:36:50,681 [main] INFO  om.OzoneManager (OzoneManager.java:instantiateServices(933)) - S3 Multi-Tenancy is disabled
2025-04-23 14:36:50,682 [main] INFO  om.OmSnapshotManager (OmSnapshotManager.java:<init>(180)) - Ozone filesystem snapshot feature is enabled.
2025-04-23 14:36:50,682 [main] WARN  server.ServerUtils (ServerUtils.java:getDBPath(297)) - ozone.om.snapshot.diff.db.dir is not configured. We recommend adding this setting. Falling back to ozone.metadata.dirs instead.
2025-04-23 14:36:50,701 [main] INFO  om.OzoneManager (OzoneManager.java:addS3GVolumeToDB(4670)) - Created Volume s3v With Owner runner required for S3Gateway operations.
2025-04-23 14:36:50,702 [main] WARN  server.ServerUtils (ServerUtils.java:getDefaultRatisDirectory(309)) - Storage directory for Ratis is not configured. It is a good idea to map this to an SSD disk. Falling back to ozone.metadata.dirs
2025-04-23 14:36:50,702 [main] WARN  utils.OzoneManagerRatisUtils (OzoneManagerRatisUtils.java:getOMRatisSnapshotDirectory(488)) - ozone.om.ratis.snapshot.dir is not configured. Falling back to ozone.metadata.dirs config
2025-04-23 14:36:50,702 [main] INFO  utils.RDBSnapshotProvider (RDBSnapshotProvider.java:init(85)) - Cleaning up the candidate dir: /home/runner/work/ozone/ozone/hadoop-ozone/integration-test/target/test-dir/MiniOzoneClusterImpl-68853c07-42d2-4ef8-9e75-e3a852294e6a/omNode-2/snapshot/om.db.candidate
2025-04-23 14:36:50,703 [main] INFO  ratis_snapshot.OmRatisSnapshotProvider (OmRatisSnapshotProvider.java:<init>(98)) - Initializing OM Snapshot Provider
2025-04-23 14:36:50,704 [main] WARN  dropwizard3.Dm3MetricRegistriesImpl (Dm3MetricRegistriesImpl.java:addReporterRegistration(114)) - New reporters are added after registries were created. Some metrics will be missing from the reporter. Please add reporter before adding any new registry.
2025-04-23 14:36:50,704 [main] WARN  dropwizard3.Dm3MetricRegistriesImpl (Dm3MetricRegistriesImpl.java:addReporterRegistration(114)) - New reporters are added after registries were created. Some metrics will be missing from the reporter. Please add reporter before adding any new registry.
2025-04-23 14:36:50,704 [main] WARN  server.ServerUtils (ServerUtils.java:getDefaultRatisDirectory(309)) - Storage directory for Ratis is not configured. It is a good idea to map this to an SSD disk. Falling back to ozone.metadata.dirs
2025-04-23 14:36:50,705 [main] INFO  server.RaftServerConfigKeys (ConfUtils.java:logGet(46)) - raft.server.log.appender.buffer.byte-limit = 4194304 (custom)
2025-04-23 14:36:50,706 [main] INFO  ratis.OzoneManagerRatisServer (OzoneManagerRatisServer.java:<init>(167)) - Instantiating OM Ratis server with groupID: om-service-test1 and peers: localhost:15013, localhost:15017, localhost:15009
2025-04-23 14:36:50,707 [main] INFO  ratis.OzoneManagerStateMachine (OzoneManagerStateMachine.java:loadSnapshotInfoFromDB(613)) - TransactionInfo not found in OM DB.
2025-04-23 14:36:50,707 [main] INFO  server.RaftServer (ConfUtils.java:logGet(46)) - raft.rpc.type = GRPC (default)
2025-04-23 14:36:50,707 [main] INFO  grpc.GrpcConfigKeys (ConfUtils.java:logFallback(53)) - raft.grpc.admin.host = null (fallback to raft.grpc.server.host)
2025-04-23 14:36:50,708 [main] INFO  grpc.GrpcConfigKeys (ConfUtils.java:logFallback(53)) - raft.grpc.admin.port = 15013 (fallback to raft.grpc.server.port)
2025-04-23 14:36:50,708 [main] INFO  grpc.GrpcConfigKeys (ConfUtils.java:logFallback(53)) - raft.grpc.client.host = null (fallback to raft.grpc.server.host)
2025-04-23 14:36:50,708 [main] INFO  grpc.GrpcConfigKeys (ConfUtils.java:logFallback(53)) - raft.grpc.client.port = 15013 (fallback to raft.grpc.server.port)
2025-04-23 14:36:50,708 [main] INFO  grpc.GrpcConfigKeys (ConfUtils.java:logGet(46)) - raft.grpc.server.host = null (default)
2025-04-23 14:36:50,708 [main] INFO  grpc.GrpcConfigKeys (ConfUtils.java:logGet(46)) - raft.grpc.server.port = 15013 (custom)
2025-04-23 14:36:50,708 [main] INFO  server.GrpcService (ConfUtils.java:logGet(46)) - raft.grpc.message.size.max = 5242880 (custom)
2025-04-23 14:36:50,708 [main] INFO  server.GrpcService (ConfUtils.java:logGet(46)) - raft.grpc.flow.control.window = 1MB (=1048576) (default)
2025-04-23 14:36:50,709 [main] INFO  server.RaftServerConfigKeys (ConfUtils.java:logGet(46)) - raft.server.rpc.request.timeout = 3000ms (default)
2025-04-23 14:36:50,709 [main] INFO  grpc.GrpcConfigKeys (ConfUtils.java:logGet(46)) - raft.grpc.server.heartbeat.channel = true (default)
2025-04-23 14:36:50,709 [main] INFO  server.RaftServerConfigKeys (ConfUtils.java:logGet(46)) - raft.server.log.appender.buffer.byte-limit = 4194304 (custom)
2025-04-23 14:36:50,709 [main] INFO  grpc.GrpcConfigKeys (ConfUtils.java:logGet(46)) - raft.grpc.server.async.request.thread.pool.cached = true (default)
2025-04-23 14:36:50,709 [main] INFO  grpc.GrpcConfigKeys (ConfUtils.java:logGet(46)) - raft.grpc.server.async.request.thread.pool.size = 32 (default)
2025-04-23 14:36:50,710 [main] INFO  impl.DataStreamServerImpl (ConfUtils.java:logGet(46)) - raft.datastream.type = DISABLED (default)
2025-04-23 14:36:50,710 [main] INFO  server.RaftServerConfigKeys (ConfUtils.java:logGet(46)) - raft.server.sleep.deviation.threshold = 300ms (default)
2025-04-23 14:36:50,710 [main] INFO  server.RaftServerConfigKeys (ConfUtils.java:logGet(46)) - raft.server.close.threshold = 60s (default)
2025-04-23 14:36:50,710 [main] INFO  server.RaftServerConfigKeys (ConfUtils.java:logGet(46)) - raft.server.leaderelection.leader.step-down.wait-time = 10s (default)
2025-04-23 14:36:50,711 [main] INFO  server.RaftServerConfigKeys (ConfUtils.java:logGet(46)) - raft.server.storage.dir = [/home/runner/work/ozone/ozone/hadoop-ozone/integration-test/target/test-dir/MiniOzoneClusterImpl-68853c07-42d2-4ef8-9e75-e3a852294e6a/omNode-2/ratis] (custom)
2025-04-23 14:36:50,711 [main] INFO  server.RaftServerConfigKeys (ConfUtils.java:logGet(46)) - raft.server.threadpool.proxy.cached = true (default)
2025-04-23 14:36:50,711 [main] INFO  server.RaftServerConfigKeys (ConfUtils.java:logGet(46)) - raft.server.threadpool.proxy.size = 0 (default)
2025-04-23 14:36:50,711 [main] INFO  server.RaftServer (RaftServerProxy.java:addNew(100)) - omNode-2: addNew group-523986131536:[omNode-3|localhost:15017, omNode-1|localhost:15009, omNode-2|localhost:15013] returns group-523986131536:java.util.concurrent.CompletableFuture@6f854741[Not completed]
2025-04-23 14:36:50,712 [main] INFO  om.OzoneManager (OzoneManager.java:initializeRatisServer(2303)) - OzoneManager Ratis server initialized at port 15013
2025-04-23 14:36:50,712 [main] INFO  om.OzoneManager (OzoneManager.java:getRpcServer(1360)) - Creating RPC Server
2025-04-23 14:36:50,712 [omNode-2-groupManagement] INFO  server.RaftServer$Division (RaftServerImpl.java:<init>(255)) - omNode-2: new RaftServerImpl for group-523986131536:[omNode-3|localhost:15017, omNode-1|localhost:15009, omNode-2|localhost:15013] with OzoneManagerStateMachine:uninitialized
2025-04-23 14:36:50,712 [omNode-2-groupManagement] INFO  server.RaftServerConfigKeys (ConfUtils.java:logGet(46)) - raft.server.rpc.timeout.min = 1s (custom)
2025-04-23 14:36:50,712 [omNode-2-groupManagement] INFO  server.RaftServerConfigKeys (ConfUtils.java:logGet(46)) - raft.server.rpc.timeout.max = 1200ms (custom)
2025-04-23 14:36:50,712 [omNode-2-groupManagement] INFO  server.RaftServerConfigKeys (ConfUtils.java:logGet(46)) - raft.server.rpc.sleep.time = 25ms (default)
2025-04-23 14:36:50,712 [omNode-2-groupManagement] INFO  server.RaftServerConfigKeys (ConfUtils.java:logGet(46)) - raft.server.rpc.slowness.timeout = 2s (custom)
2025-04-23 14:36:50,712 [omNode-2-groupManagement] INFO  server.RaftServerConfigKeys (ConfUtils.java:logGet(46)) - raft.server.leaderelection.leader.step-down.wait-time = 10s (default)
2025-04-23 14:36:50,713 [omNode-2-groupManagement] INFO  server.RaftServerConfigKeys (ConfUtils.java:logGet(46)) - raft.server.leaderelection.member.majority-add = false (default)
2025-04-23 14:36:50,713 [omNode-2-groupManagement] INFO  server.RaftServerConfigKeys (ConfUtils.java:logGet(46)) - raft.server.sleep.deviation.threshold = 300ms (default)
2025-04-23 14:36:50,713 [omNode-2-groupManagement] INFO  server.RaftServer$Division (ServerState.java:<init>(114)) - omNode-2@group-523986131536: ConfigurationManager, init=conf: {index: -1, cur=peers:[omNode-3|localhost:15017, omNode-1|localhost:15009, omNode-2|localhost:15013]|listeners:[], old=null}, confs=<EMPTY_MAP>
2025-04-23 14:36:50,713 [omNode-2-groupManagement] INFO  server.RaftServerConfigKeys (ConfUtils.java:logGet(46)) - raft.server.notification.no-leader.timeout = 2s (custom)
2025-04-23 14:36:50,713 [omNode-2-groupManagement] INFO  server.RaftServerConfigKeys (ConfUtils.java:logGet(46)) - raft.server.read.timeout = 10s (default)
2025-04-23 14:36:50,713 [omNode-2-groupManagement] INFO  server.RaftServerConfigKeys (ConfUtils.java:logGet(46)) - raft.server.retrycache.expirytime = 30000ms (custom)
2025-04-23 14:36:50,713 [omNode-2-groupManagement] INFO  server.RaftServerConfigKeys (ConfUtils.java:logGet(46)) - raft.server.retrycache.statistics.expirytime = 100ms (default)
2025-04-23 14:36:50,713 [omNode-2-groupManagement] INFO  server.RaftServerConfigKeys (ConfUtils.java:logGet(46)) - raft.server.read.option = DEFAULT (default)
2025-04-23 14:36:50,713 [omNode-2-groupManagement] INFO  server.RaftServerConfigKeys (ConfUtils.java:logGet(46)) - raft.server.read.read-after-write-consistent.write-index-cache.expiry-time = 60s (default)
2025-04-23 14:36:50,722 [omNode-2-groupManagement] INFO  server.RaftServerConfigKeys (ConfUtils.java:logGet(46)) - raft.server.rpc.request.timeout = 3000ms (default)
2025-04-23 14:36:50,723 [omNode-2-groupManagement] INFO  server.RaftServerConfigKeys (ConfUtils.java:logGet(46)) - raft.server.log.appender.install.snapshot.enabled = false (custom)
2025-04-23 14:36:50,723 [omNode-2-groupManagement] INFO  server.RaftServerConfigKeys (ConfUtils.java:logGet(46)) - raft.server.threadpool.server.cached = true (default)
2025-04-23 14:36:50,723 [omNode-2-groupManagement] INFO  server.RaftServerConfigKeys (ConfUtils.java:logGet(46)) - raft.server.threadpool.server.size = 0 (default)
2025-04-23 14:36:50,723 [omNode-2-groupManagement] INFO  server.RaftServerConfigKeys (ConfUtils.java:logGet(46)) - raft.server.threadpool.client.cached = true (default)
2025-04-23 14:36:50,723 [omNode-2-groupManagement] INFO  server.RaftServerConfigKeys (ConfUtils.java:logGet(46)) - raft.server.threadpool.client.size = 0 (default)
2025-04-23 14:36:51,121 [main] INFO  reflections.Reflections (Reflections.java:scan(219)) - Reflections took 407 ms to scan 22 urls, producing 61 keys and 7422 values
2025-04-23 14:36:51,124 [main] INFO  ipc.CallQueueManager (CallQueueManager.java:<init>(93)) - Using callQueue: class java.util.concurrent.LinkedBlockingQueue, queueCapacity: 2000, scheduler: class org.apache.hadoop.ipc.DefaultRpcScheduler, ipcBackoff: false, ipcFailOver: false.
2025-04-23 14:36:51,124 [main] INFO  ipc.Server (Server.java:<init>(1438)) - Listener at 127.0.0.1:15010
2025-04-23 14:36:51,125 [Socket Reader #1 for port 15010] INFO  ipc.Server (Server.java:run(1474)) - Starting Socket Reader #1 for port 15010
2025-04-23 14:36:51,125 [Socket Reader #2 for port 15010] INFO  ipc.Server (Server.java:run(1474)) - Starting Socket Reader #2 for port 15010
2025-04-23 14:36:51,125 [Socket Reader #3 for port 15010] INFO  ipc.Server (Server.java:run(1474)) - Starting Socket Reader #3 for port 15010
2025-04-23 14:36:51,126 [Socket Reader #4 for port 15010] INFO  ipc.Server (Server.java:run(1474)) - Starting Socket Reader #4 for port 15010
2025-04-23 14:36:51,126 [Socket Reader #5 for port 15010] INFO  ipc.Server (Server.java:run(1474)) - Starting Socket Reader #5 for port 15010
2025-04-23 14:36:51,127 [Socket Reader #6 for port 15010] INFO  ipc.Server (Server.java:run(1474)) - Starting Socket Reader #6 for port 15010
2025-04-23 14:36:51,128 [Socket Reader #7 for port 15010] INFO  ipc.Server (Server.java:run(1474)) - Starting Socket Reader #7 for port 15010
2025-04-23 14:36:51,128 [Socket Reader #8 for port 15010] INFO  ipc.Server (Server.java:run(1474)) - Starting Socket Reader #8 for port 15010
2025-04-23 14:36:51,128 [Socket Reader #9 for port 15010] INFO  ipc.Server (Server.java:run(1474)) - Starting Socket Reader #9 for port 15010
2025-04-23 14:36:51,129 [Socket Reader #10 for port 15010] INFO  ipc.Server (Server.java:run(1474)) - Starting Socket Reader #10 for port 15010
2025-04-23 14:36:51,153 [main] INFO  impl.MetricsSystemImpl (MetricsSystemImpl.java:init(158)) - OzoneManager metrics system started (again)
2025-04-23 14:36:51,164 [main] INFO  om.OzoneManager (OzoneManager.java:start(1787)) - OzoneManager RPC server is listening at localhost/127.0.0.1:15010
2025-04-23 14:36:51,164 [main] INFO  ratis.OzoneManagerRatisServer (OzoneManagerRatisServer.java:start(628)) - Starting OzoneManagerRatisServer omNode-2 at port 15013
2025-04-23 14:36:51,165 [omNode-2-impl-thread1] INFO  server.RaftServerConfigKeys (ConfUtils.java:logGet(46)) - raft.server.storage.free-space.min = 0MB (=0) (default)
2025-04-23 14:36:51,165 [omNode-2-impl-thread1] INFO  server.RaftServerConfigKeys (ConfUtils.java:logGet(46)) - raft.server.log.corruption.policy = EXCEPTION (default)
2025-04-23 14:36:51,165 [omNode-2-impl-thread1] INFO  server.RaftServerConfigKeys (ConfUtils.java:logGet(46)) - raft.server.storage.dir = [/home/runner/work/ozone/ozone/hadoop-ozone/integration-test/target/test-dir/MiniOzoneClusterImpl-68853c07-42d2-4ef8-9e75-e3a852294e6a/omNode-2/ratis] (custom)
2025-04-23 14:36:51,165 [omNode-2-impl-thread1] INFO  storage.RaftStorageDirectory (RaftStorageDirectoryImpl.java:analyzeStorage(138)) - The storage directory /home/runner/work/ozone/ozone/hadoop-ozone/integration-test/target/test-dir/MiniOzoneClusterImpl-68853c07-42d2-4ef8-9e75-e3a852294e6a/omNode-2/ratis/c9bc4cf4-3bc3-3c60-a66b-523986131536 does not exist. Creating ...
2025-04-23 14:36:51,167 [omNode-2-impl-thread1] INFO  storage.RaftStorageDirectory (RaftStorageDirectoryImpl.java:tryLock(229)) - Lock on /home/runner/work/ozone/ozone/hadoop-ozone/integration-test/target/test-dir/MiniOzoneClusterImpl-68853c07-42d2-4ef8-9e75-e3a852294e6a/omNode-2/ratis/c9bc4cf4-3bc3-3c60-a66b-523986131536/in_use.lock acquired by nodename 129558@fv-az1120-822
2025-04-23 14:36:51,168 [omNode-2-impl-thread1] INFO  storage.RaftStorage (RaftStorageImpl.java:format(98)) - Storage directory /home/runner/work/ozone/ozone/hadoop-ozone/integration-test/target/test-dir/MiniOzoneClusterImpl-68853c07-42d2-4ef8-9e75-e3a852294e6a/omNode-2/ratis/c9bc4cf4-3bc3-3c60-a66b-523986131536 has been successfully formatted.
2025-04-23 14:36:51,168 [omNode-2-impl-thread1] INFO  ratis.OzoneManagerStateMachine (OzoneManagerStateMachine.java:lambda$0(138)) - omNode-2: initialize group-523986131536 with (t:0, i:~)
2025-04-23 14:36:51,168 [omNode-2-impl-thread1] INFO  server.RaftServerConfigKeys (ConfUtils.java:logGet(46)) - raft.server.log.use.memory = false (default)
2025-04-23 14:36:51,169 [omNode-2-impl-thread1] INFO  server.RaftServerConfigKeys (ConfUtils.java:logGet(46)) - raft.server.log.purge.gap = 50 (custom)
2025-04-23 14:36:51,169 [omNode-2-impl-thread1] INFO  server.RaftServerConfigKeys (ConfUtils.java:logGet(46)) - raft.server.log.appender.buffer.byte-limit = 4194304 (custom)
2025-04-23 14:36:51,169 [omNode-2-impl-thread1] INFO  server.RaftServerConfigKeys (ConfUtils.java:logGet(46)) - raft.server.log.statemachine.data.read.timeout = 1000ms (default)
2025-04-23 14:36:51,169 [omNode-2-impl-thread1] INFO  server.RaftServerConfigKeys (ConfUtils.java:logGet(46)) - raft.server.log.purge.preservation.log.num = 0 (default)
2025-04-23 14:36:51,171 [omNode-2-impl-thread1] INFO  server.RaftServerConfigKeys (ConfUtils.java:logGet(46)) - raft.server.log.segment.size.max = 4194304 (custom)
2025-04-23 14:36:51,172 [omNode-2-impl-thread1] INFO  server.RaftServerConfigKeys (ConfUtils.java:logGet(46)) - raft.server.log.segment.cache.num.max = 2 (custom)
2025-04-23 14:36:51,172 [omNode-2-impl-thread1] INFO  server.RaftServerConfigKeys (ConfUtils.java:logGet(46)) - raft.server.log.segment.cache.size.max = 200MB (=209715200) (default)
2025-04-23 14:36:51,172 [omNode-2-impl-thread1] INFO  server.RaftServerConfigKeys (ConfUtils.java:logGet(46)) - raft.server.log.appender.buffer.byte-limit = 4194304 (custom)
2025-04-23 14:36:51,172 [omNode-2-impl-thread1] INFO  util.AwaitToRun (AwaitToRun.java:start(81)) - Thread[#545,omNode-2@group-523986131536-cacheEviction-AwaitToRun,5,main] started
2025-04-23 14:36:51,172 [omNode-2-impl-thread1] INFO  segmented.SegmentedRaftLogWorker (SegmentedRaftLogWorker.java:<init>(188)) - new omNode-2@group-523986131536-SegmentedRaftLogWorker for RaftStorageImpl:Storage Directory /home/runner/work/ozone/ozone/hadoop-ozone/integration-test/target/test-dir/MiniOzoneClusterImpl-68853c07-42d2-4ef8-9e75-e3a852294e6a/omNode-2/ratis/c9bc4cf4-3bc3-3c60-a66b-523986131536
2025-04-23 14:36:51,172 [omNode-2-impl-thread1] INFO  server.RaftServerConfigKeys (ConfUtils.java:logGet(46)) - raft.server.log.queue.byte-limit = 64MB (=67108864) (default)
2025-04-23 14:36:51,172 [omNode-2-impl-thread1] INFO  server.RaftServerConfigKeys (ConfUtils.java:logGet(46)) - raft.server.log.queue.element-limit = 4096 (default)
2025-04-23 14:36:51,172 [omNode-2-impl-thread1] INFO  server.RaftServerConfigKeys (ConfUtils.java:logGet(46)) - raft.server.log.segment.size.max = 4194304 (custom)
2025-04-23 14:36:51,172 [omNode-2-impl-thread1] INFO  server.RaftServerConfigKeys (ConfUtils.java:logGet(46)) - raft.server.log.preallocated.size = 4194304 (custom)
2025-04-23 14:36:51,173 [omNode-2-impl-thread1] INFO  server.RaftServerConfigKeys (ConfUtils.java:logGet(46)) - raft.server.log.force.sync.num = 128 (default)
2025-04-23 14:36:51,173 [omNode-2-impl-thread1] INFO  server.RaftServerConfigKeys (ConfUtils.java:logGet(46)) - raft.server.log.statemachine.data.sync = true (default)
2025-04-23 14:36:51,173 [omNode-2-impl-thread1] INFO  server.RaftServerConfigKeys (ConfUtils.java:logGet(46)) - raft.server.log.statemachine.data.sync.timeout = 10s (default)
2025-04-23 14:36:51,173 [omNode-2-impl-thread1] INFO  server.RaftServerConfigKeys (ConfUtils.java:logGet(46)) - raft.server.log.statemachine.data.sync.timeout.retry = -1 (default)
2025-04-23 14:36:51,173 [omNode-2-impl-thread1] INFO  server.RaftServerConfigKeys (ConfUtils.java:logGet(46)) - raft.server.log.write.buffer.size = 4194312 (custom)
2025-04-23 14:36:51,175 [omNode-2-impl-thread1] INFO  server.RaftServerConfigKeys (ConfUtils.java:logGet(46)) - raft.server.log.appender.buffer.byte-limit = 4194304 (custom)
2025-04-23 14:36:51,175 [omNode-2-impl-thread1] INFO  server.RaftServerConfigKeys (ConfUtils.java:logGet(46)) - raft.server.log.unsafe-flush.enabled = false (default)
2025-04-23 14:36:51,175 [omNode-2-impl-thread1] INFO  server.RaftServerConfigKeys (ConfUtils.java:logGet(46)) - raft.server.log.async-flush.enabled = false (default)
2025-04-23 14:36:51,175 [omNode-2-impl-thread1] INFO  server.RaftServerConfigKeys (ConfUtils.java:logGet(46)) - raft.server.log.statemachine.data.caching.enabled = false (default)
2025-04-23 14:36:51,175 [omNode-2-impl-thread1] INFO  segmented.SegmentedRaftLogWorker (SegmentedRaftLogWorker.java:lambda$new$0(139)) - omNode-2@group-523986131536-SegmentedRaftLogWorker: flushIndex: setUnconditionally 0 -> -1
2025-04-23 14:36:51,175 [omNode-2-impl-thread1] INFO  segmented.SegmentedRaftLogWorker (SegmentedRaftLogWorker.java:lambda$new$0(139)) - omNode-2@group-523986131536-SegmentedRaftLogWorker: safeCacheEvictIndex: setUnconditionally 0 -> -1
2025-04-23 14:36:51,176 [omNode-2-impl-thread1] INFO  server.RaftServer$Division (RaftServerImpl.java:start(391)) - omNode-2@group-523986131536: start as a follower, conf=conf: {index: -1, cur=peers:[omNode-3|localhost:15017, omNode-1|localhost:15009, omNode-2|localhost:15013]|listeners:[], old=null}
2025-04-23 14:36:51,176 [omNode-2-impl-thread1] INFO  server.RaftServer$Division (RaftServerImpl.java:setRole(378)) - omNode-2@group-523986131536: changes role from      null to FOLLOWER at term 0 for startAsFollower
2025-04-23 14:36:51,176 [omNode-2-impl-thread1] INFO  impl.RoleInfo (RoleInfo.java:updateAndGet(148)) - omNode-2: start omNode-2@group-523986131536-FollowerState
2025-04-23 14:36:51,176 [omNode-2@group-523986131536-FollowerState] INFO  server.RaftServerConfigKeys (ConfUtils.java:logFallback(53)) - raft.server.rpc.first-election.timeout.min = 1s (fallback to raft.server.rpc.timeout.min)
2025-04-23 14:36:51,177 [omNode-2@group-523986131536-FollowerState] INFO  server.RaftServerConfigKeys (ConfUtils.java:logFallback(53)) - raft.server.rpc.first-election.timeout.max = 1200ms (fallback to raft.server.rpc.timeout.max)
2025-04-23 14:36:51,177 [omNode-2-impl-thread1] INFO  util.JmxRegister (JmxRegister.java:tryRegister(44)) - Successfully registered JMX Bean with object name Ratis:service=RaftServer,group=group-523986131536,id=omNode-2
2025-04-23 14:36:51,177 [omNode-2-impl-thread1] INFO  util.JmxRegister (JmxRegister.java:register(58)) - register mxBean class org.apache.ratis.server.impl.RaftServerJmxAdapter as Ratis:service=RaftServer,group=group-523986131536,id=omNode-2
2025-04-23 14:36:51,177 [omNode-2-impl-thread1] INFO  server.RaftServerConfigKeys (ConfUtils.java:logGet(46)) - raft.server.snapshot.trigger-when-stop.enabled = true (default)
2025-04-23 14:36:51,177 [omNode-2-impl-thread1] INFO  server.RaftServerConfigKeys (ConfUtils.java:logGet(46)) - raft.server.snapshot.trigger-when-remove.enabled = true (default)
2025-04-23 14:36:51,177 [omNode-2-impl-thread1] INFO  server.RaftServerConfigKeys (ConfUtils.java:logGet(46)) - raft.server.snapshot.auto.trigger.enabled = true (custom)
2025-04-23 14:36:51,177 [omNode-2-impl-thread1] INFO  server.RaftServerConfigKeys (ConfUtils.java:logGet(46)) - raft.server.snapshot.auto.trigger.threshold = 50 (custom)
2025-04-23 14:36:51,177 [omNode-2-impl-thread1] INFO  server.RaftServerConfigKeys (ConfUtils.java:logGet(46)) - raft.server.snapshot.retention.file.num = -1 (default)
2025-04-23 14:36:51,177 [omNode-2-impl-thread1] INFO  server.RaftServerConfigKeys (ConfUtils.java:logGet(46)) - raft.server.log.purge.upto.snapshot.index = true (custom)
2025-04-23 14:36:51,178 [omNode-2-impl-thread1] INFO  server.RaftServer$Division (RaftServerImpl.java:start(405)) - omNode-2@group-523986131536: Successfully started.
2025-04-23 14:36:51,178 [main] INFO  server.RaftServer (RaftServerProxy.java:startImpl(407)) - omNode-2: start RPC server
2025-04-23 14:36:51,179 [main] INFO  server.GrpcService (GrpcService.java:startImpl(334)) - omNode-2: GrpcService started, listening on 15013
2025-04-23 14:36:51,180 [JvmPauseMonitor3] INFO  util.JvmPauseMonitor (JvmPauseMonitor.java:run(146)) - JvmPauseMonitor-omNode-2: Started
2025-04-23 14:36:51,180 [main] INFO  om.OzoneManager (OzoneManager.java:start(1802)) - Version File has different layout version (8) than OM DB (null). That is expected if this OM has never been finalized to a newer layout version.
2025-04-23 14:36:51,184 [main] INFO  client.ScmTopologyClient (ScmTopologyClient.java:start(70)) - Initial network topology fetched from SCM: /.
2025-04-23 14:36:51,184 [main] INFO  net.NodeSchemaLoader (NodeSchemaLoader.java:loadSchemaFromFile(127)) - Loading schema from [jar:file:/home/runner/work/ozone/ozone/hadoop-hdds/common/target/hdds-common-2.1.0-SNAPSHOT.jar!/network-topology-default.xml]
2025-04-23 14:36:51,184 [main] INFO  net.NodeSchemaLoader (NodeSchemaLoader.java:loadSchema(174)) - Loading network topology layer schema file
2025-04-23 14:36:51,193 [main] INFO  http.BaseHttpServer (BaseHttpServer.java:newHttpServer2BuilderForOzone(229)) - Starting Web-server for ozoneManager at: http://0.0.0.0:15011
2025-04-23 14:36:51,193 [main] INFO  http.BaseHttpServer (BaseHttpServer.java:<init>(107)) - Hadoop Security Enabled: false Ozone Security Enabled: false Ozone HTTP Security Enabled: false 
2025-04-23 14:36:51,195 [main] WARN  server.AuthenticationFilter (AuthenticationFilter.java:constructSecretProvider(240)) - Unable to initialize FileSignerSecretProvider, falling back to use random secrets. Reason: Could not read signature secret file: /home/runner/hadoop-http-auth-signature-secret
2025-04-23 14:36:51,198 [main] INFO  http.HttpServer2 (HttpServer2.java:addGlobalFilter(1041)) - Added global filter 'safety' (class=org.apache.hadoop.hdds.server.http.HttpServer2$QuotingInputFilter)
2025-04-23 14:36:51,199 [main] INFO  http.HttpServer2 (HttpServer2.java:addFilter(1017)) - Added filter static_user_filter (class=org.apache.hadoop.http.lib.StaticUserWebFilter$StaticUserFilter) to context ozoneManager
2025-04-23 14:36:51,199 [main] INFO  http.HttpServer2 (HttpServer2.java:addFilter(1025)) - Added filter static_user_filter (class=org.apache.hadoop.http.lib.StaticUserWebFilter$StaticUserFilter) to context static
2025-04-23 14:36:51,199 [main] INFO  http.HttpServer2 (HttpServer2.java:addFilter(1025)) - Added filter static_user_filter (class=org.apache.hadoop.http.lib.StaticUserWebFilter$StaticUserFilter) to context logs
2025-04-23 14:36:51,200 [main] INFO  http.BaseHttpServer (BaseHttpServer.java:<init>(195)) - HTTP server of ozoneManager uses base directory /home/runner/work/ozone/ozone/hadoop-ozone/integration-test/target/test-dir/MiniOzoneClusterImpl-68853c07-42d2-4ef8-9e75-e3a852294e6a/omNode-2/webserver
2025-04-23 14:36:51,200 [main] INFO  http.HttpServer2 (HttpServer2.java:bindListener(1241)) - Jetty bound to port 15011
2025-04-23 14:36:51,201 [main] INFO  server.Server (Server.java:doStart(375)) - jetty-9.4.57.v20241219; built: 2025-01-08T21:24:30.412Z; git: df524e6b29271c2e09ba9aea83c18dc9db464a31; jvm 21.0.7+6-LTS
2025-04-23 14:36:51,202 [main] INFO  server.session (DefaultSessionIdManager.java:doStart(334)) - DefaultSessionIdManager workerName=node0
2025-04-23 14:36:51,202 [main] INFO  server.session (DefaultSessionIdManager.java:doStart(339)) - No SessionScavenger set, using defaults
2025-04-23 14:36:51,202 [main] INFO  server.session (HouseKeeper.java:startScavenging(132)) - node0 Scavenging every 660000ms
2025-04-23 14:36:51,203 [main] INFO  handler.ContextHandler (ContextHandler.java:doStart(921)) - Started o.e.j.s.ServletContextHandler@786594c8{logs,/logs,file:///home/runner/work/ozone/ozone/hadoop-ozone/integration-test/target/log,AVAILABLE}
2025-04-23 14:36:51,203 [main] INFO  handler.ContextHandler (ContextHandler.java:doStart(921)) - Started o.e.j.s.ServletContextHandler@69c47d27{static,/static,file:///home/runner/work/ozone/ozone/hadoop-ozone/integration-test/target/test-classes/webapps/static,AVAILABLE}
2025-04-23 14:36:51,211 [main] INFO  handler.ContextHandler (ContextHandler.java:doStart(921)) - Started o.e.j.w.WebAppContext@11216e2e{ozoneManager,/,file:///home/runner/work/ozone/ozone/hadoop-ozone/integration-test/target/test-classes/webapps/ozoneManager/,AVAILABLE}{file:/home/runner/work/ozone/ozone/hadoop-ozone/integration-test/target/test-classes/webapps/ozoneManager}
2025-04-23 14:36:51,211 [main] INFO  server.AbstractConnector (AbstractConnector.java:doStart(333)) - Started ServerConnector@7cbeb8b2{HTTP/1.1, (http/1.1)}{0.0.0.0:15011}
2025-04-23 14:36:51,212 [main] INFO  server.Server (Server.java:doStart(415)) - Started @11491ms
2025-04-23 14:36:51,212 [main] WARN  impl.MetricsSystemImpl (MetricsSystemImpl.java:register(279)) - Sink prometheus already exists!
2025-04-23 14:36:51,212 [main] INFO  http.BaseHttpServer (BaseHttpServer.java:updateConnectorAddress(360)) - HTTP server of ozoneManager listening at http://0.0.0.0:15011
2025-04-23 14:36:51,213 [IPC Server Responder] INFO  ipc.Server (Server.java:run(1713)) - IPC Server Responder: starting
2025-04-23 14:36:51,213 [IPC Server listener on 15010] INFO  ipc.Server (Server.java:run(1553)) - IPC Server listener on 15010: starting
2025-04-23 14:36:51,215 [main] INFO  om.OzoneManager (OzoneManager.java:startTrashEmptier(2257)) - Trash Interval set to 0. Files deleted won't move to trash
2025-04-23 14:36:51,215 [main] INFO  ozone.MiniOzoneHAClusterImpl (MiniOzoneHAClusterImpl.java:createOMService(516)) - Started OzoneManager omNode-2 RPC server at localhost/127.0.0.1:15010
2025-04-23 14:36:51,216 [main] INFO  ha.OMHANodeDetails (OMHANodeDetails.java:loadOMHAConfig(120)) - ServiceID for OzoneManager is om-service-test1
2025-04-23 14:36:51,217 [main] INFO  ha.OMHANodeDetails (OMHANodeDetails.java:loadOMHAConfig(200)) - Found matching OM address with OMServiceId: om-service-test1, OMNodeId: omNode-3, RPC Address: localhost:15014 and Ratis port: 15017
2025-04-23 14:36:51,217 [main] INFO  ha.OMHANodeDetails (ConfUtils.java:setNodeSpecificConfigs(98)) - Setting configuration key ozone.om.http-address with value of key ozone.om.http-address.om-service-test1.omNode-3: 127.0.0.1:15015
2025-04-23 14:36:51,217 [main] INFO  ha.OMHANodeDetails (ConfUtils.java:setNodeSpecificConfigs(98)) - Setting configuration key ozone.om.https-address with value of key ozone.om.https-address.om-service-test1.omNode-3: 127.0.0.1:15016
2025-04-23 14:36:51,218 [main] INFO  ha.OMHANodeDetails (ConfUtils.java:setNodeSpecificConfigs(98)) - Setting configuration key ozone.om.address with value of key ozone.om.address.om-service-test1.omNode-3: 127.0.0.1:15014
2025-04-23 14:36:51,218 [main] WARN  server.ServerUtils (ServerUtils.java:getDBPath(297)) - ozone.om.db.dirs is not configured. We recommend adding this setting. Falling back to ozone.metadata.dirs instead.
2025-04-23 14:36:51,220 [main] INFO  proxy.SCMBlockLocationFailoverProxyProvider (SCMFailoverProxyProviderBase.java:<init>(120)) - Created fail-over proxy for protocol ScmBlockLocationProtocolPB with 1 nodes: [nodeId=scmNodeId,nodeAddress=/0.0.0.0:15001]
OM initialization succeeded.Current cluster id for sd=/home/runner/work/ozone/ozone/hadoop-ozone/integration-test/target/test-dir/MiniOzoneClusterImpl-68853c07-42d2-4ef8-9e75-e3a852294e6a/omNode-3/om;cid=68853c07-42d2-4ef8-9e75-e3a852294e6a;layoutVersion=8
2025-04-23 14:36:51,226 [main] INFO  ha.OMHANodeDetails (OMHANodeDetails.java:loadOMHAConfig(120)) - ServiceID for OzoneManager is om-service-test1
2025-04-23 14:36:51,226 [main] INFO  ha.OMHANodeDetails (OMHANodeDetails.java:loadOMHAConfig(200)) - Found matching OM address with OMServiceId: om-service-test1, OMNodeId: omNode-3, RPC Address: localhost:15014 and Ratis port: 15017
2025-04-23 14:36:51,226 [main] INFO  ha.OMHANodeDetails (ConfUtils.java:setNodeSpecificConfigs(98)) - Setting configuration key ozone.om.http-address with value of key ozone.om.http-address.om-service-test1.omNode-3: 127.0.0.1:15015
2025-04-23 14:36:51,226 [main] INFO  ha.OMHANodeDetails (ConfUtils.java:setNodeSpecificConfigs(98)) - Setting configuration key ozone.om.https-address with value of key ozone.om.https-address.om-service-test1.omNode-3: 127.0.0.1:15016
2025-04-23 14:36:51,226 [main] INFO  ha.OMHANodeDetails (ConfUtils.java:setNodeSpecificConfigs(98)) - Setting configuration key ozone.om.address with value of key ozone.om.address.om-service-test1.omNode-3: 127.0.0.1:15014
2025-04-23 14:36:51,227 [main] WARN  server.ServerUtils (ServerUtils.java:getDBPath(297)) - ozone.om.db.dirs is not configured. We recommend adding this setting. Falling back to ozone.metadata.dirs instead.
2025-04-23 14:36:51,228 [main] INFO  upgrade.AbstractLayoutVersionManager (AbstractLayoutVersionManager.java:init(80)) - Initializing Layout version manager with metadata layout = DELEGATION_TOKEN_SYMMETRIC_SIGN (version = 8), software layout = DELEGATION_TOKEN_SYMMETRIC_SIGN (version = 8)
2025-04-23 14:36:51,285 [main] INFO  reflections.Reflections (Reflections.java:scan(219)) - Reflections took 56 ms to scan 2 urls, producing 203 keys and 603 values
2025-04-23 14:36:51,286 [main] INFO  upgrade.OMLayoutVersionManager (OMLayoutVersionManager.java:lambda$0(110)) - Skipping Upgrade Action QuotaRepairUpgradeAction since it has been finalized.
2025-04-23 14:36:51,286 [main] INFO  upgrade.OMLayoutVersionManager (OMLayoutVersionManager.java:lambda$0(110)) - Skipping Upgrade Action MockOmUpgradeAction since it has been finalized.
2025-04-23 14:36:51,286 [main] WARN  server.ServerUtils (ServerUtils.java:getDBPath(297)) - ozone.om.db.dirs is not configured. We recommend adding this setting. Falling back to ozone.metadata.dirs instead.
2025-04-23 14:36:51,287 [main] INFO  om.OzoneManager (OzoneManager.java:setReplicationFromConfig(4612)) - Set default replication in OM: RATIS/3 -> RATIS/THREE
2025-04-23 14:36:51,287 [main] INFO  proxy.SCMContainerLocationFailoverProxyProvider (SCMFailoverProxyProviderBase.java:<init>(120)) - Created fail-over proxy for protocol StorageContainerLocationProtocolPB with 1 nodes: [nodeId=scmNodeId,nodeAddress=/0.0.0.0:15000]
2025-04-23 14:36:51,288 [main] INFO  proxy.SCMBlockLocationFailoverProxyProvider (SCMFailoverProxyProviderBase.java:<init>(120)) - Created fail-over proxy for protocol ScmBlockLocationProtocolPB with 1 nodes: [nodeId=scmNodeId,nodeAddress=/0.0.0.0:15001]
2025-04-23 14:36:51,290 [main] INFO  proxy.SCMBlockLocationFailoverProxyProvider (SCMFailoverProxyProviderBase.java:<init>(120)) - Created fail-over proxy for protocol ScmBlockLocationProtocolPB with 1 nodes: [nodeId=scmNodeId,nodeAddress=/0.0.0.0:15001]
2025-04-23 14:36:51,296 [main] INFO  om.OzoneManager (OzoneManager.java:<init>(689)) - OM start with adminUsers: [*, runner]
2025-04-23 14:36:51,297 [main] WARN  server.ServerUtils (ServerUtils.java:getDBPath(297)) - ozone.om.db.dirs is not configured. We recommend adding this setting. Falling back to ozone.metadata.dirs instead.
2025-04-23 14:36:51,476 [omNode-1@group-523986131536-FollowerState] INFO  impl.FollowerState (FollowerState.java:runImpl(161)) - omNode-1@group-523986131536-FollowerState: change to CANDIDATE, lastRpcElapsedTime:1122355071ns, electionTimeout:1121ms
2025-04-23 14:36:51,477 [omNode-1@group-523986131536-FollowerState] INFO  impl.RoleInfo (RoleInfo.java:shutdownFollowerState(121)) - omNode-1: shutdown omNode-1@group-523986131536-FollowerState
2025-04-23 14:36:51,477 [omNode-1@group-523986131536-FollowerState] INFO  server.RaftServer$Division (RaftServerImpl.java:setRole(378)) - omNode-1@group-523986131536: changes role from  FOLLOWER to CANDIDATE at term 0 for changeToCandidate
2025-04-23 14:36:51,480 [omNode-1@group-523986131536-FollowerState] INFO  server.RaftServerConfigKeys (ConfUtils.java:logGet(46)) - raft.server.leaderelection.pre-vote = true (default)
2025-04-23 14:36:51,481 [omNode-1@group-523986131536-FollowerState] INFO  impl.RoleInfo (RoleInfo.java:updateAndGet(148)) - omNode-1: start omNode-1@group-523986131536-LeaderElection3
2025-04-23 14:36:51,481 [main] INFO  om.OzoneManager (OzoneManager.java:instantiateServices(933)) - S3 Multi-Tenancy is disabled
2025-04-23 14:36:51,482 [omNode-1@group-523986131536-LeaderElection3] INFO  impl.LeaderElection (LeaderElection.java:askForVotes(332)) - omNode-1@group-523986131536-LeaderElection3 PRE_VOTE round 0: submit vote requests at term 0 for conf: {index: -1, cur=peers:[omNode-3|localhost:15017, omNode-1|localhost:15009, omNode-2|localhost:15013]|listeners:[], old=null}
2025-04-23 14:36:51,483 [main] INFO  om.OmSnapshotManager (OmSnapshotManager.java:<init>(180)) - Ozone filesystem snapshot feature is enabled.
2025-04-23 14:36:51,483 [main] WARN  server.ServerUtils (ServerUtils.java:getDBPath(297)) - ozone.om.snapshot.diff.db.dir is not configured. We recommend adding this setting. Falling back to ozone.metadata.dirs instead.
2025-04-23 14:36:51,495 [omNode-1@group-523986131536-LeaderElection3] INFO  server.RaftServerConfigKeys (ConfUtils.java:logFallback(53)) - raft.server.rpc.first-election.timeout.min = 1s (fallback to raft.server.rpc.timeout.min)
2025-04-23 14:36:51,495 [omNode-1@group-523986131536-LeaderElection3] INFO  server.RaftServerConfigKeys (ConfUtils.java:logFallback(53)) - raft.server.rpc.first-election.timeout.max = 1200ms (fallback to raft.server.rpc.timeout.max)
2025-04-23 14:36:51,496 [omNode-1@group-523986131536-LeaderElection3-2] INFO  server.GrpcServerProtocolClient (GrpcServerProtocolClient.java:<init>(65)) - Build channel for omNode-2|localhost:15013
2025-04-23 14:36:51,496 [omNode-1@group-523986131536-LeaderElection3-1] INFO  server.GrpcServerProtocolClient (GrpcServerProtocolClient.java:<init>(65)) - Build channel for omNode-3|localhost:15017
2025-04-23 14:36:51,509 [main] INFO  om.OzoneManager (OzoneManager.java:addS3GVolumeToDB(4670)) - Created Volume s3v With Owner runner required for S3Gateway operations.
2025-04-23 14:36:51,510 [main] WARN  server.ServerUtils (ServerUtils.java:getDefaultRatisDirectory(309)) - Storage directory for Ratis is not configured. It is a good idea to map this to an SSD disk. Falling back to ozone.metadata.dirs
2025-04-23 14:36:51,511 [main] WARN  utils.OzoneManagerRatisUtils (OzoneManagerRatisUtils.java:getOMRatisSnapshotDirectory(488)) - ozone.om.ratis.snapshot.dir is not configured. Falling back to ozone.metadata.dirs config
2025-04-23 14:36:51,511 [main] INFO  utils.RDBSnapshotProvider (RDBSnapshotProvider.java:init(85)) - Cleaning up the candidate dir: /home/runner/work/ozone/ozone/hadoop-ozone/integration-test/target/test-dir/MiniOzoneClusterImpl-68853c07-42d2-4ef8-9e75-e3a852294e6a/omNode-3/snapshot/om.db.candidate
2025-04-23 14:36:51,511 [main] INFO  ratis_snapshot.OmRatisSnapshotProvider (OmRatisSnapshotProvider.java:<init>(98)) - Initializing OM Snapshot Provider
2025-04-23 14:36:51,513 [main] WARN  dropwizard3.Dm3MetricRegistriesImpl (Dm3MetricRegistriesImpl.java:addReporterRegistration(114)) - New reporters are added after registries were created. Some metrics will be missing from the reporter. Please add reporter before adding any new registry.
2025-04-23 14:36:51,513 [main] WARN  dropwizard3.Dm3MetricRegistriesImpl (Dm3MetricRegistriesImpl.java:addReporterRegistration(114)) - New reporters are added after registries were created. Some metrics will be missing from the reporter. Please add reporter before adding any new registry.
2025-04-23 14:36:51,514 [main] WARN  server.ServerUtils (ServerUtils.java:getDefaultRatisDirectory(309)) - Storage directory for Ratis is not configured. It is a good idea to map this to an SSD disk. Falling back to ozone.metadata.dirs
2025-04-23 14:36:51,514 [main] INFO  server.RaftServerConfigKeys (ConfUtils.java:logGet(46)) - raft.server.log.appender.buffer.byte-limit = 4194304 (custom)
2025-04-23 14:36:51,516 [main] INFO  ratis.OzoneManagerRatisServer (OzoneManagerRatisServer.java:<init>(167)) - Instantiating OM Ratis server with groupID: om-service-test1 and peers: localhost:15017, localhost:15009, localhost:15013
2025-04-23 14:36:51,516 [main] INFO  ratis.OzoneManagerStateMachine (OzoneManagerStateMachine.java:loadSnapshotInfoFromDB(613)) - TransactionInfo not found in OM DB.
2025-04-23 14:36:51,517 [main] INFO  server.RaftServer (ConfUtils.java:logGet(46)) - raft.rpc.type = GRPC (default)
2025-04-23 14:36:51,517 [main] INFO  grpc.GrpcConfigKeys (ConfUtils.java:logFallback(53)) - raft.grpc.admin.host = null (fallback to raft.grpc.server.host)
2025-04-23 14:36:51,517 [main] INFO  grpc.GrpcConfigKeys (ConfUtils.java:logFallback(53)) - raft.grpc.admin.port = 15017 (fallback to raft.grpc.server.port)
2025-04-23 14:36:51,517 [main] INFO  grpc.GrpcConfigKeys (ConfUtils.java:logFallback(53)) - raft.grpc.client.host = null (fallback to raft.grpc.server.host)
2025-04-23 14:36:51,517 [main] INFO  grpc.GrpcConfigKeys (ConfUtils.java:logFallback(53)) - raft.grpc.client.port = 15017 (fallback to raft.grpc.server.port)
2025-04-23 14:36:51,517 [main] INFO  grpc.GrpcConfigKeys (ConfUtils.java:logGet(46)) - raft.grpc.server.host = null (default)
2025-04-23 14:36:51,518 [main] INFO  grpc.GrpcConfigKeys (ConfUtils.java:logGet(46)) - raft.grpc.server.port = 15017 (custom)
2025-04-23 14:36:51,518 [main] INFO  server.GrpcService (ConfUtils.java:logGet(46)) - raft.grpc.message.size.max = 5242880 (custom)
2025-04-23 14:36:51,518 [main] INFO  server.GrpcService (ConfUtils.java:logGet(46)) - raft.grpc.flow.control.window = 1MB (=1048576) (default)
2025-04-23 14:36:51,518 [main] INFO  server.RaftServerConfigKeys (ConfUtils.java:logGet(46)) - raft.server.rpc.request.timeout = 3000ms (default)
2025-04-23 14:36:51,518 [main] INFO  grpc.GrpcConfigKeys (ConfUtils.java:logGet(46)) - raft.grpc.server.heartbeat.channel = true (default)
2025-04-23 14:36:51,518 [main] INFO  server.RaftServerConfigKeys (ConfUtils.java:logGet(46)) - raft.server.log.appender.buffer.byte-limit = 4194304 (custom)
2025-04-23 14:36:51,518 [main] INFO  grpc.GrpcConfigKeys (ConfUtils.java:logGet(46)) - raft.grpc.server.async.request.thread.pool.cached = true (default)
2025-04-23 14:36:51,518 [main] INFO  grpc.GrpcConfigKeys (ConfUtils.java:logGet(46)) - raft.grpc.server.async.request.thread.pool.size = 32 (default)
2025-04-23 14:36:51,519 [main] INFO  impl.DataStreamServerImpl (ConfUtils.java:logGet(46)) - raft.datastream.type = DISABLED (default)
2025-04-23 14:36:51,520 [main] INFO  server.RaftServerConfigKeys (ConfUtils.java:logGet(46)) - raft.server.sleep.deviation.threshold = 300ms (default)
2025-04-23 14:36:51,520 [main] INFO  server.RaftServerConfigKeys (ConfUtils.java:logGet(46)) - raft.server.close.threshold = 60s (default)
2025-04-23 14:36:51,520 [main] INFO  server.RaftServerConfigKeys (ConfUtils.java:logGet(46)) - raft.server.leaderelection.leader.step-down.wait-time = 10s (default)
2025-04-23 14:36:51,520 [main] INFO  server.RaftServerConfigKeys (ConfUtils.java:logGet(46)) - raft.server.storage.dir = [/home/runner/work/ozone/ozone/hadoop-ozone/integration-test/target/test-dir/MiniOzoneClusterImpl-68853c07-42d2-4ef8-9e75-e3a852294e6a/omNode-3/ratis] (custom)
2025-04-23 14:36:51,520 [main] INFO  server.RaftServerConfigKeys (ConfUtils.java:logGet(46)) - raft.server.threadpool.proxy.cached = true (default)
2025-04-23 14:36:51,520 [main] INFO  server.RaftServerConfigKeys (ConfUtils.java:logGet(46)) - raft.server.threadpool.proxy.size = 0 (default)
2025-04-23 14:36:51,521 [main] INFO  server.RaftServer (RaftServerProxy.java:addNew(100)) - omNode-3: addNew group-523986131536:[omNode-3|localhost:15017, omNode-1|localhost:15009, omNode-2|localhost:15013] returns group-523986131536:java.util.concurrent.CompletableFuture@247b949c[Not completed]
2025-04-23 14:36:51,521 [main] INFO  om.OzoneManager (OzoneManager.java:initializeRatisServer(2303)) - OzoneManager Ratis server initialized at port 15017
2025-04-23 14:36:51,521 [main] INFO  om.OzoneManager (OzoneManager.java:getRpcServer(1360)) - Creating RPC Server
2025-04-23 14:36:51,524 [omNode-3-groupManagement] INFO  server.RaftServer$Division (RaftServerImpl.java:<init>(255)) - omNode-3: new RaftServerImpl for group-523986131536:[omNode-3|localhost:15017, omNode-1|localhost:15009, omNode-2|localhost:15013] with OzoneManagerStateMachine:uninitialized
2025-04-23 14:36:51,524 [omNode-3-groupManagement] INFO  server.RaftServerConfigKeys (ConfUtils.java:logGet(46)) - raft.server.rpc.timeout.min = 1s (custom)
2025-04-23 14:36:51,524 [omNode-3-groupManagement] INFO  server.RaftServerConfigKeys (ConfUtils.java:logGet(46)) - raft.server.rpc.timeout.max = 1200ms (custom)
2025-04-23 14:36:51,524 [omNode-3-groupManagement] INFO  server.RaftServerConfigKeys (ConfUtils.java:logGet(46)) - raft.server.rpc.sleep.time = 25ms (default)
2025-04-23 14:36:51,524 [omNode-3-groupManagement] INFO  server.RaftServerConfigKeys (ConfUtils.java:logGet(46)) - raft.server.rpc.slowness.timeout = 2s (custom)
2025-04-23 14:36:51,524 [omNode-3-groupManagement] INFO  server.RaftServerConfigKeys (ConfUtils.java:logGet(46)) - raft.server.leaderelection.leader.step-down.wait-time = 10s (default)
2025-04-23 14:36:51,524 [omNode-3-groupManagement] INFO  server.RaftServerConfigKeys (ConfUtils.java:logGet(46)) - raft.server.leaderelection.member.majority-add = false (default)
2025-04-23 14:36:51,524 [omNode-3-groupManagement] INFO  server.RaftServerConfigKeys (ConfUtils.java:logGet(46)) - raft.server.sleep.deviation.threshold = 300ms (default)
2025-04-23 14:36:51,524 [omNode-3-groupManagement] INFO  server.RaftServer$Division (ServerState.java:<init>(114)) - omNode-3@group-523986131536: ConfigurationManager, init=conf: {index: -1, cur=peers:[omNode-3|localhost:15017, omNode-1|localhost:15009, omNode-2|localhost:15013]|listeners:[], old=null}, confs=<EMPTY_MAP>
2025-04-23 14:36:51,524 [omNode-3-groupManagement] INFO  server.RaftServerConfigKeys (ConfUtils.java:logGet(46)) - raft.server.notification.no-leader.timeout = 2s (custom)
2025-04-23 14:36:51,525 [omNode-3-groupManagement] INFO  server.RaftServerConfigKeys (ConfUtils.java:logGet(46)) - raft.server.read.timeout = 10s (default)
2025-04-23 14:36:51,525 [omNode-3-groupManagement] INFO  server.RaftServerConfigKeys (ConfUtils.java:logGet(46)) - raft.server.retrycache.expirytime = 30000ms (custom)
2025-04-23 14:36:51,525 [omNode-3-groupManagement] INFO  server.RaftServerConfigKeys (ConfUtils.java:logGet(46)) - raft.server.retrycache.statistics.expirytime = 100ms (default)
2025-04-23 14:36:51,525 [omNode-3-groupManagement] INFO  server.RaftServerConfigKeys (ConfUtils.java:logGet(46)) - raft.server.read.option = DEFAULT (default)
2025-04-23 14:36:51,525 [omNode-3-groupManagement] INFO  server.RaftServerConfigKeys (ConfUtils.java:logGet(46)) - raft.server.read.read-after-write-consistent.write-index-cache.expiry-time = 60s (default)
2025-04-23 14:36:51,537 [omNode-3-groupManagement] INFO  server.RaftServerConfigKeys (ConfUtils.java:logGet(46)) - raft.server.rpc.request.timeout = 3000ms (default)
2025-04-23 14:36:51,537 [omNode-3-groupManagement] INFO  server.RaftServerConfigKeys (ConfUtils.java:logGet(46)) - raft.server.log.appender.install.snapshot.enabled = false (custom)
2025-04-23 14:36:51,537 [omNode-3-groupManagement] INFO  server.RaftServerConfigKeys (ConfUtils.java:logGet(46)) - raft.server.threadpool.server.cached = true (default)
2025-04-23 14:36:51,537 [omNode-3-groupManagement] INFO  server.RaftServerConfigKeys (ConfUtils.java:logGet(46)) - raft.server.threadpool.server.size = 0 (default)
2025-04-23 14:36:51,546 [omNode-3-groupManagement] INFO  server.RaftServerConfigKeys (ConfUtils.java:logGet(46)) - raft.server.threadpool.client.cached = true (default)
2025-04-23 14:36:51,546 [omNode-3-groupManagement] INFO  server.RaftServerConfigKeys (ConfUtils.java:logGet(46)) - raft.server.threadpool.client.size = 0 (default)
2025-04-23 14:36:51,728 [omNode-1@group-523986131536-LeaderElection3] INFO  impl.LeaderElection (LogUtils.java:infoOrTrace(136)) - omNode-1@group-523986131536-LeaderElection3 got exception when requesting votes: java.util.concurrent.ExecutionException: org.apache.ratis.thirdparty.io.grpc.StatusRuntimeException: UNAVAILABLE: io exception
2025-04-23 14:36:51,787 [grpc-default-executor-0] INFO  server.RaftServer$Division (RaftServerImpl.java:requestVote(1407)) - omNode-2@group-523986131536: receive requestVote(PRE_VOTE, omNode-1, group-523986131536, 0, (t:0, i:~))
2025-04-23 14:36:51,788 [grpc-default-executor-0] INFO  impl.VoteContext (VoteContext.java:log(49)) - omNode-2@group-523986131536-FOLLOWER: accept PRE_VOTE from omNode-1: our priority 0 <= candidate's priority 0
2025-04-23 14:36:51,793 [grpc-default-executor-0] INFO  server.RaftServer$Division (RaftServerImpl.java:requestVote(1441)) - omNode-2@group-523986131536 replies to PRE_VOTE vote request: omNode-1<-omNode-2#0:OK-t0. Peer's state: omNode-2@group-523986131536:t0, leader=null, voted=, raftlog=Memoized:omNode-2@group-523986131536-SegmentedRaftLog:OPENED:c-1:lastnull, conf=conf: {index: -1, cur=peers:[omNode-3|localhost:15017, omNode-1|localhost:15009, omNode-2|localhost:15013]|listeners:[], old=null}
2025-04-23 14:36:51,798 [omNode-1@group-523986131536-LeaderElection3] INFO  impl.LeaderElection (LeaderElection.java:logAndReturn(90)) - omNode-1@group-523986131536-LeaderElection3: PRE_VOTE PASSED received 1 response(s) and 1 exception(s):
2025-04-23 14:36:51,798 [omNode-1@group-523986131536-LeaderElection3] INFO  impl.LeaderElection (LeaderElection.java:logAndReturn(94)) -   Response 0: omNode-1<-omNode-2#0:OK-t0
2025-04-23 14:36:51,798 [omNode-1@group-523986131536-LeaderElection3] INFO  impl.LeaderElection (LogUtils.java:infoOrTrace(136)) -   Exception 1: java.util.concurrent.ExecutionException: org.apache.ratis.thirdparty.io.grpc.StatusRuntimeException: UNAVAILABLE: io exception
2025-04-23 14:36:51,799 [omNode-1@group-523986131536-LeaderElection3] INFO  impl.LeaderElection (LeaderElection.java:askForVotes(334)) - omNode-1@group-523986131536-LeaderElection3 PRE_VOTE round 0: result PASSED
2025-04-23 14:36:51,801 [omNode-1@group-523986131536-LeaderElection3] INFO  impl.LeaderElection (LeaderElection.java:askForVotes(332)) - omNode-1@group-523986131536-LeaderElection3 ELECTION round 0: submit vote requests at term 1 for conf: {index: -1, cur=peers:[omNode-3|localhost:15017, omNode-1|localhost:15009, omNode-2|localhost:15013]|listeners:[], old=null}
2025-04-23 14:36:51,801 [omNode-1@group-523986131536-LeaderElection3] INFO  server.RaftServerConfigKeys (ConfUtils.java:logFallback(53)) - raft.server.rpc.first-election.timeout.min = 1s (fallback to raft.server.rpc.timeout.min)
2025-04-23 14:36:51,802 [omNode-1@group-523986131536-LeaderElection3] INFO  server.RaftServerConfigKeys (ConfUtils.java:logFallback(53)) - raft.server.rpc.first-election.timeout.max = 1200ms (fallback to raft.server.rpc.timeout.max)
2025-04-23 14:36:51,803 [omNode-1@group-523986131536-LeaderElection3] INFO  impl.LeaderElection (LogUtils.java:infoOrTrace(136)) - omNode-1@group-523986131536-LeaderElection3 got exception when requesting votes: java.util.concurrent.ExecutionException: org.apache.ratis.thirdparty.io.grpc.StatusRuntimeException: UNAVAILABLE: io exception
2025-04-23 14:36:51,805 [grpc-default-executor-0] INFO  server.RaftServer$Division (RaftServerImpl.java:requestVote(1407)) - omNode-2@group-523986131536: receive requestVote(ELECTION, omNode-1, group-523986131536, 1, (t:0, i:~))
2025-04-23 14:36:51,805 [grpc-default-executor-0] INFO  impl.VoteContext (VoteContext.java:log(49)) - omNode-2@group-523986131536-FOLLOWER: accept ELECTION from omNode-1: our priority 0 <= candidate's priority 0
2025-04-23 14:36:51,805 [grpc-default-executor-0] INFO  server.RaftServer$Division (RaftServerImpl.java:setRole(378)) - omNode-2@group-523986131536: changes role from  FOLLOWER to FOLLOWER at term 0 for candidate:omNode-1
2025-04-23 14:36:51,805 [grpc-default-executor-0] INFO  impl.RoleInfo (RoleInfo.java:shutdownFollowerState(121)) - omNode-2: shutdown omNode-2@group-523986131536-FollowerState
2025-04-23 14:36:51,805 [omNode-2@group-523986131536-FollowerState] INFO  impl.FollowerState (FollowerState.java:runImpl(170)) - omNode-2@group-523986131536-FollowerState was interrupted
2025-04-23 14:36:51,805 [grpc-default-executor-0] INFO  impl.RoleInfo (RoleInfo.java:updateAndGet(148)) - omNode-2: start omNode-2@group-523986131536-FollowerState
2025-04-23 14:36:51,806 [grpc-default-executor-0] INFO  server.RaftServer$Division (RaftServerImpl.java:setFirstElection(562)) - omNode-2@group-523986131536: set firstElectionSinceStartup to false for candidate:omNode-1
2025-04-23 14:36:51,807 [grpc-default-executor-0] INFO  server.RaftServer$Division (RaftServerImpl.java:requestVote(1441)) - omNode-2@group-523986131536 replies to ELECTION vote request: omNode-1<-omNode-2#0:OK-t1. Peer's state: omNode-2@group-523986131536:t1, leader=null, voted=omNode-1, raftlog=Memoized:omNode-2@group-523986131536-SegmentedRaftLog:OPENED:c-1:lastnull, conf=conf: {index: -1, cur=peers:[omNode-3|localhost:15017, omNode-1|localhost:15009, omNode-2|localhost:15013]|listeners:[], old=null}
2025-04-23 14:36:51,809 [omNode-1@group-523986131536-LeaderElection3] INFO  impl.LeaderElection (LeaderElection.java:logAndReturn(90)) - omNode-1@group-523986131536-LeaderElection3: ELECTION PASSED received 1 response(s) and 1 exception(s):
2025-04-23 14:36:51,809 [omNode-1@group-523986131536-LeaderElection3] INFO  impl.LeaderElection (LeaderElection.java:logAndReturn(94)) -   Response 0: omNode-1<-omNode-2#0:OK-t1
2025-04-23 14:36:51,809 [omNode-1@group-523986131536-LeaderElection3] INFO  impl.LeaderElection (LogUtils.java:infoOrTrace(136)) -   Exception 1: java.util.concurrent.ExecutionException: org.apache.ratis.thirdparty.io.grpc.StatusRuntimeException: UNAVAILABLE: io exception
2025-04-23 14:36:51,810 [omNode-1@group-523986131536-LeaderElection3] INFO  impl.LeaderElection (LeaderElection.java:askForVotes(334)) - omNode-1@group-523986131536-LeaderElection3 ELECTION round 0: result PASSED
2025-04-23 14:36:51,810 [omNode-1@group-523986131536-LeaderElection3] INFO  impl.RoleInfo (RoleInfo.java:shutdownLeaderElection(141)) - omNode-1: shutdown omNode-1@group-523986131536-LeaderElection3
2025-04-23 14:36:51,810 [omNode-1@group-523986131536-LeaderElection3] INFO  server.RaftServer$Division (RaftServerImpl.java:setRole(378)) - omNode-1@group-523986131536: changes role from CANDIDATE to LEADER at term 1 for changeToLeader
2025-04-23 14:36:51,810 [omNode-1@group-523986131536-LeaderElection3] INFO  server.RaftServerConfigKeys (ConfUtils.java:logGet(46)) - raft.server.staging.catchup.gap = 1000 (default)
2025-04-23 14:36:51,810 [omNode-1@group-523986131536-LeaderElection3] INFO  server.RaftServerConfigKeys (ConfUtils.java:logGet(46)) - raft.server.write.element-limit = 4096 (default)
2025-04-23 14:36:51,811 [omNode-1@group-523986131536-LeaderElection3] INFO  server.RaftServerConfigKeys (ConfUtils.java:logGet(46)) - raft.server.write.byte-limit = 64MB (=67108864) (default)
2025-04-23 14:36:51,811 [omNode-1@group-523986131536-LeaderElection3] INFO  server.RaftServerConfigKeys (ConfUtils.java:logGet(46)) - raft.server.watch.timeout = 10s (default)
2025-04-23 14:36:51,811 [omNode-1@group-523986131536-LeaderElection3] INFO  server.RaftServerConfigKeys (ConfUtils.java:logGet(46)) - raft.server.watch.timeout.denomination = 1s (default)
2025-04-23 14:36:51,811 [omNode-1@group-523986131536-LeaderElection3] INFO  server.RaftServerConfigKeys (ConfUtils.java:logGet(46)) - raft.server.watch.element-limit = 65536 (default)
2025-04-23 14:36:51,811 [omNode-1@group-523986131536-LeaderElection3] INFO  server.RaftServerConfigKeys (ConfUtils.java:logGet(46)) - raft.server.read.leader.lease.enabled = false (default)
2025-04-23 14:36:51,811 [omNode-1@group-523986131536-LeaderElection3] INFO  server.RaftServerConfigKeys (ConfUtils.java:logGet(46)) - raft.server.read.leader.lease.timeout.ratio = 0.9 (default)
2025-04-23 14:36:51,812 [omNode-1@group-523986131536-LeaderElection3] INFO  server.RaftServerConfigKeys (ConfUtils.java:logGet(46)) - raft.server.rpc.timeout.min = 1s (custom)
2025-04-23 14:36:51,812 [omNode-1@group-523986131536-LeaderElection3] INFO  server.RaftServerConfigKeys (ConfUtils.java:logGet(46)) - raft.server.log.log-metadata.enabled = true (default)
2025-04-23 14:36:51,812 [omNode-1@group-523986131536-LeaderElection3] INFO  server.RaftServerConfigKeys (ConfUtils.java:logGet(46)) - raft.server.write.element-limit = 4096 (default)
2025-04-23 14:36:51,812 [omNode-1@group-523986131536-LeaderElection3] INFO  server.RaftServerConfigKeys (ConfUtils.java:logGet(46)) - raft.server.write.follower.gap.ratio.max = -1.0 (default)
2025-04-23 14:36:51,820 [omNode-1@group-523986131536-LeaderElection3] INFO  server.RaftServerConfigKeys (ConfUtils.java:logGet(46)) - raft.server.log.appender.snapshot.chunk.size.max = 16MB (=16777216) (default)
2025-04-23 14:36:51,820 [omNode-1@group-523986131536-LeaderElection3] INFO  server.RaftServerConfigKeys (ConfUtils.java:logGet(46)) - raft.server.log.appender.buffer.byte-limit = 4194304 (custom)
2025-04-23 14:36:51,820 [omNode-1@group-523986131536-LeaderElection3] INFO  server.RaftServerConfigKeys (ConfUtils.java:logGet(46)) - raft.server.log.appender.buffer.element-limit = 1024 (custom)
2025-04-23 14:36:51,823 [omNode-1@group-523986131536-LeaderElection3] INFO  server.RaftServerConfigKeys (ConfUtils.java:logGet(46)) - raft.server.log.appender.wait-time.min = 0ms (custom)
2025-04-23 14:36:51,825 [omNode-1@group-523986131536-LeaderElection3] INFO  grpc.GrpcConfigKeys (ConfUtils.java:logGet(46)) - raft.grpc.server.leader.outstanding.appends.max = 8 (default)
2025-04-23 14:36:51,825 [omNode-1@group-523986131536-LeaderElection3] INFO  server.RaftServerConfigKeys (ConfUtils.java:logGet(46)) - raft.server.rpc.request.timeout = 3000ms (default)
2025-04-23 14:36:51,825 [omNode-1@group-523986131536-LeaderElection3] INFO  grpc.GrpcConfigKeys (ConfUtils.java:logGet(46)) - raft.grpc.server.install_snapshot.request.element-limit = 8 (default)
2025-04-23 14:36:51,825 [omNode-1@group-523986131536-LeaderElection3] INFO  grpc.GrpcConfigKeys (ConfUtils.java:logGet(46)) - raft.grpc.server.install_snapshot.request.timeout = 3000ms (default)
2025-04-23 14:36:51,826 [omNode-1@group-523986131536-LeaderElection3] INFO  grpc.GrpcConfigKeys (ConfUtils.java:logGet(46)) - raft.grpc.server.log-message.batch.duration = 5s (default)
2025-04-23 14:36:51,826 [omNode-1@group-523986131536-LeaderElection3] INFO  server.RaftServerConfigKeys (ConfUtils.java:logGet(46)) - raft.server.log.appender.install.snapshot.enabled = false (custom)
2025-04-23 14:36:51,826 [omNode-1@group-523986131536-LeaderElection3] INFO  grpc.GrpcConfigKeys (ConfUtils.java:logGet(46)) - raft.grpc.server.heartbeat.channel = true (default)
2025-04-23 14:36:51,831 [omNode-1@group-523986131536-LeaderElection3] INFO  server.RaftServerConfigKeys (ConfUtils.java:logGet(46)) - raft.server.log.appender.snapshot.chunk.size.max = 16MB (=16777216) (default)
2025-04-23 14:36:51,832 [omNode-1@group-523986131536-LeaderElection3] INFO  server.RaftServerConfigKeys (ConfUtils.java:logGet(46)) - raft.server.log.appender.buffer.byte-limit = 4194304 (custom)
2025-04-23 14:36:51,833 [omNode-1@group-523986131536-LeaderElection3] INFO  server.RaftServerConfigKeys (ConfUtils.java:logGet(46)) - raft.server.log.appender.buffer.element-limit = 1024 (custom)
2025-04-23 14:36:51,833 [omNode-1@group-523986131536-LeaderElection3] INFO  server.RaftServerConfigKeys (ConfUtils.java:logGet(46)) - raft.server.log.appender.wait-time.min = 0ms (custom)
2025-04-23 14:36:51,833 [omNode-1@group-523986131536-LeaderElection3] INFO  grpc.GrpcConfigKeys (ConfUtils.java:logGet(46)) - raft.grpc.server.leader.outstanding.appends.max = 8 (default)
2025-04-23 14:36:51,833 [omNode-1@group-523986131536-LeaderElection3] INFO  server.RaftServerConfigKeys (ConfUtils.java:logGet(46)) - raft.server.rpc.request.timeout = 3000ms (default)
2025-04-23 14:36:51,833 [omNode-1@group-523986131536-LeaderElection3] INFO  grpc.GrpcConfigKeys (ConfUtils.java:logGet(46)) - raft.grpc.server.install_snapshot.request.element-limit = 8 (default)
2025-04-23 14:36:51,833 [omNode-1@group-523986131536-LeaderElection3] INFO  grpc.GrpcConfigKeys (ConfUtils.java:logGet(46)) - raft.grpc.server.install_snapshot.request.timeout = 3000ms (default)
2025-04-23 14:36:51,833 [omNode-1@group-523986131536-LeaderElection3] INFO  grpc.GrpcConfigKeys (ConfUtils.java:logGet(46)) - raft.grpc.server.log-message.batch.duration = 5s (default)
2025-04-23 14:36:51,833 [omNode-1@group-523986131536-LeaderElection3] INFO  server.RaftServerConfigKeys (ConfUtils.java:logGet(46)) - raft.server.log.appender.install.snapshot.enabled = false (custom)
2025-04-23 14:36:51,834 [omNode-1@group-523986131536-LeaderElection3] INFO  grpc.GrpcConfigKeys (ConfUtils.java:logGet(46)) - raft.grpc.server.heartbeat.channel = true (default)
2025-04-23 14:36:51,836 [omNode-1@group-523986131536-LeaderElection3] INFO  impl.RoleInfo (RoleInfo.java:updateAndGet(148)) - omNode-1: start omNode-1@group-523986131536-LeaderStateImpl
2025-04-23 14:36:51,836 [omNode-1@group-523986131536-LeaderElection3] INFO  server.RaftServer$Division (RaftServerImpl.java:setFirstElection(562)) - omNode-1@group-523986131536: set firstElectionSinceStartup to false for becomeLeader
2025-04-23 14:36:51,840 [omNode-1@group-523986131536-LeaderElection3] INFO  ratis.OzoneManagerStateMachine (OzoneManagerStateMachine.java:notifyLeaderChanged(169)) - omNode-1@group-523986131536: leader changed to omNode-1
2025-04-23 14:36:51,840 [omNode-1@group-523986131536-LeaderElection3] INFO  server.RaftServer$Division (ServerState.java:setLeader(272)) - omNode-1@group-523986131536: change Leader from null to omNode-1 at term 1 for becomeLeader, leader elected after 2445ms
2025-04-23 14:36:51,840 [omNode-1@group-523986131536-LeaderElection3] INFO  segmented.SegmentedRaftLogWorker (SegmentedRaftLogWorker.java:startLogSegment(438)) - omNode-1@group-523986131536-SegmentedRaftLogWorker: Starting segment from index:0
2025-04-23 14:36:51,841 [omNode-1@group-523986131536-LeaderElection3] INFO  server.RaftServer$Division (ServerState.java:setRaftConf(386)) - omNode-1@group-523986131536: set configuration conf: {index: 0, cur=peers:[omNode-3|localhost:15017, omNode-1|localhost:15009, omNode-2|localhost:15013]|listeners:[], old=null}
2025-04-23 14:36:51,842 [omNode-1@group-523986131536-SegmentedRaftLogWorker] INFO  segmented.BufferedWriteChannel (BufferedWriteChannel.java:open(61)) - open log_inprogress_0 at position 0
2025-04-23 14:36:51,851 [grpc-default-executor-0] WARN  server.GrpcLogAppender (LogUtils.java:warn(121)) - omNode-1@group-523986131536->omNode-3-AppendLogResponseHandler: Failed appendEntries: org.apache.ratis.thirdparty.io.grpc.StatusRuntimeException: UNAVAILABLE: io exception
2025-04-23 14:36:51,851 [omNode-1@group-523986131536-SegmentedRaftLogWorker] INFO  segmented.SegmentedRaftLogWorker (SegmentedRaftLogWorker.java:execute(644)) - omNode-1@group-523986131536-SegmentedRaftLogWorker: created new log segment /home/runner/work/ozone/ozone/hadoop-ozone/integration-test/target/test-dir/MiniOzoneClusterImpl-68853c07-42d2-4ef8-9e75-e3a852294e6a/omNode-1/ratis/c9bc4cf4-3bc3-3c60-a66b-523986131536/current/log_inprogress_0
2025-04-23 14:36:51,865 [grpc-default-executor-0] WARN  server.GrpcLogAppender (GrpcLogAppender.java:lambda$resetClient$1(221)) - omNode-1@group-523986131536->omNode-3-GrpcLogAppender: Follower failed (request=null, errorCount=1); keep nextIndex (0) unchanged and retry.
2025-04-23 14:36:51,873 [omNode-2-server-thread1] INFO  ratis.OzoneManagerStateMachine (OzoneManagerStateMachine.java:notifyLeaderChanged(169)) - omNode-2@group-523986131536: leader changed to omNode-1
2025-04-23 14:36:51,873 [omNode-2-server-thread1] INFO  server.RaftServer$Division (ServerState.java:setLeader(272)) - omNode-2@group-523986131536: change Leader from null to omNode-1 at term 1 for appendEntries, leader elected after 1159ms
2025-04-23 14:36:51,874 [grpc-default-executor-6] WARN  server.GrpcLogAppender (GrpcLogAppender.java:lambda$resetClient$1(221)) - omNode-1@group-523986131536->omNode-3-GrpcLogAppender: Follower failed (request=null, errorCount=3); keep nextIndex (1) unchanged and retry.
2025-04-23 14:36:51,884 [omNode-2-server-thread3] INFO  server.RaftServer$Division (ServerState.java:setRaftConf(386)) - omNode-2@group-523986131536: set configuration conf: {index: 0, cur=peers:[omNode-3|localhost:15017, omNode-1|localhost:15009, omNode-2|localhost:15013]|listeners:[], old=null}
2025-04-23 14:36:51,887 [omNode-2-server-thread3] INFO  segmented.SegmentedRaftLogWorker (SegmentedRaftLogWorker.java:startLogSegment(438)) - omNode-2@group-523986131536-SegmentedRaftLogWorker: Starting segment from index:0
2025-04-23 14:36:51,888 [omNode-2@group-523986131536-SegmentedRaftLogWorker] INFO  segmented.BufferedWriteChannel (BufferedWriteChannel.java:open(61)) - open log_inprogress_0 at position 0
2025-04-23 14:36:51,900 [omNode-2@group-523986131536-SegmentedRaftLogWorker] INFO  segmented.SegmentedRaftLogWorker (SegmentedRaftLogWorker.java:execute(644)) - omNode-2@group-523986131536-SegmentedRaftLogWorker: created new log segment /home/runner/work/ozone/ozone/hadoop-ozone/integration-test/target/test-dir/MiniOzoneClusterImpl-68853c07-42d2-4ef8-9e75-e3a852294e6a/omNode-2/ratis/c9bc4cf4-3bc3-3c60-a66b-523986131536/current/log_inprogress_0
2025-04-23 14:36:51,905 [omNode-1@group-523986131536-StateMachineUpdater] INFO  ratis.OzoneManagerStateMachine (OzoneManagerStateMachine.java:notifyConfigurationChanged(231)) - notifyConfigurationChanged from Ratis: term=1, index=0, New Peer list: omNode-3(localhost:15017), omNode-1(localhost:15009), omNode-2(localhost:15013)
2025-04-23 14:36:51,905 [omNode-1@group-523986131536-StateMachineUpdater] INFO  server.RaftServer$Division (LeaderStateImpl.java:checkStartIndex(313)) - Leader omNode-1@group-523986131536-LeaderStateImpl is ready since appliedIndex == startIndex == 0
2025-04-23 14:36:52,029 [main] INFO  reflections.Reflections (Reflections.java:scan(219)) - Reflections took 507 ms to scan 22 urls, producing 61 keys and 7422 values
2025-04-23 14:36:52,031 [main] INFO  ipc.CallQueueManager (CallQueueManager.java:<init>(93)) - Using callQueue: class java.util.concurrent.LinkedBlockingQueue, queueCapacity: 2000, scheduler: class org.apache.hadoop.ipc.DefaultRpcScheduler, ipcBackoff: false, ipcFailOver: false.
2025-04-23 14:36:52,032 [main] INFO  ipc.Server (Server.java:<init>(1438)) - Listener at 127.0.0.1:15014
2025-04-23 14:36:52,033 [Socket Reader #1 for port 15014] INFO  ipc.Server (Server.java:run(1474)) - Starting Socket Reader #1 for port 15014
2025-04-23 14:36:52,033 [Socket Reader #2 for port 15014] INFO  ipc.Server (Server.java:run(1474)) - Starting Socket Reader #2 for port 15014
2025-04-23 14:36:52,033 [Socket Reader #3 for port 15014] INFO  ipc.Server (Server.java:run(1474)) - Starting Socket Reader #3 for port 15014
2025-04-23 14:36:52,034 [Socket Reader #4 for port 15014] INFO  ipc.Server (Server.java:run(1474)) - Starting Socket Reader #4 for port 15014
2025-04-23 14:36:52,034 [Socket Reader #5 for port 15014] INFO  ipc.Server (Server.java:run(1474)) - Starting Socket Reader #5 for port 15014
2025-04-23 14:36:52,034 [Socket Reader #6 for port 15014] INFO  ipc.Server (Server.java:run(1474)) - Starting Socket Reader #6 for port 15014
2025-04-23 14:36:52,034 [Socket Reader #7 for port 15014] INFO  ipc.Server (Server.java:run(1474)) - Starting Socket Reader #7 for port 15014
2025-04-23 14:36:52,034 [Socket Reader #8 for port 15014] INFO  ipc.Server (Server.java:run(1474)) - Starting Socket Reader #8 for port 15014
2025-04-23 14:36:52,035 [Socket Reader #9 for port 15014] INFO  ipc.Server (Server.java:run(1474)) - Starting Socket Reader #9 for port 15014
2025-04-23 14:36:52,035 [Socket Reader #10 for port 15014] INFO  ipc.Server (Server.java:run(1474)) - Starting Socket Reader #10 for port 15014
2025-04-23 14:36:52,058 [main] INFO  impl.MetricsSystemImpl (MetricsSystemImpl.java:init(158)) - OzoneManager metrics system started (again)
2025-04-23 14:36:52,068 [main] INFO  om.OzoneManager (OzoneManager.java:start(1787)) - OzoneManager RPC server is listening at localhost/127.0.0.1:15014
2025-04-23 14:36:52,069 [main] INFO  ratis.OzoneManagerRatisServer (OzoneManagerRatisServer.java:start(628)) - Starting OzoneManagerRatisServer omNode-3 at port 15017
2025-04-23 14:36:52,069 [omNode-3-impl-thread1] INFO  server.RaftServerConfigKeys (ConfUtils.java:logGet(46)) - raft.server.storage.free-space.min = 0MB (=0) (default)
2025-04-23 14:36:52,069 [omNode-3-impl-thread1] INFO  server.RaftServerConfigKeys (ConfUtils.java:logGet(46)) - raft.server.log.corruption.policy = EXCEPTION (default)
2025-04-23 14:36:52,069 [omNode-3-impl-thread1] INFO  server.RaftServerConfigKeys (ConfUtils.java:logGet(46)) - raft.server.storage.dir = [/home/runner/work/ozone/ozone/hadoop-ozone/integration-test/target/test-dir/MiniOzoneClusterImpl-68853c07-42d2-4ef8-9e75-e3a852294e6a/omNode-3/ratis] (custom)
2025-04-23 14:36:52,069 [omNode-3-impl-thread1] INFO  storage.RaftStorageDirectory (RaftStorageDirectoryImpl.java:analyzeStorage(138)) - The storage directory /home/runner/work/ozone/ozone/hadoop-ozone/integration-test/target/test-dir/MiniOzoneClusterImpl-68853c07-42d2-4ef8-9e75-e3a852294e6a/omNode-3/ratis/c9bc4cf4-3bc3-3c60-a66b-523986131536 does not exist. Creating ...
2025-04-23 14:36:52,070 [omNode-3-impl-thread1] INFO  storage.RaftStorageDirectory (RaftStorageDirectoryImpl.java:tryLock(229)) - Lock on /home/runner/work/ozone/ozone/hadoop-ozone/integration-test/target/test-dir/MiniOzoneClusterImpl-68853c07-42d2-4ef8-9e75-e3a852294e6a/omNode-3/ratis/c9bc4cf4-3bc3-3c60-a66b-523986131536/in_use.lock acquired by nodename 129558@fv-az1120-822
2025-04-23 14:36:52,072 [omNode-3-impl-thread1] INFO  storage.RaftStorage (RaftStorageImpl.java:format(98)) - Storage directory /home/runner/work/ozone/ozone/hadoop-ozone/integration-test/target/test-dir/MiniOzoneClusterImpl-68853c07-42d2-4ef8-9e75-e3a852294e6a/omNode-3/ratis/c9bc4cf4-3bc3-3c60-a66b-523986131536 has been successfully formatted.
2025-04-23 14:36:52,072 [omNode-3-impl-thread1] INFO  ratis.OzoneManagerStateMachine (OzoneManagerStateMachine.java:lambda$0(138)) - omNode-3: initialize group-523986131536 with (t:0, i:~)
2025-04-23 14:36:52,072 [omNode-3-impl-thread1] INFO  server.RaftServerConfigKeys (ConfUtils.java:logGet(46)) - raft.server.log.use.memory = false (default)
2025-04-23 14:36:52,072 [omNode-3-impl-thread1] INFO  server.RaftServerConfigKeys (ConfUtils.java:logGet(46)) - raft.server.log.purge.gap = 50 (custom)
2025-04-23 14:36:52,072 [omNode-3-impl-thread1] INFO  server.RaftServerConfigKeys (ConfUtils.java:logGet(46)) - raft.server.log.appender.buffer.byte-limit = 4194304 (custom)
2025-04-23 14:36:52,072 [omNode-3-impl-thread1] INFO  server.RaftServerConfigKeys (ConfUtils.java:logGet(46)) - raft.server.log.statemachine.data.read.timeout = 1000ms (default)
2025-04-23 14:36:52,073 [omNode-3-impl-thread1] INFO  server.RaftServerConfigKeys (ConfUtils.java:logGet(46)) - raft.server.log.purge.preservation.log.num = 0 (default)
2025-04-23 14:36:52,074 [omNode-3-impl-thread1] INFO  server.RaftServerConfigKeys (ConfUtils.java:logGet(46)) - raft.server.log.segment.size.max = 4194304 (custom)
2025-04-23 14:36:52,074 [omNode-3-impl-thread1] INFO  server.RaftServerConfigKeys (ConfUtils.java:logGet(46)) - raft.server.log.segment.cache.num.max = 2 (custom)
2025-04-23 14:36:52,074 [omNode-3-impl-thread1] INFO  server.RaftServerConfigKeys (ConfUtils.java:logGet(46)) - raft.server.log.segment.cache.size.max = 200MB (=209715200) (default)
2025-04-23 14:36:52,075 [omNode-3-impl-thread1] INFO  server.RaftServerConfigKeys (ConfUtils.java:logGet(46)) - raft.server.log.appender.buffer.byte-limit = 4194304 (custom)
2025-04-23 14:36:52,075 [omNode-3-impl-thread1] INFO  util.AwaitToRun (AwaitToRun.java:start(81)) - Thread[#657,omNode-3@group-523986131536-cacheEviction-AwaitToRun,5,main] started
2025-04-23 14:36:52,075 [omNode-3-impl-thread1] INFO  segmented.SegmentedRaftLogWorker (SegmentedRaftLogWorker.java:<init>(188)) - new omNode-3@group-523986131536-SegmentedRaftLogWorker for RaftStorageImpl:Storage Directory /home/runner/work/ozone/ozone/hadoop-ozone/integration-test/target/test-dir/MiniOzoneClusterImpl-68853c07-42d2-4ef8-9e75-e3a852294e6a/omNode-3/ratis/c9bc4cf4-3bc3-3c60-a66b-523986131536
2025-04-23 14:36:52,075 [omNode-3-impl-thread1] INFO  server.RaftServerConfigKeys (ConfUtils.java:logGet(46)) - raft.server.log.queue.byte-limit = 64MB (=67108864) (default)
2025-04-23 14:36:52,075 [omNode-3-impl-thread1] INFO  server.RaftServerConfigKeys (ConfUtils.java:logGet(46)) - raft.server.log.queue.element-limit = 4096 (default)
2025-04-23 14:36:52,075 [omNode-3-impl-thread1] INFO  server.RaftServerConfigKeys (ConfUtils.java:logGet(46)) - raft.server.log.segment.size.max = 4194304 (custom)
2025-04-23 14:36:52,075 [omNode-3-impl-thread1] INFO  server.RaftServerConfigKeys (ConfUtils.java:logGet(46)) - raft.server.log.preallocated.size = 4194304 (custom)
2025-04-23 14:36:52,075 [omNode-3-impl-thread1] INFO  server.RaftServerConfigKeys (ConfUtils.java:logGet(46)) - raft.server.log.force.sync.num = 128 (default)
2025-04-23 14:36:52,075 [omNode-3-impl-thread1] INFO  server.RaftServerConfigKeys (ConfUtils.java:logGet(46)) - raft.server.log.statemachine.data.sync = true (default)
2025-04-23 14:36:52,076 [omNode-3-impl-thread1] INFO  server.RaftServerConfigKeys (ConfUtils.java:logGet(46)) - raft.server.log.statemachine.data.sync.timeout = 10s (default)
2025-04-23 14:36:52,076 [omNode-3-impl-thread1] INFO  server.RaftServerConfigKeys (ConfUtils.java:logGet(46)) - raft.server.log.statemachine.data.sync.timeout.retry = -1 (default)
2025-04-23 14:36:52,076 [omNode-3-impl-thread1] INFO  server.RaftServerConfigKeys (ConfUtils.java:logGet(46)) - raft.server.log.write.buffer.size = 4194312 (custom)
2025-04-23 14:36:52,077 [omNode-3-impl-thread1] INFO  server.RaftServerConfigKeys (ConfUtils.java:logGet(46)) - raft.server.log.appender.buffer.byte-limit = 4194304 (custom)
2025-04-23 14:36:52,077 [omNode-3-impl-thread1] INFO  server.RaftServerConfigKeys (ConfUtils.java:logGet(46)) - raft.server.log.unsafe-flush.enabled = false (default)
2025-04-23 14:36:52,077 [omNode-3-impl-thread1] INFO  server.RaftServerConfigKeys (ConfUtils.java:logGet(46)) - raft.server.log.async-flush.enabled = false (default)
2025-04-23 14:36:52,078 [omNode-3-impl-thread1] INFO  server.RaftServerConfigKeys (ConfUtils.java:logGet(46)) - raft.server.log.statemachine.data.caching.enabled = false (default)
2025-04-23 14:36:52,078 [omNode-3-impl-thread1] INFO  segmented.SegmentedRaftLogWorker (SegmentedRaftLogWorker.java:lambda$new$0(139)) - omNode-3@group-523986131536-SegmentedRaftLogWorker: flushIndex: setUnconditionally 0 -> -1
2025-04-23 14:36:52,078 [omNode-3-impl-thread1] INFO  segmented.SegmentedRaftLogWorker (SegmentedRaftLogWorker.java:lambda$new$0(139)) - omNode-3@group-523986131536-SegmentedRaftLogWorker: safeCacheEvictIndex: setUnconditionally 0 -> -1
2025-04-23 14:36:52,078 [omNode-3-impl-thread1] INFO  server.RaftServer$Division (RaftServerImpl.java:start(391)) - omNode-3@group-523986131536: start as a follower, conf=conf: {index: -1, cur=peers:[omNode-3|localhost:15017, omNode-1|localhost:15009, omNode-2|localhost:15013]|listeners:[], old=null}
2025-04-23 14:36:52,078 [omNode-3-impl-thread1] INFO  server.RaftServer$Division (RaftServerImpl.java:setRole(378)) - omNode-3@group-523986131536: changes role from      null to FOLLOWER at term 0 for startAsFollower
2025-04-23 14:36:52,078 [omNode-3-impl-thread1] INFO  impl.RoleInfo (RoleInfo.java:updateAndGet(148)) - omNode-3: start omNode-3@group-523986131536-FollowerState
2025-04-23 14:36:52,079 [omNode-3@group-523986131536-FollowerState] INFO  server.RaftServerConfigKeys (ConfUtils.java:logFallback(53)) - raft.server.rpc.first-election.timeout.min = 1s (fallback to raft.server.rpc.timeout.min)
2025-04-23 14:36:52,079 [omNode-3@group-523986131536-FollowerState] INFO  server.RaftServerConfigKeys (ConfUtils.java:logFallback(53)) - raft.server.rpc.first-election.timeout.max = 1200ms (fallback to raft.server.rpc.timeout.max)
2025-04-23 14:36:52,079 [omNode-3-impl-thread1] INFO  util.JmxRegister (JmxRegister.java:tryRegister(44)) - Successfully registered JMX Bean with object name Ratis:service=RaftServer,group=group-523986131536,id=omNode-3
2025-04-23 14:36:52,079 [omNode-3-impl-thread1] INFO  util.JmxRegister (JmxRegister.java:register(58)) - register mxBean class org.apache.ratis.server.impl.RaftServerJmxAdapter as Ratis:service=RaftServer,group=group-523986131536,id=omNode-3
2025-04-23 14:36:52,079 [omNode-3-impl-thread1] INFO  server.RaftServerConfigKeys (ConfUtils.java:logGet(46)) - raft.server.snapshot.trigger-when-stop.enabled = true (default)
2025-04-23 14:36:52,079 [omNode-3-impl-thread1] INFO  server.RaftServerConfigKeys (ConfUtils.java:logGet(46)) - raft.server.snapshot.trigger-when-remove.enabled = true (default)
2025-04-23 14:36:52,079 [omNode-3-impl-thread1] INFO  server.RaftServerConfigKeys (ConfUtils.java:logGet(46)) - raft.server.snapshot.auto.trigger.enabled = true (custom)
2025-04-23 14:36:52,079 [omNode-3-impl-thread1] INFO  server.RaftServerConfigKeys (ConfUtils.java:logGet(46)) - raft.server.snapshot.auto.trigger.threshold = 50 (custom)
2025-04-23 14:36:52,079 [omNode-3-impl-thread1] INFO  server.RaftServerConfigKeys (ConfUtils.java:logGet(46)) - raft.server.snapshot.retention.file.num = -1 (default)
2025-04-23 14:36:52,079 [omNode-3-impl-thread1] INFO  server.RaftServerConfigKeys (ConfUtils.java:logGet(46)) - raft.server.log.purge.upto.snapshot.index = true (custom)
2025-04-23 14:36:52,080 [omNode-3-impl-thread1] INFO  server.RaftServer$Division (RaftServerImpl.java:start(405)) - omNode-3@group-523986131536: Successfully started.
2025-04-23 14:36:52,080 [main] INFO  server.RaftServer (RaftServerProxy.java:startImpl(407)) - omNode-3: start RPC server
2025-04-23 14:36:52,081 [main] INFO  server.GrpcService (GrpcService.java:startImpl(334)) - omNode-3: GrpcService started, listening on 15017
2025-04-23 14:36:52,082 [JvmPauseMonitor4] INFO  util.JvmPauseMonitor (JvmPauseMonitor.java:run(146)) - JvmPauseMonitor-omNode-3: Started
2025-04-23 14:36:52,082 [main] INFO  om.OzoneManager (OzoneManager.java:start(1802)) - Version File has different layout version (8) than OM DB (null). That is expected if this OM has never been finalized to a newer layout version.
2025-04-23 14:36:52,085 [main] INFO  client.ScmTopologyClient (ScmTopologyClient.java:start(70)) - Initial network topology fetched from SCM: /.
2025-04-23 14:36:52,085 [main] INFO  net.NodeSchemaLoader (NodeSchemaLoader.java:loadSchemaFromFile(127)) - Loading schema from [jar:file:/home/runner/work/ozone/ozone/hadoop-hdds/common/target/hdds-common-2.1.0-SNAPSHOT.jar!/network-topology-default.xml]
2025-04-23 14:36:52,085 [main] INFO  net.NodeSchemaLoader (NodeSchemaLoader.java:loadSchema(174)) - Loading network topology layer schema file
2025-04-23 14:36:52,091 [main] INFO  http.BaseHttpServer (BaseHttpServer.java:newHttpServer2BuilderForOzone(229)) - Starting Web-server for ozoneManager at: http://0.0.0.0:15015
2025-04-23 14:36:52,091 [main] INFO  http.BaseHttpServer (BaseHttpServer.java:<init>(107)) - Hadoop Security Enabled: false Ozone Security Enabled: false Ozone HTTP Security Enabled: false 
2025-04-23 14:36:52,093 [main] WARN  server.AuthenticationFilter (AuthenticationFilter.java:constructSecretProvider(240)) - Unable to initialize FileSignerSecretProvider, falling back to use random secrets. Reason: Could not read signature secret file: /home/runner/hadoop-http-auth-signature-secret
2025-04-23 14:36:52,095 [main] INFO  http.HttpServer2 (HttpServer2.java:addGlobalFilter(1041)) - Added global filter 'safety' (class=org.apache.hadoop.hdds.server.http.HttpServer2$QuotingInputFilter)
2025-04-23 14:36:52,096 [main] INFO  http.HttpServer2 (HttpServer2.java:addFilter(1017)) - Added filter static_user_filter (class=org.apache.hadoop.http.lib.StaticUserWebFilter$StaticUserFilter) to context ozoneManager
2025-04-23 14:36:52,096 [main] INFO  http.HttpServer2 (HttpServer2.java:addFilter(1025)) - Added filter static_user_filter (class=org.apache.hadoop.http.lib.StaticUserWebFilter$StaticUserFilter) to context static
2025-04-23 14:36:52,096 [main] INFO  http.HttpServer2 (HttpServer2.java:addFilter(1025)) - Added filter static_user_filter (class=org.apache.hadoop.http.lib.StaticUserWebFilter$StaticUserFilter) to context logs
2025-04-23 14:36:52,097 [main] INFO  http.BaseHttpServer (BaseHttpServer.java:<init>(195)) - HTTP server of ozoneManager uses base directory /home/runner/work/ozone/ozone/hadoop-ozone/integration-test/target/test-dir/MiniOzoneClusterImpl-68853c07-42d2-4ef8-9e75-e3a852294e6a/omNode-3/webserver
2025-04-23 14:36:52,097 [main] INFO  http.HttpServer2 (HttpServer2.java:bindListener(1241)) - Jetty bound to port 15015
2025-04-23 14:36:52,097 [main] INFO  server.Server (Server.java:doStart(375)) - jetty-9.4.57.v20241219; built: 2025-01-08T21:24:30.412Z; git: df524e6b29271c2e09ba9aea83c18dc9db464a31; jvm 21.0.7+6-LTS
2025-04-23 14:36:52,099 [main] INFO  server.session (DefaultSessionIdManager.java:doStart(334)) - DefaultSessionIdManager workerName=node0
2025-04-23 14:36:52,099 [main] INFO  server.session (DefaultSessionIdManager.java:doStart(339)) - No SessionScavenger set, using defaults
2025-04-23 14:36:52,099 [main] INFO  server.session (HouseKeeper.java:startScavenging(132)) - node0 Scavenging every 600000ms
2025-04-23 14:36:52,100 [main] INFO  handler.ContextHandler (ContextHandler.java:doStart(921)) - Started o.e.j.s.ServletContextHandler@2409135d{logs,/logs,file:///home/runner/work/ozone/ozone/hadoop-ozone/integration-test/target/log,AVAILABLE}
2025-04-23 14:36:52,100 [main] INFO  handler.ContextHandler (ContextHandler.java:doStart(921)) - Started o.e.j.s.ServletContextHandler@46ff06df{static,/static,file:///home/runner/work/ozone/ozone/hadoop-ozone/integration-test/target/test-classes/webapps/static,AVAILABLE}
2025-04-23 14:36:52,106 [main] INFO  handler.ContextHandler (ContextHandler.java:doStart(921)) - Started o.e.j.w.WebAppContext@46ae23ca{ozoneManager,/,file:///home/runner/work/ozone/ozone/hadoop-ozone/integration-test/target/test-classes/webapps/ozoneManager/,AVAILABLE}{file:/home/runner/work/ozone/ozone/hadoop-ozone/integration-test/target/test-classes/webapps/ozoneManager}
2025-04-23 14:36:52,107 [main] INFO  server.AbstractConnector (AbstractConnector.java:doStart(333)) - Started ServerConnector@408e8448{HTTP/1.1, (http/1.1)}{0.0.0.0:15015}
2025-04-23 14:36:52,107 [main] INFO  server.Server (Server.java:doStart(415)) - Started @12386ms
2025-04-23 14:36:52,108 [main] WARN  impl.MetricsSystemImpl (MetricsSystemImpl.java:register(279)) - Sink prometheus already exists!
2025-04-23 14:36:52,108 [main] INFO  http.BaseHttpServer (BaseHttpServer.java:updateConnectorAddress(360)) - HTTP server of ozoneManager listening at http://0.0.0.0:15015
2025-04-23 14:36:52,109 [IPC Server Responder] INFO  ipc.Server (Server.java:run(1713)) - IPC Server Responder: starting
2025-04-23 14:36:52,109 [IPC Server listener on 15014] INFO  ipc.Server (Server.java:run(1553)) - IPC Server listener on 15014: starting
2025-04-23 14:36:52,113 [main] INFO  om.OzoneManager (OzoneManager.java:startTrashEmptier(2257)) - Trash Interval set to 0. Files deleted won't move to trash
2025-04-23 14:36:52,113 [main] INFO  ozone.MiniOzoneHAClusterImpl (MiniOzoneHAClusterImpl.java:createOMService(516)) - Started OzoneManager omNode-3 RPC server at localhost/127.0.0.1:15014
2025-04-23 14:36:52,191 [main] WARN  dropwizard3.Dm3MetricRegistriesImpl (Dm3MetricRegistriesImpl.java:addReporterRegistration(114)) - New reporters are added after registries were created. Some metrics will be missing from the reporter. Please add reporter before adding any new registry.
2025-04-23 14:36:52,191 [main] WARN  dropwizard3.Dm3MetricRegistriesImpl (Dm3MetricRegistriesImpl.java:addReporterRegistration(114)) - New reporters are added after registries were created. Some metrics will be missing from the reporter. Please add reporter before adding any new registry.
2025-04-23 14:36:52,191 [main] INFO  impl.MetricsSystemImpl (MetricsSystemImpl.java:init(158)) - HddsDatanode metrics system started (again)
2025-04-23 14:36:52,209 [main] INFO  protocol.DatanodeDetails (DatanodeDetails.java:validateDatanodeIpAddress(199)) - Updating IP address of datanode b3e33d86-0447-4fd5-9cd5-f314a86cc755(fv-az1120-822.mg4m5ltoorkeplnhtot4p0wula.cx.internal.cloudapp.net/null) to 10.1.0.114
2025-04-23 14:36:52,209 [main] INFO  ozone.HddsDatanodeService (HddsDatanodeService.java:start(234)) - HddsDatanodeService b3e33d86-0447-4fd5-9cd5-f314a86cc755(fv-az1120-822.mg4m5ltoorkeplnhtot4p0wula.cx.internal.cloudapp.net/10.1.0.114)
2025-04-23 14:36:52,214 [main] INFO  upgrade.AbstractLayoutVersionManager (AbstractLayoutVersionManager.java:init(80)) - Initializing Layout version manager with metadata layout = HBASE_SUPPORT (version = 8), software layout = HBASE_SUPPORT (version = 8)
2025-04-23 14:36:52,216 [main] INFO  statemachine.DatanodeStateMachine (DatanodeStateMachine.java:getEndPointTaskThreadPoolSize(297)) - Datanode State Machine Task Thread Pool size 2
2025-04-23 14:36:52,261 [main] INFO  volume.HddsVolume (HddsVolume.java:<init>(158)) - HddsVolume: { id=DS-8b68ad66-1c59-4622-b89c-9b6bc5a1a54c dir=/home/runner/work/ozone/ozone/hadoop-ozone/integration-test/target/test-dir/MiniOzoneClusterImpl-68853c07-42d2-4ef8-9e75-e3a852294e6a/ozone-meta/datanode-1/data-0/hdds type=DISK capacity=9222449699674390527 used=0 available=9222449699674390527 minFree=5368709120 committed=0 }
2025-04-23 14:36:52,262 [main] INFO  volume.MutableVolumeSet (MutableVolumeSet.java:initializeVolumeSet(166)) - Added Volume : /home/runner/work/ozone/ozone/hadoop-ozone/integration-test/target/test-dir/MiniOzoneClusterImpl-68853c07-42d2-4ef8-9e75-e3a852294e6a/ozone-meta/datanode-1/data-0/hdds to VolumeSet
2025-04-23 14:36:52,265 [main] INFO  volume.MutableVolumeSet (MutableVolumeSet.java:initializeVolumeSet(166)) - Added Volume : /home/runner/work/ozone/ozone/hadoop-ozone/integration-test/target/test-dir/MiniOzoneClusterImpl-68853c07-42d2-4ef8-9e75-e3a852294e6a/ozone-meta/datanode-1/ratis to VolumeSet
2025-04-23 14:36:52,269 [main] INFO  ozoneimpl.OzoneContainer (HddsVolumeUtil.java:loadAllHddsVolumeDbStore(102)) - Load 1 volumes DbStore cost: 1ms
2025-04-23 14:36:52,271 [main] WARN  db.DBStoreBuilder (DBStoreBuilder.java:getDBDirPath(167)) - ozone.scm.datanode.id.dir is not configured. We recommend adding this setting. Falling back to ozone.metadata.dirs instead.
2025-04-23 14:36:52,276 [main] WARN  db.DBStoreBuilder (DBStoreBuilder.java:getDBDirPath(167)) - ozone.scm.datanode.id.dir is not configured. We recommend adding this setting. Falling back to ozone.metadata.dirs instead.
2025-04-23 14:36:52,313 [main] INFO  impl.FilePerChunkStrategy (FilePerChunkStrategy.java:<init>(79)) - ozone.chunk.read.mapped.buffer.max.count is load with 0
2025-04-23 14:36:52,315 [main] INFO  impl.FilePerBlockStrategy (FilePerBlockStrategy.java:<init>(87)) - ozone.chunk.read.mapped.buffer.max.count is load with 0
2025-04-23 14:36:52,341 [main] INFO  audit.AuditLogger (AuditLogger.java:refreshDebugCmdSet(133)) - Refresh DebugCmdSet for DNAudit to [].
2025-04-23 14:36:52,357 [main] INFO  server.RaftServerConfigKeys (ConfUtils.java:logGet(46)) - raft.server.log.appender.buffer.byte-limit = 33554432 (custom)
2025-04-23 14:36:52,368 [main] INFO  server.RaftServer (ConfUtils.java:logGet(46)) - raft.rpc.type = GRPC (default)
2025-04-23 14:36:52,368 [main] INFO  grpc.GrpcConfigKeys (ConfUtils.java:logFallback(53)) - raft.grpc.admin.host = null (fallback to raft.grpc.server.host)
2025-04-23 14:36:52,368 [main] INFO  grpc.GrpcConfigKeys (ConfUtils.java:logGet(46)) - raft.grpc.admin.port = 15022 (custom)
2025-04-23 14:36:52,368 [main] INFO  grpc.GrpcConfigKeys (ConfUtils.java:logFallback(53)) - raft.grpc.client.host = null (fallback to raft.grpc.server.host)
2025-04-23 14:36:52,368 [main] INFO  grpc.GrpcConfigKeys (ConfUtils.java:logGet(46)) - raft.grpc.client.port = 15021 (custom)
2025-04-23 14:36:52,368 [main] INFO  grpc.GrpcConfigKeys (ConfUtils.java:logGet(46)) - raft.grpc.server.host = null (default)
2025-04-23 14:36:52,368 [main] INFO  grpc.GrpcConfigKeys (ConfUtils.java:logGet(46)) - raft.grpc.server.port = 15023 (custom)
2025-04-23 14:36:52,369 [main] INFO  server.GrpcService (ConfUtils.java:logGet(46)) - raft.grpc.message.size.max = 34603008 (custom)
2025-04-23 14:36:52,369 [main] INFO  server.GrpcService (ConfUtils.java:logGet(46)) - raft.grpc.flow.control.window = 5MB (=5242880) (custom)
2025-04-23 14:36:52,369 [main] INFO  server.RaftServerConfigKeys (ConfUtils.java:logGet(46)) - raft.server.rpc.request.timeout = 60s (custom)
2025-04-23 14:36:52,369 [main] INFO  grpc.GrpcConfigKeys (ConfUtils.java:logGet(46)) - raft.grpc.server.heartbeat.channel = true (default)
2025-04-23 14:36:52,369 [main] INFO  server.RaftServerConfigKeys (ConfUtils.java:logGet(46)) - raft.server.log.appender.buffer.byte-limit = 33554432 (custom)
2025-04-23 14:36:52,369 [main] INFO  grpc.GrpcConfigKeys (ConfUtils.java:logGet(46)) - raft.grpc.server.async.request.thread.pool.cached = true (default)
2025-04-23 14:36:52,369 [main] INFO  grpc.GrpcConfigKeys (ConfUtils.java:logGet(46)) - raft.grpc.server.async.request.thread.pool.size = 32 (default)
2025-04-23 14:36:52,371 [main] INFO  impl.DataStreamServerImpl (ConfUtils.java:logGet(46)) - raft.datastream.type = NETTY (custom)
2025-04-23 14:36:52,372 [omNode-3-server-thread1] INFO  server.RaftServer$Division (RaftServerImpl.java:setFirstElection(562)) - omNode-3@group-523986131536: set firstElectionSinceStartup to false for appendEntries
2025-04-23 14:36:52,373 [omNode-3-server-thread1] INFO  ratis.OzoneManagerStateMachine (OzoneManagerStateMachine.java:notifyLeaderChanged(169)) - omNode-3@group-523986131536: leader changed to omNode-1
2025-04-23 14:36:52,373 [omNode-3-server-thread1] INFO  server.RaftServer$Division (ServerState.java:setLeader(272)) - omNode-3@group-523986131536: change Leader from null to omNode-1 at term 1 for appendEntries, leader elected after 847ms
2025-04-23 14:36:52,374 [omNode-3-server-thread1] INFO  server.RaftServer$Division (RaftServerImpl.java:checkInconsistentAppendEntries(1648)) - omNode-3@group-523986131536: Failed appendEntries as previous log entry ((t:1, i:0)) is not found
2025-04-23 14:36:52,375 [omNode-3-server-thread1] INFO  server.RaftServer$Division (RaftServerImpl.java:appendEntriesAsync(1580)) - omNode-3@group-523986131536: appendEntries* reply omNode-1<-omNode-3#812:FAIL-t0,INCONSISTENCY,nextIndex=0,followerCommit=-1,matchIndex=-1
2025-04-23 14:36:52,378 [grpc-default-executor-3] WARN  server.GrpcLogAppender (GrpcLogAppender.java:onNextImpl(519)) - omNode-1@group-523986131536->omNode-3-AppendLogResponseHandler: received INCONSISTENCY reply with nextIndex 0, errorCount=7, request=AppendEntriesRequest:cid=812,entriesCount=0
2025-04-23 14:36:52,379 [grpc-default-executor-3] INFO  leader.FollowerInfo (FollowerInfoImpl.java:info(70)) - omNode-1@group-523986131536->omNode-3: setNextIndex nextIndex: updateUnconditionally 1 -> 0
2025-04-23 14:36:52,379 [main] INFO  server.RaftServerConfigKeys (ConfUtils.java:logGet(46)) - raft.server.data-stream.async.request.thread.pool.cached = false (default)
2025-04-23 14:36:52,379 [main] INFO  server.RaftServerConfigKeys (ConfUtils.java:logGet(46)) - raft.server.data-stream.async.request.thread.pool.size = 20 (custom)
2025-04-23 14:36:52,379 [main] INFO  server.RaftServerConfigKeys (ConfUtils.java:logGet(46)) - raft.server.data-stream.async.write.thread.pool.size = 16 (default)
2025-04-23 14:36:52,381 [main] INFO  netty.NettyConfigKeys$DataStream (ConfUtils.java:logGet(46)) - raft.netty.dataStream.server.channel.inactive.grace-period = 10min (default)
2025-04-23 14:36:52,382 [main] INFO  server.RaftServerConfigKeys (ConfUtils.java:logGet(46)) - raft.server.data-stream.client.pool.size = 10 (default)
2025-04-23 14:36:52,383 [main] INFO  netty.NettyConfigKeys$DataStream (ConfUtils.java:logGet(46)) - raft.netty.dataStream.server.use-epoll = true (default)
2025-04-23 14:36:52,383 [main] INFO  netty.NettyConfigKeys$DataStream (ConfUtils.java:logGet(46)) - raft.netty.dataStream.server.boss-group.size = 0 (default)
2025-04-23 14:36:52,384 [main] INFO  netty.NettyUtils (NettyUtils.java:newEventLoopGroup(74)) - Create EpollEventLoopGroup for b3e33d86-0447-4fd5-9cd5-f314a86cc755-NettyServerStreamRpc-bossGroup; Thread size is 0.
2025-04-23 14:36:52,385 [main] INFO  netty.NettyConfigKeys$DataStream (ConfUtils.java:logGet(46)) - raft.netty.dataStream.server.worker-group.size = 0 (default)
2025-04-23 14:36:52,385 [main] INFO  netty.NettyUtils (NettyUtils.java:newEventLoopGroup(74)) - Create EpollEventLoopGroup for b3e33d86-0447-4fd5-9cd5-f314a86cc755-NettyServerStreamRpc-workerGroup; Thread size is 0.
2025-04-23 14:36:52,385 [omNode-3-server-thread1] INFO  server.RaftServer$Division (ServerState.java:setRaftConf(386)) - omNode-3@group-523986131536: set configuration conf: {index: 0, cur=peers:[omNode-3|localhost:15017, omNode-1|localhost:15009, omNode-2|localhost:15013]|listeners:[], old=null}
2025-04-23 14:36:52,386 [omNode-3-server-thread1] INFO  segmented.SegmentedRaftLogWorker (SegmentedRaftLogWorker.java:startLogSegment(438)) - omNode-3@group-523986131536-SegmentedRaftLogWorker: Starting segment from index:0
2025-04-23 14:36:52,386 [main] INFO  netty.NettyConfigKeys$DataStream (ConfUtils.java:logGet(46)) - raft.netty.dataStream.server.tls.conf = null (default)
2025-04-23 14:36:52,387 [omNode-3@group-523986131536-SegmentedRaftLogWorker] INFO  segmented.BufferedWriteChannel (BufferedWriteChannel.java:open(61)) - open log_inprogress_0 at position 0
2025-04-23 14:36:52,388 [main] INFO  netty.NettyConfigKeys$DataStream (ConfUtils.java:logGet(46)) - raft.netty.dataStream.host = null (default)
2025-04-23 14:36:52,388 [main] INFO  netty.NettyConfigKeys$DataStream (ConfUtils.java:logGet(46)) - raft.netty.dataStream.port = 15024 (custom)
2025-04-23 14:36:52,391 [main] INFO  server.RaftServerConfigKeys (ConfUtils.java:logGet(46)) - raft.server.sleep.deviation.threshold = 300ms (default)
2025-04-23 14:36:52,392 [main] INFO  server.RaftServerConfigKeys (ConfUtils.java:logGet(46)) - raft.server.close.threshold = 60s (default)
2025-04-23 14:36:52,392 [main] INFO  server.RaftServerConfigKeys (ConfUtils.java:logGet(46)) - raft.server.leaderelection.leader.step-down.wait-time = 10s (default)
2025-04-23 14:36:52,392 [main] INFO  server.RaftServerConfigKeys (ConfUtils.java:logGet(46)) - raft.server.storage.dir = [/home/runner/work/ozone/ozone/hadoop-ozone/integration-test/target/test-dir/MiniOzoneClusterImpl-68853c07-42d2-4ef8-9e75-e3a852294e6a/ozone-meta/datanode-1/ratis] (custom)
2025-04-23 14:36:52,392 [main] INFO  server.RaftServerConfigKeys (ConfUtils.java:logGet(46)) - raft.server.threadpool.proxy.cached = true (default)
2025-04-23 14:36:52,393 [main] INFO  server.RaftServerConfigKeys (ConfUtils.java:logGet(46)) - raft.server.threadpool.proxy.size = 0 (default)
2025-04-23 14:36:52,393 [b3e33d86-0447-4fd5-9cd5-f314a86cc755-impl-thread1] INFO  server.RaftServer (RaftServerProxy.java:initGroupDir(265)) - b3e33d86-0447-4fd5-9cd5-f314a86cc755: found a subdirectory /home/runner/work/ozone/ozone/hadoop-ozone/integration-test/target/test-dir/MiniOzoneClusterImpl-68853c07-42d2-4ef8-9e75-e3a852294e6a/ozone-meta/datanode-1/ratis/tmp
2025-04-23 14:36:52,394 [b3e33d86-0447-4fd5-9cd5-f314a86cc755-impl-thread1] INFO  server.RaftServer (RaftServerProxy.java:initGroupDir(270)) - b3e33d86-0447-4fd5-9cd5-f314a86cc755: The directory /home/runner/work/ozone/ozone/hadoop-ozone/integration-test/target/test-dir/MiniOzoneClusterImpl-68853c07-42d2-4ef8-9e75-e3a852294e6a/ozone-meta/datanode-1/ratis/tmp is not a group directory; ignoring it. 
2025-04-23 14:36:52,397 [omNode-3@group-523986131536-SegmentedRaftLogWorker] INFO  segmented.SegmentedRaftLogWorker (SegmentedRaftLogWorker.java:execute(644)) - omNode-3@group-523986131536-SegmentedRaftLogWorker: created new log segment /home/runner/work/ozone/ozone/hadoop-ozone/integration-test/target/test-dir/MiniOzoneClusterImpl-68853c07-42d2-4ef8-9e75-e3a852294e6a/omNode-3/ratis/c9bc4cf4-3bc3-3c60-a66b-523986131536/current/log_inprogress_0
2025-04-23 14:36:52,397 [main] INFO  replication.ReplicationServer (ReplicationServer.java:<init>(84)) - Initializing replication server with thread count = 10 queue length = 4096
2025-04-23 14:36:52,402 [b3e33d86-0447-4fd5-9cd5-f314a86cc755-NettyServerStreamRpc-bossGroup--thread1] INFO  logging.LoggingHandler (AbstractInternalLogger.java:log(148)) - [id: 0xcef78054] REGISTERED
2025-04-23 14:36:52,403 [b3e33d86-0447-4fd5-9cd5-f314a86cc755-NettyServerStreamRpc-bossGroup--thread1] INFO  logging.LoggingHandler (AbstractInternalLogger.java:log(148)) - [id: 0xcef78054] BIND: 0.0.0.0/0.0.0.0:15024
2025-04-23 14:36:52,403 [omNode-3@group-523986131536-StateMachineUpdater] INFO  ratis.OzoneManagerStateMachine (OzoneManagerStateMachine.java:notifyConfigurationChanged(231)) - notifyConfigurationChanged from Ratis: term=1, index=0, New Peer list: omNode-3(localhost:15017), omNode-1(localhost:15009), omNode-2(localhost:15013)
2025-04-23 14:36:52,405 [b3e33d86-0447-4fd5-9cd5-f314a86cc755-NettyServerStreamRpc-bossGroup--thread1] INFO  logging.LoggingHandler (AbstractInternalLogger.java:log(148)) - [id: 0xcef78054, L:/0.0.0.0:15024] ACTIVE
2025-04-23 14:36:52,409 [omNode-2@group-523986131536-StateMachineUpdater] INFO  ratis.OzoneManagerStateMachine (OzoneManagerStateMachine.java:notifyConfigurationChanged(231)) - notifyConfigurationChanged from Ratis: term=1, index=0, New Peer list: omNode-3(localhost:15017), omNode-1(localhost:15009), omNode-2(localhost:15013)
2025-04-23 14:36:52,418 [main] INFO  server.XceiverServerGrpc (XceiverServerGrpc.java:<init>(131)) - GrpcServer channel type EpollServerSocketChannel
2025-04-23 14:36:52,443 [main] INFO  replication.ReplicationSupervisor (ReplicationSupervisor.java:build(169)) - Initializing replication supervisor with thread count = 10
2025-04-23 14:36:52,444 [main] INFO  replication.ReplicationSupervisor (ReplicationSupervisor.java:nodeStateUpdated(358)) - Node state updated to IN_SERVICE, scaling executor pool size to 10
2025-04-23 14:36:52,470 [main] INFO  lib.Interns (Interns.java:removeEldestEntry(50)) - Metrics intern cache overflow at 2011 for MetricsSystem={MetricsSystem=MetricsInfoImpl{name=MetricsSystem, description=MetricsSystem}, MetricsSystem record=MetricsInfoImpl{name=MetricsSystem, description=MetricsSystem record}}
2025-04-23 14:36:52,488 [main] INFO  http.BaseHttpServer (BaseHttpServer.java:newHttpServer2BuilderForOzone(229)) - Starting Web-server for hddsDatanode at: http://0.0.0.0:15018
2025-04-23 14:36:52,488 [main] INFO  http.BaseHttpServer (BaseHttpServer.java:<init>(107)) - Hadoop Security Enabled: false Ozone Security Enabled: false Ozone HTTP Security Enabled: false 
2025-04-23 14:36:52,490 [main] WARN  server.AuthenticationFilter (AuthenticationFilter.java:constructSecretProvider(240)) - Unable to initialize FileSignerSecretProvider, falling back to use random secrets. Reason: Could not read signature secret file: /home/runner/hadoop-http-auth-signature-secret
2025-04-23 14:36:52,492 [main] INFO  http.HttpServer2 (HttpServer2.java:addGlobalFilter(1041)) - Added global filter 'safety' (class=org.apache.hadoop.hdds.server.http.HttpServer2$QuotingInputFilter)
2025-04-23 14:36:52,493 [main] INFO  http.HttpServer2 (HttpServer2.java:addFilter(1017)) - Added filter static_user_filter (class=org.apache.hadoop.http.lib.StaticUserWebFilter$StaticUserFilter) to context hddsDatanode
2025-04-23 14:36:52,493 [main] INFO  http.HttpServer2 (HttpServer2.java:addFilter(1025)) - Added filter static_user_filter (class=org.apache.hadoop.http.lib.StaticUserWebFilter$StaticUserFilter) to context logs
2025-04-23 14:36:52,493 [main] INFO  http.HttpServer2 (HttpServer2.java:addFilter(1025)) - Added filter static_user_filter (class=org.apache.hadoop.http.lib.StaticUserWebFilter$StaticUserFilter) to context static
2025-04-23 14:36:52,494 [main] INFO  http.BaseHttpServer (BaseHttpServer.java:<init>(195)) - HTTP server of hddsDatanode uses base directory /home/runner/work/ozone/ozone/hadoop-ozone/integration-test/target/test-dir/MiniOzoneClusterImpl-68853c07-42d2-4ef8-9e75-e3a852294e6a/ozone-meta/datanode-1/meta/webserver
2025-04-23 14:36:52,494 [main] INFO  http.HttpServer2 (HttpServer2.java:bindListener(1241)) - Jetty bound to port 15018
2025-04-23 14:36:52,494 [main] INFO  server.Server (Server.java:doStart(375)) - jetty-9.4.57.v20241219; built: 2025-01-08T21:24:30.412Z; git: df524e6b29271c2e09ba9aea83c18dc9db464a31; jvm 21.0.7+6-LTS
2025-04-23 14:36:52,496 [main] INFO  server.session (DefaultSessionIdManager.java:doStart(334)) - DefaultSessionIdManager workerName=node0
2025-04-23 14:36:52,496 [main] INFO  server.session (DefaultSessionIdManager.java:doStart(339)) - No SessionScavenger set, using defaults
2025-04-23 14:36:52,497 [main] INFO  server.session (HouseKeeper.java:startScavenging(132)) - node0 Scavenging every 660000ms
2025-04-23 14:36:52,498 [main] INFO  handler.ContextHandler (ContextHandler.java:doStart(921)) - Started o.e.j.s.ServletContextHandler@65a44d8a{logs,/logs,file:///home/runner/work/ozone/ozone/hadoop-ozone/integration-test/target/log,AVAILABLE}
2025-04-23 14:36:52,499 [main] INFO  handler.ContextHandler (ContextHandler.java:doStart(921)) - Started o.e.j.s.ServletContextHandler@72be2170{static,/static,jar:file:/home/runner/work/ozone/ozone/hadoop-hdds/container-service/target/hdds-container-service-2.1.0-SNAPSHOT.jar!/webapps/static,AVAILABLE}
2025-04-23 14:36:52,660 [main] INFO  handler.ContextHandler (ContextHandler.java:doStart(921)) - Started o.e.j.w.WebAppContext@1a82c5b5{hddsDatanode,/,file:///home/runner/work/ozone/ozone/hadoop-ozone/integration-test/target/test-dir/MiniOzoneClusterImpl-68853c07-42d2-4ef8-9e75-e3a852294e6a/ozone-meta/datanode-1/meta/webserver/jetty-0_0_0_0-15018-hdds-container-service-2_1_0-SNAPSHOT_jar-_-any-12268068976758060561/webapp/,AVAILABLE}{jar:file:/home/runner/work/ozone/ozone/hadoop-hdds/container-service/target/hdds-container-service-2.1.0-SNAPSHOT.jar!/webapps/hddsDatanode}
2025-04-23 14:36:52,661 [main] INFO  server.AbstractConnector (AbstractConnector.java:doStart(333)) - Started ServerConnector@4654aab6{HTTP/1.1, (http/1.1)}{0.0.0.0:15018}
2025-04-23 14:36:52,661 [main] INFO  server.Server (Server.java:doStart(415)) - Started @12940ms
2025-04-23 14:36:52,661 [main] WARN  impl.MetricsSystemImpl (MetricsSystemImpl.java:register(279)) - Sink prometheus already exists!
2025-04-23 14:36:52,662 [main] INFO  http.BaseHttpServer (BaseHttpServer.java:updateConnectorAddress(360)) - HTTP server of hddsDatanode listening at http://0.0.0.0:15018
2025-04-23 14:36:52,664 [main] INFO  ipc.CallQueueManager (CallQueueManager.java:<init>(93)) - Using callQueue: class java.util.concurrent.LinkedBlockingQueue, queueCapacity: 1000, scheduler: class org.apache.hadoop.ipc.DefaultRpcScheduler, ipcBackoff: false, ipcFailOver: false.
2025-04-23 14:36:52,665 [main] INFO  ipc.Server (Server.java:<init>(1438)) - Listener at 0.0.0.0:15019
2025-04-23 14:36:52,665 [Socket Reader #1 for port 15019] INFO  ipc.Server (Server.java:run(1474)) - Starting Socket Reader #1 for port 15019
2025-04-23 14:36:52,666 [Socket Reader #2 for port 15019] INFO  ipc.Server (Server.java:run(1474)) - Starting Socket Reader #2 for port 15019
2025-04-23 14:36:52,666 [Socket Reader #3 for port 15019] INFO  ipc.Server (Server.java:run(1474)) - Starting Socket Reader #3 for port 15019
2025-04-23 14:36:52,666 [Socket Reader #4 for port 15019] INFO  ipc.Server (Server.java:run(1474)) - Starting Socket Reader #4 for port 15019
2025-04-23 14:36:52,667 [Socket Reader #5 for port 15019] INFO  ipc.Server (Server.java:run(1474)) - Starting Socket Reader #5 for port 15019
2025-04-23 14:36:52,667 [Socket Reader #6 for port 15019] INFO  ipc.Server (Server.java:run(1474)) - Starting Socket Reader #6 for port 15019
2025-04-23 14:36:52,668 [Socket Reader #7 for port 15019] INFO  ipc.Server (Server.java:run(1474)) - Starting Socket Reader #7 for port 15019
2025-04-23 14:36:52,668 [Socket Reader #8 for port 15019] INFO  ipc.Server (Server.java:run(1474)) - Starting Socket Reader #8 for port 15019
2025-04-23 14:36:52,669 [Socket Reader #9 for port 15019] INFO  ipc.Server (Server.java:run(1474)) - Starting Socket Reader #9 for port 15019
2025-04-23 14:36:52,669 [Socket Reader #10 for port 15019] INFO  ipc.Server (Server.java:run(1474)) - Starting Socket Reader #10 for port 15019
2025-04-23 14:36:52,672 [main] INFO  ozone.HddsDatanodeService (HddsDatanodeService.java:start(325)) - Datanode start with admins: [*, runner]
2025-04-23 14:36:52,672 [main] INFO  ozone.HddsDatanodeClientProtocolServer (HddsDatanodeClientProtocolServer.java:start(76)) - RPC server for Client /0.0.0.0:15019
2025-04-23 14:36:52,672 [IPC Server Responder] INFO  ipc.Server (Server.java:run(1713)) - IPC Server Responder: starting
2025-04-23 14:36:52,673 [IPC Server listener on 15019] INFO  ipc.Server (Server.java:run(1553)) - IPC Server listener on 15019: starting
2025-04-23 14:36:52,675 [main] WARN  dropwizard3.Dm3MetricRegistriesImpl (Dm3MetricRegistriesImpl.java:addReporterRegistration(114)) - New reporters are added after registries were created. Some metrics will be missing from the reporter. Please add reporter before adding any new registry.
2025-04-23 14:36:52,675 [main] WARN  dropwizard3.Dm3MetricRegistriesImpl (Dm3MetricRegistriesImpl.java:addReporterRegistration(114)) - New reporters are added after registries were created. Some metrics will be missing from the reporter. Please add reporter before adding any new registry.
2025-04-23 14:36:52,675 [main] INFO  impl.MetricsSystemImpl (MetricsSystemImpl.java:init(158)) - HddsDatanode metrics system started (again)
2025-04-23 14:36:52,678 [b3e33d86-0447-4fd5-9cd5-f314a86cc755-DatanodeStateMachineDaemonThread] INFO  statemachine.DatanodeStateMachine (DatanodeStateMachine.java:startStateMachineThread(340)) - Ozone container server started.
2025-04-23 14:36:52,688 [main] INFO  protocol.DatanodeDetails (DatanodeDetails.java:validateDatanodeIpAddress(199)) - Updating IP address of datanode 90a71c42-cf1a-4ac2-af8f-9011ebfd0240(fv-az1120-822.mg4m5ltoorkeplnhtot4p0wula.cx.internal.cloudapp.net/null) to 10.1.0.114
2025-04-23 14:36:52,688 [main] INFO  ozone.HddsDatanodeService (HddsDatanodeService.java:start(234)) - HddsDatanodeService 90a71c42-cf1a-4ac2-af8f-9011ebfd0240(fv-az1120-822.mg4m5ltoorkeplnhtot4p0wula.cx.internal.cloudapp.net/10.1.0.114)
2025-04-23 14:36:52,692 [main] INFO  upgrade.AbstractLayoutVersionManager (AbstractLayoutVersionManager.java:init(80)) - Initializing Layout version manager with metadata layout = HBASE_SUPPORT (version = 8), software layout = HBASE_SUPPORT (version = 8)
2025-04-23 14:36:52,692 [main] INFO  statemachine.DatanodeStateMachine (DatanodeStateMachine.java:getEndPointTaskThreadPoolSize(297)) - Datanode State Machine Task Thread Pool size 2
2025-04-23 14:36:52,696 [main] INFO  volume.HddsVolume (HddsVolume.java:<init>(158)) - HddsVolume: { id=DS-0aa8daba-cfc9-4c11-bd4b-2972b13b9bb8 dir=/home/runner/work/ozone/ozone/hadoop-ozone/integration-test/target/test-dir/MiniOzoneClusterImpl-68853c07-42d2-4ef8-9e75-e3a852294e6a/ozone-meta/datanode-2/data-0/hdds type=DISK capacity=9222449699674390527 used=0 available=9222449699674390527 minFree=5368709120 committed=0 }
2025-04-23 14:36:52,696 [main] INFO  volume.MutableVolumeSet (MutableVolumeSet.java:initializeVolumeSet(166)) - Added Volume : /home/runner/work/ozone/ozone/hadoop-ozone/integration-test/target/test-dir/MiniOzoneClusterImpl-68853c07-42d2-4ef8-9e75-e3a852294e6a/ozone-meta/datanode-2/data-0/hdds to VolumeSet
2025-04-23 14:36:52,698 [main] INFO  volume.MutableVolumeSet (MutableVolumeSet.java:initializeVolumeSet(166)) - Added Volume : /home/runner/work/ozone/ozone/hadoop-ozone/integration-test/target/test-dir/MiniOzoneClusterImpl-68853c07-42d2-4ef8-9e75-e3a852294e6a/ozone-meta/datanode-2/ratis to VolumeSet
2025-04-23 14:36:52,701 [main] INFO  ozoneimpl.OzoneContainer (HddsVolumeUtil.java:loadAllHddsVolumeDbStore(102)) - Load 1 volumes DbStore cost: 0ms
2025-04-23 14:36:52,702 [main] WARN  db.DBStoreBuilder (DBStoreBuilder.java:getDBDirPath(167)) - ozone.scm.datanode.id.dir is not configured. We recommend adding this setting. Falling back to ozone.metadata.dirs instead.
2025-04-23 14:36:52,704 [main] WARN  db.DBStoreBuilder (DBStoreBuilder.java:getDBDirPath(167)) - ozone.scm.datanode.id.dir is not configured. We recommend adding this setting. Falling back to ozone.metadata.dirs instead.
2025-04-23 14:36:52,723 [main] INFO  impl.FilePerChunkStrategy (FilePerChunkStrategy.java:<init>(79)) - ozone.chunk.read.mapped.buffer.max.count is load with 0
2025-04-23 14:36:52,723 [main] INFO  impl.FilePerBlockStrategy (FilePerBlockStrategy.java:<init>(87)) - ozone.chunk.read.mapped.buffer.max.count is load with 0
2025-04-23 14:36:52,725 [main] INFO  server.RaftServerConfigKeys (ConfUtils.java:logGet(46)) - raft.server.log.appender.buffer.byte-limit = 33554432 (custom)
2025-04-23 14:36:52,727 [main] INFO  server.RaftServer (ConfUtils.java:logGet(46)) - raft.rpc.type = GRPC (default)
2025-04-23 14:36:52,727 [main] INFO  grpc.GrpcConfigKeys (ConfUtils.java:logFallback(53)) - raft.grpc.admin.host = null (fallback to raft.grpc.server.host)
2025-04-23 14:36:52,727 [main] INFO  grpc.GrpcConfigKeys (ConfUtils.java:logGet(46)) - raft.grpc.admin.port = 15030 (custom)
2025-04-23 14:36:52,727 [main] INFO  grpc.GrpcConfigKeys (ConfUtils.java:logFallback(53)) - raft.grpc.client.host = null (fallback to raft.grpc.server.host)
2025-04-23 14:36:52,727 [main] INFO  grpc.GrpcConfigKeys (ConfUtils.java:logGet(46)) - raft.grpc.client.port = 15029 (custom)
2025-04-23 14:36:52,727 [main] INFO  grpc.GrpcConfigKeys (ConfUtils.java:logGet(46)) - raft.grpc.server.host = null (default)
2025-04-23 14:36:52,727 [main] INFO  grpc.GrpcConfigKeys (ConfUtils.java:logGet(46)) - raft.grpc.server.port = 15031 (custom)
2025-04-23 14:36:52,727 [main] INFO  server.GrpcService (ConfUtils.java:logGet(46)) - raft.grpc.message.size.max = 34603008 (custom)
2025-04-23 14:36:52,728 [main] INFO  server.GrpcService (ConfUtils.java:logGet(46)) - raft.grpc.flow.control.window = 5MB (=5242880) (custom)
2025-04-23 14:36:52,728 [main] INFO  server.RaftServerConfigKeys (ConfUtils.java:logGet(46)) - raft.server.rpc.request.timeout = 60s (custom)
2025-04-23 14:36:52,728 [main] INFO  grpc.GrpcConfigKeys (ConfUtils.java:logGet(46)) - raft.grpc.server.heartbeat.channel = true (default)
2025-04-23 14:36:52,728 [main] INFO  server.RaftServerConfigKeys (ConfUtils.java:logGet(46)) - raft.server.log.appender.buffer.byte-limit = 33554432 (custom)
2025-04-23 14:36:52,728 [main] INFO  grpc.GrpcConfigKeys (ConfUtils.java:logGet(46)) - raft.grpc.server.async.request.thread.pool.cached = true (default)
2025-04-23 14:36:52,728 [main] INFO  grpc.GrpcConfigKeys (ConfUtils.java:logGet(46)) - raft.grpc.server.async.request.thread.pool.size = 32 (default)
2025-04-23 14:36:52,729 [main] INFO  impl.DataStreamServerImpl (ConfUtils.java:logGet(46)) - raft.datastream.type = NETTY (custom)
2025-04-23 14:36:52,730 [main] INFO  server.RaftServerConfigKeys (ConfUtils.java:logGet(46)) - raft.server.data-stream.async.request.thread.pool.cached = false (default)
2025-04-23 14:36:52,730 [main] INFO  server.RaftServerConfigKeys (ConfUtils.java:logGet(46)) - raft.server.data-stream.async.request.thread.pool.size = 20 (custom)
2025-04-23 14:36:52,730 [main] INFO  server.RaftServerConfigKeys (ConfUtils.java:logGet(46)) - raft.server.data-stream.async.write.thread.pool.size = 16 (default)
2025-04-23 14:36:52,730 [main] INFO  netty.NettyConfigKeys$DataStream (ConfUtils.java:logGet(46)) - raft.netty.dataStream.server.channel.inactive.grace-period = 10min (default)
2025-04-23 14:36:52,730 [main] INFO  server.RaftServerConfigKeys (ConfUtils.java:logGet(46)) - raft.server.data-stream.client.pool.size = 10 (default)
2025-04-23 14:36:52,730 [main] INFO  netty.NettyConfigKeys$DataStream (ConfUtils.java:logGet(46)) - raft.netty.dataStream.server.use-epoll = true (default)
2025-04-23 14:36:52,731 [main] INFO  netty.NettyConfigKeys$DataStream (ConfUtils.java:logGet(46)) - raft.netty.dataStream.server.boss-group.size = 0 (default)
2025-04-23 14:36:52,731 [main] INFO  netty.NettyUtils (NettyUtils.java:newEventLoopGroup(74)) - Create EpollEventLoopGroup for 90a71c42-cf1a-4ac2-af8f-9011ebfd0240-NettyServerStreamRpc-bossGroup; Thread size is 0.
2025-04-23 14:36:52,731 [main] INFO  netty.NettyConfigKeys$DataStream (ConfUtils.java:logGet(46)) - raft.netty.dataStream.server.worker-group.size = 0 (default)
2025-04-23 14:36:52,731 [main] INFO  netty.NettyUtils (NettyUtils.java:newEventLoopGroup(74)) - Create EpollEventLoopGroup for 90a71c42-cf1a-4ac2-af8f-9011ebfd0240-NettyServerStreamRpc-workerGroup; Thread size is 0.
2025-04-23 14:36:52,732 [main] INFO  netty.NettyConfigKeys$DataStream (ConfUtils.java:logGet(46)) - raft.netty.dataStream.server.tls.conf = null (default)
2025-04-23 14:36:52,732 [main] INFO  netty.NettyConfigKeys$DataStream (ConfUtils.java:logGet(46)) - raft.netty.dataStream.host = null (default)
2025-04-23 14:36:52,732 [main] INFO  netty.NettyConfigKeys$DataStream (ConfUtils.java:logGet(46)) - raft.netty.dataStream.port = 15032 (custom)
2025-04-23 14:36:52,733 [90a71c42-cf1a-4ac2-af8f-9011ebfd0240-NettyServerStreamRpc-bossGroup--thread1] INFO  logging.LoggingHandler (AbstractInternalLogger.java:log(148)) - [id: 0x1af18405] REGISTERED
2025-04-23 14:36:52,734 [main] INFO  server.RaftServerConfigKeys (ConfUtils.java:logGet(46)) - raft.server.sleep.deviation.threshold = 300ms (default)
2025-04-23 14:36:52,734 [main] INFO  server.RaftServerConfigKeys (ConfUtils.java:logGet(46)) - raft.server.close.threshold = 60s (default)
2025-04-23 14:36:52,734 [main] INFO  server.RaftServerConfigKeys (ConfUtils.java:logGet(46)) - raft.server.leaderelection.leader.step-down.wait-time = 10s (default)
2025-04-23 14:36:52,734 [main] INFO  server.RaftServerConfigKeys (ConfUtils.java:logGet(46)) - raft.server.storage.dir = [/home/runner/work/ozone/ozone/hadoop-ozone/integration-test/target/test-dir/MiniOzoneClusterImpl-68853c07-42d2-4ef8-9e75-e3a852294e6a/ozone-meta/datanode-2/ratis] (custom)
2025-04-23 14:36:52,735 [90a71c42-cf1a-4ac2-af8f-9011ebfd0240-NettyServerStreamRpc-bossGroup--thread1] INFO  logging.LoggingHandler (AbstractInternalLogger.java:log(148)) - [id: 0x1af18405] BIND: 0.0.0.0/0.0.0.0:15032
2025-04-23 14:36:52,735 [90a71c42-cf1a-4ac2-af8f-9011ebfd0240-NettyServerStreamRpc-bossGroup--thread1] INFO  logging.LoggingHandler (AbstractInternalLogger.java:log(148)) - [id: 0x1af18405, L:/0.0.0.0:15032] ACTIVE
2025-04-23 14:36:52,735 [main] INFO  server.RaftServerConfigKeys (ConfUtils.java:logGet(46)) - raft.server.threadpool.proxy.cached = true (default)
2025-04-23 14:36:52,736 [main] INFO  server.RaftServerConfigKeys (ConfUtils.java:logGet(46)) - raft.server.threadpool.proxy.size = 0 (default)
2025-04-23 14:36:52,738 [90a71c42-cf1a-4ac2-af8f-9011ebfd0240-impl-thread1] INFO  server.RaftServer (RaftServerProxy.java:initGroupDir(265)) - 90a71c42-cf1a-4ac2-af8f-9011ebfd0240: found a subdirectory /home/runner/work/ozone/ozone/hadoop-ozone/integration-test/target/test-dir/MiniOzoneClusterImpl-68853c07-42d2-4ef8-9e75-e3a852294e6a/ozone-meta/datanode-2/ratis/tmp
2025-04-23 14:36:52,738 [90a71c42-cf1a-4ac2-af8f-9011ebfd0240-impl-thread1] INFO  server.RaftServer (RaftServerProxy.java:initGroupDir(270)) - 90a71c42-cf1a-4ac2-af8f-9011ebfd0240: The directory /home/runner/work/ozone/ozone/hadoop-ozone/integration-test/target/test-dir/MiniOzoneClusterImpl-68853c07-42d2-4ef8-9e75-e3a852294e6a/ozone-meta/datanode-2/ratis/tmp is not a group directory; ignoring it. 
2025-04-23 14:36:52,738 [main] INFO  replication.ReplicationServer (ReplicationServer.java:<init>(84)) - Initializing replication server with thread count = 10 queue length = 4096
2025-04-23 14:36:52,740 [main] INFO  server.XceiverServerGrpc (XceiverServerGrpc.java:<init>(131)) - GrpcServer channel type EpollServerSocketChannel
2025-04-23 14:36:52,743 [main] INFO  replication.ReplicationSupervisor (ReplicationSupervisor.java:build(169)) - Initializing replication supervisor with thread count = 10
2025-04-23 14:36:52,743 [main] INFO  replication.ReplicationSupervisor (ReplicationSupervisor.java:nodeStateUpdated(358)) - Node state updated to IN_SERVICE, scaling executor pool size to 10
2025-04-23 14:36:52,749 [main] INFO  http.BaseHttpServer (BaseHttpServer.java:newHttpServer2BuilderForOzone(229)) - Starting Web-server for hddsDatanode at: http://0.0.0.0:15026
2025-04-23 14:36:52,750 [main] INFO  http.BaseHttpServer (BaseHttpServer.java:<init>(107)) - Hadoop Security Enabled: false Ozone Security Enabled: false Ozone HTTP Security Enabled: false 
2025-04-23 14:36:52,751 [main] WARN  server.AuthenticationFilter (AuthenticationFilter.java:constructSecretProvider(240)) - Unable to initialize FileSignerSecretProvider, falling back to use random secrets. Reason: Could not read signature secret file: /home/runner/hadoop-http-auth-signature-secret
2025-04-23 14:36:52,754 [main] INFO  http.HttpServer2 (HttpServer2.java:addGlobalFilter(1041)) - Added global filter 'safety' (class=org.apache.hadoop.hdds.server.http.HttpServer2$QuotingInputFilter)
2025-04-23 14:36:52,755 [b3e33d86-0447-4fd5-9cd5-f314a86cc755-DatanodeStateMachineTaskThread-0] INFO  datanode.InitDatanodeState (InitDatanodeState.java:persistContainerDatanodeDetails(139)) - DatanodeDetails is persisted to /home/runner/work/ozone/ozone/hadoop-ozone/integration-test/target/test-dir/MiniOzoneClusterImpl-68853c07-42d2-4ef8-9e75-e3a852294e6a/ozone-meta/datanode-1/meta/datanode.id
2025-04-23 14:36:52,755 [main] INFO  http.HttpServer2 (HttpServer2.java:addFilter(1017)) - Added filter static_user_filter (class=org.apache.hadoop.http.lib.StaticUserWebFilter$StaticUserFilter) to context hddsDatanode
2025-04-23 14:36:52,755 [main] INFO  http.HttpServer2 (HttpServer2.java:addFilter(1025)) - Added filter static_user_filter (class=org.apache.hadoop.http.lib.StaticUserWebFilter$StaticUserFilter) to context logs
2025-04-23 14:36:52,755 [main] INFO  http.HttpServer2 (HttpServer2.java:addFilter(1025)) - Added filter static_user_filter (class=org.apache.hadoop.http.lib.StaticUserWebFilter$StaticUserFilter) to context static
2025-04-23 14:36:52,756 [main] INFO  http.BaseHttpServer (BaseHttpServer.java:<init>(195)) - HTTP server of hddsDatanode uses base directory /home/runner/work/ozone/ozone/hadoop-ozone/integration-test/target/test-dir/MiniOzoneClusterImpl-68853c07-42d2-4ef8-9e75-e3a852294e6a/ozone-meta/datanode-2/meta/webserver
2025-04-23 14:36:52,756 [main] INFO  http.HttpServer2 (HttpServer2.java:bindListener(1241)) - Jetty bound to port 15026
2025-04-23 14:36:52,756 [main] INFO  server.Server (Server.java:doStart(375)) - jetty-9.4.57.v20241219; built: 2025-01-08T21:24:30.412Z; git: df524e6b29271c2e09ba9aea83c18dc9db464a31; jvm 21.0.7+6-LTS
2025-04-23 14:36:52,758 [main] INFO  server.session (DefaultSessionIdManager.java:doStart(334)) - DefaultSessionIdManager workerName=node0
2025-04-23 14:36:52,758 [main] INFO  server.session (DefaultSessionIdManager.java:doStart(339)) - No SessionScavenger set, using defaults
2025-04-23 14:36:52,758 [main] INFO  server.session (HouseKeeper.java:startScavenging(132)) - node0 Scavenging every 660000ms
2025-04-23 14:36:52,758 [main] INFO  handler.ContextHandler (ContextHandler.java:doStart(921)) - Started o.e.j.s.ServletContextHandler@6acda1ed{logs,/logs,file:///home/runner/work/ozone/ozone/hadoop-ozone/integration-test/target/log,AVAILABLE}
2025-04-23 14:36:52,759 [main] INFO  handler.ContextHandler (ContextHandler.java:doStart(921)) - Started o.e.j.s.ServletContextHandler@7e2bd4e2{static,/static,jar:file:/home/runner/work/ozone/ozone/hadoop-hdds/container-service/target/hdds-container-service-2.1.0-SNAPSHOT.jar!/webapps/static,AVAILABLE}
2025-04-23 14:36:52,904 [main] INFO  handler.ContextHandler (ContextHandler.java:doStart(921)) - Started o.e.j.w.WebAppContext@180a59f2{hddsDatanode,/,file:///home/runner/work/ozone/ozone/hadoop-ozone/integration-test/target/test-dir/MiniOzoneClusterImpl-68853c07-42d2-4ef8-9e75-e3a852294e6a/ozone-meta/datanode-2/meta/webserver/jetty-0_0_0_0-15026-hdds-container-service-2_1_0-SNAPSHOT_jar-_-any-16102769744480044296/webapp/,AVAILABLE}{jar:file:/home/runner/work/ozone/ozone/hadoop-hdds/container-service/target/hdds-container-service-2.1.0-SNAPSHOT.jar!/webapps/hddsDatanode}
2025-04-23 14:36:52,904 [main] INFO  server.AbstractConnector (AbstractConnector.java:doStart(333)) - Started ServerConnector@1f001021{HTTP/1.1, (http/1.1)}{0.0.0.0:15026}
2025-04-23 14:36:52,904 [main] INFO  server.Server (Server.java:doStart(415)) - Started @13183ms
2025-04-23 14:36:52,905 [main] WARN  impl.MetricsSystemImpl (MetricsSystemImpl.java:register(279)) - Sink prometheus already exists!
2025-04-23 14:36:52,905 [main] INFO  http.BaseHttpServer (BaseHttpServer.java:updateConnectorAddress(360)) - HTTP server of hddsDatanode listening at http://0.0.0.0:15026
2025-04-23 14:36:52,905 [main] INFO  ipc.CallQueueManager (CallQueueManager.java:<init>(93)) - Using callQueue: class java.util.concurrent.LinkedBlockingQueue, queueCapacity: 1000, scheduler: class org.apache.hadoop.ipc.DefaultRpcScheduler, ipcBackoff: false, ipcFailOver: false.
2025-04-23 14:36:52,906 [main] INFO  ipc.Server (Server.java:<init>(1438)) - Listener at 0.0.0.0:15027
2025-04-23 14:36:52,906 [Socket Reader #1 for port 15027] INFO  ipc.Server (Server.java:run(1474)) - Starting Socket Reader #1 for port 15027
2025-04-23 14:36:52,906 [Socket Reader #2 for port 15027] INFO  ipc.Server (Server.java:run(1474)) - Starting Socket Reader #2 for port 15027
2025-04-23 14:36:52,906 [Socket Reader #3 for port 15027] INFO  ipc.Server (Server.java:run(1474)) - Starting Socket Reader #3 for port 15027
2025-04-23 14:36:52,907 [Socket Reader #4 for port 15027] INFO  ipc.Server (Server.java:run(1474)) - Starting Socket Reader #4 for port 15027
2025-04-23 14:36:52,907 [Socket Reader #5 for port 15027] INFO  ipc.Server (Server.java:run(1474)) - Starting Socket Reader #5 for port 15027
2025-04-23 14:36:52,907 [Socket Reader #6 for port 15027] INFO  ipc.Server (Server.java:run(1474)) - Starting Socket Reader #6 for port 15027
2025-04-23 14:36:52,908 [Socket Reader #7 for port 15027] INFO  ipc.Server (Server.java:run(1474)) - Starting Socket Reader #7 for port 15027
2025-04-23 14:36:52,908 [Socket Reader #8 for port 15027] INFO  ipc.Server (Server.java:run(1474)) - Starting Socket Reader #8 for port 15027
2025-04-23 14:36:52,908 [Socket Reader #9 for port 15027] INFO  ipc.Server (Server.java:run(1474)) - Starting Socket Reader #9 for port 15027
2025-04-23 14:36:52,909 [Socket Reader #10 for port 15027] INFO  ipc.Server (Server.java:run(1474)) - Starting Socket Reader #10 for port 15027
2025-04-23 14:36:52,912 [main] INFO  ozone.HddsDatanodeService (HddsDatanodeService.java:start(325)) - Datanode start with admins: [*, runner]
2025-04-23 14:36:52,912 [main] INFO  ozone.HddsDatanodeClientProtocolServer (HddsDatanodeClientProtocolServer.java:start(76)) - RPC server for Client /0.0.0.0:15027
2025-04-23 14:36:52,912 [IPC Server Responder] INFO  ipc.Server (Server.java:run(1713)) - IPC Server Responder: starting
2025-04-23 14:36:52,913 [IPC Server listener on 15027] INFO  ipc.Server (Server.java:run(1553)) - IPC Server listener on 15027: starting
2025-04-23 14:36:52,915 [main] WARN  dropwizard3.Dm3MetricRegistriesImpl (Dm3MetricRegistriesImpl.java:addReporterRegistration(114)) - New reporters are added after registries were created. Some metrics will be missing from the reporter. Please add reporter before adding any new registry.
2025-04-23 14:36:52,915 [main] WARN  dropwizard3.Dm3MetricRegistriesImpl (Dm3MetricRegistriesImpl.java:addReporterRegistration(114)) - New reporters are added after registries were created. Some metrics will be missing from the reporter. Please add reporter before adding any new registry.
2025-04-23 14:36:52,915 [main] INFO  impl.MetricsSystemImpl (MetricsSystemImpl.java:init(158)) - HddsDatanode metrics system started (again)
2025-04-23 14:36:52,918 [90a71c42-cf1a-4ac2-af8f-9011ebfd0240-DatanodeStateMachineDaemonThread] INFO  statemachine.DatanodeStateMachine (DatanodeStateMachine.java:startStateMachineThread(340)) - Ozone container server started.
2025-04-23 14:36:52,925 [90a71c42-cf1a-4ac2-af8f-9011ebfd0240-DatanodeStateMachineTaskThread-0] INFO  datanode.InitDatanodeState (InitDatanodeState.java:persistContainerDatanodeDetails(139)) - DatanodeDetails is persisted to /home/runner/work/ozone/ozone/hadoop-ozone/integration-test/target/test-dir/MiniOzoneClusterImpl-68853c07-42d2-4ef8-9e75-e3a852294e6a/ozone-meta/datanode-2/meta/datanode.id
2025-04-23 14:36:52,929 [main] INFO  protocol.DatanodeDetails (DatanodeDetails.java:validateDatanodeIpAddress(199)) - Updating IP address of datanode 2f27ff4a-e7fd-448a-86d2-53e05ca0039d(fv-az1120-822.mg4m5ltoorkeplnhtot4p0wula.cx.internal.cloudapp.net/null) to 10.1.0.114
2025-04-23 14:36:52,929 [main] INFO  ozone.HddsDatanodeService (HddsDatanodeService.java:start(234)) - HddsDatanodeService 2f27ff4a-e7fd-448a-86d2-53e05ca0039d(fv-az1120-822.mg4m5ltoorkeplnhtot4p0wula.cx.internal.cloudapp.net/10.1.0.114)
2025-04-23 14:36:52,932 [main] INFO  upgrade.AbstractLayoutVersionManager (AbstractLayoutVersionManager.java:init(80)) - Initializing Layout version manager with metadata layout = HBASE_SUPPORT (version = 8), software layout = HBASE_SUPPORT (version = 8)
2025-04-23 14:36:52,932 [main] INFO  statemachine.DatanodeStateMachine (DatanodeStateMachine.java:getEndPointTaskThreadPoolSize(297)) - Datanode State Machine Task Thread Pool size 2
2025-04-23 14:36:52,935 [main] INFO  volume.HddsVolume (HddsVolume.java:<init>(158)) - HddsVolume: { id=DS-56236f57-7803-48e6-9bcc-f1c04898834d dir=/home/runner/work/ozone/ozone/hadoop-ozone/integration-test/target/test-dir/MiniOzoneClusterImpl-68853c07-42d2-4ef8-9e75-e3a852294e6a/ozone-meta/datanode-3/data-0/hdds type=DISK capacity=9222449699674390527 used=0 available=9222449699674390527 minFree=5368709120 committed=0 }
2025-04-23 14:36:52,936 [main] INFO  volume.MutableVolumeSet (MutableVolumeSet.java:initializeVolumeSet(166)) - Added Volume : /home/runner/work/ozone/ozone/hadoop-ozone/integration-test/target/test-dir/MiniOzoneClusterImpl-68853c07-42d2-4ef8-9e75-e3a852294e6a/ozone-meta/datanode-3/data-0/hdds to VolumeSet
2025-04-23 14:36:52,937 [main] INFO  volume.MutableVolumeSet (MutableVolumeSet.java:initializeVolumeSet(166)) - Added Volume : /home/runner/work/ozone/ozone/hadoop-ozone/integration-test/target/test-dir/MiniOzoneClusterImpl-68853c07-42d2-4ef8-9e75-e3a852294e6a/ozone-meta/datanode-3/ratis to VolumeSet
2025-04-23 14:36:52,938 [main] INFO  ozoneimpl.OzoneContainer (HddsVolumeUtil.java:loadAllHddsVolumeDbStore(102)) - Load 1 volumes DbStore cost: 0ms
2025-04-23 14:36:52,938 [main] WARN  db.DBStoreBuilder (DBStoreBuilder.java:getDBDirPath(167)) - ozone.scm.datanode.id.dir is not configured. We recommend adding this setting. Falling back to ozone.metadata.dirs instead.
2025-04-23 14:36:52,939 [main] WARN  db.DBStoreBuilder (DBStoreBuilder.java:getDBDirPath(167)) - ozone.scm.datanode.id.dir is not configured. We recommend adding this setting. Falling back to ozone.metadata.dirs instead.
2025-04-23 14:36:52,960 [main] INFO  impl.FilePerChunkStrategy (FilePerChunkStrategy.java:<init>(79)) - ozone.chunk.read.mapped.buffer.max.count is load with 0
2025-04-23 14:36:52,960 [main] INFO  impl.FilePerBlockStrategy (FilePerBlockStrategy.java:<init>(87)) - ozone.chunk.read.mapped.buffer.max.count is load with 0
2025-04-23 14:36:52,961 [main] INFO  server.RaftServerConfigKeys (ConfUtils.java:logGet(46)) - raft.server.log.appender.buffer.byte-limit = 33554432 (custom)
2025-04-23 14:36:52,963 [main] INFO  server.RaftServer (ConfUtils.java:logGet(46)) - raft.rpc.type = GRPC (default)
2025-04-23 14:36:52,963 [main] INFO  grpc.GrpcConfigKeys (ConfUtils.java:logFallback(53)) - raft.grpc.admin.host = null (fallback to raft.grpc.server.host)
2025-04-23 14:36:52,963 [main] INFO  grpc.GrpcConfigKeys (ConfUtils.java:logGet(46)) - raft.grpc.admin.port = 15038 (custom)
2025-04-23 14:36:52,963 [main] INFO  grpc.GrpcConfigKeys (ConfUtils.java:logFallback(53)) - raft.grpc.client.host = null (fallback to raft.grpc.server.host)
2025-04-23 14:36:52,963 [main] INFO  grpc.GrpcConfigKeys (ConfUtils.java:logGet(46)) - raft.grpc.client.port = 15037 (custom)
2025-04-23 14:36:52,963 [main] INFO  grpc.GrpcConfigKeys (ConfUtils.java:logGet(46)) - raft.grpc.server.host = null (default)
2025-04-23 14:36:52,963 [main] INFO  grpc.GrpcConfigKeys (ConfUtils.java:logGet(46)) - raft.grpc.server.port = 15039 (custom)
2025-04-23 14:36:52,963 [main] INFO  server.GrpcService (ConfUtils.java:logGet(46)) - raft.grpc.message.size.max = 34603008 (custom)
2025-04-23 14:36:52,963 [main] INFO  server.GrpcService (ConfUtils.java:logGet(46)) - raft.grpc.flow.control.window = 5MB (=5242880) (custom)
2025-04-23 14:36:52,963 [main] INFO  server.RaftServerConfigKeys (ConfUtils.java:logGet(46)) - raft.server.rpc.request.timeout = 60s (custom)
2025-04-23 14:36:52,963 [main] INFO  grpc.GrpcConfigKeys (ConfUtils.java:logGet(46)) - raft.grpc.server.heartbeat.channel = true (default)
2025-04-23 14:36:52,964 [main] INFO  server.RaftServerConfigKeys (ConfUtils.java:logGet(46)) - raft.server.log.appender.buffer.byte-limit = 33554432 (custom)
2025-04-23 14:36:52,964 [main] INFO  grpc.GrpcConfigKeys (ConfUtils.java:logGet(46)) - raft.grpc.server.async.request.thread.pool.cached = true (default)
2025-04-23 14:36:52,964 [main] INFO  grpc.GrpcConfigKeys (ConfUtils.java:logGet(46)) - raft.grpc.server.async.request.thread.pool.size = 32 (default)
2025-04-23 14:36:52,965 [main] INFO  impl.DataStreamServerImpl (ConfUtils.java:logGet(46)) - raft.datastream.type = NETTY (custom)
2025-04-23 14:36:52,966 [main] INFO  server.RaftServerConfigKeys (ConfUtils.java:logGet(46)) - raft.server.data-stream.async.request.thread.pool.cached = false (default)
2025-04-23 14:36:52,966 [main] INFO  server.RaftServerConfigKeys (ConfUtils.java:logGet(46)) - raft.server.data-stream.async.request.thread.pool.size = 20 (custom)
2025-04-23 14:36:52,966 [main] INFO  server.RaftServerConfigKeys (ConfUtils.java:logGet(46)) - raft.server.data-stream.async.write.thread.pool.size = 16 (default)
2025-04-23 14:36:52,966 [main] INFO  netty.NettyConfigKeys$DataStream (ConfUtils.java:logGet(46)) - raft.netty.dataStream.server.channel.inactive.grace-period = 10min (default)
2025-04-23 14:36:52,966 [main] INFO  server.RaftServerConfigKeys (ConfUtils.java:logGet(46)) - raft.server.data-stream.client.pool.size = 10 (default)
2025-04-23 14:36:52,967 [main] INFO  netty.NettyConfigKeys$DataStream (ConfUtils.java:logGet(46)) - raft.netty.dataStream.server.use-epoll = true (default)
2025-04-23 14:36:52,967 [main] INFO  netty.NettyConfigKeys$DataStream (ConfUtils.java:logGet(46)) - raft.netty.dataStream.server.boss-group.size = 0 (default)
2025-04-23 14:36:52,967 [main] INFO  netty.NettyUtils (NettyUtils.java:newEventLoopGroup(74)) - Create EpollEventLoopGroup for 2f27ff4a-e7fd-448a-86d2-53e05ca0039d-NettyServerStreamRpc-bossGroup; Thread size is 0.
2025-04-23 14:36:52,968 [main] INFO  netty.NettyConfigKeys$DataStream (ConfUtils.java:logGet(46)) - raft.netty.dataStream.server.worker-group.size = 0 (default)
2025-04-23 14:36:52,968 [main] INFO  netty.NettyUtils (NettyUtils.java:newEventLoopGroup(74)) - Create EpollEventLoopGroup for 2f27ff4a-e7fd-448a-86d2-53e05ca0039d-NettyServerStreamRpc-workerGroup; Thread size is 0.
2025-04-23 14:36:52,968 [main] INFO  netty.NettyConfigKeys$DataStream (ConfUtils.java:logGet(46)) - raft.netty.dataStream.server.tls.conf = null (default)
2025-04-23 14:36:52,968 [main] INFO  netty.NettyConfigKeys$DataStream (ConfUtils.java:logGet(46)) - raft.netty.dataStream.host = null (default)
2025-04-23 14:36:52,969 [main] INFO  netty.NettyConfigKeys$DataStream (ConfUtils.java:logGet(46)) - raft.netty.dataStream.port = 15040 (custom)
2025-04-23 14:36:52,969 [main] INFO  server.RaftServerConfigKeys (ConfUtils.java:logGet(46)) - raft.server.sleep.deviation.threshold = 300ms (default)
2025-04-23 14:36:52,969 [main] INFO  server.RaftServerConfigKeys (ConfUtils.java:logGet(46)) - raft.server.close.threshold = 60s (default)
2025-04-23 14:36:52,969 [main] INFO  server.RaftServerConfigKeys (ConfUtils.java:logGet(46)) - raft.server.leaderelection.leader.step-down.wait-time = 10s (default)
2025-04-23 14:36:52,969 [2f27ff4a-e7fd-448a-86d2-53e05ca0039d-NettyServerStreamRpc-bossGroup--thread1] INFO  logging.LoggingHandler (AbstractInternalLogger.java:log(148)) - [id: 0xe7f35997] REGISTERED
2025-04-23 14:36:52,969 [main] INFO  server.RaftServerConfigKeys (ConfUtils.java:logGet(46)) - raft.server.storage.dir = [/home/runner/work/ozone/ozone/hadoop-ozone/integration-test/target/test-dir/MiniOzoneClusterImpl-68853c07-42d2-4ef8-9e75-e3a852294e6a/ozone-meta/datanode-3/ratis] (custom)
2025-04-23 14:36:52,970 [main] INFO  server.RaftServerConfigKeys (ConfUtils.java:logGet(46)) - raft.server.threadpool.proxy.cached = true (default)
2025-04-23 14:36:52,970 [2f27ff4a-e7fd-448a-86d2-53e05ca0039d-NettyServerStreamRpc-bossGroup--thread1] INFO  logging.LoggingHandler (AbstractInternalLogger.java:log(148)) - [id: 0xe7f35997] BIND: 0.0.0.0/0.0.0.0:15040
2025-04-23 14:36:52,970 [main] INFO  server.RaftServerConfigKeys (ConfUtils.java:logGet(46)) - raft.server.threadpool.proxy.size = 0 (default)
2025-04-23 14:36:52,970 [2f27ff4a-e7fd-448a-86d2-53e05ca0039d-NettyServerStreamRpc-bossGroup--thread1] INFO  logging.LoggingHandler (AbstractInternalLogger.java:log(148)) - [id: 0xe7f35997, L:/0.0.0.0:15040] ACTIVE
2025-04-23 14:36:52,970 [2f27ff4a-e7fd-448a-86d2-53e05ca0039d-impl-thread1] INFO  server.RaftServer (RaftServerProxy.java:initGroupDir(265)) - 2f27ff4a-e7fd-448a-86d2-53e05ca0039d: found a subdirectory /home/runner/work/ozone/ozone/hadoop-ozone/integration-test/target/test-dir/MiniOzoneClusterImpl-68853c07-42d2-4ef8-9e75-e3a852294e6a/ozone-meta/datanode-3/ratis/tmp
2025-04-23 14:36:52,970 [2f27ff4a-e7fd-448a-86d2-53e05ca0039d-impl-thread1] INFO  server.RaftServer (RaftServerProxy.java:initGroupDir(270)) - 2f27ff4a-e7fd-448a-86d2-53e05ca0039d: The directory /home/runner/work/ozone/ozone/hadoop-ozone/integration-test/target/test-dir/MiniOzoneClusterImpl-68853c07-42d2-4ef8-9e75-e3a852294e6a/ozone-meta/datanode-3/ratis/tmp is not a group directory; ignoring it. 
2025-04-23 14:36:52,971 [main] INFO  replication.ReplicationServer (ReplicationServer.java:<init>(84)) - Initializing replication server with thread count = 10 queue length = 4096
2025-04-23 14:36:52,972 [main] INFO  server.XceiverServerGrpc (XceiverServerGrpc.java:<init>(131)) - GrpcServer channel type EpollServerSocketChannel
2025-04-23 14:36:52,973 [main] INFO  replication.ReplicationSupervisor (ReplicationSupervisor.java:build(169)) - Initializing replication supervisor with thread count = 10
2025-04-23 14:36:52,973 [main] INFO  replication.ReplicationSupervisor (ReplicationSupervisor.java:nodeStateUpdated(358)) - Node state updated to IN_SERVICE, scaling executor pool size to 10
2025-04-23 14:36:52,976 [main] INFO  http.BaseHttpServer (BaseHttpServer.java:newHttpServer2BuilderForOzone(229)) - Starting Web-server for hddsDatanode at: http://0.0.0.0:15034
2025-04-23 14:36:52,976 [main] INFO  http.BaseHttpServer (BaseHttpServer.java:<init>(107)) - Hadoop Security Enabled: false Ozone Security Enabled: false Ozone HTTP Security Enabled: false 
2025-04-23 14:36:52,977 [main] WARN  server.AuthenticationFilter (AuthenticationFilter.java:constructSecretProvider(240)) - Unable to initialize FileSignerSecretProvider, falling back to use random secrets. Reason: Could not read signature secret file: /home/runner/hadoop-http-auth-signature-secret
2025-04-23 14:36:52,979 [main] INFO  http.HttpServer2 (HttpServer2.java:addGlobalFilter(1041)) - Added global filter 'safety' (class=org.apache.hadoop.hdds.server.http.HttpServer2$QuotingInputFilter)
2025-04-23 14:36:52,981 [main] INFO  http.HttpServer2 (HttpServer2.java:addFilter(1017)) - Added filter static_user_filter (class=org.apache.hadoop.http.lib.StaticUserWebFilter$StaticUserFilter) to context hddsDatanode
2025-04-23 14:36:52,981 [main] INFO  http.HttpServer2 (HttpServer2.java:addFilter(1025)) - Added filter static_user_filter (class=org.apache.hadoop.http.lib.StaticUserWebFilter$StaticUserFilter) to context logs
2025-04-23 14:36:52,981 [main] INFO  http.HttpServer2 (HttpServer2.java:addFilter(1025)) - Added filter static_user_filter (class=org.apache.hadoop.http.lib.StaticUserWebFilter$StaticUserFilter) to context static
2025-04-23 14:36:52,982 [main] INFO  http.BaseHttpServer (BaseHttpServer.java:<init>(195)) - HTTP server of hddsDatanode uses base directory /home/runner/work/ozone/ozone/hadoop-ozone/integration-test/target/test-dir/MiniOzoneClusterImpl-68853c07-42d2-4ef8-9e75-e3a852294e6a/ozone-meta/datanode-3/meta/webserver
2025-04-23 14:36:52,982 [main] INFO  http.HttpServer2 (HttpServer2.java:bindListener(1241)) - Jetty bound to port 15034
2025-04-23 14:36:52,982 [main] INFO  server.Server (Server.java:doStart(375)) - jetty-9.4.57.v20241219; built: 2025-01-08T21:24:30.412Z; git: df524e6b29271c2e09ba9aea83c18dc9db464a31; jvm 21.0.7+6-LTS
2025-04-23 14:36:52,984 [main] INFO  server.session (DefaultSessionIdManager.java:doStart(334)) - DefaultSessionIdManager workerName=node0
2025-04-23 14:36:52,984 [main] INFO  server.session (DefaultSessionIdManager.java:doStart(339)) - No SessionScavenger set, using defaults
2025-04-23 14:36:52,984 [main] INFO  server.session (HouseKeeper.java:startScavenging(132)) - node0 Scavenging every 660000ms
2025-04-23 14:36:52,984 [main] INFO  handler.ContextHandler (ContextHandler.java:doStart(921)) - Started o.e.j.s.ServletContextHandler@1f60412a{logs,/logs,file:///home/runner/work/ozone/ozone/hadoop-ozone/integration-test/target/log,AVAILABLE}
2025-04-23 14:36:52,985 [main] INFO  handler.ContextHandler (ContextHandler.java:doStart(921)) - Started o.e.j.s.ServletContextHandler@3755b8da{static,/static,jar:file:/home/runner/work/ozone/ozone/hadoop-hdds/container-service/target/hdds-container-service-2.1.0-SNAPSHOT.jar!/webapps/static,AVAILABLE}
2025-04-23 14:36:53,116 [main] INFO  handler.ContextHandler (ContextHandler.java:doStart(921)) - Started o.e.j.w.WebAppContext@788b9e07{hddsDatanode,/,file:///home/runner/work/ozone/ozone/hadoop-ozone/integration-test/target/test-dir/MiniOzoneClusterImpl-68853c07-42d2-4ef8-9e75-e3a852294e6a/ozone-meta/datanode-3/meta/webserver/jetty-0_0_0_0-15034-hdds-container-service-2_1_0-SNAPSHOT_jar-_-any-18396899635302557803/webapp/,AVAILABLE}{jar:file:/home/runner/work/ozone/ozone/hadoop-hdds/container-service/target/hdds-container-service-2.1.0-SNAPSHOT.jar!/webapps/hddsDatanode}
2025-04-23 14:36:53,116 [main] INFO  server.AbstractConnector (AbstractConnector.java:doStart(333)) - Started ServerConnector@2f4210a8{HTTP/1.1, (http/1.1)}{0.0.0.0:15034}
2025-04-23 14:36:53,117 [main] INFO  server.Server (Server.java:doStart(415)) - Started @13396ms
2025-04-23 14:36:53,117 [main] WARN  impl.MetricsSystemImpl (MetricsSystemImpl.java:register(279)) - Sink prometheus already exists!
2025-04-23 14:36:53,117 [main] INFO  http.BaseHttpServer (BaseHttpServer.java:updateConnectorAddress(360)) - HTTP server of hddsDatanode listening at http://0.0.0.0:15034
2025-04-23 14:36:53,117 [main] INFO  ipc.CallQueueManager (CallQueueManager.java:<init>(93)) - Using callQueue: class java.util.concurrent.LinkedBlockingQueue, queueCapacity: 1000, scheduler: class org.apache.hadoop.ipc.DefaultRpcScheduler, ipcBackoff: false, ipcFailOver: false.
2025-04-23 14:36:53,118 [main] INFO  ipc.Server (Server.java:<init>(1438)) - Listener at 0.0.0.0:15035
2025-04-23 14:36:53,118 [Socket Reader #1 for port 15035] INFO  ipc.Server (Server.java:run(1474)) - Starting Socket Reader #1 for port 15035
2025-04-23 14:36:53,118 [Socket Reader #2 for port 15035] INFO  ipc.Server (Server.java:run(1474)) - Starting Socket Reader #2 for port 15035
2025-04-23 14:36:53,119 [Socket Reader #3 for port 15035] INFO  ipc.Server (Server.java:run(1474)) - Starting Socket Reader #3 for port 15035
2025-04-23 14:36:53,119 [Socket Reader #4 for port 15035] INFO  ipc.Server (Server.java:run(1474)) - Starting Socket Reader #4 for port 15035
2025-04-23 14:36:53,119 [Socket Reader #6 for port 15035] INFO  ipc.Server (Server.java:run(1474)) - Starting Socket Reader #6 for port 15035
2025-04-23 14:36:53,119 [Socket Reader #5 for port 15035] INFO  ipc.Server (Server.java:run(1474)) - Starting Socket Reader #5 for port 15035
2025-04-23 14:36:53,119 [Socket Reader #7 for port 15035] INFO  ipc.Server (Server.java:run(1474)) - Starting Socket Reader #7 for port 15035
2025-04-23 14:36:53,120 [Socket Reader #9 for port 15035] INFO  ipc.Server (Server.java:run(1474)) - Starting Socket Reader #9 for port 15035
2025-04-23 14:36:53,120 [Socket Reader #10 for port 15035] INFO  ipc.Server (Server.java:run(1474)) - Starting Socket Reader #10 for port 15035
2025-04-23 14:36:53,120 [Socket Reader #8 for port 15035] INFO  ipc.Server (Server.java:run(1474)) - Starting Socket Reader #8 for port 15035
2025-04-23 14:36:53,122 [main] INFO  ozone.HddsDatanodeService (HddsDatanodeService.java:start(325)) - Datanode start with admins: [*, runner]
2025-04-23 14:36:53,122 [main] INFO  ozone.HddsDatanodeClientProtocolServer (HddsDatanodeClientProtocolServer.java:start(76)) - RPC server for Client /0.0.0.0:15035
2025-04-23 14:36:53,122 [IPC Server Responder] INFO  ipc.Server (Server.java:run(1713)) - IPC Server Responder: starting
2025-04-23 14:36:53,122 [IPC Server listener on 15035] INFO  ipc.Server (Server.java:run(1553)) - IPC Server listener on 15035: starting
2025-04-23 14:36:53,125 [2f27ff4a-e7fd-448a-86d2-53e05ca0039d-DatanodeStateMachineDaemonThread] INFO  statemachine.DatanodeStateMachine (DatanodeStateMachine.java:startStateMachineThread(340)) - Ozone container server started.
2025-04-23 14:36:53,128 [main] INFO  ozone.MiniOzoneClusterImpl (MiniOzoneClusterImpl.java:lambda$waitForClusterToBeReady$0(190)) - Waiting for nodes to be ready. Got 0 of 3 DN Heartbeats.
2025-04-23 14:36:53,128 [main] INFO  ozone.MiniOzoneClusterImpl (MiniOzoneClusterImpl.java:lambda$waitForClusterToBeReady$0(193)) - Waiting for cluster to exit safe mode
2025-04-23 14:36:53,128 [main] INFO  ozone.MiniOzoneClusterImpl (MiniOzoneClusterImpl.java:lambda$waitForClusterToBeReady$0(195)) - SCM became leader
2025-04-23 14:36:53,130 [2f27ff4a-e7fd-448a-86d2-53e05ca0039d-DatanodeStateMachineTaskThread-0] INFO  datanode.InitDatanodeState (InitDatanodeState.java:persistContainerDatanodeDetails(139)) - DatanodeDetails is persisted to /home/runner/work/ozone/ozone/hadoop-ozone/integration-test/target/test-dir/MiniOzoneClusterImpl-68853c07-42d2-4ef8-9e75-e3a852294e6a/ozone-meta/datanode-3/meta/datanode.id
2025-04-23 14:36:53,269 [b3e33d86-0447-4fd5-9cd5-f314a86cc755-EndpointStateMachineTaskThread-/0.0.0.0:15002-0 ] INFO  utils.DatanodeStoreCache (DatanodeStoreCache.java:addDB(71)) - Added db /home/runner/work/ozone/ozone/hadoop-ozone/integration-test/target/test-dir/MiniOzoneClusterImpl-68853c07-42d2-4ef8-9e75-e3a852294e6a/ozone-meta/datanode-1/data-0/hdds/68853c07-42d2-4ef8-9e75-e3a852294e6a/DS-532b65ba-8f23-4ad6-b2e0-d357993378e8/container.db to cache
2025-04-23 14:36:53,270 [b3e33d86-0447-4fd5-9cd5-f314a86cc755-EndpointStateMachineTaskThread-/0.0.0.0:15002-0 ] INFO  volume.HddsVolume (HddsVolume.java:createDbStore(510)) - SchemaV3 db is created and loaded at /home/runner/work/ozone/ozone/hadoop-ozone/integration-test/target/test-dir/MiniOzoneClusterImpl-68853c07-42d2-4ef8-9e75-e3a852294e6a/ozone-meta/datanode-1/data-0/hdds/68853c07-42d2-4ef8-9e75-e3a852294e6a/DS-532b65ba-8f23-4ad6-b2e0-d357993378e8/container.db for volume DS-532b65ba-8f23-4ad6-b2e0-d357993378e8
2025-04-23 14:36:53,278 [b3e33d86-0447-4fd5-9cd5-f314a86cc755-ContainerReader-0] INFO  ozoneimpl.ContainerReader (ContainerReader.java:readVolume(144)) - Start to verify containers on volume /home/runner/work/ozone/ozone/hadoop-ozone/integration-test/target/test-dir/MiniOzoneClusterImpl-68853c07-42d2-4ef8-9e75-e3a852294e6a/ozone-meta/datanode-1/data-0/hdds
2025-04-23 14:36:53,278 [b3e33d86-0447-4fd5-9cd5-f314a86cc755-ContainerReader-0] INFO  ozoneimpl.ContainerReader (ContainerReader.java:readVolume(174)) - Finish verifying containers on volume /home/runner/work/ozone/ozone/hadoop-ozone/integration-test/target/test-dir/MiniOzoneClusterImpl-68853c07-42d2-4ef8-9e75-e3a852294e6a/ozone-meta/datanode-1/data-0/hdds
2025-04-23 14:36:53,279 [b3e33d86-0447-4fd5-9cd5-f314a86cc755-EndpointStateMachineTaskThread-/0.0.0.0:15002-0 ] INFO  ozoneimpl.OzoneContainer (OzoneContainer.java:buildContainerSet(364)) - Build ContainerSet costs 0s
2025-04-23 14:36:53,279 [b3e33d86-0447-4fd5-9cd5-f314a86cc755-EndpointStateMachineTaskThread-/0.0.0.0:15002-0 ] INFO  volume.ThrottledAsyncChecker (ThrottledAsyncChecker.java:schedule(138)) - Scheduling a check for /home/runner/work/ozone/ozone/hadoop-ozone/integration-test/target/test-dir/MiniOzoneClusterImpl-68853c07-42d2-4ef8-9e75-e3a852294e6a/ozone-meta/datanode-1/data-0/hdds
2025-04-23 14:36:53,283 [b3e33d86-0447-4fd5-9cd5-f314a86cc755-EndpointStateMachineTaskThread-/0.0.0.0:15002-0 ] INFO  volume.StorageVolumeChecker (StorageVolumeChecker.java:checkAllVolumes(215)) - Scheduled health check for volume /home/runner/work/ozone/ozone/hadoop-ozone/integration-test/target/test-dir/MiniOzoneClusterImpl-68853c07-42d2-4ef8-9e75-e3a852294e6a/ozone-meta/datanode-1/data-0/hdds
2025-04-23 14:36:53,291 [b3e33d86-0447-4fd5-9cd5-f314a86cc755-EndpointStateMachineTaskThread-/0.0.0.0:15002-0 ] INFO  volume.ThrottledAsyncChecker (ThrottledAsyncChecker.java:schedule(138)) - Scheduling a check for /home/runner/work/ozone/ozone/hadoop-ozone/integration-test/target/test-dir/MiniOzoneClusterImpl-68853c07-42d2-4ef8-9e75-e3a852294e6a/ozone-meta/datanode-1/ratis
2025-04-23 14:36:53,291 [b3e33d86-0447-4fd5-9cd5-f314a86cc755-EndpointStateMachineTaskThread-/0.0.0.0:15002-0 ] INFO  volume.StorageVolumeChecker (StorageVolumeChecker.java:checkAllVolumes(215)) - Scheduled health check for volume /home/runner/work/ozone/ozone/hadoop-ozone/integration-test/target/test-dir/MiniOzoneClusterImpl-68853c07-42d2-4ef8-9e75-e3a852294e6a/ozone-meta/datanode-1/ratis
2025-04-23 14:36:53,292 [b3e33d86-0447-4fd5-9cd5-f314a86cc755-EndpointStateMachineTaskThread-/0.0.0.0:15002-0 ] INFO  ozoneimpl.OzoneContainer (OzoneContainer.java:start(512)) - Attempting to start container services.
2025-04-23 14:36:53,298 [ContainerMetadataScanner] INFO  ozoneimpl.AbstractBackgroundContainerScanner (AbstractBackgroundContainerScanner.java:runIteration(89)) - Completed an iteration in 0 minutes. Number of iterations (since the data-node restart) : 1, Number of containers scanned in this iteration : 0, Number of unhealthy containers found in this iteration : 0
2025-04-23 14:36:53,300 [b3e33d86-0447-4fd5-9cd5-f314a86cc755-EndpointStateMachineTaskThread-/0.0.0.0:15002-0 ] INFO  replication.ReplicationServer (ReplicationServer.java:start(137)) - ReplicationServer is started using port 15025
2025-04-23 14:36:53,300 [ContainerDataScanner(/home/runner/work/ozone/ozone/hadoop-ozone/integration-test/target/test-dir/MiniOzoneClusterImpl-68853c07-42d2-4ef8-9e75-e3a852294e6a/ozone-meta/datanode-1/data-0/hdds)] INFO  ozoneimpl.AbstractBackgroundContainerScanner (AbstractBackgroundContainerScanner.java:runIteration(89)) - Completed an iteration in 0 minutes. Number of iterations (since the data-node restart) : 1, Number of containers scanned in this iteration : 0, Number of unhealthy containers found in this iteration : 0
2025-04-23 14:36:53,300 [b3e33d86-0447-4fd5-9cd5-f314a86cc755-EndpointStateMachineTaskThread-/0.0.0.0:15002-0 ] INFO  ratis.XceiverServerRatis (XceiverServerRatis.java:start(559)) - Starting XceiverServerRatis(b3e33d86-0447-4fd5-9cd5-f314a86cc755)
2025-04-23 14:36:53,301 [b3e33d86-0447-4fd5-9cd5-f314a86cc755-EndpointStateMachineTaskThread-/0.0.0.0:15002-0 ] INFO  server.RaftServer (RaftServerProxy.java:startImpl(407)) - b3e33d86-0447-4fd5-9cd5-f314a86cc755: start RPC server
2025-04-23 14:36:53,301 [b3e33d86-0447-4fd5-9cd5-f314a86cc755-EndpointStateMachineTaskThread-/0.0.0.0:15002-0 ] INFO  server.GrpcService (GrpcService.java:startImpl(334)) - b3e33d86-0447-4fd5-9cd5-f314a86cc755: GrpcService started, listening on 15021
2025-04-23 14:36:53,302 [b3e33d86-0447-4fd5-9cd5-f314a86cc755-EndpointStateMachineTaskThread-/0.0.0.0:15002-0 ] INFO  server.GrpcService (GrpcService.java:startImpl(334)) - b3e33d86-0447-4fd5-9cd5-f314a86cc755: GrpcService started, listening on 15023
2025-04-23 14:36:53,302 [b3e33d86-0447-4fd5-9cd5-f314a86cc755-EndpointStateMachineTaskThread-/0.0.0.0:15002-0 ] INFO  server.GrpcService (GrpcService.java:startImpl(334)) - b3e33d86-0447-4fd5-9cd5-f314a86cc755: GrpcService started, listening on 15022
2025-04-23 14:36:53,302 [b3e33d86-0447-4fd5-9cd5-f314a86cc755-EndpointStateMachineTaskThread-/0.0.0.0:15002-0 ] INFO  ratis.XceiverServerRatis (XceiverServerRatis.java:getRealPort(586)) - XceiverServerRatis(b3e33d86-0447-4fd5-9cd5-f314a86cc755) is started using port RATIS=15021
2025-04-23 14:36:53,302 [JvmPauseMonitor5] INFO  util.JvmPauseMonitor (JvmPauseMonitor.java:run(146)) - JvmPauseMonitor-b3e33d86-0447-4fd5-9cd5-f314a86cc755: Started
2025-04-23 14:36:53,302 [b3e33d86-0447-4fd5-9cd5-f314a86cc755-EndpointStateMachineTaskThread-/0.0.0.0:15002-0 ] INFO  ratis.XceiverServerRatis (XceiverServerRatis.java:getRealPort(586)) - XceiverServerRatis(b3e33d86-0447-4fd5-9cd5-f314a86cc755) is started using port RATIS_ADMIN=15022
2025-04-23 14:36:53,303 [b3e33d86-0447-4fd5-9cd5-f314a86cc755-EndpointStateMachineTaskThread-/0.0.0.0:15002-0 ] INFO  ratis.XceiverServerRatis (XceiverServerRatis.java:getRealPort(586)) - XceiverServerRatis(b3e33d86-0447-4fd5-9cd5-f314a86cc755) is started using port RATIS_SERVER=15023
2025-04-23 14:36:53,303 [b3e33d86-0447-4fd5-9cd5-f314a86cc755-EndpointStateMachineTaskThread-/0.0.0.0:15002-0 ] INFO  ratis.XceiverServerRatis (XceiverServerRatis.java:getRealPort(586)) - XceiverServerRatis(b3e33d86-0447-4fd5-9cd5-f314a86cc755) is started using port RATIS_DATASTREAM=15024
2025-04-23 14:36:53,306 [b3e33d86-0447-4fd5-9cd5-f314a86cc755-BlockDeletingService#0] INFO  interfaces.ContainerDeletionChoosingPolicyTemplate (ContainerDeletionChoosingPolicyTemplate.java:chooseContainerForBlockDeletion(83)) - Chosen 0/5000 blocks from 0 candidate containers.
2025-04-23 14:36:53,450 [90a71c42-cf1a-4ac2-af8f-9011ebfd0240-EndpointStateMachineTaskThread-/0.0.0.0:15002-0 ] INFO  utils.DatanodeStoreCache (DatanodeStoreCache.java:addDB(71)) - Added db /home/runner/work/ozone/ozone/hadoop-ozone/integration-test/target/test-dir/MiniOzoneClusterImpl-68853c07-42d2-4ef8-9e75-e3a852294e6a/ozone-meta/datanode-2/data-0/hdds/68853c07-42d2-4ef8-9e75-e3a852294e6a/DS-b3961290-bda6-4e86-abd7-b4325de5c93b/container.db to cache
2025-04-23 14:36:53,450 [90a71c42-cf1a-4ac2-af8f-9011ebfd0240-EndpointStateMachineTaskThread-/0.0.0.0:15002-0 ] INFO  volume.HddsVolume (HddsVolume.java:createDbStore(510)) - SchemaV3 db is created and loaded at /home/runner/work/ozone/ozone/hadoop-ozone/integration-test/target/test-dir/MiniOzoneClusterImpl-68853c07-42d2-4ef8-9e75-e3a852294e6a/ozone-meta/datanode-2/data-0/hdds/68853c07-42d2-4ef8-9e75-e3a852294e6a/DS-b3961290-bda6-4e86-abd7-b4325de5c93b/container.db for volume DS-b3961290-bda6-4e86-abd7-b4325de5c93b
2025-04-23 14:36:53,453 [90a71c42-cf1a-4ac2-af8f-9011ebfd0240-ContainerReader-0] INFO  ozoneimpl.ContainerReader (ContainerReader.java:readVolume(144)) - Start to verify containers on volume /home/runner/work/ozone/ozone/hadoop-ozone/integration-test/target/test-dir/MiniOzoneClusterImpl-68853c07-42d2-4ef8-9e75-e3a852294e6a/ozone-meta/datanode-2/data-0/hdds
2025-04-23 14:36:53,453 [90a71c42-cf1a-4ac2-af8f-9011ebfd0240-ContainerReader-0] INFO  ozoneimpl.ContainerReader (ContainerReader.java:readVolume(174)) - Finish verifying containers on volume /home/runner/work/ozone/ozone/hadoop-ozone/integration-test/target/test-dir/MiniOzoneClusterImpl-68853c07-42d2-4ef8-9e75-e3a852294e6a/ozone-meta/datanode-2/data-0/hdds
2025-04-23 14:36:53,453 [90a71c42-cf1a-4ac2-af8f-9011ebfd0240-EndpointStateMachineTaskThread-/0.0.0.0:15002-0 ] INFO  ozoneimpl.OzoneContainer (OzoneContainer.java:buildContainerSet(364)) - Build ContainerSet costs 0s
2025-04-23 14:36:53,454 [90a71c42-cf1a-4ac2-af8f-9011ebfd0240-EndpointStateMachineTaskThread-/0.0.0.0:15002-0 ] INFO  volume.ThrottledAsyncChecker (ThrottledAsyncChecker.java:schedule(138)) - Scheduling a check for /home/runner/work/ozone/ozone/hadoop-ozone/integration-test/target/test-dir/MiniOzoneClusterImpl-68853c07-42d2-4ef8-9e75-e3a852294e6a/ozone-meta/datanode-2/data-0/hdds
2025-04-23 14:36:53,454 [90a71c42-cf1a-4ac2-af8f-9011ebfd0240-EndpointStateMachineTaskThread-/0.0.0.0:15002-0 ] INFO  volume.StorageVolumeChecker (StorageVolumeChecker.java:checkAllVolumes(215)) - Scheduled health check for volume /home/runner/work/ozone/ozone/hadoop-ozone/integration-test/target/test-dir/MiniOzoneClusterImpl-68853c07-42d2-4ef8-9e75-e3a852294e6a/ozone-meta/datanode-2/data-0/hdds
2025-04-23 14:36:53,457 [90a71c42-cf1a-4ac2-af8f-9011ebfd0240-EndpointStateMachineTaskThread-/0.0.0.0:15002-0 ] INFO  volume.ThrottledAsyncChecker (ThrottledAsyncChecker.java:schedule(138)) - Scheduling a check for /home/runner/work/ozone/ozone/hadoop-ozone/integration-test/target/test-dir/MiniOzoneClusterImpl-68853c07-42d2-4ef8-9e75-e3a852294e6a/ozone-meta/datanode-2/ratis
2025-04-23 14:36:53,458 [90a71c42-cf1a-4ac2-af8f-9011ebfd0240-EndpointStateMachineTaskThread-/0.0.0.0:15002-0 ] INFO  volume.StorageVolumeChecker (StorageVolumeChecker.java:checkAllVolumes(215)) - Scheduled health check for volume /home/runner/work/ozone/ozone/hadoop-ozone/integration-test/target/test-dir/MiniOzoneClusterImpl-68853c07-42d2-4ef8-9e75-e3a852294e6a/ozone-meta/datanode-2/ratis
2025-04-23 14:36:53,458 [90a71c42-cf1a-4ac2-af8f-9011ebfd0240-EndpointStateMachineTaskThread-/0.0.0.0:15002-0 ] INFO  ozoneimpl.OzoneContainer (OzoneContainer.java:start(512)) - Attempting to start container services.
2025-04-23 14:36:53,459 [90a71c42-cf1a-4ac2-af8f-9011ebfd0240-EndpointStateMachineTaskThread-/0.0.0.0:15002-0 ] WARN  ozoneimpl.OnDemandContainerDataScanner (OnDemandContainerDataScanner.java:init(74)) - Trying to initialize on demand scanner a second time on a datanode.
2025-04-23 14:36:53,459 [ContainerMetadataScanner] INFO  ozoneimpl.AbstractBackgroundContainerScanner (AbstractBackgroundContainerScanner.java:runIteration(89)) - Completed an iteration in 0 minutes. Number of iterations (since the data-node restart) : 1, Number of containers scanned in this iteration : 0, Number of unhealthy containers found in this iteration : 0
2025-04-23 14:36:53,460 [ContainerDataScanner(/home/runner/work/ozone/ozone/hadoop-ozone/integration-test/target/test-dir/MiniOzoneClusterImpl-68853c07-42d2-4ef8-9e75-e3a852294e6a/ozone-meta/datanode-2/data-0/hdds)] INFO  ozoneimpl.AbstractBackgroundContainerScanner (AbstractBackgroundContainerScanner.java:runIteration(89)) - Completed an iteration in 0 minutes. Number of iterations (since the data-node restart) : 1, Number of containers scanned in this iteration : 0, Number of unhealthy containers found in this iteration : 0
2025-04-23 14:36:53,460 [90a71c42-cf1a-4ac2-af8f-9011ebfd0240-EndpointStateMachineTaskThread-/0.0.0.0:15002-0 ] INFO  replication.ReplicationServer (ReplicationServer.java:start(137)) - ReplicationServer is started using port 15033
2025-04-23 14:36:53,460 [90a71c42-cf1a-4ac2-af8f-9011ebfd0240-EndpointStateMachineTaskThread-/0.0.0.0:15002-0 ] INFO  ratis.XceiverServerRatis (XceiverServerRatis.java:start(559)) - Starting XceiverServerRatis(90a71c42-cf1a-4ac2-af8f-9011ebfd0240)
2025-04-23 14:36:53,461 [90a71c42-cf1a-4ac2-af8f-9011ebfd0240-EndpointStateMachineTaskThread-/0.0.0.0:15002-0 ] INFO  server.RaftServer (RaftServerProxy.java:startImpl(407)) - 90a71c42-cf1a-4ac2-af8f-9011ebfd0240: start RPC server
2025-04-23 14:36:53,462 [90a71c42-cf1a-4ac2-af8f-9011ebfd0240-EndpointStateMachineTaskThread-/0.0.0.0:15002-0 ] INFO  server.GrpcService (GrpcService.java:startImpl(334)) - 90a71c42-cf1a-4ac2-af8f-9011ebfd0240: GrpcService started, listening on 15029
2025-04-23 14:36:53,462 [90a71c42-cf1a-4ac2-af8f-9011ebfd0240-EndpointStateMachineTaskThread-/0.0.0.0:15002-0 ] INFO  server.GrpcService (GrpcService.java:startImpl(334)) - 90a71c42-cf1a-4ac2-af8f-9011ebfd0240: GrpcService started, listening on 15031
2025-04-23 14:36:53,463 [90a71c42-cf1a-4ac2-af8f-9011ebfd0240-EndpointStateMachineTaskThread-/0.0.0.0:15002-0 ] INFO  server.GrpcService (GrpcService.java:startImpl(334)) - 90a71c42-cf1a-4ac2-af8f-9011ebfd0240: GrpcService started, listening on 15030
2025-04-23 14:36:53,463 [JvmPauseMonitor6] INFO  util.JvmPauseMonitor (JvmPauseMonitor.java:run(146)) - JvmPauseMonitor-90a71c42-cf1a-4ac2-af8f-9011ebfd0240: Started
2025-04-23 14:36:53,463 [90a71c42-cf1a-4ac2-af8f-9011ebfd0240-EndpointStateMachineTaskThread-/0.0.0.0:15002-0 ] INFO  ratis.XceiverServerRatis (XceiverServerRatis.java:getRealPort(586)) - XceiverServerRatis(90a71c42-cf1a-4ac2-af8f-9011ebfd0240) is started using port RATIS=15029
2025-04-23 14:36:53,463 [90a71c42-cf1a-4ac2-af8f-9011ebfd0240-EndpointStateMachineTaskThread-/0.0.0.0:15002-0 ] INFO  ratis.XceiverServerRatis (XceiverServerRatis.java:getRealPort(586)) - XceiverServerRatis(90a71c42-cf1a-4ac2-af8f-9011ebfd0240) is started using port RATIS_ADMIN=15030
2025-04-23 14:36:53,463 [90a71c42-cf1a-4ac2-af8f-9011ebfd0240-EndpointStateMachineTaskThread-/0.0.0.0:15002-0 ] INFO  ratis.XceiverServerRatis (XceiverServerRatis.java:getRealPort(586)) - XceiverServerRatis(90a71c42-cf1a-4ac2-af8f-9011ebfd0240) is started using port RATIS_SERVER=15031
2025-04-23 14:36:53,463 [90a71c42-cf1a-4ac2-af8f-9011ebfd0240-EndpointStateMachineTaskThread-/0.0.0.0:15002-0 ] INFO  ratis.XceiverServerRatis (XceiverServerRatis.java:getRealPort(586)) - XceiverServerRatis(90a71c42-cf1a-4ac2-af8f-9011ebfd0240) is started using port RATIS_DATASTREAM=15032
2025-04-23 14:36:53,465 [90a71c42-cf1a-4ac2-af8f-9011ebfd0240-BlockDeletingService#0] INFO  interfaces.ContainerDeletionChoosingPolicyTemplate (ContainerDeletionChoosingPolicyTemplate.java:chooseContainerForBlockDeletion(83)) - Chosen 0/5000 blocks from 0 candidate containers.
2025-04-23 14:36:53,660 [2f27ff4a-e7fd-448a-86d2-53e05ca0039d-EndpointStateMachineTaskThread-/0.0.0.0:15002-0 ] INFO  utils.DatanodeStoreCache (DatanodeStoreCache.java:addDB(71)) - Added db /home/runner/work/ozone/ozone/hadoop-ozone/integration-test/target/test-dir/MiniOzoneClusterImpl-68853c07-42d2-4ef8-9e75-e3a852294e6a/ozone-meta/datanode-3/data-0/hdds/68853c07-42d2-4ef8-9e75-e3a852294e6a/DS-fdd33093-8307-4fea-bfee-513e9f878f91/container.db to cache
2025-04-23 14:36:53,661 [2f27ff4a-e7fd-448a-86d2-53e05ca0039d-EndpointStateMachineTaskThread-/0.0.0.0:15002-0 ] INFO  volume.HddsVolume (HddsVolume.java:createDbStore(510)) - SchemaV3 db is created and loaded at /home/runner/work/ozone/ozone/hadoop-ozone/integration-test/target/test-dir/MiniOzoneClusterImpl-68853c07-42d2-4ef8-9e75-e3a852294e6a/ozone-meta/datanode-3/data-0/hdds/68853c07-42d2-4ef8-9e75-e3a852294e6a/DS-fdd33093-8307-4fea-bfee-513e9f878f91/container.db for volume DS-fdd33093-8307-4fea-bfee-513e9f878f91
2025-04-23 14:36:53,664 [2f27ff4a-e7fd-448a-86d2-53e05ca0039d-ContainerReader-0] INFO  ozoneimpl.ContainerReader (ContainerReader.java:readVolume(144)) - Start to verify containers on volume /home/runner/work/ozone/ozone/hadoop-ozone/integration-test/target/test-dir/MiniOzoneClusterImpl-68853c07-42d2-4ef8-9e75-e3a852294e6a/ozone-meta/datanode-3/data-0/hdds
2025-04-23 14:36:53,664 [2f27ff4a-e7fd-448a-86d2-53e05ca0039d-ContainerReader-0] INFO  ozoneimpl.ContainerReader (ContainerReader.java:readVolume(174)) - Finish verifying containers on volume /home/runner/work/ozone/ozone/hadoop-ozone/integration-test/target/test-dir/MiniOzoneClusterImpl-68853c07-42d2-4ef8-9e75-e3a852294e6a/ozone-meta/datanode-3/data-0/hdds
2025-04-23 14:36:53,664 [2f27ff4a-e7fd-448a-86d2-53e05ca0039d-EndpointStateMachineTaskThread-/0.0.0.0:15002-0 ] INFO  ozoneimpl.OzoneContainer (OzoneContainer.java:buildContainerSet(364)) - Build ContainerSet costs 0s
2025-04-23 14:36:53,665 [2f27ff4a-e7fd-448a-86d2-53e05ca0039d-EndpointStateMachineTaskThread-/0.0.0.0:15002-0 ] INFO  volume.ThrottledAsyncChecker (ThrottledAsyncChecker.java:schedule(138)) - Scheduling a check for /home/runner/work/ozone/ozone/hadoop-ozone/integration-test/target/test-dir/MiniOzoneClusterImpl-68853c07-42d2-4ef8-9e75-e3a852294e6a/ozone-meta/datanode-3/data-0/hdds
2025-04-23 14:36:53,665 [2f27ff4a-e7fd-448a-86d2-53e05ca0039d-EndpointStateMachineTaskThread-/0.0.0.0:15002-0 ] INFO  volume.StorageVolumeChecker (StorageVolumeChecker.java:checkAllVolumes(215)) - Scheduled health check for volume /home/runner/work/ozone/ozone/hadoop-ozone/integration-test/target/test-dir/MiniOzoneClusterImpl-68853c07-42d2-4ef8-9e75-e3a852294e6a/ozone-meta/datanode-3/data-0/hdds
2025-04-23 14:36:53,669 [2f27ff4a-e7fd-448a-86d2-53e05ca0039d-EndpointStateMachineTaskThread-/0.0.0.0:15002-0 ] INFO  volume.ThrottledAsyncChecker (ThrottledAsyncChecker.java:schedule(138)) - Scheduling a check for /home/runner/work/ozone/ozone/hadoop-ozone/integration-test/target/test-dir/MiniOzoneClusterImpl-68853c07-42d2-4ef8-9e75-e3a852294e6a/ozone-meta/datanode-3/ratis
2025-04-23 14:36:53,669 [2f27ff4a-e7fd-448a-86d2-53e05ca0039d-EndpointStateMachineTaskThread-/0.0.0.0:15002-0 ] INFO  volume.StorageVolumeChecker (StorageVolumeChecker.java:checkAllVolumes(215)) - Scheduled health check for volume /home/runner/work/ozone/ozone/hadoop-ozone/integration-test/target/test-dir/MiniOzoneClusterImpl-68853c07-42d2-4ef8-9e75-e3a852294e6a/ozone-meta/datanode-3/ratis
2025-04-23 14:36:53,670 [2f27ff4a-e7fd-448a-86d2-53e05ca0039d-EndpointStateMachineTaskThread-/0.0.0.0:15002-0 ] INFO  ozoneimpl.OzoneContainer (OzoneContainer.java:start(512)) - Attempting to start container services.
2025-04-23 14:36:53,670 [2f27ff4a-e7fd-448a-86d2-53e05ca0039d-EndpointStateMachineTaskThread-/0.0.0.0:15002-0 ] WARN  ozoneimpl.OnDemandContainerDataScanner (OnDemandContainerDataScanner.java:init(74)) - Trying to initialize on demand scanner a second time on a datanode.
2025-04-23 14:36:53,670 [ContainerMetadataScanner] INFO  ozoneimpl.AbstractBackgroundContainerScanner (AbstractBackgroundContainerScanner.java:runIteration(89)) - Completed an iteration in 0 minutes. Number of iterations (since the data-node restart) : 1, Number of containers scanned in this iteration : 0, Number of unhealthy containers found in this iteration : 0
2025-04-23 14:36:53,671 [ContainerDataScanner(/home/runner/work/ozone/ozone/hadoop-ozone/integration-test/target/test-dir/MiniOzoneClusterImpl-68853c07-42d2-4ef8-9e75-e3a852294e6a/ozone-meta/datanode-3/data-0/hdds)] INFO  ozoneimpl.AbstractBackgroundContainerScanner (AbstractBackgroundContainerScanner.java:runIteration(89)) - Completed an iteration in 0 minutes. Number of iterations (since the data-node restart) : 1, Number of containers scanned in this iteration : 0, Number of unhealthy containers found in this iteration : 0
2025-04-23 14:36:53,671 [2f27ff4a-e7fd-448a-86d2-53e05ca0039d-EndpointStateMachineTaskThread-/0.0.0.0:15002-0 ] INFO  replication.ReplicationServer (ReplicationServer.java:start(137)) - ReplicationServer is started using port 15041
2025-04-23 14:36:53,672 [2f27ff4a-e7fd-448a-86d2-53e05ca0039d-EndpointStateMachineTaskThread-/0.0.0.0:15002-0 ] INFO  ratis.XceiverServerRatis (XceiverServerRatis.java:start(559)) - Starting XceiverServerRatis(2f27ff4a-e7fd-448a-86d2-53e05ca0039d)
2025-04-23 14:36:53,672 [2f27ff4a-e7fd-448a-86d2-53e05ca0039d-EndpointStateMachineTaskThread-/0.0.0.0:15002-0 ] INFO  server.RaftServer (RaftServerProxy.java:startImpl(407)) - 2f27ff4a-e7fd-448a-86d2-53e05ca0039d: start RPC server
2025-04-23 14:36:53,673 [2f27ff4a-e7fd-448a-86d2-53e05ca0039d-EndpointStateMachineTaskThread-/0.0.0.0:15002-0 ] INFO  server.GrpcService (GrpcService.java:startImpl(334)) - 2f27ff4a-e7fd-448a-86d2-53e05ca0039d: GrpcService started, listening on 15037
2025-04-23 14:36:53,673 [2f27ff4a-e7fd-448a-86d2-53e05ca0039d-EndpointStateMachineTaskThread-/0.0.0.0:15002-0 ] INFO  server.GrpcService (GrpcService.java:startImpl(334)) - 2f27ff4a-e7fd-448a-86d2-53e05ca0039d: GrpcService started, listening on 15039
2025-04-23 14:36:53,673 [2f27ff4a-e7fd-448a-86d2-53e05ca0039d-EndpointStateMachineTaskThread-/0.0.0.0:15002-0 ] INFO  server.GrpcService (GrpcService.java:startImpl(334)) - 2f27ff4a-e7fd-448a-86d2-53e05ca0039d: GrpcService started, listening on 15038
2025-04-23 14:36:53,674 [2f27ff4a-e7fd-448a-86d2-53e05ca0039d-EndpointStateMachineTaskThread-/0.0.0.0:15002-0 ] INFO  ratis.XceiverServerRatis (XceiverServerRatis.java:getRealPort(586)) - XceiverServerRatis(2f27ff4a-e7fd-448a-86d2-53e05ca0039d) is started using port RATIS=15037
2025-04-23 14:36:53,674 [2f27ff4a-e7fd-448a-86d2-53e05ca0039d-EndpointStateMachineTaskThread-/0.0.0.0:15002-0 ] INFO  ratis.XceiverServerRatis (XceiverServerRatis.java:getRealPort(586)) - XceiverServerRatis(2f27ff4a-e7fd-448a-86d2-53e05ca0039d) is started using port RATIS_ADMIN=15038
2025-04-23 14:36:53,674 [JvmPauseMonitor7] INFO  util.JvmPauseMonitor (JvmPauseMonitor.java:run(146)) - JvmPauseMonitor-2f27ff4a-e7fd-448a-86d2-53e05ca0039d: Started
2025-04-23 14:36:53,674 [2f27ff4a-e7fd-448a-86d2-53e05ca0039d-EndpointStateMachineTaskThread-/0.0.0.0:15002-0 ] INFO  ratis.XceiverServerRatis (XceiverServerRatis.java:getRealPort(586)) - XceiverServerRatis(2f27ff4a-e7fd-448a-86d2-53e05ca0039d) is started using port RATIS_SERVER=15039
2025-04-23 14:36:53,674 [2f27ff4a-e7fd-448a-86d2-53e05ca0039d-EndpointStateMachineTaskThread-/0.0.0.0:15002-0 ] INFO  ratis.XceiverServerRatis (XceiverServerRatis.java:getRealPort(586)) - XceiverServerRatis(2f27ff4a-e7fd-448a-86d2-53e05ca0039d) is started using port RATIS_DATASTREAM=15040
2025-04-23 14:36:53,675 [2f27ff4a-e7fd-448a-86d2-53e05ca0039d-BlockDeletingService#0] INFO  interfaces.ContainerDeletionChoosingPolicyTemplate (ContainerDeletionChoosingPolicyTemplate.java:chooseContainerForBlockDeletion(83)) - Chosen 0/5000 blocks from 0 candidate containers.
2025-04-23 14:36:53,709 [IPC Server handler 4 on default port 15002] INFO  net.NetworkTopologyImpl (NetworkTopologyImpl.java:add(133)) - Added a new node: /default-rack/b3e33d86-0447-4fd5-9cd5-f314a86cc755
2025-04-23 14:36:53,711 [IPC Server handler 4 on default port 15002] INFO  node.SCMNodeManager (SCMNodeManager.java:register(425)) - Registered datanode: b3e33d86-0447-4fd5-9cd5-f314a86cc755{ip: 127.0.0.1, host: localhost, ports: [HTTP=15018, CLIENT_RPC=15019, REPLICATION=15025, RATIS=15021, RATIS_ADMIN=15022, RATIS_SERVER=15023, RATIS_DATASTREAM=15024, STANDALONE=15020], networkLocation: /default-rack, certSerialId: null, persistedOpState: null, persistedOpStateExpiryEpochSec: 0}
2025-04-23 14:36:53,713 [EventQueue-NewNodeForNewNodeHandler] INFO  pipeline.BackgroundPipelineCreator (BackgroundPipelineCreator.java:notifyEventTriggered(291)) - trigger a one-shot run on RatisPipelineUtilsThread.
2025-04-23 14:36:53,714 [EventQueue-ContainerRegistrationReportForRatisContainerSafeModeRule] INFO  safemode.SCMSafeModeManager (SCMSafeModeManager.java:validateSafeModeExitRules(186)) - RatisContainerSafeModeRule rule is successfully validated
2025-04-23 14:36:53,714 [EventQueue-NodeRegistrationContainerReportForDataNodeSafeModeRule] INFO  safemode.SCMSafeModeManager (DataNodeSafeModeRule.java:process(79)) - SCM in safe mode. 1 DataNodes registered, 3 required.
2025-04-23 14:36:53,714 [EventQueue-PipelineReportForOneReplicaPipelineSafeModeRule] INFO  safemode.SCMSafeModeManager (SCMSafeModeManager.java:validateSafeModeExitRules(186)) - AtleastOneDatanodeReportedRule rule is successfully validated
2025-04-23 14:36:53,715 [EventQueue-ContainerRegistrationReportForECContainerSafeModeRule] INFO  safemode.SCMSafeModeManager (SCMSafeModeManager.java:validateSafeModeExitRules(186)) - ECContainerSafeModeRule rule is successfully validated
2025-04-23 14:36:53,718 [RatisPipelineUtilsThread-0] INFO  pipeline.RatisPipelineProvider (RatisPipelineProvider.java:lambda$create$0(208)) - Sending CreatePipelineCommand for pipeline:PipelineID=0f88f82f-72b1-46de-92bd-ba30d5ac7b91 to datanode:b3e33d86-0447-4fd5-9cd5-f314a86cc755(localhost/127.0.0.1)
2025-04-23 14:36:53,767 [e5540f2e-ddef-4dd5-b4fb-d1f335f047d8@group-E3A852294E6A-StateMachineUpdater] INFO  safemode.HealthyPipelineSafeModeRule (HealthyPipelineSafeModeRule.java:initializeRule(174)) - Refreshed total pipeline count is 0, healthy pipeline threshold count is 1
2025-04-23 14:36:53,770 [RatisPipelineUtilsThread-0] INFO  pipeline.BackgroundPipelineCreator (BackgroundPipelineCreator.java:createPipelines(247)) - Created new pipeline Pipeline{ Id: 0f88f82f-72b1-46de-92bd-ba30d5ac7b91, Nodes: [ {b3e33d86-0447-4fd5-9cd5-f314a86cc755(localhost/127.0.0.1), ReplicaIndex: 0},], ReplicationConfig: RATIS/ONE, State:ALLOCATED, leaderId:, CreationTimestamp2025-04-23T14:36:53.718094796Z[Etc/UTC]}
2025-04-23 14:36:53,919 [IPC Server handler 0 on default port 15002] INFO  net.NetworkTopologyImpl (NetworkTopologyImpl.java:add(133)) - Added a new node: /default-rack/90a71c42-cf1a-4ac2-af8f-9011ebfd0240
2025-04-23 14:36:53,919 [IPC Server handler 0 on default port 15002] INFO  node.SCMNodeManager (SCMNodeManager.java:register(425)) - Registered datanode: 90a71c42-cf1a-4ac2-af8f-9011ebfd0240{ip: 127.0.0.1, host: localhost, ports: [HTTP=15026, CLIENT_RPC=15027, REPLICATION=15033, RATIS=15029, RATIS_ADMIN=15030, RATIS_SERVER=15031, RATIS_DATASTREAM=15032, STANDALONE=15028], networkLocation: /default-rack, certSerialId: null, persistedOpState: null, persistedOpStateExpiryEpochSec: 0}
2025-04-23 14:36:53,920 [EventQueue-NodeRegistrationContainerReportForDataNodeSafeModeRule] INFO  safemode.SCMSafeModeManager (DataNodeSafeModeRule.java:process(79)) - SCM in safe mode. 2 DataNodes registered, 3 required.
2025-04-23 14:36:53,920 [EventQueue-NewNodeForNewNodeHandler] INFO  pipeline.BackgroundPipelineCreator (BackgroundPipelineCreator.java:notifyEventTriggered(291)) - trigger a one-shot run on RatisPipelineUtilsThread.
2025-04-23 14:36:53,921 [RatisPipelineUtilsThread-0] INFO  pipeline.RatisPipelineProvider (RatisPipelineProvider.java:lambda$create$0(208)) - Sending CreatePipelineCommand for pipeline:PipelineID=e7abf475-323f-46af-869c-cdae406581e4 to datanode:90a71c42-cf1a-4ac2-af8f-9011ebfd0240(localhost/127.0.0.1)
2025-04-23 14:36:53,923 [e5540f2e-ddef-4dd5-b4fb-d1f335f047d8@group-E3A852294E6A-StateMachineUpdater] INFO  safemode.HealthyPipelineSafeModeRule (HealthyPipelineSafeModeRule.java:initializeRule(174)) - Refreshed total pipeline count is 0, healthy pipeline threshold count is 1
2025-04-23 14:36:53,924 [RatisPipelineUtilsThread-0] INFO  pipeline.BackgroundPipelineCreator (BackgroundPipelineCreator.java:createPipelines(247)) - Created new pipeline Pipeline{ Id: e7abf475-323f-46af-869c-cdae406581e4, Nodes: [ {90a71c42-cf1a-4ac2-af8f-9011ebfd0240(localhost/127.0.0.1), ReplicaIndex: 0},], ReplicationConfig: RATIS/ONE, State:ALLOCATED, leaderId:, CreationTimestamp2025-04-23T14:36:53.921045422Z[Etc/UTC]}
2025-04-23 14:36:54,126 [IPC Server handler 2 on default port 15002] INFO  net.NetworkTopologyImpl (NetworkTopologyImpl.java:add(133)) - Added a new node: /default-rack/2f27ff4a-e7fd-448a-86d2-53e05ca0039d
2025-04-23 14:36:54,126 [IPC Server handler 2 on default port 15002] INFO  node.SCMNodeManager (SCMNodeManager.java:register(425)) - Registered datanode: 2f27ff4a-e7fd-448a-86d2-53e05ca0039d{ip: 127.0.0.1, host: localhost, ports: [HTTP=15034, CLIENT_RPC=15035, REPLICATION=15041, RATIS=15037, RATIS_ADMIN=15038, RATIS_SERVER=15039, RATIS_DATASTREAM=15040, STANDALONE=15036], networkLocation: /default-rack, certSerialId: null, persistedOpState: null, persistedOpStateExpiryEpochSec: 0}
2025-04-23 14:36:54,127 [EventQueue-NodeRegistrationContainerReportForDataNodeSafeModeRule] INFO  safemode.SCMSafeModeManager (DataNodeSafeModeRule.java:process(79)) - SCM in safe mode. 3 DataNodes registered, 3 required.
2025-04-23 14:36:54,127 [EventQueue-NodeRegistrationContainerReportForDataNodeSafeModeRule] INFO  safemode.SCMSafeModeManager (SCMSafeModeManager.java:validateSafeModeExitRules(186)) - DataNodeSafeModeRule rule is successfully validated
2025-04-23 14:36:54,127 [EventQueue-NodeRegistrationContainerReportForDataNodeSafeModeRule] INFO  safemode.SCMSafeModeManager (SCMSafeModeManager.java:completePreCheck(215)) - All SCM safe mode pre check rules have passed
2025-04-23 14:36:54,127 [EventQueue-NodeRegistrationContainerReportForDataNodeSafeModeRule] INFO  ha.SCMContext (SCMContext.java:updateSafeModeStatus(224)) - Update SafeModeStatus from SafeModeStatus{safeModeStatus=true, preCheckPassed=false} to SafeModeStatus{safeModeStatus=true, preCheckPassed=true}.
2025-04-23 14:36:54,127 [EventQueue-NewNodeForNewNodeHandler] INFO  pipeline.BackgroundPipelineCreator (BackgroundPipelineCreator.java:notifyEventTriggered(291)) - trigger a one-shot run on RatisPipelineUtilsThread.
2025-04-23 14:36:54,128 [EventQueue-NodeRegistrationContainerReportForDataNodeSafeModeRule] INFO  pipeline.BackgroundPipelineCreator (BackgroundPipelineCreator.java:notifyEventTriggered(291)) - trigger a one-shot run on RatisPipelineUtilsThread.
2025-04-23 14:36:54,128 [RatisPipelineUtilsThread-0] INFO  pipeline.RatisPipelineProvider (RatisPipelineProvider.java:lambda$create$0(208)) - Sending CreatePipelineCommand for pipeline:PipelineID=a2762648-95f5-47e7-8655-96e6188af822 to datanode:2f27ff4a-e7fd-448a-86d2-53e05ca0039d(localhost/127.0.0.1)
2025-04-23 14:36:54,129 [main] INFO  ozone.MiniOzoneClusterImpl (MiniOzoneClusterImpl.java:lambda$waitForClusterToBeReady$0(190)) - Nodes are ready. Got 3 of 3 DN Heartbeats.
2025-04-23 14:36:54,129 [main] INFO  ozone.MiniOzoneClusterImpl (MiniOzoneClusterImpl.java:lambda$waitForClusterToBeReady$0(193)) - Waiting for cluster to exit safe mode
2025-04-23 14:36:54,129 [main] INFO  ozone.MiniOzoneClusterImpl (MiniOzoneClusterImpl.java:lambda$waitForClusterToBeReady$0(195)) - SCM became leader
2025-04-23 14:36:54,131 [e5540f2e-ddef-4dd5-b4fb-d1f335f047d8@group-E3A852294E6A-StateMachineUpdater] INFO  safemode.HealthyPipelineSafeModeRule (HealthyPipelineSafeModeRule.java:initializeRule(174)) - Refreshed total pipeline count is 0, healthy pipeline threshold count is 1
2025-04-23 14:36:54,132 [RatisPipelineUtilsThread-0] INFO  pipeline.BackgroundPipelineCreator (BackgroundPipelineCreator.java:createPipelines(247)) - Created new pipeline Pipeline{ Id: a2762648-95f5-47e7-8655-96e6188af822, Nodes: [ {2f27ff4a-e7fd-448a-86d2-53e05ca0039d(localhost/127.0.0.1), ReplicaIndex: 0},], ReplicationConfig: RATIS/ONE, State:ALLOCATED, leaderId:, CreationTimestamp2025-04-23T14:36:54.128611291Z[Etc/UTC]}
2025-04-23 14:36:54,135 [RatisPipelineUtilsThread-0] INFO  pipeline.RatisPipelineProvider (RatisPipelineProvider.java:lambda$create$0(208)) - Sending CreatePipelineCommand for pipeline:PipelineID=b788c4d6-5c0b-4081-87b5-08615c97f66e to datanode:90a71c42-cf1a-4ac2-af8f-9011ebfd0240(localhost/127.0.0.1)
2025-04-23 14:36:54,135 [RatisPipelineUtilsThread-0] INFO  pipeline.RatisPipelineProvider (RatisPipelineProvider.java:lambda$create$0(208)) - Sending CreatePipelineCommand for pipeline:PipelineID=b788c4d6-5c0b-4081-87b5-08615c97f66e to datanode:2f27ff4a-e7fd-448a-86d2-53e05ca0039d(localhost/127.0.0.1)
2025-04-23 14:36:54,135 [RatisPipelineUtilsThread-0] INFO  pipeline.RatisPipelineProvider (RatisPipelineProvider.java:lambda$create$0(208)) - Sending CreatePipelineCommand for pipeline:PipelineID=b788c4d6-5c0b-4081-87b5-08615c97f66e to datanode:b3e33d86-0447-4fd5-9cd5-f314a86cc755(localhost/127.0.0.1)
2025-04-23 14:36:54,138 [e5540f2e-ddef-4dd5-b4fb-d1f335f047d8@group-E3A852294E6A-StateMachineUpdater] INFO  safemode.HealthyPipelineSafeModeRule (HealthyPipelineSafeModeRule.java:initializeRule(174)) - Refreshed total pipeline count is 0, healthy pipeline threshold count is 1
2025-04-23 14:36:54,138 [RatisPipelineUtilsThread-0] INFO  pipeline.BackgroundPipelineCreator (BackgroundPipelineCreator.java:createPipelines(247)) - Created new pipeline Pipeline{ Id: b788c4d6-5c0b-4081-87b5-08615c97f66e, Nodes: [ {90a71c42-cf1a-4ac2-af8f-9011ebfd0240(localhost/127.0.0.1), ReplicaIndex: 0}, {2f27ff4a-e7fd-448a-86d2-53e05ca0039d(localhost/127.0.0.1), ReplicaIndex: 0}, {b3e33d86-0447-4fd5-9cd5-f314a86cc755(localhost/127.0.0.1), ReplicaIndex: 0},], ReplicationConfig: RATIS/THREE, State:ALLOCATED, leaderId:, CreationTimestamp2025-04-23T14:36:54.135067057Z[Etc/UTC]}
2025-04-23 14:36:54,139 [RatisPipelineUtilsThread-0] INFO  pipeline.RatisPipelineProvider (RatisPipelineProvider.java:lambda$create$0(208)) - Sending CreatePipelineCommand for pipeline:PipelineID=b2345045-09bf-4935-b2ff-85496f183443 to datanode:b3e33d86-0447-4fd5-9cd5-f314a86cc755(localhost/127.0.0.1)
2025-04-23 14:36:54,139 [RatisPipelineUtilsThread-0] INFO  pipeline.RatisPipelineProvider (RatisPipelineProvider.java:lambda$create$0(208)) - Sending CreatePipelineCommand for pipeline:PipelineID=b2345045-09bf-4935-b2ff-85496f183443 to datanode:90a71c42-cf1a-4ac2-af8f-9011ebfd0240(localhost/127.0.0.1)
2025-04-23 14:36:54,139 [RatisPipelineUtilsThread-0] INFO  pipeline.RatisPipelineProvider (RatisPipelineProvider.java:lambda$create$0(208)) - Sending CreatePipelineCommand for pipeline:PipelineID=b2345045-09bf-4935-b2ff-85496f183443 to datanode:2f27ff4a-e7fd-448a-86d2-53e05ca0039d(localhost/127.0.0.1)
2025-04-23 14:36:54,142 [e5540f2e-ddef-4dd5-b4fb-d1f335f047d8@group-E3A852294E6A-StateMachineUpdater] INFO  safemode.HealthyPipelineSafeModeRule (HealthyPipelineSafeModeRule.java:initializeRule(174)) - Refreshed total pipeline count is 0, healthy pipeline threshold count is 1
2025-04-23 14:36:54,143 [RatisPipelineUtilsThread-0] INFO  pipeline.PipelineManagerImpl (PipelineManagerImpl.java:recordMetricsForPipeline(921)) - Pipeline: PipelineID=b2345045-09bf-4935-b2ff-85496f183443 contains same datanodes as previous pipelines: PipelineID=b788c4d6-5c0b-4081-87b5-08615c97f66e nodeIds: b3e33d86-0447-4fd5-9cd5-f314a86cc755, 90a71c42-cf1a-4ac2-af8f-9011ebfd0240, 2f27ff4a-e7fd-448a-86d2-53e05ca0039d
2025-04-23 14:36:54,143 [RatisPipelineUtilsThread-0] INFO  pipeline.BackgroundPipelineCreator (BackgroundPipelineCreator.java:createPipelines(247)) - Created new pipeline Pipeline{ Id: b2345045-09bf-4935-b2ff-85496f183443, Nodes: [ {b3e33d86-0447-4fd5-9cd5-f314a86cc755(localhost/127.0.0.1), ReplicaIndex: 0}, {90a71c42-cf1a-4ac2-af8f-9011ebfd0240(localhost/127.0.0.1), ReplicaIndex: 0}, {2f27ff4a-e7fd-448a-86d2-53e05ca0039d(localhost/127.0.0.1), ReplicaIndex: 0},], ReplicationConfig: RATIS/THREE, State:ALLOCATED, leaderId:, CreationTimestamp2025-04-23T14:36:54.139363348Z[Etc/UTC]}
2025-04-23 14:36:55,129 [main] INFO  ozone.MiniOzoneClusterImpl (MiniOzoneClusterImpl.java:lambda$waitForClusterToBeReady$0(190)) - Nodes are ready. Got 3 of 3 DN Heartbeats.
2025-04-23 14:36:55,129 [main] INFO  ozone.MiniOzoneClusterImpl (MiniOzoneClusterImpl.java:lambda$waitForClusterToBeReady$0(193)) - Waiting for cluster to exit safe mode
2025-04-23 14:36:55,130 [main] INFO  ozone.MiniOzoneClusterImpl (MiniOzoneClusterImpl.java:lambda$waitForClusterToBeReady$0(195)) - SCM became leader
2025-04-23 14:36:56,130 [main] INFO  ozone.MiniOzoneClusterImpl (MiniOzoneClusterImpl.java:lambda$waitForClusterToBeReady$0(190)) - Nodes are ready. Got 3 of 3 DN Heartbeats.
2025-04-23 14:36:56,130 [main] INFO  ozone.MiniOzoneClusterImpl (MiniOzoneClusterImpl.java:lambda$waitForClusterToBeReady$0(193)) - Waiting for cluster to exit safe mode
2025-04-23 14:36:56,130 [main] INFO  ozone.MiniOzoneClusterImpl (MiniOzoneClusterImpl.java:lambda$waitForClusterToBeReady$0(195)) - SCM became leader
2025-04-23 14:36:56,197 [b3e33d86-0447-4fd5-9cd5-f314a86cc755-PipelineCommandHandlerThread-0] INFO  server.RaftServer (RaftServerProxy.java:addNew(100)) - b3e33d86-0447-4fd5-9cd5-f314a86cc755: addNew group-BA30D5AC7B91:[b3e33d86-0447-4fd5-9cd5-f314a86cc755|127.0.0.1:15023] returns group-BA30D5AC7B91:java.util.concurrent.CompletableFuture@5e3506bd[Not completed]
2025-04-23 14:36:56,204 [b3e33d86-0447-4fd5-9cd5-f314a86cc755-groupManagement] INFO  server.RaftServer$Division (RaftServerImpl.java:<init>(255)) - b3e33d86-0447-4fd5-9cd5-f314a86cc755: new RaftServerImpl for group-BA30D5AC7B91:[b3e33d86-0447-4fd5-9cd5-f314a86cc755|127.0.0.1:15023] with ContainerStateMachine:uninitialized
2025-04-23 14:36:56,204 [b3e33d86-0447-4fd5-9cd5-f314a86cc755-groupManagement] INFO  server.RaftServerConfigKeys (ConfUtils.java:logGet(46)) - raft.server.rpc.timeout.min = 5s (custom)
2025-04-23 14:36:56,204 [b3e33d86-0447-4fd5-9cd5-f314a86cc755-groupManagement] INFO  server.RaftServerConfigKeys (ConfUtils.java:logGet(46)) - raft.server.rpc.timeout.max = 5200ms (custom)
2025-04-23 14:36:56,204 [b3e33d86-0447-4fd5-9cd5-f314a86cc755-groupManagement] INFO  server.RaftServerConfigKeys (ConfUtils.java:logGet(46)) - raft.server.rpc.sleep.time = 25ms (default)
2025-04-23 14:36:56,204 [b3e33d86-0447-4fd5-9cd5-f314a86cc755-groupManagement] INFO  server.RaftServerConfigKeys (ConfUtils.java:logGet(46)) - raft.server.rpc.slowness.timeout = 300s (custom)
2025-04-23 14:36:56,204 [b3e33d86-0447-4fd5-9cd5-f314a86cc755-groupManagement] INFO  server.RaftServerConfigKeys (ConfUtils.java:logGet(46)) - raft.server.leaderelection.leader.step-down.wait-time = 10s (default)
2025-04-23 14:36:56,204 [b3e33d86-0447-4fd5-9cd5-f314a86cc755-groupManagement] INFO  server.RaftServerConfigKeys (ConfUtils.java:logGet(46)) - raft.server.leaderelection.member.majority-add = false (default)
2025-04-23 14:36:56,204 [b3e33d86-0447-4fd5-9cd5-f314a86cc755-groupManagement] INFO  server.RaftServerConfigKeys (ConfUtils.java:logGet(46)) - raft.server.sleep.deviation.threshold = 300ms (default)
2025-04-23 14:36:56,204 [b3e33d86-0447-4fd5-9cd5-f314a86cc755-groupManagement] INFO  server.RaftServer$Division (ServerState.java:<init>(114)) - b3e33d86-0447-4fd5-9cd5-f314a86cc755@group-BA30D5AC7B91: ConfigurationManager, init=conf: {index: -1, cur=peers:[b3e33d86-0447-4fd5-9cd5-f314a86cc755|127.0.0.1:15023]|listeners:[], old=null}, confs=<EMPTY_MAP>
2025-04-23 14:36:56,204 [b3e33d86-0447-4fd5-9cd5-f314a86cc755-groupManagement] INFO  server.RaftServerConfigKeys (ConfUtils.java:logGet(46)) - raft.server.notification.no-leader.timeout = 300s (custom)
2025-04-23 14:36:56,204 [b3e33d86-0447-4fd5-9cd5-f314a86cc755-groupManagement] INFO  server.RaftServerConfigKeys (ConfUtils.java:logGet(46)) - raft.server.read.timeout = 10s (default)
2025-04-23 14:36:56,205 [b3e33d86-0447-4fd5-9cd5-f314a86cc755-groupManagement] INFO  server.RaftServerConfigKeys (ConfUtils.java:logGet(46)) - raft.server.retrycache.expirytime = 600000ms (custom)
2025-04-23 14:36:56,205 [b3e33d86-0447-4fd5-9cd5-f314a86cc755-groupManagement] INFO  server.RaftServerConfigKeys (ConfUtils.java:logGet(46)) - raft.server.retrycache.statistics.expirytime = 100ms (default)
2025-04-23 14:36:56,205 [b3e33d86-0447-4fd5-9cd5-f314a86cc755-groupManagement] INFO  server.RaftServerConfigKeys (ConfUtils.java:logGet(46)) - raft.server.read.option = DEFAULT (default)
2025-04-23 14:36:56,205 [b3e33d86-0447-4fd5-9cd5-f314a86cc755-groupManagement] INFO  server.RaftServerConfigKeys (ConfUtils.java:logGet(46)) - raft.server.read.read-after-write-consistent.write-index-cache.expiry-time = 60s (default)
2025-04-23 14:36:56,209 [b3e33d86-0447-4fd5-9cd5-f314a86cc755-groupManagement] INFO  server.RaftServerConfigKeys (ConfUtils.java:logGet(46)) - raft.server.rpc.request.timeout = 60s (custom)
2025-04-23 14:36:56,209 [b3e33d86-0447-4fd5-9cd5-f314a86cc755-groupManagement] INFO  server.RaftServerConfigKeys (ConfUtils.java:logGet(46)) - raft.server.log.appender.install.snapshot.enabled = false (custom)
2025-04-23 14:36:56,209 [b3e33d86-0447-4fd5-9cd5-f314a86cc755-groupManagement] INFO  server.RaftServerConfigKeys (ConfUtils.java:logGet(46)) - raft.server.threadpool.server.cached = true (default)
2025-04-23 14:36:56,209 [b3e33d86-0447-4fd5-9cd5-f314a86cc755-groupManagement] INFO  server.RaftServerConfigKeys (ConfUtils.java:logGet(46)) - raft.server.threadpool.server.size = 0 (default)
2025-04-23 14:36:56,209 [b3e33d86-0447-4fd5-9cd5-f314a86cc755-groupManagement] INFO  server.RaftServerConfigKeys (ConfUtils.java:logGet(46)) - raft.server.threadpool.client.cached = true (default)
2025-04-23 14:36:56,209 [b3e33d86-0447-4fd5-9cd5-f314a86cc755-groupManagement] INFO  server.RaftServerConfigKeys (ConfUtils.java:logGet(46)) - raft.server.threadpool.client.size = 0 (default)
2025-04-23 14:36:56,209 [b3e33d86-0447-4fd5-9cd5-f314a86cc755-groupManagement] INFO  server.RaftServerConfigKeys (ConfUtils.java:logGet(46)) - raft.server.storage.free-space.min = 0MB (=0) (default)
2025-04-23 14:36:56,209 [b3e33d86-0447-4fd5-9cd5-f314a86cc755-groupManagement] INFO  server.RaftServerConfigKeys (ConfUtils.java:logGet(46)) - raft.server.log.corruption.policy = EXCEPTION (default)
2025-04-23 14:36:56,210 [b3e33d86-0447-4fd5-9cd5-f314a86cc755-groupManagement] INFO  server.RaftServerConfigKeys (ConfUtils.java:logGet(46)) - raft.server.storage.dir = [/home/runner/work/ozone/ozone/hadoop-ozone/integration-test/target/test-dir/MiniOzoneClusterImpl-68853c07-42d2-4ef8-9e75-e3a852294e6a/ozone-meta/datanode-1/ratis] (custom)
2025-04-23 14:36:56,210 [b3e33d86-0447-4fd5-9cd5-f314a86cc755-groupManagement] INFO  storage.RaftStorageDirectory (RaftStorageDirectoryImpl.java:analyzeStorage(138)) - The storage directory /home/runner/work/ozone/ozone/hadoop-ozone/integration-test/target/test-dir/MiniOzoneClusterImpl-68853c07-42d2-4ef8-9e75-e3a852294e6a/ozone-meta/datanode-1/ratis/0f88f82f-72b1-46de-92bd-ba30d5ac7b91 does not exist. Creating ...
2025-04-23 14:36:56,211 [b3e33d86-0447-4fd5-9cd5-f314a86cc755-groupManagement] INFO  storage.RaftStorageDirectory (RaftStorageDirectoryImpl.java:tryLock(229)) - Lock on /home/runner/work/ozone/ozone/hadoop-ozone/integration-test/target/test-dir/MiniOzoneClusterImpl-68853c07-42d2-4ef8-9e75-e3a852294e6a/ozone-meta/datanode-1/ratis/0f88f82f-72b1-46de-92bd-ba30d5ac7b91/in_use.lock acquired by nodename 129558@fv-az1120-822
2025-04-23 14:36:56,213 [b3e33d86-0447-4fd5-9cd5-f314a86cc755-groupManagement] INFO  storage.RaftStorage (RaftStorageImpl.java:format(98)) - Storage directory /home/runner/work/ozone/ozone/hadoop-ozone/integration-test/target/test-dir/MiniOzoneClusterImpl-68853c07-42d2-4ef8-9e75-e3a852294e6a/ozone-meta/datanode-1/ratis/0f88f82f-72b1-46de-92bd-ba30d5ac7b91 has been successfully formatted.
2025-04-23 14:36:56,215 [b3e33d86-0447-4fd5-9cd5-f314a86cc755-groupManagement] INFO  ratis.ContainerStateMachine (ContainerStateMachine.java:initialize(339)) - b3e33d86-0447-4fd5-9cd5-f314a86cc755: initialize group-BA30D5AC7B91
2025-04-23 14:36:56,215 [b3e33d86-0447-4fd5-9cd5-f314a86cc755-groupManagement] INFO  ratis.ContainerStateMachine (ContainerStateMachine.java:loadSnapshot(347)) - group-BA30D5AC7B91: The snapshot info is null. Setting the last applied index to:(t:0, i:~)
2025-04-23 14:36:56,215 [b3e33d86-0447-4fd5-9cd5-f314a86cc755-groupManagement] INFO  server.RaftServerConfigKeys (ConfUtils.java:logGet(46)) - raft.server.log.use.memory = false (default)
2025-04-23 14:36:56,216 [b3e33d86-0447-4fd5-9cd5-f314a86cc755-groupManagement] INFO  server.RaftServerConfigKeys (ConfUtils.java:logGet(46)) - raft.server.log.purge.gap = 1000000 (custom)
2025-04-23 14:36:56,216 [b3e33d86-0447-4fd5-9cd5-f314a86cc755-groupManagement] INFO  server.RaftServerConfigKeys (ConfUtils.java:logGet(46)) - raft.server.log.appender.buffer.byte-limit = 33554432 (custom)
2025-04-23 14:36:56,216 [b3e33d86-0447-4fd5-9cd5-f314a86cc755-groupManagement] INFO  server.RaftServerConfigKeys (ConfUtils.java:logGet(46)) - raft.server.log.statemachine.data.read.timeout = 1000ms (default)
2025-04-23 14:36:56,216 [b3e33d86-0447-4fd5-9cd5-f314a86cc755-groupManagement] INFO  server.RaftServerConfigKeys (ConfUtils.java:logGet(46)) - raft.server.log.purge.preservation.log.num = 0 (default)
2025-04-23 14:36:56,218 [b3e33d86-0447-4fd5-9cd5-f314a86cc755-groupManagement] INFO  server.RaftServerConfigKeys (ConfUtils.java:logGet(46)) - raft.server.log.segment.size.max = 67108864 (custom)
2025-04-23 14:36:56,219 [b3e33d86-0447-4fd5-9cd5-f314a86cc755-groupManagement] INFO  server.RaftServerConfigKeys (ConfUtils.java:logGet(46)) - raft.server.log.segment.cache.num.max = 2 (custom)
2025-04-23 14:36:56,219 [b3e33d86-0447-4fd5-9cd5-f314a86cc755-groupManagement] INFO  server.RaftServerConfigKeys (ConfUtils.java:logGet(46)) - raft.server.log.segment.cache.size.max = 200MB (=209715200) (default)
2025-04-23 14:36:56,219 [b3e33d86-0447-4fd5-9cd5-f314a86cc755-groupManagement] INFO  server.RaftServerConfigKeys (ConfUtils.java:logGet(46)) - raft.server.log.appender.buffer.byte-limit = 33554432 (custom)
2025-04-23 14:36:56,219 [b3e33d86-0447-4fd5-9cd5-f314a86cc755-groupManagement] INFO  util.AwaitToRun (AwaitToRun.java:start(81)) - Thread[#920,b3e33d86-0447-4fd5-9cd5-f314a86cc755@group-BA30D5AC7B91-cacheEviction-AwaitToRun,5,main] started
2025-04-23 14:36:56,219 [b3e33d86-0447-4fd5-9cd5-f314a86cc755-groupManagement] INFO  segmented.SegmentedRaftLogWorker (SegmentedRaftLogWorker.java:<init>(188)) - new b3e33d86-0447-4fd5-9cd5-f314a86cc755@group-BA30D5AC7B91-SegmentedRaftLogWorker for RaftStorageImpl:Storage Directory /home/runner/work/ozone/ozone/hadoop-ozone/integration-test/target/test-dir/MiniOzoneClusterImpl-68853c07-42d2-4ef8-9e75-e3a852294e6a/ozone-meta/datanode-1/ratis/0f88f82f-72b1-46de-92bd-ba30d5ac7b91
2025-04-23 14:36:56,219 [b3e33d86-0447-4fd5-9cd5-f314a86cc755-groupManagement] INFO  server.RaftServerConfigKeys (ConfUtils.java:logGet(46)) - raft.server.log.queue.byte-limit = 4294967296 (custom)
2025-04-23 14:36:56,219 [b3e33d86-0447-4fd5-9cd5-f314a86cc755-groupManagement] INFO  server.RaftServerConfigKeys (ConfUtils.java:logGet(46)) - raft.server.log.queue.element-limit = 1024 (custom)
2025-04-23 14:36:56,219 [b3e33d86-0447-4fd5-9cd5-f314a86cc755-groupManagement] INFO  server.RaftServerConfigKeys (ConfUtils.java:logGet(46)) - raft.server.log.segment.size.max = 67108864 (custom)
2025-04-23 14:36:56,219 [b3e33d86-0447-4fd5-9cd5-f314a86cc755-groupManagement] INFO  server.RaftServerConfigKeys (ConfUtils.java:logGet(46)) - raft.server.log.preallocated.size = 4194304 (custom)
2025-04-23 14:36:56,220 [b3e33d86-0447-4fd5-9cd5-f314a86cc755-groupManagement] INFO  server.RaftServerConfigKeys (ConfUtils.java:logGet(46)) - raft.server.log.force.sync.num = 128 (default)
2025-04-23 14:36:56,220 [b3e33d86-0447-4fd5-9cd5-f314a86cc755-groupManagement] INFO  server.RaftServerConfigKeys (ConfUtils.java:logGet(46)) - raft.server.log.statemachine.data.sync = true (default)
2025-04-23 14:36:56,220 [b3e33d86-0447-4fd5-9cd5-f314a86cc755-groupManagement] INFO  server.RaftServerConfigKeys (ConfUtils.java:logGet(46)) - raft.server.log.statemachine.data.sync.timeout = 10s (default)
2025-04-23 14:36:56,220 [b3e33d86-0447-4fd5-9cd5-f314a86cc755-groupManagement] INFO  server.RaftServerConfigKeys (ConfUtils.java:logGet(46)) - raft.server.log.statemachine.data.sync.timeout.retry = 30 (custom)
2025-04-23 14:36:56,220 [b3e33d86-0447-4fd5-9cd5-f314a86cc755-groupManagement] INFO  server.RaftServerConfigKeys (ConfUtils.java:logGet(46)) - raft.server.log.write.buffer.size = 33554440 (custom)
2025-04-23 14:36:56,225 [b3e33d86-0447-4fd5-9cd5-f314a86cc755-groupManagement] INFO  server.RaftServerConfigKeys (ConfUtils.java:logGet(46)) - raft.server.log.appender.buffer.byte-limit = 33554432 (custom)
2025-04-23 14:36:56,225 [b3e33d86-0447-4fd5-9cd5-f314a86cc755-groupManagement] INFO  server.RaftServerConfigKeys (ConfUtils.java:logGet(46)) - raft.server.log.unsafe-flush.enabled = false (default)
2025-04-23 14:36:56,225 [b3e33d86-0447-4fd5-9cd5-f314a86cc755-groupManagement] INFO  server.RaftServerConfigKeys (ConfUtils.java:logGet(46)) - raft.server.log.async-flush.enabled = false (default)
2025-04-23 14:36:56,225 [b3e33d86-0447-4fd5-9cd5-f314a86cc755-groupManagement] INFO  server.RaftServerConfigKeys (ConfUtils.java:logGet(46)) - raft.server.log.statemachine.data.caching.enabled = true (custom)
2025-04-23 14:36:56,226 [b3e33d86-0447-4fd5-9cd5-f314a86cc755-groupManagement] INFO  segmented.SegmentedRaftLogWorker (SegmentedRaftLogWorker.java:lambda$new$0(139)) - b3e33d86-0447-4fd5-9cd5-f314a86cc755@group-BA30D5AC7B91-SegmentedRaftLogWorker: flushIndex: setUnconditionally 0 -> -1
2025-04-23 14:36:56,226 [b3e33d86-0447-4fd5-9cd5-f314a86cc755-groupManagement] INFO  segmented.SegmentedRaftLogWorker (SegmentedRaftLogWorker.java:lambda$new$0(139)) - b3e33d86-0447-4fd5-9cd5-f314a86cc755@group-BA30D5AC7B91-SegmentedRaftLogWorker: safeCacheEvictIndex: setUnconditionally 0 -> -1
2025-04-23 14:36:56,226 [b3e33d86-0447-4fd5-9cd5-f314a86cc755-groupManagement] INFO  server.RaftServer$Division (RaftServerImpl.java:start(391)) - b3e33d86-0447-4fd5-9cd5-f314a86cc755@group-BA30D5AC7B91: start as a follower, conf=conf: {index: -1, cur=peers:[b3e33d86-0447-4fd5-9cd5-f314a86cc755|127.0.0.1:15023]|listeners:[], old=null}
2025-04-23 14:36:56,226 [b3e33d86-0447-4fd5-9cd5-f314a86cc755-groupManagement] INFO  server.RaftServer$Division (RaftServerImpl.java:setRole(378)) - b3e33d86-0447-4fd5-9cd5-f314a86cc755@group-BA30D5AC7B91: changes role from      null to FOLLOWER at term 0 for startAsFollower
2025-04-23 14:36:56,226 [b3e33d86-0447-4fd5-9cd5-f314a86cc755-groupManagement] INFO  impl.RoleInfo (RoleInfo.java:updateAndGet(148)) - b3e33d86-0447-4fd5-9cd5-f314a86cc755: start b3e33d86-0447-4fd5-9cd5-f314a86cc755@group-BA30D5AC7B91-FollowerState
2025-04-23 14:36:56,227 [b3e33d86-0447-4fd5-9cd5-f314a86cc755@group-BA30D5AC7B91-FollowerState] INFO  server.RaftServerConfigKeys (ConfUtils.java:logGet(46)) - raft.server.rpc.first-election.timeout.min = 1000ms (custom)
2025-04-23 14:36:56,227 [b3e33d86-0447-4fd5-9cd5-f314a86cc755@group-BA30D5AC7B91-FollowerState] INFO  server.RaftServerConfigKeys (ConfUtils.java:logGet(46)) - raft.server.rpc.first-election.timeout.max = 1200ms (custom)
2025-04-23 14:36:56,227 [b3e33d86-0447-4fd5-9cd5-f314a86cc755-groupManagement] INFO  util.JmxRegister (JmxRegister.java:tryRegister(44)) - Successfully registered JMX Bean with object name Ratis:service=RaftServer,group=group-BA30D5AC7B91,id=b3e33d86-0447-4fd5-9cd5-f314a86cc755
2025-04-23 14:36:56,227 [b3e33d86-0447-4fd5-9cd5-f314a86cc755-groupManagement] INFO  util.JmxRegister (JmxRegister.java:register(58)) - register mxBean class org.apache.ratis.server.impl.RaftServerJmxAdapter as Ratis:service=RaftServer,group=group-BA30D5AC7B91,id=b3e33d86-0447-4fd5-9cd5-f314a86cc755
2025-04-23 14:36:56,227 [b3e33d86-0447-4fd5-9cd5-f314a86cc755-groupManagement] INFO  server.RaftServerConfigKeys (ConfUtils.java:logGet(46)) - raft.server.snapshot.trigger-when-stop.enabled = true (default)
2025-04-23 14:36:56,227 [b3e33d86-0447-4fd5-9cd5-f314a86cc755-groupManagement] INFO  server.RaftServerConfigKeys (ConfUtils.java:logGet(46)) - raft.server.snapshot.trigger-when-remove.enabled = true (default)
2025-04-23 14:36:56,227 [b3e33d86-0447-4fd5-9cd5-f314a86cc755-groupManagement] INFO  server.RaftServerConfigKeys (ConfUtils.java:logGet(46)) - raft.server.snapshot.auto.trigger.enabled = true (custom)
2025-04-23 14:36:56,227 [b3e33d86-0447-4fd5-9cd5-f314a86cc755-groupManagement] INFO  server.RaftServerConfigKeys (ConfUtils.java:logGet(46)) - raft.server.snapshot.auto.trigger.threshold = 100000 (custom)
2025-04-23 14:36:56,227 [b3e33d86-0447-4fd5-9cd5-f314a86cc755-groupManagement] INFO  server.RaftServerConfigKeys (ConfUtils.java:logGet(46)) - raft.server.snapshot.retention.file.num = 5 (custom)
2025-04-23 14:36:56,228 [b3e33d86-0447-4fd5-9cd5-f314a86cc755-groupManagement] INFO  server.RaftServerConfigKeys (ConfUtils.java:logGet(46)) - raft.server.log.purge.upto.snapshot.index = false (default)
2025-04-23 14:36:56,228 [b3e33d86-0447-4fd5-9cd5-f314a86cc755-groupManagement] INFO  server.RaftServer$Division (RaftServerImpl.java:start(405)) - b3e33d86-0447-4fd5-9cd5-f314a86cc755@group-BA30D5AC7B91: Successfully started.
2025-04-23 14:36:56,229 [b3e33d86-0447-4fd5-9cd5-f314a86cc755-PipelineCommandHandlerThread-0] INFO  ratis.XceiverServerRatis (XceiverServerRatis.java:addGroup(842)) - Created group PipelineID=0f88f82f-72b1-46de-92bd-ba30d5ac7b91
2025-04-23 14:36:56,230 [b3e33d86-0447-4fd5-9cd5-f314a86cc755-PipelineCommandHandlerThread-0] INFO  commandhandler.CreatePipelineCommandHandler (CreatePipelineCommandHandler.java:lambda$handle$2(128)) - Created Pipeline RATIS ONE PipelineID=0f88f82f-72b1-46de-92bd-ba30d5ac7b91.
2025-04-23 14:36:56,230 [b3e33d86-0447-4fd5-9cd5-f314a86cc755-PipelineCommandHandlerThread-0] INFO  server.RaftServer (RaftServerProxy.java:addNew(100)) - b3e33d86-0447-4fd5-9cd5-f314a86cc755: addNew group-08615C97F66E:[b3e33d86-0447-4fd5-9cd5-f314a86cc755|127.0.0.1:15023, 2f27ff4a-e7fd-448a-86d2-53e05ca0039d|127.0.0.1:15039, 90a71c42-cf1a-4ac2-af8f-9011ebfd0240|127.0.0.1:15031] returns group-08615C97F66E:java.util.concurrent.CompletableFuture@5881246d[Not completed]
2025-04-23 14:36:56,232 [b3e33d86-0447-4fd5-9cd5-f314a86cc755-groupManagement] INFO  server.RaftServer$Division (RaftServerImpl.java:<init>(255)) - b3e33d86-0447-4fd5-9cd5-f314a86cc755: new RaftServerImpl for group-08615C97F66E:[b3e33d86-0447-4fd5-9cd5-f314a86cc755|127.0.0.1:15023, 2f27ff4a-e7fd-448a-86d2-53e05ca0039d|127.0.0.1:15039, 90a71c42-cf1a-4ac2-af8f-9011ebfd0240|127.0.0.1:15031] with ContainerStateMachine:uninitialized
2025-04-23 14:36:56,232 [b3e33d86-0447-4fd5-9cd5-f314a86cc755-groupManagement] INFO  server.RaftServerConfigKeys (ConfUtils.java:logGet(46)) - raft.server.rpc.timeout.min = 5s (custom)
2025-04-23 14:36:56,232 [b3e33d86-0447-4fd5-9cd5-f314a86cc755-groupManagement] INFO  server.RaftServerConfigKeys (ConfUtils.java:logGet(46)) - raft.server.rpc.timeout.max = 5200ms (custom)
2025-04-23 14:36:56,233 [b3e33d86-0447-4fd5-9cd5-f314a86cc755-groupManagement] INFO  server.RaftServerConfigKeys (ConfUtils.java:logGet(46)) - raft.server.rpc.sleep.time = 25ms (default)
2025-04-23 14:36:56,233 [b3e33d86-0447-4fd5-9cd5-f314a86cc755-groupManagement] INFO  server.RaftServerConfigKeys (ConfUtils.java:logGet(46)) - raft.server.rpc.slowness.timeout = 300s (custom)
2025-04-23 14:36:56,233 [b3e33d86-0447-4fd5-9cd5-f314a86cc755-groupManagement] INFO  server.RaftServerConfigKeys (ConfUtils.java:logGet(46)) - raft.server.leaderelection.leader.step-down.wait-time = 10s (default)
2025-04-23 14:36:56,233 [b3e33d86-0447-4fd5-9cd5-f314a86cc755-groupManagement] INFO  server.RaftServerConfigKeys (ConfUtils.java:logGet(46)) - raft.server.leaderelection.member.majority-add = false (default)
2025-04-23 14:36:56,233 [b3e33d86-0447-4fd5-9cd5-f314a86cc755-groupManagement] INFO  server.RaftServerConfigKeys (ConfUtils.java:logGet(46)) - raft.server.sleep.deviation.threshold = 300ms (default)
2025-04-23 14:36:56,233 [b3e33d86-0447-4fd5-9cd5-f314a86cc755-groupManagement] INFO  server.RaftServer$Division (ServerState.java:<init>(114)) - b3e33d86-0447-4fd5-9cd5-f314a86cc755@group-08615C97F66E: ConfigurationManager, init=conf: {index: -1, cur=peers:[b3e33d86-0447-4fd5-9cd5-f314a86cc755|127.0.0.1:15023, 2f27ff4a-e7fd-448a-86d2-53e05ca0039d|127.0.0.1:15039, 90a71c42-cf1a-4ac2-af8f-9011ebfd0240|127.0.0.1:15031]|listeners:[], old=null}, confs=<EMPTY_MAP>
2025-04-23 14:36:56,233 [e5540f2e-ddef-4dd5-b4fb-d1f335f047d8@group-E3A852294E6A-StateMachineUpdater] INFO  safemode.HealthyPipelineSafeModeRule (HealthyPipelineSafeModeRule.java:initializeRule(174)) - Refreshed total pipeline count is 0, healthy pipeline threshold count is 1
2025-04-23 14:36:56,233 [b3e33d86-0447-4fd5-9cd5-f314a86cc755-groupManagement] INFO  server.RaftServerConfigKeys (ConfUtils.java:logGet(46)) - raft.server.notification.no-leader.timeout = 300s (custom)
2025-04-23 14:36:56,233 [b3e33d86-0447-4fd5-9cd5-f314a86cc755-groupManagement] INFO  server.RaftServerConfigKeys (ConfUtils.java:logGet(46)) - raft.server.read.timeout = 10s (default)
2025-04-23 14:36:56,233 [b3e33d86-0447-4fd5-9cd5-f314a86cc755-groupManagement] INFO  server.RaftServerConfigKeys (ConfUtils.java:logGet(46)) - raft.server.retrycache.expirytime = 600000ms (custom)
2025-04-23 14:36:56,233 [b3e33d86-0447-4fd5-9cd5-f314a86cc755-groupManagement] INFO  server.RaftServerConfigKeys (ConfUtils.java:logGet(46)) - raft.server.retrycache.statistics.expirytime = 100ms (default)
2025-04-23 14:36:56,233 [b3e33d86-0447-4fd5-9cd5-f314a86cc755-groupManagement] INFO  server.RaftServerConfigKeys (ConfUtils.java:logGet(46)) - raft.server.read.option = DEFAULT (default)
2025-04-23 14:36:56,233 [b3e33d86-0447-4fd5-9cd5-f314a86cc755-groupManagement] INFO  server.RaftServerConfigKeys (ConfUtils.java:logGet(46)) - raft.server.read.read-after-write-consistent.write-index-cache.expiry-time = 60s (default)
2025-04-23 14:36:56,234 [EventQueue-PipelineReportForPipelineReportHandler] INFO  pipeline.PipelineReportHandler (PipelineReportHandler.java:processPipelineReport(134)) - Opened pipeline PipelineID=0f88f82f-72b1-46de-92bd-ba30d5ac7b91
2025-04-23 14:36:56,234 [EventQueue-OpenPipelineForHealthyPipelineSafeModeRule] INFO  safemode.SCMSafeModeManager (HealthyPipelineSafeModeRule.java:process(141)) - SCM in safe mode. Healthy pipelines reported count is 0, required healthy pipeline reported count is 1
2025-04-23 14:36:56,238 [b3e33d86-0447-4fd5-9cd5-f314a86cc755-groupManagement] INFO  server.RaftServerConfigKeys (ConfUtils.java:logGet(46)) - raft.server.rpc.request.timeout = 60s (custom)
2025-04-23 14:36:56,238 [b3e33d86-0447-4fd5-9cd5-f314a86cc755-groupManagement] INFO  server.RaftServerConfigKeys (ConfUtils.java:logGet(46)) - raft.server.log.appender.install.snapshot.enabled = false (custom)
2025-04-23 14:36:56,238 [b3e33d86-0447-4fd5-9cd5-f314a86cc755-groupManagement] INFO  server.RaftServerConfigKeys (ConfUtils.java:logGet(46)) - raft.server.threadpool.server.cached = true (default)
2025-04-23 14:36:56,238 [b3e33d86-0447-4fd5-9cd5-f314a86cc755-groupManagement] INFO  server.RaftServerConfigKeys (ConfUtils.java:logGet(46)) - raft.server.threadpool.server.size = 0 (default)
2025-04-23 14:36:56,238 [b3e33d86-0447-4fd5-9cd5-f314a86cc755-groupManagement] INFO  server.RaftServerConfigKeys (ConfUtils.java:logGet(46)) - raft.server.threadpool.client.cached = true (default)
2025-04-23 14:36:56,238 [b3e33d86-0447-4fd5-9cd5-f314a86cc755-groupManagement] INFO  server.RaftServerConfigKeys (ConfUtils.java:logGet(46)) - raft.server.threadpool.client.size = 0 (default)
2025-04-23 14:36:56,238 [b3e33d86-0447-4fd5-9cd5-f314a86cc755-groupManagement] INFO  server.RaftServerConfigKeys (ConfUtils.java:logGet(46)) - raft.server.storage.free-space.min = 0MB (=0) (default)
2025-04-23 14:36:56,238 [b3e33d86-0447-4fd5-9cd5-f314a86cc755-groupManagement] INFO  server.RaftServerConfigKeys (ConfUtils.java:logGet(46)) - raft.server.log.corruption.policy = EXCEPTION (default)
2025-04-23 14:36:56,238 [b3e33d86-0447-4fd5-9cd5-f314a86cc755-groupManagement] INFO  server.RaftServerConfigKeys (ConfUtils.java:logGet(46)) - raft.server.storage.dir = [/home/runner/work/ozone/ozone/hadoop-ozone/integration-test/target/test-dir/MiniOzoneClusterImpl-68853c07-42d2-4ef8-9e75-e3a852294e6a/ozone-meta/datanode-1/ratis] (custom)
2025-04-23 14:36:56,239 [b3e33d86-0447-4fd5-9cd5-f314a86cc755-groupManagement] INFO  storage.RaftStorageDirectory (RaftStorageDirectoryImpl.java:analyzeStorage(138)) - The storage directory /home/runner/work/ozone/ozone/hadoop-ozone/integration-test/target/test-dir/MiniOzoneClusterImpl-68853c07-42d2-4ef8-9e75-e3a852294e6a/ozone-meta/datanode-1/ratis/b788c4d6-5c0b-4081-87b5-08615c97f66e does not exist. Creating ...
2025-04-23 14:36:56,240 [b3e33d86-0447-4fd5-9cd5-f314a86cc755-groupManagement] INFO  storage.RaftStorageDirectory (RaftStorageDirectoryImpl.java:tryLock(229)) - Lock on /home/runner/work/ozone/ozone/hadoop-ozone/integration-test/target/test-dir/MiniOzoneClusterImpl-68853c07-42d2-4ef8-9e75-e3a852294e6a/ozone-meta/datanode-1/ratis/b788c4d6-5c0b-4081-87b5-08615c97f66e/in_use.lock acquired by nodename 129558@fv-az1120-822
2025-04-23 14:36:56,241 [b3e33d86-0447-4fd5-9cd5-f314a86cc755-groupManagement] INFO  storage.RaftStorage (RaftStorageImpl.java:format(98)) - Storage directory /home/runner/work/ozone/ozone/hadoop-ozone/integration-test/target/test-dir/MiniOzoneClusterImpl-68853c07-42d2-4ef8-9e75-e3a852294e6a/ozone-meta/datanode-1/ratis/b788c4d6-5c0b-4081-87b5-08615c97f66e has been successfully formatted.
2025-04-23 14:36:56,241 [b3e33d86-0447-4fd5-9cd5-f314a86cc755-groupManagement] INFO  ratis.ContainerStateMachine (ContainerStateMachine.java:initialize(339)) - b3e33d86-0447-4fd5-9cd5-f314a86cc755: initialize group-08615C97F66E
2025-04-23 14:36:56,241 [b3e33d86-0447-4fd5-9cd5-f314a86cc755-groupManagement] INFO  ratis.ContainerStateMachine (ContainerStateMachine.java:loadSnapshot(347)) - group-08615C97F66E: The snapshot info is null. Setting the last applied index to:(t:0, i:~)
2025-04-23 14:36:56,242 [b3e33d86-0447-4fd5-9cd5-f314a86cc755-groupManagement] INFO  server.RaftServerConfigKeys (ConfUtils.java:logGet(46)) - raft.server.log.use.memory = false (default)
2025-04-23 14:36:56,242 [b3e33d86-0447-4fd5-9cd5-f314a86cc755-groupManagement] INFO  server.RaftServerConfigKeys (ConfUtils.java:logGet(46)) - raft.server.log.purge.gap = 1000000 (custom)
2025-04-23 14:36:56,242 [b3e33d86-0447-4fd5-9cd5-f314a86cc755-groupManagement] INFO  server.RaftServerConfigKeys (ConfUtils.java:logGet(46)) - raft.server.log.appender.buffer.byte-limit = 33554432 (custom)
2025-04-23 14:36:56,242 [b3e33d86-0447-4fd5-9cd5-f314a86cc755-groupManagement] INFO  server.RaftServerConfigKeys (ConfUtils.java:logGet(46)) - raft.server.log.statemachine.data.read.timeout = 1000ms (default)
2025-04-23 14:36:56,242 [b3e33d86-0447-4fd5-9cd5-f314a86cc755-groupManagement] INFO  server.RaftServerConfigKeys (ConfUtils.java:logGet(46)) - raft.server.log.purge.preservation.log.num = 0 (default)
2025-04-23 14:36:56,244 [EventQueue-OpenPipelineForHealthyPipelineSafeModeRule] INFO  safemode.SCMSafeModeManager (HealthyPipelineSafeModeRule.java:process(141)) - SCM in safe mode. Healthy pipelines reported count is 0, required healthy pipeline reported count is 1
2025-04-23 14:36:56,244 [b3e33d86-0447-4fd5-9cd5-f314a86cc755-groupManagement] INFO  server.RaftServerConfigKeys (ConfUtils.java:logGet(46)) - raft.server.log.segment.size.max = 67108864 (custom)
2025-04-23 14:36:56,245 [b3e33d86-0447-4fd5-9cd5-f314a86cc755-groupManagement] INFO  server.RaftServerConfigKeys (ConfUtils.java:logGet(46)) - raft.server.log.segment.cache.num.max = 2 (custom)
2025-04-23 14:36:56,245 [b3e33d86-0447-4fd5-9cd5-f314a86cc755-groupManagement] INFO  server.RaftServerConfigKeys (ConfUtils.java:logGet(46)) - raft.server.log.segment.cache.size.max = 200MB (=209715200) (default)
2025-04-23 14:36:56,245 [b3e33d86-0447-4fd5-9cd5-f314a86cc755-groupManagement] INFO  server.RaftServerConfigKeys (ConfUtils.java:logGet(46)) - raft.server.log.appender.buffer.byte-limit = 33554432 (custom)
2025-04-23 14:36:56,245 [b3e33d86-0447-4fd5-9cd5-f314a86cc755-groupManagement] INFO  util.AwaitToRun (AwaitToRun.java:start(81)) - Thread[#925,b3e33d86-0447-4fd5-9cd5-f314a86cc755@group-08615C97F66E-cacheEviction-AwaitToRun,5,main] started
2025-04-23 14:36:56,245 [b3e33d86-0447-4fd5-9cd5-f314a86cc755-groupManagement] INFO  segmented.SegmentedRaftLogWorker (SegmentedRaftLogWorker.java:<init>(188)) - new b3e33d86-0447-4fd5-9cd5-f314a86cc755@group-08615C97F66E-SegmentedRaftLogWorker for RaftStorageImpl:Storage Directory /home/runner/work/ozone/ozone/hadoop-ozone/integration-test/target/test-dir/MiniOzoneClusterImpl-68853c07-42d2-4ef8-9e75-e3a852294e6a/ozone-meta/datanode-1/ratis/b788c4d6-5c0b-4081-87b5-08615c97f66e
2025-04-23 14:36:56,245 [b3e33d86-0447-4fd5-9cd5-f314a86cc755-groupManagement] INFO  server.RaftServerConfigKeys (ConfUtils.java:logGet(46)) - raft.server.log.queue.byte-limit = 4294967296 (custom)
2025-04-23 14:36:56,245 [b3e33d86-0447-4fd5-9cd5-f314a86cc755-groupManagement] INFO  server.RaftServerConfigKeys (ConfUtils.java:logGet(46)) - raft.server.log.queue.element-limit = 1024 (custom)
2025-04-23 14:36:56,245 [b3e33d86-0447-4fd5-9cd5-f314a86cc755-groupManagement] INFO  server.RaftServerConfigKeys (ConfUtils.java:logGet(46)) - raft.server.log.segment.size.max = 67108864 (custom)
2025-04-23 14:36:56,245 [b3e33d86-0447-4fd5-9cd5-f314a86cc755-groupManagement] INFO  server.RaftServerConfigKeys (ConfUtils.java:logGet(46)) - raft.server.log.preallocated.size = 4194304 (custom)
2025-04-23 14:36:56,245 [b3e33d86-0447-4fd5-9cd5-f314a86cc755-groupManagement] INFO  server.RaftServerConfigKeys (ConfUtils.java:logGet(46)) - raft.server.log.force.sync.num = 128 (default)
2025-04-23 14:36:56,245 [b3e33d86-0447-4fd5-9cd5-f314a86cc755-groupManagement] INFO  server.RaftServerConfigKeys (ConfUtils.java:logGet(46)) - raft.server.log.statemachine.data.sync = true (default)
2025-04-23 14:36:56,245 [b3e33d86-0447-4fd5-9cd5-f314a86cc755-groupManagement] INFO  server.RaftServerConfigKeys (ConfUtils.java:logGet(46)) - raft.server.log.statemachine.data.sync.timeout = 10s (default)
2025-04-23 14:36:56,245 [b3e33d86-0447-4fd5-9cd5-f314a86cc755-groupManagement] INFO  server.RaftServerConfigKeys (ConfUtils.java:logGet(46)) - raft.server.log.statemachine.data.sync.timeout.retry = 30 (custom)
2025-04-23 14:36:56,246 [b3e33d86-0447-4fd5-9cd5-f314a86cc755-groupManagement] INFO  server.RaftServerConfigKeys (ConfUtils.java:logGet(46)) - raft.server.log.write.buffer.size = 33554440 (custom)
2025-04-23 14:36:56,250 [b3e33d86-0447-4fd5-9cd5-f314a86cc755-groupManagement] INFO  server.RaftServerConfigKeys (ConfUtils.java:logGet(46)) - raft.server.log.appender.buffer.byte-limit = 33554432 (custom)
2025-04-23 14:36:56,250 [b3e33d86-0447-4fd5-9cd5-f314a86cc755-groupManagement] INFO  server.RaftServerConfigKeys (ConfUtils.java:logGet(46)) - raft.server.log.unsafe-flush.enabled = false (default)
2025-04-23 14:36:56,250 [b3e33d86-0447-4fd5-9cd5-f314a86cc755-groupManagement] INFO  server.RaftServerConfigKeys (ConfUtils.java:logGet(46)) - raft.server.log.async-flush.enabled = false (default)
2025-04-23 14:36:56,250 [b3e33d86-0447-4fd5-9cd5-f314a86cc755-groupManagement] INFO  server.RaftServerConfigKeys (ConfUtils.java:logGet(46)) - raft.server.log.statemachine.data.caching.enabled = true (custom)
2025-04-23 14:36:56,251 [b3e33d86-0447-4fd5-9cd5-f314a86cc755-groupManagement] INFO  segmented.SegmentedRaftLogWorker (SegmentedRaftLogWorker.java:lambda$new$0(139)) - b3e33d86-0447-4fd5-9cd5-f314a86cc755@group-08615C97F66E-SegmentedRaftLogWorker: flushIndex: setUnconditionally 0 -> -1
2025-04-23 14:36:56,251 [b3e33d86-0447-4fd5-9cd5-f314a86cc755-groupManagement] INFO  segmented.SegmentedRaftLogWorker (SegmentedRaftLogWorker.java:lambda$new$0(139)) - b3e33d86-0447-4fd5-9cd5-f314a86cc755@group-08615C97F66E-SegmentedRaftLogWorker: safeCacheEvictIndex: setUnconditionally 0 -> -1
2025-04-23 14:36:56,251 [b3e33d86-0447-4fd5-9cd5-f314a86cc755-groupManagement] INFO  server.RaftServer$Division (RaftServerImpl.java:start(391)) - b3e33d86-0447-4fd5-9cd5-f314a86cc755@group-08615C97F66E: start as a follower, conf=conf: {index: -1, cur=peers:[b3e33d86-0447-4fd5-9cd5-f314a86cc755|127.0.0.1:15023, 2f27ff4a-e7fd-448a-86d2-53e05ca0039d|127.0.0.1:15039, 90a71c42-cf1a-4ac2-af8f-9011ebfd0240|127.0.0.1:15031]|listeners:[], old=null}
2025-04-23 14:36:56,251 [b3e33d86-0447-4fd5-9cd5-f314a86cc755-groupManagement] INFO  server.RaftServer$Division (RaftServerImpl.java:setRole(378)) - b3e33d86-0447-4fd5-9cd5-f314a86cc755@group-08615C97F66E: changes role from      null to FOLLOWER at term 0 for startAsFollower
2025-04-23 14:36:56,251 [b3e33d86-0447-4fd5-9cd5-f314a86cc755-groupManagement] INFO  impl.RoleInfo (RoleInfo.java:updateAndGet(148)) - b3e33d86-0447-4fd5-9cd5-f314a86cc755: start b3e33d86-0447-4fd5-9cd5-f314a86cc755@group-08615C97F66E-FollowerState
2025-04-23 14:36:56,252 [b3e33d86-0447-4fd5-9cd5-f314a86cc755@group-08615C97F66E-FollowerState] INFO  server.RaftServerConfigKeys (ConfUtils.java:logGet(46)) - raft.server.rpc.first-election.timeout.min = 1000ms (custom)
2025-04-23 14:36:56,252 [b3e33d86-0447-4fd5-9cd5-f314a86cc755@group-08615C97F66E-FollowerState] INFO  server.RaftServerConfigKeys (ConfUtils.java:logGet(46)) - raft.server.rpc.first-election.timeout.max = 1200ms (custom)
2025-04-23 14:36:56,252 [b3e33d86-0447-4fd5-9cd5-f314a86cc755-groupManagement] INFO  util.JmxRegister (JmxRegister.java:tryRegister(44)) - Successfully registered JMX Bean with object name Ratis:service=RaftServer,group=group-08615C97F66E,id=b3e33d86-0447-4fd5-9cd5-f314a86cc755
2025-04-23 14:36:56,252 [b3e33d86-0447-4fd5-9cd5-f314a86cc755-groupManagement] INFO  util.JmxRegister (JmxRegister.java:register(58)) - register mxBean class org.apache.ratis.server.impl.RaftServerJmxAdapter as Ratis:service=RaftServer,group=group-08615C97F66E,id=b3e33d86-0447-4fd5-9cd5-f314a86cc755
2025-04-23 14:36:56,252 [b3e33d86-0447-4fd5-9cd5-f314a86cc755-groupManagement] INFO  server.RaftServerConfigKeys (ConfUtils.java:logGet(46)) - raft.server.snapshot.trigger-when-stop.enabled = true (default)
2025-04-23 14:36:56,252 [b3e33d86-0447-4fd5-9cd5-f314a86cc755-groupManagement] INFO  server.RaftServerConfigKeys (ConfUtils.java:logGet(46)) - raft.server.snapshot.trigger-when-remove.enabled = true (default)
2025-04-23 14:36:56,252 [b3e33d86-0447-4fd5-9cd5-f314a86cc755-groupManagement] INFO  server.RaftServerConfigKeys (ConfUtils.java:logGet(46)) - raft.server.snapshot.auto.trigger.enabled = true (custom)
2025-04-23 14:36:56,252 [b3e33d86-0447-4fd5-9cd5-f314a86cc755-groupManagement] INFO  server.RaftServerConfigKeys (ConfUtils.java:logGet(46)) - raft.server.snapshot.auto.trigger.threshold = 100000 (custom)
2025-04-23 14:36:56,252 [b3e33d86-0447-4fd5-9cd5-f314a86cc755-groupManagement] INFO  server.RaftServerConfigKeys (ConfUtils.java:logGet(46)) - raft.server.snapshot.retention.file.num = 5 (custom)
2025-04-23 14:36:56,253 [b3e33d86-0447-4fd5-9cd5-f314a86cc755-groupManagement] INFO  server.RaftServerConfigKeys (ConfUtils.java:logGet(46)) - raft.server.log.purge.upto.snapshot.index = false (default)
2025-04-23 14:36:56,253 [b3e33d86-0447-4fd5-9cd5-f314a86cc755-groupManagement] INFO  server.RaftServer$Division (RaftServerImpl.java:start(405)) - b3e33d86-0447-4fd5-9cd5-f314a86cc755@group-08615C97F66E: Successfully started.
2025-04-23 14:36:56,254 [b3e33d86-0447-4fd5-9cd5-f314a86cc755-PipelineCommandHandlerThread-0] INFO  ratis.XceiverServerRatis (XceiverServerRatis.java:addGroup(842)) - Created group PipelineID=b788c4d6-5c0b-4081-87b5-08615c97f66e
2025-04-23 14:36:56,294 [grpc-default-executor-7] INFO  server.RaftServer (RaftServerProxy.java:addNew(100)) - 90a71c42-cf1a-4ac2-af8f-9011ebfd0240: addNew group-08615C97F66E:[b3e33d86-0447-4fd5-9cd5-f314a86cc755|127.0.0.1:15023, 2f27ff4a-e7fd-448a-86d2-53e05ca0039d|127.0.0.1:15039, 90a71c42-cf1a-4ac2-af8f-9011ebfd0240|127.0.0.1:15031] returns group-08615C97F66E:java.util.concurrent.CompletableFuture@69cdc5c0[Not completed]
2025-04-23 14:36:56,296 [90a71c42-cf1a-4ac2-af8f-9011ebfd0240-groupManagement] INFO  server.RaftServer$Division (RaftServerImpl.java:<init>(255)) - 90a71c42-cf1a-4ac2-af8f-9011ebfd0240: new RaftServerImpl for group-08615C97F66E:[b3e33d86-0447-4fd5-9cd5-f314a86cc755|127.0.0.1:15023, 2f27ff4a-e7fd-448a-86d2-53e05ca0039d|127.0.0.1:15039, 90a71c42-cf1a-4ac2-af8f-9011ebfd0240|127.0.0.1:15031] with ContainerStateMachine:uninitialized
2025-04-23 14:36:56,296 [90a71c42-cf1a-4ac2-af8f-9011ebfd0240-groupManagement] INFO  server.RaftServerConfigKeys (ConfUtils.java:logGet(46)) - raft.server.rpc.timeout.min = 5s (custom)
2025-04-23 14:36:56,296 [90a71c42-cf1a-4ac2-af8f-9011ebfd0240-groupManagement] INFO  server.RaftServerConfigKeys (ConfUtils.java:logGet(46)) - raft.server.rpc.timeout.max = 5200ms (custom)
2025-04-23 14:36:56,296 [90a71c42-cf1a-4ac2-af8f-9011ebfd0240-groupManagement] INFO  server.RaftServerConfigKeys (ConfUtils.java:logGet(46)) - raft.server.rpc.sleep.time = 25ms (default)
2025-04-23 14:36:56,296 [90a71c42-cf1a-4ac2-af8f-9011ebfd0240-groupManagement] INFO  server.RaftServerConfigKeys (ConfUtils.java:logGet(46)) - raft.server.rpc.slowness.timeout = 300s (custom)
2025-04-23 14:36:56,296 [90a71c42-cf1a-4ac2-af8f-9011ebfd0240-groupManagement] INFO  server.RaftServerConfigKeys (ConfUtils.java:logGet(46)) - raft.server.leaderelection.leader.step-down.wait-time = 10s (default)
2025-04-23 14:36:56,296 [90a71c42-cf1a-4ac2-af8f-9011ebfd0240-groupManagement] INFO  server.RaftServerConfigKeys (ConfUtils.java:logGet(46)) - raft.server.leaderelection.member.majority-add = false (default)
2025-04-23 14:36:56,296 [90a71c42-cf1a-4ac2-af8f-9011ebfd0240-groupManagement] INFO  server.RaftServerConfigKeys (ConfUtils.java:logGet(46)) - raft.server.sleep.deviation.threshold = 300ms (default)
2025-04-23 14:36:56,296 [90a71c42-cf1a-4ac2-af8f-9011ebfd0240-groupManagement] INFO  server.RaftServer$Division (ServerState.java:<init>(114)) - 90a71c42-cf1a-4ac2-af8f-9011ebfd0240@group-08615C97F66E: ConfigurationManager, init=conf: {index: -1, cur=peers:[b3e33d86-0447-4fd5-9cd5-f314a86cc755|127.0.0.1:15023, 2f27ff4a-e7fd-448a-86d2-53e05ca0039d|127.0.0.1:15039, 90a71c42-cf1a-4ac2-af8f-9011ebfd0240|127.0.0.1:15031]|listeners:[], old=null}, confs=<EMPTY_MAP>
2025-04-23 14:36:56,296 [90a71c42-cf1a-4ac2-af8f-9011ebfd0240-groupManagement] INFO  server.RaftServerConfigKeys (ConfUtils.java:logGet(46)) - raft.server.notification.no-leader.timeout = 300s (custom)
2025-04-23 14:36:56,296 [90a71c42-cf1a-4ac2-af8f-9011ebfd0240-groupManagement] INFO  server.RaftServerConfigKeys (ConfUtils.java:logGet(46)) - raft.server.read.timeout = 10s (default)
2025-04-23 14:36:56,296 [90a71c42-cf1a-4ac2-af8f-9011ebfd0240-groupManagement] INFO  server.RaftServerConfigKeys (ConfUtils.java:logGet(46)) - raft.server.retrycache.expirytime = 600000ms (custom)
2025-04-23 14:36:56,296 [90a71c42-cf1a-4ac2-af8f-9011ebfd0240-groupManagement] INFO  server.RaftServerConfigKeys (ConfUtils.java:logGet(46)) - raft.server.retrycache.statistics.expirytime = 100ms (default)
2025-04-23 14:36:56,297 [90a71c42-cf1a-4ac2-af8f-9011ebfd0240-groupManagement] INFO  server.RaftServerConfigKeys (ConfUtils.java:logGet(46)) - raft.server.read.option = DEFAULT (default)
2025-04-23 14:36:56,297 [90a71c42-cf1a-4ac2-af8f-9011ebfd0240-groupManagement] INFO  server.RaftServerConfigKeys (ConfUtils.java:logGet(46)) - raft.server.read.read-after-write-consistent.write-index-cache.expiry-time = 60s (default)
2025-04-23 14:36:56,301 [90a71c42-cf1a-4ac2-af8f-9011ebfd0240-groupManagement] INFO  server.RaftServerConfigKeys (ConfUtils.java:logGet(46)) - raft.server.rpc.request.timeout = 60s (custom)
2025-04-23 14:36:56,301 [90a71c42-cf1a-4ac2-af8f-9011ebfd0240-groupManagement] INFO  server.RaftServerConfigKeys (ConfUtils.java:logGet(46)) - raft.server.log.appender.install.snapshot.enabled = false (custom)
2025-04-23 14:36:56,301 [90a71c42-cf1a-4ac2-af8f-9011ebfd0240-groupManagement] INFO  server.RaftServerConfigKeys (ConfUtils.java:logGet(46)) - raft.server.threadpool.server.cached = true (default)
2025-04-23 14:36:56,301 [90a71c42-cf1a-4ac2-af8f-9011ebfd0240-groupManagement] INFO  server.RaftServerConfigKeys (ConfUtils.java:logGet(46)) - raft.server.threadpool.server.size = 0 (default)
2025-04-23 14:36:56,301 [90a71c42-cf1a-4ac2-af8f-9011ebfd0240-groupManagement] INFO  server.RaftServerConfigKeys (ConfUtils.java:logGet(46)) - raft.server.threadpool.client.cached = true (default)
2025-04-23 14:36:56,301 [90a71c42-cf1a-4ac2-af8f-9011ebfd0240-groupManagement] INFO  server.RaftServerConfigKeys (ConfUtils.java:logGet(46)) - raft.server.threadpool.client.size = 0 (default)
2025-04-23 14:36:56,301 [90a71c42-cf1a-4ac2-af8f-9011ebfd0240-groupManagement] INFO  server.RaftServerConfigKeys (ConfUtils.java:logGet(46)) - raft.server.storage.free-space.min = 0MB (=0) (default)
2025-04-23 14:36:56,301 [90a71c42-cf1a-4ac2-af8f-9011ebfd0240-groupManagement] INFO  server.RaftServerConfigKeys (ConfUtils.java:logGet(46)) - raft.server.log.corruption.policy = EXCEPTION (default)
2025-04-23 14:36:56,301 [90a71c42-cf1a-4ac2-af8f-9011ebfd0240-groupManagement] INFO  server.RaftServerConfigKeys (ConfUtils.java:logGet(46)) - raft.server.storage.dir = [/home/runner/work/ozone/ozone/hadoop-ozone/integration-test/target/test-dir/MiniOzoneClusterImpl-68853c07-42d2-4ef8-9e75-e3a852294e6a/ozone-meta/datanode-2/ratis] (custom)
2025-04-23 14:36:56,301 [90a71c42-cf1a-4ac2-af8f-9011ebfd0240-groupManagement] INFO  storage.RaftStorageDirectory (RaftStorageDirectoryImpl.java:analyzeStorage(138)) - The storage directory /home/runner/work/ozone/ozone/hadoop-ozone/integration-test/target/test-dir/MiniOzoneClusterImpl-68853c07-42d2-4ef8-9e75-e3a852294e6a/ozone-meta/datanode-2/ratis/b788c4d6-5c0b-4081-87b5-08615c97f66e does not exist. Creating ...
2025-04-23 14:36:56,302 [90a71c42-cf1a-4ac2-af8f-9011ebfd0240-groupManagement] INFO  storage.RaftStorageDirectory (RaftStorageDirectoryImpl.java:tryLock(229)) - Lock on /home/runner/work/ozone/ozone/hadoop-ozone/integration-test/target/test-dir/MiniOzoneClusterImpl-68853c07-42d2-4ef8-9e75-e3a852294e6a/ozone-meta/datanode-2/ratis/b788c4d6-5c0b-4081-87b5-08615c97f66e/in_use.lock acquired by nodename 129558@fv-az1120-822
2025-04-23 14:36:56,304 [90a71c42-cf1a-4ac2-af8f-9011ebfd0240-groupManagement] INFO  storage.RaftStorage (RaftStorageImpl.java:format(98)) - Storage directory /home/runner/work/ozone/ozone/hadoop-ozone/integration-test/target/test-dir/MiniOzoneClusterImpl-68853c07-42d2-4ef8-9e75-e3a852294e6a/ozone-meta/datanode-2/ratis/b788c4d6-5c0b-4081-87b5-08615c97f66e has been successfully formatted.
2025-04-23 14:36:56,304 [90a71c42-cf1a-4ac2-af8f-9011ebfd0240-groupManagement] INFO  ratis.ContainerStateMachine (ContainerStateMachine.java:initialize(339)) - 90a71c42-cf1a-4ac2-af8f-9011ebfd0240: initialize group-08615C97F66E
2025-04-23 14:36:56,304 [90a71c42-cf1a-4ac2-af8f-9011ebfd0240-groupManagement] INFO  ratis.ContainerStateMachine (ContainerStateMachine.java:loadSnapshot(347)) - group-08615C97F66E: The snapshot info is null. Setting the last applied index to:(t:0, i:~)
2025-04-23 14:36:56,304 [90a71c42-cf1a-4ac2-af8f-9011ebfd0240-groupManagement] INFO  server.RaftServerConfigKeys (ConfUtils.java:logGet(46)) - raft.server.log.use.memory = false (default)
2025-04-23 14:36:56,304 [90a71c42-cf1a-4ac2-af8f-9011ebfd0240-groupManagement] INFO  server.RaftServerConfigKeys (ConfUtils.java:logGet(46)) - raft.server.log.purge.gap = 1000000 (custom)
2025-04-23 14:36:56,304 [90a71c42-cf1a-4ac2-af8f-9011ebfd0240-groupManagement] INFO  server.RaftServerConfigKeys (ConfUtils.java:logGet(46)) - raft.server.log.appender.buffer.byte-limit = 33554432 (custom)
2025-04-23 14:36:56,304 [90a71c42-cf1a-4ac2-af8f-9011ebfd0240-groupManagement] INFO  server.RaftServerConfigKeys (ConfUtils.java:logGet(46)) - raft.server.log.statemachine.data.read.timeout = 1000ms (default)
2025-04-23 14:36:56,304 [90a71c42-cf1a-4ac2-af8f-9011ebfd0240-groupManagement] INFO  server.RaftServerConfigKeys (ConfUtils.java:logGet(46)) - raft.server.log.purge.preservation.log.num = 0 (default)
2025-04-23 14:36:56,307 [90a71c42-cf1a-4ac2-af8f-9011ebfd0240-groupManagement] INFO  server.RaftServerConfigKeys (ConfUtils.java:logGet(46)) - raft.server.log.segment.size.max = 67108864 (custom)
2025-04-23 14:36:56,307 [90a71c42-cf1a-4ac2-af8f-9011ebfd0240-groupManagement] INFO  server.RaftServerConfigKeys (ConfUtils.java:logGet(46)) - raft.server.log.segment.cache.num.max = 2 (custom)
2025-04-23 14:36:56,307 [90a71c42-cf1a-4ac2-af8f-9011ebfd0240-groupManagement] INFO  server.RaftServerConfigKeys (ConfUtils.java:logGet(46)) - raft.server.log.segment.cache.size.max = 200MB (=209715200) (default)
2025-04-23 14:36:56,307 [90a71c42-cf1a-4ac2-af8f-9011ebfd0240-groupManagement] INFO  server.RaftServerConfigKeys (ConfUtils.java:logGet(46)) - raft.server.log.appender.buffer.byte-limit = 33554432 (custom)
2025-04-23 14:36:56,308 [90a71c42-cf1a-4ac2-af8f-9011ebfd0240-groupManagement] INFO  util.AwaitToRun (AwaitToRun.java:start(81)) - Thread[#930,90a71c42-cf1a-4ac2-af8f-9011ebfd0240@group-08615C97F66E-cacheEviction-AwaitToRun,5,main] started
2025-04-23 14:36:56,308 [90a71c42-cf1a-4ac2-af8f-9011ebfd0240-groupManagement] INFO  segmented.SegmentedRaftLogWorker (SegmentedRaftLogWorker.java:<init>(188)) - new 90a71c42-cf1a-4ac2-af8f-9011ebfd0240@group-08615C97F66E-SegmentedRaftLogWorker for RaftStorageImpl:Storage Directory /home/runner/work/ozone/ozone/hadoop-ozone/integration-test/target/test-dir/MiniOzoneClusterImpl-68853c07-42d2-4ef8-9e75-e3a852294e6a/ozone-meta/datanode-2/ratis/b788c4d6-5c0b-4081-87b5-08615c97f66e
2025-04-23 14:36:56,308 [90a71c42-cf1a-4ac2-af8f-9011ebfd0240-groupManagement] INFO  server.RaftServerConfigKeys (ConfUtils.java:logGet(46)) - raft.server.log.queue.byte-limit = 4294967296 (custom)
2025-04-23 14:36:56,308 [90a71c42-cf1a-4ac2-af8f-9011ebfd0240-groupManagement] INFO  server.RaftServerConfigKeys (ConfUtils.java:logGet(46)) - raft.server.log.queue.element-limit = 1024 (custom)
2025-04-23 14:36:56,308 [90a71c42-cf1a-4ac2-af8f-9011ebfd0240-groupManagement] INFO  server.RaftServerConfigKeys (ConfUtils.java:logGet(46)) - raft.server.log.segment.size.max = 67108864 (custom)
2025-04-23 14:36:56,308 [90a71c42-cf1a-4ac2-af8f-9011ebfd0240-groupManagement] INFO  server.RaftServerConfigKeys (ConfUtils.java:logGet(46)) - raft.server.log.preallocated.size = 4194304 (custom)
2025-04-23 14:36:56,308 [90a71c42-cf1a-4ac2-af8f-9011ebfd0240-groupManagement] INFO  server.RaftServerConfigKeys (ConfUtils.java:logGet(46)) - raft.server.log.force.sync.num = 128 (default)
2025-04-23 14:36:56,308 [90a71c42-cf1a-4ac2-af8f-9011ebfd0240-groupManagement] INFO  server.RaftServerConfigKeys (ConfUtils.java:logGet(46)) - raft.server.log.statemachine.data.sync = true (default)
2025-04-23 14:36:56,308 [90a71c42-cf1a-4ac2-af8f-9011ebfd0240-groupManagement] INFO  server.RaftServerConfigKeys (ConfUtils.java:logGet(46)) - raft.server.log.statemachine.data.sync.timeout = 10s (default)
2025-04-23 14:36:56,308 [90a71c42-cf1a-4ac2-af8f-9011ebfd0240-groupManagement] INFO  server.RaftServerConfigKeys (ConfUtils.java:logGet(46)) - raft.server.log.statemachine.data.sync.timeout.retry = 30 (custom)
2025-04-23 14:36:56,309 [90a71c42-cf1a-4ac2-af8f-9011ebfd0240-groupManagement] INFO  server.RaftServerConfigKeys (ConfUtils.java:logGet(46)) - raft.server.log.write.buffer.size = 33554440 (custom)
2025-04-23 14:36:56,313 [90a71c42-cf1a-4ac2-af8f-9011ebfd0240-groupManagement] INFO  server.RaftServerConfigKeys (ConfUtils.java:logGet(46)) - raft.server.log.appender.buffer.byte-limit = 33554432 (custom)
2025-04-23 14:36:56,313 [90a71c42-cf1a-4ac2-af8f-9011ebfd0240-groupManagement] INFO  server.RaftServerConfigKeys (ConfUtils.java:logGet(46)) - raft.server.log.unsafe-flush.enabled = false (default)
2025-04-23 14:36:56,314 [90a71c42-cf1a-4ac2-af8f-9011ebfd0240-groupManagement] INFO  server.RaftServerConfigKeys (ConfUtils.java:logGet(46)) - raft.server.log.async-flush.enabled = false (default)
2025-04-23 14:36:56,314 [90a71c42-cf1a-4ac2-af8f-9011ebfd0240-groupManagement] INFO  server.RaftServerConfigKeys (ConfUtils.java:logGet(46)) - raft.server.log.statemachine.data.caching.enabled = true (custom)
2025-04-23 14:36:56,314 [90a71c42-cf1a-4ac2-af8f-9011ebfd0240-groupManagement] INFO  segmented.SegmentedRaftLogWorker (SegmentedRaftLogWorker.java:lambda$new$0(139)) - 90a71c42-cf1a-4ac2-af8f-9011ebfd0240@group-08615C97F66E-SegmentedRaftLogWorker: flushIndex: setUnconditionally 0 -> -1
2025-04-23 14:36:56,314 [90a71c42-cf1a-4ac2-af8f-9011ebfd0240-groupManagement] INFO  segmented.SegmentedRaftLogWorker (SegmentedRaftLogWorker.java:lambda$new$0(139)) - 90a71c42-cf1a-4ac2-af8f-9011ebfd0240@group-08615C97F66E-SegmentedRaftLogWorker: safeCacheEvictIndex: setUnconditionally 0 -> -1
2025-04-23 14:36:56,314 [90a71c42-cf1a-4ac2-af8f-9011ebfd0240-groupManagement] INFO  server.RaftServer$Division (RaftServerImpl.java:start(391)) - 90a71c42-cf1a-4ac2-af8f-9011ebfd0240@group-08615C97F66E: start as a follower, conf=conf: {index: -1, cur=peers:[b3e33d86-0447-4fd5-9cd5-f314a86cc755|127.0.0.1:15023, 2f27ff4a-e7fd-448a-86d2-53e05ca0039d|127.0.0.1:15039, 90a71c42-cf1a-4ac2-af8f-9011ebfd0240|127.0.0.1:15031]|listeners:[], old=null}
2025-04-23 14:36:56,314 [90a71c42-cf1a-4ac2-af8f-9011ebfd0240-groupManagement] INFO  server.RaftServer$Division (RaftServerImpl.java:setRole(378)) - 90a71c42-cf1a-4ac2-af8f-9011ebfd0240@group-08615C97F66E: changes role from      null to FOLLOWER at term 0 for startAsFollower
2025-04-23 14:36:56,315 [90a71c42-cf1a-4ac2-af8f-9011ebfd0240-groupManagement] INFO  impl.RoleInfo (RoleInfo.java:updateAndGet(148)) - 90a71c42-cf1a-4ac2-af8f-9011ebfd0240: start 90a71c42-cf1a-4ac2-af8f-9011ebfd0240@group-08615C97F66E-FollowerState
2025-04-23 14:36:56,315 [90a71c42-cf1a-4ac2-af8f-9011ebfd0240@group-08615C97F66E-FollowerState] INFO  server.RaftServerConfigKeys (ConfUtils.java:logGet(46)) - raft.server.rpc.first-election.timeout.min = 1000ms (custom)
2025-04-23 14:36:56,315 [90a71c42-cf1a-4ac2-af8f-9011ebfd0240@group-08615C97F66E-FollowerState] INFO  server.RaftServerConfigKeys (ConfUtils.java:logGet(46)) - raft.server.rpc.first-election.timeout.max = 1200ms (custom)
2025-04-23 14:36:56,315 [90a71c42-cf1a-4ac2-af8f-9011ebfd0240-groupManagement] INFO  util.JmxRegister (JmxRegister.java:tryRegister(44)) - Successfully registered JMX Bean with object name Ratis:service=RaftServer,group=group-08615C97F66E,id=90a71c42-cf1a-4ac2-af8f-9011ebfd0240
2025-04-23 14:36:56,315 [90a71c42-cf1a-4ac2-af8f-9011ebfd0240-groupManagement] INFO  util.JmxRegister (JmxRegister.java:register(58)) - register mxBean class org.apache.ratis.server.impl.RaftServerJmxAdapter as Ratis:service=RaftServer,group=group-08615C97F66E,id=90a71c42-cf1a-4ac2-af8f-9011ebfd0240
2025-04-23 14:36:56,315 [90a71c42-cf1a-4ac2-af8f-9011ebfd0240-groupManagement] INFO  server.RaftServerConfigKeys (ConfUtils.java:logGet(46)) - raft.server.snapshot.trigger-when-stop.enabled = true (default)
2025-04-23 14:36:56,315 [90a71c42-cf1a-4ac2-af8f-9011ebfd0240-groupManagement] INFO  server.RaftServerConfigKeys (ConfUtils.java:logGet(46)) - raft.server.snapshot.trigger-when-remove.enabled = true (default)
2025-04-23 14:36:56,315 [90a71c42-cf1a-4ac2-af8f-9011ebfd0240-groupManagement] INFO  server.RaftServerConfigKeys (ConfUtils.java:logGet(46)) - raft.server.snapshot.auto.trigger.enabled = true (custom)
2025-04-23 14:36:56,315 [90a71c42-cf1a-4ac2-af8f-9011ebfd0240-groupManagement] INFO  server.RaftServerConfigKeys (ConfUtils.java:logGet(46)) - raft.server.snapshot.auto.trigger.threshold = 100000 (custom)
2025-04-23 14:36:56,316 [90a71c42-cf1a-4ac2-af8f-9011ebfd0240-groupManagement] INFO  server.RaftServerConfigKeys (ConfUtils.java:logGet(46)) - raft.server.snapshot.retention.file.num = 5 (custom)
2025-04-23 14:36:56,316 [90a71c42-cf1a-4ac2-af8f-9011ebfd0240-groupManagement] INFO  server.RaftServerConfigKeys (ConfUtils.java:logGet(46)) - raft.server.log.purge.upto.snapshot.index = false (default)
2025-04-23 14:36:56,316 [90a71c42-cf1a-4ac2-af8f-9011ebfd0240-groupManagement] INFO  server.RaftServer$Division (RaftServerImpl.java:start(405)) - 90a71c42-cf1a-4ac2-af8f-9011ebfd0240@group-08615C97F66E: Successfully started.
2025-04-23 14:36:56,339 [grpc-default-executor-7] INFO  server.RaftServer (RaftServerProxy.java:addNew(100)) - 2f27ff4a-e7fd-448a-86d2-53e05ca0039d: addNew group-08615C97F66E:[b3e33d86-0447-4fd5-9cd5-f314a86cc755|127.0.0.1:15023, 2f27ff4a-e7fd-448a-86d2-53e05ca0039d|127.0.0.1:15039, 90a71c42-cf1a-4ac2-af8f-9011ebfd0240|127.0.0.1:15031] returns group-08615C97F66E:java.util.concurrent.CompletableFuture@548f9eb[Not completed]
2025-04-23 14:36:56,341 [2f27ff4a-e7fd-448a-86d2-53e05ca0039d-groupManagement] INFO  server.RaftServer$Division (RaftServerImpl.java:<init>(255)) - 2f27ff4a-e7fd-448a-86d2-53e05ca0039d: new RaftServerImpl for group-08615C97F66E:[b3e33d86-0447-4fd5-9cd5-f314a86cc755|127.0.0.1:15023, 2f27ff4a-e7fd-448a-86d2-53e05ca0039d|127.0.0.1:15039, 90a71c42-cf1a-4ac2-af8f-9011ebfd0240|127.0.0.1:15031] with ContainerStateMachine:uninitialized
2025-04-23 14:36:56,341 [2f27ff4a-e7fd-448a-86d2-53e05ca0039d-groupManagement] INFO  server.RaftServerConfigKeys (ConfUtils.java:logGet(46)) - raft.server.rpc.timeout.min = 5s (custom)
2025-04-23 14:36:56,341 [2f27ff4a-e7fd-448a-86d2-53e05ca0039d-groupManagement] INFO  server.RaftServerConfigKeys (ConfUtils.java:logGet(46)) - raft.server.rpc.timeout.max = 5200ms (custom)
2025-04-23 14:36:56,341 [2f27ff4a-e7fd-448a-86d2-53e05ca0039d-groupManagement] INFO  server.RaftServerConfigKeys (ConfUtils.java:logGet(46)) - raft.server.rpc.sleep.time = 25ms (default)
2025-04-23 14:36:56,341 [2f27ff4a-e7fd-448a-86d2-53e05ca0039d-groupManagement] INFO  server.RaftServerConfigKeys (ConfUtils.java:logGet(46)) - raft.server.rpc.slowness.timeout = 300s (custom)
2025-04-23 14:36:56,341 [2f27ff4a-e7fd-448a-86d2-53e05ca0039d-groupManagement] INFO  server.RaftServerConfigKeys (ConfUtils.java:logGet(46)) - raft.server.leaderelection.leader.step-down.wait-time = 10s (default)
2025-04-23 14:36:56,341 [2f27ff4a-e7fd-448a-86d2-53e05ca0039d-groupManagement] INFO  server.RaftServerConfigKeys (ConfUtils.java:logGet(46)) - raft.server.leaderelection.member.majority-add = false (default)
2025-04-23 14:36:56,341 [2f27ff4a-e7fd-448a-86d2-53e05ca0039d-groupManagement] INFO  server.RaftServerConfigKeys (ConfUtils.java:logGet(46)) - raft.server.sleep.deviation.threshold = 300ms (default)
2025-04-23 14:36:56,341 [2f27ff4a-e7fd-448a-86d2-53e05ca0039d-groupManagement] INFO  server.RaftServer$Division (ServerState.java:<init>(114)) - 2f27ff4a-e7fd-448a-86d2-53e05ca0039d@group-08615C97F66E: ConfigurationManager, init=conf: {index: -1, cur=peers:[b3e33d86-0447-4fd5-9cd5-f314a86cc755|127.0.0.1:15023, 2f27ff4a-e7fd-448a-86d2-53e05ca0039d|127.0.0.1:15039, 90a71c42-cf1a-4ac2-af8f-9011ebfd0240|127.0.0.1:15031]|listeners:[], old=null}, confs=<EMPTY_MAP>
2025-04-23 14:36:56,342 [2f27ff4a-e7fd-448a-86d2-53e05ca0039d-groupManagement] INFO  server.RaftServerConfigKeys (ConfUtils.java:logGet(46)) - raft.server.notification.no-leader.timeout = 300s (custom)
2025-04-23 14:36:56,342 [2f27ff4a-e7fd-448a-86d2-53e05ca0039d-groupManagement] INFO  server.RaftServerConfigKeys (ConfUtils.java:logGet(46)) - raft.server.read.timeout = 10s (default)
2025-04-23 14:36:56,342 [2f27ff4a-e7fd-448a-86d2-53e05ca0039d-groupManagement] INFO  server.RaftServerConfigKeys (ConfUtils.java:logGet(46)) - raft.server.retrycache.expirytime = 600000ms (custom)
2025-04-23 14:36:56,342 [2f27ff4a-e7fd-448a-86d2-53e05ca0039d-groupManagement] INFO  server.RaftServerConfigKeys (ConfUtils.java:logGet(46)) - raft.server.retrycache.statistics.expirytime = 100ms (default)
2025-04-23 14:36:56,342 [2f27ff4a-e7fd-448a-86d2-53e05ca0039d-groupManagement] INFO  server.RaftServerConfigKeys (ConfUtils.java:logGet(46)) - raft.server.read.option = DEFAULT (default)
2025-04-23 14:36:56,342 [2f27ff4a-e7fd-448a-86d2-53e05ca0039d-groupManagement] INFO  server.RaftServerConfigKeys (ConfUtils.java:logGet(46)) - raft.server.read.read-after-write-consistent.write-index-cache.expiry-time = 60s (default)
2025-04-23 14:36:56,345 [2f27ff4a-e7fd-448a-86d2-53e05ca0039d-groupManagement] INFO  server.RaftServerConfigKeys (ConfUtils.java:logGet(46)) - raft.server.rpc.request.timeout = 60s (custom)
2025-04-23 14:36:56,345 [2f27ff4a-e7fd-448a-86d2-53e05ca0039d-groupManagement] INFO  server.RaftServerConfigKeys (ConfUtils.java:logGet(46)) - raft.server.log.appender.install.snapshot.enabled = false (custom)
2025-04-23 14:36:56,345 [2f27ff4a-e7fd-448a-86d2-53e05ca0039d-groupManagement] INFO  server.RaftServerConfigKeys (ConfUtils.java:logGet(46)) - raft.server.threadpool.server.cached = true (default)
2025-04-23 14:36:56,345 [2f27ff4a-e7fd-448a-86d2-53e05ca0039d-groupManagement] INFO  server.RaftServerConfigKeys (ConfUtils.java:logGet(46)) - raft.server.threadpool.server.size = 0 (default)
2025-04-23 14:36:56,345 [2f27ff4a-e7fd-448a-86d2-53e05ca0039d-groupManagement] INFO  server.RaftServerConfigKeys (ConfUtils.java:logGet(46)) - raft.server.threadpool.client.cached = true (default)
2025-04-23 14:36:56,346 [2f27ff4a-e7fd-448a-86d2-53e05ca0039d-groupManagement] INFO  server.RaftServerConfigKeys (ConfUtils.java:logGet(46)) - raft.server.threadpool.client.size = 0 (default)
2025-04-23 14:36:56,346 [2f27ff4a-e7fd-448a-86d2-53e05ca0039d-groupManagement] INFO  server.RaftServerConfigKeys (ConfUtils.java:logGet(46)) - raft.server.storage.free-space.min = 0MB (=0) (default)
2025-04-23 14:36:56,346 [2f27ff4a-e7fd-448a-86d2-53e05ca0039d-groupManagement] INFO  server.RaftServerConfigKeys (ConfUtils.java:logGet(46)) - raft.server.log.corruption.policy = EXCEPTION (default)
2025-04-23 14:36:56,346 [2f27ff4a-e7fd-448a-86d2-53e05ca0039d-groupManagement] INFO  server.RaftServerConfigKeys (ConfUtils.java:logGet(46)) - raft.server.storage.dir = [/home/runner/work/ozone/ozone/hadoop-ozone/integration-test/target/test-dir/MiniOzoneClusterImpl-68853c07-42d2-4ef8-9e75-e3a852294e6a/ozone-meta/datanode-3/ratis] (custom)
2025-04-23 14:36:56,346 [2f27ff4a-e7fd-448a-86d2-53e05ca0039d-groupManagement] INFO  storage.RaftStorageDirectory (RaftStorageDirectoryImpl.java:analyzeStorage(138)) - The storage directory /home/runner/work/ozone/ozone/hadoop-ozone/integration-test/target/test-dir/MiniOzoneClusterImpl-68853c07-42d2-4ef8-9e75-e3a852294e6a/ozone-meta/datanode-3/ratis/b788c4d6-5c0b-4081-87b5-08615c97f66e does not exist. Creating ...
2025-04-23 14:36:56,347 [2f27ff4a-e7fd-448a-86d2-53e05ca0039d-groupManagement] INFO  storage.RaftStorageDirectory (RaftStorageDirectoryImpl.java:tryLock(229)) - Lock on /home/runner/work/ozone/ozone/hadoop-ozone/integration-test/target/test-dir/MiniOzoneClusterImpl-68853c07-42d2-4ef8-9e75-e3a852294e6a/ozone-meta/datanode-3/ratis/b788c4d6-5c0b-4081-87b5-08615c97f66e/in_use.lock acquired by nodename 129558@fv-az1120-822
2025-04-23 14:36:56,348 [2f27ff4a-e7fd-448a-86d2-53e05ca0039d-groupManagement] INFO  storage.RaftStorage (RaftStorageImpl.java:format(98)) - Storage directory /home/runner/work/ozone/ozone/hadoop-ozone/integration-test/target/test-dir/MiniOzoneClusterImpl-68853c07-42d2-4ef8-9e75-e3a852294e6a/ozone-meta/datanode-3/ratis/b788c4d6-5c0b-4081-87b5-08615c97f66e has been successfully formatted.
2025-04-23 14:36:56,349 [2f27ff4a-e7fd-448a-86d2-53e05ca0039d-groupManagement] INFO  ratis.ContainerStateMachine (ContainerStateMachine.java:initialize(339)) - 2f27ff4a-e7fd-448a-86d2-53e05ca0039d: initialize group-08615C97F66E
2025-04-23 14:36:56,349 [2f27ff4a-e7fd-448a-86d2-53e05ca0039d-groupManagement] INFO  ratis.ContainerStateMachine (ContainerStateMachine.java:loadSnapshot(347)) - group-08615C97F66E: The snapshot info is null. Setting the last applied index to:(t:0, i:~)
2025-04-23 14:36:56,349 [2f27ff4a-e7fd-448a-86d2-53e05ca0039d-groupManagement] INFO  server.RaftServerConfigKeys (ConfUtils.java:logGet(46)) - raft.server.log.use.memory = false (default)
2025-04-23 14:36:56,349 [2f27ff4a-e7fd-448a-86d2-53e05ca0039d-groupManagement] INFO  server.RaftServerConfigKeys (ConfUtils.java:logGet(46)) - raft.server.log.purge.gap = 1000000 (custom)
2025-04-23 14:36:56,349 [2f27ff4a-e7fd-448a-86d2-53e05ca0039d-groupManagement] INFO  server.RaftServerConfigKeys (ConfUtils.java:logGet(46)) - raft.server.log.appender.buffer.byte-limit = 33554432 (custom)
2025-04-23 14:36:56,349 [2f27ff4a-e7fd-448a-86d2-53e05ca0039d-groupManagement] INFO  server.RaftServerConfigKeys (ConfUtils.java:logGet(46)) - raft.server.log.statemachine.data.read.timeout = 1000ms (default)
2025-04-23 14:36:56,349 [2f27ff4a-e7fd-448a-86d2-53e05ca0039d-groupManagement] INFO  server.RaftServerConfigKeys (ConfUtils.java:logGet(46)) - raft.server.log.purge.preservation.log.num = 0 (default)
2025-04-23 14:36:56,351 [2f27ff4a-e7fd-448a-86d2-53e05ca0039d-groupManagement] INFO  server.RaftServerConfigKeys (ConfUtils.java:logGet(46)) - raft.server.log.segment.size.max = 67108864 (custom)
2025-04-23 14:36:56,352 [2f27ff4a-e7fd-448a-86d2-53e05ca0039d-groupManagement] INFO  server.RaftServerConfigKeys (ConfUtils.java:logGet(46)) - raft.server.log.segment.cache.num.max = 2 (custom)
2025-04-23 14:36:56,352 [2f27ff4a-e7fd-448a-86d2-53e05ca0039d-groupManagement] INFO  server.RaftServerConfigKeys (ConfUtils.java:logGet(46)) - raft.server.log.segment.cache.size.max = 200MB (=209715200) (default)
2025-04-23 14:36:56,352 [2f27ff4a-e7fd-448a-86d2-53e05ca0039d-groupManagement] INFO  server.RaftServerConfigKeys (ConfUtils.java:logGet(46)) - raft.server.log.appender.buffer.byte-limit = 33554432 (custom)
2025-04-23 14:36:56,353 [2f27ff4a-e7fd-448a-86d2-53e05ca0039d-groupManagement] INFO  util.AwaitToRun (AwaitToRun.java:start(81)) - Thread[#938,2f27ff4a-e7fd-448a-86d2-53e05ca0039d@group-08615C97F66E-cacheEviction-AwaitToRun,5,main] started
2025-04-23 14:36:56,353 [2f27ff4a-e7fd-448a-86d2-53e05ca0039d-groupManagement] INFO  segmented.SegmentedRaftLogWorker (SegmentedRaftLogWorker.java:<init>(188)) - new 2f27ff4a-e7fd-448a-86d2-53e05ca0039d@group-08615C97F66E-SegmentedRaftLogWorker for RaftStorageImpl:Storage Directory /home/runner/work/ozone/ozone/hadoop-ozone/integration-test/target/test-dir/MiniOzoneClusterImpl-68853c07-42d2-4ef8-9e75-e3a852294e6a/ozone-meta/datanode-3/ratis/b788c4d6-5c0b-4081-87b5-08615c97f66e
2025-04-23 14:36:56,353 [2f27ff4a-e7fd-448a-86d2-53e05ca0039d-groupManagement] INFO  server.RaftServerConfigKeys (ConfUtils.java:logGet(46)) - raft.server.log.queue.byte-limit = 4294967296 (custom)
2025-04-23 14:36:56,353 [2f27ff4a-e7fd-448a-86d2-53e05ca0039d-groupManagement] INFO  server.RaftServerConfigKeys (ConfUtils.java:logGet(46)) - raft.server.log.queue.element-limit = 1024 (custom)
2025-04-23 14:36:56,353 [2f27ff4a-e7fd-448a-86d2-53e05ca0039d-groupManagement] INFO  server.RaftServerConfigKeys (ConfUtils.java:logGet(46)) - raft.server.log.segment.size.max = 67108864 (custom)
2025-04-23 14:36:56,353 [2f27ff4a-e7fd-448a-86d2-53e05ca0039d-groupManagement] INFO  server.RaftServerConfigKeys (ConfUtils.java:logGet(46)) - raft.server.log.preallocated.size = 4194304 (custom)
2025-04-23 14:36:56,353 [2f27ff4a-e7fd-448a-86d2-53e05ca0039d-groupManagement] INFO  server.RaftServerConfigKeys (ConfUtils.java:logGet(46)) - raft.server.log.force.sync.num = 128 (default)
2025-04-23 14:36:56,354 [2f27ff4a-e7fd-448a-86d2-53e05ca0039d-groupManagement] INFO  server.RaftServerConfigKeys (ConfUtils.java:logGet(46)) - raft.server.log.statemachine.data.sync = true (default)
2025-04-23 14:36:56,354 [2f27ff4a-e7fd-448a-86d2-53e05ca0039d-groupManagement] INFO  server.RaftServerConfigKeys (ConfUtils.java:logGet(46)) - raft.server.log.statemachine.data.sync.timeout = 10s (default)
2025-04-23 14:36:56,354 [2f27ff4a-e7fd-448a-86d2-53e05ca0039d-groupManagement] INFO  server.RaftServerConfigKeys (ConfUtils.java:logGet(46)) - raft.server.log.statemachine.data.sync.timeout.retry = 30 (custom)
2025-04-23 14:36:56,354 [2f27ff4a-e7fd-448a-86d2-53e05ca0039d-groupManagement] INFO  server.RaftServerConfigKeys (ConfUtils.java:logGet(46)) - raft.server.log.write.buffer.size = 33554440 (custom)
2025-04-23 14:36:56,359 [2f27ff4a-e7fd-448a-86d2-53e05ca0039d-groupManagement] INFO  server.RaftServerConfigKeys (ConfUtils.java:logGet(46)) - raft.server.log.appender.buffer.byte-limit = 33554432 (custom)
2025-04-23 14:36:56,359 [2f27ff4a-e7fd-448a-86d2-53e05ca0039d-groupManagement] INFO  server.RaftServerConfigKeys (ConfUtils.java:logGet(46)) - raft.server.log.unsafe-flush.enabled = false (default)
2025-04-23 14:36:56,359 [2f27ff4a-e7fd-448a-86d2-53e05ca0039d-groupManagement] INFO  server.RaftServerConfigKeys (ConfUtils.java:logGet(46)) - raft.server.log.async-flush.enabled = false (default)
2025-04-23 14:36:56,359 [2f27ff4a-e7fd-448a-86d2-53e05ca0039d-groupManagement] INFO  server.RaftServerConfigKeys (ConfUtils.java:logGet(46)) - raft.server.log.statemachine.data.caching.enabled = true (custom)
2025-04-23 14:36:56,360 [2f27ff4a-e7fd-448a-86d2-53e05ca0039d-groupManagement] INFO  segmented.SegmentedRaftLogWorker (SegmentedRaftLogWorker.java:lambda$new$0(139)) - 2f27ff4a-e7fd-448a-86d2-53e05ca0039d@group-08615C97F66E-SegmentedRaftLogWorker: flushIndex: setUnconditionally 0 -> -1
2025-04-23 14:36:56,360 [2f27ff4a-e7fd-448a-86d2-53e05ca0039d-groupManagement] INFO  segmented.SegmentedRaftLogWorker (SegmentedRaftLogWorker.java:lambda$new$0(139)) - 2f27ff4a-e7fd-448a-86d2-53e05ca0039d@group-08615C97F66E-SegmentedRaftLogWorker: safeCacheEvictIndex: setUnconditionally 0 -> -1
2025-04-23 14:36:56,360 [2f27ff4a-e7fd-448a-86d2-53e05ca0039d-groupManagement] INFO  server.RaftServer$Division (RaftServerImpl.java:start(391)) - 2f27ff4a-e7fd-448a-86d2-53e05ca0039d@group-08615C97F66E: start as a follower, conf=conf: {index: -1, cur=peers:[b3e33d86-0447-4fd5-9cd5-f314a86cc755|127.0.0.1:15023, 2f27ff4a-e7fd-448a-86d2-53e05ca0039d|127.0.0.1:15039, 90a71c42-cf1a-4ac2-af8f-9011ebfd0240|127.0.0.1:15031]|listeners:[], old=null}
2025-04-23 14:36:56,360 [2f27ff4a-e7fd-448a-86d2-53e05ca0039d-groupManagement] INFO  server.RaftServer$Division (RaftServerImpl.java:setRole(378)) - 2f27ff4a-e7fd-448a-86d2-53e05ca0039d@group-08615C97F66E: changes role from      null to FOLLOWER at term 0 for startAsFollower
2025-04-23 14:36:56,360 [2f27ff4a-e7fd-448a-86d2-53e05ca0039d-groupManagement] INFO  impl.RoleInfo (RoleInfo.java:updateAndGet(148)) - 2f27ff4a-e7fd-448a-86d2-53e05ca0039d: start 2f27ff4a-e7fd-448a-86d2-53e05ca0039d@group-08615C97F66E-FollowerState
2025-04-23 14:36:56,360 [2f27ff4a-e7fd-448a-86d2-53e05ca0039d-groupManagement] INFO  util.JmxRegister (JmxRegister.java:tryRegister(44)) - Successfully registered JMX Bean with object name Ratis:service=RaftServer,group=group-08615C97F66E,id=2f27ff4a-e7fd-448a-86d2-53e05ca0039d
2025-04-23 14:36:56,361 [2f27ff4a-e7fd-448a-86d2-53e05ca0039d@group-08615C97F66E-FollowerState] INFO  server.RaftServerConfigKeys (ConfUtils.java:logGet(46)) - raft.server.rpc.first-election.timeout.min = 1000ms (custom)
2025-04-23 14:36:56,361 [2f27ff4a-e7fd-448a-86d2-53e05ca0039d-groupManagement] INFO  util.JmxRegister (JmxRegister.java:register(58)) - register mxBean class org.apache.ratis.server.impl.RaftServerJmxAdapter as Ratis:service=RaftServer,group=group-08615C97F66E,id=2f27ff4a-e7fd-448a-86d2-53e05ca0039d
2025-04-23 14:36:56,361 [2f27ff4a-e7fd-448a-86d2-53e05ca0039d-groupManagement] INFO  server.RaftServerConfigKeys (ConfUtils.java:logGet(46)) - raft.server.snapshot.trigger-when-stop.enabled = true (default)
2025-04-23 14:36:56,361 [2f27ff4a-e7fd-448a-86d2-53e05ca0039d-groupManagement] INFO  server.RaftServerConfigKeys (ConfUtils.java:logGet(46)) - raft.server.snapshot.trigger-when-remove.enabled = true (default)
2025-04-23 14:36:56,361 [2f27ff4a-e7fd-448a-86d2-53e05ca0039d@group-08615C97F66E-FollowerState] INFO  server.RaftServerConfigKeys (ConfUtils.java:logGet(46)) - raft.server.rpc.first-election.timeout.max = 1200ms (custom)
2025-04-23 14:36:56,361 [2f27ff4a-e7fd-448a-86d2-53e05ca0039d-groupManagement] INFO  server.RaftServerConfigKeys (ConfUtils.java:logGet(46)) - raft.server.snapshot.auto.trigger.enabled = true (custom)
2025-04-23 14:36:56,361 [2f27ff4a-e7fd-448a-86d2-53e05ca0039d-groupManagement] INFO  server.RaftServerConfigKeys (ConfUtils.java:logGet(46)) - raft.server.snapshot.auto.trigger.threshold = 100000 (custom)
2025-04-23 14:36:56,361 [2f27ff4a-e7fd-448a-86d2-53e05ca0039d-groupManagement] INFO  server.RaftServerConfigKeys (ConfUtils.java:logGet(46)) - raft.server.snapshot.retention.file.num = 5 (custom)
2025-04-23 14:36:56,361 [2f27ff4a-e7fd-448a-86d2-53e05ca0039d-groupManagement] INFO  server.RaftServerConfigKeys (ConfUtils.java:logGet(46)) - raft.server.log.purge.upto.snapshot.index = false (default)
2025-04-23 14:36:56,362 [2f27ff4a-e7fd-448a-86d2-53e05ca0039d-groupManagement] INFO  server.RaftServer$Division (RaftServerImpl.java:start(405)) - 2f27ff4a-e7fd-448a-86d2-53e05ca0039d@group-08615C97F66E: Successfully started.
2025-04-23 14:36:56,366 [b3e33d86-0447-4fd5-9cd5-f314a86cc755-PipelineCommandHandlerThread-0] INFO  commandhandler.CreatePipelineCommandHandler (CreatePipelineCommandHandler.java:lambda$handle$2(128)) - Created Pipeline RATIS THREE PipelineID=b788c4d6-5c0b-4081-87b5-08615c97f66e.
2025-04-23 14:36:56,366 [b3e33d86-0447-4fd5-9cd5-f314a86cc755-PipelineCommandHandlerThread-0] INFO  server.RaftServer (RaftServerProxy.java:addNew(100)) - b3e33d86-0447-4fd5-9cd5-f314a86cc755: addNew group-85496F183443:[b3e33d86-0447-4fd5-9cd5-f314a86cc755|127.0.0.1:15023, 2f27ff4a-e7fd-448a-86d2-53e05ca0039d|127.0.0.1:15039, 90a71c42-cf1a-4ac2-af8f-9011ebfd0240|127.0.0.1:15031] returns group-85496F183443:java.util.concurrent.CompletableFuture@30d98774[Not completed]
2025-04-23 14:36:56,368 [b3e33d86-0447-4fd5-9cd5-f314a86cc755-groupManagement] INFO  server.RaftServer$Division (RaftServerImpl.java:<init>(255)) - b3e33d86-0447-4fd5-9cd5-f314a86cc755: new RaftServerImpl for group-85496F183443:[b3e33d86-0447-4fd5-9cd5-f314a86cc755|127.0.0.1:15023, 2f27ff4a-e7fd-448a-86d2-53e05ca0039d|127.0.0.1:15039, 90a71c42-cf1a-4ac2-af8f-9011ebfd0240|127.0.0.1:15031] with ContainerStateMachine:uninitialized
2025-04-23 14:36:56,369 [b3e33d86-0447-4fd5-9cd5-f314a86cc755-groupManagement] INFO  server.RaftServerConfigKeys (ConfUtils.java:logGet(46)) - raft.server.rpc.timeout.min = 5s (custom)
2025-04-23 14:36:56,369 [b3e33d86-0447-4fd5-9cd5-f314a86cc755-groupManagement] INFO  server.RaftServerConfigKeys (ConfUtils.java:logGet(46)) - raft.server.rpc.timeout.max = 5200ms (custom)
2025-04-23 14:36:56,369 [b3e33d86-0447-4fd5-9cd5-f314a86cc755-groupManagement] INFO  server.RaftServerConfigKeys (ConfUtils.java:logGet(46)) - raft.server.rpc.sleep.time = 25ms (default)
2025-04-23 14:36:56,369 [b3e33d86-0447-4fd5-9cd5-f314a86cc755-groupManagement] INFO  server.RaftServerConfigKeys (ConfUtils.java:logGet(46)) - raft.server.rpc.slowness.timeout = 300s (custom)
2025-04-23 14:36:56,369 [b3e33d86-0447-4fd5-9cd5-f314a86cc755-groupManagement] INFO  server.RaftServerConfigKeys (ConfUtils.java:logGet(46)) - raft.server.leaderelection.leader.step-down.wait-time = 10s (default)
2025-04-23 14:36:56,369 [b3e33d86-0447-4fd5-9cd5-f314a86cc755-groupManagement] INFO  server.RaftServerConfigKeys (ConfUtils.java:logGet(46)) - raft.server.leaderelection.member.majority-add = false (default)
2025-04-23 14:36:56,369 [b3e33d86-0447-4fd5-9cd5-f314a86cc755-groupManagement] INFO  server.RaftServerConfigKeys (ConfUtils.java:logGet(46)) - raft.server.sleep.deviation.threshold = 300ms (default)
2025-04-23 14:36:56,369 [b3e33d86-0447-4fd5-9cd5-f314a86cc755-groupManagement] INFO  server.RaftServer$Division (ServerState.java:<init>(114)) - b3e33d86-0447-4fd5-9cd5-f314a86cc755@group-85496F183443: ConfigurationManager, init=conf: {index: -1, cur=peers:[b3e33d86-0447-4fd5-9cd5-f314a86cc755|127.0.0.1:15023, 2f27ff4a-e7fd-448a-86d2-53e05ca0039d|127.0.0.1:15039, 90a71c42-cf1a-4ac2-af8f-9011ebfd0240|127.0.0.1:15031]|listeners:[], old=null}, confs=<EMPTY_MAP>
2025-04-23 14:36:56,369 [b3e33d86-0447-4fd5-9cd5-f314a86cc755-groupManagement] INFO  server.RaftServerConfigKeys (ConfUtils.java:logGet(46)) - raft.server.notification.no-leader.timeout = 300s (custom)
2025-04-23 14:36:56,369 [b3e33d86-0447-4fd5-9cd5-f314a86cc755-groupManagement] INFO  server.RaftServerConfigKeys (ConfUtils.java:logGet(46)) - raft.server.read.timeout = 10s (default)
2025-04-23 14:36:56,369 [b3e33d86-0447-4fd5-9cd5-f314a86cc755-groupManagement] INFO  server.RaftServerConfigKeys (ConfUtils.java:logGet(46)) - raft.server.retrycache.expirytime = 600000ms (custom)
2025-04-23 14:36:56,369 [b3e33d86-0447-4fd5-9cd5-f314a86cc755-groupManagement] INFO  server.RaftServerConfigKeys (ConfUtils.java:logGet(46)) - raft.server.retrycache.statistics.expirytime = 100ms (default)
2025-04-23 14:36:56,369 [b3e33d86-0447-4fd5-9cd5-f314a86cc755-groupManagement] INFO  server.RaftServerConfigKeys (ConfUtils.java:logGet(46)) - raft.server.read.option = DEFAULT (default)
2025-04-23 14:36:56,370 [b3e33d86-0447-4fd5-9cd5-f314a86cc755-groupManagement] INFO  server.RaftServerConfigKeys (ConfUtils.java:logGet(46)) - raft.server.read.read-after-write-consistent.write-index-cache.expiry-time = 60s (default)
2025-04-23 14:36:56,373 [b3e33d86-0447-4fd5-9cd5-f314a86cc755-groupManagement] INFO  server.RaftServerConfigKeys (ConfUtils.java:logGet(46)) - raft.server.rpc.request.timeout = 60s (custom)
2025-04-23 14:36:56,373 [b3e33d86-0447-4fd5-9cd5-f314a86cc755-groupManagement] INFO  server.RaftServerConfigKeys (ConfUtils.java:logGet(46)) - raft.server.log.appender.install.snapshot.enabled = false (custom)
2025-04-23 14:36:56,373 [b3e33d86-0447-4fd5-9cd5-f314a86cc755-groupManagement] INFO  server.RaftServerConfigKeys (ConfUtils.java:logGet(46)) - raft.server.threadpool.server.cached = true (default)
2025-04-23 14:36:56,373 [b3e33d86-0447-4fd5-9cd5-f314a86cc755-groupManagement] INFO  server.RaftServerConfigKeys (ConfUtils.java:logGet(46)) - raft.server.threadpool.server.size = 0 (default)
2025-04-23 14:36:56,373 [b3e33d86-0447-4fd5-9cd5-f314a86cc755-groupManagement] INFO  server.RaftServerConfigKeys (ConfUtils.java:logGet(46)) - raft.server.threadpool.client.cached = true (default)
2025-04-23 14:36:56,373 [b3e33d86-0447-4fd5-9cd5-f314a86cc755-groupManagement] INFO  server.RaftServerConfigKeys (ConfUtils.java:logGet(46)) - raft.server.threadpool.client.size = 0 (default)
2025-04-23 14:36:56,373 [b3e33d86-0447-4fd5-9cd5-f314a86cc755-groupManagement] INFO  server.RaftServerConfigKeys (ConfUtils.java:logGet(46)) - raft.server.storage.free-space.min = 0MB (=0) (default)
2025-04-23 14:36:56,374 [b3e33d86-0447-4fd5-9cd5-f314a86cc755-groupManagement] INFO  server.RaftServerConfigKeys (ConfUtils.java:logGet(46)) - raft.server.log.corruption.policy = EXCEPTION (default)
2025-04-23 14:36:56,374 [b3e33d86-0447-4fd5-9cd5-f314a86cc755-groupManagement] INFO  server.RaftServerConfigKeys (ConfUtils.java:logGet(46)) - raft.server.storage.dir = [/home/runner/work/ozone/ozone/hadoop-ozone/integration-test/target/test-dir/MiniOzoneClusterImpl-68853c07-42d2-4ef8-9e75-e3a852294e6a/ozone-meta/datanode-1/ratis] (custom)
2025-04-23 14:36:56,374 [b3e33d86-0447-4fd5-9cd5-f314a86cc755-groupManagement] INFO  storage.RaftStorageDirectory (RaftStorageDirectoryImpl.java:analyzeStorage(138)) - The storage directory /home/runner/work/ozone/ozone/hadoop-ozone/integration-test/target/test-dir/MiniOzoneClusterImpl-68853c07-42d2-4ef8-9e75-e3a852294e6a/ozone-meta/datanode-1/ratis/b2345045-09bf-4935-b2ff-85496f183443 does not exist. Creating ...
2025-04-23 14:36:56,375 [b3e33d86-0447-4fd5-9cd5-f314a86cc755-groupManagement] INFO  storage.RaftStorageDirectory (RaftStorageDirectoryImpl.java:tryLock(229)) - Lock on /home/runner/work/ozone/ozone/hadoop-ozone/integration-test/target/test-dir/MiniOzoneClusterImpl-68853c07-42d2-4ef8-9e75-e3a852294e6a/ozone-meta/datanode-1/ratis/b2345045-09bf-4935-b2ff-85496f183443/in_use.lock acquired by nodename 129558@fv-az1120-822
2025-04-23 14:36:56,378 [b3e33d86-0447-4fd5-9cd5-f314a86cc755-groupManagement] INFO  storage.RaftStorage (RaftStorageImpl.java:format(98)) - Storage directory /home/runner/work/ozone/ozone/hadoop-ozone/integration-test/target/test-dir/MiniOzoneClusterImpl-68853c07-42d2-4ef8-9e75-e3a852294e6a/ozone-meta/datanode-1/ratis/b2345045-09bf-4935-b2ff-85496f183443 has been successfully formatted.
2025-04-23 14:36:56,379 [b3e33d86-0447-4fd5-9cd5-f314a86cc755-groupManagement] INFO  ratis.ContainerStateMachine (ContainerStateMachine.java:initialize(339)) - b3e33d86-0447-4fd5-9cd5-f314a86cc755: initialize group-85496F183443
2025-04-23 14:36:56,379 [b3e33d86-0447-4fd5-9cd5-f314a86cc755-groupManagement] INFO  ratis.ContainerStateMachine (ContainerStateMachine.java:loadSnapshot(347)) - group-85496F183443: The snapshot info is null. Setting the last applied index to:(t:0, i:~)
2025-04-23 14:36:56,380 [b3e33d86-0447-4fd5-9cd5-f314a86cc755-groupManagement] INFO  server.RaftServerConfigKeys (ConfUtils.java:logGet(46)) - raft.server.log.use.memory = false (default)
2025-04-23 14:36:56,380 [b3e33d86-0447-4fd5-9cd5-f314a86cc755-groupManagement] INFO  server.RaftServerConfigKeys (ConfUtils.java:logGet(46)) - raft.server.log.purge.gap = 1000000 (custom)
2025-04-23 14:36:56,380 [b3e33d86-0447-4fd5-9cd5-f314a86cc755-groupManagement] INFO  server.RaftServerConfigKeys (ConfUtils.java:logGet(46)) - raft.server.log.appender.buffer.byte-limit = 33554432 (custom)
2025-04-23 14:36:56,380 [b3e33d86-0447-4fd5-9cd5-f314a86cc755-groupManagement] INFO  server.RaftServerConfigKeys (ConfUtils.java:logGet(46)) - raft.server.log.statemachine.data.read.timeout = 1000ms (default)
2025-04-23 14:36:56,381 [b3e33d86-0447-4fd5-9cd5-f314a86cc755-groupManagement] INFO  server.RaftServerConfigKeys (ConfUtils.java:logGet(46)) - raft.server.log.purge.preservation.log.num = 0 (default)
2025-04-23 14:36:56,384 [b3e33d86-0447-4fd5-9cd5-f314a86cc755-groupManagement] INFO  server.RaftServerConfigKeys (ConfUtils.java:logGet(46)) - raft.server.log.segment.size.max = 67108864 (custom)
2025-04-23 14:36:56,385 [b3e33d86-0447-4fd5-9cd5-f314a86cc755-groupManagement] INFO  server.RaftServerConfigKeys (ConfUtils.java:logGet(46)) - raft.server.log.segment.cache.num.max = 2 (custom)
2025-04-23 14:36:56,385 [b3e33d86-0447-4fd5-9cd5-f314a86cc755-groupManagement] INFO  server.RaftServerConfigKeys (ConfUtils.java:logGet(46)) - raft.server.log.segment.cache.size.max = 200MB (=209715200) (default)
2025-04-23 14:36:56,386 [b3e33d86-0447-4fd5-9cd5-f314a86cc755-groupManagement] INFO  server.RaftServerConfigKeys (ConfUtils.java:logGet(46)) - raft.server.log.appender.buffer.byte-limit = 33554432 (custom)
2025-04-23 14:36:56,387 [EventQueue-OpenPipelineForHealthyPipelineSafeModeRule] INFO  safemode.SCMSafeModeManager (HealthyPipelineSafeModeRule.java:process(141)) - SCM in safe mode. Healthy pipelines reported count is 0, required healthy pipeline reported count is 1
2025-04-23 14:36:56,388 [b3e33d86-0447-4fd5-9cd5-f314a86cc755-groupManagement] INFO  util.AwaitToRun (AwaitToRun.java:start(81)) - Thread[#945,b3e33d86-0447-4fd5-9cd5-f314a86cc755@group-85496F183443-cacheEviction-AwaitToRun,5,main] started
2025-04-23 14:36:56,388 [b3e33d86-0447-4fd5-9cd5-f314a86cc755-groupManagement] INFO  segmented.SegmentedRaftLogWorker (SegmentedRaftLogWorker.java:<init>(188)) - new b3e33d86-0447-4fd5-9cd5-f314a86cc755@group-85496F183443-SegmentedRaftLogWorker for RaftStorageImpl:Storage Directory /home/runner/work/ozone/ozone/hadoop-ozone/integration-test/target/test-dir/MiniOzoneClusterImpl-68853c07-42d2-4ef8-9e75-e3a852294e6a/ozone-meta/datanode-1/ratis/b2345045-09bf-4935-b2ff-85496f183443
2025-04-23 14:36:56,388 [b3e33d86-0447-4fd5-9cd5-f314a86cc755-groupManagement] INFO  server.RaftServerConfigKeys (ConfUtils.java:logGet(46)) - raft.server.log.queue.byte-limit = 4294967296 (custom)
2025-04-23 14:36:56,388 [b3e33d86-0447-4fd5-9cd5-f314a86cc755-groupManagement] INFO  server.RaftServerConfigKeys (ConfUtils.java:logGet(46)) - raft.server.log.queue.element-limit = 1024 (custom)
2025-04-23 14:36:56,388 [b3e33d86-0447-4fd5-9cd5-f314a86cc755-groupManagement] INFO  server.RaftServerConfigKeys (ConfUtils.java:logGet(46)) - raft.server.log.segment.size.max = 67108864 (custom)
2025-04-23 14:36:56,388 [b3e33d86-0447-4fd5-9cd5-f314a86cc755-groupManagement] INFO  server.RaftServerConfigKeys (ConfUtils.java:logGet(46)) - raft.server.log.preallocated.size = 4194304 (custom)
2025-04-23 14:36:56,388 [b3e33d86-0447-4fd5-9cd5-f314a86cc755-groupManagement] INFO  server.RaftServerConfigKeys (ConfUtils.java:logGet(46)) - raft.server.log.force.sync.num = 128 (default)
2025-04-23 14:36:56,388 [b3e33d86-0447-4fd5-9cd5-f314a86cc755-groupManagement] INFO  server.RaftServerConfigKeys (ConfUtils.java:logGet(46)) - raft.server.log.statemachine.data.sync = true (default)
2025-04-23 14:36:56,388 [b3e33d86-0447-4fd5-9cd5-f314a86cc755-groupManagement] INFO  server.RaftServerConfigKeys (ConfUtils.java:logGet(46)) - raft.server.log.statemachine.data.sync.timeout = 10s (default)
2025-04-23 14:36:56,388 [b3e33d86-0447-4fd5-9cd5-f314a86cc755-groupManagement] INFO  server.RaftServerConfigKeys (ConfUtils.java:logGet(46)) - raft.server.log.statemachine.data.sync.timeout.retry = 30 (custom)
2025-04-23 14:36:56,389 [b3e33d86-0447-4fd5-9cd5-f314a86cc755-groupManagement] INFO  server.RaftServerConfigKeys (ConfUtils.java:logGet(46)) - raft.server.log.write.buffer.size = 33554440 (custom)
2025-04-23 14:36:56,394 [b3e33d86-0447-4fd5-9cd5-f314a86cc755-groupManagement] INFO  server.RaftServerConfigKeys (ConfUtils.java:logGet(46)) - raft.server.log.appender.buffer.byte-limit = 33554432 (custom)
2025-04-23 14:36:56,394 [b3e33d86-0447-4fd5-9cd5-f314a86cc755-groupManagement] INFO  server.RaftServerConfigKeys (ConfUtils.java:logGet(46)) - raft.server.log.unsafe-flush.enabled = false (default)
2025-04-23 14:36:56,394 [b3e33d86-0447-4fd5-9cd5-f314a86cc755-groupManagement] INFO  server.RaftServerConfigKeys (ConfUtils.java:logGet(46)) - raft.server.log.async-flush.enabled = false (default)
2025-04-23 14:36:56,395 [b3e33d86-0447-4fd5-9cd5-f314a86cc755-groupManagement] INFO  server.RaftServerConfigKeys (ConfUtils.java:logGet(46)) - raft.server.log.statemachine.data.caching.enabled = true (custom)
2025-04-23 14:36:56,395 [b3e33d86-0447-4fd5-9cd5-f314a86cc755-groupManagement] INFO  segmented.SegmentedRaftLogWorker (SegmentedRaftLogWorker.java:lambda$new$0(139)) - b3e33d86-0447-4fd5-9cd5-f314a86cc755@group-85496F183443-SegmentedRaftLogWorker: flushIndex: setUnconditionally 0 -> -1
2025-04-23 14:36:56,395 [b3e33d86-0447-4fd5-9cd5-f314a86cc755-groupManagement] INFO  segmented.SegmentedRaftLogWorker (SegmentedRaftLogWorker.java:lambda$new$0(139)) - b3e33d86-0447-4fd5-9cd5-f314a86cc755@group-85496F183443-SegmentedRaftLogWorker: safeCacheEvictIndex: setUnconditionally 0 -> -1
2025-04-23 14:36:56,396 [b3e33d86-0447-4fd5-9cd5-f314a86cc755-groupManagement] INFO  server.RaftServer$Division (RaftServerImpl.java:start(391)) - b3e33d86-0447-4fd5-9cd5-f314a86cc755@group-85496F183443: start as a follower, conf=conf: {index: -1, cur=peers:[b3e33d86-0447-4fd5-9cd5-f314a86cc755|127.0.0.1:15023, 2f27ff4a-e7fd-448a-86d2-53e05ca0039d|127.0.0.1:15039, 90a71c42-cf1a-4ac2-af8f-9011ebfd0240|127.0.0.1:15031]|listeners:[], old=null}
2025-04-23 14:36:56,396 [b3e33d86-0447-4fd5-9cd5-f314a86cc755-groupManagement] INFO  server.RaftServer$Division (RaftServerImpl.java:setRole(378)) - b3e33d86-0447-4fd5-9cd5-f314a86cc755@group-85496F183443: changes role from      null to FOLLOWER at term 0 for startAsFollower
2025-04-23 14:36:56,396 [b3e33d86-0447-4fd5-9cd5-f314a86cc755-groupManagement] INFO  impl.RoleInfo (RoleInfo.java:updateAndGet(148)) - b3e33d86-0447-4fd5-9cd5-f314a86cc755: start b3e33d86-0447-4fd5-9cd5-f314a86cc755@group-85496F183443-FollowerState
2025-04-23 14:36:56,396 [b3e33d86-0447-4fd5-9cd5-f314a86cc755-groupManagement] INFO  util.JmxRegister (JmxRegister.java:tryRegister(44)) - Successfully registered JMX Bean with object name Ratis:service=RaftServer,group=group-85496F183443,id=b3e33d86-0447-4fd5-9cd5-f314a86cc755
2025-04-23 14:36:56,396 [b3e33d86-0447-4fd5-9cd5-f314a86cc755-groupManagement] INFO  util.JmxRegister (JmxRegister.java:register(58)) - register mxBean class org.apache.ratis.server.impl.RaftServerJmxAdapter as Ratis:service=RaftServer,group=group-85496F183443,id=b3e33d86-0447-4fd5-9cd5-f314a86cc755
2025-04-23 14:36:56,396 [b3e33d86-0447-4fd5-9cd5-f314a86cc755-groupManagement] INFO  server.RaftServerConfigKeys (ConfUtils.java:logGet(46)) - raft.server.snapshot.trigger-when-stop.enabled = true (default)
2025-04-23 14:36:56,396 [b3e33d86-0447-4fd5-9cd5-f314a86cc755-groupManagement] INFO  server.RaftServerConfigKeys (ConfUtils.java:logGet(46)) - raft.server.snapshot.trigger-when-remove.enabled = true (default)
2025-04-23 14:36:56,396 [b3e33d86-0447-4fd5-9cd5-f314a86cc755-groupManagement] INFO  server.RaftServerConfigKeys (ConfUtils.java:logGet(46)) - raft.server.snapshot.auto.trigger.enabled = true (custom)
2025-04-23 14:36:56,397 [b3e33d86-0447-4fd5-9cd5-f314a86cc755@group-85496F183443-FollowerState] INFO  server.RaftServerConfigKeys (ConfUtils.java:logGet(46)) - raft.server.rpc.first-election.timeout.min = 1000ms (custom)
2025-04-23 14:36:56,397 [b3e33d86-0447-4fd5-9cd5-f314a86cc755@group-85496F183443-FollowerState] INFO  server.RaftServerConfigKeys (ConfUtils.java:logGet(46)) - raft.server.rpc.first-election.timeout.max = 1200ms (custom)
2025-04-23 14:36:56,397 [b3e33d86-0447-4fd5-9cd5-f314a86cc755-groupManagement] INFO  server.RaftServerConfigKeys (ConfUtils.java:logGet(46)) - raft.server.snapshot.auto.trigger.threshold = 100000 (custom)
2025-04-23 14:36:56,398 [b3e33d86-0447-4fd5-9cd5-f314a86cc755-groupManagement] INFO  server.RaftServerConfigKeys (ConfUtils.java:logGet(46)) - raft.server.snapshot.retention.file.num = 5 (custom)
2025-04-23 14:36:56,398 [b3e33d86-0447-4fd5-9cd5-f314a86cc755-groupManagement] INFO  server.RaftServerConfigKeys (ConfUtils.java:logGet(46)) - raft.server.log.purge.upto.snapshot.index = false (default)
2025-04-23 14:36:56,399 [b3e33d86-0447-4fd5-9cd5-f314a86cc755-groupManagement] INFO  server.RaftServer$Division (RaftServerImpl.java:start(405)) - b3e33d86-0447-4fd5-9cd5-f314a86cc755@group-85496F183443: Successfully started.
2025-04-23 14:36:56,399 [b3e33d86-0447-4fd5-9cd5-f314a86cc755-PipelineCommandHandlerThread-0] INFO  ratis.XceiverServerRatis (XceiverServerRatis.java:addGroup(842)) - Created group PipelineID=b2345045-09bf-4935-b2ff-85496f183443
2025-04-23 14:36:56,408 [grpc-default-executor-7] INFO  server.RaftServer (RaftServerProxy.java:addNew(100)) - 90a71c42-cf1a-4ac2-af8f-9011ebfd0240: addNew group-85496F183443:[b3e33d86-0447-4fd5-9cd5-f314a86cc755|127.0.0.1:15023, 2f27ff4a-e7fd-448a-86d2-53e05ca0039d|127.0.0.1:15039, 90a71c42-cf1a-4ac2-af8f-9011ebfd0240|127.0.0.1:15031] returns group-85496F183443:java.util.concurrent.CompletableFuture@3624be14[Not completed]
2025-04-23 14:36:56,409 [90a71c42-cf1a-4ac2-af8f-9011ebfd0240-groupManagement] INFO  server.RaftServer$Division (RaftServerImpl.java:<init>(255)) - 90a71c42-cf1a-4ac2-af8f-9011ebfd0240: new RaftServerImpl for group-85496F183443:[b3e33d86-0447-4fd5-9cd5-f314a86cc755|127.0.0.1:15023, 2f27ff4a-e7fd-448a-86d2-53e05ca0039d|127.0.0.1:15039, 90a71c42-cf1a-4ac2-af8f-9011ebfd0240|127.0.0.1:15031] with ContainerStateMachine:uninitialized
2025-04-23 14:36:56,410 [90a71c42-cf1a-4ac2-af8f-9011ebfd0240-groupManagement] INFO  server.RaftServerConfigKeys (ConfUtils.java:logGet(46)) - raft.server.rpc.timeout.min = 5s (custom)
2025-04-23 14:36:56,410 [90a71c42-cf1a-4ac2-af8f-9011ebfd0240-groupManagement] INFO  server.RaftServerConfigKeys (ConfUtils.java:logGet(46)) - raft.server.rpc.timeout.max = 5200ms (custom)
2025-04-23 14:36:56,410 [90a71c42-cf1a-4ac2-af8f-9011ebfd0240-groupManagement] INFO  server.RaftServerConfigKeys (ConfUtils.java:logGet(46)) - raft.server.rpc.sleep.time = 25ms (default)
2025-04-23 14:36:56,410 [90a71c42-cf1a-4ac2-af8f-9011ebfd0240-groupManagement] INFO  server.RaftServerConfigKeys (ConfUtils.java:logGet(46)) - raft.server.rpc.slowness.timeout = 300s (custom)
2025-04-23 14:36:56,410 [90a71c42-cf1a-4ac2-af8f-9011ebfd0240-groupManagement] INFO  server.RaftServerConfigKeys (ConfUtils.java:logGet(46)) - raft.server.leaderelection.leader.step-down.wait-time = 10s (default)
2025-04-23 14:36:56,410 [90a71c42-cf1a-4ac2-af8f-9011ebfd0240-groupManagement] INFO  server.RaftServerConfigKeys (ConfUtils.java:logGet(46)) - raft.server.leaderelection.member.majority-add = false (default)
2025-04-23 14:36:56,410 [90a71c42-cf1a-4ac2-af8f-9011ebfd0240-groupManagement] INFO  server.RaftServerConfigKeys (ConfUtils.java:logGet(46)) - raft.server.sleep.deviation.threshold = 300ms (default)
2025-04-23 14:36:56,410 [90a71c42-cf1a-4ac2-af8f-9011ebfd0240-groupManagement] INFO  server.RaftServer$Division (ServerState.java:<init>(114)) - 90a71c42-cf1a-4ac2-af8f-9011ebfd0240@group-85496F183443: ConfigurationManager, init=conf: {index: -1, cur=peers:[b3e33d86-0447-4fd5-9cd5-f314a86cc755|127.0.0.1:15023, 2f27ff4a-e7fd-448a-86d2-53e05ca0039d|127.0.0.1:15039, 90a71c42-cf1a-4ac2-af8f-9011ebfd0240|127.0.0.1:15031]|listeners:[], old=null}, confs=<EMPTY_MAP>
2025-04-23 14:36:56,410 [90a71c42-cf1a-4ac2-af8f-9011ebfd0240-groupManagement] INFO  server.RaftServerConfigKeys (ConfUtils.java:logGet(46)) - raft.server.notification.no-leader.timeout = 300s (custom)
2025-04-23 14:36:56,410 [90a71c42-cf1a-4ac2-af8f-9011ebfd0240-groupManagement] INFO  server.RaftServerConfigKeys (ConfUtils.java:logGet(46)) - raft.server.read.timeout = 10s (default)
2025-04-23 14:36:56,410 [90a71c42-cf1a-4ac2-af8f-9011ebfd0240-groupManagement] INFO  server.RaftServerConfigKeys (ConfUtils.java:logGet(46)) - raft.server.retrycache.expirytime = 600000ms (custom)
2025-04-23 14:36:56,411 [90a71c42-cf1a-4ac2-af8f-9011ebfd0240-groupManagement] INFO  server.RaftServerConfigKeys (ConfUtils.java:logGet(46)) - raft.server.retrycache.statistics.expirytime = 100ms (default)
2025-04-23 14:36:56,411 [90a71c42-cf1a-4ac2-af8f-9011ebfd0240-groupManagement] INFO  server.RaftServerConfigKeys (ConfUtils.java:logGet(46)) - raft.server.read.option = DEFAULT (default)
2025-04-23 14:36:56,411 [90a71c42-cf1a-4ac2-af8f-9011ebfd0240-groupManagement] INFO  server.RaftServerConfigKeys (ConfUtils.java:logGet(46)) - raft.server.read.read-after-write-consistent.write-index-cache.expiry-time = 60s (default)
2025-04-23 14:36:56,414 [90a71c42-cf1a-4ac2-af8f-9011ebfd0240-groupManagement] INFO  server.RaftServerConfigKeys (ConfUtils.java:logGet(46)) - raft.server.rpc.request.timeout = 60s (custom)
2025-04-23 14:36:56,414 [90a71c42-cf1a-4ac2-af8f-9011ebfd0240-groupManagement] INFO  server.RaftServerConfigKeys (ConfUtils.java:logGet(46)) - raft.server.log.appender.install.snapshot.enabled = false (custom)
2025-04-23 14:36:56,414 [90a71c42-cf1a-4ac2-af8f-9011ebfd0240-groupManagement] INFO  server.RaftServerConfigKeys (ConfUtils.java:logGet(46)) - raft.server.threadpool.server.cached = true (default)
2025-04-23 14:36:56,415 [90a71c42-cf1a-4ac2-af8f-9011ebfd0240-groupManagement] INFO  server.RaftServerConfigKeys (ConfUtils.java:logGet(46)) - raft.server.threadpool.server.size = 0 (default)
2025-04-23 14:36:56,415 [90a71c42-cf1a-4ac2-af8f-9011ebfd0240-groupManagement] INFO  server.RaftServerConfigKeys (ConfUtils.java:logGet(46)) - raft.server.threadpool.client.cached = true (default)
2025-04-23 14:36:56,415 [90a71c42-cf1a-4ac2-af8f-9011ebfd0240-groupManagement] INFO  server.RaftServerConfigKeys (ConfUtils.java:logGet(46)) - raft.server.threadpool.client.size = 0 (default)
2025-04-23 14:36:56,415 [90a71c42-cf1a-4ac2-af8f-9011ebfd0240-groupManagement] INFO  server.RaftServerConfigKeys (ConfUtils.java:logGet(46)) - raft.server.storage.free-space.min = 0MB (=0) (default)
2025-04-23 14:36:56,415 [90a71c42-cf1a-4ac2-af8f-9011ebfd0240-groupManagement] INFO  server.RaftServerConfigKeys (ConfUtils.java:logGet(46)) - raft.server.log.corruption.policy = EXCEPTION (default)
2025-04-23 14:36:56,415 [90a71c42-cf1a-4ac2-af8f-9011ebfd0240-groupManagement] INFO  server.RaftServerConfigKeys (ConfUtils.java:logGet(46)) - raft.server.storage.dir = [/home/runner/work/ozone/ozone/hadoop-ozone/integration-test/target/test-dir/MiniOzoneClusterImpl-68853c07-42d2-4ef8-9e75-e3a852294e6a/ozone-meta/datanode-2/ratis] (custom)
2025-04-23 14:36:56,415 [90a71c42-cf1a-4ac2-af8f-9011ebfd0240-groupManagement] INFO  storage.RaftStorageDirectory (RaftStorageDirectoryImpl.java:analyzeStorage(138)) - The storage directory /home/runner/work/ozone/ozone/hadoop-ozone/integration-test/target/test-dir/MiniOzoneClusterImpl-68853c07-42d2-4ef8-9e75-e3a852294e6a/ozone-meta/datanode-2/ratis/b2345045-09bf-4935-b2ff-85496f183443 does not exist. Creating ...
2025-04-23 14:36:56,417 [90a71c42-cf1a-4ac2-af8f-9011ebfd0240-groupManagement] INFO  storage.RaftStorageDirectory (RaftStorageDirectoryImpl.java:tryLock(229)) - Lock on /home/runner/work/ozone/ozone/hadoop-ozone/integration-test/target/test-dir/MiniOzoneClusterImpl-68853c07-42d2-4ef8-9e75-e3a852294e6a/ozone-meta/datanode-2/ratis/b2345045-09bf-4935-b2ff-85496f183443/in_use.lock acquired by nodename 129558@fv-az1120-822
2025-04-23 14:36:56,418 [90a71c42-cf1a-4ac2-af8f-9011ebfd0240-groupManagement] INFO  storage.RaftStorage (RaftStorageImpl.java:format(98)) - Storage directory /home/runner/work/ozone/ozone/hadoop-ozone/integration-test/target/test-dir/MiniOzoneClusterImpl-68853c07-42d2-4ef8-9e75-e3a852294e6a/ozone-meta/datanode-2/ratis/b2345045-09bf-4935-b2ff-85496f183443 has been successfully formatted.
2025-04-23 14:36:56,418 [90a71c42-cf1a-4ac2-af8f-9011ebfd0240-groupManagement] INFO  ratis.ContainerStateMachine (ContainerStateMachine.java:initialize(339)) - 90a71c42-cf1a-4ac2-af8f-9011ebfd0240: initialize group-85496F183443
2025-04-23 14:36:56,419 [90a71c42-cf1a-4ac2-af8f-9011ebfd0240-groupManagement] INFO  ratis.ContainerStateMachine (ContainerStateMachine.java:loadSnapshot(347)) - group-85496F183443: The snapshot info is null. Setting the last applied index to:(t:0, i:~)
2025-04-23 14:36:56,419 [90a71c42-cf1a-4ac2-af8f-9011ebfd0240-groupManagement] INFO  server.RaftServerConfigKeys (ConfUtils.java:logGet(46)) - raft.server.log.use.memory = false (default)
2025-04-23 14:36:56,419 [90a71c42-cf1a-4ac2-af8f-9011ebfd0240-groupManagement] INFO  server.RaftServerConfigKeys (ConfUtils.java:logGet(46)) - raft.server.log.purge.gap = 1000000 (custom)
2025-04-23 14:36:56,419 [90a71c42-cf1a-4ac2-af8f-9011ebfd0240-groupManagement] INFO  server.RaftServerConfigKeys (ConfUtils.java:logGet(46)) - raft.server.log.appender.buffer.byte-limit = 33554432 (custom)
2025-04-23 14:36:56,419 [90a71c42-cf1a-4ac2-af8f-9011ebfd0240-groupManagement] INFO  server.RaftServerConfigKeys (ConfUtils.java:logGet(46)) - raft.server.log.statemachine.data.read.timeout = 1000ms (default)
2025-04-23 14:36:56,419 [90a71c42-cf1a-4ac2-af8f-9011ebfd0240-groupManagement] INFO  server.RaftServerConfigKeys (ConfUtils.java:logGet(46)) - raft.server.log.purge.preservation.log.num = 0 (default)
2025-04-23 14:36:56,420 [90a71c42-cf1a-4ac2-af8f-9011ebfd0240-PipelineCommandHandlerThread-0] INFO  server.RaftServer (RaftServerProxy.java:addNew(100)) - 90a71c42-cf1a-4ac2-af8f-9011ebfd0240: addNew group-CDAE406581E4:[90a71c42-cf1a-4ac2-af8f-9011ebfd0240|127.0.0.1:15031] returns group-CDAE406581E4:java.util.concurrent.CompletableFuture@3d62021d[Not completed]
2025-04-23 14:36:56,422 [90a71c42-cf1a-4ac2-af8f-9011ebfd0240-groupManagement] INFO  server.RaftServerConfigKeys (ConfUtils.java:logGet(46)) - raft.server.log.segment.size.max = 67108864 (custom)
2025-04-23 14:36:56,422 [90a71c42-cf1a-4ac2-af8f-9011ebfd0240-groupManagement] INFO  server.RaftServerConfigKeys (ConfUtils.java:logGet(46)) - raft.server.log.segment.cache.num.max = 2 (custom)
2025-04-23 14:36:56,422 [90a71c42-cf1a-4ac2-af8f-9011ebfd0240-groupManagement] INFO  server.RaftServerConfigKeys (ConfUtils.java:logGet(46)) - raft.server.log.segment.cache.size.max = 200MB (=209715200) (default)
2025-04-23 14:36:56,422 [90a71c42-cf1a-4ac2-af8f-9011ebfd0240-groupManagement] INFO  server.RaftServerConfigKeys (ConfUtils.java:logGet(46)) - raft.server.log.appender.buffer.byte-limit = 33554432 (custom)
2025-04-23 14:36:56,423 [90a71c42-cf1a-4ac2-af8f-9011ebfd0240-groupManagement] INFO  util.AwaitToRun (AwaitToRun.java:start(81)) - Thread[#950,90a71c42-cf1a-4ac2-af8f-9011ebfd0240@group-85496F183443-cacheEviction-AwaitToRun,5,main] started
2025-04-23 14:36:56,423 [90a71c42-cf1a-4ac2-af8f-9011ebfd0240-groupManagement] INFO  segmented.SegmentedRaftLogWorker (SegmentedRaftLogWorker.java:<init>(188)) - new 90a71c42-cf1a-4ac2-af8f-9011ebfd0240@group-85496F183443-SegmentedRaftLogWorker for RaftStorageImpl:Storage Directory /home/runner/work/ozone/ozone/hadoop-ozone/integration-test/target/test-dir/MiniOzoneClusterImpl-68853c07-42d2-4ef8-9e75-e3a852294e6a/ozone-meta/datanode-2/ratis/b2345045-09bf-4935-b2ff-85496f183443
2025-04-23 14:36:56,423 [90a71c42-cf1a-4ac2-af8f-9011ebfd0240-groupManagement] INFO  server.RaftServerConfigKeys (ConfUtils.java:logGet(46)) - raft.server.log.queue.byte-limit = 4294967296 (custom)
2025-04-23 14:36:56,423 [90a71c42-cf1a-4ac2-af8f-9011ebfd0240-groupManagement] INFO  server.RaftServerConfigKeys (ConfUtils.java:logGet(46)) - raft.server.log.queue.element-limit = 1024 (custom)
2025-04-23 14:36:56,423 [90a71c42-cf1a-4ac2-af8f-9011ebfd0240-groupManagement] INFO  server.RaftServerConfigKeys (ConfUtils.java:logGet(46)) - raft.server.log.segment.size.max = 67108864 (custom)
2025-04-23 14:36:56,423 [90a71c42-cf1a-4ac2-af8f-9011ebfd0240-groupManagement] INFO  server.RaftServerConfigKeys (ConfUtils.java:logGet(46)) - raft.server.log.preallocated.size = 4194304 (custom)
2025-04-23 14:36:56,423 [90a71c42-cf1a-4ac2-af8f-9011ebfd0240-groupManagement] INFO  server.RaftServerConfigKeys (ConfUtils.java:logGet(46)) - raft.server.log.force.sync.num = 128 (default)
2025-04-23 14:36:56,423 [90a71c42-cf1a-4ac2-af8f-9011ebfd0240-groupManagement] INFO  server.RaftServerConfigKeys (ConfUtils.java:logGet(46)) - raft.server.log.statemachine.data.sync = true (default)
2025-04-23 14:36:56,423 [90a71c42-cf1a-4ac2-af8f-9011ebfd0240-groupManagement] INFO  server.RaftServerConfigKeys (ConfUtils.java:logGet(46)) - raft.server.log.statemachine.data.sync.timeout = 10s (default)
2025-04-23 14:36:56,423 [90a71c42-cf1a-4ac2-af8f-9011ebfd0240-groupManagement] INFO  server.RaftServerConfigKeys (ConfUtils.java:logGet(46)) - raft.server.log.statemachine.data.sync.timeout.retry = 30 (custom)
2025-04-23 14:36:56,424 [90a71c42-cf1a-4ac2-af8f-9011ebfd0240-groupManagement] INFO  server.RaftServerConfigKeys (ConfUtils.java:logGet(46)) - raft.server.log.write.buffer.size = 33554440 (custom)
2025-04-23 14:36:56,428 [90a71c42-cf1a-4ac2-af8f-9011ebfd0240-groupManagement] INFO  server.RaftServerConfigKeys (ConfUtils.java:logGet(46)) - raft.server.log.appender.buffer.byte-limit = 33554432 (custom)
2025-04-23 14:36:56,428 [90a71c42-cf1a-4ac2-af8f-9011ebfd0240-groupManagement] INFO  server.RaftServerConfigKeys (ConfUtils.java:logGet(46)) - raft.server.log.unsafe-flush.enabled = false (default)
2025-04-23 14:36:56,428 [90a71c42-cf1a-4ac2-af8f-9011ebfd0240-groupManagement] INFO  server.RaftServerConfigKeys (ConfUtils.java:logGet(46)) - raft.server.log.async-flush.enabled = false (default)
2025-04-23 14:36:56,428 [90a71c42-cf1a-4ac2-af8f-9011ebfd0240-groupManagement] INFO  server.RaftServerConfigKeys (ConfUtils.java:logGet(46)) - raft.server.log.statemachine.data.caching.enabled = true (custom)
2025-04-23 14:36:56,429 [90a71c42-cf1a-4ac2-af8f-9011ebfd0240-groupManagement] INFO  segmented.SegmentedRaftLogWorker (SegmentedRaftLogWorker.java:lambda$new$0(139)) - 90a71c42-cf1a-4ac2-af8f-9011ebfd0240@group-85496F183443-SegmentedRaftLogWorker: flushIndex: setUnconditionally 0 -> -1
2025-04-23 14:36:56,429 [90a71c42-cf1a-4ac2-af8f-9011ebfd0240-groupManagement] INFO  segmented.SegmentedRaftLogWorker (SegmentedRaftLogWorker.java:lambda$new$0(139)) - 90a71c42-cf1a-4ac2-af8f-9011ebfd0240@group-85496F183443-SegmentedRaftLogWorker: safeCacheEvictIndex: setUnconditionally 0 -> -1
2025-04-23 14:36:56,429 [90a71c42-cf1a-4ac2-af8f-9011ebfd0240-groupManagement] INFO  server.RaftServer$Division (RaftServerImpl.java:start(391)) - 90a71c42-cf1a-4ac2-af8f-9011ebfd0240@group-85496F183443: start as a follower, conf=conf: {index: -1, cur=peers:[b3e33d86-0447-4fd5-9cd5-f314a86cc755|127.0.0.1:15023, 2f27ff4a-e7fd-448a-86d2-53e05ca0039d|127.0.0.1:15039, 90a71c42-cf1a-4ac2-af8f-9011ebfd0240|127.0.0.1:15031]|listeners:[], old=null}
2025-04-23 14:36:56,429 [90a71c42-cf1a-4ac2-af8f-9011ebfd0240-groupManagement] INFO  server.RaftServer$Division (RaftServerImpl.java:setRole(378)) - 90a71c42-cf1a-4ac2-af8f-9011ebfd0240@group-85496F183443: changes role from      null to FOLLOWER at term 0 for startAsFollower
2025-04-23 14:36:56,429 [90a71c42-cf1a-4ac2-af8f-9011ebfd0240-groupManagement] INFO  impl.RoleInfo (RoleInfo.java:updateAndGet(148)) - 90a71c42-cf1a-4ac2-af8f-9011ebfd0240: start 90a71c42-cf1a-4ac2-af8f-9011ebfd0240@group-85496F183443-FollowerState
2025-04-23 14:36:56,430 [90a71c42-cf1a-4ac2-af8f-9011ebfd0240@group-85496F183443-FollowerState] INFO  server.RaftServerConfigKeys (ConfUtils.java:logGet(46)) - raft.server.rpc.first-election.timeout.min = 1000ms (custom)
2025-04-23 14:36:56,430 [90a71c42-cf1a-4ac2-af8f-9011ebfd0240@group-85496F183443-FollowerState] INFO  server.RaftServerConfigKeys (ConfUtils.java:logGet(46)) - raft.server.rpc.first-election.timeout.max = 1200ms (custom)
2025-04-23 14:36:56,430 [90a71c42-cf1a-4ac2-af8f-9011ebfd0240-groupManagement] INFO  util.JmxRegister (JmxRegister.java:tryRegister(44)) - Successfully registered JMX Bean with object name Ratis:service=RaftServer,group=group-85496F183443,id=90a71c42-cf1a-4ac2-af8f-9011ebfd0240
2025-04-23 14:36:56,430 [90a71c42-cf1a-4ac2-af8f-9011ebfd0240-groupManagement] INFO  util.JmxRegister (JmxRegister.java:register(58)) - register mxBean class org.apache.ratis.server.impl.RaftServerJmxAdapter as Ratis:service=RaftServer,group=group-85496F183443,id=90a71c42-cf1a-4ac2-af8f-9011ebfd0240
2025-04-23 14:36:56,430 [90a71c42-cf1a-4ac2-af8f-9011ebfd0240-groupManagement] INFO  server.RaftServerConfigKeys (ConfUtils.java:logGet(46)) - raft.server.snapshot.trigger-when-stop.enabled = true (default)
2025-04-23 14:36:56,430 [90a71c42-cf1a-4ac2-af8f-9011ebfd0240-groupManagement] INFO  server.RaftServerConfigKeys (ConfUtils.java:logGet(46)) - raft.server.snapshot.trigger-when-remove.enabled = true (default)
2025-04-23 14:36:56,430 [90a71c42-cf1a-4ac2-af8f-9011ebfd0240-groupManagement] INFO  server.RaftServerConfigKeys (ConfUtils.java:logGet(46)) - raft.server.snapshot.auto.trigger.enabled = true (custom)
2025-04-23 14:36:56,431 [90a71c42-cf1a-4ac2-af8f-9011ebfd0240-groupManagement] INFO  server.RaftServerConfigKeys (ConfUtils.java:logGet(46)) - raft.server.snapshot.auto.trigger.threshold = 100000 (custom)
2025-04-23 14:36:56,431 [90a71c42-cf1a-4ac2-af8f-9011ebfd0240-groupManagement] INFO  server.RaftServerConfigKeys (ConfUtils.java:logGet(46)) - raft.server.snapshot.retention.file.num = 5 (custom)
2025-04-23 14:36:56,431 [90a71c42-cf1a-4ac2-af8f-9011ebfd0240-groupManagement] INFO  server.RaftServerConfigKeys (ConfUtils.java:logGet(46)) - raft.server.log.purge.upto.snapshot.index = false (default)
2025-04-23 14:36:56,433 [90a71c42-cf1a-4ac2-af8f-9011ebfd0240-groupManagement] INFO  server.RaftServer$Division (RaftServerImpl.java:start(405)) - 90a71c42-cf1a-4ac2-af8f-9011ebfd0240@group-85496F183443: Successfully started.
2025-04-23 14:36:56,435 [90a71c42-cf1a-4ac2-af8f-9011ebfd0240-groupManagement] INFO  server.RaftServer$Division (RaftServerImpl.java:<init>(255)) - 90a71c42-cf1a-4ac2-af8f-9011ebfd0240: new RaftServerImpl for group-CDAE406581E4:[90a71c42-cf1a-4ac2-af8f-9011ebfd0240|127.0.0.1:15031] with ContainerStateMachine:uninitialized
2025-04-23 14:36:56,435 [90a71c42-cf1a-4ac2-af8f-9011ebfd0240-groupManagement] INFO  server.RaftServerConfigKeys (ConfUtils.java:logGet(46)) - raft.server.rpc.timeout.min = 5s (custom)
2025-04-23 14:36:56,435 [90a71c42-cf1a-4ac2-af8f-9011ebfd0240-groupManagement] INFO  server.RaftServerConfigKeys (ConfUtils.java:logGet(46)) - raft.server.rpc.timeout.max = 5200ms (custom)
2025-04-23 14:36:56,435 [90a71c42-cf1a-4ac2-af8f-9011ebfd0240-groupManagement] INFO  server.RaftServerConfigKeys (ConfUtils.java:logGet(46)) - raft.server.rpc.sleep.time = 25ms (default)
2025-04-23 14:36:56,435 [90a71c42-cf1a-4ac2-af8f-9011ebfd0240-groupManagement] INFO  server.RaftServerConfigKeys (ConfUtils.java:logGet(46)) - raft.server.rpc.slowness.timeout = 300s (custom)
2025-04-23 14:36:56,435 [90a71c42-cf1a-4ac2-af8f-9011ebfd0240-groupManagement] INFO  server.RaftServerConfigKeys (ConfUtils.java:logGet(46)) - raft.server.leaderelection.leader.step-down.wait-time = 10s (default)
2025-04-23 14:36:56,435 [90a71c42-cf1a-4ac2-af8f-9011ebfd0240-groupManagement] INFO  server.RaftServerConfigKeys (ConfUtils.java:logGet(46)) - raft.server.leaderelection.member.majority-add = false (default)
2025-04-23 14:36:56,435 [90a71c42-cf1a-4ac2-af8f-9011ebfd0240-groupManagement] INFO  server.RaftServerConfigKeys (ConfUtils.java:logGet(46)) - raft.server.sleep.deviation.threshold = 300ms (default)
2025-04-23 14:36:56,435 [90a71c42-cf1a-4ac2-af8f-9011ebfd0240-groupManagement] INFO  server.RaftServer$Division (ServerState.java:<init>(114)) - 90a71c42-cf1a-4ac2-af8f-9011ebfd0240@group-CDAE406581E4: ConfigurationManager, init=conf: {index: -1, cur=peers:[90a71c42-cf1a-4ac2-af8f-9011ebfd0240|127.0.0.1:15031]|listeners:[], old=null}, confs=<EMPTY_MAP>
2025-04-23 14:36:56,435 [90a71c42-cf1a-4ac2-af8f-9011ebfd0240-groupManagement] INFO  server.RaftServerConfigKeys (ConfUtils.java:logGet(46)) - raft.server.notification.no-leader.timeout = 300s (custom)
2025-04-23 14:36:56,436 [90a71c42-cf1a-4ac2-af8f-9011ebfd0240-groupManagement] INFO  server.RaftServerConfigKeys (ConfUtils.java:logGet(46)) - raft.server.read.timeout = 10s (default)
2025-04-23 14:36:56,436 [90a71c42-cf1a-4ac2-af8f-9011ebfd0240-groupManagement] INFO  server.RaftServerConfigKeys (ConfUtils.java:logGet(46)) - raft.server.retrycache.expirytime = 600000ms (custom)
2025-04-23 14:36:56,436 [90a71c42-cf1a-4ac2-af8f-9011ebfd0240-groupManagement] INFO  server.RaftServerConfigKeys (ConfUtils.java:logGet(46)) - raft.server.retrycache.statistics.expirytime = 100ms (default)
2025-04-23 14:36:56,436 [90a71c42-cf1a-4ac2-af8f-9011ebfd0240-groupManagement] INFO  server.RaftServerConfigKeys (ConfUtils.java:logGet(46)) - raft.server.read.option = DEFAULT (default)
2025-04-23 14:36:56,436 [90a71c42-cf1a-4ac2-af8f-9011ebfd0240-groupManagement] INFO  server.RaftServerConfigKeys (ConfUtils.java:logGet(46)) - raft.server.read.read-after-write-consistent.write-index-cache.expiry-time = 60s (default)
2025-04-23 14:36:56,441 [90a71c42-cf1a-4ac2-af8f-9011ebfd0240-groupManagement] INFO  server.RaftServerConfigKeys (ConfUtils.java:logGet(46)) - raft.server.rpc.request.timeout = 60s (custom)
2025-04-23 14:36:56,441 [90a71c42-cf1a-4ac2-af8f-9011ebfd0240-groupManagement] INFO  server.RaftServerConfigKeys (ConfUtils.java:logGet(46)) - raft.server.log.appender.install.snapshot.enabled = false (custom)
2025-04-23 14:36:56,441 [90a71c42-cf1a-4ac2-af8f-9011ebfd0240-groupManagement] INFO  server.RaftServerConfigKeys (ConfUtils.java:logGet(46)) - raft.server.threadpool.server.cached = true (default)
2025-04-23 14:36:56,441 [90a71c42-cf1a-4ac2-af8f-9011ebfd0240-groupManagement] INFO  server.RaftServerConfigKeys (ConfUtils.java:logGet(46)) - raft.server.threadpool.server.size = 0 (default)
2025-04-23 14:36:56,441 [90a71c42-cf1a-4ac2-af8f-9011ebfd0240-groupManagement] INFO  server.RaftServerConfigKeys (ConfUtils.java:logGet(46)) - raft.server.threadpool.client.cached = true (default)
2025-04-23 14:36:56,441 [90a71c42-cf1a-4ac2-af8f-9011ebfd0240-groupManagement] INFO  server.RaftServerConfigKeys (ConfUtils.java:logGet(46)) - raft.server.threadpool.client.size = 0 (default)
2025-04-23 14:36:56,441 [90a71c42-cf1a-4ac2-af8f-9011ebfd0240-groupManagement] INFO  server.RaftServerConfigKeys (ConfUtils.java:logGet(46)) - raft.server.storage.free-space.min = 0MB (=0) (default)
2025-04-23 14:36:56,441 [90a71c42-cf1a-4ac2-af8f-9011ebfd0240-groupManagement] INFO  server.RaftServerConfigKeys (ConfUtils.java:logGet(46)) - raft.server.log.corruption.policy = EXCEPTION (default)
2025-04-23 14:36:56,441 [90a71c42-cf1a-4ac2-af8f-9011ebfd0240-groupManagement] INFO  server.RaftServerConfigKeys (ConfUtils.java:logGet(46)) - raft.server.storage.dir = [/home/runner/work/ozone/ozone/hadoop-ozone/integration-test/target/test-dir/MiniOzoneClusterImpl-68853c07-42d2-4ef8-9e75-e3a852294e6a/ozone-meta/datanode-2/ratis] (custom)
2025-04-23 14:36:56,442 [90a71c42-cf1a-4ac2-af8f-9011ebfd0240-groupManagement] INFO  storage.RaftStorageDirectory (RaftStorageDirectoryImpl.java:analyzeStorage(138)) - The storage directory /home/runner/work/ozone/ozone/hadoop-ozone/integration-test/target/test-dir/MiniOzoneClusterImpl-68853c07-42d2-4ef8-9e75-e3a852294e6a/ozone-meta/datanode-2/ratis/e7abf475-323f-46af-869c-cdae406581e4 does not exist. Creating ...
2025-04-23 14:36:56,444 [90a71c42-cf1a-4ac2-af8f-9011ebfd0240-groupManagement] INFO  storage.RaftStorageDirectory (RaftStorageDirectoryImpl.java:tryLock(229)) - Lock on /home/runner/work/ozone/ozone/hadoop-ozone/integration-test/target/test-dir/MiniOzoneClusterImpl-68853c07-42d2-4ef8-9e75-e3a852294e6a/ozone-meta/datanode-2/ratis/e7abf475-323f-46af-869c-cdae406581e4/in_use.lock acquired by nodename 129558@fv-az1120-822
2025-04-23 14:36:56,446 [90a71c42-cf1a-4ac2-af8f-9011ebfd0240-groupManagement] INFO  storage.RaftStorage (RaftStorageImpl.java:format(98)) - Storage directory /home/runner/work/ozone/ozone/hadoop-ozone/integration-test/target/test-dir/MiniOzoneClusterImpl-68853c07-42d2-4ef8-9e75-e3a852294e6a/ozone-meta/datanode-2/ratis/e7abf475-323f-46af-869c-cdae406581e4 has been successfully formatted.
2025-04-23 14:36:56,446 [90a71c42-cf1a-4ac2-af8f-9011ebfd0240-groupManagement] INFO  ratis.ContainerStateMachine (ContainerStateMachine.java:initialize(339)) - 90a71c42-cf1a-4ac2-af8f-9011ebfd0240: initialize group-CDAE406581E4
2025-04-23 14:36:56,447 [90a71c42-cf1a-4ac2-af8f-9011ebfd0240-groupManagement] INFO  ratis.ContainerStateMachine (ContainerStateMachine.java:loadSnapshot(347)) - group-CDAE406581E4: The snapshot info is null. Setting the last applied index to:(t:0, i:~)
2025-04-23 14:36:56,448 [90a71c42-cf1a-4ac2-af8f-9011ebfd0240-groupManagement] INFO  server.RaftServerConfigKeys (ConfUtils.java:logGet(46)) - raft.server.log.use.memory = false (default)
2025-04-23 14:36:56,448 [90a71c42-cf1a-4ac2-af8f-9011ebfd0240-groupManagement] INFO  server.RaftServerConfigKeys (ConfUtils.java:logGet(46)) - raft.server.log.purge.gap = 1000000 (custom)
2025-04-23 14:36:56,448 [90a71c42-cf1a-4ac2-af8f-9011ebfd0240-groupManagement] INFO  server.RaftServerConfigKeys (ConfUtils.java:logGet(46)) - raft.server.log.appender.buffer.byte-limit = 33554432 (custom)
2025-04-23 14:36:56,448 [90a71c42-cf1a-4ac2-af8f-9011ebfd0240-groupManagement] INFO  server.RaftServerConfigKeys (ConfUtils.java:logGet(46)) - raft.server.log.statemachine.data.read.timeout = 1000ms (default)
2025-04-23 14:36:56,448 [90a71c42-cf1a-4ac2-af8f-9011ebfd0240-groupManagement] INFO  server.RaftServerConfigKeys (ConfUtils.java:logGet(46)) - raft.server.log.purge.preservation.log.num = 0 (default)
2025-04-23 14:36:56,454 [grpc-default-executor-7] INFO  server.RaftServer (RaftServerProxy.java:addNew(100)) - 2f27ff4a-e7fd-448a-86d2-53e05ca0039d: addNew group-85496F183443:[b3e33d86-0447-4fd5-9cd5-f314a86cc755|127.0.0.1:15023, 2f27ff4a-e7fd-448a-86d2-53e05ca0039d|127.0.0.1:15039, 90a71c42-cf1a-4ac2-af8f-9011ebfd0240|127.0.0.1:15031] returns group-85496F183443:java.util.concurrent.CompletableFuture@b866642[Not completed]
2025-04-23 14:36:56,455 [90a71c42-cf1a-4ac2-af8f-9011ebfd0240-groupManagement] INFO  server.RaftServerConfigKeys (ConfUtils.java:logGet(46)) - raft.server.log.segment.size.max = 67108864 (custom)
2025-04-23 14:36:56,455 [90a71c42-cf1a-4ac2-af8f-9011ebfd0240-groupManagement] INFO  server.RaftServerConfigKeys (ConfUtils.java:logGet(46)) - raft.server.log.segment.cache.num.max = 2 (custom)
2025-04-23 14:36:56,455 [90a71c42-cf1a-4ac2-af8f-9011ebfd0240-groupManagement] INFO  server.RaftServerConfigKeys (ConfUtils.java:logGet(46)) - raft.server.log.segment.cache.size.max = 200MB (=209715200) (default)
2025-04-23 14:36:56,457 [90a71c42-cf1a-4ac2-af8f-9011ebfd0240-groupManagement] INFO  server.RaftServerConfigKeys (ConfUtils.java:logGet(46)) - raft.server.log.appender.buffer.byte-limit = 33554432 (custom)
2025-04-23 14:36:56,456 [e5540f2e-ddef-4dd5-b4fb-d1f335f047d8@group-E3A852294E6A-StateMachineUpdater] INFO  safemode.HealthyPipelineSafeModeRule (HealthyPipelineSafeModeRule.java:initializeRule(174)) - Refreshed total pipeline count is 0, healthy pipeline threshold count is 1
2025-04-23 14:36:56,458 [90a71c42-cf1a-4ac2-af8f-9011ebfd0240-groupManagement] INFO  util.AwaitToRun (AwaitToRun.java:start(81)) - Thread[#957,90a71c42-cf1a-4ac2-af8f-9011ebfd0240@group-CDAE406581E4-cacheEviction-AwaitToRun,5,main] started
2025-04-23 14:36:56,458 [90a71c42-cf1a-4ac2-af8f-9011ebfd0240-groupManagement] INFO  segmented.SegmentedRaftLogWorker (SegmentedRaftLogWorker.java:<init>(188)) - new 90a71c42-cf1a-4ac2-af8f-9011ebfd0240@group-CDAE406581E4-SegmentedRaftLogWorker for RaftStorageImpl:Storage Directory /home/runner/work/ozone/ozone/hadoop-ozone/integration-test/target/test-dir/MiniOzoneClusterImpl-68853c07-42d2-4ef8-9e75-e3a852294e6a/ozone-meta/datanode-2/ratis/e7abf475-323f-46af-869c-cdae406581e4
2025-04-23 14:36:56,458 [90a71c42-cf1a-4ac2-af8f-9011ebfd0240-groupManagement] INFO  server.RaftServerConfigKeys (ConfUtils.java:logGet(46)) - raft.server.log.queue.byte-limit = 4294967296 (custom)
2025-04-23 14:36:56,458 [90a71c42-cf1a-4ac2-af8f-9011ebfd0240-groupManagement] INFO  server.RaftServerConfigKeys (ConfUtils.java:logGet(46)) - raft.server.log.queue.element-limit = 1024 (custom)
2025-04-23 14:36:56,458 [90a71c42-cf1a-4ac2-af8f-9011ebfd0240-groupManagement] INFO  server.RaftServerConfigKeys (ConfUtils.java:logGet(46)) - raft.server.log.segment.size.max = 67108864 (custom)
2025-04-23 14:36:56,458 [90a71c42-cf1a-4ac2-af8f-9011ebfd0240-groupManagement] INFO  server.RaftServerConfigKeys (ConfUtils.java:logGet(46)) - raft.server.log.preallocated.size = 4194304 (custom)
2025-04-23 14:36:56,458 [90a71c42-cf1a-4ac2-af8f-9011ebfd0240-groupManagement] INFO  server.RaftServerConfigKeys (ConfUtils.java:logGet(46)) - raft.server.log.force.sync.num = 128 (default)
2025-04-23 14:36:56,458 [90a71c42-cf1a-4ac2-af8f-9011ebfd0240-groupManagement] INFO  server.RaftServerConfigKeys (ConfUtils.java:logGet(46)) - raft.server.log.statemachine.data.sync = true (default)
2025-04-23 14:36:56,458 [90a71c42-cf1a-4ac2-af8f-9011ebfd0240-groupManagement] INFO  server.RaftServerConfigKeys (ConfUtils.java:logGet(46)) - raft.server.log.statemachine.data.sync.timeout = 10s (default)
2025-04-23 14:36:56,458 [EventQueue-PipelineReportForPipelineReportHandler] INFO  pipeline.PipelineReportHandler (PipelineReportHandler.java:processPipelineReport(134)) - Opened pipeline PipelineID=e7abf475-323f-46af-869c-cdae406581e4
2025-04-23 14:36:56,459 [EventQueue-OpenPipelineForHealthyPipelineSafeModeRule] INFO  safemode.SCMSafeModeManager (HealthyPipelineSafeModeRule.java:process(141)) - SCM in safe mode. Healthy pipelines reported count is 0, required healthy pipeline reported count is 1
2025-04-23 14:36:56,458 [90a71c42-cf1a-4ac2-af8f-9011ebfd0240-groupManagement] INFO  server.RaftServerConfigKeys (ConfUtils.java:logGet(46)) - raft.server.log.statemachine.data.sync.timeout.retry = 30 (custom)
2025-04-23 14:36:56,459 [2f27ff4a-e7fd-448a-86d2-53e05ca0039d-groupManagement] INFO  server.RaftServer$Division (RaftServerImpl.java:<init>(255)) - 2f27ff4a-e7fd-448a-86d2-53e05ca0039d: new RaftServerImpl for group-85496F183443:[b3e33d86-0447-4fd5-9cd5-f314a86cc755|127.0.0.1:15023, 2f27ff4a-e7fd-448a-86d2-53e05ca0039d|127.0.0.1:15039, 90a71c42-cf1a-4ac2-af8f-9011ebfd0240|127.0.0.1:15031] with ContainerStateMachine:uninitialized
2025-04-23 14:36:56,459 [2f27ff4a-e7fd-448a-86d2-53e05ca0039d-groupManagement] INFO  server.RaftServerConfigKeys (ConfUtils.java:logGet(46)) - raft.server.rpc.timeout.min = 5s (custom)
2025-04-23 14:36:56,460 [2f27ff4a-e7fd-448a-86d2-53e05ca0039d-groupManagement] INFO  server.RaftServerConfigKeys (ConfUtils.java:logGet(46)) - raft.server.rpc.timeout.max = 5200ms (custom)
2025-04-23 14:36:56,460 [2f27ff4a-e7fd-448a-86d2-53e05ca0039d-groupManagement] INFO  server.RaftServerConfigKeys (ConfUtils.java:logGet(46)) - raft.server.rpc.sleep.time = 25ms (default)
2025-04-23 14:36:56,460 [2f27ff4a-e7fd-448a-86d2-53e05ca0039d-groupManagement] INFO  server.RaftServerConfigKeys (ConfUtils.java:logGet(46)) - raft.server.rpc.slowness.timeout = 300s (custom)
2025-04-23 14:36:56,460 [2f27ff4a-e7fd-448a-86d2-53e05ca0039d-groupManagement] INFO  server.RaftServerConfigKeys (ConfUtils.java:logGet(46)) - raft.server.leaderelection.leader.step-down.wait-time = 10s (default)
2025-04-23 14:36:56,460 [2f27ff4a-e7fd-448a-86d2-53e05ca0039d-groupManagement] INFO  server.RaftServerConfigKeys (ConfUtils.java:logGet(46)) - raft.server.leaderelection.member.majority-add = false (default)
2025-04-23 14:36:56,460 [2f27ff4a-e7fd-448a-86d2-53e05ca0039d-groupManagement] INFO  server.RaftServerConfigKeys (ConfUtils.java:logGet(46)) - raft.server.sleep.deviation.threshold = 300ms (default)
2025-04-23 14:36:56,460 [2f27ff4a-e7fd-448a-86d2-53e05ca0039d-groupManagement] INFO  server.RaftServer$Division (ServerState.java:<init>(114)) - 2f27ff4a-e7fd-448a-86d2-53e05ca0039d@group-85496F183443: ConfigurationManager, init=conf: {index: -1, cur=peers:[b3e33d86-0447-4fd5-9cd5-f314a86cc755|127.0.0.1:15023, 2f27ff4a-e7fd-448a-86d2-53e05ca0039d|127.0.0.1:15039, 90a71c42-cf1a-4ac2-af8f-9011ebfd0240|127.0.0.1:15031]|listeners:[], old=null}, confs=<EMPTY_MAP>
2025-04-23 14:36:56,460 [2f27ff4a-e7fd-448a-86d2-53e05ca0039d-groupManagement] INFO  server.RaftServerConfigKeys (ConfUtils.java:logGet(46)) - raft.server.notification.no-leader.timeout = 300s (custom)
2025-04-23 14:36:56,460 [90a71c42-cf1a-4ac2-af8f-9011ebfd0240-groupManagement] INFO  server.RaftServerConfigKeys (ConfUtils.java:logGet(46)) - raft.server.log.write.buffer.size = 33554440 (custom)
2025-04-23 14:36:56,460 [2f27ff4a-e7fd-448a-86d2-53e05ca0039d-groupManagement] INFO  server.RaftServerConfigKeys (ConfUtils.java:logGet(46)) - raft.server.read.timeout = 10s (default)
2025-04-23 14:36:56,461 [2f27ff4a-e7fd-448a-86d2-53e05ca0039d-groupManagement] INFO  server.RaftServerConfigKeys (ConfUtils.java:logGet(46)) - raft.server.retrycache.expirytime = 600000ms (custom)
2025-04-23 14:36:56,461 [2f27ff4a-e7fd-448a-86d2-53e05ca0039d-groupManagement] INFO  server.RaftServerConfigKeys (ConfUtils.java:logGet(46)) - raft.server.retrycache.statistics.expirytime = 100ms (default)
2025-04-23 14:36:56,461 [2f27ff4a-e7fd-448a-86d2-53e05ca0039d-groupManagement] INFO  server.RaftServerConfigKeys (ConfUtils.java:logGet(46)) - raft.server.read.option = DEFAULT (default)
2025-04-23 14:36:56,461 [2f27ff4a-e7fd-448a-86d2-53e05ca0039d-groupManagement] INFO  server.RaftServerConfigKeys (ConfUtils.java:logGet(46)) - raft.server.read.read-after-write-consistent.write-index-cache.expiry-time = 60s (default)
2025-04-23 14:36:56,467 [90a71c42-cf1a-4ac2-af8f-9011ebfd0240-groupManagement] INFO  server.RaftServerConfigKeys (ConfUtils.java:logGet(46)) - raft.server.log.appender.buffer.byte-limit = 33554432 (custom)
2025-04-23 14:36:56,467 [90a71c42-cf1a-4ac2-af8f-9011ebfd0240-groupManagement] INFO  server.RaftServerConfigKeys (ConfUtils.java:logGet(46)) - raft.server.log.unsafe-flush.enabled = false (default)
2025-04-23 14:36:56,468 [90a71c42-cf1a-4ac2-af8f-9011ebfd0240-groupManagement] INFO  server.RaftServerConfigKeys (ConfUtils.java:logGet(46)) - raft.server.log.async-flush.enabled = false (default)
2025-04-23 14:36:56,468 [90a71c42-cf1a-4ac2-af8f-9011ebfd0240-groupManagement] INFO  server.RaftServerConfigKeys (ConfUtils.java:logGet(46)) - raft.server.log.statemachine.data.caching.enabled = true (custom)
2025-04-23 14:36:56,468 [90a71c42-cf1a-4ac2-af8f-9011ebfd0240-groupManagement] INFO  segmented.SegmentedRaftLogWorker (SegmentedRaftLogWorker.java:lambda$new$0(139)) - 90a71c42-cf1a-4ac2-af8f-9011ebfd0240@group-CDAE406581E4-SegmentedRaftLogWorker: flushIndex: setUnconditionally 0 -> -1
2025-04-23 14:36:56,468 [90a71c42-cf1a-4ac2-af8f-9011ebfd0240-groupManagement] INFO  segmented.SegmentedRaftLogWorker (SegmentedRaftLogWorker.java:lambda$new$0(139)) - 90a71c42-cf1a-4ac2-af8f-9011ebfd0240@group-CDAE406581E4-SegmentedRaftLogWorker: safeCacheEvictIndex: setUnconditionally 0 -> -1
2025-04-23 14:36:56,468 [90a71c42-cf1a-4ac2-af8f-9011ebfd0240-groupManagement] INFO  server.RaftServer$Division (RaftServerImpl.java:start(391)) - 90a71c42-cf1a-4ac2-af8f-9011ebfd0240@group-CDAE406581E4: start as a follower, conf=conf: {index: -1, cur=peers:[90a71c42-cf1a-4ac2-af8f-9011ebfd0240|127.0.0.1:15031]|listeners:[], old=null}
2025-04-23 14:36:56,468 [90a71c42-cf1a-4ac2-af8f-9011ebfd0240-groupManagement] INFO  server.RaftServer$Division (RaftServerImpl.java:setRole(378)) - 90a71c42-cf1a-4ac2-af8f-9011ebfd0240@group-CDAE406581E4: changes role from      null to FOLLOWER at term 0 for startAsFollower
2025-04-23 14:36:56,469 [90a71c42-cf1a-4ac2-af8f-9011ebfd0240-groupManagement] INFO  impl.RoleInfo (RoleInfo.java:updateAndGet(148)) - 90a71c42-cf1a-4ac2-af8f-9011ebfd0240: start 90a71c42-cf1a-4ac2-af8f-9011ebfd0240@group-CDAE406581E4-FollowerState
2025-04-23 14:36:56,469 [90a71c42-cf1a-4ac2-af8f-9011ebfd0240@group-CDAE406581E4-FollowerState] INFO  server.RaftServerConfigKeys (ConfUtils.java:logGet(46)) - raft.server.rpc.first-election.timeout.min = 1000ms (custom)
2025-04-23 14:36:56,469 [90a71c42-cf1a-4ac2-af8f-9011ebfd0240@group-CDAE406581E4-FollowerState] INFO  server.RaftServerConfigKeys (ConfUtils.java:logGet(46)) - raft.server.rpc.first-election.timeout.max = 1200ms (custom)
2025-04-23 14:36:56,469 [90a71c42-cf1a-4ac2-af8f-9011ebfd0240-groupManagement] INFO  util.JmxRegister (JmxRegister.java:tryRegister(44)) - Successfully registered JMX Bean with object name Ratis:service=RaftServer,group=group-CDAE406581E4,id=90a71c42-cf1a-4ac2-af8f-9011ebfd0240
2025-04-23 14:36:56,469 [90a71c42-cf1a-4ac2-af8f-9011ebfd0240-groupManagement] INFO  util.JmxRegister (JmxRegister.java:register(58)) - register mxBean class org.apache.ratis.server.impl.RaftServerJmxAdapter as Ratis:service=RaftServer,group=group-CDAE406581E4,id=90a71c42-cf1a-4ac2-af8f-9011ebfd0240
2025-04-23 14:36:56,469 [90a71c42-cf1a-4ac2-af8f-9011ebfd0240-groupManagement] INFO  server.RaftServerConfigKeys (ConfUtils.java:logGet(46)) - raft.server.snapshot.trigger-when-stop.enabled = true (default)
2025-04-23 14:36:56,469 [90a71c42-cf1a-4ac2-af8f-9011ebfd0240-groupManagement] INFO  server.RaftServerConfigKeys (ConfUtils.java:logGet(46)) - raft.server.snapshot.trigger-when-remove.enabled = true (default)
2025-04-23 14:36:56,470 [90a71c42-cf1a-4ac2-af8f-9011ebfd0240-groupManagement] INFO  server.RaftServerConfigKeys (ConfUtils.java:logGet(46)) - raft.server.snapshot.auto.trigger.enabled = true (custom)
2025-04-23 14:36:56,470 [90a71c42-cf1a-4ac2-af8f-9011ebfd0240-groupManagement] INFO  server.RaftServerConfigKeys (ConfUtils.java:logGet(46)) - raft.server.snapshot.auto.trigger.threshold = 100000 (custom)
2025-04-23 14:36:56,470 [90a71c42-cf1a-4ac2-af8f-9011ebfd0240-groupManagement] INFO  server.RaftServerConfigKeys (ConfUtils.java:logGet(46)) - raft.server.snapshot.retention.file.num = 5 (custom)
2025-04-23 14:36:56,470 [90a71c42-cf1a-4ac2-af8f-9011ebfd0240-groupManagement] INFO  server.RaftServerConfigKeys (ConfUtils.java:logGet(46)) - raft.server.log.purge.upto.snapshot.index = false (default)
2025-04-23 14:36:56,471 [90a71c42-cf1a-4ac2-af8f-9011ebfd0240-groupManagement] INFO  server.RaftServer$Division (RaftServerImpl.java:start(405)) - 90a71c42-cf1a-4ac2-af8f-9011ebfd0240@group-CDAE406581E4: Successfully started.
2025-04-23 14:36:56,471 [90a71c42-cf1a-4ac2-af8f-9011ebfd0240-PipelineCommandHandlerThread-0] INFO  ratis.XceiverServerRatis (XceiverServerRatis.java:addGroup(842)) - Created group PipelineID=e7abf475-323f-46af-869c-cdae406581e4
2025-04-23 14:36:56,471 [90a71c42-cf1a-4ac2-af8f-9011ebfd0240-PipelineCommandHandlerThread-0] INFO  commandhandler.CreatePipelineCommandHandler (CreatePipelineCommandHandler.java:lambda$handle$2(128)) - Created Pipeline RATIS ONE PipelineID=e7abf475-323f-46af-869c-cdae406581e4.
2025-04-23 14:36:56,471 [2f27ff4a-e7fd-448a-86d2-53e05ca0039d-groupManagement] INFO  server.RaftServerConfigKeys (ConfUtils.java:logGet(46)) - raft.server.rpc.request.timeout = 60s (custom)
2025-04-23 14:36:56,472 [2f27ff4a-e7fd-448a-86d2-53e05ca0039d-groupManagement] INFO  server.RaftServerConfigKeys (ConfUtils.java:logGet(46)) - raft.server.log.appender.install.snapshot.enabled = false (custom)
2025-04-23 14:36:56,472 [2f27ff4a-e7fd-448a-86d2-53e05ca0039d-groupManagement] INFO  server.RaftServerConfigKeys (ConfUtils.java:logGet(46)) - raft.server.threadpool.server.cached = true (default)
2025-04-23 14:36:56,472 [2f27ff4a-e7fd-448a-86d2-53e05ca0039d-groupManagement] INFO  server.RaftServerConfigKeys (ConfUtils.java:logGet(46)) - raft.server.threadpool.server.size = 0 (default)
2025-04-23 14:36:56,472 [2f27ff4a-e7fd-448a-86d2-53e05ca0039d-groupManagement] INFO  server.RaftServerConfigKeys (ConfUtils.java:logGet(46)) - raft.server.threadpool.client.cached = true (default)
2025-04-23 14:36:56,472 [2f27ff4a-e7fd-448a-86d2-53e05ca0039d-groupManagement] INFO  server.RaftServerConfigKeys (ConfUtils.java:logGet(46)) - raft.server.threadpool.client.size = 0 (default)
2025-04-23 14:36:56,472 [2f27ff4a-e7fd-448a-86d2-53e05ca0039d-groupManagement] INFO  server.RaftServerConfigKeys (ConfUtils.java:logGet(46)) - raft.server.storage.free-space.min = 0MB (=0) (default)
2025-04-23 14:36:56,472 [2f27ff4a-e7fd-448a-86d2-53e05ca0039d-groupManagement] INFO  server.RaftServerConfigKeys (ConfUtils.java:logGet(46)) - raft.server.log.corruption.policy = EXCEPTION (default)
2025-04-23 14:36:56,472 [2f27ff4a-e7fd-448a-86d2-53e05ca0039d-groupManagement] INFO  server.RaftServerConfigKeys (ConfUtils.java:logGet(46)) - raft.server.storage.dir = [/home/runner/work/ozone/ozone/hadoop-ozone/integration-test/target/test-dir/MiniOzoneClusterImpl-68853c07-42d2-4ef8-9e75-e3a852294e6a/ozone-meta/datanode-3/ratis] (custom)
2025-04-23 14:36:56,472 [2f27ff4a-e7fd-448a-86d2-53e05ca0039d-groupManagement] INFO  storage.RaftStorageDirectory (RaftStorageDirectoryImpl.java:analyzeStorage(138)) - The storage directory /home/runner/work/ozone/ozone/hadoop-ozone/integration-test/target/test-dir/MiniOzoneClusterImpl-68853c07-42d2-4ef8-9e75-e3a852294e6a/ozone-meta/datanode-3/ratis/b2345045-09bf-4935-b2ff-85496f183443 does not exist. Creating ...
2025-04-23 14:36:56,474 [2f27ff4a-e7fd-448a-86d2-53e05ca0039d-groupManagement] INFO  storage.RaftStorageDirectory (RaftStorageDirectoryImpl.java:tryLock(229)) - Lock on /home/runner/work/ozone/ozone/hadoop-ozone/integration-test/target/test-dir/MiniOzoneClusterImpl-68853c07-42d2-4ef8-9e75-e3a852294e6a/ozone-meta/datanode-3/ratis/b2345045-09bf-4935-b2ff-85496f183443/in_use.lock acquired by nodename 129558@fv-az1120-822
2025-04-23 14:36:56,476 [2f27ff4a-e7fd-448a-86d2-53e05ca0039d-groupManagement] INFO  storage.RaftStorage (RaftStorageImpl.java:format(98)) - Storage directory /home/runner/work/ozone/ozone/hadoop-ozone/integration-test/target/test-dir/MiniOzoneClusterImpl-68853c07-42d2-4ef8-9e75-e3a852294e6a/ozone-meta/datanode-3/ratis/b2345045-09bf-4935-b2ff-85496f183443 has been successfully formatted.
2025-04-23 14:36:56,476 [2f27ff4a-e7fd-448a-86d2-53e05ca0039d-groupManagement] INFO  ratis.ContainerStateMachine (ContainerStateMachine.java:initialize(339)) - 2f27ff4a-e7fd-448a-86d2-53e05ca0039d: initialize group-85496F183443
2025-04-23 14:36:56,477 [2f27ff4a-e7fd-448a-86d2-53e05ca0039d-groupManagement] INFO  ratis.ContainerStateMachine (ContainerStateMachine.java:loadSnapshot(347)) - group-85496F183443: The snapshot info is null. Setting the last applied index to:(t:0, i:~)
2025-04-23 14:36:56,477 [2f27ff4a-e7fd-448a-86d2-53e05ca0039d-groupManagement] INFO  server.RaftServerConfigKeys (ConfUtils.java:logGet(46)) - raft.server.log.use.memory = false (default)
2025-04-23 14:36:56,477 [2f27ff4a-e7fd-448a-86d2-53e05ca0039d-groupManagement] INFO  server.RaftServerConfigKeys (ConfUtils.java:logGet(46)) - raft.server.log.purge.gap = 1000000 (custom)
2025-04-23 14:36:56,477 [2f27ff4a-e7fd-448a-86d2-53e05ca0039d-groupManagement] INFO  server.RaftServerConfigKeys (ConfUtils.java:logGet(46)) - raft.server.log.appender.buffer.byte-limit = 33554432 (custom)
2025-04-23 14:36:56,478 [2f27ff4a-e7fd-448a-86d2-53e05ca0039d-groupManagement] INFO  server.RaftServerConfigKeys (ConfUtils.java:logGet(46)) - raft.server.log.statemachine.data.read.timeout = 1000ms (default)
2025-04-23 14:36:56,478 [2f27ff4a-e7fd-448a-86d2-53e05ca0039d-groupManagement] INFO  server.RaftServerConfigKeys (ConfUtils.java:logGet(46)) - raft.server.log.purge.preservation.log.num = 0 (default)
2025-04-23 14:36:56,481 [2f27ff4a-e7fd-448a-86d2-53e05ca0039d-groupManagement] INFO  server.RaftServerConfigKeys (ConfUtils.java:logGet(46)) - raft.server.log.segment.size.max = 67108864 (custom)
2025-04-23 14:36:56,481 [2f27ff4a-e7fd-448a-86d2-53e05ca0039d-groupManagement] INFO  server.RaftServerConfigKeys (ConfUtils.java:logGet(46)) - raft.server.log.segment.cache.num.max = 2 (custom)
2025-04-23 14:36:56,482 [2f27ff4a-e7fd-448a-86d2-53e05ca0039d-groupManagement] INFO  server.RaftServerConfigKeys (ConfUtils.java:logGet(46)) - raft.server.log.segment.cache.size.max = 200MB (=209715200) (default)
2025-04-23 14:36:56,482 [2f27ff4a-e7fd-448a-86d2-53e05ca0039d-groupManagement] INFO  server.RaftServerConfigKeys (ConfUtils.java:logGet(46)) - raft.server.log.appender.buffer.byte-limit = 33554432 (custom)
2025-04-23 14:36:56,482 [2f27ff4a-e7fd-448a-86d2-53e05ca0039d-groupManagement] INFO  util.AwaitToRun (AwaitToRun.java:start(81)) - Thread[#961,2f27ff4a-e7fd-448a-86d2-53e05ca0039d@group-85496F183443-cacheEviction-AwaitToRun,5,main] started
2025-04-23 14:36:56,482 [2f27ff4a-e7fd-448a-86d2-53e05ca0039d-groupManagement] INFO  segmented.SegmentedRaftLogWorker (SegmentedRaftLogWorker.java:<init>(188)) - new 2f27ff4a-e7fd-448a-86d2-53e05ca0039d@group-85496F183443-SegmentedRaftLogWorker for RaftStorageImpl:Storage Directory /home/runner/work/ozone/ozone/hadoop-ozone/integration-test/target/test-dir/MiniOzoneClusterImpl-68853c07-42d2-4ef8-9e75-e3a852294e6a/ozone-meta/datanode-3/ratis/b2345045-09bf-4935-b2ff-85496f183443
2025-04-23 14:36:56,483 [2f27ff4a-e7fd-448a-86d2-53e05ca0039d-groupManagement] INFO  server.RaftServerConfigKeys (ConfUtils.java:logGet(46)) - raft.server.log.queue.byte-limit = 4294967296 (custom)
2025-04-23 14:36:56,483 [2f27ff4a-e7fd-448a-86d2-53e05ca0039d-groupManagement] INFO  server.RaftServerConfigKeys (ConfUtils.java:logGet(46)) - raft.server.log.queue.element-limit = 1024 (custom)
2025-04-23 14:36:56,483 [2f27ff4a-e7fd-448a-86d2-53e05ca0039d-groupManagement] INFO  server.RaftServerConfigKeys (ConfUtils.java:logGet(46)) - raft.server.log.segment.size.max = 67108864 (custom)
2025-04-23 14:36:56,483 [2f27ff4a-e7fd-448a-86d2-53e05ca0039d-groupManagement] INFO  server.RaftServerConfigKeys (ConfUtils.java:logGet(46)) - raft.server.log.preallocated.size = 4194304 (custom)
2025-04-23 14:36:56,483 [2f27ff4a-e7fd-448a-86d2-53e05ca0039d-groupManagement] INFO  server.RaftServerConfigKeys (ConfUtils.java:logGet(46)) - raft.server.log.force.sync.num = 128 (default)
2025-04-23 14:36:56,483 [2f27ff4a-e7fd-448a-86d2-53e05ca0039d-groupManagement] INFO  server.RaftServerConfigKeys (ConfUtils.java:logGet(46)) - raft.server.log.statemachine.data.sync = true (default)
2025-04-23 14:36:56,483 [2f27ff4a-e7fd-448a-86d2-53e05ca0039d-groupManagement] INFO  server.RaftServerConfigKeys (ConfUtils.java:logGet(46)) - raft.server.log.statemachine.data.sync.timeout = 10s (default)
2025-04-23 14:36:56,483 [2f27ff4a-e7fd-448a-86d2-53e05ca0039d-groupManagement] INFO  server.RaftServerConfigKeys (ConfUtils.java:logGet(46)) - raft.server.log.statemachine.data.sync.timeout.retry = 30 (custom)
2025-04-23 14:36:56,483 [2f27ff4a-e7fd-448a-86d2-53e05ca0039d-groupManagement] INFO  server.RaftServerConfigKeys (ConfUtils.java:logGet(46)) - raft.server.log.write.buffer.size = 33554440 (custom)
2025-04-23 14:36:56,489 [2f27ff4a-e7fd-448a-86d2-53e05ca0039d-groupManagement] INFO  server.RaftServerConfigKeys (ConfUtils.java:logGet(46)) - raft.server.log.appender.buffer.byte-limit = 33554432 (custom)
2025-04-23 14:36:56,489 [2f27ff4a-e7fd-448a-86d2-53e05ca0039d-groupManagement] INFO  server.RaftServerConfigKeys (ConfUtils.java:logGet(46)) - raft.server.log.unsafe-flush.enabled = false (default)
2025-04-23 14:36:56,489 [2f27ff4a-e7fd-448a-86d2-53e05ca0039d-groupManagement] INFO  server.RaftServerConfigKeys (ConfUtils.java:logGet(46)) - raft.server.log.async-flush.enabled = false (default)
2025-04-23 14:36:56,490 [2f27ff4a-e7fd-448a-86d2-53e05ca0039d-groupManagement] INFO  server.RaftServerConfigKeys (ConfUtils.java:logGet(46)) - raft.server.log.statemachine.data.caching.enabled = true (custom)
2025-04-23 14:36:56,490 [2f27ff4a-e7fd-448a-86d2-53e05ca0039d-groupManagement] INFO  segmented.SegmentedRaftLogWorker (SegmentedRaftLogWorker.java:lambda$new$0(139)) - 2f27ff4a-e7fd-448a-86d2-53e05ca0039d@group-85496F183443-SegmentedRaftLogWorker: flushIndex: setUnconditionally 0 -> -1
2025-04-23 14:36:56,490 [2f27ff4a-e7fd-448a-86d2-53e05ca0039d-groupManagement] INFO  segmented.SegmentedRaftLogWorker (SegmentedRaftLogWorker.java:lambda$new$0(139)) - 2f27ff4a-e7fd-448a-86d2-53e05ca0039d@group-85496F183443-SegmentedRaftLogWorker: safeCacheEvictIndex: setUnconditionally 0 -> -1
2025-04-23 14:36:56,491 [2f27ff4a-e7fd-448a-86d2-53e05ca0039d-groupManagement] INFO  server.RaftServer$Division (RaftServerImpl.java:start(391)) - 2f27ff4a-e7fd-448a-86d2-53e05ca0039d@group-85496F183443: start as a follower, conf=conf: {index: -1, cur=peers:[b3e33d86-0447-4fd5-9cd5-f314a86cc755|127.0.0.1:15023, 2f27ff4a-e7fd-448a-86d2-53e05ca0039d|127.0.0.1:15039, 90a71c42-cf1a-4ac2-af8f-9011ebfd0240|127.0.0.1:15031]|listeners:[], old=null}
2025-04-23 14:36:56,491 [2f27ff4a-e7fd-448a-86d2-53e05ca0039d-groupManagement] INFO  server.RaftServer$Division (RaftServerImpl.java:setRole(378)) - 2f27ff4a-e7fd-448a-86d2-53e05ca0039d@group-85496F183443: changes role from      null to FOLLOWER at term 0 for startAsFollower
2025-04-23 14:36:56,491 [2f27ff4a-e7fd-448a-86d2-53e05ca0039d-groupManagement] INFO  impl.RoleInfo (RoleInfo.java:updateAndGet(148)) - 2f27ff4a-e7fd-448a-86d2-53e05ca0039d: start 2f27ff4a-e7fd-448a-86d2-53e05ca0039d@group-85496F183443-FollowerState
2025-04-23 14:36:56,491 [2f27ff4a-e7fd-448a-86d2-53e05ca0039d@group-85496F183443-FollowerState] INFO  server.RaftServerConfigKeys (ConfUtils.java:logGet(46)) - raft.server.rpc.first-election.timeout.min = 1000ms (custom)
2025-04-23 14:36:56,491 [2f27ff4a-e7fd-448a-86d2-53e05ca0039d@group-85496F183443-FollowerState] INFO  server.RaftServerConfigKeys (ConfUtils.java:logGet(46)) - raft.server.rpc.first-election.timeout.max = 1200ms (custom)
2025-04-23 14:36:56,492 [2f27ff4a-e7fd-448a-86d2-53e05ca0039d-groupManagement] INFO  util.JmxRegister (JmxRegister.java:tryRegister(44)) - Successfully registered JMX Bean with object name Ratis:service=RaftServer,group=group-85496F183443,id=2f27ff4a-e7fd-448a-86d2-53e05ca0039d
2025-04-23 14:36:56,492 [2f27ff4a-e7fd-448a-86d2-53e05ca0039d-groupManagement] INFO  util.JmxRegister (JmxRegister.java:register(58)) - register mxBean class org.apache.ratis.server.impl.RaftServerJmxAdapter as Ratis:service=RaftServer,group=group-85496F183443,id=2f27ff4a-e7fd-448a-86d2-53e05ca0039d
2025-04-23 14:36:56,492 [2f27ff4a-e7fd-448a-86d2-53e05ca0039d-groupManagement] INFO  server.RaftServerConfigKeys (ConfUtils.java:logGet(46)) - raft.server.snapshot.trigger-when-stop.enabled = true (default)
2025-04-23 14:36:56,492 [2f27ff4a-e7fd-448a-86d2-53e05ca0039d-groupManagement] INFO  server.RaftServerConfigKeys (ConfUtils.java:logGet(46)) - raft.server.snapshot.trigger-when-remove.enabled = true (default)
2025-04-23 14:36:56,492 [2f27ff4a-e7fd-448a-86d2-53e05ca0039d-groupManagement] INFO  server.RaftServerConfigKeys (ConfUtils.java:logGet(46)) - raft.server.snapshot.auto.trigger.enabled = true (custom)
2025-04-23 14:36:56,492 [2f27ff4a-e7fd-448a-86d2-53e05ca0039d-groupManagement] INFO  server.RaftServerConfigKeys (ConfUtils.java:logGet(46)) - raft.server.snapshot.auto.trigger.threshold = 100000 (custom)
2025-04-23 14:36:56,492 [2f27ff4a-e7fd-448a-86d2-53e05ca0039d-groupManagement] INFO  server.RaftServerConfigKeys (ConfUtils.java:logGet(46)) - raft.server.snapshot.retention.file.num = 5 (custom)
2025-04-23 14:36:56,492 [2f27ff4a-e7fd-448a-86d2-53e05ca0039d-groupManagement] INFO  server.RaftServerConfigKeys (ConfUtils.java:logGet(46)) - raft.server.log.purge.upto.snapshot.index = false (default)
2025-04-23 14:36:56,493 [2f27ff4a-e7fd-448a-86d2-53e05ca0039d-groupManagement] INFO  server.RaftServer$Division (RaftServerImpl.java:start(405)) - 2f27ff4a-e7fd-448a-86d2-53e05ca0039d@group-85496F183443: Successfully started.
2025-04-23 14:36:56,497 [b3e33d86-0447-4fd5-9cd5-f314a86cc755-PipelineCommandHandlerThread-0] INFO  commandhandler.CreatePipelineCommandHandler (CreatePipelineCommandHandler.java:lambda$handle$2(128)) - Created Pipeline RATIS THREE PipelineID=b2345045-09bf-4935-b2ff-85496f183443.
2025-04-23 14:36:56,626 [2f27ff4a-e7fd-448a-86d2-53e05ca0039d-PipelineCommandHandlerThread-0] INFO  server.RaftServer (RaftServerProxy.java:addNew(100)) - 2f27ff4a-e7fd-448a-86d2-53e05ca0039d: addNew group-96E6188AF822:[2f27ff4a-e7fd-448a-86d2-53e05ca0039d|127.0.0.1:15039] returns group-96E6188AF822:java.util.concurrent.CompletableFuture@434de850[Not completed]
2025-04-23 14:36:56,628 [2f27ff4a-e7fd-448a-86d2-53e05ca0039d-groupManagement] INFO  server.RaftServer$Division (RaftServerImpl.java:<init>(255)) - 2f27ff4a-e7fd-448a-86d2-53e05ca0039d: new RaftServerImpl for group-96E6188AF822:[2f27ff4a-e7fd-448a-86d2-53e05ca0039d|127.0.0.1:15039] with ContainerStateMachine:uninitialized
2025-04-23 14:36:56,628 [2f27ff4a-e7fd-448a-86d2-53e05ca0039d-groupManagement] INFO  server.RaftServerConfigKeys (ConfUtils.java:logGet(46)) - raft.server.rpc.timeout.min = 5s (custom)
2025-04-23 14:36:56,628 [2f27ff4a-e7fd-448a-86d2-53e05ca0039d-groupManagement] INFO  server.RaftServerConfigKeys (ConfUtils.java:logGet(46)) - raft.server.rpc.timeout.max = 5200ms (custom)
2025-04-23 14:36:56,628 [2f27ff4a-e7fd-448a-86d2-53e05ca0039d-groupManagement] INFO  server.RaftServerConfigKeys (ConfUtils.java:logGet(46)) - raft.server.rpc.sleep.time = 25ms (default)
2025-04-23 14:36:56,628 [2f27ff4a-e7fd-448a-86d2-53e05ca0039d-groupManagement] INFO  server.RaftServerConfigKeys (ConfUtils.java:logGet(46)) - raft.server.rpc.slowness.timeout = 300s (custom)
2025-04-23 14:36:56,628 [2f27ff4a-e7fd-448a-86d2-53e05ca0039d-groupManagement] INFO  server.RaftServerConfigKeys (ConfUtils.java:logGet(46)) - raft.server.leaderelection.leader.step-down.wait-time = 10s (default)
2025-04-23 14:36:56,628 [2f27ff4a-e7fd-448a-86d2-53e05ca0039d-groupManagement] INFO  server.RaftServerConfigKeys (ConfUtils.java:logGet(46)) - raft.server.leaderelection.member.majority-add = false (default)
2025-04-23 14:36:56,628 [2f27ff4a-e7fd-448a-86d2-53e05ca0039d-groupManagement] INFO  server.RaftServerConfigKeys (ConfUtils.java:logGet(46)) - raft.server.sleep.deviation.threshold = 300ms (default)
2025-04-23 14:36:56,628 [2f27ff4a-e7fd-448a-86d2-53e05ca0039d-groupManagement] INFO  server.RaftServer$Division (ServerState.java:<init>(114)) - 2f27ff4a-e7fd-448a-86d2-53e05ca0039d@group-96E6188AF822: ConfigurationManager, init=conf: {index: -1, cur=peers:[2f27ff4a-e7fd-448a-86d2-53e05ca0039d|127.0.0.1:15039]|listeners:[], old=null}, confs=<EMPTY_MAP>
2025-04-23 14:36:56,629 [2f27ff4a-e7fd-448a-86d2-53e05ca0039d-groupManagement] INFO  server.RaftServerConfigKeys (ConfUtils.java:logGet(46)) - raft.server.notification.no-leader.timeout = 300s (custom)
2025-04-23 14:36:56,629 [2f27ff4a-e7fd-448a-86d2-53e05ca0039d-groupManagement] INFO  server.RaftServerConfigKeys (ConfUtils.java:logGet(46)) - raft.server.read.timeout = 10s (default)
2025-04-23 14:36:56,629 [2f27ff4a-e7fd-448a-86d2-53e05ca0039d-groupManagement] INFO  server.RaftServerConfigKeys (ConfUtils.java:logGet(46)) - raft.server.retrycache.expirytime = 600000ms (custom)
2025-04-23 14:36:56,629 [2f27ff4a-e7fd-448a-86d2-53e05ca0039d-groupManagement] INFO  server.RaftServerConfigKeys (ConfUtils.java:logGet(46)) - raft.server.retrycache.statistics.expirytime = 100ms (default)
2025-04-23 14:36:56,629 [2f27ff4a-e7fd-448a-86d2-53e05ca0039d-groupManagement] INFO  server.RaftServerConfigKeys (ConfUtils.java:logGet(46)) - raft.server.read.option = DEFAULT (default)
2025-04-23 14:36:56,629 [2f27ff4a-e7fd-448a-86d2-53e05ca0039d-groupManagement] INFO  server.RaftServerConfigKeys (ConfUtils.java:logGet(46)) - raft.server.read.read-after-write-consistent.write-index-cache.expiry-time = 60s (default)
2025-04-23 14:36:56,634 [2f27ff4a-e7fd-448a-86d2-53e05ca0039d-groupManagement] INFO  server.RaftServerConfigKeys (ConfUtils.java:logGet(46)) - raft.server.rpc.request.timeout = 60s (custom)
2025-04-23 14:36:56,634 [2f27ff4a-e7fd-448a-86d2-53e05ca0039d-groupManagement] INFO  server.RaftServerConfigKeys (ConfUtils.java:logGet(46)) - raft.server.log.appender.install.snapshot.enabled = false (custom)
2025-04-23 14:36:56,634 [2f27ff4a-e7fd-448a-86d2-53e05ca0039d-groupManagement] INFO  server.RaftServerConfigKeys (ConfUtils.java:logGet(46)) - raft.server.threadpool.server.cached = true (default)
2025-04-23 14:36:56,634 [2f27ff4a-e7fd-448a-86d2-53e05ca0039d-groupManagement] INFO  server.RaftServerConfigKeys (ConfUtils.java:logGet(46)) - raft.server.threadpool.server.size = 0 (default)
2025-04-23 14:36:56,634 [2f27ff4a-e7fd-448a-86d2-53e05ca0039d-groupManagement] INFO  server.RaftServerConfigKeys (ConfUtils.java:logGet(46)) - raft.server.threadpool.client.cached = true (default)
2025-04-23 14:36:56,634 [2f27ff4a-e7fd-448a-86d2-53e05ca0039d-groupManagement] INFO  server.RaftServerConfigKeys (ConfUtils.java:logGet(46)) - raft.server.threadpool.client.size = 0 (default)
2025-04-23 14:36:56,634 [2f27ff4a-e7fd-448a-86d2-53e05ca0039d-groupManagement] INFO  server.RaftServerConfigKeys (ConfUtils.java:logGet(46)) - raft.server.storage.free-space.min = 0MB (=0) (default)
2025-04-23 14:36:56,634 [2f27ff4a-e7fd-448a-86d2-53e05ca0039d-groupManagement] INFO  server.RaftServerConfigKeys (ConfUtils.java:logGet(46)) - raft.server.log.corruption.policy = EXCEPTION (default)
2025-04-23 14:36:56,634 [2f27ff4a-e7fd-448a-86d2-53e05ca0039d-groupManagement] INFO  server.RaftServerConfigKeys (ConfUtils.java:logGet(46)) - raft.server.storage.dir = [/home/runner/work/ozone/ozone/hadoop-ozone/integration-test/target/test-dir/MiniOzoneClusterImpl-68853c07-42d2-4ef8-9e75-e3a852294e6a/ozone-meta/datanode-3/ratis] (custom)
2025-04-23 14:36:56,634 [2f27ff4a-e7fd-448a-86d2-53e05ca0039d-groupManagement] INFO  storage.RaftStorageDirectory (RaftStorageDirectoryImpl.java:analyzeStorage(138)) - The storage directory /home/runner/work/ozone/ozone/hadoop-ozone/integration-test/target/test-dir/MiniOzoneClusterImpl-68853c07-42d2-4ef8-9e75-e3a852294e6a/ozone-meta/datanode-3/ratis/a2762648-95f5-47e7-8655-96e6188af822 does not exist. Creating ...
2025-04-23 14:36:56,636 [2f27ff4a-e7fd-448a-86d2-53e05ca0039d-groupManagement] INFO  storage.RaftStorageDirectory (RaftStorageDirectoryImpl.java:tryLock(229)) - Lock on /home/runner/work/ozone/ozone/hadoop-ozone/integration-test/target/test-dir/MiniOzoneClusterImpl-68853c07-42d2-4ef8-9e75-e3a852294e6a/ozone-meta/datanode-3/ratis/a2762648-95f5-47e7-8655-96e6188af822/in_use.lock acquired by nodename 129558@fv-az1120-822
2025-04-23 14:36:56,638 [2f27ff4a-e7fd-448a-86d2-53e05ca0039d-groupManagement] INFO  storage.RaftStorage (RaftStorageImpl.java:format(98)) - Storage directory /home/runner/work/ozone/ozone/hadoop-ozone/integration-test/target/test-dir/MiniOzoneClusterImpl-68853c07-42d2-4ef8-9e75-e3a852294e6a/ozone-meta/datanode-3/ratis/a2762648-95f5-47e7-8655-96e6188af822 has been successfully formatted.
2025-04-23 14:36:56,638 [2f27ff4a-e7fd-448a-86d2-53e05ca0039d-groupManagement] INFO  ratis.ContainerStateMachine (ContainerStateMachine.java:initialize(339)) - 2f27ff4a-e7fd-448a-86d2-53e05ca0039d: initialize group-96E6188AF822
2025-04-23 14:36:56,639 [2f27ff4a-e7fd-448a-86d2-53e05ca0039d-groupManagement] INFO  ratis.ContainerStateMachine (ContainerStateMachine.java:loadSnapshot(347)) - group-96E6188AF822: The snapshot info is null. Setting the last applied index to:(t:0, i:~)
2025-04-23 14:36:56,639 [2f27ff4a-e7fd-448a-86d2-53e05ca0039d-groupManagement] INFO  server.RaftServerConfigKeys (ConfUtils.java:logGet(46)) - raft.server.log.use.memory = false (default)
2025-04-23 14:36:56,640 [2f27ff4a-e7fd-448a-86d2-53e05ca0039d-groupManagement] INFO  server.RaftServerConfigKeys (ConfUtils.java:logGet(46)) - raft.server.log.purge.gap = 1000000 (custom)
2025-04-23 14:36:56,640 [2f27ff4a-e7fd-448a-86d2-53e05ca0039d-groupManagement] INFO  server.RaftServerConfigKeys (ConfUtils.java:logGet(46)) - raft.server.log.appender.buffer.byte-limit = 33554432 (custom)
2025-04-23 14:36:56,641 [2f27ff4a-e7fd-448a-86d2-53e05ca0039d-groupManagement] INFO  server.RaftServerConfigKeys (ConfUtils.java:logGet(46)) - raft.server.log.statemachine.data.read.timeout = 1000ms (default)
2025-04-23 14:36:56,641 [2f27ff4a-e7fd-448a-86d2-53e05ca0039d-groupManagement] INFO  server.RaftServerConfigKeys (ConfUtils.java:logGet(46)) - raft.server.log.purge.preservation.log.num = 0 (default)
2025-04-23 14:36:56,643 [2f27ff4a-e7fd-448a-86d2-53e05ca0039d-groupManagement] INFO  server.RaftServerConfigKeys (ConfUtils.java:logGet(46)) - raft.server.log.segment.size.max = 67108864 (custom)
2025-04-23 14:36:56,644 [2f27ff4a-e7fd-448a-86d2-53e05ca0039d-groupManagement] INFO  server.RaftServerConfigKeys (ConfUtils.java:logGet(46)) - raft.server.log.segment.cache.num.max = 2 (custom)
2025-04-23 14:36:56,645 [2f27ff4a-e7fd-448a-86d2-53e05ca0039d-groupManagement] INFO  server.RaftServerConfigKeys (ConfUtils.java:logGet(46)) - raft.server.log.segment.cache.size.max = 200MB (=209715200) (default)
2025-04-23 14:36:56,645 [2f27ff4a-e7fd-448a-86d2-53e05ca0039d-groupManagement] INFO  server.RaftServerConfigKeys (ConfUtils.java:logGet(46)) - raft.server.log.appender.buffer.byte-limit = 33554432 (custom)
2025-04-23 14:36:56,646 [2f27ff4a-e7fd-448a-86d2-53e05ca0039d-groupManagement] INFO  util.AwaitToRun (AwaitToRun.java:start(81)) - Thread[#969,2f27ff4a-e7fd-448a-86d2-53e05ca0039d@group-96E6188AF822-cacheEviction-AwaitToRun,5,main] started
2025-04-23 14:36:56,646 [2f27ff4a-e7fd-448a-86d2-53e05ca0039d-groupManagement] INFO  segmented.SegmentedRaftLogWorker (SegmentedRaftLogWorker.java:<init>(188)) - new 2f27ff4a-e7fd-448a-86d2-53e05ca0039d@group-96E6188AF822-SegmentedRaftLogWorker for RaftStorageImpl:Storage Directory /home/runner/work/ozone/ozone/hadoop-ozone/integration-test/target/test-dir/MiniOzoneClusterImpl-68853c07-42d2-4ef8-9e75-e3a852294e6a/ozone-meta/datanode-3/ratis/a2762648-95f5-47e7-8655-96e6188af822
2025-04-23 14:36:56,646 [2f27ff4a-e7fd-448a-86d2-53e05ca0039d-groupManagement] INFO  server.RaftServerConfigKeys (ConfUtils.java:logGet(46)) - raft.server.log.queue.byte-limit = 4294967296 (custom)
2025-04-23 14:36:56,646 [2f27ff4a-e7fd-448a-86d2-53e05ca0039d-groupManagement] INFO  server.RaftServerConfigKeys (ConfUtils.java:logGet(46)) - raft.server.log.queue.element-limit = 1024 (custom)
2025-04-23 14:36:56,646 [2f27ff4a-e7fd-448a-86d2-53e05ca0039d-groupManagement] INFO  server.RaftServerConfigKeys (ConfUtils.java:logGet(46)) - raft.server.log.segment.size.max = 67108864 (custom)
2025-04-23 14:36:56,646 [2f27ff4a-e7fd-448a-86d2-53e05ca0039d-groupManagement] INFO  server.RaftServerConfigKeys (ConfUtils.java:logGet(46)) - raft.server.log.preallocated.size = 4194304 (custom)
2025-04-23 14:36:56,646 [2f27ff4a-e7fd-448a-86d2-53e05ca0039d-groupManagement] INFO  server.RaftServerConfigKeys (ConfUtils.java:logGet(46)) - raft.server.log.force.sync.num = 128 (default)
2025-04-23 14:36:56,646 [2f27ff4a-e7fd-448a-86d2-53e05ca0039d-groupManagement] INFO  server.RaftServerConfigKeys (ConfUtils.java:logGet(46)) - raft.server.log.statemachine.data.sync = true (default)
2025-04-23 14:36:56,646 [2f27ff4a-e7fd-448a-86d2-53e05ca0039d-groupManagement] INFO  server.RaftServerConfigKeys (ConfUtils.java:logGet(46)) - raft.server.log.statemachine.data.sync.timeout = 10s (default)
2025-04-23 14:36:56,646 [2f27ff4a-e7fd-448a-86d2-53e05ca0039d-groupManagement] INFO  server.RaftServerConfigKeys (ConfUtils.java:logGet(46)) - raft.server.log.statemachine.data.sync.timeout.retry = 30 (custom)
2025-04-23 14:36:56,647 [2f27ff4a-e7fd-448a-86d2-53e05ca0039d-groupManagement] INFO  server.RaftServerConfigKeys (ConfUtils.java:logGet(46)) - raft.server.log.write.buffer.size = 33554440 (custom)
2025-04-23 14:36:56,649 [e5540f2e-ddef-4dd5-b4fb-d1f335f047d8@group-E3A852294E6A-StateMachineUpdater] INFO  safemode.HealthyPipelineSafeModeRule (HealthyPipelineSafeModeRule.java:initializeRule(174)) - Refreshed total pipeline count is 0, healthy pipeline threshold count is 1
2025-04-23 14:36:56,649 [EventQueue-PipelineReportForPipelineReportHandler] INFO  pipeline.PipelineReportHandler (PipelineReportHandler.java:processPipelineReport(134)) - Opened pipeline PipelineID=a2762648-95f5-47e7-8655-96e6188af822
2025-04-23 14:36:56,650 [EventQueue-OpenPipelineForHealthyPipelineSafeModeRule] INFO  safemode.SCMSafeModeManager (HealthyPipelineSafeModeRule.java:process(141)) - SCM in safe mode. Healthy pipelines reported count is 0, required healthy pipeline reported count is 1
2025-04-23 14:36:56,653 [2f27ff4a-e7fd-448a-86d2-53e05ca0039d-groupManagement] INFO  server.RaftServerConfigKeys (ConfUtils.java:logGet(46)) - raft.server.log.appender.buffer.byte-limit = 33554432 (custom)
2025-04-23 14:36:56,654 [2f27ff4a-e7fd-448a-86d2-53e05ca0039d-groupManagement] INFO  server.RaftServerConfigKeys (ConfUtils.java:logGet(46)) - raft.server.log.unsafe-flush.enabled = false (default)
2025-04-23 14:36:56,654 [2f27ff4a-e7fd-448a-86d2-53e05ca0039d-groupManagement] INFO  server.RaftServerConfigKeys (ConfUtils.java:logGet(46)) - raft.server.log.async-flush.enabled = false (default)
2025-04-23 14:36:56,654 [2f27ff4a-e7fd-448a-86d2-53e05ca0039d-groupManagement] INFO  server.RaftServerConfigKeys (ConfUtils.java:logGet(46)) - raft.server.log.statemachine.data.caching.enabled = true (custom)
2025-04-23 14:36:56,654 [2f27ff4a-e7fd-448a-86d2-53e05ca0039d-groupManagement] INFO  segmented.SegmentedRaftLogWorker (SegmentedRaftLogWorker.java:lambda$new$0(139)) - 2f27ff4a-e7fd-448a-86d2-53e05ca0039d@group-96E6188AF822-SegmentedRaftLogWorker: flushIndex: setUnconditionally 0 -> -1
2025-04-23 14:36:56,654 [2f27ff4a-e7fd-448a-86d2-53e05ca0039d-groupManagement] INFO  segmented.SegmentedRaftLogWorker (SegmentedRaftLogWorker.java:lambda$new$0(139)) - 2f27ff4a-e7fd-448a-86d2-53e05ca0039d@group-96E6188AF822-SegmentedRaftLogWorker: safeCacheEvictIndex: setUnconditionally 0 -> -1
2025-04-23 14:36:56,655 [2f27ff4a-e7fd-448a-86d2-53e05ca0039d-groupManagement] INFO  server.RaftServer$Division (RaftServerImpl.java:start(391)) - 2f27ff4a-e7fd-448a-86d2-53e05ca0039d@group-96E6188AF822: start as a follower, conf=conf: {index: -1, cur=peers:[2f27ff4a-e7fd-448a-86d2-53e05ca0039d|127.0.0.1:15039]|listeners:[], old=null}
2025-04-23 14:36:56,655 [2f27ff4a-e7fd-448a-86d2-53e05ca0039d-groupManagement] INFO  server.RaftServer$Division (RaftServerImpl.java:setRole(378)) - 2f27ff4a-e7fd-448a-86d2-53e05ca0039d@group-96E6188AF822: changes role from      null to FOLLOWER at term 0 for startAsFollower
2025-04-23 14:36:56,655 [2f27ff4a-e7fd-448a-86d2-53e05ca0039d-groupManagement] INFO  impl.RoleInfo (RoleInfo.java:updateAndGet(148)) - 2f27ff4a-e7fd-448a-86d2-53e05ca0039d: start 2f27ff4a-e7fd-448a-86d2-53e05ca0039d@group-96E6188AF822-FollowerState
2025-04-23 14:36:56,655 [2f27ff4a-e7fd-448a-86d2-53e05ca0039d-groupManagement] INFO  util.JmxRegister (JmxRegister.java:tryRegister(44)) - Successfully registered JMX Bean with object name Ratis:service=RaftServer,group=group-96E6188AF822,id=2f27ff4a-e7fd-448a-86d2-53e05ca0039d
2025-04-23 14:36:56,655 [2f27ff4a-e7fd-448a-86d2-53e05ca0039d-groupManagement] INFO  util.JmxRegister (JmxRegister.java:register(58)) - register mxBean class org.apache.ratis.server.impl.RaftServerJmxAdapter as Ratis:service=RaftServer,group=group-96E6188AF822,id=2f27ff4a-e7fd-448a-86d2-53e05ca0039d
2025-04-23 14:36:56,655 [2f27ff4a-e7fd-448a-86d2-53e05ca0039d-groupManagement] INFO  server.RaftServerConfigKeys (ConfUtils.java:logGet(46)) - raft.server.snapshot.trigger-when-stop.enabled = true (default)
2025-04-23 14:36:56,655 [2f27ff4a-e7fd-448a-86d2-53e05ca0039d-groupManagement] INFO  server.RaftServerConfigKeys (ConfUtils.java:logGet(46)) - raft.server.snapshot.trigger-when-remove.enabled = true (default)
2025-04-23 14:36:56,655 [2f27ff4a-e7fd-448a-86d2-53e05ca0039d-groupManagement] INFO  server.RaftServerConfigKeys (ConfUtils.java:logGet(46)) - raft.server.snapshot.auto.trigger.enabled = true (custom)
2025-04-23 14:36:56,655 [2f27ff4a-e7fd-448a-86d2-53e05ca0039d-groupManagement] INFO  server.RaftServerConfigKeys (ConfUtils.java:logGet(46)) - raft.server.snapshot.auto.trigger.threshold = 100000 (custom)
2025-04-23 14:36:56,655 [2f27ff4a-e7fd-448a-86d2-53e05ca0039d-groupManagement] INFO  server.RaftServerConfigKeys (ConfUtils.java:logGet(46)) - raft.server.snapshot.retention.file.num = 5 (custom)
2025-04-23 14:36:56,655 [2f27ff4a-e7fd-448a-86d2-53e05ca0039d-groupManagement] INFO  server.RaftServerConfigKeys (ConfUtils.java:logGet(46)) - raft.server.log.purge.upto.snapshot.index = false (default)
2025-04-23 14:36:56,656 [2f27ff4a-e7fd-448a-86d2-53e05ca0039d@group-96E6188AF822-FollowerState] INFO  server.RaftServerConfigKeys (ConfUtils.java:logGet(46)) - raft.server.rpc.first-election.timeout.min = 1000ms (custom)
2025-04-23 14:36:56,656 [2f27ff4a-e7fd-448a-86d2-53e05ca0039d@group-96E6188AF822-FollowerState] INFO  server.RaftServerConfigKeys (ConfUtils.java:logGet(46)) - raft.server.rpc.first-election.timeout.max = 1200ms (custom)
2025-04-23 14:36:56,657 [2f27ff4a-e7fd-448a-86d2-53e05ca0039d-groupManagement] INFO  server.RaftServer$Division (RaftServerImpl.java:start(405)) - 2f27ff4a-e7fd-448a-86d2-53e05ca0039d@group-96E6188AF822: Successfully started.
2025-04-23 14:36:56,657 [2f27ff4a-e7fd-448a-86d2-53e05ca0039d-PipelineCommandHandlerThread-0] INFO  ratis.XceiverServerRatis (XceiverServerRatis.java:addGroup(842)) - Created group PipelineID=a2762648-95f5-47e7-8655-96e6188af822
2025-04-23 14:36:56,657 [2f27ff4a-e7fd-448a-86d2-53e05ca0039d-PipelineCommandHandlerThread-0] INFO  commandhandler.CreatePipelineCommandHandler (CreatePipelineCommandHandler.java:lambda$handle$2(128)) - Created Pipeline RATIS ONE PipelineID=a2762648-95f5-47e7-8655-96e6188af822.
2025-04-23 14:36:56,857 [timer1] WARN  server.GrpcLogAppender (LogUtils.java:warn(121)) - omNode-1@group-523986131536->omNode-3-AppendLogResponseHandler: Failed appendEntries (Repeated 6 times in the last 5.007s): org.apache.ratis.thirdparty.io.grpc.StatusRuntimeException: UNAVAILABLE: io exception
2025-04-23 14:36:56,867 [timer4] WARN  server.GrpcLogAppender (GrpcLogAppender.java:lambda$resetClient$1(221)) - omNode-1@group-523986131536->omNode-3-GrpcLogAppender: Follower failed (request=null, errorCount=2); keep nextIndex (0) unchanged and retry. (Repeated 2 times in the last 5.001s)
2025-04-23 14:36:56,879 [timer5] WARN  server.GrpcLogAppender (GrpcLogAppender.java:lambda$resetClient$1(221)) - omNode-1@group-523986131536->omNode-3-GrpcLogAppender: Follower failed (request=null, errorCount=6); keep nextIndex (1) unchanged and retry. (Repeated 4 times in the last 5.005s)
2025-04-23 14:36:57,130 [main] INFO  ozone.MiniOzoneClusterImpl (MiniOzoneClusterImpl.java:lambda$waitForClusterToBeReady$0(190)) - Nodes are ready. Got 3 of 3 DN Heartbeats.
2025-04-23 14:36:57,131 [main] INFO  ozone.MiniOzoneClusterImpl (MiniOzoneClusterImpl.java:lambda$waitForClusterToBeReady$0(193)) - Waiting for cluster to exit safe mode
2025-04-23 14:36:57,131 [main] INFO  ozone.MiniOzoneClusterImpl (MiniOzoneClusterImpl.java:lambda$waitForClusterToBeReady$0(195)) - SCM became leader
2025-04-23 14:36:57,275 [b3e33d86-0447-4fd5-9cd5-f314a86cc755@group-08615C97F66E-FollowerState] INFO  impl.FollowerState (FollowerState.java:runImpl(161)) - b3e33d86-0447-4fd5-9cd5-f314a86cc755@group-08615C97F66E-FollowerState: change to CANDIDATE, lastRpcElapsedTime:1023637384ns, electionTimeout:1023ms
2025-04-23 14:36:57,275 [b3e33d86-0447-4fd5-9cd5-f314a86cc755@group-08615C97F66E-FollowerState] INFO  impl.RoleInfo (RoleInfo.java:shutdownFollowerState(121)) - b3e33d86-0447-4fd5-9cd5-f314a86cc755: shutdown b3e33d86-0447-4fd5-9cd5-f314a86cc755@group-08615C97F66E-FollowerState
2025-04-23 14:36:57,275 [b3e33d86-0447-4fd5-9cd5-f314a86cc755@group-08615C97F66E-FollowerState] INFO  server.RaftServer$Division (RaftServerImpl.java:setRole(378)) - b3e33d86-0447-4fd5-9cd5-f314a86cc755@group-08615C97F66E: changes role from  FOLLOWER to CANDIDATE at term 0 for changeToCandidate
2025-04-23 14:36:57,276 [b3e33d86-0447-4fd5-9cd5-f314a86cc755@group-08615C97F66E-FollowerState] INFO  server.RaftServerConfigKeys (ConfUtils.java:logGet(46)) - raft.server.leaderelection.pre-vote = true (default)
2025-04-23 14:36:57,276 [b3e33d86-0447-4fd5-9cd5-f314a86cc755@group-08615C97F66E-FollowerState] INFO  impl.RoleInfo (RoleInfo.java:updateAndGet(148)) - b3e33d86-0447-4fd5-9cd5-f314a86cc755: start b3e33d86-0447-4fd5-9cd5-f314a86cc755@group-08615C97F66E-LeaderElection4
2025-04-23 14:36:57,276 [b3e33d86-0447-4fd5-9cd5-f314a86cc755@group-08615C97F66E-LeaderElection4] INFO  impl.LeaderElection (LeaderElection.java:askForVotes(332)) - b3e33d86-0447-4fd5-9cd5-f314a86cc755@group-08615C97F66E-LeaderElection4 PRE_VOTE round 0: submit vote requests at term 0 for conf: {index: -1, cur=peers:[b3e33d86-0447-4fd5-9cd5-f314a86cc755|127.0.0.1:15023, 2f27ff4a-e7fd-448a-86d2-53e05ca0039d|127.0.0.1:15039, 90a71c42-cf1a-4ac2-af8f-9011ebfd0240|127.0.0.1:15031]|listeners:[], old=null}
2025-04-23 14:36:57,276 [b3e33d86-0447-4fd5-9cd5-f314a86cc755@group-08615C97F66E-LeaderElection4-1] INFO  server.GrpcServerProtocolClient (GrpcServerProtocolClient.java:<init>(65)) - Build channel for 2f27ff4a-e7fd-448a-86d2-53e05ca0039d|127.0.0.1:15039
2025-04-23 14:36:57,277 [b3e33d86-0447-4fd5-9cd5-f314a86cc755@group-08615C97F66E-LeaderElection4-2] INFO  server.GrpcServerProtocolClient (GrpcServerProtocolClient.java:<init>(65)) - Build channel for 90a71c42-cf1a-4ac2-af8f-9011ebfd0240|127.0.0.1:15031
2025-04-23 14:36:57,277 [b3e33d86-0447-4fd5-9cd5-f314a86cc755@group-08615C97F66E-LeaderElection4] INFO  server.RaftServerConfigKeys (ConfUtils.java:logGet(46)) - raft.server.rpc.first-election.timeout.min = 1000ms (custom)
2025-04-23 14:36:57,277 [b3e33d86-0447-4fd5-9cd5-f314a86cc755@group-08615C97F66E-LeaderElection4] INFO  server.RaftServerConfigKeys (ConfUtils.java:logGet(46)) - raft.server.rpc.first-election.timeout.max = 1200ms (custom)
2025-04-23 14:36:57,282 [grpc-default-executor-3] INFO  server.RaftServer$Division (RaftServerImpl.java:requestVote(1407)) - 2f27ff4a-e7fd-448a-86d2-53e05ca0039d@group-08615C97F66E: receive requestVote(PRE_VOTE, b3e33d86-0447-4fd5-9cd5-f314a86cc755, group-08615C97F66E, 0, (t:0, i:0))
2025-04-23 14:36:57,282 [grpc-default-executor-3] INFO  impl.VoteContext (VoteContext.java:log(49)) - 2f27ff4a-e7fd-448a-86d2-53e05ca0039d@group-08615C97F66E-FOLLOWER: reject PRE_VOTE from b3e33d86-0447-4fd5-9cd5-f314a86cc755: our priority 1 > candidate's priority 0
2025-04-23 14:36:57,282 [grpc-default-executor-3] INFO  server.RaftServer$Division (RaftServerImpl.java:requestVote(1441)) - 2f27ff4a-e7fd-448a-86d2-53e05ca0039d@group-08615C97F66E replies to PRE_VOTE vote request: b3e33d86-0447-4fd5-9cd5-f314a86cc755<-2f27ff4a-e7fd-448a-86d2-53e05ca0039d#0:FAIL-t0. Peer's state: 2f27ff4a-e7fd-448a-86d2-53e05ca0039d@group-08615C97F66E:t0, leader=null, voted=, raftlog=Memoized:2f27ff4a-e7fd-448a-86d2-53e05ca0039d@group-08615C97F66E-SegmentedRaftLog:OPENED:c-1:lastnull, conf=conf: {index: -1, cur=peers:[b3e33d86-0447-4fd5-9cd5-f314a86cc755|127.0.0.1:15023, 2f27ff4a-e7fd-448a-86d2-53e05ca0039d|127.0.0.1:15039, 90a71c42-cf1a-4ac2-af8f-9011ebfd0240|127.0.0.1:15031]|listeners:[], old=null}
2025-04-23 14:36:57,283 [grpc-default-executor-7] INFO  server.RaftServer$Division (RaftServerImpl.java:requestVote(1407)) - 90a71c42-cf1a-4ac2-af8f-9011ebfd0240@group-08615C97F66E: receive requestVote(PRE_VOTE, b3e33d86-0447-4fd5-9cd5-f314a86cc755, group-08615C97F66E, 0, (t:0, i:0))
2025-04-23 14:36:57,283 [grpc-default-executor-7] INFO  impl.VoteContext (VoteContext.java:log(49)) - 90a71c42-cf1a-4ac2-af8f-9011ebfd0240@group-08615C97F66E-FOLLOWER: accept PRE_VOTE from b3e33d86-0447-4fd5-9cd5-f314a86cc755: our priority 0 <= candidate's priority 0
2025-04-23 14:36:57,283 [grpc-default-executor-7] INFO  server.RaftServer$Division (RaftServerImpl.java:requestVote(1441)) - 90a71c42-cf1a-4ac2-af8f-9011ebfd0240@group-08615C97F66E replies to PRE_VOTE vote request: b3e33d86-0447-4fd5-9cd5-f314a86cc755<-90a71c42-cf1a-4ac2-af8f-9011ebfd0240#0:OK-t0. Peer's state: 90a71c42-cf1a-4ac2-af8f-9011ebfd0240@group-08615C97F66E:t0, leader=null, voted=, raftlog=Memoized:90a71c42-cf1a-4ac2-af8f-9011ebfd0240@group-08615C97F66E-SegmentedRaftLog:OPENED:c-1:lastnull, conf=conf: {index: -1, cur=peers:[b3e33d86-0447-4fd5-9cd5-f314a86cc755|127.0.0.1:15023, 2f27ff4a-e7fd-448a-86d2-53e05ca0039d|127.0.0.1:15039, 90a71c42-cf1a-4ac2-af8f-9011ebfd0240|127.0.0.1:15031]|listeners:[], old=null}
2025-04-23 14:36:57,284 [b3e33d86-0447-4fd5-9cd5-f314a86cc755@group-08615C97F66E-LeaderElection4] INFO  impl.LeaderElection (LeaderElection.java:logAndReturn(90)) - b3e33d86-0447-4fd5-9cd5-f314a86cc755@group-08615C97F66E-LeaderElection4: PRE_VOTE REJECTED received 1 response(s) and 0 exception(s):
2025-04-23 14:36:57,284 [b3e33d86-0447-4fd5-9cd5-f314a86cc755@group-08615C97F66E-LeaderElection4] INFO  impl.LeaderElection (LeaderElection.java:logAndReturn(94)) -   Response 0: b3e33d86-0447-4fd5-9cd5-f314a86cc755<-2f27ff4a-e7fd-448a-86d2-53e05ca0039d#0:FAIL-t0
2025-04-23 14:36:57,285 [b3e33d86-0447-4fd5-9cd5-f314a86cc755@group-08615C97F66E-LeaderElection4] INFO  impl.LeaderElection (LeaderElection.java:askForVotes(334)) - b3e33d86-0447-4fd5-9cd5-f314a86cc755@group-08615C97F66E-LeaderElection4 PRE_VOTE round 0: result REJECTED
2025-04-23 14:36:57,285 [b3e33d86-0447-4fd5-9cd5-f314a86cc755@group-08615C97F66E-LeaderElection4] INFO  server.RaftServer$Division (RaftServerImpl.java:setRole(378)) - b3e33d86-0447-4fd5-9cd5-f314a86cc755@group-08615C97F66E: changes role from CANDIDATE to FOLLOWER at term 0 for REJECTED
2025-04-23 14:36:57,285 [b3e33d86-0447-4fd5-9cd5-f314a86cc755@group-08615C97F66E-LeaderElection4] INFO  impl.RoleInfo (RoleInfo.java:shutdownLeaderElection(141)) - b3e33d86-0447-4fd5-9cd5-f314a86cc755: shutdown b3e33d86-0447-4fd5-9cd5-f314a86cc755@group-08615C97F66E-LeaderElection4
2025-04-23 14:36:57,285 [b3e33d86-0447-4fd5-9cd5-f314a86cc755@group-08615C97F66E-LeaderElection4] INFO  impl.RoleInfo (RoleInfo.java:updateAndGet(148)) - b3e33d86-0447-4fd5-9cd5-f314a86cc755: start b3e33d86-0447-4fd5-9cd5-f314a86cc755@group-08615C97F66E-FollowerState
2025-04-23 14:36:57,286 [b3e33d86-0447-4fd5-9cd5-f314a86cc755@group-08615C97F66E-LeaderElection4] INFO  server.RaftServer$Division (RaftServerImpl.java:setFirstElection(562)) - b3e33d86-0447-4fd5-9cd5-f314a86cc755@group-08615C97F66E: set firstElectionSinceStartup to false for REJECTED
2025-04-23 14:36:57,363 [2f27ff4a-e7fd-448a-86d2-53e05ca0039d@group-08615C97F66E-FollowerState] INFO  impl.FollowerState (FollowerState.java:runImpl(161)) - 2f27ff4a-e7fd-448a-86d2-53e05ca0039d@group-08615C97F66E-FollowerState: change to CANDIDATE, lastRpcElapsedTime:1002983058ns, electionTimeout:1002ms
2025-04-23 14:36:57,363 [2f27ff4a-e7fd-448a-86d2-53e05ca0039d@group-08615C97F66E-FollowerState] INFO  impl.RoleInfo (RoleInfo.java:shutdownFollowerState(121)) - 2f27ff4a-e7fd-448a-86d2-53e05ca0039d: shutdown 2f27ff4a-e7fd-448a-86d2-53e05ca0039d@group-08615C97F66E-FollowerState
2025-04-23 14:36:57,363 [2f27ff4a-e7fd-448a-86d2-53e05ca0039d@group-08615C97F66E-FollowerState] INFO  server.RaftServer$Division (RaftServerImpl.java:setRole(378)) - 2f27ff4a-e7fd-448a-86d2-53e05ca0039d@group-08615C97F66E: changes role from  FOLLOWER to CANDIDATE at term 0 for changeToCandidate
2025-04-23 14:36:57,364 [2f27ff4a-e7fd-448a-86d2-53e05ca0039d@group-08615C97F66E-FollowerState] INFO  server.RaftServerConfigKeys (ConfUtils.java:logGet(46)) - raft.server.leaderelection.pre-vote = true (default)
2025-04-23 14:36:57,364 [2f27ff4a-e7fd-448a-86d2-53e05ca0039d@group-08615C97F66E-FollowerState] INFO  impl.RoleInfo (RoleInfo.java:updateAndGet(148)) - 2f27ff4a-e7fd-448a-86d2-53e05ca0039d: start 2f27ff4a-e7fd-448a-86d2-53e05ca0039d@group-08615C97F66E-LeaderElection5
2025-04-23 14:36:57,364 [2f27ff4a-e7fd-448a-86d2-53e05ca0039d@group-08615C97F66E-LeaderElection5] INFO  impl.LeaderElection (LeaderElection.java:askForVotes(332)) - 2f27ff4a-e7fd-448a-86d2-53e05ca0039d@group-08615C97F66E-LeaderElection5 PRE_VOTE round 0: submit vote requests at term 0 for conf: {index: -1, cur=peers:[b3e33d86-0447-4fd5-9cd5-f314a86cc755|127.0.0.1:15023, 2f27ff4a-e7fd-448a-86d2-53e05ca0039d|127.0.0.1:15039, 90a71c42-cf1a-4ac2-af8f-9011ebfd0240|127.0.0.1:15031]|listeners:[], old=null}
2025-04-23 14:36:57,364 [2f27ff4a-e7fd-448a-86d2-53e05ca0039d@group-08615C97F66E-LeaderElection5-1] INFO  server.GrpcServerProtocolClient (GrpcServerProtocolClient.java:<init>(65)) - Build channel for b3e33d86-0447-4fd5-9cd5-f314a86cc755|127.0.0.1:15023
2025-04-23 14:36:57,365 [2f27ff4a-e7fd-448a-86d2-53e05ca0039d@group-08615C97F66E-LeaderElection5-2] INFO  server.GrpcServerProtocolClient (GrpcServerProtocolClient.java:<init>(65)) - Build channel for 90a71c42-cf1a-4ac2-af8f-9011ebfd0240|127.0.0.1:15031
2025-04-23 14:36:57,365 [2f27ff4a-e7fd-448a-86d2-53e05ca0039d@group-08615C97F66E-LeaderElection5] INFO  server.RaftServerConfigKeys (ConfUtils.java:logGet(46)) - raft.server.rpc.first-election.timeout.min = 1000ms (custom)
2025-04-23 14:36:57,365 [2f27ff4a-e7fd-448a-86d2-53e05ca0039d@group-08615C97F66E-LeaderElection5] INFO  server.RaftServerConfigKeys (ConfUtils.java:logGet(46)) - raft.server.rpc.first-election.timeout.max = 1200ms (custom)
2025-04-23 14:36:57,370 [grpc-default-executor-7] INFO  server.RaftServer$Division (RaftServerImpl.java:requestVote(1407)) - 90a71c42-cf1a-4ac2-af8f-9011ebfd0240@group-08615C97F66E: receive requestVote(PRE_VOTE, 2f27ff4a-e7fd-448a-86d2-53e05ca0039d, group-08615C97F66E, 0, (t:0, i:0))
2025-04-23 14:36:57,370 [grpc-default-executor-7] INFO  impl.VoteContext (VoteContext.java:log(49)) - 90a71c42-cf1a-4ac2-af8f-9011ebfd0240@group-08615C97F66E-FOLLOWER: accept PRE_VOTE from 2f27ff4a-e7fd-448a-86d2-53e05ca0039d: our priority 0 <= candidate's priority 1
2025-04-23 14:36:57,370 [grpc-default-executor-3] INFO  server.RaftServer$Division (RaftServerImpl.java:requestVote(1407)) - b3e33d86-0447-4fd5-9cd5-f314a86cc755@group-08615C97F66E: receive requestVote(PRE_VOTE, 2f27ff4a-e7fd-448a-86d2-53e05ca0039d, group-08615C97F66E, 0, (t:0, i:0))
2025-04-23 14:36:57,370 [grpc-default-executor-7] INFO  server.RaftServer$Division (RaftServerImpl.java:requestVote(1441)) - 90a71c42-cf1a-4ac2-af8f-9011ebfd0240@group-08615C97F66E replies to PRE_VOTE vote request: 2f27ff4a-e7fd-448a-86d2-53e05ca0039d<-90a71c42-cf1a-4ac2-af8f-9011ebfd0240#0:OK-t0. Peer's state: 90a71c42-cf1a-4ac2-af8f-9011ebfd0240@group-08615C97F66E:t0, leader=null, voted=, raftlog=Memoized:90a71c42-cf1a-4ac2-af8f-9011ebfd0240@group-08615C97F66E-SegmentedRaftLog:OPENED:c-1:lastnull, conf=conf: {index: -1, cur=peers:[b3e33d86-0447-4fd5-9cd5-f314a86cc755|127.0.0.1:15023, 2f27ff4a-e7fd-448a-86d2-53e05ca0039d|127.0.0.1:15039, 90a71c42-cf1a-4ac2-af8f-9011ebfd0240|127.0.0.1:15031]|listeners:[], old=null}
2025-04-23 14:36:57,370 [grpc-default-executor-3] INFO  impl.VoteContext (VoteContext.java:log(49)) - b3e33d86-0447-4fd5-9cd5-f314a86cc755@group-08615C97F66E-FOLLOWER: accept PRE_VOTE from 2f27ff4a-e7fd-448a-86d2-53e05ca0039d: our priority 0 <= candidate's priority 1
2025-04-23 14:36:57,370 [grpc-default-executor-3] INFO  server.RaftServer$Division (RaftServerImpl.java:requestVote(1441)) - b3e33d86-0447-4fd5-9cd5-f314a86cc755@group-08615C97F66E replies to PRE_VOTE vote request: 2f27ff4a-e7fd-448a-86d2-53e05ca0039d<-b3e33d86-0447-4fd5-9cd5-f314a86cc755#0:OK-t0. Peer's state: b3e33d86-0447-4fd5-9cd5-f314a86cc755@group-08615C97F66E:t0, leader=null, voted=, raftlog=Memoized:b3e33d86-0447-4fd5-9cd5-f314a86cc755@group-08615C97F66E-SegmentedRaftLog:OPENED:c-1:lastnull, conf=conf: {index: -1, cur=peers:[b3e33d86-0447-4fd5-9cd5-f314a86cc755|127.0.0.1:15023, 2f27ff4a-e7fd-448a-86d2-53e05ca0039d|127.0.0.1:15039, 90a71c42-cf1a-4ac2-af8f-9011ebfd0240|127.0.0.1:15031]|listeners:[], old=null}
2025-04-23 14:36:57,372 [2f27ff4a-e7fd-448a-86d2-53e05ca0039d@group-08615C97F66E-LeaderElection5] INFO  impl.LeaderElection (LeaderElection.java:logAndReturn(90)) - 2f27ff4a-e7fd-448a-86d2-53e05ca0039d@group-08615C97F66E-LeaderElection5: PRE_VOTE PASSED received 1 response(s) and 0 exception(s):
2025-04-23 14:36:57,372 [2f27ff4a-e7fd-448a-86d2-53e05ca0039d@group-08615C97F66E-LeaderElection5] INFO  impl.LeaderElection (LeaderElection.java:logAndReturn(94)) -   Response 0: 2f27ff4a-e7fd-448a-86d2-53e05ca0039d<-b3e33d86-0447-4fd5-9cd5-f314a86cc755#0:OK-t0
2025-04-23 14:36:57,372 [2f27ff4a-e7fd-448a-86d2-53e05ca0039d@group-08615C97F66E-LeaderElection5] INFO  impl.LeaderElection (LeaderElection.java:askForVotes(334)) - 2f27ff4a-e7fd-448a-86d2-53e05ca0039d@group-08615C97F66E-LeaderElection5 PRE_VOTE round 0: result PASSED
2025-04-23 14:36:57,373 [2f27ff4a-e7fd-448a-86d2-53e05ca0039d@group-08615C97F66E-LeaderElection5] INFO  impl.LeaderElection (LeaderElection.java:askForVotes(332)) - 2f27ff4a-e7fd-448a-86d2-53e05ca0039d@group-08615C97F66E-LeaderElection5 ELECTION round 0: submit vote requests at term 1 for conf: {index: -1, cur=peers:[b3e33d86-0447-4fd5-9cd5-f314a86cc755|127.0.0.1:15023, 2f27ff4a-e7fd-448a-86d2-53e05ca0039d|127.0.0.1:15039, 90a71c42-cf1a-4ac2-af8f-9011ebfd0240|127.0.0.1:15031]|listeners:[], old=null}
2025-04-23 14:36:57,374 [2f27ff4a-e7fd-448a-86d2-53e05ca0039d@group-08615C97F66E-LeaderElection5] INFO  server.RaftServerConfigKeys (ConfUtils.java:logGet(46)) - raft.server.rpc.first-election.timeout.min = 1000ms (custom)
2025-04-23 14:36:57,374 [2f27ff4a-e7fd-448a-86d2-53e05ca0039d@group-08615C97F66E-LeaderElection5] INFO  server.RaftServerConfigKeys (ConfUtils.java:logGet(46)) - raft.server.rpc.first-election.timeout.max = 1200ms (custom)
2025-04-23 14:36:57,376 [grpc-default-executor-3] INFO  server.RaftServer$Division (RaftServerImpl.java:requestVote(1407)) - b3e33d86-0447-4fd5-9cd5-f314a86cc755@group-08615C97F66E: receive requestVote(ELECTION, 2f27ff4a-e7fd-448a-86d2-53e05ca0039d, group-08615C97F66E, 1, (t:0, i:0))
2025-04-23 14:36:57,376 [grpc-default-executor-3] INFO  impl.VoteContext (VoteContext.java:log(49)) - b3e33d86-0447-4fd5-9cd5-f314a86cc755@group-08615C97F66E-FOLLOWER: accept ELECTION from 2f27ff4a-e7fd-448a-86d2-53e05ca0039d: our priority 0 <= candidate's priority 1
2025-04-23 14:36:57,376 [grpc-default-executor-3] INFO  server.RaftServer$Division (RaftServerImpl.java:setRole(378)) - b3e33d86-0447-4fd5-9cd5-f314a86cc755@group-08615C97F66E: changes role from  FOLLOWER to FOLLOWER at term 0 for candidate:2f27ff4a-e7fd-448a-86d2-53e05ca0039d
2025-04-23 14:36:57,376 [grpc-default-executor-7] INFO  server.RaftServer$Division (RaftServerImpl.java:requestVote(1407)) - 90a71c42-cf1a-4ac2-af8f-9011ebfd0240@group-08615C97F66E: receive requestVote(ELECTION, 2f27ff4a-e7fd-448a-86d2-53e05ca0039d, group-08615C97F66E, 1, (t:0, i:0))
2025-04-23 14:36:57,376 [grpc-default-executor-7] INFO  impl.VoteContext (VoteContext.java:log(49)) - 90a71c42-cf1a-4ac2-af8f-9011ebfd0240@group-08615C97F66E-FOLLOWER: accept ELECTION from 2f27ff4a-e7fd-448a-86d2-53e05ca0039d: our priority 0 <= candidate's priority 1
2025-04-23 14:36:57,376 [grpc-default-executor-7] INFO  server.RaftServer$Division (RaftServerImpl.java:setRole(378)) - 90a71c42-cf1a-4ac2-af8f-9011ebfd0240@group-08615C97F66E: changes role from  FOLLOWER to FOLLOWER at term 0 for candidate:2f27ff4a-e7fd-448a-86d2-53e05ca0039d
2025-04-23 14:36:57,376 [grpc-default-executor-7] INFO  impl.RoleInfo (RoleInfo.java:shutdownFollowerState(121)) - 90a71c42-cf1a-4ac2-af8f-9011ebfd0240: shutdown 90a71c42-cf1a-4ac2-af8f-9011ebfd0240@group-08615C97F66E-FollowerState
2025-04-23 14:36:57,376 [grpc-default-executor-7] INFO  impl.RoleInfo (RoleInfo.java:updateAndGet(148)) - 90a71c42-cf1a-4ac2-af8f-9011ebfd0240: start 90a71c42-cf1a-4ac2-af8f-9011ebfd0240@group-08615C97F66E-FollowerState
2025-04-23 14:36:57,376 [90a71c42-cf1a-4ac2-af8f-9011ebfd0240@group-08615C97F66E-FollowerState] INFO  impl.FollowerState (FollowerState.java:runImpl(170)) - 90a71c42-cf1a-4ac2-af8f-9011ebfd0240@group-08615C97F66E-FollowerState was interrupted
2025-04-23 14:36:57,377 [90a71c42-cf1a-4ac2-af8f-9011ebfd0240@group-08615C97F66E-FollowerState] INFO  server.RaftServerConfigKeys (ConfUtils.java:logGet(46)) - raft.server.rpc.first-election.timeout.min = 1000ms (custom)
2025-04-23 14:36:57,377 [90a71c42-cf1a-4ac2-af8f-9011ebfd0240@group-08615C97F66E-FollowerState] INFO  server.RaftServerConfigKeys (ConfUtils.java:logGet(46)) - raft.server.rpc.first-election.timeout.max = 1200ms (custom)
2025-04-23 14:36:57,377 [grpc-default-executor-7] INFO  server.RaftServer$Division (RaftServerImpl.java:setFirstElection(562)) - 90a71c42-cf1a-4ac2-af8f-9011ebfd0240@group-08615C97F66E: set firstElectionSinceStartup to false for candidate:2f27ff4a-e7fd-448a-86d2-53e05ca0039d
2025-04-23 14:36:57,376 [grpc-default-executor-3] INFO  impl.RoleInfo (RoleInfo.java:shutdownFollowerState(121)) - b3e33d86-0447-4fd5-9cd5-f314a86cc755: shutdown b3e33d86-0447-4fd5-9cd5-f314a86cc755@group-08615C97F66E-FollowerState
2025-04-23 14:36:57,377 [grpc-default-executor-3] INFO  impl.RoleInfo (RoleInfo.java:updateAndGet(148)) - b3e33d86-0447-4fd5-9cd5-f314a86cc755: start b3e33d86-0447-4fd5-9cd5-f314a86cc755@group-08615C97F66E-FollowerState
2025-04-23 14:36:57,377 [b3e33d86-0447-4fd5-9cd5-f314a86cc755@group-08615C97F66E-FollowerState] INFO  impl.FollowerState (FollowerState.java:runImpl(170)) - b3e33d86-0447-4fd5-9cd5-f314a86cc755@group-08615C97F66E-FollowerState was interrupted
2025-04-23 14:36:57,379 [grpc-default-executor-7] INFO  server.RaftServer$Division (RaftServerImpl.java:requestVote(1441)) - 90a71c42-cf1a-4ac2-af8f-9011ebfd0240@group-08615C97F66E replies to ELECTION vote request: 2f27ff4a-e7fd-448a-86d2-53e05ca0039d<-90a71c42-cf1a-4ac2-af8f-9011ebfd0240#0:OK-t1. Peer's state: 90a71c42-cf1a-4ac2-af8f-9011ebfd0240@group-08615C97F66E:t1, leader=null, voted=2f27ff4a-e7fd-448a-86d2-53e05ca0039d, raftlog=Memoized:90a71c42-cf1a-4ac2-af8f-9011ebfd0240@group-08615C97F66E-SegmentedRaftLog:OPENED:c-1:lastnull, conf=conf: {index: -1, cur=peers:[b3e33d86-0447-4fd5-9cd5-f314a86cc755|127.0.0.1:15023, 2f27ff4a-e7fd-448a-86d2-53e05ca0039d|127.0.0.1:15039, 90a71c42-cf1a-4ac2-af8f-9011ebfd0240|127.0.0.1:15031]|listeners:[], old=null}
2025-04-23 14:36:57,379 [grpc-default-executor-3] INFO  server.RaftServer$Division (RaftServerImpl.java:requestVote(1441)) - b3e33d86-0447-4fd5-9cd5-f314a86cc755@group-08615C97F66E replies to ELECTION vote request: 2f27ff4a-e7fd-448a-86d2-53e05ca0039d<-b3e33d86-0447-4fd5-9cd5-f314a86cc755#0:OK-t1. Peer's state: b3e33d86-0447-4fd5-9cd5-f314a86cc755@group-08615C97F66E:t1, leader=null, voted=2f27ff4a-e7fd-448a-86d2-53e05ca0039d, raftlog=Memoized:b3e33d86-0447-4fd5-9cd5-f314a86cc755@group-08615C97F66E-SegmentedRaftLog:OPENED:c-1:lastnull, conf=conf: {index: -1, cur=peers:[b3e33d86-0447-4fd5-9cd5-f314a86cc755|127.0.0.1:15023, 2f27ff4a-e7fd-448a-86d2-53e05ca0039d|127.0.0.1:15039, 90a71c42-cf1a-4ac2-af8f-9011ebfd0240|127.0.0.1:15031]|listeners:[], old=null}
2025-04-23 14:36:57,382 [2f27ff4a-e7fd-448a-86d2-53e05ca0039d@group-08615C97F66E-LeaderElection5] INFO  impl.LeaderElection (LeaderElection.java:logAndReturn(90)) - 2f27ff4a-e7fd-448a-86d2-53e05ca0039d@group-08615C97F66E-LeaderElection5: ELECTION PASSED received 1 response(s) and 0 exception(s):
2025-04-23 14:36:57,382 [2f27ff4a-e7fd-448a-86d2-53e05ca0039d@group-08615C97F66E-LeaderElection5] INFO  impl.LeaderElection (LeaderElection.java:logAndReturn(94)) -   Response 0: 2f27ff4a-e7fd-448a-86d2-53e05ca0039d<-b3e33d86-0447-4fd5-9cd5-f314a86cc755#0:OK-t1
2025-04-23 14:36:57,382 [2f27ff4a-e7fd-448a-86d2-53e05ca0039d@group-08615C97F66E-LeaderElection5] INFO  impl.LeaderElection (LeaderElection.java:askForVotes(334)) - 2f27ff4a-e7fd-448a-86d2-53e05ca0039d@group-08615C97F66E-LeaderElection5 ELECTION round 0: result PASSED
2025-04-23 14:36:57,382 [2f27ff4a-e7fd-448a-86d2-53e05ca0039d@group-08615C97F66E-LeaderElection5] INFO  impl.RoleInfo (RoleInfo.java:shutdownLeaderElection(141)) - 2f27ff4a-e7fd-448a-86d2-53e05ca0039d: shutdown 2f27ff4a-e7fd-448a-86d2-53e05ca0039d@group-08615C97F66E-LeaderElection5
2025-04-23 14:36:57,382 [2f27ff4a-e7fd-448a-86d2-53e05ca0039d@group-08615C97F66E-LeaderElection5] INFO  server.RaftServer$Division (RaftServerImpl.java:setRole(378)) - 2f27ff4a-e7fd-448a-86d2-53e05ca0039d@group-08615C97F66E: changes role from CANDIDATE to LEADER at term 1 for changeToLeader
2025-04-23 14:36:57,382 [2f27ff4a-e7fd-448a-86d2-53e05ca0039d@group-08615C97F66E-LeaderElection5] INFO  server.RaftServerConfigKeys (ConfUtils.java:logGet(46)) - raft.server.staging.catchup.gap = 1000 (default)
2025-04-23 14:36:57,383 [2f27ff4a-e7fd-448a-86d2-53e05ca0039d@group-08615C97F66E-LeaderElection5] INFO  server.RaftServerConfigKeys (ConfUtils.java:logGet(46)) - raft.server.write.element-limit = 1024 (custom)
2025-04-23 14:36:57,383 [2f27ff4a-e7fd-448a-86d2-53e05ca0039d@group-08615C97F66E-LeaderElection5] INFO  server.RaftServerConfigKeys (ConfUtils.java:logGet(46)) - raft.server.write.byte-limit = 1024 M (=1073741824) (custom)
2025-04-23 14:36:57,383 [2f27ff4a-e7fd-448a-86d2-53e05ca0039d@group-08615C97F66E-LeaderElection5] INFO  server.RaftServerConfigKeys (ConfUtils.java:logGet(46)) - raft.server.watch.timeout = 30s (custom)
2025-04-23 14:36:57,383 [2f27ff4a-e7fd-448a-86d2-53e05ca0039d@group-08615C97F66E-LeaderElection5] INFO  server.RaftServerConfigKeys (ConfUtils.java:logGet(46)) - raft.server.watch.timeout.denomination = 1s (default)
2025-04-23 14:36:57,383 [2f27ff4a-e7fd-448a-86d2-53e05ca0039d@group-08615C97F66E-LeaderElection5] INFO  server.RaftServerConfigKeys (ConfUtils.java:logGet(46)) - raft.server.watch.element-limit = 65536 (default)
2025-04-23 14:36:57,384 [2f27ff4a-e7fd-448a-86d2-53e05ca0039d@group-08615C97F66E-LeaderElection5] INFO  server.RaftServerConfigKeys (ConfUtils.java:logGet(46)) - raft.server.read.leader.lease.enabled = false (default)
2025-04-23 14:36:57,384 [2f27ff4a-e7fd-448a-86d2-53e05ca0039d@group-08615C97F66E-LeaderElection5] INFO  server.RaftServerConfigKeys (ConfUtils.java:logGet(46)) - raft.server.read.leader.lease.timeout.ratio = 0.9 (default)
2025-04-23 14:36:57,384 [2f27ff4a-e7fd-448a-86d2-53e05ca0039d@group-08615C97F66E-LeaderElection5] INFO  server.RaftServerConfigKeys (ConfUtils.java:logGet(46)) - raft.server.rpc.timeout.min = 5s (custom)
2025-04-23 14:36:57,384 [2f27ff4a-e7fd-448a-86d2-53e05ca0039d@group-08615C97F66E-LeaderElection5] INFO  server.RaftServerConfigKeys (ConfUtils.java:logGet(46)) - raft.server.log.log-metadata.enabled = true (default)
2025-04-23 14:36:57,384 [2f27ff4a-e7fd-448a-86d2-53e05ca0039d@group-08615C97F66E-LeaderElection5] INFO  server.RaftServerConfigKeys (ConfUtils.java:logGet(46)) - raft.server.write.element-limit = 1024 (custom)
2025-04-23 14:36:57,384 [2f27ff4a-e7fd-448a-86d2-53e05ca0039d@group-08615C97F66E-LeaderElection5] INFO  server.RaftServerConfigKeys (ConfUtils.java:logGet(46)) - raft.server.write.follower.gap.ratio.max = -1.0 (default)
2025-04-23 14:36:57,385 [2f27ff4a-e7fd-448a-86d2-53e05ca0039d@group-08615C97F66E-LeaderElection5] INFO  server.RaftServerConfigKeys (ConfUtils.java:logGet(46)) - raft.server.log.appender.snapshot.chunk.size.max = 16MB (=16777216) (default)
2025-04-23 14:36:57,385 [2f27ff4a-e7fd-448a-86d2-53e05ca0039d@group-08615C97F66E-LeaderElection5] INFO  server.RaftServerConfigKeys (ConfUtils.java:logGet(46)) - raft.server.log.appender.buffer.byte-limit = 33554432 (custom)
2025-04-23 14:36:57,385 [2f27ff4a-e7fd-448a-86d2-53e05ca0039d@group-08615C97F66E-LeaderElection5] INFO  server.RaftServerConfigKeys (ConfUtils.java:logGet(46)) - raft.server.log.appender.buffer.element-limit = 1024 (custom)
2025-04-23 14:36:57,385 [2f27ff4a-e7fd-448a-86d2-53e05ca0039d@group-08615C97F66E-LeaderElection5] INFO  server.RaftServerConfigKeys (ConfUtils.java:logGet(46)) - raft.server.log.appender.wait-time.min = 0μs (custom)
2025-04-23 14:36:57,386 [2f27ff4a-e7fd-448a-86d2-53e05ca0039d@group-08615C97F66E-LeaderElection5] INFO  grpc.GrpcConfigKeys (ConfUtils.java:logGet(46)) - raft.grpc.server.leader.outstanding.appends.max = 8 (default)
2025-04-23 14:36:57,386 [2f27ff4a-e7fd-448a-86d2-53e05ca0039d@group-08615C97F66E-LeaderElection5] INFO  server.RaftServerConfigKeys (ConfUtils.java:logGet(46)) - raft.server.rpc.request.timeout = 60s (custom)
2025-04-23 14:36:57,386 [2f27ff4a-e7fd-448a-86d2-53e05ca0039d@group-08615C97F66E-LeaderElection5] INFO  grpc.GrpcConfigKeys (ConfUtils.java:logGet(46)) - raft.grpc.server.install_snapshot.request.element-limit = 8 (default)
2025-04-23 14:36:57,386 [2f27ff4a-e7fd-448a-86d2-53e05ca0039d@group-08615C97F66E-LeaderElection5] INFO  grpc.GrpcConfigKeys (ConfUtils.java:logGet(46)) - raft.grpc.server.install_snapshot.request.timeout = 3000ms (default)
2025-04-23 14:36:57,386 [2f27ff4a-e7fd-448a-86d2-53e05ca0039d@group-08615C97F66E-LeaderElection5] INFO  grpc.GrpcConfigKeys (ConfUtils.java:logGet(46)) - raft.grpc.server.log-message.batch.duration = 5s (default)
2025-04-23 14:36:57,387 [2f27ff4a-e7fd-448a-86d2-53e05ca0039d@group-08615C97F66E-LeaderElection5] INFO  server.RaftServerConfigKeys (ConfUtils.java:logGet(46)) - raft.server.log.appender.install.snapshot.enabled = false (custom)
2025-04-23 14:36:57,387 [2f27ff4a-e7fd-448a-86d2-53e05ca0039d@group-08615C97F66E-LeaderElection5] INFO  grpc.GrpcConfigKeys (ConfUtils.java:logGet(46)) - raft.grpc.server.heartbeat.channel = true (default)
2025-04-23 14:36:57,389 [2f27ff4a-e7fd-448a-86d2-53e05ca0039d@group-08615C97F66E-LeaderElection5] INFO  server.RaftServerConfigKeys (ConfUtils.java:logGet(46)) - raft.server.log.appender.snapshot.chunk.size.max = 16MB (=16777216) (default)
2025-04-23 14:36:57,389 [2f27ff4a-e7fd-448a-86d2-53e05ca0039d@group-08615C97F66E-LeaderElection5] INFO  server.RaftServerConfigKeys (ConfUtils.java:logGet(46)) - raft.server.log.appender.buffer.byte-limit = 33554432 (custom)
2025-04-23 14:36:57,389 [2f27ff4a-e7fd-448a-86d2-53e05ca0039d@group-08615C97F66E-LeaderElection5] INFO  server.RaftServerConfigKeys (ConfUtils.java:logGet(46)) - raft.server.log.appender.buffer.element-limit = 1024 (custom)
2025-04-23 14:36:57,389 [2f27ff4a-e7fd-448a-86d2-53e05ca0039d@group-08615C97F66E-LeaderElection5] INFO  server.RaftServerConfigKeys (ConfUtils.java:logGet(46)) - raft.server.log.appender.wait-time.min = 0μs (custom)
2025-04-23 14:36:57,389 [2f27ff4a-e7fd-448a-86d2-53e05ca0039d@group-08615C97F66E-LeaderElection5] INFO  grpc.GrpcConfigKeys (ConfUtils.java:logGet(46)) - raft.grpc.server.leader.outstanding.appends.max = 8 (default)
2025-04-23 14:36:57,389 [2f27ff4a-e7fd-448a-86d2-53e05ca0039d@group-08615C97F66E-LeaderElection5] INFO  server.RaftServerConfigKeys (ConfUtils.java:logGet(46)) - raft.server.rpc.request.timeout = 60s (custom)
2025-04-23 14:36:57,389 [2f27ff4a-e7fd-448a-86d2-53e05ca0039d@group-08615C97F66E-LeaderElection5] INFO  grpc.GrpcConfigKeys (ConfUtils.java:logGet(46)) - raft.grpc.server.install_snapshot.request.element-limit = 8 (default)
2025-04-23 14:36:57,390 [2f27ff4a-e7fd-448a-86d2-53e05ca0039d@group-08615C97F66E-LeaderElection5] INFO  grpc.GrpcConfigKeys (ConfUtils.java:logGet(46)) - raft.grpc.server.install_snapshot.request.timeout = 3000ms (default)
2025-04-23 14:36:57,390 [2f27ff4a-e7fd-448a-86d2-53e05ca0039d@group-08615C97F66E-LeaderElection5] INFO  grpc.GrpcConfigKeys (ConfUtils.java:logGet(46)) - raft.grpc.server.log-message.batch.duration = 5s (default)
2025-04-23 14:36:57,390 [2f27ff4a-e7fd-448a-86d2-53e05ca0039d@group-08615C97F66E-LeaderElection5] INFO  server.RaftServerConfigKeys (ConfUtils.java:logGet(46)) - raft.server.log.appender.install.snapshot.enabled = false (custom)
2025-04-23 14:36:57,390 [2f27ff4a-e7fd-448a-86d2-53e05ca0039d@group-08615C97F66E-LeaderElection5] INFO  grpc.GrpcConfigKeys (ConfUtils.java:logGet(46)) - raft.grpc.server.heartbeat.channel = true (default)
2025-04-23 14:36:57,390 [2f27ff4a-e7fd-448a-86d2-53e05ca0039d@group-08615C97F66E-LeaderElection5] INFO  impl.RoleInfo (RoleInfo.java:updateAndGet(148)) - 2f27ff4a-e7fd-448a-86d2-53e05ca0039d: start 2f27ff4a-e7fd-448a-86d2-53e05ca0039d@group-08615C97F66E-LeaderStateImpl
2025-04-23 14:36:57,390 [2f27ff4a-e7fd-448a-86d2-53e05ca0039d@group-08615C97F66E-LeaderElection5] INFO  server.RaftServer$Division (RaftServerImpl.java:setFirstElection(562)) - 2f27ff4a-e7fd-448a-86d2-53e05ca0039d@group-08615C97F66E: set firstElectionSinceStartup to false for becomeLeader
2025-04-23 14:36:57,390 [2f27ff4a-e7fd-448a-86d2-53e05ca0039d@group-08615C97F66E-LeaderElection5] INFO  ratis.XceiverServerRatis (XceiverServerRatis.java:handleLeaderChangedNotification(942)) - Leader change notification received for group: group-08615C97F66E with new leaderId: 2f27ff4a-e7fd-448a-86d2-53e05ca0039d
2025-04-23 14:36:57,392 [2f27ff4a-e7fd-448a-86d2-53e05ca0039d@group-08615C97F66E-LeaderElection5] INFO  server.RaftServer$Division (ServerState.java:setLeader(272)) - 2f27ff4a-e7fd-448a-86d2-53e05ca0039d@group-08615C97F66E: change Leader from null to 2f27ff4a-e7fd-448a-86d2-53e05ca0039d at term 1 for becomeLeader, leader elected after 1048ms
2025-04-23 14:36:57,393 [2f27ff4a-e7fd-448a-86d2-53e05ca0039d@group-08615C97F66E-LeaderElection5] INFO  segmented.SegmentedRaftLogWorker (SegmentedRaftLogWorker.java:startLogSegment(438)) - 2f27ff4a-e7fd-448a-86d2-53e05ca0039d@group-08615C97F66E-SegmentedRaftLogWorker: Starting segment from index:0
2025-04-23 14:36:57,393 [2f27ff4a-e7fd-448a-86d2-53e05ca0039d@group-08615C97F66E-SegmentedRaftLogWorker] INFO  segmented.BufferedWriteChannel (BufferedWriteChannel.java:open(61)) - open log_inprogress_0 at position 0
2025-04-23 14:36:57,396 [2f27ff4a-e7fd-448a-86d2-53e05ca0039d@group-08615C97F66E-LeaderElection5] INFO  server.RaftServer$Division (ServerState.java:setRaftConf(386)) - 2f27ff4a-e7fd-448a-86d2-53e05ca0039d@group-08615C97F66E: set configuration conf: {index: 0, cur=peers:[b3e33d86-0447-4fd5-9cd5-f314a86cc755|127.0.0.1:15023, 2f27ff4a-e7fd-448a-86d2-53e05ca0039d|127.0.0.1:15039, 90a71c42-cf1a-4ac2-af8f-9011ebfd0240|127.0.0.1:15031]|listeners:[], old=null}
2025-04-23 14:36:57,399 [EventQueue-OpenPipelineForHealthyPipelineSafeModeRule] INFO  safemode.SCMSafeModeManager (HealthyPipelineSafeModeRule.java:process(141)) - SCM in safe mode. Healthy pipelines reported count is 0, required healthy pipeline reported count is 1
2025-04-23 14:36:57,405 [e5540f2e-ddef-4dd5-b4fb-d1f335f047d8@group-E3A852294E6A-StateMachineUpdater] INFO  safemode.HealthyPipelineSafeModeRule (HealthyPipelineSafeModeRule.java:initializeRule(174)) - Refreshed total pipeline count is 1, healthy pipeline threshold count is 1
2025-04-23 14:36:57,405 [EventQueue-PipelineReportForPipelineReportHandler] INFO  pipeline.PipelineReportHandler (PipelineReportHandler.java:processPipelineReport(134)) - Opened pipeline PipelineID=b788c4d6-5c0b-4081-87b5-08615c97f66e
2025-04-23 14:36:57,405 [EventQueue-OpenPipelineForHealthyPipelineSafeModeRule] INFO  safemode.SCMSafeModeManager (HealthyPipelineSafeModeRule.java:process(141)) - SCM in safe mode. Healthy pipelines reported count is 1, required healthy pipeline reported count is 1
2025-04-23 14:36:57,406 [EventQueue-OpenPipelineForHealthyPipelineSafeModeRule] INFO  safemode.SCMSafeModeManager (SCMSafeModeManager.java:validateSafeModeExitRules(186)) - HealthyPipelineSafeModeRule rule is successfully validated
2025-04-23 14:36:57,406 [EventQueue-OpenPipelineForHealthyPipelineSafeModeRule] INFO  safemode.SCMSafeModeManager (SCMSafeModeManager.java:validateSafeModeExitRules(201)) - ScmSafeModeManager, all rules are successfully validated
2025-04-23 14:36:57,407 [EventQueue-OpenPipelineForHealthyPipelineSafeModeRule] INFO  safemode.SCMSafeModeManager (SCMSafeModeManager.java:exitSafeMode(231)) - SCM exiting safe mode.
2025-04-23 14:36:57,407 [EventQueue-OpenPipelineForHealthyPipelineSafeModeRule] INFO  ha.SCMContext (SCMContext.java:updateSafeModeStatus(224)) - Update SafeModeStatus from SafeModeStatus{safeModeStatus=true, preCheckPassed=true} to SafeModeStatus{safeModeStatus=false, preCheckPassed=true}.
2025-04-23 14:36:57,407 [EventQueue-OpenPipelineForHealthyPipelineSafeModeRule] INFO  BackgroundPipelineScrubber (BackgroundSCMService.java:notifyStatusChanged(78)) - Service BackgroundPipelineScrubber transitions to RUNNING.
2025-04-23 14:36:57,407 [EventQueue-OpenPipelineForHealthyPipelineSafeModeRule] INFO  ExpiredContainerReplicaOpScrubber (BackgroundSCMService.java:notifyStatusChanged(78)) - Service ExpiredContainerReplicaOpScrubber transitions to RUNNING.
2025-04-23 14:36:57,407 [EventQueue-OpenPipelineForHealthyPipelineSafeModeRule] INFO  block.SCMBlockDeletingService (SCMBlockDeletingService.java:notifyStatusChanged(250)) - notifyStatusChanged:RUNNING
2025-04-23 14:36:57,407 [EventQueue-OpenPipelineForHealthyPipelineSafeModeRule] INFO  replication.ReplicationManager (ReplicationManager.java:notifyStatusChanged(1386)) - Service ReplicationManager transitions to RUNNING.
2025-04-23 14:36:57,411 [2f27ff4a-e7fd-448a-86d2-53e05ca0039d@group-08615C97F66E-SegmentedRaftLogWorker] INFO  segmented.SegmentedRaftLogWorker (SegmentedRaftLogWorker.java:execute(644)) - 2f27ff4a-e7fd-448a-86d2-53e05ca0039d@group-08615C97F66E-SegmentedRaftLogWorker: created new log segment /home/runner/work/ozone/ozone/hadoop-ozone/integration-test/target/test-dir/MiniOzoneClusterImpl-68853c07-42d2-4ef8-9e75-e3a852294e6a/ozone-meta/datanode-3/ratis/b788c4d6-5c0b-4081-87b5-08615c97f66e/current/log_inprogress_0
2025-04-23 14:36:57,415 [90a71c42-cf1a-4ac2-af8f-9011ebfd0240-server-thread1] INFO  ratis.XceiverServerRatis (XceiverServerRatis.java:handleLeaderChangedNotification(942)) - Leader change notification received for group: group-08615C97F66E with new leaderId: 2f27ff4a-e7fd-448a-86d2-53e05ca0039d
2025-04-23 14:36:57,415 [90a71c42-cf1a-4ac2-af8f-9011ebfd0240-server-thread1] INFO  server.RaftServer$Division (ServerState.java:setLeader(272)) - 90a71c42-cf1a-4ac2-af8f-9011ebfd0240@group-08615C97F66E: change Leader from null to 2f27ff4a-e7fd-448a-86d2-53e05ca0039d at term 1 for appendEntries, leader elected after 1118ms
2025-04-23 14:36:57,416 [b3e33d86-0447-4fd5-9cd5-f314a86cc755-server-thread1] INFO  ratis.XceiverServerRatis (XceiverServerRatis.java:handleLeaderChangedNotification(942)) - Leader change notification received for group: group-08615C97F66E with new leaderId: 2f27ff4a-e7fd-448a-86d2-53e05ca0039d
2025-04-23 14:36:57,416 [b3e33d86-0447-4fd5-9cd5-f314a86cc755-server-thread1] INFO  server.RaftServer$Division (ServerState.java:setLeader(272)) - b3e33d86-0447-4fd5-9cd5-f314a86cc755@group-08615C97F66E: change Leader from null to 2f27ff4a-e7fd-448a-86d2-53e05ca0039d at term 1 for appendEntries, leader elected after 1183ms
2025-04-23 14:36:57,418 [b3e33d86-0447-4fd5-9cd5-f314a86cc755-server-thread2] INFO  server.RaftServer$Division (ServerState.java:setRaftConf(386)) - b3e33d86-0447-4fd5-9cd5-f314a86cc755@group-08615C97F66E: set configuration conf: {index: 0, cur=peers:[b3e33d86-0447-4fd5-9cd5-f314a86cc755|127.0.0.1:15023, 2f27ff4a-e7fd-448a-86d2-53e05ca0039d|127.0.0.1:15039, 90a71c42-cf1a-4ac2-af8f-9011ebfd0240|127.0.0.1:15031]|listeners:[], old=null}
2025-04-23 14:36:57,418 [b3e33d86-0447-4fd5-9cd5-f314a86cc755-server-thread2] INFO  segmented.SegmentedRaftLogWorker (SegmentedRaftLogWorker.java:startLogSegment(438)) - b3e33d86-0447-4fd5-9cd5-f314a86cc755@group-08615C97F66E-SegmentedRaftLogWorker: Starting segment from index:0
2025-04-23 14:36:57,418 [EventQueue-OpenPipelineForHealthyPipelineSafeModeRule] WARN  balancer.ContainerBalancer (ContainerBalancer.java:shouldRun(134)) - Could not find persisted configuration for ContainerBalancer when checking if ContainerBalancer should run. ContainerBalancer should not run now.
2025-04-23 14:36:57,419 [EventQueue-OpenPipelineForHealthyPipelineSafeModeRule] INFO  SCMHATransactionMonitor (BackgroundSCMService.java:notifyStatusChanged(78)) - Service SCMHATransactionMonitor transitions to RUNNING.
2025-04-23 14:36:57,419 [b3e33d86-0447-4fd5-9cd5-f314a86cc755@group-08615C97F66E-SegmentedRaftLogWorker] INFO  segmented.BufferedWriteChannel (BufferedWriteChannel.java:open(61)) - open log_inprogress_0 at position 0
2025-04-23 14:36:57,421 [90a71c42-cf1a-4ac2-af8f-9011ebfd0240-server-thread3] INFO  server.RaftServer$Division (ServerState.java:setRaftConf(386)) - 90a71c42-cf1a-4ac2-af8f-9011ebfd0240@group-08615C97F66E: set configuration conf: {index: 0, cur=peers:[b3e33d86-0447-4fd5-9cd5-f314a86cc755|127.0.0.1:15023, 2f27ff4a-e7fd-448a-86d2-53e05ca0039d|127.0.0.1:15039, 90a71c42-cf1a-4ac2-af8f-9011ebfd0240|127.0.0.1:15031]|listeners:[], old=null}
2025-04-23 14:36:57,421 [90a71c42-cf1a-4ac2-af8f-9011ebfd0240-server-thread3] INFO  segmented.SegmentedRaftLogWorker (SegmentedRaftLogWorker.java:startLogSegment(438)) - 90a71c42-cf1a-4ac2-af8f-9011ebfd0240@group-08615C97F66E-SegmentedRaftLogWorker: Starting segment from index:0
2025-04-23 14:36:57,422 [b3e33d86-0447-4fd5-9cd5-f314a86cc755@group-BA30D5AC7B91-FollowerState] INFO  impl.FollowerState (FollowerState.java:runImpl(161)) - b3e33d86-0447-4fd5-9cd5-f314a86cc755@group-BA30D5AC7B91-FollowerState: change to CANDIDATE, lastRpcElapsedTime:1195655292ns, electionTimeout:1194ms
2025-04-23 14:36:57,425 [b3e33d86-0447-4fd5-9cd5-f314a86cc755@group-BA30D5AC7B91-FollowerState] INFO  impl.RoleInfo (RoleInfo.java:shutdownFollowerState(121)) - b3e33d86-0447-4fd5-9cd5-f314a86cc755: shutdown b3e33d86-0447-4fd5-9cd5-f314a86cc755@group-BA30D5AC7B91-FollowerState
2025-04-23 14:36:57,425 [b3e33d86-0447-4fd5-9cd5-f314a86cc755@group-BA30D5AC7B91-FollowerState] INFO  server.RaftServer$Division (RaftServerImpl.java:setRole(378)) - b3e33d86-0447-4fd5-9cd5-f314a86cc755@group-BA30D5AC7B91: changes role from  FOLLOWER to CANDIDATE at term 0 for changeToCandidate
2025-04-23 14:36:57,425 [b3e33d86-0447-4fd5-9cd5-f314a86cc755@group-BA30D5AC7B91-FollowerState] INFO  server.RaftServerConfigKeys (ConfUtils.java:logGet(46)) - raft.server.leaderelection.pre-vote = true (default)
2025-04-23 14:36:57,425 [b3e33d86-0447-4fd5-9cd5-f314a86cc755@group-BA30D5AC7B91-FollowerState] INFO  impl.RoleInfo (RoleInfo.java:updateAndGet(148)) - b3e33d86-0447-4fd5-9cd5-f314a86cc755: start b3e33d86-0447-4fd5-9cd5-f314a86cc755@group-BA30D5AC7B91-LeaderElection6
2025-04-23 14:36:57,425 [90a71c42-cf1a-4ac2-af8f-9011ebfd0240@group-08615C97F66E-SegmentedRaftLogWorker] INFO  segmented.BufferedWriteChannel (BufferedWriteChannel.java:open(61)) - open log_inprogress_0 at position 0
2025-04-23 14:36:57,426 [b3e33d86-0447-4fd5-9cd5-f314a86cc755@group-BA30D5AC7B91-LeaderElection6] INFO  impl.LeaderElection (LeaderElection.java:askForVotes(332)) - b3e33d86-0447-4fd5-9cd5-f314a86cc755@group-BA30D5AC7B91-LeaderElection6 PRE_VOTE round 0: submit vote requests at term 0 for conf: {index: -1, cur=peers:[b3e33d86-0447-4fd5-9cd5-f314a86cc755|127.0.0.1:15023]|listeners:[], old=null}
2025-04-23 14:36:57,427 [b3e33d86-0447-4fd5-9cd5-f314a86cc755@group-BA30D5AC7B91-LeaderElection6] INFO  impl.LeaderElection (LeaderElection.java:askForVotes(334)) - b3e33d86-0447-4fd5-9cd5-f314a86cc755@group-BA30D5AC7B91-LeaderElection6 PRE_VOTE round 0: result PASSED (term=0)
2025-04-23 14:36:57,434 [b3e33d86-0447-4fd5-9cd5-f314a86cc755@group-08615C97F66E-SegmentedRaftLogWorker] INFO  segmented.SegmentedRaftLogWorker (SegmentedRaftLogWorker.java:execute(644)) - b3e33d86-0447-4fd5-9cd5-f314a86cc755@group-08615C97F66E-SegmentedRaftLogWorker: created new log segment /home/runner/work/ozone/ozone/hadoop-ozone/integration-test/target/test-dir/MiniOzoneClusterImpl-68853c07-42d2-4ef8-9e75-e3a852294e6a/ozone-meta/datanode-1/ratis/b788c4d6-5c0b-4081-87b5-08615c97f66e/current/log_inprogress_0
2025-04-23 14:36:57,435 [b3e33d86-0447-4fd5-9cd5-f314a86cc755@group-BA30D5AC7B91-LeaderElection6] INFO  impl.LeaderElection (LeaderElection.java:askForVotes(332)) - b3e33d86-0447-4fd5-9cd5-f314a86cc755@group-BA30D5AC7B91-LeaderElection6 ELECTION round 0: submit vote requests at term 1 for conf: {index: -1, cur=peers:[b3e33d86-0447-4fd5-9cd5-f314a86cc755|127.0.0.1:15023]|listeners:[], old=null}
2025-04-23 14:36:57,435 [b3e33d86-0447-4fd5-9cd5-f314a86cc755@group-BA30D5AC7B91-LeaderElection6] INFO  impl.LeaderElection (LeaderElection.java:askForVotes(334)) - b3e33d86-0447-4fd5-9cd5-f314a86cc755@group-BA30D5AC7B91-LeaderElection6 ELECTION round 0: result PASSED (term=1)
2025-04-23 14:36:57,435 [b3e33d86-0447-4fd5-9cd5-f314a86cc755@group-BA30D5AC7B91-LeaderElection6] INFO  impl.RoleInfo (RoleInfo.java:shutdownLeaderElection(141)) - b3e33d86-0447-4fd5-9cd5-f314a86cc755: shutdown b3e33d86-0447-4fd5-9cd5-f314a86cc755@group-BA30D5AC7B91-LeaderElection6
2025-04-23 14:36:57,435 [b3e33d86-0447-4fd5-9cd5-f314a86cc755@group-BA30D5AC7B91-LeaderElection6] INFO  server.RaftServer$Division (RaftServerImpl.java:setRole(378)) - b3e33d86-0447-4fd5-9cd5-f314a86cc755@group-BA30D5AC7B91: changes role from CANDIDATE to LEADER at term 1 for changeToLeader
2025-04-23 14:36:57,435 [b3e33d86-0447-4fd5-9cd5-f314a86cc755@group-BA30D5AC7B91-LeaderElection6] INFO  server.RaftServerConfigKeys (ConfUtils.java:logGet(46)) - raft.server.staging.catchup.gap = 1000 (default)
2025-04-23 14:36:57,436 [90a71c42-cf1a-4ac2-af8f-9011ebfd0240@group-08615C97F66E-SegmentedRaftLogWorker] INFO  segmented.SegmentedRaftLogWorker (SegmentedRaftLogWorker.java:execute(644)) - 90a71c42-cf1a-4ac2-af8f-9011ebfd0240@group-08615C97F66E-SegmentedRaftLogWorker: created new log segment /home/runner/work/ozone/ozone/hadoop-ozone/integration-test/target/test-dir/MiniOzoneClusterImpl-68853c07-42d2-4ef8-9e75-e3a852294e6a/ozone-meta/datanode-2/ratis/b788c4d6-5c0b-4081-87b5-08615c97f66e/current/log_inprogress_0
2025-04-23 14:36:57,436 [b3e33d86-0447-4fd5-9cd5-f314a86cc755@group-BA30D5AC7B91-LeaderElection6] INFO  server.RaftServerConfigKeys (ConfUtils.java:logGet(46)) - raft.server.write.element-limit = 1024 (custom)
2025-04-23 14:36:57,436 [b3e33d86-0447-4fd5-9cd5-f314a86cc755@group-BA30D5AC7B91-LeaderElection6] INFO  server.RaftServerConfigKeys (ConfUtils.java:logGet(46)) - raft.server.write.byte-limit = 1024 M (=1073741824) (custom)
2025-04-23 14:36:57,436 [b3e33d86-0447-4fd5-9cd5-f314a86cc755@group-BA30D5AC7B91-LeaderElection6] INFO  server.RaftServerConfigKeys (ConfUtils.java:logGet(46)) - raft.server.watch.timeout = 30s (custom)
2025-04-23 14:36:57,436 [b3e33d86-0447-4fd5-9cd5-f314a86cc755@group-BA30D5AC7B91-LeaderElection6] INFO  server.RaftServerConfigKeys (ConfUtils.java:logGet(46)) - raft.server.watch.timeout.denomination = 1s (default)
2025-04-23 14:36:57,436 [b3e33d86-0447-4fd5-9cd5-f314a86cc755@group-BA30D5AC7B91-LeaderElection6] INFO  server.RaftServerConfigKeys (ConfUtils.java:logGet(46)) - raft.server.watch.element-limit = 65536 (default)
2025-04-23 14:36:57,437 [b3e33d86-0447-4fd5-9cd5-f314a86cc755@group-BA30D5AC7B91-LeaderElection6] INFO  server.RaftServerConfigKeys (ConfUtils.java:logGet(46)) - raft.server.read.leader.lease.enabled = false (default)
2025-04-23 14:36:57,437 [b3e33d86-0447-4fd5-9cd5-f314a86cc755@group-BA30D5AC7B91-LeaderElection6] INFO  server.RaftServerConfigKeys (ConfUtils.java:logGet(46)) - raft.server.read.leader.lease.timeout.ratio = 0.9 (default)
2025-04-23 14:36:57,438 [b3e33d86-0447-4fd5-9cd5-f314a86cc755@group-BA30D5AC7B91-LeaderElection6] INFO  server.RaftServerConfigKeys (ConfUtils.java:logGet(46)) - raft.server.rpc.timeout.min = 5s (custom)
2025-04-23 14:36:57,438 [b3e33d86-0447-4fd5-9cd5-f314a86cc755@group-BA30D5AC7B91-LeaderElection6] INFO  server.RaftServerConfigKeys (ConfUtils.java:logGet(46)) - raft.server.log.log-metadata.enabled = true (default)
2025-04-23 14:36:57,438 [b3e33d86-0447-4fd5-9cd5-f314a86cc755@group-BA30D5AC7B91-LeaderElection6] INFO  server.RaftServerConfigKeys (ConfUtils.java:logGet(46)) - raft.server.write.element-limit = 1024 (custom)
2025-04-23 14:36:57,438 [b3e33d86-0447-4fd5-9cd5-f314a86cc755@group-BA30D5AC7B91-LeaderElection6] INFO  server.RaftServerConfigKeys (ConfUtils.java:logGet(46)) - raft.server.write.follower.gap.ratio.max = -1.0 (default)
2025-04-23 14:36:57,438 [b3e33d86-0447-4fd5-9cd5-f314a86cc755@group-BA30D5AC7B91-LeaderElection6] INFO  impl.RoleInfo (RoleInfo.java:updateAndGet(148)) - b3e33d86-0447-4fd5-9cd5-f314a86cc755: start b3e33d86-0447-4fd5-9cd5-f314a86cc755@group-BA30D5AC7B91-LeaderStateImpl
2025-04-23 14:36:57,438 [b3e33d86-0447-4fd5-9cd5-f314a86cc755@group-BA30D5AC7B91-LeaderElection6] INFO  server.RaftServer$Division (RaftServerImpl.java:setFirstElection(562)) - b3e33d86-0447-4fd5-9cd5-f314a86cc755@group-BA30D5AC7B91: set firstElectionSinceStartup to false for becomeLeader
2025-04-23 14:36:57,438 [b3e33d86-0447-4fd5-9cd5-f314a86cc755@group-BA30D5AC7B91-LeaderElection6] INFO  ratis.XceiverServerRatis (XceiverServerRatis.java:handleLeaderChangedNotification(942)) - Leader change notification received for group: group-BA30D5AC7B91 with new leaderId: b3e33d86-0447-4fd5-9cd5-f314a86cc755
2025-04-23 14:36:57,439 [b3e33d86-0447-4fd5-9cd5-f314a86cc755@group-BA30D5AC7B91-LeaderElection6] INFO  server.RaftServer$Division (ServerState.java:setLeader(272)) - b3e33d86-0447-4fd5-9cd5-f314a86cc755@group-BA30D5AC7B91: change Leader from null to b3e33d86-0447-4fd5-9cd5-f314a86cc755 at term 1 for becomeLeader, leader elected after 1233ms
2025-04-23 14:36:57,439 [b3e33d86-0447-4fd5-9cd5-f314a86cc755@group-BA30D5AC7B91-LeaderElection6] INFO  segmented.SegmentedRaftLogWorker (SegmentedRaftLogWorker.java:startLogSegment(438)) - b3e33d86-0447-4fd5-9cd5-f314a86cc755@group-BA30D5AC7B91-SegmentedRaftLogWorker: Starting segment from index:0
2025-04-23 14:36:57,440 [b3e33d86-0447-4fd5-9cd5-f314a86cc755@group-BA30D5AC7B91-LeaderElection6] INFO  server.RaftServer$Division (ServerState.java:setRaftConf(386)) - b3e33d86-0447-4fd5-9cd5-f314a86cc755@group-BA30D5AC7B91: set configuration conf: {index: 0, cur=peers:[b3e33d86-0447-4fd5-9cd5-f314a86cc755|127.0.0.1:15023]|listeners:[], old=null}
2025-04-23 14:36:57,441 [b3e33d86-0447-4fd5-9cd5-f314a86cc755@group-BA30D5AC7B91-SegmentedRaftLogWorker] INFO  segmented.BufferedWriteChannel (BufferedWriteChannel.java:open(61)) - open log_inprogress_0 at position 0
2025-04-23 14:36:57,444 [2f27ff4a-e7fd-448a-86d2-53e05ca0039d@group-08615C97F66E-StateMachineUpdater] INFO  server.RaftServer$Division (LeaderStateImpl.java:checkStartIndex(313)) - Leader 2f27ff4a-e7fd-448a-86d2-53e05ca0039d@group-08615C97F66E-LeaderStateImpl is ready since appliedIndex == startIndex == 0
2025-04-23 14:36:57,452 [b3e33d86-0447-4fd5-9cd5-f314a86cc755@group-BA30D5AC7B91-SegmentedRaftLogWorker] INFO  segmented.SegmentedRaftLogWorker (SegmentedRaftLogWorker.java:execute(644)) - b3e33d86-0447-4fd5-9cd5-f314a86cc755@group-BA30D5AC7B91-SegmentedRaftLogWorker: created new log segment /home/runner/work/ozone/ozone/hadoop-ozone/integration-test/target/test-dir/MiniOzoneClusterImpl-68853c07-42d2-4ef8-9e75-e3a852294e6a/ozone-meta/datanode-1/ratis/0f88f82f-72b1-46de-92bd-ba30d5ac7b91/current/log_inprogress_0
2025-04-23 14:36:57,454 [b3e33d86-0447-4fd5-9cd5-f314a86cc755@group-BA30D5AC7B91-StateMachineUpdater] INFO  server.RaftServer$Division (LeaderStateImpl.java:checkStartIndex(313)) - Leader b3e33d86-0447-4fd5-9cd5-f314a86cc755@group-BA30D5AC7B91-LeaderStateImpl is ready since appliedIndex == startIndex == 0
2025-04-23 14:36:57,535 [90a71c42-cf1a-4ac2-af8f-9011ebfd0240@group-CDAE406581E4-FollowerState] INFO  impl.FollowerState (FollowerState.java:runImpl(161)) - 90a71c42-cf1a-4ac2-af8f-9011ebfd0240@group-CDAE406581E4-FollowerState: change to CANDIDATE, lastRpcElapsedTime:1066833942ns, electionTimeout:1066ms
2025-04-23 14:36:57,536 [90a71c42-cf1a-4ac2-af8f-9011ebfd0240@group-CDAE406581E4-FollowerState] INFO  impl.RoleInfo (RoleInfo.java:shutdownFollowerState(121)) - 90a71c42-cf1a-4ac2-af8f-9011ebfd0240: shutdown 90a71c42-cf1a-4ac2-af8f-9011ebfd0240@group-CDAE406581E4-FollowerState
2025-04-23 14:36:57,536 [90a71c42-cf1a-4ac2-af8f-9011ebfd0240@group-CDAE406581E4-FollowerState] INFO  server.RaftServer$Division (RaftServerImpl.java:setRole(378)) - 90a71c42-cf1a-4ac2-af8f-9011ebfd0240@group-CDAE406581E4: changes role from  FOLLOWER to CANDIDATE at term 0 for changeToCandidate
2025-04-23 14:36:57,536 [90a71c42-cf1a-4ac2-af8f-9011ebfd0240@group-CDAE406581E4-FollowerState] INFO  server.RaftServerConfigKeys (ConfUtils.java:logGet(46)) - raft.server.leaderelection.pre-vote = true (default)
2025-04-23 14:36:57,536 [90a71c42-cf1a-4ac2-af8f-9011ebfd0240@group-CDAE406581E4-FollowerState] INFO  impl.RoleInfo (RoleInfo.java:updateAndGet(148)) - 90a71c42-cf1a-4ac2-af8f-9011ebfd0240: start 90a71c42-cf1a-4ac2-af8f-9011ebfd0240@group-CDAE406581E4-LeaderElection7
2025-04-23 14:36:57,537 [90a71c42-cf1a-4ac2-af8f-9011ebfd0240@group-CDAE406581E4-LeaderElection7] INFO  impl.LeaderElection (LeaderElection.java:askForVotes(332)) - 90a71c42-cf1a-4ac2-af8f-9011ebfd0240@group-CDAE406581E4-LeaderElection7 PRE_VOTE round 0: submit vote requests at term 0 for conf: {index: -1, cur=peers:[90a71c42-cf1a-4ac2-af8f-9011ebfd0240|127.0.0.1:15031]|listeners:[], old=null}
2025-04-23 14:36:57,537 [90a71c42-cf1a-4ac2-af8f-9011ebfd0240@group-CDAE406581E4-LeaderElection7] INFO  impl.LeaderElection (LeaderElection.java:askForVotes(334)) - 90a71c42-cf1a-4ac2-af8f-9011ebfd0240@group-CDAE406581E4-LeaderElection7 PRE_VOTE round 0: result PASSED (term=0)
2025-04-23 14:36:57,537 [90a71c42-cf1a-4ac2-af8f-9011ebfd0240@group-85496F183443-FollowerState] INFO  impl.FollowerState (FollowerState.java:runImpl(161)) - 90a71c42-cf1a-4ac2-af8f-9011ebfd0240@group-85496F183443-FollowerState: change to CANDIDATE, lastRpcElapsedTime:1108105193ns, electionTimeout:1107ms
2025-04-23 14:36:57,538 [90a71c42-cf1a-4ac2-af8f-9011ebfd0240@group-85496F183443-FollowerState] INFO  impl.RoleInfo (RoleInfo.java:shutdownFollowerState(121)) - 90a71c42-cf1a-4ac2-af8f-9011ebfd0240: shutdown 90a71c42-cf1a-4ac2-af8f-9011ebfd0240@group-85496F183443-FollowerState
2025-04-23 14:36:57,538 [90a71c42-cf1a-4ac2-af8f-9011ebfd0240@group-85496F183443-FollowerState] INFO  server.RaftServer$Division (RaftServerImpl.java:setRole(378)) - 90a71c42-cf1a-4ac2-af8f-9011ebfd0240@group-85496F183443: changes role from  FOLLOWER to CANDIDATE at term 0 for changeToCandidate
2025-04-23 14:36:57,538 [90a71c42-cf1a-4ac2-af8f-9011ebfd0240@group-85496F183443-FollowerState] INFO  server.RaftServerConfigKeys (ConfUtils.java:logGet(46)) - raft.server.leaderelection.pre-vote = true (default)
2025-04-23 14:36:57,538 [90a71c42-cf1a-4ac2-af8f-9011ebfd0240@group-85496F183443-FollowerState] INFO  impl.RoleInfo (RoleInfo.java:updateAndGet(148)) - 90a71c42-cf1a-4ac2-af8f-9011ebfd0240: start 90a71c42-cf1a-4ac2-af8f-9011ebfd0240@group-85496F183443-LeaderElection8
2025-04-23 14:36:57,538 [90a71c42-cf1a-4ac2-af8f-9011ebfd0240@group-85496F183443-LeaderElection8] INFO  impl.LeaderElection (LeaderElection.java:askForVotes(332)) - 90a71c42-cf1a-4ac2-af8f-9011ebfd0240@group-85496F183443-LeaderElection8 PRE_VOTE round 0: submit vote requests at term 0 for conf: {index: -1, cur=peers:[b3e33d86-0447-4fd5-9cd5-f314a86cc755|127.0.0.1:15023, 2f27ff4a-e7fd-448a-86d2-53e05ca0039d|127.0.0.1:15039, 90a71c42-cf1a-4ac2-af8f-9011ebfd0240|127.0.0.1:15031]|listeners:[], old=null}
2025-04-23 14:36:57,539 [90a71c42-cf1a-4ac2-af8f-9011ebfd0240@group-85496F183443-LeaderElection8-1] INFO  server.GrpcServerProtocolClient (GrpcServerProtocolClient.java:<init>(65)) - Build channel for b3e33d86-0447-4fd5-9cd5-f314a86cc755|127.0.0.1:15023
2025-04-23 14:36:57,539 [90a71c42-cf1a-4ac2-af8f-9011ebfd0240@group-CDAE406581E4-LeaderElection7] INFO  impl.LeaderElection (LeaderElection.java:askForVotes(332)) - 90a71c42-cf1a-4ac2-af8f-9011ebfd0240@group-CDAE406581E4-LeaderElection7 ELECTION round 0: submit vote requests at term 1 for conf: {index: -1, cur=peers:[90a71c42-cf1a-4ac2-af8f-9011ebfd0240|127.0.0.1:15031]|listeners:[], old=null}
2025-04-23 14:36:57,540 [90a71c42-cf1a-4ac2-af8f-9011ebfd0240@group-CDAE406581E4-LeaderElection7] INFO  impl.LeaderElection (LeaderElection.java:askForVotes(334)) - 90a71c42-cf1a-4ac2-af8f-9011ebfd0240@group-CDAE406581E4-LeaderElection7 ELECTION round 0: result PASSED (term=1)
2025-04-23 14:36:57,540 [90a71c42-cf1a-4ac2-af8f-9011ebfd0240@group-CDAE406581E4-LeaderElection7] INFO  impl.RoleInfo (RoleInfo.java:shutdownLeaderElection(141)) - 90a71c42-cf1a-4ac2-af8f-9011ebfd0240: shutdown 90a71c42-cf1a-4ac2-af8f-9011ebfd0240@group-CDAE406581E4-LeaderElection7
2025-04-23 14:36:57,540 [90a71c42-cf1a-4ac2-af8f-9011ebfd0240@group-CDAE406581E4-LeaderElection7] INFO  server.RaftServer$Division (RaftServerImpl.java:setRole(378)) - 90a71c42-cf1a-4ac2-af8f-9011ebfd0240@group-CDAE406581E4: changes role from CANDIDATE to LEADER at term 1 for changeToLeader
2025-04-23 14:36:57,540 [90a71c42-cf1a-4ac2-af8f-9011ebfd0240@group-CDAE406581E4-LeaderElection7] INFO  server.RaftServerConfigKeys (ConfUtils.java:logGet(46)) - raft.server.staging.catchup.gap = 1000 (default)
2025-04-23 14:36:57,540 [90a71c42-cf1a-4ac2-af8f-9011ebfd0240@group-CDAE406581E4-LeaderElection7] INFO  server.RaftServerConfigKeys (ConfUtils.java:logGet(46)) - raft.server.write.element-limit = 1024 (custom)
2025-04-23 14:36:57,540 [90a71c42-cf1a-4ac2-af8f-9011ebfd0240@group-85496F183443-LeaderElection8] INFO  server.RaftServerConfigKeys (ConfUtils.java:logGet(46)) - raft.server.rpc.first-election.timeout.min = 1000ms (custom)
2025-04-23 14:36:57,540 [90a71c42-cf1a-4ac2-af8f-9011ebfd0240@group-85496F183443-LeaderElection8] INFO  server.RaftServerConfigKeys (ConfUtils.java:logGet(46)) - raft.server.rpc.first-election.timeout.max = 1200ms (custom)
2025-04-23 14:36:57,541 [90a71c42-cf1a-4ac2-af8f-9011ebfd0240@group-85496F183443-LeaderElection8-2] INFO  server.GrpcServerProtocolClient (GrpcServerProtocolClient.java:<init>(65)) - Build channel for 2f27ff4a-e7fd-448a-86d2-53e05ca0039d|127.0.0.1:15039
2025-04-23 14:36:57,540 [90a71c42-cf1a-4ac2-af8f-9011ebfd0240@group-CDAE406581E4-LeaderElection7] INFO  server.RaftServerConfigKeys (ConfUtils.java:logGet(46)) - raft.server.write.byte-limit = 1024 M (=1073741824) (custom)
2025-04-23 14:36:57,541 [90a71c42-cf1a-4ac2-af8f-9011ebfd0240@group-CDAE406581E4-LeaderElection7] INFO  server.RaftServerConfigKeys (ConfUtils.java:logGet(46)) - raft.server.watch.timeout = 30s (custom)
2025-04-23 14:36:57,541 [90a71c42-cf1a-4ac2-af8f-9011ebfd0240@group-CDAE406581E4-LeaderElection7] INFO  server.RaftServerConfigKeys (ConfUtils.java:logGet(46)) - raft.server.watch.timeout.denomination = 1s (default)
2025-04-23 14:36:57,541 [90a71c42-cf1a-4ac2-af8f-9011ebfd0240@group-CDAE406581E4-LeaderElection7] INFO  server.RaftServerConfigKeys (ConfUtils.java:logGet(46)) - raft.server.watch.element-limit = 65536 (default)
2025-04-23 14:36:57,543 [90a71c42-cf1a-4ac2-af8f-9011ebfd0240@group-CDAE406581E4-LeaderElection7] INFO  server.RaftServerConfigKeys (ConfUtils.java:logGet(46)) - raft.server.read.leader.lease.enabled = false (default)
2025-04-23 14:36:57,543 [90a71c42-cf1a-4ac2-af8f-9011ebfd0240@group-CDAE406581E4-LeaderElection7] INFO  server.RaftServerConfigKeys (ConfUtils.java:logGet(46)) - raft.server.read.leader.lease.timeout.ratio = 0.9 (default)
2025-04-23 14:36:57,543 [90a71c42-cf1a-4ac2-af8f-9011ebfd0240@group-CDAE406581E4-LeaderElection7] INFO  server.RaftServerConfigKeys (ConfUtils.java:logGet(46)) - raft.server.rpc.timeout.min = 5s (custom)
2025-04-23 14:36:57,543 [90a71c42-cf1a-4ac2-af8f-9011ebfd0240@group-CDAE406581E4-LeaderElection7] INFO  server.RaftServerConfigKeys (ConfUtils.java:logGet(46)) - raft.server.log.log-metadata.enabled = true (default)
2025-04-23 14:36:57,543 [90a71c42-cf1a-4ac2-af8f-9011ebfd0240@group-CDAE406581E4-LeaderElection7] INFO  server.RaftServerConfigKeys (ConfUtils.java:logGet(46)) - raft.server.write.element-limit = 1024 (custom)
2025-04-23 14:36:57,544 [90a71c42-cf1a-4ac2-af8f-9011ebfd0240@group-CDAE406581E4-LeaderElection7] INFO  server.RaftServerConfigKeys (ConfUtils.java:logGet(46)) - raft.server.write.follower.gap.ratio.max = -1.0 (default)
2025-04-23 14:36:57,544 [90a71c42-cf1a-4ac2-af8f-9011ebfd0240@group-CDAE406581E4-LeaderElection7] INFO  impl.RoleInfo (RoleInfo.java:updateAndGet(148)) - 90a71c42-cf1a-4ac2-af8f-9011ebfd0240: start 90a71c42-cf1a-4ac2-af8f-9011ebfd0240@group-CDAE406581E4-LeaderStateImpl
2025-04-23 14:36:57,544 [90a71c42-cf1a-4ac2-af8f-9011ebfd0240@group-CDAE406581E4-LeaderElection7] INFO  server.RaftServer$Division (RaftServerImpl.java:setFirstElection(562)) - 90a71c42-cf1a-4ac2-af8f-9011ebfd0240@group-CDAE406581E4: set firstElectionSinceStartup to false for becomeLeader
2025-04-23 14:36:57,544 [90a71c42-cf1a-4ac2-af8f-9011ebfd0240@group-CDAE406581E4-LeaderElection7] INFO  ratis.XceiverServerRatis (XceiverServerRatis.java:handleLeaderChangedNotification(942)) - Leader change notification received for group: group-CDAE406581E4 with new leaderId: 90a71c42-cf1a-4ac2-af8f-9011ebfd0240
2025-04-23 14:36:57,544 [90a71c42-cf1a-4ac2-af8f-9011ebfd0240@group-CDAE406581E4-LeaderElection7] INFO  server.RaftServer$Division (ServerState.java:setLeader(272)) - 90a71c42-cf1a-4ac2-af8f-9011ebfd0240@group-CDAE406581E4: change Leader from null to 90a71c42-cf1a-4ac2-af8f-9011ebfd0240 at term 1 for becomeLeader, leader elected after 1108ms
2025-04-23 14:36:57,544 [90a71c42-cf1a-4ac2-af8f-9011ebfd0240@group-CDAE406581E4-LeaderElection7] INFO  segmented.SegmentedRaftLogWorker (SegmentedRaftLogWorker.java:startLogSegment(438)) - 90a71c42-cf1a-4ac2-af8f-9011ebfd0240@group-CDAE406581E4-SegmentedRaftLogWorker: Starting segment from index:0
2025-04-23 14:36:57,546 [90a71c42-cf1a-4ac2-af8f-9011ebfd0240@group-CDAE406581E4-SegmentedRaftLogWorker] INFO  segmented.BufferedWriteChannel (BufferedWriteChannel.java:open(61)) - open log_inprogress_0 at position 0
2025-04-23 14:36:57,547 [grpc-default-executor-6] INFO  server.RaftServer$Division (RaftServerImpl.java:requestVote(1407)) - b3e33d86-0447-4fd5-9cd5-f314a86cc755@group-85496F183443: receive requestVote(PRE_VOTE, 90a71c42-cf1a-4ac2-af8f-9011ebfd0240, group-85496F183443, 0, (t:0, i:0))
2025-04-23 14:36:57,547 [grpc-default-executor-6] INFO  impl.VoteContext (VoteContext.java:log(49)) - b3e33d86-0447-4fd5-9cd5-f314a86cc755@group-85496F183443-FOLLOWER: accept PRE_VOTE from 90a71c42-cf1a-4ac2-af8f-9011ebfd0240: our priority 0 <= candidate's priority 1
2025-04-23 14:36:57,547 [grpc-default-executor-6] INFO  server.RaftServer$Division (RaftServerImpl.java:requestVote(1441)) - b3e33d86-0447-4fd5-9cd5-f314a86cc755@group-85496F183443 replies to PRE_VOTE vote request: 90a71c42-cf1a-4ac2-af8f-9011ebfd0240<-b3e33d86-0447-4fd5-9cd5-f314a86cc755#0:OK-t0. Peer's state: b3e33d86-0447-4fd5-9cd5-f314a86cc755@group-85496F183443:t0, leader=null, voted=, raftlog=Memoized:b3e33d86-0447-4fd5-9cd5-f314a86cc755@group-85496F183443-SegmentedRaftLog:OPENED:c-1:lastnull, conf=conf: {index: -1, cur=peers:[b3e33d86-0447-4fd5-9cd5-f314a86cc755|127.0.0.1:15023, 2f27ff4a-e7fd-448a-86d2-53e05ca0039d|127.0.0.1:15039, 90a71c42-cf1a-4ac2-af8f-9011ebfd0240|127.0.0.1:15031]|listeners:[], old=null}
2025-04-23 14:36:57,548 [90a71c42-cf1a-4ac2-af8f-9011ebfd0240@group-CDAE406581E4-LeaderElection7] INFO  server.RaftServer$Division (ServerState.java:setRaftConf(386)) - 90a71c42-cf1a-4ac2-af8f-9011ebfd0240@group-CDAE406581E4: set configuration conf: {index: 0, cur=peers:[90a71c42-cf1a-4ac2-af8f-9011ebfd0240|127.0.0.1:15031]|listeners:[], old=null}
2025-04-23 14:36:57,549 [90a71c42-cf1a-4ac2-af8f-9011ebfd0240@group-85496F183443-LeaderElection8] INFO  impl.LeaderElection (LeaderElection.java:logAndReturn(90)) - 90a71c42-cf1a-4ac2-af8f-9011ebfd0240@group-85496F183443-LeaderElection8: PRE_VOTE PASSED received 1 response(s) and 0 exception(s):
2025-04-23 14:36:57,549 [90a71c42-cf1a-4ac2-af8f-9011ebfd0240@group-85496F183443-LeaderElection8] INFO  impl.LeaderElection (LeaderElection.java:logAndReturn(94)) -   Response 0: 90a71c42-cf1a-4ac2-af8f-9011ebfd0240<-b3e33d86-0447-4fd5-9cd5-f314a86cc755#0:OK-t0
2025-04-23 14:36:57,549 [90a71c42-cf1a-4ac2-af8f-9011ebfd0240@group-85496F183443-LeaderElection8] INFO  impl.LeaderElection (LeaderElection.java:askForVotes(334)) - 90a71c42-cf1a-4ac2-af8f-9011ebfd0240@group-85496F183443-LeaderElection8 PRE_VOTE round 0: result PASSED
2025-04-23 14:36:57,553 [2f27ff4a-e7fd-448a-86d2-53e05ca0039d@group-85496F183443-FollowerState] INFO  impl.FollowerState (FollowerState.java:runImpl(161)) - 2f27ff4a-e7fd-448a-86d2-53e05ca0039d@group-85496F183443-FollowerState: change to CANDIDATE, lastRpcElapsedTime:1062134902ns, electionTimeout:1061ms
2025-04-23 14:36:57,553 [2f27ff4a-e7fd-448a-86d2-53e05ca0039d@group-85496F183443-FollowerState] INFO  impl.RoleInfo (RoleInfo.java:shutdownFollowerState(121)) - 2f27ff4a-e7fd-448a-86d2-53e05ca0039d: shutdown 2f27ff4a-e7fd-448a-86d2-53e05ca0039d@group-85496F183443-FollowerState
2025-04-23 14:36:57,553 [2f27ff4a-e7fd-448a-86d2-53e05ca0039d@group-85496F183443-FollowerState] INFO  server.RaftServer$Division (RaftServerImpl.java:setRole(378)) - 2f27ff4a-e7fd-448a-86d2-53e05ca0039d@group-85496F183443: changes role from  FOLLOWER to CANDIDATE at term 0 for changeToCandidate
2025-04-23 14:36:57,553 [2f27ff4a-e7fd-448a-86d2-53e05ca0039d@group-85496F183443-FollowerState] INFO  server.RaftServerConfigKeys (ConfUtils.java:logGet(46)) - raft.server.leaderelection.pre-vote = true (default)
2025-04-23 14:36:57,554 [2f27ff4a-e7fd-448a-86d2-53e05ca0039d@group-85496F183443-FollowerState] INFO  impl.RoleInfo (RoleInfo.java:updateAndGet(148)) - 2f27ff4a-e7fd-448a-86d2-53e05ca0039d: start 2f27ff4a-e7fd-448a-86d2-53e05ca0039d@group-85496F183443-LeaderElection9
2025-04-23 14:36:57,554 [2f27ff4a-e7fd-448a-86d2-53e05ca0039d@group-85496F183443-LeaderElection9] INFO  impl.LeaderElection (LeaderElection.java:askForVotes(332)) - 2f27ff4a-e7fd-448a-86d2-53e05ca0039d@group-85496F183443-LeaderElection9 PRE_VOTE round 0: submit vote requests at term 0 for conf: {index: -1, cur=peers:[b3e33d86-0447-4fd5-9cd5-f314a86cc755|127.0.0.1:15023, 2f27ff4a-e7fd-448a-86d2-53e05ca0039d|127.0.0.1:15039, 90a71c42-cf1a-4ac2-af8f-9011ebfd0240|127.0.0.1:15031]|listeners:[], old=null}
2025-04-23 14:36:57,556 [2f27ff4a-e7fd-448a-86d2-53e05ca0039d@group-85496F183443-LeaderElection9] INFO  server.RaftServerConfigKeys (ConfUtils.java:logGet(46)) - raft.server.rpc.first-election.timeout.min = 1000ms (custom)
2025-04-23 14:36:57,556 [b3e33d86-0447-4fd5-9cd5-f314a86cc755@group-85496F183443-FollowerState] INFO  server.RaftServerConfigKeys (ConfUtils.java:logGet(46)) - raft.server.rpc.first-election.timeout.min = 1000ms (custom)
2025-04-23 14:36:57,556 [b3e33d86-0447-4fd5-9cd5-f314a86cc755@group-85496F183443-FollowerState] INFO  server.RaftServerConfigKeys (ConfUtils.java:logGet(46)) - raft.server.rpc.first-election.timeout.max = 1200ms (custom)
2025-04-23 14:36:57,556 [2f27ff4a-e7fd-448a-86d2-53e05ca0039d@group-85496F183443-LeaderElection9] INFO  server.RaftServerConfigKeys (ConfUtils.java:logGet(46)) - raft.server.rpc.first-election.timeout.max = 1200ms (custom)
2025-04-23 14:36:57,558 [90a71c42-cf1a-4ac2-af8f-9011ebfd0240@group-85496F183443-LeaderElection8] INFO  impl.LeaderElection (LeaderElection.java:askForVotes(332)) - 90a71c42-cf1a-4ac2-af8f-9011ebfd0240@group-85496F183443-LeaderElection8 ELECTION round 0: submit vote requests at term 1 for conf: {index: -1, cur=peers:[b3e33d86-0447-4fd5-9cd5-f314a86cc755|127.0.0.1:15023, 2f27ff4a-e7fd-448a-86d2-53e05ca0039d|127.0.0.1:15039, 90a71c42-cf1a-4ac2-af8f-9011ebfd0240|127.0.0.1:15031]|listeners:[], old=null}
2025-04-23 14:36:57,558 [90a71c42-cf1a-4ac2-af8f-9011ebfd0240@group-85496F183443-LeaderElection8] INFO  server.RaftServerConfigKeys (ConfUtils.java:logGet(46)) - raft.server.rpc.first-election.timeout.min = 1000ms (custom)
2025-04-23 14:36:57,558 [90a71c42-cf1a-4ac2-af8f-9011ebfd0240@group-85496F183443-LeaderElection8] INFO  server.RaftServerConfigKeys (ConfUtils.java:logGet(46)) - raft.server.rpc.first-election.timeout.max = 1200ms (custom)
2025-04-23 14:36:57,559 [grpc-default-executor-6] INFO  server.RaftServer$Division (RaftServerImpl.java:requestVote(1407)) - b3e33d86-0447-4fd5-9cd5-f314a86cc755@group-85496F183443: receive requestVote(PRE_VOTE, 2f27ff4a-e7fd-448a-86d2-53e05ca0039d, group-85496F183443, 0, (t:0, i:0))
2025-04-23 14:36:57,559 [grpc-default-executor-6] INFO  impl.VoteContext (VoteContext.java:log(49)) - b3e33d86-0447-4fd5-9cd5-f314a86cc755@group-85496F183443-FOLLOWER: accept PRE_VOTE from 2f27ff4a-e7fd-448a-86d2-53e05ca0039d: our priority 0 <= candidate's priority 0
2025-04-23 14:36:57,559 [grpc-default-executor-6] INFO  server.RaftServer$Division (RaftServerImpl.java:requestVote(1441)) - b3e33d86-0447-4fd5-9cd5-f314a86cc755@group-85496F183443 replies to PRE_VOTE vote request: 2f27ff4a-e7fd-448a-86d2-53e05ca0039d<-b3e33d86-0447-4fd5-9cd5-f314a86cc755#0:OK-t0. Peer's state: b3e33d86-0447-4fd5-9cd5-f314a86cc755@group-85496F183443:t0, leader=null, voted=, raftlog=Memoized:b3e33d86-0447-4fd5-9cd5-f314a86cc755@group-85496F183443-SegmentedRaftLog:OPENED:c-1:lastnull, conf=conf: {index: -1, cur=peers:[b3e33d86-0447-4fd5-9cd5-f314a86cc755|127.0.0.1:15023, 2f27ff4a-e7fd-448a-86d2-53e05ca0039d|127.0.0.1:15039, 90a71c42-cf1a-4ac2-af8f-9011ebfd0240|127.0.0.1:15031]|listeners:[], old=null}
2025-04-23 14:36:57,560 [90a71c42-cf1a-4ac2-af8f-9011ebfd0240@group-CDAE406581E4-SegmentedRaftLogWorker] INFO  segmented.SegmentedRaftLogWorker (SegmentedRaftLogWorker.java:execute(644)) - 90a71c42-cf1a-4ac2-af8f-9011ebfd0240@group-CDAE406581E4-SegmentedRaftLogWorker: created new log segment /home/runner/work/ozone/ozone/hadoop-ozone/integration-test/target/test-dir/MiniOzoneClusterImpl-68853c07-42d2-4ef8-9e75-e3a852294e6a/ozone-meta/datanode-2/ratis/e7abf475-323f-46af-869c-cdae406581e4/current/log_inprogress_0
2025-04-23 14:36:57,561 [grpc-default-executor-3] INFO  server.RaftServer$Division (RaftServerImpl.java:requestVote(1407)) - 90a71c42-cf1a-4ac2-af8f-9011ebfd0240@group-85496F183443: receive requestVote(PRE_VOTE, 2f27ff4a-e7fd-448a-86d2-53e05ca0039d, group-85496F183443, 0, (t:0, i:0))
2025-04-23 14:36:57,562 [grpc-default-executor-3] INFO  impl.VoteContext (VoteContext.java:log(49)) - 90a71c42-cf1a-4ac2-af8f-9011ebfd0240@group-85496F183443-CANDIDATE: reject PRE_VOTE from 2f27ff4a-e7fd-448a-86d2-53e05ca0039d: our priority 1 > candidate's priority 0
2025-04-23 14:36:57,562 [grpc-default-executor-7] INFO  server.RaftServer$Division (RaftServerImpl.java:requestVote(1407)) - b3e33d86-0447-4fd5-9cd5-f314a86cc755@group-85496F183443: receive requestVote(ELECTION, 90a71c42-cf1a-4ac2-af8f-9011ebfd0240, group-85496F183443, 1, (t:0, i:0))
2025-04-23 14:36:57,562 [grpc-default-executor-7] INFO  impl.VoteContext (VoteContext.java:log(49)) - b3e33d86-0447-4fd5-9cd5-f314a86cc755@group-85496F183443-FOLLOWER: accept ELECTION from 90a71c42-cf1a-4ac2-af8f-9011ebfd0240: our priority 0 <= candidate's priority 1
2025-04-23 14:36:57,562 [grpc-default-executor-7] INFO  server.RaftServer$Division (RaftServerImpl.java:setRole(378)) - b3e33d86-0447-4fd5-9cd5-f314a86cc755@group-85496F183443: changes role from  FOLLOWER to FOLLOWER at term 0 for candidate:90a71c42-cf1a-4ac2-af8f-9011ebfd0240
2025-04-23 14:36:57,562 [grpc-default-executor-7] INFO  impl.RoleInfo (RoleInfo.java:shutdownFollowerState(121)) - b3e33d86-0447-4fd5-9cd5-f314a86cc755: shutdown b3e33d86-0447-4fd5-9cd5-f314a86cc755@group-85496F183443-FollowerState
2025-04-23 14:36:57,562 [b3e33d86-0447-4fd5-9cd5-f314a86cc755@group-85496F183443-FollowerState] INFO  impl.FollowerState (FollowerState.java:runImpl(170)) - b3e33d86-0447-4fd5-9cd5-f314a86cc755@group-85496F183443-FollowerState was interrupted
2025-04-23 14:36:57,562 [grpc-default-executor-6] INFO  server.RaftServer$Division (RaftServerImpl.java:requestVote(1407)) - 2f27ff4a-e7fd-448a-86d2-53e05ca0039d@group-85496F183443: receive requestVote(ELECTION, 90a71c42-cf1a-4ac2-af8f-9011ebfd0240, group-85496F183443, 1, (t:0, i:0))
2025-04-23 14:36:57,563 [grpc-default-executor-6] INFO  impl.VoteContext (VoteContext.java:log(49)) - 2f27ff4a-e7fd-448a-86d2-53e05ca0039d@group-85496F183443-CANDIDATE: accept ELECTION from 90a71c42-cf1a-4ac2-af8f-9011ebfd0240: our priority 0 <= candidate's priority 1
2025-04-23 14:36:57,563 [grpc-default-executor-6] INFO  server.RaftServer$Division (RaftServerImpl.java:setRole(378)) - 2f27ff4a-e7fd-448a-86d2-53e05ca0039d@group-85496F183443: changes role from CANDIDATE to FOLLOWER at term 0 for candidate:90a71c42-cf1a-4ac2-af8f-9011ebfd0240
2025-04-23 14:36:57,563 [grpc-default-executor-6] INFO  impl.RoleInfo (RoleInfo.java:shutdownLeaderElection(141)) - 2f27ff4a-e7fd-448a-86d2-53e05ca0039d: shutdown 2f27ff4a-e7fd-448a-86d2-53e05ca0039d@group-85496F183443-LeaderElection9
2025-04-23 14:36:57,563 [grpc-default-executor-6] INFO  impl.RoleInfo (RoleInfo.java:updateAndGet(148)) - 2f27ff4a-e7fd-448a-86d2-53e05ca0039d: start 2f27ff4a-e7fd-448a-86d2-53e05ca0039d@group-85496F183443-FollowerState
2025-04-23 14:36:57,562 [grpc-default-executor-3] INFO  server.RaftServer$Division (RaftServerImpl.java:requestVote(1441)) - 90a71c42-cf1a-4ac2-af8f-9011ebfd0240@group-85496F183443 replies to PRE_VOTE vote request: 2f27ff4a-e7fd-448a-86d2-53e05ca0039d<-90a71c42-cf1a-4ac2-af8f-9011ebfd0240#0:FAIL-t1. Peer's state: 90a71c42-cf1a-4ac2-af8f-9011ebfd0240@group-85496F183443:t1, leader=null, voted=90a71c42-cf1a-4ac2-af8f-9011ebfd0240, raftlog=Memoized:90a71c42-cf1a-4ac2-af8f-9011ebfd0240@group-85496F183443-SegmentedRaftLog:OPENED:c-1:lastnull, conf=conf: {index: -1, cur=peers:[b3e33d86-0447-4fd5-9cd5-f314a86cc755|127.0.0.1:15023, 2f27ff4a-e7fd-448a-86d2-53e05ca0039d|127.0.0.1:15039, 90a71c42-cf1a-4ac2-af8f-9011ebfd0240|127.0.0.1:15031]|listeners:[], old=null}
2025-04-23 14:36:57,563 [grpc-default-executor-7] INFO  impl.RoleInfo (RoleInfo.java:updateAndGet(148)) - b3e33d86-0447-4fd5-9cd5-f314a86cc755: start b3e33d86-0447-4fd5-9cd5-f314a86cc755@group-85496F183443-FollowerState
2025-04-23 14:36:57,564 [90a71c42-cf1a-4ac2-af8f-9011ebfd0240@group-CDAE406581E4-StateMachineUpdater] INFO  server.RaftServer$Division (LeaderStateImpl.java:checkStartIndex(313)) - Leader 90a71c42-cf1a-4ac2-af8f-9011ebfd0240@group-CDAE406581E4-LeaderStateImpl is ready since appliedIndex == startIndex == 0
2025-04-23 14:36:57,565 [grpc-default-executor-6] INFO  server.RaftServer$Division (RaftServerImpl.java:setFirstElection(562)) - 2f27ff4a-e7fd-448a-86d2-53e05ca0039d@group-85496F183443: set firstElectionSinceStartup to false for candidate:90a71c42-cf1a-4ac2-af8f-9011ebfd0240
2025-04-23 14:36:57,566 [2f27ff4a-e7fd-448a-86d2-53e05ca0039d@group-85496F183443-LeaderElection9] INFO  impl.LeaderElection (LeaderElection.java:logAndReturn(90)) - 2f27ff4a-e7fd-448a-86d2-53e05ca0039d@group-85496F183443-LeaderElection9: PRE_VOTE DISCOVERED_A_NEW_TERM (term=1) received 2 response(s) and 0 exception(s):
2025-04-23 14:36:57,566 [2f27ff4a-e7fd-448a-86d2-53e05ca0039d@group-85496F183443-LeaderElection9] INFO  impl.LeaderElection (LeaderElection.java:logAndReturn(94)) -   Response 0: 2f27ff4a-e7fd-448a-86d2-53e05ca0039d<-b3e33d86-0447-4fd5-9cd5-f314a86cc755#0:OK-t0
2025-04-23 14:36:57,566 [2f27ff4a-e7fd-448a-86d2-53e05ca0039d@group-85496F183443-LeaderElection9] INFO  impl.LeaderElection (LeaderElection.java:logAndReturn(94)) -   Response 1: 2f27ff4a-e7fd-448a-86d2-53e05ca0039d<-90a71c42-cf1a-4ac2-af8f-9011ebfd0240#0:FAIL-t1
2025-04-23 14:36:57,567 [2f27ff4a-e7fd-448a-86d2-53e05ca0039d@group-85496F183443-LeaderElection9] INFO  impl.LeaderElection (LeaderElection.java:askForVotes(334)) - 2f27ff4a-e7fd-448a-86d2-53e05ca0039d@group-85496F183443-LeaderElection9 PRE_VOTE round 0: result DISCOVERED_A_NEW_TERM (term=1)
2025-04-23 14:36:57,567 [grpc-default-executor-7] INFO  server.RaftServer$Division (RaftServerImpl.java:setFirstElection(562)) - b3e33d86-0447-4fd5-9cd5-f314a86cc755@group-85496F183443: set firstElectionSinceStartup to false for candidate:90a71c42-cf1a-4ac2-af8f-9011ebfd0240
2025-04-23 14:36:57,568 [grpc-default-executor-6] INFO  server.RaftServer$Division (RaftServerImpl.java:requestVote(1441)) - 2f27ff4a-e7fd-448a-86d2-53e05ca0039d@group-85496F183443 replies to ELECTION vote request: 90a71c42-cf1a-4ac2-af8f-9011ebfd0240<-2f27ff4a-e7fd-448a-86d2-53e05ca0039d#0:OK-t1. Peer's state: 2f27ff4a-e7fd-448a-86d2-53e05ca0039d@group-85496F183443:t1, leader=null, voted=90a71c42-cf1a-4ac2-af8f-9011ebfd0240, raftlog=Memoized:2f27ff4a-e7fd-448a-86d2-53e05ca0039d@group-85496F183443-SegmentedRaftLog:OPENED:c-1:lastnull, conf=conf: {index: -1, cur=peers:[b3e33d86-0447-4fd5-9cd5-f314a86cc755|127.0.0.1:15023, 2f27ff4a-e7fd-448a-86d2-53e05ca0039d|127.0.0.1:15039, 90a71c42-cf1a-4ac2-af8f-9011ebfd0240|127.0.0.1:15031]|listeners:[], old=null}
2025-04-23 14:36:57,569 [grpc-default-executor-7] INFO  server.RaftServer$Division (RaftServerImpl.java:requestVote(1441)) - b3e33d86-0447-4fd5-9cd5-f314a86cc755@group-85496F183443 replies to ELECTION vote request: 90a71c42-cf1a-4ac2-af8f-9011ebfd0240<-b3e33d86-0447-4fd5-9cd5-f314a86cc755#0:OK-t1. Peer's state: b3e33d86-0447-4fd5-9cd5-f314a86cc755@group-85496F183443:t1, leader=null, voted=90a71c42-cf1a-4ac2-af8f-9011ebfd0240, raftlog=Memoized:b3e33d86-0447-4fd5-9cd5-f314a86cc755@group-85496F183443-SegmentedRaftLog:OPENED:c-1:lastnull, conf=conf: {index: -1, cur=peers:[b3e33d86-0447-4fd5-9cd5-f314a86cc755|127.0.0.1:15023, 2f27ff4a-e7fd-448a-86d2-53e05ca0039d|127.0.0.1:15039, 90a71c42-cf1a-4ac2-af8f-9011ebfd0240|127.0.0.1:15031]|listeners:[], old=null}
2025-04-23 14:36:57,570 [90a71c42-cf1a-4ac2-af8f-9011ebfd0240@group-85496F183443-LeaderElection8] INFO  impl.LeaderElection (LeaderElection.java:logAndReturn(90)) - 90a71c42-cf1a-4ac2-af8f-9011ebfd0240@group-85496F183443-LeaderElection8: ELECTION PASSED received 1 response(s) and 0 exception(s):
2025-04-23 14:36:57,570 [90a71c42-cf1a-4ac2-af8f-9011ebfd0240@group-85496F183443-LeaderElection8] INFO  impl.LeaderElection (LeaderElection.java:logAndReturn(94)) -   Response 0: 90a71c42-cf1a-4ac2-af8f-9011ebfd0240<-b3e33d86-0447-4fd5-9cd5-f314a86cc755#0:OK-t1
2025-04-23 14:36:57,570 [90a71c42-cf1a-4ac2-af8f-9011ebfd0240@group-85496F183443-LeaderElection8] INFO  impl.LeaderElection (LeaderElection.java:askForVotes(334)) - 90a71c42-cf1a-4ac2-af8f-9011ebfd0240@group-85496F183443-LeaderElection8 ELECTION round 0: result PASSED
2025-04-23 14:36:57,571 [90a71c42-cf1a-4ac2-af8f-9011ebfd0240@group-85496F183443-LeaderElection8] INFO  impl.RoleInfo (RoleInfo.java:shutdownLeaderElection(141)) - 90a71c42-cf1a-4ac2-af8f-9011ebfd0240: shutdown 90a71c42-cf1a-4ac2-af8f-9011ebfd0240@group-85496F183443-LeaderElection8
2025-04-23 14:36:57,571 [90a71c42-cf1a-4ac2-af8f-9011ebfd0240@group-85496F183443-LeaderElection8] INFO  server.RaftServer$Division (RaftServerImpl.java:setRole(378)) - 90a71c42-cf1a-4ac2-af8f-9011ebfd0240@group-85496F183443: changes role from CANDIDATE to LEADER at term 1 for changeToLeader
2025-04-23 14:36:57,571 [90a71c42-cf1a-4ac2-af8f-9011ebfd0240@group-85496F183443-LeaderElection8] INFO  server.RaftServerConfigKeys (ConfUtils.java:logGet(46)) - raft.server.staging.catchup.gap = 1000 (default)
2025-04-23 14:36:57,572 [90a71c42-cf1a-4ac2-af8f-9011ebfd0240@group-85496F183443-LeaderElection8] INFO  server.RaftServerConfigKeys (ConfUtils.java:logGet(46)) - raft.server.write.element-limit = 1024 (custom)
2025-04-23 14:36:57,572 [90a71c42-cf1a-4ac2-af8f-9011ebfd0240@group-85496F183443-LeaderElection8] INFO  server.RaftServerConfigKeys (ConfUtils.java:logGet(46)) - raft.server.write.byte-limit = 1024 M (=1073741824) (custom)
2025-04-23 14:36:57,573 [90a71c42-cf1a-4ac2-af8f-9011ebfd0240@group-85496F183443-LeaderElection8] INFO  server.RaftServerConfigKeys (ConfUtils.java:logGet(46)) - raft.server.watch.timeout = 30s (custom)
2025-04-23 14:36:57,573 [90a71c42-cf1a-4ac2-af8f-9011ebfd0240@group-85496F183443-LeaderElection8] INFO  server.RaftServerConfigKeys (ConfUtils.java:logGet(46)) - raft.server.watch.timeout.denomination = 1s (default)
2025-04-23 14:36:57,573 [90a71c42-cf1a-4ac2-af8f-9011ebfd0240@group-85496F183443-LeaderElection8] INFO  server.RaftServerConfigKeys (ConfUtils.java:logGet(46)) - raft.server.watch.element-limit = 65536 (default)
2025-04-23 14:36:57,573 [90a71c42-cf1a-4ac2-af8f-9011ebfd0240@group-85496F183443-LeaderElection8] INFO  server.RaftServerConfigKeys (ConfUtils.java:logGet(46)) - raft.server.read.leader.lease.enabled = false (default)
2025-04-23 14:36:57,574 [90a71c42-cf1a-4ac2-af8f-9011ebfd0240@group-85496F183443-LeaderElection8] INFO  server.RaftServerConfigKeys (ConfUtils.java:logGet(46)) - raft.server.read.leader.lease.timeout.ratio = 0.9 (default)
2025-04-23 14:36:57,574 [90a71c42-cf1a-4ac2-af8f-9011ebfd0240@group-85496F183443-LeaderElection8] INFO  server.RaftServerConfigKeys (ConfUtils.java:logGet(46)) - raft.server.rpc.timeout.min = 5s (custom)
2025-04-23 14:36:57,574 [90a71c42-cf1a-4ac2-af8f-9011ebfd0240@group-85496F183443-LeaderElection8] INFO  server.RaftServerConfigKeys (ConfUtils.java:logGet(46)) - raft.server.log.log-metadata.enabled = true (default)
2025-04-23 14:36:57,574 [90a71c42-cf1a-4ac2-af8f-9011ebfd0240@group-85496F183443-LeaderElection8] INFO  server.RaftServerConfigKeys (ConfUtils.java:logGet(46)) - raft.server.write.element-limit = 1024 (custom)
2025-04-23 14:36:57,574 [90a71c42-cf1a-4ac2-af8f-9011ebfd0240@group-85496F183443-LeaderElection8] INFO  server.RaftServerConfigKeys (ConfUtils.java:logGet(46)) - raft.server.write.follower.gap.ratio.max = -1.0 (default)
2025-04-23 14:36:57,575 [90a71c42-cf1a-4ac2-af8f-9011ebfd0240@group-85496F183443-LeaderElection8] INFO  server.RaftServerConfigKeys (ConfUtils.java:logGet(46)) - raft.server.log.appender.snapshot.chunk.size.max = 16MB (=16777216) (default)
2025-04-23 14:36:57,575 [90a71c42-cf1a-4ac2-af8f-9011ebfd0240@group-85496F183443-LeaderElection8] INFO  server.RaftServerConfigKeys (ConfUtils.java:logGet(46)) - raft.server.log.appender.buffer.byte-limit = 33554432 (custom)
2025-04-23 14:36:57,575 [90a71c42-cf1a-4ac2-af8f-9011ebfd0240@group-85496F183443-LeaderElection8] INFO  server.RaftServerConfigKeys (ConfUtils.java:logGet(46)) - raft.server.log.appender.buffer.element-limit = 1024 (custom)
2025-04-23 14:36:57,575 [90a71c42-cf1a-4ac2-af8f-9011ebfd0240@group-85496F183443-LeaderElection8] INFO  server.RaftServerConfigKeys (ConfUtils.java:logGet(46)) - raft.server.log.appender.wait-time.min = 0μs (custom)
2025-04-23 14:36:57,575 [90a71c42-cf1a-4ac2-af8f-9011ebfd0240@group-85496F183443-LeaderElection8] INFO  grpc.GrpcConfigKeys (ConfUtils.java:logGet(46)) - raft.grpc.server.leader.outstanding.appends.max = 8 (default)
2025-04-23 14:36:57,576 [90a71c42-cf1a-4ac2-af8f-9011ebfd0240@group-85496F183443-LeaderElection8] INFO  server.RaftServerConfigKeys (ConfUtils.java:logGet(46)) - raft.server.rpc.request.timeout = 60s (custom)
2025-04-23 14:36:57,576 [90a71c42-cf1a-4ac2-af8f-9011ebfd0240@group-85496F183443-LeaderElection8] INFO  grpc.GrpcConfigKeys (ConfUtils.java:logGet(46)) - raft.grpc.server.install_snapshot.request.element-limit = 8 (default)
2025-04-23 14:36:57,576 [90a71c42-cf1a-4ac2-af8f-9011ebfd0240@group-85496F183443-LeaderElection8] INFO  grpc.GrpcConfigKeys (ConfUtils.java:logGet(46)) - raft.grpc.server.install_snapshot.request.timeout = 3000ms (default)
2025-04-23 14:36:57,576 [90a71c42-cf1a-4ac2-af8f-9011ebfd0240@group-85496F183443-LeaderElection8] INFO  grpc.GrpcConfigKeys (ConfUtils.java:logGet(46)) - raft.grpc.server.log-message.batch.duration = 5s (default)
2025-04-23 14:36:57,576 [90a71c42-cf1a-4ac2-af8f-9011ebfd0240@group-85496F183443-LeaderElection8] INFO  server.RaftServerConfigKeys (ConfUtils.java:logGet(46)) - raft.server.log.appender.install.snapshot.enabled = false (custom)
2025-04-23 14:36:57,576 [90a71c42-cf1a-4ac2-af8f-9011ebfd0240@group-85496F183443-LeaderElection8] INFO  grpc.GrpcConfigKeys (ConfUtils.java:logGet(46)) - raft.grpc.server.heartbeat.channel = true (default)
2025-04-23 14:36:57,577 [90a71c42-cf1a-4ac2-af8f-9011ebfd0240@group-85496F183443-LeaderElection8] INFO  server.RaftServerConfigKeys (ConfUtils.java:logGet(46)) - raft.server.log.appender.snapshot.chunk.size.max = 16MB (=16777216) (default)
2025-04-23 14:36:57,577 [90a71c42-cf1a-4ac2-af8f-9011ebfd0240@group-85496F183443-LeaderElection8] INFO  server.RaftServerConfigKeys (ConfUtils.java:logGet(46)) - raft.server.log.appender.buffer.byte-limit = 33554432 (custom)
2025-04-23 14:36:57,577 [90a71c42-cf1a-4ac2-af8f-9011ebfd0240@group-85496F183443-LeaderElection8] INFO  server.RaftServerConfigKeys (ConfUtils.java:logGet(46)) - raft.server.log.appender.buffer.element-limit = 1024 (custom)
2025-04-23 14:36:57,577 [90a71c42-cf1a-4ac2-af8f-9011ebfd0240@group-85496F183443-LeaderElection8] INFO  server.RaftServerConfigKeys (ConfUtils.java:logGet(46)) - raft.server.log.appender.wait-time.min = 0μs (custom)
2025-04-23 14:36:57,578 [90a71c42-cf1a-4ac2-af8f-9011ebfd0240@group-85496F183443-LeaderElection8] INFO  grpc.GrpcConfigKeys (ConfUtils.java:logGet(46)) - raft.grpc.server.leader.outstanding.appends.max = 8 (default)
2025-04-23 14:36:57,578 [90a71c42-cf1a-4ac2-af8f-9011ebfd0240@group-85496F183443-LeaderElection8] INFO  server.RaftServerConfigKeys (ConfUtils.java:logGet(46)) - raft.server.rpc.request.timeout = 60s (custom)
2025-04-23 14:36:57,578 [90a71c42-cf1a-4ac2-af8f-9011ebfd0240@group-85496F183443-LeaderElection8] INFO  grpc.GrpcConfigKeys (ConfUtils.java:logGet(46)) - raft.grpc.server.install_snapshot.request.element-limit = 8 (default)
2025-04-23 14:36:57,578 [90a71c42-cf1a-4ac2-af8f-9011ebfd0240@group-85496F183443-LeaderElection8] INFO  grpc.GrpcConfigKeys (ConfUtils.java:logGet(46)) - raft.grpc.server.install_snapshot.request.timeout = 3000ms (default)
2025-04-23 14:36:57,578 [90a71c42-cf1a-4ac2-af8f-9011ebfd0240@group-85496F183443-LeaderElection8] INFO  grpc.GrpcConfigKeys (ConfUtils.java:logGet(46)) - raft.grpc.server.log-message.batch.duration = 5s (default)
2025-04-23 14:36:57,578 [90a71c42-cf1a-4ac2-af8f-9011ebfd0240@group-85496F183443-LeaderElection8] INFO  server.RaftServerConfigKeys (ConfUtils.java:logGet(46)) - raft.server.log.appender.install.snapshot.enabled = false (custom)
2025-04-23 14:36:57,578 [90a71c42-cf1a-4ac2-af8f-9011ebfd0240@group-85496F183443-LeaderElection8] INFO  grpc.GrpcConfigKeys (ConfUtils.java:logGet(46)) - raft.grpc.server.heartbeat.channel = true (default)
2025-04-23 14:36:57,578 [90a71c42-cf1a-4ac2-af8f-9011ebfd0240@group-85496F183443-LeaderElection8] INFO  impl.RoleInfo (RoleInfo.java:updateAndGet(148)) - 90a71c42-cf1a-4ac2-af8f-9011ebfd0240: start 90a71c42-cf1a-4ac2-af8f-9011ebfd0240@group-85496F183443-LeaderStateImpl
2025-04-23 14:36:57,578 [90a71c42-cf1a-4ac2-af8f-9011ebfd0240@group-85496F183443-LeaderElection8] INFO  server.RaftServer$Division (RaftServerImpl.java:setFirstElection(562)) - 90a71c42-cf1a-4ac2-af8f-9011ebfd0240@group-85496F183443: set firstElectionSinceStartup to false for becomeLeader
2025-04-23 14:36:57,578 [90a71c42-cf1a-4ac2-af8f-9011ebfd0240@group-85496F183443-LeaderElection8] INFO  ratis.XceiverServerRatis (XceiverServerRatis.java:handleLeaderChangedNotification(942)) - Leader change notification received for group: group-85496F183443 with new leaderId: 90a71c42-cf1a-4ac2-af8f-9011ebfd0240
2025-04-23 14:36:57,579 [90a71c42-cf1a-4ac2-af8f-9011ebfd0240@group-85496F183443-LeaderElection8] INFO  server.RaftServer$Division (ServerState.java:setLeader(272)) - 90a71c42-cf1a-4ac2-af8f-9011ebfd0240@group-85496F183443: change Leader from null to 90a71c42-cf1a-4ac2-af8f-9011ebfd0240 at term 1 for becomeLeader, leader elected after 1167ms
2025-04-23 14:36:57,580 [90a71c42-cf1a-4ac2-af8f-9011ebfd0240@group-85496F183443-LeaderElection8] INFO  segmented.SegmentedRaftLogWorker (SegmentedRaftLogWorker.java:startLogSegment(438)) - 90a71c42-cf1a-4ac2-af8f-9011ebfd0240@group-85496F183443-SegmentedRaftLogWorker: Starting segment from index:0
2025-04-23 14:36:57,580 [90a71c42-cf1a-4ac2-af8f-9011ebfd0240@group-85496F183443-LeaderElection8] INFO  server.RaftServer$Division (ServerState.java:setRaftConf(386)) - 90a71c42-cf1a-4ac2-af8f-9011ebfd0240@group-85496F183443: set configuration conf: {index: 0, cur=peers:[b3e33d86-0447-4fd5-9cd5-f314a86cc755|127.0.0.1:15023, 2f27ff4a-e7fd-448a-86d2-53e05ca0039d|127.0.0.1:15039, 90a71c42-cf1a-4ac2-af8f-9011ebfd0240|127.0.0.1:15031]|listeners:[], old=null}
2025-04-23 14:36:57,581 [90a71c42-cf1a-4ac2-af8f-9011ebfd0240@group-85496F183443-SegmentedRaftLogWorker] INFO  segmented.BufferedWriteChannel (BufferedWriteChannel.java:open(61)) - open log_inprogress_0 at position 0
2025-04-23 14:36:57,588 [EventQueue-PipelineReportForPipelineReportHandler] INFO  pipeline.PipelineReportHandler (PipelineReportHandler.java:processPipelineReport(134)) - Opened pipeline PipelineID=b2345045-09bf-4935-b2ff-85496f183443
2025-04-23 14:36:57,594 [2f27ff4a-e7fd-448a-86d2-53e05ca0039d-server-thread1] INFO  ratis.XceiverServerRatis (XceiverServerRatis.java:handleLeaderChangedNotification(942)) - Leader change notification received for group: group-85496F183443 with new leaderId: 90a71c42-cf1a-4ac2-af8f-9011ebfd0240
2025-04-23 14:36:57,596 [2f27ff4a-e7fd-448a-86d2-53e05ca0039d-server-thread1] INFO  server.RaftServer$Division (ServerState.java:setLeader(272)) - 2f27ff4a-e7fd-448a-86d2-53e05ca0039d@group-85496F183443: change Leader from null to 90a71c42-cf1a-4ac2-af8f-9011ebfd0240 at term 1 for appendEntries, leader elected after 1134ms
2025-04-23 14:36:57,595 [90a71c42-cf1a-4ac2-af8f-9011ebfd0240@group-85496F183443-SegmentedRaftLogWorker] INFO  segmented.SegmentedRaftLogWorker (SegmentedRaftLogWorker.java:execute(644)) - 90a71c42-cf1a-4ac2-af8f-9011ebfd0240@group-85496F183443-SegmentedRaftLogWorker: created new log segment /home/runner/work/ozone/ozone/hadoop-ozone/integration-test/target/test-dir/MiniOzoneClusterImpl-68853c07-42d2-4ef8-9e75-e3a852294e6a/ozone-meta/datanode-2/ratis/b2345045-09bf-4935-b2ff-85496f183443/current/log_inprogress_0
2025-04-23 14:36:57,595 [b3e33d86-0447-4fd5-9cd5-f314a86cc755-server-thread1] INFO  ratis.XceiverServerRatis (XceiverServerRatis.java:handleLeaderChangedNotification(942)) - Leader change notification received for group: group-85496F183443 with new leaderId: 90a71c42-cf1a-4ac2-af8f-9011ebfd0240
2025-04-23 14:36:57,596 [b3e33d86-0447-4fd5-9cd5-f314a86cc755-server-thread1] INFO  server.RaftServer$Division (ServerState.java:setLeader(272)) - b3e33d86-0447-4fd5-9cd5-f314a86cc755@group-85496F183443: change Leader from null to 90a71c42-cf1a-4ac2-af8f-9011ebfd0240 at term 1 for appendEntries, leader elected after 1225ms
2025-04-23 14:36:57,597 [b3e33d86-0447-4fd5-9cd5-f314a86cc755-server-thread1] INFO  server.RaftServer$Division (ServerState.java:setRaftConf(386)) - b3e33d86-0447-4fd5-9cd5-f314a86cc755@group-85496F183443: set configuration conf: {index: 0, cur=peers:[b3e33d86-0447-4fd5-9cd5-f314a86cc755|127.0.0.1:15023, 2f27ff4a-e7fd-448a-86d2-53e05ca0039d|127.0.0.1:15039, 90a71c42-cf1a-4ac2-af8f-9011ebfd0240|127.0.0.1:15031]|listeners:[], old=null}
2025-04-23 14:36:57,597 [b3e33d86-0447-4fd5-9cd5-f314a86cc755-server-thread1] INFO  segmented.SegmentedRaftLogWorker (SegmentedRaftLogWorker.java:startLogSegment(438)) - b3e33d86-0447-4fd5-9cd5-f314a86cc755@group-85496F183443-SegmentedRaftLogWorker: Starting segment from index:0
2025-04-23 14:36:57,597 [b3e33d86-0447-4fd5-9cd5-f314a86cc755@group-85496F183443-SegmentedRaftLogWorker] INFO  segmented.BufferedWriteChannel (BufferedWriteChannel.java:open(61)) - open log_inprogress_0 at position 0
2025-04-23 14:36:57,596 [2f27ff4a-e7fd-448a-86d2-53e05ca0039d-server-thread1] INFO  server.RaftServer$Division (ServerState.java:setRaftConf(386)) - 2f27ff4a-e7fd-448a-86d2-53e05ca0039d@group-85496F183443: set configuration conf: {index: 0, cur=peers:[b3e33d86-0447-4fd5-9cd5-f314a86cc755|127.0.0.1:15023, 2f27ff4a-e7fd-448a-86d2-53e05ca0039d|127.0.0.1:15039, 90a71c42-cf1a-4ac2-af8f-9011ebfd0240|127.0.0.1:15031]|listeners:[], old=null}
2025-04-23 14:36:57,599 [2f27ff4a-e7fd-448a-86d2-53e05ca0039d-server-thread1] INFO  segmented.SegmentedRaftLogWorker (SegmentedRaftLogWorker.java:startLogSegment(438)) - 2f27ff4a-e7fd-448a-86d2-53e05ca0039d@group-85496F183443-SegmentedRaftLogWorker: Starting segment from index:0
2025-04-23 14:36:57,599 [2f27ff4a-e7fd-448a-86d2-53e05ca0039d@group-85496F183443-SegmentedRaftLogWorker] INFO  segmented.BufferedWriteChannel (BufferedWriteChannel.java:open(61)) - open log_inprogress_0 at position 0
2025-04-23 14:36:57,611 [b3e33d86-0447-4fd5-9cd5-f314a86cc755@group-85496F183443-SegmentedRaftLogWorker] INFO  segmented.SegmentedRaftLogWorker (SegmentedRaftLogWorker.java:execute(644)) - b3e33d86-0447-4fd5-9cd5-f314a86cc755@group-85496F183443-SegmentedRaftLogWorker: created new log segment /home/runner/work/ozone/ozone/hadoop-ozone/integration-test/target/test-dir/MiniOzoneClusterImpl-68853c07-42d2-4ef8-9e75-e3a852294e6a/ozone-meta/datanode-1/ratis/b2345045-09bf-4935-b2ff-85496f183443/current/log_inprogress_0
2025-04-23 14:36:57,612 [2f27ff4a-e7fd-448a-86d2-53e05ca0039d@group-85496F183443-SegmentedRaftLogWorker] INFO  segmented.SegmentedRaftLogWorker (SegmentedRaftLogWorker.java:execute(644)) - 2f27ff4a-e7fd-448a-86d2-53e05ca0039d@group-85496F183443-SegmentedRaftLogWorker: created new log segment /home/runner/work/ozone/ozone/hadoop-ozone/integration-test/target/test-dir/MiniOzoneClusterImpl-68853c07-42d2-4ef8-9e75-e3a852294e6a/ozone-meta/datanode-3/ratis/b2345045-09bf-4935-b2ff-85496f183443/current/log_inprogress_0
2025-04-23 14:36:57,615 [90a71c42-cf1a-4ac2-af8f-9011ebfd0240@group-85496F183443-StateMachineUpdater] INFO  server.RaftServer$Division (LeaderStateImpl.java:checkStartIndex(313)) - Leader 90a71c42-cf1a-4ac2-af8f-9011ebfd0240@group-85496F183443-LeaderStateImpl is ready since appliedIndex == startIndex == 0
2025-04-23 14:36:57,768 [2f27ff4a-e7fd-448a-86d2-53e05ca0039d@group-96E6188AF822-FollowerState] INFO  impl.FollowerState (FollowerState.java:runImpl(161)) - 2f27ff4a-e7fd-448a-86d2-53e05ca0039d@group-96E6188AF822-FollowerState: change to CANDIDATE, lastRpcElapsedTime:1112901132ns, electionTimeout:1111ms
2025-04-23 14:36:57,768 [2f27ff4a-e7fd-448a-86d2-53e05ca0039d@group-96E6188AF822-FollowerState] INFO  impl.RoleInfo (RoleInfo.java:shutdownFollowerState(121)) - 2f27ff4a-e7fd-448a-86d2-53e05ca0039d: shutdown 2f27ff4a-e7fd-448a-86d2-53e05ca0039d@group-96E6188AF822-FollowerState
2025-04-23 14:36:57,768 [2f27ff4a-e7fd-448a-86d2-53e05ca0039d@group-96E6188AF822-FollowerState] INFO  server.RaftServer$Division (RaftServerImpl.java:setRole(378)) - 2f27ff4a-e7fd-448a-86d2-53e05ca0039d@group-96E6188AF822: changes role from  FOLLOWER to CANDIDATE at term 0 for changeToCandidate
2025-04-23 14:36:57,768 [2f27ff4a-e7fd-448a-86d2-53e05ca0039d@group-96E6188AF822-FollowerState] INFO  server.RaftServerConfigKeys (ConfUtils.java:logGet(46)) - raft.server.leaderelection.pre-vote = true (default)
2025-04-23 14:36:57,768 [2f27ff4a-e7fd-448a-86d2-53e05ca0039d@group-96E6188AF822-FollowerState] INFO  impl.RoleInfo (RoleInfo.java:updateAndGet(148)) - 2f27ff4a-e7fd-448a-86d2-53e05ca0039d: start 2f27ff4a-e7fd-448a-86d2-53e05ca0039d@group-96E6188AF822-LeaderElection10
2025-04-23 14:36:57,768 [2f27ff4a-e7fd-448a-86d2-53e05ca0039d@group-96E6188AF822-LeaderElection10] INFO  impl.LeaderElection (LeaderElection.java:askForVotes(332)) - 2f27ff4a-e7fd-448a-86d2-53e05ca0039d@group-96E6188AF822-LeaderElection10 PRE_VOTE round 0: submit vote requests at term 0 for conf: {index: -1, cur=peers:[2f27ff4a-e7fd-448a-86d2-53e05ca0039d|127.0.0.1:15039]|listeners:[], old=null}
2025-04-23 14:36:57,769 [2f27ff4a-e7fd-448a-86d2-53e05ca0039d@group-96E6188AF822-LeaderElection10] INFO  impl.LeaderElection (LeaderElection.java:askForVotes(334)) - 2f27ff4a-e7fd-448a-86d2-53e05ca0039d@group-96E6188AF822-LeaderElection10 PRE_VOTE round 0: result PASSED (term=0)
2025-04-23 14:36:57,770 [2f27ff4a-e7fd-448a-86d2-53e05ca0039d@group-96E6188AF822-LeaderElection10] INFO  impl.LeaderElection (LeaderElection.java:askForVotes(332)) - 2f27ff4a-e7fd-448a-86d2-53e05ca0039d@group-96E6188AF822-LeaderElection10 ELECTION round 0: submit vote requests at term 1 for conf: {index: -1, cur=peers:[2f27ff4a-e7fd-448a-86d2-53e05ca0039d|127.0.0.1:15039]|listeners:[], old=null}
2025-04-23 14:36:57,770 [2f27ff4a-e7fd-448a-86d2-53e05ca0039d@group-96E6188AF822-LeaderElection10] INFO  impl.LeaderElection (LeaderElection.java:askForVotes(334)) - 2f27ff4a-e7fd-448a-86d2-53e05ca0039d@group-96E6188AF822-LeaderElection10 ELECTION round 0: result PASSED (term=1)
2025-04-23 14:36:57,770 [2f27ff4a-e7fd-448a-86d2-53e05ca0039d@group-96E6188AF822-LeaderElection10] INFO  impl.RoleInfo (RoleInfo.java:shutdownLeaderElection(141)) - 2f27ff4a-e7fd-448a-86d2-53e05ca0039d: shutdown 2f27ff4a-e7fd-448a-86d2-53e05ca0039d@group-96E6188AF822-LeaderElection10
2025-04-23 14:36:57,770 [2f27ff4a-e7fd-448a-86d2-53e05ca0039d@group-96E6188AF822-LeaderElection10] INFO  server.RaftServer$Division (RaftServerImpl.java:setRole(378)) - 2f27ff4a-e7fd-448a-86d2-53e05ca0039d@group-96E6188AF822: changes role from CANDIDATE to LEADER at term 1 for changeToLeader
2025-04-23 14:36:57,770 [2f27ff4a-e7fd-448a-86d2-53e05ca0039d@group-96E6188AF822-LeaderElection10] INFO  server.RaftServerConfigKeys (ConfUtils.java:logGet(46)) - raft.server.staging.catchup.gap = 1000 (default)
2025-04-23 14:36:57,771 [2f27ff4a-e7fd-448a-86d2-53e05ca0039d@group-96E6188AF822-LeaderElection10] INFO  server.RaftServerConfigKeys (ConfUtils.java:logGet(46)) - raft.server.write.element-limit = 1024 (custom)
2025-04-23 14:36:57,771 [2f27ff4a-e7fd-448a-86d2-53e05ca0039d@group-96E6188AF822-LeaderElection10] INFO  server.RaftServerConfigKeys (ConfUtils.java:logGet(46)) - raft.server.write.byte-limit = 1024 M (=1073741824) (custom)
2025-04-23 14:36:57,771 [2f27ff4a-e7fd-448a-86d2-53e05ca0039d@group-96E6188AF822-LeaderElection10] INFO  server.RaftServerConfigKeys (ConfUtils.java:logGet(46)) - raft.server.watch.timeout = 30s (custom)
2025-04-23 14:36:57,771 [2f27ff4a-e7fd-448a-86d2-53e05ca0039d@group-96E6188AF822-LeaderElection10] INFO  server.RaftServerConfigKeys (ConfUtils.java:logGet(46)) - raft.server.watch.timeout.denomination = 1s (default)
2025-04-23 14:36:57,771 [2f27ff4a-e7fd-448a-86d2-53e05ca0039d@group-96E6188AF822-LeaderElection10] INFO  server.RaftServerConfigKeys (ConfUtils.java:logGet(46)) - raft.server.watch.element-limit = 65536 (default)
2025-04-23 14:36:57,772 [2f27ff4a-e7fd-448a-86d2-53e05ca0039d@group-96E6188AF822-LeaderElection10] INFO  server.RaftServerConfigKeys (ConfUtils.java:logGet(46)) - raft.server.read.leader.lease.enabled = false (default)
2025-04-23 14:36:57,772 [2f27ff4a-e7fd-448a-86d2-53e05ca0039d@group-96E6188AF822-LeaderElection10] INFO  server.RaftServerConfigKeys (ConfUtils.java:logGet(46)) - raft.server.read.leader.lease.timeout.ratio = 0.9 (default)
2025-04-23 14:36:57,772 [2f27ff4a-e7fd-448a-86d2-53e05ca0039d@group-96E6188AF822-LeaderElection10] INFO  server.RaftServerConfigKeys (ConfUtils.java:logGet(46)) - raft.server.rpc.timeout.min = 5s (custom)
2025-04-23 14:36:57,772 [2f27ff4a-e7fd-448a-86d2-53e05ca0039d@group-96E6188AF822-LeaderElection10] INFO  server.RaftServerConfigKeys (ConfUtils.java:logGet(46)) - raft.server.log.log-metadata.enabled = true (default)
2025-04-23 14:36:57,772 [2f27ff4a-e7fd-448a-86d2-53e05ca0039d@group-96E6188AF822-LeaderElection10] INFO  server.RaftServerConfigKeys (ConfUtils.java:logGet(46)) - raft.server.write.element-limit = 1024 (custom)
2025-04-23 14:36:57,772 [2f27ff4a-e7fd-448a-86d2-53e05ca0039d@group-96E6188AF822-LeaderElection10] INFO  server.RaftServerConfigKeys (ConfUtils.java:logGet(46)) - raft.server.write.follower.gap.ratio.max = -1.0 (default)
2025-04-23 14:36:57,772 [2f27ff4a-e7fd-448a-86d2-53e05ca0039d@group-96E6188AF822-LeaderElection10] INFO  impl.RoleInfo (RoleInfo.java:updateAndGet(148)) - 2f27ff4a-e7fd-448a-86d2-53e05ca0039d: start 2f27ff4a-e7fd-448a-86d2-53e05ca0039d@group-96E6188AF822-LeaderStateImpl
2025-04-23 14:36:57,772 [2f27ff4a-e7fd-448a-86d2-53e05ca0039d@group-96E6188AF822-LeaderElection10] INFO  server.RaftServer$Division (RaftServerImpl.java:setFirstElection(562)) - 2f27ff4a-e7fd-448a-86d2-53e05ca0039d@group-96E6188AF822: set firstElectionSinceStartup to false for becomeLeader
2025-04-23 14:36:57,772 [2f27ff4a-e7fd-448a-86d2-53e05ca0039d@group-96E6188AF822-LeaderElection10] INFO  ratis.XceiverServerRatis (XceiverServerRatis.java:handleLeaderChangedNotification(942)) - Leader change notification received for group: group-96E6188AF822 with new leaderId: 2f27ff4a-e7fd-448a-86d2-53e05ca0039d
2025-04-23 14:36:57,773 [2f27ff4a-e7fd-448a-86d2-53e05ca0039d@group-96E6188AF822-LeaderElection10] INFO  server.RaftServer$Division (ServerState.java:setLeader(272)) - 2f27ff4a-e7fd-448a-86d2-53e05ca0039d@group-96E6188AF822: change Leader from null to 2f27ff4a-e7fd-448a-86d2-53e05ca0039d at term 1 for becomeLeader, leader elected after 1143ms
2025-04-23 14:36:57,774 [2f27ff4a-e7fd-448a-86d2-53e05ca0039d@group-96E6188AF822-LeaderElection10] INFO  segmented.SegmentedRaftLogWorker (SegmentedRaftLogWorker.java:startLogSegment(438)) - 2f27ff4a-e7fd-448a-86d2-53e05ca0039d@group-96E6188AF822-SegmentedRaftLogWorker: Starting segment from index:0
2025-04-23 14:36:57,774 [2f27ff4a-e7fd-448a-86d2-53e05ca0039d@group-96E6188AF822-LeaderElection10] INFO  server.RaftServer$Division (ServerState.java:setRaftConf(386)) - 2f27ff4a-e7fd-448a-86d2-53e05ca0039d@group-96E6188AF822: set configuration conf: {index: 0, cur=peers:[2f27ff4a-e7fd-448a-86d2-53e05ca0039d|127.0.0.1:15039]|listeners:[], old=null}
2025-04-23 14:36:57,774 [2f27ff4a-e7fd-448a-86d2-53e05ca0039d@group-96E6188AF822-SegmentedRaftLogWorker] INFO  segmented.BufferedWriteChannel (BufferedWriteChannel.java:open(61)) - open log_inprogress_0 at position 0
2025-04-23 14:36:57,783 [2f27ff4a-e7fd-448a-86d2-53e05ca0039d@group-96E6188AF822-SegmentedRaftLogWorker] INFO  segmented.SegmentedRaftLogWorker (SegmentedRaftLogWorker.java:execute(644)) - 2f27ff4a-e7fd-448a-86d2-53e05ca0039d@group-96E6188AF822-SegmentedRaftLogWorker: created new log segment /home/runner/work/ozone/ozone/hadoop-ozone/integration-test/target/test-dir/MiniOzoneClusterImpl-68853c07-42d2-4ef8-9e75-e3a852294e6a/ozone-meta/datanode-3/ratis/a2762648-95f5-47e7-8655-96e6188af822/current/log_inprogress_0
2025-04-23 14:36:57,785 [2f27ff4a-e7fd-448a-86d2-53e05ca0039d@group-96E6188AF822-StateMachineUpdater] INFO  server.RaftServer$Division (LeaderStateImpl.java:checkStartIndex(313)) - Leader 2f27ff4a-e7fd-448a-86d2-53e05ca0039d@group-96E6188AF822-LeaderStateImpl is ready since appliedIndex == startIndex == 0
2025-04-23 14:36:58,131 [main] INFO  ozone.MiniOzoneClusterImpl (MiniOzoneClusterImpl.java:lambda$waitForClusterToBeReady$0(190)) - Nodes are ready. Got 3 of 3 DN Heartbeats.
2025-04-23 14:36:58,131 [main] INFO  ozone.MiniOzoneClusterImpl (MiniOzoneClusterImpl.java:lambda$waitForClusterToBeReady$0(193)) - Cluster exits safe mode
2025-04-23 14:36:58,131 [main] INFO  ozone.MiniOzoneClusterImpl (MiniOzoneClusterImpl.java:lambda$waitForClusterToBeReady$0(195)) - SCM became leader
2025-04-23 14:36:58,499 [main] INFO  rpc.RpcClient (RpcClient.java:createVolume(462)) - Creating Volume: volume39b23888-47f5-4c7c-a817-ac8c2c919aad, with user52965 as owner and space quota set to -1 bytes, counts quota set to -1
2025-04-23 14:36:58,536 [omNode-2-OMStateMachineApplyTransactionThread - 0] WARN  helpers.OzoneAclUtil (OzoneAclUtil.java:getDefaultAclList(77)) - Failed to get primary group from user user52965 (auth:SIMPLE)
2025-04-23 14:36:58,536 [omNode-1-OMStateMachineApplyTransactionThread - 0] WARN  helpers.OzoneAclUtil (OzoneAclUtil.java:getDefaultAclList(77)) - Failed to get primary group from user user52965 (auth:SIMPLE)
2025-04-23 14:36:58,536 [omNode-3-OMStateMachineApplyTransactionThread - 0] WARN  helpers.OzoneAclUtil (OzoneAclUtil.java:getDefaultAclList(77)) - Failed to get primary group from user user52965 (auth:SIMPLE)
2025-04-23 14:36:58,537 [omNode-2-OMStateMachineApplyTransactionThread - 0] INFO  volume.OMVolumeCreateRequest (OMVolumeCreateRequest.java:validateAndUpdateCache(203)) - created volume:volume39b23888-47f5-4c7c-a817-ac8c2c919aad for user:user52965
2025-04-23 14:36:58,538 [omNode-1-OMStateMachineApplyTransactionThread - 0] INFO  volume.OMVolumeCreateRequest (OMVolumeCreateRequest.java:validateAndUpdateCache(203)) - created volume:volume39b23888-47f5-4c7c-a817-ac8c2c919aad for user:user52965
2025-04-23 14:36:58,537 [omNode-3-OMStateMachineApplyTransactionThread - 0] INFO  volume.OMVolumeCreateRequest (OMVolumeCreateRequest.java:validateAndUpdateCache(203)) - created volume:volume39b23888-47f5-4c7c-a817-ac8c2c919aad for user:user52965
2025-04-23 14:36:58,551 [main] INFO  rpc.RpcClient (RpcClient.java:createBucket(687)) - Creating Bucket: volume39b23888-47f5-4c7c-a817-ac8c2c919aad/0501714a-e8b6-4791-b0be-1fed5f7c5c65, with server-side default bucket layout, runner as owner, Versioning false, Storage Type set to DISK and Encryption set to false, Replication Type set to server-side default replication type, Namespace Quota set to -1, Space Quota set to -1 
2025-04-23 14:36:58,563 [omNode-1-OMStateMachineApplyTransactionThread - 0] INFO  bucket.OMBucketCreateRequest (OMBucketCreateRequest.java:validateAndUpdateCache(291)) - created bucket: 0501714a-e8b6-4791-b0be-1fed5f7c5c65 of layout OBJECT_STORE in volume: volume39b23888-47f5-4c7c-a817-ac8c2c919aad
2025-04-23 14:36:58,563 [omNode-3-OMStateMachineApplyTransactionThread - 0] INFO  bucket.OMBucketCreateRequest (OMBucketCreateRequest.java:validateAndUpdateCache(291)) - created bucket: 0501714a-e8b6-4791-b0be-1fed5f7c5c65 of layout OBJECT_STORE in volume: volume39b23888-47f5-4c7c-a817-ac8c2c919aad
2025-04-23 14:36:58,563 [omNode-2-OMStateMachineApplyTransactionThread - 0] INFO  bucket.OMBucketCreateRequest (OMBucketCreateRequest.java:validateAndUpdateCache(291)) - created bucket: 0501714a-e8b6-4791-b0be-1fed5f7c5c65 of layout OBJECT_STORE in volume: volume39b23888-47f5-4c7c-a817-ac8c2c919aad
2025-04-23 14:36:58,645 [IPC Server handler 3 on default port 15001] INFO  ha.SequenceIdGenerator (SequenceIdGenerator.java:getNextId(143)) - Allocate a batch for containerId, change lastId from 0 to 1000.
2025-04-23 14:36:58,655 [e5540f2e-ddef-4dd5-b4fb-d1f335f047d8@group-E3A852294E6A-StateMachineUpdater] WARN  ha.SequenceIdGenerator (SequenceIdGenerator.java:allocateBatch(256)) - Failed to allocate a batch for localId, expected lastId is 0, actual lastId is 115816896921600000.
2025-04-23 14:36:58,658 [IPC Server handler 3 on default port 15001] INFO  ha.SequenceIdGenerator (SequenceIdGenerator.java:getNextId(143)) - Allocate a batch for localId, change lastId from 115816896921600000 to 115816896921601000.
2025-04-23 14:36:58,692 [main] INFO  impl.MetricsSystemImpl (MetricsSystemImpl.java:init(158)) - XceiverClientMetrics metrics system started (again)
2025-04-23 14:36:59,174 [main] INFO  rpc.RpcClient (RpcClient.java:createVolume(462)) - Creating Volume: volumeb11e18f9-f0fe-4773-a8c1-4d03386a7c1c, with user02194 as owner and space quota set to -1 bytes, counts quota set to -1
2025-04-23 14:36:59,192 [omNode-1-OMStateMachineApplyTransactionThread - 0] WARN  helpers.OzoneAclUtil (OzoneAclUtil.java:getDefaultAclList(77)) - Failed to get primary group from user user02194 (auth:SIMPLE)
2025-04-23 14:36:59,192 [omNode-2-OMStateMachineApplyTransactionThread - 0] WARN  helpers.OzoneAclUtil (OzoneAclUtil.java:getDefaultAclList(77)) - Failed to get primary group from user user02194 (auth:SIMPLE)
2025-04-23 14:36:59,192 [omNode-3-OMStateMachineApplyTransactionThread - 0] WARN  helpers.OzoneAclUtil (OzoneAclUtil.java:getDefaultAclList(77)) - Failed to get primary group from user user02194 (auth:SIMPLE)
2025-04-23 14:36:59,192 [omNode-1-OMStateMachineApplyTransactionThread - 0] INFO  volume.OMVolumeCreateRequest (OMVolumeCreateRequest.java:validateAndUpdateCache(203)) - created volume:volumeb11e18f9-f0fe-4773-a8c1-4d03386a7c1c for user:user02194
2025-04-23 14:36:59,192 [omNode-3-OMStateMachineApplyTransactionThread - 0] INFO  volume.OMVolumeCreateRequest (OMVolumeCreateRequest.java:validateAndUpdateCache(203)) - created volume:volumeb11e18f9-f0fe-4773-a8c1-4d03386a7c1c for user:user02194
2025-04-23 14:36:59,192 [omNode-2-OMStateMachineApplyTransactionThread - 0] INFO  volume.OMVolumeCreateRequest (OMVolumeCreateRequest.java:validateAndUpdateCache(203)) - created volume:volumeb11e18f9-f0fe-4773-a8c1-4d03386a7c1c for user:user02194
2025-04-23 14:36:59,195 [main] INFO  rpc.RpcClient (RpcClient.java:createBucket(687)) - Creating Bucket: volumeb11e18f9-f0fe-4773-a8c1-4d03386a7c1c/d7c8300c-bea6-4c7f-8d95-5c0c44fc8b09, with server-side default bucket layout, runner as owner, Versioning false, Storage Type set to DISK and Encryption set to false, Replication Type set to server-side default replication type, Namespace Quota set to -1, Space Quota set to -1 
2025-04-23 14:36:59,200 [omNode-1-OMStateMachineApplyTransactionThread - 0] INFO  bucket.OMBucketCreateRequest (OMBucketCreateRequest.java:validateAndUpdateCache(291)) - created bucket: d7c8300c-bea6-4c7f-8d95-5c0c44fc8b09 of layout OBJECT_STORE in volume: volumeb11e18f9-f0fe-4773-a8c1-4d03386a7c1c
2025-04-23 14:36:59,202 [omNode-3-OMStateMachineApplyTransactionThread - 0] INFO  bucket.OMBucketCreateRequest (OMBucketCreateRequest.java:validateAndUpdateCache(291)) - created bucket: d7c8300c-bea6-4c7f-8d95-5c0c44fc8b09 of layout OBJECT_STORE in volume: volumeb11e18f9-f0fe-4773-a8c1-4d03386a7c1c
2025-04-23 14:36:59,203 [omNode-2-OMStateMachineApplyTransactionThread - 0] INFO  bucket.OMBucketCreateRequest (OMBucketCreateRequest.java:validateAndUpdateCache(291)) - created bucket: d7c8300c-bea6-4c7f-8d95-5c0c44fc8b09 of layout OBJECT_STORE in volume: volumeb11e18f9-f0fe-4773-a8c1-4d03386a7c1c
2025-04-23 14:36:59,211 [main] INFO  om.OzoneManager (OzoneManager.java:stop(2347)) - omNode-1[localhost:15006]: Stopping Ozone Manager
2025-04-23 14:36:59,211 [main] INFO  ipc.Server (Server.java:stop(3697)) - Stopping server on 15006
2025-04-23 14:36:59,217 [IPC Server listener on 15006] INFO  ipc.Server (Server.java:run(1585)) - Stopping IPC Server listener on 15006
2025-04-23 14:36:59,217 [IPC Server Responder] INFO  ipc.Server (Server.java:run(1718)) - Stopping IPC Server Responder
2025-04-23 14:36:59,218 [main] INFO  ratis.OzoneManagerRatisServer (OzoneManagerRatisServer.java:stop(634)) - Stopping org.apache.hadoop.ozone.om.ratis.OzoneManagerRatisServer@6dcfa481 at port 15009
2025-04-23 14:36:59,218 [main] INFO  server.RaftServer (RaftServerProxy.java:lambda$close$9(417)) - omNode-1: close
2025-04-23 14:36:59,218 [main] INFO  server.GrpcService (GrpcService.java:closeImpl(343)) - omNode-1: shutdown server GrpcServerProtocolService now
2025-04-23 14:36:59,218 [omNode-1-impl-thread1] INFO  server.RaftServer$Division (RaftServerImpl.java:lambda$close$1(513)) - omNode-1@group-523986131536: shutdown
2025-04-23 14:36:59,219 [omNode-1-impl-thread1] INFO  util.JmxRegister (JmxRegister.java:unregister(74)) - Successfully un-registered JMX Bean with object name Ratis:service=RaftServer,group=group-523986131536,id=omNode-1
2025-04-23 14:36:59,219 [omNode-1-impl-thread1] INFO  impl.RoleInfo (RoleInfo.java:shutdownLeaderState(103)) - omNode-1: shutdown omNode-1@group-523986131536-LeaderStateImpl
2025-04-23 14:36:59,220 [omNode-1-impl-thread1] INFO  impl.PendingRequests (PendingRequests.java:sendNotLeaderResponses(287)) - omNode-1@group-523986131536-PendingRequests: sendNotLeaderResponses
2025-04-23 14:36:59,220 [omNode-1@group-523986131536->omNode-3-GrpcLogAppender-LogAppenderDaemon] WARN  server.GrpcLogAppender (GrpcLogAppender.java:mayWait(293)) - omNode-1@group-523986131536->omNode-3-GrpcLogAppender: Wait interrupted by java.lang.InterruptedException
2025-04-23 14:36:59,221 [omNode-1@group-523986131536->omNode-2-GrpcLogAppender-LogAppenderDaemon] WARN  server.GrpcLogAppender (GrpcLogAppender.java:mayWait(293)) - omNode-1@group-523986131536->omNode-2-GrpcLogAppender: Wait interrupted by java.lang.InterruptedException
2025-04-23 14:36:59,222 [omNode-1-impl-thread1] INFO  impl.StateMachineUpdater (StateMachineUpdater.java:stopAndJoin(164)) - omNode-1@group-523986131536-StateMachineUpdater: set stopIndex = 20
2025-04-23 14:36:59,222 [grpc-default-executor-3] INFO  server.GrpcServerProtocolService (GrpcServerProtocolService.java:onCompleted(157)) - omNode-2: Completed APPEND_ENTRIES, lastRequest: omNode-1->omNode-2#60-t1,previous=(t:1, i:19),leaderCommit=19,initializing? false,entries: size=1, first=(t:1, i:20), METADATAENTRY(c:19)
2025-04-23 14:36:59,222 [grpc-default-executor-3] INFO  server.GrpcServerProtocolService (GrpcServerProtocolService.java:lambda$onCompleted$5(159)) - omNode-2: Completed APPEND_ENTRIES, lastReply: null
2025-04-23 14:36:59,223 [grpc-default-executor-0] INFO  server.GrpcServerProtocolService (GrpcServerProtocolService.java:onCompleted(157)) - omNode-3: Completed APPEND_ENTRIES, lastRequest: omNode-1->omNode-3#866-t1,previous=(t:1, i:19),leaderCommit=19,initializing? false,entries: size=1, first=(t:1, i:20), METADATAENTRY(c:19)
2025-04-23 14:36:59,223 [grpc-default-executor-0] INFO  server.GrpcServerProtocolService (GrpcServerProtocolService.java:lambda$onCompleted$5(159)) - omNode-3: Completed APPEND_ENTRIES, lastReply: null
2025-04-23 14:36:59,223 [grpc-default-executor-7] INFO  server.GrpcServerProtocolService (GrpcServerProtocolService.java:onCompleted(157)) - omNode-3: Completed APPEND_ENTRIES, lastRequest: null
2025-04-23 14:36:59,224 [grpc-default-executor-6] INFO  server.GrpcServerProtocolService (GrpcServerProtocolService.java:onCompleted(157)) - omNode-2: Completed APPEND_ENTRIES, lastRequest: null
2025-04-23 14:36:59,224 [Thread-765] INFO  server.GrpcServerProtocolClient (GrpcServerProtocolClient.java:close(105)) - omNode-3 Close channels
2025-04-23 14:36:59,225 [Thread-767] INFO  server.GrpcServerProtocolClient (GrpcServerProtocolClient.java:close(105)) - omNode-2 Close channels
2025-04-23 14:36:59,225 [grpc-default-executor-2] INFO  server.GrpcLogAppender (GrpcLogAppender.java:onCompleted(550)) - omNode-1@group-523986131536->omNode-2-AppendLogResponseHandler: follower responses appendEntries COMPLETED
2025-04-23 14:36:59,225 [grpc-default-executor-4] INFO  server.GrpcLogAppender (GrpcLogAppender.java:onCompleted(550)) - omNode-1@group-523986131536->omNode-3-AppendLogResponseHandler: follower responses appendEntries COMPLETED
2025-04-23 14:36:59,226 [grpc-default-executor-4] WARN  server.GrpcLogAppender (GrpcLogAppender.java:resetClient(230)) - omNode-1@group-523986131536->omNode-3-GrpcLogAppender: Failed to getClient for omNode-3
org.apache.ratis.protocol.exceptions.AlreadyClosedException: omNode-1 is already CLOSED
	at org.apache.ratis.util.PeerProxyMap$PeerAndProxy.getProxy(PeerProxyMap.java:67)
	at org.apache.ratis.util.PeerProxyMap.getProxy(PeerProxyMap.java:124)
	at org.apache.ratis.grpc.server.GrpcLogAppender.getClient(GrpcLogAppender.java:200)
	at org.apache.ratis.grpc.server.GrpcLogAppender.resetClient(GrpcLogAppender.java:205)
	at org.apache.ratis.grpc.server.GrpcLogAppender.access$800(GrpcLogAppender.java:64)
	at org.apache.ratis.grpc.server.GrpcLogAppender$AppendLogResponseHandler.onCompleted(GrpcLogAppender.java:551)
	at org.apache.ratis.thirdparty.io.grpc.stub.ClientCalls$StreamObserverToCallListenerAdapter.onClose(ClientCalls.java:479)
	at org.apache.ratis.thirdparty.io.grpc.internal.ClientCallImpl.closeObserver(ClientCallImpl.java:567)
	at org.apache.ratis.thirdparty.io.grpc.internal.ClientCallImpl.access$300(ClientCallImpl.java:71)
	at org.apache.ratis.thirdparty.io.grpc.internal.ClientCallImpl$ClientStreamListenerImpl$1StreamClosed.runInternal(ClientCallImpl.java:735)
	at org.apache.ratis.thirdparty.io.grpc.internal.ClientCallImpl$ClientStreamListenerImpl$1StreamClosed.runInContext(ClientCallImpl.java:716)
	at org.apache.ratis.thirdparty.io.grpc.internal.ContextRunnable.run(ContextRunnable.java:37)
	at org.apache.ratis.thirdparty.io.grpc.internal.SerializingExecutor.run(SerializingExecutor.java:133)
	at java.base/java.util.concurrent.ThreadPoolExecutor.runWorker(ThreadPoolExecutor.java:1144)
	at java.base/java.util.concurrent.ThreadPoolExecutor$Worker.run(ThreadPoolExecutor.java:642)
	at java.base/java.lang.Thread.run(Thread.java:1583)
2025-04-23 14:36:59,226 [grpc-default-executor-2] WARN  server.GrpcLogAppender (GrpcLogAppender.java:resetClient(230)) - omNode-1@group-523986131536->omNode-2-GrpcLogAppender: Failed to getClient for omNode-2
org.apache.ratis.protocol.exceptions.AlreadyClosedException: omNode-1 is already CLOSED
	at org.apache.ratis.util.PeerProxyMap$PeerAndProxy.getProxy(PeerProxyMap.java:67)
	at org.apache.ratis.util.PeerProxyMap.getProxy(PeerProxyMap.java:124)
	at org.apache.ratis.grpc.server.GrpcLogAppender.getClient(GrpcLogAppender.java:200)
	at org.apache.ratis.grpc.server.GrpcLogAppender.resetClient(GrpcLogAppender.java:205)
	at org.apache.ratis.grpc.server.GrpcLogAppender.access$800(GrpcLogAppender.java:64)
	at org.apache.ratis.grpc.server.GrpcLogAppender$AppendLogResponseHandler.onCompleted(GrpcLogAppender.java:551)
	at org.apache.ratis.thirdparty.io.grpc.stub.ClientCalls$StreamObserverToCallListenerAdapter.onClose(ClientCalls.java:479)
	at org.apache.ratis.thirdparty.io.grpc.internal.ClientCallImpl.closeObserver(ClientCallImpl.java:567)
	at org.apache.ratis.thirdparty.io.grpc.internal.ClientCallImpl.access$300(ClientCallImpl.java:71)
	at org.apache.ratis.thirdparty.io.grpc.internal.ClientCallImpl$ClientStreamListenerImpl$1StreamClosed.runInternal(ClientCallImpl.java:735)
	at org.apache.ratis.thirdparty.io.grpc.internal.ClientCallImpl$ClientStreamListenerImpl$1StreamClosed.runInContext(ClientCallImpl.java:716)
	at org.apache.ratis.thirdparty.io.grpc.internal.ContextRunnable.run(ContextRunnable.java:37)
	at org.apache.ratis.thirdparty.io.grpc.internal.SerializingExecutor.run(SerializingExecutor.java:133)
	at java.base/java.util.concurrent.ThreadPoolExecutor.runWorker(ThreadPoolExecutor.java:1144)
	at java.base/java.util.concurrent.ThreadPoolExecutor$Worker.run(ThreadPoolExecutor.java:642)
	at java.base/java.lang.Thread.run(Thread.java:1583)
2025-04-23 14:36:59,237 [grpc-default-executor-6] INFO  server.GrpcServerProtocolService (GrpcServerProtocolService.java:lambda$onCompleted$5(159)) - omNode-2: Completed APPEND_ENTRIES, lastReply: serverReply {
  requestorId: "omNode-1"
  replyId: "omNode-2"
  raftGroupId {
    id: "\311\274L\364;\303<`\246kR9\206\023\0256"
  }
  callId: 16
  success: true
}
term: 1
nextIndex: 1
matchIndex: 18446744073709551615
isHearbeat: true

2025-04-23 14:36:59,237 [grpc-default-executor-7] INFO  server.GrpcServerProtocolService (GrpcServerProtocolService.java:lambda$onCompleted$5(159)) - omNode-3: Completed APPEND_ENTRIES, lastReply: serverReply {
  requestorId: "omNode-1"
  replyId: "omNode-3"
  raftGroupId {
    id: "\311\274L\364;\303<`\246kR9\206\023\0256"
  }
  callId: 825
  success: true
}
term: 1
nextIndex: 1
matchIndex: 18446744073709551615
isHearbeat: true

2025-04-23 14:36:59,239 [grpc-default-executor-7] INFO  server.GrpcLogAppender (GrpcLogAppender.java:onCompleted(550)) - omNode-1@group-523986131536->omNode-2-AppendLogResponseHandler: follower responses appendEntries COMPLETED
2025-04-23 14:36:59,240 [grpc-default-executor-7] WARN  server.GrpcLogAppender (GrpcLogAppender.java:resetClient(230)) - omNode-1@group-523986131536->omNode-2-GrpcLogAppender: Failed to getClient for omNode-2
org.apache.ratis.protocol.exceptions.AlreadyClosedException: omNode-1 is already CLOSED
	at org.apache.ratis.util.PeerProxyMap$PeerAndProxy.getProxy(PeerProxyMap.java:67)
	at org.apache.ratis.util.PeerProxyMap.getProxy(PeerProxyMap.java:124)
	at org.apache.ratis.grpc.server.GrpcLogAppender.getClient(GrpcLogAppender.java:200)
	at org.apache.ratis.grpc.server.GrpcLogAppender.resetClient(GrpcLogAppender.java:205)
	at org.apache.ratis.grpc.server.GrpcLogAppender.access$800(GrpcLogAppender.java:64)
	at org.apache.ratis.grpc.server.GrpcLogAppender$AppendLogResponseHandler.onCompleted(GrpcLogAppender.java:551)
	at org.apache.ratis.thirdparty.io.grpc.stub.ClientCalls$StreamObserverToCallListenerAdapter.onClose(ClientCalls.java:479)
	at org.apache.ratis.thirdparty.io.grpc.internal.DelayedClientCall$DelayedListener$3.run(DelayedClientCall.java:489)
	at org.apache.ratis.thirdparty.io.grpc.internal.DelayedClientCall$DelayedListener.delayOrExecute(DelayedClientCall.java:453)
	at org.apache.ratis.thirdparty.io.grpc.internal.DelayedClientCall$DelayedListener.onClose(DelayedClientCall.java:486)
	at org.apache.ratis.thirdparty.io.grpc.internal.ClientCallImpl.closeObserver(ClientCallImpl.java:567)
	at org.apache.ratis.thirdparty.io.grpc.internal.ClientCallImpl.access$300(ClientCallImpl.java:71)
	at org.apache.ratis.thirdparty.io.grpc.internal.ClientCallImpl$ClientStreamListenerImpl$1StreamClosed.runInternal(ClientCallImpl.java:735)
	at org.apache.ratis.thirdparty.io.grpc.internal.ClientCallImpl$ClientStreamListenerImpl$1StreamClosed.runInContext(ClientCallImpl.java:716)
	at org.apache.ratis.thirdparty.io.grpc.internal.ContextRunnable.run(ContextRunnable.java:37)
	at org.apache.ratis.thirdparty.io.grpc.internal.SerializingExecutor.run(SerializingExecutor.java:133)
	at java.base/java.util.concurrent.ThreadPoolExecutor.runWorker(ThreadPoolExecutor.java:1144)
	at java.base/java.util.concurrent.ThreadPoolExecutor$Worker.run(ThreadPoolExecutor.java:642)
	at java.base/java.lang.Thread.run(Thread.java:1583)
2025-04-23 14:36:59,240 [main] INFO  server.GrpcService (GrpcService.java:closeImpl(352)) - omNode-1: shutdown server GrpcServerProtocolService successfully
2025-04-23 14:36:59,242 [grpc-default-executor-6] INFO  server.GrpcLogAppender (GrpcLogAppender.java:onCompleted(550)) - omNode-1@group-523986131536->omNode-3-AppendLogResponseHandler: follower responses appendEntries COMPLETED
2025-04-23 14:36:59,242 [grpc-default-executor-6] WARN  server.GrpcLogAppender (GrpcLogAppender.java:resetClient(230)) - omNode-1@group-523986131536->omNode-3-GrpcLogAppender: Failed to getClient for omNode-3
org.apache.ratis.protocol.exceptions.AlreadyClosedException: omNode-1 is already CLOSED
	at org.apache.ratis.util.PeerProxyMap$PeerAndProxy.getProxy(PeerProxyMap.java:67)
	at org.apache.ratis.util.PeerProxyMap.getProxy(PeerProxyMap.java:124)
	at org.apache.ratis.grpc.server.GrpcLogAppender.getClient(GrpcLogAppender.java:200)
	at org.apache.ratis.grpc.server.GrpcLogAppender.resetClient(GrpcLogAppender.java:205)
	at org.apache.ratis.grpc.server.GrpcLogAppender.access$800(GrpcLogAppender.java:64)
	at org.apache.ratis.grpc.server.GrpcLogAppender$AppendLogResponseHandler.onCompleted(GrpcLogAppender.java:551)
	at org.apache.ratis.thirdparty.io.grpc.stub.ClientCalls$StreamObserverToCallListenerAdapter.onClose(ClientCalls.java:479)
	at org.apache.ratis.thirdparty.io.grpc.internal.ClientCallImpl.closeObserver(ClientCallImpl.java:567)
	at org.apache.ratis.thirdparty.io.grpc.internal.ClientCallImpl.access$300(ClientCallImpl.java:71)
	at org.apache.ratis.thirdparty.io.grpc.internal.ClientCallImpl$ClientStreamListenerImpl$1StreamClosed.runInternal(ClientCallImpl.java:735)
	at org.apache.ratis.thirdparty.io.grpc.internal.ClientCallImpl$ClientStreamListenerImpl$1StreamClosed.runInContext(ClientCallImpl.java:716)
	at org.apache.ratis.thirdparty.io.grpc.internal.ContextRunnable.run(ContextRunnable.java:37)
	at org.apache.ratis.thirdparty.io.grpc.internal.SerializingExecutor.run(SerializingExecutor.java:133)
	at java.base/java.util.concurrent.ThreadPoolExecutor.runWorker(ThreadPoolExecutor.java:1144)
	at java.base/java.util.concurrent.ThreadPoolExecutor$Worker.run(ThreadPoolExecutor.java:642)
	at java.base/java.lang.Thread.run(Thread.java:1583)
2025-04-23 14:36:59,257 [omNode-1@group-523986131536-StateMachineUpdater] INFO  ratis.OzoneManagerStateMachine (OzoneManagerStateMachine.java:takeSnapshotImpl(510)) - omNode-1: taking snapshot. applied = (t:1, i:20), skipped = 19, notified = (t:1, i:20), current snapshot index = (t:1, i:20), took 35 ms
2025-04-23 14:36:59,258 [omNode-1@group-523986131536-StateMachineUpdater] INFO  impl.StateMachineUpdater (StateMachineUpdater.java:takeSnapshot(303)) - omNode-1@group-523986131536-StateMachineUpdater: Took a snapshot at index 20
2025-04-23 14:36:59,258 [omNode-1@group-523986131536-StateMachineUpdater] INFO  impl.StateMachineUpdater (StateMachineUpdater.java:lambda$new$0(102)) - omNode-1@group-523986131536-StateMachineUpdater: snapshotIndex: updateIncreasingly -1 -> 20
2025-04-23 14:36:59,258 [omNode-1@group-523986131536-StateMachineUpdater] INFO  impl.StateMachineUpdater (StateMachineUpdater.java:stop(141)) - omNode-1@group-523986131536-StateMachineUpdater: closing OzoneManagerStateMachine, lastApplied=(t:1, i:20)
2025-04-23 14:36:59,258 [omNode-1@group-523986131536-StateMachineUpdater] INFO  ratis.OzoneManagerStateMachine (OzoneManagerStateMachine.java:close(550)) - Stopping OzoneManagerStateMachine:omNode-1:group-523986131536.
2025-04-23 14:36:59,258 [omNode-1@group-523986131536-StateMachineUpdater] INFO  ratis.OzoneManagerDoubleBuffer (OzoneManagerDoubleBuffer.java:stopDaemon(500)) - Stopping OMDoubleBuffer flush thread
2025-04-23 14:36:59,258 [omNode-1-OMDoubleBufferFlushThread] INFO  ratis.OzoneManagerDoubleBuffer (OzoneManagerDoubleBuffer.java:canFlush(559)) - OMDoubleBuffer flush thread omNode-1-OMDoubleBufferFlushThread is interrupted and will exit.
2025-04-23 14:36:59,260 [omNode-1@group-523986131536-cacheEviction-AwaitToRun] INFO  util.AwaitToRun (AwaitToRun.java:run(49)) - omNode-1@group-523986131536-cacheEviction-AwaitToRun-AwaitForSignal is interrupted
2025-04-23 14:37:00,210 [omNode-1-impl-thread1] INFO  segmented.SegmentedRaftLogWorker (SegmentedRaftLogWorker.java:close(252)) - omNode-1@group-523986131536-SegmentedRaftLogWorker close()
2025-04-23 14:37:00,211 [JvmPauseMonitor2] INFO  util.JvmPauseMonitor (JvmPauseMonitor.java:run(152)) - JvmPauseMonitor-omNode-1: Stopped
2025-04-23 14:37:00,211 [main] INFO  utils.BackgroundService (BackgroundService.java:shutdown(161)) - Shutting down service KeyDeletingService
2025-04-23 14:37:00,212 [main] INFO  utils.BackgroundService (BackgroundService.java:shutdown(161)) - Shutting down service DirectoryDeletingService
2025-04-23 14:37:00,213 [main] INFO  utils.BackgroundService (BackgroundService.java:shutdown(161)) - Shutting down service OpenKeyCleanupService
2025-04-23 14:37:00,213 [main] INFO  utils.BackgroundService (BackgroundService.java:shutdown(161)) - Shutting down service SstFilteringService
2025-04-23 14:37:00,214 [main] INFO  utils.BackgroundService (BackgroundService.java:shutdown(161)) - Shutting down service SnapshotDeletingService
2025-04-23 14:37:00,214 [main] INFO  utils.BackgroundService (BackgroundService.java:shutdown(161)) - Shutting down service MultipartUploadCleanupService
2025-04-23 14:37:00,216 [main] INFO  handler.ContextHandler (ContextHandler.java:doStop(1159)) - Stopped o.e.j.w.WebAppContext@cd19d0a{ozoneManager,/,null,STOPPED}{file:/home/runner/work/ozone/ozone/hadoop-ozone/integration-test/target/test-classes/webapps/ozoneManager}
2025-04-23 14:37:00,218 [main] INFO  server.AbstractConnector (AbstractConnector.java:doStop(383)) - Stopped ServerConnector@14fed6c7{HTTP/1.1, (http/1.1)}{0.0.0.0:15007}
2025-04-23 14:37:00,218 [main] INFO  server.session (HouseKeeper.java:stopScavenging(149)) - node0 Stopped scavenging
2025-04-23 14:37:00,218 [main] INFO  handler.ContextHandler (ContextHandler.java:doStop(1159)) - Stopped o.e.j.s.ServletContextHandler@33d102c9{static,/static,file:///home/runner/work/ozone/ozone/hadoop-ozone/integration-test/target/test-classes/webapps/static,STOPPED}
2025-04-23 14:37:00,219 [main] INFO  handler.ContextHandler (ContextHandler.java:doStop(1159)) - Stopped o.e.j.s.ServletContextHandler@34c10504{logs,/logs,file:///home/runner/work/ozone/ozone/hadoop-ozone/integration-test/target/log,STOPPED}
2025-04-23 14:37:00,220 [main] INFO  rocksdiff.RocksDBCheckpointDiffer (RocksDBCheckpointDiffer.java:close(304)) - Shutting down CompactionDagPruningService.
2025-04-23 14:37:00,223 [main] INFO  snapshot.SnapshotDiffManager (SnapshotDiffManager.java:closeExecutorService(1698)) - Shutting down executorService: 'SnapDiffExecutor'
2025-04-23 14:37:00,224 [main] INFO  utils.BackgroundService (BackgroundService.java:shutdown(161)) - Shutting down service SnapshotDiffCleanupService
2025-04-23 14:37:00,697 [omNode-2@group-523986131536-FollowerState] INFO  impl.FollowerState (FollowerState.java:runImpl(161)) - omNode-2@group-523986131536-FollowerState: change to CANDIDATE, lastRpcElapsedTime:1484747082ns, electionTimeout:1189ms
2025-04-23 14:37:00,698 [omNode-2@group-523986131536-FollowerState] INFO  impl.RoleInfo (RoleInfo.java:shutdownFollowerState(121)) - omNode-2: shutdown omNode-2@group-523986131536-FollowerState
2025-04-23 14:37:00,698 [omNode-2@group-523986131536-FollowerState] INFO  server.RaftServer$Division (RaftServerImpl.java:setRole(378)) - omNode-2@group-523986131536: changes role from  FOLLOWER to CANDIDATE at term 1 for changeToCandidate
2025-04-23 14:37:00,698 [omNode-2@group-523986131536-FollowerState] INFO  server.RaftServerConfigKeys (ConfUtils.java:logGet(46)) - raft.server.leaderelection.pre-vote = true (default)
2025-04-23 14:37:00,698 [omNode-2@group-523986131536-FollowerState] INFO  impl.RoleInfo (RoleInfo.java:updateAndGet(148)) - omNode-2: start omNode-2@group-523986131536-LeaderElection11
2025-04-23 14:37:00,698 [omNode-2@group-523986131536-LeaderElection11] INFO  server.RaftServer$Division (ServerState.java:setLeader(272)) - omNode-2@group-523986131536: change Leader from omNode-1 to null at term 1 for PRE_VOTE
2025-04-23 14:37:00,699 [omNode-2@group-523986131536-LeaderElection11] INFO  impl.LeaderElection (LeaderElection.java:askForVotes(332)) - omNode-2@group-523986131536-LeaderElection11 PRE_VOTE round 0: submit vote requests at term 1 for conf: {index: 0, cur=peers:[omNode-3|localhost:15017, omNode-1|localhost:15009, omNode-2|localhost:15013]|listeners:[], old=null}
2025-04-23 14:37:00,699 [omNode-2@group-523986131536-LeaderElection11-1] INFO  server.GrpcServerProtocolClient (GrpcServerProtocolClient.java:<init>(65)) - Build channel for omNode-3|localhost:15017
2025-04-23 14:37:00,699 [omNode-2@group-523986131536-LeaderElection11-2] INFO  server.GrpcServerProtocolClient (GrpcServerProtocolClient.java:<init>(65)) - Build channel for omNode-1|localhost:15009
2025-04-23 14:37:00,702 [omNode-2@group-523986131536-LeaderElection11] INFO  impl.LeaderElection (LogUtils.java:infoOrTrace(136)) - omNode-2@group-523986131536-LeaderElection11 got exception when requesting votes: java.util.concurrent.ExecutionException: org.apache.ratis.thirdparty.io.grpc.StatusRuntimeException: UNAVAILABLE: io exception
2025-04-23 14:37:00,704 [grpc-default-executor-6] INFO  server.RaftServer$Division (RaftServerImpl.java:requestVote(1407)) - omNode-3@group-523986131536: receive requestVote(PRE_VOTE, omNode-2, group-523986131536, 1, (t:1, i:20))
2025-04-23 14:37:00,704 [grpc-default-executor-6] INFO  impl.VoteContext (VoteContext.java:log(49)) - omNode-3@group-523986131536-FOLLOWER: accept PRE_VOTE from omNode-2: our priority 0 <= candidate's priority 0
2025-04-23 14:37:00,704 [grpc-default-executor-6] INFO  server.RaftServer$Division (RaftServerImpl.java:requestVote(1441)) - omNode-3@group-523986131536 replies to PRE_VOTE vote request: omNode-2<-omNode-3#0:OK-t1. Peer's state: omNode-3@group-523986131536:t1, leader=omNode-1, voted=null, raftlog=Memoized:omNode-3@group-523986131536-SegmentedRaftLog:OPENED:c19:last(t:1, i:20), conf=conf: {index: 0, cur=peers:[omNode-3|localhost:15017, omNode-1|localhost:15009, omNode-2|localhost:15013]|listeners:[], old=null}
2025-04-23 14:37:00,705 [omNode-2@group-523986131536-LeaderElection11] INFO  impl.LeaderElection (LeaderElection.java:logAndReturn(90)) - omNode-2@group-523986131536-LeaderElection11: PRE_VOTE PASSED received 1 response(s) and 1 exception(s):
2025-04-23 14:37:00,705 [omNode-2@group-523986131536-LeaderElection11] INFO  impl.LeaderElection (LeaderElection.java:logAndReturn(94)) -   Response 0: omNode-2<-omNode-3#0:OK-t1
2025-04-23 14:37:00,705 [omNode-2@group-523986131536-LeaderElection11] INFO  impl.LeaderElection (LogUtils.java:infoOrTrace(136)) -   Exception 1: java.util.concurrent.ExecutionException: org.apache.ratis.thirdparty.io.grpc.StatusRuntimeException: UNAVAILABLE: io exception
2025-04-23 14:37:00,706 [omNode-2@group-523986131536-LeaderElection11] INFO  impl.LeaderElection (LeaderElection.java:askForVotes(334)) - omNode-2@group-523986131536-LeaderElection11 PRE_VOTE round 0: result PASSED
2025-04-23 14:37:00,707 [omNode-2@group-523986131536-LeaderElection11] INFO  impl.LeaderElection (LeaderElection.java:askForVotes(332)) - omNode-2@group-523986131536-LeaderElection11 ELECTION round 0: submit vote requests at term 2 for conf: {index: 0, cur=peers:[omNode-3|localhost:15017, omNode-1|localhost:15009, omNode-2|localhost:15013]|listeners:[], old=null}
2025-04-23 14:37:00,708 [omNode-2@group-523986131536-LeaderElection11] INFO  impl.LeaderElection (LogUtils.java:infoOrTrace(136)) - omNode-2@group-523986131536-LeaderElection11 got exception when requesting votes: java.util.concurrent.ExecutionException: org.apache.ratis.thirdparty.io.grpc.StatusRuntimeException: UNAVAILABLE: io exception
2025-04-23 14:37:00,709 [grpc-default-executor-6] INFO  server.RaftServer$Division (RaftServerImpl.java:requestVote(1407)) - omNode-3@group-523986131536: receive requestVote(ELECTION, omNode-2, group-523986131536, 2, (t:1, i:20))
2025-04-23 14:37:00,709 [grpc-default-executor-6] INFO  impl.VoteContext (VoteContext.java:log(49)) - omNode-3@group-523986131536-FOLLOWER: accept ELECTION from omNode-2: our priority 0 <= candidate's priority 0
2025-04-23 14:37:00,709 [grpc-default-executor-6] INFO  server.RaftServer$Division (RaftServerImpl.java:setRole(378)) - omNode-3@group-523986131536: changes role from  FOLLOWER to FOLLOWER at term 1 for candidate:omNode-2
2025-04-23 14:37:00,709 [grpc-default-executor-6] INFO  impl.RoleInfo (RoleInfo.java:shutdownFollowerState(121)) - omNode-3: shutdown omNode-3@group-523986131536-FollowerState
2025-04-23 14:37:00,709 [grpc-default-executor-6] INFO  server.RaftServer$Division (ServerState.java:setLeader(272)) - omNode-3@group-523986131536: change Leader from omNode-1 to null at term 2 for updateCurrentTerm
2025-04-23 14:37:00,709 [omNode-3@group-523986131536-FollowerState] INFO  impl.FollowerState (FollowerState.java:runImpl(170)) - omNode-3@group-523986131536-FollowerState was interrupted
2025-04-23 14:37:00,709 [grpc-default-executor-6] INFO  impl.RoleInfo (RoleInfo.java:updateAndGet(148)) - omNode-3: start omNode-3@group-523986131536-FollowerState
2025-04-23 14:37:00,710 [grpc-default-executor-6] INFO  server.RaftServer$Division (RaftServerImpl.java:requestVote(1441)) - omNode-3@group-523986131536 replies to ELECTION vote request: omNode-2<-omNode-3#0:OK-t2. Peer's state: omNode-3@group-523986131536:t2, leader=null, voted=omNode-2, raftlog=Memoized:omNode-3@group-523986131536-SegmentedRaftLog:OPENED:c19:last(t:1, i:20), conf=conf: {index: 0, cur=peers:[omNode-3|localhost:15017, omNode-1|localhost:15009, omNode-2|localhost:15013]|listeners:[], old=null}
2025-04-23 14:37:00,711 [omNode-2@group-523986131536-LeaderElection11] INFO  impl.LeaderElection (LeaderElection.java:logAndReturn(90)) - omNode-2@group-523986131536-LeaderElection11: ELECTION PASSED received 1 response(s) and 1 exception(s):
2025-04-23 14:37:00,711 [omNode-2@group-523986131536-LeaderElection11] INFO  impl.LeaderElection (LeaderElection.java:logAndReturn(94)) -   Response 0: omNode-2<-omNode-3#0:OK-t2
2025-04-23 14:37:00,711 [omNode-2@group-523986131536-LeaderElection11] INFO  impl.LeaderElection (LogUtils.java:infoOrTrace(136)) -   Exception 1: java.util.concurrent.ExecutionException: org.apache.ratis.thirdparty.io.grpc.StatusRuntimeException: UNAVAILABLE: io exception
2025-04-23 14:37:00,711 [omNode-2@group-523986131536-LeaderElection11] INFO  impl.LeaderElection (LeaderElection.java:askForVotes(334)) - omNode-2@group-523986131536-LeaderElection11 ELECTION round 0: result PASSED
2025-04-23 14:37:00,711 [omNode-2@group-523986131536-LeaderElection11] INFO  impl.RoleInfo (RoleInfo.java:shutdownLeaderElection(141)) - omNode-2: shutdown omNode-2@group-523986131536-LeaderElection11
2025-04-23 14:37:00,711 [omNode-2@group-523986131536-LeaderElection11] INFO  server.RaftServer$Division (RaftServerImpl.java:setRole(378)) - omNode-2@group-523986131536: changes role from CANDIDATE to LEADER at term 2 for changeToLeader
2025-04-23 14:37:00,711 [omNode-2@group-523986131536-LeaderElection11] INFO  server.RaftServerConfigKeys (ConfUtils.java:logGet(46)) - raft.server.staging.catchup.gap = 1000 (default)
2025-04-23 14:37:00,712 [omNode-2@group-523986131536-LeaderElection11] INFO  server.RaftServerConfigKeys (ConfUtils.java:logGet(46)) - raft.server.write.element-limit = 4096 (default)
2025-04-23 14:37:00,712 [omNode-2@group-523986131536-LeaderElection11] INFO  server.RaftServerConfigKeys (ConfUtils.java:logGet(46)) - raft.server.write.byte-limit = 64MB (=67108864) (default)
2025-04-23 14:37:00,712 [omNode-2@group-523986131536-LeaderElection11] INFO  server.RaftServerConfigKeys (ConfUtils.java:logGet(46)) - raft.server.watch.timeout = 10s (default)
2025-04-23 14:37:00,712 [omNode-2@group-523986131536-LeaderElection11] INFO  server.RaftServerConfigKeys (ConfUtils.java:logGet(46)) - raft.server.watch.timeout.denomination = 1s (default)
2025-04-23 14:37:00,712 [omNode-2@group-523986131536-LeaderElection11] INFO  server.RaftServerConfigKeys (ConfUtils.java:logGet(46)) - raft.server.watch.element-limit = 65536 (default)
2025-04-23 14:37:00,713 [omNode-2@group-523986131536-LeaderElection11] INFO  server.RaftServerConfigKeys (ConfUtils.java:logGet(46)) - raft.server.read.leader.lease.enabled = false (default)
2025-04-23 14:37:00,713 [omNode-2@group-523986131536-LeaderElection11] INFO  server.RaftServerConfigKeys (ConfUtils.java:logGet(46)) - raft.server.read.leader.lease.timeout.ratio = 0.9 (default)
2025-04-23 14:37:00,713 [omNode-2@group-523986131536-LeaderElection11] INFO  server.RaftServerConfigKeys (ConfUtils.java:logGet(46)) - raft.server.rpc.timeout.min = 1s (custom)
2025-04-23 14:37:00,713 [omNode-2@group-523986131536-LeaderElection11] INFO  server.RaftServerConfigKeys (ConfUtils.java:logGet(46)) - raft.server.log.log-metadata.enabled = true (default)
2025-04-23 14:37:00,713 [omNode-2@group-523986131536-LeaderElection11] INFO  server.RaftServerConfigKeys (ConfUtils.java:logGet(46)) - raft.server.write.element-limit = 4096 (default)
2025-04-23 14:37:00,713 [omNode-2@group-523986131536-LeaderElection11] INFO  server.RaftServerConfigKeys (ConfUtils.java:logGet(46)) - raft.server.write.follower.gap.ratio.max = -1.0 (default)
2025-04-23 14:37:00,714 [omNode-2@group-523986131536-LeaderElection11] INFO  server.RaftServerConfigKeys (ConfUtils.java:logGet(46)) - raft.server.log.appender.snapshot.chunk.size.max = 16MB (=16777216) (default)
2025-04-23 14:37:00,714 [omNode-2@group-523986131536-LeaderElection11] INFO  server.RaftServerConfigKeys (ConfUtils.java:logGet(46)) - raft.server.log.appender.buffer.byte-limit = 4194304 (custom)
2025-04-23 14:37:00,714 [omNode-2@group-523986131536-LeaderElection11] INFO  server.RaftServerConfigKeys (ConfUtils.java:logGet(46)) - raft.server.log.appender.buffer.element-limit = 1024 (custom)
2025-04-23 14:37:00,714 [omNode-2@group-523986131536-LeaderElection11] INFO  server.RaftServerConfigKeys (ConfUtils.java:logGet(46)) - raft.server.log.appender.wait-time.min = 0ms (custom)
2025-04-23 14:37:00,714 [omNode-2@group-523986131536-LeaderElection11] INFO  grpc.GrpcConfigKeys (ConfUtils.java:logGet(46)) - raft.grpc.server.leader.outstanding.appends.max = 8 (default)
2025-04-23 14:37:00,714 [omNode-2@group-523986131536-LeaderElection11] INFO  server.RaftServerConfigKeys (ConfUtils.java:logGet(46)) - raft.server.rpc.request.timeout = 3000ms (default)
2025-04-23 14:37:00,714 [omNode-2@group-523986131536-LeaderElection11] INFO  grpc.GrpcConfigKeys (ConfUtils.java:logGet(46)) - raft.grpc.server.install_snapshot.request.element-limit = 8 (default)
2025-04-23 14:37:00,714 [omNode-2@group-523986131536-LeaderElection11] INFO  grpc.GrpcConfigKeys (ConfUtils.java:logGet(46)) - raft.grpc.server.install_snapshot.request.timeout = 3000ms (default)
2025-04-23 14:37:00,714 [omNode-2@group-523986131536-LeaderElection11] INFO  grpc.GrpcConfigKeys (ConfUtils.java:logGet(46)) - raft.grpc.server.log-message.batch.duration = 5s (default)
2025-04-23 14:37:00,714 [omNode-2@group-523986131536-LeaderElection11] INFO  server.RaftServerConfigKeys (ConfUtils.java:logGet(46)) - raft.server.log.appender.install.snapshot.enabled = false (custom)
2025-04-23 14:37:00,714 [omNode-2@group-523986131536-LeaderElection11] INFO  grpc.GrpcConfigKeys (ConfUtils.java:logGet(46)) - raft.grpc.server.heartbeat.channel = true (default)
2025-04-23 14:37:00,715 [omNode-2@group-523986131536-LeaderElection11] INFO  server.RaftServerConfigKeys (ConfUtils.java:logGet(46)) - raft.server.log.appender.snapshot.chunk.size.max = 16MB (=16777216) (default)
2025-04-23 14:37:00,715 [omNode-2@group-523986131536-LeaderElection11] INFO  server.RaftServerConfigKeys (ConfUtils.java:logGet(46)) - raft.server.log.appender.buffer.byte-limit = 4194304 (custom)
2025-04-23 14:37:00,715 [omNode-2@group-523986131536-LeaderElection11] INFO  server.RaftServerConfigKeys (ConfUtils.java:logGet(46)) - raft.server.log.appender.buffer.element-limit = 1024 (custom)
2025-04-23 14:37:00,716 [omNode-2@group-523986131536-LeaderElection11] INFO  server.RaftServerConfigKeys (ConfUtils.java:logGet(46)) - raft.server.log.appender.wait-time.min = 0ms (custom)
2025-04-23 14:37:00,716 [omNode-2@group-523986131536-LeaderElection11] INFO  grpc.GrpcConfigKeys (ConfUtils.java:logGet(46)) - raft.grpc.server.leader.outstanding.appends.max = 8 (default)
2025-04-23 14:37:00,716 [omNode-2@group-523986131536-LeaderElection11] INFO  server.RaftServerConfigKeys (ConfUtils.java:logGet(46)) - raft.server.rpc.request.timeout = 3000ms (default)
2025-04-23 14:37:00,716 [omNode-2@group-523986131536-LeaderElection11] INFO  grpc.GrpcConfigKeys (ConfUtils.java:logGet(46)) - raft.grpc.server.install_snapshot.request.element-limit = 8 (default)
2025-04-23 14:37:00,716 [omNode-2@group-523986131536-LeaderElection11] INFO  grpc.GrpcConfigKeys (ConfUtils.java:logGet(46)) - raft.grpc.server.install_snapshot.request.timeout = 3000ms (default)
2025-04-23 14:37:00,716 [omNode-2@group-523986131536-LeaderElection11] INFO  grpc.GrpcConfigKeys (ConfUtils.java:logGet(46)) - raft.grpc.server.log-message.batch.duration = 5s (default)
2025-04-23 14:37:00,716 [omNode-2@group-523986131536-LeaderElection11] INFO  server.RaftServerConfigKeys (ConfUtils.java:logGet(46)) - raft.server.log.appender.install.snapshot.enabled = false (custom)
2025-04-23 14:37:00,716 [omNode-2@group-523986131536-LeaderElection11] INFO  grpc.GrpcConfigKeys (ConfUtils.java:logGet(46)) - raft.grpc.server.heartbeat.channel = true (default)
2025-04-23 14:37:00,716 [omNode-2@group-523986131536-LeaderElection11] INFO  impl.RoleInfo (RoleInfo.java:updateAndGet(148)) - omNode-2: start omNode-2@group-523986131536-LeaderStateImpl
2025-04-23 14:37:00,717 [omNode-2@group-523986131536-LeaderElection11] INFO  ratis.OzoneManagerStateMachine (OzoneManagerStateMachine.java:notifyLeaderChanged(169)) - omNode-2@group-523986131536: leader changed to omNode-2
2025-04-23 14:37:00,717 [omNode-2@group-523986131536-LeaderElection11] INFO  server.RaftServer$Division (ServerState.java:setLeader(272)) - omNode-2@group-523986131536: change Leader from null to omNode-2 at term 2 for becomeLeader, leader elected after 17ms
2025-04-23 14:37:00,717 [omNode-2@group-523986131536-LeaderElection11] INFO  segmented.SegmentedRaftLogWorker (SegmentedRaftLogWorker.java:rollLogSegment(443)) - omNode-2@group-523986131536-SegmentedRaftLogWorker: Rolling segment log-0_20 to index:20
2025-04-23 14:37:00,717 [omNode-2@group-523986131536-LeaderElection11] INFO  server.RaftServer$Division (ServerState.java:setRaftConf(386)) - omNode-2@group-523986131536: set configuration conf: {index: 21, cur=peers:[omNode-3|localhost:15017, omNode-1|localhost:15009, omNode-2|localhost:15013]|listeners:[], old=null}
2025-04-23 14:37:00,718 [omNode-2@group-523986131536-SegmentedRaftLogWorker] INFO  segmented.SegmentedRaftLogWorker (SegmentedRaftLogWorker.java:execute(601)) - omNode-2@group-523986131536-SegmentedRaftLogWorker: Rolled log segment from /home/runner/work/ozone/ozone/hadoop-ozone/integration-test/target/test-dir/MiniOzoneClusterImpl-68853c07-42d2-4ef8-9e75-e3a852294e6a/omNode-2/ratis/c9bc4cf4-3bc3-3c60-a66b-523986131536/current/log_inprogress_0 to /home/runner/work/ozone/ozone/hadoop-ozone/integration-test/target/test-dir/MiniOzoneClusterImpl-68853c07-42d2-4ef8-9e75-e3a852294e6a/omNode-2/ratis/c9bc4cf4-3bc3-3c60-a66b-523986131536/current/log_0-20
2025-04-23 14:37:00,719 [omNode-2@group-523986131536-SegmentedRaftLogWorker] INFO  segmented.BufferedWriteChannel (BufferedWriteChannel.java:open(61)) - open log_inprogress_21 at position 0
2025-04-23 14:37:00,720 [grpc-default-executor-4] WARN  server.GrpcLogAppender (LogUtils.java:warn(121)) - omNode-2@group-523986131536->omNode-1-AppendLogResponseHandler: Failed appendEntries: org.apache.ratis.thirdparty.io.grpc.StatusRuntimeException: UNAVAILABLE: io exception
2025-04-23 14:37:00,721 [grpc-default-executor-4] WARN  server.GrpcLogAppender (GrpcLogAppender.java:lambda$resetClient$1(221)) - omNode-2@group-523986131536->omNode-1-GrpcLogAppender: Follower failed (request=null, errorCount=1); keep nextIndex (21) unchanged and retry.
2025-04-23 14:37:00,725 [grpc-default-executor-4] WARN  server.GrpcLogAppender (GrpcLogAppender.java:lambda$resetClient$1(221)) - omNode-2@group-523986131536->omNode-1-GrpcLogAppender: Follower failed (request=null, errorCount=3); keep nextIndex (22) unchanged and retry.
2025-04-23 14:37:00,728 [omNode-3-server-thread2] INFO  ratis.OzoneManagerStateMachine (OzoneManagerStateMachine.java:notifyLeaderChanged(169)) - omNode-3@group-523986131536: leader changed to omNode-2
2025-04-23 14:37:00,728 [omNode-3-server-thread2] INFO  server.RaftServer$Division (ServerState.java:setLeader(272)) - omNode-3@group-523986131536: change Leader from null to omNode-2 at term 2 for appendEntries, leader elected after 17ms
2025-04-23 14:37:00,728 [omNode-3-server-thread1] INFO  server.RaftServer$Division (ServerState.java:setRaftConf(386)) - omNode-3@group-523986131536: set configuration conf: {index: 21, cur=peers:[omNode-3|localhost:15017, omNode-1|localhost:15009, omNode-2|localhost:15013]|listeners:[], old=null}
2025-04-23 14:37:00,729 [omNode-3-server-thread1] INFO  segmented.SegmentedRaftLogWorker (SegmentedRaftLogWorker.java:rollLogSegment(443)) - omNode-3@group-523986131536-SegmentedRaftLogWorker: Rolling segment log-0_20 to index:20
2025-04-23 14:37:00,731 [omNode-3@group-523986131536-SegmentedRaftLogWorker] INFO  segmented.SegmentedRaftLogWorker (SegmentedRaftLogWorker.java:execute(601)) - omNode-3@group-523986131536-SegmentedRaftLogWorker: Rolled log segment from /home/runner/work/ozone/ozone/hadoop-ozone/integration-test/target/test-dir/MiniOzoneClusterImpl-68853c07-42d2-4ef8-9e75-e3a852294e6a/omNode-3/ratis/c9bc4cf4-3bc3-3c60-a66b-523986131536/current/log_inprogress_0 to /home/runner/work/ozone/ozone/hadoop-ozone/integration-test/target/test-dir/MiniOzoneClusterImpl-68853c07-42d2-4ef8-9e75-e3a852294e6a/omNode-3/ratis/c9bc4cf4-3bc3-3c60-a66b-523986131536/current/log_0-20
2025-04-23 14:37:00,731 [omNode-3@group-523986131536-SegmentedRaftLogWorker] INFO  segmented.BufferedWriteChannel (BufferedWriteChannel.java:open(61)) - open log_inprogress_21 at position 0
2025-04-23 14:37:00,733 [omNode-2@group-523986131536-SegmentedRaftLogWorker] INFO  segmented.SegmentedRaftLogWorker (SegmentedRaftLogWorker.java:execute(644)) - omNode-2@group-523986131536-SegmentedRaftLogWorker: created new log segment /home/runner/work/ozone/ozone/hadoop-ozone/integration-test/target/test-dir/MiniOzoneClusterImpl-68853c07-42d2-4ef8-9e75-e3a852294e6a/omNode-2/ratis/c9bc4cf4-3bc3-3c60-a66b-523986131536/current/log_inprogress_21
2025-04-23 14:37:00,741 [omNode-3@group-523986131536-SegmentedRaftLogWorker] INFO  segmented.SegmentedRaftLogWorker (SegmentedRaftLogWorker.java:execute(644)) - omNode-3@group-523986131536-SegmentedRaftLogWorker: created new log segment /home/runner/work/ozone/ozone/hadoop-ozone/integration-test/target/test-dir/MiniOzoneClusterImpl-68853c07-42d2-4ef8-9e75-e3a852294e6a/omNode-3/ratis/c9bc4cf4-3bc3-3c60-a66b-523986131536/current/log_inprogress_21
2025-04-23 14:37:00,744 [grpc-default-executor-4] WARN  server.GrpcLogAppender (GrpcLogAppender.java:lambda$resetClient$1(221)) - omNode-2@group-523986131536->omNode-1-GrpcLogAppender: Follower failed (request=null, errorCount=5); keep nextIndex (23) unchanged and retry.
2025-04-23 14:37:00,745 [omNode-2@group-523986131536-StateMachineUpdater] INFO  ratis.OzoneManagerStateMachine (OzoneManagerStateMachine.java:notifyConfigurationChanged(231)) - notifyConfigurationChanged from Ratis: term=2, index=21, New Peer list: omNode-3(localhost:15017), omNode-1(localhost:15009), omNode-2(localhost:15013)
2025-04-23 14:37:00,745 [omNode-2@group-523986131536-StateMachineUpdater] INFO  server.RaftServer$Division (LeaderStateImpl.java:checkStartIndex(313)) - Leader omNode-2@group-523986131536-LeaderStateImpl is ready since appliedIndex == startIndex == 21
2025-04-23 14:37:00,746 [omNode-3@group-523986131536-StateMachineUpdater] INFO  ratis.OzoneManagerStateMachine (OzoneManagerStateMachine.java:notifyConfigurationChanged(231)) - notifyConfigurationChanged from Ratis: term=2, index=21, New Peer list: omNode-3(localhost:15017), omNode-1(localhost:15009), omNode-2(localhost:15013)
2025-04-23 14:37:05,720 [timer4] WARN  server.GrpcLogAppender (LogUtils.java:warn(121)) - omNode-2@group-523986131536->omNode-1-AppendLogResponseHandler: Failed appendEntries (Repeated 18 times in the last 5.000s): org.apache.ratis.thirdparty.io.grpc.StatusRuntimeException: UNAVAILABLE: io exception
2025-04-23 14:37:05,721 [timer6] WARN  server.GrpcLogAppender (GrpcLogAppender.java:lambda$resetClient$1(221)) - omNode-2@group-523986131536->omNode-1-GrpcLogAppender: Follower failed (request=null, errorCount=2); keep nextIndex (21) unchanged and retry. (Repeated 2 times in the last 5.000s)
2025-04-23 14:37:05,725 [timer0] WARN  server.GrpcLogAppender (GrpcLogAppender.java:lambda$resetClient$1(221)) - omNode-2@group-523986131536->omNode-1-GrpcLogAppender: Follower failed (request=null, errorCount=4); keep nextIndex (22) unchanged and retry. (Repeated 2 times in the last 5.000s)
2025-04-23 14:37:05,744 [timer4] WARN  server.GrpcLogAppender (GrpcLogAppender.java:lambda$resetClient$1(221)) - omNode-2@group-523986131536->omNode-1-GrpcLogAppender: Follower failed (request=null, errorCount=18); keep nextIndex (23) unchanged and retry. (Repeated 14 times in the last 5.000s)
2025-04-23 14:37:05,967 [grpc-default-executor-4] WARN  server.GrpcLogAppender (LogUtils.java:warn(121)) - omNode-2@group-523986131536->omNode-1-AppendLogResponseHandler: Failed appendEntries: org.apache.ratis.thirdparty.io.grpc.StatusRuntimeException: UNAVAILABLE: io exception
2025-04-23 14:37:05,968 [grpc-default-executor-6] WARN  server.GrpcLogAppender (GrpcLogAppender.java:lambda$resetClient$1(221)) - omNode-2@group-523986131536->omNode-1-GrpcLogAppender: Follower failed (request=null, errorCount=19); keep nextIndex (23) unchanged and retry.
2025-04-23 14:37:08,227 [main] INFO  retry.RetryInvocationHandler (RetryInvocationHandler.java:log(426)) - com.google.protobuf.ServiceException: java.io.EOFException: End of File Exception between local host is: "fv-az1120-822/10.1.0.114"; destination host is: "localhost":15006; : java.io.EOFException; For more details see:  http://wiki.apache.org/hadoop/EOFException, while invoking $Proxy68.submitRequest over nodeId=omNode-1,nodeAddress=127.0.0.1:15006. Trying to failover immediately. Current retry count: 0.
2025-04-23 14:37:08,233 [grpc-default-executor-6] WARN  server.GrpcLogAppender (GrpcLogAppender.java:lambda$resetClient$1(221)) - omNode-2@group-523986131536->omNode-1-GrpcLogAppender: Follower failed (request=null, errorCount=27); keep nextIndex (25) unchanged and retry.
2025-04-23 14:37:08,242 [grpc-default-executor-6] WARN  server.GrpcLogAppender (GrpcLogAppender.java:lambda$resetClient$1(221)) - omNode-2@group-523986131536->omNode-1-GrpcLogAppender: Follower failed (request=null, errorCount=29); keep nextIndex (26) unchanged and retry.
2025-04-23 14:37:08,247 [grpc-default-executor-4] WARN  server.GrpcLogAppender (GrpcLogAppender.java:lambda$resetClient$1(221)) - omNode-2@group-523986131536->omNode-1-GrpcLogAppender: Follower failed (request=null, errorCount=31); keep nextIndex (27) unchanged and retry.
2025-04-23 14:37:08,280 [grpc-default-executor-4] WARN  server.GrpcLogAppender (GrpcLogAppender.java:lambda$resetClient$1(221)) - omNode-2@group-523986131536->omNode-1-GrpcLogAppender: Follower failed (request=null, errorCount=33); keep nextIndex (28) unchanged and retry.
2025-04-23 14:37:08,284 [grpc-default-executor-7] WARN  server.GrpcLogAppender (GrpcLogAppender.java:lambda$resetClient$1(221)) - omNode-2@group-523986131536->omNode-1-GrpcLogAppender: Follower failed (request=null, errorCount=35); keep nextIndex (29) unchanged and retry.
2025-04-23 14:37:08,289 [grpc-default-executor-6] WARN  server.GrpcLogAppender (GrpcLogAppender.java:lambda$resetClient$1(221)) - omNode-2@group-523986131536->omNode-1-GrpcLogAppender: Follower failed (request=null, errorCount=37); keep nextIndex (30) unchanged and retry.
2025-04-23 14:37:08,293 [grpc-default-executor-4] WARN  server.GrpcLogAppender (GrpcLogAppender.java:lambda$resetClient$1(221)) - omNode-2@group-523986131536->omNode-1-GrpcLogAppender: Follower failed (request=null, errorCount=39); keep nextIndex (31) unchanged and retry.
2025-04-23 14:37:08,317 [main] INFO  om.OzoneManager (OzoneManager.java:stop(2347)) - omNode-3[localhost:15014]: Stopping Ozone Manager
2025-04-23 14:37:08,317 [main] INFO  ipc.Server (Server.java:stop(3697)) - Stopping server on 15014
2025-04-23 14:37:08,319 [IPC Server listener on 15014] INFO  ipc.Server (Server.java:run(1585)) - Stopping IPC Server listener on 15014
2025-04-23 14:37:08,320 [IPC Server Responder] INFO  ipc.Server (Server.java:run(1718)) - Stopping IPC Server Responder
2025-04-23 14:37:08,320 [main] INFO  ratis.OzoneManagerRatisServer (OzoneManagerRatisServer.java:stop(634)) - Stopping org.apache.hadoop.ozone.om.ratis.OzoneManagerRatisServer@3482cf0d at port 15017
2025-04-23 14:37:08,320 [main] INFO  server.RaftServer (RaftServerProxy.java:lambda$close$9(417)) - omNode-3: close
2025-04-23 14:37:08,320 [omNode-3-impl-thread1] INFO  server.RaftServer$Division (RaftServerImpl.java:lambda$close$1(513)) - omNode-3@group-523986131536: shutdown
2025-04-23 14:37:08,320 [main] INFO  server.GrpcService (GrpcService.java:closeImpl(343)) - omNode-3: shutdown server GrpcServerProtocolService now
2025-04-23 14:37:08,320 [omNode-3-impl-thread1] INFO  util.JmxRegister (JmxRegister.java:unregister(74)) - Successfully un-registered JMX Bean with object name Ratis:service=RaftServer,group=group-523986131536,id=omNode-3
2025-04-23 14:37:08,320 [omNode-3-impl-thread1] INFO  impl.RoleInfo (RoleInfo.java:shutdownFollowerState(121)) - omNode-3: shutdown omNode-3@group-523986131536-FollowerState
2025-04-23 14:37:08,321 [omNode-3-impl-thread1] INFO  impl.StateMachineUpdater (StateMachineUpdater.java:stopAndJoin(164)) - omNode-3@group-523986131536-StateMachineUpdater: set stopIndex = 29
2025-04-23 14:37:08,321 [omNode-3@group-523986131536-FollowerState] INFO  impl.FollowerState (FollowerState.java:runImpl(170)) - omNode-3@group-523986131536-FollowerState was interrupted
2025-04-23 14:37:08,323 [grpc-default-executor-6] WARN  server.GrpcServerProtocolService (LogUtils.java:warn(121)) - omNode-3: APPEND_ENTRIES onError, lastRequest: null: org.apache.ratis.thirdparty.io.grpc.StatusRuntimeException: CANCELLED: client cancelled
2025-04-23 14:37:08,323 [grpc-default-executor-7] WARN  server.GrpcServerProtocolService (LogUtils.java:warn(121)) - omNode-3: APPEND_ENTRIES onError, lastRequest: omNode-2->omNode-3#29-t2,previous=(t:2, i:29),leaderCommit=29,initializing? false,entries: size=1, first=(t:2, i:30), METADATAENTRY(c:29): org.apache.ratis.thirdparty.io.grpc.StatusRuntimeException: CANCELLED: client cancelled
2025-04-23 14:37:08,324 [main] INFO  server.GrpcService (GrpcService.java:closeImpl(352)) - omNode-3: shutdown server GrpcServerProtocolService successfully
2025-04-23 14:37:08,325 [grpc-default-executor-6] WARN  server.GrpcLogAppender (LogUtils.java:warn(121)) - omNode-2@group-523986131536->omNode-3-AppendLogResponseHandler: Failed appendEntries: org.apache.ratis.thirdparty.io.grpc.StatusRuntimeException: CANCELLED: RST_STREAM closed stream. HTTP/2 error code: CANCEL
2025-04-23 14:37:08,325 [grpc-default-executor-6] WARN  server.GrpcLogAppender (GrpcLogAppender.java:lambda$resetClient$1(221)) - omNode-2@group-523986131536->omNode-3-GrpcLogAppender: Follower failed (request=null, errorCount=1); keep nextIndex (31) unchanged and retry.
2025-04-23 14:37:08,343 [omNode-3@group-523986131536-StateMachineUpdater] INFO  ratis.OzoneManagerStateMachine (OzoneManagerStateMachine.java:takeSnapshotImpl(510)) - omNode-3: taking snapshot. applied = (t:2, i:29), skipped = 27, notified = (t:2, i:28), current snapshot index = (t:2, i:29), took 22 ms
2025-04-23 14:37:08,343 [omNode-3@group-523986131536-StateMachineUpdater] INFO  impl.StateMachineUpdater (StateMachineUpdater.java:takeSnapshot(303)) - omNode-3@group-523986131536-StateMachineUpdater: Took a snapshot at index 29
2025-04-23 14:37:08,343 [omNode-3@group-523986131536-StateMachineUpdater] INFO  impl.StateMachineUpdater (StateMachineUpdater.java:lambda$new$0(102)) - omNode-3@group-523986131536-StateMachineUpdater: snapshotIndex: updateIncreasingly -1 -> 29
2025-04-23 14:37:08,343 [omNode-3@group-523986131536-StateMachineUpdater] INFO  impl.StateMachineUpdater (StateMachineUpdater.java:stop(141)) - omNode-3@group-523986131536-StateMachineUpdater: closing OzoneManagerStateMachine, lastApplied=(t:2, i:29)
2025-04-23 14:37:08,343 [omNode-3@group-523986131536-StateMachineUpdater] INFO  ratis.OzoneManagerStateMachine (OzoneManagerStateMachine.java:close(550)) - Stopping OzoneManagerStateMachine:omNode-3:group-523986131536.
2025-04-23 14:37:08,343 [omNode-3@group-523986131536-StateMachineUpdater] INFO  ratis.OzoneManagerDoubleBuffer (OzoneManagerDoubleBuffer.java:stopDaemon(500)) - Stopping OMDoubleBuffer flush thread
2025-04-23 14:37:08,343 [omNode-3-OMDoubleBufferFlushThread] INFO  ratis.OzoneManagerDoubleBuffer (OzoneManagerDoubleBuffer.java:canFlush(559)) - OMDoubleBuffer flush thread omNode-3-OMDoubleBufferFlushThread is interrupted and will exit.
2025-04-23 14:37:08,344 [omNode-3@group-523986131536-cacheEviction-AwaitToRun] INFO  util.AwaitToRun (AwaitToRun.java:run(49)) - omNode-3@group-523986131536-cacheEviction-AwaitToRun-AwaitForSignal is interrupted
2025-04-23 14:37:09,296 [omNode-3-impl-thread1] INFO  segmented.SegmentedRaftLogWorker (SegmentedRaftLogWorker.java:close(252)) - omNode-3@group-523986131536-SegmentedRaftLogWorker close()
2025-04-23 14:37:09,296 [JvmPauseMonitor4] INFO  util.JvmPauseMonitor (JvmPauseMonitor.java:run(152)) - JvmPauseMonitor-omNode-3: Stopped
2025-04-23 14:37:09,297 [main] INFO  utils.BackgroundService (BackgroundService.java:shutdown(161)) - Shutting down service KeyDeletingService
2025-04-23 14:37:09,297 [main] INFO  utils.BackgroundService (BackgroundService.java:shutdown(161)) - Shutting down service DirectoryDeletingService
2025-04-23 14:37:09,298 [main] INFO  utils.BackgroundService (BackgroundService.java:shutdown(161)) - Shutting down service OpenKeyCleanupService
2025-04-23 14:37:09,299 [main] INFO  utils.BackgroundService (BackgroundService.java:shutdown(161)) - Shutting down service SstFilteringService
2025-04-23 14:37:09,299 [main] INFO  utils.BackgroundService (BackgroundService.java:shutdown(161)) - Shutting down service SnapshotDeletingService
2025-04-23 14:37:09,299 [main] INFO  utils.BackgroundService (BackgroundService.java:shutdown(161)) - Shutting down service MultipartUploadCleanupService
2025-04-23 14:37:09,300 [main] INFO  handler.ContextHandler (ContextHandler.java:doStop(1159)) - Stopped o.e.j.w.WebAppContext@46ae23ca{ozoneManager,/,null,STOPPED}{file:/home/runner/work/ozone/ozone/hadoop-ozone/integration-test/target/test-classes/webapps/ozoneManager}
2025-04-23 14:37:09,301 [main] INFO  server.AbstractConnector (AbstractConnector.java:doStop(383)) - Stopped ServerConnector@408e8448{HTTP/1.1, (http/1.1)}{0.0.0.0:15015}
2025-04-23 14:37:09,301 [main] INFO  server.session (HouseKeeper.java:stopScavenging(149)) - node0 Stopped scavenging
2025-04-23 14:37:09,301 [main] INFO  handler.ContextHandler (ContextHandler.java:doStop(1159)) - Stopped o.e.j.s.ServletContextHandler@46ff06df{static,/static,file:///home/runner/work/ozone/ozone/hadoop-ozone/integration-test/target/test-classes/webapps/static,STOPPED}
2025-04-23 14:37:09,301 [main] INFO  handler.ContextHandler (ContextHandler.java:doStop(1159)) - Stopped o.e.j.s.ServletContextHandler@2409135d{logs,/logs,file:///home/runner/work/ozone/ozone/hadoop-ozone/integration-test/target/log,STOPPED}
2025-04-23 14:37:09,302 [main] INFO  rocksdiff.RocksDBCheckpointDiffer (RocksDBCheckpointDiffer.java:close(304)) - Shutting down CompactionDagPruningService.
2025-04-23 14:37:09,304 [main] INFO  snapshot.SnapshotDiffManager (SnapshotDiffManager.java:closeExecutorService(1698)) - Shutting down executorService: 'SnapDiffExecutor'
2025-04-23 14:37:09,304 [main] INFO  utils.BackgroundService (BackgroundService.java:shutdown(161)) - Shutting down service SnapshotDiffCleanupService
2025-04-23 14:37:09,305 [main] INFO  om.OzoneManager (OzoneManager.java:stop(2347)) - omNode-1[localhost:15006]: Stopping Ozone Manager
2025-04-23 14:37:09,305 [main] INFO  om.OzoneManager (OzoneManager.java:stop(2347)) - omNode-2[localhost:15010]: Stopping Ozone Manager
2025-04-23 14:37:09,305 [main] INFO  ipc.Server (Server.java:stop(3697)) - Stopping server on 15010
2025-04-23 14:37:09,307 [IPC Server listener on 15010] INFO  ipc.Server (Server.java:run(1585)) - Stopping IPC Server listener on 15010
2025-04-23 14:37:09,307 [IPC Server Responder] INFO  ipc.Server (Server.java:run(1718)) - Stopping IPC Server Responder
2025-04-23 14:37:09,307 [main] INFO  ratis.OzoneManagerRatisServer (OzoneManagerRatisServer.java:stop(634)) - Stopping org.apache.hadoop.ozone.om.ratis.OzoneManagerRatisServer@337676ea at port 15013
2025-04-23 14:37:09,308 [main] INFO  server.RaftServer (RaftServerProxy.java:lambda$close$9(417)) - omNode-2: close
2025-04-23 14:37:09,308 [main] INFO  server.GrpcService (GrpcService.java:closeImpl(343)) - omNode-2: shutdown server GrpcServerProtocolService now
2025-04-23 14:37:09,308 [omNode-2-impl-thread1] INFO  server.RaftServer$Division (RaftServerImpl.java:lambda$close$1(513)) - omNode-2@group-523986131536: shutdown
2025-04-23 14:37:09,308 [omNode-2-impl-thread1] INFO  util.JmxRegister (JmxRegister.java:unregister(74)) - Successfully un-registered JMX Bean with object name Ratis:service=RaftServer,group=group-523986131536,id=omNode-2
2025-04-23 14:37:09,308 [omNode-2-impl-thread1] INFO  impl.RoleInfo (RoleInfo.java:shutdownLeaderState(103)) - omNode-2: shutdown omNode-2@group-523986131536-LeaderStateImpl
2025-04-23 14:37:09,308 [omNode-2-impl-thread1] INFO  impl.PendingRequests (PendingRequests.java:sendNotLeaderResponses(287)) - omNode-2@group-523986131536-PendingRequests: sendNotLeaderResponses
2025-04-23 14:37:09,308 [omNode-2@group-523986131536->omNode-1-GrpcLogAppender-LogAppenderDaemon] WARN  server.GrpcLogAppender (GrpcLogAppender.java:mayWait(293)) - omNode-2@group-523986131536->omNode-1-GrpcLogAppender: Wait interrupted by java.lang.InterruptedException
2025-04-23 14:37:09,308 [omNode-2@group-523986131536->omNode-3-GrpcLogAppender-LogAppenderDaemon] WARN  server.GrpcLogAppender (GrpcLogAppender.java:mayWait(293)) - omNode-2@group-523986131536->omNode-3-GrpcLogAppender: Wait interrupted by java.lang.InterruptedException
2025-04-23 14:37:09,310 [omNode-2-impl-thread1] INFO  impl.StateMachineUpdater (StateMachineUpdater.java:stopAndJoin(164)) - omNode-2@group-523986131536-StateMachineUpdater: set stopIndex = 30
2025-04-23 14:37:09,310 [Thread-955] INFO  server.GrpcServerProtocolClient (GrpcServerProtocolClient.java:close(105)) - omNode-3 Close channels
2025-04-23 14:37:09,310 [Thread-956] INFO  server.GrpcServerProtocolClient (GrpcServerProtocolClient.java:close(105)) - omNode-1 Close channels
2025-04-23 14:37:09,311 [main] INFO  server.GrpcService (GrpcService.java:closeImpl(352)) - omNode-2: shutdown server GrpcServerProtocolService successfully
2025-04-23 14:37:09,335 [omNode-2@group-523986131536-StateMachineUpdater] INFO  ratis.OzoneManagerStateMachine (OzoneManagerStateMachine.java:takeSnapshotImpl(510)) - omNode-2: taking snapshot. applied = (t:2, i:30), skipped = 29, notified = (t:2, i:30), current snapshot index = (t:2, i:30), took 25 ms
2025-04-23 14:37:09,335 [omNode-2@group-523986131536-StateMachineUpdater] INFO  impl.StateMachineUpdater (StateMachineUpdater.java:takeSnapshot(303)) - omNode-2@group-523986131536-StateMachineUpdater: Took a snapshot at index 30
2025-04-23 14:37:09,335 [omNode-2@group-523986131536-StateMachineUpdater] INFO  impl.StateMachineUpdater (StateMachineUpdater.java:lambda$new$0(102)) - omNode-2@group-523986131536-StateMachineUpdater: snapshotIndex: updateIncreasingly -1 -> 30
2025-04-23 14:37:09,335 [omNode-2@group-523986131536-StateMachineUpdater] INFO  impl.StateMachineUpdater (StateMachineUpdater.java:stop(141)) - omNode-2@group-523986131536-StateMachineUpdater: closing OzoneManagerStateMachine, lastApplied=(t:2, i:30)
2025-04-23 14:37:09,335 [omNode-2@group-523986131536-StateMachineUpdater] INFO  ratis.OzoneManagerStateMachine (OzoneManagerStateMachine.java:close(550)) - Stopping OzoneManagerStateMachine:omNode-2:group-523986131536.
2025-04-23 14:37:09,335 [omNode-2@group-523986131536-StateMachineUpdater] INFO  ratis.OzoneManagerDoubleBuffer (OzoneManagerDoubleBuffer.java:stopDaemon(500)) - Stopping OMDoubleBuffer flush thread
2025-04-23 14:37:09,336 [omNode-2-OMDoubleBufferFlushThread] INFO  ratis.OzoneManagerDoubleBuffer (OzoneManagerDoubleBuffer.java:canFlush(559)) - OMDoubleBuffer flush thread omNode-2-OMDoubleBufferFlushThread is interrupted and will exit.
2025-04-23 14:37:09,336 [omNode-2@group-523986131536-cacheEviction-AwaitToRun] INFO  util.AwaitToRun (AwaitToRun.java:run(49)) - omNode-2@group-523986131536-cacheEviction-AwaitToRun-AwaitForSignal is interrupted
2025-04-23 14:37:10,293 [omNode-2-impl-thread1] INFO  segmented.SegmentedRaftLogWorker (SegmentedRaftLogWorker.java:close(252)) - omNode-2@group-523986131536-SegmentedRaftLogWorker close()
2025-04-23 14:37:10,294 [JvmPauseMonitor3] INFO  util.JvmPauseMonitor (JvmPauseMonitor.java:run(152)) - JvmPauseMonitor-omNode-2: Stopped
2025-04-23 14:37:10,294 [main] INFO  utils.BackgroundService (BackgroundService.java:shutdown(161)) - Shutting down service KeyDeletingService
2025-04-23 14:37:10,295 [main] INFO  utils.BackgroundService (BackgroundService.java:shutdown(161)) - Shutting down service DirectoryDeletingService
2025-04-23 14:37:10,296 [main] INFO  utils.BackgroundService (BackgroundService.java:shutdown(161)) - Shutting down service OpenKeyCleanupService
2025-04-23 14:37:10,296 [main] INFO  utils.BackgroundService (BackgroundService.java:shutdown(161)) - Shutting down service SstFilteringService
2025-04-23 14:37:10,297 [main] INFO  utils.BackgroundService (BackgroundService.java:shutdown(161)) - Shutting down service SnapshotDeletingService
2025-04-23 14:37:10,297 [main] INFO  utils.BackgroundService (BackgroundService.java:shutdown(161)) - Shutting down service MultipartUploadCleanupService
2025-04-23 14:37:10,298 [main] INFO  handler.ContextHandler (ContextHandler.java:doStop(1159)) - Stopped o.e.j.w.WebAppContext@11216e2e{ozoneManager,/,null,STOPPED}{file:/home/runner/work/ozone/ozone/hadoop-ozone/integration-test/target/test-classes/webapps/ozoneManager}
2025-04-23 14:37:10,298 [main] INFO  server.AbstractConnector (AbstractConnector.java:doStop(383)) - Stopped ServerConnector@7cbeb8b2{HTTP/1.1, (http/1.1)}{0.0.0.0:15011}
2025-04-23 14:37:10,298 [main] INFO  server.session (HouseKeeper.java:stopScavenging(149)) - node0 Stopped scavenging
2025-04-23 14:37:10,299 [main] INFO  handler.ContextHandler (ContextHandler.java:doStop(1159)) - Stopped o.e.j.s.ServletContextHandler@69c47d27{static,/static,file:///home/runner/work/ozone/ozone/hadoop-ozone/integration-test/target/test-classes/webapps/static,STOPPED}
2025-04-23 14:37:10,299 [main] INFO  handler.ContextHandler (ContextHandler.java:doStop(1159)) - Stopped o.e.j.s.ServletContextHandler@786594c8{logs,/logs,file:///home/runner/work/ozone/ozone/hadoop-ozone/integration-test/target/log,STOPPED}
2025-04-23 14:37:10,300 [main] INFO  rocksdiff.RocksDBCheckpointDiffer (RocksDBCheckpointDiffer.java:close(304)) - Shutting down CompactionDagPruningService.
2025-04-23 14:37:10,301 [main] INFO  snapshot.SnapshotDiffManager (SnapshotDiffManager.java:closeExecutorService(1698)) - Shutting down executorService: 'SnapDiffExecutor'
2025-04-23 14:37:10,301 [main] INFO  utils.BackgroundService (BackgroundService.java:shutdown(161)) - Shutting down service SnapshotDiffCleanupService
2025-04-23 14:37:10,303 [main] INFO  om.OzoneManager (OzoneManager.java:restart(1878)) - OzoneManager RPC server is listening at localhost/127.0.0.1:15014
2025-04-23 14:37:10,303 [main] INFO  impl.MetricsSystemImpl (MetricsSystemImpl.java:init(158)) - OzoneManager metrics system started (again)
2025-04-23 14:37:10,317 [main] WARN  server.ServerUtils (ServerUtils.java:getDBPath(297)) - ozone.om.db.dirs is not configured. We recommend adding this setting. Falling back to ozone.metadata.dirs instead.
2025-04-23 14:37:10,365 [main] INFO  om.OzoneManager (OzoneManager.java:instantiateServices(933)) - S3 Multi-Tenancy is disabled
2025-04-23 14:37:10,366 [main] INFO  om.OmSnapshotManager (OmSnapshotManager.java:<init>(180)) - Ozone filesystem snapshot feature is enabled.
2025-04-23 14:37:10,366 [main] WARN  server.ServerUtils (ServerUtils.java:getDBPath(297)) - ozone.om.snapshot.diff.db.dir is not configured. We recommend adding this setting. Falling back to ozone.metadata.dirs instead.
2025-04-23 14:37:10,393 [main] WARN  server.ServerUtils (ServerUtils.java:getDefaultRatisDirectory(309)) - Storage directory for Ratis is not configured. It is a good idea to map this to an SSD disk. Falling back to ozone.metadata.dirs
2025-04-23 14:37:10,394 [main] INFO  server.RaftServerConfigKeys (ConfUtils.java:logGet(46)) - raft.server.log.appender.buffer.byte-limit = 4194304 (custom)
2025-04-23 14:37:10,395 [main] INFO  ratis.OzoneManagerRatisServer (OzoneManagerRatisServer.java:<init>(167)) - Instantiating OM Ratis server with groupID: om-service-test1 and peers: localhost:15017, localhost:15009, localhost:15013
2025-04-23 14:37:10,395 [main] INFO  ratis.OzoneManagerStateMachine (OzoneManagerStateMachine.java:loadSnapshotInfoFromDB(611)) - LastAppliedIndex is set from TransactionInfo from OM DB as (t:2, i:29)
2025-04-23 14:37:10,396 [main] INFO  server.RaftServer (ConfUtils.java:logGet(46)) - raft.rpc.type = GRPC (default)
2025-04-23 14:37:10,396 [main] INFO  grpc.GrpcConfigKeys (ConfUtils.java:logFallback(53)) - raft.grpc.admin.host = null (fallback to raft.grpc.server.host)
2025-04-23 14:37:10,396 [main] INFO  grpc.GrpcConfigKeys (ConfUtils.java:logFallback(53)) - raft.grpc.admin.port = 15017 (fallback to raft.grpc.server.port)
2025-04-23 14:37:10,396 [main] INFO  grpc.GrpcConfigKeys (ConfUtils.java:logFallback(53)) - raft.grpc.client.host = null (fallback to raft.grpc.server.host)
2025-04-23 14:37:10,396 [main] INFO  grpc.GrpcConfigKeys (ConfUtils.java:logFallback(53)) - raft.grpc.client.port = 15017 (fallback to raft.grpc.server.port)
2025-04-23 14:37:10,396 [main] INFO  grpc.GrpcConfigKeys (ConfUtils.java:logGet(46)) - raft.grpc.server.host = null (default)
2025-04-23 14:37:10,396 [main] INFO  grpc.GrpcConfigKeys (ConfUtils.java:logGet(46)) - raft.grpc.server.port = 15017 (custom)
2025-04-23 14:37:10,396 [main] INFO  server.GrpcService (ConfUtils.java:logGet(46)) - raft.grpc.message.size.max = 5242880 (custom)
2025-04-23 14:37:10,397 [main] INFO  server.GrpcService (ConfUtils.java:logGet(46)) - raft.grpc.flow.control.window = 1MB (=1048576) (default)
2025-04-23 14:37:10,397 [main] INFO  server.RaftServerConfigKeys (ConfUtils.java:logGet(46)) - raft.server.rpc.request.timeout = 3000ms (default)
2025-04-23 14:37:10,397 [main] INFO  grpc.GrpcConfigKeys (ConfUtils.java:logGet(46)) - raft.grpc.server.heartbeat.channel = true (default)
2025-04-23 14:37:10,397 [main] INFO  server.RaftServerConfigKeys (ConfUtils.java:logGet(46)) - raft.server.log.appender.buffer.byte-limit = 4194304 (custom)
2025-04-23 14:37:10,397 [main] INFO  grpc.GrpcConfigKeys (ConfUtils.java:logGet(46)) - raft.grpc.server.async.request.thread.pool.cached = true (default)
2025-04-23 14:37:10,397 [main] INFO  grpc.GrpcConfigKeys (ConfUtils.java:logGet(46)) - raft.grpc.server.async.request.thread.pool.size = 32 (default)
2025-04-23 14:37:10,398 [main] INFO  impl.DataStreamServerImpl (ConfUtils.java:logGet(46)) - raft.datastream.type = DISABLED (default)
2025-04-23 14:37:10,398 [main] INFO  server.RaftServerConfigKeys (ConfUtils.java:logGet(46)) - raft.server.sleep.deviation.threshold = 300ms (default)
2025-04-23 14:37:10,398 [main] INFO  server.RaftServerConfigKeys (ConfUtils.java:logGet(46)) - raft.server.close.threshold = 60s (default)
2025-04-23 14:37:10,398 [main] INFO  server.RaftServerConfigKeys (ConfUtils.java:logGet(46)) - raft.server.leaderelection.leader.step-down.wait-time = 10s (default)
2025-04-23 14:37:10,399 [main] INFO  server.RaftServerConfigKeys (ConfUtils.java:logGet(46)) - raft.server.storage.dir = [/home/runner/work/ozone/ozone/hadoop-ozone/integration-test/target/test-dir/MiniOzoneClusterImpl-68853c07-42d2-4ef8-9e75-e3a852294e6a/omNode-3/ratis] (custom)
2025-04-23 14:37:10,399 [main] INFO  server.RaftServerConfigKeys (ConfUtils.java:logGet(46)) - raft.server.threadpool.proxy.cached = true (default)
2025-04-23 14:37:10,399 [main] INFO  server.RaftServerConfigKeys (ConfUtils.java:logGet(46)) - raft.server.threadpool.proxy.size = 0 (default)
2025-04-23 14:37:10,399 [omNode-3-impl-thread1] INFO  server.RaftServer (RaftServerProxy.java:initGroupDir(265)) - omNode-3: found a subdirectory /home/runner/work/ozone/ozone/hadoop-ozone/integration-test/target/test-dir/MiniOzoneClusterImpl-68853c07-42d2-4ef8-9e75-e3a852294e6a/omNode-3/ratis/c9bc4cf4-3bc3-3c60-a66b-523986131536
2025-04-23 14:37:10,400 [main] INFO  server.RaftServer (RaftServerProxy.java:addNew(100)) - omNode-3: addNew group-523986131536:[omNode-3|localhost:15017, omNode-1|localhost:15009, omNode-2|localhost:15013] returns group-523986131536:java.util.concurrent.CompletableFuture@30d64921[Not completed]
2025-04-23 14:37:10,400 [main] INFO  om.OzoneManager (OzoneManager.java:initializeRatisServer(2303)) - OzoneManager Ratis server initialized at port 15017
2025-04-23 14:37:10,400 [main] INFO  ratis.OzoneManagerRatisServer (OzoneManagerRatisServer.java:start(628)) - Starting OzoneManagerRatisServer omNode-3 at port 15017
2025-04-23 14:37:10,400 [omNode-3-groupManagement] INFO  server.RaftServer$Division (RaftServerImpl.java:<init>(255)) - omNode-3: new RaftServerImpl for group-523986131536:[omNode-3|localhost:15017, omNode-1|localhost:15009, omNode-2|localhost:15013] with OzoneManagerStateMachine:uninitialized
2025-04-23 14:37:10,400 [omNode-3-groupManagement] INFO  server.RaftServerConfigKeys (ConfUtils.java:logGet(46)) - raft.server.rpc.timeout.min = 1s (custom)
2025-04-23 14:37:10,400 [omNode-3-groupManagement] INFO  server.RaftServerConfigKeys (ConfUtils.java:logGet(46)) - raft.server.rpc.timeout.max = 1200ms (custom)
2025-04-23 14:37:10,400 [omNode-3-groupManagement] INFO  server.RaftServerConfigKeys (ConfUtils.java:logGet(46)) - raft.server.rpc.sleep.time = 25ms (default)
2025-04-23 14:37:10,400 [omNode-3-groupManagement] INFO  server.RaftServerConfigKeys (ConfUtils.java:logGet(46)) - raft.server.rpc.slowness.timeout = 2s (custom)
2025-04-23 14:37:10,400 [omNode-3-groupManagement] INFO  server.RaftServerConfigKeys (ConfUtils.java:logGet(46)) - raft.server.leaderelection.leader.step-down.wait-time = 10s (default)
2025-04-23 14:37:10,401 [omNode-3-groupManagement] INFO  server.RaftServerConfigKeys (ConfUtils.java:logGet(46)) - raft.server.leaderelection.member.majority-add = false (default)
2025-04-23 14:37:10,401 [omNode-3-groupManagement] INFO  server.RaftServerConfigKeys (ConfUtils.java:logGet(46)) - raft.server.sleep.deviation.threshold = 300ms (default)
2025-04-23 14:37:10,401 [omNode-3-groupManagement] INFO  server.RaftServer$Division (ServerState.java:<init>(114)) - omNode-3@group-523986131536: ConfigurationManager, init=conf: {index: -1, cur=peers:[omNode-3|localhost:15017, omNode-1|localhost:15009, omNode-2|localhost:15013]|listeners:[], old=null}, confs=<EMPTY_MAP>
2025-04-23 14:37:10,401 [omNode-3-groupManagement] INFO  server.RaftServerConfigKeys (ConfUtils.java:logGet(46)) - raft.server.notification.no-leader.timeout = 2s (custom)
2025-04-23 14:37:10,401 [omNode-3-groupManagement] INFO  server.RaftServerConfigKeys (ConfUtils.java:logGet(46)) - raft.server.read.timeout = 10s (default)
2025-04-23 14:37:10,401 [omNode-3-groupManagement] INFO  server.RaftServerConfigKeys (ConfUtils.java:logGet(46)) - raft.server.retrycache.expirytime = 30000ms (custom)
2025-04-23 14:37:10,401 [omNode-3-groupManagement] INFO  server.RaftServerConfigKeys (ConfUtils.java:logGet(46)) - raft.server.retrycache.statistics.expirytime = 100ms (default)
2025-04-23 14:37:10,401 [omNode-3-groupManagement] INFO  server.RaftServerConfigKeys (ConfUtils.java:logGet(46)) - raft.server.read.option = DEFAULT (default)
2025-04-23 14:37:10,401 [omNode-3-groupManagement] INFO  server.RaftServerConfigKeys (ConfUtils.java:logGet(46)) - raft.server.read.read-after-write-consistent.write-index-cache.expiry-time = 60s (default)
2025-04-23 14:37:10,404 [omNode-3-groupManagement] INFO  server.RaftServerConfigKeys (ConfUtils.java:logGet(46)) - raft.server.rpc.request.timeout = 3000ms (default)
2025-04-23 14:37:10,404 [omNode-3-groupManagement] INFO  server.RaftServerConfigKeys (ConfUtils.java:logGet(46)) - raft.server.log.appender.install.snapshot.enabled = false (custom)
2025-04-23 14:37:10,404 [omNode-3-groupManagement] INFO  server.RaftServerConfigKeys (ConfUtils.java:logGet(46)) - raft.server.threadpool.server.cached = true (default)
2025-04-23 14:37:10,404 [omNode-3-groupManagement] INFO  server.RaftServerConfigKeys (ConfUtils.java:logGet(46)) - raft.server.threadpool.server.size = 0 (default)
2025-04-23 14:37:10,404 [omNode-3-groupManagement] INFO  server.RaftServerConfigKeys (ConfUtils.java:logGet(46)) - raft.server.threadpool.client.cached = true (default)
2025-04-23 14:37:10,404 [omNode-3-groupManagement] INFO  server.RaftServerConfigKeys (ConfUtils.java:logGet(46)) - raft.server.threadpool.client.size = 0 (default)
2025-04-23 14:37:10,404 [omNode-3-impl-thread1] INFO  server.RaftServerConfigKeys (ConfUtils.java:logGet(46)) - raft.server.storage.free-space.min = 0MB (=0) (default)
2025-04-23 14:37:10,404 [omNode-3-impl-thread1] INFO  server.RaftServerConfigKeys (ConfUtils.java:logGet(46)) - raft.server.log.corruption.policy = EXCEPTION (default)
2025-04-23 14:37:10,404 [omNode-3-impl-thread1] INFO  server.RaftServerConfigKeys (ConfUtils.java:logGet(46)) - raft.server.storage.dir = [/home/runner/work/ozone/ozone/hadoop-ozone/integration-test/target/test-dir/MiniOzoneClusterImpl-68853c07-42d2-4ef8-9e75-e3a852294e6a/omNode-3/ratis] (custom)
2025-04-23 14:37:10,405 [omNode-3-impl-thread1] INFO  storage.RaftStorageDirectory (RaftStorageDirectoryImpl.java:tryLock(229)) - Lock on /home/runner/work/ozone/ozone/hadoop-ozone/integration-test/target/test-dir/MiniOzoneClusterImpl-68853c07-42d2-4ef8-9e75-e3a852294e6a/omNode-3/ratis/c9bc4cf4-3bc3-3c60-a66b-523986131536/in_use.lock acquired by nodename 129558@fv-az1120-822
2025-04-23 14:37:10,406 [omNode-3-impl-thread1] INFO  storage.RaftStorage (RaftStorageImpl.java:analyzeAndRecoverStorage(118)) - Read RaftStorageMetadata{term=2, votedFor=omNode-2} from /home/runner/work/ozone/ozone/hadoop-ozone/integration-test/target/test-dir/MiniOzoneClusterImpl-68853c07-42d2-4ef8-9e75-e3a852294e6a/omNode-3/ratis/c9bc4cf4-3bc3-3c60-a66b-523986131536/current/raft-meta
2025-04-23 14:37:10,406 [omNode-3-impl-thread1] INFO  server.RaftServer$Division (ServerState.java:setRaftConf(386)) - omNode-3@group-523986131536: set configuration conf: {index: 21, cur=peers:[omNode-3|localhost:15017, omNode-1|localhost:15009, omNode-2|localhost:15013]|listeners:[], old=null}
2025-04-23 14:37:10,406 [omNode-3-impl-thread1] INFO  ratis.OzoneManagerStateMachine (OzoneManagerStateMachine.java:lambda$0(138)) - omNode-3: initialize group-523986131536 with (t:2, i:29)
2025-04-23 14:37:10,406 [omNode-3-impl-thread1] INFO  server.RaftServerConfigKeys (ConfUtils.java:logGet(46)) - raft.server.log.use.memory = false (default)
2025-04-23 14:37:10,406 [omNode-3-impl-thread1] INFO  server.RaftServerConfigKeys (ConfUtils.java:logGet(46)) - raft.server.log.purge.gap = 50 (custom)
2025-04-23 14:37:10,406 [omNode-3-impl-thread1] INFO  server.RaftServerConfigKeys (ConfUtils.java:logGet(46)) - raft.server.log.appender.buffer.byte-limit = 4194304 (custom)
2025-04-23 14:37:10,406 [omNode-3-impl-thread1] INFO  server.RaftServerConfigKeys (ConfUtils.java:logGet(46)) - raft.server.log.statemachine.data.read.timeout = 1000ms (default)
2025-04-23 14:37:10,407 [omNode-3-impl-thread1] INFO  server.RaftServerConfigKeys (ConfUtils.java:logGet(46)) - raft.server.log.purge.preservation.log.num = 0 (default)
2025-04-23 14:37:10,408 [omNode-3-impl-thread1] INFO  server.RaftServerConfigKeys (ConfUtils.java:logGet(46)) - raft.server.log.segment.size.max = 4194304 (custom)
2025-04-23 14:37:10,408 [omNode-3-impl-thread1] INFO  server.RaftServerConfigKeys (ConfUtils.java:logGet(46)) - raft.server.log.segment.cache.num.max = 2 (custom)
2025-04-23 14:37:10,408 [omNode-3-impl-thread1] INFO  server.RaftServerConfigKeys (ConfUtils.java:logGet(46)) - raft.server.log.segment.cache.size.max = 200MB (=209715200) (default)
2025-04-23 14:37:10,408 [omNode-3-impl-thread1] INFO  server.RaftServerConfigKeys (ConfUtils.java:logGet(46)) - raft.server.log.appender.buffer.byte-limit = 4194304 (custom)
2025-04-23 14:37:10,408 [omNode-3-impl-thread1] INFO  util.AwaitToRun (AwaitToRun.java:start(81)) - Thread[#1377,omNode-3@group-523986131536-cacheEviction-AwaitToRun,5,main] started
2025-04-23 14:37:10,408 [omNode-3-impl-thread1] INFO  segmented.SegmentedRaftLogWorker (SegmentedRaftLogWorker.java:<init>(188)) - new omNode-3@group-523986131536-SegmentedRaftLogWorker for RaftStorageImpl:Storage Directory /home/runner/work/ozone/ozone/hadoop-ozone/integration-test/target/test-dir/MiniOzoneClusterImpl-68853c07-42d2-4ef8-9e75-e3a852294e6a/omNode-3/ratis/c9bc4cf4-3bc3-3c60-a66b-523986131536
2025-04-23 14:37:10,408 [omNode-3-impl-thread1] INFO  server.RaftServerConfigKeys (ConfUtils.java:logGet(46)) - raft.server.log.queue.byte-limit = 64MB (=67108864) (default)
2025-04-23 14:37:10,408 [omNode-3-impl-thread1] INFO  server.RaftServerConfigKeys (ConfUtils.java:logGet(46)) - raft.server.log.queue.element-limit = 4096 (default)
2025-04-23 14:37:10,408 [omNode-3-impl-thread1] INFO  server.RaftServerConfigKeys (ConfUtils.java:logGet(46)) - raft.server.log.segment.size.max = 4194304 (custom)
2025-04-23 14:37:10,408 [omNode-3-impl-thread1] INFO  server.RaftServerConfigKeys (ConfUtils.java:logGet(46)) - raft.server.log.preallocated.size = 4194304 (custom)
2025-04-23 14:37:10,408 [omNode-3-impl-thread1] INFO  server.RaftServerConfigKeys (ConfUtils.java:logGet(46)) - raft.server.log.force.sync.num = 128 (default)
2025-04-23 14:37:10,409 [omNode-3-impl-thread1] INFO  server.RaftServerConfigKeys (ConfUtils.java:logGet(46)) - raft.server.log.statemachine.data.sync = true (default)
2025-04-23 14:37:10,409 [omNode-3-impl-thread1] INFO  server.RaftServerConfigKeys (ConfUtils.java:logGet(46)) - raft.server.log.statemachine.data.sync.timeout = 10s (default)
2025-04-23 14:37:10,409 [omNode-3-impl-thread1] INFO  server.RaftServerConfigKeys (ConfUtils.java:logGet(46)) - raft.server.log.statemachine.data.sync.timeout.retry = -1 (default)
2025-04-23 14:37:10,409 [omNode-3-impl-thread1] INFO  server.RaftServerConfigKeys (ConfUtils.java:logGet(46)) - raft.server.log.write.buffer.size = 4194312 (custom)
2025-04-23 14:37:10,409 [omNode-3-impl-thread1] INFO  server.RaftServerConfigKeys (ConfUtils.java:logGet(46)) - raft.server.log.appender.buffer.byte-limit = 4194304 (custom)
2025-04-23 14:37:10,409 [omNode-3-impl-thread1] INFO  server.RaftServerConfigKeys (ConfUtils.java:logGet(46)) - raft.server.log.unsafe-flush.enabled = false (default)
2025-04-23 14:37:10,409 [omNode-3-impl-thread1] INFO  server.RaftServerConfigKeys (ConfUtils.java:logGet(46)) - raft.server.log.async-flush.enabled = false (default)
2025-04-23 14:37:10,409 [omNode-3-impl-thread1] INFO  server.RaftServerConfigKeys (ConfUtils.java:logGet(46)) - raft.server.log.statemachine.data.caching.enabled = false (default)
2025-04-23 14:37:10,410 [omNode-3-impl-thread1] INFO  server.RaftServer$Division (ServerState.java:setRaftConf(386)) - omNode-3@group-523986131536: set configuration conf: {index: 0, cur=peers:[omNode-3|localhost:15017, omNode-1|localhost:15009, omNode-2|localhost:15013]|listeners:[], old=null}
2025-04-23 14:37:10,411 [omNode-3-impl-thread1] INFO  segmented.LogSegment (LogSegment.java:loadSegment(171)) - Successfully read 21 entries from segment file /home/runner/work/ozone/ozone/hadoop-ozone/integration-test/target/test-dir/MiniOzoneClusterImpl-68853c07-42d2-4ef8-9e75-e3a852294e6a/omNode-3/ratis/c9bc4cf4-3bc3-3c60-a66b-523986131536/current/log_0-20
2025-04-23 14:37:10,411 [omNode-3-impl-thread1] INFO  server.RaftServer$Division (ServerState.java:setRaftConf(386)) - omNode-3@group-523986131536: set configuration conf: {index: 21, cur=peers:[omNode-3|localhost:15017, omNode-1|localhost:15009, omNode-2|localhost:15013]|listeners:[], old=null}
2025-04-23 14:37:10,412 [omNode-3-impl-thread1] INFO  segmented.LogSegment (LogSegment.java:loadSegment(171)) - Successfully read 10 entries from segment file /home/runner/work/ozone/ozone/hadoop-ozone/integration-test/target/test-dir/MiniOzoneClusterImpl-68853c07-42d2-4ef8-9e75-e3a852294e6a/omNode-3/ratis/c9bc4cf4-3bc3-3c60-a66b-523986131536/current/log_inprogress_21
2025-04-23 14:37:10,412 [omNode-3-impl-thread1] INFO  segmented.SegmentedRaftLogWorker (SegmentedRaftLogWorker.java:lambda$new$0(139)) - omNode-3@group-523986131536-SegmentedRaftLogWorker: flushIndex: setUnconditionally 0 -> 30
2025-04-23 14:37:10,413 [omNode-3-impl-thread1] INFO  segmented.SegmentedRaftLogWorker (SegmentedRaftLogWorker.java:lambda$new$0(139)) - omNode-3@group-523986131536-SegmentedRaftLogWorker: safeCacheEvictIndex: setUnconditionally 0 -> 20
2025-04-23 14:37:10,413 [omNode-3-impl-thread1] INFO  segmented.BufferedWriteChannel (BufferedWriteChannel.java:open(61)) - open log_inprogress_21 (append) at position 2317
2025-04-23 14:37:10,413 [omNode-3-impl-thread1] INFO  server.RaftServer$Division (RaftServerImpl.java:start(391)) - omNode-3@group-523986131536: start as a follower, conf=conf: {index: 21, cur=peers:[omNode-3|localhost:15017, omNode-1|localhost:15009, omNode-2|localhost:15013]|listeners:[], old=null}
2025-04-23 14:37:10,413 [omNode-3-impl-thread1] INFO  server.RaftServer$Division (RaftServerImpl.java:setRole(378)) - omNode-3@group-523986131536: changes role from      null to FOLLOWER at term 2 for startAsFollower
2025-04-23 14:37:10,413 [omNode-3-impl-thread1] INFO  impl.RoleInfo (RoleInfo.java:updateAndGet(148)) - omNode-3: start omNode-3@group-523986131536-FollowerState
2025-04-23 14:37:10,413 [omNode-3@group-523986131536-FollowerState] INFO  server.RaftServerConfigKeys (ConfUtils.java:logFallback(53)) - raft.server.rpc.first-election.timeout.min = 1s (fallback to raft.server.rpc.timeout.min)
2025-04-23 14:37:10,414 [omNode-3-impl-thread1] INFO  util.JmxRegister (JmxRegister.java:tryRegister(44)) - Successfully registered JMX Bean with object name Ratis:service=RaftServer,group=group-523986131536,id=omNode-3
2025-04-23 14:37:10,414 [omNode-3-impl-thread1] INFO  util.JmxRegister (JmxRegister.java:register(58)) - register mxBean class org.apache.ratis.server.impl.RaftServerJmxAdapter as Ratis:service=RaftServer,group=group-523986131536,id=omNode-3
2025-04-23 14:37:10,414 [omNode-3-impl-thread1] INFO  server.RaftServerConfigKeys (ConfUtils.java:logGet(46)) - raft.server.snapshot.trigger-when-stop.enabled = true (default)
2025-04-23 14:37:10,414 [omNode-3-impl-thread1] INFO  server.RaftServerConfigKeys (ConfUtils.java:logGet(46)) - raft.server.snapshot.trigger-when-remove.enabled = true (default)
2025-04-23 14:37:10,414 [omNode-3-impl-thread1] INFO  server.RaftServerConfigKeys (ConfUtils.java:logGet(46)) - raft.server.snapshot.auto.trigger.enabled = true (custom)
2025-04-23 14:37:10,414 [omNode-3-impl-thread1] INFO  server.RaftServerConfigKeys (ConfUtils.java:logGet(46)) - raft.server.snapshot.auto.trigger.threshold = 50 (custom)
2025-04-23 14:37:10,414 [omNode-3-impl-thread1] INFO  server.RaftServerConfigKeys (ConfUtils.java:logGet(46)) - raft.server.snapshot.retention.file.num = -1 (default)
2025-04-23 14:37:10,414 [omNode-3-impl-thread1] INFO  server.RaftServerConfigKeys (ConfUtils.java:logGet(46)) - raft.server.log.purge.upto.snapshot.index = true (custom)
2025-04-23 14:37:10,414 [omNode-3@group-523986131536-FollowerState] INFO  server.RaftServerConfigKeys (ConfUtils.java:logFallback(53)) - raft.server.rpc.first-election.timeout.max = 1200ms (fallback to raft.server.rpc.timeout.max)
2025-04-23 14:37:10,415 [omNode-3-impl-thread1] INFO  server.RaftServer$Division (RaftServerImpl.java:start(405)) - omNode-3@group-523986131536: Successfully started.
2025-04-23 14:37:10,415 [main] INFO  server.RaftServer (RaftServerProxy.java:startImpl(407)) - omNode-3: start RPC server
2025-04-23 14:37:10,416 [main] INFO  server.GrpcService (GrpcService.java:startImpl(334)) - omNode-3: GrpcService started, listening on 15017
2025-04-23 14:37:10,416 [main] INFO  om.OzoneManager (OzoneManager.java:getRpcServer(1360)) - Creating RPC Server
2025-04-23 14:37:10,416 [JvmPauseMonitor8] INFO  util.JvmPauseMonitor (JvmPauseMonitor.java:run(146)) - JvmPauseMonitor-omNode-3: Started
2025-04-23 14:37:10,832 [main] INFO  reflections.Reflections (Reflections.java:scan(219)) - Reflections took 415 ms to scan 22 urls, producing 61 keys and 7422 values
2025-04-23 14:37:10,836 [main] INFO  ipc.CallQueueManager (CallQueueManager.java:<init>(93)) - Using callQueue: class java.util.concurrent.LinkedBlockingQueue, queueCapacity: 2000, scheduler: class org.apache.hadoop.ipc.DefaultRpcScheduler, ipcBackoff: false, ipcFailOver: false.
2025-04-23 14:37:10,837 [main] INFO  ipc.Server (Server.java:<init>(1438)) - Listener at localhost:15014
2025-04-23 14:37:10,838 [Socket Reader #1 for port 15014] INFO  ipc.Server (Server.java:run(1474)) - Starting Socket Reader #1 for port 15014
2025-04-23 14:37:10,838 [Socket Reader #2 for port 15014] INFO  ipc.Server (Server.java:run(1474)) - Starting Socket Reader #2 for port 15014
2025-04-23 14:37:10,838 [Socket Reader #3 for port 15014] INFO  ipc.Server (Server.java:run(1474)) - Starting Socket Reader #3 for port 15014
2025-04-23 14:37:10,838 [Socket Reader #4 for port 15014] INFO  ipc.Server (Server.java:run(1474)) - Starting Socket Reader #4 for port 15014
2025-04-23 14:37:10,840 [Socket Reader #5 for port 15014] INFO  ipc.Server (Server.java:run(1474)) - Starting Socket Reader #5 for port 15014
2025-04-23 14:37:10,840 [Socket Reader #6 for port 15014] INFO  ipc.Server (Server.java:run(1474)) - Starting Socket Reader #6 for port 15014
2025-04-23 14:37:10,841 [Socket Reader #7 for port 15014] INFO  ipc.Server (Server.java:run(1474)) - Starting Socket Reader #7 for port 15014
2025-04-23 14:37:10,841 [Socket Reader #8 for port 15014] INFO  ipc.Server (Server.java:run(1474)) - Starting Socket Reader #8 for port 15014
2025-04-23 14:37:10,842 [Socket Reader #9 for port 15014] INFO  ipc.Server (Server.java:run(1474)) - Starting Socket Reader #9 for port 15014
2025-04-23 14:37:10,842 [Socket Reader #10 for port 15014] INFO  ipc.Server (Server.java:run(1474)) - Starting Socket Reader #10 for port 15014
2025-04-23 14:37:10,845 [main] INFO  http.BaseHttpServer (BaseHttpServer.java:newHttpServer2BuilderForOzone(229)) - Starting Web-server for ozoneManager at: http://0.0.0.0:15015
2025-04-23 14:37:10,845 [main] INFO  http.BaseHttpServer (BaseHttpServer.java:<init>(107)) - Hadoop Security Enabled: false Ozone Security Enabled: false Ozone HTTP Security Enabled: false 
2025-04-23 14:37:10,847 [main] WARN  server.AuthenticationFilter (AuthenticationFilter.java:constructSecretProvider(240)) - Unable to initialize FileSignerSecretProvider, falling back to use random secrets. Reason: Could not read signature secret file: /home/runner/hadoop-http-auth-signature-secret
2025-04-23 14:37:10,850 [main] INFO  http.HttpServer2 (HttpServer2.java:addGlobalFilter(1041)) - Added global filter 'safety' (class=org.apache.hadoop.hdds.server.http.HttpServer2$QuotingInputFilter)
2025-04-23 14:37:10,851 [main] INFO  http.HttpServer2 (HttpServer2.java:addFilter(1017)) - Added filter static_user_filter (class=org.apache.hadoop.http.lib.StaticUserWebFilter$StaticUserFilter) to context ozoneManager
2025-04-23 14:37:10,851 [main] INFO  http.HttpServer2 (HttpServer2.java:addFilter(1025)) - Added filter static_user_filter (class=org.apache.hadoop.http.lib.StaticUserWebFilter$StaticUserFilter) to context logs
2025-04-23 14:37:10,851 [main] INFO  http.HttpServer2 (HttpServer2.java:addFilter(1025)) - Added filter static_user_filter (class=org.apache.hadoop.http.lib.StaticUserWebFilter$StaticUserFilter) to context static
2025-04-23 14:37:10,852 [main] INFO  http.BaseHttpServer (BaseHttpServer.java:<init>(195)) - HTTP server of ozoneManager uses base directory /home/runner/work/ozone/ozone/hadoop-ozone/integration-test/target/test-dir/MiniOzoneClusterImpl-68853c07-42d2-4ef8-9e75-e3a852294e6a/omNode-3/webserver
2025-04-23 14:37:10,853 [main] INFO  http.HttpServer2 (HttpServer2.java:bindListener(1241)) - Jetty bound to port 15015
2025-04-23 14:37:10,853 [main] INFO  server.Server (Server.java:doStart(375)) - jetty-9.4.57.v20241219; built: 2025-01-08T21:24:30.412Z; git: df524e6b29271c2e09ba9aea83c18dc9db464a31; jvm 21.0.7+6-LTS
2025-04-23 14:37:10,854 [main] INFO  server.session (DefaultSessionIdManager.java:doStart(334)) - DefaultSessionIdManager workerName=node0
2025-04-23 14:37:10,855 [main] INFO  server.session (DefaultSessionIdManager.java:doStart(339)) - No SessionScavenger set, using defaults
2025-04-23 14:37:10,866 [main] INFO  server.session (HouseKeeper.java:startScavenging(132)) - node0 Scavenging every 660000ms
2025-04-23 14:37:10,868 [main] INFO  handler.ContextHandler (ContextHandler.java:doStart(921)) - Started o.e.j.s.ServletContextHandler@6051f3f3{logs,/logs,file:///home/runner/work/ozone/ozone/hadoop-ozone/integration-test/target/log,AVAILABLE}
2025-04-23 14:37:10,869 [main] INFO  handler.ContextHandler (ContextHandler.java:doStart(921)) - Started o.e.j.s.ServletContextHandler@65c0214e{static,/static,file:///home/runner/work/ozone/ozone/hadoop-ozone/integration-test/target/test-classes/webapps/static,AVAILABLE}
2025-04-23 14:37:10,876 [main] INFO  handler.ContextHandler (ContextHandler.java:doStart(921)) - Started o.e.j.w.WebAppContext@28245340{ozoneManager,/,file:///home/runner/work/ozone/ozone/hadoop-ozone/integration-test/target/test-classes/webapps/ozoneManager/,AVAILABLE}{file:/home/runner/work/ozone/ozone/hadoop-ozone/integration-test/target/test-classes/webapps/ozoneManager}
2025-04-23 14:37:10,878 [main] INFO  server.AbstractConnector (AbstractConnector.java:doStart(333)) - Started ServerConnector@4f8d265a{HTTP/1.1, (http/1.1)}{0.0.0.0:15015}
2025-04-23 14:37:10,878 [main] INFO  server.Server (Server.java:doStart(415)) - Started @31157ms
2025-04-23 14:37:10,878 [main] WARN  impl.MetricsSystemImpl (MetricsSystemImpl.java:register(279)) - Sink prometheus already exists!
2025-04-23 14:37:10,879 [main] INFO  http.BaseHttpServer (BaseHttpServer.java:updateConnectorAddress(360)) - HTTP server of ozoneManager listening at http://0.0.0.0:15015
2025-04-23 14:37:10,879 [IPC Server Responder] INFO  ipc.Server (Server.java:run(1713)) - IPC Server Responder: starting
2025-04-23 14:37:10,879 [IPC Server listener on 15014] INFO  ipc.Server (Server.java:run(1553)) - IPC Server listener on 15014: starting
2025-04-23 14:37:10,883 [main] INFO  om.OzoneManager (OzoneManager.java:startTrashEmptier(2257)) - Trash Interval set to 0. Files deleted won't move to trash
2025-04-23 14:37:10,884 [main] INFO  om.OzoneManager (OzoneManager.java:restart(1878)) - OzoneManager RPC server is listening at localhost/127.0.0.1:15006
2025-04-23 14:37:10,885 [main] INFO  impl.MetricsSystemImpl (MetricsSystemImpl.java:init(158)) - OzoneManager metrics system started (again)
2025-04-23 14:37:10,900 [main] WARN  server.ServerUtils (ServerUtils.java:getDBPath(297)) - ozone.om.db.dirs is not configured. We recommend adding this setting. Falling back to ozone.metadata.dirs instead.
2025-04-23 14:37:10,944 [main] INFO  om.OzoneManager (OzoneManager.java:instantiateServices(933)) - S3 Multi-Tenancy is disabled
2025-04-23 14:37:10,945 [main] INFO  om.OmSnapshotManager (OmSnapshotManager.java:<init>(180)) - Ozone filesystem snapshot feature is enabled.
2025-04-23 14:37:10,945 [main] WARN  server.ServerUtils (ServerUtils.java:getDBPath(297)) - ozone.om.snapshot.diff.db.dir is not configured. We recommend adding this setting. Falling back to ozone.metadata.dirs instead.
2025-04-23 14:37:10,968 [timer1] WARN  server.GrpcLogAppender (GrpcLogAppender.java:lambda$resetClient$1(221)) - omNode-2@group-523986131536->omNode-1-GrpcLogAppender: Follower failed (request=null, errorCount=26); keep nextIndex (23) unchanged and retry. (Repeated 8 times in the last 5.000s)
2025-04-23 14:37:10,969 [timer0] WARN  server.GrpcLogAppender (LogUtils.java:warn(121)) - omNode-2@group-523986131536->omNode-1-AppendLogResponseHandler: Failed appendEntries (Repeated 22 times in the last 5.001s): org.apache.ratis.thirdparty.io.grpc.StatusRuntimeException: UNAVAILABLE: io exception
2025-04-23 14:37:10,970 [main] WARN  dropwizard3.Dm3MetricRegistriesImpl (Dm3MetricRegistriesImpl.java:addReporterRegistration(114)) - New reporters are added after registries were created. Some metrics will be missing from the reporter. Please add reporter before adding any new registry.
2025-04-23 14:37:10,970 [main] WARN  dropwizard3.Dm3MetricRegistriesImpl (Dm3MetricRegistriesImpl.java:addReporterRegistration(114)) - New reporters are added after registries were created. Some metrics will be missing from the reporter. Please add reporter before adding any new registry.
2025-04-23 14:37:10,970 [main] WARN  server.ServerUtils (ServerUtils.java:getDefaultRatisDirectory(309)) - Storage directory for Ratis is not configured. It is a good idea to map this to an SSD disk. Falling back to ozone.metadata.dirs
2025-04-23 14:37:10,971 [main] INFO  server.RaftServerConfigKeys (ConfUtils.java:logGet(46)) - raft.server.log.appender.buffer.byte-limit = 4194304 (custom)
2025-04-23 14:37:10,972 [main] INFO  ratis.OzoneManagerRatisServer (OzoneManagerRatisServer.java:<init>(167)) - Instantiating OM Ratis server with groupID: om-service-test1 and peers: localhost:15009, localhost:15017, localhost:15013
2025-04-23 14:37:10,972 [main] INFO  ratis.OzoneManagerStateMachine (OzoneManagerStateMachine.java:loadSnapshotInfoFromDB(611)) - LastAppliedIndex is set from TransactionInfo from OM DB as (t:1, i:20)
2025-04-23 14:37:10,973 [main] INFO  server.RaftServer (ConfUtils.java:logGet(46)) - raft.rpc.type = GRPC (default)
2025-04-23 14:37:10,973 [main] INFO  grpc.GrpcConfigKeys (ConfUtils.java:logFallback(53)) - raft.grpc.admin.host = null (fallback to raft.grpc.server.host)
2025-04-23 14:37:10,973 [main] INFO  grpc.GrpcConfigKeys (ConfUtils.java:logFallback(53)) - raft.grpc.admin.port = 15009 (fallback to raft.grpc.server.port)
2025-04-23 14:37:10,973 [main] INFO  grpc.GrpcConfigKeys (ConfUtils.java:logFallback(53)) - raft.grpc.client.host = null (fallback to raft.grpc.server.host)
2025-04-23 14:37:10,974 [main] INFO  grpc.GrpcConfigKeys (ConfUtils.java:logFallback(53)) - raft.grpc.client.port = 15009 (fallback to raft.grpc.server.port)
2025-04-23 14:37:10,974 [main] INFO  grpc.GrpcConfigKeys (ConfUtils.java:logGet(46)) - raft.grpc.server.host = null (default)
2025-04-23 14:37:10,974 [main] INFO  grpc.GrpcConfigKeys (ConfUtils.java:logGet(46)) - raft.grpc.server.port = 15009 (custom)
2025-04-23 14:37:10,974 [main] INFO  server.GrpcService (ConfUtils.java:logGet(46)) - raft.grpc.message.size.max = 5242880 (custom)
2025-04-23 14:37:10,974 [main] INFO  server.GrpcService (ConfUtils.java:logGet(46)) - raft.grpc.flow.control.window = 1MB (=1048576) (default)
2025-04-23 14:37:10,974 [main] INFO  server.RaftServerConfigKeys (ConfUtils.java:logGet(46)) - raft.server.rpc.request.timeout = 3000ms (default)
2025-04-23 14:37:10,974 [main] INFO  grpc.GrpcConfigKeys (ConfUtils.java:logGet(46)) - raft.grpc.server.heartbeat.channel = true (default)
2025-04-23 14:37:10,975 [main] INFO  server.RaftServerConfigKeys (ConfUtils.java:logGet(46)) - raft.server.log.appender.buffer.byte-limit = 4194304 (custom)
2025-04-23 14:37:10,975 [main] INFO  grpc.GrpcConfigKeys (ConfUtils.java:logGet(46)) - raft.grpc.server.async.request.thread.pool.cached = true (default)
2025-04-23 14:37:10,975 [main] INFO  grpc.GrpcConfigKeys (ConfUtils.java:logGet(46)) - raft.grpc.server.async.request.thread.pool.size = 32 (default)
2025-04-23 14:37:10,976 [main] INFO  impl.DataStreamServerImpl (ConfUtils.java:logGet(46)) - raft.datastream.type = DISABLED (default)
2025-04-23 14:37:10,976 [main] INFO  server.RaftServerConfigKeys (ConfUtils.java:logGet(46)) - raft.server.sleep.deviation.threshold = 300ms (default)
2025-04-23 14:37:10,976 [main] INFO  server.RaftServerConfigKeys (ConfUtils.java:logGet(46)) - raft.server.close.threshold = 60s (default)
2025-04-23 14:37:10,976 [main] INFO  server.RaftServerConfigKeys (ConfUtils.java:logGet(46)) - raft.server.leaderelection.leader.step-down.wait-time = 10s (default)
2025-04-23 14:37:10,977 [main] INFO  server.RaftServerConfigKeys (ConfUtils.java:logGet(46)) - raft.server.storage.dir = [/home/runner/work/ozone/ozone/hadoop-ozone/integration-test/target/test-dir/MiniOzoneClusterImpl-68853c07-42d2-4ef8-9e75-e3a852294e6a/omNode-1/ratis] (custom)
2025-04-23 14:37:10,977 [main] INFO  server.RaftServerConfigKeys (ConfUtils.java:logGet(46)) - raft.server.threadpool.proxy.cached = true (default)
2025-04-23 14:37:10,977 [main] INFO  server.RaftServerConfigKeys (ConfUtils.java:logGet(46)) - raft.server.threadpool.proxy.size = 0 (default)
2025-04-23 14:37:10,977 [omNode-1-impl-thread1] INFO  server.RaftServer (RaftServerProxy.java:initGroupDir(265)) - omNode-1: found a subdirectory /home/runner/work/ozone/ozone/hadoop-ozone/integration-test/target/test-dir/MiniOzoneClusterImpl-68853c07-42d2-4ef8-9e75-e3a852294e6a/omNode-1/ratis/c9bc4cf4-3bc3-3c60-a66b-523986131536
2025-04-23 14:37:10,978 [main] INFO  server.RaftServer (RaftServerProxy.java:addNew(100)) - omNode-1: addNew group-523986131536:[omNode-3|localhost:15017, omNode-1|localhost:15009, omNode-2|localhost:15013] returns group-523986131536:java.util.concurrent.CompletableFuture@3bc00b46[Not completed]
2025-04-23 14:37:10,978 [main] INFO  om.OzoneManager (OzoneManager.java:initializeRatisServer(2303)) - OzoneManager Ratis server initialized at port 15009
2025-04-23 14:37:10,978 [main] INFO  ratis.OzoneManagerRatisServer (OzoneManagerRatisServer.java:start(628)) - Starting OzoneManagerRatisServer omNode-1 at port 15009
2025-04-23 14:37:10,978 [omNode-1-groupManagement] INFO  server.RaftServer$Division (RaftServerImpl.java:<init>(255)) - omNode-1: new RaftServerImpl for group-523986131536:[omNode-3|localhost:15017, omNode-1|localhost:15009, omNode-2|localhost:15013] with OzoneManagerStateMachine:uninitialized
2025-04-23 14:37:10,979 [omNode-1-groupManagement] INFO  server.RaftServerConfigKeys (ConfUtils.java:logGet(46)) - raft.server.rpc.timeout.min = 1s (custom)
2025-04-23 14:37:10,979 [omNode-1-groupManagement] INFO  server.RaftServerConfigKeys (ConfUtils.java:logGet(46)) - raft.server.rpc.timeout.max = 1200ms (custom)
2025-04-23 14:37:10,979 [omNode-1-groupManagement] INFO  server.RaftServerConfigKeys (ConfUtils.java:logGet(46)) - raft.server.rpc.sleep.time = 25ms (default)
2025-04-23 14:37:10,979 [omNode-1-groupManagement] INFO  server.RaftServerConfigKeys (ConfUtils.java:logGet(46)) - raft.server.rpc.slowness.timeout = 2s (custom)
2025-04-23 14:37:10,979 [omNode-1-groupManagement] INFO  server.RaftServerConfigKeys (ConfUtils.java:logGet(46)) - raft.server.leaderelection.leader.step-down.wait-time = 10s (default)
2025-04-23 14:37:10,979 [omNode-1-groupManagement] INFO  server.RaftServerConfigKeys (ConfUtils.java:logGet(46)) - raft.server.leaderelection.member.majority-add = false (default)
2025-04-23 14:37:10,980 [omNode-1-groupManagement] INFO  server.RaftServerConfigKeys (ConfUtils.java:logGet(46)) - raft.server.sleep.deviation.threshold = 300ms (default)
2025-04-23 14:37:10,980 [omNode-1-groupManagement] INFO  server.RaftServer$Division (ServerState.java:<init>(114)) - omNode-1@group-523986131536: ConfigurationManager, init=conf: {index: -1, cur=peers:[omNode-3|localhost:15017, omNode-1|localhost:15009, omNode-2|localhost:15013]|listeners:[], old=null}, confs=<EMPTY_MAP>
2025-04-23 14:37:10,980 [omNode-1-groupManagement] INFO  server.RaftServerConfigKeys (ConfUtils.java:logGet(46)) - raft.server.notification.no-leader.timeout = 2s (custom)
2025-04-23 14:37:10,980 [omNode-1-groupManagement] INFO  server.RaftServerConfigKeys (ConfUtils.java:logGet(46)) - raft.server.read.timeout = 10s (default)
2025-04-23 14:37:10,980 [omNode-1-groupManagement] INFO  server.RaftServerConfigKeys (ConfUtils.java:logGet(46)) - raft.server.retrycache.expirytime = 30000ms (custom)
2025-04-23 14:37:10,980 [omNode-1-groupManagement] INFO  server.RaftServerConfigKeys (ConfUtils.java:logGet(46)) - raft.server.retrycache.statistics.expirytime = 100ms (default)
2025-04-23 14:37:10,981 [omNode-1-groupManagement] INFO  server.RaftServerConfigKeys (ConfUtils.java:logGet(46)) - raft.server.read.option = DEFAULT (default)
2025-04-23 14:37:10,981 [omNode-1-groupManagement] INFO  server.RaftServerConfigKeys (ConfUtils.java:logGet(46)) - raft.server.read.read-after-write-consistent.write-index-cache.expiry-time = 60s (default)
2025-04-23 14:37:10,983 [omNode-1-groupManagement] INFO  server.RaftServerConfigKeys (ConfUtils.java:logGet(46)) - raft.server.rpc.request.timeout = 3000ms (default)
2025-04-23 14:37:10,983 [omNode-1-groupManagement] INFO  server.RaftServerConfigKeys (ConfUtils.java:logGet(46)) - raft.server.log.appender.install.snapshot.enabled = false (custom)
2025-04-23 14:37:10,983 [omNode-1-groupManagement] INFO  server.RaftServerConfigKeys (ConfUtils.java:logGet(46)) - raft.server.threadpool.server.cached = true (default)
2025-04-23 14:37:10,983 [omNode-1-groupManagement] INFO  server.RaftServerConfigKeys (ConfUtils.java:logGet(46)) - raft.server.threadpool.server.size = 0 (default)
2025-04-23 14:37:10,984 [omNode-1-groupManagement] INFO  server.RaftServerConfigKeys (ConfUtils.java:logGet(46)) - raft.server.threadpool.client.cached = true (default)
2025-04-23 14:37:10,984 [omNode-1-groupManagement] INFO  server.RaftServerConfigKeys (ConfUtils.java:logGet(46)) - raft.server.threadpool.client.size = 0 (default)
2025-04-23 14:37:10,984 [omNode-1-impl-thread1] INFO  server.RaftServerConfigKeys (ConfUtils.java:logGet(46)) - raft.server.storage.free-space.min = 0MB (=0) (default)
2025-04-23 14:37:10,984 [omNode-1-impl-thread1] INFO  server.RaftServerConfigKeys (ConfUtils.java:logGet(46)) - raft.server.log.corruption.policy = EXCEPTION (default)
2025-04-23 14:37:10,984 [omNode-1-impl-thread1] INFO  server.RaftServerConfigKeys (ConfUtils.java:logGet(46)) - raft.server.storage.dir = [/home/runner/work/ozone/ozone/hadoop-ozone/integration-test/target/test-dir/MiniOzoneClusterImpl-68853c07-42d2-4ef8-9e75-e3a852294e6a/omNode-1/ratis] (custom)
2025-04-23 14:37:10,985 [omNode-1-impl-thread1] INFO  storage.RaftStorageDirectory (RaftStorageDirectoryImpl.java:tryLock(229)) - Lock on /home/runner/work/ozone/ozone/hadoop-ozone/integration-test/target/test-dir/MiniOzoneClusterImpl-68853c07-42d2-4ef8-9e75-e3a852294e6a/omNode-1/ratis/c9bc4cf4-3bc3-3c60-a66b-523986131536/in_use.lock acquired by nodename 129558@fv-az1120-822
2025-04-23 14:37:10,986 [omNode-1-impl-thread1] INFO  storage.RaftStorage (RaftStorageImpl.java:analyzeAndRecoverStorage(118)) - Read RaftStorageMetadata{term=1, votedFor=omNode-1} from /home/runner/work/ozone/ozone/hadoop-ozone/integration-test/target/test-dir/MiniOzoneClusterImpl-68853c07-42d2-4ef8-9e75-e3a852294e6a/omNode-1/ratis/c9bc4cf4-3bc3-3c60-a66b-523986131536/current/raft-meta
2025-04-23 14:37:10,986 [omNode-1-impl-thread1] INFO  server.RaftServer$Division (ServerState.java:setRaftConf(386)) - omNode-1@group-523986131536: set configuration conf: {index: 0, cur=peers:[omNode-3|localhost:15017, omNode-1|localhost:15009, omNode-2|localhost:15013]|listeners:[], old=null}
2025-04-23 14:37:10,986 [omNode-1-impl-thread1] INFO  ratis.OzoneManagerStateMachine (OzoneManagerStateMachine.java:lambda$0(138)) - omNode-1: initialize group-523986131536 with (t:1, i:20)
2025-04-23 14:37:10,986 [omNode-1-impl-thread1] INFO  server.RaftServerConfigKeys (ConfUtils.java:logGet(46)) - raft.server.log.use.memory = false (default)
2025-04-23 14:37:10,987 [omNode-1-impl-thread1] INFO  server.RaftServerConfigKeys (ConfUtils.java:logGet(46)) - raft.server.log.purge.gap = 50 (custom)
2025-04-23 14:37:10,987 [omNode-1-impl-thread1] INFO  server.RaftServerConfigKeys (ConfUtils.java:logGet(46)) - raft.server.log.appender.buffer.byte-limit = 4194304 (custom)
2025-04-23 14:37:10,987 [omNode-1-impl-thread1] INFO  server.RaftServerConfigKeys (ConfUtils.java:logGet(46)) - raft.server.log.statemachine.data.read.timeout = 1000ms (default)
2025-04-23 14:37:10,987 [omNode-1-impl-thread1] INFO  server.RaftServerConfigKeys (ConfUtils.java:logGet(46)) - raft.server.log.purge.preservation.log.num = 0 (default)
2025-04-23 14:37:10,988 [omNode-1-impl-thread1] INFO  server.RaftServerConfigKeys (ConfUtils.java:logGet(46)) - raft.server.log.segment.size.max = 4194304 (custom)
2025-04-23 14:37:10,988 [omNode-1-impl-thread1] INFO  server.RaftServerConfigKeys (ConfUtils.java:logGet(46)) - raft.server.log.segment.cache.num.max = 2 (custom)
2025-04-23 14:37:10,989 [omNode-1-impl-thread1] INFO  server.RaftServerConfigKeys (ConfUtils.java:logGet(46)) - raft.server.log.segment.cache.size.max = 200MB (=209715200) (default)
2025-04-23 14:37:10,989 [omNode-1-impl-thread1] INFO  server.RaftServerConfigKeys (ConfUtils.java:logGet(46)) - raft.server.log.appender.buffer.byte-limit = 4194304 (custom)
2025-04-23 14:37:10,989 [omNode-1-impl-thread1] INFO  util.AwaitToRun (AwaitToRun.java:start(81)) - Thread[#1464,omNode-1@group-523986131536-cacheEviction-AwaitToRun,5,main] started
2025-04-23 14:37:10,989 [omNode-1-impl-thread1] INFO  segmented.SegmentedRaftLogWorker (SegmentedRaftLogWorker.java:<init>(188)) - new omNode-1@group-523986131536-SegmentedRaftLogWorker for RaftStorageImpl:Storage Directory /home/runner/work/ozone/ozone/hadoop-ozone/integration-test/target/test-dir/MiniOzoneClusterImpl-68853c07-42d2-4ef8-9e75-e3a852294e6a/omNode-1/ratis/c9bc4cf4-3bc3-3c60-a66b-523986131536
2025-04-23 14:37:10,989 [omNode-1-impl-thread1] INFO  server.RaftServerConfigKeys (ConfUtils.java:logGet(46)) - raft.server.log.queue.byte-limit = 64MB (=67108864) (default)
2025-04-23 14:37:10,989 [omNode-1-impl-thread1] INFO  server.RaftServerConfigKeys (ConfUtils.java:logGet(46)) - raft.server.log.queue.element-limit = 4096 (default)
2025-04-23 14:37:10,989 [omNode-1-impl-thread1] INFO  server.RaftServerConfigKeys (ConfUtils.java:logGet(46)) - raft.server.log.segment.size.max = 4194304 (custom)
2025-04-23 14:37:10,989 [omNode-1-impl-thread1] INFO  server.RaftServerConfigKeys (ConfUtils.java:logGet(46)) - raft.server.log.preallocated.size = 4194304 (custom)
2025-04-23 14:37:10,989 [omNode-1-impl-thread1] INFO  server.RaftServerConfigKeys (ConfUtils.java:logGet(46)) - raft.server.log.force.sync.num = 128 (default)
2025-04-23 14:37:10,989 [omNode-1-impl-thread1] INFO  server.RaftServerConfigKeys (ConfUtils.java:logGet(46)) - raft.server.log.statemachine.data.sync = true (default)
2025-04-23 14:37:10,989 [omNode-1-impl-thread1] INFO  server.RaftServerConfigKeys (ConfUtils.java:logGet(46)) - raft.server.log.statemachine.data.sync.timeout = 10s (default)
2025-04-23 14:37:10,990 [omNode-1-impl-thread1] INFO  server.RaftServerConfigKeys (ConfUtils.java:logGet(46)) - raft.server.log.statemachine.data.sync.timeout.retry = -1 (default)
2025-04-23 14:37:10,990 [omNode-1-impl-thread1] INFO  server.RaftServerConfigKeys (ConfUtils.java:logGet(46)) - raft.server.log.write.buffer.size = 4194312 (custom)
2025-04-23 14:37:10,990 [omNode-1-impl-thread1] INFO  server.RaftServerConfigKeys (ConfUtils.java:logGet(46)) - raft.server.log.appender.buffer.byte-limit = 4194304 (custom)
2025-04-23 14:37:10,990 [omNode-1-impl-thread1] INFO  server.RaftServerConfigKeys (ConfUtils.java:logGet(46)) - raft.server.log.unsafe-flush.enabled = false (default)
2025-04-23 14:37:10,990 [omNode-1-impl-thread1] INFO  server.RaftServerConfigKeys (ConfUtils.java:logGet(46)) - raft.server.log.async-flush.enabled = false (default)
2025-04-23 14:37:10,990 [omNode-1-impl-thread1] INFO  server.RaftServerConfigKeys (ConfUtils.java:logGet(46)) - raft.server.log.statemachine.data.caching.enabled = false (default)
2025-04-23 14:37:10,991 [omNode-1-impl-thread1] INFO  server.RaftServer$Division (ServerState.java:setRaftConf(386)) - omNode-1@group-523986131536: set configuration conf: {index: 0, cur=peers:[omNode-3|localhost:15017, omNode-1|localhost:15009, omNode-2|localhost:15013]|listeners:[], old=null}
2025-04-23 14:37:10,992 [omNode-1-impl-thread1] INFO  segmented.LogSegment (LogSegment.java:loadSegment(171)) - Successfully read 21 entries from segment file /home/runner/work/ozone/ozone/hadoop-ozone/integration-test/target/test-dir/MiniOzoneClusterImpl-68853c07-42d2-4ef8-9e75-e3a852294e6a/omNode-1/ratis/c9bc4cf4-3bc3-3c60-a66b-523986131536/current/log_inprogress_0
2025-04-23 14:37:10,992 [omNode-1-impl-thread1] INFO  segmented.SegmentedRaftLogWorker (SegmentedRaftLogWorker.java:lambda$new$0(139)) - omNode-1@group-523986131536-SegmentedRaftLogWorker: flushIndex: setUnconditionally 0 -> 20
2025-04-23 14:37:10,992 [omNode-1-impl-thread1] INFO  segmented.SegmentedRaftLogWorker (SegmentedRaftLogWorker.java:lambda$new$0(139)) - omNode-1@group-523986131536-SegmentedRaftLogWorker: safeCacheEvictIndex: setUnconditionally 0 -> -1
2025-04-23 14:37:10,992 [omNode-1-impl-thread1] INFO  segmented.BufferedWriteChannel (BufferedWriteChannel.java:open(61)) - open log_inprogress_0 (append) at position 3900
2025-04-23 14:37:10,993 [omNode-1-impl-thread1] INFO  server.RaftServer$Division (RaftServerImpl.java:start(391)) - omNode-1@group-523986131536: start as a follower, conf=conf: {index: 0, cur=peers:[omNode-3|localhost:15017, omNode-1|localhost:15009, omNode-2|localhost:15013]|listeners:[], old=null}
2025-04-23 14:37:10,993 [omNode-1-impl-thread1] INFO  server.RaftServer$Division (RaftServerImpl.java:setRole(378)) - omNode-1@group-523986131536: changes role from      null to FOLLOWER at term 1 for startAsFollower
2025-04-23 14:37:10,993 [omNode-1-impl-thread1] INFO  impl.RoleInfo (RoleInfo.java:updateAndGet(148)) - omNode-1: start omNode-1@group-523986131536-FollowerState
2025-04-23 14:37:10,993 [omNode-1@group-523986131536-FollowerState] INFO  server.RaftServerConfigKeys (ConfUtils.java:logFallback(53)) - raft.server.rpc.first-election.timeout.min = 1s (fallback to raft.server.rpc.timeout.min)
2025-04-23 14:37:10,993 [omNode-1@group-523986131536-FollowerState] INFO  server.RaftServerConfigKeys (ConfUtils.java:logFallback(53)) - raft.server.rpc.first-election.timeout.max = 1200ms (fallback to raft.server.rpc.timeout.max)
2025-04-23 14:37:10,994 [omNode-1-impl-thread1] INFO  util.JmxRegister (JmxRegister.java:tryRegister(44)) - Successfully registered JMX Bean with object name Ratis:service=RaftServer,group=group-523986131536,id=omNode-1
2025-04-23 14:37:10,994 [omNode-1-impl-thread1] INFO  util.JmxRegister (JmxRegister.java:register(58)) - register mxBean class org.apache.ratis.server.impl.RaftServerJmxAdapter as Ratis:service=RaftServer,group=group-523986131536,id=omNode-1
2025-04-23 14:37:10,994 [omNode-1-impl-thread1] INFO  server.RaftServerConfigKeys (ConfUtils.java:logGet(46)) - raft.server.snapshot.trigger-when-stop.enabled = true (default)
2025-04-23 14:37:10,994 [omNode-1-impl-thread1] INFO  server.RaftServerConfigKeys (ConfUtils.java:logGet(46)) - raft.server.snapshot.trigger-when-remove.enabled = true (default)
2025-04-23 14:37:10,994 [omNode-1-impl-thread1] INFO  server.RaftServerConfigKeys (ConfUtils.java:logGet(46)) - raft.server.snapshot.auto.trigger.enabled = true (custom)
2025-04-23 14:37:10,994 [omNode-1-impl-thread1] INFO  server.RaftServerConfigKeys (ConfUtils.java:logGet(46)) - raft.server.snapshot.auto.trigger.threshold = 50 (custom)
2025-04-23 14:37:10,994 [omNode-1-impl-thread1] INFO  server.RaftServerConfigKeys (ConfUtils.java:logGet(46)) - raft.server.snapshot.retention.file.num = -1 (default)
2025-04-23 14:37:10,994 [omNode-1-impl-thread1] INFO  server.RaftServerConfigKeys (ConfUtils.java:logGet(46)) - raft.server.log.purge.upto.snapshot.index = true (custom)
2025-04-23 14:37:10,995 [omNode-1-impl-thread1] INFO  server.RaftServer$Division (RaftServerImpl.java:start(405)) - omNode-1@group-523986131536: Successfully started.
2025-04-23 14:37:10,995 [main] INFO  server.RaftServer (RaftServerProxy.java:startImpl(407)) - omNode-1: start RPC server
2025-04-23 14:37:10,996 [main] INFO  server.GrpcService (GrpcService.java:startImpl(334)) - omNode-1: GrpcService started, listening on 15009
2025-04-23 14:37:10,996 [main] INFO  om.OzoneManager (OzoneManager.java:getRpcServer(1360)) - Creating RPC Server
2025-04-23 14:37:10,997 [JvmPauseMonitor9] INFO  util.JvmPauseMonitor (JvmPauseMonitor.java:run(146)) - JvmPauseMonitor-omNode-1: Started
2025-04-23 14:37:11,415 [omNode-3@group-523986131536-FollowerState] INFO  impl.FollowerState (FollowerState.java:runImpl(161)) - omNode-3@group-523986131536-FollowerState: change to CANDIDATE, lastRpcElapsedTime:1002234402ns, electionTimeout:1001ms
2025-04-23 14:37:11,416 [omNode-3@group-523986131536-FollowerState] INFO  impl.RoleInfo (RoleInfo.java:shutdownFollowerState(121)) - omNode-3: shutdown omNode-3@group-523986131536-FollowerState
2025-04-23 14:37:11,416 [omNode-3@group-523986131536-FollowerState] INFO  server.RaftServer$Division (RaftServerImpl.java:setRole(378)) - omNode-3@group-523986131536: changes role from  FOLLOWER to CANDIDATE at term 2 for changeToCandidate
2025-04-23 14:37:11,416 [omNode-3@group-523986131536-FollowerState] INFO  server.RaftServerConfigKeys (ConfUtils.java:logGet(46)) - raft.server.leaderelection.pre-vote = true (default)
2025-04-23 14:37:11,416 [omNode-3@group-523986131536-FollowerState] INFO  impl.RoleInfo (RoleInfo.java:updateAndGet(148)) - omNode-3: start omNode-3@group-523986131536-LeaderElection12
2025-04-23 14:37:11,417 [omNode-3@group-523986131536-LeaderElection12] INFO  impl.LeaderElection (LeaderElection.java:askForVotes(332)) - omNode-3@group-523986131536-LeaderElection12 PRE_VOTE round 0: submit vote requests at term 2 for conf: {index: 21, cur=peers:[omNode-3|localhost:15017, omNode-1|localhost:15009, omNode-2|localhost:15013]|listeners:[], old=null}
2025-04-23 14:37:11,417 [omNode-3@group-523986131536-LeaderElection12-1] INFO  server.GrpcServerProtocolClient (GrpcServerProtocolClient.java:<init>(65)) - Build channel for omNode-1|localhost:15009
2025-04-23 14:37:11,418 [omNode-3@group-523986131536-LeaderElection12] INFO  server.RaftServerConfigKeys (ConfUtils.java:logFallback(53)) - raft.server.rpc.first-election.timeout.min = 1s (fallback to raft.server.rpc.timeout.min)
2025-04-23 14:37:11,418 [omNode-3@group-523986131536-LeaderElection12] INFO  server.RaftServerConfigKeys (ConfUtils.java:logFallback(53)) - raft.server.rpc.first-election.timeout.max = 1200ms (fallback to raft.server.rpc.timeout.max)
2025-04-23 14:37:11,418 [omNode-3@group-523986131536-LeaderElection12-2] INFO  server.GrpcServerProtocolClient (GrpcServerProtocolClient.java:<init>(65)) - Build channel for omNode-2|localhost:15013
2025-04-23 14:37:11,421 [main] INFO  reflections.Reflections (Reflections.java:scan(219)) - Reflections took 424 ms to scan 22 urls, producing 61 keys and 7422 values
2025-04-23 14:37:11,422 [omNode-3@group-523986131536-LeaderElection12] INFO  impl.LeaderElection (LogUtils.java:infoOrTrace(136)) - omNode-3@group-523986131536-LeaderElection12 got exception when requesting votes: java.util.concurrent.ExecutionException: org.apache.ratis.thirdparty.io.grpc.StatusRuntimeException: UNAVAILABLE: io exception
2025-04-23 14:37:11,423 [main] INFO  ipc.CallQueueManager (CallQueueManager.java:<init>(93)) - Using callQueue: class java.util.concurrent.LinkedBlockingQueue, queueCapacity: 2000, scheduler: class org.apache.hadoop.ipc.DefaultRpcScheduler, ipcBackoff: false, ipcFailOver: false.
2025-04-23 14:37:11,423 [main] INFO  ipc.Server (Server.java:<init>(1438)) - Listener at localhost:15006
2025-04-23 14:37:11,424 [grpc-default-executor-4] INFO  server.RaftServer$Division (RaftServerImpl.java:requestVote(1407)) - omNode-1@group-523986131536: receive requestVote(PRE_VOTE, omNode-3, group-523986131536, 2, (t:2, i:30))
2025-04-23 14:37:11,424 [Socket Reader #2 for port 15006] INFO  ipc.Server (Server.java:run(1474)) - Starting Socket Reader #2 for port 15006
2025-04-23 14:37:11,424 [Socket Reader #1 for port 15006] INFO  ipc.Server (Server.java:run(1474)) - Starting Socket Reader #1 for port 15006
2025-04-23 14:37:11,424 [grpc-default-executor-4] INFO  impl.VoteContext (VoteContext.java:log(49)) - omNode-1@group-523986131536-FOLLOWER: accept PRE_VOTE from omNode-3: our last entry (t:1, i:20) < candidate's last entry (t:2, i:30)
2025-04-23 14:37:11,424 [Socket Reader #3 for port 15006] INFO  ipc.Server (Server.java:run(1474)) - Starting Socket Reader #3 for port 15006
2025-04-23 14:37:11,424 [grpc-default-executor-4] INFO  server.RaftServer$Division (RaftServerImpl.java:requestVote(1441)) - omNode-1@group-523986131536 replies to PRE_VOTE vote request: omNode-3<-omNode-1#0:OK-t1. Peer's state: omNode-1@group-523986131536:t1, leader=null, voted=omNode-1, raftlog=Memoized:omNode-1@group-523986131536-SegmentedRaftLog:OPENED:c20:last(t:1, i:20), conf=conf: {index: 0, cur=peers:[omNode-3|localhost:15017, omNode-1|localhost:15009, omNode-2|localhost:15013]|listeners:[], old=null}
2025-04-23 14:37:11,425 [omNode-3@group-523986131536-LeaderElection12] INFO  impl.LeaderElection (LeaderElection.java:logAndReturn(90)) - omNode-3@group-523986131536-LeaderElection12: PRE_VOTE PASSED received 1 response(s) and 1 exception(s):
2025-04-23 14:37:11,425 [omNode-3@group-523986131536-LeaderElection12] INFO  impl.LeaderElection (LeaderElection.java:logAndReturn(94)) -   Response 0: omNode-3<-omNode-1#0:OK-t1
2025-04-23 14:37:11,425 [omNode-3@group-523986131536-LeaderElection12] INFO  impl.LeaderElection (LogUtils.java:infoOrTrace(136)) -   Exception 1: java.util.concurrent.ExecutionException: org.apache.ratis.thirdparty.io.grpc.StatusRuntimeException: UNAVAILABLE: io exception
2025-04-23 14:37:11,426 [Socket Reader #5 for port 15006] INFO  ipc.Server (Server.java:run(1474)) - Starting Socket Reader #5 for port 15006
2025-04-23 14:37:11,425 [Socket Reader #4 for port 15006] INFO  ipc.Server (Server.java:run(1474)) - Starting Socket Reader #4 for port 15006
2025-04-23 14:37:11,426 [omNode-3@group-523986131536-LeaderElection12] INFO  impl.LeaderElection (LeaderElection.java:askForVotes(334)) - omNode-3@group-523986131536-LeaderElection12 PRE_VOTE round 0: result PASSED
2025-04-23 14:37:11,427 [Socket Reader #6 for port 15006] INFO  ipc.Server (Server.java:run(1474)) - Starting Socket Reader #6 for port 15006
2025-04-23 14:37:11,427 [Socket Reader #7 for port 15006] INFO  ipc.Server (Server.java:run(1474)) - Starting Socket Reader #7 for port 15006
2025-04-23 14:37:11,427 [Socket Reader #8 for port 15006] INFO  ipc.Server (Server.java:run(1474)) - Starting Socket Reader #8 for port 15006
2025-04-23 14:37:11,427 [Socket Reader #9 for port 15006] INFO  ipc.Server (Server.java:run(1474)) - Starting Socket Reader #9 for port 15006
2025-04-23 14:37:11,428 [Socket Reader #10 for port 15006] INFO  ipc.Server (Server.java:run(1474)) - Starting Socket Reader #10 for port 15006
2025-04-23 14:37:11,428 [omNode-3@group-523986131536-LeaderElection12] INFO  impl.LeaderElection (LeaderElection.java:askForVotes(332)) - omNode-3@group-523986131536-LeaderElection12 ELECTION round 0: submit vote requests at term 3 for conf: {index: 21, cur=peers:[omNode-3|localhost:15017, omNode-1|localhost:15009, omNode-2|localhost:15013]|listeners:[], old=null}
2025-04-23 14:37:11,429 [omNode-3@group-523986131536-LeaderElection12] INFO  server.RaftServerConfigKeys (ConfUtils.java:logFallback(53)) - raft.server.rpc.first-election.timeout.min = 1s (fallback to raft.server.rpc.timeout.min)
2025-04-23 14:37:11,429 [omNode-3@group-523986131536-LeaderElection12] INFO  server.RaftServerConfigKeys (ConfUtils.java:logFallback(53)) - raft.server.rpc.first-election.timeout.max = 1200ms (fallback to raft.server.rpc.timeout.max)
2025-04-23 14:37:11,430 [omNode-3@group-523986131536-LeaderElection12] INFO  impl.LeaderElection (LogUtils.java:infoOrTrace(136)) - omNode-3@group-523986131536-LeaderElection12 got exception when requesting votes: java.util.concurrent.ExecutionException: org.apache.ratis.thirdparty.io.grpc.StatusRuntimeException: UNAVAILABLE: io exception
2025-04-23 14:37:11,430 [grpc-default-executor-4] INFO  server.RaftServer$Division (RaftServerImpl.java:requestVote(1407)) - omNode-1@group-523986131536: receive requestVote(ELECTION, omNode-3, group-523986131536, 3, (t:2, i:30))
2025-04-23 14:37:11,430 [grpc-default-executor-4] INFO  impl.VoteContext (VoteContext.java:log(49)) - omNode-1@group-523986131536-FOLLOWER: accept ELECTION from omNode-3: our last entry (t:1, i:20) < candidate's last entry (t:2, i:30)
2025-04-23 14:37:11,430 [grpc-default-executor-4] INFO  server.RaftServer$Division (RaftServerImpl.java:setRole(378)) - omNode-1@group-523986131536: changes role from  FOLLOWER to FOLLOWER at term 1 for candidate:omNode-3
2025-04-23 14:37:11,430 [grpc-default-executor-4] INFO  impl.RoleInfo (RoleInfo.java:shutdownFollowerState(121)) - omNode-1: shutdown omNode-1@group-523986131536-FollowerState
2025-04-23 14:37:11,430 [omNode-1@group-523986131536-FollowerState] INFO  impl.FollowerState (FollowerState.java:runImpl(170)) - omNode-1@group-523986131536-FollowerState was interrupted
2025-04-23 14:37:11,431 [grpc-default-executor-4] INFO  impl.RoleInfo (RoleInfo.java:updateAndGet(148)) - omNode-1: start omNode-1@group-523986131536-FollowerState
2025-04-23 14:37:11,431 [main] INFO  http.BaseHttpServer (BaseHttpServer.java:newHttpServer2BuilderForOzone(229)) - Starting Web-server for ozoneManager at: http://0.0.0.0:15007
2025-04-23 14:37:11,431 [main] INFO  http.BaseHttpServer (BaseHttpServer.java:<init>(107)) - Hadoop Security Enabled: false Ozone Security Enabled: false Ozone HTTP Security Enabled: false 
2025-04-23 14:37:11,431 [grpc-default-executor-4] INFO  server.RaftServer$Division (RaftServerImpl.java:setFirstElection(562)) - omNode-1@group-523986131536: set firstElectionSinceStartup to false for candidate:omNode-3
2025-04-23 14:37:11,432 [grpc-default-executor-4] INFO  server.RaftServer$Division (RaftServerImpl.java:requestVote(1441)) - omNode-1@group-523986131536 replies to ELECTION vote request: omNode-3<-omNode-1#0:OK-t3. Peer's state: omNode-1@group-523986131536:t3, leader=null, voted=omNode-3, raftlog=Memoized:omNode-1@group-523986131536-SegmentedRaftLog:OPENED:c20:last(t:1, i:20), conf=conf: {index: 0, cur=peers:[omNode-3|localhost:15017, omNode-1|localhost:15009, omNode-2|localhost:15013]|listeners:[], old=null}
2025-04-23 14:37:11,432 [main] WARN  server.AuthenticationFilter (AuthenticationFilter.java:constructSecretProvider(240)) - Unable to initialize FileSignerSecretProvider, falling back to use random secrets. Reason: Could not read signature secret file: /home/runner/hadoop-http-auth-signature-secret
2025-04-23 14:37:11,433 [omNode-3@group-523986131536-LeaderElection12] INFO  impl.LeaderElection (LeaderElection.java:logAndReturn(90)) - omNode-3@group-523986131536-LeaderElection12: ELECTION PASSED received 1 response(s) and 1 exception(s):
2025-04-23 14:37:11,434 [omNode-3@group-523986131536-LeaderElection12] INFO  impl.LeaderElection (LeaderElection.java:logAndReturn(94)) -   Response 0: omNode-3<-omNode-1#0:OK-t3
2025-04-23 14:37:11,434 [omNode-3@group-523986131536-LeaderElection12] INFO  impl.LeaderElection (LogUtils.java:infoOrTrace(136)) -   Exception 1: java.util.concurrent.ExecutionException: org.apache.ratis.thirdparty.io.grpc.StatusRuntimeException: UNAVAILABLE: io exception
2025-04-23 14:37:11,434 [omNode-3@group-523986131536-LeaderElection12] INFO  impl.LeaderElection (LeaderElection.java:askForVotes(334)) - omNode-3@group-523986131536-LeaderElection12 ELECTION round 0: result PASSED
2025-04-23 14:37:11,434 [omNode-3@group-523986131536-LeaderElection12] INFO  impl.RoleInfo (RoleInfo.java:shutdownLeaderElection(141)) - omNode-3: shutdown omNode-3@group-523986131536-LeaderElection12
2025-04-23 14:37:11,434 [omNode-3@group-523986131536-LeaderElection12] INFO  server.RaftServer$Division (RaftServerImpl.java:setRole(378)) - omNode-3@group-523986131536: changes role from CANDIDATE to LEADER at term 3 for changeToLeader
2025-04-23 14:37:11,434 [omNode-3@group-523986131536-LeaderElection12] INFO  server.RaftServerConfigKeys (ConfUtils.java:logGet(46)) - raft.server.staging.catchup.gap = 1000 (default)
2025-04-23 14:37:11,435 [omNode-3@group-523986131536-LeaderElection12] INFO  server.RaftServerConfigKeys (ConfUtils.java:logGet(46)) - raft.server.write.element-limit = 4096 (default)
2025-04-23 14:37:11,435 [omNode-3@group-523986131536-LeaderElection12] INFO  server.RaftServerConfigKeys (ConfUtils.java:logGet(46)) - raft.server.write.byte-limit = 64MB (=67108864) (default)
2025-04-23 14:37:11,435 [omNode-3@group-523986131536-LeaderElection12] INFO  server.RaftServerConfigKeys (ConfUtils.java:logGet(46)) - raft.server.watch.timeout = 10s (default)
2025-04-23 14:37:11,435 [omNode-3@group-523986131536-LeaderElection12] INFO  server.RaftServerConfigKeys (ConfUtils.java:logGet(46)) - raft.server.watch.timeout.denomination = 1s (default)
2025-04-23 14:37:11,435 [omNode-3@group-523986131536-LeaderElection12] INFO  server.RaftServerConfigKeys (ConfUtils.java:logGet(46)) - raft.server.watch.element-limit = 65536 (default)
2025-04-23 14:37:11,436 [omNode-3@group-523986131536-LeaderElection12] INFO  server.RaftServerConfigKeys (ConfUtils.java:logGet(46)) - raft.server.read.leader.lease.enabled = false (default)
2025-04-23 14:37:11,436 [omNode-3@group-523986131536-LeaderElection12] INFO  server.RaftServerConfigKeys (ConfUtils.java:logGet(46)) - raft.server.read.leader.lease.timeout.ratio = 0.9 (default)
2025-04-23 14:37:11,436 [omNode-3@group-523986131536-LeaderElection12] INFO  server.RaftServerConfigKeys (ConfUtils.java:logGet(46)) - raft.server.rpc.timeout.min = 1s (custom)
2025-04-23 14:37:11,436 [omNode-3@group-523986131536-LeaderElection12] INFO  server.RaftServerConfigKeys (ConfUtils.java:logGet(46)) - raft.server.log.log-metadata.enabled = true (default)
2025-04-23 14:37:11,436 [omNode-3@group-523986131536-LeaderElection12] INFO  server.RaftServerConfigKeys (ConfUtils.java:logGet(46)) - raft.server.write.element-limit = 4096 (default)
2025-04-23 14:37:11,436 [omNode-3@group-523986131536-LeaderElection12] INFO  server.RaftServerConfigKeys (ConfUtils.java:logGet(46)) - raft.server.write.follower.gap.ratio.max = -1.0 (default)
2025-04-23 14:37:11,436 [main] INFO  http.HttpServer2 (HttpServer2.java:addGlobalFilter(1041)) - Added global filter 'safety' (class=org.apache.hadoop.hdds.server.http.HttpServer2$QuotingInputFilter)
2025-04-23 14:37:11,437 [main] INFO  http.HttpServer2 (HttpServer2.java:addFilter(1017)) - Added filter static_user_filter (class=org.apache.hadoop.http.lib.StaticUserWebFilter$StaticUserFilter) to context ozoneManager
2025-04-23 14:37:11,436 [omNode-3@group-523986131536-LeaderElection12] INFO  server.RaftServerConfigKeys (ConfUtils.java:logGet(46)) - raft.server.log.appender.snapshot.chunk.size.max = 16MB (=16777216) (default)
2025-04-23 14:37:11,437 [omNode-3@group-523986131536-LeaderElection12] INFO  server.RaftServerConfigKeys (ConfUtils.java:logGet(46)) - raft.server.log.appender.buffer.byte-limit = 4194304 (custom)
2025-04-23 14:37:11,437 [omNode-3@group-523986131536-LeaderElection12] INFO  server.RaftServerConfigKeys (ConfUtils.java:logGet(46)) - raft.server.log.appender.buffer.element-limit = 1024 (custom)
2025-04-23 14:37:11,437 [main] INFO  http.HttpServer2 (HttpServer2.java:addFilter(1025)) - Added filter static_user_filter (class=org.apache.hadoop.http.lib.StaticUserWebFilter$StaticUserFilter) to context static
2025-04-23 14:37:11,438 [main] INFO  http.HttpServer2 (HttpServer2.java:addFilter(1025)) - Added filter static_user_filter (class=org.apache.hadoop.http.lib.StaticUserWebFilter$StaticUserFilter) to context logs
2025-04-23 14:37:11,438 [omNode-3@group-523986131536-LeaderElection12] INFO  server.RaftServerConfigKeys (ConfUtils.java:logGet(46)) - raft.server.log.appender.wait-time.min = 0ms (custom)
2025-04-23 14:37:11,438 [omNode-3@group-523986131536-LeaderElection12] INFO  grpc.GrpcConfigKeys (ConfUtils.java:logGet(46)) - raft.grpc.server.leader.outstanding.appends.max = 8 (default)
2025-04-23 14:37:11,438 [omNode-3@group-523986131536-LeaderElection12] INFO  server.RaftServerConfigKeys (ConfUtils.java:logGet(46)) - raft.server.rpc.request.timeout = 3000ms (default)
2025-04-23 14:37:11,438 [omNode-3@group-523986131536-LeaderElection12] INFO  grpc.GrpcConfigKeys (ConfUtils.java:logGet(46)) - raft.grpc.server.install_snapshot.request.element-limit = 8 (default)
2025-04-23 14:37:11,438 [omNode-3@group-523986131536-LeaderElection12] INFO  grpc.GrpcConfigKeys (ConfUtils.java:logGet(46)) - raft.grpc.server.install_snapshot.request.timeout = 3000ms (default)
2025-04-23 14:37:11,438 [omNode-3@group-523986131536-LeaderElection12] INFO  grpc.GrpcConfigKeys (ConfUtils.java:logGet(46)) - raft.grpc.server.log-message.batch.duration = 5s (default)
2025-04-23 14:37:11,439 [omNode-3@group-523986131536-LeaderElection12] INFO  server.RaftServerConfigKeys (ConfUtils.java:logGet(46)) - raft.server.log.appender.install.snapshot.enabled = false (custom)
2025-04-23 14:37:11,439 [omNode-3@group-523986131536-LeaderElection12] INFO  grpc.GrpcConfigKeys (ConfUtils.java:logGet(46)) - raft.grpc.server.heartbeat.channel = true (default)
2025-04-23 14:37:11,439 [main] INFO  http.BaseHttpServer (BaseHttpServer.java:<init>(195)) - HTTP server of ozoneManager uses base directory /home/runner/work/ozone/ozone/hadoop-ozone/integration-test/target/test-dir/MiniOzoneClusterImpl-68853c07-42d2-4ef8-9e75-e3a852294e6a/omNode-1/webserver
2025-04-23 14:37:11,439 [main] INFO  http.HttpServer2 (HttpServer2.java:bindListener(1241)) - Jetty bound to port 15007
2025-04-23 14:37:11,439 [main] INFO  server.Server (Server.java:doStart(375)) - jetty-9.4.57.v20241219; built: 2025-01-08T21:24:30.412Z; git: df524e6b29271c2e09ba9aea83c18dc9db464a31; jvm 21.0.7+6-LTS
2025-04-23 14:37:11,439 [omNode-3@group-523986131536-LeaderElection12] INFO  server.RaftServerConfigKeys (ConfUtils.java:logGet(46)) - raft.server.log.appender.snapshot.chunk.size.max = 16MB (=16777216) (default)
2025-04-23 14:37:11,440 [omNode-3@group-523986131536-LeaderElection12] INFO  server.RaftServerConfigKeys (ConfUtils.java:logGet(46)) - raft.server.log.appender.buffer.byte-limit = 4194304 (custom)
2025-04-23 14:37:11,440 [omNode-3@group-523986131536-LeaderElection12] INFO  server.RaftServerConfigKeys (ConfUtils.java:logGet(46)) - raft.server.log.appender.buffer.element-limit = 1024 (custom)
2025-04-23 14:37:11,440 [omNode-3@group-523986131536-LeaderElection12] INFO  server.RaftServerConfigKeys (ConfUtils.java:logGet(46)) - raft.server.log.appender.wait-time.min = 0ms (custom)
2025-04-23 14:37:11,440 [omNode-3@group-523986131536-LeaderElection12] INFO  grpc.GrpcConfigKeys (ConfUtils.java:logGet(46)) - raft.grpc.server.leader.outstanding.appends.max = 8 (default)
2025-04-23 14:37:11,440 [omNode-3@group-523986131536-LeaderElection12] INFO  server.RaftServerConfigKeys (ConfUtils.java:logGet(46)) - raft.server.rpc.request.timeout = 3000ms (default)
2025-04-23 14:37:11,440 [omNode-3@group-523986131536-LeaderElection12] INFO  grpc.GrpcConfigKeys (ConfUtils.java:logGet(46)) - raft.grpc.server.install_snapshot.request.element-limit = 8 (default)
2025-04-23 14:37:11,440 [omNode-3@group-523986131536-LeaderElection12] INFO  grpc.GrpcConfigKeys (ConfUtils.java:logGet(46)) - raft.grpc.server.install_snapshot.request.timeout = 3000ms (default)
2025-04-23 14:37:11,440 [omNode-3@group-523986131536-LeaderElection12] INFO  grpc.GrpcConfigKeys (ConfUtils.java:logGet(46)) - raft.grpc.server.log-message.batch.duration = 5s (default)
2025-04-23 14:37:11,440 [omNode-3@group-523986131536-LeaderElection12] INFO  server.RaftServerConfigKeys (ConfUtils.java:logGet(46)) - raft.server.log.appender.install.snapshot.enabled = false (custom)
2025-04-23 14:37:11,440 [omNode-3@group-523986131536-LeaderElection12] INFO  grpc.GrpcConfigKeys (ConfUtils.java:logGet(46)) - raft.grpc.server.heartbeat.channel = true (default)
2025-04-23 14:37:11,440 [omNode-3@group-523986131536-LeaderElection12] INFO  impl.RoleInfo (RoleInfo.java:updateAndGet(148)) - omNode-3: start omNode-3@group-523986131536-LeaderStateImpl
2025-04-23 14:37:11,440 [omNode-3@group-523986131536-LeaderElection12] INFO  server.RaftServer$Division (RaftServerImpl.java:setFirstElection(562)) - omNode-3@group-523986131536: set firstElectionSinceStartup to false for becomeLeader
2025-04-23 14:37:11,441 [omNode-3@group-523986131536-LeaderElection12] INFO  ratis.OzoneManagerStateMachine (OzoneManagerStateMachine.java:notifyLeaderChanged(169)) - omNode-3@group-523986131536: leader changed to omNode-3
2025-04-23 14:37:11,441 [omNode-3@group-523986131536-LeaderElection12] INFO  server.RaftServer$Division (ServerState.java:setLeader(272)) - omNode-3@group-523986131536: change Leader from null to omNode-3 at term 3 for becomeLeader, leader elected after 1039ms
2025-04-23 14:37:11,441 [omNode-3@group-523986131536-LeaderElection12] INFO  segmented.SegmentedRaftLogWorker (SegmentedRaftLogWorker.java:rollLogSegment(443)) - omNode-3@group-523986131536-SegmentedRaftLogWorker: Rolling segment log-21_30 to index:30
2025-04-23 14:37:11,441 [omNode-3@group-523986131536-LeaderElection12] INFO  server.RaftServer$Division (ServerState.java:setRaftConf(386)) - omNode-3@group-523986131536: set configuration conf: {index: 31, cur=peers:[omNode-3|localhost:15017, omNode-1|localhost:15009, omNode-2|localhost:15013]|listeners:[], old=null}
2025-04-23 14:37:11,442 [omNode-3@group-523986131536-SegmentedRaftLogWorker] INFO  segmented.SegmentedRaftLogWorker (SegmentedRaftLogWorker.java:execute(601)) - omNode-3@group-523986131536-SegmentedRaftLogWorker: Rolled log segment from /home/runner/work/ozone/ozone/hadoop-ozone/integration-test/target/test-dir/MiniOzoneClusterImpl-68853c07-42d2-4ef8-9e75-e3a852294e6a/omNode-3/ratis/c9bc4cf4-3bc3-3c60-a66b-523986131536/current/log_inprogress_21 to /home/runner/work/ozone/ozone/hadoop-ozone/integration-test/target/test-dir/MiniOzoneClusterImpl-68853c07-42d2-4ef8-9e75-e3a852294e6a/omNode-3/ratis/c9bc4cf4-3bc3-3c60-a66b-523986131536/current/log_21-30
2025-04-23 14:37:11,442 [omNode-3@group-523986131536-SegmentedRaftLogWorker] INFO  segmented.BufferedWriteChannel (BufferedWriteChannel.java:open(61)) - open log_inprogress_31 at position 0
2025-04-23 14:37:11,442 [main] INFO  server.session (DefaultSessionIdManager.java:doStart(334)) - DefaultSessionIdManager workerName=node0
2025-04-23 14:37:11,442 [main] INFO  server.session (DefaultSessionIdManager.java:doStart(339)) - No SessionScavenger set, using defaults
2025-04-23 14:37:11,443 [main] INFO  server.session (HouseKeeper.java:startScavenging(132)) - node0 Scavenging every 600000ms
2025-04-23 14:37:11,444 [main] INFO  handler.ContextHandler (ContextHandler.java:doStart(921)) - Started o.e.j.s.ServletContextHandler@10d9c785{logs,/logs,file:///home/runner/work/ozone/ozone/hadoop-ozone/integration-test/target/log,AVAILABLE}
2025-04-23 14:37:11,444 [main] INFO  handler.ContextHandler (ContextHandler.java:doStart(921)) - Started o.e.j.s.ServletContextHandler@785bb7e9{static,/static,file:///home/runner/work/ozone/ozone/hadoop-ozone/integration-test/target/test-classes/webapps/static,AVAILABLE}
2025-04-23 14:37:11,446 [grpc-default-executor-7] WARN  server.GrpcLogAppender (LogUtils.java:warn(121)) - omNode-3@group-523986131536->omNode-2-AppendLogResponseHandler: Failed appendEntries: org.apache.ratis.thirdparty.io.grpc.StatusRuntimeException: UNAVAILABLE: io exception
2025-04-23 14:37:11,447 [grpc-default-executor-7] WARN  server.GrpcLogAppender (GrpcLogAppender.java:lambda$resetClient$1(221)) - omNode-3@group-523986131536->omNode-2-GrpcLogAppender: Follower failed (request=null, errorCount=1); keep nextIndex (31) unchanged and retry.
2025-04-23 14:37:11,450 [grpc-default-executor-6] WARN  server.GrpcLogAppender (GrpcLogAppender.java:lambda$resetClient$1(221)) - omNode-3@group-523986131536->omNode-2-GrpcLogAppender: Follower failed (request=null, errorCount=2); keep nextIndex (32) unchanged and retry.
2025-04-23 14:37:11,451 [main] INFO  handler.ContextHandler (ContextHandler.java:doStart(921)) - Started o.e.j.w.WebAppContext@4447188d{ozoneManager,/,file:///home/runner/work/ozone/ozone/hadoop-ozone/integration-test/target/test-classes/webapps/ozoneManager/,AVAILABLE}{file:/home/runner/work/ozone/ozone/hadoop-ozone/integration-test/target/test-classes/webapps/ozoneManager}
2025-04-23 14:37:11,453 [main] INFO  server.AbstractConnector (AbstractConnector.java:doStart(333)) - Started ServerConnector@160671d{HTTP/1.1, (http/1.1)}{0.0.0.0:15007}
2025-04-23 14:37:11,453 [main] INFO  server.Server (Server.java:doStart(415)) - Started @31732ms
2025-04-23 14:37:11,453 [main] WARN  impl.MetricsSystemImpl (MetricsSystemImpl.java:register(279)) - Sink prometheus already exists!
2025-04-23 14:37:11,453 [omNode-1-server-thread1] INFO  ratis.OzoneManagerStateMachine (OzoneManagerStateMachine.java:notifyLeaderChanged(169)) - omNode-1@group-523986131536: leader changed to omNode-3
2025-04-23 14:37:11,454 [omNode-1-server-thread1] INFO  server.RaftServer$Division (ServerState.java:setLeader(272)) - omNode-1@group-523986131536: change Leader from null to omNode-3 at term 3 for appendEntries, leader elected after 473ms
2025-04-23 14:37:11,454 [omNode-3@group-523986131536-SegmentedRaftLogWorker] INFO  segmented.SegmentedRaftLogWorker (SegmentedRaftLogWorker.java:execute(644)) - omNode-3@group-523986131536-SegmentedRaftLogWorker: created new log segment /home/runner/work/ozone/ozone/hadoop-ozone/integration-test/target/test-dir/MiniOzoneClusterImpl-68853c07-42d2-4ef8-9e75-e3a852294e6a/omNode-3/ratis/c9bc4cf4-3bc3-3c60-a66b-523986131536/current/log_inprogress_31
2025-04-23 14:37:11,454 [main] INFO  http.BaseHttpServer (BaseHttpServer.java:updateConnectorAddress(360)) - HTTP server of ozoneManager listening at http://0.0.0.0:15007
2025-04-23 14:37:11,454 [omNode-1-server-thread1] INFO  server.RaftServer$Division (RaftServerImpl.java:checkInconsistentAppendEntries(1648)) - omNode-1@group-523986131536: Failed appendEntries as previous log entry ((t:2, i:30)) is not found
2025-04-23 14:37:11,455 [omNode-1-server-thread1] INFO  server.RaftServer$Division (RaftServerImpl.java:appendEntriesAsync(1580)) - omNode-1@group-523986131536: appendEntries* reply omNode-3<-omNode-1#0:FAIL-t3,INCONSISTENCY,nextIndex=21,followerCommit=20,matchIndex=-1
2025-04-23 14:37:11,455 [omNode-1-server-thread2] INFO  server.RaftServer$Division (RaftServerImpl.java:checkInconsistentAppendEntries(1648)) - omNode-1@group-523986131536: Failed appendEntries as previous log entry ((t:2, i:30)) is not found
2025-04-23 14:37:11,455 [omNode-1-server-thread2] INFO  server.RaftServer$Division (RaftServerImpl.java:appendEntriesAsync(1580)) - omNode-1@group-523986131536: appendEntries* reply omNode-3<-omNode-1#1:FAIL-t3,INCONSISTENCY,nextIndex=21,followerCommit=20,matchIndex=-1
2025-04-23 14:37:11,455 [IPC Server Responder] INFO  ipc.Server (Server.java:run(1713)) - IPC Server Responder: starting
2025-04-23 14:37:11,456 [grpc-default-executor-6] WARN  server.GrpcLogAppender (GrpcLogAppender.java:onNextImpl(519)) - omNode-3@group-523986131536->omNode-1-AppendLogResponseHandler: received INCONSISTENCY reply with nextIndex 21, errorCount=1, request=AppendEntriesRequest:cid=0,entriesCount=0
2025-04-23 14:37:11,456 [grpc-default-executor-6] INFO  leader.FollowerInfo (FollowerInfoImpl.java:info(70)) - omNode-3@group-523986131536->omNode-1: setNextIndex nextIndex: updateUnconditionally 32 -> 21
2025-04-23 14:37:11,456 [IPC Server listener on 15006] INFO  ipc.Server (Server.java:run(1553)) - IPC Server listener on 15006: starting
2025-04-23 14:37:11,456 [grpc-default-executor-0] WARN  server.GrpcLogAppender (GrpcLogAppender.java:onNextImpl(519)) - omNode-3@group-523986131536->omNode-1-AppendLogResponseHandler: received INCONSISTENCY reply with nextIndex 21, errorCount=2, request=null
2025-04-23 14:37:11,458 [omNode-1-server-thread2] INFO  server.RaftServer$Division (ServerState.java:setRaftConf(386)) - omNode-1@group-523986131536: set configuration conf: {index: 21, cur=peers:[omNode-3|localhost:15017, omNode-1|localhost:15009, omNode-2|localhost:15013]|listeners:[], old=null}
2025-04-23 14:37:11,458 [omNode-1-server-thread2] INFO  server.RaftServer$Division (ServerState.java:setRaftConf(386)) - omNode-1@group-523986131536: set configuration conf: {index: 31, cur=peers:[omNode-3|localhost:15017, omNode-1|localhost:15009, omNode-2|localhost:15013]|listeners:[], old=null}
2025-04-23 14:37:11,458 [omNode-1-server-thread2] INFO  segmented.SegmentedRaftLogWorker (SegmentedRaftLogWorker.java:rollLogSegment(443)) - omNode-1@group-523986131536-SegmentedRaftLogWorker: Rolling segment log-0_20 to index:20
2025-04-23 14:37:11,458 [omNode-1-server-thread2] INFO  segmented.SegmentedRaftLogWorker (SegmentedRaftLogWorker.java:rollLogSegment(443)) - omNode-1@group-523986131536-SegmentedRaftLogWorker: Rolling segment log-21_30 to index:30
2025-04-23 14:37:11,459 [omNode-1@group-523986131536-SegmentedRaftLogWorker] INFO  segmented.SegmentedRaftLogWorker (SegmentedRaftLogWorker.java:execute(601)) - omNode-1@group-523986131536-SegmentedRaftLogWorker: Rolled log segment from /home/runner/work/ozone/ozone/hadoop-ozone/integration-test/target/test-dir/MiniOzoneClusterImpl-68853c07-42d2-4ef8-9e75-e3a852294e6a/omNode-1/ratis/c9bc4cf4-3bc3-3c60-a66b-523986131536/current/log_inprogress_0 to /home/runner/work/ozone/ozone/hadoop-ozone/integration-test/target/test-dir/MiniOzoneClusterImpl-68853c07-42d2-4ef8-9e75-e3a852294e6a/omNode-1/ratis/c9bc4cf4-3bc3-3c60-a66b-523986131536/current/log_0-20
2025-04-23 14:37:11,459 [omNode-1@group-523986131536-SegmentedRaftLogWorker] INFO  segmented.BufferedWriteChannel (BufferedWriteChannel.java:open(61)) - open log_inprogress_21 at position 0
2025-04-23 14:37:11,461 [main] INFO  om.OzoneManager (OzoneManager.java:startTrashEmptier(2257)) - Trash Interval set to 0. Files deleted won't move to trash
2025-04-23 14:37:11,461 [main] INFO  om.OzoneManager (OzoneManager.java:restart(1878)) - OzoneManager RPC server is listening at localhost/127.0.0.1:15010
2025-04-23 14:37:11,461 [main] INFO  impl.MetricsSystemImpl (MetricsSystemImpl.java:init(158)) - OzoneManager metrics system started (again)
2025-04-23 14:37:11,468 [omNode-1@group-523986131536-SegmentedRaftLogWorker] INFO  segmented.SegmentedRaftLogWorker (SegmentedRaftLogWorker.java:execute(644)) - omNode-1@group-523986131536-SegmentedRaftLogWorker: created new log segment /home/runner/work/ozone/ozone/hadoop-ozone/integration-test/target/test-dir/MiniOzoneClusterImpl-68853c07-42d2-4ef8-9e75-e3a852294e6a/omNode-1/ratis/c9bc4cf4-3bc3-3c60-a66b-523986131536/current/log_inprogress_21
2025-04-23 14:37:11,470 [omNode-1@group-523986131536-SegmentedRaftLogWorker] INFO  segmented.SegmentedRaftLogWorker (SegmentedRaftLogWorker.java:execute(601)) - omNode-1@group-523986131536-SegmentedRaftLogWorker: Rolled log segment from /home/runner/work/ozone/ozone/hadoop-ozone/integration-test/target/test-dir/MiniOzoneClusterImpl-68853c07-42d2-4ef8-9e75-e3a852294e6a/omNode-1/ratis/c9bc4cf4-3bc3-3c60-a66b-523986131536/current/log_inprogress_21 to /home/runner/work/ozone/ozone/hadoop-ozone/integration-test/target/test-dir/MiniOzoneClusterImpl-68853c07-42d2-4ef8-9e75-e3a852294e6a/omNode-1/ratis/c9bc4cf4-3bc3-3c60-a66b-523986131536/current/log_21-30
2025-04-23 14:37:11,470 [omNode-1@group-523986131536-SegmentedRaftLogWorker] INFO  segmented.BufferedWriteChannel (BufferedWriteChannel.java:open(61)) - open log_inprogress_31 at position 0
2025-04-23 14:37:11,479 [omNode-1@group-523986131536-SegmentedRaftLogWorker] INFO  segmented.SegmentedRaftLogWorker (SegmentedRaftLogWorker.java:execute(644)) - omNode-1@group-523986131536-SegmentedRaftLogWorker: created new log segment /home/runner/work/ozone/ozone/hadoop-ozone/integration-test/target/test-dir/MiniOzoneClusterImpl-68853c07-42d2-4ef8-9e75-e3a852294e6a/omNode-1/ratis/c9bc4cf4-3bc3-3c60-a66b-523986131536/current/log_inprogress_31
2025-04-23 14:37:11,479 [main] WARN  server.ServerUtils (ServerUtils.java:getDBPath(297)) - ozone.om.db.dirs is not configured. We recommend adding this setting. Falling back to ozone.metadata.dirs instead.
2025-04-23 14:37:11,483 [grpc-default-executor-0] WARN  server.GrpcLogAppender (GrpcLogAppender.java:lambda$resetClient$1(221)) - omNode-3@group-523986131536->omNode-2-GrpcLogAppender: Follower failed (request=null, errorCount=5); keep nextIndex (33) unchanged and retry.
2025-04-23 14:37:11,483 [omNode-1@group-523986131536-StateMachineUpdater] INFO  ratis.OzoneManagerStateMachine (OzoneManagerStateMachine.java:notifyConfigurationChanged(231)) - notifyConfigurationChanged from Ratis: term=2, index=21, New Peer list: omNode-3(localhost:15017), omNode-1(localhost:15009), omNode-2(localhost:15013)
2025-04-23 14:37:11,483 [omNode-3@group-523986131536-StateMachineUpdater] INFO  ratis.OzoneManagerStateMachine (OzoneManagerStateMachine.java:notifyConfigurationChanged(231)) - notifyConfigurationChanged from Ratis: term=3, index=31, New Peer list: omNode-3(localhost:15017), omNode-1(localhost:15009), omNode-2(localhost:15013)
2025-04-23 14:37:11,483 [omNode-3@group-523986131536-StateMachineUpdater] INFO  server.RaftServer$Division (LeaderStateImpl.java:checkStartIndex(313)) - Leader omNode-3@group-523986131536-LeaderStateImpl is ready since appliedIndex == startIndex == 31
2025-04-23 14:37:11,487 [omNode-1@group-523986131536-StateMachineUpdater] INFO  ratis.OzoneManagerStateMachine (OzoneManagerStateMachine.java:notifyConfigurationChanged(231)) - notifyConfigurationChanged from Ratis: term=3, index=31, New Peer list: omNode-3(localhost:15017), omNode-1(localhost:15009), omNode-2(localhost:15013)
2025-04-23 14:37:11,535 [main] INFO  om.OzoneManager (OzoneManager.java:instantiateServices(933)) - S3 Multi-Tenancy is disabled
2025-04-23 14:37:11,536 [main] INFO  om.OmSnapshotManager (OmSnapshotManager.java:<init>(180)) - Ozone filesystem snapshot feature is enabled.
2025-04-23 14:37:11,537 [main] WARN  server.ServerUtils (ServerUtils.java:getDBPath(297)) - ozone.om.snapshot.diff.db.dir is not configured. We recommend adding this setting. Falling back to ozone.metadata.dirs instead.
2025-04-23 14:37:11,553 [main] WARN  dropwizard3.Dm3MetricRegistriesImpl (Dm3MetricRegistriesImpl.java:addReporterRegistration(114)) - New reporters are added after registries were created. Some metrics will be missing from the reporter. Please add reporter before adding any new registry.
2025-04-23 14:37:11,554 [main] WARN  dropwizard3.Dm3MetricRegistriesImpl (Dm3MetricRegistriesImpl.java:addReporterRegistration(114)) - New reporters are added after registries were created. Some metrics will be missing from the reporter. Please add reporter before adding any new registry.
2025-04-23 14:37:11,554 [main] WARN  server.ServerUtils (ServerUtils.java:getDefaultRatisDirectory(309)) - Storage directory for Ratis is not configured. It is a good idea to map this to an SSD disk. Falling back to ozone.metadata.dirs
2025-04-23 14:37:11,555 [main] INFO  server.RaftServerConfigKeys (ConfUtils.java:logGet(46)) - raft.server.log.appender.buffer.byte-limit = 4194304 (custom)
2025-04-23 14:37:11,556 [main] INFO  ratis.OzoneManagerRatisServer (OzoneManagerRatisServer.java:<init>(167)) - Instantiating OM Ratis server with groupID: om-service-test1 and peers: localhost:15013, localhost:15017, localhost:15009
2025-04-23 14:37:11,556 [main] INFO  ratis.OzoneManagerStateMachine (OzoneManagerStateMachine.java:loadSnapshotInfoFromDB(611)) - LastAppliedIndex is set from TransactionInfo from OM DB as (t:2, i:30)
2025-04-23 14:37:11,557 [main] INFO  server.RaftServer (ConfUtils.java:logGet(46)) - raft.rpc.type = GRPC (default)
2025-04-23 14:37:11,557 [main] INFO  grpc.GrpcConfigKeys (ConfUtils.java:logFallback(53)) - raft.grpc.admin.host = null (fallback to raft.grpc.server.host)
2025-04-23 14:37:11,557 [main] INFO  grpc.GrpcConfigKeys (ConfUtils.java:logFallback(53)) - raft.grpc.admin.port = 15013 (fallback to raft.grpc.server.port)
2025-04-23 14:37:11,557 [main] INFO  grpc.GrpcConfigKeys (ConfUtils.java:logFallback(53)) - raft.grpc.client.host = null (fallback to raft.grpc.server.host)
2025-04-23 14:37:11,557 [main] INFO  grpc.GrpcConfigKeys (ConfUtils.java:logFallback(53)) - raft.grpc.client.port = 15013 (fallback to raft.grpc.server.port)
2025-04-23 14:37:11,557 [main] INFO  grpc.GrpcConfigKeys (ConfUtils.java:logGet(46)) - raft.grpc.server.host = null (default)
2025-04-23 14:37:11,557 [main] INFO  grpc.GrpcConfigKeys (ConfUtils.java:logGet(46)) - raft.grpc.server.port = 15013 (custom)
2025-04-23 14:37:11,558 [main] INFO  server.GrpcService (ConfUtils.java:logGet(46)) - raft.grpc.message.size.max = 5242880 (custom)
2025-04-23 14:37:11,558 [main] INFO  server.GrpcService (ConfUtils.java:logGet(46)) - raft.grpc.flow.control.window = 1MB (=1048576) (default)
2025-04-23 14:37:11,558 [main] INFO  server.RaftServerConfigKeys (ConfUtils.java:logGet(46)) - raft.server.rpc.request.timeout = 3000ms (default)
2025-04-23 14:37:11,558 [main] INFO  grpc.GrpcConfigKeys (ConfUtils.java:logGet(46)) - raft.grpc.server.heartbeat.channel = true (default)
2025-04-23 14:37:11,558 [main] INFO  server.RaftServerConfigKeys (ConfUtils.java:logGet(46)) - raft.server.log.appender.buffer.byte-limit = 4194304 (custom)
2025-04-23 14:37:11,558 [main] INFO  grpc.GrpcConfigKeys (ConfUtils.java:logGet(46)) - raft.grpc.server.async.request.thread.pool.cached = true (default)
2025-04-23 14:37:11,558 [main] INFO  grpc.GrpcConfigKeys (ConfUtils.java:logGet(46)) - raft.grpc.server.async.request.thread.pool.size = 32 (default)
2025-04-23 14:37:11,559 [main] INFO  impl.DataStreamServerImpl (ConfUtils.java:logGet(46)) - raft.datastream.type = DISABLED (default)
2025-04-23 14:37:11,559 [main] INFO  server.RaftServerConfigKeys (ConfUtils.java:logGet(46)) - raft.server.sleep.deviation.threshold = 300ms (default)
2025-04-23 14:37:11,560 [main] INFO  server.RaftServerConfigKeys (ConfUtils.java:logGet(46)) - raft.server.close.threshold = 60s (default)
2025-04-23 14:37:11,560 [main] INFO  server.RaftServerConfigKeys (ConfUtils.java:logGet(46)) - raft.server.leaderelection.leader.step-down.wait-time = 10s (default)
2025-04-23 14:37:11,560 [main] INFO  server.RaftServerConfigKeys (ConfUtils.java:logGet(46)) - raft.server.storage.dir = [/home/runner/work/ozone/ozone/hadoop-ozone/integration-test/target/test-dir/MiniOzoneClusterImpl-68853c07-42d2-4ef8-9e75-e3a852294e6a/omNode-2/ratis] (custom)
2025-04-23 14:37:11,560 [main] INFO  server.RaftServerConfigKeys (ConfUtils.java:logGet(46)) - raft.server.threadpool.proxy.cached = true (default)
2025-04-23 14:37:11,560 [main] INFO  server.RaftServerConfigKeys (ConfUtils.java:logGet(46)) - raft.server.threadpool.proxy.size = 0 (default)
2025-04-23 14:37:11,561 [omNode-2-impl-thread1] INFO  server.RaftServer (RaftServerProxy.java:initGroupDir(265)) - omNode-2: found a subdirectory /home/runner/work/ozone/ozone/hadoop-ozone/integration-test/target/test-dir/MiniOzoneClusterImpl-68853c07-42d2-4ef8-9e75-e3a852294e6a/omNode-2/ratis/c9bc4cf4-3bc3-3c60-a66b-523986131536
2025-04-23 14:37:11,561 [main] INFO  server.RaftServer (RaftServerProxy.java:addNew(100)) - omNode-2: addNew group-523986131536:[omNode-3|localhost:15017, omNode-1|localhost:15009, omNode-2|localhost:15013] returns group-523986131536:java.util.concurrent.CompletableFuture@612b1b5[Not completed]
2025-04-23 14:37:11,561 [main] INFO  om.OzoneManager (OzoneManager.java:initializeRatisServer(2303)) - OzoneManager Ratis server initialized at port 15013
2025-04-23 14:37:11,561 [main] INFO  ratis.OzoneManagerRatisServer (OzoneManagerRatisServer.java:start(628)) - Starting OzoneManagerRatisServer omNode-2 at port 15013
2025-04-23 14:37:11,561 [omNode-2-groupManagement] INFO  server.RaftServer$Division (RaftServerImpl.java:<init>(255)) - omNode-2: new RaftServerImpl for group-523986131536:[omNode-3|localhost:15017, omNode-1|localhost:15009, omNode-2|localhost:15013] with OzoneManagerStateMachine:uninitialized
2025-04-23 14:37:11,561 [omNode-2-groupManagement] INFO  server.RaftServerConfigKeys (ConfUtils.java:logGet(46)) - raft.server.rpc.timeout.min = 1s (custom)
2025-04-23 14:37:11,561 [omNode-2-groupManagement] INFO  server.RaftServerConfigKeys (ConfUtils.java:logGet(46)) - raft.server.rpc.timeout.max = 1200ms (custom)
2025-04-23 14:37:11,562 [omNode-2-groupManagement] INFO  server.RaftServerConfigKeys (ConfUtils.java:logGet(46)) - raft.server.rpc.sleep.time = 25ms (default)
2025-04-23 14:37:11,562 [omNode-2-groupManagement] INFO  server.RaftServerConfigKeys (ConfUtils.java:logGet(46)) - raft.server.rpc.slowness.timeout = 2s (custom)
2025-04-23 14:37:11,562 [omNode-2-groupManagement] INFO  server.RaftServerConfigKeys (ConfUtils.java:logGet(46)) - raft.server.leaderelection.leader.step-down.wait-time = 10s (default)
2025-04-23 14:37:11,562 [omNode-2-groupManagement] INFO  server.RaftServerConfigKeys (ConfUtils.java:logGet(46)) - raft.server.leaderelection.member.majority-add = false (default)
2025-04-23 14:37:11,562 [omNode-2-groupManagement] INFO  server.RaftServerConfigKeys (ConfUtils.java:logGet(46)) - raft.server.sleep.deviation.threshold = 300ms (default)
2025-04-23 14:37:11,562 [omNode-2-groupManagement] INFO  server.RaftServer$Division (ServerState.java:<init>(114)) - omNode-2@group-523986131536: ConfigurationManager, init=conf: {index: -1, cur=peers:[omNode-3|localhost:15017, omNode-1|localhost:15009, omNode-2|localhost:15013]|listeners:[], old=null}, confs=<EMPTY_MAP>
2025-04-23 14:37:11,562 [omNode-2-groupManagement] INFO  server.RaftServerConfigKeys (ConfUtils.java:logGet(46)) - raft.server.notification.no-leader.timeout = 2s (custom)
2025-04-23 14:37:11,562 [omNode-2-groupManagement] INFO  server.RaftServerConfigKeys (ConfUtils.java:logGet(46)) - raft.server.read.timeout = 10s (default)
2025-04-23 14:37:11,562 [omNode-2-groupManagement] INFO  server.RaftServerConfigKeys (ConfUtils.java:logGet(46)) - raft.server.retrycache.expirytime = 30000ms (custom)
2025-04-23 14:37:11,562 [omNode-2-groupManagement] INFO  server.RaftServerConfigKeys (ConfUtils.java:logGet(46)) - raft.server.retrycache.statistics.expirytime = 100ms (default)
2025-04-23 14:37:11,562 [omNode-2-groupManagement] INFO  server.RaftServerConfigKeys (ConfUtils.java:logGet(46)) - raft.server.read.option = DEFAULT (default)
2025-04-23 14:37:11,562 [omNode-2-groupManagement] INFO  server.RaftServerConfigKeys (ConfUtils.java:logGet(46)) - raft.server.read.read-after-write-consistent.write-index-cache.expiry-time = 60s (default)
2025-04-23 14:37:11,574 [omNode-2-groupManagement] INFO  server.RaftServerConfigKeys (ConfUtils.java:logGet(46)) - raft.server.rpc.request.timeout = 3000ms (default)
2025-04-23 14:37:11,574 [omNode-2-groupManagement] INFO  server.RaftServerConfigKeys (ConfUtils.java:logGet(46)) - raft.server.log.appender.install.snapshot.enabled = false (custom)
2025-04-23 14:37:11,574 [omNode-2-groupManagement] INFO  server.RaftServerConfigKeys (ConfUtils.java:logGet(46)) - raft.server.threadpool.server.cached = true (default)
2025-04-23 14:37:11,574 [omNode-2-groupManagement] INFO  server.RaftServerConfigKeys (ConfUtils.java:logGet(46)) - raft.server.threadpool.server.size = 0 (default)
2025-04-23 14:37:11,574 [omNode-2-groupManagement] INFO  server.RaftServerConfigKeys (ConfUtils.java:logGet(46)) - raft.server.threadpool.client.cached = true (default)
2025-04-23 14:37:11,575 [omNode-2-groupManagement] INFO  server.RaftServerConfigKeys (ConfUtils.java:logGet(46)) - raft.server.threadpool.client.size = 0 (default)
2025-04-23 14:37:11,575 [omNode-2-impl-thread1] INFO  server.RaftServerConfigKeys (ConfUtils.java:logGet(46)) - raft.server.storage.free-space.min = 0MB (=0) (default)
2025-04-23 14:37:11,575 [omNode-2-impl-thread1] INFO  server.RaftServerConfigKeys (ConfUtils.java:logGet(46)) - raft.server.log.corruption.policy = EXCEPTION (default)
2025-04-23 14:37:11,575 [omNode-2-impl-thread1] INFO  server.RaftServerConfigKeys (ConfUtils.java:logGet(46)) - raft.server.storage.dir = [/home/runner/work/ozone/ozone/hadoop-ozone/integration-test/target/test-dir/MiniOzoneClusterImpl-68853c07-42d2-4ef8-9e75-e3a852294e6a/omNode-2/ratis] (custom)
2025-04-23 14:37:11,577 [omNode-2-impl-thread1] INFO  storage.RaftStorageDirectory (RaftStorageDirectoryImpl.java:tryLock(229)) - Lock on /home/runner/work/ozone/ozone/hadoop-ozone/integration-test/target/test-dir/MiniOzoneClusterImpl-68853c07-42d2-4ef8-9e75-e3a852294e6a/omNode-2/ratis/c9bc4cf4-3bc3-3c60-a66b-523986131536/in_use.lock acquired by nodename 129558@fv-az1120-822
2025-04-23 14:37:11,578 [omNode-2-impl-thread1] INFO  storage.RaftStorage (RaftStorageImpl.java:analyzeAndRecoverStorage(118)) - Read RaftStorageMetadata{term=2, votedFor=omNode-2} from /home/runner/work/ozone/ozone/hadoop-ozone/integration-test/target/test-dir/MiniOzoneClusterImpl-68853c07-42d2-4ef8-9e75-e3a852294e6a/omNode-2/ratis/c9bc4cf4-3bc3-3c60-a66b-523986131536/current/raft-meta
2025-04-23 14:37:11,579 [omNode-2-impl-thread1] INFO  server.RaftServer$Division (ServerState.java:setRaftConf(386)) - omNode-2@group-523986131536: set configuration conf: {index: 21, cur=peers:[omNode-3|localhost:15017, omNode-1|localhost:15009, omNode-2|localhost:15013]|listeners:[], old=null}
2025-04-23 14:37:11,579 [omNode-2-impl-thread1] INFO  ratis.OzoneManagerStateMachine (OzoneManagerStateMachine.java:lambda$0(138)) - omNode-2: initialize group-523986131536 with (t:2, i:30)
2025-04-23 14:37:11,579 [omNode-2-impl-thread1] INFO  server.RaftServerConfigKeys (ConfUtils.java:logGet(46)) - raft.server.log.use.memory = false (default)
2025-04-23 14:37:11,579 [omNode-2-impl-thread1] INFO  server.RaftServerConfigKeys (ConfUtils.java:logGet(46)) - raft.server.log.purge.gap = 50 (custom)
2025-04-23 14:37:11,580 [omNode-2-impl-thread1] INFO  server.RaftServerConfigKeys (ConfUtils.java:logGet(46)) - raft.server.log.appender.buffer.byte-limit = 4194304 (custom)
2025-04-23 14:37:11,580 [omNode-2-impl-thread1] INFO  server.RaftServerConfigKeys (ConfUtils.java:logGet(46)) - raft.server.log.statemachine.data.read.timeout = 1000ms (default)
2025-04-23 14:37:11,580 [omNode-2-impl-thread1] INFO  server.RaftServerConfigKeys (ConfUtils.java:logGet(46)) - raft.server.log.purge.preservation.log.num = 0 (default)
2025-04-23 14:37:11,581 [omNode-2-impl-thread1] INFO  server.RaftServerConfigKeys (ConfUtils.java:logGet(46)) - raft.server.log.segment.size.max = 4194304 (custom)
2025-04-23 14:37:11,581 [omNode-2-impl-thread1] INFO  server.RaftServerConfigKeys (ConfUtils.java:logGet(46)) - raft.server.log.segment.cache.num.max = 2 (custom)
2025-04-23 14:37:11,581 [omNode-2-impl-thread1] INFO  server.RaftServerConfigKeys (ConfUtils.java:logGet(46)) - raft.server.log.segment.cache.size.max = 200MB (=209715200) (default)
2025-04-23 14:37:11,582 [omNode-2-impl-thread1] INFO  server.RaftServerConfigKeys (ConfUtils.java:logGet(46)) - raft.server.log.appender.buffer.byte-limit = 4194304 (custom)
2025-04-23 14:37:11,585 [omNode-2-impl-thread1] INFO  util.AwaitToRun (AwaitToRun.java:start(81)) - Thread[#1563,omNode-2@group-523986131536-cacheEviction-AwaitToRun,5,main] started
2025-04-23 14:37:11,585 [omNode-2-impl-thread1] INFO  segmented.SegmentedRaftLogWorker (SegmentedRaftLogWorker.java:<init>(188)) - new omNode-2@group-523986131536-SegmentedRaftLogWorker for RaftStorageImpl:Storage Directory /home/runner/work/ozone/ozone/hadoop-ozone/integration-test/target/test-dir/MiniOzoneClusterImpl-68853c07-42d2-4ef8-9e75-e3a852294e6a/omNode-2/ratis/c9bc4cf4-3bc3-3c60-a66b-523986131536
2025-04-23 14:37:11,585 [omNode-2-impl-thread1] INFO  server.RaftServerConfigKeys (ConfUtils.java:logGet(46)) - raft.server.log.queue.byte-limit = 64MB (=67108864) (default)
2025-04-23 14:37:11,585 [omNode-2-impl-thread1] INFO  server.RaftServerConfigKeys (ConfUtils.java:logGet(46)) - raft.server.log.queue.element-limit = 4096 (default)
2025-04-23 14:37:11,585 [omNode-2-impl-thread1] INFO  server.RaftServerConfigKeys (ConfUtils.java:logGet(46)) - raft.server.log.segment.size.max = 4194304 (custom)
2025-04-23 14:37:11,585 [omNode-2-impl-thread1] INFO  server.RaftServerConfigKeys (ConfUtils.java:logGet(46)) - raft.server.log.preallocated.size = 4194304 (custom)
2025-04-23 14:37:11,585 [omNode-2-impl-thread1] INFO  server.RaftServerConfigKeys (ConfUtils.java:logGet(46)) - raft.server.log.force.sync.num = 128 (default)
2025-04-23 14:37:11,585 [omNode-2-impl-thread1] INFO  server.RaftServerConfigKeys (ConfUtils.java:logGet(46)) - raft.server.log.statemachine.data.sync = true (default)
2025-04-23 14:37:11,585 [omNode-2-impl-thread1] INFO  server.RaftServerConfigKeys (ConfUtils.java:logGet(46)) - raft.server.log.statemachine.data.sync.timeout = 10s (default)
2025-04-23 14:37:11,585 [omNode-2-impl-thread1] INFO  server.RaftServerConfigKeys (ConfUtils.java:logGet(46)) - raft.server.log.statemachine.data.sync.timeout.retry = -1 (default)
2025-04-23 14:37:11,586 [omNode-2-impl-thread1] INFO  server.RaftServerConfigKeys (ConfUtils.java:logGet(46)) - raft.server.log.write.buffer.size = 4194312 (custom)
2025-04-23 14:37:11,587 [omNode-2-impl-thread1] INFO  server.RaftServerConfigKeys (ConfUtils.java:logGet(46)) - raft.server.log.appender.buffer.byte-limit = 4194304 (custom)
2025-04-23 14:37:11,587 [omNode-2-impl-thread1] INFO  server.RaftServerConfigKeys (ConfUtils.java:logGet(46)) - raft.server.log.unsafe-flush.enabled = false (default)
2025-04-23 14:37:11,587 [omNode-2-impl-thread1] INFO  server.RaftServerConfigKeys (ConfUtils.java:logGet(46)) - raft.server.log.async-flush.enabled = false (default)
2025-04-23 14:37:11,587 [omNode-2-impl-thread1] INFO  server.RaftServerConfigKeys (ConfUtils.java:logGet(46)) - raft.server.log.statemachine.data.caching.enabled = false (default)
2025-04-23 14:37:11,588 [omNode-2-impl-thread1] INFO  server.RaftServer$Division (ServerState.java:setRaftConf(386)) - omNode-2@group-523986131536: set configuration conf: {index: 0, cur=peers:[omNode-3|localhost:15017, omNode-1|localhost:15009, omNode-2|localhost:15013]|listeners:[], old=null}
2025-04-23 14:37:11,589 [omNode-2-impl-thread1] INFO  segmented.LogSegment (LogSegment.java:loadSegment(171)) - Successfully read 21 entries from segment file /home/runner/work/ozone/ozone/hadoop-ozone/integration-test/target/test-dir/MiniOzoneClusterImpl-68853c07-42d2-4ef8-9e75-e3a852294e6a/omNode-2/ratis/c9bc4cf4-3bc3-3c60-a66b-523986131536/current/log_0-20
2025-04-23 14:37:11,590 [omNode-2-impl-thread1] INFO  server.RaftServer$Division (ServerState.java:setRaftConf(386)) - omNode-2@group-523986131536: set configuration conf: {index: 21, cur=peers:[omNode-3|localhost:15017, omNode-1|localhost:15009, omNode-2|localhost:15013]|listeners:[], old=null}
2025-04-23 14:37:11,590 [omNode-2-impl-thread1] INFO  segmented.LogSegment (LogSegment.java:loadSegment(171)) - Successfully read 10 entries from segment file /home/runner/work/ozone/ozone/hadoop-ozone/integration-test/target/test-dir/MiniOzoneClusterImpl-68853c07-42d2-4ef8-9e75-e3a852294e6a/omNode-2/ratis/c9bc4cf4-3bc3-3c60-a66b-523986131536/current/log_inprogress_21
2025-04-23 14:37:11,590 [omNode-2-impl-thread1] INFO  segmented.SegmentedRaftLogWorker (SegmentedRaftLogWorker.java:lambda$new$0(139)) - omNode-2@group-523986131536-SegmentedRaftLogWorker: flushIndex: setUnconditionally 0 -> 30
2025-04-23 14:37:11,591 [omNode-2-impl-thread1] INFO  segmented.SegmentedRaftLogWorker (SegmentedRaftLogWorker.java:lambda$new$0(139)) - omNode-2@group-523986131536-SegmentedRaftLogWorker: safeCacheEvictIndex: setUnconditionally 0 -> 20
2025-04-23 14:37:11,591 [omNode-2-impl-thread1] INFO  segmented.BufferedWriteChannel (BufferedWriteChannel.java:open(61)) - open log_inprogress_21 (append) at position 2317
2025-04-23 14:37:11,591 [omNode-2-impl-thread1] INFO  server.RaftServer$Division (RaftServerImpl.java:start(391)) - omNode-2@group-523986131536: start as a follower, conf=conf: {index: 21, cur=peers:[omNode-3|localhost:15017, omNode-1|localhost:15009, omNode-2|localhost:15013]|listeners:[], old=null}
2025-04-23 14:37:11,591 [omNode-2-impl-thread1] INFO  server.RaftServer$Division (RaftServerImpl.java:setRole(378)) - omNode-2@group-523986131536: changes role from      null to FOLLOWER at term 2 for startAsFollower
2025-04-23 14:37:11,592 [omNode-2-impl-thread1] INFO  impl.RoleInfo (RoleInfo.java:updateAndGet(148)) - omNode-2: start omNode-2@group-523986131536-FollowerState
2025-04-23 14:37:11,592 [omNode-2@group-523986131536-FollowerState] INFO  server.RaftServerConfigKeys (ConfUtils.java:logFallback(53)) - raft.server.rpc.first-election.timeout.min = 1s (fallback to raft.server.rpc.timeout.min)
2025-04-23 14:37:11,592 [omNode-2@group-523986131536-FollowerState] INFO  server.RaftServerConfigKeys (ConfUtils.java:logFallback(53)) - raft.server.rpc.first-election.timeout.max = 1200ms (fallback to raft.server.rpc.timeout.max)
2025-04-23 14:37:11,593 [omNode-2-impl-thread1] INFO  util.JmxRegister (JmxRegister.java:tryRegister(44)) - Successfully registered JMX Bean with object name Ratis:service=RaftServer,group=group-523986131536,id=omNode-2
2025-04-23 14:37:11,593 [omNode-2-impl-thread1] INFO  util.JmxRegister (JmxRegister.java:register(58)) - register mxBean class org.apache.ratis.server.impl.RaftServerJmxAdapter as Ratis:service=RaftServer,group=group-523986131536,id=omNode-2
2025-04-23 14:37:11,593 [omNode-2-impl-thread1] INFO  server.RaftServerConfigKeys (ConfUtils.java:logGet(46)) - raft.server.snapshot.trigger-when-stop.enabled = true (default)
2025-04-23 14:37:11,593 [omNode-2-impl-thread1] INFO  server.RaftServerConfigKeys (ConfUtils.java:logGet(46)) - raft.server.snapshot.trigger-when-remove.enabled = true (default)
2025-04-23 14:37:11,593 [omNode-2-impl-thread1] INFO  server.RaftServerConfigKeys (ConfUtils.java:logGet(46)) - raft.server.snapshot.auto.trigger.enabled = true (custom)
2025-04-23 14:37:11,593 [omNode-2-impl-thread1] INFO  server.RaftServerConfigKeys (ConfUtils.java:logGet(46)) - raft.server.snapshot.auto.trigger.threshold = 50 (custom)
2025-04-23 14:37:11,593 [omNode-2-impl-thread1] INFO  server.RaftServerConfigKeys (ConfUtils.java:logGet(46)) - raft.server.snapshot.retention.file.num = -1 (default)
2025-04-23 14:37:11,593 [omNode-2-impl-thread1] INFO  server.RaftServerConfigKeys (ConfUtils.java:logGet(46)) - raft.server.log.purge.upto.snapshot.index = true (custom)
2025-04-23 14:37:11,594 [omNode-2-impl-thread1] INFO  server.RaftServer$Division (RaftServerImpl.java:start(405)) - omNode-2@group-523986131536: Successfully started.
2025-04-23 14:37:11,594 [main] INFO  server.RaftServer (RaftServerProxy.java:startImpl(407)) - omNode-2: start RPC server
2025-04-23 14:37:11,595 [main] INFO  server.GrpcService (GrpcService.java:startImpl(334)) - omNode-2: GrpcService started, listening on 15013
2025-04-23 14:37:11,596 [main] INFO  om.OzoneManager (OzoneManager.java:getRpcServer(1360)) - Creating RPC Server
2025-04-23 14:37:11,596 [JvmPauseMonitor10] INFO  util.JvmPauseMonitor (JvmPauseMonitor.java:run(146)) - JvmPauseMonitor-omNode-2: Started
2025-04-23 14:37:11,960 [omNode-2-server-thread1] INFO  server.RaftServer$Division (RaftServerImpl.java:setFirstElection(562)) - omNode-2@group-523986131536: set firstElectionSinceStartup to false for appendEntries
2025-04-23 14:37:11,961 [omNode-2-server-thread1] INFO  ratis.OzoneManagerStateMachine (OzoneManagerStateMachine.java:notifyLeaderChanged(169)) - omNode-2@group-523986131536: leader changed to omNode-3
2025-04-23 14:37:11,961 [omNode-2-server-thread1] INFO  server.RaftServer$Division (ServerState.java:setLeader(272)) - omNode-2@group-523986131536: change Leader from null to omNode-3 at term 3 for appendEntries, leader elected after 398ms
2025-04-23 14:37:11,961 [omNode-2-server-thread1] INFO  server.RaftServer$Division (RaftServerImpl.java:checkInconsistentAppendEntries(1648)) - omNode-2@group-523986131536: Failed appendEntries as previous log entry ((t:3, i:32)) is not found
2025-04-23 14:37:11,961 [omNode-2-server-thread1] INFO  server.RaftServer$Division (RaftServerImpl.java:appendEntriesAsync(1580)) - omNode-2@group-523986131536: appendEntries* reply omNode-3<-omNode-2#794:FAIL-t2,INCONSISTENCY,nextIndex=31,followerCommit=30,matchIndex=-1
2025-04-23 14:37:11,963 [grpc-default-executor-0] WARN  server.GrpcLogAppender (GrpcLogAppender.java:onNextImpl(519)) - omNode-3@group-523986131536->omNode-2-AppendLogResponseHandler: received INCONSISTENCY reply with nextIndex 31, errorCount=9, request=AppendEntriesRequest:cid=794,entriesCount=0
2025-04-23 14:37:11,963 [grpc-default-executor-0] INFO  leader.FollowerInfo (FollowerInfoImpl.java:info(70)) - omNode-3@group-523986131536->omNode-2: setNextIndex nextIndex: updateUnconditionally 33 -> 31
2025-04-23 14:37:11,965 [omNode-2-server-thread1] INFO  server.RaftServer$Division (ServerState.java:setRaftConf(386)) - omNode-2@group-523986131536: set configuration conf: {index: 31, cur=peers:[omNode-3|localhost:15017, omNode-1|localhost:15009, omNode-2|localhost:15013]|listeners:[], old=null}
2025-04-23 14:37:11,965 [omNode-2-server-thread1] INFO  segmented.SegmentedRaftLogWorker (SegmentedRaftLogWorker.java:rollLogSegment(443)) - omNode-2@group-523986131536-SegmentedRaftLogWorker: Rolling segment log-21_30 to index:30
2025-04-23 14:37:11,967 [omNode-2@group-523986131536-SegmentedRaftLogWorker] INFO  segmented.SegmentedRaftLogWorker (SegmentedRaftLogWorker.java:execute(601)) - omNode-2@group-523986131536-SegmentedRaftLogWorker: Rolled log segment from /home/runner/work/ozone/ozone/hadoop-ozone/integration-test/target/test-dir/MiniOzoneClusterImpl-68853c07-42d2-4ef8-9e75-e3a852294e6a/omNode-2/ratis/c9bc4cf4-3bc3-3c60-a66b-523986131536/current/log_inprogress_21 to /home/runner/work/ozone/ozone/hadoop-ozone/integration-test/target/test-dir/MiniOzoneClusterImpl-68853c07-42d2-4ef8-9e75-e3a852294e6a/omNode-2/ratis/c9bc4cf4-3bc3-3c60-a66b-523986131536/current/log_21-30
2025-04-23 14:37:11,967 [omNode-2@group-523986131536-SegmentedRaftLogWorker] INFO  segmented.BufferedWriteChannel (BufferedWriteChannel.java:open(61)) - open log_inprogress_31 at position 0
2025-04-23 14:37:11,980 [omNode-2@group-523986131536-SegmentedRaftLogWorker] INFO  segmented.SegmentedRaftLogWorker (SegmentedRaftLogWorker.java:execute(644)) - omNode-2@group-523986131536-SegmentedRaftLogWorker: created new log segment /home/runner/work/ozone/ozone/hadoop-ozone/integration-test/target/test-dir/MiniOzoneClusterImpl-68853c07-42d2-4ef8-9e75-e3a852294e6a/omNode-2/ratis/c9bc4cf4-3bc3-3c60-a66b-523986131536/current/log_inprogress_31
2025-04-23 14:37:11,982 [omNode-2@group-523986131536-StateMachineUpdater] INFO  ratis.OzoneManagerStateMachine (OzoneManagerStateMachine.java:notifyConfigurationChanged(231)) - notifyConfigurationChanged from Ratis: term=3, index=31, New Peer list: omNode-3(localhost:15017), omNode-1(localhost:15009), omNode-2(localhost:15013)
2025-04-23 14:37:12,068 [main] INFO  reflections.Reflections (Reflections.java:scan(219)) - Reflections took 470 ms to scan 22 urls, producing 61 keys and 7422 values
2025-04-23 14:37:12,069 [main] INFO  ipc.CallQueueManager (CallQueueManager.java:<init>(93)) - Using callQueue: class java.util.concurrent.LinkedBlockingQueue, queueCapacity: 2000, scheduler: class org.apache.hadoop.ipc.DefaultRpcScheduler, ipcBackoff: false, ipcFailOver: false.
2025-04-23 14:37:12,069 [main] INFO  ipc.Server (Server.java:<init>(1438)) - Listener at localhost:15010
2025-04-23 14:37:12,070 [Socket Reader #1 for port 15010] INFO  ipc.Server (Server.java:run(1474)) - Starting Socket Reader #1 for port 15010
2025-04-23 14:37:12,070 [Socket Reader #2 for port 15010] INFO  ipc.Server (Server.java:run(1474)) - Starting Socket Reader #2 for port 15010
2025-04-23 14:37:12,070 [Socket Reader #3 for port 15010] INFO  ipc.Server (Server.java:run(1474)) - Starting Socket Reader #3 for port 15010
2025-04-23 14:37:12,071 [Socket Reader #5 for port 15010] INFO  ipc.Server (Server.java:run(1474)) - Starting Socket Reader #5 for port 15010
2025-04-23 14:37:12,071 [Socket Reader #4 for port 15010] INFO  ipc.Server (Server.java:run(1474)) - Starting Socket Reader #4 for port 15010
2025-04-23 14:37:12,071 [Socket Reader #6 for port 15010] INFO  ipc.Server (Server.java:run(1474)) - Starting Socket Reader #6 for port 15010
2025-04-23 14:37:12,071 [Socket Reader #7 for port 15010] INFO  ipc.Server (Server.java:run(1474)) - Starting Socket Reader #7 for port 15010
2025-04-23 14:37:12,071 [Socket Reader #8 for port 15010] INFO  ipc.Server (Server.java:run(1474)) - Starting Socket Reader #8 for port 15010
2025-04-23 14:37:12,071 [Socket Reader #9 for port 15010] INFO  ipc.Server (Server.java:run(1474)) - Starting Socket Reader #9 for port 15010
2025-04-23 14:37:12,071 [Socket Reader #10 for port 15010] INFO  ipc.Server (Server.java:run(1474)) - Starting Socket Reader #10 for port 15010
2025-04-23 14:37:12,073 [main] INFO  http.BaseHttpServer (BaseHttpServer.java:newHttpServer2BuilderForOzone(229)) - Starting Web-server for ozoneManager at: http://0.0.0.0:15011
2025-04-23 14:37:12,073 [main] INFO  http.BaseHttpServer (BaseHttpServer.java:<init>(107)) - Hadoop Security Enabled: false Ozone Security Enabled: false Ozone HTTP Security Enabled: false 
2025-04-23 14:37:12,075 [main] WARN  server.AuthenticationFilter (AuthenticationFilter.java:constructSecretProvider(240)) - Unable to initialize FileSignerSecretProvider, falling back to use random secrets. Reason: Could not read signature secret file: /home/runner/hadoop-http-auth-signature-secret
2025-04-23 14:37:12,078 [main] INFO  http.HttpServer2 (HttpServer2.java:addGlobalFilter(1041)) - Added global filter 'safety' (class=org.apache.hadoop.hdds.server.http.HttpServer2$QuotingInputFilter)
2025-04-23 14:37:12,078 [main] INFO  http.HttpServer2 (HttpServer2.java:addFilter(1017)) - Added filter static_user_filter (class=org.apache.hadoop.http.lib.StaticUserWebFilter$StaticUserFilter) to context ozoneManager
2025-04-23 14:37:12,079 [main] INFO  http.HttpServer2 (HttpServer2.java:addFilter(1025)) - Added filter static_user_filter (class=org.apache.hadoop.http.lib.StaticUserWebFilter$StaticUserFilter) to context static
2025-04-23 14:37:12,079 [main] INFO  http.HttpServer2 (HttpServer2.java:addFilter(1025)) - Added filter static_user_filter (class=org.apache.hadoop.http.lib.StaticUserWebFilter$StaticUserFilter) to context logs
2025-04-23 14:37:12,079 [main] INFO  http.BaseHttpServer (BaseHttpServer.java:<init>(195)) - HTTP server of ozoneManager uses base directory /home/runner/work/ozone/ozone/hadoop-ozone/integration-test/target/test-dir/MiniOzoneClusterImpl-68853c07-42d2-4ef8-9e75-e3a852294e6a/omNode-2/webserver
2025-04-23 14:37:12,080 [main] INFO  http.HttpServer2 (HttpServer2.java:bindListener(1241)) - Jetty bound to port 15011
2025-04-23 14:37:12,080 [main] INFO  server.Server (Server.java:doStart(375)) - jetty-9.4.57.v20241219; built: 2025-01-08T21:24:30.412Z; git: df524e6b29271c2e09ba9aea83c18dc9db464a31; jvm 21.0.7+6-LTS
2025-04-23 14:37:12,081 [main] INFO  server.session (DefaultSessionIdManager.java:doStart(334)) - DefaultSessionIdManager workerName=node0
2025-04-23 14:37:12,081 [main] INFO  server.session (DefaultSessionIdManager.java:doStart(339)) - No SessionScavenger set, using defaults
2025-04-23 14:37:12,081 [main] INFO  server.session (HouseKeeper.java:startScavenging(132)) - node0 Scavenging every 600000ms
2025-04-23 14:37:12,082 [main] INFO  handler.ContextHandler (ContextHandler.java:doStart(921)) - Started o.e.j.s.ServletContextHandler@1076dac5{logs,/logs,file:///home/runner/work/ozone/ozone/hadoop-ozone/integration-test/target/log,AVAILABLE}
2025-04-23 14:37:12,083 [main] INFO  handler.ContextHandler (ContextHandler.java:doStart(921)) - Started o.e.j.s.ServletContextHandler@11a9777b{static,/static,file:///home/runner/work/ozone/ozone/hadoop-ozone/integration-test/target/test-classes/webapps/static,AVAILABLE}
2025-04-23 14:37:12,087 [main] INFO  handler.ContextHandler (ContextHandler.java:doStart(921)) - Started o.e.j.w.WebAppContext@6ecfd7ed{ozoneManager,/,file:///home/runner/work/ozone/ozone/hadoop-ozone/integration-test/target/test-classes/webapps/ozoneManager/,AVAILABLE}{file:/home/runner/work/ozone/ozone/hadoop-ozone/integration-test/target/test-classes/webapps/ozoneManager}
2025-04-23 14:37:12,087 [main] INFO  server.AbstractConnector (AbstractConnector.java:doStart(333)) - Started ServerConnector@448f3fac{HTTP/1.1, (http/1.1)}{0.0.0.0:15011}
2025-04-23 14:37:12,088 [main] INFO  server.Server (Server.java:doStart(415)) - Started @32367ms
2025-04-23 14:37:12,088 [main] WARN  impl.MetricsSystemImpl (MetricsSystemImpl.java:register(279)) - Sink prometheus already exists!
2025-04-23 14:37:12,088 [main] INFO  http.BaseHttpServer (BaseHttpServer.java:updateConnectorAddress(360)) - HTTP server of ozoneManager listening at http://0.0.0.0:15011
2025-04-23 14:37:12,088 [IPC Server Responder] INFO  ipc.Server (Server.java:run(1713)) - IPC Server Responder: starting
2025-04-23 14:37:12,089 [IPC Server listener on 15010] INFO  ipc.Server (Server.java:run(1553)) - IPC Server listener on 15010: starting
2025-04-23 14:37:12,090 [main] INFO  om.OzoneManager (OzoneManager.java:startTrashEmptier(2257)) - Trash Interval set to 0. Files deleted won't move to trash
]]></system-out>
  </testcase>
  <testcase name="testOMRetryProxy" classname="org.apache.hadoop.ozone.om.TestOzoneManagerHAWithStoppedNodes" time="7.513">
    <system-out><![CDATA[2025-04-23 14:37:12,100 [main] INFO  om.OzoneManager (OzoneManager.java:stop(2347)) - omNode-3[localhost:15014]: Stopping Ozone Manager
2025-04-23 14:37:12,100 [main] INFO  ipc.Server (Server.java:stop(3697)) - Stopping server on 15014
2025-04-23 14:37:12,103 [IPC Server Responder] INFO  ipc.Server (Server.java:run(1718)) - Stopping IPC Server Responder
2025-04-23 14:37:12,103 [main] INFO  ratis.OzoneManagerRatisServer (OzoneManagerRatisServer.java:stop(634)) - Stopping org.apache.hadoop.ozone.om.ratis.OzoneManagerRatisServer@bcd529b at port 15017
2025-04-23 14:37:12,103 [IPC Server listener on 15014] INFO  ipc.Server (Server.java:run(1585)) - Stopping IPC Server listener on 15014
2025-04-23 14:37:12,103 [main] INFO  server.RaftServer (RaftServerProxy.java:lambda$close$9(417)) - omNode-3: close
2025-04-23 14:37:12,104 [main] INFO  server.GrpcService (GrpcService.java:closeImpl(343)) - omNode-3: shutdown server GrpcServerProtocolService now
2025-04-23 14:37:12,104 [omNode-3-impl-thread1] INFO  server.RaftServer$Division (RaftServerImpl.java:lambda$close$1(513)) - omNode-3@group-523986131536: shutdown
2025-04-23 14:37:12,104 [omNode-3-impl-thread1] INFO  util.JmxRegister (JmxRegister.java:unregister(74)) - Successfully un-registered JMX Bean with object name Ratis:service=RaftServer,group=group-523986131536,id=omNode-3
2025-04-23 14:37:12,104 [omNode-3-impl-thread1] INFO  impl.RoleInfo (RoleInfo.java:shutdownLeaderState(103)) - omNode-3: shutdown omNode-3@group-523986131536-LeaderStateImpl
2025-04-23 14:37:12,104 [omNode-3-impl-thread1] INFO  impl.PendingRequests (PendingRequests.java:sendNotLeaderResponses(287)) - omNode-3@group-523986131536-PendingRequests: sendNotLeaderResponses
2025-04-23 14:37:12,104 [omNode-3@group-523986131536->omNode-1-GrpcLogAppender-LogAppenderDaemon] WARN  server.GrpcLogAppender (GrpcLogAppender.java:mayWait(293)) - omNode-3@group-523986131536->omNode-1-GrpcLogAppender: Wait interrupted by java.lang.InterruptedException
2025-04-23 14:37:12,104 [omNode-3@group-523986131536->omNode-2-GrpcLogAppender-LogAppenderDaemon] WARN  server.GrpcLogAppender (GrpcLogAppender.java:mayWait(293)) - omNode-3@group-523986131536->omNode-2-GrpcLogAppender: Wait interrupted by java.lang.InterruptedException
2025-04-23 14:37:12,105 [omNode-3-impl-thread1] INFO  impl.StateMachineUpdater (StateMachineUpdater.java:stopAndJoin(164)) - omNode-3@group-523986131536-StateMachineUpdater: set stopIndex = 32
2025-04-23 14:37:12,106 [Thread-1267] INFO  server.GrpcServerProtocolClient (GrpcServerProtocolClient.java:close(105)) - omNode-1 Close channels
2025-04-23 14:37:12,106 [grpc-default-executor-0] INFO  server.GrpcServerProtocolService (GrpcServerProtocolService.java:onCompleted(157)) - omNode-1: Completed APPEND_ENTRIES, lastRequest: omNode-3->omNode-1#3-t3,previous=(t:3, i:31),leaderCommit=31,initializing? false,entries: size=1, first=(t:3, i:32), METADATAENTRY(c:31)
2025-04-23 14:37:12,106 [grpc-default-executor-0] INFO  server.GrpcServerProtocolService (GrpcServerProtocolService.java:lambda$onCompleted$5(159)) - omNode-1: Completed APPEND_ENTRIES, lastReply: null
2025-04-23 14:37:12,107 [Thread-1268] INFO  server.GrpcServerProtocolClient (GrpcServerProtocolClient.java:close(105)) - omNode-2 Close channels
2025-04-23 14:37:12,107 [grpc-default-executor-7] INFO  server.GrpcServerProtocolService (GrpcServerProtocolService.java:onCompleted(157)) - omNode-2: Completed APPEND_ENTRIES, lastRequest: null
2025-04-23 14:37:12,107 [grpc-default-executor-7] INFO  server.GrpcServerProtocolService (GrpcServerProtocolService.java:lambda$onCompleted$5(159)) - omNode-2: Completed APPEND_ENTRIES, lastReply: serverReply {
  requestorId: "omNode-3"
  replyId: "omNode-2"
  raftGroupId {
    id: "\311\274L\364;\303<`\246kR9\206\023\0256"
  }
  callId: 794
}
term: 2
nextIndex: 31
result: INCONSISTENCY
followerCommit: 30
matchIndex: 18446744073709551615
isHearbeat: true

2025-04-23 14:37:12,107 [grpc-default-executor-6] INFO  server.GrpcServerProtocolService (GrpcServerProtocolService.java:onCompleted(157)) - omNode-1: Completed APPEND_ENTRIES, lastRequest: null
2025-04-23 14:37:12,108 [grpc-default-executor-6] INFO  server.GrpcServerProtocolService (GrpcServerProtocolService.java:lambda$onCompleted$5(159)) - omNode-1: Completed APPEND_ENTRIES, lastReply: serverReply {
  requestorId: "omNode-3"
  replyId: "omNode-1"
  raftGroupId {
    id: "\311\274L\364;\303<`\246kR9\206\023\0256"
  }
  callId: 6
  success: true
}
term: 3
nextIndex: 33
followerCommit: 32
matchIndex: 18446744073709551615
isHearbeat: true

2025-04-23 14:37:12,108 [grpc-default-executor-0] INFO  server.GrpcLogAppender (GrpcLogAppender.java:onCompleted(550)) - omNode-3@group-523986131536->omNode-2-AppendLogResponseHandler: follower responses appendEntries COMPLETED
2025-04-23 14:37:12,109 [grpc-default-executor-0] WARN  server.GrpcLogAppender (GrpcLogAppender.java:resetClient(230)) - omNode-3@group-523986131536->omNode-2-GrpcLogAppender: Failed to getClient for omNode-2
org.apache.ratis.protocol.exceptions.AlreadyClosedException: omNode-3 is already CLOSED
	at org.apache.ratis.util.PeerProxyMap$PeerAndProxy.getProxy(PeerProxyMap.java:67)
	at org.apache.ratis.util.PeerProxyMap.getProxy(PeerProxyMap.java:124)
	at org.apache.ratis.grpc.server.GrpcLogAppender.getClient(GrpcLogAppender.java:200)
	at org.apache.ratis.grpc.server.GrpcLogAppender.resetClient(GrpcLogAppender.java:205)
	at org.apache.ratis.grpc.server.GrpcLogAppender.access$800(GrpcLogAppender.java:64)
	at org.apache.ratis.grpc.server.GrpcLogAppender$AppendLogResponseHandler.onCompleted(GrpcLogAppender.java:551)
	at org.apache.ratis.thirdparty.io.grpc.stub.ClientCalls$StreamObserverToCallListenerAdapter.onClose(ClientCalls.java:479)
	at org.apache.ratis.thirdparty.io.grpc.internal.ClientCallImpl.closeObserver(ClientCallImpl.java:567)
	at org.apache.ratis.thirdparty.io.grpc.internal.ClientCallImpl.access$300(ClientCallImpl.java:71)
	at org.apache.ratis.thirdparty.io.grpc.internal.ClientCallImpl$ClientStreamListenerImpl$1StreamClosed.runInternal(ClientCallImpl.java:735)
	at org.apache.ratis.thirdparty.io.grpc.internal.ClientCallImpl$ClientStreamListenerImpl$1StreamClosed.runInContext(ClientCallImpl.java:716)
	at org.apache.ratis.thirdparty.io.grpc.internal.ContextRunnable.run(ContextRunnable.java:37)
	at org.apache.ratis.thirdparty.io.grpc.internal.SerializingExecutor.run(SerializingExecutor.java:133)
	at java.base/java.util.concurrent.ThreadPoolExecutor.runWorker(ThreadPoolExecutor.java:1144)
	at java.base/java.util.concurrent.ThreadPoolExecutor$Worker.run(ThreadPoolExecutor.java:642)
	at java.base/java.lang.Thread.run(Thread.java:1583)
2025-04-23 14:37:12,108 [grpc-default-executor-7] INFO  server.GrpcLogAppender (GrpcLogAppender.java:onCompleted(550)) - omNode-3@group-523986131536->omNode-1-AppendLogResponseHandler: follower responses appendEntries COMPLETED
2025-04-23 14:37:12,109 [grpc-default-executor-7] WARN  server.GrpcLogAppender (GrpcLogAppender.java:resetClient(230)) - omNode-3@group-523986131536->omNode-1-GrpcLogAppender: Failed to getClient for omNode-1
org.apache.ratis.protocol.exceptions.AlreadyClosedException: omNode-3 is already CLOSED
	at org.apache.ratis.util.PeerProxyMap$PeerAndProxy.getProxy(PeerProxyMap.java:67)
	at org.apache.ratis.util.PeerProxyMap.getProxy(PeerProxyMap.java:124)
	at org.apache.ratis.grpc.server.GrpcLogAppender.getClient(GrpcLogAppender.java:200)
	at org.apache.ratis.grpc.server.GrpcLogAppender.resetClient(GrpcLogAppender.java:205)
	at org.apache.ratis.grpc.server.GrpcLogAppender.access$800(GrpcLogAppender.java:64)
	at org.apache.ratis.grpc.server.GrpcLogAppender$AppendLogResponseHandler.onCompleted(GrpcLogAppender.java:551)
	at org.apache.ratis.thirdparty.io.grpc.stub.ClientCalls$StreamObserverToCallListenerAdapter.onClose(ClientCalls.java:479)
	at org.apache.ratis.thirdparty.io.grpc.internal.ClientCallImpl.closeObserver(ClientCallImpl.java:567)
	at org.apache.ratis.thirdparty.io.grpc.internal.ClientCallImpl.access$300(ClientCallImpl.java:71)
	at org.apache.ratis.thirdparty.io.grpc.internal.ClientCallImpl$ClientStreamListenerImpl$1StreamClosed.runInternal(ClientCallImpl.java:735)
	at org.apache.ratis.thirdparty.io.grpc.internal.ClientCallImpl$ClientStreamListenerImpl$1StreamClosed.runInContext(ClientCallImpl.java:716)
	at org.apache.ratis.thirdparty.io.grpc.internal.ContextRunnable.run(ContextRunnable.java:37)
	at org.apache.ratis.thirdparty.io.grpc.internal.SerializingExecutor.run(SerializingExecutor.java:133)
	at java.base/java.util.concurrent.ThreadPoolExecutor.runWorker(ThreadPoolExecutor.java:1144)
	at java.base/java.util.concurrent.ThreadPoolExecutor$Worker.run(ThreadPoolExecutor.java:642)
	at java.base/java.lang.Thread.run(Thread.java:1583)
2025-04-23 14:37:12,110 [grpc-default-executor-7] INFO  server.GrpcLogAppender (GrpcLogAppender.java:onCompleted(550)) - omNode-3@group-523986131536->omNode-1-AppendLogResponseHandler: follower responses appendEntries COMPLETED
2025-04-23 14:37:12,110 [grpc-default-executor-7] WARN  server.GrpcLogAppender (GrpcLogAppender.java:resetClient(230)) - omNode-3@group-523986131536->omNode-1-GrpcLogAppender: Failed to getClient for omNode-1
org.apache.ratis.protocol.exceptions.AlreadyClosedException: omNode-3 is already CLOSED
	at org.apache.ratis.util.PeerProxyMap$PeerAndProxy.getProxy(PeerProxyMap.java:67)
	at org.apache.ratis.util.PeerProxyMap.getProxy(PeerProxyMap.java:124)
	at org.apache.ratis.grpc.server.GrpcLogAppender.getClient(GrpcLogAppender.java:200)
	at org.apache.ratis.grpc.server.GrpcLogAppender.resetClient(GrpcLogAppender.java:205)
	at org.apache.ratis.grpc.server.GrpcLogAppender.access$800(GrpcLogAppender.java:64)
	at org.apache.ratis.grpc.server.GrpcLogAppender$AppendLogResponseHandler.onCompleted(GrpcLogAppender.java:551)
	at org.apache.ratis.thirdparty.io.grpc.stub.ClientCalls$StreamObserverToCallListenerAdapter.onClose(ClientCalls.java:479)
	at org.apache.ratis.thirdparty.io.grpc.internal.DelayedClientCall$DelayedListener$3.run(DelayedClientCall.java:489)
	at org.apache.ratis.thirdparty.io.grpc.internal.DelayedClientCall$DelayedListener.delayOrExecute(DelayedClientCall.java:453)
	at org.apache.ratis.thirdparty.io.grpc.internal.DelayedClientCall$DelayedListener.onClose(DelayedClientCall.java:486)
	at org.apache.ratis.thirdparty.io.grpc.internal.ClientCallImpl.closeObserver(ClientCallImpl.java:567)
	at org.apache.ratis.thirdparty.io.grpc.internal.ClientCallImpl.access$300(ClientCallImpl.java:71)
	at org.apache.ratis.thirdparty.io.grpc.internal.ClientCallImpl$ClientStreamListenerImpl$1StreamClosed.runInternal(ClientCallImpl.java:735)
	at org.apache.ratis.thirdparty.io.grpc.internal.ClientCallImpl$ClientStreamListenerImpl$1StreamClosed.runInContext(ClientCallImpl.java:716)
	at org.apache.ratis.thirdparty.io.grpc.internal.ContextRunnable.run(ContextRunnable.java:37)
	at org.apache.ratis.thirdparty.io.grpc.internal.SerializingExecutor.run(SerializingExecutor.java:133)
	at java.base/java.util.concurrent.ThreadPoolExecutor.runWorker(ThreadPoolExecutor.java:1144)
	at java.base/java.util.concurrent.ThreadPoolExecutor$Worker.run(ThreadPoolExecutor.java:642)
	at java.base/java.lang.Thread.run(Thread.java:1583)
2025-04-23 14:37:12,111 [grpc-default-executor-4] INFO  server.GrpcServerProtocolService (GrpcServerProtocolService.java:onCompleted(157)) - omNode-2: Completed APPEND_ENTRIES, lastRequest: omNode-3->omNode-2#795-t3,previous=(t:2, i:30),leaderCommit=32,initializing? false,entries: size=2, first=(t:3, i:31), CONFIGURATIONENTRY(current:id:"omNode-3"address:"localhost:15017"startupRole:FOLLOWER, id:"omNode-1"address:"localhost:15009"startupRole:FOLLOWER, id:"omNode-2"address:"localhost:15013"startupRole:FOLLOWER, old:)
2025-04-23 14:37:12,111 [grpc-default-executor-4] INFO  server.GrpcServerProtocolService (GrpcServerProtocolService.java:lambda$onCompleted$5(159)) - omNode-2: Completed APPEND_ENTRIES, lastReply: null
2025-04-23 14:37:12,112 [main] INFO  server.GrpcService (GrpcService.java:closeImpl(352)) - omNode-3: shutdown server GrpcServerProtocolService successfully
2025-04-23 14:37:12,112 [grpc-default-executor-4] INFO  server.GrpcLogAppender (GrpcLogAppender.java:onCompleted(550)) - omNode-3@group-523986131536->omNode-2-AppendLogResponseHandler: follower responses appendEntries COMPLETED
2025-04-23 14:37:12,112 [grpc-default-executor-4] WARN  server.GrpcLogAppender (GrpcLogAppender.java:resetClient(230)) - omNode-3@group-523986131536->omNode-2-GrpcLogAppender: Failed to getClient for omNode-2
org.apache.ratis.protocol.exceptions.AlreadyClosedException: omNode-3 is already CLOSED
	at org.apache.ratis.util.PeerProxyMap$PeerAndProxy.getProxy(PeerProxyMap.java:67)
	at org.apache.ratis.util.PeerProxyMap.getProxy(PeerProxyMap.java:124)
	at org.apache.ratis.grpc.server.GrpcLogAppender.getClient(GrpcLogAppender.java:200)
	at org.apache.ratis.grpc.server.GrpcLogAppender.resetClient(GrpcLogAppender.java:205)
	at org.apache.ratis.grpc.server.GrpcLogAppender.access$800(GrpcLogAppender.java:64)
	at org.apache.ratis.grpc.server.GrpcLogAppender$AppendLogResponseHandler.onCompleted(GrpcLogAppender.java:551)
	at org.apache.ratis.thirdparty.io.grpc.stub.ClientCalls$StreamObserverToCallListenerAdapter.onClose(ClientCalls.java:479)
	at org.apache.ratis.thirdparty.io.grpc.internal.ClientCallImpl.closeObserver(ClientCallImpl.java:567)
	at org.apache.ratis.thirdparty.io.grpc.internal.ClientCallImpl.access$300(ClientCallImpl.java:71)
	at org.apache.ratis.thirdparty.io.grpc.internal.ClientCallImpl$ClientStreamListenerImpl$1StreamClosed.runInternal(ClientCallImpl.java:735)
	at org.apache.ratis.thirdparty.io.grpc.internal.ClientCallImpl$ClientStreamListenerImpl$1StreamClosed.runInContext(ClientCallImpl.java:716)
	at org.apache.ratis.thirdparty.io.grpc.internal.ContextRunnable.run(ContextRunnable.java:37)
	at org.apache.ratis.thirdparty.io.grpc.internal.SerializingExecutor.run(SerializingExecutor.java:133)
	at java.base/java.util.concurrent.ThreadPoolExecutor.runWorker(ThreadPoolExecutor.java:1144)
	at java.base/java.util.concurrent.ThreadPoolExecutor$Worker.run(ThreadPoolExecutor.java:642)
	at java.base/java.lang.Thread.run(Thread.java:1583)
2025-04-23 14:37:12,114 [omNode-3@group-523986131536-StateMachineUpdater] INFO  ratis.OzoneManagerStateMachine (OzoneManagerStateMachine.java:takeSnapshotImpl(510)) - omNode-3: taking snapshot. applied = (t:3, i:32), skipped = 29, notified = (t:3, i:32), current snapshot index = (t:3, i:32), took 9 ms
2025-04-23 14:37:12,114 [omNode-3@group-523986131536-StateMachineUpdater] INFO  impl.StateMachineUpdater (StateMachineUpdater.java:takeSnapshot(303)) - omNode-3@group-523986131536-StateMachineUpdater: Took a snapshot at index 32
2025-04-23 14:37:12,114 [omNode-3@group-523986131536-StateMachineUpdater] INFO  impl.StateMachineUpdater (StateMachineUpdater.java:lambda$new$0(102)) - omNode-3@group-523986131536-StateMachineUpdater: snapshotIndex: updateIncreasingly 29 -> 32
2025-04-23 14:37:12,114 [omNode-3@group-523986131536-StateMachineUpdater] INFO  impl.StateMachineUpdater (StateMachineUpdater.java:stop(141)) - omNode-3@group-523986131536-StateMachineUpdater: closing OzoneManagerStateMachine, lastApplied=(t:3, i:32)
2025-04-23 14:37:12,114 [omNode-3@group-523986131536-StateMachineUpdater] INFO  ratis.OzoneManagerStateMachine (OzoneManagerStateMachine.java:close(550)) - Stopping OzoneManagerStateMachine:omNode-3:group-523986131536.
2025-04-23 14:37:12,115 [omNode-3@group-523986131536-StateMachineUpdater] INFO  ratis.OzoneManagerDoubleBuffer (OzoneManagerDoubleBuffer.java:stopDaemon(500)) - Stopping OMDoubleBuffer flush thread
2025-04-23 14:37:12,115 [omNode-3-OMDoubleBufferFlushThread] INFO  ratis.OzoneManagerDoubleBuffer (OzoneManagerDoubleBuffer.java:canFlush(559)) - OMDoubleBuffer flush thread omNode-3-OMDoubleBufferFlushThread is interrupted and will exit.
2025-04-23 14:37:12,115 [omNode-3@group-523986131536-cacheEviction-AwaitToRun] INFO  util.AwaitToRun (AwaitToRun.java:run(49)) - omNode-3@group-523986131536-cacheEviction-AwaitToRun-AwaitForSignal is interrupted
2025-04-23 14:37:12,482 [omNode-3-impl-thread1] INFO  segmented.SegmentedRaftLogWorker (SegmentedRaftLogWorker.java:close(252)) - omNode-3@group-523986131536-SegmentedRaftLogWorker close()
2025-04-23 14:37:12,483 [JvmPauseMonitor8] INFO  util.JvmPauseMonitor (JvmPauseMonitor.java:run(152)) - JvmPauseMonitor-omNode-3: Stopped
2025-04-23 14:37:12,483 [main] INFO  utils.BackgroundService (BackgroundService.java:shutdown(161)) - Shutting down service KeyDeletingService
2025-04-23 14:37:12,484 [main] INFO  utils.BackgroundService (BackgroundService.java:shutdown(161)) - Shutting down service DirectoryDeletingService
2025-04-23 14:37:12,485 [main] INFO  utils.BackgroundService (BackgroundService.java:shutdown(161)) - Shutting down service OpenKeyCleanupService
2025-04-23 14:37:12,485 [main] INFO  utils.BackgroundService (BackgroundService.java:shutdown(161)) - Shutting down service SstFilteringService
2025-04-23 14:37:12,485 [main] INFO  utils.BackgroundService (BackgroundService.java:shutdown(161)) - Shutting down service SnapshotDeletingService
2025-04-23 14:37:12,486 [main] INFO  utils.BackgroundService (BackgroundService.java:shutdown(161)) - Shutting down service MultipartUploadCleanupService
2025-04-23 14:37:12,487 [main] INFO  handler.ContextHandler (ContextHandler.java:doStop(1159)) - Stopped o.e.j.w.WebAppContext@28245340{ozoneManager,/,null,STOPPED}{file:/home/runner/work/ozone/ozone/hadoop-ozone/integration-test/target/test-classes/webapps/ozoneManager}
2025-04-23 14:37:12,487 [main] INFO  server.AbstractConnector (AbstractConnector.java:doStop(383)) - Stopped ServerConnector@4f8d265a{HTTP/1.1, (http/1.1)}{0.0.0.0:15015}
2025-04-23 14:37:12,487 [main] INFO  server.session (HouseKeeper.java:stopScavenging(149)) - node0 Stopped scavenging
2025-04-23 14:37:12,488 [main] INFO  handler.ContextHandler (ContextHandler.java:doStop(1159)) - Stopped o.e.j.s.ServletContextHandler@65c0214e{static,/static,file:///home/runner/work/ozone/ozone/hadoop-ozone/integration-test/target/test-classes/webapps/static,STOPPED}
2025-04-23 14:37:12,488 [main] INFO  handler.ContextHandler (ContextHandler.java:doStop(1159)) - Stopped o.e.j.s.ServletContextHandler@6051f3f3{logs,/logs,file:///home/runner/work/ozone/ozone/hadoop-ozone/integration-test/target/log,STOPPED}
2025-04-23 14:37:12,489 [main] INFO  rocksdiff.RocksDBCheckpointDiffer (RocksDBCheckpointDiffer.java:close(304)) - Shutting down CompactionDagPruningService.
2025-04-23 14:37:12,491 [main] INFO  snapshot.SnapshotDiffManager (SnapshotDiffManager.java:closeExecutorService(1698)) - Shutting down executorService: 'SnapDiffExecutor'
2025-04-23 14:37:12,491 [main] INFO  utils.BackgroundService (BackgroundService.java:shutdown(161)) - Shutting down service SnapshotDiffCleanupService
2025-04-23 14:37:12,492 [main] INFO  om.OzoneManager (OzoneManager.java:stop(2347)) - omNode-1[localhost:15006]: Stopping Ozone Manager
2025-04-23 14:37:12,492 [main] INFO  ipc.Server (Server.java:stop(3697)) - Stopping server on 15006
2025-04-23 14:37:12,494 [IPC Server Responder] INFO  ipc.Server (Server.java:run(1718)) - Stopping IPC Server Responder
2025-04-23 14:37:12,494 [IPC Server listener on 15006] INFO  ipc.Server (Server.java:run(1585)) - Stopping IPC Server listener on 15006
2025-04-23 14:37:12,494 [main] INFO  ratis.OzoneManagerRatisServer (OzoneManagerRatisServer.java:stop(634)) - Stopping org.apache.hadoop.ozone.om.ratis.OzoneManagerRatisServer@254babf7 at port 15009
2025-04-23 14:37:12,494 [main] INFO  server.RaftServer (RaftServerProxy.java:lambda$close$9(417)) - omNode-1: close
2025-04-23 14:37:12,494 [main] INFO  server.GrpcService (GrpcService.java:closeImpl(343)) - omNode-1: shutdown server GrpcServerProtocolService now
2025-04-23 14:37:12,494 [omNode-1-impl-thread1] INFO  server.RaftServer$Division (RaftServerImpl.java:lambda$close$1(513)) - omNode-1@group-523986131536: shutdown
2025-04-23 14:37:12,495 [omNode-1-impl-thread1] INFO  util.JmxRegister (JmxRegister.java:unregister(74)) - Successfully un-registered JMX Bean with object name Ratis:service=RaftServer,group=group-523986131536,id=omNode-1
2025-04-23 14:37:12,495 [omNode-1-impl-thread1] INFO  impl.RoleInfo (RoleInfo.java:shutdownFollowerState(121)) - omNode-1: shutdown omNode-1@group-523986131536-FollowerState
2025-04-23 14:37:12,495 [omNode-1-impl-thread1] INFO  impl.StateMachineUpdater (StateMachineUpdater.java:stopAndJoin(164)) - omNode-1@group-523986131536-StateMachineUpdater: set stopIndex = 32
2025-04-23 14:37:12,495 [omNode-1@group-523986131536-FollowerState] INFO  impl.FollowerState (FollowerState.java:runImpl(170)) - omNode-1@group-523986131536-FollowerState was interrupted
2025-04-23 14:37:12,496 [main] INFO  server.GrpcService (GrpcService.java:closeImpl(352)) - omNode-1: shutdown server GrpcServerProtocolService successfully
2025-04-23 14:37:12,510 [omNode-1@group-523986131536-StateMachineUpdater] INFO  ratis.OzoneManagerStateMachine (OzoneManagerStateMachine.java:takeSnapshotImpl(510)) - omNode-1: taking snapshot. applied = (t:3, i:32), skipped = 29, notified = (t:3, i:32), current snapshot index = (t:3, i:32), took 15 ms
2025-04-23 14:37:12,510 [omNode-1@group-523986131536-StateMachineUpdater] INFO  impl.StateMachineUpdater (StateMachineUpdater.java:takeSnapshot(303)) - omNode-1@group-523986131536-StateMachineUpdater: Took a snapshot at index 32
2025-04-23 14:37:12,510 [omNode-1@group-523986131536-StateMachineUpdater] INFO  impl.StateMachineUpdater (StateMachineUpdater.java:lambda$new$0(102)) - omNode-1@group-523986131536-StateMachineUpdater: snapshotIndex: updateIncreasingly 20 -> 32
2025-04-23 14:37:12,510 [omNode-1@group-523986131536-StateMachineUpdater] INFO  impl.StateMachineUpdater (StateMachineUpdater.java:stop(141)) - omNode-1@group-523986131536-StateMachineUpdater: closing OzoneManagerStateMachine, lastApplied=(t:3, i:32)
2025-04-23 14:37:12,510 [omNode-1@group-523986131536-StateMachineUpdater] INFO  ratis.OzoneManagerStateMachine (OzoneManagerStateMachine.java:close(550)) - Stopping OzoneManagerStateMachine:omNode-1:group-523986131536.
2025-04-23 14:37:12,510 [omNode-1@group-523986131536-StateMachineUpdater] INFO  ratis.OzoneManagerDoubleBuffer (OzoneManagerDoubleBuffer.java:stopDaemon(500)) - Stopping OMDoubleBuffer flush thread
2025-04-23 14:37:12,511 [omNode-1-OMDoubleBufferFlushThread] INFO  ratis.OzoneManagerDoubleBuffer (OzoneManagerDoubleBuffer.java:canFlush(559)) - OMDoubleBuffer flush thread omNode-1-OMDoubleBufferFlushThread is interrupted and will exit.
2025-04-23 14:37:12,511 [omNode-1@group-523986131536-cacheEviction-AwaitToRun] INFO  util.AwaitToRun (AwaitToRun.java:run(49)) - omNode-1@group-523986131536-cacheEviction-AwaitToRun-AwaitForSignal is interrupted
2025-04-23 14:37:13,234 [timer2] WARN  server.GrpcLogAppender (GrpcLogAppender.java:lambda$resetClient$1(221)) - omNode-2@group-523986131536->omNode-1-GrpcLogAppender: Follower failed (request=null, errorCount=28); keep nextIndex (25) unchanged and retry. (Repeated 2 times in the last 5.000s)
2025-04-23 14:37:13,243 [timer5] WARN  server.GrpcLogAppender (GrpcLogAppender.java:lambda$resetClient$1(221)) - omNode-2@group-523986131536->omNode-1-GrpcLogAppender: Follower failed (request=null, errorCount=30); keep nextIndex (26) unchanged and retry. (Repeated 2 times in the last 5.000s)
2025-04-23 14:37:13,247 [timer0] WARN  server.GrpcLogAppender (GrpcLogAppender.java:lambda$resetClient$1(221)) - omNode-2@group-523986131536->omNode-1-GrpcLogAppender: Follower failed (request=null, errorCount=32); keep nextIndex (27) unchanged and retry. (Repeated 2 times in the last 5.000s)
2025-04-23 14:37:13,280 [timer5] WARN  server.GrpcLogAppender (GrpcLogAppender.java:lambda$resetClient$1(221)) - omNode-2@group-523986131536->omNode-1-GrpcLogAppender: Follower failed (request=null, errorCount=34); keep nextIndex (28) unchanged and retry. (Repeated 2 times in the last 5.000s)
2025-04-23 14:37:13,284 [timer0] WARN  server.GrpcLogAppender (GrpcLogAppender.java:lambda$resetClient$1(221)) - omNode-2@group-523986131536->omNode-1-GrpcLogAppender: Follower failed (request=null, errorCount=36); keep nextIndex (29) unchanged and retry. (Repeated 2 times in the last 5.001s)
2025-04-23 14:37:13,289 [timer3] WARN  server.GrpcLogAppender (GrpcLogAppender.java:lambda$resetClient$1(221)) - omNode-2@group-523986131536->omNode-1-GrpcLogAppender: Follower failed (request=null, errorCount=38); keep nextIndex (30) unchanged and retry. (Repeated 2 times in the last 5.000s)
2025-04-23 14:37:13,293 [timer6] WARN  server.GrpcLogAppender (GrpcLogAppender.java:lambda$resetClient$1(221)) - omNode-2@group-523986131536->omNode-1-GrpcLogAppender: Follower failed (request=null, errorCount=40); keep nextIndex (31) unchanged and retry. (Repeated 2 times in the last 5.000s)
2025-04-23 14:37:13,325 [timer1] WARN  server.GrpcLogAppender (GrpcLogAppender.java:lambda$resetClient$1(221)) - omNode-2@group-523986131536->omNode-3-GrpcLogAppender: Follower failed (request=null, errorCount=8); keep nextIndex (31) unchanged and retry. (Repeated 8 times in the last 5.000s)
2025-04-23 14:37:13,326 [timer0] WARN  server.GrpcLogAppender (LogUtils.java:warn(121)) - omNode-2@group-523986131536->omNode-3-AppendLogResponseHandler: Failed appendEntries (Repeated 8 times in the last 5.001s): org.apache.ratis.thirdparty.io.grpc.StatusRuntimeException: UNAVAILABLE: io exception
2025-04-23 14:37:13,486 [omNode-1-impl-thread1] INFO  segmented.SegmentedRaftLogWorker (SegmentedRaftLogWorker.java:close(252)) - omNode-1@group-523986131536-SegmentedRaftLogWorker close()
2025-04-23 14:37:13,486 [JvmPauseMonitor9] INFO  util.JvmPauseMonitor (JvmPauseMonitor.java:run(152)) - JvmPauseMonitor-omNode-1: Stopped
2025-04-23 14:37:13,486 [main] INFO  utils.BackgroundService (BackgroundService.java:shutdown(161)) - Shutting down service KeyDeletingService
2025-04-23 14:37:13,487 [main] INFO  utils.BackgroundService (BackgroundService.java:shutdown(161)) - Shutting down service DirectoryDeletingService
2025-04-23 14:37:13,488 [main] INFO  utils.BackgroundService (BackgroundService.java:shutdown(161)) - Shutting down service OpenKeyCleanupService
2025-04-23 14:37:13,488 [main] INFO  utils.BackgroundService (BackgroundService.java:shutdown(161)) - Shutting down service SstFilteringService
2025-04-23 14:37:13,489 [main] INFO  utils.BackgroundService (BackgroundService.java:shutdown(161)) - Shutting down service SnapshotDeletingService
2025-04-23 14:37:13,489 [main] INFO  utils.BackgroundService (BackgroundService.java:shutdown(161)) - Shutting down service MultipartUploadCleanupService
2025-04-23 14:37:13,490 [main] INFO  handler.ContextHandler (ContextHandler.java:doStop(1159)) - Stopped o.e.j.w.WebAppContext@4447188d{ozoneManager,/,null,STOPPED}{file:/home/runner/work/ozone/ozone/hadoop-ozone/integration-test/target/test-classes/webapps/ozoneManager}
2025-04-23 14:37:13,491 [main] INFO  server.AbstractConnector (AbstractConnector.java:doStop(383)) - Stopped ServerConnector@160671d{HTTP/1.1, (http/1.1)}{0.0.0.0:15007}
2025-04-23 14:37:13,491 [main] INFO  server.session (HouseKeeper.java:stopScavenging(149)) - node0 Stopped scavenging
2025-04-23 14:37:13,491 [main] INFO  handler.ContextHandler (ContextHandler.java:doStop(1159)) - Stopped o.e.j.s.ServletContextHandler@785bb7e9{static,/static,file:///home/runner/work/ozone/ozone/hadoop-ozone/integration-test/target/test-classes/webapps/static,STOPPED}
2025-04-23 14:37:13,491 [main] INFO  handler.ContextHandler (ContextHandler.java:doStop(1159)) - Stopped o.e.j.s.ServletContextHandler@10d9c785{logs,/logs,file:///home/runner/work/ozone/ozone/hadoop-ozone/integration-test/target/log,STOPPED}
2025-04-23 14:37:13,492 [main] INFO  rocksdiff.RocksDBCheckpointDiffer (RocksDBCheckpointDiffer.java:close(304)) - Shutting down CompactionDagPruningService.
2025-04-23 14:37:13,493 [main] INFO  snapshot.SnapshotDiffManager (SnapshotDiffManager.java:closeExecutorService(1698)) - Shutting down executorService: 'SnapDiffExecutor'
2025-04-23 14:37:13,493 [main] INFO  utils.BackgroundService (BackgroundService.java:shutdown(161)) - Shutting down service SnapshotDiffCleanupService
2025-04-23 14:37:13,494 [main] INFO  om.OzoneManager (OzoneManager.java:stop(2347)) - omNode-2[localhost:15010]: Stopping Ozone Manager
2025-04-23 14:37:13,494 [main] INFO  ipc.Server (Server.java:stop(3697)) - Stopping server on 15010
2025-04-23 14:37:13,497 [IPC Server listener on 15010] INFO  ipc.Server (Server.java:run(1585)) - Stopping IPC Server listener on 15010
2025-04-23 14:37:13,497 [IPC Server Responder] INFO  ipc.Server (Server.java:run(1718)) - Stopping IPC Server Responder
2025-04-23 14:37:13,497 [main] INFO  ratis.OzoneManagerRatisServer (OzoneManagerRatisServer.java:stop(634)) - Stopping org.apache.hadoop.ozone.om.ratis.OzoneManagerRatisServer@19ced00b at port 15013
2025-04-23 14:37:13,498 [main] INFO  server.RaftServer (RaftServerProxy.java:lambda$close$9(417)) - omNode-2: close
2025-04-23 14:37:13,498 [omNode-2-impl-thread1] INFO  server.RaftServer$Division (RaftServerImpl.java:lambda$close$1(513)) - omNode-2@group-523986131536: shutdown
2025-04-23 14:37:13,498 [main] INFO  server.GrpcService (GrpcService.java:closeImpl(343)) - omNode-2: shutdown server GrpcServerProtocolService now
2025-04-23 14:37:13,498 [omNode-2-impl-thread1] INFO  util.JmxRegister (JmxRegister.java:unregister(74)) - Successfully un-registered JMX Bean with object name Ratis:service=RaftServer,group=group-523986131536,id=omNode-2
2025-04-23 14:37:13,498 [omNode-2-impl-thread1] INFO  impl.RoleInfo (RoleInfo.java:shutdownFollowerState(121)) - omNode-2: shutdown omNode-2@group-523986131536-FollowerState
2025-04-23 14:37:13,498 [omNode-2-impl-thread1] INFO  impl.StateMachineUpdater (StateMachineUpdater.java:stopAndJoin(164)) - omNode-2@group-523986131536-StateMachineUpdater: set stopIndex = 32
2025-04-23 14:37:13,498 [omNode-2@group-523986131536-FollowerState] INFO  impl.FollowerState (FollowerState.java:runImpl(170)) - omNode-2@group-523986131536-FollowerState was interrupted
2025-04-23 14:37:13,499 [main] INFO  server.GrpcService (GrpcService.java:closeImpl(352)) - omNode-2: shutdown server GrpcServerProtocolService successfully
2025-04-23 14:37:13,503 [omNode-2@group-523986131536-StateMachineUpdater] INFO  ratis.OzoneManagerStateMachine (OzoneManagerStateMachine.java:takeSnapshotImpl(510)) - omNode-2: taking snapshot. applied = (t:3, i:32), skipped = 30, notified = (t:3, i:32), current snapshot index = (t:3, i:32), took 5 ms
2025-04-23 14:37:13,503 [omNode-2@group-523986131536-StateMachineUpdater] INFO  impl.StateMachineUpdater (StateMachineUpdater.java:takeSnapshot(303)) - omNode-2@group-523986131536-StateMachineUpdater: Took a snapshot at index 32
2025-04-23 14:37:13,503 [omNode-2@group-523986131536-StateMachineUpdater] INFO  impl.StateMachineUpdater (StateMachineUpdater.java:lambda$new$0(102)) - omNode-2@group-523986131536-StateMachineUpdater: snapshotIndex: updateIncreasingly 30 -> 32
2025-04-23 14:37:13,503 [omNode-2@group-523986131536-StateMachineUpdater] INFO  impl.StateMachineUpdater (StateMachineUpdater.java:stop(141)) - omNode-2@group-523986131536-StateMachineUpdater: closing OzoneManagerStateMachine, lastApplied=(t:3, i:32)
2025-04-23 14:37:13,503 [omNode-2@group-523986131536-StateMachineUpdater] INFO  ratis.OzoneManagerStateMachine (OzoneManagerStateMachine.java:close(550)) - Stopping OzoneManagerStateMachine:omNode-2:group-523986131536.
2025-04-23 14:37:13,503 [omNode-2@group-523986131536-StateMachineUpdater] INFO  ratis.OzoneManagerDoubleBuffer (OzoneManagerDoubleBuffer.java:stopDaemon(500)) - Stopping OMDoubleBuffer flush thread
2025-04-23 14:37:13,503 [omNode-2-OMDoubleBufferFlushThread] INFO  ratis.OzoneManagerDoubleBuffer (OzoneManagerDoubleBuffer.java:canFlush(559)) - OMDoubleBuffer flush thread omNode-2-OMDoubleBufferFlushThread is interrupted and will exit.
2025-04-23 14:37:13,504 [omNode-2@group-523986131536-cacheEviction-AwaitToRun] INFO  util.AwaitToRun (AwaitToRun.java:run(49)) - omNode-2@group-523986131536-cacheEviction-AwaitToRun-AwaitForSignal is interrupted
2025-04-23 14:37:13,982 [omNode-2-impl-thread1] INFO  segmented.SegmentedRaftLogWorker (SegmentedRaftLogWorker.java:close(252)) - omNode-2@group-523986131536-SegmentedRaftLogWorker close()
2025-04-23 14:37:13,983 [JvmPauseMonitor10] INFO  util.JvmPauseMonitor (JvmPauseMonitor.java:run(152)) - JvmPauseMonitor-omNode-2: Stopped
2025-04-23 14:37:13,984 [main] INFO  utils.BackgroundService (BackgroundService.java:shutdown(161)) - Shutting down service KeyDeletingService
2025-04-23 14:37:13,984 [main] INFO  utils.BackgroundService (BackgroundService.java:shutdown(161)) - Shutting down service DirectoryDeletingService
2025-04-23 14:37:13,986 [main] INFO  utils.BackgroundService (BackgroundService.java:shutdown(161)) - Shutting down service OpenKeyCleanupService
2025-04-23 14:37:13,987 [main] INFO  utils.BackgroundService (BackgroundService.java:shutdown(161)) - Shutting down service SstFilteringService
2025-04-23 14:37:13,988 [main] INFO  utils.BackgroundService (BackgroundService.java:shutdown(161)) - Shutting down service SnapshotDeletingService
2025-04-23 14:37:13,988 [main] INFO  utils.BackgroundService (BackgroundService.java:shutdown(161)) - Shutting down service MultipartUploadCleanupService
2025-04-23 14:37:13,990 [main] INFO  handler.ContextHandler (ContextHandler.java:doStop(1159)) - Stopped o.e.j.w.WebAppContext@6ecfd7ed{ozoneManager,/,null,STOPPED}{file:/home/runner/work/ozone/ozone/hadoop-ozone/integration-test/target/test-classes/webapps/ozoneManager}
2025-04-23 14:37:13,991 [main] INFO  server.AbstractConnector (AbstractConnector.java:doStop(383)) - Stopped ServerConnector@448f3fac{HTTP/1.1, (http/1.1)}{0.0.0.0:15011}
2025-04-23 14:37:13,991 [main] INFO  server.session (HouseKeeper.java:stopScavenging(149)) - node0 Stopped scavenging
2025-04-23 14:37:13,991 [main] INFO  handler.ContextHandler (ContextHandler.java:doStop(1159)) - Stopped o.e.j.s.ServletContextHandler@11a9777b{static,/static,file:///home/runner/work/ozone/ozone/hadoop-ozone/integration-test/target/test-classes/webapps/static,STOPPED}
2025-04-23 14:37:13,991 [main] INFO  handler.ContextHandler (ContextHandler.java:doStop(1159)) - Stopped o.e.j.s.ServletContextHandler@1076dac5{logs,/logs,file:///home/runner/work/ozone/ozone/hadoop-ozone/integration-test/target/log,STOPPED}
2025-04-23 14:37:13,992 [main] INFO  rocksdiff.RocksDBCheckpointDiffer (RocksDBCheckpointDiffer.java:close(304)) - Shutting down CompactionDagPruningService.
2025-04-23 14:37:13,995 [main] INFO  snapshot.SnapshotDiffManager (SnapshotDiffManager.java:closeExecutorService(1698)) - Shutting down executorService: 'SnapDiffExecutor'
2025-04-23 14:37:13,996 [main] INFO  utils.BackgroundService (BackgroundService.java:shutdown(161)) - Shutting down service SnapshotDiffCleanupService
2025-04-23 14:37:14,003 [main] INFO  rpc.RpcClient (RpcClient.java:createVolume(462)) - Creating Volume: volume71036, with user52370 as owner and space quota set to -1 bytes, counts quota set to -1
2025-04-23 14:37:14,004 [main] INFO  retry.RetryInvocationHandler (RetryInvocationHandler.java:log(426)) - com.google.protobuf.ServiceException: java.io.EOFException: End of File Exception between local host is: "fv-az1120-822/10.1.0.114"; destination host is: "localhost":15010; : java.io.EOFException; For more details see:  http://wiki.apache.org/hadoop/EOFException, while invoking $Proxy68.submitRequest over nodeId=omNode-2,nodeAddress=127.0.0.1:15010. Trying to failover immediately. Current retry count: 0.
2025-04-23 14:37:14,005 [main] INFO  retry.RetryInvocationHandler (RetryInvocationHandler.java:log(426)) - com.google.protobuf.ServiceException: java.net.ConnectException: Call From fv-az1120-822/10.1.0.114 to localhost:15014 failed on connection exception: java.net.ConnectException: Connection refused; For more details see:  http://wiki.apache.org/hadoop/ConnectionRefused, while invoking $Proxy68.submitRequest over nodeId=omNode-3,nodeAddress=127.0.0.1:15014 after 1 failover attempts. Trying to failover after sleeping for 2000ms. Current retry count: 1.
2025-04-23 14:37:16,006 [main] INFO  retry.RetryInvocationHandler (RetryInvocationHandler.java:log(426)) - com.google.protobuf.ServiceException: java.net.ConnectException: Call From fv-az1120-822/10.1.0.114 to localhost:15006 failed on connection exception: java.net.ConnectException: Connection refused; For more details see:  http://wiki.apache.org/hadoop/ConnectionRefused, while invoking $Proxy68.submitRequest over nodeId=omNode-1,nodeAddress=127.0.0.1:15006 after 2 failover attempts. Trying to failover immediately. Current retry count: 2.
2025-04-23 14:37:16,007 [main] INFO  retry.RetryInvocationHandler (RetryInvocationHandler.java:log(426)) - com.google.protobuf.ServiceException: java.net.ConnectException: Call From fv-az1120-822/10.1.0.114 to localhost:15010 failed on connection exception: java.net.ConnectException: Connection refused; For more details see:  http://wiki.apache.org/hadoop/ConnectionRefused, while invoking $Proxy68.submitRequest over nodeId=omNode-2,nodeAddress=127.0.0.1:15010 after 3 failover attempts. Trying to failover immediately. Current retry count: 3.
2025-04-23 14:37:16,007 [main] INFO  retry.RetryInvocationHandler (RetryInvocationHandler.java:log(426)) - com.google.protobuf.ServiceException: java.net.ConnectException: Call From fv-az1120-822/10.1.0.114 to localhost:15014 failed on connection exception: java.net.ConnectException: Connection refused; For more details see:  http://wiki.apache.org/hadoop/ConnectionRefused, while invoking $Proxy68.submitRequest over nodeId=omNode-3,nodeAddress=127.0.0.1:15014 after 4 failover attempts. Trying to failover after sleeping for 2000ms. Current retry count: 4.
2025-04-23 14:37:16,446 [timer7] WARN  server.GrpcLogAppender (LogUtils.java:warn(121)) - omNode-3@group-523986131536->omNode-2-AppendLogResponseHandler: Failed appendEntries (Repeated 8 times in the last 5.000s): org.apache.ratis.thirdparty.io.grpc.StatusRuntimeException: UNAVAILABLE: io exception
2025-04-23 14:37:16,451 [timer3] WARN  server.GrpcLogAppender (GrpcLogAppender.java:lambda$resetClient$1(221)) - omNode-3@group-523986131536->omNode-2-GrpcLogAppender: Follower failed (request=null, errorCount=4); keep nextIndex (32) unchanged and retry. (Repeated 3 times in the last 5.001s)
2025-04-23 14:37:16,483 [timer0] WARN  server.GrpcLogAppender (GrpcLogAppender.java:lambda$resetClient$1(221)) - omNode-3@group-523986131536->omNode-2-GrpcLogAppender: Follower failed (request=null, errorCount=8); keep nextIndex (33) unchanged and retry. (Repeated 4 times in the last 5.000s)
2025-04-23 14:37:18,008 [main] ERROR ha.OMFailoverProxyProviderBase (OMFailoverProxyProviderBase.java:getRetryAction(261)) - Failed to connect to OMs: [omNode-1, omNode-2, omNode-3]. Attempted 5 failovers.
2025-04-23 14:37:18,009 [main] INFO  om.OzoneManager (OzoneManager.java:stop(2347)) - omNode-3[localhost:15014]: Stopping Ozone Manager
2025-04-23 14:37:18,009 [main] INFO  om.OzoneManager (OzoneManager.java:stop(2347)) - omNode-1[localhost:15006]: Stopping Ozone Manager
2025-04-23 14:37:18,009 [main] INFO  om.OzoneManager (OzoneManager.java:stop(2347)) - omNode-2[localhost:15010]: Stopping Ozone Manager
2025-04-23 14:37:18,010 [main] INFO  om.OzoneManager (OzoneManager.java:restart(1878)) - OzoneManager RPC server is listening at localhost/127.0.0.1:15014
2025-04-23 14:37:18,010 [main] INFO  impl.MetricsSystemImpl (MetricsSystemImpl.java:init(158)) - OzoneManager metrics system started (again)
2025-04-23 14:37:18,022 [main] WARN  server.ServerUtils (ServerUtils.java:getDBPath(297)) - ozone.om.db.dirs is not configured. We recommend adding this setting. Falling back to ozone.metadata.dirs instead.
2025-04-23 14:37:18,065 [main] INFO  om.OzoneManager (OzoneManager.java:instantiateServices(933)) - S3 Multi-Tenancy is disabled
2025-04-23 14:37:18,065 [main] INFO  om.OmSnapshotManager (OmSnapshotManager.java:<init>(180)) - Ozone filesystem snapshot feature is enabled.
2025-04-23 14:37:18,066 [main] WARN  server.ServerUtils (ServerUtils.java:getDBPath(297)) - ozone.om.snapshot.diff.db.dir is not configured. We recommend adding this setting. Falling back to ozone.metadata.dirs instead.
2025-04-23 14:37:18,081 [main] WARN  server.ServerUtils (ServerUtils.java:getDefaultRatisDirectory(309)) - Storage directory for Ratis is not configured. It is a good idea to map this to an SSD disk. Falling back to ozone.metadata.dirs
2025-04-23 14:37:18,081 [main] INFO  server.RaftServerConfigKeys (ConfUtils.java:logGet(46)) - raft.server.log.appender.buffer.byte-limit = 4194304 (custom)
2025-04-23 14:37:18,082 [main] INFO  ratis.OzoneManagerRatisServer (OzoneManagerRatisServer.java:<init>(167)) - Instantiating OM Ratis server with groupID: om-service-test1 and peers: localhost:15017, localhost:15009, localhost:15013
2025-04-23 14:37:18,083 [main] INFO  ratis.OzoneManagerStateMachine (OzoneManagerStateMachine.java:loadSnapshotInfoFromDB(611)) - LastAppliedIndex is set from TransactionInfo from OM DB as (t:3, i:32)
2025-04-23 14:37:18,083 [main] INFO  server.RaftServer (ConfUtils.java:logGet(46)) - raft.rpc.type = GRPC (default)
2025-04-23 14:37:18,084 [main] INFO  grpc.GrpcConfigKeys (ConfUtils.java:logFallback(53)) - raft.grpc.admin.host = null (fallback to raft.grpc.server.host)
2025-04-23 14:37:18,084 [main] INFO  grpc.GrpcConfigKeys (ConfUtils.java:logFallback(53)) - raft.grpc.admin.port = 15017 (fallback to raft.grpc.server.port)
2025-04-23 14:37:18,084 [main] INFO  grpc.GrpcConfigKeys (ConfUtils.java:logFallback(53)) - raft.grpc.client.host = null (fallback to raft.grpc.server.host)
2025-04-23 14:37:18,084 [main] INFO  grpc.GrpcConfigKeys (ConfUtils.java:logFallback(53)) - raft.grpc.client.port = 15017 (fallback to raft.grpc.server.port)
2025-04-23 14:37:18,084 [main] INFO  grpc.GrpcConfigKeys (ConfUtils.java:logGet(46)) - raft.grpc.server.host = null (default)
2025-04-23 14:37:18,084 [main] INFO  grpc.GrpcConfigKeys (ConfUtils.java:logGet(46)) - raft.grpc.server.port = 15017 (custom)
2025-04-23 14:37:18,084 [main] INFO  server.GrpcService (ConfUtils.java:logGet(46)) - raft.grpc.message.size.max = 5242880 (custom)
2025-04-23 14:37:18,084 [main] INFO  server.GrpcService (ConfUtils.java:logGet(46)) - raft.grpc.flow.control.window = 1MB (=1048576) (default)
2025-04-23 14:37:18,084 [main] INFO  server.RaftServerConfigKeys (ConfUtils.java:logGet(46)) - raft.server.rpc.request.timeout = 3000ms (default)
2025-04-23 14:37:18,085 [main] INFO  grpc.GrpcConfigKeys (ConfUtils.java:logGet(46)) - raft.grpc.server.heartbeat.channel = true (default)
2025-04-23 14:37:18,085 [main] INFO  server.RaftServerConfigKeys (ConfUtils.java:logGet(46)) - raft.server.log.appender.buffer.byte-limit = 4194304 (custom)
2025-04-23 14:37:18,085 [main] INFO  grpc.GrpcConfigKeys (ConfUtils.java:logGet(46)) - raft.grpc.server.async.request.thread.pool.cached = true (default)
2025-04-23 14:37:18,085 [main] INFO  grpc.GrpcConfigKeys (ConfUtils.java:logGet(46)) - raft.grpc.server.async.request.thread.pool.size = 32 (default)
2025-04-23 14:37:18,086 [main] INFO  impl.DataStreamServerImpl (ConfUtils.java:logGet(46)) - raft.datastream.type = DISABLED (default)
2025-04-23 14:37:18,086 [main] INFO  server.RaftServerConfigKeys (ConfUtils.java:logGet(46)) - raft.server.sleep.deviation.threshold = 300ms (default)
2025-04-23 14:37:18,086 [main] INFO  server.RaftServerConfigKeys (ConfUtils.java:logGet(46)) - raft.server.close.threshold = 60s (default)
2025-04-23 14:37:18,086 [main] INFO  server.RaftServerConfigKeys (ConfUtils.java:logGet(46)) - raft.server.leaderelection.leader.step-down.wait-time = 10s (default)
2025-04-23 14:37:18,086 [main] INFO  server.RaftServerConfigKeys (ConfUtils.java:logGet(46)) - raft.server.storage.dir = [/home/runner/work/ozone/ozone/hadoop-ozone/integration-test/target/test-dir/MiniOzoneClusterImpl-68853c07-42d2-4ef8-9e75-e3a852294e6a/omNode-3/ratis] (custom)
2025-04-23 14:37:18,086 [main] INFO  server.RaftServerConfigKeys (ConfUtils.java:logGet(46)) - raft.server.threadpool.proxy.cached = true (default)
2025-04-23 14:37:18,086 [main] INFO  server.RaftServerConfigKeys (ConfUtils.java:logGet(46)) - raft.server.threadpool.proxy.size = 0 (default)
2025-04-23 14:37:18,087 [omNode-3-impl-thread1] INFO  server.RaftServer (RaftServerProxy.java:initGroupDir(265)) - omNode-3: found a subdirectory /home/runner/work/ozone/ozone/hadoop-ozone/integration-test/target/test-dir/MiniOzoneClusterImpl-68853c07-42d2-4ef8-9e75-e3a852294e6a/omNode-3/ratis/c9bc4cf4-3bc3-3c60-a66b-523986131536
2025-04-23 14:37:18,087 [main] INFO  server.RaftServer (RaftServerProxy.java:addNew(100)) - omNode-3: addNew group-523986131536:[omNode-3|localhost:15017, omNode-1|localhost:15009, omNode-2|localhost:15013] returns group-523986131536:java.util.concurrent.CompletableFuture@5f2a8a3d[Not completed]
2025-04-23 14:37:18,087 [main] INFO  om.OzoneManager (OzoneManager.java:initializeRatisServer(2303)) - OzoneManager Ratis server initialized at port 15017
2025-04-23 14:37:18,087 [main] INFO  ratis.OzoneManagerRatisServer (OzoneManagerRatisServer.java:start(628)) - Starting OzoneManagerRatisServer omNode-3 at port 15017
2025-04-23 14:37:18,087 [omNode-3-groupManagement] INFO  server.RaftServer$Division (RaftServerImpl.java:<init>(255)) - omNode-3: new RaftServerImpl for group-523986131536:[omNode-3|localhost:15017, omNode-1|localhost:15009, omNode-2|localhost:15013] with OzoneManagerStateMachine:uninitialized
2025-04-23 14:37:18,088 [omNode-3-groupManagement] INFO  server.RaftServerConfigKeys (ConfUtils.java:logGet(46)) - raft.server.rpc.timeout.min = 1s (custom)
2025-04-23 14:37:18,088 [omNode-3-groupManagement] INFO  server.RaftServerConfigKeys (ConfUtils.java:logGet(46)) - raft.server.rpc.timeout.max = 1200ms (custom)
2025-04-23 14:37:18,088 [omNode-3-groupManagement] INFO  server.RaftServerConfigKeys (ConfUtils.java:logGet(46)) - raft.server.rpc.sleep.time = 25ms (default)
2025-04-23 14:37:18,088 [omNode-3-groupManagement] INFO  server.RaftServerConfigKeys (ConfUtils.java:logGet(46)) - raft.server.rpc.slowness.timeout = 2s (custom)
2025-04-23 14:37:18,088 [omNode-3-groupManagement] INFO  server.RaftServerConfigKeys (ConfUtils.java:logGet(46)) - raft.server.leaderelection.leader.step-down.wait-time = 10s (default)
2025-04-23 14:37:18,088 [omNode-3-groupManagement] INFO  server.RaftServerConfigKeys (ConfUtils.java:logGet(46)) - raft.server.leaderelection.member.majority-add = false (default)
2025-04-23 14:37:18,088 [omNode-3-groupManagement] INFO  server.RaftServerConfigKeys (ConfUtils.java:logGet(46)) - raft.server.sleep.deviation.threshold = 300ms (default)
2025-04-23 14:37:18,088 [omNode-3-groupManagement] INFO  server.RaftServer$Division (ServerState.java:<init>(114)) - omNode-3@group-523986131536: ConfigurationManager, init=conf: {index: -1, cur=peers:[omNode-3|localhost:15017, omNode-1|localhost:15009, omNode-2|localhost:15013]|listeners:[], old=null}, confs=<EMPTY_MAP>
2025-04-23 14:37:18,088 [omNode-3-groupManagement] INFO  server.RaftServerConfigKeys (ConfUtils.java:logGet(46)) - raft.server.notification.no-leader.timeout = 2s (custom)
2025-04-23 14:37:18,088 [omNode-3-groupManagement] INFO  server.RaftServerConfigKeys (ConfUtils.java:logGet(46)) - raft.server.read.timeout = 10s (default)
2025-04-23 14:37:18,088 [omNode-3-groupManagement] INFO  server.RaftServerConfigKeys (ConfUtils.java:logGet(46)) - raft.server.retrycache.expirytime = 30000ms (custom)
2025-04-23 14:37:18,088 [omNode-3-groupManagement] INFO  server.RaftServerConfigKeys (ConfUtils.java:logGet(46)) - raft.server.retrycache.statistics.expirytime = 100ms (default)
2025-04-23 14:37:18,089 [omNode-3-groupManagement] INFO  server.RaftServerConfigKeys (ConfUtils.java:logGet(46)) - raft.server.read.option = DEFAULT (default)
2025-04-23 14:37:18,089 [omNode-3-groupManagement] INFO  server.RaftServerConfigKeys (ConfUtils.java:logGet(46)) - raft.server.read.read-after-write-consistent.write-index-cache.expiry-time = 60s (default)
2025-04-23 14:37:18,090 [omNode-3-groupManagement] INFO  server.RaftServerConfigKeys (ConfUtils.java:logGet(46)) - raft.server.rpc.request.timeout = 3000ms (default)
2025-04-23 14:37:18,090 [omNode-3-groupManagement] INFO  server.RaftServerConfigKeys (ConfUtils.java:logGet(46)) - raft.server.log.appender.install.snapshot.enabled = false (custom)
2025-04-23 14:37:18,090 [omNode-3-groupManagement] INFO  server.RaftServerConfigKeys (ConfUtils.java:logGet(46)) - raft.server.threadpool.server.cached = true (default)
2025-04-23 14:37:18,090 [omNode-3-groupManagement] INFO  server.RaftServerConfigKeys (ConfUtils.java:logGet(46)) - raft.server.threadpool.server.size = 0 (default)
2025-04-23 14:37:18,090 [omNode-3-groupManagement] INFO  server.RaftServerConfigKeys (ConfUtils.java:logGet(46)) - raft.server.threadpool.client.cached = true (default)
2025-04-23 14:37:18,090 [omNode-3-groupManagement] INFO  server.RaftServerConfigKeys (ConfUtils.java:logGet(46)) - raft.server.threadpool.client.size = 0 (default)
2025-04-23 14:37:18,091 [omNode-3-impl-thread1] INFO  server.RaftServerConfigKeys (ConfUtils.java:logGet(46)) - raft.server.storage.free-space.min = 0MB (=0) (default)
2025-04-23 14:37:18,091 [omNode-3-impl-thread1] INFO  server.RaftServerConfigKeys (ConfUtils.java:logGet(46)) - raft.server.log.corruption.policy = EXCEPTION (default)
2025-04-23 14:37:18,091 [omNode-3-impl-thread1] INFO  server.RaftServerConfigKeys (ConfUtils.java:logGet(46)) - raft.server.storage.dir = [/home/runner/work/ozone/ozone/hadoop-ozone/integration-test/target/test-dir/MiniOzoneClusterImpl-68853c07-42d2-4ef8-9e75-e3a852294e6a/omNode-3/ratis] (custom)
2025-04-23 14:37:18,092 [omNode-3-impl-thread1] INFO  storage.RaftStorageDirectory (RaftStorageDirectoryImpl.java:tryLock(229)) - Lock on /home/runner/work/ozone/ozone/hadoop-ozone/integration-test/target/test-dir/MiniOzoneClusterImpl-68853c07-42d2-4ef8-9e75-e3a852294e6a/omNode-3/ratis/c9bc4cf4-3bc3-3c60-a66b-523986131536/in_use.lock acquired by nodename 129558@fv-az1120-822
2025-04-23 14:37:18,092 [omNode-3-impl-thread1] INFO  storage.RaftStorage (RaftStorageImpl.java:analyzeAndRecoverStorage(118)) - Read RaftStorageMetadata{term=3, votedFor=omNode-3} from /home/runner/work/ozone/ozone/hadoop-ozone/integration-test/target/test-dir/MiniOzoneClusterImpl-68853c07-42d2-4ef8-9e75-e3a852294e6a/omNode-3/ratis/c9bc4cf4-3bc3-3c60-a66b-523986131536/current/raft-meta
2025-04-23 14:37:18,092 [omNode-3-impl-thread1] INFO  server.RaftServer$Division (ServerState.java:setRaftConf(386)) - omNode-3@group-523986131536: set configuration conf: {index: 31, cur=peers:[omNode-3|localhost:15017, omNode-1|localhost:15009, omNode-2|localhost:15013]|listeners:[], old=null}
2025-04-23 14:37:18,092 [omNode-3-impl-thread1] INFO  ratis.OzoneManagerStateMachine (OzoneManagerStateMachine.java:lambda$0(138)) - omNode-3: initialize group-523986131536 with (t:3, i:32)
2025-04-23 14:37:18,092 [omNode-3-impl-thread1] INFO  server.RaftServerConfigKeys (ConfUtils.java:logGet(46)) - raft.server.log.use.memory = false (default)
2025-04-23 14:37:18,093 [omNode-3-impl-thread1] INFO  server.RaftServerConfigKeys (ConfUtils.java:logGet(46)) - raft.server.log.purge.gap = 50 (custom)
2025-04-23 14:37:18,093 [omNode-3-impl-thread1] INFO  server.RaftServerConfigKeys (ConfUtils.java:logGet(46)) - raft.server.log.appender.buffer.byte-limit = 4194304 (custom)
2025-04-23 14:37:18,093 [omNode-3-impl-thread1] INFO  server.RaftServerConfigKeys (ConfUtils.java:logGet(46)) - raft.server.log.statemachine.data.read.timeout = 1000ms (default)
2025-04-23 14:37:18,093 [omNode-3-impl-thread1] INFO  server.RaftServerConfigKeys (ConfUtils.java:logGet(46)) - raft.server.log.purge.preservation.log.num = 0 (default)
2025-04-23 14:37:18,094 [omNode-3-impl-thread1] INFO  server.RaftServerConfigKeys (ConfUtils.java:logGet(46)) - raft.server.log.segment.size.max = 4194304 (custom)
2025-04-23 14:37:18,094 [omNode-3-impl-thread1] INFO  server.RaftServerConfigKeys (ConfUtils.java:logGet(46)) - raft.server.log.segment.cache.num.max = 2 (custom)
2025-04-23 14:37:18,094 [omNode-3-impl-thread1] INFO  server.RaftServerConfigKeys (ConfUtils.java:logGet(46)) - raft.server.log.segment.cache.size.max = 200MB (=209715200) (default)
2025-04-23 14:37:18,094 [omNode-3-impl-thread1] INFO  server.RaftServerConfigKeys (ConfUtils.java:logGet(46)) - raft.server.log.appender.buffer.byte-limit = 4194304 (custom)
2025-04-23 14:37:18,094 [omNode-3-impl-thread1] INFO  util.AwaitToRun (AwaitToRun.java:start(81)) - Thread[#1756,omNode-3@group-523986131536-cacheEviction-AwaitToRun,5,main] started
2025-04-23 14:37:18,094 [omNode-3-impl-thread1] INFO  segmented.SegmentedRaftLogWorker (SegmentedRaftLogWorker.java:<init>(188)) - new omNode-3@group-523986131536-SegmentedRaftLogWorker for RaftStorageImpl:Storage Directory /home/runner/work/ozone/ozone/hadoop-ozone/integration-test/target/test-dir/MiniOzoneClusterImpl-68853c07-42d2-4ef8-9e75-e3a852294e6a/omNode-3/ratis/c9bc4cf4-3bc3-3c60-a66b-523986131536
2025-04-23 14:37:18,094 [omNode-3-impl-thread1] INFO  server.RaftServerConfigKeys (ConfUtils.java:logGet(46)) - raft.server.log.queue.byte-limit = 64MB (=67108864) (default)
2025-04-23 14:37:18,094 [omNode-3-impl-thread1] INFO  server.RaftServerConfigKeys (ConfUtils.java:logGet(46)) - raft.server.log.queue.element-limit = 4096 (default)
2025-04-23 14:37:18,095 [omNode-3-impl-thread1] INFO  server.RaftServerConfigKeys (ConfUtils.java:logGet(46)) - raft.server.log.segment.size.max = 4194304 (custom)
2025-04-23 14:37:18,095 [omNode-3-impl-thread1] INFO  server.RaftServerConfigKeys (ConfUtils.java:logGet(46)) - raft.server.log.preallocated.size = 4194304 (custom)
2025-04-23 14:37:18,095 [omNode-3-impl-thread1] INFO  server.RaftServerConfigKeys (ConfUtils.java:logGet(46)) - raft.server.log.force.sync.num = 128 (default)
2025-04-23 14:37:18,095 [omNode-3-impl-thread1] INFO  server.RaftServerConfigKeys (ConfUtils.java:logGet(46)) - raft.server.log.statemachine.data.sync = true (default)
2025-04-23 14:37:18,095 [omNode-3-impl-thread1] INFO  server.RaftServerConfigKeys (ConfUtils.java:logGet(46)) - raft.server.log.statemachine.data.sync.timeout = 10s (default)
2025-04-23 14:37:18,095 [omNode-3-impl-thread1] INFO  server.RaftServerConfigKeys (ConfUtils.java:logGet(46)) - raft.server.log.statemachine.data.sync.timeout.retry = -1 (default)
2025-04-23 14:37:18,095 [omNode-3-impl-thread1] INFO  server.RaftServerConfigKeys (ConfUtils.java:logGet(46)) - raft.server.log.write.buffer.size = 4194312 (custom)
2025-04-23 14:37:18,095 [omNode-3-impl-thread1] INFO  server.RaftServerConfigKeys (ConfUtils.java:logGet(46)) - raft.server.log.appender.buffer.byte-limit = 4194304 (custom)
2025-04-23 14:37:18,095 [omNode-3-impl-thread1] INFO  server.RaftServerConfigKeys (ConfUtils.java:logGet(46)) - raft.server.log.unsafe-flush.enabled = false (default)
2025-04-23 14:37:18,095 [omNode-3-impl-thread1] INFO  server.RaftServerConfigKeys (ConfUtils.java:logGet(46)) - raft.server.log.async-flush.enabled = false (default)
2025-04-23 14:37:18,096 [omNode-3-impl-thread1] INFO  server.RaftServerConfigKeys (ConfUtils.java:logGet(46)) - raft.server.log.statemachine.data.caching.enabled = false (default)
2025-04-23 14:37:18,096 [omNode-3-impl-thread1] INFO  server.RaftServer$Division (ServerState.java:setRaftConf(386)) - omNode-3@group-523986131536: set configuration conf: {index: 0, cur=peers:[omNode-3|localhost:15017, omNode-1|localhost:15009, omNode-2|localhost:15013]|listeners:[], old=null}
2025-04-23 14:37:18,097 [omNode-3-impl-thread1] INFO  segmented.LogSegment (LogSegment.java:loadSegment(171)) - Successfully read 21 entries from segment file /home/runner/work/ozone/ozone/hadoop-ozone/integration-test/target/test-dir/MiniOzoneClusterImpl-68853c07-42d2-4ef8-9e75-e3a852294e6a/omNode-3/ratis/c9bc4cf4-3bc3-3c60-a66b-523986131536/current/log_0-20
2025-04-23 14:37:18,097 [omNode-3-impl-thread1] INFO  server.RaftServer$Division (ServerState.java:setRaftConf(386)) - omNode-3@group-523986131536: set configuration conf: {index: 21, cur=peers:[omNode-3|localhost:15017, omNode-1|localhost:15009, omNode-2|localhost:15013]|listeners:[], old=null}
2025-04-23 14:37:18,098 [omNode-3-impl-thread1] INFO  segmented.LogSegment (LogSegment.java:loadSegment(171)) - Successfully read 10 entries from segment file /home/runner/work/ozone/ozone/hadoop-ozone/integration-test/target/test-dir/MiniOzoneClusterImpl-68853c07-42d2-4ef8-9e75-e3a852294e6a/omNode-3/ratis/c9bc4cf4-3bc3-3c60-a66b-523986131536/current/log_21-30
2025-04-23 14:37:18,098 [omNode-3-impl-thread1] INFO  server.RaftServer$Division (ServerState.java:setRaftConf(386)) - omNode-3@group-523986131536: set configuration conf: {index: 31, cur=peers:[omNode-3|localhost:15017, omNode-1|localhost:15009, omNode-2|localhost:15013]|listeners:[], old=null}
2025-04-23 14:37:18,098 [omNode-3-impl-thread1] INFO  segmented.LogSegment (LogSegment.java:loadSegment(171)) - Successfully read 2 entries from segment file /home/runner/work/ozone/ozone/hadoop-ozone/integration-test/target/test-dir/MiniOzoneClusterImpl-68853c07-42d2-4ef8-9e75-e3a852294e6a/omNode-3/ratis/c9bc4cf4-3bc3-3c60-a66b-523986131536/current/log_inprogress_31
2025-04-23 14:37:18,098 [omNode-3-impl-thread1] INFO  segmented.SegmentedRaftLogWorker (SegmentedRaftLogWorker.java:lambda$new$0(139)) - omNode-3@group-523986131536-SegmentedRaftLogWorker: flushIndex: setUnconditionally 0 -> 32
2025-04-23 14:37:18,098 [omNode-3-impl-thread1] INFO  segmented.SegmentedRaftLogWorker (SegmentedRaftLogWorker.java:lambda$new$0(139)) - omNode-3@group-523986131536-SegmentedRaftLogWorker: safeCacheEvictIndex: setUnconditionally 0 -> 30
2025-04-23 14:37:18,098 [omNode-3-impl-thread1] INFO  segmented.BufferedWriteChannel (BufferedWriteChannel.java:open(61)) - open log_inprogress_31 (append) at position 125
2025-04-23 14:37:18,099 [omNode-3-impl-thread1] INFO  server.RaftServer$Division (RaftServerImpl.java:start(391)) - omNode-3@group-523986131536: start as a follower, conf=conf: {index: 31, cur=peers:[omNode-3|localhost:15017, omNode-1|localhost:15009, omNode-2|localhost:15013]|listeners:[], old=null}
2025-04-23 14:37:18,099 [omNode-3-impl-thread1] INFO  server.RaftServer$Division (RaftServerImpl.java:setRole(378)) - omNode-3@group-523986131536: changes role from      null to FOLLOWER at term 3 for startAsFollower
2025-04-23 14:37:18,099 [omNode-3-impl-thread1] INFO  impl.RoleInfo (RoleInfo.java:updateAndGet(148)) - omNode-3: start omNode-3@group-523986131536-FollowerState
2025-04-23 14:37:18,099 [omNode-3-impl-thread1] INFO  util.JmxRegister (JmxRegister.java:tryRegister(44)) - Successfully registered JMX Bean with object name Ratis:service=RaftServer,group=group-523986131536,id=omNode-3
2025-04-23 14:37:18,099 [omNode-3-impl-thread1] INFO  util.JmxRegister (JmxRegister.java:register(58)) - register mxBean class org.apache.ratis.server.impl.RaftServerJmxAdapter as Ratis:service=RaftServer,group=group-523986131536,id=omNode-3
2025-04-23 14:37:18,099 [omNode-3-impl-thread1] INFO  server.RaftServerConfigKeys (ConfUtils.java:logGet(46)) - raft.server.snapshot.trigger-when-stop.enabled = true (default)
2025-04-23 14:37:18,099 [omNode-3-impl-thread1] INFO  server.RaftServerConfigKeys (ConfUtils.java:logGet(46)) - raft.server.snapshot.trigger-when-remove.enabled = true (default)
2025-04-23 14:37:18,099 [omNode-3-impl-thread1] INFO  server.RaftServerConfigKeys (ConfUtils.java:logGet(46)) - raft.server.snapshot.auto.trigger.enabled = true (custom)
2025-04-23 14:37:18,099 [omNode-3-impl-thread1] INFO  server.RaftServerConfigKeys (ConfUtils.java:logGet(46)) - raft.server.snapshot.auto.trigger.threshold = 50 (custom)
2025-04-23 14:37:18,099 [omNode-3-impl-thread1] INFO  server.RaftServerConfigKeys (ConfUtils.java:logGet(46)) - raft.server.snapshot.retention.file.num = -1 (default)
2025-04-23 14:37:18,100 [omNode-3-impl-thread1] INFO  server.RaftServerConfigKeys (ConfUtils.java:logGet(46)) - raft.server.log.purge.upto.snapshot.index = true (custom)
2025-04-23 14:37:18,100 [omNode-3@group-523986131536-FollowerState] INFO  server.RaftServerConfigKeys (ConfUtils.java:logFallback(53)) - raft.server.rpc.first-election.timeout.min = 1s (fallback to raft.server.rpc.timeout.min)
2025-04-23 14:37:18,100 [omNode-3@group-523986131536-FollowerState] INFO  server.RaftServerConfigKeys (ConfUtils.java:logFallback(53)) - raft.server.rpc.first-election.timeout.max = 1200ms (fallback to raft.server.rpc.timeout.max)
2025-04-23 14:37:18,100 [omNode-3-impl-thread1] INFO  server.RaftServer$Division (RaftServerImpl.java:start(405)) - omNode-3@group-523986131536: Successfully started.
2025-04-23 14:37:18,100 [main] INFO  server.RaftServer (RaftServerProxy.java:startImpl(407)) - omNode-3: start RPC server
2025-04-23 14:37:18,101 [main] INFO  server.GrpcService (GrpcService.java:startImpl(334)) - omNode-3: GrpcService started, listening on 15017
2025-04-23 14:37:18,101 [main] INFO  om.OzoneManager (OzoneManager.java:getRpcServer(1360)) - Creating RPC Server
2025-04-23 14:37:18,101 [JvmPauseMonitor11] INFO  util.JvmPauseMonitor (JvmPauseMonitor.java:run(146)) - JvmPauseMonitor-omNode-3: Started
2025-04-23 14:37:18,606 [main] INFO  reflections.Reflections (Reflections.java:scan(219)) - Reflections took 504 ms to scan 22 urls, producing 61 keys and 7422 values
2025-04-23 14:37:18,608 [main] INFO  ipc.CallQueueManager (CallQueueManager.java:<init>(93)) - Using callQueue: class java.util.concurrent.LinkedBlockingQueue, queueCapacity: 2000, scheduler: class org.apache.hadoop.ipc.DefaultRpcScheduler, ipcBackoff: false, ipcFailOver: false.
2025-04-23 14:37:18,609 [main] INFO  ipc.Server (Server.java:<init>(1438)) - Listener at localhost:15014
2025-04-23 14:37:18,609 [Socket Reader #1 for port 15014] INFO  ipc.Server (Server.java:run(1474)) - Starting Socket Reader #1 for port 15014
2025-04-23 14:37:18,609 [Socket Reader #2 for port 15014] INFO  ipc.Server (Server.java:run(1474)) - Starting Socket Reader #2 for port 15014
2025-04-23 14:37:18,610 [Socket Reader #3 for port 15014] INFO  ipc.Server (Server.java:run(1474)) - Starting Socket Reader #3 for port 15014
2025-04-23 14:37:18,610 [Socket Reader #4 for port 15014] INFO  ipc.Server (Server.java:run(1474)) - Starting Socket Reader #4 for port 15014
2025-04-23 14:37:18,610 [Socket Reader #5 for port 15014] INFO  ipc.Server (Server.java:run(1474)) - Starting Socket Reader #5 for port 15014
2025-04-23 14:37:18,610 [Socket Reader #6 for port 15014] INFO  ipc.Server (Server.java:run(1474)) - Starting Socket Reader #6 for port 15014
2025-04-23 14:37:18,610 [Socket Reader #7 for port 15014] INFO  ipc.Server (Server.java:run(1474)) - Starting Socket Reader #7 for port 15014
2025-04-23 14:37:18,610 [Socket Reader #8 for port 15014] INFO  ipc.Server (Server.java:run(1474)) - Starting Socket Reader #8 for port 15014
2025-04-23 14:37:18,611 [Socket Reader #9 for port 15014] INFO  ipc.Server (Server.java:run(1474)) - Starting Socket Reader #9 for port 15014
2025-04-23 14:37:18,611 [Socket Reader #10 for port 15014] INFO  ipc.Server (Server.java:run(1474)) - Starting Socket Reader #10 for port 15014
2025-04-23 14:37:18,614 [main] INFO  http.BaseHttpServer (BaseHttpServer.java:newHttpServer2BuilderForOzone(229)) - Starting Web-server for ozoneManager at: http://0.0.0.0:15015
2025-04-23 14:37:18,614 [main] INFO  http.BaseHttpServer (BaseHttpServer.java:<init>(107)) - Hadoop Security Enabled: false Ozone Security Enabled: false Ozone HTTP Security Enabled: false 
2025-04-23 14:37:18,615 [main] WARN  server.AuthenticationFilter (AuthenticationFilter.java:constructSecretProvider(240)) - Unable to initialize FileSignerSecretProvider, falling back to use random secrets. Reason: Could not read signature secret file: /home/runner/hadoop-http-auth-signature-secret
2025-04-23 14:37:18,618 [main] INFO  http.HttpServer2 (HttpServer2.java:addGlobalFilter(1041)) - Added global filter 'safety' (class=org.apache.hadoop.hdds.server.http.HttpServer2$QuotingInputFilter)
2025-04-23 14:37:18,619 [main] INFO  http.HttpServer2 (HttpServer2.java:addFilter(1017)) - Added filter static_user_filter (class=org.apache.hadoop.http.lib.StaticUserWebFilter$StaticUserFilter) to context ozoneManager
2025-04-23 14:37:18,619 [main] INFO  http.HttpServer2 (HttpServer2.java:addFilter(1025)) - Added filter static_user_filter (class=org.apache.hadoop.http.lib.StaticUserWebFilter$StaticUserFilter) to context static
2025-04-23 14:37:18,619 [main] INFO  http.HttpServer2 (HttpServer2.java:addFilter(1025)) - Added filter static_user_filter (class=org.apache.hadoop.http.lib.StaticUserWebFilter$StaticUserFilter) to context logs
2025-04-23 14:37:18,619 [main] INFO  http.BaseHttpServer (BaseHttpServer.java:<init>(195)) - HTTP server of ozoneManager uses base directory /home/runner/work/ozone/ozone/hadoop-ozone/integration-test/target/test-dir/MiniOzoneClusterImpl-68853c07-42d2-4ef8-9e75-e3a852294e6a/omNode-3/webserver
2025-04-23 14:37:18,620 [main] INFO  http.HttpServer2 (HttpServer2.java:bindListener(1241)) - Jetty bound to port 15015
2025-04-23 14:37:18,620 [main] INFO  server.Server (Server.java:doStart(375)) - jetty-9.4.57.v20241219; built: 2025-01-08T21:24:30.412Z; git: df524e6b29271c2e09ba9aea83c18dc9db464a31; jvm 21.0.7+6-LTS
2025-04-23 14:37:18,621 [main] INFO  server.session (DefaultSessionIdManager.java:doStart(334)) - DefaultSessionIdManager workerName=node0
2025-04-23 14:37:18,622 [main] INFO  server.session (DefaultSessionIdManager.java:doStart(339)) - No SessionScavenger set, using defaults
2025-04-23 14:37:18,622 [main] INFO  server.session (HouseKeeper.java:startScavenging(132)) - node0 Scavenging every 660000ms
2025-04-23 14:37:18,622 [main] INFO  handler.ContextHandler (ContextHandler.java:doStart(921)) - Started o.e.j.s.ServletContextHandler@5e3b0177{logs,/logs,file:///home/runner/work/ozone/ozone/hadoop-ozone/integration-test/target/log,AVAILABLE}
2025-04-23 14:37:18,623 [main] INFO  handler.ContextHandler (ContextHandler.java:doStart(921)) - Started o.e.j.s.ServletContextHandler@43c904cc{static,/static,file:///home/runner/work/ozone/ozone/hadoop-ozone/integration-test/target/test-classes/webapps/static,AVAILABLE}
2025-04-23 14:37:18,629 [main] INFO  handler.ContextHandler (ContextHandler.java:doStart(921)) - Started o.e.j.w.WebAppContext@6c1d22de{ozoneManager,/,file:///home/runner/work/ozone/ozone/hadoop-ozone/integration-test/target/test-classes/webapps/ozoneManager/,AVAILABLE}{file:/home/runner/work/ozone/ozone/hadoop-ozone/integration-test/target/test-classes/webapps/ozoneManager}
2025-04-23 14:37:18,629 [main] INFO  server.AbstractConnector (AbstractConnector.java:doStart(333)) - Started ServerConnector@7647219{HTTP/1.1, (http/1.1)}{0.0.0.0:15015}
2025-04-23 14:37:18,630 [main] INFO  server.Server (Server.java:doStart(415)) - Started @38909ms
2025-04-23 14:37:18,630 [main] WARN  impl.MetricsSystemImpl (MetricsSystemImpl.java:register(279)) - Sink prometheus already exists!
2025-04-23 14:37:18,630 [main] INFO  http.BaseHttpServer (BaseHttpServer.java:updateConnectorAddress(360)) - HTTP server of ozoneManager listening at http://0.0.0.0:15015
2025-04-23 14:37:18,630 [IPC Server Responder] INFO  ipc.Server (Server.java:run(1713)) - IPC Server Responder: starting
2025-04-23 14:37:18,631 [IPC Server listener on 15014] INFO  ipc.Server (Server.java:run(1553)) - IPC Server listener on 15014: starting
2025-04-23 14:37:18,633 [main] INFO  om.OzoneManager (OzoneManager.java:startTrashEmptier(2257)) - Trash Interval set to 0. Files deleted won't move to trash
2025-04-23 14:37:18,634 [main] INFO  om.OzoneManager (OzoneManager.java:restart(1878)) - OzoneManager RPC server is listening at localhost/127.0.0.1:15006
2025-04-23 14:37:18,634 [main] INFO  impl.MetricsSystemImpl (MetricsSystemImpl.java:init(158)) - OzoneManager metrics system started (again)
2025-04-23 14:37:18,650 [main] WARN  server.ServerUtils (ServerUtils.java:getDBPath(297)) - ozone.om.db.dirs is not configured. We recommend adding this setting. Falling back to ozone.metadata.dirs instead.
2025-04-23 14:37:18,696 [main] INFO  om.OzoneManager (OzoneManager.java:instantiateServices(933)) - S3 Multi-Tenancy is disabled
2025-04-23 14:37:18,697 [main] INFO  om.OmSnapshotManager (OmSnapshotManager.java:<init>(180)) - Ozone filesystem snapshot feature is enabled.
2025-04-23 14:37:18,697 [main] WARN  server.ServerUtils (ServerUtils.java:getDBPath(297)) - ozone.om.snapshot.diff.db.dir is not configured. We recommend adding this setting. Falling back to ozone.metadata.dirs instead.
2025-04-23 14:37:18,713 [main] WARN  dropwizard3.Dm3MetricRegistriesImpl (Dm3MetricRegistriesImpl.java:addReporterRegistration(114)) - New reporters are added after registries were created. Some metrics will be missing from the reporter. Please add reporter before adding any new registry.
2025-04-23 14:37:18,713 [main] WARN  dropwizard3.Dm3MetricRegistriesImpl (Dm3MetricRegistriesImpl.java:addReporterRegistration(114)) - New reporters are added after registries were created. Some metrics will be missing from the reporter. Please add reporter before adding any new registry.
2025-04-23 14:37:18,713 [main] WARN  server.ServerUtils (ServerUtils.java:getDefaultRatisDirectory(309)) - Storage directory for Ratis is not configured. It is a good idea to map this to an SSD disk. Falling back to ozone.metadata.dirs
2025-04-23 14:37:18,713 [main] INFO  server.RaftServerConfigKeys (ConfUtils.java:logGet(46)) - raft.server.log.appender.buffer.byte-limit = 4194304 (custom)
2025-04-23 14:37:18,715 [main] INFO  ratis.OzoneManagerRatisServer (OzoneManagerRatisServer.java:<init>(167)) - Instantiating OM Ratis server with groupID: om-service-test1 and peers: localhost:15009, localhost:15017, localhost:15013
2025-04-23 14:37:18,715 [main] INFO  ratis.OzoneManagerStateMachine (OzoneManagerStateMachine.java:loadSnapshotInfoFromDB(611)) - LastAppliedIndex is set from TransactionInfo from OM DB as (t:3, i:32)
2025-04-23 14:37:18,716 [main] INFO  server.RaftServer (ConfUtils.java:logGet(46)) - raft.rpc.type = GRPC (default)
2025-04-23 14:37:18,716 [main] INFO  grpc.GrpcConfigKeys (ConfUtils.java:logFallback(53)) - raft.grpc.admin.host = null (fallback to raft.grpc.server.host)
2025-04-23 14:37:18,716 [main] INFO  grpc.GrpcConfigKeys (ConfUtils.java:logFallback(53)) - raft.grpc.admin.port = 15009 (fallback to raft.grpc.server.port)
2025-04-23 14:37:18,716 [main] INFO  grpc.GrpcConfigKeys (ConfUtils.java:logFallback(53)) - raft.grpc.client.host = null (fallback to raft.grpc.server.host)
2025-04-23 14:37:18,716 [main] INFO  grpc.GrpcConfigKeys (ConfUtils.java:logFallback(53)) - raft.grpc.client.port = 15009 (fallback to raft.grpc.server.port)
2025-04-23 14:37:18,716 [main] INFO  grpc.GrpcConfigKeys (ConfUtils.java:logGet(46)) - raft.grpc.server.host = null (default)
2025-04-23 14:37:18,716 [main] INFO  grpc.GrpcConfigKeys (ConfUtils.java:logGet(46)) - raft.grpc.server.port = 15009 (custom)
2025-04-23 14:37:18,717 [main] INFO  server.GrpcService (ConfUtils.java:logGet(46)) - raft.grpc.message.size.max = 5242880 (custom)
2025-04-23 14:37:18,717 [main] INFO  server.GrpcService (ConfUtils.java:logGet(46)) - raft.grpc.flow.control.window = 1MB (=1048576) (default)
2025-04-23 14:37:18,717 [main] INFO  server.RaftServerConfigKeys (ConfUtils.java:logGet(46)) - raft.server.rpc.request.timeout = 3000ms (default)
2025-04-23 14:37:18,717 [main] INFO  grpc.GrpcConfigKeys (ConfUtils.java:logGet(46)) - raft.grpc.server.heartbeat.channel = true (default)
2025-04-23 14:37:18,717 [main] INFO  server.RaftServerConfigKeys (ConfUtils.java:logGet(46)) - raft.server.log.appender.buffer.byte-limit = 4194304 (custom)
2025-04-23 14:37:18,717 [main] INFO  grpc.GrpcConfigKeys (ConfUtils.java:logGet(46)) - raft.grpc.server.async.request.thread.pool.cached = true (default)
2025-04-23 14:37:18,717 [main] INFO  grpc.GrpcConfigKeys (ConfUtils.java:logGet(46)) - raft.grpc.server.async.request.thread.pool.size = 32 (default)
2025-04-23 14:37:18,718 [main] INFO  impl.DataStreamServerImpl (ConfUtils.java:logGet(46)) - raft.datastream.type = DISABLED (default)
2025-04-23 14:37:18,718 [main] INFO  server.RaftServerConfigKeys (ConfUtils.java:logGet(46)) - raft.server.sleep.deviation.threshold = 300ms (default)
2025-04-23 14:37:18,718 [main] INFO  server.RaftServerConfigKeys (ConfUtils.java:logGet(46)) - raft.server.close.threshold = 60s (default)
2025-04-23 14:37:18,718 [main] INFO  server.RaftServerConfigKeys (ConfUtils.java:logGet(46)) - raft.server.leaderelection.leader.step-down.wait-time = 10s (default)
2025-04-23 14:37:18,718 [main] INFO  server.RaftServerConfigKeys (ConfUtils.java:logGet(46)) - raft.server.storage.dir = [/home/runner/work/ozone/ozone/hadoop-ozone/integration-test/target/test-dir/MiniOzoneClusterImpl-68853c07-42d2-4ef8-9e75-e3a852294e6a/omNode-1/ratis] (custom)
2025-04-23 14:37:18,718 [main] INFO  server.RaftServerConfigKeys (ConfUtils.java:logGet(46)) - raft.server.threadpool.proxy.cached = true (default)
2025-04-23 14:37:18,718 [main] INFO  server.RaftServerConfigKeys (ConfUtils.java:logGet(46)) - raft.server.threadpool.proxy.size = 0 (default)
2025-04-23 14:37:18,719 [omNode-1-impl-thread1] INFO  server.RaftServer (RaftServerProxy.java:initGroupDir(265)) - omNode-1: found a subdirectory /home/runner/work/ozone/ozone/hadoop-ozone/integration-test/target/test-dir/MiniOzoneClusterImpl-68853c07-42d2-4ef8-9e75-e3a852294e6a/omNode-1/ratis/c9bc4cf4-3bc3-3c60-a66b-523986131536
2025-04-23 14:37:18,719 [main] INFO  server.RaftServer (RaftServerProxy.java:addNew(100)) - omNode-1: addNew group-523986131536:[omNode-3|localhost:15017, omNode-1|localhost:15009, omNode-2|localhost:15013] returns group-523986131536:java.util.concurrent.CompletableFuture@5803b898[Not completed]
2025-04-23 14:37:18,719 [main] INFO  om.OzoneManager (OzoneManager.java:initializeRatisServer(2303)) - OzoneManager Ratis server initialized at port 15009
2025-04-23 14:37:18,719 [main] INFO  ratis.OzoneManagerRatisServer (OzoneManagerRatisServer.java:start(628)) - Starting OzoneManagerRatisServer omNode-1 at port 15009
2025-04-23 14:37:18,719 [omNode-1-groupManagement] INFO  server.RaftServer$Division (RaftServerImpl.java:<init>(255)) - omNode-1: new RaftServerImpl for group-523986131536:[omNode-3|localhost:15017, omNode-1|localhost:15009, omNode-2|localhost:15013] with OzoneManagerStateMachine:uninitialized
2025-04-23 14:37:18,720 [omNode-1-groupManagement] INFO  server.RaftServerConfigKeys (ConfUtils.java:logGet(46)) - raft.server.rpc.timeout.min = 1s (custom)
2025-04-23 14:37:18,720 [omNode-1-groupManagement] INFO  server.RaftServerConfigKeys (ConfUtils.java:logGet(46)) - raft.server.rpc.timeout.max = 1200ms (custom)
2025-04-23 14:37:18,720 [omNode-1-groupManagement] INFO  server.RaftServerConfigKeys (ConfUtils.java:logGet(46)) - raft.server.rpc.sleep.time = 25ms (default)
2025-04-23 14:37:18,720 [omNode-1-groupManagement] INFO  server.RaftServerConfigKeys (ConfUtils.java:logGet(46)) - raft.server.rpc.slowness.timeout = 2s (custom)
2025-04-23 14:37:18,720 [omNode-1-groupManagement] INFO  server.RaftServerConfigKeys (ConfUtils.java:logGet(46)) - raft.server.leaderelection.leader.step-down.wait-time = 10s (default)
2025-04-23 14:37:18,720 [omNode-1-groupManagement] INFO  server.RaftServerConfigKeys (ConfUtils.java:logGet(46)) - raft.server.leaderelection.member.majority-add = false (default)
2025-04-23 14:37:18,720 [omNode-1-groupManagement] INFO  server.RaftServerConfigKeys (ConfUtils.java:logGet(46)) - raft.server.sleep.deviation.threshold = 300ms (default)
2025-04-23 14:37:18,720 [omNode-1-groupManagement] INFO  server.RaftServer$Division (ServerState.java:<init>(114)) - omNode-1@group-523986131536: ConfigurationManager, init=conf: {index: -1, cur=peers:[omNode-3|localhost:15017, omNode-1|localhost:15009, omNode-2|localhost:15013]|listeners:[], old=null}, confs=<EMPTY_MAP>
2025-04-23 14:37:18,720 [omNode-1-groupManagement] INFO  server.RaftServerConfigKeys (ConfUtils.java:logGet(46)) - raft.server.notification.no-leader.timeout = 2s (custom)
2025-04-23 14:37:18,720 [omNode-1-groupManagement] INFO  server.RaftServerConfigKeys (ConfUtils.java:logGet(46)) - raft.server.read.timeout = 10s (default)
2025-04-23 14:37:18,720 [omNode-1-groupManagement] INFO  server.RaftServerConfigKeys (ConfUtils.java:logGet(46)) - raft.server.retrycache.expirytime = 30000ms (custom)
2025-04-23 14:37:18,720 [omNode-1-groupManagement] INFO  server.RaftServerConfigKeys (ConfUtils.java:logGet(46)) - raft.server.retrycache.statistics.expirytime = 100ms (default)
2025-04-23 14:37:18,720 [omNode-1-groupManagement] INFO  server.RaftServerConfigKeys (ConfUtils.java:logGet(46)) - raft.server.read.option = DEFAULT (default)
2025-04-23 14:37:18,721 [omNode-1-groupManagement] INFO  server.RaftServerConfigKeys (ConfUtils.java:logGet(46)) - raft.server.read.read-after-write-consistent.write-index-cache.expiry-time = 60s (default)
2025-04-23 14:37:18,722 [omNode-1-groupManagement] INFO  server.RaftServerConfigKeys (ConfUtils.java:logGet(46)) - raft.server.rpc.request.timeout = 3000ms (default)
2025-04-23 14:37:18,722 [omNode-1-groupManagement] INFO  server.RaftServerConfigKeys (ConfUtils.java:logGet(46)) - raft.server.log.appender.install.snapshot.enabled = false (custom)
2025-04-23 14:37:18,722 [omNode-1-groupManagement] INFO  server.RaftServerConfigKeys (ConfUtils.java:logGet(46)) - raft.server.threadpool.server.cached = true (default)
2025-04-23 14:37:18,722 [omNode-1-groupManagement] INFO  server.RaftServerConfigKeys (ConfUtils.java:logGet(46)) - raft.server.threadpool.server.size = 0 (default)
2025-04-23 14:37:18,722 [omNode-1-groupManagement] INFO  server.RaftServerConfigKeys (ConfUtils.java:logGet(46)) - raft.server.threadpool.client.cached = true (default)
2025-04-23 14:37:18,722 [omNode-1-groupManagement] INFO  server.RaftServerConfigKeys (ConfUtils.java:logGet(46)) - raft.server.threadpool.client.size = 0 (default)
2025-04-23 14:37:18,722 [omNode-1-impl-thread1] INFO  server.RaftServerConfigKeys (ConfUtils.java:logGet(46)) - raft.server.storage.free-space.min = 0MB (=0) (default)
2025-04-23 14:37:18,723 [omNode-1-impl-thread1] INFO  server.RaftServerConfigKeys (ConfUtils.java:logGet(46)) - raft.server.log.corruption.policy = EXCEPTION (default)
2025-04-23 14:37:18,723 [omNode-1-impl-thread1] INFO  server.RaftServerConfigKeys (ConfUtils.java:logGet(46)) - raft.server.storage.dir = [/home/runner/work/ozone/ozone/hadoop-ozone/integration-test/target/test-dir/MiniOzoneClusterImpl-68853c07-42d2-4ef8-9e75-e3a852294e6a/omNode-1/ratis] (custom)
2025-04-23 14:37:18,724 [omNode-1-impl-thread1] INFO  storage.RaftStorageDirectory (RaftStorageDirectoryImpl.java:tryLock(229)) - Lock on /home/runner/work/ozone/ozone/hadoop-ozone/integration-test/target/test-dir/MiniOzoneClusterImpl-68853c07-42d2-4ef8-9e75-e3a852294e6a/omNode-1/ratis/c9bc4cf4-3bc3-3c60-a66b-523986131536/in_use.lock acquired by nodename 129558@fv-az1120-822
2025-04-23 14:37:18,724 [omNode-1-impl-thread1] INFO  storage.RaftStorage (RaftStorageImpl.java:analyzeAndRecoverStorage(118)) - Read RaftStorageMetadata{term=3, votedFor=omNode-3} from /home/runner/work/ozone/ozone/hadoop-ozone/integration-test/target/test-dir/MiniOzoneClusterImpl-68853c07-42d2-4ef8-9e75-e3a852294e6a/omNode-1/ratis/c9bc4cf4-3bc3-3c60-a66b-523986131536/current/raft-meta
2025-04-23 14:37:18,724 [omNode-1-impl-thread1] INFO  server.RaftServer$Division (ServerState.java:setRaftConf(386)) - omNode-1@group-523986131536: set configuration conf: {index: 31, cur=peers:[omNode-3|localhost:15017, omNode-1|localhost:15009, omNode-2|localhost:15013]|listeners:[], old=null}
2025-04-23 14:37:18,725 [omNode-1-impl-thread1] INFO  ratis.OzoneManagerStateMachine (OzoneManagerStateMachine.java:lambda$0(138)) - omNode-1: initialize group-523986131536 with (t:3, i:32)
2025-04-23 14:37:18,725 [omNode-1-impl-thread1] INFO  server.RaftServerConfigKeys (ConfUtils.java:logGet(46)) - raft.server.log.use.memory = false (default)
2025-04-23 14:37:18,725 [omNode-1-impl-thread1] INFO  server.RaftServerConfigKeys (ConfUtils.java:logGet(46)) - raft.server.log.purge.gap = 50 (custom)
2025-04-23 14:37:18,725 [omNode-1-impl-thread1] INFO  server.RaftServerConfigKeys (ConfUtils.java:logGet(46)) - raft.server.log.appender.buffer.byte-limit = 4194304 (custom)
2025-04-23 14:37:18,725 [omNode-1-impl-thread1] INFO  server.RaftServerConfigKeys (ConfUtils.java:logGet(46)) - raft.server.log.statemachine.data.read.timeout = 1000ms (default)
2025-04-23 14:37:18,725 [omNode-1-impl-thread1] INFO  server.RaftServerConfigKeys (ConfUtils.java:logGet(46)) - raft.server.log.purge.preservation.log.num = 0 (default)
2025-04-23 14:37:18,726 [omNode-1-impl-thread1] INFO  server.RaftServerConfigKeys (ConfUtils.java:logGet(46)) - raft.server.log.segment.size.max = 4194304 (custom)
2025-04-23 14:37:18,726 [omNode-1-impl-thread1] INFO  server.RaftServerConfigKeys (ConfUtils.java:logGet(46)) - raft.server.log.segment.cache.num.max = 2 (custom)
2025-04-23 14:37:18,726 [omNode-1-impl-thread1] INFO  server.RaftServerConfigKeys (ConfUtils.java:logGet(46)) - raft.server.log.segment.cache.size.max = 200MB (=209715200) (default)
2025-04-23 14:37:18,726 [omNode-1-impl-thread1] INFO  server.RaftServerConfigKeys (ConfUtils.java:logGet(46)) - raft.server.log.appender.buffer.byte-limit = 4194304 (custom)
2025-04-23 14:37:18,726 [omNode-1-impl-thread1] INFO  util.AwaitToRun (AwaitToRun.java:start(81)) - Thread[#1853,omNode-1@group-523986131536-cacheEviction-AwaitToRun,5,main] started
2025-04-23 14:37:18,726 [omNode-1-impl-thread1] INFO  segmented.SegmentedRaftLogWorker (SegmentedRaftLogWorker.java:<init>(188)) - new omNode-1@group-523986131536-SegmentedRaftLogWorker for RaftStorageImpl:Storage Directory /home/runner/work/ozone/ozone/hadoop-ozone/integration-test/target/test-dir/MiniOzoneClusterImpl-68853c07-42d2-4ef8-9e75-e3a852294e6a/omNode-1/ratis/c9bc4cf4-3bc3-3c60-a66b-523986131536
2025-04-23 14:37:18,726 [omNode-1-impl-thread1] INFO  server.RaftServerConfigKeys (ConfUtils.java:logGet(46)) - raft.server.log.queue.byte-limit = 64MB (=67108864) (default)
2025-04-23 14:37:18,726 [omNode-1-impl-thread1] INFO  server.RaftServerConfigKeys (ConfUtils.java:logGet(46)) - raft.server.log.queue.element-limit = 4096 (default)
2025-04-23 14:37:18,726 [omNode-1-impl-thread1] INFO  server.RaftServerConfigKeys (ConfUtils.java:logGet(46)) - raft.server.log.segment.size.max = 4194304 (custom)
2025-04-23 14:37:18,727 [omNode-1-impl-thread1] INFO  server.RaftServerConfigKeys (ConfUtils.java:logGet(46)) - raft.server.log.preallocated.size = 4194304 (custom)
2025-04-23 14:37:18,727 [omNode-1-impl-thread1] INFO  server.RaftServerConfigKeys (ConfUtils.java:logGet(46)) - raft.server.log.force.sync.num = 128 (default)
2025-04-23 14:37:18,727 [omNode-1-impl-thread1] INFO  server.RaftServerConfigKeys (ConfUtils.java:logGet(46)) - raft.server.log.statemachine.data.sync = true (default)
2025-04-23 14:37:18,727 [omNode-1-impl-thread1] INFO  server.RaftServerConfigKeys (ConfUtils.java:logGet(46)) - raft.server.log.statemachine.data.sync.timeout = 10s (default)
2025-04-23 14:37:18,727 [omNode-1-impl-thread1] INFO  server.RaftServerConfigKeys (ConfUtils.java:logGet(46)) - raft.server.log.statemachine.data.sync.timeout.retry = -1 (default)
2025-04-23 14:37:18,727 [omNode-1-impl-thread1] INFO  server.RaftServerConfigKeys (ConfUtils.java:logGet(46)) - raft.server.log.write.buffer.size = 4194312 (custom)
2025-04-23 14:37:18,728 [omNode-1-impl-thread1] INFO  server.RaftServerConfigKeys (ConfUtils.java:logGet(46)) - raft.server.log.appender.buffer.byte-limit = 4194304 (custom)
2025-04-23 14:37:18,728 [omNode-1-impl-thread1] INFO  server.RaftServerConfigKeys (ConfUtils.java:logGet(46)) - raft.server.log.unsafe-flush.enabled = false (default)
2025-04-23 14:37:18,728 [omNode-1-impl-thread1] INFO  server.RaftServerConfigKeys (ConfUtils.java:logGet(46)) - raft.server.log.async-flush.enabled = false (default)
2025-04-23 14:37:18,728 [omNode-1-impl-thread1] INFO  server.RaftServerConfigKeys (ConfUtils.java:logGet(46)) - raft.server.log.statemachine.data.caching.enabled = false (default)
2025-04-23 14:37:18,729 [omNode-1-impl-thread1] INFO  server.RaftServer$Division (ServerState.java:setRaftConf(386)) - omNode-1@group-523986131536: set configuration conf: {index: 0, cur=peers:[omNode-3|localhost:15017, omNode-1|localhost:15009, omNode-2|localhost:15013]|listeners:[], old=null}
2025-04-23 14:37:18,730 [omNode-1-impl-thread1] INFO  segmented.LogSegment (LogSegment.java:loadSegment(171)) - Successfully read 21 entries from segment file /home/runner/work/ozone/ozone/hadoop-ozone/integration-test/target/test-dir/MiniOzoneClusterImpl-68853c07-42d2-4ef8-9e75-e3a852294e6a/omNode-1/ratis/c9bc4cf4-3bc3-3c60-a66b-523986131536/current/log_0-20
2025-04-23 14:37:18,730 [omNode-1-impl-thread1] INFO  server.RaftServer$Division (ServerState.java:setRaftConf(386)) - omNode-1@group-523986131536: set configuration conf: {index: 21, cur=peers:[omNode-3|localhost:15017, omNode-1|localhost:15009, omNode-2|localhost:15013]|listeners:[], old=null}
2025-04-23 14:37:18,731 [omNode-1-impl-thread1] INFO  segmented.LogSegment (LogSegment.java:loadSegment(171)) - Successfully read 10 entries from segment file /home/runner/work/ozone/ozone/hadoop-ozone/integration-test/target/test-dir/MiniOzoneClusterImpl-68853c07-42d2-4ef8-9e75-e3a852294e6a/omNode-1/ratis/c9bc4cf4-3bc3-3c60-a66b-523986131536/current/log_21-30
2025-04-23 14:37:18,731 [omNode-1-impl-thread1] INFO  server.RaftServer$Division (ServerState.java:setRaftConf(386)) - omNode-1@group-523986131536: set configuration conf: {index: 31, cur=peers:[omNode-3|localhost:15017, omNode-1|localhost:15009, omNode-2|localhost:15013]|listeners:[], old=null}
2025-04-23 14:37:18,731 [omNode-1-impl-thread1] INFO  segmented.LogSegment (LogSegment.java:loadSegment(171)) - Successfully read 2 entries from segment file /home/runner/work/ozone/ozone/hadoop-ozone/integration-test/target/test-dir/MiniOzoneClusterImpl-68853c07-42d2-4ef8-9e75-e3a852294e6a/omNode-1/ratis/c9bc4cf4-3bc3-3c60-a66b-523986131536/current/log_inprogress_31
2025-04-23 14:37:18,731 [omNode-1-impl-thread1] INFO  segmented.SegmentedRaftLogWorker (SegmentedRaftLogWorker.java:lambda$new$0(139)) - omNode-1@group-523986131536-SegmentedRaftLogWorker: flushIndex: setUnconditionally 0 -> 32
2025-04-23 14:37:18,731 [omNode-1-impl-thread1] INFO  segmented.SegmentedRaftLogWorker (SegmentedRaftLogWorker.java:lambda$new$0(139)) - omNode-1@group-523986131536-SegmentedRaftLogWorker: safeCacheEvictIndex: setUnconditionally 0 -> 30
2025-04-23 14:37:18,731 [omNode-1-impl-thread1] INFO  segmented.BufferedWriteChannel (BufferedWriteChannel.java:open(61)) - open log_inprogress_31 (append) at position 125
2025-04-23 14:37:18,732 [omNode-1-impl-thread1] INFO  server.RaftServer$Division (RaftServerImpl.java:start(391)) - omNode-1@group-523986131536: start as a follower, conf=conf: {index: 31, cur=peers:[omNode-3|localhost:15017, omNode-1|localhost:15009, omNode-2|localhost:15013]|listeners:[], old=null}
2025-04-23 14:37:18,732 [omNode-1-impl-thread1] INFO  server.RaftServer$Division (RaftServerImpl.java:setRole(378)) - omNode-1@group-523986131536: changes role from      null to FOLLOWER at term 3 for startAsFollower
2025-04-23 14:37:18,732 [omNode-1-impl-thread1] INFO  impl.RoleInfo (RoleInfo.java:updateAndGet(148)) - omNode-1: start omNode-1@group-523986131536-FollowerState
2025-04-23 14:37:18,732 [omNode-1-impl-thread1] INFO  util.JmxRegister (JmxRegister.java:tryRegister(44)) - Successfully registered JMX Bean with object name Ratis:service=RaftServer,group=group-523986131536,id=omNode-1
2025-04-23 14:37:18,732 [omNode-1@group-523986131536-FollowerState] INFO  server.RaftServerConfigKeys (ConfUtils.java:logFallback(53)) - raft.server.rpc.first-election.timeout.min = 1s (fallback to raft.server.rpc.timeout.min)
2025-04-23 14:37:18,732 [omNode-1-impl-thread1] INFO  util.JmxRegister (JmxRegister.java:register(58)) - register mxBean class org.apache.ratis.server.impl.RaftServerJmxAdapter as Ratis:service=RaftServer,group=group-523986131536,id=omNode-1
2025-04-23 14:37:18,732 [omNode-1@group-523986131536-FollowerState] INFO  server.RaftServerConfigKeys (ConfUtils.java:logFallback(53)) - raft.server.rpc.first-election.timeout.max = 1200ms (fallback to raft.server.rpc.timeout.max)
2025-04-23 14:37:18,732 [omNode-1-impl-thread1] INFO  server.RaftServerConfigKeys (ConfUtils.java:logGet(46)) - raft.server.snapshot.trigger-when-stop.enabled = true (default)
2025-04-23 14:37:18,732 [omNode-1-impl-thread1] INFO  server.RaftServerConfigKeys (ConfUtils.java:logGet(46)) - raft.server.snapshot.trigger-when-remove.enabled = true (default)
2025-04-23 14:37:18,732 [omNode-1-impl-thread1] INFO  server.RaftServerConfigKeys (ConfUtils.java:logGet(46)) - raft.server.snapshot.auto.trigger.enabled = true (custom)
2025-04-23 14:37:18,732 [omNode-1-impl-thread1] INFO  server.RaftServerConfigKeys (ConfUtils.java:logGet(46)) - raft.server.snapshot.auto.trigger.threshold = 50 (custom)
2025-04-23 14:37:18,732 [omNode-1-impl-thread1] INFO  server.RaftServerConfigKeys (ConfUtils.java:logGet(46)) - raft.server.snapshot.retention.file.num = -1 (default)
2025-04-23 14:37:18,733 [omNode-1-impl-thread1] INFO  server.RaftServerConfigKeys (ConfUtils.java:logGet(46)) - raft.server.log.purge.upto.snapshot.index = true (custom)
2025-04-23 14:37:18,733 [omNode-1-impl-thread1] INFO  server.RaftServer$Division (RaftServerImpl.java:start(405)) - omNode-1@group-523986131536: Successfully started.
2025-04-23 14:37:18,733 [main] INFO  server.RaftServer (RaftServerProxy.java:startImpl(407)) - omNode-1: start RPC server
2025-04-23 14:37:18,735 [main] INFO  server.GrpcService (GrpcService.java:startImpl(334)) - omNode-1: GrpcService started, listening on 15009
2025-04-23 14:37:18,735 [main] INFO  om.OzoneManager (OzoneManager.java:getRpcServer(1360)) - Creating RPC Server
2025-04-23 14:37:18,735 [JvmPauseMonitor12] INFO  util.JvmPauseMonitor (JvmPauseMonitor.java:run(146)) - JvmPauseMonitor-omNode-1: Started
2025-04-23 14:37:19,106 [main] INFO  reflections.Reflections (Reflections.java:scan(219)) - Reflections took 369 ms to scan 22 urls, producing 61 keys and 7422 values
2025-04-23 14:37:19,108 [main] INFO  ipc.CallQueueManager (CallQueueManager.java:<init>(93)) - Using callQueue: class java.util.concurrent.LinkedBlockingQueue, queueCapacity: 2000, scheduler: class org.apache.hadoop.ipc.DefaultRpcScheduler, ipcBackoff: false, ipcFailOver: false.
2025-04-23 14:37:19,108 [main] INFO  ipc.Server (Server.java:<init>(1438)) - Listener at localhost:15006
2025-04-23 14:37:19,108 [Socket Reader #1 for port 15006] INFO  ipc.Server (Server.java:run(1474)) - Starting Socket Reader #1 for port 15006
2025-04-23 14:37:19,109 [Socket Reader #2 for port 15006] INFO  ipc.Server (Server.java:run(1474)) - Starting Socket Reader #2 for port 15006
2025-04-23 14:37:19,109 [Socket Reader #3 for port 15006] INFO  ipc.Server (Server.java:run(1474)) - Starting Socket Reader #3 for port 15006
2025-04-23 14:37:19,109 [Socket Reader #4 for port 15006] INFO  ipc.Server (Server.java:run(1474)) - Starting Socket Reader #4 for port 15006
2025-04-23 14:37:19,109 [Socket Reader #5 for port 15006] INFO  ipc.Server (Server.java:run(1474)) - Starting Socket Reader #5 for port 15006
2025-04-23 14:37:19,109 [Socket Reader #6 for port 15006] INFO  ipc.Server (Server.java:run(1474)) - Starting Socket Reader #6 for port 15006
2025-04-23 14:37:19,109 [Socket Reader #7 for port 15006] INFO  ipc.Server (Server.java:run(1474)) - Starting Socket Reader #7 for port 15006
2025-04-23 14:37:19,110 [Socket Reader #8 for port 15006] INFO  ipc.Server (Server.java:run(1474)) - Starting Socket Reader #8 for port 15006
2025-04-23 14:37:19,110 [Socket Reader #9 for port 15006] INFO  ipc.Server (Server.java:run(1474)) - Starting Socket Reader #9 for port 15006
2025-04-23 14:37:19,110 [Socket Reader #10 for port 15006] INFO  ipc.Server (Server.java:run(1474)) - Starting Socket Reader #10 for port 15006
2025-04-23 14:37:19,111 [omNode-3@group-523986131536-FollowerState] INFO  impl.FollowerState (FollowerState.java:runImpl(161)) - omNode-3@group-523986131536-FollowerState: change to CANDIDATE, lastRpcElapsedTime:1012481311ns, electionTimeout:1011ms
2025-04-23 14:37:19,111 [omNode-3@group-523986131536-FollowerState] INFO  impl.RoleInfo (RoleInfo.java:shutdownFollowerState(121)) - omNode-3: shutdown omNode-3@group-523986131536-FollowerState
2025-04-23 14:37:19,112 [omNode-3@group-523986131536-FollowerState] INFO  server.RaftServer$Division (RaftServerImpl.java:setRole(378)) - omNode-3@group-523986131536: changes role from  FOLLOWER to CANDIDATE at term 3 for changeToCandidate
2025-04-23 14:37:19,112 [omNode-3@group-523986131536-FollowerState] INFO  server.RaftServerConfigKeys (ConfUtils.java:logGet(46)) - raft.server.leaderelection.pre-vote = true (default)
2025-04-23 14:37:19,112 [omNode-3@group-523986131536-FollowerState] INFO  impl.RoleInfo (RoleInfo.java:updateAndGet(148)) - omNode-3: start omNode-3@group-523986131536-LeaderElection13
2025-04-23 14:37:19,112 [omNode-3@group-523986131536-LeaderElection13] INFO  impl.LeaderElection (LeaderElection.java:askForVotes(332)) - omNode-3@group-523986131536-LeaderElection13 PRE_VOTE round 0: submit vote requests at term 3 for conf: {index: 31, cur=peers:[omNode-3|localhost:15017, omNode-1|localhost:15009, omNode-2|localhost:15013]|listeners:[], old=null}
2025-04-23 14:37:19,113 [omNode-3@group-523986131536-LeaderElection13-1] INFO  server.GrpcServerProtocolClient (GrpcServerProtocolClient.java:<init>(65)) - Build channel for omNode-1|localhost:15009
2025-04-23 14:37:19,113 [omNode-3@group-523986131536-LeaderElection13-2] INFO  server.GrpcServerProtocolClient (GrpcServerProtocolClient.java:<init>(65)) - Build channel for omNode-2|localhost:15013
2025-04-23 14:37:19,113 [omNode-3@group-523986131536-LeaderElection13] INFO  server.RaftServerConfigKeys (ConfUtils.java:logFallback(53)) - raft.server.rpc.first-election.timeout.min = 1s (fallback to raft.server.rpc.timeout.min)
2025-04-23 14:37:19,113 [omNode-3@group-523986131536-LeaderElection13] INFO  server.RaftServerConfigKeys (ConfUtils.java:logFallback(53)) - raft.server.rpc.first-election.timeout.max = 1200ms (fallback to raft.server.rpc.timeout.max)
2025-04-23 14:37:19,113 [main] INFO  http.BaseHttpServer (BaseHttpServer.java:newHttpServer2BuilderForOzone(229)) - Starting Web-server for ozoneManager at: http://0.0.0.0:15007
2025-04-23 14:37:19,113 [main] INFO  http.BaseHttpServer (BaseHttpServer.java:<init>(107)) - Hadoop Security Enabled: false Ozone Security Enabled: false Ozone HTTP Security Enabled: false 
2025-04-23 14:37:19,115 [main] WARN  server.AuthenticationFilter (AuthenticationFilter.java:constructSecretProvider(240)) - Unable to initialize FileSignerSecretProvider, falling back to use random secrets. Reason: Could not read signature secret file: /home/runner/hadoop-http-auth-signature-secret
2025-04-23 14:37:19,118 [omNode-3@group-523986131536-LeaderElection13] INFO  impl.LeaderElection (LogUtils.java:infoOrTrace(136)) - omNode-3@group-523986131536-LeaderElection13 got exception when requesting votes: java.util.concurrent.ExecutionException: org.apache.ratis.thirdparty.io.grpc.StatusRuntimeException: UNAVAILABLE: io exception
2025-04-23 14:37:19,119 [main] INFO  http.HttpServer2 (HttpServer2.java:addGlobalFilter(1041)) - Added global filter 'safety' (class=org.apache.hadoop.hdds.server.http.HttpServer2$QuotingInputFilter)
2025-04-23 14:37:19,120 [main] INFO  http.HttpServer2 (HttpServer2.java:addFilter(1017)) - Added filter static_user_filter (class=org.apache.hadoop.http.lib.StaticUserWebFilter$StaticUserFilter) to context ozoneManager
2025-04-23 14:37:19,120 [main] INFO  http.HttpServer2 (HttpServer2.java:addFilter(1025)) - Added filter static_user_filter (class=org.apache.hadoop.http.lib.StaticUserWebFilter$StaticUserFilter) to context logs
2025-04-23 14:37:19,120 [main] INFO  http.HttpServer2 (HttpServer2.java:addFilter(1025)) - Added filter static_user_filter (class=org.apache.hadoop.http.lib.StaticUserWebFilter$StaticUserFilter) to context static
2025-04-23 14:37:19,121 [main] INFO  http.BaseHttpServer (BaseHttpServer.java:<init>(195)) - HTTP server of ozoneManager uses base directory /home/runner/work/ozone/ozone/hadoop-ozone/integration-test/target/test-dir/MiniOzoneClusterImpl-68853c07-42d2-4ef8-9e75-e3a852294e6a/omNode-1/webserver
2025-04-23 14:37:19,121 [grpc-default-executor-4] INFO  server.RaftServer$Division (RaftServerImpl.java:requestVote(1407)) - omNode-1@group-523986131536: receive requestVote(PRE_VOTE, omNode-3, group-523986131536, 3, (t:3, i:32))
2025-04-23 14:37:19,121 [main] INFO  http.HttpServer2 (HttpServer2.java:bindListener(1241)) - Jetty bound to port 15007
2025-04-23 14:37:19,121 [grpc-default-executor-4] INFO  impl.VoteContext (VoteContext.java:log(49)) - omNode-1@group-523986131536-FOLLOWER: accept PRE_VOTE from omNode-3: our priority 0 <= candidate's priority 0
2025-04-23 14:37:19,122 [main] INFO  server.Server (Server.java:doStart(375)) - jetty-9.4.57.v20241219; built: 2025-01-08T21:24:30.412Z; git: df524e6b29271c2e09ba9aea83c18dc9db464a31; jvm 21.0.7+6-LTS
2025-04-23 14:37:19,122 [grpc-default-executor-4] INFO  server.RaftServer$Division (RaftServerImpl.java:requestVote(1441)) - omNode-1@group-523986131536 replies to PRE_VOTE vote request: omNode-3<-omNode-1#0:OK-t3. Peer's state: omNode-1@group-523986131536:t3, leader=null, voted=omNode-3, raftlog=Memoized:omNode-1@group-523986131536-SegmentedRaftLog:OPENED:c32:last(t:3, i:32), conf=conf: {index: 31, cur=peers:[omNode-3|localhost:15017, omNode-1|localhost:15009, omNode-2|localhost:15013]|listeners:[], old=null}
2025-04-23 14:37:19,123 [omNode-3@group-523986131536-LeaderElection13] INFO  impl.LeaderElection (LeaderElection.java:logAndReturn(90)) - omNode-3@group-523986131536-LeaderElection13: PRE_VOTE PASSED received 1 response(s) and 1 exception(s):
2025-04-23 14:37:19,123 [omNode-3@group-523986131536-LeaderElection13] INFO  impl.LeaderElection (LeaderElection.java:logAndReturn(94)) -   Response 0: omNode-3<-omNode-1#0:OK-t3
2025-04-23 14:37:19,123 [omNode-3@group-523986131536-LeaderElection13] INFO  impl.LeaderElection (LogUtils.java:infoOrTrace(136)) -   Exception 1: java.util.concurrent.ExecutionException: org.apache.ratis.thirdparty.io.grpc.StatusRuntimeException: UNAVAILABLE: io exception
2025-04-23 14:37:19,123 [omNode-3@group-523986131536-LeaderElection13] INFO  impl.LeaderElection (LeaderElection.java:askForVotes(334)) - omNode-3@group-523986131536-LeaderElection13 PRE_VOTE round 0: result PASSED
2025-04-23 14:37:19,124 [main] INFO  server.session (DefaultSessionIdManager.java:doStart(334)) - DefaultSessionIdManager workerName=node0
2025-04-23 14:37:19,125 [main] INFO  server.session (DefaultSessionIdManager.java:doStart(339)) - No SessionScavenger set, using defaults
2025-04-23 14:37:19,125 [main] INFO  server.session (HouseKeeper.java:startScavenging(132)) - node0 Scavenging every 600000ms
2025-04-23 14:37:19,125 [main] INFO  handler.ContextHandler (ContextHandler.java:doStart(921)) - Started o.e.j.s.ServletContextHandler@624a369{logs,/logs,file:///home/runner/work/ozone/ozone/hadoop-ozone/integration-test/target/log,AVAILABLE}
2025-04-23 14:37:19,126 [main] INFO  handler.ContextHandler (ContextHandler.java:doStart(921)) - Started o.e.j.s.ServletContextHandler@6aec0b01{static,/static,file:///home/runner/work/ozone/ozone/hadoop-ozone/integration-test/target/test-classes/webapps/static,AVAILABLE}
2025-04-23 14:37:19,125 [omNode-3@group-523986131536-LeaderElection13] INFO  impl.LeaderElection (LeaderElection.java:askForVotes(332)) - omNode-3@group-523986131536-LeaderElection13 ELECTION round 0: submit vote requests at term 4 for conf: {index: 31, cur=peers:[omNode-3|localhost:15017, omNode-1|localhost:15009, omNode-2|localhost:15013]|listeners:[], old=null}
2025-04-23 14:37:19,127 [omNode-3@group-523986131536-LeaderElection13] INFO  server.RaftServerConfigKeys (ConfUtils.java:logFallback(53)) - raft.server.rpc.first-election.timeout.min = 1s (fallback to raft.server.rpc.timeout.min)
2025-04-23 14:37:19,128 [omNode-3@group-523986131536-LeaderElection13] INFO  server.RaftServerConfigKeys (ConfUtils.java:logFallback(53)) - raft.server.rpc.first-election.timeout.max = 1200ms (fallback to raft.server.rpc.timeout.max)
2025-04-23 14:37:19,128 [omNode-3@group-523986131536-LeaderElection13] INFO  impl.LeaderElection (LogUtils.java:infoOrTrace(136)) - omNode-3@group-523986131536-LeaderElection13 got exception when requesting votes: java.util.concurrent.ExecutionException: org.apache.ratis.thirdparty.io.grpc.StatusRuntimeException: UNAVAILABLE: io exception
2025-04-23 14:37:19,129 [grpc-default-executor-4] INFO  server.RaftServer$Division (RaftServerImpl.java:requestVote(1407)) - omNode-1@group-523986131536: receive requestVote(ELECTION, omNode-3, group-523986131536, 4, (t:3, i:32))
2025-04-23 14:37:19,129 [grpc-default-executor-4] INFO  impl.VoteContext (VoteContext.java:log(49)) - omNode-1@group-523986131536-FOLLOWER: accept ELECTION from omNode-3: our priority 0 <= candidate's priority 0
2025-04-23 14:37:19,130 [grpc-default-executor-4] INFO  server.RaftServer$Division (RaftServerImpl.java:setRole(378)) - omNode-1@group-523986131536: changes role from  FOLLOWER to FOLLOWER at term 3 for candidate:omNode-3
2025-04-23 14:37:19,130 [grpc-default-executor-4] INFO  impl.RoleInfo (RoleInfo.java:shutdownFollowerState(121)) - omNode-1: shutdown omNode-1@group-523986131536-FollowerState
2025-04-23 14:37:19,130 [grpc-default-executor-4] INFO  impl.RoleInfo (RoleInfo.java:updateAndGet(148)) - omNode-1: start omNode-1@group-523986131536-FollowerState
2025-04-23 14:37:19,130 [omNode-1@group-523986131536-FollowerState] INFO  server.RaftServerConfigKeys (ConfUtils.java:logFallback(53)) - raft.server.rpc.first-election.timeout.min = 1s (fallback to raft.server.rpc.timeout.min)
2025-04-23 14:37:19,131 [omNode-1@group-523986131536-FollowerState] INFO  server.RaftServerConfigKeys (ConfUtils.java:logFallback(53)) - raft.server.rpc.first-election.timeout.max = 1200ms (fallback to raft.server.rpc.timeout.max)
2025-04-23 14:37:19,131 [omNode-1@group-523986131536-FollowerState] INFO  impl.FollowerState (FollowerState.java:runImpl(170)) - omNode-1@group-523986131536-FollowerState was interrupted
2025-04-23 14:37:19,131 [grpc-default-executor-4] INFO  server.RaftServer$Division (RaftServerImpl.java:setFirstElection(562)) - omNode-1@group-523986131536: set firstElectionSinceStartup to false for candidate:omNode-3
2025-04-23 14:37:19,132 [main] INFO  handler.ContextHandler (ContextHandler.java:doStart(921)) - Started o.e.j.w.WebAppContext@6256303b{ozoneManager,/,file:///home/runner/work/ozone/ozone/hadoop-ozone/integration-test/target/test-classes/webapps/ozoneManager/,AVAILABLE}{file:/home/runner/work/ozone/ozone/hadoop-ozone/integration-test/target/test-classes/webapps/ozoneManager}
2025-04-23 14:37:19,132 [grpc-default-executor-4] INFO  server.RaftServer$Division (RaftServerImpl.java:requestVote(1441)) - omNode-1@group-523986131536 replies to ELECTION vote request: omNode-3<-omNode-1#0:OK-t4. Peer's state: omNode-1@group-523986131536:t4, leader=null, voted=omNode-3, raftlog=Memoized:omNode-1@group-523986131536-SegmentedRaftLog:OPENED:c32:last(t:3, i:32), conf=conf: {index: 31, cur=peers:[omNode-3|localhost:15017, omNode-1|localhost:15009, omNode-2|localhost:15013]|listeners:[], old=null}
2025-04-23 14:37:19,133 [main] INFO  server.AbstractConnector (AbstractConnector.java:doStart(333)) - Started ServerConnector@2c602a70{HTTP/1.1, (http/1.1)}{0.0.0.0:15007}
2025-04-23 14:37:19,133 [main] INFO  server.Server (Server.java:doStart(415)) - Started @39412ms
2025-04-23 14:37:19,133 [main] WARN  impl.MetricsSystemImpl (MetricsSystemImpl.java:register(279)) - Sink prometheus already exists!
2025-04-23 14:37:19,133 [main] INFO  http.BaseHttpServer (BaseHttpServer.java:updateConnectorAddress(360)) - HTTP server of ozoneManager listening at http://0.0.0.0:15007
2025-04-23 14:37:19,134 [IPC Server Responder] INFO  ipc.Server (Server.java:run(1713)) - IPC Server Responder: starting
2025-04-23 14:37:19,134 [omNode-3@group-523986131536-LeaderElection13] INFO  impl.LeaderElection (LeaderElection.java:logAndReturn(90)) - omNode-3@group-523986131536-LeaderElection13: ELECTION PASSED received 1 response(s) and 1 exception(s):
2025-04-23 14:37:19,134 [omNode-3@group-523986131536-LeaderElection13] INFO  impl.LeaderElection (LeaderElection.java:logAndReturn(94)) -   Response 0: omNode-3<-omNode-1#0:OK-t4
2025-04-23 14:37:19,134 [omNode-3@group-523986131536-LeaderElection13] INFO  impl.LeaderElection (LogUtils.java:infoOrTrace(136)) -   Exception 1: java.util.concurrent.ExecutionException: org.apache.ratis.thirdparty.io.grpc.StatusRuntimeException: UNAVAILABLE: io exception
2025-04-23 14:37:19,135 [omNode-3@group-523986131536-LeaderElection13] INFO  impl.LeaderElection (LeaderElection.java:askForVotes(334)) - omNode-3@group-523986131536-LeaderElection13 ELECTION round 0: result PASSED
2025-04-23 14:37:19,135 [omNode-3@group-523986131536-LeaderElection13] INFO  impl.RoleInfo (RoleInfo.java:shutdownLeaderElection(141)) - omNode-3: shutdown omNode-3@group-523986131536-LeaderElection13
2025-04-23 14:37:19,135 [omNode-3@group-523986131536-LeaderElection13] INFO  server.RaftServer$Division (RaftServerImpl.java:setRole(378)) - omNode-3@group-523986131536: changes role from CANDIDATE to LEADER at term 4 for changeToLeader
2025-04-23 14:37:19,135 [omNode-3@group-523986131536-LeaderElection13] INFO  server.RaftServerConfigKeys (ConfUtils.java:logGet(46)) - raft.server.staging.catchup.gap = 1000 (default)
2025-04-23 14:37:19,135 [omNode-3@group-523986131536-LeaderElection13] INFO  server.RaftServerConfigKeys (ConfUtils.java:logGet(46)) - raft.server.write.element-limit = 4096 (default)
2025-04-23 14:37:19,135 [omNode-3@group-523986131536-LeaderElection13] INFO  server.RaftServerConfigKeys (ConfUtils.java:logGet(46)) - raft.server.write.byte-limit = 64MB (=67108864) (default)
2025-04-23 14:37:19,135 [IPC Server listener on 15006] INFO  ipc.Server (Server.java:run(1553)) - IPC Server listener on 15006: starting
2025-04-23 14:37:19,135 [omNode-3@group-523986131536-LeaderElection13] INFO  server.RaftServerConfigKeys (ConfUtils.java:logGet(46)) - raft.server.watch.timeout = 10s (default)
2025-04-23 14:37:19,135 [omNode-3@group-523986131536-LeaderElection13] INFO  server.RaftServerConfigKeys (ConfUtils.java:logGet(46)) - raft.server.watch.timeout.denomination = 1s (default)
2025-04-23 14:37:19,136 [omNode-3@group-523986131536-LeaderElection13] INFO  server.RaftServerConfigKeys (ConfUtils.java:logGet(46)) - raft.server.watch.element-limit = 65536 (default)
2025-04-23 14:37:19,136 [omNode-3@group-523986131536-LeaderElection13] INFO  server.RaftServerConfigKeys (ConfUtils.java:logGet(46)) - raft.server.read.leader.lease.enabled = false (default)
2025-04-23 14:37:19,136 [omNode-3@group-523986131536-LeaderElection13] INFO  server.RaftServerConfigKeys (ConfUtils.java:logGet(46)) - raft.server.read.leader.lease.timeout.ratio = 0.9 (default)
2025-04-23 14:37:19,136 [omNode-3@group-523986131536-LeaderElection13] INFO  server.RaftServerConfigKeys (ConfUtils.java:logGet(46)) - raft.server.rpc.timeout.min = 1s (custom)
2025-04-23 14:37:19,136 [omNode-3@group-523986131536-LeaderElection13] INFO  server.RaftServerConfigKeys (ConfUtils.java:logGet(46)) - raft.server.log.log-metadata.enabled = true (default)
2025-04-23 14:37:19,136 [omNode-3@group-523986131536-LeaderElection13] INFO  server.RaftServerConfigKeys (ConfUtils.java:logGet(46)) - raft.server.write.element-limit = 4096 (default)
2025-04-23 14:37:19,136 [omNode-3@group-523986131536-LeaderElection13] INFO  server.RaftServerConfigKeys (ConfUtils.java:logGet(46)) - raft.server.write.follower.gap.ratio.max = -1.0 (default)
2025-04-23 14:37:19,137 [omNode-3@group-523986131536-LeaderElection13] INFO  server.RaftServerConfigKeys (ConfUtils.java:logGet(46)) - raft.server.log.appender.snapshot.chunk.size.max = 16MB (=16777216) (default)
2025-04-23 14:37:19,137 [omNode-3@group-523986131536-LeaderElection13] INFO  server.RaftServerConfigKeys (ConfUtils.java:logGet(46)) - raft.server.log.appender.buffer.byte-limit = 4194304 (custom)
2025-04-23 14:37:19,137 [omNode-3@group-523986131536-LeaderElection13] INFO  server.RaftServerConfigKeys (ConfUtils.java:logGet(46)) - raft.server.log.appender.buffer.element-limit = 1024 (custom)
2025-04-23 14:37:19,137 [omNode-3@group-523986131536-LeaderElection13] INFO  server.RaftServerConfigKeys (ConfUtils.java:logGet(46)) - raft.server.log.appender.wait-time.min = 0ms (custom)
2025-04-23 14:37:19,137 [omNode-3@group-523986131536-LeaderElection13] INFO  grpc.GrpcConfigKeys (ConfUtils.java:logGet(46)) - raft.grpc.server.leader.outstanding.appends.max = 8 (default)
2025-04-23 14:37:19,137 [omNode-3@group-523986131536-LeaderElection13] INFO  server.RaftServerConfigKeys (ConfUtils.java:logGet(46)) - raft.server.rpc.request.timeout = 3000ms (default)
2025-04-23 14:37:19,137 [omNode-3@group-523986131536-LeaderElection13] INFO  grpc.GrpcConfigKeys (ConfUtils.java:logGet(46)) - raft.grpc.server.install_snapshot.request.element-limit = 8 (default)
2025-04-23 14:37:19,137 [omNode-3@group-523986131536-LeaderElection13] INFO  grpc.GrpcConfigKeys (ConfUtils.java:logGet(46)) - raft.grpc.server.install_snapshot.request.timeout = 3000ms (default)
2025-04-23 14:37:19,137 [omNode-3@group-523986131536-LeaderElection13] INFO  grpc.GrpcConfigKeys (ConfUtils.java:logGet(46)) - raft.grpc.server.log-message.batch.duration = 5s (default)
2025-04-23 14:37:19,138 [omNode-3@group-523986131536-LeaderElection13] INFO  server.RaftServerConfigKeys (ConfUtils.java:logGet(46)) - raft.server.log.appender.install.snapshot.enabled = false (custom)
2025-04-23 14:37:19,138 [omNode-3@group-523986131536-LeaderElection13] INFO  grpc.GrpcConfigKeys (ConfUtils.java:logGet(46)) - raft.grpc.server.heartbeat.channel = true (default)
2025-04-23 14:37:19,138 [main] INFO  om.OzoneManager (OzoneManager.java:startTrashEmptier(2257)) - Trash Interval set to 0. Files deleted won't move to trash
2025-04-23 14:37:19,138 [main] INFO  om.OzoneManager (OzoneManager.java:restart(1878)) - OzoneManager RPC server is listening at localhost/127.0.0.1:15010
2025-04-23 14:37:19,139 [main] INFO  impl.MetricsSystemImpl (MetricsSystemImpl.java:init(158)) - OzoneManager metrics system started (again)
2025-04-23 14:37:19,138 [omNode-3@group-523986131536-LeaderElection13] INFO  server.RaftServerConfigKeys (ConfUtils.java:logGet(46)) - raft.server.log.appender.snapshot.chunk.size.max = 16MB (=16777216) (default)
2025-04-23 14:37:19,139 [omNode-3@group-523986131536-LeaderElection13] INFO  server.RaftServerConfigKeys (ConfUtils.java:logGet(46)) - raft.server.log.appender.buffer.byte-limit = 4194304 (custom)
2025-04-23 14:37:19,139 [omNode-3@group-523986131536-LeaderElection13] INFO  server.RaftServerConfigKeys (ConfUtils.java:logGet(46)) - raft.server.log.appender.buffer.element-limit = 1024 (custom)
2025-04-23 14:37:19,139 [omNode-3@group-523986131536-LeaderElection13] INFO  server.RaftServerConfigKeys (ConfUtils.java:logGet(46)) - raft.server.log.appender.wait-time.min = 0ms (custom)
2025-04-23 14:37:19,139 [omNode-3@group-523986131536-LeaderElection13] INFO  grpc.GrpcConfigKeys (ConfUtils.java:logGet(46)) - raft.grpc.server.leader.outstanding.appends.max = 8 (default)
2025-04-23 14:37:19,139 [omNode-3@group-523986131536-LeaderElection13] INFO  server.RaftServerConfigKeys (ConfUtils.java:logGet(46)) - raft.server.rpc.request.timeout = 3000ms (default)
2025-04-23 14:37:19,139 [omNode-3@group-523986131536-LeaderElection13] INFO  grpc.GrpcConfigKeys (ConfUtils.java:logGet(46)) - raft.grpc.server.install_snapshot.request.element-limit = 8 (default)
2025-04-23 14:37:19,139 [omNode-3@group-523986131536-LeaderElection13] INFO  grpc.GrpcConfigKeys (ConfUtils.java:logGet(46)) - raft.grpc.server.install_snapshot.request.timeout = 3000ms (default)
2025-04-23 14:37:19,139 [omNode-3@group-523986131536-LeaderElection13] INFO  grpc.GrpcConfigKeys (ConfUtils.java:logGet(46)) - raft.grpc.server.log-message.batch.duration = 5s (default)
2025-04-23 14:37:19,139 [omNode-3@group-523986131536-LeaderElection13] INFO  server.RaftServerConfigKeys (ConfUtils.java:logGet(46)) - raft.server.log.appender.install.snapshot.enabled = false (custom)
2025-04-23 14:37:19,139 [omNode-3@group-523986131536-LeaderElection13] INFO  grpc.GrpcConfigKeys (ConfUtils.java:logGet(46)) - raft.grpc.server.heartbeat.channel = true (default)
2025-04-23 14:37:19,139 [omNode-3@group-523986131536-LeaderElection13] INFO  impl.RoleInfo (RoleInfo.java:updateAndGet(148)) - omNode-3: start omNode-3@group-523986131536-LeaderStateImpl
2025-04-23 14:37:19,139 [omNode-3@group-523986131536-LeaderElection13] INFO  server.RaftServer$Division (RaftServerImpl.java:setFirstElection(562)) - omNode-3@group-523986131536: set firstElectionSinceStartup to false for becomeLeader
2025-04-23 14:37:19,140 [omNode-3@group-523986131536-LeaderElection13] INFO  ratis.OzoneManagerStateMachine (OzoneManagerStateMachine.java:notifyLeaderChanged(169)) - omNode-3@group-523986131536: leader changed to omNode-3
2025-04-23 14:37:19,140 [omNode-3@group-523986131536-LeaderElection13] INFO  server.RaftServer$Division (ServerState.java:setLeader(272)) - omNode-3@group-523986131536: change Leader from null to omNode-3 at term 4 for becomeLeader, leader elected after 1051ms
2025-04-23 14:37:19,140 [omNode-3@group-523986131536-LeaderElection13] INFO  segmented.SegmentedRaftLogWorker (SegmentedRaftLogWorker.java:rollLogSegment(443)) - omNode-3@group-523986131536-SegmentedRaftLogWorker: Rolling segment log-31_32 to index:32
2025-04-23 14:37:19,142 [omNode-3@group-523986131536-LeaderElection13] INFO  server.RaftServer$Division (ServerState.java:setRaftConf(386)) - omNode-3@group-523986131536: set configuration conf: {index: 33, cur=peers:[omNode-3|localhost:15017, omNode-1|localhost:15009, omNode-2|localhost:15013]|listeners:[], old=null}
2025-04-23 14:37:19,143 [omNode-3@group-523986131536-SegmentedRaftLogWorker] INFO  segmented.SegmentedRaftLogWorker (SegmentedRaftLogWorker.java:execute(601)) - omNode-3@group-523986131536-SegmentedRaftLogWorker: Rolled log segment from /home/runner/work/ozone/ozone/hadoop-ozone/integration-test/target/test-dir/MiniOzoneClusterImpl-68853c07-42d2-4ef8-9e75-e3a852294e6a/omNode-3/ratis/c9bc4cf4-3bc3-3c60-a66b-523986131536/current/log_inprogress_31 to /home/runner/work/ozone/ozone/hadoop-ozone/integration-test/target/test-dir/MiniOzoneClusterImpl-68853c07-42d2-4ef8-9e75-e3a852294e6a/omNode-3/ratis/c9bc4cf4-3bc3-3c60-a66b-523986131536/current/log_31-32
2025-04-23 14:37:19,143 [omNode-3@group-523986131536-SegmentedRaftLogWorker] INFO  segmented.BufferedWriteChannel (BufferedWriteChannel.java:open(61)) - open log_inprogress_33 at position 0
2025-04-23 14:37:19,148 [grpc-default-executor-0] WARN  server.GrpcLogAppender (LogUtils.java:warn(121)) - omNode-3@group-523986131536->omNode-2-AppendLogResponseHandler: Failed appendEntries: org.apache.ratis.thirdparty.io.grpc.StatusRuntimeException: UNAVAILABLE: io exception
2025-04-23 14:37:19,149 [grpc-default-executor-0] WARN  server.GrpcLogAppender (GrpcLogAppender.java:lambda$resetClient$1(221)) - omNode-3@group-523986131536->omNode-2-GrpcLogAppender: Follower failed (request=null, errorCount=1); keep nextIndex (33) unchanged and retry.
2025-04-23 14:37:19,151 [grpc-default-executor-4] WARN  server.GrpcLogAppender (GrpcLogAppender.java:lambda$resetClient$1(221)) - omNode-3@group-523986131536->omNode-2-GrpcLogAppender: Follower failed (request=null, errorCount=3); keep nextIndex (34) unchanged and retry.
2025-04-23 14:37:19,153 [omNode-3@group-523986131536-SegmentedRaftLogWorker] INFO  segmented.SegmentedRaftLogWorker (SegmentedRaftLogWorker.java:execute(644)) - omNode-3@group-523986131536-SegmentedRaftLogWorker: created new log segment /home/runner/work/ozone/ozone/hadoop-ozone/integration-test/target/test-dir/MiniOzoneClusterImpl-68853c07-42d2-4ef8-9e75-e3a852294e6a/omNode-3/ratis/c9bc4cf4-3bc3-3c60-a66b-523986131536/current/log_inprogress_33
2025-04-23 14:37:19,154 [omNode-1-server-thread1] INFO  ratis.OzoneManagerStateMachine (OzoneManagerStateMachine.java:notifyLeaderChanged(169)) - omNode-1@group-523986131536: leader changed to omNode-3
2025-04-23 14:37:19,155 [omNode-1-server-thread1] INFO  server.RaftServer$Division (ServerState.java:setLeader(272)) - omNode-1@group-523986131536: change Leader from null to omNode-3 at term 4 for appendEntries, leader elected after 433ms
2025-04-23 14:37:19,156 [omNode-1-server-thread2] INFO  server.RaftServer$Division (ServerState.java:setRaftConf(386)) - omNode-1@group-523986131536: set configuration conf: {index: 33, cur=peers:[omNode-3|localhost:15017, omNode-1|localhost:15009, omNode-2|localhost:15013]|listeners:[], old=null}
2025-04-23 14:37:19,156 [omNode-1-server-thread2] INFO  segmented.SegmentedRaftLogWorker (SegmentedRaftLogWorker.java:rollLogSegment(443)) - omNode-1@group-523986131536-SegmentedRaftLogWorker: Rolling segment log-31_32 to index:32
2025-04-23 14:37:19,157 [omNode-1@group-523986131536-SegmentedRaftLogWorker] INFO  segmented.SegmentedRaftLogWorker (SegmentedRaftLogWorker.java:execute(601)) - omNode-1@group-523986131536-SegmentedRaftLogWorker: Rolled log segment from /home/runner/work/ozone/ozone/hadoop-ozone/integration-test/target/test-dir/MiniOzoneClusterImpl-68853c07-42d2-4ef8-9e75-e3a852294e6a/omNode-1/ratis/c9bc4cf4-3bc3-3c60-a66b-523986131536/current/log_inprogress_31 to /home/runner/work/ozone/ozone/hadoop-ozone/integration-test/target/test-dir/MiniOzoneClusterImpl-68853c07-42d2-4ef8-9e75-e3a852294e6a/omNode-1/ratis/c9bc4cf4-3bc3-3c60-a66b-523986131536/current/log_31-32
2025-04-23 14:37:19,157 [omNode-1@group-523986131536-SegmentedRaftLogWorker] INFO  segmented.BufferedWriteChannel (BufferedWriteChannel.java:open(61)) - open log_inprogress_33 at position 0
2025-04-23 14:37:19,159 [main] WARN  server.ServerUtils (ServerUtils.java:getDBPath(297)) - ozone.om.db.dirs is not configured. We recommend adding this setting. Falling back to ozone.metadata.dirs instead.
2025-04-23 14:37:19,167 [omNode-1@group-523986131536-SegmentedRaftLogWorker] INFO  segmented.SegmentedRaftLogWorker (SegmentedRaftLogWorker.java:execute(644)) - omNode-1@group-523986131536-SegmentedRaftLogWorker: created new log segment /home/runner/work/ozone/ozone/hadoop-ozone/integration-test/target/test-dir/MiniOzoneClusterImpl-68853c07-42d2-4ef8-9e75-e3a852294e6a/omNode-1/ratis/c9bc4cf4-3bc3-3c60-a66b-523986131536/current/log_inprogress_33
2025-04-23 14:37:19,170 [omNode-3@group-523986131536-StateMachineUpdater] INFO  ratis.OzoneManagerStateMachine (OzoneManagerStateMachine.java:notifyConfigurationChanged(231)) - notifyConfigurationChanged from Ratis: term=4, index=33, New Peer list: omNode-3(localhost:15017), omNode-1(localhost:15009), omNode-2(localhost:15013)
2025-04-23 14:37:19,171 [omNode-3@group-523986131536-StateMachineUpdater] INFO  server.RaftServer$Division (LeaderStateImpl.java:checkStartIndex(313)) - Leader omNode-3@group-523986131536-LeaderStateImpl is ready since appliedIndex == startIndex == 33
2025-04-23 14:37:19,171 [grpc-default-executor-7] WARN  server.GrpcLogAppender (GrpcLogAppender.java:lambda$resetClient$1(221)) - omNode-3@group-523986131536->omNode-2-GrpcLogAppender: Follower failed (request=null, errorCount=5); keep nextIndex (35) unchanged and retry.
2025-04-23 14:37:19,174 [omNode-1@group-523986131536-StateMachineUpdater] INFO  ratis.OzoneManagerStateMachine (OzoneManagerStateMachine.java:notifyConfigurationChanged(231)) - notifyConfigurationChanged from Ratis: term=4, index=33, New Peer list: omNode-3(localhost:15017), omNode-1(localhost:15009), omNode-2(localhost:15013)
2025-04-23 14:37:19,202 [main] INFO  om.OzoneManager (OzoneManager.java:instantiateServices(933)) - S3 Multi-Tenancy is disabled
2025-04-23 14:37:19,202 [main] INFO  om.OmSnapshotManager (OmSnapshotManager.java:<init>(180)) - Ozone filesystem snapshot feature is enabled.
2025-04-23 14:37:19,203 [main] WARN  server.ServerUtils (ServerUtils.java:getDBPath(297)) - ozone.om.snapshot.diff.db.dir is not configured. We recommend adding this setting. Falling back to ozone.metadata.dirs instead.
2025-04-23 14:37:19,218 [main] WARN  dropwizard3.Dm3MetricRegistriesImpl (Dm3MetricRegistriesImpl.java:addReporterRegistration(114)) - New reporters are added after registries were created. Some metrics will be missing from the reporter. Please add reporter before adding any new registry.
2025-04-23 14:37:19,218 [main] WARN  dropwizard3.Dm3MetricRegistriesImpl (Dm3MetricRegistriesImpl.java:addReporterRegistration(114)) - New reporters are added after registries were created. Some metrics will be missing from the reporter. Please add reporter before adding any new registry.
2025-04-23 14:37:19,219 [main] WARN  server.ServerUtils (ServerUtils.java:getDefaultRatisDirectory(309)) - Storage directory for Ratis is not configured. It is a good idea to map this to an SSD disk. Falling back to ozone.metadata.dirs
2025-04-23 14:37:19,219 [main] INFO  server.RaftServerConfigKeys (ConfUtils.java:logGet(46)) - raft.server.log.appender.buffer.byte-limit = 4194304 (custom)
2025-04-23 14:37:19,220 [main] INFO  ratis.OzoneManagerRatisServer (OzoneManagerRatisServer.java:<init>(167)) - Instantiating OM Ratis server with groupID: om-service-test1 and peers: localhost:15013, localhost:15017, localhost:15009
2025-04-23 14:37:19,220 [main] INFO  ratis.OzoneManagerStateMachine (OzoneManagerStateMachine.java:loadSnapshotInfoFromDB(611)) - LastAppliedIndex is set from TransactionInfo from OM DB as (t:3, i:32)
2025-04-23 14:37:19,221 [main] INFO  server.RaftServer (ConfUtils.java:logGet(46)) - raft.rpc.type = GRPC (default)
2025-04-23 14:37:19,221 [main] INFO  grpc.GrpcConfigKeys (ConfUtils.java:logFallback(53)) - raft.grpc.admin.host = null (fallback to raft.grpc.server.host)
2025-04-23 14:37:19,221 [main] INFO  grpc.GrpcConfigKeys (ConfUtils.java:logFallback(53)) - raft.grpc.admin.port = 15013 (fallback to raft.grpc.server.port)
2025-04-23 14:37:19,221 [main] INFO  grpc.GrpcConfigKeys (ConfUtils.java:logFallback(53)) - raft.grpc.client.host = null (fallback to raft.grpc.server.host)
2025-04-23 14:37:19,221 [main] INFO  grpc.GrpcConfigKeys (ConfUtils.java:logFallback(53)) - raft.grpc.client.port = 15013 (fallback to raft.grpc.server.port)
2025-04-23 14:37:19,221 [main] INFO  grpc.GrpcConfigKeys (ConfUtils.java:logGet(46)) - raft.grpc.server.host = null (default)
2025-04-23 14:37:19,221 [main] INFO  grpc.GrpcConfigKeys (ConfUtils.java:logGet(46)) - raft.grpc.server.port = 15013 (custom)
2025-04-23 14:37:19,221 [main] INFO  server.GrpcService (ConfUtils.java:logGet(46)) - raft.grpc.message.size.max = 5242880 (custom)
2025-04-23 14:37:19,221 [main] INFO  server.GrpcService (ConfUtils.java:logGet(46)) - raft.grpc.flow.control.window = 1MB (=1048576) (default)
2025-04-23 14:37:19,221 [main] INFO  server.RaftServerConfigKeys (ConfUtils.java:logGet(46)) - raft.server.rpc.request.timeout = 3000ms (default)
2025-04-23 14:37:19,221 [main] INFO  grpc.GrpcConfigKeys (ConfUtils.java:logGet(46)) - raft.grpc.server.heartbeat.channel = true (default)
2025-04-23 14:37:19,221 [main] INFO  server.RaftServerConfigKeys (ConfUtils.java:logGet(46)) - raft.server.log.appender.buffer.byte-limit = 4194304 (custom)
2025-04-23 14:37:19,221 [main] INFO  grpc.GrpcConfigKeys (ConfUtils.java:logGet(46)) - raft.grpc.server.async.request.thread.pool.cached = true (default)
2025-04-23 14:37:19,222 [main] INFO  grpc.GrpcConfigKeys (ConfUtils.java:logGet(46)) - raft.grpc.server.async.request.thread.pool.size = 32 (default)
2025-04-23 14:37:19,222 [main] INFO  impl.DataStreamServerImpl (ConfUtils.java:logGet(46)) - raft.datastream.type = DISABLED (default)
2025-04-23 14:37:19,222 [main] INFO  server.RaftServerConfigKeys (ConfUtils.java:logGet(46)) - raft.server.sleep.deviation.threshold = 300ms (default)
2025-04-23 14:37:19,222 [main] INFO  server.RaftServerConfigKeys (ConfUtils.java:logGet(46)) - raft.server.close.threshold = 60s (default)
2025-04-23 14:37:19,222 [main] INFO  server.RaftServerConfigKeys (ConfUtils.java:logGet(46)) - raft.server.leaderelection.leader.step-down.wait-time = 10s (default)
2025-04-23 14:37:19,223 [main] INFO  server.RaftServerConfigKeys (ConfUtils.java:logGet(46)) - raft.server.storage.dir = [/home/runner/work/ozone/ozone/hadoop-ozone/integration-test/target/test-dir/MiniOzoneClusterImpl-68853c07-42d2-4ef8-9e75-e3a852294e6a/omNode-2/ratis] (custom)
2025-04-23 14:37:19,223 [main] INFO  server.RaftServerConfigKeys (ConfUtils.java:logGet(46)) - raft.server.threadpool.proxy.cached = true (default)
2025-04-23 14:37:19,223 [main] INFO  server.RaftServerConfigKeys (ConfUtils.java:logGet(46)) - raft.server.threadpool.proxy.size = 0 (default)
2025-04-23 14:37:19,223 [omNode-2-impl-thread1] INFO  server.RaftServer (RaftServerProxy.java:initGroupDir(265)) - omNode-2: found a subdirectory /home/runner/work/ozone/ozone/hadoop-ozone/integration-test/target/test-dir/MiniOzoneClusterImpl-68853c07-42d2-4ef8-9e75-e3a852294e6a/omNode-2/ratis/c9bc4cf4-3bc3-3c60-a66b-523986131536
2025-04-23 14:37:19,223 [main] INFO  server.RaftServer (RaftServerProxy.java:addNew(100)) - omNode-2: addNew group-523986131536:[omNode-3|localhost:15017, omNode-1|localhost:15009, omNode-2|localhost:15013] returns group-523986131536:java.util.concurrent.CompletableFuture@5fb87400[Not completed]
2025-04-23 14:37:19,223 [main] INFO  om.OzoneManager (OzoneManager.java:initializeRatisServer(2303)) - OzoneManager Ratis server initialized at port 15013
2025-04-23 14:37:19,224 [main] INFO  ratis.OzoneManagerRatisServer (OzoneManagerRatisServer.java:start(628)) - Starting OzoneManagerRatisServer omNode-2 at port 15013
2025-04-23 14:37:19,223 [omNode-2-groupManagement] INFO  server.RaftServer$Division (RaftServerImpl.java:<init>(255)) - omNode-2: new RaftServerImpl for group-523986131536:[omNode-3|localhost:15017, omNode-1|localhost:15009, omNode-2|localhost:15013] with OzoneManagerStateMachine:uninitialized
2025-04-23 14:37:19,224 [omNode-2-groupManagement] INFO  server.RaftServerConfigKeys (ConfUtils.java:logGet(46)) - raft.server.rpc.timeout.min = 1s (custom)
2025-04-23 14:37:19,224 [omNode-2-groupManagement] INFO  server.RaftServerConfigKeys (ConfUtils.java:logGet(46)) - raft.server.rpc.timeout.max = 1200ms (custom)
2025-04-23 14:37:19,224 [omNode-2-groupManagement] INFO  server.RaftServerConfigKeys (ConfUtils.java:logGet(46)) - raft.server.rpc.sleep.time = 25ms (default)
2025-04-23 14:37:19,224 [omNode-2-groupManagement] INFO  server.RaftServerConfigKeys (ConfUtils.java:logGet(46)) - raft.server.rpc.slowness.timeout = 2s (custom)
2025-04-23 14:37:19,224 [omNode-2-groupManagement] INFO  server.RaftServerConfigKeys (ConfUtils.java:logGet(46)) - raft.server.leaderelection.leader.step-down.wait-time = 10s (default)
2025-04-23 14:37:19,224 [omNode-2-groupManagement] INFO  server.RaftServerConfigKeys (ConfUtils.java:logGet(46)) - raft.server.leaderelection.member.majority-add = false (default)
2025-04-23 14:37:19,224 [omNode-2-groupManagement] INFO  server.RaftServerConfigKeys (ConfUtils.java:logGet(46)) - raft.server.sleep.deviation.threshold = 300ms (default)
2025-04-23 14:37:19,224 [omNode-2-groupManagement] INFO  server.RaftServer$Division (ServerState.java:<init>(114)) - omNode-2@group-523986131536: ConfigurationManager, init=conf: {index: -1, cur=peers:[omNode-3|localhost:15017, omNode-1|localhost:15009, omNode-2|localhost:15013]|listeners:[], old=null}, confs=<EMPTY_MAP>
2025-04-23 14:37:19,224 [omNode-2-groupManagement] INFO  server.RaftServerConfigKeys (ConfUtils.java:logGet(46)) - raft.server.notification.no-leader.timeout = 2s (custom)
2025-04-23 14:37:19,224 [omNode-2-groupManagement] INFO  server.RaftServerConfigKeys (ConfUtils.java:logGet(46)) - raft.server.read.timeout = 10s (default)
2025-04-23 14:37:19,224 [omNode-2-groupManagement] INFO  server.RaftServerConfigKeys (ConfUtils.java:logGet(46)) - raft.server.retrycache.expirytime = 30000ms (custom)
2025-04-23 14:37:19,224 [omNode-2-groupManagement] INFO  server.RaftServerConfigKeys (ConfUtils.java:logGet(46)) - raft.server.retrycache.statistics.expirytime = 100ms (default)
2025-04-23 14:37:19,224 [omNode-2-groupManagement] INFO  server.RaftServerConfigKeys (ConfUtils.java:logGet(46)) - raft.server.read.option = DEFAULT (default)
2025-04-23 14:37:19,224 [omNode-2-groupManagement] INFO  server.RaftServerConfigKeys (ConfUtils.java:logGet(46)) - raft.server.read.read-after-write-consistent.write-index-cache.expiry-time = 60s (default)
2025-04-23 14:37:19,226 [omNode-2-groupManagement] INFO  server.RaftServerConfigKeys (ConfUtils.java:logGet(46)) - raft.server.rpc.request.timeout = 3000ms (default)
2025-04-23 14:37:19,226 [omNode-2-groupManagement] INFO  server.RaftServerConfigKeys (ConfUtils.java:logGet(46)) - raft.server.log.appender.install.snapshot.enabled = false (custom)
2025-04-23 14:37:19,226 [omNode-2-groupManagement] INFO  server.RaftServerConfigKeys (ConfUtils.java:logGet(46)) - raft.server.threadpool.server.cached = true (default)
2025-04-23 14:37:19,226 [omNode-2-groupManagement] INFO  server.RaftServerConfigKeys (ConfUtils.java:logGet(46)) - raft.server.threadpool.server.size = 0 (default)
2025-04-23 14:37:19,226 [omNode-2-groupManagement] INFO  server.RaftServerConfigKeys (ConfUtils.java:logGet(46)) - raft.server.threadpool.client.cached = true (default)
2025-04-23 14:37:19,226 [omNode-2-groupManagement] INFO  server.RaftServerConfigKeys (ConfUtils.java:logGet(46)) - raft.server.threadpool.client.size = 0 (default)
2025-04-23 14:37:19,226 [omNode-2-impl-thread1] INFO  server.RaftServerConfigKeys (ConfUtils.java:logGet(46)) - raft.server.storage.free-space.min = 0MB (=0) (default)
2025-04-23 14:37:19,226 [omNode-2-impl-thread1] INFO  server.RaftServerConfigKeys (ConfUtils.java:logGet(46)) - raft.server.log.corruption.policy = EXCEPTION (default)
2025-04-23 14:37:19,226 [omNode-2-impl-thread1] INFO  server.RaftServerConfigKeys (ConfUtils.java:logGet(46)) - raft.server.storage.dir = [/home/runner/work/ozone/ozone/hadoop-ozone/integration-test/target/test-dir/MiniOzoneClusterImpl-68853c07-42d2-4ef8-9e75-e3a852294e6a/omNode-2/ratis] (custom)
2025-04-23 14:37:19,227 [omNode-2-impl-thread1] INFO  storage.RaftStorageDirectory (RaftStorageDirectoryImpl.java:tryLock(229)) - Lock on /home/runner/work/ozone/ozone/hadoop-ozone/integration-test/target/test-dir/MiniOzoneClusterImpl-68853c07-42d2-4ef8-9e75-e3a852294e6a/omNode-2/ratis/c9bc4cf4-3bc3-3c60-a66b-523986131536/in_use.lock acquired by nodename 129558@fv-az1120-822
2025-04-23 14:37:19,228 [omNode-2-impl-thread1] INFO  storage.RaftStorage (RaftStorageImpl.java:analyzeAndRecoverStorage(118)) - Read RaftStorageMetadata{term=3, votedFor=} from /home/runner/work/ozone/ozone/hadoop-ozone/integration-test/target/test-dir/MiniOzoneClusterImpl-68853c07-42d2-4ef8-9e75-e3a852294e6a/omNode-2/ratis/c9bc4cf4-3bc3-3c60-a66b-523986131536/current/raft-meta
2025-04-23 14:37:19,228 [omNode-2-impl-thread1] INFO  server.RaftServer$Division (ServerState.java:setRaftConf(386)) - omNode-2@group-523986131536: set configuration conf: {index: 31, cur=peers:[omNode-3|localhost:15017, omNode-1|localhost:15009, omNode-2|localhost:15013]|listeners:[], old=null}
2025-04-23 14:37:19,228 [omNode-2-impl-thread1] INFO  ratis.OzoneManagerStateMachine (OzoneManagerStateMachine.java:lambda$0(138)) - omNode-2: initialize group-523986131536 with (t:3, i:32)
2025-04-23 14:37:19,228 [omNode-2-impl-thread1] INFO  server.RaftServerConfigKeys (ConfUtils.java:logGet(46)) - raft.server.log.use.memory = false (default)
2025-04-23 14:37:19,228 [omNode-2-impl-thread1] INFO  server.RaftServerConfigKeys (ConfUtils.java:logGet(46)) - raft.server.log.purge.gap = 50 (custom)
2025-04-23 14:37:19,228 [omNode-2-impl-thread1] INFO  server.RaftServerConfigKeys (ConfUtils.java:logGet(46)) - raft.server.log.appender.buffer.byte-limit = 4194304 (custom)
2025-04-23 14:37:19,228 [omNode-2-impl-thread1] INFO  server.RaftServerConfigKeys (ConfUtils.java:logGet(46)) - raft.server.log.statemachine.data.read.timeout = 1000ms (default)
2025-04-23 14:37:19,228 [omNode-2-impl-thread1] INFO  server.RaftServerConfigKeys (ConfUtils.java:logGet(46)) - raft.server.log.purge.preservation.log.num = 0 (default)
2025-04-23 14:37:19,229 [omNode-2-impl-thread1] INFO  server.RaftServerConfigKeys (ConfUtils.java:logGet(46)) - raft.server.log.segment.size.max = 4194304 (custom)
2025-04-23 14:37:19,229 [omNode-2-impl-thread1] INFO  server.RaftServerConfigKeys (ConfUtils.java:logGet(46)) - raft.server.log.segment.cache.num.max = 2 (custom)
2025-04-23 14:37:19,229 [omNode-2-impl-thread1] INFO  server.RaftServerConfigKeys (ConfUtils.java:logGet(46)) - raft.server.log.segment.cache.size.max = 200MB (=209715200) (default)
2025-04-23 14:37:19,229 [omNode-2-impl-thread1] INFO  server.RaftServerConfigKeys (ConfUtils.java:logGet(46)) - raft.server.log.appender.buffer.byte-limit = 4194304 (custom)
2025-04-23 14:37:19,229 [omNode-2-impl-thread1] INFO  util.AwaitToRun (AwaitToRun.java:start(81)) - Thread[#1954,omNode-2@group-523986131536-cacheEviction-AwaitToRun,5,main] started
2025-04-23 14:37:19,229 [omNode-2-impl-thread1] INFO  segmented.SegmentedRaftLogWorker (SegmentedRaftLogWorker.java:<init>(188)) - new omNode-2@group-523986131536-SegmentedRaftLogWorker for RaftStorageImpl:Storage Directory /home/runner/work/ozone/ozone/hadoop-ozone/integration-test/target/test-dir/MiniOzoneClusterImpl-68853c07-42d2-4ef8-9e75-e3a852294e6a/omNode-2/ratis/c9bc4cf4-3bc3-3c60-a66b-523986131536
2025-04-23 14:37:19,229 [omNode-2-impl-thread1] INFO  server.RaftServerConfigKeys (ConfUtils.java:logGet(46)) - raft.server.log.queue.byte-limit = 64MB (=67108864) (default)
2025-04-23 14:37:19,229 [omNode-2-impl-thread1] INFO  server.RaftServerConfigKeys (ConfUtils.java:logGet(46)) - raft.server.log.queue.element-limit = 4096 (default)
2025-04-23 14:37:19,229 [omNode-2-impl-thread1] INFO  server.RaftServerConfigKeys (ConfUtils.java:logGet(46)) - raft.server.log.segment.size.max = 4194304 (custom)
2025-04-23 14:37:19,229 [omNode-2-impl-thread1] INFO  server.RaftServerConfigKeys (ConfUtils.java:logGet(46)) - raft.server.log.preallocated.size = 4194304 (custom)
2025-04-23 14:37:19,230 [omNode-2-impl-thread1] INFO  server.RaftServerConfigKeys (ConfUtils.java:logGet(46)) - raft.server.log.force.sync.num = 128 (default)
2025-04-23 14:37:19,230 [omNode-2-impl-thread1] INFO  server.RaftServerConfigKeys (ConfUtils.java:logGet(46)) - raft.server.log.statemachine.data.sync = true (default)
2025-04-23 14:37:19,230 [omNode-2-impl-thread1] INFO  server.RaftServerConfigKeys (ConfUtils.java:logGet(46)) - raft.server.log.statemachine.data.sync.timeout = 10s (default)
2025-04-23 14:37:19,230 [omNode-2-impl-thread1] INFO  server.RaftServerConfigKeys (ConfUtils.java:logGet(46)) - raft.server.log.statemachine.data.sync.timeout.retry = -1 (default)
2025-04-23 14:37:19,230 [omNode-2-impl-thread1] INFO  server.RaftServerConfigKeys (ConfUtils.java:logGet(46)) - raft.server.log.write.buffer.size = 4194312 (custom)
2025-04-23 14:37:19,230 [omNode-2-impl-thread1] INFO  server.RaftServerConfigKeys (ConfUtils.java:logGet(46)) - raft.server.log.appender.buffer.byte-limit = 4194304 (custom)
2025-04-23 14:37:19,230 [omNode-2-impl-thread1] INFO  server.RaftServerConfigKeys (ConfUtils.java:logGet(46)) - raft.server.log.unsafe-flush.enabled = false (default)
2025-04-23 14:37:19,230 [omNode-2-impl-thread1] INFO  server.RaftServerConfigKeys (ConfUtils.java:logGet(46)) - raft.server.log.async-flush.enabled = false (default)
2025-04-23 14:37:19,230 [omNode-2-impl-thread1] INFO  server.RaftServerConfigKeys (ConfUtils.java:logGet(46)) - raft.server.log.statemachine.data.caching.enabled = false (default)
2025-04-23 14:37:19,231 [omNode-2-impl-thread1] INFO  server.RaftServer$Division (ServerState.java:setRaftConf(386)) - omNode-2@group-523986131536: set configuration conf: {index: 0, cur=peers:[omNode-3|localhost:15017, omNode-1|localhost:15009, omNode-2|localhost:15013]|listeners:[], old=null}
2025-04-23 14:37:19,231 [omNode-2-impl-thread1] INFO  segmented.LogSegment (LogSegment.java:loadSegment(171)) - Successfully read 21 entries from segment file /home/runner/work/ozone/ozone/hadoop-ozone/integration-test/target/test-dir/MiniOzoneClusterImpl-68853c07-42d2-4ef8-9e75-e3a852294e6a/omNode-2/ratis/c9bc4cf4-3bc3-3c60-a66b-523986131536/current/log_0-20
2025-04-23 14:37:19,231 [omNode-2-impl-thread1] INFO  server.RaftServer$Division (ServerState.java:setRaftConf(386)) - omNode-2@group-523986131536: set configuration conf: {index: 21, cur=peers:[omNode-3|localhost:15017, omNode-1|localhost:15009, omNode-2|localhost:15013]|listeners:[], old=null}
2025-04-23 14:37:19,232 [omNode-2-impl-thread1] INFO  segmented.LogSegment (LogSegment.java:loadSegment(171)) - Successfully read 10 entries from segment file /home/runner/work/ozone/ozone/hadoop-ozone/integration-test/target/test-dir/MiniOzoneClusterImpl-68853c07-42d2-4ef8-9e75-e3a852294e6a/omNode-2/ratis/c9bc4cf4-3bc3-3c60-a66b-523986131536/current/log_21-30
2025-04-23 14:37:19,232 [omNode-2-impl-thread1] INFO  server.RaftServer$Division (ServerState.java:setRaftConf(386)) - omNode-2@group-523986131536: set configuration conf: {index: 31, cur=peers:[omNode-3|localhost:15017, omNode-1|localhost:15009, omNode-2|localhost:15013]|listeners:[], old=null}
2025-04-23 14:37:19,232 [omNode-2-impl-thread1] INFO  segmented.LogSegment (LogSegment.java:loadSegment(171)) - Successfully read 2 entries from segment file /home/runner/work/ozone/ozone/hadoop-ozone/integration-test/target/test-dir/MiniOzoneClusterImpl-68853c07-42d2-4ef8-9e75-e3a852294e6a/omNode-2/ratis/c9bc4cf4-3bc3-3c60-a66b-523986131536/current/log_inprogress_31
2025-04-23 14:37:19,232 [omNode-2-impl-thread1] INFO  segmented.SegmentedRaftLogWorker (SegmentedRaftLogWorker.java:lambda$new$0(139)) - omNode-2@group-523986131536-SegmentedRaftLogWorker: flushIndex: setUnconditionally 0 -> 32
2025-04-23 14:37:19,232 [omNode-2-impl-thread1] INFO  segmented.SegmentedRaftLogWorker (SegmentedRaftLogWorker.java:lambda$new$0(139)) - omNode-2@group-523986131536-SegmentedRaftLogWorker: safeCacheEvictIndex: setUnconditionally 0 -> 30
2025-04-23 14:37:19,233 [omNode-2-impl-thread1] INFO  segmented.BufferedWriteChannel (BufferedWriteChannel.java:open(61)) - open log_inprogress_31 (append) at position 125
2025-04-23 14:37:19,233 [omNode-2-impl-thread1] INFO  server.RaftServer$Division (RaftServerImpl.java:start(391)) - omNode-2@group-523986131536: start as a follower, conf=conf: {index: 31, cur=peers:[omNode-3|localhost:15017, omNode-1|localhost:15009, omNode-2|localhost:15013]|listeners:[], old=null}
2025-04-23 14:37:19,233 [omNode-2-impl-thread1] INFO  server.RaftServer$Division (RaftServerImpl.java:setRole(378)) - omNode-2@group-523986131536: changes role from      null to FOLLOWER at term 3 for startAsFollower
2025-04-23 14:37:19,233 [omNode-2-impl-thread1] INFO  impl.RoleInfo (RoleInfo.java:updateAndGet(148)) - omNode-2: start omNode-2@group-523986131536-FollowerState
2025-04-23 14:37:19,233 [omNode-2-impl-thread1] INFO  util.JmxRegister (JmxRegister.java:tryRegister(44)) - Successfully registered JMX Bean with object name Ratis:service=RaftServer,group=group-523986131536,id=omNode-2
2025-04-23 14:37:19,233 [omNode-2-impl-thread1] INFO  util.JmxRegister (JmxRegister.java:register(58)) - register mxBean class org.apache.ratis.server.impl.RaftServerJmxAdapter as Ratis:service=RaftServer,group=group-523986131536,id=omNode-2
2025-04-23 14:37:19,233 [omNode-2@group-523986131536-FollowerState] INFO  server.RaftServerConfigKeys (ConfUtils.java:logFallback(53)) - raft.server.rpc.first-election.timeout.min = 1s (fallback to raft.server.rpc.timeout.min)
2025-04-23 14:37:19,234 [omNode-2@group-523986131536-FollowerState] INFO  server.RaftServerConfigKeys (ConfUtils.java:logFallback(53)) - raft.server.rpc.first-election.timeout.max = 1200ms (fallback to raft.server.rpc.timeout.max)
2025-04-23 14:37:19,233 [omNode-2-impl-thread1] INFO  server.RaftServerConfigKeys (ConfUtils.java:logGet(46)) - raft.server.snapshot.trigger-when-stop.enabled = true (default)
2025-04-23 14:37:19,234 [omNode-2-impl-thread1] INFO  server.RaftServerConfigKeys (ConfUtils.java:logGet(46)) - raft.server.snapshot.trigger-when-remove.enabled = true (default)
2025-04-23 14:37:19,234 [omNode-2-impl-thread1] INFO  server.RaftServerConfigKeys (ConfUtils.java:logGet(46)) - raft.server.snapshot.auto.trigger.enabled = true (custom)
2025-04-23 14:37:19,234 [omNode-2-impl-thread1] INFO  server.RaftServerConfigKeys (ConfUtils.java:logGet(46)) - raft.server.snapshot.auto.trigger.threshold = 50 (custom)
2025-04-23 14:37:19,234 [omNode-2-impl-thread1] INFO  server.RaftServerConfigKeys (ConfUtils.java:logGet(46)) - raft.server.snapshot.retention.file.num = -1 (default)
2025-04-23 14:37:19,234 [omNode-2-impl-thread1] INFO  server.RaftServerConfigKeys (ConfUtils.java:logGet(46)) - raft.server.log.purge.upto.snapshot.index = true (custom)
2025-04-23 14:37:19,234 [omNode-2-impl-thread1] INFO  server.RaftServer$Division (RaftServerImpl.java:start(405)) - omNode-2@group-523986131536: Successfully started.
2025-04-23 14:37:19,234 [main] INFO  server.RaftServer (RaftServerProxy.java:startImpl(407)) - omNode-2: start RPC server
2025-04-23 14:37:19,235 [main] INFO  server.GrpcService (GrpcService.java:startImpl(334)) - omNode-2: GrpcService started, listening on 15013
2025-04-23 14:37:19,235 [main] INFO  om.OzoneManager (OzoneManager.java:getRpcServer(1360)) - Creating RPC Server
2025-04-23 14:37:19,235 [JvmPauseMonitor13] INFO  util.JvmPauseMonitor (JvmPauseMonitor.java:run(146)) - JvmPauseMonitor-omNode-2: Started
2025-04-23 14:37:19,590 [main] INFO  reflections.Reflections (Reflections.java:scan(219)) - Reflections took 354 ms to scan 22 urls, producing 61 keys and 7422 values
2025-04-23 14:37:19,592 [main] INFO  ipc.CallQueueManager (CallQueueManager.java:<init>(93)) - Using callQueue: class java.util.concurrent.LinkedBlockingQueue, queueCapacity: 2000, scheduler: class org.apache.hadoop.ipc.DefaultRpcScheduler, ipcBackoff: false, ipcFailOver: false.
2025-04-23 14:37:19,592 [main] INFO  ipc.Server (Server.java:<init>(1438)) - Listener at localhost:15010
2025-04-23 14:37:19,593 [Socket Reader #1 for port 15010] INFO  ipc.Server (Server.java:run(1474)) - Starting Socket Reader #1 for port 15010
2025-04-23 14:37:19,593 [Socket Reader #2 for port 15010] INFO  ipc.Server (Server.java:run(1474)) - Starting Socket Reader #2 for port 15010
2025-04-23 14:37:19,593 [Socket Reader #3 for port 15010] INFO  ipc.Server (Server.java:run(1474)) - Starting Socket Reader #3 for port 15010
2025-04-23 14:37:19,593 [Socket Reader #4 for port 15010] INFO  ipc.Server (Server.java:run(1474)) - Starting Socket Reader #4 for port 15010
2025-04-23 14:37:19,593 [Socket Reader #5 for port 15010] INFO  ipc.Server (Server.java:run(1474)) - Starting Socket Reader #5 for port 15010
2025-04-23 14:37:19,593 [Socket Reader #6 for port 15010] INFO  ipc.Server (Server.java:run(1474)) - Starting Socket Reader #6 for port 15010
2025-04-23 14:37:19,594 [Socket Reader #7 for port 15010] INFO  ipc.Server (Server.java:run(1474)) - Starting Socket Reader #7 for port 15010
2025-04-23 14:37:19,594 [Socket Reader #8 for port 15010] INFO  ipc.Server (Server.java:run(1474)) - Starting Socket Reader #8 for port 15010
2025-04-23 14:37:19,594 [Socket Reader #9 for port 15010] INFO  ipc.Server (Server.java:run(1474)) - Starting Socket Reader #9 for port 15010
2025-04-23 14:37:19,594 [Socket Reader #10 for port 15010] INFO  ipc.Server (Server.java:run(1474)) - Starting Socket Reader #10 for port 15010
2025-04-23 14:37:19,596 [main] INFO  http.BaseHttpServer (BaseHttpServer.java:newHttpServer2BuilderForOzone(229)) - Starting Web-server for ozoneManager at: http://0.0.0.0:15011
2025-04-23 14:37:19,596 [main] INFO  http.BaseHttpServer (BaseHttpServer.java:<init>(107)) - Hadoop Security Enabled: false Ozone Security Enabled: false Ozone HTTP Security Enabled: false 
2025-04-23 14:37:19,597 [main] WARN  server.AuthenticationFilter (AuthenticationFilter.java:constructSecretProvider(240)) - Unable to initialize FileSignerSecretProvider, falling back to use random secrets. Reason: Could not read signature secret file: /home/runner/hadoop-http-auth-signature-secret
2025-04-23 14:37:19,599 [main] INFO  http.HttpServer2 (HttpServer2.java:addGlobalFilter(1041)) - Added global filter 'safety' (class=org.apache.hadoop.hdds.server.http.HttpServer2$QuotingInputFilter)
2025-04-23 14:37:19,599 [main] INFO  http.HttpServer2 (HttpServer2.java:addFilter(1017)) - Added filter static_user_filter (class=org.apache.hadoop.http.lib.StaticUserWebFilter$StaticUserFilter) to context ozoneManager
2025-04-23 14:37:19,599 [main] INFO  http.HttpServer2 (HttpServer2.java:addFilter(1025)) - Added filter static_user_filter (class=org.apache.hadoop.http.lib.StaticUserWebFilter$StaticUserFilter) to context logs
2025-04-23 14:37:19,600 [main] INFO  http.HttpServer2 (HttpServer2.java:addFilter(1025)) - Added filter static_user_filter (class=org.apache.hadoop.http.lib.StaticUserWebFilter$StaticUserFilter) to context static
2025-04-23 14:37:19,600 [main] INFO  http.BaseHttpServer (BaseHttpServer.java:<init>(195)) - HTTP server of ozoneManager uses base directory /home/runner/work/ozone/ozone/hadoop-ozone/integration-test/target/test-dir/MiniOzoneClusterImpl-68853c07-42d2-4ef8-9e75-e3a852294e6a/omNode-2/webserver
2025-04-23 14:37:19,600 [main] INFO  http.HttpServer2 (HttpServer2.java:bindListener(1241)) - Jetty bound to port 15011
2025-04-23 14:37:19,600 [main] INFO  server.Server (Server.java:doStart(375)) - jetty-9.4.57.v20241219; built: 2025-01-08T21:24:30.412Z; git: df524e6b29271c2e09ba9aea83c18dc9db464a31; jvm 21.0.7+6-LTS
2025-04-23 14:37:19,601 [main] INFO  server.session (DefaultSessionIdManager.java:doStart(334)) - DefaultSessionIdManager workerName=node0
2025-04-23 14:37:19,602 [main] INFO  server.session (DefaultSessionIdManager.java:doStart(339)) - No SessionScavenger set, using defaults
2025-04-23 14:37:19,602 [main] INFO  server.session (HouseKeeper.java:startScavenging(132)) - node0 Scavenging every 660000ms
2025-04-23 14:37:19,602 [main] INFO  handler.ContextHandler (ContextHandler.java:doStart(921)) - Started o.e.j.s.ServletContextHandler@6d216335{logs,/logs,file:///home/runner/work/ozone/ozone/hadoop-ozone/integration-test/target/log,AVAILABLE}
2025-04-23 14:37:19,603 [main] INFO  handler.ContextHandler (ContextHandler.java:doStart(921)) - Started o.e.j.s.ServletContextHandler@3b08196c{static,/static,file:///home/runner/work/ozone/ozone/hadoop-ozone/integration-test/target/test-classes/webapps/static,AVAILABLE}
2025-04-23 14:37:19,608 [main] INFO  handler.ContextHandler (ContextHandler.java:doStart(921)) - Started o.e.j.w.WebAppContext@536669f2{ozoneManager,/,file:///home/runner/work/ozone/ozone/hadoop-ozone/integration-test/target/test-classes/webapps/ozoneManager/,AVAILABLE}{file:/home/runner/work/ozone/ozone/hadoop-ozone/integration-test/target/test-classes/webapps/ozoneManager}
2025-04-23 14:37:19,609 [main] INFO  server.AbstractConnector (AbstractConnector.java:doStart(333)) - Started ServerConnector@a7f638{HTTP/1.1, (http/1.1)}{0.0.0.0:15011}
2025-04-23 14:37:19,609 [main] INFO  server.Server (Server.java:doStart(415)) - Started @39888ms
2025-04-23 14:37:19,609 [main] WARN  impl.MetricsSystemImpl (MetricsSystemImpl.java:register(279)) - Sink prometheus already exists!
2025-04-23 14:37:19,609 [main] INFO  http.BaseHttpServer (BaseHttpServer.java:updateConnectorAddress(360)) - HTTP server of ozoneManager listening at http://0.0.0.0:15011
2025-04-23 14:37:19,610 [IPC Server Responder] INFO  ipc.Server (Server.java:run(1713)) - IPC Server Responder: starting
2025-04-23 14:37:19,610 [IPC Server listener on 15010] INFO  ipc.Server (Server.java:run(1553)) - IPC Server listener on 15010: starting
2025-04-23 14:37:19,612 [main] INFO  om.OzoneManager (OzoneManager.java:startTrashEmptier(2257)) - Trash Interval set to 0. Files deleted won't move to trash
]]></system-out>
  </testcase>
  <testcase name="testConf" classname="org.apache.hadoop.ozone.om.TestOzoneManagerHAWithStoppedNodes" time="3.061">
    <system-out><![CDATA[2025-04-23 14:37:19,614 [main] INFO  server.RaftServerConfigKeys (ConfUtils.java:logGet(46)) - raft.server.log.appender.wait-time.min = 0ms (custom)
2025-04-23 14:37:19,614 [main] INFO  om.OzoneManager (OzoneManager.java:stop(2347)) - omNode-3[localhost:15014]: Stopping Ozone Manager
2025-04-23 14:37:19,615 [main] INFO  ipc.Server (Server.java:stop(3697)) - Stopping server on 15014
2025-04-23 14:37:19,624 [IPC Server listener on 15014] INFO  ipc.Server (Server.java:run(1585)) - Stopping IPC Server listener on 15014
2025-04-23 14:37:19,625 [IPC Server Responder] INFO  ipc.Server (Server.java:run(1718)) - Stopping IPC Server Responder
2025-04-23 14:37:19,625 [main] INFO  ratis.OzoneManagerRatisServer (OzoneManagerRatisServer.java:stop(634)) - Stopping org.apache.hadoop.ozone.om.ratis.OzoneManagerRatisServer@33e8247d at port 15017
2025-04-23 14:37:19,625 [main] INFO  server.RaftServer (RaftServerProxy.java:lambda$close$9(417)) - omNode-3: close
2025-04-23 14:37:19,625 [main] INFO  server.GrpcService (GrpcService.java:closeImpl(343)) - omNode-3: shutdown server GrpcServerProtocolService now
2025-04-23 14:37:19,626 [omNode-3-impl-thread1] INFO  server.RaftServer$Division (RaftServerImpl.java:lambda$close$1(513)) - omNode-3@group-523986131536: shutdown
2025-04-23 14:37:19,626 [omNode-3-impl-thread1] INFO  util.JmxRegister (JmxRegister.java:unregister(74)) - Successfully un-registered JMX Bean with object name Ratis:service=RaftServer,group=group-523986131536,id=omNode-3
2025-04-23 14:37:19,626 [omNode-3-impl-thread1] INFO  impl.RoleInfo (RoleInfo.java:shutdownLeaderState(103)) - omNode-3: shutdown omNode-3@group-523986131536-LeaderStateImpl
2025-04-23 14:37:19,626 [omNode-3@group-523986131536->omNode-1-GrpcLogAppender-LogAppenderDaemon] WARN  server.GrpcLogAppender (GrpcLogAppender.java:mayWait(293)) - omNode-3@group-523986131536->omNode-1-GrpcLogAppender: Wait interrupted by java.lang.InterruptedException
2025-04-23 14:37:19,626 [omNode-3@group-523986131536->omNode-2-GrpcLogAppender-LogAppenderDaemon] WARN  server.GrpcLogAppender (GrpcLogAppender.java:mayWait(293)) - omNode-3@group-523986131536->omNode-2-GrpcLogAppender: Wait interrupted by java.lang.InterruptedException
2025-04-23 14:37:19,626 [omNode-3-impl-thread1] INFO  impl.PendingRequests (PendingRequests.java:sendNotLeaderResponses(287)) - omNode-3@group-523986131536-PendingRequests: sendNotLeaderResponses
2025-04-23 14:37:19,627 [grpc-default-executor-0] INFO  server.GrpcServerProtocolService (GrpcServerProtocolService.java:onCompleted(157)) - omNode-1: Completed APPEND_ENTRIES, lastRequest: omNode-3->omNode-1#2-t4,previous=(t:4, i:33),leaderCommit=33,initializing? false,entries: size=1, first=(t:4, i:34), METADATAENTRY(c:33)
2025-04-23 14:37:19,627 [grpc-default-executor-0] INFO  server.GrpcServerProtocolService (GrpcServerProtocolService.java:lambda$onCompleted$5(159)) - omNode-1: Completed APPEND_ENTRIES, lastReply: null
2025-04-23 14:37:19,628 [Thread-1607] INFO  server.GrpcServerProtocolClient (GrpcServerProtocolClient.java:close(105)) - omNode-1 Close channels
2025-04-23 14:37:19,628 [grpc-default-executor-7] INFO  server.GrpcLogAppender (GrpcLogAppender.java:onCompleted(550)) - omNode-3@group-523986131536->omNode-1-AppendLogResponseHandler: follower responses appendEntries COMPLETED
2025-04-23 14:37:19,628 [grpc-default-executor-7] WARN  server.GrpcLogAppender (GrpcLogAppender.java:resetClient(230)) - omNode-3@group-523986131536->omNode-1-GrpcLogAppender: Failed to getClient for omNode-1
org.apache.ratis.protocol.exceptions.AlreadyClosedException: omNode-3 is already CLOSED
	at org.apache.ratis.util.PeerProxyMap$PeerAndProxy.getProxy(PeerProxyMap.java:67)
	at org.apache.ratis.util.PeerProxyMap.getProxy(PeerProxyMap.java:124)
	at org.apache.ratis.grpc.server.GrpcLogAppender.getClient(GrpcLogAppender.java:200)
	at org.apache.ratis.grpc.server.GrpcLogAppender.resetClient(GrpcLogAppender.java:205)
	at org.apache.ratis.grpc.server.GrpcLogAppender.access$800(GrpcLogAppender.java:64)
	at org.apache.ratis.grpc.server.GrpcLogAppender$AppendLogResponseHandler.onCompleted(GrpcLogAppender.java:551)
	at org.apache.ratis.thirdparty.io.grpc.stub.ClientCalls$StreamObserverToCallListenerAdapter.onClose(ClientCalls.java:479)
	at org.apache.ratis.thirdparty.io.grpc.internal.ClientCallImpl.closeObserver(ClientCallImpl.java:567)
	at org.apache.ratis.thirdparty.io.grpc.internal.ClientCallImpl.access$300(ClientCallImpl.java:71)
	at org.apache.ratis.thirdparty.io.grpc.internal.ClientCallImpl$ClientStreamListenerImpl$1StreamClosed.runInternal(ClientCallImpl.java:735)
	at org.apache.ratis.thirdparty.io.grpc.internal.ClientCallImpl$ClientStreamListenerImpl$1StreamClosed.runInContext(ClientCallImpl.java:716)
	at org.apache.ratis.thirdparty.io.grpc.internal.ContextRunnable.run(ContextRunnable.java:37)
	at org.apache.ratis.thirdparty.io.grpc.internal.SerializingExecutor.run(SerializingExecutor.java:133)
	at java.base/java.util.concurrent.ThreadPoolExecutor.runWorker(ThreadPoolExecutor.java:1144)
	at java.base/java.util.concurrent.ThreadPoolExecutor$Worker.run(ThreadPoolExecutor.java:642)
	at java.base/java.lang.Thread.run(Thread.java:1583)
2025-04-23 14:37:19,627 [omNode-3-impl-thread1] INFO  impl.StateMachineUpdater (StateMachineUpdater.java:stopAndJoin(164)) - omNode-3@group-523986131536-StateMachineUpdater: set stopIndex = 34
2025-04-23 14:37:19,629 [Thread-1608] INFO  server.GrpcServerProtocolClient (GrpcServerProtocolClient.java:close(105)) - omNode-2 Close channels
2025-04-23 14:37:19,629 [grpc-default-executor-7] INFO  server.GrpcServerProtocolService (GrpcServerProtocolService.java:onCompleted(157)) - omNode-1: Completed APPEND_ENTRIES, lastRequest: null
2025-04-23 14:37:19,629 [grpc-default-executor-7] INFO  server.GrpcServerProtocolService (GrpcServerProtocolService.java:lambda$onCompleted$5(159)) - omNode-1: Completed APPEND_ENTRIES, lastReply: serverReply {
  requestorId: "omNode-3"
  replyId: "omNode-1"
  raftGroupId {
    id: "\311\274L\364;\303<`\246kR9\206\023\0256"
  }
  success: true
}
term: 4
nextIndex: 33
followerCommit: 32
matchIndex: 18446744073709551615
isHearbeat: true

2025-04-23 14:37:19,630 [grpc-default-executor-7] INFO  server.GrpcLogAppender (GrpcLogAppender.java:onCompleted(550)) - omNode-3@group-523986131536->omNode-1-AppendLogResponseHandler: follower responses appendEntries COMPLETED
2025-04-23 14:37:19,630 [grpc-default-executor-7] WARN  server.GrpcLogAppender (GrpcLogAppender.java:resetClient(230)) - omNode-3@group-523986131536->omNode-1-GrpcLogAppender: Failed to getClient for omNode-1
org.apache.ratis.protocol.exceptions.AlreadyClosedException: omNode-3 is already CLOSED
	at org.apache.ratis.util.PeerProxyMap$PeerAndProxy.getProxy(PeerProxyMap.java:67)
	at org.apache.ratis.util.PeerProxyMap.getProxy(PeerProxyMap.java:124)
	at org.apache.ratis.grpc.server.GrpcLogAppender.getClient(GrpcLogAppender.java:200)
	at org.apache.ratis.grpc.server.GrpcLogAppender.resetClient(GrpcLogAppender.java:205)
	at org.apache.ratis.grpc.server.GrpcLogAppender.access$800(GrpcLogAppender.java:64)
	at org.apache.ratis.grpc.server.GrpcLogAppender$AppendLogResponseHandler.onCompleted(GrpcLogAppender.java:551)
	at org.apache.ratis.thirdparty.io.grpc.stub.ClientCalls$StreamObserverToCallListenerAdapter.onClose(ClientCalls.java:479)
	at org.apache.ratis.thirdparty.io.grpc.internal.DelayedClientCall$DelayedListener$3.run(DelayedClientCall.java:489)
	at org.apache.ratis.thirdparty.io.grpc.internal.DelayedClientCall$DelayedListener.delayOrExecute(DelayedClientCall.java:453)
	at org.apache.ratis.thirdparty.io.grpc.internal.DelayedClientCall$DelayedListener.onClose(DelayedClientCall.java:486)
	at org.apache.ratis.thirdparty.io.grpc.internal.ClientCallImpl.closeObserver(ClientCallImpl.java:567)
	at org.apache.ratis.thirdparty.io.grpc.internal.ClientCallImpl.access$300(ClientCallImpl.java:71)
	at org.apache.ratis.thirdparty.io.grpc.internal.ClientCallImpl$ClientStreamListenerImpl$1StreamClosed.runInternal(ClientCallImpl.java:735)
	at org.apache.ratis.thirdparty.io.grpc.internal.ClientCallImpl$ClientStreamListenerImpl$1StreamClosed.runInContext(ClientCallImpl.java:716)
	at org.apache.ratis.thirdparty.io.grpc.internal.ContextRunnable.run(ContextRunnable.java:37)
	at org.apache.ratis.thirdparty.io.grpc.internal.SerializingExecutor.run(SerializingExecutor.java:133)
	at java.base/java.util.concurrent.ThreadPoolExecutor.runWorker(ThreadPoolExecutor.java:1144)
	at java.base/java.util.concurrent.ThreadPoolExecutor$Worker.run(ThreadPoolExecutor.java:642)
	at java.base/java.lang.Thread.run(Thread.java:1583)
2025-04-23 14:37:19,631 [main] INFO  server.GrpcService (GrpcService.java:closeImpl(352)) - omNode-3: shutdown server GrpcServerProtocolService successfully
2025-04-23 14:37:19,634 [omNode-3@group-523986131536-StateMachineUpdater] INFO  ratis.OzoneManagerStateMachine (OzoneManagerStateMachine.java:takeSnapshotImpl(510)) - omNode-3: taking snapshot. applied = (t:4, i:34), skipped = 32, notified = (t:4, i:34), current snapshot index = (t:4, i:34), took 7 ms
2025-04-23 14:37:19,634 [omNode-3@group-523986131536-StateMachineUpdater] INFO  impl.StateMachineUpdater (StateMachineUpdater.java:takeSnapshot(303)) - omNode-3@group-523986131536-StateMachineUpdater: Took a snapshot at index 34
2025-04-23 14:37:19,634 [omNode-3@group-523986131536-StateMachineUpdater] INFO  impl.StateMachineUpdater (StateMachineUpdater.java:lambda$new$0(102)) - omNode-3@group-523986131536-StateMachineUpdater: snapshotIndex: updateIncreasingly 32 -> 34
2025-04-23 14:37:19,634 [omNode-3@group-523986131536-StateMachineUpdater] INFO  impl.StateMachineUpdater (StateMachineUpdater.java:stop(141)) - omNode-3@group-523986131536-StateMachineUpdater: closing OzoneManagerStateMachine, lastApplied=(t:4, i:34)
2025-04-23 14:37:19,634 [omNode-3@group-523986131536-StateMachineUpdater] INFO  ratis.OzoneManagerStateMachine (OzoneManagerStateMachine.java:close(550)) - Stopping OzoneManagerStateMachine:omNode-3:group-523986131536.
2025-04-23 14:37:19,634 [omNode-3@group-523986131536-StateMachineUpdater] INFO  ratis.OzoneManagerDoubleBuffer (OzoneManagerDoubleBuffer.java:stopDaemon(500)) - Stopping OMDoubleBuffer flush thread
2025-04-23 14:37:19,634 [omNode-3-OMDoubleBufferFlushThread] INFO  ratis.OzoneManagerDoubleBuffer (OzoneManagerDoubleBuffer.java:canFlush(559)) - OMDoubleBuffer flush thread omNode-3-OMDoubleBufferFlushThread is interrupted and will exit.
2025-04-23 14:37:19,635 [omNode-3@group-523986131536-cacheEviction-AwaitToRun] INFO  util.AwaitToRun (AwaitToRun.java:run(49)) - omNode-3@group-523986131536-cacheEviction-AwaitToRun-AwaitForSignal is interrupted
2025-04-23 14:37:20,172 [omNode-3-impl-thread1] INFO  segmented.SegmentedRaftLogWorker (SegmentedRaftLogWorker.java:close(252)) - omNode-3@group-523986131536-SegmentedRaftLogWorker close()
2025-04-23 14:37:20,172 [JvmPauseMonitor11] INFO  util.JvmPauseMonitor (JvmPauseMonitor.java:run(152)) - JvmPauseMonitor-omNode-3: Stopped
2025-04-23 14:37:20,172 [main] INFO  utils.BackgroundService (BackgroundService.java:shutdown(161)) - Shutting down service KeyDeletingService
2025-04-23 14:37:20,173 [main] INFO  utils.BackgroundService (BackgroundService.java:shutdown(161)) - Shutting down service DirectoryDeletingService
2025-04-23 14:37:20,174 [main] INFO  utils.BackgroundService (BackgroundService.java:shutdown(161)) - Shutting down service OpenKeyCleanupService
2025-04-23 14:37:20,174 [main] INFO  utils.BackgroundService (BackgroundService.java:shutdown(161)) - Shutting down service SstFilteringService
2025-04-23 14:37:20,174 [main] INFO  utils.BackgroundService (BackgroundService.java:shutdown(161)) - Shutting down service SnapshotDeletingService
2025-04-23 14:37:20,175 [main] INFO  utils.BackgroundService (BackgroundService.java:shutdown(161)) - Shutting down service MultipartUploadCleanupService
2025-04-23 14:37:20,175 [main] INFO  handler.ContextHandler (ContextHandler.java:doStop(1159)) - Stopped o.e.j.w.WebAppContext@6c1d22de{ozoneManager,/,null,STOPPED}{file:/home/runner/work/ozone/ozone/hadoop-ozone/integration-test/target/test-classes/webapps/ozoneManager}
2025-04-23 14:37:20,176 [main] INFO  server.AbstractConnector (AbstractConnector.java:doStop(383)) - Stopped ServerConnector@7647219{HTTP/1.1, (http/1.1)}{0.0.0.0:15015}
2025-04-23 14:37:20,176 [main] INFO  server.session (HouseKeeper.java:stopScavenging(149)) - node0 Stopped scavenging
2025-04-23 14:37:20,176 [main] INFO  handler.ContextHandler (ContextHandler.java:doStop(1159)) - Stopped o.e.j.s.ServletContextHandler@43c904cc{static,/static,file:///home/runner/work/ozone/ozone/hadoop-ozone/integration-test/target/test-classes/webapps/static,STOPPED}
2025-04-23 14:37:20,177 [main] INFO  handler.ContextHandler (ContextHandler.java:doStop(1159)) - Stopped o.e.j.s.ServletContextHandler@5e3b0177{logs,/logs,file:///home/runner/work/ozone/ozone/hadoop-ozone/integration-test/target/log,STOPPED}
2025-04-23 14:37:20,177 [main] INFO  rocksdiff.RocksDBCheckpointDiffer (RocksDBCheckpointDiffer.java:close(304)) - Shutting down CompactionDagPruningService.
2025-04-23 14:37:20,179 [main] INFO  snapshot.SnapshotDiffManager (SnapshotDiffManager.java:closeExecutorService(1698)) - Shutting down executorService: 'SnapDiffExecutor'
2025-04-23 14:37:20,180 [main] INFO  utils.BackgroundService (BackgroundService.java:shutdown(161)) - Shutting down service SnapshotDiffCleanupService
2025-04-23 14:37:20,181 [main] INFO  om.OzoneManager (OzoneManager.java:stop(2347)) - omNode-1[localhost:15006]: Stopping Ozone Manager
2025-04-23 14:37:20,181 [main] INFO  ipc.Server (Server.java:stop(3697)) - Stopping server on 15006
2025-04-23 14:37:20,181 [IPC Server listener on 15006] INFO  ipc.Server (Server.java:run(1585)) - Stopping IPC Server listener on 15006
2025-04-23 14:37:20,182 [IPC Server Responder] INFO  ipc.Server (Server.java:run(1718)) - Stopping IPC Server Responder
2025-04-23 14:37:20,182 [main] INFO  ratis.OzoneManagerRatisServer (OzoneManagerRatisServer.java:stop(634)) - Stopping org.apache.hadoop.ozone.om.ratis.OzoneManagerRatisServer@27992ec3 at port 15009
2025-04-23 14:37:20,183 [main] INFO  server.RaftServer (RaftServerProxy.java:lambda$close$9(417)) - omNode-1: close
2025-04-23 14:37:20,183 [main] INFO  server.GrpcService (GrpcService.java:closeImpl(343)) - omNode-1: shutdown server GrpcServerProtocolService now
2025-04-23 14:37:20,183 [omNode-1-impl-thread1] INFO  server.RaftServer$Division (RaftServerImpl.java:lambda$close$1(513)) - omNode-1@group-523986131536: shutdown
2025-04-23 14:37:20,183 [omNode-1-impl-thread1] INFO  util.JmxRegister (JmxRegister.java:unregister(74)) - Successfully un-registered JMX Bean with object name Ratis:service=RaftServer,group=group-523986131536,id=omNode-1
2025-04-23 14:37:20,183 [omNode-1-impl-thread1] INFO  impl.RoleInfo (RoleInfo.java:shutdownFollowerState(121)) - omNode-1: shutdown omNode-1@group-523986131536-FollowerState
2025-04-23 14:37:20,183 [omNode-1-impl-thread1] INFO  impl.StateMachineUpdater (StateMachineUpdater.java:stopAndJoin(164)) - omNode-1@group-523986131536-StateMachineUpdater: set stopIndex = 33
2025-04-23 14:37:20,183 [omNode-1@group-523986131536-FollowerState] INFO  impl.FollowerState (FollowerState.java:runImpl(170)) - omNode-1@group-523986131536-FollowerState was interrupted
2025-04-23 14:37:20,186 [main] INFO  server.GrpcService (GrpcService.java:closeImpl(352)) - omNode-1: shutdown server GrpcServerProtocolService successfully
2025-04-23 14:37:20,190 [omNode-1@group-523986131536-StateMachineUpdater] INFO  ratis.OzoneManagerStateMachine (OzoneManagerStateMachine.java:takeSnapshotImpl(510)) - omNode-1: taking snapshot. applied = (t:4, i:33), skipped = 32, notified = (t:4, i:33), current snapshot index = (t:4, i:33), took 7 ms
2025-04-23 14:37:20,190 [omNode-1@group-523986131536-StateMachineUpdater] INFO  impl.StateMachineUpdater (StateMachineUpdater.java:takeSnapshot(303)) - omNode-1@group-523986131536-StateMachineUpdater: Took a snapshot at index 33
2025-04-23 14:37:20,190 [omNode-1@group-523986131536-StateMachineUpdater] INFO  impl.StateMachineUpdater (StateMachineUpdater.java:lambda$new$0(102)) - omNode-1@group-523986131536-StateMachineUpdater: snapshotIndex: updateIncreasingly 32 -> 33
2025-04-23 14:37:20,191 [omNode-1@group-523986131536-StateMachineUpdater] INFO  impl.StateMachineUpdater (StateMachineUpdater.java:stop(141)) - omNode-1@group-523986131536-StateMachineUpdater: closing OzoneManagerStateMachine, lastApplied=(t:4, i:33)
2025-04-23 14:37:20,191 [omNode-1@group-523986131536-StateMachineUpdater] INFO  ratis.OzoneManagerStateMachine (OzoneManagerStateMachine.java:close(550)) - Stopping OzoneManagerStateMachine:omNode-1:group-523986131536.
2025-04-23 14:37:20,191 [omNode-1@group-523986131536-StateMachineUpdater] INFO  ratis.OzoneManagerDoubleBuffer (OzoneManagerDoubleBuffer.java:stopDaemon(500)) - Stopping OMDoubleBuffer flush thread
2025-04-23 14:37:20,191 [omNode-1-OMDoubleBufferFlushThread] INFO  ratis.OzoneManagerDoubleBuffer (OzoneManagerDoubleBuffer.java:canFlush(559)) - OMDoubleBuffer flush thread omNode-1-OMDoubleBufferFlushThread is interrupted and will exit.
2025-04-23 14:37:20,191 [omNode-1@group-523986131536-cacheEviction-AwaitToRun] INFO  util.AwaitToRun (AwaitToRun.java:run(49)) - omNode-1@group-523986131536-cacheEviction-AwaitToRun-AwaitForSignal is interrupted
2025-04-23 14:37:20,412 [omNode-2@group-523986131536-FollowerState] INFO  impl.FollowerState (FollowerState.java:runImpl(161)) - omNode-2@group-523986131536-FollowerState: change to CANDIDATE, lastRpcElapsedTime:1178789521ns, electionTimeout:1178ms
2025-04-23 14:37:20,412 [omNode-2@group-523986131536-FollowerState] INFO  impl.RoleInfo (RoleInfo.java:shutdownFollowerState(121)) - omNode-2: shutdown omNode-2@group-523986131536-FollowerState
2025-04-23 14:37:20,412 [omNode-2@group-523986131536-FollowerState] INFO  server.RaftServer$Division (RaftServerImpl.java:setRole(378)) - omNode-2@group-523986131536: changes role from  FOLLOWER to CANDIDATE at term 3 for changeToCandidate
2025-04-23 14:37:20,412 [omNode-2@group-523986131536-FollowerState] INFO  server.RaftServerConfigKeys (ConfUtils.java:logGet(46)) - raft.server.leaderelection.pre-vote = true (default)
2025-04-23 14:37:20,412 [omNode-2@group-523986131536-FollowerState] INFO  impl.RoleInfo (RoleInfo.java:updateAndGet(148)) - omNode-2: start omNode-2@group-523986131536-LeaderElection14
2025-04-23 14:37:20,412 [omNode-2@group-523986131536-LeaderElection14] INFO  impl.LeaderElection (LeaderElection.java:askForVotes(332)) - omNode-2@group-523986131536-LeaderElection14 PRE_VOTE round 0: submit vote requests at term 3 for conf: {index: 31, cur=peers:[omNode-3|localhost:15017, omNode-1|localhost:15009, omNode-2|localhost:15013]|listeners:[], old=null}
2025-04-23 14:37:20,413 [omNode-2@group-523986131536-LeaderElection14-1] INFO  server.GrpcServerProtocolClient (GrpcServerProtocolClient.java:<init>(65)) - Build channel for omNode-3|localhost:15017
2025-04-23 14:37:20,413 [omNode-2@group-523986131536-LeaderElection14-2] INFO  server.GrpcServerProtocolClient (GrpcServerProtocolClient.java:<init>(65)) - Build channel for omNode-1|localhost:15009
2025-04-23 14:37:20,413 [omNode-2@group-523986131536-LeaderElection14] INFO  server.RaftServerConfigKeys (ConfUtils.java:logFallback(53)) - raft.server.rpc.first-election.timeout.min = 1s (fallback to raft.server.rpc.timeout.min)
2025-04-23 14:37:20,413 [omNode-2@group-523986131536-LeaderElection14] INFO  server.RaftServerConfigKeys (ConfUtils.java:logFallback(53)) - raft.server.rpc.first-election.timeout.max = 1200ms (fallback to raft.server.rpc.timeout.max)
2025-04-23 14:37:20,416 [omNode-2@group-523986131536-LeaderElection14] INFO  impl.LeaderElection (LogUtils.java:infoOrTrace(136)) - omNode-2@group-523986131536-LeaderElection14 got exception when requesting votes: java.util.concurrent.ExecutionException: org.apache.ratis.thirdparty.io.grpc.StatusRuntimeException: UNAVAILABLE: io exception
2025-04-23 14:37:20,416 [omNode-2@group-523986131536-LeaderElection14] INFO  impl.LeaderElection (LogUtils.java:infoOrTrace(136)) - omNode-2@group-523986131536-LeaderElection14 got exception when requesting votes: java.util.concurrent.ExecutionException: org.apache.ratis.thirdparty.io.grpc.StatusRuntimeException: UNAVAILABLE: io exception
2025-04-23 14:37:20,416 [omNode-2@group-523986131536-LeaderElection14] INFO  impl.LeaderElection (LeaderElection.java:logAndReturn(90)) - omNode-2@group-523986131536-LeaderElection14: PRE_VOTE REJECTED received 0 response(s) and 2 exception(s):
2025-04-23 14:37:20,416 [omNode-2@group-523986131536-LeaderElection14] INFO  impl.LeaderElection (LogUtils.java:infoOrTrace(136)) -   Exception 0: java.util.concurrent.ExecutionException: org.apache.ratis.thirdparty.io.grpc.StatusRuntimeException: UNAVAILABLE: io exception
2025-04-23 14:37:20,416 [omNode-2@group-523986131536-LeaderElection14] INFO  impl.LeaderElection (LogUtils.java:infoOrTrace(136)) -   Exception 1: java.util.concurrent.ExecutionException: org.apache.ratis.thirdparty.io.grpc.StatusRuntimeException: UNAVAILABLE: io exception
2025-04-23 14:37:20,416 [omNode-2@group-523986131536-LeaderElection14] INFO  impl.LeaderElection (LeaderElection.java:askForVotes(334)) - omNode-2@group-523986131536-LeaderElection14 PRE_VOTE round 0: result REJECTED
2025-04-23 14:37:20,416 [omNode-2@group-523986131536-LeaderElection14] INFO  server.RaftServer$Division (RaftServerImpl.java:setRole(378)) - omNode-2@group-523986131536: changes role from CANDIDATE to FOLLOWER at term 3 for REJECTED
2025-04-23 14:37:20,416 [omNode-2@group-523986131536-LeaderElection14] INFO  impl.RoleInfo (RoleInfo.java:shutdownLeaderElection(141)) - omNode-2: shutdown omNode-2@group-523986131536-LeaderElection14
2025-04-23 14:37:20,416 [omNode-2@group-523986131536-LeaderElection14] INFO  impl.RoleInfo (RoleInfo.java:updateAndGet(148)) - omNode-2: start omNode-2@group-523986131536-FollowerState
2025-04-23 14:37:20,417 [omNode-2@group-523986131536-LeaderElection14] INFO  server.RaftServer$Division (RaftServerImpl.java:setFirstElection(562)) - omNode-2@group-523986131536: set firstElectionSinceStartup to false for REJECTED
2025-04-23 14:37:21,173 [omNode-1-impl-thread1] INFO  segmented.SegmentedRaftLogWorker (SegmentedRaftLogWorker.java:close(252)) - omNode-1@group-523986131536-SegmentedRaftLogWorker close()
2025-04-23 14:37:21,174 [JvmPauseMonitor12] INFO  util.JvmPauseMonitor (JvmPauseMonitor.java:run(152)) - JvmPauseMonitor-omNode-1: Stopped
2025-04-23 14:37:21,174 [main] INFO  utils.BackgroundService (BackgroundService.java:shutdown(161)) - Shutting down service KeyDeletingService
2025-04-23 14:37:21,175 [main] INFO  utils.BackgroundService (BackgroundService.java:shutdown(161)) - Shutting down service DirectoryDeletingService
2025-04-23 14:37:21,176 [main] INFO  utils.BackgroundService (BackgroundService.java:shutdown(161)) - Shutting down service OpenKeyCleanupService
2025-04-23 14:37:21,177 [main] INFO  utils.BackgroundService (BackgroundService.java:shutdown(161)) - Shutting down service SstFilteringService
2025-04-23 14:37:21,177 [main] INFO  utils.BackgroundService (BackgroundService.java:shutdown(161)) - Shutting down service SnapshotDeletingService
2025-04-23 14:37:21,177 [main] INFO  utils.BackgroundService (BackgroundService.java:shutdown(161)) - Shutting down service MultipartUploadCleanupService
2025-04-23 14:37:21,178 [main] INFO  handler.ContextHandler (ContextHandler.java:doStop(1159)) - Stopped o.e.j.w.WebAppContext@6256303b{ozoneManager,/,null,STOPPED}{file:/home/runner/work/ozone/ozone/hadoop-ozone/integration-test/target/test-classes/webapps/ozoneManager}
2025-04-23 14:37:21,178 [main] INFO  server.AbstractConnector (AbstractConnector.java:doStop(383)) - Stopped ServerConnector@2c602a70{HTTP/1.1, (http/1.1)}{0.0.0.0:15007}
2025-04-23 14:37:21,179 [main] INFO  server.session (HouseKeeper.java:stopScavenging(149)) - node0 Stopped scavenging
2025-04-23 14:37:21,179 [main] INFO  handler.ContextHandler (ContextHandler.java:doStop(1159)) - Stopped o.e.j.s.ServletContextHandler@6aec0b01{static,/static,file:///home/runner/work/ozone/ozone/hadoop-ozone/integration-test/target/test-classes/webapps/static,STOPPED}
2025-04-23 14:37:21,179 [main] INFO  handler.ContextHandler (ContextHandler.java:doStop(1159)) - Stopped o.e.j.s.ServletContextHandler@624a369{logs,/logs,file:///home/runner/work/ozone/ozone/hadoop-ozone/integration-test/target/log,STOPPED}
2025-04-23 14:37:21,179 [main] INFO  rocksdiff.RocksDBCheckpointDiffer (RocksDBCheckpointDiffer.java:close(304)) - Shutting down CompactionDagPruningService.
2025-04-23 14:37:21,181 [main] INFO  snapshot.SnapshotDiffManager (SnapshotDiffManager.java:closeExecutorService(1698)) - Shutting down executorService: 'SnapDiffExecutor'
2025-04-23 14:37:21,181 [main] INFO  utils.BackgroundService (BackgroundService.java:shutdown(161)) - Shutting down service SnapshotDiffCleanupService
2025-04-23 14:37:21,182 [main] INFO  om.OzoneManager (OzoneManager.java:stop(2347)) - omNode-2[localhost:15010]: Stopping Ozone Manager
2025-04-23 14:37:21,182 [main] INFO  ipc.Server (Server.java:stop(3697)) - Stopping server on 15010
2025-04-23 14:37:21,184 [IPC Server Responder] INFO  ipc.Server (Server.java:run(1718)) - Stopping IPC Server Responder
2025-04-23 14:37:21,184 [IPC Server listener on 15010] INFO  ipc.Server (Server.java:run(1585)) - Stopping IPC Server listener on 15010
2025-04-23 14:37:21,184 [main] INFO  ratis.OzoneManagerRatisServer (OzoneManagerRatisServer.java:stop(634)) - Stopping org.apache.hadoop.ozone.om.ratis.OzoneManagerRatisServer@47d116ad at port 15013
2025-04-23 14:37:21,184 [main] INFO  server.RaftServer (RaftServerProxy.java:lambda$close$9(417)) - omNode-2: close
2025-04-23 14:37:21,184 [main] INFO  server.GrpcService (GrpcService.java:closeImpl(343)) - omNode-2: shutdown server GrpcServerProtocolService now
2025-04-23 14:37:21,184 [omNode-2-impl-thread1] INFO  server.RaftServer$Division (RaftServerImpl.java:lambda$close$1(513)) - omNode-2@group-523986131536: shutdown
2025-04-23 14:37:21,185 [omNode-2-impl-thread1] INFO  util.JmxRegister (JmxRegister.java:unregister(74)) - Successfully un-registered JMX Bean with object name Ratis:service=RaftServer,group=group-523986131536,id=omNode-2
2025-04-23 14:37:21,185 [omNode-2-impl-thread1] INFO  impl.RoleInfo (RoleInfo.java:shutdownFollowerState(121)) - omNode-2: shutdown omNode-2@group-523986131536-FollowerState
2025-04-23 14:37:21,185 [omNode-2-impl-thread1] INFO  impl.StateMachineUpdater (StateMachineUpdater.java:stopAndJoin(164)) - omNode-2@group-523986131536-StateMachineUpdater: set stopIndex = 32
2025-04-23 14:37:21,185 [omNode-2@group-523986131536-FollowerState] INFO  impl.FollowerState (FollowerState.java:runImpl(170)) - omNode-2@group-523986131536-FollowerState was interrupted
2025-04-23 14:37:21,185 [omNode-2@group-523986131536-StateMachineUpdater] INFO  impl.StateMachineUpdater (StateMachineUpdater.java:stop(141)) - omNode-2@group-523986131536-StateMachineUpdater: closing OzoneManagerStateMachine, lastApplied=(t:3, i:32)
2025-04-23 14:37:21,185 [omNode-2@group-523986131536-StateMachineUpdater] INFO  ratis.OzoneManagerStateMachine (OzoneManagerStateMachine.java:close(550)) - Stopping OzoneManagerStateMachine:omNode-2:group-523986131536.
2025-04-23 14:37:21,185 [omNode-2@group-523986131536-StateMachineUpdater] INFO  ratis.OzoneManagerDoubleBuffer (OzoneManagerDoubleBuffer.java:stopDaemon(500)) - Stopping OMDoubleBuffer flush thread
2025-04-23 14:37:21,185 [omNode-2-OMDoubleBufferFlushThread] INFO  ratis.OzoneManagerDoubleBuffer (OzoneManagerDoubleBuffer.java:canFlush(559)) - OMDoubleBuffer flush thread omNode-2-OMDoubleBufferFlushThread is interrupted and will exit.
2025-04-23 14:37:21,186 [Thread-1640] INFO  server.GrpcServerProtocolClient (GrpcServerProtocolClient.java:close(105)) - omNode-3 Close channels
2025-04-23 14:37:21,186 [omNode-2@group-523986131536-cacheEviction-AwaitToRun] INFO  util.AwaitToRun (AwaitToRun.java:run(49)) - omNode-2@group-523986131536-cacheEviction-AwaitToRun-AwaitForSignal is interrupted
2025-04-23 14:37:21,186 [Thread-1641] INFO  server.GrpcServerProtocolClient (GrpcServerProtocolClient.java:close(105)) - omNode-1 Close channels
2025-04-23 14:37:21,186 [main] INFO  server.GrpcService (GrpcService.java:closeImpl(352)) - omNode-2: shutdown server GrpcServerProtocolService successfully
2025-04-23 14:37:21,233 [omNode-2-impl-thread1] INFO  segmented.SegmentedRaftLogWorker (SegmentedRaftLogWorker.java:close(252)) - omNode-2@group-523986131536-SegmentedRaftLogWorker close()
2025-04-23 14:37:21,234 [JvmPauseMonitor13] INFO  util.JvmPauseMonitor (JvmPauseMonitor.java:run(152)) - JvmPauseMonitor-omNode-2: Stopped
2025-04-23 14:37:21,234 [main] INFO  utils.BackgroundService (BackgroundService.java:shutdown(161)) - Shutting down service KeyDeletingService
2025-04-23 14:37:21,235 [main] INFO  utils.BackgroundService (BackgroundService.java:shutdown(161)) - Shutting down service DirectoryDeletingService
2025-04-23 14:37:21,236 [main] INFO  utils.BackgroundService (BackgroundService.java:shutdown(161)) - Shutting down service OpenKeyCleanupService
2025-04-23 14:37:21,236 [main] INFO  utils.BackgroundService (BackgroundService.java:shutdown(161)) - Shutting down service SstFilteringService
2025-04-23 14:37:21,237 [main] INFO  utils.BackgroundService (BackgroundService.java:shutdown(161)) - Shutting down service SnapshotDeletingService
2025-04-23 14:37:21,237 [main] INFO  utils.BackgroundService (BackgroundService.java:shutdown(161)) - Shutting down service MultipartUploadCleanupService
2025-04-23 14:37:21,238 [main] INFO  handler.ContextHandler (ContextHandler.java:doStop(1159)) - Stopped o.e.j.w.WebAppContext@536669f2{ozoneManager,/,null,STOPPED}{file:/home/runner/work/ozone/ozone/hadoop-ozone/integration-test/target/test-classes/webapps/ozoneManager}
2025-04-23 14:37:21,238 [main] INFO  server.AbstractConnector (AbstractConnector.java:doStop(383)) - Stopped ServerConnector@a7f638{HTTP/1.1, (http/1.1)}{0.0.0.0:15011}
2025-04-23 14:37:21,239 [main] INFO  server.session (HouseKeeper.java:stopScavenging(149)) - node0 Stopped scavenging
2025-04-23 14:37:21,239 [main] INFO  handler.ContextHandler (ContextHandler.java:doStop(1159)) - Stopped o.e.j.s.ServletContextHandler@3b08196c{static,/static,file:///home/runner/work/ozone/ozone/hadoop-ozone/integration-test/target/test-classes/webapps/static,STOPPED}
2025-04-23 14:37:21,239 [main] INFO  handler.ContextHandler (ContextHandler.java:doStop(1159)) - Stopped o.e.j.s.ServletContextHandler@6d216335{logs,/logs,file:///home/runner/work/ozone/ozone/hadoop-ozone/integration-test/target/log,STOPPED}
2025-04-23 14:37:21,239 [main] INFO  rocksdiff.RocksDBCheckpointDiffer (RocksDBCheckpointDiffer.java:close(304)) - Shutting down CompactionDagPruningService.
2025-04-23 14:37:21,241 [main] INFO  snapshot.SnapshotDiffManager (SnapshotDiffManager.java:closeExecutorService(1698)) - Shutting down executorService: 'SnapDiffExecutor'
2025-04-23 14:37:21,241 [main] INFO  utils.BackgroundService (BackgroundService.java:shutdown(161)) - Shutting down service SnapshotDiffCleanupService
2025-04-23 14:37:21,242 [main] INFO  om.OzoneManager (OzoneManager.java:restart(1878)) - OzoneManager RPC server is listening at localhost/127.0.0.1:15014
2025-04-23 14:37:21,242 [main] INFO  impl.MetricsSystemImpl (MetricsSystemImpl.java:init(158)) - OzoneManager metrics system started (again)
2025-04-23 14:37:21,253 [main] WARN  server.ServerUtils (ServerUtils.java:getDBPath(297)) - ozone.om.db.dirs is not configured. We recommend adding this setting. Falling back to ozone.metadata.dirs instead.
2025-04-23 14:37:21,294 [main] INFO  om.OzoneManager (OzoneManager.java:instantiateServices(933)) - S3 Multi-Tenancy is disabled
2025-04-23 14:37:21,295 [main] INFO  om.OmSnapshotManager (OmSnapshotManager.java:<init>(180)) - Ozone filesystem snapshot feature is enabled.
2025-04-23 14:37:21,295 [main] WARN  server.ServerUtils (ServerUtils.java:getDBPath(297)) - ozone.om.snapshot.diff.db.dir is not configured. We recommend adding this setting. Falling back to ozone.metadata.dirs instead.
2025-04-23 14:37:21,308 [main] WARN  server.ServerUtils (ServerUtils.java:getDefaultRatisDirectory(309)) - Storage directory for Ratis is not configured. It is a good idea to map this to an SSD disk. Falling back to ozone.metadata.dirs
2025-04-23 14:37:21,309 [main] INFO  server.RaftServerConfigKeys (ConfUtils.java:logGet(46)) - raft.server.log.appender.buffer.byte-limit = 4194304 (custom)
2025-04-23 14:37:21,310 [main] INFO  ratis.OzoneManagerRatisServer (OzoneManagerRatisServer.java:<init>(167)) - Instantiating OM Ratis server with groupID: om-service-test1 and peers: localhost:15017, localhost:15009, localhost:15013
2025-04-23 14:37:21,310 [main] INFO  ratis.OzoneManagerStateMachine (OzoneManagerStateMachine.java:loadSnapshotInfoFromDB(611)) - LastAppliedIndex is set from TransactionInfo from OM DB as (t:4, i:34)
2025-04-23 14:37:21,310 [main] INFO  server.RaftServer (ConfUtils.java:logGet(46)) - raft.rpc.type = GRPC (default)
2025-04-23 14:37:21,311 [main] INFO  grpc.GrpcConfigKeys (ConfUtils.java:logFallback(53)) - raft.grpc.admin.host = null (fallback to raft.grpc.server.host)
2025-04-23 14:37:21,311 [main] INFO  grpc.GrpcConfigKeys (ConfUtils.java:logFallback(53)) - raft.grpc.admin.port = 15017 (fallback to raft.grpc.server.port)
2025-04-23 14:37:21,311 [main] INFO  grpc.GrpcConfigKeys (ConfUtils.java:logFallback(53)) - raft.grpc.client.host = null (fallback to raft.grpc.server.host)
2025-04-23 14:37:21,311 [main] INFO  grpc.GrpcConfigKeys (ConfUtils.java:logFallback(53)) - raft.grpc.client.port = 15017 (fallback to raft.grpc.server.port)
2025-04-23 14:37:21,311 [main] INFO  grpc.GrpcConfigKeys (ConfUtils.java:logGet(46)) - raft.grpc.server.host = null (default)
2025-04-23 14:37:21,311 [main] INFO  grpc.GrpcConfigKeys (ConfUtils.java:logGet(46)) - raft.grpc.server.port = 15017 (custom)
2025-04-23 14:37:21,311 [main] INFO  server.GrpcService (ConfUtils.java:logGet(46)) - raft.grpc.message.size.max = 5242880 (custom)
2025-04-23 14:37:21,311 [main] INFO  server.GrpcService (ConfUtils.java:logGet(46)) - raft.grpc.flow.control.window = 1MB (=1048576) (default)
2025-04-23 14:37:21,311 [main] INFO  server.RaftServerConfigKeys (ConfUtils.java:logGet(46)) - raft.server.rpc.request.timeout = 3000ms (default)
2025-04-23 14:37:21,312 [main] INFO  grpc.GrpcConfigKeys (ConfUtils.java:logGet(46)) - raft.grpc.server.heartbeat.channel = true (default)
2025-04-23 14:37:21,312 [main] INFO  server.RaftServerConfigKeys (ConfUtils.java:logGet(46)) - raft.server.log.appender.buffer.byte-limit = 4194304 (custom)
2025-04-23 14:37:21,312 [main] INFO  grpc.GrpcConfigKeys (ConfUtils.java:logGet(46)) - raft.grpc.server.async.request.thread.pool.cached = true (default)
2025-04-23 14:37:21,312 [main] INFO  grpc.GrpcConfigKeys (ConfUtils.java:logGet(46)) - raft.grpc.server.async.request.thread.pool.size = 32 (default)
2025-04-23 14:37:21,313 [main] INFO  impl.DataStreamServerImpl (ConfUtils.java:logGet(46)) - raft.datastream.type = DISABLED (default)
2025-04-23 14:37:21,313 [main] INFO  server.RaftServerConfigKeys (ConfUtils.java:logGet(46)) - raft.server.sleep.deviation.threshold = 300ms (default)
2025-04-23 14:37:21,313 [main] INFO  server.RaftServerConfigKeys (ConfUtils.java:logGet(46)) - raft.server.close.threshold = 60s (default)
2025-04-23 14:37:21,313 [main] INFO  server.RaftServerConfigKeys (ConfUtils.java:logGet(46)) - raft.server.leaderelection.leader.step-down.wait-time = 10s (default)
2025-04-23 14:37:21,313 [main] INFO  server.RaftServerConfigKeys (ConfUtils.java:logGet(46)) - raft.server.storage.dir = [/home/runner/work/ozone/ozone/hadoop-ozone/integration-test/target/test-dir/MiniOzoneClusterImpl-68853c07-42d2-4ef8-9e75-e3a852294e6a/omNode-3/ratis] (custom)
2025-04-23 14:37:21,313 [main] INFO  server.RaftServerConfigKeys (ConfUtils.java:logGet(46)) - raft.server.threadpool.proxy.cached = true (default)
2025-04-23 14:37:21,313 [main] INFO  server.RaftServerConfigKeys (ConfUtils.java:logGet(46)) - raft.server.threadpool.proxy.size = 0 (default)
2025-04-23 14:37:21,314 [omNode-3-impl-thread1] INFO  server.RaftServer (RaftServerProxy.java:initGroupDir(265)) - omNode-3: found a subdirectory /home/runner/work/ozone/ozone/hadoop-ozone/integration-test/target/test-dir/MiniOzoneClusterImpl-68853c07-42d2-4ef8-9e75-e3a852294e6a/omNode-3/ratis/c9bc4cf4-3bc3-3c60-a66b-523986131536
2025-04-23 14:37:21,314 [main] INFO  server.RaftServer (RaftServerProxy.java:addNew(100)) - omNode-3: addNew group-523986131536:[omNode-3|localhost:15017, omNode-1|localhost:15009, omNode-2|localhost:15013] returns group-523986131536:java.util.concurrent.CompletableFuture@baa9db9[Not completed]
2025-04-23 14:37:21,314 [omNode-3-groupManagement] INFO  server.RaftServer$Division (RaftServerImpl.java:<init>(255)) - omNode-3: new RaftServerImpl for group-523986131536:[omNode-3|localhost:15017, omNode-1|localhost:15009, omNode-2|localhost:15013] with OzoneManagerStateMachine:uninitialized
2025-04-23 14:37:21,314 [main] INFO  om.OzoneManager (OzoneManager.java:initializeRatisServer(2303)) - OzoneManager Ratis server initialized at port 15017
2025-04-23 14:37:21,314 [main] INFO  ratis.OzoneManagerRatisServer (OzoneManagerRatisServer.java:start(628)) - Starting OzoneManagerRatisServer omNode-3 at port 15017
2025-04-23 14:37:21,314 [omNode-3-groupManagement] INFO  server.RaftServerConfigKeys (ConfUtils.java:logGet(46)) - raft.server.rpc.timeout.min = 1s (custom)
2025-04-23 14:37:21,315 [omNode-3-groupManagement] INFO  server.RaftServerConfigKeys (ConfUtils.java:logGet(46)) - raft.server.rpc.timeout.max = 1200ms (custom)
2025-04-23 14:37:21,315 [omNode-3-groupManagement] INFO  server.RaftServerConfigKeys (ConfUtils.java:logGet(46)) - raft.server.rpc.sleep.time = 25ms (default)
2025-04-23 14:37:21,315 [omNode-3-groupManagement] INFO  server.RaftServerConfigKeys (ConfUtils.java:logGet(46)) - raft.server.rpc.slowness.timeout = 2s (custom)
2025-04-23 14:37:21,315 [omNode-3-groupManagement] INFO  server.RaftServerConfigKeys (ConfUtils.java:logGet(46)) - raft.server.leaderelection.leader.step-down.wait-time = 10s (default)
2025-04-23 14:37:21,315 [omNode-3-groupManagement] INFO  server.RaftServerConfigKeys (ConfUtils.java:logGet(46)) - raft.server.leaderelection.member.majority-add = false (default)
2025-04-23 14:37:21,315 [omNode-3-groupManagement] INFO  server.RaftServerConfigKeys (ConfUtils.java:logGet(46)) - raft.server.sleep.deviation.threshold = 300ms (default)
2025-04-23 14:37:21,315 [omNode-3-groupManagement] INFO  server.RaftServer$Division (ServerState.java:<init>(114)) - omNode-3@group-523986131536: ConfigurationManager, init=conf: {index: -1, cur=peers:[omNode-3|localhost:15017, omNode-1|localhost:15009, omNode-2|localhost:15013]|listeners:[], old=null}, confs=<EMPTY_MAP>
2025-04-23 14:37:21,315 [omNode-3-groupManagement] INFO  server.RaftServerConfigKeys (ConfUtils.java:logGet(46)) - raft.server.notification.no-leader.timeout = 2s (custom)
2025-04-23 14:37:21,315 [omNode-3-groupManagement] INFO  server.RaftServerConfigKeys (ConfUtils.java:logGet(46)) - raft.server.read.timeout = 10s (default)
2025-04-23 14:37:21,315 [omNode-3-groupManagement] INFO  server.RaftServerConfigKeys (ConfUtils.java:logGet(46)) - raft.server.retrycache.expirytime = 30000ms (custom)
2025-04-23 14:37:21,315 [omNode-3-groupManagement] INFO  server.RaftServerConfigKeys (ConfUtils.java:logGet(46)) - raft.server.retrycache.statistics.expirytime = 100ms (default)
2025-04-23 14:37:21,315 [omNode-3-groupManagement] INFO  server.RaftServerConfigKeys (ConfUtils.java:logGet(46)) - raft.server.read.option = DEFAULT (default)
2025-04-23 14:37:21,315 [omNode-3-groupManagement] INFO  server.RaftServerConfigKeys (ConfUtils.java:logGet(46)) - raft.server.read.read-after-write-consistent.write-index-cache.expiry-time = 60s (default)
2025-04-23 14:37:21,317 [omNode-3-groupManagement] INFO  server.RaftServerConfigKeys (ConfUtils.java:logGet(46)) - raft.server.rpc.request.timeout = 3000ms (default)
2025-04-23 14:37:21,317 [omNode-3-groupManagement] INFO  server.RaftServerConfigKeys (ConfUtils.java:logGet(46)) - raft.server.log.appender.install.snapshot.enabled = false (custom)
2025-04-23 14:37:21,317 [omNode-3-groupManagement] INFO  server.RaftServerConfigKeys (ConfUtils.java:logGet(46)) - raft.server.threadpool.server.cached = true (default)
2025-04-23 14:37:21,317 [omNode-3-groupManagement] INFO  server.RaftServerConfigKeys (ConfUtils.java:logGet(46)) - raft.server.threadpool.server.size = 0 (default)
2025-04-23 14:37:21,317 [omNode-3-groupManagement] INFO  server.RaftServerConfigKeys (ConfUtils.java:logGet(46)) - raft.server.threadpool.client.cached = true (default)
2025-04-23 14:37:21,317 [omNode-3-groupManagement] INFO  server.RaftServerConfigKeys (ConfUtils.java:logGet(46)) - raft.server.threadpool.client.size = 0 (default)
2025-04-23 14:37:21,317 [omNode-3-impl-thread1] INFO  server.RaftServerConfigKeys (ConfUtils.java:logGet(46)) - raft.server.storage.free-space.min = 0MB (=0) (default)
2025-04-23 14:37:21,317 [omNode-3-impl-thread1] INFO  server.RaftServerConfigKeys (ConfUtils.java:logGet(46)) - raft.server.log.corruption.policy = EXCEPTION (default)
2025-04-23 14:37:21,317 [omNode-3-impl-thread1] INFO  server.RaftServerConfigKeys (ConfUtils.java:logGet(46)) - raft.server.storage.dir = [/home/runner/work/ozone/ozone/hadoop-ozone/integration-test/target/test-dir/MiniOzoneClusterImpl-68853c07-42d2-4ef8-9e75-e3a852294e6a/omNode-3/ratis] (custom)
2025-04-23 14:37:21,318 [omNode-3-impl-thread1] INFO  storage.RaftStorageDirectory (RaftStorageDirectoryImpl.java:tryLock(229)) - Lock on /home/runner/work/ozone/ozone/hadoop-ozone/integration-test/target/test-dir/MiniOzoneClusterImpl-68853c07-42d2-4ef8-9e75-e3a852294e6a/omNode-3/ratis/c9bc4cf4-3bc3-3c60-a66b-523986131536/in_use.lock acquired by nodename 129558@fv-az1120-822
2025-04-23 14:37:21,318 [omNode-3-impl-thread1] INFO  storage.RaftStorage (RaftStorageImpl.java:analyzeAndRecoverStorage(118)) - Read RaftStorageMetadata{term=4, votedFor=omNode-3} from /home/runner/work/ozone/ozone/hadoop-ozone/integration-test/target/test-dir/MiniOzoneClusterImpl-68853c07-42d2-4ef8-9e75-e3a852294e6a/omNode-3/ratis/c9bc4cf4-3bc3-3c60-a66b-523986131536/current/raft-meta
2025-04-23 14:37:21,319 [omNode-3-impl-thread1] INFO  server.RaftServer$Division (ServerState.java:setRaftConf(386)) - omNode-3@group-523986131536: set configuration conf: {index: 33, cur=peers:[omNode-3|localhost:15017, omNode-1|localhost:15009, omNode-2|localhost:15013]|listeners:[], old=null}
2025-04-23 14:37:21,319 [omNode-3-impl-thread1] INFO  ratis.OzoneManagerStateMachine (OzoneManagerStateMachine.java:lambda$0(138)) - omNode-3: initialize group-523986131536 with (t:4, i:34)
2025-04-23 14:37:21,319 [omNode-3-impl-thread1] INFO  server.RaftServerConfigKeys (ConfUtils.java:logGet(46)) - raft.server.log.use.memory = false (default)
2025-04-23 14:37:21,319 [omNode-3-impl-thread1] INFO  server.RaftServerConfigKeys (ConfUtils.java:logGet(46)) - raft.server.log.purge.gap = 50 (custom)
2025-04-23 14:37:21,319 [omNode-3-impl-thread1] INFO  server.RaftServerConfigKeys (ConfUtils.java:logGet(46)) - raft.server.log.appender.buffer.byte-limit = 4194304 (custom)
2025-04-23 14:37:21,319 [omNode-3-impl-thread1] INFO  server.RaftServerConfigKeys (ConfUtils.java:logGet(46)) - raft.server.log.statemachine.data.read.timeout = 1000ms (default)
2025-04-23 14:37:21,319 [omNode-3-impl-thread1] INFO  server.RaftServerConfigKeys (ConfUtils.java:logGet(46)) - raft.server.log.purge.preservation.log.num = 0 (default)
2025-04-23 14:37:21,320 [omNode-3-impl-thread1] INFO  server.RaftServerConfigKeys (ConfUtils.java:logGet(46)) - raft.server.log.segment.size.max = 4194304 (custom)
2025-04-23 14:37:21,320 [omNode-3-impl-thread1] INFO  server.RaftServerConfigKeys (ConfUtils.java:logGet(46)) - raft.server.log.segment.cache.num.max = 2 (custom)
2025-04-23 14:37:21,320 [omNode-3-impl-thread1] INFO  server.RaftServerConfigKeys (ConfUtils.java:logGet(46)) - raft.server.log.segment.cache.size.max = 200MB (=209715200) (default)
2025-04-23 14:37:21,320 [omNode-3-impl-thread1] INFO  server.RaftServerConfigKeys (ConfUtils.java:logGet(46)) - raft.server.log.appender.buffer.byte-limit = 4194304 (custom)
2025-04-23 14:37:21,320 [omNode-3-impl-thread1] INFO  util.AwaitToRun (AwaitToRun.java:start(81)) - Thread[#2082,omNode-3@group-523986131536-cacheEviction-AwaitToRun,5,main] started
2025-04-23 14:37:21,321 [omNode-3-impl-thread1] INFO  segmented.SegmentedRaftLogWorker (SegmentedRaftLogWorker.java:<init>(188)) - new omNode-3@group-523986131536-SegmentedRaftLogWorker for RaftStorageImpl:Storage Directory /home/runner/work/ozone/ozone/hadoop-ozone/integration-test/target/test-dir/MiniOzoneClusterImpl-68853c07-42d2-4ef8-9e75-e3a852294e6a/omNode-3/ratis/c9bc4cf4-3bc3-3c60-a66b-523986131536
2025-04-23 14:37:21,321 [omNode-3-impl-thread1] INFO  server.RaftServerConfigKeys (ConfUtils.java:logGet(46)) - raft.server.log.queue.byte-limit = 64MB (=67108864) (default)
2025-04-23 14:37:21,321 [omNode-3-impl-thread1] INFO  server.RaftServerConfigKeys (ConfUtils.java:logGet(46)) - raft.server.log.queue.element-limit = 4096 (default)
2025-04-23 14:37:21,321 [omNode-3-impl-thread1] INFO  server.RaftServerConfigKeys (ConfUtils.java:logGet(46)) - raft.server.log.segment.size.max = 4194304 (custom)
2025-04-23 14:37:21,321 [omNode-3-impl-thread1] INFO  server.RaftServerConfigKeys (ConfUtils.java:logGet(46)) - raft.server.log.preallocated.size = 4194304 (custom)
2025-04-23 14:37:21,321 [omNode-3-impl-thread1] INFO  server.RaftServerConfigKeys (ConfUtils.java:logGet(46)) - raft.server.log.force.sync.num = 128 (default)
2025-04-23 14:37:21,321 [omNode-3-impl-thread1] INFO  server.RaftServerConfigKeys (ConfUtils.java:logGet(46)) - raft.server.log.statemachine.data.sync = true (default)
2025-04-23 14:37:21,321 [omNode-3-impl-thread1] INFO  server.RaftServerConfigKeys (ConfUtils.java:logGet(46)) - raft.server.log.statemachine.data.sync.timeout = 10s (default)
2025-04-23 14:37:21,321 [omNode-3-impl-thread1] INFO  server.RaftServerConfigKeys (ConfUtils.java:logGet(46)) - raft.server.log.statemachine.data.sync.timeout.retry = -1 (default)
2025-04-23 14:37:21,321 [omNode-3-impl-thread1] INFO  server.RaftServerConfigKeys (ConfUtils.java:logGet(46)) - raft.server.log.write.buffer.size = 4194312 (custom)
2025-04-23 14:37:21,323 [omNode-3-impl-thread1] INFO  server.RaftServerConfigKeys (ConfUtils.java:logGet(46)) - raft.server.log.appender.buffer.byte-limit = 4194304 (custom)
2025-04-23 14:37:21,323 [omNode-3-impl-thread1] INFO  server.RaftServerConfigKeys (ConfUtils.java:logGet(46)) - raft.server.log.unsafe-flush.enabled = false (default)
2025-04-23 14:37:21,323 [omNode-3-impl-thread1] INFO  server.RaftServerConfigKeys (ConfUtils.java:logGet(46)) - raft.server.log.async-flush.enabled = false (default)
2025-04-23 14:37:21,324 [omNode-3-impl-thread1] INFO  server.RaftServerConfigKeys (ConfUtils.java:logGet(46)) - raft.server.log.statemachine.data.caching.enabled = false (default)
2025-04-23 14:37:21,324 [omNode-3-impl-thread1] INFO  server.RaftServer$Division (ServerState.java:setRaftConf(386)) - omNode-3@group-523986131536: set configuration conf: {index: 0, cur=peers:[omNode-3|localhost:15017, omNode-1|localhost:15009, omNode-2|localhost:15013]|listeners:[], old=null}
2025-04-23 14:37:21,325 [omNode-3-impl-thread1] INFO  segmented.LogSegment (LogSegment.java:loadSegment(171)) - Successfully read 21 entries from segment file /home/runner/work/ozone/ozone/hadoop-ozone/integration-test/target/test-dir/MiniOzoneClusterImpl-68853c07-42d2-4ef8-9e75-e3a852294e6a/omNode-3/ratis/c9bc4cf4-3bc3-3c60-a66b-523986131536/current/log_0-20
2025-04-23 14:37:21,325 [omNode-3-impl-thread1] INFO  server.RaftServer$Division (ServerState.java:setRaftConf(386)) - omNode-3@group-523986131536: set configuration conf: {index: 21, cur=peers:[omNode-3|localhost:15017, omNode-1|localhost:15009, omNode-2|localhost:15013]|listeners:[], old=null}
2025-04-23 14:37:21,325 [omNode-3-impl-thread1] INFO  segmented.LogSegment (LogSegment.java:loadSegment(171)) - Successfully read 10 entries from segment file /home/runner/work/ozone/ozone/hadoop-ozone/integration-test/target/test-dir/MiniOzoneClusterImpl-68853c07-42d2-4ef8-9e75-e3a852294e6a/omNode-3/ratis/c9bc4cf4-3bc3-3c60-a66b-523986131536/current/log_21-30
2025-04-23 14:37:21,326 [omNode-3-impl-thread1] INFO  server.RaftServer$Division (ServerState.java:setRaftConf(386)) - omNode-3@group-523986131536: set configuration conf: {index: 31, cur=peers:[omNode-3|localhost:15017, omNode-1|localhost:15009, omNode-2|localhost:15013]|listeners:[], old=null}
2025-04-23 14:37:21,326 [omNode-3-impl-thread1] INFO  segmented.LogSegment (LogSegment.java:loadSegment(171)) - Successfully read 2 entries from segment file /home/runner/work/ozone/ozone/hadoop-ozone/integration-test/target/test-dir/MiniOzoneClusterImpl-68853c07-42d2-4ef8-9e75-e3a852294e6a/omNode-3/ratis/c9bc4cf4-3bc3-3c60-a66b-523986131536/current/log_31-32
2025-04-23 14:37:21,326 [omNode-3-impl-thread1] INFO  server.RaftServer$Division (ServerState.java:setRaftConf(386)) - omNode-3@group-523986131536: set configuration conf: {index: 33, cur=peers:[omNode-3|localhost:15017, omNode-1|localhost:15009, omNode-2|localhost:15013]|listeners:[], old=null}
2025-04-23 14:37:21,326 [omNode-3-impl-thread1] INFO  segmented.LogSegment (LogSegment.java:loadSegment(171)) - Successfully read 2 entries from segment file /home/runner/work/ozone/ozone/hadoop-ozone/integration-test/target/test-dir/MiniOzoneClusterImpl-68853c07-42d2-4ef8-9e75-e3a852294e6a/omNode-3/ratis/c9bc4cf4-3bc3-3c60-a66b-523986131536/current/log_inprogress_33
2025-04-23 14:37:21,326 [omNode-3-impl-thread1] INFO  segmented.SegmentedRaftLogWorker (SegmentedRaftLogWorker.java:lambda$new$0(139)) - omNode-3@group-523986131536-SegmentedRaftLogWorker: flushIndex: setUnconditionally 0 -> 34
2025-04-23 14:37:21,326 [omNode-3-impl-thread1] INFO  segmented.SegmentedRaftLogWorker (SegmentedRaftLogWorker.java:lambda$new$0(139)) - omNode-3@group-523986131536-SegmentedRaftLogWorker: safeCacheEvictIndex: setUnconditionally 0 -> 32
2025-04-23 14:37:21,326 [omNode-3-impl-thread1] INFO  segmented.BufferedWriteChannel (BufferedWriteChannel.java:open(61)) - open log_inprogress_33 (append) at position 125
2025-04-23 14:37:21,327 [omNode-3-impl-thread1] INFO  server.RaftServer$Division (RaftServerImpl.java:start(391)) - omNode-3@group-523986131536: start as a follower, conf=conf: {index: 33, cur=peers:[omNode-3|localhost:15017, omNode-1|localhost:15009, omNode-2|localhost:15013]|listeners:[], old=null}
2025-04-23 14:37:21,327 [omNode-3-impl-thread1] INFO  server.RaftServer$Division (RaftServerImpl.java:setRole(378)) - omNode-3@group-523986131536: changes role from      null to FOLLOWER at term 4 for startAsFollower
2025-04-23 14:37:21,327 [omNode-3-impl-thread1] INFO  impl.RoleInfo (RoleInfo.java:updateAndGet(148)) - omNode-3: start omNode-3@group-523986131536-FollowerState
2025-04-23 14:37:21,327 [omNode-3@group-523986131536-FollowerState] INFO  server.RaftServerConfigKeys (ConfUtils.java:logFallback(53)) - raft.server.rpc.first-election.timeout.min = 1s (fallback to raft.server.rpc.timeout.min)
2025-04-23 14:37:21,327 [omNode-3@group-523986131536-FollowerState] INFO  server.RaftServerConfigKeys (ConfUtils.java:logFallback(53)) - raft.server.rpc.first-election.timeout.max = 1200ms (fallback to raft.server.rpc.timeout.max)
2025-04-23 14:37:21,327 [omNode-3-impl-thread1] INFO  util.JmxRegister (JmxRegister.java:tryRegister(44)) - Successfully registered JMX Bean with object name Ratis:service=RaftServer,group=group-523986131536,id=omNode-3
2025-04-23 14:37:21,327 [omNode-3-impl-thread1] INFO  util.JmxRegister (JmxRegister.java:register(58)) - register mxBean class org.apache.ratis.server.impl.RaftServerJmxAdapter as Ratis:service=RaftServer,group=group-523986131536,id=omNode-3
2025-04-23 14:37:21,327 [omNode-3-impl-thread1] INFO  server.RaftServerConfigKeys (ConfUtils.java:logGet(46)) - raft.server.snapshot.trigger-when-stop.enabled = true (default)
2025-04-23 14:37:21,327 [omNode-3-impl-thread1] INFO  server.RaftServerConfigKeys (ConfUtils.java:logGet(46)) - raft.server.snapshot.trigger-when-remove.enabled = true (default)
2025-04-23 14:37:21,327 [omNode-3-impl-thread1] INFO  server.RaftServerConfigKeys (ConfUtils.java:logGet(46)) - raft.server.snapshot.auto.trigger.enabled = true (custom)
2025-04-23 14:37:21,327 [omNode-3-impl-thread1] INFO  server.RaftServerConfigKeys (ConfUtils.java:logGet(46)) - raft.server.snapshot.auto.trigger.threshold = 50 (custom)
2025-04-23 14:37:21,327 [omNode-3-impl-thread1] INFO  server.RaftServerConfigKeys (ConfUtils.java:logGet(46)) - raft.server.snapshot.retention.file.num = -1 (default)
2025-04-23 14:37:21,328 [omNode-3-impl-thread1] INFO  server.RaftServerConfigKeys (ConfUtils.java:logGet(46)) - raft.server.log.purge.upto.snapshot.index = true (custom)
2025-04-23 14:37:21,328 [omNode-3-impl-thread1] INFO  server.RaftServer$Division (RaftServerImpl.java:start(405)) - omNode-3@group-523986131536: Successfully started.
2025-04-23 14:37:21,328 [main] INFO  server.RaftServer (RaftServerProxy.java:startImpl(407)) - omNode-3: start RPC server
2025-04-23 14:37:21,329 [main] INFO  server.GrpcService (GrpcService.java:startImpl(334)) - omNode-3: GrpcService started, listening on 15017
2025-04-23 14:37:21,329 [main] INFO  om.OzoneManager (OzoneManager.java:getRpcServer(1360)) - Creating RPC Server
2025-04-23 14:37:21,329 [JvmPauseMonitor14] INFO  util.JvmPauseMonitor (JvmPauseMonitor.java:run(146)) - JvmPauseMonitor-omNode-3: Started
2025-04-23 14:37:21,686 [main] INFO  reflections.Reflections (Reflections.java:scan(219)) - Reflections took 356 ms to scan 22 urls, producing 61 keys and 7422 values
2025-04-23 14:37:21,688 [main] INFO  ipc.CallQueueManager (CallQueueManager.java:<init>(93)) - Using callQueue: class java.util.concurrent.LinkedBlockingQueue, queueCapacity: 2000, scheduler: class org.apache.hadoop.ipc.DefaultRpcScheduler, ipcBackoff: false, ipcFailOver: false.
2025-04-23 14:37:21,688 [main] INFO  ipc.Server (Server.java:<init>(1438)) - Listener at localhost:15014
2025-04-23 14:37:21,689 [Socket Reader #1 for port 15014] INFO  ipc.Server (Server.java:run(1474)) - Starting Socket Reader #1 for port 15014
2025-04-23 14:37:21,689 [Socket Reader #2 for port 15014] INFO  ipc.Server (Server.java:run(1474)) - Starting Socket Reader #2 for port 15014
2025-04-23 14:37:21,689 [Socket Reader #3 for port 15014] INFO  ipc.Server (Server.java:run(1474)) - Starting Socket Reader #3 for port 15014
2025-04-23 14:37:21,689 [Socket Reader #4 for port 15014] INFO  ipc.Server (Server.java:run(1474)) - Starting Socket Reader #4 for port 15014
2025-04-23 14:37:21,689 [Socket Reader #5 for port 15014] INFO  ipc.Server (Server.java:run(1474)) - Starting Socket Reader #5 for port 15014
2025-04-23 14:37:21,690 [Socket Reader #6 for port 15014] INFO  ipc.Server (Server.java:run(1474)) - Starting Socket Reader #6 for port 15014
2025-04-23 14:37:21,690 [Socket Reader #7 for port 15014] INFO  ipc.Server (Server.java:run(1474)) - Starting Socket Reader #7 for port 15014
2025-04-23 14:37:21,690 [Socket Reader #8 for port 15014] INFO  ipc.Server (Server.java:run(1474)) - Starting Socket Reader #8 for port 15014
2025-04-23 14:37:21,690 [Socket Reader #9 for port 15014] INFO  ipc.Server (Server.java:run(1474)) - Starting Socket Reader #9 for port 15014
2025-04-23 14:37:21,690 [Socket Reader #10 for port 15014] INFO  ipc.Server (Server.java:run(1474)) - Starting Socket Reader #10 for port 15014
2025-04-23 14:37:21,693 [main] INFO  http.BaseHttpServer (BaseHttpServer.java:newHttpServer2BuilderForOzone(229)) - Starting Web-server for ozoneManager at: http://0.0.0.0:15015
2025-04-23 14:37:21,693 [main] INFO  http.BaseHttpServer (BaseHttpServer.java:<init>(107)) - Hadoop Security Enabled: false Ozone Security Enabled: false Ozone HTTP Security Enabled: false 
2025-04-23 14:37:21,694 [main] WARN  server.AuthenticationFilter (AuthenticationFilter.java:constructSecretProvider(240)) - Unable to initialize FileSignerSecretProvider, falling back to use random secrets. Reason: Could not read signature secret file: /home/runner/hadoop-http-auth-signature-secret
2025-04-23 14:37:21,696 [main] INFO  http.HttpServer2 (HttpServer2.java:addGlobalFilter(1041)) - Added global filter 'safety' (class=org.apache.hadoop.hdds.server.http.HttpServer2$QuotingInputFilter)
2025-04-23 14:37:21,697 [main] INFO  http.HttpServer2 (HttpServer2.java:addFilter(1017)) - Added filter static_user_filter (class=org.apache.hadoop.http.lib.StaticUserWebFilter$StaticUserFilter) to context ozoneManager
2025-04-23 14:37:21,697 [main] INFO  http.HttpServer2 (HttpServer2.java:addFilter(1025)) - Added filter static_user_filter (class=org.apache.hadoop.http.lib.StaticUserWebFilter$StaticUserFilter) to context static
2025-04-23 14:37:21,697 [main] INFO  http.HttpServer2 (HttpServer2.java:addFilter(1025)) - Added filter static_user_filter (class=org.apache.hadoop.http.lib.StaticUserWebFilter$StaticUserFilter) to context logs
2025-04-23 14:37:21,697 [main] INFO  http.BaseHttpServer (BaseHttpServer.java:<init>(195)) - HTTP server of ozoneManager uses base directory /home/runner/work/ozone/ozone/hadoop-ozone/integration-test/target/test-dir/MiniOzoneClusterImpl-68853c07-42d2-4ef8-9e75-e3a852294e6a/omNode-3/webserver
2025-04-23 14:37:21,698 [main] INFO  http.HttpServer2 (HttpServer2.java:bindListener(1241)) - Jetty bound to port 15015
2025-04-23 14:37:21,698 [main] INFO  server.Server (Server.java:doStart(375)) - jetty-9.4.57.v20241219; built: 2025-01-08T21:24:30.412Z; git: df524e6b29271c2e09ba9aea83c18dc9db464a31; jvm 21.0.7+6-LTS
2025-04-23 14:37:21,699 [main] INFO  server.session (DefaultSessionIdManager.java:doStart(334)) - DefaultSessionIdManager workerName=node0
2025-04-23 14:37:21,700 [main] INFO  server.session (DefaultSessionIdManager.java:doStart(339)) - No SessionScavenger set, using defaults
2025-04-23 14:37:21,700 [main] INFO  server.session (HouseKeeper.java:startScavenging(132)) - node0 Scavenging every 660000ms
2025-04-23 14:37:21,700 [main] INFO  handler.ContextHandler (ContextHandler.java:doStart(921)) - Started o.e.j.s.ServletContextHandler@6973cb98{logs,/logs,file:///home/runner/work/ozone/ozone/hadoop-ozone/integration-test/target/log,AVAILABLE}
2025-04-23 14:37:21,700 [main] INFO  handler.ContextHandler (ContextHandler.java:doStart(921)) - Started o.e.j.s.ServletContextHandler@5f013be0{static,/static,file:///home/runner/work/ozone/ozone/hadoop-ozone/integration-test/target/test-classes/webapps/static,AVAILABLE}
2025-04-23 14:37:21,705 [main] INFO  handler.ContextHandler (ContextHandler.java:doStart(921)) - Started o.e.j.w.WebAppContext@45791d5d{ozoneManager,/,file:///home/runner/work/ozone/ozone/hadoop-ozone/integration-test/target/test-classes/webapps/ozoneManager/,AVAILABLE}{file:/home/runner/work/ozone/ozone/hadoop-ozone/integration-test/target/test-classes/webapps/ozoneManager}
2025-04-23 14:37:21,706 [main] INFO  server.AbstractConnector (AbstractConnector.java:doStart(333)) - Started ServerConnector@6cb18bfb{HTTP/1.1, (http/1.1)}{0.0.0.0:15015}
2025-04-23 14:37:21,706 [main] INFO  server.Server (Server.java:doStart(415)) - Started @41985ms
2025-04-23 14:37:21,706 [main] WARN  impl.MetricsSystemImpl (MetricsSystemImpl.java:register(279)) - Sink prometheus already exists!
2025-04-23 14:37:21,706 [main] INFO  http.BaseHttpServer (BaseHttpServer.java:updateConnectorAddress(360)) - HTTP server of ozoneManager listening at http://0.0.0.0:15015
2025-04-23 14:37:21,707 [IPC Server Responder] INFO  ipc.Server (Server.java:run(1713)) - IPC Server Responder: starting
2025-04-23 14:37:21,707 [IPC Server listener on 15014] INFO  ipc.Server (Server.java:run(1553)) - IPC Server listener on 15014: starting
2025-04-23 14:37:21,709 [main] INFO  om.OzoneManager (OzoneManager.java:startTrashEmptier(2257)) - Trash Interval set to 0. Files deleted won't move to trash
2025-04-23 14:37:21,710 [main] INFO  om.OzoneManager (OzoneManager.java:restart(1878)) - OzoneManager RPC server is listening at localhost/127.0.0.1:15006
2025-04-23 14:37:21,710 [main] INFO  impl.MetricsSystemImpl (MetricsSystemImpl.java:init(158)) - OzoneManager metrics system started (again)
2025-04-23 14:37:21,721 [main] WARN  server.ServerUtils (ServerUtils.java:getDBPath(297)) - ozone.om.db.dirs is not configured. We recommend adding this setting. Falling back to ozone.metadata.dirs instead.
2025-04-23 14:37:21,767 [main] INFO  om.OzoneManager (OzoneManager.java:instantiateServices(933)) - S3 Multi-Tenancy is disabled
2025-04-23 14:37:21,767 [main] INFO  om.OmSnapshotManager (OmSnapshotManager.java:<init>(180)) - Ozone filesystem snapshot feature is enabled.
2025-04-23 14:37:21,767 [main] WARN  server.ServerUtils (ServerUtils.java:getDBPath(297)) - ozone.om.snapshot.diff.db.dir is not configured. We recommend adding this setting. Falling back to ozone.metadata.dirs instead.
2025-04-23 14:37:21,781 [main] WARN  dropwizard3.Dm3MetricRegistriesImpl (Dm3MetricRegistriesImpl.java:addReporterRegistration(114)) - New reporters are added after registries were created. Some metrics will be missing from the reporter. Please add reporter before adding any new registry.
2025-04-23 14:37:21,781 [main] WARN  dropwizard3.Dm3MetricRegistriesImpl (Dm3MetricRegistriesImpl.java:addReporterRegistration(114)) - New reporters are added after registries were created. Some metrics will be missing from the reporter. Please add reporter before adding any new registry.
2025-04-23 14:37:21,782 [main] WARN  server.ServerUtils (ServerUtils.java:getDefaultRatisDirectory(309)) - Storage directory for Ratis is not configured. It is a good idea to map this to an SSD disk. Falling back to ozone.metadata.dirs
2025-04-23 14:37:21,782 [main] INFO  server.RaftServerConfigKeys (ConfUtils.java:logGet(46)) - raft.server.log.appender.buffer.byte-limit = 4194304 (custom)
2025-04-23 14:37:21,783 [main] INFO  ratis.OzoneManagerRatisServer (OzoneManagerRatisServer.java:<init>(167)) - Instantiating OM Ratis server with groupID: om-service-test1 and peers: localhost:15009, localhost:15017, localhost:15013
2025-04-23 14:37:21,783 [main] INFO  ratis.OzoneManagerStateMachine (OzoneManagerStateMachine.java:loadSnapshotInfoFromDB(611)) - LastAppliedIndex is set from TransactionInfo from OM DB as (t:4, i:33)
2025-04-23 14:37:21,784 [main] INFO  server.RaftServer (ConfUtils.java:logGet(46)) - raft.rpc.type = GRPC (default)
2025-04-23 14:37:21,784 [main] INFO  grpc.GrpcConfigKeys (ConfUtils.java:logFallback(53)) - raft.grpc.admin.host = null (fallback to raft.grpc.server.host)
2025-04-23 14:37:21,784 [main] INFO  grpc.GrpcConfigKeys (ConfUtils.java:logFallback(53)) - raft.grpc.admin.port = 15009 (fallback to raft.grpc.server.port)
2025-04-23 14:37:21,784 [main] INFO  grpc.GrpcConfigKeys (ConfUtils.java:logFallback(53)) - raft.grpc.client.host = null (fallback to raft.grpc.server.host)
2025-04-23 14:37:21,784 [main] INFO  grpc.GrpcConfigKeys (ConfUtils.java:logFallback(53)) - raft.grpc.client.port = 15009 (fallback to raft.grpc.server.port)
2025-04-23 14:37:21,785 [main] INFO  grpc.GrpcConfigKeys (ConfUtils.java:logGet(46)) - raft.grpc.server.host = null (default)
2025-04-23 14:37:21,785 [main] INFO  grpc.GrpcConfigKeys (ConfUtils.java:logGet(46)) - raft.grpc.server.port = 15009 (custom)
2025-04-23 14:37:21,785 [main] INFO  server.GrpcService (ConfUtils.java:logGet(46)) - raft.grpc.message.size.max = 5242880 (custom)
2025-04-23 14:37:21,785 [main] INFO  server.GrpcService (ConfUtils.java:logGet(46)) - raft.grpc.flow.control.window = 1MB (=1048576) (default)
2025-04-23 14:37:21,785 [main] INFO  server.RaftServerConfigKeys (ConfUtils.java:logGet(46)) - raft.server.rpc.request.timeout = 3000ms (default)
2025-04-23 14:37:21,785 [main] INFO  grpc.GrpcConfigKeys (ConfUtils.java:logGet(46)) - raft.grpc.server.heartbeat.channel = true (default)
2025-04-23 14:37:21,785 [main] INFO  server.RaftServerConfigKeys (ConfUtils.java:logGet(46)) - raft.server.log.appender.buffer.byte-limit = 4194304 (custom)
2025-04-23 14:37:21,785 [main] INFO  grpc.GrpcConfigKeys (ConfUtils.java:logGet(46)) - raft.grpc.server.async.request.thread.pool.cached = true (default)
2025-04-23 14:37:21,785 [main] INFO  grpc.GrpcConfigKeys (ConfUtils.java:logGet(46)) - raft.grpc.server.async.request.thread.pool.size = 32 (default)
2025-04-23 14:37:21,786 [main] INFO  impl.DataStreamServerImpl (ConfUtils.java:logGet(46)) - raft.datastream.type = DISABLED (default)
2025-04-23 14:37:21,786 [main] INFO  server.RaftServerConfigKeys (ConfUtils.java:logGet(46)) - raft.server.sleep.deviation.threshold = 300ms (default)
2025-04-23 14:37:21,786 [main] INFO  server.RaftServerConfigKeys (ConfUtils.java:logGet(46)) - raft.server.close.threshold = 60s (default)
2025-04-23 14:37:21,787 [main] INFO  server.RaftServerConfigKeys (ConfUtils.java:logGet(46)) - raft.server.leaderelection.leader.step-down.wait-time = 10s (default)
2025-04-23 14:37:21,787 [main] INFO  server.RaftServerConfigKeys (ConfUtils.java:logGet(46)) - raft.server.storage.dir = [/home/runner/work/ozone/ozone/hadoop-ozone/integration-test/target/test-dir/MiniOzoneClusterImpl-68853c07-42d2-4ef8-9e75-e3a852294e6a/omNode-1/ratis] (custom)
2025-04-23 14:37:21,787 [main] INFO  server.RaftServerConfigKeys (ConfUtils.java:logGet(46)) - raft.server.threadpool.proxy.cached = true (default)
2025-04-23 14:37:21,787 [main] INFO  server.RaftServerConfigKeys (ConfUtils.java:logGet(46)) - raft.server.threadpool.proxy.size = 0 (default)
2025-04-23 14:37:21,787 [omNode-1-impl-thread1] INFO  server.RaftServer (RaftServerProxy.java:initGroupDir(265)) - omNode-1: found a subdirectory /home/runner/work/ozone/ozone/hadoop-ozone/integration-test/target/test-dir/MiniOzoneClusterImpl-68853c07-42d2-4ef8-9e75-e3a852294e6a/omNode-1/ratis/c9bc4cf4-3bc3-3c60-a66b-523986131536
2025-04-23 14:37:21,788 [main] INFO  server.RaftServer (RaftServerProxy.java:addNew(100)) - omNode-1: addNew group-523986131536:[omNode-3|localhost:15017, omNode-1|localhost:15009, omNode-2|localhost:15013] returns group-523986131536:java.util.concurrent.CompletableFuture@6db3676[Not completed]
2025-04-23 14:37:21,788 [omNode-1-groupManagement] INFO  server.RaftServer$Division (RaftServerImpl.java:<init>(255)) - omNode-1: new RaftServerImpl for group-523986131536:[omNode-3|localhost:15017, omNode-1|localhost:15009, omNode-2|localhost:15013] with OzoneManagerStateMachine:uninitialized
2025-04-23 14:37:21,788 [main] INFO  om.OzoneManager (OzoneManager.java:initializeRatisServer(2303)) - OzoneManager Ratis server initialized at port 15009
2025-04-23 14:37:21,788 [main] INFO  ratis.OzoneManagerRatisServer (OzoneManagerRatisServer.java:start(628)) - Starting OzoneManagerRatisServer omNode-1 at port 15009
2025-04-23 14:37:21,788 [omNode-1-groupManagement] INFO  server.RaftServerConfigKeys (ConfUtils.java:logGet(46)) - raft.server.rpc.timeout.min = 1s (custom)
2025-04-23 14:37:21,788 [omNode-1-groupManagement] INFO  server.RaftServerConfigKeys (ConfUtils.java:logGet(46)) - raft.server.rpc.timeout.max = 1200ms (custom)
2025-04-23 14:37:21,788 [omNode-1-groupManagement] INFO  server.RaftServerConfigKeys (ConfUtils.java:logGet(46)) - raft.server.rpc.sleep.time = 25ms (default)
2025-04-23 14:37:21,788 [omNode-1-groupManagement] INFO  server.RaftServerConfigKeys (ConfUtils.java:logGet(46)) - raft.server.rpc.slowness.timeout = 2s (custom)
2025-04-23 14:37:21,788 [omNode-1-groupManagement] INFO  server.RaftServerConfigKeys (ConfUtils.java:logGet(46)) - raft.server.leaderelection.leader.step-down.wait-time = 10s (default)
2025-04-23 14:37:21,788 [omNode-1-groupManagement] INFO  server.RaftServerConfigKeys (ConfUtils.java:logGet(46)) - raft.server.leaderelection.member.majority-add = false (default)
2025-04-23 14:37:21,788 [omNode-1-groupManagement] INFO  server.RaftServerConfigKeys (ConfUtils.java:logGet(46)) - raft.server.sleep.deviation.threshold = 300ms (default)
2025-04-23 14:37:21,789 [omNode-1-groupManagement] INFO  server.RaftServer$Division (ServerState.java:<init>(114)) - omNode-1@group-523986131536: ConfigurationManager, init=conf: {index: -1, cur=peers:[omNode-3|localhost:15017, omNode-1|localhost:15009, omNode-2|localhost:15013]|listeners:[], old=null}, confs=<EMPTY_MAP>
2025-04-23 14:37:21,789 [omNode-1-groupManagement] INFO  server.RaftServerConfigKeys (ConfUtils.java:logGet(46)) - raft.server.notification.no-leader.timeout = 2s (custom)
2025-04-23 14:37:21,789 [omNode-1-groupManagement] INFO  server.RaftServerConfigKeys (ConfUtils.java:logGet(46)) - raft.server.read.timeout = 10s (default)
2025-04-23 14:37:21,789 [omNode-1-groupManagement] INFO  server.RaftServerConfigKeys (ConfUtils.java:logGet(46)) - raft.server.retrycache.expirytime = 30000ms (custom)
2025-04-23 14:37:21,789 [omNode-1-groupManagement] INFO  server.RaftServerConfigKeys (ConfUtils.java:logGet(46)) - raft.server.retrycache.statistics.expirytime = 100ms (default)
2025-04-23 14:37:21,789 [omNode-1-groupManagement] INFO  server.RaftServerConfigKeys (ConfUtils.java:logGet(46)) - raft.server.read.option = DEFAULT (default)
2025-04-23 14:37:21,789 [omNode-1-groupManagement] INFO  server.RaftServerConfigKeys (ConfUtils.java:logGet(46)) - raft.server.read.read-after-write-consistent.write-index-cache.expiry-time = 60s (default)
2025-04-23 14:37:21,790 [omNode-1-groupManagement] INFO  server.RaftServerConfigKeys (ConfUtils.java:logGet(46)) - raft.server.rpc.request.timeout = 3000ms (default)
2025-04-23 14:37:21,790 [omNode-1-groupManagement] INFO  server.RaftServerConfigKeys (ConfUtils.java:logGet(46)) - raft.server.log.appender.install.snapshot.enabled = false (custom)
2025-04-23 14:37:21,791 [omNode-1-groupManagement] INFO  server.RaftServerConfigKeys (ConfUtils.java:logGet(46)) - raft.server.threadpool.server.cached = true (default)
2025-04-23 14:37:21,791 [omNode-1-groupManagement] INFO  server.RaftServerConfigKeys (ConfUtils.java:logGet(46)) - raft.server.threadpool.server.size = 0 (default)
2025-04-23 14:37:21,791 [omNode-1-groupManagement] INFO  server.RaftServerConfigKeys (ConfUtils.java:logGet(46)) - raft.server.threadpool.client.cached = true (default)
2025-04-23 14:37:21,791 [omNode-1-groupManagement] INFO  server.RaftServerConfigKeys (ConfUtils.java:logGet(46)) - raft.server.threadpool.client.size = 0 (default)
2025-04-23 14:37:21,792 [omNode-1-impl-thread1] INFO  server.RaftServerConfigKeys (ConfUtils.java:logGet(46)) - raft.server.storage.free-space.min = 0MB (=0) (default)
2025-04-23 14:37:21,792 [omNode-1-impl-thread1] INFO  server.RaftServerConfigKeys (ConfUtils.java:logGet(46)) - raft.server.log.corruption.policy = EXCEPTION (default)
2025-04-23 14:37:21,792 [omNode-1-impl-thread1] INFO  server.RaftServerConfigKeys (ConfUtils.java:logGet(46)) - raft.server.storage.dir = [/home/runner/work/ozone/ozone/hadoop-ozone/integration-test/target/test-dir/MiniOzoneClusterImpl-68853c07-42d2-4ef8-9e75-e3a852294e6a/omNode-1/ratis] (custom)
2025-04-23 14:37:21,793 [omNode-1-impl-thread1] INFO  storage.RaftStorageDirectory (RaftStorageDirectoryImpl.java:tryLock(229)) - Lock on /home/runner/work/ozone/ozone/hadoop-ozone/integration-test/target/test-dir/MiniOzoneClusterImpl-68853c07-42d2-4ef8-9e75-e3a852294e6a/omNode-1/ratis/c9bc4cf4-3bc3-3c60-a66b-523986131536/in_use.lock acquired by nodename 129558@fv-az1120-822
2025-04-23 14:37:21,793 [omNode-1-impl-thread1] INFO  storage.RaftStorage (RaftStorageImpl.java:analyzeAndRecoverStorage(118)) - Read RaftStorageMetadata{term=4, votedFor=omNode-3} from /home/runner/work/ozone/ozone/hadoop-ozone/integration-test/target/test-dir/MiniOzoneClusterImpl-68853c07-42d2-4ef8-9e75-e3a852294e6a/omNode-1/ratis/c9bc4cf4-3bc3-3c60-a66b-523986131536/current/raft-meta
2025-04-23 14:37:21,794 [omNode-1-impl-thread1] INFO  server.RaftServer$Division (ServerState.java:setRaftConf(386)) - omNode-1@group-523986131536: set configuration conf: {index: 33, cur=peers:[omNode-3|localhost:15017, omNode-1|localhost:15009, omNode-2|localhost:15013]|listeners:[], old=null}
2025-04-23 14:37:21,794 [omNode-1-impl-thread1] INFO  ratis.OzoneManagerStateMachine (OzoneManagerStateMachine.java:lambda$0(138)) - omNode-1: initialize group-523986131536 with (t:4, i:33)
2025-04-23 14:37:21,794 [omNode-1-impl-thread1] INFO  server.RaftServerConfigKeys (ConfUtils.java:logGet(46)) - raft.server.log.use.memory = false (default)
2025-04-23 14:37:21,794 [omNode-1-impl-thread1] INFO  server.RaftServerConfigKeys (ConfUtils.java:logGet(46)) - raft.server.log.purge.gap = 50 (custom)
2025-04-23 14:37:21,794 [omNode-1-impl-thread1] INFO  server.RaftServerConfigKeys (ConfUtils.java:logGet(46)) - raft.server.log.appender.buffer.byte-limit = 4194304 (custom)
2025-04-23 14:37:21,794 [omNode-1-impl-thread1] INFO  server.RaftServerConfigKeys (ConfUtils.java:logGet(46)) - raft.server.log.statemachine.data.read.timeout = 1000ms (default)
2025-04-23 14:37:21,794 [omNode-1-impl-thread1] INFO  server.RaftServerConfigKeys (ConfUtils.java:logGet(46)) - raft.server.log.purge.preservation.log.num = 0 (default)
2025-04-23 14:37:21,795 [omNode-1-impl-thread1] INFO  server.RaftServerConfigKeys (ConfUtils.java:logGet(46)) - raft.server.log.segment.size.max = 4194304 (custom)
2025-04-23 14:37:21,796 [omNode-1-impl-thread1] INFO  server.RaftServerConfigKeys (ConfUtils.java:logGet(46)) - raft.server.log.segment.cache.num.max = 2 (custom)
2025-04-23 14:37:21,796 [omNode-1-impl-thread1] INFO  server.RaftServerConfigKeys (ConfUtils.java:logGet(46)) - raft.server.log.segment.cache.size.max = 200MB (=209715200) (default)
2025-04-23 14:37:21,796 [omNode-1-impl-thread1] INFO  server.RaftServerConfigKeys (ConfUtils.java:logGet(46)) - raft.server.log.appender.buffer.byte-limit = 4194304 (custom)
2025-04-23 14:37:21,796 [omNode-1-impl-thread1] INFO  util.AwaitToRun (AwaitToRun.java:start(81)) - Thread[#2181,omNode-1@group-523986131536-cacheEviction-AwaitToRun,5,main] started
2025-04-23 14:37:21,796 [omNode-1-impl-thread1] INFO  segmented.SegmentedRaftLogWorker (SegmentedRaftLogWorker.java:<init>(188)) - new omNode-1@group-523986131536-SegmentedRaftLogWorker for RaftStorageImpl:Storage Directory /home/runner/work/ozone/ozone/hadoop-ozone/integration-test/target/test-dir/MiniOzoneClusterImpl-68853c07-42d2-4ef8-9e75-e3a852294e6a/omNode-1/ratis/c9bc4cf4-3bc3-3c60-a66b-523986131536
2025-04-23 14:37:21,796 [omNode-1-impl-thread1] INFO  server.RaftServerConfigKeys (ConfUtils.java:logGet(46)) - raft.server.log.queue.byte-limit = 64MB (=67108864) (default)
2025-04-23 14:37:21,796 [omNode-1-impl-thread1] INFO  server.RaftServerConfigKeys (ConfUtils.java:logGet(46)) - raft.server.log.queue.element-limit = 4096 (default)
2025-04-23 14:37:21,796 [omNode-1-impl-thread1] INFO  server.RaftServerConfigKeys (ConfUtils.java:logGet(46)) - raft.server.log.segment.size.max = 4194304 (custom)
2025-04-23 14:37:21,796 [omNode-1-impl-thread1] INFO  server.RaftServerConfigKeys (ConfUtils.java:logGet(46)) - raft.server.log.preallocated.size = 4194304 (custom)
2025-04-23 14:37:21,796 [omNode-1-impl-thread1] INFO  server.RaftServerConfigKeys (ConfUtils.java:logGet(46)) - raft.server.log.force.sync.num = 128 (default)
2025-04-23 14:37:21,796 [omNode-1-impl-thread1] INFO  server.RaftServerConfigKeys (ConfUtils.java:logGet(46)) - raft.server.log.statemachine.data.sync = true (default)
2025-04-23 14:37:21,796 [omNode-1-impl-thread1] INFO  server.RaftServerConfigKeys (ConfUtils.java:logGet(46)) - raft.server.log.statemachine.data.sync.timeout = 10s (default)
2025-04-23 14:37:21,796 [omNode-1-impl-thread1] INFO  server.RaftServerConfigKeys (ConfUtils.java:logGet(46)) - raft.server.log.statemachine.data.sync.timeout.retry = -1 (default)
2025-04-23 14:37:21,796 [omNode-1-impl-thread1] INFO  server.RaftServerConfigKeys (ConfUtils.java:logGet(46)) - raft.server.log.write.buffer.size = 4194312 (custom)
2025-04-23 14:37:21,798 [omNode-1-impl-thread1] INFO  server.RaftServerConfigKeys (ConfUtils.java:logGet(46)) - raft.server.log.appender.buffer.byte-limit = 4194304 (custom)
2025-04-23 14:37:21,798 [omNode-1-impl-thread1] INFO  server.RaftServerConfigKeys (ConfUtils.java:logGet(46)) - raft.server.log.unsafe-flush.enabled = false (default)
2025-04-23 14:37:21,798 [omNode-1-impl-thread1] INFO  server.RaftServerConfigKeys (ConfUtils.java:logGet(46)) - raft.server.log.async-flush.enabled = false (default)
2025-04-23 14:37:21,798 [omNode-1-impl-thread1] INFO  server.RaftServerConfigKeys (ConfUtils.java:logGet(46)) - raft.server.log.statemachine.data.caching.enabled = false (default)
2025-04-23 14:37:21,798 [omNode-1-impl-thread1] INFO  server.RaftServer$Division (ServerState.java:setRaftConf(386)) - omNode-1@group-523986131536: set configuration conf: {index: 0, cur=peers:[omNode-3|localhost:15017, omNode-1|localhost:15009, omNode-2|localhost:15013]|listeners:[], old=null}
2025-04-23 14:37:21,799 [omNode-1-impl-thread1] INFO  segmented.LogSegment (LogSegment.java:loadSegment(171)) - Successfully read 21 entries from segment file /home/runner/work/ozone/ozone/hadoop-ozone/integration-test/target/test-dir/MiniOzoneClusterImpl-68853c07-42d2-4ef8-9e75-e3a852294e6a/omNode-1/ratis/c9bc4cf4-3bc3-3c60-a66b-523986131536/current/log_0-20
2025-04-23 14:37:21,799 [omNode-1-impl-thread1] INFO  server.RaftServer$Division (ServerState.java:setRaftConf(386)) - omNode-1@group-523986131536: set configuration conf: {index: 21, cur=peers:[omNode-3|localhost:15017, omNode-1|localhost:15009, omNode-2|localhost:15013]|listeners:[], old=null}
2025-04-23 14:37:21,800 [omNode-1-impl-thread1] INFO  segmented.LogSegment (LogSegment.java:loadSegment(171)) - Successfully read 10 entries from segment file /home/runner/work/ozone/ozone/hadoop-ozone/integration-test/target/test-dir/MiniOzoneClusterImpl-68853c07-42d2-4ef8-9e75-e3a852294e6a/omNode-1/ratis/c9bc4cf4-3bc3-3c60-a66b-523986131536/current/log_21-30
2025-04-23 14:37:21,800 [omNode-1-impl-thread1] INFO  server.RaftServer$Division (ServerState.java:setRaftConf(386)) - omNode-1@group-523986131536: set configuration conf: {index: 31, cur=peers:[omNode-3|localhost:15017, omNode-1|localhost:15009, omNode-2|localhost:15013]|listeners:[], old=null}
2025-04-23 14:37:21,800 [omNode-1-impl-thread1] INFO  segmented.LogSegment (LogSegment.java:loadSegment(171)) - Successfully read 2 entries from segment file /home/runner/work/ozone/ozone/hadoop-ozone/integration-test/target/test-dir/MiniOzoneClusterImpl-68853c07-42d2-4ef8-9e75-e3a852294e6a/omNode-1/ratis/c9bc4cf4-3bc3-3c60-a66b-523986131536/current/log_31-32
2025-04-23 14:37:21,800 [omNode-1-impl-thread1] INFO  server.RaftServer$Division (ServerState.java:setRaftConf(386)) - omNode-1@group-523986131536: set configuration conf: {index: 33, cur=peers:[omNode-3|localhost:15017, omNode-1|localhost:15009, omNode-2|localhost:15013]|listeners:[], old=null}
2025-04-23 14:37:21,800 [omNode-1-impl-thread1] INFO  segmented.LogSegment (LogSegment.java:loadSegment(171)) - Successfully read 2 entries from segment file /home/runner/work/ozone/ozone/hadoop-ozone/integration-test/target/test-dir/MiniOzoneClusterImpl-68853c07-42d2-4ef8-9e75-e3a852294e6a/omNode-1/ratis/c9bc4cf4-3bc3-3c60-a66b-523986131536/current/log_inprogress_33
2025-04-23 14:37:21,800 [omNode-1-impl-thread1] INFO  segmented.SegmentedRaftLogWorker (SegmentedRaftLogWorker.java:lambda$new$0(139)) - omNode-1@group-523986131536-SegmentedRaftLogWorker: flushIndex: setUnconditionally 0 -> 34
2025-04-23 14:37:21,800 [omNode-1-impl-thread1] INFO  segmented.SegmentedRaftLogWorker (SegmentedRaftLogWorker.java:lambda$new$0(139)) - omNode-1@group-523986131536-SegmentedRaftLogWorker: safeCacheEvictIndex: setUnconditionally 0 -> 32
2025-04-23 14:37:21,801 [omNode-1-impl-thread1] INFO  segmented.BufferedWriteChannel (BufferedWriteChannel.java:open(61)) - open log_inprogress_33 (append) at position 125
2025-04-23 14:37:21,801 [omNode-1-impl-thread1] INFO  server.RaftServer$Division (RaftServerImpl.java:start(391)) - omNode-1@group-523986131536: start as a follower, conf=conf: {index: 33, cur=peers:[omNode-3|localhost:15017, omNode-1|localhost:15009, omNode-2|localhost:15013]|listeners:[], old=null}
2025-04-23 14:37:21,801 [omNode-1-impl-thread1] INFO  server.RaftServer$Division (RaftServerImpl.java:setRole(378)) - omNode-1@group-523986131536: changes role from      null to FOLLOWER at term 4 for startAsFollower
2025-04-23 14:37:21,801 [omNode-1-impl-thread1] INFO  impl.RoleInfo (RoleInfo.java:updateAndGet(148)) - omNode-1: start omNode-1@group-523986131536-FollowerState
2025-04-23 14:37:21,801 [omNode-1-impl-thread1] INFO  util.JmxRegister (JmxRegister.java:tryRegister(44)) - Successfully registered JMX Bean with object name Ratis:service=RaftServer,group=group-523986131536,id=omNode-1
2025-04-23 14:37:21,801 [omNode-1-impl-thread1] INFO  util.JmxRegister (JmxRegister.java:register(58)) - register mxBean class org.apache.ratis.server.impl.RaftServerJmxAdapter as Ratis:service=RaftServer,group=group-523986131536,id=omNode-1
2025-04-23 14:37:21,801 [omNode-1-impl-thread1] INFO  server.RaftServerConfigKeys (ConfUtils.java:logGet(46)) - raft.server.snapshot.trigger-when-stop.enabled = true (default)
2025-04-23 14:37:21,801 [omNode-1-impl-thread1] INFO  server.RaftServerConfigKeys (ConfUtils.java:logGet(46)) - raft.server.snapshot.trigger-when-remove.enabled = true (default)
2025-04-23 14:37:21,801 [omNode-1@group-523986131536-FollowerState] INFO  server.RaftServerConfigKeys (ConfUtils.java:logFallback(53)) - raft.server.rpc.first-election.timeout.min = 1s (fallback to raft.server.rpc.timeout.min)
2025-04-23 14:37:21,802 [omNode-1@group-523986131536-FollowerState] INFO  server.RaftServerConfigKeys (ConfUtils.java:logFallback(53)) - raft.server.rpc.first-election.timeout.max = 1200ms (fallback to raft.server.rpc.timeout.max)
2025-04-23 14:37:21,801 [omNode-1-impl-thread1] INFO  server.RaftServerConfigKeys (ConfUtils.java:logGet(46)) - raft.server.snapshot.auto.trigger.enabled = true (custom)
2025-04-23 14:37:21,802 [omNode-1-impl-thread1] INFO  server.RaftServerConfigKeys (ConfUtils.java:logGet(46)) - raft.server.snapshot.auto.trigger.threshold = 50 (custom)
2025-04-23 14:37:21,802 [omNode-1-impl-thread1] INFO  server.RaftServerConfigKeys (ConfUtils.java:logGet(46)) - raft.server.snapshot.retention.file.num = -1 (default)
2025-04-23 14:37:21,802 [omNode-1-impl-thread1] INFO  server.RaftServerConfigKeys (ConfUtils.java:logGet(46)) - raft.server.log.purge.upto.snapshot.index = true (custom)
2025-04-23 14:37:21,802 [omNode-1-impl-thread1] INFO  server.RaftServer$Division (RaftServerImpl.java:start(405)) - omNode-1@group-523986131536: Successfully started.
2025-04-23 14:37:21,802 [main] INFO  server.RaftServer (RaftServerProxy.java:startImpl(407)) - omNode-1: start RPC server
2025-04-23 14:37:21,803 [main] INFO  server.GrpcService (GrpcService.java:startImpl(334)) - omNode-1: GrpcService started, listening on 15009
2025-04-23 14:37:21,803 [main] INFO  om.OzoneManager (OzoneManager.java:getRpcServer(1360)) - Creating RPC Server
2025-04-23 14:37:21,803 [JvmPauseMonitor15] INFO  util.JvmPauseMonitor (JvmPauseMonitor.java:run(146)) - JvmPauseMonitor-omNode-1: Started
2025-04-23 14:37:22,151 [main] INFO  reflections.Reflections (Reflections.java:scan(219)) - Reflections took 347 ms to scan 22 urls, producing 61 keys and 7422 values
2025-04-23 14:37:22,152 [main] INFO  ipc.CallQueueManager (CallQueueManager.java:<init>(93)) - Using callQueue: class java.util.concurrent.LinkedBlockingQueue, queueCapacity: 2000, scheduler: class org.apache.hadoop.ipc.DefaultRpcScheduler, ipcBackoff: false, ipcFailOver: false.
2025-04-23 14:37:22,152 [main] INFO  ipc.Server (Server.java:<init>(1438)) - Listener at localhost:15006
2025-04-23 14:37:22,153 [Socket Reader #1 for port 15006] INFO  ipc.Server (Server.java:run(1474)) - Starting Socket Reader #1 for port 15006
2025-04-23 14:37:22,153 [Socket Reader #2 for port 15006] INFO  ipc.Server (Server.java:run(1474)) - Starting Socket Reader #2 for port 15006
2025-04-23 14:37:22,153 [Socket Reader #3 for port 15006] INFO  ipc.Server (Server.java:run(1474)) - Starting Socket Reader #3 for port 15006
2025-04-23 14:37:22,153 [Socket Reader #4 for port 15006] INFO  ipc.Server (Server.java:run(1474)) - Starting Socket Reader #4 for port 15006
2025-04-23 14:37:22,153 [Socket Reader #5 for port 15006] INFO  ipc.Server (Server.java:run(1474)) - Starting Socket Reader #5 for port 15006
2025-04-23 14:37:22,154 [Socket Reader #6 for port 15006] INFO  ipc.Server (Server.java:run(1474)) - Starting Socket Reader #6 for port 15006
2025-04-23 14:37:22,154 [Socket Reader #7 for port 15006] INFO  ipc.Server (Server.java:run(1474)) - Starting Socket Reader #7 for port 15006
2025-04-23 14:37:22,154 [Socket Reader #8 for port 15006] INFO  ipc.Server (Server.java:run(1474)) - Starting Socket Reader #8 for port 15006
2025-04-23 14:37:22,154 [Socket Reader #9 for port 15006] INFO  ipc.Server (Server.java:run(1474)) - Starting Socket Reader #9 for port 15006
2025-04-23 14:37:22,154 [Socket Reader #10 for port 15006] INFO  ipc.Server (Server.java:run(1474)) - Starting Socket Reader #10 for port 15006
2025-04-23 14:37:22,156 [main] INFO  http.BaseHttpServer (BaseHttpServer.java:newHttpServer2BuilderForOzone(229)) - Starting Web-server for ozoneManager at: http://0.0.0.0:15007
2025-04-23 14:37:22,156 [main] INFO  http.BaseHttpServer (BaseHttpServer.java:<init>(107)) - Hadoop Security Enabled: false Ozone Security Enabled: false Ozone HTTP Security Enabled: false 
2025-04-23 14:37:22,157 [main] WARN  server.AuthenticationFilter (AuthenticationFilter.java:constructSecretProvider(240)) - Unable to initialize FileSignerSecretProvider, falling back to use random secrets. Reason: Could not read signature secret file: /home/runner/hadoop-http-auth-signature-secret
2025-04-23 14:37:22,160 [main] INFO  http.HttpServer2 (HttpServer2.java:addGlobalFilter(1041)) - Added global filter 'safety' (class=org.apache.hadoop.hdds.server.http.HttpServer2$QuotingInputFilter)
2025-04-23 14:37:22,160 [main] INFO  http.HttpServer2 (HttpServer2.java:addFilter(1017)) - Added filter static_user_filter (class=org.apache.hadoop.http.lib.StaticUserWebFilter$StaticUserFilter) to context ozoneManager
2025-04-23 14:37:22,161 [main] INFO  http.HttpServer2 (HttpServer2.java:addFilter(1025)) - Added filter static_user_filter (class=org.apache.hadoop.http.lib.StaticUserWebFilter$StaticUserFilter) to context static
2025-04-23 14:37:22,161 [main] INFO  http.HttpServer2 (HttpServer2.java:addFilter(1025)) - Added filter static_user_filter (class=org.apache.hadoop.http.lib.StaticUserWebFilter$StaticUserFilter) to context logs
2025-04-23 14:37:22,161 [main] INFO  http.BaseHttpServer (BaseHttpServer.java:<init>(195)) - HTTP server of ozoneManager uses base directory /home/runner/work/ozone/ozone/hadoop-ozone/integration-test/target/test-dir/MiniOzoneClusterImpl-68853c07-42d2-4ef8-9e75-e3a852294e6a/omNode-1/webserver
2025-04-23 14:37:22,162 [main] INFO  http.HttpServer2 (HttpServer2.java:bindListener(1241)) - Jetty bound to port 15007
2025-04-23 14:37:22,162 [main] INFO  server.Server (Server.java:doStart(375)) - jetty-9.4.57.v20241219; built: 2025-01-08T21:24:30.412Z; git: df524e6b29271c2e09ba9aea83c18dc9db464a31; jvm 21.0.7+6-LTS
2025-04-23 14:37:22,163 [main] INFO  server.session (DefaultSessionIdManager.java:doStart(334)) - DefaultSessionIdManager workerName=node0
2025-04-23 14:37:22,163 [main] INFO  server.session (DefaultSessionIdManager.java:doStart(339)) - No SessionScavenger set, using defaults
2025-04-23 14:37:22,163 [main] INFO  server.session (HouseKeeper.java:startScavenging(132)) - node0 Scavenging every 600000ms
2025-04-23 14:37:22,164 [main] INFO  handler.ContextHandler (ContextHandler.java:doStart(921)) - Started o.e.j.s.ServletContextHandler@a368e85{logs,/logs,file:///home/runner/work/ozone/ozone/hadoop-ozone/integration-test/target/log,AVAILABLE}
2025-04-23 14:37:22,164 [main] INFO  handler.ContextHandler (ContextHandler.java:doStart(921)) - Started o.e.j.s.ServletContextHandler@16678136{static,/static,file:///home/runner/work/ozone/ozone/hadoop-ozone/integration-test/target/test-classes/webapps/static,AVAILABLE}
2025-04-23 14:37:22,170 [main] INFO  handler.ContextHandler (ContextHandler.java:doStart(921)) - Started o.e.j.w.WebAppContext@61010338{ozoneManager,/,file:///home/runner/work/ozone/ozone/hadoop-ozone/integration-test/target/test-classes/webapps/ozoneManager/,AVAILABLE}{file:/home/runner/work/ozone/ozone/hadoop-ozone/integration-test/target/test-classes/webapps/ozoneManager}
2025-04-23 14:37:22,171 [main] INFO  server.AbstractConnector (AbstractConnector.java:doStart(333)) - Started ServerConnector@76e0d8dd{HTTP/1.1, (http/1.1)}{0.0.0.0:15007}
2025-04-23 14:37:22,171 [main] INFO  server.Server (Server.java:doStart(415)) - Started @42450ms
2025-04-23 14:37:22,171 [main] WARN  impl.MetricsSystemImpl (MetricsSystemImpl.java:register(279)) - Sink prometheus already exists!
2025-04-23 14:37:22,171 [main] INFO  http.BaseHttpServer (BaseHttpServer.java:updateConnectorAddress(360)) - HTTP server of ozoneManager listening at http://0.0.0.0:15007
2025-04-23 14:37:22,173 [IPC Server Responder] INFO  ipc.Server (Server.java:run(1713)) - IPC Server Responder: starting
2025-04-23 14:37:22,173 [IPC Server listener on 15006] INFO  ipc.Server (Server.java:run(1553)) - IPC Server listener on 15006: starting
2025-04-23 14:37:22,175 [main] INFO  om.OzoneManager (OzoneManager.java:startTrashEmptier(2257)) - Trash Interval set to 0. Files deleted won't move to trash
2025-04-23 14:37:22,175 [main] INFO  om.OzoneManager (OzoneManager.java:restart(1878)) - OzoneManager RPC server is listening at localhost/127.0.0.1:15010
2025-04-23 14:37:22,176 [main] INFO  impl.MetricsSystemImpl (MetricsSystemImpl.java:init(158)) - OzoneManager metrics system started (again)
2025-04-23 14:37:22,189 [main] WARN  server.ServerUtils (ServerUtils.java:getDBPath(297)) - ozone.om.db.dirs is not configured. We recommend adding this setting. Falling back to ozone.metadata.dirs instead.
2025-04-23 14:37:22,235 [main] INFO  om.OzoneManager (OzoneManager.java:instantiateServices(933)) - S3 Multi-Tenancy is disabled
2025-04-23 14:37:22,236 [main] INFO  om.OmSnapshotManager (OmSnapshotManager.java:<init>(180)) - Ozone filesystem snapshot feature is enabled.
2025-04-23 14:37:22,236 [main] WARN  server.ServerUtils (ServerUtils.java:getDBPath(297)) - ozone.om.snapshot.diff.db.dir is not configured. We recommend adding this setting. Falling back to ozone.metadata.dirs instead.
2025-04-23 14:37:22,251 [main] WARN  dropwizard3.Dm3MetricRegistriesImpl (Dm3MetricRegistriesImpl.java:addReporterRegistration(114)) - New reporters are added after registries were created. Some metrics will be missing from the reporter. Please add reporter before adding any new registry.
2025-04-23 14:37:22,251 [main] WARN  dropwizard3.Dm3MetricRegistriesImpl (Dm3MetricRegistriesImpl.java:addReporterRegistration(114)) - New reporters are added after registries were created. Some metrics will be missing from the reporter. Please add reporter before adding any new registry.
2025-04-23 14:37:22,251 [main] WARN  server.ServerUtils (ServerUtils.java:getDefaultRatisDirectory(309)) - Storage directory for Ratis is not configured. It is a good idea to map this to an SSD disk. Falling back to ozone.metadata.dirs
2025-04-23 14:37:22,252 [main] INFO  server.RaftServerConfigKeys (ConfUtils.java:logGet(46)) - raft.server.log.appender.buffer.byte-limit = 4194304 (custom)
2025-04-23 14:37:22,253 [main] INFO  ratis.OzoneManagerRatisServer (OzoneManagerRatisServer.java:<init>(167)) - Instantiating OM Ratis server with groupID: om-service-test1 and peers: localhost:15013, localhost:15017, localhost:15009
2025-04-23 14:37:22,253 [main] INFO  ratis.OzoneManagerStateMachine (OzoneManagerStateMachine.java:loadSnapshotInfoFromDB(611)) - LastAppliedIndex is set from TransactionInfo from OM DB as (t:3, i:32)
2025-04-23 14:37:22,254 [main] INFO  server.RaftServer (ConfUtils.java:logGet(46)) - raft.rpc.type = GRPC (default)
2025-04-23 14:37:22,254 [main] INFO  grpc.GrpcConfigKeys (ConfUtils.java:logFallback(53)) - raft.grpc.admin.host = null (fallback to raft.grpc.server.host)
2025-04-23 14:37:22,254 [main] INFO  grpc.GrpcConfigKeys (ConfUtils.java:logFallback(53)) - raft.grpc.admin.port = 15013 (fallback to raft.grpc.server.port)
2025-04-23 14:37:22,254 [main] INFO  grpc.GrpcConfigKeys (ConfUtils.java:logFallback(53)) - raft.grpc.client.host = null (fallback to raft.grpc.server.host)
2025-04-23 14:37:22,254 [main] INFO  grpc.GrpcConfigKeys (ConfUtils.java:logFallback(53)) - raft.grpc.client.port = 15013 (fallback to raft.grpc.server.port)
2025-04-23 14:37:22,254 [main] INFO  grpc.GrpcConfigKeys (ConfUtils.java:logGet(46)) - raft.grpc.server.host = null (default)
2025-04-23 14:37:22,254 [main] INFO  grpc.GrpcConfigKeys (ConfUtils.java:logGet(46)) - raft.grpc.server.port = 15013 (custom)
2025-04-23 14:37:22,255 [main] INFO  server.GrpcService (ConfUtils.java:logGet(46)) - raft.grpc.message.size.max = 5242880 (custom)
2025-04-23 14:37:22,255 [main] INFO  server.GrpcService (ConfUtils.java:logGet(46)) - raft.grpc.flow.control.window = 1MB (=1048576) (default)
2025-04-23 14:37:22,255 [main] INFO  server.RaftServerConfigKeys (ConfUtils.java:logGet(46)) - raft.server.rpc.request.timeout = 3000ms (default)
2025-04-23 14:37:22,255 [main] INFO  grpc.GrpcConfigKeys (ConfUtils.java:logGet(46)) - raft.grpc.server.heartbeat.channel = true (default)
2025-04-23 14:37:22,255 [main] INFO  server.RaftServerConfigKeys (ConfUtils.java:logGet(46)) - raft.server.log.appender.buffer.byte-limit = 4194304 (custom)
2025-04-23 14:37:22,255 [main] INFO  grpc.GrpcConfigKeys (ConfUtils.java:logGet(46)) - raft.grpc.server.async.request.thread.pool.cached = true (default)
2025-04-23 14:37:22,255 [main] INFO  grpc.GrpcConfigKeys (ConfUtils.java:logGet(46)) - raft.grpc.server.async.request.thread.pool.size = 32 (default)
2025-04-23 14:37:22,256 [main] INFO  impl.DataStreamServerImpl (ConfUtils.java:logGet(46)) - raft.datastream.type = DISABLED (default)
2025-04-23 14:37:22,256 [main] INFO  server.RaftServerConfigKeys (ConfUtils.java:logGet(46)) - raft.server.sleep.deviation.threshold = 300ms (default)
2025-04-23 14:37:22,256 [main] INFO  server.RaftServerConfigKeys (ConfUtils.java:logGet(46)) - raft.server.close.threshold = 60s (default)
2025-04-23 14:37:22,256 [main] INFO  server.RaftServerConfigKeys (ConfUtils.java:logGet(46)) - raft.server.leaderelection.leader.step-down.wait-time = 10s (default)
2025-04-23 14:37:22,257 [main] INFO  server.RaftServerConfigKeys (ConfUtils.java:logGet(46)) - raft.server.storage.dir = [/home/runner/work/ozone/ozone/hadoop-ozone/integration-test/target/test-dir/MiniOzoneClusterImpl-68853c07-42d2-4ef8-9e75-e3a852294e6a/omNode-2/ratis] (custom)
2025-04-23 14:37:22,257 [main] INFO  server.RaftServerConfigKeys (ConfUtils.java:logGet(46)) - raft.server.threadpool.proxy.cached = true (default)
2025-04-23 14:37:22,257 [main] INFO  server.RaftServerConfigKeys (ConfUtils.java:logGet(46)) - raft.server.threadpool.proxy.size = 0 (default)
2025-04-23 14:37:22,257 [omNode-2-impl-thread1] INFO  server.RaftServer (RaftServerProxy.java:initGroupDir(265)) - omNode-2: found a subdirectory /home/runner/work/ozone/ozone/hadoop-ozone/integration-test/target/test-dir/MiniOzoneClusterImpl-68853c07-42d2-4ef8-9e75-e3a852294e6a/omNode-2/ratis/c9bc4cf4-3bc3-3c60-a66b-523986131536
2025-04-23 14:37:22,258 [main] INFO  server.RaftServer (RaftServerProxy.java:addNew(100)) - omNode-2: addNew group-523986131536:[omNode-3|localhost:15017, omNode-1|localhost:15009, omNode-2|localhost:15013] returns group-523986131536:java.util.concurrent.CompletableFuture@6ed2b6ac[Not completed]
2025-04-23 14:37:22,258 [omNode-2-groupManagement] INFO  server.RaftServer$Division (RaftServerImpl.java:<init>(255)) - omNode-2: new RaftServerImpl for group-523986131536:[omNode-3|localhost:15017, omNode-1|localhost:15009, omNode-2|localhost:15013] with OzoneManagerStateMachine:uninitialized
2025-04-23 14:37:22,258 [main] INFO  om.OzoneManager (OzoneManager.java:initializeRatisServer(2303)) - OzoneManager Ratis server initialized at port 15013
2025-04-23 14:37:22,258 [main] INFO  ratis.OzoneManagerRatisServer (OzoneManagerRatisServer.java:start(628)) - Starting OzoneManagerRatisServer omNode-2 at port 15013
2025-04-23 14:37:22,258 [omNode-2-groupManagement] INFO  server.RaftServerConfigKeys (ConfUtils.java:logGet(46)) - raft.server.rpc.timeout.min = 1s (custom)
2025-04-23 14:37:22,258 [omNode-2-groupManagement] INFO  server.RaftServerConfigKeys (ConfUtils.java:logGet(46)) - raft.server.rpc.timeout.max = 1200ms (custom)
2025-04-23 14:37:22,258 [omNode-2-groupManagement] INFO  server.RaftServerConfigKeys (ConfUtils.java:logGet(46)) - raft.server.rpc.sleep.time = 25ms (default)
2025-04-23 14:37:22,258 [omNode-2-groupManagement] INFO  server.RaftServerConfigKeys (ConfUtils.java:logGet(46)) - raft.server.rpc.slowness.timeout = 2s (custom)
2025-04-23 14:37:22,258 [omNode-2-groupManagement] INFO  server.RaftServerConfigKeys (ConfUtils.java:logGet(46)) - raft.server.leaderelection.leader.step-down.wait-time = 10s (default)
2025-04-23 14:37:22,258 [omNode-2-groupManagement] INFO  server.RaftServerConfigKeys (ConfUtils.java:logGet(46)) - raft.server.leaderelection.member.majority-add = false (default)
2025-04-23 14:37:22,258 [omNode-2-groupManagement] INFO  server.RaftServerConfigKeys (ConfUtils.java:logGet(46)) - raft.server.sleep.deviation.threshold = 300ms (default)
2025-04-23 14:37:22,259 [omNode-2-groupManagement] INFO  server.RaftServer$Division (ServerState.java:<init>(114)) - omNode-2@group-523986131536: ConfigurationManager, init=conf: {index: -1, cur=peers:[omNode-3|localhost:15017, omNode-1|localhost:15009, omNode-2|localhost:15013]|listeners:[], old=null}, confs=<EMPTY_MAP>
2025-04-23 14:37:22,259 [omNode-2-groupManagement] INFO  server.RaftServerConfigKeys (ConfUtils.java:logGet(46)) - raft.server.notification.no-leader.timeout = 2s (custom)
2025-04-23 14:37:22,259 [omNode-2-groupManagement] INFO  server.RaftServerConfigKeys (ConfUtils.java:logGet(46)) - raft.server.read.timeout = 10s (default)
2025-04-23 14:37:22,259 [omNode-2-groupManagement] INFO  server.RaftServerConfigKeys (ConfUtils.java:logGet(46)) - raft.server.retrycache.expirytime = 30000ms (custom)
2025-04-23 14:37:22,259 [omNode-2-groupManagement] INFO  server.RaftServerConfigKeys (ConfUtils.java:logGet(46)) - raft.server.retrycache.statistics.expirytime = 100ms (default)
2025-04-23 14:37:22,259 [omNode-2-groupManagement] INFO  server.RaftServerConfigKeys (ConfUtils.java:logGet(46)) - raft.server.read.option = DEFAULT (default)
2025-04-23 14:37:22,259 [omNode-2-groupManagement] INFO  server.RaftServerConfigKeys (ConfUtils.java:logGet(46)) - raft.server.read.read-after-write-consistent.write-index-cache.expiry-time = 60s (default)
2025-04-23 14:37:22,261 [omNode-2-groupManagement] INFO  server.RaftServerConfigKeys (ConfUtils.java:logGet(46)) - raft.server.rpc.request.timeout = 3000ms (default)
2025-04-23 14:37:22,261 [omNode-2-groupManagement] INFO  server.RaftServerConfigKeys (ConfUtils.java:logGet(46)) - raft.server.log.appender.install.snapshot.enabled = false (custom)
2025-04-23 14:37:22,261 [omNode-2-groupManagement] INFO  server.RaftServerConfigKeys (ConfUtils.java:logGet(46)) - raft.server.threadpool.server.cached = true (default)
2025-04-23 14:37:22,261 [omNode-2-groupManagement] INFO  server.RaftServerConfigKeys (ConfUtils.java:logGet(46)) - raft.server.threadpool.server.size = 0 (default)
2025-04-23 14:37:22,261 [omNode-2-groupManagement] INFO  server.RaftServerConfigKeys (ConfUtils.java:logGet(46)) - raft.server.threadpool.client.cached = true (default)
2025-04-23 14:37:22,261 [omNode-2-groupManagement] INFO  server.RaftServerConfigKeys (ConfUtils.java:logGet(46)) - raft.server.threadpool.client.size = 0 (default)
2025-04-23 14:37:22,261 [omNode-2-impl-thread1] INFO  server.RaftServerConfigKeys (ConfUtils.java:logGet(46)) - raft.server.storage.free-space.min = 0MB (=0) (default)
2025-04-23 14:37:22,261 [omNode-2-impl-thread1] INFO  server.RaftServerConfigKeys (ConfUtils.java:logGet(46)) - raft.server.log.corruption.policy = EXCEPTION (default)
2025-04-23 14:37:22,262 [omNode-2-impl-thread1] INFO  server.RaftServerConfigKeys (ConfUtils.java:logGet(46)) - raft.server.storage.dir = [/home/runner/work/ozone/ozone/hadoop-ozone/integration-test/target/test-dir/MiniOzoneClusterImpl-68853c07-42d2-4ef8-9e75-e3a852294e6a/omNode-2/ratis] (custom)
2025-04-23 14:37:22,263 [omNode-2-impl-thread1] INFO  storage.RaftStorageDirectory (RaftStorageDirectoryImpl.java:tryLock(229)) - Lock on /home/runner/work/ozone/ozone/hadoop-ozone/integration-test/target/test-dir/MiniOzoneClusterImpl-68853c07-42d2-4ef8-9e75-e3a852294e6a/omNode-2/ratis/c9bc4cf4-3bc3-3c60-a66b-523986131536/in_use.lock acquired by nodename 129558@fv-az1120-822
2025-04-23 14:37:22,263 [omNode-2-impl-thread1] INFO  storage.RaftStorage (RaftStorageImpl.java:analyzeAndRecoverStorage(118)) - Read RaftStorageMetadata{term=3, votedFor=} from /home/runner/work/ozone/ozone/hadoop-ozone/integration-test/target/test-dir/MiniOzoneClusterImpl-68853c07-42d2-4ef8-9e75-e3a852294e6a/omNode-2/ratis/c9bc4cf4-3bc3-3c60-a66b-523986131536/current/raft-meta
2025-04-23 14:37:22,263 [omNode-2-impl-thread1] INFO  server.RaftServer$Division (ServerState.java:setRaftConf(386)) - omNode-2@group-523986131536: set configuration conf: {index: 31, cur=peers:[omNode-3|localhost:15017, omNode-1|localhost:15009, omNode-2|localhost:15013]|listeners:[], old=null}
2025-04-23 14:37:22,263 [omNode-2-impl-thread1] INFO  ratis.OzoneManagerStateMachine (OzoneManagerStateMachine.java:lambda$0(138)) - omNode-2: initialize group-523986131536 with (t:3, i:32)
2025-04-23 14:37:22,263 [omNode-2-impl-thread1] INFO  server.RaftServerConfigKeys (ConfUtils.java:logGet(46)) - raft.server.log.use.memory = false (default)
2025-04-23 14:37:22,263 [omNode-2-impl-thread1] INFO  server.RaftServerConfigKeys (ConfUtils.java:logGet(46)) - raft.server.log.purge.gap = 50 (custom)
2025-04-23 14:37:22,263 [omNode-2-impl-thread1] INFO  server.RaftServerConfigKeys (ConfUtils.java:logGet(46)) - raft.server.log.appender.buffer.byte-limit = 4194304 (custom)
2025-04-23 14:37:22,264 [omNode-2-impl-thread1] INFO  server.RaftServerConfigKeys (ConfUtils.java:logGet(46)) - raft.server.log.statemachine.data.read.timeout = 1000ms (default)
2025-04-23 14:37:22,264 [omNode-2-impl-thread1] INFO  server.RaftServerConfigKeys (ConfUtils.java:logGet(46)) - raft.server.log.purge.preservation.log.num = 0 (default)
2025-04-23 14:37:22,264 [omNode-2-impl-thread1] INFO  server.RaftServerConfigKeys (ConfUtils.java:logGet(46)) - raft.server.log.segment.size.max = 4194304 (custom)
2025-04-23 14:37:22,264 [omNode-2-impl-thread1] INFO  server.RaftServerConfigKeys (ConfUtils.java:logGet(46)) - raft.server.log.segment.cache.num.max = 2 (custom)
2025-04-23 14:37:22,264 [omNode-2-impl-thread1] INFO  server.RaftServerConfigKeys (ConfUtils.java:logGet(46)) - raft.server.log.segment.cache.size.max = 200MB (=209715200) (default)
2025-04-23 14:37:22,264 [omNode-2-impl-thread1] INFO  server.RaftServerConfigKeys (ConfUtils.java:logGet(46)) - raft.server.log.appender.buffer.byte-limit = 4194304 (custom)
2025-04-23 14:37:22,265 [omNode-2-impl-thread1] INFO  util.AwaitToRun (AwaitToRun.java:start(81)) - Thread[#2270,omNode-2@group-523986131536-cacheEviction-AwaitToRun,5,main] started
2025-04-23 14:37:22,265 [omNode-2-impl-thread1] INFO  segmented.SegmentedRaftLogWorker (SegmentedRaftLogWorker.java:<init>(188)) - new omNode-2@group-523986131536-SegmentedRaftLogWorker for RaftStorageImpl:Storage Directory /home/runner/work/ozone/ozone/hadoop-ozone/integration-test/target/test-dir/MiniOzoneClusterImpl-68853c07-42d2-4ef8-9e75-e3a852294e6a/omNode-2/ratis/c9bc4cf4-3bc3-3c60-a66b-523986131536
2025-04-23 14:37:22,265 [omNode-2-impl-thread1] INFO  server.RaftServerConfigKeys (ConfUtils.java:logGet(46)) - raft.server.log.queue.byte-limit = 64MB (=67108864) (default)
2025-04-23 14:37:22,265 [omNode-2-impl-thread1] INFO  server.RaftServerConfigKeys (ConfUtils.java:logGet(46)) - raft.server.log.queue.element-limit = 4096 (default)
2025-04-23 14:37:22,265 [omNode-2-impl-thread1] INFO  server.RaftServerConfigKeys (ConfUtils.java:logGet(46)) - raft.server.log.segment.size.max = 4194304 (custom)
2025-04-23 14:37:22,265 [omNode-2-impl-thread1] INFO  server.RaftServerConfigKeys (ConfUtils.java:logGet(46)) - raft.server.log.preallocated.size = 4194304 (custom)
2025-04-23 14:37:22,265 [omNode-2-impl-thread1] INFO  server.RaftServerConfigKeys (ConfUtils.java:logGet(46)) - raft.server.log.force.sync.num = 128 (default)
2025-04-23 14:37:22,265 [omNode-2-impl-thread1] INFO  server.RaftServerConfigKeys (ConfUtils.java:logGet(46)) - raft.server.log.statemachine.data.sync = true (default)
2025-04-23 14:37:22,265 [omNode-2-impl-thread1] INFO  server.RaftServerConfigKeys (ConfUtils.java:logGet(46)) - raft.server.log.statemachine.data.sync.timeout = 10s (default)
2025-04-23 14:37:22,265 [omNode-2-impl-thread1] INFO  server.RaftServerConfigKeys (ConfUtils.java:logGet(46)) - raft.server.log.statemachine.data.sync.timeout.retry = -1 (default)
2025-04-23 14:37:22,265 [omNode-2-impl-thread1] INFO  server.RaftServerConfigKeys (ConfUtils.java:logGet(46)) - raft.server.log.write.buffer.size = 4194312 (custom)
2025-04-23 14:37:22,266 [omNode-2-impl-thread1] INFO  server.RaftServerConfigKeys (ConfUtils.java:logGet(46)) - raft.server.log.appender.buffer.byte-limit = 4194304 (custom)
2025-04-23 14:37:22,266 [omNode-2-impl-thread1] INFO  server.RaftServerConfigKeys (ConfUtils.java:logGet(46)) - raft.server.log.unsafe-flush.enabled = false (default)
2025-04-23 14:37:22,266 [omNode-2-impl-thread1] INFO  server.RaftServerConfigKeys (ConfUtils.java:logGet(46)) - raft.server.log.async-flush.enabled = false (default)
2025-04-23 14:37:22,266 [omNode-2-impl-thread1] INFO  server.RaftServerConfigKeys (ConfUtils.java:logGet(46)) - raft.server.log.statemachine.data.caching.enabled = false (default)
2025-04-23 14:37:22,267 [omNode-2-impl-thread1] INFO  server.RaftServer$Division (ServerState.java:setRaftConf(386)) - omNode-2@group-523986131536: set configuration conf: {index: 0, cur=peers:[omNode-3|localhost:15017, omNode-1|localhost:15009, omNode-2|localhost:15013]|listeners:[], old=null}
2025-04-23 14:37:22,267 [omNode-2-impl-thread1] INFO  segmented.LogSegment (LogSegment.java:loadSegment(171)) - Successfully read 21 entries from segment file /home/runner/work/ozone/ozone/hadoop-ozone/integration-test/target/test-dir/MiniOzoneClusterImpl-68853c07-42d2-4ef8-9e75-e3a852294e6a/omNode-2/ratis/c9bc4cf4-3bc3-3c60-a66b-523986131536/current/log_0-20
2025-04-23 14:37:22,268 [omNode-2-impl-thread1] INFO  server.RaftServer$Division (ServerState.java:setRaftConf(386)) - omNode-2@group-523986131536: set configuration conf: {index: 21, cur=peers:[omNode-3|localhost:15017, omNode-1|localhost:15009, omNode-2|localhost:15013]|listeners:[], old=null}
2025-04-23 14:37:22,268 [omNode-2-impl-thread1] INFO  segmented.LogSegment (LogSegment.java:loadSegment(171)) - Successfully read 10 entries from segment file /home/runner/work/ozone/ozone/hadoop-ozone/integration-test/target/test-dir/MiniOzoneClusterImpl-68853c07-42d2-4ef8-9e75-e3a852294e6a/omNode-2/ratis/c9bc4cf4-3bc3-3c60-a66b-523986131536/current/log_21-30
2025-04-23 14:37:22,268 [omNode-2-impl-thread1] INFO  server.RaftServer$Division (ServerState.java:setRaftConf(386)) - omNode-2@group-523986131536: set configuration conf: {index: 31, cur=peers:[omNode-3|localhost:15017, omNode-1|localhost:15009, omNode-2|localhost:15013]|listeners:[], old=null}
2025-04-23 14:37:22,268 [omNode-2-impl-thread1] INFO  segmented.LogSegment (LogSegment.java:loadSegment(171)) - Successfully read 2 entries from segment file /home/runner/work/ozone/ozone/hadoop-ozone/integration-test/target/test-dir/MiniOzoneClusterImpl-68853c07-42d2-4ef8-9e75-e3a852294e6a/omNode-2/ratis/c9bc4cf4-3bc3-3c60-a66b-523986131536/current/log_inprogress_31
2025-04-23 14:37:22,269 [omNode-2-impl-thread1] INFO  segmented.SegmentedRaftLogWorker (SegmentedRaftLogWorker.java:lambda$new$0(139)) - omNode-2@group-523986131536-SegmentedRaftLogWorker: flushIndex: setUnconditionally 0 -> 32
2025-04-23 14:37:22,269 [omNode-2-impl-thread1] INFO  segmented.SegmentedRaftLogWorker (SegmentedRaftLogWorker.java:lambda$new$0(139)) - omNode-2@group-523986131536-SegmentedRaftLogWorker: safeCacheEvictIndex: setUnconditionally 0 -> 30
2025-04-23 14:37:22,269 [omNode-2-impl-thread1] INFO  segmented.BufferedWriteChannel (BufferedWriteChannel.java:open(61)) - open log_inprogress_31 (append) at position 125
2025-04-23 14:37:22,269 [omNode-2-impl-thread1] INFO  server.RaftServer$Division (RaftServerImpl.java:start(391)) - omNode-2@group-523986131536: start as a follower, conf=conf: {index: 31, cur=peers:[omNode-3|localhost:15017, omNode-1|localhost:15009, omNode-2|localhost:15013]|listeners:[], old=null}
2025-04-23 14:37:22,269 [omNode-2-impl-thread1] INFO  server.RaftServer$Division (RaftServerImpl.java:setRole(378)) - omNode-2@group-523986131536: changes role from      null to FOLLOWER at term 3 for startAsFollower
2025-04-23 14:37:22,269 [omNode-2-impl-thread1] INFO  impl.RoleInfo (RoleInfo.java:updateAndGet(148)) - omNode-2: start omNode-2@group-523986131536-FollowerState
2025-04-23 14:37:22,270 [omNode-2@group-523986131536-FollowerState] INFO  server.RaftServerConfigKeys (ConfUtils.java:logFallback(53)) - raft.server.rpc.first-election.timeout.min = 1s (fallback to raft.server.rpc.timeout.min)
2025-04-23 14:37:22,270 [omNode-2@group-523986131536-FollowerState] INFO  server.RaftServerConfigKeys (ConfUtils.java:logFallback(53)) - raft.server.rpc.first-election.timeout.max = 1200ms (fallback to raft.server.rpc.timeout.max)
2025-04-23 14:37:22,270 [omNode-2-impl-thread1] INFO  util.JmxRegister (JmxRegister.java:tryRegister(44)) - Successfully registered JMX Bean with object name Ratis:service=RaftServer,group=group-523986131536,id=omNode-2
2025-04-23 14:37:22,270 [omNode-2-impl-thread1] INFO  util.JmxRegister (JmxRegister.java:register(58)) - register mxBean class org.apache.ratis.server.impl.RaftServerJmxAdapter as Ratis:service=RaftServer,group=group-523986131536,id=omNode-2
2025-04-23 14:37:22,270 [omNode-2-impl-thread1] INFO  server.RaftServerConfigKeys (ConfUtils.java:logGet(46)) - raft.server.snapshot.trigger-when-stop.enabled = true (default)
2025-04-23 14:37:22,270 [omNode-2-impl-thread1] INFO  server.RaftServerConfigKeys (ConfUtils.java:logGet(46)) - raft.server.snapshot.trigger-when-remove.enabled = true (default)
2025-04-23 14:37:22,270 [omNode-2-impl-thread1] INFO  server.RaftServerConfigKeys (ConfUtils.java:logGet(46)) - raft.server.snapshot.auto.trigger.enabled = true (custom)
2025-04-23 14:37:22,270 [omNode-2-impl-thread1] INFO  server.RaftServerConfigKeys (ConfUtils.java:logGet(46)) - raft.server.snapshot.auto.trigger.threshold = 50 (custom)
2025-04-23 14:37:22,270 [omNode-2-impl-thread1] INFO  server.RaftServerConfigKeys (ConfUtils.java:logGet(46)) - raft.server.snapshot.retention.file.num = -1 (default)
2025-04-23 14:37:22,270 [omNode-2-impl-thread1] INFO  server.RaftServerConfigKeys (ConfUtils.java:logGet(46)) - raft.server.log.purge.upto.snapshot.index = true (custom)
2025-04-23 14:37:22,271 [omNode-2-impl-thread1] INFO  server.RaftServer$Division (RaftServerImpl.java:start(405)) - omNode-2@group-523986131536: Successfully started.
2025-04-23 14:37:22,271 [main] INFO  server.RaftServer (RaftServerProxy.java:startImpl(407)) - omNode-2: start RPC server
2025-04-23 14:37:22,272 [main] INFO  server.GrpcService (GrpcService.java:startImpl(334)) - omNode-2: GrpcService started, listening on 15013
2025-04-23 14:37:22,273 [main] INFO  om.OzoneManager (OzoneManager.java:getRpcServer(1360)) - Creating RPC Server
2025-04-23 14:37:22,273 [JvmPauseMonitor16] INFO  util.JvmPauseMonitor (JvmPauseMonitor.java:run(146)) - JvmPauseMonitor-omNode-2: Started
2025-04-23 14:37:22,499 [omNode-3@group-523986131536-FollowerState] INFO  impl.FollowerState (FollowerState.java:runImpl(161)) - omNode-3@group-523986131536-FollowerState: change to CANDIDATE, lastRpcElapsedTime:1172507158ns, electionTimeout:1172ms
2025-04-23 14:37:22,499 [omNode-3@group-523986131536-FollowerState] INFO  impl.RoleInfo (RoleInfo.java:shutdownFollowerState(121)) - omNode-3: shutdown omNode-3@group-523986131536-FollowerState
2025-04-23 14:37:22,500 [omNode-3@group-523986131536-FollowerState] INFO  server.RaftServer$Division (RaftServerImpl.java:setRole(378)) - omNode-3@group-523986131536: changes role from  FOLLOWER to CANDIDATE at term 4 for changeToCandidate
2025-04-23 14:37:22,500 [omNode-3@group-523986131536-FollowerState] INFO  server.RaftServerConfigKeys (ConfUtils.java:logGet(46)) - raft.server.leaderelection.pre-vote = true (default)
2025-04-23 14:37:22,500 [omNode-3@group-523986131536-FollowerState] INFO  impl.RoleInfo (RoleInfo.java:updateAndGet(148)) - omNode-3: start omNode-3@group-523986131536-LeaderElection15
2025-04-23 14:37:22,500 [omNode-3@group-523986131536-LeaderElection15] INFO  impl.LeaderElection (LeaderElection.java:askForVotes(332)) - omNode-3@group-523986131536-LeaderElection15 PRE_VOTE round 0: submit vote requests at term 4 for conf: {index: 33, cur=peers:[omNode-3|localhost:15017, omNode-1|localhost:15009, omNode-2|localhost:15013]|listeners:[], old=null}
2025-04-23 14:37:22,501 [omNode-3@group-523986131536-LeaderElection15-1] INFO  server.GrpcServerProtocolClient (GrpcServerProtocolClient.java:<init>(65)) - Build channel for omNode-1|localhost:15009
2025-04-23 14:37:22,501 [omNode-3@group-523986131536-LeaderElection15] INFO  server.RaftServerConfigKeys (ConfUtils.java:logFallback(53)) - raft.server.rpc.first-election.timeout.min = 1s (fallback to raft.server.rpc.timeout.min)
2025-04-23 14:37:22,501 [omNode-3@group-523986131536-LeaderElection15] INFO  server.RaftServerConfigKeys (ConfUtils.java:logFallback(53)) - raft.server.rpc.first-election.timeout.max = 1200ms (fallback to raft.server.rpc.timeout.max)
2025-04-23 14:37:22,502 [omNode-3@group-523986131536-LeaderElection15-2] INFO  server.GrpcServerProtocolClient (GrpcServerProtocolClient.java:<init>(65)) - Build channel for omNode-2|localhost:15013
2025-04-23 14:37:22,508 [grpc-default-executor-0] INFO  server.RaftServer$Division (RaftServerImpl.java:requestVote(1407)) - omNode-2@group-523986131536: receive requestVote(PRE_VOTE, omNode-3, group-523986131536, 4, (t:4, i:34))
2025-04-23 14:37:22,508 [grpc-default-executor-0] INFO  impl.VoteContext (VoteContext.java:log(49)) - omNode-2@group-523986131536-FOLLOWER: accept PRE_VOTE from omNode-3: our last entry (t:3, i:32) < candidate's last entry (t:4, i:34)
2025-04-23 14:37:22,508 [grpc-default-executor-0] INFO  server.RaftServer$Division (RaftServerImpl.java:requestVote(1441)) - omNode-2@group-523986131536 replies to PRE_VOTE vote request: omNode-3<-omNode-2#0:OK-t3. Peer's state: omNode-2@group-523986131536:t3, leader=null, voted=, raftlog=Memoized:omNode-2@group-523986131536-SegmentedRaftLog:OPENED:c32:last(t:3, i:32), conf=conf: {index: 31, cur=peers:[omNode-3|localhost:15017, omNode-1|localhost:15009, omNode-2|localhost:15013]|listeners:[], old=null}
2025-04-23 14:37:22,509 [grpc-default-executor-0] INFO  server.RaftServer$Division (RaftServerImpl.java:requestVote(1407)) - omNode-1@group-523986131536: receive requestVote(PRE_VOTE, omNode-3, group-523986131536, 4, (t:4, i:34))
2025-04-23 14:37:22,509 [grpc-default-executor-0] INFO  impl.VoteContext (VoteContext.java:log(49)) - omNode-1@group-523986131536-FOLLOWER: accept PRE_VOTE from omNode-3: our priority 0 <= candidate's priority 0
2025-04-23 14:37:22,509 [grpc-default-executor-0] INFO  server.RaftServer$Division (RaftServerImpl.java:requestVote(1441)) - omNode-1@group-523986131536 replies to PRE_VOTE vote request: omNode-3<-omNode-1#0:OK-t4. Peer's state: omNode-1@group-523986131536:t4, leader=null, voted=omNode-3, raftlog=Memoized:omNode-1@group-523986131536-SegmentedRaftLog:OPENED:c33:last(t:4, i:34), conf=conf: {index: 33, cur=peers:[omNode-3|localhost:15017, omNode-1|localhost:15009, omNode-2|localhost:15013]|listeners:[], old=null}
2025-04-23 14:37:22,510 [omNode-3@group-523986131536-LeaderElection15] INFO  impl.LeaderElection (LeaderElection.java:logAndReturn(90)) - omNode-3@group-523986131536-LeaderElection15: PRE_VOTE PASSED received 1 response(s) and 0 exception(s):
2025-04-23 14:37:22,510 [omNode-3@group-523986131536-LeaderElection15] INFO  impl.LeaderElection (LeaderElection.java:logAndReturn(94)) -   Response 0: omNode-3<-omNode-2#0:OK-t3
2025-04-23 14:37:22,510 [omNode-3@group-523986131536-LeaderElection15] INFO  impl.LeaderElection (LeaderElection.java:askForVotes(334)) - omNode-3@group-523986131536-LeaderElection15 PRE_VOTE round 0: result PASSED
2025-04-23 14:37:22,512 [omNode-3@group-523986131536-LeaderElection15] INFO  impl.LeaderElection (LeaderElection.java:askForVotes(332)) - omNode-3@group-523986131536-LeaderElection15 ELECTION round 0: submit vote requests at term 5 for conf: {index: 33, cur=peers:[omNode-3|localhost:15017, omNode-1|localhost:15009, omNode-2|localhost:15013]|listeners:[], old=null}
2025-04-23 14:37:22,512 [omNode-3@group-523986131536-LeaderElection15] INFO  server.RaftServerConfigKeys (ConfUtils.java:logFallback(53)) - raft.server.rpc.first-election.timeout.min = 1s (fallback to raft.server.rpc.timeout.min)
2025-04-23 14:37:22,512 [omNode-3@group-523986131536-LeaderElection15] INFO  server.RaftServerConfigKeys (ConfUtils.java:logFallback(53)) - raft.server.rpc.first-election.timeout.max = 1200ms (fallback to raft.server.rpc.timeout.max)
2025-04-23 14:37:22,513 [grpc-default-executor-4] INFO  server.RaftServer$Division (RaftServerImpl.java:requestVote(1407)) - omNode-1@group-523986131536: receive requestVote(ELECTION, omNode-3, group-523986131536, 5, (t:4, i:34))
2025-04-23 14:37:22,513 [grpc-default-executor-4] INFO  impl.VoteContext (VoteContext.java:log(49)) - omNode-1@group-523986131536-FOLLOWER: accept ELECTION from omNode-3: our priority 0 <= candidate's priority 0
2025-04-23 14:37:22,513 [grpc-default-executor-4] INFO  server.RaftServer$Division (RaftServerImpl.java:setRole(378)) - omNode-1@group-523986131536: changes role from  FOLLOWER to FOLLOWER at term 4 for candidate:omNode-3
2025-04-23 14:37:22,513 [grpc-default-executor-0] INFO  server.RaftServer$Division (RaftServerImpl.java:requestVote(1407)) - omNode-2@group-523986131536: receive requestVote(ELECTION, omNode-3, group-523986131536, 5, (t:4, i:34))
2025-04-23 14:37:22,514 [grpc-default-executor-0] INFO  impl.VoteContext (VoteContext.java:log(49)) - omNode-2@group-523986131536-FOLLOWER: accept ELECTION from omNode-3: our last entry (t:3, i:32) < candidate's last entry (t:4, i:34)
2025-04-23 14:37:22,514 [grpc-default-executor-0] INFO  server.RaftServer$Division (RaftServerImpl.java:setRole(378)) - omNode-2@group-523986131536: changes role from  FOLLOWER to FOLLOWER at term 3 for candidate:omNode-3
2025-04-23 14:37:22,514 [grpc-default-executor-0] INFO  impl.RoleInfo (RoleInfo.java:shutdownFollowerState(121)) - omNode-2: shutdown omNode-2@group-523986131536-FollowerState
2025-04-23 14:37:22,514 [grpc-default-executor-0] INFO  impl.RoleInfo (RoleInfo.java:updateAndGet(148)) - omNode-2: start omNode-2@group-523986131536-FollowerState
2025-04-23 14:37:22,514 [omNode-2@group-523986131536-FollowerState] INFO  impl.FollowerState (FollowerState.java:runImpl(170)) - omNode-2@group-523986131536-FollowerState was interrupted
2025-04-23 14:37:22,514 [grpc-default-executor-4] INFO  impl.RoleInfo (RoleInfo.java:shutdownFollowerState(121)) - omNode-1: shutdown omNode-1@group-523986131536-FollowerState
2025-04-23 14:37:22,514 [grpc-default-executor-4] INFO  impl.RoleInfo (RoleInfo.java:updateAndGet(148)) - omNode-1: start omNode-1@group-523986131536-FollowerState
2025-04-23 14:37:22,514 [omNode-1@group-523986131536-FollowerState] INFO  impl.FollowerState (FollowerState.java:runImpl(170)) - omNode-1@group-523986131536-FollowerState was interrupted
2025-04-23 14:37:22,514 [grpc-default-executor-0] INFO  server.RaftServer$Division (RaftServerImpl.java:setFirstElection(562)) - omNode-2@group-523986131536: set firstElectionSinceStartup to false for candidate:omNode-3
2025-04-23 14:37:22,515 [grpc-default-executor-4] INFO  server.RaftServer$Division (RaftServerImpl.java:setFirstElection(562)) - omNode-1@group-523986131536: set firstElectionSinceStartup to false for candidate:omNode-3
2025-04-23 14:37:22,516 [grpc-default-executor-0] INFO  server.RaftServer$Division (RaftServerImpl.java:requestVote(1441)) - omNode-2@group-523986131536 replies to ELECTION vote request: omNode-3<-omNode-2#0:OK-t5. Peer's state: omNode-2@group-523986131536:t5, leader=null, voted=omNode-3, raftlog=Memoized:omNode-2@group-523986131536-SegmentedRaftLog:OPENED:c32:last(t:3, i:32), conf=conf: {index: 31, cur=peers:[omNode-3|localhost:15017, omNode-1|localhost:15009, omNode-2|localhost:15013]|listeners:[], old=null}
2025-04-23 14:37:22,516 [grpc-default-executor-4] INFO  server.RaftServer$Division (RaftServerImpl.java:requestVote(1441)) - omNode-1@group-523986131536 replies to ELECTION vote request: omNode-3<-omNode-1#0:OK-t5. Peer's state: omNode-1@group-523986131536:t5, leader=null, voted=omNode-3, raftlog=Memoized:omNode-1@group-523986131536-SegmentedRaftLog:OPENED:c33:last(t:4, i:34), conf=conf: {index: 33, cur=peers:[omNode-3|localhost:15017, omNode-1|localhost:15009, omNode-2|localhost:15013]|listeners:[], old=null}
2025-04-23 14:37:22,517 [omNode-3@group-523986131536-LeaderElection15] INFO  impl.LeaderElection (LeaderElection.java:logAndReturn(90)) - omNode-3@group-523986131536-LeaderElection15: ELECTION PASSED received 1 response(s) and 0 exception(s):
2025-04-23 14:37:22,517 [omNode-3@group-523986131536-LeaderElection15] INFO  impl.LeaderElection (LeaderElection.java:logAndReturn(94)) -   Response 0: omNode-3<-omNode-2#0:OK-t5
2025-04-23 14:37:22,517 [omNode-3@group-523986131536-LeaderElection15] INFO  impl.LeaderElection (LeaderElection.java:askForVotes(334)) - omNode-3@group-523986131536-LeaderElection15 ELECTION round 0: result PASSED
2025-04-23 14:37:22,517 [omNode-3@group-523986131536-LeaderElection15] INFO  impl.RoleInfo (RoleInfo.java:shutdownLeaderElection(141)) - omNode-3: shutdown omNode-3@group-523986131536-LeaderElection15
2025-04-23 14:37:22,517 [omNode-3@group-523986131536-LeaderElection15] INFO  server.RaftServer$Division (RaftServerImpl.java:setRole(378)) - omNode-3@group-523986131536: changes role from CANDIDATE to LEADER at term 5 for changeToLeader
2025-04-23 14:37:22,517 [omNode-3@group-523986131536-LeaderElection15] INFO  server.RaftServerConfigKeys (ConfUtils.java:logGet(46)) - raft.server.staging.catchup.gap = 1000 (default)
2025-04-23 14:37:22,517 [omNode-3@group-523986131536-LeaderElection15] INFO  server.RaftServerConfigKeys (ConfUtils.java:logGet(46)) - raft.server.write.element-limit = 4096 (default)
2025-04-23 14:37:22,517 [omNode-3@group-523986131536-LeaderElection15] INFO  server.RaftServerConfigKeys (ConfUtils.java:logGet(46)) - raft.server.write.byte-limit = 64MB (=67108864) (default)
2025-04-23 14:37:22,518 [omNode-3@group-523986131536-LeaderElection15] INFO  server.RaftServerConfigKeys (ConfUtils.java:logGet(46)) - raft.server.watch.timeout = 10s (default)
2025-04-23 14:37:22,518 [omNode-3@group-523986131536-LeaderElection15] INFO  server.RaftServerConfigKeys (ConfUtils.java:logGet(46)) - raft.server.watch.timeout.denomination = 1s (default)
2025-04-23 14:37:22,518 [omNode-3@group-523986131536-LeaderElection15] INFO  server.RaftServerConfigKeys (ConfUtils.java:logGet(46)) - raft.server.watch.element-limit = 65536 (default)
2025-04-23 14:37:22,518 [omNode-3@group-523986131536-LeaderElection15] INFO  server.RaftServerConfigKeys (ConfUtils.java:logGet(46)) - raft.server.read.leader.lease.enabled = false (default)
2025-04-23 14:37:22,519 [omNode-3@group-523986131536-LeaderElection15] INFO  server.RaftServerConfigKeys (ConfUtils.java:logGet(46)) - raft.server.read.leader.lease.timeout.ratio = 0.9 (default)
2025-04-23 14:37:22,519 [omNode-3@group-523986131536-LeaderElection15] INFO  server.RaftServerConfigKeys (ConfUtils.java:logGet(46)) - raft.server.rpc.timeout.min = 1s (custom)
2025-04-23 14:37:22,519 [omNode-3@group-523986131536-LeaderElection15] INFO  server.RaftServerConfigKeys (ConfUtils.java:logGet(46)) - raft.server.log.log-metadata.enabled = true (default)
2025-04-23 14:37:22,519 [omNode-3@group-523986131536-LeaderElection15] INFO  server.RaftServerConfigKeys (ConfUtils.java:logGet(46)) - raft.server.write.element-limit = 4096 (default)
2025-04-23 14:37:22,519 [omNode-3@group-523986131536-LeaderElection15] INFO  server.RaftServerConfigKeys (ConfUtils.java:logGet(46)) - raft.server.write.follower.gap.ratio.max = -1.0 (default)
2025-04-23 14:37:22,519 [omNode-3@group-523986131536-LeaderElection15] INFO  server.RaftServerConfigKeys (ConfUtils.java:logGet(46)) - raft.server.log.appender.snapshot.chunk.size.max = 16MB (=16777216) (default)
2025-04-23 14:37:22,519 [omNode-3@group-523986131536-LeaderElection15] INFO  server.RaftServerConfigKeys (ConfUtils.java:logGet(46)) - raft.server.log.appender.buffer.byte-limit = 4194304 (custom)
2025-04-23 14:37:22,519 [omNode-3@group-523986131536-LeaderElection15] INFO  server.RaftServerConfigKeys (ConfUtils.java:logGet(46)) - raft.server.log.appender.buffer.element-limit = 1024 (custom)
2025-04-23 14:37:22,520 [omNode-3@group-523986131536-LeaderElection15] INFO  server.RaftServerConfigKeys (ConfUtils.java:logGet(46)) - raft.server.log.appender.wait-time.min = 0ms (custom)
2025-04-23 14:37:22,520 [omNode-3@group-523986131536-LeaderElection15] INFO  grpc.GrpcConfigKeys (ConfUtils.java:logGet(46)) - raft.grpc.server.leader.outstanding.appends.max = 8 (default)
2025-04-23 14:37:22,520 [omNode-3@group-523986131536-LeaderElection15] INFO  server.RaftServerConfigKeys (ConfUtils.java:logGet(46)) - raft.server.rpc.request.timeout = 3000ms (default)
2025-04-23 14:37:22,520 [omNode-3@group-523986131536-LeaderElection15] INFO  grpc.GrpcConfigKeys (ConfUtils.java:logGet(46)) - raft.grpc.server.install_snapshot.request.element-limit = 8 (default)
2025-04-23 14:37:22,520 [omNode-3@group-523986131536-LeaderElection15] INFO  grpc.GrpcConfigKeys (ConfUtils.java:logGet(46)) - raft.grpc.server.install_snapshot.request.timeout = 3000ms (default)
2025-04-23 14:37:22,520 [omNode-3@group-523986131536-LeaderElection15] INFO  grpc.GrpcConfigKeys (ConfUtils.java:logGet(46)) - raft.grpc.server.log-message.batch.duration = 5s (default)
2025-04-23 14:37:22,520 [omNode-3@group-523986131536-LeaderElection15] INFO  server.RaftServerConfigKeys (ConfUtils.java:logGet(46)) - raft.server.log.appender.install.snapshot.enabled = false (custom)
2025-04-23 14:37:22,520 [omNode-3@group-523986131536-LeaderElection15] INFO  grpc.GrpcConfigKeys (ConfUtils.java:logGet(46)) - raft.grpc.server.heartbeat.channel = true (default)
2025-04-23 14:37:22,521 [omNode-3@group-523986131536-LeaderElection15] INFO  server.RaftServerConfigKeys (ConfUtils.java:logGet(46)) - raft.server.log.appender.snapshot.chunk.size.max = 16MB (=16777216) (default)
2025-04-23 14:37:22,521 [omNode-3@group-523986131536-LeaderElection15] INFO  server.RaftServerConfigKeys (ConfUtils.java:logGet(46)) - raft.server.log.appender.buffer.byte-limit = 4194304 (custom)
2025-04-23 14:37:22,521 [omNode-3@group-523986131536-LeaderElection15] INFO  server.RaftServerConfigKeys (ConfUtils.java:logGet(46)) - raft.server.log.appender.buffer.element-limit = 1024 (custom)
2025-04-23 14:37:22,521 [omNode-3@group-523986131536-LeaderElection15] INFO  server.RaftServerConfigKeys (ConfUtils.java:logGet(46)) - raft.server.log.appender.wait-time.min = 0ms (custom)
2025-04-23 14:37:22,521 [omNode-3@group-523986131536-LeaderElection15] INFO  grpc.GrpcConfigKeys (ConfUtils.java:logGet(46)) - raft.grpc.server.leader.outstanding.appends.max = 8 (default)
2025-04-23 14:37:22,521 [omNode-3@group-523986131536-LeaderElection15] INFO  server.RaftServerConfigKeys (ConfUtils.java:logGet(46)) - raft.server.rpc.request.timeout = 3000ms (default)
2025-04-23 14:37:22,521 [omNode-3@group-523986131536-LeaderElection15] INFO  grpc.GrpcConfigKeys (ConfUtils.java:logGet(46)) - raft.grpc.server.install_snapshot.request.element-limit = 8 (default)
2025-04-23 14:37:22,521 [omNode-3@group-523986131536-LeaderElection15] INFO  grpc.GrpcConfigKeys (ConfUtils.java:logGet(46)) - raft.grpc.server.install_snapshot.request.timeout = 3000ms (default)
2025-04-23 14:37:22,521 [omNode-3@group-523986131536-LeaderElection15] INFO  grpc.GrpcConfigKeys (ConfUtils.java:logGet(46)) - raft.grpc.server.log-message.batch.duration = 5s (default)
2025-04-23 14:37:22,521 [omNode-3@group-523986131536-LeaderElection15] INFO  server.RaftServerConfigKeys (ConfUtils.java:logGet(46)) - raft.server.log.appender.install.snapshot.enabled = false (custom)
2025-04-23 14:37:22,521 [omNode-3@group-523986131536-LeaderElection15] INFO  grpc.GrpcConfigKeys (ConfUtils.java:logGet(46)) - raft.grpc.server.heartbeat.channel = true (default)
2025-04-23 14:37:22,521 [omNode-3@group-523986131536-LeaderElection15] INFO  impl.RoleInfo (RoleInfo.java:updateAndGet(148)) - omNode-3: start omNode-3@group-523986131536-LeaderStateImpl
2025-04-23 14:37:22,521 [omNode-3@group-523986131536-LeaderElection15] INFO  server.RaftServer$Division (RaftServerImpl.java:setFirstElection(562)) - omNode-3@group-523986131536: set firstElectionSinceStartup to false for becomeLeader
2025-04-23 14:37:22,522 [omNode-3@group-523986131536-LeaderElection15] INFO  ratis.OzoneManagerStateMachine (OzoneManagerStateMachine.java:notifyLeaderChanged(169)) - omNode-3@group-523986131536: leader changed to omNode-3
2025-04-23 14:37:22,522 [omNode-3@group-523986131536-LeaderElection15] INFO  server.RaftServer$Division (ServerState.java:setLeader(272)) - omNode-3@group-523986131536: change Leader from null to omNode-3 at term 5 for becomeLeader, leader elected after 1206ms
2025-04-23 14:37:22,522 [omNode-3@group-523986131536-LeaderElection15] INFO  segmented.SegmentedRaftLogWorker (SegmentedRaftLogWorker.java:rollLogSegment(443)) - omNode-3@group-523986131536-SegmentedRaftLogWorker: Rolling segment log-33_34 to index:34
2025-04-23 14:37:22,522 [omNode-3@group-523986131536-LeaderElection15] INFO  server.RaftServer$Division (ServerState.java:setRaftConf(386)) - omNode-3@group-523986131536: set configuration conf: {index: 35, cur=peers:[omNode-3|localhost:15017, omNode-1|localhost:15009, omNode-2|localhost:15013]|listeners:[], old=null}
2025-04-23 14:37:22,523 [omNode-3@group-523986131536-SegmentedRaftLogWorker] INFO  segmented.SegmentedRaftLogWorker (SegmentedRaftLogWorker.java:execute(601)) - omNode-3@group-523986131536-SegmentedRaftLogWorker: Rolled log segment from /home/runner/work/ozone/ozone/hadoop-ozone/integration-test/target/test-dir/MiniOzoneClusterImpl-68853c07-42d2-4ef8-9e75-e3a852294e6a/omNode-3/ratis/c9bc4cf4-3bc3-3c60-a66b-523986131536/current/log_inprogress_33 to /home/runner/work/ozone/ozone/hadoop-ozone/integration-test/target/test-dir/MiniOzoneClusterImpl-68853c07-42d2-4ef8-9e75-e3a852294e6a/omNode-3/ratis/c9bc4cf4-3bc3-3c60-a66b-523986131536/current/log_33-34
2025-04-23 14:37:22,523 [omNode-3@group-523986131536-SegmentedRaftLogWorker] INFO  segmented.BufferedWriteChannel (BufferedWriteChannel.java:open(61)) - open log_inprogress_35 at position 0
2025-04-23 14:37:22,530 [omNode-1-server-thread1] INFO  ratis.OzoneManagerStateMachine (OzoneManagerStateMachine.java:notifyLeaderChanged(169)) - omNode-1@group-523986131536: leader changed to omNode-3
2025-04-23 14:37:22,530 [omNode-1-server-thread1] INFO  server.RaftServer$Division (ServerState.java:setLeader(272)) - omNode-1@group-523986131536: change Leader from null to omNode-3 at term 5 for appendEntries, leader elected after 740ms
2025-04-23 14:37:22,530 [omNode-1-server-thread2] INFO  server.RaftServer$Division (ServerState.java:setRaftConf(386)) - omNode-1@group-523986131536: set configuration conf: {index: 35, cur=peers:[omNode-3|localhost:15017, omNode-1|localhost:15009, omNode-2|localhost:15013]|listeners:[], old=null}
2025-04-23 14:37:22,531 [omNode-2-server-thread1] INFO  ratis.OzoneManagerStateMachine (OzoneManagerStateMachine.java:notifyLeaderChanged(169)) - omNode-2@group-523986131536: leader changed to omNode-3
2025-04-23 14:37:22,531 [omNode-2-server-thread1] INFO  server.RaftServer$Division (ServerState.java:setLeader(272)) - omNode-2@group-523986131536: change Leader from null to omNode-3 at term 5 for appendEntries, leader elected after 271ms
2025-04-23 14:37:22,531 [omNode-2-server-thread1] INFO  server.RaftServer$Division (RaftServerImpl.java:checkInconsistentAppendEntries(1648)) - omNode-2@group-523986131536: Failed appendEntries as previous log entry ((t:4, i:34)) is not found
2025-04-23 14:37:22,531 [omNode-2-server-thread1] INFO  server.RaftServer$Division (RaftServerImpl.java:appendEntriesAsync(1580)) - omNode-2@group-523986131536: appendEntries* reply omNode-3<-omNode-2#0:FAIL-t5,INCONSISTENCY,nextIndex=33,followerCommit=32,matchIndex=-1
2025-04-23 14:37:22,531 [omNode-1-server-thread2] INFO  segmented.SegmentedRaftLogWorker (SegmentedRaftLogWorker.java:rollLogSegment(443)) - omNode-1@group-523986131536-SegmentedRaftLogWorker: Rolling segment log-33_34 to index:34
2025-04-23 14:37:22,531 [omNode-1@group-523986131536-SegmentedRaftLogWorker] INFO  segmented.SegmentedRaftLogWorker (SegmentedRaftLogWorker.java:execute(601)) - omNode-1@group-523986131536-SegmentedRaftLogWorker: Rolled log segment from /home/runner/work/ozone/ozone/hadoop-ozone/integration-test/target/test-dir/MiniOzoneClusterImpl-68853c07-42d2-4ef8-9e75-e3a852294e6a/omNode-1/ratis/c9bc4cf4-3bc3-3c60-a66b-523986131536/current/log_inprogress_33 to /home/runner/work/ozone/ozone/hadoop-ozone/integration-test/target/test-dir/MiniOzoneClusterImpl-68853c07-42d2-4ef8-9e75-e3a852294e6a/omNode-1/ratis/c9bc4cf4-3bc3-3c60-a66b-523986131536/current/log_33-34
2025-04-23 14:37:22,532 [omNode-1@group-523986131536-SegmentedRaftLogWorker] INFO  segmented.BufferedWriteChannel (BufferedWriteChannel.java:open(61)) - open log_inprogress_35 at position 0
2025-04-23 14:37:22,532 [omNode-2-server-thread2] INFO  server.RaftServer$Division (RaftServerImpl.java:checkInconsistentAppendEntries(1648)) - omNode-2@group-523986131536: Failed appendEntries as previous log entry ((t:4, i:34)) is not found
2025-04-23 14:37:22,532 [grpc-default-executor-4] WARN  server.GrpcLogAppender (GrpcLogAppender.java:onNextImpl(519)) - omNode-3@group-523986131536->omNode-2-AppendLogResponseHandler: received INCONSISTENCY reply with nextIndex 33, errorCount=1, request=AppendEntriesRequest:cid=0,entriesCount=0
2025-04-23 14:37:22,532 [omNode-2-server-thread2] INFO  server.RaftServer$Division (RaftServerImpl.java:appendEntriesAsync(1580)) - omNode-2@group-523986131536: appendEntries* reply omNode-3<-omNode-2#1:FAIL-t5,INCONSISTENCY,nextIndex=33,followerCommit=32,matchIndex=-1
2025-04-23 14:37:22,532 [grpc-default-executor-4] INFO  leader.FollowerInfo (FollowerInfoImpl.java:info(70)) - omNode-3@group-523986131536->omNode-2: setNextIndex nextIndex: updateUnconditionally 36 -> 33
2025-04-23 14:37:22,533 [omNode-3@group-523986131536-SegmentedRaftLogWorker] INFO  segmented.SegmentedRaftLogWorker (SegmentedRaftLogWorker.java:execute(644)) - omNode-3@group-523986131536-SegmentedRaftLogWorker: created new log segment /home/runner/work/ozone/ozone/hadoop-ozone/integration-test/target/test-dir/MiniOzoneClusterImpl-68853c07-42d2-4ef8-9e75-e3a852294e6a/omNode-3/ratis/c9bc4cf4-3bc3-3c60-a66b-523986131536/current/log_inprogress_35
2025-04-23 14:37:22,535 [grpc-default-executor-7] WARN  server.GrpcLogAppender (GrpcLogAppender.java:onNextImpl(519)) - omNode-3@group-523986131536->omNode-2-AppendLogResponseHandler: received INCONSISTENCY reply with nextIndex 33, errorCount=2, request=null
2025-04-23 14:37:22,535 [grpc-default-executor-7] INFO  leader.FollowerInfo (FollowerInfoImpl.java:info(70)) - omNode-3@group-523986131536->omNode-2: setNextIndex nextIndex: updateUnconditionally 36 -> 33
2025-04-23 14:37:22,537 [omNode-2-server-thread2] INFO  server.RaftServer$Division (ServerState.java:setRaftConf(386)) - omNode-2@group-523986131536: set configuration conf: {index: 33, cur=peers:[omNode-3|localhost:15017, omNode-1|localhost:15009, omNode-2|localhost:15013]|listeners:[], old=null}
2025-04-23 14:37:22,537 [omNode-2-server-thread2] INFO  server.RaftServer$Division (ServerState.java:setRaftConf(386)) - omNode-2@group-523986131536: set configuration conf: {index: 35, cur=peers:[omNode-3|localhost:15017, omNode-1|localhost:15009, omNode-2|localhost:15013]|listeners:[], old=null}
2025-04-23 14:37:22,537 [omNode-2-server-thread2] INFO  segmented.SegmentedRaftLogWorker (SegmentedRaftLogWorker.java:rollLogSegment(443)) - omNode-2@group-523986131536-SegmentedRaftLogWorker: Rolling segment log-31_32 to index:32
2025-04-23 14:37:22,537 [omNode-2-server-thread2] INFO  segmented.SegmentedRaftLogWorker (SegmentedRaftLogWorker.java:rollLogSegment(443)) - omNode-2@group-523986131536-SegmentedRaftLogWorker: Rolling segment log-33_34 to index:34
2025-04-23 14:37:22,538 [omNode-2@group-523986131536-SegmentedRaftLogWorker] INFO  segmented.SegmentedRaftLogWorker (SegmentedRaftLogWorker.java:execute(601)) - omNode-2@group-523986131536-SegmentedRaftLogWorker: Rolled log segment from /home/runner/work/ozone/ozone/hadoop-ozone/integration-test/target/test-dir/MiniOzoneClusterImpl-68853c07-42d2-4ef8-9e75-e3a852294e6a/omNode-2/ratis/c9bc4cf4-3bc3-3c60-a66b-523986131536/current/log_inprogress_31 to /home/runner/work/ozone/ozone/hadoop-ozone/integration-test/target/test-dir/MiniOzoneClusterImpl-68853c07-42d2-4ef8-9e75-e3a852294e6a/omNode-2/ratis/c9bc4cf4-3bc3-3c60-a66b-523986131536/current/log_31-32
2025-04-23 14:37:22,538 [omNode-2@group-523986131536-SegmentedRaftLogWorker] INFO  segmented.BufferedWriteChannel (BufferedWriteChannel.java:open(61)) - open log_inprogress_33 at position 0
2025-04-23 14:37:22,539 [omNode-2-server-thread2] INFO  server.RaftServer$Division (ServerState.java:setRaftConf(386)) - omNode-2@group-523986131536: set configuration conf: {index: 33, cur=peers:[omNode-3|localhost:15017, omNode-1|localhost:15009, omNode-2|localhost:15013]|listeners:[], old=null}
2025-04-23 14:37:22,539 [omNode-2-server-thread2] INFO  server.RaftServer$Division (ServerState.java:setRaftConf(386)) - omNode-2@group-523986131536: set configuration conf: {index: 35, cur=peers:[omNode-3|localhost:15017, omNode-1|localhost:15009, omNode-2|localhost:15013]|listeners:[], old=null}
2025-04-23 14:37:22,542 [omNode-1@group-523986131536-SegmentedRaftLogWorker] INFO  segmented.SegmentedRaftLogWorker (SegmentedRaftLogWorker.java:execute(644)) - omNode-1@group-523986131536-SegmentedRaftLogWorker: created new log segment /home/runner/work/ozone/ozone/hadoop-ozone/integration-test/target/test-dir/MiniOzoneClusterImpl-68853c07-42d2-4ef8-9e75-e3a852294e6a/omNode-1/ratis/c9bc4cf4-3bc3-3c60-a66b-523986131536/current/log_inprogress_35
2025-04-23 14:37:22,546 [omNode-3@group-523986131536-StateMachineUpdater] INFO  ratis.OzoneManagerStateMachine (OzoneManagerStateMachine.java:notifyConfigurationChanged(231)) - notifyConfigurationChanged from Ratis: term=5, index=35, New Peer list: omNode-3(localhost:15017), omNode-1(localhost:15009), omNode-2(localhost:15013)
2025-04-23 14:37:22,546 [omNode-3@group-523986131536-StateMachineUpdater] INFO  server.RaftServer$Division (LeaderStateImpl.java:checkStartIndex(313)) - Leader omNode-3@group-523986131536-LeaderStateImpl is ready since appliedIndex == startIndex == 35
2025-04-23 14:37:22,546 [omNode-1@group-523986131536-StateMachineUpdater] INFO  ratis.OzoneManagerStateMachine (OzoneManagerStateMachine.java:notifyConfigurationChanged(231)) - notifyConfigurationChanged from Ratis: term=5, index=35, New Peer list: omNode-3(localhost:15017), omNode-1(localhost:15009), omNode-2(localhost:15013)
2025-04-23 14:37:22,552 [omNode-2@group-523986131536-SegmentedRaftLogWorker] INFO  segmented.SegmentedRaftLogWorker (SegmentedRaftLogWorker.java:execute(644)) - omNode-2@group-523986131536-SegmentedRaftLogWorker: created new log segment /home/runner/work/ozone/ozone/hadoop-ozone/integration-test/target/test-dir/MiniOzoneClusterImpl-68853c07-42d2-4ef8-9e75-e3a852294e6a/omNode-2/ratis/c9bc4cf4-3bc3-3c60-a66b-523986131536/current/log_inprogress_33
2025-04-23 14:37:22,553 [omNode-2@group-523986131536-SegmentedRaftLogWorker] INFO  segmented.SegmentedRaftLogWorker (SegmentedRaftLogWorker.java:execute(601)) - omNode-2@group-523986131536-SegmentedRaftLogWorker: Rolled log segment from /home/runner/work/ozone/ozone/hadoop-ozone/integration-test/target/test-dir/MiniOzoneClusterImpl-68853c07-42d2-4ef8-9e75-e3a852294e6a/omNode-2/ratis/c9bc4cf4-3bc3-3c60-a66b-523986131536/current/log_inprogress_33 to /home/runner/work/ozone/ozone/hadoop-ozone/integration-test/target/test-dir/MiniOzoneClusterImpl-68853c07-42d2-4ef8-9e75-e3a852294e6a/omNode-2/ratis/c9bc4cf4-3bc3-3c60-a66b-523986131536/current/log_33-34
2025-04-23 14:37:22,554 [omNode-2@group-523986131536-SegmentedRaftLogWorker] INFO  segmented.BufferedWriteChannel (BufferedWriteChannel.java:open(61)) - open log_inprogress_35 at position 0
2025-04-23 14:37:22,562 [omNode-2@group-523986131536-SegmentedRaftLogWorker] INFO  segmented.SegmentedRaftLogWorker (SegmentedRaftLogWorker.java:execute(644)) - omNode-2@group-523986131536-SegmentedRaftLogWorker: created new log segment /home/runner/work/ozone/ozone/hadoop-ozone/integration-test/target/test-dir/MiniOzoneClusterImpl-68853c07-42d2-4ef8-9e75-e3a852294e6a/omNode-2/ratis/c9bc4cf4-3bc3-3c60-a66b-523986131536/current/log_inprogress_35
2025-04-23 14:37:22,564 [omNode-2@group-523986131536-StateMachineUpdater] INFO  ratis.OzoneManagerStateMachine (OzoneManagerStateMachine.java:notifyConfigurationChanged(231)) - notifyConfigurationChanged from Ratis: term=4, index=33, New Peer list: omNode-3(localhost:15017), omNode-1(localhost:15009), omNode-2(localhost:15013)
2025-04-23 14:37:22,565 [omNode-2@group-523986131536-StateMachineUpdater] INFO  ratis.OzoneManagerStateMachine (OzoneManagerStateMachine.java:notifyConfigurationChanged(231)) - notifyConfigurationChanged from Ratis: term=5, index=35, New Peer list: omNode-3(localhost:15017), omNode-1(localhost:15009), omNode-2(localhost:15013)
2025-04-23 14:37:22,653 [main] INFO  reflections.Reflections (Reflections.java:scan(219)) - Reflections took 379 ms to scan 22 urls, producing 61 keys and 7422 values
2025-04-23 14:37:22,654 [main] INFO  ipc.CallQueueManager (CallQueueManager.java:<init>(93)) - Using callQueue: class java.util.concurrent.LinkedBlockingQueue, queueCapacity: 2000, scheduler: class org.apache.hadoop.ipc.DefaultRpcScheduler, ipcBackoff: false, ipcFailOver: false.
2025-04-23 14:37:22,654 [main] INFO  ipc.Server (Server.java:<init>(1438)) - Listener at localhost:15010
2025-04-23 14:37:22,654 [Socket Reader #1 for port 15010] INFO  ipc.Server (Server.java:run(1474)) - Starting Socket Reader #1 for port 15010
2025-04-23 14:37:22,654 [Socket Reader #2 for port 15010] INFO  ipc.Server (Server.java:run(1474)) - Starting Socket Reader #2 for port 15010
2025-04-23 14:37:22,655 [Socket Reader #3 for port 15010] INFO  ipc.Server (Server.java:run(1474)) - Starting Socket Reader #3 for port 15010
2025-04-23 14:37:22,655 [Socket Reader #4 for port 15010] INFO  ipc.Server (Server.java:run(1474)) - Starting Socket Reader #4 for port 15010
2025-04-23 14:37:22,655 [Socket Reader #5 for port 15010] INFO  ipc.Server (Server.java:run(1474)) - Starting Socket Reader #5 for port 15010
2025-04-23 14:37:22,655 [Socket Reader #6 for port 15010] INFO  ipc.Server (Server.java:run(1474)) - Starting Socket Reader #6 for port 15010
2025-04-23 14:37:22,655 [Socket Reader #7 for port 15010] INFO  ipc.Server (Server.java:run(1474)) - Starting Socket Reader #7 for port 15010
2025-04-23 14:37:22,655 [Socket Reader #8 for port 15010] INFO  ipc.Server (Server.java:run(1474)) - Starting Socket Reader #8 for port 15010
2025-04-23 14:37:22,656 [Socket Reader #9 for port 15010] INFO  ipc.Server (Server.java:run(1474)) - Starting Socket Reader #9 for port 15010
2025-04-23 14:37:22,656 [Socket Reader #10 for port 15010] INFO  ipc.Server (Server.java:run(1474)) - Starting Socket Reader #10 for port 15010
2025-04-23 14:37:22,657 [main] INFO  http.BaseHttpServer (BaseHttpServer.java:newHttpServer2BuilderForOzone(229)) - Starting Web-server for ozoneManager at: http://0.0.0.0:15011
2025-04-23 14:37:22,658 [main] INFO  http.BaseHttpServer (BaseHttpServer.java:<init>(107)) - Hadoop Security Enabled: false Ozone Security Enabled: false Ozone HTTP Security Enabled: false 
2025-04-23 14:37:22,658 [main] WARN  server.AuthenticationFilter (AuthenticationFilter.java:constructSecretProvider(240)) - Unable to initialize FileSignerSecretProvider, falling back to use random secrets. Reason: Could not read signature secret file: /home/runner/hadoop-http-auth-signature-secret
2025-04-23 14:37:22,660 [main] INFO  http.HttpServer2 (HttpServer2.java:addGlobalFilter(1041)) - Added global filter 'safety' (class=org.apache.hadoop.hdds.server.http.HttpServer2$QuotingInputFilter)
2025-04-23 14:37:22,661 [main] INFO  http.HttpServer2 (HttpServer2.java:addFilter(1017)) - Added filter static_user_filter (class=org.apache.hadoop.http.lib.StaticUserWebFilter$StaticUserFilter) to context ozoneManager
2025-04-23 14:37:22,661 [main] INFO  http.HttpServer2 (HttpServer2.java:addFilter(1025)) - Added filter static_user_filter (class=org.apache.hadoop.http.lib.StaticUserWebFilter$StaticUserFilter) to context logs
2025-04-23 14:37:22,661 [main] INFO  http.HttpServer2 (HttpServer2.java:addFilter(1025)) - Added filter static_user_filter (class=org.apache.hadoop.http.lib.StaticUserWebFilter$StaticUserFilter) to context static
2025-04-23 14:37:22,662 [main] INFO  http.BaseHttpServer (BaseHttpServer.java:<init>(195)) - HTTP server of ozoneManager uses base directory /home/runner/work/ozone/ozone/hadoop-ozone/integration-test/target/test-dir/MiniOzoneClusterImpl-68853c07-42d2-4ef8-9e75-e3a852294e6a/omNode-2/webserver
2025-04-23 14:37:22,662 [main] INFO  http.HttpServer2 (HttpServer2.java:bindListener(1241)) - Jetty bound to port 15011
2025-04-23 14:37:22,662 [main] INFO  server.Server (Server.java:doStart(375)) - jetty-9.4.57.v20241219; built: 2025-01-08T21:24:30.412Z; git: df524e6b29271c2e09ba9aea83c18dc9db464a31; jvm 21.0.7+6-LTS
2025-04-23 14:37:22,664 [main] INFO  server.session (DefaultSessionIdManager.java:doStart(334)) - DefaultSessionIdManager workerName=node0
2025-04-23 14:37:22,664 [main] INFO  server.session (DefaultSessionIdManager.java:doStart(339)) - No SessionScavenger set, using defaults
2025-04-23 14:37:22,664 [main] INFO  server.session (HouseKeeper.java:startScavenging(132)) - node0 Scavenging every 660000ms
2025-04-23 14:37:22,665 [main] INFO  handler.ContextHandler (ContextHandler.java:doStart(921)) - Started o.e.j.s.ServletContextHandler@6241da92{logs,/logs,file:///home/runner/work/ozone/ozone/hadoop-ozone/integration-test/target/log,AVAILABLE}
2025-04-23 14:37:22,665 [main] INFO  handler.ContextHandler (ContextHandler.java:doStart(921)) - Started o.e.j.s.ServletContextHandler@46ed92c5{static,/static,file:///home/runner/work/ozone/ozone/hadoop-ozone/integration-test/target/test-classes/webapps/static,AVAILABLE}
2025-04-23 14:37:22,670 [main] INFO  handler.ContextHandler (ContextHandler.java:doStart(921)) - Started o.e.j.w.WebAppContext@3b0178da{ozoneManager,/,file:///home/runner/work/ozone/ozone/hadoop-ozone/integration-test/target/test-classes/webapps/ozoneManager/,AVAILABLE}{file:/home/runner/work/ozone/ozone/hadoop-ozone/integration-test/target/test-classes/webapps/ozoneManager}
2025-04-23 14:37:22,670 [main] INFO  server.AbstractConnector (AbstractConnector.java:doStart(333)) - Started ServerConnector@3fc3b78b{HTTP/1.1, (http/1.1)}{0.0.0.0:15011}
2025-04-23 14:37:22,670 [main] INFO  server.Server (Server.java:doStart(415)) - Started @42949ms
2025-04-23 14:37:22,670 [main] WARN  impl.MetricsSystemImpl (MetricsSystemImpl.java:register(279)) - Sink prometheus already exists!
2025-04-23 14:37:22,671 [main] INFO  http.BaseHttpServer (BaseHttpServer.java:updateConnectorAddress(360)) - HTTP server of ozoneManager listening at http://0.0.0.0:15011
2025-04-23 14:37:22,671 [IPC Server Responder] INFO  ipc.Server (Server.java:run(1713)) - IPC Server Responder: starting
2025-04-23 14:37:22,671 [IPC Server listener on 15010] INFO  ipc.Server (Server.java:run(1553)) - IPC Server listener on 15010: starting
2025-04-23 14:37:22,674 [main] INFO  om.OzoneManager (OzoneManager.java:startTrashEmptier(2257)) - Trash Interval set to 0. Files deleted won't move to trash
]]></system-out>
  </testcase>
  <testcase name="testKeyDeletion" classname="org.apache.hadoop.ozone.om.TestOzoneManagerHAWithStoppedNodes" time="22.852">
    <system-out><![CDATA[2025-04-23 14:37:22,676 [main] INFO  rpc.RpcClient (RpcClient.java:createVolume(462)) - Creating Volume: volume8177fe15-27d7-427a-bca7-97e2527d7289, with user41826 as owner and space quota set to -1 bytes, counts quota set to -1
2025-04-23 14:37:22,679 [main] INFO  retry.RetryInvocationHandler (RetryInvocationHandler.java:log(426)) - com.google.protobuf.ServiceException: org.apache.hadoop.ipc.RemoteException(org.apache.hadoop.ozone.om.exceptions.OMNotLeaderException): OM:omNode-1 is not the leader. Suggested leader is OM:omNode-3[localhost/127.0.0.1].
	at org.apache.hadoop.ozone.om.ratis.OzoneManagerRatisServer.newOMNotLeaderException(OzoneManagerRatisServer.java:813)
	at org.apache.hadoop.ozone.om.OzoneManager.checkLeaderStatus(OzoneManager.java:4355)
	at org.apache.hadoop.ozone.om.ratis.utils.OzoneManagerRatisUtils.checkLeaderStatus(OzoneManagerRatisUtils.java:500)
	at org.apache.hadoop.ozone.protocolPB.OzoneManagerProtocolServerSideTranslatorPB.internalProcessRequest(OzoneManagerProtocolServerSideTranslatorPB.java:165)
	at org.apache.hadoop.ozone.protocolPB.OzoneManagerProtocolServerSideTranslatorPB.processRequest(OzoneManagerProtocolServerSideTranslatorPB.java:125)
	at org.apache.hadoop.hdds.server.OzoneProtocolMessageDispatcher.processRequest(OzoneProtocolMessageDispatcher.java:87)
	at org.apache.hadoop.ozone.protocolPB.OzoneManagerProtocolServerSideTranslatorPB.submitRequest(OzoneManagerProtocolServerSideTranslatorPB.java:116)
	at org.apache.hadoop.ozone.protocol.proto.OzoneManagerProtocolProtos$OzoneManagerService$2.callBlockingMethod(OzoneManagerProtocolProtos.java)
	at org.apache.hadoop.ipc.ProtobufRpcEngine$Server.processCall(ProtobufRpcEngine.java:484)
	at org.apache.hadoop.ipc.ProtobufRpcEngine2$Server$ProtoBufRpcInvoker.call(ProtobufRpcEngine2.java:595)
	at org.apache.hadoop.ipc.ProtobufRpcEngine2$Server$ProtoBufRpcInvoker.call(ProtobufRpcEngine2.java:573)
	at org.apache.hadoop.ipc.RPC$Server.call(RPC.java:1227)
	at org.apache.hadoop.ipc.Server$RpcCall.run(Server.java:1246)
	at org.apache.hadoop.ipc.Server$RpcCall.run(Server.java:1169)
	at java.base/java.security.AccessController.doPrivileged(AccessController.java:714)
	at java.base/javax.security.auth.Subject.doAs(Subject.java:525)
	at org.apache.hadoop.security.UserGroupInformation.doAs(UserGroupInformation.java:1953)
	at org.apache.hadoop.ipc.Server$Handler.run(Server.java:3198)
, while invoking $Proxy68.submitRequest over nodeId=omNode-1,nodeAddress=127.0.0.1:15006. Trying to failover immediately. Current retry count: 0.
2025-04-23 14:37:22,681 [main] INFO  retry.RetryInvocationHandler (RetryInvocationHandler.java:log(426)) - com.google.protobuf.ServiceException: org.apache.hadoop.ipc.RemoteException(org.apache.hadoop.ozone.om.exceptions.OMNotLeaderException): OM:omNode-2 is not the leader. Suggested leader is OM:omNode-3[localhost/127.0.0.1].
	at org.apache.hadoop.ozone.om.ratis.OzoneManagerRatisServer.newOMNotLeaderException(OzoneManagerRatisServer.java:813)
	at org.apache.hadoop.ozone.om.OzoneManager.checkLeaderStatus(OzoneManager.java:4355)
	at org.apache.hadoop.ozone.om.ratis.utils.OzoneManagerRatisUtils.checkLeaderStatus(OzoneManagerRatisUtils.java:500)
	at org.apache.hadoop.ozone.protocolPB.OzoneManagerProtocolServerSideTranslatorPB.internalProcessRequest(OzoneManagerProtocolServerSideTranslatorPB.java:165)
	at org.apache.hadoop.ozone.protocolPB.OzoneManagerProtocolServerSideTranslatorPB.processRequest(OzoneManagerProtocolServerSideTranslatorPB.java:125)
	at org.apache.hadoop.hdds.server.OzoneProtocolMessageDispatcher.processRequest(OzoneProtocolMessageDispatcher.java:87)
	at org.apache.hadoop.ozone.protocolPB.OzoneManagerProtocolServerSideTranslatorPB.submitRequest(OzoneManagerProtocolServerSideTranslatorPB.java:116)
	at org.apache.hadoop.ozone.protocol.proto.OzoneManagerProtocolProtos$OzoneManagerService$2.callBlockingMethod(OzoneManagerProtocolProtos.java)
	at org.apache.hadoop.ipc.ProtobufRpcEngine$Server.processCall(ProtobufRpcEngine.java:484)
	at org.apache.hadoop.ipc.ProtobufRpcEngine2$Server$ProtoBufRpcInvoker.call(ProtobufRpcEngine2.java:595)
	at org.apache.hadoop.ipc.ProtobufRpcEngine2$Server$ProtoBufRpcInvoker.call(ProtobufRpcEngine2.java:573)
	at org.apache.hadoop.ipc.RPC$Server.call(RPC.java:1227)
	at org.apache.hadoop.ipc.Server$RpcCall.run(Server.java:1246)
	at org.apache.hadoop.ipc.Server$RpcCall.run(Server.java:1169)
	at java.base/java.security.AccessController.doPrivileged(AccessController.java:714)
	at java.base/javax.security.auth.Subject.doAs(Subject.java:525)
	at org.apache.hadoop.security.UserGroupInformation.doAs(UserGroupInformation.java:1953)
	at org.apache.hadoop.ipc.Server$Handler.run(Server.java:3198)
, while invoking $Proxy68.submitRequest over nodeId=omNode-2,nodeAddress=127.0.0.1:15010 after 1 failover attempts. Trying to failover immediately. Current retry count: 1.
2025-04-23 14:37:22,698 [omNode-3-OMStateMachineApplyTransactionThread - 0] WARN  helpers.OzoneAclUtil (OzoneAclUtil.java:getDefaultAclList(77)) - Failed to get primary group from user user41826 (auth:SIMPLE)
2025-04-23 14:37:22,699 [omNode-3-OMStateMachineApplyTransactionThread - 0] INFO  volume.OMVolumeCreateRequest (OMVolumeCreateRequest.java:validateAndUpdateCache(203)) - created volume:volume8177fe15-27d7-427a-bca7-97e2527d7289 for user:user41826
2025-04-23 14:37:22,699 [omNode-1-OMStateMachineApplyTransactionThread - 0] WARN  helpers.OzoneAclUtil (OzoneAclUtil.java:getDefaultAclList(77)) - Failed to get primary group from user user41826 (auth:SIMPLE)
2025-04-23 14:37:22,699 [omNode-1-OMStateMachineApplyTransactionThread - 0] INFO  volume.OMVolumeCreateRequest (OMVolumeCreateRequest.java:validateAndUpdateCache(203)) - created volume:volume8177fe15-27d7-427a-bca7-97e2527d7289 for user:user41826
2025-04-23 14:37:22,698 [omNode-2-OMStateMachineApplyTransactionThread - 0] WARN  helpers.OzoneAclUtil (OzoneAclUtil.java:getDefaultAclList(77)) - Failed to get primary group from user user41826 (auth:SIMPLE)
2025-04-23 14:37:22,700 [omNode-2-OMStateMachineApplyTransactionThread - 0] INFO  volume.OMVolumeCreateRequest (OMVolumeCreateRequest.java:validateAndUpdateCache(203)) - created volume:volume8177fe15-27d7-427a-bca7-97e2527d7289 for user:user41826
2025-04-23 14:37:22,704 [main] INFO  rpc.RpcClient (RpcClient.java:createBucket(687)) - Creating Bucket: volume8177fe15-27d7-427a-bca7-97e2527d7289/66191425-d811-4613-9e63-f102c1b96def, with server-side default bucket layout, runner as owner, Versioning false, Storage Type set to DISK and Encryption set to false, Replication Type set to server-side default replication type, Namespace Quota set to -1, Space Quota set to -1 
2025-04-23 14:37:22,709 [omNode-3-OMStateMachineApplyTransactionThread - 0] INFO  bucket.OMBucketCreateRequest (OMBucketCreateRequest.java:validateAndUpdateCache(291)) - created bucket: 66191425-d811-4613-9e63-f102c1b96def of layout OBJECT_STORE in volume: volume8177fe15-27d7-427a-bca7-97e2527d7289
2025-04-23 14:37:22,710 [omNode-1-OMStateMachineApplyTransactionThread - 0] INFO  bucket.OMBucketCreateRequest (OMBucketCreateRequest.java:validateAndUpdateCache(291)) - created bucket: 66191425-d811-4613-9e63-f102c1b96def of layout OBJECT_STORE in volume: volume8177fe15-27d7-427a-bca7-97e2527d7289
2025-04-23 14:37:22,711 [omNode-2-OMStateMachineApplyTransactionThread - 0] INFO  bucket.OMBucketCreateRequest (OMBucketCreateRequest.java:validateAndUpdateCache(291)) - created bucket: 66191425-d811-4613-9e63-f102c1b96def of layout OBJECT_STORE in volume: volume8177fe15-27d7-427a-bca7-97e2527d7289
2025-04-23 14:37:24,149 [timer0] WARN  server.GrpcLogAppender (GrpcLogAppender.java:lambda$resetClient$1(221)) - omNode-3@group-523986131536->omNode-2-GrpcLogAppender: Follower failed (request=null, errorCount=2); keep nextIndex (33) unchanged and retry. (Repeated 2 times in the last 5.000s)
2025-04-23 14:37:24,149 [timer7] WARN  server.GrpcLogAppender (LogUtils.java:warn(121)) - omNode-3@group-523986131536->omNode-2-AppendLogResponseHandler: Failed appendEntries (Repeated 8 times in the last 5.001s): org.apache.ratis.thirdparty.io.grpc.StatusRuntimeException: UNAVAILABLE: io exception
2025-04-23 14:37:24,152 [timer3] WARN  server.GrpcLogAppender (GrpcLogAppender.java:lambda$resetClient$1(221)) - omNode-3@group-523986131536->omNode-2-GrpcLogAppender: Follower failed (request=null, errorCount=4); keep nextIndex (34) unchanged and retry. (Repeated 2 times in the last 5.001s)
2025-04-23 14:37:24,171 [timer7] WARN  server.GrpcLogAppender (GrpcLogAppender.java:lambda$resetClient$1(221)) - omNode-3@group-523986131536->omNode-2-GrpcLogAppender: Follower failed (request=null, errorCount=8); keep nextIndex (35) unchanged and retry. (Repeated 4 times in the last 5.000s)
2025-04-23 14:37:31,309 [omNode-3-KeyDeletingService#0] INFO  utils.BackgroundService (AbstractKeyDeletingService.java:processKeyDeletes(117)) - Send 2 key(s) to SCM, first 2 keys: [BlockGroup[groupID='/volume8177fe15-27d7-427a-bca7-97e2527d7289/66191425-d811-4613-9e63-f102c1b96def/dir/file1/-9223372036854765312', blockIDs=[conID: 3 locID: 115816896921600003 bcsId: 0 replicaIndex: null]], BlockGroup[groupID='/volume8177fe15-27d7-427a-bca7-97e2527d7289/66191425-d811-4613-9e63-f102c1b96def/dir/file2/-9223372036854764288', blockIDs=[conID: 1 locID: 115816896921600004 bcsId: 0 replicaIndex: null]]]
2025-04-23 14:37:31,318 [IPC Server handler 3 on default port 15001] INFO  ha.SequenceIdGenerator (SequenceIdGenerator.java:getNextId(143)) - Allocate a batch for delTxnId, change lastId from 0 to 1000.
2025-04-23 14:37:31,331 [omNode-3-KeyDeletingService#0] INFO  utils.BackgroundService (AbstractKeyDeletingService.java:processKeyDeletes(122)) - 2 BlockGroup deletion are acked by SCM in 22 ms
2025-04-23 14:37:31,342 [omNode-3-KeyDeletingService#0] INFO  utils.BackgroundService (AbstractKeyDeletingService.java:processKeyDeletes(130)) - Blocks for 2 (out of 2) keys are deleted from DB in 11 ms. Limit per task is 2.
2025-04-23 14:37:41,307 [omNode-3-KeyDeletingService#0] INFO  utils.BackgroundService (AbstractKeyDeletingService.java:processKeyDeletes(117)) - Send 2 key(s) to SCM, first 2 keys: [BlockGroup[groupID='/volume8177fe15-27d7-427a-bca7-97e2527d7289/66191425-d811-4613-9e63-f102c1b96def/dir/file3/-9223372036854763264', blockIDs=[conID: 4 locID: 115816896921600005 bcsId: 0 replicaIndex: null]], BlockGroup[groupID='/volume8177fe15-27d7-427a-bca7-97e2527d7289/66191425-d811-4613-9e63-f102c1b96def/dir/file4/-9223372036854762240', blockIDs=[conID: 5 locID: 115816896921600006 bcsId: 0 replicaIndex: null]]]
2025-04-23 14:37:41,310 [omNode-3-KeyDeletingService#0] INFO  utils.BackgroundService (AbstractKeyDeletingService.java:processKeyDeletes(122)) - 2 BlockGroup deletion are acked by SCM in 3 ms
2025-04-23 14:37:41,313 [omNode-3-KeyDeletingService#0] INFO  utils.BackgroundService (AbstractKeyDeletingService.java:processKeyDeletes(130)) - Blocks for 2 (out of 2) keys are deleted from DB in 3 ms. Limit per task is 2.
2025-04-23 14:37:43,020 [main] INFO  om.OzoneManager (OzoneManager.java:stop(2347)) - omNode-3[localhost:15014]: Stopping Ozone Manager
2025-04-23 14:37:43,020 [main] INFO  ipc.Server (Server.java:stop(3697)) - Stopping server on 15014
2025-04-23 14:37:43,022 [IPC Server listener on 15014] INFO  ipc.Server (Server.java:run(1585)) - Stopping IPC Server listener on 15014
2025-04-23 14:37:43,022 [IPC Server Responder] INFO  ipc.Server (Server.java:run(1718)) - Stopping IPC Server Responder
2025-04-23 14:37:43,022 [main] INFO  ratis.OzoneManagerRatisServer (OzoneManagerRatisServer.java:stop(634)) - Stopping org.apache.hadoop.ozone.om.ratis.OzoneManagerRatisServer@24470f8d at port 15017
2025-04-23 14:37:43,022 [main] INFO  server.RaftServer (RaftServerProxy.java:lambda$close$9(417)) - omNode-3: close
2025-04-23 14:37:43,022 [main] INFO  server.GrpcService (GrpcService.java:closeImpl(343)) - omNode-3: shutdown server GrpcServerProtocolService now
2025-04-23 14:37:43,022 [omNode-3-impl-thread1] INFO  server.RaftServer$Division (RaftServerImpl.java:lambda$close$1(513)) - omNode-3@group-523986131536: shutdown
2025-04-23 14:37:43,023 [omNode-3-impl-thread1] INFO  util.JmxRegister (JmxRegister.java:unregister(74)) - Successfully un-registered JMX Bean with object name Ratis:service=RaftServer,group=group-523986131536,id=omNode-3
2025-04-23 14:37:43,023 [omNode-3-impl-thread1] INFO  impl.RoleInfo (RoleInfo.java:shutdownLeaderState(103)) - omNode-3: shutdown omNode-3@group-523986131536-LeaderStateImpl
2025-04-23 14:37:43,023 [omNode-3-impl-thread1] INFO  impl.PendingRequests (PendingRequests.java:sendNotLeaderResponses(287)) - omNode-3@group-523986131536-PendingRequests: sendNotLeaderResponses
2025-04-23 14:37:43,023 [omNode-3@group-523986131536->omNode-2-GrpcLogAppender-LogAppenderDaemon] WARN  server.GrpcLogAppender (GrpcLogAppender.java:mayWait(293)) - omNode-3@group-523986131536->omNode-2-GrpcLogAppender: Wait interrupted by java.lang.InterruptedException
2025-04-23 14:37:43,024 [grpc-default-executor-4] INFO  server.GrpcServerProtocolService (GrpcServerProtocolService.java:onCompleted(157)) - omNode-2: Completed APPEND_ENTRIES, lastRequest: null
2025-04-23 14:37:43,024 [grpc-default-executor-4] INFO  server.GrpcServerProtocolService (GrpcServerProtocolService.java:lambda$onCompleted$5(159)) - omNode-2: Completed APPEND_ENTRIES, lastReply: serverReply {
  requestorId: "omNode-3"
  replyId: "omNode-2"
  raftGroupId {
    id: "\311\274L\364;\303<`\246kR9\206\023\0256"
  }
  callId: 130
  success: true
}
term: 5
nextIndex: 69
followerCommit: 68
matchIndex: 18446744073709551615
isHearbeat: true

2025-04-23 14:37:43,024 [omNode-3@group-523986131536->omNode-1-GrpcLogAppender-LogAppenderDaemon] WARN  server.GrpcLogAppender (GrpcLogAppender.java:mayWait(293)) - omNode-3@group-523986131536->omNode-1-GrpcLogAppender: Wait interrupted by java.lang.InterruptedException
2025-04-23 14:37:43,025 [grpc-default-executor-4] INFO  server.GrpcServerProtocolService (GrpcServerProtocolService.java:onCompleted(157)) - omNode-1: Completed APPEND_ENTRIES, lastRequest: null
2025-04-23 14:37:43,025 [grpc-default-executor-7] INFO  server.GrpcServerProtocolService (GrpcServerProtocolService.java:onCompleted(157)) - omNode-2: Completed APPEND_ENTRIES, lastRequest: omNode-3->omNode-2#124-t5,previous=(t:5, i:67),leaderCommit=67,initializing? false,entries: size=1, first=(t:5, i:68), METADATAENTRY(c:67)
2025-04-23 14:37:43,025 [grpc-default-executor-7] INFO  server.GrpcServerProtocolService (GrpcServerProtocolService.java:lambda$onCompleted$5(159)) - omNode-2: Completed APPEND_ENTRIES, lastReply: null
2025-04-23 14:37:43,025 [grpc-default-executor-7] INFO  server.GrpcLogAppender (GrpcLogAppender.java:onCompleted(550)) - omNode-3@group-523986131536->omNode-2-AppendLogResponseHandler: follower responses appendEntries COMPLETED
2025-04-23 14:37:43,026 [grpc-default-executor-6] INFO  server.GrpcServerProtocolService (GrpcServerProtocolService.java:onCompleted(157)) - omNode-1: Completed APPEND_ENTRIES, lastRequest: omNode-3->omNode-1#116-t5,previous=(t:5, i:67),leaderCommit=67,initializing? false,entries: size=1, first=(t:5, i:68), METADATAENTRY(c:67)
2025-04-23 14:37:43,026 [grpc-default-executor-6] INFO  server.GrpcServerProtocolService (GrpcServerProtocolService.java:lambda$onCompleted$5(159)) - omNode-1: Completed APPEND_ENTRIES, lastReply: null
2025-04-23 14:37:43,025 [grpc-default-executor-4] INFO  server.GrpcServerProtocolService (GrpcServerProtocolService.java:lambda$onCompleted$5(159)) - omNode-1: Completed APPEND_ENTRIES, lastReply: serverReply {
  requestorId: "omNode-3"
  replyId: "omNode-1"
  raftGroupId {
    id: "\311\274L\364;\303<`\246kR9\206\023\0256"
  }
  callId: 122
  success: true
}
term: 5
nextIndex: 69
followerCommit: 68
matchIndex: 18446744073709551615
isHearbeat: true

2025-04-23 14:37:43,026 [grpc-default-executor-0] INFO  server.GrpcLogAppender (GrpcLogAppender.java:onCompleted(550)) - omNode-3@group-523986131536->omNode-2-AppendLogResponseHandler: follower responses appendEntries COMPLETED
2025-04-23 14:37:43,026 [grpc-default-executor-0] INFO  server.GrpcLogAppender (GrpcLogAppender.java:onCompleted(550)) - omNode-3@group-523986131536->omNode-1-AppendLogResponseHandler: follower responses appendEntries COMPLETED
2025-04-23 14:37:43,027 [grpc-default-executor-6] INFO  server.GrpcLogAppender (GrpcLogAppender.java:onCompleted(550)) - omNode-3@group-523986131536->omNode-1-AppendLogResponseHandler: follower responses appendEntries COMPLETED
2025-04-23 14:37:43,028 [grpc-default-executor-6] WARN  server.GrpcLogAppender (GrpcLogAppender.java:resetClient(230)) - omNode-3@group-523986131536->omNode-1-GrpcLogAppender: Failed to getClient for omNode-1
org.apache.ratis.protocol.exceptions.AlreadyClosedException: omNode-3 is already CLOSED
	at org.apache.ratis.util.PeerProxyMap$PeerAndProxy.getProxy(PeerProxyMap.java:67)
	at org.apache.ratis.util.PeerProxyMap.getProxy(PeerProxyMap.java:124)
	at org.apache.ratis.grpc.server.GrpcLogAppender.getClient(GrpcLogAppender.java:200)
	at org.apache.ratis.grpc.server.GrpcLogAppender.resetClient(GrpcLogAppender.java:205)
	at org.apache.ratis.grpc.server.GrpcLogAppender.access$800(GrpcLogAppender.java:64)
	at org.apache.ratis.grpc.server.GrpcLogAppender$AppendLogResponseHandler.onCompleted(GrpcLogAppender.java:551)
	at org.apache.ratis.thirdparty.io.grpc.stub.ClientCalls$StreamObserverToCallListenerAdapter.onClose(ClientCalls.java:479)
	at org.apache.ratis.thirdparty.io.grpc.internal.DelayedClientCall$DelayedListener$3.run(DelayedClientCall.java:489)
	at org.apache.ratis.thirdparty.io.grpc.internal.DelayedClientCall$DelayedListener.delayOrExecute(DelayedClientCall.java:453)
	at org.apache.ratis.thirdparty.io.grpc.internal.DelayedClientCall$DelayedListener.onClose(DelayedClientCall.java:486)
	at org.apache.ratis.thirdparty.io.grpc.internal.ClientCallImpl.closeObserver(ClientCallImpl.java:567)
	at org.apache.ratis.thirdparty.io.grpc.internal.ClientCallImpl.access$300(ClientCallImpl.java:71)
	at org.apache.ratis.thirdparty.io.grpc.internal.ClientCallImpl$ClientStreamListenerImpl$1StreamClosed.runInternal(ClientCallImpl.java:735)
	at org.apache.ratis.thirdparty.io.grpc.internal.ClientCallImpl$ClientStreamListenerImpl$1StreamClosed.runInContext(ClientCallImpl.java:716)
	at org.apache.ratis.thirdparty.io.grpc.internal.ContextRunnable.run(ContextRunnable.java:37)
	at org.apache.ratis.thirdparty.io.grpc.internal.SerializingExecutor.run(SerializingExecutor.java:133)
	at java.base/java.util.concurrent.ThreadPoolExecutor.runWorker(ThreadPoolExecutor.java:1144)
	at java.base/java.util.concurrent.ThreadPoolExecutor$Worker.run(ThreadPoolExecutor.java:642)
	at java.base/java.lang.Thread.run(Thread.java:1583)
2025-04-23 14:37:43,027 [omNode-3-impl-thread1] INFO  impl.StateMachineUpdater (StateMachineUpdater.java:stopAndJoin(164)) - omNode-3@group-523986131536-StateMachineUpdater: set stopIndex = 68
2025-04-23 14:37:43,027 [Thread-1905] INFO  server.GrpcServerProtocolClient (GrpcServerProtocolClient.java:close(105)) - omNode-1 Close channels
2025-04-23 14:37:43,027 [Thread-1906] INFO  server.GrpcServerProtocolClient (GrpcServerProtocolClient.java:close(105)) - omNode-2 Close channels
2025-04-23 14:37:43,029 [main] INFO  server.GrpcService (GrpcService.java:closeImpl(352)) - omNode-3: shutdown server GrpcServerProtocolService successfully
2025-04-23 14:37:43,060 [omNode-3@group-523986131536-StateMachineUpdater] INFO  ratis.OzoneManagerStateMachine (OzoneManagerStateMachine.java:takeSnapshotImpl(510)) - omNode-3: taking snapshot. applied = (t:5, i:68), skipped = 67, notified = (t:5, i:68), current snapshot index = (t:5, i:68), took 33 ms
2025-04-23 14:37:43,060 [omNode-3@group-523986131536-StateMachineUpdater] INFO  impl.StateMachineUpdater (StateMachineUpdater.java:takeSnapshot(303)) - omNode-3@group-523986131536-StateMachineUpdater: Took a snapshot at index 68
2025-04-23 14:37:43,060 [omNode-3@group-523986131536-StateMachineUpdater] INFO  impl.StateMachineUpdater (StateMachineUpdater.java:lambda$new$0(102)) - omNode-3@group-523986131536-StateMachineUpdater: snapshotIndex: updateIncreasingly 34 -> 68
2025-04-23 14:37:43,060 [omNode-3@group-523986131536-StateMachineUpdater] INFO  raftlog.RaftLog (RaftLogBase.java:purge(325)) - omNode-3@group-523986131536-SegmentedRaftLog: purge 68
2025-04-23 14:37:43,061 [omNode-3@group-523986131536-StateMachineUpdater] INFO  raftlog.RaftLog (RaftLogBase.java:lambda$new$0(54)) - omNode-3@group-523986131536-SegmentedRaftLog: snapshotIndex: updateIncreasingly 34 -> 68
2025-04-23 14:37:43,061 [omNode-3@group-523986131536-StateMachineUpdater] INFO  raftlog.RaftLog (SegmentedRaftLog.java:purgeImpl(382)) - omNode-3@group-523986131536-SegmentedRaftLog: purge(68)
  toTruncate: null
    toDelete: [(33, 34) isOpen? false, length=0, newEndIndex=0, (31, 32) isOpen? false, length=0, newEndIndex=0, (21, 30) isOpen? false, length=0, newEndIndex=0, (0, 20) isOpen? false, length=0, newEndIndex=0]
2025-04-23 14:37:43,062 [omNode-3@group-523986131536-SegmentedRaftLogWorker] INFO  segmented.SegmentedRaftLogWorker (SegmentedRaftLogWorker.java:execute(481)) - omNode-3@group-523986131536-SegmentedRaftLogWorker: Purged RaftLog segment: info=(33, 34) isOpen? false, length=0, newEndIndex=0, path=/home/runner/work/ozone/ozone/hadoop-ozone/integration-test/target/test-dir/MiniOzoneClusterImpl-68853c07-42d2-4ef8-9e75-e3a852294e6a/omNode-3/ratis/c9bc4cf4-3bc3-3c60-a66b-523986131536/current/log_33-34
2025-04-23 14:37:43,062 [omNode-3@group-523986131536-StateMachineUpdater] INFO  impl.StateMachineUpdater (StateMachineUpdater.java:stop(141)) - omNode-3@group-523986131536-StateMachineUpdater: closing OzoneManagerStateMachine, lastApplied=(t:5, i:68)
2025-04-23 14:37:43,062 [omNode-3@group-523986131536-StateMachineUpdater] INFO  ratis.OzoneManagerStateMachine (OzoneManagerStateMachine.java:close(550)) - Stopping OzoneManagerStateMachine:omNode-3:group-523986131536.
2025-04-23 14:37:43,062 [omNode-3@group-523986131536-SegmentedRaftLogWorker] INFO  segmented.SegmentedRaftLogWorker (SegmentedRaftLogWorker.java:execute(481)) - omNode-3@group-523986131536-SegmentedRaftLogWorker: Purged RaftLog segment: info=(31, 32) isOpen? false, length=0, newEndIndex=0, path=/home/runner/work/ozone/ozone/hadoop-ozone/integration-test/target/test-dir/MiniOzoneClusterImpl-68853c07-42d2-4ef8-9e75-e3a852294e6a/omNode-3/ratis/c9bc4cf4-3bc3-3c60-a66b-523986131536/current/log_31-32
2025-04-23 14:37:43,062 [omNode-3@group-523986131536-StateMachineUpdater] INFO  ratis.OzoneManagerDoubleBuffer (OzoneManagerDoubleBuffer.java:stopDaemon(500)) - Stopping OMDoubleBuffer flush thread
2025-04-23 14:37:43,062 [omNode-3@group-523986131536-SegmentedRaftLogWorker] INFO  segmented.SegmentedRaftLogWorker (SegmentedRaftLogWorker.java:execute(481)) - omNode-3@group-523986131536-SegmentedRaftLogWorker: Purged RaftLog segment: info=(21, 30) isOpen? false, length=0, newEndIndex=0, path=/home/runner/work/ozone/ozone/hadoop-ozone/integration-test/target/test-dir/MiniOzoneClusterImpl-68853c07-42d2-4ef8-9e75-e3a852294e6a/omNode-3/ratis/c9bc4cf4-3bc3-3c60-a66b-523986131536/current/log_21-30
2025-04-23 14:37:43,062 [omNode-3-OMDoubleBufferFlushThread] INFO  ratis.OzoneManagerDoubleBuffer (OzoneManagerDoubleBuffer.java:canFlush(559)) - OMDoubleBuffer flush thread omNode-3-OMDoubleBufferFlushThread is interrupted and will exit.
2025-04-23 14:37:43,063 [omNode-3@group-523986131536-SegmentedRaftLogWorker] INFO  segmented.SegmentedRaftLogWorker (SegmentedRaftLogWorker.java:execute(481)) - omNode-3@group-523986131536-SegmentedRaftLogWorker: Purged RaftLog segment: info=(0, 20) isOpen? false, length=0, newEndIndex=0, path=/home/runner/work/ozone/ozone/hadoop-ozone/integration-test/target/test-dir/MiniOzoneClusterImpl-68853c07-42d2-4ef8-9e75-e3a852294e6a/omNode-3/ratis/c9bc4cf4-3bc3-3c60-a66b-523986131536/current/log_0-20
2025-04-23 14:37:43,063 [omNode-3@group-523986131536-SegmentedRaftLogWorker] INFO  raftlog.RaftLog (RaftLogBase.java:lambda$new$0(54)) - omNode-3@group-523986131536-SegmentedRaftLog: purgeIndex: updateToMax old=-1, new=34, updated? true
2025-04-23 14:37:43,063 [omNode-3@group-523986131536-cacheEviction-AwaitToRun] INFO  util.AwaitToRun (AwaitToRun.java:run(49)) - omNode-3@group-523986131536-cacheEviction-AwaitToRun-AwaitForSignal is interrupted
2025-04-23 14:37:44,064 [omNode-3-impl-thread1] INFO  segmented.SegmentedRaftLogWorker (SegmentedRaftLogWorker.java:close(252)) - omNode-3@group-523986131536-SegmentedRaftLogWorker close()
2025-04-23 14:37:44,064 [JvmPauseMonitor14] INFO  util.JvmPauseMonitor (JvmPauseMonitor.java:run(152)) - JvmPauseMonitor-omNode-3: Stopped
2025-04-23 14:37:44,064 [main] INFO  utils.BackgroundService (BackgroundService.java:shutdown(161)) - Shutting down service KeyDeletingService
2025-04-23 14:37:44,065 [main] INFO  utils.BackgroundService (BackgroundService.java:shutdown(161)) - Shutting down service DirectoryDeletingService
2025-04-23 14:37:44,066 [main] INFO  utils.BackgroundService (BackgroundService.java:shutdown(161)) - Shutting down service OpenKeyCleanupService
2025-04-23 14:37:44,067 [main] INFO  utils.BackgroundService (BackgroundService.java:shutdown(161)) - Shutting down service SstFilteringService
2025-04-23 14:37:44,067 [main] INFO  utils.BackgroundService (BackgroundService.java:shutdown(161)) - Shutting down service SnapshotDeletingService
2025-04-23 14:37:44,067 [main] INFO  utils.BackgroundService (BackgroundService.java:shutdown(161)) - Shutting down service MultipartUploadCleanupService
2025-04-23 14:37:44,068 [main] INFO  handler.ContextHandler (ContextHandler.java:doStop(1159)) - Stopped o.e.j.w.WebAppContext@45791d5d{ozoneManager,/,null,STOPPED}{file:/home/runner/work/ozone/ozone/hadoop-ozone/integration-test/target/test-classes/webapps/ozoneManager}
2025-04-23 14:37:44,069 [main] INFO  server.AbstractConnector (AbstractConnector.java:doStop(383)) - Stopped ServerConnector@6cb18bfb{HTTP/1.1, (http/1.1)}{0.0.0.0:15015}
2025-04-23 14:37:44,069 [main] INFO  server.session (HouseKeeper.java:stopScavenging(149)) - node0 Stopped scavenging
2025-04-23 14:37:44,069 [main] INFO  handler.ContextHandler (ContextHandler.java:doStop(1159)) - Stopped o.e.j.s.ServletContextHandler@5f013be0{static,/static,file:///home/runner/work/ozone/ozone/hadoop-ozone/integration-test/target/test-classes/webapps/static,STOPPED}
2025-04-23 14:37:44,069 [main] INFO  handler.ContextHandler (ContextHandler.java:doStop(1159)) - Stopped o.e.j.s.ServletContextHandler@6973cb98{logs,/logs,file:///home/runner/work/ozone/ozone/hadoop-ozone/integration-test/target/log,STOPPED}
2025-04-23 14:37:44,070 [main] INFO  rocksdiff.RocksDBCheckpointDiffer (RocksDBCheckpointDiffer.java:close(304)) - Shutting down CompactionDagPruningService.
2025-04-23 14:37:44,072 [main] INFO  snapshot.SnapshotDiffManager (SnapshotDiffManager.java:closeExecutorService(1698)) - Shutting down executorService: 'SnapDiffExecutor'
2025-04-23 14:37:44,073 [main] INFO  utils.BackgroundService (BackgroundService.java:shutdown(161)) - Shutting down service SnapshotDiffCleanupService
2025-04-23 14:37:44,074 [main] INFO  om.OzoneManager (OzoneManager.java:stop(2347)) - omNode-1[localhost:15006]: Stopping Ozone Manager
2025-04-23 14:37:44,074 [main] INFO  ipc.Server (Server.java:stop(3697)) - Stopping server on 15006
2025-04-23 14:37:44,075 [IPC Server listener on 15006] INFO  ipc.Server (Server.java:run(1585)) - Stopping IPC Server listener on 15006
2025-04-23 14:37:44,076 [IPC Server Responder] INFO  ipc.Server (Server.java:run(1718)) - Stopping IPC Server Responder
2025-04-23 14:37:44,076 [main] INFO  ratis.OzoneManagerRatisServer (OzoneManagerRatisServer.java:stop(634)) - Stopping org.apache.hadoop.ozone.om.ratis.OzoneManagerRatisServer@50a26e56 at port 15009
2025-04-23 14:37:44,076 [main] INFO  server.RaftServer (RaftServerProxy.java:lambda$close$9(417)) - omNode-1: close
2025-04-23 14:37:44,076 [omNode-1-impl-thread1] INFO  server.RaftServer$Division (RaftServerImpl.java:lambda$close$1(513)) - omNode-1@group-523986131536: shutdown
2025-04-23 14:37:44,076 [omNode-1-impl-thread1] INFO  util.JmxRegister (JmxRegister.java:unregister(74)) - Successfully un-registered JMX Bean with object name Ratis:service=RaftServer,group=group-523986131536,id=omNode-1
2025-04-23 14:37:44,076 [omNode-1-impl-thread1] INFO  impl.RoleInfo (RoleInfo.java:shutdownFollowerState(121)) - omNode-1: shutdown omNode-1@group-523986131536-FollowerState
2025-04-23 14:37:44,076 [omNode-1-impl-thread1] INFO  impl.StateMachineUpdater (StateMachineUpdater.java:stopAndJoin(164)) - omNode-1@group-523986131536-StateMachineUpdater: set stopIndex = 68
2025-04-23 14:37:44,077 [omNode-1@group-523986131536-FollowerState] INFO  impl.FollowerState (FollowerState.java:runImpl(170)) - omNode-1@group-523986131536-FollowerState was interrupted
2025-04-23 14:37:44,077 [main] INFO  server.GrpcService (GrpcService.java:closeImpl(343)) - omNode-1: shutdown server GrpcServerProtocolService now
2025-04-23 14:37:44,078 [main] INFO  server.GrpcService (GrpcService.java:closeImpl(352)) - omNode-1: shutdown server GrpcServerProtocolService successfully
2025-04-23 14:37:44,099 [omNode-1@group-523986131536-StateMachineUpdater] INFO  ratis.OzoneManagerStateMachine (OzoneManagerStateMachine.java:takeSnapshotImpl(510)) - omNode-1: taking snapshot. applied = (t:5, i:68), skipped = 67, notified = (t:5, i:68), current snapshot index = (t:5, i:68), took 22 ms
2025-04-23 14:37:44,099 [omNode-1@group-523986131536-StateMachineUpdater] INFO  impl.StateMachineUpdater (StateMachineUpdater.java:takeSnapshot(303)) - omNode-1@group-523986131536-StateMachineUpdater: Took a snapshot at index 68
2025-04-23 14:37:44,099 [omNode-1@group-523986131536-StateMachineUpdater] INFO  impl.StateMachineUpdater (StateMachineUpdater.java:lambda$new$0(102)) - omNode-1@group-523986131536-StateMachineUpdater: snapshotIndex: updateIncreasingly 33 -> 68
2025-04-23 14:37:44,099 [omNode-1@group-523986131536-StateMachineUpdater] INFO  raftlog.RaftLog (RaftLogBase.java:purge(325)) - omNode-1@group-523986131536-SegmentedRaftLog: purge 68
2025-04-23 14:37:44,099 [omNode-1@group-523986131536-StateMachineUpdater] INFO  raftlog.RaftLog (RaftLogBase.java:lambda$new$0(54)) - omNode-1@group-523986131536-SegmentedRaftLog: snapshotIndex: updateIncreasingly 33 -> 68
2025-04-23 14:37:44,099 [omNode-1@group-523986131536-StateMachineUpdater] INFO  raftlog.RaftLog (SegmentedRaftLog.java:purgeImpl(382)) - omNode-1@group-523986131536-SegmentedRaftLog: purge(68)
  toTruncate: null
    toDelete: [(33, 34) isOpen? false, length=0, newEndIndex=0, (31, 32) isOpen? false, length=0, newEndIndex=0, (21, 30) isOpen? false, length=0, newEndIndex=0, (0, 20) isOpen? false, length=0, newEndIndex=0]
2025-04-23 14:37:44,099 [omNode-1@group-523986131536-StateMachineUpdater] INFO  impl.StateMachineUpdater (StateMachineUpdater.java:stop(141)) - omNode-1@group-523986131536-StateMachineUpdater: closing OzoneManagerStateMachine, lastApplied=(t:5, i:68)
2025-04-23 14:37:44,100 [omNode-1@group-523986131536-StateMachineUpdater] INFO  ratis.OzoneManagerStateMachine (OzoneManagerStateMachine.java:close(550)) - Stopping OzoneManagerStateMachine:omNode-1:group-523986131536.
2025-04-23 14:37:44,100 [omNode-1@group-523986131536-StateMachineUpdater] INFO  ratis.OzoneManagerDoubleBuffer (OzoneManagerDoubleBuffer.java:stopDaemon(500)) - Stopping OMDoubleBuffer flush thread
2025-04-23 14:37:44,100 [omNode-1-OMDoubleBufferFlushThread] INFO  ratis.OzoneManagerDoubleBuffer (OzoneManagerDoubleBuffer.java:canFlush(559)) - OMDoubleBuffer flush thread omNode-1-OMDoubleBufferFlushThread is interrupted and will exit.
2025-04-23 14:37:44,100 [omNode-1@group-523986131536-SegmentedRaftLogWorker] INFO  segmented.SegmentedRaftLogWorker (SegmentedRaftLogWorker.java:execute(481)) - omNode-1@group-523986131536-SegmentedRaftLogWorker: Purged RaftLog segment: info=(33, 34) isOpen? false, length=0, newEndIndex=0, path=/home/runner/work/ozone/ozone/hadoop-ozone/integration-test/target/test-dir/MiniOzoneClusterImpl-68853c07-42d2-4ef8-9e75-e3a852294e6a/omNode-1/ratis/c9bc4cf4-3bc3-3c60-a66b-523986131536/current/log_33-34
2025-04-23 14:37:44,100 [omNode-1@group-523986131536-SegmentedRaftLogWorker] INFO  segmented.SegmentedRaftLogWorker (SegmentedRaftLogWorker.java:execute(481)) - omNode-1@group-523986131536-SegmentedRaftLogWorker: Purged RaftLog segment: info=(31, 32) isOpen? false, length=0, newEndIndex=0, path=/home/runner/work/ozone/ozone/hadoop-ozone/integration-test/target/test-dir/MiniOzoneClusterImpl-68853c07-42d2-4ef8-9e75-e3a852294e6a/omNode-1/ratis/c9bc4cf4-3bc3-3c60-a66b-523986131536/current/log_31-32
2025-04-23 14:37:44,100 [omNode-1@group-523986131536-cacheEviction-AwaitToRun] INFO  util.AwaitToRun (AwaitToRun.java:run(49)) - omNode-1@group-523986131536-cacheEviction-AwaitToRun-AwaitForSignal is interrupted
2025-04-23 14:37:44,100 [omNode-1@group-523986131536-SegmentedRaftLogWorker] INFO  segmented.SegmentedRaftLogWorker (SegmentedRaftLogWorker.java:execute(481)) - omNode-1@group-523986131536-SegmentedRaftLogWorker: Purged RaftLog segment: info=(21, 30) isOpen? false, length=0, newEndIndex=0, path=/home/runner/work/ozone/ozone/hadoop-ozone/integration-test/target/test-dir/MiniOzoneClusterImpl-68853c07-42d2-4ef8-9e75-e3a852294e6a/omNode-1/ratis/c9bc4cf4-3bc3-3c60-a66b-523986131536/current/log_21-30
2025-04-23 14:37:44,100 [omNode-1@group-523986131536-SegmentedRaftLogWorker] INFO  segmented.SegmentedRaftLogWorker (SegmentedRaftLogWorker.java:execute(481)) - omNode-1@group-523986131536-SegmentedRaftLogWorker: Purged RaftLog segment: info=(0, 20) isOpen? false, length=0, newEndIndex=0, path=/home/runner/work/ozone/ozone/hadoop-ozone/integration-test/target/test-dir/MiniOzoneClusterImpl-68853c07-42d2-4ef8-9e75-e3a852294e6a/omNode-1/ratis/c9bc4cf4-3bc3-3c60-a66b-523986131536/current/log_0-20
2025-04-23 14:37:44,100 [omNode-1@group-523986131536-SegmentedRaftLogWorker] INFO  raftlog.RaftLog (RaftLogBase.java:lambda$new$0(54)) - omNode-1@group-523986131536-SegmentedRaftLog: purgeIndex: updateToMax old=-1, new=34, updated? true
2025-04-23 14:37:44,101 [omNode-1-impl-thread1] INFO  segmented.SegmentedRaftLogWorker (SegmentedRaftLogWorker.java:close(252)) - omNode-1@group-523986131536-SegmentedRaftLogWorker close()
2025-04-23 14:37:44,102 [JvmPauseMonitor15] INFO  util.JvmPauseMonitor (JvmPauseMonitor.java:run(152)) - JvmPauseMonitor-omNode-1: Stopped
2025-04-23 14:37:44,102 [main] INFO  utils.BackgroundService (BackgroundService.java:shutdown(161)) - Shutting down service KeyDeletingService
2025-04-23 14:37:44,102 [main] INFO  utils.BackgroundService (BackgroundService.java:shutdown(161)) - Shutting down service DirectoryDeletingService
2025-04-23 14:37:44,103 [main] INFO  utils.BackgroundService (BackgroundService.java:shutdown(161)) - Shutting down service OpenKeyCleanupService
2025-04-23 14:37:44,104 [main] INFO  utils.BackgroundService (BackgroundService.java:shutdown(161)) - Shutting down service SstFilteringService
2025-04-23 14:37:44,104 [main] INFO  utils.BackgroundService (BackgroundService.java:shutdown(161)) - Shutting down service SnapshotDeletingService
2025-04-23 14:37:44,104 [main] INFO  utils.BackgroundService (BackgroundService.java:shutdown(161)) - Shutting down service MultipartUploadCleanupService
2025-04-23 14:37:44,105 [main] INFO  handler.ContextHandler (ContextHandler.java:doStop(1159)) - Stopped o.e.j.w.WebAppContext@61010338{ozoneManager,/,null,STOPPED}{file:/home/runner/work/ozone/ozone/hadoop-ozone/integration-test/target/test-classes/webapps/ozoneManager}
2025-04-23 14:37:44,105 [main] INFO  server.AbstractConnector (AbstractConnector.java:doStop(383)) - Stopped ServerConnector@76e0d8dd{HTTP/1.1, (http/1.1)}{0.0.0.0:15007}
2025-04-23 14:37:44,105 [main] INFO  server.session (HouseKeeper.java:stopScavenging(149)) - node0 Stopped scavenging
2025-04-23 14:37:44,106 [main] INFO  handler.ContextHandler (ContextHandler.java:doStop(1159)) - Stopped o.e.j.s.ServletContextHandler@16678136{static,/static,file:///home/runner/work/ozone/ozone/hadoop-ozone/integration-test/target/test-classes/webapps/static,STOPPED}
2025-04-23 14:37:44,106 [main] INFO  handler.ContextHandler (ContextHandler.java:doStop(1159)) - Stopped o.e.j.s.ServletContextHandler@a368e85{logs,/logs,file:///home/runner/work/ozone/ozone/hadoop-ozone/integration-test/target/log,STOPPED}
2025-04-23 14:37:44,107 [main] INFO  rocksdiff.RocksDBCheckpointDiffer (RocksDBCheckpointDiffer.java:close(304)) - Shutting down CompactionDagPruningService.
2025-04-23 14:37:44,108 [main] INFO  snapshot.SnapshotDiffManager (SnapshotDiffManager.java:closeExecutorService(1698)) - Shutting down executorService: 'SnapDiffExecutor'
2025-04-23 14:37:44,108 [main] INFO  utils.BackgroundService (BackgroundService.java:shutdown(161)) - Shutting down service SnapshotDiffCleanupService
2025-04-23 14:37:44,109 [main] INFO  om.OzoneManager (OzoneManager.java:stop(2347)) - omNode-2[localhost:15010]: Stopping Ozone Manager
2025-04-23 14:37:44,109 [main] INFO  ipc.Server (Server.java:stop(3697)) - Stopping server on 15010
2025-04-23 14:37:44,110 [IPC Server listener on 15010] INFO  ipc.Server (Server.java:run(1585)) - Stopping IPC Server listener on 15010
2025-04-23 14:37:44,110 [main] INFO  ratis.OzoneManagerRatisServer (OzoneManagerRatisServer.java:stop(634)) - Stopping org.apache.hadoop.ozone.om.ratis.OzoneManagerRatisServer@13dce736 at port 15013
2025-04-23 14:37:44,110 [IPC Server Responder] INFO  ipc.Server (Server.java:run(1718)) - Stopping IPC Server Responder
2025-04-23 14:37:44,111 [main] INFO  server.RaftServer (RaftServerProxy.java:lambda$close$9(417)) - omNode-2: close
2025-04-23 14:37:44,111 [omNode-2-impl-thread1] INFO  server.RaftServer$Division (RaftServerImpl.java:lambda$close$1(513)) - omNode-2@group-523986131536: shutdown
2025-04-23 14:37:44,111 [omNode-2-impl-thread1] INFO  util.JmxRegister (JmxRegister.java:unregister(74)) - Successfully un-registered JMX Bean with object name Ratis:service=RaftServer,group=group-523986131536,id=omNode-2
2025-04-23 14:37:44,111 [omNode-2-impl-thread1] INFO  impl.RoleInfo (RoleInfo.java:shutdownFollowerState(121)) - omNode-2: shutdown omNode-2@group-523986131536-FollowerState
2025-04-23 14:37:44,111 [omNode-2-impl-thread1] INFO  impl.StateMachineUpdater (StateMachineUpdater.java:stopAndJoin(164)) - omNode-2@group-523986131536-StateMachineUpdater: set stopIndex = 68
2025-04-23 14:37:44,111 [main] INFO  server.GrpcService (GrpcService.java:closeImpl(343)) - omNode-2: shutdown server GrpcServerProtocolService now
2025-04-23 14:37:44,111 [omNode-2@group-523986131536-FollowerState] INFO  impl.FollowerState (FollowerState.java:runImpl(170)) - omNode-2@group-523986131536-FollowerState was interrupted
2025-04-23 14:37:44,113 [main] INFO  server.GrpcService (GrpcService.java:closeImpl(352)) - omNode-2: shutdown server GrpcServerProtocolService successfully
2025-04-23 14:37:44,135 [omNode-2@group-523986131536-StateMachineUpdater] INFO  ratis.OzoneManagerStateMachine (OzoneManagerStateMachine.java:takeSnapshotImpl(510)) - omNode-2: taking snapshot. applied = (t:5, i:68), skipped = 67, notified = (t:5, i:68), current snapshot index = (t:5, i:68), took 23 ms
2025-04-23 14:37:44,135 [omNode-2@group-523986131536-StateMachineUpdater] INFO  impl.StateMachineUpdater (StateMachineUpdater.java:takeSnapshot(303)) - omNode-2@group-523986131536-StateMachineUpdater: Took a snapshot at index 68
2025-04-23 14:37:44,135 [omNode-2@group-523986131536-StateMachineUpdater] INFO  impl.StateMachineUpdater (StateMachineUpdater.java:lambda$new$0(102)) - omNode-2@group-523986131536-StateMachineUpdater: snapshotIndex: updateIncreasingly 32 -> 68
2025-04-23 14:37:44,135 [omNode-2@group-523986131536-StateMachineUpdater] INFO  raftlog.RaftLog (RaftLogBase.java:purge(325)) - omNode-2@group-523986131536-SegmentedRaftLog: purge 68
2025-04-23 14:37:44,135 [omNode-2@group-523986131536-StateMachineUpdater] INFO  raftlog.RaftLog (RaftLogBase.java:lambda$new$0(54)) - omNode-2@group-523986131536-SegmentedRaftLog: snapshotIndex: updateIncreasingly 32 -> 68
2025-04-23 14:37:44,135 [omNode-2@group-523986131536-StateMachineUpdater] INFO  raftlog.RaftLog (SegmentedRaftLog.java:purgeImpl(382)) - omNode-2@group-523986131536-SegmentedRaftLog: purge(68)
  toTruncate: null
    toDelete: [(33, 34) isOpen? false, length=0, newEndIndex=0, (31, 32) isOpen? false, length=0, newEndIndex=0, (21, 30) isOpen? false, length=0, newEndIndex=0, (0, 20) isOpen? false, length=0, newEndIndex=0]
2025-04-23 14:37:44,135 [omNode-2@group-523986131536-StateMachineUpdater] INFO  impl.StateMachineUpdater (StateMachineUpdater.java:stop(141)) - omNode-2@group-523986131536-StateMachineUpdater: closing OzoneManagerStateMachine, lastApplied=(t:5, i:68)
2025-04-23 14:37:44,135 [omNode-2@group-523986131536-StateMachineUpdater] INFO  ratis.OzoneManagerStateMachine (OzoneManagerStateMachine.java:close(550)) - Stopping OzoneManagerStateMachine:omNode-2:group-523986131536.
2025-04-23 14:37:44,135 [omNode-2@group-523986131536-StateMachineUpdater] INFO  ratis.OzoneManagerDoubleBuffer (OzoneManagerDoubleBuffer.java:stopDaemon(500)) - Stopping OMDoubleBuffer flush thread
2025-04-23 14:37:44,135 [omNode-2-OMDoubleBufferFlushThread] INFO  ratis.OzoneManagerDoubleBuffer (OzoneManagerDoubleBuffer.java:canFlush(559)) - OMDoubleBuffer flush thread omNode-2-OMDoubleBufferFlushThread is interrupted and will exit.
2025-04-23 14:37:44,135 [omNode-2@group-523986131536-SegmentedRaftLogWorker] INFO  segmented.SegmentedRaftLogWorker (SegmentedRaftLogWorker.java:execute(481)) - omNode-2@group-523986131536-SegmentedRaftLogWorker: Purged RaftLog segment: info=(33, 34) isOpen? false, length=0, newEndIndex=0, path=/home/runner/work/ozone/ozone/hadoop-ozone/integration-test/target/test-dir/MiniOzoneClusterImpl-68853c07-42d2-4ef8-9e75-e3a852294e6a/omNode-2/ratis/c9bc4cf4-3bc3-3c60-a66b-523986131536/current/log_33-34
2025-04-23 14:37:44,135 [omNode-2@group-523986131536-SegmentedRaftLogWorker] INFO  segmented.SegmentedRaftLogWorker (SegmentedRaftLogWorker.java:execute(481)) - omNode-2@group-523986131536-SegmentedRaftLogWorker: Purged RaftLog segment: info=(31, 32) isOpen? false, length=0, newEndIndex=0, path=/home/runner/work/ozone/ozone/hadoop-ozone/integration-test/target/test-dir/MiniOzoneClusterImpl-68853c07-42d2-4ef8-9e75-e3a852294e6a/omNode-2/ratis/c9bc4cf4-3bc3-3c60-a66b-523986131536/current/log_31-32
2025-04-23 14:37:44,136 [omNode-2@group-523986131536-SegmentedRaftLogWorker] INFO  segmented.SegmentedRaftLogWorker (SegmentedRaftLogWorker.java:execute(481)) - omNode-2@group-523986131536-SegmentedRaftLogWorker: Purged RaftLog segment: info=(21, 30) isOpen? false, length=0, newEndIndex=0, path=/home/runner/work/ozone/ozone/hadoop-ozone/integration-test/target/test-dir/MiniOzoneClusterImpl-68853c07-42d2-4ef8-9e75-e3a852294e6a/omNode-2/ratis/c9bc4cf4-3bc3-3c60-a66b-523986131536/current/log_21-30
2025-04-23 14:37:44,136 [omNode-2@group-523986131536-cacheEviction-AwaitToRun] INFO  util.AwaitToRun (AwaitToRun.java:run(49)) - omNode-2@group-523986131536-cacheEviction-AwaitToRun-AwaitForSignal is interrupted
2025-04-23 14:37:44,136 [omNode-2@group-523986131536-SegmentedRaftLogWorker] INFO  segmented.SegmentedRaftLogWorker (SegmentedRaftLogWorker.java:execute(481)) - omNode-2@group-523986131536-SegmentedRaftLogWorker: Purged RaftLog segment: info=(0, 20) isOpen? false, length=0, newEndIndex=0, path=/home/runner/work/ozone/ozone/hadoop-ozone/integration-test/target/test-dir/MiniOzoneClusterImpl-68853c07-42d2-4ef8-9e75-e3a852294e6a/omNode-2/ratis/c9bc4cf4-3bc3-3c60-a66b-523986131536/current/log_0-20
2025-04-23 14:37:44,136 [omNode-2@group-523986131536-SegmentedRaftLogWorker] INFO  raftlog.RaftLog (RaftLogBase.java:lambda$new$0(54)) - omNode-2@group-523986131536-SegmentedRaftLog: purgeIndex: updateToMax old=-1, new=34, updated? true
2025-04-23 14:37:44,137 [omNode-2-impl-thread1] INFO  segmented.SegmentedRaftLogWorker (SegmentedRaftLogWorker.java:close(252)) - omNode-2@group-523986131536-SegmentedRaftLogWorker close()
2025-04-23 14:37:44,137 [JvmPauseMonitor16] INFO  util.JvmPauseMonitor (JvmPauseMonitor.java:run(152)) - JvmPauseMonitor-omNode-2: Stopped
2025-04-23 14:37:44,137 [main] INFO  utils.BackgroundService (BackgroundService.java:shutdown(161)) - Shutting down service KeyDeletingService
2025-04-23 14:37:44,138 [main] INFO  utils.BackgroundService (BackgroundService.java:shutdown(161)) - Shutting down service DirectoryDeletingService
2025-04-23 14:37:44,139 [main] INFO  utils.BackgroundService (BackgroundService.java:shutdown(161)) - Shutting down service OpenKeyCleanupService
2025-04-23 14:37:44,139 [main] INFO  utils.BackgroundService (BackgroundService.java:shutdown(161)) - Shutting down service SstFilteringService
2025-04-23 14:37:44,139 [main] INFO  utils.BackgroundService (BackgroundService.java:shutdown(161)) - Shutting down service SnapshotDeletingService
2025-04-23 14:37:44,140 [main] INFO  utils.BackgroundService (BackgroundService.java:shutdown(161)) - Shutting down service MultipartUploadCleanupService
2025-04-23 14:37:44,140 [main] INFO  handler.ContextHandler (ContextHandler.java:doStop(1159)) - Stopped o.e.j.w.WebAppContext@3b0178da{ozoneManager,/,null,STOPPED}{file:/home/runner/work/ozone/ozone/hadoop-ozone/integration-test/target/test-classes/webapps/ozoneManager}
2025-04-23 14:37:44,141 [main] INFO  server.AbstractConnector (AbstractConnector.java:doStop(383)) - Stopped ServerConnector@3fc3b78b{HTTP/1.1, (http/1.1)}{0.0.0.0:15011}
2025-04-23 14:37:44,141 [main] INFO  server.session (HouseKeeper.java:stopScavenging(149)) - node0 Stopped scavenging
2025-04-23 14:37:44,141 [main] INFO  handler.ContextHandler (ContextHandler.java:doStop(1159)) - Stopped o.e.j.s.ServletContextHandler@46ed92c5{static,/static,file:///home/runner/work/ozone/ozone/hadoop-ozone/integration-test/target/test-classes/webapps/static,STOPPED}
2025-04-23 14:37:44,141 [main] INFO  handler.ContextHandler (ContextHandler.java:doStop(1159)) - Stopped o.e.j.s.ServletContextHandler@6241da92{logs,/logs,file:///home/runner/work/ozone/ozone/hadoop-ozone/integration-test/target/log,STOPPED}
2025-04-23 14:37:44,142 [main] INFO  rocksdiff.RocksDBCheckpointDiffer (RocksDBCheckpointDiffer.java:close(304)) - Shutting down CompactionDagPruningService.
2025-04-23 14:37:44,143 [main] INFO  snapshot.SnapshotDiffManager (SnapshotDiffManager.java:closeExecutorService(1698)) - Shutting down executorService: 'SnapDiffExecutor'
2025-04-23 14:37:44,143 [main] INFO  utils.BackgroundService (BackgroundService.java:shutdown(161)) - Shutting down service SnapshotDiffCleanupService
2025-04-23 14:37:44,144 [main] INFO  om.OzoneManager (OzoneManager.java:restart(1878)) - OzoneManager RPC server is listening at localhost/127.0.0.1:15014
2025-04-23 14:37:44,144 [main] INFO  impl.MetricsSystemImpl (MetricsSystemImpl.java:init(158)) - OzoneManager metrics system started (again)
2025-04-23 14:37:44,155 [main] WARN  server.ServerUtils (ServerUtils.java:getDBPath(297)) - ozone.om.db.dirs is not configured. We recommend adding this setting. Falling back to ozone.metadata.dirs instead.
2025-04-23 14:37:44,204 [main] INFO  om.OzoneManager (OzoneManager.java:instantiateServices(933)) - S3 Multi-Tenancy is disabled
2025-04-23 14:37:44,205 [main] INFO  om.OmSnapshotManager (OmSnapshotManager.java:<init>(180)) - Ozone filesystem snapshot feature is enabled.
2025-04-23 14:37:44,205 [main] WARN  server.ServerUtils (ServerUtils.java:getDBPath(297)) - ozone.om.snapshot.diff.db.dir is not configured. We recommend adding this setting. Falling back to ozone.metadata.dirs instead.
2025-04-23 14:37:44,219 [main] WARN  server.ServerUtils (ServerUtils.java:getDefaultRatisDirectory(309)) - Storage directory for Ratis is not configured. It is a good idea to map this to an SSD disk. Falling back to ozone.metadata.dirs
2025-04-23 14:37:44,220 [main] INFO  server.RaftServerConfigKeys (ConfUtils.java:logGet(46)) - raft.server.log.appender.buffer.byte-limit = 4194304 (custom)
2025-04-23 14:37:44,220 [main] INFO  ratis.OzoneManagerRatisServer (OzoneManagerRatisServer.java:<init>(167)) - Instantiating OM Ratis server with groupID: om-service-test1 and peers: localhost:15017, localhost:15009, localhost:15013
2025-04-23 14:37:44,221 [main] INFO  ratis.OzoneManagerStateMachine (OzoneManagerStateMachine.java:loadSnapshotInfoFromDB(611)) - LastAppliedIndex is set from TransactionInfo from OM DB as (t:5, i:68)
2025-04-23 14:37:44,221 [main] INFO  server.RaftServer (ConfUtils.java:logGet(46)) - raft.rpc.type = GRPC (default)
2025-04-23 14:37:44,221 [main] INFO  grpc.GrpcConfigKeys (ConfUtils.java:logFallback(53)) - raft.grpc.admin.host = null (fallback to raft.grpc.server.host)
2025-04-23 14:37:44,221 [main] INFO  grpc.GrpcConfigKeys (ConfUtils.java:logFallback(53)) - raft.grpc.admin.port = 15017 (fallback to raft.grpc.server.port)
2025-04-23 14:37:44,222 [main] INFO  grpc.GrpcConfigKeys (ConfUtils.java:logFallback(53)) - raft.grpc.client.host = null (fallback to raft.grpc.server.host)
2025-04-23 14:37:44,222 [main] INFO  grpc.GrpcConfigKeys (ConfUtils.java:logFallback(53)) - raft.grpc.client.port = 15017 (fallback to raft.grpc.server.port)
2025-04-23 14:37:44,222 [main] INFO  grpc.GrpcConfigKeys (ConfUtils.java:logGet(46)) - raft.grpc.server.host = null (default)
2025-04-23 14:37:44,222 [main] INFO  grpc.GrpcConfigKeys (ConfUtils.java:logGet(46)) - raft.grpc.server.port = 15017 (custom)
2025-04-23 14:37:44,222 [main] INFO  server.GrpcService (ConfUtils.java:logGet(46)) - raft.grpc.message.size.max = 5242880 (custom)
2025-04-23 14:37:44,222 [main] INFO  server.GrpcService (ConfUtils.java:logGet(46)) - raft.grpc.flow.control.window = 1MB (=1048576) (default)
2025-04-23 14:37:44,222 [main] INFO  server.RaftServerConfigKeys (ConfUtils.java:logGet(46)) - raft.server.rpc.request.timeout = 3000ms (default)
2025-04-23 14:37:44,222 [main] INFO  grpc.GrpcConfigKeys (ConfUtils.java:logGet(46)) - raft.grpc.server.heartbeat.channel = true (default)
2025-04-23 14:37:44,222 [main] INFO  server.RaftServerConfigKeys (ConfUtils.java:logGet(46)) - raft.server.log.appender.buffer.byte-limit = 4194304 (custom)
2025-04-23 14:37:44,222 [main] INFO  grpc.GrpcConfigKeys (ConfUtils.java:logGet(46)) - raft.grpc.server.async.request.thread.pool.cached = true (default)
2025-04-23 14:37:44,223 [main] INFO  grpc.GrpcConfigKeys (ConfUtils.java:logGet(46)) - raft.grpc.server.async.request.thread.pool.size = 32 (default)
2025-04-23 14:37:44,223 [main] INFO  impl.DataStreamServerImpl (ConfUtils.java:logGet(46)) - raft.datastream.type = DISABLED (default)
2025-04-23 14:37:44,223 [main] INFO  server.RaftServerConfigKeys (ConfUtils.java:logGet(46)) - raft.server.sleep.deviation.threshold = 300ms (default)
2025-04-23 14:37:44,224 [main] INFO  server.RaftServerConfigKeys (ConfUtils.java:logGet(46)) - raft.server.close.threshold = 60s (default)
2025-04-23 14:37:44,224 [main] INFO  server.RaftServerConfigKeys (ConfUtils.java:logGet(46)) - raft.server.leaderelection.leader.step-down.wait-time = 10s (default)
2025-04-23 14:37:44,224 [main] INFO  server.RaftServerConfigKeys (ConfUtils.java:logGet(46)) - raft.server.storage.dir = [/home/runner/work/ozone/ozone/hadoop-ozone/integration-test/target/test-dir/MiniOzoneClusterImpl-68853c07-42d2-4ef8-9e75-e3a852294e6a/omNode-3/ratis] (custom)
2025-04-23 14:37:44,224 [main] INFO  server.RaftServerConfigKeys (ConfUtils.java:logGet(46)) - raft.server.threadpool.proxy.cached = true (default)
2025-04-23 14:37:44,224 [main] INFO  server.RaftServerConfigKeys (ConfUtils.java:logGet(46)) - raft.server.threadpool.proxy.size = 0 (default)
2025-04-23 14:37:44,224 [omNode-3-impl-thread1] INFO  server.RaftServer (RaftServerProxy.java:initGroupDir(265)) - omNode-3: found a subdirectory /home/runner/work/ozone/ozone/hadoop-ozone/integration-test/target/test-dir/MiniOzoneClusterImpl-68853c07-42d2-4ef8-9e75-e3a852294e6a/omNode-3/ratis/c9bc4cf4-3bc3-3c60-a66b-523986131536
2025-04-23 14:37:44,225 [main] INFO  server.RaftServer (RaftServerProxy.java:addNew(100)) - omNode-3: addNew group-523986131536:[omNode-3|localhost:15017, omNode-1|localhost:15009, omNode-2|localhost:15013] returns group-523986131536:java.util.concurrent.CompletableFuture@794433b5[Not completed]
2025-04-23 14:37:44,225 [main] INFO  om.OzoneManager (OzoneManager.java:initializeRatisServer(2303)) - OzoneManager Ratis server initialized at port 15017
2025-04-23 14:37:44,225 [main] INFO  ratis.OzoneManagerRatisServer (OzoneManagerRatisServer.java:start(628)) - Starting OzoneManagerRatisServer omNode-3 at port 15017
2025-04-23 14:37:44,225 [omNode-3-groupManagement] INFO  server.RaftServer$Division (RaftServerImpl.java:<init>(255)) - omNode-3: new RaftServerImpl for group-523986131536:[omNode-3|localhost:15017, omNode-1|localhost:15009, omNode-2|localhost:15013] with OzoneManagerStateMachine:uninitialized
2025-04-23 14:37:44,225 [omNode-3-groupManagement] INFO  server.RaftServerConfigKeys (ConfUtils.java:logGet(46)) - raft.server.rpc.timeout.min = 1s (custom)
2025-04-23 14:37:44,225 [omNode-3-groupManagement] INFO  server.RaftServerConfigKeys (ConfUtils.java:logGet(46)) - raft.server.rpc.timeout.max = 1200ms (custom)
2025-04-23 14:37:44,225 [omNode-3-groupManagement] INFO  server.RaftServerConfigKeys (ConfUtils.java:logGet(46)) - raft.server.rpc.sleep.time = 25ms (default)
2025-04-23 14:37:44,225 [omNode-3-groupManagement] INFO  server.RaftServerConfigKeys (ConfUtils.java:logGet(46)) - raft.server.rpc.slowness.timeout = 2s (custom)
2025-04-23 14:37:44,225 [omNode-3-groupManagement] INFO  server.RaftServerConfigKeys (ConfUtils.java:logGet(46)) - raft.server.leaderelection.leader.step-down.wait-time = 10s (default)
2025-04-23 14:37:44,225 [omNode-3-groupManagement] INFO  server.RaftServerConfigKeys (ConfUtils.java:logGet(46)) - raft.server.leaderelection.member.majority-add = false (default)
2025-04-23 14:37:44,225 [omNode-3-groupManagement] INFO  server.RaftServerConfigKeys (ConfUtils.java:logGet(46)) - raft.server.sleep.deviation.threshold = 300ms (default)
2025-04-23 14:37:44,225 [omNode-3-groupManagement] INFO  server.RaftServer$Division (ServerState.java:<init>(114)) - omNode-3@group-523986131536: ConfigurationManager, init=conf: {index: -1, cur=peers:[omNode-3|localhost:15017, omNode-1|localhost:15009, omNode-2|localhost:15013]|listeners:[], old=null}, confs=<EMPTY_MAP>
2025-04-23 14:37:44,226 [omNode-3-groupManagement] INFO  server.RaftServerConfigKeys (ConfUtils.java:logGet(46)) - raft.server.notification.no-leader.timeout = 2s (custom)
2025-04-23 14:37:44,226 [omNode-3-groupManagement] INFO  server.RaftServerConfigKeys (ConfUtils.java:logGet(46)) - raft.server.read.timeout = 10s (default)
2025-04-23 14:37:44,226 [omNode-3-groupManagement] INFO  server.RaftServerConfigKeys (ConfUtils.java:logGet(46)) - raft.server.retrycache.expirytime = 30000ms (custom)
2025-04-23 14:37:44,226 [omNode-3-groupManagement] INFO  server.RaftServerConfigKeys (ConfUtils.java:logGet(46)) - raft.server.retrycache.statistics.expirytime = 100ms (default)
2025-04-23 14:37:44,226 [omNode-3-groupManagement] INFO  server.RaftServerConfigKeys (ConfUtils.java:logGet(46)) - raft.server.read.option = DEFAULT (default)
2025-04-23 14:37:44,226 [omNode-3-groupManagement] INFO  server.RaftServerConfigKeys (ConfUtils.java:logGet(46)) - raft.server.read.read-after-write-consistent.write-index-cache.expiry-time = 60s (default)
2025-04-23 14:37:44,227 [omNode-3-groupManagement] INFO  server.RaftServerConfigKeys (ConfUtils.java:logGet(46)) - raft.server.rpc.request.timeout = 3000ms (default)
2025-04-23 14:37:44,228 [omNode-3-groupManagement] INFO  server.RaftServerConfigKeys (ConfUtils.java:logGet(46)) - raft.server.log.appender.install.snapshot.enabled = false (custom)
2025-04-23 14:37:44,228 [omNode-3-groupManagement] INFO  server.RaftServerConfigKeys (ConfUtils.java:logGet(46)) - raft.server.threadpool.server.cached = true (default)
2025-04-23 14:37:44,228 [omNode-3-groupManagement] INFO  server.RaftServerConfigKeys (ConfUtils.java:logGet(46)) - raft.server.threadpool.server.size = 0 (default)
2025-04-23 14:37:44,228 [omNode-3-groupManagement] INFO  server.RaftServerConfigKeys (ConfUtils.java:logGet(46)) - raft.server.threadpool.client.cached = true (default)
2025-04-23 14:37:44,228 [omNode-3-groupManagement] INFO  server.RaftServerConfigKeys (ConfUtils.java:logGet(46)) - raft.server.threadpool.client.size = 0 (default)
2025-04-23 14:37:44,228 [omNode-3-impl-thread1] INFO  server.RaftServerConfigKeys (ConfUtils.java:logGet(46)) - raft.server.storage.free-space.min = 0MB (=0) (default)
2025-04-23 14:37:44,228 [omNode-3-impl-thread1] INFO  server.RaftServerConfigKeys (ConfUtils.java:logGet(46)) - raft.server.log.corruption.policy = EXCEPTION (default)
2025-04-23 14:37:44,228 [omNode-3-impl-thread1] INFO  server.RaftServerConfigKeys (ConfUtils.java:logGet(46)) - raft.server.storage.dir = [/home/runner/work/ozone/ozone/hadoop-ozone/integration-test/target/test-dir/MiniOzoneClusterImpl-68853c07-42d2-4ef8-9e75-e3a852294e6a/omNode-3/ratis] (custom)
2025-04-23 14:37:44,229 [omNode-3-impl-thread1] INFO  storage.RaftStorageDirectory (RaftStorageDirectoryImpl.java:tryLock(229)) - Lock on /home/runner/work/ozone/ozone/hadoop-ozone/integration-test/target/test-dir/MiniOzoneClusterImpl-68853c07-42d2-4ef8-9e75-e3a852294e6a/omNode-3/ratis/c9bc4cf4-3bc3-3c60-a66b-523986131536/in_use.lock acquired by nodename 129558@fv-az1120-822
2025-04-23 14:37:44,229 [omNode-3-impl-thread1] INFO  storage.RaftStorage (RaftStorageImpl.java:analyzeAndRecoverStorage(118)) - Read RaftStorageMetadata{term=5, votedFor=omNode-3} from /home/runner/work/ozone/ozone/hadoop-ozone/integration-test/target/test-dir/MiniOzoneClusterImpl-68853c07-42d2-4ef8-9e75-e3a852294e6a/omNode-3/ratis/c9bc4cf4-3bc3-3c60-a66b-523986131536/current/raft-meta
2025-04-23 14:37:44,230 [omNode-3-impl-thread1] INFO  server.RaftServer$Division (ServerState.java:setRaftConf(386)) - omNode-3@group-523986131536: set configuration conf: {index: 35, cur=peers:[omNode-3|localhost:15017, omNode-1|localhost:15009, omNode-2|localhost:15013]|listeners:[], old=null}
2025-04-23 14:37:44,230 [omNode-3-impl-thread1] INFO  ratis.OzoneManagerStateMachine (OzoneManagerStateMachine.java:lambda$0(138)) - omNode-3: initialize group-523986131536 with (t:5, i:68)
2025-04-23 14:37:44,230 [omNode-3-impl-thread1] INFO  server.RaftServerConfigKeys (ConfUtils.java:logGet(46)) - raft.server.log.use.memory = false (default)
2025-04-23 14:37:44,230 [omNode-3-impl-thread1] INFO  server.RaftServerConfigKeys (ConfUtils.java:logGet(46)) - raft.server.log.purge.gap = 50 (custom)
2025-04-23 14:37:44,230 [omNode-3-impl-thread1] INFO  server.RaftServerConfigKeys (ConfUtils.java:logGet(46)) - raft.server.log.appender.buffer.byte-limit = 4194304 (custom)
2025-04-23 14:37:44,230 [omNode-3-impl-thread1] INFO  server.RaftServerConfigKeys (ConfUtils.java:logGet(46)) - raft.server.log.statemachine.data.read.timeout = 1000ms (default)
2025-04-23 14:37:44,230 [omNode-3-impl-thread1] INFO  server.RaftServerConfigKeys (ConfUtils.java:logGet(46)) - raft.server.log.purge.preservation.log.num = 0 (default)
2025-04-23 14:37:44,231 [omNode-3-impl-thread1] INFO  server.RaftServerConfigKeys (ConfUtils.java:logGet(46)) - raft.server.log.segment.size.max = 4194304 (custom)
2025-04-23 14:37:44,231 [omNode-3-impl-thread1] INFO  server.RaftServerConfigKeys (ConfUtils.java:logGet(46)) - raft.server.log.segment.cache.num.max = 2 (custom)
2025-04-23 14:37:44,231 [omNode-3-impl-thread1] INFO  server.RaftServerConfigKeys (ConfUtils.java:logGet(46)) - raft.server.log.segment.cache.size.max = 200MB (=209715200) (default)
2025-04-23 14:37:44,231 [omNode-3-impl-thread1] INFO  server.RaftServerConfigKeys (ConfUtils.java:logGet(46)) - raft.server.log.appender.buffer.byte-limit = 4194304 (custom)
2025-04-23 14:37:44,231 [omNode-3-impl-thread1] INFO  util.AwaitToRun (AwaitToRun.java:start(81)) - Thread[#2714,omNode-3@group-523986131536-cacheEviction-AwaitToRun,5,main] started
2025-04-23 14:37:44,231 [omNode-3-impl-thread1] INFO  segmented.SegmentedRaftLogWorker (SegmentedRaftLogWorker.java:<init>(188)) - new omNode-3@group-523986131536-SegmentedRaftLogWorker for RaftStorageImpl:Storage Directory /home/runner/work/ozone/ozone/hadoop-ozone/integration-test/target/test-dir/MiniOzoneClusterImpl-68853c07-42d2-4ef8-9e75-e3a852294e6a/omNode-3/ratis/c9bc4cf4-3bc3-3c60-a66b-523986131536
2025-04-23 14:37:44,231 [omNode-3-impl-thread1] INFO  server.RaftServerConfigKeys (ConfUtils.java:logGet(46)) - raft.server.log.queue.byte-limit = 64MB (=67108864) (default)
2025-04-23 14:37:44,231 [omNode-3-impl-thread1] INFO  server.RaftServerConfigKeys (ConfUtils.java:logGet(46)) - raft.server.log.queue.element-limit = 4096 (default)
2025-04-23 14:37:44,231 [omNode-3-impl-thread1] INFO  server.RaftServerConfigKeys (ConfUtils.java:logGet(46)) - raft.server.log.segment.size.max = 4194304 (custom)
2025-04-23 14:37:44,231 [omNode-3-impl-thread1] INFO  server.RaftServerConfigKeys (ConfUtils.java:logGet(46)) - raft.server.log.preallocated.size = 4194304 (custom)
2025-04-23 14:37:44,231 [omNode-3-impl-thread1] INFO  server.RaftServerConfigKeys (ConfUtils.java:logGet(46)) - raft.server.log.force.sync.num = 128 (default)
2025-04-23 14:37:44,231 [omNode-3-impl-thread1] INFO  server.RaftServerConfigKeys (ConfUtils.java:logGet(46)) - raft.server.log.statemachine.data.sync = true (default)
2025-04-23 14:37:44,231 [omNode-3-impl-thread1] INFO  server.RaftServerConfigKeys (ConfUtils.java:logGet(46)) - raft.server.log.statemachine.data.sync.timeout = 10s (default)
2025-04-23 14:37:44,231 [omNode-3-impl-thread1] INFO  server.RaftServerConfigKeys (ConfUtils.java:logGet(46)) - raft.server.log.statemachine.data.sync.timeout.retry = -1 (default)
2025-04-23 14:37:44,232 [omNode-3-impl-thread1] INFO  server.RaftServerConfigKeys (ConfUtils.java:logGet(46)) - raft.server.log.write.buffer.size = 4194312 (custom)
2025-04-23 14:37:44,232 [omNode-3-impl-thread1] INFO  server.RaftServerConfigKeys (ConfUtils.java:logGet(46)) - raft.server.log.appender.buffer.byte-limit = 4194304 (custom)
2025-04-23 14:37:44,232 [omNode-3-impl-thread1] INFO  server.RaftServerConfigKeys (ConfUtils.java:logGet(46)) - raft.server.log.unsafe-flush.enabled = false (default)
2025-04-23 14:37:44,232 [omNode-3-impl-thread1] INFO  server.RaftServerConfigKeys (ConfUtils.java:logGet(46)) - raft.server.log.async-flush.enabled = false (default)
2025-04-23 14:37:44,232 [omNode-3-impl-thread1] INFO  server.RaftServerConfigKeys (ConfUtils.java:logGet(46)) - raft.server.log.statemachine.data.caching.enabled = false (default)
2025-04-23 14:37:44,232 [omNode-3-impl-thread1] INFO  server.RaftServer$Division (ServerState.java:setRaftConf(386)) - omNode-3@group-523986131536: set configuration conf: {index: 35, cur=peers:[omNode-3|localhost:15017, omNode-1|localhost:15009, omNode-2|localhost:15013]|listeners:[], old=null}
2025-04-23 14:37:44,233 [omNode-3-impl-thread1] INFO  segmented.LogSegment (LogSegment.java:loadSegment(171)) - Successfully read 34 entries from segment file /home/runner/work/ozone/ozone/hadoop-ozone/integration-test/target/test-dir/MiniOzoneClusterImpl-68853c07-42d2-4ef8-9e75-e3a852294e6a/omNode-3/ratis/c9bc4cf4-3bc3-3c60-a66b-523986131536/current/log_inprogress_35
2025-04-23 14:37:44,233 [omNode-3-impl-thread1] INFO  segmented.SegmentedRaftLogWorker (SegmentedRaftLogWorker.java:lambda$new$0(139)) - omNode-3@group-523986131536-SegmentedRaftLogWorker: flushIndex: setUnconditionally 0 -> 68
2025-04-23 14:37:44,233 [omNode-3-impl-thread1] INFO  segmented.SegmentedRaftLogWorker (SegmentedRaftLogWorker.java:lambda$new$0(139)) - omNode-3@group-523986131536-SegmentedRaftLogWorker: safeCacheEvictIndex: setUnconditionally 0 -> -1
2025-04-23 14:37:44,233 [omNode-3-impl-thread1] INFO  segmented.BufferedWriteChannel (BufferedWriteChannel.java:open(61)) - open log_inprogress_35 (append) at position 7656
2025-04-23 14:37:44,234 [omNode-3-impl-thread1] INFO  raftlog.RaftLog (RaftLogBase.java:lambda$new$0(54)) - omNode-3@group-523986131536-SegmentedRaftLog: purgeIndex: updateToMax old=-1, new=34, updated? true
2025-04-23 14:37:44,234 [omNode-3-impl-thread1] INFO  server.RaftServer$Division (RaftServerImpl.java:start(391)) - omNode-3@group-523986131536: start as a follower, conf=conf: {index: 35, cur=peers:[omNode-3|localhost:15017, omNode-1|localhost:15009, omNode-2|localhost:15013]|listeners:[], old=null}
2025-04-23 14:37:44,234 [omNode-3-impl-thread1] INFO  server.RaftServer$Division (RaftServerImpl.java:setRole(378)) - omNode-3@group-523986131536: changes role from      null to FOLLOWER at term 5 for startAsFollower
2025-04-23 14:37:44,234 [omNode-3-impl-thread1] INFO  impl.RoleInfo (RoleInfo.java:updateAndGet(148)) - omNode-3: start omNode-3@group-523986131536-FollowerState
2025-04-23 14:37:44,234 [omNode-3-impl-thread1] INFO  util.JmxRegister (JmxRegister.java:tryRegister(44)) - Successfully registered JMX Bean with object name Ratis:service=RaftServer,group=group-523986131536,id=omNode-3
2025-04-23 14:37:44,234 [omNode-3@group-523986131536-FollowerState] INFO  server.RaftServerConfigKeys (ConfUtils.java:logFallback(53)) - raft.server.rpc.first-election.timeout.min = 1s (fallback to raft.server.rpc.timeout.min)
2025-04-23 14:37:44,234 [omNode-3-impl-thread1] INFO  util.JmxRegister (JmxRegister.java:register(58)) - register mxBean class org.apache.ratis.server.impl.RaftServerJmxAdapter as Ratis:service=RaftServer,group=group-523986131536,id=omNode-3
2025-04-23 14:37:44,234 [omNode-3@group-523986131536-FollowerState] INFO  server.RaftServerConfigKeys (ConfUtils.java:logFallback(53)) - raft.server.rpc.first-election.timeout.max = 1200ms (fallback to raft.server.rpc.timeout.max)
2025-04-23 14:37:44,234 [omNode-3-impl-thread1] INFO  server.RaftServerConfigKeys (ConfUtils.java:logGet(46)) - raft.server.snapshot.trigger-when-stop.enabled = true (default)
2025-04-23 14:37:44,234 [omNode-3-impl-thread1] INFO  server.RaftServerConfigKeys (ConfUtils.java:logGet(46)) - raft.server.snapshot.trigger-when-remove.enabled = true (default)
2025-04-23 14:37:44,234 [omNode-3-impl-thread1] INFO  server.RaftServerConfigKeys (ConfUtils.java:logGet(46)) - raft.server.snapshot.auto.trigger.enabled = true (custom)
2025-04-23 14:37:44,234 [omNode-3-impl-thread1] INFO  server.RaftServerConfigKeys (ConfUtils.java:logGet(46)) - raft.server.snapshot.auto.trigger.threshold = 50 (custom)
2025-04-23 14:37:44,234 [omNode-3-impl-thread1] INFO  server.RaftServerConfigKeys (ConfUtils.java:logGet(46)) - raft.server.snapshot.retention.file.num = -1 (default)
2025-04-23 14:37:44,234 [omNode-3-impl-thread1] INFO  server.RaftServerConfigKeys (ConfUtils.java:logGet(46)) - raft.server.log.purge.upto.snapshot.index = true (custom)
2025-04-23 14:37:44,235 [omNode-3-impl-thread1] INFO  server.RaftServer$Division (RaftServerImpl.java:start(405)) - omNode-3@group-523986131536: Successfully started.
2025-04-23 14:37:44,235 [main] INFO  server.RaftServer (RaftServerProxy.java:startImpl(407)) - omNode-3: start RPC server
2025-04-23 14:37:44,235 [main] INFO  server.GrpcService (GrpcService.java:startImpl(334)) - omNode-3: GrpcService started, listening on 15017
2025-04-23 14:37:44,236 [main] INFO  om.OzoneManager (OzoneManager.java:getRpcServer(1360)) - Creating RPC Server
2025-04-23 14:37:44,236 [JvmPauseMonitor17] INFO  util.JvmPauseMonitor (JvmPauseMonitor.java:run(146)) - JvmPauseMonitor-omNode-3: Started
2025-04-23 14:37:44,557 [main] INFO  reflections.Reflections (Reflections.java:scan(219)) - Reflections took 321 ms to scan 22 urls, producing 61 keys and 7422 values
2025-04-23 14:37:44,558 [main] INFO  ipc.CallQueueManager (CallQueueManager.java:<init>(93)) - Using callQueue: class java.util.concurrent.LinkedBlockingQueue, queueCapacity: 2000, scheduler: class org.apache.hadoop.ipc.DefaultRpcScheduler, ipcBackoff: false, ipcFailOver: false.
2025-04-23 14:37:44,559 [main] INFO  ipc.Server (Server.java:<init>(1438)) - Listener at localhost:15014
2025-04-23 14:37:44,559 [Socket Reader #1 for port 15014] INFO  ipc.Server (Server.java:run(1474)) - Starting Socket Reader #1 for port 15014
2025-04-23 14:37:44,559 [Socket Reader #2 for port 15014] INFO  ipc.Server (Server.java:run(1474)) - Starting Socket Reader #2 for port 15014
2025-04-23 14:37:44,560 [Socket Reader #3 for port 15014] INFO  ipc.Server (Server.java:run(1474)) - Starting Socket Reader #3 for port 15014
2025-04-23 14:37:44,560 [Socket Reader #5 for port 15014] INFO  ipc.Server (Server.java:run(1474)) - Starting Socket Reader #5 for port 15014
2025-04-23 14:37:44,560 [Socket Reader #6 for port 15014] INFO  ipc.Server (Server.java:run(1474)) - Starting Socket Reader #6 for port 15014
2025-04-23 14:37:44,560 [Socket Reader #7 for port 15014] INFO  ipc.Server (Server.java:run(1474)) - Starting Socket Reader #7 for port 15014
2025-04-23 14:37:44,560 [Socket Reader #4 for port 15014] INFO  ipc.Server (Server.java:run(1474)) - Starting Socket Reader #4 for port 15014
2025-04-23 14:37:44,561 [Socket Reader #8 for port 15014] INFO  ipc.Server (Server.java:run(1474)) - Starting Socket Reader #8 for port 15014
2025-04-23 14:37:44,561 [Socket Reader #9 for port 15014] INFO  ipc.Server (Server.java:run(1474)) - Starting Socket Reader #9 for port 15014
2025-04-23 14:37:44,561 [Socket Reader #10 for port 15014] INFO  ipc.Server (Server.java:run(1474)) - Starting Socket Reader #10 for port 15014
2025-04-23 14:37:44,563 [main] INFO  http.BaseHttpServer (BaseHttpServer.java:newHttpServer2BuilderForOzone(229)) - Starting Web-server for ozoneManager at: http://0.0.0.0:15015
2025-04-23 14:37:44,563 [main] INFO  http.BaseHttpServer (BaseHttpServer.java:<init>(107)) - Hadoop Security Enabled: false Ozone Security Enabled: false Ozone HTTP Security Enabled: false 
2025-04-23 14:37:44,564 [main] WARN  server.AuthenticationFilter (AuthenticationFilter.java:constructSecretProvider(240)) - Unable to initialize FileSignerSecretProvider, falling back to use random secrets. Reason: Could not read signature secret file: /home/runner/hadoop-http-auth-signature-secret
2025-04-23 14:37:44,566 [main] INFO  http.HttpServer2 (HttpServer2.java:addGlobalFilter(1041)) - Added global filter 'safety' (class=org.apache.hadoop.hdds.server.http.HttpServer2$QuotingInputFilter)
2025-04-23 14:37:44,566 [main] INFO  http.HttpServer2 (HttpServer2.java:addFilter(1017)) - Added filter static_user_filter (class=org.apache.hadoop.http.lib.StaticUserWebFilter$StaticUserFilter) to context ozoneManager
2025-04-23 14:37:44,566 [main] INFO  http.HttpServer2 (HttpServer2.java:addFilter(1025)) - Added filter static_user_filter (class=org.apache.hadoop.http.lib.StaticUserWebFilter$StaticUserFilter) to context static
2025-04-23 14:37:44,566 [main] INFO  http.HttpServer2 (HttpServer2.java:addFilter(1025)) - Added filter static_user_filter (class=org.apache.hadoop.http.lib.StaticUserWebFilter$StaticUserFilter) to context logs
2025-04-23 14:37:44,567 [main] INFO  http.BaseHttpServer (BaseHttpServer.java:<init>(195)) - HTTP server of ozoneManager uses base directory /home/runner/work/ozone/ozone/hadoop-ozone/integration-test/target/test-dir/MiniOzoneClusterImpl-68853c07-42d2-4ef8-9e75-e3a852294e6a/omNode-3/webserver
2025-04-23 14:37:44,567 [main] INFO  http.HttpServer2 (HttpServer2.java:bindListener(1241)) - Jetty bound to port 15015
2025-04-23 14:37:44,567 [main] INFO  server.Server (Server.java:doStart(375)) - jetty-9.4.57.v20241219; built: 2025-01-08T21:24:30.412Z; git: df524e6b29271c2e09ba9aea83c18dc9db464a31; jvm 21.0.7+6-LTS
2025-04-23 14:37:44,569 [main] INFO  server.session (DefaultSessionIdManager.java:doStart(334)) - DefaultSessionIdManager workerName=node0
2025-04-23 14:37:44,569 [main] INFO  server.session (DefaultSessionIdManager.java:doStart(339)) - No SessionScavenger set, using defaults
2025-04-23 14:37:44,569 [main] INFO  server.session (HouseKeeper.java:startScavenging(132)) - node0 Scavenging every 600000ms
2025-04-23 14:37:44,569 [main] INFO  handler.ContextHandler (ContextHandler.java:doStart(921)) - Started o.e.j.s.ServletContextHandler@6496234a{logs,/logs,file:///home/runner/work/ozone/ozone/hadoop-ozone/integration-test/target/log,AVAILABLE}
2025-04-23 14:37:44,570 [main] INFO  handler.ContextHandler (ContextHandler.java:doStart(921)) - Started o.e.j.s.ServletContextHandler@a8b1c5f{static,/static,file:///home/runner/work/ozone/ozone/hadoop-ozone/integration-test/target/test-classes/webapps/static,AVAILABLE}
2025-04-23 14:37:44,574 [main] INFO  handler.ContextHandler (ContextHandler.java:doStart(921)) - Started o.e.j.w.WebAppContext@5e552492{ozoneManager,/,file:///home/runner/work/ozone/ozone/hadoop-ozone/integration-test/target/test-classes/webapps/ozoneManager/,AVAILABLE}{file:/home/runner/work/ozone/ozone/hadoop-ozone/integration-test/target/test-classes/webapps/ozoneManager}
2025-04-23 14:37:44,575 [main] INFO  server.AbstractConnector (AbstractConnector.java:doStart(333)) - Started ServerConnector@3d74c925{HTTP/1.1, (http/1.1)}{0.0.0.0:15015}
2025-04-23 14:37:44,575 [main] INFO  server.Server (Server.java:doStart(415)) - Started @64854ms
2025-04-23 14:37:44,575 [main] WARN  impl.MetricsSystemImpl (MetricsSystemImpl.java:register(279)) - Sink prometheus already exists!
2025-04-23 14:37:44,575 [main] INFO  http.BaseHttpServer (BaseHttpServer.java:updateConnectorAddress(360)) - HTTP server of ozoneManager listening at http://0.0.0.0:15015
2025-04-23 14:37:44,576 [IPC Server Responder] INFO  ipc.Server (Server.java:run(1713)) - IPC Server Responder: starting
2025-04-23 14:37:44,576 [IPC Server listener on 15014] INFO  ipc.Server (Server.java:run(1553)) - IPC Server listener on 15014: starting
2025-04-23 14:37:44,578 [main] INFO  om.OzoneManager (OzoneManager.java:startTrashEmptier(2257)) - Trash Interval set to 0. Files deleted won't move to trash
2025-04-23 14:37:44,579 [main] INFO  om.OzoneManager (OzoneManager.java:restart(1878)) - OzoneManager RPC server is listening at localhost/127.0.0.1:15006
2025-04-23 14:37:44,579 [main] INFO  impl.MetricsSystemImpl (MetricsSystemImpl.java:init(158)) - OzoneManager metrics system started (again)
2025-04-23 14:37:44,595 [main] WARN  server.ServerUtils (ServerUtils.java:getDBPath(297)) - ozone.om.db.dirs is not configured. We recommend adding this setting. Falling back to ozone.metadata.dirs instead.
2025-04-23 14:37:44,635 [main] INFO  om.OzoneManager (OzoneManager.java:instantiateServices(933)) - S3 Multi-Tenancy is disabled
2025-04-23 14:37:44,636 [main] INFO  om.OmSnapshotManager (OmSnapshotManager.java:<init>(180)) - Ozone filesystem snapshot feature is enabled.
2025-04-23 14:37:44,636 [main] WARN  server.ServerUtils (ServerUtils.java:getDBPath(297)) - ozone.om.snapshot.diff.db.dir is not configured. We recommend adding this setting. Falling back to ozone.metadata.dirs instead.
2025-04-23 14:37:44,650 [main] WARN  dropwizard3.Dm3MetricRegistriesImpl (Dm3MetricRegistriesImpl.java:addReporterRegistration(114)) - New reporters are added after registries were created. Some metrics will be missing from the reporter. Please add reporter before adding any new registry.
2025-04-23 14:37:44,650 [main] WARN  dropwizard3.Dm3MetricRegistriesImpl (Dm3MetricRegistriesImpl.java:addReporterRegistration(114)) - New reporters are added after registries were created. Some metrics will be missing from the reporter. Please add reporter before adding any new registry.
2025-04-23 14:37:44,650 [main] WARN  server.ServerUtils (ServerUtils.java:getDefaultRatisDirectory(309)) - Storage directory for Ratis is not configured. It is a good idea to map this to an SSD disk. Falling back to ozone.metadata.dirs
2025-04-23 14:37:44,650 [main] INFO  server.RaftServerConfigKeys (ConfUtils.java:logGet(46)) - raft.server.log.appender.buffer.byte-limit = 4194304 (custom)
2025-04-23 14:37:44,651 [main] INFO  ratis.OzoneManagerRatisServer (OzoneManagerRatisServer.java:<init>(167)) - Instantiating OM Ratis server with groupID: om-service-test1 and peers: localhost:15009, localhost:15017, localhost:15013
2025-04-23 14:37:44,652 [main] INFO  ratis.OzoneManagerStateMachine (OzoneManagerStateMachine.java:loadSnapshotInfoFromDB(611)) - LastAppliedIndex is set from TransactionInfo from OM DB as (t:5, i:68)
2025-04-23 14:37:44,652 [main] INFO  server.RaftServer (ConfUtils.java:logGet(46)) - raft.rpc.type = GRPC (default)
2025-04-23 14:37:44,652 [main] INFO  grpc.GrpcConfigKeys (ConfUtils.java:logFallback(53)) - raft.grpc.admin.host = null (fallback to raft.grpc.server.host)
2025-04-23 14:37:44,652 [main] INFO  grpc.GrpcConfigKeys (ConfUtils.java:logFallback(53)) - raft.grpc.admin.port = 15009 (fallback to raft.grpc.server.port)
2025-04-23 14:37:44,652 [main] INFO  grpc.GrpcConfigKeys (ConfUtils.java:logFallback(53)) - raft.grpc.client.host = null (fallback to raft.grpc.server.host)
2025-04-23 14:37:44,653 [main] INFO  grpc.GrpcConfigKeys (ConfUtils.java:logFallback(53)) - raft.grpc.client.port = 15009 (fallback to raft.grpc.server.port)
2025-04-23 14:37:44,653 [main] INFO  grpc.GrpcConfigKeys (ConfUtils.java:logGet(46)) - raft.grpc.server.host = null (default)
2025-04-23 14:37:44,653 [main] INFO  grpc.GrpcConfigKeys (ConfUtils.java:logGet(46)) - raft.grpc.server.port = 15009 (custom)
2025-04-23 14:37:44,653 [main] INFO  server.GrpcService (ConfUtils.java:logGet(46)) - raft.grpc.message.size.max = 5242880 (custom)
2025-04-23 14:37:44,653 [main] INFO  server.GrpcService (ConfUtils.java:logGet(46)) - raft.grpc.flow.control.window = 1MB (=1048576) (default)
2025-04-23 14:37:44,653 [main] INFO  server.RaftServerConfigKeys (ConfUtils.java:logGet(46)) - raft.server.rpc.request.timeout = 3000ms (default)
2025-04-23 14:37:44,653 [main] INFO  grpc.GrpcConfigKeys (ConfUtils.java:logGet(46)) - raft.grpc.server.heartbeat.channel = true (default)
2025-04-23 14:37:44,653 [main] INFO  server.RaftServerConfigKeys (ConfUtils.java:logGet(46)) - raft.server.log.appender.buffer.byte-limit = 4194304 (custom)
2025-04-23 14:37:44,653 [main] INFO  grpc.GrpcConfigKeys (ConfUtils.java:logGet(46)) - raft.grpc.server.async.request.thread.pool.cached = true (default)
2025-04-23 14:37:44,654 [main] INFO  grpc.GrpcConfigKeys (ConfUtils.java:logGet(46)) - raft.grpc.server.async.request.thread.pool.size = 32 (default)
2025-04-23 14:37:44,655 [main] INFO  impl.DataStreamServerImpl (ConfUtils.java:logGet(46)) - raft.datastream.type = DISABLED (default)
2025-04-23 14:37:44,655 [main] INFO  server.RaftServerConfigKeys (ConfUtils.java:logGet(46)) - raft.server.sleep.deviation.threshold = 300ms (default)
2025-04-23 14:37:44,655 [main] INFO  server.RaftServerConfigKeys (ConfUtils.java:logGet(46)) - raft.server.close.threshold = 60s (default)
2025-04-23 14:37:44,655 [main] INFO  server.RaftServerConfigKeys (ConfUtils.java:logGet(46)) - raft.server.leaderelection.leader.step-down.wait-time = 10s (default)
2025-04-23 14:37:44,655 [main] INFO  server.RaftServerConfigKeys (ConfUtils.java:logGet(46)) - raft.server.storage.dir = [/home/runner/work/ozone/ozone/hadoop-ozone/integration-test/target/test-dir/MiniOzoneClusterImpl-68853c07-42d2-4ef8-9e75-e3a852294e6a/omNode-1/ratis] (custom)
2025-04-23 14:37:44,655 [main] INFO  server.RaftServerConfigKeys (ConfUtils.java:logGet(46)) - raft.server.threadpool.proxy.cached = true (default)
2025-04-23 14:37:44,656 [main] INFO  server.RaftServerConfigKeys (ConfUtils.java:logGet(46)) - raft.server.threadpool.proxy.size = 0 (default)
2025-04-23 14:37:44,656 [omNode-1-impl-thread1] INFO  server.RaftServer (RaftServerProxy.java:initGroupDir(265)) - omNode-1: found a subdirectory /home/runner/work/ozone/ozone/hadoop-ozone/integration-test/target/test-dir/MiniOzoneClusterImpl-68853c07-42d2-4ef8-9e75-e3a852294e6a/omNode-1/ratis/c9bc4cf4-3bc3-3c60-a66b-523986131536
2025-04-23 14:37:44,656 [main] INFO  server.RaftServer (RaftServerProxy.java:addNew(100)) - omNode-1: addNew group-523986131536:[omNode-3|localhost:15017, omNode-1|localhost:15009, omNode-2|localhost:15013] returns group-523986131536:java.util.concurrent.CompletableFuture@7479d049[Not completed]
2025-04-23 14:37:44,657 [omNode-1-groupManagement] INFO  server.RaftServer$Division (RaftServerImpl.java:<init>(255)) - omNode-1: new RaftServerImpl for group-523986131536:[omNode-3|localhost:15017, omNode-1|localhost:15009, omNode-2|localhost:15013] with OzoneManagerStateMachine:uninitialized
2025-04-23 14:37:44,657 [main] INFO  om.OzoneManager (OzoneManager.java:initializeRatisServer(2303)) - OzoneManager Ratis server initialized at port 15009
2025-04-23 14:37:44,657 [main] INFO  ratis.OzoneManagerRatisServer (OzoneManagerRatisServer.java:start(628)) - Starting OzoneManagerRatisServer omNode-1 at port 15009
2025-04-23 14:37:44,657 [omNode-1-groupManagement] INFO  server.RaftServerConfigKeys (ConfUtils.java:logGet(46)) - raft.server.rpc.timeout.min = 1s (custom)
2025-04-23 14:37:44,657 [omNode-1-groupManagement] INFO  server.RaftServerConfigKeys (ConfUtils.java:logGet(46)) - raft.server.rpc.timeout.max = 1200ms (custom)
2025-04-23 14:37:44,657 [omNode-1-groupManagement] INFO  server.RaftServerConfigKeys (ConfUtils.java:logGet(46)) - raft.server.rpc.sleep.time = 25ms (default)
2025-04-23 14:37:44,657 [omNode-1-groupManagement] INFO  server.RaftServerConfigKeys (ConfUtils.java:logGet(46)) - raft.server.rpc.slowness.timeout = 2s (custom)
2025-04-23 14:37:44,657 [omNode-1-groupManagement] INFO  server.RaftServerConfigKeys (ConfUtils.java:logGet(46)) - raft.server.leaderelection.leader.step-down.wait-time = 10s (default)
2025-04-23 14:37:44,657 [omNode-1-groupManagement] INFO  server.RaftServerConfigKeys (ConfUtils.java:logGet(46)) - raft.server.leaderelection.member.majority-add = false (default)
2025-04-23 14:37:44,657 [omNode-1-groupManagement] INFO  server.RaftServerConfigKeys (ConfUtils.java:logGet(46)) - raft.server.sleep.deviation.threshold = 300ms (default)
2025-04-23 14:37:44,657 [omNode-1-groupManagement] INFO  server.RaftServer$Division (ServerState.java:<init>(114)) - omNode-1@group-523986131536: ConfigurationManager, init=conf: {index: -1, cur=peers:[omNode-3|localhost:15017, omNode-1|localhost:15009, omNode-2|localhost:15013]|listeners:[], old=null}, confs=<EMPTY_MAP>
2025-04-23 14:37:44,657 [omNode-1-groupManagement] INFO  server.RaftServerConfigKeys (ConfUtils.java:logGet(46)) - raft.server.notification.no-leader.timeout = 2s (custom)
2025-04-23 14:37:44,657 [omNode-1-groupManagement] INFO  server.RaftServerConfigKeys (ConfUtils.java:logGet(46)) - raft.server.read.timeout = 10s (default)
2025-04-23 14:37:44,658 [omNode-1-groupManagement] INFO  server.RaftServerConfigKeys (ConfUtils.java:logGet(46)) - raft.server.retrycache.expirytime = 30000ms (custom)
2025-04-23 14:37:44,658 [omNode-1-groupManagement] INFO  server.RaftServerConfigKeys (ConfUtils.java:logGet(46)) - raft.server.retrycache.statistics.expirytime = 100ms (default)
2025-04-23 14:37:44,658 [omNode-1-groupManagement] INFO  server.RaftServerConfigKeys (ConfUtils.java:logGet(46)) - raft.server.read.option = DEFAULT (default)
2025-04-23 14:37:44,658 [omNode-1-groupManagement] INFO  server.RaftServerConfigKeys (ConfUtils.java:logGet(46)) - raft.server.read.read-after-write-consistent.write-index-cache.expiry-time = 60s (default)
2025-04-23 14:37:44,660 [omNode-1-groupManagement] INFO  server.RaftServerConfigKeys (ConfUtils.java:logGet(46)) - raft.server.rpc.request.timeout = 3000ms (default)
2025-04-23 14:37:44,660 [omNode-1-groupManagement] INFO  server.RaftServerConfigKeys (ConfUtils.java:logGet(46)) - raft.server.log.appender.install.snapshot.enabled = false (custom)
2025-04-23 14:37:44,660 [omNode-1-groupManagement] INFO  server.RaftServerConfigKeys (ConfUtils.java:logGet(46)) - raft.server.threadpool.server.cached = true (default)
2025-04-23 14:37:44,660 [omNode-1-groupManagement] INFO  server.RaftServerConfigKeys (ConfUtils.java:logGet(46)) - raft.server.threadpool.server.size = 0 (default)
2025-04-23 14:37:44,660 [omNode-1-groupManagement] INFO  server.RaftServerConfigKeys (ConfUtils.java:logGet(46)) - raft.server.threadpool.client.cached = true (default)
2025-04-23 14:37:44,660 [omNode-1-groupManagement] INFO  server.RaftServerConfigKeys (ConfUtils.java:logGet(46)) - raft.server.threadpool.client.size = 0 (default)
2025-04-23 14:37:44,660 [omNode-1-impl-thread1] INFO  server.RaftServerConfigKeys (ConfUtils.java:logGet(46)) - raft.server.storage.free-space.min = 0MB (=0) (default)
2025-04-23 14:37:44,660 [omNode-1-impl-thread1] INFO  server.RaftServerConfigKeys (ConfUtils.java:logGet(46)) - raft.server.log.corruption.policy = EXCEPTION (default)
2025-04-23 14:37:44,660 [omNode-1-impl-thread1] INFO  server.RaftServerConfigKeys (ConfUtils.java:logGet(46)) - raft.server.storage.dir = [/home/runner/work/ozone/ozone/hadoop-ozone/integration-test/target/test-dir/MiniOzoneClusterImpl-68853c07-42d2-4ef8-9e75-e3a852294e6a/omNode-1/ratis] (custom)
2025-04-23 14:37:44,661 [omNode-1-impl-thread1] INFO  storage.RaftStorageDirectory (RaftStorageDirectoryImpl.java:tryLock(229)) - Lock on /home/runner/work/ozone/ozone/hadoop-ozone/integration-test/target/test-dir/MiniOzoneClusterImpl-68853c07-42d2-4ef8-9e75-e3a852294e6a/omNode-1/ratis/c9bc4cf4-3bc3-3c60-a66b-523986131536/in_use.lock acquired by nodename 129558@fv-az1120-822
2025-04-23 14:37:44,662 [omNode-1-impl-thread1] INFO  storage.RaftStorage (RaftStorageImpl.java:analyzeAndRecoverStorage(118)) - Read RaftStorageMetadata{term=5, votedFor=omNode-3} from /home/runner/work/ozone/ozone/hadoop-ozone/integration-test/target/test-dir/MiniOzoneClusterImpl-68853c07-42d2-4ef8-9e75-e3a852294e6a/omNode-1/ratis/c9bc4cf4-3bc3-3c60-a66b-523986131536/current/raft-meta
2025-04-23 14:37:44,662 [omNode-1-impl-thread1] INFO  server.RaftServer$Division (ServerState.java:setRaftConf(386)) - omNode-1@group-523986131536: set configuration conf: {index: 35, cur=peers:[omNode-3|localhost:15017, omNode-1|localhost:15009, omNode-2|localhost:15013]|listeners:[], old=null}
2025-04-23 14:37:44,662 [omNode-1-impl-thread1] INFO  ratis.OzoneManagerStateMachine (OzoneManagerStateMachine.java:lambda$0(138)) - omNode-1: initialize group-523986131536 with (t:5, i:68)
2025-04-23 14:37:44,662 [omNode-1-impl-thread1] INFO  server.RaftServerConfigKeys (ConfUtils.java:logGet(46)) - raft.server.log.use.memory = false (default)
2025-04-23 14:37:44,662 [omNode-1-impl-thread1] INFO  server.RaftServerConfigKeys (ConfUtils.java:logGet(46)) - raft.server.log.purge.gap = 50 (custom)
2025-04-23 14:37:44,662 [omNode-1-impl-thread1] INFO  server.RaftServerConfigKeys (ConfUtils.java:logGet(46)) - raft.server.log.appender.buffer.byte-limit = 4194304 (custom)
2025-04-23 14:37:44,662 [omNode-1-impl-thread1] INFO  server.RaftServerConfigKeys (ConfUtils.java:logGet(46)) - raft.server.log.statemachine.data.read.timeout = 1000ms (default)
2025-04-23 14:37:44,663 [omNode-1-impl-thread1] INFO  server.RaftServerConfigKeys (ConfUtils.java:logGet(46)) - raft.server.log.purge.preservation.log.num = 0 (default)
2025-04-23 14:37:44,664 [omNode-1-impl-thread1] INFO  server.RaftServerConfigKeys (ConfUtils.java:logGet(46)) - raft.server.log.segment.size.max = 4194304 (custom)
2025-04-23 14:37:44,664 [omNode-1-impl-thread1] INFO  server.RaftServerConfigKeys (ConfUtils.java:logGet(46)) - raft.server.log.segment.cache.num.max = 2 (custom)
2025-04-23 14:37:44,664 [omNode-1-impl-thread1] INFO  server.RaftServerConfigKeys (ConfUtils.java:logGet(46)) - raft.server.log.segment.cache.size.max = 200MB (=209715200) (default)
2025-04-23 14:37:44,664 [omNode-1-impl-thread1] INFO  server.RaftServerConfigKeys (ConfUtils.java:logGet(46)) - raft.server.log.appender.buffer.byte-limit = 4194304 (custom)
2025-04-23 14:37:44,664 [omNode-1-impl-thread1] INFO  util.AwaitToRun (AwaitToRun.java:start(81)) - Thread[#2827,omNode-1@group-523986131536-cacheEviction-AwaitToRun,5,main] started
2025-04-23 14:37:44,665 [omNode-1-impl-thread1] INFO  segmented.SegmentedRaftLogWorker (SegmentedRaftLogWorker.java:<init>(188)) - new omNode-1@group-523986131536-SegmentedRaftLogWorker for RaftStorageImpl:Storage Directory /home/runner/work/ozone/ozone/hadoop-ozone/integration-test/target/test-dir/MiniOzoneClusterImpl-68853c07-42d2-4ef8-9e75-e3a852294e6a/omNode-1/ratis/c9bc4cf4-3bc3-3c60-a66b-523986131536
2025-04-23 14:37:44,665 [omNode-1-impl-thread1] INFO  server.RaftServerConfigKeys (ConfUtils.java:logGet(46)) - raft.server.log.queue.byte-limit = 64MB (=67108864) (default)
2025-04-23 14:37:44,665 [omNode-1-impl-thread1] INFO  server.RaftServerConfigKeys (ConfUtils.java:logGet(46)) - raft.server.log.queue.element-limit = 4096 (default)
2025-04-23 14:37:44,665 [omNode-1-impl-thread1] INFO  server.RaftServerConfigKeys (ConfUtils.java:logGet(46)) - raft.server.log.segment.size.max = 4194304 (custom)
2025-04-23 14:37:44,665 [omNode-1-impl-thread1] INFO  server.RaftServerConfigKeys (ConfUtils.java:logGet(46)) - raft.server.log.preallocated.size = 4194304 (custom)
2025-04-23 14:37:44,665 [omNode-1-impl-thread1] INFO  server.RaftServerConfigKeys (ConfUtils.java:logGet(46)) - raft.server.log.force.sync.num = 128 (default)
2025-04-23 14:37:44,665 [omNode-1-impl-thread1] INFO  server.RaftServerConfigKeys (ConfUtils.java:logGet(46)) - raft.server.log.statemachine.data.sync = true (default)
2025-04-23 14:37:44,665 [omNode-1-impl-thread1] INFO  server.RaftServerConfigKeys (ConfUtils.java:logGet(46)) - raft.server.log.statemachine.data.sync.timeout = 10s (default)
2025-04-23 14:37:44,665 [omNode-1-impl-thread1] INFO  server.RaftServerConfigKeys (ConfUtils.java:logGet(46)) - raft.server.log.statemachine.data.sync.timeout.retry = -1 (default)
2025-04-23 14:37:44,665 [omNode-1-impl-thread1] INFO  server.RaftServerConfigKeys (ConfUtils.java:logGet(46)) - raft.server.log.write.buffer.size = 4194312 (custom)
2025-04-23 14:37:44,665 [omNode-1-impl-thread1] INFO  server.RaftServerConfigKeys (ConfUtils.java:logGet(46)) - raft.server.log.appender.buffer.byte-limit = 4194304 (custom)
2025-04-23 14:37:44,665 [omNode-1-impl-thread1] INFO  server.RaftServerConfigKeys (ConfUtils.java:logGet(46)) - raft.server.log.unsafe-flush.enabled = false (default)
2025-04-23 14:37:44,666 [omNode-1-impl-thread1] INFO  server.RaftServerConfigKeys (ConfUtils.java:logGet(46)) - raft.server.log.async-flush.enabled = false (default)
2025-04-23 14:37:44,666 [omNode-1-impl-thread1] INFO  server.RaftServerConfigKeys (ConfUtils.java:logGet(46)) - raft.server.log.statemachine.data.caching.enabled = false (default)
2025-04-23 14:37:44,666 [omNode-1-impl-thread1] INFO  server.RaftServer$Division (ServerState.java:setRaftConf(386)) - omNode-1@group-523986131536: set configuration conf: {index: 35, cur=peers:[omNode-3|localhost:15017, omNode-1|localhost:15009, omNode-2|localhost:15013]|listeners:[], old=null}
2025-04-23 14:37:44,667 [omNode-1-impl-thread1] INFO  segmented.LogSegment (LogSegment.java:loadSegment(171)) - Successfully read 34 entries from segment file /home/runner/work/ozone/ozone/hadoop-ozone/integration-test/target/test-dir/MiniOzoneClusterImpl-68853c07-42d2-4ef8-9e75-e3a852294e6a/omNode-1/ratis/c9bc4cf4-3bc3-3c60-a66b-523986131536/current/log_inprogress_35
2025-04-23 14:37:44,667 [omNode-1-impl-thread1] INFO  segmented.SegmentedRaftLogWorker (SegmentedRaftLogWorker.java:lambda$new$0(139)) - omNode-1@group-523986131536-SegmentedRaftLogWorker: flushIndex: setUnconditionally 0 -> 68
2025-04-23 14:37:44,667 [omNode-1-impl-thread1] INFO  segmented.SegmentedRaftLogWorker (SegmentedRaftLogWorker.java:lambda$new$0(139)) - omNode-1@group-523986131536-SegmentedRaftLogWorker: safeCacheEvictIndex: setUnconditionally 0 -> -1
2025-04-23 14:37:44,667 [omNode-1-impl-thread1] INFO  segmented.BufferedWriteChannel (BufferedWriteChannel.java:open(61)) - open log_inprogress_35 (append) at position 7656
2025-04-23 14:37:44,667 [omNode-1-impl-thread1] INFO  raftlog.RaftLog (RaftLogBase.java:lambda$new$0(54)) - omNode-1@group-523986131536-SegmentedRaftLog: purgeIndex: updateToMax old=-1, new=34, updated? true
2025-04-23 14:37:44,668 [omNode-1-impl-thread1] INFO  server.RaftServer$Division (RaftServerImpl.java:start(391)) - omNode-1@group-523986131536: start as a follower, conf=conf: {index: 35, cur=peers:[omNode-3|localhost:15017, omNode-1|localhost:15009, omNode-2|localhost:15013]|listeners:[], old=null}
2025-04-23 14:37:44,668 [omNode-1-impl-thread1] INFO  server.RaftServer$Division (RaftServerImpl.java:setRole(378)) - omNode-1@group-523986131536: changes role from      null to FOLLOWER at term 5 for startAsFollower
2025-04-23 14:37:44,668 [omNode-1-impl-thread1] INFO  impl.RoleInfo (RoleInfo.java:updateAndGet(148)) - omNode-1: start omNode-1@group-523986131536-FollowerState
2025-04-23 14:37:44,668 [omNode-1@group-523986131536-FollowerState] INFO  server.RaftServerConfigKeys (ConfUtils.java:logFallback(53)) - raft.server.rpc.first-election.timeout.min = 1s (fallback to raft.server.rpc.timeout.min)
2025-04-23 14:37:44,668 [omNode-1@group-523986131536-FollowerState] INFO  server.RaftServerConfigKeys (ConfUtils.java:logFallback(53)) - raft.server.rpc.first-election.timeout.max = 1200ms (fallback to raft.server.rpc.timeout.max)
2025-04-23 14:37:44,668 [omNode-1-impl-thread1] INFO  util.JmxRegister (JmxRegister.java:tryRegister(44)) - Successfully registered JMX Bean with object name Ratis:service=RaftServer,group=group-523986131536,id=omNode-1
2025-04-23 14:37:44,668 [omNode-1-impl-thread1] INFO  util.JmxRegister (JmxRegister.java:register(58)) - register mxBean class org.apache.ratis.server.impl.RaftServerJmxAdapter as Ratis:service=RaftServer,group=group-523986131536,id=omNode-1
2025-04-23 14:37:44,668 [omNode-1-impl-thread1] INFO  server.RaftServerConfigKeys (ConfUtils.java:logGet(46)) - raft.server.snapshot.trigger-when-stop.enabled = true (default)
2025-04-23 14:37:44,668 [omNode-1-impl-thread1] INFO  server.RaftServerConfigKeys (ConfUtils.java:logGet(46)) - raft.server.snapshot.trigger-when-remove.enabled = true (default)
2025-04-23 14:37:44,668 [omNode-1-impl-thread1] INFO  server.RaftServerConfigKeys (ConfUtils.java:logGet(46)) - raft.server.snapshot.auto.trigger.enabled = true (custom)
2025-04-23 14:37:44,669 [omNode-1-impl-thread1] INFO  server.RaftServerConfigKeys (ConfUtils.java:logGet(46)) - raft.server.snapshot.auto.trigger.threshold = 50 (custom)
2025-04-23 14:37:44,669 [omNode-1-impl-thread1] INFO  server.RaftServerConfigKeys (ConfUtils.java:logGet(46)) - raft.server.snapshot.retention.file.num = -1 (default)
2025-04-23 14:37:44,669 [omNode-1-impl-thread1] INFO  server.RaftServerConfigKeys (ConfUtils.java:logGet(46)) - raft.server.log.purge.upto.snapshot.index = true (custom)
2025-04-23 14:37:44,669 [omNode-1-impl-thread1] INFO  server.RaftServer$Division (RaftServerImpl.java:start(405)) - omNode-1@group-523986131536: Successfully started.
2025-04-23 14:37:44,669 [main] INFO  server.RaftServer (RaftServerProxy.java:startImpl(407)) - omNode-1: start RPC server
2025-04-23 14:37:44,670 [main] INFO  server.GrpcService (GrpcService.java:startImpl(334)) - omNode-1: GrpcService started, listening on 15009
2025-04-23 14:37:44,670 [main] INFO  om.OzoneManager (OzoneManager.java:getRpcServer(1360)) - Creating RPC Server
2025-04-23 14:37:44,673 [JvmPauseMonitor18] INFO  util.JvmPauseMonitor (JvmPauseMonitor.java:run(146)) - JvmPauseMonitor-omNode-1: Started
2025-04-23 14:37:45,017 [main] INFO  reflections.Reflections (Reflections.java:scan(219)) - Reflections took 346 ms to scan 22 urls, producing 61 keys and 7422 values
2025-04-23 14:37:45,019 [main] INFO  ipc.CallQueueManager (CallQueueManager.java:<init>(93)) - Using callQueue: class java.util.concurrent.LinkedBlockingQueue, queueCapacity: 2000, scheduler: class org.apache.hadoop.ipc.DefaultRpcScheduler, ipcBackoff: false, ipcFailOver: false.
2025-04-23 14:37:45,019 [main] INFO  ipc.Server (Server.java:<init>(1438)) - Listener at localhost:15006
2025-04-23 14:37:45,020 [Socket Reader #1 for port 15006] INFO  ipc.Server (Server.java:run(1474)) - Starting Socket Reader #1 for port 15006
2025-04-23 14:37:45,020 [Socket Reader #2 for port 15006] INFO  ipc.Server (Server.java:run(1474)) - Starting Socket Reader #2 for port 15006
2025-04-23 14:37:45,020 [Socket Reader #3 for port 15006] INFO  ipc.Server (Server.java:run(1474)) - Starting Socket Reader #3 for port 15006
2025-04-23 14:37:45,021 [Socket Reader #4 for port 15006] INFO  ipc.Server (Server.java:run(1474)) - Starting Socket Reader #4 for port 15006
2025-04-23 14:37:45,021 [Socket Reader #5 for port 15006] INFO  ipc.Server (Server.java:run(1474)) - Starting Socket Reader #5 for port 15006
2025-04-23 14:37:45,022 [Socket Reader #6 for port 15006] INFO  ipc.Server (Server.java:run(1474)) - Starting Socket Reader #6 for port 15006
2025-04-23 14:37:45,022 [Socket Reader #7 for port 15006] INFO  ipc.Server (Server.java:run(1474)) - Starting Socket Reader #7 for port 15006
2025-04-23 14:37:45,023 [Socket Reader #8 for port 15006] INFO  ipc.Server (Server.java:run(1474)) - Starting Socket Reader #8 for port 15006
2025-04-23 14:37:45,023 [Socket Reader #9 for port 15006] INFO  ipc.Server (Server.java:run(1474)) - Starting Socket Reader #9 for port 15006
2025-04-23 14:37:45,024 [Socket Reader #10 for port 15006] INFO  ipc.Server (Server.java:run(1474)) - Starting Socket Reader #10 for port 15006
2025-04-23 14:37:45,026 [main] INFO  http.BaseHttpServer (BaseHttpServer.java:newHttpServer2BuilderForOzone(229)) - Starting Web-server for ozoneManager at: http://0.0.0.0:15007
2025-04-23 14:37:45,026 [main] INFO  http.BaseHttpServer (BaseHttpServer.java:<init>(107)) - Hadoop Security Enabled: false Ozone Security Enabled: false Ozone HTTP Security Enabled: false 
2025-04-23 14:37:45,027 [main] WARN  server.AuthenticationFilter (AuthenticationFilter.java:constructSecretProvider(240)) - Unable to initialize FileSignerSecretProvider, falling back to use random secrets. Reason: Could not read signature secret file: /home/runner/hadoop-http-auth-signature-secret
2025-04-23 14:37:45,030 [main] INFO  http.HttpServer2 (HttpServer2.java:addGlobalFilter(1041)) - Added global filter 'safety' (class=org.apache.hadoop.hdds.server.http.HttpServer2$QuotingInputFilter)
2025-04-23 14:37:45,030 [main] INFO  http.HttpServer2 (HttpServer2.java:addFilter(1017)) - Added filter static_user_filter (class=org.apache.hadoop.http.lib.StaticUserWebFilter$StaticUserFilter) to context ozoneManager
2025-04-23 14:37:45,030 [main] INFO  http.HttpServer2 (HttpServer2.java:addFilter(1025)) - Added filter static_user_filter (class=org.apache.hadoop.http.lib.StaticUserWebFilter$StaticUserFilter) to context static
2025-04-23 14:37:45,030 [main] INFO  http.HttpServer2 (HttpServer2.java:addFilter(1025)) - Added filter static_user_filter (class=org.apache.hadoop.http.lib.StaticUserWebFilter$StaticUserFilter) to context logs
2025-04-23 14:37:45,031 [main] INFO  http.BaseHttpServer (BaseHttpServer.java:<init>(195)) - HTTP server of ozoneManager uses base directory /home/runner/work/ozone/ozone/hadoop-ozone/integration-test/target/test-dir/MiniOzoneClusterImpl-68853c07-42d2-4ef8-9e75-e3a852294e6a/omNode-1/webserver
2025-04-23 14:37:45,031 [main] INFO  http.HttpServer2 (HttpServer2.java:bindListener(1241)) - Jetty bound to port 15007
2025-04-23 14:37:45,031 [main] INFO  server.Server (Server.java:doStart(375)) - jetty-9.4.57.v20241219; built: 2025-01-08T21:24:30.412Z; git: df524e6b29271c2e09ba9aea83c18dc9db464a31; jvm 21.0.7+6-LTS
2025-04-23 14:37:45,033 [main] INFO  server.session (DefaultSessionIdManager.java:doStart(334)) - DefaultSessionIdManager workerName=node0
2025-04-23 14:37:45,033 [main] INFO  server.session (DefaultSessionIdManager.java:doStart(339)) - No SessionScavenger set, using defaults
2025-04-23 14:37:45,033 [main] INFO  server.session (HouseKeeper.java:startScavenging(132)) - node0 Scavenging every 600000ms
2025-04-23 14:37:45,034 [main] INFO  handler.ContextHandler (ContextHandler.java:doStart(921)) - Started o.e.j.s.ServletContextHandler@28fa4b8b{logs,/logs,file:///home/runner/work/ozone/ozone/hadoop-ozone/integration-test/target/log,AVAILABLE}
2025-04-23 14:37:45,034 [main] INFO  handler.ContextHandler (ContextHandler.java:doStart(921)) - Started o.e.j.s.ServletContextHandler@5aab2e9b{static,/static,file:///home/runner/work/ozone/ozone/hadoop-ozone/integration-test/target/test-classes/webapps/static,AVAILABLE}
2025-04-23 14:37:45,039 [main] INFO  handler.ContextHandler (ContextHandler.java:doStart(921)) - Started o.e.j.w.WebAppContext@169aab9e{ozoneManager,/,file:///home/runner/work/ozone/ozone/hadoop-ozone/integration-test/target/test-classes/webapps/ozoneManager/,AVAILABLE}{file:/home/runner/work/ozone/ozone/hadoop-ozone/integration-test/target/test-classes/webapps/ozoneManager}
2025-04-23 14:37:45,040 [main] INFO  server.AbstractConnector (AbstractConnector.java:doStart(333)) - Started ServerConnector@290caab7{HTTP/1.1, (http/1.1)}{0.0.0.0:15007}
2025-04-23 14:37:45,040 [main] INFO  server.Server (Server.java:doStart(415)) - Started @65319ms
2025-04-23 14:37:45,040 [main] WARN  impl.MetricsSystemImpl (MetricsSystemImpl.java:register(279)) - Sink prometheus already exists!
2025-04-23 14:37:45,040 [main] INFO  http.BaseHttpServer (BaseHttpServer.java:updateConnectorAddress(360)) - HTTP server of ozoneManager listening at http://0.0.0.0:15007
2025-04-23 14:37:45,041 [IPC Server Responder] INFO  ipc.Server (Server.java:run(1713)) - IPC Server Responder: starting
2025-04-23 14:37:45,041 [IPC Server listener on 15006] INFO  ipc.Server (Server.java:run(1553)) - IPC Server listener on 15006: starting
2025-04-23 14:37:45,043 [main] INFO  om.OzoneManager (OzoneManager.java:startTrashEmptier(2257)) - Trash Interval set to 0. Files deleted won't move to trash
2025-04-23 14:37:45,043 [main] INFO  om.OzoneManager (OzoneManager.java:restart(1878)) - OzoneManager RPC server is listening at localhost/127.0.0.1:15010
2025-04-23 14:37:45,043 [main] INFO  impl.MetricsSystemImpl (MetricsSystemImpl.java:init(158)) - OzoneManager metrics system started (again)
2025-04-23 14:37:45,060 [main] WARN  server.ServerUtils (ServerUtils.java:getDBPath(297)) - ozone.om.db.dirs is not configured. We recommend adding this setting. Falling back to ozone.metadata.dirs instead.
2025-04-23 14:37:45,104 [main] INFO  om.OzoneManager (OzoneManager.java:instantiateServices(933)) - S3 Multi-Tenancy is disabled
2025-04-23 14:37:45,105 [main] INFO  om.OmSnapshotManager (OmSnapshotManager.java:<init>(180)) - Ozone filesystem snapshot feature is enabled.
2025-04-23 14:37:45,105 [main] WARN  server.ServerUtils (ServerUtils.java:getDBPath(297)) - ozone.om.snapshot.diff.db.dir is not configured. We recommend adding this setting. Falling back to ozone.metadata.dirs instead.
2025-04-23 14:37:45,120 [main] WARN  dropwizard3.Dm3MetricRegistriesImpl (Dm3MetricRegistriesImpl.java:addReporterRegistration(114)) - New reporters are added after registries were created. Some metrics will be missing from the reporter. Please add reporter before adding any new registry.
2025-04-23 14:37:45,120 [main] WARN  dropwizard3.Dm3MetricRegistriesImpl (Dm3MetricRegistriesImpl.java:addReporterRegistration(114)) - New reporters are added after registries were created. Some metrics will be missing from the reporter. Please add reporter before adding any new registry.
2025-04-23 14:37:45,120 [main] WARN  server.ServerUtils (ServerUtils.java:getDefaultRatisDirectory(309)) - Storage directory for Ratis is not configured. It is a good idea to map this to an SSD disk. Falling back to ozone.metadata.dirs
2025-04-23 14:37:45,121 [main] INFO  server.RaftServerConfigKeys (ConfUtils.java:logGet(46)) - raft.server.log.appender.buffer.byte-limit = 4194304 (custom)
2025-04-23 14:37:45,121 [main] INFO  ratis.OzoneManagerRatisServer (OzoneManagerRatisServer.java:<init>(167)) - Instantiating OM Ratis server with groupID: om-service-test1 and peers: localhost:15013, localhost:15017, localhost:15009
2025-04-23 14:37:45,122 [main] INFO  ratis.OzoneManagerStateMachine (OzoneManagerStateMachine.java:loadSnapshotInfoFromDB(611)) - LastAppliedIndex is set from TransactionInfo from OM DB as (t:5, i:68)
2025-04-23 14:37:45,122 [main] INFO  server.RaftServer (ConfUtils.java:logGet(46)) - raft.rpc.type = GRPC (default)
2025-04-23 14:37:45,122 [main] INFO  grpc.GrpcConfigKeys (ConfUtils.java:logFallback(53)) - raft.grpc.admin.host = null (fallback to raft.grpc.server.host)
2025-04-23 14:37:45,122 [main] INFO  grpc.GrpcConfigKeys (ConfUtils.java:logFallback(53)) - raft.grpc.admin.port = 15013 (fallback to raft.grpc.server.port)
2025-04-23 14:37:45,122 [main] INFO  grpc.GrpcConfigKeys (ConfUtils.java:logFallback(53)) - raft.grpc.client.host = null (fallback to raft.grpc.server.host)
2025-04-23 14:37:45,123 [main] INFO  grpc.GrpcConfigKeys (ConfUtils.java:logFallback(53)) - raft.grpc.client.port = 15013 (fallback to raft.grpc.server.port)
2025-04-23 14:37:45,123 [main] INFO  grpc.GrpcConfigKeys (ConfUtils.java:logGet(46)) - raft.grpc.server.host = null (default)
2025-04-23 14:37:45,123 [main] INFO  grpc.GrpcConfigKeys (ConfUtils.java:logGet(46)) - raft.grpc.server.port = 15013 (custom)
2025-04-23 14:37:45,123 [main] INFO  server.GrpcService (ConfUtils.java:logGet(46)) - raft.grpc.message.size.max = 5242880 (custom)
2025-04-23 14:37:45,123 [main] INFO  server.GrpcService (ConfUtils.java:logGet(46)) - raft.grpc.flow.control.window = 1MB (=1048576) (default)
2025-04-23 14:37:45,123 [main] INFO  server.RaftServerConfigKeys (ConfUtils.java:logGet(46)) - raft.server.rpc.request.timeout = 3000ms (default)
2025-04-23 14:37:45,123 [main] INFO  grpc.GrpcConfigKeys (ConfUtils.java:logGet(46)) - raft.grpc.server.heartbeat.channel = true (default)
2025-04-23 14:37:45,123 [main] INFO  server.RaftServerConfigKeys (ConfUtils.java:logGet(46)) - raft.server.log.appender.buffer.byte-limit = 4194304 (custom)
2025-04-23 14:37:45,123 [main] INFO  grpc.GrpcConfigKeys (ConfUtils.java:logGet(46)) - raft.grpc.server.async.request.thread.pool.cached = true (default)
2025-04-23 14:37:45,123 [main] INFO  grpc.GrpcConfigKeys (ConfUtils.java:logGet(46)) - raft.grpc.server.async.request.thread.pool.size = 32 (default)
2025-04-23 14:37:45,124 [main] INFO  impl.DataStreamServerImpl (ConfUtils.java:logGet(46)) - raft.datastream.type = DISABLED (default)
2025-04-23 14:37:45,124 [main] INFO  server.RaftServerConfigKeys (ConfUtils.java:logGet(46)) - raft.server.sleep.deviation.threshold = 300ms (default)
2025-04-23 14:37:45,124 [main] INFO  server.RaftServerConfigKeys (ConfUtils.java:logGet(46)) - raft.server.close.threshold = 60s (default)
2025-04-23 14:37:45,124 [main] INFO  server.RaftServerConfigKeys (ConfUtils.java:logGet(46)) - raft.server.leaderelection.leader.step-down.wait-time = 10s (default)
2025-04-23 14:37:45,124 [main] INFO  server.RaftServerConfigKeys (ConfUtils.java:logGet(46)) - raft.server.storage.dir = [/home/runner/work/ozone/ozone/hadoop-ozone/integration-test/target/test-dir/MiniOzoneClusterImpl-68853c07-42d2-4ef8-9e75-e3a852294e6a/omNode-2/ratis] (custom)
2025-04-23 14:37:45,124 [main] INFO  server.RaftServerConfigKeys (ConfUtils.java:logGet(46)) - raft.server.threadpool.proxy.cached = true (default)
2025-04-23 14:37:45,124 [main] INFO  server.RaftServerConfigKeys (ConfUtils.java:logGet(46)) - raft.server.threadpool.proxy.size = 0 (default)
2025-04-23 14:37:45,125 [omNode-2-impl-thread1] INFO  server.RaftServer (RaftServerProxy.java:initGroupDir(265)) - omNode-2: found a subdirectory /home/runner/work/ozone/ozone/hadoop-ozone/integration-test/target/test-dir/MiniOzoneClusterImpl-68853c07-42d2-4ef8-9e75-e3a852294e6a/omNode-2/ratis/c9bc4cf4-3bc3-3c60-a66b-523986131536
2025-04-23 14:37:45,125 [main] INFO  server.RaftServer (RaftServerProxy.java:addNew(100)) - omNode-2: addNew group-523986131536:[omNode-3|localhost:15017, omNode-1|localhost:15009, omNode-2|localhost:15013] returns group-523986131536:java.util.concurrent.CompletableFuture@f42b932[Not completed]
2025-04-23 14:37:45,125 [main] INFO  om.OzoneManager (OzoneManager.java:initializeRatisServer(2303)) - OzoneManager Ratis server initialized at port 15013
2025-04-23 14:37:45,125 [main] INFO  ratis.OzoneManagerRatisServer (OzoneManagerRatisServer.java:start(628)) - Starting OzoneManagerRatisServer omNode-2 at port 15013
2025-04-23 14:37:45,125 [omNode-2-groupManagement] INFO  server.RaftServer$Division (RaftServerImpl.java:<init>(255)) - omNode-2: new RaftServerImpl for group-523986131536:[omNode-3|localhost:15017, omNode-1|localhost:15009, omNode-2|localhost:15013] with OzoneManagerStateMachine:uninitialized
2025-04-23 14:37:45,125 [omNode-2-groupManagement] INFO  server.RaftServerConfigKeys (ConfUtils.java:logGet(46)) - raft.server.rpc.timeout.min = 1s (custom)
2025-04-23 14:37:45,125 [omNode-2-groupManagement] INFO  server.RaftServerConfigKeys (ConfUtils.java:logGet(46)) - raft.server.rpc.timeout.max = 1200ms (custom)
2025-04-23 14:37:45,125 [omNode-2-groupManagement] INFO  server.RaftServerConfigKeys (ConfUtils.java:logGet(46)) - raft.server.rpc.sleep.time = 25ms (default)
2025-04-23 14:37:45,125 [omNode-2-groupManagement] INFO  server.RaftServerConfigKeys (ConfUtils.java:logGet(46)) - raft.server.rpc.slowness.timeout = 2s (custom)
2025-04-23 14:37:45,125 [omNode-2-groupManagement] INFO  server.RaftServerConfigKeys (ConfUtils.java:logGet(46)) - raft.server.leaderelection.leader.step-down.wait-time = 10s (default)
2025-04-23 14:37:45,125 [omNode-2-groupManagement] INFO  server.RaftServerConfigKeys (ConfUtils.java:logGet(46)) - raft.server.leaderelection.member.majority-add = false (default)
2025-04-23 14:37:45,125 [omNode-2-groupManagement] INFO  server.RaftServerConfigKeys (ConfUtils.java:logGet(46)) - raft.server.sleep.deviation.threshold = 300ms (default)
2025-04-23 14:37:45,125 [omNode-2-groupManagement] INFO  server.RaftServer$Division (ServerState.java:<init>(114)) - omNode-2@group-523986131536: ConfigurationManager, init=conf: {index: -1, cur=peers:[omNode-3|localhost:15017, omNode-1|localhost:15009, omNode-2|localhost:15013]|listeners:[], old=null}, confs=<EMPTY_MAP>
2025-04-23 14:37:45,125 [omNode-2-groupManagement] INFO  server.RaftServerConfigKeys (ConfUtils.java:logGet(46)) - raft.server.notification.no-leader.timeout = 2s (custom)
2025-04-23 14:37:45,126 [omNode-2-groupManagement] INFO  server.RaftServerConfigKeys (ConfUtils.java:logGet(46)) - raft.server.read.timeout = 10s (default)
2025-04-23 14:37:45,126 [omNode-2-groupManagement] INFO  server.RaftServerConfigKeys (ConfUtils.java:logGet(46)) - raft.server.retrycache.expirytime = 30000ms (custom)
2025-04-23 14:37:45,126 [omNode-2-groupManagement] INFO  server.RaftServerConfigKeys (ConfUtils.java:logGet(46)) - raft.server.retrycache.statistics.expirytime = 100ms (default)
2025-04-23 14:37:45,126 [omNode-2-groupManagement] INFO  server.RaftServerConfigKeys (ConfUtils.java:logGet(46)) - raft.server.read.option = DEFAULT (default)
2025-04-23 14:37:45,126 [omNode-2-groupManagement] INFO  server.RaftServerConfigKeys (ConfUtils.java:logGet(46)) - raft.server.read.read-after-write-consistent.write-index-cache.expiry-time = 60s (default)
2025-04-23 14:37:45,127 [omNode-2-groupManagement] INFO  server.RaftServerConfigKeys (ConfUtils.java:logGet(46)) - raft.server.rpc.request.timeout = 3000ms (default)
2025-04-23 14:37:45,127 [omNode-2-groupManagement] INFO  server.RaftServerConfigKeys (ConfUtils.java:logGet(46)) - raft.server.log.appender.install.snapshot.enabled = false (custom)
2025-04-23 14:37:45,127 [omNode-2-groupManagement] INFO  server.RaftServerConfigKeys (ConfUtils.java:logGet(46)) - raft.server.threadpool.server.cached = true (default)
2025-04-23 14:37:45,127 [omNode-2-groupManagement] INFO  server.RaftServerConfigKeys (ConfUtils.java:logGet(46)) - raft.server.threadpool.server.size = 0 (default)
2025-04-23 14:37:45,127 [omNode-2-groupManagement] INFO  server.RaftServerConfigKeys (ConfUtils.java:logGet(46)) - raft.server.threadpool.client.cached = true (default)
2025-04-23 14:37:45,127 [omNode-2-groupManagement] INFO  server.RaftServerConfigKeys (ConfUtils.java:logGet(46)) - raft.server.threadpool.client.size = 0 (default)
2025-04-23 14:37:45,128 [omNode-2-impl-thread1] INFO  server.RaftServerConfigKeys (ConfUtils.java:logGet(46)) - raft.server.storage.free-space.min = 0MB (=0) (default)
2025-04-23 14:37:45,128 [omNode-2-impl-thread1] INFO  server.RaftServerConfigKeys (ConfUtils.java:logGet(46)) - raft.server.log.corruption.policy = EXCEPTION (default)
2025-04-23 14:37:45,128 [omNode-2-impl-thread1] INFO  server.RaftServerConfigKeys (ConfUtils.java:logGet(46)) - raft.server.storage.dir = [/home/runner/work/ozone/ozone/hadoop-ozone/integration-test/target/test-dir/MiniOzoneClusterImpl-68853c07-42d2-4ef8-9e75-e3a852294e6a/omNode-2/ratis] (custom)
2025-04-23 14:37:45,129 [omNode-2-impl-thread1] INFO  storage.RaftStorageDirectory (RaftStorageDirectoryImpl.java:tryLock(229)) - Lock on /home/runner/work/ozone/ozone/hadoop-ozone/integration-test/target/test-dir/MiniOzoneClusterImpl-68853c07-42d2-4ef8-9e75-e3a852294e6a/omNode-2/ratis/c9bc4cf4-3bc3-3c60-a66b-523986131536/in_use.lock acquired by nodename 129558@fv-az1120-822
2025-04-23 14:37:45,129 [omNode-2-impl-thread1] INFO  storage.RaftStorage (RaftStorageImpl.java:analyzeAndRecoverStorage(118)) - Read RaftStorageMetadata{term=5, votedFor=omNode-3} from /home/runner/work/ozone/ozone/hadoop-ozone/integration-test/target/test-dir/MiniOzoneClusterImpl-68853c07-42d2-4ef8-9e75-e3a852294e6a/omNode-2/ratis/c9bc4cf4-3bc3-3c60-a66b-523986131536/current/raft-meta
2025-04-23 14:37:45,129 [omNode-2-impl-thread1] INFO  server.RaftServer$Division (ServerState.java:setRaftConf(386)) - omNode-2@group-523986131536: set configuration conf: {index: 35, cur=peers:[omNode-3|localhost:15017, omNode-1|localhost:15009, omNode-2|localhost:15013]|listeners:[], old=null}
2025-04-23 14:37:45,129 [omNode-2-impl-thread1] INFO  ratis.OzoneManagerStateMachine (OzoneManagerStateMachine.java:lambda$0(138)) - omNode-2: initialize group-523986131536 with (t:5, i:68)
2025-04-23 14:37:45,129 [omNode-2-impl-thread1] INFO  server.RaftServerConfigKeys (ConfUtils.java:logGet(46)) - raft.server.log.use.memory = false (default)
2025-04-23 14:37:45,130 [omNode-2-impl-thread1] INFO  server.RaftServerConfigKeys (ConfUtils.java:logGet(46)) - raft.server.log.purge.gap = 50 (custom)
2025-04-23 14:37:45,130 [omNode-2-impl-thread1] INFO  server.RaftServerConfigKeys (ConfUtils.java:logGet(46)) - raft.server.log.appender.buffer.byte-limit = 4194304 (custom)
2025-04-23 14:37:45,130 [omNode-2-impl-thread1] INFO  server.RaftServerConfigKeys (ConfUtils.java:logGet(46)) - raft.server.log.statemachine.data.read.timeout = 1000ms (default)
2025-04-23 14:37:45,130 [omNode-2-impl-thread1] INFO  server.RaftServerConfigKeys (ConfUtils.java:logGet(46)) - raft.server.log.purge.preservation.log.num = 0 (default)
2025-04-23 14:37:45,130 [omNode-2-impl-thread1] INFO  server.RaftServerConfigKeys (ConfUtils.java:logGet(46)) - raft.server.log.segment.size.max = 4194304 (custom)
2025-04-23 14:37:45,131 [omNode-2-impl-thread1] INFO  server.RaftServerConfigKeys (ConfUtils.java:logGet(46)) - raft.server.log.segment.cache.num.max = 2 (custom)
2025-04-23 14:37:45,131 [omNode-2-impl-thread1] INFO  server.RaftServerConfigKeys (ConfUtils.java:logGet(46)) - raft.server.log.segment.cache.size.max = 200MB (=209715200) (default)
2025-04-23 14:37:45,131 [omNode-2-impl-thread1] INFO  server.RaftServerConfigKeys (ConfUtils.java:logGet(46)) - raft.server.log.appender.buffer.byte-limit = 4194304 (custom)
2025-04-23 14:37:45,131 [omNode-2-impl-thread1] INFO  util.AwaitToRun (AwaitToRun.java:start(81)) - Thread[#2930,omNode-2@group-523986131536-cacheEviction-AwaitToRun,5,main] started
2025-04-23 14:37:45,131 [omNode-2-impl-thread1] INFO  segmented.SegmentedRaftLogWorker (SegmentedRaftLogWorker.java:<init>(188)) - new omNode-2@group-523986131536-SegmentedRaftLogWorker for RaftStorageImpl:Storage Directory /home/runner/work/ozone/ozone/hadoop-ozone/integration-test/target/test-dir/MiniOzoneClusterImpl-68853c07-42d2-4ef8-9e75-e3a852294e6a/omNode-2/ratis/c9bc4cf4-3bc3-3c60-a66b-523986131536
2025-04-23 14:37:45,131 [omNode-2-impl-thread1] INFO  server.RaftServerConfigKeys (ConfUtils.java:logGet(46)) - raft.server.log.queue.byte-limit = 64MB (=67108864) (default)
2025-04-23 14:37:45,131 [omNode-2-impl-thread1] INFO  server.RaftServerConfigKeys (ConfUtils.java:logGet(46)) - raft.server.log.queue.element-limit = 4096 (default)
2025-04-23 14:37:45,131 [omNode-2-impl-thread1] INFO  server.RaftServerConfigKeys (ConfUtils.java:logGet(46)) - raft.server.log.segment.size.max = 4194304 (custom)
2025-04-23 14:37:45,131 [omNode-2-impl-thread1] INFO  server.RaftServerConfigKeys (ConfUtils.java:logGet(46)) - raft.server.log.preallocated.size = 4194304 (custom)
2025-04-23 14:37:45,131 [omNode-2-impl-thread1] INFO  server.RaftServerConfigKeys (ConfUtils.java:logGet(46)) - raft.server.log.force.sync.num = 128 (default)
2025-04-23 14:37:45,131 [omNode-2-impl-thread1] INFO  server.RaftServerConfigKeys (ConfUtils.java:logGet(46)) - raft.server.log.statemachine.data.sync = true (default)
2025-04-23 14:37:45,131 [omNode-2-impl-thread1] INFO  server.RaftServerConfigKeys (ConfUtils.java:logGet(46)) - raft.server.log.statemachine.data.sync.timeout = 10s (default)
2025-04-23 14:37:45,131 [omNode-2-impl-thread1] INFO  server.RaftServerConfigKeys (ConfUtils.java:logGet(46)) - raft.server.log.statemachine.data.sync.timeout.retry = -1 (default)
2025-04-23 14:37:45,131 [omNode-2-impl-thread1] INFO  server.RaftServerConfigKeys (ConfUtils.java:logGet(46)) - raft.server.log.write.buffer.size = 4194312 (custom)
2025-04-23 14:37:45,132 [omNode-2-impl-thread1] INFO  server.RaftServerConfigKeys (ConfUtils.java:logGet(46)) - raft.server.log.appender.buffer.byte-limit = 4194304 (custom)
2025-04-23 14:37:45,132 [omNode-2-impl-thread1] INFO  server.RaftServerConfigKeys (ConfUtils.java:logGet(46)) - raft.server.log.unsafe-flush.enabled = false (default)
2025-04-23 14:37:45,132 [omNode-2-impl-thread1] INFO  server.RaftServerConfigKeys (ConfUtils.java:logGet(46)) - raft.server.log.async-flush.enabled = false (default)
2025-04-23 14:37:45,132 [omNode-2-impl-thread1] INFO  server.RaftServerConfigKeys (ConfUtils.java:logGet(46)) - raft.server.log.statemachine.data.caching.enabled = false (default)
2025-04-23 14:37:45,132 [omNode-2-impl-thread1] INFO  server.RaftServer$Division (ServerState.java:setRaftConf(386)) - omNode-2@group-523986131536: set configuration conf: {index: 35, cur=peers:[omNode-3|localhost:15017, omNode-1|localhost:15009, omNode-2|localhost:15013]|listeners:[], old=null}
2025-04-23 14:37:45,133 [omNode-2-impl-thread1] INFO  segmented.LogSegment (LogSegment.java:loadSegment(171)) - Successfully read 34 entries from segment file /home/runner/work/ozone/ozone/hadoop-ozone/integration-test/target/test-dir/MiniOzoneClusterImpl-68853c07-42d2-4ef8-9e75-e3a852294e6a/omNode-2/ratis/c9bc4cf4-3bc3-3c60-a66b-523986131536/current/log_inprogress_35
2025-04-23 14:37:45,133 [omNode-2-impl-thread1] INFO  segmented.SegmentedRaftLogWorker (SegmentedRaftLogWorker.java:lambda$new$0(139)) - omNode-2@group-523986131536-SegmentedRaftLogWorker: flushIndex: setUnconditionally 0 -> 68
2025-04-23 14:37:45,133 [omNode-2-impl-thread1] INFO  segmented.SegmentedRaftLogWorker (SegmentedRaftLogWorker.java:lambda$new$0(139)) - omNode-2@group-523986131536-SegmentedRaftLogWorker: safeCacheEvictIndex: setUnconditionally 0 -> -1
2025-04-23 14:37:45,133 [omNode-2-impl-thread1] INFO  segmented.BufferedWriteChannel (BufferedWriteChannel.java:open(61)) - open log_inprogress_35 (append) at position 7656
2025-04-23 14:37:45,134 [omNode-2-impl-thread1] INFO  raftlog.RaftLog (RaftLogBase.java:lambda$new$0(54)) - omNode-2@group-523986131536-SegmentedRaftLog: purgeIndex: updateToMax old=-1, new=34, updated? true
2025-04-23 14:37:45,134 [omNode-2-impl-thread1] INFO  server.RaftServer$Division (RaftServerImpl.java:start(391)) - omNode-2@group-523986131536: start as a follower, conf=conf: {index: 35, cur=peers:[omNode-3|localhost:15017, omNode-1|localhost:15009, omNode-2|localhost:15013]|listeners:[], old=null}
2025-04-23 14:37:45,134 [omNode-2-impl-thread1] INFO  server.RaftServer$Division (RaftServerImpl.java:setRole(378)) - omNode-2@group-523986131536: changes role from      null to FOLLOWER at term 5 for startAsFollower
2025-04-23 14:37:45,134 [omNode-2-impl-thread1] INFO  impl.RoleInfo (RoleInfo.java:updateAndGet(148)) - omNode-2: start omNode-2@group-523986131536-FollowerState
2025-04-23 14:37:45,134 [omNode-2-impl-thread1] INFO  util.JmxRegister (JmxRegister.java:tryRegister(44)) - Successfully registered JMX Bean with object name Ratis:service=RaftServer,group=group-523986131536,id=omNode-2
2025-04-23 14:37:45,134 [omNode-2-impl-thread1] INFO  util.JmxRegister (JmxRegister.java:register(58)) - register mxBean class org.apache.ratis.server.impl.RaftServerJmxAdapter as Ratis:service=RaftServer,group=group-523986131536,id=omNode-2
2025-04-23 14:37:45,134 [omNode-2-impl-thread1] INFO  server.RaftServerConfigKeys (ConfUtils.java:logGet(46)) - raft.server.snapshot.trigger-when-stop.enabled = true (default)
2025-04-23 14:37:45,134 [omNode-2-impl-thread1] INFO  server.RaftServerConfigKeys (ConfUtils.java:logGet(46)) - raft.server.snapshot.trigger-when-remove.enabled = true (default)
2025-04-23 14:37:45,134 [omNode-2-impl-thread1] INFO  server.RaftServerConfigKeys (ConfUtils.java:logGet(46)) - raft.server.snapshot.auto.trigger.enabled = true (custom)
2025-04-23 14:37:45,134 [omNode-2-impl-thread1] INFO  server.RaftServerConfigKeys (ConfUtils.java:logGet(46)) - raft.server.snapshot.auto.trigger.threshold = 50 (custom)
2025-04-23 14:37:45,134 [omNode-2-impl-thread1] INFO  server.RaftServerConfigKeys (ConfUtils.java:logGet(46)) - raft.server.snapshot.retention.file.num = -1 (default)
2025-04-23 14:37:45,134 [omNode-2-impl-thread1] INFO  server.RaftServerConfigKeys (ConfUtils.java:logGet(46)) - raft.server.log.purge.upto.snapshot.index = true (custom)
2025-04-23 14:37:45,135 [omNode-2@group-523986131536-FollowerState] INFO  server.RaftServerConfigKeys (ConfUtils.java:logFallback(53)) - raft.server.rpc.first-election.timeout.min = 1s (fallback to raft.server.rpc.timeout.min)
2025-04-23 14:37:45,135 [omNode-2@group-523986131536-FollowerState] INFO  server.RaftServerConfigKeys (ConfUtils.java:logFallback(53)) - raft.server.rpc.first-election.timeout.max = 1200ms (fallback to raft.server.rpc.timeout.max)
2025-04-23 14:37:45,135 [omNode-2-impl-thread1] INFO  server.RaftServer$Division (RaftServerImpl.java:start(405)) - omNode-2@group-523986131536: Successfully started.
2025-04-23 14:37:45,135 [main] INFO  server.RaftServer (RaftServerProxy.java:startImpl(407)) - omNode-2: start RPC server
2025-04-23 14:37:45,136 [main] INFO  server.GrpcService (GrpcService.java:startImpl(334)) - omNode-2: GrpcService started, listening on 15013
2025-04-23 14:37:45,136 [JvmPauseMonitor19] INFO  util.JvmPauseMonitor (JvmPauseMonitor.java:run(146)) - JvmPauseMonitor-omNode-2: Started
2025-04-23 14:37:45,136 [main] INFO  om.OzoneManager (OzoneManager.java:getRpcServer(1360)) - Creating RPC Server
2025-04-23 14:37:45,394 [omNode-3@group-523986131536-FollowerState] INFO  impl.FollowerState (FollowerState.java:runImpl(161)) - omNode-3@group-523986131536-FollowerState: change to CANDIDATE, lastRpcElapsedTime:1160542287ns, electionTimeout:1160ms
2025-04-23 14:37:45,395 [omNode-3@group-523986131536-FollowerState] INFO  impl.RoleInfo (RoleInfo.java:shutdownFollowerState(121)) - omNode-3: shutdown omNode-3@group-523986131536-FollowerState
2025-04-23 14:37:45,395 [omNode-3@group-523986131536-FollowerState] INFO  server.RaftServer$Division (RaftServerImpl.java:setRole(378)) - omNode-3@group-523986131536: changes role from  FOLLOWER to CANDIDATE at term 5 for changeToCandidate
2025-04-23 14:37:45,395 [omNode-3@group-523986131536-FollowerState] INFO  server.RaftServerConfigKeys (ConfUtils.java:logGet(46)) - raft.server.leaderelection.pre-vote = true (default)
2025-04-23 14:37:45,395 [omNode-3@group-523986131536-FollowerState] INFO  impl.RoleInfo (RoleInfo.java:updateAndGet(148)) - omNode-3: start omNode-3@group-523986131536-LeaderElection16
2025-04-23 14:37:45,395 [omNode-3@group-523986131536-LeaderElection16] INFO  impl.LeaderElection (LeaderElection.java:askForVotes(332)) - omNode-3@group-523986131536-LeaderElection16 PRE_VOTE round 0: submit vote requests at term 5 for conf: {index: 35, cur=peers:[omNode-3|localhost:15017, omNode-1|localhost:15009, omNode-2|localhost:15013]|listeners:[], old=null}
2025-04-23 14:37:45,396 [omNode-3@group-523986131536-LeaderElection16-1] INFO  server.GrpcServerProtocolClient (GrpcServerProtocolClient.java:<init>(65)) - Build channel for omNode-1|localhost:15009
2025-04-23 14:37:45,396 [omNode-3@group-523986131536-LeaderElection16-2] INFO  server.GrpcServerProtocolClient (GrpcServerProtocolClient.java:<init>(65)) - Build channel for omNode-2|localhost:15013
2025-04-23 14:37:45,396 [omNode-3@group-523986131536-LeaderElection16] INFO  server.RaftServerConfigKeys (ConfUtils.java:logFallback(53)) - raft.server.rpc.first-election.timeout.min = 1s (fallback to raft.server.rpc.timeout.min)
2025-04-23 14:37:45,396 [omNode-3@group-523986131536-LeaderElection16] INFO  server.RaftServerConfigKeys (ConfUtils.java:logFallback(53)) - raft.server.rpc.first-election.timeout.max = 1200ms (fallback to raft.server.rpc.timeout.max)
2025-04-23 14:37:45,400 [grpc-default-executor-4] INFO  server.RaftServer$Division (RaftServerImpl.java:requestVote(1407)) - omNode-1@group-523986131536: receive requestVote(PRE_VOTE, omNode-3, group-523986131536, 5, (t:5, i:68))
2025-04-23 14:37:45,400 [grpc-default-executor-4] INFO  impl.VoteContext (VoteContext.java:log(49)) - omNode-1@group-523986131536-FOLLOWER: accept PRE_VOTE from omNode-3: our priority 0 <= candidate's priority 0
2025-04-23 14:37:45,401 [grpc-default-executor-4] INFO  server.RaftServer$Division (RaftServerImpl.java:requestVote(1441)) - omNode-1@group-523986131536 replies to PRE_VOTE vote request: omNode-3<-omNode-1#0:OK-t5. Peer's state: omNode-1@group-523986131536:t5, leader=null, voted=omNode-3, raftlog=Memoized:omNode-1@group-523986131536-SegmentedRaftLog:OPENED:c68:last(t:5, i:68), conf=conf: {index: 35, cur=peers:[omNode-3|localhost:15017, omNode-1|localhost:15009, omNode-2|localhost:15013]|listeners:[], old=null}
2025-04-23 14:37:45,401 [grpc-default-executor-6] INFO  server.RaftServer$Division (RaftServerImpl.java:requestVote(1407)) - omNode-2@group-523986131536: receive requestVote(PRE_VOTE, omNode-3, group-523986131536, 5, (t:5, i:68))
2025-04-23 14:37:45,401 [grpc-default-executor-6] INFO  impl.VoteContext (VoteContext.java:log(49)) - omNode-2@group-523986131536-FOLLOWER: accept PRE_VOTE from omNode-3: our priority 0 <= candidate's priority 0
2025-04-23 14:37:45,401 [grpc-default-executor-6] INFO  server.RaftServer$Division (RaftServerImpl.java:requestVote(1441)) - omNode-2@group-523986131536 replies to PRE_VOTE vote request: omNode-3<-omNode-2#0:OK-t5. Peer's state: omNode-2@group-523986131536:t5, leader=null, voted=omNode-3, raftlog=Memoized:omNode-2@group-523986131536-SegmentedRaftLog:OPENED:c68:last(t:5, i:68), conf=conf: {index: 35, cur=peers:[omNode-3|localhost:15017, omNode-1|localhost:15009, omNode-2|localhost:15013]|listeners:[], old=null}
2025-04-23 14:37:45,403 [omNode-3@group-523986131536-LeaderElection16] INFO  impl.LeaderElection (LeaderElection.java:logAndReturn(90)) - omNode-3@group-523986131536-LeaderElection16: PRE_VOTE PASSED received 1 response(s) and 0 exception(s):
2025-04-23 14:37:45,403 [omNode-3@group-523986131536-LeaderElection16] INFO  impl.LeaderElection (LeaderElection.java:logAndReturn(94)) -   Response 0: omNode-3<-omNode-2#0:OK-t5
2025-04-23 14:37:45,403 [omNode-3@group-523986131536-LeaderElection16] INFO  impl.LeaderElection (LeaderElection.java:askForVotes(334)) - omNode-3@group-523986131536-LeaderElection16 PRE_VOTE round 0: result PASSED
2025-04-23 14:37:45,405 [omNode-3@group-523986131536-LeaderElection16] INFO  impl.LeaderElection (LeaderElection.java:askForVotes(332)) - omNode-3@group-523986131536-LeaderElection16 ELECTION round 0: submit vote requests at term 6 for conf: {index: 35, cur=peers:[omNode-3|localhost:15017, omNode-1|localhost:15009, omNode-2|localhost:15013]|listeners:[], old=null}
2025-04-23 14:37:45,405 [omNode-3@group-523986131536-LeaderElection16] INFO  server.RaftServerConfigKeys (ConfUtils.java:logFallback(53)) - raft.server.rpc.first-election.timeout.min = 1s (fallback to raft.server.rpc.timeout.min)
2025-04-23 14:37:45,406 [omNode-3@group-523986131536-LeaderElection16] INFO  server.RaftServerConfigKeys (ConfUtils.java:logFallback(53)) - raft.server.rpc.first-election.timeout.max = 1200ms (fallback to raft.server.rpc.timeout.max)
2025-04-23 14:37:45,406 [grpc-default-executor-6] INFO  server.RaftServer$Division (RaftServerImpl.java:requestVote(1407)) - omNode-1@group-523986131536: receive requestVote(ELECTION, omNode-3, group-523986131536, 6, (t:5, i:68))
2025-04-23 14:37:45,406 [grpc-default-executor-6] INFO  impl.VoteContext (VoteContext.java:log(49)) - omNode-1@group-523986131536-FOLLOWER: accept ELECTION from omNode-3: our priority 0 <= candidate's priority 0
2025-04-23 14:37:45,406 [grpc-default-executor-6] INFO  server.RaftServer$Division (RaftServerImpl.java:setRole(378)) - omNode-1@group-523986131536: changes role from  FOLLOWER to FOLLOWER at term 5 for candidate:omNode-3
2025-04-23 14:37:45,406 [grpc-default-executor-6] INFO  impl.RoleInfo (RoleInfo.java:shutdownFollowerState(121)) - omNode-1: shutdown omNode-1@group-523986131536-FollowerState
2025-04-23 14:37:45,406 [grpc-default-executor-4] INFO  server.RaftServer$Division (RaftServerImpl.java:requestVote(1407)) - omNode-2@group-523986131536: receive requestVote(ELECTION, omNode-3, group-523986131536, 6, (t:5, i:68))
2025-04-23 14:37:45,406 [grpc-default-executor-4] INFO  impl.VoteContext (VoteContext.java:log(49)) - omNode-2@group-523986131536-FOLLOWER: accept ELECTION from omNode-3: our priority 0 <= candidate's priority 0
2025-04-23 14:37:45,406 [grpc-default-executor-6] INFO  impl.RoleInfo (RoleInfo.java:updateAndGet(148)) - omNode-1: start omNode-1@group-523986131536-FollowerState
2025-04-23 14:37:45,406 [omNode-1@group-523986131536-FollowerState] INFO  impl.FollowerState (FollowerState.java:runImpl(170)) - omNode-1@group-523986131536-FollowerState was interrupted
2025-04-23 14:37:45,407 [grpc-default-executor-6] INFO  server.RaftServer$Division (RaftServerImpl.java:setFirstElection(562)) - omNode-1@group-523986131536: set firstElectionSinceStartup to false for candidate:omNode-3
2025-04-23 14:37:45,406 [grpc-default-executor-4] INFO  server.RaftServer$Division (RaftServerImpl.java:setRole(378)) - omNode-2@group-523986131536: changes role from  FOLLOWER to FOLLOWER at term 5 for candidate:omNode-3
2025-04-23 14:37:45,407 [grpc-default-executor-4] INFO  impl.RoleInfo (RoleInfo.java:shutdownFollowerState(121)) - omNode-2: shutdown omNode-2@group-523986131536-FollowerState
2025-04-23 14:37:45,407 [grpc-default-executor-4] INFO  impl.RoleInfo (RoleInfo.java:updateAndGet(148)) - omNode-2: start omNode-2@group-523986131536-FollowerState
2025-04-23 14:37:45,407 [omNode-2@group-523986131536-FollowerState] INFO  server.RaftServerConfigKeys (ConfUtils.java:logFallback(53)) - raft.server.rpc.first-election.timeout.min = 1s (fallback to raft.server.rpc.timeout.min)
2025-04-23 14:37:45,407 [omNode-2@group-523986131536-FollowerState] INFO  server.RaftServerConfigKeys (ConfUtils.java:logFallback(53)) - raft.server.rpc.first-election.timeout.max = 1200ms (fallback to raft.server.rpc.timeout.max)
2025-04-23 14:37:45,407 [grpc-default-executor-4] INFO  server.RaftServer$Division (RaftServerImpl.java:setFirstElection(562)) - omNode-2@group-523986131536: set firstElectionSinceStartup to false for candidate:omNode-3
2025-04-23 14:37:45,407 [omNode-2@group-523986131536-FollowerState] INFO  impl.FollowerState (FollowerState.java:runImpl(170)) - omNode-2@group-523986131536-FollowerState was interrupted
2025-04-23 14:37:45,409 [grpc-default-executor-6] INFO  server.RaftServer$Division (RaftServerImpl.java:requestVote(1441)) - omNode-1@group-523986131536 replies to ELECTION vote request: omNode-3<-omNode-1#0:OK-t6. Peer's state: omNode-1@group-523986131536:t6, leader=null, voted=omNode-3, raftlog=Memoized:omNode-1@group-523986131536-SegmentedRaftLog:OPENED:c68:last(t:5, i:68), conf=conf: {index: 35, cur=peers:[omNode-3|localhost:15017, omNode-1|localhost:15009, omNode-2|localhost:15013]|listeners:[], old=null}
2025-04-23 14:37:45,409 [grpc-default-executor-4] INFO  server.RaftServer$Division (RaftServerImpl.java:requestVote(1441)) - omNode-2@group-523986131536 replies to ELECTION vote request: omNode-3<-omNode-2#0:OK-t6. Peer's state: omNode-2@group-523986131536:t6, leader=null, voted=omNode-3, raftlog=Memoized:omNode-2@group-523986131536-SegmentedRaftLog:OPENED:c68:last(t:5, i:68), conf=conf: {index: 35, cur=peers:[omNode-3|localhost:15017, omNode-1|localhost:15009, omNode-2|localhost:15013]|listeners:[], old=null}
2025-04-23 14:37:45,409 [omNode-3@group-523986131536-LeaderElection16] INFO  impl.LeaderElection (LeaderElection.java:logAndReturn(90)) - omNode-3@group-523986131536-LeaderElection16: ELECTION PASSED received 1 response(s) and 0 exception(s):
2025-04-23 14:37:45,409 [omNode-3@group-523986131536-LeaderElection16] INFO  impl.LeaderElection (LeaderElection.java:logAndReturn(94)) -   Response 0: omNode-3<-omNode-1#0:OK-t6
2025-04-23 14:37:45,409 [omNode-3@group-523986131536-LeaderElection16] INFO  impl.LeaderElection (LeaderElection.java:askForVotes(334)) - omNode-3@group-523986131536-LeaderElection16 ELECTION round 0: result PASSED
2025-04-23 14:37:45,409 [omNode-3@group-523986131536-LeaderElection16] INFO  impl.RoleInfo (RoleInfo.java:shutdownLeaderElection(141)) - omNode-3: shutdown omNode-3@group-523986131536-LeaderElection16
2025-04-23 14:37:45,409 [omNode-3@group-523986131536-LeaderElection16] INFO  server.RaftServer$Division (RaftServerImpl.java:setRole(378)) - omNode-3@group-523986131536: changes role from CANDIDATE to LEADER at term 6 for changeToLeader
2025-04-23 14:37:45,409 [omNode-3@group-523986131536-LeaderElection16] INFO  server.RaftServerConfigKeys (ConfUtils.java:logGet(46)) - raft.server.staging.catchup.gap = 1000 (default)
2025-04-23 14:37:45,410 [omNode-3@group-523986131536-LeaderElection16] INFO  server.RaftServerConfigKeys (ConfUtils.java:logGet(46)) - raft.server.write.element-limit = 4096 (default)
2025-04-23 14:37:45,410 [omNode-3@group-523986131536-LeaderElection16] INFO  server.RaftServerConfigKeys (ConfUtils.java:logGet(46)) - raft.server.write.byte-limit = 64MB (=67108864) (default)
2025-04-23 14:37:45,410 [omNode-3@group-523986131536-LeaderElection16] INFO  server.RaftServerConfigKeys (ConfUtils.java:logGet(46)) - raft.server.watch.timeout = 10s (default)
2025-04-23 14:37:45,410 [omNode-3@group-523986131536-LeaderElection16] INFO  server.RaftServerConfigKeys (ConfUtils.java:logGet(46)) - raft.server.watch.timeout.denomination = 1s (default)
2025-04-23 14:37:45,410 [omNode-3@group-523986131536-LeaderElection16] INFO  server.RaftServerConfigKeys (ConfUtils.java:logGet(46)) - raft.server.watch.element-limit = 65536 (default)
2025-04-23 14:37:45,410 [omNode-3@group-523986131536-LeaderElection16] INFO  server.RaftServerConfigKeys (ConfUtils.java:logGet(46)) - raft.server.read.leader.lease.enabled = false (default)
2025-04-23 14:37:45,410 [omNode-3@group-523986131536-LeaderElection16] INFO  server.RaftServerConfigKeys (ConfUtils.java:logGet(46)) - raft.server.read.leader.lease.timeout.ratio = 0.9 (default)
2025-04-23 14:37:45,410 [omNode-3@group-523986131536-LeaderElection16] INFO  server.RaftServerConfigKeys (ConfUtils.java:logGet(46)) - raft.server.rpc.timeout.min = 1s (custom)
2025-04-23 14:37:45,410 [omNode-3@group-523986131536-LeaderElection16] INFO  server.RaftServerConfigKeys (ConfUtils.java:logGet(46)) - raft.server.log.log-metadata.enabled = true (default)
2025-04-23 14:37:45,410 [omNode-3@group-523986131536-LeaderElection16] INFO  server.RaftServerConfigKeys (ConfUtils.java:logGet(46)) - raft.server.write.element-limit = 4096 (default)
2025-04-23 14:37:45,411 [omNode-3@group-523986131536-LeaderElection16] INFO  server.RaftServerConfigKeys (ConfUtils.java:logGet(46)) - raft.server.write.follower.gap.ratio.max = -1.0 (default)
2025-04-23 14:37:45,411 [omNode-3@group-523986131536-LeaderElection16] INFO  server.RaftServerConfigKeys (ConfUtils.java:logGet(46)) - raft.server.log.appender.snapshot.chunk.size.max = 16MB (=16777216) (default)
2025-04-23 14:37:45,411 [omNode-3@group-523986131536-LeaderElection16] INFO  server.RaftServerConfigKeys (ConfUtils.java:logGet(46)) - raft.server.log.appender.buffer.byte-limit = 4194304 (custom)
2025-04-23 14:37:45,411 [omNode-3@group-523986131536-LeaderElection16] INFO  server.RaftServerConfigKeys (ConfUtils.java:logGet(46)) - raft.server.log.appender.buffer.element-limit = 1024 (custom)
2025-04-23 14:37:45,411 [omNode-3@group-523986131536-LeaderElection16] INFO  server.RaftServerConfigKeys (ConfUtils.java:logGet(46)) - raft.server.log.appender.wait-time.min = 0ms (custom)
2025-04-23 14:37:45,411 [omNode-3@group-523986131536-LeaderElection16] INFO  grpc.GrpcConfigKeys (ConfUtils.java:logGet(46)) - raft.grpc.server.leader.outstanding.appends.max = 8 (default)
2025-04-23 14:37:45,411 [omNode-3@group-523986131536-LeaderElection16] INFO  server.RaftServerConfigKeys (ConfUtils.java:logGet(46)) - raft.server.rpc.request.timeout = 3000ms (default)
2025-04-23 14:37:45,411 [omNode-3@group-523986131536-LeaderElection16] INFO  grpc.GrpcConfigKeys (ConfUtils.java:logGet(46)) - raft.grpc.server.install_snapshot.request.element-limit = 8 (default)
2025-04-23 14:37:45,411 [omNode-3@group-523986131536-LeaderElection16] INFO  grpc.GrpcConfigKeys (ConfUtils.java:logGet(46)) - raft.grpc.server.install_snapshot.request.timeout = 3000ms (default)
2025-04-23 14:37:45,412 [omNode-3@group-523986131536-LeaderElection16] INFO  grpc.GrpcConfigKeys (ConfUtils.java:logGet(46)) - raft.grpc.server.log-message.batch.duration = 5s (default)
2025-04-23 14:37:45,412 [omNode-3@group-523986131536-LeaderElection16] INFO  server.RaftServerConfigKeys (ConfUtils.java:logGet(46)) - raft.server.log.appender.install.snapshot.enabled = false (custom)
2025-04-23 14:37:45,412 [omNode-3@group-523986131536-LeaderElection16] INFO  grpc.GrpcConfigKeys (ConfUtils.java:logGet(46)) - raft.grpc.server.heartbeat.channel = true (default)
2025-04-23 14:37:45,412 [omNode-3@group-523986131536-LeaderElection16] INFO  server.RaftServerConfigKeys (ConfUtils.java:logGet(46)) - raft.server.log.appender.snapshot.chunk.size.max = 16MB (=16777216) (default)
2025-04-23 14:37:45,412 [omNode-3@group-523986131536-LeaderElection16] INFO  server.RaftServerConfigKeys (ConfUtils.java:logGet(46)) - raft.server.log.appender.buffer.byte-limit = 4194304 (custom)
2025-04-23 14:37:45,413 [omNode-3@group-523986131536-LeaderElection16] INFO  server.RaftServerConfigKeys (ConfUtils.java:logGet(46)) - raft.server.log.appender.buffer.element-limit = 1024 (custom)
2025-04-23 14:37:45,413 [omNode-3@group-523986131536-LeaderElection16] INFO  server.RaftServerConfigKeys (ConfUtils.java:logGet(46)) - raft.server.log.appender.wait-time.min = 0ms (custom)
2025-04-23 14:37:45,413 [omNode-3@group-523986131536-LeaderElection16] INFO  grpc.GrpcConfigKeys (ConfUtils.java:logGet(46)) - raft.grpc.server.leader.outstanding.appends.max = 8 (default)
2025-04-23 14:37:45,413 [omNode-3@group-523986131536-LeaderElection16] INFO  server.RaftServerConfigKeys (ConfUtils.java:logGet(46)) - raft.server.rpc.request.timeout = 3000ms (default)
2025-04-23 14:37:45,413 [omNode-3@group-523986131536-LeaderElection16] INFO  grpc.GrpcConfigKeys (ConfUtils.java:logGet(46)) - raft.grpc.server.install_snapshot.request.element-limit = 8 (default)
2025-04-23 14:37:45,413 [omNode-3@group-523986131536-LeaderElection16] INFO  grpc.GrpcConfigKeys (ConfUtils.java:logGet(46)) - raft.grpc.server.install_snapshot.request.timeout = 3000ms (default)
2025-04-23 14:37:45,413 [omNode-3@group-523986131536-LeaderElection16] INFO  grpc.GrpcConfigKeys (ConfUtils.java:logGet(46)) - raft.grpc.server.log-message.batch.duration = 5s (default)
2025-04-23 14:37:45,413 [omNode-3@group-523986131536-LeaderElection16] INFO  server.RaftServerConfigKeys (ConfUtils.java:logGet(46)) - raft.server.log.appender.install.snapshot.enabled = false (custom)
2025-04-23 14:37:45,413 [omNode-3@group-523986131536-LeaderElection16] INFO  grpc.GrpcConfigKeys (ConfUtils.java:logGet(46)) - raft.grpc.server.heartbeat.channel = true (default)
2025-04-23 14:37:45,413 [omNode-3@group-523986131536-LeaderElection16] INFO  impl.RoleInfo (RoleInfo.java:updateAndGet(148)) - omNode-3: start omNode-3@group-523986131536-LeaderStateImpl
2025-04-23 14:37:45,413 [omNode-3@group-523986131536-LeaderElection16] INFO  server.RaftServer$Division (RaftServerImpl.java:setFirstElection(562)) - omNode-3@group-523986131536: set firstElectionSinceStartup to false for becomeLeader
2025-04-23 14:37:45,413 [omNode-3@group-523986131536-LeaderElection16] INFO  ratis.OzoneManagerStateMachine (OzoneManagerStateMachine.java:notifyLeaderChanged(169)) - omNode-3@group-523986131536: leader changed to omNode-3
2025-04-23 14:37:45,413 [omNode-3@group-523986131536-LeaderElection16] INFO  server.RaftServer$Division (ServerState.java:setLeader(272)) - omNode-3@group-523986131536: change Leader from null to omNode-3 at term 6 for becomeLeader, leader elected after 1187ms
2025-04-23 14:37:45,414 [omNode-3@group-523986131536-LeaderElection16] INFO  segmented.SegmentedRaftLogWorker (SegmentedRaftLogWorker.java:rollLogSegment(443)) - omNode-3@group-523986131536-SegmentedRaftLogWorker: Rolling segment log-35_68 to index:68
2025-04-23 14:37:45,414 [omNode-3@group-523986131536-SegmentedRaftLogWorker] INFO  segmented.SegmentedRaftLogWorker (SegmentedRaftLogWorker.java:execute(601)) - omNode-3@group-523986131536-SegmentedRaftLogWorker: Rolled log segment from /home/runner/work/ozone/ozone/hadoop-ozone/integration-test/target/test-dir/MiniOzoneClusterImpl-68853c07-42d2-4ef8-9e75-e3a852294e6a/omNode-3/ratis/c9bc4cf4-3bc3-3c60-a66b-523986131536/current/log_inprogress_35 to /home/runner/work/ozone/ozone/hadoop-ozone/integration-test/target/test-dir/MiniOzoneClusterImpl-68853c07-42d2-4ef8-9e75-e3a852294e6a/omNode-3/ratis/c9bc4cf4-3bc3-3c60-a66b-523986131536/current/log_35-68
2025-04-23 14:37:45,414 [omNode-3@group-523986131536-SegmentedRaftLogWorker] INFO  segmented.BufferedWriteChannel (BufferedWriteChannel.java:open(61)) - open log_inprogress_69 at position 0
2025-04-23 14:37:45,417 [omNode-3@group-523986131536-LeaderElection16] INFO  server.RaftServer$Division (ServerState.java:setRaftConf(386)) - omNode-3@group-523986131536: set configuration conf: {index: 69, cur=peers:[omNode-3|localhost:15017, omNode-1|localhost:15009, omNode-2|localhost:15013]|listeners:[], old=null}
2025-04-23 14:37:45,426 [omNode-1-server-thread1] INFO  ratis.OzoneManagerStateMachine (OzoneManagerStateMachine.java:notifyLeaderChanged(169)) - omNode-1@group-523986131536: leader changed to omNode-3
2025-04-23 14:37:45,426 [omNode-1-server-thread1] INFO  server.RaftServer$Division (ServerState.java:setLeader(272)) - omNode-1@group-523986131536: change Leader from null to omNode-3 at term 6 for appendEntries, leader elected after 768ms
2025-04-23 14:37:45,427 [omNode-3@group-523986131536-SegmentedRaftLogWorker] INFO  segmented.SegmentedRaftLogWorker (SegmentedRaftLogWorker.java:execute(644)) - omNode-3@group-523986131536-SegmentedRaftLogWorker: created new log segment /home/runner/work/ozone/ozone/hadoop-ozone/integration-test/target/test-dir/MiniOzoneClusterImpl-68853c07-42d2-4ef8-9e75-e3a852294e6a/omNode-3/ratis/c9bc4cf4-3bc3-3c60-a66b-523986131536/current/log_inprogress_69
2025-04-23 14:37:45,429 [omNode-2-server-thread1] INFO  ratis.OzoneManagerStateMachine (OzoneManagerStateMachine.java:notifyLeaderChanged(169)) - omNode-2@group-523986131536: leader changed to omNode-3
2025-04-23 14:37:45,429 [omNode-2-server-thread1] INFO  server.RaftServer$Division (ServerState.java:setLeader(272)) - omNode-2@group-523986131536: change Leader from null to omNode-3 at term 6 for appendEntries, leader elected after 302ms
2025-04-23 14:37:45,429 [omNode-2-server-thread1] INFO  server.RaftServer$Division (ServerState.java:setRaftConf(386)) - omNode-2@group-523986131536: set configuration conf: {index: 69, cur=peers:[omNode-3|localhost:15017, omNode-1|localhost:15009, omNode-2|localhost:15013]|listeners:[], old=null}
2025-04-23 14:37:45,429 [omNode-2-server-thread1] INFO  segmented.SegmentedRaftLogWorker (SegmentedRaftLogWorker.java:rollLogSegment(443)) - omNode-2@group-523986131536-SegmentedRaftLogWorker: Rolling segment log-35_68 to index:68
2025-04-23 14:37:45,429 [omNode-2@group-523986131536-SegmentedRaftLogWorker] INFO  segmented.SegmentedRaftLogWorker (SegmentedRaftLogWorker.java:execute(601)) - omNode-2@group-523986131536-SegmentedRaftLogWorker: Rolled log segment from /home/runner/work/ozone/ozone/hadoop-ozone/integration-test/target/test-dir/MiniOzoneClusterImpl-68853c07-42d2-4ef8-9e75-e3a852294e6a/omNode-2/ratis/c9bc4cf4-3bc3-3c60-a66b-523986131536/current/log_inprogress_35 to /home/runner/work/ozone/ozone/hadoop-ozone/integration-test/target/test-dir/MiniOzoneClusterImpl-68853c07-42d2-4ef8-9e75-e3a852294e6a/omNode-2/ratis/c9bc4cf4-3bc3-3c60-a66b-523986131536/current/log_35-68
2025-04-23 14:37:45,430 [omNode-2@group-523986131536-SegmentedRaftLogWorker] INFO  segmented.BufferedWriteChannel (BufferedWriteChannel.java:open(61)) - open log_inprogress_69 at position 0
2025-04-23 14:37:45,431 [omNode-1-server-thread3] INFO  server.RaftServer$Division (ServerState.java:setRaftConf(386)) - omNode-1@group-523986131536: set configuration conf: {index: 69, cur=peers:[omNode-3|localhost:15017, omNode-1|localhost:15009, omNode-2|localhost:15013]|listeners:[], old=null}
2025-04-23 14:37:45,431 [omNode-1-server-thread3] INFO  segmented.SegmentedRaftLogWorker (SegmentedRaftLogWorker.java:rollLogSegment(443)) - omNode-1@group-523986131536-SegmentedRaftLogWorker: Rolling segment log-35_68 to index:68
2025-04-23 14:37:45,432 [omNode-1@group-523986131536-SegmentedRaftLogWorker] INFO  segmented.SegmentedRaftLogWorker (SegmentedRaftLogWorker.java:execute(601)) - omNode-1@group-523986131536-SegmentedRaftLogWorker: Rolled log segment from /home/runner/work/ozone/ozone/hadoop-ozone/integration-test/target/test-dir/MiniOzoneClusterImpl-68853c07-42d2-4ef8-9e75-e3a852294e6a/omNode-1/ratis/c9bc4cf4-3bc3-3c60-a66b-523986131536/current/log_inprogress_35 to /home/runner/work/ozone/ozone/hadoop-ozone/integration-test/target/test-dir/MiniOzoneClusterImpl-68853c07-42d2-4ef8-9e75-e3a852294e6a/omNode-1/ratis/c9bc4cf4-3bc3-3c60-a66b-523986131536/current/log_35-68
2025-04-23 14:37:45,433 [omNode-1@group-523986131536-SegmentedRaftLogWorker] INFO  segmented.BufferedWriteChannel (BufferedWriteChannel.java:open(61)) - open log_inprogress_69 at position 0
2025-04-23 14:37:45,443 [omNode-2@group-523986131536-SegmentedRaftLogWorker] INFO  segmented.SegmentedRaftLogWorker (SegmentedRaftLogWorker.java:execute(644)) - omNode-2@group-523986131536-SegmentedRaftLogWorker: created new log segment /home/runner/work/ozone/ozone/hadoop-ozone/integration-test/target/test-dir/MiniOzoneClusterImpl-68853c07-42d2-4ef8-9e75-e3a852294e6a/omNode-2/ratis/c9bc4cf4-3bc3-3c60-a66b-523986131536/current/log_inprogress_69
2025-04-23 14:37:45,444 [omNode-1@group-523986131536-SegmentedRaftLogWorker] INFO  segmented.SegmentedRaftLogWorker (SegmentedRaftLogWorker.java:execute(644)) - omNode-1@group-523986131536-SegmentedRaftLogWorker: created new log segment /home/runner/work/ozone/ozone/hadoop-ozone/integration-test/target/test-dir/MiniOzoneClusterImpl-68853c07-42d2-4ef8-9e75-e3a852294e6a/omNode-1/ratis/c9bc4cf4-3bc3-3c60-a66b-523986131536/current/log_inprogress_69
2025-04-23 14:37:45,447 [omNode-3@group-523986131536-StateMachineUpdater] INFO  ratis.OzoneManagerStateMachine (OzoneManagerStateMachine.java:notifyConfigurationChanged(231)) - notifyConfigurationChanged from Ratis: term=6, index=69, New Peer list: omNode-3(localhost:15017), omNode-1(localhost:15009), omNode-2(localhost:15013)
2025-04-23 14:37:45,447 [omNode-3@group-523986131536-StateMachineUpdater] INFO  server.RaftServer$Division (LeaderStateImpl.java:checkStartIndex(313)) - Leader omNode-3@group-523986131536-LeaderStateImpl is ready since appliedIndex == startIndex == 69
2025-04-23 14:37:45,449 [omNode-1@group-523986131536-StateMachineUpdater] INFO  ratis.OzoneManagerStateMachine (OzoneManagerStateMachine.java:notifyConfigurationChanged(231)) - notifyConfigurationChanged from Ratis: term=6, index=69, New Peer list: omNode-3(localhost:15017), omNode-1(localhost:15009), omNode-2(localhost:15013)
2025-04-23 14:37:45,450 [omNode-2@group-523986131536-StateMachineUpdater] INFO  ratis.OzoneManagerStateMachine (OzoneManagerStateMachine.java:notifyConfigurationChanged(231)) - notifyConfigurationChanged from Ratis: term=6, index=69, New Peer list: omNode-3(localhost:15017), omNode-1(localhost:15009), omNode-2(localhost:15013)
2025-04-23 14:37:45,507 [main] INFO  reflections.Reflections (Reflections.java:scan(219)) - Reflections took 370 ms to scan 22 urls, producing 61 keys and 7422 values
2025-04-23 14:37:45,508 [main] INFO  ipc.CallQueueManager (CallQueueManager.java:<init>(93)) - Using callQueue: class java.util.concurrent.LinkedBlockingQueue, queueCapacity: 2000, scheduler: class org.apache.hadoop.ipc.DefaultRpcScheduler, ipcBackoff: false, ipcFailOver: false.
2025-04-23 14:37:45,509 [main] INFO  ipc.Server (Server.java:<init>(1438)) - Listener at localhost:15010
2025-04-23 14:37:45,509 [Socket Reader #1 for port 15010] INFO  ipc.Server (Server.java:run(1474)) - Starting Socket Reader #1 for port 15010
2025-04-23 14:37:45,509 [Socket Reader #2 for port 15010] INFO  ipc.Server (Server.java:run(1474)) - Starting Socket Reader #2 for port 15010
2025-04-23 14:37:45,509 [Socket Reader #3 for port 15010] INFO  ipc.Server (Server.java:run(1474)) - Starting Socket Reader #3 for port 15010
2025-04-23 14:37:45,510 [Socket Reader #4 for port 15010] INFO  ipc.Server (Server.java:run(1474)) - Starting Socket Reader #4 for port 15010
2025-04-23 14:37:45,510 [Socket Reader #5 for port 15010] INFO  ipc.Server (Server.java:run(1474)) - Starting Socket Reader #5 for port 15010
2025-04-23 14:37:45,510 [Socket Reader #6 for port 15010] INFO  ipc.Server (Server.java:run(1474)) - Starting Socket Reader #6 for port 15010
2025-04-23 14:37:45,510 [Socket Reader #7 for port 15010] INFO  ipc.Server (Server.java:run(1474)) - Starting Socket Reader #7 for port 15010
2025-04-23 14:37:45,510 [Socket Reader #8 for port 15010] INFO  ipc.Server (Server.java:run(1474)) - Starting Socket Reader #8 for port 15010
2025-04-23 14:37:45,510 [Socket Reader #9 for port 15010] INFO  ipc.Server (Server.java:run(1474)) - Starting Socket Reader #9 for port 15010
2025-04-23 14:37:45,510 [Socket Reader #10 for port 15010] INFO  ipc.Server (Server.java:run(1474)) - Starting Socket Reader #10 for port 15010
2025-04-23 14:37:45,512 [main] INFO  http.BaseHttpServer (BaseHttpServer.java:newHttpServer2BuilderForOzone(229)) - Starting Web-server for ozoneManager at: http://0.0.0.0:15011
2025-04-23 14:37:45,512 [main] INFO  http.BaseHttpServer (BaseHttpServer.java:<init>(107)) - Hadoop Security Enabled: false Ozone Security Enabled: false Ozone HTTP Security Enabled: false 
2025-04-23 14:37:45,513 [main] WARN  server.AuthenticationFilter (AuthenticationFilter.java:constructSecretProvider(240)) - Unable to initialize FileSignerSecretProvider, falling back to use random secrets. Reason: Could not read signature secret file: /home/runner/hadoop-http-auth-signature-secret
2025-04-23 14:37:45,515 [main] INFO  http.HttpServer2 (HttpServer2.java:addGlobalFilter(1041)) - Added global filter 'safety' (class=org.apache.hadoop.hdds.server.http.HttpServer2$QuotingInputFilter)
2025-04-23 14:37:45,515 [main] INFO  http.HttpServer2 (HttpServer2.java:addFilter(1017)) - Added filter static_user_filter (class=org.apache.hadoop.http.lib.StaticUserWebFilter$StaticUserFilter) to context ozoneManager
2025-04-23 14:37:45,515 [main] INFO  http.HttpServer2 (HttpServer2.java:addFilter(1025)) - Added filter static_user_filter (class=org.apache.hadoop.http.lib.StaticUserWebFilter$StaticUserFilter) to context static
2025-04-23 14:37:45,515 [main] INFO  http.HttpServer2 (HttpServer2.java:addFilter(1025)) - Added filter static_user_filter (class=org.apache.hadoop.http.lib.StaticUserWebFilter$StaticUserFilter) to context logs
2025-04-23 14:37:45,516 [main] INFO  http.BaseHttpServer (BaseHttpServer.java:<init>(195)) - HTTP server of ozoneManager uses base directory /home/runner/work/ozone/ozone/hadoop-ozone/integration-test/target/test-dir/MiniOzoneClusterImpl-68853c07-42d2-4ef8-9e75-e3a852294e6a/omNode-2/webserver
2025-04-23 14:37:45,516 [main] INFO  http.HttpServer2 (HttpServer2.java:bindListener(1241)) - Jetty bound to port 15011
2025-04-23 14:37:45,516 [main] INFO  server.Server (Server.java:doStart(375)) - jetty-9.4.57.v20241219; built: 2025-01-08T21:24:30.412Z; git: df524e6b29271c2e09ba9aea83c18dc9db464a31; jvm 21.0.7+6-LTS
2025-04-23 14:37:45,518 [main] INFO  server.session (DefaultSessionIdManager.java:doStart(334)) - DefaultSessionIdManager workerName=node0
2025-04-23 14:37:45,518 [main] INFO  server.session (DefaultSessionIdManager.java:doStart(339)) - No SessionScavenger set, using defaults
2025-04-23 14:37:45,518 [main] INFO  server.session (HouseKeeper.java:startScavenging(132)) - node0 Scavenging every 660000ms
2025-04-23 14:37:45,518 [main] INFO  handler.ContextHandler (ContextHandler.java:doStart(921)) - Started o.e.j.s.ServletContextHandler@7ae752bb{logs,/logs,file:///home/runner/work/ozone/ozone/hadoop-ozone/integration-test/target/log,AVAILABLE}
2025-04-23 14:37:45,519 [main] INFO  handler.ContextHandler (ContextHandler.java:doStart(921)) - Started o.e.j.s.ServletContextHandler@114eb078{static,/static,file:///home/runner/work/ozone/ozone/hadoop-ozone/integration-test/target/test-classes/webapps/static,AVAILABLE}
2025-04-23 14:37:45,522 [main] INFO  handler.ContextHandler (ContextHandler.java:doStart(921)) - Started o.e.j.w.WebAppContext@b398f02{ozoneManager,/,file:///home/runner/work/ozone/ozone/hadoop-ozone/integration-test/target/test-classes/webapps/ozoneManager/,AVAILABLE}{file:/home/runner/work/ozone/ozone/hadoop-ozone/integration-test/target/test-classes/webapps/ozoneManager}
2025-04-23 14:37:45,523 [main] INFO  server.AbstractConnector (AbstractConnector.java:doStart(333)) - Started ServerConnector@6379918{HTTP/1.1, (http/1.1)}{0.0.0.0:15011}
2025-04-23 14:37:45,523 [main] INFO  server.Server (Server.java:doStart(415)) - Started @65802ms
2025-04-23 14:37:45,523 [main] WARN  impl.MetricsSystemImpl (MetricsSystemImpl.java:register(279)) - Sink prometheus already exists!
2025-04-23 14:37:45,523 [main] INFO  http.BaseHttpServer (BaseHttpServer.java:updateConnectorAddress(360)) - HTTP server of ozoneManager listening at http://0.0.0.0:15011
2025-04-23 14:37:45,524 [IPC Server Responder] INFO  ipc.Server (Server.java:run(1713)) - IPC Server Responder: starting
2025-04-23 14:37:45,524 [IPC Server listener on 15010] INFO  ipc.Server (Server.java:run(1553)) - IPC Server listener on 15010: starting
2025-04-23 14:37:45,526 [main] INFO  om.OzoneManager (OzoneManager.java:startTrashEmptier(2257)) - Trash Interval set to 0. Files deleted won't move to trash
]]></system-out>
  </testcase>
  <testcase name="testOMProxyProviderFailoverOnConnectionFailure" classname="org.apache.hadoop.ozone.om.TestOzoneManagerHAWithStoppedNodes" time="16.349">
    <system-out><![CDATA[2025-04-23 14:37:45,528 [main] INFO  rpc.RpcClient (RpcClient.java:createVolume(462)) - Creating Volume: volume37205, with user17423 as owner and space quota set to -1 bytes, counts quota set to -1
2025-04-23 14:37:45,545 [omNode-3-OMStateMachineApplyTransactionThread - 0] WARN  helpers.OzoneAclUtil (OzoneAclUtil.java:getDefaultAclList(77)) - Failed to get primary group from user user17423 (auth:SIMPLE)
2025-04-23 14:37:45,545 [omNode-2-OMStateMachineApplyTransactionThread - 0] WARN  helpers.OzoneAclUtil (OzoneAclUtil.java:getDefaultAclList(77)) - Failed to get primary group from user user17423 (auth:SIMPLE)
2025-04-23 14:37:45,546 [omNode-2-OMStateMachineApplyTransactionThread - 0] INFO  volume.OMVolumeCreateRequest (OMVolumeCreateRequest.java:validateAndUpdateCache(203)) - created volume:volume37205 for user:user17423
2025-04-23 14:37:45,545 [omNode-1-OMStateMachineApplyTransactionThread - 0] WARN  helpers.OzoneAclUtil (OzoneAclUtil.java:getDefaultAclList(77)) - Failed to get primary group from user user17423 (auth:SIMPLE)
2025-04-23 14:37:45,546 [omNode-1-OMStateMachineApplyTransactionThread - 0] INFO  volume.OMVolumeCreateRequest (OMVolumeCreateRequest.java:validateAndUpdateCache(203)) - created volume:volume37205 for user:user17423
2025-04-23 14:37:45,546 [omNode-3-OMStateMachineApplyTransactionThread - 0] INFO  volume.OMVolumeCreateRequest (OMVolumeCreateRequest.java:validateAndUpdateCache(203)) - created volume:volume37205 for user:user17423
2025-04-23 14:37:45,550 [main] INFO  om.OzoneManager (OzoneManager.java:stop(2347)) - omNode-3[localhost:15014]: Stopping Ozone Manager
2025-04-23 14:37:45,550 [main] INFO  ipc.Server (Server.java:stop(3697)) - Stopping server on 15014
2025-04-23 14:37:45,552 [IPC Server listener on 15014] INFO  ipc.Server (Server.java:run(1585)) - Stopping IPC Server listener on 15014
2025-04-23 14:37:45,552 [main] INFO  ratis.OzoneManagerRatisServer (OzoneManagerRatisServer.java:stop(634)) - Stopping org.apache.hadoop.ozone.om.ratis.OzoneManagerRatisServer@11b3e3f at port 15017
2025-04-23 14:37:45,553 [main] INFO  server.RaftServer (RaftServerProxy.java:lambda$close$9(417)) - omNode-3: close
2025-04-23 14:37:45,553 [main] INFO  server.GrpcService (GrpcService.java:closeImpl(343)) - omNode-3: shutdown server GrpcServerProtocolService now
2025-04-23 14:37:45,553 [IPC Server Responder] INFO  ipc.Server (Server.java:run(1718)) - Stopping IPC Server Responder
2025-04-23 14:37:45,553 [omNode-3-impl-thread1] INFO  server.RaftServer$Division (RaftServerImpl.java:lambda$close$1(513)) - omNode-3@group-523986131536: shutdown
2025-04-23 14:37:45,554 [omNode-3-impl-thread1] INFO  util.JmxRegister (JmxRegister.java:unregister(74)) - Successfully un-registered JMX Bean with object name Ratis:service=RaftServer,group=group-523986131536,id=omNode-3
2025-04-23 14:37:45,554 [omNode-3-impl-thread1] INFO  impl.RoleInfo (RoleInfo.java:shutdownLeaderState(103)) - omNode-3: shutdown omNode-3@group-523986131536-LeaderStateImpl
2025-04-23 14:37:45,554 [omNode-3-impl-thread1] INFO  impl.PendingRequests (PendingRequests.java:sendNotLeaderResponses(287)) - omNode-3@group-523986131536-PendingRequests: sendNotLeaderResponses
2025-04-23 14:37:45,554 [omNode-3@group-523986131536->omNode-1-GrpcLogAppender-LogAppenderDaemon] WARN  server.GrpcLogAppender (GrpcLogAppender.java:mayWait(293)) - omNode-3@group-523986131536->omNode-1-GrpcLogAppender: Wait interrupted by java.lang.InterruptedException
2025-04-23 14:37:45,554 [omNode-3@group-523986131536->omNode-2-GrpcLogAppender-LogAppenderDaemon] WARN  server.GrpcLogAppender (GrpcLogAppender.java:mayWait(293)) - omNode-3@group-523986131536->omNode-2-GrpcLogAppender: Wait interrupted by java.lang.InterruptedException
2025-04-23 14:37:45,555 [grpc-default-executor-5] INFO  server.GrpcServerProtocolService (GrpcServerProtocolService.java:onCompleted(157)) - omNode-1: Completed APPEND_ENTRIES, lastRequest: omNode-3->omNode-1#6-t6,previous=(t:6, i:71),leaderCommit=71,initializing? false,entries: size=1, first=(t:6, i:72), METADATAENTRY(c:71)
2025-04-23 14:37:45,555 [grpc-default-executor-5] INFO  server.GrpcServerProtocolService (GrpcServerProtocolService.java:lambda$onCompleted$5(159)) - omNode-1: Completed APPEND_ENTRIES, lastReply: null
2025-04-23 14:37:45,555 [Thread-2468] INFO  server.GrpcServerProtocolClient (GrpcServerProtocolClient.java:close(105)) - omNode-1 Close channels
2025-04-23 14:37:45,555 [omNode-3-impl-thread1] INFO  impl.StateMachineUpdater (StateMachineUpdater.java:stopAndJoin(164)) - omNode-3@group-523986131536-StateMachineUpdater: set stopIndex = 72
2025-04-23 14:37:45,556 [grpc-default-executor-6] INFO  server.GrpcLogAppender (GrpcLogAppender.java:onCompleted(550)) - omNode-3@group-523986131536->omNode-1-AppendLogResponseHandler: follower responses appendEntries COMPLETED
2025-04-23 14:37:45,556 [grpc-default-executor-6] WARN  server.GrpcLogAppender (GrpcLogAppender.java:resetClient(230)) - omNode-3@group-523986131536->omNode-1-GrpcLogAppender: Failed to getClient for omNode-1
org.apache.ratis.protocol.exceptions.AlreadyClosedException: omNode-3 is already CLOSED
	at org.apache.ratis.util.PeerProxyMap$PeerAndProxy.getProxy(PeerProxyMap.java:67)
	at org.apache.ratis.util.PeerProxyMap.getProxy(PeerProxyMap.java:124)
	at org.apache.ratis.grpc.server.GrpcLogAppender.getClient(GrpcLogAppender.java:200)
	at org.apache.ratis.grpc.server.GrpcLogAppender.resetClient(GrpcLogAppender.java:205)
	at org.apache.ratis.grpc.server.GrpcLogAppender.access$800(GrpcLogAppender.java:64)
	at org.apache.ratis.grpc.server.GrpcLogAppender$AppendLogResponseHandler.onCompleted(GrpcLogAppender.java:551)
	at org.apache.ratis.thirdparty.io.grpc.stub.ClientCalls$StreamObserverToCallListenerAdapter.onClose(ClientCalls.java:479)
	at org.apache.ratis.thirdparty.io.grpc.internal.ClientCallImpl.closeObserver(ClientCallImpl.java:567)
	at org.apache.ratis.thirdparty.io.grpc.internal.ClientCallImpl.access$300(ClientCallImpl.java:71)
	at org.apache.ratis.thirdparty.io.grpc.internal.ClientCallImpl$ClientStreamListenerImpl$1StreamClosed.runInternal(ClientCallImpl.java:735)
	at org.apache.ratis.thirdparty.io.grpc.internal.ClientCallImpl$ClientStreamListenerImpl$1StreamClosed.runInContext(ClientCallImpl.java:716)
	at org.apache.ratis.thirdparty.io.grpc.internal.ContextRunnable.run(ContextRunnable.java:37)
	at org.apache.ratis.thirdparty.io.grpc.internal.SerializingExecutor.run(SerializingExecutor.java:133)
	at java.base/java.util.concurrent.ThreadPoolExecutor.runWorker(ThreadPoolExecutor.java:1144)
	at java.base/java.util.concurrent.ThreadPoolExecutor$Worker.run(ThreadPoolExecutor.java:642)
	at java.base/java.lang.Thread.run(Thread.java:1583)
2025-04-23 14:37:45,556 [grpc-default-executor-5] INFO  server.GrpcServerProtocolService (GrpcServerProtocolService.java:onCompleted(157)) - omNode-2: Completed APPEND_ENTRIES, lastRequest: null
2025-04-23 14:37:45,556 [Thread-2469] INFO  server.GrpcServerProtocolClient (GrpcServerProtocolClient.java:close(105)) - omNode-2 Close channels
2025-04-23 14:37:45,557 [grpc-default-executor-4] INFO  server.GrpcServerProtocolService (GrpcServerProtocolService.java:onCompleted(157)) - omNode-2: Completed APPEND_ENTRIES, lastRequest: omNode-3->omNode-2#7-t6,previous=(t:6, i:71),leaderCommit=71,initializing? false,entries: size=1, first=(t:6, i:72), METADATAENTRY(c:71)
2025-04-23 14:37:45,557 [grpc-default-executor-4] INFO  server.GrpcServerProtocolService (GrpcServerProtocolService.java:lambda$onCompleted$5(159)) - omNode-2: Completed APPEND_ENTRIES, lastReply: null
2025-04-23 14:37:45,557 [grpc-default-executor-5] INFO  server.GrpcServerProtocolService (GrpcServerProtocolService.java:lambda$onCompleted$5(159)) - omNode-2: Completed APPEND_ENTRIES, lastReply: serverReply {
  requestorId: "omNode-3"
  replyId: "omNode-2"
  raftGroupId {
    id: "\311\274L\364;\303<`\246kR9\206\023\0256"
  }
  success: true
}
term: 6
nextIndex: 70
followerCommit: 68
matchIndex: 18446744073709551615
isHearbeat: true

2025-04-23 14:37:45,557 [grpc-default-executor-6] INFO  server.GrpcServerProtocolService (GrpcServerProtocolService.java:onCompleted(157)) - omNode-1: Completed APPEND_ENTRIES, lastRequest: null
2025-04-23 14:37:45,558 [grpc-default-executor-4] INFO  server.GrpcLogAppender (GrpcLogAppender.java:onCompleted(550)) - omNode-3@group-523986131536->omNode-2-AppendLogResponseHandler: follower responses appendEntries COMPLETED
2025-04-23 14:37:45,558 [grpc-default-executor-4] WARN  server.GrpcLogAppender (GrpcLogAppender.java:resetClient(230)) - omNode-3@group-523986131536->omNode-2-GrpcLogAppender: Failed to getClient for omNode-2
org.apache.ratis.protocol.exceptions.AlreadyClosedException: omNode-3 is already CLOSED
	at org.apache.ratis.util.PeerProxyMap$PeerAndProxy.getProxy(PeerProxyMap.java:67)
	at org.apache.ratis.util.PeerProxyMap.getProxy(PeerProxyMap.java:124)
	at org.apache.ratis.grpc.server.GrpcLogAppender.getClient(GrpcLogAppender.java:200)
	at org.apache.ratis.grpc.server.GrpcLogAppender.resetClient(GrpcLogAppender.java:205)
	at org.apache.ratis.grpc.server.GrpcLogAppender.access$800(GrpcLogAppender.java:64)
	at org.apache.ratis.grpc.server.GrpcLogAppender$AppendLogResponseHandler.onCompleted(GrpcLogAppender.java:551)
	at org.apache.ratis.thirdparty.io.grpc.stub.ClientCalls$StreamObserverToCallListenerAdapter.onClose(ClientCalls.java:479)
	at org.apache.ratis.thirdparty.io.grpc.internal.DelayedClientCall$DelayedListener$3.run(DelayedClientCall.java:489)
	at org.apache.ratis.thirdparty.io.grpc.internal.DelayedClientCall$DelayedListener.delayOrExecute(DelayedClientCall.java:453)
	at org.apache.ratis.thirdparty.io.grpc.internal.DelayedClientCall$DelayedListener.onClose(DelayedClientCall.java:486)
	at org.apache.ratis.thirdparty.io.grpc.internal.ClientCallImpl.closeObserver(ClientCallImpl.java:567)
	at org.apache.ratis.thirdparty.io.grpc.internal.ClientCallImpl.access$300(ClientCallImpl.java:71)
	at org.apache.ratis.thirdparty.io.grpc.internal.ClientCallImpl$ClientStreamListenerImpl$1StreamClosed.runInternal(ClientCallImpl.java:735)
	at org.apache.ratis.thirdparty.io.grpc.internal.ClientCallImpl$ClientStreamListenerImpl$1StreamClosed.runInContext(ClientCallImpl.java:716)
	at org.apache.ratis.thirdparty.io.grpc.internal.ContextRunnable.run(ContextRunnable.java:37)
	at org.apache.ratis.thirdparty.io.grpc.internal.SerializingExecutor.run(SerializingExecutor.java:133)
	at java.base/java.util.concurrent.ThreadPoolExecutor.runWorker(ThreadPoolExecutor.java:1144)
	at java.base/java.util.concurrent.ThreadPoolExecutor$Worker.run(ThreadPoolExecutor.java:642)
	at java.base/java.lang.Thread.run(Thread.java:1583)
2025-04-23 14:37:45,558 [grpc-default-executor-5] INFO  server.GrpcLogAppender (GrpcLogAppender.java:onCompleted(550)) - omNode-3@group-523986131536->omNode-2-AppendLogResponseHandler: follower responses appendEntries COMPLETED
2025-04-23 14:37:45,559 [grpc-default-executor-5] WARN  server.GrpcLogAppender (GrpcLogAppender.java:resetClient(230)) - omNode-3@group-523986131536->omNode-2-GrpcLogAppender: Failed to getClient for omNode-2
org.apache.ratis.protocol.exceptions.AlreadyClosedException: omNode-3 is already CLOSED
	at org.apache.ratis.util.PeerProxyMap$PeerAndProxy.getProxy(PeerProxyMap.java:67)
	at org.apache.ratis.util.PeerProxyMap.getProxy(PeerProxyMap.java:124)
	at org.apache.ratis.grpc.server.GrpcLogAppender.getClient(GrpcLogAppender.java:200)
	at org.apache.ratis.grpc.server.GrpcLogAppender.resetClient(GrpcLogAppender.java:205)
	at org.apache.ratis.grpc.server.GrpcLogAppender.access$800(GrpcLogAppender.java:64)
	at org.apache.ratis.grpc.server.GrpcLogAppender$AppendLogResponseHandler.onCompleted(GrpcLogAppender.java:551)
	at org.apache.ratis.thirdparty.io.grpc.stub.ClientCalls$StreamObserverToCallListenerAdapter.onClose(ClientCalls.java:479)
	at org.apache.ratis.thirdparty.io.grpc.internal.ClientCallImpl.closeObserver(ClientCallImpl.java:567)
	at org.apache.ratis.thirdparty.io.grpc.internal.ClientCallImpl.access$300(ClientCallImpl.java:71)
	at org.apache.ratis.thirdparty.io.grpc.internal.ClientCallImpl$ClientStreamListenerImpl$1StreamClosed.runInternal(ClientCallImpl.java:735)
	at org.apache.ratis.thirdparty.io.grpc.internal.ClientCallImpl$ClientStreamListenerImpl$1StreamClosed.runInContext(ClientCallImpl.java:716)
	at org.apache.ratis.thirdparty.io.grpc.internal.ContextRunnable.run(ContextRunnable.java:37)
	at org.apache.ratis.thirdparty.io.grpc.internal.SerializingExecutor.run(SerializingExecutor.java:133)
	at java.base/java.util.concurrent.ThreadPoolExecutor.runWorker(ThreadPoolExecutor.java:1144)
	at java.base/java.util.concurrent.ThreadPoolExecutor$Worker.run(ThreadPoolExecutor.java:642)
	at java.base/java.lang.Thread.run(Thread.java:1583)
2025-04-23 14:37:45,559 [grpc-default-executor-6] INFO  server.GrpcServerProtocolService (GrpcServerProtocolService.java:lambda$onCompleted$5(159)) - omNode-1: Completed APPEND_ENTRIES, lastReply: serverReply {
  requestorId: "omNode-3"
  replyId: "omNode-1"
  raftGroupId {
    id: "\311\274L\364;\303<`\246kR9\206\023\0256"
  }
  callId: 2
  success: true
}
term: 6
nextIndex: 70
followerCommit: 68
matchIndex: 18446744073709551615
isHearbeat: true

2025-04-23 14:37:45,560 [grpc-default-executor-6] INFO  server.GrpcLogAppender (GrpcLogAppender.java:onCompleted(550)) - omNode-3@group-523986131536->omNode-1-AppendLogResponseHandler: follower responses appendEntries COMPLETED
2025-04-23 14:37:45,560 [grpc-default-executor-6] WARN  server.GrpcLogAppender (GrpcLogAppender.java:resetClient(230)) - omNode-3@group-523986131536->omNode-1-GrpcLogAppender: Failed to getClient for omNode-1
org.apache.ratis.protocol.exceptions.AlreadyClosedException: omNode-3 is already CLOSED
	at org.apache.ratis.util.PeerProxyMap$PeerAndProxy.getProxy(PeerProxyMap.java:67)
	at org.apache.ratis.util.PeerProxyMap.getProxy(PeerProxyMap.java:124)
	at org.apache.ratis.grpc.server.GrpcLogAppender.getClient(GrpcLogAppender.java:200)
	at org.apache.ratis.grpc.server.GrpcLogAppender.resetClient(GrpcLogAppender.java:205)
	at org.apache.ratis.grpc.server.GrpcLogAppender.access$800(GrpcLogAppender.java:64)
	at org.apache.ratis.grpc.server.GrpcLogAppender$AppendLogResponseHandler.onCompleted(GrpcLogAppender.java:551)
	at org.apache.ratis.thirdparty.io.grpc.stub.ClientCalls$StreamObserverToCallListenerAdapter.onClose(ClientCalls.java:479)
	at org.apache.ratis.thirdparty.io.grpc.internal.DelayedClientCall$DelayedListener$3.run(DelayedClientCall.java:489)
	at org.apache.ratis.thirdparty.io.grpc.internal.DelayedClientCall$DelayedListener.delayOrExecute(DelayedClientCall.java:453)
	at org.apache.ratis.thirdparty.io.grpc.internal.DelayedClientCall$DelayedListener.onClose(DelayedClientCall.java:486)
	at org.apache.ratis.thirdparty.io.grpc.internal.ClientCallImpl.closeObserver(ClientCallImpl.java:567)
	at org.apache.ratis.thirdparty.io.grpc.internal.ClientCallImpl.access$300(ClientCallImpl.java:71)
	at org.apache.ratis.thirdparty.io.grpc.internal.ClientCallImpl$ClientStreamListenerImpl$1StreamClosed.runInternal(ClientCallImpl.java:735)
	at org.apache.ratis.thirdparty.io.grpc.internal.ClientCallImpl$ClientStreamListenerImpl$1StreamClosed.runInContext(ClientCallImpl.java:716)
	at org.apache.ratis.thirdparty.io.grpc.internal.ContextRunnable.run(ContextRunnable.java:37)
	at org.apache.ratis.thirdparty.io.grpc.internal.SerializingExecutor.run(SerializingExecutor.java:133)
	at java.base/java.util.concurrent.ThreadPoolExecutor.runWorker(ThreadPoolExecutor.java:1144)
	at java.base/java.util.concurrent.ThreadPoolExecutor$Worker.run(ThreadPoolExecutor.java:642)
	at java.base/java.lang.Thread.run(Thread.java:1583)
2025-04-23 14:37:45,560 [main] INFO  server.GrpcService (GrpcService.java:closeImpl(352)) - omNode-3: shutdown server GrpcServerProtocolService successfully
2025-04-23 14:37:45,573 [omNode-3@group-523986131536-StateMachineUpdater] INFO  ratis.OzoneManagerStateMachine (OzoneManagerStateMachine.java:takeSnapshotImpl(510)) - omNode-3: taking snapshot. applied = (t:6, i:72), skipped = 71, notified = (t:6, i:72), current snapshot index = (t:6, i:72), took 18 ms
2025-04-23 14:37:45,573 [omNode-3@group-523986131536-StateMachineUpdater] INFO  impl.StateMachineUpdater (StateMachineUpdater.java:takeSnapshot(303)) - omNode-3@group-523986131536-StateMachineUpdater: Took a snapshot at index 72
2025-04-23 14:37:45,573 [omNode-3@group-523986131536-StateMachineUpdater] INFO  impl.StateMachineUpdater (StateMachineUpdater.java:lambda$new$0(102)) - omNode-3@group-523986131536-StateMachineUpdater: snapshotIndex: updateIncreasingly 68 -> 72
2025-04-23 14:37:45,573 [omNode-3@group-523986131536-StateMachineUpdater] INFO  impl.StateMachineUpdater (StateMachineUpdater.java:stop(141)) - omNode-3@group-523986131536-StateMachineUpdater: closing OzoneManagerStateMachine, lastApplied=(t:6, i:72)
2025-04-23 14:37:45,573 [omNode-3@group-523986131536-StateMachineUpdater] INFO  ratis.OzoneManagerStateMachine (OzoneManagerStateMachine.java:close(550)) - Stopping OzoneManagerStateMachine:omNode-3:group-523986131536.
2025-04-23 14:37:45,573 [omNode-3@group-523986131536-StateMachineUpdater] INFO  ratis.OzoneManagerDoubleBuffer (OzoneManagerDoubleBuffer.java:stopDaemon(500)) - Stopping OMDoubleBuffer flush thread
2025-04-23 14:37:45,574 [omNode-3-OMDoubleBufferFlushThread] INFO  ratis.OzoneManagerDoubleBuffer (OzoneManagerDoubleBuffer.java:canFlush(559)) - OMDoubleBuffer flush thread omNode-3-OMDoubleBufferFlushThread is interrupted and will exit.
2025-04-23 14:37:45,574 [omNode-3@group-523986131536-cacheEviction-AwaitToRun] INFO  util.AwaitToRun (AwaitToRun.java:run(49)) - omNode-3@group-523986131536-cacheEviction-AwaitToRun-AwaitForSignal is interrupted
2025-04-23 14:37:46,537 [omNode-3-impl-thread1] INFO  segmented.SegmentedRaftLogWorker (SegmentedRaftLogWorker.java:close(252)) - omNode-3@group-523986131536-SegmentedRaftLogWorker close()
2025-04-23 14:37:46,537 [JvmPauseMonitor17] INFO  util.JvmPauseMonitor (JvmPauseMonitor.java:run(152)) - JvmPauseMonitor-omNode-3: Stopped
2025-04-23 14:37:46,537 [main] INFO  utils.BackgroundService (BackgroundService.java:shutdown(161)) - Shutting down service KeyDeletingService
2025-04-23 14:37:46,538 [main] INFO  utils.BackgroundService (BackgroundService.java:shutdown(161)) - Shutting down service DirectoryDeletingService
2025-04-23 14:37:46,539 [main] INFO  utils.BackgroundService (BackgroundService.java:shutdown(161)) - Shutting down service OpenKeyCleanupService
2025-04-23 14:37:46,539 [main] INFO  utils.BackgroundService (BackgroundService.java:shutdown(161)) - Shutting down service SstFilteringService
2025-04-23 14:37:46,540 [main] INFO  utils.BackgroundService (BackgroundService.java:shutdown(161)) - Shutting down service SnapshotDeletingService
2025-04-23 14:37:46,540 [main] INFO  utils.BackgroundService (BackgroundService.java:shutdown(161)) - Shutting down service MultipartUploadCleanupService
2025-04-23 14:37:46,541 [main] INFO  handler.ContextHandler (ContextHandler.java:doStop(1159)) - Stopped o.e.j.w.WebAppContext@5e552492{ozoneManager,/,null,STOPPED}{file:/home/runner/work/ozone/ozone/hadoop-ozone/integration-test/target/test-classes/webapps/ozoneManager}
2025-04-23 14:37:46,541 [main] INFO  server.AbstractConnector (AbstractConnector.java:doStop(383)) - Stopped ServerConnector@3d74c925{HTTP/1.1, (http/1.1)}{0.0.0.0:15015}
2025-04-23 14:37:46,541 [main] INFO  server.session (HouseKeeper.java:stopScavenging(149)) - node0 Stopped scavenging
2025-04-23 14:37:46,541 [main] INFO  handler.ContextHandler (ContextHandler.java:doStop(1159)) - Stopped o.e.j.s.ServletContextHandler@a8b1c5f{static,/static,file:///home/runner/work/ozone/ozone/hadoop-ozone/integration-test/target/test-classes/webapps/static,STOPPED}
2025-04-23 14:37:46,541 [main] INFO  handler.ContextHandler (ContextHandler.java:doStop(1159)) - Stopped o.e.j.s.ServletContextHandler@6496234a{logs,/logs,file:///home/runner/work/ozone/ozone/hadoop-ozone/integration-test/target/log,STOPPED}
2025-04-23 14:37:46,542 [main] INFO  rocksdiff.RocksDBCheckpointDiffer (RocksDBCheckpointDiffer.java:close(304)) - Shutting down CompactionDagPruningService.
2025-04-23 14:37:46,544 [main] INFO  snapshot.SnapshotDiffManager (SnapshotDiffManager.java:closeExecutorService(1698)) - Shutting down executorService: 'SnapDiffExecutor'
2025-04-23 14:37:46,544 [main] INFO  utils.BackgroundService (BackgroundService.java:shutdown(161)) - Shutting down service SnapshotDiffCleanupService
2025-04-23 14:37:47,581 [omNode-1@group-523986131536-FollowerState] INFO  impl.FollowerState (FollowerState.java:runImpl(161)) - omNode-1@group-523986131536-FollowerState: change to CANDIDATE, lastRpcElapsedTime:2044988551ns, electionTimeout:1104ms
2025-04-23 14:37:47,581 [omNode-1@group-523986131536-FollowerState] INFO  impl.RoleInfo (RoleInfo.java:shutdownFollowerState(121)) - omNode-1: shutdown omNode-1@group-523986131536-FollowerState
2025-04-23 14:37:47,581 [omNode-1@group-523986131536-FollowerState] INFO  server.RaftServer$Division (RaftServerImpl.java:setRole(378)) - omNode-1@group-523986131536: changes role from  FOLLOWER to CANDIDATE at term 6 for changeToCandidate
2025-04-23 14:37:47,582 [omNode-1@group-523986131536-FollowerState] INFO  server.RaftServerConfigKeys (ConfUtils.java:logGet(46)) - raft.server.leaderelection.pre-vote = true (default)
2025-04-23 14:37:47,582 [omNode-1@group-523986131536-FollowerState] INFO  impl.RoleInfo (RoleInfo.java:updateAndGet(148)) - omNode-1: start omNode-1@group-523986131536-LeaderElection17
2025-04-23 14:37:47,582 [omNode-1@group-523986131536-LeaderElection17] INFO  server.RaftServer$Division (ServerState.java:setLeader(272)) - omNode-1@group-523986131536: change Leader from omNode-3 to null at term 6 for PRE_VOTE
2025-04-23 14:37:47,582 [omNode-1@group-523986131536-LeaderElection17] INFO  impl.LeaderElection (LeaderElection.java:askForVotes(332)) - omNode-1@group-523986131536-LeaderElection17 PRE_VOTE round 0: submit vote requests at term 6 for conf: {index: 69, cur=peers:[omNode-3|localhost:15017, omNode-1|localhost:15009, omNode-2|localhost:15013]|listeners:[], old=null}
2025-04-23 14:37:47,582 [omNode-1@group-523986131536-LeaderElection17-1] INFO  server.GrpcServerProtocolClient (GrpcServerProtocolClient.java:<init>(65)) - Build channel for omNode-3|localhost:15017
2025-04-23 14:37:47,582 [omNode-1@group-523986131536-LeaderElection17-2] INFO  server.GrpcServerProtocolClient (GrpcServerProtocolClient.java:<init>(65)) - Build channel for omNode-2|localhost:15013
2025-04-23 14:37:47,585 [omNode-1@group-523986131536-LeaderElection17] INFO  impl.LeaderElection (LogUtils.java:infoOrTrace(136)) - omNode-1@group-523986131536-LeaderElection17 got exception when requesting votes: java.util.concurrent.ExecutionException: org.apache.ratis.thirdparty.io.grpc.StatusRuntimeException: UNAVAILABLE: io exception
2025-04-23 14:37:47,586 [grpc-default-executor-6] INFO  server.RaftServer$Division (RaftServerImpl.java:requestVote(1407)) - omNode-2@group-523986131536: receive requestVote(PRE_VOTE, omNode-1, group-523986131536, 6, (t:6, i:72))
2025-04-23 14:37:47,586 [grpc-default-executor-6] INFO  impl.VoteContext (VoteContext.java:log(49)) - omNode-2@group-523986131536-FOLLOWER: accept PRE_VOTE from omNode-1: our priority 0 <= candidate's priority 0
2025-04-23 14:37:47,586 [grpc-default-executor-6] INFO  server.RaftServer$Division (RaftServerImpl.java:requestVote(1441)) - omNode-2@group-523986131536 replies to PRE_VOTE vote request: omNode-1<-omNode-2#0:OK-t6. Peer's state: omNode-2@group-523986131536:t6, leader=omNode-3, voted=omNode-3, raftlog=Memoized:omNode-2@group-523986131536-SegmentedRaftLog:OPENED:c71:last(t:6, i:72), conf=conf: {index: 69, cur=peers:[omNode-3|localhost:15017, omNode-1|localhost:15009, omNode-2|localhost:15013]|listeners:[], old=null}
2025-04-23 14:37:47,587 [omNode-1@group-523986131536-LeaderElection17] INFO  impl.LeaderElection (LeaderElection.java:logAndReturn(90)) - omNode-1@group-523986131536-LeaderElection17: PRE_VOTE PASSED received 1 response(s) and 1 exception(s):
2025-04-23 14:37:47,587 [omNode-1@group-523986131536-LeaderElection17] INFO  impl.LeaderElection (LeaderElection.java:logAndReturn(94)) -   Response 0: omNode-1<-omNode-2#0:OK-t6
2025-04-23 14:37:47,587 [omNode-1@group-523986131536-LeaderElection17] INFO  impl.LeaderElection (LogUtils.java:infoOrTrace(136)) -   Exception 1: java.util.concurrent.ExecutionException: org.apache.ratis.thirdparty.io.grpc.StatusRuntimeException: UNAVAILABLE: io exception
2025-04-23 14:37:47,587 [omNode-1@group-523986131536-LeaderElection17] INFO  impl.LeaderElection (LeaderElection.java:askForVotes(334)) - omNode-1@group-523986131536-LeaderElection17 PRE_VOTE round 0: result PASSED
2025-04-23 14:37:47,588 [omNode-1@group-523986131536-LeaderElection17] INFO  impl.LeaderElection (LeaderElection.java:askForVotes(332)) - omNode-1@group-523986131536-LeaderElection17 ELECTION round 0: submit vote requests at term 7 for conf: {index: 69, cur=peers:[omNode-3|localhost:15017, omNode-1|localhost:15009, omNode-2|localhost:15013]|listeners:[], old=null}
2025-04-23 14:37:47,589 [omNode-1@group-523986131536-LeaderElection17] INFO  impl.LeaderElection (LogUtils.java:infoOrTrace(136)) - omNode-1@group-523986131536-LeaderElection17 got exception when requesting votes: java.util.concurrent.ExecutionException: org.apache.ratis.thirdparty.io.grpc.StatusRuntimeException: UNAVAILABLE: io exception
2025-04-23 14:37:47,589 [grpc-default-executor-6] INFO  server.RaftServer$Division (RaftServerImpl.java:requestVote(1407)) - omNode-2@group-523986131536: receive requestVote(ELECTION, omNode-1, group-523986131536, 7, (t:6, i:72))
2025-04-23 14:37:47,590 [grpc-default-executor-6] INFO  impl.VoteContext (VoteContext.java:log(49)) - omNode-2@group-523986131536-FOLLOWER: accept ELECTION from omNode-1: our priority 0 <= candidate's priority 0
2025-04-23 14:37:47,590 [grpc-default-executor-6] INFO  server.RaftServer$Division (RaftServerImpl.java:setRole(378)) - omNode-2@group-523986131536: changes role from  FOLLOWER to FOLLOWER at term 6 for candidate:omNode-1
2025-04-23 14:37:47,590 [grpc-default-executor-6] INFO  impl.RoleInfo (RoleInfo.java:shutdownFollowerState(121)) - omNode-2: shutdown omNode-2@group-523986131536-FollowerState
2025-04-23 14:37:47,590 [grpc-default-executor-6] INFO  server.RaftServer$Division (ServerState.java:setLeader(272)) - omNode-2@group-523986131536: change Leader from omNode-3 to null at term 7 for updateCurrentTerm
2025-04-23 14:37:47,590 [grpc-default-executor-6] INFO  impl.RoleInfo (RoleInfo.java:updateAndGet(148)) - omNode-2: start omNode-2@group-523986131536-FollowerState
2025-04-23 14:37:47,590 [omNode-2@group-523986131536-FollowerState] INFO  impl.FollowerState (FollowerState.java:runImpl(170)) - omNode-2@group-523986131536-FollowerState was interrupted
2025-04-23 14:37:47,592 [grpc-default-executor-6] INFO  server.RaftServer$Division (RaftServerImpl.java:requestVote(1441)) - omNode-2@group-523986131536 replies to ELECTION vote request: omNode-1<-omNode-2#0:OK-t7. Peer's state: omNode-2@group-523986131536:t7, leader=null, voted=omNode-1, raftlog=Memoized:omNode-2@group-523986131536-SegmentedRaftLog:OPENED:c71:last(t:6, i:72), conf=conf: {index: 69, cur=peers:[omNode-3|localhost:15017, omNode-1|localhost:15009, omNode-2|localhost:15013]|listeners:[], old=null}
2025-04-23 14:37:47,592 [omNode-1@group-523986131536-LeaderElection17] INFO  impl.LeaderElection (LeaderElection.java:logAndReturn(90)) - omNode-1@group-523986131536-LeaderElection17: ELECTION PASSED received 1 response(s) and 1 exception(s):
2025-04-23 14:37:47,592 [omNode-1@group-523986131536-LeaderElection17] INFO  impl.LeaderElection (LeaderElection.java:logAndReturn(94)) -   Response 0: omNode-1<-omNode-2#0:OK-t7
2025-04-23 14:37:47,592 [omNode-1@group-523986131536-LeaderElection17] INFO  impl.LeaderElection (LogUtils.java:infoOrTrace(136)) -   Exception 1: java.util.concurrent.ExecutionException: org.apache.ratis.thirdparty.io.grpc.StatusRuntimeException: UNAVAILABLE: io exception
2025-04-23 14:37:47,592 [omNode-1@group-523986131536-LeaderElection17] INFO  impl.LeaderElection (LeaderElection.java:askForVotes(334)) - omNode-1@group-523986131536-LeaderElection17 ELECTION round 0: result PASSED
2025-04-23 14:37:47,592 [omNode-1@group-523986131536-LeaderElection17] INFO  impl.RoleInfo (RoleInfo.java:shutdownLeaderElection(141)) - omNode-1: shutdown omNode-1@group-523986131536-LeaderElection17
2025-04-23 14:37:47,593 [omNode-1@group-523986131536-LeaderElection17] INFO  server.RaftServer$Division (RaftServerImpl.java:setRole(378)) - omNode-1@group-523986131536: changes role from CANDIDATE to LEADER at term 7 for changeToLeader
2025-04-23 14:37:47,593 [omNode-1@group-523986131536-LeaderElection17] INFO  server.RaftServerConfigKeys (ConfUtils.java:logGet(46)) - raft.server.staging.catchup.gap = 1000 (default)
2025-04-23 14:37:47,593 [omNode-1@group-523986131536-LeaderElection17] INFO  server.RaftServerConfigKeys (ConfUtils.java:logGet(46)) - raft.server.write.element-limit = 4096 (default)
2025-04-23 14:37:47,593 [omNode-1@group-523986131536-LeaderElection17] INFO  server.RaftServerConfigKeys (ConfUtils.java:logGet(46)) - raft.server.write.byte-limit = 64MB (=67108864) (default)
2025-04-23 14:37:47,593 [omNode-1@group-523986131536-LeaderElection17] INFO  server.RaftServerConfigKeys (ConfUtils.java:logGet(46)) - raft.server.watch.timeout = 10s (default)
2025-04-23 14:37:47,593 [omNode-1@group-523986131536-LeaderElection17] INFO  server.RaftServerConfigKeys (ConfUtils.java:logGet(46)) - raft.server.watch.timeout.denomination = 1s (default)
2025-04-23 14:37:47,593 [omNode-1@group-523986131536-LeaderElection17] INFO  server.RaftServerConfigKeys (ConfUtils.java:logGet(46)) - raft.server.watch.element-limit = 65536 (default)
2025-04-23 14:37:47,593 [omNode-1@group-523986131536-LeaderElection17] INFO  server.RaftServerConfigKeys (ConfUtils.java:logGet(46)) - raft.server.read.leader.lease.enabled = false (default)
2025-04-23 14:37:47,593 [omNode-1@group-523986131536-LeaderElection17] INFO  server.RaftServerConfigKeys (ConfUtils.java:logGet(46)) - raft.server.read.leader.lease.timeout.ratio = 0.9 (default)
2025-04-23 14:37:47,593 [omNode-1@group-523986131536-LeaderElection17] INFO  server.RaftServerConfigKeys (ConfUtils.java:logGet(46)) - raft.server.rpc.timeout.min = 1s (custom)
2025-04-23 14:37:47,594 [omNode-1@group-523986131536-LeaderElection17] INFO  server.RaftServerConfigKeys (ConfUtils.java:logGet(46)) - raft.server.log.log-metadata.enabled = true (default)
2025-04-23 14:37:47,594 [omNode-1@group-523986131536-LeaderElection17] INFO  server.RaftServerConfigKeys (ConfUtils.java:logGet(46)) - raft.server.write.element-limit = 4096 (default)
2025-04-23 14:37:47,594 [omNode-1@group-523986131536-LeaderElection17] INFO  server.RaftServerConfigKeys (ConfUtils.java:logGet(46)) - raft.server.write.follower.gap.ratio.max = -1.0 (default)
2025-04-23 14:37:47,594 [omNode-1@group-523986131536-LeaderElection17] INFO  server.RaftServerConfigKeys (ConfUtils.java:logGet(46)) - raft.server.log.appender.snapshot.chunk.size.max = 16MB (=16777216) (default)
2025-04-23 14:37:47,594 [omNode-1@group-523986131536-LeaderElection17] INFO  server.RaftServerConfigKeys (ConfUtils.java:logGet(46)) - raft.server.log.appender.buffer.byte-limit = 4194304 (custom)
2025-04-23 14:37:47,594 [omNode-1@group-523986131536-LeaderElection17] INFO  server.RaftServerConfigKeys (ConfUtils.java:logGet(46)) - raft.server.log.appender.buffer.element-limit = 1024 (custom)
2025-04-23 14:37:47,594 [omNode-1@group-523986131536-LeaderElection17] INFO  server.RaftServerConfigKeys (ConfUtils.java:logGet(46)) - raft.server.log.appender.wait-time.min = 0ms (custom)
2025-04-23 14:37:47,594 [omNode-1@group-523986131536-LeaderElection17] INFO  grpc.GrpcConfigKeys (ConfUtils.java:logGet(46)) - raft.grpc.server.leader.outstanding.appends.max = 8 (default)
2025-04-23 14:37:47,594 [omNode-1@group-523986131536-LeaderElection17] INFO  server.RaftServerConfigKeys (ConfUtils.java:logGet(46)) - raft.server.rpc.request.timeout = 3000ms (default)
2025-04-23 14:37:47,594 [omNode-1@group-523986131536-LeaderElection17] INFO  grpc.GrpcConfigKeys (ConfUtils.java:logGet(46)) - raft.grpc.server.install_snapshot.request.element-limit = 8 (default)
2025-04-23 14:37:47,594 [omNode-1@group-523986131536-LeaderElection17] INFO  grpc.GrpcConfigKeys (ConfUtils.java:logGet(46)) - raft.grpc.server.install_snapshot.request.timeout = 3000ms (default)
2025-04-23 14:37:47,594 [omNode-1@group-523986131536-LeaderElection17] INFO  grpc.GrpcConfigKeys (ConfUtils.java:logGet(46)) - raft.grpc.server.log-message.batch.duration = 5s (default)
2025-04-23 14:37:47,594 [omNode-1@group-523986131536-LeaderElection17] INFO  server.RaftServerConfigKeys (ConfUtils.java:logGet(46)) - raft.server.log.appender.install.snapshot.enabled = false (custom)
2025-04-23 14:37:47,594 [omNode-1@group-523986131536-LeaderElection17] INFO  grpc.GrpcConfigKeys (ConfUtils.java:logGet(46)) - raft.grpc.server.heartbeat.channel = true (default)
2025-04-23 14:37:47,595 [omNode-1@group-523986131536-LeaderElection17] INFO  server.RaftServerConfigKeys (ConfUtils.java:logGet(46)) - raft.server.log.appender.snapshot.chunk.size.max = 16MB (=16777216) (default)
2025-04-23 14:37:47,595 [omNode-1@group-523986131536-LeaderElection17] INFO  server.RaftServerConfigKeys (ConfUtils.java:logGet(46)) - raft.server.log.appender.buffer.byte-limit = 4194304 (custom)
2025-04-23 14:37:47,595 [omNode-1@group-523986131536-LeaderElection17] INFO  server.RaftServerConfigKeys (ConfUtils.java:logGet(46)) - raft.server.log.appender.buffer.element-limit = 1024 (custom)
2025-04-23 14:37:47,595 [omNode-1@group-523986131536-LeaderElection17] INFO  server.RaftServerConfigKeys (ConfUtils.java:logGet(46)) - raft.server.log.appender.wait-time.min = 0ms (custom)
2025-04-23 14:37:47,595 [omNode-1@group-523986131536-LeaderElection17] INFO  grpc.GrpcConfigKeys (ConfUtils.java:logGet(46)) - raft.grpc.server.leader.outstanding.appends.max = 8 (default)
2025-04-23 14:37:47,595 [omNode-1@group-523986131536-LeaderElection17] INFO  server.RaftServerConfigKeys (ConfUtils.java:logGet(46)) - raft.server.rpc.request.timeout = 3000ms (default)
2025-04-23 14:37:47,595 [omNode-1@group-523986131536-LeaderElection17] INFO  grpc.GrpcConfigKeys (ConfUtils.java:logGet(46)) - raft.grpc.server.install_snapshot.request.element-limit = 8 (default)
2025-04-23 14:37:47,595 [omNode-1@group-523986131536-LeaderElection17] INFO  grpc.GrpcConfigKeys (ConfUtils.java:logGet(46)) - raft.grpc.server.install_snapshot.request.timeout = 3000ms (default)
2025-04-23 14:37:47,595 [omNode-1@group-523986131536-LeaderElection17] INFO  grpc.GrpcConfigKeys (ConfUtils.java:logGet(46)) - raft.grpc.server.log-message.batch.duration = 5s (default)
2025-04-23 14:37:47,595 [omNode-1@group-523986131536-LeaderElection17] INFO  server.RaftServerConfigKeys (ConfUtils.java:logGet(46)) - raft.server.log.appender.install.snapshot.enabled = false (custom)
2025-04-23 14:37:47,595 [omNode-1@group-523986131536-LeaderElection17] INFO  grpc.GrpcConfigKeys (ConfUtils.java:logGet(46)) - raft.grpc.server.heartbeat.channel = true (default)
2025-04-23 14:37:47,595 [omNode-1@group-523986131536-LeaderElection17] INFO  impl.RoleInfo (RoleInfo.java:updateAndGet(148)) - omNode-1: start omNode-1@group-523986131536-LeaderStateImpl
2025-04-23 14:37:47,596 [omNode-1@group-523986131536-LeaderElection17] INFO  ratis.OzoneManagerStateMachine (OzoneManagerStateMachine.java:notifyLeaderChanged(169)) - omNode-1@group-523986131536: leader changed to omNode-1
2025-04-23 14:37:47,596 [omNode-1@group-523986131536-LeaderElection17] INFO  server.RaftServer$Division (ServerState.java:setLeader(272)) - omNode-1@group-523986131536: change Leader from null to omNode-1 at term 7 for becomeLeader, leader elected after 13ms
2025-04-23 14:37:47,596 [omNode-1@group-523986131536-LeaderElection17] INFO  segmented.SegmentedRaftLogWorker (SegmentedRaftLogWorker.java:rollLogSegment(443)) - omNode-1@group-523986131536-SegmentedRaftLogWorker: Rolling segment log-69_72 to index:72
2025-04-23 14:37:47,596 [omNode-1@group-523986131536-LeaderElection17] INFO  server.RaftServer$Division (ServerState.java:setRaftConf(386)) - omNode-1@group-523986131536: set configuration conf: {index: 73, cur=peers:[omNode-3|localhost:15017, omNode-1|localhost:15009, omNode-2|localhost:15013]|listeners:[], old=null}
2025-04-23 14:37:47,597 [grpc-default-executor-6] WARN  server.GrpcLogAppender (LogUtils.java:warn(121)) - omNode-1@group-523986131536->omNode-3-AppendLogResponseHandler: Failed appendEntries: org.apache.ratis.thirdparty.io.grpc.StatusRuntimeException: UNAVAILABLE: io exception
2025-04-23 14:37:47,597 [omNode-1@group-523986131536-SegmentedRaftLogWorker] INFO  segmented.SegmentedRaftLogWorker (SegmentedRaftLogWorker.java:execute(601)) - omNode-1@group-523986131536-SegmentedRaftLogWorker: Rolled log segment from /home/runner/work/ozone/ozone/hadoop-ozone/integration-test/target/test-dir/MiniOzoneClusterImpl-68853c07-42d2-4ef8-9e75-e3a852294e6a/omNode-1/ratis/c9bc4cf4-3bc3-3c60-a66b-523986131536/current/log_inprogress_69 to /home/runner/work/ozone/ozone/hadoop-ozone/integration-test/target/test-dir/MiniOzoneClusterImpl-68853c07-42d2-4ef8-9e75-e3a852294e6a/omNode-1/ratis/c9bc4cf4-3bc3-3c60-a66b-523986131536/current/log_69-72
2025-04-23 14:37:47,597 [omNode-1@group-523986131536-SegmentedRaftLogWorker] INFO  segmented.BufferedWriteChannel (BufferedWriteChannel.java:open(61)) - open log_inprogress_73 at position 0
2025-04-23 14:37:47,597 [grpc-default-executor-6] WARN  server.GrpcLogAppender (GrpcLogAppender.java:lambda$resetClient$1(221)) - omNode-1@group-523986131536->omNode-3-GrpcLogAppender: Follower failed (request=null, errorCount=1); keep nextIndex (73) unchanged and retry.
2025-04-23 14:37:47,599 [grpc-default-executor-6] WARN  server.GrpcLogAppender (GrpcLogAppender.java:lambda$resetClient$1(221)) - omNode-1@group-523986131536->omNode-3-GrpcLogAppender: Follower failed (request=null, errorCount=2); keep nextIndex (74) unchanged and retry.
2025-04-23 14:37:47,603 [omNode-2-server-thread2] INFO  ratis.OzoneManagerStateMachine (OzoneManagerStateMachine.java:notifyLeaderChanged(169)) - omNode-2@group-523986131536: leader changed to omNode-1
2025-04-23 14:37:47,603 [omNode-2-server-thread2] INFO  server.RaftServer$Division (ServerState.java:setLeader(272)) - omNode-2@group-523986131536: change Leader from null to omNode-1 at term 7 for appendEntries, leader elected after 13ms
2025-04-23 14:37:47,604 [omNode-2-server-thread2] INFO  server.RaftServer$Division (ServerState.java:setRaftConf(386)) - omNode-2@group-523986131536: set configuration conf: {index: 73, cur=peers:[omNode-3|localhost:15017, omNode-1|localhost:15009, omNode-2|localhost:15013]|listeners:[], old=null}
2025-04-23 14:37:47,604 [omNode-2-server-thread2] INFO  segmented.SegmentedRaftLogWorker (SegmentedRaftLogWorker.java:rollLogSegment(443)) - omNode-2@group-523986131536-SegmentedRaftLogWorker: Rolling segment log-69_72 to index:72
2025-04-23 14:37:47,605 [omNode-2@group-523986131536-SegmentedRaftLogWorker] INFO  segmented.SegmentedRaftLogWorker (SegmentedRaftLogWorker.java:execute(601)) - omNode-2@group-523986131536-SegmentedRaftLogWorker: Rolled log segment from /home/runner/work/ozone/ozone/hadoop-ozone/integration-test/target/test-dir/MiniOzoneClusterImpl-68853c07-42d2-4ef8-9e75-e3a852294e6a/omNode-2/ratis/c9bc4cf4-3bc3-3c60-a66b-523986131536/current/log_inprogress_69 to /home/runner/work/ozone/ozone/hadoop-ozone/integration-test/target/test-dir/MiniOzoneClusterImpl-68853c07-42d2-4ef8-9e75-e3a852294e6a/omNode-2/ratis/c9bc4cf4-3bc3-3c60-a66b-523986131536/current/log_69-72
2025-04-23 14:37:47,606 [omNode-2@group-523986131536-SegmentedRaftLogWorker] INFO  segmented.BufferedWriteChannel (BufferedWriteChannel.java:open(61)) - open log_inprogress_73 at position 0
2025-04-23 14:37:47,608 [omNode-1@group-523986131536-SegmentedRaftLogWorker] INFO  segmented.SegmentedRaftLogWorker (SegmentedRaftLogWorker.java:execute(644)) - omNode-1@group-523986131536-SegmentedRaftLogWorker: created new log segment /home/runner/work/ozone/ozone/hadoop-ozone/integration-test/target/test-dir/MiniOzoneClusterImpl-68853c07-42d2-4ef8-9e75-e3a852294e6a/omNode-1/ratis/c9bc4cf4-3bc3-3c60-a66b-523986131536/current/log_inprogress_73
2025-04-23 14:37:47,614 [omNode-2@group-523986131536-SegmentedRaftLogWorker] INFO  segmented.SegmentedRaftLogWorker (SegmentedRaftLogWorker.java:execute(644)) - omNode-2@group-523986131536-SegmentedRaftLogWorker: created new log segment /home/runner/work/ozone/ozone/hadoop-ozone/integration-test/target/test-dir/MiniOzoneClusterImpl-68853c07-42d2-4ef8-9e75-e3a852294e6a/omNode-2/ratis/c9bc4cf4-3bc3-3c60-a66b-523986131536/current/log_inprogress_73
2025-04-23 14:37:47,616 [omNode-1@group-523986131536-StateMachineUpdater] INFO  ratis.OzoneManagerStateMachine (OzoneManagerStateMachine.java:notifyConfigurationChanged(231)) - notifyConfigurationChanged from Ratis: term=7, index=73, New Peer list: omNode-3(localhost:15017), omNode-1(localhost:15009), omNode-2(localhost:15013)
2025-04-23 14:37:47,616 [omNode-1@group-523986131536-StateMachineUpdater] INFO  server.RaftServer$Division (LeaderStateImpl.java:checkStartIndex(313)) - Leader omNode-1@group-523986131536-LeaderStateImpl is ready since appliedIndex == startIndex == 73
2025-04-23 14:37:47,616 [grpc-default-executor-5] WARN  server.GrpcLogAppender (GrpcLogAppender.java:lambda$resetClient$1(221)) - omNode-1@group-523986131536->omNode-3-GrpcLogAppender: Follower failed (request=null, errorCount=5); keep nextIndex (75) unchanged and retry.
2025-04-23 14:37:47,617 [omNode-2@group-523986131536-StateMachineUpdater] INFO  ratis.OzoneManagerStateMachine (OzoneManagerStateMachine.java:notifyConfigurationChanged(231)) - notifyConfigurationChanged from Ratis: term=7, index=73, New Peer list: omNode-3(localhost:15017), omNode-1(localhost:15009), omNode-2(localhost:15013)
2025-04-23 14:37:52,597 [timer2] WARN  server.GrpcLogAppender (LogUtils.java:warn(121)) - omNode-1@group-523986131536->omNode-3-AppendLogResponseHandler: Failed appendEntries (Repeated 20 times in the last 5.000s): org.apache.ratis.thirdparty.io.grpc.StatusRuntimeException: UNAVAILABLE: io exception
2025-04-23 14:37:52,599 [timer5] WARN  server.GrpcLogAppender (GrpcLogAppender.java:lambda$resetClient$1(221)) - omNode-1@group-523986131536->omNode-3-GrpcLogAppender: Follower failed (request=null, errorCount=4); keep nextIndex (74) unchanged and retry. (Repeated 3 times in the last 5.000s)
2025-04-23 14:37:52,616 [timer2] WARN  server.GrpcLogAppender (GrpcLogAppender.java:lambda$resetClient$1(221)) - omNode-1@group-523986131536->omNode-3-GrpcLogAppender: Follower failed (request=null, errorCount=20); keep nextIndex (75) unchanged and retry. (Repeated 16 times in the last 5.000s)
2025-04-23 14:37:53,306 [b3e33d86-0447-4fd5-9cd5-f314a86cc755-BlockDeletingService#0] INFO  interfaces.ContainerDeletionChoosingPolicyTemplate (ContainerDeletionChoosingPolicyTemplate.java:chooseContainerForBlockDeletion(83)) - Chosen 0/5000 blocks from 0 candidate containers.
2025-04-23 14:37:53,465 [90a71c42-cf1a-4ac2-af8f-9011ebfd0240-BlockDeletingService#0] INFO  interfaces.ContainerDeletionChoosingPolicyTemplate (ContainerDeletionChoosingPolicyTemplate.java:chooseContainerForBlockDeletion(83)) - Chosen 0/5000 blocks from 0 candidate containers.
2025-04-23 14:37:53,675 [2f27ff4a-e7fd-448a-86d2-53e05ca0039d-BlockDeletingService#0] INFO  interfaces.ContainerDeletionChoosingPolicyTemplate (ContainerDeletionChoosingPolicyTemplate.java:chooseContainerForBlockDeletion(83)) - Chosen 0/5000 blocks from 0 candidate containers.
2025-04-23 14:37:53,914 [grpc-default-executor-4] WARN  server.GrpcLogAppender (LogUtils.java:warn(121)) - omNode-1@group-523986131536->omNode-3-AppendLogResponseHandler: Failed appendEntries: org.apache.ratis.thirdparty.io.grpc.StatusRuntimeException: UNAVAILABLE: io exception
2025-04-23 14:37:53,914 [grpc-default-executor-5] WARN  server.GrpcLogAppender (GrpcLogAppender.java:lambda$resetClient$1(221)) - omNode-1@group-523986131536->omNode-3-GrpcLogAppender: Follower failed (request=null, errorCount=21); keep nextIndex (75) unchanged and retry.
2025-04-23 14:37:54,545 [main] INFO  rpc.RpcClient (RpcClient.java:createVolume(462)) - Creating Volume: volume11726, with user16440 as owner and space quota set to -1 bytes, counts quota set to -1
2025-04-23 14:37:54,546 [main] INFO  retry.RetryInvocationHandler (RetryInvocationHandler.java:log(426)) - com.google.protobuf.ServiceException: java.io.EOFException: End of File Exception between local host is: "fv-az1120-822/10.1.0.114"; destination host is: "localhost":15014; : java.io.EOFException; For more details see:  http://wiki.apache.org/hadoop/EOFException, while invoking $Proxy68.submitRequest over nodeId=omNode-3,nodeAddress=127.0.0.1:15014. Trying to failover after sleeping for 2000ms. Current retry count: 0.
2025-04-23 14:37:56,550 [grpc-default-executor-5] WARN  server.GrpcLogAppender (GrpcLogAppender.java:lambda$resetClient$1(221)) - omNode-1@group-523986131536->omNode-3-GrpcLogAppender: Follower failed (request=null, errorCount=27); keep nextIndex (76) unchanged and retry.
2025-04-23 14:37:56,552 [grpc-default-executor-6] WARN  server.GrpcLogAppender (GrpcLogAppender.java:lambda$resetClient$1(221)) - omNode-1@group-523986131536->omNode-3-GrpcLogAppender: Follower failed (request=null, errorCount=29); keep nextIndex (77) unchanged and retry.
2025-04-23 14:37:56,570 [omNode-1-OMStateMachineApplyTransactionThread - 0] WARN  helpers.OzoneAclUtil (OzoneAclUtil.java:getDefaultAclList(77)) - Failed to get primary group from user user16440 (auth:SIMPLE)
2025-04-23 14:37:56,570 [omNode-2-OMStateMachineApplyTransactionThread - 0] WARN  helpers.OzoneAclUtil (OzoneAclUtil.java:getDefaultAclList(77)) - Failed to get primary group from user user16440 (auth:SIMPLE)
2025-04-23 14:37:56,570 [omNode-1-OMStateMachineApplyTransactionThread - 0] INFO  volume.OMVolumeCreateRequest (OMVolumeCreateRequest.java:validateAndUpdateCache(203)) - created volume:volume11726 for user:user16440
2025-04-23 14:37:56,570 [omNode-2-OMStateMachineApplyTransactionThread - 0] INFO  volume.OMVolumeCreateRequest (OMVolumeCreateRequest.java:validateAndUpdateCache(203)) - created volume:volume11726 for user:user16440
2025-04-23 14:37:58,574 [main] INFO  om.OzoneManager (OzoneManager.java:stop(2347)) - omNode-3[localhost:15014]: Stopping Ozone Manager
2025-04-23 14:37:58,574 [main] INFO  om.OzoneManager (OzoneManager.java:stop(2347)) - omNode-1[localhost:15006]: Stopping Ozone Manager
2025-04-23 14:37:58,574 [main] INFO  ipc.Server (Server.java:stop(3697)) - Stopping server on 15006
2025-04-23 14:37:58,576 [IPC Server listener on 15006] INFO  ipc.Server (Server.java:run(1585)) - Stopping IPC Server listener on 15006
2025-04-23 14:37:58,577 [IPC Server Responder] INFO  ipc.Server (Server.java:run(1718)) - Stopping IPC Server Responder
2025-04-23 14:37:58,577 [main] INFO  ratis.OzoneManagerRatisServer (OzoneManagerRatisServer.java:stop(634)) - Stopping org.apache.hadoop.ozone.om.ratis.OzoneManagerRatisServer@da2093b at port 15009
2025-04-23 14:37:58,577 [main] INFO  server.RaftServer (RaftServerProxy.java:lambda$close$9(417)) - omNode-1: close
2025-04-23 14:37:58,577 [main] INFO  server.GrpcService (GrpcService.java:closeImpl(343)) - omNode-1: shutdown server GrpcServerProtocolService now
2025-04-23 14:37:58,577 [omNode-1-impl-thread1] INFO  server.RaftServer$Division (RaftServerImpl.java:lambda$close$1(513)) - omNode-1@group-523986131536: shutdown
2025-04-23 14:37:58,577 [omNode-1-impl-thread1] INFO  util.JmxRegister (JmxRegister.java:unregister(74)) - Successfully un-registered JMX Bean with object name Ratis:service=RaftServer,group=group-523986131536,id=omNode-1
2025-04-23 14:37:58,577 [omNode-1-impl-thread1] INFO  impl.RoleInfo (RoleInfo.java:shutdownLeaderState(103)) - omNode-1: shutdown omNode-1@group-523986131536-LeaderStateImpl
2025-04-23 14:37:58,578 [omNode-1-impl-thread1] INFO  impl.PendingRequests (PendingRequests.java:sendNotLeaderResponses(287)) - omNode-1@group-523986131536-PendingRequests: sendNotLeaderResponses
2025-04-23 14:37:58,578 [omNode-1@group-523986131536->omNode-3-GrpcLogAppender-LogAppenderDaemon] WARN  server.GrpcLogAppender (GrpcLogAppender.java:mayWait(293)) - omNode-1@group-523986131536->omNode-3-GrpcLogAppender: Wait interrupted by java.lang.InterruptedException
2025-04-23 14:37:58,578 [omNode-1@group-523986131536->omNode-2-GrpcLogAppender-LogAppenderDaemon] WARN  server.GrpcLogAppender (GrpcLogAppender.java:mayWait(293)) - omNode-1@group-523986131536->omNode-2-GrpcLogAppender: Wait interrupted by java.lang.InterruptedException
2025-04-23 14:37:58,578 [omNode-1-impl-thread1] INFO  impl.StateMachineUpdater (StateMachineUpdater.java:stopAndJoin(164)) - omNode-1@group-523986131536-StateMachineUpdater: set stopIndex = 76
2025-04-23 14:37:58,578 [grpc-default-executor-6] INFO  server.GrpcServerProtocolService (GrpcServerProtocolService.java:onCompleted(157)) - omNode-2: Completed APPEND_ENTRIES, lastRequest: null
2025-04-23 14:37:58,579 [grpc-default-executor-6] INFO  server.GrpcServerProtocolService (GrpcServerProtocolService.java:lambda$onCompleted$5(159)) - omNode-2: Completed APPEND_ENTRIES, lastReply: serverReply {
  requestorId: "omNode-1"
  replyId: "omNode-2"
  raftGroupId {
    id: "\311\274L\364;\303<`\246kR9\206\023\0256"
  }
  callId: 27
  success: true
}
term: 7
nextIndex: 77
followerCommit: 76
matchIndex: 18446744073709551615
isHearbeat: true

2025-04-23 14:37:58,579 [Thread-2525] INFO  server.GrpcServerProtocolClient (GrpcServerProtocolClient.java:close(105)) - omNode-3 Close channels
2025-04-23 14:37:58,580 [Thread-2527] INFO  server.GrpcServerProtocolClient (GrpcServerProtocolClient.java:close(105)) - omNode-2 Close channels
2025-04-23 14:37:58,580 [grpc-default-executor-6] INFO  server.GrpcServerProtocolService (GrpcServerProtocolService.java:onCompleted(157)) - omNode-2: Completed APPEND_ENTRIES, lastRequest: omNode-1->omNode-2#22-t7,previous=(t:7, i:75),leaderCommit=75,initializing? false,entries: size=1, first=(t:7, i:76), METADATAENTRY(c:75)
2025-04-23 14:37:58,580 [grpc-default-executor-6] INFO  server.GrpcServerProtocolService (GrpcServerProtocolService.java:lambda$onCompleted$5(159)) - omNode-2: Completed APPEND_ENTRIES, lastReply: null
2025-04-23 14:37:58,581 [grpc-default-executor-6] INFO  server.GrpcLogAppender (GrpcLogAppender.java:onCompleted(550)) - omNode-1@group-523986131536->omNode-2-AppendLogResponseHandler: follower responses appendEntries COMPLETED
2025-04-23 14:37:58,581 [grpc-default-executor-6] WARN  server.GrpcLogAppender (GrpcLogAppender.java:resetClient(230)) - omNode-1@group-523986131536->omNode-2-GrpcLogAppender: Failed to getClient for omNode-2
org.apache.ratis.protocol.exceptions.AlreadyClosedException: omNode-1 is already CLOSED
	at org.apache.ratis.util.PeerProxyMap$PeerAndProxy.getProxy(PeerProxyMap.java:67)
	at org.apache.ratis.util.PeerProxyMap.getProxy(PeerProxyMap.java:124)
	at org.apache.ratis.grpc.server.GrpcLogAppender.getClient(GrpcLogAppender.java:200)
	at org.apache.ratis.grpc.server.GrpcLogAppender.resetClient(GrpcLogAppender.java:205)
	at org.apache.ratis.grpc.server.GrpcLogAppender.access$800(GrpcLogAppender.java:64)
	at org.apache.ratis.grpc.server.GrpcLogAppender$AppendLogResponseHandler.onCompleted(GrpcLogAppender.java:551)
	at org.apache.ratis.thirdparty.io.grpc.stub.ClientCalls$StreamObserverToCallListenerAdapter.onClose(ClientCalls.java:479)
	at org.apache.ratis.thirdparty.io.grpc.internal.ClientCallImpl.closeObserver(ClientCallImpl.java:567)
	at org.apache.ratis.thirdparty.io.grpc.internal.ClientCallImpl.access$300(ClientCallImpl.java:71)
	at org.apache.ratis.thirdparty.io.grpc.internal.ClientCallImpl$ClientStreamListenerImpl$1StreamClosed.runInternal(ClientCallImpl.java:735)
	at org.apache.ratis.thirdparty.io.grpc.internal.ClientCallImpl$ClientStreamListenerImpl$1StreamClosed.runInContext(ClientCallImpl.java:716)
	at org.apache.ratis.thirdparty.io.grpc.internal.ContextRunnable.run(ContextRunnable.java:37)
	at org.apache.ratis.thirdparty.io.grpc.internal.SerializingExecutor.run(SerializingExecutor.java:133)
	at java.base/java.util.concurrent.ThreadPoolExecutor.runWorker(ThreadPoolExecutor.java:1144)
	at java.base/java.util.concurrent.ThreadPoolExecutor$Worker.run(ThreadPoolExecutor.java:642)
	at java.base/java.lang.Thread.run(Thread.java:1583)
2025-04-23 14:37:58,581 [grpc-default-executor-4] INFO  server.GrpcLogAppender (GrpcLogAppender.java:onCompleted(550)) - omNode-1@group-523986131536->omNode-2-AppendLogResponseHandler: follower responses appendEntries COMPLETED
2025-04-23 14:37:58,581 [grpc-default-executor-4] WARN  server.GrpcLogAppender (GrpcLogAppender.java:resetClient(230)) - omNode-1@group-523986131536->omNode-2-GrpcLogAppender: Failed to getClient for omNode-2
org.apache.ratis.protocol.exceptions.AlreadyClosedException: omNode-1 is already CLOSED
	at org.apache.ratis.util.PeerProxyMap$PeerAndProxy.getProxy(PeerProxyMap.java:67)
	at org.apache.ratis.util.PeerProxyMap.getProxy(PeerProxyMap.java:124)
	at org.apache.ratis.grpc.server.GrpcLogAppender.getClient(GrpcLogAppender.java:200)
	at org.apache.ratis.grpc.server.GrpcLogAppender.resetClient(GrpcLogAppender.java:205)
	at org.apache.ratis.grpc.server.GrpcLogAppender.access$800(GrpcLogAppender.java:64)
	at org.apache.ratis.grpc.server.GrpcLogAppender$AppendLogResponseHandler.onCompleted(GrpcLogAppender.java:551)
	at org.apache.ratis.thirdparty.io.grpc.stub.ClientCalls$StreamObserverToCallListenerAdapter.onClose(ClientCalls.java:479)
	at org.apache.ratis.thirdparty.io.grpc.internal.DelayedClientCall$DelayedListener$3.run(DelayedClientCall.java:489)
	at org.apache.ratis.thirdparty.io.grpc.internal.DelayedClientCall$DelayedListener.delayOrExecute(DelayedClientCall.java:453)
	at org.apache.ratis.thirdparty.io.grpc.internal.DelayedClientCall$DelayedListener.onClose(DelayedClientCall.java:486)
	at org.apache.ratis.thirdparty.io.grpc.internal.ClientCallImpl.closeObserver(ClientCallImpl.java:567)
	at org.apache.ratis.thirdparty.io.grpc.internal.ClientCallImpl.access$300(ClientCallImpl.java:71)
	at org.apache.ratis.thirdparty.io.grpc.internal.ClientCallImpl$ClientStreamListenerImpl$1StreamClosed.runInternal(ClientCallImpl.java:735)
	at org.apache.ratis.thirdparty.io.grpc.internal.ClientCallImpl$ClientStreamListenerImpl$1StreamClosed.runInContext(ClientCallImpl.java:716)
	at org.apache.ratis.thirdparty.io.grpc.internal.ContextRunnable.run(ContextRunnable.java:37)
	at org.apache.ratis.thirdparty.io.grpc.internal.SerializingExecutor.run(SerializingExecutor.java:133)
	at java.base/java.util.concurrent.ThreadPoolExecutor.runWorker(ThreadPoolExecutor.java:1144)
	at java.base/java.util.concurrent.ThreadPoolExecutor$Worker.run(ThreadPoolExecutor.java:642)
	at java.base/java.lang.Thread.run(Thread.java:1583)
2025-04-23 14:37:58,582 [main] INFO  server.GrpcService (GrpcService.java:closeImpl(352)) - omNode-1: shutdown server GrpcServerProtocolService successfully
2025-04-23 14:37:58,591 [omNode-1@group-523986131536-StateMachineUpdater] INFO  ratis.OzoneManagerStateMachine (OzoneManagerStateMachine.java:takeSnapshotImpl(510)) - omNode-1: taking snapshot. applied = (t:7, i:76), skipped = 75, notified = (t:7, i:76), current snapshot index = (t:7, i:76), took 12 ms
2025-04-23 14:37:58,591 [omNode-1@group-523986131536-StateMachineUpdater] INFO  impl.StateMachineUpdater (StateMachineUpdater.java:takeSnapshot(303)) - omNode-1@group-523986131536-StateMachineUpdater: Took a snapshot at index 76
2025-04-23 14:37:58,591 [omNode-1@group-523986131536-StateMachineUpdater] INFO  impl.StateMachineUpdater (StateMachineUpdater.java:lambda$new$0(102)) - omNode-1@group-523986131536-StateMachineUpdater: snapshotIndex: updateIncreasingly 68 -> 76
2025-04-23 14:37:58,591 [omNode-1@group-523986131536-StateMachineUpdater] INFO  impl.StateMachineUpdater (StateMachineUpdater.java:stop(141)) - omNode-1@group-523986131536-StateMachineUpdater: closing OzoneManagerStateMachine, lastApplied=(t:7, i:76)
2025-04-23 14:37:58,591 [omNode-1@group-523986131536-StateMachineUpdater] INFO  ratis.OzoneManagerStateMachine (OzoneManagerStateMachine.java:close(550)) - Stopping OzoneManagerStateMachine:omNode-1:group-523986131536.
2025-04-23 14:37:58,591 [omNode-1@group-523986131536-StateMachineUpdater] INFO  ratis.OzoneManagerDoubleBuffer (OzoneManagerDoubleBuffer.java:stopDaemon(500)) - Stopping OMDoubleBuffer flush thread
2025-04-23 14:37:58,592 [omNode-1-OMDoubleBufferFlushThread] INFO  ratis.OzoneManagerDoubleBuffer (OzoneManagerDoubleBuffer.java:canFlush(559)) - OMDoubleBuffer flush thread omNode-1-OMDoubleBufferFlushThread is interrupted and will exit.
2025-04-23 14:37:58,592 [omNode-1@group-523986131536-cacheEviction-AwaitToRun] INFO  util.AwaitToRun (AwaitToRun.java:run(49)) - omNode-1@group-523986131536-cacheEviction-AwaitToRun-AwaitForSignal is interrupted
2025-04-23 14:37:58,914 [timer2] WARN  server.GrpcLogAppender (GrpcLogAppender.java:lambda$resetClient$1(221)) - omNode-1@group-523986131536->omNode-3-GrpcLogAppender: Follower failed (request=null, errorCount=26); keep nextIndex (75) unchanged and retry. (Repeated 6 times in the last 4.999s)
2025-04-23 14:37:58,914 [timer1] WARN  server.GrpcLogAppender (LogUtils.java:warn(121)) - omNode-1@group-523986131536->omNode-3-AppendLogResponseHandler: Failed appendEntries (Repeated 12 times in the last 5.000s): org.apache.ratis.thirdparty.io.grpc.StatusRuntimeException: UNAVAILABLE: io exception
2025-04-23 14:37:59,553 [omNode-1-impl-thread1] INFO  segmented.SegmentedRaftLogWorker (SegmentedRaftLogWorker.java:close(252)) - omNode-1@group-523986131536-SegmentedRaftLogWorker close()
2025-04-23 14:37:59,554 [JvmPauseMonitor18] INFO  util.JvmPauseMonitor (JvmPauseMonitor.java:run(152)) - JvmPauseMonitor-omNode-1: Stopped
2025-04-23 14:37:59,554 [main] INFO  utils.BackgroundService (BackgroundService.java:shutdown(161)) - Shutting down service KeyDeletingService
2025-04-23 14:37:59,554 [main] INFO  utils.BackgroundService (BackgroundService.java:shutdown(161)) - Shutting down service DirectoryDeletingService
2025-04-23 14:37:59,555 [main] INFO  utils.BackgroundService (BackgroundService.java:shutdown(161)) - Shutting down service OpenKeyCleanupService
2025-04-23 14:37:59,556 [main] INFO  utils.BackgroundService (BackgroundService.java:shutdown(161)) - Shutting down service SstFilteringService
2025-04-23 14:37:59,556 [main] INFO  utils.BackgroundService (BackgroundService.java:shutdown(161)) - Shutting down service SnapshotDeletingService
2025-04-23 14:37:59,556 [main] INFO  utils.BackgroundService (BackgroundService.java:shutdown(161)) - Shutting down service MultipartUploadCleanupService
2025-04-23 14:37:59,557 [main] INFO  handler.ContextHandler (ContextHandler.java:doStop(1159)) - Stopped o.e.j.w.WebAppContext@169aab9e{ozoneManager,/,null,STOPPED}{file:/home/runner/work/ozone/ozone/hadoop-ozone/integration-test/target/test-classes/webapps/ozoneManager}
2025-04-23 14:37:59,557 [main] INFO  server.AbstractConnector (AbstractConnector.java:doStop(383)) - Stopped ServerConnector@290caab7{HTTP/1.1, (http/1.1)}{0.0.0.0:15007}
2025-04-23 14:37:59,557 [main] INFO  server.session (HouseKeeper.java:stopScavenging(149)) - node0 Stopped scavenging
2025-04-23 14:37:59,557 [main] INFO  handler.ContextHandler (ContextHandler.java:doStop(1159)) - Stopped o.e.j.s.ServletContextHandler@5aab2e9b{static,/static,file:///home/runner/work/ozone/ozone/hadoop-ozone/integration-test/target/test-classes/webapps/static,STOPPED}
2025-04-23 14:37:59,558 [main] INFO  handler.ContextHandler (ContextHandler.java:doStop(1159)) - Stopped o.e.j.s.ServletContextHandler@28fa4b8b{logs,/logs,file:///home/runner/work/ozone/ozone/hadoop-ozone/integration-test/target/log,STOPPED}
2025-04-23 14:37:59,558 [main] INFO  rocksdiff.RocksDBCheckpointDiffer (RocksDBCheckpointDiffer.java:close(304)) - Shutting down CompactionDagPruningService.
2025-04-23 14:37:59,560 [main] INFO  snapshot.SnapshotDiffManager (SnapshotDiffManager.java:closeExecutorService(1698)) - Shutting down executorService: 'SnapDiffExecutor'
2025-04-23 14:37:59,560 [main] INFO  utils.BackgroundService (BackgroundService.java:shutdown(161)) - Shutting down service SnapshotDiffCleanupService
2025-04-23 14:37:59,561 [main] INFO  om.OzoneManager (OzoneManager.java:stop(2347)) - omNode-2[localhost:15010]: Stopping Ozone Manager
2025-04-23 14:37:59,561 [main] INFO  ipc.Server (Server.java:stop(3697)) - Stopping server on 15010
2025-04-23 14:37:59,563 [IPC Server Responder] INFO  ipc.Server (Server.java:run(1718)) - Stopping IPC Server Responder
2025-04-23 14:37:59,563 [main] INFO  ratis.OzoneManagerRatisServer (OzoneManagerRatisServer.java:stop(634)) - Stopping org.apache.hadoop.ozone.om.ratis.OzoneManagerRatisServer@20c59584 at port 15013
2025-04-23 14:37:59,563 [IPC Server listener on 15010] INFO  ipc.Server (Server.java:run(1585)) - Stopping IPC Server listener on 15010
2025-04-23 14:37:59,563 [main] INFO  server.RaftServer (RaftServerProxy.java:lambda$close$9(417)) - omNode-2: close
2025-04-23 14:37:59,563 [main] INFO  server.GrpcService (GrpcService.java:closeImpl(343)) - omNode-2: shutdown server GrpcServerProtocolService now
2025-04-23 14:37:59,563 [omNode-2-impl-thread1] INFO  server.RaftServer$Division (RaftServerImpl.java:lambda$close$1(513)) - omNode-2@group-523986131536: shutdown
2025-04-23 14:37:59,563 [omNode-2-impl-thread1] INFO  util.JmxRegister (JmxRegister.java:unregister(74)) - Successfully un-registered JMX Bean with object name Ratis:service=RaftServer,group=group-523986131536,id=omNode-2
2025-04-23 14:37:59,563 [omNode-2-impl-thread1] INFO  impl.RoleInfo (RoleInfo.java:shutdownFollowerState(121)) - omNode-2: shutdown omNode-2@group-523986131536-FollowerState
2025-04-23 14:37:59,564 [omNode-2-impl-thread1] INFO  impl.StateMachineUpdater (StateMachineUpdater.java:stopAndJoin(164)) - omNode-2@group-523986131536-StateMachineUpdater: set stopIndex = 76
2025-04-23 14:37:59,564 [omNode-2@group-523986131536-FollowerState] INFO  impl.FollowerState (FollowerState.java:runImpl(170)) - omNode-2@group-523986131536-FollowerState was interrupted
2025-04-23 14:37:59,565 [main] INFO  server.GrpcService (GrpcService.java:closeImpl(352)) - omNode-2: shutdown server GrpcServerProtocolService successfully
2025-04-23 14:37:59,573 [omNode-2@group-523986131536-StateMachineUpdater] INFO  ratis.OzoneManagerStateMachine (OzoneManagerStateMachine.java:takeSnapshotImpl(510)) - omNode-2: taking snapshot. applied = (t:7, i:76), skipped = 75, notified = (t:7, i:76), current snapshot index = (t:7, i:76), took 9 ms
2025-04-23 14:37:59,573 [omNode-2@group-523986131536-StateMachineUpdater] INFO  impl.StateMachineUpdater (StateMachineUpdater.java:takeSnapshot(303)) - omNode-2@group-523986131536-StateMachineUpdater: Took a snapshot at index 76
2025-04-23 14:37:59,574 [omNode-2@group-523986131536-StateMachineUpdater] INFO  impl.StateMachineUpdater (StateMachineUpdater.java:lambda$new$0(102)) - omNode-2@group-523986131536-StateMachineUpdater: snapshotIndex: updateIncreasingly 68 -> 76
2025-04-23 14:37:59,574 [omNode-2@group-523986131536-StateMachineUpdater] INFO  impl.StateMachineUpdater (StateMachineUpdater.java:stop(141)) - omNode-2@group-523986131536-StateMachineUpdater: closing OzoneManagerStateMachine, lastApplied=(t:7, i:76)
2025-04-23 14:37:59,574 [omNode-2@group-523986131536-StateMachineUpdater] INFO  ratis.OzoneManagerStateMachine (OzoneManagerStateMachine.java:close(550)) - Stopping OzoneManagerStateMachine:omNode-2:group-523986131536.
2025-04-23 14:37:59,574 [omNode-2@group-523986131536-StateMachineUpdater] INFO  ratis.OzoneManagerDoubleBuffer (OzoneManagerDoubleBuffer.java:stopDaemon(500)) - Stopping OMDoubleBuffer flush thread
2025-04-23 14:37:59,574 [omNode-2-OMDoubleBufferFlushThread] INFO  ratis.OzoneManagerDoubleBuffer (OzoneManagerDoubleBuffer.java:canFlush(559)) - OMDoubleBuffer flush thread omNode-2-OMDoubleBufferFlushThread is interrupted and will exit.
2025-04-23 14:37:59,574 [omNode-2@group-523986131536-cacheEviction-AwaitToRun] INFO  util.AwaitToRun (AwaitToRun.java:run(49)) - omNode-2@group-523986131536-cacheEviction-AwaitToRun-AwaitForSignal is interrupted
2025-04-23 14:38:00,554 [omNode-2-impl-thread1] INFO  segmented.SegmentedRaftLogWorker (SegmentedRaftLogWorker.java:close(252)) - omNode-2@group-523986131536-SegmentedRaftLogWorker close()
2025-04-23 14:38:00,554 [JvmPauseMonitor19] INFO  util.JvmPauseMonitor (JvmPauseMonitor.java:run(152)) - JvmPauseMonitor-omNode-2: Stopped
2025-04-23 14:38:00,554 [main] INFO  utils.BackgroundService (BackgroundService.java:shutdown(161)) - Shutting down service KeyDeletingService
2025-04-23 14:38:00,555 [main] INFO  utils.BackgroundService (BackgroundService.java:shutdown(161)) - Shutting down service DirectoryDeletingService
2025-04-23 14:38:00,555 [main] INFO  utils.BackgroundService (BackgroundService.java:shutdown(161)) - Shutting down service OpenKeyCleanupService
2025-04-23 14:38:00,556 [main] INFO  utils.BackgroundService (BackgroundService.java:shutdown(161)) - Shutting down service SstFilteringService
2025-04-23 14:38:00,556 [main] INFO  utils.BackgroundService (BackgroundService.java:shutdown(161)) - Shutting down service SnapshotDeletingService
2025-04-23 14:38:00,556 [main] INFO  utils.BackgroundService (BackgroundService.java:shutdown(161)) - Shutting down service MultipartUploadCleanupService
2025-04-23 14:38:00,557 [main] INFO  handler.ContextHandler (ContextHandler.java:doStop(1159)) - Stopped o.e.j.w.WebAppContext@b398f02{ozoneManager,/,null,STOPPED}{file:/home/runner/work/ozone/ozone/hadoop-ozone/integration-test/target/test-classes/webapps/ozoneManager}
2025-04-23 14:38:00,557 [main] INFO  server.AbstractConnector (AbstractConnector.java:doStop(383)) - Stopped ServerConnector@6379918{HTTP/1.1, (http/1.1)}{0.0.0.0:15011}
2025-04-23 14:38:00,558 [main] INFO  server.session (HouseKeeper.java:stopScavenging(149)) - node0 Stopped scavenging
2025-04-23 14:38:00,558 [main] INFO  handler.ContextHandler (ContextHandler.java:doStop(1159)) - Stopped o.e.j.s.ServletContextHandler@114eb078{static,/static,file:///home/runner/work/ozone/ozone/hadoop-ozone/integration-test/target/test-classes/webapps/static,STOPPED}
2025-04-23 14:38:00,558 [main] INFO  handler.ContextHandler (ContextHandler.java:doStop(1159)) - Stopped o.e.j.s.ServletContextHandler@7ae752bb{logs,/logs,file:///home/runner/work/ozone/ozone/hadoop-ozone/integration-test/target/log,STOPPED}
2025-04-23 14:38:00,558 [main] INFO  rocksdiff.RocksDBCheckpointDiffer (RocksDBCheckpointDiffer.java:close(304)) - Shutting down CompactionDagPruningService.
2025-04-23 14:38:00,560 [main] INFO  snapshot.SnapshotDiffManager (SnapshotDiffManager.java:closeExecutorService(1698)) - Shutting down executorService: 'SnapDiffExecutor'
2025-04-23 14:38:00,560 [main] INFO  utils.BackgroundService (BackgroundService.java:shutdown(161)) - Shutting down service SnapshotDiffCleanupService
2025-04-23 14:38:00,561 [main] INFO  om.OzoneManager (OzoneManager.java:restart(1878)) - OzoneManager RPC server is listening at localhost/127.0.0.1:15014
2025-04-23 14:38:00,561 [main] INFO  impl.MetricsSystemImpl (MetricsSystemImpl.java:init(158)) - OzoneManager metrics system started (again)
2025-04-23 14:38:00,575 [main] WARN  server.ServerUtils (ServerUtils.java:getDBPath(297)) - ozone.om.db.dirs is not configured. We recommend adding this setting. Falling back to ozone.metadata.dirs instead.
2025-04-23 14:38:00,617 [main] INFO  om.OzoneManager (OzoneManager.java:instantiateServices(933)) - S3 Multi-Tenancy is disabled
2025-04-23 14:38:00,618 [main] INFO  om.OmSnapshotManager (OmSnapshotManager.java:<init>(180)) - Ozone filesystem snapshot feature is enabled.
2025-04-23 14:38:00,618 [main] WARN  server.ServerUtils (ServerUtils.java:getDBPath(297)) - ozone.om.snapshot.diff.db.dir is not configured. We recommend adding this setting. Falling back to ozone.metadata.dirs instead.
2025-04-23 14:38:00,631 [main] WARN  server.ServerUtils (ServerUtils.java:getDefaultRatisDirectory(309)) - Storage directory for Ratis is not configured. It is a good idea to map this to an SSD disk. Falling back to ozone.metadata.dirs
2025-04-23 14:38:00,631 [main] INFO  server.RaftServerConfigKeys (ConfUtils.java:logGet(46)) - raft.server.log.appender.buffer.byte-limit = 4194304 (custom)
2025-04-23 14:38:00,632 [main] INFO  ratis.OzoneManagerRatisServer (OzoneManagerRatisServer.java:<init>(167)) - Instantiating OM Ratis server with groupID: om-service-test1 and peers: localhost:15017, localhost:15009, localhost:15013
2025-04-23 14:38:00,633 [main] INFO  ratis.OzoneManagerStateMachine (OzoneManagerStateMachine.java:loadSnapshotInfoFromDB(611)) - LastAppliedIndex is set from TransactionInfo from OM DB as (t:6, i:72)
2025-04-23 14:38:00,633 [main] INFO  server.RaftServer (ConfUtils.java:logGet(46)) - raft.rpc.type = GRPC (default)
2025-04-23 14:38:00,633 [main] INFO  grpc.GrpcConfigKeys (ConfUtils.java:logFallback(53)) - raft.grpc.admin.host = null (fallback to raft.grpc.server.host)
2025-04-23 14:38:00,633 [main] INFO  grpc.GrpcConfigKeys (ConfUtils.java:logFallback(53)) - raft.grpc.admin.port = 15017 (fallback to raft.grpc.server.port)
2025-04-23 14:38:00,633 [main] INFO  grpc.GrpcConfigKeys (ConfUtils.java:logFallback(53)) - raft.grpc.client.host = null (fallback to raft.grpc.server.host)
2025-04-23 14:38:00,633 [main] INFO  grpc.GrpcConfigKeys (ConfUtils.java:logFallback(53)) - raft.grpc.client.port = 15017 (fallback to raft.grpc.server.port)
2025-04-23 14:38:00,634 [main] INFO  grpc.GrpcConfigKeys (ConfUtils.java:logGet(46)) - raft.grpc.server.host = null (default)
2025-04-23 14:38:00,634 [main] INFO  grpc.GrpcConfigKeys (ConfUtils.java:logGet(46)) - raft.grpc.server.port = 15017 (custom)
2025-04-23 14:38:00,634 [main] INFO  server.GrpcService (ConfUtils.java:logGet(46)) - raft.grpc.message.size.max = 5242880 (custom)
2025-04-23 14:38:00,634 [main] INFO  server.GrpcService (ConfUtils.java:logGet(46)) - raft.grpc.flow.control.window = 1MB (=1048576) (default)
2025-04-23 14:38:00,634 [main] INFO  server.RaftServerConfigKeys (ConfUtils.java:logGet(46)) - raft.server.rpc.request.timeout = 3000ms (default)
2025-04-23 14:38:00,634 [main] INFO  grpc.GrpcConfigKeys (ConfUtils.java:logGet(46)) - raft.grpc.server.heartbeat.channel = true (default)
2025-04-23 14:38:00,634 [main] INFO  server.RaftServerConfigKeys (ConfUtils.java:logGet(46)) - raft.server.log.appender.buffer.byte-limit = 4194304 (custom)
2025-04-23 14:38:00,634 [main] INFO  grpc.GrpcConfigKeys (ConfUtils.java:logGet(46)) - raft.grpc.server.async.request.thread.pool.cached = true (default)
2025-04-23 14:38:00,634 [main] INFO  grpc.GrpcConfigKeys (ConfUtils.java:logGet(46)) - raft.grpc.server.async.request.thread.pool.size = 32 (default)
2025-04-23 14:38:00,635 [main] INFO  impl.DataStreamServerImpl (ConfUtils.java:logGet(46)) - raft.datastream.type = DISABLED (default)
2025-04-23 14:38:00,635 [main] INFO  server.RaftServerConfigKeys (ConfUtils.java:logGet(46)) - raft.server.sleep.deviation.threshold = 300ms (default)
2025-04-23 14:38:00,635 [main] INFO  server.RaftServerConfigKeys (ConfUtils.java:logGet(46)) - raft.server.close.threshold = 60s (default)
2025-04-23 14:38:00,635 [main] INFO  server.RaftServerConfigKeys (ConfUtils.java:logGet(46)) - raft.server.leaderelection.leader.step-down.wait-time = 10s (default)
2025-04-23 14:38:00,636 [main] INFO  server.RaftServerConfigKeys (ConfUtils.java:logGet(46)) - raft.server.storage.dir = [/home/runner/work/ozone/ozone/hadoop-ozone/integration-test/target/test-dir/MiniOzoneClusterImpl-68853c07-42d2-4ef8-9e75-e3a852294e6a/omNode-3/ratis] (custom)
2025-04-23 14:38:00,636 [main] INFO  server.RaftServerConfigKeys (ConfUtils.java:logGet(46)) - raft.server.threadpool.proxy.cached = true (default)
2025-04-23 14:38:00,636 [main] INFO  server.RaftServerConfigKeys (ConfUtils.java:logGet(46)) - raft.server.threadpool.proxy.size = 0 (default)
2025-04-23 14:38:00,636 [omNode-3-impl-thread1] INFO  server.RaftServer (RaftServerProxy.java:initGroupDir(265)) - omNode-3: found a subdirectory /home/runner/work/ozone/ozone/hadoop-ozone/integration-test/target/test-dir/MiniOzoneClusterImpl-68853c07-42d2-4ef8-9e75-e3a852294e6a/omNode-3/ratis/c9bc4cf4-3bc3-3c60-a66b-523986131536
2025-04-23 14:38:00,636 [main] INFO  server.RaftServer (RaftServerProxy.java:addNew(100)) - omNode-3: addNew group-523986131536:[omNode-3|localhost:15017, omNode-1|localhost:15009, omNode-2|localhost:15013] returns group-523986131536:java.util.concurrent.CompletableFuture@6885e7d0[Not completed]
2025-04-23 14:38:00,637 [main] INFO  om.OzoneManager (OzoneManager.java:initializeRatisServer(2303)) - OzoneManager Ratis server initialized at port 15017
2025-04-23 14:38:00,637 [main] INFO  ratis.OzoneManagerRatisServer (OzoneManagerRatisServer.java:start(628)) - Starting OzoneManagerRatisServer omNode-3 at port 15017
2025-04-23 14:38:00,637 [omNode-3-groupManagement] INFO  server.RaftServer$Division (RaftServerImpl.java:<init>(255)) - omNode-3: new RaftServerImpl for group-523986131536:[omNode-3|localhost:15017, omNode-1|localhost:15009, omNode-2|localhost:15013] with OzoneManagerStateMachine:uninitialized
2025-04-23 14:38:00,637 [omNode-3-groupManagement] INFO  server.RaftServerConfigKeys (ConfUtils.java:logGet(46)) - raft.server.rpc.timeout.min = 1s (custom)
2025-04-23 14:38:00,637 [omNode-3-groupManagement] INFO  server.RaftServerConfigKeys (ConfUtils.java:logGet(46)) - raft.server.rpc.timeout.max = 1200ms (custom)
2025-04-23 14:38:00,637 [omNode-3-groupManagement] INFO  server.RaftServerConfigKeys (ConfUtils.java:logGet(46)) - raft.server.rpc.sleep.time = 25ms (default)
2025-04-23 14:38:00,637 [omNode-3-groupManagement] INFO  server.RaftServerConfigKeys (ConfUtils.java:logGet(46)) - raft.server.rpc.slowness.timeout = 2s (custom)
2025-04-23 14:38:00,637 [omNode-3-groupManagement] INFO  server.RaftServerConfigKeys (ConfUtils.java:logGet(46)) - raft.server.leaderelection.leader.step-down.wait-time = 10s (default)
2025-04-23 14:38:00,637 [omNode-3-groupManagement] INFO  server.RaftServerConfigKeys (ConfUtils.java:logGet(46)) - raft.server.leaderelection.member.majority-add = false (default)
2025-04-23 14:38:00,637 [omNode-3-groupManagement] INFO  server.RaftServerConfigKeys (ConfUtils.java:logGet(46)) - raft.server.sleep.deviation.threshold = 300ms (default)
2025-04-23 14:38:00,637 [omNode-3-groupManagement] INFO  server.RaftServer$Division (ServerState.java:<init>(114)) - omNode-3@group-523986131536: ConfigurationManager, init=conf: {index: -1, cur=peers:[omNode-3|localhost:15017, omNode-1|localhost:15009, omNode-2|localhost:15013]|listeners:[], old=null}, confs=<EMPTY_MAP>
2025-04-23 14:38:00,637 [omNode-3-groupManagement] INFO  server.RaftServerConfigKeys (ConfUtils.java:logGet(46)) - raft.server.notification.no-leader.timeout = 2s (custom)
2025-04-23 14:38:00,637 [omNode-3-groupManagement] INFO  server.RaftServerConfigKeys (ConfUtils.java:logGet(46)) - raft.server.read.timeout = 10s (default)
2025-04-23 14:38:00,637 [omNode-3-groupManagement] INFO  server.RaftServerConfigKeys (ConfUtils.java:logGet(46)) - raft.server.retrycache.expirytime = 30000ms (custom)
2025-04-23 14:38:00,637 [omNode-3-groupManagement] INFO  server.RaftServerConfigKeys (ConfUtils.java:logGet(46)) - raft.server.retrycache.statistics.expirytime = 100ms (default)
2025-04-23 14:38:00,637 [omNode-3-groupManagement] INFO  server.RaftServerConfigKeys (ConfUtils.java:logGet(46)) - raft.server.read.option = DEFAULT (default)
2025-04-23 14:38:00,637 [omNode-3-groupManagement] INFO  server.RaftServerConfigKeys (ConfUtils.java:logGet(46)) - raft.server.read.read-after-write-consistent.write-index-cache.expiry-time = 60s (default)
2025-04-23 14:38:00,639 [omNode-3-groupManagement] INFO  server.RaftServerConfigKeys (ConfUtils.java:logGet(46)) - raft.server.rpc.request.timeout = 3000ms (default)
2025-04-23 14:38:00,639 [omNode-3-groupManagement] INFO  server.RaftServerConfigKeys (ConfUtils.java:logGet(46)) - raft.server.log.appender.install.snapshot.enabled = false (custom)
2025-04-23 14:38:00,640 [omNode-3-groupManagement] INFO  server.RaftServerConfigKeys (ConfUtils.java:logGet(46)) - raft.server.threadpool.server.cached = true (default)
2025-04-23 14:38:00,640 [omNode-3-groupManagement] INFO  server.RaftServerConfigKeys (ConfUtils.java:logGet(46)) - raft.server.threadpool.server.size = 0 (default)
2025-04-23 14:38:00,640 [omNode-3-groupManagement] INFO  server.RaftServerConfigKeys (ConfUtils.java:logGet(46)) - raft.server.threadpool.client.cached = true (default)
2025-04-23 14:38:00,640 [omNode-3-groupManagement] INFO  server.RaftServerConfigKeys (ConfUtils.java:logGet(46)) - raft.server.threadpool.client.size = 0 (default)
2025-04-23 14:38:00,640 [omNode-3-impl-thread1] INFO  server.RaftServerConfigKeys (ConfUtils.java:logGet(46)) - raft.server.storage.free-space.min = 0MB (=0) (default)
2025-04-23 14:38:00,640 [omNode-3-impl-thread1] INFO  server.RaftServerConfigKeys (ConfUtils.java:logGet(46)) - raft.server.log.corruption.policy = EXCEPTION (default)
2025-04-23 14:38:00,640 [omNode-3-impl-thread1] INFO  server.RaftServerConfigKeys (ConfUtils.java:logGet(46)) - raft.server.storage.dir = [/home/runner/work/ozone/ozone/hadoop-ozone/integration-test/target/test-dir/MiniOzoneClusterImpl-68853c07-42d2-4ef8-9e75-e3a852294e6a/omNode-3/ratis] (custom)
2025-04-23 14:38:00,641 [omNode-3-impl-thread1] INFO  storage.RaftStorageDirectory (RaftStorageDirectoryImpl.java:tryLock(229)) - Lock on /home/runner/work/ozone/ozone/hadoop-ozone/integration-test/target/test-dir/MiniOzoneClusterImpl-68853c07-42d2-4ef8-9e75-e3a852294e6a/omNode-3/ratis/c9bc4cf4-3bc3-3c60-a66b-523986131536/in_use.lock acquired by nodename 129558@fv-az1120-822
2025-04-23 14:38:00,642 [omNode-3-impl-thread1] INFO  storage.RaftStorage (RaftStorageImpl.java:analyzeAndRecoverStorage(118)) - Read RaftStorageMetadata{term=6, votedFor=omNode-3} from /home/runner/work/ozone/ozone/hadoop-ozone/integration-test/target/test-dir/MiniOzoneClusterImpl-68853c07-42d2-4ef8-9e75-e3a852294e6a/omNode-3/ratis/c9bc4cf4-3bc3-3c60-a66b-523986131536/current/raft-meta
2025-04-23 14:38:00,642 [omNode-3-impl-thread1] INFO  server.RaftServer$Division (ServerState.java:setRaftConf(386)) - omNode-3@group-523986131536: set configuration conf: {index: 69, cur=peers:[omNode-3|localhost:15017, omNode-1|localhost:15009, omNode-2|localhost:15013]|listeners:[], old=null}
2025-04-23 14:38:00,642 [omNode-3-impl-thread1] INFO  ratis.OzoneManagerStateMachine (OzoneManagerStateMachine.java:lambda$0(138)) - omNode-3: initialize group-523986131536 with (t:6, i:72)
2025-04-23 14:38:00,642 [omNode-3-impl-thread1] INFO  server.RaftServerConfigKeys (ConfUtils.java:logGet(46)) - raft.server.log.use.memory = false (default)
2025-04-23 14:38:00,642 [omNode-3-impl-thread1] INFO  server.RaftServerConfigKeys (ConfUtils.java:logGet(46)) - raft.server.log.purge.gap = 50 (custom)
2025-04-23 14:38:00,642 [omNode-3-impl-thread1] INFO  server.RaftServerConfigKeys (ConfUtils.java:logGet(46)) - raft.server.log.appender.buffer.byte-limit = 4194304 (custom)
2025-04-23 14:38:00,642 [omNode-3-impl-thread1] INFO  server.RaftServerConfigKeys (ConfUtils.java:logGet(46)) - raft.server.log.statemachine.data.read.timeout = 1000ms (default)
2025-04-23 14:38:00,642 [omNode-3-impl-thread1] INFO  server.RaftServerConfigKeys (ConfUtils.java:logGet(46)) - raft.server.log.purge.preservation.log.num = 0 (default)
2025-04-23 14:38:00,643 [omNode-3-impl-thread1] INFO  server.RaftServerConfigKeys (ConfUtils.java:logGet(46)) - raft.server.log.segment.size.max = 4194304 (custom)
2025-04-23 14:38:00,643 [omNode-3-impl-thread1] INFO  server.RaftServerConfigKeys (ConfUtils.java:logGet(46)) - raft.server.log.segment.cache.num.max = 2 (custom)
2025-04-23 14:38:00,644 [omNode-3-impl-thread1] INFO  server.RaftServerConfigKeys (ConfUtils.java:logGet(46)) - raft.server.log.segment.cache.size.max = 200MB (=209715200) (default)
2025-04-23 14:38:00,644 [omNode-3-impl-thread1] INFO  server.RaftServerConfigKeys (ConfUtils.java:logGet(46)) - raft.server.log.appender.buffer.byte-limit = 4194304 (custom)
2025-04-23 14:38:00,644 [omNode-3-impl-thread1] INFO  util.AwaitToRun (AwaitToRun.java:start(81)) - Thread[#3204,omNode-3@group-523986131536-cacheEviction-AwaitToRun,5,main] started
2025-04-23 14:38:00,644 [omNode-3-impl-thread1] INFO  segmented.SegmentedRaftLogWorker (SegmentedRaftLogWorker.java:<init>(188)) - new omNode-3@group-523986131536-SegmentedRaftLogWorker for RaftStorageImpl:Storage Directory /home/runner/work/ozone/ozone/hadoop-ozone/integration-test/target/test-dir/MiniOzoneClusterImpl-68853c07-42d2-4ef8-9e75-e3a852294e6a/omNode-3/ratis/c9bc4cf4-3bc3-3c60-a66b-523986131536
2025-04-23 14:38:00,644 [omNode-3-impl-thread1] INFO  server.RaftServerConfigKeys (ConfUtils.java:logGet(46)) - raft.server.log.queue.byte-limit = 64MB (=67108864) (default)
2025-04-23 14:38:00,644 [omNode-3-impl-thread1] INFO  server.RaftServerConfigKeys (ConfUtils.java:logGet(46)) - raft.server.log.queue.element-limit = 4096 (default)
2025-04-23 14:38:00,644 [omNode-3-impl-thread1] INFO  server.RaftServerConfigKeys (ConfUtils.java:logGet(46)) - raft.server.log.segment.size.max = 4194304 (custom)
2025-04-23 14:38:00,644 [omNode-3-impl-thread1] INFO  server.RaftServerConfigKeys (ConfUtils.java:logGet(46)) - raft.server.log.preallocated.size = 4194304 (custom)
2025-04-23 14:38:00,644 [omNode-3-impl-thread1] INFO  server.RaftServerConfigKeys (ConfUtils.java:logGet(46)) - raft.server.log.force.sync.num = 128 (default)
2025-04-23 14:38:00,644 [omNode-3-impl-thread1] INFO  server.RaftServerConfigKeys (ConfUtils.java:logGet(46)) - raft.server.log.statemachine.data.sync = true (default)
2025-04-23 14:38:00,644 [omNode-3-impl-thread1] INFO  server.RaftServerConfigKeys (ConfUtils.java:logGet(46)) - raft.server.log.statemachine.data.sync.timeout = 10s (default)
2025-04-23 14:38:00,644 [omNode-3-impl-thread1] INFO  server.RaftServerConfigKeys (ConfUtils.java:logGet(46)) - raft.server.log.statemachine.data.sync.timeout.retry = -1 (default)
2025-04-23 14:38:00,644 [omNode-3-impl-thread1] INFO  server.RaftServerConfigKeys (ConfUtils.java:logGet(46)) - raft.server.log.write.buffer.size = 4194312 (custom)
2025-04-23 14:38:00,645 [omNode-3-impl-thread1] INFO  server.RaftServerConfigKeys (ConfUtils.java:logGet(46)) - raft.server.log.appender.buffer.byte-limit = 4194304 (custom)
2025-04-23 14:38:00,645 [omNode-3-impl-thread1] INFO  server.RaftServerConfigKeys (ConfUtils.java:logGet(46)) - raft.server.log.unsafe-flush.enabled = false (default)
2025-04-23 14:38:00,645 [omNode-3-impl-thread1] INFO  server.RaftServerConfigKeys (ConfUtils.java:logGet(46)) - raft.server.log.async-flush.enabled = false (default)
2025-04-23 14:38:00,645 [omNode-3-impl-thread1] INFO  server.RaftServerConfigKeys (ConfUtils.java:logGet(46)) - raft.server.log.statemachine.data.caching.enabled = false (default)
2025-04-23 14:38:00,645 [omNode-3-impl-thread1] INFO  server.RaftServer$Division (ServerState.java:setRaftConf(386)) - omNode-3@group-523986131536: set configuration conf: {index: 35, cur=peers:[omNode-3|localhost:15017, omNode-1|localhost:15009, omNode-2|localhost:15013]|listeners:[], old=null}
2025-04-23 14:38:00,646 [omNode-3-impl-thread1] INFO  segmented.LogSegment (LogSegment.java:loadSegment(171)) - Successfully read 34 entries from segment file /home/runner/work/ozone/ozone/hadoop-ozone/integration-test/target/test-dir/MiniOzoneClusterImpl-68853c07-42d2-4ef8-9e75-e3a852294e6a/omNode-3/ratis/c9bc4cf4-3bc3-3c60-a66b-523986131536/current/log_35-68
2025-04-23 14:38:00,646 [omNode-3-impl-thread1] INFO  server.RaftServer$Division (ServerState.java:setRaftConf(386)) - omNode-3@group-523986131536: set configuration conf: {index: 69, cur=peers:[omNode-3|localhost:15017, omNode-1|localhost:15009, omNode-2|localhost:15013]|listeners:[], old=null}
2025-04-23 14:38:00,647 [omNode-3-impl-thread1] INFO  segmented.LogSegment (LogSegment.java:loadSegment(171)) - Successfully read 4 entries from segment file /home/runner/work/ozone/ozone/hadoop-ozone/integration-test/target/test-dir/MiniOzoneClusterImpl-68853c07-42d2-4ef8-9e75-e3a852294e6a/omNode-3/ratis/c9bc4cf4-3bc3-3c60-a66b-523986131536/current/log_inprogress_69
2025-04-23 14:38:00,647 [omNode-3-impl-thread1] INFO  segmented.SegmentedRaftLogWorker (SegmentedRaftLogWorker.java:lambda$new$0(139)) - omNode-3@group-523986131536-SegmentedRaftLogWorker: flushIndex: setUnconditionally 0 -> 72
2025-04-23 14:38:00,647 [omNode-3-impl-thread1] INFO  segmented.SegmentedRaftLogWorker (SegmentedRaftLogWorker.java:lambda$new$0(139)) - omNode-3@group-523986131536-SegmentedRaftLogWorker: safeCacheEvictIndex: setUnconditionally 0 -> 68
2025-04-23 14:38:00,647 [omNode-3-impl-thread1] INFO  segmented.BufferedWriteChannel (BufferedWriteChannel.java:open(61)) - open log_inprogress_69 (append) at position 318
2025-04-23 14:38:00,647 [omNode-3-impl-thread1] INFO  raftlog.RaftLog (RaftLogBase.java:lambda$new$0(54)) - omNode-3@group-523986131536-SegmentedRaftLog: purgeIndex: updateToMax old=-1, new=34, updated? true
2025-04-23 14:38:00,647 [omNode-3-impl-thread1] INFO  server.RaftServer$Division (RaftServerImpl.java:start(391)) - omNode-3@group-523986131536: start as a follower, conf=conf: {index: 69, cur=peers:[omNode-3|localhost:15017, omNode-1|localhost:15009, omNode-2|localhost:15013]|listeners:[], old=null}
2025-04-23 14:38:00,647 [omNode-3-impl-thread1] INFO  server.RaftServer$Division (RaftServerImpl.java:setRole(378)) - omNode-3@group-523986131536: changes role from      null to FOLLOWER at term 6 for startAsFollower
2025-04-23 14:38:00,647 [omNode-3-impl-thread1] INFO  impl.RoleInfo (RoleInfo.java:updateAndGet(148)) - omNode-3: start omNode-3@group-523986131536-FollowerState
2025-04-23 14:38:00,647 [omNode-3-impl-thread1] INFO  util.JmxRegister (JmxRegister.java:tryRegister(44)) - Successfully registered JMX Bean with object name Ratis:service=RaftServer,group=group-523986131536,id=omNode-3
2025-04-23 14:38:00,647 [omNode-3-impl-thread1] INFO  util.JmxRegister (JmxRegister.java:register(58)) - register mxBean class org.apache.ratis.server.impl.RaftServerJmxAdapter as Ratis:service=RaftServer,group=group-523986131536,id=omNode-3
2025-04-23 14:38:00,647 [omNode-3-impl-thread1] INFO  server.RaftServerConfigKeys (ConfUtils.java:logGet(46)) - raft.server.snapshot.trigger-when-stop.enabled = true (default)
2025-04-23 14:38:00,648 [omNode-3-impl-thread1] INFO  server.RaftServerConfigKeys (ConfUtils.java:logGet(46)) - raft.server.snapshot.trigger-when-remove.enabled = true (default)
2025-04-23 14:38:00,647 [omNode-3@group-523986131536-FollowerState] INFO  server.RaftServerConfigKeys (ConfUtils.java:logFallback(53)) - raft.server.rpc.first-election.timeout.min = 1s (fallback to raft.server.rpc.timeout.min)
2025-04-23 14:38:00,648 [omNode-3-impl-thread1] INFO  server.RaftServerConfigKeys (ConfUtils.java:logGet(46)) - raft.server.snapshot.auto.trigger.enabled = true (custom)
2025-04-23 14:38:00,648 [omNode-3-impl-thread1] INFO  server.RaftServerConfigKeys (ConfUtils.java:logGet(46)) - raft.server.snapshot.auto.trigger.threshold = 50 (custom)
2025-04-23 14:38:00,648 [omNode-3-impl-thread1] INFO  server.RaftServerConfigKeys (ConfUtils.java:logGet(46)) - raft.server.snapshot.retention.file.num = -1 (default)
2025-04-23 14:38:00,648 [omNode-3@group-523986131536-FollowerState] INFO  server.RaftServerConfigKeys (ConfUtils.java:logFallback(53)) - raft.server.rpc.first-election.timeout.max = 1200ms (fallback to raft.server.rpc.timeout.max)
2025-04-23 14:38:00,648 [omNode-3-impl-thread1] INFO  server.RaftServerConfigKeys (ConfUtils.java:logGet(46)) - raft.server.log.purge.upto.snapshot.index = true (custom)
2025-04-23 14:38:00,648 [omNode-3-impl-thread1] INFO  server.RaftServer$Division (RaftServerImpl.java:start(405)) - omNode-3@group-523986131536: Successfully started.
2025-04-23 14:38:00,648 [main] INFO  server.RaftServer (RaftServerProxy.java:startImpl(407)) - omNode-3: start RPC server
2025-04-23 14:38:00,649 [main] INFO  server.GrpcService (GrpcService.java:startImpl(334)) - omNode-3: GrpcService started, listening on 15017
2025-04-23 14:38:00,649 [main] INFO  om.OzoneManager (OzoneManager.java:getRpcServer(1360)) - Creating RPC Server
2025-04-23 14:38:00,649 [JvmPauseMonitor20] INFO  util.JvmPauseMonitor (JvmPauseMonitor.java:run(146)) - JvmPauseMonitor-omNode-3: Started
2025-04-23 14:38:00,993 [main] INFO  reflections.Reflections (Reflections.java:scan(219)) - Reflections took 342 ms to scan 22 urls, producing 61 keys and 7422 values
2025-04-23 14:38:00,994 [main] INFO  ipc.CallQueueManager (CallQueueManager.java:<init>(93)) - Using callQueue: class java.util.concurrent.LinkedBlockingQueue, queueCapacity: 2000, scheduler: class org.apache.hadoop.ipc.DefaultRpcScheduler, ipcBackoff: false, ipcFailOver: false.
2025-04-23 14:38:00,994 [main] INFO  ipc.Server (Server.java:<init>(1438)) - Listener at localhost:15014
2025-04-23 14:38:00,994 [Socket Reader #1 for port 15014] INFO  ipc.Server (Server.java:run(1474)) - Starting Socket Reader #1 for port 15014
2025-04-23 14:38:00,994 [Socket Reader #2 for port 15014] INFO  ipc.Server (Server.java:run(1474)) - Starting Socket Reader #2 for port 15014
2025-04-23 14:38:00,994 [Socket Reader #3 for port 15014] INFO  ipc.Server (Server.java:run(1474)) - Starting Socket Reader #3 for port 15014
2025-04-23 14:38:00,995 [Socket Reader #4 for port 15014] INFO  ipc.Server (Server.java:run(1474)) - Starting Socket Reader #4 for port 15014
2025-04-23 14:38:00,995 [Socket Reader #5 for port 15014] INFO  ipc.Server (Server.java:run(1474)) - Starting Socket Reader #5 for port 15014
2025-04-23 14:38:00,995 [Socket Reader #6 for port 15014] INFO  ipc.Server (Server.java:run(1474)) - Starting Socket Reader #6 for port 15014
2025-04-23 14:38:00,995 [Socket Reader #7 for port 15014] INFO  ipc.Server (Server.java:run(1474)) - Starting Socket Reader #7 for port 15014
2025-04-23 14:38:00,995 [Socket Reader #8 for port 15014] INFO  ipc.Server (Server.java:run(1474)) - Starting Socket Reader #8 for port 15014
2025-04-23 14:38:00,995 [Socket Reader #9 for port 15014] INFO  ipc.Server (Server.java:run(1474)) - Starting Socket Reader #9 for port 15014
2025-04-23 14:38:00,996 [Socket Reader #10 for port 15014] INFO  ipc.Server (Server.java:run(1474)) - Starting Socket Reader #10 for port 15014
2025-04-23 14:38:00,997 [main] INFO  http.BaseHttpServer (BaseHttpServer.java:newHttpServer2BuilderForOzone(229)) - Starting Web-server for ozoneManager at: http://0.0.0.0:15015
2025-04-23 14:38:00,998 [main] INFO  http.BaseHttpServer (BaseHttpServer.java:<init>(107)) - Hadoop Security Enabled: false Ozone Security Enabled: false Ozone HTTP Security Enabled: false 
2025-04-23 14:38:00,999 [main] WARN  server.AuthenticationFilter (AuthenticationFilter.java:constructSecretProvider(240)) - Unable to initialize FileSignerSecretProvider, falling back to use random secrets. Reason: Could not read signature secret file: /home/runner/hadoop-http-auth-signature-secret
2025-04-23 14:38:01,001 [main] INFO  http.HttpServer2 (HttpServer2.java:addGlobalFilter(1041)) - Added global filter 'safety' (class=org.apache.hadoop.hdds.server.http.HttpServer2$QuotingInputFilter)
2025-04-23 14:38:01,001 [main] INFO  http.HttpServer2 (HttpServer2.java:addFilter(1017)) - Added filter static_user_filter (class=org.apache.hadoop.http.lib.StaticUserWebFilter$StaticUserFilter) to context ozoneManager
2025-04-23 14:38:01,002 [main] INFO  http.HttpServer2 (HttpServer2.java:addFilter(1025)) - Added filter static_user_filter (class=org.apache.hadoop.http.lib.StaticUserWebFilter$StaticUserFilter) to context static
2025-04-23 14:38:01,002 [main] INFO  http.HttpServer2 (HttpServer2.java:addFilter(1025)) - Added filter static_user_filter (class=org.apache.hadoop.http.lib.StaticUserWebFilter$StaticUserFilter) to context logs
2025-04-23 14:38:01,002 [main] INFO  http.BaseHttpServer (BaseHttpServer.java:<init>(195)) - HTTP server of ozoneManager uses base directory /home/runner/work/ozone/ozone/hadoop-ozone/integration-test/target/test-dir/MiniOzoneClusterImpl-68853c07-42d2-4ef8-9e75-e3a852294e6a/omNode-3/webserver
2025-04-23 14:38:01,002 [main] INFO  http.HttpServer2 (HttpServer2.java:bindListener(1241)) - Jetty bound to port 15015
2025-04-23 14:38:01,002 [main] INFO  server.Server (Server.java:doStart(375)) - jetty-9.4.57.v20241219; built: 2025-01-08T21:24:30.412Z; git: df524e6b29271c2e09ba9aea83c18dc9db464a31; jvm 21.0.7+6-LTS
2025-04-23 14:38:01,004 [main] INFO  server.session (DefaultSessionIdManager.java:doStart(334)) - DefaultSessionIdManager workerName=node0
2025-04-23 14:38:01,004 [main] INFO  server.session (DefaultSessionIdManager.java:doStart(339)) - No SessionScavenger set, using defaults
2025-04-23 14:38:01,004 [main] INFO  server.session (HouseKeeper.java:startScavenging(132)) - node0 Scavenging every 660000ms
2025-04-23 14:38:01,004 [main] INFO  handler.ContextHandler (ContextHandler.java:doStart(921)) - Started o.e.j.s.ServletContextHandler@1a049d97{logs,/logs,file:///home/runner/work/ozone/ozone/hadoop-ozone/integration-test/target/log,AVAILABLE}
2025-04-23 14:38:01,004 [main] INFO  handler.ContextHandler (ContextHandler.java:doStart(921)) - Started o.e.j.s.ServletContextHandler@4b280798{static,/static,file:///home/runner/work/ozone/ozone/hadoop-ozone/integration-test/target/test-classes/webapps/static,AVAILABLE}
2025-04-23 14:38:01,008 [main] INFO  handler.ContextHandler (ContextHandler.java:doStart(921)) - Started o.e.j.w.WebAppContext@68f1d555{ozoneManager,/,file:///home/runner/work/ozone/ozone/hadoop-ozone/integration-test/target/test-classes/webapps/ozoneManager/,AVAILABLE}{file:/home/runner/work/ozone/ozone/hadoop-ozone/integration-test/target/test-classes/webapps/ozoneManager}
2025-04-23 14:38:01,008 [main] INFO  server.AbstractConnector (AbstractConnector.java:doStart(333)) - Started ServerConnector@7d5f68a2{HTTP/1.1, (http/1.1)}{0.0.0.0:15015}
2025-04-23 14:38:01,008 [main] INFO  server.Server (Server.java:doStart(415)) - Started @81287ms
2025-04-23 14:38:01,009 [main] WARN  impl.MetricsSystemImpl (MetricsSystemImpl.java:register(279)) - Sink prometheus already exists!
2025-04-23 14:38:01,009 [main] INFO  http.BaseHttpServer (BaseHttpServer.java:updateConnectorAddress(360)) - HTTP server of ozoneManager listening at http://0.0.0.0:15015
2025-04-23 14:38:01,009 [IPC Server Responder] INFO  ipc.Server (Server.java:run(1713)) - IPC Server Responder: starting
2025-04-23 14:38:01,009 [IPC Server listener on 15014] INFO  ipc.Server (Server.java:run(1553)) - IPC Server listener on 15014: starting
2025-04-23 14:38:01,011 [main] INFO  om.OzoneManager (OzoneManager.java:startTrashEmptier(2257)) - Trash Interval set to 0. Files deleted won't move to trash
2025-04-23 14:38:01,012 [main] INFO  om.OzoneManager (OzoneManager.java:restart(1878)) - OzoneManager RPC server is listening at localhost/127.0.0.1:15006
2025-04-23 14:38:01,012 [main] INFO  impl.MetricsSystemImpl (MetricsSystemImpl.java:init(158)) - OzoneManager metrics system started (again)
2025-04-23 14:38:01,028 [main] WARN  server.ServerUtils (ServerUtils.java:getDBPath(297)) - ozone.om.db.dirs is not configured. We recommend adding this setting. Falling back to ozone.metadata.dirs instead.
2025-04-23 14:38:01,073 [main] INFO  om.OzoneManager (OzoneManager.java:instantiateServices(933)) - S3 Multi-Tenancy is disabled
2025-04-23 14:38:01,073 [main] INFO  om.OmSnapshotManager (OmSnapshotManager.java:<init>(180)) - Ozone filesystem snapshot feature is enabled.
2025-04-23 14:38:01,074 [main] WARN  server.ServerUtils (ServerUtils.java:getDBPath(297)) - ozone.om.snapshot.diff.db.dir is not configured. We recommend adding this setting. Falling back to ozone.metadata.dirs instead.
2025-04-23 14:38:01,099 [main] WARN  dropwizard3.Dm3MetricRegistriesImpl (Dm3MetricRegistriesImpl.java:addReporterRegistration(114)) - New reporters are added after registries were created. Some metrics will be missing from the reporter. Please add reporter before adding any new registry.
2025-04-23 14:38:01,099 [main] WARN  dropwizard3.Dm3MetricRegistriesImpl (Dm3MetricRegistriesImpl.java:addReporterRegistration(114)) - New reporters are added after registries were created. Some metrics will be missing from the reporter. Please add reporter before adding any new registry.
2025-04-23 14:38:01,099 [main] WARN  server.ServerUtils (ServerUtils.java:getDefaultRatisDirectory(309)) - Storage directory for Ratis is not configured. It is a good idea to map this to an SSD disk. Falling back to ozone.metadata.dirs
2025-04-23 14:38:01,100 [main] INFO  server.RaftServerConfigKeys (ConfUtils.java:logGet(46)) - raft.server.log.appender.buffer.byte-limit = 4194304 (custom)
2025-04-23 14:38:01,100 [main] INFO  ratis.OzoneManagerRatisServer (OzoneManagerRatisServer.java:<init>(167)) - Instantiating OM Ratis server with groupID: om-service-test1 and peers: localhost:15009, localhost:15017, localhost:15013
2025-04-23 14:38:01,100 [main] INFO  ratis.OzoneManagerStateMachine (OzoneManagerStateMachine.java:loadSnapshotInfoFromDB(611)) - LastAppliedIndex is set from TransactionInfo from OM DB as (t:7, i:76)
2025-04-23 14:38:01,101 [main] INFO  server.RaftServer (ConfUtils.java:logGet(46)) - raft.rpc.type = GRPC (default)
2025-04-23 14:38:01,101 [main] INFO  grpc.GrpcConfigKeys (ConfUtils.java:logFallback(53)) - raft.grpc.admin.host = null (fallback to raft.grpc.server.host)
2025-04-23 14:38:01,101 [main] INFO  grpc.GrpcConfigKeys (ConfUtils.java:logFallback(53)) - raft.grpc.admin.port = 15009 (fallback to raft.grpc.server.port)
2025-04-23 14:38:01,101 [main] INFO  grpc.GrpcConfigKeys (ConfUtils.java:logFallback(53)) - raft.grpc.client.host = null (fallback to raft.grpc.server.host)
2025-04-23 14:38:01,101 [main] INFO  grpc.GrpcConfigKeys (ConfUtils.java:logFallback(53)) - raft.grpc.client.port = 15009 (fallback to raft.grpc.server.port)
2025-04-23 14:38:01,101 [main] INFO  grpc.GrpcConfigKeys (ConfUtils.java:logGet(46)) - raft.grpc.server.host = null (default)
2025-04-23 14:38:01,101 [main] INFO  grpc.GrpcConfigKeys (ConfUtils.java:logGet(46)) - raft.grpc.server.port = 15009 (custom)
2025-04-23 14:38:01,101 [main] INFO  server.GrpcService (ConfUtils.java:logGet(46)) - raft.grpc.message.size.max = 5242880 (custom)
2025-04-23 14:38:01,101 [main] INFO  server.GrpcService (ConfUtils.java:logGet(46)) - raft.grpc.flow.control.window = 1MB (=1048576) (default)
2025-04-23 14:38:01,102 [main] INFO  server.RaftServerConfigKeys (ConfUtils.java:logGet(46)) - raft.server.rpc.request.timeout = 3000ms (default)
2025-04-23 14:38:01,102 [main] INFO  grpc.GrpcConfigKeys (ConfUtils.java:logGet(46)) - raft.grpc.server.heartbeat.channel = true (default)
2025-04-23 14:38:01,102 [main] INFO  server.RaftServerConfigKeys (ConfUtils.java:logGet(46)) - raft.server.log.appender.buffer.byte-limit = 4194304 (custom)
2025-04-23 14:38:01,102 [main] INFO  grpc.GrpcConfigKeys (ConfUtils.java:logGet(46)) - raft.grpc.server.async.request.thread.pool.cached = true (default)
2025-04-23 14:38:01,102 [main] INFO  grpc.GrpcConfigKeys (ConfUtils.java:logGet(46)) - raft.grpc.server.async.request.thread.pool.size = 32 (default)
2025-04-23 14:38:01,102 [main] INFO  impl.DataStreamServerImpl (ConfUtils.java:logGet(46)) - raft.datastream.type = DISABLED (default)
2025-04-23 14:38:01,103 [main] INFO  server.RaftServerConfigKeys (ConfUtils.java:logGet(46)) - raft.server.sleep.deviation.threshold = 300ms (default)
2025-04-23 14:38:01,103 [main] INFO  server.RaftServerConfigKeys (ConfUtils.java:logGet(46)) - raft.server.close.threshold = 60s (default)
2025-04-23 14:38:01,103 [main] INFO  server.RaftServerConfigKeys (ConfUtils.java:logGet(46)) - raft.server.leaderelection.leader.step-down.wait-time = 10s (default)
2025-04-23 14:38:01,103 [main] INFO  server.RaftServerConfigKeys (ConfUtils.java:logGet(46)) - raft.server.storage.dir = [/home/runner/work/ozone/ozone/hadoop-ozone/integration-test/target/test-dir/MiniOzoneClusterImpl-68853c07-42d2-4ef8-9e75-e3a852294e6a/omNode-1/ratis] (custom)
2025-04-23 14:38:01,103 [main] INFO  server.RaftServerConfigKeys (ConfUtils.java:logGet(46)) - raft.server.threadpool.proxy.cached = true (default)
2025-04-23 14:38:01,103 [main] INFO  server.RaftServerConfigKeys (ConfUtils.java:logGet(46)) - raft.server.threadpool.proxy.size = 0 (default)
2025-04-23 14:38:01,103 [omNode-1-impl-thread1] INFO  server.RaftServer (RaftServerProxy.java:initGroupDir(265)) - omNode-1: found a subdirectory /home/runner/work/ozone/ozone/hadoop-ozone/integration-test/target/test-dir/MiniOzoneClusterImpl-68853c07-42d2-4ef8-9e75-e3a852294e6a/omNode-1/ratis/c9bc4cf4-3bc3-3c60-a66b-523986131536
2025-04-23 14:38:01,104 [main] INFO  server.RaftServer (RaftServerProxy.java:addNew(100)) - omNode-1: addNew group-523986131536:[omNode-3|localhost:15017, omNode-1|localhost:15009, omNode-2|localhost:15013] returns group-523986131536:java.util.concurrent.CompletableFuture@157d0efe[Not completed]
2025-04-23 14:38:01,104 [main] INFO  om.OzoneManager (OzoneManager.java:initializeRatisServer(2303)) - OzoneManager Ratis server initialized at port 15009
2025-04-23 14:38:01,104 [main] INFO  ratis.OzoneManagerRatisServer (OzoneManagerRatisServer.java:start(628)) - Starting OzoneManagerRatisServer omNode-1 at port 15009
2025-04-23 14:38:01,104 [omNode-1-groupManagement] INFO  server.RaftServer$Division (RaftServerImpl.java:<init>(255)) - omNode-1: new RaftServerImpl for group-523986131536:[omNode-3|localhost:15017, omNode-1|localhost:15009, omNode-2|localhost:15013] with OzoneManagerStateMachine:uninitialized
2025-04-23 14:38:01,104 [omNode-1-groupManagement] INFO  server.RaftServerConfigKeys (ConfUtils.java:logGet(46)) - raft.server.rpc.timeout.min = 1s (custom)
2025-04-23 14:38:01,104 [omNode-1-groupManagement] INFO  server.RaftServerConfigKeys (ConfUtils.java:logGet(46)) - raft.server.rpc.timeout.max = 1200ms (custom)
2025-04-23 14:38:01,104 [omNode-1-groupManagement] INFO  server.RaftServerConfigKeys (ConfUtils.java:logGet(46)) - raft.server.rpc.sleep.time = 25ms (default)
2025-04-23 14:38:01,104 [omNode-1-groupManagement] INFO  server.RaftServerConfigKeys (ConfUtils.java:logGet(46)) - raft.server.rpc.slowness.timeout = 2s (custom)
2025-04-23 14:38:01,104 [omNode-1-groupManagement] INFO  server.RaftServerConfigKeys (ConfUtils.java:logGet(46)) - raft.server.leaderelection.leader.step-down.wait-time = 10s (default)
2025-04-23 14:38:01,104 [omNode-1-groupManagement] INFO  server.RaftServerConfigKeys (ConfUtils.java:logGet(46)) - raft.server.leaderelection.member.majority-add = false (default)
2025-04-23 14:38:01,104 [omNode-1-groupManagement] INFO  server.RaftServerConfigKeys (ConfUtils.java:logGet(46)) - raft.server.sleep.deviation.threshold = 300ms (default)
2025-04-23 14:38:01,104 [omNode-1-groupManagement] INFO  server.RaftServer$Division (ServerState.java:<init>(114)) - omNode-1@group-523986131536: ConfigurationManager, init=conf: {index: -1, cur=peers:[omNode-3|localhost:15017, omNode-1|localhost:15009, omNode-2|localhost:15013]|listeners:[], old=null}, confs=<EMPTY_MAP>
2025-04-23 14:38:01,104 [omNode-1-groupManagement] INFO  server.RaftServerConfigKeys (ConfUtils.java:logGet(46)) - raft.server.notification.no-leader.timeout = 2s (custom)
2025-04-23 14:38:01,104 [omNode-1-groupManagement] INFO  server.RaftServerConfigKeys (ConfUtils.java:logGet(46)) - raft.server.read.timeout = 10s (default)
2025-04-23 14:38:01,104 [omNode-1-groupManagement] INFO  server.RaftServerConfigKeys (ConfUtils.java:logGet(46)) - raft.server.retrycache.expirytime = 30000ms (custom)
2025-04-23 14:38:01,104 [omNode-1-groupManagement] INFO  server.RaftServerConfigKeys (ConfUtils.java:logGet(46)) - raft.server.retrycache.statistics.expirytime = 100ms (default)
2025-04-23 14:38:01,104 [omNode-1-groupManagement] INFO  server.RaftServerConfigKeys (ConfUtils.java:logGet(46)) - raft.server.read.option = DEFAULT (default)
2025-04-23 14:38:01,104 [omNode-1-groupManagement] INFO  server.RaftServerConfigKeys (ConfUtils.java:logGet(46)) - raft.server.read.read-after-write-consistent.write-index-cache.expiry-time = 60s (default)
2025-04-23 14:38:01,106 [omNode-1-groupManagement] INFO  server.RaftServerConfigKeys (ConfUtils.java:logGet(46)) - raft.server.rpc.request.timeout = 3000ms (default)
2025-04-23 14:38:01,106 [omNode-1-groupManagement] INFO  server.RaftServerConfigKeys (ConfUtils.java:logGet(46)) - raft.server.log.appender.install.snapshot.enabled = false (custom)
2025-04-23 14:38:01,106 [omNode-1-groupManagement] INFO  server.RaftServerConfigKeys (ConfUtils.java:logGet(46)) - raft.server.threadpool.server.cached = true (default)
2025-04-23 14:38:01,106 [omNode-1-groupManagement] INFO  server.RaftServerConfigKeys (ConfUtils.java:logGet(46)) - raft.server.threadpool.server.size = 0 (default)
2025-04-23 14:38:01,106 [omNode-1-groupManagement] INFO  server.RaftServerConfigKeys (ConfUtils.java:logGet(46)) - raft.server.threadpool.client.cached = true (default)
2025-04-23 14:38:01,106 [omNode-1-groupManagement] INFO  server.RaftServerConfigKeys (ConfUtils.java:logGet(46)) - raft.server.threadpool.client.size = 0 (default)
2025-04-23 14:38:01,106 [omNode-1-impl-thread1] INFO  server.RaftServerConfigKeys (ConfUtils.java:logGet(46)) - raft.server.storage.free-space.min = 0MB (=0) (default)
2025-04-23 14:38:01,106 [omNode-1-impl-thread1] INFO  server.RaftServerConfigKeys (ConfUtils.java:logGet(46)) - raft.server.log.corruption.policy = EXCEPTION (default)
2025-04-23 14:38:01,106 [omNode-1-impl-thread1] INFO  server.RaftServerConfigKeys (ConfUtils.java:logGet(46)) - raft.server.storage.dir = [/home/runner/work/ozone/ozone/hadoop-ozone/integration-test/target/test-dir/MiniOzoneClusterImpl-68853c07-42d2-4ef8-9e75-e3a852294e6a/omNode-1/ratis] (custom)
2025-04-23 14:38:01,107 [omNode-1-impl-thread1] INFO  storage.RaftStorageDirectory (RaftStorageDirectoryImpl.java:tryLock(229)) - Lock on /home/runner/work/ozone/ozone/hadoop-ozone/integration-test/target/test-dir/MiniOzoneClusterImpl-68853c07-42d2-4ef8-9e75-e3a852294e6a/omNode-1/ratis/c9bc4cf4-3bc3-3c60-a66b-523986131536/in_use.lock acquired by nodename 129558@fv-az1120-822
2025-04-23 14:38:01,107 [omNode-1-impl-thread1] INFO  storage.RaftStorage (RaftStorageImpl.java:analyzeAndRecoverStorage(118)) - Read RaftStorageMetadata{term=7, votedFor=omNode-1} from /home/runner/work/ozone/ozone/hadoop-ozone/integration-test/target/test-dir/MiniOzoneClusterImpl-68853c07-42d2-4ef8-9e75-e3a852294e6a/omNode-1/ratis/c9bc4cf4-3bc3-3c60-a66b-523986131536/current/raft-meta
2025-04-23 14:38:01,107 [omNode-1-impl-thread1] INFO  server.RaftServer$Division (ServerState.java:setRaftConf(386)) - omNode-1@group-523986131536: set configuration conf: {index: 73, cur=peers:[omNode-3|localhost:15017, omNode-1|localhost:15009, omNode-2|localhost:15013]|listeners:[], old=null}
2025-04-23 14:38:01,107 [omNode-1-impl-thread1] INFO  ratis.OzoneManagerStateMachine (OzoneManagerStateMachine.java:lambda$0(138)) - omNode-1: initialize group-523986131536 with (t:7, i:76)
2025-04-23 14:38:01,107 [omNode-1-impl-thread1] INFO  server.RaftServerConfigKeys (ConfUtils.java:logGet(46)) - raft.server.log.use.memory = false (default)
2025-04-23 14:38:01,107 [omNode-1-impl-thread1] INFO  server.RaftServerConfigKeys (ConfUtils.java:logGet(46)) - raft.server.log.purge.gap = 50 (custom)
2025-04-23 14:38:01,108 [omNode-1-impl-thread1] INFO  server.RaftServerConfigKeys (ConfUtils.java:logGet(46)) - raft.server.log.appender.buffer.byte-limit = 4194304 (custom)
2025-04-23 14:38:01,108 [omNode-1-impl-thread1] INFO  server.RaftServerConfigKeys (ConfUtils.java:logGet(46)) - raft.server.log.statemachine.data.read.timeout = 1000ms (default)
2025-04-23 14:38:01,108 [omNode-1-impl-thread1] INFO  server.RaftServerConfigKeys (ConfUtils.java:logGet(46)) - raft.server.log.purge.preservation.log.num = 0 (default)
2025-04-23 14:38:01,108 [omNode-1-impl-thread1] INFO  server.RaftServerConfigKeys (ConfUtils.java:logGet(46)) - raft.server.log.segment.size.max = 4194304 (custom)
2025-04-23 14:38:01,108 [omNode-1-impl-thread1] INFO  server.RaftServerConfigKeys (ConfUtils.java:logGet(46)) - raft.server.log.segment.cache.num.max = 2 (custom)
2025-04-23 14:38:01,108 [omNode-1-impl-thread1] INFO  server.RaftServerConfigKeys (ConfUtils.java:logGet(46)) - raft.server.log.segment.cache.size.max = 200MB (=209715200) (default)
2025-04-23 14:38:01,108 [omNode-1-impl-thread1] INFO  server.RaftServerConfigKeys (ConfUtils.java:logGet(46)) - raft.server.log.appender.buffer.byte-limit = 4194304 (custom)
2025-04-23 14:38:01,109 [omNode-1-impl-thread1] INFO  util.AwaitToRun (AwaitToRun.java:start(81)) - Thread[#3323,omNode-1@group-523986131536-cacheEviction-AwaitToRun,5,main] started
2025-04-23 14:38:01,109 [omNode-1-impl-thread1] INFO  segmented.SegmentedRaftLogWorker (SegmentedRaftLogWorker.java:<init>(188)) - new omNode-1@group-523986131536-SegmentedRaftLogWorker for RaftStorageImpl:Storage Directory /home/runner/work/ozone/ozone/hadoop-ozone/integration-test/target/test-dir/MiniOzoneClusterImpl-68853c07-42d2-4ef8-9e75-e3a852294e6a/omNode-1/ratis/c9bc4cf4-3bc3-3c60-a66b-523986131536
2025-04-23 14:38:01,109 [omNode-1-impl-thread1] INFO  server.RaftServerConfigKeys (ConfUtils.java:logGet(46)) - raft.server.log.queue.byte-limit = 64MB (=67108864) (default)
2025-04-23 14:38:01,109 [omNode-1-impl-thread1] INFO  server.RaftServerConfigKeys (ConfUtils.java:logGet(46)) - raft.server.log.queue.element-limit = 4096 (default)
2025-04-23 14:38:01,109 [omNode-1-impl-thread1] INFO  server.RaftServerConfigKeys (ConfUtils.java:logGet(46)) - raft.server.log.segment.size.max = 4194304 (custom)
2025-04-23 14:38:01,109 [omNode-1-impl-thread1] INFO  server.RaftServerConfigKeys (ConfUtils.java:logGet(46)) - raft.server.log.preallocated.size = 4194304 (custom)
2025-04-23 14:38:01,109 [omNode-1-impl-thread1] INFO  server.RaftServerConfigKeys (ConfUtils.java:logGet(46)) - raft.server.log.force.sync.num = 128 (default)
2025-04-23 14:38:01,109 [omNode-1-impl-thread1] INFO  server.RaftServerConfigKeys (ConfUtils.java:logGet(46)) - raft.server.log.statemachine.data.sync = true (default)
2025-04-23 14:38:01,109 [omNode-1-impl-thread1] INFO  server.RaftServerConfigKeys (ConfUtils.java:logGet(46)) - raft.server.log.statemachine.data.sync.timeout = 10s (default)
2025-04-23 14:38:01,109 [omNode-1-impl-thread1] INFO  server.RaftServerConfigKeys (ConfUtils.java:logGet(46)) - raft.server.log.statemachine.data.sync.timeout.retry = -1 (default)
2025-04-23 14:38:01,109 [omNode-1-impl-thread1] INFO  server.RaftServerConfigKeys (ConfUtils.java:logGet(46)) - raft.server.log.write.buffer.size = 4194312 (custom)
2025-04-23 14:38:01,109 [omNode-1-impl-thread1] INFO  server.RaftServerConfigKeys (ConfUtils.java:logGet(46)) - raft.server.log.appender.buffer.byte-limit = 4194304 (custom)
2025-04-23 14:38:01,109 [omNode-1-impl-thread1] INFO  server.RaftServerConfigKeys (ConfUtils.java:logGet(46)) - raft.server.log.unsafe-flush.enabled = false (default)
2025-04-23 14:38:01,109 [omNode-1-impl-thread1] INFO  server.RaftServerConfigKeys (ConfUtils.java:logGet(46)) - raft.server.log.async-flush.enabled = false (default)
2025-04-23 14:38:01,109 [omNode-1-impl-thread1] INFO  server.RaftServerConfigKeys (ConfUtils.java:logGet(46)) - raft.server.log.statemachine.data.caching.enabled = false (default)
2025-04-23 14:38:01,110 [omNode-1-impl-thread1] INFO  server.RaftServer$Division (ServerState.java:setRaftConf(386)) - omNode-1@group-523986131536: set configuration conf: {index: 35, cur=peers:[omNode-3|localhost:15017, omNode-1|localhost:15009, omNode-2|localhost:15013]|listeners:[], old=null}
2025-04-23 14:38:01,110 [omNode-1-impl-thread1] INFO  segmented.LogSegment (LogSegment.java:loadSegment(171)) - Successfully read 34 entries from segment file /home/runner/work/ozone/ozone/hadoop-ozone/integration-test/target/test-dir/MiniOzoneClusterImpl-68853c07-42d2-4ef8-9e75-e3a852294e6a/omNode-1/ratis/c9bc4cf4-3bc3-3c60-a66b-523986131536/current/log_35-68
2025-04-23 14:38:01,110 [omNode-1-impl-thread1] INFO  server.RaftServer$Division (ServerState.java:setRaftConf(386)) - omNode-1@group-523986131536: set configuration conf: {index: 69, cur=peers:[omNode-3|localhost:15017, omNode-1|localhost:15009, omNode-2|localhost:15013]|listeners:[], old=null}
2025-04-23 14:38:01,110 [omNode-1-impl-thread1] INFO  segmented.LogSegment (LogSegment.java:loadSegment(171)) - Successfully read 4 entries from segment file /home/runner/work/ozone/ozone/hadoop-ozone/integration-test/target/test-dir/MiniOzoneClusterImpl-68853c07-42d2-4ef8-9e75-e3a852294e6a/omNode-1/ratis/c9bc4cf4-3bc3-3c60-a66b-523986131536/current/log_69-72
2025-04-23 14:38:01,111 [omNode-1-impl-thread1] INFO  server.RaftServer$Division (ServerState.java:setRaftConf(386)) - omNode-1@group-523986131536: set configuration conf: {index: 73, cur=peers:[omNode-3|localhost:15017, omNode-1|localhost:15009, omNode-2|localhost:15013]|listeners:[], old=null}
2025-04-23 14:38:01,111 [omNode-1-impl-thread1] INFO  segmented.LogSegment (LogSegment.java:loadSegment(171)) - Successfully read 4 entries from segment file /home/runner/work/ozone/ozone/hadoop-ozone/integration-test/target/test-dir/MiniOzoneClusterImpl-68853c07-42d2-4ef8-9e75-e3a852294e6a/omNode-1/ratis/c9bc4cf4-3bc3-3c60-a66b-523986131536/current/log_inprogress_73
2025-04-23 14:38:01,111 [omNode-1-impl-thread1] INFO  segmented.SegmentedRaftLogWorker (SegmentedRaftLogWorker.java:lambda$new$0(139)) - omNode-1@group-523986131536-SegmentedRaftLogWorker: flushIndex: setUnconditionally 0 -> 76
2025-04-23 14:38:01,111 [omNode-1-impl-thread1] INFO  segmented.SegmentedRaftLogWorker (SegmentedRaftLogWorker.java:lambda$new$0(139)) - omNode-1@group-523986131536-SegmentedRaftLogWorker: safeCacheEvictIndex: setUnconditionally 0 -> 72
2025-04-23 14:38:01,111 [omNode-1-impl-thread1] INFO  segmented.BufferedWriteChannel (BufferedWriteChannel.java:open(61)) - open log_inprogress_73 (append) at position 318
2025-04-23 14:38:01,111 [omNode-1-impl-thread1] INFO  raftlog.RaftLog (RaftLogBase.java:lambda$new$0(54)) - omNode-1@group-523986131536-SegmentedRaftLog: purgeIndex: updateToMax old=-1, new=34, updated? true
2025-04-23 14:38:01,111 [omNode-1-impl-thread1] INFO  server.RaftServer$Division (RaftServerImpl.java:start(391)) - omNode-1@group-523986131536: start as a follower, conf=conf: {index: 73, cur=peers:[omNode-3|localhost:15017, omNode-1|localhost:15009, omNode-2|localhost:15013]|listeners:[], old=null}
2025-04-23 14:38:01,111 [omNode-1-impl-thread1] INFO  server.RaftServer$Division (RaftServerImpl.java:setRole(378)) - omNode-1@group-523986131536: changes role from      null to FOLLOWER at term 7 for startAsFollower
2025-04-23 14:38:01,111 [omNode-1-impl-thread1] INFO  impl.RoleInfo (RoleInfo.java:updateAndGet(148)) - omNode-1: start omNode-1@group-523986131536-FollowerState
2025-04-23 14:38:01,112 [omNode-1@group-523986131536-FollowerState] INFO  server.RaftServerConfigKeys (ConfUtils.java:logFallback(53)) - raft.server.rpc.first-election.timeout.min = 1s (fallback to raft.server.rpc.timeout.min)
2025-04-23 14:38:01,112 [omNode-1@group-523986131536-FollowerState] INFO  server.RaftServerConfigKeys (ConfUtils.java:logFallback(53)) - raft.server.rpc.first-election.timeout.max = 1200ms (fallback to raft.server.rpc.timeout.max)
2025-04-23 14:38:01,112 [omNode-1-impl-thread1] INFO  util.JmxRegister (JmxRegister.java:tryRegister(44)) - Successfully registered JMX Bean with object name Ratis:service=RaftServer,group=group-523986131536,id=omNode-1
2025-04-23 14:38:01,112 [omNode-1-impl-thread1] INFO  util.JmxRegister (JmxRegister.java:register(58)) - register mxBean class org.apache.ratis.server.impl.RaftServerJmxAdapter as Ratis:service=RaftServer,group=group-523986131536,id=omNode-1
2025-04-23 14:38:01,112 [omNode-1-impl-thread1] INFO  server.RaftServerConfigKeys (ConfUtils.java:logGet(46)) - raft.server.snapshot.trigger-when-stop.enabled = true (default)
2025-04-23 14:38:01,112 [omNode-1-impl-thread1] INFO  server.RaftServerConfigKeys (ConfUtils.java:logGet(46)) - raft.server.snapshot.trigger-when-remove.enabled = true (default)
2025-04-23 14:38:01,112 [omNode-1-impl-thread1] INFO  server.RaftServerConfigKeys (ConfUtils.java:logGet(46)) - raft.server.snapshot.auto.trigger.enabled = true (custom)
2025-04-23 14:38:01,112 [omNode-1-impl-thread1] INFO  server.RaftServerConfigKeys (ConfUtils.java:logGet(46)) - raft.server.snapshot.auto.trigger.threshold = 50 (custom)
2025-04-23 14:38:01,112 [omNode-1-impl-thread1] INFO  server.RaftServerConfigKeys (ConfUtils.java:logGet(46)) - raft.server.snapshot.retention.file.num = -1 (default)
2025-04-23 14:38:01,112 [omNode-1-impl-thread1] INFO  server.RaftServerConfigKeys (ConfUtils.java:logGet(46)) - raft.server.log.purge.upto.snapshot.index = true (custom)
2025-04-23 14:38:01,113 [omNode-1-impl-thread1] INFO  server.RaftServer$Division (RaftServerImpl.java:start(405)) - omNode-1@group-523986131536: Successfully started.
2025-04-23 14:38:01,113 [main] INFO  server.RaftServer (RaftServerProxy.java:startImpl(407)) - omNode-1: start RPC server
2025-04-23 14:38:01,113 [main] INFO  server.GrpcService (GrpcService.java:startImpl(334)) - omNode-1: GrpcService started, listening on 15009
2025-04-23 14:38:01,113 [main] INFO  om.OzoneManager (OzoneManager.java:getRpcServer(1360)) - Creating RPC Server
2025-04-23 14:38:01,113 [JvmPauseMonitor21] INFO  util.JvmPauseMonitor (JvmPauseMonitor.java:run(146)) - JvmPauseMonitor-omNode-1: Started
2025-04-23 14:38:01,416 [main] INFO  reflections.Reflections (Reflections.java:scan(219)) - Reflections took 302 ms to scan 22 urls, producing 61 keys and 7422 values
2025-04-23 14:38:01,417 [main] INFO  ipc.CallQueueManager (CallQueueManager.java:<init>(93)) - Using callQueue: class java.util.concurrent.LinkedBlockingQueue, queueCapacity: 2000, scheduler: class org.apache.hadoop.ipc.DefaultRpcScheduler, ipcBackoff: false, ipcFailOver: false.
2025-04-23 14:38:01,417 [main] INFO  ipc.Server (Server.java:<init>(1438)) - Listener at localhost:15006
2025-04-23 14:38:01,418 [Socket Reader #1 for port 15006] INFO  ipc.Server (Server.java:run(1474)) - Starting Socket Reader #1 for port 15006
2025-04-23 14:38:01,418 [Socket Reader #2 for port 15006] INFO  ipc.Server (Server.java:run(1474)) - Starting Socket Reader #2 for port 15006
2025-04-23 14:38:01,418 [Socket Reader #3 for port 15006] INFO  ipc.Server (Server.java:run(1474)) - Starting Socket Reader #3 for port 15006
2025-04-23 14:38:01,418 [Socket Reader #4 for port 15006] INFO  ipc.Server (Server.java:run(1474)) - Starting Socket Reader #4 for port 15006
2025-04-23 14:38:01,418 [Socket Reader #5 for port 15006] INFO  ipc.Server (Server.java:run(1474)) - Starting Socket Reader #5 for port 15006
2025-04-23 14:38:01,419 [Socket Reader #6 for port 15006] INFO  ipc.Server (Server.java:run(1474)) - Starting Socket Reader #6 for port 15006
2025-04-23 14:38:01,419 [Socket Reader #7 for port 15006] INFO  ipc.Server (Server.java:run(1474)) - Starting Socket Reader #7 for port 15006
2025-04-23 14:38:01,419 [Socket Reader #8 for port 15006] INFO  ipc.Server (Server.java:run(1474)) - Starting Socket Reader #8 for port 15006
2025-04-23 14:38:01,419 [Socket Reader #9 for port 15006] INFO  ipc.Server (Server.java:run(1474)) - Starting Socket Reader #9 for port 15006
2025-04-23 14:38:01,419 [Socket Reader #10 for port 15006] INFO  ipc.Server (Server.java:run(1474)) - Starting Socket Reader #10 for port 15006
2025-04-23 14:38:01,421 [main] INFO  http.BaseHttpServer (BaseHttpServer.java:newHttpServer2BuilderForOzone(229)) - Starting Web-server for ozoneManager at: http://0.0.0.0:15007
2025-04-23 14:38:01,421 [main] INFO  http.BaseHttpServer (BaseHttpServer.java:<init>(107)) - Hadoop Security Enabled: false Ozone Security Enabled: false Ozone HTTP Security Enabled: false 
2025-04-23 14:38:01,422 [main] WARN  server.AuthenticationFilter (AuthenticationFilter.java:constructSecretProvider(240)) - Unable to initialize FileSignerSecretProvider, falling back to use random secrets. Reason: Could not read signature secret file: /home/runner/hadoop-http-auth-signature-secret
2025-04-23 14:38:01,423 [main] INFO  http.HttpServer2 (HttpServer2.java:addGlobalFilter(1041)) - Added global filter 'safety' (class=org.apache.hadoop.hdds.server.http.HttpServer2$QuotingInputFilter)
2025-04-23 14:38:01,424 [main] INFO  http.HttpServer2 (HttpServer2.java:addFilter(1017)) - Added filter static_user_filter (class=org.apache.hadoop.http.lib.StaticUserWebFilter$StaticUserFilter) to context ozoneManager
2025-04-23 14:38:01,424 [main] INFO  http.HttpServer2 (HttpServer2.java:addFilter(1025)) - Added filter static_user_filter (class=org.apache.hadoop.http.lib.StaticUserWebFilter$StaticUserFilter) to context static
2025-04-23 14:38:01,424 [main] INFO  http.HttpServer2 (HttpServer2.java:addFilter(1025)) - Added filter static_user_filter (class=org.apache.hadoop.http.lib.StaticUserWebFilter$StaticUserFilter) to context logs
2025-04-23 14:38:01,425 [main] INFO  http.BaseHttpServer (BaseHttpServer.java:<init>(195)) - HTTP server of ozoneManager uses base directory /home/runner/work/ozone/ozone/hadoop-ozone/integration-test/target/test-dir/MiniOzoneClusterImpl-68853c07-42d2-4ef8-9e75-e3a852294e6a/omNode-1/webserver
2025-04-23 14:38:01,425 [main] INFO  http.HttpServer2 (HttpServer2.java:bindListener(1241)) - Jetty bound to port 15007
2025-04-23 14:38:01,425 [main] INFO  server.Server (Server.java:doStart(375)) - jetty-9.4.57.v20241219; built: 2025-01-08T21:24:30.412Z; git: df524e6b29271c2e09ba9aea83c18dc9db464a31; jvm 21.0.7+6-LTS
2025-04-23 14:38:01,426 [main] INFO  server.session (DefaultSessionIdManager.java:doStart(334)) - DefaultSessionIdManager workerName=node0
2025-04-23 14:38:01,426 [main] INFO  server.session (DefaultSessionIdManager.java:doStart(339)) - No SessionScavenger set, using defaults
2025-04-23 14:38:01,426 [main] INFO  server.session (HouseKeeper.java:startScavenging(132)) - node0 Scavenging every 660000ms
2025-04-23 14:38:01,427 [main] INFO  handler.ContextHandler (ContextHandler.java:doStart(921)) - Started o.e.j.s.ServletContextHandler@1386848d{logs,/logs,file:///home/runner/work/ozone/ozone/hadoop-ozone/integration-test/target/log,AVAILABLE}
2025-04-23 14:38:01,427 [main] INFO  handler.ContextHandler (ContextHandler.java:doStart(921)) - Started o.e.j.s.ServletContextHandler@2e58f97{static,/static,file:///home/runner/work/ozone/ozone/hadoop-ozone/integration-test/target/test-classes/webapps/static,AVAILABLE}
2025-04-23 14:38:01,431 [main] INFO  handler.ContextHandler (ContextHandler.java:doStart(921)) - Started o.e.j.w.WebAppContext@8ab9d87{ozoneManager,/,file:///home/runner/work/ozone/ozone/hadoop-ozone/integration-test/target/test-classes/webapps/ozoneManager/,AVAILABLE}{file:/home/runner/work/ozone/ozone/hadoop-ozone/integration-test/target/test-classes/webapps/ozoneManager}
2025-04-23 14:38:01,432 [main] INFO  server.AbstractConnector (AbstractConnector.java:doStart(333)) - Started ServerConnector@20a5a4f9{HTTP/1.1, (http/1.1)}{0.0.0.0:15007}
2025-04-23 14:38:01,432 [main] INFO  server.Server (Server.java:doStart(415)) - Started @81711ms
2025-04-23 14:38:01,432 [main] WARN  impl.MetricsSystemImpl (MetricsSystemImpl.java:register(279)) - Sink prometheus already exists!
2025-04-23 14:38:01,432 [main] INFO  http.BaseHttpServer (BaseHttpServer.java:updateConnectorAddress(360)) - HTTP server of ozoneManager listening at http://0.0.0.0:15007
2025-04-23 14:38:01,432 [IPC Server Responder] INFO  ipc.Server (Server.java:run(1713)) - IPC Server Responder: starting
2025-04-23 14:38:01,432 [IPC Server listener on 15006] INFO  ipc.Server (Server.java:run(1553)) - IPC Server listener on 15006: starting
2025-04-23 14:38:01,434 [main] INFO  om.OzoneManager (OzoneManager.java:startTrashEmptier(2257)) - Trash Interval set to 0. Files deleted won't move to trash
2025-04-23 14:38:01,435 [main] INFO  om.OzoneManager (OzoneManager.java:restart(1878)) - OzoneManager RPC server is listening at localhost/127.0.0.1:15010
2025-04-23 14:38:01,435 [main] INFO  impl.MetricsSystemImpl (MetricsSystemImpl.java:init(158)) - OzoneManager metrics system started (again)
2025-04-23 14:38:01,445 [main] WARN  server.ServerUtils (ServerUtils.java:getDBPath(297)) - ozone.om.db.dirs is not configured. We recommend adding this setting. Falling back to ozone.metadata.dirs instead.
2025-04-23 14:38:01,484 [main] INFO  om.OzoneManager (OzoneManager.java:instantiateServices(933)) - S3 Multi-Tenancy is disabled
2025-04-23 14:38:01,484 [main] INFO  om.OmSnapshotManager (OmSnapshotManager.java:<init>(180)) - Ozone filesystem snapshot feature is enabled.
2025-04-23 14:38:01,484 [main] WARN  server.ServerUtils (ServerUtils.java:getDBPath(297)) - ozone.om.snapshot.diff.db.dir is not configured. We recommend adding this setting. Falling back to ozone.metadata.dirs instead.
2025-04-23 14:38:01,498 [main] WARN  dropwizard3.Dm3MetricRegistriesImpl (Dm3MetricRegistriesImpl.java:addReporterRegistration(114)) - New reporters are added after registries were created. Some metrics will be missing from the reporter. Please add reporter before adding any new registry.
2025-04-23 14:38:01,498 [main] WARN  dropwizard3.Dm3MetricRegistriesImpl (Dm3MetricRegistriesImpl.java:addReporterRegistration(114)) - New reporters are added after registries were created. Some metrics will be missing from the reporter. Please add reporter before adding any new registry.
2025-04-23 14:38:01,498 [main] WARN  server.ServerUtils (ServerUtils.java:getDefaultRatisDirectory(309)) - Storage directory for Ratis is not configured. It is a good idea to map this to an SSD disk. Falling back to ozone.metadata.dirs
2025-04-23 14:38:01,499 [main] INFO  server.RaftServerConfigKeys (ConfUtils.java:logGet(46)) - raft.server.log.appender.buffer.byte-limit = 4194304 (custom)
2025-04-23 14:38:01,500 [main] INFO  ratis.OzoneManagerRatisServer (OzoneManagerRatisServer.java:<init>(167)) - Instantiating OM Ratis server with groupID: om-service-test1 and peers: localhost:15013, localhost:15017, localhost:15009
2025-04-23 14:38:01,500 [main] INFO  ratis.OzoneManagerStateMachine (OzoneManagerStateMachine.java:loadSnapshotInfoFromDB(611)) - LastAppliedIndex is set from TransactionInfo from OM DB as (t:7, i:76)
2025-04-23 14:38:01,500 [main] INFO  server.RaftServer (ConfUtils.java:logGet(46)) - raft.rpc.type = GRPC (default)
2025-04-23 14:38:01,501 [main] INFO  grpc.GrpcConfigKeys (ConfUtils.java:logFallback(53)) - raft.grpc.admin.host = null (fallback to raft.grpc.server.host)
2025-04-23 14:38:01,501 [main] INFO  grpc.GrpcConfigKeys (ConfUtils.java:logFallback(53)) - raft.grpc.admin.port = 15013 (fallback to raft.grpc.server.port)
2025-04-23 14:38:01,501 [main] INFO  grpc.GrpcConfigKeys (ConfUtils.java:logFallback(53)) - raft.grpc.client.host = null (fallback to raft.grpc.server.host)
2025-04-23 14:38:01,501 [main] INFO  grpc.GrpcConfigKeys (ConfUtils.java:logFallback(53)) - raft.grpc.client.port = 15013 (fallback to raft.grpc.server.port)
2025-04-23 14:38:01,501 [main] INFO  grpc.GrpcConfigKeys (ConfUtils.java:logGet(46)) - raft.grpc.server.host = null (default)
2025-04-23 14:38:01,501 [main] INFO  grpc.GrpcConfigKeys (ConfUtils.java:logGet(46)) - raft.grpc.server.port = 15013 (custom)
2025-04-23 14:38:01,501 [main] INFO  server.GrpcService (ConfUtils.java:logGet(46)) - raft.grpc.message.size.max = 5242880 (custom)
2025-04-23 14:38:01,501 [main] INFO  server.GrpcService (ConfUtils.java:logGet(46)) - raft.grpc.flow.control.window = 1MB (=1048576) (default)
2025-04-23 14:38:01,501 [main] INFO  server.RaftServerConfigKeys (ConfUtils.java:logGet(46)) - raft.server.rpc.request.timeout = 3000ms (default)
2025-04-23 14:38:01,501 [main] INFO  grpc.GrpcConfigKeys (ConfUtils.java:logGet(46)) - raft.grpc.server.heartbeat.channel = true (default)
2025-04-23 14:38:01,502 [main] INFO  server.RaftServerConfigKeys (ConfUtils.java:logGet(46)) - raft.server.log.appender.buffer.byte-limit = 4194304 (custom)
2025-04-23 14:38:01,502 [main] INFO  grpc.GrpcConfigKeys (ConfUtils.java:logGet(46)) - raft.grpc.server.async.request.thread.pool.cached = true (default)
2025-04-23 14:38:01,502 [main] INFO  grpc.GrpcConfigKeys (ConfUtils.java:logGet(46)) - raft.grpc.server.async.request.thread.pool.size = 32 (default)
2025-04-23 14:38:01,503 [main] INFO  impl.DataStreamServerImpl (ConfUtils.java:logGet(46)) - raft.datastream.type = DISABLED (default)
2025-04-23 14:38:01,503 [main] INFO  server.RaftServerConfigKeys (ConfUtils.java:logGet(46)) - raft.server.sleep.deviation.threshold = 300ms (default)
2025-04-23 14:38:01,503 [main] INFO  server.RaftServerConfigKeys (ConfUtils.java:logGet(46)) - raft.server.close.threshold = 60s (default)
2025-04-23 14:38:01,503 [main] INFO  server.RaftServerConfigKeys (ConfUtils.java:logGet(46)) - raft.server.leaderelection.leader.step-down.wait-time = 10s (default)
2025-04-23 14:38:01,503 [main] INFO  server.RaftServerConfigKeys (ConfUtils.java:logGet(46)) - raft.server.storage.dir = [/home/runner/work/ozone/ozone/hadoop-ozone/integration-test/target/test-dir/MiniOzoneClusterImpl-68853c07-42d2-4ef8-9e75-e3a852294e6a/omNode-2/ratis] (custom)
2025-04-23 14:38:01,503 [main] INFO  server.RaftServerConfigKeys (ConfUtils.java:logGet(46)) - raft.server.threadpool.proxy.cached = true (default)
2025-04-23 14:38:01,503 [main] INFO  server.RaftServerConfigKeys (ConfUtils.java:logGet(46)) - raft.server.threadpool.proxy.size = 0 (default)
2025-04-23 14:38:01,504 [omNode-2-impl-thread1] INFO  server.RaftServer (RaftServerProxy.java:initGroupDir(265)) - omNode-2: found a subdirectory /home/runner/work/ozone/ozone/hadoop-ozone/integration-test/target/test-dir/MiniOzoneClusterImpl-68853c07-42d2-4ef8-9e75-e3a852294e6a/omNode-2/ratis/c9bc4cf4-3bc3-3c60-a66b-523986131536
2025-04-23 14:38:01,504 [main] INFO  server.RaftServer (RaftServerProxy.java:addNew(100)) - omNode-2: addNew group-523986131536:[omNode-3|localhost:15017, omNode-1|localhost:15009, omNode-2|localhost:15013] returns group-523986131536:java.util.concurrent.CompletableFuture@76ba31[Not completed]
2025-04-23 14:38:01,504 [main] INFO  om.OzoneManager (OzoneManager.java:initializeRatisServer(2303)) - OzoneManager Ratis server initialized at port 15013
2025-04-23 14:38:01,504 [main] INFO  ratis.OzoneManagerRatisServer (OzoneManagerRatisServer.java:start(628)) - Starting OzoneManagerRatisServer omNode-2 at port 15013
2025-04-23 14:38:01,504 [omNode-2-groupManagement] INFO  server.RaftServer$Division (RaftServerImpl.java:<init>(255)) - omNode-2: new RaftServerImpl for group-523986131536:[omNode-3|localhost:15017, omNode-1|localhost:15009, omNode-2|localhost:15013] with OzoneManagerStateMachine:uninitialized
2025-04-23 14:38:01,504 [omNode-2-groupManagement] INFO  server.RaftServerConfigKeys (ConfUtils.java:logGet(46)) - raft.server.rpc.timeout.min = 1s (custom)
2025-04-23 14:38:01,504 [omNode-2-groupManagement] INFO  server.RaftServerConfigKeys (ConfUtils.java:logGet(46)) - raft.server.rpc.timeout.max = 1200ms (custom)
2025-04-23 14:38:01,504 [omNode-2-groupManagement] INFO  server.RaftServerConfigKeys (ConfUtils.java:logGet(46)) - raft.server.rpc.sleep.time = 25ms (default)
2025-04-23 14:38:01,504 [omNode-2-groupManagement] INFO  server.RaftServerConfigKeys (ConfUtils.java:logGet(46)) - raft.server.rpc.slowness.timeout = 2s (custom)
2025-04-23 14:38:01,504 [omNode-2-groupManagement] INFO  server.RaftServerConfigKeys (ConfUtils.java:logGet(46)) - raft.server.leaderelection.leader.step-down.wait-time = 10s (default)
2025-04-23 14:38:01,505 [omNode-2-groupManagement] INFO  server.RaftServerConfigKeys (ConfUtils.java:logGet(46)) - raft.server.leaderelection.member.majority-add = false (default)
2025-04-23 14:38:01,505 [omNode-2-groupManagement] INFO  server.RaftServerConfigKeys (ConfUtils.java:logGet(46)) - raft.server.sleep.deviation.threshold = 300ms (default)
2025-04-23 14:38:01,505 [omNode-2-groupManagement] INFO  server.RaftServer$Division (ServerState.java:<init>(114)) - omNode-2@group-523986131536: ConfigurationManager, init=conf: {index: -1, cur=peers:[omNode-3|localhost:15017, omNode-1|localhost:15009, omNode-2|localhost:15013]|listeners:[], old=null}, confs=<EMPTY_MAP>
2025-04-23 14:38:01,505 [omNode-2-groupManagement] INFO  server.RaftServerConfigKeys (ConfUtils.java:logGet(46)) - raft.server.notification.no-leader.timeout = 2s (custom)
2025-04-23 14:38:01,505 [omNode-2-groupManagement] INFO  server.RaftServerConfigKeys (ConfUtils.java:logGet(46)) - raft.server.read.timeout = 10s (default)
2025-04-23 14:38:01,505 [omNode-2-groupManagement] INFO  server.RaftServerConfigKeys (ConfUtils.java:logGet(46)) - raft.server.retrycache.expirytime = 30000ms (custom)
2025-04-23 14:38:01,505 [omNode-2-groupManagement] INFO  server.RaftServerConfigKeys (ConfUtils.java:logGet(46)) - raft.server.retrycache.statistics.expirytime = 100ms (default)
2025-04-23 14:38:01,505 [omNode-2-groupManagement] INFO  server.RaftServerConfigKeys (ConfUtils.java:logGet(46)) - raft.server.read.option = DEFAULT (default)
2025-04-23 14:38:01,505 [omNode-2-groupManagement] INFO  server.RaftServerConfigKeys (ConfUtils.java:logGet(46)) - raft.server.read.read-after-write-consistent.write-index-cache.expiry-time = 60s (default)
2025-04-23 14:38:01,507 [omNode-2-groupManagement] INFO  server.RaftServerConfigKeys (ConfUtils.java:logGet(46)) - raft.server.rpc.request.timeout = 3000ms (default)
2025-04-23 14:38:01,507 [omNode-2-groupManagement] INFO  server.RaftServerConfigKeys (ConfUtils.java:logGet(46)) - raft.server.log.appender.install.snapshot.enabled = false (custom)
2025-04-23 14:38:01,507 [omNode-2-groupManagement] INFO  server.RaftServerConfigKeys (ConfUtils.java:logGet(46)) - raft.server.threadpool.server.cached = true (default)
2025-04-23 14:38:01,507 [omNode-2-groupManagement] INFO  server.RaftServerConfigKeys (ConfUtils.java:logGet(46)) - raft.server.threadpool.server.size = 0 (default)
2025-04-23 14:38:01,508 [omNode-2-groupManagement] INFO  server.RaftServerConfigKeys (ConfUtils.java:logGet(46)) - raft.server.threadpool.client.cached = true (default)
2025-04-23 14:38:01,508 [omNode-2-groupManagement] INFO  server.RaftServerConfigKeys (ConfUtils.java:logGet(46)) - raft.server.threadpool.client.size = 0 (default)
2025-04-23 14:38:01,508 [omNode-2-impl-thread1] INFO  server.RaftServerConfigKeys (ConfUtils.java:logGet(46)) - raft.server.storage.free-space.min = 0MB (=0) (default)
2025-04-23 14:38:01,508 [omNode-2-impl-thread1] INFO  server.RaftServerConfigKeys (ConfUtils.java:logGet(46)) - raft.server.log.corruption.policy = EXCEPTION (default)
2025-04-23 14:38:01,508 [omNode-2-impl-thread1] INFO  server.RaftServerConfigKeys (ConfUtils.java:logGet(46)) - raft.server.storage.dir = [/home/runner/work/ozone/ozone/hadoop-ozone/integration-test/target/test-dir/MiniOzoneClusterImpl-68853c07-42d2-4ef8-9e75-e3a852294e6a/omNode-2/ratis] (custom)
2025-04-23 14:38:01,509 [omNode-2-impl-thread1] INFO  storage.RaftStorageDirectory (RaftStorageDirectoryImpl.java:tryLock(229)) - Lock on /home/runner/work/ozone/ozone/hadoop-ozone/integration-test/target/test-dir/MiniOzoneClusterImpl-68853c07-42d2-4ef8-9e75-e3a852294e6a/omNode-2/ratis/c9bc4cf4-3bc3-3c60-a66b-523986131536/in_use.lock acquired by nodename 129558@fv-az1120-822
2025-04-23 14:38:01,509 [omNode-2-impl-thread1] INFO  storage.RaftStorage (RaftStorageImpl.java:analyzeAndRecoverStorage(118)) - Read RaftStorageMetadata{term=7, votedFor=omNode-1} from /home/runner/work/ozone/ozone/hadoop-ozone/integration-test/target/test-dir/MiniOzoneClusterImpl-68853c07-42d2-4ef8-9e75-e3a852294e6a/omNode-2/ratis/c9bc4cf4-3bc3-3c60-a66b-523986131536/current/raft-meta
2025-04-23 14:38:01,510 [omNode-2-impl-thread1] INFO  server.RaftServer$Division (ServerState.java:setRaftConf(386)) - omNode-2@group-523986131536: set configuration conf: {index: 73, cur=peers:[omNode-3|localhost:15017, omNode-1|localhost:15009, omNode-2|localhost:15013]|listeners:[], old=null}
2025-04-23 14:38:01,510 [omNode-2-impl-thread1] INFO  ratis.OzoneManagerStateMachine (OzoneManagerStateMachine.java:lambda$0(138)) - omNode-2: initialize group-523986131536 with (t:7, i:76)
2025-04-23 14:38:01,510 [omNode-2-impl-thread1] INFO  server.RaftServerConfigKeys (ConfUtils.java:logGet(46)) - raft.server.log.use.memory = false (default)
2025-04-23 14:38:01,510 [omNode-2-impl-thread1] INFO  server.RaftServerConfigKeys (ConfUtils.java:logGet(46)) - raft.server.log.purge.gap = 50 (custom)
2025-04-23 14:38:01,510 [omNode-2-impl-thread1] INFO  server.RaftServerConfigKeys (ConfUtils.java:logGet(46)) - raft.server.log.appender.buffer.byte-limit = 4194304 (custom)
2025-04-23 14:38:01,510 [omNode-2-impl-thread1] INFO  server.RaftServerConfigKeys (ConfUtils.java:logGet(46)) - raft.server.log.statemachine.data.read.timeout = 1000ms (default)
2025-04-23 14:38:01,510 [omNode-2-impl-thread1] INFO  server.RaftServerConfigKeys (ConfUtils.java:logGet(46)) - raft.server.log.purge.preservation.log.num = 0 (default)
2025-04-23 14:38:01,511 [omNode-2-impl-thread1] INFO  server.RaftServerConfigKeys (ConfUtils.java:logGet(46)) - raft.server.log.segment.size.max = 4194304 (custom)
2025-04-23 14:38:01,511 [omNode-2-impl-thread1] INFO  server.RaftServerConfigKeys (ConfUtils.java:logGet(46)) - raft.server.log.segment.cache.num.max = 2 (custom)
2025-04-23 14:38:01,511 [omNode-2-impl-thread1] INFO  server.RaftServerConfigKeys (ConfUtils.java:logGet(46)) - raft.server.log.segment.cache.size.max = 200MB (=209715200) (default)
2025-04-23 14:38:01,511 [omNode-2-impl-thread1] INFO  server.RaftServerConfigKeys (ConfUtils.java:logGet(46)) - raft.server.log.appender.buffer.byte-limit = 4194304 (custom)
2025-04-23 14:38:01,512 [omNode-2-impl-thread1] INFO  util.AwaitToRun (AwaitToRun.java:start(81)) - Thread[#3432,omNode-2@group-523986131536-cacheEviction-AwaitToRun,5,main] started
2025-04-23 14:38:01,512 [omNode-2-impl-thread1] INFO  segmented.SegmentedRaftLogWorker (SegmentedRaftLogWorker.java:<init>(188)) - new omNode-2@group-523986131536-SegmentedRaftLogWorker for RaftStorageImpl:Storage Directory /home/runner/work/ozone/ozone/hadoop-ozone/integration-test/target/test-dir/MiniOzoneClusterImpl-68853c07-42d2-4ef8-9e75-e3a852294e6a/omNode-2/ratis/c9bc4cf4-3bc3-3c60-a66b-523986131536
2025-04-23 14:38:01,512 [omNode-2-impl-thread1] INFO  server.RaftServerConfigKeys (ConfUtils.java:logGet(46)) - raft.server.log.queue.byte-limit = 64MB (=67108864) (default)
2025-04-23 14:38:01,512 [omNode-2-impl-thread1] INFO  server.RaftServerConfigKeys (ConfUtils.java:logGet(46)) - raft.server.log.queue.element-limit = 4096 (default)
2025-04-23 14:38:01,512 [omNode-2-impl-thread1] INFO  server.RaftServerConfigKeys (ConfUtils.java:logGet(46)) - raft.server.log.segment.size.max = 4194304 (custom)
2025-04-23 14:38:01,512 [omNode-2-impl-thread1] INFO  server.RaftServerConfigKeys (ConfUtils.java:logGet(46)) - raft.server.log.preallocated.size = 4194304 (custom)
2025-04-23 14:38:01,512 [omNode-2-impl-thread1] INFO  server.RaftServerConfigKeys (ConfUtils.java:logGet(46)) - raft.server.log.force.sync.num = 128 (default)
2025-04-23 14:38:01,512 [omNode-2-impl-thread1] INFO  server.RaftServerConfigKeys (ConfUtils.java:logGet(46)) - raft.server.log.statemachine.data.sync = true (default)
2025-04-23 14:38:01,512 [omNode-2-impl-thread1] INFO  server.RaftServerConfigKeys (ConfUtils.java:logGet(46)) - raft.server.log.statemachine.data.sync.timeout = 10s (default)
2025-04-23 14:38:01,512 [omNode-2-impl-thread1] INFO  server.RaftServerConfigKeys (ConfUtils.java:logGet(46)) - raft.server.log.statemachine.data.sync.timeout.retry = -1 (default)
2025-04-23 14:38:01,512 [omNode-2-impl-thread1] INFO  server.RaftServerConfigKeys (ConfUtils.java:logGet(46)) - raft.server.log.write.buffer.size = 4194312 (custom)
2025-04-23 14:38:01,513 [omNode-2-impl-thread1] INFO  server.RaftServerConfigKeys (ConfUtils.java:logGet(46)) - raft.server.log.appender.buffer.byte-limit = 4194304 (custom)
2025-04-23 14:38:01,513 [omNode-2-impl-thread1] INFO  server.RaftServerConfigKeys (ConfUtils.java:logGet(46)) - raft.server.log.unsafe-flush.enabled = false (default)
2025-04-23 14:38:01,513 [omNode-2-impl-thread1] INFO  server.RaftServerConfigKeys (ConfUtils.java:logGet(46)) - raft.server.log.async-flush.enabled = false (default)
2025-04-23 14:38:01,513 [omNode-2-impl-thread1] INFO  server.RaftServerConfigKeys (ConfUtils.java:logGet(46)) - raft.server.log.statemachine.data.caching.enabled = false (default)
2025-04-23 14:38:01,513 [omNode-2-impl-thread1] INFO  server.RaftServer$Division (ServerState.java:setRaftConf(386)) - omNode-2@group-523986131536: set configuration conf: {index: 35, cur=peers:[omNode-3|localhost:15017, omNode-1|localhost:15009, omNode-2|localhost:15013]|listeners:[], old=null}
2025-04-23 14:38:01,514 [omNode-2-impl-thread1] INFO  segmented.LogSegment (LogSegment.java:loadSegment(171)) - Successfully read 34 entries from segment file /home/runner/work/ozone/ozone/hadoop-ozone/integration-test/target/test-dir/MiniOzoneClusterImpl-68853c07-42d2-4ef8-9e75-e3a852294e6a/omNode-2/ratis/c9bc4cf4-3bc3-3c60-a66b-523986131536/current/log_35-68
2025-04-23 14:38:01,514 [omNode-2-impl-thread1] INFO  server.RaftServer$Division (ServerState.java:setRaftConf(386)) - omNode-2@group-523986131536: set configuration conf: {index: 69, cur=peers:[omNode-3|localhost:15017, omNode-1|localhost:15009, omNode-2|localhost:15013]|listeners:[], old=null}
2025-04-23 14:38:01,514 [omNode-2-impl-thread1] INFO  segmented.LogSegment (LogSegment.java:loadSegment(171)) - Successfully read 4 entries from segment file /home/runner/work/ozone/ozone/hadoop-ozone/integration-test/target/test-dir/MiniOzoneClusterImpl-68853c07-42d2-4ef8-9e75-e3a852294e6a/omNode-2/ratis/c9bc4cf4-3bc3-3c60-a66b-523986131536/current/log_69-72
2025-04-23 14:38:01,515 [omNode-2-impl-thread1] INFO  server.RaftServer$Division (ServerState.java:setRaftConf(386)) - omNode-2@group-523986131536: set configuration conf: {index: 73, cur=peers:[omNode-3|localhost:15017, omNode-1|localhost:15009, omNode-2|localhost:15013]|listeners:[], old=null}
2025-04-23 14:38:01,515 [omNode-2-impl-thread1] INFO  segmented.LogSegment (LogSegment.java:loadSegment(171)) - Successfully read 4 entries from segment file /home/runner/work/ozone/ozone/hadoop-ozone/integration-test/target/test-dir/MiniOzoneClusterImpl-68853c07-42d2-4ef8-9e75-e3a852294e6a/omNode-2/ratis/c9bc4cf4-3bc3-3c60-a66b-523986131536/current/log_inprogress_73
2025-04-23 14:38:01,515 [omNode-2-impl-thread1] INFO  segmented.SegmentedRaftLogWorker (SegmentedRaftLogWorker.java:lambda$new$0(139)) - omNode-2@group-523986131536-SegmentedRaftLogWorker: flushIndex: setUnconditionally 0 -> 76
2025-04-23 14:38:01,515 [omNode-2-impl-thread1] INFO  segmented.SegmentedRaftLogWorker (SegmentedRaftLogWorker.java:lambda$new$0(139)) - omNode-2@group-523986131536-SegmentedRaftLogWorker: safeCacheEvictIndex: setUnconditionally 0 -> 72
2025-04-23 14:38:01,515 [omNode-2-impl-thread1] INFO  segmented.BufferedWriteChannel (BufferedWriteChannel.java:open(61)) - open log_inprogress_73 (append) at position 318
2025-04-23 14:38:01,515 [omNode-2-impl-thread1] INFO  raftlog.RaftLog (RaftLogBase.java:lambda$new$0(54)) - omNode-2@group-523986131536-SegmentedRaftLog: purgeIndex: updateToMax old=-1, new=34, updated? true
2025-04-23 14:38:01,515 [omNode-2-impl-thread1] INFO  server.RaftServer$Division (RaftServerImpl.java:start(391)) - omNode-2@group-523986131536: start as a follower, conf=conf: {index: 73, cur=peers:[omNode-3|localhost:15017, omNode-1|localhost:15009, omNode-2|localhost:15013]|listeners:[], old=null}
2025-04-23 14:38:01,515 [omNode-2-impl-thread1] INFO  server.RaftServer$Division (RaftServerImpl.java:setRole(378)) - omNode-2@group-523986131536: changes role from      null to FOLLOWER at term 7 for startAsFollower
2025-04-23 14:38:01,516 [omNode-2-impl-thread1] INFO  impl.RoleInfo (RoleInfo.java:updateAndGet(148)) - omNode-2: start omNode-2@group-523986131536-FollowerState
2025-04-23 14:38:01,516 [omNode-2-impl-thread1] INFO  util.JmxRegister (JmxRegister.java:tryRegister(44)) - Successfully registered JMX Bean with object name Ratis:service=RaftServer,group=group-523986131536,id=omNode-2
2025-04-23 14:38:01,516 [omNode-2-impl-thread1] INFO  util.JmxRegister (JmxRegister.java:register(58)) - register mxBean class org.apache.ratis.server.impl.RaftServerJmxAdapter as Ratis:service=RaftServer,group=group-523986131536,id=omNode-2
2025-04-23 14:38:01,516 [omNode-2-impl-thread1] INFO  server.RaftServerConfigKeys (ConfUtils.java:logGet(46)) - raft.server.snapshot.trigger-when-stop.enabled = true (default)
2025-04-23 14:38:01,516 [omNode-2-impl-thread1] INFO  server.RaftServerConfigKeys (ConfUtils.java:logGet(46)) - raft.server.snapshot.trigger-when-remove.enabled = true (default)
2025-04-23 14:38:01,516 [omNode-2-impl-thread1] INFO  server.RaftServerConfigKeys (ConfUtils.java:logGet(46)) - raft.server.snapshot.auto.trigger.enabled = true (custom)
2025-04-23 14:38:01,516 [omNode-2-impl-thread1] INFO  server.RaftServerConfigKeys (ConfUtils.java:logGet(46)) - raft.server.snapshot.auto.trigger.threshold = 50 (custom)
2025-04-23 14:38:01,516 [omNode-2-impl-thread1] INFO  server.RaftServerConfigKeys (ConfUtils.java:logGet(46)) - raft.server.snapshot.retention.file.num = -1 (default)
2025-04-23 14:38:01,516 [omNode-2-impl-thread1] INFO  server.RaftServerConfigKeys (ConfUtils.java:logGet(46)) - raft.server.log.purge.upto.snapshot.index = true (custom)
2025-04-23 14:38:01,516 [omNode-2@group-523986131536-FollowerState] INFO  server.RaftServerConfigKeys (ConfUtils.java:logFallback(53)) - raft.server.rpc.first-election.timeout.min = 1s (fallback to raft.server.rpc.timeout.min)
2025-04-23 14:38:01,516 [omNode-2@group-523986131536-FollowerState] INFO  server.RaftServerConfigKeys (ConfUtils.java:logFallback(53)) - raft.server.rpc.first-election.timeout.max = 1200ms (fallback to raft.server.rpc.timeout.max)
2025-04-23 14:38:01,517 [omNode-2-impl-thread1] INFO  server.RaftServer$Division (RaftServerImpl.java:start(405)) - omNode-2@group-523986131536: Successfully started.
2025-04-23 14:38:01,517 [main] INFO  server.RaftServer (RaftServerProxy.java:startImpl(407)) - omNode-2: start RPC server
2025-04-23 14:38:01,518 [main] INFO  server.GrpcService (GrpcService.java:startImpl(334)) - omNode-2: GrpcService started, listening on 15013
2025-04-23 14:38:01,518 [main] INFO  om.OzoneManager (OzoneManager.java:getRpcServer(1360)) - Creating RPC Server
2025-04-23 14:38:01,518 [JvmPauseMonitor22] INFO  util.JvmPauseMonitor (JvmPauseMonitor.java:run(146)) - JvmPauseMonitor-omNode-2: Started
2025-04-23 14:38:01,554 [timer1] WARN  server.GrpcLogAppender (GrpcLogAppender.java:lambda$resetClient$1(221)) - omNode-1@group-523986131536->omNode-3-GrpcLogAppender: Follower failed (request=null, errorCount=28); keep nextIndex (76) unchanged and retry. (Repeated 2 times in the last 5.003s)
2025-04-23 14:38:01,554 [timer4] WARN  server.GrpcLogAppender (GrpcLogAppender.java:lambda$resetClient$1(221)) - omNode-1@group-523986131536->omNode-3-GrpcLogAppender: Follower failed (request=null, errorCount=32); keep nextIndex (77) unchanged and retry. (Repeated 4 times in the last 5.002s)
2025-04-23 14:38:01,750 [omNode-3@group-523986131536-FollowerState] INFO  impl.FollowerState (FollowerState.java:runImpl(161)) - omNode-3@group-523986131536-FollowerState: change to CANDIDATE, lastRpcElapsedTime:1102822244ns, electionTimeout:1102ms
2025-04-23 14:38:01,750 [omNode-3@group-523986131536-FollowerState] INFO  impl.RoleInfo (RoleInfo.java:shutdownFollowerState(121)) - omNode-3: shutdown omNode-3@group-523986131536-FollowerState
2025-04-23 14:38:01,750 [omNode-3@group-523986131536-FollowerState] INFO  server.RaftServer$Division (RaftServerImpl.java:setRole(378)) - omNode-3@group-523986131536: changes role from  FOLLOWER to CANDIDATE at term 6 for changeToCandidate
2025-04-23 14:38:01,750 [omNode-3@group-523986131536-FollowerState] INFO  server.RaftServerConfigKeys (ConfUtils.java:logGet(46)) - raft.server.leaderelection.pre-vote = true (default)
2025-04-23 14:38:01,750 [omNode-3@group-523986131536-FollowerState] INFO  impl.RoleInfo (RoleInfo.java:updateAndGet(148)) - omNode-3: start omNode-3@group-523986131536-LeaderElection18
2025-04-23 14:38:01,751 [omNode-3@group-523986131536-LeaderElection18] INFO  impl.LeaderElection (LeaderElection.java:askForVotes(332)) - omNode-3@group-523986131536-LeaderElection18 PRE_VOTE round 0: submit vote requests at term 6 for conf: {index: 69, cur=peers:[omNode-3|localhost:15017, omNode-1|localhost:15009, omNode-2|localhost:15013]|listeners:[], old=null}
2025-04-23 14:38:01,751 [omNode-3@group-523986131536-LeaderElection18-1] INFO  server.GrpcServerProtocolClient (GrpcServerProtocolClient.java:<init>(65)) - Build channel for omNode-1|localhost:15009
2025-04-23 14:38:01,751 [omNode-3@group-523986131536-LeaderElection18] INFO  server.RaftServerConfigKeys (ConfUtils.java:logFallback(53)) - raft.server.rpc.first-election.timeout.min = 1s (fallback to raft.server.rpc.timeout.min)
2025-04-23 14:38:01,751 [omNode-3@group-523986131536-LeaderElection18] INFO  server.RaftServerConfigKeys (ConfUtils.java:logFallback(53)) - raft.server.rpc.first-election.timeout.max = 1200ms (fallback to raft.server.rpc.timeout.max)
2025-04-23 14:38:01,751 [omNode-3@group-523986131536-LeaderElection18-2] INFO  server.GrpcServerProtocolClient (GrpcServerProtocolClient.java:<init>(65)) - Build channel for omNode-2|localhost:15013
2025-04-23 14:38:01,756 [grpc-default-executor-4] INFO  server.RaftServer$Division (RaftServerImpl.java:requestVote(1407)) - omNode-2@group-523986131536: receive requestVote(PRE_VOTE, omNode-3, group-523986131536, 6, (t:6, i:72))
2025-04-23 14:38:01,756 [grpc-default-executor-6] INFO  server.RaftServer$Division (RaftServerImpl.java:requestVote(1407)) - omNode-1@group-523986131536: receive requestVote(PRE_VOTE, omNode-3, group-523986131536, 6, (t:6, i:72))
2025-04-23 14:38:01,756 [grpc-default-executor-6] INFO  impl.VoteContext (VoteContext.java:log(49)) - omNode-1@group-523986131536-FOLLOWER: reject PRE_VOTE from omNode-3: our last entry (t:7, i:76) > candidate's last entry (t:6, i:72)
2025-04-23 14:38:01,756 [grpc-default-executor-4] INFO  impl.VoteContext (VoteContext.java:log(49)) - omNode-2@group-523986131536-FOLLOWER: reject PRE_VOTE from omNode-3: our last entry (t:7, i:76) > candidate's last entry (t:6, i:72)
2025-04-23 14:38:01,756 [grpc-default-executor-6] INFO  server.RaftServer$Division (RaftServerImpl.java:requestVote(1441)) - omNode-1@group-523986131536 replies to PRE_VOTE vote request: omNode-3<-omNode-1#0:FAIL-t7. Peer's state: omNode-1@group-523986131536:t7, leader=null, voted=omNode-1, raftlog=Memoized:omNode-1@group-523986131536-SegmentedRaftLog:OPENED:c76:last(t:7, i:76), conf=conf: {index: 73, cur=peers:[omNode-3|localhost:15017, omNode-1|localhost:15009, omNode-2|localhost:15013]|listeners:[], old=null}
2025-04-23 14:38:01,756 [grpc-default-executor-4] INFO  server.RaftServer$Division (RaftServerImpl.java:requestVote(1441)) - omNode-2@group-523986131536 replies to PRE_VOTE vote request: omNode-3<-omNode-2#0:FAIL-t7. Peer's state: omNode-2@group-523986131536:t7, leader=null, voted=omNode-1, raftlog=Memoized:omNode-2@group-523986131536-SegmentedRaftLog:OPENED:c76:last(t:7, i:76), conf=conf: {index: 73, cur=peers:[omNode-3|localhost:15017, omNode-1|localhost:15009, omNode-2|localhost:15013]|listeners:[], old=null}
2025-04-23 14:38:01,758 [omNode-3@group-523986131536-LeaderElection18] INFO  impl.LeaderElection (LeaderElection.java:logAndReturn(90)) - omNode-3@group-523986131536-LeaderElection18: PRE_VOTE DISCOVERED_A_NEW_TERM (term=7) received 1 response(s) and 0 exception(s):
2025-04-23 14:38:01,758 [omNode-3@group-523986131536-LeaderElection18] INFO  impl.LeaderElection (LeaderElection.java:logAndReturn(94)) -   Response 0: omNode-3<-omNode-1#0:FAIL-t7
2025-04-23 14:38:01,758 [omNode-3@group-523986131536-LeaderElection18] INFO  impl.LeaderElection (LeaderElection.java:askForVotes(334)) - omNode-3@group-523986131536-LeaderElection18 PRE_VOTE round 0: result DISCOVERED_A_NEW_TERM (term=7)
2025-04-23 14:38:01,758 [omNode-3@group-523986131536-LeaderElection18] INFO  server.RaftServer$Division (RaftServerImpl.java:setRole(378)) - omNode-3@group-523986131536: changes role from CANDIDATE to FOLLOWER at term 6 for DISCOVERED_A_NEW_TERM (term=7)
2025-04-23 14:38:01,758 [omNode-3@group-523986131536-LeaderElection18] INFO  impl.RoleInfo (RoleInfo.java:shutdownLeaderElection(141)) - omNode-3: shutdown omNode-3@group-523986131536-LeaderElection18
2025-04-23 14:38:01,758 [omNode-3@group-523986131536-LeaderElection18] INFO  impl.RoleInfo (RoleInfo.java:updateAndGet(148)) - omNode-3: start omNode-3@group-523986131536-FollowerState
2025-04-23 14:38:01,758 [omNode-3@group-523986131536-LeaderElection18] INFO  server.RaftServer$Division (RaftServerImpl.java:setFirstElection(562)) - omNode-3@group-523986131536: set firstElectionSinceStartup to false for DISCOVERED_A_NEW_TERM (term=7)
2025-04-23 14:38:01,857 [main] INFO  reflections.Reflections (Reflections.java:scan(219)) - Reflections took 338 ms to scan 22 urls, producing 61 keys and 7422 values
2025-04-23 14:38:01,858 [main] INFO  ipc.CallQueueManager (CallQueueManager.java:<init>(93)) - Using callQueue: class java.util.concurrent.LinkedBlockingQueue, queueCapacity: 2000, scheduler: class org.apache.hadoop.ipc.DefaultRpcScheduler, ipcBackoff: false, ipcFailOver: false.
2025-04-23 14:38:01,859 [main] INFO  ipc.Server (Server.java:<init>(1438)) - Listener at localhost:15010
2025-04-23 14:38:01,859 [Socket Reader #1 for port 15010] INFO  ipc.Server (Server.java:run(1474)) - Starting Socket Reader #1 for port 15010
2025-04-23 14:38:01,859 [Socket Reader #2 for port 15010] INFO  ipc.Server (Server.java:run(1474)) - Starting Socket Reader #2 for port 15010
2025-04-23 14:38:01,859 [Socket Reader #3 for port 15010] INFO  ipc.Server (Server.java:run(1474)) - Starting Socket Reader #3 for port 15010
2025-04-23 14:38:01,859 [Socket Reader #4 for port 15010] INFO  ipc.Server (Server.java:run(1474)) - Starting Socket Reader #4 for port 15010
2025-04-23 14:38:01,859 [Socket Reader #5 for port 15010] INFO  ipc.Server (Server.java:run(1474)) - Starting Socket Reader #5 for port 15010
2025-04-23 14:38:01,860 [Socket Reader #6 for port 15010] INFO  ipc.Server (Server.java:run(1474)) - Starting Socket Reader #6 for port 15010
2025-04-23 14:38:01,860 [Socket Reader #7 for port 15010] INFO  ipc.Server (Server.java:run(1474)) - Starting Socket Reader #7 for port 15010
2025-04-23 14:38:01,860 [Socket Reader #8 for port 15010] INFO  ipc.Server (Server.java:run(1474)) - Starting Socket Reader #8 for port 15010
2025-04-23 14:38:01,860 [Socket Reader #9 for port 15010] INFO  ipc.Server (Server.java:run(1474)) - Starting Socket Reader #9 for port 15010
2025-04-23 14:38:01,860 [Socket Reader #10 for port 15010] INFO  ipc.Server (Server.java:run(1474)) - Starting Socket Reader #10 for port 15010
2025-04-23 14:38:01,862 [main] INFO  http.BaseHttpServer (BaseHttpServer.java:newHttpServer2BuilderForOzone(229)) - Starting Web-server for ozoneManager at: http://0.0.0.0:15011
2025-04-23 14:38:01,862 [main] INFO  http.BaseHttpServer (BaseHttpServer.java:<init>(107)) - Hadoop Security Enabled: false Ozone Security Enabled: false Ozone HTTP Security Enabled: false 
2025-04-23 14:38:01,863 [main] WARN  server.AuthenticationFilter (AuthenticationFilter.java:constructSecretProvider(240)) - Unable to initialize FileSignerSecretProvider, falling back to use random secrets. Reason: Could not read signature secret file: /home/runner/hadoop-http-auth-signature-secret
2025-04-23 14:38:01,865 [main] INFO  http.HttpServer2 (HttpServer2.java:addGlobalFilter(1041)) - Added global filter 'safety' (class=org.apache.hadoop.hdds.server.http.HttpServer2$QuotingInputFilter)
2025-04-23 14:38:01,865 [main] INFO  http.HttpServer2 (HttpServer2.java:addFilter(1017)) - Added filter static_user_filter (class=org.apache.hadoop.http.lib.StaticUserWebFilter$StaticUserFilter) to context ozoneManager
2025-04-23 14:38:01,865 [main] INFO  http.HttpServer2 (HttpServer2.java:addFilter(1025)) - Added filter static_user_filter (class=org.apache.hadoop.http.lib.StaticUserWebFilter$StaticUserFilter) to context static
2025-04-23 14:38:01,865 [main] INFO  http.HttpServer2 (HttpServer2.java:addFilter(1025)) - Added filter static_user_filter (class=org.apache.hadoop.http.lib.StaticUserWebFilter$StaticUserFilter) to context logs
2025-04-23 14:38:01,866 [main] INFO  http.BaseHttpServer (BaseHttpServer.java:<init>(195)) - HTTP server of ozoneManager uses base directory /home/runner/work/ozone/ozone/hadoop-ozone/integration-test/target/test-dir/MiniOzoneClusterImpl-68853c07-42d2-4ef8-9e75-e3a852294e6a/omNode-2/webserver
2025-04-23 14:38:01,866 [main] INFO  http.HttpServer2 (HttpServer2.java:bindListener(1241)) - Jetty bound to port 15011
2025-04-23 14:38:01,866 [main] INFO  server.Server (Server.java:doStart(375)) - jetty-9.4.57.v20241219; built: 2025-01-08T21:24:30.412Z; git: df524e6b29271c2e09ba9aea83c18dc9db464a31; jvm 21.0.7+6-LTS
2025-04-23 14:38:01,867 [main] INFO  server.session (DefaultSessionIdManager.java:doStart(334)) - DefaultSessionIdManager workerName=node0
2025-04-23 14:38:01,868 [main] INFO  server.session (DefaultSessionIdManager.java:doStart(339)) - No SessionScavenger set, using defaults
2025-04-23 14:38:01,868 [main] INFO  server.session (HouseKeeper.java:startScavenging(132)) - node0 Scavenging every 660000ms
2025-04-23 14:38:01,868 [main] INFO  handler.ContextHandler (ContextHandler.java:doStart(921)) - Started o.e.j.s.ServletContextHandler@230d1490{logs,/logs,file:///home/runner/work/ozone/ozone/hadoop-ozone/integration-test/target/log,AVAILABLE}
2025-04-23 14:38:01,869 [main] INFO  handler.ContextHandler (ContextHandler.java:doStart(921)) - Started o.e.j.s.ServletContextHandler@868d4df{static,/static,file:///home/runner/work/ozone/ozone/hadoop-ozone/integration-test/target/test-classes/webapps/static,AVAILABLE}
2025-04-23 14:38:01,873 [main] INFO  handler.ContextHandler (ContextHandler.java:doStart(921)) - Started o.e.j.w.WebAppContext@4bea5a72{ozoneManager,/,file:///home/runner/work/ozone/ozone/hadoop-ozone/integration-test/target/test-classes/webapps/ozoneManager/,AVAILABLE}{file:/home/runner/work/ozone/ozone/hadoop-ozone/integration-test/target/test-classes/webapps/ozoneManager}
2025-04-23 14:38:01,873 [main] INFO  server.AbstractConnector (AbstractConnector.java:doStart(333)) - Started ServerConnector@782b2097{HTTP/1.1, (http/1.1)}{0.0.0.0:15011}
2025-04-23 14:38:01,873 [main] INFO  server.Server (Server.java:doStart(415)) - Started @82152ms
2025-04-23 14:38:01,873 [main] WARN  impl.MetricsSystemImpl (MetricsSystemImpl.java:register(279)) - Sink prometheus already exists!
2025-04-23 14:38:01,874 [main] INFO  http.BaseHttpServer (BaseHttpServer.java:updateConnectorAddress(360)) - HTTP server of ozoneManager listening at http://0.0.0.0:15011
2025-04-23 14:38:01,874 [IPC Server Responder] INFO  ipc.Server (Server.java:run(1713)) - IPC Server Responder: starting
2025-04-23 14:38:01,874 [IPC Server listener on 15010] INFO  ipc.Server (Server.java:run(1553)) - IPC Server listener on 15010: starting
2025-04-23 14:38:01,876 [main] INFO  om.OzoneManager (OzoneManager.java:startTrashEmptier(2257)) - Trash Interval set to 0. Files deleted won't move to trash
]]></system-out>
  </testcase>
  <testcase name="testListParts" classname="org.apache.hadoop.ozone.om.TestOzoneManagerHAWithStoppedNodes" time="12.09">
    <system-out><![CDATA[2025-04-23 14:38:02,122 [omNode-1@group-523986131536-FollowerState] INFO  impl.FollowerState (FollowerState.java:runImpl(161)) - omNode-1@group-523986131536-FollowerState: change to CANDIDATE, lastRpcElapsedTime:1010532559ns, electionTimeout:1010ms
2025-04-23 14:38:02,122 [omNode-1@group-523986131536-FollowerState] INFO  impl.RoleInfo (RoleInfo.java:shutdownFollowerState(121)) - omNode-1: shutdown omNode-1@group-523986131536-FollowerState
2025-04-23 14:38:02,122 [omNode-1@group-523986131536-FollowerState] INFO  server.RaftServer$Division (RaftServerImpl.java:setRole(378)) - omNode-1@group-523986131536: changes role from  FOLLOWER to CANDIDATE at term 7 for changeToCandidate
2025-04-23 14:38:02,122 [omNode-1@group-523986131536-FollowerState] INFO  server.RaftServerConfigKeys (ConfUtils.java:logGet(46)) - raft.server.leaderelection.pre-vote = true (default)
2025-04-23 14:38:02,122 [omNode-1@group-523986131536-FollowerState] INFO  impl.RoleInfo (RoleInfo.java:updateAndGet(148)) - omNode-1: start omNode-1@group-523986131536-LeaderElection19
2025-04-23 14:38:02,123 [omNode-1@group-523986131536-LeaderElection19] INFO  impl.LeaderElection (LeaderElection.java:askForVotes(332)) - omNode-1@group-523986131536-LeaderElection19 PRE_VOTE round 0: submit vote requests at term 7 for conf: {index: 73, cur=peers:[omNode-3|localhost:15017, omNode-1|localhost:15009, omNode-2|localhost:15013]|listeners:[], old=null}
2025-04-23 14:38:02,123 [omNode-1@group-523986131536-LeaderElection19-1] INFO  server.GrpcServerProtocolClient (GrpcServerProtocolClient.java:<init>(65)) - Build channel for omNode-3|localhost:15017
2025-04-23 14:38:02,123 [omNode-1@group-523986131536-LeaderElection19-2] INFO  server.GrpcServerProtocolClient (GrpcServerProtocolClient.java:<init>(65)) - Build channel for omNode-2|localhost:15013
2025-04-23 14:38:02,123 [omNode-1@group-523986131536-LeaderElection19] INFO  server.RaftServerConfigKeys (ConfUtils.java:logFallback(53)) - raft.server.rpc.first-election.timeout.min = 1s (fallback to raft.server.rpc.timeout.min)
2025-04-23 14:38:02,123 [omNode-1@group-523986131536-LeaderElection19] INFO  server.RaftServerConfigKeys (ConfUtils.java:logFallback(53)) - raft.server.rpc.first-election.timeout.max = 1200ms (fallback to raft.server.rpc.timeout.max)
2025-04-23 14:38:02,127 [grpc-default-executor-4] INFO  server.RaftServer$Division (RaftServerImpl.java:requestVote(1407)) - omNode-2@group-523986131536: receive requestVote(PRE_VOTE, omNode-1, group-523986131536, 7, (t:7, i:76))
2025-04-23 14:38:02,127 [grpc-default-executor-4] INFO  impl.VoteContext (VoteContext.java:log(49)) - omNode-2@group-523986131536-FOLLOWER: accept PRE_VOTE from omNode-1: our priority 0 <= candidate's priority 0
2025-04-23 14:38:02,127 [grpc-default-executor-6] INFO  server.RaftServer$Division (RaftServerImpl.java:requestVote(1407)) - omNode-3@group-523986131536: receive requestVote(PRE_VOTE, omNode-1, group-523986131536, 7, (t:7, i:76))
2025-04-23 14:38:02,127 [grpc-default-executor-6] INFO  impl.VoteContext (VoteContext.java:log(49)) - omNode-3@group-523986131536-FOLLOWER: accept PRE_VOTE from omNode-1: our last entry (t:6, i:72) < candidate's last entry (t:7, i:76)
2025-04-23 14:38:02,127 [grpc-default-executor-4] INFO  server.RaftServer$Division (RaftServerImpl.java:requestVote(1441)) - omNode-2@group-523986131536 replies to PRE_VOTE vote request: omNode-1<-omNode-2#0:OK-t7. Peer's state: omNode-2@group-523986131536:t7, leader=null, voted=omNode-1, raftlog=Memoized:omNode-2@group-523986131536-SegmentedRaftLog:OPENED:c76:last(t:7, i:76), conf=conf: {index: 73, cur=peers:[omNode-3|localhost:15017, omNode-1|localhost:15009, omNode-2|localhost:15013]|listeners:[], old=null}
2025-04-23 14:38:02,127 [grpc-default-executor-6] INFO  server.RaftServer$Division (RaftServerImpl.java:requestVote(1441)) - omNode-3@group-523986131536 replies to PRE_VOTE vote request: omNode-1<-omNode-3#0:OK-t7. Peer's state: omNode-3@group-523986131536:t7, leader=null, voted=null, raftlog=Memoized:omNode-3@group-523986131536-SegmentedRaftLog:OPENED:c72:last(t:6, i:72), conf=conf: {index: 69, cur=peers:[omNode-3|localhost:15017, omNode-1|localhost:15009, omNode-2|localhost:15013]|listeners:[], old=null}
2025-04-23 14:38:02,128 [omNode-1@group-523986131536-LeaderElection19] INFO  impl.LeaderElection (LeaderElection.java:logAndReturn(90)) - omNode-1@group-523986131536-LeaderElection19: PRE_VOTE PASSED received 1 response(s) and 0 exception(s):
2025-04-23 14:38:02,128 [omNode-1@group-523986131536-LeaderElection19] INFO  impl.LeaderElection (LeaderElection.java:logAndReturn(94)) -   Response 0: omNode-1<-omNode-2#0:OK-t7
2025-04-23 14:38:02,128 [omNode-1@group-523986131536-LeaderElection19] INFO  impl.LeaderElection (LeaderElection.java:askForVotes(334)) - omNode-1@group-523986131536-LeaderElection19 PRE_VOTE round 0: result PASSED
2025-04-23 14:38:02,130 [omNode-1@group-523986131536-LeaderElection19] INFO  impl.LeaderElection (LeaderElection.java:askForVotes(332)) - omNode-1@group-523986131536-LeaderElection19 ELECTION round 0: submit vote requests at term 8 for conf: {index: 73, cur=peers:[omNode-3|localhost:15017, omNode-1|localhost:15009, omNode-2|localhost:15013]|listeners:[], old=null}
2025-04-23 14:38:02,131 [omNode-1@group-523986131536-LeaderElection19] INFO  server.RaftServerConfigKeys (ConfUtils.java:logFallback(53)) - raft.server.rpc.first-election.timeout.min = 1s (fallback to raft.server.rpc.timeout.min)
2025-04-23 14:38:02,131 [omNode-1@group-523986131536-LeaderElection19] INFO  server.RaftServerConfigKeys (ConfUtils.java:logFallback(53)) - raft.server.rpc.first-election.timeout.max = 1200ms (fallback to raft.server.rpc.timeout.max)
2025-04-23 14:38:02,132 [grpc-default-executor-4] INFO  server.RaftServer$Division (RaftServerImpl.java:requestVote(1407)) - omNode-3@group-523986131536: receive requestVote(ELECTION, omNode-1, group-523986131536, 8, (t:7, i:76))
2025-04-23 14:38:02,132 [grpc-default-executor-4] INFO  impl.VoteContext (VoteContext.java:log(49)) - omNode-3@group-523986131536-FOLLOWER: accept ELECTION from omNode-1: our last entry (t:6, i:72) < candidate's last entry (t:7, i:76)
2025-04-23 14:38:02,132 [grpc-default-executor-4] INFO  server.RaftServer$Division (RaftServerImpl.java:setRole(378)) - omNode-3@group-523986131536: changes role from  FOLLOWER to FOLLOWER at term 7 for candidate:omNode-1
2025-04-23 14:38:02,132 [grpc-default-executor-4] INFO  impl.RoleInfo (RoleInfo.java:shutdownFollowerState(121)) - omNode-3: shutdown omNode-3@group-523986131536-FollowerState
2025-04-23 14:38:02,132 [grpc-default-executor-4] INFO  impl.RoleInfo (RoleInfo.java:updateAndGet(148)) - omNode-3: start omNode-3@group-523986131536-FollowerState
2025-04-23 14:38:02,132 [omNode-3@group-523986131536-FollowerState] INFO  impl.FollowerState (FollowerState.java:runImpl(170)) - omNode-3@group-523986131536-FollowerState was interrupted
2025-04-23 14:38:02,132 [grpc-default-executor-6] INFO  server.RaftServer$Division (RaftServerImpl.java:requestVote(1407)) - omNode-2@group-523986131536: receive requestVote(ELECTION, omNode-1, group-523986131536, 8, (t:7, i:76))
2025-04-23 14:38:02,133 [grpc-default-executor-6] INFO  impl.VoteContext (VoteContext.java:log(49)) - omNode-2@group-523986131536-FOLLOWER: accept ELECTION from omNode-1: our priority 0 <= candidate's priority 0
2025-04-23 14:38:02,133 [grpc-default-executor-6] INFO  server.RaftServer$Division (RaftServerImpl.java:setRole(378)) - omNode-2@group-523986131536: changes role from  FOLLOWER to FOLLOWER at term 7 for candidate:omNode-1
2025-04-23 14:38:02,133 [grpc-default-executor-6] INFO  impl.RoleInfo (RoleInfo.java:shutdownFollowerState(121)) - omNode-2: shutdown omNode-2@group-523986131536-FollowerState
2025-04-23 14:38:02,133 [grpc-default-executor-6] INFO  impl.RoleInfo (RoleInfo.java:updateAndGet(148)) - omNode-2: start omNode-2@group-523986131536-FollowerState
2025-04-23 14:38:02,133 [omNode-2@group-523986131536-FollowerState] INFO  impl.FollowerState (FollowerState.java:runImpl(170)) - omNode-2@group-523986131536-FollowerState was interrupted
2025-04-23 14:38:02,133 [omNode-2@group-523986131536-FollowerState] INFO  server.RaftServerConfigKeys (ConfUtils.java:logFallback(53)) - raft.server.rpc.first-election.timeout.min = 1s (fallback to raft.server.rpc.timeout.min)
2025-04-23 14:38:02,133 [omNode-2@group-523986131536-FollowerState] INFO  server.RaftServerConfigKeys (ConfUtils.java:logFallback(53)) - raft.server.rpc.first-election.timeout.max = 1200ms (fallback to raft.server.rpc.timeout.max)
2025-04-23 14:38:02,133 [grpc-default-executor-6] INFO  server.RaftServer$Division (RaftServerImpl.java:setFirstElection(562)) - omNode-2@group-523986131536: set firstElectionSinceStartup to false for candidate:omNode-1
2025-04-23 14:38:02,134 [grpc-default-executor-4] INFO  server.RaftServer$Division (RaftServerImpl.java:requestVote(1441)) - omNode-3@group-523986131536 replies to ELECTION vote request: omNode-1<-omNode-3#0:OK-t8. Peer's state: omNode-3@group-523986131536:t8, leader=null, voted=omNode-1, raftlog=Memoized:omNode-3@group-523986131536-SegmentedRaftLog:OPENED:c72:last(t:6, i:72), conf=conf: {index: 69, cur=peers:[omNode-3|localhost:15017, omNode-1|localhost:15009, omNode-2|localhost:15013]|listeners:[], old=null}
2025-04-23 14:38:02,135 [omNode-1@group-523986131536-LeaderElection19] INFO  impl.LeaderElection (LeaderElection.java:logAndReturn(90)) - omNode-1@group-523986131536-LeaderElection19: ELECTION PASSED received 1 response(s) and 0 exception(s):
2025-04-23 14:38:02,135 [omNode-1@group-523986131536-LeaderElection19] INFO  impl.LeaderElection (LeaderElection.java:logAndReturn(94)) -   Response 0: omNode-1<-omNode-3#0:OK-t8
2025-04-23 14:38:02,135 [omNode-1@group-523986131536-LeaderElection19] INFO  impl.LeaderElection (LeaderElection.java:askForVotes(334)) - omNode-1@group-523986131536-LeaderElection19 ELECTION round 0: result PASSED
2025-04-23 14:38:02,135 [omNode-1@group-523986131536-LeaderElection19] INFO  impl.RoleInfo (RoleInfo.java:shutdownLeaderElection(141)) - omNode-1: shutdown omNode-1@group-523986131536-LeaderElection19
2025-04-23 14:38:02,135 [omNode-1@group-523986131536-LeaderElection19] INFO  server.RaftServer$Division (RaftServerImpl.java:setRole(378)) - omNode-1@group-523986131536: changes role from CANDIDATE to LEADER at term 8 for changeToLeader
2025-04-23 14:38:02,135 [omNode-1@group-523986131536-LeaderElection19] INFO  server.RaftServerConfigKeys (ConfUtils.java:logGet(46)) - raft.server.staging.catchup.gap = 1000 (default)
2025-04-23 14:38:02,135 [grpc-default-executor-6] INFO  server.RaftServer$Division (RaftServerImpl.java:requestVote(1441)) - omNode-2@group-523986131536 replies to ELECTION vote request: omNode-1<-omNode-2#0:OK-t8. Peer's state: omNode-2@group-523986131536:t8, leader=null, voted=omNode-1, raftlog=Memoized:omNode-2@group-523986131536-SegmentedRaftLog:OPENED:c76:last(t:7, i:76), conf=conf: {index: 73, cur=peers:[omNode-3|localhost:15017, omNode-1|localhost:15009, omNode-2|localhost:15013]|listeners:[], old=null}
2025-04-23 14:38:02,135 [omNode-1@group-523986131536-LeaderElection19] INFO  server.RaftServerConfigKeys (ConfUtils.java:logGet(46)) - raft.server.write.element-limit = 4096 (default)
2025-04-23 14:38:02,135 [omNode-1@group-523986131536-LeaderElection19] INFO  server.RaftServerConfigKeys (ConfUtils.java:logGet(46)) - raft.server.write.byte-limit = 64MB (=67108864) (default)
2025-04-23 14:38:02,136 [omNode-1@group-523986131536-LeaderElection19] INFO  server.RaftServerConfigKeys (ConfUtils.java:logGet(46)) - raft.server.watch.timeout = 10s (default)
2025-04-23 14:38:02,136 [omNode-1@group-523986131536-LeaderElection19] INFO  server.RaftServerConfigKeys (ConfUtils.java:logGet(46)) - raft.server.watch.timeout.denomination = 1s (default)
2025-04-23 14:38:02,136 [omNode-1@group-523986131536-LeaderElection19] INFO  server.RaftServerConfigKeys (ConfUtils.java:logGet(46)) - raft.server.watch.element-limit = 65536 (default)
2025-04-23 14:38:02,136 [omNode-1@group-523986131536-LeaderElection19] INFO  server.RaftServerConfigKeys (ConfUtils.java:logGet(46)) - raft.server.read.leader.lease.enabled = false (default)
2025-04-23 14:38:02,137 [omNode-1@group-523986131536-LeaderElection19] INFO  server.RaftServerConfigKeys (ConfUtils.java:logGet(46)) - raft.server.read.leader.lease.timeout.ratio = 0.9 (default)
2025-04-23 14:38:02,137 [omNode-1@group-523986131536-LeaderElection19] INFO  server.RaftServerConfigKeys (ConfUtils.java:logGet(46)) - raft.server.rpc.timeout.min = 1s (custom)
2025-04-23 14:38:02,137 [omNode-1@group-523986131536-LeaderElection19] INFO  server.RaftServerConfigKeys (ConfUtils.java:logGet(46)) - raft.server.log.log-metadata.enabled = true (default)
2025-04-23 14:38:02,137 [omNode-1@group-523986131536-LeaderElection19] INFO  server.RaftServerConfigKeys (ConfUtils.java:logGet(46)) - raft.server.write.element-limit = 4096 (default)
2025-04-23 14:38:02,137 [omNode-1@group-523986131536-LeaderElection19] INFO  server.RaftServerConfigKeys (ConfUtils.java:logGet(46)) - raft.server.write.follower.gap.ratio.max = -1.0 (default)
2025-04-23 14:38:02,137 [omNode-1@group-523986131536-LeaderElection19] INFO  server.RaftServerConfigKeys (ConfUtils.java:logGet(46)) - raft.server.log.appender.snapshot.chunk.size.max = 16MB (=16777216) (default)
2025-04-23 14:38:02,137 [omNode-1@group-523986131536-LeaderElection19] INFO  server.RaftServerConfigKeys (ConfUtils.java:logGet(46)) - raft.server.log.appender.buffer.byte-limit = 4194304 (custom)
2025-04-23 14:38:02,137 [omNode-1@group-523986131536-LeaderElection19] INFO  server.RaftServerConfigKeys (ConfUtils.java:logGet(46)) - raft.server.log.appender.buffer.element-limit = 1024 (custom)
2025-04-23 14:38:02,137 [omNode-1@group-523986131536-LeaderElection19] INFO  server.RaftServerConfigKeys (ConfUtils.java:logGet(46)) - raft.server.log.appender.wait-time.min = 0ms (custom)
2025-04-23 14:38:02,138 [omNode-1@group-523986131536-LeaderElection19] INFO  grpc.GrpcConfigKeys (ConfUtils.java:logGet(46)) - raft.grpc.server.leader.outstanding.appends.max = 8 (default)
2025-04-23 14:38:02,138 [omNode-1@group-523986131536-LeaderElection19] INFO  server.RaftServerConfigKeys (ConfUtils.java:logGet(46)) - raft.server.rpc.request.timeout = 3000ms (default)
2025-04-23 14:38:02,138 [omNode-1@group-523986131536-LeaderElection19] INFO  grpc.GrpcConfigKeys (ConfUtils.java:logGet(46)) - raft.grpc.server.install_snapshot.request.element-limit = 8 (default)
2025-04-23 14:38:02,138 [omNode-1@group-523986131536-LeaderElection19] INFO  grpc.GrpcConfigKeys (ConfUtils.java:logGet(46)) - raft.grpc.server.install_snapshot.request.timeout = 3000ms (default)
2025-04-23 14:38:02,138 [omNode-1@group-523986131536-LeaderElection19] INFO  grpc.GrpcConfigKeys (ConfUtils.java:logGet(46)) - raft.grpc.server.log-message.batch.duration = 5s (default)
2025-04-23 14:38:02,138 [omNode-1@group-523986131536-LeaderElection19] INFO  server.RaftServerConfigKeys (ConfUtils.java:logGet(46)) - raft.server.log.appender.install.snapshot.enabled = false (custom)
2025-04-23 14:38:02,138 [omNode-1@group-523986131536-LeaderElection19] INFO  grpc.GrpcConfigKeys (ConfUtils.java:logGet(46)) - raft.grpc.server.heartbeat.channel = true (default)
2025-04-23 14:38:02,139 [omNode-1@group-523986131536-LeaderElection19] INFO  server.RaftServerConfigKeys (ConfUtils.java:logGet(46)) - raft.server.log.appender.snapshot.chunk.size.max = 16MB (=16777216) (default)
2025-04-23 14:38:02,139 [omNode-1@group-523986131536-LeaderElection19] INFO  server.RaftServerConfigKeys (ConfUtils.java:logGet(46)) - raft.server.log.appender.buffer.byte-limit = 4194304 (custom)
2025-04-23 14:38:02,139 [omNode-1@group-523986131536-LeaderElection19] INFO  server.RaftServerConfigKeys (ConfUtils.java:logGet(46)) - raft.server.log.appender.buffer.element-limit = 1024 (custom)
2025-04-23 14:38:02,139 [omNode-1@group-523986131536-LeaderElection19] INFO  server.RaftServerConfigKeys (ConfUtils.java:logGet(46)) - raft.server.log.appender.wait-time.min = 0ms (custom)
2025-04-23 14:38:02,139 [omNode-1@group-523986131536-LeaderElection19] INFO  grpc.GrpcConfigKeys (ConfUtils.java:logGet(46)) - raft.grpc.server.leader.outstanding.appends.max = 8 (default)
2025-04-23 14:38:02,139 [omNode-1@group-523986131536-LeaderElection19] INFO  server.RaftServerConfigKeys (ConfUtils.java:logGet(46)) - raft.server.rpc.request.timeout = 3000ms (default)
2025-04-23 14:38:02,139 [omNode-1@group-523986131536-LeaderElection19] INFO  grpc.GrpcConfigKeys (ConfUtils.java:logGet(46)) - raft.grpc.server.install_snapshot.request.element-limit = 8 (default)
2025-04-23 14:38:02,139 [omNode-1@group-523986131536-LeaderElection19] INFO  grpc.GrpcConfigKeys (ConfUtils.java:logGet(46)) - raft.grpc.server.install_snapshot.request.timeout = 3000ms (default)
2025-04-23 14:38:02,139 [omNode-1@group-523986131536-LeaderElection19] INFO  grpc.GrpcConfigKeys (ConfUtils.java:logGet(46)) - raft.grpc.server.log-message.batch.duration = 5s (default)
2025-04-23 14:38:02,139 [omNode-1@group-523986131536-LeaderElection19] INFO  server.RaftServerConfigKeys (ConfUtils.java:logGet(46)) - raft.server.log.appender.install.snapshot.enabled = false (custom)
2025-04-23 14:38:02,139 [omNode-1@group-523986131536-LeaderElection19] INFO  grpc.GrpcConfigKeys (ConfUtils.java:logGet(46)) - raft.grpc.server.heartbeat.channel = true (default)
2025-04-23 14:38:02,139 [omNode-1@group-523986131536-LeaderElection19] INFO  impl.RoleInfo (RoleInfo.java:updateAndGet(148)) - omNode-1: start omNode-1@group-523986131536-LeaderStateImpl
2025-04-23 14:38:02,139 [omNode-1@group-523986131536-LeaderElection19] INFO  server.RaftServer$Division (RaftServerImpl.java:setFirstElection(562)) - omNode-1@group-523986131536: set firstElectionSinceStartup to false for becomeLeader
2025-04-23 14:38:02,140 [omNode-1@group-523986131536-LeaderElection19] INFO  ratis.OzoneManagerStateMachine (OzoneManagerStateMachine.java:notifyLeaderChanged(169)) - omNode-1@group-523986131536: leader changed to omNode-1
2025-04-23 14:38:02,140 [omNode-1@group-523986131536-LeaderElection19] INFO  server.RaftServer$Division (ServerState.java:setLeader(272)) - omNode-1@group-523986131536: change Leader from null to omNode-1 at term 8 for becomeLeader, leader elected after 1035ms
2025-04-23 14:38:02,140 [omNode-1@group-523986131536-LeaderElection19] INFO  segmented.SegmentedRaftLogWorker (SegmentedRaftLogWorker.java:rollLogSegment(443)) - omNode-1@group-523986131536-SegmentedRaftLogWorker: Rolling segment log-73_76 to index:76
2025-04-23 14:38:02,140 [omNode-1@group-523986131536-LeaderElection19] INFO  server.RaftServer$Division (ServerState.java:setRaftConf(386)) - omNode-1@group-523986131536: set configuration conf: {index: 77, cur=peers:[omNode-3|localhost:15017, omNode-1|localhost:15009, omNode-2|localhost:15013]|listeners:[], old=null}
2025-04-23 14:38:02,140 [omNode-1@group-523986131536-SegmentedRaftLogWorker] INFO  segmented.SegmentedRaftLogWorker (SegmentedRaftLogWorker.java:execute(601)) - omNode-1@group-523986131536-SegmentedRaftLogWorker: Rolled log segment from /home/runner/work/ozone/ozone/hadoop-ozone/integration-test/target/test-dir/MiniOzoneClusterImpl-68853c07-42d2-4ef8-9e75-e3a852294e6a/omNode-1/ratis/c9bc4cf4-3bc3-3c60-a66b-523986131536/current/log_inprogress_73 to /home/runner/work/ozone/ozone/hadoop-ozone/integration-test/target/test-dir/MiniOzoneClusterImpl-68853c07-42d2-4ef8-9e75-e3a852294e6a/omNode-1/ratis/c9bc4cf4-3bc3-3c60-a66b-523986131536/current/log_73-76
2025-04-23 14:38:02,141 [omNode-1@group-523986131536-SegmentedRaftLogWorker] INFO  segmented.BufferedWriteChannel (BufferedWriteChannel.java:open(61)) - open log_inprogress_77 at position 0
2025-04-23 14:38:02,148 [omNode-3-server-thread1] INFO  ratis.OzoneManagerStateMachine (OzoneManagerStateMachine.java:notifyLeaderChanged(169)) - omNode-3@group-523986131536: leader changed to omNode-1
2025-04-23 14:38:02,148 [omNode-3-server-thread1] INFO  server.RaftServer$Division (ServerState.java:setLeader(272)) - omNode-3@group-523986131536: change Leader from null to omNode-1 at term 8 for appendEntries, leader elected after 1510ms
2025-04-23 14:38:02,148 [omNode-3-server-thread1] INFO  server.RaftServer$Division (RaftServerImpl.java:checkInconsistentAppendEntries(1648)) - omNode-3@group-523986131536: Failed appendEntries as previous log entry ((t:7, i:76)) is not found
2025-04-23 14:38:02,148 [omNode-3-server-thread1] INFO  server.RaftServer$Division (RaftServerImpl.java:appendEntriesAsync(1580)) - omNode-3@group-523986131536: appendEntries* reply omNode-1<-omNode-3#0:FAIL-t8,INCONSISTENCY,nextIndex=73,followerCommit=72,matchIndex=-1
2025-04-23 14:38:02,149 [omNode-2-server-thread1] INFO  ratis.OzoneManagerStateMachine (OzoneManagerStateMachine.java:notifyLeaderChanged(169)) - omNode-2@group-523986131536: leader changed to omNode-1
2025-04-23 14:38:02,149 [omNode-2-server-thread1] INFO  server.RaftServer$Division (ServerState.java:setLeader(272)) - omNode-2@group-523986131536: change Leader from null to omNode-1 at term 8 for appendEntries, leader elected after 642ms
2025-04-23 14:38:02,149 [grpc-default-executor-0] WARN  server.GrpcLogAppender (GrpcLogAppender.java:onNextImpl(519)) - omNode-1@group-523986131536->omNode-3-AppendLogResponseHandler: received INCONSISTENCY reply with nextIndex 73, errorCount=1, request=AppendEntriesRequest:cid=0,entriesCount=0
2025-04-23 14:38:02,150 [grpc-default-executor-0] INFO  leader.FollowerInfo (FollowerInfoImpl.java:info(70)) - omNode-1@group-523986131536->omNode-3: setNextIndex nextIndex: updateUnconditionally 78 -> 73
2025-04-23 14:38:02,150 [omNode-3-server-thread1] INFO  server.RaftServer$Division (RaftServerImpl.java:checkInconsistentAppendEntries(1648)) - omNode-3@group-523986131536: Failed appendEntries as previous log entry ((t:7, i:76)) is not found
2025-04-23 14:38:02,151 [omNode-3-server-thread1] INFO  server.RaftServer$Division (RaftServerImpl.java:appendEntriesAsync(1580)) - omNode-3@group-523986131536: appendEntries* reply omNode-1<-omNode-3#1:FAIL-t8,INCONSISTENCY,nextIndex=73,followerCommit=72,matchIndex=-1
2025-04-23 14:38:02,151 [omNode-2-server-thread3] INFO  server.RaftServer$Division (ServerState.java:setRaftConf(386)) - omNode-2@group-523986131536: set configuration conf: {index: 77, cur=peers:[omNode-3|localhost:15017, omNode-1|localhost:15009, omNode-2|localhost:15013]|listeners:[], old=null}
2025-04-23 14:38:02,151 [omNode-2-server-thread3] INFO  segmented.SegmentedRaftLogWorker (SegmentedRaftLogWorker.java:rollLogSegment(443)) - omNode-2@group-523986131536-SegmentedRaftLogWorker: Rolling segment log-73_76 to index:76
2025-04-23 14:38:02,151 [omNode-1@group-523986131536-SegmentedRaftLogWorker] INFO  segmented.SegmentedRaftLogWorker (SegmentedRaftLogWorker.java:execute(644)) - omNode-1@group-523986131536-SegmentedRaftLogWorker: created new log segment /home/runner/work/ozone/ozone/hadoop-ozone/integration-test/target/test-dir/MiniOzoneClusterImpl-68853c07-42d2-4ef8-9e75-e3a852294e6a/omNode-1/ratis/c9bc4cf4-3bc3-3c60-a66b-523986131536/current/log_inprogress_77
2025-04-23 14:38:02,152 [grpc-default-executor-4] WARN  server.GrpcLogAppender (GrpcLogAppender.java:onNextImpl(519)) - omNode-1@group-523986131536->omNode-3-AppendLogResponseHandler: received INCONSISTENCY reply with nextIndex 73, errorCount=2, request=null
2025-04-23 14:38:02,152 [grpc-default-executor-4] INFO  leader.FollowerInfo (FollowerInfoImpl.java:info(70)) - omNode-1@group-523986131536->omNode-3: setNextIndex nextIndex: updateUnconditionally 78 -> 73
2025-04-23 14:38:02,152 [omNode-2@group-523986131536-SegmentedRaftLogWorker] INFO  segmented.SegmentedRaftLogWorker (SegmentedRaftLogWorker.java:execute(601)) - omNode-2@group-523986131536-SegmentedRaftLogWorker: Rolled log segment from /home/runner/work/ozone/ozone/hadoop-ozone/integration-test/target/test-dir/MiniOzoneClusterImpl-68853c07-42d2-4ef8-9e75-e3a852294e6a/omNode-2/ratis/c9bc4cf4-3bc3-3c60-a66b-523986131536/current/log_inprogress_73 to /home/runner/work/ozone/ozone/hadoop-ozone/integration-test/target/test-dir/MiniOzoneClusterImpl-68853c07-42d2-4ef8-9e75-e3a852294e6a/omNode-2/ratis/c9bc4cf4-3bc3-3c60-a66b-523986131536/current/log_73-76
2025-04-23 14:38:02,153 [omNode-3-server-thread1] INFO  server.RaftServer$Division (ServerState.java:setRaftConf(386)) - omNode-3@group-523986131536: set configuration conf: {index: 73, cur=peers:[omNode-3|localhost:15017, omNode-1|localhost:15009, omNode-2|localhost:15013]|listeners:[], old=null}
2025-04-23 14:38:02,153 [omNode-3-server-thread1] INFO  server.RaftServer$Division (ServerState.java:setRaftConf(386)) - omNode-3@group-523986131536: set configuration conf: {index: 77, cur=peers:[omNode-3|localhost:15017, omNode-1|localhost:15009, omNode-2|localhost:15013]|listeners:[], old=null}
2025-04-23 14:38:02,153 [omNode-3-server-thread1] INFO  segmented.SegmentedRaftLogWorker (SegmentedRaftLogWorker.java:rollLogSegment(443)) - omNode-3@group-523986131536-SegmentedRaftLogWorker: Rolling segment log-69_72 to index:72
2025-04-23 14:38:02,153 [omNode-3-server-thread1] INFO  segmented.SegmentedRaftLogWorker (SegmentedRaftLogWorker.java:rollLogSegment(443)) - omNode-3@group-523986131536-SegmentedRaftLogWorker: Rolling segment log-73_76 to index:76
2025-04-23 14:38:02,153 [omNode-3-server-thread1] INFO  server.RaftServer$Division (ServerState.java:setRaftConf(386)) - omNode-3@group-523986131536: set configuration conf: {index: 73, cur=peers:[omNode-3|localhost:15017, omNode-1|localhost:15009, omNode-2|localhost:15013]|listeners:[], old=null}
2025-04-23 14:38:02,154 [omNode-3-server-thread1] INFO  server.RaftServer$Division (ServerState.java:setRaftConf(386)) - omNode-3@group-523986131536: set configuration conf: {index: 77, cur=peers:[omNode-3|localhost:15017, omNode-1|localhost:15009, omNode-2|localhost:15013]|listeners:[], old=null}
2025-04-23 14:38:02,155 [omNode-2@group-523986131536-SegmentedRaftLogWorker] INFO  segmented.BufferedWriteChannel (BufferedWriteChannel.java:open(61)) - open log_inprogress_77 at position 0
2025-04-23 14:38:02,155 [omNode-3@group-523986131536-SegmentedRaftLogWorker] INFO  segmented.SegmentedRaftLogWorker (SegmentedRaftLogWorker.java:execute(601)) - omNode-3@group-523986131536-SegmentedRaftLogWorker: Rolled log segment from /home/runner/work/ozone/ozone/hadoop-ozone/integration-test/target/test-dir/MiniOzoneClusterImpl-68853c07-42d2-4ef8-9e75-e3a852294e6a/omNode-3/ratis/c9bc4cf4-3bc3-3c60-a66b-523986131536/current/log_inprogress_69 to /home/runner/work/ozone/ozone/hadoop-ozone/integration-test/target/test-dir/MiniOzoneClusterImpl-68853c07-42d2-4ef8-9e75-e3a852294e6a/omNode-3/ratis/c9bc4cf4-3bc3-3c60-a66b-523986131536/current/log_69-72
2025-04-23 14:38:02,155 [omNode-3@group-523986131536-SegmentedRaftLogWorker] INFO  segmented.BufferedWriteChannel (BufferedWriteChannel.java:open(61)) - open log_inprogress_73 at position 0
2025-04-23 14:38:02,165 [omNode-2@group-523986131536-SegmentedRaftLogWorker] INFO  segmented.SegmentedRaftLogWorker (SegmentedRaftLogWorker.java:execute(644)) - omNode-2@group-523986131536-SegmentedRaftLogWorker: created new log segment /home/runner/work/ozone/ozone/hadoop-ozone/integration-test/target/test-dir/MiniOzoneClusterImpl-68853c07-42d2-4ef8-9e75-e3a852294e6a/omNode-2/ratis/c9bc4cf4-3bc3-3c60-a66b-523986131536/current/log_inprogress_77
2025-04-23 14:38:02,166 [omNode-3@group-523986131536-SegmentedRaftLogWorker] INFO  segmented.SegmentedRaftLogWorker (SegmentedRaftLogWorker.java:execute(644)) - omNode-3@group-523986131536-SegmentedRaftLogWorker: created new log segment /home/runner/work/ozone/ozone/hadoop-ozone/integration-test/target/test-dir/MiniOzoneClusterImpl-68853c07-42d2-4ef8-9e75-e3a852294e6a/omNode-3/ratis/c9bc4cf4-3bc3-3c60-a66b-523986131536/current/log_inprogress_73
2025-04-23 14:38:02,168 [omNode-3@group-523986131536-SegmentedRaftLogWorker] INFO  segmented.SegmentedRaftLogWorker (SegmentedRaftLogWorker.java:execute(601)) - omNode-3@group-523986131536-SegmentedRaftLogWorker: Rolled log segment from /home/runner/work/ozone/ozone/hadoop-ozone/integration-test/target/test-dir/MiniOzoneClusterImpl-68853c07-42d2-4ef8-9e75-e3a852294e6a/omNode-3/ratis/c9bc4cf4-3bc3-3c60-a66b-523986131536/current/log_inprogress_73 to /home/runner/work/ozone/ozone/hadoop-ozone/integration-test/target/test-dir/MiniOzoneClusterImpl-68853c07-42d2-4ef8-9e75-e3a852294e6a/omNode-3/ratis/c9bc4cf4-3bc3-3c60-a66b-523986131536/current/log_73-76
2025-04-23 14:38:02,169 [omNode-1@group-523986131536-StateMachineUpdater] INFO  ratis.OzoneManagerStateMachine (OzoneManagerStateMachine.java:notifyConfigurationChanged(231)) - notifyConfigurationChanged from Ratis: term=8, index=77, New Peer list: omNode-3(localhost:15017), omNode-1(localhost:15009), omNode-2(localhost:15013)
2025-04-23 14:38:02,169 [omNode-3@group-523986131536-SegmentedRaftLogWorker] INFO  segmented.BufferedWriteChannel (BufferedWriteChannel.java:open(61)) - open log_inprogress_77 at position 0
2025-04-23 14:38:02,169 [omNode-1@group-523986131536-StateMachineUpdater] INFO  server.RaftServer$Division (LeaderStateImpl.java:checkStartIndex(313)) - Leader omNode-1@group-523986131536-LeaderStateImpl is ready since appliedIndex == startIndex == 77
2025-04-23 14:38:02,170 [omNode-2@group-523986131536-StateMachineUpdater] INFO  ratis.OzoneManagerStateMachine (OzoneManagerStateMachine.java:notifyConfigurationChanged(231)) - notifyConfigurationChanged from Ratis: term=8, index=77, New Peer list: omNode-3(localhost:15017), omNode-1(localhost:15009), omNode-2(localhost:15013)
2025-04-23 14:38:02,177 [omNode-3@group-523986131536-SegmentedRaftLogWorker] INFO  segmented.SegmentedRaftLogWorker (SegmentedRaftLogWorker.java:execute(644)) - omNode-3@group-523986131536-SegmentedRaftLogWorker: created new log segment /home/runner/work/ozone/ozone/hadoop-ozone/integration-test/target/test-dir/MiniOzoneClusterImpl-68853c07-42d2-4ef8-9e75-e3a852294e6a/omNode-3/ratis/c9bc4cf4-3bc3-3c60-a66b-523986131536/current/log_inprogress_77
2025-04-23 14:38:02,179 [omNode-3@group-523986131536-StateMachineUpdater] INFO  ratis.OzoneManagerStateMachine (OzoneManagerStateMachine.java:notifyConfigurationChanged(231)) - notifyConfigurationChanged from Ratis: term=7, index=73, New Peer list: omNode-3(localhost:15017), omNode-1(localhost:15009), omNode-2(localhost:15013)
2025-04-23 14:38:02,181 [omNode-3-OMStateMachineApplyTransactionThread - 0] WARN  helpers.OzoneAclUtil (OzoneAclUtil.java:getDefaultAclList(77)) - Failed to get primary group from user user16440 (auth:SIMPLE)
2025-04-23 14:38:02,181 [omNode-3-OMStateMachineApplyTransactionThread - 0] INFO  volume.OMVolumeCreateRequest (OMVolumeCreateRequest.java:validateAndUpdateCache(203)) - created volume:volume11726 for user:user16440
2025-04-23 14:38:02,181 [omNode-3@group-523986131536-StateMachineUpdater] INFO  ratis.OzoneManagerStateMachine (OzoneManagerStateMachine.java:notifyConfigurationChanged(231)) - notifyConfigurationChanged from Ratis: term=8, index=77, New Peer list: omNode-3(localhost:15017), omNode-1(localhost:15009), omNode-2(localhost:15013)
2025-04-23 14:38:02,279 [main] INFO  rpc.RpcClient (RpcClient.java:createVolume(462)) - Creating Volume: volume1e040420-eda9-4327-a657-43759a43ac0f, with user42402 as owner and space quota set to -1 bytes, counts quota set to -1
2025-04-23 14:38:02,280 [main] INFO  retry.RetryInvocationHandler (RetryInvocationHandler.java:log(426)) - com.google.protobuf.ServiceException: java.io.EOFException: End of File Exception between local host is: "fv-az1120-822/10.1.0.114"; destination host is: "localhost":15006; : java.io.EOFException; For more details see:  http://wiki.apache.org/hadoop/EOFException, while invoking $Proxy68.submitRequest over nodeId=omNode-1,nodeAddress=127.0.0.1:15006. Trying to failover immediately. Current retry count: 0.
2025-04-23 14:38:02,282 [main] INFO  retry.RetryInvocationHandler (RetryInvocationHandler.java:log(426)) - com.google.protobuf.ServiceException: org.apache.hadoop.ipc.RemoteException(org.apache.hadoop.ozone.om.exceptions.OMNotLeaderException): OM:omNode-2 is not the leader. Suggested leader is OM:omNode-1[localhost/127.0.0.1].
	at org.apache.hadoop.ozone.om.ratis.OzoneManagerRatisServer.newOMNotLeaderException(OzoneManagerRatisServer.java:813)
	at org.apache.hadoop.ozone.om.OzoneManager.checkLeaderStatus(OzoneManager.java:4355)
	at org.apache.hadoop.ozone.om.ratis.utils.OzoneManagerRatisUtils.checkLeaderStatus(OzoneManagerRatisUtils.java:500)
	at org.apache.hadoop.ozone.protocolPB.OzoneManagerProtocolServerSideTranslatorPB.internalProcessRequest(OzoneManagerProtocolServerSideTranslatorPB.java:165)
	at org.apache.hadoop.ozone.protocolPB.OzoneManagerProtocolServerSideTranslatorPB.processRequest(OzoneManagerProtocolServerSideTranslatorPB.java:125)
	at org.apache.hadoop.hdds.server.OzoneProtocolMessageDispatcher.processRequest(OzoneProtocolMessageDispatcher.java:87)
	at org.apache.hadoop.ozone.protocolPB.OzoneManagerProtocolServerSideTranslatorPB.submitRequest(OzoneManagerProtocolServerSideTranslatorPB.java:116)
	at org.apache.hadoop.ozone.protocol.proto.OzoneManagerProtocolProtos$OzoneManagerService$2.callBlockingMethod(OzoneManagerProtocolProtos.java)
	at org.apache.hadoop.ipc.ProtobufRpcEngine$Server.processCall(ProtobufRpcEngine.java:484)
	at org.apache.hadoop.ipc.ProtobufRpcEngine2$Server$ProtoBufRpcInvoker.call(ProtobufRpcEngine2.java:595)
	at org.apache.hadoop.ipc.ProtobufRpcEngine2$Server$ProtoBufRpcInvoker.call(ProtobufRpcEngine2.java:573)
	at org.apache.hadoop.ipc.RPC$Server.call(RPC.java:1227)
	at org.apache.hadoop.ipc.Server$RpcCall.run(Server.java:1246)
	at org.apache.hadoop.ipc.Server$RpcCall.run(Server.java:1169)
	at java.base/java.security.AccessController.doPrivileged(AccessController.java:714)
	at java.base/javax.security.auth.Subject.doAs(Subject.java:525)
	at org.apache.hadoop.security.UserGroupInformation.doAs(UserGroupInformation.java:1953)
	at org.apache.hadoop.ipc.Server$Handler.run(Server.java:3198)
, while invoking $Proxy68.submitRequest over nodeId=omNode-2,nodeAddress=127.0.0.1:15010 after 1 failover attempts. Trying to failover immediately. Current retry count: 1.
2025-04-23 14:38:02,283 [main] INFO  retry.RetryInvocationHandler (RetryInvocationHandler.java:log(426)) - com.google.protobuf.ServiceException: org.apache.hadoop.ipc.RemoteException(org.apache.hadoop.ozone.om.exceptions.OMNotLeaderException): OM:omNode-3 is not the leader. Suggested leader is OM:omNode-1[localhost/127.0.0.1].
	at org.apache.hadoop.ozone.om.ratis.OzoneManagerRatisServer.newOMNotLeaderException(OzoneManagerRatisServer.java:813)
	at org.apache.hadoop.ozone.om.OzoneManager.checkLeaderStatus(OzoneManager.java:4355)
	at org.apache.hadoop.ozone.om.ratis.utils.OzoneManagerRatisUtils.checkLeaderStatus(OzoneManagerRatisUtils.java:500)
	at org.apache.hadoop.ozone.protocolPB.OzoneManagerProtocolServerSideTranslatorPB.internalProcessRequest(OzoneManagerProtocolServerSideTranslatorPB.java:165)
	at org.apache.hadoop.ozone.protocolPB.OzoneManagerProtocolServerSideTranslatorPB.processRequest(OzoneManagerProtocolServerSideTranslatorPB.java:125)
	at org.apache.hadoop.hdds.server.OzoneProtocolMessageDispatcher.processRequest(OzoneProtocolMessageDispatcher.java:87)
	at org.apache.hadoop.ozone.protocolPB.OzoneManagerProtocolServerSideTranslatorPB.submitRequest(OzoneManagerProtocolServerSideTranslatorPB.java:116)
	at org.apache.hadoop.ozone.protocol.proto.OzoneManagerProtocolProtos$OzoneManagerService$2.callBlockingMethod(OzoneManagerProtocolProtos.java)
	at org.apache.hadoop.ipc.ProtobufRpcEngine$Server.processCall(ProtobufRpcEngine.java:484)
	at org.apache.hadoop.ipc.ProtobufRpcEngine2$Server$ProtoBufRpcInvoker.call(ProtobufRpcEngine2.java:595)
	at org.apache.hadoop.ipc.ProtobufRpcEngine2$Server$ProtoBufRpcInvoker.call(ProtobufRpcEngine2.java:573)
	at org.apache.hadoop.ipc.RPC$Server.call(RPC.java:1227)
	at org.apache.hadoop.ipc.Server$RpcCall.run(Server.java:1246)
	at org.apache.hadoop.ipc.Server$RpcCall.run(Server.java:1169)
	at java.base/java.security.AccessController.doPrivileged(AccessController.java:714)
	at java.base/javax.security.auth.Subject.doAs(Subject.java:525)
	at org.apache.hadoop.security.UserGroupInformation.doAs(UserGroupInformation.java:1953)
	at org.apache.hadoop.ipc.Server$Handler.run(Server.java:3198)
, while invoking $Proxy68.submitRequest over nodeId=omNode-3,nodeAddress=127.0.0.1:15014 after 2 failover attempts. Trying to failover after sleeping for 2000ms. Current retry count: 2.
2025-04-23 14:38:04,298 [omNode-2-OMStateMachineApplyTransactionThread - 0] WARN  helpers.OzoneAclUtil (OzoneAclUtil.java:getDefaultAclList(77)) - Failed to get primary group from user user42402 (auth:SIMPLE)
2025-04-23 14:38:04,298 [omNode-1-OMStateMachineApplyTransactionThread - 0] WARN  helpers.OzoneAclUtil (OzoneAclUtil.java:getDefaultAclList(77)) - Failed to get primary group from user user42402 (auth:SIMPLE)
2025-04-23 14:38:04,298 [omNode-3-OMStateMachineApplyTransactionThread - 0] WARN  helpers.OzoneAclUtil (OzoneAclUtil.java:getDefaultAclList(77)) - Failed to get primary group from user user42402 (auth:SIMPLE)
2025-04-23 14:38:04,298 [omNode-1-OMStateMachineApplyTransactionThread - 0] INFO  volume.OMVolumeCreateRequest (OMVolumeCreateRequest.java:validateAndUpdateCache(203)) - created volume:volume1e040420-eda9-4327-a657-43759a43ac0f for user:user42402
2025-04-23 14:38:04,298 [omNode-3-OMStateMachineApplyTransactionThread - 0] INFO  volume.OMVolumeCreateRequest (OMVolumeCreateRequest.java:validateAndUpdateCache(203)) - created volume:volume1e040420-eda9-4327-a657-43759a43ac0f for user:user42402
2025-04-23 14:38:04,298 [omNode-2-OMStateMachineApplyTransactionThread - 0] INFO  volume.OMVolumeCreateRequest (OMVolumeCreateRequest.java:validateAndUpdateCache(203)) - created volume:volume1e040420-eda9-4327-a657-43759a43ac0f for user:user42402
2025-04-23 14:38:04,301 [main] INFO  rpc.RpcClient (RpcClient.java:createBucket(687)) - Creating Bucket: volume1e040420-eda9-4327-a657-43759a43ac0f/db50887a-4558-4948-ad0d-692e38cee5c5, with server-side default bucket layout, runner as owner, Versioning false, Storage Type set to DISK and Encryption set to false, Replication Type set to server-side default replication type, Namespace Quota set to -1, Space Quota set to -1 
2025-04-23 14:38:04,306 [omNode-1-OMStateMachineApplyTransactionThread - 0] INFO  bucket.OMBucketCreateRequest (OMBucketCreateRequest.java:validateAndUpdateCache(291)) - created bucket: db50887a-4558-4948-ad0d-692e38cee5c5 of layout OBJECT_STORE in volume: volume1e040420-eda9-4327-a657-43759a43ac0f
2025-04-23 14:38:04,307 [omNode-2-OMStateMachineApplyTransactionThread - 0] INFO  bucket.OMBucketCreateRequest (OMBucketCreateRequest.java:validateAndUpdateCache(291)) - created bucket: db50887a-4558-4948-ad0d-692e38cee5c5 of layout OBJECT_STORE in volume: volume1e040420-eda9-4327-a657-43759a43ac0f
2025-04-23 14:38:04,308 [omNode-3-OMStateMachineApplyTransactionThread - 0] INFO  bucket.OMBucketCreateRequest (OMBucketCreateRequest.java:validateAndUpdateCache(291)) - created bucket: db50887a-4558-4948-ad0d-692e38cee5c5 of layout OBJECT_STORE in volume: volume1e040420-eda9-4327-a657-43759a43ac0f
2025-04-23 14:38:04,435 [main] INFO  om.OzoneManager (OzoneManager.java:stop(2347)) - omNode-1[localhost:15006]: Stopping Ozone Manager
2025-04-23 14:38:04,435 [main] INFO  ipc.Server (Server.java:stop(3697)) - Stopping server on 15006
2025-04-23 14:38:04,437 [IPC Server listener on 15006] INFO  ipc.Server (Server.java:run(1585)) - Stopping IPC Server listener on 15006
2025-04-23 14:38:04,437 [IPC Server Responder] INFO  ipc.Server (Server.java:run(1718)) - Stopping IPC Server Responder
2025-04-23 14:38:04,437 [main] INFO  ratis.OzoneManagerRatisServer (OzoneManagerRatisServer.java:stop(634)) - Stopping org.apache.hadoop.ozone.om.ratis.OzoneManagerRatisServer@2cacc0b at port 15009
2025-04-23 14:38:04,437 [main] INFO  server.RaftServer (RaftServerProxy.java:lambda$close$9(417)) - omNode-1: close
2025-04-23 14:38:04,437 [main] INFO  server.GrpcService (GrpcService.java:closeImpl(343)) - omNode-1: shutdown server GrpcServerProtocolService now
2025-04-23 14:38:04,437 [omNode-1-impl-thread1] INFO  server.RaftServer$Division (RaftServerImpl.java:lambda$close$1(513)) - omNode-1@group-523986131536: shutdown
2025-04-23 14:38:04,438 [omNode-1-impl-thread1] INFO  util.JmxRegister (JmxRegister.java:unregister(74)) - Successfully un-registered JMX Bean with object name Ratis:service=RaftServer,group=group-523986131536,id=omNode-1
2025-04-23 14:38:04,438 [omNode-1-impl-thread1] INFO  impl.RoleInfo (RoleInfo.java:shutdownLeaderState(103)) - omNode-1: shutdown omNode-1@group-523986131536-LeaderStateImpl
2025-04-23 14:38:04,438 [omNode-1@group-523986131536->omNode-2-GrpcLogAppender-LogAppenderDaemon] WARN  server.GrpcLogAppender (GrpcLogAppender.java:mayWait(293)) - omNode-1@group-523986131536->omNode-2-GrpcLogAppender: Wait interrupted by java.lang.InterruptedException
2025-04-23 14:38:04,438 [omNode-1-impl-thread1] INFO  impl.PendingRequests (PendingRequests.java:sendNotLeaderResponses(287)) - omNode-1@group-523986131536-PendingRequests: sendNotLeaderResponses
2025-04-23 14:38:04,438 [omNode-1@group-523986131536->omNode-3-GrpcLogAppender-LogAppenderDaemon] WARN  server.GrpcLogAppender (GrpcLogAppender.java:mayWait(293)) - omNode-1@group-523986131536->omNode-3-GrpcLogAppender: Wait interrupted by java.lang.InterruptedException
2025-04-23 14:38:04,439 [grpc-default-executor-5] INFO  server.GrpcServerProtocolService (GrpcServerProtocolService.java:onCompleted(157)) - omNode-2: Completed APPEND_ENTRIES, lastRequest: omNode-1->omNode-2#59-t8,previous=(t:8, i:101),leaderCommit=101,initializing? false,entries: size=1, first=(t:8, i:102), METADATAENTRY(c:101)
2025-04-23 14:38:04,439 [grpc-default-executor-5] INFO  server.GrpcServerProtocolService (GrpcServerProtocolService.java:lambda$onCompleted$5(159)) - omNode-2: Completed APPEND_ENTRIES, lastReply: null
2025-04-23 14:38:04,439 [Thread-2927] INFO  server.GrpcServerProtocolClient (GrpcServerProtocolClient.java:close(105)) - omNode-3 Close channels
2025-04-23 14:38:04,439 [grpc-default-executor-6] INFO  server.GrpcServerProtocolService (GrpcServerProtocolService.java:onCompleted(157)) - omNode-3: Completed APPEND_ENTRIES, lastRequest: omNode-1->omNode-3#67-t8,previous=(t:8, i:101),leaderCommit=101,initializing? false,entries: size=1, first=(t:8, i:102), METADATAENTRY(c:101)
2025-04-23 14:38:04,439 [grpc-default-executor-6] INFO  server.GrpcServerProtocolService (GrpcServerProtocolService.java:lambda$onCompleted$5(159)) - omNode-3: Completed APPEND_ENTRIES, lastReply: null
2025-04-23 14:38:04,439 [grpc-default-executor-4] INFO  server.GrpcServerProtocolService (GrpcServerProtocolService.java:onCompleted(157)) - omNode-3: Completed APPEND_ENTRIES, lastRequest: null
2025-04-23 14:38:04,439 [grpc-default-executor-0] INFO  server.GrpcServerProtocolService (GrpcServerProtocolService.java:onCompleted(157)) - omNode-2: Completed APPEND_ENTRIES, lastRequest: null
2025-04-23 14:38:04,440 [grpc-default-executor-4] INFO  server.GrpcServerProtocolService (GrpcServerProtocolService.java:lambda$onCompleted$5(159)) - omNode-3: Completed APPEND_ENTRIES, lastReply: serverReply {
  requestorId: "omNode-1"
  replyId: "omNode-3"
  raftGroupId {
    id: "\311\274L\364;\303<`\246kR9\206\023\0256"
  }
  callId: 15
  success: true
}
term: 8
nextIndex: 79
followerCommit: 78
matchIndex: 18446744073709551615
isHearbeat: true

2025-04-23 14:38:04,440 [grpc-default-executor-0] INFO  server.GrpcServerProtocolService (GrpcServerProtocolService.java:lambda$onCompleted$5(159)) - omNode-2: Completed APPEND_ENTRIES, lastReply: serverReply {
  requestorId: "omNode-1"
  replyId: "omNode-2"
  raftGroupId {
    id: "\311\274L\364;\303<`\246kR9\206\023\0256"
  }
  callId: 10
  success: true
}
term: 8
nextIndex: 79
followerCommit: 78
matchIndex: 18446744073709551615
isHearbeat: true

2025-04-23 14:38:04,440 [Thread-2929] INFO  server.GrpcServerProtocolClient (GrpcServerProtocolClient.java:close(105)) - omNode-2 Close channels
2025-04-23 14:38:04,441 [omNode-1-impl-thread1] INFO  impl.StateMachineUpdater (StateMachineUpdater.java:stopAndJoin(164)) - omNode-1@group-523986131536-StateMachineUpdater: set stopIndex = 102
2025-04-23 14:38:04,442 [grpc-default-executor-4] INFO  server.GrpcLogAppender (GrpcLogAppender.java:onCompleted(550)) - omNode-1@group-523986131536->omNode-2-AppendLogResponseHandler: follower responses appendEntries COMPLETED
2025-04-23 14:38:04,442 [grpc-default-executor-4] WARN  server.GrpcLogAppender (GrpcLogAppender.java:resetClient(230)) - omNode-1@group-523986131536->omNode-2-GrpcLogAppender: Failed to getClient for omNode-2
org.apache.ratis.protocol.exceptions.AlreadyClosedException: omNode-1 is already CLOSED
	at org.apache.ratis.util.PeerProxyMap$PeerAndProxy.getProxy(PeerProxyMap.java:67)
	at org.apache.ratis.util.PeerProxyMap.getProxy(PeerProxyMap.java:124)
	at org.apache.ratis.grpc.server.GrpcLogAppender.getClient(GrpcLogAppender.java:200)
	at org.apache.ratis.grpc.server.GrpcLogAppender.resetClient(GrpcLogAppender.java:205)
	at org.apache.ratis.grpc.server.GrpcLogAppender.access$800(GrpcLogAppender.java:64)
	at org.apache.ratis.grpc.server.GrpcLogAppender$AppendLogResponseHandler.onCompleted(GrpcLogAppender.java:551)
	at org.apache.ratis.thirdparty.io.grpc.stub.ClientCalls$StreamObserverToCallListenerAdapter.onClose(ClientCalls.java:479)
	at org.apache.ratis.thirdparty.io.grpc.internal.ClientCallImpl.closeObserver(ClientCallImpl.java:567)
	at org.apache.ratis.thirdparty.io.grpc.internal.ClientCallImpl.access$300(ClientCallImpl.java:71)
	at org.apache.ratis.thirdparty.io.grpc.internal.ClientCallImpl$ClientStreamListenerImpl$1StreamClosed.runInternal(ClientCallImpl.java:735)
	at org.apache.ratis.thirdparty.io.grpc.internal.ClientCallImpl$ClientStreamListenerImpl$1StreamClosed.runInContext(ClientCallImpl.java:716)
	at org.apache.ratis.thirdparty.io.grpc.internal.ContextRunnable.run(ContextRunnable.java:37)
	at org.apache.ratis.thirdparty.io.grpc.internal.SerializingExecutor.run(SerializingExecutor.java:133)
	at java.base/java.util.concurrent.ThreadPoolExecutor.runWorker(ThreadPoolExecutor.java:1144)
	at java.base/java.util.concurrent.ThreadPoolExecutor$Worker.run(ThreadPoolExecutor.java:642)
	at java.base/java.lang.Thread.run(Thread.java:1583)
2025-04-23 14:38:04,442 [grpc-default-executor-4] INFO  server.GrpcLogAppender (GrpcLogAppender.java:onCompleted(550)) - omNode-1@group-523986131536->omNode-2-AppendLogResponseHandler: follower responses appendEntries COMPLETED
2025-04-23 14:38:04,442 [grpc-default-executor-0] INFO  server.GrpcLogAppender (GrpcLogAppender.java:onCompleted(550)) - omNode-1@group-523986131536->omNode-3-AppendLogResponseHandler: follower responses appendEntries COMPLETED
2025-04-23 14:38:04,442 [grpc-default-executor-0] WARN  server.GrpcLogAppender (GrpcLogAppender.java:resetClient(230)) - omNode-1@group-523986131536->omNode-3-GrpcLogAppender: Failed to getClient for omNode-3
org.apache.ratis.protocol.exceptions.AlreadyClosedException: omNode-1 is already CLOSED
	at org.apache.ratis.util.PeerProxyMap$PeerAndProxy.getProxy(PeerProxyMap.java:67)
	at org.apache.ratis.util.PeerProxyMap.getProxy(PeerProxyMap.java:124)
	at org.apache.ratis.grpc.server.GrpcLogAppender.getClient(GrpcLogAppender.java:200)
	at org.apache.ratis.grpc.server.GrpcLogAppender.resetClient(GrpcLogAppender.java:205)
	at org.apache.ratis.grpc.server.GrpcLogAppender.access$800(GrpcLogAppender.java:64)
	at org.apache.ratis.grpc.server.GrpcLogAppender$AppendLogResponseHandler.onCompleted(GrpcLogAppender.java:551)
	at org.apache.ratis.thirdparty.io.grpc.stub.ClientCalls$StreamObserverToCallListenerAdapter.onClose(ClientCalls.java:479)
	at org.apache.ratis.thirdparty.io.grpc.internal.ClientCallImpl.closeObserver(ClientCallImpl.java:567)
	at org.apache.ratis.thirdparty.io.grpc.internal.ClientCallImpl.access$300(ClientCallImpl.java:71)
	at org.apache.ratis.thirdparty.io.grpc.internal.ClientCallImpl$ClientStreamListenerImpl$1StreamClosed.runInternal(ClientCallImpl.java:735)
	at org.apache.ratis.thirdparty.io.grpc.internal.ClientCallImpl$ClientStreamListenerImpl$1StreamClosed.runInContext(ClientCallImpl.java:716)
	at org.apache.ratis.thirdparty.io.grpc.internal.ContextRunnable.run(ContextRunnable.java:37)
	at org.apache.ratis.thirdparty.io.grpc.internal.SerializingExecutor.run(SerializingExecutor.java:133)
	at java.base/java.util.concurrent.ThreadPoolExecutor.runWorker(ThreadPoolExecutor.java:1144)
	at java.base/java.util.concurrent.ThreadPoolExecutor$Worker.run(ThreadPoolExecutor.java:642)
	at java.base/java.lang.Thread.run(Thread.java:1583)
2025-04-23 14:38:04,442 [grpc-default-executor-6] INFO  server.GrpcLogAppender (GrpcLogAppender.java:onCompleted(550)) - omNode-1@group-523986131536->omNode-3-AppendLogResponseHandler: follower responses appendEntries COMPLETED
2025-04-23 14:38:04,443 [grpc-default-executor-6] WARN  server.GrpcLogAppender (GrpcLogAppender.java:resetClient(230)) - omNode-1@group-523986131536->omNode-3-GrpcLogAppender: Failed to getClient for omNode-3
org.apache.ratis.protocol.exceptions.AlreadyClosedException: omNode-1 is already CLOSED
	at org.apache.ratis.util.PeerProxyMap$PeerAndProxy.getProxy(PeerProxyMap.java:67)
	at org.apache.ratis.util.PeerProxyMap.getProxy(PeerProxyMap.java:124)
	at org.apache.ratis.grpc.server.GrpcLogAppender.getClient(GrpcLogAppender.java:200)
	at org.apache.ratis.grpc.server.GrpcLogAppender.resetClient(GrpcLogAppender.java:205)
	at org.apache.ratis.grpc.server.GrpcLogAppender.access$800(GrpcLogAppender.java:64)
	at org.apache.ratis.grpc.server.GrpcLogAppender$AppendLogResponseHandler.onCompleted(GrpcLogAppender.java:551)
	at org.apache.ratis.thirdparty.io.grpc.stub.ClientCalls$StreamObserverToCallListenerAdapter.onClose(ClientCalls.java:479)
	at org.apache.ratis.thirdparty.io.grpc.internal.DelayedClientCall$DelayedListener$3.run(DelayedClientCall.java:489)
	at org.apache.ratis.thirdparty.io.grpc.internal.DelayedClientCall$DelayedListener.delayOrExecute(DelayedClientCall.java:453)
	at org.apache.ratis.thirdparty.io.grpc.internal.DelayedClientCall$DelayedListener.onClose(DelayedClientCall.java:486)
	at org.apache.ratis.thirdparty.io.grpc.internal.ClientCallImpl.closeObserver(ClientCallImpl.java:567)
	at org.apache.ratis.thirdparty.io.grpc.internal.ClientCallImpl.access$300(ClientCallImpl.java:71)
	at org.apache.ratis.thirdparty.io.grpc.internal.ClientCallImpl$ClientStreamListenerImpl$1StreamClosed.runInternal(ClientCallImpl.java:735)
	at org.apache.ratis.thirdparty.io.grpc.internal.ClientCallImpl$ClientStreamListenerImpl$1StreamClosed.runInContext(ClientCallImpl.java:716)
	at org.apache.ratis.thirdparty.io.grpc.internal.ContextRunnable.run(ContextRunnable.java:37)
	at org.apache.ratis.thirdparty.io.grpc.internal.SerializingExecutor.run(SerializingExecutor.java:133)
	at java.base/java.util.concurrent.ThreadPoolExecutor.runWorker(ThreadPoolExecutor.java:1144)
	at java.base/java.util.concurrent.ThreadPoolExecutor$Worker.run(ThreadPoolExecutor.java:642)
	at java.base/java.lang.Thread.run(Thread.java:1583)
2025-04-23 14:38:04,443 [grpc-default-executor-4] WARN  server.GrpcLogAppender (GrpcLogAppender.java:resetClient(230)) - omNode-1@group-523986131536->omNode-2-GrpcLogAppender: Failed to getClient for omNode-2
org.apache.ratis.protocol.exceptions.AlreadyClosedException: omNode-1 is already CLOSED
	at org.apache.ratis.util.PeerProxyMap$PeerAndProxy.getProxy(PeerProxyMap.java:67)
	at org.apache.ratis.util.PeerProxyMap.getProxy(PeerProxyMap.java:124)
	at org.apache.ratis.grpc.server.GrpcLogAppender.getClient(GrpcLogAppender.java:200)
	at org.apache.ratis.grpc.server.GrpcLogAppender.resetClient(GrpcLogAppender.java:205)
	at org.apache.ratis.grpc.server.GrpcLogAppender.access$800(GrpcLogAppender.java:64)
	at org.apache.ratis.grpc.server.GrpcLogAppender$AppendLogResponseHandler.onCompleted(GrpcLogAppender.java:551)
	at org.apache.ratis.thirdparty.io.grpc.stub.ClientCalls$StreamObserverToCallListenerAdapter.onClose(ClientCalls.java:479)
	at org.apache.ratis.thirdparty.io.grpc.internal.DelayedClientCall$DelayedListener$3.run(DelayedClientCall.java:489)
	at org.apache.ratis.thirdparty.io.grpc.internal.DelayedClientCall$DelayedListener.delayOrExecute(DelayedClientCall.java:453)
	at org.apache.ratis.thirdparty.io.grpc.internal.DelayedClientCall$DelayedListener.onClose(DelayedClientCall.java:486)
	at org.apache.ratis.thirdparty.io.grpc.internal.ClientCallImpl.closeObserver(ClientCallImpl.java:567)
	at org.apache.ratis.thirdparty.io.grpc.internal.ClientCallImpl.access$300(ClientCallImpl.java:71)
	at org.apache.ratis.thirdparty.io.grpc.internal.ClientCallImpl$ClientStreamListenerImpl$1StreamClosed.runInternal(ClientCallImpl.java:735)
	at org.apache.ratis.thirdparty.io.grpc.internal.ClientCallImpl$ClientStreamListenerImpl$1StreamClosed.runInContext(ClientCallImpl.java:716)
	at org.apache.ratis.thirdparty.io.grpc.internal.ContextRunnable.run(ContextRunnable.java:37)
	at org.apache.ratis.thirdparty.io.grpc.internal.SerializingExecutor.run(SerializingExecutor.java:133)
	at java.base/java.util.concurrent.ThreadPoolExecutor.runWorker(ThreadPoolExecutor.java:1144)
	at java.base/java.util.concurrent.ThreadPoolExecutor$Worker.run(ThreadPoolExecutor.java:642)
	at java.base/java.lang.Thread.run(Thread.java:1583)
2025-04-23 14:38:04,444 [main] INFO  server.GrpcService (GrpcService.java:closeImpl(352)) - omNode-1: shutdown server GrpcServerProtocolService successfully
2025-04-23 14:38:04,466 [omNode-1@group-523986131536-StateMachineUpdater] INFO  ratis.OzoneManagerStateMachine (OzoneManagerStateMachine.java:takeSnapshotImpl(510)) - omNode-1: taking snapshot. applied = (t:8, i:102), skipped = 101, notified = (t:8, i:102), current snapshot index = (t:8, i:102), took 24 ms
2025-04-23 14:38:04,466 [omNode-1@group-523986131536-StateMachineUpdater] INFO  impl.StateMachineUpdater (StateMachineUpdater.java:takeSnapshot(303)) - omNode-1@group-523986131536-StateMachineUpdater: Took a snapshot at index 102
2025-04-23 14:38:04,466 [omNode-1@group-523986131536-StateMachineUpdater] INFO  impl.StateMachineUpdater (StateMachineUpdater.java:lambda$new$0(102)) - omNode-1@group-523986131536-StateMachineUpdater: snapshotIndex: updateIncreasingly 76 -> 102
2025-04-23 14:38:04,466 [omNode-1@group-523986131536-StateMachineUpdater] INFO  raftlog.RaftLog (RaftLogBase.java:purge(325)) - omNode-1@group-523986131536-SegmentedRaftLog: purge 102
2025-04-23 14:38:04,466 [omNode-1@group-523986131536-StateMachineUpdater] INFO  raftlog.RaftLog (RaftLogBase.java:lambda$new$0(54)) - omNode-1@group-523986131536-SegmentedRaftLog: snapshotIndex: updateIncreasingly 76 -> 102
2025-04-23 14:38:04,467 [omNode-1@group-523986131536-StateMachineUpdater] INFO  raftlog.RaftLog (SegmentedRaftLog.java:purgeImpl(382)) - omNode-1@group-523986131536-SegmentedRaftLog: purge(102)
  toTruncate: null
    toDelete: [(73, 76) isOpen? false, length=0, newEndIndex=0, (69, 72) isOpen? false, length=0, newEndIndex=0, (35, 68) isOpen? false, length=0, newEndIndex=0]
2025-04-23 14:38:04,467 [omNode-1@group-523986131536-StateMachineUpdater] INFO  impl.StateMachineUpdater (StateMachineUpdater.java:stop(141)) - omNode-1@group-523986131536-StateMachineUpdater: closing OzoneManagerStateMachine, lastApplied=(t:8, i:102)
2025-04-23 14:38:04,467 [omNode-1@group-523986131536-StateMachineUpdater] INFO  ratis.OzoneManagerStateMachine (OzoneManagerStateMachine.java:close(550)) - Stopping OzoneManagerStateMachine:omNode-1:group-523986131536.
2025-04-23 14:38:04,467 [omNode-1@group-523986131536-StateMachineUpdater] INFO  ratis.OzoneManagerDoubleBuffer (OzoneManagerDoubleBuffer.java:stopDaemon(500)) - Stopping OMDoubleBuffer flush thread
2025-04-23 14:38:04,467 [omNode-1-OMDoubleBufferFlushThread] INFO  ratis.OzoneManagerDoubleBuffer (OzoneManagerDoubleBuffer.java:canFlush(559)) - OMDoubleBuffer flush thread omNode-1-OMDoubleBufferFlushThread is interrupted and will exit.
2025-04-23 14:38:04,467 [omNode-1@group-523986131536-SegmentedRaftLogWorker] INFO  segmented.SegmentedRaftLogWorker (SegmentedRaftLogWorker.java:execute(481)) - omNode-1@group-523986131536-SegmentedRaftLogWorker: Purged RaftLog segment: info=(73, 76) isOpen? false, length=0, newEndIndex=0, path=/home/runner/work/ozone/ozone/hadoop-ozone/integration-test/target/test-dir/MiniOzoneClusterImpl-68853c07-42d2-4ef8-9e75-e3a852294e6a/omNode-1/ratis/c9bc4cf4-3bc3-3c60-a66b-523986131536/current/log_73-76
2025-04-23 14:38:04,467 [omNode-1@group-523986131536-cacheEviction-AwaitToRun] INFO  util.AwaitToRun (AwaitToRun.java:run(49)) - omNode-1@group-523986131536-cacheEviction-AwaitToRun-AwaitForSignal is interrupted
2025-04-23 14:38:04,467 [omNode-1@group-523986131536-SegmentedRaftLogWorker] INFO  segmented.SegmentedRaftLogWorker (SegmentedRaftLogWorker.java:execute(481)) - omNode-1@group-523986131536-SegmentedRaftLogWorker: Purged RaftLog segment: info=(69, 72) isOpen? false, length=0, newEndIndex=0, path=/home/runner/work/ozone/ozone/hadoop-ozone/integration-test/target/test-dir/MiniOzoneClusterImpl-68853c07-42d2-4ef8-9e75-e3a852294e6a/omNode-1/ratis/c9bc4cf4-3bc3-3c60-a66b-523986131536/current/log_69-72
2025-04-23 14:38:04,468 [omNode-1@group-523986131536-SegmentedRaftLogWorker] INFO  segmented.SegmentedRaftLogWorker (SegmentedRaftLogWorker.java:execute(481)) - omNode-1@group-523986131536-SegmentedRaftLogWorker: Purged RaftLog segment: info=(35, 68) isOpen? false, length=0, newEndIndex=0, path=/home/runner/work/ozone/ozone/hadoop-ozone/integration-test/target/test-dir/MiniOzoneClusterImpl-68853c07-42d2-4ef8-9e75-e3a852294e6a/omNode-1/ratis/c9bc4cf4-3bc3-3c60-a66b-523986131536/current/log_35-68
2025-04-23 14:38:04,468 [omNode-1@group-523986131536-SegmentedRaftLogWorker] INFO  raftlog.RaftLog (RaftLogBase.java:lambda$new$0(54)) - omNode-1@group-523986131536-SegmentedRaftLog: purgeIndex: updateToMax old=34, new=76, updated? true
2025-04-23 14:38:04,469 [omNode-1-impl-thread1] INFO  segmented.SegmentedRaftLogWorker (SegmentedRaftLogWorker.java:close(252)) - omNode-1@group-523986131536-SegmentedRaftLogWorker close()
2025-04-23 14:38:04,469 [JvmPauseMonitor21] INFO  util.JvmPauseMonitor (JvmPauseMonitor.java:run(152)) - JvmPauseMonitor-omNode-1: Stopped
2025-04-23 14:38:04,469 [main] INFO  utils.BackgroundService (BackgroundService.java:shutdown(161)) - Shutting down service KeyDeletingService
2025-04-23 14:38:04,470 [main] INFO  utils.BackgroundService (BackgroundService.java:shutdown(161)) - Shutting down service DirectoryDeletingService
2025-04-23 14:38:04,470 [main] INFO  utils.BackgroundService (BackgroundService.java:shutdown(161)) - Shutting down service OpenKeyCleanupService
2025-04-23 14:38:04,471 [main] INFO  utils.BackgroundService (BackgroundService.java:shutdown(161)) - Shutting down service SstFilteringService
2025-04-23 14:38:04,471 [main] INFO  utils.BackgroundService (BackgroundService.java:shutdown(161)) - Shutting down service SnapshotDeletingService
2025-04-23 14:38:04,471 [main] INFO  utils.BackgroundService (BackgroundService.java:shutdown(161)) - Shutting down service MultipartUploadCleanupService
2025-04-23 14:38:04,472 [main] INFO  handler.ContextHandler (ContextHandler.java:doStop(1159)) - Stopped o.e.j.w.WebAppContext@8ab9d87{ozoneManager,/,null,STOPPED}{file:/home/runner/work/ozone/ozone/hadoop-ozone/integration-test/target/test-classes/webapps/ozoneManager}
2025-04-23 14:38:04,473 [main] INFO  server.AbstractConnector (AbstractConnector.java:doStop(383)) - Stopped ServerConnector@20a5a4f9{HTTP/1.1, (http/1.1)}{0.0.0.0:15007}
2025-04-23 14:38:04,473 [main] INFO  server.session (HouseKeeper.java:stopScavenging(149)) - node0 Stopped scavenging
2025-04-23 14:38:04,473 [main] INFO  handler.ContextHandler (ContextHandler.java:doStop(1159)) - Stopped o.e.j.s.ServletContextHandler@2e58f97{static,/static,file:///home/runner/work/ozone/ozone/hadoop-ozone/integration-test/target/test-classes/webapps/static,STOPPED}
2025-04-23 14:38:04,473 [main] INFO  handler.ContextHandler (ContextHandler.java:doStop(1159)) - Stopped o.e.j.s.ServletContextHandler@1386848d{logs,/logs,file:///home/runner/work/ozone/ozone/hadoop-ozone/integration-test/target/log,STOPPED}
2025-04-23 14:38:04,474 [main] INFO  rocksdiff.RocksDBCheckpointDiffer (RocksDBCheckpointDiffer.java:close(304)) - Shutting down CompactionDagPruningService.
2025-04-23 14:38:04,476 [main] INFO  snapshot.SnapshotDiffManager (SnapshotDiffManager.java:closeExecutorService(1698)) - Shutting down executorService: 'SnapDiffExecutor'
2025-04-23 14:38:04,476 [main] INFO  utils.BackgroundService (BackgroundService.java:shutdown(161)) - Shutting down service SnapshotDiffCleanupService
2025-04-23 14:38:06,538 [omNode-3@group-523986131536-FollowerState] INFO  impl.FollowerState (FollowerState.java:runImpl(161)) - omNode-3@group-523986131536-FollowerState: change to CANDIDATE, lastRpcElapsedTime:2118331936ns, electionTimeout:1084ms
2025-04-23 14:38:06,538 [omNode-3@group-523986131536-FollowerState] INFO  impl.RoleInfo (RoleInfo.java:shutdownFollowerState(121)) - omNode-3: shutdown omNode-3@group-523986131536-FollowerState
2025-04-23 14:38:06,539 [omNode-3@group-523986131536-FollowerState] INFO  server.RaftServer$Division (RaftServerImpl.java:setRole(378)) - omNode-3@group-523986131536: changes role from  FOLLOWER to CANDIDATE at term 8 for changeToCandidate
2025-04-23 14:38:06,539 [omNode-3@group-523986131536-FollowerState] INFO  server.RaftServerConfigKeys (ConfUtils.java:logGet(46)) - raft.server.leaderelection.pre-vote = true (default)
2025-04-23 14:38:06,539 [omNode-3@group-523986131536-FollowerState] INFO  impl.RoleInfo (RoleInfo.java:updateAndGet(148)) - omNode-3: start omNode-3@group-523986131536-LeaderElection20
2025-04-23 14:38:06,539 [omNode-3@group-523986131536-LeaderElection20] INFO  server.RaftServer$Division (ServerState.java:setLeader(272)) - omNode-3@group-523986131536: change Leader from omNode-1 to null at term 8 for PRE_VOTE
2025-04-23 14:38:06,539 [omNode-3@group-523986131536-LeaderElection20] INFO  impl.LeaderElection (LeaderElection.java:askForVotes(332)) - omNode-3@group-523986131536-LeaderElection20 PRE_VOTE round 0: submit vote requests at term 8 for conf: {index: 77, cur=peers:[omNode-3|localhost:15017, omNode-1|localhost:15009, omNode-2|localhost:15013]|listeners:[], old=null}
2025-04-23 14:38:06,541 [grpc-default-executor-4] INFO  server.RaftServer$Division (RaftServerImpl.java:requestVote(1407)) - omNode-2@group-523986131536: receive requestVote(PRE_VOTE, omNode-3, group-523986131536, 8, (t:8, i:102))
2025-04-23 14:38:06,541 [grpc-default-executor-4] INFO  impl.VoteContext (VoteContext.java:log(49)) - omNode-2@group-523986131536-FOLLOWER: accept PRE_VOTE from omNode-3: our priority 0 <= candidate's priority 0
2025-04-23 14:38:06,541 [grpc-default-executor-4] INFO  server.RaftServer$Division (RaftServerImpl.java:requestVote(1441)) - omNode-2@group-523986131536 replies to PRE_VOTE vote request: omNode-3<-omNode-2#0:OK-t8. Peer's state: omNode-2@group-523986131536:t8, leader=omNode-1, voted=omNode-1, raftlog=Memoized:omNode-2@group-523986131536-SegmentedRaftLog:OPENED:c101:last(t:8, i:102), conf=conf: {index: 77, cur=peers:[omNode-3|localhost:15017, omNode-1|localhost:15009, omNode-2|localhost:15013]|listeners:[], old=null}
2025-04-23 14:38:06,541 [omNode-3@group-523986131536-LeaderElection20] INFO  impl.LeaderElection (LogUtils.java:infoOrTrace(136)) - omNode-3@group-523986131536-LeaderElection20 got exception when requesting votes: java.util.concurrent.ExecutionException: org.apache.ratis.thirdparty.io.grpc.StatusRuntimeException: UNAVAILABLE: io exception
2025-04-23 14:38:06,542 [omNode-3@group-523986131536-LeaderElection20] INFO  impl.LeaderElection (LeaderElection.java:logAndReturn(90)) - omNode-3@group-523986131536-LeaderElection20: PRE_VOTE PASSED received 1 response(s) and 1 exception(s):
2025-04-23 14:38:06,542 [omNode-3@group-523986131536-LeaderElection20] INFO  impl.LeaderElection (LeaderElection.java:logAndReturn(94)) -   Response 0: omNode-3<-omNode-2#0:OK-t8
2025-04-23 14:38:06,542 [omNode-3@group-523986131536-LeaderElection20] INFO  impl.LeaderElection (LogUtils.java:infoOrTrace(136)) -   Exception 1: java.util.concurrent.ExecutionException: org.apache.ratis.thirdparty.io.grpc.StatusRuntimeException: UNAVAILABLE: io exception
2025-04-23 14:38:06,542 [omNode-3@group-523986131536-LeaderElection20] INFO  impl.LeaderElection (LeaderElection.java:askForVotes(334)) - omNode-3@group-523986131536-LeaderElection20 PRE_VOTE round 0: result PASSED
2025-04-23 14:38:06,544 [omNode-3@group-523986131536-LeaderElection20] INFO  impl.LeaderElection (LeaderElection.java:askForVotes(332)) - omNode-3@group-523986131536-LeaderElection20 ELECTION round 0: submit vote requests at term 9 for conf: {index: 77, cur=peers:[omNode-3|localhost:15017, omNode-1|localhost:15009, omNode-2|localhost:15013]|listeners:[], old=null}
2025-04-23 14:38:06,544 [omNode-3@group-523986131536-LeaderElection20] INFO  impl.LeaderElection (LogUtils.java:infoOrTrace(136)) - omNode-3@group-523986131536-LeaderElection20 got exception when requesting votes: java.util.concurrent.ExecutionException: org.apache.ratis.thirdparty.io.grpc.StatusRuntimeException: UNAVAILABLE: io exception
2025-04-23 14:38:06,545 [grpc-default-executor-4] INFO  server.RaftServer$Division (RaftServerImpl.java:requestVote(1407)) - omNode-2@group-523986131536: receive requestVote(ELECTION, omNode-3, group-523986131536, 9, (t:8, i:102))
2025-04-23 14:38:06,545 [grpc-default-executor-4] INFO  impl.VoteContext (VoteContext.java:log(49)) - omNode-2@group-523986131536-FOLLOWER: accept ELECTION from omNode-3: our priority 0 <= candidate's priority 0
2025-04-23 14:38:06,545 [grpc-default-executor-4] INFO  server.RaftServer$Division (RaftServerImpl.java:setRole(378)) - omNode-2@group-523986131536: changes role from  FOLLOWER to FOLLOWER at term 8 for candidate:omNode-3
2025-04-23 14:38:06,545 [grpc-default-executor-4] INFO  impl.RoleInfo (RoleInfo.java:shutdownFollowerState(121)) - omNode-2: shutdown omNode-2@group-523986131536-FollowerState
2025-04-23 14:38:06,545 [grpc-default-executor-4] INFO  server.RaftServer$Division (ServerState.java:setLeader(272)) - omNode-2@group-523986131536: change Leader from omNode-1 to null at term 9 for updateCurrentTerm
2025-04-23 14:38:06,545 [grpc-default-executor-4] INFO  impl.RoleInfo (RoleInfo.java:updateAndGet(148)) - omNode-2: start omNode-2@group-523986131536-FollowerState
2025-04-23 14:38:06,545 [omNode-2@group-523986131536-FollowerState] INFO  impl.FollowerState (FollowerState.java:runImpl(170)) - omNode-2@group-523986131536-FollowerState was interrupted
2025-04-23 14:38:06,547 [grpc-default-executor-4] INFO  server.RaftServer$Division (RaftServerImpl.java:requestVote(1441)) - omNode-2@group-523986131536 replies to ELECTION vote request: omNode-3<-omNode-2#0:OK-t9. Peer's state: omNode-2@group-523986131536:t9, leader=null, voted=omNode-3, raftlog=Memoized:omNode-2@group-523986131536-SegmentedRaftLog:OPENED:c101:last(t:8, i:102), conf=conf: {index: 77, cur=peers:[omNode-3|localhost:15017, omNode-1|localhost:15009, omNode-2|localhost:15013]|listeners:[], old=null}
2025-04-23 14:38:06,547 [omNode-3@group-523986131536-LeaderElection20] INFO  impl.LeaderElection (LeaderElection.java:logAndReturn(90)) - omNode-3@group-523986131536-LeaderElection20: ELECTION PASSED received 1 response(s) and 1 exception(s):
2025-04-23 14:38:06,547 [omNode-3@group-523986131536-LeaderElection20] INFO  impl.LeaderElection (LeaderElection.java:logAndReturn(94)) -   Response 0: omNode-3<-omNode-2#0:OK-t9
2025-04-23 14:38:06,547 [omNode-3@group-523986131536-LeaderElection20] INFO  impl.LeaderElection (LogUtils.java:infoOrTrace(136)) -   Exception 1: java.util.concurrent.ExecutionException: org.apache.ratis.thirdparty.io.grpc.StatusRuntimeException: UNAVAILABLE: io exception
2025-04-23 14:38:06,547 [omNode-3@group-523986131536-LeaderElection20] INFO  impl.LeaderElection (LeaderElection.java:askForVotes(334)) - omNode-3@group-523986131536-LeaderElection20 ELECTION round 0: result PASSED
2025-04-23 14:38:06,547 [omNode-3@group-523986131536-LeaderElection20] INFO  impl.RoleInfo (RoleInfo.java:shutdownLeaderElection(141)) - omNode-3: shutdown omNode-3@group-523986131536-LeaderElection20
2025-04-23 14:38:06,547 [omNode-3@group-523986131536-LeaderElection20] INFO  server.RaftServer$Division (RaftServerImpl.java:setRole(378)) - omNode-3@group-523986131536: changes role from CANDIDATE to LEADER at term 9 for changeToLeader
2025-04-23 14:38:06,547 [omNode-3@group-523986131536-LeaderElection20] INFO  server.RaftServerConfigKeys (ConfUtils.java:logGet(46)) - raft.server.staging.catchup.gap = 1000 (default)
2025-04-23 14:38:06,547 [omNode-3@group-523986131536-LeaderElection20] INFO  server.RaftServerConfigKeys (ConfUtils.java:logGet(46)) - raft.server.write.element-limit = 4096 (default)
2025-04-23 14:38:06,547 [omNode-3@group-523986131536-LeaderElection20] INFO  server.RaftServerConfigKeys (ConfUtils.java:logGet(46)) - raft.server.write.byte-limit = 64MB (=67108864) (default)
2025-04-23 14:38:06,548 [omNode-3@group-523986131536-LeaderElection20] INFO  server.RaftServerConfigKeys (ConfUtils.java:logGet(46)) - raft.server.watch.timeout = 10s (default)
2025-04-23 14:38:06,548 [omNode-3@group-523986131536-LeaderElection20] INFO  server.RaftServerConfigKeys (ConfUtils.java:logGet(46)) - raft.server.watch.timeout.denomination = 1s (default)
2025-04-23 14:38:06,548 [omNode-3@group-523986131536-LeaderElection20] INFO  server.RaftServerConfigKeys (ConfUtils.java:logGet(46)) - raft.server.watch.element-limit = 65536 (default)
2025-04-23 14:38:06,548 [omNode-3@group-523986131536-LeaderElection20] INFO  server.RaftServerConfigKeys (ConfUtils.java:logGet(46)) - raft.server.read.leader.lease.enabled = false (default)
2025-04-23 14:38:06,548 [omNode-3@group-523986131536-LeaderElection20] INFO  server.RaftServerConfigKeys (ConfUtils.java:logGet(46)) - raft.server.read.leader.lease.timeout.ratio = 0.9 (default)
2025-04-23 14:38:06,548 [omNode-3@group-523986131536-LeaderElection20] INFO  server.RaftServerConfigKeys (ConfUtils.java:logGet(46)) - raft.server.rpc.timeout.min = 1s (custom)
2025-04-23 14:38:06,548 [omNode-3@group-523986131536-LeaderElection20] INFO  server.RaftServerConfigKeys (ConfUtils.java:logGet(46)) - raft.server.log.log-metadata.enabled = true (default)
2025-04-23 14:38:06,548 [omNode-3@group-523986131536-LeaderElection20] INFO  server.RaftServerConfigKeys (ConfUtils.java:logGet(46)) - raft.server.write.element-limit = 4096 (default)
2025-04-23 14:38:06,548 [omNode-3@group-523986131536-LeaderElection20] INFO  server.RaftServerConfigKeys (ConfUtils.java:logGet(46)) - raft.server.write.follower.gap.ratio.max = -1.0 (default)
2025-04-23 14:38:06,549 [omNode-3@group-523986131536-LeaderElection20] INFO  server.RaftServerConfigKeys (ConfUtils.java:logGet(46)) - raft.server.log.appender.snapshot.chunk.size.max = 16MB (=16777216) (default)
2025-04-23 14:38:06,549 [omNode-3@group-523986131536-LeaderElection20] INFO  server.RaftServerConfigKeys (ConfUtils.java:logGet(46)) - raft.server.log.appender.buffer.byte-limit = 4194304 (custom)
2025-04-23 14:38:06,549 [omNode-3@group-523986131536-LeaderElection20] INFO  server.RaftServerConfigKeys (ConfUtils.java:logGet(46)) - raft.server.log.appender.buffer.element-limit = 1024 (custom)
2025-04-23 14:38:06,549 [omNode-3@group-523986131536-LeaderElection20] INFO  server.RaftServerConfigKeys (ConfUtils.java:logGet(46)) - raft.server.log.appender.wait-time.min = 0ms (custom)
2025-04-23 14:38:06,549 [omNode-3@group-523986131536-LeaderElection20] INFO  grpc.GrpcConfigKeys (ConfUtils.java:logGet(46)) - raft.grpc.server.leader.outstanding.appends.max = 8 (default)
2025-04-23 14:38:06,549 [omNode-3@group-523986131536-LeaderElection20] INFO  server.RaftServerConfigKeys (ConfUtils.java:logGet(46)) - raft.server.rpc.request.timeout = 3000ms (default)
2025-04-23 14:38:06,549 [omNode-3@group-523986131536-LeaderElection20] INFO  grpc.GrpcConfigKeys (ConfUtils.java:logGet(46)) - raft.grpc.server.install_snapshot.request.element-limit = 8 (default)
2025-04-23 14:38:06,549 [omNode-3@group-523986131536-LeaderElection20] INFO  grpc.GrpcConfigKeys (ConfUtils.java:logGet(46)) - raft.grpc.server.install_snapshot.request.timeout = 3000ms (default)
2025-04-23 14:38:06,549 [omNode-3@group-523986131536-LeaderElection20] INFO  grpc.GrpcConfigKeys (ConfUtils.java:logGet(46)) - raft.grpc.server.log-message.batch.duration = 5s (default)
2025-04-23 14:38:06,549 [omNode-3@group-523986131536-LeaderElection20] INFO  server.RaftServerConfigKeys (ConfUtils.java:logGet(46)) - raft.server.log.appender.install.snapshot.enabled = false (custom)
2025-04-23 14:38:06,549 [omNode-3@group-523986131536-LeaderElection20] INFO  grpc.GrpcConfigKeys (ConfUtils.java:logGet(46)) - raft.grpc.server.heartbeat.channel = true (default)
2025-04-23 14:38:06,550 [omNode-3@group-523986131536-LeaderElection20] INFO  server.RaftServerConfigKeys (ConfUtils.java:logGet(46)) - raft.server.log.appender.snapshot.chunk.size.max = 16MB (=16777216) (default)
2025-04-23 14:38:06,550 [omNode-3@group-523986131536-LeaderElection20] INFO  server.RaftServerConfigKeys (ConfUtils.java:logGet(46)) - raft.server.log.appender.buffer.byte-limit = 4194304 (custom)
2025-04-23 14:38:06,550 [omNode-3@group-523986131536-LeaderElection20] INFO  server.RaftServerConfigKeys (ConfUtils.java:logGet(46)) - raft.server.log.appender.buffer.element-limit = 1024 (custom)
2025-04-23 14:38:06,550 [omNode-3@group-523986131536-LeaderElection20] INFO  server.RaftServerConfigKeys (ConfUtils.java:logGet(46)) - raft.server.log.appender.wait-time.min = 0ms (custom)
2025-04-23 14:38:06,551 [omNode-3@group-523986131536-LeaderElection20] INFO  grpc.GrpcConfigKeys (ConfUtils.java:logGet(46)) - raft.grpc.server.leader.outstanding.appends.max = 8 (default)
2025-04-23 14:38:06,551 [omNode-3@group-523986131536-LeaderElection20] INFO  server.RaftServerConfigKeys (ConfUtils.java:logGet(46)) - raft.server.rpc.request.timeout = 3000ms (default)
2025-04-23 14:38:06,551 [omNode-3@group-523986131536-LeaderElection20] INFO  grpc.GrpcConfigKeys (ConfUtils.java:logGet(46)) - raft.grpc.server.install_snapshot.request.element-limit = 8 (default)
2025-04-23 14:38:06,551 [omNode-3@group-523986131536-LeaderElection20] INFO  grpc.GrpcConfigKeys (ConfUtils.java:logGet(46)) - raft.grpc.server.install_snapshot.request.timeout = 3000ms (default)
2025-04-23 14:38:06,551 [omNode-3@group-523986131536-LeaderElection20] INFO  grpc.GrpcConfigKeys (ConfUtils.java:logGet(46)) - raft.grpc.server.log-message.batch.duration = 5s (default)
2025-04-23 14:38:06,551 [omNode-3@group-523986131536-LeaderElection20] INFO  server.RaftServerConfigKeys (ConfUtils.java:logGet(46)) - raft.server.log.appender.install.snapshot.enabled = false (custom)
2025-04-23 14:38:06,551 [omNode-3@group-523986131536-LeaderElection20] INFO  grpc.GrpcConfigKeys (ConfUtils.java:logGet(46)) - raft.grpc.server.heartbeat.channel = true (default)
2025-04-23 14:38:06,551 [omNode-3@group-523986131536-LeaderElection20] INFO  impl.RoleInfo (RoleInfo.java:updateAndGet(148)) - omNode-3: start omNode-3@group-523986131536-LeaderStateImpl
2025-04-23 14:38:06,551 [omNode-3@group-523986131536-LeaderElection20] INFO  ratis.OzoneManagerStateMachine (OzoneManagerStateMachine.java:notifyLeaderChanged(169)) - omNode-3@group-523986131536: leader changed to omNode-3
2025-04-23 14:38:06,551 [omNode-3@group-523986131536-LeaderElection20] INFO  server.RaftServer$Division (ServerState.java:setLeader(272)) - omNode-3@group-523986131536: change Leader from null to omNode-3 at term 9 for becomeLeader, leader elected after 12ms
2025-04-23 14:38:06,551 [omNode-3@group-523986131536-LeaderElection20] INFO  segmented.SegmentedRaftLogWorker (SegmentedRaftLogWorker.java:rollLogSegment(443)) - omNode-3@group-523986131536-SegmentedRaftLogWorker: Rolling segment log-77_102 to index:102
2025-04-23 14:38:06,552 [omNode-3@group-523986131536-LeaderElection20] INFO  server.RaftServer$Division (ServerState.java:setRaftConf(386)) - omNode-3@group-523986131536: set configuration conf: {index: 103, cur=peers:[omNode-3|localhost:15017, omNode-1|localhost:15009, omNode-2|localhost:15013]|listeners:[], old=null}
2025-04-23 14:38:06,553 [omNode-3@group-523986131536-SegmentedRaftLogWorker] INFO  segmented.SegmentedRaftLogWorker (SegmentedRaftLogWorker.java:execute(601)) - omNode-3@group-523986131536-SegmentedRaftLogWorker: Rolled log segment from /home/runner/work/ozone/ozone/hadoop-ozone/integration-test/target/test-dir/MiniOzoneClusterImpl-68853c07-42d2-4ef8-9e75-e3a852294e6a/omNode-3/ratis/c9bc4cf4-3bc3-3c60-a66b-523986131536/current/log_inprogress_77 to /home/runner/work/ozone/ozone/hadoop-ozone/integration-test/target/test-dir/MiniOzoneClusterImpl-68853c07-42d2-4ef8-9e75-e3a852294e6a/omNode-3/ratis/c9bc4cf4-3bc3-3c60-a66b-523986131536/current/log_77-102
2025-04-23 14:38:06,553 [omNode-3@group-523986131536-SegmentedRaftLogWorker] INFO  segmented.BufferedWriteChannel (BufferedWriteChannel.java:open(61)) - open log_inprogress_103 at position 0
2025-04-23 14:38:06,559 [grpc-default-executor-4] WARN  server.GrpcLogAppender (LogUtils.java:warn(121)) - omNode-3@group-523986131536->omNode-1-AppendLogResponseHandler: Failed appendEntries: org.apache.ratis.thirdparty.io.grpc.StatusRuntimeException: UNAVAILABLE: io exception
2025-04-23 14:38:06,559 [grpc-default-executor-4] WARN  server.GrpcLogAppender (GrpcLogAppender.java:lambda$resetClient$1(221)) - omNode-3@group-523986131536->omNode-1-GrpcLogAppender: Follower failed (request=null, errorCount=1); keep nextIndex (103) unchanged and retry.
2025-04-23 14:38:06,562 [grpc-default-executor-2] WARN  server.GrpcLogAppender (GrpcLogAppender.java:lambda$resetClient$1(221)) - omNode-3@group-523986131536->omNode-1-GrpcLogAppender: Follower failed (request=null, errorCount=2); keep nextIndex (104) unchanged and retry.
2025-04-23 14:38:06,563 [omNode-3@group-523986131536-SegmentedRaftLogWorker] INFO  segmented.SegmentedRaftLogWorker (SegmentedRaftLogWorker.java:execute(644)) - omNode-3@group-523986131536-SegmentedRaftLogWorker: created new log segment /home/runner/work/ozone/ozone/hadoop-ozone/integration-test/target/test-dir/MiniOzoneClusterImpl-68853c07-42d2-4ef8-9e75-e3a852294e6a/omNode-3/ratis/c9bc4cf4-3bc3-3c60-a66b-523986131536/current/log_inprogress_103
2025-04-23 14:38:06,564 [omNode-2-server-thread3] INFO  ratis.OzoneManagerStateMachine (OzoneManagerStateMachine.java:notifyLeaderChanged(169)) - omNode-2@group-523986131536: leader changed to omNode-3
2025-04-23 14:38:06,564 [omNode-2-server-thread3] INFO  server.RaftServer$Division (ServerState.java:setLeader(272)) - omNode-2@group-523986131536: change Leader from null to omNode-3 at term 9 for appendEntries, leader elected after 18ms
2025-04-23 14:38:06,564 [omNode-2-server-thread3] INFO  server.RaftServer$Division (ServerState.java:setRaftConf(386)) - omNode-2@group-523986131536: set configuration conf: {index: 103, cur=peers:[omNode-3|localhost:15017, omNode-1|localhost:15009, omNode-2|localhost:15013]|listeners:[], old=null}
2025-04-23 14:38:06,564 [omNode-2-server-thread3] INFO  segmented.SegmentedRaftLogWorker (SegmentedRaftLogWorker.java:rollLogSegment(443)) - omNode-2@group-523986131536-SegmentedRaftLogWorker: Rolling segment log-77_102 to index:102
2025-04-23 14:38:06,566 [omNode-2@group-523986131536-SegmentedRaftLogWorker] INFO  segmented.SegmentedRaftLogWorker (SegmentedRaftLogWorker.java:execute(601)) - omNode-2@group-523986131536-SegmentedRaftLogWorker: Rolled log segment from /home/runner/work/ozone/ozone/hadoop-ozone/integration-test/target/test-dir/MiniOzoneClusterImpl-68853c07-42d2-4ef8-9e75-e3a852294e6a/omNode-2/ratis/c9bc4cf4-3bc3-3c60-a66b-523986131536/current/log_inprogress_77 to /home/runner/work/ozone/ozone/hadoop-ozone/integration-test/target/test-dir/MiniOzoneClusterImpl-68853c07-42d2-4ef8-9e75-e3a852294e6a/omNode-2/ratis/c9bc4cf4-3bc3-3c60-a66b-523986131536/current/log_77-102
2025-04-23 14:38:06,566 [omNode-2@group-523986131536-SegmentedRaftLogWorker] INFO  segmented.BufferedWriteChannel (BufferedWriteChannel.java:open(61)) - open log_inprogress_103 at position 0
2025-04-23 14:38:06,573 [omNode-2@group-523986131536-SegmentedRaftLogWorker] INFO  segmented.SegmentedRaftLogWorker (SegmentedRaftLogWorker.java:execute(644)) - omNode-2@group-523986131536-SegmentedRaftLogWorker: created new log segment /home/runner/work/ozone/ozone/hadoop-ozone/integration-test/target/test-dir/MiniOzoneClusterImpl-68853c07-42d2-4ef8-9e75-e3a852294e6a/omNode-2/ratis/c9bc4cf4-3bc3-3c60-a66b-523986131536/current/log_inprogress_103
2025-04-23 14:38:06,575 [grpc-default-executor-5] WARN  server.GrpcLogAppender (GrpcLogAppender.java:lambda$resetClient$1(221)) - omNode-3@group-523986131536->omNode-1-GrpcLogAppender: Follower failed (request=null, errorCount=5); keep nextIndex (105) unchanged and retry.
2025-04-23 14:38:06,577 [omNode-3@group-523986131536-StateMachineUpdater] INFO  ratis.OzoneManagerStateMachine (OzoneManagerStateMachine.java:notifyConfigurationChanged(231)) - notifyConfigurationChanged from Ratis: term=9, index=103, New Peer list: omNode-3(localhost:15017), omNode-1(localhost:15009), omNode-2(localhost:15013)
2025-04-23 14:38:06,577 [omNode-3@group-523986131536-StateMachineUpdater] INFO  server.RaftServer$Division (LeaderStateImpl.java:checkStartIndex(313)) - Leader omNode-3@group-523986131536-LeaderStateImpl is ready since appliedIndex == startIndex == 103
2025-04-23 14:38:06,579 [omNode-2@group-523986131536-StateMachineUpdater] INFO  ratis.OzoneManagerStateMachine (OzoneManagerStateMachine.java:notifyConfigurationChanged(231)) - notifyConfigurationChanged from Ratis: term=9, index=103, New Peer list: omNode-3(localhost:15017), omNode-1(localhost:15009), omNode-2(localhost:15013)
2025-04-23 14:38:11,560 [timer3] WARN  server.GrpcLogAppender (LogUtils.java:warn(121)) - omNode-3@group-523986131536->omNode-1-AppendLogResponseHandler: Failed appendEntries (Repeated 20 times in the last 5.001s): org.apache.ratis.thirdparty.io.grpc.StatusRuntimeException: UNAVAILABLE: io exception
2025-04-23 14:38:11,562 [timer6] WARN  server.GrpcLogAppender (GrpcLogAppender.java:lambda$resetClient$1(221)) - omNode-3@group-523986131536->omNode-1-GrpcLogAppender: Follower failed (request=null, errorCount=4); keep nextIndex (104) unchanged and retry. (Repeated 3 times in the last 5.000s)
2025-04-23 14:38:11,575 [timer3] WARN  server.GrpcLogAppender (GrpcLogAppender.java:lambda$resetClient$1(221)) - omNode-3@group-523986131536->omNode-1-GrpcLogAppender: Follower failed (request=null, errorCount=20); keep nextIndex (105) unchanged and retry. (Repeated 16 times in the last 5.000s)
2025-04-23 14:38:12,213 [grpc-default-executor-2] WARN  server.GrpcLogAppender (LogUtils.java:warn(121)) - omNode-3@group-523986131536->omNode-1-AppendLogResponseHandler: Failed appendEntries: org.apache.ratis.thirdparty.io.grpc.StatusRuntimeException: UNAVAILABLE: io exception
2025-04-23 14:38:12,213 [grpc-default-executor-7] WARN  server.GrpcLogAppender (GrpcLogAppender.java:lambda$resetClient$1(221)) - omNode-3@group-523986131536->omNode-1-GrpcLogAppender: Follower failed (request=null, errorCount=21); keep nextIndex (105) unchanged and retry.
2025-04-23 14:38:12,478 [main] INFO  retry.RetryInvocationHandler (RetryInvocationHandler.java:log(426)) - com.google.protobuf.ServiceException: java.io.EOFException: End of File Exception between local host is: "fv-az1120-822/10.1.0.114"; destination host is: "localhost":15006; : java.io.EOFException; For more details see:  http://wiki.apache.org/hadoop/EOFException, while invoking $Proxy68.submitRequest over nodeId=omNode-1,nodeAddress=127.0.0.1:15006. Trying to failover immediately. Current retry count: 0.
2025-04-23 14:38:12,480 [main] INFO  retry.RetryInvocationHandler (RetryInvocationHandler.java:log(426)) - com.google.protobuf.ServiceException: org.apache.hadoop.ipc.RemoteException(org.apache.hadoop.ozone.om.exceptions.OMNotLeaderException): OM:omNode-2 is not the leader. Suggested leader is OM:omNode-3[localhost/127.0.0.1].
	at org.apache.hadoop.ozone.om.ratis.OzoneManagerRatisServer.newOMNotLeaderException(OzoneManagerRatisServer.java:813)
	at org.apache.hadoop.ozone.protocolPB.OzoneManagerProtocolServerSideTranslatorPB.createLeaderErrorException(OzoneManagerProtocolServerSideTranslatorPB.java:201)
	at org.apache.hadoop.ozone.protocolPB.OzoneManagerProtocolServerSideTranslatorPB.submitReadRequestToOM(OzoneManagerProtocolServerSideTranslatorPB.java:194)
	at org.apache.hadoop.ozone.protocolPB.OzoneManagerProtocolServerSideTranslatorPB.internalProcessRequest(OzoneManagerProtocolServerSideTranslatorPB.java:159)
	at org.apache.hadoop.ozone.protocolPB.OzoneManagerProtocolServerSideTranslatorPB.processRequest(OzoneManagerProtocolServerSideTranslatorPB.java:125)
	at org.apache.hadoop.hdds.server.OzoneProtocolMessageDispatcher.processRequest(OzoneProtocolMessageDispatcher.java:87)
	at org.apache.hadoop.ozone.protocolPB.OzoneManagerProtocolServerSideTranslatorPB.submitRequest(OzoneManagerProtocolServerSideTranslatorPB.java:116)
	at org.apache.hadoop.ozone.protocol.proto.OzoneManagerProtocolProtos$OzoneManagerService$2.callBlockingMethod(OzoneManagerProtocolProtos.java)
	at org.apache.hadoop.ipc.ProtobufRpcEngine$Server.processCall(ProtobufRpcEngine.java:484)
	at org.apache.hadoop.ipc.ProtobufRpcEngine2$Server$ProtoBufRpcInvoker.call(ProtobufRpcEngine2.java:595)
	at org.apache.hadoop.ipc.ProtobufRpcEngine2$Server$ProtoBufRpcInvoker.call(ProtobufRpcEngine2.java:573)
	at org.apache.hadoop.ipc.RPC$Server.call(RPC.java:1227)
	at org.apache.hadoop.ipc.Server$RpcCall.run(Server.java:1246)
	at org.apache.hadoop.ipc.Server$RpcCall.run(Server.java:1169)
	at java.base/java.security.AccessController.doPrivileged(AccessController.java:714)
	at java.base/javax.security.auth.Subject.doAs(Subject.java:525)
	at org.apache.hadoop.security.UserGroupInformation.doAs(UserGroupInformation.java:1953)
	at org.apache.hadoop.ipc.Server$Handler.run(Server.java:3198)
, while invoking $Proxy68.submitRequest over nodeId=omNode-2,nodeAddress=127.0.0.1:15010 after 1 failover attempts. Trying to failover immediately. Current retry count: 1.
2025-04-23 14:38:12,483 [main] INFO  om.OzoneManager (OzoneManager.java:stop(2347)) - omNode-3[localhost:15014]: Stopping Ozone Manager
2025-04-23 14:38:12,483 [main] INFO  ipc.Server (Server.java:stop(3697)) - Stopping server on 15014
2025-04-23 14:38:12,485 [IPC Server listener on 15014] INFO  ipc.Server (Server.java:run(1585)) - Stopping IPC Server listener on 15014
2025-04-23 14:38:12,485 [IPC Server Responder] INFO  ipc.Server (Server.java:run(1718)) - Stopping IPC Server Responder
2025-04-23 14:38:12,485 [main] INFO  ratis.OzoneManagerRatisServer (OzoneManagerRatisServer.java:stop(634)) - Stopping org.apache.hadoop.ozone.om.ratis.OzoneManagerRatisServer@79eb02be at port 15017
2025-04-23 14:38:12,485 [main] INFO  server.RaftServer (RaftServerProxy.java:lambda$close$9(417)) - omNode-3: close
2025-04-23 14:38:12,485 [main] INFO  server.GrpcService (GrpcService.java:closeImpl(343)) - omNode-3: shutdown server GrpcServerProtocolService now
2025-04-23 14:38:12,485 [omNode-3-impl-thread1] INFO  server.RaftServer$Division (RaftServerImpl.java:lambda$close$1(513)) - omNode-3@group-523986131536: shutdown
2025-04-23 14:38:12,485 [omNode-3-impl-thread1] INFO  util.JmxRegister (JmxRegister.java:unregister(74)) - Successfully un-registered JMX Bean with object name Ratis:service=RaftServer,group=group-523986131536,id=omNode-3
2025-04-23 14:38:12,485 [omNode-3-impl-thread1] INFO  impl.RoleInfo (RoleInfo.java:shutdownLeaderState(103)) - omNode-3: shutdown omNode-3@group-523986131536-LeaderStateImpl
2025-04-23 14:38:12,486 [omNode-3-impl-thread1] INFO  impl.PendingRequests (PendingRequests.java:sendNotLeaderResponses(287)) - omNode-3@group-523986131536-PendingRequests: sendNotLeaderResponses
2025-04-23 14:38:12,486 [omNode-3@group-523986131536->omNode-1-GrpcLogAppender-LogAppenderDaemon] WARN  server.GrpcLogAppender (GrpcLogAppender.java:mayWait(293)) - omNode-3@group-523986131536->omNode-1-GrpcLogAppender: Wait interrupted by java.lang.InterruptedException
2025-04-23 14:38:12,486 [omNode-3@group-523986131536->omNode-2-GrpcLogAppender-LogAppenderDaemon] WARN  server.GrpcLogAppender (GrpcLogAppender.java:mayWait(293)) - omNode-3@group-523986131536->omNode-2-GrpcLogAppender: Wait interrupted by java.lang.InterruptedException
2025-04-23 14:38:12,486 [omNode-3-impl-thread1] INFO  impl.StateMachineUpdater (StateMachineUpdater.java:stopAndJoin(164)) - omNode-3@group-523986131536-StateMachineUpdater: set stopIndex = 104
2025-04-23 14:38:12,486 [Thread-3094] INFO  server.GrpcServerProtocolClient (GrpcServerProtocolClient.java:close(105)) - omNode-1 Close channels
2025-04-23 14:38:12,487 [grpc-default-executor-7] INFO  server.GrpcServerProtocolService (GrpcServerProtocolService.java:onCompleted(157)) - omNode-2: Completed APPEND_ENTRIES, lastRequest: null
2025-04-23 14:38:12,487 [Thread-3095] INFO  server.GrpcServerProtocolClient (GrpcServerProtocolClient.java:close(105)) - omNode-2 Close channels
2025-04-23 14:38:12,487 [grpc-default-executor-2] INFO  server.GrpcServerProtocolService (GrpcServerProtocolService.java:onCompleted(157)) - omNode-2: Completed APPEND_ENTRIES, lastRequest: omNode-3->omNode-2#2-t9,previous=(t:9, i:103),leaderCommit=103,initializing? false,entries: size=1, first=(t:9, i:104), METADATAENTRY(c:103)
2025-04-23 14:38:12,487 [grpc-default-executor-2] INFO  server.GrpcServerProtocolService (GrpcServerProtocolService.java:lambda$onCompleted$5(159)) - omNode-2: Completed APPEND_ENTRIES, lastReply: null
2025-04-23 14:38:12,487 [grpc-default-executor-7] INFO  server.GrpcServerProtocolService (GrpcServerProtocolService.java:lambda$onCompleted$5(159)) - omNode-2: Completed APPEND_ENTRIES, lastReply: serverReply {
  requestorId: "omNode-3"
  replyId: "omNode-2"
  raftGroupId {
    id: "\311\274L\364;\303<`\246kR9\206\023\0256"
  }
  callId: 14
  success: true
}
term: 9
nextIndex: 105
followerCommit: 104
matchIndex: 18446744073709551615
isHearbeat: true

2025-04-23 14:38:12,488 [grpc-default-executor-7] INFO  server.GrpcLogAppender (GrpcLogAppender.java:onCompleted(550)) - omNode-3@group-523986131536->omNode-2-AppendLogResponseHandler: follower responses appendEntries COMPLETED
2025-04-23 14:38:12,488 [grpc-default-executor-7] WARN  server.GrpcLogAppender (GrpcLogAppender.java:resetClient(230)) - omNode-3@group-523986131536->omNode-2-GrpcLogAppender: Failed to getClient for omNode-2
org.apache.ratis.protocol.exceptions.AlreadyClosedException: omNode-3 is already CLOSED
	at org.apache.ratis.util.PeerProxyMap$PeerAndProxy.getProxy(PeerProxyMap.java:67)
	at org.apache.ratis.util.PeerProxyMap.getProxy(PeerProxyMap.java:124)
	at org.apache.ratis.grpc.server.GrpcLogAppender.getClient(GrpcLogAppender.java:200)
	at org.apache.ratis.grpc.server.GrpcLogAppender.resetClient(GrpcLogAppender.java:205)
	at org.apache.ratis.grpc.server.GrpcLogAppender.access$800(GrpcLogAppender.java:64)
	at org.apache.ratis.grpc.server.GrpcLogAppender$AppendLogResponseHandler.onCompleted(GrpcLogAppender.java:551)
	at org.apache.ratis.thirdparty.io.grpc.stub.ClientCalls$StreamObserverToCallListenerAdapter.onClose(ClientCalls.java:479)
	at org.apache.ratis.thirdparty.io.grpc.internal.DelayedClientCall$DelayedListener$3.run(DelayedClientCall.java:489)
	at org.apache.ratis.thirdparty.io.grpc.internal.DelayedClientCall$DelayedListener.delayOrExecute(DelayedClientCall.java:453)
	at org.apache.ratis.thirdparty.io.grpc.internal.DelayedClientCall$DelayedListener.onClose(DelayedClientCall.java:486)
	at org.apache.ratis.thirdparty.io.grpc.internal.ClientCallImpl.closeObserver(ClientCallImpl.java:567)
	at org.apache.ratis.thirdparty.io.grpc.internal.ClientCallImpl.access$300(ClientCallImpl.java:71)
	at org.apache.ratis.thirdparty.io.grpc.internal.ClientCallImpl$ClientStreamListenerImpl$1StreamClosed.runInternal(ClientCallImpl.java:735)
	at org.apache.ratis.thirdparty.io.grpc.internal.ClientCallImpl$ClientStreamListenerImpl$1StreamClosed.runInContext(ClientCallImpl.java:716)
	at org.apache.ratis.thirdparty.io.grpc.internal.ContextRunnable.run(ContextRunnable.java:37)
	at org.apache.ratis.thirdparty.io.grpc.internal.SerializingExecutor.run(SerializingExecutor.java:133)
	at java.base/java.util.concurrent.ThreadPoolExecutor.runWorker(ThreadPoolExecutor.java:1144)
	at java.base/java.util.concurrent.ThreadPoolExecutor$Worker.run(ThreadPoolExecutor.java:642)
	at java.base/java.lang.Thread.run(Thread.java:1583)
2025-04-23 14:38:12,488 [grpc-default-executor-2] INFO  server.GrpcLogAppender (GrpcLogAppender.java:onCompleted(550)) - omNode-3@group-523986131536->omNode-2-AppendLogResponseHandler: follower responses appendEntries COMPLETED
2025-04-23 14:38:12,488 [grpc-default-executor-2] WARN  server.GrpcLogAppender (GrpcLogAppender.java:resetClient(230)) - omNode-3@group-523986131536->omNode-2-GrpcLogAppender: Failed to getClient for omNode-2
org.apache.ratis.protocol.exceptions.AlreadyClosedException: omNode-3 is already CLOSED
	at org.apache.ratis.util.PeerProxyMap$PeerAndProxy.getProxy(PeerProxyMap.java:67)
	at org.apache.ratis.util.PeerProxyMap.getProxy(PeerProxyMap.java:124)
	at org.apache.ratis.grpc.server.GrpcLogAppender.getClient(GrpcLogAppender.java:200)
	at org.apache.ratis.grpc.server.GrpcLogAppender.resetClient(GrpcLogAppender.java:205)
	at org.apache.ratis.grpc.server.GrpcLogAppender.access$800(GrpcLogAppender.java:64)
	at org.apache.ratis.grpc.server.GrpcLogAppender$AppendLogResponseHandler.onCompleted(GrpcLogAppender.java:551)
	at org.apache.ratis.thirdparty.io.grpc.stub.ClientCalls$StreamObserverToCallListenerAdapter.onClose(ClientCalls.java:479)
	at org.apache.ratis.thirdparty.io.grpc.internal.ClientCallImpl.closeObserver(ClientCallImpl.java:567)
	at org.apache.ratis.thirdparty.io.grpc.internal.ClientCallImpl.access$300(ClientCallImpl.java:71)
	at org.apache.ratis.thirdparty.io.grpc.internal.ClientCallImpl$ClientStreamListenerImpl$1StreamClosed.runInternal(ClientCallImpl.java:735)
	at org.apache.ratis.thirdparty.io.grpc.internal.ClientCallImpl$ClientStreamListenerImpl$1StreamClosed.runInContext(ClientCallImpl.java:716)
	at org.apache.ratis.thirdparty.io.grpc.internal.ContextRunnable.run(ContextRunnable.java:37)
	at org.apache.ratis.thirdparty.io.grpc.internal.SerializingExecutor.run(SerializingExecutor.java:133)
	at java.base/java.util.concurrent.ThreadPoolExecutor.runWorker(ThreadPoolExecutor.java:1144)
	at java.base/java.util.concurrent.ThreadPoolExecutor$Worker.run(ThreadPoolExecutor.java:642)
	at java.base/java.lang.Thread.run(Thread.java:1583)
2025-04-23 14:38:12,489 [main] INFO  server.GrpcService (GrpcService.java:closeImpl(352)) - omNode-3: shutdown server GrpcServerProtocolService successfully
2025-04-23 14:38:12,508 [omNode-3@group-523986131536-StateMachineUpdater] INFO  ratis.OzoneManagerStateMachine (OzoneManagerStateMachine.java:takeSnapshotImpl(510)) - omNode-3: taking snapshot. applied = (t:9, i:104), skipped = 101, notified = (t:9, i:104), current snapshot index = (t:9, i:104), took 22 ms
2025-04-23 14:38:12,508 [omNode-3@group-523986131536-StateMachineUpdater] INFO  impl.StateMachineUpdater (StateMachineUpdater.java:takeSnapshot(303)) - omNode-3@group-523986131536-StateMachineUpdater: Took a snapshot at index 104
2025-04-23 14:38:12,508 [omNode-3@group-523986131536-StateMachineUpdater] INFO  impl.StateMachineUpdater (StateMachineUpdater.java:lambda$new$0(102)) - omNode-3@group-523986131536-StateMachineUpdater: snapshotIndex: updateIncreasingly 72 -> 104
2025-04-23 14:38:12,508 [omNode-3@group-523986131536-StateMachineUpdater] INFO  raftlog.RaftLog (RaftLogBase.java:purge(325)) - omNode-3@group-523986131536-SegmentedRaftLog: purge 104
2025-04-23 14:38:12,508 [omNode-3@group-523986131536-StateMachineUpdater] INFO  raftlog.RaftLog (RaftLogBase.java:lambda$new$0(54)) - omNode-3@group-523986131536-SegmentedRaftLog: snapshotIndex: updateIncreasingly 72 -> 104
2025-04-23 14:38:12,508 [omNode-3@group-523986131536-StateMachineUpdater] INFO  raftlog.RaftLog (SegmentedRaftLog.java:purgeImpl(382)) - omNode-3@group-523986131536-SegmentedRaftLog: purge(104)
  toTruncate: null
    toDelete: [(77, 102) isOpen? false, length=0, newEndIndex=0, (73, 76) isOpen? false, length=0, newEndIndex=0, (69, 72) isOpen? false, length=0, newEndIndex=0, (35, 68) isOpen? false, length=0, newEndIndex=0]
2025-04-23 14:38:12,509 [omNode-3@group-523986131536-StateMachineUpdater] INFO  impl.StateMachineUpdater (StateMachineUpdater.java:stop(141)) - omNode-3@group-523986131536-StateMachineUpdater: closing OzoneManagerStateMachine, lastApplied=(t:9, i:104)
2025-04-23 14:38:12,509 [omNode-3@group-523986131536-StateMachineUpdater] INFO  ratis.OzoneManagerStateMachine (OzoneManagerStateMachine.java:close(550)) - Stopping OzoneManagerStateMachine:omNode-3:group-523986131536.
2025-04-23 14:38:12,509 [omNode-3@group-523986131536-StateMachineUpdater] INFO  ratis.OzoneManagerDoubleBuffer (OzoneManagerDoubleBuffer.java:stopDaemon(500)) - Stopping OMDoubleBuffer flush thread
2025-04-23 14:38:12,509 [omNode-3-OMDoubleBufferFlushThread] INFO  ratis.OzoneManagerDoubleBuffer (OzoneManagerDoubleBuffer.java:canFlush(559)) - OMDoubleBuffer flush thread omNode-3-OMDoubleBufferFlushThread is interrupted and will exit.
2025-04-23 14:38:12,509 [omNode-3@group-523986131536-SegmentedRaftLogWorker] INFO  segmented.SegmentedRaftLogWorker (SegmentedRaftLogWorker.java:execute(481)) - omNode-3@group-523986131536-SegmentedRaftLogWorker: Purged RaftLog segment: info=(77, 102) isOpen? false, length=0, newEndIndex=0, path=/home/runner/work/ozone/ozone/hadoop-ozone/integration-test/target/test-dir/MiniOzoneClusterImpl-68853c07-42d2-4ef8-9e75-e3a852294e6a/omNode-3/ratis/c9bc4cf4-3bc3-3c60-a66b-523986131536/current/log_77-102
2025-04-23 14:38:12,509 [omNode-3@group-523986131536-SegmentedRaftLogWorker] INFO  segmented.SegmentedRaftLogWorker (SegmentedRaftLogWorker.java:execute(481)) - omNode-3@group-523986131536-SegmentedRaftLogWorker: Purged RaftLog segment: info=(73, 76) isOpen? false, length=0, newEndIndex=0, path=/home/runner/work/ozone/ozone/hadoop-ozone/integration-test/target/test-dir/MiniOzoneClusterImpl-68853c07-42d2-4ef8-9e75-e3a852294e6a/omNode-3/ratis/c9bc4cf4-3bc3-3c60-a66b-523986131536/current/log_73-76
2025-04-23 14:38:12,509 [omNode-3@group-523986131536-cacheEviction-AwaitToRun] INFO  util.AwaitToRun (AwaitToRun.java:run(49)) - omNode-3@group-523986131536-cacheEviction-AwaitToRun-AwaitForSignal is interrupted
2025-04-23 14:38:12,509 [omNode-3@group-523986131536-SegmentedRaftLogWorker] INFO  segmented.SegmentedRaftLogWorker (SegmentedRaftLogWorker.java:execute(481)) - omNode-3@group-523986131536-SegmentedRaftLogWorker: Purged RaftLog segment: info=(69, 72) isOpen? false, length=0, newEndIndex=0, path=/home/runner/work/ozone/ozone/hadoop-ozone/integration-test/target/test-dir/MiniOzoneClusterImpl-68853c07-42d2-4ef8-9e75-e3a852294e6a/omNode-3/ratis/c9bc4cf4-3bc3-3c60-a66b-523986131536/current/log_69-72
2025-04-23 14:38:12,510 [omNode-3@group-523986131536-SegmentedRaftLogWorker] INFO  segmented.SegmentedRaftLogWorker (SegmentedRaftLogWorker.java:execute(481)) - omNode-3@group-523986131536-SegmentedRaftLogWorker: Purged RaftLog segment: info=(35, 68) isOpen? false, length=0, newEndIndex=0, path=/home/runner/work/ozone/ozone/hadoop-ozone/integration-test/target/test-dir/MiniOzoneClusterImpl-68853c07-42d2-4ef8-9e75-e3a852294e6a/omNode-3/ratis/c9bc4cf4-3bc3-3c60-a66b-523986131536/current/log_35-68
2025-04-23 14:38:12,510 [omNode-3@group-523986131536-SegmentedRaftLogWorker] INFO  raftlog.RaftLog (RaftLogBase.java:lambda$new$0(54)) - omNode-3@group-523986131536-SegmentedRaftLog: purgeIndex: updateToMax old=34, new=102, updated? true
2025-04-23 14:38:12,511 [omNode-3-impl-thread1] INFO  segmented.SegmentedRaftLogWorker (SegmentedRaftLogWorker.java:close(252)) - omNode-3@group-523986131536-SegmentedRaftLogWorker close()
2025-04-23 14:38:12,511 [JvmPauseMonitor20] INFO  util.JvmPauseMonitor (JvmPauseMonitor.java:run(152)) - JvmPauseMonitor-omNode-3: Stopped
2025-04-23 14:38:12,512 [main] INFO  utils.BackgroundService (BackgroundService.java:shutdown(161)) - Shutting down service KeyDeletingService
2025-04-23 14:38:12,512 [main] INFO  utils.BackgroundService (BackgroundService.java:shutdown(161)) - Shutting down service DirectoryDeletingService
2025-04-23 14:38:12,513 [main] INFO  utils.BackgroundService (BackgroundService.java:shutdown(161)) - Shutting down service OpenKeyCleanupService
2025-04-23 14:38:12,513 [main] INFO  utils.BackgroundService (BackgroundService.java:shutdown(161)) - Shutting down service SstFilteringService
2025-04-23 14:38:12,514 [main] INFO  utils.BackgroundService (BackgroundService.java:shutdown(161)) - Shutting down service SnapshotDeletingService
2025-04-23 14:38:12,514 [main] INFO  utils.BackgroundService (BackgroundService.java:shutdown(161)) - Shutting down service MultipartUploadCleanupService
2025-04-23 14:38:12,515 [main] INFO  handler.ContextHandler (ContextHandler.java:doStop(1159)) - Stopped o.e.j.w.WebAppContext@68f1d555{ozoneManager,/,null,STOPPED}{file:/home/runner/work/ozone/ozone/hadoop-ozone/integration-test/target/test-classes/webapps/ozoneManager}
2025-04-23 14:38:12,515 [main] INFO  server.AbstractConnector (AbstractConnector.java:doStop(383)) - Stopped ServerConnector@7d5f68a2{HTTP/1.1, (http/1.1)}{0.0.0.0:15015}
2025-04-23 14:38:12,515 [main] INFO  server.session (HouseKeeper.java:stopScavenging(149)) - node0 Stopped scavenging
2025-04-23 14:38:12,515 [main] INFO  handler.ContextHandler (ContextHandler.java:doStop(1159)) - Stopped o.e.j.s.ServletContextHandler@4b280798{static,/static,file:///home/runner/work/ozone/ozone/hadoop-ozone/integration-test/target/test-classes/webapps/static,STOPPED}
2025-04-23 14:38:12,516 [main] INFO  handler.ContextHandler (ContextHandler.java:doStop(1159)) - Stopped o.e.j.s.ServletContextHandler@1a049d97{logs,/logs,file:///home/runner/work/ozone/ozone/hadoop-ozone/integration-test/target/log,STOPPED}
2025-04-23 14:38:12,516 [main] INFO  rocksdiff.RocksDBCheckpointDiffer (RocksDBCheckpointDiffer.java:close(304)) - Shutting down CompactionDagPruningService.
2025-04-23 14:38:12,518 [main] INFO  snapshot.SnapshotDiffManager (SnapshotDiffManager.java:closeExecutorService(1698)) - Shutting down executorService: 'SnapDiffExecutor'
2025-04-23 14:38:12,518 [main] INFO  utils.BackgroundService (BackgroundService.java:shutdown(161)) - Shutting down service SnapshotDiffCleanupService
2025-04-23 14:38:12,519 [main] INFO  om.OzoneManager (OzoneManager.java:stop(2347)) - omNode-1[localhost:15006]: Stopping Ozone Manager
2025-04-23 14:38:12,519 [main] INFO  om.OzoneManager (OzoneManager.java:stop(2347)) - omNode-2[localhost:15010]: Stopping Ozone Manager
2025-04-23 14:38:12,519 [main] INFO  ipc.Server (Server.java:stop(3697)) - Stopping server on 15010
2025-04-23 14:38:12,521 [IPC Server listener on 15010] INFO  ipc.Server (Server.java:run(1585)) - Stopping IPC Server listener on 15010
2025-04-23 14:38:12,521 [IPC Server Responder] INFO  ipc.Server (Server.java:run(1718)) - Stopping IPC Server Responder
2025-04-23 14:38:12,521 [main] INFO  ratis.OzoneManagerRatisServer (OzoneManagerRatisServer.java:stop(634)) - Stopping org.apache.hadoop.ozone.om.ratis.OzoneManagerRatisServer@2d95231c at port 15013
2025-04-23 14:38:12,521 [main] INFO  server.RaftServer (RaftServerProxy.java:lambda$close$9(417)) - omNode-2: close
2025-04-23 14:38:12,522 [main] INFO  server.GrpcService (GrpcService.java:closeImpl(343)) - omNode-2: shutdown server GrpcServerProtocolService now
2025-04-23 14:38:12,522 [omNode-2-impl-thread1] INFO  server.RaftServer$Division (RaftServerImpl.java:lambda$close$1(513)) - omNode-2@group-523986131536: shutdown
2025-04-23 14:38:12,522 [omNode-2-impl-thread1] INFO  util.JmxRegister (JmxRegister.java:unregister(74)) - Successfully un-registered JMX Bean with object name Ratis:service=RaftServer,group=group-523986131536,id=omNode-2
2025-04-23 14:38:12,522 [omNode-2-impl-thread1] INFO  impl.RoleInfo (RoleInfo.java:shutdownFollowerState(121)) - omNode-2: shutdown omNode-2@group-523986131536-FollowerState
2025-04-23 14:38:12,522 [omNode-2-impl-thread1] INFO  impl.StateMachineUpdater (StateMachineUpdater.java:stopAndJoin(164)) - omNode-2@group-523986131536-StateMachineUpdater: set stopIndex = 104
2025-04-23 14:38:12,522 [omNode-2@group-523986131536-FollowerState] INFO  impl.FollowerState (FollowerState.java:runImpl(170)) - omNode-2@group-523986131536-FollowerState was interrupted
2025-04-23 14:38:12,523 [main] INFO  server.GrpcService (GrpcService.java:closeImpl(352)) - omNode-2: shutdown server GrpcServerProtocolService successfully
2025-04-23 14:38:12,543 [omNode-2@group-523986131536-StateMachineUpdater] INFO  ratis.OzoneManagerStateMachine (OzoneManagerStateMachine.java:takeSnapshotImpl(510)) - omNode-2: taking snapshot. applied = (t:9, i:104), skipped = 101, notified = (t:9, i:104), current snapshot index = (t:9, i:104), took 21 ms
2025-04-23 14:38:12,543 [omNode-2@group-523986131536-StateMachineUpdater] INFO  impl.StateMachineUpdater (StateMachineUpdater.java:takeSnapshot(303)) - omNode-2@group-523986131536-StateMachineUpdater: Took a snapshot at index 104
2025-04-23 14:38:12,543 [omNode-2@group-523986131536-StateMachineUpdater] INFO  impl.StateMachineUpdater (StateMachineUpdater.java:lambda$new$0(102)) - omNode-2@group-523986131536-StateMachineUpdater: snapshotIndex: updateIncreasingly 76 -> 104
2025-04-23 14:38:12,543 [omNode-2@group-523986131536-StateMachineUpdater] INFO  raftlog.RaftLog (RaftLogBase.java:purge(325)) - omNode-2@group-523986131536-SegmentedRaftLog: purge 104
2025-04-23 14:38:12,544 [omNode-2@group-523986131536-StateMachineUpdater] INFO  raftlog.RaftLog (RaftLogBase.java:lambda$new$0(54)) - omNode-2@group-523986131536-SegmentedRaftLog: snapshotIndex: updateIncreasingly 76 -> 104
2025-04-23 14:38:12,544 [omNode-2@group-523986131536-StateMachineUpdater] INFO  raftlog.RaftLog (SegmentedRaftLog.java:purgeImpl(382)) - omNode-2@group-523986131536-SegmentedRaftLog: purge(104)
  toTruncate: null
    toDelete: [(77, 102) isOpen? false, length=0, newEndIndex=0, (73, 76) isOpen? false, length=0, newEndIndex=0, (69, 72) isOpen? false, length=0, newEndIndex=0, (35, 68) isOpen? false, length=0, newEndIndex=0]
2025-04-23 14:38:12,544 [omNode-2@group-523986131536-StateMachineUpdater] INFO  impl.StateMachineUpdater (StateMachineUpdater.java:stop(141)) - omNode-2@group-523986131536-StateMachineUpdater: closing OzoneManagerStateMachine, lastApplied=(t:9, i:104)
2025-04-23 14:38:12,544 [omNode-2@group-523986131536-StateMachineUpdater] INFO  ratis.OzoneManagerStateMachine (OzoneManagerStateMachine.java:close(550)) - Stopping OzoneManagerStateMachine:omNode-2:group-523986131536.
2025-04-23 14:38:12,544 [omNode-2@group-523986131536-StateMachineUpdater] INFO  ratis.OzoneManagerDoubleBuffer (OzoneManagerDoubleBuffer.java:stopDaemon(500)) - Stopping OMDoubleBuffer flush thread
2025-04-23 14:38:12,544 [omNode-2-OMDoubleBufferFlushThread] INFO  ratis.OzoneManagerDoubleBuffer (OzoneManagerDoubleBuffer.java:canFlush(559)) - OMDoubleBuffer flush thread omNode-2-OMDoubleBufferFlushThread is interrupted and will exit.
2025-04-23 14:38:12,544 [omNode-2@group-523986131536-SegmentedRaftLogWorker] INFO  segmented.SegmentedRaftLogWorker (SegmentedRaftLogWorker.java:execute(481)) - omNode-2@group-523986131536-SegmentedRaftLogWorker: Purged RaftLog segment: info=(77, 102) isOpen? false, length=0, newEndIndex=0, path=/home/runner/work/ozone/ozone/hadoop-ozone/integration-test/target/test-dir/MiniOzoneClusterImpl-68853c07-42d2-4ef8-9e75-e3a852294e6a/omNode-2/ratis/c9bc4cf4-3bc3-3c60-a66b-523986131536/current/log_77-102
2025-04-23 14:38:12,544 [omNode-2@group-523986131536-SegmentedRaftLogWorker] INFO  segmented.SegmentedRaftLogWorker (SegmentedRaftLogWorker.java:execute(481)) - omNode-2@group-523986131536-SegmentedRaftLogWorker: Purged RaftLog segment: info=(73, 76) isOpen? false, length=0, newEndIndex=0, path=/home/runner/work/ozone/ozone/hadoop-ozone/integration-test/target/test-dir/MiniOzoneClusterImpl-68853c07-42d2-4ef8-9e75-e3a852294e6a/omNode-2/ratis/c9bc4cf4-3bc3-3c60-a66b-523986131536/current/log_73-76
2025-04-23 14:38:12,544 [omNode-2@group-523986131536-cacheEviction-AwaitToRun] INFO  util.AwaitToRun (AwaitToRun.java:run(49)) - omNode-2@group-523986131536-cacheEviction-AwaitToRun-AwaitForSignal is interrupted
2025-04-23 14:38:12,544 [omNode-2@group-523986131536-SegmentedRaftLogWorker] INFO  segmented.SegmentedRaftLogWorker (SegmentedRaftLogWorker.java:execute(481)) - omNode-2@group-523986131536-SegmentedRaftLogWorker: Purged RaftLog segment: info=(69, 72) isOpen? false, length=0, newEndIndex=0, path=/home/runner/work/ozone/ozone/hadoop-ozone/integration-test/target/test-dir/MiniOzoneClusterImpl-68853c07-42d2-4ef8-9e75-e3a852294e6a/omNode-2/ratis/c9bc4cf4-3bc3-3c60-a66b-523986131536/current/log_69-72
2025-04-23 14:38:12,545 [omNode-2@group-523986131536-SegmentedRaftLogWorker] INFO  segmented.SegmentedRaftLogWorker (SegmentedRaftLogWorker.java:execute(481)) - omNode-2@group-523986131536-SegmentedRaftLogWorker: Purged RaftLog segment: info=(35, 68) isOpen? false, length=0, newEndIndex=0, path=/home/runner/work/ozone/ozone/hadoop-ozone/integration-test/target/test-dir/MiniOzoneClusterImpl-68853c07-42d2-4ef8-9e75-e3a852294e6a/omNode-2/ratis/c9bc4cf4-3bc3-3c60-a66b-523986131536/current/log_35-68
2025-04-23 14:38:12,545 [omNode-2@group-523986131536-SegmentedRaftLogWorker] INFO  raftlog.RaftLog (RaftLogBase.java:lambda$new$0(54)) - omNode-2@group-523986131536-SegmentedRaftLog: purgeIndex: updateToMax old=34, new=102, updated? true
2025-04-23 14:38:12,546 [omNode-2-impl-thread1] INFO  segmented.SegmentedRaftLogWorker (SegmentedRaftLogWorker.java:close(252)) - omNode-2@group-523986131536-SegmentedRaftLogWorker close()
2025-04-23 14:38:12,547 [JvmPauseMonitor22] INFO  util.JvmPauseMonitor (JvmPauseMonitor.java:run(152)) - JvmPauseMonitor-omNode-2: Stopped
2025-04-23 14:38:12,547 [main] INFO  utils.BackgroundService (BackgroundService.java:shutdown(161)) - Shutting down service KeyDeletingService
2025-04-23 14:38:12,547 [main] INFO  utils.BackgroundService (BackgroundService.java:shutdown(161)) - Shutting down service DirectoryDeletingService
2025-04-23 14:38:12,548 [main] INFO  utils.BackgroundService (BackgroundService.java:shutdown(161)) - Shutting down service OpenKeyCleanupService
2025-04-23 14:38:12,548 [main] INFO  utils.BackgroundService (BackgroundService.java:shutdown(161)) - Shutting down service SstFilteringService
2025-04-23 14:38:12,549 [main] INFO  utils.BackgroundService (BackgroundService.java:shutdown(161)) - Shutting down service SnapshotDeletingService
2025-04-23 14:38:12,549 [main] INFO  utils.BackgroundService (BackgroundService.java:shutdown(161)) - Shutting down service MultipartUploadCleanupService
2025-04-23 14:38:12,550 [main] INFO  handler.ContextHandler (ContextHandler.java:doStop(1159)) - Stopped o.e.j.w.WebAppContext@4bea5a72{ozoneManager,/,null,STOPPED}{file:/home/runner/work/ozone/ozone/hadoop-ozone/integration-test/target/test-classes/webapps/ozoneManager}
2025-04-23 14:38:12,550 [main] INFO  server.AbstractConnector (AbstractConnector.java:doStop(383)) - Stopped ServerConnector@782b2097{HTTP/1.1, (http/1.1)}{0.0.0.0:15011}
2025-04-23 14:38:12,550 [main] INFO  server.session (HouseKeeper.java:stopScavenging(149)) - node0 Stopped scavenging
2025-04-23 14:38:12,550 [main] INFO  handler.ContextHandler (ContextHandler.java:doStop(1159)) - Stopped o.e.j.s.ServletContextHandler@868d4df{static,/static,file:///home/runner/work/ozone/ozone/hadoop-ozone/integration-test/target/test-classes/webapps/static,STOPPED}
2025-04-23 14:38:12,550 [main] INFO  handler.ContextHandler (ContextHandler.java:doStop(1159)) - Stopped o.e.j.s.ServletContextHandler@230d1490{logs,/logs,file:///home/runner/work/ozone/ozone/hadoop-ozone/integration-test/target/log,STOPPED}
2025-04-23 14:38:12,551 [main] INFO  rocksdiff.RocksDBCheckpointDiffer (RocksDBCheckpointDiffer.java:close(304)) - Shutting down CompactionDagPruningService.
2025-04-23 14:38:12,552 [main] INFO  snapshot.SnapshotDiffManager (SnapshotDiffManager.java:closeExecutorService(1698)) - Shutting down executorService: 'SnapDiffExecutor'
2025-04-23 14:38:12,552 [main] INFO  utils.BackgroundService (BackgroundService.java:shutdown(161)) - Shutting down service SnapshotDiffCleanupService
2025-04-23 14:38:12,553 [main] INFO  om.OzoneManager (OzoneManager.java:restart(1878)) - OzoneManager RPC server is listening at localhost/127.0.0.1:15014
2025-04-23 14:38:12,553 [main] INFO  impl.MetricsSystemImpl (MetricsSystemImpl.java:init(158)) - OzoneManager metrics system started (again)
2025-04-23 14:38:12,564 [main] WARN  server.ServerUtils (ServerUtils.java:getDBPath(297)) - ozone.om.db.dirs is not configured. We recommend adding this setting. Falling back to ozone.metadata.dirs instead.
2025-04-23 14:38:12,604 [main] INFO  om.OzoneManager (OzoneManager.java:instantiateServices(933)) - S3 Multi-Tenancy is disabled
2025-04-23 14:38:12,605 [main] INFO  om.OmSnapshotManager (OmSnapshotManager.java:<init>(180)) - Ozone filesystem snapshot feature is enabled.
2025-04-23 14:38:12,605 [main] WARN  server.ServerUtils (ServerUtils.java:getDBPath(297)) - ozone.om.snapshot.diff.db.dir is not configured. We recommend adding this setting. Falling back to ozone.metadata.dirs instead.
2025-04-23 14:38:12,619 [main] WARN  server.ServerUtils (ServerUtils.java:getDefaultRatisDirectory(309)) - Storage directory for Ratis is not configured. It is a good idea to map this to an SSD disk. Falling back to ozone.metadata.dirs
2025-04-23 14:38:12,620 [main] INFO  server.RaftServerConfigKeys (ConfUtils.java:logGet(46)) - raft.server.log.appender.buffer.byte-limit = 4194304 (custom)
2025-04-23 14:38:12,621 [main] INFO  ratis.OzoneManagerRatisServer (OzoneManagerRatisServer.java:<init>(167)) - Instantiating OM Ratis server with groupID: om-service-test1 and peers: localhost:15017, localhost:15009, localhost:15013
2025-04-23 14:38:12,621 [main] INFO  ratis.OzoneManagerStateMachine (OzoneManagerStateMachine.java:loadSnapshotInfoFromDB(611)) - LastAppliedIndex is set from TransactionInfo from OM DB as (t:9, i:104)
2025-04-23 14:38:12,621 [main] INFO  server.RaftServer (ConfUtils.java:logGet(46)) - raft.rpc.type = GRPC (default)
2025-04-23 14:38:12,621 [main] INFO  grpc.GrpcConfigKeys (ConfUtils.java:logFallback(53)) - raft.grpc.admin.host = null (fallback to raft.grpc.server.host)
2025-04-23 14:38:12,622 [main] INFO  grpc.GrpcConfigKeys (ConfUtils.java:logFallback(53)) - raft.grpc.admin.port = 15017 (fallback to raft.grpc.server.port)
2025-04-23 14:38:12,622 [main] INFO  grpc.GrpcConfigKeys (ConfUtils.java:logFallback(53)) - raft.grpc.client.host = null (fallback to raft.grpc.server.host)
2025-04-23 14:38:12,622 [main] INFO  grpc.GrpcConfigKeys (ConfUtils.java:logFallback(53)) - raft.grpc.client.port = 15017 (fallback to raft.grpc.server.port)
2025-04-23 14:38:12,622 [main] INFO  grpc.GrpcConfigKeys (ConfUtils.java:logGet(46)) - raft.grpc.server.host = null (default)
2025-04-23 14:38:12,622 [main] INFO  grpc.GrpcConfigKeys (ConfUtils.java:logGet(46)) - raft.grpc.server.port = 15017 (custom)
2025-04-23 14:38:12,622 [main] INFO  server.GrpcService (ConfUtils.java:logGet(46)) - raft.grpc.message.size.max = 5242880 (custom)
2025-04-23 14:38:12,622 [main] INFO  server.GrpcService (ConfUtils.java:logGet(46)) - raft.grpc.flow.control.window = 1MB (=1048576) (default)
2025-04-23 14:38:12,622 [main] INFO  server.RaftServerConfigKeys (ConfUtils.java:logGet(46)) - raft.server.rpc.request.timeout = 3000ms (default)
2025-04-23 14:38:12,622 [main] INFO  grpc.GrpcConfigKeys (ConfUtils.java:logGet(46)) - raft.grpc.server.heartbeat.channel = true (default)
2025-04-23 14:38:12,622 [main] INFO  server.RaftServerConfigKeys (ConfUtils.java:logGet(46)) - raft.server.log.appender.buffer.byte-limit = 4194304 (custom)
2025-04-23 14:38:12,622 [main] INFO  grpc.GrpcConfigKeys (ConfUtils.java:logGet(46)) - raft.grpc.server.async.request.thread.pool.cached = true (default)
2025-04-23 14:38:12,622 [main] INFO  grpc.GrpcConfigKeys (ConfUtils.java:logGet(46)) - raft.grpc.server.async.request.thread.pool.size = 32 (default)
2025-04-23 14:38:12,623 [main] INFO  impl.DataStreamServerImpl (ConfUtils.java:logGet(46)) - raft.datastream.type = DISABLED (default)
2025-04-23 14:38:12,623 [main] INFO  server.RaftServerConfigKeys (ConfUtils.java:logGet(46)) - raft.server.sleep.deviation.threshold = 300ms (default)
2025-04-23 14:38:12,623 [main] INFO  server.RaftServerConfigKeys (ConfUtils.java:logGet(46)) - raft.server.close.threshold = 60s (default)
2025-04-23 14:38:12,623 [main] INFO  server.RaftServerConfigKeys (ConfUtils.java:logGet(46)) - raft.server.leaderelection.leader.step-down.wait-time = 10s (default)
2025-04-23 14:38:12,623 [main] INFO  server.RaftServerConfigKeys (ConfUtils.java:logGet(46)) - raft.server.storage.dir = [/home/runner/work/ozone/ozone/hadoop-ozone/integration-test/target/test-dir/MiniOzoneClusterImpl-68853c07-42d2-4ef8-9e75-e3a852294e6a/omNode-3/ratis] (custom)
2025-04-23 14:38:12,623 [main] INFO  server.RaftServerConfigKeys (ConfUtils.java:logGet(46)) - raft.server.threadpool.proxy.cached = true (default)
2025-04-23 14:38:12,623 [main] INFO  server.RaftServerConfigKeys (ConfUtils.java:logGet(46)) - raft.server.threadpool.proxy.size = 0 (default)
2025-04-23 14:38:12,624 [omNode-3-impl-thread1] INFO  server.RaftServer (RaftServerProxy.java:initGroupDir(265)) - omNode-3: found a subdirectory /home/runner/work/ozone/ozone/hadoop-ozone/integration-test/target/test-dir/MiniOzoneClusterImpl-68853c07-42d2-4ef8-9e75-e3a852294e6a/omNode-3/ratis/c9bc4cf4-3bc3-3c60-a66b-523986131536
2025-04-23 14:38:12,624 [main] INFO  server.RaftServer (RaftServerProxy.java:addNew(100)) - omNode-3: addNew group-523986131536:[omNode-3|localhost:15017, omNode-1|localhost:15009, omNode-2|localhost:15013] returns group-523986131536:java.util.concurrent.CompletableFuture@540b34cc[Not completed]
2025-04-23 14:38:12,624 [omNode-3-groupManagement] INFO  server.RaftServer$Division (RaftServerImpl.java:<init>(255)) - omNode-3: new RaftServerImpl for group-523986131536:[omNode-3|localhost:15017, omNode-1|localhost:15009, omNode-2|localhost:15013] with OzoneManagerStateMachine:uninitialized
2025-04-23 14:38:12,624 [omNode-3-groupManagement] INFO  server.RaftServerConfigKeys (ConfUtils.java:logGet(46)) - raft.server.rpc.timeout.min = 1s (custom)
2025-04-23 14:38:12,624 [omNode-3-groupManagement] INFO  server.RaftServerConfigKeys (ConfUtils.java:logGet(46)) - raft.server.rpc.timeout.max = 1200ms (custom)
2025-04-23 14:38:12,624 [omNode-3-groupManagement] INFO  server.RaftServerConfigKeys (ConfUtils.java:logGet(46)) - raft.server.rpc.sleep.time = 25ms (default)
2025-04-23 14:38:12,624 [omNode-3-groupManagement] INFO  server.RaftServerConfigKeys (ConfUtils.java:logGet(46)) - raft.server.rpc.slowness.timeout = 2s (custom)
2025-04-23 14:38:12,624 [omNode-3-groupManagement] INFO  server.RaftServerConfigKeys (ConfUtils.java:logGet(46)) - raft.server.leaderelection.leader.step-down.wait-time = 10s (default)
2025-04-23 14:38:12,624 [omNode-3-groupManagement] INFO  server.RaftServerConfigKeys (ConfUtils.java:logGet(46)) - raft.server.leaderelection.member.majority-add = false (default)
2025-04-23 14:38:12,624 [omNode-3-groupManagement] INFO  server.RaftServerConfigKeys (ConfUtils.java:logGet(46)) - raft.server.sleep.deviation.threshold = 300ms (default)
2025-04-23 14:38:12,624 [omNode-3-groupManagement] INFO  server.RaftServer$Division (ServerState.java:<init>(114)) - omNode-3@group-523986131536: ConfigurationManager, init=conf: {index: -1, cur=peers:[omNode-3|localhost:15017, omNode-1|localhost:15009, omNode-2|localhost:15013]|listeners:[], old=null}, confs=<EMPTY_MAP>
2025-04-23 14:38:12,624 [main] INFO  om.OzoneManager (OzoneManager.java:initializeRatisServer(2303)) - OzoneManager Ratis server initialized at port 15017
2025-04-23 14:38:12,625 [main] INFO  ratis.OzoneManagerRatisServer (OzoneManagerRatisServer.java:start(628)) - Starting OzoneManagerRatisServer omNode-3 at port 15017
2025-04-23 14:38:12,624 [omNode-3-groupManagement] INFO  server.RaftServerConfigKeys (ConfUtils.java:logGet(46)) - raft.server.notification.no-leader.timeout = 2s (custom)
2025-04-23 14:38:12,625 [omNode-3-groupManagement] INFO  server.RaftServerConfigKeys (ConfUtils.java:logGet(46)) - raft.server.read.timeout = 10s (default)
2025-04-23 14:38:12,625 [omNode-3-groupManagement] INFO  server.RaftServerConfigKeys (ConfUtils.java:logGet(46)) - raft.server.retrycache.expirytime = 30000ms (custom)
2025-04-23 14:38:12,625 [omNode-3-groupManagement] INFO  server.RaftServerConfigKeys (ConfUtils.java:logGet(46)) - raft.server.retrycache.statistics.expirytime = 100ms (default)
2025-04-23 14:38:12,625 [omNode-3-groupManagement] INFO  server.RaftServerConfigKeys (ConfUtils.java:logGet(46)) - raft.server.read.option = DEFAULT (default)
2025-04-23 14:38:12,625 [omNode-3-groupManagement] INFO  server.RaftServerConfigKeys (ConfUtils.java:logGet(46)) - raft.server.read.read-after-write-consistent.write-index-cache.expiry-time = 60s (default)
2025-04-23 14:38:12,627 [omNode-3-groupManagement] INFO  server.RaftServerConfigKeys (ConfUtils.java:logGet(46)) - raft.server.rpc.request.timeout = 3000ms (default)
2025-04-23 14:38:12,627 [omNode-3-groupManagement] INFO  server.RaftServerConfigKeys (ConfUtils.java:logGet(46)) - raft.server.log.appender.install.snapshot.enabled = false (custom)
2025-04-23 14:38:12,627 [omNode-3-groupManagement] INFO  server.RaftServerConfigKeys (ConfUtils.java:logGet(46)) - raft.server.threadpool.server.cached = true (default)
2025-04-23 14:38:12,627 [omNode-3-groupManagement] INFO  server.RaftServerConfigKeys (ConfUtils.java:logGet(46)) - raft.server.threadpool.server.size = 0 (default)
2025-04-23 14:38:12,627 [omNode-3-groupManagement] INFO  server.RaftServerConfigKeys (ConfUtils.java:logGet(46)) - raft.server.threadpool.client.cached = true (default)
2025-04-23 14:38:12,627 [omNode-3-groupManagement] INFO  server.RaftServerConfigKeys (ConfUtils.java:logGet(46)) - raft.server.threadpool.client.size = 0 (default)
2025-04-23 14:38:12,627 [omNode-3-impl-thread1] INFO  server.RaftServerConfigKeys (ConfUtils.java:logGet(46)) - raft.server.storage.free-space.min = 0MB (=0) (default)
2025-04-23 14:38:12,627 [omNode-3-impl-thread1] INFO  server.RaftServerConfigKeys (ConfUtils.java:logGet(46)) - raft.server.log.corruption.policy = EXCEPTION (default)
2025-04-23 14:38:12,627 [omNode-3-impl-thread1] INFO  server.RaftServerConfigKeys (ConfUtils.java:logGet(46)) - raft.server.storage.dir = [/home/runner/work/ozone/ozone/hadoop-ozone/integration-test/target/test-dir/MiniOzoneClusterImpl-68853c07-42d2-4ef8-9e75-e3a852294e6a/omNode-3/ratis] (custom)
2025-04-23 14:38:12,628 [omNode-3-impl-thread1] INFO  storage.RaftStorageDirectory (RaftStorageDirectoryImpl.java:tryLock(229)) - Lock on /home/runner/work/ozone/ozone/hadoop-ozone/integration-test/target/test-dir/MiniOzoneClusterImpl-68853c07-42d2-4ef8-9e75-e3a852294e6a/omNode-3/ratis/c9bc4cf4-3bc3-3c60-a66b-523986131536/in_use.lock acquired by nodename 129558@fv-az1120-822
2025-04-23 14:38:12,628 [omNode-3-impl-thread1] INFO  storage.RaftStorage (RaftStorageImpl.java:analyzeAndRecoverStorage(118)) - Read RaftStorageMetadata{term=9, votedFor=omNode-3} from /home/runner/work/ozone/ozone/hadoop-ozone/integration-test/target/test-dir/MiniOzoneClusterImpl-68853c07-42d2-4ef8-9e75-e3a852294e6a/omNode-3/ratis/c9bc4cf4-3bc3-3c60-a66b-523986131536/current/raft-meta
2025-04-23 14:38:12,629 [omNode-3-impl-thread1] INFO  server.RaftServer$Division (ServerState.java:setRaftConf(386)) - omNode-3@group-523986131536: set configuration conf: {index: 103, cur=peers:[omNode-3|localhost:15017, omNode-1|localhost:15009, omNode-2|localhost:15013]|listeners:[], old=null}
2025-04-23 14:38:12,629 [omNode-3-impl-thread1] INFO  ratis.OzoneManagerStateMachine (OzoneManagerStateMachine.java:lambda$0(138)) - omNode-3: initialize group-523986131536 with (t:9, i:104)
2025-04-23 14:38:12,629 [omNode-3-impl-thread1] INFO  server.RaftServerConfigKeys (ConfUtils.java:logGet(46)) - raft.server.log.use.memory = false (default)
2025-04-23 14:38:12,629 [omNode-3-impl-thread1] INFO  server.RaftServerConfigKeys (ConfUtils.java:logGet(46)) - raft.server.log.purge.gap = 50 (custom)
2025-04-23 14:38:12,629 [omNode-3-impl-thread1] INFO  server.RaftServerConfigKeys (ConfUtils.java:logGet(46)) - raft.server.log.appender.buffer.byte-limit = 4194304 (custom)
2025-04-23 14:38:12,629 [omNode-3-impl-thread1] INFO  server.RaftServerConfigKeys (ConfUtils.java:logGet(46)) - raft.server.log.statemachine.data.read.timeout = 1000ms (default)
2025-04-23 14:38:12,629 [omNode-3-impl-thread1] INFO  server.RaftServerConfigKeys (ConfUtils.java:logGet(46)) - raft.server.log.purge.preservation.log.num = 0 (default)
2025-04-23 14:38:12,630 [omNode-3-impl-thread1] INFO  server.RaftServerConfigKeys (ConfUtils.java:logGet(46)) - raft.server.log.segment.size.max = 4194304 (custom)
2025-04-23 14:38:12,630 [omNode-3-impl-thread1] INFO  server.RaftServerConfigKeys (ConfUtils.java:logGet(46)) - raft.server.log.segment.cache.num.max = 2 (custom)
2025-04-23 14:38:12,630 [omNode-3-impl-thread1] INFO  server.RaftServerConfigKeys (ConfUtils.java:logGet(46)) - raft.server.log.segment.cache.size.max = 200MB (=209715200) (default)
2025-04-23 14:38:12,630 [omNode-3-impl-thread1] INFO  server.RaftServerConfigKeys (ConfUtils.java:logGet(46)) - raft.server.log.appender.buffer.byte-limit = 4194304 (custom)
2025-04-23 14:38:12,630 [omNode-3-impl-thread1] INFO  util.AwaitToRun (AwaitToRun.java:start(81)) - Thread[#3992,omNode-3@group-523986131536-cacheEviction-AwaitToRun,5,main] started
2025-04-23 14:38:12,630 [omNode-3-impl-thread1] INFO  segmented.SegmentedRaftLogWorker (SegmentedRaftLogWorker.java:<init>(188)) - new omNode-3@group-523986131536-SegmentedRaftLogWorker for RaftStorageImpl:Storage Directory /home/runner/work/ozone/ozone/hadoop-ozone/integration-test/target/test-dir/MiniOzoneClusterImpl-68853c07-42d2-4ef8-9e75-e3a852294e6a/omNode-3/ratis/c9bc4cf4-3bc3-3c60-a66b-523986131536
2025-04-23 14:38:12,630 [omNode-3-impl-thread1] INFO  server.RaftServerConfigKeys (ConfUtils.java:logGet(46)) - raft.server.log.queue.byte-limit = 64MB (=67108864) (default)
2025-04-23 14:38:12,630 [omNode-3-impl-thread1] INFO  server.RaftServerConfigKeys (ConfUtils.java:logGet(46)) - raft.server.log.queue.element-limit = 4096 (default)
2025-04-23 14:38:12,630 [omNode-3-impl-thread1] INFO  server.RaftServerConfigKeys (ConfUtils.java:logGet(46)) - raft.server.log.segment.size.max = 4194304 (custom)
2025-04-23 14:38:12,630 [omNode-3-impl-thread1] INFO  server.RaftServerConfigKeys (ConfUtils.java:logGet(46)) - raft.server.log.preallocated.size = 4194304 (custom)
2025-04-23 14:38:12,630 [omNode-3-impl-thread1] INFO  server.RaftServerConfigKeys (ConfUtils.java:logGet(46)) - raft.server.log.force.sync.num = 128 (default)
2025-04-23 14:38:12,631 [omNode-3-impl-thread1] INFO  server.RaftServerConfigKeys (ConfUtils.java:logGet(46)) - raft.server.log.statemachine.data.sync = true (default)
2025-04-23 14:38:12,631 [omNode-3-impl-thread1] INFO  server.RaftServerConfigKeys (ConfUtils.java:logGet(46)) - raft.server.log.statemachine.data.sync.timeout = 10s (default)
2025-04-23 14:38:12,631 [omNode-3-impl-thread1] INFO  server.RaftServerConfigKeys (ConfUtils.java:logGet(46)) - raft.server.log.statemachine.data.sync.timeout.retry = -1 (default)
2025-04-23 14:38:12,631 [omNode-3-impl-thread1] INFO  server.RaftServerConfigKeys (ConfUtils.java:logGet(46)) - raft.server.log.write.buffer.size = 4194312 (custom)
2025-04-23 14:38:12,631 [omNode-3-impl-thread1] INFO  server.RaftServerConfigKeys (ConfUtils.java:logGet(46)) - raft.server.log.appender.buffer.byte-limit = 4194304 (custom)
2025-04-23 14:38:12,631 [omNode-3-impl-thread1] INFO  server.RaftServerConfigKeys (ConfUtils.java:logGet(46)) - raft.server.log.unsafe-flush.enabled = false (default)
2025-04-23 14:38:12,631 [omNode-3-impl-thread1] INFO  server.RaftServerConfigKeys (ConfUtils.java:logGet(46)) - raft.server.log.async-flush.enabled = false (default)
2025-04-23 14:38:12,631 [omNode-3-impl-thread1] INFO  server.RaftServerConfigKeys (ConfUtils.java:logGet(46)) - raft.server.log.statemachine.data.caching.enabled = false (default)
2025-04-23 14:38:12,632 [omNode-3-impl-thread1] INFO  server.RaftServer$Division (ServerState.java:setRaftConf(386)) - omNode-3@group-523986131536: set configuration conf: {index: 103, cur=peers:[omNode-3|localhost:15017, omNode-1|localhost:15009, omNode-2|localhost:15013]|listeners:[], old=null}
2025-04-23 14:38:12,632 [omNode-3-impl-thread1] INFO  segmented.LogSegment (LogSegment.java:loadSegment(171)) - Successfully read 2 entries from segment file /home/runner/work/ozone/ozone/hadoop-ozone/integration-test/target/test-dir/MiniOzoneClusterImpl-68853c07-42d2-4ef8-9e75-e3a852294e6a/omNode-3/ratis/c9bc4cf4-3bc3-3c60-a66b-523986131536/current/log_inprogress_103
2025-04-23 14:38:12,632 [omNode-3-impl-thread1] INFO  segmented.SegmentedRaftLogWorker (SegmentedRaftLogWorker.java:lambda$new$0(139)) - omNode-3@group-523986131536-SegmentedRaftLogWorker: flushIndex: setUnconditionally 0 -> 104
2025-04-23 14:38:12,632 [omNode-3-impl-thread1] INFO  segmented.SegmentedRaftLogWorker (SegmentedRaftLogWorker.java:lambda$new$0(139)) - omNode-3@group-523986131536-SegmentedRaftLogWorker: safeCacheEvictIndex: setUnconditionally 0 -> -1
2025-04-23 14:38:12,632 [omNode-3-impl-thread1] INFO  segmented.BufferedWriteChannel (BufferedWriteChannel.java:open(61)) - open log_inprogress_103 (append) at position 125
2025-04-23 14:38:12,632 [omNode-3-impl-thread1] INFO  raftlog.RaftLog (RaftLogBase.java:lambda$new$0(54)) - omNode-3@group-523986131536-SegmentedRaftLog: purgeIndex: updateToMax old=-1, new=102, updated? true
2025-04-23 14:38:12,632 [omNode-3-impl-thread1] INFO  server.RaftServer$Division (RaftServerImpl.java:start(391)) - omNode-3@group-523986131536: start as a follower, conf=conf: {index: 103, cur=peers:[omNode-3|localhost:15017, omNode-1|localhost:15009, omNode-2|localhost:15013]|listeners:[], old=null}
2025-04-23 14:38:12,632 [omNode-3-impl-thread1] INFO  server.RaftServer$Division (RaftServerImpl.java:setRole(378)) - omNode-3@group-523986131536: changes role from      null to FOLLOWER at term 9 for startAsFollower
2025-04-23 14:38:12,632 [omNode-3-impl-thread1] INFO  impl.RoleInfo (RoleInfo.java:updateAndGet(148)) - omNode-3: start omNode-3@group-523986131536-FollowerState
2025-04-23 14:38:12,633 [omNode-3@group-523986131536-FollowerState] INFO  server.RaftServerConfigKeys (ConfUtils.java:logFallback(53)) - raft.server.rpc.first-election.timeout.min = 1s (fallback to raft.server.rpc.timeout.min)
2025-04-23 14:38:12,633 [omNode-3@group-523986131536-FollowerState] INFO  server.RaftServerConfigKeys (ConfUtils.java:logFallback(53)) - raft.server.rpc.first-election.timeout.max = 1200ms (fallback to raft.server.rpc.timeout.max)
2025-04-23 14:38:12,633 [omNode-3-impl-thread1] INFO  util.JmxRegister (JmxRegister.java:tryRegister(44)) - Successfully registered JMX Bean with object name Ratis:service=RaftServer,group=group-523986131536,id=omNode-3
2025-04-23 14:38:12,633 [omNode-3-impl-thread1] INFO  util.JmxRegister (JmxRegister.java:register(58)) - register mxBean class org.apache.ratis.server.impl.RaftServerJmxAdapter as Ratis:service=RaftServer,group=group-523986131536,id=omNode-3
2025-04-23 14:38:12,633 [omNode-3-impl-thread1] INFO  server.RaftServerConfigKeys (ConfUtils.java:logGet(46)) - raft.server.snapshot.trigger-when-stop.enabled = true (default)
2025-04-23 14:38:12,633 [omNode-3-impl-thread1] INFO  server.RaftServerConfigKeys (ConfUtils.java:logGet(46)) - raft.server.snapshot.trigger-when-remove.enabled = true (default)
2025-04-23 14:38:12,633 [omNode-3-impl-thread1] INFO  server.RaftServerConfigKeys (ConfUtils.java:logGet(46)) - raft.server.snapshot.auto.trigger.enabled = true (custom)
2025-04-23 14:38:12,633 [omNode-3-impl-thread1] INFO  server.RaftServerConfigKeys (ConfUtils.java:logGet(46)) - raft.server.snapshot.auto.trigger.threshold = 50 (custom)
2025-04-23 14:38:12,633 [omNode-3-impl-thread1] INFO  server.RaftServerConfigKeys (ConfUtils.java:logGet(46)) - raft.server.snapshot.retention.file.num = -1 (default)
2025-04-23 14:38:12,634 [omNode-3-impl-thread1] INFO  server.RaftServerConfigKeys (ConfUtils.java:logGet(46)) - raft.server.log.purge.upto.snapshot.index = true (custom)
2025-04-23 14:38:12,634 [omNode-3-impl-thread1] INFO  server.RaftServer$Division (RaftServerImpl.java:start(405)) - omNode-3@group-523986131536: Successfully started.
2025-04-23 14:38:12,634 [main] INFO  server.RaftServer (RaftServerProxy.java:startImpl(407)) - omNode-3: start RPC server
2025-04-23 14:38:12,634 [main] INFO  server.GrpcService (GrpcService.java:startImpl(334)) - omNode-3: GrpcService started, listening on 15017
2025-04-23 14:38:12,635 [main] INFO  om.OzoneManager (OzoneManager.java:getRpcServer(1360)) - Creating RPC Server
2025-04-23 14:38:12,635 [JvmPauseMonitor23] INFO  util.JvmPauseMonitor (JvmPauseMonitor.java:run(146)) - JvmPauseMonitor-omNode-3: Started
2025-04-23 14:38:12,983 [main] INFO  reflections.Reflections (Reflections.java:scan(219)) - Reflections took 348 ms to scan 22 urls, producing 61 keys and 7422 values
2025-04-23 14:38:12,984 [main] INFO  ipc.CallQueueManager (CallQueueManager.java:<init>(93)) - Using callQueue: class java.util.concurrent.LinkedBlockingQueue, queueCapacity: 2000, scheduler: class org.apache.hadoop.ipc.DefaultRpcScheduler, ipcBackoff: false, ipcFailOver: false.
2025-04-23 14:38:12,985 [main] INFO  ipc.Server (Server.java:<init>(1438)) - Listener at localhost:15014
2025-04-23 14:38:12,985 [Socket Reader #1 for port 15014] INFO  ipc.Server (Server.java:run(1474)) - Starting Socket Reader #1 for port 15014
2025-04-23 14:38:12,985 [Socket Reader #2 for port 15014] INFO  ipc.Server (Server.java:run(1474)) - Starting Socket Reader #2 for port 15014
2025-04-23 14:38:12,985 [Socket Reader #3 for port 15014] INFO  ipc.Server (Server.java:run(1474)) - Starting Socket Reader #3 for port 15014
2025-04-23 14:38:12,986 [Socket Reader #4 for port 15014] INFO  ipc.Server (Server.java:run(1474)) - Starting Socket Reader #4 for port 15014
2025-04-23 14:38:12,986 [Socket Reader #5 for port 15014] INFO  ipc.Server (Server.java:run(1474)) - Starting Socket Reader #5 for port 15014
2025-04-23 14:38:12,986 [Socket Reader #6 for port 15014] INFO  ipc.Server (Server.java:run(1474)) - Starting Socket Reader #6 for port 15014
2025-04-23 14:38:12,986 [Socket Reader #7 for port 15014] INFO  ipc.Server (Server.java:run(1474)) - Starting Socket Reader #7 for port 15014
2025-04-23 14:38:12,986 [Socket Reader #8 for port 15014] INFO  ipc.Server (Server.java:run(1474)) - Starting Socket Reader #8 for port 15014
2025-04-23 14:38:12,986 [Socket Reader #9 for port 15014] INFO  ipc.Server (Server.java:run(1474)) - Starting Socket Reader #9 for port 15014
2025-04-23 14:38:12,987 [Socket Reader #10 for port 15014] INFO  ipc.Server (Server.java:run(1474)) - Starting Socket Reader #10 for port 15014
2025-04-23 14:38:12,988 [main] INFO  http.BaseHttpServer (BaseHttpServer.java:newHttpServer2BuilderForOzone(229)) - Starting Web-server for ozoneManager at: http://0.0.0.0:15015
2025-04-23 14:38:12,988 [main] INFO  http.BaseHttpServer (BaseHttpServer.java:<init>(107)) - Hadoop Security Enabled: false Ozone Security Enabled: false Ozone HTTP Security Enabled: false 
2025-04-23 14:38:12,989 [main] WARN  server.AuthenticationFilter (AuthenticationFilter.java:constructSecretProvider(240)) - Unable to initialize FileSignerSecretProvider, falling back to use random secrets. Reason: Could not read signature secret file: /home/runner/hadoop-http-auth-signature-secret
2025-04-23 14:38:12,991 [main] INFO  http.HttpServer2 (HttpServer2.java:addGlobalFilter(1041)) - Added global filter 'safety' (class=org.apache.hadoop.hdds.server.http.HttpServer2$QuotingInputFilter)
2025-04-23 14:38:12,992 [main] INFO  http.HttpServer2 (HttpServer2.java:addFilter(1017)) - Added filter static_user_filter (class=org.apache.hadoop.http.lib.StaticUserWebFilter$StaticUserFilter) to context ozoneManager
2025-04-23 14:38:12,992 [main] INFO  http.HttpServer2 (HttpServer2.java:addFilter(1025)) - Added filter static_user_filter (class=org.apache.hadoop.http.lib.StaticUserWebFilter$StaticUserFilter) to context logs
2025-04-23 14:38:12,992 [main] INFO  http.HttpServer2 (HttpServer2.java:addFilter(1025)) - Added filter static_user_filter (class=org.apache.hadoop.http.lib.StaticUserWebFilter$StaticUserFilter) to context static
2025-04-23 14:38:12,992 [main] INFO  http.BaseHttpServer (BaseHttpServer.java:<init>(195)) - HTTP server of ozoneManager uses base directory /home/runner/work/ozone/ozone/hadoop-ozone/integration-test/target/test-dir/MiniOzoneClusterImpl-68853c07-42d2-4ef8-9e75-e3a852294e6a/omNode-3/webserver
2025-04-23 14:38:12,993 [main] INFO  http.HttpServer2 (HttpServer2.java:bindListener(1241)) - Jetty bound to port 15015
2025-04-23 14:38:12,993 [main] INFO  server.Server (Server.java:doStart(375)) - jetty-9.4.57.v20241219; built: 2025-01-08T21:24:30.412Z; git: df524e6b29271c2e09ba9aea83c18dc9db464a31; jvm 21.0.7+6-LTS
2025-04-23 14:38:12,994 [main] INFO  server.session (DefaultSessionIdManager.java:doStart(334)) - DefaultSessionIdManager workerName=node0
2025-04-23 14:38:12,994 [main] INFO  server.session (DefaultSessionIdManager.java:doStart(339)) - No SessionScavenger set, using defaults
2025-04-23 14:38:12,994 [main] INFO  server.session (HouseKeeper.java:startScavenging(132)) - node0 Scavenging every 660000ms
2025-04-23 14:38:12,995 [main] INFO  handler.ContextHandler (ContextHandler.java:doStart(921)) - Started o.e.j.s.ServletContextHandler@75bf5a58{logs,/logs,file:///home/runner/work/ozone/ozone/hadoop-ozone/integration-test/target/log,AVAILABLE}
2025-04-23 14:38:12,995 [main] INFO  handler.ContextHandler (ContextHandler.java:doStart(921)) - Started o.e.j.s.ServletContextHandler@3deeda13{static,/static,file:///home/runner/work/ozone/ozone/hadoop-ozone/integration-test/target/test-classes/webapps/static,AVAILABLE}
2025-04-23 14:38:12,999 [main] INFO  handler.ContextHandler (ContextHandler.java:doStart(921)) - Started o.e.j.w.WebAppContext@346fafb4{ozoneManager,/,file:///home/runner/work/ozone/ozone/hadoop-ozone/integration-test/target/test-classes/webapps/ozoneManager/,AVAILABLE}{file:/home/runner/work/ozone/ozone/hadoop-ozone/integration-test/target/test-classes/webapps/ozoneManager}
2025-04-23 14:38:12,999 [main] INFO  server.AbstractConnector (AbstractConnector.java:doStart(333)) - Started ServerConnector@567283e8{HTTP/1.1, (http/1.1)}{0.0.0.0:15015}
2025-04-23 14:38:12,999 [main] INFO  server.Server (Server.java:doStart(415)) - Started @93278ms
2025-04-23 14:38:13,000 [main] WARN  impl.MetricsSystemImpl (MetricsSystemImpl.java:register(279)) - Sink prometheus already exists!
2025-04-23 14:38:13,000 [main] INFO  http.BaseHttpServer (BaseHttpServer.java:updateConnectorAddress(360)) - HTTP server of ozoneManager listening at http://0.0.0.0:15015
2025-04-23 14:38:13,000 [IPC Server Responder] INFO  ipc.Server (Server.java:run(1713)) - IPC Server Responder: starting
2025-04-23 14:38:13,001 [IPC Server listener on 15014] INFO  ipc.Server (Server.java:run(1553)) - IPC Server listener on 15014: starting
2025-04-23 14:38:13,003 [main] INFO  om.OzoneManager (OzoneManager.java:startTrashEmptier(2257)) - Trash Interval set to 0. Files deleted won't move to trash
2025-04-23 14:38:13,004 [main] INFO  om.OzoneManager (OzoneManager.java:restart(1878)) - OzoneManager RPC server is listening at localhost/127.0.0.1:15006
2025-04-23 14:38:13,004 [main] INFO  impl.MetricsSystemImpl (MetricsSystemImpl.java:init(158)) - OzoneManager metrics system started (again)
2025-04-23 14:38:13,015 [main] WARN  server.ServerUtils (ServerUtils.java:getDBPath(297)) - ozone.om.db.dirs is not configured. We recommend adding this setting. Falling back to ozone.metadata.dirs instead.
2025-04-23 14:38:13,053 [main] INFO  om.OzoneManager (OzoneManager.java:instantiateServices(933)) - S3 Multi-Tenancy is disabled
2025-04-23 14:38:13,053 [main] INFO  om.OmSnapshotManager (OmSnapshotManager.java:<init>(180)) - Ozone filesystem snapshot feature is enabled.
2025-04-23 14:38:13,054 [main] WARN  server.ServerUtils (ServerUtils.java:getDBPath(297)) - ozone.om.snapshot.diff.db.dir is not configured. We recommend adding this setting. Falling back to ozone.metadata.dirs instead.
2025-04-23 14:38:13,068 [main] WARN  dropwizard3.Dm3MetricRegistriesImpl (Dm3MetricRegistriesImpl.java:addReporterRegistration(114)) - New reporters are added after registries were created. Some metrics will be missing from the reporter. Please add reporter before adding any new registry.
2025-04-23 14:38:13,069 [main] WARN  dropwizard3.Dm3MetricRegistriesImpl (Dm3MetricRegistriesImpl.java:addReporterRegistration(114)) - New reporters are added after registries were created. Some metrics will be missing from the reporter. Please add reporter before adding any new registry.
2025-04-23 14:38:13,069 [main] WARN  server.ServerUtils (ServerUtils.java:getDefaultRatisDirectory(309)) - Storage directory for Ratis is not configured. It is a good idea to map this to an SSD disk. Falling back to ozone.metadata.dirs
2025-04-23 14:38:13,069 [main] INFO  server.RaftServerConfigKeys (ConfUtils.java:logGet(46)) - raft.server.log.appender.buffer.byte-limit = 4194304 (custom)
2025-04-23 14:38:13,070 [main] INFO  ratis.OzoneManagerRatisServer (OzoneManagerRatisServer.java:<init>(167)) - Instantiating OM Ratis server with groupID: om-service-test1 and peers: localhost:15009, localhost:15017, localhost:15013
2025-04-23 14:38:13,070 [main] INFO  ratis.OzoneManagerStateMachine (OzoneManagerStateMachine.java:loadSnapshotInfoFromDB(611)) - LastAppliedIndex is set from TransactionInfo from OM DB as (t:8, i:102)
2025-04-23 14:38:13,071 [main] INFO  server.RaftServer (ConfUtils.java:logGet(46)) - raft.rpc.type = GRPC (default)
2025-04-23 14:38:13,071 [main] INFO  grpc.GrpcConfigKeys (ConfUtils.java:logFallback(53)) - raft.grpc.admin.host = null (fallback to raft.grpc.server.host)
2025-04-23 14:38:13,071 [main] INFO  grpc.GrpcConfigKeys (ConfUtils.java:logFallback(53)) - raft.grpc.admin.port = 15009 (fallback to raft.grpc.server.port)
2025-04-23 14:38:13,071 [main] INFO  grpc.GrpcConfigKeys (ConfUtils.java:logFallback(53)) - raft.grpc.client.host = null (fallback to raft.grpc.server.host)
2025-04-23 14:38:13,071 [main] INFO  grpc.GrpcConfigKeys (ConfUtils.java:logFallback(53)) - raft.grpc.client.port = 15009 (fallback to raft.grpc.server.port)
2025-04-23 14:38:13,071 [main] INFO  grpc.GrpcConfigKeys (ConfUtils.java:logGet(46)) - raft.grpc.server.host = null (default)
2025-04-23 14:38:13,071 [main] INFO  grpc.GrpcConfigKeys (ConfUtils.java:logGet(46)) - raft.grpc.server.port = 15009 (custom)
2025-04-23 14:38:13,071 [main] INFO  server.GrpcService (ConfUtils.java:logGet(46)) - raft.grpc.message.size.max = 5242880 (custom)
2025-04-23 14:38:13,072 [main] INFO  server.GrpcService (ConfUtils.java:logGet(46)) - raft.grpc.flow.control.window = 1MB (=1048576) (default)
2025-04-23 14:38:13,072 [main] INFO  server.RaftServerConfigKeys (ConfUtils.java:logGet(46)) - raft.server.rpc.request.timeout = 3000ms (default)
2025-04-23 14:38:13,072 [main] INFO  grpc.GrpcConfigKeys (ConfUtils.java:logGet(46)) - raft.grpc.server.heartbeat.channel = true (default)
2025-04-23 14:38:13,072 [main] INFO  server.RaftServerConfigKeys (ConfUtils.java:logGet(46)) - raft.server.log.appender.buffer.byte-limit = 4194304 (custom)
2025-04-23 14:38:13,072 [main] INFO  grpc.GrpcConfigKeys (ConfUtils.java:logGet(46)) - raft.grpc.server.async.request.thread.pool.cached = true (default)
2025-04-23 14:38:13,072 [main] INFO  grpc.GrpcConfigKeys (ConfUtils.java:logGet(46)) - raft.grpc.server.async.request.thread.pool.size = 32 (default)
2025-04-23 14:38:13,073 [main] INFO  impl.DataStreamServerImpl (ConfUtils.java:logGet(46)) - raft.datastream.type = DISABLED (default)
2025-04-23 14:38:13,073 [main] INFO  server.RaftServerConfigKeys (ConfUtils.java:logGet(46)) - raft.server.sleep.deviation.threshold = 300ms (default)
2025-04-23 14:38:13,073 [main] INFO  server.RaftServerConfigKeys (ConfUtils.java:logGet(46)) - raft.server.close.threshold = 60s (default)
2025-04-23 14:38:13,073 [main] INFO  server.RaftServerConfigKeys (ConfUtils.java:logGet(46)) - raft.server.leaderelection.leader.step-down.wait-time = 10s (default)
2025-04-23 14:38:13,073 [main] INFO  server.RaftServerConfigKeys (ConfUtils.java:logGet(46)) - raft.server.storage.dir = [/home/runner/work/ozone/ozone/hadoop-ozone/integration-test/target/test-dir/MiniOzoneClusterImpl-68853c07-42d2-4ef8-9e75-e3a852294e6a/omNode-1/ratis] (custom)
2025-04-23 14:38:13,073 [main] INFO  server.RaftServerConfigKeys (ConfUtils.java:logGet(46)) - raft.server.threadpool.proxy.cached = true (default)
2025-04-23 14:38:13,073 [main] INFO  server.RaftServerConfigKeys (ConfUtils.java:logGet(46)) - raft.server.threadpool.proxy.size = 0 (default)
2025-04-23 14:38:13,073 [omNode-1-impl-thread1] INFO  server.RaftServer (RaftServerProxy.java:initGroupDir(265)) - omNode-1: found a subdirectory /home/runner/work/ozone/ozone/hadoop-ozone/integration-test/target/test-dir/MiniOzoneClusterImpl-68853c07-42d2-4ef8-9e75-e3a852294e6a/omNode-1/ratis/c9bc4cf4-3bc3-3c60-a66b-523986131536
2025-04-23 14:38:13,074 [main] INFO  server.RaftServer (RaftServerProxy.java:addNew(100)) - omNode-1: addNew group-523986131536:[omNode-3|localhost:15017, omNode-1|localhost:15009, omNode-2|localhost:15013] returns group-523986131536:java.util.concurrent.CompletableFuture@570d05cb[Not completed]
2025-04-23 14:38:13,074 [main] INFO  om.OzoneManager (OzoneManager.java:initializeRatisServer(2303)) - OzoneManager Ratis server initialized at port 15009
2025-04-23 14:38:13,074 [main] INFO  ratis.OzoneManagerRatisServer (OzoneManagerRatisServer.java:start(628)) - Starting OzoneManagerRatisServer omNode-1 at port 15009
2025-04-23 14:38:13,074 [omNode-1-groupManagement] INFO  server.RaftServer$Division (RaftServerImpl.java:<init>(255)) - omNode-1: new RaftServerImpl for group-523986131536:[omNode-3|localhost:15017, omNode-1|localhost:15009, omNode-2|localhost:15013] with OzoneManagerStateMachine:uninitialized
2025-04-23 14:38:13,074 [omNode-1-groupManagement] INFO  server.RaftServerConfigKeys (ConfUtils.java:logGet(46)) - raft.server.rpc.timeout.min = 1s (custom)
2025-04-23 14:38:13,074 [omNode-1-groupManagement] INFO  server.RaftServerConfigKeys (ConfUtils.java:logGet(46)) - raft.server.rpc.timeout.max = 1200ms (custom)
2025-04-23 14:38:13,074 [omNode-1-groupManagement] INFO  server.RaftServerConfigKeys (ConfUtils.java:logGet(46)) - raft.server.rpc.sleep.time = 25ms (default)
2025-04-23 14:38:13,074 [omNode-1-groupManagement] INFO  server.RaftServerConfigKeys (ConfUtils.java:logGet(46)) - raft.server.rpc.slowness.timeout = 2s (custom)
2025-04-23 14:38:13,074 [omNode-1-groupManagement] INFO  server.RaftServerConfigKeys (ConfUtils.java:logGet(46)) - raft.server.leaderelection.leader.step-down.wait-time = 10s (default)
2025-04-23 14:38:13,074 [omNode-1-groupManagement] INFO  server.RaftServerConfigKeys (ConfUtils.java:logGet(46)) - raft.server.leaderelection.member.majority-add = false (default)
2025-04-23 14:38:13,074 [omNode-1-groupManagement] INFO  server.RaftServerConfigKeys (ConfUtils.java:logGet(46)) - raft.server.sleep.deviation.threshold = 300ms (default)
2025-04-23 14:38:13,074 [omNode-1-groupManagement] INFO  server.RaftServer$Division (ServerState.java:<init>(114)) - omNode-1@group-523986131536: ConfigurationManager, init=conf: {index: -1, cur=peers:[omNode-3|localhost:15017, omNode-1|localhost:15009, omNode-2|localhost:15013]|listeners:[], old=null}, confs=<EMPTY_MAP>
2025-04-23 14:38:13,074 [omNode-1-groupManagement] INFO  server.RaftServerConfigKeys (ConfUtils.java:logGet(46)) - raft.server.notification.no-leader.timeout = 2s (custom)
2025-04-23 14:38:13,074 [omNode-1-groupManagement] INFO  server.RaftServerConfigKeys (ConfUtils.java:logGet(46)) - raft.server.read.timeout = 10s (default)
2025-04-23 14:38:13,074 [omNode-1-groupManagement] INFO  server.RaftServerConfigKeys (ConfUtils.java:logGet(46)) - raft.server.retrycache.expirytime = 30000ms (custom)
2025-04-23 14:38:13,074 [omNode-1-groupManagement] INFO  server.RaftServerConfigKeys (ConfUtils.java:logGet(46)) - raft.server.retrycache.statistics.expirytime = 100ms (default)
2025-04-23 14:38:13,074 [omNode-1-groupManagement] INFO  server.RaftServerConfigKeys (ConfUtils.java:logGet(46)) - raft.server.read.option = DEFAULT (default)
2025-04-23 14:38:13,074 [omNode-1-groupManagement] INFO  server.RaftServerConfigKeys (ConfUtils.java:logGet(46)) - raft.server.read.read-after-write-consistent.write-index-cache.expiry-time = 60s (default)
2025-04-23 14:38:13,076 [omNode-1-groupManagement] INFO  server.RaftServerConfigKeys (ConfUtils.java:logGet(46)) - raft.server.rpc.request.timeout = 3000ms (default)
2025-04-23 14:38:13,076 [omNode-1-groupManagement] INFO  server.RaftServerConfigKeys (ConfUtils.java:logGet(46)) - raft.server.log.appender.install.snapshot.enabled = false (custom)
2025-04-23 14:38:13,076 [omNode-1-groupManagement] INFO  server.RaftServerConfigKeys (ConfUtils.java:logGet(46)) - raft.server.threadpool.server.cached = true (default)
2025-04-23 14:38:13,076 [omNode-1-groupManagement] INFO  server.RaftServerConfigKeys (ConfUtils.java:logGet(46)) - raft.server.threadpool.server.size = 0 (default)
2025-04-23 14:38:13,076 [omNode-1-groupManagement] INFO  server.RaftServerConfigKeys (ConfUtils.java:logGet(46)) - raft.server.threadpool.client.cached = true (default)
2025-04-23 14:38:13,076 [omNode-1-groupManagement] INFO  server.RaftServerConfigKeys (ConfUtils.java:logGet(46)) - raft.server.threadpool.client.size = 0 (default)
2025-04-23 14:38:13,076 [omNode-1-impl-thread1] INFO  server.RaftServerConfigKeys (ConfUtils.java:logGet(46)) - raft.server.storage.free-space.min = 0MB (=0) (default)
2025-04-23 14:38:13,076 [omNode-1-impl-thread1] INFO  server.RaftServerConfigKeys (ConfUtils.java:logGet(46)) - raft.server.log.corruption.policy = EXCEPTION (default)
2025-04-23 14:38:13,076 [omNode-1-impl-thread1] INFO  server.RaftServerConfigKeys (ConfUtils.java:logGet(46)) - raft.server.storage.dir = [/home/runner/work/ozone/ozone/hadoop-ozone/integration-test/target/test-dir/MiniOzoneClusterImpl-68853c07-42d2-4ef8-9e75-e3a852294e6a/omNode-1/ratis] (custom)
2025-04-23 14:38:13,077 [omNode-1-impl-thread1] INFO  storage.RaftStorageDirectory (RaftStorageDirectoryImpl.java:tryLock(229)) - Lock on /home/runner/work/ozone/ozone/hadoop-ozone/integration-test/target/test-dir/MiniOzoneClusterImpl-68853c07-42d2-4ef8-9e75-e3a852294e6a/omNode-1/ratis/c9bc4cf4-3bc3-3c60-a66b-523986131536/in_use.lock acquired by nodename 129558@fv-az1120-822
2025-04-23 14:38:13,077 [omNode-1-impl-thread1] INFO  storage.RaftStorage (RaftStorageImpl.java:analyzeAndRecoverStorage(118)) - Read RaftStorageMetadata{term=8, votedFor=omNode-1} from /home/runner/work/ozone/ozone/hadoop-ozone/integration-test/target/test-dir/MiniOzoneClusterImpl-68853c07-42d2-4ef8-9e75-e3a852294e6a/omNode-1/ratis/c9bc4cf4-3bc3-3c60-a66b-523986131536/current/raft-meta
2025-04-23 14:38:13,078 [omNode-1-impl-thread1] INFO  server.RaftServer$Division (ServerState.java:setRaftConf(386)) - omNode-1@group-523986131536: set configuration conf: {index: 77, cur=peers:[omNode-3|localhost:15017, omNode-1|localhost:15009, omNode-2|localhost:15013]|listeners:[], old=null}
2025-04-23 14:38:13,078 [omNode-1-impl-thread1] INFO  ratis.OzoneManagerStateMachine (OzoneManagerStateMachine.java:lambda$0(138)) - omNode-1: initialize group-523986131536 with (t:8, i:102)
2025-04-23 14:38:13,078 [omNode-1-impl-thread1] INFO  server.RaftServerConfigKeys (ConfUtils.java:logGet(46)) - raft.server.log.use.memory = false (default)
2025-04-23 14:38:13,078 [omNode-1-impl-thread1] INFO  server.RaftServerConfigKeys (ConfUtils.java:logGet(46)) - raft.server.log.purge.gap = 50 (custom)
2025-04-23 14:38:13,078 [omNode-1-impl-thread1] INFO  server.RaftServerConfigKeys (ConfUtils.java:logGet(46)) - raft.server.log.appender.buffer.byte-limit = 4194304 (custom)
2025-04-23 14:38:13,078 [omNode-1-impl-thread1] INFO  server.RaftServerConfigKeys (ConfUtils.java:logGet(46)) - raft.server.log.statemachine.data.read.timeout = 1000ms (default)
2025-04-23 14:38:13,078 [omNode-1-impl-thread1] INFO  server.RaftServerConfigKeys (ConfUtils.java:logGet(46)) - raft.server.log.purge.preservation.log.num = 0 (default)
2025-04-23 14:38:13,079 [omNode-1-impl-thread1] INFO  server.RaftServerConfigKeys (ConfUtils.java:logGet(46)) - raft.server.log.segment.size.max = 4194304 (custom)
2025-04-23 14:38:13,079 [omNode-1-impl-thread1] INFO  server.RaftServerConfigKeys (ConfUtils.java:logGet(46)) - raft.server.log.segment.cache.num.max = 2 (custom)
2025-04-23 14:38:13,079 [omNode-1-impl-thread1] INFO  server.RaftServerConfigKeys (ConfUtils.java:logGet(46)) - raft.server.log.segment.cache.size.max = 200MB (=209715200) (default)
2025-04-23 14:38:13,079 [omNode-1-impl-thread1] INFO  server.RaftServerConfigKeys (ConfUtils.java:logGet(46)) - raft.server.log.appender.buffer.byte-limit = 4194304 (custom)
2025-04-23 14:38:13,079 [omNode-1-impl-thread1] INFO  util.AwaitToRun (AwaitToRun.java:start(81)) - Thread[#4099,omNode-1@group-523986131536-cacheEviction-AwaitToRun,5,main] started
2025-04-23 14:38:13,079 [omNode-1-impl-thread1] INFO  segmented.SegmentedRaftLogWorker (SegmentedRaftLogWorker.java:<init>(188)) - new omNode-1@group-523986131536-SegmentedRaftLogWorker for RaftStorageImpl:Storage Directory /home/runner/work/ozone/ozone/hadoop-ozone/integration-test/target/test-dir/MiniOzoneClusterImpl-68853c07-42d2-4ef8-9e75-e3a852294e6a/omNode-1/ratis/c9bc4cf4-3bc3-3c60-a66b-523986131536
2025-04-23 14:38:13,079 [omNode-1-impl-thread1] INFO  server.RaftServerConfigKeys (ConfUtils.java:logGet(46)) - raft.server.log.queue.byte-limit = 64MB (=67108864) (default)
2025-04-23 14:38:13,079 [omNode-1-impl-thread1] INFO  server.RaftServerConfigKeys (ConfUtils.java:logGet(46)) - raft.server.log.queue.element-limit = 4096 (default)
2025-04-23 14:38:13,080 [omNode-1-impl-thread1] INFO  server.RaftServerConfigKeys (ConfUtils.java:logGet(46)) - raft.server.log.segment.size.max = 4194304 (custom)
2025-04-23 14:38:13,080 [omNode-1-impl-thread1] INFO  server.RaftServerConfigKeys (ConfUtils.java:logGet(46)) - raft.server.log.preallocated.size = 4194304 (custom)
2025-04-23 14:38:13,080 [omNode-1-impl-thread1] INFO  server.RaftServerConfigKeys (ConfUtils.java:logGet(46)) - raft.server.log.force.sync.num = 128 (default)
2025-04-23 14:38:13,080 [omNode-1-impl-thread1] INFO  server.RaftServerConfigKeys (ConfUtils.java:logGet(46)) - raft.server.log.statemachine.data.sync = true (default)
2025-04-23 14:38:13,080 [omNode-1-impl-thread1] INFO  server.RaftServerConfigKeys (ConfUtils.java:logGet(46)) - raft.server.log.statemachine.data.sync.timeout = 10s (default)
2025-04-23 14:38:13,080 [omNode-1-impl-thread1] INFO  server.RaftServerConfigKeys (ConfUtils.java:logGet(46)) - raft.server.log.statemachine.data.sync.timeout.retry = -1 (default)
2025-04-23 14:38:13,080 [omNode-1-impl-thread1] INFO  server.RaftServerConfigKeys (ConfUtils.java:logGet(46)) - raft.server.log.write.buffer.size = 4194312 (custom)
2025-04-23 14:38:13,080 [omNode-1-impl-thread1] INFO  server.RaftServerConfigKeys (ConfUtils.java:logGet(46)) - raft.server.log.appender.buffer.byte-limit = 4194304 (custom)
2025-04-23 14:38:13,080 [omNode-1-impl-thread1] INFO  server.RaftServerConfigKeys (ConfUtils.java:logGet(46)) - raft.server.log.unsafe-flush.enabled = false (default)
2025-04-23 14:38:13,080 [omNode-1-impl-thread1] INFO  server.RaftServerConfigKeys (ConfUtils.java:logGet(46)) - raft.server.log.async-flush.enabled = false (default)
2025-04-23 14:38:13,080 [omNode-1-impl-thread1] INFO  server.RaftServerConfigKeys (ConfUtils.java:logGet(46)) - raft.server.log.statemachine.data.caching.enabled = false (default)
2025-04-23 14:38:13,081 [omNode-1-impl-thread1] INFO  server.RaftServer$Division (ServerState.java:setRaftConf(386)) - omNode-1@group-523986131536: set configuration conf: {index: 77, cur=peers:[omNode-3|localhost:15017, omNode-1|localhost:15009, omNode-2|localhost:15013]|listeners:[], old=null}
2025-04-23 14:38:13,081 [omNode-1-impl-thread1] INFO  segmented.LogSegment (LogSegment.java:loadSegment(171)) - Successfully read 26 entries from segment file /home/runner/work/ozone/ozone/hadoop-ozone/integration-test/target/test-dir/MiniOzoneClusterImpl-68853c07-42d2-4ef8-9e75-e3a852294e6a/omNode-1/ratis/c9bc4cf4-3bc3-3c60-a66b-523986131536/current/log_inprogress_77
2025-04-23 14:38:13,081 [omNode-1-impl-thread1] INFO  segmented.SegmentedRaftLogWorker (SegmentedRaftLogWorker.java:lambda$new$0(139)) - omNode-1@group-523986131536-SegmentedRaftLogWorker: flushIndex: setUnconditionally 0 -> 102
2025-04-23 14:38:13,081 [omNode-1-impl-thread1] INFO  segmented.SegmentedRaftLogWorker (SegmentedRaftLogWorker.java:lambda$new$0(139)) - omNode-1@group-523986131536-SegmentedRaftLogWorker: safeCacheEvictIndex: setUnconditionally 0 -> -1
2025-04-23 14:38:13,081 [omNode-1-impl-thread1] INFO  segmented.BufferedWriteChannel (BufferedWriteChannel.java:open(61)) - open log_inprogress_77 (append) at position 6368
2025-04-23 14:38:13,081 [omNode-1-impl-thread1] INFO  raftlog.RaftLog (RaftLogBase.java:lambda$new$0(54)) - omNode-1@group-523986131536-SegmentedRaftLog: purgeIndex: updateToMax old=-1, new=76, updated? true
2025-04-23 14:38:13,082 [omNode-1-impl-thread1] INFO  server.RaftServer$Division (RaftServerImpl.java:start(391)) - omNode-1@group-523986131536: start as a follower, conf=conf: {index: 77, cur=peers:[omNode-3|localhost:15017, omNode-1|localhost:15009, omNode-2|localhost:15013]|listeners:[], old=null}
2025-04-23 14:38:13,082 [omNode-1-impl-thread1] INFO  server.RaftServer$Division (RaftServerImpl.java:setRole(378)) - omNode-1@group-523986131536: changes role from      null to FOLLOWER at term 8 for startAsFollower
2025-04-23 14:38:13,082 [omNode-1-impl-thread1] INFO  impl.RoleInfo (RoleInfo.java:updateAndGet(148)) - omNode-1: start omNode-1@group-523986131536-FollowerState
2025-04-23 14:38:13,082 [omNode-1-impl-thread1] INFO  util.JmxRegister (JmxRegister.java:tryRegister(44)) - Successfully registered JMX Bean with object name Ratis:service=RaftServer,group=group-523986131536,id=omNode-1
2025-04-23 14:38:13,082 [omNode-1-impl-thread1] INFO  util.JmxRegister (JmxRegister.java:register(58)) - register mxBean class org.apache.ratis.server.impl.RaftServerJmxAdapter as Ratis:service=RaftServer,group=group-523986131536,id=omNode-1
2025-04-23 14:38:13,082 [omNode-1-impl-thread1] INFO  server.RaftServerConfigKeys (ConfUtils.java:logGet(46)) - raft.server.snapshot.trigger-when-stop.enabled = true (default)
2025-04-23 14:38:13,082 [omNode-1-impl-thread1] INFO  server.RaftServerConfigKeys (ConfUtils.java:logGet(46)) - raft.server.snapshot.trigger-when-remove.enabled = true (default)
2025-04-23 14:38:13,082 [omNode-1-impl-thread1] INFO  server.RaftServerConfigKeys (ConfUtils.java:logGet(46)) - raft.server.snapshot.auto.trigger.enabled = true (custom)
2025-04-23 14:38:13,082 [omNode-1-impl-thread1] INFO  server.RaftServerConfigKeys (ConfUtils.java:logGet(46)) - raft.server.snapshot.auto.trigger.threshold = 50 (custom)
2025-04-23 14:38:13,082 [omNode-1@group-523986131536-FollowerState] INFO  server.RaftServerConfigKeys (ConfUtils.java:logFallback(53)) - raft.server.rpc.first-election.timeout.min = 1s (fallback to raft.server.rpc.timeout.min)
2025-04-23 14:38:13,082 [omNode-1@group-523986131536-FollowerState] INFO  server.RaftServerConfigKeys (ConfUtils.java:logFallback(53)) - raft.server.rpc.first-election.timeout.max = 1200ms (fallback to raft.server.rpc.timeout.max)
2025-04-23 14:38:13,082 [omNode-1-impl-thread1] INFO  server.RaftServerConfigKeys (ConfUtils.java:logGet(46)) - raft.server.snapshot.retention.file.num = -1 (default)
2025-04-23 14:38:13,082 [omNode-1-impl-thread1] INFO  server.RaftServerConfigKeys (ConfUtils.java:logGet(46)) - raft.server.log.purge.upto.snapshot.index = true (custom)
2025-04-23 14:38:13,083 [omNode-1-impl-thread1] INFO  server.RaftServer$Division (RaftServerImpl.java:start(405)) - omNode-1@group-523986131536: Successfully started.
2025-04-23 14:38:13,083 [main] INFO  server.RaftServer (RaftServerProxy.java:startImpl(407)) - omNode-1: start RPC server
2025-04-23 14:38:13,084 [main] INFO  server.GrpcService (GrpcService.java:startImpl(334)) - omNode-1: GrpcService started, listening on 15009
2025-04-23 14:38:13,084 [main] INFO  om.OzoneManager (OzoneManager.java:getRpcServer(1360)) - Creating RPC Server
2025-04-23 14:38:13,084 [JvmPauseMonitor24] INFO  util.JvmPauseMonitor (JvmPauseMonitor.java:run(146)) - JvmPauseMonitor-omNode-1: Started
2025-04-23 14:38:13,426 [main] INFO  reflections.Reflections (Reflections.java:scan(219)) - Reflections took 341 ms to scan 22 urls, producing 61 keys and 7422 values
2025-04-23 14:38:13,427 [main] INFO  ipc.CallQueueManager (CallQueueManager.java:<init>(93)) - Using callQueue: class java.util.concurrent.LinkedBlockingQueue, queueCapacity: 2000, scheduler: class org.apache.hadoop.ipc.DefaultRpcScheduler, ipcBackoff: false, ipcFailOver: false.
2025-04-23 14:38:13,427 [main] INFO  ipc.Server (Server.java:<init>(1438)) - Listener at localhost:15006
2025-04-23 14:38:13,428 [Socket Reader #1 for port 15006] INFO  ipc.Server (Server.java:run(1474)) - Starting Socket Reader #1 for port 15006
2025-04-23 14:38:13,428 [Socket Reader #2 for port 15006] INFO  ipc.Server (Server.java:run(1474)) - Starting Socket Reader #2 for port 15006
2025-04-23 14:38:13,428 [Socket Reader #3 for port 15006] INFO  ipc.Server (Server.java:run(1474)) - Starting Socket Reader #3 for port 15006
2025-04-23 14:38:13,428 [Socket Reader #4 for port 15006] INFO  ipc.Server (Server.java:run(1474)) - Starting Socket Reader #4 for port 15006
2025-04-23 14:38:13,429 [Socket Reader #5 for port 15006] INFO  ipc.Server (Server.java:run(1474)) - Starting Socket Reader #5 for port 15006
2025-04-23 14:38:13,429 [Socket Reader #6 for port 15006] INFO  ipc.Server (Server.java:run(1474)) - Starting Socket Reader #6 for port 15006
2025-04-23 14:38:13,429 [Socket Reader #7 for port 15006] INFO  ipc.Server (Server.java:run(1474)) - Starting Socket Reader #7 for port 15006
2025-04-23 14:38:13,430 [Socket Reader #8 for port 15006] INFO  ipc.Server (Server.java:run(1474)) - Starting Socket Reader #8 for port 15006
2025-04-23 14:38:13,430 [Socket Reader #9 for port 15006] INFO  ipc.Server (Server.java:run(1474)) - Starting Socket Reader #9 for port 15006
2025-04-23 14:38:13,430 [Socket Reader #10 for port 15006] INFO  ipc.Server (Server.java:run(1474)) - Starting Socket Reader #10 for port 15006
2025-04-23 14:38:13,432 [main] INFO  http.BaseHttpServer (BaseHttpServer.java:newHttpServer2BuilderForOzone(229)) - Starting Web-server for ozoneManager at: http://0.0.0.0:15007
2025-04-23 14:38:13,432 [main] INFO  http.BaseHttpServer (BaseHttpServer.java:<init>(107)) - Hadoop Security Enabled: false Ozone Security Enabled: false Ozone HTTP Security Enabled: false 
2025-04-23 14:38:13,433 [main] WARN  server.AuthenticationFilter (AuthenticationFilter.java:constructSecretProvider(240)) - Unable to initialize FileSignerSecretProvider, falling back to use random secrets. Reason: Could not read signature secret file: /home/runner/hadoop-http-auth-signature-secret
2025-04-23 14:38:13,435 [main] INFO  http.HttpServer2 (HttpServer2.java:addGlobalFilter(1041)) - Added global filter 'safety' (class=org.apache.hadoop.hdds.server.http.HttpServer2$QuotingInputFilter)
2025-04-23 14:38:13,435 [main] INFO  http.HttpServer2 (HttpServer2.java:addFilter(1017)) - Added filter static_user_filter (class=org.apache.hadoop.http.lib.StaticUserWebFilter$StaticUserFilter) to context ozoneManager
2025-04-23 14:38:13,435 [main] INFO  http.HttpServer2 (HttpServer2.java:addFilter(1025)) - Added filter static_user_filter (class=org.apache.hadoop.http.lib.StaticUserWebFilter$StaticUserFilter) to context static
2025-04-23 14:38:13,435 [main] INFO  http.HttpServer2 (HttpServer2.java:addFilter(1025)) - Added filter static_user_filter (class=org.apache.hadoop.http.lib.StaticUserWebFilter$StaticUserFilter) to context logs
2025-04-23 14:38:13,436 [main] INFO  http.BaseHttpServer (BaseHttpServer.java:<init>(195)) - HTTP server of ozoneManager uses base directory /home/runner/work/ozone/ozone/hadoop-ozone/integration-test/target/test-dir/MiniOzoneClusterImpl-68853c07-42d2-4ef8-9e75-e3a852294e6a/omNode-1/webserver
2025-04-23 14:38:13,436 [main] INFO  http.HttpServer2 (HttpServer2.java:bindListener(1241)) - Jetty bound to port 15007
2025-04-23 14:38:13,436 [main] INFO  server.Server (Server.java:doStart(375)) - jetty-9.4.57.v20241219; built: 2025-01-08T21:24:30.412Z; git: df524e6b29271c2e09ba9aea83c18dc9db464a31; jvm 21.0.7+6-LTS
2025-04-23 14:38:13,437 [main] INFO  server.session (DefaultSessionIdManager.java:doStart(334)) - DefaultSessionIdManager workerName=node0
2025-04-23 14:38:13,438 [main] INFO  server.session (DefaultSessionIdManager.java:doStart(339)) - No SessionScavenger set, using defaults
2025-04-23 14:38:13,438 [main] INFO  server.session (HouseKeeper.java:startScavenging(132)) - node0 Scavenging every 660000ms
2025-04-23 14:38:13,438 [main] INFO  handler.ContextHandler (ContextHandler.java:doStart(921)) - Started o.e.j.s.ServletContextHandler@566940e2{logs,/logs,file:///home/runner/work/ozone/ozone/hadoop-ozone/integration-test/target/log,AVAILABLE}
2025-04-23 14:38:13,438 [main] INFO  handler.ContextHandler (ContextHandler.java:doStart(921)) - Started o.e.j.s.ServletContextHandler@495d83e7{static,/static,file:///home/runner/work/ozone/ozone/hadoop-ozone/integration-test/target/test-classes/webapps/static,AVAILABLE}
2025-04-23 14:38:13,442 [main] INFO  handler.ContextHandler (ContextHandler.java:doStart(921)) - Started o.e.j.w.WebAppContext@2df56e5d{ozoneManager,/,file:///home/runner/work/ozone/ozone/hadoop-ozone/integration-test/target/test-classes/webapps/ozoneManager/,AVAILABLE}{file:/home/runner/work/ozone/ozone/hadoop-ozone/integration-test/target/test-classes/webapps/ozoneManager}
2025-04-23 14:38:13,442 [main] INFO  server.AbstractConnector (AbstractConnector.java:doStart(333)) - Started ServerConnector@64314d50{HTTP/1.1, (http/1.1)}{0.0.0.0:15007}
2025-04-23 14:38:13,442 [main] INFO  server.Server (Server.java:doStart(415)) - Started @93721ms
2025-04-23 14:38:13,443 [main] WARN  impl.MetricsSystemImpl (MetricsSystemImpl.java:register(279)) - Sink prometheus already exists!
2025-04-23 14:38:13,443 [main] INFO  http.BaseHttpServer (BaseHttpServer.java:updateConnectorAddress(360)) - HTTP server of ozoneManager listening at http://0.0.0.0:15007
2025-04-23 14:38:13,443 [IPC Server Responder] INFO  ipc.Server (Server.java:run(1713)) - IPC Server Responder: starting
2025-04-23 14:38:13,443 [IPC Server listener on 15006] INFO  ipc.Server (Server.java:run(1553)) - IPC Server listener on 15006: starting
2025-04-23 14:38:13,445 [main] INFO  om.OzoneManager (OzoneManager.java:startTrashEmptier(2257)) - Trash Interval set to 0. Files deleted won't move to trash
2025-04-23 14:38:13,446 [main] INFO  om.OzoneManager (OzoneManager.java:restart(1878)) - OzoneManager RPC server is listening at localhost/127.0.0.1:15010
2025-04-23 14:38:13,446 [main] INFO  impl.MetricsSystemImpl (MetricsSystemImpl.java:init(158)) - OzoneManager metrics system started (again)
2025-04-23 14:38:13,457 [main] WARN  server.ServerUtils (ServerUtils.java:getDBPath(297)) - ozone.om.db.dirs is not configured. We recommend adding this setting. Falling back to ozone.metadata.dirs instead.
2025-04-23 14:38:13,511 [main] INFO  om.OzoneManager (OzoneManager.java:instantiateServices(933)) - S3 Multi-Tenancy is disabled
2025-04-23 14:38:13,511 [main] INFO  om.OmSnapshotManager (OmSnapshotManager.java:<init>(180)) - Ozone filesystem snapshot feature is enabled.
2025-04-23 14:38:13,511 [main] WARN  server.ServerUtils (ServerUtils.java:getDBPath(297)) - ozone.om.snapshot.diff.db.dir is not configured. We recommend adding this setting. Falling back to ozone.metadata.dirs instead.
2025-04-23 14:38:13,528 [main] WARN  dropwizard3.Dm3MetricRegistriesImpl (Dm3MetricRegistriesImpl.java:addReporterRegistration(114)) - New reporters are added after registries were created. Some metrics will be missing from the reporter. Please add reporter before adding any new registry.
2025-04-23 14:38:13,528 [main] WARN  dropwizard3.Dm3MetricRegistriesImpl (Dm3MetricRegistriesImpl.java:addReporterRegistration(114)) - New reporters are added after registries were created. Some metrics will be missing from the reporter. Please add reporter before adding any new registry.
2025-04-23 14:38:13,528 [main] WARN  server.ServerUtils (ServerUtils.java:getDefaultRatisDirectory(309)) - Storage directory for Ratis is not configured. It is a good idea to map this to an SSD disk. Falling back to ozone.metadata.dirs
2025-04-23 14:38:13,528 [main] INFO  server.RaftServerConfigKeys (ConfUtils.java:logGet(46)) - raft.server.log.appender.buffer.byte-limit = 4194304 (custom)
2025-04-23 14:38:13,529 [main] INFO  ratis.OzoneManagerRatisServer (OzoneManagerRatisServer.java:<init>(167)) - Instantiating OM Ratis server with groupID: om-service-test1 and peers: localhost:15013, localhost:15017, localhost:15009
2025-04-23 14:38:13,529 [main] INFO  ratis.OzoneManagerStateMachine (OzoneManagerStateMachine.java:loadSnapshotInfoFromDB(611)) - LastAppliedIndex is set from TransactionInfo from OM DB as (t:9, i:104)
2025-04-23 14:38:13,530 [main] INFO  server.RaftServer (ConfUtils.java:logGet(46)) - raft.rpc.type = GRPC (default)
2025-04-23 14:38:13,530 [main] INFO  grpc.GrpcConfigKeys (ConfUtils.java:logFallback(53)) - raft.grpc.admin.host = null (fallback to raft.grpc.server.host)
2025-04-23 14:38:13,530 [main] INFO  grpc.GrpcConfigKeys (ConfUtils.java:logFallback(53)) - raft.grpc.admin.port = 15013 (fallback to raft.grpc.server.port)
2025-04-23 14:38:13,530 [main] INFO  grpc.GrpcConfigKeys (ConfUtils.java:logFallback(53)) - raft.grpc.client.host = null (fallback to raft.grpc.server.host)
2025-04-23 14:38:13,530 [main] INFO  grpc.GrpcConfigKeys (ConfUtils.java:logFallback(53)) - raft.grpc.client.port = 15013 (fallback to raft.grpc.server.port)
2025-04-23 14:38:13,530 [main] INFO  grpc.GrpcConfigKeys (ConfUtils.java:logGet(46)) - raft.grpc.server.host = null (default)
2025-04-23 14:38:13,530 [main] INFO  grpc.GrpcConfigKeys (ConfUtils.java:logGet(46)) - raft.grpc.server.port = 15013 (custom)
2025-04-23 14:38:13,530 [main] INFO  server.GrpcService (ConfUtils.java:logGet(46)) - raft.grpc.message.size.max = 5242880 (custom)
2025-04-23 14:38:13,530 [main] INFO  server.GrpcService (ConfUtils.java:logGet(46)) - raft.grpc.flow.control.window = 1MB (=1048576) (default)
2025-04-23 14:38:13,530 [main] INFO  server.RaftServerConfigKeys (ConfUtils.java:logGet(46)) - raft.server.rpc.request.timeout = 3000ms (default)
2025-04-23 14:38:13,531 [main] INFO  grpc.GrpcConfigKeys (ConfUtils.java:logGet(46)) - raft.grpc.server.heartbeat.channel = true (default)
2025-04-23 14:38:13,531 [main] INFO  server.RaftServerConfigKeys (ConfUtils.java:logGet(46)) - raft.server.log.appender.buffer.byte-limit = 4194304 (custom)
2025-04-23 14:38:13,531 [main] INFO  grpc.GrpcConfigKeys (ConfUtils.java:logGet(46)) - raft.grpc.server.async.request.thread.pool.cached = true (default)
2025-04-23 14:38:13,531 [main] INFO  grpc.GrpcConfigKeys (ConfUtils.java:logGet(46)) - raft.grpc.server.async.request.thread.pool.size = 32 (default)
2025-04-23 14:38:13,532 [main] INFO  impl.DataStreamServerImpl (ConfUtils.java:logGet(46)) - raft.datastream.type = DISABLED (default)
2025-04-23 14:38:13,532 [main] INFO  server.RaftServerConfigKeys (ConfUtils.java:logGet(46)) - raft.server.sleep.deviation.threshold = 300ms (default)
2025-04-23 14:38:13,532 [main] INFO  server.RaftServerConfigKeys (ConfUtils.java:logGet(46)) - raft.server.close.threshold = 60s (default)
2025-04-23 14:38:13,532 [main] INFO  server.RaftServerConfigKeys (ConfUtils.java:logGet(46)) - raft.server.leaderelection.leader.step-down.wait-time = 10s (default)
2025-04-23 14:38:13,532 [main] INFO  server.RaftServerConfigKeys (ConfUtils.java:logGet(46)) - raft.server.storage.dir = [/home/runner/work/ozone/ozone/hadoop-ozone/integration-test/target/test-dir/MiniOzoneClusterImpl-68853c07-42d2-4ef8-9e75-e3a852294e6a/omNode-2/ratis] (custom)
2025-04-23 14:38:13,532 [main] INFO  server.RaftServerConfigKeys (ConfUtils.java:logGet(46)) - raft.server.threadpool.proxy.cached = true (default)
2025-04-23 14:38:13,532 [main] INFO  server.RaftServerConfigKeys (ConfUtils.java:logGet(46)) - raft.server.threadpool.proxy.size = 0 (default)
2025-04-23 14:38:13,533 [omNode-2-impl-thread1] INFO  server.RaftServer (RaftServerProxy.java:initGroupDir(265)) - omNode-2: found a subdirectory /home/runner/work/ozone/ozone/hadoop-ozone/integration-test/target/test-dir/MiniOzoneClusterImpl-68853c07-42d2-4ef8-9e75-e3a852294e6a/omNode-2/ratis/c9bc4cf4-3bc3-3c60-a66b-523986131536
2025-04-23 14:38:13,533 [main] INFO  server.RaftServer (RaftServerProxy.java:addNew(100)) - omNode-2: addNew group-523986131536:[omNode-3|localhost:15017, omNode-1|localhost:15009, omNode-2|localhost:15013] returns group-523986131536:java.util.concurrent.CompletableFuture@6b23d1e7[Not completed]
2025-04-23 14:38:13,533 [main] INFO  om.OzoneManager (OzoneManager.java:initializeRatisServer(2303)) - OzoneManager Ratis server initialized at port 15013
2025-04-23 14:38:13,533 [main] INFO  ratis.OzoneManagerRatisServer (OzoneManagerRatisServer.java:start(628)) - Starting OzoneManagerRatisServer omNode-2 at port 15013
2025-04-23 14:38:13,533 [omNode-2-groupManagement] INFO  server.RaftServer$Division (RaftServerImpl.java:<init>(255)) - omNode-2: new RaftServerImpl for group-523986131536:[omNode-3|localhost:15017, omNode-1|localhost:15009, omNode-2|localhost:15013] with OzoneManagerStateMachine:uninitialized
2025-04-23 14:38:13,533 [omNode-2-groupManagement] INFO  server.RaftServerConfigKeys (ConfUtils.java:logGet(46)) - raft.server.rpc.timeout.min = 1s (custom)
2025-04-23 14:38:13,533 [omNode-2-groupManagement] INFO  server.RaftServerConfigKeys (ConfUtils.java:logGet(46)) - raft.server.rpc.timeout.max = 1200ms (custom)
2025-04-23 14:38:13,533 [omNode-2-groupManagement] INFO  server.RaftServerConfigKeys (ConfUtils.java:logGet(46)) - raft.server.rpc.sleep.time = 25ms (default)
2025-04-23 14:38:13,533 [omNode-2-groupManagement] INFO  server.RaftServerConfigKeys (ConfUtils.java:logGet(46)) - raft.server.rpc.slowness.timeout = 2s (custom)
2025-04-23 14:38:13,533 [omNode-2-groupManagement] INFO  server.RaftServerConfigKeys (ConfUtils.java:logGet(46)) - raft.server.leaderelection.leader.step-down.wait-time = 10s (default)
2025-04-23 14:38:13,533 [omNode-2-groupManagement] INFO  server.RaftServerConfigKeys (ConfUtils.java:logGet(46)) - raft.server.leaderelection.member.majority-add = false (default)
2025-04-23 14:38:13,533 [omNode-2-groupManagement] INFO  server.RaftServerConfigKeys (ConfUtils.java:logGet(46)) - raft.server.sleep.deviation.threshold = 300ms (default)
2025-04-23 14:38:13,534 [omNode-2-groupManagement] INFO  server.RaftServer$Division (ServerState.java:<init>(114)) - omNode-2@group-523986131536: ConfigurationManager, init=conf: {index: -1, cur=peers:[omNode-3|localhost:15017, omNode-1|localhost:15009, omNode-2|localhost:15013]|listeners:[], old=null}, confs=<EMPTY_MAP>
2025-04-23 14:38:13,534 [omNode-2-groupManagement] INFO  server.RaftServerConfigKeys (ConfUtils.java:logGet(46)) - raft.server.notification.no-leader.timeout = 2s (custom)
2025-04-23 14:38:13,534 [omNode-2-groupManagement] INFO  server.RaftServerConfigKeys (ConfUtils.java:logGet(46)) - raft.server.read.timeout = 10s (default)
2025-04-23 14:38:13,534 [omNode-2-groupManagement] INFO  server.RaftServerConfigKeys (ConfUtils.java:logGet(46)) - raft.server.retrycache.expirytime = 30000ms (custom)
2025-04-23 14:38:13,534 [omNode-2-groupManagement] INFO  server.RaftServerConfigKeys (ConfUtils.java:logGet(46)) - raft.server.retrycache.statistics.expirytime = 100ms (default)
2025-04-23 14:38:13,534 [omNode-2-groupManagement] INFO  server.RaftServerConfigKeys (ConfUtils.java:logGet(46)) - raft.server.read.option = DEFAULT (default)
2025-04-23 14:38:13,534 [omNode-2-groupManagement] INFO  server.RaftServerConfigKeys (ConfUtils.java:logGet(46)) - raft.server.read.read-after-write-consistent.write-index-cache.expiry-time = 60s (default)
2025-04-23 14:38:13,537 [omNode-2-groupManagement] INFO  server.RaftServerConfigKeys (ConfUtils.java:logGet(46)) - raft.server.rpc.request.timeout = 3000ms (default)
2025-04-23 14:38:13,537 [omNode-2-groupManagement] INFO  server.RaftServerConfigKeys (ConfUtils.java:logGet(46)) - raft.server.log.appender.install.snapshot.enabled = false (custom)
2025-04-23 14:38:13,537 [omNode-2-groupManagement] INFO  server.RaftServerConfigKeys (ConfUtils.java:logGet(46)) - raft.server.threadpool.server.cached = true (default)
2025-04-23 14:38:13,537 [omNode-2-groupManagement] INFO  server.RaftServerConfigKeys (ConfUtils.java:logGet(46)) - raft.server.threadpool.server.size = 0 (default)
2025-04-23 14:38:13,537 [omNode-2-groupManagement] INFO  server.RaftServerConfigKeys (ConfUtils.java:logGet(46)) - raft.server.threadpool.client.cached = true (default)
2025-04-23 14:38:13,537 [omNode-2-groupManagement] INFO  server.RaftServerConfigKeys (ConfUtils.java:logGet(46)) - raft.server.threadpool.client.size = 0 (default)
2025-04-23 14:38:13,537 [omNode-2-impl-thread1] INFO  server.RaftServerConfigKeys (ConfUtils.java:logGet(46)) - raft.server.storage.free-space.min = 0MB (=0) (default)
2025-04-23 14:38:13,537 [omNode-2-impl-thread1] INFO  server.RaftServerConfigKeys (ConfUtils.java:logGet(46)) - raft.server.log.corruption.policy = EXCEPTION (default)
2025-04-23 14:38:13,537 [omNode-2-impl-thread1] INFO  server.RaftServerConfigKeys (ConfUtils.java:logGet(46)) - raft.server.storage.dir = [/home/runner/work/ozone/ozone/hadoop-ozone/integration-test/target/test-dir/MiniOzoneClusterImpl-68853c07-42d2-4ef8-9e75-e3a852294e6a/omNode-2/ratis] (custom)
2025-04-23 14:38:13,538 [omNode-2-impl-thread1] INFO  storage.RaftStorageDirectory (RaftStorageDirectoryImpl.java:tryLock(229)) - Lock on /home/runner/work/ozone/ozone/hadoop-ozone/integration-test/target/test-dir/MiniOzoneClusterImpl-68853c07-42d2-4ef8-9e75-e3a852294e6a/omNode-2/ratis/c9bc4cf4-3bc3-3c60-a66b-523986131536/in_use.lock acquired by nodename 129558@fv-az1120-822
2025-04-23 14:38:13,538 [omNode-2-impl-thread1] INFO  storage.RaftStorage (RaftStorageImpl.java:analyzeAndRecoverStorage(118)) - Read RaftStorageMetadata{term=9, votedFor=omNode-3} from /home/runner/work/ozone/ozone/hadoop-ozone/integration-test/target/test-dir/MiniOzoneClusterImpl-68853c07-42d2-4ef8-9e75-e3a852294e6a/omNode-2/ratis/c9bc4cf4-3bc3-3c60-a66b-523986131536/current/raft-meta
2025-04-23 14:38:13,539 [omNode-2-impl-thread1] INFO  server.RaftServer$Division (ServerState.java:setRaftConf(386)) - omNode-2@group-523986131536: set configuration conf: {index: 103, cur=peers:[omNode-3|localhost:15017, omNode-1|localhost:15009, omNode-2|localhost:15013]|listeners:[], old=null}
2025-04-23 14:38:13,539 [omNode-2-impl-thread1] INFO  ratis.OzoneManagerStateMachine (OzoneManagerStateMachine.java:lambda$0(138)) - omNode-2: initialize group-523986131536 with (t:9, i:104)
2025-04-23 14:38:13,539 [omNode-2-impl-thread1] INFO  server.RaftServerConfigKeys (ConfUtils.java:logGet(46)) - raft.server.log.use.memory = false (default)
2025-04-23 14:38:13,539 [omNode-2-impl-thread1] INFO  server.RaftServerConfigKeys (ConfUtils.java:logGet(46)) - raft.server.log.purge.gap = 50 (custom)
2025-04-23 14:38:13,539 [omNode-2-impl-thread1] INFO  server.RaftServerConfigKeys (ConfUtils.java:logGet(46)) - raft.server.log.appender.buffer.byte-limit = 4194304 (custom)
2025-04-23 14:38:13,539 [omNode-2-impl-thread1] INFO  server.RaftServerConfigKeys (ConfUtils.java:logGet(46)) - raft.server.log.statemachine.data.read.timeout = 1000ms (default)
2025-04-23 14:38:13,539 [omNode-2-impl-thread1] INFO  server.RaftServerConfigKeys (ConfUtils.java:logGet(46)) - raft.server.log.purge.preservation.log.num = 0 (default)
2025-04-23 14:38:13,540 [omNode-2-impl-thread1] INFO  server.RaftServerConfigKeys (ConfUtils.java:logGet(46)) - raft.server.log.segment.size.max = 4194304 (custom)
2025-04-23 14:38:13,541 [omNode-2-impl-thread1] INFO  server.RaftServerConfigKeys (ConfUtils.java:logGet(46)) - raft.server.log.segment.cache.num.max = 2 (custom)
2025-04-23 14:38:13,541 [omNode-2-impl-thread1] INFO  server.RaftServerConfigKeys (ConfUtils.java:logGet(46)) - raft.server.log.segment.cache.size.max = 200MB (=209715200) (default)
2025-04-23 14:38:13,541 [omNode-2-impl-thread1] INFO  server.RaftServerConfigKeys (ConfUtils.java:logGet(46)) - raft.server.log.appender.buffer.byte-limit = 4194304 (custom)
2025-04-23 14:38:13,541 [omNode-2-impl-thread1] INFO  util.AwaitToRun (AwaitToRun.java:start(81)) - Thread[#4208,omNode-2@group-523986131536-cacheEviction-AwaitToRun,5,main] started
2025-04-23 14:38:13,541 [omNode-2-impl-thread1] INFO  segmented.SegmentedRaftLogWorker (SegmentedRaftLogWorker.java:<init>(188)) - new omNode-2@group-523986131536-SegmentedRaftLogWorker for RaftStorageImpl:Storage Directory /home/runner/work/ozone/ozone/hadoop-ozone/integration-test/target/test-dir/MiniOzoneClusterImpl-68853c07-42d2-4ef8-9e75-e3a852294e6a/omNode-2/ratis/c9bc4cf4-3bc3-3c60-a66b-523986131536
2025-04-23 14:38:13,541 [omNode-2-impl-thread1] INFO  server.RaftServerConfigKeys (ConfUtils.java:logGet(46)) - raft.server.log.queue.byte-limit = 64MB (=67108864) (default)
2025-04-23 14:38:13,541 [omNode-2-impl-thread1] INFO  server.RaftServerConfigKeys (ConfUtils.java:logGet(46)) - raft.server.log.queue.element-limit = 4096 (default)
2025-04-23 14:38:13,541 [omNode-2-impl-thread1] INFO  server.RaftServerConfigKeys (ConfUtils.java:logGet(46)) - raft.server.log.segment.size.max = 4194304 (custom)
2025-04-23 14:38:13,541 [omNode-2-impl-thread1] INFO  server.RaftServerConfigKeys (ConfUtils.java:logGet(46)) - raft.server.log.preallocated.size = 4194304 (custom)
2025-04-23 14:38:13,541 [omNode-2-impl-thread1] INFO  server.RaftServerConfigKeys (ConfUtils.java:logGet(46)) - raft.server.log.force.sync.num = 128 (default)
2025-04-23 14:38:13,541 [omNode-2-impl-thread1] INFO  server.RaftServerConfigKeys (ConfUtils.java:logGet(46)) - raft.server.log.statemachine.data.sync = true (default)
2025-04-23 14:38:13,541 [omNode-2-impl-thread1] INFO  server.RaftServerConfigKeys (ConfUtils.java:logGet(46)) - raft.server.log.statemachine.data.sync.timeout = 10s (default)
2025-04-23 14:38:13,541 [omNode-2-impl-thread1] INFO  server.RaftServerConfigKeys (ConfUtils.java:logGet(46)) - raft.server.log.statemachine.data.sync.timeout.retry = -1 (default)
2025-04-23 14:38:13,542 [omNode-2-impl-thread1] INFO  server.RaftServerConfigKeys (ConfUtils.java:logGet(46)) - raft.server.log.write.buffer.size = 4194312 (custom)
2025-04-23 14:38:13,544 [omNode-2-impl-thread1] INFO  server.RaftServerConfigKeys (ConfUtils.java:logGet(46)) - raft.server.log.appender.buffer.byte-limit = 4194304 (custom)
2025-04-23 14:38:13,544 [omNode-2-impl-thread1] INFO  server.RaftServerConfigKeys (ConfUtils.java:logGet(46)) - raft.server.log.unsafe-flush.enabled = false (default)
2025-04-23 14:38:13,544 [omNode-2-impl-thread1] INFO  server.RaftServerConfigKeys (ConfUtils.java:logGet(46)) - raft.server.log.async-flush.enabled = false (default)
2025-04-23 14:38:13,544 [omNode-2-impl-thread1] INFO  server.RaftServerConfigKeys (ConfUtils.java:logGet(46)) - raft.server.log.statemachine.data.caching.enabled = false (default)
2025-04-23 14:38:13,544 [omNode-2-impl-thread1] INFO  server.RaftServer$Division (ServerState.java:setRaftConf(386)) - omNode-2@group-523986131536: set configuration conf: {index: 103, cur=peers:[omNode-3|localhost:15017, omNode-1|localhost:15009, omNode-2|localhost:15013]|listeners:[], old=null}
2025-04-23 14:38:13,545 [omNode-2-impl-thread1] INFO  segmented.LogSegment (LogSegment.java:loadSegment(171)) - Successfully read 2 entries from segment file /home/runner/work/ozone/ozone/hadoop-ozone/integration-test/target/test-dir/MiniOzoneClusterImpl-68853c07-42d2-4ef8-9e75-e3a852294e6a/omNode-2/ratis/c9bc4cf4-3bc3-3c60-a66b-523986131536/current/log_inprogress_103
2025-04-23 14:38:13,545 [omNode-2-impl-thread1] INFO  segmented.SegmentedRaftLogWorker (SegmentedRaftLogWorker.java:lambda$new$0(139)) - omNode-2@group-523986131536-SegmentedRaftLogWorker: flushIndex: setUnconditionally 0 -> 104
2025-04-23 14:38:13,545 [omNode-2-impl-thread1] INFO  segmented.SegmentedRaftLogWorker (SegmentedRaftLogWorker.java:lambda$new$0(139)) - omNode-2@group-523986131536-SegmentedRaftLogWorker: safeCacheEvictIndex: setUnconditionally 0 -> -1
2025-04-23 14:38:13,545 [omNode-2-impl-thread1] INFO  segmented.BufferedWriteChannel (BufferedWriteChannel.java:open(61)) - open log_inprogress_103 (append) at position 125
2025-04-23 14:38:13,545 [omNode-2-impl-thread1] INFO  raftlog.RaftLog (RaftLogBase.java:lambda$new$0(54)) - omNode-2@group-523986131536-SegmentedRaftLog: purgeIndex: updateToMax old=-1, new=102, updated? true
2025-04-23 14:38:13,545 [omNode-2-impl-thread1] INFO  server.RaftServer$Division (RaftServerImpl.java:start(391)) - omNode-2@group-523986131536: start as a follower, conf=conf: {index: 103, cur=peers:[omNode-3|localhost:15017, omNode-1|localhost:15009, omNode-2|localhost:15013]|listeners:[], old=null}
2025-04-23 14:38:13,545 [omNode-2-impl-thread1] INFO  server.RaftServer$Division (RaftServerImpl.java:setRole(378)) - omNode-2@group-523986131536: changes role from      null to FOLLOWER at term 9 for startAsFollower
2025-04-23 14:38:13,545 [omNode-2-impl-thread1] INFO  impl.RoleInfo (RoleInfo.java:updateAndGet(148)) - omNode-2: start omNode-2@group-523986131536-FollowerState
2025-04-23 14:38:13,546 [omNode-2-impl-thread1] INFO  util.JmxRegister (JmxRegister.java:tryRegister(44)) - Successfully registered JMX Bean with object name Ratis:service=RaftServer,group=group-523986131536,id=omNode-2
2025-04-23 14:38:13,546 [omNode-2-impl-thread1] INFO  util.JmxRegister (JmxRegister.java:register(58)) - register mxBean class org.apache.ratis.server.impl.RaftServerJmxAdapter as Ratis:service=RaftServer,group=group-523986131536,id=omNode-2
2025-04-23 14:38:13,546 [omNode-2-impl-thread1] INFO  server.RaftServerConfigKeys (ConfUtils.java:logGet(46)) - raft.server.snapshot.trigger-when-stop.enabled = true (default)
2025-04-23 14:38:13,546 [omNode-2-impl-thread1] INFO  server.RaftServerConfigKeys (ConfUtils.java:logGet(46)) - raft.server.snapshot.trigger-when-remove.enabled = true (default)
2025-04-23 14:38:13,546 [omNode-2-impl-thread1] INFO  server.RaftServerConfigKeys (ConfUtils.java:logGet(46)) - raft.server.snapshot.auto.trigger.enabled = true (custom)
2025-04-23 14:38:13,546 [omNode-2@group-523986131536-FollowerState] INFO  server.RaftServerConfigKeys (ConfUtils.java:logFallback(53)) - raft.server.rpc.first-election.timeout.min = 1s (fallback to raft.server.rpc.timeout.min)
2025-04-23 14:38:13,546 [omNode-2@group-523986131536-FollowerState] INFO  server.RaftServerConfigKeys (ConfUtils.java:logFallback(53)) - raft.server.rpc.first-election.timeout.max = 1200ms (fallback to raft.server.rpc.timeout.max)
2025-04-23 14:38:13,546 [omNode-2-impl-thread1] INFO  server.RaftServerConfigKeys (ConfUtils.java:logGet(46)) - raft.server.snapshot.auto.trigger.threshold = 50 (custom)
2025-04-23 14:38:13,546 [omNode-2-impl-thread1] INFO  server.RaftServerConfigKeys (ConfUtils.java:logGet(46)) - raft.server.snapshot.retention.file.num = -1 (default)
2025-04-23 14:38:13,546 [omNode-2-impl-thread1] INFO  server.RaftServerConfigKeys (ConfUtils.java:logGet(46)) - raft.server.log.purge.upto.snapshot.index = true (custom)
2025-04-23 14:38:13,547 [omNode-2-impl-thread1] INFO  server.RaftServer$Division (RaftServerImpl.java:start(405)) - omNode-2@group-523986131536: Successfully started.
2025-04-23 14:38:13,547 [main] INFO  server.RaftServer (RaftServerProxy.java:startImpl(407)) - omNode-2: start RPC server
2025-04-23 14:38:13,547 [main] INFO  server.GrpcService (GrpcService.java:startImpl(334)) - omNode-2: GrpcService started, listening on 15013
2025-04-23 14:38:13,548 [main] INFO  om.OzoneManager (OzoneManager.java:getRpcServer(1360)) - Creating RPC Server
2025-04-23 14:38:13,548 [JvmPauseMonitor25] INFO  util.JvmPauseMonitor (JvmPauseMonitor.java:run(146)) - JvmPauseMonitor-omNode-2: Started
2025-04-23 14:38:13,677 [omNode-3@group-523986131536-FollowerState] INFO  impl.FollowerState (FollowerState.java:runImpl(161)) - omNode-3@group-523986131536-FollowerState: change to CANDIDATE, lastRpcElapsedTime:1044625052ns, electionTimeout:1044ms
2025-04-23 14:38:13,677 [omNode-3@group-523986131536-FollowerState] INFO  impl.RoleInfo (RoleInfo.java:shutdownFollowerState(121)) - omNode-3: shutdown omNode-3@group-523986131536-FollowerState
2025-04-23 14:38:13,677 [omNode-3@group-523986131536-FollowerState] INFO  server.RaftServer$Division (RaftServerImpl.java:setRole(378)) - omNode-3@group-523986131536: changes role from  FOLLOWER to CANDIDATE at term 9 for changeToCandidate
2025-04-23 14:38:13,677 [omNode-3@group-523986131536-FollowerState] INFO  server.RaftServerConfigKeys (ConfUtils.java:logGet(46)) - raft.server.leaderelection.pre-vote = true (default)
2025-04-23 14:38:13,677 [omNode-3@group-523986131536-FollowerState] INFO  impl.RoleInfo (RoleInfo.java:updateAndGet(148)) - omNode-3: start omNode-3@group-523986131536-LeaderElection21
2025-04-23 14:38:13,678 [omNode-3@group-523986131536-LeaderElection21] INFO  impl.LeaderElection (LeaderElection.java:askForVotes(332)) - omNode-3@group-523986131536-LeaderElection21 PRE_VOTE round 0: submit vote requests at term 9 for conf: {index: 103, cur=peers:[omNode-3|localhost:15017, omNode-1|localhost:15009, omNode-2|localhost:15013]|listeners:[], old=null}
2025-04-23 14:38:13,678 [omNode-3@group-523986131536-LeaderElection21-1] INFO  server.GrpcServerProtocolClient (GrpcServerProtocolClient.java:<init>(65)) - Build channel for omNode-1|localhost:15009
2025-04-23 14:38:13,679 [omNode-3@group-523986131536-LeaderElection21] INFO  server.RaftServerConfigKeys (ConfUtils.java:logFallback(53)) - raft.server.rpc.first-election.timeout.min = 1s (fallback to raft.server.rpc.timeout.min)
2025-04-23 14:38:13,680 [omNode-3@group-523986131536-LeaderElection21] INFO  server.RaftServerConfigKeys (ConfUtils.java:logFallback(53)) - raft.server.rpc.first-election.timeout.max = 1200ms (fallback to raft.server.rpc.timeout.max)
2025-04-23 14:38:13,680 [omNode-3@group-523986131536-LeaderElection21-2] INFO  server.GrpcServerProtocolClient (GrpcServerProtocolClient.java:<init>(65)) - Build channel for omNode-2|localhost:15013
2025-04-23 14:38:13,683 [grpc-default-executor-2] INFO  server.RaftServer$Division (RaftServerImpl.java:requestVote(1407)) - omNode-1@group-523986131536: receive requestVote(PRE_VOTE, omNode-3, group-523986131536, 9, (t:9, i:104))
2025-04-23 14:38:13,683 [grpc-default-executor-2] INFO  impl.VoteContext (VoteContext.java:log(49)) - omNode-1@group-523986131536-FOLLOWER: accept PRE_VOTE from omNode-3: our last entry (t:8, i:102) < candidate's last entry (t:9, i:104)
2025-04-23 14:38:13,683 [grpc-default-executor-2] INFO  server.RaftServer$Division (RaftServerImpl.java:requestVote(1441)) - omNode-1@group-523986131536 replies to PRE_VOTE vote request: omNode-3<-omNode-1#0:OK-t8. Peer's state: omNode-1@group-523986131536:t8, leader=null, voted=omNode-1, raftlog=Memoized:omNode-1@group-523986131536-SegmentedRaftLog:OPENED:c102:last(t:8, i:102), conf=conf: {index: 77, cur=peers:[omNode-3|localhost:15017, omNode-1|localhost:15009, omNode-2|localhost:15013]|listeners:[], old=null}
2025-04-23 14:38:13,687 [omNode-3@group-523986131536-LeaderElection21] INFO  impl.LeaderElection (LeaderElection.java:logAndReturn(90)) - omNode-3@group-523986131536-LeaderElection21: PRE_VOTE PASSED received 1 response(s) and 0 exception(s):
2025-04-23 14:38:13,687 [omNode-3@group-523986131536-LeaderElection21] INFO  impl.LeaderElection (LeaderElection.java:logAndReturn(94)) -   Response 0: omNode-3<-omNode-1#0:OK-t8
2025-04-23 14:38:13,687 [omNode-3@group-523986131536-LeaderElection21] INFO  impl.LeaderElection (LeaderElection.java:askForVotes(334)) - omNode-3@group-523986131536-LeaderElection21 PRE_VOTE round 0: result PASSED
2025-04-23 14:38:13,690 [omNode-3@group-523986131536-LeaderElection21] INFO  impl.LeaderElection (LeaderElection.java:askForVotes(332)) - omNode-3@group-523986131536-LeaderElection21 ELECTION round 0: submit vote requests at term 10 for conf: {index: 103, cur=peers:[omNode-3|localhost:15017, omNode-1|localhost:15009, omNode-2|localhost:15013]|listeners:[], old=null}
2025-04-23 14:38:13,691 [omNode-3@group-523986131536-LeaderElection21] INFO  server.RaftServerConfigKeys (ConfUtils.java:logFallback(53)) - raft.server.rpc.first-election.timeout.min = 1s (fallback to raft.server.rpc.timeout.min)
2025-04-23 14:38:13,692 [omNode-3@group-523986131536-LeaderElection21] INFO  server.RaftServerConfigKeys (ConfUtils.java:logFallback(53)) - raft.server.rpc.first-election.timeout.max = 1200ms (fallback to raft.server.rpc.timeout.max)
2025-04-23 14:38:13,693 [grpc-default-executor-7] INFO  server.RaftServer$Division (RaftServerImpl.java:requestVote(1407)) - omNode-2@group-523986131536: receive requestVote(ELECTION, omNode-3, group-523986131536, 10, (t:9, i:104))
2025-04-23 14:38:13,693 [grpc-default-executor-7] INFO  impl.VoteContext (VoteContext.java:log(49)) - omNode-2@group-523986131536-FOLLOWER: accept ELECTION from omNode-3: our priority 0 <= candidate's priority 0
2025-04-23 14:38:13,693 [grpc-default-executor-7] INFO  server.RaftServer$Division (RaftServerImpl.java:setRole(378)) - omNode-2@group-523986131536: changes role from  FOLLOWER to FOLLOWER at term 9 for candidate:omNode-3
2025-04-23 14:38:13,693 [grpc-default-executor-7] INFO  impl.RoleInfo (RoleInfo.java:shutdownFollowerState(121)) - omNode-2: shutdown omNode-2@group-523986131536-FollowerState
2025-04-23 14:38:13,693 [grpc-default-executor-7] INFO  impl.RoleInfo (RoleInfo.java:updateAndGet(148)) - omNode-2: start omNode-2@group-523986131536-FollowerState
2025-04-23 14:38:13,693 [grpc-default-executor-2] INFO  server.RaftServer$Division (RaftServerImpl.java:requestVote(1407)) - omNode-1@group-523986131536: receive requestVote(ELECTION, omNode-3, group-523986131536, 10, (t:9, i:104))
2025-04-23 14:38:13,693 [omNode-2@group-523986131536-FollowerState] INFO  impl.FollowerState (FollowerState.java:runImpl(170)) - omNode-2@group-523986131536-FollowerState was interrupted
2025-04-23 14:38:13,693 [grpc-default-executor-2] INFO  impl.VoteContext (VoteContext.java:log(49)) - omNode-1@group-523986131536-FOLLOWER: accept ELECTION from omNode-3: our last entry (t:8, i:102) < candidate's last entry (t:9, i:104)
2025-04-23 14:38:13,693 [grpc-default-executor-2] INFO  server.RaftServer$Division (RaftServerImpl.java:setRole(378)) - omNode-1@group-523986131536: changes role from  FOLLOWER to FOLLOWER at term 8 for candidate:omNode-3
2025-04-23 14:38:13,693 [grpc-default-executor-2] INFO  impl.RoleInfo (RoleInfo.java:shutdownFollowerState(121)) - omNode-1: shutdown omNode-1@group-523986131536-FollowerState
2025-04-23 14:38:13,693 [grpc-default-executor-2] INFO  impl.RoleInfo (RoleInfo.java:updateAndGet(148)) - omNode-1: start omNode-1@group-523986131536-FollowerState
2025-04-23 14:38:13,693 [grpc-default-executor-7] INFO  server.RaftServer$Division (RaftServerImpl.java:setFirstElection(562)) - omNode-2@group-523986131536: set firstElectionSinceStartup to false for candidate:omNode-3
2025-04-23 14:38:13,694 [omNode-1@group-523986131536-FollowerState] INFO  impl.FollowerState (FollowerState.java:runImpl(170)) - omNode-1@group-523986131536-FollowerState was interrupted
2025-04-23 14:38:13,694 [grpc-default-executor-2] INFO  server.RaftServer$Division (RaftServerImpl.java:setFirstElection(562)) - omNode-1@group-523986131536: set firstElectionSinceStartup to false for candidate:omNode-3
2025-04-23 14:38:13,695 [grpc-default-executor-7] INFO  server.RaftServer$Division (RaftServerImpl.java:requestVote(1441)) - omNode-2@group-523986131536 replies to ELECTION vote request: omNode-3<-omNode-2#0:OK-t10. Peer's state: omNode-2@group-523986131536:t10, leader=null, voted=omNode-3, raftlog=Memoized:omNode-2@group-523986131536-SegmentedRaftLog:OPENED:c104:last(t:9, i:104), conf=conf: {index: 103, cur=peers:[omNode-3|localhost:15017, omNode-1|localhost:15009, omNode-2|localhost:15013]|listeners:[], old=null}
2025-04-23 14:38:13,696 [omNode-3@group-523986131536-LeaderElection21] INFO  impl.LeaderElection (LeaderElection.java:logAndReturn(90)) - omNode-3@group-523986131536-LeaderElection21: ELECTION PASSED received 1 response(s) and 0 exception(s):
2025-04-23 14:38:13,696 [omNode-3@group-523986131536-LeaderElection21] INFO  impl.LeaderElection (LeaderElection.java:logAndReturn(94)) -   Response 0: omNode-3<-omNode-2#0:OK-t10
2025-04-23 14:38:13,696 [omNode-3@group-523986131536-LeaderElection21] INFO  impl.LeaderElection (LeaderElection.java:askForVotes(334)) - omNode-3@group-523986131536-LeaderElection21 ELECTION round 0: result PASSED
2025-04-23 14:38:13,696 [omNode-3@group-523986131536-LeaderElection21] INFO  impl.RoleInfo (RoleInfo.java:shutdownLeaderElection(141)) - omNode-3: shutdown omNode-3@group-523986131536-LeaderElection21
2025-04-23 14:38:13,696 [omNode-3@group-523986131536-LeaderElection21] INFO  server.RaftServer$Division (RaftServerImpl.java:setRole(378)) - omNode-3@group-523986131536: changes role from CANDIDATE to LEADER at term 10 for changeToLeader
2025-04-23 14:38:13,696 [omNode-3@group-523986131536-LeaderElection21] INFO  server.RaftServerConfigKeys (ConfUtils.java:logGet(46)) - raft.server.staging.catchup.gap = 1000 (default)
2025-04-23 14:38:13,696 [grpc-default-executor-2] INFO  server.RaftServer$Division (RaftServerImpl.java:requestVote(1441)) - omNode-1@group-523986131536 replies to ELECTION vote request: omNode-3<-omNode-1#0:OK-t10. Peer's state: omNode-1@group-523986131536:t10, leader=null, voted=omNode-3, raftlog=Memoized:omNode-1@group-523986131536-SegmentedRaftLog:OPENED:c102:last(t:8, i:102), conf=conf: {index: 77, cur=peers:[omNode-3|localhost:15017, omNode-1|localhost:15009, omNode-2|localhost:15013]|listeners:[], old=null}
2025-04-23 14:38:13,696 [omNode-3@group-523986131536-LeaderElection21] INFO  server.RaftServerConfigKeys (ConfUtils.java:logGet(46)) - raft.server.write.element-limit = 4096 (default)
2025-04-23 14:38:13,696 [omNode-3@group-523986131536-LeaderElection21] INFO  server.RaftServerConfigKeys (ConfUtils.java:logGet(46)) - raft.server.write.byte-limit = 64MB (=67108864) (default)
2025-04-23 14:38:13,697 [omNode-3@group-523986131536-LeaderElection21] INFO  server.RaftServerConfigKeys (ConfUtils.java:logGet(46)) - raft.server.watch.timeout = 10s (default)
2025-04-23 14:38:13,697 [omNode-3@group-523986131536-LeaderElection21] INFO  server.RaftServerConfigKeys (ConfUtils.java:logGet(46)) - raft.server.watch.timeout.denomination = 1s (default)
2025-04-23 14:38:13,697 [omNode-3@group-523986131536-LeaderElection21] INFO  server.RaftServerConfigKeys (ConfUtils.java:logGet(46)) - raft.server.watch.element-limit = 65536 (default)
2025-04-23 14:38:13,697 [omNode-3@group-523986131536-LeaderElection21] INFO  server.RaftServerConfigKeys (ConfUtils.java:logGet(46)) - raft.server.read.leader.lease.enabled = false (default)
2025-04-23 14:38:13,697 [omNode-3@group-523986131536-LeaderElection21] INFO  server.RaftServerConfigKeys (ConfUtils.java:logGet(46)) - raft.server.read.leader.lease.timeout.ratio = 0.9 (default)
2025-04-23 14:38:13,697 [omNode-3@group-523986131536-LeaderElection21] INFO  server.RaftServerConfigKeys (ConfUtils.java:logGet(46)) - raft.server.rpc.timeout.min = 1s (custom)
2025-04-23 14:38:13,697 [omNode-3@group-523986131536-LeaderElection21] INFO  server.RaftServerConfigKeys (ConfUtils.java:logGet(46)) - raft.server.log.log-metadata.enabled = true (default)
2025-04-23 14:38:13,697 [omNode-3@group-523986131536-LeaderElection21] INFO  server.RaftServerConfigKeys (ConfUtils.java:logGet(46)) - raft.server.write.element-limit = 4096 (default)
2025-04-23 14:38:13,697 [omNode-3@group-523986131536-LeaderElection21] INFO  server.RaftServerConfigKeys (ConfUtils.java:logGet(46)) - raft.server.write.follower.gap.ratio.max = -1.0 (default)
2025-04-23 14:38:13,698 [omNode-3@group-523986131536-LeaderElection21] INFO  server.RaftServerConfigKeys (ConfUtils.java:logGet(46)) - raft.server.log.appender.snapshot.chunk.size.max = 16MB (=16777216) (default)
2025-04-23 14:38:13,698 [omNode-3@group-523986131536-LeaderElection21] INFO  server.RaftServerConfigKeys (ConfUtils.java:logGet(46)) - raft.server.log.appender.buffer.byte-limit = 4194304 (custom)
2025-04-23 14:38:13,698 [omNode-3@group-523986131536-LeaderElection21] INFO  server.RaftServerConfigKeys (ConfUtils.java:logGet(46)) - raft.server.log.appender.buffer.element-limit = 1024 (custom)
2025-04-23 14:38:13,698 [omNode-3@group-523986131536-LeaderElection21] INFO  server.RaftServerConfigKeys (ConfUtils.java:logGet(46)) - raft.server.log.appender.wait-time.min = 0ms (custom)
2025-04-23 14:38:13,698 [omNode-3@group-523986131536-LeaderElection21] INFO  grpc.GrpcConfigKeys (ConfUtils.java:logGet(46)) - raft.grpc.server.leader.outstanding.appends.max = 8 (default)
2025-04-23 14:38:13,698 [omNode-3@group-523986131536-LeaderElection21] INFO  server.RaftServerConfigKeys (ConfUtils.java:logGet(46)) - raft.server.rpc.request.timeout = 3000ms (default)
2025-04-23 14:38:13,698 [omNode-3@group-523986131536-LeaderElection21] INFO  grpc.GrpcConfigKeys (ConfUtils.java:logGet(46)) - raft.grpc.server.install_snapshot.request.element-limit = 8 (default)
2025-04-23 14:38:13,698 [omNode-3@group-523986131536-LeaderElection21] INFO  grpc.GrpcConfigKeys (ConfUtils.java:logGet(46)) - raft.grpc.server.install_snapshot.request.timeout = 3000ms (default)
2025-04-23 14:38:13,698 [omNode-3@group-523986131536-LeaderElection21] INFO  grpc.GrpcConfigKeys (ConfUtils.java:logGet(46)) - raft.grpc.server.log-message.batch.duration = 5s (default)
2025-04-23 14:38:13,698 [omNode-3@group-523986131536-LeaderElection21] INFO  server.RaftServerConfigKeys (ConfUtils.java:logGet(46)) - raft.server.log.appender.install.snapshot.enabled = false (custom)
2025-04-23 14:38:13,698 [omNode-3@group-523986131536-LeaderElection21] INFO  grpc.GrpcConfigKeys (ConfUtils.java:logGet(46)) - raft.grpc.server.heartbeat.channel = true (default)
2025-04-23 14:38:13,699 [omNode-3@group-523986131536-LeaderElection21] INFO  server.RaftServerConfigKeys (ConfUtils.java:logGet(46)) - raft.server.log.appender.snapshot.chunk.size.max = 16MB (=16777216) (default)
2025-04-23 14:38:13,700 [omNode-3@group-523986131536-LeaderElection21] INFO  server.RaftServerConfigKeys (ConfUtils.java:logGet(46)) - raft.server.log.appender.buffer.byte-limit = 4194304 (custom)
2025-04-23 14:38:13,700 [omNode-3@group-523986131536-LeaderElection21] INFO  server.RaftServerConfigKeys (ConfUtils.java:logGet(46)) - raft.server.log.appender.buffer.element-limit = 1024 (custom)
2025-04-23 14:38:13,700 [omNode-3@group-523986131536-LeaderElection21] INFO  server.RaftServerConfigKeys (ConfUtils.java:logGet(46)) - raft.server.log.appender.wait-time.min = 0ms (custom)
2025-04-23 14:38:13,700 [omNode-3@group-523986131536-LeaderElection21] INFO  grpc.GrpcConfigKeys (ConfUtils.java:logGet(46)) - raft.grpc.server.leader.outstanding.appends.max = 8 (default)
2025-04-23 14:38:13,700 [omNode-3@group-523986131536-LeaderElection21] INFO  server.RaftServerConfigKeys (ConfUtils.java:logGet(46)) - raft.server.rpc.request.timeout = 3000ms (default)
2025-04-23 14:38:13,700 [omNode-3@group-523986131536-LeaderElection21] INFO  grpc.GrpcConfigKeys (ConfUtils.java:logGet(46)) - raft.grpc.server.install_snapshot.request.element-limit = 8 (default)
2025-04-23 14:38:13,700 [omNode-3@group-523986131536-LeaderElection21] INFO  grpc.GrpcConfigKeys (ConfUtils.java:logGet(46)) - raft.grpc.server.install_snapshot.request.timeout = 3000ms (default)
2025-04-23 14:38:13,700 [omNode-3@group-523986131536-LeaderElection21] INFO  grpc.GrpcConfigKeys (ConfUtils.java:logGet(46)) - raft.grpc.server.log-message.batch.duration = 5s (default)
2025-04-23 14:38:13,700 [omNode-3@group-523986131536-LeaderElection21] INFO  server.RaftServerConfigKeys (ConfUtils.java:logGet(46)) - raft.server.log.appender.install.snapshot.enabled = false (custom)
2025-04-23 14:38:13,700 [omNode-3@group-523986131536-LeaderElection21] INFO  grpc.GrpcConfigKeys (ConfUtils.java:logGet(46)) - raft.grpc.server.heartbeat.channel = true (default)
2025-04-23 14:38:13,700 [omNode-3@group-523986131536-LeaderElection21] INFO  impl.RoleInfo (RoleInfo.java:updateAndGet(148)) - omNode-3: start omNode-3@group-523986131536-LeaderStateImpl
2025-04-23 14:38:13,700 [omNode-3@group-523986131536-LeaderElection21] INFO  server.RaftServer$Division (RaftServerImpl.java:setFirstElection(562)) - omNode-3@group-523986131536: set firstElectionSinceStartup to false for becomeLeader
2025-04-23 14:38:13,700 [omNode-3@group-523986131536-LeaderElection21] INFO  ratis.OzoneManagerStateMachine (OzoneManagerStateMachine.java:notifyLeaderChanged(169)) - omNode-3@group-523986131536: leader changed to omNode-3
2025-04-23 14:38:13,701 [omNode-3@group-523986131536-LeaderElection21] INFO  server.RaftServer$Division (ServerState.java:setLeader(272)) - omNode-3@group-523986131536: change Leader from null to omNode-3 at term 10 for becomeLeader, leader elected after 1075ms
2025-04-23 14:38:13,701 [omNode-3@group-523986131536-LeaderElection21] INFO  segmented.SegmentedRaftLogWorker (SegmentedRaftLogWorker.java:rollLogSegment(443)) - omNode-3@group-523986131536-SegmentedRaftLogWorker: Rolling segment log-103_104 to index:104
2025-04-23 14:38:13,701 [omNode-3@group-523986131536-SegmentedRaftLogWorker] INFO  segmented.SegmentedRaftLogWorker (SegmentedRaftLogWorker.java:execute(601)) - omNode-3@group-523986131536-SegmentedRaftLogWorker: Rolled log segment from /home/runner/work/ozone/ozone/hadoop-ozone/integration-test/target/test-dir/MiniOzoneClusterImpl-68853c07-42d2-4ef8-9e75-e3a852294e6a/omNode-3/ratis/c9bc4cf4-3bc3-3c60-a66b-523986131536/current/log_inprogress_103 to /home/runner/work/ozone/ozone/hadoop-ozone/integration-test/target/test-dir/MiniOzoneClusterImpl-68853c07-42d2-4ef8-9e75-e3a852294e6a/omNode-3/ratis/c9bc4cf4-3bc3-3c60-a66b-523986131536/current/log_103-104
2025-04-23 14:38:13,701 [omNode-3@group-523986131536-SegmentedRaftLogWorker] INFO  segmented.BufferedWriteChannel (BufferedWriteChannel.java:open(61)) - open log_inprogress_105 at position 0
2025-04-23 14:38:13,704 [omNode-3@group-523986131536-LeaderElection21] INFO  server.RaftServer$Division (ServerState.java:setRaftConf(386)) - omNode-3@group-523986131536: set configuration conf: {index: 105, cur=peers:[omNode-3|localhost:15017, omNode-1|localhost:15009, omNode-2|localhost:15013]|listeners:[], old=null}
2025-04-23 14:38:13,710 [omNode-2-server-thread1] INFO  ratis.OzoneManagerStateMachine (OzoneManagerStateMachine.java:notifyLeaderChanged(169)) - omNode-2@group-523986131536: leader changed to omNode-3
2025-04-23 14:38:13,711 [omNode-2-server-thread1] INFO  server.RaftServer$Division (ServerState.java:setLeader(272)) - omNode-2@group-523986131536: change Leader from null to omNode-3 at term 10 for appendEntries, leader elected after 176ms
2025-04-23 14:38:13,712 [omNode-2-server-thread2] INFO  server.RaftServer$Division (ServerState.java:setRaftConf(386)) - omNode-2@group-523986131536: set configuration conf: {index: 105, cur=peers:[omNode-3|localhost:15017, omNode-1|localhost:15009, omNode-2|localhost:15013]|listeners:[], old=null}
2025-04-23 14:38:13,712 [omNode-2-server-thread2] INFO  segmented.SegmentedRaftLogWorker (SegmentedRaftLogWorker.java:rollLogSegment(443)) - omNode-2@group-523986131536-SegmentedRaftLogWorker: Rolling segment log-103_104 to index:104
2025-04-23 14:38:13,712 [omNode-3@group-523986131536-SegmentedRaftLogWorker] INFO  segmented.SegmentedRaftLogWorker (SegmentedRaftLogWorker.java:execute(644)) - omNode-3@group-523986131536-SegmentedRaftLogWorker: created new log segment /home/runner/work/ozone/ozone/hadoop-ozone/integration-test/target/test-dir/MiniOzoneClusterImpl-68853c07-42d2-4ef8-9e75-e3a852294e6a/omNode-3/ratis/c9bc4cf4-3bc3-3c60-a66b-523986131536/current/log_inprogress_105
2025-04-23 14:38:13,713 [omNode-2@group-523986131536-SegmentedRaftLogWorker] INFO  segmented.SegmentedRaftLogWorker (SegmentedRaftLogWorker.java:execute(601)) - omNode-2@group-523986131536-SegmentedRaftLogWorker: Rolled log segment from /home/runner/work/ozone/ozone/hadoop-ozone/integration-test/target/test-dir/MiniOzoneClusterImpl-68853c07-42d2-4ef8-9e75-e3a852294e6a/omNode-2/ratis/c9bc4cf4-3bc3-3c60-a66b-523986131536/current/log_inprogress_103 to /home/runner/work/ozone/ozone/hadoop-ozone/integration-test/target/test-dir/MiniOzoneClusterImpl-68853c07-42d2-4ef8-9e75-e3a852294e6a/omNode-2/ratis/c9bc4cf4-3bc3-3c60-a66b-523986131536/current/log_103-104
2025-04-23 14:38:13,713 [omNode-1-server-thread1] INFO  ratis.OzoneManagerStateMachine (OzoneManagerStateMachine.java:notifyLeaderChanged(169)) - omNode-1@group-523986131536: leader changed to omNode-3
2025-04-23 14:38:13,713 [omNode-1-server-thread1] INFO  server.RaftServer$Division (ServerState.java:setLeader(272)) - omNode-1@group-523986131536: change Leader from null to omNode-3 at term 10 for appendEntries, leader elected after 639ms
2025-04-23 14:38:13,714 [omNode-1-server-thread1] INFO  server.RaftServer$Division (RaftServerImpl.java:checkInconsistentAppendEntries(1648)) - omNode-1@group-523986131536: Failed appendEntries as previous log entry ((t:9, i:104)) is not found
2025-04-23 14:38:13,714 [omNode-1-server-thread1] INFO  server.RaftServer$Division (RaftServerImpl.java:appendEntriesAsync(1580)) - omNode-1@group-523986131536: appendEntries* reply omNode-3<-omNode-1#0:FAIL-t10,INCONSISTENCY,nextIndex=103,followerCommit=102,matchIndex=-1
2025-04-23 14:38:13,714 [omNode-2@group-523986131536-SegmentedRaftLogWorker] INFO  segmented.BufferedWriteChannel (BufferedWriteChannel.java:open(61)) - open log_inprogress_105 at position 0
2025-04-23 14:38:13,714 [grpc-default-executor-5] WARN  server.GrpcLogAppender (GrpcLogAppender.java:onNextImpl(519)) - omNode-3@group-523986131536->omNode-1-AppendLogResponseHandler: received INCONSISTENCY reply with nextIndex 103, errorCount=1, request=AppendEntriesRequest:cid=0,entriesCount=0
2025-04-23 14:38:13,715 [grpc-default-executor-5] INFO  leader.FollowerInfo (FollowerInfoImpl.java:info(70)) - omNode-3@group-523986131536->omNode-1: setNextIndex nextIndex: updateUnconditionally 106 -> 103
2025-04-23 14:38:13,715 [omNode-1-server-thread2] INFO  server.RaftServer$Division (RaftServerImpl.java:checkInconsistentAppendEntries(1648)) - omNode-1@group-523986131536: Failed appendEntries as previous log entry ((t:9, i:104)) is not found
2025-04-23 14:38:13,715 [omNode-1-server-thread2] INFO  server.RaftServer$Division (RaftServerImpl.java:appendEntriesAsync(1580)) - omNode-1@group-523986131536: appendEntries* reply omNode-3<-omNode-1#1:FAIL-t10,INCONSISTENCY,nextIndex=103,followerCommit=102,matchIndex=-1
2025-04-23 14:38:13,715 [omNode-3@group-523986131536->omNode-1-GrpcLogAppender-LogAppenderDaemon] WARN  leader.LogAppenderDaemon (LogAppenderDaemon.java:run(89)) - omNode-3@group-523986131536->omNode-1-GrpcLogAppender-LogAppenderDaemon failed
java.lang.NullPointerException: omNode-3@group-523986131536->omNode-1: Previous TermIndex not found for firstIndex = 103
	at java.base/java.util.Objects.requireNonNull(Objects.java:360)
	at org.apache.ratis.server.leader.LogAppenderBase.assertProtos(LogAppenderBase.java:267)
	at org.apache.ratis.server.leader.LogAppenderBase.newAppendEntriesRequest(LogAppenderBase.java:252)
	at org.apache.ratis.grpc.server.GrpcLogAppender.appendLog(GrpcLogAppender.java:387)
	at org.apache.ratis.grpc.server.GrpcLogAppender.run(GrpcLogAppender.java:262)
	at org.apache.ratis.server.leader.LogAppenderDaemon.run(LogAppenderDaemon.java:80)
	at java.base/java.lang.Thread.run(Thread.java:1583)
2025-04-23 14:38:13,715 [omNode-3@group-523986131536->omNode-1-GrpcLogAppender-LogAppenderDaemon] INFO  server.RaftServer$Division (LeaderStateImpl.java:restart(682)) - omNode-3@group-523986131536-LeaderStateImpl: Restarting GrpcLogAppender for omNode-3@group-523986131536->omNode-1
2025-04-23 14:38:13,716 [grpc-default-executor-4] WARN  server.GrpcLogAppender (GrpcLogAppender.java:onNextImpl(519)) - omNode-3@group-523986131536->omNode-1-AppendLogResponseHandler: received INCONSISTENCY reply with nextIndex 103, errorCount=2, request=null
2025-04-23 14:38:13,716 [omNode-3@group-523986131536->omNode-1-GrpcLogAppender-LogAppenderDaemon] INFO  server.RaftServerConfigKeys (ConfUtils.java:logGet(46)) - raft.server.log.appender.snapshot.chunk.size.max = 16MB (=16777216) (default)
2025-04-23 14:38:13,716 [omNode-3@group-523986131536->omNode-1-GrpcLogAppender-LogAppenderDaemon] INFO  server.RaftServerConfigKeys (ConfUtils.java:logGet(46)) - raft.server.log.appender.buffer.byte-limit = 4194304 (custom)
2025-04-23 14:38:13,716 [omNode-3@group-523986131536->omNode-1-GrpcLogAppender-LogAppenderDaemon] INFO  server.RaftServerConfigKeys (ConfUtils.java:logGet(46)) - raft.server.log.appender.buffer.element-limit = 1024 (custom)
2025-04-23 14:38:13,716 [omNode-3@group-523986131536->omNode-1-GrpcLogAppender-LogAppenderDaemon] INFO  server.RaftServerConfigKeys (ConfUtils.java:logGet(46)) - raft.server.log.appender.wait-time.min = 0ms (custom)
2025-04-23 14:38:13,716 [omNode-3@group-523986131536->omNode-1-GrpcLogAppender-LogAppenderDaemon] INFO  grpc.GrpcConfigKeys (ConfUtils.java:logGet(46)) - raft.grpc.server.leader.outstanding.appends.max = 8 (default)
2025-04-23 14:38:13,716 [omNode-3@group-523986131536->omNode-1-GrpcLogAppender-LogAppenderDaemon] INFO  server.RaftServerConfigKeys (ConfUtils.java:logGet(46)) - raft.server.rpc.request.timeout = 3000ms (default)
2025-04-23 14:38:13,717 [omNode-3@group-523986131536->omNode-1-GrpcLogAppender-LogAppenderDaemon] INFO  grpc.GrpcConfigKeys (ConfUtils.java:logGet(46)) - raft.grpc.server.install_snapshot.request.element-limit = 8 (default)
2025-04-23 14:38:13,717 [omNode-3@group-523986131536->omNode-1-GrpcLogAppender-LogAppenderDaemon] INFO  grpc.GrpcConfigKeys (ConfUtils.java:logGet(46)) - raft.grpc.server.install_snapshot.request.timeout = 3000ms (default)
2025-04-23 14:38:13,717 [omNode-3@group-523986131536->omNode-1-GrpcLogAppender-LogAppenderDaemon] INFO  grpc.GrpcConfigKeys (ConfUtils.java:logGet(46)) - raft.grpc.server.log-message.batch.duration = 5s (default)
2025-04-23 14:38:13,717 [omNode-3@group-523986131536->omNode-1-GrpcLogAppender-LogAppenderDaemon] INFO  server.RaftServerConfigKeys (ConfUtils.java:logGet(46)) - raft.server.log.appender.install.snapshot.enabled = false (custom)
2025-04-23 14:38:13,717 [omNode-3@group-523986131536->omNode-1-GrpcLogAppender-LogAppenderDaemon] INFO  grpc.GrpcConfigKeys (ConfUtils.java:logGet(46)) - raft.grpc.server.heartbeat.channel = true (default)
2025-04-23 14:38:13,719 [omNode-3@group-523986131536->omNode-1-GrpcLogAppender-LogAppenderDaemon] INFO  server.GrpcLogAppender (GrpcLogAppender.java:notifyInstallSnapshot(791)) - omNode-3@group-523986131536->omNode-1-GrpcLogAppender: notifyInstallSnapshot with firstAvailable=(t:9, i:103), followerNextIndex=0
2025-04-23 14:38:13,724 [omNode-2@group-523986131536-SegmentedRaftLogWorker] INFO  segmented.SegmentedRaftLogWorker (SegmentedRaftLogWorker.java:execute(644)) - omNode-2@group-523986131536-SegmentedRaftLogWorker: created new log segment /home/runner/work/ozone/ozone/hadoop-ozone/integration-test/target/test-dir/MiniOzoneClusterImpl-68853c07-42d2-4ef8-9e75-e3a852294e6a/omNode-2/ratis/c9bc4cf4-3bc3-3c60-a66b-523986131536/current/log_inprogress_105
2025-04-23 14:38:13,725 [omNode-3@group-523986131536->omNode-1-GrpcLogAppender-LogAppenderDaemon] INFO  server.GrpcLogAppender (GrpcLogAppender.java:notifyInstallSnapshot(799)) - omNode-3@group-523986131536->omNode-1-GrpcLogAppender: send omNode-3->omNode-1#0-t10,notify:(t:9, i:103)
2025-04-23 14:38:13,727 [omNode-3@group-523986131536-StateMachineUpdater] INFO  ratis.OzoneManagerStateMachine (OzoneManagerStateMachine.java:notifyConfigurationChanged(231)) - notifyConfigurationChanged from Ratis: term=10, index=105, New Peer list: omNode-3(localhost:15017), omNode-1(localhost:15009), omNode-2(localhost:15013)
2025-04-23 14:38:13,727 [omNode-3@group-523986131536-StateMachineUpdater] INFO  server.RaftServer$Division (LeaderStateImpl.java:checkStartIndex(313)) - Leader omNode-3@group-523986131536-LeaderStateImpl is ready since appliedIndex == startIndex == 105
2025-04-23 14:38:13,729 [omNode-2@group-523986131536-StateMachineUpdater] INFO  ratis.OzoneManagerStateMachine (OzoneManagerStateMachine.java:notifyConfigurationChanged(231)) - notifyConfigurationChanged from Ratis: term=10, index=105, New Peer list: omNode-3(localhost:15017), omNode-1(localhost:15009), omNode-2(localhost:15013)
2025-04-23 14:38:13,731 [grpc-default-executor-4] INFO  impl.SnapshotInstallationHandler (SnapshotInstallationHandler.java:installSnapshot(97)) - omNode-1@group-523986131536: receive installSnapshot: omNode-3->omNode-1#0-t10,notify:(t:9, i:103)
2025-04-23 14:38:13,731 [grpc-default-executor-4] INFO  impl.SnapshotInstallationHandler (SnapshotInstallationHandler.java:notifyStateMachineToInstallSnapshot(258)) - omNode-1@group-523986131536: Received notification to install snapshot at index 103
2025-04-23 14:38:13,731 [grpc-default-executor-4] INFO  impl.SnapshotInstallationHandler (SnapshotInstallationHandler.java:notifyStateMachineToInstallSnapshot(268)) - omNode-1@group-523986131536: InstallSnapshot notification result: ALREADY_INSTALLED, current snapshot index: 102
2025-04-23 14:38:13,736 [grpc-default-executor-4] INFO  impl.SnapshotInstallationHandler (SnapshotInstallationHandler.java:installSnapshotImpl(143)) - omNode-1@group-523986131536: set new configuration index: 105
configurationEntry {
  peers {
    id: "omNode-3"
    address: "localhost:15017"
    startupRole: FOLLOWER
  }
  peers {
    id: "omNode-1"
    address: "localhost:15009"
    startupRole: FOLLOWER
  }
  peers {
    id: "omNode-2"
    address: "localhost:15013"
    startupRole: FOLLOWER
  }
}
 from snapshot
2025-04-23 14:38:13,736 [grpc-default-executor-4] INFO  server.RaftServer$Division (ServerState.java:setRaftConf(386)) - omNode-1@group-523986131536: set configuration conf: {index: 105, cur=peers:[omNode-3|localhost:15017, omNode-1|localhost:15009, omNode-2|localhost:15013]|listeners:[], old=null}
2025-04-23 14:38:13,738 [grpc-default-executor-4] INFO  ratis.OzoneManagerStateMachine (OzoneManagerStateMachine.java:notifyConfigurationChanged(231)) - notifyConfigurationChanged from Ratis: term=0, index=105, New Peer list: omNode-3(localhost:15017), omNode-1(localhost:15009), omNode-2(localhost:15013)
2025-04-23 14:38:13,738 [grpc-default-executor-4] INFO  impl.SnapshotInstallationHandler (SnapshotInstallationHandler.java:installSnapshot(108)) - omNode-1@group-523986131536: reply installSnapshot: omNode-3<-omNode-1#0:OK-t10,ALREADY_INSTALLED,snapshotIndex=102
2025-04-23 14:38:13,738 [grpc-default-executor-4] INFO  server.GrpcServerProtocolService (GrpcServerProtocolService.java:onCompleted(157)) - omNode-1: Completed INSTALL_SNAPSHOT, lastRequest: omNode-3->omNode-1#0-t10,notify:(t:9, i:103)
2025-04-23 14:38:13,738 [grpc-default-executor-4] INFO  server.GrpcServerProtocolService (GrpcServerProtocolService.java:lambda$onCompleted$5(159)) - omNode-1: Completed INSTALL_SNAPSHOT, lastReply: null
2025-04-23 14:38:13,739 [grpc-default-executor-6] INFO  server.GrpcLogAppender (GrpcLogAppender.java:onNext(655)) - omNode-3@group-523986131536->omNode-1-InstallSnapshotResponseHandler: received the first reply omNode-3<-omNode-1#0:OK-t10,ALREADY_INSTALLED,snapshotIndex=102
2025-04-23 14:38:13,739 [grpc-default-executor-6] INFO  server.GrpcLogAppender (GrpcLogAppender.java:onNext(676)) - omNode-3@group-523986131536->omNode-1-InstallSnapshotResponseHandler: Follower snapshot is already at index 102.
2025-04-23 14:38:13,740 [grpc-default-executor-6] INFO  leader.FollowerInfo (FollowerInfoImpl.java:info(64)) - omNode-3@group-523986131536->omNode-1: snapshotIndex: setUnconditionally 0 -> 102
2025-04-23 14:38:13,740 [grpc-default-executor-6] INFO  leader.FollowerInfo (FollowerInfoImpl.java:info(64)) - omNode-3@group-523986131536->omNode-1: matchIndex: setUnconditionally -1 -> 102
2025-04-23 14:38:13,740 [grpc-default-executor-6] INFO  leader.FollowerInfo (FollowerInfoImpl.java:info(64)) - omNode-3@group-523986131536->omNode-1: nextIndex: setUnconditionally 0 -> 103
2025-04-23 14:38:13,740 [grpc-default-executor-6] INFO  leader.FollowerInfo (FollowerInfoImpl.java:setAttemptedToInstallSnapshot(154)) - Follower omNode-3@group-523986131536->omNode-1 acknowledged installing snapshot
2025-04-23 14:38:13,740 [grpc-default-executor-6] INFO  server.GrpcLogAppender (GrpcLogAppender.java:increaseNextIndex(457)) - omNode-3@group-523986131536->omNode-1-GrpcLogAppender: updateNextIndex 103 for ALREADY_INSTALLED
2025-04-23 14:38:13,743 [omNode-1-server-thread2] INFO  server.RaftServer$Division (ServerState.java:setRaftConf(386)) - omNode-1@group-523986131536: set configuration conf: {index: 103, cur=peers:[omNode-3|localhost:15017, omNode-1|localhost:15009, omNode-2|localhost:15013]|listeners:[], old=null}
2025-04-23 14:38:13,743 [omNode-1-server-thread2] INFO  server.RaftServer$Division (ServerState.java:setRaftConf(386)) - omNode-1@group-523986131536: set configuration conf: {index: 105, cur=peers:[omNode-3|localhost:15017, omNode-1|localhost:15009, omNode-2|localhost:15013]|listeners:[], old=null}
2025-04-23 14:38:13,743 [omNode-1-server-thread2] INFO  segmented.SegmentedRaftLogWorker (SegmentedRaftLogWorker.java:rollLogSegment(443)) - omNode-1@group-523986131536-SegmentedRaftLogWorker: Rolling segment log-77_102 to index:102
2025-04-23 14:38:13,744 [omNode-1-server-thread2] INFO  segmented.SegmentedRaftLogWorker (SegmentedRaftLogWorker.java:rollLogSegment(443)) - omNode-1@group-523986131536-SegmentedRaftLogWorker: Rolling segment log-103_104 to index:104
2025-04-23 14:38:13,744 [omNode-1@group-523986131536-SegmentedRaftLogWorker] INFO  segmented.SegmentedRaftLogWorker (SegmentedRaftLogWorker.java:execute(601)) - omNode-1@group-523986131536-SegmentedRaftLogWorker: Rolled log segment from /home/runner/work/ozone/ozone/hadoop-ozone/integration-test/target/test-dir/MiniOzoneClusterImpl-68853c07-42d2-4ef8-9e75-e3a852294e6a/omNode-1/ratis/c9bc4cf4-3bc3-3c60-a66b-523986131536/current/log_inprogress_77 to /home/runner/work/ozone/ozone/hadoop-ozone/integration-test/target/test-dir/MiniOzoneClusterImpl-68853c07-42d2-4ef8-9e75-e3a852294e6a/omNode-1/ratis/c9bc4cf4-3bc3-3c60-a66b-523986131536/current/log_77-102
2025-04-23 14:38:13,744 [omNode-1@group-523986131536-SegmentedRaftLogWorker] INFO  segmented.BufferedWriteChannel (BufferedWriteChannel.java:open(61)) - open log_inprogress_103 at position 0
2025-04-23 14:38:13,753 [omNode-1@group-523986131536-SegmentedRaftLogWorker] INFO  segmented.SegmentedRaftLogWorker (SegmentedRaftLogWorker.java:execute(644)) - omNode-1@group-523986131536-SegmentedRaftLogWorker: created new log segment /home/runner/work/ozone/ozone/hadoop-ozone/integration-test/target/test-dir/MiniOzoneClusterImpl-68853c07-42d2-4ef8-9e75-e3a852294e6a/omNode-1/ratis/c9bc4cf4-3bc3-3c60-a66b-523986131536/current/log_inprogress_103
2025-04-23 14:38:13,756 [omNode-1@group-523986131536-SegmentedRaftLogWorker] INFO  segmented.SegmentedRaftLogWorker (SegmentedRaftLogWorker.java:execute(601)) - omNode-1@group-523986131536-SegmentedRaftLogWorker: Rolled log segment from /home/runner/work/ozone/ozone/hadoop-ozone/integration-test/target/test-dir/MiniOzoneClusterImpl-68853c07-42d2-4ef8-9e75-e3a852294e6a/omNode-1/ratis/c9bc4cf4-3bc3-3c60-a66b-523986131536/current/log_inprogress_103 to /home/runner/work/ozone/ozone/hadoop-ozone/integration-test/target/test-dir/MiniOzoneClusterImpl-68853c07-42d2-4ef8-9e75-e3a852294e6a/omNode-1/ratis/c9bc4cf4-3bc3-3c60-a66b-523986131536/current/log_103-104
2025-04-23 14:38:13,756 [omNode-1@group-523986131536-SegmentedRaftLogWorker] INFO  segmented.BufferedWriteChannel (BufferedWriteChannel.java:open(61)) - open log_inprogress_105 at position 0
2025-04-23 14:38:13,764 [omNode-1@group-523986131536-SegmentedRaftLogWorker] INFO  segmented.SegmentedRaftLogWorker (SegmentedRaftLogWorker.java:execute(644)) - omNode-1@group-523986131536-SegmentedRaftLogWorker: created new log segment /home/runner/work/ozone/ozone/hadoop-ozone/integration-test/target/test-dir/MiniOzoneClusterImpl-68853c07-42d2-4ef8-9e75-e3a852294e6a/omNode-1/ratis/c9bc4cf4-3bc3-3c60-a66b-523986131536/current/log_inprogress_105
2025-04-23 14:38:13,943 [main] INFO  reflections.Reflections (Reflections.java:scan(219)) - Reflections took 395 ms to scan 22 urls, producing 61 keys and 7422 values
2025-04-23 14:38:13,944 [main] INFO  ipc.CallQueueManager (CallQueueManager.java:<init>(93)) - Using callQueue: class java.util.concurrent.LinkedBlockingQueue, queueCapacity: 2000, scheduler: class org.apache.hadoop.ipc.DefaultRpcScheduler, ipcBackoff: false, ipcFailOver: false.
2025-04-23 14:38:13,944 [main] INFO  ipc.Server (Server.java:<init>(1438)) - Listener at localhost:15010
2025-04-23 14:38:13,944 [Socket Reader #1 for port 15010] INFO  ipc.Server (Server.java:run(1474)) - Starting Socket Reader #1 for port 15010
2025-04-23 14:38:13,944 [Socket Reader #2 for port 15010] INFO  ipc.Server (Server.java:run(1474)) - Starting Socket Reader #2 for port 15010
2025-04-23 14:38:13,944 [Socket Reader #3 for port 15010] INFO  ipc.Server (Server.java:run(1474)) - Starting Socket Reader #3 for port 15010
2025-04-23 14:38:13,945 [Socket Reader #4 for port 15010] INFO  ipc.Server (Server.java:run(1474)) - Starting Socket Reader #4 for port 15010
2025-04-23 14:38:13,945 [Socket Reader #5 for port 15010] INFO  ipc.Server (Server.java:run(1474)) - Starting Socket Reader #5 for port 15010
2025-04-23 14:38:13,945 [Socket Reader #6 for port 15010] INFO  ipc.Server (Server.java:run(1474)) - Starting Socket Reader #6 for port 15010
2025-04-23 14:38:13,945 [Socket Reader #7 for port 15010] INFO  ipc.Server (Server.java:run(1474)) - Starting Socket Reader #7 for port 15010
2025-04-23 14:38:13,945 [Socket Reader #8 for port 15010] INFO  ipc.Server (Server.java:run(1474)) - Starting Socket Reader #8 for port 15010
2025-04-23 14:38:13,945 [Socket Reader #9 for port 15010] INFO  ipc.Server (Server.java:run(1474)) - Starting Socket Reader #9 for port 15010
2025-04-23 14:38:13,945 [Socket Reader #10 for port 15010] INFO  ipc.Server (Server.java:run(1474)) - Starting Socket Reader #10 for port 15010
2025-04-23 14:38:13,947 [main] INFO  http.BaseHttpServer (BaseHttpServer.java:newHttpServer2BuilderForOzone(229)) - Starting Web-server for ozoneManager at: http://0.0.0.0:15011
2025-04-23 14:38:13,947 [main] INFO  http.BaseHttpServer (BaseHttpServer.java:<init>(107)) - Hadoop Security Enabled: false Ozone Security Enabled: false Ozone HTTP Security Enabled: false 
2025-04-23 14:38:13,949 [main] WARN  server.AuthenticationFilter (AuthenticationFilter.java:constructSecretProvider(240)) - Unable to initialize FileSignerSecretProvider, falling back to use random secrets. Reason: Could not read signature secret file: /home/runner/hadoop-http-auth-signature-secret
2025-04-23 14:38:13,951 [main] INFO  http.HttpServer2 (HttpServer2.java:addGlobalFilter(1041)) - Added global filter 'safety' (class=org.apache.hadoop.hdds.server.http.HttpServer2$QuotingInputFilter)
2025-04-23 14:38:13,951 [main] INFO  http.HttpServer2 (HttpServer2.java:addFilter(1017)) - Added filter static_user_filter (class=org.apache.hadoop.http.lib.StaticUserWebFilter$StaticUserFilter) to context ozoneManager
2025-04-23 14:38:13,951 [main] INFO  http.HttpServer2 (HttpServer2.java:addFilter(1025)) - Added filter static_user_filter (class=org.apache.hadoop.http.lib.StaticUserWebFilter$StaticUserFilter) to context logs
2025-04-23 14:38:13,951 [main] INFO  http.HttpServer2 (HttpServer2.java:addFilter(1025)) - Added filter static_user_filter (class=org.apache.hadoop.http.lib.StaticUserWebFilter$StaticUserFilter) to context static
2025-04-23 14:38:13,952 [main] INFO  http.BaseHttpServer (BaseHttpServer.java:<init>(195)) - HTTP server of ozoneManager uses base directory /home/runner/work/ozone/ozone/hadoop-ozone/integration-test/target/test-dir/MiniOzoneClusterImpl-68853c07-42d2-4ef8-9e75-e3a852294e6a/omNode-2/webserver
2025-04-23 14:38:13,952 [main] INFO  http.HttpServer2 (HttpServer2.java:bindListener(1241)) - Jetty bound to port 15011
2025-04-23 14:38:13,952 [main] INFO  server.Server (Server.java:doStart(375)) - jetty-9.4.57.v20241219; built: 2025-01-08T21:24:30.412Z; git: df524e6b29271c2e09ba9aea83c18dc9db464a31; jvm 21.0.7+6-LTS
2025-04-23 14:38:13,953 [main] INFO  server.session (DefaultSessionIdManager.java:doStart(334)) - DefaultSessionIdManager workerName=node0
2025-04-23 14:38:13,953 [main] INFO  server.session (DefaultSessionIdManager.java:doStart(339)) - No SessionScavenger set, using defaults
2025-04-23 14:38:13,953 [main] INFO  server.session (HouseKeeper.java:startScavenging(132)) - node0 Scavenging every 600000ms
2025-04-23 14:38:13,954 [main] INFO  handler.ContextHandler (ContextHandler.java:doStart(921)) - Started o.e.j.s.ServletContextHandler@4443ae03{logs,/logs,file:///home/runner/work/ozone/ozone/hadoop-ozone/integration-test/target/log,AVAILABLE}
2025-04-23 14:38:13,954 [main] INFO  handler.ContextHandler (ContextHandler.java:doStart(921)) - Started o.e.j.s.ServletContextHandler@70d19ac7{static,/static,file:///home/runner/work/ozone/ozone/hadoop-ozone/integration-test/target/test-classes/webapps/static,AVAILABLE}
2025-04-23 14:38:13,962 [main] INFO  handler.ContextHandler (ContextHandler.java:doStart(921)) - Started o.e.j.w.WebAppContext@76a3d881{ozoneManager,/,file:///home/runner/work/ozone/ozone/hadoop-ozone/integration-test/target/test-classes/webapps/ozoneManager/,AVAILABLE}{file:/home/runner/work/ozone/ozone/hadoop-ozone/integration-test/target/test-classes/webapps/ozoneManager}
2025-04-23 14:38:13,963 [main] INFO  server.AbstractConnector (AbstractConnector.java:doStart(333)) - Started ServerConnector@7d29f47a{HTTP/1.1, (http/1.1)}{0.0.0.0:15011}
2025-04-23 14:38:13,964 [main] INFO  server.Server (Server.java:doStart(415)) - Started @94243ms
2025-04-23 14:38:13,964 [main] WARN  impl.MetricsSystemImpl (MetricsSystemImpl.java:register(279)) - Sink prometheus already exists!
2025-04-23 14:38:13,964 [main] INFO  http.BaseHttpServer (BaseHttpServer.java:updateConnectorAddress(360)) - HTTP server of ozoneManager listening at http://0.0.0.0:15011
2025-04-23 14:38:13,965 [IPC Server Responder] INFO  ipc.Server (Server.java:run(1713)) - IPC Server Responder: starting
2025-04-23 14:38:13,965 [IPC Server listener on 15010] INFO  ipc.Server (Server.java:run(1553)) - IPC Server listener on 15010: starting
2025-04-23 14:38:13,967 [main] INFO  om.OzoneManager (OzoneManager.java:startTrashEmptier(2257)) - Trash Interval set to 0. Files deleted won't move to trash
]]></system-out>
  </testcase>
  <testcase name="twoOMDown" classname="org.apache.hadoop.ozone.om.TestOzoneManagerHAWithStoppedNodes" time="20.209">
    <system-out><![CDATA[2025-04-23 14:38:13,970 [main] INFO  om.OzoneManager (OzoneManager.java:stop(2347)) - omNode-1[localhost:15006]: Stopping Ozone Manager
2025-04-23 14:38:13,970 [main] INFO  ipc.Server (Server.java:stop(3697)) - Stopping server on 15006
2025-04-23 14:38:13,972 [IPC Server listener on 15006] INFO  ipc.Server (Server.java:run(1585)) - Stopping IPC Server listener on 15006
2025-04-23 14:38:13,973 [IPC Server Responder] INFO  ipc.Server (Server.java:run(1718)) - Stopping IPC Server Responder
2025-04-23 14:38:13,973 [main] INFO  ratis.OzoneManagerRatisServer (OzoneManagerRatisServer.java:stop(634)) - Stopping org.apache.hadoop.ozone.om.ratis.OzoneManagerRatisServer@1cf887bf at port 15009
2025-04-23 14:38:13,973 [main] INFO  server.RaftServer (RaftServerProxy.java:lambda$close$9(417)) - omNode-1: close
2025-04-23 14:38:13,974 [main] INFO  server.GrpcService (GrpcService.java:closeImpl(343)) - omNode-1: shutdown server GrpcServerProtocolService now
2025-04-23 14:38:13,974 [omNode-1-impl-thread1] INFO  server.RaftServer$Division (RaftServerImpl.java:lambda$close$1(513)) - omNode-1@group-523986131536: shutdown
2025-04-23 14:38:13,974 [omNode-1-impl-thread1] INFO  util.JmxRegister (JmxRegister.java:unregister(74)) - Successfully un-registered JMX Bean with object name Ratis:service=RaftServer,group=group-523986131536,id=omNode-1
2025-04-23 14:38:13,974 [omNode-1-impl-thread1] INFO  impl.RoleInfo (RoleInfo.java:shutdownFollowerState(121)) - omNode-1: shutdown omNode-1@group-523986131536-FollowerState
2025-04-23 14:38:13,974 [omNode-1-impl-thread1] INFO  impl.StateMachineUpdater (StateMachineUpdater.java:stopAndJoin(164)) - omNode-1@group-523986131536-StateMachineUpdater: set stopIndex = 102
2025-04-23 14:38:13,974 [omNode-1@group-523986131536-FollowerState] INFO  impl.FollowerState (FollowerState.java:runImpl(170)) - omNode-1@group-523986131536-FollowerState was interrupted
2025-04-23 14:38:13,974 [omNode-1@group-523986131536-StateMachineUpdater] INFO  impl.StateMachineUpdater (StateMachineUpdater.java:stop(141)) - omNode-1@group-523986131536-StateMachineUpdater: closing OzoneManagerStateMachine, lastApplied=(t:8, i:102)
2025-04-23 14:38:13,974 [omNode-1@group-523986131536-StateMachineUpdater] INFO  ratis.OzoneManagerStateMachine (OzoneManagerStateMachine.java:close(550)) - Stopping OzoneManagerStateMachine:omNode-1:group-523986131536.
2025-04-23 14:38:13,974 [omNode-1@group-523986131536-StateMachineUpdater] INFO  ratis.OzoneManagerDoubleBuffer (OzoneManagerDoubleBuffer.java:stopDaemon(500)) - Stopping OMDoubleBuffer flush thread
2025-04-23 14:38:13,974 [omNode-1-OMDoubleBufferFlushThread] INFO  ratis.OzoneManagerDoubleBuffer (OzoneManagerDoubleBuffer.java:canFlush(559)) - OMDoubleBuffer flush thread omNode-1-OMDoubleBufferFlushThread is interrupted and will exit.
2025-04-23 14:38:13,975 [omNode-1@group-523986131536-cacheEviction-AwaitToRun] INFO  util.AwaitToRun (AwaitToRun.java:run(49)) - omNode-1@group-523986131536-cacheEviction-AwaitToRun-AwaitForSignal is interrupted
2025-04-23 14:38:13,976 [grpc-default-executor-7] INFO  server.GrpcLogAppender (GrpcLogAppender.java:onError(537)) - omNode-3@group-523986131536->omNode-1-GrpcLogAppender is already stopped
2025-04-23 14:38:13,976 [grpc-default-executor-2] WARN  server.GrpcServerProtocolService (LogUtils.java:warn(121)) - omNode-1: APPEND_ENTRIES onError, lastRequest: omNode-3->omNode-1#1-t10,previous=(t:0, i:0),leaderCommit=4,initializing? true,entries: size=4, first=(t:9, i:103), CONFIGURATIONENTRY(current:id:"omNode-3"address:"localhost:15017"startupRole:FOLLOWER, id:"omNode-1"address:"localhost:15009"startupRole:FOLLOWER, id:"omNode-2"address:"localhost:15013"startupRole:FOLLOWER, old:): org.apache.ratis.thirdparty.io.grpc.StatusRuntimeException: CANCELLED: client cancelled
2025-04-23 14:38:13,976 [grpc-default-executor-0] WARN  server.GrpcLogAppender (GrpcLogAppender.java:lambda$resetClient$1(221)) - omNode-3@group-523986131536->omNode-1-GrpcLogAppender: Follower failed (request=null, errorCount=1); keep nextIndex (107) unchanged and retry.
2025-04-23 14:38:13,976 [grpc-default-executor-8] WARN  server.GrpcServerProtocolService (LogUtils.java:warn(121)) - omNode-1: APPEND_ENTRIES onError, lastRequest: null: org.apache.ratis.thirdparty.io.grpc.StatusRuntimeException: CANCELLED: client cancelled
2025-04-23 14:38:13,976 [grpc-default-executor-0] WARN  server.GrpcServerProtocolService (LogUtils.java:warn(121)) - omNode-1: APPEND_ENTRIES onError, lastRequest: null: org.apache.ratis.thirdparty.io.grpc.StatusRuntimeException: CANCELLED: client cancelled
2025-04-23 14:38:13,976 [main] INFO  server.GrpcService (GrpcService.java:closeImpl(352)) - omNode-1: shutdown server GrpcServerProtocolService successfully
2025-04-23 14:38:13,977 [grpc-default-executor-8] INFO  server.GrpcLogAppender (GrpcLogAppender.java:onError(537)) - omNode-3@group-523986131536->omNode-1-GrpcLogAppender is already stopped
2025-04-23 14:38:13,977 [grpc-default-executor-4] WARN  server.GrpcServerProtocolService (LogUtils.java:warn(121)) - omNode-1: APPEND_ENTRIES onError, lastRequest: omNode-3->omNode-1#1-t10,previous=(t:9, i:104),leaderCommit=104,initializing? false,entries: size=1, first=(t:10, i:105), CONFIGURATIONENTRY(current:id:"omNode-3"address:"localhost:15017"startupRole:FOLLOWER, id:"omNode-1"address:"localhost:15009"startupRole:FOLLOWER, id:"omNode-2"address:"localhost:15013"startupRole:FOLLOWER, old:): org.apache.ratis.thirdparty.io.grpc.StatusRuntimeException: CANCELLED: client cancelled
2025-04-23 14:38:14,765 [omNode-1-impl-thread1] INFO  segmented.SegmentedRaftLogWorker (SegmentedRaftLogWorker.java:close(252)) - omNode-1@group-523986131536-SegmentedRaftLogWorker close()
2025-04-23 14:38:14,766 [JvmPauseMonitor24] INFO  util.JvmPauseMonitor (JvmPauseMonitor.java:run(152)) - JvmPauseMonitor-omNode-1: Stopped
2025-04-23 14:38:14,766 [main] INFO  utils.BackgroundService (BackgroundService.java:shutdown(161)) - Shutting down service KeyDeletingService
2025-04-23 14:38:14,766 [main] INFO  utils.BackgroundService (BackgroundService.java:shutdown(161)) - Shutting down service DirectoryDeletingService
2025-04-23 14:38:14,767 [main] INFO  utils.BackgroundService (BackgroundService.java:shutdown(161)) - Shutting down service OpenKeyCleanupService
2025-04-23 14:38:14,768 [main] INFO  utils.BackgroundService (BackgroundService.java:shutdown(161)) - Shutting down service SstFilteringService
2025-04-23 14:38:14,768 [main] INFO  utils.BackgroundService (BackgroundService.java:shutdown(161)) - Shutting down service SnapshotDeletingService
2025-04-23 14:38:14,768 [main] INFO  utils.BackgroundService (BackgroundService.java:shutdown(161)) - Shutting down service MultipartUploadCleanupService
2025-04-23 14:38:14,769 [main] INFO  handler.ContextHandler (ContextHandler.java:doStop(1159)) - Stopped o.e.j.w.WebAppContext@2df56e5d{ozoneManager,/,null,STOPPED}{file:/home/runner/work/ozone/ozone/hadoop-ozone/integration-test/target/test-classes/webapps/ozoneManager}
2025-04-23 14:38:14,770 [main] INFO  server.AbstractConnector (AbstractConnector.java:doStop(383)) - Stopped ServerConnector@64314d50{HTTP/1.1, (http/1.1)}{0.0.0.0:15007}
2025-04-23 14:38:14,770 [main] INFO  server.session (HouseKeeper.java:stopScavenging(149)) - node0 Stopped scavenging
2025-04-23 14:38:14,770 [main] INFO  handler.ContextHandler (ContextHandler.java:doStop(1159)) - Stopped o.e.j.s.ServletContextHandler@495d83e7{static,/static,file:///home/runner/work/ozone/ozone/hadoop-ozone/integration-test/target/test-classes/webapps/static,STOPPED}
2025-04-23 14:38:14,770 [main] INFO  handler.ContextHandler (ContextHandler.java:doStop(1159)) - Stopped o.e.j.s.ServletContextHandler@566940e2{logs,/logs,file:///home/runner/work/ozone/ozone/hadoop-ozone/integration-test/target/log,STOPPED}
2025-04-23 14:38:14,771 [main] INFO  rocksdiff.RocksDBCheckpointDiffer (RocksDBCheckpointDiffer.java:close(304)) - Shutting down CompactionDagPruningService.
2025-04-23 14:38:14,773 [main] INFO  snapshot.SnapshotDiffManager (SnapshotDiffManager.java:closeExecutorService(1698)) - Shutting down executorService: 'SnapDiffExecutor'
2025-04-23 14:38:14,773 [main] INFO  utils.BackgroundService (BackgroundService.java:shutdown(161)) - Shutting down service SnapshotDiffCleanupService
2025-04-23 14:38:14,774 [main] INFO  om.OzoneManager (OzoneManager.java:stop(2347)) - omNode-2[localhost:15010]: Stopping Ozone Manager
2025-04-23 14:38:14,774 [main] INFO  ipc.Server (Server.java:stop(3697)) - Stopping server on 15010
2025-04-23 14:38:14,776 [IPC Server listener on 15010] INFO  ipc.Server (Server.java:run(1585)) - Stopping IPC Server listener on 15010
2025-04-23 14:38:14,776 [IPC Server Responder] INFO  ipc.Server (Server.java:run(1718)) - Stopping IPC Server Responder
2025-04-23 14:38:14,776 [main] INFO  ratis.OzoneManagerRatisServer (OzoneManagerRatisServer.java:stop(634)) - Stopping org.apache.hadoop.ozone.om.ratis.OzoneManagerRatisServer@5262e781 at port 15013
2025-04-23 14:38:14,776 [main] INFO  server.RaftServer (RaftServerProxy.java:lambda$close$9(417)) - omNode-2: close
2025-04-23 14:38:14,777 [main] INFO  server.GrpcService (GrpcService.java:closeImpl(343)) - omNode-2: shutdown server GrpcServerProtocolService now
2025-04-23 14:38:14,777 [omNode-2-impl-thread1] INFO  server.RaftServer$Division (RaftServerImpl.java:lambda$close$1(513)) - omNode-2@group-523986131536: shutdown
2025-04-23 14:38:14,777 [omNode-2-impl-thread1] INFO  util.JmxRegister (JmxRegister.java:unregister(74)) - Successfully un-registered JMX Bean with object name Ratis:service=RaftServer,group=group-523986131536,id=omNode-2
2025-04-23 14:38:14,777 [omNode-2-impl-thread1] INFO  impl.RoleInfo (RoleInfo.java:shutdownFollowerState(121)) - omNode-2: shutdown omNode-2@group-523986131536-FollowerState
2025-04-23 14:38:14,777 [omNode-2-impl-thread1] INFO  impl.StateMachineUpdater (StateMachineUpdater.java:stopAndJoin(164)) - omNode-2@group-523986131536-StateMachineUpdater: set stopIndex = 106
2025-04-23 14:38:14,778 [main] INFO  server.GrpcService (GrpcService.java:closeImpl(352)) - omNode-2: shutdown server GrpcServerProtocolService successfully
2025-04-23 14:38:14,778 [grpc-default-executor-6] WARN  server.GrpcServerProtocolService (LogUtils.java:warn(121)) - omNode-2: APPEND_ENTRIES onError, lastRequest: omNode-3->omNode-2#2-t10,previous=(t:10, i:105),leaderCommit=105,initializing? false,entries: size=1, first=(t:10, i:106), METADATAENTRY(c:105): org.apache.ratis.thirdparty.io.grpc.StatusRuntimeException: CANCELLED: client cancelled
2025-04-23 14:38:14,778 [grpc-default-executor-8] WARN  server.GrpcServerProtocolService (LogUtils.java:warn(121)) - omNode-2: APPEND_ENTRIES onError, lastRequest: null: org.apache.ratis.thirdparty.io.grpc.StatusRuntimeException: CANCELLED: client cancelled
2025-04-23 14:38:14,778 [grpc-default-executor-7] WARN  server.GrpcLogAppender (LogUtils.java:warn(121)) - omNode-3@group-523986131536->omNode-2-AppendLogResponseHandler: Failed appendEntries: org.apache.ratis.thirdparty.io.grpc.StatusRuntimeException: CANCELLED: RST_STREAM closed stream. HTTP/2 error code: CANCEL
2025-04-23 14:38:14,779 [omNode-2@group-523986131536-FollowerState] INFO  impl.FollowerState (FollowerState.java:runImpl(170)) - omNode-2@group-523986131536-FollowerState was interrupted
2025-04-23 14:38:14,779 [grpc-default-executor-5] WARN  server.GrpcLogAppender (GrpcLogAppender.java:lambda$resetClient$1(221)) - omNode-3@group-523986131536->omNode-2-GrpcLogAppender: Follower failed (request=null, errorCount=1); keep nextIndex (107) unchanged and retry.
2025-04-23 14:38:14,784 [omNode-2@group-523986131536-StateMachineUpdater] INFO  ratis.OzoneManagerStateMachine (OzoneManagerStateMachine.java:takeSnapshotImpl(510)) - omNode-2: taking snapshot. applied = (t:10, i:106), skipped = 104, notified = (t:10, i:106), current snapshot index = (t:10, i:106), took 7 ms
2025-04-23 14:38:14,784 [omNode-2@group-523986131536-StateMachineUpdater] INFO  impl.StateMachineUpdater (StateMachineUpdater.java:takeSnapshot(303)) - omNode-2@group-523986131536-StateMachineUpdater: Took a snapshot at index 106
2025-04-23 14:38:14,784 [omNode-2@group-523986131536-StateMachineUpdater] INFO  impl.StateMachineUpdater (StateMachineUpdater.java:lambda$new$0(102)) - omNode-2@group-523986131536-StateMachineUpdater: snapshotIndex: updateIncreasingly 104 -> 106
2025-04-23 14:38:14,784 [omNode-2@group-523986131536-StateMachineUpdater] INFO  impl.StateMachineUpdater (StateMachineUpdater.java:stop(141)) - omNode-2@group-523986131536-StateMachineUpdater: closing OzoneManagerStateMachine, lastApplied=(t:10, i:106)
2025-04-23 14:38:14,784 [omNode-2@group-523986131536-StateMachineUpdater] INFO  ratis.OzoneManagerStateMachine (OzoneManagerStateMachine.java:close(550)) - Stopping OzoneManagerStateMachine:omNode-2:group-523986131536.
2025-04-23 14:38:14,784 [omNode-2@group-523986131536-StateMachineUpdater] INFO  ratis.OzoneManagerDoubleBuffer (OzoneManagerDoubleBuffer.java:stopDaemon(500)) - Stopping OMDoubleBuffer flush thread
2025-04-23 14:38:14,784 [omNode-2-OMDoubleBufferFlushThread] INFO  ratis.OzoneManagerDoubleBuffer (OzoneManagerDoubleBuffer.java:canFlush(559)) - OMDoubleBuffer flush thread omNode-2-OMDoubleBufferFlushThread is interrupted and will exit.
2025-04-23 14:38:14,785 [omNode-2@group-523986131536-cacheEviction-AwaitToRun] INFO  util.AwaitToRun (AwaitToRun.java:run(49)) - omNode-2@group-523986131536-cacheEviction-AwaitToRun-AwaitForSignal is interrupted
2025-04-23 14:38:15,729 [omNode-2-impl-thread1] INFO  segmented.SegmentedRaftLogWorker (SegmentedRaftLogWorker.java:close(252)) - omNode-2@group-523986131536-SegmentedRaftLogWorker close()
2025-04-23 14:38:15,729 [JvmPauseMonitor25] INFO  util.JvmPauseMonitor (JvmPauseMonitor.java:run(152)) - JvmPauseMonitor-omNode-2: Stopped
2025-04-23 14:38:15,730 [main] INFO  utils.BackgroundService (BackgroundService.java:shutdown(161)) - Shutting down service KeyDeletingService
2025-04-23 14:38:15,730 [main] INFO  utils.BackgroundService (BackgroundService.java:shutdown(161)) - Shutting down service DirectoryDeletingService
2025-04-23 14:38:15,731 [main] INFO  utils.BackgroundService (BackgroundService.java:shutdown(161)) - Shutting down service OpenKeyCleanupService
2025-04-23 14:38:15,731 [main] INFO  utils.BackgroundService (BackgroundService.java:shutdown(161)) - Shutting down service SstFilteringService
2025-04-23 14:38:15,731 [main] INFO  utils.BackgroundService (BackgroundService.java:shutdown(161)) - Shutting down service SnapshotDeletingService
2025-04-23 14:38:15,732 [main] INFO  utils.BackgroundService (BackgroundService.java:shutdown(161)) - Shutting down service MultipartUploadCleanupService
2025-04-23 14:38:15,733 [main] INFO  handler.ContextHandler (ContextHandler.java:doStop(1159)) - Stopped o.e.j.w.WebAppContext@76a3d881{ozoneManager,/,null,STOPPED}{file:/home/runner/work/ozone/ozone/hadoop-ozone/integration-test/target/test-classes/webapps/ozoneManager}
2025-04-23 14:38:15,733 [main] INFO  server.AbstractConnector (AbstractConnector.java:doStop(383)) - Stopped ServerConnector@7d29f47a{HTTP/1.1, (http/1.1)}{0.0.0.0:15011}
2025-04-23 14:38:15,733 [main] INFO  server.session (HouseKeeper.java:stopScavenging(149)) - node0 Stopped scavenging
2025-04-23 14:38:15,734 [main] INFO  handler.ContextHandler (ContextHandler.java:doStop(1159)) - Stopped o.e.j.s.ServletContextHandler@70d19ac7{static,/static,file:///home/runner/work/ozone/ozone/hadoop-ozone/integration-test/target/test-classes/webapps/static,STOPPED}
2025-04-23 14:38:15,734 [main] INFO  handler.ContextHandler (ContextHandler.java:doStop(1159)) - Stopped o.e.j.s.ServletContextHandler@4443ae03{logs,/logs,file:///home/runner/work/ozone/ozone/hadoop-ozone/integration-test/target/log,STOPPED}
2025-04-23 14:38:15,735 [main] INFO  rocksdiff.RocksDBCheckpointDiffer (RocksDBCheckpointDiffer.java:close(304)) - Shutting down CompactionDagPruningService.
2025-04-23 14:38:15,737 [main] INFO  snapshot.SnapshotDiffManager (SnapshotDiffManager.java:closeExecutorService(1698)) - Shutting down executorService: 'SnapDiffExecutor'
2025-04-23 14:38:15,737 [main] INFO  utils.BackgroundService (BackgroundService.java:shutdown(161)) - Shutting down service SnapshotDiffCleanupService
2025-04-23 14:38:16,165 [omNode-3@group-523986131536-LeaderStateImpl] WARN  server.RaftServer$Division (LeaderStateImpl.java:checkLeadership(1115)) - omNode-3@group-523986131536-LeaderStateImpl: Lost leadership on term: 10. Election timeout: 1200ms. In charge for: 2469ms. Conf: conf: {index: 105, cur=peers:[omNode-3|localhost:15017, omNode-1|localhost:15009, omNode-2|localhost:15013]|listeners:[], old=null}
2025-04-23 14:38:16,166 [omNode-3@group-523986131536-LeaderStateImpl] WARN  server.RaftServer$Division (LeaderStateImpl.java:lambda$checkLeadership$21(1119)) - Follower omNode-3@group-523986131536->omNode-2(c106,m106,n107, caughtUp=true, lastRpcSendTime=178, lastRpcResponseTime=1435)
2025-04-23 14:38:16,166 [omNode-3@group-523986131536-LeaderStateImpl] WARN  server.RaftServer$Division (LeaderStateImpl.java:lambda$checkLeadership$21(1119)) - Follower omNode-3@group-523986131536->omNode-1(c102,m106,n107, caughtUp=false, lastRpcSendTime=890, lastRpcResponseTime=2401)
2025-04-23 14:38:16,166 [omNode-3@group-523986131536-LeaderStateImpl] INFO  server.RaftServer$Division (RaftServerImpl.java:setRole(378)) - omNode-3@group-523986131536: changes role from    LEADER to FOLLOWER at term 10 for StepDownReason:LOST_MAJORITY_HEARTBEATS
2025-04-23 14:38:16,166 [omNode-3@group-523986131536-LeaderStateImpl] INFO  impl.RoleInfo (RoleInfo.java:shutdownLeaderState(103)) - omNode-3: shutdown omNode-3@group-523986131536-LeaderStateImpl
2025-04-23 14:38:16,166 [omNode-3@group-523986131536->omNode-2-GrpcLogAppender-LogAppenderDaemon] WARN  server.GrpcLogAppender (GrpcLogAppender.java:mayWait(293)) - omNode-3@group-523986131536->omNode-2-GrpcLogAppender: Wait interrupted by java.lang.InterruptedException
2025-04-23 14:38:16,166 [omNode-3@group-523986131536-LeaderStateImpl] INFO  impl.PendingRequests (PendingRequests.java:sendNotLeaderResponses(287)) - omNode-3@group-523986131536-PendingRequests: sendNotLeaderResponses
2025-04-23 14:38:16,166 [omNode-3@group-523986131536->omNode-1-GrpcLogAppender-LogAppenderDaemon] WARN  server.GrpcLogAppender (GrpcLogAppender.java:mayWait(293)) - omNode-3@group-523986131536->omNode-1-GrpcLogAppender: Wait interrupted by java.lang.InterruptedException
2025-04-23 14:38:16,167 [omNode-3@group-523986131536-LeaderStateImpl] INFO  server.RaftServer$Division (ServerState.java:setLeader(272)) - omNode-3@group-523986131536: change Leader from omNode-3 to null at term 10 for StepDownReason:LOST_MAJORITY_HEARTBEATS
2025-04-23 14:38:16,167 [omNode-3@group-523986131536-LeaderStateImpl] INFO  impl.RoleInfo (RoleInfo.java:updateAndGet(148)) - omNode-3: start omNode-3@group-523986131536-FollowerState
2025-04-23 14:38:17,213 [timer7] WARN  server.GrpcLogAppender (GrpcLogAppender.java:lambda$resetClient$1(221)) - omNode-3@group-523986131536->omNode-1-GrpcLogAppender: Follower failed (request=null, errorCount=22); keep nextIndex (105) unchanged and retry. (Repeated 2 times in the last 4.999s)
2025-04-23 14:38:17,214 [timer6] WARN  server.GrpcLogAppender (LogUtils.java:warn(121)) - omNode-3@group-523986131536->omNode-1-AppendLogResponseHandler: Failed appendEntries (Repeated 14 times in the last 5.001s): org.apache.ratis.thirdparty.io.grpc.StatusRuntimeException: UNAVAILABLE: io exception
2025-04-23 14:38:17,267 [omNode-3@group-523986131536-FollowerState] INFO  impl.FollowerState (FollowerState.java:lostMajorityHeartbeatsRecently(113)) - omNode-3@group-523986131536-FollowerState: Skipping leader election since it stepped down recently (elapsed = 1099ms < waitTime = 10s)
2025-04-23 14:38:18,318 [omNode-3@group-523986131536-FollowerState] INFO  impl.FollowerState (FollowerState.java:lostMajorityHeartbeatsRecently(113)) - omNode-3@group-523986131536-FollowerState: Skipping leader election since it stepped down recently (elapsed = 2150ms < waitTime = 10s)
2025-04-23 14:38:18,976 [timer4] WARN  server.GrpcLogAppender (GrpcLogAppender.java:lambda$resetClient$1(221)) - omNode-3@group-523986131536->omNode-1-GrpcLogAppender: Follower failed (request=null, errorCount=12); keep nextIndex (107) unchanged and retry. (Repeated 12 times in the last 5.000s)
2025-04-23 14:38:19,417 [omNode-3@group-523986131536-FollowerState] INFO  impl.FollowerState (FollowerState.java:lostMajorityHeartbeatsRecently(113)) - omNode-3@group-523986131536-FollowerState: Skipping leader election since it stepped down recently (elapsed = 3249ms < waitTime = 10s)
2025-04-23 14:38:19,779 [timer7] WARN  server.GrpcLogAppender (LogUtils.java:warn(121)) - omNode-3@group-523986131536->omNode-2-AppendLogResponseHandler: Failed appendEntries (Repeated 10 times in the last 5.001s): org.apache.ratis.thirdparty.io.grpc.StatusRuntimeException: UNAVAILABLE: io exception
2025-04-23 14:38:19,779 [timer0] WARN  server.GrpcLogAppender (GrpcLogAppender.java:lambda$resetClient$1(221)) - omNode-3@group-523986131536->omNode-2-GrpcLogAppender: Follower failed (request=null, errorCount=10); keep nextIndex (107) unchanged and retry. (Repeated 10 times in the last 5.001s)
2025-04-23 14:38:20,491 [omNode-3@group-523986131536-FollowerState] INFO  impl.FollowerState (FollowerState.java:lostMajorityHeartbeatsRecently(113)) - omNode-3@group-523986131536-FollowerState: Skipping leader election since it stepped down recently (elapsed = 4323ms < waitTime = 10s)
2025-04-23 14:38:21,518 [omNode-3@group-523986131536-FollowerState] INFO  impl.FollowerState (FollowerState.java:lostMajorityHeartbeatsRecently(113)) - omNode-3@group-523986131536-FollowerState: Skipping leader election since it stepped down recently (elapsed = 5351ms < waitTime = 10s)
2025-04-23 14:38:22,634 [omNode-3@group-523986131536-FollowerState] INFO  impl.FollowerState (FollowerState.java:lostMajorityHeartbeatsRecently(113)) - omNode-3@group-523986131536-FollowerState: Skipping leader election since it stepped down recently (elapsed = 6466ms < waitTime = 10s)
2025-04-23 14:38:23,738 [main] INFO  rpc.RpcClient (RpcClient.java:createVolume(462)) - Creating Volume: volume06337, with user81589 as owner and space quota set to -1 bytes, counts quota set to -1
2025-04-23 14:38:23,741 [main] INFO  retry.RetryInvocationHandler (RetryInvocationHandler.java:log(426)) - com.google.protobuf.ServiceException: org.apache.hadoop.ipc.RemoteException(org.apache.hadoop.ozone.om.exceptions.OMNotLeaderException): OM:omNode-3 is not the leader. Could not determine the leader node.
	at org.apache.hadoop.ozone.om.ratis.OzoneManagerRatisServer.newOMNotLeaderException(OzoneManagerRatisServer.java:810)
	at org.apache.hadoop.ozone.om.OzoneManager.checkLeaderStatus(OzoneManager.java:4355)
	at org.apache.hadoop.ozone.om.ratis.utils.OzoneManagerRatisUtils.checkLeaderStatus(OzoneManagerRatisUtils.java:500)
	at org.apache.hadoop.ozone.protocolPB.OzoneManagerProtocolServerSideTranslatorPB.internalProcessRequest(OzoneManagerProtocolServerSideTranslatorPB.java:165)
	at org.apache.hadoop.ozone.protocolPB.OzoneManagerProtocolServerSideTranslatorPB.processRequest(OzoneManagerProtocolServerSideTranslatorPB.java:125)
	at org.apache.hadoop.hdds.server.OzoneProtocolMessageDispatcher.processRequest(OzoneProtocolMessageDispatcher.java:87)
	at org.apache.hadoop.ozone.protocolPB.OzoneManagerProtocolServerSideTranslatorPB.submitRequest(OzoneManagerProtocolServerSideTranslatorPB.java:116)
	at org.apache.hadoop.ozone.protocol.proto.OzoneManagerProtocolProtos$OzoneManagerService$2.callBlockingMethod(OzoneManagerProtocolProtos.java)
	at org.apache.hadoop.ipc.ProtobufRpcEngine$Server.processCall(ProtobufRpcEngine.java:484)
	at org.apache.hadoop.ipc.ProtobufRpcEngine2$Server$ProtoBufRpcInvoker.call(ProtobufRpcEngine2.java:595)
	at org.apache.hadoop.ipc.ProtobufRpcEngine2$Server$ProtoBufRpcInvoker.call(ProtobufRpcEngine2.java:573)
	at org.apache.hadoop.ipc.RPC$Server.call(RPC.java:1227)
	at org.apache.hadoop.ipc.Server$RpcCall.run(Server.java:1246)
	at org.apache.hadoop.ipc.Server$RpcCall.run(Server.java:1169)
	at java.base/java.security.AccessController.doPrivileged(AccessController.java:714)
	at java.base/javax.security.auth.Subject.doAs(Subject.java:525)
	at org.apache.hadoop.security.UserGroupInformation.doAs(UserGroupInformation.java:1953)
	at org.apache.hadoop.ipc.Server$Handler.run(Server.java:3198)
, while invoking $Proxy68.submitRequest over nodeId=omNode-3,nodeAddress=127.0.0.1:15014. Trying to failover after sleeping for 2000ms. Current retry count: 0.
2025-04-23 14:38:23,767 [omNode-3@group-523986131536-FollowerState] INFO  impl.FollowerState (FollowerState.java:lostMajorityHeartbeatsRecently(113)) - omNode-3@group-523986131536-FollowerState: Skipping leader election since it stepped down recently (elapsed = 7599ms < waitTime = 10s)
2025-04-23 14:38:24,882 [omNode-3@group-523986131536-FollowerState] INFO  impl.FollowerState (FollowerState.java:lostMajorityHeartbeatsRecently(113)) - omNode-3@group-523986131536-FollowerState: Skipping leader election since it stepped down recently (elapsed = 8714ms < waitTime = 10s)
2025-04-23 14:38:25,742 [main] INFO  retry.RetryInvocationHandler (RetryInvocationHandler.java:log(426)) - com.google.protobuf.ServiceException: java.net.ConnectException: Call From fv-az1120-822/10.1.0.114 to localhost:15006 failed on connection exception: java.net.ConnectException: Connection refused; For more details see:  http://wiki.apache.org/hadoop/ConnectionRefused, while invoking $Proxy68.submitRequest over nodeId=omNode-1,nodeAddress=127.0.0.1:15006 after 1 failover attempts. Trying to failover immediately. Current retry count: 1.
2025-04-23 14:38:25,743 [main] INFO  retry.RetryInvocationHandler (RetryInvocationHandler.java:log(426)) - com.google.protobuf.ServiceException: java.net.ConnectException: Call From fv-az1120-822/10.1.0.114 to localhost:15010 failed on connection exception: java.net.ConnectException: Connection refused; For more details see:  http://wiki.apache.org/hadoop/ConnectionRefused, while invoking $Proxy68.submitRequest over nodeId=omNode-2,nodeAddress=127.0.0.1:15010 after 2 failover attempts. Trying to failover immediately. Current retry count: 2.
2025-04-23 14:38:25,744 [main] INFO  retry.RetryInvocationHandler (RetryInvocationHandler.java:log(426)) - com.google.protobuf.ServiceException: org.apache.hadoop.ipc.RemoteException(org.apache.hadoop.ozone.om.exceptions.OMNotLeaderException): OM:omNode-3 is not the leader. Could not determine the leader node.
	at org.apache.hadoop.ozone.om.ratis.OzoneManagerRatisServer.newOMNotLeaderException(OzoneManagerRatisServer.java:810)
	at org.apache.hadoop.ozone.om.OzoneManager.checkLeaderStatus(OzoneManager.java:4355)
	at org.apache.hadoop.ozone.om.ratis.utils.OzoneManagerRatisUtils.checkLeaderStatus(OzoneManagerRatisUtils.java:500)
	at org.apache.hadoop.ozone.protocolPB.OzoneManagerProtocolServerSideTranslatorPB.internalProcessRequest(OzoneManagerProtocolServerSideTranslatorPB.java:165)
	at org.apache.hadoop.ozone.protocolPB.OzoneManagerProtocolServerSideTranslatorPB.processRequest(OzoneManagerProtocolServerSideTranslatorPB.java:125)
	at org.apache.hadoop.hdds.server.OzoneProtocolMessageDispatcher.processRequest(OzoneProtocolMessageDispatcher.java:87)
	at org.apache.hadoop.ozone.protocolPB.OzoneManagerProtocolServerSideTranslatorPB.submitRequest(OzoneManagerProtocolServerSideTranslatorPB.java:116)
	at org.apache.hadoop.ozone.protocol.proto.OzoneManagerProtocolProtos$OzoneManagerService$2.callBlockingMethod(OzoneManagerProtocolProtos.java)
	at org.apache.hadoop.ipc.ProtobufRpcEngine$Server.processCall(ProtobufRpcEngine.java:484)
	at org.apache.hadoop.ipc.ProtobufRpcEngine2$Server$ProtoBufRpcInvoker.call(ProtobufRpcEngine2.java:595)
	at org.apache.hadoop.ipc.ProtobufRpcEngine2$Server$ProtoBufRpcInvoker.call(ProtobufRpcEngine2.java:573)
	at org.apache.hadoop.ipc.RPC$Server.call(RPC.java:1227)
	at org.apache.hadoop.ipc.Server$RpcCall.run(Server.java:1246)
	at org.apache.hadoop.ipc.Server$RpcCall.run(Server.java:1169)
	at java.base/java.security.AccessController.doPrivileged(AccessController.java:714)
	at java.base/javax.security.auth.Subject.doAs(Subject.java:525)
	at org.apache.hadoop.security.UserGroupInformation.doAs(UserGroupInformation.java:1953)
	at org.apache.hadoop.ipc.Server$Handler.run(Server.java:3198)
, while invoking $Proxy68.submitRequest over nodeId=omNode-3,nodeAddress=127.0.0.1:15014 after 3 failover attempts. Trying to failover after sleeping for 2000ms. Current retry count: 3.
2025-04-23 14:38:26,065 [omNode-3@group-523986131536-FollowerState] INFO  impl.FollowerState (FollowerState.java:lostMajorityHeartbeatsRecently(113)) - omNode-3@group-523986131536-FollowerState: Skipping leader election since it stepped down recently (elapsed = 9898ms < waitTime = 10s)
2025-04-23 14:38:27,069 [omNode-3@group-523986131536-FollowerState] INFO  impl.FollowerState (FollowerState.java:runImpl(161)) - omNode-3@group-523986131536-FollowerState: change to CANDIDATE, lastRpcElapsedTime:10902259576ns, electionTimeout:1004ms
2025-04-23 14:38:27,070 [omNode-3@group-523986131536-FollowerState] INFO  impl.RoleInfo (RoleInfo.java:shutdownFollowerState(121)) - omNode-3: shutdown omNode-3@group-523986131536-FollowerState
2025-04-23 14:38:27,070 [omNode-3@group-523986131536-FollowerState] INFO  server.RaftServer$Division (RaftServerImpl.java:setRole(378)) - omNode-3@group-523986131536: changes role from  FOLLOWER to CANDIDATE at term 10 for changeToCandidate
2025-04-23 14:38:27,070 [omNode-3@group-523986131536-FollowerState] INFO  server.RaftServerConfigKeys (ConfUtils.java:logGet(46)) - raft.server.leaderelection.pre-vote = true (default)
2025-04-23 14:38:27,070 [omNode-3@group-523986131536-FollowerState] INFO  impl.RoleInfo (RoleInfo.java:updateAndGet(148)) - omNode-3: start omNode-3@group-523986131536-LeaderElection22
2025-04-23 14:38:27,070 [omNode-3@group-523986131536-LeaderElection22] INFO  impl.LeaderElection (LeaderElection.java:askForVotes(332)) - omNode-3@group-523986131536-LeaderElection22 PRE_VOTE round 0: submit vote requests at term 10 for conf: {index: 105, cur=peers:[omNode-3|localhost:15017, omNode-1|localhost:15009, omNode-2|localhost:15013]|listeners:[], old=null}
2025-04-23 14:38:27,071 [omNode-3@group-523986131536-LeaderElection22] INFO  impl.LeaderElection (LogUtils.java:infoOrTrace(136)) - omNode-3@group-523986131536-LeaderElection22 got exception when requesting votes: java.util.concurrent.ExecutionException: org.apache.ratis.thirdparty.io.grpc.StatusRuntimeException: UNAVAILABLE: io exception
2025-04-23 14:38:27,071 [omNode-3@group-523986131536-LeaderElection22] INFO  impl.LeaderElection (LogUtils.java:infoOrTrace(136)) - omNode-3@group-523986131536-LeaderElection22 got exception when requesting votes: java.util.concurrent.ExecutionException: org.apache.ratis.thirdparty.io.grpc.StatusRuntimeException: UNAVAILABLE: io exception
2025-04-23 14:38:27,071 [omNode-3@group-523986131536-LeaderElection22] INFO  impl.LeaderElection (LeaderElection.java:logAndReturn(90)) - omNode-3@group-523986131536-LeaderElection22: PRE_VOTE REJECTED received 0 response(s) and 2 exception(s):
2025-04-23 14:38:27,071 [omNode-3@group-523986131536-LeaderElection22] INFO  impl.LeaderElection (LogUtils.java:infoOrTrace(136)) -   Exception 0: java.util.concurrent.ExecutionException: org.apache.ratis.thirdparty.io.grpc.StatusRuntimeException: UNAVAILABLE: io exception
2025-04-23 14:38:27,071 [omNode-3@group-523986131536-LeaderElection22] INFO  impl.LeaderElection (LogUtils.java:infoOrTrace(136)) -   Exception 1: java.util.concurrent.ExecutionException: org.apache.ratis.thirdparty.io.grpc.StatusRuntimeException: UNAVAILABLE: io exception
2025-04-23 14:38:27,071 [omNode-3@group-523986131536-LeaderElection22] INFO  impl.LeaderElection (LeaderElection.java:askForVotes(334)) - omNode-3@group-523986131536-LeaderElection22 PRE_VOTE round 0: result REJECTED
2025-04-23 14:38:27,071 [omNode-3@group-523986131536-LeaderElection22] INFO  server.RaftServer$Division (RaftServerImpl.java:setRole(378)) - omNode-3@group-523986131536: changes role from CANDIDATE to FOLLOWER at term 10 for REJECTED
2025-04-23 14:38:27,071 [omNode-3@group-523986131536-LeaderElection22] INFO  impl.RoleInfo (RoleInfo.java:shutdownLeaderElection(141)) - omNode-3: shutdown omNode-3@group-523986131536-LeaderElection22
2025-04-23 14:38:27,071 [omNode-3@group-523986131536-LeaderElection22] INFO  impl.RoleInfo (RoleInfo.java:updateAndGet(148)) - omNode-3: start omNode-3@group-523986131536-FollowerState
2025-04-23 14:38:27,745 [main] INFO  retry.RetryInvocationHandler (RetryInvocationHandler.java:log(426)) - com.google.protobuf.ServiceException: java.net.ConnectException: Call From fv-az1120-822/10.1.0.114 to localhost:15006 failed on connection exception: java.net.ConnectException: Connection refused; For more details see:  http://wiki.apache.org/hadoop/ConnectionRefused, while invoking $Proxy68.submitRequest over nodeId=omNode-1,nodeAddress=127.0.0.1:15006 after 4 failover attempts. Trying to failover immediately. Current retry count: 4.
2025-04-23 14:38:27,746 [main] ERROR ha.OMFailoverProxyProviderBase (OMFailoverProxyProviderBase.java:getRetryAction(261)) - Failed to connect to OMs: [omNode-1, omNode-2, omNode-3]. Attempted 5 failovers.
2025-04-23 14:38:27,786 [main] INFO  rpc.RpcClient (RpcClient.java:createVolume(462)) - Creating Volume: volume54330, with user02871 as owner and space quota set to -1 bytes, counts quota set to -1
2025-04-23 14:38:27,787 [main] INFO  retry.RetryInvocationHandler (RetryInvocationHandler.java:log(426)) - com.google.protobuf.ServiceException: java.net.ConnectException: Call From fv-az1120-822/10.1.0.114 to localhost:15010 failed on connection exception: java.net.ConnectException: Connection refused; For more details see:  http://wiki.apache.org/hadoop/ConnectionRefused, while invoking $Proxy68.submitRequest over nodeId=omNode-2,nodeAddress=127.0.0.1:15010. Trying to failover immediately. Current retry count: 0.
2025-04-23 14:38:27,788 [main] INFO  retry.RetryInvocationHandler (RetryInvocationHandler.java:log(426)) - com.google.protobuf.ServiceException: org.apache.hadoop.ipc.RemoteException(org.apache.hadoop.ozone.om.exceptions.OMNotLeaderException): OM:omNode-3 is not the leader. Could not determine the leader node.
	at org.apache.hadoop.ozone.om.ratis.OzoneManagerRatisServer.newOMNotLeaderException(OzoneManagerRatisServer.java:810)
	at org.apache.hadoop.ozone.om.OzoneManager.checkLeaderStatus(OzoneManager.java:4355)
	at org.apache.hadoop.ozone.om.ratis.utils.OzoneManagerRatisUtils.checkLeaderStatus(OzoneManagerRatisUtils.java:500)
	at org.apache.hadoop.ozone.protocolPB.OzoneManagerProtocolServerSideTranslatorPB.internalProcessRequest(OzoneManagerProtocolServerSideTranslatorPB.java:165)
	at org.apache.hadoop.ozone.protocolPB.OzoneManagerProtocolServerSideTranslatorPB.processRequest(OzoneManagerProtocolServerSideTranslatorPB.java:125)
	at org.apache.hadoop.hdds.server.OzoneProtocolMessageDispatcher.processRequest(OzoneProtocolMessageDispatcher.java:87)
	at org.apache.hadoop.ozone.protocolPB.OzoneManagerProtocolServerSideTranslatorPB.submitRequest(OzoneManagerProtocolServerSideTranslatorPB.java:116)
	at org.apache.hadoop.ozone.protocol.proto.OzoneManagerProtocolProtos$OzoneManagerService$2.callBlockingMethod(OzoneManagerProtocolProtos.java)
	at org.apache.hadoop.ipc.ProtobufRpcEngine$Server.processCall(ProtobufRpcEngine.java:484)
	at org.apache.hadoop.ipc.ProtobufRpcEngine2$Server$ProtoBufRpcInvoker.call(ProtobufRpcEngine2.java:595)
	at org.apache.hadoop.ipc.ProtobufRpcEngine2$Server$ProtoBufRpcInvoker.call(ProtobufRpcEngine2.java:573)
	at org.apache.hadoop.ipc.RPC$Server.call(RPC.java:1227)
	at org.apache.hadoop.ipc.Server$RpcCall.run(Server.java:1246)
	at org.apache.hadoop.ipc.Server$RpcCall.run(Server.java:1169)
	at java.base/java.security.AccessController.doPrivileged(AccessController.java:714)
	at java.base/javax.security.auth.Subject.doAs(Subject.java:525)
	at org.apache.hadoop.security.UserGroupInformation.doAs(UserGroupInformation.java:1953)
	at org.apache.hadoop.ipc.Server$Handler.run(Server.java:3198)
, while invoking $Proxy68.submitRequest over nodeId=omNode-3,nodeAddress=127.0.0.1:15014 after 1 failover attempts. Trying to failover after sleeping for 2000ms. Current retry count: 1.
2025-04-23 14:38:28,154 [omNode-3@group-523986131536-FollowerState] INFO  impl.FollowerState (FollowerState.java:runImpl(161)) - omNode-3@group-523986131536-FollowerState: change to CANDIDATE, lastRpcElapsedTime:1082234304ns, electionTimeout:1082ms
2025-04-23 14:38:28,154 [omNode-3@group-523986131536-FollowerState] INFO  impl.RoleInfo (RoleInfo.java:shutdownFollowerState(121)) - omNode-3: shutdown omNode-3@group-523986131536-FollowerState
2025-04-23 14:38:28,154 [omNode-3@group-523986131536-FollowerState] INFO  server.RaftServer$Division (RaftServerImpl.java:setRole(378)) - omNode-3@group-523986131536: changes role from  FOLLOWER to CANDIDATE at term 10 for changeToCandidate
2025-04-23 14:38:28,154 [omNode-3@group-523986131536-FollowerState] INFO  server.RaftServerConfigKeys (ConfUtils.java:logGet(46)) - raft.server.leaderelection.pre-vote = true (default)
2025-04-23 14:38:28,154 [omNode-3@group-523986131536-FollowerState] INFO  impl.RoleInfo (RoleInfo.java:updateAndGet(148)) - omNode-3: start omNode-3@group-523986131536-LeaderElection23
2025-04-23 14:38:28,154 [omNode-3@group-523986131536-LeaderElection23] INFO  impl.LeaderElection (LeaderElection.java:askForVotes(332)) - omNode-3@group-523986131536-LeaderElection23 PRE_VOTE round 0: submit vote requests at term 10 for conf: {index: 105, cur=peers:[omNode-3|localhost:15017, omNode-1|localhost:15009, omNode-2|localhost:15013]|listeners:[], old=null}
2025-04-23 14:38:28,155 [omNode-3@group-523986131536-LeaderElection23] INFO  impl.LeaderElection (LogUtils.java:infoOrTrace(136)) - omNode-3@group-523986131536-LeaderElection23 got exception when requesting votes: java.util.concurrent.ExecutionException: org.apache.ratis.thirdparty.io.grpc.StatusRuntimeException: UNAVAILABLE: io exception
2025-04-23 14:38:28,155 [omNode-3@group-523986131536-LeaderElection23] INFO  impl.LeaderElection (LogUtils.java:infoOrTrace(136)) - omNode-3@group-523986131536-LeaderElection23 got exception when requesting votes: java.util.concurrent.ExecutionException: org.apache.ratis.thirdparty.io.grpc.StatusRuntimeException: UNAVAILABLE: io exception
2025-04-23 14:38:28,155 [omNode-3@group-523986131536-LeaderElection23] INFO  impl.LeaderElection (LeaderElection.java:logAndReturn(90)) - omNode-3@group-523986131536-LeaderElection23: PRE_VOTE REJECTED received 0 response(s) and 2 exception(s):
2025-04-23 14:38:28,155 [omNode-3@group-523986131536-LeaderElection23] INFO  impl.LeaderElection (LogUtils.java:infoOrTrace(136)) -   Exception 0: java.util.concurrent.ExecutionException: org.apache.ratis.thirdparty.io.grpc.StatusRuntimeException: UNAVAILABLE: io exception
2025-04-23 14:38:28,155 [omNode-3@group-523986131536-LeaderElection23] INFO  impl.LeaderElection (LogUtils.java:infoOrTrace(136)) -   Exception 1: java.util.concurrent.ExecutionException: org.apache.ratis.thirdparty.io.grpc.StatusRuntimeException: UNAVAILABLE: io exception
2025-04-23 14:38:28,155 [omNode-3@group-523986131536-LeaderElection23] INFO  impl.LeaderElection (LeaderElection.java:askForVotes(334)) - omNode-3@group-523986131536-LeaderElection23 PRE_VOTE round 0: result REJECTED
2025-04-23 14:38:28,155 [omNode-3@group-523986131536-LeaderElection23] INFO  server.RaftServer$Division (RaftServerImpl.java:setRole(378)) - omNode-3@group-523986131536: changes role from CANDIDATE to FOLLOWER at term 10 for REJECTED
2025-04-23 14:38:28,155 [omNode-3@group-523986131536-LeaderElection23] INFO  impl.RoleInfo (RoleInfo.java:shutdownLeaderElection(141)) - omNode-3: shutdown omNode-3@group-523986131536-LeaderElection23
2025-04-23 14:38:28,155 [omNode-3@group-523986131536-LeaderElection23] INFO  impl.RoleInfo (RoleInfo.java:updateAndGet(148)) - omNode-3: start omNode-3@group-523986131536-FollowerState
2025-04-23 14:38:29,355 [omNode-3@group-523986131536-FollowerState] INFO  impl.FollowerState (FollowerState.java:runImpl(161)) - omNode-3@group-523986131536-FollowerState: change to CANDIDATE, lastRpcElapsedTime:1200281493ns, electionTimeout:1200ms
2025-04-23 14:38:29,356 [omNode-3@group-523986131536-FollowerState] INFO  impl.RoleInfo (RoleInfo.java:shutdownFollowerState(121)) - omNode-3: shutdown omNode-3@group-523986131536-FollowerState
2025-04-23 14:38:29,356 [omNode-3@group-523986131536-FollowerState] INFO  server.RaftServer$Division (RaftServerImpl.java:setRole(378)) - omNode-3@group-523986131536: changes role from  FOLLOWER to CANDIDATE at term 10 for changeToCandidate
2025-04-23 14:38:29,356 [omNode-3@group-523986131536-FollowerState] INFO  server.RaftServerConfigKeys (ConfUtils.java:logGet(46)) - raft.server.leaderelection.pre-vote = true (default)
2025-04-23 14:38:29,356 [omNode-3@group-523986131536-FollowerState] INFO  impl.RoleInfo (RoleInfo.java:updateAndGet(148)) - omNode-3: start omNode-3@group-523986131536-LeaderElection24
2025-04-23 14:38:29,356 [omNode-3@group-523986131536-LeaderElection24] INFO  impl.LeaderElection (LeaderElection.java:askForVotes(332)) - omNode-3@group-523986131536-LeaderElection24 PRE_VOTE round 0: submit vote requests at term 10 for conf: {index: 105, cur=peers:[omNode-3|localhost:15017, omNode-1|localhost:15009, omNode-2|localhost:15013]|listeners:[], old=null}
2025-04-23 14:38:29,357 [omNode-3@group-523986131536-LeaderElection24] INFO  impl.LeaderElection (LogUtils.java:infoOrTrace(136)) - omNode-3@group-523986131536-LeaderElection24 got exception when requesting votes: java.util.concurrent.ExecutionException: org.apache.ratis.thirdparty.io.grpc.StatusRuntimeException: UNAVAILABLE: io exception
2025-04-23 14:38:29,357 [omNode-3@group-523986131536-LeaderElection24] INFO  impl.LeaderElection (LogUtils.java:infoOrTrace(136)) - omNode-3@group-523986131536-LeaderElection24 got exception when requesting votes: java.util.concurrent.ExecutionException: org.apache.ratis.thirdparty.io.grpc.StatusRuntimeException: UNAVAILABLE: io exception
2025-04-23 14:38:29,357 [omNode-3@group-523986131536-LeaderElection24] INFO  impl.LeaderElection (LeaderElection.java:logAndReturn(90)) - omNode-3@group-523986131536-LeaderElection24: PRE_VOTE REJECTED received 0 response(s) and 2 exception(s):
2025-04-23 14:38:29,357 [omNode-3@group-523986131536-LeaderElection24] INFO  impl.LeaderElection (LogUtils.java:infoOrTrace(136)) -   Exception 0: java.util.concurrent.ExecutionException: org.apache.ratis.thirdparty.io.grpc.StatusRuntimeException: UNAVAILABLE: io exception
2025-04-23 14:38:29,357 [omNode-3@group-523986131536-LeaderElection24] INFO  impl.LeaderElection (LogUtils.java:infoOrTrace(136)) -   Exception 1: java.util.concurrent.ExecutionException: org.apache.ratis.thirdparty.io.grpc.StatusRuntimeException: UNAVAILABLE: io exception
2025-04-23 14:38:29,357 [omNode-3@group-523986131536-LeaderElection24] INFO  impl.LeaderElection (LeaderElection.java:askForVotes(334)) - omNode-3@group-523986131536-LeaderElection24 PRE_VOTE round 0: result REJECTED
2025-04-23 14:38:29,357 [omNode-3@group-523986131536-LeaderElection24] INFO  server.RaftServer$Division (RaftServerImpl.java:setRole(378)) - omNode-3@group-523986131536: changes role from CANDIDATE to FOLLOWER at term 10 for REJECTED
2025-04-23 14:38:29,357 [omNode-3@group-523986131536-LeaderElection24] INFO  impl.RoleInfo (RoleInfo.java:shutdownLeaderElection(141)) - omNode-3: shutdown omNode-3@group-523986131536-LeaderElection24
2025-04-23 14:38:29,357 [omNode-3@group-523986131536-LeaderElection24] INFO  impl.RoleInfo (RoleInfo.java:updateAndGet(148)) - omNode-3: start omNode-3@group-523986131536-FollowerState
2025-04-23 14:38:29,789 [main] INFO  retry.RetryInvocationHandler (RetryInvocationHandler.java:log(426)) - com.google.protobuf.ServiceException: java.net.ConnectException: Call From fv-az1120-822/10.1.0.114 to localhost:15006 failed on connection exception: java.net.ConnectException: Connection refused; For more details see:  http://wiki.apache.org/hadoop/ConnectionRefused, while invoking $Proxy68.submitRequest over nodeId=omNode-1,nodeAddress=127.0.0.1:15006 after 2 failover attempts. Trying to failover immediately. Current retry count: 2.
2025-04-23 14:38:29,789 [main] INFO  retry.RetryInvocationHandler (RetryInvocationHandler.java:log(426)) - com.google.protobuf.ServiceException: java.net.ConnectException: Call From fv-az1120-822/10.1.0.114 to localhost:15010 failed on connection exception: java.net.ConnectException: Connection refused; For more details see:  http://wiki.apache.org/hadoop/ConnectionRefused, while invoking $Proxy68.submitRequest over nodeId=omNode-2,nodeAddress=127.0.0.1:15010 after 3 failover attempts. Trying to failover immediately. Current retry count: 3.
2025-04-23 14:38:29,790 [main] INFO  retry.RetryInvocationHandler (RetryInvocationHandler.java:log(426)) - com.google.protobuf.ServiceException: org.apache.hadoop.ipc.RemoteException(org.apache.hadoop.ozone.om.exceptions.OMNotLeaderException): OM:omNode-3 is not the leader. Could not determine the leader node.
	at org.apache.hadoop.ozone.om.ratis.OzoneManagerRatisServer.newOMNotLeaderException(OzoneManagerRatisServer.java:810)
	at org.apache.hadoop.ozone.om.OzoneManager.checkLeaderStatus(OzoneManager.java:4355)
	at org.apache.hadoop.ozone.om.ratis.utils.OzoneManagerRatisUtils.checkLeaderStatus(OzoneManagerRatisUtils.java:500)
	at org.apache.hadoop.ozone.protocolPB.OzoneManagerProtocolServerSideTranslatorPB.internalProcessRequest(OzoneManagerProtocolServerSideTranslatorPB.java:165)
	at org.apache.hadoop.ozone.protocolPB.OzoneManagerProtocolServerSideTranslatorPB.processRequest(OzoneManagerProtocolServerSideTranslatorPB.java:125)
	at org.apache.hadoop.hdds.server.OzoneProtocolMessageDispatcher.processRequest(OzoneProtocolMessageDispatcher.java:87)
	at org.apache.hadoop.ozone.protocolPB.OzoneManagerProtocolServerSideTranslatorPB.submitRequest(OzoneManagerProtocolServerSideTranslatorPB.java:116)
	at org.apache.hadoop.ozone.protocol.proto.OzoneManagerProtocolProtos$OzoneManagerService$2.callBlockingMethod(OzoneManagerProtocolProtos.java)
	at org.apache.hadoop.ipc.ProtobufRpcEngine$Server.processCall(ProtobufRpcEngine.java:484)
	at org.apache.hadoop.ipc.ProtobufRpcEngine2$Server$ProtoBufRpcInvoker.call(ProtobufRpcEngine2.java:595)
	at org.apache.hadoop.ipc.ProtobufRpcEngine2$Server$ProtoBufRpcInvoker.call(ProtobufRpcEngine2.java:573)
	at org.apache.hadoop.ipc.RPC$Server.call(RPC.java:1227)
	at org.apache.hadoop.ipc.Server$RpcCall.run(Server.java:1246)
	at org.apache.hadoop.ipc.Server$RpcCall.run(Server.java:1169)
	at java.base/java.security.AccessController.doPrivileged(AccessController.java:714)
	at java.base/javax.security.auth.Subject.doAs(Subject.java:525)
	at org.apache.hadoop.security.UserGroupInformation.doAs(UserGroupInformation.java:1953)
	at org.apache.hadoop.ipc.Server$Handler.run(Server.java:3198)
, while invoking $Proxy68.submitRequest over nodeId=omNode-3,nodeAddress=127.0.0.1:15014 after 4 failover attempts. Trying to failover after sleeping for 2000ms. Current retry count: 4.
2025-04-23 14:38:30,555 [omNode-3@group-523986131536-FollowerState] INFO  impl.FollowerState (FollowerState.java:runImpl(161)) - omNode-3@group-523986131536-FollowerState: change to CANDIDATE, lastRpcElapsedTime:1197451831ns, electionTimeout:1197ms
2025-04-23 14:38:30,555 [omNode-3@group-523986131536-FollowerState] INFO  impl.RoleInfo (RoleInfo.java:shutdownFollowerState(121)) - omNode-3: shutdown omNode-3@group-523986131536-FollowerState
2025-04-23 14:38:30,555 [omNode-3@group-523986131536-FollowerState] INFO  server.RaftServer$Division (RaftServerImpl.java:setRole(378)) - omNode-3@group-523986131536: changes role from  FOLLOWER to CANDIDATE at term 10 for changeToCandidate
2025-04-23 14:38:30,555 [omNode-3@group-523986131536-FollowerState] INFO  server.RaftServerConfigKeys (ConfUtils.java:logGet(46)) - raft.server.leaderelection.pre-vote = true (default)
2025-04-23 14:38:30,555 [omNode-3@group-523986131536-FollowerState] INFO  impl.RoleInfo (RoleInfo.java:updateAndGet(148)) - omNode-3: start omNode-3@group-523986131536-LeaderElection25
2025-04-23 14:38:30,556 [omNode-3@group-523986131536-LeaderElection25] INFO  impl.LeaderElection (LeaderElection.java:askForVotes(332)) - omNode-3@group-523986131536-LeaderElection25 PRE_VOTE round 0: submit vote requests at term 10 for conf: {index: 105, cur=peers:[omNode-3|localhost:15017, omNode-1|localhost:15009, omNode-2|localhost:15013]|listeners:[], old=null}
2025-04-23 14:38:30,557 [omNode-3@group-523986131536-LeaderElection25] INFO  impl.LeaderElection (LogUtils.java:infoOrTrace(136)) - omNode-3@group-523986131536-LeaderElection25 got exception when requesting votes: java.util.concurrent.ExecutionException: org.apache.ratis.thirdparty.io.grpc.StatusRuntimeException: UNAVAILABLE: io exception
2025-04-23 14:38:30,561 [omNode-3@group-523986131536-LeaderElection25] INFO  impl.LeaderElection (LogUtils.java:infoOrTrace(136)) - omNode-3@group-523986131536-LeaderElection25 got exception when requesting votes: java.util.concurrent.ExecutionException: org.apache.ratis.thirdparty.io.grpc.StatusRuntimeException: UNAVAILABLE: io exception
2025-04-23 14:38:30,561 [omNode-3@group-523986131536-LeaderElection25] INFO  impl.LeaderElection (LeaderElection.java:logAndReturn(90)) - omNode-3@group-523986131536-LeaderElection25: PRE_VOTE REJECTED received 0 response(s) and 2 exception(s):
2025-04-23 14:38:30,561 [omNode-3@group-523986131536-LeaderElection25] INFO  impl.LeaderElection (LogUtils.java:infoOrTrace(136)) -   Exception 0: java.util.concurrent.ExecutionException: org.apache.ratis.thirdparty.io.grpc.StatusRuntimeException: UNAVAILABLE: io exception
2025-04-23 14:38:30,561 [omNode-3@group-523986131536-LeaderElection25] INFO  impl.LeaderElection (LogUtils.java:infoOrTrace(136)) -   Exception 1: java.util.concurrent.ExecutionException: org.apache.ratis.thirdparty.io.grpc.StatusRuntimeException: UNAVAILABLE: io exception
2025-04-23 14:38:30,561 [omNode-3@group-523986131536-LeaderElection25] INFO  impl.LeaderElection (LeaderElection.java:askForVotes(334)) - omNode-3@group-523986131536-LeaderElection25 PRE_VOTE round 0: result REJECTED
2025-04-23 14:38:30,561 [omNode-3@group-523986131536-LeaderElection25] INFO  server.RaftServer$Division (RaftServerImpl.java:setRole(378)) - omNode-3@group-523986131536: changes role from CANDIDATE to FOLLOWER at term 10 for REJECTED
2025-04-23 14:38:30,561 [omNode-3@group-523986131536-LeaderElection25] INFO  impl.RoleInfo (RoleInfo.java:shutdownLeaderElection(141)) - omNode-3: shutdown omNode-3@group-523986131536-LeaderElection25
2025-04-23 14:38:30,561 [omNode-3@group-523986131536-LeaderElection25] INFO  impl.RoleInfo (RoleInfo.java:updateAndGet(148)) - omNode-3: start omNode-3@group-523986131536-FollowerState
2025-04-23 14:38:31,642 [omNode-3@group-523986131536-FollowerState] INFO  impl.FollowerState (FollowerState.java:runImpl(161)) - omNode-3@group-523986131536-FollowerState: change to CANDIDATE, lastRpcElapsedTime:1080713008ns, electionTimeout:1079ms
2025-04-23 14:38:31,642 [omNode-3@group-523986131536-FollowerState] INFO  impl.RoleInfo (RoleInfo.java:shutdownFollowerState(121)) - omNode-3: shutdown omNode-3@group-523986131536-FollowerState
2025-04-23 14:38:31,642 [omNode-3@group-523986131536-FollowerState] INFO  server.RaftServer$Division (RaftServerImpl.java:setRole(378)) - omNode-3@group-523986131536: changes role from  FOLLOWER to CANDIDATE at term 10 for changeToCandidate
2025-04-23 14:38:31,642 [omNode-3@group-523986131536-FollowerState] INFO  server.RaftServerConfigKeys (ConfUtils.java:logGet(46)) - raft.server.leaderelection.pre-vote = true (default)
2025-04-23 14:38:31,642 [omNode-3@group-523986131536-FollowerState] INFO  impl.RoleInfo (RoleInfo.java:updateAndGet(148)) - omNode-3: start omNode-3@group-523986131536-LeaderElection26
2025-04-23 14:38:31,643 [omNode-3@group-523986131536-LeaderElection26] INFO  impl.LeaderElection (LeaderElection.java:askForVotes(332)) - omNode-3@group-523986131536-LeaderElection26 PRE_VOTE round 0: submit vote requests at term 10 for conf: {index: 105, cur=peers:[omNode-3|localhost:15017, omNode-1|localhost:15009, omNode-2|localhost:15013]|listeners:[], old=null}
2025-04-23 14:38:31,643 [omNode-3@group-523986131536-LeaderElection26] INFO  impl.LeaderElection (LogUtils.java:infoOrTrace(136)) - omNode-3@group-523986131536-LeaderElection26 got exception when requesting votes: java.util.concurrent.ExecutionException: org.apache.ratis.thirdparty.io.grpc.StatusRuntimeException: UNAVAILABLE: io exception
2025-04-23 14:38:31,643 [omNode-3@group-523986131536-LeaderElection26] INFO  impl.LeaderElection (LogUtils.java:infoOrTrace(136)) - omNode-3@group-523986131536-LeaderElection26 got exception when requesting votes: java.util.concurrent.ExecutionException: org.apache.ratis.thirdparty.io.grpc.StatusRuntimeException: UNAVAILABLE: io exception
2025-04-23 14:38:31,643 [omNode-3@group-523986131536-LeaderElection26] INFO  impl.LeaderElection (LeaderElection.java:logAndReturn(90)) - omNode-3@group-523986131536-LeaderElection26: PRE_VOTE REJECTED received 0 response(s) and 2 exception(s):
2025-04-23 14:38:31,643 [omNode-3@group-523986131536-LeaderElection26] INFO  impl.LeaderElection (LogUtils.java:infoOrTrace(136)) -   Exception 0: java.util.concurrent.ExecutionException: org.apache.ratis.thirdparty.io.grpc.StatusRuntimeException: UNAVAILABLE: io exception
2025-04-23 14:38:31,643 [omNode-3@group-523986131536-LeaderElection26] INFO  impl.LeaderElection (LogUtils.java:infoOrTrace(136)) -   Exception 1: java.util.concurrent.ExecutionException: org.apache.ratis.thirdparty.io.grpc.StatusRuntimeException: UNAVAILABLE: io exception
2025-04-23 14:38:31,643 [omNode-3@group-523986131536-LeaderElection26] INFO  impl.LeaderElection (LeaderElection.java:askForVotes(334)) - omNode-3@group-523986131536-LeaderElection26 PRE_VOTE round 0: result REJECTED
2025-04-23 14:38:31,643 [omNode-3@group-523986131536-LeaderElection26] INFO  server.RaftServer$Division (RaftServerImpl.java:setRole(378)) - omNode-3@group-523986131536: changes role from CANDIDATE to FOLLOWER at term 10 for REJECTED
2025-04-23 14:38:31,643 [omNode-3@group-523986131536-LeaderElection26] INFO  impl.RoleInfo (RoleInfo.java:shutdownLeaderElection(141)) - omNode-3: shutdown omNode-3@group-523986131536-LeaderElection26
2025-04-23 14:38:31,643 [omNode-3@group-523986131536-LeaderElection26] INFO  impl.RoleInfo (RoleInfo.java:updateAndGet(148)) - omNode-3: start omNode-3@group-523986131536-FollowerState
2025-04-23 14:38:31,791 [main] ERROR ha.OMFailoverProxyProviderBase (OMFailoverProxyProviderBase.java:getRetryAction(261)) - Failed to connect to OMs: [omNode-1, omNode-2, omNode-3]. Attempted 5 failovers.
2025-04-23 14:38:31,792 [main] INFO  om.OzoneManager (OzoneManager.java:stop(2347)) - omNode-3[localhost:15014]: Stopping Ozone Manager
2025-04-23 14:38:31,792 [main] INFO  ipc.Server (Server.java:stop(3697)) - Stopping server on 15014
2025-04-23 14:38:31,793 [IPC Server listener on 15014] INFO  ipc.Server (Server.java:run(1585)) - Stopping IPC Server listener on 15014
2025-04-23 14:38:31,794 [main] INFO  ratis.OzoneManagerRatisServer (OzoneManagerRatisServer.java:stop(634)) - Stopping org.apache.hadoop.ozone.om.ratis.OzoneManagerRatisServer@2d500712 at port 15017
2025-04-23 14:38:31,794 [main] INFO  server.RaftServer (RaftServerProxy.java:lambda$close$9(417)) - omNode-3: close
2025-04-23 14:38:31,793 [IPC Server Responder] INFO  ipc.Server (Server.java:run(1718)) - Stopping IPC Server Responder
2025-04-23 14:38:31,794 [main] INFO  server.GrpcService (GrpcService.java:closeImpl(343)) - omNode-3: shutdown server GrpcServerProtocolService now
2025-04-23 14:38:31,794 [omNode-3-impl-thread1] INFO  server.RaftServer$Division (RaftServerImpl.java:lambda$close$1(513)) - omNode-3@group-523986131536: shutdown
2025-04-23 14:38:31,794 [omNode-3-impl-thread1] INFO  util.JmxRegister (JmxRegister.java:unregister(74)) - Successfully un-registered JMX Bean with object name Ratis:service=RaftServer,group=group-523986131536,id=omNode-3
2025-04-23 14:38:31,794 [omNode-3-impl-thread1] INFO  impl.RoleInfo (RoleInfo.java:shutdownFollowerState(121)) - omNode-3: shutdown omNode-3@group-523986131536-FollowerState
2025-04-23 14:38:31,794 [omNode-3-impl-thread1] INFO  impl.StateMachineUpdater (StateMachineUpdater.java:stopAndJoin(164)) - omNode-3@group-523986131536-StateMachineUpdater: set stopIndex = 106
2025-04-23 14:38:31,795 [omNode-3@group-523986131536-FollowerState] INFO  impl.FollowerState (FollowerState.java:runImpl(170)) - omNode-3@group-523986131536-FollowerState was interrupted
2025-04-23 14:38:31,795 [Thread-3670] INFO  server.GrpcServerProtocolClient (GrpcServerProtocolClient.java:close(105)) - omNode-1 Close channels
2025-04-23 14:38:31,795 [Thread-3671] INFO  server.GrpcServerProtocolClient (GrpcServerProtocolClient.java:close(105)) - omNode-2 Close channels
2025-04-23 14:38:31,796 [main] INFO  server.GrpcService (GrpcService.java:closeImpl(352)) - omNode-3: shutdown server GrpcServerProtocolService successfully
2025-04-23 14:38:31,801 [omNode-3@group-523986131536-StateMachineUpdater] INFO  ratis.OzoneManagerStateMachine (OzoneManagerStateMachine.java:takeSnapshotImpl(510)) - omNode-3: taking snapshot. applied = (t:10, i:106), skipped = 104, notified = (t:10, i:106), current snapshot index = (t:10, i:106), took 6 ms
2025-04-23 14:38:31,801 [omNode-3@group-523986131536-StateMachineUpdater] INFO  impl.StateMachineUpdater (StateMachineUpdater.java:takeSnapshot(303)) - omNode-3@group-523986131536-StateMachineUpdater: Took a snapshot at index 106
2025-04-23 14:38:31,801 [omNode-3@group-523986131536-StateMachineUpdater] INFO  impl.StateMachineUpdater (StateMachineUpdater.java:lambda$new$0(102)) - omNode-3@group-523986131536-StateMachineUpdater: snapshotIndex: updateIncreasingly 104 -> 106
2025-04-23 14:38:31,801 [omNode-3@group-523986131536-StateMachineUpdater] INFO  impl.StateMachineUpdater (StateMachineUpdater.java:stop(141)) - omNode-3@group-523986131536-StateMachineUpdater: closing OzoneManagerStateMachine, lastApplied=(t:10, i:106)
2025-04-23 14:38:31,801 [omNode-3@group-523986131536-StateMachineUpdater] INFO  ratis.OzoneManagerStateMachine (OzoneManagerStateMachine.java:close(550)) - Stopping OzoneManagerStateMachine:omNode-3:group-523986131536.
2025-04-23 14:38:31,801 [omNode-3@group-523986131536-StateMachineUpdater] INFO  ratis.OzoneManagerDoubleBuffer (OzoneManagerDoubleBuffer.java:stopDaemon(500)) - Stopping OMDoubleBuffer flush thread
2025-04-23 14:38:31,801 [omNode-3-OMDoubleBufferFlushThread] INFO  ratis.OzoneManagerDoubleBuffer (OzoneManagerDoubleBuffer.java:canFlush(559)) - OMDoubleBuffer flush thread omNode-3-OMDoubleBufferFlushThread is interrupted and will exit.
2025-04-23 14:38:31,801 [omNode-3@group-523986131536-cacheEviction-AwaitToRun] INFO  util.AwaitToRun (AwaitToRun.java:run(49)) - omNode-3@group-523986131536-cacheEviction-AwaitToRun-AwaitForSignal is interrupted
2025-04-23 14:38:32,729 [omNode-3-impl-thread1] INFO  segmented.SegmentedRaftLogWorker (SegmentedRaftLogWorker.java:close(252)) - omNode-3@group-523986131536-SegmentedRaftLogWorker close()
2025-04-23 14:38:32,729 [JvmPauseMonitor23] INFO  util.JvmPauseMonitor (JvmPauseMonitor.java:run(152)) - JvmPauseMonitor-omNode-3: Stopped
2025-04-23 14:38:32,729 [main] INFO  utils.BackgroundService (BackgroundService.java:shutdown(161)) - Shutting down service KeyDeletingService
2025-04-23 14:38:32,730 [main] INFO  utils.BackgroundService (BackgroundService.java:shutdown(161)) - Shutting down service DirectoryDeletingService
2025-04-23 14:38:32,730 [main] INFO  utils.BackgroundService (BackgroundService.java:shutdown(161)) - Shutting down service OpenKeyCleanupService
2025-04-23 14:38:32,731 [main] INFO  utils.BackgroundService (BackgroundService.java:shutdown(161)) - Shutting down service SstFilteringService
2025-04-23 14:38:32,731 [main] INFO  utils.BackgroundService (BackgroundService.java:shutdown(161)) - Shutting down service SnapshotDeletingService
2025-04-23 14:38:32,731 [main] INFO  utils.BackgroundService (BackgroundService.java:shutdown(161)) - Shutting down service MultipartUploadCleanupService
2025-04-23 14:38:32,732 [main] INFO  handler.ContextHandler (ContextHandler.java:doStop(1159)) - Stopped o.e.j.w.WebAppContext@346fafb4{ozoneManager,/,null,STOPPED}{file:/home/runner/work/ozone/ozone/hadoop-ozone/integration-test/target/test-classes/webapps/ozoneManager}
2025-04-23 14:38:32,732 [main] INFO  server.AbstractConnector (AbstractConnector.java:doStop(383)) - Stopped ServerConnector@567283e8{HTTP/1.1, (http/1.1)}{0.0.0.0:15015}
2025-04-23 14:38:32,732 [main] INFO  server.session (HouseKeeper.java:stopScavenging(149)) - node0 Stopped scavenging
2025-04-23 14:38:32,732 [main] INFO  handler.ContextHandler (ContextHandler.java:doStop(1159)) - Stopped o.e.j.s.ServletContextHandler@3deeda13{static,/static,file:///home/runner/work/ozone/ozone/hadoop-ozone/integration-test/target/test-classes/webapps/static,STOPPED}
2025-04-23 14:38:32,732 [main] INFO  handler.ContextHandler (ContextHandler.java:doStop(1159)) - Stopped o.e.j.s.ServletContextHandler@75bf5a58{logs,/logs,file:///home/runner/work/ozone/ozone/hadoop-ozone/integration-test/target/log,STOPPED}
2025-04-23 14:38:32,733 [main] INFO  rocksdiff.RocksDBCheckpointDiffer (RocksDBCheckpointDiffer.java:close(304)) - Shutting down CompactionDagPruningService.
2025-04-23 14:38:32,735 [main] INFO  snapshot.SnapshotDiffManager (SnapshotDiffManager.java:closeExecutorService(1698)) - Shutting down executorService: 'SnapDiffExecutor'
2025-04-23 14:38:32,735 [main] INFO  utils.BackgroundService (BackgroundService.java:shutdown(161)) - Shutting down service SnapshotDiffCleanupService
2025-04-23 14:38:32,735 [main] INFO  om.OzoneManager (OzoneManager.java:stop(2347)) - omNode-1[localhost:15006]: Stopping Ozone Manager
2025-04-23 14:38:32,735 [main] INFO  om.OzoneManager (OzoneManager.java:stop(2347)) - omNode-2[localhost:15010]: Stopping Ozone Manager
2025-04-23 14:38:32,736 [main] INFO  om.OzoneManager (OzoneManager.java:restart(1878)) - OzoneManager RPC server is listening at localhost/127.0.0.1:15014
2025-04-23 14:38:32,736 [main] INFO  impl.MetricsSystemImpl (MetricsSystemImpl.java:init(158)) - OzoneManager metrics system started (again)
2025-04-23 14:38:32,746 [main] WARN  server.ServerUtils (ServerUtils.java:getDBPath(297)) - ozone.om.db.dirs is not configured. We recommend adding this setting. Falling back to ozone.metadata.dirs instead.
2025-04-23 14:38:32,791 [main] INFO  om.OzoneManager (OzoneManager.java:instantiateServices(933)) - S3 Multi-Tenancy is disabled
2025-04-23 14:38:32,791 [main] INFO  om.OmSnapshotManager (OmSnapshotManager.java:<init>(180)) - Ozone filesystem snapshot feature is enabled.
2025-04-23 14:38:32,791 [main] WARN  server.ServerUtils (ServerUtils.java:getDBPath(297)) - ozone.om.snapshot.diff.db.dir is not configured. We recommend adding this setting. Falling back to ozone.metadata.dirs instead.
2025-04-23 14:38:32,806 [main] WARN  server.ServerUtils (ServerUtils.java:getDefaultRatisDirectory(309)) - Storage directory for Ratis is not configured. It is a good idea to map this to an SSD disk. Falling back to ozone.metadata.dirs
2025-04-23 14:38:32,807 [main] INFO  server.RaftServerConfigKeys (ConfUtils.java:logGet(46)) - raft.server.log.appender.buffer.byte-limit = 4194304 (custom)
2025-04-23 14:38:32,807 [main] INFO  ratis.OzoneManagerRatisServer (OzoneManagerRatisServer.java:<init>(167)) - Instantiating OM Ratis server with groupID: om-service-test1 and peers: localhost:15017, localhost:15009, localhost:15013
2025-04-23 14:38:32,808 [main] INFO  ratis.OzoneManagerStateMachine (OzoneManagerStateMachine.java:loadSnapshotInfoFromDB(611)) - LastAppliedIndex is set from TransactionInfo from OM DB as (t:10, i:106)
2025-04-23 14:38:32,808 [main] INFO  server.RaftServer (ConfUtils.java:logGet(46)) - raft.rpc.type = GRPC (default)
2025-04-23 14:38:32,808 [main] INFO  grpc.GrpcConfigKeys (ConfUtils.java:logFallback(53)) - raft.grpc.admin.host = null (fallback to raft.grpc.server.host)
2025-04-23 14:38:32,809 [main] INFO  grpc.GrpcConfigKeys (ConfUtils.java:logFallback(53)) - raft.grpc.admin.port = 15017 (fallback to raft.grpc.server.port)
2025-04-23 14:38:32,809 [main] INFO  grpc.GrpcConfigKeys (ConfUtils.java:logFallback(53)) - raft.grpc.client.host = null (fallback to raft.grpc.server.host)
2025-04-23 14:38:32,809 [main] INFO  grpc.GrpcConfigKeys (ConfUtils.java:logFallback(53)) - raft.grpc.client.port = 15017 (fallback to raft.grpc.server.port)
2025-04-23 14:38:32,809 [main] INFO  grpc.GrpcConfigKeys (ConfUtils.java:logGet(46)) - raft.grpc.server.host = null (default)
2025-04-23 14:38:32,809 [main] INFO  grpc.GrpcConfigKeys (ConfUtils.java:logGet(46)) - raft.grpc.server.port = 15017 (custom)
2025-04-23 14:38:32,809 [main] INFO  server.GrpcService (ConfUtils.java:logGet(46)) - raft.grpc.message.size.max = 5242880 (custom)
2025-04-23 14:38:32,809 [main] INFO  server.GrpcService (ConfUtils.java:logGet(46)) - raft.grpc.flow.control.window = 1MB (=1048576) (default)
2025-04-23 14:38:32,809 [main] INFO  server.RaftServerConfigKeys (ConfUtils.java:logGet(46)) - raft.server.rpc.request.timeout = 3000ms (default)
2025-04-23 14:38:32,809 [main] INFO  grpc.GrpcConfigKeys (ConfUtils.java:logGet(46)) - raft.grpc.server.heartbeat.channel = true (default)
2025-04-23 14:38:32,809 [main] INFO  server.RaftServerConfigKeys (ConfUtils.java:logGet(46)) - raft.server.log.appender.buffer.byte-limit = 4194304 (custom)
2025-04-23 14:38:32,809 [main] INFO  grpc.GrpcConfigKeys (ConfUtils.java:logGet(46)) - raft.grpc.server.async.request.thread.pool.cached = true (default)
2025-04-23 14:38:32,809 [main] INFO  grpc.GrpcConfigKeys (ConfUtils.java:logGet(46)) - raft.grpc.server.async.request.thread.pool.size = 32 (default)
2025-04-23 14:38:32,810 [main] INFO  impl.DataStreamServerImpl (ConfUtils.java:logGet(46)) - raft.datastream.type = DISABLED (default)
2025-04-23 14:38:32,810 [main] INFO  server.RaftServerConfigKeys (ConfUtils.java:logGet(46)) - raft.server.sleep.deviation.threshold = 300ms (default)
2025-04-23 14:38:32,810 [main] INFO  server.RaftServerConfigKeys (ConfUtils.java:logGet(46)) - raft.server.close.threshold = 60s (default)
2025-04-23 14:38:32,810 [main] INFO  server.RaftServerConfigKeys (ConfUtils.java:logGet(46)) - raft.server.leaderelection.leader.step-down.wait-time = 10s (default)
2025-04-23 14:38:32,810 [main] INFO  server.RaftServerConfigKeys (ConfUtils.java:logGet(46)) - raft.server.storage.dir = [/home/runner/work/ozone/ozone/hadoop-ozone/integration-test/target/test-dir/MiniOzoneClusterImpl-68853c07-42d2-4ef8-9e75-e3a852294e6a/omNode-3/ratis] (custom)
2025-04-23 14:38:32,810 [main] INFO  server.RaftServerConfigKeys (ConfUtils.java:logGet(46)) - raft.server.threadpool.proxy.cached = true (default)
2025-04-23 14:38:32,810 [main] INFO  server.RaftServerConfigKeys (ConfUtils.java:logGet(46)) - raft.server.threadpool.proxy.size = 0 (default)
2025-04-23 14:38:32,811 [omNode-3-impl-thread1] INFO  server.RaftServer (RaftServerProxy.java:initGroupDir(265)) - omNode-3: found a subdirectory /home/runner/work/ozone/ozone/hadoop-ozone/integration-test/target/test-dir/MiniOzoneClusterImpl-68853c07-42d2-4ef8-9e75-e3a852294e6a/omNode-3/ratis/c9bc4cf4-3bc3-3c60-a66b-523986131536
2025-04-23 14:38:32,811 [main] INFO  server.RaftServer (RaftServerProxy.java:addNew(100)) - omNode-3: addNew group-523986131536:[omNode-3|localhost:15017, omNode-1|localhost:15009, omNode-2|localhost:15013] returns group-523986131536:java.util.concurrent.CompletableFuture@70a92525[Not completed]
2025-04-23 14:38:32,811 [main] INFO  om.OzoneManager (OzoneManager.java:initializeRatisServer(2303)) - OzoneManager Ratis server initialized at port 15017
2025-04-23 14:38:32,811 [main] INFO  ratis.OzoneManagerRatisServer (OzoneManagerRatisServer.java:start(628)) - Starting OzoneManagerRatisServer omNode-3 at port 15017
2025-04-23 14:38:32,811 [omNode-3-groupManagement] INFO  server.RaftServer$Division (RaftServerImpl.java:<init>(255)) - omNode-3: new RaftServerImpl for group-523986131536:[omNode-3|localhost:15017, omNode-1|localhost:15009, omNode-2|localhost:15013] with OzoneManagerStateMachine:uninitialized
2025-04-23 14:38:32,811 [omNode-3-groupManagement] INFO  server.RaftServerConfigKeys (ConfUtils.java:logGet(46)) - raft.server.rpc.timeout.min = 1s (custom)
2025-04-23 14:38:32,811 [omNode-3-groupManagement] INFO  server.RaftServerConfigKeys (ConfUtils.java:logGet(46)) - raft.server.rpc.timeout.max = 1200ms (custom)
2025-04-23 14:38:32,811 [omNode-3-groupManagement] INFO  server.RaftServerConfigKeys (ConfUtils.java:logGet(46)) - raft.server.rpc.sleep.time = 25ms (default)
2025-04-23 14:38:32,811 [omNode-3-groupManagement] INFO  server.RaftServerConfigKeys (ConfUtils.java:logGet(46)) - raft.server.rpc.slowness.timeout = 2s (custom)
2025-04-23 14:38:32,811 [omNode-3-groupManagement] INFO  server.RaftServerConfigKeys (ConfUtils.java:logGet(46)) - raft.server.leaderelection.leader.step-down.wait-time = 10s (default)
2025-04-23 14:38:32,811 [omNode-3-groupManagement] INFO  server.RaftServerConfigKeys (ConfUtils.java:logGet(46)) - raft.server.leaderelection.member.majority-add = false (default)
2025-04-23 14:38:32,811 [omNode-3-groupManagement] INFO  server.RaftServerConfigKeys (ConfUtils.java:logGet(46)) - raft.server.sleep.deviation.threshold = 300ms (default)
2025-04-23 14:38:32,812 [omNode-3-groupManagement] INFO  server.RaftServer$Division (ServerState.java:<init>(114)) - omNode-3@group-523986131536: ConfigurationManager, init=conf: {index: -1, cur=peers:[omNode-3|localhost:15017, omNode-1|localhost:15009, omNode-2|localhost:15013]|listeners:[], old=null}, confs=<EMPTY_MAP>
2025-04-23 14:38:32,812 [omNode-3-groupManagement] INFO  server.RaftServerConfigKeys (ConfUtils.java:logGet(46)) - raft.server.notification.no-leader.timeout = 2s (custom)
2025-04-23 14:38:32,812 [omNode-3-groupManagement] INFO  server.RaftServerConfigKeys (ConfUtils.java:logGet(46)) - raft.server.read.timeout = 10s (default)
2025-04-23 14:38:32,812 [omNode-3-groupManagement] INFO  server.RaftServerConfigKeys (ConfUtils.java:logGet(46)) - raft.server.retrycache.expirytime = 30000ms (custom)
2025-04-23 14:38:32,812 [omNode-3-groupManagement] INFO  server.RaftServerConfigKeys (ConfUtils.java:logGet(46)) - raft.server.retrycache.statistics.expirytime = 100ms (default)
2025-04-23 14:38:32,812 [omNode-3-groupManagement] INFO  server.RaftServerConfigKeys (ConfUtils.java:logGet(46)) - raft.server.read.option = DEFAULT (default)
2025-04-23 14:38:32,812 [omNode-3-groupManagement] INFO  server.RaftServerConfigKeys (ConfUtils.java:logGet(46)) - raft.server.read.read-after-write-consistent.write-index-cache.expiry-time = 60s (default)
2025-04-23 14:38:32,813 [omNode-3-groupManagement] INFO  server.RaftServerConfigKeys (ConfUtils.java:logGet(46)) - raft.server.rpc.request.timeout = 3000ms (default)
2025-04-23 14:38:32,813 [omNode-3-groupManagement] INFO  server.RaftServerConfigKeys (ConfUtils.java:logGet(46)) - raft.server.log.appender.install.snapshot.enabled = false (custom)
2025-04-23 14:38:32,813 [omNode-3-groupManagement] INFO  server.RaftServerConfigKeys (ConfUtils.java:logGet(46)) - raft.server.threadpool.server.cached = true (default)
2025-04-23 14:38:32,813 [omNode-3-groupManagement] INFO  server.RaftServerConfigKeys (ConfUtils.java:logGet(46)) - raft.server.threadpool.server.size = 0 (default)
2025-04-23 14:38:32,813 [omNode-3-groupManagement] INFO  server.RaftServerConfigKeys (ConfUtils.java:logGet(46)) - raft.server.threadpool.client.cached = true (default)
2025-04-23 14:38:32,813 [omNode-3-groupManagement] INFO  server.RaftServerConfigKeys (ConfUtils.java:logGet(46)) - raft.server.threadpool.client.size = 0 (default)
2025-04-23 14:38:32,813 [omNode-3-impl-thread1] INFO  server.RaftServerConfigKeys (ConfUtils.java:logGet(46)) - raft.server.storage.free-space.min = 0MB (=0) (default)
2025-04-23 14:38:32,813 [omNode-3-impl-thread1] INFO  server.RaftServerConfigKeys (ConfUtils.java:logGet(46)) - raft.server.log.corruption.policy = EXCEPTION (default)
2025-04-23 14:38:32,814 [omNode-3-impl-thread1] INFO  server.RaftServerConfigKeys (ConfUtils.java:logGet(46)) - raft.server.storage.dir = [/home/runner/work/ozone/ozone/hadoop-ozone/integration-test/target/test-dir/MiniOzoneClusterImpl-68853c07-42d2-4ef8-9e75-e3a852294e6a/omNode-3/ratis] (custom)
2025-04-23 14:38:32,814 [omNode-3-impl-thread1] INFO  storage.RaftStorageDirectory (RaftStorageDirectoryImpl.java:tryLock(229)) - Lock on /home/runner/work/ozone/ozone/hadoop-ozone/integration-test/target/test-dir/MiniOzoneClusterImpl-68853c07-42d2-4ef8-9e75-e3a852294e6a/omNode-3/ratis/c9bc4cf4-3bc3-3c60-a66b-523986131536/in_use.lock acquired by nodename 129558@fv-az1120-822
2025-04-23 14:38:32,815 [omNode-3-impl-thread1] INFO  storage.RaftStorage (RaftStorageImpl.java:analyzeAndRecoverStorage(118)) - Read RaftStorageMetadata{term=10, votedFor=omNode-3} from /home/runner/work/ozone/ozone/hadoop-ozone/integration-test/target/test-dir/MiniOzoneClusterImpl-68853c07-42d2-4ef8-9e75-e3a852294e6a/omNode-3/ratis/c9bc4cf4-3bc3-3c60-a66b-523986131536/current/raft-meta
2025-04-23 14:38:32,815 [omNode-3-impl-thread1] INFO  server.RaftServer$Division (ServerState.java:setRaftConf(386)) - omNode-3@group-523986131536: set configuration conf: {index: 105, cur=peers:[omNode-3|localhost:15017, omNode-1|localhost:15009, omNode-2|localhost:15013]|listeners:[], old=null}
2025-04-23 14:38:32,815 [omNode-3-impl-thread1] INFO  ratis.OzoneManagerStateMachine (OzoneManagerStateMachine.java:lambda$0(138)) - omNode-3: initialize group-523986131536 with (t:10, i:106)
2025-04-23 14:38:32,815 [omNode-3-impl-thread1] INFO  server.RaftServerConfigKeys (ConfUtils.java:logGet(46)) - raft.server.log.use.memory = false (default)
2025-04-23 14:38:32,815 [omNode-3-impl-thread1] INFO  server.RaftServerConfigKeys (ConfUtils.java:logGet(46)) - raft.server.log.purge.gap = 50 (custom)
2025-04-23 14:38:32,815 [omNode-3-impl-thread1] INFO  server.RaftServerConfigKeys (ConfUtils.java:logGet(46)) - raft.server.log.appender.buffer.byte-limit = 4194304 (custom)
2025-04-23 14:38:32,815 [omNode-3-impl-thread1] INFO  server.RaftServerConfigKeys (ConfUtils.java:logGet(46)) - raft.server.log.statemachine.data.read.timeout = 1000ms (default)
2025-04-23 14:38:32,815 [omNode-3-impl-thread1] INFO  server.RaftServerConfigKeys (ConfUtils.java:logGet(46)) - raft.server.log.purge.preservation.log.num = 0 (default)
2025-04-23 14:38:32,816 [omNode-3-impl-thread1] INFO  server.RaftServerConfigKeys (ConfUtils.java:logGet(46)) - raft.server.log.segment.size.max = 4194304 (custom)
2025-04-23 14:38:32,816 [omNode-3-impl-thread1] INFO  server.RaftServerConfigKeys (ConfUtils.java:logGet(46)) - raft.server.log.segment.cache.num.max = 2 (custom)
2025-04-23 14:38:32,816 [omNode-3-impl-thread1] INFO  server.RaftServerConfigKeys (ConfUtils.java:logGet(46)) - raft.server.log.segment.cache.size.max = 200MB (=209715200) (default)
2025-04-23 14:38:32,816 [omNode-3-impl-thread1] INFO  server.RaftServerConfigKeys (ConfUtils.java:logGet(46)) - raft.server.log.appender.buffer.byte-limit = 4194304 (custom)
2025-04-23 14:38:32,816 [omNode-3-impl-thread1] INFO  util.AwaitToRun (AwaitToRun.java:start(81)) - Thread[#4410,omNode-3@group-523986131536-cacheEviction-AwaitToRun,5,main] started
2025-04-23 14:38:32,817 [omNode-3-impl-thread1] INFO  segmented.SegmentedRaftLogWorker (SegmentedRaftLogWorker.java:<init>(188)) - new omNode-3@group-523986131536-SegmentedRaftLogWorker for RaftStorageImpl:Storage Directory /home/runner/work/ozone/ozone/hadoop-ozone/integration-test/target/test-dir/MiniOzoneClusterImpl-68853c07-42d2-4ef8-9e75-e3a852294e6a/omNode-3/ratis/c9bc4cf4-3bc3-3c60-a66b-523986131536
2025-04-23 14:38:32,817 [omNode-3-impl-thread1] INFO  server.RaftServerConfigKeys (ConfUtils.java:logGet(46)) - raft.server.log.queue.byte-limit = 64MB (=67108864) (default)
2025-04-23 14:38:32,817 [omNode-3-impl-thread1] INFO  server.RaftServerConfigKeys (ConfUtils.java:logGet(46)) - raft.server.log.queue.element-limit = 4096 (default)
2025-04-23 14:38:32,817 [omNode-3-impl-thread1] INFO  server.RaftServerConfigKeys (ConfUtils.java:logGet(46)) - raft.server.log.segment.size.max = 4194304 (custom)
2025-04-23 14:38:32,817 [omNode-3-impl-thread1] INFO  server.RaftServerConfigKeys (ConfUtils.java:logGet(46)) - raft.server.log.preallocated.size = 4194304 (custom)
2025-04-23 14:38:32,817 [omNode-3-impl-thread1] INFO  server.RaftServerConfigKeys (ConfUtils.java:logGet(46)) - raft.server.log.force.sync.num = 128 (default)
2025-04-23 14:38:32,817 [omNode-3-impl-thread1] INFO  server.RaftServerConfigKeys (ConfUtils.java:logGet(46)) - raft.server.log.statemachine.data.sync = true (default)
2025-04-23 14:38:32,817 [omNode-3-impl-thread1] INFO  server.RaftServerConfigKeys (ConfUtils.java:logGet(46)) - raft.server.log.statemachine.data.sync.timeout = 10s (default)
2025-04-23 14:38:32,817 [omNode-3-impl-thread1] INFO  server.RaftServerConfigKeys (ConfUtils.java:logGet(46)) - raft.server.log.statemachine.data.sync.timeout.retry = -1 (default)
2025-04-23 14:38:32,817 [omNode-3-impl-thread1] INFO  server.RaftServerConfigKeys (ConfUtils.java:logGet(46)) - raft.server.log.write.buffer.size = 4194312 (custom)
2025-04-23 14:38:32,817 [omNode-3-impl-thread1] INFO  server.RaftServerConfigKeys (ConfUtils.java:logGet(46)) - raft.server.log.appender.buffer.byte-limit = 4194304 (custom)
2025-04-23 14:38:32,817 [omNode-3-impl-thread1] INFO  server.RaftServerConfigKeys (ConfUtils.java:logGet(46)) - raft.server.log.unsafe-flush.enabled = false (default)
2025-04-23 14:38:32,817 [omNode-3-impl-thread1] INFO  server.RaftServerConfigKeys (ConfUtils.java:logGet(46)) - raft.server.log.async-flush.enabled = false (default)
2025-04-23 14:38:32,817 [omNode-3-impl-thread1] INFO  server.RaftServerConfigKeys (ConfUtils.java:logGet(46)) - raft.server.log.statemachine.data.caching.enabled = false (default)
2025-04-23 14:38:32,818 [omNode-3-impl-thread1] INFO  server.RaftServer$Division (ServerState.java:setRaftConf(386)) - omNode-3@group-523986131536: set configuration conf: {index: 103, cur=peers:[omNode-3|localhost:15017, omNode-1|localhost:15009, omNode-2|localhost:15013]|listeners:[], old=null}
2025-04-23 14:38:32,818 [omNode-3-impl-thread1] INFO  segmented.LogSegment (LogSegment.java:loadSegment(171)) - Successfully read 2 entries from segment file /home/runner/work/ozone/ozone/hadoop-ozone/integration-test/target/test-dir/MiniOzoneClusterImpl-68853c07-42d2-4ef8-9e75-e3a852294e6a/omNode-3/ratis/c9bc4cf4-3bc3-3c60-a66b-523986131536/current/log_103-104
2025-04-23 14:38:32,818 [omNode-3-impl-thread1] INFO  server.RaftServer$Division (ServerState.java:setRaftConf(386)) - omNode-3@group-523986131536: set configuration conf: {index: 105, cur=peers:[omNode-3|localhost:15017, omNode-1|localhost:15009, omNode-2|localhost:15013]|listeners:[], old=null}
2025-04-23 14:38:32,818 [omNode-3-impl-thread1] INFO  segmented.LogSegment (LogSegment.java:loadSegment(171)) - Successfully read 2 entries from segment file /home/runner/work/ozone/ozone/hadoop-ozone/integration-test/target/test-dir/MiniOzoneClusterImpl-68853c07-42d2-4ef8-9e75-e3a852294e6a/omNode-3/ratis/c9bc4cf4-3bc3-3c60-a66b-523986131536/current/log_inprogress_105
2025-04-23 14:38:32,818 [omNode-3-impl-thread1] INFO  segmented.SegmentedRaftLogWorker (SegmentedRaftLogWorker.java:lambda$new$0(139)) - omNode-3@group-523986131536-SegmentedRaftLogWorker: flushIndex: setUnconditionally 0 -> 106
2025-04-23 14:38:32,818 [omNode-3-impl-thread1] INFO  segmented.SegmentedRaftLogWorker (SegmentedRaftLogWorker.java:lambda$new$0(139)) - omNode-3@group-523986131536-SegmentedRaftLogWorker: safeCacheEvictIndex: setUnconditionally 0 -> 104
2025-04-23 14:38:32,818 [omNode-3-impl-thread1] INFO  segmented.BufferedWriteChannel (BufferedWriteChannel.java:open(61)) - open log_inprogress_105 (append) at position 125
2025-04-23 14:38:32,819 [omNode-3-impl-thread1] INFO  raftlog.RaftLog (RaftLogBase.java:lambda$new$0(54)) - omNode-3@group-523986131536-SegmentedRaftLog: purgeIndex: updateToMax old=-1, new=102, updated? true
2025-04-23 14:38:32,819 [omNode-3-impl-thread1] INFO  server.RaftServer$Division (RaftServerImpl.java:start(391)) - omNode-3@group-523986131536: start as a follower, conf=conf: {index: 105, cur=peers:[omNode-3|localhost:15017, omNode-1|localhost:15009, omNode-2|localhost:15013]|listeners:[], old=null}
2025-04-23 14:38:32,819 [omNode-3-impl-thread1] INFO  server.RaftServer$Division (RaftServerImpl.java:setRole(378)) - omNode-3@group-523986131536: changes role from      null to FOLLOWER at term 10 for startAsFollower
2025-04-23 14:38:32,819 [omNode-3-impl-thread1] INFO  impl.RoleInfo (RoleInfo.java:updateAndGet(148)) - omNode-3: start omNode-3@group-523986131536-FollowerState
2025-04-23 14:38:32,819 [omNode-3-impl-thread1] INFO  util.JmxRegister (JmxRegister.java:tryRegister(44)) - Successfully registered JMX Bean with object name Ratis:service=RaftServer,group=group-523986131536,id=omNode-3
2025-04-23 14:38:32,819 [omNode-3-impl-thread1] INFO  util.JmxRegister (JmxRegister.java:register(58)) - register mxBean class org.apache.ratis.server.impl.RaftServerJmxAdapter as Ratis:service=RaftServer,group=group-523986131536,id=omNode-3
2025-04-23 14:38:32,819 [omNode-3-impl-thread1] INFO  server.RaftServerConfigKeys (ConfUtils.java:logGet(46)) - raft.server.snapshot.trigger-when-stop.enabled = true (default)
2025-04-23 14:38:32,819 [omNode-3-impl-thread1] INFO  server.RaftServerConfigKeys (ConfUtils.java:logGet(46)) - raft.server.snapshot.trigger-when-remove.enabled = true (default)
2025-04-23 14:38:32,819 [omNode-3-impl-thread1] INFO  server.RaftServerConfigKeys (ConfUtils.java:logGet(46)) - raft.server.snapshot.auto.trigger.enabled = true (custom)
2025-04-23 14:38:32,819 [omNode-3-impl-thread1] INFO  server.RaftServerConfigKeys (ConfUtils.java:logGet(46)) - raft.server.snapshot.auto.trigger.threshold = 50 (custom)
2025-04-23 14:38:32,820 [omNode-3-impl-thread1] INFO  server.RaftServerConfigKeys (ConfUtils.java:logGet(46)) - raft.server.snapshot.retention.file.num = -1 (default)
2025-04-23 14:38:32,820 [omNode-3-impl-thread1] INFO  server.RaftServerConfigKeys (ConfUtils.java:logGet(46)) - raft.server.log.purge.upto.snapshot.index = true (custom)
2025-04-23 14:38:32,819 [omNode-3@group-523986131536-FollowerState] INFO  server.RaftServerConfigKeys (ConfUtils.java:logFallback(53)) - raft.server.rpc.first-election.timeout.min = 1s (fallback to raft.server.rpc.timeout.min)
2025-04-23 14:38:32,820 [omNode-3@group-523986131536-FollowerState] INFO  server.RaftServerConfigKeys (ConfUtils.java:logFallback(53)) - raft.server.rpc.first-election.timeout.max = 1200ms (fallback to raft.server.rpc.timeout.max)
2025-04-23 14:38:32,820 [omNode-3-impl-thread1] INFO  server.RaftServer$Division (RaftServerImpl.java:start(405)) - omNode-3@group-523986131536: Successfully started.
2025-04-23 14:38:32,820 [main] INFO  server.RaftServer (RaftServerProxy.java:startImpl(407)) - omNode-3: start RPC server
2025-04-23 14:38:32,821 [main] INFO  server.GrpcService (GrpcService.java:startImpl(334)) - omNode-3: GrpcService started, listening on 15017
2025-04-23 14:38:32,821 [JvmPauseMonitor26] INFO  util.JvmPauseMonitor (JvmPauseMonitor.java:run(146)) - JvmPauseMonitor-omNode-3: Started
2025-04-23 14:38:32,821 [main] INFO  om.OzoneManager (OzoneManager.java:getRpcServer(1360)) - Creating RPC Server
2025-04-23 14:38:33,164 [main] INFO  reflections.Reflections (Reflections.java:scan(219)) - Reflections took 342 ms to scan 22 urls, producing 61 keys and 7422 values
2025-04-23 14:38:33,165 [main] INFO  ipc.CallQueueManager (CallQueueManager.java:<init>(93)) - Using callQueue: class java.util.concurrent.LinkedBlockingQueue, queueCapacity: 2000, scheduler: class org.apache.hadoop.ipc.DefaultRpcScheduler, ipcBackoff: false, ipcFailOver: false.
2025-04-23 14:38:33,165 [main] INFO  ipc.Server (Server.java:<init>(1438)) - Listener at localhost:15014
2025-04-23 14:38:33,166 [Socket Reader #1 for port 15014] INFO  ipc.Server (Server.java:run(1474)) - Starting Socket Reader #1 for port 15014
2025-04-23 14:38:33,166 [Socket Reader #2 for port 15014] INFO  ipc.Server (Server.java:run(1474)) - Starting Socket Reader #2 for port 15014
2025-04-23 14:38:33,166 [Socket Reader #3 for port 15014] INFO  ipc.Server (Server.java:run(1474)) - Starting Socket Reader #3 for port 15014
2025-04-23 14:38:33,166 [Socket Reader #4 for port 15014] INFO  ipc.Server (Server.java:run(1474)) - Starting Socket Reader #4 for port 15014
2025-04-23 14:38:33,166 [Socket Reader #5 for port 15014] INFO  ipc.Server (Server.java:run(1474)) - Starting Socket Reader #5 for port 15014
2025-04-23 14:38:33,167 [Socket Reader #6 for port 15014] INFO  ipc.Server (Server.java:run(1474)) - Starting Socket Reader #6 for port 15014
2025-04-23 14:38:33,167 [Socket Reader #7 for port 15014] INFO  ipc.Server (Server.java:run(1474)) - Starting Socket Reader #7 for port 15014
2025-04-23 14:38:33,167 [Socket Reader #8 for port 15014] INFO  ipc.Server (Server.java:run(1474)) - Starting Socket Reader #8 for port 15014
2025-04-23 14:38:33,167 [Socket Reader #9 for port 15014] INFO  ipc.Server (Server.java:run(1474)) - Starting Socket Reader #9 for port 15014
2025-04-23 14:38:33,167 [Socket Reader #10 for port 15014] INFO  ipc.Server (Server.java:run(1474)) - Starting Socket Reader #10 for port 15014
2025-04-23 14:38:33,169 [main] INFO  http.BaseHttpServer (BaseHttpServer.java:newHttpServer2BuilderForOzone(229)) - Starting Web-server for ozoneManager at: http://0.0.0.0:15015
2025-04-23 14:38:33,169 [main] INFO  http.BaseHttpServer (BaseHttpServer.java:<init>(107)) - Hadoop Security Enabled: false Ozone Security Enabled: false Ozone HTTP Security Enabled: false 
2025-04-23 14:38:33,170 [main] WARN  server.AuthenticationFilter (AuthenticationFilter.java:constructSecretProvider(240)) - Unable to initialize FileSignerSecretProvider, falling back to use random secrets. Reason: Could not read signature secret file: /home/runner/hadoop-http-auth-signature-secret
2025-04-23 14:38:33,172 [main] INFO  http.HttpServer2 (HttpServer2.java:addGlobalFilter(1041)) - Added global filter 'safety' (class=org.apache.hadoop.hdds.server.http.HttpServer2$QuotingInputFilter)
2025-04-23 14:38:33,173 [main] INFO  http.HttpServer2 (HttpServer2.java:addFilter(1017)) - Added filter static_user_filter (class=org.apache.hadoop.http.lib.StaticUserWebFilter$StaticUserFilter) to context ozoneManager
2025-04-23 14:38:33,173 [main] INFO  http.HttpServer2 (HttpServer2.java:addFilter(1025)) - Added filter static_user_filter (class=org.apache.hadoop.http.lib.StaticUserWebFilter$StaticUserFilter) to context static
2025-04-23 14:38:33,173 [main] INFO  http.HttpServer2 (HttpServer2.java:addFilter(1025)) - Added filter static_user_filter (class=org.apache.hadoop.http.lib.StaticUserWebFilter$StaticUserFilter) to context logs
2025-04-23 14:38:33,173 [main] INFO  http.BaseHttpServer (BaseHttpServer.java:<init>(195)) - HTTP server of ozoneManager uses base directory /home/runner/work/ozone/ozone/hadoop-ozone/integration-test/target/test-dir/MiniOzoneClusterImpl-68853c07-42d2-4ef8-9e75-e3a852294e6a/omNode-3/webserver
2025-04-23 14:38:33,173 [main] INFO  http.HttpServer2 (HttpServer2.java:bindListener(1241)) - Jetty bound to port 15015
2025-04-23 14:38:33,173 [main] INFO  server.Server (Server.java:doStart(375)) - jetty-9.4.57.v20241219; built: 2025-01-08T21:24:30.412Z; git: df524e6b29271c2e09ba9aea83c18dc9db464a31; jvm 21.0.7+6-LTS
2025-04-23 14:38:33,175 [main] INFO  server.session (DefaultSessionIdManager.java:doStart(334)) - DefaultSessionIdManager workerName=node0
2025-04-23 14:38:33,175 [main] INFO  server.session (DefaultSessionIdManager.java:doStart(339)) - No SessionScavenger set, using defaults
2025-04-23 14:38:33,175 [main] INFO  server.session (HouseKeeper.java:startScavenging(132)) - node0 Scavenging every 600000ms
2025-04-23 14:38:33,176 [main] INFO  handler.ContextHandler (ContextHandler.java:doStart(921)) - Started o.e.j.s.ServletContextHandler@30cfcb41{logs,/logs,file:///home/runner/work/ozone/ozone/hadoop-ozone/integration-test/target/log,AVAILABLE}
2025-04-23 14:38:33,176 [main] INFO  handler.ContextHandler (ContextHandler.java:doStart(921)) - Started o.e.j.s.ServletContextHandler@3513dfe6{static,/static,file:///home/runner/work/ozone/ozone/hadoop-ozone/integration-test/target/test-classes/webapps/static,AVAILABLE}
2025-04-23 14:38:33,180 [main] INFO  handler.ContextHandler (ContextHandler.java:doStart(921)) - Started o.e.j.w.WebAppContext@9c35c0{ozoneManager,/,file:///home/runner/work/ozone/ozone/hadoop-ozone/integration-test/target/test-classes/webapps/ozoneManager/,AVAILABLE}{file:/home/runner/work/ozone/ozone/hadoop-ozone/integration-test/target/test-classes/webapps/ozoneManager}
2025-04-23 14:38:33,180 [main] INFO  server.AbstractConnector (AbstractConnector.java:doStart(333)) - Started ServerConnector@5c36daaf{HTTP/1.1, (http/1.1)}{0.0.0.0:15015}
2025-04-23 14:38:33,180 [main] INFO  server.Server (Server.java:doStart(415)) - Started @113459ms
2025-04-23 14:38:33,180 [main] WARN  impl.MetricsSystemImpl (MetricsSystemImpl.java:register(279)) - Sink prometheus already exists!
2025-04-23 14:38:33,181 [main] INFO  http.BaseHttpServer (BaseHttpServer.java:updateConnectorAddress(360)) - HTTP server of ozoneManager listening at http://0.0.0.0:15015
2025-04-23 14:38:33,181 [IPC Server Responder] INFO  ipc.Server (Server.java:run(1713)) - IPC Server Responder: starting
2025-04-23 14:38:33,181 [IPC Server listener on 15014] INFO  ipc.Server (Server.java:run(1553)) - IPC Server listener on 15014: starting
2025-04-23 14:38:33,183 [main] INFO  om.OzoneManager (OzoneManager.java:startTrashEmptier(2257)) - Trash Interval set to 0. Files deleted won't move to trash
2025-04-23 14:38:33,183 [main] INFO  om.OzoneManager (OzoneManager.java:restart(1878)) - OzoneManager RPC server is listening at localhost/127.0.0.1:15006
2025-04-23 14:38:33,183 [main] INFO  impl.MetricsSystemImpl (MetricsSystemImpl.java:init(158)) - OzoneManager metrics system started (again)
2025-04-23 14:38:33,194 [main] WARN  server.ServerUtils (ServerUtils.java:getDBPath(297)) - ozone.om.db.dirs is not configured. We recommend adding this setting. Falling back to ozone.metadata.dirs instead.
2025-04-23 14:38:33,234 [main] INFO  om.OzoneManager (OzoneManager.java:instantiateServices(933)) - S3 Multi-Tenancy is disabled
2025-04-23 14:38:33,234 [main] INFO  om.OmSnapshotManager (OmSnapshotManager.java:<init>(180)) - Ozone filesystem snapshot feature is enabled.
2025-04-23 14:38:33,235 [main] WARN  server.ServerUtils (ServerUtils.java:getDBPath(297)) - ozone.om.snapshot.diff.db.dir is not configured. We recommend adding this setting. Falling back to ozone.metadata.dirs instead.
2025-04-23 14:38:33,248 [main] WARN  dropwizard3.Dm3MetricRegistriesImpl (Dm3MetricRegistriesImpl.java:addReporterRegistration(114)) - New reporters are added after registries were created. Some metrics will be missing from the reporter. Please add reporter before adding any new registry.
2025-04-23 14:38:33,248 [main] WARN  dropwizard3.Dm3MetricRegistriesImpl (Dm3MetricRegistriesImpl.java:addReporterRegistration(114)) - New reporters are added after registries were created. Some metrics will be missing from the reporter. Please add reporter before adding any new registry.
2025-04-23 14:38:33,248 [main] WARN  server.ServerUtils (ServerUtils.java:getDefaultRatisDirectory(309)) - Storage directory for Ratis is not configured. It is a good idea to map this to an SSD disk. Falling back to ozone.metadata.dirs
2025-04-23 14:38:33,248 [main] INFO  server.RaftServerConfigKeys (ConfUtils.java:logGet(46)) - raft.server.log.appender.buffer.byte-limit = 4194304 (custom)
2025-04-23 14:38:33,249 [main] INFO  ratis.OzoneManagerRatisServer (OzoneManagerRatisServer.java:<init>(167)) - Instantiating OM Ratis server with groupID: om-service-test1 and peers: localhost:15009, localhost:15017, localhost:15013
2025-04-23 14:38:33,250 [main] INFO  ratis.OzoneManagerStateMachine (OzoneManagerStateMachine.java:loadSnapshotInfoFromDB(611)) - LastAppliedIndex is set from TransactionInfo from OM DB as (t:8, i:102)
2025-04-23 14:38:33,250 [main] INFO  server.RaftServer (ConfUtils.java:logGet(46)) - raft.rpc.type = GRPC (default)
2025-04-23 14:38:33,250 [main] INFO  grpc.GrpcConfigKeys (ConfUtils.java:logFallback(53)) - raft.grpc.admin.host = null (fallback to raft.grpc.server.host)
2025-04-23 14:38:33,250 [main] INFO  grpc.GrpcConfigKeys (ConfUtils.java:logFallback(53)) - raft.grpc.admin.port = 15009 (fallback to raft.grpc.server.port)
2025-04-23 14:38:33,250 [main] INFO  grpc.GrpcConfigKeys (ConfUtils.java:logFallback(53)) - raft.grpc.client.host = null (fallback to raft.grpc.server.host)
2025-04-23 14:38:33,250 [main] INFO  grpc.GrpcConfigKeys (ConfUtils.java:logFallback(53)) - raft.grpc.client.port = 15009 (fallback to raft.grpc.server.port)
2025-04-23 14:38:33,251 [main] INFO  grpc.GrpcConfigKeys (ConfUtils.java:logGet(46)) - raft.grpc.server.host = null (default)
2025-04-23 14:38:33,251 [main] INFO  grpc.GrpcConfigKeys (ConfUtils.java:logGet(46)) - raft.grpc.server.port = 15009 (custom)
2025-04-23 14:38:33,251 [main] INFO  server.GrpcService (ConfUtils.java:logGet(46)) - raft.grpc.message.size.max = 5242880 (custom)
2025-04-23 14:38:33,251 [main] INFO  server.GrpcService (ConfUtils.java:logGet(46)) - raft.grpc.flow.control.window = 1MB (=1048576) (default)
2025-04-23 14:38:33,251 [main] INFO  server.RaftServerConfigKeys (ConfUtils.java:logGet(46)) - raft.server.rpc.request.timeout = 3000ms (default)
2025-04-23 14:38:33,251 [main] INFO  grpc.GrpcConfigKeys (ConfUtils.java:logGet(46)) - raft.grpc.server.heartbeat.channel = true (default)
2025-04-23 14:38:33,251 [main] INFO  server.RaftServerConfigKeys (ConfUtils.java:logGet(46)) - raft.server.log.appender.buffer.byte-limit = 4194304 (custom)
2025-04-23 14:38:33,251 [main] INFO  grpc.GrpcConfigKeys (ConfUtils.java:logGet(46)) - raft.grpc.server.async.request.thread.pool.cached = true (default)
2025-04-23 14:38:33,251 [main] INFO  grpc.GrpcConfigKeys (ConfUtils.java:logGet(46)) - raft.grpc.server.async.request.thread.pool.size = 32 (default)
2025-04-23 14:38:33,252 [main] INFO  impl.DataStreamServerImpl (ConfUtils.java:logGet(46)) - raft.datastream.type = DISABLED (default)
2025-04-23 14:38:33,252 [main] INFO  server.RaftServerConfigKeys (ConfUtils.java:logGet(46)) - raft.server.sleep.deviation.threshold = 300ms (default)
2025-04-23 14:38:33,252 [main] INFO  server.RaftServerConfigKeys (ConfUtils.java:logGet(46)) - raft.server.close.threshold = 60s (default)
2025-04-23 14:38:33,252 [main] INFO  server.RaftServerConfigKeys (ConfUtils.java:logGet(46)) - raft.server.leaderelection.leader.step-down.wait-time = 10s (default)
2025-04-23 14:38:33,253 [main] INFO  server.RaftServerConfigKeys (ConfUtils.java:logGet(46)) - raft.server.storage.dir = [/home/runner/work/ozone/ozone/hadoop-ozone/integration-test/target/test-dir/MiniOzoneClusterImpl-68853c07-42d2-4ef8-9e75-e3a852294e6a/omNode-1/ratis] (custom)
2025-04-23 14:38:33,253 [main] INFO  server.RaftServerConfigKeys (ConfUtils.java:logGet(46)) - raft.server.threadpool.proxy.cached = true (default)
2025-04-23 14:38:33,253 [main] INFO  server.RaftServerConfigKeys (ConfUtils.java:logGet(46)) - raft.server.threadpool.proxy.size = 0 (default)
2025-04-23 14:38:33,253 [omNode-1-impl-thread1] INFO  server.RaftServer (RaftServerProxy.java:initGroupDir(265)) - omNode-1: found a subdirectory /home/runner/work/ozone/ozone/hadoop-ozone/integration-test/target/test-dir/MiniOzoneClusterImpl-68853c07-42d2-4ef8-9e75-e3a852294e6a/omNode-1/ratis/c9bc4cf4-3bc3-3c60-a66b-523986131536
2025-04-23 14:38:33,254 [main] INFO  server.RaftServer (RaftServerProxy.java:addNew(100)) - omNode-1: addNew group-523986131536:[omNode-3|localhost:15017, omNode-1|localhost:15009, omNode-2|localhost:15013] returns group-523986131536:java.util.concurrent.CompletableFuture@3305e22f[Not completed]
2025-04-23 14:38:33,254 [omNode-1-groupManagement] INFO  server.RaftServer$Division (RaftServerImpl.java:<init>(255)) - omNode-1: new RaftServerImpl for group-523986131536:[omNode-3|localhost:15017, omNode-1|localhost:15009, omNode-2|localhost:15013] with OzoneManagerStateMachine:uninitialized
2025-04-23 14:38:33,254 [main] INFO  om.OzoneManager (OzoneManager.java:initializeRatisServer(2303)) - OzoneManager Ratis server initialized at port 15009
2025-04-23 14:38:33,254 [main] INFO  ratis.OzoneManagerRatisServer (OzoneManagerRatisServer.java:start(628)) - Starting OzoneManagerRatisServer omNode-1 at port 15009
2025-04-23 14:38:33,254 [omNode-1-groupManagement] INFO  server.RaftServerConfigKeys (ConfUtils.java:logGet(46)) - raft.server.rpc.timeout.min = 1s (custom)
2025-04-23 14:38:33,254 [omNode-1-groupManagement] INFO  server.RaftServerConfigKeys (ConfUtils.java:logGet(46)) - raft.server.rpc.timeout.max = 1200ms (custom)
2025-04-23 14:38:33,254 [omNode-1-groupManagement] INFO  server.RaftServerConfigKeys (ConfUtils.java:logGet(46)) - raft.server.rpc.sleep.time = 25ms (default)
2025-04-23 14:38:33,254 [omNode-1-groupManagement] INFO  server.RaftServerConfigKeys (ConfUtils.java:logGet(46)) - raft.server.rpc.slowness.timeout = 2s (custom)
2025-04-23 14:38:33,254 [omNode-1-groupManagement] INFO  server.RaftServerConfigKeys (ConfUtils.java:logGet(46)) - raft.server.leaderelection.leader.step-down.wait-time = 10s (default)
2025-04-23 14:38:33,254 [omNode-1-groupManagement] INFO  server.RaftServerConfigKeys (ConfUtils.java:logGet(46)) - raft.server.leaderelection.member.majority-add = false (default)
2025-04-23 14:38:33,254 [omNode-1-groupManagement] INFO  server.RaftServerConfigKeys (ConfUtils.java:logGet(46)) - raft.server.sleep.deviation.threshold = 300ms (default)
2025-04-23 14:38:33,254 [omNode-1-groupManagement] INFO  server.RaftServer$Division (ServerState.java:<init>(114)) - omNode-1@group-523986131536: ConfigurationManager, init=conf: {index: -1, cur=peers:[omNode-3|localhost:15017, omNode-1|localhost:15009, omNode-2|localhost:15013]|listeners:[], old=null}, confs=<EMPTY_MAP>
2025-04-23 14:38:33,254 [omNode-1-groupManagement] INFO  server.RaftServerConfigKeys (ConfUtils.java:logGet(46)) - raft.server.notification.no-leader.timeout = 2s (custom)
2025-04-23 14:38:33,254 [omNode-1-groupManagement] INFO  server.RaftServerConfigKeys (ConfUtils.java:logGet(46)) - raft.server.read.timeout = 10s (default)
2025-04-23 14:38:33,254 [omNode-1-groupManagement] INFO  server.RaftServerConfigKeys (ConfUtils.java:logGet(46)) - raft.server.retrycache.expirytime = 30000ms (custom)
2025-04-23 14:38:33,254 [omNode-1-groupManagement] INFO  server.RaftServerConfigKeys (ConfUtils.java:logGet(46)) - raft.server.retrycache.statistics.expirytime = 100ms (default)
2025-04-23 14:38:33,255 [omNode-1-groupManagement] INFO  server.RaftServerConfigKeys (ConfUtils.java:logGet(46)) - raft.server.read.option = DEFAULT (default)
2025-04-23 14:38:33,255 [omNode-1-groupManagement] INFO  server.RaftServerConfigKeys (ConfUtils.java:logGet(46)) - raft.server.read.read-after-write-consistent.write-index-cache.expiry-time = 60s (default)
2025-04-23 14:38:33,257 [omNode-1-groupManagement] INFO  server.RaftServerConfigKeys (ConfUtils.java:logGet(46)) - raft.server.rpc.request.timeout = 3000ms (default)
2025-04-23 14:38:33,257 [omNode-1-groupManagement] INFO  server.RaftServerConfigKeys (ConfUtils.java:logGet(46)) - raft.server.log.appender.install.snapshot.enabled = false (custom)
2025-04-23 14:38:33,257 [omNode-1-groupManagement] INFO  server.RaftServerConfigKeys (ConfUtils.java:logGet(46)) - raft.server.threadpool.server.cached = true (default)
2025-04-23 14:38:33,257 [omNode-1-groupManagement] INFO  server.RaftServerConfigKeys (ConfUtils.java:logGet(46)) - raft.server.threadpool.server.size = 0 (default)
2025-04-23 14:38:33,257 [omNode-1-groupManagement] INFO  server.RaftServerConfigKeys (ConfUtils.java:logGet(46)) - raft.server.threadpool.client.cached = true (default)
2025-04-23 14:38:33,257 [omNode-1-groupManagement] INFO  server.RaftServerConfigKeys (ConfUtils.java:logGet(46)) - raft.server.threadpool.client.size = 0 (default)
2025-04-23 14:38:33,257 [omNode-1-impl-thread1] INFO  server.RaftServerConfigKeys (ConfUtils.java:logGet(46)) - raft.server.storage.free-space.min = 0MB (=0) (default)
2025-04-23 14:38:33,257 [omNode-1-impl-thread1] INFO  server.RaftServerConfigKeys (ConfUtils.java:logGet(46)) - raft.server.log.corruption.policy = EXCEPTION (default)
2025-04-23 14:38:33,257 [omNode-1-impl-thread1] INFO  server.RaftServerConfigKeys (ConfUtils.java:logGet(46)) - raft.server.storage.dir = [/home/runner/work/ozone/ozone/hadoop-ozone/integration-test/target/test-dir/MiniOzoneClusterImpl-68853c07-42d2-4ef8-9e75-e3a852294e6a/omNode-1/ratis] (custom)
2025-04-23 14:38:33,259 [omNode-1-impl-thread1] INFO  storage.RaftStorageDirectory (RaftStorageDirectoryImpl.java:tryLock(229)) - Lock on /home/runner/work/ozone/ozone/hadoop-ozone/integration-test/target/test-dir/MiniOzoneClusterImpl-68853c07-42d2-4ef8-9e75-e3a852294e6a/omNode-1/ratis/c9bc4cf4-3bc3-3c60-a66b-523986131536/in_use.lock acquired by nodename 129558@fv-az1120-822
2025-04-23 14:38:33,259 [omNode-1-impl-thread1] INFO  storage.RaftStorage (RaftStorageImpl.java:analyzeAndRecoverStorage(118)) - Read RaftStorageMetadata{term=10, votedFor=omNode-3} from /home/runner/work/ozone/ozone/hadoop-ozone/integration-test/target/test-dir/MiniOzoneClusterImpl-68853c07-42d2-4ef8-9e75-e3a852294e6a/omNode-1/ratis/c9bc4cf4-3bc3-3c60-a66b-523986131536/current/raft-meta
2025-04-23 14:38:33,259 [omNode-1-impl-thread1] INFO  server.RaftServer$Division (ServerState.java:setRaftConf(386)) - omNode-1@group-523986131536: set configuration conf: {index: 105, cur=peers:[omNode-3|localhost:15017, omNode-1|localhost:15009, omNode-2|localhost:15013]|listeners:[], old=null}
2025-04-23 14:38:33,259 [omNode-1-impl-thread1] INFO  ratis.OzoneManagerStateMachine (OzoneManagerStateMachine.java:lambda$0(138)) - omNode-1: initialize group-523986131536 with (t:8, i:102)
2025-04-23 14:38:33,259 [omNode-1-impl-thread1] INFO  server.RaftServerConfigKeys (ConfUtils.java:logGet(46)) - raft.server.log.use.memory = false (default)
2025-04-23 14:38:33,259 [omNode-1-impl-thread1] INFO  server.RaftServerConfigKeys (ConfUtils.java:logGet(46)) - raft.server.log.purge.gap = 50 (custom)
2025-04-23 14:38:33,259 [omNode-1-impl-thread1] INFO  server.RaftServerConfigKeys (ConfUtils.java:logGet(46)) - raft.server.log.appender.buffer.byte-limit = 4194304 (custom)
2025-04-23 14:38:33,259 [omNode-1-impl-thread1] INFO  server.RaftServerConfigKeys (ConfUtils.java:logGet(46)) - raft.server.log.statemachine.data.read.timeout = 1000ms (default)
2025-04-23 14:38:33,260 [omNode-1-impl-thread1] INFO  server.RaftServerConfigKeys (ConfUtils.java:logGet(46)) - raft.server.log.purge.preservation.log.num = 0 (default)
2025-04-23 14:38:33,260 [omNode-1-impl-thread1] INFO  server.RaftServerConfigKeys (ConfUtils.java:logGet(46)) - raft.server.log.segment.size.max = 4194304 (custom)
2025-04-23 14:38:33,260 [omNode-1-impl-thread1] INFO  server.RaftServerConfigKeys (ConfUtils.java:logGet(46)) - raft.server.log.segment.cache.num.max = 2 (custom)
2025-04-23 14:38:33,260 [omNode-1-impl-thread1] INFO  server.RaftServerConfigKeys (ConfUtils.java:logGet(46)) - raft.server.log.segment.cache.size.max = 200MB (=209715200) (default)
2025-04-23 14:38:33,260 [omNode-1-impl-thread1] INFO  server.RaftServerConfigKeys (ConfUtils.java:logGet(46)) - raft.server.log.appender.buffer.byte-limit = 4194304 (custom)
2025-04-23 14:38:33,260 [omNode-1-impl-thread1] INFO  util.AwaitToRun (AwaitToRun.java:start(81)) - Thread[#4517,omNode-1@group-523986131536-cacheEviction-AwaitToRun,5,main] started
2025-04-23 14:38:33,261 [omNode-1-impl-thread1] INFO  segmented.SegmentedRaftLogWorker (SegmentedRaftLogWorker.java:<init>(188)) - new omNode-1@group-523986131536-SegmentedRaftLogWorker for RaftStorageImpl:Storage Directory /home/runner/work/ozone/ozone/hadoop-ozone/integration-test/target/test-dir/MiniOzoneClusterImpl-68853c07-42d2-4ef8-9e75-e3a852294e6a/omNode-1/ratis/c9bc4cf4-3bc3-3c60-a66b-523986131536
2025-04-23 14:38:33,261 [omNode-1-impl-thread1] INFO  server.RaftServerConfigKeys (ConfUtils.java:logGet(46)) - raft.server.log.queue.byte-limit = 64MB (=67108864) (default)
2025-04-23 14:38:33,261 [omNode-1-impl-thread1] INFO  server.RaftServerConfigKeys (ConfUtils.java:logGet(46)) - raft.server.log.queue.element-limit = 4096 (default)
2025-04-23 14:38:33,261 [omNode-1-impl-thread1] INFO  server.RaftServerConfigKeys (ConfUtils.java:logGet(46)) - raft.server.log.segment.size.max = 4194304 (custom)
2025-04-23 14:38:33,261 [omNode-1-impl-thread1] INFO  server.RaftServerConfigKeys (ConfUtils.java:logGet(46)) - raft.server.log.preallocated.size = 4194304 (custom)
2025-04-23 14:38:33,261 [omNode-1-impl-thread1] INFO  server.RaftServerConfigKeys (ConfUtils.java:logGet(46)) - raft.server.log.force.sync.num = 128 (default)
2025-04-23 14:38:33,261 [omNode-1-impl-thread1] INFO  server.RaftServerConfigKeys (ConfUtils.java:logGet(46)) - raft.server.log.statemachine.data.sync = true (default)
2025-04-23 14:38:33,261 [omNode-1-impl-thread1] INFO  server.RaftServerConfigKeys (ConfUtils.java:logGet(46)) - raft.server.log.statemachine.data.sync.timeout = 10s (default)
2025-04-23 14:38:33,261 [omNode-1-impl-thread1] INFO  server.RaftServerConfigKeys (ConfUtils.java:logGet(46)) - raft.server.log.statemachine.data.sync.timeout.retry = -1 (default)
2025-04-23 14:38:33,261 [omNode-1-impl-thread1] INFO  server.RaftServerConfigKeys (ConfUtils.java:logGet(46)) - raft.server.log.write.buffer.size = 4194312 (custom)
2025-04-23 14:38:33,262 [omNode-1-impl-thread1] INFO  server.RaftServerConfigKeys (ConfUtils.java:logGet(46)) - raft.server.log.appender.buffer.byte-limit = 4194304 (custom)
2025-04-23 14:38:33,262 [omNode-1-impl-thread1] INFO  server.RaftServerConfigKeys (ConfUtils.java:logGet(46)) - raft.server.log.unsafe-flush.enabled = false (default)
2025-04-23 14:38:33,262 [omNode-1-impl-thread1] INFO  server.RaftServerConfigKeys (ConfUtils.java:logGet(46)) - raft.server.log.async-flush.enabled = false (default)
2025-04-23 14:38:33,262 [omNode-1-impl-thread1] INFO  server.RaftServerConfigKeys (ConfUtils.java:logGet(46)) - raft.server.log.statemachine.data.caching.enabled = false (default)
2025-04-23 14:38:33,262 [omNode-1-impl-thread1] INFO  server.RaftServer$Division (ServerState.java:setRaftConf(386)) - omNode-1@group-523986131536: set configuration conf: {index: 77, cur=peers:[omNode-3|localhost:15017, omNode-1|localhost:15009, omNode-2|localhost:15013]|listeners:[], old=null}
2025-04-23 14:38:33,263 [omNode-1-impl-thread1] INFO  segmented.LogSegment (LogSegment.java:loadSegment(171)) - Successfully read 26 entries from segment file /home/runner/work/ozone/ozone/hadoop-ozone/integration-test/target/test-dir/MiniOzoneClusterImpl-68853c07-42d2-4ef8-9e75-e3a852294e6a/omNode-1/ratis/c9bc4cf4-3bc3-3c60-a66b-523986131536/current/log_77-102
2025-04-23 14:38:33,263 [omNode-1-impl-thread1] INFO  server.RaftServer$Division (ServerState.java:setRaftConf(386)) - omNode-1@group-523986131536: set configuration conf: {index: 103, cur=peers:[omNode-3|localhost:15017, omNode-1|localhost:15009, omNode-2|localhost:15013]|listeners:[], old=null}
2025-04-23 14:38:33,263 [omNode-1-impl-thread1] INFO  segmented.LogSegment (LogSegment.java:loadSegment(171)) - Successfully read 2 entries from segment file /home/runner/work/ozone/ozone/hadoop-ozone/integration-test/target/test-dir/MiniOzoneClusterImpl-68853c07-42d2-4ef8-9e75-e3a852294e6a/omNode-1/ratis/c9bc4cf4-3bc3-3c60-a66b-523986131536/current/log_103-104
2025-04-23 14:38:33,263 [omNode-1-impl-thread1] INFO  server.RaftServer$Division (ServerState.java:setRaftConf(386)) - omNode-1@group-523986131536: set configuration conf: {index: 105, cur=peers:[omNode-3|localhost:15017, omNode-1|localhost:15009, omNode-2|localhost:15013]|listeners:[], old=null}
2025-04-23 14:38:33,263 [omNode-1-impl-thread1] INFO  segmented.LogSegment (LogSegment.java:loadSegment(171)) - Successfully read 2 entries from segment file /home/runner/work/ozone/ozone/hadoop-ozone/integration-test/target/test-dir/MiniOzoneClusterImpl-68853c07-42d2-4ef8-9e75-e3a852294e6a/omNode-1/ratis/c9bc4cf4-3bc3-3c60-a66b-523986131536/current/log_inprogress_105
2025-04-23 14:38:33,263 [omNode-1-impl-thread1] INFO  segmented.SegmentedRaftLogWorker (SegmentedRaftLogWorker.java:lambda$new$0(139)) - omNode-1@group-523986131536-SegmentedRaftLogWorker: flushIndex: setUnconditionally 0 -> 106
2025-04-23 14:38:33,263 [omNode-1-impl-thread1] INFO  segmented.SegmentedRaftLogWorker (SegmentedRaftLogWorker.java:lambda$new$0(139)) - omNode-1@group-523986131536-SegmentedRaftLogWorker: safeCacheEvictIndex: setUnconditionally 0 -> 102
2025-04-23 14:38:33,263 [omNode-1-impl-thread1] INFO  segmented.BufferedWriteChannel (BufferedWriteChannel.java:open(61)) - open log_inprogress_105 (append) at position 125
2025-04-23 14:38:33,263 [omNode-1-impl-thread1] INFO  raftlog.RaftLog (RaftLogBase.java:lambda$new$0(54)) - omNode-1@group-523986131536-SegmentedRaftLog: commitIndex: updateToMax old=102, new=105, updated? true
2025-04-23 14:38:33,264 [omNode-1-impl-thread1] INFO  raftlog.RaftLog (RaftLogBase.java:lambda$new$0(54)) - omNode-1@group-523986131536-SegmentedRaftLog: purgeIndex: updateToMax old=-1, new=76, updated? true
2025-04-23 14:38:33,264 [omNode-1-impl-thread1] INFO  server.RaftServer$Division (RaftServerImpl.java:start(391)) - omNode-1@group-523986131536: start as a follower, conf=conf: {index: 105, cur=peers:[omNode-3|localhost:15017, omNode-1|localhost:15009, omNode-2|localhost:15013]|listeners:[], old=null}
2025-04-23 14:38:33,264 [omNode-1-impl-thread1] INFO  server.RaftServer$Division (RaftServerImpl.java:setRole(378)) - omNode-1@group-523986131536: changes role from      null to FOLLOWER at term 10 for startAsFollower
2025-04-23 14:38:33,264 [omNode-1-impl-thread1] INFO  impl.RoleInfo (RoleInfo.java:updateAndGet(148)) - omNode-1: start omNode-1@group-523986131536-FollowerState
2025-04-23 14:38:33,264 [omNode-1-impl-thread1] INFO  util.JmxRegister (JmxRegister.java:tryRegister(44)) - Successfully registered JMX Bean with object name Ratis:service=RaftServer,group=group-523986131536,id=omNode-1
2025-04-23 14:38:33,264 [omNode-1-impl-thread1] INFO  util.JmxRegister (JmxRegister.java:register(58)) - register mxBean class org.apache.ratis.server.impl.RaftServerJmxAdapter as Ratis:service=RaftServer,group=group-523986131536,id=omNode-1
2025-04-23 14:38:33,264 [omNode-1-impl-thread1] INFO  server.RaftServerConfigKeys (ConfUtils.java:logGet(46)) - raft.server.snapshot.trigger-when-stop.enabled = true (default)
2025-04-23 14:38:33,264 [omNode-1@group-523986131536-FollowerState] INFO  server.RaftServerConfigKeys (ConfUtils.java:logFallback(53)) - raft.server.rpc.first-election.timeout.min = 1s (fallback to raft.server.rpc.timeout.min)
2025-04-23 14:38:33,264 [omNode-1-impl-thread1] INFO  server.RaftServerConfigKeys (ConfUtils.java:logGet(46)) - raft.server.snapshot.trigger-when-remove.enabled = true (default)
2025-04-23 14:38:33,264 [omNode-1-impl-thread1] INFO  server.RaftServerConfigKeys (ConfUtils.java:logGet(46)) - raft.server.snapshot.auto.trigger.enabled = true (custom)
2025-04-23 14:38:33,264 [omNode-1-impl-thread1] INFO  server.RaftServerConfigKeys (ConfUtils.java:logGet(46)) - raft.server.snapshot.auto.trigger.threshold = 50 (custom)
2025-04-23 14:38:33,264 [omNode-1-impl-thread1] INFO  server.RaftServerConfigKeys (ConfUtils.java:logGet(46)) - raft.server.snapshot.retention.file.num = -1 (default)
2025-04-23 14:38:33,264 [omNode-1-impl-thread1] INFO  server.RaftServerConfigKeys (ConfUtils.java:logGet(46)) - raft.server.log.purge.upto.snapshot.index = true (custom)
2025-04-23 14:38:33,264 [omNode-1@group-523986131536-FollowerState] INFO  server.RaftServerConfigKeys (ConfUtils.java:logFallback(53)) - raft.server.rpc.first-election.timeout.max = 1200ms (fallback to raft.server.rpc.timeout.max)
2025-04-23 14:38:33,265 [omNode-1-impl-thread1] INFO  server.RaftServer$Division (RaftServerImpl.java:start(405)) - omNode-1@group-523986131536: Successfully started.
2025-04-23 14:38:33,265 [main] INFO  server.RaftServer (RaftServerProxy.java:startImpl(407)) - omNode-1: start RPC server
2025-04-23 14:38:33,266 [main] INFO  server.GrpcService (GrpcService.java:startImpl(334)) - omNode-1: GrpcService started, listening on 15009
2025-04-23 14:38:33,266 [main] INFO  om.OzoneManager (OzoneManager.java:getRpcServer(1360)) - Creating RPC Server
2025-04-23 14:38:33,266 [JvmPauseMonitor27] INFO  util.JvmPauseMonitor (JvmPauseMonitor.java:run(146)) - JvmPauseMonitor-omNode-1: Started
2025-04-23 14:38:33,267 [omNode-1@group-523986131536-StateMachineUpdater] INFO  ratis.OzoneManagerStateMachine (OzoneManagerStateMachine.java:notifyConfigurationChanged(231)) - notifyConfigurationChanged from Ratis: term=9, index=103, New Peer list: omNode-3(localhost:15017), omNode-1(localhost:15009), omNode-2(localhost:15013)
2025-04-23 14:38:33,274 [omNode-1@group-523986131536-StateMachineUpdater] INFO  ratis.OzoneManagerStateMachine (OzoneManagerStateMachine.java:notifyConfigurationChanged(231)) - notifyConfigurationChanged from Ratis: term=10, index=105, New Peer list: omNode-3(localhost:15017), omNode-1(localhost:15009), omNode-2(localhost:15013)
2025-04-23 14:38:33,625 [main] INFO  reflections.Reflections (Reflections.java:scan(219)) - Reflections took 358 ms to scan 22 urls, producing 61 keys and 7422 values
2025-04-23 14:38:33,626 [main] INFO  ipc.CallQueueManager (CallQueueManager.java:<init>(93)) - Using callQueue: class java.util.concurrent.LinkedBlockingQueue, queueCapacity: 2000, scheduler: class org.apache.hadoop.ipc.DefaultRpcScheduler, ipcBackoff: false, ipcFailOver: false.
2025-04-23 14:38:33,627 [main] INFO  ipc.Server (Server.java:<init>(1438)) - Listener at localhost:15006
2025-04-23 14:38:33,627 [Socket Reader #1 for port 15006] INFO  ipc.Server (Server.java:run(1474)) - Starting Socket Reader #1 for port 15006
2025-04-23 14:38:33,627 [Socket Reader #2 for port 15006] INFO  ipc.Server (Server.java:run(1474)) - Starting Socket Reader #2 for port 15006
2025-04-23 14:38:33,627 [Socket Reader #3 for port 15006] INFO  ipc.Server (Server.java:run(1474)) - Starting Socket Reader #3 for port 15006
2025-04-23 14:38:33,627 [Socket Reader #4 for port 15006] INFO  ipc.Server (Server.java:run(1474)) - Starting Socket Reader #4 for port 15006
2025-04-23 14:38:33,627 [Socket Reader #5 for port 15006] INFO  ipc.Server (Server.java:run(1474)) - Starting Socket Reader #5 for port 15006
2025-04-23 14:38:33,628 [Socket Reader #6 for port 15006] INFO  ipc.Server (Server.java:run(1474)) - Starting Socket Reader #6 for port 15006
2025-04-23 14:38:33,628 [Socket Reader #7 for port 15006] INFO  ipc.Server (Server.java:run(1474)) - Starting Socket Reader #7 for port 15006
2025-04-23 14:38:33,628 [Socket Reader #8 for port 15006] INFO  ipc.Server (Server.java:run(1474)) - Starting Socket Reader #8 for port 15006
2025-04-23 14:38:33,628 [Socket Reader #9 for port 15006] INFO  ipc.Server (Server.java:run(1474)) - Starting Socket Reader #9 for port 15006
2025-04-23 14:38:33,628 [Socket Reader #10 for port 15006] INFO  ipc.Server (Server.java:run(1474)) - Starting Socket Reader #10 for port 15006
2025-04-23 14:38:33,630 [main] INFO  http.BaseHttpServer (BaseHttpServer.java:newHttpServer2BuilderForOzone(229)) - Starting Web-server for ozoneManager at: http://0.0.0.0:15007
2025-04-23 14:38:33,630 [main] INFO  http.BaseHttpServer (BaseHttpServer.java:<init>(107)) - Hadoop Security Enabled: false Ozone Security Enabled: false Ozone HTTP Security Enabled: false 
2025-04-23 14:38:33,631 [main] WARN  server.AuthenticationFilter (AuthenticationFilter.java:constructSecretProvider(240)) - Unable to initialize FileSignerSecretProvider, falling back to use random secrets. Reason: Could not read signature secret file: /home/runner/hadoop-http-auth-signature-secret
2025-04-23 14:38:33,633 [main] INFO  http.HttpServer2 (HttpServer2.java:addGlobalFilter(1041)) - Added global filter 'safety' (class=org.apache.hadoop.hdds.server.http.HttpServer2$QuotingInputFilter)
2025-04-23 14:38:33,633 [main] INFO  http.HttpServer2 (HttpServer2.java:addFilter(1017)) - Added filter static_user_filter (class=org.apache.hadoop.http.lib.StaticUserWebFilter$StaticUserFilter) to context ozoneManager
2025-04-23 14:38:33,633 [main] INFO  http.HttpServer2 (HttpServer2.java:addFilter(1025)) - Added filter static_user_filter (class=org.apache.hadoop.http.lib.StaticUserWebFilter$StaticUserFilter) to context logs
2025-04-23 14:38:33,633 [main] INFO  http.HttpServer2 (HttpServer2.java:addFilter(1025)) - Added filter static_user_filter (class=org.apache.hadoop.http.lib.StaticUserWebFilter$StaticUserFilter) to context static
2025-04-23 14:38:33,634 [main] INFO  http.BaseHttpServer (BaseHttpServer.java:<init>(195)) - HTTP server of ozoneManager uses base directory /home/runner/work/ozone/ozone/hadoop-ozone/integration-test/target/test-dir/MiniOzoneClusterImpl-68853c07-42d2-4ef8-9e75-e3a852294e6a/omNode-1/webserver
2025-04-23 14:38:33,634 [main] INFO  http.HttpServer2 (HttpServer2.java:bindListener(1241)) - Jetty bound to port 15007
2025-04-23 14:38:33,634 [main] INFO  server.Server (Server.java:doStart(375)) - jetty-9.4.57.v20241219; built: 2025-01-08T21:24:30.412Z; git: df524e6b29271c2e09ba9aea83c18dc9db464a31; jvm 21.0.7+6-LTS
2025-04-23 14:38:33,635 [main] INFO  server.session (DefaultSessionIdManager.java:doStart(334)) - DefaultSessionIdManager workerName=node0
2025-04-23 14:38:33,636 [main] INFO  server.session (DefaultSessionIdManager.java:doStart(339)) - No SessionScavenger set, using defaults
2025-04-23 14:38:33,636 [main] INFO  server.session (HouseKeeper.java:startScavenging(132)) - node0 Scavenging every 660000ms
2025-04-23 14:38:33,636 [main] INFO  handler.ContextHandler (ContextHandler.java:doStart(921)) - Started o.e.j.s.ServletContextHandler@2322f814{logs,/logs,file:///home/runner/work/ozone/ozone/hadoop-ozone/integration-test/target/log,AVAILABLE}
2025-04-23 14:38:33,637 [main] INFO  handler.ContextHandler (ContextHandler.java:doStart(921)) - Started o.e.j.s.ServletContextHandler@97be5f0{static,/static,file:///home/runner/work/ozone/ozone/hadoop-ozone/integration-test/target/test-classes/webapps/static,AVAILABLE}
2025-04-23 14:38:33,641 [main] INFO  handler.ContextHandler (ContextHandler.java:doStart(921)) - Started o.e.j.w.WebAppContext@18dbf2fc{ozoneManager,/,file:///home/runner/work/ozone/ozone/hadoop-ozone/integration-test/target/test-classes/webapps/ozoneManager/,AVAILABLE}{file:/home/runner/work/ozone/ozone/hadoop-ozone/integration-test/target/test-classes/webapps/ozoneManager}
2025-04-23 14:38:33,642 [main] INFO  server.AbstractConnector (AbstractConnector.java:doStart(333)) - Started ServerConnector@740cdcfb{HTTP/1.1, (http/1.1)}{0.0.0.0:15007}
2025-04-23 14:38:33,642 [main] INFO  server.Server (Server.java:doStart(415)) - Started @113921ms
2025-04-23 14:38:33,642 [main] WARN  impl.MetricsSystemImpl (MetricsSystemImpl.java:register(279)) - Sink prometheus already exists!
2025-04-23 14:38:33,642 [main] INFO  http.BaseHttpServer (BaseHttpServer.java:updateConnectorAddress(360)) - HTTP server of ozoneManager listening at http://0.0.0.0:15007
2025-04-23 14:38:33,643 [IPC Server Responder] INFO  ipc.Server (Server.java:run(1713)) - IPC Server Responder: starting
2025-04-23 14:38:33,643 [IPC Server listener on 15006] INFO  ipc.Server (Server.java:run(1553)) - IPC Server listener on 15006: starting
2025-04-23 14:38:33,646 [main] INFO  om.OzoneManager (OzoneManager.java:startTrashEmptier(2257)) - Trash Interval set to 0. Files deleted won't move to trash
2025-04-23 14:38:33,646 [main] INFO  om.OzoneManager (OzoneManager.java:restart(1878)) - OzoneManager RPC server is listening at localhost/127.0.0.1:15010
2025-04-23 14:38:33,646 [main] INFO  impl.MetricsSystemImpl (MetricsSystemImpl.java:init(158)) - OzoneManager metrics system started (again)
2025-04-23 14:38:33,660 [main] WARN  server.ServerUtils (ServerUtils.java:getDBPath(297)) - ozone.om.db.dirs is not configured. We recommend adding this setting. Falling back to ozone.metadata.dirs instead.
2025-04-23 14:38:33,711 [main] INFO  om.OzoneManager (OzoneManager.java:instantiateServices(933)) - S3 Multi-Tenancy is disabled
2025-04-23 14:38:33,711 [main] INFO  om.OmSnapshotManager (OmSnapshotManager.java:<init>(180)) - Ozone filesystem snapshot feature is enabled.
2025-04-23 14:38:33,712 [main] WARN  server.ServerUtils (ServerUtils.java:getDBPath(297)) - ozone.om.snapshot.diff.db.dir is not configured. We recommend adding this setting. Falling back to ozone.metadata.dirs instead.
2025-04-23 14:38:33,726 [main] WARN  dropwizard3.Dm3MetricRegistriesImpl (Dm3MetricRegistriesImpl.java:addReporterRegistration(114)) - New reporters are added after registries were created. Some metrics will be missing from the reporter. Please add reporter before adding any new registry.
2025-04-23 14:38:33,726 [main] WARN  dropwizard3.Dm3MetricRegistriesImpl (Dm3MetricRegistriesImpl.java:addReporterRegistration(114)) - New reporters are added after registries were created. Some metrics will be missing from the reporter. Please add reporter before adding any new registry.
2025-04-23 14:38:33,726 [main] WARN  server.ServerUtils (ServerUtils.java:getDefaultRatisDirectory(309)) - Storage directory for Ratis is not configured. It is a good idea to map this to an SSD disk. Falling back to ozone.metadata.dirs
2025-04-23 14:38:33,726 [main] INFO  server.RaftServerConfigKeys (ConfUtils.java:logGet(46)) - raft.server.log.appender.buffer.byte-limit = 4194304 (custom)
2025-04-23 14:38:33,727 [main] INFO  ratis.OzoneManagerRatisServer (OzoneManagerRatisServer.java:<init>(167)) - Instantiating OM Ratis server with groupID: om-service-test1 and peers: localhost:15013, localhost:15017, localhost:15009
2025-04-23 14:38:33,728 [main] INFO  ratis.OzoneManagerStateMachine (OzoneManagerStateMachine.java:loadSnapshotInfoFromDB(611)) - LastAppliedIndex is set from TransactionInfo from OM DB as (t:10, i:106)
2025-04-23 14:38:33,728 [main] INFO  server.RaftServer (ConfUtils.java:logGet(46)) - raft.rpc.type = GRPC (default)
2025-04-23 14:38:33,728 [main] INFO  grpc.GrpcConfigKeys (ConfUtils.java:logFallback(53)) - raft.grpc.admin.host = null (fallback to raft.grpc.server.host)
2025-04-23 14:38:33,728 [main] INFO  grpc.GrpcConfigKeys (ConfUtils.java:logFallback(53)) - raft.grpc.admin.port = 15013 (fallback to raft.grpc.server.port)
2025-04-23 14:38:33,729 [main] INFO  grpc.GrpcConfigKeys (ConfUtils.java:logFallback(53)) - raft.grpc.client.host = null (fallback to raft.grpc.server.host)
2025-04-23 14:38:33,729 [main] INFO  grpc.GrpcConfigKeys (ConfUtils.java:logFallback(53)) - raft.grpc.client.port = 15013 (fallback to raft.grpc.server.port)
2025-04-23 14:38:33,729 [main] INFO  grpc.GrpcConfigKeys (ConfUtils.java:logGet(46)) - raft.grpc.server.host = null (default)
2025-04-23 14:38:33,729 [main] INFO  grpc.GrpcConfigKeys (ConfUtils.java:logGet(46)) - raft.grpc.server.port = 15013 (custom)
2025-04-23 14:38:33,729 [main] INFO  server.GrpcService (ConfUtils.java:logGet(46)) - raft.grpc.message.size.max = 5242880 (custom)
2025-04-23 14:38:33,729 [main] INFO  server.GrpcService (ConfUtils.java:logGet(46)) - raft.grpc.flow.control.window = 1MB (=1048576) (default)
2025-04-23 14:38:33,729 [main] INFO  server.RaftServerConfigKeys (ConfUtils.java:logGet(46)) - raft.server.rpc.request.timeout = 3000ms (default)
2025-04-23 14:38:33,729 [main] INFO  grpc.GrpcConfigKeys (ConfUtils.java:logGet(46)) - raft.grpc.server.heartbeat.channel = true (default)
2025-04-23 14:38:33,729 [main] INFO  server.RaftServerConfigKeys (ConfUtils.java:logGet(46)) - raft.server.log.appender.buffer.byte-limit = 4194304 (custom)
2025-04-23 14:38:33,729 [main] INFO  grpc.GrpcConfigKeys (ConfUtils.java:logGet(46)) - raft.grpc.server.async.request.thread.pool.cached = true (default)
2025-04-23 14:38:33,729 [main] INFO  grpc.GrpcConfigKeys (ConfUtils.java:logGet(46)) - raft.grpc.server.async.request.thread.pool.size = 32 (default)
2025-04-23 14:38:33,730 [main] INFO  impl.DataStreamServerImpl (ConfUtils.java:logGet(46)) - raft.datastream.type = DISABLED (default)
2025-04-23 14:38:33,730 [main] INFO  server.RaftServerConfigKeys (ConfUtils.java:logGet(46)) - raft.server.sleep.deviation.threshold = 300ms (default)
2025-04-23 14:38:33,730 [main] INFO  server.RaftServerConfigKeys (ConfUtils.java:logGet(46)) - raft.server.close.threshold = 60s (default)
2025-04-23 14:38:33,731 [main] INFO  server.RaftServerConfigKeys (ConfUtils.java:logGet(46)) - raft.server.leaderelection.leader.step-down.wait-time = 10s (default)
2025-04-23 14:38:33,731 [main] INFO  server.RaftServerConfigKeys (ConfUtils.java:logGet(46)) - raft.server.storage.dir = [/home/runner/work/ozone/ozone/hadoop-ozone/integration-test/target/test-dir/MiniOzoneClusterImpl-68853c07-42d2-4ef8-9e75-e3a852294e6a/omNode-2/ratis] (custom)
2025-04-23 14:38:33,731 [main] INFO  server.RaftServerConfigKeys (ConfUtils.java:logGet(46)) - raft.server.threadpool.proxy.cached = true (default)
2025-04-23 14:38:33,731 [main] INFO  server.RaftServerConfigKeys (ConfUtils.java:logGet(46)) - raft.server.threadpool.proxy.size = 0 (default)
2025-04-23 14:38:33,731 [omNode-2-impl-thread1] INFO  server.RaftServer (RaftServerProxy.java:initGroupDir(265)) - omNode-2: found a subdirectory /home/runner/work/ozone/ozone/hadoop-ozone/integration-test/target/test-dir/MiniOzoneClusterImpl-68853c07-42d2-4ef8-9e75-e3a852294e6a/omNode-2/ratis/c9bc4cf4-3bc3-3c60-a66b-523986131536
2025-04-23 14:38:33,732 [main] INFO  server.RaftServer (RaftServerProxy.java:addNew(100)) - omNode-2: addNew group-523986131536:[omNode-3|localhost:15017, omNode-1|localhost:15009, omNode-2|localhost:15013] returns group-523986131536:java.util.concurrent.CompletableFuture@1db3c210[Not completed]
2025-04-23 14:38:33,732 [main] INFO  om.OzoneManager (OzoneManager.java:initializeRatisServer(2303)) - OzoneManager Ratis server initialized at port 15013
2025-04-23 14:38:33,732 [main] INFO  ratis.OzoneManagerRatisServer (OzoneManagerRatisServer.java:start(628)) - Starting OzoneManagerRatisServer omNode-2 at port 15013
2025-04-23 14:38:33,732 [omNode-2-groupManagement] INFO  server.RaftServer$Division (RaftServerImpl.java:<init>(255)) - omNode-2: new RaftServerImpl for group-523986131536:[omNode-3|localhost:15017, omNode-1|localhost:15009, omNode-2|localhost:15013] with OzoneManagerStateMachine:uninitialized
2025-04-23 14:38:33,732 [omNode-2-groupManagement] INFO  server.RaftServerConfigKeys (ConfUtils.java:logGet(46)) - raft.server.rpc.timeout.min = 1s (custom)
2025-04-23 14:38:33,732 [omNode-2-groupManagement] INFO  server.RaftServerConfigKeys (ConfUtils.java:logGet(46)) - raft.server.rpc.timeout.max = 1200ms (custom)
2025-04-23 14:38:33,732 [omNode-2-groupManagement] INFO  server.RaftServerConfigKeys (ConfUtils.java:logGet(46)) - raft.server.rpc.sleep.time = 25ms (default)
2025-04-23 14:38:33,732 [omNode-2-groupManagement] INFO  server.RaftServerConfigKeys (ConfUtils.java:logGet(46)) - raft.server.rpc.slowness.timeout = 2s (custom)
2025-04-23 14:38:33,732 [omNode-2-groupManagement] INFO  server.RaftServerConfigKeys (ConfUtils.java:logGet(46)) - raft.server.leaderelection.leader.step-down.wait-time = 10s (default)
2025-04-23 14:38:33,732 [omNode-2-groupManagement] INFO  server.RaftServerConfigKeys (ConfUtils.java:logGet(46)) - raft.server.leaderelection.member.majority-add = false (default)
2025-04-23 14:38:33,732 [omNode-2-groupManagement] INFO  server.RaftServerConfigKeys (ConfUtils.java:logGet(46)) - raft.server.sleep.deviation.threshold = 300ms (default)
2025-04-23 14:38:33,733 [omNode-2-groupManagement] INFO  server.RaftServer$Division (ServerState.java:<init>(114)) - omNode-2@group-523986131536: ConfigurationManager, init=conf: {index: -1, cur=peers:[omNode-3|localhost:15017, omNode-1|localhost:15009, omNode-2|localhost:15013]|listeners:[], old=null}, confs=<EMPTY_MAP>
2025-04-23 14:38:33,733 [omNode-2-groupManagement] INFO  server.RaftServerConfigKeys (ConfUtils.java:logGet(46)) - raft.server.notification.no-leader.timeout = 2s (custom)
2025-04-23 14:38:33,733 [omNode-2-groupManagement] INFO  server.RaftServerConfigKeys (ConfUtils.java:logGet(46)) - raft.server.read.timeout = 10s (default)
2025-04-23 14:38:33,733 [omNode-2-groupManagement] INFO  server.RaftServerConfigKeys (ConfUtils.java:logGet(46)) - raft.server.retrycache.expirytime = 30000ms (custom)
2025-04-23 14:38:33,733 [omNode-2-groupManagement] INFO  server.RaftServerConfigKeys (ConfUtils.java:logGet(46)) - raft.server.retrycache.statistics.expirytime = 100ms (default)
2025-04-23 14:38:33,733 [omNode-2-groupManagement] INFO  server.RaftServerConfigKeys (ConfUtils.java:logGet(46)) - raft.server.read.option = DEFAULT (default)
2025-04-23 14:38:33,733 [omNode-2-groupManagement] INFO  server.RaftServerConfigKeys (ConfUtils.java:logGet(46)) - raft.server.read.read-after-write-consistent.write-index-cache.expiry-time = 60s (default)
2025-04-23 14:38:33,735 [omNode-2-groupManagement] INFO  server.RaftServerConfigKeys (ConfUtils.java:logGet(46)) - raft.server.rpc.request.timeout = 3000ms (default)
2025-04-23 14:38:33,735 [omNode-2-groupManagement] INFO  server.RaftServerConfigKeys (ConfUtils.java:logGet(46)) - raft.server.log.appender.install.snapshot.enabled = false (custom)
2025-04-23 14:38:33,735 [omNode-2-groupManagement] INFO  server.RaftServerConfigKeys (ConfUtils.java:logGet(46)) - raft.server.threadpool.server.cached = true (default)
2025-04-23 14:38:33,735 [omNode-2-groupManagement] INFO  server.RaftServerConfigKeys (ConfUtils.java:logGet(46)) - raft.server.threadpool.server.size = 0 (default)
2025-04-23 14:38:33,735 [omNode-2-groupManagement] INFO  server.RaftServerConfigKeys (ConfUtils.java:logGet(46)) - raft.server.threadpool.client.cached = true (default)
2025-04-23 14:38:33,735 [omNode-2-groupManagement] INFO  server.RaftServerConfigKeys (ConfUtils.java:logGet(46)) - raft.server.threadpool.client.size = 0 (default)
2025-04-23 14:38:33,735 [omNode-2-impl-thread1] INFO  server.RaftServerConfigKeys (ConfUtils.java:logGet(46)) - raft.server.storage.free-space.min = 0MB (=0) (default)
2025-04-23 14:38:33,735 [omNode-2-impl-thread1] INFO  server.RaftServerConfigKeys (ConfUtils.java:logGet(46)) - raft.server.log.corruption.policy = EXCEPTION (default)
2025-04-23 14:38:33,735 [omNode-2-impl-thread1] INFO  server.RaftServerConfigKeys (ConfUtils.java:logGet(46)) - raft.server.storage.dir = [/home/runner/work/ozone/ozone/hadoop-ozone/integration-test/target/test-dir/MiniOzoneClusterImpl-68853c07-42d2-4ef8-9e75-e3a852294e6a/omNode-2/ratis] (custom)
2025-04-23 14:38:33,736 [omNode-2-impl-thread1] INFO  storage.RaftStorageDirectory (RaftStorageDirectoryImpl.java:tryLock(229)) - Lock on /home/runner/work/ozone/ozone/hadoop-ozone/integration-test/target/test-dir/MiniOzoneClusterImpl-68853c07-42d2-4ef8-9e75-e3a852294e6a/omNode-2/ratis/c9bc4cf4-3bc3-3c60-a66b-523986131536/in_use.lock acquired by nodename 129558@fv-az1120-822
2025-04-23 14:38:33,737 [omNode-2-impl-thread1] INFO  storage.RaftStorage (RaftStorageImpl.java:analyzeAndRecoverStorage(118)) - Read RaftStorageMetadata{term=10, votedFor=omNode-3} from /home/runner/work/ozone/ozone/hadoop-ozone/integration-test/target/test-dir/MiniOzoneClusterImpl-68853c07-42d2-4ef8-9e75-e3a852294e6a/omNode-2/ratis/c9bc4cf4-3bc3-3c60-a66b-523986131536/current/raft-meta
2025-04-23 14:38:33,737 [omNode-2-impl-thread1] INFO  server.RaftServer$Division (ServerState.java:setRaftConf(386)) - omNode-2@group-523986131536: set configuration conf: {index: 105, cur=peers:[omNode-3|localhost:15017, omNode-1|localhost:15009, omNode-2|localhost:15013]|listeners:[], old=null}
2025-04-23 14:38:33,737 [omNode-2-impl-thread1] INFO  ratis.OzoneManagerStateMachine (OzoneManagerStateMachine.java:lambda$0(138)) - omNode-2: initialize group-523986131536 with (t:10, i:106)
2025-04-23 14:38:33,737 [omNode-2-impl-thread1] INFO  server.RaftServerConfigKeys (ConfUtils.java:logGet(46)) - raft.server.log.use.memory = false (default)
2025-04-23 14:38:33,737 [omNode-2-impl-thread1] INFO  server.RaftServerConfigKeys (ConfUtils.java:logGet(46)) - raft.server.log.purge.gap = 50 (custom)
2025-04-23 14:38:33,737 [omNode-2-impl-thread1] INFO  server.RaftServerConfigKeys (ConfUtils.java:logGet(46)) - raft.server.log.appender.buffer.byte-limit = 4194304 (custom)
2025-04-23 14:38:33,737 [omNode-2-impl-thread1] INFO  server.RaftServerConfigKeys (ConfUtils.java:logGet(46)) - raft.server.log.statemachine.data.read.timeout = 1000ms (default)
2025-04-23 14:38:33,738 [omNode-2-impl-thread1] INFO  server.RaftServerConfigKeys (ConfUtils.java:logGet(46)) - raft.server.log.purge.preservation.log.num = 0 (default)
2025-04-23 14:38:33,739 [omNode-2-impl-thread1] INFO  server.RaftServerConfigKeys (ConfUtils.java:logGet(46)) - raft.server.log.segment.size.max = 4194304 (custom)
2025-04-23 14:38:33,739 [omNode-2-impl-thread1] INFO  server.RaftServerConfigKeys (ConfUtils.java:logGet(46)) - raft.server.log.segment.cache.num.max = 2 (custom)
2025-04-23 14:38:33,739 [omNode-2-impl-thread1] INFO  server.RaftServerConfigKeys (ConfUtils.java:logGet(46)) - raft.server.log.segment.cache.size.max = 200MB (=209715200) (default)
2025-04-23 14:38:33,739 [omNode-2-impl-thread1] INFO  server.RaftServerConfigKeys (ConfUtils.java:logGet(46)) - raft.server.log.appender.buffer.byte-limit = 4194304 (custom)
2025-04-23 14:38:33,740 [omNode-2-impl-thread1] INFO  util.AwaitToRun (AwaitToRun.java:start(81)) - Thread[#4628,omNode-2@group-523986131536-cacheEviction-AwaitToRun,5,main] started
2025-04-23 14:38:33,740 [omNode-2-impl-thread1] INFO  segmented.SegmentedRaftLogWorker (SegmentedRaftLogWorker.java:<init>(188)) - new omNode-2@group-523986131536-SegmentedRaftLogWorker for RaftStorageImpl:Storage Directory /home/runner/work/ozone/ozone/hadoop-ozone/integration-test/target/test-dir/MiniOzoneClusterImpl-68853c07-42d2-4ef8-9e75-e3a852294e6a/omNode-2/ratis/c9bc4cf4-3bc3-3c60-a66b-523986131536
2025-04-23 14:38:33,740 [omNode-2-impl-thread1] INFO  server.RaftServerConfigKeys (ConfUtils.java:logGet(46)) - raft.server.log.queue.byte-limit = 64MB (=67108864) (default)
2025-04-23 14:38:33,740 [omNode-2-impl-thread1] INFO  server.RaftServerConfigKeys (ConfUtils.java:logGet(46)) - raft.server.log.queue.element-limit = 4096 (default)
2025-04-23 14:38:33,740 [omNode-2-impl-thread1] INFO  server.RaftServerConfigKeys (ConfUtils.java:logGet(46)) - raft.server.log.segment.size.max = 4194304 (custom)
2025-04-23 14:38:33,740 [omNode-2-impl-thread1] INFO  server.RaftServerConfigKeys (ConfUtils.java:logGet(46)) - raft.server.log.preallocated.size = 4194304 (custom)
2025-04-23 14:38:33,740 [omNode-2-impl-thread1] INFO  server.RaftServerConfigKeys (ConfUtils.java:logGet(46)) - raft.server.log.force.sync.num = 128 (default)
2025-04-23 14:38:33,740 [omNode-2-impl-thread1] INFO  server.RaftServerConfigKeys (ConfUtils.java:logGet(46)) - raft.server.log.statemachine.data.sync = true (default)
2025-04-23 14:38:33,740 [omNode-2-impl-thread1] INFO  server.RaftServerConfigKeys (ConfUtils.java:logGet(46)) - raft.server.log.statemachine.data.sync.timeout = 10s (default)
2025-04-23 14:38:33,740 [omNode-2-impl-thread1] INFO  server.RaftServerConfigKeys (ConfUtils.java:logGet(46)) - raft.server.log.statemachine.data.sync.timeout.retry = -1 (default)
2025-04-23 14:38:33,740 [omNode-2-impl-thread1] INFO  server.RaftServerConfigKeys (ConfUtils.java:logGet(46)) - raft.server.log.write.buffer.size = 4194312 (custom)
2025-04-23 14:38:33,742 [omNode-2-impl-thread1] INFO  server.RaftServerConfigKeys (ConfUtils.java:logGet(46)) - raft.server.log.appender.buffer.byte-limit = 4194304 (custom)
2025-04-23 14:38:33,742 [omNode-2-impl-thread1] INFO  server.RaftServerConfigKeys (ConfUtils.java:logGet(46)) - raft.server.log.unsafe-flush.enabled = false (default)
2025-04-23 14:38:33,742 [omNode-2-impl-thread1] INFO  server.RaftServerConfigKeys (ConfUtils.java:logGet(46)) - raft.server.log.async-flush.enabled = false (default)
2025-04-23 14:38:33,742 [omNode-2-impl-thread1] INFO  server.RaftServerConfigKeys (ConfUtils.java:logGet(46)) - raft.server.log.statemachine.data.caching.enabled = false (default)
2025-04-23 14:38:33,742 [omNode-2-impl-thread1] INFO  server.RaftServer$Division (ServerState.java:setRaftConf(386)) - omNode-2@group-523986131536: set configuration conf: {index: 103, cur=peers:[omNode-3|localhost:15017, omNode-1|localhost:15009, omNode-2|localhost:15013]|listeners:[], old=null}
2025-04-23 14:38:33,743 [omNode-2-impl-thread1] INFO  segmented.LogSegment (LogSegment.java:loadSegment(171)) - Successfully read 2 entries from segment file /home/runner/work/ozone/ozone/hadoop-ozone/integration-test/target/test-dir/MiniOzoneClusterImpl-68853c07-42d2-4ef8-9e75-e3a852294e6a/omNode-2/ratis/c9bc4cf4-3bc3-3c60-a66b-523986131536/current/log_103-104
2025-04-23 14:38:33,743 [omNode-2-impl-thread1] INFO  server.RaftServer$Division (ServerState.java:setRaftConf(386)) - omNode-2@group-523986131536: set configuration conf: {index: 105, cur=peers:[omNode-3|localhost:15017, omNode-1|localhost:15009, omNode-2|localhost:15013]|listeners:[], old=null}
2025-04-23 14:38:33,743 [omNode-2-impl-thread1] INFO  segmented.LogSegment (LogSegment.java:loadSegment(171)) - Successfully read 2 entries from segment file /home/runner/work/ozone/ozone/hadoop-ozone/integration-test/target/test-dir/MiniOzoneClusterImpl-68853c07-42d2-4ef8-9e75-e3a852294e6a/omNode-2/ratis/c9bc4cf4-3bc3-3c60-a66b-523986131536/current/log_inprogress_105
2025-04-23 14:38:33,743 [omNode-2-impl-thread1] INFO  segmented.SegmentedRaftLogWorker (SegmentedRaftLogWorker.java:lambda$new$0(139)) - omNode-2@group-523986131536-SegmentedRaftLogWorker: flushIndex: setUnconditionally 0 -> 106
2025-04-23 14:38:33,743 [omNode-2-impl-thread1] INFO  segmented.SegmentedRaftLogWorker (SegmentedRaftLogWorker.java:lambda$new$0(139)) - omNode-2@group-523986131536-SegmentedRaftLogWorker: safeCacheEvictIndex: setUnconditionally 0 -> 104
2025-04-23 14:38:33,743 [omNode-2-impl-thread1] INFO  segmented.BufferedWriteChannel (BufferedWriteChannel.java:open(61)) - open log_inprogress_105 (append) at position 125
2025-04-23 14:38:33,743 [omNode-2-impl-thread1] INFO  raftlog.RaftLog (RaftLogBase.java:lambda$new$0(54)) - omNode-2@group-523986131536-SegmentedRaftLog: purgeIndex: updateToMax old=-1, new=102, updated? true
2025-04-23 14:38:33,743 [omNode-2-impl-thread1] INFO  server.RaftServer$Division (RaftServerImpl.java:start(391)) - omNode-2@group-523986131536: start as a follower, conf=conf: {index: 105, cur=peers:[omNode-3|localhost:15017, omNode-1|localhost:15009, omNode-2|localhost:15013]|listeners:[], old=null}
2025-04-23 14:38:33,743 [omNode-2-impl-thread1] INFO  server.RaftServer$Division (RaftServerImpl.java:setRole(378)) - omNode-2@group-523986131536: changes role from      null to FOLLOWER at term 10 for startAsFollower
2025-04-23 14:38:33,744 [omNode-2-impl-thread1] INFO  impl.RoleInfo (RoleInfo.java:updateAndGet(148)) - omNode-2: start omNode-2@group-523986131536-FollowerState
2025-04-23 14:38:33,744 [omNode-2@group-523986131536-FollowerState] INFO  server.RaftServerConfigKeys (ConfUtils.java:logFallback(53)) - raft.server.rpc.first-election.timeout.min = 1s (fallback to raft.server.rpc.timeout.min)
2025-04-23 14:38:33,744 [omNode-2@group-523986131536-FollowerState] INFO  server.RaftServerConfigKeys (ConfUtils.java:logFallback(53)) - raft.server.rpc.first-election.timeout.max = 1200ms (fallback to raft.server.rpc.timeout.max)
2025-04-23 14:38:33,744 [omNode-2-impl-thread1] INFO  util.JmxRegister (JmxRegister.java:tryRegister(44)) - Successfully registered JMX Bean with object name Ratis:service=RaftServer,group=group-523986131536,id=omNode-2
2025-04-23 14:38:33,744 [omNode-2-impl-thread1] INFO  util.JmxRegister (JmxRegister.java:register(58)) - register mxBean class org.apache.ratis.server.impl.RaftServerJmxAdapter as Ratis:service=RaftServer,group=group-523986131536,id=omNode-2
2025-04-23 14:38:33,744 [omNode-2-impl-thread1] INFO  server.RaftServerConfigKeys (ConfUtils.java:logGet(46)) - raft.server.snapshot.trigger-when-stop.enabled = true (default)
2025-04-23 14:38:33,744 [omNode-2-impl-thread1] INFO  server.RaftServerConfigKeys (ConfUtils.java:logGet(46)) - raft.server.snapshot.trigger-when-remove.enabled = true (default)
2025-04-23 14:38:33,744 [omNode-2-impl-thread1] INFO  server.RaftServerConfigKeys (ConfUtils.java:logGet(46)) - raft.server.snapshot.auto.trigger.enabled = true (custom)
2025-04-23 14:38:33,745 [omNode-2-impl-thread1] INFO  server.RaftServerConfigKeys (ConfUtils.java:logGet(46)) - raft.server.snapshot.auto.trigger.threshold = 50 (custom)
2025-04-23 14:38:33,745 [omNode-2-impl-thread1] INFO  server.RaftServerConfigKeys (ConfUtils.java:logGet(46)) - raft.server.snapshot.retention.file.num = -1 (default)
2025-04-23 14:38:33,745 [omNode-2-impl-thread1] INFO  server.RaftServerConfigKeys (ConfUtils.java:logGet(46)) - raft.server.log.purge.upto.snapshot.index = true (custom)
2025-04-23 14:38:33,745 [omNode-2-impl-thread1] INFO  server.RaftServer$Division (RaftServerImpl.java:start(405)) - omNode-2@group-523986131536: Successfully started.
2025-04-23 14:38:33,745 [main] INFO  server.RaftServer (RaftServerProxy.java:startImpl(407)) - omNode-2: start RPC server
2025-04-23 14:38:33,746 [main] INFO  server.GrpcService (GrpcService.java:startImpl(334)) - omNode-2: GrpcService started, listening on 15013
2025-04-23 14:38:33,746 [main] INFO  om.OzoneManager (OzoneManager.java:getRpcServer(1360)) - Creating RPC Server
2025-04-23 14:38:33,746 [JvmPauseMonitor28] INFO  util.JvmPauseMonitor (JvmPauseMonitor.java:run(146)) - JvmPauseMonitor-omNode-2: Started
2025-04-23 14:38:33,855 [omNode-3@group-523986131536-FollowerState] INFO  impl.FollowerState (FollowerState.java:runImpl(161)) - omNode-3@group-523986131536-FollowerState: change to CANDIDATE, lastRpcElapsedTime:1035963298ns, electionTimeout:1035ms
2025-04-23 14:38:33,855 [omNode-3@group-523986131536-FollowerState] INFO  impl.RoleInfo (RoleInfo.java:shutdownFollowerState(121)) - omNode-3: shutdown omNode-3@group-523986131536-FollowerState
2025-04-23 14:38:33,855 [omNode-3@group-523986131536-FollowerState] INFO  server.RaftServer$Division (RaftServerImpl.java:setRole(378)) - omNode-3@group-523986131536: changes role from  FOLLOWER to CANDIDATE at term 10 for changeToCandidate
2025-04-23 14:38:33,855 [omNode-3@group-523986131536-FollowerState] INFO  server.RaftServerConfigKeys (ConfUtils.java:logGet(46)) - raft.server.leaderelection.pre-vote = true (default)
2025-04-23 14:38:33,855 [omNode-3@group-523986131536-FollowerState] INFO  impl.RoleInfo (RoleInfo.java:updateAndGet(148)) - omNode-3: start omNode-3@group-523986131536-LeaderElection27
2025-04-23 14:38:33,859 [omNode-3@group-523986131536-LeaderElection27] INFO  impl.LeaderElection (LeaderElection.java:askForVotes(332)) - omNode-3@group-523986131536-LeaderElection27 PRE_VOTE round 0: submit vote requests at term 10 for conf: {index: 105, cur=peers:[omNode-3|localhost:15017, omNode-1|localhost:15009, omNode-2|localhost:15013]|listeners:[], old=null}
2025-04-23 14:38:33,859 [omNode-3@group-523986131536-LeaderElection27] INFO  server.RaftServerConfigKeys (ConfUtils.java:logFallback(53)) - raft.server.rpc.first-election.timeout.min = 1s (fallback to raft.server.rpc.timeout.min)
2025-04-23 14:38:33,859 [omNode-3@group-523986131536-LeaderElection27-2] INFO  server.GrpcServerProtocolClient (GrpcServerProtocolClient.java:<init>(65)) - Build channel for omNode-2|localhost:15013
2025-04-23 14:38:33,859 [omNode-3@group-523986131536-LeaderElection27] INFO  server.RaftServerConfigKeys (ConfUtils.java:logFallback(53)) - raft.server.rpc.first-election.timeout.max = 1200ms (fallback to raft.server.rpc.timeout.max)
2025-04-23 14:38:33,861 [omNode-3@group-523986131536-LeaderElection27-1] INFO  server.GrpcServerProtocolClient (GrpcServerProtocolClient.java:<init>(65)) - Build channel for omNode-1|localhost:15009
2025-04-23 14:38:33,870 [grpc-default-executor-8] INFO  server.RaftServer$Division (RaftServerImpl.java:requestVote(1407)) - omNode-1@group-523986131536: receive requestVote(PRE_VOTE, omNode-3, group-523986131536, 10, (t:10, i:106))
2025-04-23 14:38:33,870 [grpc-default-executor-8] INFO  impl.VoteContext (VoteContext.java:log(49)) - omNode-1@group-523986131536-FOLLOWER: accept PRE_VOTE from omNode-3: our priority 0 <= candidate's priority 0
2025-04-23 14:38:33,870 [grpc-default-executor-8] INFO  server.RaftServer$Division (RaftServerImpl.java:requestVote(1441)) - omNode-1@group-523986131536 replies to PRE_VOTE vote request: omNode-3<-omNode-1#0:OK-t10. Peer's state: omNode-1@group-523986131536:t10, leader=null, voted=omNode-3, raftlog=Memoized:omNode-1@group-523986131536-SegmentedRaftLog:OPENED:c105:last(t:10, i:106), conf=conf: {index: 105, cur=peers:[omNode-3|localhost:15017, omNode-1|localhost:15009, omNode-2|localhost:15013]|listeners:[], old=null}
2025-04-23 14:38:33,870 [grpc-default-executor-5] INFO  server.RaftServer$Division (RaftServerImpl.java:requestVote(1407)) - omNode-2@group-523986131536: receive requestVote(PRE_VOTE, omNode-3, group-523986131536, 10, (t:10, i:106))
2025-04-23 14:38:33,870 [grpc-default-executor-5] INFO  impl.VoteContext (VoteContext.java:log(49)) - omNode-2@group-523986131536-FOLLOWER: accept PRE_VOTE from omNode-3: our priority 0 <= candidate's priority 0
2025-04-23 14:38:33,870 [grpc-default-executor-5] INFO  server.RaftServer$Division (RaftServerImpl.java:requestVote(1441)) - omNode-2@group-523986131536 replies to PRE_VOTE vote request: omNode-3<-omNode-2#0:OK-t10. Peer's state: omNode-2@group-523986131536:t10, leader=null, voted=omNode-3, raftlog=Memoized:omNode-2@group-523986131536-SegmentedRaftLog:OPENED:c106:last(t:10, i:106), conf=conf: {index: 105, cur=peers:[omNode-3|localhost:15017, omNode-1|localhost:15009, omNode-2|localhost:15013]|listeners:[], old=null}
2025-04-23 14:38:33,873 [omNode-3@group-523986131536-LeaderElection27] INFO  impl.LeaderElection (LeaderElection.java:logAndReturn(90)) - omNode-3@group-523986131536-LeaderElection27: PRE_VOTE PASSED received 1 response(s) and 0 exception(s):
2025-04-23 14:38:33,873 [omNode-3@group-523986131536-LeaderElection27] INFO  impl.LeaderElection (LeaderElection.java:logAndReturn(94)) -   Response 0: omNode-3<-omNode-1#0:OK-t10
2025-04-23 14:38:33,873 [omNode-3@group-523986131536-LeaderElection27] INFO  impl.LeaderElection (LeaderElection.java:askForVotes(334)) - omNode-3@group-523986131536-LeaderElection27 PRE_VOTE round 0: result PASSED
2025-04-23 14:38:33,875 [omNode-3@group-523986131536-LeaderElection27] INFO  impl.LeaderElection (LeaderElection.java:askForVotes(332)) - omNode-3@group-523986131536-LeaderElection27 ELECTION round 0: submit vote requests at term 11 for conf: {index: 105, cur=peers:[omNode-3|localhost:15017, omNode-1|localhost:15009, omNode-2|localhost:15013]|listeners:[], old=null}
2025-04-23 14:38:33,876 [omNode-3@group-523986131536-LeaderElection27] INFO  server.RaftServerConfigKeys (ConfUtils.java:logFallback(53)) - raft.server.rpc.first-election.timeout.min = 1s (fallback to raft.server.rpc.timeout.min)
2025-04-23 14:38:33,876 [omNode-3@group-523986131536-LeaderElection27] INFO  server.RaftServerConfigKeys (ConfUtils.java:logFallback(53)) - raft.server.rpc.first-election.timeout.max = 1200ms (fallback to raft.server.rpc.timeout.max)
2025-04-23 14:38:33,877 [grpc-default-executor-8] INFO  server.RaftServer$Division (RaftServerImpl.java:requestVote(1407)) - omNode-1@group-523986131536: receive requestVote(ELECTION, omNode-3, group-523986131536, 11, (t:10, i:106))
2025-04-23 14:38:33,877 [grpc-default-executor-8] INFO  impl.VoteContext (VoteContext.java:log(49)) - omNode-1@group-523986131536-FOLLOWER: accept ELECTION from omNode-3: our priority 0 <= candidate's priority 0
2025-04-23 14:38:33,877 [grpc-default-executor-8] INFO  server.RaftServer$Division (RaftServerImpl.java:setRole(378)) - omNode-1@group-523986131536: changes role from  FOLLOWER to FOLLOWER at term 10 for candidate:omNode-3
2025-04-23 14:38:33,878 [grpc-default-executor-8] INFO  impl.RoleInfo (RoleInfo.java:shutdownFollowerState(121)) - omNode-1: shutdown omNode-1@group-523986131536-FollowerState
2025-04-23 14:38:33,878 [grpc-default-executor-8] INFO  impl.RoleInfo (RoleInfo.java:updateAndGet(148)) - omNode-1: start omNode-1@group-523986131536-FollowerState
2025-04-23 14:38:33,878 [omNode-1@group-523986131536-FollowerState] INFO  impl.FollowerState (FollowerState.java:runImpl(170)) - omNode-1@group-523986131536-FollowerState was interrupted
2025-04-23 14:38:33,880 [grpc-default-executor-5] INFO  server.RaftServer$Division (RaftServerImpl.java:requestVote(1407)) - omNode-2@group-523986131536: receive requestVote(ELECTION, omNode-3, group-523986131536, 11, (t:10, i:106))
2025-04-23 14:38:33,880 [grpc-default-executor-5] INFO  impl.VoteContext (VoteContext.java:log(49)) - omNode-2@group-523986131536-FOLLOWER: accept ELECTION from omNode-3: our priority 0 <= candidate's priority 0
2025-04-23 14:38:33,880 [grpc-default-executor-5] INFO  server.RaftServer$Division (RaftServerImpl.java:setRole(378)) - omNode-2@group-523986131536: changes role from  FOLLOWER to FOLLOWER at term 10 for candidate:omNode-3
2025-04-23 14:38:33,880 [grpc-default-executor-5] INFO  impl.RoleInfo (RoleInfo.java:shutdownFollowerState(121)) - omNode-2: shutdown omNode-2@group-523986131536-FollowerState
2025-04-23 14:38:33,880 [grpc-default-executor-5] INFO  impl.RoleInfo (RoleInfo.java:updateAndGet(148)) - omNode-2: start omNode-2@group-523986131536-FollowerState
2025-04-23 14:38:33,880 [grpc-default-executor-8] INFO  server.RaftServer$Division (RaftServerImpl.java:setFirstElection(562)) - omNode-1@group-523986131536: set firstElectionSinceStartup to false for candidate:omNode-3
2025-04-23 14:38:33,882 [grpc-default-executor-5] INFO  server.RaftServer$Division (RaftServerImpl.java:setFirstElection(562)) - omNode-2@group-523986131536: set firstElectionSinceStartup to false for candidate:omNode-3
2025-04-23 14:38:33,883 [omNode-2@group-523986131536-FollowerState] INFO  impl.FollowerState (FollowerState.java:runImpl(170)) - omNode-2@group-523986131536-FollowerState was interrupted
2025-04-23 14:38:33,883 [grpc-default-executor-8] INFO  server.RaftServer$Division (RaftServerImpl.java:requestVote(1441)) - omNode-1@group-523986131536 replies to ELECTION vote request: omNode-3<-omNode-1#0:OK-t11. Peer's state: omNode-1@group-523986131536:t11, leader=null, voted=omNode-3, raftlog=Memoized:omNode-1@group-523986131536-SegmentedRaftLog:OPENED:c105:last(t:10, i:106), conf=conf: {index: 105, cur=peers:[omNode-3|localhost:15017, omNode-1|localhost:15009, omNode-2|localhost:15013]|listeners:[], old=null}
2025-04-23 14:38:33,883 [grpc-default-executor-5] INFO  server.RaftServer$Division (RaftServerImpl.java:requestVote(1441)) - omNode-2@group-523986131536 replies to ELECTION vote request: omNode-3<-omNode-2#0:OK-t11. Peer's state: omNode-2@group-523986131536:t11, leader=null, voted=omNode-3, raftlog=Memoized:omNode-2@group-523986131536-SegmentedRaftLog:OPENED:c106:last(t:10, i:106), conf=conf: {index: 105, cur=peers:[omNode-3|localhost:15017, omNode-1|localhost:15009, omNode-2|localhost:15013]|listeners:[], old=null}
2025-04-23 14:38:33,884 [omNode-3@group-523986131536-LeaderElection27] INFO  impl.LeaderElection (LeaderElection.java:logAndReturn(90)) - omNode-3@group-523986131536-LeaderElection27: ELECTION PASSED received 1 response(s) and 0 exception(s):
2025-04-23 14:38:33,884 [omNode-3@group-523986131536-LeaderElection27] INFO  impl.LeaderElection (LeaderElection.java:logAndReturn(94)) -   Response 0: omNode-3<-omNode-1#0:OK-t11
2025-04-23 14:38:33,885 [omNode-3@group-523986131536-LeaderElection27] INFO  impl.LeaderElection (LeaderElection.java:askForVotes(334)) - omNode-3@group-523986131536-LeaderElection27 ELECTION round 0: result PASSED
2025-04-23 14:38:33,885 [omNode-3@group-523986131536-LeaderElection27] INFO  impl.RoleInfo (RoleInfo.java:shutdownLeaderElection(141)) - omNode-3: shutdown omNode-3@group-523986131536-LeaderElection27
2025-04-23 14:38:33,885 [omNode-3@group-523986131536-LeaderElection27] INFO  server.RaftServer$Division (RaftServerImpl.java:setRole(378)) - omNode-3@group-523986131536: changes role from CANDIDATE to LEADER at term 11 for changeToLeader
2025-04-23 14:38:33,885 [omNode-3@group-523986131536-LeaderElection27] INFO  server.RaftServerConfigKeys (ConfUtils.java:logGet(46)) - raft.server.staging.catchup.gap = 1000 (default)
2025-04-23 14:38:33,886 [omNode-3@group-523986131536-LeaderElection27] INFO  server.RaftServerConfigKeys (ConfUtils.java:logGet(46)) - raft.server.write.element-limit = 4096 (default)
2025-04-23 14:38:33,886 [omNode-3@group-523986131536-LeaderElection27] INFO  server.RaftServerConfigKeys (ConfUtils.java:logGet(46)) - raft.server.write.byte-limit = 64MB (=67108864) (default)
2025-04-23 14:38:33,886 [omNode-3@group-523986131536-LeaderElection27] INFO  server.RaftServerConfigKeys (ConfUtils.java:logGet(46)) - raft.server.watch.timeout = 10s (default)
2025-04-23 14:38:33,886 [omNode-3@group-523986131536-LeaderElection27] INFO  server.RaftServerConfigKeys (ConfUtils.java:logGet(46)) - raft.server.watch.timeout.denomination = 1s (default)
2025-04-23 14:38:33,886 [omNode-3@group-523986131536-LeaderElection27] INFO  server.RaftServerConfigKeys (ConfUtils.java:logGet(46)) - raft.server.watch.element-limit = 65536 (default)
2025-04-23 14:38:33,886 [omNode-3@group-523986131536-LeaderElection27] INFO  server.RaftServerConfigKeys (ConfUtils.java:logGet(46)) - raft.server.read.leader.lease.enabled = false (default)
2025-04-23 14:38:33,886 [omNode-3@group-523986131536-LeaderElection27] INFO  server.RaftServerConfigKeys (ConfUtils.java:logGet(46)) - raft.server.read.leader.lease.timeout.ratio = 0.9 (default)
2025-04-23 14:38:33,887 [omNode-3@group-523986131536-LeaderElection27] INFO  server.RaftServerConfigKeys (ConfUtils.java:logGet(46)) - raft.server.rpc.timeout.min = 1s (custom)
2025-04-23 14:38:33,887 [omNode-3@group-523986131536-LeaderElection27] INFO  server.RaftServerConfigKeys (ConfUtils.java:logGet(46)) - raft.server.log.log-metadata.enabled = true (default)
2025-04-23 14:38:33,887 [omNode-3@group-523986131536-LeaderElection27] INFO  server.RaftServerConfigKeys (ConfUtils.java:logGet(46)) - raft.server.write.element-limit = 4096 (default)
2025-04-23 14:38:33,887 [omNode-3@group-523986131536-LeaderElection27] INFO  server.RaftServerConfigKeys (ConfUtils.java:logGet(46)) - raft.server.write.follower.gap.ratio.max = -1.0 (default)
2025-04-23 14:38:33,887 [omNode-3@group-523986131536-LeaderElection27] INFO  server.RaftServerConfigKeys (ConfUtils.java:logGet(46)) - raft.server.log.appender.snapshot.chunk.size.max = 16MB (=16777216) (default)
2025-04-23 14:38:33,887 [omNode-3@group-523986131536-LeaderElection27] INFO  server.RaftServerConfigKeys (ConfUtils.java:logGet(46)) - raft.server.log.appender.buffer.byte-limit = 4194304 (custom)
2025-04-23 14:38:33,887 [omNode-3@group-523986131536-LeaderElection27] INFO  server.RaftServerConfigKeys (ConfUtils.java:logGet(46)) - raft.server.log.appender.buffer.element-limit = 1024 (custom)
2025-04-23 14:38:33,887 [omNode-3@group-523986131536-LeaderElection27] INFO  server.RaftServerConfigKeys (ConfUtils.java:logGet(46)) - raft.server.log.appender.wait-time.min = 0ms (custom)
2025-04-23 14:38:33,887 [omNode-3@group-523986131536-LeaderElection27] INFO  grpc.GrpcConfigKeys (ConfUtils.java:logGet(46)) - raft.grpc.server.leader.outstanding.appends.max = 8 (default)
2025-04-23 14:38:33,887 [omNode-3@group-523986131536-LeaderElection27] INFO  server.RaftServerConfigKeys (ConfUtils.java:logGet(46)) - raft.server.rpc.request.timeout = 3000ms (default)
2025-04-23 14:38:33,887 [omNode-3@group-523986131536-LeaderElection27] INFO  grpc.GrpcConfigKeys (ConfUtils.java:logGet(46)) - raft.grpc.server.install_snapshot.request.element-limit = 8 (default)
2025-04-23 14:38:33,890 [omNode-3@group-523986131536-LeaderElection27] INFO  grpc.GrpcConfigKeys (ConfUtils.java:logGet(46)) - raft.grpc.server.install_snapshot.request.timeout = 3000ms (default)
2025-04-23 14:38:33,890 [omNode-3@group-523986131536-LeaderElection27] INFO  grpc.GrpcConfigKeys (ConfUtils.java:logGet(46)) - raft.grpc.server.log-message.batch.duration = 5s (default)
2025-04-23 14:38:33,890 [omNode-3@group-523986131536-LeaderElection27] INFO  server.RaftServerConfigKeys (ConfUtils.java:logGet(46)) - raft.server.log.appender.install.snapshot.enabled = false (custom)
2025-04-23 14:38:33,890 [omNode-3@group-523986131536-LeaderElection27] INFO  grpc.GrpcConfigKeys (ConfUtils.java:logGet(46)) - raft.grpc.server.heartbeat.channel = true (default)
2025-04-23 14:38:33,891 [omNode-3@group-523986131536-LeaderElection27] INFO  server.RaftServerConfigKeys (ConfUtils.java:logGet(46)) - raft.server.log.appender.snapshot.chunk.size.max = 16MB (=16777216) (default)
2025-04-23 14:38:33,892 [omNode-3@group-523986131536-LeaderElection27] INFO  server.RaftServerConfigKeys (ConfUtils.java:logGet(46)) - raft.server.log.appender.buffer.byte-limit = 4194304 (custom)
2025-04-23 14:38:33,892 [omNode-3@group-523986131536-LeaderElection27] INFO  server.RaftServerConfigKeys (ConfUtils.java:logGet(46)) - raft.server.log.appender.buffer.element-limit = 1024 (custom)
2025-04-23 14:38:33,892 [omNode-3@group-523986131536-LeaderElection27] INFO  server.RaftServerConfigKeys (ConfUtils.java:logGet(46)) - raft.server.log.appender.wait-time.min = 0ms (custom)
2025-04-23 14:38:33,892 [omNode-3@group-523986131536-LeaderElection27] INFO  grpc.GrpcConfigKeys (ConfUtils.java:logGet(46)) - raft.grpc.server.leader.outstanding.appends.max = 8 (default)
2025-04-23 14:38:33,892 [omNode-3@group-523986131536-LeaderElection27] INFO  server.RaftServerConfigKeys (ConfUtils.java:logGet(46)) - raft.server.rpc.request.timeout = 3000ms (default)
2025-04-23 14:38:33,892 [omNode-3@group-523986131536-LeaderElection27] INFO  grpc.GrpcConfigKeys (ConfUtils.java:logGet(46)) - raft.grpc.server.install_snapshot.request.element-limit = 8 (default)
2025-04-23 14:38:33,892 [omNode-3@group-523986131536-LeaderElection27] INFO  grpc.GrpcConfigKeys (ConfUtils.java:logGet(46)) - raft.grpc.server.install_snapshot.request.timeout = 3000ms (default)
2025-04-23 14:38:33,892 [omNode-3@group-523986131536-LeaderElection27] INFO  grpc.GrpcConfigKeys (ConfUtils.java:logGet(46)) - raft.grpc.server.log-message.batch.duration = 5s (default)
2025-04-23 14:38:33,892 [omNode-3@group-523986131536-LeaderElection27] INFO  server.RaftServerConfigKeys (ConfUtils.java:logGet(46)) - raft.server.log.appender.install.snapshot.enabled = false (custom)
2025-04-23 14:38:33,892 [omNode-3@group-523986131536-LeaderElection27] INFO  grpc.GrpcConfigKeys (ConfUtils.java:logGet(46)) - raft.grpc.server.heartbeat.channel = true (default)
2025-04-23 14:38:33,892 [omNode-3@group-523986131536-LeaderElection27] INFO  impl.RoleInfo (RoleInfo.java:updateAndGet(148)) - omNode-3: start omNode-3@group-523986131536-LeaderStateImpl
2025-04-23 14:38:33,892 [omNode-3@group-523986131536-LeaderElection27] INFO  server.RaftServer$Division (RaftServerImpl.java:setFirstElection(562)) - omNode-3@group-523986131536: set firstElectionSinceStartup to false for becomeLeader
2025-04-23 14:38:33,893 [omNode-3@group-523986131536-LeaderElection27] INFO  ratis.OzoneManagerStateMachine (OzoneManagerStateMachine.java:notifyLeaderChanged(169)) - omNode-3@group-523986131536: leader changed to omNode-3
2025-04-23 14:38:33,893 [omNode-3@group-523986131536-LeaderElection27] INFO  server.RaftServer$Division (ServerState.java:setLeader(272)) - omNode-3@group-523986131536: change Leader from null to omNode-3 at term 11 for becomeLeader, leader elected after 1080ms
2025-04-23 14:38:33,894 [omNode-3@group-523986131536-LeaderElection27] INFO  segmented.SegmentedRaftLogWorker (SegmentedRaftLogWorker.java:rollLogSegment(443)) - omNode-3@group-523986131536-SegmentedRaftLogWorker: Rolling segment log-105_106 to index:106
2025-04-23 14:38:33,894 [omNode-3@group-523986131536-LeaderElection27] INFO  server.RaftServer$Division (ServerState.java:setRaftConf(386)) - omNode-3@group-523986131536: set configuration conf: {index: 107, cur=peers:[omNode-3|localhost:15017, omNode-1|localhost:15009, omNode-2|localhost:15013]|listeners:[], old=null}
2025-04-23 14:38:33,894 [omNode-3@group-523986131536-SegmentedRaftLogWorker] INFO  segmented.SegmentedRaftLogWorker (SegmentedRaftLogWorker.java:execute(601)) - omNode-3@group-523986131536-SegmentedRaftLogWorker: Rolled log segment from /home/runner/work/ozone/ozone/hadoop-ozone/integration-test/target/test-dir/MiniOzoneClusterImpl-68853c07-42d2-4ef8-9e75-e3a852294e6a/omNode-3/ratis/c9bc4cf4-3bc3-3c60-a66b-523986131536/current/log_inprogress_105 to /home/runner/work/ozone/ozone/hadoop-ozone/integration-test/target/test-dir/MiniOzoneClusterImpl-68853c07-42d2-4ef8-9e75-e3a852294e6a/omNode-3/ratis/c9bc4cf4-3bc3-3c60-a66b-523986131536/current/log_105-106
2025-04-23 14:38:33,895 [omNode-3@group-523986131536-SegmentedRaftLogWorker] INFO  segmented.BufferedWriteChannel (BufferedWriteChannel.java:open(61)) - open log_inprogress_107 at position 0
2025-04-23 14:38:33,909 [omNode-1-server-thread1] INFO  ratis.OzoneManagerStateMachine (OzoneManagerStateMachine.java:notifyLeaderChanged(169)) - omNode-1@group-523986131536: leader changed to omNode-3
2025-04-23 14:38:33,909 [omNode-1-server-thread1] INFO  server.RaftServer$Division (ServerState.java:setLeader(272)) - omNode-1@group-523986131536: change Leader from null to omNode-3 at term 11 for appendEntries, leader elected after 654ms
2025-04-23 14:38:33,911 [omNode-2-server-thread1] INFO  ratis.OzoneManagerStateMachine (OzoneManagerStateMachine.java:notifyLeaderChanged(169)) - omNode-2@group-523986131536: leader changed to omNode-3
2025-04-23 14:38:33,911 [omNode-2-server-thread1] INFO  server.RaftServer$Division (ServerState.java:setLeader(272)) - omNode-2@group-523986131536: change Leader from null to omNode-3 at term 11 for appendEntries, leader elected after 177ms
2025-04-23 14:38:33,911 [omNode-2-server-thread1] INFO  server.RaftServer$Division (ServerState.java:setRaftConf(386)) - omNode-2@group-523986131536: set configuration conf: {index: 107, cur=peers:[omNode-3|localhost:15017, omNode-1|localhost:15009, omNode-2|localhost:15013]|listeners:[], old=null}
2025-04-23 14:38:33,911 [omNode-2-server-thread1] INFO  segmented.SegmentedRaftLogWorker (SegmentedRaftLogWorker.java:rollLogSegment(443)) - omNode-2@group-523986131536-SegmentedRaftLogWorker: Rolling segment log-105_106 to index:106
2025-04-23 14:38:33,912 [omNode-1-server-thread2] INFO  server.RaftServer$Division (ServerState.java:setRaftConf(386)) - omNode-1@group-523986131536: set configuration conf: {index: 107, cur=peers:[omNode-3|localhost:15017, omNode-1|localhost:15009, omNode-2|localhost:15013]|listeners:[], old=null}
2025-04-23 14:38:33,913 [omNode-1-server-thread2] INFO  segmented.SegmentedRaftLogWorker (SegmentedRaftLogWorker.java:rollLogSegment(443)) - omNode-1@group-523986131536-SegmentedRaftLogWorker: Rolling segment log-105_106 to index:106
2025-04-23 14:38:33,913 [omNode-2@group-523986131536-SegmentedRaftLogWorker] INFO  segmented.SegmentedRaftLogWorker (SegmentedRaftLogWorker.java:execute(601)) - omNode-2@group-523986131536-SegmentedRaftLogWorker: Rolled log segment from /home/runner/work/ozone/ozone/hadoop-ozone/integration-test/target/test-dir/MiniOzoneClusterImpl-68853c07-42d2-4ef8-9e75-e3a852294e6a/omNode-2/ratis/c9bc4cf4-3bc3-3c60-a66b-523986131536/current/log_inprogress_105 to /home/runner/work/ozone/ozone/hadoop-ozone/integration-test/target/test-dir/MiniOzoneClusterImpl-68853c07-42d2-4ef8-9e75-e3a852294e6a/omNode-2/ratis/c9bc4cf4-3bc3-3c60-a66b-523986131536/current/log_105-106
2025-04-23 14:38:33,913 [omNode-1@group-523986131536-SegmentedRaftLogWorker] INFO  segmented.SegmentedRaftLogWorker (SegmentedRaftLogWorker.java:execute(601)) - omNode-1@group-523986131536-SegmentedRaftLogWorker: Rolled log segment from /home/runner/work/ozone/ozone/hadoop-ozone/integration-test/target/test-dir/MiniOzoneClusterImpl-68853c07-42d2-4ef8-9e75-e3a852294e6a/omNode-1/ratis/c9bc4cf4-3bc3-3c60-a66b-523986131536/current/log_inprogress_105 to /home/runner/work/ozone/ozone/hadoop-ozone/integration-test/target/test-dir/MiniOzoneClusterImpl-68853c07-42d2-4ef8-9e75-e3a852294e6a/omNode-1/ratis/c9bc4cf4-3bc3-3c60-a66b-523986131536/current/log_105-106
2025-04-23 14:38:33,914 [omNode-2@group-523986131536-SegmentedRaftLogWorker] INFO  segmented.BufferedWriteChannel (BufferedWriteChannel.java:open(61)) - open log_inprogress_107 at position 0
2025-04-23 14:38:33,914 [omNode-1@group-523986131536-SegmentedRaftLogWorker] INFO  segmented.BufferedWriteChannel (BufferedWriteChannel.java:open(61)) - open log_inprogress_107 at position 0
2025-04-23 14:38:33,917 [omNode-3@group-523986131536-SegmentedRaftLogWorker] INFO  segmented.SegmentedRaftLogWorker (SegmentedRaftLogWorker.java:execute(644)) - omNode-3@group-523986131536-SegmentedRaftLogWorker: created new log segment /home/runner/work/ozone/ozone/hadoop-ozone/integration-test/target/test-dir/MiniOzoneClusterImpl-68853c07-42d2-4ef8-9e75-e3a852294e6a/omNode-3/ratis/c9bc4cf4-3bc3-3c60-a66b-523986131536/current/log_inprogress_107
2025-04-23 14:38:33,928 [omNode-2@group-523986131536-SegmentedRaftLogWorker] INFO  segmented.SegmentedRaftLogWorker (SegmentedRaftLogWorker.java:execute(644)) - omNode-2@group-523986131536-SegmentedRaftLogWorker: created new log segment /home/runner/work/ozone/ozone/hadoop-ozone/integration-test/target/test-dir/MiniOzoneClusterImpl-68853c07-42d2-4ef8-9e75-e3a852294e6a/omNode-2/ratis/c9bc4cf4-3bc3-3c60-a66b-523986131536/current/log_inprogress_107
2025-04-23 14:38:33,929 [omNode-1@group-523986131536-SegmentedRaftLogWorker] INFO  segmented.SegmentedRaftLogWorker (SegmentedRaftLogWorker.java:execute(644)) - omNode-1@group-523986131536-SegmentedRaftLogWorker: created new log segment /home/runner/work/ozone/ozone/hadoop-ozone/integration-test/target/test-dir/MiniOzoneClusterImpl-68853c07-42d2-4ef8-9e75-e3a852294e6a/omNode-1/ratis/c9bc4cf4-3bc3-3c60-a66b-523986131536/current/log_inprogress_107
2025-04-23 14:38:33,931 [omNode-3@group-523986131536-StateMachineUpdater] INFO  ratis.OzoneManagerStateMachine (OzoneManagerStateMachine.java:notifyConfigurationChanged(231)) - notifyConfigurationChanged from Ratis: term=11, index=107, New Peer list: omNode-3(localhost:15017), omNode-1(localhost:15009), omNode-2(localhost:15013)
2025-04-23 14:38:33,931 [omNode-3@group-523986131536-StateMachineUpdater] INFO  server.RaftServer$Division (LeaderStateImpl.java:checkStartIndex(313)) - Leader omNode-3@group-523986131536-LeaderStateImpl is ready since appliedIndex == startIndex == 107
2025-04-23 14:38:33,934 [omNode-2@group-523986131536-StateMachineUpdater] INFO  ratis.OzoneManagerStateMachine (OzoneManagerStateMachine.java:notifyConfigurationChanged(231)) - notifyConfigurationChanged from Ratis: term=11, index=107, New Peer list: omNode-3(localhost:15017), omNode-1(localhost:15009), omNode-2(localhost:15013)
2025-04-23 14:38:33,935 [omNode-1@group-523986131536-StateMachineUpdater] INFO  ratis.OzoneManagerStateMachine (OzoneManagerStateMachine.java:notifyConfigurationChanged(231)) - notifyConfigurationChanged from Ratis: term=11, index=107, New Peer list: omNode-3(localhost:15017), omNode-1(localhost:15009), omNode-2(localhost:15013)
2025-04-23 14:38:34,160 [main] INFO  reflections.Reflections (Reflections.java:scan(219)) - Reflections took 414 ms to scan 22 urls, producing 61 keys and 7422 values
2025-04-23 14:38:34,161 [main] INFO  ipc.CallQueueManager (CallQueueManager.java:<init>(93)) - Using callQueue: class java.util.concurrent.LinkedBlockingQueue, queueCapacity: 2000, scheduler: class org.apache.hadoop.ipc.DefaultRpcScheduler, ipcBackoff: false, ipcFailOver: false.
2025-04-23 14:38:34,162 [main] INFO  ipc.Server (Server.java:<init>(1438)) - Listener at localhost:15010
2025-04-23 14:38:34,162 [Socket Reader #1 for port 15010] INFO  ipc.Server (Server.java:run(1474)) - Starting Socket Reader #1 for port 15010
2025-04-23 14:38:34,162 [Socket Reader #2 for port 15010] INFO  ipc.Server (Server.java:run(1474)) - Starting Socket Reader #2 for port 15010
2025-04-23 14:38:34,162 [Socket Reader #3 for port 15010] INFO  ipc.Server (Server.java:run(1474)) - Starting Socket Reader #3 for port 15010
2025-04-23 14:38:34,163 [Socket Reader #4 for port 15010] INFO  ipc.Server (Server.java:run(1474)) - Starting Socket Reader #4 for port 15010
2025-04-23 14:38:34,163 [Socket Reader #5 for port 15010] INFO  ipc.Server (Server.java:run(1474)) - Starting Socket Reader #5 for port 15010
2025-04-23 14:38:34,163 [Socket Reader #6 for port 15010] INFO  ipc.Server (Server.java:run(1474)) - Starting Socket Reader #6 for port 15010
2025-04-23 14:38:34,163 [Socket Reader #7 for port 15010] INFO  ipc.Server (Server.java:run(1474)) - Starting Socket Reader #7 for port 15010
2025-04-23 14:38:34,163 [Socket Reader #8 for port 15010] INFO  ipc.Server (Server.java:run(1474)) - Starting Socket Reader #8 for port 15010
2025-04-23 14:38:34,163 [Socket Reader #9 for port 15010] INFO  ipc.Server (Server.java:run(1474)) - Starting Socket Reader #9 for port 15010
2025-04-23 14:38:34,163 [Socket Reader #10 for port 15010] INFO  ipc.Server (Server.java:run(1474)) - Starting Socket Reader #10 for port 15010
2025-04-23 14:38:34,165 [main] INFO  http.BaseHttpServer (BaseHttpServer.java:newHttpServer2BuilderForOzone(229)) - Starting Web-server for ozoneManager at: http://0.0.0.0:15011
2025-04-23 14:38:34,165 [main] INFO  http.BaseHttpServer (BaseHttpServer.java:<init>(107)) - Hadoop Security Enabled: false Ozone Security Enabled: false Ozone HTTP Security Enabled: false 
2025-04-23 14:38:34,166 [main] WARN  server.AuthenticationFilter (AuthenticationFilter.java:constructSecretProvider(240)) - Unable to initialize FileSignerSecretProvider, falling back to use random secrets. Reason: Could not read signature secret file: /home/runner/hadoop-http-auth-signature-secret
2025-04-23 14:38:34,168 [main] INFO  http.HttpServer2 (HttpServer2.java:addGlobalFilter(1041)) - Added global filter 'safety' (class=org.apache.hadoop.hdds.server.http.HttpServer2$QuotingInputFilter)
2025-04-23 14:38:34,168 [main] INFO  http.HttpServer2 (HttpServer2.java:addFilter(1017)) - Added filter static_user_filter (class=org.apache.hadoop.http.lib.StaticUserWebFilter$StaticUserFilter) to context ozoneManager
2025-04-23 14:38:34,168 [main] INFO  http.HttpServer2 (HttpServer2.java:addFilter(1025)) - Added filter static_user_filter (class=org.apache.hadoop.http.lib.StaticUserWebFilter$StaticUserFilter) to context logs
2025-04-23 14:38:34,168 [main] INFO  http.HttpServer2 (HttpServer2.java:addFilter(1025)) - Added filter static_user_filter (class=org.apache.hadoop.http.lib.StaticUserWebFilter$StaticUserFilter) to context static
2025-04-23 14:38:34,169 [main] INFO  http.BaseHttpServer (BaseHttpServer.java:<init>(195)) - HTTP server of ozoneManager uses base directory /home/runner/work/ozone/ozone/hadoop-ozone/integration-test/target/test-dir/MiniOzoneClusterImpl-68853c07-42d2-4ef8-9e75-e3a852294e6a/omNode-2/webserver
2025-04-23 14:38:34,169 [main] INFO  http.HttpServer2 (HttpServer2.java:bindListener(1241)) - Jetty bound to port 15011
2025-04-23 14:38:34,169 [main] INFO  server.Server (Server.java:doStart(375)) - jetty-9.4.57.v20241219; built: 2025-01-08T21:24:30.412Z; git: df524e6b29271c2e09ba9aea83c18dc9db464a31; jvm 21.0.7+6-LTS
2025-04-23 14:38:34,170 [main] INFO  server.session (DefaultSessionIdManager.java:doStart(334)) - DefaultSessionIdManager workerName=node0
2025-04-23 14:38:34,170 [main] INFO  server.session (DefaultSessionIdManager.java:doStart(339)) - No SessionScavenger set, using defaults
2025-04-23 14:38:34,170 [main] INFO  server.session (HouseKeeper.java:startScavenging(132)) - node0 Scavenging every 660000ms
2025-04-23 14:38:34,171 [main] INFO  handler.ContextHandler (ContextHandler.java:doStart(921)) - Started o.e.j.s.ServletContextHandler@5d46c310{logs,/logs,file:///home/runner/work/ozone/ozone/hadoop-ozone/integration-test/target/log,AVAILABLE}
2025-04-23 14:38:34,171 [main] INFO  handler.ContextHandler (ContextHandler.java:doStart(921)) - Started o.e.j.s.ServletContextHandler@33feeba3{static,/static,file:///home/runner/work/ozone/ozone/hadoop-ozone/integration-test/target/test-classes/webapps/static,AVAILABLE}
2025-04-23 14:38:34,175 [main] INFO  handler.ContextHandler (ContextHandler.java:doStart(921)) - Started o.e.j.w.WebAppContext@78a53d32{ozoneManager,/,file:///home/runner/work/ozone/ozone/hadoop-ozone/integration-test/target/test-classes/webapps/ozoneManager/,AVAILABLE}{file:/home/runner/work/ozone/ozone/hadoop-ozone/integration-test/target/test-classes/webapps/ozoneManager}
2025-04-23 14:38:34,175 [main] INFO  server.AbstractConnector (AbstractConnector.java:doStart(333)) - Started ServerConnector@7c2b2358{HTTP/1.1, (http/1.1)}{0.0.0.0:15011}
2025-04-23 14:38:34,175 [main] INFO  server.Server (Server.java:doStart(415)) - Started @114454ms
2025-04-23 14:38:34,175 [main] WARN  impl.MetricsSystemImpl (MetricsSystemImpl.java:register(279)) - Sink prometheus already exists!
2025-04-23 14:38:34,175 [main] INFO  http.BaseHttpServer (BaseHttpServer.java:updateConnectorAddress(360)) - HTTP server of ozoneManager listening at http://0.0.0.0:15011
2025-04-23 14:38:34,176 [IPC Server Responder] INFO  ipc.Server (Server.java:run(1713)) - IPC Server Responder: starting
2025-04-23 14:38:34,176 [IPC Server listener on 15010] INFO  ipc.Server (Server.java:run(1553)) - IPC Server listener on 15010: starting
2025-04-23 14:38:34,178 [main] INFO  om.OzoneManager (OzoneManager.java:startTrashEmptier(2257)) - Trash Interval set to 0. Files deleted won't move to trash
]]></system-out>
  </testcase>
  <testcase name="testListVolumes" classname="org.apache.hadoop.ozone.om.TestOzoneManagerHAWithStoppedNodes" time="12.357">
    <system-out><![CDATA[2025-04-23 14:38:34,180 [main] INFO  rpc.RpcClient (RpcClient.java:createVolume(462)) - Creating Volume: vol-1416990145-0, with runner as owner and space quota set to -1 bytes, counts quota set to -1
2025-04-23 14:38:34,182 [main] INFO  retry.RetryInvocationHandler (RetryInvocationHandler.java:log(426)) - com.google.protobuf.ServiceException: org.apache.hadoop.ipc.RemoteException(org.apache.hadoop.ozone.om.exceptions.OMNotLeaderException): OM:omNode-1 is not the leader. Suggested leader is OM:omNode-3[localhost/127.0.0.1].
	at org.apache.hadoop.ozone.om.ratis.OzoneManagerRatisServer.newOMNotLeaderException(OzoneManagerRatisServer.java:813)
	at org.apache.hadoop.ozone.om.OzoneManager.checkLeaderStatus(OzoneManager.java:4355)
	at org.apache.hadoop.ozone.om.ratis.utils.OzoneManagerRatisUtils.checkLeaderStatus(OzoneManagerRatisUtils.java:500)
	at org.apache.hadoop.ozone.protocolPB.OzoneManagerProtocolServerSideTranslatorPB.internalProcessRequest(OzoneManagerProtocolServerSideTranslatorPB.java:165)
	at org.apache.hadoop.ozone.protocolPB.OzoneManagerProtocolServerSideTranslatorPB.processRequest(OzoneManagerProtocolServerSideTranslatorPB.java:125)
	at org.apache.hadoop.hdds.server.OzoneProtocolMessageDispatcher.processRequest(OzoneProtocolMessageDispatcher.java:87)
	at org.apache.hadoop.ozone.protocolPB.OzoneManagerProtocolServerSideTranslatorPB.submitRequest(OzoneManagerProtocolServerSideTranslatorPB.java:116)
	at org.apache.hadoop.ozone.protocol.proto.OzoneManagerProtocolProtos$OzoneManagerService$2.callBlockingMethod(OzoneManagerProtocolProtos.java)
	at org.apache.hadoop.ipc.ProtobufRpcEngine$Server.processCall(ProtobufRpcEngine.java:484)
	at org.apache.hadoop.ipc.ProtobufRpcEngine2$Server$ProtoBufRpcInvoker.call(ProtobufRpcEngine2.java:595)
	at org.apache.hadoop.ipc.ProtobufRpcEngine2$Server$ProtoBufRpcInvoker.call(ProtobufRpcEngine2.java:573)
	at org.apache.hadoop.ipc.RPC$Server.call(RPC.java:1227)
	at org.apache.hadoop.ipc.Server$RpcCall.run(Server.java:1246)
	at org.apache.hadoop.ipc.Server$RpcCall.run(Server.java:1169)
	at java.base/java.security.AccessController.doPrivileged(AccessController.java:714)
	at java.base/javax.security.auth.Subject.doAs(Subject.java:525)
	at org.apache.hadoop.security.UserGroupInformation.doAs(UserGroupInformation.java:1953)
	at org.apache.hadoop.ipc.Server$Handler.run(Server.java:3198)
, while invoking $Proxy68.submitRequest over nodeId=omNode-1,nodeAddress=127.0.0.1:15006. Trying to failover immediately. Current retry count: 0.
2025-04-23 14:38:34,184 [main] INFO  retry.RetryInvocationHandler (RetryInvocationHandler.java:log(426)) - com.google.protobuf.ServiceException: org.apache.hadoop.ipc.RemoteException(org.apache.hadoop.ozone.om.exceptions.OMNotLeaderException): OM:omNode-2 is not the leader. Suggested leader is OM:omNode-3[localhost/127.0.0.1].
	at org.apache.hadoop.ozone.om.ratis.OzoneManagerRatisServer.newOMNotLeaderException(OzoneManagerRatisServer.java:813)
	at org.apache.hadoop.ozone.om.OzoneManager.checkLeaderStatus(OzoneManager.java:4355)
	at org.apache.hadoop.ozone.om.ratis.utils.OzoneManagerRatisUtils.checkLeaderStatus(OzoneManagerRatisUtils.java:500)
	at org.apache.hadoop.ozone.protocolPB.OzoneManagerProtocolServerSideTranslatorPB.internalProcessRequest(OzoneManagerProtocolServerSideTranslatorPB.java:165)
	at org.apache.hadoop.ozone.protocolPB.OzoneManagerProtocolServerSideTranslatorPB.processRequest(OzoneManagerProtocolServerSideTranslatorPB.java:125)
	at org.apache.hadoop.hdds.server.OzoneProtocolMessageDispatcher.processRequest(OzoneProtocolMessageDispatcher.java:87)
	at org.apache.hadoop.ozone.protocolPB.OzoneManagerProtocolServerSideTranslatorPB.submitRequest(OzoneManagerProtocolServerSideTranslatorPB.java:116)
	at org.apache.hadoop.ozone.protocol.proto.OzoneManagerProtocolProtos$OzoneManagerService$2.callBlockingMethod(OzoneManagerProtocolProtos.java)
	at org.apache.hadoop.ipc.ProtobufRpcEngine$Server.processCall(ProtobufRpcEngine.java:484)
	at org.apache.hadoop.ipc.ProtobufRpcEngine2$Server$ProtoBufRpcInvoker.call(ProtobufRpcEngine2.java:595)
	at org.apache.hadoop.ipc.ProtobufRpcEngine2$Server$ProtoBufRpcInvoker.call(ProtobufRpcEngine2.java:573)
	at org.apache.hadoop.ipc.RPC$Server.call(RPC.java:1227)
	at org.apache.hadoop.ipc.Server$RpcCall.run(Server.java:1246)
	at org.apache.hadoop.ipc.Server$RpcCall.run(Server.java:1169)
	at java.base/java.security.AccessController.doPrivileged(AccessController.java:714)
	at java.base/javax.security.auth.Subject.doAs(Subject.java:525)
	at org.apache.hadoop.security.UserGroupInformation.doAs(UserGroupInformation.java:1953)
	at org.apache.hadoop.ipc.Server$Handler.run(Server.java:3198)
, while invoking $Proxy68.submitRequest over nodeId=omNode-2,nodeAddress=127.0.0.1:15010 after 1 failover attempts. Trying to failover immediately. Current retry count: 1.
2025-04-23 14:38:34,185 [main] INFO  retry.RetryInvocationHandler (RetryInvocationHandler.java:log(426)) - com.google.protobuf.ServiceException: java.io.EOFException: End of File Exception between local host is: "fv-az1120-822/10.1.0.114"; destination host is: "localhost":15014; : java.io.EOFException; For more details see:  http://wiki.apache.org/hadoop/EOFException, while invoking $Proxy68.submitRequest over nodeId=omNode-3,nodeAddress=127.0.0.1:15014 after 2 failover attempts. Trying to failover after sleeping for 2000ms. Current retry count: 2.
2025-04-23 14:38:36,186 [main] INFO  retry.RetryInvocationHandler (RetryInvocationHandler.java:log(426)) - com.google.protobuf.ServiceException: org.apache.hadoop.ipc.RemoteException(org.apache.hadoop.ozone.om.exceptions.OMNotLeaderException): OM:omNode-1 is not the leader. Suggested leader is OM:omNode-3[localhost/127.0.0.1].
	at org.apache.hadoop.ozone.om.ratis.OzoneManagerRatisServer.newOMNotLeaderException(OzoneManagerRatisServer.java:813)
	at org.apache.hadoop.ozone.om.OzoneManager.checkLeaderStatus(OzoneManager.java:4355)
	at org.apache.hadoop.ozone.om.ratis.utils.OzoneManagerRatisUtils.checkLeaderStatus(OzoneManagerRatisUtils.java:500)
	at org.apache.hadoop.ozone.protocolPB.OzoneManagerProtocolServerSideTranslatorPB.internalProcessRequest(OzoneManagerProtocolServerSideTranslatorPB.java:165)
	at org.apache.hadoop.ozone.protocolPB.OzoneManagerProtocolServerSideTranslatorPB.processRequest(OzoneManagerProtocolServerSideTranslatorPB.java:125)
	at org.apache.hadoop.hdds.server.OzoneProtocolMessageDispatcher.processRequest(OzoneProtocolMessageDispatcher.java:87)
	at org.apache.hadoop.ozone.protocolPB.OzoneManagerProtocolServerSideTranslatorPB.submitRequest(OzoneManagerProtocolServerSideTranslatorPB.java:116)
	at org.apache.hadoop.ozone.protocol.proto.OzoneManagerProtocolProtos$OzoneManagerService$2.callBlockingMethod(OzoneManagerProtocolProtos.java)
	at org.apache.hadoop.ipc.ProtobufRpcEngine$Server.processCall(ProtobufRpcEngine.java:484)
	at org.apache.hadoop.ipc.ProtobufRpcEngine2$Server$ProtoBufRpcInvoker.call(ProtobufRpcEngine2.java:595)
	at org.apache.hadoop.ipc.ProtobufRpcEngine2$Server$ProtoBufRpcInvoker.call(ProtobufRpcEngine2.java:573)
	at org.apache.hadoop.ipc.RPC$Server.call(RPC.java:1227)
	at org.apache.hadoop.ipc.Server$RpcCall.run(Server.java:1246)
	at org.apache.hadoop.ipc.Server$RpcCall.run(Server.java:1169)
	at java.base/java.security.AccessController.doPrivileged(AccessController.java:714)
	at java.base/javax.security.auth.Subject.doAs(Subject.java:525)
	at org.apache.hadoop.security.UserGroupInformation.doAs(UserGroupInformation.java:1953)
	at org.apache.hadoop.ipc.Server$Handler.run(Server.java:3198)
, while invoking $Proxy68.submitRequest over nodeId=omNode-1,nodeAddress=127.0.0.1:15006 after 3 failover attempts. Trying to failover immediately. Current retry count: 3.
2025-04-23 14:38:36,187 [main] INFO  retry.RetryInvocationHandler (RetryInvocationHandler.java:log(426)) - com.google.protobuf.ServiceException: org.apache.hadoop.ipc.RemoteException(org.apache.hadoop.ozone.om.exceptions.OMNotLeaderException): OM:omNode-2 is not the leader. Suggested leader is OM:omNode-3[localhost/127.0.0.1].
	at org.apache.hadoop.ozone.om.ratis.OzoneManagerRatisServer.newOMNotLeaderException(OzoneManagerRatisServer.java:813)
	at org.apache.hadoop.ozone.om.OzoneManager.checkLeaderStatus(OzoneManager.java:4355)
	at org.apache.hadoop.ozone.om.ratis.utils.OzoneManagerRatisUtils.checkLeaderStatus(OzoneManagerRatisUtils.java:500)
	at org.apache.hadoop.ozone.protocolPB.OzoneManagerProtocolServerSideTranslatorPB.internalProcessRequest(OzoneManagerProtocolServerSideTranslatorPB.java:165)
	at org.apache.hadoop.ozone.protocolPB.OzoneManagerProtocolServerSideTranslatorPB.processRequest(OzoneManagerProtocolServerSideTranslatorPB.java:125)
	at org.apache.hadoop.hdds.server.OzoneProtocolMessageDispatcher.processRequest(OzoneProtocolMessageDispatcher.java:87)
	at org.apache.hadoop.ozone.protocolPB.OzoneManagerProtocolServerSideTranslatorPB.submitRequest(OzoneManagerProtocolServerSideTranslatorPB.java:116)
	at org.apache.hadoop.ozone.protocol.proto.OzoneManagerProtocolProtos$OzoneManagerService$2.callBlockingMethod(OzoneManagerProtocolProtos.java)
	at org.apache.hadoop.ipc.ProtobufRpcEngine$Server.processCall(ProtobufRpcEngine.java:484)
	at org.apache.hadoop.ipc.ProtobufRpcEngine2$Server$ProtoBufRpcInvoker.call(ProtobufRpcEngine2.java:595)
	at org.apache.hadoop.ipc.ProtobufRpcEngine2$Server$ProtoBufRpcInvoker.call(ProtobufRpcEngine2.java:573)
	at org.apache.hadoop.ipc.RPC$Server.call(RPC.java:1227)
	at org.apache.hadoop.ipc.Server$RpcCall.run(Server.java:1246)
	at org.apache.hadoop.ipc.Server$RpcCall.run(Server.java:1169)
	at java.base/java.security.AccessController.doPrivileged(AccessController.java:714)
	at java.base/javax.security.auth.Subject.doAs(Subject.java:525)
	at org.apache.hadoop.security.UserGroupInformation.doAs(UserGroupInformation.java:1953)
	at org.apache.hadoop.ipc.Server$Handler.run(Server.java:3198)
, while invoking $Proxy68.submitRequest over nodeId=omNode-2,nodeAddress=127.0.0.1:15010 after 4 failover attempts. Trying to failover immediately. Current retry count: 4.
2025-04-23 14:38:36,193 [omNode-3-OMStateMachineApplyTransactionThread - 0] INFO  volume.OMVolumeCreateRequest (OMVolumeCreateRequest.java:validateAndUpdateCache(203)) - created volume:vol-1416990145-0 for user:runner
2025-04-23 14:38:36,193 [omNode-2-OMStateMachineApplyTransactionThread - 0] INFO  volume.OMVolumeCreateRequest (OMVolumeCreateRequest.java:validateAndUpdateCache(203)) - created volume:vol-1416990145-0 for user:runner
2025-04-23 14:38:36,193 [omNode-1-OMStateMachineApplyTransactionThread - 0] INFO  volume.OMVolumeCreateRequest (OMVolumeCreateRequest.java:validateAndUpdateCache(203)) - created volume:vol-1416990145-0 for user:runner
2025-04-23 14:38:36,194 [main] INFO  rpc.RpcClient (RpcClient.java:createVolume(462)) - Creating Volume: vol-1416990145-1, with runner as owner and space quota set to -1 bytes, counts quota set to -1
2025-04-23 14:38:36,198 [omNode-3-OMStateMachineApplyTransactionThread - 0] INFO  volume.OMVolumeCreateRequest (OMVolumeCreateRequest.java:validateAndUpdateCache(203)) - created volume:vol-1416990145-1 for user:runner
2025-04-23 14:38:36,199 [omNode-1-OMStateMachineApplyTransactionThread - 0] INFO  volume.OMVolumeCreateRequest (OMVolumeCreateRequest.java:validateAndUpdateCache(203)) - created volume:vol-1416990145-1 for user:runner
2025-04-23 14:38:36,199 [omNode-2-OMStateMachineApplyTransactionThread - 0] INFO  volume.OMVolumeCreateRequest (OMVolumeCreateRequest.java:validateAndUpdateCache(203)) - created volume:vol-1416990145-1 for user:runner
2025-04-23 14:38:36,200 [main] INFO  rpc.RpcClient (RpcClient.java:createVolume(462)) - Creating Volume: vol-1416990145-2, with runner as owner and space quota set to -1 bytes, counts quota set to -1
2025-04-23 14:38:36,213 [omNode-3-OMStateMachineApplyTransactionThread - 0] INFO  volume.OMVolumeCreateRequest (OMVolumeCreateRequest.java:validateAndUpdateCache(203)) - created volume:vol-1416990145-2 for user:runner
2025-04-23 14:38:36,214 [omNode-2-OMStateMachineApplyTransactionThread - 0] INFO  volume.OMVolumeCreateRequest (OMVolumeCreateRequest.java:validateAndUpdateCache(203)) - created volume:vol-1416990145-2 for user:runner
2025-04-23 14:38:36,214 [omNode-1-OMStateMachineApplyTransactionThread - 0] INFO  volume.OMVolumeCreateRequest (OMVolumeCreateRequest.java:validateAndUpdateCache(203)) - created volume:vol-1416990145-2 for user:runner
2025-04-23 14:38:36,215 [main] INFO  rpc.RpcClient (RpcClient.java:createVolume(462)) - Creating Volume: vol-1416990145-3, with runner as owner and space quota set to -1 bytes, counts quota set to -1
2025-04-23 14:38:36,218 [omNode-3-OMStateMachineApplyTransactionThread - 0] INFO  volume.OMVolumeCreateRequest (OMVolumeCreateRequest.java:validateAndUpdateCache(203)) - created volume:vol-1416990145-3 for user:runner
2025-04-23 14:38:36,219 [main] INFO  rpc.RpcClient (RpcClient.java:createVolume(462)) - Creating Volume: vol-1416990145-4, with runner as owner and space quota set to -1 bytes, counts quota set to -1
2025-04-23 14:38:36,219 [omNode-1-OMStateMachineApplyTransactionThread - 0] INFO  volume.OMVolumeCreateRequest (OMVolumeCreateRequest.java:validateAndUpdateCache(203)) - created volume:vol-1416990145-3 for user:runner
2025-04-23 14:38:36,219 [omNode-2-OMStateMachineApplyTransactionThread - 0] INFO  volume.OMVolumeCreateRequest (OMVolumeCreateRequest.java:validateAndUpdateCache(203)) - created volume:vol-1416990145-3 for user:runner
2025-04-23 14:38:36,223 [omNode-2-OMStateMachineApplyTransactionThread - 0] INFO  volume.OMVolumeCreateRequest (OMVolumeCreateRequest.java:validateAndUpdateCache(203)) - created volume:vol-1416990145-4 for user:runner
2025-04-23 14:38:36,223 [omNode-3-OMStateMachineApplyTransactionThread - 0] INFO  volume.OMVolumeCreateRequest (OMVolumeCreateRequest.java:validateAndUpdateCache(203)) - created volume:vol-1416990145-4 for user:runner
2025-04-23 14:38:36,224 [omNode-1-OMStateMachineApplyTransactionThread - 0] INFO  volume.OMVolumeCreateRequest (OMVolumeCreateRequest.java:validateAndUpdateCache(203)) - created volume:vol-1416990145-4 for user:runner
2025-04-23 14:38:36,224 [main] INFO  rpc.RpcClient (RpcClient.java:createVolume(462)) - Creating Volume: vol-1416990145-5, with runner as owner and space quota set to -1 bytes, counts quota set to -1
2025-04-23 14:38:36,227 [omNode-3-OMStateMachineApplyTransactionThread - 0] INFO  volume.OMVolumeCreateRequest (OMVolumeCreateRequest.java:validateAndUpdateCache(203)) - created volume:vol-1416990145-5 for user:runner
2025-04-23 14:38:36,228 [main] INFO  rpc.RpcClient (RpcClient.java:createVolume(462)) - Creating Volume: vol-1416990145-6, with runner as owner and space quota set to -1 bytes, counts quota set to -1
2025-04-23 14:38:36,229 [omNode-1-OMStateMachineApplyTransactionThread - 0] INFO  volume.OMVolumeCreateRequest (OMVolumeCreateRequest.java:validateAndUpdateCache(203)) - created volume:vol-1416990145-5 for user:runner
2025-04-23 14:38:36,231 [omNode-2-OMStateMachineApplyTransactionThread - 0] INFO  volume.OMVolumeCreateRequest (OMVolumeCreateRequest.java:validateAndUpdateCache(203)) - created volume:vol-1416990145-5 for user:runner
2025-04-23 14:38:36,232 [omNode-3-OMStateMachineApplyTransactionThread - 0] INFO  volume.OMVolumeCreateRequest (OMVolumeCreateRequest.java:validateAndUpdateCache(203)) - created volume:vol-1416990145-6 for user:runner
2025-04-23 14:38:36,232 [main] INFO  rpc.RpcClient (RpcClient.java:createVolume(462)) - Creating Volume: vol-1416990145-7, with runner as owner and space quota set to -1 bytes, counts quota set to -1
2025-04-23 14:38:36,234 [omNode-1-OMStateMachineApplyTransactionThread - 0] INFO  volume.OMVolumeCreateRequest (OMVolumeCreateRequest.java:validateAndUpdateCache(203)) - created volume:vol-1416990145-6 for user:runner
2025-04-23 14:38:36,234 [omNode-2-OMStateMachineApplyTransactionThread - 0] INFO  volume.OMVolumeCreateRequest (OMVolumeCreateRequest.java:validateAndUpdateCache(203)) - created volume:vol-1416990145-6 for user:runner
2025-04-23 14:38:36,238 [omNode-3-OMStateMachineApplyTransactionThread - 0] INFO  volume.OMVolumeCreateRequest (OMVolumeCreateRequest.java:validateAndUpdateCache(203)) - created volume:vol-1416990145-7 for user:runner
2025-04-23 14:38:36,240 [main] INFO  rpc.RpcClient (RpcClient.java:createVolume(462)) - Creating Volume: vol-1416990145-8, with runner as owner and space quota set to -1 bytes, counts quota set to -1
2025-04-23 14:38:36,240 [omNode-1-OMStateMachineApplyTransactionThread - 0] INFO  volume.OMVolumeCreateRequest (OMVolumeCreateRequest.java:validateAndUpdateCache(203)) - created volume:vol-1416990145-7 for user:runner
2025-04-23 14:38:36,240 [omNode-2-OMStateMachineApplyTransactionThread - 0] INFO  volume.OMVolumeCreateRequest (OMVolumeCreateRequest.java:validateAndUpdateCache(203)) - created volume:vol-1416990145-7 for user:runner
2025-04-23 14:38:36,243 [omNode-3-OMStateMachineApplyTransactionThread - 0] INFO  volume.OMVolumeCreateRequest (OMVolumeCreateRequest.java:validateAndUpdateCache(203)) - created volume:vol-1416990145-8 for user:runner
2025-04-23 14:38:36,244 [main] INFO  rpc.RpcClient (RpcClient.java:createVolume(462)) - Creating Volume: vol-1416990145-9, with runner as owner and space quota set to -1 bytes, counts quota set to -1
2025-04-23 14:38:36,246 [omNode-2-OMStateMachineApplyTransactionThread - 0] INFO  volume.OMVolumeCreateRequest (OMVolumeCreateRequest.java:validateAndUpdateCache(203)) - created volume:vol-1416990145-8 for user:runner
2025-04-23 14:38:36,247 [omNode-1-OMStateMachineApplyTransactionThread - 0] INFO  volume.OMVolumeCreateRequest (OMVolumeCreateRequest.java:validateAndUpdateCache(203)) - created volume:vol-1416990145-8 for user:runner
2025-04-23 14:38:36,248 [omNode-3-OMStateMachineApplyTransactionThread - 0] INFO  volume.OMVolumeCreateRequest (OMVolumeCreateRequest.java:validateAndUpdateCache(203)) - created volume:vol-1416990145-9 for user:runner
2025-04-23 14:38:36,250 [main] INFO  rpc.RpcClient (RpcClient.java:createVolume(462)) - Creating Volume: vol-1416990145-10, with runner as owner and space quota set to -1 bytes, counts quota set to -1
2025-04-23 14:38:36,251 [omNode-1-OMStateMachineApplyTransactionThread - 0] INFO  volume.OMVolumeCreateRequest (OMVolumeCreateRequest.java:validateAndUpdateCache(203)) - created volume:vol-1416990145-9 for user:runner
2025-04-23 14:38:36,252 [omNode-2-OMStateMachineApplyTransactionThread - 0] INFO  volume.OMVolumeCreateRequest (OMVolumeCreateRequest.java:validateAndUpdateCache(203)) - created volume:vol-1416990145-9 for user:runner
2025-04-23 14:38:36,254 [omNode-3-OMStateMachineApplyTransactionThread - 0] INFO  volume.OMVolumeCreateRequest (OMVolumeCreateRequest.java:validateAndUpdateCache(203)) - created volume:vol-1416990145-10 for user:runner
2025-04-23 14:38:36,255 [main] INFO  rpc.RpcClient (RpcClient.java:createVolume(462)) - Creating Volume: vol-1416990145-11, with runner as owner and space quota set to -1 bytes, counts quota set to -1
2025-04-23 14:38:36,256 [omNode-2-OMStateMachineApplyTransactionThread - 0] INFO  volume.OMVolumeCreateRequest (OMVolumeCreateRequest.java:validateAndUpdateCache(203)) - created volume:vol-1416990145-10 for user:runner
2025-04-23 14:38:36,256 [omNode-1-OMStateMachineApplyTransactionThread - 0] INFO  volume.OMVolumeCreateRequest (OMVolumeCreateRequest.java:validateAndUpdateCache(203)) - created volume:vol-1416990145-10 for user:runner
2025-04-23 14:38:36,260 [omNode-3-OMStateMachineApplyTransactionThread - 0] INFO  volume.OMVolumeCreateRequest (OMVolumeCreateRequest.java:validateAndUpdateCache(203)) - created volume:vol-1416990145-11 for user:runner
2025-04-23 14:38:36,261 [main] INFO  rpc.RpcClient (RpcClient.java:createVolume(462)) - Creating Volume: vol-1416990145-12, with runner as owner and space quota set to -1 bytes, counts quota set to -1
2025-04-23 14:38:36,261 [omNode-1-OMStateMachineApplyTransactionThread - 0] INFO  volume.OMVolumeCreateRequest (OMVolumeCreateRequest.java:validateAndUpdateCache(203)) - created volume:vol-1416990145-11 for user:runner
2025-04-23 14:38:36,261 [omNode-2-OMStateMachineApplyTransactionThread - 0] INFO  volume.OMVolumeCreateRequest (OMVolumeCreateRequest.java:validateAndUpdateCache(203)) - created volume:vol-1416990145-11 for user:runner
2025-04-23 14:38:36,264 [omNode-3-OMStateMachineApplyTransactionThread - 0] INFO  volume.OMVolumeCreateRequest (OMVolumeCreateRequest.java:validateAndUpdateCache(203)) - created volume:vol-1416990145-12 for user:runner
2025-04-23 14:38:36,265 [main] INFO  rpc.RpcClient (RpcClient.java:createVolume(462)) - Creating Volume: vol-1416990145-13, with runner as owner and space quota set to -1 bytes, counts quota set to -1
2025-04-23 14:38:36,266 [omNode-2-OMStateMachineApplyTransactionThread - 0] INFO  volume.OMVolumeCreateRequest (OMVolumeCreateRequest.java:validateAndUpdateCache(203)) - created volume:vol-1416990145-12 for user:runner
2025-04-23 14:38:36,267 [omNode-1-OMStateMachineApplyTransactionThread - 0] INFO  volume.OMVolumeCreateRequest (OMVolumeCreateRequest.java:validateAndUpdateCache(203)) - created volume:vol-1416990145-12 for user:runner
2025-04-23 14:38:36,269 [omNode-2-OMStateMachineApplyTransactionThread - 0] INFO  volume.OMVolumeCreateRequest (OMVolumeCreateRequest.java:validateAndUpdateCache(203)) - created volume:vol-1416990145-13 for user:runner
2025-04-23 14:38:36,269 [omNode-3-OMStateMachineApplyTransactionThread - 0] INFO  volume.OMVolumeCreateRequest (OMVolumeCreateRequest.java:validateAndUpdateCache(203)) - created volume:vol-1416990145-13 for user:runner
2025-04-23 14:38:36,270 [main] INFO  rpc.RpcClient (RpcClient.java:createVolume(462)) - Creating Volume: vol-1416990145-14, with runner as owner and space quota set to -1 bytes, counts quota set to -1
2025-04-23 14:38:36,272 [omNode-1-OMStateMachineApplyTransactionThread - 0] INFO  volume.OMVolumeCreateRequest (OMVolumeCreateRequest.java:validateAndUpdateCache(203)) - created volume:vol-1416990145-13 for user:runner
2025-04-23 14:38:36,273 [omNode-3-OMStateMachineApplyTransactionThread - 0] INFO  volume.OMVolumeCreateRequest (OMVolumeCreateRequest.java:validateAndUpdateCache(203)) - created volume:vol-1416990145-14 for user:runner
2025-04-23 14:38:36,275 [omNode-1-OMStateMachineApplyTransactionThread - 0] INFO  volume.OMVolumeCreateRequest (OMVolumeCreateRequest.java:validateAndUpdateCache(203)) - created volume:vol-1416990145-14 for user:runner
2025-04-23 14:38:36,275 [main] INFO  rpc.RpcClient (RpcClient.java:createVolume(462)) - Creating Volume: vol-1416990145-15, with runner as owner and space quota set to -1 bytes, counts quota set to -1
2025-04-23 14:38:36,276 [omNode-2-OMStateMachineApplyTransactionThread - 0] INFO  volume.OMVolumeCreateRequest (OMVolumeCreateRequest.java:validateAndUpdateCache(203)) - created volume:vol-1416990145-14 for user:runner
2025-04-23 14:38:36,278 [omNode-3-OMStateMachineApplyTransactionThread - 0] INFO  volume.OMVolumeCreateRequest (OMVolumeCreateRequest.java:validateAndUpdateCache(203)) - created volume:vol-1416990145-15 for user:runner
2025-04-23 14:38:36,279 [main] INFO  rpc.RpcClient (RpcClient.java:createVolume(462)) - Creating Volume: vol-1416990145-16, with runner as owner and space quota set to -1 bytes, counts quota set to -1
2025-04-23 14:38:36,279 [omNode-1-OMStateMachineApplyTransactionThread - 0] INFO  volume.OMVolumeCreateRequest (OMVolumeCreateRequest.java:validateAndUpdateCache(203)) - created volume:vol-1416990145-15 for user:runner
2025-04-23 14:38:36,280 [omNode-2-OMStateMachineApplyTransactionThread - 0] INFO  volume.OMVolumeCreateRequest (OMVolumeCreateRequest.java:validateAndUpdateCache(203)) - created volume:vol-1416990145-15 for user:runner
2025-04-23 14:38:36,282 [omNode-3-OMStateMachineApplyTransactionThread - 0] INFO  volume.OMVolumeCreateRequest (OMVolumeCreateRequest.java:validateAndUpdateCache(203)) - created volume:vol-1416990145-16 for user:runner
2025-04-23 14:38:36,283 [main] INFO  rpc.RpcClient (RpcClient.java:createVolume(462)) - Creating Volume: vol-1416990145-17, with runner as owner and space quota set to -1 bytes, counts quota set to -1
2025-04-23 14:38:36,284 [omNode-1-OMStateMachineApplyTransactionThread - 0] INFO  volume.OMVolumeCreateRequest (OMVolumeCreateRequest.java:validateAndUpdateCache(203)) - created volume:vol-1416990145-16 for user:runner
2025-04-23 14:38:36,284 [omNode-2-OMStateMachineApplyTransactionThread - 0] INFO  volume.OMVolumeCreateRequest (OMVolumeCreateRequest.java:validateAndUpdateCache(203)) - created volume:vol-1416990145-16 for user:runner
2025-04-23 14:38:36,288 [omNode-3-OMStateMachineApplyTransactionThread - 0] INFO  volume.OMVolumeCreateRequest (OMVolumeCreateRequest.java:validateAndUpdateCache(203)) - created volume:vol-1416990145-17 for user:runner
2025-04-23 14:38:36,289 [main] INFO  rpc.RpcClient (RpcClient.java:createVolume(462)) - Creating Volume: vol-1416990145-18, with runner as owner and space quota set to -1 bytes, counts quota set to -1
2025-04-23 14:38:36,290 [omNode-1-OMStateMachineApplyTransactionThread - 0] INFO  volume.OMVolumeCreateRequest (OMVolumeCreateRequest.java:validateAndUpdateCache(203)) - created volume:vol-1416990145-17 for user:runner
2025-04-23 14:38:36,291 [omNode-2-OMStateMachineApplyTransactionThread - 0] INFO  volume.OMVolumeCreateRequest (OMVolumeCreateRequest.java:validateAndUpdateCache(203)) - created volume:vol-1416990145-17 for user:runner
2025-04-23 14:38:36,294 [omNode-3-OMStateMachineApplyTransactionThread - 0] INFO  volume.OMVolumeCreateRequest (OMVolumeCreateRequest.java:validateAndUpdateCache(203)) - created volume:vol-1416990145-18 for user:runner
2025-04-23 14:38:36,294 [omNode-2-OMStateMachineApplyTransactionThread - 0] INFO  volume.OMVolumeCreateRequest (OMVolumeCreateRequest.java:validateAndUpdateCache(203)) - created volume:vol-1416990145-18 for user:runner
2025-04-23 14:38:36,295 [main] INFO  rpc.RpcClient (RpcClient.java:createVolume(462)) - Creating Volume: vol-1416990145-19, with runner as owner and space quota set to -1 bytes, counts quota set to -1
2025-04-23 14:38:36,296 [omNode-1-OMStateMachineApplyTransactionThread - 0] INFO  volume.OMVolumeCreateRequest (OMVolumeCreateRequest.java:validateAndUpdateCache(203)) - created volume:vol-1416990145-18 for user:runner
2025-04-23 14:38:36,298 [omNode-3-OMStateMachineApplyTransactionThread - 0] INFO  volume.OMVolumeCreateRequest (OMVolumeCreateRequest.java:validateAndUpdateCache(203)) - created volume:vol-1416990145-19 for user:runner
2025-04-23 14:38:36,299 [main] INFO  rpc.RpcClient (RpcClient.java:createVolume(462)) - Creating Volume: vol-1416990145-20, with runner as owner and space quota set to -1 bytes, counts quota set to -1
2025-04-23 14:38:36,300 [omNode-1-OMStateMachineApplyTransactionThread - 0] INFO  volume.OMVolumeCreateRequest (OMVolumeCreateRequest.java:validateAndUpdateCache(203)) - created volume:vol-1416990145-19 for user:runner
2025-04-23 14:38:36,301 [omNode-2-OMStateMachineApplyTransactionThread - 0] INFO  volume.OMVolumeCreateRequest (OMVolumeCreateRequest.java:validateAndUpdateCache(203)) - created volume:vol-1416990145-19 for user:runner
2025-04-23 14:38:36,303 [omNode-3-OMStateMachineApplyTransactionThread - 0] INFO  volume.OMVolumeCreateRequest (OMVolumeCreateRequest.java:validateAndUpdateCache(203)) - created volume:vol-1416990145-20 for user:runner
2025-04-23 14:38:36,304 [omNode-1-OMStateMachineApplyTransactionThread - 0] INFO  volume.OMVolumeCreateRequest (OMVolumeCreateRequest.java:validateAndUpdateCache(203)) - created volume:vol-1416990145-20 for user:runner
2025-04-23 14:38:36,305 [main] INFO  rpc.RpcClient (RpcClient.java:createVolume(462)) - Creating Volume: vol-1416990145-21, with runner as owner and space quota set to -1 bytes, counts quota set to -1
2025-04-23 14:38:36,306 [omNode-2-OMStateMachineApplyTransactionThread - 0] INFO  volume.OMVolumeCreateRequest (OMVolumeCreateRequest.java:validateAndUpdateCache(203)) - created volume:vol-1416990145-20 for user:runner
2025-04-23 14:38:36,308 [omNode-3-OMStateMachineApplyTransactionThread - 0] INFO  volume.OMVolumeCreateRequest (OMVolumeCreateRequest.java:validateAndUpdateCache(203)) - created volume:vol-1416990145-21 for user:runner
2025-04-23 14:38:36,309 [omNode-1-OMStateMachineApplyTransactionThread - 0] INFO  volume.OMVolumeCreateRequest (OMVolumeCreateRequest.java:validateAndUpdateCache(203)) - created volume:vol-1416990145-21 for user:runner
2025-04-23 14:38:36,310 [main] INFO  rpc.RpcClient (RpcClient.java:createVolume(462)) - Creating Volume: vol-1416990145-22, with runner as owner and space quota set to -1 bytes, counts quota set to -1
2025-04-23 14:38:36,311 [omNode-2-OMStateMachineApplyTransactionThread - 0] INFO  volume.OMVolumeCreateRequest (OMVolumeCreateRequest.java:validateAndUpdateCache(203)) - created volume:vol-1416990145-21 for user:runner
2025-04-23 14:38:36,313 [omNode-3-OMStateMachineApplyTransactionThread - 0] INFO  volume.OMVolumeCreateRequest (OMVolumeCreateRequest.java:validateAndUpdateCache(203)) - created volume:vol-1416990145-22 for user:runner
2025-04-23 14:38:36,315 [main] INFO  rpc.RpcClient (RpcClient.java:createVolume(462)) - Creating Volume: vol-1416990145-23, with runner as owner and space quota set to -1 bytes, counts quota set to -1
2025-04-23 14:38:36,316 [omNode-2-OMStateMachineApplyTransactionThread - 0] INFO  volume.OMVolumeCreateRequest (OMVolumeCreateRequest.java:validateAndUpdateCache(203)) - created volume:vol-1416990145-22 for user:runner
2025-04-23 14:38:36,320 [omNode-3-OMStateMachineApplyTransactionThread - 0] INFO  volume.OMVolumeCreateRequest (OMVolumeCreateRequest.java:validateAndUpdateCache(203)) - created volume:vol-1416990145-23 for user:runner
2025-04-23 14:38:36,321 [main] INFO  rpc.RpcClient (RpcClient.java:createVolume(462)) - Creating Volume: vol-1416990145-24, with runner as owner and space quota set to -1 bytes, counts quota set to -1
2025-04-23 14:38:36,322 [omNode-2-OMStateMachineApplyTransactionThread - 0] INFO  volume.OMVolumeCreateRequest (OMVolumeCreateRequest.java:validateAndUpdateCache(203)) - created volume:vol-1416990145-23 for user:runner
2025-04-23 14:38:36,338 [omNode-1@group-523986131536-StateMachineUpdater] INFO  ratis.OzoneManagerStateMachine (OzoneManagerStateMachine.java:takeSnapshotImpl(510)) - omNode-1: taking snapshot. applied = (t:11, i:152), skipped = 151, notified = (t:11, i:152), current snapshot index = (t:11, i:152), took 26 ms
2025-04-23 14:38:36,338 [omNode-3@group-523986131536-StateMachineUpdater] INFO  ratis.OzoneManagerStateMachine (OzoneManagerStateMachine.java:takeSnapshotImpl(510)) - omNode-3: taking snapshot. applied = (t:11, i:156), skipped = 155, notified = (t:11, i:156), current snapshot index = (t:11, i:156), took 16 ms
2025-04-23 14:38:36,338 [omNode-3@group-523986131536-StateMachineUpdater] INFO  impl.StateMachineUpdater (StateMachineUpdater.java:takeSnapshot(303)) - omNode-3@group-523986131536-StateMachineUpdater: Took a snapshot at index 156
2025-04-23 14:38:36,338 [omNode-3@group-523986131536-StateMachineUpdater] INFO  impl.StateMachineUpdater (StateMachineUpdater.java:lambda$new$0(102)) - omNode-3@group-523986131536-StateMachineUpdater: snapshotIndex: updateIncreasingly 106 -> 156
2025-04-23 14:38:36,338 [omNode-3@group-523986131536-StateMachineUpdater] INFO  raftlog.RaftLog (RaftLogBase.java:purge(325)) - omNode-3@group-523986131536-SegmentedRaftLog: purge 156
2025-04-23 14:38:36,338 [omNode-3@group-523986131536-StateMachineUpdater] INFO  raftlog.RaftLog (RaftLogBase.java:lambda$new$0(54)) - omNode-3@group-523986131536-SegmentedRaftLog: snapshotIndex: updateIncreasingly 106 -> 156
2025-04-23 14:38:36,338 [omNode-1@group-523986131536-StateMachineUpdater] INFO  impl.StateMachineUpdater (StateMachineUpdater.java:takeSnapshot(303)) - omNode-1@group-523986131536-StateMachineUpdater: Took a snapshot at index 152
2025-04-23 14:38:36,338 [omNode-1@group-523986131536-StateMachineUpdater] INFO  impl.StateMachineUpdater (StateMachineUpdater.java:lambda$new$0(102)) - omNode-1@group-523986131536-StateMachineUpdater: snapshotIndex: updateIncreasingly 102 -> 152
2025-04-23 14:38:36,338 [omNode-1@group-523986131536-StateMachineUpdater] INFO  raftlog.RaftLog (RaftLogBase.java:purge(325)) - omNode-1@group-523986131536-SegmentedRaftLog: purge 152
2025-04-23 14:38:36,338 [omNode-1@group-523986131536-StateMachineUpdater] INFO  raftlog.RaftLog (RaftLogBase.java:lambda$new$0(54)) - omNode-1@group-523986131536-SegmentedRaftLog: snapshotIndex: updateIncreasingly 102 -> 152
2025-04-23 14:38:36,338 [omNode-1@group-523986131536-StateMachineUpdater] INFO  raftlog.RaftLog (SegmentedRaftLog.java:purgeImpl(382)) - omNode-1@group-523986131536-SegmentedRaftLog: purge(152)
  toTruncate: null
    toDelete: [(105, 106) isOpen? false, length=0, newEndIndex=0, (103, 104) isOpen? false, length=0, newEndIndex=0, (77, 102) isOpen? false, length=0, newEndIndex=0]
2025-04-23 14:38:36,338 [omNode-3@group-523986131536-StateMachineUpdater] INFO  raftlog.RaftLog (SegmentedRaftLog.java:purgeImpl(382)) - omNode-3@group-523986131536-SegmentedRaftLog: purge(156)
  toTruncate: null
    toDelete: [(105, 106) isOpen? false, length=0, newEndIndex=0, (103, 104) isOpen? false, length=0, newEndIndex=0]
2025-04-23 14:38:36,339 [omNode-3@group-523986131536-SegmentedRaftLogWorker] INFO  segmented.SegmentedRaftLogWorker (SegmentedRaftLogWorker.java:execute(481)) - omNode-3@group-523986131536-SegmentedRaftLogWorker: Purged RaftLog segment: info=(105, 106) isOpen? false, length=0, newEndIndex=0, path=/home/runner/work/ozone/ozone/hadoop-ozone/integration-test/target/test-dir/MiniOzoneClusterImpl-68853c07-42d2-4ef8-9e75-e3a852294e6a/omNode-3/ratis/c9bc4cf4-3bc3-3c60-a66b-523986131536/current/log_105-106
2025-04-23 14:38:36,339 [omNode-3@group-523986131536-SegmentedRaftLogWorker] INFO  segmented.SegmentedRaftLogWorker (SegmentedRaftLogWorker.java:execute(481)) - omNode-3@group-523986131536-SegmentedRaftLogWorker: Purged RaftLog segment: info=(103, 104) isOpen? false, length=0, newEndIndex=0, path=/home/runner/work/ozone/ozone/hadoop-ozone/integration-test/target/test-dir/MiniOzoneClusterImpl-68853c07-42d2-4ef8-9e75-e3a852294e6a/omNode-3/ratis/c9bc4cf4-3bc3-3c60-a66b-523986131536/current/log_103-104
2025-04-23 14:38:36,339 [omNode-3@group-523986131536-StateMachineUpdater] INFO  raftlog.RaftLog (RaftLogBase.java:lambda$new$0(54)) - omNode-3@group-523986131536-SegmentedRaftLog: purgeIndex: updateToMax old=102, new=106, updated? true
2025-04-23 14:38:36,339 [omNode-1@group-523986131536-SegmentedRaftLogWorker] INFO  segmented.SegmentedRaftLogWorker (SegmentedRaftLogWorker.java:execute(481)) - omNode-1@group-523986131536-SegmentedRaftLogWorker: Purged RaftLog segment: info=(105, 106) isOpen? false, length=0, newEndIndex=0, path=/home/runner/work/ozone/ozone/hadoop-ozone/integration-test/target/test-dir/MiniOzoneClusterImpl-68853c07-42d2-4ef8-9e75-e3a852294e6a/omNode-1/ratis/c9bc4cf4-3bc3-3c60-a66b-523986131536/current/log_105-106
2025-04-23 14:38:36,339 [omNode-1@group-523986131536-SegmentedRaftLogWorker] INFO  segmented.SegmentedRaftLogWorker (SegmentedRaftLogWorker.java:execute(481)) - omNode-1@group-523986131536-SegmentedRaftLogWorker: Purged RaftLog segment: info=(103, 104) isOpen? false, length=0, newEndIndex=0, path=/home/runner/work/ozone/ozone/hadoop-ozone/integration-test/target/test-dir/MiniOzoneClusterImpl-68853c07-42d2-4ef8-9e75-e3a852294e6a/omNode-1/ratis/c9bc4cf4-3bc3-3c60-a66b-523986131536/current/log_103-104
2025-04-23 14:38:36,340 [omNode-1@group-523986131536-SegmentedRaftLogWorker] INFO  segmented.SegmentedRaftLogWorker (SegmentedRaftLogWorker.java:execute(481)) - omNode-1@group-523986131536-SegmentedRaftLogWorker: Purged RaftLog segment: info=(77, 102) isOpen? false, length=0, newEndIndex=0, path=/home/runner/work/ozone/ozone/hadoop-ozone/integration-test/target/test-dir/MiniOzoneClusterImpl-68853c07-42d2-4ef8-9e75-e3a852294e6a/omNode-1/ratis/c9bc4cf4-3bc3-3c60-a66b-523986131536/current/log_77-102
2025-04-23 14:38:36,340 [omNode-1@group-523986131536-SegmentedRaftLogWorker] INFO  raftlog.RaftLog (RaftLogBase.java:lambda$new$0(54)) - omNode-1@group-523986131536-SegmentedRaftLog: purgeIndex: updateToMax old=76, new=106, updated? true
2025-04-23 14:38:36,340 [omNode-1-OMStateMachineApplyTransactionThread - 0] INFO  volume.OMVolumeCreateRequest (OMVolumeCreateRequest.java:validateAndUpdateCache(203)) - created volume:vol-1416990145-22 for user:runner
2025-04-23 14:38:36,340 [omNode-3-OMStateMachineApplyTransactionThread - 0] INFO  volume.OMVolumeCreateRequest (OMVolumeCreateRequest.java:validateAndUpdateCache(203)) - created volume:vol-1416990145-24 for user:runner
2025-04-23 14:38:36,341 [omNode-1-OMStateMachineApplyTransactionThread - 0] INFO  volume.OMVolumeCreateRequest (OMVolumeCreateRequest.java:validateAndUpdateCache(203)) - created volume:vol-1416990145-23 for user:runner
2025-04-23 14:38:36,341 [omNode-1-OMStateMachineApplyTransactionThread - 0] INFO  volume.OMVolumeCreateRequest (OMVolumeCreateRequest.java:validateAndUpdateCache(203)) - created volume:vol-1416990145-24 for user:runner
2025-04-23 14:38:36,342 [main] INFO  rpc.RpcClient (RpcClient.java:createVolume(462)) - Creating Volume: vol-1416990145-25, with runner as owner and space quota set to -1 bytes, counts quota set to -1
2025-04-23 14:38:36,344 [omNode-2@group-523986131536-StateMachineUpdater] INFO  ratis.OzoneManagerStateMachine (OzoneManagerStateMachine.java:takeSnapshotImpl(510)) - omNode-2: taking snapshot. applied = (t:11, i:156), skipped = 155, notified = (t:11, i:156), current snapshot index = (t:11, i:156), took 20 ms
2025-04-23 14:38:36,344 [omNode-2@group-523986131536-StateMachineUpdater] INFO  impl.StateMachineUpdater (StateMachineUpdater.java:takeSnapshot(303)) - omNode-2@group-523986131536-StateMachineUpdater: Took a snapshot at index 156
2025-04-23 14:38:36,344 [omNode-2@group-523986131536-StateMachineUpdater] INFO  impl.StateMachineUpdater (StateMachineUpdater.java:lambda$new$0(102)) - omNode-2@group-523986131536-StateMachineUpdater: snapshotIndex: updateIncreasingly 106 -> 156
2025-04-23 14:38:36,344 [omNode-2@group-523986131536-StateMachineUpdater] INFO  raftlog.RaftLog (RaftLogBase.java:purge(325)) - omNode-2@group-523986131536-SegmentedRaftLog: purge 156
2025-04-23 14:38:36,344 [omNode-2@group-523986131536-StateMachineUpdater] INFO  raftlog.RaftLog (RaftLogBase.java:lambda$new$0(54)) - omNode-2@group-523986131536-SegmentedRaftLog: snapshotIndex: updateIncreasingly 106 -> 156
2025-04-23 14:38:36,344 [omNode-2@group-523986131536-StateMachineUpdater] INFO  raftlog.RaftLog (SegmentedRaftLog.java:purgeImpl(382)) - omNode-2@group-523986131536-SegmentedRaftLog: purge(156)
  toTruncate: null
    toDelete: [(105, 106) isOpen? false, length=0, newEndIndex=0, (103, 104) isOpen? false, length=0, newEndIndex=0]
2025-04-23 14:38:36,345 [omNode-2@group-523986131536-SegmentedRaftLogWorker] INFO  segmented.SegmentedRaftLogWorker (SegmentedRaftLogWorker.java:execute(481)) - omNode-2@group-523986131536-SegmentedRaftLogWorker: Purged RaftLog segment: info=(105, 106) isOpen? false, length=0, newEndIndex=0, path=/home/runner/work/ozone/ozone/hadoop-ozone/integration-test/target/test-dir/MiniOzoneClusterImpl-68853c07-42d2-4ef8-9e75-e3a852294e6a/omNode-2/ratis/c9bc4cf4-3bc3-3c60-a66b-523986131536/current/log_105-106
2025-04-23 14:38:36,345 [omNode-2@group-523986131536-SegmentedRaftLogWorker] INFO  segmented.SegmentedRaftLogWorker (SegmentedRaftLogWorker.java:execute(481)) - omNode-2@group-523986131536-SegmentedRaftLogWorker: Purged RaftLog segment: info=(103, 104) isOpen? false, length=0, newEndIndex=0, path=/home/runner/work/ozone/ozone/hadoop-ozone/integration-test/target/test-dir/MiniOzoneClusterImpl-68853c07-42d2-4ef8-9e75-e3a852294e6a/omNode-2/ratis/c9bc4cf4-3bc3-3c60-a66b-523986131536/current/log_103-104
2025-04-23 14:38:36,345 [omNode-2@group-523986131536-SegmentedRaftLogWorker] INFO  raftlog.RaftLog (RaftLogBase.java:lambda$new$0(54)) - omNode-2@group-523986131536-SegmentedRaftLog: purgeIndex: updateToMax old=102, new=106, updated? true
2025-04-23 14:38:36,345 [omNode-2-OMStateMachineApplyTransactionThread - 0] INFO  volume.OMVolumeCreateRequest (OMVolumeCreateRequest.java:validateAndUpdateCache(203)) - created volume:vol-1416990145-24 for user:runner
2025-04-23 14:38:36,347 [omNode-3-OMStateMachineApplyTransactionThread - 0] INFO  volume.OMVolumeCreateRequest (OMVolumeCreateRequest.java:validateAndUpdateCache(203)) - created volume:vol-1416990145-25 for user:runner
2025-04-23 14:38:36,348 [main] INFO  rpc.RpcClient (RpcClient.java:createVolume(462)) - Creating Volume: vol-1416990145-26, with runner as owner and space quota set to -1 bytes, counts quota set to -1
2025-04-23 14:38:36,348 [omNode-1-OMStateMachineApplyTransactionThread - 0] INFO  volume.OMVolumeCreateRequest (OMVolumeCreateRequest.java:validateAndUpdateCache(203)) - created volume:vol-1416990145-25 for user:runner
2025-04-23 14:38:36,350 [omNode-2-OMStateMachineApplyTransactionThread - 0] INFO  volume.OMVolumeCreateRequest (OMVolumeCreateRequest.java:validateAndUpdateCache(203)) - created volume:vol-1416990145-25 for user:runner
2025-04-23 14:38:36,352 [omNode-3-OMStateMachineApplyTransactionThread - 0] INFO  volume.OMVolumeCreateRequest (OMVolumeCreateRequest.java:validateAndUpdateCache(203)) - created volume:vol-1416990145-26 for user:runner
2025-04-23 14:38:36,352 [omNode-1-OMStateMachineApplyTransactionThread - 0] INFO  volume.OMVolumeCreateRequest (OMVolumeCreateRequest.java:validateAndUpdateCache(203)) - created volume:vol-1416990145-26 for user:runner
2025-04-23 14:38:36,353 [main] INFO  rpc.RpcClient (RpcClient.java:createVolume(462)) - Creating Volume: vol-1416990145-27, with runner as owner and space quota set to -1 bytes, counts quota set to -1
2025-04-23 14:38:36,354 [omNode-2-OMStateMachineApplyTransactionThread - 0] INFO  volume.OMVolumeCreateRequest (OMVolumeCreateRequest.java:validateAndUpdateCache(203)) - created volume:vol-1416990145-26 for user:runner
2025-04-23 14:38:36,358 [omNode-3-OMStateMachineApplyTransactionThread - 0] INFO  volume.OMVolumeCreateRequest (OMVolumeCreateRequest.java:validateAndUpdateCache(203)) - created volume:vol-1416990145-27 for user:runner
2025-04-23 14:38:36,358 [omNode-2-OMStateMachineApplyTransactionThread - 0] INFO  volume.OMVolumeCreateRequest (OMVolumeCreateRequest.java:validateAndUpdateCache(203)) - created volume:vol-1416990145-27 for user:runner
2025-04-23 14:38:36,360 [main] INFO  rpc.RpcClient (RpcClient.java:createVolume(462)) - Creating Volume: vol-1416990145-28, with runner as owner and space quota set to -1 bytes, counts quota set to -1
2025-04-23 14:38:36,360 [omNode-1-OMStateMachineApplyTransactionThread - 0] INFO  volume.OMVolumeCreateRequest (OMVolumeCreateRequest.java:validateAndUpdateCache(203)) - created volume:vol-1416990145-27 for user:runner
2025-04-23 14:38:36,363 [omNode-3-OMStateMachineApplyTransactionThread - 0] INFO  volume.OMVolumeCreateRequest (OMVolumeCreateRequest.java:validateAndUpdateCache(203)) - created volume:vol-1416990145-28 for user:runner
2025-04-23 14:38:36,364 [main] INFO  rpc.RpcClient (RpcClient.java:createVolume(462)) - Creating Volume: vol-1416990145-29, with runner as owner and space quota set to -1 bytes, counts quota set to -1
2025-04-23 14:38:36,365 [omNode-1-OMStateMachineApplyTransactionThread - 0] INFO  volume.OMVolumeCreateRequest (OMVolumeCreateRequest.java:validateAndUpdateCache(203)) - created volume:vol-1416990145-28 for user:runner
2025-04-23 14:38:36,365 [omNode-2-OMStateMachineApplyTransactionThread - 0] INFO  volume.OMVolumeCreateRequest (OMVolumeCreateRequest.java:validateAndUpdateCache(203)) - created volume:vol-1416990145-28 for user:runner
2025-04-23 14:38:36,368 [omNode-3-OMStateMachineApplyTransactionThread - 0] INFO  volume.OMVolumeCreateRequest (OMVolumeCreateRequest.java:validateAndUpdateCache(203)) - created volume:vol-1416990145-29 for user:runner
2025-04-23 14:38:36,369 [main] INFO  rpc.RpcClient (RpcClient.java:createVolume(462)) - Creating Volume: vol-1416990145-30, with runner as owner and space quota set to -1 bytes, counts quota set to -1
2025-04-23 14:38:36,369 [omNode-1-OMStateMachineApplyTransactionThread - 0] INFO  volume.OMVolumeCreateRequest (OMVolumeCreateRequest.java:validateAndUpdateCache(203)) - created volume:vol-1416990145-29 for user:runner
2025-04-23 14:38:36,370 [omNode-2-OMStateMachineApplyTransactionThread - 0] INFO  volume.OMVolumeCreateRequest (OMVolumeCreateRequest.java:validateAndUpdateCache(203)) - created volume:vol-1416990145-29 for user:runner
2025-04-23 14:38:36,373 [omNode-3-OMStateMachineApplyTransactionThread - 0] INFO  volume.OMVolumeCreateRequest (OMVolumeCreateRequest.java:validateAndUpdateCache(203)) - created volume:vol-1416990145-30 for user:runner
2025-04-23 14:38:36,374 [main] INFO  rpc.RpcClient (RpcClient.java:createVolume(462)) - Creating Volume: vol-1416990145-31, with runner as owner and space quota set to -1 bytes, counts quota set to -1
2025-04-23 14:38:36,374 [omNode-2-OMStateMachineApplyTransactionThread - 0] INFO  volume.OMVolumeCreateRequest (OMVolumeCreateRequest.java:validateAndUpdateCache(203)) - created volume:vol-1416990145-30 for user:runner
2025-04-23 14:38:36,375 [omNode-1-OMStateMachineApplyTransactionThread - 0] INFO  volume.OMVolumeCreateRequest (OMVolumeCreateRequest.java:validateAndUpdateCache(203)) - created volume:vol-1416990145-30 for user:runner
2025-04-23 14:38:36,378 [omNode-3-OMStateMachineApplyTransactionThread - 0] INFO  volume.OMVolumeCreateRequest (OMVolumeCreateRequest.java:validateAndUpdateCache(203)) - created volume:vol-1416990145-31 for user:runner
2025-04-23 14:38:36,379 [main] INFO  rpc.RpcClient (RpcClient.java:createVolume(462)) - Creating Volume: vol-1416990145-32, with runner as owner and space quota set to -1 bytes, counts quota set to -1
2025-04-23 14:38:36,380 [omNode-2-OMStateMachineApplyTransactionThread - 0] INFO  volume.OMVolumeCreateRequest (OMVolumeCreateRequest.java:validateAndUpdateCache(203)) - created volume:vol-1416990145-31 for user:runner
2025-04-23 14:38:36,381 [omNode-1-OMStateMachineApplyTransactionThread - 0] INFO  volume.OMVolumeCreateRequest (OMVolumeCreateRequest.java:validateAndUpdateCache(203)) - created volume:vol-1416990145-31 for user:runner
2025-04-23 14:38:36,383 [omNode-3-OMStateMachineApplyTransactionThread - 0] INFO  volume.OMVolumeCreateRequest (OMVolumeCreateRequest.java:validateAndUpdateCache(203)) - created volume:vol-1416990145-32 for user:runner
2025-04-23 14:38:36,385 [main] INFO  rpc.RpcClient (RpcClient.java:createVolume(462)) - Creating Volume: vol-1416990145-33, with runner as owner and space quota set to -1 bytes, counts quota set to -1
2025-04-23 14:38:36,385 [omNode-2-OMStateMachineApplyTransactionThread - 0] INFO  volume.OMVolumeCreateRequest (OMVolumeCreateRequest.java:validateAndUpdateCache(203)) - created volume:vol-1416990145-32 for user:runner
2025-04-23 14:38:36,385 [omNode-1-OMStateMachineApplyTransactionThread - 0] INFO  volume.OMVolumeCreateRequest (OMVolumeCreateRequest.java:validateAndUpdateCache(203)) - created volume:vol-1416990145-32 for user:runner
2025-04-23 14:38:36,389 [omNode-3-OMStateMachineApplyTransactionThread - 0] INFO  volume.OMVolumeCreateRequest (OMVolumeCreateRequest.java:validateAndUpdateCache(203)) - created volume:vol-1416990145-33 for user:runner
2025-04-23 14:38:36,390 [main] INFO  rpc.RpcClient (RpcClient.java:createVolume(462)) - Creating Volume: vol-1416990145-34, with runner as owner and space quota set to -1 bytes, counts quota set to -1
2025-04-23 14:38:36,391 [omNode-2-OMStateMachineApplyTransactionThread - 0] INFO  volume.OMVolumeCreateRequest (OMVolumeCreateRequest.java:validateAndUpdateCache(203)) - created volume:vol-1416990145-33 for user:runner
2025-04-23 14:38:36,391 [omNode-1-OMStateMachineApplyTransactionThread - 0] INFO  volume.OMVolumeCreateRequest (OMVolumeCreateRequest.java:validateAndUpdateCache(203)) - created volume:vol-1416990145-33 for user:runner
2025-04-23 14:38:36,395 [omNode-3-OMStateMachineApplyTransactionThread - 0] INFO  volume.OMVolumeCreateRequest (OMVolumeCreateRequest.java:validateAndUpdateCache(203)) - created volume:vol-1416990145-34 for user:runner
2025-04-23 14:38:36,396 [omNode-2-OMStateMachineApplyTransactionThread - 0] INFO  volume.OMVolumeCreateRequest (OMVolumeCreateRequest.java:validateAndUpdateCache(203)) - created volume:vol-1416990145-34 for user:runner
2025-04-23 14:38:36,397 [main] INFO  rpc.RpcClient (RpcClient.java:createVolume(462)) - Creating Volume: vol-1416990145-35, with runner as owner and space quota set to -1 bytes, counts quota set to -1
2025-04-23 14:38:36,398 [omNode-1-OMStateMachineApplyTransactionThread - 0] INFO  volume.OMVolumeCreateRequest (OMVolumeCreateRequest.java:validateAndUpdateCache(203)) - created volume:vol-1416990145-34 for user:runner
2025-04-23 14:38:36,400 [omNode-3-OMStateMachineApplyTransactionThread - 0] INFO  volume.OMVolumeCreateRequest (OMVolumeCreateRequest.java:validateAndUpdateCache(203)) - created volume:vol-1416990145-35 for user:runner
2025-04-23 14:38:36,401 [omNode-2-OMStateMachineApplyTransactionThread - 0] INFO  volume.OMVolumeCreateRequest (OMVolumeCreateRequest.java:validateAndUpdateCache(203)) - created volume:vol-1416990145-35 for user:runner
2025-04-23 14:38:36,401 [omNode-1-OMStateMachineApplyTransactionThread - 0] INFO  volume.OMVolumeCreateRequest (OMVolumeCreateRequest.java:validateAndUpdateCache(203)) - created volume:vol-1416990145-35 for user:runner
2025-04-23 14:38:36,403 [main] INFO  rpc.RpcClient (RpcClient.java:createVolume(462)) - Creating Volume: vol-1416990145-36, with runner as owner and space quota set to -1 bytes, counts quota set to -1
2025-04-23 14:38:36,407 [omNode-3-OMStateMachineApplyTransactionThread - 0] INFO  volume.OMVolumeCreateRequest (OMVolumeCreateRequest.java:validateAndUpdateCache(203)) - created volume:vol-1416990145-36 for user:runner
2025-04-23 14:38:36,409 [main] INFO  rpc.RpcClient (RpcClient.java:createVolume(462)) - Creating Volume: vol-1416990145-37, with runner as owner and space quota set to -1 bytes, counts quota set to -1
2025-04-23 14:38:36,410 [omNode-1-OMStateMachineApplyTransactionThread - 0] INFO  volume.OMVolumeCreateRequest (OMVolumeCreateRequest.java:validateAndUpdateCache(203)) - created volume:vol-1416990145-36 for user:runner
2025-04-23 14:38:36,410 [omNode-2-OMStateMachineApplyTransactionThread - 0] INFO  volume.OMVolumeCreateRequest (OMVolumeCreateRequest.java:validateAndUpdateCache(203)) - created volume:vol-1416990145-36 for user:runner
2025-04-23 14:38:36,414 [omNode-3-OMStateMachineApplyTransactionThread - 0] INFO  volume.OMVolumeCreateRequest (OMVolumeCreateRequest.java:validateAndUpdateCache(203)) - created volume:vol-1416990145-37 for user:runner
2025-04-23 14:38:36,415 [main] INFO  rpc.RpcClient (RpcClient.java:createVolume(462)) - Creating Volume: vol-1416990145-38, with runner as owner and space quota set to -1 bytes, counts quota set to -1
2025-04-23 14:38:36,415 [omNode-2-OMStateMachineApplyTransactionThread - 0] INFO  volume.OMVolumeCreateRequest (OMVolumeCreateRequest.java:validateAndUpdateCache(203)) - created volume:vol-1416990145-37 for user:runner
2025-04-23 14:38:36,416 [omNode-1-OMStateMachineApplyTransactionThread - 0] INFO  volume.OMVolumeCreateRequest (OMVolumeCreateRequest.java:validateAndUpdateCache(203)) - created volume:vol-1416990145-37 for user:runner
2025-04-23 14:38:36,420 [omNode-3-OMStateMachineApplyTransactionThread - 0] INFO  volume.OMVolumeCreateRequest (OMVolumeCreateRequest.java:validateAndUpdateCache(203)) - created volume:vol-1416990145-38 for user:runner
2025-04-23 14:38:36,421 [omNode-2-OMStateMachineApplyTransactionThread - 0] INFO  volume.OMVolumeCreateRequest (OMVolumeCreateRequest.java:validateAndUpdateCache(203)) - created volume:vol-1416990145-38 for user:runner
2025-04-23 14:38:36,422 [main] INFO  rpc.RpcClient (RpcClient.java:createVolume(462)) - Creating Volume: vol-1416990145-39, with runner as owner and space quota set to -1 bytes, counts quota set to -1
2025-04-23 14:38:36,422 [omNode-1-OMStateMachineApplyTransactionThread - 0] INFO  volume.OMVolumeCreateRequest (OMVolumeCreateRequest.java:validateAndUpdateCache(203)) - created volume:vol-1416990145-38 for user:runner
2025-04-23 14:38:36,425 [omNode-3-OMStateMachineApplyTransactionThread - 0] INFO  volume.OMVolumeCreateRequest (OMVolumeCreateRequest.java:validateAndUpdateCache(203)) - created volume:vol-1416990145-39 for user:runner
2025-04-23 14:38:36,427 [main] INFO  rpc.RpcClient (RpcClient.java:createVolume(462)) - Creating Volume: vol-1416990145-40, with runner as owner and space quota set to -1 bytes, counts quota set to -1
2025-04-23 14:38:36,427 [omNode-1-OMStateMachineApplyTransactionThread - 0] INFO  volume.OMVolumeCreateRequest (OMVolumeCreateRequest.java:validateAndUpdateCache(203)) - created volume:vol-1416990145-39 for user:runner
2025-04-23 14:38:36,428 [omNode-2-OMStateMachineApplyTransactionThread - 0] INFO  volume.OMVolumeCreateRequest (OMVolumeCreateRequest.java:validateAndUpdateCache(203)) - created volume:vol-1416990145-39 for user:runner
2025-04-23 14:38:36,431 [omNode-3-OMStateMachineApplyTransactionThread - 0] INFO  volume.OMVolumeCreateRequest (OMVolumeCreateRequest.java:validateAndUpdateCache(203)) - created volume:vol-1416990145-40 for user:runner
2025-04-23 14:38:36,432 [main] INFO  rpc.RpcClient (RpcClient.java:createVolume(462)) - Creating Volume: vol-1416990145-41, with runner as owner and space quota set to -1 bytes, counts quota set to -1
2025-04-23 14:38:36,433 [omNode-1-OMStateMachineApplyTransactionThread - 0] INFO  volume.OMVolumeCreateRequest (OMVolumeCreateRequest.java:validateAndUpdateCache(203)) - created volume:vol-1416990145-40 for user:runner
2025-04-23 14:38:36,433 [omNode-2-OMStateMachineApplyTransactionThread - 0] INFO  volume.OMVolumeCreateRequest (OMVolumeCreateRequest.java:validateAndUpdateCache(203)) - created volume:vol-1416990145-40 for user:runner
2025-04-23 14:38:36,435 [omNode-3-OMStateMachineApplyTransactionThread - 0] INFO  volume.OMVolumeCreateRequest (OMVolumeCreateRequest.java:validateAndUpdateCache(203)) - created volume:vol-1416990145-41 for user:runner
2025-04-23 14:38:36,436 [main] INFO  rpc.RpcClient (RpcClient.java:createVolume(462)) - Creating Volume: vol-1416990145-42, with runner as owner and space quota set to -1 bytes, counts quota set to -1
2025-04-23 14:38:36,436 [omNode-2-OMStateMachineApplyTransactionThread - 0] INFO  volume.OMVolumeCreateRequest (OMVolumeCreateRequest.java:validateAndUpdateCache(203)) - created volume:vol-1416990145-41 for user:runner
2025-04-23 14:38:36,438 [omNode-1-OMStateMachineApplyTransactionThread - 0] INFO  volume.OMVolumeCreateRequest (OMVolumeCreateRequest.java:validateAndUpdateCache(203)) - created volume:vol-1416990145-41 for user:runner
2025-04-23 14:38:36,441 [omNode-3-OMStateMachineApplyTransactionThread - 0] INFO  volume.OMVolumeCreateRequest (OMVolumeCreateRequest.java:validateAndUpdateCache(203)) - created volume:vol-1416990145-42 for user:runner
2025-04-23 14:38:36,445 [main] INFO  rpc.RpcClient (RpcClient.java:createVolume(462)) - Creating Volume: vol-1416990145-43, with runner as owner and space quota set to -1 bytes, counts quota set to -1
2025-04-23 14:38:36,445 [omNode-2-OMStateMachineApplyTransactionThread - 0] INFO  volume.OMVolumeCreateRequest (OMVolumeCreateRequest.java:validateAndUpdateCache(203)) - created volume:vol-1416990145-42 for user:runner
2025-04-23 14:38:36,446 [omNode-1-OMStateMachineApplyTransactionThread - 0] INFO  volume.OMVolumeCreateRequest (OMVolumeCreateRequest.java:validateAndUpdateCache(203)) - created volume:vol-1416990145-42 for user:runner
2025-04-23 14:38:36,451 [omNode-3-OMStateMachineApplyTransactionThread - 0] INFO  volume.OMVolumeCreateRequest (OMVolumeCreateRequest.java:validateAndUpdateCache(203)) - created volume:vol-1416990145-43 for user:runner
2025-04-23 14:38:36,453 [main] INFO  rpc.RpcClient (RpcClient.java:createVolume(462)) - Creating Volume: vol-1416990145-44, with runner as owner and space quota set to -1 bytes, counts quota set to -1
2025-04-23 14:38:36,454 [omNode-2-OMStateMachineApplyTransactionThread - 0] INFO  volume.OMVolumeCreateRequest (OMVolumeCreateRequest.java:validateAndUpdateCache(203)) - created volume:vol-1416990145-43 for user:runner
2025-04-23 14:38:36,453 [omNode-1-OMStateMachineApplyTransactionThread - 0] INFO  volume.OMVolumeCreateRequest (OMVolumeCreateRequest.java:validateAndUpdateCache(203)) - created volume:vol-1416990145-43 for user:runner
2025-04-23 14:38:36,459 [omNode-3-OMStateMachineApplyTransactionThread - 0] INFO  volume.OMVolumeCreateRequest (OMVolumeCreateRequest.java:validateAndUpdateCache(203)) - created volume:vol-1416990145-44 for user:runner
2025-04-23 14:38:36,461 [omNode-2-OMStateMachineApplyTransactionThread - 0] INFO  volume.OMVolumeCreateRequest (OMVolumeCreateRequest.java:validateAndUpdateCache(203)) - created volume:vol-1416990145-44 for user:runner
2025-04-23 14:38:36,462 [main] INFO  rpc.RpcClient (RpcClient.java:createVolume(462)) - Creating Volume: vol-1416990145-45, with runner as owner and space quota set to -1 bytes, counts quota set to -1
2025-04-23 14:38:36,463 [omNode-1-OMStateMachineApplyTransactionThread - 0] INFO  volume.OMVolumeCreateRequest (OMVolumeCreateRequest.java:validateAndUpdateCache(203)) - created volume:vol-1416990145-44 for user:runner
2025-04-23 14:38:36,468 [omNode-1-OMStateMachineApplyTransactionThread - 0] INFO  volume.OMVolumeCreateRequest (OMVolumeCreateRequest.java:validateAndUpdateCache(203)) - created volume:vol-1416990145-45 for user:runner
2025-04-23 14:38:36,469 [omNode-3-OMStateMachineApplyTransactionThread - 0] INFO  volume.OMVolumeCreateRequest (OMVolumeCreateRequest.java:validateAndUpdateCache(203)) - created volume:vol-1416990145-45 for user:runner
2025-04-23 14:38:36,470 [omNode-2-OMStateMachineApplyTransactionThread - 0] INFO  volume.OMVolumeCreateRequest (OMVolumeCreateRequest.java:validateAndUpdateCache(203)) - created volume:vol-1416990145-45 for user:runner
2025-04-23 14:38:36,470 [main] INFO  rpc.RpcClient (RpcClient.java:createVolume(462)) - Creating Volume: vol-1416990145-46, with runner as owner and space quota set to -1 bytes, counts quota set to -1
2025-04-23 14:38:36,475 [omNode-3-OMStateMachineApplyTransactionThread - 0] INFO  volume.OMVolumeCreateRequest (OMVolumeCreateRequest.java:validateAndUpdateCache(203)) - created volume:vol-1416990145-46 for user:runner
2025-04-23 14:38:36,476 [main] INFO  rpc.RpcClient (RpcClient.java:createVolume(462)) - Creating Volume: vol-1416990145-47, with runner as owner and space quota set to -1 bytes, counts quota set to -1
2025-04-23 14:38:36,476 [omNode-1-OMStateMachineApplyTransactionThread - 0] INFO  volume.OMVolumeCreateRequest (OMVolumeCreateRequest.java:validateAndUpdateCache(203)) - created volume:vol-1416990145-46 for user:runner
2025-04-23 14:38:36,477 [omNode-2-OMStateMachineApplyTransactionThread - 0] INFO  volume.OMVolumeCreateRequest (OMVolumeCreateRequest.java:validateAndUpdateCache(203)) - created volume:vol-1416990145-46 for user:runner
2025-04-23 14:38:36,480 [omNode-3-OMStateMachineApplyTransactionThread - 0] INFO  volume.OMVolumeCreateRequest (OMVolumeCreateRequest.java:validateAndUpdateCache(203)) - created volume:vol-1416990145-47 for user:runner
2025-04-23 14:38:36,481 [main] INFO  rpc.RpcClient (RpcClient.java:createVolume(462)) - Creating Volume: vol-1416990145-48, with runner as owner and space quota set to -1 bytes, counts quota set to -1
2025-04-23 14:38:36,482 [omNode-2-OMStateMachineApplyTransactionThread - 0] INFO  volume.OMVolumeCreateRequest (OMVolumeCreateRequest.java:validateAndUpdateCache(203)) - created volume:vol-1416990145-47 for user:runner
2025-04-23 14:38:36,485 [omNode-3-OMStateMachineApplyTransactionThread - 0] INFO  volume.OMVolumeCreateRequest (OMVolumeCreateRequest.java:validateAndUpdateCache(203)) - created volume:vol-1416990145-48 for user:runner
2025-04-23 14:38:36,486 [omNode-2-OMStateMachineApplyTransactionThread - 0] INFO  volume.OMVolumeCreateRequest (OMVolumeCreateRequest.java:validateAndUpdateCache(203)) - created volume:vol-1416990145-48 for user:runner
2025-04-23 14:38:36,486 [main] INFO  rpc.RpcClient (RpcClient.java:createVolume(462)) - Creating Volume: vol-1416990145-49, with runner as owner and space quota set to -1 bytes, counts quota set to -1
2025-04-23 14:38:36,492 [omNode-3-OMStateMachineApplyTransactionThread - 0] INFO  volume.OMVolumeCreateRequest (OMVolumeCreateRequest.java:validateAndUpdateCache(203)) - created volume:vol-1416990145-49 for user:runner
2025-04-23 14:38:36,493 [main] INFO  rpc.RpcClient (RpcClient.java:createVolume(462)) - Creating Volume: vol-1416990145-50, with runner as owner and space quota set to -1 bytes, counts quota set to -1
2025-04-23 14:38:36,509 [omNode-1@group-523986131536-StateMachineUpdater] INFO  ratis.OzoneManagerStateMachine (OzoneManagerStateMachine.java:takeSnapshotImpl(510)) - omNode-1: taking snapshot. applied = (t:11, i:202), skipped = 201, notified = (t:11, i:202), current snapshot index = (t:11, i:202), took 31 ms
2025-04-23 14:38:36,510 [omNode-1@group-523986131536-StateMachineUpdater] INFO  impl.StateMachineUpdater (StateMachineUpdater.java:takeSnapshot(303)) - omNode-1@group-523986131536-StateMachineUpdater: Took a snapshot at index 202
2025-04-23 14:38:36,511 [omNode-1@group-523986131536-StateMachineUpdater] INFO  impl.StateMachineUpdater (StateMachineUpdater.java:lambda$new$0(102)) - omNode-1@group-523986131536-StateMachineUpdater: snapshotIndex: updateIncreasingly 152 -> 202
2025-04-23 14:38:36,511 [omNode-1@group-523986131536-StateMachineUpdater] INFO  raftlog.RaftLog (RaftLogBase.java:purge(325)) - omNode-1@group-523986131536-SegmentedRaftLog: purge 202
2025-04-23 14:38:36,511 [omNode-1@group-523986131536-StateMachineUpdater] INFO  raftlog.RaftLog (RaftLogBase.java:lambda$new$0(54)) - omNode-1@group-523986131536-SegmentedRaftLog: snapshotIndex: updateIncreasingly 152 -> 202
2025-04-23 14:38:36,512 [omNode-1@group-523986131536-StateMachineUpdater] INFO  raftlog.RaftLog (RaftLogBase.java:lambda$new$0(54)) - omNode-1@group-523986131536-SegmentedRaftLog: purgeIndex: updateToMax old=106, new=202, updated? true
2025-04-23 14:38:36,513 [omNode-1-OMStateMachineApplyTransactionThread - 0] INFO  volume.OMVolumeCreateRequest (OMVolumeCreateRequest.java:validateAndUpdateCache(203)) - created volume:vol-1416990145-47 for user:runner
2025-04-23 14:38:36,514 [omNode-1-OMStateMachineApplyTransactionThread - 0] INFO  volume.OMVolumeCreateRequest (OMVolumeCreateRequest.java:validateAndUpdateCache(203)) - created volume:vol-1416990145-48 for user:runner
2025-04-23 14:38:36,515 [omNode-1-OMStateMachineApplyTransactionThread - 0] INFO  volume.OMVolumeCreateRequest (OMVolumeCreateRequest.java:validateAndUpdateCache(203)) - created volume:vol-1416990145-49 for user:runner
2025-04-23 14:38:36,516 [omNode-1-OMStateMachineApplyTransactionThread - 0] INFO  volume.OMVolumeCreateRequest (OMVolumeCreateRequest.java:validateAndUpdateCache(203)) - created volume:vol-1416990145-50 for user:runner
2025-04-23 14:38:36,518 [omNode-2@group-523986131536-StateMachineUpdater] INFO  ratis.OzoneManagerStateMachine (OzoneManagerStateMachine.java:takeSnapshotImpl(510)) - omNode-2: taking snapshot. applied = (t:11, i:206), skipped = 205, notified = (t:11, i:206), current snapshot index = (t:11, i:206), took 28 ms
2025-04-23 14:38:36,518 [omNode-2@group-523986131536-StateMachineUpdater] INFO  impl.StateMachineUpdater (StateMachineUpdater.java:takeSnapshot(303)) - omNode-2@group-523986131536-StateMachineUpdater: Took a snapshot at index 206
2025-04-23 14:38:36,518 [omNode-2@group-523986131536-StateMachineUpdater] INFO  impl.StateMachineUpdater (StateMachineUpdater.java:lambda$new$0(102)) - omNode-2@group-523986131536-StateMachineUpdater: snapshotIndex: updateIncreasingly 156 -> 206
2025-04-23 14:38:36,518 [omNode-2@group-523986131536-StateMachineUpdater] INFO  raftlog.RaftLog (RaftLogBase.java:purge(325)) - omNode-2@group-523986131536-SegmentedRaftLog: purge 206
2025-04-23 14:38:36,518 [omNode-2@group-523986131536-StateMachineUpdater] INFO  raftlog.RaftLog (RaftLogBase.java:lambda$new$0(54)) - omNode-2@group-523986131536-SegmentedRaftLog: snapshotIndex: updateIncreasingly 156 -> 206
2025-04-23 14:38:36,518 [omNode-2@group-523986131536-StateMachineUpdater] INFO  raftlog.RaftLog (RaftLogBase.java:lambda$new$0(54)) - omNode-2@group-523986131536-SegmentedRaftLog: purgeIndex: updateToMax old=106, new=206, updated? true
2025-04-23 14:38:36,519 [omNode-2-OMStateMachineApplyTransactionThread - 0] INFO  volume.OMVolumeCreateRequest (OMVolumeCreateRequest.java:validateAndUpdateCache(203)) - created volume:vol-1416990145-49 for user:runner
2025-04-23 14:38:36,520 [omNode-2-OMStateMachineApplyTransactionThread - 0] INFO  volume.OMVolumeCreateRequest (OMVolumeCreateRequest.java:validateAndUpdateCache(203)) - created volume:vol-1416990145-50 for user:runner
2025-04-23 14:38:36,524 [omNode-3@group-523986131536-StateMachineUpdater] INFO  ratis.OzoneManagerStateMachine (OzoneManagerStateMachine.java:takeSnapshotImpl(510)) - omNode-3: taking snapshot. applied = (t:11, i:206), skipped = 205, notified = (t:11, i:206), current snapshot index = (t:11, i:206), took 31 ms
2025-04-23 14:38:36,524 [omNode-3@group-523986131536-StateMachineUpdater] INFO  impl.StateMachineUpdater (StateMachineUpdater.java:takeSnapshot(303)) - omNode-3@group-523986131536-StateMachineUpdater: Took a snapshot at index 206
2025-04-23 14:38:36,524 [omNode-3@group-523986131536-StateMachineUpdater] INFO  impl.StateMachineUpdater (StateMachineUpdater.java:lambda$new$0(102)) - omNode-3@group-523986131536-StateMachineUpdater: snapshotIndex: updateIncreasingly 156 -> 206
2025-04-23 14:38:36,524 [omNode-3@group-523986131536-StateMachineUpdater] INFO  raftlog.RaftLog (RaftLogBase.java:purge(325)) - omNode-3@group-523986131536-SegmentedRaftLog: purge 206
2025-04-23 14:38:36,524 [omNode-3@group-523986131536-StateMachineUpdater] INFO  raftlog.RaftLog (RaftLogBase.java:lambda$new$0(54)) - omNode-3@group-523986131536-SegmentedRaftLog: snapshotIndex: updateIncreasingly 156 -> 206
2025-04-23 14:38:36,524 [omNode-3@group-523986131536-StateMachineUpdater] INFO  raftlog.RaftLog (RaftLogBase.java:lambda$new$0(54)) - omNode-3@group-523986131536-SegmentedRaftLog: purgeIndex: updateToMax old=106, new=206, updated? true
2025-04-23 14:38:36,525 [omNode-3-OMStateMachineApplyTransactionThread - 0] INFO  volume.OMVolumeCreateRequest (OMVolumeCreateRequest.java:validateAndUpdateCache(203)) - created volume:vol-1416990145-50 for user:runner
2025-04-23 14:38:36,526 [main] INFO  rpc.RpcClient (RpcClient.java:createVolume(462)) - Creating Volume: vol-1416990145-51, with runner as owner and space quota set to -1 bytes, counts quota set to -1
2025-04-23 14:38:36,530 [omNode-3-OMStateMachineApplyTransactionThread - 0] INFO  volume.OMVolumeCreateRequest (OMVolumeCreateRequest.java:validateAndUpdateCache(203)) - created volume:vol-1416990145-51 for user:runner
2025-04-23 14:38:36,531 [omNode-1-OMStateMachineApplyTransactionThread - 0] INFO  volume.OMVolumeCreateRequest (OMVolumeCreateRequest.java:validateAndUpdateCache(203)) - created volume:vol-1416990145-51 for user:runner
2025-04-23 14:38:36,532 [omNode-2-OMStateMachineApplyTransactionThread - 0] INFO  volume.OMVolumeCreateRequest (OMVolumeCreateRequest.java:validateAndUpdateCache(203)) - created volume:vol-1416990145-51 for user:runner
2025-04-23 14:38:36,531 [main] INFO  rpc.RpcClient (RpcClient.java:createVolume(462)) - Creating Volume: vol-1416990145-52, with runner as owner and space quota set to -1 bytes, counts quota set to -1
2025-04-23 14:38:36,537 [omNode-3-OMStateMachineApplyTransactionThread - 0] INFO  volume.OMVolumeCreateRequest (OMVolumeCreateRequest.java:validateAndUpdateCache(203)) - created volume:vol-1416990145-52 for user:runner
2025-04-23 14:38:36,538 [main] INFO  rpc.RpcClient (RpcClient.java:createVolume(462)) - Creating Volume: vol-1416990145-53, with runner as owner and space quota set to -1 bytes, counts quota set to -1
2025-04-23 14:38:36,540 [omNode-2-OMStateMachineApplyTransactionThread - 0] INFO  volume.OMVolumeCreateRequest (OMVolumeCreateRequest.java:validateAndUpdateCache(203)) - created volume:vol-1416990145-52 for user:runner
2025-04-23 14:38:36,540 [omNode-1-OMStateMachineApplyTransactionThread - 0] INFO  volume.OMVolumeCreateRequest (OMVolumeCreateRequest.java:validateAndUpdateCache(203)) - created volume:vol-1416990145-52 for user:runner
2025-04-23 14:38:36,543 [omNode-3-OMStateMachineApplyTransactionThread - 0] INFO  volume.OMVolumeCreateRequest (OMVolumeCreateRequest.java:validateAndUpdateCache(203)) - created volume:vol-1416990145-53 for user:runner
2025-04-23 14:38:36,544 [main] INFO  rpc.RpcClient (RpcClient.java:createVolume(462)) - Creating Volume: vol-1416990145-54, with runner as owner and space quota set to -1 bytes, counts quota set to -1
2025-04-23 14:38:36,546 [omNode-2-OMStateMachineApplyTransactionThread - 0] INFO  volume.OMVolumeCreateRequest (OMVolumeCreateRequest.java:validateAndUpdateCache(203)) - created volume:vol-1416990145-53 for user:runner
2025-04-23 14:38:36,546 [omNode-1-OMStateMachineApplyTransactionThread - 0] INFO  volume.OMVolumeCreateRequest (OMVolumeCreateRequest.java:validateAndUpdateCache(203)) - created volume:vol-1416990145-53 for user:runner
2025-04-23 14:38:36,550 [omNode-3-OMStateMachineApplyTransactionThread - 0] INFO  volume.OMVolumeCreateRequest (OMVolumeCreateRequest.java:validateAndUpdateCache(203)) - created volume:vol-1416990145-54 for user:runner
2025-04-23 14:38:36,551 [omNode-1-OMStateMachineApplyTransactionThread - 0] INFO  volume.OMVolumeCreateRequest (OMVolumeCreateRequest.java:validateAndUpdateCache(203)) - created volume:vol-1416990145-54 for user:runner
2025-04-23 14:38:36,553 [main] INFO  rpc.RpcClient (RpcClient.java:createVolume(462)) - Creating Volume: vol-1416990145-55, with runner as owner and space quota set to -1 bytes, counts quota set to -1
2025-04-23 14:38:36,553 [omNode-2-OMStateMachineApplyTransactionThread - 0] INFO  volume.OMVolumeCreateRequest (OMVolumeCreateRequest.java:validateAndUpdateCache(203)) - created volume:vol-1416990145-54 for user:runner
2025-04-23 14:38:36,557 [omNode-3-OMStateMachineApplyTransactionThread - 0] INFO  volume.OMVolumeCreateRequest (OMVolumeCreateRequest.java:validateAndUpdateCache(203)) - created volume:vol-1416990145-55 for user:runner
2025-04-23 14:38:36,558 [omNode-1-OMStateMachineApplyTransactionThread - 0] INFO  volume.OMVolumeCreateRequest (OMVolumeCreateRequest.java:validateAndUpdateCache(203)) - created volume:vol-1416990145-55 for user:runner
2025-04-23 14:38:36,559 [omNode-2-OMStateMachineApplyTransactionThread - 0] INFO  volume.OMVolumeCreateRequest (OMVolumeCreateRequest.java:validateAndUpdateCache(203)) - created volume:vol-1416990145-55 for user:runner
2025-04-23 14:38:36,559 [main] INFO  rpc.RpcClient (RpcClient.java:createVolume(462)) - Creating Volume: vol-1416990145-56, with runner as owner and space quota set to -1 bytes, counts quota set to -1
2025-04-23 14:38:36,562 [omNode-3-OMStateMachineApplyTransactionThread - 0] INFO  volume.OMVolumeCreateRequest (OMVolumeCreateRequest.java:validateAndUpdateCache(203)) - created volume:vol-1416990145-56 for user:runner
2025-04-23 14:38:36,563 [main] INFO  rpc.RpcClient (RpcClient.java:createVolume(462)) - Creating Volume: vol-1416990145-57, with runner as owner and space quota set to -1 bytes, counts quota set to -1
2025-04-23 14:38:36,565 [omNode-1-OMStateMachineApplyTransactionThread - 0] INFO  volume.OMVolumeCreateRequest (OMVolumeCreateRequest.java:validateAndUpdateCache(203)) - created volume:vol-1416990145-56 for user:runner
2025-04-23 14:38:36,565 [omNode-2-OMStateMachineApplyTransactionThread - 0] INFO  volume.OMVolumeCreateRequest (OMVolumeCreateRequest.java:validateAndUpdateCache(203)) - created volume:vol-1416990145-56 for user:runner
2025-04-23 14:38:36,567 [omNode-3-OMStateMachineApplyTransactionThread - 0] INFO  volume.OMVolumeCreateRequest (OMVolumeCreateRequest.java:validateAndUpdateCache(203)) - created volume:vol-1416990145-57 for user:runner
2025-04-23 14:38:36,568 [main] INFO  rpc.RpcClient (RpcClient.java:createVolume(462)) - Creating Volume: vol-1416990145-58, with runner as owner and space quota set to -1 bytes, counts quota set to -1
2025-04-23 14:38:36,572 [omNode-1-OMStateMachineApplyTransactionThread - 0] INFO  volume.OMVolumeCreateRequest (OMVolumeCreateRequest.java:validateAndUpdateCache(203)) - created volume:vol-1416990145-57 for user:runner
2025-04-23 14:38:36,572 [omNode-2-OMStateMachineApplyTransactionThread - 0] INFO  volume.OMVolumeCreateRequest (OMVolumeCreateRequest.java:validateAndUpdateCache(203)) - created volume:vol-1416990145-57 for user:runner
2025-04-23 14:38:36,574 [omNode-3-OMStateMachineApplyTransactionThread - 0] INFO  volume.OMVolumeCreateRequest (OMVolumeCreateRequest.java:validateAndUpdateCache(203)) - created volume:vol-1416990145-58 for user:runner
2025-04-23 14:38:36,576 [main] INFO  rpc.RpcClient (RpcClient.java:createVolume(462)) - Creating Volume: vol-1416990145-59, with runner as owner and space quota set to -1 bytes, counts quota set to -1
2025-04-23 14:38:36,576 [omNode-1-OMStateMachineApplyTransactionThread - 0] INFO  volume.OMVolumeCreateRequest (OMVolumeCreateRequest.java:validateAndUpdateCache(203)) - created volume:vol-1416990145-58 for user:runner
2025-04-23 14:38:36,577 [omNode-2-OMStateMachineApplyTransactionThread - 0] INFO  volume.OMVolumeCreateRequest (OMVolumeCreateRequest.java:validateAndUpdateCache(203)) - created volume:vol-1416990145-58 for user:runner
2025-04-23 14:38:36,579 [omNode-3-OMStateMachineApplyTransactionThread - 0] INFO  volume.OMVolumeCreateRequest (OMVolumeCreateRequest.java:validateAndUpdateCache(203)) - created volume:vol-1416990145-59 for user:runner
2025-04-23 14:38:36,580 [main] INFO  rpc.RpcClient (RpcClient.java:createVolume(462)) - Creating Volume: vol-1416990145-60, with runner as owner and space quota set to -1 bytes, counts quota set to -1
2025-04-23 14:38:36,581 [omNode-2-OMStateMachineApplyTransactionThread - 0] INFO  volume.OMVolumeCreateRequest (OMVolumeCreateRequest.java:validateAndUpdateCache(203)) - created volume:vol-1416990145-59 for user:runner
2025-04-23 14:38:36,582 [omNode-1-OMStateMachineApplyTransactionThread - 0] INFO  volume.OMVolumeCreateRequest (OMVolumeCreateRequest.java:validateAndUpdateCache(203)) - created volume:vol-1416990145-59 for user:runner
2025-04-23 14:38:36,585 [omNode-3-OMStateMachineApplyTransactionThread - 0] INFO  volume.OMVolumeCreateRequest (OMVolumeCreateRequest.java:validateAndUpdateCache(203)) - created volume:vol-1416990145-60 for user:runner
2025-04-23 14:38:36,586 [main] INFO  rpc.RpcClient (RpcClient.java:createVolume(462)) - Creating Volume: vol-1416990145-61, with runner as owner and space quota set to -1 bytes, counts quota set to -1
2025-04-23 14:38:36,587 [omNode-1-OMStateMachineApplyTransactionThread - 0] INFO  volume.OMVolumeCreateRequest (OMVolumeCreateRequest.java:validateAndUpdateCache(203)) - created volume:vol-1416990145-60 for user:runner
2025-04-23 14:38:36,588 [omNode-2-OMStateMachineApplyTransactionThread - 0] INFO  volume.OMVolumeCreateRequest (OMVolumeCreateRequest.java:validateAndUpdateCache(203)) - created volume:vol-1416990145-60 for user:runner
2025-04-23 14:38:36,591 [omNode-3-OMStateMachineApplyTransactionThread - 0] INFO  volume.OMVolumeCreateRequest (OMVolumeCreateRequest.java:validateAndUpdateCache(203)) - created volume:vol-1416990145-61 for user:runner
2025-04-23 14:38:36,592 [main] INFO  rpc.RpcClient (RpcClient.java:createVolume(462)) - Creating Volume: vol-1416990145-62, with runner as owner and space quota set to -1 bytes, counts quota set to -1
2025-04-23 14:38:36,593 [omNode-1-OMStateMachineApplyTransactionThread - 0] INFO  volume.OMVolumeCreateRequest (OMVolumeCreateRequest.java:validateAndUpdateCache(203)) - created volume:vol-1416990145-61 for user:runner
2025-04-23 14:38:36,593 [omNode-2-OMStateMachineApplyTransactionThread - 0] INFO  volume.OMVolumeCreateRequest (OMVolumeCreateRequest.java:validateAndUpdateCache(203)) - created volume:vol-1416990145-61 for user:runner
2025-04-23 14:38:36,596 [omNode-3-OMStateMachineApplyTransactionThread - 0] INFO  volume.OMVolumeCreateRequest (OMVolumeCreateRequest.java:validateAndUpdateCache(203)) - created volume:vol-1416990145-62 for user:runner
2025-04-23 14:38:36,598 [main] INFO  rpc.RpcClient (RpcClient.java:createVolume(462)) - Creating Volume: vol-1416990145-63, with runner as owner and space quota set to -1 bytes, counts quota set to -1
2025-04-23 14:38:36,599 [omNode-2-OMStateMachineApplyTransactionThread - 0] INFO  volume.OMVolumeCreateRequest (OMVolumeCreateRequest.java:validateAndUpdateCache(203)) - created volume:vol-1416990145-62 for user:runner
2025-04-23 14:38:36,599 [omNode-1-OMStateMachineApplyTransactionThread - 0] INFO  volume.OMVolumeCreateRequest (OMVolumeCreateRequest.java:validateAndUpdateCache(203)) - created volume:vol-1416990145-62 for user:runner
2025-04-23 14:38:36,604 [omNode-3-OMStateMachineApplyTransactionThread - 0] INFO  volume.OMVolumeCreateRequest (OMVolumeCreateRequest.java:validateAndUpdateCache(203)) - created volume:vol-1416990145-63 for user:runner
2025-04-23 14:38:36,605 [main] INFO  rpc.RpcClient (RpcClient.java:createVolume(462)) - Creating Volume: vol-1416990145-64, with runner as owner and space quota set to -1 bytes, counts quota set to -1
2025-04-23 14:38:36,606 [omNode-1-OMStateMachineApplyTransactionThread - 0] INFO  volume.OMVolumeCreateRequest (OMVolumeCreateRequest.java:validateAndUpdateCache(203)) - created volume:vol-1416990145-63 for user:runner
2025-04-23 14:38:36,607 [omNode-2-OMStateMachineApplyTransactionThread - 0] INFO  volume.OMVolumeCreateRequest (OMVolumeCreateRequest.java:validateAndUpdateCache(203)) - created volume:vol-1416990145-63 for user:runner
2025-04-23 14:38:36,609 [omNode-3-OMStateMachineApplyTransactionThread - 0] INFO  volume.OMVolumeCreateRequest (OMVolumeCreateRequest.java:validateAndUpdateCache(203)) - created volume:vol-1416990145-64 for user:runner
2025-04-23 14:38:36,610 [main] INFO  rpc.RpcClient (RpcClient.java:createVolume(462)) - Creating Volume: vol-1416990145-65, with runner as owner and space quota set to -1 bytes, counts quota set to -1
2025-04-23 14:38:36,611 [omNode-2-OMStateMachineApplyTransactionThread - 0] INFO  volume.OMVolumeCreateRequest (OMVolumeCreateRequest.java:validateAndUpdateCache(203)) - created volume:vol-1416990145-64 for user:runner
2025-04-23 14:38:36,612 [omNode-1-OMStateMachineApplyTransactionThread - 0] INFO  volume.OMVolumeCreateRequest (OMVolumeCreateRequest.java:validateAndUpdateCache(203)) - created volume:vol-1416990145-64 for user:runner
2025-04-23 14:38:36,618 [omNode-3-OMStateMachineApplyTransactionThread - 0] INFO  volume.OMVolumeCreateRequest (OMVolumeCreateRequest.java:validateAndUpdateCache(203)) - created volume:vol-1416990145-65 for user:runner
2025-04-23 14:38:36,619 [omNode-2-OMStateMachineApplyTransactionThread - 0] INFO  volume.OMVolumeCreateRequest (OMVolumeCreateRequest.java:validateAndUpdateCache(203)) - created volume:vol-1416990145-65 for user:runner
2025-04-23 14:38:36,618 [omNode-1-OMStateMachineApplyTransactionThread - 0] INFO  volume.OMVolumeCreateRequest (OMVolumeCreateRequest.java:validateAndUpdateCache(203)) - created volume:vol-1416990145-65 for user:runner
2025-04-23 14:38:36,620 [main] INFO  rpc.RpcClient (RpcClient.java:createVolume(462)) - Creating Volume: vol-1416990145-66, with runner as owner and space quota set to -1 bytes, counts quota set to -1
2025-04-23 14:38:36,626 [omNode-3-OMStateMachineApplyTransactionThread - 0] INFO  volume.OMVolumeCreateRequest (OMVolumeCreateRequest.java:validateAndUpdateCache(203)) - created volume:vol-1416990145-66 for user:runner
2025-04-23 14:38:36,627 [main] INFO  rpc.RpcClient (RpcClient.java:createVolume(462)) - Creating Volume: vol-1416990145-67, with runner as owner and space quota set to -1 bytes, counts quota set to -1
2025-04-23 14:38:36,629 [omNode-1-OMStateMachineApplyTransactionThread - 0] INFO  volume.OMVolumeCreateRequest (OMVolumeCreateRequest.java:validateAndUpdateCache(203)) - created volume:vol-1416990145-66 for user:runner
2025-04-23 14:38:36,629 [omNode-2-OMStateMachineApplyTransactionThread - 0] INFO  volume.OMVolumeCreateRequest (OMVolumeCreateRequest.java:validateAndUpdateCache(203)) - created volume:vol-1416990145-66 for user:runner
2025-04-23 14:38:36,632 [omNode-2-OMStateMachineApplyTransactionThread - 0] INFO  volume.OMVolumeCreateRequest (OMVolumeCreateRequest.java:validateAndUpdateCache(203)) - created volume:vol-1416990145-67 for user:runner
2025-04-23 14:38:36,632 [omNode-3-OMStateMachineApplyTransactionThread - 0] INFO  volume.OMVolumeCreateRequest (OMVolumeCreateRequest.java:validateAndUpdateCache(203)) - created volume:vol-1416990145-67 for user:runner
2025-04-23 14:38:36,633 [main] INFO  rpc.RpcClient (RpcClient.java:createVolume(462)) - Creating Volume: vol-1416990145-68, with runner as owner and space quota set to -1 bytes, counts quota set to -1
2025-04-23 14:38:36,633 [omNode-1-OMStateMachineApplyTransactionThread - 0] INFO  volume.OMVolumeCreateRequest (OMVolumeCreateRequest.java:validateAndUpdateCache(203)) - created volume:vol-1416990145-67 for user:runner
2025-04-23 14:38:36,638 [omNode-3-OMStateMachineApplyTransactionThread - 0] INFO  volume.OMVolumeCreateRequest (OMVolumeCreateRequest.java:validateAndUpdateCache(203)) - created volume:vol-1416990145-68 for user:runner
2025-04-23 14:38:36,640 [main] INFO  rpc.RpcClient (RpcClient.java:createVolume(462)) - Creating Volume: vol-1416990145-69, with runner as owner and space quota set to -1 bytes, counts quota set to -1
2025-04-23 14:38:36,641 [omNode-1-OMStateMachineApplyTransactionThread - 0] INFO  volume.OMVolumeCreateRequest (OMVolumeCreateRequest.java:validateAndUpdateCache(203)) - created volume:vol-1416990145-68 for user:runner
2025-04-23 14:38:36,641 [omNode-2-OMStateMachineApplyTransactionThread - 0] INFO  volume.OMVolumeCreateRequest (OMVolumeCreateRequest.java:validateAndUpdateCache(203)) - created volume:vol-1416990145-68 for user:runner
2025-04-23 14:38:36,644 [omNode-3-OMStateMachineApplyTransactionThread - 0] INFO  volume.OMVolumeCreateRequest (OMVolumeCreateRequest.java:validateAndUpdateCache(203)) - created volume:vol-1416990145-69 for user:runner
2025-04-23 14:38:36,645 [main] INFO  rpc.RpcClient (RpcClient.java:createVolume(462)) - Creating Volume: vol-1416990145-70, with runner as owner and space quota set to -1 bytes, counts quota set to -1
2025-04-23 14:38:36,646 [omNode-2-OMStateMachineApplyTransactionThread - 0] INFO  volume.OMVolumeCreateRequest (OMVolumeCreateRequest.java:validateAndUpdateCache(203)) - created volume:vol-1416990145-69 for user:runner
2025-04-23 14:38:36,648 [omNode-1-OMStateMachineApplyTransactionThread - 0] INFO  volume.OMVolumeCreateRequest (OMVolumeCreateRequest.java:validateAndUpdateCache(203)) - created volume:vol-1416990145-69 for user:runner
2025-04-23 14:38:36,651 [omNode-1-OMStateMachineApplyTransactionThread - 0] INFO  volume.OMVolumeCreateRequest (OMVolumeCreateRequest.java:validateAndUpdateCache(203)) - created volume:vol-1416990145-70 for user:runner
2025-04-23 14:38:36,652 [omNode-2-OMStateMachineApplyTransactionThread - 0] INFO  volume.OMVolumeCreateRequest (OMVolumeCreateRequest.java:validateAndUpdateCache(203)) - created volume:vol-1416990145-70 for user:runner
2025-04-23 14:38:36,653 [omNode-3-OMStateMachineApplyTransactionThread - 0] INFO  volume.OMVolumeCreateRequest (OMVolumeCreateRequest.java:validateAndUpdateCache(203)) - created volume:vol-1416990145-70 for user:runner
2025-04-23 14:38:36,654 [main] INFO  rpc.RpcClient (RpcClient.java:createVolume(462)) - Creating Volume: vol-1416990145-71, with runner as owner and space quota set to -1 bytes, counts quota set to -1
2025-04-23 14:38:36,658 [omNode-3-OMStateMachineApplyTransactionThread - 0] INFO  volume.OMVolumeCreateRequest (OMVolumeCreateRequest.java:validateAndUpdateCache(203)) - created volume:vol-1416990145-71 for user:runner
2025-04-23 14:38:36,659 [main] INFO  rpc.RpcClient (RpcClient.java:createVolume(462)) - Creating Volume: vol-1416990145-72, with runner as owner and space quota set to -1 bytes, counts quota set to -1
2025-04-23 14:38:36,660 [omNode-1-OMStateMachineApplyTransactionThread - 0] INFO  volume.OMVolumeCreateRequest (OMVolumeCreateRequest.java:validateAndUpdateCache(203)) - created volume:vol-1416990145-71 for user:runner
2025-04-23 14:38:36,662 [omNode-3-OMStateMachineApplyTransactionThread - 0] INFO  volume.OMVolumeCreateRequest (OMVolumeCreateRequest.java:validateAndUpdateCache(203)) - created volume:vol-1416990145-72 for user:runner
2025-04-23 14:38:36,662 [omNode-2-OMStateMachineApplyTransactionThread - 0] INFO  volume.OMVolumeCreateRequest (OMVolumeCreateRequest.java:validateAndUpdateCache(203)) - created volume:vol-1416990145-71 for user:runner
2025-04-23 14:38:36,666 [omNode-2-OMStateMachineApplyTransactionThread - 0] INFO  volume.OMVolumeCreateRequest (OMVolumeCreateRequest.java:validateAndUpdateCache(203)) - created volume:vol-1416990145-72 for user:runner
2025-04-23 14:38:36,666 [main] INFO  rpc.RpcClient (RpcClient.java:createVolume(462)) - Creating Volume: vol-1416990145-73, with runner as owner and space quota set to -1 bytes, counts quota set to -1
2025-04-23 14:38:36,667 [omNode-1-OMStateMachineApplyTransactionThread - 0] INFO  volume.OMVolumeCreateRequest (OMVolumeCreateRequest.java:validateAndUpdateCache(203)) - created volume:vol-1416990145-72 for user:runner
2025-04-23 14:38:36,671 [omNode-3-OMStateMachineApplyTransactionThread - 0] INFO  volume.OMVolumeCreateRequest (OMVolumeCreateRequest.java:validateAndUpdateCache(203)) - created volume:vol-1416990145-73 for user:runner
2025-04-23 14:38:36,673 [omNode-2-OMStateMachineApplyTransactionThread - 0] INFO  volume.OMVolumeCreateRequest (OMVolumeCreateRequest.java:validateAndUpdateCache(203)) - created volume:vol-1416990145-73 for user:runner
2025-04-23 14:38:36,673 [main] INFO  rpc.RpcClient (RpcClient.java:createVolume(462)) - Creating Volume: vol-1416990145-74, with runner as owner and space quota set to -1 bytes, counts quota set to -1
2025-04-23 14:38:36,701 [omNode-3@group-523986131536-StateMachineUpdater] INFO  ratis.OzoneManagerStateMachine (OzoneManagerStateMachine.java:takeSnapshotImpl(510)) - omNode-3: taking snapshot. applied = (t:11, i:256), skipped = 255, notified = (t:11, i:256), current snapshot index = (t:11, i:256), took 29 ms
2025-04-23 14:38:36,702 [omNode-3@group-523986131536-StateMachineUpdater] INFO  impl.StateMachineUpdater (StateMachineUpdater.java:takeSnapshot(303)) - omNode-3@group-523986131536-StateMachineUpdater: Took a snapshot at index 256
2025-04-23 14:38:36,702 [omNode-3@group-523986131536-StateMachineUpdater] INFO  impl.StateMachineUpdater (StateMachineUpdater.java:lambda$new$0(102)) - omNode-3@group-523986131536-StateMachineUpdater: snapshotIndex: updateIncreasingly 206 -> 256
2025-04-23 14:38:36,702 [omNode-3@group-523986131536-StateMachineUpdater] INFO  raftlog.RaftLog (RaftLogBase.java:purge(325)) - omNode-3@group-523986131536-SegmentedRaftLog: purge 256
2025-04-23 14:38:36,702 [omNode-3@group-523986131536-StateMachineUpdater] INFO  raftlog.RaftLog (RaftLogBase.java:lambda$new$0(54)) - omNode-3@group-523986131536-SegmentedRaftLog: snapshotIndex: updateIncreasingly 206 -> 256
2025-04-23 14:38:36,702 [omNode-3@group-523986131536-StateMachineUpdater] INFO  raftlog.RaftLog (RaftLogBase.java:lambda$new$0(54)) - omNode-3@group-523986131536-SegmentedRaftLog: purgeIndex: updateToMax old=206, new=256, updated? true
2025-04-23 14:38:36,704 [omNode-3-OMStateMachineApplyTransactionThread - 0] INFO  volume.OMVolumeCreateRequest (OMVolumeCreateRequest.java:validateAndUpdateCache(203)) - created volume:vol-1416990145-74 for user:runner
2025-04-23 14:38:36,706 [main] INFO  rpc.RpcClient (RpcClient.java:createVolume(462)) - Creating Volume: vol-1416990145-75, with runner as owner and space quota set to -1 bytes, counts quota set to -1
2025-04-23 14:38:36,710 [omNode-3-OMStateMachineApplyTransactionThread - 0] INFO  volume.OMVolumeCreateRequest (OMVolumeCreateRequest.java:validateAndUpdateCache(203)) - created volume:vol-1416990145-75 for user:runner
2025-04-23 14:38:36,710 [omNode-1@group-523986131536-StateMachineUpdater] INFO  ratis.OzoneManagerStateMachine (OzoneManagerStateMachine.java:takeSnapshotImpl(510)) - omNode-1: taking snapshot. applied = (t:11, i:252), skipped = 251, notified = (t:11, i:252), current snapshot index = (t:11, i:252), took 42 ms
2025-04-23 14:38:36,710 [omNode-1@group-523986131536-StateMachineUpdater] INFO  impl.StateMachineUpdater (StateMachineUpdater.java:takeSnapshot(303)) - omNode-1@group-523986131536-StateMachineUpdater: Took a snapshot at index 252
2025-04-23 14:38:36,710 [omNode-1@group-523986131536-StateMachineUpdater] INFO  impl.StateMachineUpdater (StateMachineUpdater.java:lambda$new$0(102)) - omNode-1@group-523986131536-StateMachineUpdater: snapshotIndex: updateIncreasingly 202 -> 252
2025-04-23 14:38:36,710 [omNode-1@group-523986131536-StateMachineUpdater] INFO  raftlog.RaftLog (RaftLogBase.java:purge(325)) - omNode-1@group-523986131536-SegmentedRaftLog: purge 252
2025-04-23 14:38:36,710 [omNode-1@group-523986131536-StateMachineUpdater] INFO  raftlog.RaftLog (RaftLogBase.java:lambda$new$0(54)) - omNode-1@group-523986131536-SegmentedRaftLog: snapshotIndex: updateIncreasingly 202 -> 252
2025-04-23 14:38:36,710 [omNode-1@group-523986131536-StateMachineUpdater] INFO  raftlog.RaftLog (RaftLogBase.java:lambda$new$0(54)) - omNode-1@group-523986131536-SegmentedRaftLog: purgeIndex: updateToMax old=202, new=252, updated? true
2025-04-23 14:38:36,711 [omNode-1-OMStateMachineApplyTransactionThread - 0] INFO  volume.OMVolumeCreateRequest (OMVolumeCreateRequest.java:validateAndUpdateCache(203)) - created volume:vol-1416990145-73 for user:runner
2025-04-23 14:38:36,712 [main] INFO  rpc.RpcClient (RpcClient.java:createVolume(462)) - Creating Volume: vol-1416990145-76, with runner as owner and space quota set to -1 bytes, counts quota set to -1
2025-04-23 14:38:36,713 [omNode-1-OMStateMachineApplyTransactionThread - 0] INFO  volume.OMVolumeCreateRequest (OMVolumeCreateRequest.java:validateAndUpdateCache(203)) - created volume:vol-1416990145-74 for user:runner
2025-04-23 14:38:36,714 [omNode-2@group-523986131536-StateMachineUpdater] INFO  ratis.OzoneManagerStateMachine (OzoneManagerStateMachine.java:takeSnapshotImpl(510)) - omNode-2: taking snapshot. applied = (t:11, i:256), skipped = 255, notified = (t:11, i:256), current snapshot index = (t:11, i:256), took 33 ms
2025-04-23 14:38:36,714 [omNode-2@group-523986131536-StateMachineUpdater] INFO  impl.StateMachineUpdater (StateMachineUpdater.java:takeSnapshot(303)) - omNode-2@group-523986131536-StateMachineUpdater: Took a snapshot at index 256
2025-04-23 14:38:36,714 [omNode-2@group-523986131536-StateMachineUpdater] INFO  impl.StateMachineUpdater (StateMachineUpdater.java:lambda$new$0(102)) - omNode-2@group-523986131536-StateMachineUpdater: snapshotIndex: updateIncreasingly 206 -> 256
2025-04-23 14:38:36,714 [omNode-2@group-523986131536-StateMachineUpdater] INFO  raftlog.RaftLog (RaftLogBase.java:purge(325)) - omNode-2@group-523986131536-SegmentedRaftLog: purge 256
2025-04-23 14:38:36,714 [omNode-2@group-523986131536-StateMachineUpdater] INFO  raftlog.RaftLog (RaftLogBase.java:lambda$new$0(54)) - omNode-2@group-523986131536-SegmentedRaftLog: snapshotIndex: updateIncreasingly 206 -> 256
2025-04-23 14:38:36,714 [omNode-2@group-523986131536-StateMachineUpdater] INFO  raftlog.RaftLog (RaftLogBase.java:lambda$new$0(54)) - omNode-2@group-523986131536-SegmentedRaftLog: purgeIndex: updateToMax old=206, new=256, updated? true
2025-04-23 14:38:36,715 [omNode-2-OMStateMachineApplyTransactionThread - 0] INFO  volume.OMVolumeCreateRequest (OMVolumeCreateRequest.java:validateAndUpdateCache(203)) - created volume:vol-1416990145-74 for user:runner
2025-04-23 14:38:36,716 [omNode-1-OMStateMachineApplyTransactionThread - 0] INFO  volume.OMVolumeCreateRequest (OMVolumeCreateRequest.java:validateAndUpdateCache(203)) - created volume:vol-1416990145-75 for user:runner
2025-04-23 14:38:36,717 [omNode-2-OMStateMachineApplyTransactionThread - 0] INFO  volume.OMVolumeCreateRequest (OMVolumeCreateRequest.java:validateAndUpdateCache(203)) - created volume:vol-1416990145-75 for user:runner
2025-04-23 14:38:36,717 [omNode-3-OMStateMachineApplyTransactionThread - 0] INFO  volume.OMVolumeCreateRequest (OMVolumeCreateRequest.java:validateAndUpdateCache(203)) - created volume:vol-1416990145-76 for user:runner
2025-04-23 14:38:36,718 [omNode-2-OMStateMachineApplyTransactionThread - 0] INFO  volume.OMVolumeCreateRequest (OMVolumeCreateRequest.java:validateAndUpdateCache(203)) - created volume:vol-1416990145-76 for user:runner
2025-04-23 14:38:36,719 [omNode-1-OMStateMachineApplyTransactionThread - 0] INFO  volume.OMVolumeCreateRequest (OMVolumeCreateRequest.java:validateAndUpdateCache(203)) - created volume:vol-1416990145-76 for user:runner
2025-04-23 14:38:36,719 [main] INFO  rpc.RpcClient (RpcClient.java:createVolume(462)) - Creating Volume: vol-1416990145-77, with runner as owner and space quota set to -1 bytes, counts quota set to -1
2025-04-23 14:38:36,722 [omNode-3-OMStateMachineApplyTransactionThread - 0] INFO  volume.OMVolumeCreateRequest (OMVolumeCreateRequest.java:validateAndUpdateCache(203)) - created volume:vol-1416990145-77 for user:runner
2025-04-23 14:38:36,723 [omNode-1-OMStateMachineApplyTransactionThread - 0] INFO  volume.OMVolumeCreateRequest (OMVolumeCreateRequest.java:validateAndUpdateCache(203)) - created volume:vol-1416990145-77 for user:runner
2025-04-23 14:38:36,724 [omNode-2-OMStateMachineApplyTransactionThread - 0] INFO  volume.OMVolumeCreateRequest (OMVolumeCreateRequest.java:validateAndUpdateCache(203)) - created volume:vol-1416990145-77 for user:runner
2025-04-23 14:38:36,725 [main] INFO  rpc.RpcClient (RpcClient.java:createVolume(462)) - Creating Volume: vol-1416990145-78, with runner as owner and space quota set to -1 bytes, counts quota set to -1
2025-04-23 14:38:36,729 [omNode-3-OMStateMachineApplyTransactionThread - 0] INFO  volume.OMVolumeCreateRequest (OMVolumeCreateRequest.java:validateAndUpdateCache(203)) - created volume:vol-1416990145-78 for user:runner
2025-04-23 14:38:36,730 [omNode-2-OMStateMachineApplyTransactionThread - 0] INFO  volume.OMVolumeCreateRequest (OMVolumeCreateRequest.java:validateAndUpdateCache(203)) - created volume:vol-1416990145-78 for user:runner
2025-04-23 14:38:36,732 [omNode-1-OMStateMachineApplyTransactionThread - 0] INFO  volume.OMVolumeCreateRequest (OMVolumeCreateRequest.java:validateAndUpdateCache(203)) - created volume:vol-1416990145-78 for user:runner
2025-04-23 14:38:36,733 [main] INFO  rpc.RpcClient (RpcClient.java:createVolume(462)) - Creating Volume: vol-1416990145-79, with runner as owner and space quota set to -1 bytes, counts quota set to -1
2025-04-23 14:38:36,736 [omNode-3-OMStateMachineApplyTransactionThread - 0] INFO  volume.OMVolumeCreateRequest (OMVolumeCreateRequest.java:validateAndUpdateCache(203)) - created volume:vol-1416990145-79 for user:runner
2025-04-23 14:38:36,738 [main] INFO  rpc.RpcClient (RpcClient.java:createVolume(462)) - Creating Volume: vol-1416990145-80, with runner as owner and space quota set to -1 bytes, counts quota set to -1
2025-04-23 14:38:36,740 [omNode-2-OMStateMachineApplyTransactionThread - 0] INFO  volume.OMVolumeCreateRequest (OMVolumeCreateRequest.java:validateAndUpdateCache(203)) - created volume:vol-1416990145-79 for user:runner
2025-04-23 14:38:36,741 [omNode-1-OMStateMachineApplyTransactionThread - 0] INFO  volume.OMVolumeCreateRequest (OMVolumeCreateRequest.java:validateAndUpdateCache(203)) - created volume:vol-1416990145-79 for user:runner
2025-04-23 14:38:36,743 [omNode-3-OMStateMachineApplyTransactionThread - 0] INFO  volume.OMVolumeCreateRequest (OMVolumeCreateRequest.java:validateAndUpdateCache(203)) - created volume:vol-1416990145-80 for user:runner
2025-04-23 14:38:36,744 [omNode-2-OMStateMachineApplyTransactionThread - 0] INFO  volume.OMVolumeCreateRequest (OMVolumeCreateRequest.java:validateAndUpdateCache(203)) - created volume:vol-1416990145-80 for user:runner
2025-04-23 14:38:36,745 [main] INFO  rpc.RpcClient (RpcClient.java:createVolume(462)) - Creating Volume: vol-1416990145-81, with runner as owner and space quota set to -1 bytes, counts quota set to -1
2025-04-23 14:38:36,745 [omNode-1-OMStateMachineApplyTransactionThread - 0] INFO  volume.OMVolumeCreateRequest (OMVolumeCreateRequest.java:validateAndUpdateCache(203)) - created volume:vol-1416990145-80 for user:runner
2025-04-23 14:38:36,748 [omNode-3-OMStateMachineApplyTransactionThread - 0] INFO  volume.OMVolumeCreateRequest (OMVolumeCreateRequest.java:validateAndUpdateCache(203)) - created volume:vol-1416990145-81 for user:runner
2025-04-23 14:38:36,749 [omNode-2-OMStateMachineApplyTransactionThread - 0] INFO  volume.OMVolumeCreateRequest (OMVolumeCreateRequest.java:validateAndUpdateCache(203)) - created volume:vol-1416990145-81 for user:runner
2025-04-23 14:38:36,749 [main] INFO  rpc.RpcClient (RpcClient.java:createVolume(462)) - Creating Volume: vol-1416990145-82, with runner as owner and space quota set to -1 bytes, counts quota set to -1
2025-04-23 14:38:36,750 [omNode-1-OMStateMachineApplyTransactionThread - 0] INFO  volume.OMVolumeCreateRequest (OMVolumeCreateRequest.java:validateAndUpdateCache(203)) - created volume:vol-1416990145-81 for user:runner
2025-04-23 14:38:36,753 [omNode-3-OMStateMachineApplyTransactionThread - 0] INFO  volume.OMVolumeCreateRequest (OMVolumeCreateRequest.java:validateAndUpdateCache(203)) - created volume:vol-1416990145-82 for user:runner
2025-04-23 14:38:36,754 [main] INFO  rpc.RpcClient (RpcClient.java:createVolume(462)) - Creating Volume: vol-1416990145-83, with runner as owner and space quota set to -1 bytes, counts quota set to -1
2025-04-23 14:38:36,754 [omNode-2-OMStateMachineApplyTransactionThread - 0] INFO  volume.OMVolumeCreateRequest (OMVolumeCreateRequest.java:validateAndUpdateCache(203)) - created volume:vol-1416990145-82 for user:runner
2025-04-23 14:38:36,755 [omNode-1-OMStateMachineApplyTransactionThread - 0] INFO  volume.OMVolumeCreateRequest (OMVolumeCreateRequest.java:validateAndUpdateCache(203)) - created volume:vol-1416990145-82 for user:runner
2025-04-23 14:38:36,758 [omNode-3-OMStateMachineApplyTransactionThread - 0] INFO  volume.OMVolumeCreateRequest (OMVolumeCreateRequest.java:validateAndUpdateCache(203)) - created volume:vol-1416990145-83 for user:runner
2025-04-23 14:38:36,760 [omNode-2-OMStateMachineApplyTransactionThread - 0] INFO  volume.OMVolumeCreateRequest (OMVolumeCreateRequest.java:validateAndUpdateCache(203)) - created volume:vol-1416990145-83 for user:runner
2025-04-23 14:38:36,760 [omNode-1-OMStateMachineApplyTransactionThread - 0] INFO  volume.OMVolumeCreateRequest (OMVolumeCreateRequest.java:validateAndUpdateCache(203)) - created volume:vol-1416990145-83 for user:runner
2025-04-23 14:38:36,760 [main] INFO  rpc.RpcClient (RpcClient.java:createVolume(462)) - Creating Volume: vol-1416990145-84, with runner as owner and space quota set to -1 bytes, counts quota set to -1
2025-04-23 14:38:36,764 [omNode-1-OMStateMachineApplyTransactionThread - 0] INFO  volume.OMVolumeCreateRequest (OMVolumeCreateRequest.java:validateAndUpdateCache(203)) - created volume:vol-1416990145-84 for user:runner
2025-04-23 14:38:36,765 [omNode-2-OMStateMachineApplyTransactionThread - 0] INFO  volume.OMVolumeCreateRequest (OMVolumeCreateRequest.java:validateAndUpdateCache(203)) - created volume:vol-1416990145-84 for user:runner
2025-04-23 14:38:36,765 [omNode-3-OMStateMachineApplyTransactionThread - 0] INFO  volume.OMVolumeCreateRequest (OMVolumeCreateRequest.java:validateAndUpdateCache(203)) - created volume:vol-1416990145-84 for user:runner
2025-04-23 14:38:36,768 [main] INFO  rpc.RpcClient (RpcClient.java:createVolume(462)) - Creating Volume: vol-1416990145-85, with runner as owner and space quota set to -1 bytes, counts quota set to -1
2025-04-23 14:38:36,773 [omNode-3-OMStateMachineApplyTransactionThread - 0] INFO  volume.OMVolumeCreateRequest (OMVolumeCreateRequest.java:validateAndUpdateCache(203)) - created volume:vol-1416990145-85 for user:runner
2025-04-23 14:38:36,773 [omNode-2-OMStateMachineApplyTransactionThread - 0] INFO  volume.OMVolumeCreateRequest (OMVolumeCreateRequest.java:validateAndUpdateCache(203)) - created volume:vol-1416990145-85 for user:runner
2025-04-23 14:38:36,774 [omNode-1-OMStateMachineApplyTransactionThread - 0] INFO  volume.OMVolumeCreateRequest (OMVolumeCreateRequest.java:validateAndUpdateCache(203)) - created volume:vol-1416990145-85 for user:runner
2025-04-23 14:38:36,776 [main] INFO  rpc.RpcClient (RpcClient.java:createVolume(462)) - Creating Volume: vol-1416990145-86, with runner as owner and space quota set to -1 bytes, counts quota set to -1
2025-04-23 14:38:36,780 [omNode-3-OMStateMachineApplyTransactionThread - 0] INFO  volume.OMVolumeCreateRequest (OMVolumeCreateRequest.java:validateAndUpdateCache(203)) - created volume:vol-1416990145-86 for user:runner
2025-04-23 14:38:36,781 [omNode-2-OMStateMachineApplyTransactionThread - 0] INFO  volume.OMVolumeCreateRequest (OMVolumeCreateRequest.java:validateAndUpdateCache(203)) - created volume:vol-1416990145-86 for user:runner
2025-04-23 14:38:36,782 [omNode-1-OMStateMachineApplyTransactionThread - 0] INFO  volume.OMVolumeCreateRequest (OMVolumeCreateRequest.java:validateAndUpdateCache(203)) - created volume:vol-1416990145-86 for user:runner
2025-04-23 14:38:36,783 [main] INFO  rpc.RpcClient (RpcClient.java:createVolume(462)) - Creating Volume: vol-1416990145-87, with runner as owner and space quota set to -1 bytes, counts quota set to -1
2025-04-23 14:38:36,788 [omNode-3-OMStateMachineApplyTransactionThread - 0] INFO  volume.OMVolumeCreateRequest (OMVolumeCreateRequest.java:validateAndUpdateCache(203)) - created volume:vol-1416990145-87 for user:runner
2025-04-23 14:38:36,789 [omNode-1-OMStateMachineApplyTransactionThread - 0] INFO  volume.OMVolumeCreateRequest (OMVolumeCreateRequest.java:validateAndUpdateCache(203)) - created volume:vol-1416990145-87 for user:runner
2025-04-23 14:38:36,790 [omNode-2-OMStateMachineApplyTransactionThread - 0] INFO  volume.OMVolumeCreateRequest (OMVolumeCreateRequest.java:validateAndUpdateCache(203)) - created volume:vol-1416990145-87 for user:runner
2025-04-23 14:38:36,792 [main] INFO  rpc.RpcClient (RpcClient.java:createVolume(462)) - Creating Volume: vol-1416990145-88, with runner as owner and space quota set to -1 bytes, counts quota set to -1
2025-04-23 14:38:36,795 [omNode-1-OMStateMachineApplyTransactionThread - 0] INFO  volume.OMVolumeCreateRequest (OMVolumeCreateRequest.java:validateAndUpdateCache(203)) - created volume:vol-1416990145-88 for user:runner
2025-04-23 14:38:36,796 [omNode-3-OMStateMachineApplyTransactionThread - 0] INFO  volume.OMVolumeCreateRequest (OMVolumeCreateRequest.java:validateAndUpdateCache(203)) - created volume:vol-1416990145-88 for user:runner
2025-04-23 14:38:36,796 [omNode-2-OMStateMachineApplyTransactionThread - 0] INFO  volume.OMVolumeCreateRequest (OMVolumeCreateRequest.java:validateAndUpdateCache(203)) - created volume:vol-1416990145-88 for user:runner
2025-04-23 14:38:36,797 [main] INFO  rpc.RpcClient (RpcClient.java:createVolume(462)) - Creating Volume: vol-1416990145-89, with runner as owner and space quota set to -1 bytes, counts quota set to -1
2025-04-23 14:38:36,801 [omNode-3-OMStateMachineApplyTransactionThread - 0] INFO  volume.OMVolumeCreateRequest (OMVolumeCreateRequest.java:validateAndUpdateCache(203)) - created volume:vol-1416990145-89 for user:runner
2025-04-23 14:38:36,803 [omNode-1-OMStateMachineApplyTransactionThread - 0] INFO  volume.OMVolumeCreateRequest (OMVolumeCreateRequest.java:validateAndUpdateCache(203)) - created volume:vol-1416990145-89 for user:runner
2025-04-23 14:38:36,804 [main] INFO  rpc.RpcClient (RpcClient.java:createVolume(462)) - Creating Volume: vol-1416990145-90, with runner as owner and space quota set to -1 bytes, counts quota set to -1
2025-04-23 14:38:36,804 [omNode-2-OMStateMachineApplyTransactionThread - 0] INFO  volume.OMVolumeCreateRequest (OMVolumeCreateRequest.java:validateAndUpdateCache(203)) - created volume:vol-1416990145-89 for user:runner
2025-04-23 14:38:36,809 [omNode-3-OMStateMachineApplyTransactionThread - 0] INFO  volume.OMVolumeCreateRequest (OMVolumeCreateRequest.java:validateAndUpdateCache(203)) - created volume:vol-1416990145-90 for user:runner
2025-04-23 14:38:36,810 [omNode-2-OMStateMachineApplyTransactionThread - 0] INFO  volume.OMVolumeCreateRequest (OMVolumeCreateRequest.java:validateAndUpdateCache(203)) - created volume:vol-1416990145-90 for user:runner
2025-04-23 14:38:36,810 [main] INFO  rpc.RpcClient (RpcClient.java:createVolume(462)) - Creating Volume: vol-1416990145-91, with runner as owner and space quota set to -1 bytes, counts quota set to -1
2025-04-23 14:38:36,811 [omNode-1-OMStateMachineApplyTransactionThread - 0] INFO  volume.OMVolumeCreateRequest (OMVolumeCreateRequest.java:validateAndUpdateCache(203)) - created volume:vol-1416990145-90 for user:runner
2025-04-23 14:38:36,813 [omNode-3-OMStateMachineApplyTransactionThread - 0] INFO  volume.OMVolumeCreateRequest (OMVolumeCreateRequest.java:validateAndUpdateCache(203)) - created volume:vol-1416990145-91 for user:runner
2025-04-23 14:38:36,814 [omNode-1-OMStateMachineApplyTransactionThread - 0] INFO  volume.OMVolumeCreateRequest (OMVolumeCreateRequest.java:validateAndUpdateCache(203)) - created volume:vol-1416990145-91 for user:runner
2025-04-23 14:38:36,815 [omNode-2-OMStateMachineApplyTransactionThread - 0] INFO  volume.OMVolumeCreateRequest (OMVolumeCreateRequest.java:validateAndUpdateCache(203)) - created volume:vol-1416990145-91 for user:runner
2025-04-23 14:38:36,815 [main] INFO  rpc.RpcClient (RpcClient.java:createVolume(462)) - Creating Volume: vol-1416990145-92, with runner as owner and space quota set to -1 bytes, counts quota set to -1
2025-04-23 14:38:36,817 [omNode-3-OMStateMachineApplyTransactionThread - 0] INFO  volume.OMVolumeCreateRequest (OMVolumeCreateRequest.java:validateAndUpdateCache(203)) - created volume:vol-1416990145-92 for user:runner
2025-04-23 14:38:36,819 [omNode-1-OMStateMachineApplyTransactionThread - 0] INFO  volume.OMVolumeCreateRequest (OMVolumeCreateRequest.java:validateAndUpdateCache(203)) - created volume:vol-1416990145-92 for user:runner
2025-04-23 14:38:36,820 [omNode-2-OMStateMachineApplyTransactionThread - 0] INFO  volume.OMVolumeCreateRequest (OMVolumeCreateRequest.java:validateAndUpdateCache(203)) - created volume:vol-1416990145-92 for user:runner
2025-04-23 14:38:36,820 [main] INFO  rpc.RpcClient (RpcClient.java:createVolume(462)) - Creating Volume: vol-1416990145-93, with runner as owner and space quota set to -1 bytes, counts quota set to -1
2025-04-23 14:38:36,824 [omNode-3-OMStateMachineApplyTransactionThread - 0] INFO  volume.OMVolumeCreateRequest (OMVolumeCreateRequest.java:validateAndUpdateCache(203)) - created volume:vol-1416990145-93 for user:runner
2025-04-23 14:38:36,826 [main] INFO  rpc.RpcClient (RpcClient.java:createVolume(462)) - Creating Volume: vol-1416990145-94, with runner as owner and space quota set to -1 bytes, counts quota set to -1
2025-04-23 14:38:36,827 [omNode-1-OMStateMachineApplyTransactionThread - 0] INFO  volume.OMVolumeCreateRequest (OMVolumeCreateRequest.java:validateAndUpdateCache(203)) - created volume:vol-1416990145-93 for user:runner
2025-04-23 14:38:36,828 [omNode-2-OMStateMachineApplyTransactionThread - 0] INFO  volume.OMVolumeCreateRequest (OMVolumeCreateRequest.java:validateAndUpdateCache(203)) - created volume:vol-1416990145-93 for user:runner
2025-04-23 14:38:36,830 [omNode-3-OMStateMachineApplyTransactionThread - 0] INFO  volume.OMVolumeCreateRequest (OMVolumeCreateRequest.java:validateAndUpdateCache(203)) - created volume:vol-1416990145-94 for user:runner
2025-04-23 14:38:36,832 [omNode-2-OMStateMachineApplyTransactionThread - 0] INFO  volume.OMVolumeCreateRequest (OMVolumeCreateRequest.java:validateAndUpdateCache(203)) - created volume:vol-1416990145-94 for user:runner
2025-04-23 14:38:36,833 [omNode-1-OMStateMachineApplyTransactionThread - 0] INFO  volume.OMVolumeCreateRequest (OMVolumeCreateRequest.java:validateAndUpdateCache(203)) - created volume:vol-1416990145-94 for user:runner
2025-04-23 14:38:36,834 [main] INFO  rpc.RpcClient (RpcClient.java:createVolume(462)) - Creating Volume: vol-1416990145-95, with runner as owner and space quota set to -1 bytes, counts quota set to -1
2025-04-23 14:38:36,838 [omNode-3-OMStateMachineApplyTransactionThread - 0] INFO  volume.OMVolumeCreateRequest (OMVolumeCreateRequest.java:validateAndUpdateCache(203)) - created volume:vol-1416990145-95 for user:runner
2025-04-23 14:38:36,839 [main] INFO  rpc.RpcClient (RpcClient.java:createVolume(462)) - Creating Volume: vol-1416990145-96, with runner as owner and space quota set to -1 bytes, counts quota set to -1
2025-04-23 14:38:36,840 [omNode-2-OMStateMachineApplyTransactionThread - 0] INFO  volume.OMVolumeCreateRequest (OMVolumeCreateRequest.java:validateAndUpdateCache(203)) - created volume:vol-1416990145-95 for user:runner
2025-04-23 14:38:36,840 [omNode-1-OMStateMachineApplyTransactionThread - 0] INFO  volume.OMVolumeCreateRequest (OMVolumeCreateRequest.java:validateAndUpdateCache(203)) - created volume:vol-1416990145-95 for user:runner
2025-04-23 14:38:36,844 [omNode-3-OMStateMachineApplyTransactionThread - 0] INFO  volume.OMVolumeCreateRequest (OMVolumeCreateRequest.java:validateAndUpdateCache(203)) - created volume:vol-1416990145-96 for user:runner
2025-04-23 14:38:36,846 [main] INFO  rpc.RpcClient (RpcClient.java:createVolume(462)) - Creating Volume: vol-1416990145-97, with runner as owner and space quota set to -1 bytes, counts quota set to -1
2025-04-23 14:38:36,846 [omNode-1-OMStateMachineApplyTransactionThread - 0] INFO  volume.OMVolumeCreateRequest (OMVolumeCreateRequest.java:validateAndUpdateCache(203)) - created volume:vol-1416990145-96 for user:runner
2025-04-23 14:38:36,847 [omNode-2-OMStateMachineApplyTransactionThread - 0] INFO  volume.OMVolumeCreateRequest (OMVolumeCreateRequest.java:validateAndUpdateCache(203)) - created volume:vol-1416990145-96 for user:runner
2025-04-23 14:38:36,850 [omNode-3-OMStateMachineApplyTransactionThread - 0] INFO  volume.OMVolumeCreateRequest (OMVolumeCreateRequest.java:validateAndUpdateCache(203)) - created volume:vol-1416990145-97 for user:runner
2025-04-23 14:38:36,850 [main] INFO  rpc.RpcClient (RpcClient.java:createVolume(462)) - Creating Volume: vol-1416990145-98, with runner as owner and space quota set to -1 bytes, counts quota set to -1
2025-04-23 14:38:36,851 [omNode-2-OMStateMachineApplyTransactionThread - 0] INFO  volume.OMVolumeCreateRequest (OMVolumeCreateRequest.java:validateAndUpdateCache(203)) - created volume:vol-1416990145-97 for user:runner
2025-04-23 14:38:36,854 [omNode-3-OMStateMachineApplyTransactionThread - 0] INFO  volume.OMVolumeCreateRequest (OMVolumeCreateRequest.java:validateAndUpdateCache(203)) - created volume:vol-1416990145-98 for user:runner
2025-04-23 14:38:36,855 [main] INFO  rpc.RpcClient (RpcClient.java:createVolume(462)) - Creating Volume: vol-1416990145-99, with runner as owner and space quota set to -1 bytes, counts quota set to -1
2025-04-23 14:38:36,855 [omNode-2-OMStateMachineApplyTransactionThread - 0] INFO  volume.OMVolumeCreateRequest (OMVolumeCreateRequest.java:validateAndUpdateCache(203)) - created volume:vol-1416990145-98 for user:runner
2025-04-23 14:38:36,874 [omNode-1@group-523986131536-StateMachineUpdater] INFO  ratis.OzoneManagerStateMachine (OzoneManagerStateMachine.java:takeSnapshotImpl(510)) - omNode-1: taking snapshot. applied = (t:11, i:302), skipped = 301, notified = (t:11, i:302), current snapshot index = (t:11, i:302), took 25 ms
2025-04-23 14:38:36,874 [omNode-1@group-523986131536-StateMachineUpdater] INFO  impl.StateMachineUpdater (StateMachineUpdater.java:takeSnapshot(303)) - omNode-1@group-523986131536-StateMachineUpdater: Took a snapshot at index 302
2025-04-23 14:38:36,874 [omNode-1@group-523986131536-StateMachineUpdater] INFO  impl.StateMachineUpdater (StateMachineUpdater.java:lambda$new$0(102)) - omNode-1@group-523986131536-StateMachineUpdater: snapshotIndex: updateIncreasingly 252 -> 302
2025-04-23 14:38:36,874 [omNode-1@group-523986131536-StateMachineUpdater] INFO  raftlog.RaftLog (RaftLogBase.java:purge(325)) - omNode-1@group-523986131536-SegmentedRaftLog: purge 302
2025-04-23 14:38:36,875 [omNode-1@group-523986131536-StateMachineUpdater] INFO  raftlog.RaftLog (RaftLogBase.java:lambda$new$0(54)) - omNode-1@group-523986131536-SegmentedRaftLog: snapshotIndex: updateIncreasingly 252 -> 302
2025-04-23 14:38:36,875 [omNode-1@group-523986131536-StateMachineUpdater] INFO  raftlog.RaftLog (RaftLogBase.java:lambda$new$0(54)) - omNode-1@group-523986131536-SegmentedRaftLog: purgeIndex: updateToMax old=252, new=302, updated? true
2025-04-23 14:38:36,875 [omNode-1-OMStateMachineApplyTransactionThread - 0] INFO  volume.OMVolumeCreateRequest (OMVolumeCreateRequest.java:validateAndUpdateCache(203)) - created volume:vol-1416990145-97 for user:runner
2025-04-23 14:38:36,876 [omNode-1-OMStateMachineApplyTransactionThread - 0] INFO  volume.OMVolumeCreateRequest (OMVolumeCreateRequest.java:validateAndUpdateCache(203)) - created volume:vol-1416990145-98 for user:runner
2025-04-23 14:38:36,876 [omNode-1-OMStateMachineApplyTransactionThread - 0] INFO  volume.OMVolumeCreateRequest (OMVolumeCreateRequest.java:validateAndUpdateCache(203)) - created volume:vol-1416990145-99 for user:runner
2025-04-23 14:38:36,879 [omNode-3@group-523986131536-StateMachineUpdater] INFO  ratis.OzoneManagerStateMachine (OzoneManagerStateMachine.java:takeSnapshotImpl(510)) - omNode-3: taking snapshot. applied = (t:11, i:306), skipped = 305, notified = (t:11, i:306), current snapshot index = (t:11, i:306), took 24 ms
2025-04-23 14:38:36,879 [omNode-3@group-523986131536-StateMachineUpdater] INFO  impl.StateMachineUpdater (StateMachineUpdater.java:takeSnapshot(303)) - omNode-3@group-523986131536-StateMachineUpdater: Took a snapshot at index 306
2025-04-23 14:38:36,879 [omNode-3@group-523986131536-StateMachineUpdater] INFO  impl.StateMachineUpdater (StateMachineUpdater.java:lambda$new$0(102)) - omNode-3@group-523986131536-StateMachineUpdater: snapshotIndex: updateIncreasingly 256 -> 306
2025-04-23 14:38:36,879 [omNode-3@group-523986131536-StateMachineUpdater] INFO  raftlog.RaftLog (RaftLogBase.java:purge(325)) - omNode-3@group-523986131536-SegmentedRaftLog: purge 306
2025-04-23 14:38:36,879 [omNode-3@group-523986131536-StateMachineUpdater] INFO  raftlog.RaftLog (RaftLogBase.java:lambda$new$0(54)) - omNode-3@group-523986131536-SegmentedRaftLog: snapshotIndex: updateIncreasingly 256 -> 306
2025-04-23 14:38:36,879 [omNode-3@group-523986131536-StateMachineUpdater] INFO  raftlog.RaftLog (RaftLogBase.java:lambda$new$0(54)) - omNode-3@group-523986131536-SegmentedRaftLog: purgeIndex: updateToMax old=256, new=306, updated? true
2025-04-23 14:38:36,880 [omNode-3-OMStateMachineApplyTransactionThread - 0] INFO  volume.OMVolumeCreateRequest (OMVolumeCreateRequest.java:validateAndUpdateCache(203)) - created volume:vol-1416990145-99 for user:runner
2025-04-23 14:38:36,880 [omNode-2@group-523986131536-StateMachineUpdater] INFO  ratis.OzoneManagerStateMachine (OzoneManagerStateMachine.java:takeSnapshotImpl(510)) - omNode-2: taking snapshot. applied = (t:11, i:306), skipped = 305, notified = (t:11, i:306), current snapshot index = (t:11, i:306), took 23 ms
2025-04-23 14:38:36,880 [omNode-2@group-523986131536-StateMachineUpdater] INFO  impl.StateMachineUpdater (StateMachineUpdater.java:takeSnapshot(303)) - omNode-2@group-523986131536-StateMachineUpdater: Took a snapshot at index 306
2025-04-23 14:38:36,880 [omNode-2@group-523986131536-StateMachineUpdater] INFO  impl.StateMachineUpdater (StateMachineUpdater.java:lambda$new$0(102)) - omNode-2@group-523986131536-StateMachineUpdater: snapshotIndex: updateIncreasingly 256 -> 306
2025-04-23 14:38:36,880 [omNode-2@group-523986131536-StateMachineUpdater] INFO  raftlog.RaftLog (RaftLogBase.java:purge(325)) - omNode-2@group-523986131536-SegmentedRaftLog: purge 306
2025-04-23 14:38:36,880 [omNode-2@group-523986131536-StateMachineUpdater] INFO  raftlog.RaftLog (RaftLogBase.java:lambda$new$0(54)) - omNode-2@group-523986131536-SegmentedRaftLog: snapshotIndex: updateIncreasingly 256 -> 306
2025-04-23 14:38:36,880 [omNode-2@group-523986131536-StateMachineUpdater] INFO  raftlog.RaftLog (RaftLogBase.java:lambda$new$0(54)) - omNode-2@group-523986131536-SegmentedRaftLog: purgeIndex: updateToMax old=256, new=306, updated? true
2025-04-23 14:38:36,881 [omNode-2-OMStateMachineApplyTransactionThread - 0] INFO  volume.OMVolumeCreateRequest (OMVolumeCreateRequest.java:validateAndUpdateCache(203)) - created volume:vol-1416990145-99 for user:runner
2025-04-23 14:38:36,904 [main] INFO  om.OzoneManager (OzoneManager.java:stop(2347)) - omNode-3[localhost:15014]: Stopping Ozone Manager
2025-04-23 14:38:36,904 [main] INFO  ipc.Server (Server.java:stop(3697)) - Stopping server on 15014
2025-04-23 14:38:36,907 [IPC Server listener on 15014] INFO  ipc.Server (Server.java:run(1585)) - Stopping IPC Server listener on 15014
2025-04-23 14:38:36,907 [IPC Server Responder] INFO  ipc.Server (Server.java:run(1718)) - Stopping IPC Server Responder
2025-04-23 14:38:36,908 [main] INFO  ratis.OzoneManagerRatisServer (OzoneManagerRatisServer.java:stop(634)) - Stopping org.apache.hadoop.ozone.om.ratis.OzoneManagerRatisServer@3125719e at port 15017
2025-04-23 14:38:36,908 [main] INFO  server.RaftServer (RaftServerProxy.java:lambda$close$9(417)) - omNode-3: close
2025-04-23 14:38:36,908 [main] INFO  server.GrpcService (GrpcService.java:closeImpl(343)) - omNode-3: shutdown server GrpcServerProtocolService now
2025-04-23 14:38:36,908 [omNode-3-impl-thread1] INFO  server.RaftServer$Division (RaftServerImpl.java:lambda$close$1(513)) - omNode-3@group-523986131536: shutdown
2025-04-23 14:38:36,908 [omNode-3-impl-thread1] INFO  util.JmxRegister (JmxRegister.java:unregister(74)) - Successfully un-registered JMX Bean with object name Ratis:service=RaftServer,group=group-523986131536,id=omNode-3
2025-04-23 14:38:36,908 [omNode-3-impl-thread1] INFO  impl.RoleInfo (RoleInfo.java:shutdownLeaderState(103)) - omNode-3: shutdown omNode-3@group-523986131536-LeaderStateImpl
2025-04-23 14:38:36,908 [omNode-3@group-523986131536->omNode-1-GrpcLogAppender-LogAppenderDaemon] WARN  server.GrpcLogAppender (GrpcLogAppender.java:mayWait(293)) - omNode-3@group-523986131536->omNode-1-GrpcLogAppender: Wait interrupted by java.lang.InterruptedException
2025-04-23 14:38:36,908 [omNode-3-impl-thread1] INFO  impl.PendingRequests (PendingRequests.java:sendNotLeaderResponses(287)) - omNode-3@group-523986131536-PendingRequests: sendNotLeaderResponses
2025-04-23 14:38:36,909 [omNode-3@group-523986131536->omNode-2-GrpcLogAppender-LogAppenderDaemon] WARN  server.GrpcLogAppender (GrpcLogAppender.java:mayWait(293)) - omNode-3@group-523986131536->omNode-2-GrpcLogAppender: Wait interrupted by java.lang.InterruptedException
2025-04-23 14:38:36,909 [omNode-3-impl-thread1] INFO  impl.StateMachineUpdater (StateMachineUpdater.java:stopAndJoin(164)) - omNode-3@group-523986131536-StateMachineUpdater: set stopIndex = 308
2025-04-23 14:38:36,909 [grpc-default-executor-7] INFO  server.GrpcServerProtocolService (GrpcServerProtocolService.java:onCompleted(157)) - omNode-1: Completed APPEND_ENTRIES, lastRequest: omNode-3->omNode-1#489-t11,previous=(t:11, i:307),leaderCommit=307,initializing? false,entries: size=1, first=(t:11, i:308), METADATAENTRY(c:307)
2025-04-23 14:38:36,909 [grpc-default-executor-7] INFO  server.GrpcServerProtocolService (GrpcServerProtocolService.java:lambda$onCompleted$5(159)) - omNode-1: Completed APPEND_ENTRIES, lastReply: null
2025-04-23 14:38:36,909 [grpc-default-executor-6] INFO  server.GrpcServerProtocolService (GrpcServerProtocolService.java:onCompleted(157)) - omNode-1: Completed APPEND_ENTRIES, lastRequest: null
2025-04-23 14:38:36,910 [grpc-default-executor-6] INFO  server.GrpcServerProtocolService (GrpcServerProtocolService.java:lambda$onCompleted$5(159)) - omNode-1: Completed APPEND_ENTRIES, lastReply: serverReply {
  requestorId: "omNode-3"
  replyId: "omNode-1"
  raftGroupId {
    id: "\311\274L\364;\303<`\246kR9\206\023\0256"
  }
  callId: 8
  success: true
}
term: 11
nextIndex: 109
followerCommit: 108
matchIndex: 18446744073709551615
isHearbeat: true

2025-04-23 14:38:36,910 [Thread-4640] INFO  server.GrpcServerProtocolClient (GrpcServerProtocolClient.java:close(105)) - omNode-1 Close channels
2025-04-23 14:38:36,910 [grpc-default-executor-7] INFO  server.GrpcServerProtocolService (GrpcServerProtocolService.java:onCompleted(157)) - omNode-2: Completed APPEND_ENTRIES, lastRequest: null
2025-04-23 14:38:36,911 [Thread-4641] INFO  server.GrpcServerProtocolClient (GrpcServerProtocolClient.java:close(105)) - omNode-2 Close channels
2025-04-23 14:38:36,911 [grpc-default-executor-6] INFO  server.GrpcServerProtocolService (GrpcServerProtocolService.java:onCompleted(157)) - omNode-2: Completed APPEND_ENTRIES, lastRequest: omNode-3->omNode-2#512-t11,previous=(t:11, i:307),leaderCommit=307,initializing? false,entries: size=1, first=(t:11, i:308), METADATAENTRY(c:307)
2025-04-23 14:38:36,911 [grpc-default-executor-6] INFO  server.GrpcServerProtocolService (GrpcServerProtocolService.java:lambda$onCompleted$5(159)) - omNode-2: Completed APPEND_ENTRIES, lastReply: null
2025-04-23 14:38:36,911 [grpc-default-executor-5] INFO  server.GrpcLogAppender (GrpcLogAppender.java:onCompleted(550)) - omNode-3@group-523986131536->omNode-1-AppendLogResponseHandler: follower responses appendEntries COMPLETED
2025-04-23 14:38:36,911 [grpc-default-executor-5] WARN  server.GrpcLogAppender (GrpcLogAppender.java:resetClient(230)) - omNode-3@group-523986131536->omNode-1-GrpcLogAppender: Failed to getClient for omNode-1
org.apache.ratis.protocol.exceptions.AlreadyClosedException: omNode-3 is already CLOSED
	at org.apache.ratis.util.PeerProxyMap$PeerAndProxy.getProxy(PeerProxyMap.java:67)
	at org.apache.ratis.util.PeerProxyMap.getProxy(PeerProxyMap.java:124)
	at org.apache.ratis.grpc.server.GrpcLogAppender.getClient(GrpcLogAppender.java:200)
	at org.apache.ratis.grpc.server.GrpcLogAppender.resetClient(GrpcLogAppender.java:205)
	at org.apache.ratis.grpc.server.GrpcLogAppender.access$800(GrpcLogAppender.java:64)
	at org.apache.ratis.grpc.server.GrpcLogAppender$AppendLogResponseHandler.onCompleted(GrpcLogAppender.java:551)
	at org.apache.ratis.thirdparty.io.grpc.stub.ClientCalls$StreamObserverToCallListenerAdapter.onClose(ClientCalls.java:479)
	at org.apache.ratis.thirdparty.io.grpc.internal.ClientCallImpl.closeObserver(ClientCallImpl.java:567)
	at org.apache.ratis.thirdparty.io.grpc.internal.ClientCallImpl.access$300(ClientCallImpl.java:71)
	at org.apache.ratis.thirdparty.io.grpc.internal.ClientCallImpl$ClientStreamListenerImpl$1StreamClosed.runInternal(ClientCallImpl.java:735)
	at org.apache.ratis.thirdparty.io.grpc.internal.ClientCallImpl$ClientStreamListenerImpl$1StreamClosed.runInContext(ClientCallImpl.java:716)
	at org.apache.ratis.thirdparty.io.grpc.internal.ContextRunnable.run(ContextRunnable.java:37)
	at org.apache.ratis.thirdparty.io.grpc.internal.SerializingExecutor.run(SerializingExecutor.java:133)
	at java.base/java.util.concurrent.ThreadPoolExecutor.runWorker(ThreadPoolExecutor.java:1144)
	at java.base/java.util.concurrent.ThreadPoolExecutor$Worker.run(ThreadPoolExecutor.java:642)
	at java.base/java.lang.Thread.run(Thread.java:1583)
2025-04-23 14:38:36,912 [grpc-default-executor-7] INFO  server.GrpcServerProtocolService (GrpcServerProtocolService.java:lambda$onCompleted$5(159)) - omNode-2: Completed APPEND_ENTRIES, lastReply: serverReply {
  requestorId: "omNode-3"
  replyId: "omNode-2"
  raftGroupId {
    id: "\311\274L\364;\303<`\246kR9\206\023\0256"
  }
  callId: 8
  success: true
}
term: 11
nextIndex: 109
followerCommit: 108
matchIndex: 18446744073709551615
isHearbeat: true

2025-04-23 14:38:36,912 [grpc-default-executor-5] INFO  server.GrpcLogAppender (GrpcLogAppender.java:onCompleted(550)) - omNode-3@group-523986131536->omNode-2-AppendLogResponseHandler: follower responses appendEntries COMPLETED
2025-04-23 14:38:36,912 [grpc-default-executor-5] WARN  server.GrpcLogAppender (GrpcLogAppender.java:resetClient(230)) - omNode-3@group-523986131536->omNode-2-GrpcLogAppender: Failed to getClient for omNode-2
org.apache.ratis.protocol.exceptions.AlreadyClosedException: omNode-3 is already CLOSED
	at org.apache.ratis.util.PeerProxyMap$PeerAndProxy.getProxy(PeerProxyMap.java:67)
	at org.apache.ratis.util.PeerProxyMap.getProxy(PeerProxyMap.java:124)
	at org.apache.ratis.grpc.server.GrpcLogAppender.getClient(GrpcLogAppender.java:200)
	at org.apache.ratis.grpc.server.GrpcLogAppender.resetClient(GrpcLogAppender.java:205)
	at org.apache.ratis.grpc.server.GrpcLogAppender.access$800(GrpcLogAppender.java:64)
	at org.apache.ratis.grpc.server.GrpcLogAppender$AppendLogResponseHandler.onCompleted(GrpcLogAppender.java:551)
	at org.apache.ratis.thirdparty.io.grpc.stub.ClientCalls$StreamObserverToCallListenerAdapter.onClose(ClientCalls.java:479)
	at org.apache.ratis.thirdparty.io.grpc.internal.ClientCallImpl.closeObserver(ClientCallImpl.java:567)
	at org.apache.ratis.thirdparty.io.grpc.internal.ClientCallImpl.access$300(ClientCallImpl.java:71)
	at org.apache.ratis.thirdparty.io.grpc.internal.ClientCallImpl$ClientStreamListenerImpl$1StreamClosed.runInternal(ClientCallImpl.java:735)
	at org.apache.ratis.thirdparty.io.grpc.internal.ClientCallImpl$ClientStreamListenerImpl$1StreamClosed.runInContext(ClientCallImpl.java:716)
	at org.apache.ratis.thirdparty.io.grpc.internal.ContextRunnable.run(ContextRunnable.java:37)
	at org.apache.ratis.thirdparty.io.grpc.internal.SerializingExecutor.run(SerializingExecutor.java:133)
	at java.base/java.util.concurrent.ThreadPoolExecutor.runWorker(ThreadPoolExecutor.java:1144)
	at java.base/java.util.concurrent.ThreadPoolExecutor$Worker.run(ThreadPoolExecutor.java:642)
	at java.base/java.lang.Thread.run(Thread.java:1583)
2025-04-23 14:38:36,912 [grpc-default-executor-8] INFO  server.GrpcLogAppender (GrpcLogAppender.java:onCompleted(550)) - omNode-3@group-523986131536->omNode-2-AppendLogResponseHandler: follower responses appendEntries COMPLETED
2025-04-23 14:38:36,913 [grpc-default-executor-8] WARN  server.GrpcLogAppender (GrpcLogAppender.java:resetClient(230)) - omNode-3@group-523986131536->omNode-2-GrpcLogAppender: Failed to getClient for omNode-2
org.apache.ratis.protocol.exceptions.AlreadyClosedException: omNode-3 is already CLOSED
	at org.apache.ratis.util.PeerProxyMap$PeerAndProxy.getProxy(PeerProxyMap.java:67)
	at org.apache.ratis.util.PeerProxyMap.getProxy(PeerProxyMap.java:124)
	at org.apache.ratis.grpc.server.GrpcLogAppender.getClient(GrpcLogAppender.java:200)
	at org.apache.ratis.grpc.server.GrpcLogAppender.resetClient(GrpcLogAppender.java:205)
	at org.apache.ratis.grpc.server.GrpcLogAppender.access$800(GrpcLogAppender.java:64)
	at org.apache.ratis.grpc.server.GrpcLogAppender$AppendLogResponseHandler.onCompleted(GrpcLogAppender.java:551)
	at org.apache.ratis.thirdparty.io.grpc.stub.ClientCalls$StreamObserverToCallListenerAdapter.onClose(ClientCalls.java:479)
	at org.apache.ratis.thirdparty.io.grpc.internal.DelayedClientCall$DelayedListener$3.run(DelayedClientCall.java:489)
	at org.apache.ratis.thirdparty.io.grpc.internal.DelayedClientCall$DelayedListener.delayOrExecute(DelayedClientCall.java:453)
	at org.apache.ratis.thirdparty.io.grpc.internal.DelayedClientCall$DelayedListener.onClose(DelayedClientCall.java:486)
	at org.apache.ratis.thirdparty.io.grpc.internal.ClientCallImpl.closeObserver(ClientCallImpl.java:567)
	at org.apache.ratis.thirdparty.io.grpc.internal.ClientCallImpl.access$300(ClientCallImpl.java:71)
	at org.apache.ratis.thirdparty.io.grpc.internal.ClientCallImpl$ClientStreamListenerImpl$1StreamClosed.runInternal(ClientCallImpl.java:735)
	at org.apache.ratis.thirdparty.io.grpc.internal.ClientCallImpl$ClientStreamListenerImpl$1StreamClosed.runInContext(ClientCallImpl.java:716)
	at org.apache.ratis.thirdparty.io.grpc.internal.ContextRunnable.run(ContextRunnable.java:37)
	at org.apache.ratis.thirdparty.io.grpc.internal.SerializingExecutor.run(SerializingExecutor.java:133)
	at java.base/java.util.concurrent.ThreadPoolExecutor.runWorker(ThreadPoolExecutor.java:1144)
	at java.base/java.util.concurrent.ThreadPoolExecutor$Worker.run(ThreadPoolExecutor.java:642)
	at java.base/java.lang.Thread.run(Thread.java:1583)
2025-04-23 14:38:36,913 [grpc-default-executor-5] INFO  server.GrpcLogAppender (GrpcLogAppender.java:onCompleted(550)) - omNode-3@group-523986131536->omNode-1-AppendLogResponseHandler: follower responses appendEntries COMPLETED
2025-04-23 14:38:36,914 [main] INFO  server.GrpcService (GrpcService.java:closeImpl(352)) - omNode-3: shutdown server GrpcServerProtocolService successfully
2025-04-23 14:38:36,915 [grpc-default-executor-5] WARN  server.GrpcLogAppender (GrpcLogAppender.java:resetClient(230)) - omNode-3@group-523986131536->omNode-1-GrpcLogAppender: Failed to getClient for omNode-1
org.apache.ratis.protocol.exceptions.AlreadyClosedException: omNode-3 is already CLOSED
	at org.apache.ratis.util.PeerProxyMap$PeerAndProxy.getProxy(PeerProxyMap.java:67)
	at org.apache.ratis.util.PeerProxyMap.getProxy(PeerProxyMap.java:124)
	at org.apache.ratis.grpc.server.GrpcLogAppender.getClient(GrpcLogAppender.java:200)
	at org.apache.ratis.grpc.server.GrpcLogAppender.resetClient(GrpcLogAppender.java:205)
	at org.apache.ratis.grpc.server.GrpcLogAppender.access$800(GrpcLogAppender.java:64)
	at org.apache.ratis.grpc.server.GrpcLogAppender$AppendLogResponseHandler.onCompleted(GrpcLogAppender.java:551)
	at org.apache.ratis.thirdparty.io.grpc.stub.ClientCalls$StreamObserverToCallListenerAdapter.onClose(ClientCalls.java:479)
	at org.apache.ratis.thirdparty.io.grpc.internal.DelayedClientCall$DelayedListener$3.run(DelayedClientCall.java:489)
	at org.apache.ratis.thirdparty.io.grpc.internal.DelayedClientCall$DelayedListener.delayOrExecute(DelayedClientCall.java:453)
	at org.apache.ratis.thirdparty.io.grpc.internal.DelayedClientCall$DelayedListener.onClose(DelayedClientCall.java:486)
	at org.apache.ratis.thirdparty.io.grpc.internal.ClientCallImpl.closeObserver(ClientCallImpl.java:567)
	at org.apache.ratis.thirdparty.io.grpc.internal.ClientCallImpl.access$300(ClientCallImpl.java:71)
	at org.apache.ratis.thirdparty.io.grpc.internal.ClientCallImpl$ClientStreamListenerImpl$1StreamClosed.runInternal(ClientCallImpl.java:735)
	at org.apache.ratis.thirdparty.io.grpc.internal.ClientCallImpl$ClientStreamListenerImpl$1StreamClosed.runInContext(ClientCallImpl.java:716)
	at org.apache.ratis.thirdparty.io.grpc.internal.ContextRunnable.run(ContextRunnable.java:37)
	at org.apache.ratis.thirdparty.io.grpc.internal.SerializingExecutor.run(SerializingExecutor.java:133)
	at java.base/java.util.concurrent.ThreadPoolExecutor.runWorker(ThreadPoolExecutor.java:1144)
	at java.base/java.util.concurrent.ThreadPoolExecutor$Worker.run(ThreadPoolExecutor.java:642)
	at java.base/java.lang.Thread.run(Thread.java:1583)
2025-04-23 14:38:36,925 [omNode-3@group-523986131536-StateMachineUpdater] INFO  ratis.OzoneManagerStateMachine (OzoneManagerStateMachine.java:takeSnapshotImpl(510)) - omNode-3: taking snapshot. applied = (t:11, i:308), skipped = 307, notified = (t:11, i:308), current snapshot index = (t:11, i:308), took 16 ms
2025-04-23 14:38:36,925 [omNode-3@group-523986131536-StateMachineUpdater] INFO  impl.StateMachineUpdater (StateMachineUpdater.java:takeSnapshot(303)) - omNode-3@group-523986131536-StateMachineUpdater: Took a snapshot at index 308
2025-04-23 14:38:36,925 [omNode-3@group-523986131536-StateMachineUpdater] INFO  impl.StateMachineUpdater (StateMachineUpdater.java:lambda$new$0(102)) - omNode-3@group-523986131536-StateMachineUpdater: snapshotIndex: updateIncreasingly 306 -> 308
2025-04-23 14:38:36,926 [omNode-3@group-523986131536-StateMachineUpdater] INFO  impl.StateMachineUpdater (StateMachineUpdater.java:stop(141)) - omNode-3@group-523986131536-StateMachineUpdater: closing OzoneManagerStateMachine, lastApplied=(t:11, i:308)
2025-04-23 14:38:36,926 [omNode-3@group-523986131536-StateMachineUpdater] INFO  ratis.OzoneManagerStateMachine (OzoneManagerStateMachine.java:close(550)) - Stopping OzoneManagerStateMachine:omNode-3:group-523986131536.
2025-04-23 14:38:36,926 [omNode-3@group-523986131536-StateMachineUpdater] INFO  ratis.OzoneManagerDoubleBuffer (OzoneManagerDoubleBuffer.java:stopDaemon(500)) - Stopping OMDoubleBuffer flush thread
2025-04-23 14:38:36,926 [omNode-3-OMDoubleBufferFlushThread] INFO  ratis.OzoneManagerDoubleBuffer (OzoneManagerDoubleBuffer.java:canFlush(559)) - OMDoubleBuffer flush thread omNode-3-OMDoubleBufferFlushThread is interrupted and will exit.
2025-04-23 14:38:36,927 [omNode-3@group-523986131536-cacheEviction-AwaitToRun] INFO  util.AwaitToRun (AwaitToRun.java:run(49)) - omNode-3@group-523986131536-cacheEviction-AwaitToRun-AwaitForSignal is interrupted
2025-04-23 14:38:37,859 [omNode-3-impl-thread1] INFO  segmented.SegmentedRaftLogWorker (SegmentedRaftLogWorker.java:close(252)) - omNode-3@group-523986131536-SegmentedRaftLogWorker close()
2025-04-23 14:38:37,860 [JvmPauseMonitor26] INFO  util.JvmPauseMonitor (JvmPauseMonitor.java:run(152)) - JvmPauseMonitor-omNode-3: Stopped
2025-04-23 14:38:37,860 [main] INFO  utils.BackgroundService (BackgroundService.java:shutdown(161)) - Shutting down service KeyDeletingService
2025-04-23 14:38:37,860 [main] INFO  utils.BackgroundService (BackgroundService.java:shutdown(161)) - Shutting down service DirectoryDeletingService
2025-04-23 14:38:37,861 [main] INFO  utils.BackgroundService (BackgroundService.java:shutdown(161)) - Shutting down service OpenKeyCleanupService
2025-04-23 14:38:37,861 [main] INFO  utils.BackgroundService (BackgroundService.java:shutdown(161)) - Shutting down service SstFilteringService
2025-04-23 14:38:37,862 [main] INFO  utils.BackgroundService (BackgroundService.java:shutdown(161)) - Shutting down service SnapshotDeletingService
2025-04-23 14:38:37,862 [main] INFO  utils.BackgroundService (BackgroundService.java:shutdown(161)) - Shutting down service MultipartUploadCleanupService
2025-04-23 14:38:37,863 [main] INFO  handler.ContextHandler (ContextHandler.java:doStop(1159)) - Stopped o.e.j.w.WebAppContext@9c35c0{ozoneManager,/,null,STOPPED}{file:/home/runner/work/ozone/ozone/hadoop-ozone/integration-test/target/test-classes/webapps/ozoneManager}
2025-04-23 14:38:37,863 [main] INFO  server.AbstractConnector (AbstractConnector.java:doStop(383)) - Stopped ServerConnector@5c36daaf{HTTP/1.1, (http/1.1)}{0.0.0.0:15015}
2025-04-23 14:38:37,863 [main] INFO  server.session (HouseKeeper.java:stopScavenging(149)) - node0 Stopped scavenging
2025-04-23 14:38:37,863 [main] INFO  handler.ContextHandler (ContextHandler.java:doStop(1159)) - Stopped o.e.j.s.ServletContextHandler@3513dfe6{static,/static,file:///home/runner/work/ozone/ozone/hadoop-ozone/integration-test/target/test-classes/webapps/static,STOPPED}
2025-04-23 14:38:37,864 [main] INFO  handler.ContextHandler (ContextHandler.java:doStop(1159)) - Stopped o.e.j.s.ServletContextHandler@30cfcb41{logs,/logs,file:///home/runner/work/ozone/ozone/hadoop-ozone/integration-test/target/log,STOPPED}
2025-04-23 14:38:37,864 [main] INFO  rocksdiff.RocksDBCheckpointDiffer (RocksDBCheckpointDiffer.java:close(304)) - Shutting down CompactionDagPruningService.
2025-04-23 14:38:37,866 [main] INFO  snapshot.SnapshotDiffManager (SnapshotDiffManager.java:closeExecutorService(1698)) - Shutting down executorService: 'SnapDiffExecutor'
2025-04-23 14:38:37,866 [main] INFO  utils.BackgroundService (BackgroundService.java:shutdown(161)) - Shutting down service SnapshotDiffCleanupService
2025-04-23 14:38:38,050 [omNode-2@group-523986131536-FollowerState] INFO  impl.FollowerState (FollowerState.java:runImpl(161)) - omNode-2@group-523986131536-FollowerState: change to CANDIDATE, lastRpcElapsedTime:1191593634ns, electionTimeout:1128ms
2025-04-23 14:38:38,050 [omNode-2@group-523986131536-FollowerState] INFO  impl.RoleInfo (RoleInfo.java:shutdownFollowerState(121)) - omNode-2: shutdown omNode-2@group-523986131536-FollowerState
2025-04-23 14:38:38,050 [omNode-2@group-523986131536-FollowerState] INFO  server.RaftServer$Division (RaftServerImpl.java:setRole(378)) - omNode-2@group-523986131536: changes role from  FOLLOWER to CANDIDATE at term 11 for changeToCandidate
2025-04-23 14:38:38,051 [omNode-2@group-523986131536-FollowerState] INFO  server.RaftServerConfigKeys (ConfUtils.java:logGet(46)) - raft.server.leaderelection.pre-vote = true (default)
2025-04-23 14:38:38,051 [omNode-2@group-523986131536-FollowerState] INFO  impl.RoleInfo (RoleInfo.java:updateAndGet(148)) - omNode-2: start omNode-2@group-523986131536-LeaderElection28
2025-04-23 14:38:38,051 [omNode-2@group-523986131536-LeaderElection28] INFO  server.RaftServer$Division (ServerState.java:setLeader(272)) - omNode-2@group-523986131536: change Leader from omNode-3 to null at term 11 for PRE_VOTE
2025-04-23 14:38:38,051 [omNode-2@group-523986131536-LeaderElection28] INFO  impl.LeaderElection (LeaderElection.java:askForVotes(332)) - omNode-2@group-523986131536-LeaderElection28 PRE_VOTE round 0: submit vote requests at term 11 for conf: {index: 107, cur=peers:[omNode-3|localhost:15017, omNode-1|localhost:15009, omNode-2|localhost:15013]|listeners:[], old=null}
2025-04-23 14:38:38,051 [omNode-2@group-523986131536-LeaderElection28-1] INFO  server.GrpcServerProtocolClient (GrpcServerProtocolClient.java:<init>(65)) - Build channel for omNode-3|localhost:15017
2025-04-23 14:38:38,052 [omNode-2@group-523986131536-LeaderElection28-2] INFO  server.GrpcServerProtocolClient (GrpcServerProtocolClient.java:<init>(65)) - Build channel for omNode-1|localhost:15009
2025-04-23 14:38:38,054 [omNode-2@group-523986131536-LeaderElection28] INFO  impl.LeaderElection (LogUtils.java:infoOrTrace(136)) - omNode-2@group-523986131536-LeaderElection28 got exception when requesting votes: java.util.concurrent.ExecutionException: org.apache.ratis.thirdparty.io.grpc.StatusRuntimeException: UNAVAILABLE: io exception
2025-04-23 14:38:38,055 [grpc-default-executor-5] INFO  server.RaftServer$Division (RaftServerImpl.java:requestVote(1407)) - omNode-1@group-523986131536: receive requestVote(PRE_VOTE, omNode-2, group-523986131536, 11, (t:11, i:308))
2025-04-23 14:38:38,055 [grpc-default-executor-5] INFO  impl.VoteContext (VoteContext.java:log(49)) - omNode-1@group-523986131536-FOLLOWER: accept PRE_VOTE from omNode-2: our priority 0 <= candidate's priority 0
2025-04-23 14:38:38,055 [grpc-default-executor-5] INFO  server.RaftServer$Division (RaftServerImpl.java:requestVote(1441)) - omNode-1@group-523986131536 replies to PRE_VOTE vote request: omNode-2<-omNode-1#0:OK-t11. Peer's state: omNode-1@group-523986131536:t11, leader=omNode-3, voted=omNode-3, raftlog=Memoized:omNode-1@group-523986131536-SegmentedRaftLog:OPENED:c307:last(t:11, i:308), conf=conf: {index: 107, cur=peers:[omNode-3|localhost:15017, omNode-1|localhost:15009, omNode-2|localhost:15013]|listeners:[], old=null}
2025-04-23 14:38:38,056 [omNode-2@group-523986131536-LeaderElection28] INFO  impl.LeaderElection (LeaderElection.java:logAndReturn(90)) - omNode-2@group-523986131536-LeaderElection28: PRE_VOTE PASSED received 1 response(s) and 1 exception(s):
2025-04-23 14:38:38,056 [omNode-2@group-523986131536-LeaderElection28] INFO  impl.LeaderElection (LeaderElection.java:logAndReturn(94)) -   Response 0: omNode-2<-omNode-1#0:OK-t11
2025-04-23 14:38:38,056 [omNode-2@group-523986131536-LeaderElection28] INFO  impl.LeaderElection (LogUtils.java:infoOrTrace(136)) -   Exception 1: java.util.concurrent.ExecutionException: org.apache.ratis.thirdparty.io.grpc.StatusRuntimeException: UNAVAILABLE: io exception
2025-04-23 14:38:38,056 [omNode-2@group-523986131536-LeaderElection28] INFO  impl.LeaderElection (LeaderElection.java:askForVotes(334)) - omNode-2@group-523986131536-LeaderElection28 PRE_VOTE round 0: result PASSED
2025-04-23 14:38:38,057 [omNode-2@group-523986131536-LeaderElection28] INFO  impl.LeaderElection (LeaderElection.java:askForVotes(332)) - omNode-2@group-523986131536-LeaderElection28 ELECTION round 0: submit vote requests at term 12 for conf: {index: 107, cur=peers:[omNode-3|localhost:15017, omNode-1|localhost:15009, omNode-2|localhost:15013]|listeners:[], old=null}
2025-04-23 14:38:38,057 [omNode-2@group-523986131536-LeaderElection28] INFO  impl.LeaderElection (LogUtils.java:infoOrTrace(136)) - omNode-2@group-523986131536-LeaderElection28 got exception when requesting votes: java.util.concurrent.ExecutionException: org.apache.ratis.thirdparty.io.grpc.StatusRuntimeException: UNAVAILABLE: io exception
2025-04-23 14:38:38,058 [grpc-default-executor-5] INFO  server.RaftServer$Division (RaftServerImpl.java:requestVote(1407)) - omNode-1@group-523986131536: receive requestVote(ELECTION, omNode-2, group-523986131536, 12, (t:11, i:308))
2025-04-23 14:38:38,058 [grpc-default-executor-5] INFO  impl.VoteContext (VoteContext.java:log(49)) - omNode-1@group-523986131536-FOLLOWER: accept ELECTION from omNode-2: our priority 0 <= candidate's priority 0
2025-04-23 14:38:38,058 [grpc-default-executor-5] INFO  server.RaftServer$Division (RaftServerImpl.java:setRole(378)) - omNode-1@group-523986131536: changes role from  FOLLOWER to FOLLOWER at term 11 for candidate:omNode-2
2025-04-23 14:38:38,058 [grpc-default-executor-5] INFO  impl.RoleInfo (RoleInfo.java:shutdownFollowerState(121)) - omNode-1: shutdown omNode-1@group-523986131536-FollowerState
2025-04-23 14:38:38,058 [grpc-default-executor-5] INFO  server.RaftServer$Division (ServerState.java:setLeader(272)) - omNode-1@group-523986131536: change Leader from omNode-3 to null at term 12 for updateCurrentTerm
2025-04-23 14:38:38,058 [omNode-1@group-523986131536-FollowerState] INFO  impl.FollowerState (FollowerState.java:runImpl(170)) - omNode-1@group-523986131536-FollowerState was interrupted
2025-04-23 14:38:38,058 [grpc-default-executor-5] INFO  impl.RoleInfo (RoleInfo.java:updateAndGet(148)) - omNode-1: start omNode-1@group-523986131536-FollowerState
2025-04-23 14:38:38,060 [grpc-default-executor-5] INFO  server.RaftServer$Division (RaftServerImpl.java:requestVote(1441)) - omNode-1@group-523986131536 replies to ELECTION vote request: omNode-2<-omNode-1#0:OK-t12. Peer's state: omNode-1@group-523986131536:t12, leader=null, voted=omNode-2, raftlog=Memoized:omNode-1@group-523986131536-SegmentedRaftLog:OPENED:c307:last(t:11, i:308), conf=conf: {index: 107, cur=peers:[omNode-3|localhost:15017, omNode-1|localhost:15009, omNode-2|localhost:15013]|listeners:[], old=null}
2025-04-23 14:38:38,060 [omNode-2@group-523986131536-LeaderElection28] INFO  impl.LeaderElection (LeaderElection.java:logAndReturn(90)) - omNode-2@group-523986131536-LeaderElection28: ELECTION PASSED received 1 response(s) and 1 exception(s):
2025-04-23 14:38:38,060 [omNode-2@group-523986131536-LeaderElection28] INFO  impl.LeaderElection (LeaderElection.java:logAndReturn(94)) -   Response 0: omNode-2<-omNode-1#0:OK-t12
2025-04-23 14:38:38,060 [omNode-2@group-523986131536-LeaderElection28] INFO  impl.LeaderElection (LogUtils.java:infoOrTrace(136)) -   Exception 1: java.util.concurrent.ExecutionException: org.apache.ratis.thirdparty.io.grpc.StatusRuntimeException: UNAVAILABLE: io exception
2025-04-23 14:38:38,060 [omNode-2@group-523986131536-LeaderElection28] INFO  impl.LeaderElection (LeaderElection.java:askForVotes(334)) - omNode-2@group-523986131536-LeaderElection28 ELECTION round 0: result PASSED
2025-04-23 14:38:38,060 [omNode-2@group-523986131536-LeaderElection28] INFO  impl.RoleInfo (RoleInfo.java:shutdownLeaderElection(141)) - omNode-2: shutdown omNode-2@group-523986131536-LeaderElection28
2025-04-23 14:38:38,060 [omNode-2@group-523986131536-LeaderElection28] INFO  server.RaftServer$Division (RaftServerImpl.java:setRole(378)) - omNode-2@group-523986131536: changes role from CANDIDATE to LEADER at term 12 for changeToLeader
2025-04-23 14:38:38,060 [omNode-2@group-523986131536-LeaderElection28] INFO  server.RaftServerConfigKeys (ConfUtils.java:logGet(46)) - raft.server.staging.catchup.gap = 1000 (default)
2025-04-23 14:38:38,061 [omNode-2@group-523986131536-LeaderElection28] INFO  server.RaftServerConfigKeys (ConfUtils.java:logGet(46)) - raft.server.write.element-limit = 4096 (default)
2025-04-23 14:38:38,061 [omNode-2@group-523986131536-LeaderElection28] INFO  server.RaftServerConfigKeys (ConfUtils.java:logGet(46)) - raft.server.write.byte-limit = 64MB (=67108864) (default)
2025-04-23 14:38:38,061 [omNode-2@group-523986131536-LeaderElection28] INFO  server.RaftServerConfigKeys (ConfUtils.java:logGet(46)) - raft.server.watch.timeout = 10s (default)
2025-04-23 14:38:38,061 [omNode-2@group-523986131536-LeaderElection28] INFO  server.RaftServerConfigKeys (ConfUtils.java:logGet(46)) - raft.server.watch.timeout.denomination = 1s (default)
2025-04-23 14:38:38,061 [omNode-2@group-523986131536-LeaderElection28] INFO  server.RaftServerConfigKeys (ConfUtils.java:logGet(46)) - raft.server.watch.element-limit = 65536 (default)
2025-04-23 14:38:38,061 [omNode-2@group-523986131536-LeaderElection28] INFO  server.RaftServerConfigKeys (ConfUtils.java:logGet(46)) - raft.server.read.leader.lease.enabled = false (default)
2025-04-23 14:38:38,061 [omNode-2@group-523986131536-LeaderElection28] INFO  server.RaftServerConfigKeys (ConfUtils.java:logGet(46)) - raft.server.read.leader.lease.timeout.ratio = 0.9 (default)
2025-04-23 14:38:38,062 [omNode-2@group-523986131536-LeaderElection28] INFO  server.RaftServerConfigKeys (ConfUtils.java:logGet(46)) - raft.server.rpc.timeout.min = 1s (custom)
2025-04-23 14:38:38,062 [omNode-2@group-523986131536-LeaderElection28] INFO  server.RaftServerConfigKeys (ConfUtils.java:logGet(46)) - raft.server.log.log-metadata.enabled = true (default)
2025-04-23 14:38:38,062 [omNode-2@group-523986131536-LeaderElection28] INFO  server.RaftServerConfigKeys (ConfUtils.java:logGet(46)) - raft.server.write.element-limit = 4096 (default)
2025-04-23 14:38:38,062 [omNode-2@group-523986131536-LeaderElection28] INFO  server.RaftServerConfigKeys (ConfUtils.java:logGet(46)) - raft.server.write.follower.gap.ratio.max = -1.0 (default)
2025-04-23 14:38:38,062 [omNode-2@group-523986131536-LeaderElection28] INFO  server.RaftServerConfigKeys (ConfUtils.java:logGet(46)) - raft.server.log.appender.snapshot.chunk.size.max = 16MB (=16777216) (default)
2025-04-23 14:38:38,062 [omNode-2@group-523986131536-LeaderElection28] INFO  server.RaftServerConfigKeys (ConfUtils.java:logGet(46)) - raft.server.log.appender.buffer.byte-limit = 4194304 (custom)
2025-04-23 14:38:38,062 [omNode-2@group-523986131536-LeaderElection28] INFO  server.RaftServerConfigKeys (ConfUtils.java:logGet(46)) - raft.server.log.appender.buffer.element-limit = 1024 (custom)
2025-04-23 14:38:38,062 [omNode-2@group-523986131536-LeaderElection28] INFO  server.RaftServerConfigKeys (ConfUtils.java:logGet(46)) - raft.server.log.appender.wait-time.min = 0ms (custom)
2025-04-23 14:38:38,062 [omNode-2@group-523986131536-LeaderElection28] INFO  grpc.GrpcConfigKeys (ConfUtils.java:logGet(46)) - raft.grpc.server.leader.outstanding.appends.max = 8 (default)
2025-04-23 14:38:38,062 [omNode-2@group-523986131536-LeaderElection28] INFO  server.RaftServerConfigKeys (ConfUtils.java:logGet(46)) - raft.server.rpc.request.timeout = 3000ms (default)
2025-04-23 14:38:38,062 [omNode-2@group-523986131536-LeaderElection28] INFO  grpc.GrpcConfigKeys (ConfUtils.java:logGet(46)) - raft.grpc.server.install_snapshot.request.element-limit = 8 (default)
2025-04-23 14:38:38,062 [omNode-2@group-523986131536-LeaderElection28] INFO  grpc.GrpcConfigKeys (ConfUtils.java:logGet(46)) - raft.grpc.server.install_snapshot.request.timeout = 3000ms (default)
2025-04-23 14:38:38,063 [omNode-2@group-523986131536-LeaderElection28] INFO  grpc.GrpcConfigKeys (ConfUtils.java:logGet(46)) - raft.grpc.server.log-message.batch.duration = 5s (default)
2025-04-23 14:38:38,063 [omNode-2@group-523986131536-LeaderElection28] INFO  server.RaftServerConfigKeys (ConfUtils.java:logGet(46)) - raft.server.log.appender.install.snapshot.enabled = false (custom)
2025-04-23 14:38:38,063 [omNode-2@group-523986131536-LeaderElection28] INFO  grpc.GrpcConfigKeys (ConfUtils.java:logGet(46)) - raft.grpc.server.heartbeat.channel = true (default)
2025-04-23 14:38:38,063 [omNode-2@group-523986131536-LeaderElection28] INFO  server.RaftServerConfigKeys (ConfUtils.java:logGet(46)) - raft.server.log.appender.snapshot.chunk.size.max = 16MB (=16777216) (default)
2025-04-23 14:38:38,063 [omNode-2@group-523986131536-LeaderElection28] INFO  server.RaftServerConfigKeys (ConfUtils.java:logGet(46)) - raft.server.log.appender.buffer.byte-limit = 4194304 (custom)
2025-04-23 14:38:38,063 [omNode-2@group-523986131536-LeaderElection28] INFO  server.RaftServerConfigKeys (ConfUtils.java:logGet(46)) - raft.server.log.appender.buffer.element-limit = 1024 (custom)
2025-04-23 14:38:38,063 [omNode-2@group-523986131536-LeaderElection28] INFO  server.RaftServerConfigKeys (ConfUtils.java:logGet(46)) - raft.server.log.appender.wait-time.min = 0ms (custom)
2025-04-23 14:38:38,063 [omNode-2@group-523986131536-LeaderElection28] INFO  grpc.GrpcConfigKeys (ConfUtils.java:logGet(46)) - raft.grpc.server.leader.outstanding.appends.max = 8 (default)
2025-04-23 14:38:38,063 [omNode-2@group-523986131536-LeaderElection28] INFO  server.RaftServerConfigKeys (ConfUtils.java:logGet(46)) - raft.server.rpc.request.timeout = 3000ms (default)
2025-04-23 14:38:38,063 [omNode-2@group-523986131536-LeaderElection28] INFO  grpc.GrpcConfigKeys (ConfUtils.java:logGet(46)) - raft.grpc.server.install_snapshot.request.element-limit = 8 (default)
2025-04-23 14:38:38,064 [omNode-2@group-523986131536-LeaderElection28] INFO  grpc.GrpcConfigKeys (ConfUtils.java:logGet(46)) - raft.grpc.server.install_snapshot.request.timeout = 3000ms (default)
2025-04-23 14:38:38,064 [omNode-2@group-523986131536-LeaderElection28] INFO  grpc.GrpcConfigKeys (ConfUtils.java:logGet(46)) - raft.grpc.server.log-message.batch.duration = 5s (default)
2025-04-23 14:38:38,064 [omNode-2@group-523986131536-LeaderElection28] INFO  server.RaftServerConfigKeys (ConfUtils.java:logGet(46)) - raft.server.log.appender.install.snapshot.enabled = false (custom)
2025-04-23 14:38:38,064 [omNode-2@group-523986131536-LeaderElection28] INFO  grpc.GrpcConfigKeys (ConfUtils.java:logGet(46)) - raft.grpc.server.heartbeat.channel = true (default)
2025-04-23 14:38:38,064 [omNode-2@group-523986131536-LeaderElection28] INFO  impl.RoleInfo (RoleInfo.java:updateAndGet(148)) - omNode-2: start omNode-2@group-523986131536-LeaderStateImpl
2025-04-23 14:38:38,064 [omNode-2@group-523986131536-LeaderElection28] INFO  ratis.OzoneManagerStateMachine (OzoneManagerStateMachine.java:notifyLeaderChanged(169)) - omNode-2@group-523986131536: leader changed to omNode-2
2025-04-23 14:38:38,064 [omNode-2@group-523986131536-LeaderElection28] INFO  server.RaftServer$Division (ServerState.java:setLeader(272)) - omNode-2@group-523986131536: change Leader from null to omNode-2 at term 12 for becomeLeader, leader elected after 12ms
2025-04-23 14:38:38,064 [omNode-2@group-523986131536-LeaderElection28] INFO  segmented.SegmentedRaftLogWorker (SegmentedRaftLogWorker.java:rollLogSegment(443)) - omNode-2@group-523986131536-SegmentedRaftLogWorker: Rolling segment log-107_308 to index:308
2025-04-23 14:38:38,064 [omNode-2@group-523986131536-LeaderElection28] INFO  server.RaftServer$Division (ServerState.java:setRaftConf(386)) - omNode-2@group-523986131536: set configuration conf: {index: 309, cur=peers:[omNode-3|localhost:15017, omNode-1|localhost:15009, omNode-2|localhost:15013]|listeners:[], old=null}
2025-04-23 14:38:38,065 [omNode-2@group-523986131536-SegmentedRaftLogWorker] INFO  segmented.SegmentedRaftLogWorker (SegmentedRaftLogWorker.java:execute(601)) - omNode-2@group-523986131536-SegmentedRaftLogWorker: Rolled log segment from /home/runner/work/ozone/ozone/hadoop-ozone/integration-test/target/test-dir/MiniOzoneClusterImpl-68853c07-42d2-4ef8-9e75-e3a852294e6a/omNode-2/ratis/c9bc4cf4-3bc3-3c60-a66b-523986131536/current/log_inprogress_107 to /home/runner/work/ozone/ozone/hadoop-ozone/integration-test/target/test-dir/MiniOzoneClusterImpl-68853c07-42d2-4ef8-9e75-e3a852294e6a/omNode-2/ratis/c9bc4cf4-3bc3-3c60-a66b-523986131536/current/log_107-308
2025-04-23 14:38:38,066 [grpc-default-executor-5] WARN  server.GrpcLogAppender (LogUtils.java:warn(121)) - omNode-2@group-523986131536->omNode-3-AppendLogResponseHandler: Failed appendEntries: org.apache.ratis.thirdparty.io.grpc.StatusRuntimeException: UNAVAILABLE: io exception
2025-04-23 14:38:38,066 [omNode-2@group-523986131536-SegmentedRaftLogWorker] INFO  segmented.BufferedWriteChannel (BufferedWriteChannel.java:open(61)) - open log_inprogress_309 at position 0
2025-04-23 14:38:38,066 [grpc-default-executor-5] WARN  server.GrpcLogAppender (GrpcLogAppender.java:lambda$resetClient$1(221)) - omNode-2@group-523986131536->omNode-3-GrpcLogAppender: Follower failed (request=null, errorCount=1); keep nextIndex (309) unchanged and retry.
2025-04-23 14:38:38,066 [grpc-default-executor-5] WARN  server.GrpcLogAppender (GrpcLogAppender.java:lambda$resetClient$1(221)) - omNode-2@group-523986131536->omNode-3-GrpcLogAppender: Follower failed (request=null, errorCount=2); keep nextIndex (310) unchanged and retry.
2025-04-23 14:38:38,071 [omNode-1-server-thread2] INFO  ratis.OzoneManagerStateMachine (OzoneManagerStateMachine.java:notifyLeaderChanged(169)) - omNode-1@group-523986131536: leader changed to omNode-2
2025-04-23 14:38:38,072 [omNode-1-server-thread2] INFO  server.RaftServer$Division (ServerState.java:setLeader(272)) - omNode-1@group-523986131536: change Leader from null to omNode-2 at term 12 for appendEntries, leader elected after 12ms
2025-04-23 14:38:38,072 [omNode-1-server-thread3] INFO  server.RaftServer$Division (ServerState.java:setRaftConf(386)) - omNode-1@group-523986131536: set configuration conf: {index: 309, cur=peers:[omNode-3|localhost:15017, omNode-1|localhost:15009, omNode-2|localhost:15013]|listeners:[], old=null}
2025-04-23 14:38:38,072 [omNode-1-server-thread3] INFO  segmented.SegmentedRaftLogWorker (SegmentedRaftLogWorker.java:rollLogSegment(443)) - omNode-1@group-523986131536-SegmentedRaftLogWorker: Rolling segment log-107_308 to index:308
2025-04-23 14:38:38,074 [omNode-1@group-523986131536-SegmentedRaftLogWorker] INFO  segmented.SegmentedRaftLogWorker (SegmentedRaftLogWorker.java:execute(601)) - omNode-1@group-523986131536-SegmentedRaftLogWorker: Rolled log segment from /home/runner/work/ozone/ozone/hadoop-ozone/integration-test/target/test-dir/MiniOzoneClusterImpl-68853c07-42d2-4ef8-9e75-e3a852294e6a/omNode-1/ratis/c9bc4cf4-3bc3-3c60-a66b-523986131536/current/log_inprogress_107 to /home/runner/work/ozone/ozone/hadoop-ozone/integration-test/target/test-dir/MiniOzoneClusterImpl-68853c07-42d2-4ef8-9e75-e3a852294e6a/omNode-1/ratis/c9bc4cf4-3bc3-3c60-a66b-523986131536/current/log_107-308
2025-04-23 14:38:38,074 [omNode-1@group-523986131536-SegmentedRaftLogWorker] INFO  segmented.BufferedWriteChannel (BufferedWriteChannel.java:open(61)) - open log_inprogress_309 at position 0
2025-04-23 14:38:38,076 [omNode-2@group-523986131536-SegmentedRaftLogWorker] INFO  segmented.SegmentedRaftLogWorker (SegmentedRaftLogWorker.java:execute(644)) - omNode-2@group-523986131536-SegmentedRaftLogWorker: created new log segment /home/runner/work/ozone/ozone/hadoop-ozone/integration-test/target/test-dir/MiniOzoneClusterImpl-68853c07-42d2-4ef8-9e75-e3a852294e6a/omNode-2/ratis/c9bc4cf4-3bc3-3c60-a66b-523986131536/current/log_inprogress_309
2025-04-23 14:38:38,082 [omNode-1@group-523986131536-SegmentedRaftLogWorker] INFO  segmented.SegmentedRaftLogWorker (SegmentedRaftLogWorker.java:execute(644)) - omNode-1@group-523986131536-SegmentedRaftLogWorker: created new log segment /home/runner/work/ozone/ozone/hadoop-ozone/integration-test/target/test-dir/MiniOzoneClusterImpl-68853c07-42d2-4ef8-9e75-e3a852294e6a/omNode-1/ratis/c9bc4cf4-3bc3-3c60-a66b-523986131536/current/log_inprogress_309
2025-04-23 14:38:38,084 [grpc-default-executor-8] WARN  server.GrpcLogAppender (GrpcLogAppender.java:lambda$resetClient$1(221)) - omNode-2@group-523986131536->omNode-3-GrpcLogAppender: Follower failed (request=null, errorCount=5); keep nextIndex (311) unchanged and retry.
2025-04-23 14:38:38,084 [omNode-2@group-523986131536-StateMachineUpdater] INFO  ratis.OzoneManagerStateMachine (OzoneManagerStateMachine.java:notifyConfigurationChanged(231)) - notifyConfigurationChanged from Ratis: term=12, index=309, New Peer list: omNode-3(localhost:15017), omNode-1(localhost:15009), omNode-2(localhost:15013)
2025-04-23 14:38:38,084 [omNode-2@group-523986131536-StateMachineUpdater] INFO  server.RaftServer$Division (LeaderStateImpl.java:checkStartIndex(313)) - Leader omNode-2@group-523986131536-LeaderStateImpl is ready since appliedIndex == startIndex == 309
2025-04-23 14:38:38,086 [omNode-1@group-523986131536-StateMachineUpdater] INFO  ratis.OzoneManagerStateMachine (OzoneManagerStateMachine.java:notifyConfigurationChanged(231)) - notifyConfigurationChanged from Ratis: term=12, index=309, New Peer list: omNode-3(localhost:15017), omNode-1(localhost:15009), omNode-2(localhost:15013)
2025-04-23 14:38:41,868 [main] INFO  retry.RetryInvocationHandler (RetryInvocationHandler.java:log(426)) - com.google.protobuf.ServiceException: java.io.EOFException: End of File Exception between local host is: "fv-az1120-822/10.1.0.114"; destination host is: "localhost":15014; : java.io.EOFException; For more details see:  http://wiki.apache.org/hadoop/EOFException, while invoking $Proxy68.submitRequest over nodeId=omNode-3,nodeAddress=127.0.0.1:15014. Trying to failover after sleeping for 2000ms. Current retry count: 0.
2025-04-23 14:38:43,067 [timer1] WARN  server.GrpcLogAppender (LogUtils.java:warn(121)) - omNode-2@group-523986131536->omNode-3-AppendLogResponseHandler: Failed appendEntries (Repeated 18 times in the last 5.001s): org.apache.ratis.thirdparty.io.grpc.StatusRuntimeException: UNAVAILABLE: io exception
2025-04-23 14:38:43,067 [timer4] WARN  server.GrpcLogAppender (GrpcLogAppender.java:lambda$resetClient$1(221)) - omNode-2@group-523986131536->omNode-3-GrpcLogAppender: Follower failed (request=null, errorCount=4); keep nextIndex (310) unchanged and retry. (Repeated 3 times in the last 5.001s)
2025-04-23 14:38:43,084 [timer1] WARN  server.GrpcLogAppender (GrpcLogAppender.java:lambda$resetClient$1(221)) - omNode-2@group-523986131536->omNode-3-GrpcLogAppender: Follower failed (request=null, errorCount=18); keep nextIndex (311) unchanged and retry. (Repeated 14 times in the last 5.000s)
2025-04-23 14:38:43,870 [main] INFO  retry.RetryInvocationHandler (RetryInvocationHandler.java:log(426)) - com.google.protobuf.ServiceException: org.apache.hadoop.ipc.RemoteException(org.apache.hadoop.ozone.om.exceptions.OMNotLeaderException): OM:omNode-1 is not the leader. Suggested leader is OM:omNode-2[localhost/127.0.0.1].
	at org.apache.hadoop.ozone.om.ratis.OzoneManagerRatisServer.newOMNotLeaderException(OzoneManagerRatisServer.java:813)
	at org.apache.hadoop.ozone.protocolPB.OzoneManagerProtocolServerSideTranslatorPB.createLeaderErrorException(OzoneManagerProtocolServerSideTranslatorPB.java:201)
	at org.apache.hadoop.ozone.protocolPB.OzoneManagerProtocolServerSideTranslatorPB.submitReadRequestToOM(OzoneManagerProtocolServerSideTranslatorPB.java:194)
	at org.apache.hadoop.ozone.protocolPB.OzoneManagerProtocolServerSideTranslatorPB.internalProcessRequest(OzoneManagerProtocolServerSideTranslatorPB.java:159)
	at org.apache.hadoop.ozone.protocolPB.OzoneManagerProtocolServerSideTranslatorPB.processRequest(OzoneManagerProtocolServerSideTranslatorPB.java:125)
	at org.apache.hadoop.hdds.server.OzoneProtocolMessageDispatcher.processRequest(OzoneProtocolMessageDispatcher.java:87)
	at org.apache.hadoop.ozone.protocolPB.OzoneManagerProtocolServerSideTranslatorPB.submitRequest(OzoneManagerProtocolServerSideTranslatorPB.java:116)
	at org.apache.hadoop.ozone.protocol.proto.OzoneManagerProtocolProtos$OzoneManagerService$2.callBlockingMethod(OzoneManagerProtocolProtos.java)
	at org.apache.hadoop.ipc.ProtobufRpcEngine$Server.processCall(ProtobufRpcEngine.java:484)
	at org.apache.hadoop.ipc.ProtobufRpcEngine2$Server$ProtoBufRpcInvoker.call(ProtobufRpcEngine2.java:595)
	at org.apache.hadoop.ipc.ProtobufRpcEngine2$Server$ProtoBufRpcInvoker.call(ProtobufRpcEngine2.java:573)
	at org.apache.hadoop.ipc.RPC$Server.call(RPC.java:1227)
	at org.apache.hadoop.ipc.Server$RpcCall.run(Server.java:1246)
	at org.apache.hadoop.ipc.Server$RpcCall.run(Server.java:1169)
	at java.base/java.security.AccessController.doPrivileged(AccessController.java:714)
	at java.base/javax.security.auth.Subject.doAs(Subject.java:525)
	at org.apache.hadoop.security.UserGroupInformation.doAs(UserGroupInformation.java:1953)
	at org.apache.hadoop.ipc.Server$Handler.run(Server.java:3198)
, while invoking $Proxy68.submitRequest over nodeId=omNode-1,nodeAddress=127.0.0.1:15006 after 1 failover attempts. Trying to failover immediately. Current retry count: 1.
2025-04-23 14:38:43,880 [main] INFO  om.OzoneManager (OzoneManager.java:stop(2347)) - omNode-3[localhost:15014]: Stopping Ozone Manager
2025-04-23 14:38:43,881 [main] INFO  om.OzoneManager (OzoneManager.java:stop(2347)) - omNode-1[localhost:15006]: Stopping Ozone Manager
2025-04-23 14:38:43,881 [main] INFO  ipc.Server (Server.java:stop(3697)) - Stopping server on 15006
2025-04-23 14:38:43,883 [IPC Server listener on 15006] INFO  ipc.Server (Server.java:run(1585)) - Stopping IPC Server listener on 15006
2025-04-23 14:38:43,883 [main] INFO  ratis.OzoneManagerRatisServer (OzoneManagerRatisServer.java:stop(634)) - Stopping org.apache.hadoop.ozone.om.ratis.OzoneManagerRatisServer@6667df22 at port 15009
2025-04-23 14:38:43,884 [main] INFO  server.RaftServer (RaftServerProxy.java:lambda$close$9(417)) - omNode-1: close
2025-04-23 14:38:43,884 [main] INFO  server.GrpcService (GrpcService.java:closeImpl(343)) - omNode-1: shutdown server GrpcServerProtocolService now
2025-04-23 14:38:43,883 [IPC Server Responder] INFO  ipc.Server (Server.java:run(1718)) - Stopping IPC Server Responder
2025-04-23 14:38:43,884 [omNode-1-impl-thread1] INFO  server.RaftServer$Division (RaftServerImpl.java:lambda$close$1(513)) - omNode-1@group-523986131536: shutdown
2025-04-23 14:38:43,884 [omNode-1-impl-thread1] INFO  util.JmxRegister (JmxRegister.java:unregister(74)) - Successfully un-registered JMX Bean with object name Ratis:service=RaftServer,group=group-523986131536,id=omNode-1
2025-04-23 14:38:43,884 [omNode-1-impl-thread1] INFO  impl.RoleInfo (RoleInfo.java:shutdownFollowerState(121)) - omNode-1: shutdown omNode-1@group-523986131536-FollowerState
2025-04-23 14:38:43,884 [omNode-1-impl-thread1] INFO  impl.StateMachineUpdater (StateMachineUpdater.java:stopAndJoin(164)) - omNode-1@group-523986131536-StateMachineUpdater: set stopIndex = 310
2025-04-23 14:38:43,885 [omNode-1@group-523986131536-FollowerState] INFO  impl.FollowerState (FollowerState.java:runImpl(170)) - omNode-1@group-523986131536-FollowerState was interrupted
2025-04-23 14:38:43,886 [grpc-default-executor-2] WARN  server.GrpcServerProtocolService (LogUtils.java:warn(121)) - omNode-1: APPEND_ENTRIES onError, lastRequest: omNode-2->omNode-1#2-t12,previous=(t:12, i:309),leaderCommit=309,initializing? false,entries: size=1, first=(t:12, i:310), METADATAENTRY(c:309): org.apache.ratis.thirdparty.io.grpc.StatusRuntimeException: CANCELLED: client cancelled
2025-04-23 14:38:43,887 [grpc-default-executor-7] WARN  server.GrpcLogAppender (LogUtils.java:warn(121)) - omNode-2@group-523986131536->omNode-1-AppendLogResponseHandler: Failed appendEntries: org.apache.ratis.thirdparty.io.grpc.StatusRuntimeException: CANCELLED: RST_STREAM closed stream. HTTP/2 error code: CANCEL
2025-04-23 14:38:43,887 [grpc-default-executor-2] WARN  server.GrpcLogAppender (GrpcLogAppender.java:lambda$resetClient$1(221)) - omNode-2@group-523986131536->omNode-1-GrpcLogAppender: Follower failed (request=null, errorCount=1); keep nextIndex (311) unchanged and retry.
2025-04-23 14:38:43,887 [grpc-default-executor-8] WARN  server.GrpcServerProtocolService (LogUtils.java:warn(121)) - omNode-1: APPEND_ENTRIES onError, lastRequest: null: org.apache.ratis.thirdparty.io.grpc.StatusRuntimeException: CANCELLED: client cancelled
2025-04-23 14:38:43,887 [main] INFO  server.GrpcService (GrpcService.java:closeImpl(352)) - omNode-1: shutdown server GrpcServerProtocolService successfully
2025-04-23 14:38:43,896 [omNode-1@group-523986131536-StateMachineUpdater] INFO  ratis.OzoneManagerStateMachine (OzoneManagerStateMachine.java:takeSnapshotImpl(510)) - omNode-1: taking snapshot. applied = (t:12, i:310), skipped = 307, notified = (t:12, i:310), current snapshot index = (t:12, i:310), took 11 ms
2025-04-23 14:38:43,896 [omNode-1@group-523986131536-StateMachineUpdater] INFO  impl.StateMachineUpdater (StateMachineUpdater.java:takeSnapshot(303)) - omNode-1@group-523986131536-StateMachineUpdater: Took a snapshot at index 310
2025-04-23 14:38:43,896 [omNode-1@group-523986131536-StateMachineUpdater] INFO  impl.StateMachineUpdater (StateMachineUpdater.java:lambda$new$0(102)) - omNode-1@group-523986131536-StateMachineUpdater: snapshotIndex: updateIncreasingly 302 -> 310
2025-04-23 14:38:43,896 [omNode-1@group-523986131536-StateMachineUpdater] INFO  impl.StateMachineUpdater (StateMachineUpdater.java:stop(141)) - omNode-1@group-523986131536-StateMachineUpdater: closing OzoneManagerStateMachine, lastApplied=(t:12, i:310)
2025-04-23 14:38:43,896 [omNode-1@group-523986131536-StateMachineUpdater] INFO  ratis.OzoneManagerStateMachine (OzoneManagerStateMachine.java:close(550)) - Stopping OzoneManagerStateMachine:omNode-1:group-523986131536.
2025-04-23 14:38:43,896 [omNode-1@group-523986131536-StateMachineUpdater] INFO  ratis.OzoneManagerDoubleBuffer (OzoneManagerDoubleBuffer.java:stopDaemon(500)) - Stopping OMDoubleBuffer flush thread
2025-04-23 14:38:43,896 [omNode-1-OMDoubleBufferFlushThread] INFO  ratis.OzoneManagerDoubleBuffer (OzoneManagerDoubleBuffer.java:canFlush(559)) - OMDoubleBuffer flush thread omNode-1-OMDoubleBufferFlushThread is interrupted and will exit.
2025-04-23 14:38:43,896 [omNode-1@group-523986131536-cacheEviction-AwaitToRun] INFO  util.AwaitToRun (AwaitToRun.java:run(49)) - omNode-1@group-523986131536-cacheEviction-AwaitToRun-AwaitForSignal is interrupted
2025-04-23 14:38:43,911 [grpc-default-executor-7] WARN  server.GrpcLogAppender (LogUtils.java:warn(121)) - omNode-2@group-523986131536->omNode-3-AppendLogResponseHandler: Failed appendEntries: org.apache.ratis.thirdparty.io.grpc.StatusRuntimeException: UNAVAILABLE: io exception
2025-04-23 14:38:43,912 [grpc-default-executor-8] WARN  server.GrpcLogAppender (GrpcLogAppender.java:lambda$resetClient$1(221)) - omNode-2@group-523986131536->omNode-3-GrpcLogAppender: Follower failed (request=null, errorCount=19); keep nextIndex (311) unchanged and retry.
2025-04-23 14:38:44,085 [omNode-1-impl-thread1] INFO  segmented.SegmentedRaftLogWorker (SegmentedRaftLogWorker.java:close(252)) - omNode-1@group-523986131536-SegmentedRaftLogWorker close()
2025-04-23 14:38:44,086 [JvmPauseMonitor27] INFO  util.JvmPauseMonitor (JvmPauseMonitor.java:run(152)) - JvmPauseMonitor-omNode-1: Stopped
2025-04-23 14:38:44,086 [main] INFO  utils.BackgroundService (BackgroundService.java:shutdown(161)) - Shutting down service KeyDeletingService
2025-04-23 14:38:44,086 [main] INFO  utils.BackgroundService (BackgroundService.java:shutdown(161)) - Shutting down service DirectoryDeletingService
2025-04-23 14:38:44,087 [main] INFO  utils.BackgroundService (BackgroundService.java:shutdown(161)) - Shutting down service OpenKeyCleanupService
2025-04-23 14:38:44,088 [main] INFO  utils.BackgroundService (BackgroundService.java:shutdown(161)) - Shutting down service SstFilteringService
2025-04-23 14:38:44,088 [main] INFO  utils.BackgroundService (BackgroundService.java:shutdown(161)) - Shutting down service SnapshotDeletingService
2025-04-23 14:38:44,088 [main] INFO  utils.BackgroundService (BackgroundService.java:shutdown(161)) - Shutting down service MultipartUploadCleanupService
2025-04-23 14:38:44,089 [main] INFO  handler.ContextHandler (ContextHandler.java:doStop(1159)) - Stopped o.e.j.w.WebAppContext@18dbf2fc{ozoneManager,/,null,STOPPED}{file:/home/runner/work/ozone/ozone/hadoop-ozone/integration-test/target/test-classes/webapps/ozoneManager}
2025-04-23 14:38:44,090 [main] INFO  server.AbstractConnector (AbstractConnector.java:doStop(383)) - Stopped ServerConnector@740cdcfb{HTTP/1.1, (http/1.1)}{0.0.0.0:15007}
2025-04-23 14:38:44,090 [main] INFO  server.session (HouseKeeper.java:stopScavenging(149)) - node0 Stopped scavenging
2025-04-23 14:38:44,090 [main] INFO  handler.ContextHandler (ContextHandler.java:doStop(1159)) - Stopped o.e.j.s.ServletContextHandler@97be5f0{static,/static,file:///home/runner/work/ozone/ozone/hadoop-ozone/integration-test/target/test-classes/webapps/static,STOPPED}
2025-04-23 14:38:44,090 [main] INFO  handler.ContextHandler (ContextHandler.java:doStop(1159)) - Stopped o.e.j.s.ServletContextHandler@2322f814{logs,/logs,file:///home/runner/work/ozone/ozone/hadoop-ozone/integration-test/target/log,STOPPED}
2025-04-23 14:38:44,090 [main] INFO  rocksdiff.RocksDBCheckpointDiffer (RocksDBCheckpointDiffer.java:close(304)) - Shutting down CompactionDagPruningService.
2025-04-23 14:38:44,092 [main] INFO  snapshot.SnapshotDiffManager (SnapshotDiffManager.java:closeExecutorService(1698)) - Shutting down executorService: 'SnapDiffExecutor'
2025-04-23 14:38:44,092 [main] INFO  utils.BackgroundService (BackgroundService.java:shutdown(161)) - Shutting down service SnapshotDiffCleanupService
2025-04-23 14:38:44,093 [main] INFO  om.OzoneManager (OzoneManager.java:stop(2347)) - omNode-2[localhost:15010]: Stopping Ozone Manager
2025-04-23 14:38:44,093 [main] INFO  ipc.Server (Server.java:stop(3697)) - Stopping server on 15010
2025-04-23 14:38:44,095 [IPC Server listener on 15010] INFO  ipc.Server (Server.java:run(1585)) - Stopping IPC Server listener on 15010
2025-04-23 14:38:44,095 [IPC Server Responder] INFO  ipc.Server (Server.java:run(1718)) - Stopping IPC Server Responder
2025-04-23 14:38:44,096 [main] INFO  ratis.OzoneManagerRatisServer (OzoneManagerRatisServer.java:stop(634)) - Stopping org.apache.hadoop.ozone.om.ratis.OzoneManagerRatisServer@49a151a2 at port 15013
2025-04-23 14:38:44,096 [main] INFO  server.RaftServer (RaftServerProxy.java:lambda$close$9(417)) - omNode-2: close
2025-04-23 14:38:44,096 [main] INFO  server.GrpcService (GrpcService.java:closeImpl(343)) - omNode-2: shutdown server GrpcServerProtocolService now
2025-04-23 14:38:44,096 [omNode-2-impl-thread1] INFO  server.RaftServer$Division (RaftServerImpl.java:lambda$close$1(513)) - omNode-2@group-523986131536: shutdown
2025-04-23 14:38:44,096 [omNode-2-impl-thread1] INFO  util.JmxRegister (JmxRegister.java:unregister(74)) - Successfully un-registered JMX Bean with object name Ratis:service=RaftServer,group=group-523986131536,id=omNode-2
2025-04-23 14:38:44,096 [omNode-2-impl-thread1] INFO  impl.RoleInfo (RoleInfo.java:shutdownLeaderState(103)) - omNode-2: shutdown omNode-2@group-523986131536-LeaderStateImpl
2025-04-23 14:38:44,096 [omNode-2-impl-thread1] INFO  impl.PendingRequests (PendingRequests.java:sendNotLeaderResponses(287)) - omNode-2@group-523986131536-PendingRequests: sendNotLeaderResponses
2025-04-23 14:38:44,096 [omNode-2@group-523986131536->omNode-1-GrpcLogAppender-LogAppenderDaemon] WARN  server.GrpcLogAppender (GrpcLogAppender.java:mayWait(293)) - omNode-2@group-523986131536->omNode-1-GrpcLogAppender: Wait interrupted by java.lang.InterruptedException
2025-04-23 14:38:44,097 [Thread-4748] INFO  server.GrpcServerProtocolClient (GrpcServerProtocolClient.java:close(105)) - omNode-3 Close channels
2025-04-23 14:38:44,097 [Thread-4749] INFO  server.GrpcServerProtocolClient (GrpcServerProtocolClient.java:close(105)) - omNode-1 Close channels
2025-04-23 14:38:44,097 [omNode-2@group-523986131536->omNode-3-GrpcLogAppender-LogAppenderDaemon] WARN  server.GrpcLogAppender (GrpcLogAppender.java:mayWait(293)) - omNode-2@group-523986131536->omNode-3-GrpcLogAppender: Wait interrupted by java.lang.InterruptedException
2025-04-23 14:38:44,097 [omNode-2-impl-thread1] INFO  impl.StateMachineUpdater (StateMachineUpdater.java:stopAndJoin(164)) - omNode-2@group-523986131536-StateMachineUpdater: set stopIndex = 310
2025-04-23 14:38:44,098 [main] INFO  server.GrpcService (GrpcService.java:closeImpl(352)) - omNode-2: shutdown server GrpcServerProtocolService successfully
2025-04-23 14:38:44,107 [omNode-2@group-523986131536-StateMachineUpdater] INFO  ratis.OzoneManagerStateMachine (OzoneManagerStateMachine.java:takeSnapshotImpl(510)) - omNode-2: taking snapshot. applied = (t:12, i:310), skipped = 307, notified = (t:12, i:310), current snapshot index = (t:12, i:310), took 10 ms
2025-04-23 14:38:44,107 [omNode-2@group-523986131536-StateMachineUpdater] INFO  impl.StateMachineUpdater (StateMachineUpdater.java:takeSnapshot(303)) - omNode-2@group-523986131536-StateMachineUpdater: Took a snapshot at index 310
2025-04-23 14:38:44,107 [omNode-2@group-523986131536-StateMachineUpdater] INFO  impl.StateMachineUpdater (StateMachineUpdater.java:lambda$new$0(102)) - omNode-2@group-523986131536-StateMachineUpdater: snapshotIndex: updateIncreasingly 306 -> 310
2025-04-23 14:38:44,108 [omNode-2@group-523986131536-StateMachineUpdater] INFO  impl.StateMachineUpdater (StateMachineUpdater.java:stop(141)) - omNode-2@group-523986131536-StateMachineUpdater: closing OzoneManagerStateMachine, lastApplied=(t:12, i:310)
2025-04-23 14:38:44,108 [omNode-2@group-523986131536-StateMachineUpdater] INFO  ratis.OzoneManagerStateMachine (OzoneManagerStateMachine.java:close(550)) - Stopping OzoneManagerStateMachine:omNode-2:group-523986131536.
2025-04-23 14:38:44,108 [omNode-2@group-523986131536-StateMachineUpdater] INFO  ratis.OzoneManagerDoubleBuffer (OzoneManagerDoubleBuffer.java:stopDaemon(500)) - Stopping OMDoubleBuffer flush thread
2025-04-23 14:38:44,108 [omNode-2-OMDoubleBufferFlushThread] INFO  ratis.OzoneManagerDoubleBuffer (OzoneManagerDoubleBuffer.java:canFlush(559)) - OMDoubleBuffer flush thread omNode-2-OMDoubleBufferFlushThread is interrupted and will exit.
2025-04-23 14:38:44,108 [omNode-2@group-523986131536-cacheEviction-AwaitToRun] INFO  util.AwaitToRun (AwaitToRun.java:run(49)) - omNode-2@group-523986131536-cacheEviction-AwaitToRun-AwaitForSignal is interrupted
2025-04-23 14:38:45,084 [omNode-2-impl-thread1] INFO  segmented.SegmentedRaftLogWorker (SegmentedRaftLogWorker.java:close(252)) - omNode-2@group-523986131536-SegmentedRaftLogWorker close()
2025-04-23 14:38:45,085 [JvmPauseMonitor28] INFO  util.JvmPauseMonitor (JvmPauseMonitor.java:run(152)) - JvmPauseMonitor-omNode-2: Stopped
2025-04-23 14:38:45,085 [main] INFO  utils.BackgroundService (BackgroundService.java:shutdown(161)) - Shutting down service KeyDeletingService
2025-04-23 14:38:45,086 [main] INFO  utils.BackgroundService (BackgroundService.java:shutdown(161)) - Shutting down service DirectoryDeletingService
2025-04-23 14:38:45,087 [main] INFO  utils.BackgroundService (BackgroundService.java:shutdown(161)) - Shutting down service OpenKeyCleanupService
2025-04-23 14:38:45,087 [main] INFO  utils.BackgroundService (BackgroundService.java:shutdown(161)) - Shutting down service SstFilteringService
2025-04-23 14:38:45,087 [main] INFO  utils.BackgroundService (BackgroundService.java:shutdown(161)) - Shutting down service SnapshotDeletingService
2025-04-23 14:38:45,088 [main] INFO  utils.BackgroundService (BackgroundService.java:shutdown(161)) - Shutting down service MultipartUploadCleanupService
2025-04-23 14:38:45,089 [main] INFO  handler.ContextHandler (ContextHandler.java:doStop(1159)) - Stopped o.e.j.w.WebAppContext@78a53d32{ozoneManager,/,null,STOPPED}{file:/home/runner/work/ozone/ozone/hadoop-ozone/integration-test/target/test-classes/webapps/ozoneManager}
2025-04-23 14:38:45,089 [main] INFO  server.AbstractConnector (AbstractConnector.java:doStop(383)) - Stopped ServerConnector@7c2b2358{HTTP/1.1, (http/1.1)}{0.0.0.0:15011}
2025-04-23 14:38:45,089 [main] INFO  server.session (HouseKeeper.java:stopScavenging(149)) - node0 Stopped scavenging
2025-04-23 14:38:45,089 [main] INFO  handler.ContextHandler (ContextHandler.java:doStop(1159)) - Stopped o.e.j.s.ServletContextHandler@33feeba3{static,/static,file:///home/runner/work/ozone/ozone/hadoop-ozone/integration-test/target/test-classes/webapps/static,STOPPED}
2025-04-23 14:38:45,089 [main] INFO  handler.ContextHandler (ContextHandler.java:doStop(1159)) - Stopped o.e.j.s.ServletContextHandler@5d46c310{logs,/logs,file:///home/runner/work/ozone/ozone/hadoop-ozone/integration-test/target/log,STOPPED}
2025-04-23 14:38:45,090 [main] INFO  rocksdiff.RocksDBCheckpointDiffer (RocksDBCheckpointDiffer.java:close(304)) - Shutting down CompactionDagPruningService.
2025-04-23 14:38:45,092 [main] INFO  snapshot.SnapshotDiffManager (SnapshotDiffManager.java:closeExecutorService(1698)) - Shutting down executorService: 'SnapDiffExecutor'
2025-04-23 14:38:45,092 [main] INFO  utils.BackgroundService (BackgroundService.java:shutdown(161)) - Shutting down service SnapshotDiffCleanupService
2025-04-23 14:38:45,092 [main] INFO  om.OzoneManager (OzoneManager.java:restart(1878)) - OzoneManager RPC server is listening at localhost/127.0.0.1:15014
2025-04-23 14:38:45,092 [main] INFO  impl.MetricsSystemImpl (MetricsSystemImpl.java:init(158)) - OzoneManager metrics system started (again)
2025-04-23 14:38:45,103 [main] WARN  server.ServerUtils (ServerUtils.java:getDBPath(297)) - ozone.om.db.dirs is not configured. We recommend adding this setting. Falling back to ozone.metadata.dirs instead.
2025-04-23 14:38:45,145 [main] INFO  om.OzoneManager (OzoneManager.java:instantiateServices(933)) - S3 Multi-Tenancy is disabled
2025-04-23 14:38:45,146 [main] INFO  om.OmSnapshotManager (OmSnapshotManager.java:<init>(180)) - Ozone filesystem snapshot feature is enabled.
2025-04-23 14:38:45,146 [main] WARN  server.ServerUtils (ServerUtils.java:getDBPath(297)) - ozone.om.snapshot.diff.db.dir is not configured. We recommend adding this setting. Falling back to ozone.metadata.dirs instead.
2025-04-23 14:38:45,163 [main] WARN  server.ServerUtils (ServerUtils.java:getDefaultRatisDirectory(309)) - Storage directory for Ratis is not configured. It is a good idea to map this to an SSD disk. Falling back to ozone.metadata.dirs
2025-04-23 14:38:45,164 [main] INFO  server.RaftServerConfigKeys (ConfUtils.java:logGet(46)) - raft.server.log.appender.buffer.byte-limit = 4194304 (custom)
2025-04-23 14:38:45,164 [main] INFO  ratis.OzoneManagerRatisServer (OzoneManagerRatisServer.java:<init>(167)) - Instantiating OM Ratis server with groupID: om-service-test1 and peers: localhost:15017, localhost:15009, localhost:15013
2025-04-23 14:38:45,165 [main] INFO  ratis.OzoneManagerStateMachine (OzoneManagerStateMachine.java:loadSnapshotInfoFromDB(611)) - LastAppliedIndex is set from TransactionInfo from OM DB as (t:11, i:308)
2025-04-23 14:38:45,165 [main] INFO  server.RaftServer (ConfUtils.java:logGet(46)) - raft.rpc.type = GRPC (default)
2025-04-23 14:38:45,166 [main] INFO  grpc.GrpcConfigKeys (ConfUtils.java:logFallback(53)) - raft.grpc.admin.host = null (fallback to raft.grpc.server.host)
2025-04-23 14:38:45,166 [main] INFO  grpc.GrpcConfigKeys (ConfUtils.java:logFallback(53)) - raft.grpc.admin.port = 15017 (fallback to raft.grpc.server.port)
2025-04-23 14:38:45,166 [main] INFO  grpc.GrpcConfigKeys (ConfUtils.java:logFallback(53)) - raft.grpc.client.host = null (fallback to raft.grpc.server.host)
2025-04-23 14:38:45,166 [main] INFO  grpc.GrpcConfigKeys (ConfUtils.java:logFallback(53)) - raft.grpc.client.port = 15017 (fallback to raft.grpc.server.port)
2025-04-23 14:38:45,166 [main] INFO  grpc.GrpcConfigKeys (ConfUtils.java:logGet(46)) - raft.grpc.server.host = null (default)
2025-04-23 14:38:45,166 [main] INFO  grpc.GrpcConfigKeys (ConfUtils.java:logGet(46)) - raft.grpc.server.port = 15017 (custom)
2025-04-23 14:38:45,166 [main] INFO  server.GrpcService (ConfUtils.java:logGet(46)) - raft.grpc.message.size.max = 5242880 (custom)
2025-04-23 14:38:45,166 [main] INFO  server.GrpcService (ConfUtils.java:logGet(46)) - raft.grpc.flow.control.window = 1MB (=1048576) (default)
2025-04-23 14:38:45,166 [main] INFO  server.RaftServerConfigKeys (ConfUtils.java:logGet(46)) - raft.server.rpc.request.timeout = 3000ms (default)
2025-04-23 14:38:45,166 [main] INFO  grpc.GrpcConfigKeys (ConfUtils.java:logGet(46)) - raft.grpc.server.heartbeat.channel = true (default)
2025-04-23 14:38:45,166 [main] INFO  server.RaftServerConfigKeys (ConfUtils.java:logGet(46)) - raft.server.log.appender.buffer.byte-limit = 4194304 (custom)
2025-04-23 14:38:45,166 [main] INFO  grpc.GrpcConfigKeys (ConfUtils.java:logGet(46)) - raft.grpc.server.async.request.thread.pool.cached = true (default)
2025-04-23 14:38:45,166 [main] INFO  grpc.GrpcConfigKeys (ConfUtils.java:logGet(46)) - raft.grpc.server.async.request.thread.pool.size = 32 (default)
2025-04-23 14:38:45,167 [main] INFO  impl.DataStreamServerImpl (ConfUtils.java:logGet(46)) - raft.datastream.type = DISABLED (default)
2025-04-23 14:38:45,167 [main] INFO  server.RaftServerConfigKeys (ConfUtils.java:logGet(46)) - raft.server.sleep.deviation.threshold = 300ms (default)
2025-04-23 14:38:45,167 [main] INFO  server.RaftServerConfigKeys (ConfUtils.java:logGet(46)) - raft.server.close.threshold = 60s (default)
2025-04-23 14:38:45,167 [main] INFO  server.RaftServerConfigKeys (ConfUtils.java:logGet(46)) - raft.server.leaderelection.leader.step-down.wait-time = 10s (default)
2025-04-23 14:38:45,168 [main] INFO  server.RaftServerConfigKeys (ConfUtils.java:logGet(46)) - raft.server.storage.dir = [/home/runner/work/ozone/ozone/hadoop-ozone/integration-test/target/test-dir/MiniOzoneClusterImpl-68853c07-42d2-4ef8-9e75-e3a852294e6a/omNode-3/ratis] (custom)
2025-04-23 14:38:45,168 [main] INFO  server.RaftServerConfigKeys (ConfUtils.java:logGet(46)) - raft.server.threadpool.proxy.cached = true (default)
2025-04-23 14:38:45,168 [main] INFO  server.RaftServerConfigKeys (ConfUtils.java:logGet(46)) - raft.server.threadpool.proxy.size = 0 (default)
2025-04-23 14:38:45,168 [omNode-3-impl-thread1] INFO  server.RaftServer (RaftServerProxy.java:initGroupDir(265)) - omNode-3: found a subdirectory /home/runner/work/ozone/ozone/hadoop-ozone/integration-test/target/test-dir/MiniOzoneClusterImpl-68853c07-42d2-4ef8-9e75-e3a852294e6a/omNode-3/ratis/c9bc4cf4-3bc3-3c60-a66b-523986131536
2025-04-23 14:38:45,169 [main] INFO  server.RaftServer (RaftServerProxy.java:addNew(100)) - omNode-3: addNew group-523986131536:[omNode-3|localhost:15017, omNode-1|localhost:15009, omNode-2|localhost:15013] returns group-523986131536:java.util.concurrent.CompletableFuture@7713ba5c[Not completed]
2025-04-23 14:38:45,169 [main] INFO  om.OzoneManager (OzoneManager.java:initializeRatisServer(2303)) - OzoneManager Ratis server initialized at port 15017
2025-04-23 14:38:45,169 [main] INFO  ratis.OzoneManagerRatisServer (OzoneManagerRatisServer.java:start(628)) - Starting OzoneManagerRatisServer omNode-3 at port 15017
2025-04-23 14:38:45,169 [omNode-3-groupManagement] INFO  server.RaftServer$Division (RaftServerImpl.java:<init>(255)) - omNode-3: new RaftServerImpl for group-523986131536:[omNode-3|localhost:15017, omNode-1|localhost:15009, omNode-2|localhost:15013] with OzoneManagerStateMachine:uninitialized
2025-04-23 14:38:45,169 [omNode-3-groupManagement] INFO  server.RaftServerConfigKeys (ConfUtils.java:logGet(46)) - raft.server.rpc.timeout.min = 1s (custom)
2025-04-23 14:38:45,169 [omNode-3-groupManagement] INFO  server.RaftServerConfigKeys (ConfUtils.java:logGet(46)) - raft.server.rpc.timeout.max = 1200ms (custom)
2025-04-23 14:38:45,169 [omNode-3-groupManagement] INFO  server.RaftServerConfigKeys (ConfUtils.java:logGet(46)) - raft.server.rpc.sleep.time = 25ms (default)
2025-04-23 14:38:45,169 [omNode-3-groupManagement] INFO  server.RaftServerConfigKeys (ConfUtils.java:logGet(46)) - raft.server.rpc.slowness.timeout = 2s (custom)
2025-04-23 14:38:45,169 [omNode-3-groupManagement] INFO  server.RaftServerConfigKeys (ConfUtils.java:logGet(46)) - raft.server.leaderelection.leader.step-down.wait-time = 10s (default)
2025-04-23 14:38:45,169 [omNode-3-groupManagement] INFO  server.RaftServerConfigKeys (ConfUtils.java:logGet(46)) - raft.server.leaderelection.member.majority-add = false (default)
2025-04-23 14:38:45,169 [omNode-3-groupManagement] INFO  server.RaftServerConfigKeys (ConfUtils.java:logGet(46)) - raft.server.sleep.deviation.threshold = 300ms (default)
2025-04-23 14:38:45,169 [omNode-3-groupManagement] INFO  server.RaftServer$Division (ServerState.java:<init>(114)) - omNode-3@group-523986131536: ConfigurationManager, init=conf: {index: -1, cur=peers:[omNode-3|localhost:15017, omNode-1|localhost:15009, omNode-2|localhost:15013]|listeners:[], old=null}, confs=<EMPTY_MAP>
2025-04-23 14:38:45,169 [omNode-3-groupManagement] INFO  server.RaftServerConfigKeys (ConfUtils.java:logGet(46)) - raft.server.notification.no-leader.timeout = 2s (custom)
2025-04-23 14:38:45,170 [omNode-3-groupManagement] INFO  server.RaftServerConfigKeys (ConfUtils.java:logGet(46)) - raft.server.read.timeout = 10s (default)
2025-04-23 14:38:45,170 [omNode-3-groupManagement] INFO  server.RaftServerConfigKeys (ConfUtils.java:logGet(46)) - raft.server.retrycache.expirytime = 30000ms (custom)
2025-04-23 14:38:45,170 [omNode-3-groupManagement] INFO  server.RaftServerConfigKeys (ConfUtils.java:logGet(46)) - raft.server.retrycache.statistics.expirytime = 100ms (default)
2025-04-23 14:38:45,170 [omNode-3-groupManagement] INFO  server.RaftServerConfigKeys (ConfUtils.java:logGet(46)) - raft.server.read.option = DEFAULT (default)
2025-04-23 14:38:45,170 [omNode-3-groupManagement] INFO  server.RaftServerConfigKeys (ConfUtils.java:logGet(46)) - raft.server.read.read-after-write-consistent.write-index-cache.expiry-time = 60s (default)
2025-04-23 14:38:45,172 [omNode-3-groupManagement] INFO  server.RaftServerConfigKeys (ConfUtils.java:logGet(46)) - raft.server.rpc.request.timeout = 3000ms (default)
2025-04-23 14:38:45,172 [omNode-3-groupManagement] INFO  server.RaftServerConfigKeys (ConfUtils.java:logGet(46)) - raft.server.log.appender.install.snapshot.enabled = false (custom)
2025-04-23 14:38:45,172 [omNode-3-groupManagement] INFO  server.RaftServerConfigKeys (ConfUtils.java:logGet(46)) - raft.server.threadpool.server.cached = true (default)
2025-04-23 14:38:45,172 [omNode-3-groupManagement] INFO  server.RaftServerConfigKeys (ConfUtils.java:logGet(46)) - raft.server.threadpool.server.size = 0 (default)
2025-04-23 14:38:45,172 [omNode-3-groupManagement] INFO  server.RaftServerConfigKeys (ConfUtils.java:logGet(46)) - raft.server.threadpool.client.cached = true (default)
2025-04-23 14:38:45,172 [omNode-3-groupManagement] INFO  server.RaftServerConfigKeys (ConfUtils.java:logGet(46)) - raft.server.threadpool.client.size = 0 (default)
2025-04-23 14:38:45,172 [omNode-3-impl-thread1] INFO  server.RaftServerConfigKeys (ConfUtils.java:logGet(46)) - raft.server.storage.free-space.min = 0MB (=0) (default)
2025-04-23 14:38:45,172 [omNode-3-impl-thread1] INFO  server.RaftServerConfigKeys (ConfUtils.java:logGet(46)) - raft.server.log.corruption.policy = EXCEPTION (default)
2025-04-23 14:38:45,172 [omNode-3-impl-thread1] INFO  server.RaftServerConfigKeys (ConfUtils.java:logGet(46)) - raft.server.storage.dir = [/home/runner/work/ozone/ozone/hadoop-ozone/integration-test/target/test-dir/MiniOzoneClusterImpl-68853c07-42d2-4ef8-9e75-e3a852294e6a/omNode-3/ratis] (custom)
2025-04-23 14:38:45,173 [omNode-3-impl-thread1] INFO  storage.RaftStorageDirectory (RaftStorageDirectoryImpl.java:tryLock(229)) - Lock on /home/runner/work/ozone/ozone/hadoop-ozone/integration-test/target/test-dir/MiniOzoneClusterImpl-68853c07-42d2-4ef8-9e75-e3a852294e6a/omNode-3/ratis/c9bc4cf4-3bc3-3c60-a66b-523986131536/in_use.lock acquired by nodename 129558@fv-az1120-822
2025-04-23 14:38:45,174 [omNode-3-impl-thread1] INFO  storage.RaftStorage (RaftStorageImpl.java:analyzeAndRecoverStorage(118)) - Read RaftStorageMetadata{term=11, votedFor=omNode-3} from /home/runner/work/ozone/ozone/hadoop-ozone/integration-test/target/test-dir/MiniOzoneClusterImpl-68853c07-42d2-4ef8-9e75-e3a852294e6a/omNode-3/ratis/c9bc4cf4-3bc3-3c60-a66b-523986131536/current/raft-meta
2025-04-23 14:38:45,174 [omNode-3-impl-thread1] INFO  server.RaftServer$Division (ServerState.java:setRaftConf(386)) - omNode-3@group-523986131536: set configuration conf: {index: 107, cur=peers:[omNode-3|localhost:15017, omNode-1|localhost:15009, omNode-2|localhost:15013]|listeners:[], old=null}
2025-04-23 14:38:45,174 [omNode-3-impl-thread1] INFO  ratis.OzoneManagerStateMachine (OzoneManagerStateMachine.java:lambda$0(138)) - omNode-3: initialize group-523986131536 with (t:11, i:308)
2025-04-23 14:38:45,174 [omNode-3-impl-thread1] INFO  server.RaftServerConfigKeys (ConfUtils.java:logGet(46)) - raft.server.log.use.memory = false (default)
2025-04-23 14:38:45,174 [omNode-3-impl-thread1] INFO  server.RaftServerConfigKeys (ConfUtils.java:logGet(46)) - raft.server.log.purge.gap = 50 (custom)
2025-04-23 14:38:45,174 [omNode-3-impl-thread1] INFO  server.RaftServerConfigKeys (ConfUtils.java:logGet(46)) - raft.server.log.appender.buffer.byte-limit = 4194304 (custom)
2025-04-23 14:38:45,174 [omNode-3-impl-thread1] INFO  server.RaftServerConfigKeys (ConfUtils.java:logGet(46)) - raft.server.log.statemachine.data.read.timeout = 1000ms (default)
2025-04-23 14:38:45,174 [omNode-3-impl-thread1] INFO  server.RaftServerConfigKeys (ConfUtils.java:logGet(46)) - raft.server.log.purge.preservation.log.num = 0 (default)
2025-04-23 14:38:45,175 [omNode-3-impl-thread1] INFO  server.RaftServerConfigKeys (ConfUtils.java:logGet(46)) - raft.server.log.segment.size.max = 4194304 (custom)
2025-04-23 14:38:45,175 [omNode-3-impl-thread1] INFO  server.RaftServerConfigKeys (ConfUtils.java:logGet(46)) - raft.server.log.segment.cache.num.max = 2 (custom)
2025-04-23 14:38:45,176 [omNode-3-impl-thread1] INFO  server.RaftServerConfigKeys (ConfUtils.java:logGet(46)) - raft.server.log.segment.cache.size.max = 200MB (=209715200) (default)
2025-04-23 14:38:45,176 [omNode-3-impl-thread1] INFO  server.RaftServerConfigKeys (ConfUtils.java:logGet(46)) - raft.server.log.appender.buffer.byte-limit = 4194304 (custom)
2025-04-23 14:38:45,176 [omNode-3-impl-thread1] INFO  util.AwaitToRun (AwaitToRun.java:start(81)) - Thread[#5556,omNode-3@group-523986131536-cacheEviction-AwaitToRun,5,main] started
2025-04-23 14:38:45,176 [omNode-3-impl-thread1] INFO  segmented.SegmentedRaftLogWorker (SegmentedRaftLogWorker.java:<init>(188)) - new omNode-3@group-523986131536-SegmentedRaftLogWorker for RaftStorageImpl:Storage Directory /home/runner/work/ozone/ozone/hadoop-ozone/integration-test/target/test-dir/MiniOzoneClusterImpl-68853c07-42d2-4ef8-9e75-e3a852294e6a/omNode-3/ratis/c9bc4cf4-3bc3-3c60-a66b-523986131536
2025-04-23 14:38:45,176 [omNode-3-impl-thread1] INFO  server.RaftServerConfigKeys (ConfUtils.java:logGet(46)) - raft.server.log.queue.byte-limit = 64MB (=67108864) (default)
2025-04-23 14:38:45,176 [omNode-3-impl-thread1] INFO  server.RaftServerConfigKeys (ConfUtils.java:logGet(46)) - raft.server.log.queue.element-limit = 4096 (default)
2025-04-23 14:38:45,176 [omNode-3-impl-thread1] INFO  server.RaftServerConfigKeys (ConfUtils.java:logGet(46)) - raft.server.log.segment.size.max = 4194304 (custom)
2025-04-23 14:38:45,176 [omNode-3-impl-thread1] INFO  server.RaftServerConfigKeys (ConfUtils.java:logGet(46)) - raft.server.log.preallocated.size = 4194304 (custom)
2025-04-23 14:38:45,176 [omNode-3-impl-thread1] INFO  server.RaftServerConfigKeys (ConfUtils.java:logGet(46)) - raft.server.log.force.sync.num = 128 (default)
2025-04-23 14:38:45,176 [omNode-3-impl-thread1] INFO  server.RaftServerConfigKeys (ConfUtils.java:logGet(46)) - raft.server.log.statemachine.data.sync = true (default)
2025-04-23 14:38:45,176 [omNode-3-impl-thread1] INFO  server.RaftServerConfigKeys (ConfUtils.java:logGet(46)) - raft.server.log.statemachine.data.sync.timeout = 10s (default)
2025-04-23 14:38:45,176 [omNode-3-impl-thread1] INFO  server.RaftServerConfigKeys (ConfUtils.java:logGet(46)) - raft.server.log.statemachine.data.sync.timeout.retry = -1 (default)
2025-04-23 14:38:45,176 [omNode-3-impl-thread1] INFO  server.RaftServerConfigKeys (ConfUtils.java:logGet(46)) - raft.server.log.write.buffer.size = 4194312 (custom)
2025-04-23 14:38:45,177 [omNode-3-impl-thread1] INFO  server.RaftServerConfigKeys (ConfUtils.java:logGet(46)) - raft.server.log.appender.buffer.byte-limit = 4194304 (custom)
2025-04-23 14:38:45,177 [omNode-3-impl-thread1] INFO  server.RaftServerConfigKeys (ConfUtils.java:logGet(46)) - raft.server.log.unsafe-flush.enabled = false (default)
2025-04-23 14:38:45,177 [omNode-3-impl-thread1] INFO  server.RaftServerConfigKeys (ConfUtils.java:logGet(46)) - raft.server.log.async-flush.enabled = false (default)
2025-04-23 14:38:45,177 [omNode-3-impl-thread1] INFO  server.RaftServerConfigKeys (ConfUtils.java:logGet(46)) - raft.server.log.statemachine.data.caching.enabled = false (default)
2025-04-23 14:38:45,177 [omNode-3-impl-thread1] INFO  server.RaftServer$Division (ServerState.java:setRaftConf(386)) - omNode-3@group-523986131536: set configuration conf: {index: 107, cur=peers:[omNode-3|localhost:15017, omNode-1|localhost:15009, omNode-2|localhost:15013]|listeners:[], old=null}
2025-04-23 14:38:45,180 [omNode-3-impl-thread1] INFO  segmented.LogSegment (LogSegment.java:loadSegment(171)) - Successfully read 202 entries from segment file /home/runner/work/ozone/ozone/hadoop-ozone/integration-test/target/test-dir/MiniOzoneClusterImpl-68853c07-42d2-4ef8-9e75-e3a852294e6a/omNode-3/ratis/c9bc4cf4-3bc3-3c60-a66b-523986131536/current/log_inprogress_107
2025-04-23 14:38:45,180 [omNode-3-impl-thread1] INFO  segmented.SegmentedRaftLogWorker (SegmentedRaftLogWorker.java:lambda$new$0(139)) - omNode-3@group-523986131536-SegmentedRaftLogWorker: flushIndex: setUnconditionally 0 -> 308
2025-04-23 14:38:45,180 [omNode-3-impl-thread1] INFO  segmented.SegmentedRaftLogWorker (SegmentedRaftLogWorker.java:lambda$new$0(139)) - omNode-3@group-523986131536-SegmentedRaftLogWorker: safeCacheEvictIndex: setUnconditionally 0 -> -1
2025-04-23 14:38:45,180 [omNode-3-impl-thread1] INFO  segmented.BufferedWriteChannel (BufferedWriteChannel.java:open(61)) - open log_inprogress_107 (append) at position 19586
2025-04-23 14:38:45,180 [omNode-3-impl-thread1] INFO  raftlog.RaftLog (RaftLogBase.java:lambda$new$0(54)) - omNode-3@group-523986131536-SegmentedRaftLog: purgeIndex: updateToMax old=-1, new=106, updated? true
2025-04-23 14:38:45,180 [omNode-3-impl-thread1] INFO  server.RaftServer$Division (RaftServerImpl.java:start(391)) - omNode-3@group-523986131536: start as a follower, conf=conf: {index: 107, cur=peers:[omNode-3|localhost:15017, omNode-1|localhost:15009, omNode-2|localhost:15013]|listeners:[], old=null}
2025-04-23 14:38:45,181 [omNode-3-impl-thread1] INFO  server.RaftServer$Division (RaftServerImpl.java:setRole(378)) - omNode-3@group-523986131536: changes role from      null to FOLLOWER at term 11 for startAsFollower
2025-04-23 14:38:45,181 [omNode-3-impl-thread1] INFO  impl.RoleInfo (RoleInfo.java:updateAndGet(148)) - omNode-3: start omNode-3@group-523986131536-FollowerState
2025-04-23 14:38:45,181 [omNode-3@group-523986131536-FollowerState] INFO  server.RaftServerConfigKeys (ConfUtils.java:logFallback(53)) - raft.server.rpc.first-election.timeout.min = 1s (fallback to raft.server.rpc.timeout.min)
2025-04-23 14:38:45,181 [omNode-3@group-523986131536-FollowerState] INFO  server.RaftServerConfigKeys (ConfUtils.java:logFallback(53)) - raft.server.rpc.first-election.timeout.max = 1200ms (fallback to raft.server.rpc.timeout.max)
2025-04-23 14:38:45,181 [omNode-3-impl-thread1] INFO  util.JmxRegister (JmxRegister.java:tryRegister(44)) - Successfully registered JMX Bean with object name Ratis:service=RaftServer,group=group-523986131536,id=omNode-3
2025-04-23 14:38:45,181 [omNode-3-impl-thread1] INFO  util.JmxRegister (JmxRegister.java:register(58)) - register mxBean class org.apache.ratis.server.impl.RaftServerJmxAdapter as Ratis:service=RaftServer,group=group-523986131536,id=omNode-3
2025-04-23 14:38:45,181 [omNode-3-impl-thread1] INFO  server.RaftServerConfigKeys (ConfUtils.java:logGet(46)) - raft.server.snapshot.trigger-when-stop.enabled = true (default)
2025-04-23 14:38:45,182 [omNode-3-impl-thread1] INFO  server.RaftServerConfigKeys (ConfUtils.java:logGet(46)) - raft.server.snapshot.trigger-when-remove.enabled = true (default)
2025-04-23 14:38:45,182 [omNode-3-impl-thread1] INFO  server.RaftServerConfigKeys (ConfUtils.java:logGet(46)) - raft.server.snapshot.auto.trigger.enabled = true (custom)
2025-04-23 14:38:45,182 [omNode-3-impl-thread1] INFO  server.RaftServerConfigKeys (ConfUtils.java:logGet(46)) - raft.server.snapshot.auto.trigger.threshold = 50 (custom)
2025-04-23 14:38:45,182 [omNode-3-impl-thread1] INFO  server.RaftServerConfigKeys (ConfUtils.java:logGet(46)) - raft.server.snapshot.retention.file.num = -1 (default)
2025-04-23 14:38:45,182 [omNode-3-impl-thread1] INFO  server.RaftServerConfigKeys (ConfUtils.java:logGet(46)) - raft.server.log.purge.upto.snapshot.index = true (custom)
2025-04-23 14:38:45,182 [omNode-3-impl-thread1] INFO  server.RaftServer$Division (RaftServerImpl.java:start(405)) - omNode-3@group-523986131536: Successfully started.
2025-04-23 14:38:45,182 [main] INFO  server.RaftServer (RaftServerProxy.java:startImpl(407)) - omNode-3: start RPC server
2025-04-23 14:38:45,183 [main] INFO  server.GrpcService (GrpcService.java:startImpl(334)) - omNode-3: GrpcService started, listening on 15017
2025-04-23 14:38:45,183 [main] INFO  om.OzoneManager (OzoneManager.java:getRpcServer(1360)) - Creating RPC Server
2025-04-23 14:38:45,184 [JvmPauseMonitor29] INFO  util.JvmPauseMonitor (JvmPauseMonitor.java:run(146)) - JvmPauseMonitor-omNode-3: Started
2025-04-23 14:38:45,549 [main] INFO  reflections.Reflections (Reflections.java:scan(219)) - Reflections took 365 ms to scan 22 urls, producing 61 keys and 7422 values
2025-04-23 14:38:45,550 [main] INFO  ipc.CallQueueManager (CallQueueManager.java:<init>(93)) - Using callQueue: class java.util.concurrent.LinkedBlockingQueue, queueCapacity: 2000, scheduler: class org.apache.hadoop.ipc.DefaultRpcScheduler, ipcBackoff: false, ipcFailOver: false.
2025-04-23 14:38:45,551 [main] INFO  ipc.Server (Server.java:<init>(1438)) - Listener at localhost:15014
2025-04-23 14:38:45,551 [Socket Reader #1 for port 15014] INFO  ipc.Server (Server.java:run(1474)) - Starting Socket Reader #1 for port 15014
2025-04-23 14:38:45,551 [Socket Reader #2 for port 15014] INFO  ipc.Server (Server.java:run(1474)) - Starting Socket Reader #2 for port 15014
2025-04-23 14:38:45,551 [Socket Reader #3 for port 15014] INFO  ipc.Server (Server.java:run(1474)) - Starting Socket Reader #3 for port 15014
2025-04-23 14:38:45,551 [Socket Reader #4 for port 15014] INFO  ipc.Server (Server.java:run(1474)) - Starting Socket Reader #4 for port 15014
2025-04-23 14:38:45,551 [Socket Reader #5 for port 15014] INFO  ipc.Server (Server.java:run(1474)) - Starting Socket Reader #5 for port 15014
2025-04-23 14:38:45,552 [Socket Reader #6 for port 15014] INFO  ipc.Server (Server.java:run(1474)) - Starting Socket Reader #6 for port 15014
2025-04-23 14:38:45,552 [Socket Reader #7 for port 15014] INFO  ipc.Server (Server.java:run(1474)) - Starting Socket Reader #7 for port 15014
2025-04-23 14:38:45,552 [Socket Reader #8 for port 15014] INFO  ipc.Server (Server.java:run(1474)) - Starting Socket Reader #8 for port 15014
2025-04-23 14:38:45,552 [Socket Reader #9 for port 15014] INFO  ipc.Server (Server.java:run(1474)) - Starting Socket Reader #9 for port 15014
2025-04-23 14:38:45,552 [Socket Reader #10 for port 15014] INFO  ipc.Server (Server.java:run(1474)) - Starting Socket Reader #10 for port 15014
2025-04-23 14:38:45,555 [main] INFO  http.BaseHttpServer (BaseHttpServer.java:newHttpServer2BuilderForOzone(229)) - Starting Web-server for ozoneManager at: http://0.0.0.0:15015
2025-04-23 14:38:45,555 [main] INFO  http.BaseHttpServer (BaseHttpServer.java:<init>(107)) - Hadoop Security Enabled: false Ozone Security Enabled: false Ozone HTTP Security Enabled: false 
2025-04-23 14:38:45,556 [main] WARN  server.AuthenticationFilter (AuthenticationFilter.java:constructSecretProvider(240)) - Unable to initialize FileSignerSecretProvider, falling back to use random secrets. Reason: Could not read signature secret file: /home/runner/hadoop-http-auth-signature-secret
2025-04-23 14:38:45,557 [main] INFO  http.HttpServer2 (HttpServer2.java:addGlobalFilter(1041)) - Added global filter 'safety' (class=org.apache.hadoop.hdds.server.http.HttpServer2$QuotingInputFilter)
2025-04-23 14:38:45,558 [main] INFO  http.HttpServer2 (HttpServer2.java:addFilter(1017)) - Added filter static_user_filter (class=org.apache.hadoop.http.lib.StaticUserWebFilter$StaticUserFilter) to context ozoneManager
2025-04-23 14:38:45,558 [main] INFO  http.HttpServer2 (HttpServer2.java:addFilter(1025)) - Added filter static_user_filter (class=org.apache.hadoop.http.lib.StaticUserWebFilter$StaticUserFilter) to context static
2025-04-23 14:38:45,558 [main] INFO  http.HttpServer2 (HttpServer2.java:addFilter(1025)) - Added filter static_user_filter (class=org.apache.hadoop.http.lib.StaticUserWebFilter$StaticUserFilter) to context logs
2025-04-23 14:38:45,558 [main] INFO  http.BaseHttpServer (BaseHttpServer.java:<init>(195)) - HTTP server of ozoneManager uses base directory /home/runner/work/ozone/ozone/hadoop-ozone/integration-test/target/test-dir/MiniOzoneClusterImpl-68853c07-42d2-4ef8-9e75-e3a852294e6a/omNode-3/webserver
2025-04-23 14:38:45,559 [main] INFO  http.HttpServer2 (HttpServer2.java:bindListener(1241)) - Jetty bound to port 15015
2025-04-23 14:38:45,559 [main] INFO  server.Server (Server.java:doStart(375)) - jetty-9.4.57.v20241219; built: 2025-01-08T21:24:30.412Z; git: df524e6b29271c2e09ba9aea83c18dc9db464a31; jvm 21.0.7+6-LTS
2025-04-23 14:38:45,560 [main] INFO  server.session (DefaultSessionIdManager.java:doStart(334)) - DefaultSessionIdManager workerName=node0
2025-04-23 14:38:45,560 [main] INFO  server.session (DefaultSessionIdManager.java:doStart(339)) - No SessionScavenger set, using defaults
2025-04-23 14:38:45,560 [main] INFO  server.session (HouseKeeper.java:startScavenging(132)) - node0 Scavenging every 660000ms
2025-04-23 14:38:45,561 [main] INFO  handler.ContextHandler (ContextHandler.java:doStart(921)) - Started o.e.j.s.ServletContextHandler@741535e9{logs,/logs,file:///home/runner/work/ozone/ozone/hadoop-ozone/integration-test/target/log,AVAILABLE}
2025-04-23 14:38:45,561 [main] INFO  handler.ContextHandler (ContextHandler.java:doStart(921)) - Started o.e.j.s.ServletContextHandler@2d51d020{static,/static,file:///home/runner/work/ozone/ozone/hadoop-ozone/integration-test/target/test-classes/webapps/static,AVAILABLE}
2025-04-23 14:38:45,564 [main] INFO  handler.ContextHandler (ContextHandler.java:doStart(921)) - Started o.e.j.w.WebAppContext@6c077a89{ozoneManager,/,file:///home/runner/work/ozone/ozone/hadoop-ozone/integration-test/target/test-classes/webapps/ozoneManager/,AVAILABLE}{file:/home/runner/work/ozone/ozone/hadoop-ozone/integration-test/target/test-classes/webapps/ozoneManager}
2025-04-23 14:38:45,565 [main] INFO  server.AbstractConnector (AbstractConnector.java:doStart(333)) - Started ServerConnector@59df2d51{HTTP/1.1, (http/1.1)}{0.0.0.0:15015}
2025-04-23 14:38:45,565 [main] INFO  server.Server (Server.java:doStart(415)) - Started @125844ms
2025-04-23 14:38:45,565 [main] WARN  impl.MetricsSystemImpl (MetricsSystemImpl.java:register(279)) - Sink prometheus already exists!
2025-04-23 14:38:45,565 [main] INFO  http.BaseHttpServer (BaseHttpServer.java:updateConnectorAddress(360)) - HTTP server of ozoneManager listening at http://0.0.0.0:15015
2025-04-23 14:38:45,566 [IPC Server Responder] INFO  ipc.Server (Server.java:run(1713)) - IPC Server Responder: starting
2025-04-23 14:38:45,566 [IPC Server listener on 15014] INFO  ipc.Server (Server.java:run(1553)) - IPC Server listener on 15014: starting
2025-04-23 14:38:45,568 [main] INFO  om.OzoneManager (OzoneManager.java:startTrashEmptier(2257)) - Trash Interval set to 0. Files deleted won't move to trash
2025-04-23 14:38:45,568 [main] INFO  om.OzoneManager (OzoneManager.java:restart(1878)) - OzoneManager RPC server is listening at localhost/127.0.0.1:15006
2025-04-23 14:38:45,568 [main] INFO  impl.MetricsSystemImpl (MetricsSystemImpl.java:init(158)) - OzoneManager metrics system started (again)
2025-04-23 14:38:45,579 [main] WARN  server.ServerUtils (ServerUtils.java:getDBPath(297)) - ozone.om.db.dirs is not configured. We recommend adding this setting. Falling back to ozone.metadata.dirs instead.
2025-04-23 14:38:45,620 [main] INFO  om.OzoneManager (OzoneManager.java:instantiateServices(933)) - S3 Multi-Tenancy is disabled
2025-04-23 14:38:45,620 [main] INFO  om.OmSnapshotManager (OmSnapshotManager.java:<init>(180)) - Ozone filesystem snapshot feature is enabled.
2025-04-23 14:38:45,621 [main] WARN  server.ServerUtils (ServerUtils.java:getDBPath(297)) - ozone.om.snapshot.diff.db.dir is not configured. We recommend adding this setting. Falling back to ozone.metadata.dirs instead.
2025-04-23 14:38:45,639 [main] WARN  dropwizard3.Dm3MetricRegistriesImpl (Dm3MetricRegistriesImpl.java:addReporterRegistration(114)) - New reporters are added after registries were created. Some metrics will be missing from the reporter. Please add reporter before adding any new registry.
2025-04-23 14:38:45,639 [main] WARN  dropwizard3.Dm3MetricRegistriesImpl (Dm3MetricRegistriesImpl.java:addReporterRegistration(114)) - New reporters are added after registries were created. Some metrics will be missing from the reporter. Please add reporter before adding any new registry.
2025-04-23 14:38:45,640 [main] WARN  server.ServerUtils (ServerUtils.java:getDefaultRatisDirectory(309)) - Storage directory for Ratis is not configured. It is a good idea to map this to an SSD disk. Falling back to ozone.metadata.dirs
2025-04-23 14:38:45,640 [main] INFO  server.RaftServerConfigKeys (ConfUtils.java:logGet(46)) - raft.server.log.appender.buffer.byte-limit = 4194304 (custom)
2025-04-23 14:38:45,641 [main] INFO  ratis.OzoneManagerRatisServer (OzoneManagerRatisServer.java:<init>(167)) - Instantiating OM Ratis server with groupID: om-service-test1 and peers: localhost:15009, localhost:15017, localhost:15013
2025-04-23 14:38:45,641 [main] INFO  ratis.OzoneManagerStateMachine (OzoneManagerStateMachine.java:loadSnapshotInfoFromDB(611)) - LastAppliedIndex is set from TransactionInfo from OM DB as (t:12, i:310)
2025-04-23 14:38:45,642 [main] INFO  server.RaftServer (ConfUtils.java:logGet(46)) - raft.rpc.type = GRPC (default)
2025-04-23 14:38:45,642 [main] INFO  grpc.GrpcConfigKeys (ConfUtils.java:logFallback(53)) - raft.grpc.admin.host = null (fallback to raft.grpc.server.host)
2025-04-23 14:38:45,642 [main] INFO  grpc.GrpcConfigKeys (ConfUtils.java:logFallback(53)) - raft.grpc.admin.port = 15009 (fallback to raft.grpc.server.port)
2025-04-23 14:38:45,642 [main] INFO  grpc.GrpcConfigKeys (ConfUtils.java:logFallback(53)) - raft.grpc.client.host = null (fallback to raft.grpc.server.host)
2025-04-23 14:38:45,642 [main] INFO  grpc.GrpcConfigKeys (ConfUtils.java:logFallback(53)) - raft.grpc.client.port = 15009 (fallback to raft.grpc.server.port)
2025-04-23 14:38:45,642 [main] INFO  grpc.GrpcConfigKeys (ConfUtils.java:logGet(46)) - raft.grpc.server.host = null (default)
2025-04-23 14:38:45,642 [main] INFO  grpc.GrpcConfigKeys (ConfUtils.java:logGet(46)) - raft.grpc.server.port = 15009 (custom)
2025-04-23 14:38:45,642 [main] INFO  server.GrpcService (ConfUtils.java:logGet(46)) - raft.grpc.message.size.max = 5242880 (custom)
2025-04-23 14:38:45,642 [main] INFO  server.GrpcService (ConfUtils.java:logGet(46)) - raft.grpc.flow.control.window = 1MB (=1048576) (default)
2025-04-23 14:38:45,642 [main] INFO  server.RaftServerConfigKeys (ConfUtils.java:logGet(46)) - raft.server.rpc.request.timeout = 3000ms (default)
2025-04-23 14:38:45,643 [main] INFO  grpc.GrpcConfigKeys (ConfUtils.java:logGet(46)) - raft.grpc.server.heartbeat.channel = true (default)
2025-04-23 14:38:45,643 [main] INFO  server.RaftServerConfigKeys (ConfUtils.java:logGet(46)) - raft.server.log.appender.buffer.byte-limit = 4194304 (custom)
2025-04-23 14:38:45,643 [main] INFO  grpc.GrpcConfigKeys (ConfUtils.java:logGet(46)) - raft.grpc.server.async.request.thread.pool.cached = true (default)
2025-04-23 14:38:45,643 [main] INFO  grpc.GrpcConfigKeys (ConfUtils.java:logGet(46)) - raft.grpc.server.async.request.thread.pool.size = 32 (default)
2025-04-23 14:38:45,644 [main] INFO  impl.DataStreamServerImpl (ConfUtils.java:logGet(46)) - raft.datastream.type = DISABLED (default)
2025-04-23 14:38:45,644 [main] INFO  server.RaftServerConfigKeys (ConfUtils.java:logGet(46)) - raft.server.sleep.deviation.threshold = 300ms (default)
2025-04-23 14:38:45,644 [main] INFO  server.RaftServerConfigKeys (ConfUtils.java:logGet(46)) - raft.server.close.threshold = 60s (default)
2025-04-23 14:38:45,644 [main] INFO  server.RaftServerConfigKeys (ConfUtils.java:logGet(46)) - raft.server.leaderelection.leader.step-down.wait-time = 10s (default)
2025-04-23 14:38:45,644 [main] INFO  server.RaftServerConfigKeys (ConfUtils.java:logGet(46)) - raft.server.storage.dir = [/home/runner/work/ozone/ozone/hadoop-ozone/integration-test/target/test-dir/MiniOzoneClusterImpl-68853c07-42d2-4ef8-9e75-e3a852294e6a/omNode-1/ratis] (custom)
2025-04-23 14:38:45,644 [main] INFO  server.RaftServerConfigKeys (ConfUtils.java:logGet(46)) - raft.server.threadpool.proxy.cached = true (default)
2025-04-23 14:38:45,644 [main] INFO  server.RaftServerConfigKeys (ConfUtils.java:logGet(46)) - raft.server.threadpool.proxy.size = 0 (default)
2025-04-23 14:38:45,645 [omNode-1-impl-thread1] INFO  server.RaftServer (RaftServerProxy.java:initGroupDir(265)) - omNode-1: found a subdirectory /home/runner/work/ozone/ozone/hadoop-ozone/integration-test/target/test-dir/MiniOzoneClusterImpl-68853c07-42d2-4ef8-9e75-e3a852294e6a/omNode-1/ratis/c9bc4cf4-3bc3-3c60-a66b-523986131536
2025-04-23 14:38:45,645 [main] INFO  server.RaftServer (RaftServerProxy.java:addNew(100)) - omNode-1: addNew group-523986131536:[omNode-3|localhost:15017, omNode-1|localhost:15009, omNode-2|localhost:15013] returns group-523986131536:java.util.concurrent.CompletableFuture@3891bda3[Not completed]
2025-04-23 14:38:45,645 [omNode-1-groupManagement] INFO  server.RaftServer$Division (RaftServerImpl.java:<init>(255)) - omNode-1: new RaftServerImpl for group-523986131536:[omNode-3|localhost:15017, omNode-1|localhost:15009, omNode-2|localhost:15013] with OzoneManagerStateMachine:uninitialized
2025-04-23 14:38:45,645 [omNode-1-groupManagement] INFO  server.RaftServerConfigKeys (ConfUtils.java:logGet(46)) - raft.server.rpc.timeout.min = 1s (custom)
2025-04-23 14:38:45,645 [omNode-1-groupManagement] INFO  server.RaftServerConfigKeys (ConfUtils.java:logGet(46)) - raft.server.rpc.timeout.max = 1200ms (custom)
2025-04-23 14:38:45,645 [main] INFO  om.OzoneManager (OzoneManager.java:initializeRatisServer(2303)) - OzoneManager Ratis server initialized at port 15009
2025-04-23 14:38:45,646 [main] INFO  ratis.OzoneManagerRatisServer (OzoneManagerRatisServer.java:start(628)) - Starting OzoneManagerRatisServer omNode-1 at port 15009
2025-04-23 14:38:45,645 [omNode-1-groupManagement] INFO  server.RaftServerConfigKeys (ConfUtils.java:logGet(46)) - raft.server.rpc.sleep.time = 25ms (default)
2025-04-23 14:38:45,646 [omNode-1-groupManagement] INFO  server.RaftServerConfigKeys (ConfUtils.java:logGet(46)) - raft.server.rpc.slowness.timeout = 2s (custom)
2025-04-23 14:38:45,646 [omNode-1-groupManagement] INFO  server.RaftServerConfigKeys (ConfUtils.java:logGet(46)) - raft.server.leaderelection.leader.step-down.wait-time = 10s (default)
2025-04-23 14:38:45,646 [omNode-1-groupManagement] INFO  server.RaftServerConfigKeys (ConfUtils.java:logGet(46)) - raft.server.leaderelection.member.majority-add = false (default)
2025-04-23 14:38:45,646 [omNode-1-groupManagement] INFO  server.RaftServerConfigKeys (ConfUtils.java:logGet(46)) - raft.server.sleep.deviation.threshold = 300ms (default)
2025-04-23 14:38:45,646 [omNode-1-groupManagement] INFO  server.RaftServer$Division (ServerState.java:<init>(114)) - omNode-1@group-523986131536: ConfigurationManager, init=conf: {index: -1, cur=peers:[omNode-3|localhost:15017, omNode-1|localhost:15009, omNode-2|localhost:15013]|listeners:[], old=null}, confs=<EMPTY_MAP>
2025-04-23 14:38:45,646 [omNode-1-groupManagement] INFO  server.RaftServerConfigKeys (ConfUtils.java:logGet(46)) - raft.server.notification.no-leader.timeout = 2s (custom)
2025-04-23 14:38:45,646 [omNode-1-groupManagement] INFO  server.RaftServerConfigKeys (ConfUtils.java:logGet(46)) - raft.server.read.timeout = 10s (default)
2025-04-23 14:38:45,646 [omNode-1-groupManagement] INFO  server.RaftServerConfigKeys (ConfUtils.java:logGet(46)) - raft.server.retrycache.expirytime = 30000ms (custom)
2025-04-23 14:38:45,646 [omNode-1-groupManagement] INFO  server.RaftServerConfigKeys (ConfUtils.java:logGet(46)) - raft.server.retrycache.statistics.expirytime = 100ms (default)
2025-04-23 14:38:45,646 [omNode-1-groupManagement] INFO  server.RaftServerConfigKeys (ConfUtils.java:logGet(46)) - raft.server.read.option = DEFAULT (default)
2025-04-23 14:38:45,646 [omNode-1-groupManagement] INFO  server.RaftServerConfigKeys (ConfUtils.java:logGet(46)) - raft.server.read.read-after-write-consistent.write-index-cache.expiry-time = 60s (default)
2025-04-23 14:38:45,648 [omNode-1-groupManagement] INFO  server.RaftServerConfigKeys (ConfUtils.java:logGet(46)) - raft.server.rpc.request.timeout = 3000ms (default)
2025-04-23 14:38:45,648 [omNode-1-groupManagement] INFO  server.RaftServerConfigKeys (ConfUtils.java:logGet(46)) - raft.server.log.appender.install.snapshot.enabled = false (custom)
2025-04-23 14:38:45,648 [omNode-1-groupManagement] INFO  server.RaftServerConfigKeys (ConfUtils.java:logGet(46)) - raft.server.threadpool.server.cached = true (default)
2025-04-23 14:38:45,648 [omNode-1-groupManagement] INFO  server.RaftServerConfigKeys (ConfUtils.java:logGet(46)) - raft.server.threadpool.server.size = 0 (default)
2025-04-23 14:38:45,648 [omNode-1-groupManagement] INFO  server.RaftServerConfigKeys (ConfUtils.java:logGet(46)) - raft.server.threadpool.client.cached = true (default)
2025-04-23 14:38:45,648 [omNode-1-groupManagement] INFO  server.RaftServerConfigKeys (ConfUtils.java:logGet(46)) - raft.server.threadpool.client.size = 0 (default)
2025-04-23 14:38:45,648 [omNode-1-impl-thread1] INFO  server.RaftServerConfigKeys (ConfUtils.java:logGet(46)) - raft.server.storage.free-space.min = 0MB (=0) (default)
2025-04-23 14:38:45,648 [omNode-1-impl-thread1] INFO  server.RaftServerConfigKeys (ConfUtils.java:logGet(46)) - raft.server.log.corruption.policy = EXCEPTION (default)
2025-04-23 14:38:45,648 [omNode-1-impl-thread1] INFO  server.RaftServerConfigKeys (ConfUtils.java:logGet(46)) - raft.server.storage.dir = [/home/runner/work/ozone/ozone/hadoop-ozone/integration-test/target/test-dir/MiniOzoneClusterImpl-68853c07-42d2-4ef8-9e75-e3a852294e6a/omNode-1/ratis] (custom)
2025-04-23 14:38:45,650 [omNode-1-impl-thread1] INFO  storage.RaftStorageDirectory (RaftStorageDirectoryImpl.java:tryLock(229)) - Lock on /home/runner/work/ozone/ozone/hadoop-ozone/integration-test/target/test-dir/MiniOzoneClusterImpl-68853c07-42d2-4ef8-9e75-e3a852294e6a/omNode-1/ratis/c9bc4cf4-3bc3-3c60-a66b-523986131536/in_use.lock acquired by nodename 129558@fv-az1120-822
2025-04-23 14:38:45,650 [omNode-1-impl-thread1] INFO  storage.RaftStorage (RaftStorageImpl.java:analyzeAndRecoverStorage(118)) - Read RaftStorageMetadata{term=12, votedFor=omNode-2} from /home/runner/work/ozone/ozone/hadoop-ozone/integration-test/target/test-dir/MiniOzoneClusterImpl-68853c07-42d2-4ef8-9e75-e3a852294e6a/omNode-1/ratis/c9bc4cf4-3bc3-3c60-a66b-523986131536/current/raft-meta
2025-04-23 14:38:45,650 [omNode-1-impl-thread1] INFO  server.RaftServer$Division (ServerState.java:setRaftConf(386)) - omNode-1@group-523986131536: set configuration conf: {index: 309, cur=peers:[omNode-3|localhost:15017, omNode-1|localhost:15009, omNode-2|localhost:15013]|listeners:[], old=null}
2025-04-23 14:38:45,650 [omNode-1-impl-thread1] INFO  ratis.OzoneManagerStateMachine (OzoneManagerStateMachine.java:lambda$0(138)) - omNode-1: initialize group-523986131536 with (t:12, i:310)
2025-04-23 14:38:45,650 [omNode-1-impl-thread1] INFO  server.RaftServerConfigKeys (ConfUtils.java:logGet(46)) - raft.server.log.use.memory = false (default)
2025-04-23 14:38:45,651 [omNode-1-impl-thread1] INFO  server.RaftServerConfigKeys (ConfUtils.java:logGet(46)) - raft.server.log.purge.gap = 50 (custom)
2025-04-23 14:38:45,651 [omNode-1-impl-thread1] INFO  server.RaftServerConfigKeys (ConfUtils.java:logGet(46)) - raft.server.log.appender.buffer.byte-limit = 4194304 (custom)
2025-04-23 14:38:45,651 [omNode-1-impl-thread1] INFO  server.RaftServerConfigKeys (ConfUtils.java:logGet(46)) - raft.server.log.statemachine.data.read.timeout = 1000ms (default)
2025-04-23 14:38:45,651 [omNode-1-impl-thread1] INFO  server.RaftServerConfigKeys (ConfUtils.java:logGet(46)) - raft.server.log.purge.preservation.log.num = 0 (default)
2025-04-23 14:38:45,651 [omNode-1-impl-thread1] INFO  server.RaftServerConfigKeys (ConfUtils.java:logGet(46)) - raft.server.log.segment.size.max = 4194304 (custom)
2025-04-23 14:38:45,651 [omNode-1-impl-thread1] INFO  server.RaftServerConfigKeys (ConfUtils.java:logGet(46)) - raft.server.log.segment.cache.num.max = 2 (custom)
2025-04-23 14:38:45,651 [omNode-1-impl-thread1] INFO  server.RaftServerConfigKeys (ConfUtils.java:logGet(46)) - raft.server.log.segment.cache.size.max = 200MB (=209715200) (default)
2025-04-23 14:38:45,652 [omNode-1-impl-thread1] INFO  server.RaftServerConfigKeys (ConfUtils.java:logGet(46)) - raft.server.log.appender.buffer.byte-limit = 4194304 (custom)
2025-04-23 14:38:45,652 [omNode-1-impl-thread1] INFO  util.AwaitToRun (AwaitToRun.java:start(81)) - Thread[#5663,omNode-1@group-523986131536-cacheEviction-AwaitToRun,5,main] started
2025-04-23 14:38:45,652 [omNode-1-impl-thread1] INFO  segmented.SegmentedRaftLogWorker (SegmentedRaftLogWorker.java:<init>(188)) - new omNode-1@group-523986131536-SegmentedRaftLogWorker for RaftStorageImpl:Storage Directory /home/runner/work/ozone/ozone/hadoop-ozone/integration-test/target/test-dir/MiniOzoneClusterImpl-68853c07-42d2-4ef8-9e75-e3a852294e6a/omNode-1/ratis/c9bc4cf4-3bc3-3c60-a66b-523986131536
2025-04-23 14:38:45,652 [omNode-1-impl-thread1] INFO  server.RaftServerConfigKeys (ConfUtils.java:logGet(46)) - raft.server.log.queue.byte-limit = 64MB (=67108864) (default)
2025-04-23 14:38:45,652 [omNode-1-impl-thread1] INFO  server.RaftServerConfigKeys (ConfUtils.java:logGet(46)) - raft.server.log.queue.element-limit = 4096 (default)
2025-04-23 14:38:45,652 [omNode-1-impl-thread1] INFO  server.RaftServerConfigKeys (ConfUtils.java:logGet(46)) - raft.server.log.segment.size.max = 4194304 (custom)
2025-04-23 14:38:45,652 [omNode-1-impl-thread1] INFO  server.RaftServerConfigKeys (ConfUtils.java:logGet(46)) - raft.server.log.preallocated.size = 4194304 (custom)
2025-04-23 14:38:45,652 [omNode-1-impl-thread1] INFO  server.RaftServerConfigKeys (ConfUtils.java:logGet(46)) - raft.server.log.force.sync.num = 128 (default)
2025-04-23 14:38:45,652 [omNode-1-impl-thread1] INFO  server.RaftServerConfigKeys (ConfUtils.java:logGet(46)) - raft.server.log.statemachine.data.sync = true (default)
2025-04-23 14:38:45,652 [omNode-1-impl-thread1] INFO  server.RaftServerConfigKeys (ConfUtils.java:logGet(46)) - raft.server.log.statemachine.data.sync.timeout = 10s (default)
2025-04-23 14:38:45,652 [omNode-1-impl-thread1] INFO  server.RaftServerConfigKeys (ConfUtils.java:logGet(46)) - raft.server.log.statemachine.data.sync.timeout.retry = -1 (default)
2025-04-23 14:38:45,652 [omNode-1-impl-thread1] INFO  server.RaftServerConfigKeys (ConfUtils.java:logGet(46)) - raft.server.log.write.buffer.size = 4194312 (custom)
2025-04-23 14:38:45,654 [omNode-1-impl-thread1] INFO  server.RaftServerConfigKeys (ConfUtils.java:logGet(46)) - raft.server.log.appender.buffer.byte-limit = 4194304 (custom)
2025-04-23 14:38:45,654 [omNode-1-impl-thread1] INFO  server.RaftServerConfigKeys (ConfUtils.java:logGet(46)) - raft.server.log.unsafe-flush.enabled = false (default)
2025-04-23 14:38:45,654 [omNode-1-impl-thread1] INFO  server.RaftServerConfigKeys (ConfUtils.java:logGet(46)) - raft.server.log.async-flush.enabled = false (default)
2025-04-23 14:38:45,654 [omNode-1-impl-thread1] INFO  server.RaftServerConfigKeys (ConfUtils.java:logGet(46)) - raft.server.log.statemachine.data.caching.enabled = false (default)
2025-04-23 14:38:45,654 [omNode-1-impl-thread1] INFO  server.RaftServer$Division (ServerState.java:setRaftConf(386)) - omNode-1@group-523986131536: set configuration conf: {index: 107, cur=peers:[omNode-3|localhost:15017, omNode-1|localhost:15009, omNode-2|localhost:15013]|listeners:[], old=null}
2025-04-23 14:38:45,656 [omNode-1-impl-thread1] INFO  segmented.LogSegment (LogSegment.java:loadSegment(171)) - Successfully read 202 entries from segment file /home/runner/work/ozone/ozone/hadoop-ozone/integration-test/target/test-dir/MiniOzoneClusterImpl-68853c07-42d2-4ef8-9e75-e3a852294e6a/omNode-1/ratis/c9bc4cf4-3bc3-3c60-a66b-523986131536/current/log_107-308
2025-04-23 14:38:45,656 [omNode-1-impl-thread1] INFO  server.RaftServer$Division (ServerState.java:setRaftConf(386)) - omNode-1@group-523986131536: set configuration conf: {index: 309, cur=peers:[omNode-3|localhost:15017, omNode-1|localhost:15009, omNode-2|localhost:15013]|listeners:[], old=null}
2025-04-23 14:38:45,656 [omNode-1-impl-thread1] INFO  segmented.LogSegment (LogSegment.java:loadSegment(171)) - Successfully read 2 entries from segment file /home/runner/work/ozone/ozone/hadoop-ozone/integration-test/target/test-dir/MiniOzoneClusterImpl-68853c07-42d2-4ef8-9e75-e3a852294e6a/omNode-1/ratis/c9bc4cf4-3bc3-3c60-a66b-523986131536/current/log_inprogress_309
2025-04-23 14:38:45,656 [omNode-1-impl-thread1] INFO  segmented.SegmentedRaftLogWorker (SegmentedRaftLogWorker.java:lambda$new$0(139)) - omNode-1@group-523986131536-SegmentedRaftLogWorker: flushIndex: setUnconditionally 0 -> 310
2025-04-23 14:38:45,656 [omNode-1-impl-thread1] INFO  segmented.SegmentedRaftLogWorker (SegmentedRaftLogWorker.java:lambda$new$0(139)) - omNode-1@group-523986131536-SegmentedRaftLogWorker: safeCacheEvictIndex: setUnconditionally 0 -> 308
2025-04-23 14:38:45,656 [omNode-1-impl-thread1] INFO  segmented.BufferedWriteChannel (BufferedWriteChannel.java:open(61)) - open log_inprogress_309 (append) at position 128
2025-04-23 14:38:45,657 [omNode-1-impl-thread1] INFO  raftlog.RaftLog (RaftLogBase.java:lambda$new$0(54)) - omNode-1@group-523986131536-SegmentedRaftLog: purgeIndex: updateToMax old=-1, new=106, updated? true
2025-04-23 14:38:45,657 [omNode-1-impl-thread1] INFO  server.RaftServer$Division (RaftServerImpl.java:start(391)) - omNode-1@group-523986131536: start as a follower, conf=conf: {index: 309, cur=peers:[omNode-3|localhost:15017, omNode-1|localhost:15009, omNode-2|localhost:15013]|listeners:[], old=null}
2025-04-23 14:38:45,657 [omNode-1-impl-thread1] INFO  server.RaftServer$Division (RaftServerImpl.java:setRole(378)) - omNode-1@group-523986131536: changes role from      null to FOLLOWER at term 12 for startAsFollower
2025-04-23 14:38:45,657 [omNode-1-impl-thread1] INFO  impl.RoleInfo (RoleInfo.java:updateAndGet(148)) - omNode-1: start omNode-1@group-523986131536-FollowerState
2025-04-23 14:38:45,657 [omNode-1-impl-thread1] INFO  util.JmxRegister (JmxRegister.java:tryRegister(44)) - Successfully registered JMX Bean with object name Ratis:service=RaftServer,group=group-523986131536,id=omNode-1
2025-04-23 14:38:45,657 [omNode-1-impl-thread1] INFO  util.JmxRegister (JmxRegister.java:register(58)) - register mxBean class org.apache.ratis.server.impl.RaftServerJmxAdapter as Ratis:service=RaftServer,group=group-523986131536,id=omNode-1
2025-04-23 14:38:45,657 [omNode-1-impl-thread1] INFO  server.RaftServerConfigKeys (ConfUtils.java:logGet(46)) - raft.server.snapshot.trigger-when-stop.enabled = true (default)
2025-04-23 14:38:45,657 [omNode-1-impl-thread1] INFO  server.RaftServerConfigKeys (ConfUtils.java:logGet(46)) - raft.server.snapshot.trigger-when-remove.enabled = true (default)
2025-04-23 14:38:45,657 [omNode-1-impl-thread1] INFO  server.RaftServerConfigKeys (ConfUtils.java:logGet(46)) - raft.server.snapshot.auto.trigger.enabled = true (custom)
2025-04-23 14:38:45,657 [omNode-1-impl-thread1] INFO  server.RaftServerConfigKeys (ConfUtils.java:logGet(46)) - raft.server.snapshot.auto.trigger.threshold = 50 (custom)
2025-04-23 14:38:45,657 [omNode-1-impl-thread1] INFO  server.RaftServerConfigKeys (ConfUtils.java:logGet(46)) - raft.server.snapshot.retention.file.num = -1 (default)
2025-04-23 14:38:45,657 [omNode-1-impl-thread1] INFO  server.RaftServerConfigKeys (ConfUtils.java:logGet(46)) - raft.server.log.purge.upto.snapshot.index = true (custom)
2025-04-23 14:38:45,658 [omNode-1@group-523986131536-FollowerState] INFO  server.RaftServerConfigKeys (ConfUtils.java:logFallback(53)) - raft.server.rpc.first-election.timeout.min = 1s (fallback to raft.server.rpc.timeout.min)
2025-04-23 14:38:45,658 [omNode-1@group-523986131536-FollowerState] INFO  server.RaftServerConfigKeys (ConfUtils.java:logFallback(53)) - raft.server.rpc.first-election.timeout.max = 1200ms (fallback to raft.server.rpc.timeout.max)
2025-04-23 14:38:45,658 [omNode-1-impl-thread1] INFO  server.RaftServer$Division (RaftServerImpl.java:start(405)) - omNode-1@group-523986131536: Successfully started.
2025-04-23 14:38:45,658 [main] INFO  server.RaftServer (RaftServerProxy.java:startImpl(407)) - omNode-1: start RPC server
2025-04-23 14:38:45,659 [main] INFO  server.GrpcService (GrpcService.java:startImpl(334)) - omNode-1: GrpcService started, listening on 15009
2025-04-23 14:38:45,659 [main] INFO  om.OzoneManager (OzoneManager.java:getRpcServer(1360)) - Creating RPC Server
2025-04-23 14:38:45,659 [JvmPauseMonitor30] INFO  util.JvmPauseMonitor (JvmPauseMonitor.java:run(146)) - JvmPauseMonitor-omNode-1: Started
2025-04-23 14:38:45,994 [main] INFO  reflections.Reflections (Reflections.java:scan(219)) - Reflections took 334 ms to scan 22 urls, producing 61 keys and 7422 values
2025-04-23 14:38:45,995 [main] INFO  ipc.CallQueueManager (CallQueueManager.java:<init>(93)) - Using callQueue: class java.util.concurrent.LinkedBlockingQueue, queueCapacity: 2000, scheduler: class org.apache.hadoop.ipc.DefaultRpcScheduler, ipcBackoff: false, ipcFailOver: false.
2025-04-23 14:38:45,995 [main] INFO  ipc.Server (Server.java:<init>(1438)) - Listener at localhost:15006
2025-04-23 14:38:45,996 [Socket Reader #1 for port 15006] INFO  ipc.Server (Server.java:run(1474)) - Starting Socket Reader #1 for port 15006
2025-04-23 14:38:45,996 [Socket Reader #2 for port 15006] INFO  ipc.Server (Server.java:run(1474)) - Starting Socket Reader #2 for port 15006
2025-04-23 14:38:45,996 [Socket Reader #3 for port 15006] INFO  ipc.Server (Server.java:run(1474)) - Starting Socket Reader #3 for port 15006
2025-04-23 14:38:45,996 [Socket Reader #4 for port 15006] INFO  ipc.Server (Server.java:run(1474)) - Starting Socket Reader #4 for port 15006
2025-04-23 14:38:45,996 [Socket Reader #5 for port 15006] INFO  ipc.Server (Server.java:run(1474)) - Starting Socket Reader #5 for port 15006
2025-04-23 14:38:45,996 [Socket Reader #6 for port 15006] INFO  ipc.Server (Server.java:run(1474)) - Starting Socket Reader #6 for port 15006
2025-04-23 14:38:45,997 [Socket Reader #7 for port 15006] INFO  ipc.Server (Server.java:run(1474)) - Starting Socket Reader #7 for port 15006
2025-04-23 14:38:45,997 [Socket Reader #8 for port 15006] INFO  ipc.Server (Server.java:run(1474)) - Starting Socket Reader #8 for port 15006
2025-04-23 14:38:45,997 [Socket Reader #9 for port 15006] INFO  ipc.Server (Server.java:run(1474)) - Starting Socket Reader #9 for port 15006
2025-04-23 14:38:45,997 [Socket Reader #10 for port 15006] INFO  ipc.Server (Server.java:run(1474)) - Starting Socket Reader #10 for port 15006
2025-04-23 14:38:45,999 [main] INFO  http.BaseHttpServer (BaseHttpServer.java:newHttpServer2BuilderForOzone(229)) - Starting Web-server for ozoneManager at: http://0.0.0.0:15007
2025-04-23 14:38:45,999 [main] INFO  http.BaseHttpServer (BaseHttpServer.java:<init>(107)) - Hadoop Security Enabled: false Ozone Security Enabled: false Ozone HTTP Security Enabled: false 
2025-04-23 14:38:46,000 [main] WARN  server.AuthenticationFilter (AuthenticationFilter.java:constructSecretProvider(240)) - Unable to initialize FileSignerSecretProvider, falling back to use random secrets. Reason: Could not read signature secret file: /home/runner/hadoop-http-auth-signature-secret
2025-04-23 14:38:46,002 [main] INFO  http.HttpServer2 (HttpServer2.java:addGlobalFilter(1041)) - Added global filter 'safety' (class=org.apache.hadoop.hdds.server.http.HttpServer2$QuotingInputFilter)
2025-04-23 14:38:46,002 [main] INFO  http.HttpServer2 (HttpServer2.java:addFilter(1017)) - Added filter static_user_filter (class=org.apache.hadoop.http.lib.StaticUserWebFilter$StaticUserFilter) to context ozoneManager
2025-04-23 14:38:46,002 [main] INFO  http.HttpServer2 (HttpServer2.java:addFilter(1025)) - Added filter static_user_filter (class=org.apache.hadoop.http.lib.StaticUserWebFilter$StaticUserFilter) to context logs
2025-04-23 14:38:46,002 [main] INFO  http.HttpServer2 (HttpServer2.java:addFilter(1025)) - Added filter static_user_filter (class=org.apache.hadoop.http.lib.StaticUserWebFilter$StaticUserFilter) to context static
2025-04-23 14:38:46,003 [main] INFO  http.BaseHttpServer (BaseHttpServer.java:<init>(195)) - HTTP server of ozoneManager uses base directory /home/runner/work/ozone/ozone/hadoop-ozone/integration-test/target/test-dir/MiniOzoneClusterImpl-68853c07-42d2-4ef8-9e75-e3a852294e6a/omNode-1/webserver
2025-04-23 14:38:46,003 [main] INFO  http.HttpServer2 (HttpServer2.java:bindListener(1241)) - Jetty bound to port 15007
2025-04-23 14:38:46,003 [main] INFO  server.Server (Server.java:doStart(375)) - jetty-9.4.57.v20241219; built: 2025-01-08T21:24:30.412Z; git: df524e6b29271c2e09ba9aea83c18dc9db464a31; jvm 21.0.7+6-LTS
2025-04-23 14:38:46,004 [main] INFO  server.session (DefaultSessionIdManager.java:doStart(334)) - DefaultSessionIdManager workerName=node0
2025-04-23 14:38:46,004 [main] INFO  server.session (DefaultSessionIdManager.java:doStart(339)) - No SessionScavenger set, using defaults
2025-04-23 14:38:46,004 [main] INFO  server.session (HouseKeeper.java:startScavenging(132)) - node0 Scavenging every 660000ms
2025-04-23 14:38:46,005 [main] INFO  handler.ContextHandler (ContextHandler.java:doStart(921)) - Started o.e.j.s.ServletContextHandler@4437be97{logs,/logs,file:///home/runner/work/ozone/ozone/hadoop-ozone/integration-test/target/log,AVAILABLE}
2025-04-23 14:38:46,005 [main] INFO  handler.ContextHandler (ContextHandler.java:doStart(921)) - Started o.e.j.s.ServletContextHandler@787002ab{static,/static,file:///home/runner/work/ozone/ozone/hadoop-ozone/integration-test/target/test-classes/webapps/static,AVAILABLE}
2025-04-23 14:38:46,008 [main] INFO  handler.ContextHandler (ContextHandler.java:doStart(921)) - Started o.e.j.w.WebAppContext@5ff6e0e1{ozoneManager,/,file:///home/runner/work/ozone/ozone/hadoop-ozone/integration-test/target/test-classes/webapps/ozoneManager/,AVAILABLE}{file:/home/runner/work/ozone/ozone/hadoop-ozone/integration-test/target/test-classes/webapps/ozoneManager}
2025-04-23 14:38:46,009 [main] INFO  server.AbstractConnector (AbstractConnector.java:doStart(333)) - Started ServerConnector@73823d54{HTTP/1.1, (http/1.1)}{0.0.0.0:15007}
2025-04-23 14:38:46,009 [main] INFO  server.Server (Server.java:doStart(415)) - Started @126288ms
2025-04-23 14:38:46,009 [main] WARN  impl.MetricsSystemImpl (MetricsSystemImpl.java:register(279)) - Sink prometheus already exists!
2025-04-23 14:38:46,009 [main] INFO  http.BaseHttpServer (BaseHttpServer.java:updateConnectorAddress(360)) - HTTP server of ozoneManager listening at http://0.0.0.0:15007
2025-04-23 14:38:46,009 [IPC Server Responder] INFO  ipc.Server (Server.java:run(1713)) - IPC Server Responder: starting
2025-04-23 14:38:46,010 [IPC Server listener on 15006] INFO  ipc.Server (Server.java:run(1553)) - IPC Server listener on 15006: starting
2025-04-23 14:38:46,012 [main] INFO  om.OzoneManager (OzoneManager.java:startTrashEmptier(2257)) - Trash Interval set to 0. Files deleted won't move to trash
2025-04-23 14:38:46,012 [main] INFO  om.OzoneManager (OzoneManager.java:restart(1878)) - OzoneManager RPC server is listening at localhost/127.0.0.1:15010
2025-04-23 14:38:46,012 [main] INFO  impl.MetricsSystemImpl (MetricsSystemImpl.java:init(158)) - OzoneManager metrics system started (again)
2025-04-23 14:38:46,023 [main] WARN  server.ServerUtils (ServerUtils.java:getDBPath(297)) - ozone.om.db.dirs is not configured. We recommend adding this setting. Falling back to ozone.metadata.dirs instead.
2025-04-23 14:38:46,062 [main] INFO  om.OzoneManager (OzoneManager.java:instantiateServices(933)) - S3 Multi-Tenancy is disabled
2025-04-23 14:38:46,062 [main] INFO  om.OmSnapshotManager (OmSnapshotManager.java:<init>(180)) - Ozone filesystem snapshot feature is enabled.
2025-04-23 14:38:46,062 [main] WARN  server.ServerUtils (ServerUtils.java:getDBPath(297)) - ozone.om.snapshot.diff.db.dir is not configured. We recommend adding this setting. Falling back to ozone.metadata.dirs instead.
2025-04-23 14:38:46,078 [main] WARN  dropwizard3.Dm3MetricRegistriesImpl (Dm3MetricRegistriesImpl.java:addReporterRegistration(114)) - New reporters are added after registries were created. Some metrics will be missing from the reporter. Please add reporter before adding any new registry.
2025-04-23 14:38:46,078 [main] WARN  dropwizard3.Dm3MetricRegistriesImpl (Dm3MetricRegistriesImpl.java:addReporterRegistration(114)) - New reporters are added after registries were created. Some metrics will be missing from the reporter. Please add reporter before adding any new registry.
2025-04-23 14:38:46,078 [main] WARN  server.ServerUtils (ServerUtils.java:getDefaultRatisDirectory(309)) - Storage directory for Ratis is not configured. It is a good idea to map this to an SSD disk. Falling back to ozone.metadata.dirs
2025-04-23 14:38:46,078 [main] INFO  server.RaftServerConfigKeys (ConfUtils.java:logGet(46)) - raft.server.log.appender.buffer.byte-limit = 4194304 (custom)
2025-04-23 14:38:46,079 [main] INFO  ratis.OzoneManagerRatisServer (OzoneManagerRatisServer.java:<init>(167)) - Instantiating OM Ratis server with groupID: om-service-test1 and peers: localhost:15013, localhost:15017, localhost:15009
2025-04-23 14:38:46,079 [main] INFO  ratis.OzoneManagerStateMachine (OzoneManagerStateMachine.java:loadSnapshotInfoFromDB(611)) - LastAppliedIndex is set from TransactionInfo from OM DB as (t:12, i:310)
2025-04-23 14:38:46,080 [main] INFO  server.RaftServer (ConfUtils.java:logGet(46)) - raft.rpc.type = GRPC (default)
2025-04-23 14:38:46,080 [main] INFO  grpc.GrpcConfigKeys (ConfUtils.java:logFallback(53)) - raft.grpc.admin.host = null (fallback to raft.grpc.server.host)
2025-04-23 14:38:46,080 [main] INFO  grpc.GrpcConfigKeys (ConfUtils.java:logFallback(53)) - raft.grpc.admin.port = 15013 (fallback to raft.grpc.server.port)
2025-04-23 14:38:46,080 [main] INFO  grpc.GrpcConfigKeys (ConfUtils.java:logFallback(53)) - raft.grpc.client.host = null (fallback to raft.grpc.server.host)
2025-04-23 14:38:46,080 [main] INFO  grpc.GrpcConfigKeys (ConfUtils.java:logFallback(53)) - raft.grpc.client.port = 15013 (fallback to raft.grpc.server.port)
2025-04-23 14:38:46,080 [main] INFO  grpc.GrpcConfigKeys (ConfUtils.java:logGet(46)) - raft.grpc.server.host = null (default)
2025-04-23 14:38:46,081 [main] INFO  grpc.GrpcConfigKeys (ConfUtils.java:logGet(46)) - raft.grpc.server.port = 15013 (custom)
2025-04-23 14:38:46,081 [main] INFO  server.GrpcService (ConfUtils.java:logGet(46)) - raft.grpc.message.size.max = 5242880 (custom)
2025-04-23 14:38:46,081 [main] INFO  server.GrpcService (ConfUtils.java:logGet(46)) - raft.grpc.flow.control.window = 1MB (=1048576) (default)
2025-04-23 14:38:46,081 [main] INFO  server.RaftServerConfigKeys (ConfUtils.java:logGet(46)) - raft.server.rpc.request.timeout = 3000ms (default)
2025-04-23 14:38:46,081 [main] INFO  grpc.GrpcConfigKeys (ConfUtils.java:logGet(46)) - raft.grpc.server.heartbeat.channel = true (default)
2025-04-23 14:38:46,081 [main] INFO  server.RaftServerConfigKeys (ConfUtils.java:logGet(46)) - raft.server.log.appender.buffer.byte-limit = 4194304 (custom)
2025-04-23 14:38:46,081 [main] INFO  grpc.GrpcConfigKeys (ConfUtils.java:logGet(46)) - raft.grpc.server.async.request.thread.pool.cached = true (default)
2025-04-23 14:38:46,081 [main] INFO  grpc.GrpcConfigKeys (ConfUtils.java:logGet(46)) - raft.grpc.server.async.request.thread.pool.size = 32 (default)
2025-04-23 14:38:46,082 [main] INFO  impl.DataStreamServerImpl (ConfUtils.java:logGet(46)) - raft.datastream.type = DISABLED (default)
2025-04-23 14:38:46,082 [main] INFO  server.RaftServerConfigKeys (ConfUtils.java:logGet(46)) - raft.server.sleep.deviation.threshold = 300ms (default)
2025-04-23 14:38:46,082 [main] INFO  server.RaftServerConfigKeys (ConfUtils.java:logGet(46)) - raft.server.close.threshold = 60s (default)
2025-04-23 14:38:46,083 [main] INFO  server.RaftServerConfigKeys (ConfUtils.java:logGet(46)) - raft.server.leaderelection.leader.step-down.wait-time = 10s (default)
2025-04-23 14:38:46,083 [main] INFO  server.RaftServerConfigKeys (ConfUtils.java:logGet(46)) - raft.server.storage.dir = [/home/runner/work/ozone/ozone/hadoop-ozone/integration-test/target/test-dir/MiniOzoneClusterImpl-68853c07-42d2-4ef8-9e75-e3a852294e6a/omNode-2/ratis] (custom)
2025-04-23 14:38:46,083 [main] INFO  server.RaftServerConfigKeys (ConfUtils.java:logGet(46)) - raft.server.threadpool.proxy.cached = true (default)
2025-04-23 14:38:46,083 [main] INFO  server.RaftServerConfigKeys (ConfUtils.java:logGet(46)) - raft.server.threadpool.proxy.size = 0 (default)
2025-04-23 14:38:46,083 [omNode-2-impl-thread1] INFO  server.RaftServer (RaftServerProxy.java:initGroupDir(265)) - omNode-2: found a subdirectory /home/runner/work/ozone/ozone/hadoop-ozone/integration-test/target/test-dir/MiniOzoneClusterImpl-68853c07-42d2-4ef8-9e75-e3a852294e6a/omNode-2/ratis/c9bc4cf4-3bc3-3c60-a66b-523986131536
2025-04-23 14:38:46,084 [main] INFO  server.RaftServer (RaftServerProxy.java:addNew(100)) - omNode-2: addNew group-523986131536:[omNode-3|localhost:15017, omNode-1|localhost:15009, omNode-2|localhost:15013] returns group-523986131536:java.util.concurrent.CompletableFuture@57d4dd90[Not completed]
2025-04-23 14:38:46,084 [omNode-2-groupManagement] INFO  server.RaftServer$Division (RaftServerImpl.java:<init>(255)) - omNode-2: new RaftServerImpl for group-523986131536:[omNode-3|localhost:15017, omNode-1|localhost:15009, omNode-2|localhost:15013] with OzoneManagerStateMachine:uninitialized
2025-04-23 14:38:46,084 [main] INFO  om.OzoneManager (OzoneManager.java:initializeRatisServer(2303)) - OzoneManager Ratis server initialized at port 15013
2025-04-23 14:38:46,084 [main] INFO  ratis.OzoneManagerRatisServer (OzoneManagerRatisServer.java:start(628)) - Starting OzoneManagerRatisServer omNode-2 at port 15013
2025-04-23 14:38:46,084 [omNode-2-groupManagement] INFO  server.RaftServerConfigKeys (ConfUtils.java:logGet(46)) - raft.server.rpc.timeout.min = 1s (custom)
2025-04-23 14:38:46,084 [omNode-2-groupManagement] INFO  server.RaftServerConfigKeys (ConfUtils.java:logGet(46)) - raft.server.rpc.timeout.max = 1200ms (custom)
2025-04-23 14:38:46,084 [omNode-2-groupManagement] INFO  server.RaftServerConfigKeys (ConfUtils.java:logGet(46)) - raft.server.rpc.sleep.time = 25ms (default)
2025-04-23 14:38:46,084 [omNode-2-groupManagement] INFO  server.RaftServerConfigKeys (ConfUtils.java:logGet(46)) - raft.server.rpc.slowness.timeout = 2s (custom)
2025-04-23 14:38:46,084 [omNode-2-groupManagement] INFO  server.RaftServerConfigKeys (ConfUtils.java:logGet(46)) - raft.server.leaderelection.leader.step-down.wait-time = 10s (default)
2025-04-23 14:38:46,084 [omNode-2-groupManagement] INFO  server.RaftServerConfigKeys (ConfUtils.java:logGet(46)) - raft.server.leaderelection.member.majority-add = false (default)
2025-04-23 14:38:46,084 [omNode-2-groupManagement] INFO  server.RaftServerConfigKeys (ConfUtils.java:logGet(46)) - raft.server.sleep.deviation.threshold = 300ms (default)
2025-04-23 14:38:46,084 [omNode-2-groupManagement] INFO  server.RaftServer$Division (ServerState.java:<init>(114)) - omNode-2@group-523986131536: ConfigurationManager, init=conf: {index: -1, cur=peers:[omNode-3|localhost:15017, omNode-1|localhost:15009, omNode-2|localhost:15013]|listeners:[], old=null}, confs=<EMPTY_MAP>
2025-04-23 14:38:46,085 [omNode-2-groupManagement] INFO  server.RaftServerConfigKeys (ConfUtils.java:logGet(46)) - raft.server.notification.no-leader.timeout = 2s (custom)
2025-04-23 14:38:46,085 [omNode-2-groupManagement] INFO  server.RaftServerConfigKeys (ConfUtils.java:logGet(46)) - raft.server.read.timeout = 10s (default)
2025-04-23 14:38:46,085 [omNode-2-groupManagement] INFO  server.RaftServerConfigKeys (ConfUtils.java:logGet(46)) - raft.server.retrycache.expirytime = 30000ms (custom)
2025-04-23 14:38:46,085 [omNode-2-groupManagement] INFO  server.RaftServerConfigKeys (ConfUtils.java:logGet(46)) - raft.server.retrycache.statistics.expirytime = 100ms (default)
2025-04-23 14:38:46,085 [omNode-2-groupManagement] INFO  server.RaftServerConfigKeys (ConfUtils.java:logGet(46)) - raft.server.read.option = DEFAULT (default)
2025-04-23 14:38:46,085 [omNode-2-groupManagement] INFO  server.RaftServerConfigKeys (ConfUtils.java:logGet(46)) - raft.server.read.read-after-write-consistent.write-index-cache.expiry-time = 60s (default)
2025-04-23 14:38:46,088 [omNode-2-groupManagement] INFO  server.RaftServerConfigKeys (ConfUtils.java:logGet(46)) - raft.server.rpc.request.timeout = 3000ms (default)
2025-04-23 14:38:46,088 [omNode-2-groupManagement] INFO  server.RaftServerConfigKeys (ConfUtils.java:logGet(46)) - raft.server.log.appender.install.snapshot.enabled = false (custom)
2025-04-23 14:38:46,088 [omNode-2-groupManagement] INFO  server.RaftServerConfigKeys (ConfUtils.java:logGet(46)) - raft.server.threadpool.server.cached = true (default)
2025-04-23 14:38:46,088 [omNode-2-groupManagement] INFO  server.RaftServerConfigKeys (ConfUtils.java:logGet(46)) - raft.server.threadpool.server.size = 0 (default)
2025-04-23 14:38:46,088 [omNode-2-groupManagement] INFO  server.RaftServerConfigKeys (ConfUtils.java:logGet(46)) - raft.server.threadpool.client.cached = true (default)
2025-04-23 14:38:46,088 [omNode-2-groupManagement] INFO  server.RaftServerConfigKeys (ConfUtils.java:logGet(46)) - raft.server.threadpool.client.size = 0 (default)
2025-04-23 14:38:46,088 [omNode-2-impl-thread1] INFO  server.RaftServerConfigKeys (ConfUtils.java:logGet(46)) - raft.server.storage.free-space.min = 0MB (=0) (default)
2025-04-23 14:38:46,088 [omNode-2-impl-thread1] INFO  server.RaftServerConfigKeys (ConfUtils.java:logGet(46)) - raft.server.log.corruption.policy = EXCEPTION (default)
2025-04-23 14:38:46,089 [omNode-2-impl-thread1] INFO  server.RaftServerConfigKeys (ConfUtils.java:logGet(46)) - raft.server.storage.dir = [/home/runner/work/ozone/ozone/hadoop-ozone/integration-test/target/test-dir/MiniOzoneClusterImpl-68853c07-42d2-4ef8-9e75-e3a852294e6a/omNode-2/ratis] (custom)
2025-04-23 14:38:46,089 [omNode-2-impl-thread1] INFO  storage.RaftStorageDirectory (RaftStorageDirectoryImpl.java:tryLock(229)) - Lock on /home/runner/work/ozone/ozone/hadoop-ozone/integration-test/target/test-dir/MiniOzoneClusterImpl-68853c07-42d2-4ef8-9e75-e3a852294e6a/omNode-2/ratis/c9bc4cf4-3bc3-3c60-a66b-523986131536/in_use.lock acquired by nodename 129558@fv-az1120-822
2025-04-23 14:38:46,090 [omNode-2-impl-thread1] INFO  storage.RaftStorage (RaftStorageImpl.java:analyzeAndRecoverStorage(118)) - Read RaftStorageMetadata{term=12, votedFor=omNode-2} from /home/runner/work/ozone/ozone/hadoop-ozone/integration-test/target/test-dir/MiniOzoneClusterImpl-68853c07-42d2-4ef8-9e75-e3a852294e6a/omNode-2/ratis/c9bc4cf4-3bc3-3c60-a66b-523986131536/current/raft-meta
2025-04-23 14:38:46,090 [omNode-2-impl-thread1] INFO  server.RaftServer$Division (ServerState.java:setRaftConf(386)) - omNode-2@group-523986131536: set configuration conf: {index: 309, cur=peers:[omNode-3|localhost:15017, omNode-1|localhost:15009, omNode-2|localhost:15013]|listeners:[], old=null}
2025-04-23 14:38:46,090 [omNode-2-impl-thread1] INFO  ratis.OzoneManagerStateMachine (OzoneManagerStateMachine.java:lambda$0(138)) - omNode-2: initialize group-523986131536 with (t:12, i:310)
2025-04-23 14:38:46,090 [omNode-2-impl-thread1] INFO  server.RaftServerConfigKeys (ConfUtils.java:logGet(46)) - raft.server.log.use.memory = false (default)
2025-04-23 14:38:46,090 [omNode-2-impl-thread1] INFO  server.RaftServerConfigKeys (ConfUtils.java:logGet(46)) - raft.server.log.purge.gap = 50 (custom)
2025-04-23 14:38:46,090 [omNode-2-impl-thread1] INFO  server.RaftServerConfigKeys (ConfUtils.java:logGet(46)) - raft.server.log.appender.buffer.byte-limit = 4194304 (custom)
2025-04-23 14:38:46,090 [omNode-2-impl-thread1] INFO  server.RaftServerConfigKeys (ConfUtils.java:logGet(46)) - raft.server.log.statemachine.data.read.timeout = 1000ms (default)
2025-04-23 14:38:46,090 [omNode-2-impl-thread1] INFO  server.RaftServerConfigKeys (ConfUtils.java:logGet(46)) - raft.server.log.purge.preservation.log.num = 0 (default)
2025-04-23 14:38:46,091 [omNode-2-impl-thread1] INFO  server.RaftServerConfigKeys (ConfUtils.java:logGet(46)) - raft.server.log.segment.size.max = 4194304 (custom)
2025-04-23 14:38:46,092 [omNode-2-impl-thread1] INFO  server.RaftServerConfigKeys (ConfUtils.java:logGet(46)) - raft.server.log.segment.cache.num.max = 2 (custom)
2025-04-23 14:38:46,092 [omNode-2-impl-thread1] INFO  server.RaftServerConfigKeys (ConfUtils.java:logGet(46)) - raft.server.log.segment.cache.size.max = 200MB (=209715200) (default)
2025-04-23 14:38:46,092 [omNode-2-impl-thread1] INFO  server.RaftServerConfigKeys (ConfUtils.java:logGet(46)) - raft.server.log.appender.buffer.byte-limit = 4194304 (custom)
2025-04-23 14:38:46,092 [omNode-2-impl-thread1] INFO  util.AwaitToRun (AwaitToRun.java:start(81)) - Thread[#5774,omNode-2@group-523986131536-cacheEviction-AwaitToRun,5,main] started
2025-04-23 14:38:46,092 [omNode-2-impl-thread1] INFO  segmented.SegmentedRaftLogWorker (SegmentedRaftLogWorker.java:<init>(188)) - new omNode-2@group-523986131536-SegmentedRaftLogWorker for RaftStorageImpl:Storage Directory /home/runner/work/ozone/ozone/hadoop-ozone/integration-test/target/test-dir/MiniOzoneClusterImpl-68853c07-42d2-4ef8-9e75-e3a852294e6a/omNode-2/ratis/c9bc4cf4-3bc3-3c60-a66b-523986131536
2025-04-23 14:38:46,092 [omNode-2-impl-thread1] INFO  server.RaftServerConfigKeys (ConfUtils.java:logGet(46)) - raft.server.log.queue.byte-limit = 64MB (=67108864) (default)
2025-04-23 14:38:46,092 [omNode-2-impl-thread1] INFO  server.RaftServerConfigKeys (ConfUtils.java:logGet(46)) - raft.server.log.queue.element-limit = 4096 (default)
2025-04-23 14:38:46,092 [omNode-2-impl-thread1] INFO  server.RaftServerConfigKeys (ConfUtils.java:logGet(46)) - raft.server.log.segment.size.max = 4194304 (custom)
2025-04-23 14:38:46,092 [omNode-2-impl-thread1] INFO  server.RaftServerConfigKeys (ConfUtils.java:logGet(46)) - raft.server.log.preallocated.size = 4194304 (custom)
2025-04-23 14:38:46,092 [omNode-2-impl-thread1] INFO  server.RaftServerConfigKeys (ConfUtils.java:logGet(46)) - raft.server.log.force.sync.num = 128 (default)
2025-04-23 14:38:46,092 [omNode-2-impl-thread1] INFO  server.RaftServerConfigKeys (ConfUtils.java:logGet(46)) - raft.server.log.statemachine.data.sync = true (default)
2025-04-23 14:38:46,092 [omNode-2-impl-thread1] INFO  server.RaftServerConfigKeys (ConfUtils.java:logGet(46)) - raft.server.log.statemachine.data.sync.timeout = 10s (default)
2025-04-23 14:38:46,092 [omNode-2-impl-thread1] INFO  server.RaftServerConfigKeys (ConfUtils.java:logGet(46)) - raft.server.log.statemachine.data.sync.timeout.retry = -1 (default)
2025-04-23 14:38:46,093 [omNode-2-impl-thread1] INFO  server.RaftServerConfigKeys (ConfUtils.java:logGet(46)) - raft.server.log.write.buffer.size = 4194312 (custom)
2025-04-23 14:38:46,094 [omNode-2-impl-thread1] INFO  server.RaftServerConfigKeys (ConfUtils.java:logGet(46)) - raft.server.log.appender.buffer.byte-limit = 4194304 (custom)
2025-04-23 14:38:46,094 [omNode-2-impl-thread1] INFO  server.RaftServerConfigKeys (ConfUtils.java:logGet(46)) - raft.server.log.unsafe-flush.enabled = false (default)
2025-04-23 14:38:46,094 [omNode-2-impl-thread1] INFO  server.RaftServerConfigKeys (ConfUtils.java:logGet(46)) - raft.server.log.async-flush.enabled = false (default)
2025-04-23 14:38:46,094 [omNode-2-impl-thread1] INFO  server.RaftServerConfigKeys (ConfUtils.java:logGet(46)) - raft.server.log.statemachine.data.caching.enabled = false (default)
2025-04-23 14:38:46,095 [omNode-2-impl-thread1] INFO  server.RaftServer$Division (ServerState.java:setRaftConf(386)) - omNode-2@group-523986131536: set configuration conf: {index: 107, cur=peers:[omNode-3|localhost:15017, omNode-1|localhost:15009, omNode-2|localhost:15013]|listeners:[], old=null}
2025-04-23 14:38:46,096 [omNode-2-impl-thread1] INFO  segmented.LogSegment (LogSegment.java:loadSegment(171)) - Successfully read 202 entries from segment file /home/runner/work/ozone/ozone/hadoop-ozone/integration-test/target/test-dir/MiniOzoneClusterImpl-68853c07-42d2-4ef8-9e75-e3a852294e6a/omNode-2/ratis/c9bc4cf4-3bc3-3c60-a66b-523986131536/current/log_107-308
2025-04-23 14:38:46,096 [omNode-2-impl-thread1] INFO  server.RaftServer$Division (ServerState.java:setRaftConf(386)) - omNode-2@group-523986131536: set configuration conf: {index: 309, cur=peers:[omNode-3|localhost:15017, omNode-1|localhost:15009, omNode-2|localhost:15013]|listeners:[], old=null}
2025-04-23 14:38:46,096 [omNode-2-impl-thread1] INFO  segmented.LogSegment (LogSegment.java:loadSegment(171)) - Successfully read 2 entries from segment file /home/runner/work/ozone/ozone/hadoop-ozone/integration-test/target/test-dir/MiniOzoneClusterImpl-68853c07-42d2-4ef8-9e75-e3a852294e6a/omNode-2/ratis/c9bc4cf4-3bc3-3c60-a66b-523986131536/current/log_inprogress_309
2025-04-23 14:38:46,096 [omNode-2-impl-thread1] INFO  segmented.SegmentedRaftLogWorker (SegmentedRaftLogWorker.java:lambda$new$0(139)) - omNode-2@group-523986131536-SegmentedRaftLogWorker: flushIndex: setUnconditionally 0 -> 310
2025-04-23 14:38:46,096 [omNode-2-impl-thread1] INFO  segmented.SegmentedRaftLogWorker (SegmentedRaftLogWorker.java:lambda$new$0(139)) - omNode-2@group-523986131536-SegmentedRaftLogWorker: safeCacheEvictIndex: setUnconditionally 0 -> 308
2025-04-23 14:38:46,096 [omNode-2-impl-thread1] INFO  segmented.BufferedWriteChannel (BufferedWriteChannel.java:open(61)) - open log_inprogress_309 (append) at position 128
2025-04-23 14:38:46,097 [omNode-2-impl-thread1] INFO  raftlog.RaftLog (RaftLogBase.java:lambda$new$0(54)) - omNode-2@group-523986131536-SegmentedRaftLog: purgeIndex: updateToMax old=-1, new=106, updated? true
2025-04-23 14:38:46,097 [omNode-2-impl-thread1] INFO  server.RaftServer$Division (RaftServerImpl.java:start(391)) - omNode-2@group-523986131536: start as a follower, conf=conf: {index: 309, cur=peers:[omNode-3|localhost:15017, omNode-1|localhost:15009, omNode-2|localhost:15013]|listeners:[], old=null}
2025-04-23 14:38:46,097 [omNode-2-impl-thread1] INFO  server.RaftServer$Division (RaftServerImpl.java:setRole(378)) - omNode-2@group-523986131536: changes role from      null to FOLLOWER at term 12 for startAsFollower
2025-04-23 14:38:46,097 [omNode-2-impl-thread1] INFO  impl.RoleInfo (RoleInfo.java:updateAndGet(148)) - omNode-2: start omNode-2@group-523986131536-FollowerState
2025-04-23 14:38:46,097 [omNode-2-impl-thread1] INFO  util.JmxRegister (JmxRegister.java:tryRegister(44)) - Successfully registered JMX Bean with object name Ratis:service=RaftServer,group=group-523986131536,id=omNode-2
2025-04-23 14:38:46,097 [omNode-2@group-523986131536-FollowerState] INFO  server.RaftServerConfigKeys (ConfUtils.java:logFallback(53)) - raft.server.rpc.first-election.timeout.min = 1s (fallback to raft.server.rpc.timeout.min)
2025-04-23 14:38:46,097 [omNode-2-impl-thread1] INFO  util.JmxRegister (JmxRegister.java:register(58)) - register mxBean class org.apache.ratis.server.impl.RaftServerJmxAdapter as Ratis:service=RaftServer,group=group-523986131536,id=omNode-2
2025-04-23 14:38:46,097 [omNode-2@group-523986131536-FollowerState] INFO  server.RaftServerConfigKeys (ConfUtils.java:logFallback(53)) - raft.server.rpc.first-election.timeout.max = 1200ms (fallback to raft.server.rpc.timeout.max)
2025-04-23 14:38:46,097 [omNode-2-impl-thread1] INFO  server.RaftServerConfigKeys (ConfUtils.java:logGet(46)) - raft.server.snapshot.trigger-when-stop.enabled = true (default)
2025-04-23 14:38:46,097 [omNode-2-impl-thread1] INFO  server.RaftServerConfigKeys (ConfUtils.java:logGet(46)) - raft.server.snapshot.trigger-when-remove.enabled = true (default)
2025-04-23 14:38:46,097 [omNode-2-impl-thread1] INFO  server.RaftServerConfigKeys (ConfUtils.java:logGet(46)) - raft.server.snapshot.auto.trigger.enabled = true (custom)
2025-04-23 14:38:46,097 [omNode-2-impl-thread1] INFO  server.RaftServerConfigKeys (ConfUtils.java:logGet(46)) - raft.server.snapshot.auto.trigger.threshold = 50 (custom)
2025-04-23 14:38:46,097 [omNode-2-impl-thread1] INFO  server.RaftServerConfigKeys (ConfUtils.java:logGet(46)) - raft.server.snapshot.retention.file.num = -1 (default)
2025-04-23 14:38:46,097 [omNode-2-impl-thread1] INFO  server.RaftServerConfigKeys (ConfUtils.java:logGet(46)) - raft.server.log.purge.upto.snapshot.index = true (custom)
2025-04-23 14:38:46,098 [omNode-2-impl-thread1] INFO  server.RaftServer$Division (RaftServerImpl.java:start(405)) - omNode-2@group-523986131536: Successfully started.
2025-04-23 14:38:46,098 [main] INFO  server.RaftServer (RaftServerProxy.java:startImpl(407)) - omNode-2: start RPC server
2025-04-23 14:38:46,098 [main] INFO  server.GrpcService (GrpcService.java:startImpl(334)) - omNode-2: GrpcService started, listening on 15013
2025-04-23 14:38:46,099 [main] INFO  om.OzoneManager (OzoneManager.java:getRpcServer(1360)) - Creating RPC Server
2025-04-23 14:38:46,099 [JvmPauseMonitor31] INFO  util.JvmPauseMonitor (JvmPauseMonitor.java:run(146)) - JvmPauseMonitor-omNode-2: Started
2025-04-23 14:38:46,286 [omNode-3@group-523986131536-FollowerState] INFO  impl.FollowerState (FollowerState.java:runImpl(161)) - omNode-3@group-523986131536-FollowerState: change to CANDIDATE, lastRpcElapsedTime:1105630963ns, electionTimeout:1105ms
2025-04-23 14:38:46,286 [omNode-3@group-523986131536-FollowerState] INFO  impl.RoleInfo (RoleInfo.java:shutdownFollowerState(121)) - omNode-3: shutdown omNode-3@group-523986131536-FollowerState
2025-04-23 14:38:46,286 [omNode-3@group-523986131536-FollowerState] INFO  server.RaftServer$Division (RaftServerImpl.java:setRole(378)) - omNode-3@group-523986131536: changes role from  FOLLOWER to CANDIDATE at term 11 for changeToCandidate
2025-04-23 14:38:46,287 [omNode-3@group-523986131536-FollowerState] INFO  server.RaftServerConfigKeys (ConfUtils.java:logGet(46)) - raft.server.leaderelection.pre-vote = true (default)
2025-04-23 14:38:46,287 [omNode-3@group-523986131536-FollowerState] INFO  impl.RoleInfo (RoleInfo.java:updateAndGet(148)) - omNode-3: start omNode-3@group-523986131536-LeaderElection29
2025-04-23 14:38:46,288 [omNode-3@group-523986131536-LeaderElection29] INFO  impl.LeaderElection (LeaderElection.java:askForVotes(332)) - omNode-3@group-523986131536-LeaderElection29 PRE_VOTE round 0: submit vote requests at term 11 for conf: {index: 107, cur=peers:[omNode-3|localhost:15017, omNode-1|localhost:15009, omNode-2|localhost:15013]|listeners:[], old=null}
2025-04-23 14:38:46,291 [omNode-3@group-523986131536-LeaderElection29-1] INFO  server.GrpcServerProtocolClient (GrpcServerProtocolClient.java:<init>(65)) - Build channel for omNode-1|localhost:15009
2025-04-23 14:38:46,292 [omNode-3@group-523986131536-LeaderElection29] INFO  server.RaftServerConfigKeys (ConfUtils.java:logFallback(53)) - raft.server.rpc.first-election.timeout.min = 1s (fallback to raft.server.rpc.timeout.min)
2025-04-23 14:38:46,292 [omNode-3@group-523986131536-LeaderElection29-2] INFO  server.GrpcServerProtocolClient (GrpcServerProtocolClient.java:<init>(65)) - Build channel for omNode-2|localhost:15013
2025-04-23 14:38:46,292 [omNode-3@group-523986131536-LeaderElection29] INFO  server.RaftServerConfigKeys (ConfUtils.java:logFallback(53)) - raft.server.rpc.first-election.timeout.max = 1200ms (fallback to raft.server.rpc.timeout.max)
2025-04-23 14:38:46,299 [grpc-default-executor-7] INFO  server.RaftServer$Division (RaftServerImpl.java:requestVote(1407)) - omNode-1@group-523986131536: receive requestVote(PRE_VOTE, omNode-3, group-523986131536, 11, (t:11, i:308))
2025-04-23 14:38:46,301 [grpc-default-executor-7] INFO  impl.VoteContext (VoteContext.java:log(49)) - omNode-1@group-523986131536-FOLLOWER: reject PRE_VOTE from omNode-3: our last entry (t:12, i:310) > candidate's last entry (t:11, i:308)
2025-04-23 14:38:46,301 [grpc-default-executor-7] INFO  server.RaftServer$Division (RaftServerImpl.java:requestVote(1441)) - omNode-1@group-523986131536 replies to PRE_VOTE vote request: omNode-3<-omNode-1#0:FAIL-t12. Peer's state: omNode-1@group-523986131536:t12, leader=null, voted=omNode-2, raftlog=Memoized:omNode-1@group-523986131536-SegmentedRaftLog:OPENED:c310:last(t:12, i:310), conf=conf: {index: 309, cur=peers:[omNode-3|localhost:15017, omNode-1|localhost:15009, omNode-2|localhost:15013]|listeners:[], old=null}
2025-04-23 14:38:46,302 [omNode-3@group-523986131536-LeaderElection29] INFO  impl.LeaderElection (LeaderElection.java:logAndReturn(90)) - omNode-3@group-523986131536-LeaderElection29: PRE_VOTE DISCOVERED_A_NEW_TERM (term=12) received 1 response(s) and 0 exception(s):
2025-04-23 14:38:46,302 [grpc-default-executor-7] INFO  server.RaftServer$Division (RaftServerImpl.java:requestVote(1407)) - omNode-2@group-523986131536: receive requestVote(PRE_VOTE, omNode-3, group-523986131536, 11, (t:11, i:308))
2025-04-23 14:38:46,303 [grpc-default-executor-7] INFO  impl.VoteContext (VoteContext.java:log(49)) - omNode-2@group-523986131536-FOLLOWER: reject PRE_VOTE from omNode-3: our last entry (t:12, i:310) > candidate's last entry (t:11, i:308)
2025-04-23 14:38:46,303 [grpc-default-executor-7] INFO  server.RaftServer$Division (RaftServerImpl.java:requestVote(1441)) - omNode-2@group-523986131536 replies to PRE_VOTE vote request: omNode-3<-omNode-2#0:FAIL-t12. Peer's state: omNode-2@group-523986131536:t12, leader=null, voted=omNode-2, raftlog=Memoized:omNode-2@group-523986131536-SegmentedRaftLog:OPENED:c310:last(t:12, i:310), conf=conf: {index: 309, cur=peers:[omNode-3|localhost:15017, omNode-1|localhost:15009, omNode-2|localhost:15013]|listeners:[], old=null}
2025-04-23 14:38:46,302 [omNode-3@group-523986131536-LeaderElection29] INFO  impl.LeaderElection (LeaderElection.java:logAndReturn(94)) -   Response 0: omNode-3<-omNode-1#0:FAIL-t12
2025-04-23 14:38:46,303 [omNode-3@group-523986131536-LeaderElection29] INFO  impl.LeaderElection (LeaderElection.java:askForVotes(334)) - omNode-3@group-523986131536-LeaderElection29 PRE_VOTE round 0: result DISCOVERED_A_NEW_TERM (term=12)
2025-04-23 14:38:46,303 [omNode-3@group-523986131536-LeaderElection29] INFO  server.RaftServer$Division (RaftServerImpl.java:setRole(378)) - omNode-3@group-523986131536: changes role from CANDIDATE to FOLLOWER at term 11 for DISCOVERED_A_NEW_TERM (term=12)
2025-04-23 14:38:46,303 [omNode-3@group-523986131536-LeaderElection29] INFO  impl.RoleInfo (RoleInfo.java:shutdownLeaderElection(141)) - omNode-3: shutdown omNode-3@group-523986131536-LeaderElection29
2025-04-23 14:38:46,303 [omNode-3@group-523986131536-LeaderElection29] INFO  impl.RoleInfo (RoleInfo.java:updateAndGet(148)) - omNode-3: start omNode-3@group-523986131536-FollowerState
2025-04-23 14:38:46,305 [omNode-3@group-523986131536-FollowerState] INFO  server.RaftServerConfigKeys (ConfUtils.java:logFallback(53)) - raft.server.rpc.first-election.timeout.min = 1s (fallback to raft.server.rpc.timeout.min)
2025-04-23 14:38:46,305 [omNode-3@group-523986131536-FollowerState] INFO  server.RaftServerConfigKeys (ConfUtils.java:logFallback(53)) - raft.server.rpc.first-election.timeout.max = 1200ms (fallback to raft.server.rpc.timeout.max)
2025-04-23 14:38:46,305 [omNode-3@group-523986131536-LeaderElection29] INFO  server.RaftServer$Division (RaftServerImpl.java:setFirstElection(562)) - omNode-3@group-523986131536: set firstElectionSinceStartup to false for DISCOVERED_A_NEW_TERM (term=12)
2025-04-23 14:38:46,516 [main] INFO  reflections.Reflections (Reflections.java:scan(219)) - Reflections took 417 ms to scan 22 urls, producing 61 keys and 7422 values
2025-04-23 14:38:46,517 [main] INFO  ipc.CallQueueManager (CallQueueManager.java:<init>(93)) - Using callQueue: class java.util.concurrent.LinkedBlockingQueue, queueCapacity: 2000, scheduler: class org.apache.hadoop.ipc.DefaultRpcScheduler, ipcBackoff: false, ipcFailOver: false.
2025-04-23 14:38:46,517 [main] INFO  ipc.Server (Server.java:<init>(1438)) - Listener at localhost:15010
2025-04-23 14:38:46,517 [Socket Reader #1 for port 15010] INFO  ipc.Server (Server.java:run(1474)) - Starting Socket Reader #1 for port 15010
2025-04-23 14:38:46,518 [Socket Reader #2 for port 15010] INFO  ipc.Server (Server.java:run(1474)) - Starting Socket Reader #2 for port 15010
2025-04-23 14:38:46,518 [Socket Reader #3 for port 15010] INFO  ipc.Server (Server.java:run(1474)) - Starting Socket Reader #3 for port 15010
2025-04-23 14:38:46,518 [Socket Reader #4 for port 15010] INFO  ipc.Server (Server.java:run(1474)) - Starting Socket Reader #4 for port 15010
2025-04-23 14:38:46,518 [Socket Reader #5 for port 15010] INFO  ipc.Server (Server.java:run(1474)) - Starting Socket Reader #5 for port 15010
2025-04-23 14:38:46,518 [Socket Reader #6 for port 15010] INFO  ipc.Server (Server.java:run(1474)) - Starting Socket Reader #6 for port 15010
2025-04-23 14:38:46,518 [Socket Reader #7 for port 15010] INFO  ipc.Server (Server.java:run(1474)) - Starting Socket Reader #7 for port 15010
2025-04-23 14:38:46,518 [Socket Reader #8 for port 15010] INFO  ipc.Server (Server.java:run(1474)) - Starting Socket Reader #8 for port 15010
2025-04-23 14:38:46,519 [Socket Reader #9 for port 15010] INFO  ipc.Server (Server.java:run(1474)) - Starting Socket Reader #9 for port 15010
2025-04-23 14:38:46,519 [Socket Reader #10 for port 15010] INFO  ipc.Server (Server.java:run(1474)) - Starting Socket Reader #10 for port 15010
2025-04-23 14:38:46,521 [main] INFO  http.BaseHttpServer (BaseHttpServer.java:newHttpServer2BuilderForOzone(229)) - Starting Web-server for ozoneManager at: http://0.0.0.0:15011
2025-04-23 14:38:46,522 [main] INFO  http.BaseHttpServer (BaseHttpServer.java:<init>(107)) - Hadoop Security Enabled: false Ozone Security Enabled: false Ozone HTTP Security Enabled: false 
2025-04-23 14:38:46,522 [main] WARN  server.AuthenticationFilter (AuthenticationFilter.java:constructSecretProvider(240)) - Unable to initialize FileSignerSecretProvider, falling back to use random secrets. Reason: Could not read signature secret file: /home/runner/hadoop-http-auth-signature-secret
2025-04-23 14:38:46,524 [main] INFO  http.HttpServer2 (HttpServer2.java:addGlobalFilter(1041)) - Added global filter 'safety' (class=org.apache.hadoop.hdds.server.http.HttpServer2$QuotingInputFilter)
2025-04-23 14:38:46,524 [main] INFO  http.HttpServer2 (HttpServer2.java:addFilter(1017)) - Added filter static_user_filter (class=org.apache.hadoop.http.lib.StaticUserWebFilter$StaticUserFilter) to context ozoneManager
2025-04-23 14:38:46,524 [main] INFO  http.HttpServer2 (HttpServer2.java:addFilter(1025)) - Added filter static_user_filter (class=org.apache.hadoop.http.lib.StaticUserWebFilter$StaticUserFilter) to context static
2025-04-23 14:38:46,524 [main] INFO  http.HttpServer2 (HttpServer2.java:addFilter(1025)) - Added filter static_user_filter (class=org.apache.hadoop.http.lib.StaticUserWebFilter$StaticUserFilter) to context logs
2025-04-23 14:38:46,525 [main] INFO  http.BaseHttpServer (BaseHttpServer.java:<init>(195)) - HTTP server of ozoneManager uses base directory /home/runner/work/ozone/ozone/hadoop-ozone/integration-test/target/test-dir/MiniOzoneClusterImpl-68853c07-42d2-4ef8-9e75-e3a852294e6a/omNode-2/webserver
2025-04-23 14:38:46,525 [main] INFO  http.HttpServer2 (HttpServer2.java:bindListener(1241)) - Jetty bound to port 15011
2025-04-23 14:38:46,525 [main] INFO  server.Server (Server.java:doStart(375)) - jetty-9.4.57.v20241219; built: 2025-01-08T21:24:30.412Z; git: df524e6b29271c2e09ba9aea83c18dc9db464a31; jvm 21.0.7+6-LTS
2025-04-23 14:38:46,527 [main] INFO  server.session (DefaultSessionIdManager.java:doStart(334)) - DefaultSessionIdManager workerName=node0
2025-04-23 14:38:46,527 [main] INFO  server.session (DefaultSessionIdManager.java:doStart(339)) - No SessionScavenger set, using defaults
2025-04-23 14:38:46,527 [main] INFO  server.session (HouseKeeper.java:startScavenging(132)) - node0 Scavenging every 600000ms
2025-04-23 14:38:46,527 [main] INFO  handler.ContextHandler (ContextHandler.java:doStart(921)) - Started o.e.j.s.ServletContextHandler@27d98512{logs,/logs,file:///home/runner/work/ozone/ozone/hadoop-ozone/integration-test/target/log,AVAILABLE}
2025-04-23 14:38:46,528 [main] INFO  handler.ContextHandler (ContextHandler.java:doStart(921)) - Started o.e.j.s.ServletContextHandler@7df26293{static,/static,file:///home/runner/work/ozone/ozone/hadoop-ozone/integration-test/target/test-classes/webapps/static,AVAILABLE}
2025-04-23 14:38:46,532 [main] INFO  handler.ContextHandler (ContextHandler.java:doStart(921)) - Started o.e.j.w.WebAppContext@6ad3e797{ozoneManager,/,file:///home/runner/work/ozone/ozone/hadoop-ozone/integration-test/target/test-classes/webapps/ozoneManager/,AVAILABLE}{file:/home/runner/work/ozone/ozone/hadoop-ozone/integration-test/target/test-classes/webapps/ozoneManager}
2025-04-23 14:38:46,532 [main] INFO  server.AbstractConnector (AbstractConnector.java:doStart(333)) - Started ServerConnector@1f8bb6c2{HTTP/1.1, (http/1.1)}{0.0.0.0:15011}
2025-04-23 14:38:46,532 [main] INFO  server.Server (Server.java:doStart(415)) - Started @126811ms
2025-04-23 14:38:46,532 [main] WARN  impl.MetricsSystemImpl (MetricsSystemImpl.java:register(279)) - Sink prometheus already exists!
2025-04-23 14:38:46,533 [main] INFO  http.BaseHttpServer (BaseHttpServer.java:updateConnectorAddress(360)) - HTTP server of ozoneManager listening at http://0.0.0.0:15011
2025-04-23 14:38:46,533 [IPC Server Responder] INFO  ipc.Server (Server.java:run(1713)) - IPC Server Responder: starting
2025-04-23 14:38:46,533 [IPC Server listener on 15010] INFO  ipc.Server (Server.java:run(1553)) - IPC Server listener on 15010: starting
2025-04-23 14:38:46,536 [main] INFO  om.OzoneManager (OzoneManager.java:startTrashEmptier(2257)) - Trash Interval set to 0. Files deleted won't move to trash
]]></system-out>
  </testcase>
  <testcase name="oneOMDown" classname="org.apache.hadoop.ozone.om.TestOzoneManagerHAWithStoppedNodes" time="12.939">
    <system-out><![CDATA[2025-04-23 14:38:46,782 [omNode-1@group-523986131536-FollowerState] INFO  impl.FollowerState (FollowerState.java:runImpl(161)) - omNode-1@group-523986131536-FollowerState: change to CANDIDATE, lastRpcElapsedTime:1125273880ns, electionTimeout:1124ms
2025-04-23 14:38:46,782 [omNode-1@group-523986131536-FollowerState] INFO  impl.RoleInfo (RoleInfo.java:shutdownFollowerState(121)) - omNode-1: shutdown omNode-1@group-523986131536-FollowerState
2025-04-23 14:38:46,782 [omNode-1@group-523986131536-FollowerState] INFO  server.RaftServer$Division (RaftServerImpl.java:setRole(378)) - omNode-1@group-523986131536: changes role from  FOLLOWER to CANDIDATE at term 12 for changeToCandidate
2025-04-23 14:38:46,782 [omNode-1@group-523986131536-FollowerState] INFO  server.RaftServerConfigKeys (ConfUtils.java:logGet(46)) - raft.server.leaderelection.pre-vote = true (default)
2025-04-23 14:38:46,782 [omNode-1@group-523986131536-FollowerState] INFO  impl.RoleInfo (RoleInfo.java:updateAndGet(148)) - omNode-1: start omNode-1@group-523986131536-LeaderElection30
2025-04-23 14:38:46,783 [omNode-1@group-523986131536-LeaderElection30] INFO  impl.LeaderElection (LeaderElection.java:askForVotes(332)) - omNode-1@group-523986131536-LeaderElection30 PRE_VOTE round 0: submit vote requests at term 12 for conf: {index: 309, cur=peers:[omNode-3|localhost:15017, omNode-1|localhost:15009, omNode-2|localhost:15013]|listeners:[], old=null}
2025-04-23 14:38:46,783 [omNode-1@group-523986131536-LeaderElection30-1] INFO  server.GrpcServerProtocolClient (GrpcServerProtocolClient.java:<init>(65)) - Build channel for omNode-3|localhost:15017
2025-04-23 14:38:46,784 [omNode-1@group-523986131536-LeaderElection30-2] INFO  server.GrpcServerProtocolClient (GrpcServerProtocolClient.java:<init>(65)) - Build channel for omNode-2|localhost:15013
2025-04-23 14:38:46,783 [omNode-1@group-523986131536-LeaderElection30] INFO  server.RaftServerConfigKeys (ConfUtils.java:logFallback(53)) - raft.server.rpc.first-election.timeout.min = 1s (fallback to raft.server.rpc.timeout.min)
2025-04-23 14:38:46,784 [omNode-1@group-523986131536-LeaderElection30] INFO  server.RaftServerConfigKeys (ConfUtils.java:logFallback(53)) - raft.server.rpc.first-election.timeout.max = 1200ms (fallback to raft.server.rpc.timeout.max)
2025-04-23 14:38:46,787 [grpc-default-executor-7] INFO  server.RaftServer$Division (RaftServerImpl.java:requestVote(1407)) - omNode-2@group-523986131536: receive requestVote(PRE_VOTE, omNode-1, group-523986131536, 12, (t:12, i:310))
2025-04-23 14:38:46,787 [grpc-default-executor-7] INFO  impl.VoteContext (VoteContext.java:log(49)) - omNode-2@group-523986131536-FOLLOWER: accept PRE_VOTE from omNode-1: our priority 0 <= candidate's priority 0
2025-04-23 14:38:46,787 [grpc-default-executor-8] INFO  server.RaftServer$Division (RaftServerImpl.java:requestVote(1407)) - omNode-3@group-523986131536: receive requestVote(PRE_VOTE, omNode-1, group-523986131536, 12, (t:12, i:310))
2025-04-23 14:38:46,787 [grpc-default-executor-7] INFO  server.RaftServer$Division (RaftServerImpl.java:requestVote(1441)) - omNode-2@group-523986131536 replies to PRE_VOTE vote request: omNode-1<-omNode-2#0:OK-t12. Peer's state: omNode-2@group-523986131536:t12, leader=null, voted=omNode-2, raftlog=Memoized:omNode-2@group-523986131536-SegmentedRaftLog:OPENED:c310:last(t:12, i:310), conf=conf: {index: 309, cur=peers:[omNode-3|localhost:15017, omNode-1|localhost:15009, omNode-2|localhost:15013]|listeners:[], old=null}
2025-04-23 14:38:46,787 [grpc-default-executor-8] INFO  impl.VoteContext (VoteContext.java:log(49)) - omNode-3@group-523986131536-FOLLOWER: accept PRE_VOTE from omNode-1: our last entry (t:11, i:308) < candidate's last entry (t:12, i:310)
2025-04-23 14:38:46,788 [grpc-default-executor-8] INFO  server.RaftServer$Division (RaftServerImpl.java:requestVote(1441)) - omNode-3@group-523986131536 replies to PRE_VOTE vote request: omNode-1<-omNode-3#0:OK-t12. Peer's state: omNode-3@group-523986131536:t12, leader=null, voted=null, raftlog=Memoized:omNode-3@group-523986131536-SegmentedRaftLog:OPENED:c308:last(t:11, i:308), conf=conf: {index: 107, cur=peers:[omNode-3|localhost:15017, omNode-1|localhost:15009, omNode-2|localhost:15013]|listeners:[], old=null}
2025-04-23 14:38:46,788 [omNode-1@group-523986131536-LeaderElection30] INFO  impl.LeaderElection (LeaderElection.java:logAndReturn(90)) - omNode-1@group-523986131536-LeaderElection30: PRE_VOTE PASSED received 1 response(s) and 0 exception(s):
2025-04-23 14:38:46,788 [omNode-1@group-523986131536-LeaderElection30] INFO  impl.LeaderElection (LeaderElection.java:logAndReturn(94)) -   Response 0: omNode-1<-omNode-2#0:OK-t12
2025-04-23 14:38:46,788 [omNode-1@group-523986131536-LeaderElection30] INFO  impl.LeaderElection (LeaderElection.java:askForVotes(334)) - omNode-1@group-523986131536-LeaderElection30 PRE_VOTE round 0: result PASSED
2025-04-23 14:38:46,790 [omNode-1@group-523986131536-LeaderElection30] INFO  impl.LeaderElection (LeaderElection.java:askForVotes(332)) - omNode-1@group-523986131536-LeaderElection30 ELECTION round 0: submit vote requests at term 13 for conf: {index: 309, cur=peers:[omNode-3|localhost:15017, omNode-1|localhost:15009, omNode-2|localhost:15013]|listeners:[], old=null}
2025-04-23 14:38:46,790 [omNode-1@group-523986131536-LeaderElection30] INFO  server.RaftServerConfigKeys (ConfUtils.java:logFallback(53)) - raft.server.rpc.first-election.timeout.min = 1s (fallback to raft.server.rpc.timeout.min)
2025-04-23 14:38:46,791 [omNode-1@group-523986131536-LeaderElection30] INFO  server.RaftServerConfigKeys (ConfUtils.java:logFallback(53)) - raft.server.rpc.first-election.timeout.max = 1200ms (fallback to raft.server.rpc.timeout.max)
2025-04-23 14:38:46,791 [grpc-default-executor-8] INFO  server.RaftServer$Division (RaftServerImpl.java:requestVote(1407)) - omNode-3@group-523986131536: receive requestVote(ELECTION, omNode-1, group-523986131536, 13, (t:12, i:310))
2025-04-23 14:38:46,791 [grpc-default-executor-8] INFO  impl.VoteContext (VoteContext.java:log(49)) - omNode-3@group-523986131536-FOLLOWER: accept ELECTION from omNode-1: our last entry (t:11, i:308) < candidate's last entry (t:12, i:310)
2025-04-23 14:38:46,791 [grpc-default-executor-7] INFO  server.RaftServer$Division (RaftServerImpl.java:requestVote(1407)) - omNode-2@group-523986131536: receive requestVote(ELECTION, omNode-1, group-523986131536, 13, (t:12, i:310))
2025-04-23 14:38:46,791 [grpc-default-executor-7] INFO  impl.VoteContext (VoteContext.java:log(49)) - omNode-2@group-523986131536-FOLLOWER: accept ELECTION from omNode-1: our priority 0 <= candidate's priority 0
2025-04-23 14:38:46,791 [grpc-default-executor-7] INFO  server.RaftServer$Division (RaftServerImpl.java:setRole(378)) - omNode-2@group-523986131536: changes role from  FOLLOWER to FOLLOWER at term 12 for candidate:omNode-1
2025-04-23 14:38:46,792 [grpc-default-executor-7] INFO  impl.RoleInfo (RoleInfo.java:shutdownFollowerState(121)) - omNode-2: shutdown omNode-2@group-523986131536-FollowerState
2025-04-23 14:38:46,791 [grpc-default-executor-8] INFO  server.RaftServer$Division (RaftServerImpl.java:setRole(378)) - omNode-3@group-523986131536: changes role from  FOLLOWER to FOLLOWER at term 12 for candidate:omNode-1
2025-04-23 14:38:46,792 [grpc-default-executor-7] INFO  impl.RoleInfo (RoleInfo.java:updateAndGet(148)) - omNode-2: start omNode-2@group-523986131536-FollowerState
2025-04-23 14:38:46,792 [grpc-default-executor-8] INFO  impl.RoleInfo (RoleInfo.java:shutdownFollowerState(121)) - omNode-3: shutdown omNode-3@group-523986131536-FollowerState
2025-04-23 14:38:46,792 [grpc-default-executor-8] INFO  impl.RoleInfo (RoleInfo.java:updateAndGet(148)) - omNode-3: start omNode-3@group-523986131536-FollowerState
2025-04-23 14:38:46,792 [omNode-2@group-523986131536-FollowerState] INFO  server.RaftServerConfigKeys (ConfUtils.java:logFallback(53)) - raft.server.rpc.first-election.timeout.min = 1s (fallback to raft.server.rpc.timeout.min)
2025-04-23 14:38:46,792 [grpc-default-executor-7] INFO  server.RaftServer$Division (RaftServerImpl.java:setFirstElection(562)) - omNode-2@group-523986131536: set firstElectionSinceStartup to false for candidate:omNode-1
2025-04-23 14:38:46,792 [omNode-2@group-523986131536-FollowerState] INFO  server.RaftServerConfigKeys (ConfUtils.java:logFallback(53)) - raft.server.rpc.first-election.timeout.max = 1200ms (fallback to raft.server.rpc.timeout.max)
2025-04-23 14:38:46,792 [omNode-3@group-523986131536-FollowerState] INFO  impl.FollowerState (FollowerState.java:runImpl(170)) - omNode-3@group-523986131536-FollowerState was interrupted
2025-04-23 14:38:46,792 [omNode-2@group-523986131536-FollowerState] INFO  impl.FollowerState (FollowerState.java:runImpl(170)) - omNode-2@group-523986131536-FollowerState was interrupted
2025-04-23 14:38:46,793 [grpc-default-executor-7] INFO  server.RaftServer$Division (RaftServerImpl.java:requestVote(1441)) - omNode-2@group-523986131536 replies to ELECTION vote request: omNode-1<-omNode-2#0:OK-t13. Peer's state: omNode-2@group-523986131536:t13, leader=null, voted=omNode-1, raftlog=Memoized:omNode-2@group-523986131536-SegmentedRaftLog:OPENED:c310:last(t:12, i:310), conf=conf: {index: 309, cur=peers:[omNode-3|localhost:15017, omNode-1|localhost:15009, omNode-2|localhost:15013]|listeners:[], old=null}
2025-04-23 14:38:46,794 [grpc-default-executor-8] INFO  server.RaftServer$Division (RaftServerImpl.java:requestVote(1441)) - omNode-3@group-523986131536 replies to ELECTION vote request: omNode-1<-omNode-3#0:OK-t13. Peer's state: omNode-3@group-523986131536:t13, leader=null, voted=omNode-1, raftlog=Memoized:omNode-3@group-523986131536-SegmentedRaftLog:OPENED:c308:last(t:11, i:308), conf=conf: {index: 107, cur=peers:[omNode-3|localhost:15017, omNode-1|localhost:15009, omNode-2|localhost:15013]|listeners:[], old=null}
2025-04-23 14:38:46,795 [omNode-1@group-523986131536-LeaderElection30] INFO  impl.LeaderElection (LeaderElection.java:logAndReturn(90)) - omNode-1@group-523986131536-LeaderElection30: ELECTION PASSED received 1 response(s) and 0 exception(s):
2025-04-23 14:38:46,795 [omNode-1@group-523986131536-LeaderElection30] INFO  impl.LeaderElection (LeaderElection.java:logAndReturn(94)) -   Response 0: omNode-1<-omNode-3#0:OK-t13
2025-04-23 14:38:46,795 [omNode-1@group-523986131536-LeaderElection30] INFO  impl.LeaderElection (LeaderElection.java:askForVotes(334)) - omNode-1@group-523986131536-LeaderElection30 ELECTION round 0: result PASSED
2025-04-23 14:38:46,795 [omNode-1@group-523986131536-LeaderElection30] INFO  impl.RoleInfo (RoleInfo.java:shutdownLeaderElection(141)) - omNode-1: shutdown omNode-1@group-523986131536-LeaderElection30
2025-04-23 14:38:46,795 [omNode-1@group-523986131536-LeaderElection30] INFO  server.RaftServer$Division (RaftServerImpl.java:setRole(378)) - omNode-1@group-523986131536: changes role from CANDIDATE to LEADER at term 13 for changeToLeader
2025-04-23 14:38:46,795 [omNode-1@group-523986131536-LeaderElection30] INFO  server.RaftServerConfigKeys (ConfUtils.java:logGet(46)) - raft.server.staging.catchup.gap = 1000 (default)
2025-04-23 14:38:46,795 [omNode-1@group-523986131536-LeaderElection30] INFO  server.RaftServerConfigKeys (ConfUtils.java:logGet(46)) - raft.server.write.element-limit = 4096 (default)
2025-04-23 14:38:46,796 [omNode-1@group-523986131536-LeaderElection30] INFO  server.RaftServerConfigKeys (ConfUtils.java:logGet(46)) - raft.server.write.byte-limit = 64MB (=67108864) (default)
2025-04-23 14:38:46,796 [omNode-1@group-523986131536-LeaderElection30] INFO  server.RaftServerConfigKeys (ConfUtils.java:logGet(46)) - raft.server.watch.timeout = 10s (default)
2025-04-23 14:38:46,796 [omNode-1@group-523986131536-LeaderElection30] INFO  server.RaftServerConfigKeys (ConfUtils.java:logGet(46)) - raft.server.watch.timeout.denomination = 1s (default)
2025-04-23 14:38:46,796 [omNode-1@group-523986131536-LeaderElection30] INFO  server.RaftServerConfigKeys (ConfUtils.java:logGet(46)) - raft.server.watch.element-limit = 65536 (default)
2025-04-23 14:38:46,796 [omNode-1@group-523986131536-LeaderElection30] INFO  server.RaftServerConfigKeys (ConfUtils.java:logGet(46)) - raft.server.read.leader.lease.enabled = false (default)
2025-04-23 14:38:46,796 [omNode-1@group-523986131536-LeaderElection30] INFO  server.RaftServerConfigKeys (ConfUtils.java:logGet(46)) - raft.server.read.leader.lease.timeout.ratio = 0.9 (default)
2025-04-23 14:38:46,796 [omNode-1@group-523986131536-LeaderElection30] INFO  server.RaftServerConfigKeys (ConfUtils.java:logGet(46)) - raft.server.rpc.timeout.min = 1s (custom)
2025-04-23 14:38:46,796 [omNode-1@group-523986131536-LeaderElection30] INFO  server.RaftServerConfigKeys (ConfUtils.java:logGet(46)) - raft.server.log.log-metadata.enabled = true (default)
2025-04-23 14:38:46,797 [omNode-1@group-523986131536-LeaderElection30] INFO  server.RaftServerConfigKeys (ConfUtils.java:logGet(46)) - raft.server.write.element-limit = 4096 (default)
2025-04-23 14:38:46,797 [omNode-1@group-523986131536-LeaderElection30] INFO  server.RaftServerConfigKeys (ConfUtils.java:logGet(46)) - raft.server.write.follower.gap.ratio.max = -1.0 (default)
2025-04-23 14:38:46,797 [omNode-1@group-523986131536-LeaderElection30] INFO  server.RaftServerConfigKeys (ConfUtils.java:logGet(46)) - raft.server.log.appender.snapshot.chunk.size.max = 16MB (=16777216) (default)
2025-04-23 14:38:46,797 [omNode-1@group-523986131536-LeaderElection30] INFO  server.RaftServerConfigKeys (ConfUtils.java:logGet(46)) - raft.server.log.appender.buffer.byte-limit = 4194304 (custom)
2025-04-23 14:38:46,797 [omNode-1@group-523986131536-LeaderElection30] INFO  server.RaftServerConfigKeys (ConfUtils.java:logGet(46)) - raft.server.log.appender.buffer.element-limit = 1024 (custom)
2025-04-23 14:38:46,797 [omNode-1@group-523986131536-LeaderElection30] INFO  server.RaftServerConfigKeys (ConfUtils.java:logGet(46)) - raft.server.log.appender.wait-time.min = 0ms (custom)
2025-04-23 14:38:46,797 [omNode-1@group-523986131536-LeaderElection30] INFO  grpc.GrpcConfigKeys (ConfUtils.java:logGet(46)) - raft.grpc.server.leader.outstanding.appends.max = 8 (default)
2025-04-23 14:38:46,797 [omNode-1@group-523986131536-LeaderElection30] INFO  server.RaftServerConfigKeys (ConfUtils.java:logGet(46)) - raft.server.rpc.request.timeout = 3000ms (default)
2025-04-23 14:38:46,797 [omNode-1@group-523986131536-LeaderElection30] INFO  grpc.GrpcConfigKeys (ConfUtils.java:logGet(46)) - raft.grpc.server.install_snapshot.request.element-limit = 8 (default)
2025-04-23 14:38:46,797 [omNode-1@group-523986131536-LeaderElection30] INFO  grpc.GrpcConfigKeys (ConfUtils.java:logGet(46)) - raft.grpc.server.install_snapshot.request.timeout = 3000ms (default)
2025-04-23 14:38:46,797 [omNode-1@group-523986131536-LeaderElection30] INFO  grpc.GrpcConfigKeys (ConfUtils.java:logGet(46)) - raft.grpc.server.log-message.batch.duration = 5s (default)
2025-04-23 14:38:46,797 [omNode-1@group-523986131536-LeaderElection30] INFO  server.RaftServerConfigKeys (ConfUtils.java:logGet(46)) - raft.server.log.appender.install.snapshot.enabled = false (custom)
2025-04-23 14:38:46,798 [omNode-1@group-523986131536-LeaderElection30] INFO  grpc.GrpcConfigKeys (ConfUtils.java:logGet(46)) - raft.grpc.server.heartbeat.channel = true (default)
2025-04-23 14:38:46,798 [omNode-1@group-523986131536-LeaderElection30] INFO  server.RaftServerConfigKeys (ConfUtils.java:logGet(46)) - raft.server.log.appender.snapshot.chunk.size.max = 16MB (=16777216) (default)
2025-04-23 14:38:46,798 [omNode-1@group-523986131536-LeaderElection30] INFO  server.RaftServerConfigKeys (ConfUtils.java:logGet(46)) - raft.server.log.appender.buffer.byte-limit = 4194304 (custom)
2025-04-23 14:38:46,798 [omNode-1@group-523986131536-LeaderElection30] INFO  server.RaftServerConfigKeys (ConfUtils.java:logGet(46)) - raft.server.log.appender.buffer.element-limit = 1024 (custom)
2025-04-23 14:38:46,798 [omNode-1@group-523986131536-LeaderElection30] INFO  server.RaftServerConfigKeys (ConfUtils.java:logGet(46)) - raft.server.log.appender.wait-time.min = 0ms (custom)
2025-04-23 14:38:46,798 [omNode-1@group-523986131536-LeaderElection30] INFO  grpc.GrpcConfigKeys (ConfUtils.java:logGet(46)) - raft.grpc.server.leader.outstanding.appends.max = 8 (default)
2025-04-23 14:38:46,798 [omNode-1@group-523986131536-LeaderElection30] INFO  server.RaftServerConfigKeys (ConfUtils.java:logGet(46)) - raft.server.rpc.request.timeout = 3000ms (default)
2025-04-23 14:38:46,798 [omNode-1@group-523986131536-LeaderElection30] INFO  grpc.GrpcConfigKeys (ConfUtils.java:logGet(46)) - raft.grpc.server.install_snapshot.request.element-limit = 8 (default)
2025-04-23 14:38:46,798 [omNode-1@group-523986131536-LeaderElection30] INFO  grpc.GrpcConfigKeys (ConfUtils.java:logGet(46)) - raft.grpc.server.install_snapshot.request.timeout = 3000ms (default)
2025-04-23 14:38:46,798 [omNode-1@group-523986131536-LeaderElection30] INFO  grpc.GrpcConfigKeys (ConfUtils.java:logGet(46)) - raft.grpc.server.log-message.batch.duration = 5s (default)
2025-04-23 14:38:46,798 [omNode-1@group-523986131536-LeaderElection30] INFO  server.RaftServerConfigKeys (ConfUtils.java:logGet(46)) - raft.server.log.appender.install.snapshot.enabled = false (custom)
2025-04-23 14:38:46,798 [omNode-1@group-523986131536-LeaderElection30] INFO  grpc.GrpcConfigKeys (ConfUtils.java:logGet(46)) - raft.grpc.server.heartbeat.channel = true (default)
2025-04-23 14:38:46,798 [omNode-1@group-523986131536-LeaderElection30] INFO  impl.RoleInfo (RoleInfo.java:updateAndGet(148)) - omNode-1: start omNode-1@group-523986131536-LeaderStateImpl
2025-04-23 14:38:46,798 [omNode-1@group-523986131536-LeaderElection30] INFO  server.RaftServer$Division (RaftServerImpl.java:setFirstElection(562)) - omNode-1@group-523986131536: set firstElectionSinceStartup to false for becomeLeader
2025-04-23 14:38:46,799 [omNode-1@group-523986131536-LeaderElection30] INFO  ratis.OzoneManagerStateMachine (OzoneManagerStateMachine.java:notifyLeaderChanged(169)) - omNode-1@group-523986131536: leader changed to omNode-1
2025-04-23 14:38:46,799 [omNode-1@group-523986131536-LeaderElection30] INFO  server.RaftServer$Division (ServerState.java:setLeader(272)) - omNode-1@group-523986131536: change Leader from null to omNode-1 at term 13 for becomeLeader, leader elected after 1152ms
2025-04-23 14:38:46,799 [omNode-1@group-523986131536-LeaderElection30] INFO  segmented.SegmentedRaftLogWorker (SegmentedRaftLogWorker.java:rollLogSegment(443)) - omNode-1@group-523986131536-SegmentedRaftLogWorker: Rolling segment log-309_310 to index:310
2025-04-23 14:38:46,799 [omNode-1@group-523986131536-LeaderElection30] INFO  server.RaftServer$Division (ServerState.java:setRaftConf(386)) - omNode-1@group-523986131536: set configuration conf: {index: 311, cur=peers:[omNode-3|localhost:15017, omNode-1|localhost:15009, omNode-2|localhost:15013]|listeners:[], old=null}
2025-04-23 14:38:46,799 [omNode-1@group-523986131536-SegmentedRaftLogWorker] INFO  segmented.SegmentedRaftLogWorker (SegmentedRaftLogWorker.java:execute(601)) - omNode-1@group-523986131536-SegmentedRaftLogWorker: Rolled log segment from /home/runner/work/ozone/ozone/hadoop-ozone/integration-test/target/test-dir/MiniOzoneClusterImpl-68853c07-42d2-4ef8-9e75-e3a852294e6a/omNode-1/ratis/c9bc4cf4-3bc3-3c60-a66b-523986131536/current/log_inprogress_309 to /home/runner/work/ozone/ozone/hadoop-ozone/integration-test/target/test-dir/MiniOzoneClusterImpl-68853c07-42d2-4ef8-9e75-e3a852294e6a/omNode-1/ratis/c9bc4cf4-3bc3-3c60-a66b-523986131536/current/log_309-310
2025-04-23 14:38:46,800 [omNode-1@group-523986131536-SegmentedRaftLogWorker] INFO  segmented.BufferedWriteChannel (BufferedWriteChannel.java:open(61)) - open log_inprogress_311 at position 0
2025-04-23 14:38:46,804 [omNode-2-server-thread1] INFO  ratis.OzoneManagerStateMachine (OzoneManagerStateMachine.java:notifyLeaderChanged(169)) - omNode-2@group-523986131536: leader changed to omNode-1
2025-04-23 14:38:46,804 [omNode-2-server-thread1] INFO  server.RaftServer$Division (ServerState.java:setLeader(272)) - omNode-2@group-523986131536: change Leader from null to omNode-1 at term 13 for appendEntries, leader elected after 719ms
2025-04-23 14:38:46,805 [omNode-3-server-thread1] INFO  ratis.OzoneManagerStateMachine (OzoneManagerStateMachine.java:notifyLeaderChanged(169)) - omNode-3@group-523986131536: leader changed to omNode-1
2025-04-23 14:38:46,805 [omNode-3-server-thread1] INFO  server.RaftServer$Division (ServerState.java:setLeader(272)) - omNode-3@group-523986131536: change Leader from null to omNode-1 at term 13 for appendEntries, leader elected after 1635ms
2025-04-23 14:38:46,805 [omNode-3-server-thread1] INFO  server.RaftServer$Division (RaftServerImpl.java:checkInconsistentAppendEntries(1648)) - omNode-3@group-523986131536: Failed appendEntries as previous log entry ((t:12, i:310)) is not found
2025-04-23 14:38:46,805 [omNode-3-server-thread1] INFO  server.RaftServer$Division (RaftServerImpl.java:appendEntriesAsync(1580)) - omNode-3@group-523986131536: appendEntries* reply omNode-1<-omNode-3#0:FAIL-t13,INCONSISTENCY,nextIndex=309,followerCommit=308,matchIndex=-1
2025-04-23 14:38:46,806 [grpc-default-executor-4] WARN  server.GrpcLogAppender (GrpcLogAppender.java:onNextImpl(519)) - omNode-1@group-523986131536->omNode-3-AppendLogResponseHandler: received INCONSISTENCY reply with nextIndex 309, errorCount=1, request=AppendEntriesRequest:cid=0,entriesCount=0
2025-04-23 14:38:46,806 [grpc-default-executor-4] INFO  leader.FollowerInfo (FollowerInfoImpl.java:info(70)) - omNode-1@group-523986131536->omNode-3: setNextIndex nextIndex: updateUnconditionally 312 -> 309
2025-04-23 14:38:46,806 [omNode-2-server-thread1] INFO  server.RaftServer$Division (ServerState.java:setRaftConf(386)) - omNode-2@group-523986131536: set configuration conf: {index: 311, cur=peers:[omNode-3|localhost:15017, omNode-1|localhost:15009, omNode-2|localhost:15013]|listeners:[], old=null}
2025-04-23 14:38:46,807 [omNode-2-server-thread1] INFO  segmented.SegmentedRaftLogWorker (SegmentedRaftLogWorker.java:rollLogSegment(443)) - omNode-2@group-523986131536-SegmentedRaftLogWorker: Rolling segment log-309_310 to index:310
2025-04-23 14:38:46,807 [omNode-3-server-thread2] INFO  server.RaftServer$Division (RaftServerImpl.java:checkInconsistentAppendEntries(1648)) - omNode-3@group-523986131536: Failed appendEntries as previous log entry ((t:12, i:310)) is not found
2025-04-23 14:38:46,807 [omNode-3-server-thread2] INFO  server.RaftServer$Division (RaftServerImpl.java:appendEntriesAsync(1580)) - omNode-3@group-523986131536: appendEntries* reply omNode-1<-omNode-3#1:FAIL-t13,INCONSISTENCY,nextIndex=309,followerCommit=308,matchIndex=-1
2025-04-23 14:38:46,807 [grpc-default-executor-7] WARN  server.GrpcLogAppender (GrpcLogAppender.java:onNextImpl(519)) - omNode-1@group-523986131536->omNode-3-AppendLogResponseHandler: received INCONSISTENCY reply with nextIndex 309, errorCount=2, request=null
2025-04-23 14:38:46,807 [omNode-2@group-523986131536-SegmentedRaftLogWorker] INFO  segmented.SegmentedRaftLogWorker (SegmentedRaftLogWorker.java:execute(601)) - omNode-2@group-523986131536-SegmentedRaftLogWorker: Rolled log segment from /home/runner/work/ozone/ozone/hadoop-ozone/integration-test/target/test-dir/MiniOzoneClusterImpl-68853c07-42d2-4ef8-9e75-e3a852294e6a/omNode-2/ratis/c9bc4cf4-3bc3-3c60-a66b-523986131536/current/log_inprogress_309 to /home/runner/work/ozone/ozone/hadoop-ozone/integration-test/target/test-dir/MiniOzoneClusterImpl-68853c07-42d2-4ef8-9e75-e3a852294e6a/omNode-2/ratis/c9bc4cf4-3bc3-3c60-a66b-523986131536/current/log_309-310
2025-04-23 14:38:46,807 [grpc-default-executor-7] INFO  leader.FollowerInfo (FollowerInfoImpl.java:info(70)) - omNode-1@group-523986131536->omNode-3: setNextIndex nextIndex: updateUnconditionally 312 -> 309
2025-04-23 14:38:46,808 [omNode-2@group-523986131536-SegmentedRaftLogWorker] INFO  segmented.BufferedWriteChannel (BufferedWriteChannel.java:open(61)) - open log_inprogress_311 at position 0
2025-04-23 14:38:46,808 [omNode-3-server-thread2] INFO  server.RaftServer$Division (ServerState.java:setRaftConf(386)) - omNode-3@group-523986131536: set configuration conf: {index: 309, cur=peers:[omNode-3|localhost:15017, omNode-1|localhost:15009, omNode-2|localhost:15013]|listeners:[], old=null}
2025-04-23 14:38:46,808 [omNode-3-server-thread2] INFO  server.RaftServer$Division (ServerState.java:setRaftConf(386)) - omNode-3@group-523986131536: set configuration conf: {index: 311, cur=peers:[omNode-3|localhost:15017, omNode-1|localhost:15009, omNode-2|localhost:15013]|listeners:[], old=null}
2025-04-23 14:38:46,808 [omNode-3-server-thread2] INFO  segmented.SegmentedRaftLogWorker (SegmentedRaftLogWorker.java:rollLogSegment(443)) - omNode-3@group-523986131536-SegmentedRaftLogWorker: Rolling segment log-107_308 to index:308
2025-04-23 14:38:46,808 [omNode-3-server-thread2] INFO  segmented.SegmentedRaftLogWorker (SegmentedRaftLogWorker.java:rollLogSegment(443)) - omNode-3@group-523986131536-SegmentedRaftLogWorker: Rolling segment log-309_310 to index:310
2025-04-23 14:38:46,808 [omNode-3@group-523986131536-SegmentedRaftLogWorker] INFO  segmented.SegmentedRaftLogWorker (SegmentedRaftLogWorker.java:execute(601)) - omNode-3@group-523986131536-SegmentedRaftLogWorker: Rolled log segment from /home/runner/work/ozone/ozone/hadoop-ozone/integration-test/target/test-dir/MiniOzoneClusterImpl-68853c07-42d2-4ef8-9e75-e3a852294e6a/omNode-3/ratis/c9bc4cf4-3bc3-3c60-a66b-523986131536/current/log_inprogress_107 to /home/runner/work/ozone/ozone/hadoop-ozone/integration-test/target/test-dir/MiniOzoneClusterImpl-68853c07-42d2-4ef8-9e75-e3a852294e6a/omNode-3/ratis/c9bc4cf4-3bc3-3c60-a66b-523986131536/current/log_107-308
2025-04-23 14:38:46,809 [omNode-3-server-thread2] INFO  server.RaftServer$Division (ServerState.java:setRaftConf(386)) - omNode-3@group-523986131536: set configuration conf: {index: 309, cur=peers:[omNode-3|localhost:15017, omNode-1|localhost:15009, omNode-2|localhost:15013]|listeners:[], old=null}
2025-04-23 14:38:46,809 [omNode-3@group-523986131536-SegmentedRaftLogWorker] INFO  segmented.BufferedWriteChannel (BufferedWriteChannel.java:open(61)) - open log_inprogress_309 at position 0
2025-04-23 14:38:46,809 [omNode-3-server-thread2] INFO  server.RaftServer$Division (ServerState.java:setRaftConf(386)) - omNode-3@group-523986131536: set configuration conf: {index: 311, cur=peers:[omNode-3|localhost:15017, omNode-1|localhost:15009, omNode-2|localhost:15013]|listeners:[], old=null}
2025-04-23 14:38:46,811 [omNode-1@group-523986131536-SegmentedRaftLogWorker] INFO  segmented.SegmentedRaftLogWorker (SegmentedRaftLogWorker.java:execute(644)) - omNode-1@group-523986131536-SegmentedRaftLogWorker: created new log segment /home/runner/work/ozone/ozone/hadoop-ozone/integration-test/target/test-dir/MiniOzoneClusterImpl-68853c07-42d2-4ef8-9e75-e3a852294e6a/omNode-1/ratis/c9bc4cf4-3bc3-3c60-a66b-523986131536/current/log_inprogress_311
2025-04-23 14:38:46,820 [omNode-3@group-523986131536-SegmentedRaftLogWorker] INFO  segmented.SegmentedRaftLogWorker (SegmentedRaftLogWorker.java:execute(644)) - omNode-3@group-523986131536-SegmentedRaftLogWorker: created new log segment /home/runner/work/ozone/ozone/hadoop-ozone/integration-test/target/test-dir/MiniOzoneClusterImpl-68853c07-42d2-4ef8-9e75-e3a852294e6a/omNode-3/ratis/c9bc4cf4-3bc3-3c60-a66b-523986131536/current/log_inprogress_309
2025-04-23 14:38:46,821 [omNode-2@group-523986131536-SegmentedRaftLogWorker] INFO  segmented.SegmentedRaftLogWorker (SegmentedRaftLogWorker.java:execute(644)) - omNode-2@group-523986131536-SegmentedRaftLogWorker: created new log segment /home/runner/work/ozone/ozone/hadoop-ozone/integration-test/target/test-dir/MiniOzoneClusterImpl-68853c07-42d2-4ef8-9e75-e3a852294e6a/omNode-2/ratis/c9bc4cf4-3bc3-3c60-a66b-523986131536/current/log_inprogress_311
2025-04-23 14:38:46,821 [omNode-3@group-523986131536-SegmentedRaftLogWorker] INFO  segmented.SegmentedRaftLogWorker (SegmentedRaftLogWorker.java:execute(601)) - omNode-3@group-523986131536-SegmentedRaftLogWorker: Rolled log segment from /home/runner/work/ozone/ozone/hadoop-ozone/integration-test/target/test-dir/MiniOzoneClusterImpl-68853c07-42d2-4ef8-9e75-e3a852294e6a/omNode-3/ratis/c9bc4cf4-3bc3-3c60-a66b-523986131536/current/log_inprogress_309 to /home/runner/work/ozone/ozone/hadoop-ozone/integration-test/target/test-dir/MiniOzoneClusterImpl-68853c07-42d2-4ef8-9e75-e3a852294e6a/omNode-3/ratis/c9bc4cf4-3bc3-3c60-a66b-523986131536/current/log_309-310
2025-04-23 14:38:46,822 [omNode-3@group-523986131536-SegmentedRaftLogWorker] INFO  segmented.BufferedWriteChannel (BufferedWriteChannel.java:open(61)) - open log_inprogress_311 at position 0
2025-04-23 14:38:46,823 [omNode-1@group-523986131536-StateMachineUpdater] INFO  ratis.OzoneManagerStateMachine (OzoneManagerStateMachine.java:notifyConfigurationChanged(231)) - notifyConfigurationChanged from Ratis: term=13, index=311, New Peer list: omNode-3(localhost:15017), omNode-1(localhost:15009), omNode-2(localhost:15013)
2025-04-23 14:38:46,823 [omNode-1@group-523986131536-StateMachineUpdater] INFO  server.RaftServer$Division (LeaderStateImpl.java:checkStartIndex(313)) - Leader omNode-1@group-523986131536-LeaderStateImpl is ready since appliedIndex == startIndex == 311
2025-04-23 14:38:46,824 [omNode-2@group-523986131536-StateMachineUpdater] INFO  ratis.OzoneManagerStateMachine (OzoneManagerStateMachine.java:notifyConfigurationChanged(231)) - notifyConfigurationChanged from Ratis: term=13, index=311, New Peer list: omNode-3(localhost:15017), omNode-1(localhost:15009), omNode-2(localhost:15013)
2025-04-23 14:38:46,830 [omNode-3@group-523986131536-SegmentedRaftLogWorker] INFO  segmented.SegmentedRaftLogWorker (SegmentedRaftLogWorker.java:execute(644)) - omNode-3@group-523986131536-SegmentedRaftLogWorker: created new log segment /home/runner/work/ozone/ozone/hadoop-ozone/integration-test/target/test-dir/MiniOzoneClusterImpl-68853c07-42d2-4ef8-9e75-e3a852294e6a/omNode-3/ratis/c9bc4cf4-3bc3-3c60-a66b-523986131536/current/log_inprogress_311
2025-04-23 14:38:46,832 [omNode-3@group-523986131536-StateMachineUpdater] INFO  ratis.OzoneManagerStateMachine (OzoneManagerStateMachine.java:notifyConfigurationChanged(231)) - notifyConfigurationChanged from Ratis: term=12, index=309, New Peer list: omNode-3(localhost:15017), omNode-1(localhost:15009), omNode-2(localhost:15013)
2025-04-23 14:38:46,833 [omNode-3@group-523986131536-StateMachineUpdater] INFO  ratis.OzoneManagerStateMachine (OzoneManagerStateMachine.java:notifyConfigurationChanged(231)) - notifyConfigurationChanged from Ratis: term=13, index=311, New Peer list: omNode-3(localhost:15017), omNode-1(localhost:15009), omNode-2(localhost:15013)
2025-04-23 14:38:46,938 [main] INFO  om.OzoneManager (OzoneManager.java:stop(2347)) - omNode-1[localhost:15006]: Stopping Ozone Manager
2025-04-23 14:38:46,938 [main] INFO  ipc.Server (Server.java:stop(3697)) - Stopping server on 15006
2025-04-23 14:38:46,940 [IPC Server listener on 15006] INFO  ipc.Server (Server.java:run(1585)) - Stopping IPC Server listener on 15006
2025-04-23 14:38:46,940 [IPC Server Responder] INFO  ipc.Server (Server.java:run(1718)) - Stopping IPC Server Responder
2025-04-23 14:38:46,940 [main] INFO  ratis.OzoneManagerRatisServer (OzoneManagerRatisServer.java:stop(634)) - Stopping org.apache.hadoop.ozone.om.ratis.OzoneManagerRatisServer@de35a11 at port 15009
2025-04-23 14:38:46,940 [main] INFO  server.RaftServer (RaftServerProxy.java:lambda$close$9(417)) - omNode-1: close
2025-04-23 14:38:46,940 [main] INFO  server.GrpcService (GrpcService.java:closeImpl(343)) - omNode-1: shutdown server GrpcServerProtocolService now
2025-04-23 14:38:46,940 [omNode-1-impl-thread1] INFO  server.RaftServer$Division (RaftServerImpl.java:lambda$close$1(513)) - omNode-1@group-523986131536: shutdown
2025-04-23 14:38:46,941 [omNode-1-impl-thread1] INFO  util.JmxRegister (JmxRegister.java:unregister(74)) - Successfully un-registered JMX Bean with object name Ratis:service=RaftServer,group=group-523986131536,id=omNode-1
2025-04-23 14:38:46,941 [omNode-1-impl-thread1] INFO  impl.RoleInfo (RoleInfo.java:shutdownLeaderState(103)) - omNode-1: shutdown omNode-1@group-523986131536-LeaderStateImpl
2025-04-23 14:38:46,941 [omNode-1@group-523986131536->omNode-2-GrpcLogAppender-LogAppenderDaemon] WARN  server.GrpcLogAppender (GrpcLogAppender.java:mayWait(293)) - omNode-1@group-523986131536->omNode-2-GrpcLogAppender: Wait interrupted by java.lang.InterruptedException
2025-04-23 14:38:46,941 [omNode-1@group-523986131536->omNode-3-GrpcLogAppender-LogAppenderDaemon] WARN  server.GrpcLogAppender (GrpcLogAppender.java:mayWait(293)) - omNode-1@group-523986131536->omNode-3-GrpcLogAppender: Wait interrupted by java.lang.InterruptedException
2025-04-23 14:38:46,941 [Thread-5083] INFO  server.GrpcServerProtocolClient (GrpcServerProtocolClient.java:close(105)) - omNode-3 Close channels
2025-04-23 14:38:46,941 [omNode-1-impl-thread1] INFO  impl.PendingRequests (PendingRequests.java:sendNotLeaderResponses(287)) - omNode-1@group-523986131536-PendingRequests: sendNotLeaderResponses
2025-04-23 14:38:46,942 [grpc-default-executor-7] INFO  server.GrpcServerProtocolService (GrpcServerProtocolService.java:onCompleted(157)) - omNode-3: Completed APPEND_ENTRIES, lastRequest: null
2025-04-23 14:38:46,942 [omNode-1-impl-thread1] INFO  impl.StateMachineUpdater (StateMachineUpdater.java:stopAndJoin(164)) - omNode-1@group-523986131536-StateMachineUpdater: set stopIndex = 312
2025-04-23 14:38:46,942 [Thread-5085] INFO  server.GrpcServerProtocolClient (GrpcServerProtocolClient.java:close(105)) - omNode-2 Close channels
2025-04-23 14:38:46,942 [grpc-default-executor-7] INFO  server.GrpcServerProtocolService (GrpcServerProtocolService.java:lambda$onCompleted$5(159)) - omNode-3: Completed APPEND_ENTRIES, lastReply: serverReply {
  requestorId: "omNode-1"
  replyId: "omNode-3"
  raftGroupId {
    id: "\311\274L\364;\303<`\246kR9\206\023\0256"
  }
}
term: 13
nextIndex: 309
result: INCONSISTENCY
followerCommit: 308
matchIndex: 18446744073709551615
isHearbeat: true

2025-04-23 14:38:46,942 [grpc-default-executor-8] INFO  server.GrpcServerProtocolService (GrpcServerProtocolService.java:onCompleted(157)) - omNode-3: Completed APPEND_ENTRIES, lastRequest: omNode-1->omNode-3#5-t13,previous=(t:13, i:311),leaderCommit=311,initializing? false,entries: size=1, first=(t:13, i:312), METADATAENTRY(c:311)
2025-04-23 14:38:46,943 [grpc-default-executor-8] INFO  server.GrpcServerProtocolService (GrpcServerProtocolService.java:lambda$onCompleted$5(159)) - omNode-3: Completed APPEND_ENTRIES, lastReply: null
2025-04-23 14:38:46,943 [grpc-default-executor-8] INFO  server.GrpcLogAppender (GrpcLogAppender.java:onCompleted(550)) - omNode-1@group-523986131536->omNode-3-AppendLogResponseHandler: follower responses appendEntries COMPLETED
2025-04-23 14:38:46,943 [grpc-default-executor-8] WARN  server.GrpcLogAppender (GrpcLogAppender.java:resetClient(230)) - omNode-1@group-523986131536->omNode-3-GrpcLogAppender: Failed to getClient for omNode-3
org.apache.ratis.protocol.exceptions.AlreadyClosedException: omNode-1 is already CLOSED
	at org.apache.ratis.util.PeerProxyMap$PeerAndProxy.getProxy(PeerProxyMap.java:67)
	at org.apache.ratis.util.PeerProxyMap.getProxy(PeerProxyMap.java:124)
	at org.apache.ratis.grpc.server.GrpcLogAppender.getClient(GrpcLogAppender.java:200)
	at org.apache.ratis.grpc.server.GrpcLogAppender.resetClient(GrpcLogAppender.java:205)
	at org.apache.ratis.grpc.server.GrpcLogAppender.access$800(GrpcLogAppender.java:64)
	at org.apache.ratis.grpc.server.GrpcLogAppender$AppendLogResponseHandler.onCompleted(GrpcLogAppender.java:551)
	at org.apache.ratis.thirdparty.io.grpc.stub.ClientCalls$StreamObserverToCallListenerAdapter.onClose(ClientCalls.java:479)
	at org.apache.ratis.thirdparty.io.grpc.internal.DelayedClientCall$DelayedListener$3.run(DelayedClientCall.java:489)
	at org.apache.ratis.thirdparty.io.grpc.internal.DelayedClientCall$DelayedListener.delayOrExecute(DelayedClientCall.java:453)
	at org.apache.ratis.thirdparty.io.grpc.internal.DelayedClientCall$DelayedListener.onClose(DelayedClientCall.java:486)
	at org.apache.ratis.thirdparty.io.grpc.internal.ClientCallImpl.closeObserver(ClientCallImpl.java:567)
	at org.apache.ratis.thirdparty.io.grpc.internal.ClientCallImpl.access$300(ClientCallImpl.java:71)
	at org.apache.ratis.thirdparty.io.grpc.internal.ClientCallImpl$ClientStreamListenerImpl$1StreamClosed.runInternal(ClientCallImpl.java:735)
	at org.apache.ratis.thirdparty.io.grpc.internal.ClientCallImpl$ClientStreamListenerImpl$1StreamClosed.runInContext(ClientCallImpl.java:716)
	at org.apache.ratis.thirdparty.io.grpc.internal.ContextRunnable.run(ContextRunnable.java:37)
	at org.apache.ratis.thirdparty.io.grpc.internal.SerializingExecutor.run(SerializingExecutor.java:133)
	at java.base/java.util.concurrent.ThreadPoolExecutor.runWorker(ThreadPoolExecutor.java:1144)
	at java.base/java.util.concurrent.ThreadPoolExecutor$Worker.run(ThreadPoolExecutor.java:642)
	at java.base/java.lang.Thread.run(Thread.java:1583)
2025-04-23 14:38:46,943 [grpc-default-executor-4] INFO  server.GrpcServerProtocolService (GrpcServerProtocolService.java:onCompleted(157)) - omNode-2: Completed APPEND_ENTRIES, lastRequest: omNode-1->omNode-2#2-t13,previous=(t:13, i:311),leaderCommit=311,initializing? false,entries: size=1, first=(t:13, i:312), METADATAENTRY(c:311)
2025-04-23 14:38:46,943 [grpc-default-executor-4] INFO  server.GrpcServerProtocolService (GrpcServerProtocolService.java:lambda$onCompleted$5(159)) - omNode-2: Completed APPEND_ENTRIES, lastReply: null
2025-04-23 14:38:46,944 [grpc-default-executor-2] INFO  server.GrpcLogAppender (GrpcLogAppender.java:onCompleted(550)) - omNode-1@group-523986131536->omNode-3-AppendLogResponseHandler: follower responses appendEntries COMPLETED
2025-04-23 14:38:46,944 [grpc-default-executor-2] WARN  server.GrpcLogAppender (GrpcLogAppender.java:resetClient(230)) - omNode-1@group-523986131536->omNode-3-GrpcLogAppender: Failed to getClient for omNode-3
org.apache.ratis.protocol.exceptions.AlreadyClosedException: omNode-1 is already CLOSED
	at org.apache.ratis.util.PeerProxyMap$PeerAndProxy.getProxy(PeerProxyMap.java:67)
	at org.apache.ratis.util.PeerProxyMap.getProxy(PeerProxyMap.java:124)
	at org.apache.ratis.grpc.server.GrpcLogAppender.getClient(GrpcLogAppender.java:200)
	at org.apache.ratis.grpc.server.GrpcLogAppender.resetClient(GrpcLogAppender.java:205)
	at org.apache.ratis.grpc.server.GrpcLogAppender.access$800(GrpcLogAppender.java:64)
	at org.apache.ratis.grpc.server.GrpcLogAppender$AppendLogResponseHandler.onCompleted(GrpcLogAppender.java:551)
	at org.apache.ratis.thirdparty.io.grpc.stub.ClientCalls$StreamObserverToCallListenerAdapter.onClose(ClientCalls.java:479)
	at org.apache.ratis.thirdparty.io.grpc.internal.ClientCallImpl.closeObserver(ClientCallImpl.java:567)
	at org.apache.ratis.thirdparty.io.grpc.internal.ClientCallImpl.access$300(ClientCallImpl.java:71)
	at org.apache.ratis.thirdparty.io.grpc.internal.ClientCallImpl$ClientStreamListenerImpl$1StreamClosed.runInternal(ClientCallImpl.java:735)
	at org.apache.ratis.thirdparty.io.grpc.internal.ClientCallImpl$ClientStreamListenerImpl$1StreamClosed.runInContext(ClientCallImpl.java:716)
	at org.apache.ratis.thirdparty.io.grpc.internal.ContextRunnable.run(ContextRunnable.java:37)
	at org.apache.ratis.thirdparty.io.grpc.internal.SerializingExecutor.run(SerializingExecutor.java:133)
	at java.base/java.util.concurrent.ThreadPoolExecutor.runWorker(ThreadPoolExecutor.java:1144)
	at java.base/java.util.concurrent.ThreadPoolExecutor$Worker.run(ThreadPoolExecutor.java:642)
	at java.base/java.lang.Thread.run(Thread.java:1583)
2025-04-23 14:38:46,944 [grpc-default-executor-4] INFO  server.GrpcLogAppender (GrpcLogAppender.java:onCompleted(550)) - omNode-1@group-523986131536->omNode-2-AppendLogResponseHandler: follower responses appendEntries COMPLETED
2025-04-23 14:38:46,944 [grpc-default-executor-4] WARN  server.GrpcLogAppender (GrpcLogAppender.java:resetClient(230)) - omNode-1@group-523986131536->omNode-2-GrpcLogAppender: Failed to getClient for omNode-2
org.apache.ratis.protocol.exceptions.AlreadyClosedException: omNode-1 is already CLOSED
	at org.apache.ratis.util.PeerProxyMap$PeerAndProxy.getProxy(PeerProxyMap.java:67)
	at org.apache.ratis.util.PeerProxyMap.getProxy(PeerProxyMap.java:124)
	at org.apache.ratis.grpc.server.GrpcLogAppender.getClient(GrpcLogAppender.java:200)
	at org.apache.ratis.grpc.server.GrpcLogAppender.resetClient(GrpcLogAppender.java:205)
	at org.apache.ratis.grpc.server.GrpcLogAppender.access$800(GrpcLogAppender.java:64)
	at org.apache.ratis.grpc.server.GrpcLogAppender$AppendLogResponseHandler.onCompleted(GrpcLogAppender.java:551)
	at org.apache.ratis.thirdparty.io.grpc.stub.ClientCalls$StreamObserverToCallListenerAdapter.onClose(ClientCalls.java:479)
	at org.apache.ratis.thirdparty.io.grpc.internal.ClientCallImpl.closeObserver(ClientCallImpl.java:567)
	at org.apache.ratis.thirdparty.io.grpc.internal.ClientCallImpl.access$300(ClientCallImpl.java:71)
	at org.apache.ratis.thirdparty.io.grpc.internal.ClientCallImpl$ClientStreamListenerImpl$1StreamClosed.runInternal(ClientCallImpl.java:735)
	at org.apache.ratis.thirdparty.io.grpc.internal.ClientCallImpl$ClientStreamListenerImpl$1StreamClosed.runInContext(ClientCallImpl.java:716)
	at org.apache.ratis.thirdparty.io.grpc.internal.ContextRunnable.run(ContextRunnable.java:37)
	at org.apache.ratis.thirdparty.io.grpc.internal.SerializingExecutor.run(SerializingExecutor.java:133)
	at java.base/java.util.concurrent.ThreadPoolExecutor.runWorker(ThreadPoolExecutor.java:1144)
	at java.base/java.util.concurrent.ThreadPoolExecutor$Worker.run(ThreadPoolExecutor.java:642)
	at java.base/java.lang.Thread.run(Thread.java:1583)
2025-04-23 14:38:46,943 [grpc-default-executor-7] INFO  server.GrpcServerProtocolService (GrpcServerProtocolService.java:onCompleted(157)) - omNode-2: Completed APPEND_ENTRIES, lastRequest: null
2025-04-23 14:38:46,944 [grpc-default-executor-7] INFO  server.GrpcServerProtocolService (GrpcServerProtocolService.java:lambda$onCompleted$5(159)) - omNode-2: Completed APPEND_ENTRIES, lastReply: serverReply {
  requestorId: "omNode-1"
  replyId: "omNode-2"
  raftGroupId {
    id: "\311\274L\364;\303<`\246kR9\206\023\0256"
  }
  success: true
}
term: 13
nextIndex: 311
followerCommit: 310
matchIndex: 18446744073709551615
isHearbeat: true

2025-04-23 14:38:46,945 [grpc-default-executor-4] INFO  server.GrpcLogAppender (GrpcLogAppender.java:onCompleted(550)) - omNode-1@group-523986131536->omNode-2-AppendLogResponseHandler: follower responses appendEntries COMPLETED
2025-04-23 14:38:46,945 [grpc-default-executor-4] WARN  server.GrpcLogAppender (GrpcLogAppender.java:resetClient(230)) - omNode-1@group-523986131536->omNode-2-GrpcLogAppender: Failed to getClient for omNode-2
org.apache.ratis.protocol.exceptions.AlreadyClosedException: omNode-1 is already CLOSED
	at org.apache.ratis.util.PeerProxyMap$PeerAndProxy.getProxy(PeerProxyMap.java:67)
	at org.apache.ratis.util.PeerProxyMap.getProxy(PeerProxyMap.java:124)
	at org.apache.ratis.grpc.server.GrpcLogAppender.getClient(GrpcLogAppender.java:200)
	at org.apache.ratis.grpc.server.GrpcLogAppender.resetClient(GrpcLogAppender.java:205)
	at org.apache.ratis.grpc.server.GrpcLogAppender.access$800(GrpcLogAppender.java:64)
	at org.apache.ratis.grpc.server.GrpcLogAppender$AppendLogResponseHandler.onCompleted(GrpcLogAppender.java:551)
	at org.apache.ratis.thirdparty.io.grpc.stub.ClientCalls$StreamObserverToCallListenerAdapter.onClose(ClientCalls.java:479)
	at org.apache.ratis.thirdparty.io.grpc.internal.DelayedClientCall$DelayedListener$3.run(DelayedClientCall.java:489)
	at org.apache.ratis.thirdparty.io.grpc.internal.DelayedClientCall$DelayedListener.delayOrExecute(DelayedClientCall.java:453)
	at org.apache.ratis.thirdparty.io.grpc.internal.DelayedClientCall$DelayedListener.onClose(DelayedClientCall.java:486)
	at org.apache.ratis.thirdparty.io.grpc.internal.ClientCallImpl.closeObserver(ClientCallImpl.java:567)
	at org.apache.ratis.thirdparty.io.grpc.internal.ClientCallImpl.access$300(ClientCallImpl.java:71)
	at org.apache.ratis.thirdparty.io.grpc.internal.ClientCallImpl$ClientStreamListenerImpl$1StreamClosed.runInternal(ClientCallImpl.java:735)
	at org.apache.ratis.thirdparty.io.grpc.internal.ClientCallImpl$ClientStreamListenerImpl$1StreamClosed.runInContext(ClientCallImpl.java:716)
	at org.apache.ratis.thirdparty.io.grpc.internal.ContextRunnable.run(ContextRunnable.java:37)
	at org.apache.ratis.thirdparty.io.grpc.internal.SerializingExecutor.run(SerializingExecutor.java:133)
	at java.base/java.util.concurrent.ThreadPoolExecutor.runWorker(ThreadPoolExecutor.java:1144)
	at java.base/java.util.concurrent.ThreadPoolExecutor$Worker.run(ThreadPoolExecutor.java:642)
	at java.base/java.lang.Thread.run(Thread.java:1583)
2025-04-23 14:38:46,945 [main] INFO  server.GrpcService (GrpcService.java:closeImpl(352)) - omNode-1: shutdown server GrpcServerProtocolService successfully
2025-04-23 14:38:46,950 [omNode-1@group-523986131536-StateMachineUpdater] INFO  ratis.OzoneManagerStateMachine (OzoneManagerStateMachine.java:takeSnapshotImpl(510)) - omNode-1: taking snapshot. applied = (t:13, i:312), skipped = 310, notified = (t:13, i:312), current snapshot index = (t:13, i:312), took 8 ms
2025-04-23 14:38:46,950 [omNode-1@group-523986131536-StateMachineUpdater] INFO  impl.StateMachineUpdater (StateMachineUpdater.java:takeSnapshot(303)) - omNode-1@group-523986131536-StateMachineUpdater: Took a snapshot at index 312
2025-04-23 14:38:46,950 [omNode-1@group-523986131536-StateMachineUpdater] INFO  impl.StateMachineUpdater (StateMachineUpdater.java:lambda$new$0(102)) - omNode-1@group-523986131536-StateMachineUpdater: snapshotIndex: updateIncreasingly 310 -> 312
2025-04-23 14:38:46,950 [omNode-1@group-523986131536-StateMachineUpdater] INFO  raftlog.RaftLog (RaftLogBase.java:purge(325)) - omNode-1@group-523986131536-SegmentedRaftLog: purge 312
2025-04-23 14:38:46,950 [omNode-1@group-523986131536-StateMachineUpdater] INFO  raftlog.RaftLog (RaftLogBase.java:lambda$new$0(54)) - omNode-1@group-523986131536-SegmentedRaftLog: snapshotIndex: updateIncreasingly 310 -> 312
2025-04-23 14:38:46,950 [omNode-1@group-523986131536-StateMachineUpdater] INFO  raftlog.RaftLog (SegmentedRaftLog.java:purgeImpl(382)) - omNode-1@group-523986131536-SegmentedRaftLog: purge(312)
  toTruncate: null
    toDelete: [(309, 310) isOpen? false, length=0, newEndIndex=0, (107, 308) isOpen? false, length=0, newEndIndex=0]
2025-04-23 14:38:46,950 [omNode-1@group-523986131536-SegmentedRaftLogWorker] INFO  segmented.SegmentedRaftLogWorker (SegmentedRaftLogWorker.java:execute(481)) - omNode-1@group-523986131536-SegmentedRaftLogWorker: Purged RaftLog segment: info=(309, 310) isOpen? false, length=0, newEndIndex=0, path=/home/runner/work/ozone/ozone/hadoop-ozone/integration-test/target/test-dir/MiniOzoneClusterImpl-68853c07-42d2-4ef8-9e75-e3a852294e6a/omNode-1/ratis/c9bc4cf4-3bc3-3c60-a66b-523986131536/current/log_309-310
2025-04-23 14:38:46,951 [omNode-1@group-523986131536-StateMachineUpdater] INFO  impl.StateMachineUpdater (StateMachineUpdater.java:stop(141)) - omNode-1@group-523986131536-StateMachineUpdater: closing OzoneManagerStateMachine, lastApplied=(t:13, i:312)
2025-04-23 14:38:46,951 [omNode-1@group-523986131536-StateMachineUpdater] INFO  ratis.OzoneManagerStateMachine (OzoneManagerStateMachine.java:close(550)) - Stopping OzoneManagerStateMachine:omNode-1:group-523986131536.
2025-04-23 14:38:46,951 [omNode-1@group-523986131536-StateMachineUpdater] INFO  ratis.OzoneManagerDoubleBuffer (OzoneManagerDoubleBuffer.java:stopDaemon(500)) - Stopping OMDoubleBuffer flush thread
2025-04-23 14:38:46,951 [omNode-1-OMDoubleBufferFlushThread] INFO  ratis.OzoneManagerDoubleBuffer (OzoneManagerDoubleBuffer.java:canFlush(559)) - OMDoubleBuffer flush thread omNode-1-OMDoubleBufferFlushThread is interrupted and will exit.
2025-04-23 14:38:46,951 [omNode-1@group-523986131536-SegmentedRaftLogWorker] INFO  segmented.SegmentedRaftLogWorker (SegmentedRaftLogWorker.java:execute(481)) - omNode-1@group-523986131536-SegmentedRaftLogWorker: Purged RaftLog segment: info=(107, 308) isOpen? false, length=0, newEndIndex=0, path=/home/runner/work/ozone/ozone/hadoop-ozone/integration-test/target/test-dir/MiniOzoneClusterImpl-68853c07-42d2-4ef8-9e75-e3a852294e6a/omNode-1/ratis/c9bc4cf4-3bc3-3c60-a66b-523986131536/current/log_107-308
2025-04-23 14:38:46,951 [omNode-1@group-523986131536-SegmentedRaftLogWorker] INFO  raftlog.RaftLog (RaftLogBase.java:lambda$new$0(54)) - omNode-1@group-523986131536-SegmentedRaftLog: purgeIndex: updateToMax old=106, new=310, updated? true
2025-04-23 14:38:46,951 [omNode-1@group-523986131536-cacheEviction-AwaitToRun] INFO  util.AwaitToRun (AwaitToRun.java:run(49)) - omNode-1@group-523986131536-cacheEviction-AwaitToRun-AwaitForSignal is interrupted
2025-04-23 14:38:47,952 [omNode-1-impl-thread1] INFO  segmented.SegmentedRaftLogWorker (SegmentedRaftLogWorker.java:close(252)) - omNode-1@group-523986131536-SegmentedRaftLogWorker close()
2025-04-23 14:38:47,953 [JvmPauseMonitor30] INFO  util.JvmPauseMonitor (JvmPauseMonitor.java:run(152)) - JvmPauseMonitor-omNode-1: Stopped
2025-04-23 14:38:47,953 [main] INFO  utils.BackgroundService (BackgroundService.java:shutdown(161)) - Shutting down service KeyDeletingService
2025-04-23 14:38:47,953 [main] INFO  utils.BackgroundService (BackgroundService.java:shutdown(161)) - Shutting down service DirectoryDeletingService
2025-04-23 14:38:47,954 [main] INFO  utils.BackgroundService (BackgroundService.java:shutdown(161)) - Shutting down service OpenKeyCleanupService
2025-04-23 14:38:47,955 [main] INFO  utils.BackgroundService (BackgroundService.java:shutdown(161)) - Shutting down service SstFilteringService
2025-04-23 14:38:47,955 [main] INFO  utils.BackgroundService (BackgroundService.java:shutdown(161)) - Shutting down service SnapshotDeletingService
2025-04-23 14:38:47,955 [main] INFO  utils.BackgroundService (BackgroundService.java:shutdown(161)) - Shutting down service MultipartUploadCleanupService
2025-04-23 14:38:47,956 [main] INFO  handler.ContextHandler (ContextHandler.java:doStop(1159)) - Stopped o.e.j.w.WebAppContext@5ff6e0e1{ozoneManager,/,null,STOPPED}{file:/home/runner/work/ozone/ozone/hadoop-ozone/integration-test/target/test-classes/webapps/ozoneManager}
2025-04-23 14:38:47,957 [main] INFO  server.AbstractConnector (AbstractConnector.java:doStop(383)) - Stopped ServerConnector@73823d54{HTTP/1.1, (http/1.1)}{0.0.0.0:15007}
2025-04-23 14:38:47,957 [main] INFO  server.session (HouseKeeper.java:stopScavenging(149)) - node0 Stopped scavenging
2025-04-23 14:38:47,957 [main] INFO  handler.ContextHandler (ContextHandler.java:doStop(1159)) - Stopped o.e.j.s.ServletContextHandler@787002ab{static,/static,file:///home/runner/work/ozone/ozone/hadoop-ozone/integration-test/target/test-classes/webapps/static,STOPPED}
2025-04-23 14:38:47,957 [main] INFO  handler.ContextHandler (ContextHandler.java:doStop(1159)) - Stopped o.e.j.s.ServletContextHandler@4437be97{logs,/logs,file:///home/runner/work/ozone/ozone/hadoop-ozone/integration-test/target/log,STOPPED}
2025-04-23 14:38:47,958 [main] INFO  rocksdiff.RocksDBCheckpointDiffer (RocksDBCheckpointDiffer.java:close(304)) - Shutting down CompactionDagPruningService.
2025-04-23 14:38:47,959 [main] INFO  snapshot.SnapshotDiffManager (SnapshotDiffManager.java:closeExecutorService(1698)) - Shutting down executorService: 'SnapDiffExecutor'
2025-04-23 14:38:47,960 [main] INFO  utils.BackgroundService (BackgroundService.java:shutdown(161)) - Shutting down service SnapshotDiffCleanupService
2025-04-23 14:38:48,887 [timer5] WARN  server.GrpcLogAppender (LogUtils.java:warn(121)) - omNode-2@group-523986131536->omNode-1-AppendLogResponseHandler: Failed appendEntries (Repeated 2 times in the last 5.000s): org.apache.ratis.thirdparty.io.grpc.StatusRuntimeException: CANCELLED: RST_STREAM closed stream. HTTP/2 error code: CANCEL
2025-04-23 14:38:48,887 [timer6] WARN  server.GrpcLogAppender (GrpcLogAppender.java:lambda$resetClient$1(221)) - omNode-2@group-523986131536->omNode-1-GrpcLogAppender: Follower failed (request=null, errorCount=2); keep nextIndex (311) unchanged and retry. (Repeated 2 times in the last 5.000s)
2025-04-23 14:38:48,912 [timer7] WARN  server.GrpcLogAppender (LogUtils.java:warn(121)) - omNode-2@group-523986131536->omNode-3-AppendLogResponseHandler: Failed appendEntries (Repeated 2 times in the last 5.000s): org.apache.ratis.thirdparty.io.grpc.StatusRuntimeException: UNAVAILABLE: io exception
2025-04-23 14:38:48,912 [timer0] WARN  server.GrpcLogAppender (GrpcLogAppender.java:lambda$resetClient$1(221)) - omNode-2@group-523986131536->omNode-3-GrpcLogAppender: Follower failed (request=null, errorCount=20); keep nextIndex (311) unchanged and retry. (Repeated 2 times in the last 5.001s)
2025-04-23 14:38:48,945 [omNode-2@group-523986131536-FollowerState] INFO  impl.FollowerState (FollowerState.java:runImpl(161)) - omNode-2@group-523986131536-FollowerState: change to CANDIDATE, lastRpcElapsedTime:2122264887ns, electionTimeout:1086ms
2025-04-23 14:38:48,945 [omNode-2@group-523986131536-FollowerState] INFO  impl.RoleInfo (RoleInfo.java:shutdownFollowerState(121)) - omNode-2: shutdown omNode-2@group-523986131536-FollowerState
2025-04-23 14:38:48,945 [omNode-2@group-523986131536-FollowerState] INFO  server.RaftServer$Division (RaftServerImpl.java:setRole(378)) - omNode-2@group-523986131536: changes role from  FOLLOWER to CANDIDATE at term 13 for changeToCandidate
2025-04-23 14:38:48,945 [omNode-2@group-523986131536-FollowerState] INFO  server.RaftServerConfigKeys (ConfUtils.java:logGet(46)) - raft.server.leaderelection.pre-vote = true (default)
2025-04-23 14:38:48,945 [omNode-2@group-523986131536-FollowerState] INFO  impl.RoleInfo (RoleInfo.java:updateAndGet(148)) - omNode-2: start omNode-2@group-523986131536-LeaderElection31
2025-04-23 14:38:48,946 [omNode-2@group-523986131536-LeaderElection31] INFO  server.RaftServer$Division (ServerState.java:setLeader(272)) - omNode-2@group-523986131536: change Leader from omNode-1 to null at term 13 for PRE_VOTE
2025-04-23 14:38:48,946 [omNode-2@group-523986131536-LeaderElection31] INFO  impl.LeaderElection (LeaderElection.java:askForVotes(332)) - omNode-2@group-523986131536-LeaderElection31 PRE_VOTE round 0: submit vote requests at term 13 for conf: {index: 311, cur=peers:[omNode-3|localhost:15017, omNode-1|localhost:15009, omNode-2|localhost:15013]|listeners:[], old=null}
2025-04-23 14:38:48,946 [omNode-2@group-523986131536-LeaderElection31-1] INFO  server.GrpcServerProtocolClient (GrpcServerProtocolClient.java:<init>(65)) - Build channel for omNode-3|localhost:15017
2025-04-23 14:38:48,946 [omNode-2@group-523986131536-LeaderElection31-2] INFO  server.GrpcServerProtocolClient (GrpcServerProtocolClient.java:<init>(65)) - Build channel for omNode-1|localhost:15009
2025-04-23 14:38:48,948 [omNode-2@group-523986131536-LeaderElection31] INFO  impl.LeaderElection (LogUtils.java:infoOrTrace(136)) - omNode-2@group-523986131536-LeaderElection31 got exception when requesting votes: java.util.concurrent.ExecutionException: org.apache.ratis.thirdparty.io.grpc.StatusRuntimeException: UNAVAILABLE: io exception
2025-04-23 14:38:48,949 [grpc-default-executor-7] INFO  server.RaftServer$Division (RaftServerImpl.java:requestVote(1407)) - omNode-3@group-523986131536: receive requestVote(PRE_VOTE, omNode-2, group-523986131536, 13, (t:13, i:312))
2025-04-23 14:38:48,949 [grpc-default-executor-7] INFO  impl.VoteContext (VoteContext.java:log(49)) - omNode-3@group-523986131536-FOLLOWER: accept PRE_VOTE from omNode-2: our priority 0 <= candidate's priority 0
2025-04-23 14:38:48,949 [grpc-default-executor-7] INFO  server.RaftServer$Division (RaftServerImpl.java:requestVote(1441)) - omNode-3@group-523986131536 replies to PRE_VOTE vote request: omNode-2<-omNode-3#0:OK-t13. Peer's state: omNode-3@group-523986131536:t13, leader=omNode-1, voted=omNode-1, raftlog=Memoized:omNode-3@group-523986131536-SegmentedRaftLog:OPENED:c311:last(t:13, i:312), conf=conf: {index: 311, cur=peers:[omNode-3|localhost:15017, omNode-1|localhost:15009, omNode-2|localhost:15013]|listeners:[], old=null}
2025-04-23 14:38:48,950 [omNode-2@group-523986131536-LeaderElection31] INFO  impl.LeaderElection (LeaderElection.java:logAndReturn(90)) - omNode-2@group-523986131536-LeaderElection31: PRE_VOTE PASSED received 1 response(s) and 1 exception(s):
2025-04-23 14:38:48,950 [omNode-2@group-523986131536-LeaderElection31] INFO  impl.LeaderElection (LeaderElection.java:logAndReturn(94)) -   Response 0: omNode-2<-omNode-3#0:OK-t13
2025-04-23 14:38:48,950 [omNode-2@group-523986131536-LeaderElection31] INFO  impl.LeaderElection (LogUtils.java:infoOrTrace(136)) -   Exception 1: java.util.concurrent.ExecutionException: org.apache.ratis.thirdparty.io.grpc.StatusRuntimeException: UNAVAILABLE: io exception
2025-04-23 14:38:48,950 [omNode-2@group-523986131536-LeaderElection31] INFO  impl.LeaderElection (LeaderElection.java:askForVotes(334)) - omNode-2@group-523986131536-LeaderElection31 PRE_VOTE round 0: result PASSED
2025-04-23 14:38:48,952 [omNode-2@group-523986131536-LeaderElection31] INFO  impl.LeaderElection (LeaderElection.java:askForVotes(332)) - omNode-2@group-523986131536-LeaderElection31 ELECTION round 0: submit vote requests at term 14 for conf: {index: 311, cur=peers:[omNode-3|localhost:15017, omNode-1|localhost:15009, omNode-2|localhost:15013]|listeners:[], old=null}
2025-04-23 14:38:48,953 [omNode-2@group-523986131536-LeaderElection31] INFO  impl.LeaderElection (LogUtils.java:infoOrTrace(136)) - omNode-2@group-523986131536-LeaderElection31 got exception when requesting votes: java.util.concurrent.ExecutionException: org.apache.ratis.thirdparty.io.grpc.StatusRuntimeException: UNAVAILABLE: io exception
2025-04-23 14:38:48,953 [grpc-default-executor-7] INFO  server.RaftServer$Division (RaftServerImpl.java:requestVote(1407)) - omNode-3@group-523986131536: receive requestVote(ELECTION, omNode-2, group-523986131536, 14, (t:13, i:312))
2025-04-23 14:38:48,953 [grpc-default-executor-7] INFO  impl.VoteContext (VoteContext.java:log(49)) - omNode-3@group-523986131536-FOLLOWER: accept ELECTION from omNode-2: our priority 0 <= candidate's priority 0
2025-04-23 14:38:48,953 [grpc-default-executor-7] INFO  server.RaftServer$Division (RaftServerImpl.java:setRole(378)) - omNode-3@group-523986131536: changes role from  FOLLOWER to FOLLOWER at term 13 for candidate:omNode-2
2025-04-23 14:38:48,953 [grpc-default-executor-7] INFO  impl.RoleInfo (RoleInfo.java:shutdownFollowerState(121)) - omNode-3: shutdown omNode-3@group-523986131536-FollowerState
2025-04-23 14:38:48,953 [grpc-default-executor-7] INFO  server.RaftServer$Division (ServerState.java:setLeader(272)) - omNode-3@group-523986131536: change Leader from omNode-1 to null at term 14 for updateCurrentTerm
2025-04-23 14:38:48,954 [grpc-default-executor-7] INFO  impl.RoleInfo (RoleInfo.java:updateAndGet(148)) - omNode-3: start omNode-3@group-523986131536-FollowerState
2025-04-23 14:38:48,954 [omNode-3@group-523986131536-FollowerState] INFO  impl.FollowerState (FollowerState.java:runImpl(170)) - omNode-3@group-523986131536-FollowerState was interrupted
2025-04-23 14:38:48,955 [grpc-default-executor-7] INFO  server.RaftServer$Division (RaftServerImpl.java:requestVote(1441)) - omNode-3@group-523986131536 replies to ELECTION vote request: omNode-2<-omNode-3#0:OK-t14. Peer's state: omNode-3@group-523986131536:t14, leader=null, voted=omNode-2, raftlog=Memoized:omNode-3@group-523986131536-SegmentedRaftLog:OPENED:c311:last(t:13, i:312), conf=conf: {index: 311, cur=peers:[omNode-3|localhost:15017, omNode-1|localhost:15009, omNode-2|localhost:15013]|listeners:[], old=null}
2025-04-23 14:38:48,955 [omNode-2@group-523986131536-LeaderElection31] INFO  impl.LeaderElection (LeaderElection.java:logAndReturn(90)) - omNode-2@group-523986131536-LeaderElection31: ELECTION PASSED received 1 response(s) and 1 exception(s):
2025-04-23 14:38:48,955 [omNode-2@group-523986131536-LeaderElection31] INFO  impl.LeaderElection (LeaderElection.java:logAndReturn(94)) -   Response 0: omNode-2<-omNode-3#0:OK-t14
2025-04-23 14:38:48,955 [omNode-2@group-523986131536-LeaderElection31] INFO  impl.LeaderElection (LogUtils.java:infoOrTrace(136)) -   Exception 1: java.util.concurrent.ExecutionException: org.apache.ratis.thirdparty.io.grpc.StatusRuntimeException: UNAVAILABLE: io exception
2025-04-23 14:38:48,955 [omNode-2@group-523986131536-LeaderElection31] INFO  impl.LeaderElection (LeaderElection.java:askForVotes(334)) - omNode-2@group-523986131536-LeaderElection31 ELECTION round 0: result PASSED
2025-04-23 14:38:48,955 [omNode-2@group-523986131536-LeaderElection31] INFO  impl.RoleInfo (RoleInfo.java:shutdownLeaderElection(141)) - omNode-2: shutdown omNode-2@group-523986131536-LeaderElection31
2025-04-23 14:38:48,955 [omNode-2@group-523986131536-LeaderElection31] INFO  server.RaftServer$Division (RaftServerImpl.java:setRole(378)) - omNode-2@group-523986131536: changes role from CANDIDATE to LEADER at term 14 for changeToLeader
2025-04-23 14:38:48,955 [omNode-2@group-523986131536-LeaderElection31] INFO  server.RaftServerConfigKeys (ConfUtils.java:logGet(46)) - raft.server.staging.catchup.gap = 1000 (default)
2025-04-23 14:38:48,955 [omNode-2@group-523986131536-LeaderElection31] INFO  server.RaftServerConfigKeys (ConfUtils.java:logGet(46)) - raft.server.write.element-limit = 4096 (default)
2025-04-23 14:38:48,956 [omNode-2@group-523986131536-LeaderElection31] INFO  server.RaftServerConfigKeys (ConfUtils.java:logGet(46)) - raft.server.write.byte-limit = 64MB (=67108864) (default)
2025-04-23 14:38:48,956 [omNode-2@group-523986131536-LeaderElection31] INFO  server.RaftServerConfigKeys (ConfUtils.java:logGet(46)) - raft.server.watch.timeout = 10s (default)
2025-04-23 14:38:48,956 [omNode-2@group-523986131536-LeaderElection31] INFO  server.RaftServerConfigKeys (ConfUtils.java:logGet(46)) - raft.server.watch.timeout.denomination = 1s (default)
2025-04-23 14:38:48,956 [omNode-2@group-523986131536-LeaderElection31] INFO  server.RaftServerConfigKeys (ConfUtils.java:logGet(46)) - raft.server.watch.element-limit = 65536 (default)
2025-04-23 14:38:48,956 [omNode-2@group-523986131536-LeaderElection31] INFO  server.RaftServerConfigKeys (ConfUtils.java:logGet(46)) - raft.server.read.leader.lease.enabled = false (default)
2025-04-23 14:38:48,956 [omNode-2@group-523986131536-LeaderElection31] INFO  server.RaftServerConfigKeys (ConfUtils.java:logGet(46)) - raft.server.read.leader.lease.timeout.ratio = 0.9 (default)
2025-04-23 14:38:48,956 [omNode-2@group-523986131536-LeaderElection31] INFO  server.RaftServerConfigKeys (ConfUtils.java:logGet(46)) - raft.server.rpc.timeout.min = 1s (custom)
2025-04-23 14:38:48,956 [omNode-2@group-523986131536-LeaderElection31] INFO  server.RaftServerConfigKeys (ConfUtils.java:logGet(46)) - raft.server.log.log-metadata.enabled = true (default)
2025-04-23 14:38:48,956 [omNode-2@group-523986131536-LeaderElection31] INFO  server.RaftServerConfigKeys (ConfUtils.java:logGet(46)) - raft.server.write.element-limit = 4096 (default)
2025-04-23 14:38:48,956 [omNode-2@group-523986131536-LeaderElection31] INFO  server.RaftServerConfigKeys (ConfUtils.java:logGet(46)) - raft.server.write.follower.gap.ratio.max = -1.0 (default)
2025-04-23 14:38:48,957 [omNode-2@group-523986131536-LeaderElection31] INFO  server.RaftServerConfigKeys (ConfUtils.java:logGet(46)) - raft.server.log.appender.snapshot.chunk.size.max = 16MB (=16777216) (default)
2025-04-23 14:38:48,957 [omNode-2@group-523986131536-LeaderElection31] INFO  server.RaftServerConfigKeys (ConfUtils.java:logGet(46)) - raft.server.log.appender.buffer.byte-limit = 4194304 (custom)
2025-04-23 14:38:48,957 [omNode-2@group-523986131536-LeaderElection31] INFO  server.RaftServerConfigKeys (ConfUtils.java:logGet(46)) - raft.server.log.appender.buffer.element-limit = 1024 (custom)
2025-04-23 14:38:48,957 [omNode-2@group-523986131536-LeaderElection31] INFO  server.RaftServerConfigKeys (ConfUtils.java:logGet(46)) - raft.server.log.appender.wait-time.min = 0ms (custom)
2025-04-23 14:38:48,957 [omNode-2@group-523986131536-LeaderElection31] INFO  grpc.GrpcConfigKeys (ConfUtils.java:logGet(46)) - raft.grpc.server.leader.outstanding.appends.max = 8 (default)
2025-04-23 14:38:48,957 [omNode-2@group-523986131536-LeaderElection31] INFO  server.RaftServerConfigKeys (ConfUtils.java:logGet(46)) - raft.server.rpc.request.timeout = 3000ms (default)
2025-04-23 14:38:48,957 [omNode-2@group-523986131536-LeaderElection31] INFO  grpc.GrpcConfigKeys (ConfUtils.java:logGet(46)) - raft.grpc.server.install_snapshot.request.element-limit = 8 (default)
2025-04-23 14:38:48,957 [omNode-2@group-523986131536-LeaderElection31] INFO  grpc.GrpcConfigKeys (ConfUtils.java:logGet(46)) - raft.grpc.server.install_snapshot.request.timeout = 3000ms (default)
2025-04-23 14:38:48,957 [omNode-2@group-523986131536-LeaderElection31] INFO  grpc.GrpcConfigKeys (ConfUtils.java:logGet(46)) - raft.grpc.server.log-message.batch.duration = 5s (default)
2025-04-23 14:38:48,957 [omNode-2@group-523986131536-LeaderElection31] INFO  server.RaftServerConfigKeys (ConfUtils.java:logGet(46)) - raft.server.log.appender.install.snapshot.enabled = false (custom)
2025-04-23 14:38:48,957 [omNode-2@group-523986131536-LeaderElection31] INFO  grpc.GrpcConfigKeys (ConfUtils.java:logGet(46)) - raft.grpc.server.heartbeat.channel = true (default)
2025-04-23 14:38:48,957 [omNode-2@group-523986131536-LeaderElection31] INFO  server.RaftServerConfigKeys (ConfUtils.java:logGet(46)) - raft.server.log.appender.snapshot.chunk.size.max = 16MB (=16777216) (default)
2025-04-23 14:38:48,957 [omNode-2@group-523986131536-LeaderElection31] INFO  server.RaftServerConfigKeys (ConfUtils.java:logGet(46)) - raft.server.log.appender.buffer.byte-limit = 4194304 (custom)
2025-04-23 14:38:48,957 [omNode-2@group-523986131536-LeaderElection31] INFO  server.RaftServerConfigKeys (ConfUtils.java:logGet(46)) - raft.server.log.appender.buffer.element-limit = 1024 (custom)
2025-04-23 14:38:48,958 [omNode-2@group-523986131536-LeaderElection31] INFO  server.RaftServerConfigKeys (ConfUtils.java:logGet(46)) - raft.server.log.appender.wait-time.min = 0ms (custom)
2025-04-23 14:38:48,958 [omNode-2@group-523986131536-LeaderElection31] INFO  grpc.GrpcConfigKeys (ConfUtils.java:logGet(46)) - raft.grpc.server.leader.outstanding.appends.max = 8 (default)
2025-04-23 14:38:48,958 [omNode-2@group-523986131536-LeaderElection31] INFO  server.RaftServerConfigKeys (ConfUtils.java:logGet(46)) - raft.server.rpc.request.timeout = 3000ms (default)
2025-04-23 14:38:48,958 [omNode-2@group-523986131536-LeaderElection31] INFO  grpc.GrpcConfigKeys (ConfUtils.java:logGet(46)) - raft.grpc.server.install_snapshot.request.element-limit = 8 (default)
2025-04-23 14:38:48,958 [omNode-2@group-523986131536-LeaderElection31] INFO  grpc.GrpcConfigKeys (ConfUtils.java:logGet(46)) - raft.grpc.server.install_snapshot.request.timeout = 3000ms (default)
2025-04-23 14:38:48,958 [omNode-2@group-523986131536-LeaderElection31] INFO  grpc.GrpcConfigKeys (ConfUtils.java:logGet(46)) - raft.grpc.server.log-message.batch.duration = 5s (default)
2025-04-23 14:38:48,958 [omNode-2@group-523986131536-LeaderElection31] INFO  server.RaftServerConfigKeys (ConfUtils.java:logGet(46)) - raft.server.log.appender.install.snapshot.enabled = false (custom)
2025-04-23 14:38:48,958 [omNode-2@group-523986131536-LeaderElection31] INFO  grpc.GrpcConfigKeys (ConfUtils.java:logGet(46)) - raft.grpc.server.heartbeat.channel = true (default)
2025-04-23 14:38:48,958 [omNode-2@group-523986131536-LeaderElection31] INFO  impl.RoleInfo (RoleInfo.java:updateAndGet(148)) - omNode-2: start omNode-2@group-523986131536-LeaderStateImpl
2025-04-23 14:38:48,958 [omNode-2@group-523986131536-LeaderElection31] INFO  ratis.OzoneManagerStateMachine (OzoneManagerStateMachine.java:notifyLeaderChanged(169)) - omNode-2@group-523986131536: leader changed to omNode-2
2025-04-23 14:38:48,958 [omNode-2@group-523986131536-LeaderElection31] INFO  server.RaftServer$Division (ServerState.java:setLeader(272)) - omNode-2@group-523986131536: change Leader from null to omNode-2 at term 14 for becomeLeader, leader elected after 12ms
2025-04-23 14:38:48,958 [omNode-2@group-523986131536-LeaderElection31] INFO  segmented.SegmentedRaftLogWorker (SegmentedRaftLogWorker.java:rollLogSegment(443)) - omNode-2@group-523986131536-SegmentedRaftLogWorker: Rolling segment log-311_312 to index:312
2025-04-23 14:38:48,958 [omNode-2@group-523986131536-LeaderElection31] INFO  server.RaftServer$Division (ServerState.java:setRaftConf(386)) - omNode-2@group-523986131536: set configuration conf: {index: 313, cur=peers:[omNode-3|localhost:15017, omNode-1|localhost:15009, omNode-2|localhost:15013]|listeners:[], old=null}
2025-04-23 14:38:48,960 [grpc-default-executor-4] WARN  server.GrpcLogAppender (LogUtils.java:warn(121)) - omNode-2@group-523986131536->omNode-1-AppendLogResponseHandler: Failed appendEntries: org.apache.ratis.thirdparty.io.grpc.StatusRuntimeException: UNAVAILABLE: io exception
2025-04-23 14:38:48,960 [grpc-default-executor-4] WARN  server.GrpcLogAppender (GrpcLogAppender.java:lambda$resetClient$1(221)) - omNode-2@group-523986131536->omNode-1-GrpcLogAppender: Follower failed (request=null, errorCount=1); keep nextIndex (313) unchanged and retry.
2025-04-23 14:38:48,961 [omNode-2@group-523986131536-SegmentedRaftLogWorker] INFO  segmented.SegmentedRaftLogWorker (SegmentedRaftLogWorker.java:execute(601)) - omNode-2@group-523986131536-SegmentedRaftLogWorker: Rolled log segment from /home/runner/work/ozone/ozone/hadoop-ozone/integration-test/target/test-dir/MiniOzoneClusterImpl-68853c07-42d2-4ef8-9e75-e3a852294e6a/omNode-2/ratis/c9bc4cf4-3bc3-3c60-a66b-523986131536/current/log_inprogress_311 to /home/runner/work/ozone/ozone/hadoop-ozone/integration-test/target/test-dir/MiniOzoneClusterImpl-68853c07-42d2-4ef8-9e75-e3a852294e6a/omNode-2/ratis/c9bc4cf4-3bc3-3c60-a66b-523986131536/current/log_311-312
2025-04-23 14:38:48,961 [omNode-2@group-523986131536-SegmentedRaftLogWorker] INFO  segmented.BufferedWriteChannel (BufferedWriteChannel.java:open(61)) - open log_inprogress_313 at position 0
2025-04-23 14:38:48,965 [grpc-default-executor-8] WARN  server.GrpcLogAppender (GrpcLogAppender.java:lambda$resetClient$1(221)) - omNode-2@group-523986131536->omNode-1-GrpcLogAppender: Follower failed (request=null, errorCount=3); keep nextIndex (314) unchanged and retry.
2025-04-23 14:38:48,968 [omNode-3-server-thread2] INFO  ratis.OzoneManagerStateMachine (OzoneManagerStateMachine.java:notifyLeaderChanged(169)) - omNode-3@group-523986131536: leader changed to omNode-2
2025-04-23 14:38:48,968 [omNode-3-server-thread2] INFO  server.RaftServer$Division (ServerState.java:setLeader(272)) - omNode-3@group-523986131536: change Leader from null to omNode-2 at term 14 for appendEntries, leader elected after 14ms
2025-04-23 14:38:48,969 [omNode-3-server-thread2] INFO  server.RaftServer$Division (ServerState.java:setRaftConf(386)) - omNode-3@group-523986131536: set configuration conf: {index: 313, cur=peers:[omNode-3|localhost:15017, omNode-1|localhost:15009, omNode-2|localhost:15013]|listeners:[], old=null}
2025-04-23 14:38:48,969 [omNode-3-server-thread2] INFO  segmented.SegmentedRaftLogWorker (SegmentedRaftLogWorker.java:rollLogSegment(443)) - omNode-3@group-523986131536-SegmentedRaftLogWorker: Rolling segment log-311_312 to index:312
2025-04-23 14:38:48,970 [omNode-3@group-523986131536-SegmentedRaftLogWorker] INFO  segmented.SegmentedRaftLogWorker (SegmentedRaftLogWorker.java:execute(601)) - omNode-3@group-523986131536-SegmentedRaftLogWorker: Rolled log segment from /home/runner/work/ozone/ozone/hadoop-ozone/integration-test/target/test-dir/MiniOzoneClusterImpl-68853c07-42d2-4ef8-9e75-e3a852294e6a/omNode-3/ratis/c9bc4cf4-3bc3-3c60-a66b-523986131536/current/log_inprogress_311 to /home/runner/work/ozone/ozone/hadoop-ozone/integration-test/target/test-dir/MiniOzoneClusterImpl-68853c07-42d2-4ef8-9e75-e3a852294e6a/omNode-3/ratis/c9bc4cf4-3bc3-3c60-a66b-523986131536/current/log_311-312
2025-04-23 14:38:48,971 [omNode-3@group-523986131536-SegmentedRaftLogWorker] INFO  segmented.BufferedWriteChannel (BufferedWriteChannel.java:open(61)) - open log_inprogress_313 at position 0
2025-04-23 14:38:48,972 [omNode-2@group-523986131536-SegmentedRaftLogWorker] INFO  segmented.SegmentedRaftLogWorker (SegmentedRaftLogWorker.java:execute(644)) - omNode-2@group-523986131536-SegmentedRaftLogWorker: created new log segment /home/runner/work/ozone/ozone/hadoop-ozone/integration-test/target/test-dir/MiniOzoneClusterImpl-68853c07-42d2-4ef8-9e75-e3a852294e6a/omNode-2/ratis/c9bc4cf4-3bc3-3c60-a66b-523986131536/current/log_inprogress_313
2025-04-23 14:38:48,980 [omNode-3@group-523986131536-SegmentedRaftLogWorker] INFO  segmented.SegmentedRaftLogWorker (SegmentedRaftLogWorker.java:execute(644)) - omNode-3@group-523986131536-SegmentedRaftLogWorker: created new log segment /home/runner/work/ozone/ozone/hadoop-ozone/integration-test/target/test-dir/MiniOzoneClusterImpl-68853c07-42d2-4ef8-9e75-e3a852294e6a/omNode-3/ratis/c9bc4cf4-3bc3-3c60-a66b-523986131536/current/log_inprogress_313
2025-04-23 14:38:48,982 [grpc-default-executor-0] WARN  server.GrpcLogAppender (GrpcLogAppender.java:lambda$resetClient$1(221)) - omNode-2@group-523986131536->omNode-1-GrpcLogAppender: Follower failed (request=null, errorCount=5); keep nextIndex (315) unchanged and retry.
2025-04-23 14:38:48,982 [omNode-2@group-523986131536-StateMachineUpdater] INFO  ratis.OzoneManagerStateMachine (OzoneManagerStateMachine.java:notifyConfigurationChanged(231)) - notifyConfigurationChanged from Ratis: term=14, index=313, New Peer list: omNode-3(localhost:15017), omNode-1(localhost:15009), omNode-2(localhost:15013)
2025-04-23 14:38:48,982 [omNode-2@group-523986131536-StateMachineUpdater] INFO  server.RaftServer$Division (LeaderStateImpl.java:checkStartIndex(313)) - Leader omNode-2@group-523986131536-LeaderStateImpl is ready since appliedIndex == startIndex == 313
2025-04-23 14:38:48,983 [omNode-3@group-523986131536-StateMachineUpdater] INFO  ratis.OzoneManagerStateMachine (OzoneManagerStateMachine.java:notifyConfigurationChanged(231)) - notifyConfigurationChanged from Ratis: term=14, index=313, New Peer list: omNode-3(localhost:15017), omNode-1(localhost:15009), omNode-2(localhost:15013)
2025-04-23 14:38:53,307 [b3e33d86-0447-4fd5-9cd5-f314a86cc755-BlockDeletingService#1] INFO  interfaces.ContainerDeletionChoosingPolicyTemplate (ContainerDeletionChoosingPolicyTemplate.java:chooseContainerForBlockDeletion(83)) - Chosen 0/5000 blocks from 0 candidate containers.
2025-04-23 14:38:53,465 [90a71c42-cf1a-4ac2-af8f-9011ebfd0240-BlockDeletingService#1] INFO  interfaces.ContainerDeletionChoosingPolicyTemplate (ContainerDeletionChoosingPolicyTemplate.java:chooseContainerForBlockDeletion(83)) - Chosen 0/5000 blocks from 0 candidate containers.
2025-04-23 14:38:53,676 [2f27ff4a-e7fd-448a-86d2-53e05ca0039d-BlockDeletingService#1] INFO  interfaces.ContainerDeletionChoosingPolicyTemplate (ContainerDeletionChoosingPolicyTemplate.java:chooseContainerForBlockDeletion(83)) - Chosen 0/5000 blocks from 0 candidate containers.
2025-04-23 14:38:53,960 [timer5] WARN  server.GrpcLogAppender (LogUtils.java:warn(121)) - omNode-2@group-523986131536->omNode-1-AppendLogResponseHandler: Failed appendEntries (Repeated 18 times in the last 5.001s): org.apache.ratis.thirdparty.io.grpc.StatusRuntimeException: UNAVAILABLE: io exception
2025-04-23 14:38:53,961 [timer6] WARN  server.GrpcLogAppender (GrpcLogAppender.java:lambda$resetClient$1(221)) - omNode-2@group-523986131536->omNode-1-GrpcLogAppender: Follower failed (request=null, errorCount=2); keep nextIndex (313) unchanged and retry. (Repeated 2 times in the last 5.001s)
2025-04-23 14:38:53,965 [timer0] WARN  server.GrpcLogAppender (GrpcLogAppender.java:lambda$resetClient$1(221)) - omNode-2@group-523986131536->omNode-1-GrpcLogAppender: Follower failed (request=null, errorCount=4); keep nextIndex (314) unchanged and retry. (Repeated 2 times in the last 5.000s)
2025-04-23 14:38:53,982 [timer5] WARN  server.GrpcLogAppender (GrpcLogAppender.java:lambda$resetClient$1(221)) - omNode-2@group-523986131536->omNode-1-GrpcLogAppender: Follower failed (request=null, errorCount=18); keep nextIndex (315) unchanged and retry. (Repeated 14 times in the last 5.001s)
2025-04-23 14:38:54,344 [grpc-default-executor-7] WARN  server.GrpcLogAppender (LogUtils.java:warn(121)) - omNode-2@group-523986131536->omNode-1-AppendLogResponseHandler: Failed appendEntries: org.apache.ratis.thirdparty.io.grpc.StatusRuntimeException: UNAVAILABLE: io exception
2025-04-23 14:38:54,344 [grpc-default-executor-0] WARN  server.GrpcLogAppender (GrpcLogAppender.java:lambda$resetClient$1(221)) - omNode-2@group-523986131536->omNode-1-GrpcLogAppender: Follower failed (request=null, errorCount=19); keep nextIndex (315) unchanged and retry.
2025-04-23 14:38:55,961 [main] INFO  rpc.RpcClient (RpcClient.java:createVolume(462)) - Creating Volume: volume76839, with user87857 as owner and space quota set to -1 bytes, counts quota set to -1
2025-04-23 14:38:55,967 [grpc-default-executor-8] WARN  server.GrpcLogAppender (GrpcLogAppender.java:lambda$resetClient$1(221)) - omNode-2@group-523986131536->omNode-1-GrpcLogAppender: Follower failed (request=null, errorCount=25); keep nextIndex (317) unchanged and retry.
2025-04-23 14:38:55,981 [omNode-2-OMStateMachineApplyTransactionThread - 0] WARN  helpers.OzoneAclUtil (OzoneAclUtil.java:getDefaultAclList(77)) - Failed to get primary group from user user87857 (auth:SIMPLE)
2025-04-23 14:38:55,981 [omNode-3-OMStateMachineApplyTransactionThread - 0] WARN  helpers.OzoneAclUtil (OzoneAclUtil.java:getDefaultAclList(77)) - Failed to get primary group from user user87857 (auth:SIMPLE)
2025-04-23 14:38:55,982 [omNode-2-OMStateMachineApplyTransactionThread - 0] INFO  volume.OMVolumeCreateRequest (OMVolumeCreateRequest.java:validateAndUpdateCache(203)) - created volume:volume76839 for user:user87857
2025-04-23 14:38:55,982 [omNode-3-OMStateMachineApplyTransactionThread - 0] INFO  volume.OMVolumeCreateRequest (OMVolumeCreateRequest.java:validateAndUpdateCache(203)) - created volume:volume76839 for user:user87857
2025-04-23 14:38:55,985 [main] INFO  rpc.RpcClient (RpcClient.java:createVolume(462)) - Creating Volume: volume17826, with user71155 as owner and space quota set to -1 bytes, counts quota set to -1
2025-04-23 14:38:55,987 [grpc-default-executor-7] WARN  server.GrpcLogAppender (GrpcLogAppender.java:lambda$resetClient$1(221)) - omNode-2@group-523986131536->omNode-1-GrpcLogAppender: Follower failed (request=null, errorCount=27); keep nextIndex (318) unchanged and retry.
2025-04-23 14:38:55,988 [grpc-default-executor-7] WARN  server.GrpcLogAppender (GrpcLogAppender.java:lambda$resetClient$1(221)) - omNode-2@group-523986131536->omNode-1-GrpcLogAppender: Follower failed (request=null, errorCount=29); keep nextIndex (319) unchanged and retry.
2025-04-23 14:38:55,997 [omNode-2-OMStateMachineApplyTransactionThread - 0] WARN  helpers.OzoneAclUtil (OzoneAclUtil.java:getDefaultAclList(77)) - Failed to get primary group from user user71155 (auth:SIMPLE)
2025-04-23 14:38:55,997 [omNode-3-OMStateMachineApplyTransactionThread - 0] WARN  helpers.OzoneAclUtil (OzoneAclUtil.java:getDefaultAclList(77)) - Failed to get primary group from user user71155 (auth:SIMPLE)
2025-04-23 14:38:55,997 [omNode-3-OMStateMachineApplyTransactionThread - 0] INFO  volume.OMVolumeCreateRequest (OMVolumeCreateRequest.java:validateAndUpdateCache(203)) - created volume:volume17826 for user:user71155
2025-04-23 14:38:55,997 [omNode-2-OMStateMachineApplyTransactionThread - 0] INFO  volume.OMVolumeCreateRequest (OMVolumeCreateRequest.java:validateAndUpdateCache(203)) - created volume:volume17826 for user:user71155
2025-04-23 14:38:55,999 [main] INFO  rpc.RpcClient (RpcClient.java:createBucket(687)) - Creating Bucket: volume17826/1222a9d8-7947-4917-a4c4-9ac59cfbbaed, with server-side default bucket layout, runner as owner, Versioning false, Storage Type set to DISK and Encryption set to false, Replication Type set to server-side default replication type, Namespace Quota set to -1, Space Quota set to -1 
2025-04-23 14:38:56,002 [grpc-default-executor-7] WARN  server.GrpcLogAppender (GrpcLogAppender.java:lambda$resetClient$1(221)) - omNode-2@group-523986131536->omNode-1-GrpcLogAppender: Follower failed (request=null, errorCount=31); keep nextIndex (320) unchanged and retry.
2025-04-23 14:38:56,004 [grpc-default-executor-0] WARN  server.GrpcLogAppender (GrpcLogAppender.java:lambda$resetClient$1(221)) - omNode-2@group-523986131536->omNode-1-GrpcLogAppender: Follower failed (request=null, errorCount=33); keep nextIndex (321) unchanged and retry.
2025-04-23 14:38:56,005 [omNode-2-OMStateMachineApplyTransactionThread - 0] INFO  bucket.OMBucketCreateRequest (OMBucketCreateRequest.java:validateAndUpdateCache(291)) - created bucket: 1222a9d8-7947-4917-a4c4-9ac59cfbbaed of layout OBJECT_STORE in volume: volume17826
2025-04-23 14:38:56,008 [omNode-3-OMStateMachineApplyTransactionThread - 0] INFO  bucket.OMBucketCreateRequest (OMBucketCreateRequest.java:validateAndUpdateCache(291)) - created bucket: 1222a9d8-7947-4917-a4c4-9ac59cfbbaed of layout OBJECT_STORE in volume: volume17826
2025-04-23 14:38:56,016 [grpc-default-executor-7] WARN  server.GrpcLogAppender (GrpcLogAppender.java:lambda$resetClient$1(221)) - omNode-2@group-523986131536->omNode-1-GrpcLogAppender: Follower failed (request=null, errorCount=35); keep nextIndex (322) unchanged and retry.
2025-04-23 14:38:56,018 [grpc-default-executor-0] WARN  server.GrpcLogAppender (GrpcLogAppender.java:lambda$resetClient$1(221)) - omNode-2@group-523986131536->omNode-1-GrpcLogAppender: Follower failed (request=null, errorCount=37); keep nextIndex (323) unchanged and retry.
2025-04-23 14:38:56,039 [grpc-default-executor-0] WARN  server.GrpcLogAppender (GrpcLogAppender.java:lambda$resetClient$1(221)) - omNode-2@group-523986131536->omNode-1-GrpcLogAppender: Follower failed (request=null, errorCount=39); keep nextIndex (324) unchanged and retry.
2025-04-23 14:38:56,055 [main] INFO  om.OzoneManager (OzoneManager.java:stop(2347)) - omNode-3[localhost:15014]: Stopping Ozone Manager
2025-04-23 14:38:56,055 [main] INFO  ipc.Server (Server.java:stop(3697)) - Stopping server on 15014
2025-04-23 14:38:56,057 [IPC Server Responder] INFO  ipc.Server (Server.java:run(1718)) - Stopping IPC Server Responder
2025-04-23 14:38:56,057 [IPC Server listener on 15014] INFO  ipc.Server (Server.java:run(1585)) - Stopping IPC Server listener on 15014
2025-04-23 14:38:56,057 [main] INFO  ratis.OzoneManagerRatisServer (OzoneManagerRatisServer.java:stop(634)) - Stopping org.apache.hadoop.ozone.om.ratis.OzoneManagerRatisServer@644c0e at port 15017
2025-04-23 14:38:56,057 [main] INFO  server.RaftServer (RaftServerProxy.java:lambda$close$9(417)) - omNode-3: close
2025-04-23 14:38:56,057 [main] INFO  server.GrpcService (GrpcService.java:closeImpl(343)) - omNode-3: shutdown server GrpcServerProtocolService now
2025-04-23 14:38:56,057 [omNode-3-impl-thread1] INFO  server.RaftServer$Division (RaftServerImpl.java:lambda$close$1(513)) - omNode-3@group-523986131536: shutdown
2025-04-23 14:38:56,057 [omNode-3-impl-thread1] INFO  util.JmxRegister (JmxRegister.java:unregister(74)) - Successfully un-registered JMX Bean with object name Ratis:service=RaftServer,group=group-523986131536,id=omNode-3
2025-04-23 14:38:56,057 [omNode-3-impl-thread1] INFO  impl.RoleInfo (RoleInfo.java:shutdownFollowerState(121)) - omNode-3: shutdown omNode-3@group-523986131536-FollowerState
2025-04-23 14:38:56,057 [omNode-3-impl-thread1] INFO  impl.StateMachineUpdater (StateMachineUpdater.java:stopAndJoin(164)) - omNode-3@group-523986131536-StateMachineUpdater: set stopIndex = 323
2025-04-23 14:38:56,058 [grpc-default-executor-7] WARN  server.GrpcServerProtocolService (LogUtils.java:warn(121)) - omNode-3: APPEND_ENTRIES onError, lastRequest: omNode-2->omNode-3#35-t14,previous=(t:14, i:323),leaderCommit=323,initializing? false,entries: size=1, first=(t:14, i:324), METADATAENTRY(c:323): org.apache.ratis.thirdparty.io.grpc.StatusRuntimeException: CANCELLED: client cancelled
2025-04-23 14:38:56,058 [Thread-5145] INFO  server.GrpcServerProtocolClient (GrpcServerProtocolClient.java:close(105)) - omNode-1 Close channels
2025-04-23 14:38:56,058 [grpc-default-executor-8] WARN  server.GrpcServerProtocolService (LogUtils.java:warn(121)) - omNode-3: APPEND_ENTRIES onError, lastRequest: null: org.apache.ratis.thirdparty.io.grpc.StatusRuntimeException: CANCELLED: client cancelled
2025-04-23 14:38:56,058 [omNode-3@group-523986131536-FollowerState] INFO  impl.FollowerState (FollowerState.java:runImpl(170)) - omNode-3@group-523986131536-FollowerState was interrupted
2025-04-23 14:38:56,059 [Thread-5146] INFO  server.GrpcServerProtocolClient (GrpcServerProtocolClient.java:close(105)) - omNode-2 Close channels
2025-04-23 14:38:56,059 [grpc-default-executor-0] WARN  server.GrpcLogAppender (LogUtils.java:warn(121)) - omNode-2@group-523986131536->omNode-3-AppendLogResponseHandler: Failed appendEntries: org.apache.ratis.thirdparty.io.grpc.StatusRuntimeException: CANCELLED: RST_STREAM closed stream. HTTP/2 error code: CANCEL
2025-04-23 14:38:56,059 [grpc-default-executor-8] WARN  server.GrpcLogAppender (GrpcLogAppender.java:lambda$resetClient$1(221)) - omNode-2@group-523986131536->omNode-3-GrpcLogAppender: Follower failed (request=null, errorCount=1); keep nextIndex (325) unchanged and retry.
2025-04-23 14:38:56,060 [main] INFO  server.GrpcService (GrpcService.java:closeImpl(352)) - omNode-3: shutdown server GrpcServerProtocolService successfully
2025-04-23 14:38:56,080 [omNode-3@group-523986131536-StateMachineUpdater] INFO  ratis.OzoneManagerStateMachine (OzoneManagerStateMachine.java:takeSnapshotImpl(510)) - omNode-3: taking snapshot. applied = (t:14, i:323), skipped = 321, notified = (t:14, i:322), current snapshot index = (t:14, i:323), took 22 ms
2025-04-23 14:38:56,080 [omNode-3@group-523986131536-StateMachineUpdater] INFO  impl.StateMachineUpdater (StateMachineUpdater.java:takeSnapshot(303)) - omNode-3@group-523986131536-StateMachineUpdater: Took a snapshot at index 323
2025-04-23 14:38:56,080 [omNode-3@group-523986131536-StateMachineUpdater] INFO  impl.StateMachineUpdater (StateMachineUpdater.java:lambda$new$0(102)) - omNode-3@group-523986131536-StateMachineUpdater: snapshotIndex: updateIncreasingly 308 -> 323
2025-04-23 14:38:56,080 [omNode-3@group-523986131536-StateMachineUpdater] INFO  raftlog.RaftLog (RaftLogBase.java:purge(325)) - omNode-3@group-523986131536-SegmentedRaftLog: purge 323
2025-04-23 14:38:56,081 [omNode-3@group-523986131536-StateMachineUpdater] INFO  raftlog.RaftLog (RaftLogBase.java:lambda$new$0(54)) - omNode-3@group-523986131536-SegmentedRaftLog: snapshotIndex: updateIncreasingly 308 -> 323
2025-04-23 14:38:56,081 [omNode-3@group-523986131536-StateMachineUpdater] INFO  raftlog.RaftLog (SegmentedRaftLog.java:purgeImpl(382)) - omNode-3@group-523986131536-SegmentedRaftLog: purge(323)
  toTruncate: null
    toDelete: [(311, 312) isOpen? false, length=0, newEndIndex=0, (309, 310) isOpen? false, length=0, newEndIndex=0, (107, 308) isOpen? false, length=0, newEndIndex=0]
2025-04-23 14:38:56,081 [omNode-3@group-523986131536-StateMachineUpdater] INFO  impl.StateMachineUpdater (StateMachineUpdater.java:stop(141)) - omNode-3@group-523986131536-StateMachineUpdater: closing OzoneManagerStateMachine, lastApplied=(t:14, i:323)
2025-04-23 14:38:56,081 [omNode-3@group-523986131536-StateMachineUpdater] INFO  ratis.OzoneManagerStateMachine (OzoneManagerStateMachine.java:close(550)) - Stopping OzoneManagerStateMachine:omNode-3:group-523986131536.
2025-04-23 14:38:56,081 [omNode-3@group-523986131536-StateMachineUpdater] INFO  ratis.OzoneManagerDoubleBuffer (OzoneManagerDoubleBuffer.java:stopDaemon(500)) - Stopping OMDoubleBuffer flush thread
2025-04-23 14:38:56,081 [omNode-3-OMDoubleBufferFlushThread] INFO  ratis.OzoneManagerDoubleBuffer (OzoneManagerDoubleBuffer.java:canFlush(559)) - OMDoubleBuffer flush thread omNode-3-OMDoubleBufferFlushThread is interrupted and will exit.
2025-04-23 14:38:56,081 [omNode-3@group-523986131536-SegmentedRaftLogWorker] INFO  segmented.SegmentedRaftLogWorker (SegmentedRaftLogWorker.java:execute(481)) - omNode-3@group-523986131536-SegmentedRaftLogWorker: Purged RaftLog segment: info=(311, 312) isOpen? false, length=0, newEndIndex=0, path=/home/runner/work/ozone/ozone/hadoop-ozone/integration-test/target/test-dir/MiniOzoneClusterImpl-68853c07-42d2-4ef8-9e75-e3a852294e6a/omNode-3/ratis/c9bc4cf4-3bc3-3c60-a66b-523986131536/current/log_311-312
2025-04-23 14:38:56,081 [omNode-3@group-523986131536-SegmentedRaftLogWorker] INFO  segmented.SegmentedRaftLogWorker (SegmentedRaftLogWorker.java:execute(481)) - omNode-3@group-523986131536-SegmentedRaftLogWorker: Purged RaftLog segment: info=(309, 310) isOpen? false, length=0, newEndIndex=0, path=/home/runner/work/ozone/ozone/hadoop-ozone/integration-test/target/test-dir/MiniOzoneClusterImpl-68853c07-42d2-4ef8-9e75-e3a852294e6a/omNode-3/ratis/c9bc4cf4-3bc3-3c60-a66b-523986131536/current/log_309-310
2025-04-23 14:38:56,081 [omNode-3@group-523986131536-SegmentedRaftLogWorker] INFO  segmented.SegmentedRaftLogWorker (SegmentedRaftLogWorker.java:execute(481)) - omNode-3@group-523986131536-SegmentedRaftLogWorker: Purged RaftLog segment: info=(107, 308) isOpen? false, length=0, newEndIndex=0, path=/home/runner/work/ozone/ozone/hadoop-ozone/integration-test/target/test-dir/MiniOzoneClusterImpl-68853c07-42d2-4ef8-9e75-e3a852294e6a/omNode-3/ratis/c9bc4cf4-3bc3-3c60-a66b-523986131536/current/log_107-308
2025-04-23 14:38:56,081 [omNode-3@group-523986131536-SegmentedRaftLogWorker] INFO  raftlog.RaftLog (RaftLogBase.java:lambda$new$0(54)) - omNode-3@group-523986131536-SegmentedRaftLog: purgeIndex: updateToMax old=106, new=312, updated? true
2025-04-23 14:38:56,081 [omNode-3@group-523986131536-cacheEviction-AwaitToRun] INFO  util.AwaitToRun (AwaitToRun.java:run(49)) - omNode-3@group-523986131536-cacheEviction-AwaitToRun-AwaitForSignal is interrupted
2025-04-23 14:38:57,082 [omNode-3-impl-thread1] INFO  segmented.SegmentedRaftLogWorker (SegmentedRaftLogWorker.java:close(252)) - omNode-3@group-523986131536-SegmentedRaftLogWorker close()
2025-04-23 14:38:57,083 [JvmPauseMonitor29] INFO  util.JvmPauseMonitor (JvmPauseMonitor.java:run(152)) - JvmPauseMonitor-omNode-3: Stopped
2025-04-23 14:38:57,083 [main] INFO  utils.BackgroundService (BackgroundService.java:shutdown(161)) - Shutting down service KeyDeletingService
2025-04-23 14:38:57,084 [main] INFO  utils.BackgroundService (BackgroundService.java:shutdown(161)) - Shutting down service DirectoryDeletingService
2025-04-23 14:38:57,084 [main] INFO  utils.BackgroundService (BackgroundService.java:shutdown(161)) - Shutting down service OpenKeyCleanupService
2025-04-23 14:38:57,085 [main] INFO  utils.BackgroundService (BackgroundService.java:shutdown(161)) - Shutting down service SstFilteringService
2025-04-23 14:38:57,085 [main] INFO  utils.BackgroundService (BackgroundService.java:shutdown(161)) - Shutting down service SnapshotDeletingService
2025-04-23 14:38:57,085 [main] INFO  utils.BackgroundService (BackgroundService.java:shutdown(161)) - Shutting down service MultipartUploadCleanupService
2025-04-23 14:38:57,086 [main] INFO  handler.ContextHandler (ContextHandler.java:doStop(1159)) - Stopped o.e.j.w.WebAppContext@6c077a89{ozoneManager,/,null,STOPPED}{file:/home/runner/work/ozone/ozone/hadoop-ozone/integration-test/target/test-classes/webapps/ozoneManager}
2025-04-23 14:38:57,087 [main] INFO  server.AbstractConnector (AbstractConnector.java:doStop(383)) - Stopped ServerConnector@59df2d51{HTTP/1.1, (http/1.1)}{0.0.0.0:15015}
2025-04-23 14:38:57,087 [main] INFO  server.session (HouseKeeper.java:stopScavenging(149)) - node0 Stopped scavenging
2025-04-23 14:38:57,087 [main] INFO  handler.ContextHandler (ContextHandler.java:doStop(1159)) - Stopped o.e.j.s.ServletContextHandler@2d51d020{static,/static,file:///home/runner/work/ozone/ozone/hadoop-ozone/integration-test/target/test-classes/webapps/static,STOPPED}
2025-04-23 14:38:57,087 [main] INFO  handler.ContextHandler (ContextHandler.java:doStop(1159)) - Stopped o.e.j.s.ServletContextHandler@741535e9{logs,/logs,file:///home/runner/work/ozone/ozone/hadoop-ozone/integration-test/target/log,STOPPED}
2025-04-23 14:38:57,088 [main] INFO  rocksdiff.RocksDBCheckpointDiffer (RocksDBCheckpointDiffer.java:close(304)) - Shutting down CompactionDagPruningService.
2025-04-23 14:38:57,089 [main] INFO  snapshot.SnapshotDiffManager (SnapshotDiffManager.java:closeExecutorService(1698)) - Shutting down executorService: 'SnapDiffExecutor'
2025-04-23 14:38:57,090 [main] INFO  utils.BackgroundService (BackgroundService.java:shutdown(161)) - Shutting down service SnapshotDiffCleanupService
2025-04-23 14:38:57,090 [main] INFO  om.OzoneManager (OzoneManager.java:stop(2347)) - omNode-1[localhost:15006]: Stopping Ozone Manager
2025-04-23 14:38:57,090 [main] INFO  om.OzoneManager (OzoneManager.java:stop(2347)) - omNode-2[localhost:15010]: Stopping Ozone Manager
2025-04-23 14:38:57,090 [main] INFO  ipc.Server (Server.java:stop(3697)) - Stopping server on 15010
2025-04-23 14:38:57,092 [IPC Server Responder] INFO  ipc.Server (Server.java:run(1718)) - Stopping IPC Server Responder
2025-04-23 14:38:57,093 [main] INFO  ratis.OzoneManagerRatisServer (OzoneManagerRatisServer.java:stop(634)) - Stopping org.apache.hadoop.ozone.om.ratis.OzoneManagerRatisServer@5ae34259 at port 15013
2025-04-23 14:38:57,093 [main] INFO  server.RaftServer (RaftServerProxy.java:lambda$close$9(417)) - omNode-2: close
2025-04-23 14:38:57,093 [IPC Server listener on 15010] INFO  ipc.Server (Server.java:run(1585)) - Stopping IPC Server listener on 15010
2025-04-23 14:38:57,093 [main] INFO  server.GrpcService (GrpcService.java:closeImpl(343)) - omNode-2: shutdown server GrpcServerProtocolService now
2025-04-23 14:38:57,093 [omNode-2-impl-thread1] INFO  server.RaftServer$Division (RaftServerImpl.java:lambda$close$1(513)) - omNode-2@group-523986131536: shutdown
2025-04-23 14:38:57,093 [omNode-2-impl-thread1] INFO  util.JmxRegister (JmxRegister.java:unregister(74)) - Successfully un-registered JMX Bean with object name Ratis:service=RaftServer,group=group-523986131536,id=omNode-2
2025-04-23 14:38:57,093 [omNode-2-impl-thread1] INFO  impl.RoleInfo (RoleInfo.java:shutdownLeaderState(103)) - omNode-2: shutdown omNode-2@group-523986131536-LeaderStateImpl
2025-04-23 14:38:57,093 [omNode-2@group-523986131536->omNode-3-GrpcLogAppender-LogAppenderDaemon] WARN  server.GrpcLogAppender (GrpcLogAppender.java:mayWait(293)) - omNode-2@group-523986131536->omNode-3-GrpcLogAppender: Wait interrupted by java.lang.InterruptedException
2025-04-23 14:38:57,093 [omNode-2-impl-thread1] INFO  impl.PendingRequests (PendingRequests.java:sendNotLeaderResponses(287)) - omNode-2@group-523986131536-PendingRequests: sendNotLeaderResponses
2025-04-23 14:38:57,093 [omNode-2@group-523986131536->omNode-1-GrpcLogAppender-LogAppenderDaemon] WARN  server.GrpcLogAppender (GrpcLogAppender.java:mayWait(293)) - omNode-2@group-523986131536->omNode-1-GrpcLogAppender: Wait interrupted by java.lang.InterruptedException
2025-04-23 14:38:57,094 [Thread-5259] INFO  server.GrpcServerProtocolClient (GrpcServerProtocolClient.java:close(105)) - omNode-3 Close channels
2025-04-23 14:38:57,094 [Thread-5260] INFO  server.GrpcServerProtocolClient (GrpcServerProtocolClient.java:close(105)) - omNode-1 Close channels
2025-04-23 14:38:57,094 [omNode-2-impl-thread1] INFO  impl.StateMachineUpdater (StateMachineUpdater.java:stopAndJoin(164)) - omNode-2@group-523986131536-StateMachineUpdater: set stopIndex = 324
2025-04-23 14:38:57,095 [main] INFO  server.GrpcService (GrpcService.java:closeImpl(352)) - omNode-2: shutdown server GrpcServerProtocolService successfully
2025-04-23 14:38:57,115 [omNode-2@group-523986131536-StateMachineUpdater] INFO  ratis.OzoneManagerStateMachine (OzoneManagerStateMachine.java:takeSnapshotImpl(510)) - omNode-2: taking snapshot. applied = (t:14, i:324), skipped = 323, notified = (t:14, i:324), current snapshot index = (t:14, i:324), took 21 ms
2025-04-23 14:38:57,115 [omNode-2@group-523986131536-StateMachineUpdater] INFO  impl.StateMachineUpdater (StateMachineUpdater.java:takeSnapshot(303)) - omNode-2@group-523986131536-StateMachineUpdater: Took a snapshot at index 324
2025-04-23 14:38:57,115 [omNode-2@group-523986131536-StateMachineUpdater] INFO  impl.StateMachineUpdater (StateMachineUpdater.java:lambda$new$0(102)) - omNode-2@group-523986131536-StateMachineUpdater: snapshotIndex: updateIncreasingly 310 -> 324
2025-04-23 14:38:57,115 [omNode-2@group-523986131536-StateMachineUpdater] INFO  raftlog.RaftLog (RaftLogBase.java:purge(325)) - omNode-2@group-523986131536-SegmentedRaftLog: purge 324
2025-04-23 14:38:57,115 [omNode-2@group-523986131536-StateMachineUpdater] INFO  raftlog.RaftLog (RaftLogBase.java:lambda$new$0(54)) - omNode-2@group-523986131536-SegmentedRaftLog: snapshotIndex: updateIncreasingly 310 -> 324
2025-04-23 14:38:57,115 [omNode-2@group-523986131536-StateMachineUpdater] INFO  raftlog.RaftLog (SegmentedRaftLog.java:purgeImpl(382)) - omNode-2@group-523986131536-SegmentedRaftLog: purge(324)
  toTruncate: null
    toDelete: [(311, 312) isOpen? false, length=0, newEndIndex=0, (309, 310) isOpen? false, length=0, newEndIndex=0, (107, 308) isOpen? false, length=0, newEndIndex=0]
2025-04-23 14:38:57,115 [omNode-2@group-523986131536-StateMachineUpdater] INFO  impl.StateMachineUpdater (StateMachineUpdater.java:stop(141)) - omNode-2@group-523986131536-StateMachineUpdater: closing OzoneManagerStateMachine, lastApplied=(t:14, i:324)
2025-04-23 14:38:57,115 [omNode-2@group-523986131536-StateMachineUpdater] INFO  ratis.OzoneManagerStateMachine (OzoneManagerStateMachine.java:close(550)) - Stopping OzoneManagerStateMachine:omNode-2:group-523986131536.
2025-04-23 14:38:57,115 [omNode-2@group-523986131536-StateMachineUpdater] INFO  ratis.OzoneManagerDoubleBuffer (OzoneManagerDoubleBuffer.java:stopDaemon(500)) - Stopping OMDoubleBuffer flush thread
2025-04-23 14:38:57,115 [omNode-2-OMDoubleBufferFlushThread] INFO  ratis.OzoneManagerDoubleBuffer (OzoneManagerDoubleBuffer.java:canFlush(559)) - OMDoubleBuffer flush thread omNode-2-OMDoubleBufferFlushThread is interrupted and will exit.
2025-04-23 14:38:57,116 [omNode-2@group-523986131536-SegmentedRaftLogWorker] INFO  segmented.SegmentedRaftLogWorker (SegmentedRaftLogWorker.java:execute(481)) - omNode-2@group-523986131536-SegmentedRaftLogWorker: Purged RaftLog segment: info=(311, 312) isOpen? false, length=0, newEndIndex=0, path=/home/runner/work/ozone/ozone/hadoop-ozone/integration-test/target/test-dir/MiniOzoneClusterImpl-68853c07-42d2-4ef8-9e75-e3a852294e6a/omNode-2/ratis/c9bc4cf4-3bc3-3c60-a66b-523986131536/current/log_311-312
2025-04-23 14:38:57,116 [omNode-2@group-523986131536-SegmentedRaftLogWorker] INFO  segmented.SegmentedRaftLogWorker (SegmentedRaftLogWorker.java:execute(481)) - omNode-2@group-523986131536-SegmentedRaftLogWorker: Purged RaftLog segment: info=(309, 310) isOpen? false, length=0, newEndIndex=0, path=/home/runner/work/ozone/ozone/hadoop-ozone/integration-test/target/test-dir/MiniOzoneClusterImpl-68853c07-42d2-4ef8-9e75-e3a852294e6a/omNode-2/ratis/c9bc4cf4-3bc3-3c60-a66b-523986131536/current/log_309-310
2025-04-23 14:38:57,116 [omNode-2@group-523986131536-SegmentedRaftLogWorker] INFO  segmented.SegmentedRaftLogWorker (SegmentedRaftLogWorker.java:execute(481)) - omNode-2@group-523986131536-SegmentedRaftLogWorker: Purged RaftLog segment: info=(107, 308) isOpen? false, length=0, newEndIndex=0, path=/home/runner/work/ozone/ozone/hadoop-ozone/integration-test/target/test-dir/MiniOzoneClusterImpl-68853c07-42d2-4ef8-9e75-e3a852294e6a/omNode-2/ratis/c9bc4cf4-3bc3-3c60-a66b-523986131536/current/log_107-308
2025-04-23 14:38:57,116 [omNode-2@group-523986131536-SegmentedRaftLogWorker] INFO  raftlog.RaftLog (RaftLogBase.java:lambda$new$0(54)) - omNode-2@group-523986131536-SegmentedRaftLog: purgeIndex: updateToMax old=106, new=312, updated? true
2025-04-23 14:38:57,116 [omNode-2@group-523986131536-cacheEviction-AwaitToRun] INFO  util.AwaitToRun (AwaitToRun.java:run(49)) - omNode-2@group-523986131536-cacheEviction-AwaitToRun-AwaitForSignal is interrupted
2025-04-23 14:38:58,117 [omNode-2-impl-thread1] INFO  segmented.SegmentedRaftLogWorker (SegmentedRaftLogWorker.java:close(252)) - omNode-2@group-523986131536-SegmentedRaftLogWorker close()
2025-04-23 14:38:58,118 [JvmPauseMonitor31] INFO  util.JvmPauseMonitor (JvmPauseMonitor.java:run(152)) - JvmPauseMonitor-omNode-2: Stopped
2025-04-23 14:38:58,118 [main] INFO  utils.BackgroundService (BackgroundService.java:shutdown(161)) - Shutting down service KeyDeletingService
2025-04-23 14:38:58,118 [main] INFO  utils.BackgroundService (BackgroundService.java:shutdown(161)) - Shutting down service DirectoryDeletingService
2025-04-23 14:38:58,119 [main] INFO  utils.BackgroundService (BackgroundService.java:shutdown(161)) - Shutting down service OpenKeyCleanupService
2025-04-23 14:38:58,119 [main] INFO  utils.BackgroundService (BackgroundService.java:shutdown(161)) - Shutting down service SstFilteringService
2025-04-23 14:38:58,119 [main] INFO  utils.BackgroundService (BackgroundService.java:shutdown(161)) - Shutting down service SnapshotDeletingService
2025-04-23 14:38:58,120 [main] INFO  utils.BackgroundService (BackgroundService.java:shutdown(161)) - Shutting down service MultipartUploadCleanupService
2025-04-23 14:38:58,120 [main] INFO  handler.ContextHandler (ContextHandler.java:doStop(1159)) - Stopped o.e.j.w.WebAppContext@6ad3e797{ozoneManager,/,null,STOPPED}{file:/home/runner/work/ozone/ozone/hadoop-ozone/integration-test/target/test-classes/webapps/ozoneManager}
2025-04-23 14:38:58,121 [main] INFO  server.AbstractConnector (AbstractConnector.java:doStop(383)) - Stopped ServerConnector@1f8bb6c2{HTTP/1.1, (http/1.1)}{0.0.0.0:15011}
2025-04-23 14:38:58,121 [main] INFO  server.session (HouseKeeper.java:stopScavenging(149)) - node0 Stopped scavenging
2025-04-23 14:38:58,121 [main] INFO  handler.ContextHandler (ContextHandler.java:doStop(1159)) - Stopped o.e.j.s.ServletContextHandler@7df26293{static,/static,file:///home/runner/work/ozone/ozone/hadoop-ozone/integration-test/target/test-classes/webapps/static,STOPPED}
2025-04-23 14:38:58,121 [main] INFO  handler.ContextHandler (ContextHandler.java:doStop(1159)) - Stopped o.e.j.s.ServletContextHandler@27d98512{logs,/logs,file:///home/runner/work/ozone/ozone/hadoop-ozone/integration-test/target/log,STOPPED}
2025-04-23 14:38:58,122 [main] INFO  rocksdiff.RocksDBCheckpointDiffer (RocksDBCheckpointDiffer.java:close(304)) - Shutting down CompactionDagPruningService.
2025-04-23 14:38:58,123 [main] INFO  snapshot.SnapshotDiffManager (SnapshotDiffManager.java:closeExecutorService(1698)) - Shutting down executorService: 'SnapDiffExecutor'
2025-04-23 14:38:58,124 [main] INFO  utils.BackgroundService (BackgroundService.java:shutdown(161)) - Shutting down service SnapshotDiffCleanupService
2025-04-23 14:38:58,124 [main] INFO  om.OzoneManager (OzoneManager.java:restart(1878)) - OzoneManager RPC server is listening at localhost/127.0.0.1:15014
2025-04-23 14:38:58,124 [main] INFO  impl.MetricsSystemImpl (MetricsSystemImpl.java:init(158)) - OzoneManager metrics system started (again)
2025-04-23 14:38:58,135 [main] WARN  server.ServerUtils (ServerUtils.java:getDBPath(297)) - ozone.om.db.dirs is not configured. We recommend adding this setting. Falling back to ozone.metadata.dirs instead.
2025-04-23 14:38:58,180 [main] INFO  om.OzoneManager (OzoneManager.java:instantiateServices(933)) - S3 Multi-Tenancy is disabled
2025-04-23 14:38:58,180 [main] INFO  om.OmSnapshotManager (OmSnapshotManager.java:<init>(180)) - Ozone filesystem snapshot feature is enabled.
2025-04-23 14:38:58,180 [main] WARN  server.ServerUtils (ServerUtils.java:getDBPath(297)) - ozone.om.snapshot.diff.db.dir is not configured. We recommend adding this setting. Falling back to ozone.metadata.dirs instead.
2025-04-23 14:38:58,194 [main] WARN  server.ServerUtils (ServerUtils.java:getDefaultRatisDirectory(309)) - Storage directory for Ratis is not configured. It is a good idea to map this to an SSD disk. Falling back to ozone.metadata.dirs
2025-04-23 14:38:58,194 [main] INFO  server.RaftServerConfigKeys (ConfUtils.java:logGet(46)) - raft.server.log.appender.buffer.byte-limit = 4194304 (custom)
2025-04-23 14:38:58,195 [main] INFO  ratis.OzoneManagerRatisServer (OzoneManagerRatisServer.java:<init>(167)) - Instantiating OM Ratis server with groupID: om-service-test1 and peers: localhost:15017, localhost:15009, localhost:15013
2025-04-23 14:38:58,195 [main] INFO  ratis.OzoneManagerStateMachine (OzoneManagerStateMachine.java:loadSnapshotInfoFromDB(611)) - LastAppliedIndex is set from TransactionInfo from OM DB as (t:14, i:323)
2025-04-23 14:38:58,196 [main] INFO  server.RaftServer (ConfUtils.java:logGet(46)) - raft.rpc.type = GRPC (default)
2025-04-23 14:38:58,196 [main] INFO  grpc.GrpcConfigKeys (ConfUtils.java:logFallback(53)) - raft.grpc.admin.host = null (fallback to raft.grpc.server.host)
2025-04-23 14:38:58,196 [main] INFO  grpc.GrpcConfigKeys (ConfUtils.java:logFallback(53)) - raft.grpc.admin.port = 15017 (fallback to raft.grpc.server.port)
2025-04-23 14:38:58,196 [main] INFO  grpc.GrpcConfigKeys (ConfUtils.java:logFallback(53)) - raft.grpc.client.host = null (fallback to raft.grpc.server.host)
2025-04-23 14:38:58,196 [main] INFO  grpc.GrpcConfigKeys (ConfUtils.java:logFallback(53)) - raft.grpc.client.port = 15017 (fallback to raft.grpc.server.port)
2025-04-23 14:38:58,196 [main] INFO  grpc.GrpcConfigKeys (ConfUtils.java:logGet(46)) - raft.grpc.server.host = null (default)
2025-04-23 14:38:58,196 [main] INFO  grpc.GrpcConfigKeys (ConfUtils.java:logGet(46)) - raft.grpc.server.port = 15017 (custom)
2025-04-23 14:38:58,196 [main] INFO  server.GrpcService (ConfUtils.java:logGet(46)) - raft.grpc.message.size.max = 5242880 (custom)
2025-04-23 14:38:58,197 [main] INFO  server.GrpcService (ConfUtils.java:logGet(46)) - raft.grpc.flow.control.window = 1MB (=1048576) (default)
2025-04-23 14:38:58,197 [main] INFO  server.RaftServerConfigKeys (ConfUtils.java:logGet(46)) - raft.server.rpc.request.timeout = 3000ms (default)
2025-04-23 14:38:58,197 [main] INFO  grpc.GrpcConfigKeys (ConfUtils.java:logGet(46)) - raft.grpc.server.heartbeat.channel = true (default)
2025-04-23 14:38:58,197 [main] INFO  server.RaftServerConfigKeys (ConfUtils.java:logGet(46)) - raft.server.log.appender.buffer.byte-limit = 4194304 (custom)
2025-04-23 14:38:58,197 [main] INFO  grpc.GrpcConfigKeys (ConfUtils.java:logGet(46)) - raft.grpc.server.async.request.thread.pool.cached = true (default)
2025-04-23 14:38:58,197 [main] INFO  grpc.GrpcConfigKeys (ConfUtils.java:logGet(46)) - raft.grpc.server.async.request.thread.pool.size = 32 (default)
2025-04-23 14:38:58,198 [main] INFO  impl.DataStreamServerImpl (ConfUtils.java:logGet(46)) - raft.datastream.type = DISABLED (default)
2025-04-23 14:38:58,198 [main] INFO  server.RaftServerConfigKeys (ConfUtils.java:logGet(46)) - raft.server.sleep.deviation.threshold = 300ms (default)
2025-04-23 14:38:58,198 [main] INFO  server.RaftServerConfigKeys (ConfUtils.java:logGet(46)) - raft.server.close.threshold = 60s (default)
2025-04-23 14:38:58,198 [main] INFO  server.RaftServerConfigKeys (ConfUtils.java:logGet(46)) - raft.server.leaderelection.leader.step-down.wait-time = 10s (default)
2025-04-23 14:38:58,198 [main] INFO  server.RaftServerConfigKeys (ConfUtils.java:logGet(46)) - raft.server.storage.dir = [/home/runner/work/ozone/ozone/hadoop-ozone/integration-test/target/test-dir/MiniOzoneClusterImpl-68853c07-42d2-4ef8-9e75-e3a852294e6a/omNode-3/ratis] (custom)
2025-04-23 14:38:58,198 [main] INFO  server.RaftServerConfigKeys (ConfUtils.java:logGet(46)) - raft.server.threadpool.proxy.cached = true (default)
2025-04-23 14:38:58,198 [main] INFO  server.RaftServerConfigKeys (ConfUtils.java:logGet(46)) - raft.server.threadpool.proxy.size = 0 (default)
2025-04-23 14:38:58,199 [omNode-3-impl-thread1] INFO  server.RaftServer (RaftServerProxy.java:initGroupDir(265)) - omNode-3: found a subdirectory /home/runner/work/ozone/ozone/hadoop-ozone/integration-test/target/test-dir/MiniOzoneClusterImpl-68853c07-42d2-4ef8-9e75-e3a852294e6a/omNode-3/ratis/c9bc4cf4-3bc3-3c60-a66b-523986131536
2025-04-23 14:38:58,199 [main] INFO  server.RaftServer (RaftServerProxy.java:addNew(100)) - omNode-3: addNew group-523986131536:[omNode-3|localhost:15017, omNode-1|localhost:15009, omNode-2|localhost:15013] returns group-523986131536:java.util.concurrent.CompletableFuture@788b293e[Not completed]
2025-04-23 14:38:58,199 [main] INFO  om.OzoneManager (OzoneManager.java:initializeRatisServer(2303)) - OzoneManager Ratis server initialized at port 15017
2025-04-23 14:38:58,199 [main] INFO  ratis.OzoneManagerRatisServer (OzoneManagerRatisServer.java:start(628)) - Starting OzoneManagerRatisServer omNode-3 at port 15017
2025-04-23 14:38:58,199 [omNode-3-groupManagement] INFO  server.RaftServer$Division (RaftServerImpl.java:<init>(255)) - omNode-3: new RaftServerImpl for group-523986131536:[omNode-3|localhost:15017, omNode-1|localhost:15009, omNode-2|localhost:15013] with OzoneManagerStateMachine:uninitialized
2025-04-23 14:38:58,199 [omNode-3-groupManagement] INFO  server.RaftServerConfigKeys (ConfUtils.java:logGet(46)) - raft.server.rpc.timeout.min = 1s (custom)
2025-04-23 14:38:58,199 [omNode-3-groupManagement] INFO  server.RaftServerConfigKeys (ConfUtils.java:logGet(46)) - raft.server.rpc.timeout.max = 1200ms (custom)
2025-04-23 14:38:58,199 [omNode-3-groupManagement] INFO  server.RaftServerConfigKeys (ConfUtils.java:logGet(46)) - raft.server.rpc.sleep.time = 25ms (default)
2025-04-23 14:38:58,199 [omNode-3-groupManagement] INFO  server.RaftServerConfigKeys (ConfUtils.java:logGet(46)) - raft.server.rpc.slowness.timeout = 2s (custom)
2025-04-23 14:38:58,199 [omNode-3-groupManagement] INFO  server.RaftServerConfigKeys (ConfUtils.java:logGet(46)) - raft.server.leaderelection.leader.step-down.wait-time = 10s (default)
2025-04-23 14:38:58,199 [omNode-3-groupManagement] INFO  server.RaftServerConfigKeys (ConfUtils.java:logGet(46)) - raft.server.leaderelection.member.majority-add = false (default)
2025-04-23 14:38:58,199 [omNode-3-groupManagement] INFO  server.RaftServerConfigKeys (ConfUtils.java:logGet(46)) - raft.server.sleep.deviation.threshold = 300ms (default)
2025-04-23 14:38:58,199 [omNode-3-groupManagement] INFO  server.RaftServer$Division (ServerState.java:<init>(114)) - omNode-3@group-523986131536: ConfigurationManager, init=conf: {index: -1, cur=peers:[omNode-3|localhost:15017, omNode-1|localhost:15009, omNode-2|localhost:15013]|listeners:[], old=null}, confs=<EMPTY_MAP>
2025-04-23 14:38:58,199 [omNode-3-groupManagement] INFO  server.RaftServerConfigKeys (ConfUtils.java:logGet(46)) - raft.server.notification.no-leader.timeout = 2s (custom)
2025-04-23 14:38:58,200 [omNode-3-groupManagement] INFO  server.RaftServerConfigKeys (ConfUtils.java:logGet(46)) - raft.server.read.timeout = 10s (default)
2025-04-23 14:38:58,200 [omNode-3-groupManagement] INFO  server.RaftServerConfigKeys (ConfUtils.java:logGet(46)) - raft.server.retrycache.expirytime = 30000ms (custom)
2025-04-23 14:38:58,200 [omNode-3-groupManagement] INFO  server.RaftServerConfigKeys (ConfUtils.java:logGet(46)) - raft.server.retrycache.statistics.expirytime = 100ms (default)
2025-04-23 14:38:58,200 [omNode-3-groupManagement] INFO  server.RaftServerConfigKeys (ConfUtils.java:logGet(46)) - raft.server.read.option = DEFAULT (default)
2025-04-23 14:38:58,200 [omNode-3-groupManagement] INFO  server.RaftServerConfigKeys (ConfUtils.java:logGet(46)) - raft.server.read.read-after-write-consistent.write-index-cache.expiry-time = 60s (default)
2025-04-23 14:38:58,201 [omNode-3-groupManagement] INFO  server.RaftServerConfigKeys (ConfUtils.java:logGet(46)) - raft.server.rpc.request.timeout = 3000ms (default)
2025-04-23 14:38:58,201 [omNode-3-groupManagement] INFO  server.RaftServerConfigKeys (ConfUtils.java:logGet(46)) - raft.server.log.appender.install.snapshot.enabled = false (custom)
2025-04-23 14:38:58,201 [omNode-3-groupManagement] INFO  server.RaftServerConfigKeys (ConfUtils.java:logGet(46)) - raft.server.threadpool.server.cached = true (default)
2025-04-23 14:38:58,201 [omNode-3-groupManagement] INFO  server.RaftServerConfigKeys (ConfUtils.java:logGet(46)) - raft.server.threadpool.server.size = 0 (default)
2025-04-23 14:38:58,201 [omNode-3-groupManagement] INFO  server.RaftServerConfigKeys (ConfUtils.java:logGet(46)) - raft.server.threadpool.client.cached = true (default)
2025-04-23 14:38:58,201 [omNode-3-groupManagement] INFO  server.RaftServerConfigKeys (ConfUtils.java:logGet(46)) - raft.server.threadpool.client.size = 0 (default)
2025-04-23 14:38:58,201 [omNode-3-impl-thread1] INFO  server.RaftServerConfigKeys (ConfUtils.java:logGet(46)) - raft.server.storage.free-space.min = 0MB (=0) (default)
2025-04-23 14:38:58,201 [omNode-3-impl-thread1] INFO  server.RaftServerConfigKeys (ConfUtils.java:logGet(46)) - raft.server.log.corruption.policy = EXCEPTION (default)
2025-04-23 14:38:58,201 [omNode-3-impl-thread1] INFO  server.RaftServerConfigKeys (ConfUtils.java:logGet(46)) - raft.server.storage.dir = [/home/runner/work/ozone/ozone/hadoop-ozone/integration-test/target/test-dir/MiniOzoneClusterImpl-68853c07-42d2-4ef8-9e75-e3a852294e6a/omNode-3/ratis] (custom)
2025-04-23 14:38:58,202 [omNode-3-impl-thread1] INFO  storage.RaftStorageDirectory (RaftStorageDirectoryImpl.java:tryLock(229)) - Lock on /home/runner/work/ozone/ozone/hadoop-ozone/integration-test/target/test-dir/MiniOzoneClusterImpl-68853c07-42d2-4ef8-9e75-e3a852294e6a/omNode-3/ratis/c9bc4cf4-3bc3-3c60-a66b-523986131536/in_use.lock acquired by nodename 129558@fv-az1120-822
2025-04-23 14:38:58,202 [omNode-3-impl-thread1] INFO  storage.RaftStorage (RaftStorageImpl.java:analyzeAndRecoverStorage(118)) - Read RaftStorageMetadata{term=14, votedFor=omNode-2} from /home/runner/work/ozone/ozone/hadoop-ozone/integration-test/target/test-dir/MiniOzoneClusterImpl-68853c07-42d2-4ef8-9e75-e3a852294e6a/omNode-3/ratis/c9bc4cf4-3bc3-3c60-a66b-523986131536/current/raft-meta
2025-04-23 14:38:58,203 [omNode-3-impl-thread1] INFO  server.RaftServer$Division (ServerState.java:setRaftConf(386)) - omNode-3@group-523986131536: set configuration conf: {index: 313, cur=peers:[omNode-3|localhost:15017, omNode-1|localhost:15009, omNode-2|localhost:15013]|listeners:[], old=null}
2025-04-23 14:38:58,203 [omNode-3-impl-thread1] INFO  ratis.OzoneManagerStateMachine (OzoneManagerStateMachine.java:lambda$0(138)) - omNode-3: initialize group-523986131536 with (t:14, i:323)
2025-04-23 14:38:58,203 [omNode-3-impl-thread1] INFO  server.RaftServerConfigKeys (ConfUtils.java:logGet(46)) - raft.server.log.use.memory = false (default)
2025-04-23 14:38:58,203 [omNode-3-impl-thread1] INFO  server.RaftServerConfigKeys (ConfUtils.java:logGet(46)) - raft.server.log.purge.gap = 50 (custom)
2025-04-23 14:38:58,203 [omNode-3-impl-thread1] INFO  server.RaftServerConfigKeys (ConfUtils.java:logGet(46)) - raft.server.log.appender.buffer.byte-limit = 4194304 (custom)
2025-04-23 14:38:58,203 [omNode-3-impl-thread1] INFO  server.RaftServerConfigKeys (ConfUtils.java:logGet(46)) - raft.server.log.statemachine.data.read.timeout = 1000ms (default)
2025-04-23 14:38:58,203 [omNode-3-impl-thread1] INFO  server.RaftServerConfigKeys (ConfUtils.java:logGet(46)) - raft.server.log.purge.preservation.log.num = 0 (default)
2025-04-23 14:38:58,203 [omNode-3-impl-thread1] INFO  server.RaftServerConfigKeys (ConfUtils.java:logGet(46)) - raft.server.log.segment.size.max = 4194304 (custom)
2025-04-23 14:38:58,204 [omNode-3-impl-thread1] INFO  server.RaftServerConfigKeys (ConfUtils.java:logGet(46)) - raft.server.log.segment.cache.num.max = 2 (custom)
2025-04-23 14:38:58,204 [omNode-3-impl-thread1] INFO  server.RaftServerConfigKeys (ConfUtils.java:logGet(46)) - raft.server.log.segment.cache.size.max = 200MB (=209715200) (default)
2025-04-23 14:38:58,204 [omNode-3-impl-thread1] INFO  server.RaftServerConfigKeys (ConfUtils.java:logGet(46)) - raft.server.log.appender.buffer.byte-limit = 4194304 (custom)
2025-04-23 14:38:58,204 [omNode-3-impl-thread1] INFO  util.AwaitToRun (AwaitToRun.java:start(81)) - Thread[#6223,omNode-3@group-523986131536-cacheEviction-AwaitToRun,5,main] started
2025-04-23 14:38:58,204 [omNode-3-impl-thread1] INFO  segmented.SegmentedRaftLogWorker (SegmentedRaftLogWorker.java:<init>(188)) - new omNode-3@group-523986131536-SegmentedRaftLogWorker for RaftStorageImpl:Storage Directory /home/runner/work/ozone/ozone/hadoop-ozone/integration-test/target/test-dir/MiniOzoneClusterImpl-68853c07-42d2-4ef8-9e75-e3a852294e6a/omNode-3/ratis/c9bc4cf4-3bc3-3c60-a66b-523986131536
2025-04-23 14:38:58,204 [omNode-3-impl-thread1] INFO  server.RaftServerConfigKeys (ConfUtils.java:logGet(46)) - raft.server.log.queue.byte-limit = 64MB (=67108864) (default)
2025-04-23 14:38:58,204 [omNode-3-impl-thread1] INFO  server.RaftServerConfigKeys (ConfUtils.java:logGet(46)) - raft.server.log.queue.element-limit = 4096 (default)
2025-04-23 14:38:58,204 [omNode-3-impl-thread1] INFO  server.RaftServerConfigKeys (ConfUtils.java:logGet(46)) - raft.server.log.segment.size.max = 4194304 (custom)
2025-04-23 14:38:58,204 [omNode-3-impl-thread1] INFO  server.RaftServerConfigKeys (ConfUtils.java:logGet(46)) - raft.server.log.preallocated.size = 4194304 (custom)
2025-04-23 14:38:58,204 [omNode-3-impl-thread1] INFO  server.RaftServerConfigKeys (ConfUtils.java:logGet(46)) - raft.server.log.force.sync.num = 128 (default)
2025-04-23 14:38:58,204 [omNode-3-impl-thread1] INFO  server.RaftServerConfigKeys (ConfUtils.java:logGet(46)) - raft.server.log.statemachine.data.sync = true (default)
2025-04-23 14:38:58,204 [omNode-3-impl-thread1] INFO  server.RaftServerConfigKeys (ConfUtils.java:logGet(46)) - raft.server.log.statemachine.data.sync.timeout = 10s (default)
2025-04-23 14:38:58,204 [omNode-3-impl-thread1] INFO  server.RaftServerConfigKeys (ConfUtils.java:logGet(46)) - raft.server.log.statemachine.data.sync.timeout.retry = -1 (default)
2025-04-23 14:38:58,205 [omNode-3-impl-thread1] INFO  server.RaftServerConfigKeys (ConfUtils.java:logGet(46)) - raft.server.log.write.buffer.size = 4194312 (custom)
2025-04-23 14:38:58,205 [omNode-3-impl-thread1] INFO  server.RaftServerConfigKeys (ConfUtils.java:logGet(46)) - raft.server.log.appender.buffer.byte-limit = 4194304 (custom)
2025-04-23 14:38:58,205 [omNode-3-impl-thread1] INFO  server.RaftServerConfigKeys (ConfUtils.java:logGet(46)) - raft.server.log.unsafe-flush.enabled = false (default)
2025-04-23 14:38:58,205 [omNode-3-impl-thread1] INFO  server.RaftServerConfigKeys (ConfUtils.java:logGet(46)) - raft.server.log.async-flush.enabled = false (default)
2025-04-23 14:38:58,205 [omNode-3-impl-thread1] INFO  server.RaftServerConfigKeys (ConfUtils.java:logGet(46)) - raft.server.log.statemachine.data.caching.enabled = false (default)
2025-04-23 14:38:58,205 [omNode-3-impl-thread1] INFO  server.RaftServer$Division (ServerState.java:setRaftConf(386)) - omNode-3@group-523986131536: set configuration conf: {index: 313, cur=peers:[omNode-3|localhost:15017, omNode-1|localhost:15009, omNode-2|localhost:15013]|listeners:[], old=null}
2025-04-23 14:38:58,206 [omNode-3-impl-thread1] INFO  segmented.LogSegment (LogSegment.java:loadSegment(171)) - Successfully read 12 entries from segment file /home/runner/work/ozone/ozone/hadoop-ozone/integration-test/target/test-dir/MiniOzoneClusterImpl-68853c07-42d2-4ef8-9e75-e3a852294e6a/omNode-3/ratis/c9bc4cf4-3bc3-3c60-a66b-523986131536/current/log_inprogress_313
2025-04-23 14:38:58,206 [omNode-3-impl-thread1] INFO  segmented.SegmentedRaftLogWorker (SegmentedRaftLogWorker.java:lambda$new$0(139)) - omNode-3@group-523986131536-SegmentedRaftLogWorker: flushIndex: setUnconditionally 0 -> 324
2025-04-23 14:38:58,206 [omNode-3-impl-thread1] INFO  segmented.SegmentedRaftLogWorker (SegmentedRaftLogWorker.java:lambda$new$0(139)) - omNode-3@group-523986131536-SegmentedRaftLogWorker: safeCacheEvictIndex: setUnconditionally 0 -> -1
2025-04-23 14:38:58,206 [omNode-3-impl-thread1] INFO  segmented.BufferedWriteChannel (BufferedWriteChannel.java:open(61)) - open log_inprogress_313 (append) at position 2091
2025-04-23 14:38:58,206 [omNode-3-impl-thread1] INFO  raftlog.RaftLog (RaftLogBase.java:lambda$new$0(54)) - omNode-3@group-523986131536-SegmentedRaftLog: purgeIndex: updateToMax old=-1, new=312, updated? true
2025-04-23 14:38:58,206 [omNode-3-impl-thread1] INFO  server.RaftServer$Division (RaftServerImpl.java:start(391)) - omNode-3@group-523986131536: start as a follower, conf=conf: {index: 313, cur=peers:[omNode-3|localhost:15017, omNode-1|localhost:15009, omNode-2|localhost:15013]|listeners:[], old=null}
2025-04-23 14:38:58,206 [omNode-3-impl-thread1] INFO  server.RaftServer$Division (RaftServerImpl.java:setRole(378)) - omNode-3@group-523986131536: changes role from      null to FOLLOWER at term 14 for startAsFollower
2025-04-23 14:38:58,206 [omNode-3-impl-thread1] INFO  impl.RoleInfo (RoleInfo.java:updateAndGet(148)) - omNode-3: start omNode-3@group-523986131536-FollowerState
2025-04-23 14:38:58,206 [omNode-3-impl-thread1] INFO  util.JmxRegister (JmxRegister.java:tryRegister(44)) - Successfully registered JMX Bean with object name Ratis:service=RaftServer,group=group-523986131536,id=omNode-3
2025-04-23 14:38:58,206 [omNode-3-impl-thread1] INFO  util.JmxRegister (JmxRegister.java:register(58)) - register mxBean class org.apache.ratis.server.impl.RaftServerJmxAdapter as Ratis:service=RaftServer,group=group-523986131536,id=omNode-3
2025-04-23 14:38:58,207 [omNode-3-impl-thread1] INFO  server.RaftServerConfigKeys (ConfUtils.java:logGet(46)) - raft.server.snapshot.trigger-when-stop.enabled = true (default)
2025-04-23 14:38:58,207 [omNode-3-impl-thread1] INFO  server.RaftServerConfigKeys (ConfUtils.java:logGet(46)) - raft.server.snapshot.trigger-when-remove.enabled = true (default)
2025-04-23 14:38:58,206 [omNode-3@group-523986131536-FollowerState] INFO  server.RaftServerConfigKeys (ConfUtils.java:logFallback(53)) - raft.server.rpc.first-election.timeout.min = 1s (fallback to raft.server.rpc.timeout.min)
2025-04-23 14:38:58,207 [omNode-3@group-523986131536-FollowerState] INFO  server.RaftServerConfigKeys (ConfUtils.java:logFallback(53)) - raft.server.rpc.first-election.timeout.max = 1200ms (fallback to raft.server.rpc.timeout.max)
2025-04-23 14:38:58,207 [omNode-3-impl-thread1] INFO  server.RaftServerConfigKeys (ConfUtils.java:logGet(46)) - raft.server.snapshot.auto.trigger.enabled = true (custom)
2025-04-23 14:38:58,207 [omNode-3-impl-thread1] INFO  server.RaftServerConfigKeys (ConfUtils.java:logGet(46)) - raft.server.snapshot.auto.trigger.threshold = 50 (custom)
2025-04-23 14:38:58,207 [omNode-3-impl-thread1] INFO  server.RaftServerConfigKeys (ConfUtils.java:logGet(46)) - raft.server.snapshot.retention.file.num = -1 (default)
2025-04-23 14:38:58,207 [omNode-3-impl-thread1] INFO  server.RaftServerConfigKeys (ConfUtils.java:logGet(46)) - raft.server.log.purge.upto.snapshot.index = true (custom)
2025-04-23 14:38:58,207 [omNode-3-impl-thread1] INFO  server.RaftServer$Division (RaftServerImpl.java:start(405)) - omNode-3@group-523986131536: Successfully started.
2025-04-23 14:38:58,207 [main] INFO  server.RaftServer (RaftServerProxy.java:startImpl(407)) - omNode-3: start RPC server
2025-04-23 14:38:58,208 [main] INFO  server.GrpcService (GrpcService.java:startImpl(334)) - omNode-3: GrpcService started, listening on 15017
2025-04-23 14:38:58,208 [main] INFO  om.OzoneManager (OzoneManager.java:getRpcServer(1360)) - Creating RPC Server
2025-04-23 14:38:58,208 [JvmPauseMonitor32] INFO  util.JvmPauseMonitor (JvmPauseMonitor.java:run(146)) - JvmPauseMonitor-omNode-3: Started
2025-04-23 14:38:58,541 [main] INFO  reflections.Reflections (Reflections.java:scan(219)) - Reflections took 332 ms to scan 22 urls, producing 61 keys and 7422 values
2025-04-23 14:38:58,543 [main] INFO  ipc.CallQueueManager (CallQueueManager.java:<init>(93)) - Using callQueue: class java.util.concurrent.LinkedBlockingQueue, queueCapacity: 2000, scheduler: class org.apache.hadoop.ipc.DefaultRpcScheduler, ipcBackoff: false, ipcFailOver: false.
2025-04-23 14:38:58,543 [main] INFO  ipc.Server (Server.java:<init>(1438)) - Listener at localhost:15014
2025-04-23 14:38:58,543 [Socket Reader #1 for port 15014] INFO  ipc.Server (Server.java:run(1474)) - Starting Socket Reader #1 for port 15014
2025-04-23 14:38:58,543 [Socket Reader #2 for port 15014] INFO  ipc.Server (Server.java:run(1474)) - Starting Socket Reader #2 for port 15014
2025-04-23 14:38:58,544 [Socket Reader #3 for port 15014] INFO  ipc.Server (Server.java:run(1474)) - Starting Socket Reader #3 for port 15014
2025-04-23 14:38:58,544 [Socket Reader #4 for port 15014] INFO  ipc.Server (Server.java:run(1474)) - Starting Socket Reader #4 for port 15014
2025-04-23 14:38:58,544 [Socket Reader #5 for port 15014] INFO  ipc.Server (Server.java:run(1474)) - Starting Socket Reader #5 for port 15014
2025-04-23 14:38:58,544 [Socket Reader #6 for port 15014] INFO  ipc.Server (Server.java:run(1474)) - Starting Socket Reader #6 for port 15014
2025-04-23 14:38:58,544 [Socket Reader #7 for port 15014] INFO  ipc.Server (Server.java:run(1474)) - Starting Socket Reader #7 for port 15014
2025-04-23 14:38:58,544 [Socket Reader #8 for port 15014] INFO  ipc.Server (Server.java:run(1474)) - Starting Socket Reader #8 for port 15014
2025-04-23 14:38:58,544 [Socket Reader #9 for port 15014] INFO  ipc.Server (Server.java:run(1474)) - Starting Socket Reader #9 for port 15014
2025-04-23 14:38:58,545 [Socket Reader #10 for port 15014] INFO  ipc.Server (Server.java:run(1474)) - Starting Socket Reader #10 for port 15014
2025-04-23 14:38:58,546 [main] INFO  http.BaseHttpServer (BaseHttpServer.java:newHttpServer2BuilderForOzone(229)) - Starting Web-server for ozoneManager at: http://0.0.0.0:15015
2025-04-23 14:38:58,546 [main] INFO  http.BaseHttpServer (BaseHttpServer.java:<init>(107)) - Hadoop Security Enabled: false Ozone Security Enabled: false Ozone HTTP Security Enabled: false 
2025-04-23 14:38:58,547 [main] WARN  server.AuthenticationFilter (AuthenticationFilter.java:constructSecretProvider(240)) - Unable to initialize FileSignerSecretProvider, falling back to use random secrets. Reason: Could not read signature secret file: /home/runner/hadoop-http-auth-signature-secret
2025-04-23 14:38:58,548 [main] INFO  http.HttpServer2 (HttpServer2.java:addGlobalFilter(1041)) - Added global filter 'safety' (class=org.apache.hadoop.hdds.server.http.HttpServer2$QuotingInputFilter)
2025-04-23 14:38:58,549 [main] INFO  http.HttpServer2 (HttpServer2.java:addFilter(1017)) - Added filter static_user_filter (class=org.apache.hadoop.http.lib.StaticUserWebFilter$StaticUserFilter) to context ozoneManager
2025-04-23 14:38:58,549 [main] INFO  http.HttpServer2 (HttpServer2.java:addFilter(1025)) - Added filter static_user_filter (class=org.apache.hadoop.http.lib.StaticUserWebFilter$StaticUserFilter) to context logs
2025-04-23 14:38:58,549 [main] INFO  http.HttpServer2 (HttpServer2.java:addFilter(1025)) - Added filter static_user_filter (class=org.apache.hadoop.http.lib.StaticUserWebFilter$StaticUserFilter) to context static
2025-04-23 14:38:58,549 [main] INFO  http.BaseHttpServer (BaseHttpServer.java:<init>(195)) - HTTP server of ozoneManager uses base directory /home/runner/work/ozone/ozone/hadoop-ozone/integration-test/target/test-dir/MiniOzoneClusterImpl-68853c07-42d2-4ef8-9e75-e3a852294e6a/omNode-3/webserver
2025-04-23 14:38:58,549 [main] INFO  http.HttpServer2 (HttpServer2.java:bindListener(1241)) - Jetty bound to port 15015
2025-04-23 14:38:58,549 [main] INFO  server.Server (Server.java:doStart(375)) - jetty-9.4.57.v20241219; built: 2025-01-08T21:24:30.412Z; git: df524e6b29271c2e09ba9aea83c18dc9db464a31; jvm 21.0.7+6-LTS
2025-04-23 14:38:58,550 [main] INFO  server.session (DefaultSessionIdManager.java:doStart(334)) - DefaultSessionIdManager workerName=node0
2025-04-23 14:38:58,550 [main] INFO  server.session (DefaultSessionIdManager.java:doStart(339)) - No SessionScavenger set, using defaults
2025-04-23 14:38:58,551 [main] INFO  server.session (HouseKeeper.java:startScavenging(132)) - node0 Scavenging every 600000ms
2025-04-23 14:38:58,551 [main] INFO  handler.ContextHandler (ContextHandler.java:doStart(921)) - Started o.e.j.s.ServletContextHandler@5fd02e{logs,/logs,file:///home/runner/work/ozone/ozone/hadoop-ozone/integration-test/target/log,AVAILABLE}
2025-04-23 14:38:58,551 [main] INFO  handler.ContextHandler (ContextHandler.java:doStart(921)) - Started o.e.j.s.ServletContextHandler@1865414a{static,/static,file:///home/runner/work/ozone/ozone/hadoop-ozone/integration-test/target/test-classes/webapps/static,AVAILABLE}
2025-04-23 14:38:58,556 [main] INFO  handler.ContextHandler (ContextHandler.java:doStart(921)) - Started o.e.j.w.WebAppContext@4e33ee2c{ozoneManager,/,file:///home/runner/work/ozone/ozone/hadoop-ozone/integration-test/target/test-classes/webapps/ozoneManager/,AVAILABLE}{file:/home/runner/work/ozone/ozone/hadoop-ozone/integration-test/target/test-classes/webapps/ozoneManager}
2025-04-23 14:38:58,556 [main] INFO  server.AbstractConnector (AbstractConnector.java:doStart(333)) - Started ServerConnector@3d533ea6{HTTP/1.1, (http/1.1)}{0.0.0.0:15015}
2025-04-23 14:38:58,556 [main] INFO  server.Server (Server.java:doStart(415)) - Started @138835ms
2025-04-23 14:38:58,556 [main] WARN  impl.MetricsSystemImpl (MetricsSystemImpl.java:register(279)) - Sink prometheus already exists!
2025-04-23 14:38:58,557 [main] INFO  http.BaseHttpServer (BaseHttpServer.java:updateConnectorAddress(360)) - HTTP server of ozoneManager listening at http://0.0.0.0:15015
2025-04-23 14:38:58,557 [IPC Server Responder] INFO  ipc.Server (Server.java:run(1713)) - IPC Server Responder: starting
2025-04-23 14:38:58,557 [IPC Server listener on 15014] INFO  ipc.Server (Server.java:run(1553)) - IPC Server listener on 15014: starting
2025-04-23 14:38:58,559 [main] INFO  om.OzoneManager (OzoneManager.java:startTrashEmptier(2257)) - Trash Interval set to 0. Files deleted won't move to trash
2025-04-23 14:38:58,560 [main] INFO  om.OzoneManager (OzoneManager.java:restart(1878)) - OzoneManager RPC server is listening at localhost/127.0.0.1:15006
2025-04-23 14:38:58,560 [main] INFO  impl.MetricsSystemImpl (MetricsSystemImpl.java:init(158)) - OzoneManager metrics system started (again)
2025-04-23 14:38:58,570 [main] WARN  server.ServerUtils (ServerUtils.java:getDBPath(297)) - ozone.om.db.dirs is not configured. We recommend adding this setting. Falling back to ozone.metadata.dirs instead.
2025-04-23 14:38:58,612 [main] INFO  om.OzoneManager (OzoneManager.java:instantiateServices(933)) - S3 Multi-Tenancy is disabled
2025-04-23 14:38:58,612 [main] INFO  om.OmSnapshotManager (OmSnapshotManager.java:<init>(180)) - Ozone filesystem snapshot feature is enabled.
2025-04-23 14:38:58,612 [main] WARN  server.ServerUtils (ServerUtils.java:getDBPath(297)) - ozone.om.snapshot.diff.db.dir is not configured. We recommend adding this setting. Falling back to ozone.metadata.dirs instead.
2025-04-23 14:38:58,627 [main] WARN  dropwizard3.Dm3MetricRegistriesImpl (Dm3MetricRegistriesImpl.java:addReporterRegistration(114)) - New reporters are added after registries were created. Some metrics will be missing from the reporter. Please add reporter before adding any new registry.
2025-04-23 14:38:58,627 [main] WARN  dropwizard3.Dm3MetricRegistriesImpl (Dm3MetricRegistriesImpl.java:addReporterRegistration(114)) - New reporters are added after registries were created. Some metrics will be missing from the reporter. Please add reporter before adding any new registry.
2025-04-23 14:38:58,628 [main] WARN  server.ServerUtils (ServerUtils.java:getDefaultRatisDirectory(309)) - Storage directory for Ratis is not configured. It is a good idea to map this to an SSD disk. Falling back to ozone.metadata.dirs
2025-04-23 14:38:58,628 [main] INFO  server.RaftServerConfigKeys (ConfUtils.java:logGet(46)) - raft.server.log.appender.buffer.byte-limit = 4194304 (custom)
2025-04-23 14:38:58,629 [main] INFO  ratis.OzoneManagerRatisServer (OzoneManagerRatisServer.java:<init>(167)) - Instantiating OM Ratis server with groupID: om-service-test1 and peers: localhost:15009, localhost:15017, localhost:15013
2025-04-23 14:38:58,629 [main] INFO  ratis.OzoneManagerStateMachine (OzoneManagerStateMachine.java:loadSnapshotInfoFromDB(611)) - LastAppliedIndex is set from TransactionInfo from OM DB as (t:13, i:312)
2025-04-23 14:38:58,630 [main] INFO  server.RaftServer (ConfUtils.java:logGet(46)) - raft.rpc.type = GRPC (default)
2025-04-23 14:38:58,630 [main] INFO  grpc.GrpcConfigKeys (ConfUtils.java:logFallback(53)) - raft.grpc.admin.host = null (fallback to raft.grpc.server.host)
2025-04-23 14:38:58,630 [main] INFO  grpc.GrpcConfigKeys (ConfUtils.java:logFallback(53)) - raft.grpc.admin.port = 15009 (fallback to raft.grpc.server.port)
2025-04-23 14:38:58,630 [main] INFO  grpc.GrpcConfigKeys (ConfUtils.java:logFallback(53)) - raft.grpc.client.host = null (fallback to raft.grpc.server.host)
2025-04-23 14:38:58,630 [main] INFO  grpc.GrpcConfigKeys (ConfUtils.java:logFallback(53)) - raft.grpc.client.port = 15009 (fallback to raft.grpc.server.port)
2025-04-23 14:38:58,630 [main] INFO  grpc.GrpcConfigKeys (ConfUtils.java:logGet(46)) - raft.grpc.server.host = null (default)
2025-04-23 14:38:58,630 [main] INFO  grpc.GrpcConfigKeys (ConfUtils.java:logGet(46)) - raft.grpc.server.port = 15009 (custom)
2025-04-23 14:38:58,630 [main] INFO  server.GrpcService (ConfUtils.java:logGet(46)) - raft.grpc.message.size.max = 5242880 (custom)
2025-04-23 14:38:58,630 [main] INFO  server.GrpcService (ConfUtils.java:logGet(46)) - raft.grpc.flow.control.window = 1MB (=1048576) (default)
2025-04-23 14:38:58,630 [main] INFO  server.RaftServerConfigKeys (ConfUtils.java:logGet(46)) - raft.server.rpc.request.timeout = 3000ms (default)
2025-04-23 14:38:58,631 [main] INFO  grpc.GrpcConfigKeys (ConfUtils.java:logGet(46)) - raft.grpc.server.heartbeat.channel = true (default)
2025-04-23 14:38:58,631 [main] INFO  server.RaftServerConfigKeys (ConfUtils.java:logGet(46)) - raft.server.log.appender.buffer.byte-limit = 4194304 (custom)
2025-04-23 14:38:58,631 [main] INFO  grpc.GrpcConfigKeys (ConfUtils.java:logGet(46)) - raft.grpc.server.async.request.thread.pool.cached = true (default)
2025-04-23 14:38:58,631 [main] INFO  grpc.GrpcConfigKeys (ConfUtils.java:logGet(46)) - raft.grpc.server.async.request.thread.pool.size = 32 (default)
2025-04-23 14:38:58,632 [main] INFO  impl.DataStreamServerImpl (ConfUtils.java:logGet(46)) - raft.datastream.type = DISABLED (default)
2025-04-23 14:38:58,632 [main] INFO  server.RaftServerConfigKeys (ConfUtils.java:logGet(46)) - raft.server.sleep.deviation.threshold = 300ms (default)
2025-04-23 14:38:58,632 [main] INFO  server.RaftServerConfigKeys (ConfUtils.java:logGet(46)) - raft.server.close.threshold = 60s (default)
2025-04-23 14:38:58,632 [main] INFO  server.RaftServerConfigKeys (ConfUtils.java:logGet(46)) - raft.server.leaderelection.leader.step-down.wait-time = 10s (default)
2025-04-23 14:38:58,632 [main] INFO  server.RaftServerConfigKeys (ConfUtils.java:logGet(46)) - raft.server.storage.dir = [/home/runner/work/ozone/ozone/hadoop-ozone/integration-test/target/test-dir/MiniOzoneClusterImpl-68853c07-42d2-4ef8-9e75-e3a852294e6a/omNode-1/ratis] (custom)
2025-04-23 14:38:58,632 [main] INFO  server.RaftServerConfigKeys (ConfUtils.java:logGet(46)) - raft.server.threadpool.proxy.cached = true (default)
2025-04-23 14:38:58,632 [main] INFO  server.RaftServerConfigKeys (ConfUtils.java:logGet(46)) - raft.server.threadpool.proxy.size = 0 (default)
2025-04-23 14:38:58,633 [omNode-1-impl-thread1] INFO  server.RaftServer (RaftServerProxy.java:initGroupDir(265)) - omNode-1: found a subdirectory /home/runner/work/ozone/ozone/hadoop-ozone/integration-test/target/test-dir/MiniOzoneClusterImpl-68853c07-42d2-4ef8-9e75-e3a852294e6a/omNode-1/ratis/c9bc4cf4-3bc3-3c60-a66b-523986131536
2025-04-23 14:38:58,633 [main] INFO  server.RaftServer (RaftServerProxy.java:addNew(100)) - omNode-1: addNew group-523986131536:[omNode-3|localhost:15017, omNode-1|localhost:15009, omNode-2|localhost:15013] returns group-523986131536:java.util.concurrent.CompletableFuture@2510db62[Not completed]
2025-04-23 14:38:58,633 [main] INFO  om.OzoneManager (OzoneManager.java:initializeRatisServer(2303)) - OzoneManager Ratis server initialized at port 15009
2025-04-23 14:38:58,633 [main] INFO  ratis.OzoneManagerRatisServer (OzoneManagerRatisServer.java:start(628)) - Starting OzoneManagerRatisServer omNode-1 at port 15009
2025-04-23 14:38:58,633 [omNode-1-groupManagement] INFO  server.RaftServer$Division (RaftServerImpl.java:<init>(255)) - omNode-1: new RaftServerImpl for group-523986131536:[omNode-3|localhost:15017, omNode-1|localhost:15009, omNode-2|localhost:15013] with OzoneManagerStateMachine:uninitialized
2025-04-23 14:38:58,633 [omNode-1-groupManagement] INFO  server.RaftServerConfigKeys (ConfUtils.java:logGet(46)) - raft.server.rpc.timeout.min = 1s (custom)
2025-04-23 14:38:58,633 [omNode-1-groupManagement] INFO  server.RaftServerConfigKeys (ConfUtils.java:logGet(46)) - raft.server.rpc.timeout.max = 1200ms (custom)
2025-04-23 14:38:58,633 [omNode-1-groupManagement] INFO  server.RaftServerConfigKeys (ConfUtils.java:logGet(46)) - raft.server.rpc.sleep.time = 25ms (default)
2025-04-23 14:38:58,633 [omNode-1-groupManagement] INFO  server.RaftServerConfigKeys (ConfUtils.java:logGet(46)) - raft.server.rpc.slowness.timeout = 2s (custom)
2025-04-23 14:38:58,633 [omNode-1-groupManagement] INFO  server.RaftServerConfigKeys (ConfUtils.java:logGet(46)) - raft.server.leaderelection.leader.step-down.wait-time = 10s (default)
2025-04-23 14:38:58,633 [omNode-1-groupManagement] INFO  server.RaftServerConfigKeys (ConfUtils.java:logGet(46)) - raft.server.leaderelection.member.majority-add = false (default)
2025-04-23 14:38:58,633 [omNode-1-groupManagement] INFO  server.RaftServerConfigKeys (ConfUtils.java:logGet(46)) - raft.server.sleep.deviation.threshold = 300ms (default)
2025-04-23 14:38:58,633 [omNode-1-groupManagement] INFO  server.RaftServer$Division (ServerState.java:<init>(114)) - omNode-1@group-523986131536: ConfigurationManager, init=conf: {index: -1, cur=peers:[omNode-3|localhost:15017, omNode-1|localhost:15009, omNode-2|localhost:15013]|listeners:[], old=null}, confs=<EMPTY_MAP>
2025-04-23 14:38:58,633 [omNode-1-groupManagement] INFO  server.RaftServerConfigKeys (ConfUtils.java:logGet(46)) - raft.server.notification.no-leader.timeout = 2s (custom)
2025-04-23 14:38:58,633 [omNode-1-groupManagement] INFO  server.RaftServerConfigKeys (ConfUtils.java:logGet(46)) - raft.server.read.timeout = 10s (default)
2025-04-23 14:38:58,633 [omNode-1-groupManagement] INFO  server.RaftServerConfigKeys (ConfUtils.java:logGet(46)) - raft.server.retrycache.expirytime = 30000ms (custom)
2025-04-23 14:38:58,633 [omNode-1-groupManagement] INFO  server.RaftServerConfigKeys (ConfUtils.java:logGet(46)) - raft.server.retrycache.statistics.expirytime = 100ms (default)
2025-04-23 14:38:58,634 [omNode-1-groupManagement] INFO  server.RaftServerConfigKeys (ConfUtils.java:logGet(46)) - raft.server.read.option = DEFAULT (default)
2025-04-23 14:38:58,634 [omNode-1-groupManagement] INFO  server.RaftServerConfigKeys (ConfUtils.java:logGet(46)) - raft.server.read.read-after-write-consistent.write-index-cache.expiry-time = 60s (default)
2025-04-23 14:38:58,635 [omNode-1-groupManagement] INFO  server.RaftServerConfigKeys (ConfUtils.java:logGet(46)) - raft.server.rpc.request.timeout = 3000ms (default)
2025-04-23 14:38:58,635 [omNode-1-groupManagement] INFO  server.RaftServerConfigKeys (ConfUtils.java:logGet(46)) - raft.server.log.appender.install.snapshot.enabled = false (custom)
2025-04-23 14:38:58,635 [omNode-1-groupManagement] INFO  server.RaftServerConfigKeys (ConfUtils.java:logGet(46)) - raft.server.threadpool.server.cached = true (default)
2025-04-23 14:38:58,635 [omNode-1-groupManagement] INFO  server.RaftServerConfigKeys (ConfUtils.java:logGet(46)) - raft.server.threadpool.server.size = 0 (default)
2025-04-23 14:38:58,635 [omNode-1-groupManagement] INFO  server.RaftServerConfigKeys (ConfUtils.java:logGet(46)) - raft.server.threadpool.client.cached = true (default)
2025-04-23 14:38:58,635 [omNode-1-groupManagement] INFO  server.RaftServerConfigKeys (ConfUtils.java:logGet(46)) - raft.server.threadpool.client.size = 0 (default)
2025-04-23 14:38:58,635 [omNode-1-impl-thread1] INFO  server.RaftServerConfigKeys (ConfUtils.java:logGet(46)) - raft.server.storage.free-space.min = 0MB (=0) (default)
2025-04-23 14:38:58,635 [omNode-1-impl-thread1] INFO  server.RaftServerConfigKeys (ConfUtils.java:logGet(46)) - raft.server.log.corruption.policy = EXCEPTION (default)
2025-04-23 14:38:58,635 [omNode-1-impl-thread1] INFO  server.RaftServerConfigKeys (ConfUtils.java:logGet(46)) - raft.server.storage.dir = [/home/runner/work/ozone/ozone/hadoop-ozone/integration-test/target/test-dir/MiniOzoneClusterImpl-68853c07-42d2-4ef8-9e75-e3a852294e6a/omNode-1/ratis] (custom)
2025-04-23 14:38:58,636 [omNode-1-impl-thread1] INFO  storage.RaftStorageDirectory (RaftStorageDirectoryImpl.java:tryLock(229)) - Lock on /home/runner/work/ozone/ozone/hadoop-ozone/integration-test/target/test-dir/MiniOzoneClusterImpl-68853c07-42d2-4ef8-9e75-e3a852294e6a/omNode-1/ratis/c9bc4cf4-3bc3-3c60-a66b-523986131536/in_use.lock acquired by nodename 129558@fv-az1120-822
2025-04-23 14:38:58,636 [omNode-1-impl-thread1] INFO  storage.RaftStorage (RaftStorageImpl.java:analyzeAndRecoverStorage(118)) - Read RaftStorageMetadata{term=13, votedFor=omNode-1} from /home/runner/work/ozone/ozone/hadoop-ozone/integration-test/target/test-dir/MiniOzoneClusterImpl-68853c07-42d2-4ef8-9e75-e3a852294e6a/omNode-1/ratis/c9bc4cf4-3bc3-3c60-a66b-523986131536/current/raft-meta
2025-04-23 14:38:58,637 [omNode-1-impl-thread1] INFO  server.RaftServer$Division (ServerState.java:setRaftConf(386)) - omNode-1@group-523986131536: set configuration conf: {index: 311, cur=peers:[omNode-3|localhost:15017, omNode-1|localhost:15009, omNode-2|localhost:15013]|listeners:[], old=null}
2025-04-23 14:38:58,637 [omNode-1-impl-thread1] INFO  ratis.OzoneManagerStateMachine (OzoneManagerStateMachine.java:lambda$0(138)) - omNode-1: initialize group-523986131536 with (t:13, i:312)
2025-04-23 14:38:58,637 [omNode-1-impl-thread1] INFO  server.RaftServerConfigKeys (ConfUtils.java:logGet(46)) - raft.server.log.use.memory = false (default)
2025-04-23 14:38:58,637 [omNode-1-impl-thread1] INFO  server.RaftServerConfigKeys (ConfUtils.java:logGet(46)) - raft.server.log.purge.gap = 50 (custom)
2025-04-23 14:38:58,637 [omNode-1-impl-thread1] INFO  server.RaftServerConfigKeys (ConfUtils.java:logGet(46)) - raft.server.log.appender.buffer.byte-limit = 4194304 (custom)
2025-04-23 14:38:58,637 [omNode-1-impl-thread1] INFO  server.RaftServerConfigKeys (ConfUtils.java:logGet(46)) - raft.server.log.statemachine.data.read.timeout = 1000ms (default)
2025-04-23 14:38:58,637 [omNode-1-impl-thread1] INFO  server.RaftServerConfigKeys (ConfUtils.java:logGet(46)) - raft.server.log.purge.preservation.log.num = 0 (default)
2025-04-23 14:38:58,637 [omNode-1-impl-thread1] INFO  server.RaftServerConfigKeys (ConfUtils.java:logGet(46)) - raft.server.log.segment.size.max = 4194304 (custom)
2025-04-23 14:38:58,638 [omNode-1-impl-thread1] INFO  server.RaftServerConfigKeys (ConfUtils.java:logGet(46)) - raft.server.log.segment.cache.num.max = 2 (custom)
2025-04-23 14:38:58,638 [omNode-1-impl-thread1] INFO  server.RaftServerConfigKeys (ConfUtils.java:logGet(46)) - raft.server.log.segment.cache.size.max = 200MB (=209715200) (default)
2025-04-23 14:38:58,638 [omNode-1-impl-thread1] INFO  server.RaftServerConfigKeys (ConfUtils.java:logGet(46)) - raft.server.log.appender.buffer.byte-limit = 4194304 (custom)
2025-04-23 14:38:58,638 [omNode-1-impl-thread1] INFO  util.AwaitToRun (AwaitToRun.java:start(81)) - Thread[#6324,omNode-1@group-523986131536-cacheEviction-AwaitToRun,5,main] started
2025-04-23 14:38:58,638 [omNode-1-impl-thread1] INFO  segmented.SegmentedRaftLogWorker (SegmentedRaftLogWorker.java:<init>(188)) - new omNode-1@group-523986131536-SegmentedRaftLogWorker for RaftStorageImpl:Storage Directory /home/runner/work/ozone/ozone/hadoop-ozone/integration-test/target/test-dir/MiniOzoneClusterImpl-68853c07-42d2-4ef8-9e75-e3a852294e6a/omNode-1/ratis/c9bc4cf4-3bc3-3c60-a66b-523986131536
2025-04-23 14:38:58,638 [omNode-1-impl-thread1] INFO  server.RaftServerConfigKeys (ConfUtils.java:logGet(46)) - raft.server.log.queue.byte-limit = 64MB (=67108864) (default)
2025-04-23 14:38:58,638 [omNode-1-impl-thread1] INFO  server.RaftServerConfigKeys (ConfUtils.java:logGet(46)) - raft.server.log.queue.element-limit = 4096 (default)
2025-04-23 14:38:58,638 [omNode-1-impl-thread1] INFO  server.RaftServerConfigKeys (ConfUtils.java:logGet(46)) - raft.server.log.segment.size.max = 4194304 (custom)
2025-04-23 14:38:58,638 [omNode-1-impl-thread1] INFO  server.RaftServerConfigKeys (ConfUtils.java:logGet(46)) - raft.server.log.preallocated.size = 4194304 (custom)
2025-04-23 14:38:58,638 [omNode-1-impl-thread1] INFO  server.RaftServerConfigKeys (ConfUtils.java:logGet(46)) - raft.server.log.force.sync.num = 128 (default)
2025-04-23 14:38:58,638 [omNode-1-impl-thread1] INFO  server.RaftServerConfigKeys (ConfUtils.java:logGet(46)) - raft.server.log.statemachine.data.sync = true (default)
2025-04-23 14:38:58,638 [omNode-1-impl-thread1] INFO  server.RaftServerConfigKeys (ConfUtils.java:logGet(46)) - raft.server.log.statemachine.data.sync.timeout = 10s (default)
2025-04-23 14:38:58,638 [omNode-1-impl-thread1] INFO  server.RaftServerConfigKeys (ConfUtils.java:logGet(46)) - raft.server.log.statemachine.data.sync.timeout.retry = -1 (default)
2025-04-23 14:38:58,638 [omNode-1-impl-thread1] INFO  server.RaftServerConfigKeys (ConfUtils.java:logGet(46)) - raft.server.log.write.buffer.size = 4194312 (custom)
2025-04-23 14:38:58,639 [omNode-1-impl-thread1] INFO  server.RaftServerConfigKeys (ConfUtils.java:logGet(46)) - raft.server.log.appender.buffer.byte-limit = 4194304 (custom)
2025-04-23 14:38:58,639 [omNode-1-impl-thread1] INFO  server.RaftServerConfigKeys (ConfUtils.java:logGet(46)) - raft.server.log.unsafe-flush.enabled = false (default)
2025-04-23 14:38:58,639 [omNode-1-impl-thread1] INFO  server.RaftServerConfigKeys (ConfUtils.java:logGet(46)) - raft.server.log.async-flush.enabled = false (default)
2025-04-23 14:38:58,639 [omNode-1-impl-thread1] INFO  server.RaftServerConfigKeys (ConfUtils.java:logGet(46)) - raft.server.log.statemachine.data.caching.enabled = false (default)
2025-04-23 14:38:58,639 [omNode-1-impl-thread1] INFO  server.RaftServer$Division (ServerState.java:setRaftConf(386)) - omNode-1@group-523986131536: set configuration conf: {index: 311, cur=peers:[omNode-3|localhost:15017, omNode-1|localhost:15009, omNode-2|localhost:15013]|listeners:[], old=null}
2025-04-23 14:38:58,639 [omNode-1-impl-thread1] INFO  segmented.LogSegment (LogSegment.java:loadSegment(171)) - Successfully read 2 entries from segment file /home/runner/work/ozone/ozone/hadoop-ozone/integration-test/target/test-dir/MiniOzoneClusterImpl-68853c07-42d2-4ef8-9e75-e3a852294e6a/omNode-1/ratis/c9bc4cf4-3bc3-3c60-a66b-523986131536/current/log_inprogress_311
2025-04-23 14:38:58,639 [omNode-1-impl-thread1] INFO  segmented.SegmentedRaftLogWorker (SegmentedRaftLogWorker.java:lambda$new$0(139)) - omNode-1@group-523986131536-SegmentedRaftLogWorker: flushIndex: setUnconditionally 0 -> 312
2025-04-23 14:38:58,639 [omNode-1-impl-thread1] INFO  segmented.SegmentedRaftLogWorker (SegmentedRaftLogWorker.java:lambda$new$0(139)) - omNode-1@group-523986131536-SegmentedRaftLogWorker: safeCacheEvictIndex: setUnconditionally 0 -> -1
2025-04-23 14:38:58,639 [omNode-1-impl-thread1] INFO  segmented.BufferedWriteChannel (BufferedWriteChannel.java:open(61)) - open log_inprogress_311 (append) at position 128
2025-04-23 14:38:58,639 [omNode-1-impl-thread1] INFO  raftlog.RaftLog (RaftLogBase.java:lambda$new$0(54)) - omNode-1@group-523986131536-SegmentedRaftLog: purgeIndex: updateToMax old=-1, new=310, updated? true
2025-04-23 14:38:58,639 [omNode-1-impl-thread1] INFO  server.RaftServer$Division (RaftServerImpl.java:start(391)) - omNode-1@group-523986131536: start as a follower, conf=conf: {index: 311, cur=peers:[omNode-3|localhost:15017, omNode-1|localhost:15009, omNode-2|localhost:15013]|listeners:[], old=null}
2025-04-23 14:38:58,640 [omNode-1-impl-thread1] INFO  server.RaftServer$Division (RaftServerImpl.java:setRole(378)) - omNode-1@group-523986131536: changes role from      null to FOLLOWER at term 13 for startAsFollower
2025-04-23 14:38:58,640 [omNode-1-impl-thread1] INFO  impl.RoleInfo (RoleInfo.java:updateAndGet(148)) - omNode-1: start omNode-1@group-523986131536-FollowerState
2025-04-23 14:38:58,640 [omNode-1-impl-thread1] INFO  util.JmxRegister (JmxRegister.java:tryRegister(44)) - Successfully registered JMX Bean with object name Ratis:service=RaftServer,group=group-523986131536,id=omNode-1
2025-04-23 14:38:58,640 [omNode-1-impl-thread1] INFO  util.JmxRegister (JmxRegister.java:register(58)) - register mxBean class org.apache.ratis.server.impl.RaftServerJmxAdapter as Ratis:service=RaftServer,group=group-523986131536,id=omNode-1
2025-04-23 14:38:58,640 [omNode-1-impl-thread1] INFO  server.RaftServerConfigKeys (ConfUtils.java:logGet(46)) - raft.server.snapshot.trigger-when-stop.enabled = true (default)
2025-04-23 14:38:58,640 [omNode-1-impl-thread1] INFO  server.RaftServerConfigKeys (ConfUtils.java:logGet(46)) - raft.server.snapshot.trigger-when-remove.enabled = true (default)
2025-04-23 14:38:58,640 [omNode-1-impl-thread1] INFO  server.RaftServerConfigKeys (ConfUtils.java:logGet(46)) - raft.server.snapshot.auto.trigger.enabled = true (custom)
2025-04-23 14:38:58,640 [omNode-1@group-523986131536-FollowerState] INFO  server.RaftServerConfigKeys (ConfUtils.java:logFallback(53)) - raft.server.rpc.first-election.timeout.min = 1s (fallback to raft.server.rpc.timeout.min)
2025-04-23 14:38:58,640 [omNode-1-impl-thread1] INFO  server.RaftServerConfigKeys (ConfUtils.java:logGet(46)) - raft.server.snapshot.auto.trigger.threshold = 50 (custom)
2025-04-23 14:38:58,640 [omNode-1@group-523986131536-FollowerState] INFO  server.RaftServerConfigKeys (ConfUtils.java:logFallback(53)) - raft.server.rpc.first-election.timeout.max = 1200ms (fallback to raft.server.rpc.timeout.max)
2025-04-23 14:38:58,640 [omNode-1-impl-thread1] INFO  server.RaftServerConfigKeys (ConfUtils.java:logGet(46)) - raft.server.snapshot.retention.file.num = -1 (default)
2025-04-23 14:38:58,640 [omNode-1-impl-thread1] INFO  server.RaftServerConfigKeys (ConfUtils.java:logGet(46)) - raft.server.log.purge.upto.snapshot.index = true (custom)
2025-04-23 14:38:58,641 [omNode-1-impl-thread1] INFO  server.RaftServer$Division (RaftServerImpl.java:start(405)) - omNode-1@group-523986131536: Successfully started.
2025-04-23 14:38:58,641 [main] INFO  server.RaftServer (RaftServerProxy.java:startImpl(407)) - omNode-1: start RPC server
2025-04-23 14:38:58,641 [main] INFO  server.GrpcService (GrpcService.java:startImpl(334)) - omNode-1: GrpcService started, listening on 15009
2025-04-23 14:38:58,641 [main] INFO  om.OzoneManager (OzoneManager.java:getRpcServer(1360)) - Creating RPC Server
2025-04-23 14:38:58,641 [JvmPauseMonitor33] INFO  util.JvmPauseMonitor (JvmPauseMonitor.java:run(146)) - JvmPauseMonitor-omNode-1: Started
2025-04-23 14:38:58,986 [main] INFO  reflections.Reflections (Reflections.java:scan(219)) - Reflections took 344 ms to scan 22 urls, producing 61 keys and 7422 values
2025-04-23 14:38:58,987 [main] INFO  ipc.CallQueueManager (CallQueueManager.java:<init>(93)) - Using callQueue: class java.util.concurrent.LinkedBlockingQueue, queueCapacity: 2000, scheduler: class org.apache.hadoop.ipc.DefaultRpcScheduler, ipcBackoff: false, ipcFailOver: false.
2025-04-23 14:38:58,988 [main] INFO  ipc.Server (Server.java:<init>(1438)) - Listener at localhost:15006
2025-04-23 14:38:58,988 [Socket Reader #1 for port 15006] INFO  ipc.Server (Server.java:run(1474)) - Starting Socket Reader #1 for port 15006
2025-04-23 14:38:58,988 [Socket Reader #2 for port 15006] INFO  ipc.Server (Server.java:run(1474)) - Starting Socket Reader #2 for port 15006
2025-04-23 14:38:58,988 [Socket Reader #3 for port 15006] INFO  ipc.Server (Server.java:run(1474)) - Starting Socket Reader #3 for port 15006
2025-04-23 14:38:58,989 [Socket Reader #4 for port 15006] INFO  ipc.Server (Server.java:run(1474)) - Starting Socket Reader #4 for port 15006
2025-04-23 14:38:58,989 [Socket Reader #5 for port 15006] INFO  ipc.Server (Server.java:run(1474)) - Starting Socket Reader #5 for port 15006
2025-04-23 14:38:58,989 [Socket Reader #6 for port 15006] INFO  ipc.Server (Server.java:run(1474)) - Starting Socket Reader #6 for port 15006
2025-04-23 14:38:58,989 [Socket Reader #7 for port 15006] INFO  ipc.Server (Server.java:run(1474)) - Starting Socket Reader #7 for port 15006
2025-04-23 14:38:58,989 [Socket Reader #8 for port 15006] INFO  ipc.Server (Server.java:run(1474)) - Starting Socket Reader #8 for port 15006
2025-04-23 14:38:58,989 [Socket Reader #9 for port 15006] INFO  ipc.Server (Server.java:run(1474)) - Starting Socket Reader #9 for port 15006
2025-04-23 14:38:58,990 [Socket Reader #10 for port 15006] INFO  ipc.Server (Server.java:run(1474)) - Starting Socket Reader #10 for port 15006
2025-04-23 14:38:58,991 [main] INFO  http.BaseHttpServer (BaseHttpServer.java:newHttpServer2BuilderForOzone(229)) - Starting Web-server for ozoneManager at: http://0.0.0.0:15007
2025-04-23 14:38:58,991 [main] INFO  http.BaseHttpServer (BaseHttpServer.java:<init>(107)) - Hadoop Security Enabled: false Ozone Security Enabled: false Ozone HTTP Security Enabled: false 
2025-04-23 14:38:58,993 [main] WARN  server.AuthenticationFilter (AuthenticationFilter.java:constructSecretProvider(240)) - Unable to initialize FileSignerSecretProvider, falling back to use random secrets. Reason: Could not read signature secret file: /home/runner/hadoop-http-auth-signature-secret
2025-04-23 14:38:58,994 [main] INFO  http.HttpServer2 (HttpServer2.java:addGlobalFilter(1041)) - Added global filter 'safety' (class=org.apache.hadoop.hdds.server.http.HttpServer2$QuotingInputFilter)
2025-04-23 14:38:58,994 [main] INFO  http.HttpServer2 (HttpServer2.java:addFilter(1017)) - Added filter static_user_filter (class=org.apache.hadoop.http.lib.StaticUserWebFilter$StaticUserFilter) to context ozoneManager
2025-04-23 14:38:58,994 [main] INFO  http.HttpServer2 (HttpServer2.java:addFilter(1025)) - Added filter static_user_filter (class=org.apache.hadoop.http.lib.StaticUserWebFilter$StaticUserFilter) to context static
2025-04-23 14:38:58,994 [main] INFO  http.HttpServer2 (HttpServer2.java:addFilter(1025)) - Added filter static_user_filter (class=org.apache.hadoop.http.lib.StaticUserWebFilter$StaticUserFilter) to context logs
2025-04-23 14:38:58,995 [main] INFO  http.BaseHttpServer (BaseHttpServer.java:<init>(195)) - HTTP server of ozoneManager uses base directory /home/runner/work/ozone/ozone/hadoop-ozone/integration-test/target/test-dir/MiniOzoneClusterImpl-68853c07-42d2-4ef8-9e75-e3a852294e6a/omNode-1/webserver
2025-04-23 14:38:58,995 [main] INFO  http.HttpServer2 (HttpServer2.java:bindListener(1241)) - Jetty bound to port 15007
2025-04-23 14:38:58,995 [main] INFO  server.Server (Server.java:doStart(375)) - jetty-9.4.57.v20241219; built: 2025-01-08T21:24:30.412Z; git: df524e6b29271c2e09ba9aea83c18dc9db464a31; jvm 21.0.7+6-LTS
2025-04-23 14:38:58,996 [main] INFO  server.session (DefaultSessionIdManager.java:doStart(334)) - DefaultSessionIdManager workerName=node0
2025-04-23 14:38:58,996 [main] INFO  server.session (DefaultSessionIdManager.java:doStart(339)) - No SessionScavenger set, using defaults
2025-04-23 14:38:58,996 [main] INFO  server.session (HouseKeeper.java:startScavenging(132)) - node0 Scavenging every 660000ms
2025-04-23 14:38:58,997 [main] INFO  handler.ContextHandler (ContextHandler.java:doStart(921)) - Started o.e.j.s.ServletContextHandler@19586bf2{logs,/logs,file:///home/runner/work/ozone/ozone/hadoop-ozone/integration-test/target/log,AVAILABLE}
2025-04-23 14:38:58,997 [main] INFO  handler.ContextHandler (ContextHandler.java:doStart(921)) - Started o.e.j.s.ServletContextHandler@396b2e09{static,/static,file:///home/runner/work/ozone/ozone/hadoop-ozone/integration-test/target/test-classes/webapps/static,AVAILABLE}
2025-04-23 14:38:59,001 [main] INFO  handler.ContextHandler (ContextHandler.java:doStart(921)) - Started o.e.j.w.WebAppContext@10ae2b1e{ozoneManager,/,file:///home/runner/work/ozone/ozone/hadoop-ozone/integration-test/target/test-classes/webapps/ozoneManager/,AVAILABLE}{file:/home/runner/work/ozone/ozone/hadoop-ozone/integration-test/target/test-classes/webapps/ozoneManager}
2025-04-23 14:38:59,001 [main] INFO  server.AbstractConnector (AbstractConnector.java:doStart(333)) - Started ServerConnector@49385f8{HTTP/1.1, (http/1.1)}{0.0.0.0:15007}
2025-04-23 14:38:59,001 [main] INFO  server.Server (Server.java:doStart(415)) - Started @139280ms
2025-04-23 14:38:59,001 [main] WARN  impl.MetricsSystemImpl (MetricsSystemImpl.java:register(279)) - Sink prometheus already exists!
2025-04-23 14:38:59,002 [main] INFO  http.BaseHttpServer (BaseHttpServer.java:updateConnectorAddress(360)) - HTTP server of ozoneManager listening at http://0.0.0.0:15007
2025-04-23 14:38:59,002 [IPC Server Responder] INFO  ipc.Server (Server.java:run(1713)) - IPC Server Responder: starting
2025-04-23 14:38:59,002 [IPC Server listener on 15006] INFO  ipc.Server (Server.java:run(1553)) - IPC Server listener on 15006: starting
2025-04-23 14:38:59,004 [main] INFO  om.OzoneManager (OzoneManager.java:startTrashEmptier(2257)) - Trash Interval set to 0. Files deleted won't move to trash
2025-04-23 14:38:59,004 [main] INFO  om.OzoneManager (OzoneManager.java:restart(1878)) - OzoneManager RPC server is listening at localhost/127.0.0.1:15010
2025-04-23 14:38:59,004 [main] INFO  impl.MetricsSystemImpl (MetricsSystemImpl.java:init(158)) - OzoneManager metrics system started (again)
2025-04-23 14:38:59,015 [main] WARN  server.ServerUtils (ServerUtils.java:getDBPath(297)) - ozone.om.db.dirs is not configured. We recommend adding this setting. Falling back to ozone.metadata.dirs instead.
2025-04-23 14:38:59,053 [main] INFO  om.OzoneManager (OzoneManager.java:instantiateServices(933)) - S3 Multi-Tenancy is disabled
2025-04-23 14:38:59,054 [main] INFO  om.OmSnapshotManager (OmSnapshotManager.java:<init>(180)) - Ozone filesystem snapshot feature is enabled.
2025-04-23 14:38:59,054 [main] WARN  server.ServerUtils (ServerUtils.java:getDBPath(297)) - ozone.om.snapshot.diff.db.dir is not configured. We recommend adding this setting. Falling back to ozone.metadata.dirs instead.
2025-04-23 14:38:59,080 [main] WARN  dropwizard3.Dm3MetricRegistriesImpl (Dm3MetricRegistriesImpl.java:addReporterRegistration(114)) - New reporters are added after registries were created. Some metrics will be missing from the reporter. Please add reporter before adding any new registry.
2025-04-23 14:38:59,080 [main] WARN  dropwizard3.Dm3MetricRegistriesImpl (Dm3MetricRegistriesImpl.java:addReporterRegistration(114)) - New reporters are added after registries were created. Some metrics will be missing from the reporter. Please add reporter before adding any new registry.
2025-04-23 14:38:59,080 [main] WARN  server.ServerUtils (ServerUtils.java:getDefaultRatisDirectory(309)) - Storage directory for Ratis is not configured. It is a good idea to map this to an SSD disk. Falling back to ozone.metadata.dirs
2025-04-23 14:38:59,081 [main] INFO  server.RaftServerConfigKeys (ConfUtils.java:logGet(46)) - raft.server.log.appender.buffer.byte-limit = 4194304 (custom)
2025-04-23 14:38:59,081 [main] INFO  ratis.OzoneManagerRatisServer (OzoneManagerRatisServer.java:<init>(167)) - Instantiating OM Ratis server with groupID: om-service-test1 and peers: localhost:15013, localhost:15017, localhost:15009
2025-04-23 14:38:59,082 [main] INFO  ratis.OzoneManagerStateMachine (OzoneManagerStateMachine.java:loadSnapshotInfoFromDB(611)) - LastAppliedIndex is set from TransactionInfo from OM DB as (t:14, i:324)
2025-04-23 14:38:59,082 [main] INFO  server.RaftServer (ConfUtils.java:logGet(46)) - raft.rpc.type = GRPC (default)
2025-04-23 14:38:59,082 [main] INFO  grpc.GrpcConfigKeys (ConfUtils.java:logFallback(53)) - raft.grpc.admin.host = null (fallback to raft.grpc.server.host)
2025-04-23 14:38:59,082 [main] INFO  grpc.GrpcConfigKeys (ConfUtils.java:logFallback(53)) - raft.grpc.admin.port = 15013 (fallback to raft.grpc.server.port)
2025-04-23 14:38:59,083 [main] INFO  grpc.GrpcConfigKeys (ConfUtils.java:logFallback(53)) - raft.grpc.client.host = null (fallback to raft.grpc.server.host)
2025-04-23 14:38:59,083 [main] INFO  grpc.GrpcConfigKeys (ConfUtils.java:logFallback(53)) - raft.grpc.client.port = 15013 (fallback to raft.grpc.server.port)
2025-04-23 14:38:59,083 [main] INFO  grpc.GrpcConfigKeys (ConfUtils.java:logGet(46)) - raft.grpc.server.host = null (default)
2025-04-23 14:38:59,083 [main] INFO  grpc.GrpcConfigKeys (ConfUtils.java:logGet(46)) - raft.grpc.server.port = 15013 (custom)
2025-04-23 14:38:59,083 [main] INFO  server.GrpcService (ConfUtils.java:logGet(46)) - raft.grpc.message.size.max = 5242880 (custom)
2025-04-23 14:38:59,083 [main] INFO  server.GrpcService (ConfUtils.java:logGet(46)) - raft.grpc.flow.control.window = 1MB (=1048576) (default)
2025-04-23 14:38:59,083 [main] INFO  server.RaftServerConfigKeys (ConfUtils.java:logGet(46)) - raft.server.rpc.request.timeout = 3000ms (default)
2025-04-23 14:38:59,083 [main] INFO  grpc.GrpcConfigKeys (ConfUtils.java:logGet(46)) - raft.grpc.server.heartbeat.channel = true (default)
2025-04-23 14:38:59,083 [main] INFO  server.RaftServerConfigKeys (ConfUtils.java:logGet(46)) - raft.server.log.appender.buffer.byte-limit = 4194304 (custom)
2025-04-23 14:38:59,083 [main] INFO  grpc.GrpcConfigKeys (ConfUtils.java:logGet(46)) - raft.grpc.server.async.request.thread.pool.cached = true (default)
2025-04-23 14:38:59,083 [main] INFO  grpc.GrpcConfigKeys (ConfUtils.java:logGet(46)) - raft.grpc.server.async.request.thread.pool.size = 32 (default)
2025-04-23 14:38:59,084 [main] INFO  impl.DataStreamServerImpl (ConfUtils.java:logGet(46)) - raft.datastream.type = DISABLED (default)
2025-04-23 14:38:59,084 [main] INFO  server.RaftServerConfigKeys (ConfUtils.java:logGet(46)) - raft.server.sleep.deviation.threshold = 300ms (default)
2025-04-23 14:38:59,084 [main] INFO  server.RaftServerConfigKeys (ConfUtils.java:logGet(46)) - raft.server.close.threshold = 60s (default)
2025-04-23 14:38:59,085 [main] INFO  server.RaftServerConfigKeys (ConfUtils.java:logGet(46)) - raft.server.leaderelection.leader.step-down.wait-time = 10s (default)
2025-04-23 14:38:59,085 [main] INFO  server.RaftServerConfigKeys (ConfUtils.java:logGet(46)) - raft.server.storage.dir = [/home/runner/work/ozone/ozone/hadoop-ozone/integration-test/target/test-dir/MiniOzoneClusterImpl-68853c07-42d2-4ef8-9e75-e3a852294e6a/omNode-2/ratis] (custom)
2025-04-23 14:38:59,085 [main] INFO  server.RaftServerConfigKeys (ConfUtils.java:logGet(46)) - raft.server.threadpool.proxy.cached = true (default)
2025-04-23 14:38:59,085 [main] INFO  server.RaftServerConfigKeys (ConfUtils.java:logGet(46)) - raft.server.threadpool.proxy.size = 0 (default)
2025-04-23 14:38:59,085 [omNode-2-impl-thread1] INFO  server.RaftServer (RaftServerProxy.java:initGroupDir(265)) - omNode-2: found a subdirectory /home/runner/work/ozone/ozone/hadoop-ozone/integration-test/target/test-dir/MiniOzoneClusterImpl-68853c07-42d2-4ef8-9e75-e3a852294e6a/omNode-2/ratis/c9bc4cf4-3bc3-3c60-a66b-523986131536
2025-04-23 14:38:59,086 [main] INFO  server.RaftServer (RaftServerProxy.java:addNew(100)) - omNode-2: addNew group-523986131536:[omNode-3|localhost:15017, omNode-1|localhost:15009, omNode-2|localhost:15013] returns group-523986131536:java.util.concurrent.CompletableFuture@19e889c1[Not completed]
2025-04-23 14:38:59,086 [main] INFO  om.OzoneManager (OzoneManager.java:initializeRatisServer(2303)) - OzoneManager Ratis server initialized at port 15013
2025-04-23 14:38:59,086 [main] INFO  ratis.OzoneManagerRatisServer (OzoneManagerRatisServer.java:start(628)) - Starting OzoneManagerRatisServer omNode-2 at port 15013
2025-04-23 14:38:59,086 [omNode-2-groupManagement] INFO  server.RaftServer$Division (RaftServerImpl.java:<init>(255)) - omNode-2: new RaftServerImpl for group-523986131536:[omNode-3|localhost:15017, omNode-1|localhost:15009, omNode-2|localhost:15013] with OzoneManagerStateMachine:uninitialized
2025-04-23 14:38:59,086 [omNode-2-groupManagement] INFO  server.RaftServerConfigKeys (ConfUtils.java:logGet(46)) - raft.server.rpc.timeout.min = 1s (custom)
2025-04-23 14:38:59,086 [omNode-2-groupManagement] INFO  server.RaftServerConfigKeys (ConfUtils.java:logGet(46)) - raft.server.rpc.timeout.max = 1200ms (custom)
2025-04-23 14:38:59,086 [omNode-2-groupManagement] INFO  server.RaftServerConfigKeys (ConfUtils.java:logGet(46)) - raft.server.rpc.sleep.time = 25ms (default)
2025-04-23 14:38:59,086 [omNode-2-groupManagement] INFO  server.RaftServerConfigKeys (ConfUtils.java:logGet(46)) - raft.server.rpc.slowness.timeout = 2s (custom)
2025-04-23 14:38:59,086 [omNode-2-groupManagement] INFO  server.RaftServerConfigKeys (ConfUtils.java:logGet(46)) - raft.server.leaderelection.leader.step-down.wait-time = 10s (default)
2025-04-23 14:38:59,086 [omNode-2-groupManagement] INFO  server.RaftServerConfigKeys (ConfUtils.java:logGet(46)) - raft.server.leaderelection.member.majority-add = false (default)
2025-04-23 14:38:59,086 [omNode-2-groupManagement] INFO  server.RaftServerConfigKeys (ConfUtils.java:logGet(46)) - raft.server.sleep.deviation.threshold = 300ms (default)
2025-04-23 14:38:59,086 [omNode-2-groupManagement] INFO  server.RaftServer$Division (ServerState.java:<init>(114)) - omNode-2@group-523986131536: ConfigurationManager, init=conf: {index: -1, cur=peers:[omNode-3|localhost:15017, omNode-1|localhost:15009, omNode-2|localhost:15013]|listeners:[], old=null}, confs=<EMPTY_MAP>
2025-04-23 14:38:59,086 [omNode-2-groupManagement] INFO  server.RaftServerConfigKeys (ConfUtils.java:logGet(46)) - raft.server.notification.no-leader.timeout = 2s (custom)
2025-04-23 14:38:59,086 [omNode-2-groupManagement] INFO  server.RaftServerConfigKeys (ConfUtils.java:logGet(46)) - raft.server.read.timeout = 10s (default)
2025-04-23 14:38:59,086 [omNode-2-groupManagement] INFO  server.RaftServerConfigKeys (ConfUtils.java:logGet(46)) - raft.server.retrycache.expirytime = 30000ms (custom)
2025-04-23 14:38:59,086 [omNode-2-groupManagement] INFO  server.RaftServerConfigKeys (ConfUtils.java:logGet(46)) - raft.server.retrycache.statistics.expirytime = 100ms (default)
2025-04-23 14:38:59,087 [omNode-2-groupManagement] INFO  server.RaftServerConfigKeys (ConfUtils.java:logGet(46)) - raft.server.read.option = DEFAULT (default)
2025-04-23 14:38:59,087 [omNode-2-groupManagement] INFO  server.RaftServerConfigKeys (ConfUtils.java:logGet(46)) - raft.server.read.read-after-write-consistent.write-index-cache.expiry-time = 60s (default)
2025-04-23 14:38:59,089 [omNode-2-groupManagement] INFO  server.RaftServerConfigKeys (ConfUtils.java:logGet(46)) - raft.server.rpc.request.timeout = 3000ms (default)
2025-04-23 14:38:59,089 [omNode-2-groupManagement] INFO  server.RaftServerConfigKeys (ConfUtils.java:logGet(46)) - raft.server.log.appender.install.snapshot.enabled = false (custom)
2025-04-23 14:38:59,089 [omNode-2-groupManagement] INFO  server.RaftServerConfigKeys (ConfUtils.java:logGet(46)) - raft.server.threadpool.server.cached = true (default)
2025-04-23 14:38:59,089 [omNode-2-groupManagement] INFO  server.RaftServerConfigKeys (ConfUtils.java:logGet(46)) - raft.server.threadpool.server.size = 0 (default)
2025-04-23 14:38:59,089 [omNode-2-groupManagement] INFO  server.RaftServerConfigKeys (ConfUtils.java:logGet(46)) - raft.server.threadpool.client.cached = true (default)
2025-04-23 14:38:59,089 [omNode-2-groupManagement] INFO  server.RaftServerConfigKeys (ConfUtils.java:logGet(46)) - raft.server.threadpool.client.size = 0 (default)
2025-04-23 14:38:59,089 [omNode-2-impl-thread1] INFO  server.RaftServerConfigKeys (ConfUtils.java:logGet(46)) - raft.server.storage.free-space.min = 0MB (=0) (default)
2025-04-23 14:38:59,089 [omNode-2-impl-thread1] INFO  server.RaftServerConfigKeys (ConfUtils.java:logGet(46)) - raft.server.log.corruption.policy = EXCEPTION (default)
2025-04-23 14:38:59,089 [omNode-2-impl-thread1] INFO  server.RaftServerConfigKeys (ConfUtils.java:logGet(46)) - raft.server.storage.dir = [/home/runner/work/ozone/ozone/hadoop-ozone/integration-test/target/test-dir/MiniOzoneClusterImpl-68853c07-42d2-4ef8-9e75-e3a852294e6a/omNode-2/ratis] (custom)
2025-04-23 14:38:59,090 [omNode-2-impl-thread1] INFO  storage.RaftStorageDirectory (RaftStorageDirectoryImpl.java:tryLock(229)) - Lock on /home/runner/work/ozone/ozone/hadoop-ozone/integration-test/target/test-dir/MiniOzoneClusterImpl-68853c07-42d2-4ef8-9e75-e3a852294e6a/omNode-2/ratis/c9bc4cf4-3bc3-3c60-a66b-523986131536/in_use.lock acquired by nodename 129558@fv-az1120-822
2025-04-23 14:38:59,091 [omNode-2-impl-thread1] INFO  storage.RaftStorage (RaftStorageImpl.java:analyzeAndRecoverStorage(118)) - Read RaftStorageMetadata{term=14, votedFor=omNode-2} from /home/runner/work/ozone/ozone/hadoop-ozone/integration-test/target/test-dir/MiniOzoneClusterImpl-68853c07-42d2-4ef8-9e75-e3a852294e6a/omNode-2/ratis/c9bc4cf4-3bc3-3c60-a66b-523986131536/current/raft-meta
2025-04-23 14:38:59,091 [omNode-2-impl-thread1] INFO  server.RaftServer$Division (ServerState.java:setRaftConf(386)) - omNode-2@group-523986131536: set configuration conf: {index: 313, cur=peers:[omNode-3|localhost:15017, omNode-1|localhost:15009, omNode-2|localhost:15013]|listeners:[], old=null}
2025-04-23 14:38:59,091 [omNode-2-impl-thread1] INFO  ratis.OzoneManagerStateMachine (OzoneManagerStateMachine.java:lambda$0(138)) - omNode-2: initialize group-523986131536 with (t:14, i:324)
2025-04-23 14:38:59,091 [omNode-2-impl-thread1] INFO  server.RaftServerConfigKeys (ConfUtils.java:logGet(46)) - raft.server.log.use.memory = false (default)
2025-04-23 14:38:59,091 [omNode-2-impl-thread1] INFO  server.RaftServerConfigKeys (ConfUtils.java:logGet(46)) - raft.server.log.purge.gap = 50 (custom)
2025-04-23 14:38:59,091 [omNode-2-impl-thread1] INFO  server.RaftServerConfigKeys (ConfUtils.java:logGet(46)) - raft.server.log.appender.buffer.byte-limit = 4194304 (custom)
2025-04-23 14:38:59,091 [omNode-2-impl-thread1] INFO  server.RaftServerConfigKeys (ConfUtils.java:logGet(46)) - raft.server.log.statemachine.data.read.timeout = 1000ms (default)
2025-04-23 14:38:59,091 [omNode-2-impl-thread1] INFO  server.RaftServerConfigKeys (ConfUtils.java:logGet(46)) - raft.server.log.purge.preservation.log.num = 0 (default)
2025-04-23 14:38:59,092 [omNode-2-impl-thread1] INFO  server.RaftServerConfigKeys (ConfUtils.java:logGet(46)) - raft.server.log.segment.size.max = 4194304 (custom)
2025-04-23 14:38:59,092 [omNode-2-impl-thread1] INFO  server.RaftServerConfigKeys (ConfUtils.java:logGet(46)) - raft.server.log.segment.cache.num.max = 2 (custom)
2025-04-23 14:38:59,093 [omNode-2-impl-thread1] INFO  server.RaftServerConfigKeys (ConfUtils.java:logGet(46)) - raft.server.log.segment.cache.size.max = 200MB (=209715200) (default)
2025-04-23 14:38:59,093 [omNode-2-impl-thread1] INFO  server.RaftServerConfigKeys (ConfUtils.java:logGet(46)) - raft.server.log.appender.buffer.byte-limit = 4194304 (custom)
2025-04-23 14:38:59,093 [omNode-2-impl-thread1] INFO  util.AwaitToRun (AwaitToRun.java:start(81)) - Thread[#6427,omNode-2@group-523986131536-cacheEviction-AwaitToRun,5,main] started
2025-04-23 14:38:59,093 [omNode-2-impl-thread1] INFO  segmented.SegmentedRaftLogWorker (SegmentedRaftLogWorker.java:<init>(188)) - new omNode-2@group-523986131536-SegmentedRaftLogWorker for RaftStorageImpl:Storage Directory /home/runner/work/ozone/ozone/hadoop-ozone/integration-test/target/test-dir/MiniOzoneClusterImpl-68853c07-42d2-4ef8-9e75-e3a852294e6a/omNode-2/ratis/c9bc4cf4-3bc3-3c60-a66b-523986131536
2025-04-23 14:38:59,093 [omNode-2-impl-thread1] INFO  server.RaftServerConfigKeys (ConfUtils.java:logGet(46)) - raft.server.log.queue.byte-limit = 64MB (=67108864) (default)
2025-04-23 14:38:59,093 [omNode-2-impl-thread1] INFO  server.RaftServerConfigKeys (ConfUtils.java:logGet(46)) - raft.server.log.queue.element-limit = 4096 (default)
2025-04-23 14:38:59,093 [omNode-2-impl-thread1] INFO  server.RaftServerConfigKeys (ConfUtils.java:logGet(46)) - raft.server.log.segment.size.max = 4194304 (custom)
2025-04-23 14:38:59,093 [omNode-2-impl-thread1] INFO  server.RaftServerConfigKeys (ConfUtils.java:logGet(46)) - raft.server.log.preallocated.size = 4194304 (custom)
2025-04-23 14:38:59,093 [omNode-2-impl-thread1] INFO  server.RaftServerConfigKeys (ConfUtils.java:logGet(46)) - raft.server.log.force.sync.num = 128 (default)
2025-04-23 14:38:59,093 [omNode-2-impl-thread1] INFO  server.RaftServerConfigKeys (ConfUtils.java:logGet(46)) - raft.server.log.statemachine.data.sync = true (default)
2025-04-23 14:38:59,093 [omNode-2-impl-thread1] INFO  server.RaftServerConfigKeys (ConfUtils.java:logGet(46)) - raft.server.log.statemachine.data.sync.timeout = 10s (default)
2025-04-23 14:38:59,093 [omNode-2-impl-thread1] INFO  server.RaftServerConfigKeys (ConfUtils.java:logGet(46)) - raft.server.log.statemachine.data.sync.timeout.retry = -1 (default)
2025-04-23 14:38:59,093 [omNode-2-impl-thread1] INFO  server.RaftServerConfigKeys (ConfUtils.java:logGet(46)) - raft.server.log.write.buffer.size = 4194312 (custom)
2025-04-23 14:38:59,094 [omNode-2-impl-thread1] INFO  server.RaftServerConfigKeys (ConfUtils.java:logGet(46)) - raft.server.log.appender.buffer.byte-limit = 4194304 (custom)
2025-04-23 14:38:59,094 [omNode-2-impl-thread1] INFO  server.RaftServerConfigKeys (ConfUtils.java:logGet(46)) - raft.server.log.unsafe-flush.enabled = false (default)
2025-04-23 14:38:59,094 [omNode-2-impl-thread1] INFO  server.RaftServerConfigKeys (ConfUtils.java:logGet(46)) - raft.server.log.async-flush.enabled = false (default)
2025-04-23 14:38:59,094 [omNode-2-impl-thread1] INFO  server.RaftServerConfigKeys (ConfUtils.java:logGet(46)) - raft.server.log.statemachine.data.caching.enabled = false (default)
2025-04-23 14:38:59,094 [omNode-2-impl-thread1] INFO  server.RaftServer$Division (ServerState.java:setRaftConf(386)) - omNode-2@group-523986131536: set configuration conf: {index: 313, cur=peers:[omNode-3|localhost:15017, omNode-1|localhost:15009, omNode-2|localhost:15013]|listeners:[], old=null}
2025-04-23 14:38:59,094 [omNode-2-impl-thread1] INFO  segmented.LogSegment (LogSegment.java:loadSegment(171)) - Successfully read 12 entries from segment file /home/runner/work/ozone/ozone/hadoop-ozone/integration-test/target/test-dir/MiniOzoneClusterImpl-68853c07-42d2-4ef8-9e75-e3a852294e6a/omNode-2/ratis/c9bc4cf4-3bc3-3c60-a66b-523986131536/current/log_inprogress_313
2025-04-23 14:38:59,095 [omNode-2-impl-thread1] INFO  segmented.SegmentedRaftLogWorker (SegmentedRaftLogWorker.java:lambda$new$0(139)) - omNode-2@group-523986131536-SegmentedRaftLogWorker: flushIndex: setUnconditionally 0 -> 324
2025-04-23 14:38:59,095 [omNode-2-impl-thread1] INFO  segmented.SegmentedRaftLogWorker (SegmentedRaftLogWorker.java:lambda$new$0(139)) - omNode-2@group-523986131536-SegmentedRaftLogWorker: safeCacheEvictIndex: setUnconditionally 0 -> -1
2025-04-23 14:38:59,095 [omNode-2-impl-thread1] INFO  segmented.BufferedWriteChannel (BufferedWriteChannel.java:open(61)) - open log_inprogress_313 (append) at position 2091
2025-04-23 14:38:59,095 [omNode-2-impl-thread1] INFO  raftlog.RaftLog (RaftLogBase.java:lambda$new$0(54)) - omNode-2@group-523986131536-SegmentedRaftLog: purgeIndex: updateToMax old=-1, new=312, updated? true
2025-04-23 14:38:59,095 [omNode-2-impl-thread1] INFO  server.RaftServer$Division (RaftServerImpl.java:start(391)) - omNode-2@group-523986131536: start as a follower, conf=conf: {index: 313, cur=peers:[omNode-3|localhost:15017, omNode-1|localhost:15009, omNode-2|localhost:15013]|listeners:[], old=null}
2025-04-23 14:38:59,095 [omNode-2-impl-thread1] INFO  server.RaftServer$Division (RaftServerImpl.java:setRole(378)) - omNode-2@group-523986131536: changes role from      null to FOLLOWER at term 14 for startAsFollower
2025-04-23 14:38:59,095 [omNode-2-impl-thread1] INFO  impl.RoleInfo (RoleInfo.java:updateAndGet(148)) - omNode-2: start omNode-2@group-523986131536-FollowerState
2025-04-23 14:38:59,095 [omNode-2-impl-thread1] INFO  util.JmxRegister (JmxRegister.java:tryRegister(44)) - Successfully registered JMX Bean with object name Ratis:service=RaftServer,group=group-523986131536,id=omNode-2
2025-04-23 14:38:59,095 [omNode-2@group-523986131536-FollowerState] INFO  server.RaftServerConfigKeys (ConfUtils.java:logFallback(53)) - raft.server.rpc.first-election.timeout.min = 1s (fallback to raft.server.rpc.timeout.min)
2025-04-23 14:38:59,095 [omNode-2@group-523986131536-FollowerState] INFO  server.RaftServerConfigKeys (ConfUtils.java:logFallback(53)) - raft.server.rpc.first-election.timeout.max = 1200ms (fallback to raft.server.rpc.timeout.max)
2025-04-23 14:38:59,095 [omNode-2-impl-thread1] INFO  util.JmxRegister (JmxRegister.java:register(58)) - register mxBean class org.apache.ratis.server.impl.RaftServerJmxAdapter as Ratis:service=RaftServer,group=group-523986131536,id=omNode-2
2025-04-23 14:38:59,096 [omNode-2-impl-thread1] INFO  server.RaftServerConfigKeys (ConfUtils.java:logGet(46)) - raft.server.snapshot.trigger-when-stop.enabled = true (default)
2025-04-23 14:38:59,096 [omNode-2-impl-thread1] INFO  server.RaftServerConfigKeys (ConfUtils.java:logGet(46)) - raft.server.snapshot.trigger-when-remove.enabled = true (default)
2025-04-23 14:38:59,096 [omNode-2-impl-thread1] INFO  server.RaftServerConfigKeys (ConfUtils.java:logGet(46)) - raft.server.snapshot.auto.trigger.enabled = true (custom)
2025-04-23 14:38:59,096 [omNode-2-impl-thread1] INFO  server.RaftServerConfigKeys (ConfUtils.java:logGet(46)) - raft.server.snapshot.auto.trigger.threshold = 50 (custom)
2025-04-23 14:38:59,096 [omNode-2-impl-thread1] INFO  server.RaftServerConfigKeys (ConfUtils.java:logGet(46)) - raft.server.snapshot.retention.file.num = -1 (default)
2025-04-23 14:38:59,096 [omNode-2-impl-thread1] INFO  server.RaftServerConfigKeys (ConfUtils.java:logGet(46)) - raft.server.log.purge.upto.snapshot.index = true (custom)
2025-04-23 14:38:59,096 [omNode-2-impl-thread1] INFO  server.RaftServer$Division (RaftServerImpl.java:start(405)) - omNode-2@group-523986131536: Successfully started.
2025-04-23 14:38:59,096 [main] INFO  server.RaftServer (RaftServerProxy.java:startImpl(407)) - omNode-2: start RPC server
2025-04-23 14:38:59,097 [main] INFO  server.GrpcService (GrpcService.java:startImpl(334)) - omNode-2: GrpcService started, listening on 15013
2025-04-23 14:38:59,097 [main] INFO  om.OzoneManager (OzoneManager.java:getRpcServer(1360)) - Creating RPC Server
2025-04-23 14:38:59,097 [JvmPauseMonitor34] INFO  util.JvmPauseMonitor (JvmPauseMonitor.java:run(146)) - JvmPauseMonitor-omNode-2: Started
2025-04-23 14:38:59,344 [timer6] WARN  server.GrpcLogAppender (GrpcLogAppender.java:lambda$resetClient$1(221)) - omNode-2@group-523986131536->omNode-1-GrpcLogAppender: Follower failed (request=null, errorCount=24); keep nextIndex (315) unchanged and retry. (Repeated 6 times in the last 5.000s)
2025-04-23 14:38:59,344 [timer5] WARN  server.GrpcLogAppender (LogUtils.java:warn(121)) - omNode-2@group-523986131536->omNode-1-AppendLogResponseHandler: Failed appendEntries (Repeated 22 times in the last 5.000s): org.apache.ratis.thirdparty.io.grpc.StatusRuntimeException: UNAVAILABLE: io exception
2025-04-23 14:38:59,358 [omNode-3@group-523986131536-FollowerState] INFO  impl.FollowerState (FollowerState.java:runImpl(161)) - omNode-3@group-523986131536-FollowerState: change to CANDIDATE, lastRpcElapsedTime:1151685068ns, electionTimeout:1151ms
2025-04-23 14:38:59,358 [omNode-3@group-523986131536-FollowerState] INFO  impl.RoleInfo (RoleInfo.java:shutdownFollowerState(121)) - omNode-3: shutdown omNode-3@group-523986131536-FollowerState
2025-04-23 14:38:59,358 [omNode-3@group-523986131536-FollowerState] INFO  server.RaftServer$Division (RaftServerImpl.java:setRole(378)) - omNode-3@group-523986131536: changes role from  FOLLOWER to CANDIDATE at term 14 for changeToCandidate
2025-04-23 14:38:59,358 [omNode-3@group-523986131536-FollowerState] INFO  server.RaftServerConfigKeys (ConfUtils.java:logGet(46)) - raft.server.leaderelection.pre-vote = true (default)
2025-04-23 14:38:59,358 [omNode-3@group-523986131536-FollowerState] INFO  impl.RoleInfo (RoleInfo.java:updateAndGet(148)) - omNode-3: start omNode-3@group-523986131536-LeaderElection32
2025-04-23 14:38:59,359 [omNode-3@group-523986131536-LeaderElection32] INFO  impl.LeaderElection (LeaderElection.java:askForVotes(332)) - omNode-3@group-523986131536-LeaderElection32 PRE_VOTE round 0: submit vote requests at term 14 for conf: {index: 313, cur=peers:[omNode-3|localhost:15017, omNode-1|localhost:15009, omNode-2|localhost:15013]|listeners:[], old=null}
2025-04-23 14:38:59,359 [omNode-3@group-523986131536-LeaderElection32-1] INFO  server.GrpcServerProtocolClient (GrpcServerProtocolClient.java:<init>(65)) - Build channel for omNode-1|localhost:15009
2025-04-23 14:38:59,359 [omNode-3@group-523986131536-LeaderElection32-2] INFO  server.GrpcServerProtocolClient (GrpcServerProtocolClient.java:<init>(65)) - Build channel for omNode-2|localhost:15013
2025-04-23 14:38:59,359 [omNode-3@group-523986131536-LeaderElection32] INFO  server.RaftServerConfigKeys (ConfUtils.java:logFallback(53)) - raft.server.rpc.first-election.timeout.min = 1s (fallback to raft.server.rpc.timeout.min)
2025-04-23 14:38:59,359 [omNode-3@group-523986131536-LeaderElection32] INFO  server.RaftServerConfigKeys (ConfUtils.java:logFallback(53)) - raft.server.rpc.first-election.timeout.max = 1200ms (fallback to raft.server.rpc.timeout.max)
2025-04-23 14:38:59,363 [grpc-default-executor-0] INFO  server.RaftServer$Division (RaftServerImpl.java:requestVote(1407)) - omNode-1@group-523986131536: receive requestVote(PRE_VOTE, omNode-3, group-523986131536, 14, (t:14, i:324))
2025-04-23 14:38:59,363 [grpc-default-executor-0] INFO  impl.VoteContext (VoteContext.java:log(49)) - omNode-1@group-523986131536-FOLLOWER: accept PRE_VOTE from omNode-3: our last entry (t:13, i:312) < candidate's last entry (t:14, i:324)
2025-04-23 14:38:59,363 [grpc-default-executor-0] INFO  server.RaftServer$Division (RaftServerImpl.java:requestVote(1441)) - omNode-1@group-523986131536 replies to PRE_VOTE vote request: omNode-3<-omNode-1#0:OK-t13. Peer's state: omNode-1@group-523986131536:t13, leader=null, voted=omNode-1, raftlog=Memoized:omNode-1@group-523986131536-SegmentedRaftLog:OPENED:c312:last(t:13, i:312), conf=conf: {index: 311, cur=peers:[omNode-3|localhost:15017, omNode-1|localhost:15009, omNode-2|localhost:15013]|listeners:[], old=null}
2025-04-23 14:38:59,363 [grpc-default-executor-7] INFO  server.RaftServer$Division (RaftServerImpl.java:requestVote(1407)) - omNode-2@group-523986131536: receive requestVote(PRE_VOTE, omNode-3, group-523986131536, 14, (t:14, i:324))
2025-04-23 14:38:59,363 [grpc-default-executor-7] INFO  impl.VoteContext (VoteContext.java:log(49)) - omNode-2@group-523986131536-FOLLOWER: accept PRE_VOTE from omNode-3: our priority 0 <= candidate's priority 0
2025-04-23 14:38:59,363 [grpc-default-executor-7] INFO  server.RaftServer$Division (RaftServerImpl.java:requestVote(1441)) - omNode-2@group-523986131536 replies to PRE_VOTE vote request: omNode-3<-omNode-2#0:OK-t14. Peer's state: omNode-2@group-523986131536:t14, leader=null, voted=omNode-2, raftlog=Memoized:omNode-2@group-523986131536-SegmentedRaftLog:OPENED:c324:last(t:14, i:324), conf=conf: {index: 313, cur=peers:[omNode-3|localhost:15017, omNode-1|localhost:15009, omNode-2|localhost:15013]|listeners:[], old=null}
2025-04-23 14:38:59,365 [omNode-3@group-523986131536-LeaderElection32] INFO  impl.LeaderElection (LeaderElection.java:logAndReturn(90)) - omNode-3@group-523986131536-LeaderElection32: PRE_VOTE PASSED received 1 response(s) and 0 exception(s):
2025-04-23 14:38:59,365 [omNode-3@group-523986131536-LeaderElection32] INFO  impl.LeaderElection (LeaderElection.java:logAndReturn(94)) -   Response 0: omNode-3<-omNode-1#0:OK-t13
2025-04-23 14:38:59,365 [omNode-3@group-523986131536-LeaderElection32] INFO  impl.LeaderElection (LeaderElection.java:askForVotes(334)) - omNode-3@group-523986131536-LeaderElection32 PRE_VOTE round 0: result PASSED
2025-04-23 14:38:59,366 [omNode-3@group-523986131536-LeaderElection32] INFO  impl.LeaderElection (LeaderElection.java:askForVotes(332)) - omNode-3@group-523986131536-LeaderElection32 ELECTION round 0: submit vote requests at term 15 for conf: {index: 313, cur=peers:[omNode-3|localhost:15017, omNode-1|localhost:15009, omNode-2|localhost:15013]|listeners:[], old=null}
2025-04-23 14:38:59,367 [omNode-3@group-523986131536-LeaderElection32] INFO  server.RaftServerConfigKeys (ConfUtils.java:logFallback(53)) - raft.server.rpc.first-election.timeout.min = 1s (fallback to raft.server.rpc.timeout.min)
2025-04-23 14:38:59,367 [omNode-3@group-523986131536-LeaderElection32] INFO  server.RaftServerConfigKeys (ConfUtils.java:logFallback(53)) - raft.server.rpc.first-election.timeout.max = 1200ms (fallback to raft.server.rpc.timeout.max)
2025-04-23 14:38:59,367 [grpc-default-executor-7] INFO  server.RaftServer$Division (RaftServerImpl.java:requestVote(1407)) - omNode-2@group-523986131536: receive requestVote(ELECTION, omNode-3, group-523986131536, 15, (t:14, i:324))
2025-04-23 14:38:59,367 [grpc-default-executor-7] INFO  impl.VoteContext (VoteContext.java:log(49)) - omNode-2@group-523986131536-FOLLOWER: accept ELECTION from omNode-3: our priority 0 <= candidate's priority 0
2025-04-23 14:38:59,367 [grpc-default-executor-7] INFO  server.RaftServer$Division (RaftServerImpl.java:setRole(378)) - omNode-2@group-523986131536: changes role from  FOLLOWER to FOLLOWER at term 14 for candidate:omNode-3
2025-04-23 14:38:59,368 [grpc-default-executor-7] INFO  impl.RoleInfo (RoleInfo.java:shutdownFollowerState(121)) - omNode-2: shutdown omNode-2@group-523986131536-FollowerState
2025-04-23 14:38:59,368 [grpc-default-executor-7] INFO  impl.RoleInfo (RoleInfo.java:updateAndGet(148)) - omNode-2: start omNode-2@group-523986131536-FollowerState
2025-04-23 14:38:59,368 [grpc-default-executor-7] INFO  server.RaftServer$Division (RaftServerImpl.java:setFirstElection(562)) - omNode-2@group-523986131536: set firstElectionSinceStartup to false for candidate:omNode-3
2025-04-23 14:38:59,369 [grpc-default-executor-7] INFO  server.RaftServer$Division (RaftServerImpl.java:requestVote(1441)) - omNode-2@group-523986131536 replies to ELECTION vote request: omNode-3<-omNode-2#0:OK-t15. Peer's state: omNode-2@group-523986131536:t15, leader=null, voted=omNode-3, raftlog=Memoized:omNode-2@group-523986131536-SegmentedRaftLog:OPENED:c324:last(t:14, i:324), conf=conf: {index: 313, cur=peers:[omNode-3|localhost:15017, omNode-1|localhost:15009, omNode-2|localhost:15013]|listeners:[], old=null}
2025-04-23 14:38:59,369 [grpc-default-executor-0] INFO  server.RaftServer$Division (RaftServerImpl.java:requestVote(1407)) - omNode-1@group-523986131536: receive requestVote(ELECTION, omNode-3, group-523986131536, 15, (t:14, i:324))
2025-04-23 14:38:59,370 [grpc-default-executor-0] INFO  impl.VoteContext (VoteContext.java:log(49)) - omNode-1@group-523986131536-FOLLOWER: accept ELECTION from omNode-3: our last entry (t:13, i:312) < candidate's last entry (t:14, i:324)
2025-04-23 14:38:59,370 [omNode-2@group-523986131536-FollowerState] INFO  impl.FollowerState (FollowerState.java:runImpl(170)) - omNode-2@group-523986131536-FollowerState was interrupted
2025-04-23 14:38:59,370 [grpc-default-executor-0] INFO  server.RaftServer$Division (RaftServerImpl.java:setRole(378)) - omNode-1@group-523986131536: changes role from  FOLLOWER to FOLLOWER at term 13 for candidate:omNode-3
2025-04-23 14:38:59,370 [grpc-default-executor-0] INFO  impl.RoleInfo (RoleInfo.java:shutdownFollowerState(121)) - omNode-1: shutdown omNode-1@group-523986131536-FollowerState
2025-04-23 14:38:59,370 [grpc-default-executor-0] INFO  impl.RoleInfo (RoleInfo.java:updateAndGet(148)) - omNode-1: start omNode-1@group-523986131536-FollowerState
2025-04-23 14:38:59,371 [omNode-1@group-523986131536-FollowerState] INFO  impl.FollowerState (FollowerState.java:runImpl(170)) - omNode-1@group-523986131536-FollowerState was interrupted
2025-04-23 14:38:59,372 [omNode-1@group-523986131536-FollowerState] INFO  server.RaftServerConfigKeys (ConfUtils.java:logFallback(53)) - raft.server.rpc.first-election.timeout.min = 1s (fallback to raft.server.rpc.timeout.min)
2025-04-23 14:38:59,372 [omNode-1@group-523986131536-FollowerState] INFO  server.RaftServerConfigKeys (ConfUtils.java:logFallback(53)) - raft.server.rpc.first-election.timeout.max = 1200ms (fallback to raft.server.rpc.timeout.max)
2025-04-23 14:38:59,372 [grpc-default-executor-0] INFO  server.RaftServer$Division (RaftServerImpl.java:setFirstElection(562)) - omNode-1@group-523986131536: set firstElectionSinceStartup to false for candidate:omNode-3
2025-04-23 14:38:59,373 [omNode-3@group-523986131536-LeaderElection32] INFO  impl.LeaderElection (LeaderElection.java:logAndReturn(90)) - omNode-3@group-523986131536-LeaderElection32: ELECTION PASSED received 1 response(s) and 0 exception(s):
2025-04-23 14:38:59,373 [omNode-3@group-523986131536-LeaderElection32] INFO  impl.LeaderElection (LeaderElection.java:logAndReturn(94)) -   Response 0: omNode-3<-omNode-2#0:OK-t15
2025-04-23 14:38:59,373 [omNode-3@group-523986131536-LeaderElection32] INFO  impl.LeaderElection (LeaderElection.java:askForVotes(334)) - omNode-3@group-523986131536-LeaderElection32 ELECTION round 0: result PASSED
2025-04-23 14:38:59,373 [omNode-3@group-523986131536-LeaderElection32] INFO  impl.RoleInfo (RoleInfo.java:shutdownLeaderElection(141)) - omNode-3: shutdown omNode-3@group-523986131536-LeaderElection32
2025-04-23 14:38:59,373 [omNode-3@group-523986131536-LeaderElection32] INFO  server.RaftServer$Division (RaftServerImpl.java:setRole(378)) - omNode-3@group-523986131536: changes role from CANDIDATE to LEADER at term 15 for changeToLeader
2025-04-23 14:38:59,373 [omNode-3@group-523986131536-LeaderElection32] INFO  server.RaftServerConfigKeys (ConfUtils.java:logGet(46)) - raft.server.staging.catchup.gap = 1000 (default)
2025-04-23 14:38:59,373 [omNode-3@group-523986131536-LeaderElection32] INFO  server.RaftServerConfigKeys (ConfUtils.java:logGet(46)) - raft.server.write.element-limit = 4096 (default)
2025-04-23 14:38:59,373 [omNode-3@group-523986131536-LeaderElection32] INFO  server.RaftServerConfigKeys (ConfUtils.java:logGet(46)) - raft.server.write.byte-limit = 64MB (=67108864) (default)
2025-04-23 14:38:59,373 [omNode-3@group-523986131536-LeaderElection32] INFO  server.RaftServerConfigKeys (ConfUtils.java:logGet(46)) - raft.server.watch.timeout = 10s (default)
2025-04-23 14:38:59,373 [omNode-3@group-523986131536-LeaderElection32] INFO  server.RaftServerConfigKeys (ConfUtils.java:logGet(46)) - raft.server.watch.timeout.denomination = 1s (default)
2025-04-23 14:38:59,373 [omNode-3@group-523986131536-LeaderElection32] INFO  server.RaftServerConfigKeys (ConfUtils.java:logGet(46)) - raft.server.watch.element-limit = 65536 (default)
2025-04-23 14:38:59,373 [grpc-default-executor-0] INFO  server.RaftServer$Division (RaftServerImpl.java:requestVote(1441)) - omNode-1@group-523986131536 replies to ELECTION vote request: omNode-3<-omNode-1#0:OK-t15. Peer's state: omNode-1@group-523986131536:t15, leader=null, voted=omNode-3, raftlog=Memoized:omNode-1@group-523986131536-SegmentedRaftLog:OPENED:c312:last(t:13, i:312), conf=conf: {index: 311, cur=peers:[omNode-3|localhost:15017, omNode-1|localhost:15009, omNode-2|localhost:15013]|listeners:[], old=null}
2025-04-23 14:38:59,374 [omNode-3@group-523986131536-LeaderElection32] INFO  server.RaftServerConfigKeys (ConfUtils.java:logGet(46)) - raft.server.read.leader.lease.enabled = false (default)
2025-04-23 14:38:59,374 [omNode-3@group-523986131536-LeaderElection32] INFO  server.RaftServerConfigKeys (ConfUtils.java:logGet(46)) - raft.server.read.leader.lease.timeout.ratio = 0.9 (default)
2025-04-23 14:38:59,374 [omNode-3@group-523986131536-LeaderElection32] INFO  server.RaftServerConfigKeys (ConfUtils.java:logGet(46)) - raft.server.rpc.timeout.min = 1s (custom)
2025-04-23 14:38:59,374 [omNode-3@group-523986131536-LeaderElection32] INFO  server.RaftServerConfigKeys (ConfUtils.java:logGet(46)) - raft.server.log.log-metadata.enabled = true (default)
2025-04-23 14:38:59,374 [omNode-3@group-523986131536-LeaderElection32] INFO  server.RaftServerConfigKeys (ConfUtils.java:logGet(46)) - raft.server.write.element-limit = 4096 (default)
2025-04-23 14:38:59,374 [omNode-3@group-523986131536-LeaderElection32] INFO  server.RaftServerConfigKeys (ConfUtils.java:logGet(46)) - raft.server.write.follower.gap.ratio.max = -1.0 (default)
2025-04-23 14:38:59,374 [omNode-3@group-523986131536-LeaderElection32] INFO  server.RaftServerConfigKeys (ConfUtils.java:logGet(46)) - raft.server.log.appender.snapshot.chunk.size.max = 16MB (=16777216) (default)
2025-04-23 14:38:59,374 [omNode-3@group-523986131536-LeaderElection32] INFO  server.RaftServerConfigKeys (ConfUtils.java:logGet(46)) - raft.server.log.appender.buffer.byte-limit = 4194304 (custom)
2025-04-23 14:38:59,374 [omNode-3@group-523986131536-LeaderElection32] INFO  server.RaftServerConfigKeys (ConfUtils.java:logGet(46)) - raft.server.log.appender.buffer.element-limit = 1024 (custom)
2025-04-23 14:38:59,375 [omNode-3@group-523986131536-LeaderElection32] INFO  server.RaftServerConfigKeys (ConfUtils.java:logGet(46)) - raft.server.log.appender.wait-time.min = 0ms (custom)
2025-04-23 14:38:59,375 [omNode-3@group-523986131536-LeaderElection32] INFO  grpc.GrpcConfigKeys (ConfUtils.java:logGet(46)) - raft.grpc.server.leader.outstanding.appends.max = 8 (default)
2025-04-23 14:38:59,375 [omNode-3@group-523986131536-LeaderElection32] INFO  server.RaftServerConfigKeys (ConfUtils.java:logGet(46)) - raft.server.rpc.request.timeout = 3000ms (default)
2025-04-23 14:38:59,375 [omNode-3@group-523986131536-LeaderElection32] INFO  grpc.GrpcConfigKeys (ConfUtils.java:logGet(46)) - raft.grpc.server.install_snapshot.request.element-limit = 8 (default)
2025-04-23 14:38:59,375 [omNode-3@group-523986131536-LeaderElection32] INFO  grpc.GrpcConfigKeys (ConfUtils.java:logGet(46)) - raft.grpc.server.install_snapshot.request.timeout = 3000ms (default)
2025-04-23 14:38:59,375 [omNode-3@group-523986131536-LeaderElection32] INFO  grpc.GrpcConfigKeys (ConfUtils.java:logGet(46)) - raft.grpc.server.log-message.batch.duration = 5s (default)
2025-04-23 14:38:59,375 [omNode-3@group-523986131536-LeaderElection32] INFO  server.RaftServerConfigKeys (ConfUtils.java:logGet(46)) - raft.server.log.appender.install.snapshot.enabled = false (custom)
2025-04-23 14:38:59,375 [omNode-3@group-523986131536-LeaderElection32] INFO  grpc.GrpcConfigKeys (ConfUtils.java:logGet(46)) - raft.grpc.server.heartbeat.channel = true (default)
2025-04-23 14:38:59,376 [omNode-3@group-523986131536-LeaderElection32] INFO  server.RaftServerConfigKeys (ConfUtils.java:logGet(46)) - raft.server.log.appender.snapshot.chunk.size.max = 16MB (=16777216) (default)
2025-04-23 14:38:59,376 [omNode-3@group-523986131536-LeaderElection32] INFO  server.RaftServerConfigKeys (ConfUtils.java:logGet(46)) - raft.server.log.appender.buffer.byte-limit = 4194304 (custom)
2025-04-23 14:38:59,376 [omNode-3@group-523986131536-LeaderElection32] INFO  server.RaftServerConfigKeys (ConfUtils.java:logGet(46)) - raft.server.log.appender.buffer.element-limit = 1024 (custom)
2025-04-23 14:38:59,377 [omNode-3@group-523986131536-LeaderElection32] INFO  server.RaftServerConfigKeys (ConfUtils.java:logGet(46)) - raft.server.log.appender.wait-time.min = 0ms (custom)
2025-04-23 14:38:59,377 [omNode-3@group-523986131536-LeaderElection32] INFO  grpc.GrpcConfigKeys (ConfUtils.java:logGet(46)) - raft.grpc.server.leader.outstanding.appends.max = 8 (default)
2025-04-23 14:38:59,377 [omNode-3@group-523986131536-LeaderElection32] INFO  server.RaftServerConfigKeys (ConfUtils.java:logGet(46)) - raft.server.rpc.request.timeout = 3000ms (default)
2025-04-23 14:38:59,377 [omNode-3@group-523986131536-LeaderElection32] INFO  grpc.GrpcConfigKeys (ConfUtils.java:logGet(46)) - raft.grpc.server.install_snapshot.request.element-limit = 8 (default)
2025-04-23 14:38:59,377 [omNode-3@group-523986131536-LeaderElection32] INFO  grpc.GrpcConfigKeys (ConfUtils.java:logGet(46)) - raft.grpc.server.install_snapshot.request.timeout = 3000ms (default)
2025-04-23 14:38:59,377 [omNode-3@group-523986131536-LeaderElection32] INFO  grpc.GrpcConfigKeys (ConfUtils.java:logGet(46)) - raft.grpc.server.log-message.batch.duration = 5s (default)
2025-04-23 14:38:59,377 [omNode-3@group-523986131536-LeaderElection32] INFO  server.RaftServerConfigKeys (ConfUtils.java:logGet(46)) - raft.server.log.appender.install.snapshot.enabled = false (custom)
2025-04-23 14:38:59,377 [omNode-3@group-523986131536-LeaderElection32] INFO  grpc.GrpcConfigKeys (ConfUtils.java:logGet(46)) - raft.grpc.server.heartbeat.channel = true (default)
2025-04-23 14:38:59,377 [omNode-3@group-523986131536-LeaderElection32] INFO  impl.RoleInfo (RoleInfo.java:updateAndGet(148)) - omNode-3: start omNode-3@group-523986131536-LeaderStateImpl
2025-04-23 14:38:59,377 [omNode-3@group-523986131536-LeaderElection32] INFO  server.RaftServer$Division (RaftServerImpl.java:setFirstElection(562)) - omNode-3@group-523986131536: set firstElectionSinceStartup to false for becomeLeader
2025-04-23 14:38:59,377 [omNode-3@group-523986131536-LeaderElection32] INFO  ratis.OzoneManagerStateMachine (OzoneManagerStateMachine.java:notifyLeaderChanged(169)) - omNode-3@group-523986131536: leader changed to omNode-3
2025-04-23 14:38:59,377 [omNode-3@group-523986131536-LeaderElection32] INFO  server.RaftServer$Division (ServerState.java:setLeader(272)) - omNode-3@group-523986131536: change Leader from null to omNode-3 at term 15 for becomeLeader, leader elected after 1177ms
2025-04-23 14:38:59,377 [omNode-3@group-523986131536-LeaderElection32] INFO  segmented.SegmentedRaftLogWorker (SegmentedRaftLogWorker.java:rollLogSegment(443)) - omNode-3@group-523986131536-SegmentedRaftLogWorker: Rolling segment log-313_324 to index:324
2025-04-23 14:38:59,378 [omNode-3@group-523986131536-LeaderElection32] INFO  server.RaftServer$Division (ServerState.java:setRaftConf(386)) - omNode-3@group-523986131536: set configuration conf: {index: 325, cur=peers:[omNode-3|localhost:15017, omNode-1|localhost:15009, omNode-2|localhost:15013]|listeners:[], old=null}
2025-04-23 14:38:59,378 [omNode-3@group-523986131536-SegmentedRaftLogWorker] INFO  segmented.SegmentedRaftLogWorker (SegmentedRaftLogWorker.java:execute(601)) - omNode-3@group-523986131536-SegmentedRaftLogWorker: Rolled log segment from /home/runner/work/ozone/ozone/hadoop-ozone/integration-test/target/test-dir/MiniOzoneClusterImpl-68853c07-42d2-4ef8-9e75-e3a852294e6a/omNode-3/ratis/c9bc4cf4-3bc3-3c60-a66b-523986131536/current/log_inprogress_313 to /home/runner/work/ozone/ozone/hadoop-ozone/integration-test/target/test-dir/MiniOzoneClusterImpl-68853c07-42d2-4ef8-9e75-e3a852294e6a/omNode-3/ratis/c9bc4cf4-3bc3-3c60-a66b-523986131536/current/log_313-324
2025-04-23 14:38:59,378 [omNode-3@group-523986131536-SegmentedRaftLogWorker] INFO  segmented.BufferedWriteChannel (BufferedWriteChannel.java:open(61)) - open log_inprogress_325 at position 0
2025-04-23 14:38:59,383 [omNode-1-server-thread1] INFO  ratis.OzoneManagerStateMachine (OzoneManagerStateMachine.java:notifyLeaderChanged(169)) - omNode-1@group-523986131536: leader changed to omNode-3
2025-04-23 14:38:59,384 [omNode-1-server-thread1] INFO  server.RaftServer$Division (ServerState.java:setLeader(272)) - omNode-1@group-523986131536: change Leader from null to omNode-3 at term 15 for appendEntries, leader elected after 749ms
2025-04-23 14:38:59,384 [omNode-1-server-thread1] INFO  server.RaftServer$Division (RaftServerImpl.java:checkInconsistentAppendEntries(1648)) - omNode-1@group-523986131536: Failed appendEntries as previous log entry ((t:14, i:324)) is not found
2025-04-23 14:38:59,384 [omNode-1-server-thread1] INFO  server.RaftServer$Division (RaftServerImpl.java:appendEntriesAsync(1580)) - omNode-1@group-523986131536: appendEntries* reply omNode-3<-omNode-1#0:FAIL-t15,INCONSISTENCY,nextIndex=313,followerCommit=312,matchIndex=-1
2025-04-23 14:38:59,384 [grpc-default-executor-8] WARN  server.GrpcLogAppender (GrpcLogAppender.java:onNextImpl(519)) - omNode-3@group-523986131536->omNode-1-AppendLogResponseHandler: received INCONSISTENCY reply with nextIndex 313, errorCount=1, request=AppendEntriesRequest:cid=0,entriesCount=0
2025-04-23 14:38:59,384 [grpc-default-executor-8] INFO  leader.FollowerInfo (FollowerInfoImpl.java:info(70)) - omNode-3@group-523986131536->omNode-1: setNextIndex nextIndex: updateUnconditionally 326 -> 313
2025-04-23 14:38:59,384 [omNode-3@group-523986131536->omNode-1-GrpcLogAppender-LogAppenderDaemon] WARN  leader.LogAppenderDaemon (LogAppenderDaemon.java:run(89)) - omNode-3@group-523986131536->omNode-1-GrpcLogAppender-LogAppenderDaemon failed
java.lang.NullPointerException: omNode-3@group-523986131536->omNode-1: Previous TermIndex not found for firstIndex = 313
	at java.base/java.util.Objects.requireNonNull(Objects.java:360)
	at org.apache.ratis.server.leader.LogAppenderBase.assertProtos(LogAppenderBase.java:267)
	at org.apache.ratis.server.leader.LogAppenderBase.newAppendEntriesRequest(LogAppenderBase.java:252)
	at org.apache.ratis.grpc.server.GrpcLogAppender.appendLog(GrpcLogAppender.java:387)
	at org.apache.ratis.grpc.server.GrpcLogAppender.run(GrpcLogAppender.java:262)
	at org.apache.ratis.server.leader.LogAppenderDaemon.run(LogAppenderDaemon.java:80)
	at java.base/java.lang.Thread.run(Thread.java:1583)
2025-04-23 14:38:59,385 [omNode-3@group-523986131536->omNode-1-GrpcLogAppender-LogAppenderDaemon] INFO  server.RaftServer$Division (LeaderStateImpl.java:restart(682)) - omNode-3@group-523986131536-LeaderStateImpl: Restarting GrpcLogAppender for omNode-3@group-523986131536->omNode-1
2025-04-23 14:38:59,385 [omNode-3@group-523986131536->omNode-1-GrpcLogAppender-LogAppenderDaemon] INFO  server.RaftServerConfigKeys (ConfUtils.java:logGet(46)) - raft.server.log.appender.snapshot.chunk.size.max = 16MB (=16777216) (default)
2025-04-23 14:38:59,386 [omNode-3@group-523986131536->omNode-1-GrpcLogAppender-LogAppenderDaemon] INFO  server.RaftServerConfigKeys (ConfUtils.java:logGet(46)) - raft.server.log.appender.buffer.byte-limit = 4194304 (custom)
2025-04-23 14:38:59,386 [omNode-3@group-523986131536->omNode-1-GrpcLogAppender-LogAppenderDaemon] INFO  server.RaftServerConfigKeys (ConfUtils.java:logGet(46)) - raft.server.log.appender.buffer.element-limit = 1024 (custom)
2025-04-23 14:38:59,386 [omNode-1-server-thread2] INFO  server.RaftServer$Division (RaftServerImpl.java:checkInconsistentAppendEntries(1648)) - omNode-1@group-523986131536: Failed appendEntries as previous log entry ((t:14, i:324)) is not found
2025-04-23 14:38:59,386 [omNode-3@group-523986131536->omNode-1-GrpcLogAppender-LogAppenderDaemon] INFO  server.RaftServerConfigKeys (ConfUtils.java:logGet(46)) - raft.server.log.appender.wait-time.min = 0ms (custom)
2025-04-23 14:38:59,386 [omNode-1-server-thread2] INFO  server.RaftServer$Division (RaftServerImpl.java:appendEntriesAsync(1580)) - omNode-1@group-523986131536: appendEntries* reply omNode-3<-omNode-1#1:FAIL-t15,INCONSISTENCY,nextIndex=313,followerCommit=312,matchIndex=-1
2025-04-23 14:38:59,386 [omNode-3@group-523986131536->omNode-1-GrpcLogAppender-LogAppenderDaemon] INFO  grpc.GrpcConfigKeys (ConfUtils.java:logGet(46)) - raft.grpc.server.leader.outstanding.appends.max = 8 (default)
2025-04-23 14:38:59,386 [omNode-3@group-523986131536->omNode-1-GrpcLogAppender-LogAppenderDaemon] INFO  server.RaftServerConfigKeys (ConfUtils.java:logGet(46)) - raft.server.rpc.request.timeout = 3000ms (default)
2025-04-23 14:38:59,386 [omNode-3@group-523986131536->omNode-1-GrpcLogAppender-LogAppenderDaemon] INFO  grpc.GrpcConfigKeys (ConfUtils.java:logGet(46)) - raft.grpc.server.install_snapshot.request.element-limit = 8 (default)
2025-04-23 14:38:59,386 [omNode-3@group-523986131536->omNode-1-GrpcLogAppender-LogAppenderDaemon] INFO  grpc.GrpcConfigKeys (ConfUtils.java:logGet(46)) - raft.grpc.server.install_snapshot.request.timeout = 3000ms (default)
2025-04-23 14:38:59,386 [omNode-3@group-523986131536->omNode-1-GrpcLogAppender-LogAppenderDaemon] INFO  grpc.GrpcConfigKeys (ConfUtils.java:logGet(46)) - raft.grpc.server.log-message.batch.duration = 5s (default)
2025-04-23 14:38:59,386 [omNode-3@group-523986131536->omNode-1-GrpcLogAppender-LogAppenderDaemon] INFO  server.RaftServerConfigKeys (ConfUtils.java:logGet(46)) - raft.server.log.appender.install.snapshot.enabled = false (custom)
2025-04-23 14:38:59,386 [omNode-3@group-523986131536->omNode-1-GrpcLogAppender-LogAppenderDaemon] INFO  grpc.GrpcConfigKeys (ConfUtils.java:logGet(46)) - raft.grpc.server.heartbeat.channel = true (default)
2025-04-23 14:38:59,386 [omNode-2-server-thread2] INFO  ratis.OzoneManagerStateMachine (OzoneManagerStateMachine.java:notifyLeaderChanged(169)) - omNode-2@group-523986131536: leader changed to omNode-3
2025-04-23 14:38:59,387 [omNode-2-server-thread2] INFO  server.RaftServer$Division (ServerState.java:setLeader(272)) - omNode-2@group-523986131536: change Leader from null to omNode-3 at term 15 for appendEntries, leader elected after 299ms
2025-04-23 14:38:59,388 [omNode-2-server-thread1] INFO  server.RaftServer$Division (ServerState.java:setRaftConf(386)) - omNode-2@group-523986131536: set configuration conf: {index: 325, cur=peers:[omNode-3|localhost:15017, omNode-1|localhost:15009, omNode-2|localhost:15013]|listeners:[], old=null}
2025-04-23 14:38:59,388 [omNode-2-server-thread1] INFO  segmented.SegmentedRaftLogWorker (SegmentedRaftLogWorker.java:rollLogSegment(443)) - omNode-2@group-523986131536-SegmentedRaftLogWorker: Rolling segment log-313_324 to index:324
2025-04-23 14:38:59,388 [grpc-default-executor-2] WARN  server.GrpcLogAppender (GrpcLogAppender.java:onNextImpl(519)) - omNode-3@group-523986131536->omNode-1-AppendLogResponseHandler: received INCONSISTENCY reply with nextIndex 313, errorCount=2, request=null
2025-04-23 14:38:59,389 [omNode-3@group-523986131536-SegmentedRaftLogWorker] INFO  segmented.SegmentedRaftLogWorker (SegmentedRaftLogWorker.java:execute(644)) - omNode-3@group-523986131536-SegmentedRaftLogWorker: created new log segment /home/runner/work/ozone/ozone/hadoop-ozone/integration-test/target/test-dir/MiniOzoneClusterImpl-68853c07-42d2-4ef8-9e75-e3a852294e6a/omNode-3/ratis/c9bc4cf4-3bc3-3c60-a66b-523986131536/current/log_inprogress_325
2025-04-23 14:38:59,389 [omNode-3@group-523986131536->omNode-1-GrpcLogAppender-LogAppenderDaemon] INFO  server.GrpcLogAppender (GrpcLogAppender.java:notifyInstallSnapshot(791)) - omNode-3@group-523986131536->omNode-1-GrpcLogAppender: notifyInstallSnapshot with firstAvailable=(t:14, i:313), followerNextIndex=0
2025-04-23 14:38:59,389 [omNode-2@group-523986131536-SegmentedRaftLogWorker] INFO  segmented.SegmentedRaftLogWorker (SegmentedRaftLogWorker.java:execute(601)) - omNode-2@group-523986131536-SegmentedRaftLogWorker: Rolled log segment from /home/runner/work/ozone/ozone/hadoop-ozone/integration-test/target/test-dir/MiniOzoneClusterImpl-68853c07-42d2-4ef8-9e75-e3a852294e6a/omNode-2/ratis/c9bc4cf4-3bc3-3c60-a66b-523986131536/current/log_inprogress_313 to /home/runner/work/ozone/ozone/hadoop-ozone/integration-test/target/test-dir/MiniOzoneClusterImpl-68853c07-42d2-4ef8-9e75-e3a852294e6a/omNode-2/ratis/c9bc4cf4-3bc3-3c60-a66b-523986131536/current/log_313-324
2025-04-23 14:38:59,390 [omNode-2@group-523986131536-SegmentedRaftLogWorker] INFO  segmented.BufferedWriteChannel (BufferedWriteChannel.java:open(61)) - open log_inprogress_325 at position 0
2025-04-23 14:38:59,389 [omNode-3@group-523986131536->omNode-1-GrpcLogAppender-LogAppenderDaemon] INFO  server.GrpcLogAppender (GrpcLogAppender.java:notifyInstallSnapshot(799)) - omNode-3@group-523986131536->omNode-1-GrpcLogAppender: send omNode-3->omNode-1#0-t15,notify:(t:14, i:313)
2025-04-23 14:38:59,392 [grpc-default-executor-2] INFO  impl.SnapshotInstallationHandler (SnapshotInstallationHandler.java:installSnapshot(97)) - omNode-1@group-523986131536: receive installSnapshot: omNode-3->omNode-1#0-t15,notify:(t:14, i:313)
2025-04-23 14:38:59,392 [grpc-default-executor-2] INFO  impl.SnapshotInstallationHandler (SnapshotInstallationHandler.java:notifyStateMachineToInstallSnapshot(258)) - omNode-1@group-523986131536: Received notification to install snapshot at index 313
2025-04-23 14:38:59,393 [grpc-default-executor-2] INFO  impl.SnapshotInstallationHandler (SnapshotInstallationHandler.java:notifyStateMachineToInstallSnapshot(268)) - omNode-1@group-523986131536: InstallSnapshot notification result: ALREADY_INSTALLED, current snapshot index: 312
2025-04-23 14:38:59,393 [grpc-default-executor-2] INFO  impl.SnapshotInstallationHandler (SnapshotInstallationHandler.java:installSnapshotImpl(143)) - omNode-1@group-523986131536: set new configuration index: 325
configurationEntry {
  peers {
    id: "omNode-3"
    address: "localhost:15017"
    startupRole: FOLLOWER
  }
  peers {
    id: "omNode-1"
    address: "localhost:15009"
    startupRole: FOLLOWER
  }
  peers {
    id: "omNode-2"
    address: "localhost:15013"
    startupRole: FOLLOWER
  }
}
 from snapshot
2025-04-23 14:38:59,393 [grpc-default-executor-2] INFO  server.RaftServer$Division (ServerState.java:setRaftConf(386)) - omNode-1@group-523986131536: set configuration conf: {index: 325, cur=peers:[omNode-3|localhost:15017, omNode-1|localhost:15009, omNode-2|localhost:15013]|listeners:[], old=null}
2025-04-23 14:38:59,396 [grpc-default-executor-2] INFO  ratis.OzoneManagerStateMachine (OzoneManagerStateMachine.java:notifyConfigurationChanged(231)) - notifyConfigurationChanged from Ratis: term=0, index=325, New Peer list: omNode-3(localhost:15017), omNode-1(localhost:15009), omNode-2(localhost:15013)
2025-04-23 14:38:59,396 [grpc-default-executor-2] INFO  impl.SnapshotInstallationHandler (SnapshotInstallationHandler.java:installSnapshot(108)) - omNode-1@group-523986131536: reply installSnapshot: omNode-3<-omNode-1#0:OK-t15,ALREADY_INSTALLED,snapshotIndex=312
2025-04-23 14:38:59,396 [grpc-default-executor-2] INFO  server.GrpcServerProtocolService (GrpcServerProtocolService.java:onCompleted(157)) - omNode-1: Completed INSTALL_SNAPSHOT, lastRequest: omNode-3->omNode-1#0-t15,notify:(t:14, i:313)
2025-04-23 14:38:59,396 [grpc-default-executor-2] INFO  server.GrpcServerProtocolService (GrpcServerProtocolService.java:lambda$onCompleted$5(159)) - omNode-1: Completed INSTALL_SNAPSHOT, lastReply: null
2025-04-23 14:38:59,397 [grpc-default-executor-2] INFO  server.GrpcLogAppender (GrpcLogAppender.java:onNext(655)) - omNode-3@group-523986131536->omNode-1-InstallSnapshotResponseHandler: received the first reply omNode-3<-omNode-1#0:OK-t15,ALREADY_INSTALLED,snapshotIndex=312
2025-04-23 14:38:59,397 [grpc-default-executor-2] INFO  server.GrpcLogAppender (GrpcLogAppender.java:onNext(676)) - omNode-3@group-523986131536->omNode-1-InstallSnapshotResponseHandler: Follower snapshot is already at index 312.
2025-04-23 14:38:59,397 [grpc-default-executor-2] INFO  leader.FollowerInfo (FollowerInfoImpl.java:info(64)) - omNode-3@group-523986131536->omNode-1: snapshotIndex: setUnconditionally 0 -> 312
2025-04-23 14:38:59,397 [grpc-default-executor-2] INFO  leader.FollowerInfo (FollowerInfoImpl.java:info(64)) - omNode-3@group-523986131536->omNode-1: matchIndex: setUnconditionally -1 -> 312
2025-04-23 14:38:59,397 [grpc-default-executor-2] INFO  leader.FollowerInfo (FollowerInfoImpl.java:info(64)) - omNode-3@group-523986131536->omNode-1: nextIndex: setUnconditionally 0 -> 313
2025-04-23 14:38:59,397 [grpc-default-executor-2] INFO  leader.FollowerInfo (FollowerInfoImpl.java:setAttemptedToInstallSnapshot(154)) - Follower omNode-3@group-523986131536->omNode-1 acknowledged installing snapshot
2025-04-23 14:38:59,398 [grpc-default-executor-2] INFO  server.GrpcLogAppender (GrpcLogAppender.java:increaseNextIndex(457)) - omNode-3@group-523986131536->omNode-1-GrpcLogAppender: updateNextIndex 313 for ALREADY_INSTALLED
2025-04-23 14:38:59,399 [omNode-2@group-523986131536-SegmentedRaftLogWorker] INFO  segmented.SegmentedRaftLogWorker (SegmentedRaftLogWorker.java:execute(644)) - omNode-2@group-523986131536-SegmentedRaftLogWorker: created new log segment /home/runner/work/ozone/ozone/hadoop-ozone/integration-test/target/test-dir/MiniOzoneClusterImpl-68853c07-42d2-4ef8-9e75-e3a852294e6a/omNode-2/ratis/c9bc4cf4-3bc3-3c60-a66b-523986131536/current/log_inprogress_325
2025-04-23 14:38:59,400 [omNode-1-server-thread2] INFO  server.RaftServer$Division (ServerState.java:setRaftConf(386)) - omNode-1@group-523986131536: set configuration conf: {index: 313, cur=peers:[omNode-3|localhost:15017, omNode-1|localhost:15009, omNode-2|localhost:15013]|listeners:[], old=null}
2025-04-23 14:38:59,400 [omNode-1-server-thread2] INFO  server.RaftServer$Division (ServerState.java:setRaftConf(386)) - omNode-1@group-523986131536: set configuration conf: {index: 325, cur=peers:[omNode-3|localhost:15017, omNode-1|localhost:15009, omNode-2|localhost:15013]|listeners:[], old=null}
2025-04-23 14:38:59,400 [omNode-1-server-thread2] INFO  segmented.SegmentedRaftLogWorker (SegmentedRaftLogWorker.java:rollLogSegment(443)) - omNode-1@group-523986131536-SegmentedRaftLogWorker: Rolling segment log-311_312 to index:312
2025-04-23 14:38:59,401 [omNode-1-server-thread2] INFO  segmented.SegmentedRaftLogWorker (SegmentedRaftLogWorker.java:rollLogSegment(443)) - omNode-1@group-523986131536-SegmentedRaftLogWorker: Rolling segment log-313_324 to index:324
2025-04-23 14:38:59,401 [omNode-1@group-523986131536-SegmentedRaftLogWorker] INFO  segmented.SegmentedRaftLogWorker (SegmentedRaftLogWorker.java:execute(601)) - omNode-1@group-523986131536-SegmentedRaftLogWorker: Rolled log segment from /home/runner/work/ozone/ozone/hadoop-ozone/integration-test/target/test-dir/MiniOzoneClusterImpl-68853c07-42d2-4ef8-9e75-e3a852294e6a/omNode-1/ratis/c9bc4cf4-3bc3-3c60-a66b-523986131536/current/log_inprogress_311 to /home/runner/work/ozone/ozone/hadoop-ozone/integration-test/target/test-dir/MiniOzoneClusterImpl-68853c07-42d2-4ef8-9e75-e3a852294e6a/omNode-1/ratis/c9bc4cf4-3bc3-3c60-a66b-523986131536/current/log_311-312
2025-04-23 14:38:59,401 [omNode-1@group-523986131536-SegmentedRaftLogWorker] INFO  segmented.BufferedWriteChannel (BufferedWriteChannel.java:open(61)) - open log_inprogress_313 at position 0
2025-04-23 14:38:59,404 [omNode-3@group-523986131536-StateMachineUpdater] INFO  ratis.OzoneManagerStateMachine (OzoneManagerStateMachine.java:notifyConfigurationChanged(231)) - notifyConfigurationChanged from Ratis: term=15, index=325, New Peer list: omNode-3(localhost:15017), omNode-1(localhost:15009), omNode-2(localhost:15013)
2025-04-23 14:38:59,405 [omNode-3@group-523986131536-StateMachineUpdater] INFO  server.RaftServer$Division (LeaderStateImpl.java:checkStartIndex(313)) - Leader omNode-3@group-523986131536-LeaderStateImpl is ready since appliedIndex == startIndex == 325
2025-04-23 14:38:59,405 [omNode-2@group-523986131536-StateMachineUpdater] INFO  ratis.OzoneManagerStateMachine (OzoneManagerStateMachine.java:notifyConfigurationChanged(231)) - notifyConfigurationChanged from Ratis: term=15, index=325, New Peer list: omNode-3(localhost:15017), omNode-1(localhost:15009), omNode-2(localhost:15013)
2025-04-23 14:38:59,411 [omNode-1@group-523986131536-SegmentedRaftLogWorker] INFO  segmented.SegmentedRaftLogWorker (SegmentedRaftLogWorker.java:execute(644)) - omNode-1@group-523986131536-SegmentedRaftLogWorker: created new log segment /home/runner/work/ozone/ozone/hadoop-ozone/integration-test/target/test-dir/MiniOzoneClusterImpl-68853c07-42d2-4ef8-9e75-e3a852294e6a/omNode-1/ratis/c9bc4cf4-3bc3-3c60-a66b-523986131536/current/log_inprogress_313
2025-04-23 14:38:59,412 [omNode-1@group-523986131536-SegmentedRaftLogWorker] INFO  segmented.SegmentedRaftLogWorker (SegmentedRaftLogWorker.java:execute(601)) - omNode-1@group-523986131536-SegmentedRaftLogWorker: Rolled log segment from /home/runner/work/ozone/ozone/hadoop-ozone/integration-test/target/test-dir/MiniOzoneClusterImpl-68853c07-42d2-4ef8-9e75-e3a852294e6a/omNode-1/ratis/c9bc4cf4-3bc3-3c60-a66b-523986131536/current/log_inprogress_313 to /home/runner/work/ozone/ozone/hadoop-ozone/integration-test/target/test-dir/MiniOzoneClusterImpl-68853c07-42d2-4ef8-9e75-e3a852294e6a/omNode-1/ratis/c9bc4cf4-3bc3-3c60-a66b-523986131536/current/log_313-324
2025-04-23 14:38:59,412 [omNode-1@group-523986131536-SegmentedRaftLogWorker] INFO  segmented.BufferedWriteChannel (BufferedWriteChannel.java:open(61)) - open log_inprogress_325 at position 0
2025-04-23 14:38:59,419 [omNode-1@group-523986131536-SegmentedRaftLogWorker] INFO  segmented.SegmentedRaftLogWorker (SegmentedRaftLogWorker.java:execute(644)) - omNode-1@group-523986131536-SegmentedRaftLogWorker: created new log segment /home/runner/work/ozone/ozone/hadoop-ozone/integration-test/target/test-dir/MiniOzoneClusterImpl-68853c07-42d2-4ef8-9e75-e3a852294e6a/omNode-1/ratis/c9bc4cf4-3bc3-3c60-a66b-523986131536/current/log_inprogress_325
2025-04-23 14:38:59,421 [omNode-1@group-523986131536-StateMachineUpdater] INFO  ratis.OzoneManagerStateMachine (OzoneManagerStateMachine.java:notifyConfigurationChanged(231)) - notifyConfigurationChanged from Ratis: term=14, index=313, New Peer list: omNode-3(localhost:15017), omNode-1(localhost:15009), omNode-2(localhost:15013)
2025-04-23 14:38:59,423 [omNode-1-OMStateMachineApplyTransactionThread - 0] WARN  helpers.OzoneAclUtil (OzoneAclUtil.java:getDefaultAclList(77)) - Failed to get primary group from user user87857 (auth:SIMPLE)
2025-04-23 14:38:59,423 [omNode-1-OMStateMachineApplyTransactionThread - 0] INFO  volume.OMVolumeCreateRequest (OMVolumeCreateRequest.java:validateAndUpdateCache(203)) - created volume:volume76839 for user:user87857
2025-04-23 14:38:59,423 [omNode-1-OMStateMachineApplyTransactionThread - 0] WARN  helpers.OzoneAclUtil (OzoneAclUtil.java:getDefaultAclList(77)) - Failed to get primary group from user user71155 (auth:SIMPLE)
2025-04-23 14:38:59,423 [omNode-1-OMStateMachineApplyTransactionThread - 0] INFO  volume.OMVolumeCreateRequest (OMVolumeCreateRequest.java:validateAndUpdateCache(203)) - created volume:volume17826 for user:user71155
2025-04-23 14:38:59,424 [omNode-1-OMStateMachineApplyTransactionThread - 0] INFO  bucket.OMBucketCreateRequest (OMBucketCreateRequest.java:validateAndUpdateCache(291)) - created bucket: 1222a9d8-7947-4917-a4c4-9ac59cfbbaed of layout OBJECT_STORE in volume: volume17826
2025-04-23 14:38:59,426 [omNode-1@group-523986131536-StateMachineUpdater] INFO  ratis.OzoneManagerStateMachine (OzoneManagerStateMachine.java:notifyConfigurationChanged(231)) - notifyConfigurationChanged from Ratis: term=15, index=325, New Peer list: omNode-3(localhost:15017), omNode-1(localhost:15009), omNode-2(localhost:15013)
2025-04-23 14:38:59,456 [main] INFO  reflections.Reflections (Reflections.java:scan(219)) - Reflections took 358 ms to scan 22 urls, producing 61 keys and 7422 values
2025-04-23 14:38:59,458 [main] INFO  ipc.CallQueueManager (CallQueueManager.java:<init>(93)) - Using callQueue: class java.util.concurrent.LinkedBlockingQueue, queueCapacity: 2000, scheduler: class org.apache.hadoop.ipc.DefaultRpcScheduler, ipcBackoff: false, ipcFailOver: false.
2025-04-23 14:38:59,458 [main] INFO  ipc.Server (Server.java:<init>(1438)) - Listener at localhost:15010
2025-04-23 14:38:59,458 [Socket Reader #1 for port 15010] INFO  ipc.Server (Server.java:run(1474)) - Starting Socket Reader #1 for port 15010
2025-04-23 14:38:59,458 [Socket Reader #2 for port 15010] INFO  ipc.Server (Server.java:run(1474)) - Starting Socket Reader #2 for port 15010
2025-04-23 14:38:59,459 [Socket Reader #3 for port 15010] INFO  ipc.Server (Server.java:run(1474)) - Starting Socket Reader #3 for port 15010
2025-04-23 14:38:59,459 [Socket Reader #4 for port 15010] INFO  ipc.Server (Server.java:run(1474)) - Starting Socket Reader #4 for port 15010
2025-04-23 14:38:59,459 [Socket Reader #5 for port 15010] INFO  ipc.Server (Server.java:run(1474)) - Starting Socket Reader #5 for port 15010
2025-04-23 14:38:59,459 [Socket Reader #6 for port 15010] INFO  ipc.Server (Server.java:run(1474)) - Starting Socket Reader #6 for port 15010
2025-04-23 14:38:59,459 [Socket Reader #7 for port 15010] INFO  ipc.Server (Server.java:run(1474)) - Starting Socket Reader #7 for port 15010
2025-04-23 14:38:59,459 [Socket Reader #8 for port 15010] INFO  ipc.Server (Server.java:run(1474)) - Starting Socket Reader #8 for port 15010
2025-04-23 14:38:59,459 [Socket Reader #9 for port 15010] INFO  ipc.Server (Server.java:run(1474)) - Starting Socket Reader #9 for port 15010
2025-04-23 14:38:59,460 [Socket Reader #10 for port 15010] INFO  ipc.Server (Server.java:run(1474)) - Starting Socket Reader #10 for port 15010
2025-04-23 14:38:59,461 [main] INFO  http.BaseHttpServer (BaseHttpServer.java:newHttpServer2BuilderForOzone(229)) - Starting Web-server for ozoneManager at: http://0.0.0.0:15011
2025-04-23 14:38:59,461 [main] INFO  http.BaseHttpServer (BaseHttpServer.java:<init>(107)) - Hadoop Security Enabled: false Ozone Security Enabled: false Ozone HTTP Security Enabled: false 
2025-04-23 14:38:59,462 [main] WARN  server.AuthenticationFilter (AuthenticationFilter.java:constructSecretProvider(240)) - Unable to initialize FileSignerSecretProvider, falling back to use random secrets. Reason: Could not read signature secret file: /home/runner/hadoop-http-auth-signature-secret
2025-04-23 14:38:59,464 [main] INFO  http.HttpServer2 (HttpServer2.java:addGlobalFilter(1041)) - Added global filter 'safety' (class=org.apache.hadoop.hdds.server.http.HttpServer2$QuotingInputFilter)
2025-04-23 14:38:59,464 [main] INFO  http.HttpServer2 (HttpServer2.java:addFilter(1017)) - Added filter static_user_filter (class=org.apache.hadoop.http.lib.StaticUserWebFilter$StaticUserFilter) to context ozoneManager
2025-04-23 14:38:59,464 [main] INFO  http.HttpServer2 (HttpServer2.java:addFilter(1025)) - Added filter static_user_filter (class=org.apache.hadoop.http.lib.StaticUserWebFilter$StaticUserFilter) to context logs
2025-04-23 14:38:59,464 [main] INFO  http.HttpServer2 (HttpServer2.java:addFilter(1025)) - Added filter static_user_filter (class=org.apache.hadoop.http.lib.StaticUserWebFilter$StaticUserFilter) to context static
2025-04-23 14:38:59,464 [main] INFO  http.BaseHttpServer (BaseHttpServer.java:<init>(195)) - HTTP server of ozoneManager uses base directory /home/runner/work/ozone/ozone/hadoop-ozone/integration-test/target/test-dir/MiniOzoneClusterImpl-68853c07-42d2-4ef8-9e75-e3a852294e6a/omNode-2/webserver
2025-04-23 14:38:59,465 [main] INFO  http.HttpServer2 (HttpServer2.java:bindListener(1241)) - Jetty bound to port 15011
2025-04-23 14:38:59,465 [main] INFO  server.Server (Server.java:doStart(375)) - jetty-9.4.57.v20241219; built: 2025-01-08T21:24:30.412Z; git: df524e6b29271c2e09ba9aea83c18dc9db464a31; jvm 21.0.7+6-LTS
2025-04-23 14:38:59,466 [main] INFO  server.session (DefaultSessionIdManager.java:doStart(334)) - DefaultSessionIdManager workerName=node0
2025-04-23 14:38:59,466 [main] INFO  server.session (DefaultSessionIdManager.java:doStart(339)) - No SessionScavenger set, using defaults
2025-04-23 14:38:59,466 [main] INFO  server.session (HouseKeeper.java:startScavenging(132)) - node0 Scavenging every 660000ms
2025-04-23 14:38:59,467 [main] INFO  handler.ContextHandler (ContextHandler.java:doStart(921)) - Started o.e.j.s.ServletContextHandler@11a4a185{logs,/logs,file:///home/runner/work/ozone/ozone/hadoop-ozone/integration-test/target/log,AVAILABLE}
2025-04-23 14:38:59,467 [main] INFO  handler.ContextHandler (ContextHandler.java:doStart(921)) - Started o.e.j.s.ServletContextHandler@7612277c{static,/static,file:///home/runner/work/ozone/ozone/hadoop-ozone/integration-test/target/test-classes/webapps/static,AVAILABLE}
2025-04-23 14:38:59,472 [main] INFO  handler.ContextHandler (ContextHandler.java:doStart(921)) - Started o.e.j.w.WebAppContext@2fad156c{ozoneManager,/,file:///home/runner/work/ozone/ozone/hadoop-ozone/integration-test/target/test-classes/webapps/ozoneManager/,AVAILABLE}{file:/home/runner/work/ozone/ozone/hadoop-ozone/integration-test/target/test-classes/webapps/ozoneManager}
2025-04-23 14:38:59,472 [main] INFO  server.AbstractConnector (AbstractConnector.java:doStart(333)) - Started ServerConnector@332c81d2{HTTP/1.1, (http/1.1)}{0.0.0.0:15011}
2025-04-23 14:38:59,472 [main] INFO  server.Server (Server.java:doStart(415)) - Started @139751ms
2025-04-23 14:38:59,472 [main] WARN  impl.MetricsSystemImpl (MetricsSystemImpl.java:register(279)) - Sink prometheus already exists!
2025-04-23 14:38:59,473 [main] INFO  http.BaseHttpServer (BaseHttpServer.java:updateConnectorAddress(360)) - HTTP server of ozoneManager listening at http://0.0.0.0:15011
2025-04-23 14:38:59,473 [IPC Server Responder] INFO  ipc.Server (Server.java:run(1713)) - IPC Server Responder: starting
2025-04-23 14:38:59,473 [IPC Server listener on 15010] INFO  ipc.Server (Server.java:run(1553)) - IPC Server listener on 15010: starting
2025-04-23 14:38:59,475 [main] INFO  om.OzoneManager (OzoneManager.java:startTrashEmptier(2257)) - Trash Interval set to 0. Files deleted won't move to trash
]]></system-out>
  </testcase>
  <testcase name="testRetryCacheWithDownedOM" classname="org.apache.hadoop.ozone.om.TestOzoneManagerHAWithStoppedNodes" time="11.494">
    <system-out><![CDATA[2025-04-23 14:38:59,477 [main] INFO  rpc.RpcClient (RpcClient.java:createVolume(462)) - Creating Volume: volume93035, with user19099 as owner and space quota set to -1 bytes, counts quota set to -1
2025-04-23 14:38:59,478 [main] INFO  retry.RetryInvocationHandler (RetryInvocationHandler.java:log(426)) - com.google.protobuf.ServiceException: java.io.EOFException: End of File Exception between local host is: "fv-az1120-822/10.1.0.114"; destination host is: "localhost":15010; : java.io.EOFException; For more details see:  http://wiki.apache.org/hadoop/EOFException, while invoking $Proxy68.submitRequest over nodeId=omNode-2,nodeAddress=127.0.0.1:15010. Trying to failover immediately. Current retry count: 0.
2025-04-23 14:38:59,493 [omNode-3-OMStateMachineApplyTransactionThread - 0] WARN  helpers.OzoneAclUtil (OzoneAclUtil.java:getDefaultAclList(77)) - Failed to get primary group from user user19099 (auth:SIMPLE)
2025-04-23 14:38:59,493 [omNode-2-OMStateMachineApplyTransactionThread - 0] WARN  helpers.OzoneAclUtil (OzoneAclUtil.java:getDefaultAclList(77)) - Failed to get primary group from user user19099 (auth:SIMPLE)
2025-04-23 14:38:59,493 [omNode-3-OMStateMachineApplyTransactionThread - 0] INFO  volume.OMVolumeCreateRequest (OMVolumeCreateRequest.java:validateAndUpdateCache(203)) - created volume:volume93035 for user:user19099
2025-04-23 14:38:59,493 [omNode-2-OMStateMachineApplyTransactionThread - 0] INFO  volume.OMVolumeCreateRequest (OMVolumeCreateRequest.java:validateAndUpdateCache(203)) - created volume:volume93035 for user:user19099
2025-04-23 14:38:59,493 [omNode-1-OMStateMachineApplyTransactionThread - 0] WARN  helpers.OzoneAclUtil (OzoneAclUtil.java:getDefaultAclList(77)) - Failed to get primary group from user user19099 (auth:SIMPLE)
2025-04-23 14:38:59,494 [omNode-1-OMStateMachineApplyTransactionThread - 0] INFO  volume.OMVolumeCreateRequest (OMVolumeCreateRequest.java:validateAndUpdateCache(203)) - created volume:volume93035 for user:user19099
2025-04-23 14:38:59,497 [main] INFO  rpc.RpcClient (RpcClient.java:createBucket(687)) - Creating Bucket: volume93035/2a567560-6d05-41d0-9302-a97b14c17ea9, with server-side default bucket layout, runner as owner, Versioning false, Storage Type set to DISK and Encryption set to false, Replication Type set to server-side default replication type, Namespace Quota set to -1, Space Quota set to -1 
2025-04-23 14:38:59,500 [omNode-3-OMStateMachineApplyTransactionThread - 0] INFO  bucket.OMBucketCreateRequest (OMBucketCreateRequest.java:validateAndUpdateCache(291)) - created bucket: 2a567560-6d05-41d0-9302-a97b14c17ea9 of layout OBJECT_STORE in volume: volume93035
2025-04-23 14:38:59,502 [omNode-2-OMStateMachineApplyTransactionThread - 0] INFO  bucket.OMBucketCreateRequest (OMBucketCreateRequest.java:validateAndUpdateCache(291)) - created bucket: 2a567560-6d05-41d0-9302-a97b14c17ea9 of layout OBJECT_STORE in volume: volume93035
2025-04-23 14:38:59,502 [omNode-1-OMStateMachineApplyTransactionThread - 0] INFO  bucket.OMBucketCreateRequest (OMBucketCreateRequest.java:validateAndUpdateCache(291)) - created bucket: 2a567560-6d05-41d0-9302-a97b14c17ea9 of layout OBJECT_STORE in volume: volume93035
2025-04-23 14:38:59,551 [main] INFO  om.TestOzoneManagerHAWithStoppedNodes (TestOzoneManagerHAWithStoppedNodes.java:transferLeader(678)) - Transfer leadership from omNode-3(raft id omNode-3) to omNode-1(raft id omNode-1)
2025-04-23 14:38:59,560 [omNode-3-server-thread1] INFO  server.RaftServer$Division (RaftServerImpl.java:transferLeadershipAsync(1186)) - omNode-3@group-523986131536: receive transferLeadership TransferLeadershipRequest:client-90C490CA94A7->omNode-3@group-523986131536, cid=35, seq=null, RO, null
2025-04-23 14:38:59,561 [omNode-3-server-thread1] INFO  impl.TransferLeadership (TransferLeadership.java:tryTransferLeadership(258)) - omNode-3@group-523986131536: start transferring leadership to omNode-1
2025-04-23 14:38:59,561 [omNode-3-server-thread1] INFO  impl.TransferLeadership (TransferLeadership.java:sendStartLeaderElection(210)) - omNode-3@group-523986131536: sendStartLeaderElection to follower omNode-1, lastEntry=(t:15, i:336)
2025-04-23 14:38:59,563 [omNode-3-server-thread1] INFO  impl.TransferLeadership (TransferLeadership.java:tryTransferLeadership(266)) - omNode-3@group-523986131536: SUCCESS sent StartLeaderElection to transferee omNode-1 immediately as it already has up-to-date log
2025-04-23 14:38:59,564 [grpc-default-executor-2] INFO  impl.RoleInfo (RoleInfo.java:shutdownFollowerState(121)) - omNode-1: shutdown omNode-1@group-523986131536-FollowerState
2025-04-23 14:38:59,564 [omNode-1@group-523986131536-FollowerState] INFO  impl.FollowerState (FollowerState.java:runImpl(170)) - omNode-1@group-523986131536-FollowerState was interrupted
2025-04-23 14:38:59,564 [grpc-default-executor-2] INFO  server.RaftServer$Division (RaftServerImpl.java:setRole(378)) - omNode-1@group-523986131536: changes role from  FOLLOWER to CANDIDATE at term 15 for changeToCandidate
2025-04-23 14:38:59,564 [grpc-default-executor-2] INFO  server.RaftServer$Division (ServerState.java:setLeader(272)) - omNode-1@group-523986131536: change Leader from omNode-3 to null at term 15 for ELECTION
2025-04-23 14:38:59,566 [grpc-default-executor-2] INFO  impl.RoleInfo (RoleInfo.java:updateAndGet(148)) - omNode-1: start omNode-1@group-523986131536-LeaderElection33
2025-04-23 14:38:59,567 [omNode-1@group-523986131536-LeaderElection33] INFO  impl.LeaderElection (LeaderElection.java:askForVotes(332)) - omNode-1@group-523986131536-LeaderElection33 ELECTION round 0: submit vote requests at term 16 for conf: {index: 325, cur=peers:[omNode-3|localhost:15017, omNode-1|localhost:15009, omNode-2|localhost:15013]|listeners:[], old=null}
2025-04-23 14:38:59,567 [omNode-1@group-523986131536-LeaderElection33-1] INFO  server.GrpcServerProtocolClient (GrpcServerProtocolClient.java:<init>(65)) - Build channel for omNode-3|localhost:15017
2025-04-23 14:38:59,567 [omNode-3-server-thread2] INFO  impl.TransferLeadership (TransferLeadership.java:lambda$sendStartLeaderElection$2(224)) - omNode-3@group-523986131536: Received startLeaderElection reply from omNode-1: success? true
2025-04-23 14:38:59,568 [omNode-1@group-523986131536-LeaderElection33-2] INFO  server.GrpcServerProtocolClient (GrpcServerProtocolClient.java:<init>(65)) - Build channel for omNode-2|localhost:15013
2025-04-23 14:38:59,570 [grpc-default-executor-2] INFO  server.RaftServer$Division (RaftServerImpl.java:requestVote(1407)) - omNode-2@group-523986131536: receive requestVote(ELECTION, omNode-1, group-523986131536, 16, (t:15, i:336))
2025-04-23 14:38:59,570 [grpc-default-executor-4] INFO  server.RaftServer$Division (RaftServerImpl.java:requestVote(1407)) - omNode-3@group-523986131536: receive requestVote(ELECTION, omNode-1, group-523986131536, 16, (t:15, i:336))
2025-04-23 14:38:59,570 [grpc-default-executor-2] INFO  impl.VoteContext (VoteContext.java:log(49)) - omNode-2@group-523986131536-FOLLOWER: accept ELECTION from omNode-1: our priority 0 <= candidate's priority 0
2025-04-23 14:38:59,570 [grpc-default-executor-2] INFO  server.RaftServer$Division (RaftServerImpl.java:setRole(378)) - omNode-2@group-523986131536: changes role from  FOLLOWER to FOLLOWER at term 15 for candidate:omNode-1
2025-04-23 14:38:59,570 [grpc-default-executor-2] INFO  impl.RoleInfo (RoleInfo.java:shutdownFollowerState(121)) - omNode-2: shutdown omNode-2@group-523986131536-FollowerState
2025-04-23 14:38:59,570 [grpc-default-executor-2] INFO  server.RaftServer$Division (ServerState.java:setLeader(272)) - omNode-2@group-523986131536: change Leader from omNode-3 to null at term 16 for updateCurrentTerm
2025-04-23 14:38:59,570 [grpc-default-executor-2] INFO  impl.RoleInfo (RoleInfo.java:updateAndGet(148)) - omNode-2: start omNode-2@group-523986131536-FollowerState
2025-04-23 14:38:59,570 [grpc-default-executor-4] INFO  impl.VoteContext (VoteContext.java:log(49)) - omNode-3@group-523986131536-LEADER: accept ELECTION from omNode-1: our priority 0 <= candidate's priority 0
2025-04-23 14:38:59,570 [grpc-default-executor-4] INFO  server.RaftServer$Division (RaftServerImpl.java:setRole(378)) - omNode-3@group-523986131536: changes role from    LEADER to FOLLOWER at term 15 for candidate:omNode-1
2025-04-23 14:38:59,571 [grpc-default-executor-4] INFO  impl.RoleInfo (RoleInfo.java:shutdownLeaderState(103)) - omNode-3: shutdown omNode-3@group-523986131536-LeaderStateImpl
2025-04-23 14:38:59,571 [omNode-2@group-523986131536-FollowerState] INFO  impl.FollowerState (FollowerState.java:runImpl(170)) - omNode-2@group-523986131536-FollowerState was interrupted
2025-04-23 14:38:59,571 [omNode-3@group-523986131536->omNode-2-GrpcLogAppender-LogAppenderDaemon] WARN  server.GrpcLogAppender (GrpcLogAppender.java:mayWait(293)) - omNode-3@group-523986131536->omNode-2-GrpcLogAppender: Wait interrupted by java.lang.InterruptedException
2025-04-23 14:38:59,571 [grpc-default-executor-0] INFO  server.GrpcServerProtocolService (GrpcServerProtocolService.java:onCompleted(157)) - omNode-2: Completed APPEND_ENTRIES, lastRequest: omNode-3->omNode-2#30-t15,previous=(t:15, i:335),leaderCommit=335,initializing? false,entries: size=1, first=(t:15, i:336), METADATAENTRY(c:335)
2025-04-23 14:38:59,571 [grpc-default-executor-0] INFO  server.GrpcServerProtocolService (GrpcServerProtocolService.java:lambda$onCompleted$5(159)) - omNode-2: Completed APPEND_ENTRIES, lastReply: null
2025-04-23 14:38:59,571 [grpc-default-executor-4] INFO  impl.PendingRequests (PendingRequests.java:sendNotLeaderResponses(287)) - omNode-3@group-523986131536-PendingRequests: sendNotLeaderResponses
2025-04-23 14:38:59,572 [omNode-3@group-523986131536->omNode-1-GrpcLogAppender-LogAppenderDaemon] WARN  server.GrpcLogAppender (GrpcLogAppender.java:mayWait(293)) - omNode-3@group-523986131536->omNode-1-GrpcLogAppender: Wait interrupted by java.lang.InterruptedException
2025-04-23 14:38:59,572 [grpc-default-executor-0] INFO  server.GrpcLogAppender (GrpcLogAppender.java:onCompleted(550)) - omNode-3@group-523986131536->omNode-2-AppendLogResponseHandler: follower responses appendEntries COMPLETED
2025-04-23 14:38:59,572 [grpc-default-executor-4] INFO  server.RaftServer$Division (ServerState.java:setLeader(272)) - omNode-3@group-523986131536: change Leader from omNode-3 to null at term 15 for candidate:omNode-1
2025-04-23 14:38:59,572 [grpc-default-executor-4] INFO  impl.RoleInfo (RoleInfo.java:updateAndGet(148)) - omNode-3: start omNode-3@group-523986131536-FollowerState
2025-04-23 14:38:59,572 [grpc-default-executor-0] INFO  server.GrpcServerProtocolService (GrpcServerProtocolService.java:onCompleted(157)) - omNode-2: Completed APPEND_ENTRIES, lastRequest: null
2025-04-23 14:38:59,572 [grpc-default-executor-8] INFO  server.GrpcServerProtocolService (GrpcServerProtocolService.java:onCompleted(157)) - omNode-1: Completed APPEND_ENTRIES, lastRequest: omNode-3->omNode-1#28-t15,previous=(t:15, i:335),leaderCommit=335,initializing? true,entries: size=1, first=(t:15, i:336), METADATAENTRY(c:335)
2025-04-23 14:38:59,572 [grpc-default-executor-8] INFO  server.GrpcServerProtocolService (GrpcServerProtocolService.java:lambda$onCompleted$5(159)) - omNode-1: Completed APPEND_ENTRIES, lastReply: null
2025-04-23 14:38:59,572 [grpc-default-executor-0] INFO  server.GrpcServerProtocolService (GrpcServerProtocolService.java:lambda$onCompleted$5(159)) - omNode-2: Completed APPEND_ENTRIES, lastReply: serverReply {
  requestorId: "omNode-3"
  replyId: "omNode-2"
  raftGroupId {
    id: "\311\274L\364;\303<`\246kR9\206\023\0256"
  }
  success: true
}
term: 15
nextIndex: 326
followerCommit: 324
matchIndex: 18446744073709551615
isHearbeat: true

2025-04-23 14:38:59,572 [grpc-default-executor-8] INFO  server.GrpcServerProtocolService (GrpcServerProtocolService.java:onCompleted(157)) - omNode-1: Completed APPEND_ENTRIES, lastRequest: null
2025-04-23 14:38:59,573 [grpc-default-executor-8] INFO  server.GrpcServerProtocolService (GrpcServerProtocolService.java:lambda$onCompleted$5(159)) - omNode-1: Completed APPEND_ENTRIES, lastReply: serverReply {
  requestorId: "omNode-3"
  replyId: "omNode-1"
  raftGroupId {
    id: "\311\274L\364;\303<`\246kR9\206\023\0256"
  }
  success: true
}
term: 15
nextIndex: 326
followerCommit: 312
matchIndex: 18446744073709551615
isHearbeat: true

2025-04-23 14:38:59,573 [grpc-default-executor-0] INFO  server.GrpcLogAppender (GrpcLogAppender.java:onCompleted(550)) - omNode-3@group-523986131536->omNode-2-AppendLogResponseHandler: follower responses appendEntries COMPLETED
2025-04-23 14:38:59,573 [grpc-default-executor-8] INFO  server.GrpcLogAppender (GrpcLogAppender.java:onCompleted(550)) - omNode-3@group-523986131536->omNode-1-AppendLogResponseHandler: follower responses appendEntries COMPLETED
2025-04-23 14:38:59,573 [grpc-default-executor-7] INFO  server.GrpcLogAppender (GrpcLogAppender.java:onCompleted(550)) - omNode-3@group-523986131536->omNode-1-AppendLogResponseHandler: follower responses appendEntries COMPLETED
2025-04-23 14:38:59,573 [grpc-default-executor-2] INFO  server.RaftServer$Division (RaftServerImpl.java:requestVote(1441)) - omNode-2@group-523986131536 replies to ELECTION vote request: omNode-1<-omNode-2#0:OK-t16. Peer's state: omNode-2@group-523986131536:t16, leader=null, voted=omNode-1, raftlog=Memoized:omNode-2@group-523986131536-SegmentedRaftLog:OPENED:c335:last(t:15, i:336), conf=conf: {index: 325, cur=peers:[omNode-3|localhost:15017, omNode-1|localhost:15009, omNode-2|localhost:15013]|listeners:[], old=null}
2025-04-23 14:38:59,574 [grpc-default-executor-4] INFO  server.RaftServer$Division (RaftServerImpl.java:requestVote(1441)) - omNode-3@group-523986131536 replies to ELECTION vote request: omNode-1<-omNode-3#0:OK-t16. Peer's state: omNode-3@group-523986131536:t16, leader=null, voted=omNode-1, raftlog=Memoized:omNode-3@group-523986131536-SegmentedRaftLog:OPENED:c336:last(t:15, i:336), conf=conf: {index: 325, cur=peers:[omNode-3|localhost:15017, omNode-1|localhost:15009, omNode-2|localhost:15013]|listeners:[], old=null}
2025-04-23 14:38:59,574 [omNode-1@group-523986131536-LeaderElection33] INFO  impl.LeaderElection (LeaderElection.java:logAndReturn(90)) - omNode-1@group-523986131536-LeaderElection33: ELECTION PASSED received 1 response(s) and 0 exception(s):
2025-04-23 14:38:59,574 [omNode-1@group-523986131536-LeaderElection33] INFO  impl.LeaderElection (LeaderElection.java:logAndReturn(94)) -   Response 0: omNode-1<-omNode-2#0:OK-t16
2025-04-23 14:38:59,574 [omNode-1@group-523986131536-LeaderElection33] INFO  impl.LeaderElection (LeaderElection.java:askForVotes(334)) - omNode-1@group-523986131536-LeaderElection33 ELECTION round 0: result PASSED
2025-04-23 14:38:59,574 [omNode-1@group-523986131536-LeaderElection33] INFO  impl.RoleInfo (RoleInfo.java:shutdownLeaderElection(141)) - omNode-1: shutdown omNode-1@group-523986131536-LeaderElection33
2025-04-23 14:38:59,574 [omNode-1@group-523986131536-LeaderElection33] INFO  server.RaftServer$Division (RaftServerImpl.java:setRole(378)) - omNode-1@group-523986131536: changes role from CANDIDATE to LEADER at term 16 for changeToLeader
2025-04-23 14:38:59,575 [omNode-1@group-523986131536-LeaderElection33] INFO  server.RaftServerConfigKeys (ConfUtils.java:logGet(46)) - raft.server.staging.catchup.gap = 1000 (default)
2025-04-23 14:38:59,575 [omNode-1@group-523986131536-LeaderElection33] INFO  server.RaftServerConfigKeys (ConfUtils.java:logGet(46)) - raft.server.write.element-limit = 4096 (default)
2025-04-23 14:38:59,575 [omNode-1@group-523986131536-LeaderElection33] INFO  server.RaftServerConfigKeys (ConfUtils.java:logGet(46)) - raft.server.write.byte-limit = 64MB (=67108864) (default)
2025-04-23 14:38:59,575 [omNode-1@group-523986131536-LeaderElection33] INFO  server.RaftServerConfigKeys (ConfUtils.java:logGet(46)) - raft.server.watch.timeout = 10s (default)
2025-04-23 14:38:59,575 [omNode-1@group-523986131536-LeaderElection33] INFO  server.RaftServerConfigKeys (ConfUtils.java:logGet(46)) - raft.server.watch.timeout.denomination = 1s (default)
2025-04-23 14:38:59,575 [omNode-1@group-523986131536-LeaderElection33] INFO  server.RaftServerConfigKeys (ConfUtils.java:logGet(46)) - raft.server.watch.element-limit = 65536 (default)
2025-04-23 14:38:59,576 [omNode-1@group-523986131536-LeaderElection33] INFO  server.RaftServerConfigKeys (ConfUtils.java:logGet(46)) - raft.server.read.leader.lease.enabled = false (default)
2025-04-23 14:38:59,576 [omNode-1@group-523986131536-LeaderElection33] INFO  server.RaftServerConfigKeys (ConfUtils.java:logGet(46)) - raft.server.read.leader.lease.timeout.ratio = 0.9 (default)
2025-04-23 14:38:59,576 [omNode-1@group-523986131536-LeaderElection33] INFO  server.RaftServerConfigKeys (ConfUtils.java:logGet(46)) - raft.server.rpc.timeout.min = 1s (custom)
2025-04-23 14:38:59,576 [omNode-1@group-523986131536-LeaderElection33] INFO  server.RaftServerConfigKeys (ConfUtils.java:logGet(46)) - raft.server.log.log-metadata.enabled = true (default)
2025-04-23 14:38:59,576 [omNode-1@group-523986131536-LeaderElection33] INFO  server.RaftServerConfigKeys (ConfUtils.java:logGet(46)) - raft.server.write.element-limit = 4096 (default)
2025-04-23 14:38:59,576 [omNode-1@group-523986131536-LeaderElection33] INFO  server.RaftServerConfigKeys (ConfUtils.java:logGet(46)) - raft.server.write.follower.gap.ratio.max = -1.0 (default)
2025-04-23 14:38:59,576 [omNode-1@group-523986131536-LeaderElection33] INFO  server.RaftServerConfigKeys (ConfUtils.java:logGet(46)) - raft.server.log.appender.snapshot.chunk.size.max = 16MB (=16777216) (default)
2025-04-23 14:38:59,576 [omNode-1@group-523986131536-LeaderElection33] INFO  server.RaftServerConfigKeys (ConfUtils.java:logGet(46)) - raft.server.log.appender.buffer.byte-limit = 4194304 (custom)
2025-04-23 14:38:59,576 [omNode-1@group-523986131536-LeaderElection33] INFO  server.RaftServerConfigKeys (ConfUtils.java:logGet(46)) - raft.server.log.appender.buffer.element-limit = 1024 (custom)
2025-04-23 14:38:59,576 [omNode-1@group-523986131536-LeaderElection33] INFO  server.RaftServerConfigKeys (ConfUtils.java:logGet(46)) - raft.server.log.appender.wait-time.min = 0ms (custom)
2025-04-23 14:38:59,576 [omNode-1@group-523986131536-LeaderElection33] INFO  grpc.GrpcConfigKeys (ConfUtils.java:logGet(46)) - raft.grpc.server.leader.outstanding.appends.max = 8 (default)
2025-04-23 14:38:59,577 [omNode-1@group-523986131536-LeaderElection33] INFO  server.RaftServerConfigKeys (ConfUtils.java:logGet(46)) - raft.server.rpc.request.timeout = 3000ms (default)
2025-04-23 14:38:59,577 [omNode-1@group-523986131536-LeaderElection33] INFO  grpc.GrpcConfigKeys (ConfUtils.java:logGet(46)) - raft.grpc.server.install_snapshot.request.element-limit = 8 (default)
2025-04-23 14:38:59,577 [omNode-1@group-523986131536-LeaderElection33] INFO  grpc.GrpcConfigKeys (ConfUtils.java:logGet(46)) - raft.grpc.server.install_snapshot.request.timeout = 3000ms (default)
2025-04-23 14:38:59,577 [omNode-1@group-523986131536-LeaderElection33] INFO  grpc.GrpcConfigKeys (ConfUtils.java:logGet(46)) - raft.grpc.server.log-message.batch.duration = 5s (default)
2025-04-23 14:38:59,577 [omNode-1@group-523986131536-LeaderElection33] INFO  server.RaftServerConfigKeys (ConfUtils.java:logGet(46)) - raft.server.log.appender.install.snapshot.enabled = false (custom)
2025-04-23 14:38:59,577 [omNode-1@group-523986131536-LeaderElection33] INFO  grpc.GrpcConfigKeys (ConfUtils.java:logGet(46)) - raft.grpc.server.heartbeat.channel = true (default)
2025-04-23 14:38:59,578 [omNode-1@group-523986131536-LeaderElection33] INFO  server.RaftServerConfigKeys (ConfUtils.java:logGet(46)) - raft.server.log.appender.snapshot.chunk.size.max = 16MB (=16777216) (default)
2025-04-23 14:38:59,578 [omNode-1@group-523986131536-LeaderElection33] INFO  server.RaftServerConfigKeys (ConfUtils.java:logGet(46)) - raft.server.log.appender.buffer.byte-limit = 4194304 (custom)
2025-04-23 14:38:59,578 [omNode-1@group-523986131536-LeaderElection33] INFO  server.RaftServerConfigKeys (ConfUtils.java:logGet(46)) - raft.server.log.appender.buffer.element-limit = 1024 (custom)
2025-04-23 14:38:59,578 [omNode-1@group-523986131536-LeaderElection33] INFO  server.RaftServerConfigKeys (ConfUtils.java:logGet(46)) - raft.server.log.appender.wait-time.min = 0ms (custom)
2025-04-23 14:38:59,578 [omNode-1@group-523986131536-LeaderElection33] INFO  grpc.GrpcConfigKeys (ConfUtils.java:logGet(46)) - raft.grpc.server.leader.outstanding.appends.max = 8 (default)
2025-04-23 14:38:59,578 [omNode-1@group-523986131536-LeaderElection33] INFO  server.RaftServerConfigKeys (ConfUtils.java:logGet(46)) - raft.server.rpc.request.timeout = 3000ms (default)
2025-04-23 14:38:59,578 [omNode-1@group-523986131536-LeaderElection33] INFO  grpc.GrpcConfigKeys (ConfUtils.java:logGet(46)) - raft.grpc.server.install_snapshot.request.element-limit = 8 (default)
2025-04-23 14:38:59,578 [omNode-1@group-523986131536-LeaderElection33] INFO  grpc.GrpcConfigKeys (ConfUtils.java:logGet(46)) - raft.grpc.server.install_snapshot.request.timeout = 3000ms (default)
2025-04-23 14:38:59,578 [omNode-1@group-523986131536-LeaderElection33] INFO  grpc.GrpcConfigKeys (ConfUtils.java:logGet(46)) - raft.grpc.server.log-message.batch.duration = 5s (default)
2025-04-23 14:38:59,578 [omNode-1@group-523986131536-LeaderElection33] INFO  server.RaftServerConfigKeys (ConfUtils.java:logGet(46)) - raft.server.log.appender.install.snapshot.enabled = false (custom)
2025-04-23 14:38:59,578 [omNode-1@group-523986131536-LeaderElection33] INFO  grpc.GrpcConfigKeys (ConfUtils.java:logGet(46)) - raft.grpc.server.heartbeat.channel = true (default)
2025-04-23 14:38:59,578 [omNode-1@group-523986131536-LeaderElection33] INFO  impl.RoleInfo (RoleInfo.java:updateAndGet(148)) - omNode-1: start omNode-1@group-523986131536-LeaderStateImpl
2025-04-23 14:38:59,578 [omNode-1@group-523986131536-LeaderElection33] INFO  ratis.OzoneManagerStateMachine (OzoneManagerStateMachine.java:notifyLeaderChanged(169)) - omNode-1@group-523986131536: leader changed to omNode-1
2025-04-23 14:38:59,579 [omNode-1@group-523986131536-LeaderElection33] INFO  server.RaftServer$Division (ServerState.java:setLeader(272)) - omNode-1@group-523986131536: change Leader from null to omNode-1 at term 16 for becomeLeader, leader elected after 14ms
2025-04-23 14:38:59,579 [omNode-1@group-523986131536-LeaderElection33] INFO  segmented.SegmentedRaftLogWorker (SegmentedRaftLogWorker.java:rollLogSegment(443)) - omNode-1@group-523986131536-SegmentedRaftLogWorker: Rolling segment log-325_336 to index:336
2025-04-23 14:38:59,579 [omNode-1@group-523986131536-LeaderElection33] INFO  server.RaftServer$Division (ServerState.java:setRaftConf(386)) - omNode-1@group-523986131536: set configuration conf: {index: 337, cur=peers:[omNode-3|localhost:15017, omNode-1|localhost:15009, omNode-2|localhost:15013]|listeners:[], old=null}
2025-04-23 14:38:59,580 [omNode-1@group-523986131536-SegmentedRaftLogWorker] INFO  segmented.SegmentedRaftLogWorker (SegmentedRaftLogWorker.java:execute(601)) - omNode-1@group-523986131536-SegmentedRaftLogWorker: Rolled log segment from /home/runner/work/ozone/ozone/hadoop-ozone/integration-test/target/test-dir/MiniOzoneClusterImpl-68853c07-42d2-4ef8-9e75-e3a852294e6a/omNode-1/ratis/c9bc4cf4-3bc3-3c60-a66b-523986131536/current/log_inprogress_325 to /home/runner/work/ozone/ozone/hadoop-ozone/integration-test/target/test-dir/MiniOzoneClusterImpl-68853c07-42d2-4ef8-9e75-e3a852294e6a/omNode-1/ratis/c9bc4cf4-3bc3-3c60-a66b-523986131536/current/log_325-336
2025-04-23 14:38:59,580 [omNode-1@group-523986131536-SegmentedRaftLogWorker] INFO  segmented.BufferedWriteChannel (BufferedWriteChannel.java:open(61)) - open log_inprogress_337 at position 0
2025-04-23 14:38:59,584 [omNode-2-server-thread3] INFO  ratis.OzoneManagerStateMachine (OzoneManagerStateMachine.java:notifyLeaderChanged(169)) - omNode-2@group-523986131536: leader changed to omNode-1
2025-04-23 14:38:59,584 [omNode-2-server-thread3] INFO  server.RaftServer$Division (ServerState.java:setLeader(272)) - omNode-2@group-523986131536: change Leader from null to omNode-1 at term 16 for appendEntries, leader elected after 13ms
2025-04-23 14:38:59,584 [omNode-3-server-thread2] INFO  ratis.OzoneManagerStateMachine (OzoneManagerStateMachine.java:notifyLeaderChanged(169)) - omNode-3@group-523986131536: leader changed to omNode-1
2025-04-23 14:38:59,584 [omNode-3-server-thread2] INFO  server.RaftServer$Division (ServerState.java:setLeader(272)) - omNode-3@group-523986131536: change Leader from null to omNode-1 at term 16 for appendEntries, leader elected after 12ms
2025-04-23 14:38:59,584 [omNode-2-server-thread3] INFO  server.RaftServer$Division (ServerState.java:setRaftConf(386)) - omNode-2@group-523986131536: set configuration conf: {index: 337, cur=peers:[omNode-3|localhost:15017, omNode-1|localhost:15009, omNode-2|localhost:15013]|listeners:[], old=null}
2025-04-23 14:38:59,584 [omNode-2-server-thread3] INFO  segmented.SegmentedRaftLogWorker (SegmentedRaftLogWorker.java:rollLogSegment(443)) - omNode-2@group-523986131536-SegmentedRaftLogWorker: Rolling segment log-325_336 to index:336
2025-04-23 14:38:59,586 [omNode-2@group-523986131536-SegmentedRaftLogWorker] INFO  segmented.SegmentedRaftLogWorker (SegmentedRaftLogWorker.java:execute(601)) - omNode-2@group-523986131536-SegmentedRaftLogWorker: Rolled log segment from /home/runner/work/ozone/ozone/hadoop-ozone/integration-test/target/test-dir/MiniOzoneClusterImpl-68853c07-42d2-4ef8-9e75-e3a852294e6a/omNode-2/ratis/c9bc4cf4-3bc3-3c60-a66b-523986131536/current/log_inprogress_325 to /home/runner/work/ozone/ozone/hadoop-ozone/integration-test/target/test-dir/MiniOzoneClusterImpl-68853c07-42d2-4ef8-9e75-e3a852294e6a/omNode-2/ratis/c9bc4cf4-3bc3-3c60-a66b-523986131536/current/log_325-336
2025-04-23 14:38:59,586 [omNode-2@group-523986131536-SegmentedRaftLogWorker] INFO  segmented.BufferedWriteChannel (BufferedWriteChannel.java:open(61)) - open log_inprogress_337 at position 0
2025-04-23 14:38:59,587 [omNode-3-server-thread1] INFO  server.RaftServer$Division (ServerState.java:setRaftConf(386)) - omNode-3@group-523986131536: set configuration conf: {index: 337, cur=peers:[omNode-3|localhost:15017, omNode-1|localhost:15009, omNode-2|localhost:15013]|listeners:[], old=null}
2025-04-23 14:38:59,587 [omNode-3-server-thread1] INFO  segmented.SegmentedRaftLogWorker (SegmentedRaftLogWorker.java:rollLogSegment(443)) - omNode-3@group-523986131536-SegmentedRaftLogWorker: Rolling segment log-325_336 to index:336
2025-04-23 14:38:59,589 [omNode-3@group-523986131536-SegmentedRaftLogWorker] INFO  segmented.SegmentedRaftLogWorker (SegmentedRaftLogWorker.java:execute(601)) - omNode-3@group-523986131536-SegmentedRaftLogWorker: Rolled log segment from /home/runner/work/ozone/ozone/hadoop-ozone/integration-test/target/test-dir/MiniOzoneClusterImpl-68853c07-42d2-4ef8-9e75-e3a852294e6a/omNode-3/ratis/c9bc4cf4-3bc3-3c60-a66b-523986131536/current/log_inprogress_325 to /home/runner/work/ozone/ozone/hadoop-ozone/integration-test/target/test-dir/MiniOzoneClusterImpl-68853c07-42d2-4ef8-9e75-e3a852294e6a/omNode-3/ratis/c9bc4cf4-3bc3-3c60-a66b-523986131536/current/log_325-336
2025-04-23 14:38:59,589 [omNode-3@group-523986131536-SegmentedRaftLogWorker] INFO  segmented.BufferedWriteChannel (BufferedWriteChannel.java:open(61)) - open log_inprogress_337 at position 0
2025-04-23 14:38:59,590 [main] INFO  ozone.MiniOzoneHAClusterImpl (MiniOzoneHAClusterImpl.java:shutdownOzoneManager(215)) - Shutting down OzoneManager omNode-3
2025-04-23 14:38:59,590 [main] INFO  om.OzoneManager (OzoneManager.java:stop(2347)) - omNode-3[localhost:15014]: Stopping Ozone Manager
2025-04-23 14:38:59,590 [main] INFO  ipc.Server (Server.java:stop(3697)) - Stopping server on 15014
2025-04-23 14:38:59,594 [IPC Server Responder] INFO  ipc.Server (Server.java:run(1718)) - Stopping IPC Server Responder
2025-04-23 14:38:59,594 [main] INFO  ratis.OzoneManagerRatisServer (OzoneManagerRatisServer.java:stop(634)) - Stopping org.apache.hadoop.ozone.om.ratis.OzoneManagerRatisServer@521057d2 at port 15017
2025-04-23 14:38:59,594 [IPC Server listener on 15014] INFO  ipc.Server (Server.java:run(1585)) - Stopping IPC Server listener on 15014
2025-04-23 14:38:59,595 [main] INFO  server.RaftServer (RaftServerProxy.java:lambda$close$9(417)) - omNode-3: close
2025-04-23 14:38:59,595 [main] INFO  server.GrpcService (GrpcService.java:closeImpl(343)) - omNode-3: shutdown server GrpcServerProtocolService now
2025-04-23 14:38:59,595 [omNode-3-impl-thread1] INFO  server.RaftServer$Division (RaftServerImpl.java:lambda$close$1(513)) - omNode-3@group-523986131536: shutdown
2025-04-23 14:38:59,595 [omNode-3-impl-thread1] INFO  util.JmxRegister (JmxRegister.java:unregister(74)) - Successfully un-registered JMX Bean with object name Ratis:service=RaftServer,group=group-523986131536,id=omNode-3
2025-04-23 14:38:59,595 [omNode-3-impl-thread1] INFO  impl.RoleInfo (RoleInfo.java:shutdownFollowerState(121)) - omNode-3: shutdown omNode-3@group-523986131536-FollowerState
2025-04-23 14:38:59,595 [omNode-3-impl-thread1] INFO  impl.StateMachineUpdater (StateMachineUpdater.java:stopAndJoin(164)) - omNode-3@group-523986131536-StateMachineUpdater: set stopIndex = 336
2025-04-23 14:38:59,596 [omNode-3@group-523986131536-FollowerState] INFO  impl.FollowerState (FollowerState.java:runImpl(170)) - omNode-3@group-523986131536-FollowerState was interrupted
2025-04-23 14:38:59,597 [grpc-default-executor-4] WARN  server.GrpcLogAppender (GrpcLogAppender.java:lambda$resetClient$1(221)) - omNode-1@group-523986131536->omNode-3-GrpcLogAppender: Follower failed (request=null, errorCount=1); keep nextIndex (338) unchanged and retry.
2025-04-23 14:38:59,597 [Thread-5698] INFO  server.GrpcServerProtocolClient (GrpcServerProtocolClient.java:close(105)) - omNode-2 Close channels
2025-04-23 14:38:59,596 [grpc-default-executor-2] WARN  server.GrpcLogAppender (LogUtils.java:warn(121)) - omNode-1@group-523986131536->omNode-3-AppendLogResponseHandler: Failed appendEntries: org.apache.ratis.thirdparty.io.grpc.StatusRuntimeException: CANCELLED: RST_STREAM closed stream. HTTP/2 error code: CANCEL
2025-04-23 14:38:59,596 [Thread-5697] INFO  server.GrpcServerProtocolClient (GrpcServerProtocolClient.java:close(105)) - omNode-1 Close channels
2025-04-23 14:38:59,596 [grpc-default-executor-8] WARN  server.GrpcServerProtocolService (LogUtils.java:warn(121)) - omNode-3: APPEND_ENTRIES onError, lastRequest: null: org.apache.ratis.thirdparty.io.grpc.StatusRuntimeException: CANCELLED: client cancelled
2025-04-23 14:38:59,596 [grpc-default-executor-7] WARN  server.GrpcServerProtocolService (LogUtils.java:warn(121)) - omNode-3: APPEND_ENTRIES onError, lastRequest: omNode-1->omNode-3#1-t16,previous=(t:15, i:336),leaderCommit=335,initializing? false,entries: size=1, first=(t:16, i:337), CONFIGURATIONENTRY(current:id:"omNode-3"address:"localhost:15017"startupRole:FOLLOWER, id:"omNode-1"address:"localhost:15009"startupRole:FOLLOWER, id:"omNode-2"address:"localhost:15013"startupRole:FOLLOWER, old:): org.apache.ratis.thirdparty.io.grpc.StatusRuntimeException: CANCELLED: client cancelled
2025-04-23 14:38:59,602 [omNode-1@group-523986131536-SegmentedRaftLogWorker] INFO  segmented.SegmentedRaftLogWorker (SegmentedRaftLogWorker.java:execute(644)) - omNode-1@group-523986131536-SegmentedRaftLogWorker: created new log segment /home/runner/work/ozone/ozone/hadoop-ozone/integration-test/target/test-dir/MiniOzoneClusterImpl-68853c07-42d2-4ef8-9e75-e3a852294e6a/omNode-1/ratis/c9bc4cf4-3bc3-3c60-a66b-523986131536/current/log_inprogress_337
2025-04-23 14:38:59,603 [omNode-2@group-523986131536-SegmentedRaftLogWorker] INFO  segmented.SegmentedRaftLogWorker (SegmentedRaftLogWorker.java:execute(644)) - omNode-2@group-523986131536-SegmentedRaftLogWorker: created new log segment /home/runner/work/ozone/ozone/hadoop-ozone/integration-test/target/test-dir/MiniOzoneClusterImpl-68853c07-42d2-4ef8-9e75-e3a852294e6a/omNode-2/ratis/c9bc4cf4-3bc3-3c60-a66b-523986131536/current/log_inprogress_337
2025-04-23 14:38:59,604 [omNode-3@group-523986131536-SegmentedRaftLogWorker] INFO  segmented.SegmentedRaftLogWorker (SegmentedRaftLogWorker.java:execute(644)) - omNode-3@group-523986131536-SegmentedRaftLogWorker: created new log segment /home/runner/work/ozone/ozone/hadoop-ozone/integration-test/target/test-dir/MiniOzoneClusterImpl-68853c07-42d2-4ef8-9e75-e3a852294e6a/omNode-3/ratis/c9bc4cf4-3bc3-3c60-a66b-523986131536/current/log_inprogress_337
2025-04-23 14:38:59,605 [omNode-1@group-523986131536-StateMachineUpdater] INFO  ratis.OzoneManagerStateMachine (OzoneManagerStateMachine.java:notifyConfigurationChanged(231)) - notifyConfigurationChanged from Ratis: term=16, index=337, New Peer list: omNode-3(localhost:15017), omNode-1(localhost:15009), omNode-2(localhost:15013)
2025-04-23 14:38:59,605 [omNode-1@group-523986131536-StateMachineUpdater] INFO  server.RaftServer$Division (LeaderStateImpl.java:checkStartIndex(313)) - Leader omNode-1@group-523986131536-LeaderStateImpl is ready since appliedIndex == startIndex == 337
2025-04-23 14:38:59,606 [grpc-default-executor-8] WARN  server.GrpcLogAppender (GrpcLogAppender.java:lambda$resetClient$1(221)) - omNode-1@group-523986131536->omNode-3-GrpcLogAppender: Follower failed (request=null, errorCount=3); keep nextIndex (339) unchanged and retry.
2025-04-23 14:38:59,607 [omNode-2@group-523986131536-StateMachineUpdater] INFO  ratis.OzoneManagerStateMachine (OzoneManagerStateMachine.java:notifyConfigurationChanged(231)) - notifyConfigurationChanged from Ratis: term=16, index=337, New Peer list: omNode-3(localhost:15017), omNode-1(localhost:15009), omNode-2(localhost:15013)
2025-04-23 14:38:59,624 [omNode-3@group-523986131536-StateMachineUpdater] INFO  ratis.OzoneManagerStateMachine (OzoneManagerStateMachine.java:takeSnapshotImpl(510)) - omNode-3: taking snapshot. applied = (t:15, i:336), skipped = 335, notified = (t:15, i:336), current snapshot index = (t:15, i:336), took 29 ms
2025-04-23 14:38:59,624 [omNode-3@group-523986131536-StateMachineUpdater] INFO  impl.StateMachineUpdater (StateMachineUpdater.java:takeSnapshot(303)) - omNode-3@group-523986131536-StateMachineUpdater: Took a snapshot at index 336
2025-04-23 14:38:59,624 [omNode-3@group-523986131536-StateMachineUpdater] INFO  impl.StateMachineUpdater (StateMachineUpdater.java:lambda$new$0(102)) - omNode-3@group-523986131536-StateMachineUpdater: snapshotIndex: updateIncreasingly 323 -> 336
2025-04-23 14:38:59,624 [omNode-3@group-523986131536-StateMachineUpdater] INFO  impl.StateMachineUpdater (StateMachineUpdater.java:stop(141)) - omNode-3@group-523986131536-StateMachineUpdater: closing OzoneManagerStateMachine, lastApplied=(t:15, i:336)
2025-04-23 14:38:59,624 [omNode-3@group-523986131536-StateMachineUpdater] INFO  ratis.OzoneManagerStateMachine (OzoneManagerStateMachine.java:close(550)) - Stopping OzoneManagerStateMachine:omNode-3:group-523986131536.
2025-04-23 14:38:59,624 [omNode-3@group-523986131536-StateMachineUpdater] INFO  ratis.OzoneManagerDoubleBuffer (OzoneManagerDoubleBuffer.java:stopDaemon(500)) - Stopping OMDoubleBuffer flush thread
2025-04-23 14:38:59,624 [omNode-3-OMDoubleBufferFlushThread] INFO  ratis.OzoneManagerDoubleBuffer (OzoneManagerDoubleBuffer.java:canFlush(559)) - OMDoubleBuffer flush thread omNode-3-OMDoubleBufferFlushThread is interrupted and will exit.
2025-04-23 14:38:59,625 [omNode-3@group-523986131536-cacheEviction-AwaitToRun] INFO  util.AwaitToRun (AwaitToRun.java:run(49)) - omNode-3@group-523986131536-cacheEviction-AwaitToRun-AwaitForSignal is interrupted
2025-04-23 14:38:59,626 [Thread-5780] WARN  rocksdiff.RocksDBCheckpointDiffer (RocksDBCheckpointDiffer.java:lambda$onCompactionCompleted$0(492)) - Input file not found in inflightCompactionsMap : /home/runner/work/ozone/ozone/hadoop-ozone/integration-test/target/test-dir/MiniOzoneClusterImpl-68853c07-42d2-4ef8-9e75-e3a852294e6a/omNode-3/om.db/000180.sst which should have been added on compactionBeginListener.
2025-04-23 14:38:59,627 [Thread-5780] WARN  rocksdiff.RocksDBCheckpointDiffer (RocksDBCheckpointDiffer.java:lambda$onCompactionCompleted$0(492)) - Input file not found in inflightCompactionsMap : /home/runner/work/ozone/ozone/hadoop-ozone/integration-test/target/test-dir/MiniOzoneClusterImpl-68853c07-42d2-4ef8-9e75-e3a852294e6a/omNode-3/om.db/000167.sst which should have been added on compactionBeginListener.
2025-04-23 14:38:59,627 [Thread-5780] WARN  rocksdiff.RocksDBCheckpointDiffer (RocksDBCheckpointDiffer.java:lambda$onCompactionCompleted$0(492)) - Input file not found in inflightCompactionsMap : /home/runner/work/ozone/ozone/hadoop-ozone/integration-test/target/test-dir/MiniOzoneClusterImpl-68853c07-42d2-4ef8-9e75-e3a852294e6a/omNode-3/om.db/000087.sst which should have been added on compactionBeginListener.
2025-04-23 14:38:59,627 [Thread-5780] WARN  rocksdiff.RocksDBCheckpointDiffer (RocksDBCheckpointDiffer.java:lambda$onCompactionCompleted$0(492)) - Input file not found in inflightCompactionsMap : /home/runner/work/ozone/ozone/hadoop-ozone/integration-test/target/test-dir/MiniOzoneClusterImpl-68853c07-42d2-4ef8-9e75-e3a852294e6a/omNode-3/om.db/000058.sst which should have been added on compactionBeginListener.
2025-04-23 14:39:00,605 [omNode-3-impl-thread1] INFO  segmented.SegmentedRaftLogWorker (SegmentedRaftLogWorker.java:close(252)) - omNode-3@group-523986131536-SegmentedRaftLogWorker close()
2025-04-23 14:39:00,967 [timer3] WARN  server.GrpcLogAppender (GrpcLogAppender.java:lambda$resetClient$1(221)) - omNode-2@group-523986131536->omNode-1-GrpcLogAppender: Follower failed (request=null, errorCount=26); keep nextIndex (317) unchanged and retry. (Repeated 2 times in the last 4.999s)
2025-04-23 14:39:00,987 [timer5] WARN  server.GrpcLogAppender (GrpcLogAppender.java:lambda$resetClient$1(221)) - omNode-2@group-523986131536->omNode-1-GrpcLogAppender: Follower failed (request=null, errorCount=28); keep nextIndex (318) unchanged and retry. (Repeated 2 times in the last 5.001s)
2025-04-23 14:39:00,988 [timer0] WARN  server.GrpcLogAppender (GrpcLogAppender.java:lambda$resetClient$1(221)) - omNode-2@group-523986131536->omNode-1-GrpcLogAppender: Follower failed (request=null, errorCount=30); keep nextIndex (319) unchanged and retry. (Repeated 2 times in the last 5.000s)
2025-04-23 14:39:01,002 [timer2] WARN  server.GrpcLogAppender (GrpcLogAppender.java:lambda$resetClient$1(221)) - omNode-2@group-523986131536->omNode-1-GrpcLogAppender: Follower failed (request=null, errorCount=32); keep nextIndex (320) unchanged and retry. (Repeated 2 times in the last 5.001s)
2025-04-23 14:39:01,006 [timer5] WARN  server.GrpcLogAppender (GrpcLogAppender.java:lambda$resetClient$1(221)) - omNode-2@group-523986131536->omNode-1-GrpcLogAppender: Follower failed (request=null, errorCount=34); keep nextIndex (321) unchanged and retry. (Repeated 2 times in the last 5.001s)
2025-04-23 14:39:01,016 [timer0] WARN  server.GrpcLogAppender (GrpcLogAppender.java:lambda$resetClient$1(221)) - omNode-2@group-523986131536->omNode-1-GrpcLogAppender: Follower failed (request=null, errorCount=36); keep nextIndex (322) unchanged and retry. (Repeated 2 times in the last 5.000s)
2025-04-23 14:39:01,018 [timer3] WARN  server.GrpcLogAppender (GrpcLogAppender.java:lambda$resetClient$1(221)) - omNode-2@group-523986131536->omNode-1-GrpcLogAppender: Follower failed (request=null, errorCount=38); keep nextIndex (323) unchanged and retry. (Repeated 2 times in the last 5.000s)
2025-04-23 14:39:01,039 [timer1] WARN  server.GrpcLogAppender (GrpcLogAppender.java:lambda$resetClient$1(221)) - omNode-2@group-523986131536->omNode-1-GrpcLogAppender: Follower failed (request=null, errorCount=40); keep nextIndex (324) unchanged and retry. (Repeated 2 times in the last 5.000s)
2025-04-23 14:39:01,059 [timer5] WARN  server.GrpcLogAppender (GrpcLogAppender.java:lambda$resetClient$1(221)) - omNode-2@group-523986131536->omNode-3-GrpcLogAppender: Follower failed (request=null, errorCount=8); keep nextIndex (325) unchanged and retry. (Repeated 8 times in the last 5.000s)
2025-04-23 14:39:01,059 [timer4] WARN  server.GrpcLogAppender (LogUtils.java:warn(121)) - omNode-2@group-523986131536->omNode-3-AppendLogResponseHandler: Failed appendEntries (Repeated 8 times in the last 5.001s): org.apache.ratis.thirdparty.io.grpc.StatusRuntimeException: UNAVAILABLE: io exception
2025-04-23 14:39:02,597 [Thread-5697] WARN  grpc.GrpcUtil (GrpcUtil.java:shutdownManagedChannel(233)) - Timed out gracefully shutting down connection: ManagedChannelOrphanWrapper{delegate=ManagedChannelImpl{logId=1183, target=localhost:15009}}. 
2025-04-23 14:39:02,598 [grpc-default-executor-8] INFO  server.GrpcLogAppender (GrpcLogAppender.java:onError(537)) - omNode-3@group-523986131536->omNode-1-GrpcLogAppender is already stopped
2025-04-23 14:39:02,598 [grpc-default-executor-7] WARN  server.GrpcServerProtocolService (LogUtils.java:warn(121)) - omNode-1: APPEND_ENTRIES onError, lastRequest: null: org.apache.ratis.thirdparty.io.grpc.StatusRuntimeException: CANCELLED: client cancelled
2025-04-23 14:39:04,597 [timer2] WARN  server.GrpcLogAppender (GrpcLogAppender.java:lambda$resetClient$1(221)) - omNode-1@group-523986131536->omNode-3-GrpcLogAppender: Follower failed (request=null, errorCount=2); keep nextIndex (338) unchanged and retry. (Repeated 2 times in the last 5.000s)
2025-04-23 14:39:04,598 [timer3] WARN  server.GrpcLogAppender (LogUtils.java:warn(121)) - omNode-1@group-523986131536->omNode-3-AppendLogResponseHandler: Failed appendEntries (Repeated 18 times in the last 5.002s): org.apache.ratis.thirdparty.io.grpc.StatusRuntimeException: UNAVAILABLE: io exception
2025-04-23 14:39:04,607 [timer5] WARN  server.GrpcLogAppender (GrpcLogAppender.java:lambda$resetClient$1(221)) - omNode-1@group-523986131536->omNode-3-GrpcLogAppender: Follower failed (request=null, errorCount=18); keep nextIndex (339) unchanged and retry. (Repeated 16 times in the last 5.001s)
2025-04-23 14:39:05,527 [grpc-default-executor-8] WARN  server.GrpcLogAppender (LogUtils.java:warn(121)) - omNode-1@group-523986131536->omNode-3-AppendLogResponseHandler: Failed appendEntries: org.apache.ratis.thirdparty.io.grpc.StatusRuntimeException: UNAVAILABLE: io exception
2025-04-23 14:39:05,527 [grpc-default-executor-7] WARN  server.GrpcLogAppender (GrpcLogAppender.java:lambda$resetClient$1(221)) - omNode-1@group-523986131536->omNode-3-GrpcLogAppender: Follower failed (request=null, errorCount=19); keep nextIndex (339) unchanged and retry.
2025-04-23 14:39:05,598 [Thread-5697] WARN  grpc.GrpcUtil (GrpcUtil.java:shutdownManagedChannel(233)) - Timed out gracefully shutting down connection: ManagedChannelOrphanWrapper{delegate=ManagedChannelImpl{logId=1179, target=localhost:15009}}. 
2025-04-23 14:39:05,599 [grpc-default-executor-8] INFO  server.GrpcLogAppender (GrpcLogAppender.java:onError(537)) - omNode-3@group-523986131536->omNode-1-GrpcLogAppender is already stopped
2025-04-23 14:39:05,599 [main] INFO  server.GrpcService (GrpcService.java:closeImpl(352)) - omNode-3: shutdown server GrpcServerProtocolService successfully
2025-04-23 14:39:05,600 [grpc-default-executor-7] WARN  server.GrpcServerProtocolService (LogUtils.java:warn(121)) - omNode-1: APPEND_ENTRIES onError, lastRequest: omNode-3->omNode-1#1-t15,previous=(t:14, i:324),leaderCommit=323,initializing? false,entries: size=1, first=(t:15, i:325), CONFIGURATIONENTRY(current:id:"omNode-3"address:"localhost:15017"startupRole:FOLLOWER, id:"omNode-1"address:"localhost:15009"startupRole:FOLLOWER, id:"omNode-2"address:"localhost:15013"startupRole:FOLLOWER, old:): org.apache.ratis.thirdparty.io.grpc.StatusRuntimeException: CANCELLED: client cancelled
2025-04-23 14:39:05,600 [JvmPauseMonitor32] INFO  util.JvmPauseMonitor (JvmPauseMonitor.java:run(152)) - JvmPauseMonitor-omNode-3: Stopped
2025-04-23 14:39:05,600 [main] INFO  utils.BackgroundService (BackgroundService.java:shutdown(161)) - Shutting down service KeyDeletingService
2025-04-23 14:39:05,601 [main] INFO  utils.BackgroundService (BackgroundService.java:shutdown(161)) - Shutting down service DirectoryDeletingService
2025-04-23 14:39:05,601 [main] INFO  utils.BackgroundService (BackgroundService.java:shutdown(161)) - Shutting down service OpenKeyCleanupService
2025-04-23 14:39:05,602 [main] INFO  utils.BackgroundService (BackgroundService.java:shutdown(161)) - Shutting down service SstFilteringService
2025-04-23 14:39:05,602 [main] INFO  utils.BackgroundService (BackgroundService.java:shutdown(161)) - Shutting down service SnapshotDeletingService
2025-04-23 14:39:05,602 [main] INFO  utils.BackgroundService (BackgroundService.java:shutdown(161)) - Shutting down service MultipartUploadCleanupService
2025-04-23 14:39:05,603 [main] INFO  handler.ContextHandler (ContextHandler.java:doStop(1159)) - Stopped o.e.j.w.WebAppContext@4e33ee2c{ozoneManager,/,null,STOPPED}{file:/home/runner/work/ozone/ozone/hadoop-ozone/integration-test/target/test-classes/webapps/ozoneManager}
2025-04-23 14:39:05,603 [main] INFO  server.AbstractConnector (AbstractConnector.java:doStop(383)) - Stopped ServerConnector@3d533ea6{HTTP/1.1, (http/1.1)}{0.0.0.0:15015}
2025-04-23 14:39:05,604 [main] INFO  server.session (HouseKeeper.java:stopScavenging(149)) - node0 Stopped scavenging
2025-04-23 14:39:05,604 [main] INFO  handler.ContextHandler (ContextHandler.java:doStop(1159)) - Stopped o.e.j.s.ServletContextHandler@1865414a{static,/static,file:///home/runner/work/ozone/ozone/hadoop-ozone/integration-test/target/test-classes/webapps/static,STOPPED}
2025-04-23 14:39:05,604 [main] INFO  handler.ContextHandler (ContextHandler.java:doStop(1159)) - Stopped o.e.j.s.ServletContextHandler@5fd02e{logs,/logs,file:///home/runner/work/ozone/ozone/hadoop-ozone/integration-test/target/log,STOPPED}
2025-04-23 14:39:05,605 [main] INFO  rocksdiff.RocksDBCheckpointDiffer (RocksDBCheckpointDiffer.java:close(304)) - Shutting down CompactionDagPruningService.
2025-04-23 14:39:05,607 [main] INFO  snapshot.SnapshotDiffManager (SnapshotDiffManager.java:closeExecutorService(1698)) - Shutting down executorService: 'SnapDiffExecutor'
2025-04-23 14:39:05,607 [main] INFO  utils.BackgroundService (BackgroundService.java:shutdown(161)) - Shutting down service SnapshotDiffCleanupService
2025-04-23 14:39:05,609 [main] INFO  retry.RetryInvocationHandler (RetryInvocationHandler.java:log(426)) - com.google.protobuf.ServiceException: java.io.EOFException: End of File Exception between local host is: "fv-az1120-822/10.1.0.114"; destination host is: "localhost":15014; : java.io.EOFException; For more details see:  http://wiki.apache.org/hadoop/EOFException, while invoking $Proxy68.submitRequest over nodeId=omNode-3,nodeAddress=127.0.0.1:15014. Trying to failover after sleeping for 2000ms. Current retry count: 0.
14:39:07.616 [IPC Server handler 0 on default port 15006] ERROR OMAudit - user=runner | ip=127.0.0.1 | op=READ_KEY {volume=volume93035, bucket=2a567560-6d05-41d0-9302-a97b14c17ea9, key=key71314, owner=null, dataSize=0, replicationConfig=null} | ret=FAILURE
org.apache.hadoop.ozone.om.exceptions.OMException: Key:key71314 not found
	at org.apache.hadoop.ozone.om.KeyManagerImpl.readKeyInfo(KeyManagerImpl.java:542) ~[ozone-manager-2.1.0-SNAPSHOT.jar:?]
	at org.apache.hadoop.ozone.om.KeyManagerImpl.lambda$13(KeyManagerImpl.java:2204) ~[ozone-manager-2.1.0-SNAPSHOT.jar:?]
	at org.apache.hadoop.ozone.util.MetricUtil.captureLatencyNs(MetricUtil.java:45) ~[hdds-common-2.1.0-SNAPSHOT.jar:?]
	at org.apache.hadoop.ozone.om.KeyManagerImpl.getKeyInfo(KeyManagerImpl.java:2202) ~[ozone-manager-2.1.0-SNAPSHOT.jar:?]
	at org.apache.hadoop.ozone.om.OmMetadataReader.getKeyInfo(OmMetadataReader.java:190) ~[ozone-manager-2.1.0-SNAPSHOT.jar:?]
	at org.apache.hadoop.ozone.om.OzoneManager.getKeyInfo(OzoneManager.java:3021) ~[ozone-manager-2.1.0-SNAPSHOT.jar:?]
	at org.apache.hadoop.ozone.protocolPB.OzoneManagerRequestHandler.getKeyInfo(OzoneManagerRequestHandler.java:654) ~[ozone-manager-2.1.0-SNAPSHOT.jar:?]
	at org.apache.hadoop.ozone.protocolPB.OzoneManagerRequestHandler.handleReadRequest(OzoneManagerRequestHandler.java:330) ~[ozone-manager-2.1.0-SNAPSHOT.jar:?]
	at org.apache.hadoop.ozone.protocolPB.OzoneManagerProtocolServerSideTranslatorPB.submitReadRequestToOM(OzoneManagerProtocolServerSideTranslatorPB.java:192) ~[ozone-manager-2.1.0-SNAPSHOT.jar:?]
	at org.apache.hadoop.ozone.protocolPB.OzoneManagerProtocolServerSideTranslatorPB.internalProcessRequest(OzoneManagerProtocolServerSideTranslatorPB.java:159) ~[ozone-manager-2.1.0-SNAPSHOT.jar:?]
	at org.apache.hadoop.ozone.protocolPB.OzoneManagerProtocolServerSideTranslatorPB.processRequest(OzoneManagerProtocolServerSideTranslatorPB.java:125) ~[ozone-manager-2.1.0-SNAPSHOT.jar:?]
	at org.apache.hadoop.hdds.server.OzoneProtocolMessageDispatcher.processRequest(OzoneProtocolMessageDispatcher.java:87) ~[hdds-server-framework-2.1.0-SNAPSHOT.jar:?]
	at org.apache.hadoop.ozone.protocolPB.OzoneManagerProtocolServerSideTranslatorPB.submitRequest(OzoneManagerProtocolServerSideTranslatorPB.java:116) ~[ozone-manager-2.1.0-SNAPSHOT.jar:?]
	at org.apache.hadoop.ozone.protocol.proto.OzoneManagerProtocolProtos$OzoneManagerService$2.callBlockingMethod(OzoneManagerProtocolProtos.java) ~[ozone-interface-client-2.1.0-SNAPSHOT.jar:?]
	at org.apache.hadoop.ipc.ProtobufRpcEngine$Server.processCall(ProtobufRpcEngine.java:484) ~[hadoop-common-3.4.1.jar:?]
	at org.apache.hadoop.ipc.ProtobufRpcEngine2$Server$ProtoBufRpcInvoker.call(ProtobufRpcEngine2.java:595) ~[hadoop-common-3.4.1.jar:?]
	at org.apache.hadoop.ipc.ProtobufRpcEngine2$Server$ProtoBufRpcInvoker.call(ProtobufRpcEngine2.java:573) ~[hadoop-common-3.4.1.jar:?]
	at org.apache.hadoop.ipc.RPC$Server.call(RPC.java:1227) ~[hadoop-common-3.4.1.jar:?]
	at org.apache.hadoop.ipc.Server$RpcCall.run(Server.java:1246) ~[hadoop-common-3.4.1.jar:?]
	at org.apache.hadoop.ipc.Server$RpcCall.run(Server.java:1169) ~[hadoop-common-3.4.1.jar:?]
	at java.base/java.security.AccessController.doPrivileged(AccessController.java:714) [?:?]
	at java.base/javax.security.auth.Subject.doAs(Subject.java:525) [?:?]
	at org.apache.hadoop.security.UserGroupInformation.doAs(UserGroupInformation.java:1953) [hadoop-common-3.4.1.jar:?]
	at org.apache.hadoop.ipc.Server$Handler.run(Server.java:3198) [hadoop-common-3.4.1.jar:?]
2025-04-23 14:39:07,631 [main] INFO  om.OzoneManager (OzoneManager.java:stop(2347)) - omNode-3[localhost:15014]: Stopping Ozone Manager
2025-04-23 14:39:07,631 [main] INFO  om.OzoneManager (OzoneManager.java:stop(2347)) - omNode-1[localhost:15006]: Stopping Ozone Manager
2025-04-23 14:39:07,632 [main] INFO  ipc.Server (Server.java:stop(3697)) - Stopping server on 15006
2025-04-23 14:39:07,634 [IPC Server listener on 15006] INFO  ipc.Server (Server.java:run(1585)) - Stopping IPC Server listener on 15006
2025-04-23 14:39:07,634 [main] INFO  ratis.OzoneManagerRatisServer (OzoneManagerRatisServer.java:stop(634)) - Stopping org.apache.hadoop.ozone.om.ratis.OzoneManagerRatisServer@49c97427 at port 15009
2025-04-23 14:39:07,634 [main] INFO  server.RaftServer (RaftServerProxy.java:lambda$close$9(417)) - omNode-1: close
2025-04-23 14:39:07,634 [main] INFO  server.GrpcService (GrpcService.java:closeImpl(343)) - omNode-1: shutdown server GrpcServerProtocolService now
2025-04-23 14:39:07,634 [IPC Server Responder] INFO  ipc.Server (Server.java:run(1718)) - Stopping IPC Server Responder
2025-04-23 14:39:07,635 [omNode-1-impl-thread1] INFO  server.RaftServer$Division (RaftServerImpl.java:lambda$close$1(513)) - omNode-1@group-523986131536: shutdown
2025-04-23 14:39:07,635 [omNode-1-impl-thread1] INFO  util.JmxRegister (JmxRegister.java:unregister(74)) - Successfully un-registered JMX Bean with object name Ratis:service=RaftServer,group=group-523986131536,id=omNode-1
2025-04-23 14:39:07,635 [omNode-1-impl-thread1] INFO  impl.RoleInfo (RoleInfo.java:shutdownLeaderState(103)) - omNode-1: shutdown omNode-1@group-523986131536-LeaderStateImpl
2025-04-23 14:39:07,635 [omNode-1-impl-thread1] INFO  impl.PendingRequests (PendingRequests.java:sendNotLeaderResponses(287)) - omNode-1@group-523986131536-PendingRequests: sendNotLeaderResponses
2025-04-23 14:39:07,636 [omNode-1@group-523986131536->omNode-3-GrpcLogAppender-LogAppenderDaemon] WARN  server.GrpcLogAppender (GrpcLogAppender.java:mayWait(293)) - omNode-1@group-523986131536->omNode-3-GrpcLogAppender: Wait interrupted by java.lang.InterruptedException
2025-04-23 14:39:07,636 [Thread-5793] INFO  server.GrpcServerProtocolClient (GrpcServerProtocolClient.java:close(105)) - omNode-3 Close channels
2025-04-23 14:39:07,636 [omNode-1@group-523986131536->omNode-2-GrpcLogAppender-LogAppenderDaemon] WARN  server.GrpcLogAppender (GrpcLogAppender.java:mayWait(293)) - omNode-1@group-523986131536->omNode-2-GrpcLogAppender: Wait interrupted by java.lang.InterruptedException
2025-04-23 14:39:07,636 [Thread-5795] INFO  server.GrpcServerProtocolClient (GrpcServerProtocolClient.java:close(105)) - omNode-2 Close channels
2025-04-23 14:39:07,636 [omNode-1-impl-thread1] INFO  impl.StateMachineUpdater (StateMachineUpdater.java:stopAndJoin(164)) - omNode-1@group-523986131536-StateMachineUpdater: set stopIndex = 338
2025-04-23 14:39:07,636 [grpc-default-executor-7] INFO  server.GrpcServerProtocolService (GrpcServerProtocolService.java:onCompleted(157)) - omNode-2: Completed APPEND_ENTRIES, lastRequest: null
2025-04-23 14:39:07,636 [grpc-default-executor-8] INFO  server.GrpcServerProtocolService (GrpcServerProtocolService.java:onCompleted(157)) - omNode-2: Completed APPEND_ENTRIES, lastRequest: omNode-1->omNode-2#3-t16,previous=(t:16, i:337),leaderCommit=337,initializing? false,entries: size=1, first=(t:16, i:338), METADATAENTRY(c:337)
2025-04-23 14:39:07,637 [grpc-default-executor-8] INFO  server.GrpcServerProtocolService (GrpcServerProtocolService.java:lambda$onCompleted$5(159)) - omNode-2: Completed APPEND_ENTRIES, lastReply: null
2025-04-23 14:39:07,637 [grpc-default-executor-7] INFO  server.GrpcServerProtocolService (GrpcServerProtocolService.java:lambda$onCompleted$5(159)) - omNode-2: Completed APPEND_ENTRIES, lastReply: serverReply {
  requestorId: "omNode-1"
  replyId: "omNode-2"
  raftGroupId {
    id: "\311\274L\364;\303<`\246kR9\206\023\0256"
  }
  callId: 20
  success: true
}
term: 16
nextIndex: 339
followerCommit: 338
matchIndex: 18446744073709551615
isHearbeat: true

2025-04-23 14:39:07,637 [grpc-default-executor-7] INFO  server.GrpcLogAppender (GrpcLogAppender.java:onCompleted(550)) - omNode-1@group-523986131536->omNode-2-AppendLogResponseHandler: follower responses appendEntries COMPLETED
2025-04-23 14:39:07,637 [grpc-default-executor-7] WARN  server.GrpcLogAppender (GrpcLogAppender.java:resetClient(230)) - omNode-1@group-523986131536->omNode-2-GrpcLogAppender: Failed to getClient for omNode-2
org.apache.ratis.protocol.exceptions.AlreadyClosedException: omNode-1 is already CLOSED
	at org.apache.ratis.util.PeerProxyMap$PeerAndProxy.getProxy(PeerProxyMap.java:67)
	at org.apache.ratis.util.PeerProxyMap.getProxy(PeerProxyMap.java:124)
	at org.apache.ratis.grpc.server.GrpcLogAppender.getClient(GrpcLogAppender.java:200)
	at org.apache.ratis.grpc.server.GrpcLogAppender.resetClient(GrpcLogAppender.java:205)
	at org.apache.ratis.grpc.server.GrpcLogAppender.access$800(GrpcLogAppender.java:64)
	at org.apache.ratis.grpc.server.GrpcLogAppender$AppendLogResponseHandler.onCompleted(GrpcLogAppender.java:551)
	at org.apache.ratis.thirdparty.io.grpc.stub.ClientCalls$StreamObserverToCallListenerAdapter.onClose(ClientCalls.java:479)
	at org.apache.ratis.thirdparty.io.grpc.internal.ClientCallImpl.closeObserver(ClientCallImpl.java:567)
	at org.apache.ratis.thirdparty.io.grpc.internal.ClientCallImpl.access$300(ClientCallImpl.java:71)
	at org.apache.ratis.thirdparty.io.grpc.internal.ClientCallImpl$ClientStreamListenerImpl$1StreamClosed.runInternal(ClientCallImpl.java:735)
	at org.apache.ratis.thirdparty.io.grpc.internal.ClientCallImpl$ClientStreamListenerImpl$1StreamClosed.runInContext(ClientCallImpl.java:716)
	at org.apache.ratis.thirdparty.io.grpc.internal.ContextRunnable.run(ContextRunnable.java:37)
	at org.apache.ratis.thirdparty.io.grpc.internal.SerializingExecutor.run(SerializingExecutor.java:133)
	at java.base/java.util.concurrent.ThreadPoolExecutor.runWorker(ThreadPoolExecutor.java:1144)
	at java.base/java.util.concurrent.ThreadPoolExecutor$Worker.run(ThreadPoolExecutor.java:642)
	at java.base/java.lang.Thread.run(Thread.java:1583)
2025-04-23 14:39:07,638 [grpc-default-executor-2] INFO  server.GrpcLogAppender (GrpcLogAppender.java:onCompleted(550)) - omNode-1@group-523986131536->omNode-2-AppendLogResponseHandler: follower responses appendEntries COMPLETED
2025-04-23 14:39:07,638 [grpc-default-executor-2] WARN  server.GrpcLogAppender (GrpcLogAppender.java:resetClient(230)) - omNode-1@group-523986131536->omNode-2-GrpcLogAppender: Failed to getClient for omNode-2
org.apache.ratis.protocol.exceptions.AlreadyClosedException: omNode-1 is already CLOSED
	at org.apache.ratis.util.PeerProxyMap$PeerAndProxy.getProxy(PeerProxyMap.java:67)
	at org.apache.ratis.util.PeerProxyMap.getProxy(PeerProxyMap.java:124)
	at org.apache.ratis.grpc.server.GrpcLogAppender.getClient(GrpcLogAppender.java:200)
	at org.apache.ratis.grpc.server.GrpcLogAppender.resetClient(GrpcLogAppender.java:205)
	at org.apache.ratis.grpc.server.GrpcLogAppender.access$800(GrpcLogAppender.java:64)
	at org.apache.ratis.grpc.server.GrpcLogAppender$AppendLogResponseHandler.onCompleted(GrpcLogAppender.java:551)
	at org.apache.ratis.thirdparty.io.grpc.stub.ClientCalls$StreamObserverToCallListenerAdapter.onClose(ClientCalls.java:479)
	at org.apache.ratis.thirdparty.io.grpc.internal.DelayedClientCall$DelayedListener$3.run(DelayedClientCall.java:489)
	at org.apache.ratis.thirdparty.io.grpc.internal.DelayedClientCall$DelayedListener.delayOrExecute(DelayedClientCall.java:453)
	at org.apache.ratis.thirdparty.io.grpc.internal.DelayedClientCall$DelayedListener.onClose(DelayedClientCall.java:486)
	at org.apache.ratis.thirdparty.io.grpc.internal.ClientCallImpl.closeObserver(ClientCallImpl.java:567)
	at org.apache.ratis.thirdparty.io.grpc.internal.ClientCallImpl.access$300(ClientCallImpl.java:71)
	at org.apache.ratis.thirdparty.io.grpc.internal.ClientCallImpl$ClientStreamListenerImpl$1StreamClosed.runInternal(ClientCallImpl.java:735)
	at org.apache.ratis.thirdparty.io.grpc.internal.ClientCallImpl$ClientStreamListenerImpl$1StreamClosed.runInContext(ClientCallImpl.java:716)
	at org.apache.ratis.thirdparty.io.grpc.internal.ContextRunnable.run(ContextRunnable.java:37)
	at org.apache.ratis.thirdparty.io.grpc.internal.SerializingExecutor.run(SerializingExecutor.java:133)
	at java.base/java.util.concurrent.ThreadPoolExecutor.runWorker(ThreadPoolExecutor.java:1144)
	at java.base/java.util.concurrent.ThreadPoolExecutor$Worker.run(ThreadPoolExecutor.java:642)
	at java.base/java.lang.Thread.run(Thread.java:1583)
2025-04-23 14:39:07,638 [main] INFO  server.GrpcService (GrpcService.java:closeImpl(352)) - omNode-1: shutdown server GrpcServerProtocolService successfully
2025-04-23 14:39:07,660 [Thread-5877] WARN  rocksdiff.RocksDBCheckpointDiffer (RocksDBCheckpointDiffer.java:lambda$onCompactionCompleted$0(492)) - Input file not found in inflightCompactionsMap : /home/runner/work/ozone/ozone/hadoop-ozone/integration-test/target/test-dir/MiniOzoneClusterImpl-68853c07-42d2-4ef8-9e75-e3a852294e6a/omNode-1/om.db/000071.sst which should have been added on compactionBeginListener.
2025-04-23 14:39:07,660 [Thread-5877] WARN  rocksdiff.RocksDBCheckpointDiffer (RocksDBCheckpointDiffer.java:lambda$onCompactionCompleted$0(492)) - Input file not found in inflightCompactionsMap : /home/runner/work/ozone/ozone/hadoop-ozone/integration-test/target/test-dir/MiniOzoneClusterImpl-68853c07-42d2-4ef8-9e75-e3a852294e6a/omNode-1/om.db/000091.sst which should have been added on compactionBeginListener.
2025-04-23 14:39:07,660 [Thread-5877] WARN  rocksdiff.RocksDBCheckpointDiffer (RocksDBCheckpointDiffer.java:lambda$onCompactionCompleted$0(492)) - Input file not found in inflightCompactionsMap : /home/runner/work/ozone/ozone/hadoop-ozone/integration-test/target/test-dir/MiniOzoneClusterImpl-68853c07-42d2-4ef8-9e75-e3a852294e6a/omNode-1/om.db/000058.sst which should have been added on compactionBeginListener.
2025-04-23 14:39:07,660 [Thread-5877] WARN  rocksdiff.RocksDBCheckpointDiffer (RocksDBCheckpointDiffer.java:lambda$onCompactionCompleted$0(492)) - Input file not found in inflightCompactionsMap : /home/runner/work/ozone/ozone/hadoop-ozone/integration-test/target/test-dir/MiniOzoneClusterImpl-68853c07-42d2-4ef8-9e75-e3a852294e6a/omNode-1/om.db/000175.sst which should have been added on compactionBeginListener.
2025-04-23 14:39:07,660 [omNode-1@group-523986131536-StateMachineUpdater] INFO  ratis.OzoneManagerStateMachine (OzoneManagerStateMachine.java:takeSnapshotImpl(510)) - omNode-1: taking snapshot. applied = (t:16, i:338), skipped = 335, notified = (t:16, i:338), current snapshot index = (t:16, i:338), took 23 ms
2025-04-23 14:39:07,660 [omNode-1@group-523986131536-StateMachineUpdater] INFO  impl.StateMachineUpdater (StateMachineUpdater.java:takeSnapshot(303)) - omNode-1@group-523986131536-StateMachineUpdater: Took a snapshot at index 338
2025-04-23 14:39:07,660 [omNode-1@group-523986131536-StateMachineUpdater] INFO  impl.StateMachineUpdater (StateMachineUpdater.java:lambda$new$0(102)) - omNode-1@group-523986131536-StateMachineUpdater: snapshotIndex: updateIncreasingly 312 -> 338
2025-04-23 14:39:07,660 [omNode-1@group-523986131536-StateMachineUpdater] INFO  impl.StateMachineUpdater (StateMachineUpdater.java:stop(141)) - omNode-1@group-523986131536-StateMachineUpdater: closing OzoneManagerStateMachine, lastApplied=(t:16, i:338)
2025-04-23 14:39:07,660 [omNode-1@group-523986131536-StateMachineUpdater] INFO  ratis.OzoneManagerStateMachine (OzoneManagerStateMachine.java:close(550)) - Stopping OzoneManagerStateMachine:omNode-1:group-523986131536.
2025-04-23 14:39:07,660 [omNode-1@group-523986131536-StateMachineUpdater] INFO  ratis.OzoneManagerDoubleBuffer (OzoneManagerDoubleBuffer.java:stopDaemon(500)) - Stopping OMDoubleBuffer flush thread
2025-04-23 14:39:07,661 [omNode-1-OMDoubleBufferFlushThread] INFO  ratis.OzoneManagerDoubleBuffer (OzoneManagerDoubleBuffer.java:canFlush(559)) - OMDoubleBuffer flush thread omNode-1-OMDoubleBufferFlushThread is interrupted and will exit.
2025-04-23 14:39:07,661 [omNode-1@group-523986131536-cacheEviction-AwaitToRun] INFO  util.AwaitToRun (AwaitToRun.java:run(49)) - omNode-1@group-523986131536-cacheEviction-AwaitToRun-AwaitForSignal is interrupted
2025-04-23 14:39:08,606 [omNode-1-impl-thread1] INFO  segmented.SegmentedRaftLogWorker (SegmentedRaftLogWorker.java:close(252)) - omNode-1@group-523986131536-SegmentedRaftLogWorker close()
2025-04-23 14:39:08,606 [JvmPauseMonitor33] INFO  util.JvmPauseMonitor (JvmPauseMonitor.java:run(152)) - JvmPauseMonitor-omNode-1: Stopped
2025-04-23 14:39:08,606 [main] INFO  utils.BackgroundService (BackgroundService.java:shutdown(161)) - Shutting down service KeyDeletingService
2025-04-23 14:39:08,607 [main] INFO  utils.BackgroundService (BackgroundService.java:shutdown(161)) - Shutting down service DirectoryDeletingService
2025-04-23 14:39:08,608 [main] INFO  utils.BackgroundService (BackgroundService.java:shutdown(161)) - Shutting down service OpenKeyCleanupService
2025-04-23 14:39:08,608 [main] INFO  utils.BackgroundService (BackgroundService.java:shutdown(161)) - Shutting down service SstFilteringService
2025-04-23 14:39:08,609 [main] INFO  utils.BackgroundService (BackgroundService.java:shutdown(161)) - Shutting down service SnapshotDeletingService
2025-04-23 14:39:08,609 [main] INFO  utils.BackgroundService (BackgroundService.java:shutdown(161)) - Shutting down service MultipartUploadCleanupService
2025-04-23 14:39:08,609 [main] INFO  handler.ContextHandler (ContextHandler.java:doStop(1159)) - Stopped o.e.j.w.WebAppContext@10ae2b1e{ozoneManager,/,null,STOPPED}{file:/home/runner/work/ozone/ozone/hadoop-ozone/integration-test/target/test-classes/webapps/ozoneManager}
2025-04-23 14:39:08,610 [main] INFO  server.AbstractConnector (AbstractConnector.java:doStop(383)) - Stopped ServerConnector@49385f8{HTTP/1.1, (http/1.1)}{0.0.0.0:15007}
2025-04-23 14:39:08,610 [main] INFO  server.session (HouseKeeper.java:stopScavenging(149)) - node0 Stopped scavenging
2025-04-23 14:39:08,610 [main] INFO  handler.ContextHandler (ContextHandler.java:doStop(1159)) - Stopped o.e.j.s.ServletContextHandler@396b2e09{static,/static,file:///home/runner/work/ozone/ozone/hadoop-ozone/integration-test/target/test-classes/webapps/static,STOPPED}
2025-04-23 14:39:08,610 [main] INFO  handler.ContextHandler (ContextHandler.java:doStop(1159)) - Stopped o.e.j.s.ServletContextHandler@19586bf2{logs,/logs,file:///home/runner/work/ozone/ozone/hadoop-ozone/integration-test/target/log,STOPPED}
2025-04-23 14:39:08,611 [main] INFO  rocksdiff.RocksDBCheckpointDiffer (RocksDBCheckpointDiffer.java:close(304)) - Shutting down CompactionDagPruningService.
2025-04-23 14:39:08,612 [main] INFO  snapshot.SnapshotDiffManager (SnapshotDiffManager.java:closeExecutorService(1698)) - Shutting down executorService: 'SnapDiffExecutor'
2025-04-23 14:39:08,613 [main] INFO  utils.BackgroundService (BackgroundService.java:shutdown(161)) - Shutting down service SnapshotDiffCleanupService
2025-04-23 14:39:08,613 [main] INFO  om.OzoneManager (OzoneManager.java:stop(2347)) - omNode-2[localhost:15010]: Stopping Ozone Manager
2025-04-23 14:39:08,614 [main] INFO  ipc.Server (Server.java:stop(3697)) - Stopping server on 15010
2025-04-23 14:39:08,615 [IPC Server listener on 15010] INFO  ipc.Server (Server.java:run(1585)) - Stopping IPC Server listener on 15010
2025-04-23 14:39:08,615 [main] INFO  ratis.OzoneManagerRatisServer (OzoneManagerRatisServer.java:stop(634)) - Stopping org.apache.hadoop.ozone.om.ratis.OzoneManagerRatisServer@19b7140b at port 15013
2025-04-23 14:39:08,615 [main] INFO  server.RaftServer (RaftServerProxy.java:lambda$close$9(417)) - omNode-2: close
2025-04-23 14:39:08,615 [IPC Server Responder] INFO  ipc.Server (Server.java:run(1718)) - Stopping IPC Server Responder
2025-04-23 14:39:08,615 [main] INFO  server.GrpcService (GrpcService.java:closeImpl(343)) - omNode-2: shutdown server GrpcServerProtocolService now
2025-04-23 14:39:08,615 [omNode-2-impl-thread1] INFO  server.RaftServer$Division (RaftServerImpl.java:lambda$close$1(513)) - omNode-2@group-523986131536: shutdown
2025-04-23 14:39:08,616 [omNode-2-impl-thread1] INFO  util.JmxRegister (JmxRegister.java:unregister(74)) - Successfully un-registered JMX Bean with object name Ratis:service=RaftServer,group=group-523986131536,id=omNode-2
2025-04-23 14:39:08,616 [omNode-2-impl-thread1] INFO  impl.RoleInfo (RoleInfo.java:shutdownFollowerState(121)) - omNode-2: shutdown omNode-2@group-523986131536-FollowerState
2025-04-23 14:39:08,616 [omNode-2-impl-thread1] INFO  impl.StateMachineUpdater (StateMachineUpdater.java:stopAndJoin(164)) - omNode-2@group-523986131536-StateMachineUpdater: set stopIndex = 338
2025-04-23 14:39:08,616 [omNode-2@group-523986131536-FollowerState] INFO  impl.FollowerState (FollowerState.java:runImpl(170)) - omNode-2@group-523986131536-FollowerState was interrupted
2025-04-23 14:39:08,617 [main] INFO  server.GrpcService (GrpcService.java:closeImpl(352)) - omNode-2: shutdown server GrpcServerProtocolService successfully
2025-04-23 14:39:08,637 [omNode-2@group-523986131536-StateMachineUpdater] INFO  ratis.OzoneManagerStateMachine (OzoneManagerStateMachine.java:takeSnapshotImpl(510)) - omNode-2: taking snapshot. applied = (t:16, i:338), skipped = 335, notified = (t:16, i:338), current snapshot index = (t:16, i:338), took 21 ms
2025-04-23 14:39:08,637 [omNode-2@group-523986131536-StateMachineUpdater] INFO  impl.StateMachineUpdater (StateMachineUpdater.java:takeSnapshot(303)) - omNode-2@group-523986131536-StateMachineUpdater: Took a snapshot at index 338
2025-04-23 14:39:08,637 [omNode-2@group-523986131536-StateMachineUpdater] INFO  impl.StateMachineUpdater (StateMachineUpdater.java:lambda$new$0(102)) - omNode-2@group-523986131536-StateMachineUpdater: snapshotIndex: updateIncreasingly 324 -> 338
2025-04-23 14:39:08,637 [omNode-2@group-523986131536-StateMachineUpdater] INFO  impl.StateMachineUpdater (StateMachineUpdater.java:stop(141)) - omNode-2@group-523986131536-StateMachineUpdater: closing OzoneManagerStateMachine, lastApplied=(t:16, i:338)
2025-04-23 14:39:08,637 [omNode-2@group-523986131536-StateMachineUpdater] INFO  ratis.OzoneManagerStateMachine (OzoneManagerStateMachine.java:close(550)) - Stopping OzoneManagerStateMachine:omNode-2:group-523986131536.
2025-04-23 14:39:08,637 [omNode-2@group-523986131536-StateMachineUpdater] INFO  ratis.OzoneManagerDoubleBuffer (OzoneManagerDoubleBuffer.java:stopDaemon(500)) - Stopping OMDoubleBuffer flush thread
2025-04-23 14:39:08,637 [omNode-2-OMDoubleBufferFlushThread] INFO  ratis.OzoneManagerDoubleBuffer (OzoneManagerDoubleBuffer.java:canFlush(559)) - OMDoubleBuffer flush thread omNode-2-OMDoubleBufferFlushThread is interrupted and will exit.
2025-04-23 14:39:08,637 [Thread-5974] WARN  rocksdiff.RocksDBCheckpointDiffer (RocksDBCheckpointDiffer.java:lambda$onCompactionCompleted$0(492)) - Input file not found in inflightCompactionsMap : /home/runner/work/ozone/ozone/hadoop-ozone/integration-test/target/test-dir/MiniOzoneClusterImpl-68853c07-42d2-4ef8-9e75-e3a852294e6a/omNode-2/om.db/000161.sst which should have been added on compactionBeginListener.
2025-04-23 14:39:08,637 [Thread-5974] WARN  rocksdiff.RocksDBCheckpointDiffer (RocksDBCheckpointDiffer.java:lambda$onCompactionCompleted$0(492)) - Input file not found in inflightCompactionsMap : /home/runner/work/ozone/ozone/hadoop-ozone/integration-test/target/test-dir/MiniOzoneClusterImpl-68853c07-42d2-4ef8-9e75-e3a852294e6a/omNode-2/om.db/000175.sst which should have been added on compactionBeginListener.
2025-04-23 14:39:08,637 [Thread-5974] WARN  rocksdiff.RocksDBCheckpointDiffer (RocksDBCheckpointDiffer.java:lambda$onCompactionCompleted$0(492)) - Input file not found in inflightCompactionsMap : /home/runner/work/ozone/ozone/hadoop-ozone/integration-test/target/test-dir/MiniOzoneClusterImpl-68853c07-42d2-4ef8-9e75-e3a852294e6a/omNode-2/om.db/000083.sst which should have been added on compactionBeginListener.
2025-04-23 14:39:08,637 [Thread-5974] WARN  rocksdiff.RocksDBCheckpointDiffer (RocksDBCheckpointDiffer.java:lambda$onCompactionCompleted$0(492)) - Input file not found in inflightCompactionsMap : /home/runner/work/ozone/ozone/hadoop-ozone/integration-test/target/test-dir/MiniOzoneClusterImpl-68853c07-42d2-4ef8-9e75-e3a852294e6a/omNode-2/om.db/000058.sst which should have been added on compactionBeginListener.
2025-04-23 14:39:08,637 [omNode-2@group-523986131536-cacheEviction-AwaitToRun] INFO  util.AwaitToRun (AwaitToRun.java:run(49)) - omNode-2@group-523986131536-cacheEviction-AwaitToRun-AwaitForSignal is interrupted
2025-04-23 14:39:09,606 [omNode-2-impl-thread1] INFO  segmented.SegmentedRaftLogWorker (SegmentedRaftLogWorker.java:close(252)) - omNode-2@group-523986131536-SegmentedRaftLogWorker close()
2025-04-23 14:39:09,607 [JvmPauseMonitor34] INFO  util.JvmPauseMonitor (JvmPauseMonitor.java:run(152)) - JvmPauseMonitor-omNode-2: Stopped
2025-04-23 14:39:09,607 [main] INFO  utils.BackgroundService (BackgroundService.java:shutdown(161)) - Shutting down service KeyDeletingService
2025-04-23 14:39:09,607 [main] INFO  utils.BackgroundService (BackgroundService.java:shutdown(161)) - Shutting down service DirectoryDeletingService
2025-04-23 14:39:09,608 [main] INFO  utils.BackgroundService (BackgroundService.java:shutdown(161)) - Shutting down service OpenKeyCleanupService
2025-04-23 14:39:09,609 [main] INFO  utils.BackgroundService (BackgroundService.java:shutdown(161)) - Shutting down service SstFilteringService
2025-04-23 14:39:09,609 [main] INFO  utils.BackgroundService (BackgroundService.java:shutdown(161)) - Shutting down service SnapshotDeletingService
2025-04-23 14:39:09,609 [main] INFO  utils.BackgroundService (BackgroundService.java:shutdown(161)) - Shutting down service MultipartUploadCleanupService
2025-04-23 14:39:09,610 [main] INFO  handler.ContextHandler (ContextHandler.java:doStop(1159)) - Stopped o.e.j.w.WebAppContext@2fad156c{ozoneManager,/,null,STOPPED}{file:/home/runner/work/ozone/ozone/hadoop-ozone/integration-test/target/test-classes/webapps/ozoneManager}
2025-04-23 14:39:09,610 [main] INFO  server.AbstractConnector (AbstractConnector.java:doStop(383)) - Stopped ServerConnector@332c81d2{HTTP/1.1, (http/1.1)}{0.0.0.0:15011}
2025-04-23 14:39:09,610 [main] INFO  server.session (HouseKeeper.java:stopScavenging(149)) - node0 Stopped scavenging
2025-04-23 14:39:09,610 [main] INFO  handler.ContextHandler (ContextHandler.java:doStop(1159)) - Stopped o.e.j.s.ServletContextHandler@7612277c{static,/static,file:///home/runner/work/ozone/ozone/hadoop-ozone/integration-test/target/test-classes/webapps/static,STOPPED}
2025-04-23 14:39:09,611 [main] INFO  handler.ContextHandler (ContextHandler.java:doStop(1159)) - Stopped o.e.j.s.ServletContextHandler@11a4a185{logs,/logs,file:///home/runner/work/ozone/ozone/hadoop-ozone/integration-test/target/log,STOPPED}
2025-04-23 14:39:09,611 [main] INFO  rocksdiff.RocksDBCheckpointDiffer (RocksDBCheckpointDiffer.java:close(304)) - Shutting down CompactionDagPruningService.
2025-04-23 14:39:09,612 [main] INFO  snapshot.SnapshotDiffManager (SnapshotDiffManager.java:closeExecutorService(1698)) - Shutting down executorService: 'SnapDiffExecutor'
2025-04-23 14:39:09,613 [main] INFO  utils.BackgroundService (BackgroundService.java:shutdown(161)) - Shutting down service SnapshotDiffCleanupService
2025-04-23 14:39:09,613 [main] INFO  om.OzoneManager (OzoneManager.java:restart(1878)) - OzoneManager RPC server is listening at localhost/127.0.0.1:15014
2025-04-23 14:39:09,613 [main] INFO  impl.MetricsSystemImpl (MetricsSystemImpl.java:init(158)) - OzoneManager metrics system started (again)
2025-04-23 14:39:09,624 [main] WARN  server.ServerUtils (ServerUtils.java:getDBPath(297)) - ozone.om.db.dirs is not configured. We recommend adding this setting. Falling back to ozone.metadata.dirs instead.
2025-04-23 14:39:09,664 [main] INFO  om.OzoneManager (OzoneManager.java:instantiateServices(933)) - S3 Multi-Tenancy is disabled
2025-04-23 14:39:09,664 [main] INFO  om.OmSnapshotManager (OmSnapshotManager.java:<init>(180)) - Ozone filesystem snapshot feature is enabled.
2025-04-23 14:39:09,665 [main] WARN  server.ServerUtils (ServerUtils.java:getDBPath(297)) - ozone.om.snapshot.diff.db.dir is not configured. We recommend adding this setting. Falling back to ozone.metadata.dirs instead.
2025-04-23 14:39:09,680 [main] WARN  server.ServerUtils (ServerUtils.java:getDefaultRatisDirectory(309)) - Storage directory for Ratis is not configured. It is a good idea to map this to an SSD disk. Falling back to ozone.metadata.dirs
2025-04-23 14:39:09,681 [main] INFO  server.RaftServerConfigKeys (ConfUtils.java:logGet(46)) - raft.server.log.appender.buffer.byte-limit = 4194304 (custom)
2025-04-23 14:39:09,681 [main] INFO  ratis.OzoneManagerRatisServer (OzoneManagerRatisServer.java:<init>(167)) - Instantiating OM Ratis server with groupID: om-service-test1 and peers: localhost:15017, localhost:15009, localhost:15013
2025-04-23 14:39:09,681 [main] INFO  ratis.OzoneManagerStateMachine (OzoneManagerStateMachine.java:loadSnapshotInfoFromDB(611)) - LastAppliedIndex is set from TransactionInfo from OM DB as (t:15, i:336)
2025-04-23 14:39:09,682 [main] INFO  server.RaftServer (ConfUtils.java:logGet(46)) - raft.rpc.type = GRPC (default)
2025-04-23 14:39:09,682 [main] INFO  grpc.GrpcConfigKeys (ConfUtils.java:logFallback(53)) - raft.grpc.admin.host = null (fallback to raft.grpc.server.host)
2025-04-23 14:39:09,682 [main] INFO  grpc.GrpcConfigKeys (ConfUtils.java:logFallback(53)) - raft.grpc.admin.port = 15017 (fallback to raft.grpc.server.port)
2025-04-23 14:39:09,682 [main] INFO  grpc.GrpcConfigKeys (ConfUtils.java:logFallback(53)) - raft.grpc.client.host = null (fallback to raft.grpc.server.host)
2025-04-23 14:39:09,682 [main] INFO  grpc.GrpcConfigKeys (ConfUtils.java:logFallback(53)) - raft.grpc.client.port = 15017 (fallback to raft.grpc.server.port)
2025-04-23 14:39:09,682 [main] INFO  grpc.GrpcConfigKeys (ConfUtils.java:logGet(46)) - raft.grpc.server.host = null (default)
2025-04-23 14:39:09,682 [main] INFO  grpc.GrpcConfigKeys (ConfUtils.java:logGet(46)) - raft.grpc.server.port = 15017 (custom)
2025-04-23 14:39:09,682 [main] INFO  server.GrpcService (ConfUtils.java:logGet(46)) - raft.grpc.message.size.max = 5242880 (custom)
2025-04-23 14:39:09,682 [main] INFO  server.GrpcService (ConfUtils.java:logGet(46)) - raft.grpc.flow.control.window = 1MB (=1048576) (default)
2025-04-23 14:39:09,682 [main] INFO  server.RaftServerConfigKeys (ConfUtils.java:logGet(46)) - raft.server.rpc.request.timeout = 3000ms (default)
2025-04-23 14:39:09,682 [main] INFO  grpc.GrpcConfigKeys (ConfUtils.java:logGet(46)) - raft.grpc.server.heartbeat.channel = true (default)
2025-04-23 14:39:09,683 [main] INFO  server.RaftServerConfigKeys (ConfUtils.java:logGet(46)) - raft.server.log.appender.buffer.byte-limit = 4194304 (custom)
2025-04-23 14:39:09,683 [main] INFO  grpc.GrpcConfigKeys (ConfUtils.java:logGet(46)) - raft.grpc.server.async.request.thread.pool.cached = true (default)
2025-04-23 14:39:09,683 [main] INFO  grpc.GrpcConfigKeys (ConfUtils.java:logGet(46)) - raft.grpc.server.async.request.thread.pool.size = 32 (default)
2025-04-23 14:39:09,683 [main] INFO  impl.DataStreamServerImpl (ConfUtils.java:logGet(46)) - raft.datastream.type = DISABLED (default)
2025-04-23 14:39:09,684 [main] INFO  server.RaftServerConfigKeys (ConfUtils.java:logGet(46)) - raft.server.sleep.deviation.threshold = 300ms (default)
2025-04-23 14:39:09,684 [main] INFO  server.RaftServerConfigKeys (ConfUtils.java:logGet(46)) - raft.server.close.threshold = 60s (default)
2025-04-23 14:39:09,684 [main] INFO  server.RaftServerConfigKeys (ConfUtils.java:logGet(46)) - raft.server.leaderelection.leader.step-down.wait-time = 10s (default)
2025-04-23 14:39:09,684 [main] INFO  server.RaftServerConfigKeys (ConfUtils.java:logGet(46)) - raft.server.storage.dir = [/home/runner/work/ozone/ozone/hadoop-ozone/integration-test/target/test-dir/MiniOzoneClusterImpl-68853c07-42d2-4ef8-9e75-e3a852294e6a/omNode-3/ratis] (custom)
2025-04-23 14:39:09,684 [main] INFO  server.RaftServerConfigKeys (ConfUtils.java:logGet(46)) - raft.server.threadpool.proxy.cached = true (default)
2025-04-23 14:39:09,684 [main] INFO  server.RaftServerConfigKeys (ConfUtils.java:logGet(46)) - raft.server.threadpool.proxy.size = 0 (default)
2025-04-23 14:39:09,685 [omNode-3-impl-thread1] INFO  server.RaftServer (RaftServerProxy.java:initGroupDir(265)) - omNode-3: found a subdirectory /home/runner/work/ozone/ozone/hadoop-ozone/integration-test/target/test-dir/MiniOzoneClusterImpl-68853c07-42d2-4ef8-9e75-e3a852294e6a/omNode-3/ratis/c9bc4cf4-3bc3-3c60-a66b-523986131536
2025-04-23 14:39:09,685 [main] INFO  server.RaftServer (RaftServerProxy.java:addNew(100)) - omNode-3: addNew group-523986131536:[omNode-3|localhost:15017, omNode-1|localhost:15009, omNode-2|localhost:15013] returns group-523986131536:java.util.concurrent.CompletableFuture@31b88b46[Not completed]
2025-04-23 14:39:09,685 [main] INFO  om.OzoneManager (OzoneManager.java:initializeRatisServer(2303)) - OzoneManager Ratis server initialized at port 15017
2025-04-23 14:39:09,685 [main] INFO  ratis.OzoneManagerRatisServer (OzoneManagerRatisServer.java:start(628)) - Starting OzoneManagerRatisServer omNode-3 at port 15017
2025-04-23 14:39:09,685 [omNode-3-groupManagement] INFO  server.RaftServer$Division (RaftServerImpl.java:<init>(255)) - omNode-3: new RaftServerImpl for group-523986131536:[omNode-3|localhost:15017, omNode-1|localhost:15009, omNode-2|localhost:15013] with OzoneManagerStateMachine:uninitialized
2025-04-23 14:39:09,685 [omNode-3-groupManagement] INFO  server.RaftServerConfigKeys (ConfUtils.java:logGet(46)) - raft.server.rpc.timeout.min = 1s (custom)
2025-04-23 14:39:09,685 [omNode-3-groupManagement] INFO  server.RaftServerConfigKeys (ConfUtils.java:logGet(46)) - raft.server.rpc.timeout.max = 1200ms (custom)
2025-04-23 14:39:09,685 [omNode-3-groupManagement] INFO  server.RaftServerConfigKeys (ConfUtils.java:logGet(46)) - raft.server.rpc.sleep.time = 25ms (default)
2025-04-23 14:39:09,685 [omNode-3-groupManagement] INFO  server.RaftServerConfigKeys (ConfUtils.java:logGet(46)) - raft.server.rpc.slowness.timeout = 2s (custom)
2025-04-23 14:39:09,685 [omNode-3-groupManagement] INFO  server.RaftServerConfigKeys (ConfUtils.java:logGet(46)) - raft.server.leaderelection.leader.step-down.wait-time = 10s (default)
2025-04-23 14:39:09,685 [omNode-3-groupManagement] INFO  server.RaftServerConfigKeys (ConfUtils.java:logGet(46)) - raft.server.leaderelection.member.majority-add = false (default)
2025-04-23 14:39:09,685 [omNode-3-groupManagement] INFO  server.RaftServerConfigKeys (ConfUtils.java:logGet(46)) - raft.server.sleep.deviation.threshold = 300ms (default)
2025-04-23 14:39:09,686 [omNode-3-groupManagement] INFO  server.RaftServer$Division (ServerState.java:<init>(114)) - omNode-3@group-523986131536: ConfigurationManager, init=conf: {index: -1, cur=peers:[omNode-3|localhost:15017, omNode-1|localhost:15009, omNode-2|localhost:15013]|listeners:[], old=null}, confs=<EMPTY_MAP>
2025-04-23 14:39:09,686 [omNode-3-groupManagement] INFO  server.RaftServerConfigKeys (ConfUtils.java:logGet(46)) - raft.server.notification.no-leader.timeout = 2s (custom)
2025-04-23 14:39:09,686 [omNode-3-groupManagement] INFO  server.RaftServerConfigKeys (ConfUtils.java:logGet(46)) - raft.server.read.timeout = 10s (default)
2025-04-23 14:39:09,686 [omNode-3-groupManagement] INFO  server.RaftServerConfigKeys (ConfUtils.java:logGet(46)) - raft.server.retrycache.expirytime = 30000ms (custom)
2025-04-23 14:39:09,686 [omNode-3-groupManagement] INFO  server.RaftServerConfigKeys (ConfUtils.java:logGet(46)) - raft.server.retrycache.statistics.expirytime = 100ms (default)
2025-04-23 14:39:09,686 [omNode-3-groupManagement] INFO  server.RaftServerConfigKeys (ConfUtils.java:logGet(46)) - raft.server.read.option = DEFAULT (default)
2025-04-23 14:39:09,686 [omNode-3-groupManagement] INFO  server.RaftServerConfigKeys (ConfUtils.java:logGet(46)) - raft.server.read.read-after-write-consistent.write-index-cache.expiry-time = 60s (default)
2025-04-23 14:39:09,687 [omNode-3-groupManagement] INFO  server.RaftServerConfigKeys (ConfUtils.java:logGet(46)) - raft.server.rpc.request.timeout = 3000ms (default)
2025-04-23 14:39:09,687 [omNode-3-groupManagement] INFO  server.RaftServerConfigKeys (ConfUtils.java:logGet(46)) - raft.server.log.appender.install.snapshot.enabled = false (custom)
2025-04-23 14:39:09,687 [omNode-3-groupManagement] INFO  server.RaftServerConfigKeys (ConfUtils.java:logGet(46)) - raft.server.threadpool.server.cached = true (default)
2025-04-23 14:39:09,687 [omNode-3-groupManagement] INFO  server.RaftServerConfigKeys (ConfUtils.java:logGet(46)) - raft.server.threadpool.server.size = 0 (default)
2025-04-23 14:39:09,687 [omNode-3-groupManagement] INFO  server.RaftServerConfigKeys (ConfUtils.java:logGet(46)) - raft.server.threadpool.client.cached = true (default)
2025-04-23 14:39:09,687 [omNode-3-groupManagement] INFO  server.RaftServerConfigKeys (ConfUtils.java:logGet(46)) - raft.server.threadpool.client.size = 0 (default)
2025-04-23 14:39:09,687 [omNode-3-impl-thread1] INFO  server.RaftServerConfigKeys (ConfUtils.java:logGet(46)) - raft.server.storage.free-space.min = 0MB (=0) (default)
2025-04-23 14:39:09,687 [omNode-3-impl-thread1] INFO  server.RaftServerConfigKeys (ConfUtils.java:logGet(46)) - raft.server.log.corruption.policy = EXCEPTION (default)
2025-04-23 14:39:09,687 [omNode-3-impl-thread1] INFO  server.RaftServerConfigKeys (ConfUtils.java:logGet(46)) - raft.server.storage.dir = [/home/runner/work/ozone/ozone/hadoop-ozone/integration-test/target/test-dir/MiniOzoneClusterImpl-68853c07-42d2-4ef8-9e75-e3a852294e6a/omNode-3/ratis] (custom)
2025-04-23 14:39:09,688 [omNode-3-impl-thread1] INFO  storage.RaftStorageDirectory (RaftStorageDirectoryImpl.java:tryLock(229)) - Lock on /home/runner/work/ozone/ozone/hadoop-ozone/integration-test/target/test-dir/MiniOzoneClusterImpl-68853c07-42d2-4ef8-9e75-e3a852294e6a/omNode-3/ratis/c9bc4cf4-3bc3-3c60-a66b-523986131536/in_use.lock acquired by nodename 129558@fv-az1120-822
2025-04-23 14:39:09,689 [omNode-3-impl-thread1] INFO  storage.RaftStorage (RaftStorageImpl.java:analyzeAndRecoverStorage(118)) - Read RaftStorageMetadata{term=16, votedFor=omNode-1} from /home/runner/work/ozone/ozone/hadoop-ozone/integration-test/target/test-dir/MiniOzoneClusterImpl-68853c07-42d2-4ef8-9e75-e3a852294e6a/omNode-3/ratis/c9bc4cf4-3bc3-3c60-a66b-523986131536/current/raft-meta
2025-04-23 14:39:09,689 [omNode-3-impl-thread1] INFO  server.RaftServer$Division (ServerState.java:setRaftConf(386)) - omNode-3@group-523986131536: set configuration conf: {index: 325, cur=peers:[omNode-3|localhost:15017, omNode-1|localhost:15009, omNode-2|localhost:15013]|listeners:[], old=null}
2025-04-23 14:39:09,689 [omNode-3-impl-thread1] INFO  ratis.OzoneManagerStateMachine (OzoneManagerStateMachine.java:lambda$0(138)) - omNode-3: initialize group-523986131536 with (t:15, i:336)
2025-04-23 14:39:09,689 [omNode-3-impl-thread1] INFO  server.RaftServerConfigKeys (ConfUtils.java:logGet(46)) - raft.server.log.use.memory = false (default)
2025-04-23 14:39:09,689 [omNode-3-impl-thread1] INFO  server.RaftServerConfigKeys (ConfUtils.java:logGet(46)) - raft.server.log.purge.gap = 50 (custom)
2025-04-23 14:39:09,689 [omNode-3-impl-thread1] INFO  server.RaftServerConfigKeys (ConfUtils.java:logGet(46)) - raft.server.log.appender.buffer.byte-limit = 4194304 (custom)
2025-04-23 14:39:09,689 [omNode-3-impl-thread1] INFO  server.RaftServerConfigKeys (ConfUtils.java:logGet(46)) - raft.server.log.statemachine.data.read.timeout = 1000ms (default)
2025-04-23 14:39:09,689 [omNode-3-impl-thread1] INFO  server.RaftServerConfigKeys (ConfUtils.java:logGet(46)) - raft.server.log.purge.preservation.log.num = 0 (default)
2025-04-23 14:39:09,690 [omNode-3-impl-thread1] INFO  server.RaftServerConfigKeys (ConfUtils.java:logGet(46)) - raft.server.log.segment.size.max = 4194304 (custom)
2025-04-23 14:39:09,690 [omNode-3-impl-thread1] INFO  server.RaftServerConfigKeys (ConfUtils.java:logGet(46)) - raft.server.log.segment.cache.num.max = 2 (custom)
2025-04-23 14:39:09,690 [omNode-3-impl-thread1] INFO  server.RaftServerConfigKeys (ConfUtils.java:logGet(46)) - raft.server.log.segment.cache.size.max = 200MB (=209715200) (default)
2025-04-23 14:39:09,690 [omNode-3-impl-thread1] INFO  server.RaftServerConfigKeys (ConfUtils.java:logGet(46)) - raft.server.log.appender.buffer.byte-limit = 4194304 (custom)
2025-04-23 14:39:09,690 [omNode-3-impl-thread1] INFO  util.AwaitToRun (AwaitToRun.java:start(81)) - Thread[#6882,omNode-3@group-523986131536-cacheEviction-AwaitToRun,5,main] started
2025-04-23 14:39:09,690 [omNode-3-impl-thread1] INFO  segmented.SegmentedRaftLogWorker (SegmentedRaftLogWorker.java:<init>(188)) - new omNode-3@group-523986131536-SegmentedRaftLogWorker for RaftStorageImpl:Storage Directory /home/runner/work/ozone/ozone/hadoop-ozone/integration-test/target/test-dir/MiniOzoneClusterImpl-68853c07-42d2-4ef8-9e75-e3a852294e6a/omNode-3/ratis/c9bc4cf4-3bc3-3c60-a66b-523986131536
2025-04-23 14:39:09,690 [omNode-3-impl-thread1] INFO  server.RaftServerConfigKeys (ConfUtils.java:logGet(46)) - raft.server.log.queue.byte-limit = 64MB (=67108864) (default)
2025-04-23 14:39:09,691 [omNode-3-impl-thread1] INFO  server.RaftServerConfigKeys (ConfUtils.java:logGet(46)) - raft.server.log.queue.element-limit = 4096 (default)
2025-04-23 14:39:09,691 [omNode-3-impl-thread1] INFO  server.RaftServerConfigKeys (ConfUtils.java:logGet(46)) - raft.server.log.segment.size.max = 4194304 (custom)
2025-04-23 14:39:09,691 [omNode-3-impl-thread1] INFO  server.RaftServerConfigKeys (ConfUtils.java:logGet(46)) - raft.server.log.preallocated.size = 4194304 (custom)
2025-04-23 14:39:09,691 [omNode-3-impl-thread1] INFO  server.RaftServerConfigKeys (ConfUtils.java:logGet(46)) - raft.server.log.force.sync.num = 128 (default)
2025-04-23 14:39:09,691 [omNode-3-impl-thread1] INFO  server.RaftServerConfigKeys (ConfUtils.java:logGet(46)) - raft.server.log.statemachine.data.sync = true (default)
2025-04-23 14:39:09,691 [omNode-3-impl-thread1] INFO  server.RaftServerConfigKeys (ConfUtils.java:logGet(46)) - raft.server.log.statemachine.data.sync.timeout = 10s (default)
2025-04-23 14:39:09,691 [omNode-3-impl-thread1] INFO  server.RaftServerConfigKeys (ConfUtils.java:logGet(46)) - raft.server.log.statemachine.data.sync.timeout.retry = -1 (default)
2025-04-23 14:39:09,691 [omNode-3-impl-thread1] INFO  server.RaftServerConfigKeys (ConfUtils.java:logGet(46)) - raft.server.log.write.buffer.size = 4194312 (custom)
2025-04-23 14:39:09,691 [omNode-3-impl-thread1] INFO  server.RaftServerConfigKeys (ConfUtils.java:logGet(46)) - raft.server.log.appender.buffer.byte-limit = 4194304 (custom)
2025-04-23 14:39:09,691 [omNode-3-impl-thread1] INFO  server.RaftServerConfigKeys (ConfUtils.java:logGet(46)) - raft.server.log.unsafe-flush.enabled = false (default)
2025-04-23 14:39:09,691 [omNode-3-impl-thread1] INFO  server.RaftServerConfigKeys (ConfUtils.java:logGet(46)) - raft.server.log.async-flush.enabled = false (default)
2025-04-23 14:39:09,691 [omNode-3-impl-thread1] INFO  server.RaftServerConfigKeys (ConfUtils.java:logGet(46)) - raft.server.log.statemachine.data.caching.enabled = false (default)
2025-04-23 14:39:09,692 [omNode-3-impl-thread1] INFO  server.RaftServer$Division (ServerState.java:setRaftConf(386)) - omNode-3@group-523986131536: set configuration conf: {index: 313, cur=peers:[omNode-3|localhost:15017, omNode-1|localhost:15009, omNode-2|localhost:15013]|listeners:[], old=null}
2025-04-23 14:39:09,692 [omNode-3-impl-thread1] INFO  segmented.LogSegment (LogSegment.java:loadSegment(171)) - Successfully read 12 entries from segment file /home/runner/work/ozone/ozone/hadoop-ozone/integration-test/target/test-dir/MiniOzoneClusterImpl-68853c07-42d2-4ef8-9e75-e3a852294e6a/omNode-3/ratis/c9bc4cf4-3bc3-3c60-a66b-523986131536/current/log_313-324
2025-04-23 14:39:09,692 [omNode-3-impl-thread1] INFO  server.RaftServer$Division (ServerState.java:setRaftConf(386)) - omNode-3@group-523986131536: set configuration conf: {index: 325, cur=peers:[omNode-3|localhost:15017, omNode-1|localhost:15009, omNode-2|localhost:15013]|listeners:[], old=null}
2025-04-23 14:39:09,692 [omNode-3-impl-thread1] INFO  segmented.LogSegment (LogSegment.java:loadSegment(171)) - Successfully read 12 entries from segment file /home/runner/work/ozone/ozone/hadoop-ozone/integration-test/target/test-dir/MiniOzoneClusterImpl-68853c07-42d2-4ef8-9e75-e3a852294e6a/omNode-3/ratis/c9bc4cf4-3bc3-3c60-a66b-523986131536/current/log_325-336
2025-04-23 14:39:09,692 [omNode-3-impl-thread1] INFO  server.RaftServer$Division (ServerState.java:setRaftConf(386)) - omNode-3@group-523986131536: set configuration conf: {index: 337, cur=peers:[omNode-3|localhost:15017, omNode-1|localhost:15009, omNode-2|localhost:15013]|listeners:[], old=null}
2025-04-23 14:39:09,693 [omNode-3-impl-thread1] INFO  segmented.LogSegment (LogSegment.java:loadSegment(171)) - Successfully read 1 entries from segment file /home/runner/work/ozone/ozone/hadoop-ozone/integration-test/target/test-dir/MiniOzoneClusterImpl-68853c07-42d2-4ef8-9e75-e3a852294e6a/omNode-3/ratis/c9bc4cf4-3bc3-3c60-a66b-523986131536/current/log_inprogress_337
2025-04-23 14:39:09,693 [omNode-3-impl-thread1] INFO  segmented.SegmentedRaftLogWorker (SegmentedRaftLogWorker.java:lambda$new$0(139)) - omNode-3@group-523986131536-SegmentedRaftLogWorker: flushIndex: setUnconditionally 0 -> 337
2025-04-23 14:39:09,693 [omNode-3-impl-thread1] INFO  segmented.SegmentedRaftLogWorker (SegmentedRaftLogWorker.java:lambda$new$0(139)) - omNode-3@group-523986131536-SegmentedRaftLogWorker: safeCacheEvictIndex: setUnconditionally 0 -> 336
2025-04-23 14:39:09,693 [omNode-3-impl-thread1] INFO  segmented.BufferedWriteChannel (BufferedWriteChannel.java:open(61)) - open log_inprogress_337 (append) at position 113
2025-04-23 14:39:09,693 [omNode-3-impl-thread1] INFO  raftlog.RaftLog (RaftLogBase.java:lambda$new$0(54)) - omNode-3@group-523986131536-SegmentedRaftLog: purgeIndex: updateToMax old=-1, new=312, updated? true
2025-04-23 14:39:09,693 [omNode-3-impl-thread1] INFO  server.RaftServer$Division (RaftServerImpl.java:start(391)) - omNode-3@group-523986131536: start as a follower, conf=conf: {index: 337, cur=peers:[omNode-3|localhost:15017, omNode-1|localhost:15009, omNode-2|localhost:15013]|listeners:[], old=null}
2025-04-23 14:39:09,693 [omNode-3-impl-thread1] INFO  server.RaftServer$Division (RaftServerImpl.java:setRole(378)) - omNode-3@group-523986131536: changes role from      null to FOLLOWER at term 16 for startAsFollower
2025-04-23 14:39:09,693 [omNode-3-impl-thread1] INFO  impl.RoleInfo (RoleInfo.java:updateAndGet(148)) - omNode-3: start omNode-3@group-523986131536-FollowerState
2025-04-23 14:39:09,693 [omNode-3@group-523986131536-FollowerState] INFO  server.RaftServerConfigKeys (ConfUtils.java:logFallback(53)) - raft.server.rpc.first-election.timeout.min = 1s (fallback to raft.server.rpc.timeout.min)
2025-04-23 14:39:09,693 [omNode-3-impl-thread1] INFO  util.JmxRegister (JmxRegister.java:tryRegister(44)) - Successfully registered JMX Bean with object name Ratis:service=RaftServer,group=group-523986131536,id=omNode-3
2025-04-23 14:39:09,693 [omNode-3-impl-thread1] INFO  util.JmxRegister (JmxRegister.java:register(58)) - register mxBean class org.apache.ratis.server.impl.RaftServerJmxAdapter as Ratis:service=RaftServer,group=group-523986131536,id=omNode-3
2025-04-23 14:39:09,694 [omNode-3-impl-thread1] INFO  server.RaftServerConfigKeys (ConfUtils.java:logGet(46)) - raft.server.snapshot.trigger-when-stop.enabled = true (default)
2025-04-23 14:39:09,694 [omNode-3-impl-thread1] INFO  server.RaftServerConfigKeys (ConfUtils.java:logGet(46)) - raft.server.snapshot.trigger-when-remove.enabled = true (default)
2025-04-23 14:39:09,693 [omNode-3@group-523986131536-FollowerState] INFO  server.RaftServerConfigKeys (ConfUtils.java:logFallback(53)) - raft.server.rpc.first-election.timeout.max = 1200ms (fallback to raft.server.rpc.timeout.max)
2025-04-23 14:39:09,694 [omNode-3-impl-thread1] INFO  server.RaftServerConfigKeys (ConfUtils.java:logGet(46)) - raft.server.snapshot.auto.trigger.enabled = true (custom)
2025-04-23 14:39:09,694 [omNode-3-impl-thread1] INFO  server.RaftServerConfigKeys (ConfUtils.java:logGet(46)) - raft.server.snapshot.auto.trigger.threshold = 50 (custom)
2025-04-23 14:39:09,694 [omNode-3-impl-thread1] INFO  server.RaftServerConfigKeys (ConfUtils.java:logGet(46)) - raft.server.snapshot.retention.file.num = -1 (default)
2025-04-23 14:39:09,694 [omNode-3-impl-thread1] INFO  server.RaftServerConfigKeys (ConfUtils.java:logGet(46)) - raft.server.log.purge.upto.snapshot.index = true (custom)
2025-04-23 14:39:09,694 [omNode-3-impl-thread1] INFO  server.RaftServer$Division (RaftServerImpl.java:start(405)) - omNode-3@group-523986131536: Successfully started.
2025-04-23 14:39:09,694 [main] INFO  server.RaftServer (RaftServerProxy.java:startImpl(407)) - omNode-3: start RPC server
2025-04-23 14:39:09,695 [main] INFO  server.GrpcService (GrpcService.java:startImpl(334)) - omNode-3: GrpcService started, listening on 15017
2025-04-23 14:39:09,695 [main] INFO  om.OzoneManager (OzoneManager.java:getRpcServer(1360)) - Creating RPC Server
2025-04-23 14:39:09,695 [JvmPauseMonitor35] INFO  util.JvmPauseMonitor (JvmPauseMonitor.java:run(146)) - JvmPauseMonitor-omNode-3: Started
2025-04-23 14:39:10,077 [main] INFO  reflections.Reflections (Reflections.java:scan(219)) - Reflections took 381 ms to scan 22 urls, producing 61 keys and 7422 values
2025-04-23 14:39:10,078 [main] INFO  ipc.CallQueueManager (CallQueueManager.java:<init>(93)) - Using callQueue: class java.util.concurrent.LinkedBlockingQueue, queueCapacity: 2000, scheduler: class org.apache.hadoop.ipc.DefaultRpcScheduler, ipcBackoff: false, ipcFailOver: false.
2025-04-23 14:39:10,079 [main] INFO  ipc.Server (Server.java:<init>(1438)) - Listener at localhost:15014
2025-04-23 14:39:10,079 [Socket Reader #1 for port 15014] INFO  ipc.Server (Server.java:run(1474)) - Starting Socket Reader #1 for port 15014
2025-04-23 14:39:10,079 [Socket Reader #2 for port 15014] INFO  ipc.Server (Server.java:run(1474)) - Starting Socket Reader #2 for port 15014
2025-04-23 14:39:10,079 [Socket Reader #3 for port 15014] INFO  ipc.Server (Server.java:run(1474)) - Starting Socket Reader #3 for port 15014
2025-04-23 14:39:10,079 [Socket Reader #4 for port 15014] INFO  ipc.Server (Server.java:run(1474)) - Starting Socket Reader #4 for port 15014
2025-04-23 14:39:10,080 [Socket Reader #5 for port 15014] INFO  ipc.Server (Server.java:run(1474)) - Starting Socket Reader #5 for port 15014
2025-04-23 14:39:10,080 [Socket Reader #6 for port 15014] INFO  ipc.Server (Server.java:run(1474)) - Starting Socket Reader #6 for port 15014
2025-04-23 14:39:10,080 [Socket Reader #7 for port 15014] INFO  ipc.Server (Server.java:run(1474)) - Starting Socket Reader #7 for port 15014
2025-04-23 14:39:10,080 [Socket Reader #8 for port 15014] INFO  ipc.Server (Server.java:run(1474)) - Starting Socket Reader #8 for port 15014
2025-04-23 14:39:10,080 [Socket Reader #9 for port 15014] INFO  ipc.Server (Server.java:run(1474)) - Starting Socket Reader #9 for port 15014
2025-04-23 14:39:10,080 [Socket Reader #10 for port 15014] INFO  ipc.Server (Server.java:run(1474)) - Starting Socket Reader #10 for port 15014
2025-04-23 14:39:10,082 [main] INFO  http.BaseHttpServer (BaseHttpServer.java:newHttpServer2BuilderForOzone(229)) - Starting Web-server for ozoneManager at: http://0.0.0.0:15015
2025-04-23 14:39:10,082 [main] INFO  http.BaseHttpServer (BaseHttpServer.java:<init>(107)) - Hadoop Security Enabled: false Ozone Security Enabled: false Ozone HTTP Security Enabled: false 
2025-04-23 14:39:10,083 [main] WARN  server.AuthenticationFilter (AuthenticationFilter.java:constructSecretProvider(240)) - Unable to initialize FileSignerSecretProvider, falling back to use random secrets. Reason: Could not read signature secret file: /home/runner/hadoop-http-auth-signature-secret
2025-04-23 14:39:10,084 [main] INFO  http.HttpServer2 (HttpServer2.java:addGlobalFilter(1041)) - Added global filter 'safety' (class=org.apache.hadoop.hdds.server.http.HttpServer2$QuotingInputFilter)
2025-04-23 14:39:10,085 [main] INFO  http.HttpServer2 (HttpServer2.java:addFilter(1017)) - Added filter static_user_filter (class=org.apache.hadoop.http.lib.StaticUserWebFilter$StaticUserFilter) to context ozoneManager
2025-04-23 14:39:10,085 [main] INFO  http.HttpServer2 (HttpServer2.java:addFilter(1025)) - Added filter static_user_filter (class=org.apache.hadoop.http.lib.StaticUserWebFilter$StaticUserFilter) to context static
2025-04-23 14:39:10,085 [main] INFO  http.HttpServer2 (HttpServer2.java:addFilter(1025)) - Added filter static_user_filter (class=org.apache.hadoop.http.lib.StaticUserWebFilter$StaticUserFilter) to context logs
2025-04-23 14:39:10,085 [main] INFO  http.BaseHttpServer (BaseHttpServer.java:<init>(195)) - HTTP server of ozoneManager uses base directory /home/runner/work/ozone/ozone/hadoop-ozone/integration-test/target/test-dir/MiniOzoneClusterImpl-68853c07-42d2-4ef8-9e75-e3a852294e6a/omNode-3/webserver
2025-04-23 14:39:10,086 [main] INFO  http.HttpServer2 (HttpServer2.java:bindListener(1241)) - Jetty bound to port 15015
2025-04-23 14:39:10,086 [main] INFO  server.Server (Server.java:doStart(375)) - jetty-9.4.57.v20241219; built: 2025-01-08T21:24:30.412Z; git: df524e6b29271c2e09ba9aea83c18dc9db464a31; jvm 21.0.7+6-LTS
2025-04-23 14:39:10,087 [main] INFO  server.session (DefaultSessionIdManager.java:doStart(334)) - DefaultSessionIdManager workerName=node0
2025-04-23 14:39:10,087 [main] INFO  server.session (DefaultSessionIdManager.java:doStart(339)) - No SessionScavenger set, using defaults
2025-04-23 14:39:10,087 [main] INFO  server.session (HouseKeeper.java:startScavenging(132)) - node0 Scavenging every 600000ms
2025-04-23 14:39:10,087 [main] INFO  handler.ContextHandler (ContextHandler.java:doStart(921)) - Started o.e.j.s.ServletContextHandler@5c513f93{logs,/logs,file:///home/runner/work/ozone/ozone/hadoop-ozone/integration-test/target/log,AVAILABLE}
2025-04-23 14:39:10,088 [main] INFO  handler.ContextHandler (ContextHandler.java:doStart(921)) - Started o.e.j.s.ServletContextHandler@79e7c8e{static,/static,file:///home/runner/work/ozone/ozone/hadoop-ozone/integration-test/target/test-classes/webapps/static,AVAILABLE}
2025-04-23 14:39:10,091 [main] INFO  handler.ContextHandler (ContextHandler.java:doStart(921)) - Started o.e.j.w.WebAppContext@189d5efe{ozoneManager,/,file:///home/runner/work/ozone/ozone/hadoop-ozone/integration-test/target/test-classes/webapps/ozoneManager/,AVAILABLE}{file:/home/runner/work/ozone/ozone/hadoop-ozone/integration-test/target/test-classes/webapps/ozoneManager}
2025-04-23 14:39:10,091 [main] INFO  server.AbstractConnector (AbstractConnector.java:doStart(333)) - Started ServerConnector@7fb87336{HTTP/1.1, (http/1.1)}{0.0.0.0:15015}
2025-04-23 14:39:10,092 [main] INFO  server.Server (Server.java:doStart(415)) - Started @150371ms
2025-04-23 14:39:10,092 [main] WARN  impl.MetricsSystemImpl (MetricsSystemImpl.java:register(279)) - Sink prometheus already exists!
2025-04-23 14:39:10,092 [main] INFO  http.BaseHttpServer (BaseHttpServer.java:updateConnectorAddress(360)) - HTTP server of ozoneManager listening at http://0.0.0.0:15015
2025-04-23 14:39:10,092 [IPC Server Responder] INFO  ipc.Server (Server.java:run(1713)) - IPC Server Responder: starting
2025-04-23 14:39:10,092 [IPC Server listener on 15014] INFO  ipc.Server (Server.java:run(1553)) - IPC Server listener on 15014: starting
2025-04-23 14:39:10,094 [main] INFO  om.OzoneManager (OzoneManager.java:startTrashEmptier(2257)) - Trash Interval set to 0. Files deleted won't move to trash
2025-04-23 14:39:10,095 [main] INFO  om.OzoneManager (OzoneManager.java:restart(1878)) - OzoneManager RPC server is listening at localhost/127.0.0.1:15006
2025-04-23 14:39:10,095 [main] INFO  impl.MetricsSystemImpl (MetricsSystemImpl.java:init(158)) - OzoneManager metrics system started (again)
2025-04-23 14:39:10,108 [main] WARN  server.ServerUtils (ServerUtils.java:getDBPath(297)) - ozone.om.db.dirs is not configured. We recommend adding this setting. Falling back to ozone.metadata.dirs instead.
2025-04-23 14:39:10,151 [main] INFO  om.OzoneManager (OzoneManager.java:instantiateServices(933)) - S3 Multi-Tenancy is disabled
2025-04-23 14:39:10,152 [main] INFO  om.OmSnapshotManager (OmSnapshotManager.java:<init>(180)) - Ozone filesystem snapshot feature is enabled.
2025-04-23 14:39:10,152 [main] WARN  server.ServerUtils (ServerUtils.java:getDBPath(297)) - ozone.om.snapshot.diff.db.dir is not configured. We recommend adding this setting. Falling back to ozone.metadata.dirs instead.
2025-04-23 14:39:10,166 [main] WARN  dropwizard3.Dm3MetricRegistriesImpl (Dm3MetricRegistriesImpl.java:addReporterRegistration(114)) - New reporters are added after registries were created. Some metrics will be missing from the reporter. Please add reporter before adding any new registry.
2025-04-23 14:39:10,166 [main] WARN  dropwizard3.Dm3MetricRegistriesImpl (Dm3MetricRegistriesImpl.java:addReporterRegistration(114)) - New reporters are added after registries were created. Some metrics will be missing from the reporter. Please add reporter before adding any new registry.
2025-04-23 14:39:10,166 [main] WARN  server.ServerUtils (ServerUtils.java:getDefaultRatisDirectory(309)) - Storage directory for Ratis is not configured. It is a good idea to map this to an SSD disk. Falling back to ozone.metadata.dirs
2025-04-23 14:39:10,166 [main] INFO  server.RaftServerConfigKeys (ConfUtils.java:logGet(46)) - raft.server.log.appender.buffer.byte-limit = 4194304 (custom)
2025-04-23 14:39:10,167 [main] INFO  ratis.OzoneManagerRatisServer (OzoneManagerRatisServer.java:<init>(167)) - Instantiating OM Ratis server with groupID: om-service-test1 and peers: localhost:15009, localhost:15017, localhost:15013
2025-04-23 14:39:10,167 [main] INFO  ratis.OzoneManagerStateMachine (OzoneManagerStateMachine.java:loadSnapshotInfoFromDB(611)) - LastAppliedIndex is set from TransactionInfo from OM DB as (t:16, i:338)
2025-04-23 14:39:10,168 [main] INFO  server.RaftServer (ConfUtils.java:logGet(46)) - raft.rpc.type = GRPC (default)
2025-04-23 14:39:10,168 [main] INFO  grpc.GrpcConfigKeys (ConfUtils.java:logFallback(53)) - raft.grpc.admin.host = null (fallback to raft.grpc.server.host)
2025-04-23 14:39:10,168 [main] INFO  grpc.GrpcConfigKeys (ConfUtils.java:logFallback(53)) - raft.grpc.admin.port = 15009 (fallback to raft.grpc.server.port)
2025-04-23 14:39:10,168 [main] INFO  grpc.GrpcConfigKeys (ConfUtils.java:logFallback(53)) - raft.grpc.client.host = null (fallback to raft.grpc.server.host)
2025-04-23 14:39:10,168 [main] INFO  grpc.GrpcConfigKeys (ConfUtils.java:logFallback(53)) - raft.grpc.client.port = 15009 (fallback to raft.grpc.server.port)
2025-04-23 14:39:10,168 [main] INFO  grpc.GrpcConfigKeys (ConfUtils.java:logGet(46)) - raft.grpc.server.host = null (default)
2025-04-23 14:39:10,168 [main] INFO  grpc.GrpcConfigKeys (ConfUtils.java:logGet(46)) - raft.grpc.server.port = 15009 (custom)
2025-04-23 14:39:10,168 [main] INFO  server.GrpcService (ConfUtils.java:logGet(46)) - raft.grpc.message.size.max = 5242880 (custom)
2025-04-23 14:39:10,168 [main] INFO  server.GrpcService (ConfUtils.java:logGet(46)) - raft.grpc.flow.control.window = 1MB (=1048576) (default)
2025-04-23 14:39:10,168 [main] INFO  server.RaftServerConfigKeys (ConfUtils.java:logGet(46)) - raft.server.rpc.request.timeout = 3000ms (default)
2025-04-23 14:39:10,168 [main] INFO  grpc.GrpcConfigKeys (ConfUtils.java:logGet(46)) - raft.grpc.server.heartbeat.channel = true (default)
2025-04-23 14:39:10,168 [main] INFO  server.RaftServerConfigKeys (ConfUtils.java:logGet(46)) - raft.server.log.appender.buffer.byte-limit = 4194304 (custom)
2025-04-23 14:39:10,169 [main] INFO  grpc.GrpcConfigKeys (ConfUtils.java:logGet(46)) - raft.grpc.server.async.request.thread.pool.cached = true (default)
2025-04-23 14:39:10,169 [main] INFO  grpc.GrpcConfigKeys (ConfUtils.java:logGet(46)) - raft.grpc.server.async.request.thread.pool.size = 32 (default)
2025-04-23 14:39:10,169 [main] INFO  impl.DataStreamServerImpl (ConfUtils.java:logGet(46)) - raft.datastream.type = DISABLED (default)
2025-04-23 14:39:10,170 [main] INFO  server.RaftServerConfigKeys (ConfUtils.java:logGet(46)) - raft.server.sleep.deviation.threshold = 300ms (default)
2025-04-23 14:39:10,170 [main] INFO  server.RaftServerConfigKeys (ConfUtils.java:logGet(46)) - raft.server.close.threshold = 60s (default)
2025-04-23 14:39:10,170 [main] INFO  server.RaftServerConfigKeys (ConfUtils.java:logGet(46)) - raft.server.leaderelection.leader.step-down.wait-time = 10s (default)
2025-04-23 14:39:10,170 [main] INFO  server.RaftServerConfigKeys (ConfUtils.java:logGet(46)) - raft.server.storage.dir = [/home/runner/work/ozone/ozone/hadoop-ozone/integration-test/target/test-dir/MiniOzoneClusterImpl-68853c07-42d2-4ef8-9e75-e3a852294e6a/omNode-1/ratis] (custom)
2025-04-23 14:39:10,170 [main] INFO  server.RaftServerConfigKeys (ConfUtils.java:logGet(46)) - raft.server.threadpool.proxy.cached = true (default)
2025-04-23 14:39:10,170 [main] INFO  server.RaftServerConfigKeys (ConfUtils.java:logGet(46)) - raft.server.threadpool.proxy.size = 0 (default)
2025-04-23 14:39:10,170 [omNode-1-impl-thread1] INFO  server.RaftServer (RaftServerProxy.java:initGroupDir(265)) - omNode-1: found a subdirectory /home/runner/work/ozone/ozone/hadoop-ozone/integration-test/target/test-dir/MiniOzoneClusterImpl-68853c07-42d2-4ef8-9e75-e3a852294e6a/omNode-1/ratis/c9bc4cf4-3bc3-3c60-a66b-523986131536
2025-04-23 14:39:10,171 [main] INFO  server.RaftServer (RaftServerProxy.java:addNew(100)) - omNode-1: addNew group-523986131536:[omNode-3|localhost:15017, omNode-1|localhost:15009, omNode-2|localhost:15013] returns group-523986131536:java.util.concurrent.CompletableFuture@f2d2d9d[Not completed]
2025-04-23 14:39:10,171 [omNode-1-groupManagement] INFO  server.RaftServer$Division (RaftServerImpl.java:<init>(255)) - omNode-1: new RaftServerImpl for group-523986131536:[omNode-3|localhost:15017, omNode-1|localhost:15009, omNode-2|localhost:15013] with OzoneManagerStateMachine:uninitialized
2025-04-23 14:39:10,171 [omNode-1-groupManagement] INFO  server.RaftServerConfigKeys (ConfUtils.java:logGet(46)) - raft.server.rpc.timeout.min = 1s (custom)
2025-04-23 14:39:10,171 [omNode-1-groupManagement] INFO  server.RaftServerConfigKeys (ConfUtils.java:logGet(46)) - raft.server.rpc.timeout.max = 1200ms (custom)
2025-04-23 14:39:10,171 [main] INFO  om.OzoneManager (OzoneManager.java:initializeRatisServer(2303)) - OzoneManager Ratis server initialized at port 15009
2025-04-23 14:39:10,171 [main] INFO  ratis.OzoneManagerRatisServer (OzoneManagerRatisServer.java:start(628)) - Starting OzoneManagerRatisServer omNode-1 at port 15009
2025-04-23 14:39:10,171 [omNode-1-groupManagement] INFO  server.RaftServerConfigKeys (ConfUtils.java:logGet(46)) - raft.server.rpc.sleep.time = 25ms (default)
2025-04-23 14:39:10,171 [omNode-1-groupManagement] INFO  server.RaftServerConfigKeys (ConfUtils.java:logGet(46)) - raft.server.rpc.slowness.timeout = 2s (custom)
2025-04-23 14:39:10,171 [omNode-1-groupManagement] INFO  server.RaftServerConfigKeys (ConfUtils.java:logGet(46)) - raft.server.leaderelection.leader.step-down.wait-time = 10s (default)
2025-04-23 14:39:10,171 [omNode-1-groupManagement] INFO  server.RaftServerConfigKeys (ConfUtils.java:logGet(46)) - raft.server.leaderelection.member.majority-add = false (default)
2025-04-23 14:39:10,171 [omNode-1-groupManagement] INFO  server.RaftServerConfigKeys (ConfUtils.java:logGet(46)) - raft.server.sleep.deviation.threshold = 300ms (default)
2025-04-23 14:39:10,171 [omNode-1-groupManagement] INFO  server.RaftServer$Division (ServerState.java:<init>(114)) - omNode-1@group-523986131536: ConfigurationManager, init=conf: {index: -1, cur=peers:[omNode-3|localhost:15017, omNode-1|localhost:15009, omNode-2|localhost:15013]|listeners:[], old=null}, confs=<EMPTY_MAP>
2025-04-23 14:39:10,172 [omNode-1-groupManagement] INFO  server.RaftServerConfigKeys (ConfUtils.java:logGet(46)) - raft.server.notification.no-leader.timeout = 2s (custom)
2025-04-23 14:39:10,172 [omNode-1-groupManagement] INFO  server.RaftServerConfigKeys (ConfUtils.java:logGet(46)) - raft.server.read.timeout = 10s (default)
2025-04-23 14:39:10,172 [omNode-1-groupManagement] INFO  server.RaftServerConfigKeys (ConfUtils.java:logGet(46)) - raft.server.retrycache.expirytime = 30000ms (custom)
2025-04-23 14:39:10,172 [omNode-1-groupManagement] INFO  server.RaftServerConfigKeys (ConfUtils.java:logGet(46)) - raft.server.retrycache.statistics.expirytime = 100ms (default)
2025-04-23 14:39:10,172 [omNode-1-groupManagement] INFO  server.RaftServerConfigKeys (ConfUtils.java:logGet(46)) - raft.server.read.option = DEFAULT (default)
2025-04-23 14:39:10,172 [omNode-1-groupManagement] INFO  server.RaftServerConfigKeys (ConfUtils.java:logGet(46)) - raft.server.read.read-after-write-consistent.write-index-cache.expiry-time = 60s (default)
2025-04-23 14:39:10,173 [omNode-1-groupManagement] INFO  server.RaftServerConfigKeys (ConfUtils.java:logGet(46)) - raft.server.rpc.request.timeout = 3000ms (default)
2025-04-23 14:39:10,173 [omNode-1-groupManagement] INFO  server.RaftServerConfigKeys (ConfUtils.java:logGet(46)) - raft.server.log.appender.install.snapshot.enabled = false (custom)
2025-04-23 14:39:10,173 [omNode-1-groupManagement] INFO  server.RaftServerConfigKeys (ConfUtils.java:logGet(46)) - raft.server.threadpool.server.cached = true (default)
2025-04-23 14:39:10,173 [omNode-1-groupManagement] INFO  server.RaftServerConfigKeys (ConfUtils.java:logGet(46)) - raft.server.threadpool.server.size = 0 (default)
2025-04-23 14:39:10,173 [omNode-1-groupManagement] INFO  server.RaftServerConfigKeys (ConfUtils.java:logGet(46)) - raft.server.threadpool.client.cached = true (default)
2025-04-23 14:39:10,174 [omNode-1-groupManagement] INFO  server.RaftServerConfigKeys (ConfUtils.java:logGet(46)) - raft.server.threadpool.client.size = 0 (default)
2025-04-23 14:39:10,174 [omNode-1-impl-thread1] INFO  server.RaftServerConfigKeys (ConfUtils.java:logGet(46)) - raft.server.storage.free-space.min = 0MB (=0) (default)
2025-04-23 14:39:10,174 [omNode-1-impl-thread1] INFO  server.RaftServerConfigKeys (ConfUtils.java:logGet(46)) - raft.server.log.corruption.policy = EXCEPTION (default)
2025-04-23 14:39:10,174 [omNode-1-impl-thread1] INFO  server.RaftServerConfigKeys (ConfUtils.java:logGet(46)) - raft.server.storage.dir = [/home/runner/work/ozone/ozone/hadoop-ozone/integration-test/target/test-dir/MiniOzoneClusterImpl-68853c07-42d2-4ef8-9e75-e3a852294e6a/omNode-1/ratis] (custom)
2025-04-23 14:39:10,175 [omNode-1-impl-thread1] INFO  storage.RaftStorageDirectory (RaftStorageDirectoryImpl.java:tryLock(229)) - Lock on /home/runner/work/ozone/ozone/hadoop-ozone/integration-test/target/test-dir/MiniOzoneClusterImpl-68853c07-42d2-4ef8-9e75-e3a852294e6a/omNode-1/ratis/c9bc4cf4-3bc3-3c60-a66b-523986131536/in_use.lock acquired by nodename 129558@fv-az1120-822
2025-04-23 14:39:10,175 [omNode-1-impl-thread1] INFO  storage.RaftStorage (RaftStorageImpl.java:analyzeAndRecoverStorage(118)) - Read RaftStorageMetadata{term=16, votedFor=omNode-1} from /home/runner/work/ozone/ozone/hadoop-ozone/integration-test/target/test-dir/MiniOzoneClusterImpl-68853c07-42d2-4ef8-9e75-e3a852294e6a/omNode-1/ratis/c9bc4cf4-3bc3-3c60-a66b-523986131536/current/raft-meta
2025-04-23 14:39:10,175 [omNode-1-impl-thread1] INFO  server.RaftServer$Division (ServerState.java:setRaftConf(386)) - omNode-1@group-523986131536: set configuration conf: {index: 337, cur=peers:[omNode-3|localhost:15017, omNode-1|localhost:15009, omNode-2|localhost:15013]|listeners:[], old=null}
2025-04-23 14:39:10,175 [omNode-1-impl-thread1] INFO  ratis.OzoneManagerStateMachine (OzoneManagerStateMachine.java:lambda$0(138)) - omNode-1: initialize group-523986131536 with (t:16, i:338)
2025-04-23 14:39:10,175 [omNode-1-impl-thread1] INFO  server.RaftServerConfigKeys (ConfUtils.java:logGet(46)) - raft.server.log.use.memory = false (default)
2025-04-23 14:39:10,175 [omNode-1-impl-thread1] INFO  server.RaftServerConfigKeys (ConfUtils.java:logGet(46)) - raft.server.log.purge.gap = 50 (custom)
2025-04-23 14:39:10,175 [omNode-1-impl-thread1] INFO  server.RaftServerConfigKeys (ConfUtils.java:logGet(46)) - raft.server.log.appender.buffer.byte-limit = 4194304 (custom)
2025-04-23 14:39:10,176 [omNode-1-impl-thread1] INFO  server.RaftServerConfigKeys (ConfUtils.java:logGet(46)) - raft.server.log.statemachine.data.read.timeout = 1000ms (default)
2025-04-23 14:39:10,176 [omNode-1-impl-thread1] INFO  server.RaftServerConfigKeys (ConfUtils.java:logGet(46)) - raft.server.log.purge.preservation.log.num = 0 (default)
2025-04-23 14:39:10,176 [omNode-1-impl-thread1] INFO  server.RaftServerConfigKeys (ConfUtils.java:logGet(46)) - raft.server.log.segment.size.max = 4194304 (custom)
2025-04-23 14:39:10,176 [omNode-1-impl-thread1] INFO  server.RaftServerConfigKeys (ConfUtils.java:logGet(46)) - raft.server.log.segment.cache.num.max = 2 (custom)
2025-04-23 14:39:10,176 [omNode-1-impl-thread1] INFO  server.RaftServerConfigKeys (ConfUtils.java:logGet(46)) - raft.server.log.segment.cache.size.max = 200MB (=209715200) (default)
2025-04-23 14:39:10,176 [omNode-1-impl-thread1] INFO  server.RaftServerConfigKeys (ConfUtils.java:logGet(46)) - raft.server.log.appender.buffer.byte-limit = 4194304 (custom)
2025-04-23 14:39:10,177 [omNode-1-impl-thread1] INFO  util.AwaitToRun (AwaitToRun.java:start(81)) - Thread[#6989,omNode-1@group-523986131536-cacheEviction-AwaitToRun,5,main] started
2025-04-23 14:39:10,177 [omNode-1-impl-thread1] INFO  segmented.SegmentedRaftLogWorker (SegmentedRaftLogWorker.java:<init>(188)) - new omNode-1@group-523986131536-SegmentedRaftLogWorker for RaftStorageImpl:Storage Directory /home/runner/work/ozone/ozone/hadoop-ozone/integration-test/target/test-dir/MiniOzoneClusterImpl-68853c07-42d2-4ef8-9e75-e3a852294e6a/omNode-1/ratis/c9bc4cf4-3bc3-3c60-a66b-523986131536
2025-04-23 14:39:10,177 [omNode-1-impl-thread1] INFO  server.RaftServerConfigKeys (ConfUtils.java:logGet(46)) - raft.server.log.queue.byte-limit = 64MB (=67108864) (default)
2025-04-23 14:39:10,177 [omNode-1-impl-thread1] INFO  server.RaftServerConfigKeys (ConfUtils.java:logGet(46)) - raft.server.log.queue.element-limit = 4096 (default)
2025-04-23 14:39:10,177 [omNode-1-impl-thread1] INFO  server.RaftServerConfigKeys (ConfUtils.java:logGet(46)) - raft.server.log.segment.size.max = 4194304 (custom)
2025-04-23 14:39:10,177 [omNode-1-impl-thread1] INFO  server.RaftServerConfigKeys (ConfUtils.java:logGet(46)) - raft.server.log.preallocated.size = 4194304 (custom)
2025-04-23 14:39:10,177 [omNode-1-impl-thread1] INFO  server.RaftServerConfigKeys (ConfUtils.java:logGet(46)) - raft.server.log.force.sync.num = 128 (default)
2025-04-23 14:39:10,177 [omNode-1-impl-thread1] INFO  server.RaftServerConfigKeys (ConfUtils.java:logGet(46)) - raft.server.log.statemachine.data.sync = true (default)
2025-04-23 14:39:10,177 [omNode-1-impl-thread1] INFO  server.RaftServerConfigKeys (ConfUtils.java:logGet(46)) - raft.server.log.statemachine.data.sync.timeout = 10s (default)
2025-04-23 14:39:10,177 [omNode-1-impl-thread1] INFO  server.RaftServerConfigKeys (ConfUtils.java:logGet(46)) - raft.server.log.statemachine.data.sync.timeout.retry = -1 (default)
2025-04-23 14:39:10,177 [omNode-1-impl-thread1] INFO  server.RaftServerConfigKeys (ConfUtils.java:logGet(46)) - raft.server.log.write.buffer.size = 4194312 (custom)
2025-04-23 14:39:10,179 [omNode-1-impl-thread1] INFO  server.RaftServerConfigKeys (ConfUtils.java:logGet(46)) - raft.server.log.appender.buffer.byte-limit = 4194304 (custom)
2025-04-23 14:39:10,179 [omNode-1-impl-thread1] INFO  server.RaftServerConfigKeys (ConfUtils.java:logGet(46)) - raft.server.log.unsafe-flush.enabled = false (default)
2025-04-23 14:39:10,179 [omNode-1-impl-thread1] INFO  server.RaftServerConfigKeys (ConfUtils.java:logGet(46)) - raft.server.log.async-flush.enabled = false (default)
2025-04-23 14:39:10,179 [omNode-1-impl-thread1] INFO  server.RaftServerConfigKeys (ConfUtils.java:logGet(46)) - raft.server.log.statemachine.data.caching.enabled = false (default)
2025-04-23 14:39:10,180 [omNode-1-impl-thread1] INFO  server.RaftServer$Division (ServerState.java:setRaftConf(386)) - omNode-1@group-523986131536: set configuration conf: {index: 311, cur=peers:[omNode-3|localhost:15017, omNode-1|localhost:15009, omNode-2|localhost:15013]|listeners:[], old=null}
2025-04-23 14:39:10,180 [omNode-1-impl-thread1] INFO  segmented.LogSegment (LogSegment.java:loadSegment(171)) - Successfully read 2 entries from segment file /home/runner/work/ozone/ozone/hadoop-ozone/integration-test/target/test-dir/MiniOzoneClusterImpl-68853c07-42d2-4ef8-9e75-e3a852294e6a/omNode-1/ratis/c9bc4cf4-3bc3-3c60-a66b-523986131536/current/log_311-312
2025-04-23 14:39:10,180 [omNode-1-impl-thread1] INFO  server.RaftServer$Division (ServerState.java:setRaftConf(386)) - omNode-1@group-523986131536: set configuration conf: {index: 313, cur=peers:[omNode-3|localhost:15017, omNode-1|localhost:15009, omNode-2|localhost:15013]|listeners:[], old=null}
2025-04-23 14:39:10,180 [omNode-1-impl-thread1] INFO  segmented.LogSegment (LogSegment.java:loadSegment(171)) - Successfully read 12 entries from segment file /home/runner/work/ozone/ozone/hadoop-ozone/integration-test/target/test-dir/MiniOzoneClusterImpl-68853c07-42d2-4ef8-9e75-e3a852294e6a/omNode-1/ratis/c9bc4cf4-3bc3-3c60-a66b-523986131536/current/log_313-324
2025-04-23 14:39:10,180 [omNode-1-impl-thread1] INFO  server.RaftServer$Division (ServerState.java:setRaftConf(386)) - omNode-1@group-523986131536: set configuration conf: {index: 325, cur=peers:[omNode-3|localhost:15017, omNode-1|localhost:15009, omNode-2|localhost:15013]|listeners:[], old=null}
2025-04-23 14:39:10,180 [omNode-1-impl-thread1] INFO  segmented.LogSegment (LogSegment.java:loadSegment(171)) - Successfully read 12 entries from segment file /home/runner/work/ozone/ozone/hadoop-ozone/integration-test/target/test-dir/MiniOzoneClusterImpl-68853c07-42d2-4ef8-9e75-e3a852294e6a/omNode-1/ratis/c9bc4cf4-3bc3-3c60-a66b-523986131536/current/log_325-336
2025-04-23 14:39:10,181 [omNode-1-impl-thread1] INFO  server.RaftServer$Division (ServerState.java:setRaftConf(386)) - omNode-1@group-523986131536: set configuration conf: {index: 337, cur=peers:[omNode-3|localhost:15017, omNode-1|localhost:15009, omNode-2|localhost:15013]|listeners:[], old=null}
2025-04-23 14:39:10,181 [omNode-1-impl-thread1] INFO  segmented.LogSegment (LogSegment.java:loadSegment(171)) - Successfully read 2 entries from segment file /home/runner/work/ozone/ozone/hadoop-ozone/integration-test/target/test-dir/MiniOzoneClusterImpl-68853c07-42d2-4ef8-9e75-e3a852294e6a/omNode-1/ratis/c9bc4cf4-3bc3-3c60-a66b-523986131536/current/log_inprogress_337
2025-04-23 14:39:10,181 [omNode-1-impl-thread1] INFO  segmented.SegmentedRaftLogWorker (SegmentedRaftLogWorker.java:lambda$new$0(139)) - omNode-1@group-523986131536-SegmentedRaftLogWorker: flushIndex: setUnconditionally 0 -> 338
2025-04-23 14:39:10,181 [omNode-1-impl-thread1] INFO  segmented.SegmentedRaftLogWorker (SegmentedRaftLogWorker.java:lambda$new$0(139)) - omNode-1@group-523986131536-SegmentedRaftLogWorker: safeCacheEvictIndex: setUnconditionally 0 -> 336
2025-04-23 14:39:10,181 [omNode-1-impl-thread1] INFO  segmented.BufferedWriteChannel (BufferedWriteChannel.java:open(61)) - open log_inprogress_337 (append) at position 128
2025-04-23 14:39:10,181 [omNode-1-impl-thread1] INFO  raftlog.RaftLog (RaftLogBase.java:lambda$new$0(54)) - omNode-1@group-523986131536-SegmentedRaftLog: purgeIndex: updateToMax old=-1, new=310, updated? true
2025-04-23 14:39:10,181 [omNode-1-impl-thread1] INFO  server.RaftServer$Division (RaftServerImpl.java:start(391)) - omNode-1@group-523986131536: start as a follower, conf=conf: {index: 337, cur=peers:[omNode-3|localhost:15017, omNode-1|localhost:15009, omNode-2|localhost:15013]|listeners:[], old=null}
2025-04-23 14:39:10,181 [omNode-1-impl-thread1] INFO  server.RaftServer$Division (RaftServerImpl.java:setRole(378)) - omNode-1@group-523986131536: changes role from      null to FOLLOWER at term 16 for startAsFollower
2025-04-23 14:39:10,181 [omNode-1-impl-thread1] INFO  impl.RoleInfo (RoleInfo.java:updateAndGet(148)) - omNode-1: start omNode-1@group-523986131536-FollowerState
2025-04-23 14:39:10,182 [omNode-1@group-523986131536-FollowerState] INFO  server.RaftServerConfigKeys (ConfUtils.java:logFallback(53)) - raft.server.rpc.first-election.timeout.min = 1s (fallback to raft.server.rpc.timeout.min)
2025-04-23 14:39:10,182 [omNode-1-impl-thread1] INFO  util.JmxRegister (JmxRegister.java:tryRegister(44)) - Successfully registered JMX Bean with object name Ratis:service=RaftServer,group=group-523986131536,id=omNode-1
2025-04-23 14:39:10,182 [omNode-1@group-523986131536-FollowerState] INFO  server.RaftServerConfigKeys (ConfUtils.java:logFallback(53)) - raft.server.rpc.first-election.timeout.max = 1200ms (fallback to raft.server.rpc.timeout.max)
2025-04-23 14:39:10,182 [omNode-1-impl-thread1] INFO  util.JmxRegister (JmxRegister.java:register(58)) - register mxBean class org.apache.ratis.server.impl.RaftServerJmxAdapter as Ratis:service=RaftServer,group=group-523986131536,id=omNode-1
2025-04-23 14:39:10,182 [omNode-1-impl-thread1] INFO  server.RaftServerConfigKeys (ConfUtils.java:logGet(46)) - raft.server.snapshot.trigger-when-stop.enabled = true (default)
2025-04-23 14:39:10,182 [omNode-1-impl-thread1] INFO  server.RaftServerConfigKeys (ConfUtils.java:logGet(46)) - raft.server.snapshot.trigger-when-remove.enabled = true (default)
2025-04-23 14:39:10,182 [omNode-1-impl-thread1] INFO  server.RaftServerConfigKeys (ConfUtils.java:logGet(46)) - raft.server.snapshot.auto.trigger.enabled = true (custom)
2025-04-23 14:39:10,182 [omNode-1-impl-thread1] INFO  server.RaftServerConfigKeys (ConfUtils.java:logGet(46)) - raft.server.snapshot.auto.trigger.threshold = 50 (custom)
2025-04-23 14:39:10,182 [omNode-1-impl-thread1] INFO  server.RaftServerConfigKeys (ConfUtils.java:logGet(46)) - raft.server.snapshot.retention.file.num = -1 (default)
2025-04-23 14:39:10,182 [omNode-1-impl-thread1] INFO  server.RaftServerConfigKeys (ConfUtils.java:logGet(46)) - raft.server.log.purge.upto.snapshot.index = true (custom)
2025-04-23 14:39:10,183 [omNode-1-impl-thread1] INFO  server.RaftServer$Division (RaftServerImpl.java:start(405)) - omNode-1@group-523986131536: Successfully started.
2025-04-23 14:39:10,183 [main] INFO  server.RaftServer (RaftServerProxy.java:startImpl(407)) - omNode-1: start RPC server
2025-04-23 14:39:10,183 [main] INFO  server.GrpcService (GrpcService.java:startImpl(334)) - omNode-1: GrpcService started, listening on 15009
2025-04-23 14:39:10,184 [JvmPauseMonitor36] INFO  util.JvmPauseMonitor (JvmPauseMonitor.java:run(146)) - JvmPauseMonitor-omNode-1: Started
2025-04-23 14:39:10,184 [main] INFO  om.OzoneManager (OzoneManager.java:getRpcServer(1360)) - Creating RPC Server
2025-04-23 14:39:10,504 [main] INFO  reflections.Reflections (Reflections.java:scan(219)) - Reflections took 319 ms to scan 22 urls, producing 61 keys and 7422 values
2025-04-23 14:39:10,515 [main] INFO  ipc.CallQueueManager (CallQueueManager.java:<init>(93)) - Using callQueue: class java.util.concurrent.LinkedBlockingQueue, queueCapacity: 2000, scheduler: class org.apache.hadoop.ipc.DefaultRpcScheduler, ipcBackoff: false, ipcFailOver: false.
2025-04-23 14:39:10,515 [main] INFO  ipc.Server (Server.java:<init>(1438)) - Listener at localhost:15006
2025-04-23 14:39:10,515 [Socket Reader #1 for port 15006] INFO  ipc.Server (Server.java:run(1474)) - Starting Socket Reader #1 for port 15006
2025-04-23 14:39:10,515 [Socket Reader #2 for port 15006] INFO  ipc.Server (Server.java:run(1474)) - Starting Socket Reader #2 for port 15006
2025-04-23 14:39:10,515 [Socket Reader #3 for port 15006] INFO  ipc.Server (Server.java:run(1474)) - Starting Socket Reader #3 for port 15006
2025-04-23 14:39:10,515 [Socket Reader #4 for port 15006] INFO  ipc.Server (Server.java:run(1474)) - Starting Socket Reader #4 for port 15006
2025-04-23 14:39:10,516 [Socket Reader #5 for port 15006] INFO  ipc.Server (Server.java:run(1474)) - Starting Socket Reader #5 for port 15006
2025-04-23 14:39:10,516 [Socket Reader #6 for port 15006] INFO  ipc.Server (Server.java:run(1474)) - Starting Socket Reader #6 for port 15006
2025-04-23 14:39:10,516 [Socket Reader #7 for port 15006] INFO  ipc.Server (Server.java:run(1474)) - Starting Socket Reader #7 for port 15006
2025-04-23 14:39:10,516 [Socket Reader #8 for port 15006] INFO  ipc.Server (Server.java:run(1474)) - Starting Socket Reader #8 for port 15006
2025-04-23 14:39:10,516 [Socket Reader #9 for port 15006] INFO  ipc.Server (Server.java:run(1474)) - Starting Socket Reader #9 for port 15006
2025-04-23 14:39:10,516 [Socket Reader #10 for port 15006] INFO  ipc.Server (Server.java:run(1474)) - Starting Socket Reader #10 for port 15006
2025-04-23 14:39:10,518 [main] INFO  http.BaseHttpServer (BaseHttpServer.java:newHttpServer2BuilderForOzone(229)) - Starting Web-server for ozoneManager at: http://0.0.0.0:15007
2025-04-23 14:39:10,518 [main] INFO  http.BaseHttpServer (BaseHttpServer.java:<init>(107)) - Hadoop Security Enabled: false Ozone Security Enabled: false Ozone HTTP Security Enabled: false 
2025-04-23 14:39:10,519 [main] WARN  server.AuthenticationFilter (AuthenticationFilter.java:constructSecretProvider(240)) - Unable to initialize FileSignerSecretProvider, falling back to use random secrets. Reason: Could not read signature secret file: /home/runner/hadoop-http-auth-signature-secret
2025-04-23 14:39:10,520 [main] INFO  http.HttpServer2 (HttpServer2.java:addGlobalFilter(1041)) - Added global filter 'safety' (class=org.apache.hadoop.hdds.server.http.HttpServer2$QuotingInputFilter)
2025-04-23 14:39:10,520 [main] INFO  http.HttpServer2 (HttpServer2.java:addFilter(1017)) - Added filter static_user_filter (class=org.apache.hadoop.http.lib.StaticUserWebFilter$StaticUserFilter) to context ozoneManager
2025-04-23 14:39:10,520 [main] INFO  http.HttpServer2 (HttpServer2.java:addFilter(1025)) - Added filter static_user_filter (class=org.apache.hadoop.http.lib.StaticUserWebFilter$StaticUserFilter) to context static
2025-04-23 14:39:10,521 [main] INFO  http.HttpServer2 (HttpServer2.java:addFilter(1025)) - Added filter static_user_filter (class=org.apache.hadoop.http.lib.StaticUserWebFilter$StaticUserFilter) to context logs
2025-04-23 14:39:10,521 [main] INFO  http.BaseHttpServer (BaseHttpServer.java:<init>(195)) - HTTP server of ozoneManager uses base directory /home/runner/work/ozone/ozone/hadoop-ozone/integration-test/target/test-dir/MiniOzoneClusterImpl-68853c07-42d2-4ef8-9e75-e3a852294e6a/omNode-1/webserver
2025-04-23 14:39:10,521 [main] INFO  http.HttpServer2 (HttpServer2.java:bindListener(1241)) - Jetty bound to port 15007
2025-04-23 14:39:10,521 [main] INFO  server.Server (Server.java:doStart(375)) - jetty-9.4.57.v20241219; built: 2025-01-08T21:24:30.412Z; git: df524e6b29271c2e09ba9aea83c18dc9db464a31; jvm 21.0.7+6-LTS
2025-04-23 14:39:10,522 [main] INFO  server.session (DefaultSessionIdManager.java:doStart(334)) - DefaultSessionIdManager workerName=node0
2025-04-23 14:39:10,522 [main] INFO  server.session (DefaultSessionIdManager.java:doStart(339)) - No SessionScavenger set, using defaults
2025-04-23 14:39:10,523 [main] INFO  server.session (HouseKeeper.java:startScavenging(132)) - node0 Scavenging every 600000ms
2025-04-23 14:39:10,523 [main] INFO  handler.ContextHandler (ContextHandler.java:doStart(921)) - Started o.e.j.s.ServletContextHandler@58662f59{logs,/logs,file:///home/runner/work/ozone/ozone/hadoop-ozone/integration-test/target/log,AVAILABLE}
2025-04-23 14:39:10,523 [main] INFO  handler.ContextHandler (ContextHandler.java:doStart(921)) - Started o.e.j.s.ServletContextHandler@76ed78a8{static,/static,file:///home/runner/work/ozone/ozone/hadoop-ozone/integration-test/target/test-classes/webapps/static,AVAILABLE}
2025-04-23 14:39:10,526 [main] INFO  handler.ContextHandler (ContextHandler.java:doStart(921)) - Started o.e.j.w.WebAppContext@77b7bdc9{ozoneManager,/,file:///home/runner/work/ozone/ozone/hadoop-ozone/integration-test/target/test-classes/webapps/ozoneManager/,AVAILABLE}{file:/home/runner/work/ozone/ozone/hadoop-ozone/integration-test/target/test-classes/webapps/ozoneManager}
2025-04-23 14:39:10,527 [main] INFO  server.AbstractConnector (AbstractConnector.java:doStart(333)) - Started ServerConnector@1f2664ca{HTTP/1.1, (http/1.1)}{0.0.0.0:15007}
2025-04-23 14:39:10,527 [main] INFO  server.Server (Server.java:doStart(415)) - Started @150806ms
2025-04-23 14:39:10,527 [main] WARN  impl.MetricsSystemImpl (MetricsSystemImpl.java:register(279)) - Sink prometheus already exists!
2025-04-23 14:39:10,527 [timer6] WARN  server.GrpcLogAppender (LogUtils.java:warn(121)) - omNode-1@group-523986131536->omNode-3-AppendLogResponseHandler: Failed appendEntries (Repeated 4 times in the last 5.000s): org.apache.ratis.thirdparty.io.grpc.StatusRuntimeException: UNAVAILABLE: io exception
2025-04-23 14:39:10,527 [timer7] WARN  server.GrpcLogAppender (GrpcLogAppender.java:lambda$resetClient$1(221)) - omNode-1@group-523986131536->omNode-3-GrpcLogAppender: Follower failed (request=null, errorCount=22); keep nextIndex (339) unchanged and retry. (Repeated 4 times in the last 5.000s)
2025-04-23 14:39:10,527 [main] INFO  http.BaseHttpServer (BaseHttpServer.java:updateConnectorAddress(360)) - HTTP server of ozoneManager listening at http://0.0.0.0:15007
2025-04-23 14:39:10,528 [IPC Server Responder] INFO  ipc.Server (Server.java:run(1713)) - IPC Server Responder: starting
2025-04-23 14:39:10,528 [IPC Server listener on 15006] INFO  ipc.Server (Server.java:run(1553)) - IPC Server listener on 15006: starting
2025-04-23 14:39:10,530 [main] INFO  om.OzoneManager (OzoneManager.java:startTrashEmptier(2257)) - Trash Interval set to 0. Files deleted won't move to trash
2025-04-23 14:39:10,530 [main] INFO  om.OzoneManager (OzoneManager.java:restart(1878)) - OzoneManager RPC server is listening at localhost/127.0.0.1:15010
2025-04-23 14:39:10,530 [main] INFO  impl.MetricsSystemImpl (MetricsSystemImpl.java:init(158)) - OzoneManager metrics system started (again)
2025-04-23 14:39:10,540 [main] WARN  server.ServerUtils (ServerUtils.java:getDBPath(297)) - ozone.om.db.dirs is not configured. We recommend adding this setting. Falling back to ozone.metadata.dirs instead.
2025-04-23 14:39:10,578 [main] INFO  om.OzoneManager (OzoneManager.java:instantiateServices(933)) - S3 Multi-Tenancy is disabled
2025-04-23 14:39:10,578 [main] INFO  om.OmSnapshotManager (OmSnapshotManager.java:<init>(180)) - Ozone filesystem snapshot feature is enabled.
2025-04-23 14:39:10,578 [main] WARN  server.ServerUtils (ServerUtils.java:getDBPath(297)) - ozone.om.snapshot.diff.db.dir is not configured. We recommend adding this setting. Falling back to ozone.metadata.dirs instead.
2025-04-23 14:39:10,592 [main] WARN  dropwizard3.Dm3MetricRegistriesImpl (Dm3MetricRegistriesImpl.java:addReporterRegistration(114)) - New reporters are added after registries were created. Some metrics will be missing from the reporter. Please add reporter before adding any new registry.
2025-04-23 14:39:10,592 [main] WARN  dropwizard3.Dm3MetricRegistriesImpl (Dm3MetricRegistriesImpl.java:addReporterRegistration(114)) - New reporters are added after registries were created. Some metrics will be missing from the reporter. Please add reporter before adding any new registry.
2025-04-23 14:39:10,592 [main] WARN  server.ServerUtils (ServerUtils.java:getDefaultRatisDirectory(309)) - Storage directory for Ratis is not configured. It is a good idea to map this to an SSD disk. Falling back to ozone.metadata.dirs
2025-04-23 14:39:10,592 [main] INFO  server.RaftServerConfigKeys (ConfUtils.java:logGet(46)) - raft.server.log.appender.buffer.byte-limit = 4194304 (custom)
2025-04-23 14:39:10,593 [main] INFO  ratis.OzoneManagerRatisServer (OzoneManagerRatisServer.java:<init>(167)) - Instantiating OM Ratis server with groupID: om-service-test1 and peers: localhost:15013, localhost:15017, localhost:15009
2025-04-23 14:39:10,593 [main] INFO  ratis.OzoneManagerStateMachine (OzoneManagerStateMachine.java:loadSnapshotInfoFromDB(611)) - LastAppliedIndex is set from TransactionInfo from OM DB as (t:16, i:338)
2025-04-23 14:39:10,594 [main] INFO  server.RaftServer (ConfUtils.java:logGet(46)) - raft.rpc.type = GRPC (default)
2025-04-23 14:39:10,594 [main] INFO  grpc.GrpcConfigKeys (ConfUtils.java:logFallback(53)) - raft.grpc.admin.host = null (fallback to raft.grpc.server.host)
2025-04-23 14:39:10,594 [main] INFO  grpc.GrpcConfigKeys (ConfUtils.java:logFallback(53)) - raft.grpc.admin.port = 15013 (fallback to raft.grpc.server.port)
2025-04-23 14:39:10,594 [main] INFO  grpc.GrpcConfigKeys (ConfUtils.java:logFallback(53)) - raft.grpc.client.host = null (fallback to raft.grpc.server.host)
2025-04-23 14:39:10,594 [main] INFO  grpc.GrpcConfigKeys (ConfUtils.java:logFallback(53)) - raft.grpc.client.port = 15013 (fallback to raft.grpc.server.port)
2025-04-23 14:39:10,594 [main] INFO  grpc.GrpcConfigKeys (ConfUtils.java:logGet(46)) - raft.grpc.server.host = null (default)
2025-04-23 14:39:10,594 [main] INFO  grpc.GrpcConfigKeys (ConfUtils.java:logGet(46)) - raft.grpc.server.port = 15013 (custom)
2025-04-23 14:39:10,594 [main] INFO  server.GrpcService (ConfUtils.java:logGet(46)) - raft.grpc.message.size.max = 5242880 (custom)
2025-04-23 14:39:10,594 [main] INFO  server.GrpcService (ConfUtils.java:logGet(46)) - raft.grpc.flow.control.window = 1MB (=1048576) (default)
2025-04-23 14:39:10,594 [main] INFO  server.RaftServerConfigKeys (ConfUtils.java:logGet(46)) - raft.server.rpc.request.timeout = 3000ms (default)
2025-04-23 14:39:10,595 [main] INFO  grpc.GrpcConfigKeys (ConfUtils.java:logGet(46)) - raft.grpc.server.heartbeat.channel = true (default)
2025-04-23 14:39:10,595 [main] INFO  server.RaftServerConfigKeys (ConfUtils.java:logGet(46)) - raft.server.log.appender.buffer.byte-limit = 4194304 (custom)
2025-04-23 14:39:10,595 [main] INFO  grpc.GrpcConfigKeys (ConfUtils.java:logGet(46)) - raft.grpc.server.async.request.thread.pool.cached = true (default)
2025-04-23 14:39:10,595 [main] INFO  grpc.GrpcConfigKeys (ConfUtils.java:logGet(46)) - raft.grpc.server.async.request.thread.pool.size = 32 (default)
2025-04-23 14:39:10,596 [main] INFO  impl.DataStreamServerImpl (ConfUtils.java:logGet(46)) - raft.datastream.type = DISABLED (default)
2025-04-23 14:39:10,596 [main] INFO  server.RaftServerConfigKeys (ConfUtils.java:logGet(46)) - raft.server.sleep.deviation.threshold = 300ms (default)
2025-04-23 14:39:10,596 [main] INFO  server.RaftServerConfigKeys (ConfUtils.java:logGet(46)) - raft.server.close.threshold = 60s (default)
2025-04-23 14:39:10,596 [main] INFO  server.RaftServerConfigKeys (ConfUtils.java:logGet(46)) - raft.server.leaderelection.leader.step-down.wait-time = 10s (default)
2025-04-23 14:39:10,596 [main] INFO  server.RaftServerConfigKeys (ConfUtils.java:logGet(46)) - raft.server.storage.dir = [/home/runner/work/ozone/ozone/hadoop-ozone/integration-test/target/test-dir/MiniOzoneClusterImpl-68853c07-42d2-4ef8-9e75-e3a852294e6a/omNode-2/ratis] (custom)
2025-04-23 14:39:10,596 [main] INFO  server.RaftServerConfigKeys (ConfUtils.java:logGet(46)) - raft.server.threadpool.proxy.cached = true (default)
2025-04-23 14:39:10,596 [main] INFO  server.RaftServerConfigKeys (ConfUtils.java:logGet(46)) - raft.server.threadpool.proxy.size = 0 (default)
2025-04-23 14:39:10,597 [omNode-2-impl-thread1] INFO  server.RaftServer (RaftServerProxy.java:initGroupDir(265)) - omNode-2: found a subdirectory /home/runner/work/ozone/ozone/hadoop-ozone/integration-test/target/test-dir/MiniOzoneClusterImpl-68853c07-42d2-4ef8-9e75-e3a852294e6a/omNode-2/ratis/c9bc4cf4-3bc3-3c60-a66b-523986131536
2025-04-23 14:39:10,597 [main] INFO  server.RaftServer (RaftServerProxy.java:addNew(100)) - omNode-2: addNew group-523986131536:[omNode-3|localhost:15017, omNode-1|localhost:15009, omNode-2|localhost:15013] returns group-523986131536:java.util.concurrent.CompletableFuture@1b213ac1[Not completed]
2025-04-23 14:39:10,597 [main] INFO  om.OzoneManager (OzoneManager.java:initializeRatisServer(2303)) - OzoneManager Ratis server initialized at port 15013
2025-04-23 14:39:10,597 [main] INFO  ratis.OzoneManagerRatisServer (OzoneManagerRatisServer.java:start(628)) - Starting OzoneManagerRatisServer omNode-2 at port 15013
2025-04-23 14:39:10,597 [omNode-2-groupManagement] INFO  server.RaftServer$Division (RaftServerImpl.java:<init>(255)) - omNode-2: new RaftServerImpl for group-523986131536:[omNode-3|localhost:15017, omNode-1|localhost:15009, omNode-2|localhost:15013] with OzoneManagerStateMachine:uninitialized
2025-04-23 14:39:10,597 [omNode-2-groupManagement] INFO  server.RaftServerConfigKeys (ConfUtils.java:logGet(46)) - raft.server.rpc.timeout.min = 1s (custom)
2025-04-23 14:39:10,597 [omNode-2-groupManagement] INFO  server.RaftServerConfigKeys (ConfUtils.java:logGet(46)) - raft.server.rpc.timeout.max = 1200ms (custom)
2025-04-23 14:39:10,598 [omNode-2-groupManagement] INFO  server.RaftServerConfigKeys (ConfUtils.java:logGet(46)) - raft.server.rpc.sleep.time = 25ms (default)
2025-04-23 14:39:10,598 [omNode-2-groupManagement] INFO  server.RaftServerConfigKeys (ConfUtils.java:logGet(46)) - raft.server.rpc.slowness.timeout = 2s (custom)
2025-04-23 14:39:10,598 [omNode-2-groupManagement] INFO  server.RaftServerConfigKeys (ConfUtils.java:logGet(46)) - raft.server.leaderelection.leader.step-down.wait-time = 10s (default)
2025-04-23 14:39:10,598 [omNode-2-groupManagement] INFO  server.RaftServerConfigKeys (ConfUtils.java:logGet(46)) - raft.server.leaderelection.member.majority-add = false (default)
2025-04-23 14:39:10,598 [omNode-2-groupManagement] INFO  server.RaftServerConfigKeys (ConfUtils.java:logGet(46)) - raft.server.sleep.deviation.threshold = 300ms (default)
2025-04-23 14:39:10,598 [omNode-2-groupManagement] INFO  server.RaftServer$Division (ServerState.java:<init>(114)) - omNode-2@group-523986131536: ConfigurationManager, init=conf: {index: -1, cur=peers:[omNode-3|localhost:15017, omNode-1|localhost:15009, omNode-2|localhost:15013]|listeners:[], old=null}, confs=<EMPTY_MAP>
2025-04-23 14:39:10,598 [omNode-2-groupManagement] INFO  server.RaftServerConfigKeys (ConfUtils.java:logGet(46)) - raft.server.notification.no-leader.timeout = 2s (custom)
2025-04-23 14:39:10,598 [omNode-2-groupManagement] INFO  server.RaftServerConfigKeys (ConfUtils.java:logGet(46)) - raft.server.read.timeout = 10s (default)
2025-04-23 14:39:10,598 [omNode-2-groupManagement] INFO  server.RaftServerConfigKeys (ConfUtils.java:logGet(46)) - raft.server.retrycache.expirytime = 30000ms (custom)
2025-04-23 14:39:10,598 [omNode-2-groupManagement] INFO  server.RaftServerConfigKeys (ConfUtils.java:logGet(46)) - raft.server.retrycache.statistics.expirytime = 100ms (default)
2025-04-23 14:39:10,598 [omNode-2-groupManagement] INFO  server.RaftServerConfigKeys (ConfUtils.java:logGet(46)) - raft.server.read.option = DEFAULT (default)
2025-04-23 14:39:10,598 [omNode-2-groupManagement] INFO  server.RaftServerConfigKeys (ConfUtils.java:logGet(46)) - raft.server.read.read-after-write-consistent.write-index-cache.expiry-time = 60s (default)
2025-04-23 14:39:10,599 [omNode-2-groupManagement] INFO  server.RaftServerConfigKeys (ConfUtils.java:logGet(46)) - raft.server.rpc.request.timeout = 3000ms (default)
2025-04-23 14:39:10,599 [omNode-2-groupManagement] INFO  server.RaftServerConfigKeys (ConfUtils.java:logGet(46)) - raft.server.log.appender.install.snapshot.enabled = false (custom)
2025-04-23 14:39:10,599 [omNode-2-groupManagement] INFO  server.RaftServerConfigKeys (ConfUtils.java:logGet(46)) - raft.server.threadpool.server.cached = true (default)
2025-04-23 14:39:10,599 [omNode-2-groupManagement] INFO  server.RaftServerConfigKeys (ConfUtils.java:logGet(46)) - raft.server.threadpool.server.size = 0 (default)
2025-04-23 14:39:10,599 [omNode-2-groupManagement] INFO  server.RaftServerConfigKeys (ConfUtils.java:logGet(46)) - raft.server.threadpool.client.cached = true (default)
2025-04-23 14:39:10,600 [omNode-2-groupManagement] INFO  server.RaftServerConfigKeys (ConfUtils.java:logGet(46)) - raft.server.threadpool.client.size = 0 (default)
2025-04-23 14:39:10,600 [omNode-2-impl-thread1] INFO  server.RaftServerConfigKeys (ConfUtils.java:logGet(46)) - raft.server.storage.free-space.min = 0MB (=0) (default)
2025-04-23 14:39:10,600 [omNode-2-impl-thread1] INFO  server.RaftServerConfigKeys (ConfUtils.java:logGet(46)) - raft.server.log.corruption.policy = EXCEPTION (default)
2025-04-23 14:39:10,600 [omNode-2-impl-thread1] INFO  server.RaftServerConfigKeys (ConfUtils.java:logGet(46)) - raft.server.storage.dir = [/home/runner/work/ozone/ozone/hadoop-ozone/integration-test/target/test-dir/MiniOzoneClusterImpl-68853c07-42d2-4ef8-9e75-e3a852294e6a/omNode-2/ratis] (custom)
2025-04-23 14:39:10,601 [omNode-2-impl-thread1] INFO  storage.RaftStorageDirectory (RaftStorageDirectoryImpl.java:tryLock(229)) - Lock on /home/runner/work/ozone/ozone/hadoop-ozone/integration-test/target/test-dir/MiniOzoneClusterImpl-68853c07-42d2-4ef8-9e75-e3a852294e6a/omNode-2/ratis/c9bc4cf4-3bc3-3c60-a66b-523986131536/in_use.lock acquired by nodename 129558@fv-az1120-822
2025-04-23 14:39:10,601 [omNode-2-impl-thread1] INFO  storage.RaftStorage (RaftStorageImpl.java:analyzeAndRecoverStorage(118)) - Read RaftStorageMetadata{term=16, votedFor=omNode-1} from /home/runner/work/ozone/ozone/hadoop-ozone/integration-test/target/test-dir/MiniOzoneClusterImpl-68853c07-42d2-4ef8-9e75-e3a852294e6a/omNode-2/ratis/c9bc4cf4-3bc3-3c60-a66b-523986131536/current/raft-meta
2025-04-23 14:39:10,601 [omNode-2-impl-thread1] INFO  server.RaftServer$Division (ServerState.java:setRaftConf(386)) - omNode-2@group-523986131536: set configuration conf: {index: 337, cur=peers:[omNode-3|localhost:15017, omNode-1|localhost:15009, omNode-2|localhost:15013]|listeners:[], old=null}
2025-04-23 14:39:10,601 [omNode-2-impl-thread1] INFO  ratis.OzoneManagerStateMachine (OzoneManagerStateMachine.java:lambda$0(138)) - omNode-2: initialize group-523986131536 with (t:16, i:338)
2025-04-23 14:39:10,601 [omNode-2-impl-thread1] INFO  server.RaftServerConfigKeys (ConfUtils.java:logGet(46)) - raft.server.log.use.memory = false (default)
2025-04-23 14:39:10,601 [omNode-2-impl-thread1] INFO  server.RaftServerConfigKeys (ConfUtils.java:logGet(46)) - raft.server.log.purge.gap = 50 (custom)
2025-04-23 14:39:10,602 [omNode-2-impl-thread1] INFO  server.RaftServerConfigKeys (ConfUtils.java:logGet(46)) - raft.server.log.appender.buffer.byte-limit = 4194304 (custom)
2025-04-23 14:39:10,602 [omNode-2-impl-thread1] INFO  server.RaftServerConfigKeys (ConfUtils.java:logGet(46)) - raft.server.log.statemachine.data.read.timeout = 1000ms (default)
2025-04-23 14:39:10,602 [omNode-2-impl-thread1] INFO  server.RaftServerConfigKeys (ConfUtils.java:logGet(46)) - raft.server.log.purge.preservation.log.num = 0 (default)
2025-04-23 14:39:10,602 [omNode-2-impl-thread1] INFO  server.RaftServerConfigKeys (ConfUtils.java:logGet(46)) - raft.server.log.segment.size.max = 4194304 (custom)
2025-04-23 14:39:10,603 [omNode-2-impl-thread1] INFO  server.RaftServerConfigKeys (ConfUtils.java:logGet(46)) - raft.server.log.segment.cache.num.max = 2 (custom)
2025-04-23 14:39:10,603 [omNode-2-impl-thread1] INFO  server.RaftServerConfigKeys (ConfUtils.java:logGet(46)) - raft.server.log.segment.cache.size.max = 200MB (=209715200) (default)
2025-04-23 14:39:10,603 [omNode-2-impl-thread1] INFO  server.RaftServerConfigKeys (ConfUtils.java:logGet(46)) - raft.server.log.appender.buffer.byte-limit = 4194304 (custom)
2025-04-23 14:39:10,603 [omNode-2-impl-thread1] INFO  util.AwaitToRun (AwaitToRun.java:start(81)) - Thread[#7098,omNode-2@group-523986131536-cacheEviction-AwaitToRun,5,main] started
2025-04-23 14:39:10,603 [omNode-2-impl-thread1] INFO  segmented.SegmentedRaftLogWorker (SegmentedRaftLogWorker.java:<init>(188)) - new omNode-2@group-523986131536-SegmentedRaftLogWorker for RaftStorageImpl:Storage Directory /home/runner/work/ozone/ozone/hadoop-ozone/integration-test/target/test-dir/MiniOzoneClusterImpl-68853c07-42d2-4ef8-9e75-e3a852294e6a/omNode-2/ratis/c9bc4cf4-3bc3-3c60-a66b-523986131536
2025-04-23 14:39:10,603 [omNode-2-impl-thread1] INFO  server.RaftServerConfigKeys (ConfUtils.java:logGet(46)) - raft.server.log.queue.byte-limit = 64MB (=67108864) (default)
2025-04-23 14:39:10,603 [omNode-2-impl-thread1] INFO  server.RaftServerConfigKeys (ConfUtils.java:logGet(46)) - raft.server.log.queue.element-limit = 4096 (default)
2025-04-23 14:39:10,603 [omNode-2-impl-thread1] INFO  server.RaftServerConfigKeys (ConfUtils.java:logGet(46)) - raft.server.log.segment.size.max = 4194304 (custom)
2025-04-23 14:39:10,603 [omNode-2-impl-thread1] INFO  server.RaftServerConfigKeys (ConfUtils.java:logGet(46)) - raft.server.log.preallocated.size = 4194304 (custom)
2025-04-23 14:39:10,603 [omNode-2-impl-thread1] INFO  server.RaftServerConfigKeys (ConfUtils.java:logGet(46)) - raft.server.log.force.sync.num = 128 (default)
2025-04-23 14:39:10,603 [omNode-2-impl-thread1] INFO  server.RaftServerConfigKeys (ConfUtils.java:logGet(46)) - raft.server.log.statemachine.data.sync = true (default)
2025-04-23 14:39:10,603 [omNode-2-impl-thread1] INFO  server.RaftServerConfigKeys (ConfUtils.java:logGet(46)) - raft.server.log.statemachine.data.sync.timeout = 10s (default)
2025-04-23 14:39:10,603 [omNode-2-impl-thread1] INFO  server.RaftServerConfigKeys (ConfUtils.java:logGet(46)) - raft.server.log.statemachine.data.sync.timeout.retry = -1 (default)
2025-04-23 14:39:10,603 [omNode-2-impl-thread1] INFO  server.RaftServerConfigKeys (ConfUtils.java:logGet(46)) - raft.server.log.write.buffer.size = 4194312 (custom)
2025-04-23 14:39:10,605 [omNode-2-impl-thread1] INFO  server.RaftServerConfigKeys (ConfUtils.java:logGet(46)) - raft.server.log.appender.buffer.byte-limit = 4194304 (custom)
2025-04-23 14:39:10,605 [omNode-2-impl-thread1] INFO  server.RaftServerConfigKeys (ConfUtils.java:logGet(46)) - raft.server.log.unsafe-flush.enabled = false (default)
2025-04-23 14:39:10,605 [omNode-2-impl-thread1] INFO  server.RaftServerConfigKeys (ConfUtils.java:logGet(46)) - raft.server.log.async-flush.enabled = false (default)
2025-04-23 14:39:10,605 [omNode-2-impl-thread1] INFO  server.RaftServerConfigKeys (ConfUtils.java:logGet(46)) - raft.server.log.statemachine.data.caching.enabled = false (default)
2025-04-23 14:39:10,605 [omNode-2-impl-thread1] INFO  server.RaftServer$Division (ServerState.java:setRaftConf(386)) - omNode-2@group-523986131536: set configuration conf: {index: 313, cur=peers:[omNode-3|localhost:15017, omNode-1|localhost:15009, omNode-2|localhost:15013]|listeners:[], old=null}
2025-04-23 14:39:10,606 [omNode-2-impl-thread1] INFO  segmented.LogSegment (LogSegment.java:loadSegment(171)) - Successfully read 12 entries from segment file /home/runner/work/ozone/ozone/hadoop-ozone/integration-test/target/test-dir/MiniOzoneClusterImpl-68853c07-42d2-4ef8-9e75-e3a852294e6a/omNode-2/ratis/c9bc4cf4-3bc3-3c60-a66b-523986131536/current/log_313-324
2025-04-23 14:39:10,606 [omNode-2-impl-thread1] INFO  server.RaftServer$Division (ServerState.java:setRaftConf(386)) - omNode-2@group-523986131536: set configuration conf: {index: 325, cur=peers:[omNode-3|localhost:15017, omNode-1|localhost:15009, omNode-2|localhost:15013]|listeners:[], old=null}
2025-04-23 14:39:10,606 [omNode-2-impl-thread1] INFO  segmented.LogSegment (LogSegment.java:loadSegment(171)) - Successfully read 12 entries from segment file /home/runner/work/ozone/ozone/hadoop-ozone/integration-test/target/test-dir/MiniOzoneClusterImpl-68853c07-42d2-4ef8-9e75-e3a852294e6a/omNode-2/ratis/c9bc4cf4-3bc3-3c60-a66b-523986131536/current/log_325-336
2025-04-23 14:39:10,606 [omNode-2-impl-thread1] INFO  server.RaftServer$Division (ServerState.java:setRaftConf(386)) - omNode-2@group-523986131536: set configuration conf: {index: 337, cur=peers:[omNode-3|localhost:15017, omNode-1|localhost:15009, omNode-2|localhost:15013]|listeners:[], old=null}
2025-04-23 14:39:10,606 [omNode-2-impl-thread1] INFO  segmented.LogSegment (LogSegment.java:loadSegment(171)) - Successfully read 2 entries from segment file /home/runner/work/ozone/ozone/hadoop-ozone/integration-test/target/test-dir/MiniOzoneClusterImpl-68853c07-42d2-4ef8-9e75-e3a852294e6a/omNode-2/ratis/c9bc4cf4-3bc3-3c60-a66b-523986131536/current/log_inprogress_337
2025-04-23 14:39:10,606 [omNode-2-impl-thread1] INFO  segmented.SegmentedRaftLogWorker (SegmentedRaftLogWorker.java:lambda$new$0(139)) - omNode-2@group-523986131536-SegmentedRaftLogWorker: flushIndex: setUnconditionally 0 -> 338
2025-04-23 14:39:10,606 [omNode-2-impl-thread1] INFO  segmented.SegmentedRaftLogWorker (SegmentedRaftLogWorker.java:lambda$new$0(139)) - omNode-2@group-523986131536-SegmentedRaftLogWorker: safeCacheEvictIndex: setUnconditionally 0 -> 336
2025-04-23 14:39:10,606 [omNode-2-impl-thread1] INFO  segmented.BufferedWriteChannel (BufferedWriteChannel.java:open(61)) - open log_inprogress_337 (append) at position 128
2025-04-23 14:39:10,607 [omNode-2-impl-thread1] INFO  raftlog.RaftLog (RaftLogBase.java:lambda$new$0(54)) - omNode-2@group-523986131536-SegmentedRaftLog: purgeIndex: updateToMax old=-1, new=312, updated? true
2025-04-23 14:39:10,607 [omNode-2-impl-thread1] INFO  server.RaftServer$Division (RaftServerImpl.java:start(391)) - omNode-2@group-523986131536: start as a follower, conf=conf: {index: 337, cur=peers:[omNode-3|localhost:15017, omNode-1|localhost:15009, omNode-2|localhost:15013]|listeners:[], old=null}
2025-04-23 14:39:10,607 [omNode-2-impl-thread1] INFO  server.RaftServer$Division (RaftServerImpl.java:setRole(378)) - omNode-2@group-523986131536: changes role from      null to FOLLOWER at term 16 for startAsFollower
2025-04-23 14:39:10,607 [omNode-2-impl-thread1] INFO  impl.RoleInfo (RoleInfo.java:updateAndGet(148)) - omNode-2: start omNode-2@group-523986131536-FollowerState
2025-04-23 14:39:10,607 [omNode-2-impl-thread1] INFO  util.JmxRegister (JmxRegister.java:tryRegister(44)) - Successfully registered JMX Bean with object name Ratis:service=RaftServer,group=group-523986131536,id=omNode-2
2025-04-23 14:39:10,607 [omNode-2-impl-thread1] INFO  util.JmxRegister (JmxRegister.java:register(58)) - register mxBean class org.apache.ratis.server.impl.RaftServerJmxAdapter as Ratis:service=RaftServer,group=group-523986131536,id=omNode-2
2025-04-23 14:39:10,607 [omNode-2@group-523986131536-FollowerState] INFO  server.RaftServerConfigKeys (ConfUtils.java:logFallback(53)) - raft.server.rpc.first-election.timeout.min = 1s (fallback to raft.server.rpc.timeout.min)
2025-04-23 14:39:10,607 [omNode-2-impl-thread1] INFO  server.RaftServerConfigKeys (ConfUtils.java:logGet(46)) - raft.server.snapshot.trigger-when-stop.enabled = true (default)
2025-04-23 14:39:10,607 [omNode-2@group-523986131536-FollowerState] INFO  server.RaftServerConfigKeys (ConfUtils.java:logFallback(53)) - raft.server.rpc.first-election.timeout.max = 1200ms (fallback to raft.server.rpc.timeout.max)
2025-04-23 14:39:10,607 [omNode-2-impl-thread1] INFO  server.RaftServerConfigKeys (ConfUtils.java:logGet(46)) - raft.server.snapshot.trigger-when-remove.enabled = true (default)
2025-04-23 14:39:10,607 [omNode-2-impl-thread1] INFO  server.RaftServerConfigKeys (ConfUtils.java:logGet(46)) - raft.server.snapshot.auto.trigger.enabled = true (custom)
2025-04-23 14:39:10,608 [omNode-2-impl-thread1] INFO  server.RaftServerConfigKeys (ConfUtils.java:logGet(46)) - raft.server.snapshot.auto.trigger.threshold = 50 (custom)
2025-04-23 14:39:10,608 [omNode-2-impl-thread1] INFO  server.RaftServerConfigKeys (ConfUtils.java:logGet(46)) - raft.server.snapshot.retention.file.num = -1 (default)
2025-04-23 14:39:10,608 [omNode-2-impl-thread1] INFO  server.RaftServerConfigKeys (ConfUtils.java:logGet(46)) - raft.server.log.purge.upto.snapshot.index = true (custom)
2025-04-23 14:39:10,608 [omNode-2-impl-thread1] INFO  server.RaftServer$Division (RaftServerImpl.java:start(405)) - omNode-2@group-523986131536: Successfully started.
2025-04-23 14:39:10,608 [main] INFO  server.RaftServer (RaftServerProxy.java:startImpl(407)) - omNode-2: start RPC server
2025-04-23 14:39:10,609 [main] INFO  server.GrpcService (GrpcService.java:startImpl(334)) - omNode-2: GrpcService started, listening on 15013
2025-04-23 14:39:10,609 [main] INFO  om.OzoneManager (OzoneManager.java:getRpcServer(1360)) - Creating RPC Server
2025-04-23 14:39:10,609 [JvmPauseMonitor37] INFO  util.JvmPauseMonitor (JvmPauseMonitor.java:run(146)) - JvmPauseMonitor-omNode-2: Started
2025-04-23 14:39:10,752 [omNode-3@group-523986131536-FollowerState] INFO  impl.FollowerState (FollowerState.java:runImpl(161)) - omNode-3@group-523986131536-FollowerState: change to CANDIDATE, lastRpcElapsedTime:1058697923ns, electionTimeout:1058ms
2025-04-23 14:39:10,752 [omNode-3@group-523986131536-FollowerState] INFO  impl.RoleInfo (RoleInfo.java:shutdownFollowerState(121)) - omNode-3: shutdown omNode-3@group-523986131536-FollowerState
2025-04-23 14:39:10,752 [omNode-3@group-523986131536-FollowerState] INFO  server.RaftServer$Division (RaftServerImpl.java:setRole(378)) - omNode-3@group-523986131536: changes role from  FOLLOWER to CANDIDATE at term 16 for changeToCandidate
2025-04-23 14:39:10,752 [omNode-3@group-523986131536-FollowerState] INFO  server.RaftServerConfigKeys (ConfUtils.java:logGet(46)) - raft.server.leaderelection.pre-vote = true (default)
2025-04-23 14:39:10,752 [omNode-3@group-523986131536-FollowerState] INFO  impl.RoleInfo (RoleInfo.java:updateAndGet(148)) - omNode-3: start omNode-3@group-523986131536-LeaderElection34
2025-04-23 14:39:10,753 [omNode-3@group-523986131536-LeaderElection34] INFO  impl.LeaderElection (LeaderElection.java:askForVotes(332)) - omNode-3@group-523986131536-LeaderElection34 PRE_VOTE round 0: submit vote requests at term 16 for conf: {index: 337, cur=peers:[omNode-3|localhost:15017, omNode-1|localhost:15009, omNode-2|localhost:15013]|listeners:[], old=null}
2025-04-23 14:39:10,753 [omNode-3@group-523986131536-LeaderElection34-1] INFO  server.GrpcServerProtocolClient (GrpcServerProtocolClient.java:<init>(65)) - Build channel for omNode-1|localhost:15009
2025-04-23 14:39:10,753 [omNode-3@group-523986131536-LeaderElection34] INFO  server.RaftServerConfigKeys (ConfUtils.java:logFallback(53)) - raft.server.rpc.first-election.timeout.min = 1s (fallback to raft.server.rpc.timeout.min)
2025-04-23 14:39:10,753 [omNode-3@group-523986131536-LeaderElection34] INFO  server.RaftServerConfigKeys (ConfUtils.java:logFallback(53)) - raft.server.rpc.first-election.timeout.max = 1200ms (fallback to raft.server.rpc.timeout.max)
2025-04-23 14:39:10,753 [omNode-3@group-523986131536-LeaderElection34-2] INFO  server.GrpcServerProtocolClient (GrpcServerProtocolClient.java:<init>(65)) - Build channel for omNode-2|localhost:15013
2025-04-23 14:39:10,758 [grpc-default-executor-7] INFO  server.RaftServer$Division (RaftServerImpl.java:requestVote(1407)) - omNode-1@group-523986131536: receive requestVote(PRE_VOTE, omNode-3, group-523986131536, 16, (t:16, i:337))
2025-04-23 14:39:10,758 [grpc-default-executor-2] INFO  server.RaftServer$Division (RaftServerImpl.java:requestVote(1407)) - omNode-2@group-523986131536: receive requestVote(PRE_VOTE, omNode-3, group-523986131536, 16, (t:16, i:337))
2025-04-23 14:39:10,758 [grpc-default-executor-2] INFO  impl.VoteContext (VoteContext.java:log(49)) - omNode-2@group-523986131536-FOLLOWER: reject PRE_VOTE from omNode-3: our last entry (t:16, i:338) > candidate's last entry (t:16, i:337)
2025-04-23 14:39:10,758 [grpc-default-executor-2] INFO  server.RaftServer$Division (RaftServerImpl.java:requestVote(1441)) - omNode-2@group-523986131536 replies to PRE_VOTE vote request: omNode-3<-omNode-2#0:FAIL-t16. Peer's state: omNode-2@group-523986131536:t16, leader=null, voted=omNode-1, raftlog=Memoized:omNode-2@group-523986131536-SegmentedRaftLog:OPENED:c338:last(t:16, i:338), conf=conf: {index: 337, cur=peers:[omNode-3|localhost:15017, omNode-1|localhost:15009, omNode-2|localhost:15013]|listeners:[], old=null}
2025-04-23 14:39:10,758 [grpc-default-executor-7] INFO  impl.VoteContext (VoteContext.java:log(49)) - omNode-1@group-523986131536-FOLLOWER: reject PRE_VOTE from omNode-3: our last entry (t:16, i:338) > candidate's last entry (t:16, i:337)
2025-04-23 14:39:10,759 [grpc-default-executor-7] INFO  server.RaftServer$Division (RaftServerImpl.java:requestVote(1441)) - omNode-1@group-523986131536 replies to PRE_VOTE vote request: omNode-3<-omNode-1#0:FAIL-t16. Peer's state: omNode-1@group-523986131536:t16, leader=null, voted=omNode-1, raftlog=Memoized:omNode-1@group-523986131536-SegmentedRaftLog:OPENED:c338:last(t:16, i:338), conf=conf: {index: 337, cur=peers:[omNode-3|localhost:15017, omNode-1|localhost:15009, omNode-2|localhost:15013]|listeners:[], old=null}
2025-04-23 14:39:10,759 [omNode-3@group-523986131536-LeaderElection34] INFO  impl.LeaderElection (LeaderElection.java:logAndReturn(90)) - omNode-3@group-523986131536-LeaderElection34: PRE_VOTE REJECTED received 2 response(s) and 0 exception(s):
2025-04-23 14:39:10,759 [omNode-3@group-523986131536-LeaderElection34] INFO  impl.LeaderElection (LeaderElection.java:logAndReturn(94)) -   Response 0: omNode-3<-omNode-1#0:FAIL-t16
2025-04-23 14:39:10,759 [omNode-3@group-523986131536-LeaderElection34] INFO  impl.LeaderElection (LeaderElection.java:logAndReturn(94)) -   Response 1: omNode-3<-omNode-2#0:FAIL-t16
2025-04-23 14:39:10,759 [omNode-3@group-523986131536-LeaderElection34] INFO  impl.LeaderElection (LeaderElection.java:askForVotes(334)) - omNode-3@group-523986131536-LeaderElection34 PRE_VOTE round 0: result REJECTED
2025-04-23 14:39:10,759 [omNode-3@group-523986131536-LeaderElection34] INFO  server.RaftServer$Division (RaftServerImpl.java:setRole(378)) - omNode-3@group-523986131536: changes role from CANDIDATE to FOLLOWER at term 16 for REJECTED
2025-04-23 14:39:10,759 [omNode-3@group-523986131536-LeaderElection34] INFO  impl.RoleInfo (RoleInfo.java:shutdownLeaderElection(141)) - omNode-3: shutdown omNode-3@group-523986131536-LeaderElection34
2025-04-23 14:39:10,759 [omNode-3@group-523986131536-LeaderElection34] INFO  impl.RoleInfo (RoleInfo.java:updateAndGet(148)) - omNode-3: start omNode-3@group-523986131536-FollowerState
2025-04-23 14:39:10,760 [omNode-3@group-523986131536-LeaderElection34] INFO  server.RaftServer$Division (RaftServerImpl.java:setFirstElection(562)) - omNode-3@group-523986131536: set firstElectionSinceStartup to false for REJECTED
2025-04-23 14:39:10,760 [omNode-3@group-523986131536-FollowerState] INFO  server.RaftServerConfigKeys (ConfUtils.java:logFallback(53)) - raft.server.rpc.first-election.timeout.min = 1s (fallback to raft.server.rpc.timeout.min)
2025-04-23 14:39:10,760 [omNode-3@group-523986131536-FollowerState] INFO  server.RaftServerConfigKeys (ConfUtils.java:logFallback(53)) - raft.server.rpc.first-election.timeout.max = 1200ms (fallback to raft.server.rpc.timeout.max)
2025-04-23 14:39:10,950 [main] INFO  reflections.Reflections (Reflections.java:scan(219)) - Reflections took 341 ms to scan 22 urls, producing 61 keys and 7422 values
2025-04-23 14:39:10,951 [main] INFO  ipc.CallQueueManager (CallQueueManager.java:<init>(93)) - Using callQueue: class java.util.concurrent.LinkedBlockingQueue, queueCapacity: 2000, scheduler: class org.apache.hadoop.ipc.DefaultRpcScheduler, ipcBackoff: false, ipcFailOver: false.
2025-04-23 14:39:10,952 [main] INFO  ipc.Server (Server.java:<init>(1438)) - Listener at localhost:15010
2025-04-23 14:39:10,952 [Socket Reader #1 for port 15010] INFO  ipc.Server (Server.java:run(1474)) - Starting Socket Reader #1 for port 15010
2025-04-23 14:39:10,952 [Socket Reader #2 for port 15010] INFO  ipc.Server (Server.java:run(1474)) - Starting Socket Reader #2 for port 15010
2025-04-23 14:39:10,952 [Socket Reader #3 for port 15010] INFO  ipc.Server (Server.java:run(1474)) - Starting Socket Reader #3 for port 15010
2025-04-23 14:39:10,952 [Socket Reader #4 for port 15010] INFO  ipc.Server (Server.java:run(1474)) - Starting Socket Reader #4 for port 15010
2025-04-23 14:39:10,952 [Socket Reader #5 for port 15010] INFO  ipc.Server (Server.java:run(1474)) - Starting Socket Reader #5 for port 15010
2025-04-23 14:39:10,953 [Socket Reader #6 for port 15010] INFO  ipc.Server (Server.java:run(1474)) - Starting Socket Reader #6 for port 15010
2025-04-23 14:39:10,953 [Socket Reader #7 for port 15010] INFO  ipc.Server (Server.java:run(1474)) - Starting Socket Reader #7 for port 15010
2025-04-23 14:39:10,953 [Socket Reader #8 for port 15010] INFO  ipc.Server (Server.java:run(1474)) - Starting Socket Reader #8 for port 15010
2025-04-23 14:39:10,953 [Socket Reader #9 for port 15010] INFO  ipc.Server (Server.java:run(1474)) - Starting Socket Reader #9 for port 15010
2025-04-23 14:39:10,953 [Socket Reader #10 for port 15010] INFO  ipc.Server (Server.java:run(1474)) - Starting Socket Reader #10 for port 15010
2025-04-23 14:39:10,955 [main] INFO  http.BaseHttpServer (BaseHttpServer.java:newHttpServer2BuilderForOzone(229)) - Starting Web-server for ozoneManager at: http://0.0.0.0:15011
2025-04-23 14:39:10,955 [main] INFO  http.BaseHttpServer (BaseHttpServer.java:<init>(107)) - Hadoop Security Enabled: false Ozone Security Enabled: false Ozone HTTP Security Enabled: false 
2025-04-23 14:39:10,956 [main] WARN  server.AuthenticationFilter (AuthenticationFilter.java:constructSecretProvider(240)) - Unable to initialize FileSignerSecretProvider, falling back to use random secrets. Reason: Could not read signature secret file: /home/runner/hadoop-http-auth-signature-secret
2025-04-23 14:39:10,957 [main] INFO  http.HttpServer2 (HttpServer2.java:addGlobalFilter(1041)) - Added global filter 'safety' (class=org.apache.hadoop.hdds.server.http.HttpServer2$QuotingInputFilter)
2025-04-23 14:39:10,958 [main] INFO  http.HttpServer2 (HttpServer2.java:addFilter(1017)) - Added filter static_user_filter (class=org.apache.hadoop.http.lib.StaticUserWebFilter$StaticUserFilter) to context ozoneManager
2025-04-23 14:39:10,958 [main] INFO  http.HttpServer2 (HttpServer2.java:addFilter(1025)) - Added filter static_user_filter (class=org.apache.hadoop.http.lib.StaticUserWebFilter$StaticUserFilter) to context logs
2025-04-23 14:39:10,958 [main] INFO  http.HttpServer2 (HttpServer2.java:addFilter(1025)) - Added filter static_user_filter (class=org.apache.hadoop.http.lib.StaticUserWebFilter$StaticUserFilter) to context static
2025-04-23 14:39:10,958 [main] INFO  http.BaseHttpServer (BaseHttpServer.java:<init>(195)) - HTTP server of ozoneManager uses base directory /home/runner/work/ozone/ozone/hadoop-ozone/integration-test/target/test-dir/MiniOzoneClusterImpl-68853c07-42d2-4ef8-9e75-e3a852294e6a/omNode-2/webserver
2025-04-23 14:39:10,958 [main] INFO  http.HttpServer2 (HttpServer2.java:bindListener(1241)) - Jetty bound to port 15011
2025-04-23 14:39:10,958 [main] INFO  server.Server (Server.java:doStart(375)) - jetty-9.4.57.v20241219; built: 2025-01-08T21:24:30.412Z; git: df524e6b29271c2e09ba9aea83c18dc9db464a31; jvm 21.0.7+6-LTS
2025-04-23 14:39:10,959 [main] INFO  server.session (DefaultSessionIdManager.java:doStart(334)) - DefaultSessionIdManager workerName=node0
2025-04-23 14:39:10,960 [main] INFO  server.session (DefaultSessionIdManager.java:doStart(339)) - No SessionScavenger set, using defaults
2025-04-23 14:39:10,960 [main] INFO  server.session (HouseKeeper.java:startScavenging(132)) - node0 Scavenging every 660000ms
2025-04-23 14:39:10,960 [main] INFO  handler.ContextHandler (ContextHandler.java:doStart(921)) - Started o.e.j.s.ServletContextHandler@31348382{logs,/logs,file:///home/runner/work/ozone/ozone/hadoop-ozone/integration-test/target/log,AVAILABLE}
2025-04-23 14:39:10,960 [main] INFO  handler.ContextHandler (ContextHandler.java:doStart(921)) - Started o.e.j.s.ServletContextHandler@3be0ae4c{static,/static,file:///home/runner/work/ozone/ozone/hadoop-ozone/integration-test/target/test-classes/webapps/static,AVAILABLE}
2025-04-23 14:39:10,964 [main] INFO  handler.ContextHandler (ContextHandler.java:doStart(921)) - Started o.e.j.w.WebAppContext@1c30184a{ozoneManager,/,file:///home/runner/work/ozone/ozone/hadoop-ozone/integration-test/target/test-classes/webapps/ozoneManager/,AVAILABLE}{file:/home/runner/work/ozone/ozone/hadoop-ozone/integration-test/target/test-classes/webapps/ozoneManager}
2025-04-23 14:39:10,965 [main] INFO  server.AbstractConnector (AbstractConnector.java:doStart(333)) - Started ServerConnector@42854aa2{HTTP/1.1, (http/1.1)}{0.0.0.0:15011}
2025-04-23 14:39:10,966 [main] INFO  server.Server (Server.java:doStart(415)) - Started @151245ms
2025-04-23 14:39:10,966 [main] WARN  impl.MetricsSystemImpl (MetricsSystemImpl.java:register(279)) - Sink prometheus already exists!
2025-04-23 14:39:10,966 [main] INFO  http.BaseHttpServer (BaseHttpServer.java:updateConnectorAddress(360)) - HTTP server of ozoneManager listening at http://0.0.0.0:15011
2025-04-23 14:39:10,967 [IPC Server Responder] INFO  ipc.Server (Server.java:run(1713)) - IPC Server Responder: starting
2025-04-23 14:39:10,967 [IPC Server listener on 15010] INFO  ipc.Server (Server.java:run(1553)) - IPC Server listener on 15010: starting
2025-04-23 14:39:10,971 [main] INFO  om.OzoneManager (OzoneManager.java:startTrashEmptier(2257)) - Trash Interval set to 0. Files deleted won't move to trash
]]></system-out>
  </testcase>
  <testcase name="testIncrementalWaitTimeWithSameNodeFailover" classname="org.apache.hadoop.ozone.om.TestOzoneManagerHAWithStoppedNodes" time="5.863">
    <error message="org.apache.ratis.util.ExitUtils$ExitException: OM Ratis Server has received unrecoverable error, to avoid further DB corruption, terminating OM. Error Response received is:cmdType: CreateKey&#10;traceID: &quot;&quot;&#10;success: false&#10;message: &quot;com.google.protobuf.InvalidProtocolBufferException: Message missing required fields: volumeName, bucketName, keyName, dataSize, type, creationTime, modificationTime\n\tat com.google.protobuf.UninitializedMessageException.asInvalidProtocolBufferException(UninitializedMessageException.java:81)\n\tat com.google.protobuf.AbstractParser.checkMessageInitialized(AbstractParser.java:71)\n\tat com.google.protobuf.AbstractParser.parseFrom(AbstractParser.java:217)\n\tat com.google.protobuf.AbstractParser.parseFrom(AbstractParser.java:223)\n\tat com.google.protobuf.AbstractParser.parseFrom(AbstractParser.java:49)\n\tat org.apache.hadoop.hdds.utils.db.Proto2Codec.fromCodecBuffer(Proto2Codec.java:84)\n\tat org.apache.hadoop.hdds.utils.db.Proto2Codec.fromCodecBuffer(Proto2Codec.java:34)\n\tat org.apache.hadoop.hdds.utils.db.DelegatedCodec.fromCodecBuffer(DelegatedCodec.java:83)\n\tat org.apache.hadoop.hdds.utils.db.TypedTable.getFromTable(TypedTable.java:371)\n\tat org.apache.hadoop.hdds.utils.db.TypedTable.getFromTableIfExist(TypedTable.java:393)\n\tat org.apache.hadoop.hdds.utils.db.TypedTable.getIfExist(TypedTable.java:310)\n\tat org.apache.hadoop.ozone.om.request.key.OMKeyCreateRequest.validateAndUpdateCache(OMKeyCreateRequest.java:228)\n\tat org.apache.hadoop.ozone.protocolPB.OzoneManagerRequestHandler.lambda$0(OzoneManagerRequestHandler.java:419)\n\tat org.apache.hadoop.ozone.util.MetricUtil.captureLatencyNs(MetricUtil.java:45)\n\tat org.apache.hadoop.ozone.protocolPB.OzoneManagerRequestHandler.handleWriteRequestImpl(OzoneManagerRequestHandler.java:417)\n\tat org.apache.hadoop.ozone.protocolPB.RequestHandler.handleWriteRequest(RequestHandler.java:62)\n\tat org.apache.hadoop.ozone.om.ratis.OzoneManagerStateMachine.runCommand(OzoneManagerStateMachine.java:563)\n\tat org.apache.hadoop.ozone.om.ratis.OzoneManagerStateMachine.lambda$2(OzoneManagerStateMachine.java:379)\n\tat java.base/java.util.concurrent.CompletableFuture$AsyncSupply.run(CompletableFuture.java:1768)\n\tat java.base/java.util.concurrent.ThreadPoolExecutor.runWorker(ThreadPoolExecutor.java:1144)\n\tat java.base/java.util.concurrent.ThreadPoolExecutor$Worker.run(ThreadPoolExecutor.java:642)\n\tat java.base/java.lang.Thread.run(Thread.java:1583)\n&quot;&#10;status: INTERNAL_ERROR&#10;omLockDetails {&#10;  isLockAcquired: false&#10;  waitLockNanos: 1834&#10;  readLockNanos: 0&#10;  writeLockNanos: 5154401&#10;}&#10;" type="INTERNAL_ERROR org.apache.hadoop.ozone.om.exceptions.OMException"><![CDATA[INTERNAL_ERROR org.apache.hadoop.ozone.om.exceptions.OMException: org.apache.ratis.util.ExitUtils$ExitException: OM Ratis Server has received unrecoverable error, to avoid further DB corruption, terminating OM. Error Response received is:cmdType: CreateKey
traceID: ""
success: false
message: "com.google.protobuf.InvalidProtocolBufferException: Message missing required fields: volumeName, bucketName, keyName, dataSize, type, creationTime, modificationTime\n\tat com.google.protobuf.UninitializedMessageException.asInvalidProtocolBufferException(UninitializedMessageException.java:81)\n\tat com.google.protobuf.AbstractParser.checkMessageInitialized(AbstractParser.java:71)\n\tat com.google.protobuf.AbstractParser.parseFrom(AbstractParser.java:217)\n\tat com.google.protobuf.AbstractParser.parseFrom(AbstractParser.java:223)\n\tat com.google.protobuf.AbstractParser.parseFrom(AbstractParser.java:49)\n\tat org.apache.hadoop.hdds.utils.db.Proto2Codec.fromCodecBuffer(Proto2Codec.java:84)\n\tat org.apache.hadoop.hdds.utils.db.Proto2Codec.fromCodecBuffer(Proto2Codec.java:34)\n\tat org.apache.hadoop.hdds.utils.db.DelegatedCodec.fromCodecBuffer(DelegatedCodec.java:83)\n\tat org.apache.hadoop.hdds.utils.db.TypedTable.getFromTable(TypedTable.java:371)\n\tat org.apache.hadoop.hdds.utils.db.TypedTable.getFromTableIfExist(TypedTable.java:393)\n\tat org.apache.hadoop.hdds.utils.db.TypedTable.getIfExist(TypedTable.java:310)\n\tat org.apache.hadoop.ozone.om.request.key.OMKeyCreateRequest.validateAndUpdateCache(OMKeyCreateRequest.java:228)\n\tat org.apache.hadoop.ozone.protocolPB.OzoneManagerRequestHandler.lambda$0(OzoneManagerRequestHandler.java:419)\n\tat org.apache.hadoop.ozone.util.MetricUtil.captureLatencyNs(MetricUtil.java:45)\n\tat org.apache.hadoop.ozone.protocolPB.OzoneManagerRequestHandler.handleWriteRequestImpl(OzoneManagerRequestHandler.java:417)\n\tat org.apache.hadoop.ozone.protocolPB.RequestHandler.handleWriteRequest(RequestHandler.java:62)\n\tat org.apache.hadoop.ozone.om.ratis.OzoneManagerStateMachine.runCommand(OzoneManagerStateMachine.java:563)\n\tat org.apache.hadoop.ozone.om.ratis.OzoneManagerStateMachine.lambda$2(OzoneManagerStateMachine.java:379)\n\tat java.base/java.util.concurrent.CompletableFuture$AsyncSupply.run(CompletableFuture.java:1768)\n\tat java.base/java.util.concurrent.ThreadPoolExecutor.runWorker(ThreadPoolExecutor.java:1144)\n\tat java.base/java.util.concurrent.ThreadPoolExecutor$Worker.run(ThreadPoolExecutor.java:642)\n\tat java.base/java.lang.Thread.run(Thread.java:1583)\n"
status: INTERNAL_ERROR
omLockDetails {
  isLockAcquired: false
  waitLockNanos: 1834
  readLockNanos: 0
  writeLockNanos: 5154401
}

	at org.apache.hadoop.ozone.om.protocolPB.OzoneManagerProtocolClientSideTranslatorPB.handleError(OzoneManagerProtocolClientSideTranslatorPB.java:762)
	at org.apache.hadoop.ozone.om.protocolPB.OzoneManagerProtocolClientSideTranslatorPB.handleSubmitRequestAndSCMSafeModeRetry(OzoneManagerProtocolClientSideTranslatorPB.java:2358)
	at org.apache.hadoop.ozone.om.protocolPB.OzoneManagerProtocolClientSideTranslatorPB.openKey(OzoneManagerProtocolClientSideTranslatorPB.java:753)
	at org.apache.hadoop.ozone.client.rpc.RpcClient.createKey(RpcClient.java:1388)
	at org.apache.hadoop.ozone.client.rpc.RpcClient.createKey(RpcClient.java:1358)
	at org.apache.hadoop.ozone.client.rpc.RpcClient.createKey(RpcClient.java:1348)
	at org.apache.hadoop.ozone.client.OzoneBucket.createKey(OzoneBucket.java:451)
	at org.apache.hadoop.ozone.om.TestOzoneManagerHA.createKeyTest(TestOzoneManagerHA.java:425)
	at org.apache.hadoop.ozone.om.TestOzoneManagerHAWithStoppedNodes.testIncrementalWaitTimeWithSameNodeFailover(TestOzoneManagerHAWithStoppedNodes.java:493)
	at java.base/java.lang.reflect.Method.invoke(Method.java:580)
	at java.base/java.util.ArrayList.forEach(ArrayList.java:1596)
	at java.base/java.util.ArrayList.forEach(ArrayList.java:1596)
]]></error>
    <system-out><![CDATA[2025-04-23 14:39:11,203 [omNode-1@group-523986131536-FollowerState] INFO  impl.FollowerState (FollowerState.java:runImpl(161)) - omNode-1@group-523986131536-FollowerState: change to CANDIDATE, lastRpcElapsedTime:1021585723ns, electionTimeout:1021ms
2025-04-23 14:39:11,203 [omNode-1@group-523986131536-FollowerState] INFO  impl.RoleInfo (RoleInfo.java:shutdownFollowerState(121)) - omNode-1: shutdown omNode-1@group-523986131536-FollowerState
2025-04-23 14:39:11,203 [omNode-1@group-523986131536-FollowerState] INFO  server.RaftServer$Division (RaftServerImpl.java:setRole(378)) - omNode-1@group-523986131536: changes role from  FOLLOWER to CANDIDATE at term 16 for changeToCandidate
2025-04-23 14:39:11,203 [omNode-1@group-523986131536-FollowerState] INFO  server.RaftServerConfigKeys (ConfUtils.java:logGet(46)) - raft.server.leaderelection.pre-vote = true (default)
2025-04-23 14:39:11,203 [omNode-1@group-523986131536-FollowerState] INFO  impl.RoleInfo (RoleInfo.java:updateAndGet(148)) - omNode-1: start omNode-1@group-523986131536-LeaderElection35
2025-04-23 14:39:11,204 [omNode-1@group-523986131536-LeaderElection35] INFO  impl.LeaderElection (LeaderElection.java:askForVotes(332)) - omNode-1@group-523986131536-LeaderElection35 PRE_VOTE round 0: submit vote requests at term 16 for conf: {index: 337, cur=peers:[omNode-3|localhost:15017, omNode-1|localhost:15009, omNode-2|localhost:15013]|listeners:[], old=null}
2025-04-23 14:39:11,204 [omNode-1@group-523986131536-LeaderElection35-1] INFO  server.GrpcServerProtocolClient (GrpcServerProtocolClient.java:<init>(65)) - Build channel for omNode-3|localhost:15017
2025-04-23 14:39:11,204 [omNode-1@group-523986131536-LeaderElection35] INFO  server.RaftServerConfigKeys (ConfUtils.java:logFallback(53)) - raft.server.rpc.first-election.timeout.min = 1s (fallback to raft.server.rpc.timeout.min)
2025-04-23 14:39:11,204 [omNode-1@group-523986131536-LeaderElection35-2] INFO  server.GrpcServerProtocolClient (GrpcServerProtocolClient.java:<init>(65)) - Build channel for omNode-2|localhost:15013
2025-04-23 14:39:11,204 [omNode-1@group-523986131536-LeaderElection35] INFO  server.RaftServerConfigKeys (ConfUtils.java:logFallback(53)) - raft.server.rpc.first-election.timeout.max = 1200ms (fallback to raft.server.rpc.timeout.max)
2025-04-23 14:39:11,207 [grpc-default-executor-2] INFO  server.RaftServer$Division (RaftServerImpl.java:requestVote(1407)) - omNode-2@group-523986131536: receive requestVote(PRE_VOTE, omNode-1, group-523986131536, 16, (t:16, i:338))
2025-04-23 14:39:11,207 [grpc-default-executor-2] INFO  impl.VoteContext (VoteContext.java:log(49)) - omNode-2@group-523986131536-FOLLOWER: accept PRE_VOTE from omNode-1: our priority 0 <= candidate's priority 0
2025-04-23 14:39:11,207 [grpc-default-executor-7] INFO  server.RaftServer$Division (RaftServerImpl.java:requestVote(1407)) - omNode-3@group-523986131536: receive requestVote(PRE_VOTE, omNode-1, group-523986131536, 16, (t:16, i:338))
2025-04-23 14:39:11,207 [grpc-default-executor-2] INFO  server.RaftServer$Division (RaftServerImpl.java:requestVote(1441)) - omNode-2@group-523986131536 replies to PRE_VOTE vote request: omNode-1<-omNode-2#0:OK-t16. Peer's state: omNode-2@group-523986131536:t16, leader=null, voted=omNode-1, raftlog=Memoized:omNode-2@group-523986131536-SegmentedRaftLog:OPENED:c338:last(t:16, i:338), conf=conf: {index: 337, cur=peers:[omNode-3|localhost:15017, omNode-1|localhost:15009, omNode-2|localhost:15013]|listeners:[], old=null}
2025-04-23 14:39:11,207 [grpc-default-executor-7] INFO  impl.VoteContext (VoteContext.java:log(49)) - omNode-3@group-523986131536-FOLLOWER: accept PRE_VOTE from omNode-1: our last entry (t:16, i:337) < candidate's last entry (t:16, i:338)
2025-04-23 14:39:11,207 [grpc-default-executor-7] INFO  server.RaftServer$Division (RaftServerImpl.java:requestVote(1441)) - omNode-3@group-523986131536 replies to PRE_VOTE vote request: omNode-1<-omNode-3#0:OK-t16. Peer's state: omNode-3@group-523986131536:t16, leader=null, voted=omNode-1, raftlog=Memoized:omNode-3@group-523986131536-SegmentedRaftLog:OPENED:c336:last(t:16, i:337), conf=conf: {index: 337, cur=peers:[omNode-3|localhost:15017, omNode-1|localhost:15009, omNode-2|localhost:15013]|listeners:[], old=null}
2025-04-23 14:39:11,208 [omNode-1@group-523986131536-LeaderElection35] INFO  impl.LeaderElection (LeaderElection.java:logAndReturn(90)) - omNode-1@group-523986131536-LeaderElection35: PRE_VOTE PASSED received 1 response(s) and 0 exception(s):
2025-04-23 14:39:11,208 [omNode-1@group-523986131536-LeaderElection35] INFO  impl.LeaderElection (LeaderElection.java:logAndReturn(94)) -   Response 0: omNode-1<-omNode-2#0:OK-t16
2025-04-23 14:39:11,208 [omNode-1@group-523986131536-LeaderElection35] INFO  impl.LeaderElection (LeaderElection.java:askForVotes(334)) - omNode-1@group-523986131536-LeaderElection35 PRE_VOTE round 0: result PASSED
2025-04-23 14:39:11,209 [omNode-1@group-523986131536-LeaderElection35] INFO  impl.LeaderElection (LeaderElection.java:askForVotes(332)) - omNode-1@group-523986131536-LeaderElection35 ELECTION round 0: submit vote requests at term 17 for conf: {index: 337, cur=peers:[omNode-3|localhost:15017, omNode-1|localhost:15009, omNode-2|localhost:15013]|listeners:[], old=null}
2025-04-23 14:39:11,210 [omNode-1@group-523986131536-LeaderElection35] INFO  server.RaftServerConfigKeys (ConfUtils.java:logFallback(53)) - raft.server.rpc.first-election.timeout.min = 1s (fallback to raft.server.rpc.timeout.min)
2025-04-23 14:39:11,210 [omNode-1@group-523986131536-LeaderElection35] INFO  server.RaftServerConfigKeys (ConfUtils.java:logFallback(53)) - raft.server.rpc.first-election.timeout.max = 1200ms (fallback to raft.server.rpc.timeout.max)
2025-04-23 14:39:11,210 [grpc-default-executor-7] INFO  server.RaftServer$Division (RaftServerImpl.java:requestVote(1407)) - omNode-3@group-523986131536: receive requestVote(ELECTION, omNode-1, group-523986131536, 17, (t:16, i:338))
2025-04-23 14:39:11,210 [grpc-default-executor-7] INFO  impl.VoteContext (VoteContext.java:log(49)) - omNode-3@group-523986131536-FOLLOWER: accept ELECTION from omNode-1: our last entry (t:16, i:337) < candidate's last entry (t:16, i:338)
2025-04-23 14:39:11,210 [grpc-default-executor-7] INFO  server.RaftServer$Division (RaftServerImpl.java:setRole(378)) - omNode-3@group-523986131536: changes role from  FOLLOWER to FOLLOWER at term 16 for candidate:omNode-1
2025-04-23 14:39:11,210 [grpc-default-executor-7] INFO  impl.RoleInfo (RoleInfo.java:shutdownFollowerState(121)) - omNode-3: shutdown omNode-3@group-523986131536-FollowerState
2025-04-23 14:39:11,211 [grpc-default-executor-7] INFO  impl.RoleInfo (RoleInfo.java:updateAndGet(148)) - omNode-3: start omNode-3@group-523986131536-FollowerState
2025-04-23 14:39:11,211 [omNode-3@group-523986131536-FollowerState] INFO  impl.FollowerState (FollowerState.java:runImpl(170)) - omNode-3@group-523986131536-FollowerState was interrupted
2025-04-23 14:39:11,211 [grpc-default-executor-2] INFO  server.RaftServer$Division (RaftServerImpl.java:requestVote(1407)) - omNode-2@group-523986131536: receive requestVote(ELECTION, omNode-1, group-523986131536, 17, (t:16, i:338))
2025-04-23 14:39:11,211 [grpc-default-executor-2] INFO  impl.VoteContext (VoteContext.java:log(49)) - omNode-2@group-523986131536-FOLLOWER: accept ELECTION from omNode-1: our priority 0 <= candidate's priority 0
2025-04-23 14:39:11,211 [grpc-default-executor-2] INFO  server.RaftServer$Division (RaftServerImpl.java:setRole(378)) - omNode-2@group-523986131536: changes role from  FOLLOWER to FOLLOWER at term 16 for candidate:omNode-1
2025-04-23 14:39:11,211 [grpc-default-executor-2] INFO  impl.RoleInfo (RoleInfo.java:shutdownFollowerState(121)) - omNode-2: shutdown omNode-2@group-523986131536-FollowerState
2025-04-23 14:39:11,211 [grpc-default-executor-2] INFO  impl.RoleInfo (RoleInfo.java:updateAndGet(148)) - omNode-2: start omNode-2@group-523986131536-FollowerState
2025-04-23 14:39:11,211 [omNode-2@group-523986131536-FollowerState] INFO  impl.FollowerState (FollowerState.java:runImpl(170)) - omNode-2@group-523986131536-FollowerState was interrupted
2025-04-23 14:39:11,211 [grpc-default-executor-2] INFO  server.RaftServer$Division (RaftServerImpl.java:setFirstElection(562)) - omNode-2@group-523986131536: set firstElectionSinceStartup to false for candidate:omNode-1
2025-04-23 14:39:11,212 [grpc-default-executor-7] INFO  server.RaftServer$Division (RaftServerImpl.java:requestVote(1441)) - omNode-3@group-523986131536 replies to ELECTION vote request: omNode-1<-omNode-3#0:OK-t17. Peer's state: omNode-3@group-523986131536:t17, leader=null, voted=omNode-1, raftlog=Memoized:omNode-3@group-523986131536-SegmentedRaftLog:OPENED:c336:last(t:16, i:337), conf=conf: {index: 337, cur=peers:[omNode-3|localhost:15017, omNode-1|localhost:15009, omNode-2|localhost:15013]|listeners:[], old=null}
2025-04-23 14:39:11,212 [grpc-default-executor-2] INFO  server.RaftServer$Division (RaftServerImpl.java:requestVote(1441)) - omNode-2@group-523986131536 replies to ELECTION vote request: omNode-1<-omNode-2#0:OK-t17. Peer's state: omNode-2@group-523986131536:t17, leader=null, voted=omNode-1, raftlog=Memoized:omNode-2@group-523986131536-SegmentedRaftLog:OPENED:c338:last(t:16, i:338), conf=conf: {index: 337, cur=peers:[omNode-3|localhost:15017, omNode-1|localhost:15009, omNode-2|localhost:15013]|listeners:[], old=null}
2025-04-23 14:39:11,213 [omNode-1@group-523986131536-LeaderElection35] INFO  impl.LeaderElection (LeaderElection.java:logAndReturn(90)) - omNode-1@group-523986131536-LeaderElection35: ELECTION PASSED received 1 response(s) and 0 exception(s):
2025-04-23 14:39:11,213 [omNode-1@group-523986131536-LeaderElection35] INFO  impl.LeaderElection (LeaderElection.java:logAndReturn(94)) -   Response 0: omNode-1<-omNode-3#0:OK-t17
2025-04-23 14:39:11,213 [omNode-1@group-523986131536-LeaderElection35] INFO  impl.LeaderElection (LeaderElection.java:askForVotes(334)) - omNode-1@group-523986131536-LeaderElection35 ELECTION round 0: result PASSED
2025-04-23 14:39:11,213 [omNode-1@group-523986131536-LeaderElection35] INFO  impl.RoleInfo (RoleInfo.java:shutdownLeaderElection(141)) - omNode-1: shutdown omNode-1@group-523986131536-LeaderElection35
2025-04-23 14:39:11,213 [omNode-1@group-523986131536-LeaderElection35] INFO  server.RaftServer$Division (RaftServerImpl.java:setRole(378)) - omNode-1@group-523986131536: changes role from CANDIDATE to LEADER at term 17 for changeToLeader
2025-04-23 14:39:11,213 [omNode-1@group-523986131536-LeaderElection35] INFO  server.RaftServerConfigKeys (ConfUtils.java:logGet(46)) - raft.server.staging.catchup.gap = 1000 (default)
2025-04-23 14:39:11,213 [omNode-1@group-523986131536-LeaderElection35] INFO  server.RaftServerConfigKeys (ConfUtils.java:logGet(46)) - raft.server.write.element-limit = 4096 (default)
2025-04-23 14:39:11,213 [omNode-1@group-523986131536-LeaderElection35] INFO  server.RaftServerConfigKeys (ConfUtils.java:logGet(46)) - raft.server.write.byte-limit = 64MB (=67108864) (default)
2025-04-23 14:39:11,213 [omNode-1@group-523986131536-LeaderElection35] INFO  server.RaftServerConfigKeys (ConfUtils.java:logGet(46)) - raft.server.watch.timeout = 10s (default)
2025-04-23 14:39:11,213 [omNode-1@group-523986131536-LeaderElection35] INFO  server.RaftServerConfigKeys (ConfUtils.java:logGet(46)) - raft.server.watch.timeout.denomination = 1s (default)
2025-04-23 14:39:11,213 [omNode-1@group-523986131536-LeaderElection35] INFO  server.RaftServerConfigKeys (ConfUtils.java:logGet(46)) - raft.server.watch.element-limit = 65536 (default)
2025-04-23 14:39:11,214 [omNode-1@group-523986131536-LeaderElection35] INFO  server.RaftServerConfigKeys (ConfUtils.java:logGet(46)) - raft.server.read.leader.lease.enabled = false (default)
2025-04-23 14:39:11,214 [omNode-1@group-523986131536-LeaderElection35] INFO  server.RaftServerConfigKeys (ConfUtils.java:logGet(46)) - raft.server.read.leader.lease.timeout.ratio = 0.9 (default)
2025-04-23 14:39:11,214 [omNode-1@group-523986131536-LeaderElection35] INFO  server.RaftServerConfigKeys (ConfUtils.java:logGet(46)) - raft.server.rpc.timeout.min = 1s (custom)
2025-04-23 14:39:11,214 [omNode-1@group-523986131536-LeaderElection35] INFO  server.RaftServerConfigKeys (ConfUtils.java:logGet(46)) - raft.server.log.log-metadata.enabled = true (default)
2025-04-23 14:39:11,214 [omNode-1@group-523986131536-LeaderElection35] INFO  server.RaftServerConfigKeys (ConfUtils.java:logGet(46)) - raft.server.write.element-limit = 4096 (default)
2025-04-23 14:39:11,214 [omNode-1@group-523986131536-LeaderElection35] INFO  server.RaftServerConfigKeys (ConfUtils.java:logGet(46)) - raft.server.write.follower.gap.ratio.max = -1.0 (default)
2025-04-23 14:39:11,214 [omNode-1@group-523986131536-LeaderElection35] INFO  server.RaftServerConfigKeys (ConfUtils.java:logGet(46)) - raft.server.log.appender.snapshot.chunk.size.max = 16MB (=16777216) (default)
2025-04-23 14:39:11,214 [omNode-1@group-523986131536-LeaderElection35] INFO  server.RaftServerConfigKeys (ConfUtils.java:logGet(46)) - raft.server.log.appender.buffer.byte-limit = 4194304 (custom)
2025-04-23 14:39:11,214 [omNode-1@group-523986131536-LeaderElection35] INFO  server.RaftServerConfigKeys (ConfUtils.java:logGet(46)) - raft.server.log.appender.buffer.element-limit = 1024 (custom)
2025-04-23 14:39:11,214 [omNode-1@group-523986131536-LeaderElection35] INFO  server.RaftServerConfigKeys (ConfUtils.java:logGet(46)) - raft.server.log.appender.wait-time.min = 0ms (custom)
2025-04-23 14:39:11,214 [omNode-1@group-523986131536-LeaderElection35] INFO  grpc.GrpcConfigKeys (ConfUtils.java:logGet(46)) - raft.grpc.server.leader.outstanding.appends.max = 8 (default)
2025-04-23 14:39:11,214 [omNode-1@group-523986131536-LeaderElection35] INFO  server.RaftServerConfigKeys (ConfUtils.java:logGet(46)) - raft.server.rpc.request.timeout = 3000ms (default)
2025-04-23 14:39:11,214 [omNode-1@group-523986131536-LeaderElection35] INFO  grpc.GrpcConfigKeys (ConfUtils.java:logGet(46)) - raft.grpc.server.install_snapshot.request.element-limit = 8 (default)
2025-04-23 14:39:11,214 [omNode-1@group-523986131536-LeaderElection35] INFO  grpc.GrpcConfigKeys (ConfUtils.java:logGet(46)) - raft.grpc.server.install_snapshot.request.timeout = 3000ms (default)
2025-04-23 14:39:11,214 [omNode-1@group-523986131536-LeaderElection35] INFO  grpc.GrpcConfigKeys (ConfUtils.java:logGet(46)) - raft.grpc.server.log-message.batch.duration = 5s (default)
2025-04-23 14:39:11,214 [omNode-1@group-523986131536-LeaderElection35] INFO  server.RaftServerConfigKeys (ConfUtils.java:logGet(46)) - raft.server.log.appender.install.snapshot.enabled = false (custom)
2025-04-23 14:39:11,214 [omNode-1@group-523986131536-LeaderElection35] INFO  grpc.GrpcConfigKeys (ConfUtils.java:logGet(46)) - raft.grpc.server.heartbeat.channel = true (default)
2025-04-23 14:39:11,215 [omNode-1@group-523986131536-LeaderElection35] INFO  server.RaftServerConfigKeys (ConfUtils.java:logGet(46)) - raft.server.log.appender.snapshot.chunk.size.max = 16MB (=16777216) (default)
2025-04-23 14:39:11,215 [omNode-1@group-523986131536-LeaderElection35] INFO  server.RaftServerConfigKeys (ConfUtils.java:logGet(46)) - raft.server.log.appender.buffer.byte-limit = 4194304 (custom)
2025-04-23 14:39:11,215 [omNode-1@group-523986131536-LeaderElection35] INFO  server.RaftServerConfigKeys (ConfUtils.java:logGet(46)) - raft.server.log.appender.buffer.element-limit = 1024 (custom)
2025-04-23 14:39:11,215 [omNode-1@group-523986131536-LeaderElection35] INFO  server.RaftServerConfigKeys (ConfUtils.java:logGet(46)) - raft.server.log.appender.wait-time.min = 0ms (custom)
2025-04-23 14:39:11,215 [omNode-1@group-523986131536-LeaderElection35] INFO  grpc.GrpcConfigKeys (ConfUtils.java:logGet(46)) - raft.grpc.server.leader.outstanding.appends.max = 8 (default)
2025-04-23 14:39:11,215 [omNode-1@group-523986131536-LeaderElection35] INFO  server.RaftServerConfigKeys (ConfUtils.java:logGet(46)) - raft.server.rpc.request.timeout = 3000ms (default)
2025-04-23 14:39:11,215 [omNode-1@group-523986131536-LeaderElection35] INFO  grpc.GrpcConfigKeys (ConfUtils.java:logGet(46)) - raft.grpc.server.install_snapshot.request.element-limit = 8 (default)
2025-04-23 14:39:11,215 [omNode-1@group-523986131536-LeaderElection35] INFO  grpc.GrpcConfigKeys (ConfUtils.java:logGet(46)) - raft.grpc.server.install_snapshot.request.timeout = 3000ms (default)
2025-04-23 14:39:11,215 [omNode-1@group-523986131536-LeaderElection35] INFO  grpc.GrpcConfigKeys (ConfUtils.java:logGet(46)) - raft.grpc.server.log-message.batch.duration = 5s (default)
2025-04-23 14:39:11,215 [omNode-1@group-523986131536-LeaderElection35] INFO  server.RaftServerConfigKeys (ConfUtils.java:logGet(46)) - raft.server.log.appender.install.snapshot.enabled = false (custom)
2025-04-23 14:39:11,215 [omNode-1@group-523986131536-LeaderElection35] INFO  grpc.GrpcConfigKeys (ConfUtils.java:logGet(46)) - raft.grpc.server.heartbeat.channel = true (default)
2025-04-23 14:39:11,215 [omNode-1@group-523986131536-LeaderElection35] INFO  impl.RoleInfo (RoleInfo.java:updateAndGet(148)) - omNode-1: start omNode-1@group-523986131536-LeaderStateImpl
2025-04-23 14:39:11,215 [omNode-1@group-523986131536-LeaderElection35] INFO  server.RaftServer$Division (RaftServerImpl.java:setFirstElection(562)) - omNode-1@group-523986131536: set firstElectionSinceStartup to false for becomeLeader
2025-04-23 14:39:11,215 [omNode-1@group-523986131536-LeaderElection35] INFO  ratis.OzoneManagerStateMachine (OzoneManagerStateMachine.java:notifyLeaderChanged(169)) - omNode-1@group-523986131536: leader changed to omNode-1
2025-04-23 14:39:11,215 [omNode-1@group-523986131536-LeaderElection35] INFO  server.RaftServer$Division (ServerState.java:setLeader(272)) - omNode-1@group-523986131536: change Leader from null to omNode-1 at term 17 for becomeLeader, leader elected after 1043ms
2025-04-23 14:39:11,215 [omNode-1@group-523986131536-LeaderElection35] INFO  segmented.SegmentedRaftLogWorker (SegmentedRaftLogWorker.java:rollLogSegment(443)) - omNode-1@group-523986131536-SegmentedRaftLogWorker: Rolling segment log-337_338 to index:338
2025-04-23 14:39:11,216 [omNode-1@group-523986131536-LeaderElection35] INFO  server.RaftServer$Division (ServerState.java:setRaftConf(386)) - omNode-1@group-523986131536: set configuration conf: {index: 339, cur=peers:[omNode-3|localhost:15017, omNode-1|localhost:15009, omNode-2|localhost:15013]|listeners:[], old=null}
2025-04-23 14:39:11,216 [omNode-1@group-523986131536-SegmentedRaftLogWorker] INFO  segmented.SegmentedRaftLogWorker (SegmentedRaftLogWorker.java:execute(601)) - omNode-1@group-523986131536-SegmentedRaftLogWorker: Rolled log segment from /home/runner/work/ozone/ozone/hadoop-ozone/integration-test/target/test-dir/MiniOzoneClusterImpl-68853c07-42d2-4ef8-9e75-e3a852294e6a/omNode-1/ratis/c9bc4cf4-3bc3-3c60-a66b-523986131536/current/log_inprogress_337 to /home/runner/work/ozone/ozone/hadoop-ozone/integration-test/target/test-dir/MiniOzoneClusterImpl-68853c07-42d2-4ef8-9e75-e3a852294e6a/omNode-1/ratis/c9bc4cf4-3bc3-3c60-a66b-523986131536/current/log_337-338
2025-04-23 14:39:11,216 [omNode-1@group-523986131536-SegmentedRaftLogWorker] INFO  segmented.BufferedWriteChannel (BufferedWriteChannel.java:open(61)) - open log_inprogress_339 at position 0
2025-04-23 14:39:11,219 [omNode-3-server-thread1] INFO  ratis.OzoneManagerStateMachine (OzoneManagerStateMachine.java:notifyLeaderChanged(169)) - omNode-3@group-523986131536: leader changed to omNode-1
2025-04-23 14:39:11,219 [omNode-3-server-thread1] INFO  server.RaftServer$Division (ServerState.java:setLeader(272)) - omNode-3@group-523986131536: change Leader from null to omNode-1 at term 17 for appendEntries, leader elected after 1533ms
2025-04-23 14:39:11,219 [omNode-3-server-thread1] INFO  server.RaftServer$Division (RaftServerImpl.java:checkInconsistentAppendEntries(1648)) - omNode-3@group-523986131536: Failed appendEntries as previous log entry ((t:16, i:338)) is not found
2025-04-23 14:39:11,219 [omNode-3-server-thread1] INFO  server.RaftServer$Division (RaftServerImpl.java:appendEntriesAsync(1580)) - omNode-3@group-523986131536: appendEntries* reply omNode-1<-omNode-3#0:FAIL-t17,INCONSISTENCY,nextIndex=338,followerCommit=336,matchIndex=-1
2025-04-23 14:39:11,220 [grpc-default-executor-8] WARN  server.GrpcLogAppender (GrpcLogAppender.java:onNextImpl(519)) - omNode-1@group-523986131536->omNode-3-AppendLogResponseHandler: received INCONSISTENCY reply with nextIndex 338, errorCount=1, request=AppendEntriesRequest:cid=0,entriesCount=0
2025-04-23 14:39:11,220 [grpc-default-executor-8] INFO  leader.FollowerInfo (FollowerInfoImpl.java:info(70)) - omNode-1@group-523986131536->omNode-3: setNextIndex nextIndex: updateUnconditionally 340 -> 338
2025-04-23 14:39:11,220 [omNode-2-server-thread1] INFO  ratis.OzoneManagerStateMachine (OzoneManagerStateMachine.java:notifyLeaderChanged(169)) - omNode-2@group-523986131536: leader changed to omNode-1
2025-04-23 14:39:11,221 [omNode-2-server-thread1] INFO  server.RaftServer$Division (ServerState.java:setLeader(272)) - omNode-2@group-523986131536: change Leader from null to omNode-1 at term 17 for appendEntries, leader elected after 622ms
2025-04-23 14:39:11,221 [omNode-2-server-thread2] INFO  server.RaftServer$Division (ServerState.java:setRaftConf(386)) - omNode-2@group-523986131536: set configuration conf: {index: 339, cur=peers:[omNode-3|localhost:15017, omNode-1|localhost:15009, omNode-2|localhost:15013]|listeners:[], old=null}
2025-04-23 14:39:11,221 [omNode-3-server-thread2] INFO  server.RaftServer$Division (RaftServerImpl.java:checkInconsistentAppendEntries(1648)) - omNode-3@group-523986131536: Failed appendEntries as previous log entry ((t:16, i:338)) is not found
2025-04-23 14:39:11,221 [omNode-3-server-thread2] INFO  server.RaftServer$Division (RaftServerImpl.java:appendEntriesAsync(1580)) - omNode-3@group-523986131536: appendEntries* reply omNode-1<-omNode-3#1:FAIL-t17,INCONSISTENCY,nextIndex=338,followerCommit=336,matchIndex=-1
2025-04-23 14:39:11,221 [omNode-2-server-thread2] INFO  segmented.SegmentedRaftLogWorker (SegmentedRaftLogWorker.java:rollLogSegment(443)) - omNode-2@group-523986131536-SegmentedRaftLogWorker: Rolling segment log-337_338 to index:338
2025-04-23 14:39:11,222 [omNode-2@group-523986131536-SegmentedRaftLogWorker] INFO  segmented.SegmentedRaftLogWorker (SegmentedRaftLogWorker.java:execute(601)) - omNode-2@group-523986131536-SegmentedRaftLogWorker: Rolled log segment from /home/runner/work/ozone/ozone/hadoop-ozone/integration-test/target/test-dir/MiniOzoneClusterImpl-68853c07-42d2-4ef8-9e75-e3a852294e6a/omNode-2/ratis/c9bc4cf4-3bc3-3c60-a66b-523986131536/current/log_inprogress_337 to /home/runner/work/ozone/ozone/hadoop-ozone/integration-test/target/test-dir/MiniOzoneClusterImpl-68853c07-42d2-4ef8-9e75-e3a852294e6a/omNode-2/ratis/c9bc4cf4-3bc3-3c60-a66b-523986131536/current/log_337-338
2025-04-23 14:39:11,222 [grpc-default-executor-7] WARN  server.GrpcLogAppender (GrpcLogAppender.java:onNextImpl(519)) - omNode-1@group-523986131536->omNode-3-AppendLogResponseHandler: received INCONSISTENCY reply with nextIndex 338, errorCount=2, request=null
2025-04-23 14:39:11,222 [grpc-default-executor-7] INFO  leader.FollowerInfo (FollowerInfoImpl.java:info(70)) - omNode-1@group-523986131536->omNode-3: setNextIndex nextIndex: updateUnconditionally 340 -> 338
2025-04-23 14:39:11,222 [omNode-3-server-thread2] INFO  server.RaftServer$Division (ServerState.java:setRaftConf(386)) - omNode-3@group-523986131536: set configuration conf: {index: 339, cur=peers:[omNode-3|localhost:15017, omNode-1|localhost:15009, omNode-2|localhost:15013]|listeners:[], old=null}
2025-04-23 14:39:11,222 [omNode-3-server-thread2] INFO  segmented.SegmentedRaftLogWorker (SegmentedRaftLogWorker.java:rollLogSegment(443)) - omNode-3@group-523986131536-SegmentedRaftLogWorker: Rolling segment log-337_338 to index:338
2025-04-23 14:39:11,222 [omNode-2@group-523986131536-SegmentedRaftLogWorker] INFO  segmented.BufferedWriteChannel (BufferedWriteChannel.java:open(61)) - open log_inprogress_339 at position 0
2025-04-23 14:39:11,224 [omNode-3-server-thread2] INFO  server.RaftServer$Division (ServerState.java:setRaftConf(386)) - omNode-3@group-523986131536: set configuration conf: {index: 339, cur=peers:[omNode-3|localhost:15017, omNode-1|localhost:15009, omNode-2|localhost:15013]|listeners:[], old=null}
2025-04-23 14:39:11,226 [omNode-1@group-523986131536-SegmentedRaftLogWorker] INFO  segmented.SegmentedRaftLogWorker (SegmentedRaftLogWorker.java:execute(644)) - omNode-1@group-523986131536-SegmentedRaftLogWorker: created new log segment /home/runner/work/ozone/ozone/hadoop-ozone/integration-test/target/test-dir/MiniOzoneClusterImpl-68853c07-42d2-4ef8-9e75-e3a852294e6a/omNode-1/ratis/c9bc4cf4-3bc3-3c60-a66b-523986131536/current/log_inprogress_339
2025-04-23 14:39:11,226 [omNode-3@group-523986131536-StateMachineUpdater] INFO  ratis.OzoneManagerStateMachine (OzoneManagerStateMachine.java:notifyConfigurationChanged(231)) - notifyConfigurationChanged from Ratis: term=16, index=337, New Peer list: omNode-3(localhost:15017), omNode-1(localhost:15009), omNode-2(localhost:15013)
2025-04-23 14:39:11,235 [omNode-2@group-523986131536-SegmentedRaftLogWorker] INFO  segmented.SegmentedRaftLogWorker (SegmentedRaftLogWorker.java:execute(644)) - omNode-2@group-523986131536-SegmentedRaftLogWorker: created new log segment /home/runner/work/ozone/ozone/hadoop-ozone/integration-test/target/test-dir/MiniOzoneClusterImpl-68853c07-42d2-4ef8-9e75-e3a852294e6a/omNode-2/ratis/c9bc4cf4-3bc3-3c60-a66b-523986131536/current/log_inprogress_339
2025-04-23 14:39:11,235 [omNode-3@group-523986131536-SegmentedRaftLogWorker] INFO  segmented.SegmentedRaftLogWorker (SegmentedRaftLogWorker.java:execute(601)) - omNode-3@group-523986131536-SegmentedRaftLogWorker: Rolled log segment from /home/runner/work/ozone/ozone/hadoop-ozone/integration-test/target/test-dir/MiniOzoneClusterImpl-68853c07-42d2-4ef8-9e75-e3a852294e6a/omNode-3/ratis/c9bc4cf4-3bc3-3c60-a66b-523986131536/current/log_inprogress_337 to /home/runner/work/ozone/ozone/hadoop-ozone/integration-test/target/test-dir/MiniOzoneClusterImpl-68853c07-42d2-4ef8-9e75-e3a852294e6a/omNode-3/ratis/c9bc4cf4-3bc3-3c60-a66b-523986131536/current/log_337-338
2025-04-23 14:39:11,235 [omNode-3@group-523986131536-SegmentedRaftLogWorker] INFO  segmented.BufferedWriteChannel (BufferedWriteChannel.java:open(61)) - open log_inprogress_339 at position 0
2025-04-23 14:39:11,237 [omNode-1@group-523986131536-StateMachineUpdater] INFO  ratis.OzoneManagerStateMachine (OzoneManagerStateMachine.java:notifyConfigurationChanged(231)) - notifyConfigurationChanged from Ratis: term=17, index=339, New Peer list: omNode-3(localhost:15017), omNode-1(localhost:15009), omNode-2(localhost:15013)
2025-04-23 14:39:11,237 [omNode-1@group-523986131536-StateMachineUpdater] INFO  server.RaftServer$Division (LeaderStateImpl.java:checkStartIndex(313)) - Leader omNode-1@group-523986131536-LeaderStateImpl is ready since appliedIndex == startIndex == 339
2025-04-23 14:39:11,237 [omNode-2@group-523986131536-StateMachineUpdater] INFO  ratis.OzoneManagerStateMachine (OzoneManagerStateMachine.java:notifyConfigurationChanged(231)) - notifyConfigurationChanged from Ratis: term=17, index=339, New Peer list: omNode-3(localhost:15017), omNode-1(localhost:15009), omNode-2(localhost:15013)
2025-04-23 14:39:11,244 [omNode-3@group-523986131536-SegmentedRaftLogWorker] INFO  segmented.SegmentedRaftLogWorker (SegmentedRaftLogWorker.java:execute(644)) - omNode-3@group-523986131536-SegmentedRaftLogWorker: created new log segment /home/runner/work/ozone/ozone/hadoop-ozone/integration-test/target/test-dir/MiniOzoneClusterImpl-68853c07-42d2-4ef8-9e75-e3a852294e6a/omNode-3/ratis/c9bc4cf4-3bc3-3c60-a66b-523986131536/current/log_inprogress_339
2025-04-23 14:39:11,245 [omNode-3@group-523986131536-StateMachineUpdater] INFO  ratis.OzoneManagerStateMachine (OzoneManagerStateMachine.java:notifyConfigurationChanged(231)) - notifyConfigurationChanged from Ratis: term=17, index=339, New Peer list: omNode-3(localhost:15017), omNode-1(localhost:15009), omNode-2(localhost:15013)
2025-04-23 14:39:11,373 [main] INFO  om.OzoneManager (OzoneManager.java:stop(2347)) - omNode-1[localhost:15006]: Stopping Ozone Manager
2025-04-23 14:39:11,373 [main] INFO  ipc.Server (Server.java:stop(3697)) - Stopping server on 15006
2025-04-23 14:39:11,375 [IPC Server listener on 15006] INFO  ipc.Server (Server.java:run(1585)) - Stopping IPC Server listener on 15006
2025-04-23 14:39:11,375 [IPC Server Responder] INFO  ipc.Server (Server.java:run(1718)) - Stopping IPC Server Responder
2025-04-23 14:39:11,375 [main] INFO  ratis.OzoneManagerRatisServer (OzoneManagerRatisServer.java:stop(634)) - Stopping org.apache.hadoop.ozone.om.ratis.OzoneManagerRatisServer@35a35b96 at port 15009
2025-04-23 14:39:11,375 [main] INFO  server.RaftServer (RaftServerProxy.java:lambda$close$9(417)) - omNode-1: close
2025-04-23 14:39:11,375 [main] INFO  server.GrpcService (GrpcService.java:closeImpl(343)) - omNode-1: shutdown server GrpcServerProtocolService now
2025-04-23 14:39:11,375 [omNode-1-impl-thread1] INFO  server.RaftServer$Division (RaftServerImpl.java:lambda$close$1(513)) - omNode-1@group-523986131536: shutdown
2025-04-23 14:39:11,376 [omNode-1-impl-thread1] INFO  util.JmxRegister (JmxRegister.java:unregister(74)) - Successfully un-registered JMX Bean with object name Ratis:service=RaftServer,group=group-523986131536,id=omNode-1
2025-04-23 14:39:11,376 [omNode-1-impl-thread1] INFO  impl.RoleInfo (RoleInfo.java:shutdownLeaderState(103)) - omNode-1: shutdown omNode-1@group-523986131536-LeaderStateImpl
2025-04-23 14:39:11,376 [omNode-1-impl-thread1] INFO  impl.PendingRequests (PendingRequests.java:sendNotLeaderResponses(287)) - omNode-1@group-523986131536-PendingRequests: sendNotLeaderResponses
2025-04-23 14:39:11,376 [omNode-1@group-523986131536->omNode-2-GrpcLogAppender-LogAppenderDaemon] WARN  server.GrpcLogAppender (GrpcLogAppender.java:mayWait(293)) - omNode-1@group-523986131536->omNode-2-GrpcLogAppender: Wait interrupted by java.lang.InterruptedException
2025-04-23 14:39:11,376 [omNode-1@group-523986131536->omNode-3-GrpcLogAppender-LogAppenderDaemon] WARN  server.GrpcLogAppender (GrpcLogAppender.java:mayWait(293)) - omNode-1@group-523986131536->omNode-3-GrpcLogAppender: Wait interrupted by java.lang.InterruptedException
2025-04-23 14:39:11,377 [Thread-6284] INFO  server.GrpcServerProtocolClient (GrpcServerProtocolClient.java:close(105)) - omNode-3 Close channels
2025-04-23 14:39:11,377 [grpc-default-executor-0] INFO  server.GrpcServerProtocolService (GrpcServerProtocolService.java:onCompleted(157)) - omNode-2: Completed APPEND_ENTRIES, lastRequest: omNode-1->omNode-2#2-t17,previous=(t:17, i:339),leaderCommit=339,initializing? false,entries: size=1, first=(t:17, i:340), METADATAENTRY(c:339)
2025-04-23 14:39:11,377 [grpc-default-executor-0] INFO  server.GrpcServerProtocolService (GrpcServerProtocolService.java:lambda$onCompleted$5(159)) - omNode-2: Completed APPEND_ENTRIES, lastReply: null
2025-04-23 14:39:11,377 [Thread-6286] INFO  server.GrpcServerProtocolClient (GrpcServerProtocolClient.java:close(105)) - omNode-2 Close channels
2025-04-23 14:39:11,377 [grpc-default-executor-8] INFO  server.GrpcServerProtocolService (GrpcServerProtocolService.java:onCompleted(157)) - omNode-3: Completed APPEND_ENTRIES, lastRequest: null
2025-04-23 14:39:11,377 [grpc-default-executor-7] INFO  server.GrpcServerProtocolService (GrpcServerProtocolService.java:onCompleted(157)) - omNode-2: Completed APPEND_ENTRIES, lastRequest: null
2025-04-23 14:39:11,377 [grpc-default-executor-8] INFO  server.GrpcServerProtocolService (GrpcServerProtocolService.java:lambda$onCompleted$5(159)) - omNode-3: Completed APPEND_ENTRIES, lastReply: serverReply {
  requestorId: "omNode-1"
  replyId: "omNode-3"
  raftGroupId {
    id: "\311\274L\364;\303<`\246kR9\206\023\0256"
  }
}
term: 17
nextIndex: 338
result: INCONSISTENCY
followerCommit: 336
matchIndex: 18446744073709551615
isHearbeat: true

2025-04-23 14:39:11,377 [grpc-default-executor-4] INFO  server.GrpcServerProtocolService (GrpcServerProtocolService.java:onCompleted(157)) - omNode-3: Completed APPEND_ENTRIES, lastRequest: omNode-1->omNode-3#4-t17,previous=(t:17, i:339),leaderCommit=339,initializing? false,entries: size=1, first=(t:17, i:340), METADATAENTRY(c:339)
2025-04-23 14:39:11,378 [grpc-default-executor-4] INFO  server.GrpcServerProtocolService (GrpcServerProtocolService.java:lambda$onCompleted$5(159)) - omNode-3: Completed APPEND_ENTRIES, lastReply: null
2025-04-23 14:39:11,378 [omNode-1-impl-thread1] INFO  impl.StateMachineUpdater (StateMachineUpdater.java:stopAndJoin(164)) - omNode-1@group-523986131536-StateMachineUpdater: set stopIndex = 340
2025-04-23 14:39:11,378 [grpc-default-executor-0] INFO  server.GrpcLogAppender (GrpcLogAppender.java:onCompleted(550)) - omNode-1@group-523986131536->omNode-2-AppendLogResponseHandler: follower responses appendEntries COMPLETED
2025-04-23 14:39:11,378 [grpc-default-executor-0] WARN  server.GrpcLogAppender (GrpcLogAppender.java:resetClient(230)) - omNode-1@group-523986131536->omNode-2-GrpcLogAppender: Failed to getClient for omNode-2
org.apache.ratis.protocol.exceptions.AlreadyClosedException: omNode-1 is already CLOSED
	at org.apache.ratis.util.PeerProxyMap$PeerAndProxy.getProxy(PeerProxyMap.java:67)
	at org.apache.ratis.util.PeerProxyMap.getProxy(PeerProxyMap.java:124)
	at org.apache.ratis.grpc.server.GrpcLogAppender.getClient(GrpcLogAppender.java:200)
	at org.apache.ratis.grpc.server.GrpcLogAppender.resetClient(GrpcLogAppender.java:205)
	at org.apache.ratis.grpc.server.GrpcLogAppender.access$800(GrpcLogAppender.java:64)
	at org.apache.ratis.grpc.server.GrpcLogAppender$AppendLogResponseHandler.onCompleted(GrpcLogAppender.java:551)
	at org.apache.ratis.thirdparty.io.grpc.stub.ClientCalls$StreamObserverToCallListenerAdapter.onClose(ClientCalls.java:479)
	at org.apache.ratis.thirdparty.io.grpc.internal.ClientCallImpl.closeObserver(ClientCallImpl.java:567)
	at org.apache.ratis.thirdparty.io.grpc.internal.ClientCallImpl.access$300(ClientCallImpl.java:71)
	at org.apache.ratis.thirdparty.io.grpc.internal.ClientCallImpl$ClientStreamListenerImpl$1StreamClosed.runInternal(ClientCallImpl.java:735)
	at org.apache.ratis.thirdparty.io.grpc.internal.ClientCallImpl$ClientStreamListenerImpl$1StreamClosed.runInContext(ClientCallImpl.java:716)
	at org.apache.ratis.thirdparty.io.grpc.internal.ContextRunnable.run(ContextRunnable.java:37)
	at org.apache.ratis.thirdparty.io.grpc.internal.SerializingExecutor.run(SerializingExecutor.java:133)
	at java.base/java.util.concurrent.ThreadPoolExecutor.runWorker(ThreadPoolExecutor.java:1144)
	at java.base/java.util.concurrent.ThreadPoolExecutor$Worker.run(ThreadPoolExecutor.java:642)
	at java.base/java.lang.Thread.run(Thread.java:1583)
2025-04-23 14:39:11,378 [grpc-default-executor-2] INFO  server.GrpcLogAppender (GrpcLogAppender.java:onCompleted(550)) - omNode-1@group-523986131536->omNode-3-AppendLogResponseHandler: follower responses appendEntries COMPLETED
2025-04-23 14:39:11,378 [grpc-default-executor-2] WARN  server.GrpcLogAppender (GrpcLogAppender.java:resetClient(230)) - omNode-1@group-523986131536->omNode-3-GrpcLogAppender: Failed to getClient for omNode-3
org.apache.ratis.protocol.exceptions.AlreadyClosedException: omNode-1 is already CLOSED
	at org.apache.ratis.util.PeerProxyMap$PeerAndProxy.getProxy(PeerProxyMap.java:67)
	at org.apache.ratis.util.PeerProxyMap.getProxy(PeerProxyMap.java:124)
	at org.apache.ratis.grpc.server.GrpcLogAppender.getClient(GrpcLogAppender.java:200)
	at org.apache.ratis.grpc.server.GrpcLogAppender.resetClient(GrpcLogAppender.java:205)
	at org.apache.ratis.grpc.server.GrpcLogAppender.access$800(GrpcLogAppender.java:64)
	at org.apache.ratis.grpc.server.GrpcLogAppender$AppendLogResponseHandler.onCompleted(GrpcLogAppender.java:551)
	at org.apache.ratis.thirdparty.io.grpc.stub.ClientCalls$StreamObserverToCallListenerAdapter.onClose(ClientCalls.java:479)
	at org.apache.ratis.thirdparty.io.grpc.internal.ClientCallImpl.closeObserver(ClientCallImpl.java:567)
	at org.apache.ratis.thirdparty.io.grpc.internal.ClientCallImpl.access$300(ClientCallImpl.java:71)
	at org.apache.ratis.thirdparty.io.grpc.internal.ClientCallImpl$ClientStreamListenerImpl$1StreamClosed.runInternal(ClientCallImpl.java:735)
	at org.apache.ratis.thirdparty.io.grpc.internal.ClientCallImpl$ClientStreamListenerImpl$1StreamClosed.runInContext(ClientCallImpl.java:716)
	at org.apache.ratis.thirdparty.io.grpc.internal.ContextRunnable.run(ContextRunnable.java:37)
	at org.apache.ratis.thirdparty.io.grpc.internal.SerializingExecutor.run(SerializingExecutor.java:133)
	at java.base/java.util.concurrent.ThreadPoolExecutor.runWorker(ThreadPoolExecutor.java:1144)
	at java.base/java.util.concurrent.ThreadPoolExecutor$Worker.run(ThreadPoolExecutor.java:642)
	at java.base/java.lang.Thread.run(Thread.java:1583)
2025-04-23 14:39:11,378 [grpc-default-executor-0] INFO  server.GrpcLogAppender (GrpcLogAppender.java:onCompleted(550)) - omNode-1@group-523986131536->omNode-3-AppendLogResponseHandler: follower responses appendEntries COMPLETED
2025-04-23 14:39:11,378 [grpc-default-executor-0] WARN  server.GrpcLogAppender (GrpcLogAppender.java:resetClient(230)) - omNode-1@group-523986131536->omNode-3-GrpcLogAppender: Failed to getClient for omNode-3
org.apache.ratis.protocol.exceptions.AlreadyClosedException: omNode-1 is already CLOSED
	at org.apache.ratis.util.PeerProxyMap$PeerAndProxy.getProxy(PeerProxyMap.java:67)
	at org.apache.ratis.util.PeerProxyMap.getProxy(PeerProxyMap.java:124)
	at org.apache.ratis.grpc.server.GrpcLogAppender.getClient(GrpcLogAppender.java:200)
	at org.apache.ratis.grpc.server.GrpcLogAppender.resetClient(GrpcLogAppender.java:205)
	at org.apache.ratis.grpc.server.GrpcLogAppender.access$800(GrpcLogAppender.java:64)
	at org.apache.ratis.grpc.server.GrpcLogAppender$AppendLogResponseHandler.onCompleted(GrpcLogAppender.java:551)
	at org.apache.ratis.thirdparty.io.grpc.stub.ClientCalls$StreamObserverToCallListenerAdapter.onClose(ClientCalls.java:479)
	at org.apache.ratis.thirdparty.io.grpc.internal.DelayedClientCall$DelayedListener$3.run(DelayedClientCall.java:489)
	at org.apache.ratis.thirdparty.io.grpc.internal.DelayedClientCall$DelayedListener.delayOrExecute(DelayedClientCall.java:453)
	at org.apache.ratis.thirdparty.io.grpc.internal.DelayedClientCall$DelayedListener.onClose(DelayedClientCall.java:486)
	at org.apache.ratis.thirdparty.io.grpc.internal.ClientCallImpl.closeObserver(ClientCallImpl.java:567)
	at org.apache.ratis.thirdparty.io.grpc.internal.ClientCallImpl.access$300(ClientCallImpl.java:71)
	at org.apache.ratis.thirdparty.io.grpc.internal.ClientCallImpl$ClientStreamListenerImpl$1StreamClosed.runInternal(ClientCallImpl.java:735)
	at org.apache.ratis.thirdparty.io.grpc.internal.ClientCallImpl$ClientStreamListenerImpl$1StreamClosed.runInContext(ClientCallImpl.java:716)
	at org.apache.ratis.thirdparty.io.grpc.internal.ContextRunnable.run(ContextRunnable.java:37)
	at org.apache.ratis.thirdparty.io.grpc.internal.SerializingExecutor.run(SerializingExecutor.java:133)
	at java.base/java.util.concurrent.ThreadPoolExecutor.runWorker(ThreadPoolExecutor.java:1144)
	at java.base/java.util.concurrent.ThreadPoolExecutor$Worker.run(ThreadPoolExecutor.java:642)
	at java.base/java.lang.Thread.run(Thread.java:1583)
2025-04-23 14:39:11,379 [grpc-default-executor-7] INFO  server.GrpcServerProtocolService (GrpcServerProtocolService.java:lambda$onCompleted$5(159)) - omNode-2: Completed APPEND_ENTRIES, lastReply: serverReply {
  requestorId: "omNode-1"
  replyId: "omNode-2"
  raftGroupId {
    id: "\311\274L\364;\303<`\246kR9\206\023\0256"
  }
  success: true
}
term: 17
nextIndex: 340
followerCommit: 338
matchIndex: 18446744073709551615
isHearbeat: true

2025-04-23 14:39:11,379 [grpc-default-executor-0] INFO  server.GrpcLogAppender (GrpcLogAppender.java:onCompleted(550)) - omNode-1@group-523986131536->omNode-2-AppendLogResponseHandler: follower responses appendEntries COMPLETED
2025-04-23 14:39:11,379 [grpc-default-executor-0] WARN  server.GrpcLogAppender (GrpcLogAppender.java:resetClient(230)) - omNode-1@group-523986131536->omNode-2-GrpcLogAppender: Failed to getClient for omNode-2
org.apache.ratis.protocol.exceptions.AlreadyClosedException: omNode-1 is already CLOSED
	at org.apache.ratis.util.PeerProxyMap$PeerAndProxy.getProxy(PeerProxyMap.java:67)
	at org.apache.ratis.util.PeerProxyMap.getProxy(PeerProxyMap.java:124)
	at org.apache.ratis.grpc.server.GrpcLogAppender.getClient(GrpcLogAppender.java:200)
	at org.apache.ratis.grpc.server.GrpcLogAppender.resetClient(GrpcLogAppender.java:205)
	at org.apache.ratis.grpc.server.GrpcLogAppender.access$800(GrpcLogAppender.java:64)
	at org.apache.ratis.grpc.server.GrpcLogAppender$AppendLogResponseHandler.onCompleted(GrpcLogAppender.java:551)
	at org.apache.ratis.thirdparty.io.grpc.stub.ClientCalls$StreamObserverToCallListenerAdapter.onClose(ClientCalls.java:479)
	at org.apache.ratis.thirdparty.io.grpc.internal.DelayedClientCall$DelayedListener$3.run(DelayedClientCall.java:489)
	at org.apache.ratis.thirdparty.io.grpc.internal.DelayedClientCall$DelayedListener.delayOrExecute(DelayedClientCall.java:453)
	at org.apache.ratis.thirdparty.io.grpc.internal.DelayedClientCall$DelayedListener.onClose(DelayedClientCall.java:486)
	at org.apache.ratis.thirdparty.io.grpc.internal.ClientCallImpl.closeObserver(ClientCallImpl.java:567)
	at org.apache.ratis.thirdparty.io.grpc.internal.ClientCallImpl.access$300(ClientCallImpl.java:71)
	at org.apache.ratis.thirdparty.io.grpc.internal.ClientCallImpl$ClientStreamListenerImpl$1StreamClosed.runInternal(ClientCallImpl.java:735)
	at org.apache.ratis.thirdparty.io.grpc.internal.ClientCallImpl$ClientStreamListenerImpl$1StreamClosed.runInContext(ClientCallImpl.java:716)
	at org.apache.ratis.thirdparty.io.grpc.internal.ContextRunnable.run(ContextRunnable.java:37)
	at org.apache.ratis.thirdparty.io.grpc.internal.SerializingExecutor.run(SerializingExecutor.java:133)
	at java.base/java.util.concurrent.ThreadPoolExecutor.runWorker(ThreadPoolExecutor.java:1144)
	at java.base/java.util.concurrent.ThreadPoolExecutor$Worker.run(ThreadPoolExecutor.java:642)
	at java.base/java.lang.Thread.run(Thread.java:1583)
2025-04-23 14:39:11,380 [main] INFO  server.GrpcService (GrpcService.java:closeImpl(352)) - omNode-1: shutdown server GrpcServerProtocolService successfully
2025-04-23 14:39:11,384 [omNode-1@group-523986131536-StateMachineUpdater] INFO  ratis.OzoneManagerStateMachine (OzoneManagerStateMachine.java:takeSnapshotImpl(510)) - omNode-1: taking snapshot. applied = (t:17, i:340), skipped = 338, notified = (t:17, i:340), current snapshot index = (t:17, i:340), took 6 ms
2025-04-23 14:39:11,384 [omNode-1@group-523986131536-StateMachineUpdater] INFO  impl.StateMachineUpdater (StateMachineUpdater.java:takeSnapshot(303)) - omNode-1@group-523986131536-StateMachineUpdater: Took a snapshot at index 340
2025-04-23 14:39:11,384 [omNode-1@group-523986131536-StateMachineUpdater] INFO  impl.StateMachineUpdater (StateMachineUpdater.java:lambda$new$0(102)) - omNode-1@group-523986131536-StateMachineUpdater: snapshotIndex: updateIncreasingly 338 -> 340
2025-04-23 14:39:11,384 [omNode-1@group-523986131536-StateMachineUpdater] INFO  impl.StateMachineUpdater (StateMachineUpdater.java:stop(141)) - omNode-1@group-523986131536-StateMachineUpdater: closing OzoneManagerStateMachine, lastApplied=(t:17, i:340)
2025-04-23 14:39:11,384 [omNode-1@group-523986131536-StateMachineUpdater] INFO  ratis.OzoneManagerStateMachine (OzoneManagerStateMachine.java:close(550)) - Stopping OzoneManagerStateMachine:omNode-1:group-523986131536.
2025-04-23 14:39:11,384 [omNode-1@group-523986131536-StateMachineUpdater] INFO  ratis.OzoneManagerDoubleBuffer (OzoneManagerDoubleBuffer.java:stopDaemon(500)) - Stopping OMDoubleBuffer flush thread
2025-04-23 14:39:11,384 [omNode-1-OMDoubleBufferFlushThread] INFO  ratis.OzoneManagerDoubleBuffer (OzoneManagerDoubleBuffer.java:canFlush(559)) - OMDoubleBuffer flush thread omNode-1-OMDoubleBufferFlushThread is interrupted and will exit.
2025-04-23 14:39:11,385 [omNode-1@group-523986131536-cacheEviction-AwaitToRun] INFO  util.AwaitToRun (AwaitToRun.java:run(49)) - omNode-1@group-523986131536-cacheEviction-AwaitToRun-AwaitForSignal is interrupted
2025-04-23 14:39:12,237 [omNode-1-impl-thread1] INFO  segmented.SegmentedRaftLogWorker (SegmentedRaftLogWorker.java:close(252)) - omNode-1@group-523986131536-SegmentedRaftLogWorker close()
2025-04-23 14:39:12,237 [JvmPauseMonitor36] INFO  util.JvmPauseMonitor (JvmPauseMonitor.java:run(152)) - JvmPauseMonitor-omNode-1: Stopped
2025-04-23 14:39:12,237 [main] INFO  utils.BackgroundService (BackgroundService.java:shutdown(161)) - Shutting down service KeyDeletingService
2025-04-23 14:39:12,238 [main] INFO  utils.BackgroundService (BackgroundService.java:shutdown(161)) - Shutting down service DirectoryDeletingService
2025-04-23 14:39:12,239 [main] INFO  utils.BackgroundService (BackgroundService.java:shutdown(161)) - Shutting down service OpenKeyCleanupService
2025-04-23 14:39:12,239 [main] INFO  utils.BackgroundService (BackgroundService.java:shutdown(161)) - Shutting down service SstFilteringService
2025-04-23 14:39:12,239 [main] INFO  utils.BackgroundService (BackgroundService.java:shutdown(161)) - Shutting down service SnapshotDeletingService
2025-04-23 14:39:12,240 [main] INFO  utils.BackgroundService (BackgroundService.java:shutdown(161)) - Shutting down service MultipartUploadCleanupService
2025-04-23 14:39:12,240 [main] INFO  handler.ContextHandler (ContextHandler.java:doStop(1159)) - Stopped o.e.j.w.WebAppContext@77b7bdc9{ozoneManager,/,null,STOPPED}{file:/home/runner/work/ozone/ozone/hadoop-ozone/integration-test/target/test-classes/webapps/ozoneManager}
2025-04-23 14:39:12,241 [main] INFO  server.AbstractConnector (AbstractConnector.java:doStop(383)) - Stopped ServerConnector@1f2664ca{HTTP/1.1, (http/1.1)}{0.0.0.0:15007}
2025-04-23 14:39:12,241 [main] INFO  server.session (HouseKeeper.java:stopScavenging(149)) - node0 Stopped scavenging
2025-04-23 14:39:12,241 [main] INFO  handler.ContextHandler (ContextHandler.java:doStop(1159)) - Stopped o.e.j.s.ServletContextHandler@76ed78a8{static,/static,file:///home/runner/work/ozone/ozone/hadoop-ozone/integration-test/target/test-classes/webapps/static,STOPPED}
2025-04-23 14:39:12,241 [main] INFO  handler.ContextHandler (ContextHandler.java:doStop(1159)) - Stopped o.e.j.s.ServletContextHandler@58662f59{logs,/logs,file:///home/runner/work/ozone/ozone/hadoop-ozone/integration-test/target/log,STOPPED}
2025-04-23 14:39:12,242 [main] INFO  rocksdiff.RocksDBCheckpointDiffer (RocksDBCheckpointDiffer.java:close(304)) - Shutting down CompactionDagPruningService.
2025-04-23 14:39:12,243 [main] INFO  snapshot.SnapshotDiffManager (SnapshotDiffManager.java:closeExecutorService(1698)) - Shutting down executorService: 'SnapDiffExecutor'
2025-04-23 14:39:12,244 [main] INFO  utils.BackgroundService (BackgroundService.java:shutdown(161)) - Shutting down service SnapshotDiffCleanupService
2025-04-23 14:39:13,327 [omNode-3@group-523986131536-FollowerState] INFO  impl.FollowerState (FollowerState.java:runImpl(161)) - omNode-3@group-523986131536-FollowerState: change to CANDIDATE, lastRpcElapsedTime:2083005911ns, electionTimeout:1043ms
2025-04-23 14:39:13,327 [omNode-3@group-523986131536-FollowerState] INFO  impl.RoleInfo (RoleInfo.java:shutdownFollowerState(121)) - omNode-3: shutdown omNode-3@group-523986131536-FollowerState
2025-04-23 14:39:13,327 [omNode-3@group-523986131536-FollowerState] INFO  server.RaftServer$Division (RaftServerImpl.java:setRole(378)) - omNode-3@group-523986131536: changes role from  FOLLOWER to CANDIDATE at term 17 for changeToCandidate
2025-04-23 14:39:13,327 [omNode-3@group-523986131536-FollowerState] INFO  server.RaftServerConfigKeys (ConfUtils.java:logGet(46)) - raft.server.leaderelection.pre-vote = true (default)
2025-04-23 14:39:13,327 [omNode-3@group-523986131536-FollowerState] INFO  impl.RoleInfo (RoleInfo.java:updateAndGet(148)) - omNode-3: start omNode-3@group-523986131536-LeaderElection36
2025-04-23 14:39:13,328 [omNode-3@group-523986131536-LeaderElection36] INFO  server.RaftServer$Division (ServerState.java:setLeader(272)) - omNode-3@group-523986131536: change Leader from omNode-1 to null at term 17 for PRE_VOTE
2025-04-23 14:39:13,328 [omNode-3@group-523986131536-LeaderElection36] INFO  impl.LeaderElection (LeaderElection.java:askForVotes(332)) - omNode-3@group-523986131536-LeaderElection36 PRE_VOTE round 0: submit vote requests at term 17 for conf: {index: 339, cur=peers:[omNode-3|localhost:15017, omNode-1|localhost:15009, omNode-2|localhost:15013]|listeners:[], old=null}
2025-04-23 14:39:13,329 [omNode-3@group-523986131536-LeaderElection36] INFO  impl.LeaderElection (LogUtils.java:infoOrTrace(136)) - omNode-3@group-523986131536-LeaderElection36 got exception when requesting votes: java.util.concurrent.ExecutionException: org.apache.ratis.thirdparty.io.grpc.StatusRuntimeException: UNAVAILABLE: io exception
2025-04-23 14:39:13,329 [grpc-default-executor-7] INFO  server.RaftServer$Division (RaftServerImpl.java:requestVote(1407)) - omNode-2@group-523986131536: receive requestVote(PRE_VOTE, omNode-3, group-523986131536, 17, (t:17, i:340))
2025-04-23 14:39:13,329 [grpc-default-executor-7] INFO  impl.VoteContext (VoteContext.java:log(49)) - omNode-2@group-523986131536-FOLLOWER: accept PRE_VOTE from omNode-3: our priority 0 <= candidate's priority 0
2025-04-23 14:39:13,330 [grpc-default-executor-7] INFO  server.RaftServer$Division (RaftServerImpl.java:requestVote(1441)) - omNode-2@group-523986131536 replies to PRE_VOTE vote request: omNode-3<-omNode-2#0:OK-t17. Peer's state: omNode-2@group-523986131536:t17, leader=omNode-1, voted=omNode-1, raftlog=Memoized:omNode-2@group-523986131536-SegmentedRaftLog:OPENED:c339:last(t:17, i:340), conf=conf: {index: 339, cur=peers:[omNode-3|localhost:15017, omNode-1|localhost:15009, omNode-2|localhost:15013]|listeners:[], old=null}
2025-04-23 14:39:13,330 [omNode-3@group-523986131536-LeaderElection36] INFO  impl.LeaderElection (LeaderElection.java:logAndReturn(90)) - omNode-3@group-523986131536-LeaderElection36: PRE_VOTE PASSED received 1 response(s) and 1 exception(s):
2025-04-23 14:39:13,330 [omNode-3@group-523986131536-LeaderElection36] INFO  impl.LeaderElection (LeaderElection.java:logAndReturn(94)) -   Response 0: omNode-3<-omNode-2#0:OK-t17
2025-04-23 14:39:13,330 [omNode-3@group-523986131536-LeaderElection36] INFO  impl.LeaderElection (LogUtils.java:infoOrTrace(136)) -   Exception 1: java.util.concurrent.ExecutionException: org.apache.ratis.thirdparty.io.grpc.StatusRuntimeException: UNAVAILABLE: io exception
2025-04-23 14:39:13,330 [omNode-3@group-523986131536-LeaderElection36] INFO  impl.LeaderElection (LeaderElection.java:askForVotes(334)) - omNode-3@group-523986131536-LeaderElection36 PRE_VOTE round 0: result PASSED
2025-04-23 14:39:13,332 [omNode-3@group-523986131536-LeaderElection36] INFO  impl.LeaderElection (LeaderElection.java:askForVotes(332)) - omNode-3@group-523986131536-LeaderElection36 ELECTION round 0: submit vote requests at term 18 for conf: {index: 339, cur=peers:[omNode-3|localhost:15017, omNode-1|localhost:15009, omNode-2|localhost:15013]|listeners:[], old=null}
2025-04-23 14:39:13,332 [grpc-default-executor-7] INFO  server.RaftServer$Division (RaftServerImpl.java:requestVote(1407)) - omNode-2@group-523986131536: receive requestVote(ELECTION, omNode-3, group-523986131536, 18, (t:17, i:340))
2025-04-23 14:39:13,333 [grpc-default-executor-7] INFO  impl.VoteContext (VoteContext.java:log(49)) - omNode-2@group-523986131536-FOLLOWER: accept ELECTION from omNode-3: our priority 0 <= candidate's priority 0
2025-04-23 14:39:13,333 [grpc-default-executor-7] INFO  server.RaftServer$Division (RaftServerImpl.java:setRole(378)) - omNode-2@group-523986131536: changes role from  FOLLOWER to FOLLOWER at term 17 for candidate:omNode-3
2025-04-23 14:39:13,333 [grpc-default-executor-7] INFO  impl.RoleInfo (RoleInfo.java:shutdownFollowerState(121)) - omNode-2: shutdown omNode-2@group-523986131536-FollowerState
2025-04-23 14:39:13,333 [grpc-default-executor-7] INFO  server.RaftServer$Division (ServerState.java:setLeader(272)) - omNode-2@group-523986131536: change Leader from omNode-1 to null at term 18 for updateCurrentTerm
2025-04-23 14:39:13,333 [grpc-default-executor-7] INFO  impl.RoleInfo (RoleInfo.java:updateAndGet(148)) - omNode-2: start omNode-2@group-523986131536-FollowerState
2025-04-23 14:39:13,333 [omNode-2@group-523986131536-FollowerState] INFO  impl.FollowerState (FollowerState.java:runImpl(170)) - omNode-2@group-523986131536-FollowerState was interrupted
2025-04-23 14:39:13,334 [omNode-3@group-523986131536-LeaderElection36] INFO  impl.LeaderElection (LogUtils.java:infoOrTrace(136)) - omNode-3@group-523986131536-LeaderElection36 got exception when requesting votes: java.util.concurrent.ExecutionException: org.apache.ratis.thirdparty.io.grpc.StatusRuntimeException: UNAVAILABLE: io exception
2025-04-23 14:39:13,334 [grpc-default-executor-7] INFO  server.RaftServer$Division (RaftServerImpl.java:requestVote(1441)) - omNode-2@group-523986131536 replies to ELECTION vote request: omNode-3<-omNode-2#0:OK-t18. Peer's state: omNode-2@group-523986131536:t18, leader=null, voted=omNode-3, raftlog=Memoized:omNode-2@group-523986131536-SegmentedRaftLog:OPENED:c339:last(t:17, i:340), conf=conf: {index: 339, cur=peers:[omNode-3|localhost:15017, omNode-1|localhost:15009, omNode-2|localhost:15013]|listeners:[], old=null}
2025-04-23 14:39:13,335 [omNode-3@group-523986131536-LeaderElection36] INFO  impl.LeaderElection (LeaderElection.java:logAndReturn(90)) - omNode-3@group-523986131536-LeaderElection36: ELECTION PASSED received 1 response(s) and 1 exception(s):
2025-04-23 14:39:13,335 [omNode-3@group-523986131536-LeaderElection36] INFO  impl.LeaderElection (LeaderElection.java:logAndReturn(94)) -   Response 0: omNode-3<-omNode-2#0:OK-t18
2025-04-23 14:39:13,335 [omNode-3@group-523986131536-LeaderElection36] INFO  impl.LeaderElection (LogUtils.java:infoOrTrace(136)) -   Exception 1: java.util.concurrent.ExecutionException: org.apache.ratis.thirdparty.io.grpc.StatusRuntimeException: UNAVAILABLE: io exception
2025-04-23 14:39:13,335 [omNode-3@group-523986131536-LeaderElection36] INFO  impl.LeaderElection (LeaderElection.java:askForVotes(334)) - omNode-3@group-523986131536-LeaderElection36 ELECTION round 0: result PASSED
2025-04-23 14:39:13,335 [omNode-3@group-523986131536-LeaderElection36] INFO  impl.RoleInfo (RoleInfo.java:shutdownLeaderElection(141)) - omNode-3: shutdown omNode-3@group-523986131536-LeaderElection36
2025-04-23 14:39:13,335 [omNode-3@group-523986131536-LeaderElection36] INFO  server.RaftServer$Division (RaftServerImpl.java:setRole(378)) - omNode-3@group-523986131536: changes role from CANDIDATE to LEADER at term 18 for changeToLeader
2025-04-23 14:39:13,335 [omNode-3@group-523986131536-LeaderElection36] INFO  server.RaftServerConfigKeys (ConfUtils.java:logGet(46)) - raft.server.staging.catchup.gap = 1000 (default)
2025-04-23 14:39:13,335 [omNode-3@group-523986131536-LeaderElection36] INFO  server.RaftServerConfigKeys (ConfUtils.java:logGet(46)) - raft.server.write.element-limit = 4096 (default)
2025-04-23 14:39:13,335 [omNode-3@group-523986131536-LeaderElection36] INFO  server.RaftServerConfigKeys (ConfUtils.java:logGet(46)) - raft.server.write.byte-limit = 64MB (=67108864) (default)
2025-04-23 14:39:13,336 [omNode-3@group-523986131536-LeaderElection36] INFO  server.RaftServerConfigKeys (ConfUtils.java:logGet(46)) - raft.server.watch.timeout = 10s (default)
2025-04-23 14:39:13,336 [omNode-3@group-523986131536-LeaderElection36] INFO  server.RaftServerConfigKeys (ConfUtils.java:logGet(46)) - raft.server.watch.timeout.denomination = 1s (default)
2025-04-23 14:39:13,336 [omNode-3@group-523986131536-LeaderElection36] INFO  server.RaftServerConfigKeys (ConfUtils.java:logGet(46)) - raft.server.watch.element-limit = 65536 (default)
2025-04-23 14:39:13,336 [omNode-3@group-523986131536-LeaderElection36] INFO  server.RaftServerConfigKeys (ConfUtils.java:logGet(46)) - raft.server.read.leader.lease.enabled = false (default)
2025-04-23 14:39:13,336 [omNode-3@group-523986131536-LeaderElection36] INFO  server.RaftServerConfigKeys (ConfUtils.java:logGet(46)) - raft.server.read.leader.lease.timeout.ratio = 0.9 (default)
2025-04-23 14:39:13,336 [omNode-3@group-523986131536-LeaderElection36] INFO  server.RaftServerConfigKeys (ConfUtils.java:logGet(46)) - raft.server.rpc.timeout.min = 1s (custom)
2025-04-23 14:39:13,336 [omNode-3@group-523986131536-LeaderElection36] INFO  server.RaftServerConfigKeys (ConfUtils.java:logGet(46)) - raft.server.log.log-metadata.enabled = true (default)
2025-04-23 14:39:13,336 [omNode-3@group-523986131536-LeaderElection36] INFO  server.RaftServerConfigKeys (ConfUtils.java:logGet(46)) - raft.server.write.element-limit = 4096 (default)
2025-04-23 14:39:13,336 [omNode-3@group-523986131536-LeaderElection36] INFO  server.RaftServerConfigKeys (ConfUtils.java:logGet(46)) - raft.server.write.follower.gap.ratio.max = -1.0 (default)
2025-04-23 14:39:13,336 [omNode-3@group-523986131536-LeaderElection36] INFO  server.RaftServerConfigKeys (ConfUtils.java:logGet(46)) - raft.server.log.appender.snapshot.chunk.size.max = 16MB (=16777216) (default)
2025-04-23 14:39:13,336 [omNode-3@group-523986131536-LeaderElection36] INFO  server.RaftServerConfigKeys (ConfUtils.java:logGet(46)) - raft.server.log.appender.buffer.byte-limit = 4194304 (custom)
2025-04-23 14:39:13,336 [omNode-3@group-523986131536-LeaderElection36] INFO  server.RaftServerConfigKeys (ConfUtils.java:logGet(46)) - raft.server.log.appender.buffer.element-limit = 1024 (custom)
2025-04-23 14:39:13,336 [omNode-3@group-523986131536-LeaderElection36] INFO  server.RaftServerConfigKeys (ConfUtils.java:logGet(46)) - raft.server.log.appender.wait-time.min = 0ms (custom)
2025-04-23 14:39:13,336 [omNode-3@group-523986131536-LeaderElection36] INFO  grpc.GrpcConfigKeys (ConfUtils.java:logGet(46)) - raft.grpc.server.leader.outstanding.appends.max = 8 (default)
2025-04-23 14:39:13,336 [omNode-3@group-523986131536-LeaderElection36] INFO  server.RaftServerConfigKeys (ConfUtils.java:logGet(46)) - raft.server.rpc.request.timeout = 3000ms (default)
2025-04-23 14:39:13,337 [omNode-3@group-523986131536-LeaderElection36] INFO  grpc.GrpcConfigKeys (ConfUtils.java:logGet(46)) - raft.grpc.server.install_snapshot.request.element-limit = 8 (default)
2025-04-23 14:39:13,337 [omNode-3@group-523986131536-LeaderElection36] INFO  grpc.GrpcConfigKeys (ConfUtils.java:logGet(46)) - raft.grpc.server.install_snapshot.request.timeout = 3000ms (default)
2025-04-23 14:39:13,337 [omNode-3@group-523986131536-LeaderElection36] INFO  grpc.GrpcConfigKeys (ConfUtils.java:logGet(46)) - raft.grpc.server.log-message.batch.duration = 5s (default)
2025-04-23 14:39:13,337 [omNode-3@group-523986131536-LeaderElection36] INFO  server.RaftServerConfigKeys (ConfUtils.java:logGet(46)) - raft.server.log.appender.install.snapshot.enabled = false (custom)
2025-04-23 14:39:13,337 [omNode-3@group-523986131536-LeaderElection36] INFO  grpc.GrpcConfigKeys (ConfUtils.java:logGet(46)) - raft.grpc.server.heartbeat.channel = true (default)
2025-04-23 14:39:13,337 [omNode-3@group-523986131536-LeaderElection36] INFO  server.RaftServerConfigKeys (ConfUtils.java:logGet(46)) - raft.server.log.appender.snapshot.chunk.size.max = 16MB (=16777216) (default)
2025-04-23 14:39:13,337 [omNode-3@group-523986131536-LeaderElection36] INFO  server.RaftServerConfigKeys (ConfUtils.java:logGet(46)) - raft.server.log.appender.buffer.byte-limit = 4194304 (custom)
2025-04-23 14:39:13,337 [omNode-3@group-523986131536-LeaderElection36] INFO  server.RaftServerConfigKeys (ConfUtils.java:logGet(46)) - raft.server.log.appender.buffer.element-limit = 1024 (custom)
2025-04-23 14:39:13,337 [omNode-3@group-523986131536-LeaderElection36] INFO  server.RaftServerConfigKeys (ConfUtils.java:logGet(46)) - raft.server.log.appender.wait-time.min = 0ms (custom)
2025-04-23 14:39:13,337 [omNode-3@group-523986131536-LeaderElection36] INFO  grpc.GrpcConfigKeys (ConfUtils.java:logGet(46)) - raft.grpc.server.leader.outstanding.appends.max = 8 (default)
2025-04-23 14:39:13,337 [omNode-3@group-523986131536-LeaderElection36] INFO  server.RaftServerConfigKeys (ConfUtils.java:logGet(46)) - raft.server.rpc.request.timeout = 3000ms (default)
2025-04-23 14:39:13,337 [omNode-3@group-523986131536-LeaderElection36] INFO  grpc.GrpcConfigKeys (ConfUtils.java:logGet(46)) - raft.grpc.server.install_snapshot.request.element-limit = 8 (default)
2025-04-23 14:39:13,337 [omNode-3@group-523986131536-LeaderElection36] INFO  grpc.GrpcConfigKeys (ConfUtils.java:logGet(46)) - raft.grpc.server.install_snapshot.request.timeout = 3000ms (default)
2025-04-23 14:39:13,337 [omNode-3@group-523986131536-LeaderElection36] INFO  grpc.GrpcConfigKeys (ConfUtils.java:logGet(46)) - raft.grpc.server.log-message.batch.duration = 5s (default)
2025-04-23 14:39:13,338 [omNode-3@group-523986131536-LeaderElection36] INFO  server.RaftServerConfigKeys (ConfUtils.java:logGet(46)) - raft.server.log.appender.install.snapshot.enabled = false (custom)
2025-04-23 14:39:13,338 [omNode-3@group-523986131536-LeaderElection36] INFO  grpc.GrpcConfigKeys (ConfUtils.java:logGet(46)) - raft.grpc.server.heartbeat.channel = true (default)
2025-04-23 14:39:13,338 [omNode-3@group-523986131536-LeaderElection36] INFO  impl.RoleInfo (RoleInfo.java:updateAndGet(148)) - omNode-3: start omNode-3@group-523986131536-LeaderStateImpl
2025-04-23 14:39:13,338 [omNode-3@group-523986131536-LeaderElection36] INFO  ratis.OzoneManagerStateMachine (OzoneManagerStateMachine.java:notifyLeaderChanged(169)) - omNode-3@group-523986131536: leader changed to omNode-3
2025-04-23 14:39:13,338 [omNode-3@group-523986131536-LeaderElection36] INFO  server.RaftServer$Division (ServerState.java:setLeader(272)) - omNode-3@group-523986131536: change Leader from null to omNode-3 at term 18 for becomeLeader, leader elected after 10ms
2025-04-23 14:39:13,338 [omNode-3@group-523986131536-LeaderElection36] INFO  segmented.SegmentedRaftLogWorker (SegmentedRaftLogWorker.java:rollLogSegment(443)) - omNode-3@group-523986131536-SegmentedRaftLogWorker: Rolling segment log-339_340 to index:340
2025-04-23 14:39:13,338 [omNode-3@group-523986131536-LeaderElection36] INFO  server.RaftServer$Division (ServerState.java:setRaftConf(386)) - omNode-3@group-523986131536: set configuration conf: {index: 341, cur=peers:[omNode-3|localhost:15017, omNode-1|localhost:15009, omNode-2|localhost:15013]|listeners:[], old=null}
2025-04-23 14:39:13,339 [omNode-3@group-523986131536-SegmentedRaftLogWorker] INFO  segmented.SegmentedRaftLogWorker (SegmentedRaftLogWorker.java:execute(601)) - omNode-3@group-523986131536-SegmentedRaftLogWorker: Rolled log segment from /home/runner/work/ozone/ozone/hadoop-ozone/integration-test/target/test-dir/MiniOzoneClusterImpl-68853c07-42d2-4ef8-9e75-e3a852294e6a/omNode-3/ratis/c9bc4cf4-3bc3-3c60-a66b-523986131536/current/log_inprogress_339 to /home/runner/work/ozone/ozone/hadoop-ozone/integration-test/target/test-dir/MiniOzoneClusterImpl-68853c07-42d2-4ef8-9e75-e3a852294e6a/omNode-3/ratis/c9bc4cf4-3bc3-3c60-a66b-523986131536/current/log_339-340
2025-04-23 14:39:13,340 [omNode-3@group-523986131536-SegmentedRaftLogWorker] INFO  segmented.BufferedWriteChannel (BufferedWriteChannel.java:open(61)) - open log_inprogress_341 at position 0
2025-04-23 14:39:13,341 [grpc-default-executor-7] WARN  server.GrpcLogAppender (LogUtils.java:warn(121)) - omNode-3@group-523986131536->omNode-1-AppendLogResponseHandler: Failed appendEntries: org.apache.ratis.thirdparty.io.grpc.StatusRuntimeException: UNAVAILABLE: io exception
2025-04-23 14:39:13,341 [grpc-default-executor-7] WARN  server.GrpcLogAppender (GrpcLogAppender.java:lambda$resetClient$1(221)) - omNode-3@group-523986131536->omNode-1-GrpcLogAppender: Follower failed (request=null, errorCount=1); keep nextIndex (341) unchanged and retry.
2025-04-23 14:39:13,343 [grpc-default-executor-0] WARN  server.GrpcLogAppender (GrpcLogAppender.java:lambda$resetClient$1(221)) - omNode-3@group-523986131536->omNode-1-GrpcLogAppender: Follower failed (request=null, errorCount=3); keep nextIndex (342) unchanged and retry.
2025-04-23 14:39:13,347 [omNode-2-server-thread1] INFO  ratis.OzoneManagerStateMachine (OzoneManagerStateMachine.java:notifyLeaderChanged(169)) - omNode-2@group-523986131536: leader changed to omNode-3
2025-04-23 14:39:13,347 [omNode-2-server-thread1] INFO  server.RaftServer$Division (ServerState.java:setLeader(272)) - omNode-2@group-523986131536: change Leader from null to omNode-3 at term 18 for appendEntries, leader elected after 14ms
2025-04-23 14:39:13,348 [omNode-2-server-thread3] INFO  server.RaftServer$Division (ServerState.java:setRaftConf(386)) - omNode-2@group-523986131536: set configuration conf: {index: 341, cur=peers:[omNode-3|localhost:15017, omNode-1|localhost:15009, omNode-2|localhost:15013]|listeners:[], old=null}
2025-04-23 14:39:13,348 [omNode-2-server-thread3] INFO  segmented.SegmentedRaftLogWorker (SegmentedRaftLogWorker.java:rollLogSegment(443)) - omNode-2@group-523986131536-SegmentedRaftLogWorker: Rolling segment log-339_340 to index:340
2025-04-23 14:39:13,348 [omNode-3@group-523986131536-SegmentedRaftLogWorker] INFO  segmented.SegmentedRaftLogWorker (SegmentedRaftLogWorker.java:execute(644)) - omNode-3@group-523986131536-SegmentedRaftLogWorker: created new log segment /home/runner/work/ozone/ozone/hadoop-ozone/integration-test/target/test-dir/MiniOzoneClusterImpl-68853c07-42d2-4ef8-9e75-e3a852294e6a/omNode-3/ratis/c9bc4cf4-3bc3-3c60-a66b-523986131536/current/log_inprogress_341
2025-04-23 14:39:13,349 [omNode-2@group-523986131536-SegmentedRaftLogWorker] INFO  segmented.SegmentedRaftLogWorker (SegmentedRaftLogWorker.java:execute(601)) - omNode-2@group-523986131536-SegmentedRaftLogWorker: Rolled log segment from /home/runner/work/ozone/ozone/hadoop-ozone/integration-test/target/test-dir/MiniOzoneClusterImpl-68853c07-42d2-4ef8-9e75-e3a852294e6a/omNode-2/ratis/c9bc4cf4-3bc3-3c60-a66b-523986131536/current/log_inprogress_339 to /home/runner/work/ozone/ozone/hadoop-ozone/integration-test/target/test-dir/MiniOzoneClusterImpl-68853c07-42d2-4ef8-9e75-e3a852294e6a/omNode-2/ratis/c9bc4cf4-3bc3-3c60-a66b-523986131536/current/log_339-340
2025-04-23 14:39:13,349 [omNode-2@group-523986131536-SegmentedRaftLogWorker] INFO  segmented.BufferedWriteChannel (BufferedWriteChannel.java:open(61)) - open log_inprogress_341 at position 0
2025-04-23 14:39:13,357 [omNode-2@group-523986131536-SegmentedRaftLogWorker] INFO  segmented.SegmentedRaftLogWorker (SegmentedRaftLogWorker.java:execute(644)) - omNode-2@group-523986131536-SegmentedRaftLogWorker: created new log segment /home/runner/work/ozone/ozone/hadoop-ozone/integration-test/target/test-dir/MiniOzoneClusterImpl-68853c07-42d2-4ef8-9e75-e3a852294e6a/omNode-2/ratis/c9bc4cf4-3bc3-3c60-a66b-523986131536/current/log_inprogress_341
2025-04-23 14:39:13,358 [grpc-default-executor-0] WARN  server.GrpcLogAppender (GrpcLogAppender.java:lambda$resetClient$1(221)) - omNode-3@group-523986131536->omNode-1-GrpcLogAppender: Follower failed (request=null, errorCount=5); keep nextIndex (343) unchanged and retry.
2025-04-23 14:39:13,359 [omNode-3@group-523986131536-StateMachineUpdater] INFO  ratis.OzoneManagerStateMachine (OzoneManagerStateMachine.java:notifyConfigurationChanged(231)) - notifyConfigurationChanged from Ratis: term=18, index=341, New Peer list: omNode-3(localhost:15017), omNode-1(localhost:15009), omNode-2(localhost:15013)
2025-04-23 14:39:13,359 [omNode-3@group-523986131536-StateMachineUpdater] INFO  server.RaftServer$Division (LeaderStateImpl.java:checkStartIndex(313)) - Leader omNode-3@group-523986131536-LeaderStateImpl is ready since appliedIndex == startIndex == 341
2025-04-23 14:39:13,361 [omNode-2@group-523986131536-StateMachineUpdater] INFO  ratis.OzoneManagerStateMachine (OzoneManagerStateMachine.java:notifyConfigurationChanged(231)) - notifyConfigurationChanged from Ratis: term=18, index=341, New Peer list: omNode-3(localhost:15017), omNode-1(localhost:15009), omNode-2(localhost:15013)
2025-04-23 14:39:13,445 [main] INFO  rpc.RpcClient (RpcClient.java:createVolume(462)) - Creating Volume: volume89596, with user00230 as owner and space quota set to -1 bytes, counts quota set to -1
2025-04-23 14:39:13,446 [main] INFO  retry.RetryInvocationHandler (RetryInvocationHandler.java:log(426)) - com.google.protobuf.ServiceException: java.io.EOFException: End of File Exception between local host is: "fv-az1120-822/10.1.0.114"; destination host is: "localhost":15006; : java.io.EOFException; For more details see:  http://wiki.apache.org/hadoop/EOFException, while invoking $Proxy68.submitRequest over nodeId=omNode-1,nodeAddress=127.0.0.1:15006. Trying to failover immediately. Current retry count: 0.
2025-04-23 14:39:13,448 [main] INFO  retry.RetryInvocationHandler (RetryInvocationHandler.java:log(426)) - com.google.protobuf.ServiceException: org.apache.hadoop.ipc.RemoteException(org.apache.hadoop.ozone.om.exceptions.OMNotLeaderException): OM:omNode-2 is not the leader. Suggested leader is OM:omNode-3[localhost/127.0.0.1].
	at org.apache.hadoop.ozone.om.ratis.OzoneManagerRatisServer.newOMNotLeaderException(OzoneManagerRatisServer.java:813)
	at org.apache.hadoop.ozone.om.OzoneManager.checkLeaderStatus(OzoneManager.java:4355)
	at org.apache.hadoop.ozone.om.ratis.utils.OzoneManagerRatisUtils.checkLeaderStatus(OzoneManagerRatisUtils.java:500)
	at org.apache.hadoop.ozone.protocolPB.OzoneManagerProtocolServerSideTranslatorPB.internalProcessRequest(OzoneManagerProtocolServerSideTranslatorPB.java:165)
	at org.apache.hadoop.ozone.protocolPB.OzoneManagerProtocolServerSideTranslatorPB.processRequest(OzoneManagerProtocolServerSideTranslatorPB.java:125)
	at org.apache.hadoop.hdds.server.OzoneProtocolMessageDispatcher.processRequest(OzoneProtocolMessageDispatcher.java:87)
	at org.apache.hadoop.ozone.protocolPB.OzoneManagerProtocolServerSideTranslatorPB.submitRequest(OzoneManagerProtocolServerSideTranslatorPB.java:116)
	at org.apache.hadoop.ozone.protocol.proto.OzoneManagerProtocolProtos$OzoneManagerService$2.callBlockingMethod(OzoneManagerProtocolProtos.java)
	at org.apache.hadoop.ipc.ProtobufRpcEngine$Server.processCall(ProtobufRpcEngine.java:484)
	at org.apache.hadoop.ipc.ProtobufRpcEngine2$Server$ProtoBufRpcInvoker.call(ProtobufRpcEngine2.java:595)
	at org.apache.hadoop.ipc.ProtobufRpcEngine2$Server$ProtoBufRpcInvoker.call(ProtobufRpcEngine2.java:573)
	at org.apache.hadoop.ipc.RPC$Server.call(RPC.java:1227)
	at org.apache.hadoop.ipc.Server$RpcCall.run(Server.java:1246)
	at org.apache.hadoop.ipc.Server$RpcCall.run(Server.java:1169)
	at java.base/java.security.AccessController.doPrivileged(AccessController.java:714)
	at java.base/javax.security.auth.Subject.doAs(Subject.java:525)
	at org.apache.hadoop.security.UserGroupInformation.doAs(UserGroupInformation.java:1953)
	at org.apache.hadoop.ipc.Server$Handler.run(Server.java:3198)
, while invoking $Proxy68.submitRequest over nodeId=omNode-2,nodeAddress=127.0.0.1:15010 after 1 failover attempts. Trying to failover immediately. Current retry count: 1.
2025-04-23 14:39:13,450 [grpc-default-executor-7] WARN  server.GrpcLogAppender (GrpcLogAppender.java:lambda$resetClient$1(221)) - omNode-3@group-523986131536->omNode-1-GrpcLogAppender: Follower failed (request=null, errorCount=7); keep nextIndex (344) unchanged and retry.
2025-04-23 14:39:13,452 [grpc-default-executor-4] WARN  server.GrpcLogAppender (GrpcLogAppender.java:lambda$resetClient$1(221)) - omNode-3@group-523986131536->omNode-1-GrpcLogAppender: Follower failed (request=null, errorCount=9); keep nextIndex (345) unchanged and retry.
2025-04-23 14:39:13,461 [omNode-3-OMStateMachineApplyTransactionThread - 0] WARN  helpers.OzoneAclUtil (OzoneAclUtil.java:getDefaultAclList(77)) - Failed to get primary group from user user00230 (auth:SIMPLE)
2025-04-23 14:39:13,461 [omNode-2-OMStateMachineApplyTransactionThread - 0] WARN  helpers.OzoneAclUtil (OzoneAclUtil.java:getDefaultAclList(77)) - Failed to get primary group from user user00230 (auth:SIMPLE)
2025-04-23 14:39:13,461 [omNode-2-OMStateMachineApplyTransactionThread - 0] INFO  volume.OMVolumeCreateRequest (OMVolumeCreateRequest.java:validateAndUpdateCache(203)) - created volume:volume89596 for user:user00230
2025-04-23 14:39:13,461 [omNode-3-OMStateMachineApplyTransactionThread - 0] INFO  volume.OMVolumeCreateRequest (OMVolumeCreateRequest.java:validateAndUpdateCache(203)) - created volume:volume89596 for user:user00230
2025-04-23 14:39:13,463 [main] INFO  rpc.RpcClient (RpcClient.java:createBucket(687)) - Creating Bucket: volume89596/41c03faa-1262-42e4-9f54-f9b95af625a8, with server-side default bucket layout, runner as owner, Versioning false, Storage Type set to DISK and Encryption set to false, Replication Type set to server-side default replication type, Namespace Quota set to -1, Space Quota set to -1 
2025-04-23 14:39:13,465 [grpc-default-executor-7] WARN  server.GrpcLogAppender (GrpcLogAppender.java:lambda$resetClient$1(221)) - omNode-3@group-523986131536->omNode-1-GrpcLogAppender: Follower failed (request=null, errorCount=11); keep nextIndex (346) unchanged and retry.
2025-04-23 14:39:13,466 [grpc-default-executor-0] WARN  server.GrpcLogAppender (GrpcLogAppender.java:lambda$resetClient$1(221)) - omNode-3@group-523986131536->omNode-1-GrpcLogAppender: Follower failed (request=null, errorCount=13); keep nextIndex (347) unchanged and retry.
2025-04-23 14:39:13,466 [omNode-3-OMStateMachineApplyTransactionThread - 0] INFO  bucket.OMBucketCreateRequest (OMBucketCreateRequest.java:validateAndUpdateCache(291)) - created bucket: 41c03faa-1262-42e4-9f54-f9b95af625a8 of layout OBJECT_STORE in volume: volume89596
2025-04-23 14:39:13,468 [omNode-2-OMStateMachineApplyTransactionThread - 0] INFO  bucket.OMBucketCreateRequest (OMBucketCreateRequest.java:validateAndUpdateCache(291)) - created bucket: 41c03faa-1262-42e4-9f54-f9b95af625a8 of layout OBJECT_STORE in volume: volume89596
2025-04-23 14:39:13,473 [grpc-default-executor-4] WARN  server.GrpcLogAppender (GrpcLogAppender.java:lambda$resetClient$1(221)) - omNode-3@group-523986131536->omNode-1-GrpcLogAppender: Follower failed (request=null, errorCount=15); keep nextIndex (348) unchanged and retry.
2025-04-23 14:39:13,474 [grpc-default-executor-0] WARN  server.GrpcLogAppender (GrpcLogAppender.java:lambda$resetClient$1(221)) - omNode-3@group-523986131536->omNode-1-GrpcLogAppender: Follower failed (request=null, errorCount=17); keep nextIndex (349) unchanged and retry.
2025-04-23 14:39:13,479 [omNode-2-OMStateMachineApplyTransactionThread - 0] ERROR key.OMKeyCreateRequest (OMKeyCreateRequest.java:logResult(379)) - Key creation failed. Volume:volume89596, Bucket:41c03faa-1262-42e4-9f54-f9b95af625a8, Key:946be01a-9e12-4ff1-89aa-9698f2a2b021. 
com.google.protobuf.InvalidProtocolBufferException: Message missing required fields: volumeName, bucketName, keyName, dataSize, type, creationTime, modificationTime
	at com.google.protobuf.UninitializedMessageException.asInvalidProtocolBufferException(UninitializedMessageException.java:81)
	at com.google.protobuf.AbstractParser.checkMessageInitialized(AbstractParser.java:71)
	at com.google.protobuf.AbstractParser.parseFrom(AbstractParser.java:217)
	at com.google.protobuf.AbstractParser.parseFrom(AbstractParser.java:223)
	at com.google.protobuf.AbstractParser.parseFrom(AbstractParser.java:49)
	at org.apache.hadoop.hdds.utils.db.Proto2Codec.fromCodecBuffer(Proto2Codec.java:84)
	at org.apache.hadoop.hdds.utils.db.Proto2Codec.fromCodecBuffer(Proto2Codec.java:34)
	at org.apache.hadoop.hdds.utils.db.DelegatedCodec.fromCodecBuffer(DelegatedCodec.java:83)
	at org.apache.hadoop.hdds.utils.db.TypedTable.getFromTable(TypedTable.java:371)
	at org.apache.hadoop.hdds.utils.db.TypedTable.getFromTableIfExist(TypedTable.java:393)
	at org.apache.hadoop.hdds.utils.db.TypedTable.getIfExist(TypedTable.java:310)
	at org.apache.hadoop.ozone.om.request.key.OMKeyCreateRequest.validateAndUpdateCache(OMKeyCreateRequest.java:228)
	at org.apache.hadoop.ozone.protocolPB.OzoneManagerRequestHandler.lambda$0(OzoneManagerRequestHandler.java:419)
	at org.apache.hadoop.ozone.util.MetricUtil.captureLatencyNs(MetricUtil.java:45)
	at org.apache.hadoop.ozone.protocolPB.OzoneManagerRequestHandler.handleWriteRequestImpl(OzoneManagerRequestHandler.java:417)
	at org.apache.hadoop.ozone.protocolPB.RequestHandler.handleWriteRequest(RequestHandler.java:62)
	at org.apache.hadoop.ozone.om.ratis.OzoneManagerStateMachine.runCommand(OzoneManagerStateMachine.java:563)
	at org.apache.hadoop.ozone.om.ratis.OzoneManagerStateMachine.lambda$2(OzoneManagerStateMachine.java:379)
	at java.base/java.util.concurrent.CompletableFuture$AsyncSupply.run(CompletableFuture.java:1768)
	at java.base/java.util.concurrent.ThreadPoolExecutor.runWorker(ThreadPoolExecutor.java:1144)
	at java.base/java.util.concurrent.ThreadPoolExecutor$Worker.run(ThreadPoolExecutor.java:642)
	at java.base/java.lang.Thread.run(Thread.java:1583)
2025-04-23 14:39:13,479 [omNode-3-OMStateMachineApplyTransactionThread - 0] ERROR key.OMKeyCreateRequest (OMKeyCreateRequest.java:logResult(379)) - Key creation failed. Volume:volume89596, Bucket:41c03faa-1262-42e4-9f54-f9b95af625a8, Key:946be01a-9e12-4ff1-89aa-9698f2a2b021. 
com.google.protobuf.InvalidProtocolBufferException: Message missing required fields: volumeName, bucketName, keyName, dataSize, type, creationTime, modificationTime
	at com.google.protobuf.UninitializedMessageException.asInvalidProtocolBufferException(UninitializedMessageException.java:81)
	at com.google.protobuf.AbstractParser.checkMessageInitialized(AbstractParser.java:71)
	at com.google.protobuf.AbstractParser.parseFrom(AbstractParser.java:217)
	at com.google.protobuf.AbstractParser.parseFrom(AbstractParser.java:223)
	at com.google.protobuf.AbstractParser.parseFrom(AbstractParser.java:49)
	at org.apache.hadoop.hdds.utils.db.Proto2Codec.fromCodecBuffer(Proto2Codec.java:84)
	at org.apache.hadoop.hdds.utils.db.Proto2Codec.fromCodecBuffer(Proto2Codec.java:34)
	at org.apache.hadoop.hdds.utils.db.DelegatedCodec.fromCodecBuffer(DelegatedCodec.java:83)
	at org.apache.hadoop.hdds.utils.db.TypedTable.getFromTable(TypedTable.java:371)
	at org.apache.hadoop.hdds.utils.db.TypedTable.getFromTableIfExist(TypedTable.java:393)
	at org.apache.hadoop.hdds.utils.db.TypedTable.getIfExist(TypedTable.java:310)
	at org.apache.hadoop.ozone.om.request.key.OMKeyCreateRequest.validateAndUpdateCache(OMKeyCreateRequest.java:228)
	at org.apache.hadoop.ozone.protocolPB.OzoneManagerRequestHandler.lambda$0(OzoneManagerRequestHandler.java:419)
	at org.apache.hadoop.ozone.util.MetricUtil.captureLatencyNs(MetricUtil.java:45)
	at org.apache.hadoop.ozone.protocolPB.OzoneManagerRequestHandler.handleWriteRequestImpl(OzoneManagerRequestHandler.java:417)
	at org.apache.hadoop.ozone.protocolPB.RequestHandler.handleWriteRequest(RequestHandler.java:62)
	at org.apache.hadoop.ozone.om.ratis.OzoneManagerStateMachine.runCommand(OzoneManagerStateMachine.java:563)
	at org.apache.hadoop.ozone.om.ratis.OzoneManagerStateMachine.lambda$2(OzoneManagerStateMachine.java:379)
	at java.base/java.util.concurrent.CompletableFuture$AsyncSupply.run(CompletableFuture.java:1768)
	at java.base/java.util.concurrent.ThreadPoolExecutor.runWorker(ThreadPoolExecutor.java:1144)
	at java.base/java.util.concurrent.ThreadPoolExecutor$Worker.run(ThreadPoolExecutor.java:642)
	at java.base/java.lang.Thread.run(Thread.java:1583)
14:39:13.480 [omNode-3-OMStateMachineApplyTransactionThread - 0] ERROR OMAudit - user=runner | ip=127.0.0.1 | op=ALLOCATE_KEY {volume=volume89596, bucket=41c03faa-1262-42e4-9f54-f9b95af625a8, key=946be01a-9e12-4ff1-89aa-9698f2a2b021, dataSize=11, replicationType=RATIS, replicationFactor=ONE, Transaction=347} | ret=FAILURE
com.google.protobuf.InvalidProtocolBufferException: Message missing required fields: volumeName, bucketName, keyName, dataSize, type, creationTime, modificationTime
	at com.google.protobuf.UninitializedMessageException.asInvalidProtocolBufferException(UninitializedMessageException.java:81) ~[protobuf-java-2.5.0.jar:?]
	at com.google.protobuf.AbstractParser.checkMessageInitialized(AbstractParser.java:71) ~[protobuf-java-2.5.0.jar:?]
	at com.google.protobuf.AbstractParser.parseFrom(AbstractParser.java:217) ~[protobuf-java-2.5.0.jar:?]
	at com.google.protobuf.AbstractParser.parseFrom(AbstractParser.java:223) ~[protobuf-java-2.5.0.jar:?]
	at com.google.protobuf.AbstractParser.parseFrom(AbstractParser.java:49) ~[protobuf-java-2.5.0.jar:?]
	at org.apache.hadoop.hdds.utils.db.Proto2Codec.fromCodecBuffer(Proto2Codec.java:84) ~[hdds-common-2.1.0-SNAPSHOT.jar:?]
	at org.apache.hadoop.hdds.utils.db.Proto2Codec.fromCodecBuffer(Proto2Codec.java:34) ~[hdds-common-2.1.0-SNAPSHOT.jar:?]
	at org.apache.hadoop.hdds.utils.db.DelegatedCodec.fromCodecBuffer(DelegatedCodec.java:83) ~[hdds-common-2.1.0-SNAPSHOT.jar:?]
	at org.apache.hadoop.hdds.utils.db.TypedTable.getFromTable(TypedTable.java:371) ~[hdds-server-framework-2.1.0-SNAPSHOT.jar:?]
	at org.apache.hadoop.hdds.utils.db.TypedTable.getFromTableIfExist(TypedTable.java:393) ~[hdds-server-framework-2.1.0-SNAPSHOT.jar:?]
	at org.apache.hadoop.hdds.utils.db.TypedTable.getIfExist(TypedTable.java:310) ~[hdds-server-framework-2.1.0-SNAPSHOT.jar:?]
	at org.apache.hadoop.ozone.om.request.key.OMKeyCreateRequest.validateAndUpdateCache(OMKeyCreateRequest.java:228) ~[ozone-manager-2.1.0-SNAPSHOT.jar:?]
	at org.apache.hadoop.ozone.protocolPB.OzoneManagerRequestHandler.lambda$0(OzoneManagerRequestHandler.java:419) ~[ozone-manager-2.1.0-SNAPSHOT.jar:?]
	at org.apache.hadoop.ozone.util.MetricUtil.captureLatencyNs(MetricUtil.java:45) ~[hdds-common-2.1.0-SNAPSHOT.jar:?]
	at org.apache.hadoop.ozone.protocolPB.OzoneManagerRequestHandler.handleWriteRequestImpl(OzoneManagerRequestHandler.java:417) ~[ozone-manager-2.1.0-SNAPSHOT.jar:?]
	at org.apache.hadoop.ozone.protocolPB.RequestHandler.handleWriteRequest(RequestHandler.java:62) ~[ozone-manager-2.1.0-SNAPSHOT.jar:?]
	at org.apache.hadoop.ozone.om.ratis.OzoneManagerStateMachine.runCommand(OzoneManagerStateMachine.java:563) ~[ozone-manager-2.1.0-SNAPSHOT.jar:?]
	at org.apache.hadoop.ozone.om.ratis.OzoneManagerStateMachine.lambda$2(OzoneManagerStateMachine.java:379) ~[ozone-manager-2.1.0-SNAPSHOT.jar:?]
	at java.base/java.util.concurrent.CompletableFuture$AsyncSupply.run(CompletableFuture.java:1768) ~[?:?]
	at java.base/java.util.concurrent.ThreadPoolExecutor.runWorker(ThreadPoolExecutor.java:1144) ~[?:?]
	at java.base/java.util.concurrent.ThreadPoolExecutor$Worker.run(ThreadPoolExecutor.java:642) ~[?:?]
	at java.base/java.lang.Thread.run(Thread.java:1583) [?:?]
14:39:13.480 [omNode-2-OMStateMachineApplyTransactionThread - 0] ERROR OMAudit - user=runner | ip=127.0.0.1 | op=ALLOCATE_KEY {volume=volume89596, bucket=41c03faa-1262-42e4-9f54-f9b95af625a8, key=946be01a-9e12-4ff1-89aa-9698f2a2b021, dataSize=11, replicationType=RATIS, replicationFactor=ONE, Transaction=347} | ret=FAILURE
com.google.protobuf.InvalidProtocolBufferException: Message missing required fields: volumeName, bucketName, keyName, dataSize, type, creationTime, modificationTime
	at com.google.protobuf.UninitializedMessageException.asInvalidProtocolBufferException(UninitializedMessageException.java:81) ~[protobuf-java-2.5.0.jar:?]
	at com.google.protobuf.AbstractParser.checkMessageInitialized(AbstractParser.java:71) ~[protobuf-java-2.5.0.jar:?]
	at com.google.protobuf.AbstractParser.parseFrom(AbstractParser.java:217) ~[protobuf-java-2.5.0.jar:?]
	at com.google.protobuf.AbstractParser.parseFrom(AbstractParser.java:223) ~[protobuf-java-2.5.0.jar:?]
	at com.google.protobuf.AbstractParser.parseFrom(AbstractParser.java:49) ~[protobuf-java-2.5.0.jar:?]
	at org.apache.hadoop.hdds.utils.db.Proto2Codec.fromCodecBuffer(Proto2Codec.java:84) ~[hdds-common-2.1.0-SNAPSHOT.jar:?]
	at org.apache.hadoop.hdds.utils.db.Proto2Codec.fromCodecBuffer(Proto2Codec.java:34) ~[hdds-common-2.1.0-SNAPSHOT.jar:?]
	at org.apache.hadoop.hdds.utils.db.DelegatedCodec.fromCodecBuffer(DelegatedCodec.java:83) ~[hdds-common-2.1.0-SNAPSHOT.jar:?]
	at org.apache.hadoop.hdds.utils.db.TypedTable.getFromTable(TypedTable.java:371) ~[hdds-server-framework-2.1.0-SNAPSHOT.jar:?]
	at org.apache.hadoop.hdds.utils.db.TypedTable.getFromTableIfExist(TypedTable.java:393) ~[hdds-server-framework-2.1.0-SNAPSHOT.jar:?]
	at org.apache.hadoop.hdds.utils.db.TypedTable.getIfExist(TypedTable.java:310) ~[hdds-server-framework-2.1.0-SNAPSHOT.jar:?]
	at org.apache.hadoop.ozone.om.request.key.OMKeyCreateRequest.validateAndUpdateCache(OMKeyCreateRequest.java:228) ~[ozone-manager-2.1.0-SNAPSHOT.jar:?]
	at org.apache.hadoop.ozone.protocolPB.OzoneManagerRequestHandler.lambda$0(OzoneManagerRequestHandler.java:419) ~[ozone-manager-2.1.0-SNAPSHOT.jar:?]
	at org.apache.hadoop.ozone.util.MetricUtil.captureLatencyNs(MetricUtil.java:45) ~[hdds-common-2.1.0-SNAPSHOT.jar:?]
	at org.apache.hadoop.ozone.protocolPB.OzoneManagerRequestHandler.handleWriteRequestImpl(OzoneManagerRequestHandler.java:417) ~[ozone-manager-2.1.0-SNAPSHOT.jar:?]
	at org.apache.hadoop.ozone.protocolPB.RequestHandler.handleWriteRequest(RequestHandler.java:62) ~[ozone-manager-2.1.0-SNAPSHOT.jar:?]
	at org.apache.hadoop.ozone.om.ratis.OzoneManagerStateMachine.runCommand(OzoneManagerStateMachine.java:563) ~[ozone-manager-2.1.0-SNAPSHOT.jar:?]
	at org.apache.hadoop.ozone.om.ratis.OzoneManagerStateMachine.lambda$2(OzoneManagerStateMachine.java:379) ~[ozone-manager-2.1.0-SNAPSHOT.jar:?]
	at java.base/java.util.concurrent.CompletableFuture$AsyncSupply.run(CompletableFuture.java:1768) ~[?:?]
	at java.base/java.util.concurrent.ThreadPoolExecutor.runWorker(ThreadPoolExecutor.java:1144) ~[?:?]
	at java.base/java.util.concurrent.ThreadPoolExecutor$Worker.run(ThreadPoolExecutor.java:642) ~[?:?]
	at java.base/java.lang.Thread.run(Thread.java:1583) [?:?]
2025-04-23 14:39:13,543 [omNode-3-OMStateMachineApplyTransactionThread - 0] ERROR ratis.OzoneManagerStateMachine (ExitUtils.java:terminate(133)) - Terminating with exit status 1: OM Ratis Server has received unrecoverable error, to avoid further DB corruption, terminating OM. Error Response received is:cmdType: CreateKey
traceID: ""
success: false
message: "com.google.protobuf.InvalidProtocolBufferException: Message missing required fields: volumeName, bucketName, keyName, dataSize, type, creationTime, modificationTime\n\tat com.google.protobuf.UninitializedMessageException.asInvalidProtocolBufferException(UninitializedMessageException.java:81)\n\tat com.google.protobuf.AbstractParser.checkMessageInitialized(AbstractParser.java:71)\n\tat com.google.protobuf.AbstractParser.parseFrom(AbstractParser.java:217)\n\tat com.google.protobuf.AbstractParser.parseFrom(AbstractParser.java:223)\n\tat com.google.protobuf.AbstractParser.parseFrom(AbstractParser.java:49)\n\tat org.apache.hadoop.hdds.utils.db.Proto2Codec.fromCodecBuffer(Proto2Codec.java:84)\n\tat org.apache.hadoop.hdds.utils.db.Proto2Codec.fromCodecBuffer(Proto2Codec.java:34)\n\tat org.apache.hadoop.hdds.utils.db.DelegatedCodec.fromCodecBuffer(DelegatedCodec.java:83)\n\tat org.apache.hadoop.hdds.utils.db.TypedTable.getFromTable(TypedTable.java:371)\n\tat org.apache.hadoop.hdds.utils.db.TypedTable.getFromTableIfExist(TypedTable.java:393)\n\tat org.apache.hadoop.hdds.utils.db.TypedTable.getIfExist(TypedTable.java:310)\n\tat org.apache.hadoop.ozone.om.request.key.OMKeyCreateRequest.validateAndUpdateCache(OMKeyCreateRequest.java:228)\n\tat org.apache.hadoop.ozone.protocolPB.OzoneManagerRequestHandler.lambda$0(OzoneManagerRequestHandler.java:419)\n\tat org.apache.hadoop.ozone.util.MetricUtil.captureLatencyNs(MetricUtil.java:45)\n\tat org.apache.hadoop.ozone.protocolPB.OzoneManagerRequestHandler.handleWriteRequestImpl(OzoneManagerRequestHandler.java:417)\n\tat org.apache.hadoop.ozone.protocolPB.RequestHandler.handleWriteRequest(RequestHandler.java:62)\n\tat org.apache.hadoop.ozone.om.ratis.OzoneManagerStateMachine.runCommand(OzoneManagerStateMachine.java:563)\n\tat org.apache.hadoop.ozone.om.ratis.OzoneManagerStateMachine.lambda$2(OzoneManagerStateMachine.java:379)\n\tat java.base/java.util.concurrent.CompletableFuture$AsyncSupply.run(CompletableFuture.java:1768)\n\tat java.base/java.util.concurrent.ThreadPoolExecutor.runWorker(ThreadPoolExecutor.java:1144)\n\tat java.base/java.util.concurrent.ThreadPoolExecutor$Worker.run(ThreadPoolExecutor.java:642)\n\tat java.base/java.lang.Thread.run(Thread.java:1583)\n"
status: INTERNAL_ERROR
omLockDetails {
  isLockAcquired: false
  waitLockNanos: 1834
  readLockNanos: 0
  writeLockNanos: 5154401
}

INTERNAL_ERROR org.apache.hadoop.ozone.om.exceptions.OMException: com.google.protobuf.InvalidProtocolBufferException: Message missing required fields: volumeName, bucketName, keyName, dataSize, type, creationTime, modificationTime
	at com.google.protobuf.UninitializedMessageException.asInvalidProtocolBufferException(UninitializedMessageException.java:81)
	at com.google.protobuf.AbstractParser.checkMessageInitialized(AbstractParser.java:71)
	at com.google.protobuf.AbstractParser.parseFrom(AbstractParser.java:217)
	at com.google.protobuf.AbstractParser.parseFrom(AbstractParser.java:223)
	at com.google.protobuf.AbstractParser.parseFrom(AbstractParser.java:49)
	at org.apache.hadoop.hdds.utils.db.Proto2Codec.fromCodecBuffer(Proto2Codec.java:84)
	at org.apache.hadoop.hdds.utils.db.Proto2Codec.fromCodecBuffer(Proto2Codec.java:34)
	at org.apache.hadoop.hdds.utils.db.DelegatedCodec.fromCodecBuffer(DelegatedCodec.java:83)
	at org.apache.hadoop.hdds.utils.db.TypedTable.getFromTable(TypedTable.java:371)
	at org.apache.hadoop.hdds.utils.db.TypedTable.getFromTableIfExist(TypedTable.java:393)
	at org.apache.hadoop.hdds.utils.db.TypedTable.getIfExist(TypedTable.java:310)
	at org.apache.hadoop.ozone.om.request.key.OMKeyCreateRequest.validateAndUpdateCache(OMKeyCreateRequest.java:228)
	at org.apache.hadoop.ozone.protocolPB.OzoneManagerRequestHandler.lambda$0(OzoneManagerRequestHandler.java:419)
	at org.apache.hadoop.ozone.util.MetricUtil.captureLatencyNs(MetricUtil.java:45)
	at org.apache.hadoop.ozone.protocolPB.OzoneManagerRequestHandler.handleWriteRequestImpl(OzoneManagerRequestHandler.java:417)
	at org.apache.hadoop.ozone.protocolPB.RequestHandler.handleWriteRequest(RequestHandler.java:62)
	at org.apache.hadoop.ozone.om.ratis.OzoneManagerStateMachine.runCommand(OzoneManagerStateMachine.java:563)
	at org.apache.hadoop.ozone.om.ratis.OzoneManagerStateMachine.lambda$2(OzoneManagerStateMachine.java:379)
	at java.base/java.util.concurrent.CompletableFuture$AsyncSupply.run(CompletableFuture.java:1768)
	at java.base/java.util.concurrent.ThreadPoolExecutor.runWorker(ThreadPoolExecutor.java:1144)
	at java.base/java.util.concurrent.ThreadPoolExecutor$Worker.run(ThreadPoolExecutor.java:642)
	at java.base/java.lang.Thread.run(Thread.java:1583)

	at org.apache.hadoop.ozone.om.ratis.OzoneManagerStateMachine.terminate(OzoneManagerStateMachine.java:403)
	at org.apache.hadoop.ozone.om.ratis.OzoneManagerStateMachine.processResponse(OzoneManagerStateMachine.java:392)
	at java.base/java.util.concurrent.CompletableFuture$UniApply.tryFire(CompletableFuture.java:646)
	at java.base/java.util.concurrent.CompletableFuture.postComplete(CompletableFuture.java:510)
	at java.base/java.util.concurrent.CompletableFuture$AsyncSupply.run(CompletableFuture.java:1773)
	at java.base/java.util.concurrent.ThreadPoolExecutor.runWorker(ThreadPoolExecutor.java:1144)
	at java.base/java.util.concurrent.ThreadPoolExecutor$Worker.run(ThreadPoolExecutor.java:642)
	at java.base/java.lang.Thread.run(Thread.java:1583)
2025-04-23 14:39:13,543 [omNode-2-OMStateMachineApplyTransactionThread - 0] ERROR ratis.OzoneManagerStateMachine (ExitUtils.java:terminate(133)) - Terminating with exit status 1: OM Ratis Server has received unrecoverable error, to avoid further DB corruption, terminating OM. Error Response received is:cmdType: CreateKey
traceID: ""
success: false
message: "com.google.protobuf.InvalidProtocolBufferException: Message missing required fields: volumeName, bucketName, keyName, dataSize, type, creationTime, modificationTime\n\tat com.google.protobuf.UninitializedMessageException.asInvalidProtocolBufferException(UninitializedMessageException.java:81)\n\tat com.google.protobuf.AbstractParser.checkMessageInitialized(AbstractParser.java:71)\n\tat com.google.protobuf.AbstractParser.parseFrom(AbstractParser.java:217)\n\tat com.google.protobuf.AbstractParser.parseFrom(AbstractParser.java:223)\n\tat com.google.protobuf.AbstractParser.parseFrom(AbstractParser.java:49)\n\tat org.apache.hadoop.hdds.utils.db.Proto2Codec.fromCodecBuffer(Proto2Codec.java:84)\n\tat org.apache.hadoop.hdds.utils.db.Proto2Codec.fromCodecBuffer(Proto2Codec.java:34)\n\tat org.apache.hadoop.hdds.utils.db.DelegatedCodec.fromCodecBuffer(DelegatedCodec.java:83)\n\tat org.apache.hadoop.hdds.utils.db.TypedTable.getFromTable(TypedTable.java:371)\n\tat org.apache.hadoop.hdds.utils.db.TypedTable.getFromTableIfExist(TypedTable.java:393)\n\tat org.apache.hadoop.hdds.utils.db.TypedTable.getIfExist(TypedTable.java:310)\n\tat org.apache.hadoop.ozone.om.request.key.OMKeyCreateRequest.validateAndUpdateCache(OMKeyCreateRequest.java:228)\n\tat org.apache.hadoop.ozone.protocolPB.OzoneManagerRequestHandler.lambda$0(OzoneManagerRequestHandler.java:419)\n\tat org.apache.hadoop.ozone.util.MetricUtil.captureLatencyNs(MetricUtil.java:45)\n\tat org.apache.hadoop.ozone.protocolPB.OzoneManagerRequestHandler.handleWriteRequestImpl(OzoneManagerRequestHandler.java:417)\n\tat org.apache.hadoop.ozone.protocolPB.RequestHandler.handleWriteRequest(RequestHandler.java:62)\n\tat org.apache.hadoop.ozone.om.ratis.OzoneManagerStateMachine.runCommand(OzoneManagerStateMachine.java:563)\n\tat org.apache.hadoop.ozone.om.ratis.OzoneManagerStateMachine.lambda$2(OzoneManagerStateMachine.java:379)\n\tat java.base/java.util.concurrent.CompletableFuture$AsyncSupply.run(CompletableFuture.java:1768)\n\tat java.base/java.util.concurrent.ThreadPoolExecutor.runWorker(ThreadPoolExecutor.java:1144)\n\tat java.base/java.util.concurrent.ThreadPoolExecutor$Worker.run(ThreadPoolExecutor.java:642)\n\tat java.base/java.lang.Thread.run(Thread.java:1583)\n"
status: INTERNAL_ERROR
omLockDetails {
  isLockAcquired: false
  waitLockNanos: 1713
  readLockNanos: 0
  writeLockNanos: 3603226
}

INTERNAL_ERROR org.apache.hadoop.ozone.om.exceptions.OMException: com.google.protobuf.InvalidProtocolBufferException: Message missing required fields: volumeName, bucketName, keyName, dataSize, type, creationTime, modificationTime
	at com.google.protobuf.UninitializedMessageException.asInvalidProtocolBufferException(UninitializedMessageException.java:81)
	at com.google.protobuf.AbstractParser.checkMessageInitialized(AbstractParser.java:71)
	at com.google.protobuf.AbstractParser.parseFrom(AbstractParser.java:217)
	at com.google.protobuf.AbstractParser.parseFrom(AbstractParser.java:223)
	at com.google.protobuf.AbstractParser.parseFrom(AbstractParser.java:49)
	at org.apache.hadoop.hdds.utils.db.Proto2Codec.fromCodecBuffer(Proto2Codec.java:84)
	at org.apache.hadoop.hdds.utils.db.Proto2Codec.fromCodecBuffer(Proto2Codec.java:34)
	at org.apache.hadoop.hdds.utils.db.DelegatedCodec.fromCodecBuffer(DelegatedCodec.java:83)
	at org.apache.hadoop.hdds.utils.db.TypedTable.getFromTable(TypedTable.java:371)
	at org.apache.hadoop.hdds.utils.db.TypedTable.getFromTableIfExist(TypedTable.java:393)
	at org.apache.hadoop.hdds.utils.db.TypedTable.getIfExist(TypedTable.java:310)
	at org.apache.hadoop.ozone.om.request.key.OMKeyCreateRequest.validateAndUpdateCache(OMKeyCreateRequest.java:228)
	at org.apache.hadoop.ozone.protocolPB.OzoneManagerRequestHandler.lambda$0(OzoneManagerRequestHandler.java:419)
	at org.apache.hadoop.ozone.util.MetricUtil.captureLatencyNs(MetricUtil.java:45)
	at org.apache.hadoop.ozone.protocolPB.OzoneManagerRequestHandler.handleWriteRequestImpl(OzoneManagerRequestHandler.java:417)
	at org.apache.hadoop.ozone.protocolPB.RequestHandler.handleWriteRequest(RequestHandler.java:62)
	at org.apache.hadoop.ozone.om.ratis.OzoneManagerStateMachine.runCommand(OzoneManagerStateMachine.java:563)
	at org.apache.hadoop.ozone.om.ratis.OzoneManagerStateMachine.lambda$2(OzoneManagerStateMachine.java:379)
	at java.base/java.util.concurrent.CompletableFuture$AsyncSupply.run(CompletableFuture.java:1768)
	at java.base/java.util.concurrent.ThreadPoolExecutor.runWorker(ThreadPoolExecutor.java:1144)
	at java.base/java.util.concurrent.ThreadPoolExecutor$Worker.run(ThreadPoolExecutor.java:642)
	at java.base/java.lang.Thread.run(Thread.java:1583)

	at org.apache.hadoop.ozone.om.ratis.OzoneManagerStateMachine.terminate(OzoneManagerStateMachine.java:403)
	at org.apache.hadoop.ozone.om.ratis.OzoneManagerStateMachine.processResponse(OzoneManagerStateMachine.java:392)
	at java.base/java.util.concurrent.CompletableFuture$UniApply.tryFire(CompletableFuture.java:646)
	at java.base/java.util.concurrent.CompletableFuture.postComplete(CompletableFuture.java:510)
	at java.base/java.util.concurrent.CompletableFuture$AsyncSupply.run(CompletableFuture.java:1773)
	at java.base/java.util.concurrent.ThreadPoolExecutor.runWorker(ThreadPoolExecutor.java:1144)
	at java.base/java.util.concurrent.ThreadPoolExecutor$Worker.run(ThreadPoolExecutor.java:642)
	at java.base/java.lang.Thread.run(Thread.java:1583)
2025-04-23 14:39:13,544 [IPC Server handler 4 on default port 15014] ERROR ratis.OzoneManagerRatisServer (OzoneManagerRatisServer.java:exceptionToResponseStatus(591)) - Unknown error occurs
java.util.concurrent.CompletionException: org.apache.ratis.util.ExitUtils$ExitException: OM Ratis Server has received unrecoverable error, to avoid further DB corruption, terminating OM. Error Response received is:cmdType: CreateKey
traceID: ""
success: false
message: "com.google.protobuf.InvalidProtocolBufferException: Message missing required fields: volumeName, bucketName, keyName, dataSize, type, creationTime, modificationTime\n\tat com.google.protobuf.UninitializedMessageException.asInvalidProtocolBufferException(UninitializedMessageException.java:81)\n\tat com.google.protobuf.AbstractParser.checkMessageInitialized(AbstractParser.java:71)\n\tat com.google.protobuf.AbstractParser.parseFrom(AbstractParser.java:217)\n\tat com.google.protobuf.AbstractParser.parseFrom(AbstractParser.java:223)\n\tat com.google.protobuf.AbstractParser.parseFrom(AbstractParser.java:49)\n\tat org.apache.hadoop.hdds.utils.db.Proto2Codec.fromCodecBuffer(Proto2Codec.java:84)\n\tat org.apache.hadoop.hdds.utils.db.Proto2Codec.fromCodecBuffer(Proto2Codec.java:34)\n\tat org.apache.hadoop.hdds.utils.db.DelegatedCodec.fromCodecBuffer(DelegatedCodec.java:83)\n\tat org.apache.hadoop.hdds.utils.db.TypedTable.getFromTable(TypedTable.java:371)\n\tat org.apache.hadoop.hdds.utils.db.TypedTable.getFromTableIfExist(TypedTable.java:393)\n\tat org.apache.hadoop.hdds.utils.db.TypedTable.getIfExist(TypedTable.java:310)\n\tat org.apache.hadoop.ozone.om.request.key.OMKeyCreateRequest.validateAndUpdateCache(OMKeyCreateRequest.java:228)\n\tat org.apache.hadoop.ozone.protocolPB.OzoneManagerRequestHandler.lambda$0(OzoneManagerRequestHandler.java:419)\n\tat org.apache.hadoop.ozone.util.MetricUtil.captureLatencyNs(MetricUtil.java:45)\n\tat org.apache.hadoop.ozone.protocolPB.OzoneManagerRequestHandler.handleWriteRequestImpl(OzoneManagerRequestHandler.java:417)\n\tat org.apache.hadoop.ozone.protocolPB.RequestHandler.handleWriteRequest(RequestHandler.java:62)\n\tat org.apache.hadoop.ozone.om.ratis.OzoneManagerStateMachine.runCommand(OzoneManagerStateMachine.java:563)\n\tat org.apache.hadoop.ozone.om.ratis.OzoneManagerStateMachine.lambda$2(OzoneManagerStateMachine.java:379)\n\tat java.base/java.util.concurrent.CompletableFuture$AsyncSupply.run(CompletableFuture.java:1768)\n\tat java.base/java.util.concurrent.ThreadPoolExecutor.runWorker(ThreadPoolExecutor.java:1144)\n\tat java.base/java.util.concurrent.ThreadPoolExecutor$Worker.run(ThreadPoolExecutor.java:642)\n\tat java.base/java.lang.Thread.run(Thread.java:1583)\n"
status: INTERNAL_ERROR
omLockDetails {
  isLockAcquired: false
  waitLockNanos: 1834
  readLockNanos: 0
  writeLockNanos: 5154401
}

	at java.base/java.util.concurrent.CompletableFuture.encodeThrowable(CompletableFuture.java:315)
	at java.base/java.util.concurrent.CompletableFuture.completeThrowable(CompletableFuture.java:320)
	at java.base/java.util.concurrent.CompletableFuture$UniApply.tryFire(CompletableFuture.java:649)
	at java.base/java.util.concurrent.CompletableFuture.postComplete(CompletableFuture.java:510)
	at java.base/java.util.concurrent.CompletableFuture$AsyncSupply.run(CompletableFuture.java:1773)
	at java.base/java.util.concurrent.ThreadPoolExecutor.runWorker(ThreadPoolExecutor.java:1144)
	at java.base/java.util.concurrent.ThreadPoolExecutor$Worker.run(ThreadPoolExecutor.java:642)
	at java.base/java.lang.Thread.run(Thread.java:1583)
Caused by: org.apache.ratis.util.ExitUtils$ExitException: OM Ratis Server has received unrecoverable error, to avoid further DB corruption, terminating OM. Error Response received is:cmdType: CreateKey
traceID: ""
success: false
message: "com.google.protobuf.InvalidProtocolBufferException: Message missing required fields: volumeName, bucketName, keyName, dataSize, type, creationTime, modificationTime\n\tat com.google.protobuf.UninitializedMessageException.asInvalidProtocolBufferException(UninitializedMessageException.java:81)\n\tat com.google.protobuf.AbstractParser.checkMessageInitialized(AbstractParser.java:71)\n\tat com.google.protobuf.AbstractParser.parseFrom(AbstractParser.java:217)\n\tat com.google.protobuf.AbstractParser.parseFrom(AbstractParser.java:223)\n\tat com.google.protobuf.AbstractParser.parseFrom(AbstractParser.java:49)\n\tat org.apache.hadoop.hdds.utils.db.Proto2Codec.fromCodecBuffer(Proto2Codec.java:84)\n\tat org.apache.hadoop.hdds.utils.db.Proto2Codec.fromCodecBuffer(Proto2Codec.java:34)\n\tat org.apache.hadoop.hdds.utils.db.DelegatedCodec.fromCodecBuffer(DelegatedCodec.java:83)\n\tat org.apache.hadoop.hdds.utils.db.TypedTable.getFromTable(TypedTable.java:371)\n\tat org.apache.hadoop.hdds.utils.db.TypedTable.getFromTableIfExist(TypedTable.java:393)\n\tat org.apache.hadoop.hdds.utils.db.TypedTable.getIfExist(TypedTable.java:310)\n\tat org.apache.hadoop.ozone.om.request.key.OMKeyCreateRequest.validateAndUpdateCache(OMKeyCreateRequest.java:228)\n\tat org.apache.hadoop.ozone.protocolPB.OzoneManagerRequestHandler.lambda$0(OzoneManagerRequestHandler.java:419)\n\tat org.apache.hadoop.ozone.util.MetricUtil.captureLatencyNs(MetricUtil.java:45)\n\tat org.apache.hadoop.ozone.protocolPB.OzoneManagerRequestHandler.handleWriteRequestImpl(OzoneManagerRequestHandler.java:417)\n\tat org.apache.hadoop.ozone.protocolPB.RequestHandler.handleWriteRequest(RequestHandler.java:62)\n\tat org.apache.hadoop.ozone.om.ratis.OzoneManagerStateMachine.runCommand(OzoneManagerStateMachine.java:563)\n\tat org.apache.hadoop.ozone.om.ratis.OzoneManagerStateMachine.lambda$2(OzoneManagerStateMachine.java:379)\n\tat java.base/java.util.concurrent.CompletableFuture$AsyncSupply.run(CompletableFuture.java:1768)\n\tat java.base/java.util.concurrent.ThreadPoolExecutor.runWorker(ThreadPoolExecutor.java:1144)\n\tat java.base/java.util.concurrent.ThreadPoolExecutor$Worker.run(ThreadPoolExecutor.java:642)\n\tat java.base/java.lang.Thread.run(Thread.java:1583)\n"
status: INTERNAL_ERROR
omLockDetails {
  isLockAcquired: false
  waitLockNanos: 1834
  readLockNanos: 0
  writeLockNanos: 5154401
}

	at org.apache.ratis.util.ExitUtils.terminate(ExitUtils.java:141)
	at org.apache.ratis.util.ExitUtils.terminate(ExitUtils.java:151)
	at org.apache.hadoop.ozone.om.ratis.OzoneManagerStateMachine.terminate(OzoneManagerStateMachine.java:408)
	at org.apache.hadoop.ozone.om.ratis.OzoneManagerStateMachine.processResponse(OzoneManagerStateMachine.java:392)
	at java.base/java.util.concurrent.CompletableFuture$UniApply.tryFire(CompletableFuture.java:646)
	... 5 more
Caused by: INTERNAL_ERROR org.apache.hadoop.ozone.om.exceptions.OMException: com.google.protobuf.InvalidProtocolBufferException: Message missing required fields: volumeName, bucketName, keyName, dataSize, type, creationTime, modificationTime
	at com.google.protobuf.UninitializedMessageException.asInvalidProtocolBufferException(UninitializedMessageException.java:81)
	at com.google.protobuf.AbstractParser.checkMessageInitialized(AbstractParser.java:71)
	at com.google.protobuf.AbstractParser.parseFrom(AbstractParser.java:217)
	at com.google.protobuf.AbstractParser.parseFrom(AbstractParser.java:223)
	at com.google.protobuf.AbstractParser.parseFrom(AbstractParser.java:49)
	at org.apache.hadoop.hdds.utils.db.Proto2Codec.fromCodecBuffer(Proto2Codec.java:84)
	at org.apache.hadoop.hdds.utils.db.Proto2Codec.fromCodecBuffer(Proto2Codec.java:34)
	at org.apache.hadoop.hdds.utils.db.DelegatedCodec.fromCodecBuffer(DelegatedCodec.java:83)
	at org.apache.hadoop.hdds.utils.db.TypedTable.getFromTable(TypedTable.java:371)
	at org.apache.hadoop.hdds.utils.db.TypedTable.getFromTableIfExist(TypedTable.java:393)
	at org.apache.hadoop.hdds.utils.db.TypedTable.getIfExist(TypedTable.java:310)
	at org.apache.hadoop.ozone.om.request.key.OMKeyCreateRequest.validateAndUpdateCache(OMKeyCreateRequest.java:228)
	at org.apache.hadoop.ozone.protocolPB.OzoneManagerRequestHandler.lambda$0(OzoneManagerRequestHandler.java:419)
	at org.apache.hadoop.ozone.util.MetricUtil.captureLatencyNs(MetricUtil.java:45)
	at org.apache.hadoop.ozone.protocolPB.OzoneManagerRequestHandler.handleWriteRequestImpl(OzoneManagerRequestHandler.java:417)
	at org.apache.hadoop.ozone.protocolPB.RequestHandler.handleWriteRequest(RequestHandler.java:62)
	at org.apache.hadoop.ozone.om.ratis.OzoneManagerStateMachine.runCommand(OzoneManagerStateMachine.java:563)
	at org.apache.hadoop.ozone.om.ratis.OzoneManagerStateMachine.lambda$2(OzoneManagerStateMachine.java:379)
	at java.base/java.util.concurrent.CompletableFuture$AsyncSupply.run(CompletableFuture.java:1768)
	at java.base/java.util.concurrent.ThreadPoolExecutor.runWorker(ThreadPoolExecutor.java:1144)
	at java.base/java.util.concurrent.ThreadPoolExecutor$Worker.run(ThreadPoolExecutor.java:642)
	at java.base/java.lang.Thread.run(Thread.java:1583)

	at org.apache.hadoop.ozone.om.ratis.OzoneManagerStateMachine.terminate(OzoneManagerStateMachine.java:403)
	... 7 more
2025-04-23 14:39:13,547 [main] INFO  om.OzoneManager (OzoneManager.java:stop(2347)) - omNode-3[localhost:15014]: Stopping Ozone Manager
2025-04-23 14:39:13,547 [main] INFO  ipc.Server (Server.java:stop(3697)) - Stopping server on 15014
2025-04-23 14:39:13,548 [IPC Server listener on 15014] INFO  ipc.Server (Server.java:run(1585)) - Stopping IPC Server listener on 15014
2025-04-23 14:39:13,548 [IPC Server Responder] INFO  ipc.Server (Server.java:run(1718)) - Stopping IPC Server Responder
2025-04-23 14:39:13,549 [main] INFO  ratis.OzoneManagerRatisServer (OzoneManagerRatisServer.java:stop(634)) - Stopping org.apache.hadoop.ozone.om.ratis.OzoneManagerRatisServer@69d9ae37 at port 15017
2025-04-23 14:39:13,549 [main] INFO  server.RaftServer (RaftServerProxy.java:lambda$close$9(417)) - omNode-3: close
2025-04-23 14:39:13,549 [main] INFO  server.GrpcService (GrpcService.java:closeImpl(343)) - omNode-3: shutdown server GrpcServerProtocolService now
2025-04-23 14:39:13,549 [omNode-3-impl-thread1] INFO  server.RaftServer$Division (RaftServerImpl.java:lambda$close$1(513)) - omNode-3@group-523986131536: shutdown
2025-04-23 14:39:13,549 [omNode-3-impl-thread1] INFO  util.JmxRegister (JmxRegister.java:unregister(74)) - Successfully un-registered JMX Bean with object name Ratis:service=RaftServer,group=group-523986131536,id=omNode-3
2025-04-23 14:39:13,549 [omNode-3-impl-thread1] INFO  impl.RoleInfo (RoleInfo.java:shutdownLeaderState(103)) - omNode-3: shutdown omNode-3@group-523986131536-LeaderStateImpl
2025-04-23 14:39:13,549 [omNode-3-impl-thread1] INFO  impl.PendingRequests (PendingRequests.java:sendNotLeaderResponses(287)) - omNode-3@group-523986131536-PendingRequests: sendNotLeaderResponses
2025-04-23 14:39:13,550 [omNode-3@group-523986131536->omNode-1-GrpcLogAppender-LogAppenderDaemon] WARN  server.GrpcLogAppender (GrpcLogAppender.java:mayWait(293)) - omNode-3@group-523986131536->omNode-1-GrpcLogAppender: Wait interrupted by java.lang.InterruptedException
2025-04-23 14:39:13,550 [omNode-3@group-523986131536->omNode-2-GrpcLogAppender-LogAppenderDaemon] WARN  server.GrpcLogAppender (GrpcLogAppender.java:mayWait(293)) - omNode-3@group-523986131536->omNode-2-GrpcLogAppender: Wait interrupted by java.lang.InterruptedException
2025-04-23 14:39:13,550 [Thread-6314] INFO  server.GrpcServerProtocolClient (GrpcServerProtocolClient.java:close(105)) - omNode-1 Close channels
2025-04-23 14:39:13,550 [omNode-3-impl-thread1] INFO  impl.StateMachineUpdater (StateMachineUpdater.java:stopAndJoin(164)) - omNode-3@group-523986131536-StateMachineUpdater: set stopIndex = 348
2025-04-23 14:39:13,551 [grpc-default-executor-4] INFO  server.GrpcServerProtocolService (GrpcServerProtocolService.java:onCompleted(157)) - omNode-2: Completed APPEND_ENTRIES, lastRequest: null
2025-04-23 14:39:13,551 [Thread-6315] INFO  server.GrpcServerProtocolClient (GrpcServerProtocolClient.java:close(105)) - omNode-2 Close channels
2025-04-23 14:39:13,551 [grpc-default-executor-0] INFO  server.GrpcServerProtocolService (GrpcServerProtocolService.java:onCompleted(157)) - omNode-2: Completed APPEND_ENTRIES, lastRequest: omNode-3->omNode-2#12-t18,previous=(t:18, i:347),leaderCommit=347,initializing? false,entries: size=1, first=(t:18, i:348), METADATAENTRY(c:347)
2025-04-23 14:39:13,552 [grpc-default-executor-0] INFO  server.GrpcServerProtocolService (GrpcServerProtocolService.java:lambda$onCompleted$5(159)) - omNode-2: Completed APPEND_ENTRIES, lastReply: null
2025-04-23 14:39:13,552 [grpc-default-executor-4] INFO  server.GrpcServerProtocolService (GrpcServerProtocolService.java:lambda$onCompleted$5(159)) - omNode-2: Completed APPEND_ENTRIES, lastReply: serverReply {
  requestorId: "omNode-3"
  replyId: "omNode-2"
  raftGroupId {
    id: "\311\274L\364;\303<`\246kR9\206\023\0256"
  }
  success: true
}
term: 18
nextIndex: 341
followerCommit: 339
matchIndex: 18446744073709551615
isHearbeat: true

2025-04-23 14:39:13,552 [grpc-default-executor-0] INFO  server.GrpcLogAppender (GrpcLogAppender.java:onCompleted(550)) - omNode-3@group-523986131536->omNode-2-AppendLogResponseHandler: follower responses appendEntries COMPLETED
2025-04-23 14:39:13,552 [grpc-default-executor-0] WARN  server.GrpcLogAppender (GrpcLogAppender.java:resetClient(230)) - omNode-3@group-523986131536->omNode-2-GrpcLogAppender: Failed to getClient for omNode-2
org.apache.ratis.protocol.exceptions.AlreadyClosedException: omNode-3 is already CLOSED
	at org.apache.ratis.util.PeerProxyMap$PeerAndProxy.getProxy(PeerProxyMap.java:67)
	at org.apache.ratis.util.PeerProxyMap.getProxy(PeerProxyMap.java:124)
	at org.apache.ratis.grpc.server.GrpcLogAppender.getClient(GrpcLogAppender.java:200)
	at org.apache.ratis.grpc.server.GrpcLogAppender.resetClient(GrpcLogAppender.java:205)
	at org.apache.ratis.grpc.server.GrpcLogAppender.access$800(GrpcLogAppender.java:64)
	at org.apache.ratis.grpc.server.GrpcLogAppender$AppendLogResponseHandler.onCompleted(GrpcLogAppender.java:551)
	at org.apache.ratis.thirdparty.io.grpc.stub.ClientCalls$StreamObserverToCallListenerAdapter.onClose(ClientCalls.java:479)
	at org.apache.ratis.thirdparty.io.grpc.internal.DelayedClientCall$DelayedListener$3.run(DelayedClientCall.java:489)
	at org.apache.ratis.thirdparty.io.grpc.internal.DelayedClientCall$DelayedListener.delayOrExecute(DelayedClientCall.java:453)
	at org.apache.ratis.thirdparty.io.grpc.internal.DelayedClientCall$DelayedListener.onClose(DelayedClientCall.java:486)
	at org.apache.ratis.thirdparty.io.grpc.internal.ClientCallImpl.closeObserver(ClientCallImpl.java:567)
	at org.apache.ratis.thirdparty.io.grpc.internal.ClientCallImpl.access$300(ClientCallImpl.java:71)
	at org.apache.ratis.thirdparty.io.grpc.internal.ClientCallImpl$ClientStreamListenerImpl$1StreamClosed.runInternal(ClientCallImpl.java:735)
	at org.apache.ratis.thirdparty.io.grpc.internal.ClientCallImpl$ClientStreamListenerImpl$1StreamClosed.runInContext(ClientCallImpl.java:716)
	at org.apache.ratis.thirdparty.io.grpc.internal.ContextRunnable.run(ContextRunnable.java:37)
	at org.apache.ratis.thirdparty.io.grpc.internal.SerializingExecutor.run(SerializingExecutor.java:133)
	at java.base/java.util.concurrent.ThreadPoolExecutor.runWorker(ThreadPoolExecutor.java:1144)
	at java.base/java.util.concurrent.ThreadPoolExecutor$Worker.run(ThreadPoolExecutor.java:642)
	at java.base/java.lang.Thread.run(Thread.java:1583)
2025-04-23 14:39:13,552 [grpc-default-executor-4] INFO  server.GrpcLogAppender (GrpcLogAppender.java:onCompleted(550)) - omNode-3@group-523986131536->omNode-2-AppendLogResponseHandler: follower responses appendEntries COMPLETED
2025-04-23 14:39:13,553 [grpc-default-executor-4] WARN  server.GrpcLogAppender (GrpcLogAppender.java:resetClient(230)) - omNode-3@group-523986131536->omNode-2-GrpcLogAppender: Failed to getClient for omNode-2
org.apache.ratis.protocol.exceptions.AlreadyClosedException: omNode-3 is already CLOSED
	at org.apache.ratis.util.PeerProxyMap$PeerAndProxy.getProxy(PeerProxyMap.java:67)
	at org.apache.ratis.util.PeerProxyMap.getProxy(PeerProxyMap.java:124)
	at org.apache.ratis.grpc.server.GrpcLogAppender.getClient(GrpcLogAppender.java:200)
	at org.apache.ratis.grpc.server.GrpcLogAppender.resetClient(GrpcLogAppender.java:205)
	at org.apache.ratis.grpc.server.GrpcLogAppender.access$800(GrpcLogAppender.java:64)
	at org.apache.ratis.grpc.server.GrpcLogAppender$AppendLogResponseHandler.onCompleted(GrpcLogAppender.java:551)
	at org.apache.ratis.thirdparty.io.grpc.stub.ClientCalls$StreamObserverToCallListenerAdapter.onClose(ClientCalls.java:479)
	at org.apache.ratis.thirdparty.io.grpc.internal.ClientCallImpl.closeObserver(ClientCallImpl.java:567)
	at org.apache.ratis.thirdparty.io.grpc.internal.ClientCallImpl.access$300(ClientCallImpl.java:71)
	at org.apache.ratis.thirdparty.io.grpc.internal.ClientCallImpl$ClientStreamListenerImpl$1StreamClosed.runInternal(ClientCallImpl.java:735)
	at org.apache.ratis.thirdparty.io.grpc.internal.ClientCallImpl$ClientStreamListenerImpl$1StreamClosed.runInContext(ClientCallImpl.java:716)
	at org.apache.ratis.thirdparty.io.grpc.internal.ContextRunnable.run(ContextRunnable.java:37)
	at org.apache.ratis.thirdparty.io.grpc.internal.SerializingExecutor.run(SerializingExecutor.java:133)
	at java.base/java.util.concurrent.ThreadPoolExecutor.runWorker(ThreadPoolExecutor.java:1144)
	at java.base/java.util.concurrent.ThreadPoolExecutor$Worker.run(ThreadPoolExecutor.java:642)
	at java.base/java.lang.Thread.run(Thread.java:1583)
2025-04-23 14:39:13,553 [main] INFO  server.GrpcService (GrpcService.java:closeImpl(352)) - omNode-3: shutdown server GrpcServerProtocolService successfully
2025-04-23 14:39:13,564 [omNode-3@group-523986131536-StateMachineUpdater] INFO  ratis.OzoneManagerStateMachine (OzoneManagerStateMachine.java:takeSnapshotImpl(510)) - omNode-3: taking snapshot. applied = (t:18, i:348), skipped = 347, notified = (t:18, i:348), current snapshot index = (t:18, i:348), took 14 ms
2025-04-23 14:39:13,564 [omNode-3@group-523986131536-StateMachineUpdater] INFO  impl.StateMachineUpdater (StateMachineUpdater.java:takeSnapshot(303)) - omNode-3@group-523986131536-StateMachineUpdater: Took a snapshot at index 348
2025-04-23 14:39:13,565 [omNode-3@group-523986131536-StateMachineUpdater] INFO  impl.StateMachineUpdater (StateMachineUpdater.java:lambda$new$0(102)) - omNode-3@group-523986131536-StateMachineUpdater: snapshotIndex: updateIncreasingly 336 -> 348
2025-04-23 14:39:13,565 [omNode-3@group-523986131536-StateMachineUpdater] INFO  impl.StateMachineUpdater (StateMachineUpdater.java:stop(141)) - omNode-3@group-523986131536-StateMachineUpdater: closing OzoneManagerStateMachine, lastApplied=(t:18, i:348)
2025-04-23 14:39:13,565 [omNode-3@group-523986131536-StateMachineUpdater] INFO  ratis.OzoneManagerStateMachine (OzoneManagerStateMachine.java:close(550)) - Stopping OzoneManagerStateMachine:omNode-3:group-523986131536.
2025-04-23 14:39:13,565 [omNode-3@group-523986131536-StateMachineUpdater] INFO  ratis.OzoneManagerDoubleBuffer (OzoneManagerDoubleBuffer.java:stopDaemon(500)) - Stopping OMDoubleBuffer flush thread
2025-04-23 14:39:13,565 [omNode-3-OMDoubleBufferFlushThread] INFO  ratis.OzoneManagerDoubleBuffer (OzoneManagerDoubleBuffer.java:canFlush(559)) - OMDoubleBuffer flush thread omNode-3-OMDoubleBufferFlushThread is interrupted and will exit.
2025-04-23 14:39:13,565 [omNode-3@group-523986131536-cacheEviction-AwaitToRun] INFO  util.AwaitToRun (AwaitToRun.java:run(49)) - omNode-3@group-523986131536-cacheEviction-AwaitToRun-AwaitForSignal is interrupted
2025-04-23 14:39:14,475 [omNode-3-impl-thread1] INFO  segmented.SegmentedRaftLogWorker (SegmentedRaftLogWorker.java:close(252)) - omNode-3@group-523986131536-SegmentedRaftLogWorker close()
2025-04-23 14:39:14,476 [JvmPauseMonitor35] INFO  util.JvmPauseMonitor (JvmPauseMonitor.java:run(152)) - JvmPauseMonitor-omNode-3: Stopped
2025-04-23 14:39:14,476 [main] INFO  utils.BackgroundService (BackgroundService.java:shutdown(161)) - Shutting down service KeyDeletingService
2025-04-23 14:39:14,476 [main] INFO  utils.BackgroundService (BackgroundService.java:shutdown(161)) - Shutting down service DirectoryDeletingService
2025-04-23 14:39:14,477 [main] INFO  utils.BackgroundService (BackgroundService.java:shutdown(161)) - Shutting down service OpenKeyCleanupService
2025-04-23 14:39:14,477 [main] INFO  utils.BackgroundService (BackgroundService.java:shutdown(161)) - Shutting down service SstFilteringService
2025-04-23 14:39:14,478 [main] INFO  utils.BackgroundService (BackgroundService.java:shutdown(161)) - Shutting down service SnapshotDeletingService
2025-04-23 14:39:14,478 [main] INFO  utils.BackgroundService (BackgroundService.java:shutdown(161)) - Shutting down service MultipartUploadCleanupService
2025-04-23 14:39:14,479 [main] INFO  handler.ContextHandler (ContextHandler.java:doStop(1159)) - Stopped o.e.j.w.WebAppContext@189d5efe{ozoneManager,/,null,STOPPED}{file:/home/runner/work/ozone/ozone/hadoop-ozone/integration-test/target/test-classes/webapps/ozoneManager}
2025-04-23 14:39:14,479 [main] INFO  server.AbstractConnector (AbstractConnector.java:doStop(383)) - Stopped ServerConnector@7fb87336{HTTP/1.1, (http/1.1)}{0.0.0.0:15015}
2025-04-23 14:39:14,479 [main] INFO  server.session (HouseKeeper.java:stopScavenging(149)) - node0 Stopped scavenging
2025-04-23 14:39:14,479 [main] INFO  handler.ContextHandler (ContextHandler.java:doStop(1159)) - Stopped o.e.j.s.ServletContextHandler@79e7c8e{static,/static,file:///home/runner/work/ozone/ozone/hadoop-ozone/integration-test/target/test-classes/webapps/static,STOPPED}
2025-04-23 14:39:14,480 [main] INFO  handler.ContextHandler (ContextHandler.java:doStop(1159)) - Stopped o.e.j.s.ServletContextHandler@5c513f93{logs,/logs,file:///home/runner/work/ozone/ozone/hadoop-ozone/integration-test/target/log,STOPPED}
2025-04-23 14:39:14,480 [main] INFO  rocksdiff.RocksDBCheckpointDiffer (RocksDBCheckpointDiffer.java:close(304)) - Shutting down CompactionDagPruningService.
2025-04-23 14:39:14,482 [main] INFO  snapshot.SnapshotDiffManager (SnapshotDiffManager.java:closeExecutorService(1698)) - Shutting down executorService: 'SnapDiffExecutor'
2025-04-23 14:39:14,482 [main] INFO  utils.BackgroundService (BackgroundService.java:shutdown(161)) - Shutting down service SnapshotDiffCleanupService
2025-04-23 14:39:14,483 [main] INFO  om.OzoneManager (OzoneManager.java:stop(2347)) - omNode-1[localhost:15006]: Stopping Ozone Manager
2025-04-23 14:39:14,483 [main] INFO  om.OzoneManager (OzoneManager.java:stop(2347)) - omNode-2[localhost:15010]: Stopping Ozone Manager
2025-04-23 14:39:14,483 [main] INFO  ipc.Server (Server.java:stop(3697)) - Stopping server on 15010
2025-04-23 14:39:14,485 [IPC Server Responder] INFO  ipc.Server (Server.java:run(1718)) - Stopping IPC Server Responder
2025-04-23 14:39:14,485 [main] INFO  ratis.OzoneManagerRatisServer (OzoneManagerRatisServer.java:stop(634)) - Stopping org.apache.hadoop.ozone.om.ratis.OzoneManagerRatisServer@7bf1e8fb at port 15013
2025-04-23 14:39:14,485 [IPC Server listener on 15010] INFO  ipc.Server (Server.java:run(1585)) - Stopping IPC Server listener on 15010
2025-04-23 14:39:14,485 [main] INFO  server.RaftServer (RaftServerProxy.java:lambda$close$9(417)) - omNode-2: close
2025-04-23 14:39:14,485 [main] INFO  server.GrpcService (GrpcService.java:closeImpl(343)) - omNode-2: shutdown server GrpcServerProtocolService now
2025-04-23 14:39:14,485 [omNode-2-impl-thread1] INFO  server.RaftServer$Division (RaftServerImpl.java:lambda$close$1(513)) - omNode-2@group-523986131536: shutdown
2025-04-23 14:39:14,486 [omNode-2-impl-thread1] INFO  util.JmxRegister (JmxRegister.java:unregister(74)) - Successfully un-registered JMX Bean with object name Ratis:service=RaftServer,group=group-523986131536,id=omNode-2
2025-04-23 14:39:14,486 [omNode-2-impl-thread1] INFO  impl.RoleInfo (RoleInfo.java:shutdownFollowerState(121)) - omNode-2: shutdown omNode-2@group-523986131536-FollowerState
2025-04-23 14:39:14,486 [omNode-2-impl-thread1] INFO  impl.StateMachineUpdater (StateMachineUpdater.java:stopAndJoin(164)) - omNode-2@group-523986131536-StateMachineUpdater: set stopIndex = 347
2025-04-23 14:39:14,486 [main] INFO  server.GrpcService (GrpcService.java:closeImpl(352)) - omNode-2: shutdown server GrpcServerProtocolService successfully
2025-04-23 14:39:14,486 [omNode-2@group-523986131536-FollowerState] INFO  impl.FollowerState (FollowerState.java:runImpl(170)) - omNode-2@group-523986131536-FollowerState was interrupted
2025-04-23 14:39:14,503 [omNode-2@group-523986131536-StateMachineUpdater] INFO  ratis.OzoneManagerStateMachine (OzoneManagerStateMachine.java:takeSnapshotImpl(510)) - omNode-2: taking snapshot. applied = (t:18, i:347), skipped = 345, notified = (t:18, i:346), current snapshot index = (t:18, i:347), took 17 ms
2025-04-23 14:39:14,503 [omNode-2@group-523986131536-StateMachineUpdater] INFO  impl.StateMachineUpdater (StateMachineUpdater.java:takeSnapshot(303)) - omNode-2@group-523986131536-StateMachineUpdater: Took a snapshot at index 347
2025-04-23 14:39:14,504 [omNode-2@group-523986131536-StateMachineUpdater] INFO  impl.StateMachineUpdater (StateMachineUpdater.java:lambda$new$0(102)) - omNode-2@group-523986131536-StateMachineUpdater: snapshotIndex: updateIncreasingly 338 -> 347
2025-04-23 14:39:14,504 [omNode-2@group-523986131536-StateMachineUpdater] INFO  impl.StateMachineUpdater (StateMachineUpdater.java:stop(141)) - omNode-2@group-523986131536-StateMachineUpdater: closing OzoneManagerStateMachine, lastApplied=(t:18, i:347)
2025-04-23 14:39:14,504 [omNode-2@group-523986131536-StateMachineUpdater] INFO  ratis.OzoneManagerStateMachine (OzoneManagerStateMachine.java:close(550)) - Stopping OzoneManagerStateMachine:omNode-2:group-523986131536.
2025-04-23 14:39:14,504 [omNode-2@group-523986131536-StateMachineUpdater] INFO  ratis.OzoneManagerDoubleBuffer (OzoneManagerDoubleBuffer.java:stopDaemon(500)) - Stopping OMDoubleBuffer flush thread
2025-04-23 14:39:14,504 [omNode-2-OMDoubleBufferFlushThread] INFO  ratis.OzoneManagerDoubleBuffer (OzoneManagerDoubleBuffer.java:canFlush(559)) - OMDoubleBuffer flush thread omNode-2-OMDoubleBufferFlushThread is interrupted and will exit.
2025-04-23 14:39:14,504 [omNode-2@group-523986131536-cacheEviction-AwaitToRun] INFO  util.AwaitToRun (AwaitToRun.java:run(49)) - omNode-2@group-523986131536-cacheEviction-AwaitToRun-AwaitForSignal is interrupted
2025-04-23 14:39:15,476 [omNode-2-impl-thread1] INFO  segmented.SegmentedRaftLogWorker (SegmentedRaftLogWorker.java:close(252)) - omNode-2@group-523986131536-SegmentedRaftLogWorker close()
2025-04-23 14:39:15,477 [JvmPauseMonitor37] INFO  util.JvmPauseMonitor (JvmPauseMonitor.java:run(152)) - JvmPauseMonitor-omNode-2: Stopped
2025-04-23 14:39:15,477 [main] INFO  utils.BackgroundService (BackgroundService.java:shutdown(161)) - Shutting down service KeyDeletingService
2025-04-23 14:39:15,477 [main] INFO  utils.BackgroundService (BackgroundService.java:shutdown(161)) - Shutting down service DirectoryDeletingService
2025-04-23 14:39:15,478 [main] INFO  utils.BackgroundService (BackgroundService.java:shutdown(161)) - Shutting down service OpenKeyCleanupService
2025-04-23 14:39:15,479 [main] INFO  utils.BackgroundService (BackgroundService.java:shutdown(161)) - Shutting down service SstFilteringService
2025-04-23 14:39:15,479 [main] INFO  utils.BackgroundService (BackgroundService.java:shutdown(161)) - Shutting down service SnapshotDeletingService
2025-04-23 14:39:15,479 [main] INFO  utils.BackgroundService (BackgroundService.java:shutdown(161)) - Shutting down service MultipartUploadCleanupService
2025-04-23 14:39:15,480 [main] INFO  handler.ContextHandler (ContextHandler.java:doStop(1159)) - Stopped o.e.j.w.WebAppContext@1c30184a{ozoneManager,/,null,STOPPED}{file:/home/runner/work/ozone/ozone/hadoop-ozone/integration-test/target/test-classes/webapps/ozoneManager}
2025-04-23 14:39:15,480 [main] INFO  server.AbstractConnector (AbstractConnector.java:doStop(383)) - Stopped ServerConnector@42854aa2{HTTP/1.1, (http/1.1)}{0.0.0.0:15011}
2025-04-23 14:39:15,481 [main] INFO  server.session (HouseKeeper.java:stopScavenging(149)) - node0 Stopped scavenging
2025-04-23 14:39:15,481 [main] INFO  handler.ContextHandler (ContextHandler.java:doStop(1159)) - Stopped o.e.j.s.ServletContextHandler@3be0ae4c{static,/static,file:///home/runner/work/ozone/ozone/hadoop-ozone/integration-test/target/test-classes/webapps/static,STOPPED}
2025-04-23 14:39:15,481 [main] INFO  handler.ContextHandler (ContextHandler.java:doStop(1159)) - Stopped o.e.j.s.ServletContextHandler@31348382{logs,/logs,file:///home/runner/work/ozone/ozone/hadoop-ozone/integration-test/target/log,STOPPED}
2025-04-23 14:39:15,482 [main] INFO  rocksdiff.RocksDBCheckpointDiffer (RocksDBCheckpointDiffer.java:close(304)) - Shutting down CompactionDagPruningService.
2025-04-23 14:39:15,483 [main] INFO  snapshot.SnapshotDiffManager (SnapshotDiffManager.java:closeExecutorService(1698)) - Shutting down executorService: 'SnapDiffExecutor'
2025-04-23 14:39:15,483 [main] INFO  utils.BackgroundService (BackgroundService.java:shutdown(161)) - Shutting down service SnapshotDiffCleanupService
2025-04-23 14:39:15,484 [main] INFO  om.OzoneManager (OzoneManager.java:restart(1878)) - OzoneManager RPC server is listening at localhost/127.0.0.1:15014
2025-04-23 14:39:15,484 [main] INFO  impl.MetricsSystemImpl (MetricsSystemImpl.java:init(158)) - OzoneManager metrics system started (again)
2025-04-23 14:39:15,495 [main] WARN  server.ServerUtils (ServerUtils.java:getDBPath(297)) - ozone.om.db.dirs is not configured. We recommend adding this setting. Falling back to ozone.metadata.dirs instead.
2025-04-23 14:39:15,536 [main] INFO  om.OzoneManager (OzoneManager.java:instantiateServices(933)) - S3 Multi-Tenancy is disabled
2025-04-23 14:39:15,537 [main] INFO  om.OmSnapshotManager (OmSnapshotManager.java:<init>(180)) - Ozone filesystem snapshot feature is enabled.
2025-04-23 14:39:15,537 [main] WARN  server.ServerUtils (ServerUtils.java:getDBPath(297)) - ozone.om.snapshot.diff.db.dir is not configured. We recommend adding this setting. Falling back to ozone.metadata.dirs instead.
2025-04-23 14:39:15,554 [main] WARN  server.ServerUtils (ServerUtils.java:getDefaultRatisDirectory(309)) - Storage directory for Ratis is not configured. It is a good idea to map this to an SSD disk. Falling back to ozone.metadata.dirs
2025-04-23 14:39:15,554 [main] INFO  server.RaftServerConfigKeys (ConfUtils.java:logGet(46)) - raft.server.log.appender.buffer.byte-limit = 4194304 (custom)
2025-04-23 14:39:15,555 [main] INFO  ratis.OzoneManagerRatisServer (OzoneManagerRatisServer.java:<init>(167)) - Instantiating OM Ratis server with groupID: om-service-test1 and peers: localhost:15017, localhost:15009, localhost:15013
2025-04-23 14:39:15,555 [main] INFO  ratis.OzoneManagerStateMachine (OzoneManagerStateMachine.java:loadSnapshotInfoFromDB(611)) - LastAppliedIndex is set from TransactionInfo from OM DB as (t:18, i:348)
2025-04-23 14:39:15,556 [main] INFO  server.RaftServer (ConfUtils.java:logGet(46)) - raft.rpc.type = GRPC (default)
2025-04-23 14:39:15,556 [main] INFO  grpc.GrpcConfigKeys (ConfUtils.java:logFallback(53)) - raft.grpc.admin.host = null (fallback to raft.grpc.server.host)
2025-04-23 14:39:15,556 [main] INFO  grpc.GrpcConfigKeys (ConfUtils.java:logFallback(53)) - raft.grpc.admin.port = 15017 (fallback to raft.grpc.server.port)
2025-04-23 14:39:15,556 [main] INFO  grpc.GrpcConfigKeys (ConfUtils.java:logFallback(53)) - raft.grpc.client.host = null (fallback to raft.grpc.server.host)
2025-04-23 14:39:15,556 [main] INFO  grpc.GrpcConfigKeys (ConfUtils.java:logFallback(53)) - raft.grpc.client.port = 15017 (fallback to raft.grpc.server.port)
2025-04-23 14:39:15,556 [main] INFO  grpc.GrpcConfigKeys (ConfUtils.java:logGet(46)) - raft.grpc.server.host = null (default)
2025-04-23 14:39:15,556 [main] INFO  grpc.GrpcConfigKeys (ConfUtils.java:logGet(46)) - raft.grpc.server.port = 15017 (custom)
2025-04-23 14:39:15,556 [main] INFO  server.GrpcService (ConfUtils.java:logGet(46)) - raft.grpc.message.size.max = 5242880 (custom)
2025-04-23 14:39:15,556 [main] INFO  server.GrpcService (ConfUtils.java:logGet(46)) - raft.grpc.flow.control.window = 1MB (=1048576) (default)
2025-04-23 14:39:15,557 [main] INFO  server.RaftServerConfigKeys (ConfUtils.java:logGet(46)) - raft.server.rpc.request.timeout = 3000ms (default)
2025-04-23 14:39:15,557 [main] INFO  grpc.GrpcConfigKeys (ConfUtils.java:logGet(46)) - raft.grpc.server.heartbeat.channel = true (default)
2025-04-23 14:39:15,557 [main] INFO  server.RaftServerConfigKeys (ConfUtils.java:logGet(46)) - raft.server.log.appender.buffer.byte-limit = 4194304 (custom)
2025-04-23 14:39:15,557 [main] INFO  grpc.GrpcConfigKeys (ConfUtils.java:logGet(46)) - raft.grpc.server.async.request.thread.pool.cached = true (default)
2025-04-23 14:39:15,557 [main] INFO  grpc.GrpcConfigKeys (ConfUtils.java:logGet(46)) - raft.grpc.server.async.request.thread.pool.size = 32 (default)
2025-04-23 14:39:15,557 [main] INFO  impl.DataStreamServerImpl (ConfUtils.java:logGet(46)) - raft.datastream.type = DISABLED (default)
2025-04-23 14:39:15,558 [main] INFO  server.RaftServerConfigKeys (ConfUtils.java:logGet(46)) - raft.server.sleep.deviation.threshold = 300ms (default)
2025-04-23 14:39:15,558 [main] INFO  server.RaftServerConfigKeys (ConfUtils.java:logGet(46)) - raft.server.close.threshold = 60s (default)
2025-04-23 14:39:15,558 [main] INFO  server.RaftServerConfigKeys (ConfUtils.java:logGet(46)) - raft.server.leaderelection.leader.step-down.wait-time = 10s (default)
2025-04-23 14:39:15,558 [main] INFO  server.RaftServerConfigKeys (ConfUtils.java:logGet(46)) - raft.server.storage.dir = [/home/runner/work/ozone/ozone/hadoop-ozone/integration-test/target/test-dir/MiniOzoneClusterImpl-68853c07-42d2-4ef8-9e75-e3a852294e6a/omNode-3/ratis] (custom)
2025-04-23 14:39:15,558 [main] INFO  server.RaftServerConfigKeys (ConfUtils.java:logGet(46)) - raft.server.threadpool.proxy.cached = true (default)
2025-04-23 14:39:15,558 [main] INFO  server.RaftServerConfigKeys (ConfUtils.java:logGet(46)) - raft.server.threadpool.proxy.size = 0 (default)
2025-04-23 14:39:15,558 [omNode-3-impl-thread1] INFO  server.RaftServer (RaftServerProxy.java:initGroupDir(265)) - omNode-3: found a subdirectory /home/runner/work/ozone/ozone/hadoop-ozone/integration-test/target/test-dir/MiniOzoneClusterImpl-68853c07-42d2-4ef8-9e75-e3a852294e6a/omNode-3/ratis/c9bc4cf4-3bc3-3c60-a66b-523986131536
2025-04-23 14:39:15,559 [main] INFO  server.RaftServer (RaftServerProxy.java:addNew(100)) - omNode-3: addNew group-523986131536:[omNode-3|localhost:15017, omNode-1|localhost:15009, omNode-2|localhost:15013] returns group-523986131536:java.util.concurrent.CompletableFuture@7430df2e[Not completed]
2025-04-23 14:39:15,559 [main] INFO  om.OzoneManager (OzoneManager.java:initializeRatisServer(2303)) - OzoneManager Ratis server initialized at port 15017
2025-04-23 14:39:15,559 [main] INFO  ratis.OzoneManagerRatisServer (OzoneManagerRatisServer.java:start(628)) - Starting OzoneManagerRatisServer omNode-3 at port 15017
2025-04-23 14:39:15,559 [omNode-3-groupManagement] INFO  server.RaftServer$Division (RaftServerImpl.java:<init>(255)) - omNode-3: new RaftServerImpl for group-523986131536:[omNode-3|localhost:15017, omNode-1|localhost:15009, omNode-2|localhost:15013] with OzoneManagerStateMachine:uninitialized
2025-04-23 14:39:15,559 [omNode-3-groupManagement] INFO  server.RaftServerConfigKeys (ConfUtils.java:logGet(46)) - raft.server.rpc.timeout.min = 1s (custom)
2025-04-23 14:39:15,559 [omNode-3-groupManagement] INFO  server.RaftServerConfigKeys (ConfUtils.java:logGet(46)) - raft.server.rpc.timeout.max = 1200ms (custom)
2025-04-23 14:39:15,559 [omNode-3-groupManagement] INFO  server.RaftServerConfigKeys (ConfUtils.java:logGet(46)) - raft.server.rpc.sleep.time = 25ms (default)
2025-04-23 14:39:15,559 [omNode-3-groupManagement] INFO  server.RaftServerConfigKeys (ConfUtils.java:logGet(46)) - raft.server.rpc.slowness.timeout = 2s (custom)
2025-04-23 14:39:15,559 [omNode-3-groupManagement] INFO  server.RaftServerConfigKeys (ConfUtils.java:logGet(46)) - raft.server.leaderelection.leader.step-down.wait-time = 10s (default)
2025-04-23 14:39:15,559 [omNode-3-groupManagement] INFO  server.RaftServerConfigKeys (ConfUtils.java:logGet(46)) - raft.server.leaderelection.member.majority-add = false (default)
2025-04-23 14:39:15,559 [omNode-3-groupManagement] INFO  server.RaftServerConfigKeys (ConfUtils.java:logGet(46)) - raft.server.sleep.deviation.threshold = 300ms (default)
2025-04-23 14:39:15,559 [omNode-3-groupManagement] INFO  server.RaftServer$Division (ServerState.java:<init>(114)) - omNode-3@group-523986131536: ConfigurationManager, init=conf: {index: -1, cur=peers:[omNode-3|localhost:15017, omNode-1|localhost:15009, omNode-2|localhost:15013]|listeners:[], old=null}, confs=<EMPTY_MAP>
2025-04-23 14:39:15,559 [omNode-3-groupManagement] INFO  server.RaftServerConfigKeys (ConfUtils.java:logGet(46)) - raft.server.notification.no-leader.timeout = 2s (custom)
2025-04-23 14:39:15,559 [omNode-3-groupManagement] INFO  server.RaftServerConfigKeys (ConfUtils.java:logGet(46)) - raft.server.read.timeout = 10s (default)
2025-04-23 14:39:15,560 [omNode-3-groupManagement] INFO  server.RaftServerConfigKeys (ConfUtils.java:logGet(46)) - raft.server.retrycache.expirytime = 30000ms (custom)
2025-04-23 14:39:15,560 [omNode-3-groupManagement] INFO  server.RaftServerConfigKeys (ConfUtils.java:logGet(46)) - raft.server.retrycache.statistics.expirytime = 100ms (default)
2025-04-23 14:39:15,560 [omNode-3-groupManagement] INFO  server.RaftServerConfigKeys (ConfUtils.java:logGet(46)) - raft.server.read.option = DEFAULT (default)
2025-04-23 14:39:15,560 [omNode-3-groupManagement] INFO  server.RaftServerConfigKeys (ConfUtils.java:logGet(46)) - raft.server.read.read-after-write-consistent.write-index-cache.expiry-time = 60s (default)
2025-04-23 14:39:15,561 [omNode-3-groupManagement] INFO  server.RaftServerConfigKeys (ConfUtils.java:logGet(46)) - raft.server.rpc.request.timeout = 3000ms (default)
2025-04-23 14:39:15,561 [omNode-3-groupManagement] INFO  server.RaftServerConfigKeys (ConfUtils.java:logGet(46)) - raft.server.log.appender.install.snapshot.enabled = false (custom)
2025-04-23 14:39:15,561 [omNode-3-groupManagement] INFO  server.RaftServerConfigKeys (ConfUtils.java:logGet(46)) - raft.server.threadpool.server.cached = true (default)
2025-04-23 14:39:15,561 [omNode-3-groupManagement] INFO  server.RaftServerConfigKeys (ConfUtils.java:logGet(46)) - raft.server.threadpool.server.size = 0 (default)
2025-04-23 14:39:15,561 [omNode-3-groupManagement] INFO  server.RaftServerConfigKeys (ConfUtils.java:logGet(46)) - raft.server.threadpool.client.cached = true (default)
2025-04-23 14:39:15,561 [omNode-3-groupManagement] INFO  server.RaftServerConfigKeys (ConfUtils.java:logGet(46)) - raft.server.threadpool.client.size = 0 (default)
2025-04-23 14:39:15,561 [omNode-3-impl-thread1] INFO  server.RaftServerConfigKeys (ConfUtils.java:logGet(46)) - raft.server.storage.free-space.min = 0MB (=0) (default)
2025-04-23 14:39:15,561 [omNode-3-impl-thread1] INFO  server.RaftServerConfigKeys (ConfUtils.java:logGet(46)) - raft.server.log.corruption.policy = EXCEPTION (default)
2025-04-23 14:39:15,561 [omNode-3-impl-thread1] INFO  server.RaftServerConfigKeys (ConfUtils.java:logGet(46)) - raft.server.storage.dir = [/home/runner/work/ozone/ozone/hadoop-ozone/integration-test/target/test-dir/MiniOzoneClusterImpl-68853c07-42d2-4ef8-9e75-e3a852294e6a/omNode-3/ratis] (custom)
2025-04-23 14:39:15,562 [omNode-3-impl-thread1] INFO  storage.RaftStorageDirectory (RaftStorageDirectoryImpl.java:tryLock(229)) - Lock on /home/runner/work/ozone/ozone/hadoop-ozone/integration-test/target/test-dir/MiniOzoneClusterImpl-68853c07-42d2-4ef8-9e75-e3a852294e6a/omNode-3/ratis/c9bc4cf4-3bc3-3c60-a66b-523986131536/in_use.lock acquired by nodename 129558@fv-az1120-822
2025-04-23 14:39:15,563 [omNode-3-impl-thread1] INFO  storage.RaftStorage (RaftStorageImpl.java:analyzeAndRecoverStorage(118)) - Read RaftStorageMetadata{term=18, votedFor=omNode-3} from /home/runner/work/ozone/ozone/hadoop-ozone/integration-test/target/test-dir/MiniOzoneClusterImpl-68853c07-42d2-4ef8-9e75-e3a852294e6a/omNode-3/ratis/c9bc4cf4-3bc3-3c60-a66b-523986131536/current/raft-meta
2025-04-23 14:39:15,563 [omNode-3-impl-thread1] INFO  server.RaftServer$Division (ServerState.java:setRaftConf(386)) - omNode-3@group-523986131536: set configuration conf: {index: 341, cur=peers:[omNode-3|localhost:15017, omNode-1|localhost:15009, omNode-2|localhost:15013]|listeners:[], old=null}
2025-04-23 14:39:15,563 [omNode-3-impl-thread1] INFO  ratis.OzoneManagerStateMachine (OzoneManagerStateMachine.java:lambda$0(138)) - omNode-3: initialize group-523986131536 with (t:18, i:348)
2025-04-23 14:39:15,563 [omNode-3-impl-thread1] INFO  server.RaftServerConfigKeys (ConfUtils.java:logGet(46)) - raft.server.log.use.memory = false (default)
2025-04-23 14:39:15,563 [omNode-3-impl-thread1] INFO  server.RaftServerConfigKeys (ConfUtils.java:logGet(46)) - raft.server.log.purge.gap = 50 (custom)
2025-04-23 14:39:15,563 [omNode-3-impl-thread1] INFO  server.RaftServerConfigKeys (ConfUtils.java:logGet(46)) - raft.server.log.appender.buffer.byte-limit = 4194304 (custom)
2025-04-23 14:39:15,563 [omNode-3-impl-thread1] INFO  server.RaftServerConfigKeys (ConfUtils.java:logGet(46)) - raft.server.log.statemachine.data.read.timeout = 1000ms (default)
2025-04-23 14:39:15,563 [omNode-3-impl-thread1] INFO  server.RaftServerConfigKeys (ConfUtils.java:logGet(46)) - raft.server.log.purge.preservation.log.num = 0 (default)
2025-04-23 14:39:15,564 [omNode-3-impl-thread1] INFO  server.RaftServerConfigKeys (ConfUtils.java:logGet(46)) - raft.server.log.segment.size.max = 4194304 (custom)
2025-04-23 14:39:15,564 [omNode-3-impl-thread1] INFO  server.RaftServerConfigKeys (ConfUtils.java:logGet(46)) - raft.server.log.segment.cache.num.max = 2 (custom)
2025-04-23 14:39:15,564 [omNode-3-impl-thread1] INFO  server.RaftServerConfigKeys (ConfUtils.java:logGet(46)) - raft.server.log.segment.cache.size.max = 200MB (=209715200) (default)
2025-04-23 14:39:15,564 [omNode-3-impl-thread1] INFO  server.RaftServerConfigKeys (ConfUtils.java:logGet(46)) - raft.server.log.appender.buffer.byte-limit = 4194304 (custom)
2025-04-23 14:39:15,564 [omNode-3-impl-thread1] INFO  util.AwaitToRun (AwaitToRun.java:start(81)) - Thread[#7446,omNode-3@group-523986131536-cacheEviction-AwaitToRun,5,main] started
2025-04-23 14:39:15,564 [omNode-3-impl-thread1] INFO  segmented.SegmentedRaftLogWorker (SegmentedRaftLogWorker.java:<init>(188)) - new omNode-3@group-523986131536-SegmentedRaftLogWorker for RaftStorageImpl:Storage Directory /home/runner/work/ozone/ozone/hadoop-ozone/integration-test/target/test-dir/MiniOzoneClusterImpl-68853c07-42d2-4ef8-9e75-e3a852294e6a/omNode-3/ratis/c9bc4cf4-3bc3-3c60-a66b-523986131536
2025-04-23 14:39:15,564 [omNode-3-impl-thread1] INFO  server.RaftServerConfigKeys (ConfUtils.java:logGet(46)) - raft.server.log.queue.byte-limit = 64MB (=67108864) (default)
2025-04-23 14:39:15,564 [omNode-3-impl-thread1] INFO  server.RaftServerConfigKeys (ConfUtils.java:logGet(46)) - raft.server.log.queue.element-limit = 4096 (default)
2025-04-23 14:39:15,564 [omNode-3-impl-thread1] INFO  server.RaftServerConfigKeys (ConfUtils.java:logGet(46)) - raft.server.log.segment.size.max = 4194304 (custom)
2025-04-23 14:39:15,564 [omNode-3-impl-thread1] INFO  server.RaftServerConfigKeys (ConfUtils.java:logGet(46)) - raft.server.log.preallocated.size = 4194304 (custom)
2025-04-23 14:39:15,565 [omNode-3-impl-thread1] INFO  server.RaftServerConfigKeys (ConfUtils.java:logGet(46)) - raft.server.log.force.sync.num = 128 (default)
2025-04-23 14:39:15,565 [omNode-3-impl-thread1] INFO  server.RaftServerConfigKeys (ConfUtils.java:logGet(46)) - raft.server.log.statemachine.data.sync = true (default)
2025-04-23 14:39:15,565 [omNode-3-impl-thread1] INFO  server.RaftServerConfigKeys (ConfUtils.java:logGet(46)) - raft.server.log.statemachine.data.sync.timeout = 10s (default)
2025-04-23 14:39:15,565 [omNode-3-impl-thread1] INFO  server.RaftServerConfigKeys (ConfUtils.java:logGet(46)) - raft.server.log.statemachine.data.sync.timeout.retry = -1 (default)
2025-04-23 14:39:15,565 [omNode-3-impl-thread1] INFO  server.RaftServerConfigKeys (ConfUtils.java:logGet(46)) - raft.server.log.write.buffer.size = 4194312 (custom)
2025-04-23 14:39:15,565 [omNode-3-impl-thread1] INFO  server.RaftServerConfigKeys (ConfUtils.java:logGet(46)) - raft.server.log.appender.buffer.byte-limit = 4194304 (custom)
2025-04-23 14:39:15,565 [omNode-3-impl-thread1] INFO  server.RaftServerConfigKeys (ConfUtils.java:logGet(46)) - raft.server.log.unsafe-flush.enabled = false (default)
2025-04-23 14:39:15,565 [omNode-3-impl-thread1] INFO  server.RaftServerConfigKeys (ConfUtils.java:logGet(46)) - raft.server.log.async-flush.enabled = false (default)
2025-04-23 14:39:15,565 [omNode-3-impl-thread1] INFO  server.RaftServerConfigKeys (ConfUtils.java:logGet(46)) - raft.server.log.statemachine.data.caching.enabled = false (default)
2025-04-23 14:39:15,566 [omNode-3-impl-thread1] INFO  server.RaftServer$Division (ServerState.java:setRaftConf(386)) - omNode-3@group-523986131536: set configuration conf: {index: 313, cur=peers:[omNode-3|localhost:15017, omNode-1|localhost:15009, omNode-2|localhost:15013]|listeners:[], old=null}
2025-04-23 14:39:15,566 [omNode-3-impl-thread1] INFO  segmented.LogSegment (LogSegment.java:loadSegment(171)) - Successfully read 12 entries from segment file /home/runner/work/ozone/ozone/hadoop-ozone/integration-test/target/test-dir/MiniOzoneClusterImpl-68853c07-42d2-4ef8-9e75-e3a852294e6a/omNode-3/ratis/c9bc4cf4-3bc3-3c60-a66b-523986131536/current/log_313-324
2025-04-23 14:39:15,566 [omNode-3-impl-thread1] INFO  server.RaftServer$Division (ServerState.java:setRaftConf(386)) - omNode-3@group-523986131536: set configuration conf: {index: 325, cur=peers:[omNode-3|localhost:15017, omNode-1|localhost:15009, omNode-2|localhost:15013]|listeners:[], old=null}
2025-04-23 14:39:15,566 [omNode-3-impl-thread1] INFO  segmented.LogSegment (LogSegment.java:loadSegment(171)) - Successfully read 12 entries from segment file /home/runner/work/ozone/ozone/hadoop-ozone/integration-test/target/test-dir/MiniOzoneClusterImpl-68853c07-42d2-4ef8-9e75-e3a852294e6a/omNode-3/ratis/c9bc4cf4-3bc3-3c60-a66b-523986131536/current/log_325-336
2025-04-23 14:39:15,566 [omNode-3-impl-thread1] INFO  server.RaftServer$Division (ServerState.java:setRaftConf(386)) - omNode-3@group-523986131536: set configuration conf: {index: 337, cur=peers:[omNode-3|localhost:15017, omNode-1|localhost:15009, omNode-2|localhost:15013]|listeners:[], old=null}
2025-04-23 14:39:15,566 [omNode-3-impl-thread1] INFO  segmented.LogSegment (LogSegment.java:loadSegment(171)) - Successfully read 2 entries from segment file /home/runner/work/ozone/ozone/hadoop-ozone/integration-test/target/test-dir/MiniOzoneClusterImpl-68853c07-42d2-4ef8-9e75-e3a852294e6a/omNode-3/ratis/c9bc4cf4-3bc3-3c60-a66b-523986131536/current/log_337-338
2025-04-23 14:39:15,567 [omNode-3-impl-thread1] INFO  server.RaftServer$Division (ServerState.java:setRaftConf(386)) - omNode-3@group-523986131536: set configuration conf: {index: 339, cur=peers:[omNode-3|localhost:15017, omNode-1|localhost:15009, omNode-2|localhost:15013]|listeners:[], old=null}
2025-04-23 14:39:15,567 [omNode-3-impl-thread1] INFO  segmented.LogSegment (LogSegment.java:loadSegment(171)) - Successfully read 2 entries from segment file /home/runner/work/ozone/ozone/hadoop-ozone/integration-test/target/test-dir/MiniOzoneClusterImpl-68853c07-42d2-4ef8-9e75-e3a852294e6a/omNode-3/ratis/c9bc4cf4-3bc3-3c60-a66b-523986131536/current/log_339-340
2025-04-23 14:39:15,567 [omNode-3-impl-thread1] INFO  server.RaftServer$Division (ServerState.java:setRaftConf(386)) - omNode-3@group-523986131536: set configuration conf: {index: 341, cur=peers:[omNode-3|localhost:15017, omNode-1|localhost:15009, omNode-2|localhost:15013]|listeners:[], old=null}
2025-04-23 14:39:15,567 [omNode-3-impl-thread1] INFO  segmented.LogSegment (LogSegment.java:loadSegment(171)) - Successfully read 8 entries from segment file /home/runner/work/ozone/ozone/hadoop-ozone/integration-test/target/test-dir/MiniOzoneClusterImpl-68853c07-42d2-4ef8-9e75-e3a852294e6a/omNode-3/ratis/c9bc4cf4-3bc3-3c60-a66b-523986131536/current/log_inprogress_341
2025-04-23 14:39:15,567 [omNode-3-impl-thread1] INFO  segmented.SegmentedRaftLogWorker (SegmentedRaftLogWorker.java:lambda$new$0(139)) - omNode-3@group-523986131536-SegmentedRaftLogWorker: flushIndex: setUnconditionally 0 -> 348
2025-04-23 14:39:15,567 [omNode-3-impl-thread1] INFO  segmented.SegmentedRaftLogWorker (SegmentedRaftLogWorker.java:lambda$new$0(139)) - omNode-3@group-523986131536-SegmentedRaftLogWorker: safeCacheEvictIndex: setUnconditionally 0 -> 340
2025-04-23 14:39:15,567 [omNode-3-impl-thread1] INFO  segmented.BufferedWriteChannel (BufferedWriteChannel.java:open(61)) - open log_inprogress_341 (append) at position 1229
2025-04-23 14:39:15,567 [omNode-3-impl-thread1] INFO  raftlog.RaftLog (RaftLogBase.java:lambda$new$0(54)) - omNode-3@group-523986131536-SegmentedRaftLog: purgeIndex: updateToMax old=-1, new=312, updated? true
2025-04-23 14:39:15,567 [omNode-3-impl-thread1] INFO  server.RaftServer$Division (RaftServerImpl.java:start(391)) - omNode-3@group-523986131536: start as a follower, conf=conf: {index: 341, cur=peers:[omNode-3|localhost:15017, omNode-1|localhost:15009, omNode-2|localhost:15013]|listeners:[], old=null}
2025-04-23 14:39:15,567 [omNode-3-impl-thread1] INFO  server.RaftServer$Division (RaftServerImpl.java:setRole(378)) - omNode-3@group-523986131536: changes role from      null to FOLLOWER at term 18 for startAsFollower
2025-04-23 14:39:15,568 [omNode-3-impl-thread1] INFO  impl.RoleInfo (RoleInfo.java:updateAndGet(148)) - omNode-3: start omNode-3@group-523986131536-FollowerState
2025-04-23 14:39:15,568 [omNode-3-impl-thread1] INFO  util.JmxRegister (JmxRegister.java:tryRegister(44)) - Successfully registered JMX Bean with object name Ratis:service=RaftServer,group=group-523986131536,id=omNode-3
2025-04-23 14:39:15,568 [omNode-3-impl-thread1] INFO  util.JmxRegister (JmxRegister.java:register(58)) - register mxBean class org.apache.ratis.server.impl.RaftServerJmxAdapter as Ratis:service=RaftServer,group=group-523986131536,id=omNode-3
2025-04-23 14:39:15,568 [omNode-3-impl-thread1] INFO  server.RaftServerConfigKeys (ConfUtils.java:logGet(46)) - raft.server.snapshot.trigger-when-stop.enabled = true (default)
2025-04-23 14:39:15,568 [omNode-3-impl-thread1] INFO  server.RaftServerConfigKeys (ConfUtils.java:logGet(46)) - raft.server.snapshot.trigger-when-remove.enabled = true (default)
2025-04-23 14:39:15,568 [omNode-3-impl-thread1] INFO  server.RaftServerConfigKeys (ConfUtils.java:logGet(46)) - raft.server.snapshot.auto.trigger.enabled = true (custom)
2025-04-23 14:39:15,568 [omNode-3-impl-thread1] INFO  server.RaftServerConfigKeys (ConfUtils.java:logGet(46)) - raft.server.snapshot.auto.trigger.threshold = 50 (custom)
2025-04-23 14:39:15,568 [omNode-3@group-523986131536-FollowerState] INFO  server.RaftServerConfigKeys (ConfUtils.java:logFallback(53)) - raft.server.rpc.first-election.timeout.min = 1s (fallback to raft.server.rpc.timeout.min)
2025-04-23 14:39:15,568 [omNode-3@group-523986131536-FollowerState] INFO  server.RaftServerConfigKeys (ConfUtils.java:logFallback(53)) - raft.server.rpc.first-election.timeout.max = 1200ms (fallback to raft.server.rpc.timeout.max)
2025-04-23 14:39:15,568 [omNode-3-impl-thread1] INFO  server.RaftServerConfigKeys (ConfUtils.java:logGet(46)) - raft.server.snapshot.retention.file.num = -1 (default)
2025-04-23 14:39:15,568 [omNode-3-impl-thread1] INFO  server.RaftServerConfigKeys (ConfUtils.java:logGet(46)) - raft.server.log.purge.upto.snapshot.index = true (custom)
2025-04-23 14:39:15,569 [omNode-3-impl-thread1] INFO  server.RaftServer$Division (RaftServerImpl.java:start(405)) - omNode-3@group-523986131536: Successfully started.
2025-04-23 14:39:15,569 [main] INFO  server.RaftServer (RaftServerProxy.java:startImpl(407)) - omNode-3: start RPC server
2025-04-23 14:39:15,569 [main] INFO  server.GrpcService (GrpcService.java:startImpl(334)) - omNode-3: GrpcService started, listening on 15017
2025-04-23 14:39:15,569 [main] INFO  om.OzoneManager (OzoneManager.java:getRpcServer(1360)) - Creating RPC Server
2025-04-23 14:39:15,573 [JvmPauseMonitor38] INFO  util.JvmPauseMonitor (JvmPauseMonitor.java:run(146)) - JvmPauseMonitor-omNode-3: Started
2025-04-23 14:39:15,924 [main] INFO  reflections.Reflections (Reflections.java:scan(219)) - Reflections took 354 ms to scan 22 urls, producing 61 keys and 7422 values
2025-04-23 14:39:15,925 [main] INFO  ipc.CallQueueManager (CallQueueManager.java:<init>(93)) - Using callQueue: class java.util.concurrent.LinkedBlockingQueue, queueCapacity: 2000, scheduler: class org.apache.hadoop.ipc.DefaultRpcScheduler, ipcBackoff: false, ipcFailOver: false.
2025-04-23 14:39:15,925 [main] INFO  ipc.Server (Server.java:<init>(1438)) - Listener at localhost:15014
2025-04-23 14:39:15,926 [Socket Reader #1 for port 15014] INFO  ipc.Server (Server.java:run(1474)) - Starting Socket Reader #1 for port 15014
2025-04-23 14:39:15,926 [Socket Reader #2 for port 15014] INFO  ipc.Server (Server.java:run(1474)) - Starting Socket Reader #2 for port 15014
2025-04-23 14:39:15,926 [Socket Reader #3 for port 15014] INFO  ipc.Server (Server.java:run(1474)) - Starting Socket Reader #3 for port 15014
2025-04-23 14:39:15,926 [Socket Reader #4 for port 15014] INFO  ipc.Server (Server.java:run(1474)) - Starting Socket Reader #4 for port 15014
2025-04-23 14:39:15,927 [Socket Reader #5 for port 15014] INFO  ipc.Server (Server.java:run(1474)) - Starting Socket Reader #5 for port 15014
2025-04-23 14:39:15,927 [Socket Reader #6 for port 15014] INFO  ipc.Server (Server.java:run(1474)) - Starting Socket Reader #6 for port 15014
2025-04-23 14:39:15,927 [Socket Reader #7 for port 15014] INFO  ipc.Server (Server.java:run(1474)) - Starting Socket Reader #7 for port 15014
2025-04-23 14:39:15,927 [Socket Reader #8 for port 15014] INFO  ipc.Server (Server.java:run(1474)) - Starting Socket Reader #8 for port 15014
2025-04-23 14:39:15,927 [Socket Reader #9 for port 15014] INFO  ipc.Server (Server.java:run(1474)) - Starting Socket Reader #9 for port 15014
2025-04-23 14:39:15,928 [Socket Reader #10 for port 15014] INFO  ipc.Server (Server.java:run(1474)) - Starting Socket Reader #10 for port 15014
2025-04-23 14:39:15,929 [main] INFO  http.BaseHttpServer (BaseHttpServer.java:newHttpServer2BuilderForOzone(229)) - Starting Web-server for ozoneManager at: http://0.0.0.0:15015
2025-04-23 14:39:15,929 [main] INFO  http.BaseHttpServer (BaseHttpServer.java:<init>(107)) - Hadoop Security Enabled: false Ozone Security Enabled: false Ozone HTTP Security Enabled: false 
2025-04-23 14:39:15,930 [main] WARN  server.AuthenticationFilter (AuthenticationFilter.java:constructSecretProvider(240)) - Unable to initialize FileSignerSecretProvider, falling back to use random secrets. Reason: Could not read signature secret file: /home/runner/hadoop-http-auth-signature-secret
2025-04-23 14:39:15,932 [main] INFO  http.HttpServer2 (HttpServer2.java:addGlobalFilter(1041)) - Added global filter 'safety' (class=org.apache.hadoop.hdds.server.http.HttpServer2$QuotingInputFilter)
2025-04-23 14:39:15,932 [main] INFO  http.HttpServer2 (HttpServer2.java:addFilter(1017)) - Added filter static_user_filter (class=org.apache.hadoop.http.lib.StaticUserWebFilter$StaticUserFilter) to context ozoneManager
2025-04-23 14:39:15,932 [main] INFO  http.HttpServer2 (HttpServer2.java:addFilter(1025)) - Added filter static_user_filter (class=org.apache.hadoop.http.lib.StaticUserWebFilter$StaticUserFilter) to context logs
2025-04-23 14:39:15,932 [main] INFO  http.HttpServer2 (HttpServer2.java:addFilter(1025)) - Added filter static_user_filter (class=org.apache.hadoop.http.lib.StaticUserWebFilter$StaticUserFilter) to context static
2025-04-23 14:39:15,933 [main] INFO  http.BaseHttpServer (BaseHttpServer.java:<init>(195)) - HTTP server of ozoneManager uses base directory /home/runner/work/ozone/ozone/hadoop-ozone/integration-test/target/test-dir/MiniOzoneClusterImpl-68853c07-42d2-4ef8-9e75-e3a852294e6a/omNode-3/webserver
2025-04-23 14:39:15,933 [main] INFO  http.HttpServer2 (HttpServer2.java:bindListener(1241)) - Jetty bound to port 15015
2025-04-23 14:39:15,933 [main] INFO  server.Server (Server.java:doStart(375)) - jetty-9.4.57.v20241219; built: 2025-01-08T21:24:30.412Z; git: df524e6b29271c2e09ba9aea83c18dc9db464a31; jvm 21.0.7+6-LTS
2025-04-23 14:39:15,934 [main] INFO  server.session (DefaultSessionIdManager.java:doStart(334)) - DefaultSessionIdManager workerName=node0
2025-04-23 14:39:15,934 [main] INFO  server.session (DefaultSessionIdManager.java:doStart(339)) - No SessionScavenger set, using defaults
2025-04-23 14:39:15,934 [main] INFO  server.session (HouseKeeper.java:startScavenging(132)) - node0 Scavenging every 660000ms
2025-04-23 14:39:15,935 [main] INFO  handler.ContextHandler (ContextHandler.java:doStart(921)) - Started o.e.j.s.ServletContextHandler@757b6bca{logs,/logs,file:///home/runner/work/ozone/ozone/hadoop-ozone/integration-test/target/log,AVAILABLE}
2025-04-23 14:39:15,935 [main] INFO  handler.ContextHandler (ContextHandler.java:doStart(921)) - Started o.e.j.s.ServletContextHandler@4e9da309{static,/static,file:///home/runner/work/ozone/ozone/hadoop-ozone/integration-test/target/test-classes/webapps/static,AVAILABLE}
2025-04-23 14:39:15,938 [main] INFO  handler.ContextHandler (ContextHandler.java:doStart(921)) - Started o.e.j.w.WebAppContext@5b59d38c{ozoneManager,/,file:///home/runner/work/ozone/ozone/hadoop-ozone/integration-test/target/test-classes/webapps/ozoneManager/,AVAILABLE}{file:/home/runner/work/ozone/ozone/hadoop-ozone/integration-test/target/test-classes/webapps/ozoneManager}
2025-04-23 14:39:15,939 [main] INFO  server.AbstractConnector (AbstractConnector.java:doStart(333)) - Started ServerConnector@77639300{HTTP/1.1, (http/1.1)}{0.0.0.0:15015}
2025-04-23 14:39:15,939 [main] INFO  server.Server (Server.java:doStart(415)) - Started @156218ms
2025-04-23 14:39:15,939 [main] WARN  impl.MetricsSystemImpl (MetricsSystemImpl.java:register(279)) - Sink prometheus already exists!
2025-04-23 14:39:15,939 [main] INFO  http.BaseHttpServer (BaseHttpServer.java:updateConnectorAddress(360)) - HTTP server of ozoneManager listening at http://0.0.0.0:15015
2025-04-23 14:39:15,939 [IPC Server Responder] INFO  ipc.Server (Server.java:run(1713)) - IPC Server Responder: starting
2025-04-23 14:39:15,940 [IPC Server listener on 15014] INFO  ipc.Server (Server.java:run(1553)) - IPC Server listener on 15014: starting
2025-04-23 14:39:15,942 [main] INFO  om.OzoneManager (OzoneManager.java:startTrashEmptier(2257)) - Trash Interval set to 0. Files deleted won't move to trash
2025-04-23 14:39:15,942 [main] INFO  om.OzoneManager (OzoneManager.java:restart(1878)) - OzoneManager RPC server is listening at localhost/127.0.0.1:15006
2025-04-23 14:39:15,942 [main] INFO  impl.MetricsSystemImpl (MetricsSystemImpl.java:init(158)) - OzoneManager metrics system started (again)
2025-04-23 14:39:15,952 [main] WARN  server.ServerUtils (ServerUtils.java:getDBPath(297)) - ozone.om.db.dirs is not configured. We recommend adding this setting. Falling back to ozone.metadata.dirs instead.
2025-04-23 14:39:15,999 [main] INFO  om.OzoneManager (OzoneManager.java:instantiateServices(933)) - S3 Multi-Tenancy is disabled
2025-04-23 14:39:15,999 [main] INFO  om.OmSnapshotManager (OmSnapshotManager.java:<init>(180)) - Ozone filesystem snapshot feature is enabled.
2025-04-23 14:39:15,999 [main] WARN  server.ServerUtils (ServerUtils.java:getDBPath(297)) - ozone.om.snapshot.diff.db.dir is not configured. We recommend adding this setting. Falling back to ozone.metadata.dirs instead.
2025-04-23 14:39:16,013 [main] WARN  dropwizard3.Dm3MetricRegistriesImpl (Dm3MetricRegistriesImpl.java:addReporterRegistration(114)) - New reporters are added after registries were created. Some metrics will be missing from the reporter. Please add reporter before adding any new registry.
2025-04-23 14:39:16,014 [main] WARN  dropwizard3.Dm3MetricRegistriesImpl (Dm3MetricRegistriesImpl.java:addReporterRegistration(114)) - New reporters are added after registries were created. Some metrics will be missing from the reporter. Please add reporter before adding any new registry.
2025-04-23 14:39:16,014 [main] WARN  server.ServerUtils (ServerUtils.java:getDefaultRatisDirectory(309)) - Storage directory for Ratis is not configured. It is a good idea to map this to an SSD disk. Falling back to ozone.metadata.dirs
2025-04-23 14:39:16,014 [main] INFO  server.RaftServerConfigKeys (ConfUtils.java:logGet(46)) - raft.server.log.appender.buffer.byte-limit = 4194304 (custom)
2025-04-23 14:39:16,015 [main] INFO  ratis.OzoneManagerRatisServer (OzoneManagerRatisServer.java:<init>(167)) - Instantiating OM Ratis server with groupID: om-service-test1 and peers: localhost:15009, localhost:15017, localhost:15013
2025-04-23 14:39:16,015 [main] INFO  ratis.OzoneManagerStateMachine (OzoneManagerStateMachine.java:loadSnapshotInfoFromDB(611)) - LastAppliedIndex is set from TransactionInfo from OM DB as (t:17, i:340)
2025-04-23 14:39:16,015 [main] INFO  server.RaftServer (ConfUtils.java:logGet(46)) - raft.rpc.type = GRPC (default)
2025-04-23 14:39:16,015 [main] INFO  grpc.GrpcConfigKeys (ConfUtils.java:logFallback(53)) - raft.grpc.admin.host = null (fallback to raft.grpc.server.host)
2025-04-23 14:39:16,015 [main] INFO  grpc.GrpcConfigKeys (ConfUtils.java:logFallback(53)) - raft.grpc.admin.port = 15009 (fallback to raft.grpc.server.port)
2025-04-23 14:39:16,015 [main] INFO  grpc.GrpcConfigKeys (ConfUtils.java:logFallback(53)) - raft.grpc.client.host = null (fallback to raft.grpc.server.host)
2025-04-23 14:39:16,015 [main] INFO  grpc.GrpcConfigKeys (ConfUtils.java:logFallback(53)) - raft.grpc.client.port = 15009 (fallback to raft.grpc.server.port)
2025-04-23 14:39:16,016 [main] INFO  grpc.GrpcConfigKeys (ConfUtils.java:logGet(46)) - raft.grpc.server.host = null (default)
2025-04-23 14:39:16,016 [main] INFO  grpc.GrpcConfigKeys (ConfUtils.java:logGet(46)) - raft.grpc.server.port = 15009 (custom)
2025-04-23 14:39:16,016 [main] INFO  server.GrpcService (ConfUtils.java:logGet(46)) - raft.grpc.message.size.max = 5242880 (custom)
2025-04-23 14:39:16,016 [main] INFO  server.GrpcService (ConfUtils.java:logGet(46)) - raft.grpc.flow.control.window = 1MB (=1048576) (default)
2025-04-23 14:39:16,016 [main] INFO  server.RaftServerConfigKeys (ConfUtils.java:logGet(46)) - raft.server.rpc.request.timeout = 3000ms (default)
2025-04-23 14:39:16,016 [main] INFO  grpc.GrpcConfigKeys (ConfUtils.java:logGet(46)) - raft.grpc.server.heartbeat.channel = true (default)
2025-04-23 14:39:16,016 [main] INFO  server.RaftServerConfigKeys (ConfUtils.java:logGet(46)) - raft.server.log.appender.buffer.byte-limit = 4194304 (custom)
2025-04-23 14:39:16,016 [main] INFO  grpc.GrpcConfigKeys (ConfUtils.java:logGet(46)) - raft.grpc.server.async.request.thread.pool.cached = true (default)
2025-04-23 14:39:16,016 [main] INFO  grpc.GrpcConfigKeys (ConfUtils.java:logGet(46)) - raft.grpc.server.async.request.thread.pool.size = 32 (default)
2025-04-23 14:39:16,017 [main] INFO  impl.DataStreamServerImpl (ConfUtils.java:logGet(46)) - raft.datastream.type = DISABLED (default)
2025-04-23 14:39:16,017 [main] INFO  server.RaftServerConfigKeys (ConfUtils.java:logGet(46)) - raft.server.sleep.deviation.threshold = 300ms (default)
2025-04-23 14:39:16,017 [main] INFO  server.RaftServerConfigKeys (ConfUtils.java:logGet(46)) - raft.server.close.threshold = 60s (default)
2025-04-23 14:39:16,017 [main] INFO  server.RaftServerConfigKeys (ConfUtils.java:logGet(46)) - raft.server.leaderelection.leader.step-down.wait-time = 10s (default)
2025-04-23 14:39:16,017 [main] INFO  server.RaftServerConfigKeys (ConfUtils.java:logGet(46)) - raft.server.storage.dir = [/home/runner/work/ozone/ozone/hadoop-ozone/integration-test/target/test-dir/MiniOzoneClusterImpl-68853c07-42d2-4ef8-9e75-e3a852294e6a/omNode-1/ratis] (custom)
2025-04-23 14:39:16,017 [main] INFO  server.RaftServerConfigKeys (ConfUtils.java:logGet(46)) - raft.server.threadpool.proxy.cached = true (default)
2025-04-23 14:39:16,017 [main] INFO  server.RaftServerConfigKeys (ConfUtils.java:logGet(46)) - raft.server.threadpool.proxy.size = 0 (default)
2025-04-23 14:39:16,018 [omNode-1-impl-thread1] INFO  server.RaftServer (RaftServerProxy.java:initGroupDir(265)) - omNode-1: found a subdirectory /home/runner/work/ozone/ozone/hadoop-ozone/integration-test/target/test-dir/MiniOzoneClusterImpl-68853c07-42d2-4ef8-9e75-e3a852294e6a/omNode-1/ratis/c9bc4cf4-3bc3-3c60-a66b-523986131536
2025-04-23 14:39:16,018 [main] INFO  server.RaftServer (RaftServerProxy.java:addNew(100)) - omNode-1: addNew group-523986131536:[omNode-3|localhost:15017, omNode-1|localhost:15009, omNode-2|localhost:15013] returns group-523986131536:java.util.concurrent.CompletableFuture@5120724d[Not completed]
2025-04-23 14:39:16,018 [main] INFO  om.OzoneManager (OzoneManager.java:initializeRatisServer(2303)) - OzoneManager Ratis server initialized at port 15009
2025-04-23 14:39:16,018 [main] INFO  ratis.OzoneManagerRatisServer (OzoneManagerRatisServer.java:start(628)) - Starting OzoneManagerRatisServer omNode-1 at port 15009
2025-04-23 14:39:16,018 [omNode-1-groupManagement] INFO  server.RaftServer$Division (RaftServerImpl.java:<init>(255)) - omNode-1: new RaftServerImpl for group-523986131536:[omNode-3|localhost:15017, omNode-1|localhost:15009, omNode-2|localhost:15013] with OzoneManagerStateMachine:uninitialized
2025-04-23 14:39:16,018 [omNode-1-groupManagement] INFO  server.RaftServerConfigKeys (ConfUtils.java:logGet(46)) - raft.server.rpc.timeout.min = 1s (custom)
2025-04-23 14:39:16,018 [omNode-1-groupManagement] INFO  server.RaftServerConfigKeys (ConfUtils.java:logGet(46)) - raft.server.rpc.timeout.max = 1200ms (custom)
2025-04-23 14:39:16,019 [omNode-1-groupManagement] INFO  server.RaftServerConfigKeys (ConfUtils.java:logGet(46)) - raft.server.rpc.sleep.time = 25ms (default)
2025-04-23 14:39:16,019 [omNode-1-groupManagement] INFO  server.RaftServerConfigKeys (ConfUtils.java:logGet(46)) - raft.server.rpc.slowness.timeout = 2s (custom)
2025-04-23 14:39:16,019 [omNode-1-groupManagement] INFO  server.RaftServerConfigKeys (ConfUtils.java:logGet(46)) - raft.server.leaderelection.leader.step-down.wait-time = 10s (default)
2025-04-23 14:39:16,019 [omNode-1-groupManagement] INFO  server.RaftServerConfigKeys (ConfUtils.java:logGet(46)) - raft.server.leaderelection.member.majority-add = false (default)
2025-04-23 14:39:16,019 [omNode-1-groupManagement] INFO  server.RaftServerConfigKeys (ConfUtils.java:logGet(46)) - raft.server.sleep.deviation.threshold = 300ms (default)
2025-04-23 14:39:16,019 [omNode-1-groupManagement] INFO  server.RaftServer$Division (ServerState.java:<init>(114)) - omNode-1@group-523986131536: ConfigurationManager, init=conf: {index: -1, cur=peers:[omNode-3|localhost:15017, omNode-1|localhost:15009, omNode-2|localhost:15013]|listeners:[], old=null}, confs=<EMPTY_MAP>
2025-04-23 14:39:16,019 [omNode-1-groupManagement] INFO  server.RaftServerConfigKeys (ConfUtils.java:logGet(46)) - raft.server.notification.no-leader.timeout = 2s (custom)
2025-04-23 14:39:16,019 [omNode-1-groupManagement] INFO  server.RaftServerConfigKeys (ConfUtils.java:logGet(46)) - raft.server.read.timeout = 10s (default)
2025-04-23 14:39:16,019 [omNode-1-groupManagement] INFO  server.RaftServerConfigKeys (ConfUtils.java:logGet(46)) - raft.server.retrycache.expirytime = 30000ms (custom)
2025-04-23 14:39:16,019 [omNode-1-groupManagement] INFO  server.RaftServerConfigKeys (ConfUtils.java:logGet(46)) - raft.server.retrycache.statistics.expirytime = 100ms (default)
2025-04-23 14:39:16,019 [omNode-1-groupManagement] INFO  server.RaftServerConfigKeys (ConfUtils.java:logGet(46)) - raft.server.read.option = DEFAULT (default)
2025-04-23 14:39:16,019 [omNode-1-groupManagement] INFO  server.RaftServerConfigKeys (ConfUtils.java:logGet(46)) - raft.server.read.read-after-write-consistent.write-index-cache.expiry-time = 60s (default)
2025-04-23 14:39:16,020 [omNode-1-groupManagement] INFO  server.RaftServerConfigKeys (ConfUtils.java:logGet(46)) - raft.server.rpc.request.timeout = 3000ms (default)
2025-04-23 14:39:16,020 [omNode-1-groupManagement] INFO  server.RaftServerConfigKeys (ConfUtils.java:logGet(46)) - raft.server.log.appender.install.snapshot.enabled = false (custom)
2025-04-23 14:39:16,021 [omNode-1-groupManagement] INFO  server.RaftServerConfigKeys (ConfUtils.java:logGet(46)) - raft.server.threadpool.server.cached = true (default)
2025-04-23 14:39:16,021 [omNode-1-groupManagement] INFO  server.RaftServerConfigKeys (ConfUtils.java:logGet(46)) - raft.server.threadpool.server.size = 0 (default)
2025-04-23 14:39:16,021 [omNode-1-groupManagement] INFO  server.RaftServerConfigKeys (ConfUtils.java:logGet(46)) - raft.server.threadpool.client.cached = true (default)
2025-04-23 14:39:16,021 [omNode-1-groupManagement] INFO  server.RaftServerConfigKeys (ConfUtils.java:logGet(46)) - raft.server.threadpool.client.size = 0 (default)
2025-04-23 14:39:16,021 [omNode-1-impl-thread1] INFO  server.RaftServerConfigKeys (ConfUtils.java:logGet(46)) - raft.server.storage.free-space.min = 0MB (=0) (default)
2025-04-23 14:39:16,021 [omNode-1-impl-thread1] INFO  server.RaftServerConfigKeys (ConfUtils.java:logGet(46)) - raft.server.log.corruption.policy = EXCEPTION (default)
2025-04-23 14:39:16,021 [omNode-1-impl-thread1] INFO  server.RaftServerConfigKeys (ConfUtils.java:logGet(46)) - raft.server.storage.dir = [/home/runner/work/ozone/ozone/hadoop-ozone/integration-test/target/test-dir/MiniOzoneClusterImpl-68853c07-42d2-4ef8-9e75-e3a852294e6a/omNode-1/ratis] (custom)
2025-04-23 14:39:16,022 [omNode-1-impl-thread1] INFO  storage.RaftStorageDirectory (RaftStorageDirectoryImpl.java:tryLock(229)) - Lock on /home/runner/work/ozone/ozone/hadoop-ozone/integration-test/target/test-dir/MiniOzoneClusterImpl-68853c07-42d2-4ef8-9e75-e3a852294e6a/omNode-1/ratis/c9bc4cf4-3bc3-3c60-a66b-523986131536/in_use.lock acquired by nodename 129558@fv-az1120-822
2025-04-23 14:39:16,022 [omNode-1-impl-thread1] INFO  storage.RaftStorage (RaftStorageImpl.java:analyzeAndRecoverStorage(118)) - Read RaftStorageMetadata{term=17, votedFor=omNode-1} from /home/runner/work/ozone/ozone/hadoop-ozone/integration-test/target/test-dir/MiniOzoneClusterImpl-68853c07-42d2-4ef8-9e75-e3a852294e6a/omNode-1/ratis/c9bc4cf4-3bc3-3c60-a66b-523986131536/current/raft-meta
2025-04-23 14:39:16,022 [omNode-1-impl-thread1] INFO  server.RaftServer$Division (ServerState.java:setRaftConf(386)) - omNode-1@group-523986131536: set configuration conf: {index: 339, cur=peers:[omNode-3|localhost:15017, omNode-1|localhost:15009, omNode-2|localhost:15013]|listeners:[], old=null}
2025-04-23 14:39:16,022 [omNode-1-impl-thread1] INFO  ratis.OzoneManagerStateMachine (OzoneManagerStateMachine.java:lambda$0(138)) - omNode-1: initialize group-523986131536 with (t:17, i:340)
2025-04-23 14:39:16,022 [omNode-1-impl-thread1] INFO  server.RaftServerConfigKeys (ConfUtils.java:logGet(46)) - raft.server.log.use.memory = false (default)
2025-04-23 14:39:16,023 [omNode-1-impl-thread1] INFO  server.RaftServerConfigKeys (ConfUtils.java:logGet(46)) - raft.server.log.purge.gap = 50 (custom)
2025-04-23 14:39:16,023 [omNode-1-impl-thread1] INFO  server.RaftServerConfigKeys (ConfUtils.java:logGet(46)) - raft.server.log.appender.buffer.byte-limit = 4194304 (custom)
2025-04-23 14:39:16,023 [omNode-1-impl-thread1] INFO  server.RaftServerConfigKeys (ConfUtils.java:logGet(46)) - raft.server.log.statemachine.data.read.timeout = 1000ms (default)
2025-04-23 14:39:16,023 [omNode-1-impl-thread1] INFO  server.RaftServerConfigKeys (ConfUtils.java:logGet(46)) - raft.server.log.purge.preservation.log.num = 0 (default)
2025-04-23 14:39:16,023 [omNode-1-impl-thread1] INFO  server.RaftServerConfigKeys (ConfUtils.java:logGet(46)) - raft.server.log.segment.size.max = 4194304 (custom)
2025-04-23 14:39:16,023 [omNode-1-impl-thread1] INFO  server.RaftServerConfigKeys (ConfUtils.java:logGet(46)) - raft.server.log.segment.cache.num.max = 2 (custom)
2025-04-23 14:39:16,024 [omNode-1-impl-thread1] INFO  server.RaftServerConfigKeys (ConfUtils.java:logGet(46)) - raft.server.log.segment.cache.size.max = 200MB (=209715200) (default)
2025-04-23 14:39:16,024 [omNode-1-impl-thread1] INFO  server.RaftServerConfigKeys (ConfUtils.java:logGet(46)) - raft.server.log.appender.buffer.byte-limit = 4194304 (custom)
2025-04-23 14:39:16,024 [omNode-1-impl-thread1] INFO  util.AwaitToRun (AwaitToRun.java:start(81)) - Thread[#7555,omNode-1@group-523986131536-cacheEviction-AwaitToRun,5,main] started
2025-04-23 14:39:16,024 [omNode-1-impl-thread1] INFO  segmented.SegmentedRaftLogWorker (SegmentedRaftLogWorker.java:<init>(188)) - new omNode-1@group-523986131536-SegmentedRaftLogWorker for RaftStorageImpl:Storage Directory /home/runner/work/ozone/ozone/hadoop-ozone/integration-test/target/test-dir/MiniOzoneClusterImpl-68853c07-42d2-4ef8-9e75-e3a852294e6a/omNode-1/ratis/c9bc4cf4-3bc3-3c60-a66b-523986131536
2025-04-23 14:39:16,024 [omNode-1-impl-thread1] INFO  server.RaftServerConfigKeys (ConfUtils.java:logGet(46)) - raft.server.log.queue.byte-limit = 64MB (=67108864) (default)
2025-04-23 14:39:16,024 [omNode-1-impl-thread1] INFO  server.RaftServerConfigKeys (ConfUtils.java:logGet(46)) - raft.server.log.queue.element-limit = 4096 (default)
2025-04-23 14:39:16,024 [omNode-1-impl-thread1] INFO  server.RaftServerConfigKeys (ConfUtils.java:logGet(46)) - raft.server.log.segment.size.max = 4194304 (custom)
2025-04-23 14:39:16,024 [omNode-1-impl-thread1] INFO  server.RaftServerConfigKeys (ConfUtils.java:logGet(46)) - raft.server.log.preallocated.size = 4194304 (custom)
2025-04-23 14:39:16,024 [omNode-1-impl-thread1] INFO  server.RaftServerConfigKeys (ConfUtils.java:logGet(46)) - raft.server.log.force.sync.num = 128 (default)
2025-04-23 14:39:16,024 [omNode-1-impl-thread1] INFO  server.RaftServerConfigKeys (ConfUtils.java:logGet(46)) - raft.server.log.statemachine.data.sync = true (default)
2025-04-23 14:39:16,024 [omNode-1-impl-thread1] INFO  server.RaftServerConfigKeys (ConfUtils.java:logGet(46)) - raft.server.log.statemachine.data.sync.timeout = 10s (default)
2025-04-23 14:39:16,024 [omNode-1-impl-thread1] INFO  server.RaftServerConfigKeys (ConfUtils.java:logGet(46)) - raft.server.log.statemachine.data.sync.timeout.retry = -1 (default)
2025-04-23 14:39:16,024 [omNode-1-impl-thread1] INFO  server.RaftServerConfigKeys (ConfUtils.java:logGet(46)) - raft.server.log.write.buffer.size = 4194312 (custom)
2025-04-23 14:39:16,024 [omNode-1-impl-thread1] INFO  server.RaftServerConfigKeys (ConfUtils.java:logGet(46)) - raft.server.log.appender.buffer.byte-limit = 4194304 (custom)
2025-04-23 14:39:16,024 [omNode-1-impl-thread1] INFO  server.RaftServerConfigKeys (ConfUtils.java:logGet(46)) - raft.server.log.unsafe-flush.enabled = false (default)
2025-04-23 14:39:16,024 [omNode-1-impl-thread1] INFO  server.RaftServerConfigKeys (ConfUtils.java:logGet(46)) - raft.server.log.async-flush.enabled = false (default)
2025-04-23 14:39:16,024 [omNode-1-impl-thread1] INFO  server.RaftServerConfigKeys (ConfUtils.java:logGet(46)) - raft.server.log.statemachine.data.caching.enabled = false (default)
2025-04-23 14:39:16,025 [omNode-1-impl-thread1] INFO  server.RaftServer$Division (ServerState.java:setRaftConf(386)) - omNode-1@group-523986131536: set configuration conf: {index: 311, cur=peers:[omNode-3|localhost:15017, omNode-1|localhost:15009, omNode-2|localhost:15013]|listeners:[], old=null}
2025-04-23 14:39:16,025 [omNode-1-impl-thread1] INFO  segmented.LogSegment (LogSegment.java:loadSegment(171)) - Successfully read 2 entries from segment file /home/runner/work/ozone/ozone/hadoop-ozone/integration-test/target/test-dir/MiniOzoneClusterImpl-68853c07-42d2-4ef8-9e75-e3a852294e6a/omNode-1/ratis/c9bc4cf4-3bc3-3c60-a66b-523986131536/current/log_311-312
2025-04-23 14:39:16,025 [omNode-1-impl-thread1] INFO  server.RaftServer$Division (ServerState.java:setRaftConf(386)) - omNode-1@group-523986131536: set configuration conf: {index: 313, cur=peers:[omNode-3|localhost:15017, omNode-1|localhost:15009, omNode-2|localhost:15013]|listeners:[], old=null}
2025-04-23 14:39:16,025 [omNode-1-impl-thread1] INFO  segmented.LogSegment (LogSegment.java:loadSegment(171)) - Successfully read 12 entries from segment file /home/runner/work/ozone/ozone/hadoop-ozone/integration-test/target/test-dir/MiniOzoneClusterImpl-68853c07-42d2-4ef8-9e75-e3a852294e6a/omNode-1/ratis/c9bc4cf4-3bc3-3c60-a66b-523986131536/current/log_313-324
2025-04-23 14:39:16,025 [omNode-1-impl-thread1] INFO  server.RaftServer$Division (ServerState.java:setRaftConf(386)) - omNode-1@group-523986131536: set configuration conf: {index: 325, cur=peers:[omNode-3|localhost:15017, omNode-1|localhost:15009, omNode-2|localhost:15013]|listeners:[], old=null}
2025-04-23 14:39:16,025 [omNode-1-impl-thread1] INFO  segmented.LogSegment (LogSegment.java:loadSegment(171)) - Successfully read 12 entries from segment file /home/runner/work/ozone/ozone/hadoop-ozone/integration-test/target/test-dir/MiniOzoneClusterImpl-68853c07-42d2-4ef8-9e75-e3a852294e6a/omNode-1/ratis/c9bc4cf4-3bc3-3c60-a66b-523986131536/current/log_325-336
2025-04-23 14:39:16,025 [omNode-1-impl-thread1] INFO  server.RaftServer$Division (ServerState.java:setRaftConf(386)) - omNode-1@group-523986131536: set configuration conf: {index: 337, cur=peers:[omNode-3|localhost:15017, omNode-1|localhost:15009, omNode-2|localhost:15013]|listeners:[], old=null}
2025-04-23 14:39:16,026 [omNode-1-impl-thread1] INFO  segmented.LogSegment (LogSegment.java:loadSegment(171)) - Successfully read 2 entries from segment file /home/runner/work/ozone/ozone/hadoop-ozone/integration-test/target/test-dir/MiniOzoneClusterImpl-68853c07-42d2-4ef8-9e75-e3a852294e6a/omNode-1/ratis/c9bc4cf4-3bc3-3c60-a66b-523986131536/current/log_337-338
2025-04-23 14:39:16,026 [omNode-1-impl-thread1] INFO  server.RaftServer$Division (ServerState.java:setRaftConf(386)) - omNode-1@group-523986131536: set configuration conf: {index: 339, cur=peers:[omNode-3|localhost:15017, omNode-1|localhost:15009, omNode-2|localhost:15013]|listeners:[], old=null}
2025-04-23 14:39:16,026 [omNode-1-impl-thread1] INFO  segmented.LogSegment (LogSegment.java:loadSegment(171)) - Successfully read 2 entries from segment file /home/runner/work/ozone/ozone/hadoop-ozone/integration-test/target/test-dir/MiniOzoneClusterImpl-68853c07-42d2-4ef8-9e75-e3a852294e6a/omNode-1/ratis/c9bc4cf4-3bc3-3c60-a66b-523986131536/current/log_inprogress_339
2025-04-23 14:39:16,026 [omNode-1-impl-thread1] INFO  segmented.SegmentedRaftLogWorker (SegmentedRaftLogWorker.java:lambda$new$0(139)) - omNode-1@group-523986131536-SegmentedRaftLogWorker: flushIndex: setUnconditionally 0 -> 340
2025-04-23 14:39:16,026 [omNode-1-impl-thread1] INFO  segmented.SegmentedRaftLogWorker (SegmentedRaftLogWorker.java:lambda$new$0(139)) - omNode-1@group-523986131536-SegmentedRaftLogWorker: safeCacheEvictIndex: setUnconditionally 0 -> 338
2025-04-23 14:39:16,026 [omNode-1-impl-thread1] INFO  segmented.BufferedWriteChannel (BufferedWriteChannel.java:open(61)) - open log_inprogress_339 (append) at position 128
2025-04-23 14:39:16,026 [omNode-1-impl-thread1] INFO  raftlog.RaftLog (RaftLogBase.java:lambda$new$0(54)) - omNode-1@group-523986131536-SegmentedRaftLog: purgeIndex: updateToMax old=-1, new=310, updated? true
2025-04-23 14:39:16,026 [omNode-1-impl-thread1] INFO  server.RaftServer$Division (RaftServerImpl.java:start(391)) - omNode-1@group-523986131536: start as a follower, conf=conf: {index: 339, cur=peers:[omNode-3|localhost:15017, omNode-1|localhost:15009, omNode-2|localhost:15013]|listeners:[], old=null}
2025-04-23 14:39:16,026 [omNode-1-impl-thread1] INFO  server.RaftServer$Division (RaftServerImpl.java:setRole(378)) - omNode-1@group-523986131536: changes role from      null to FOLLOWER at term 17 for startAsFollower
2025-04-23 14:39:16,026 [omNode-1-impl-thread1] INFO  impl.RoleInfo (RoleInfo.java:updateAndGet(148)) - omNode-1: start omNode-1@group-523986131536-FollowerState
2025-04-23 14:39:16,026 [omNode-1-impl-thread1] INFO  util.JmxRegister (JmxRegister.java:tryRegister(44)) - Successfully registered JMX Bean with object name Ratis:service=RaftServer,group=group-523986131536,id=omNode-1
2025-04-23 14:39:16,027 [omNode-1-impl-thread1] INFO  util.JmxRegister (JmxRegister.java:register(58)) - register mxBean class org.apache.ratis.server.impl.RaftServerJmxAdapter as Ratis:service=RaftServer,group=group-523986131536,id=omNode-1
2025-04-23 14:39:16,027 [omNode-1@group-523986131536-FollowerState] INFO  server.RaftServerConfigKeys (ConfUtils.java:logFallback(53)) - raft.server.rpc.first-election.timeout.min = 1s (fallback to raft.server.rpc.timeout.min)
2025-04-23 14:39:16,027 [omNode-1-impl-thread1] INFO  server.RaftServerConfigKeys (ConfUtils.java:logGet(46)) - raft.server.snapshot.trigger-when-stop.enabled = true (default)
2025-04-23 14:39:16,027 [omNode-1-impl-thread1] INFO  server.RaftServerConfigKeys (ConfUtils.java:logGet(46)) - raft.server.snapshot.trigger-when-remove.enabled = true (default)
2025-04-23 14:39:16,027 [omNode-1-impl-thread1] INFO  server.RaftServerConfigKeys (ConfUtils.java:logGet(46)) - raft.server.snapshot.auto.trigger.enabled = true (custom)
2025-04-23 14:39:16,027 [omNode-1@group-523986131536-FollowerState] INFO  server.RaftServerConfigKeys (ConfUtils.java:logFallback(53)) - raft.server.rpc.first-election.timeout.max = 1200ms (fallback to raft.server.rpc.timeout.max)
2025-04-23 14:39:16,027 [omNode-1-impl-thread1] INFO  server.RaftServerConfigKeys (ConfUtils.java:logGet(46)) - raft.server.snapshot.auto.trigger.threshold = 50 (custom)
2025-04-23 14:39:16,027 [omNode-1-impl-thread1] INFO  server.RaftServerConfigKeys (ConfUtils.java:logGet(46)) - raft.server.snapshot.retention.file.num = -1 (default)
2025-04-23 14:39:16,027 [omNode-1-impl-thread1] INFO  server.RaftServerConfigKeys (ConfUtils.java:logGet(46)) - raft.server.log.purge.upto.snapshot.index = true (custom)
2025-04-23 14:39:16,027 [omNode-1-impl-thread1] INFO  server.RaftServer$Division (RaftServerImpl.java:start(405)) - omNode-1@group-523986131536: Successfully started.
2025-04-23 14:39:16,027 [main] INFO  server.RaftServer (RaftServerProxy.java:startImpl(407)) - omNode-1: start RPC server
2025-04-23 14:39:16,028 [main] INFO  server.GrpcService (GrpcService.java:startImpl(334)) - omNode-1: GrpcService started, listening on 15009
2025-04-23 14:39:16,028 [main] INFO  om.OzoneManager (OzoneManager.java:getRpcServer(1360)) - Creating RPC Server
2025-04-23 14:39:16,028 [JvmPauseMonitor39] INFO  util.JvmPauseMonitor (JvmPauseMonitor.java:run(146)) - JvmPauseMonitor-omNode-1: Started
2025-04-23 14:39:16,342 [main] INFO  reflections.Reflections (Reflections.java:scan(219)) - Reflections took 314 ms to scan 22 urls, producing 61 keys and 7422 values
2025-04-23 14:39:16,343 [main] INFO  ipc.CallQueueManager (CallQueueManager.java:<init>(93)) - Using callQueue: class java.util.concurrent.LinkedBlockingQueue, queueCapacity: 2000, scheduler: class org.apache.hadoop.ipc.DefaultRpcScheduler, ipcBackoff: false, ipcFailOver: false.
2025-04-23 14:39:16,344 [main] INFO  ipc.Server (Server.java:<init>(1438)) - Listener at localhost:15006
2025-04-23 14:39:16,344 [Socket Reader #1 for port 15006] INFO  ipc.Server (Server.java:run(1474)) - Starting Socket Reader #1 for port 15006
2025-04-23 14:39:16,344 [Socket Reader #2 for port 15006] INFO  ipc.Server (Server.java:run(1474)) - Starting Socket Reader #2 for port 15006
2025-04-23 14:39:16,344 [Socket Reader #3 for port 15006] INFO  ipc.Server (Server.java:run(1474)) - Starting Socket Reader #3 for port 15006
2025-04-23 14:39:16,344 [Socket Reader #4 for port 15006] INFO  ipc.Server (Server.java:run(1474)) - Starting Socket Reader #4 for port 15006
2025-04-23 14:39:16,345 [Socket Reader #5 for port 15006] INFO  ipc.Server (Server.java:run(1474)) - Starting Socket Reader #5 for port 15006
2025-04-23 14:39:16,345 [Socket Reader #6 for port 15006] INFO  ipc.Server (Server.java:run(1474)) - Starting Socket Reader #6 for port 15006
2025-04-23 14:39:16,345 [Socket Reader #7 for port 15006] INFO  ipc.Server (Server.java:run(1474)) - Starting Socket Reader #7 for port 15006
2025-04-23 14:39:16,345 [Socket Reader #8 for port 15006] INFO  ipc.Server (Server.java:run(1474)) - Starting Socket Reader #8 for port 15006
2025-04-23 14:39:16,345 [Socket Reader #9 for port 15006] INFO  ipc.Server (Server.java:run(1474)) - Starting Socket Reader #9 for port 15006
2025-04-23 14:39:16,345 [Socket Reader #10 for port 15006] INFO  ipc.Server (Server.java:run(1474)) - Starting Socket Reader #10 for port 15006
2025-04-23 14:39:16,347 [main] INFO  http.BaseHttpServer (BaseHttpServer.java:newHttpServer2BuilderForOzone(229)) - Starting Web-server for ozoneManager at: http://0.0.0.0:15007
2025-04-23 14:39:16,347 [main] INFO  http.BaseHttpServer (BaseHttpServer.java:<init>(107)) - Hadoop Security Enabled: false Ozone Security Enabled: false Ozone HTTP Security Enabled: false 
2025-04-23 14:39:16,348 [main] WARN  server.AuthenticationFilter (AuthenticationFilter.java:constructSecretProvider(240)) - Unable to initialize FileSignerSecretProvider, falling back to use random secrets. Reason: Could not read signature secret file: /home/runner/hadoop-http-auth-signature-secret
2025-04-23 14:39:16,349 [main] INFO  http.HttpServer2 (HttpServer2.java:addGlobalFilter(1041)) - Added global filter 'safety' (class=org.apache.hadoop.hdds.server.http.HttpServer2$QuotingInputFilter)
2025-04-23 14:39:16,349 [main] INFO  http.HttpServer2 (HttpServer2.java:addFilter(1017)) - Added filter static_user_filter (class=org.apache.hadoop.http.lib.StaticUserWebFilter$StaticUserFilter) to context ozoneManager
2025-04-23 14:39:16,349 [main] INFO  http.HttpServer2 (HttpServer2.java:addFilter(1025)) - Added filter static_user_filter (class=org.apache.hadoop.http.lib.StaticUserWebFilter$StaticUserFilter) to context logs
2025-04-23 14:39:16,350 [main] INFO  http.HttpServer2 (HttpServer2.java:addFilter(1025)) - Added filter static_user_filter (class=org.apache.hadoop.http.lib.StaticUserWebFilter$StaticUserFilter) to context static
2025-04-23 14:39:16,350 [main] INFO  http.BaseHttpServer (BaseHttpServer.java:<init>(195)) - HTTP server of ozoneManager uses base directory /home/runner/work/ozone/ozone/hadoop-ozone/integration-test/target/test-dir/MiniOzoneClusterImpl-68853c07-42d2-4ef8-9e75-e3a852294e6a/omNode-1/webserver
2025-04-23 14:39:16,350 [main] INFO  http.HttpServer2 (HttpServer2.java:bindListener(1241)) - Jetty bound to port 15007
2025-04-23 14:39:16,350 [main] INFO  server.Server (Server.java:doStart(375)) - jetty-9.4.57.v20241219; built: 2025-01-08T21:24:30.412Z; git: df524e6b29271c2e09ba9aea83c18dc9db464a31; jvm 21.0.7+6-LTS
2025-04-23 14:39:16,351 [main] INFO  server.session (DefaultSessionIdManager.java:doStart(334)) - DefaultSessionIdManager workerName=node0
2025-04-23 14:39:16,351 [main] INFO  server.session (DefaultSessionIdManager.java:doStart(339)) - No SessionScavenger set, using defaults
2025-04-23 14:39:16,351 [main] INFO  server.session (HouseKeeper.java:startScavenging(132)) - node0 Scavenging every 600000ms
2025-04-23 14:39:16,352 [main] INFO  handler.ContextHandler (ContextHandler.java:doStart(921)) - Started o.e.j.s.ServletContextHandler@4ac99d03{logs,/logs,file:///home/runner/work/ozone/ozone/hadoop-ozone/integration-test/target/log,AVAILABLE}
2025-04-23 14:39:16,352 [main] INFO  handler.ContextHandler (ContextHandler.java:doStart(921)) - Started o.e.j.s.ServletContextHandler@4ce5b44b{static,/static,file:///home/runner/work/ozone/ozone/hadoop-ozone/integration-test/target/test-classes/webapps/static,AVAILABLE}
2025-04-23 14:39:16,355 [main] INFO  handler.ContextHandler (ContextHandler.java:doStart(921)) - Started o.e.j.w.WebAppContext@40adc255{ozoneManager,/,file:///home/runner/work/ozone/ozone/hadoop-ozone/integration-test/target/test-classes/webapps/ozoneManager/,AVAILABLE}{file:/home/runner/work/ozone/ozone/hadoop-ozone/integration-test/target/test-classes/webapps/ozoneManager}
2025-04-23 14:39:16,356 [main] INFO  server.AbstractConnector (AbstractConnector.java:doStart(333)) - Started ServerConnector@a153a1{HTTP/1.1, (http/1.1)}{0.0.0.0:15007}
2025-04-23 14:39:16,356 [main] INFO  server.Server (Server.java:doStart(415)) - Started @156635ms
2025-04-23 14:39:16,356 [main] WARN  impl.MetricsSystemImpl (MetricsSystemImpl.java:register(279)) - Sink prometheus already exists!
2025-04-23 14:39:16,356 [main] INFO  http.BaseHttpServer (BaseHttpServer.java:updateConnectorAddress(360)) - HTTP server of ozoneManager listening at http://0.0.0.0:15007
2025-04-23 14:39:16,357 [IPC Server Responder] INFO  ipc.Server (Server.java:run(1713)) - IPC Server Responder: starting
2025-04-23 14:39:16,357 [IPC Server listener on 15006] INFO  ipc.Server (Server.java:run(1553)) - IPC Server listener on 15006: starting
2025-04-23 14:39:16,359 [main] INFO  om.OzoneManager (OzoneManager.java:startTrashEmptier(2257)) - Trash Interval set to 0. Files deleted won't move to trash
2025-04-23 14:39:16,359 [main] INFO  om.OzoneManager (OzoneManager.java:restart(1878)) - OzoneManager RPC server is listening at localhost/127.0.0.1:15010
2025-04-23 14:39:16,359 [main] INFO  impl.MetricsSystemImpl (MetricsSystemImpl.java:init(158)) - OzoneManager metrics system started (again)
2025-04-23 14:39:16,370 [main] WARN  server.ServerUtils (ServerUtils.java:getDBPath(297)) - ozone.om.db.dirs is not configured. We recommend adding this setting. Falling back to ozone.metadata.dirs instead.
2025-04-23 14:39:16,423 [main] INFO  om.OzoneManager (OzoneManager.java:instantiateServices(933)) - S3 Multi-Tenancy is disabled
2025-04-23 14:39:16,424 [main] INFO  om.OmSnapshotManager (OmSnapshotManager.java:<init>(180)) - Ozone filesystem snapshot feature is enabled.
2025-04-23 14:39:16,424 [main] WARN  server.ServerUtils (ServerUtils.java:getDBPath(297)) - ozone.om.snapshot.diff.db.dir is not configured. We recommend adding this setting. Falling back to ozone.metadata.dirs instead.
2025-04-23 14:39:16,452 [main] WARN  dropwizard3.Dm3MetricRegistriesImpl (Dm3MetricRegistriesImpl.java:addReporterRegistration(114)) - New reporters are added after registries were created. Some metrics will be missing from the reporter. Please add reporter before adding any new registry.
2025-04-23 14:39:16,452 [main] WARN  dropwizard3.Dm3MetricRegistriesImpl (Dm3MetricRegistriesImpl.java:addReporterRegistration(114)) - New reporters are added after registries were created. Some metrics will be missing from the reporter. Please add reporter before adding any new registry.
2025-04-23 14:39:16,452 [main] WARN  server.ServerUtils (ServerUtils.java:getDefaultRatisDirectory(309)) - Storage directory for Ratis is not configured. It is a good idea to map this to an SSD disk. Falling back to ozone.metadata.dirs
2025-04-23 14:39:16,453 [main] INFO  server.RaftServerConfigKeys (ConfUtils.java:logGet(46)) - raft.server.log.appender.buffer.byte-limit = 4194304 (custom)
2025-04-23 14:39:16,453 [main] INFO  ratis.OzoneManagerRatisServer (OzoneManagerRatisServer.java:<init>(167)) - Instantiating OM Ratis server with groupID: om-service-test1 and peers: localhost:15013, localhost:15017, localhost:15009
2025-04-23 14:39:16,454 [main] INFO  ratis.OzoneManagerStateMachine (OzoneManagerStateMachine.java:loadSnapshotInfoFromDB(611)) - LastAppliedIndex is set from TransactionInfo from OM DB as (t:18, i:347)
2025-04-23 14:39:16,454 [main] INFO  server.RaftServer (ConfUtils.java:logGet(46)) - raft.rpc.type = GRPC (default)
2025-04-23 14:39:16,454 [main] INFO  grpc.GrpcConfigKeys (ConfUtils.java:logFallback(53)) - raft.grpc.admin.host = null (fallback to raft.grpc.server.host)
2025-04-23 14:39:16,454 [main] INFO  grpc.GrpcConfigKeys (ConfUtils.java:logFallback(53)) - raft.grpc.admin.port = 15013 (fallback to raft.grpc.server.port)
2025-04-23 14:39:16,454 [main] INFO  grpc.GrpcConfigKeys (ConfUtils.java:logFallback(53)) - raft.grpc.client.host = null (fallback to raft.grpc.server.host)
2025-04-23 14:39:16,455 [main] INFO  grpc.GrpcConfigKeys (ConfUtils.java:logFallback(53)) - raft.grpc.client.port = 15013 (fallback to raft.grpc.server.port)
2025-04-23 14:39:16,455 [main] INFO  grpc.GrpcConfigKeys (ConfUtils.java:logGet(46)) - raft.grpc.server.host = null (default)
2025-04-23 14:39:16,455 [main] INFO  grpc.GrpcConfigKeys (ConfUtils.java:logGet(46)) - raft.grpc.server.port = 15013 (custom)
2025-04-23 14:39:16,456 [main] INFO  server.GrpcService (ConfUtils.java:logGet(46)) - raft.grpc.message.size.max = 5242880 (custom)
2025-04-23 14:39:16,456 [main] INFO  server.GrpcService (ConfUtils.java:logGet(46)) - raft.grpc.flow.control.window = 1MB (=1048576) (default)
2025-04-23 14:39:16,456 [main] INFO  server.RaftServerConfigKeys (ConfUtils.java:logGet(46)) - raft.server.rpc.request.timeout = 3000ms (default)
2025-04-23 14:39:16,456 [main] INFO  grpc.GrpcConfigKeys (ConfUtils.java:logGet(46)) - raft.grpc.server.heartbeat.channel = true (default)
2025-04-23 14:39:16,456 [main] INFO  server.RaftServerConfigKeys (ConfUtils.java:logGet(46)) - raft.server.log.appender.buffer.byte-limit = 4194304 (custom)
2025-04-23 14:39:16,456 [main] INFO  grpc.GrpcConfigKeys (ConfUtils.java:logGet(46)) - raft.grpc.server.async.request.thread.pool.cached = true (default)
2025-04-23 14:39:16,456 [main] INFO  grpc.GrpcConfigKeys (ConfUtils.java:logGet(46)) - raft.grpc.server.async.request.thread.pool.size = 32 (default)
2025-04-23 14:39:16,457 [main] INFO  impl.DataStreamServerImpl (ConfUtils.java:logGet(46)) - raft.datastream.type = DISABLED (default)
2025-04-23 14:39:16,457 [main] INFO  server.RaftServerConfigKeys (ConfUtils.java:logGet(46)) - raft.server.sleep.deviation.threshold = 300ms (default)
2025-04-23 14:39:16,457 [main] INFO  server.RaftServerConfigKeys (ConfUtils.java:logGet(46)) - raft.server.close.threshold = 60s (default)
2025-04-23 14:39:16,457 [main] INFO  server.RaftServerConfigKeys (ConfUtils.java:logGet(46)) - raft.server.leaderelection.leader.step-down.wait-time = 10s (default)
2025-04-23 14:39:16,458 [main] INFO  server.RaftServerConfigKeys (ConfUtils.java:logGet(46)) - raft.server.storage.dir = [/home/runner/work/ozone/ozone/hadoop-ozone/integration-test/target/test-dir/MiniOzoneClusterImpl-68853c07-42d2-4ef8-9e75-e3a852294e6a/omNode-2/ratis] (custom)
2025-04-23 14:39:16,458 [main] INFO  server.RaftServerConfigKeys (ConfUtils.java:logGet(46)) - raft.server.threadpool.proxy.cached = true (default)
2025-04-23 14:39:16,458 [main] INFO  server.RaftServerConfigKeys (ConfUtils.java:logGet(46)) - raft.server.threadpool.proxy.size = 0 (default)
2025-04-23 14:39:16,458 [omNode-2-impl-thread1] INFO  server.RaftServer (RaftServerProxy.java:initGroupDir(265)) - omNode-2: found a subdirectory /home/runner/work/ozone/ozone/hadoop-ozone/integration-test/target/test-dir/MiniOzoneClusterImpl-68853c07-42d2-4ef8-9e75-e3a852294e6a/omNode-2/ratis/c9bc4cf4-3bc3-3c60-a66b-523986131536
2025-04-23 14:39:16,459 [main] INFO  server.RaftServer (RaftServerProxy.java:addNew(100)) - omNode-2: addNew group-523986131536:[omNode-3|localhost:15017, omNode-1|localhost:15009, omNode-2|localhost:15013] returns group-523986131536:java.util.concurrent.CompletableFuture@7974a1a8[Not completed]
2025-04-23 14:39:16,459 [main] INFO  om.OzoneManager (OzoneManager.java:initializeRatisServer(2303)) - OzoneManager Ratis server initialized at port 15013
2025-04-23 14:39:16,459 [main] INFO  ratis.OzoneManagerRatisServer (OzoneManagerRatisServer.java:start(628)) - Starting OzoneManagerRatisServer omNode-2 at port 15013
2025-04-23 14:39:16,459 [omNode-2-groupManagement] INFO  server.RaftServer$Division (RaftServerImpl.java:<init>(255)) - omNode-2: new RaftServerImpl for group-523986131536:[omNode-3|localhost:15017, omNode-1|localhost:15009, omNode-2|localhost:15013] with OzoneManagerStateMachine:uninitialized
2025-04-23 14:39:16,459 [omNode-2-groupManagement] INFO  server.RaftServerConfigKeys (ConfUtils.java:logGet(46)) - raft.server.rpc.timeout.min = 1s (custom)
2025-04-23 14:39:16,459 [omNode-2-groupManagement] INFO  server.RaftServerConfigKeys (ConfUtils.java:logGet(46)) - raft.server.rpc.timeout.max = 1200ms (custom)
2025-04-23 14:39:16,459 [omNode-2-groupManagement] INFO  server.RaftServerConfigKeys (ConfUtils.java:logGet(46)) - raft.server.rpc.sleep.time = 25ms (default)
2025-04-23 14:39:16,459 [omNode-2-groupManagement] INFO  server.RaftServerConfigKeys (ConfUtils.java:logGet(46)) - raft.server.rpc.slowness.timeout = 2s (custom)
2025-04-23 14:39:16,459 [omNode-2-groupManagement] INFO  server.RaftServerConfigKeys (ConfUtils.java:logGet(46)) - raft.server.leaderelection.leader.step-down.wait-time = 10s (default)
2025-04-23 14:39:16,459 [omNode-2-groupManagement] INFO  server.RaftServerConfigKeys (ConfUtils.java:logGet(46)) - raft.server.leaderelection.member.majority-add = false (default)
2025-04-23 14:39:16,459 [omNode-2-groupManagement] INFO  server.RaftServerConfigKeys (ConfUtils.java:logGet(46)) - raft.server.sleep.deviation.threshold = 300ms (default)
2025-04-23 14:39:16,459 [omNode-2-groupManagement] INFO  server.RaftServer$Division (ServerState.java:<init>(114)) - omNode-2@group-523986131536: ConfigurationManager, init=conf: {index: -1, cur=peers:[omNode-3|localhost:15017, omNode-1|localhost:15009, omNode-2|localhost:15013]|listeners:[], old=null}, confs=<EMPTY_MAP>
2025-04-23 14:39:16,459 [omNode-2-groupManagement] INFO  server.RaftServerConfigKeys (ConfUtils.java:logGet(46)) - raft.server.notification.no-leader.timeout = 2s (custom)
2025-04-23 14:39:16,459 [omNode-2-groupManagement] INFO  server.RaftServerConfigKeys (ConfUtils.java:logGet(46)) - raft.server.read.timeout = 10s (default)
2025-04-23 14:39:16,460 [omNode-2-groupManagement] INFO  server.RaftServerConfigKeys (ConfUtils.java:logGet(46)) - raft.server.retrycache.expirytime = 30000ms (custom)
2025-04-23 14:39:16,460 [omNode-2-groupManagement] INFO  server.RaftServerConfigKeys (ConfUtils.java:logGet(46)) - raft.server.retrycache.statistics.expirytime = 100ms (default)
2025-04-23 14:39:16,460 [omNode-2-groupManagement] INFO  server.RaftServerConfigKeys (ConfUtils.java:logGet(46)) - raft.server.read.option = DEFAULT (default)
2025-04-23 14:39:16,460 [omNode-2-groupManagement] INFO  server.RaftServerConfigKeys (ConfUtils.java:logGet(46)) - raft.server.read.read-after-write-consistent.write-index-cache.expiry-time = 60s (default)
2025-04-23 14:39:16,462 [omNode-2-groupManagement] INFO  server.RaftServerConfigKeys (ConfUtils.java:logGet(46)) - raft.server.rpc.request.timeout = 3000ms (default)
2025-04-23 14:39:16,462 [omNode-2-groupManagement] INFO  server.RaftServerConfigKeys (ConfUtils.java:logGet(46)) - raft.server.log.appender.install.snapshot.enabled = false (custom)
2025-04-23 14:39:16,462 [omNode-2-groupManagement] INFO  server.RaftServerConfigKeys (ConfUtils.java:logGet(46)) - raft.server.threadpool.server.cached = true (default)
2025-04-23 14:39:16,462 [omNode-2-groupManagement] INFO  server.RaftServerConfigKeys (ConfUtils.java:logGet(46)) - raft.server.threadpool.server.size = 0 (default)
2025-04-23 14:39:16,462 [omNode-2-groupManagement] INFO  server.RaftServerConfigKeys (ConfUtils.java:logGet(46)) - raft.server.threadpool.client.cached = true (default)
2025-04-23 14:39:16,462 [omNode-2-groupManagement] INFO  server.RaftServerConfigKeys (ConfUtils.java:logGet(46)) - raft.server.threadpool.client.size = 0 (default)
2025-04-23 14:39:16,462 [omNode-2-impl-thread1] INFO  server.RaftServerConfigKeys (ConfUtils.java:logGet(46)) - raft.server.storage.free-space.min = 0MB (=0) (default)
2025-04-23 14:39:16,462 [omNode-2-impl-thread1] INFO  server.RaftServerConfigKeys (ConfUtils.java:logGet(46)) - raft.server.log.corruption.policy = EXCEPTION (default)
2025-04-23 14:39:16,462 [omNode-2-impl-thread1] INFO  server.RaftServerConfigKeys (ConfUtils.java:logGet(46)) - raft.server.storage.dir = [/home/runner/work/ozone/ozone/hadoop-ozone/integration-test/target/test-dir/MiniOzoneClusterImpl-68853c07-42d2-4ef8-9e75-e3a852294e6a/omNode-2/ratis] (custom)
2025-04-23 14:39:16,463 [omNode-2-impl-thread1] INFO  storage.RaftStorageDirectory (RaftStorageDirectoryImpl.java:tryLock(229)) - Lock on /home/runner/work/ozone/ozone/hadoop-ozone/integration-test/target/test-dir/MiniOzoneClusterImpl-68853c07-42d2-4ef8-9e75-e3a852294e6a/omNode-2/ratis/c9bc4cf4-3bc3-3c60-a66b-523986131536/in_use.lock acquired by nodename 129558@fv-az1120-822
2025-04-23 14:39:16,464 [omNode-2-impl-thread1] INFO  storage.RaftStorage (RaftStorageImpl.java:analyzeAndRecoverStorage(118)) - Read RaftStorageMetadata{term=18, votedFor=omNode-3} from /home/runner/work/ozone/ozone/hadoop-ozone/integration-test/target/test-dir/MiniOzoneClusterImpl-68853c07-42d2-4ef8-9e75-e3a852294e6a/omNode-2/ratis/c9bc4cf4-3bc3-3c60-a66b-523986131536/current/raft-meta
2025-04-23 14:39:16,464 [omNode-2-impl-thread1] INFO  server.RaftServer$Division (ServerState.java:setRaftConf(386)) - omNode-2@group-523986131536: set configuration conf: {index: 341, cur=peers:[omNode-3|localhost:15017, omNode-1|localhost:15009, omNode-2|localhost:15013]|listeners:[], old=null}
2025-04-23 14:39:16,464 [omNode-2-impl-thread1] INFO  ratis.OzoneManagerStateMachine (OzoneManagerStateMachine.java:lambda$0(138)) - omNode-2: initialize group-523986131536 with (t:18, i:347)
2025-04-23 14:39:16,464 [omNode-2-impl-thread1] INFO  server.RaftServerConfigKeys (ConfUtils.java:logGet(46)) - raft.server.log.use.memory = false (default)
2025-04-23 14:39:16,464 [omNode-2-impl-thread1] INFO  server.RaftServerConfigKeys (ConfUtils.java:logGet(46)) - raft.server.log.purge.gap = 50 (custom)
2025-04-23 14:39:16,464 [omNode-2-impl-thread1] INFO  server.RaftServerConfigKeys (ConfUtils.java:logGet(46)) - raft.server.log.appender.buffer.byte-limit = 4194304 (custom)
2025-04-23 14:39:16,464 [omNode-2-impl-thread1] INFO  server.RaftServerConfigKeys (ConfUtils.java:logGet(46)) - raft.server.log.statemachine.data.read.timeout = 1000ms (default)
2025-04-23 14:39:16,464 [omNode-2-impl-thread1] INFO  server.RaftServerConfigKeys (ConfUtils.java:logGet(46)) - raft.server.log.purge.preservation.log.num = 0 (default)
2025-04-23 14:39:16,465 [omNode-2-impl-thread1] INFO  server.RaftServerConfigKeys (ConfUtils.java:logGet(46)) - raft.server.log.segment.size.max = 4194304 (custom)
2025-04-23 14:39:16,465 [omNode-2-impl-thread1] INFO  server.RaftServerConfigKeys (ConfUtils.java:logGet(46)) - raft.server.log.segment.cache.num.max = 2 (custom)
2025-04-23 14:39:16,465 [omNode-2-impl-thread1] INFO  server.RaftServerConfigKeys (ConfUtils.java:logGet(46)) - raft.server.log.segment.cache.size.max = 200MB (=209715200) (default)
2025-04-23 14:39:16,465 [omNode-2-impl-thread1] INFO  server.RaftServerConfigKeys (ConfUtils.java:logGet(46)) - raft.server.log.appender.buffer.byte-limit = 4194304 (custom)
2025-04-23 14:39:16,465 [omNode-2-impl-thread1] INFO  util.AwaitToRun (AwaitToRun.java:start(81)) - Thread[#7658,omNode-2@group-523986131536-cacheEviction-AwaitToRun,5,main] started
2025-04-23 14:39:16,465 [omNode-2-impl-thread1] INFO  segmented.SegmentedRaftLogWorker (SegmentedRaftLogWorker.java:<init>(188)) - new omNode-2@group-523986131536-SegmentedRaftLogWorker for RaftStorageImpl:Storage Directory /home/runner/work/ozone/ozone/hadoop-ozone/integration-test/target/test-dir/MiniOzoneClusterImpl-68853c07-42d2-4ef8-9e75-e3a852294e6a/omNode-2/ratis/c9bc4cf4-3bc3-3c60-a66b-523986131536
2025-04-23 14:39:16,466 [omNode-2-impl-thread1] INFO  server.RaftServerConfigKeys (ConfUtils.java:logGet(46)) - raft.server.log.queue.byte-limit = 64MB (=67108864) (default)
2025-04-23 14:39:16,466 [omNode-2-impl-thread1] INFO  server.RaftServerConfigKeys (ConfUtils.java:logGet(46)) - raft.server.log.queue.element-limit = 4096 (default)
2025-04-23 14:39:16,466 [omNode-2-impl-thread1] INFO  server.RaftServerConfigKeys (ConfUtils.java:logGet(46)) - raft.server.log.segment.size.max = 4194304 (custom)
2025-04-23 14:39:16,466 [omNode-2-impl-thread1] INFO  server.RaftServerConfigKeys (ConfUtils.java:logGet(46)) - raft.server.log.preallocated.size = 4194304 (custom)
2025-04-23 14:39:16,466 [omNode-2-impl-thread1] INFO  server.RaftServerConfigKeys (ConfUtils.java:logGet(46)) - raft.server.log.force.sync.num = 128 (default)
2025-04-23 14:39:16,466 [omNode-2-impl-thread1] INFO  server.RaftServerConfigKeys (ConfUtils.java:logGet(46)) - raft.server.log.statemachine.data.sync = true (default)
2025-04-23 14:39:16,466 [omNode-2-impl-thread1] INFO  server.RaftServerConfigKeys (ConfUtils.java:logGet(46)) - raft.server.log.statemachine.data.sync.timeout = 10s (default)
2025-04-23 14:39:16,466 [omNode-2-impl-thread1] INFO  server.RaftServerConfigKeys (ConfUtils.java:logGet(46)) - raft.server.log.statemachine.data.sync.timeout.retry = -1 (default)
2025-04-23 14:39:16,466 [omNode-2-impl-thread1] INFO  server.RaftServerConfigKeys (ConfUtils.java:logGet(46)) - raft.server.log.write.buffer.size = 4194312 (custom)
2025-04-23 14:39:16,467 [omNode-2-impl-thread1] INFO  server.RaftServerConfigKeys (ConfUtils.java:logGet(46)) - raft.server.log.appender.buffer.byte-limit = 4194304 (custom)
2025-04-23 14:39:16,467 [omNode-2-impl-thread1] INFO  server.RaftServerConfigKeys (ConfUtils.java:logGet(46)) - raft.server.log.unsafe-flush.enabled = false (default)
2025-04-23 14:39:16,467 [omNode-2-impl-thread1] INFO  server.RaftServerConfigKeys (ConfUtils.java:logGet(46)) - raft.server.log.async-flush.enabled = false (default)
2025-04-23 14:39:16,467 [omNode-2-impl-thread1] INFO  server.RaftServerConfigKeys (ConfUtils.java:logGet(46)) - raft.server.log.statemachine.data.caching.enabled = false (default)
2025-04-23 14:39:16,468 [omNode-2-impl-thread1] INFO  server.RaftServer$Division (ServerState.java:setRaftConf(386)) - omNode-2@group-523986131536: set configuration conf: {index: 313, cur=peers:[omNode-3|localhost:15017, omNode-1|localhost:15009, omNode-2|localhost:15013]|listeners:[], old=null}
2025-04-23 14:39:16,468 [omNode-2-impl-thread1] INFO  segmented.LogSegment (LogSegment.java:loadSegment(171)) - Successfully read 12 entries from segment file /home/runner/work/ozone/ozone/hadoop-ozone/integration-test/target/test-dir/MiniOzoneClusterImpl-68853c07-42d2-4ef8-9e75-e3a852294e6a/omNode-2/ratis/c9bc4cf4-3bc3-3c60-a66b-523986131536/current/log_313-324
2025-04-23 14:39:16,468 [omNode-2-impl-thread1] INFO  server.RaftServer$Division (ServerState.java:setRaftConf(386)) - omNode-2@group-523986131536: set configuration conf: {index: 325, cur=peers:[omNode-3|localhost:15017, omNode-1|localhost:15009, omNode-2|localhost:15013]|listeners:[], old=null}
2025-04-23 14:39:16,468 [omNode-2-impl-thread1] INFO  segmented.LogSegment (LogSegment.java:loadSegment(171)) - Successfully read 12 entries from segment file /home/runner/work/ozone/ozone/hadoop-ozone/integration-test/target/test-dir/MiniOzoneClusterImpl-68853c07-42d2-4ef8-9e75-e3a852294e6a/omNode-2/ratis/c9bc4cf4-3bc3-3c60-a66b-523986131536/current/log_325-336
2025-04-23 14:39:16,468 [omNode-2-impl-thread1] INFO  server.RaftServer$Division (ServerState.java:setRaftConf(386)) - omNode-2@group-523986131536: set configuration conf: {index: 337, cur=peers:[omNode-3|localhost:15017, omNode-1|localhost:15009, omNode-2|localhost:15013]|listeners:[], old=null}
2025-04-23 14:39:16,468 [omNode-2-impl-thread1] INFO  segmented.LogSegment (LogSegment.java:loadSegment(171)) - Successfully read 2 entries from segment file /home/runner/work/ozone/ozone/hadoop-ozone/integration-test/target/test-dir/MiniOzoneClusterImpl-68853c07-42d2-4ef8-9e75-e3a852294e6a/omNode-2/ratis/c9bc4cf4-3bc3-3c60-a66b-523986131536/current/log_337-338
2025-04-23 14:39:16,469 [omNode-2-impl-thread1] INFO  server.RaftServer$Division (ServerState.java:setRaftConf(386)) - omNode-2@group-523986131536: set configuration conf: {index: 339, cur=peers:[omNode-3|localhost:15017, omNode-1|localhost:15009, omNode-2|localhost:15013]|listeners:[], old=null}
2025-04-23 14:39:16,469 [omNode-2-impl-thread1] INFO  segmented.LogSegment (LogSegment.java:loadSegment(171)) - Successfully read 2 entries from segment file /home/runner/work/ozone/ozone/hadoop-ozone/integration-test/target/test-dir/MiniOzoneClusterImpl-68853c07-42d2-4ef8-9e75-e3a852294e6a/omNode-2/ratis/c9bc4cf4-3bc3-3c60-a66b-523986131536/current/log_339-340
2025-04-23 14:39:16,469 [omNode-2-impl-thread1] INFO  server.RaftServer$Division (ServerState.java:setRaftConf(386)) - omNode-2@group-523986131536: set configuration conf: {index: 341, cur=peers:[omNode-3|localhost:15017, omNode-1|localhost:15009, omNode-2|localhost:15013]|listeners:[], old=null}
2025-04-23 14:39:16,469 [omNode-2-impl-thread1] INFO  segmented.LogSegment (LogSegment.java:loadSegment(171)) - Successfully read 8 entries from segment file /home/runner/work/ozone/ozone/hadoop-ozone/integration-test/target/test-dir/MiniOzoneClusterImpl-68853c07-42d2-4ef8-9e75-e3a852294e6a/omNode-2/ratis/c9bc4cf4-3bc3-3c60-a66b-523986131536/current/log_inprogress_341
2025-04-23 14:39:16,469 [omNode-2-impl-thread1] INFO  segmented.SegmentedRaftLogWorker (SegmentedRaftLogWorker.java:lambda$new$0(139)) - omNode-2@group-523986131536-SegmentedRaftLogWorker: flushIndex: setUnconditionally 0 -> 348
2025-04-23 14:39:16,469 [omNode-2-impl-thread1] INFO  segmented.SegmentedRaftLogWorker (SegmentedRaftLogWorker.java:lambda$new$0(139)) - omNode-2@group-523986131536-SegmentedRaftLogWorker: safeCacheEvictIndex: setUnconditionally 0 -> 340
2025-04-23 14:39:16,469 [omNode-2-impl-thread1] INFO  segmented.BufferedWriteChannel (BufferedWriteChannel.java:open(61)) - open log_inprogress_341 (append) at position 1229
2025-04-23 14:39:16,469 [omNode-2-impl-thread1] INFO  raftlog.RaftLog (RaftLogBase.java:lambda$new$0(54)) - omNode-2@group-523986131536-SegmentedRaftLog: purgeIndex: updateToMax old=-1, new=312, updated? true
2025-04-23 14:39:16,469 [omNode-2-impl-thread1] INFO  server.RaftServer$Division (RaftServerImpl.java:start(391)) - omNode-2@group-523986131536: start as a follower, conf=conf: {index: 341, cur=peers:[omNode-3|localhost:15017, omNode-1|localhost:15009, omNode-2|localhost:15013]|listeners:[], old=null}
2025-04-23 14:39:16,469 [omNode-2-impl-thread1] INFO  server.RaftServer$Division (RaftServerImpl.java:setRole(378)) - omNode-2@group-523986131536: changes role from      null to FOLLOWER at term 18 for startAsFollower
2025-04-23 14:39:16,470 [omNode-2-impl-thread1] INFO  impl.RoleInfo (RoleInfo.java:updateAndGet(148)) - omNode-2: start omNode-2@group-523986131536-FollowerState
2025-04-23 14:39:16,470 [omNode-2-impl-thread1] INFO  util.JmxRegister (JmxRegister.java:tryRegister(44)) - Successfully registered JMX Bean with object name Ratis:service=RaftServer,group=group-523986131536,id=omNode-2
2025-04-23 14:39:16,470 [omNode-2-impl-thread1] INFO  util.JmxRegister (JmxRegister.java:register(58)) - register mxBean class org.apache.ratis.server.impl.RaftServerJmxAdapter as Ratis:service=RaftServer,group=group-523986131536,id=omNode-2
2025-04-23 14:39:16,470 [omNode-2-impl-thread1] INFO  server.RaftServerConfigKeys (ConfUtils.java:logGet(46)) - raft.server.snapshot.trigger-when-stop.enabled = true (default)
2025-04-23 14:39:16,470 [omNode-2-impl-thread1] INFO  server.RaftServerConfigKeys (ConfUtils.java:logGet(46)) - raft.server.snapshot.trigger-when-remove.enabled = true (default)
2025-04-23 14:39:16,470 [omNode-2-impl-thread1] INFO  server.RaftServerConfigKeys (ConfUtils.java:logGet(46)) - raft.server.snapshot.auto.trigger.enabled = true (custom)
2025-04-23 14:39:16,470 [omNode-2-impl-thread1] INFO  server.RaftServerConfigKeys (ConfUtils.java:logGet(46)) - raft.server.snapshot.auto.trigger.threshold = 50 (custom)
2025-04-23 14:39:16,470 [omNode-2-impl-thread1] INFO  server.RaftServerConfigKeys (ConfUtils.java:logGet(46)) - raft.server.snapshot.retention.file.num = -1 (default)
2025-04-23 14:39:16,470 [omNode-2-impl-thread1] INFO  server.RaftServerConfigKeys (ConfUtils.java:logGet(46)) - raft.server.log.purge.upto.snapshot.index = true (custom)
2025-04-23 14:39:16,470 [omNode-2@group-523986131536-FollowerState] INFO  server.RaftServerConfigKeys (ConfUtils.java:logFallback(53)) - raft.server.rpc.first-election.timeout.min = 1s (fallback to raft.server.rpc.timeout.min)
2025-04-23 14:39:16,470 [omNode-2@group-523986131536-FollowerState] INFO  server.RaftServerConfigKeys (ConfUtils.java:logFallback(53)) - raft.server.rpc.first-election.timeout.max = 1200ms (fallback to raft.server.rpc.timeout.max)
2025-04-23 14:39:16,471 [omNode-2-impl-thread1] INFO  server.RaftServer$Division (RaftServerImpl.java:start(405)) - omNode-2@group-523986131536: Successfully started.
2025-04-23 14:39:16,471 [main] INFO  server.RaftServer (RaftServerProxy.java:startImpl(407)) - omNode-2: start RPC server
2025-04-23 14:39:16,471 [main] INFO  server.GrpcService (GrpcService.java:startImpl(334)) - omNode-2: GrpcService started, listening on 15013
2025-04-23 14:39:16,471 [main] INFO  om.OzoneManager (OzoneManager.java:getRpcServer(1360)) - Creating RPC Server
2025-04-23 14:39:16,471 [JvmPauseMonitor40] INFO  util.JvmPauseMonitor (JvmPauseMonitor.java:run(146)) - JvmPauseMonitor-omNode-2: Started
2025-04-23 14:39:16,659 [omNode-3@group-523986131536-FollowerState] INFO  impl.FollowerState (FollowerState.java:runImpl(161)) - omNode-3@group-523986131536-FollowerState: change to CANDIDATE, lastRpcElapsedTime:1091713155ns, electionTimeout:1091ms
2025-04-23 14:39:16,659 [omNode-3@group-523986131536-FollowerState] INFO  impl.RoleInfo (RoleInfo.java:shutdownFollowerState(121)) - omNode-3: shutdown omNode-3@group-523986131536-FollowerState
2025-04-23 14:39:16,659 [omNode-3@group-523986131536-FollowerState] INFO  server.RaftServer$Division (RaftServerImpl.java:setRole(378)) - omNode-3@group-523986131536: changes role from  FOLLOWER to CANDIDATE at term 18 for changeToCandidate
2025-04-23 14:39:16,660 [omNode-3@group-523986131536-FollowerState] INFO  server.RaftServerConfigKeys (ConfUtils.java:logGet(46)) - raft.server.leaderelection.pre-vote = true (default)
2025-04-23 14:39:16,660 [omNode-3@group-523986131536-FollowerState] INFO  impl.RoleInfo (RoleInfo.java:updateAndGet(148)) - omNode-3: start omNode-3@group-523986131536-LeaderElection37
2025-04-23 14:39:16,660 [omNode-3@group-523986131536-LeaderElection37] INFO  impl.LeaderElection (LeaderElection.java:askForVotes(332)) - omNode-3@group-523986131536-LeaderElection37 PRE_VOTE round 0: submit vote requests at term 18 for conf: {index: 341, cur=peers:[omNode-3|localhost:15017, omNode-1|localhost:15009, omNode-2|localhost:15013]|listeners:[], old=null}
2025-04-23 14:39:16,660 [omNode-3@group-523986131536-LeaderElection37-1] INFO  server.GrpcServerProtocolClient (GrpcServerProtocolClient.java:<init>(65)) - Build channel for omNode-1|localhost:15009
2025-04-23 14:39:16,661 [omNode-3@group-523986131536-LeaderElection37-2] INFO  server.GrpcServerProtocolClient (GrpcServerProtocolClient.java:<init>(65)) - Build channel for omNode-2|localhost:15013
2025-04-23 14:39:16,660 [omNode-3@group-523986131536-LeaderElection37] INFO  server.RaftServerConfigKeys (ConfUtils.java:logFallback(53)) - raft.server.rpc.first-election.timeout.min = 1s (fallback to raft.server.rpc.timeout.min)
2025-04-23 14:39:16,661 [omNode-3@group-523986131536-LeaderElection37] INFO  server.RaftServerConfigKeys (ConfUtils.java:logFallback(53)) - raft.server.rpc.first-election.timeout.max = 1200ms (fallback to raft.server.rpc.timeout.max)
2025-04-23 14:39:16,664 [grpc-default-executor-4] INFO  server.RaftServer$Division (RaftServerImpl.java:requestVote(1407)) - omNode-1@group-523986131536: receive requestVote(PRE_VOTE, omNode-3, group-523986131536, 18, (t:18, i:348))
2025-04-23 14:39:16,664 [grpc-default-executor-4] INFO  impl.VoteContext (VoteContext.java:log(49)) - omNode-1@group-523986131536-FOLLOWER: accept PRE_VOTE from omNode-3: our last entry (t:17, i:340) < candidate's last entry (t:18, i:348)
2025-04-23 14:39:16,664 [grpc-default-executor-4] INFO  server.RaftServer$Division (RaftServerImpl.java:requestVote(1441)) - omNode-1@group-523986131536 replies to PRE_VOTE vote request: omNode-3<-omNode-1#0:OK-t17. Peer's state: omNode-1@group-523986131536:t17, leader=null, voted=omNode-1, raftlog=Memoized:omNode-1@group-523986131536-SegmentedRaftLog:OPENED:c340:last(t:17, i:340), conf=conf: {index: 339, cur=peers:[omNode-3|localhost:15017, omNode-1|localhost:15009, omNode-2|localhost:15013]|listeners:[], old=null}
2025-04-23 14:39:16,665 [omNode-3@group-523986131536-LeaderElection37] INFO  impl.LeaderElection (LeaderElection.java:logAndReturn(90)) - omNode-3@group-523986131536-LeaderElection37: PRE_VOTE PASSED received 1 response(s) and 0 exception(s):
2025-04-23 14:39:16,665 [grpc-default-executor-0] INFO  server.RaftServer$Division (RaftServerImpl.java:requestVote(1407)) - omNode-2@group-523986131536: receive requestVote(PRE_VOTE, omNode-3, group-523986131536, 18, (t:18, i:348))
2025-04-23 14:39:16,665 [omNode-3@group-523986131536-LeaderElection37] INFO  impl.LeaderElection (LeaderElection.java:logAndReturn(94)) -   Response 0: omNode-3<-omNode-1#0:OK-t17
2025-04-23 14:39:16,665 [omNode-3@group-523986131536-LeaderElection37] INFO  impl.LeaderElection (LeaderElection.java:askForVotes(334)) - omNode-3@group-523986131536-LeaderElection37 PRE_VOTE round 0: result PASSED
2025-04-23 14:39:16,665 [grpc-default-executor-0] INFO  impl.VoteContext (VoteContext.java:log(49)) - omNode-2@group-523986131536-FOLLOWER: accept PRE_VOTE from omNode-3: our priority 0 <= candidate's priority 0
2025-04-23 14:39:16,665 [grpc-default-executor-0] INFO  server.RaftServer$Division (RaftServerImpl.java:requestVote(1441)) - omNode-2@group-523986131536 replies to PRE_VOTE vote request: omNode-3<-omNode-2#0:OK-t18. Peer's state: omNode-2@group-523986131536:t18, leader=null, voted=omNode-3, raftlog=Memoized:omNode-2@group-523986131536-SegmentedRaftLog:OPENED:c347:last(t:18, i:348), conf=conf: {index: 341, cur=peers:[omNode-3|localhost:15017, omNode-1|localhost:15009, omNode-2|localhost:15013]|listeners:[], old=null}
2025-04-23 14:39:16,667 [omNode-3@group-523986131536-LeaderElection37] INFO  impl.LeaderElection (LeaderElection.java:askForVotes(332)) - omNode-3@group-523986131536-LeaderElection37 ELECTION round 0: submit vote requests at term 19 for conf: {index: 341, cur=peers:[omNode-3|localhost:15017, omNode-1|localhost:15009, omNode-2|localhost:15013]|listeners:[], old=null}
2025-04-23 14:39:16,667 [omNode-3@group-523986131536-LeaderElection37] INFO  server.RaftServerConfigKeys (ConfUtils.java:logFallback(53)) - raft.server.rpc.first-election.timeout.min = 1s (fallback to raft.server.rpc.timeout.min)
2025-04-23 14:39:16,667 [omNode-3@group-523986131536-LeaderElection37] INFO  server.RaftServerConfigKeys (ConfUtils.java:logFallback(53)) - raft.server.rpc.first-election.timeout.max = 1200ms (fallback to raft.server.rpc.timeout.max)
2025-04-23 14:39:16,668 [grpc-default-executor-0] INFO  server.RaftServer$Division (RaftServerImpl.java:requestVote(1407)) - omNode-1@group-523986131536: receive requestVote(ELECTION, omNode-3, group-523986131536, 19, (t:18, i:348))
2025-04-23 14:39:16,668 [grpc-default-executor-0] INFO  impl.VoteContext (VoteContext.java:log(49)) - omNode-1@group-523986131536-FOLLOWER: accept ELECTION from omNode-3: our last entry (t:17, i:340) < candidate's last entry (t:18, i:348)
2025-04-23 14:39:16,668 [grpc-default-executor-0] INFO  server.RaftServer$Division (RaftServerImpl.java:setRole(378)) - omNode-1@group-523986131536: changes role from  FOLLOWER to FOLLOWER at term 17 for candidate:omNode-3
2025-04-23 14:39:16,668 [grpc-default-executor-0] INFO  impl.RoleInfo (RoleInfo.java:shutdownFollowerState(121)) - omNode-1: shutdown omNode-1@group-523986131536-FollowerState
2025-04-23 14:39:16,668 [grpc-default-executor-4] INFO  server.RaftServer$Division (RaftServerImpl.java:requestVote(1407)) - omNode-2@group-523986131536: receive requestVote(ELECTION, omNode-3, group-523986131536, 19, (t:18, i:348))
2025-04-23 14:39:16,668 [omNode-1@group-523986131536-FollowerState] INFO  impl.FollowerState (FollowerState.java:runImpl(170)) - omNode-1@group-523986131536-FollowerState was interrupted
2025-04-23 14:39:16,668 [grpc-default-executor-0] INFO  impl.RoleInfo (RoleInfo.java:updateAndGet(148)) - omNode-1: start omNode-1@group-523986131536-FollowerState
2025-04-23 14:39:16,668 [grpc-default-executor-4] INFO  impl.VoteContext (VoteContext.java:log(49)) - omNode-2@group-523986131536-FOLLOWER: accept ELECTION from omNode-3: our priority 0 <= candidate's priority 0
2025-04-23 14:39:16,668 [grpc-default-executor-4] INFO  server.RaftServer$Division (RaftServerImpl.java:setRole(378)) - omNode-2@group-523986131536: changes role from  FOLLOWER to FOLLOWER at term 18 for candidate:omNode-3
2025-04-23 14:39:16,668 [grpc-default-executor-4] INFO  impl.RoleInfo (RoleInfo.java:shutdownFollowerState(121)) - omNode-2: shutdown omNode-2@group-523986131536-FollowerState
2025-04-23 14:39:16,668 [grpc-default-executor-4] INFO  impl.RoleInfo (RoleInfo.java:updateAndGet(148)) - omNode-2: start omNode-2@group-523986131536-FollowerState
2025-04-23 14:39:16,668 [grpc-default-executor-0] INFO  server.RaftServer$Division (RaftServerImpl.java:setFirstElection(562)) - omNode-1@group-523986131536: set firstElectionSinceStartup to false for candidate:omNode-3
2025-04-23 14:39:16,669 [omNode-2@group-523986131536-FollowerState] INFO  impl.FollowerState (FollowerState.java:runImpl(170)) - omNode-2@group-523986131536-FollowerState was interrupted
2025-04-23 14:39:16,669 [grpc-default-executor-4] INFO  server.RaftServer$Division (RaftServerImpl.java:setFirstElection(562)) - omNode-2@group-523986131536: set firstElectionSinceStartup to false for candidate:omNode-3
2025-04-23 14:39:16,670 [grpc-default-executor-4] INFO  server.RaftServer$Division (RaftServerImpl.java:requestVote(1441)) - omNode-2@group-523986131536 replies to ELECTION vote request: omNode-3<-omNode-2#0:OK-t19. Peer's state: omNode-2@group-523986131536:t19, leader=null, voted=omNode-3, raftlog=Memoized:omNode-2@group-523986131536-SegmentedRaftLog:OPENED:c347:last(t:18, i:348), conf=conf: {index: 341, cur=peers:[omNode-3|localhost:15017, omNode-1|localhost:15009, omNode-2|localhost:15013]|listeners:[], old=null}
2025-04-23 14:39:16,670 [grpc-default-executor-0] INFO  server.RaftServer$Division (RaftServerImpl.java:requestVote(1441)) - omNode-1@group-523986131536 replies to ELECTION vote request: omNode-3<-omNode-1#0:OK-t19. Peer's state: omNode-1@group-523986131536:t19, leader=null, voted=omNode-3, raftlog=Memoized:omNode-1@group-523986131536-SegmentedRaftLog:OPENED:c340:last(t:17, i:340), conf=conf: {index: 339, cur=peers:[omNode-3|localhost:15017, omNode-1|localhost:15009, omNode-2|localhost:15013]|listeners:[], old=null}
2025-04-23 14:39:16,670 [omNode-3@group-523986131536-LeaderElection37] INFO  impl.LeaderElection (LeaderElection.java:logAndReturn(90)) - omNode-3@group-523986131536-LeaderElection37: ELECTION PASSED received 1 response(s) and 0 exception(s):
2025-04-23 14:39:16,670 [omNode-3@group-523986131536-LeaderElection37] INFO  impl.LeaderElection (LeaderElection.java:logAndReturn(94)) -   Response 0: omNode-3<-omNode-2#0:OK-t19
2025-04-23 14:39:16,671 [omNode-3@group-523986131536-LeaderElection37] INFO  impl.LeaderElection (LeaderElection.java:askForVotes(334)) - omNode-3@group-523986131536-LeaderElection37 ELECTION round 0: result PASSED
2025-04-23 14:39:16,671 [omNode-3@group-523986131536-LeaderElection37] INFO  impl.RoleInfo (RoleInfo.java:shutdownLeaderElection(141)) - omNode-3: shutdown omNode-3@group-523986131536-LeaderElection37
2025-04-23 14:39:16,671 [omNode-3@group-523986131536-LeaderElection37] INFO  server.RaftServer$Division (RaftServerImpl.java:setRole(378)) - omNode-3@group-523986131536: changes role from CANDIDATE to LEADER at term 19 for changeToLeader
2025-04-23 14:39:16,671 [omNode-3@group-523986131536-LeaderElection37] INFO  server.RaftServerConfigKeys (ConfUtils.java:logGet(46)) - raft.server.staging.catchup.gap = 1000 (default)
2025-04-23 14:39:16,671 [omNode-3@group-523986131536-LeaderElection37] INFO  server.RaftServerConfigKeys (ConfUtils.java:logGet(46)) - raft.server.write.element-limit = 4096 (default)
2025-04-23 14:39:16,671 [omNode-3@group-523986131536-LeaderElection37] INFO  server.RaftServerConfigKeys (ConfUtils.java:logGet(46)) - raft.server.write.byte-limit = 64MB (=67108864) (default)
2025-04-23 14:39:16,671 [omNode-3@group-523986131536-LeaderElection37] INFO  server.RaftServerConfigKeys (ConfUtils.java:logGet(46)) - raft.server.watch.timeout = 10s (default)
2025-04-23 14:39:16,671 [omNode-3@group-523986131536-LeaderElection37] INFO  server.RaftServerConfigKeys (ConfUtils.java:logGet(46)) - raft.server.watch.timeout.denomination = 1s (default)
2025-04-23 14:39:16,671 [omNode-3@group-523986131536-LeaderElection37] INFO  server.RaftServerConfigKeys (ConfUtils.java:logGet(46)) - raft.server.watch.element-limit = 65536 (default)
2025-04-23 14:39:16,671 [omNode-3@group-523986131536-LeaderElection37] INFO  server.RaftServerConfigKeys (ConfUtils.java:logGet(46)) - raft.server.read.leader.lease.enabled = false (default)
2025-04-23 14:39:16,671 [omNode-3@group-523986131536-LeaderElection37] INFO  server.RaftServerConfigKeys (ConfUtils.java:logGet(46)) - raft.server.read.leader.lease.timeout.ratio = 0.9 (default)
2025-04-23 14:39:16,671 [omNode-3@group-523986131536-LeaderElection37] INFO  server.RaftServerConfigKeys (ConfUtils.java:logGet(46)) - raft.server.rpc.timeout.min = 1s (custom)
2025-04-23 14:39:16,671 [omNode-3@group-523986131536-LeaderElection37] INFO  server.RaftServerConfigKeys (ConfUtils.java:logGet(46)) - raft.server.log.log-metadata.enabled = true (default)
2025-04-23 14:39:16,671 [omNode-3@group-523986131536-LeaderElection37] INFO  server.RaftServerConfigKeys (ConfUtils.java:logGet(46)) - raft.server.write.element-limit = 4096 (default)
2025-04-23 14:39:16,671 [omNode-3@group-523986131536-LeaderElection37] INFO  server.RaftServerConfigKeys (ConfUtils.java:logGet(46)) - raft.server.write.follower.gap.ratio.max = -1.0 (default)
2025-04-23 14:39:16,672 [omNode-3@group-523986131536-LeaderElection37] INFO  server.RaftServerConfigKeys (ConfUtils.java:logGet(46)) - raft.server.log.appender.snapshot.chunk.size.max = 16MB (=16777216) (default)
2025-04-23 14:39:16,672 [omNode-3@group-523986131536-LeaderElection37] INFO  server.RaftServerConfigKeys (ConfUtils.java:logGet(46)) - raft.server.log.appender.buffer.byte-limit = 4194304 (custom)
2025-04-23 14:39:16,672 [omNode-3@group-523986131536-LeaderElection37] INFO  server.RaftServerConfigKeys (ConfUtils.java:logGet(46)) - raft.server.log.appender.buffer.element-limit = 1024 (custom)
2025-04-23 14:39:16,672 [omNode-3@group-523986131536-LeaderElection37] INFO  server.RaftServerConfigKeys (ConfUtils.java:logGet(46)) - raft.server.log.appender.wait-time.min = 0ms (custom)
2025-04-23 14:39:16,672 [omNode-3@group-523986131536-LeaderElection37] INFO  grpc.GrpcConfigKeys (ConfUtils.java:logGet(46)) - raft.grpc.server.leader.outstanding.appends.max = 8 (default)
2025-04-23 14:39:16,672 [omNode-3@group-523986131536-LeaderElection37] INFO  server.RaftServerConfigKeys (ConfUtils.java:logGet(46)) - raft.server.rpc.request.timeout = 3000ms (default)
2025-04-23 14:39:16,672 [omNode-3@group-523986131536-LeaderElection37] INFO  grpc.GrpcConfigKeys (ConfUtils.java:logGet(46)) - raft.grpc.server.install_snapshot.request.element-limit = 8 (default)
2025-04-23 14:39:16,672 [omNode-3@group-523986131536-LeaderElection37] INFO  grpc.GrpcConfigKeys (ConfUtils.java:logGet(46)) - raft.grpc.server.install_snapshot.request.timeout = 3000ms (default)
2025-04-23 14:39:16,672 [omNode-3@group-523986131536-LeaderElection37] INFO  grpc.GrpcConfigKeys (ConfUtils.java:logGet(46)) - raft.grpc.server.log-message.batch.duration = 5s (default)
2025-04-23 14:39:16,672 [omNode-3@group-523986131536-LeaderElection37] INFO  server.RaftServerConfigKeys (ConfUtils.java:logGet(46)) - raft.server.log.appender.install.snapshot.enabled = false (custom)
2025-04-23 14:39:16,672 [omNode-3@group-523986131536-LeaderElection37] INFO  grpc.GrpcConfigKeys (ConfUtils.java:logGet(46)) - raft.grpc.server.heartbeat.channel = true (default)
2025-04-23 14:39:16,672 [omNode-3@group-523986131536-LeaderElection37] INFO  server.RaftServerConfigKeys (ConfUtils.java:logGet(46)) - raft.server.log.appender.snapshot.chunk.size.max = 16MB (=16777216) (default)
2025-04-23 14:39:16,673 [omNode-3@group-523986131536-LeaderElection37] INFO  server.RaftServerConfigKeys (ConfUtils.java:logGet(46)) - raft.server.log.appender.buffer.byte-limit = 4194304 (custom)
2025-04-23 14:39:16,673 [omNode-3@group-523986131536-LeaderElection37] INFO  server.RaftServerConfigKeys (ConfUtils.java:logGet(46)) - raft.server.log.appender.buffer.element-limit = 1024 (custom)
2025-04-23 14:39:16,673 [omNode-3@group-523986131536-LeaderElection37] INFO  server.RaftServerConfigKeys (ConfUtils.java:logGet(46)) - raft.server.log.appender.wait-time.min = 0ms (custom)
2025-04-23 14:39:16,673 [omNode-3@group-523986131536-LeaderElection37] INFO  grpc.GrpcConfigKeys (ConfUtils.java:logGet(46)) - raft.grpc.server.leader.outstanding.appends.max = 8 (default)
2025-04-23 14:39:16,673 [omNode-3@group-523986131536-LeaderElection37] INFO  server.RaftServerConfigKeys (ConfUtils.java:logGet(46)) - raft.server.rpc.request.timeout = 3000ms (default)
2025-04-23 14:39:16,673 [omNode-3@group-523986131536-LeaderElection37] INFO  grpc.GrpcConfigKeys (ConfUtils.java:logGet(46)) - raft.grpc.server.install_snapshot.request.element-limit = 8 (default)
2025-04-23 14:39:16,673 [omNode-3@group-523986131536-LeaderElection37] INFO  grpc.GrpcConfigKeys (ConfUtils.java:logGet(46)) - raft.grpc.server.install_snapshot.request.timeout = 3000ms (default)
2025-04-23 14:39:16,673 [omNode-3@group-523986131536-LeaderElection37] INFO  grpc.GrpcConfigKeys (ConfUtils.java:logGet(46)) - raft.grpc.server.log-message.batch.duration = 5s (default)
2025-04-23 14:39:16,673 [omNode-3@group-523986131536-LeaderElection37] INFO  server.RaftServerConfigKeys (ConfUtils.java:logGet(46)) - raft.server.log.appender.install.snapshot.enabled = false (custom)
2025-04-23 14:39:16,673 [omNode-3@group-523986131536-LeaderElection37] INFO  grpc.GrpcConfigKeys (ConfUtils.java:logGet(46)) - raft.grpc.server.heartbeat.channel = true (default)
2025-04-23 14:39:16,673 [omNode-3@group-523986131536-LeaderElection37] INFO  impl.RoleInfo (RoleInfo.java:updateAndGet(148)) - omNode-3: start omNode-3@group-523986131536-LeaderStateImpl
2025-04-23 14:39:16,673 [omNode-3@group-523986131536-LeaderElection37] INFO  server.RaftServer$Division (RaftServerImpl.java:setFirstElection(562)) - omNode-3@group-523986131536: set firstElectionSinceStartup to false for becomeLeader
2025-04-23 14:39:16,673 [omNode-3@group-523986131536-LeaderElection37] INFO  ratis.OzoneManagerStateMachine (OzoneManagerStateMachine.java:notifyLeaderChanged(169)) - omNode-3@group-523986131536: leader changed to omNode-3
2025-04-23 14:39:16,673 [omNode-3@group-523986131536-LeaderElection37] INFO  server.RaftServer$Division (ServerState.java:setLeader(272)) - omNode-3@group-523986131536: change Leader from null to omNode-3 at term 19 for becomeLeader, leader elected after 1113ms
2025-04-23 14:39:16,673 [omNode-3@group-523986131536-LeaderElection37] INFO  segmented.SegmentedRaftLogWorker (SegmentedRaftLogWorker.java:rollLogSegment(443)) - omNode-3@group-523986131536-SegmentedRaftLogWorker: Rolling segment log-341_348 to index:348
2025-04-23 14:39:16,673 [omNode-3@group-523986131536-LeaderElection37] INFO  server.RaftServer$Division (ServerState.java:setRaftConf(386)) - omNode-3@group-523986131536: set configuration conf: {index: 349, cur=peers:[omNode-3|localhost:15017, omNode-1|localhost:15009, omNode-2|localhost:15013]|listeners:[], old=null}
2025-04-23 14:39:16,674 [omNode-3@group-523986131536-SegmentedRaftLogWorker] INFO  segmented.SegmentedRaftLogWorker (SegmentedRaftLogWorker.java:execute(601)) - omNode-3@group-523986131536-SegmentedRaftLogWorker: Rolled log segment from /home/runner/work/ozone/ozone/hadoop-ozone/integration-test/target/test-dir/MiniOzoneClusterImpl-68853c07-42d2-4ef8-9e75-e3a852294e6a/omNode-3/ratis/c9bc4cf4-3bc3-3c60-a66b-523986131536/current/log_inprogress_341 to /home/runner/work/ozone/ozone/hadoop-ozone/integration-test/target/test-dir/MiniOzoneClusterImpl-68853c07-42d2-4ef8-9e75-e3a852294e6a/omNode-3/ratis/c9bc4cf4-3bc3-3c60-a66b-523986131536/current/log_341-348
2025-04-23 14:39:16,674 [omNode-3@group-523986131536-SegmentedRaftLogWorker] INFO  segmented.BufferedWriteChannel (BufferedWriteChannel.java:open(61)) - open log_inprogress_349 at position 0
2025-04-23 14:39:16,679 [omNode-2-server-thread1] INFO  ratis.OzoneManagerStateMachine (OzoneManagerStateMachine.java:notifyLeaderChanged(169)) - omNode-2@group-523986131536: leader changed to omNode-3
2025-04-23 14:39:16,679 [omNode-2-server-thread1] INFO  server.RaftServer$Division (ServerState.java:setLeader(272)) - omNode-2@group-523986131536: change Leader from null to omNode-3 at term 19 for appendEntries, leader elected after 219ms
2025-04-23 14:39:16,679 [omNode-2-server-thread2] INFO  server.RaftServer$Division (ServerState.java:setRaftConf(386)) - omNode-2@group-523986131536: set configuration conf: {index: 349, cur=peers:[omNode-3|localhost:15017, omNode-1|localhost:15009, omNode-2|localhost:15013]|listeners:[], old=null}
2025-04-23 14:39:16,680 [omNode-2-server-thread2] INFO  segmented.SegmentedRaftLogWorker (SegmentedRaftLogWorker.java:rollLogSegment(443)) - omNode-2@group-523986131536-SegmentedRaftLogWorker: Rolling segment log-341_348 to index:348
2025-04-23 14:39:16,680 [omNode-2@group-523986131536-SegmentedRaftLogWorker] INFO  segmented.SegmentedRaftLogWorker (SegmentedRaftLogWorker.java:execute(601)) - omNode-2@group-523986131536-SegmentedRaftLogWorker: Rolled log segment from /home/runner/work/ozone/ozone/hadoop-ozone/integration-test/target/test-dir/MiniOzoneClusterImpl-68853c07-42d2-4ef8-9e75-e3a852294e6a/omNode-2/ratis/c9bc4cf4-3bc3-3c60-a66b-523986131536/current/log_inprogress_341 to /home/runner/work/ozone/ozone/hadoop-ozone/integration-test/target/test-dir/MiniOzoneClusterImpl-68853c07-42d2-4ef8-9e75-e3a852294e6a/omNode-2/ratis/c9bc4cf4-3bc3-3c60-a66b-523986131536/current/log_341-348
2025-04-23 14:39:16,681 [omNode-2@group-523986131536-SegmentedRaftLogWorker] INFO  segmented.BufferedWriteChannel (BufferedWriteChannel.java:open(61)) - open log_inprogress_349 at position 0
2025-04-23 14:39:16,681 [omNode-1-server-thread1] INFO  ratis.OzoneManagerStateMachine (OzoneManagerStateMachine.java:notifyLeaderChanged(169)) - omNode-1@group-523986131536: leader changed to omNode-3
2025-04-23 14:39:16,681 [omNode-1-server-thread1] INFO  server.RaftServer$Division (ServerState.java:setLeader(272)) - omNode-1@group-523986131536: change Leader from null to omNode-3 at term 19 for appendEntries, leader elected after 661ms
2025-04-23 14:39:16,681 [omNode-1-server-thread1] INFO  server.RaftServer$Division (RaftServerImpl.java:checkInconsistentAppendEntries(1648)) - omNode-1@group-523986131536: Failed appendEntries as previous log entry ((t:18, i:348)) is not found
2025-04-23 14:39:16,681 [omNode-1-server-thread1] INFO  server.RaftServer$Division (RaftServerImpl.java:appendEntriesAsync(1580)) - omNode-1@group-523986131536: appendEntries* reply omNode-3<-omNode-1#1:FAIL-t19,INCONSISTENCY,nextIndex=341,followerCommit=340,matchIndex=-1
2025-04-23 14:39:16,681 [omNode-1-server-thread2] INFO  server.RaftServer$Division (RaftServerImpl.java:checkInconsistentAppendEntries(1648)) - omNode-1@group-523986131536: Failed appendEntries as previous log entry ((t:18, i:348)) is not found
2025-04-23 14:39:16,681 [grpc-default-executor-0] WARN  server.GrpcLogAppender (GrpcLogAppender.java:onNextImpl(519)) - omNode-3@group-523986131536->omNode-1-AppendLogResponseHandler: received INCONSISTENCY reply with nextIndex 341, errorCount=1, request=AppendEntriesRequest:cid=1,entriesCount=1,entry=(t:19, i:349)
2025-04-23 14:39:16,681 [grpc-default-executor-0] INFO  leader.FollowerInfo (FollowerInfoImpl.java:info(70)) - omNode-3@group-523986131536->omNode-1: setNextIndex nextIndex: updateUnconditionally 350 -> 341
2025-04-23 14:39:16,681 [omNode-1-server-thread2] INFO  server.RaftServer$Division (RaftServerImpl.java:appendEntriesAsync(1580)) - omNode-1@group-523986131536: appendEntries* reply omNode-3<-omNode-1#0:FAIL-t19,INCONSISTENCY,nextIndex=341,followerCommit=340,matchIndex=-1
2025-04-23 14:39:16,682 [omNode-1-server-thread2] INFO  server.RaftServer$Division (ServerState.java:setRaftConf(386)) - omNode-1@group-523986131536: set configuration conf: {index: 341, cur=peers:[omNode-3|localhost:15017, omNode-1|localhost:15009, omNode-2|localhost:15013]|listeners:[], old=null}
2025-04-23 14:39:16,682 [omNode-1-server-thread2] INFO  server.RaftServer$Division (ServerState.java:setRaftConf(386)) - omNode-1@group-523986131536: set configuration conf: {index: 349, cur=peers:[omNode-3|localhost:15017, omNode-1|localhost:15009, omNode-2|localhost:15013]|listeners:[], old=null}
2025-04-23 14:39:16,682 [omNode-1-server-thread2] INFO  segmented.SegmentedRaftLogWorker (SegmentedRaftLogWorker.java:rollLogSegment(443)) - omNode-1@group-523986131536-SegmentedRaftLogWorker: Rolling segment log-339_340 to index:340
2025-04-23 14:39:16,683 [omNode-1-server-thread2] INFO  segmented.SegmentedRaftLogWorker (SegmentedRaftLogWorker.java:rollLogSegment(443)) - omNode-1@group-523986131536-SegmentedRaftLogWorker: Rolling segment log-341_348 to index:348
2025-04-23 14:39:16,683 [grpc-default-executor-4] WARN  server.GrpcLogAppender (GrpcLogAppender.java:onNextImpl(519)) - omNode-3@group-523986131536->omNode-1-AppendLogResponseHandler: received INCONSISTENCY reply with nextIndex 341, errorCount=2, request=null
2025-04-23 14:39:16,683 [grpc-default-executor-4] INFO  leader.FollowerInfo (FollowerInfoImpl.java:info(70)) - omNode-3@group-523986131536->omNode-1: setNextIndex nextIndex: updateUnconditionally 350 -> 341
2025-04-23 14:39:16,683 [omNode-1@group-523986131536-SegmentedRaftLogWorker] INFO  segmented.SegmentedRaftLogWorker (SegmentedRaftLogWorker.java:execute(601)) - omNode-1@group-523986131536-SegmentedRaftLogWorker: Rolled log segment from /home/runner/work/ozone/ozone/hadoop-ozone/integration-test/target/test-dir/MiniOzoneClusterImpl-68853c07-42d2-4ef8-9e75-e3a852294e6a/omNode-1/ratis/c9bc4cf4-3bc3-3c60-a66b-523986131536/current/log_inprogress_339 to /home/runner/work/ozone/ozone/hadoop-ozone/integration-test/target/test-dir/MiniOzoneClusterImpl-68853c07-42d2-4ef8-9e75-e3a852294e6a/omNode-1/ratis/c9bc4cf4-3bc3-3c60-a66b-523986131536/current/log_339-340
2025-04-23 14:39:16,683 [omNode-1@group-523986131536-SegmentedRaftLogWorker] INFO  segmented.BufferedWriteChannel (BufferedWriteChannel.java:open(61)) - open log_inprogress_341 at position 0
2025-04-23 14:39:16,685 [omNode-1-server-thread2] INFO  server.RaftServer$Division (ServerState.java:setRaftConf(386)) - omNode-1@group-523986131536: set configuration conf: {index: 341, cur=peers:[omNode-3|localhost:15017, omNode-1|localhost:15009, omNode-2|localhost:15013]|listeners:[], old=null}
2025-04-23 14:39:16,685 [omNode-1-server-thread2] INFO  server.RaftServer$Division (ServerState.java:setRaftConf(386)) - omNode-1@group-523986131536: set configuration conf: {index: 349, cur=peers:[omNode-3|localhost:15017, omNode-1|localhost:15009, omNode-2|localhost:15013]|listeners:[], old=null}
2025-04-23 14:39:16,689 [omNode-3@group-523986131536-SegmentedRaftLogWorker] INFO  segmented.SegmentedRaftLogWorker (SegmentedRaftLogWorker.java:execute(644)) - omNode-3@group-523986131536-SegmentedRaftLogWorker: created new log segment /home/runner/work/ozone/ozone/hadoop-ozone/integration-test/target/test-dir/MiniOzoneClusterImpl-68853c07-42d2-4ef8-9e75-e3a852294e6a/omNode-3/ratis/c9bc4cf4-3bc3-3c60-a66b-523986131536/current/log_inprogress_349
2025-04-23 14:39:16,690 [omNode-2@group-523986131536-SegmentedRaftLogWorker] INFO  segmented.SegmentedRaftLogWorker (SegmentedRaftLogWorker.java:execute(644)) - omNode-2@group-523986131536-SegmentedRaftLogWorker: created new log segment /home/runner/work/ozone/ozone/hadoop-ozone/integration-test/target/test-dir/MiniOzoneClusterImpl-68853c07-42d2-4ef8-9e75-e3a852294e6a/omNode-2/ratis/c9bc4cf4-3bc3-3c60-a66b-523986131536/current/log_inprogress_349
2025-04-23 14:39:16,697 [omNode-3@group-523986131536-StateMachineUpdater] INFO  ratis.OzoneManagerStateMachine (OzoneManagerStateMachine.java:notifyConfigurationChanged(231)) - notifyConfigurationChanged from Ratis: term=19, index=349, New Peer list: omNode-3(localhost:15017), omNode-1(localhost:15009), omNode-2(localhost:15013)
2025-04-23 14:39:16,697 [omNode-3@group-523986131536-StateMachineUpdater] INFO  server.RaftServer$Division (LeaderStateImpl.java:checkStartIndex(313)) - Leader omNode-3@group-523986131536-LeaderStateImpl is ready since appliedIndex == startIndex == 349
2025-04-23 14:39:16,698 [omNode-1@group-523986131536-SegmentedRaftLogWorker] INFO  segmented.SegmentedRaftLogWorker (SegmentedRaftLogWorker.java:execute(644)) - omNode-1@group-523986131536-SegmentedRaftLogWorker: created new log segment /home/runner/work/ozone/ozone/hadoop-ozone/integration-test/target/test-dir/MiniOzoneClusterImpl-68853c07-42d2-4ef8-9e75-e3a852294e6a/omNode-1/ratis/c9bc4cf4-3bc3-3c60-a66b-523986131536/current/log_inprogress_341
2025-04-23 14:39:16,699 [omNode-2@group-523986131536-StateMachineUpdater] INFO  ratis.OzoneManagerStateMachine (OzoneManagerStateMachine.java:notifyConfigurationChanged(231)) - notifyConfigurationChanged from Ratis: term=19, index=349, New Peer list: omNode-3(localhost:15017), omNode-1(localhost:15009), omNode-2(localhost:15013)
2025-04-23 14:39:16,700 [omNode-1@group-523986131536-SegmentedRaftLogWorker] INFO  segmented.SegmentedRaftLogWorker (SegmentedRaftLogWorker.java:execute(601)) - omNode-1@group-523986131536-SegmentedRaftLogWorker: Rolled log segment from /home/runner/work/ozone/ozone/hadoop-ozone/integration-test/target/test-dir/MiniOzoneClusterImpl-68853c07-42d2-4ef8-9e75-e3a852294e6a/omNode-1/ratis/c9bc4cf4-3bc3-3c60-a66b-523986131536/current/log_inprogress_341 to /home/runner/work/ozone/ozone/hadoop-ozone/integration-test/target/test-dir/MiniOzoneClusterImpl-68853c07-42d2-4ef8-9e75-e3a852294e6a/omNode-1/ratis/c9bc4cf4-3bc3-3c60-a66b-523986131536/current/log_341-348
2025-04-23 14:39:16,700 [omNode-1@group-523986131536-SegmentedRaftLogWorker] INFO  segmented.BufferedWriteChannel (BufferedWriteChannel.java:open(61)) - open log_inprogress_349 at position 0
2025-04-23 14:39:16,709 [omNode-1@group-523986131536-SegmentedRaftLogWorker] INFO  segmented.SegmentedRaftLogWorker (SegmentedRaftLogWorker.java:execute(644)) - omNode-1@group-523986131536-SegmentedRaftLogWorker: created new log segment /home/runner/work/ozone/ozone/hadoop-ozone/integration-test/target/test-dir/MiniOzoneClusterImpl-68853c07-42d2-4ef8-9e75-e3a852294e6a/omNode-1/ratis/c9bc4cf4-3bc3-3c60-a66b-523986131536/current/log_inprogress_349
2025-04-23 14:39:16,710 [omNode-1@group-523986131536-StateMachineUpdater] INFO  ratis.OzoneManagerStateMachine (OzoneManagerStateMachine.java:notifyConfigurationChanged(231)) - notifyConfigurationChanged from Ratis: term=18, index=341, New Peer list: omNode-3(localhost:15017), omNode-1(localhost:15009), omNode-2(localhost:15013)
2025-04-23 14:39:16,711 [omNode-1-OMStateMachineApplyTransactionThread - 0] WARN  helpers.OzoneAclUtil (OzoneAclUtil.java:getDefaultAclList(77)) - Failed to get primary group from user user00230 (auth:SIMPLE)
2025-04-23 14:39:16,711 [omNode-1-OMStateMachineApplyTransactionThread - 0] INFO  volume.OMVolumeCreateRequest (OMVolumeCreateRequest.java:validateAndUpdateCache(203)) - created volume:volume89596 for user:user00230
2025-04-23 14:39:16,712 [omNode-1@group-523986131536-StateMachineUpdater] INFO  ratis.OzoneManagerStateMachine (OzoneManagerStateMachine.java:notifyConfigurationChanged(231)) - notifyConfigurationChanged from Ratis: term=19, index=349, New Peer list: omNode-3(localhost:15017), omNode-1(localhost:15009), omNode-2(localhost:15013)
2025-04-23 14:39:16,712 [omNode-1-OMStateMachineApplyTransactionThread - 0] INFO  bucket.OMBucketCreateRequest (OMBucketCreateRequest.java:validateAndUpdateCache(291)) - created bucket: 41c03faa-1262-42e4-9f54-f9b95af625a8 of layout OBJECT_STORE in volume: volume89596
2025-04-23 14:39:16,713 [omNode-1-OMStateMachineApplyTransactionThread - 0] ERROR key.OMKeyCreateRequest (OMKeyCreateRequest.java:logResult(379)) - Key creation failed. Volume:volume89596, Bucket:41c03faa-1262-42e4-9f54-f9b95af625a8, Key:946be01a-9e12-4ff1-89aa-9698f2a2b021. 
com.google.protobuf.InvalidProtocolBufferException: Message missing required fields: volumeName, bucketName, keyName, dataSize, type, creationTime, modificationTime
	at com.google.protobuf.UninitializedMessageException.asInvalidProtocolBufferException(UninitializedMessageException.java:81)
	at com.google.protobuf.AbstractParser.checkMessageInitialized(AbstractParser.java:71)
	at com.google.protobuf.AbstractParser.parseFrom(AbstractParser.java:217)
	at com.google.protobuf.AbstractParser.parseFrom(AbstractParser.java:223)
	at com.google.protobuf.AbstractParser.parseFrom(AbstractParser.java:49)
	at org.apache.hadoop.hdds.utils.db.Proto2Codec.fromCodecBuffer(Proto2Codec.java:84)
	at org.apache.hadoop.hdds.utils.db.Proto2Codec.fromCodecBuffer(Proto2Codec.java:34)
	at org.apache.hadoop.hdds.utils.db.DelegatedCodec.fromCodecBuffer(DelegatedCodec.java:83)
	at org.apache.hadoop.hdds.utils.db.TypedTable.getFromTable(TypedTable.java:371)
	at org.apache.hadoop.hdds.utils.db.TypedTable.getFromTableIfExist(TypedTable.java:393)
	at org.apache.hadoop.hdds.utils.db.TypedTable.getIfExist(TypedTable.java:310)
	at org.apache.hadoop.ozone.om.request.key.OMKeyCreateRequest.validateAndUpdateCache(OMKeyCreateRequest.java:228)
	at org.apache.hadoop.ozone.protocolPB.OzoneManagerRequestHandler.lambda$0(OzoneManagerRequestHandler.java:419)
	at org.apache.hadoop.ozone.util.MetricUtil.captureLatencyNs(MetricUtil.java:45)
	at org.apache.hadoop.ozone.protocolPB.OzoneManagerRequestHandler.handleWriteRequestImpl(OzoneManagerRequestHandler.java:417)
	at org.apache.hadoop.ozone.protocolPB.RequestHandler.handleWriteRequest(RequestHandler.java:62)
	at org.apache.hadoop.ozone.om.ratis.OzoneManagerStateMachine.runCommand(OzoneManagerStateMachine.java:563)
	at org.apache.hadoop.ozone.om.ratis.OzoneManagerStateMachine.lambda$2(OzoneManagerStateMachine.java:379)
	at java.base/java.util.concurrent.CompletableFuture$AsyncSupply.run(CompletableFuture.java:1768)
	at java.base/java.util.concurrent.ThreadPoolExecutor.runWorker(ThreadPoolExecutor.java:1144)
	at java.base/java.util.concurrent.ThreadPoolExecutor$Worker.run(ThreadPoolExecutor.java:642)
	at java.base/java.lang.Thread.run(Thread.java:1583)
14:39:16.713 [omNode-1-OMStateMachineApplyTransactionThread - 0] ERROR OMAudit - user=runner | ip=127.0.0.1 | op=ALLOCATE_KEY {volume=volume89596, bucket=41c03faa-1262-42e4-9f54-f9b95af625a8, key=946be01a-9e12-4ff1-89aa-9698f2a2b021, dataSize=11, replicationType=RATIS, replicationFactor=ONE, Transaction=347} | ret=FAILURE
com.google.protobuf.InvalidProtocolBufferException: Message missing required fields: volumeName, bucketName, keyName, dataSize, type, creationTime, modificationTime
	at com.google.protobuf.UninitializedMessageException.asInvalidProtocolBufferException(UninitializedMessageException.java:81) ~[protobuf-java-2.5.0.jar:?]
	at com.google.protobuf.AbstractParser.checkMessageInitialized(AbstractParser.java:71) ~[protobuf-java-2.5.0.jar:?]
	at com.google.protobuf.AbstractParser.parseFrom(AbstractParser.java:217) ~[protobuf-java-2.5.0.jar:?]
	at com.google.protobuf.AbstractParser.parseFrom(AbstractParser.java:223) ~[protobuf-java-2.5.0.jar:?]
	at com.google.protobuf.AbstractParser.parseFrom(AbstractParser.java:49) ~[protobuf-java-2.5.0.jar:?]
	at org.apache.hadoop.hdds.utils.db.Proto2Codec.fromCodecBuffer(Proto2Codec.java:84) ~[hdds-common-2.1.0-SNAPSHOT.jar:?]
	at org.apache.hadoop.hdds.utils.db.Proto2Codec.fromCodecBuffer(Proto2Codec.java:34) ~[hdds-common-2.1.0-SNAPSHOT.jar:?]
	at org.apache.hadoop.hdds.utils.db.DelegatedCodec.fromCodecBuffer(DelegatedCodec.java:83) ~[hdds-common-2.1.0-SNAPSHOT.jar:?]
	at org.apache.hadoop.hdds.utils.db.TypedTable.getFromTable(TypedTable.java:371) ~[hdds-server-framework-2.1.0-SNAPSHOT.jar:?]
	at org.apache.hadoop.hdds.utils.db.TypedTable.getFromTableIfExist(TypedTable.java:393) ~[hdds-server-framework-2.1.0-SNAPSHOT.jar:?]
	at org.apache.hadoop.hdds.utils.db.TypedTable.getIfExist(TypedTable.java:310) ~[hdds-server-framework-2.1.0-SNAPSHOT.jar:?]
	at org.apache.hadoop.ozone.om.request.key.OMKeyCreateRequest.validateAndUpdateCache(OMKeyCreateRequest.java:228) ~[ozone-manager-2.1.0-SNAPSHOT.jar:?]
	at org.apache.hadoop.ozone.protocolPB.OzoneManagerRequestHandler.lambda$0(OzoneManagerRequestHandler.java:419) ~[ozone-manager-2.1.0-SNAPSHOT.jar:?]
	at org.apache.hadoop.ozone.util.MetricUtil.captureLatencyNs(MetricUtil.java:45) ~[hdds-common-2.1.0-SNAPSHOT.jar:?]
	at org.apache.hadoop.ozone.protocolPB.OzoneManagerRequestHandler.handleWriteRequestImpl(OzoneManagerRequestHandler.java:417) ~[ozone-manager-2.1.0-SNAPSHOT.jar:?]
	at org.apache.hadoop.ozone.protocolPB.RequestHandler.handleWriteRequest(RequestHandler.java:62) ~[ozone-manager-2.1.0-SNAPSHOT.jar:?]
	at org.apache.hadoop.ozone.om.ratis.OzoneManagerStateMachine.runCommand(OzoneManagerStateMachine.java:563) ~[ozone-manager-2.1.0-SNAPSHOT.jar:?]
	at org.apache.hadoop.ozone.om.ratis.OzoneManagerStateMachine.lambda$2(OzoneManagerStateMachine.java:379) ~[ozone-manager-2.1.0-SNAPSHOT.jar:?]
	at java.base/java.util.concurrent.CompletableFuture$AsyncSupply.run(CompletableFuture.java:1768) ~[?:?]
	at java.base/java.util.concurrent.ThreadPoolExecutor.runWorker(ThreadPoolExecutor.java:1144) ~[?:?]
	at java.base/java.util.concurrent.ThreadPoolExecutor$Worker.run(ThreadPoolExecutor.java:642) ~[?:?]
	at java.base/java.lang.Thread.run(Thread.java:1583) [?:?]
2025-04-23 14:39:16,714 [omNode-1-OMStateMachineApplyTransactionThread - 0] ERROR ratis.OzoneManagerStateMachine (ExitUtils.java:terminate(133)) - Terminating with exit status 1: OM Ratis Server has received unrecoverable error, to avoid further DB corruption, terminating OM. Error Response received is:cmdType: CreateKey
traceID: ""
success: false
message: "com.google.protobuf.InvalidProtocolBufferException: Message missing required fields: volumeName, bucketName, keyName, dataSize, type, creationTime, modificationTime\n\tat com.google.protobuf.UninitializedMessageException.asInvalidProtocolBufferException(UninitializedMessageException.java:81)\n\tat com.google.protobuf.AbstractParser.checkMessageInitialized(AbstractParser.java:71)\n\tat com.google.protobuf.AbstractParser.parseFrom(AbstractParser.java:217)\n\tat com.google.protobuf.AbstractParser.parseFrom(AbstractParser.java:223)\n\tat com.google.protobuf.AbstractParser.parseFrom(AbstractParser.java:49)\n\tat org.apache.hadoop.hdds.utils.db.Proto2Codec.fromCodecBuffer(Proto2Codec.java:84)\n\tat org.apache.hadoop.hdds.utils.db.Proto2Codec.fromCodecBuffer(Proto2Codec.java:34)\n\tat org.apache.hadoop.hdds.utils.db.DelegatedCodec.fromCodecBuffer(DelegatedCodec.java:83)\n\tat org.apache.hadoop.hdds.utils.db.TypedTable.getFromTable(TypedTable.java:371)\n\tat org.apache.hadoop.hdds.utils.db.TypedTable.getFromTableIfExist(TypedTable.java:393)\n\tat org.apache.hadoop.hdds.utils.db.TypedTable.getIfExist(TypedTable.java:310)\n\tat org.apache.hadoop.ozone.om.request.key.OMKeyCreateRequest.validateAndUpdateCache(OMKeyCreateRequest.java:228)\n\tat org.apache.hadoop.ozone.protocolPB.OzoneManagerRequestHandler.lambda$0(OzoneManagerRequestHandler.java:419)\n\tat org.apache.hadoop.ozone.util.MetricUtil.captureLatencyNs(MetricUtil.java:45)\n\tat org.apache.hadoop.ozone.protocolPB.OzoneManagerRequestHandler.handleWriteRequestImpl(OzoneManagerRequestHandler.java:417)\n\tat org.apache.hadoop.ozone.protocolPB.RequestHandler.handleWriteRequest(RequestHandler.java:62)\n\tat org.apache.hadoop.ozone.om.ratis.OzoneManagerStateMachine.runCommand(OzoneManagerStateMachine.java:563)\n\tat org.apache.hadoop.ozone.om.ratis.OzoneManagerStateMachine.lambda$2(OzoneManagerStateMachine.java:379)\n\tat java.base/java.util.concurrent.CompletableFuture$AsyncSupply.run(CompletableFuture.java:1768)\n\tat java.base/java.util.concurrent.ThreadPoolExecutor.runWorker(ThreadPoolExecutor.java:1144)\n\tat java.base/java.util.concurrent.ThreadPoolExecutor$Worker.run(ThreadPoolExecutor.java:642)\n\tat java.base/java.lang.Thread.run(Thread.java:1583)\n"
status: INTERNAL_ERROR
omLockDetails {
  isLockAcquired: false
  waitLockNanos: 1663
  readLockNanos: 0
  writeLockNanos: 432625
}

INTERNAL_ERROR org.apache.hadoop.ozone.om.exceptions.OMException: com.google.protobuf.InvalidProtocolBufferException: Message missing required fields: volumeName, bucketName, keyName, dataSize, type, creationTime, modificationTime
	at com.google.protobuf.UninitializedMessageException.asInvalidProtocolBufferException(UninitializedMessageException.java:81)
	at com.google.protobuf.AbstractParser.checkMessageInitialized(AbstractParser.java:71)
	at com.google.protobuf.AbstractParser.parseFrom(AbstractParser.java:217)
	at com.google.protobuf.AbstractParser.parseFrom(AbstractParser.java:223)
	at com.google.protobuf.AbstractParser.parseFrom(AbstractParser.java:49)
	at org.apache.hadoop.hdds.utils.db.Proto2Codec.fromCodecBuffer(Proto2Codec.java:84)
	at org.apache.hadoop.hdds.utils.db.Proto2Codec.fromCodecBuffer(Proto2Codec.java:34)
	at org.apache.hadoop.hdds.utils.db.DelegatedCodec.fromCodecBuffer(DelegatedCodec.java:83)
	at org.apache.hadoop.hdds.utils.db.TypedTable.getFromTable(TypedTable.java:371)
	at org.apache.hadoop.hdds.utils.db.TypedTable.getFromTableIfExist(TypedTable.java:393)
	at org.apache.hadoop.hdds.utils.db.TypedTable.getIfExist(TypedTable.java:310)
	at org.apache.hadoop.ozone.om.request.key.OMKeyCreateRequest.validateAndUpdateCache(OMKeyCreateRequest.java:228)
	at org.apache.hadoop.ozone.protocolPB.OzoneManagerRequestHandler.lambda$0(OzoneManagerRequestHandler.java:419)
	at org.apache.hadoop.ozone.util.MetricUtil.captureLatencyNs(MetricUtil.java:45)
	at org.apache.hadoop.ozone.protocolPB.OzoneManagerRequestHandler.handleWriteRequestImpl(OzoneManagerRequestHandler.java:417)
	at org.apache.hadoop.ozone.protocolPB.RequestHandler.handleWriteRequest(RequestHandler.java:62)
	at org.apache.hadoop.ozone.om.ratis.OzoneManagerStateMachine.runCommand(OzoneManagerStateMachine.java:563)
	at org.apache.hadoop.ozone.om.ratis.OzoneManagerStateMachine.lambda$2(OzoneManagerStateMachine.java:379)
	at java.base/java.util.concurrent.CompletableFuture$AsyncSupply.run(CompletableFuture.java:1768)
	at java.base/java.util.concurrent.ThreadPoolExecutor.runWorker(ThreadPoolExecutor.java:1144)
	at java.base/java.util.concurrent.ThreadPoolExecutor$Worker.run(ThreadPoolExecutor.java:642)
	at java.base/java.lang.Thread.run(Thread.java:1583)

	at org.apache.hadoop.ozone.om.ratis.OzoneManagerStateMachine.terminate(OzoneManagerStateMachine.java:403)
	at org.apache.hadoop.ozone.om.ratis.OzoneManagerStateMachine.processResponse(OzoneManagerStateMachine.java:392)
	at java.base/java.util.concurrent.CompletableFuture$UniApply.tryFire(CompletableFuture.java:646)
	at java.base/java.util.concurrent.CompletableFuture.postComplete(CompletableFuture.java:510)
	at java.base/java.util.concurrent.CompletableFuture$AsyncSupply.run(CompletableFuture.java:1773)
	at java.base/java.util.concurrent.ThreadPoolExecutor.runWorker(ThreadPoolExecutor.java:1144)
	at java.base/java.util.concurrent.ThreadPoolExecutor$Worker.run(ThreadPoolExecutor.java:642)
	at java.base/java.lang.Thread.run(Thread.java:1583)
2025-04-23 14:39:16,816 [main] INFO  reflections.Reflections (Reflections.java:scan(219)) - Reflections took 344 ms to scan 22 urls, producing 61 keys and 7422 values
2025-04-23 14:39:16,817 [main] INFO  ipc.CallQueueManager (CallQueueManager.java:<init>(93)) - Using callQueue: class java.util.concurrent.LinkedBlockingQueue, queueCapacity: 2000, scheduler: class org.apache.hadoop.ipc.DefaultRpcScheduler, ipcBackoff: false, ipcFailOver: false.
2025-04-23 14:39:16,817 [main] INFO  ipc.Server (Server.java:<init>(1438)) - Listener at localhost:15010
2025-04-23 14:39:16,818 [Socket Reader #1 for port 15010] INFO  ipc.Server (Server.java:run(1474)) - Starting Socket Reader #1 for port 15010
2025-04-23 14:39:16,818 [Socket Reader #2 for port 15010] INFO  ipc.Server (Server.java:run(1474)) - Starting Socket Reader #2 for port 15010
2025-04-23 14:39:16,818 [Socket Reader #3 for port 15010] INFO  ipc.Server (Server.java:run(1474)) - Starting Socket Reader #3 for port 15010
2025-04-23 14:39:16,818 [Socket Reader #4 for port 15010] INFO  ipc.Server (Server.java:run(1474)) - Starting Socket Reader #4 for port 15010
2025-04-23 14:39:16,818 [Socket Reader #5 for port 15010] INFO  ipc.Server (Server.java:run(1474)) - Starting Socket Reader #5 for port 15010
2025-04-23 14:39:16,819 [Socket Reader #6 for port 15010] INFO  ipc.Server (Server.java:run(1474)) - Starting Socket Reader #6 for port 15010
2025-04-23 14:39:16,819 [Socket Reader #7 for port 15010] INFO  ipc.Server (Server.java:run(1474)) - Starting Socket Reader #7 for port 15010
2025-04-23 14:39:16,819 [Socket Reader #8 for port 15010] INFO  ipc.Server (Server.java:run(1474)) - Starting Socket Reader #8 for port 15010
2025-04-23 14:39:16,819 [Socket Reader #9 for port 15010] INFO  ipc.Server (Server.java:run(1474)) - Starting Socket Reader #9 for port 15010
2025-04-23 14:39:16,819 [Socket Reader #10 for port 15010] INFO  ipc.Server (Server.java:run(1474)) - Starting Socket Reader #10 for port 15010
2025-04-23 14:39:16,821 [main] INFO  http.BaseHttpServer (BaseHttpServer.java:newHttpServer2BuilderForOzone(229)) - Starting Web-server for ozoneManager at: http://0.0.0.0:15011
2025-04-23 14:39:16,821 [main] INFO  http.BaseHttpServer (BaseHttpServer.java:<init>(107)) - Hadoop Security Enabled: false Ozone Security Enabled: false Ozone HTTP Security Enabled: false 
2025-04-23 14:39:16,822 [main] WARN  server.AuthenticationFilter (AuthenticationFilter.java:constructSecretProvider(240)) - Unable to initialize FileSignerSecretProvider, falling back to use random secrets. Reason: Could not read signature secret file: /home/runner/hadoop-http-auth-signature-secret
2025-04-23 14:39:16,823 [main] INFO  http.HttpServer2 (HttpServer2.java:addGlobalFilter(1041)) - Added global filter 'safety' (class=org.apache.hadoop.hdds.server.http.HttpServer2$QuotingInputFilter)
2025-04-23 14:39:16,824 [main] INFO  http.HttpServer2 (HttpServer2.java:addFilter(1017)) - Added filter static_user_filter (class=org.apache.hadoop.http.lib.StaticUserWebFilter$StaticUserFilter) to context ozoneManager
2025-04-23 14:39:16,824 [main] INFO  http.HttpServer2 (HttpServer2.java:addFilter(1025)) - Added filter static_user_filter (class=org.apache.hadoop.http.lib.StaticUserWebFilter$StaticUserFilter) to context static
2025-04-23 14:39:16,824 [main] INFO  http.HttpServer2 (HttpServer2.java:addFilter(1025)) - Added filter static_user_filter (class=org.apache.hadoop.http.lib.StaticUserWebFilter$StaticUserFilter) to context logs
2025-04-23 14:39:16,824 [main] INFO  http.BaseHttpServer (BaseHttpServer.java:<init>(195)) - HTTP server of ozoneManager uses base directory /home/runner/work/ozone/ozone/hadoop-ozone/integration-test/target/test-dir/MiniOzoneClusterImpl-68853c07-42d2-4ef8-9e75-e3a852294e6a/omNode-2/webserver
2025-04-23 14:39:16,825 [main] INFO  http.HttpServer2 (HttpServer2.java:bindListener(1241)) - Jetty bound to port 15011
2025-04-23 14:39:16,825 [main] INFO  server.Server (Server.java:doStart(375)) - jetty-9.4.57.v20241219; built: 2025-01-08T21:24:30.412Z; git: df524e6b29271c2e09ba9aea83c18dc9db464a31; jvm 21.0.7+6-LTS
2025-04-23 14:39:16,826 [main] INFO  server.session (DefaultSessionIdManager.java:doStart(334)) - DefaultSessionIdManager workerName=node0
2025-04-23 14:39:16,826 [main] INFO  server.session (DefaultSessionIdManager.java:doStart(339)) - No SessionScavenger set, using defaults
2025-04-23 14:39:16,826 [main] INFO  server.session (HouseKeeper.java:startScavenging(132)) - node0 Scavenging every 660000ms
2025-04-23 14:39:16,827 [main] INFO  handler.ContextHandler (ContextHandler.java:doStart(921)) - Started o.e.j.s.ServletContextHandler@5cd0e6dd{logs,/logs,file:///home/runner/work/ozone/ozone/hadoop-ozone/integration-test/target/log,AVAILABLE}
2025-04-23 14:39:16,827 [main] INFO  handler.ContextHandler (ContextHandler.java:doStart(921)) - Started o.e.j.s.ServletContextHandler@6e25df29{static,/static,file:///home/runner/work/ozone/ozone/hadoop-ozone/integration-test/target/test-classes/webapps/static,AVAILABLE}
2025-04-23 14:39:16,830 [main] INFO  handler.ContextHandler (ContextHandler.java:doStart(921)) - Started o.e.j.w.WebAppContext@51f18eac{ozoneManager,/,file:///home/runner/work/ozone/ozone/hadoop-ozone/integration-test/target/test-classes/webapps/ozoneManager/,AVAILABLE}{file:/home/runner/work/ozone/ozone/hadoop-ozone/integration-test/target/test-classes/webapps/ozoneManager}
2025-04-23 14:39:16,831 [main] INFO  server.AbstractConnector (AbstractConnector.java:doStart(333)) - Started ServerConnector@5d96eabe{HTTP/1.1, (http/1.1)}{0.0.0.0:15011}
2025-04-23 14:39:16,831 [main] INFO  server.Server (Server.java:doStart(415)) - Started @157110ms
2025-04-23 14:39:16,831 [main] WARN  impl.MetricsSystemImpl (MetricsSystemImpl.java:register(279)) - Sink prometheus already exists!
2025-04-23 14:39:16,831 [main] INFO  http.BaseHttpServer (BaseHttpServer.java:updateConnectorAddress(360)) - HTTP server of ozoneManager listening at http://0.0.0.0:15011
2025-04-23 14:39:16,831 [IPC Server Responder] INFO  ipc.Server (Server.java:run(1713)) - IPC Server Responder: starting
2025-04-23 14:39:16,832 [IPC Server listener on 15010] INFO  ipc.Server (Server.java:run(1553)) - IPC Server listener on 15010: starting
2025-04-23 14:39:16,834 [main] INFO  om.OzoneManager (OzoneManager.java:startTrashEmptier(2257)) - Trash Interval set to 0. Files deleted won't move to trash
]]></system-out>
  </testcase>
  <testcase name="testOMRestart" classname="org.apache.hadoop.ozone.om.TestOzoneManagerHAWithStoppedNodes" time="32.219">
    <system-out><![CDATA[2025-04-23 14:39:16,847 [main] INFO  ozone.MiniOzoneClusterImpl (MiniOzoneClusterImpl.java:shutdown(393)) - Shutting down the Mini Ozone Cluster
2025-04-23 14:39:16,849 [main] INFO  db.CodecTestUtil (CodecTestUtil.java:gc(49)) - gc 0
2025-04-23 14:39:17,047 [main] INFO  ozone.MiniOzoneHAClusterImpl (MiniOzoneHAClusterImpl.java:stop(289)) - Stopping the OzoneManager omNode-3
2025-04-23 14:39:17,047 [main] INFO  om.OzoneManager (OzoneManager.java:stop(2347)) - omNode-3[localhost:15014]: Stopping Ozone Manager
2025-04-23 14:39:17,048 [main] INFO  ipc.Server (Server.java:stop(3697)) - Stopping server on 15014
2025-04-23 14:39:17,050 [IPC Server listener on 15014] INFO  ipc.Server (Server.java:run(1585)) - Stopping IPC Server listener on 15014
2025-04-23 14:39:17,050 [IPC Server Responder] INFO  ipc.Server (Server.java:run(1718)) - Stopping IPC Server Responder
2025-04-23 14:39:17,050 [main] INFO  ratis.OzoneManagerRatisServer (OzoneManagerRatisServer.java:stop(634)) - Stopping org.apache.hadoop.ozone.om.ratis.OzoneManagerRatisServer@52783edc at port 15017
2025-04-23 14:39:17,050 [main] INFO  server.RaftServer (RaftServerProxy.java:lambda$close$9(417)) - omNode-3: close
2025-04-23 14:39:17,051 [omNode-3-impl-thread1] INFO  server.RaftServer$Division (RaftServerImpl.java:lambda$close$1(513)) - omNode-3@group-523986131536: shutdown
2025-04-23 14:39:17,051 [omNode-3-impl-thread1] INFO  util.JmxRegister (JmxRegister.java:unregister(74)) - Successfully un-registered JMX Bean with object name Ratis:service=RaftServer,group=group-523986131536,id=omNode-3
2025-04-23 14:39:17,051 [omNode-3-impl-thread1] INFO  impl.RoleInfo (RoleInfo.java:shutdownLeaderState(103)) - omNode-3: shutdown omNode-3@group-523986131536-LeaderStateImpl
2025-04-23 14:39:17,051 [omNode-3-impl-thread1] INFO  impl.PendingRequests (PendingRequests.java:sendNotLeaderResponses(287)) - omNode-3@group-523986131536-PendingRequests: sendNotLeaderResponses
2025-04-23 14:39:17,052 [omNode-3@group-523986131536->omNode-1-GrpcLogAppender-LogAppenderDaemon] WARN  server.GrpcLogAppender (GrpcLogAppender.java:mayWait(293)) - omNode-3@group-523986131536->omNode-1-GrpcLogAppender: Wait interrupted by java.lang.InterruptedException
2025-04-23 14:39:17,051 [main] INFO  server.GrpcService (GrpcService.java:closeImpl(343)) - omNode-3: shutdown server GrpcServerProtocolService now
2025-04-23 14:39:17,052 [omNode-3@group-523986131536->omNode-2-GrpcLogAppender-LogAppenderDaemon] WARN  server.GrpcLogAppender (GrpcLogAppender.java:mayWait(293)) - omNode-3@group-523986131536->omNode-2-GrpcLogAppender: Wait interrupted by java.lang.InterruptedException
2025-04-23 14:39:17,054 [Thread-6790] INFO  server.GrpcServerProtocolClient (GrpcServerProtocolClient.java:close(105)) - omNode-1 Close channels
2025-04-23 14:39:17,054 [omNode-3-impl-thread1] INFO  impl.StateMachineUpdater (StateMachineUpdater.java:stopAndJoin(164)) - omNode-3@group-523986131536-StateMachineUpdater: set stopIndex = 350
2025-04-23 14:39:17,054 [grpc-default-executor-0] INFO  server.GrpcServerProtocolService (GrpcServerProtocolService.java:onCompleted(157)) - omNode-1: Completed APPEND_ENTRIES, lastRequest: omNode-3->omNode-1#4-t19,previous=(t:19, i:349),leaderCommit=349,initializing? false,entries: size=1, first=(t:19, i:350), METADATAENTRY(c:349)
2025-04-23 14:39:17,054 [grpc-default-executor-0] INFO  server.GrpcServerProtocolService (GrpcServerProtocolService.java:lambda$onCompleted$5(159)) - omNode-1: Completed APPEND_ENTRIES, lastReply: null
2025-04-23 14:39:17,054 [grpc-default-executor-4] INFO  server.GrpcServerProtocolService (GrpcServerProtocolService.java:onCompleted(157)) - omNode-2: Completed APPEND_ENTRIES, lastRequest: omNode-3->omNode-2#2-t19,previous=(t:19, i:349),leaderCommit=349,initializing? false,entries: size=1, first=(t:19, i:350), METADATAENTRY(c:349)
2025-04-23 14:39:17,054 [grpc-default-executor-7] INFO  server.GrpcServerProtocolService (GrpcServerProtocolService.java:onCompleted(157)) - omNode-1: Completed APPEND_ENTRIES, lastRequest: null
2025-04-23 14:39:17,055 [Thread-6791] INFO  server.GrpcServerProtocolClient (GrpcServerProtocolClient.java:close(105)) - omNode-2 Close channels
2025-04-23 14:39:17,055 [grpc-default-executor-0] INFO  server.GrpcServerProtocolService (GrpcServerProtocolService.java:onCompleted(157)) - omNode-2: Completed APPEND_ENTRIES, lastRequest: null
2025-04-23 14:39:17,055 [grpc-default-executor-0] INFO  server.GrpcServerProtocolService (GrpcServerProtocolService.java:lambda$onCompleted$5(159)) - omNode-2: Completed APPEND_ENTRIES, lastReply: serverReply {
  requestorId: "omNode-3"
  replyId: "omNode-2"
  raftGroupId {
    id: "\311\274L\364;\303<`\246kR9\206\023\0256"
  }
  success: true
}
term: 19
nextIndex: 350
followerCommit: 348
matchIndex: 18446744073709551615
isHearbeat: true

2025-04-23 14:39:17,055 [grpc-default-executor-4] INFO  server.GrpcServerProtocolService (GrpcServerProtocolService.java:lambda$onCompleted$5(159)) - omNode-2: Completed APPEND_ENTRIES, lastReply: null
2025-04-23 14:39:17,056 [grpc-default-executor-4] INFO  server.GrpcLogAppender (GrpcLogAppender.java:onCompleted(550)) - omNode-3@group-523986131536->omNode-1-AppendLogResponseHandler: follower responses appendEntries COMPLETED
2025-04-23 14:39:17,056 [grpc-default-executor-4] WARN  server.GrpcLogAppender (GrpcLogAppender.java:resetClient(230)) - omNode-3@group-523986131536->omNode-1-GrpcLogAppender: Failed to getClient for omNode-1
org.apache.ratis.protocol.exceptions.AlreadyClosedException: omNode-3 is already CLOSED
	at org.apache.ratis.util.PeerProxyMap$PeerAndProxy.getProxy(PeerProxyMap.java:67)
	at org.apache.ratis.util.PeerProxyMap.getProxy(PeerProxyMap.java:124)
	at org.apache.ratis.grpc.server.GrpcLogAppender.getClient(GrpcLogAppender.java:200)
	at org.apache.ratis.grpc.server.GrpcLogAppender.resetClient(GrpcLogAppender.java:205)
	at org.apache.ratis.grpc.server.GrpcLogAppender.access$800(GrpcLogAppender.java:64)
	at org.apache.ratis.grpc.server.GrpcLogAppender$AppendLogResponseHandler.onCompleted(GrpcLogAppender.java:551)
	at org.apache.ratis.thirdparty.io.grpc.stub.ClientCalls$StreamObserverToCallListenerAdapter.onClose(ClientCalls.java:479)
	at org.apache.ratis.thirdparty.io.grpc.internal.ClientCallImpl.closeObserver(ClientCallImpl.java:567)
	at org.apache.ratis.thirdparty.io.grpc.internal.ClientCallImpl.access$300(ClientCallImpl.java:71)
	at org.apache.ratis.thirdparty.io.grpc.internal.ClientCallImpl$ClientStreamListenerImpl$1StreamClosed.runInternal(ClientCallImpl.java:735)
	at org.apache.ratis.thirdparty.io.grpc.internal.ClientCallImpl$ClientStreamListenerImpl$1StreamClosed.runInContext(ClientCallImpl.java:716)
	at org.apache.ratis.thirdparty.io.grpc.internal.ContextRunnable.run(ContextRunnable.java:37)
	at org.apache.ratis.thirdparty.io.grpc.internal.SerializingExecutor.run(SerializingExecutor.java:133)
	at java.base/java.util.concurrent.ThreadPoolExecutor.runWorker(ThreadPoolExecutor.java:1144)
	at java.base/java.util.concurrent.ThreadPoolExecutor$Worker.run(ThreadPoolExecutor.java:642)
	at java.base/java.lang.Thread.run(Thread.java:1583)
2025-04-23 14:39:17,056 [grpc-default-executor-0] INFO  server.GrpcLogAppender (GrpcLogAppender.java:onCompleted(550)) - omNode-3@group-523986131536->omNode-2-AppendLogResponseHandler: follower responses appendEntries COMPLETED
2025-04-23 14:39:17,056 [grpc-default-executor-0] WARN  server.GrpcLogAppender (GrpcLogAppender.java:resetClient(230)) - omNode-3@group-523986131536->omNode-2-GrpcLogAppender: Failed to getClient for omNode-2
org.apache.ratis.protocol.exceptions.AlreadyClosedException: omNode-3 is already CLOSED
	at org.apache.ratis.util.PeerProxyMap$PeerAndProxy.getProxy(PeerProxyMap.java:67)
	at org.apache.ratis.util.PeerProxyMap.getProxy(PeerProxyMap.java:124)
	at org.apache.ratis.grpc.server.GrpcLogAppender.getClient(GrpcLogAppender.java:200)
	at org.apache.ratis.grpc.server.GrpcLogAppender.resetClient(GrpcLogAppender.java:205)
	at org.apache.ratis.grpc.server.GrpcLogAppender.access$800(GrpcLogAppender.java:64)
	at org.apache.ratis.grpc.server.GrpcLogAppender$AppendLogResponseHandler.onCompleted(GrpcLogAppender.java:551)
	at org.apache.ratis.thirdparty.io.grpc.stub.ClientCalls$StreamObserverToCallListenerAdapter.onClose(ClientCalls.java:479)
	at org.apache.ratis.thirdparty.io.grpc.internal.DelayedClientCall$DelayedListener$3.run(DelayedClientCall.java:489)
	at org.apache.ratis.thirdparty.io.grpc.internal.DelayedClientCall$DelayedListener.delayOrExecute(DelayedClientCall.java:453)
	at org.apache.ratis.thirdparty.io.grpc.internal.DelayedClientCall$DelayedListener.onClose(DelayedClientCall.java:486)
	at org.apache.ratis.thirdparty.io.grpc.internal.ClientCallImpl.closeObserver(ClientCallImpl.java:567)
	at org.apache.ratis.thirdparty.io.grpc.internal.ClientCallImpl.access$300(ClientCallImpl.java:71)
	at org.apache.ratis.thirdparty.io.grpc.internal.ClientCallImpl$ClientStreamListenerImpl$1StreamClosed.runInternal(ClientCallImpl.java:735)
	at org.apache.ratis.thirdparty.io.grpc.internal.ClientCallImpl$ClientStreamListenerImpl$1StreamClosed.runInContext(ClientCallImpl.java:716)
	at org.apache.ratis.thirdparty.io.grpc.internal.ContextRunnable.run(ContextRunnable.java:37)
	at org.apache.ratis.thirdparty.io.grpc.internal.SerializingExecutor.run(SerializingExecutor.java:133)
	at java.base/java.util.concurrent.ThreadPoolExecutor.runWorker(ThreadPoolExecutor.java:1144)
	at java.base/java.util.concurrent.ThreadPoolExecutor$Worker.run(ThreadPoolExecutor.java:642)
	at java.base/java.lang.Thread.run(Thread.java:1583)
2025-04-23 14:39:17,055 [grpc-default-executor-7] INFO  server.GrpcServerProtocolService (GrpcServerProtocolService.java:lambda$onCompleted$5(159)) - omNode-1: Completed APPEND_ENTRIES, lastReply: serverReply {
  requestorId: "omNode-3"
  replyId: "omNode-1"
  raftGroupId {
    id: "\311\274L\364;\303<`\246kR9\206\023\0256"
  }
}
term: 19
nextIndex: 341
result: INCONSISTENCY
followerCommit: 340
matchIndex: 18446744073709551615
isHearbeat: true

2025-04-23 14:39:17,056 [grpc-default-executor-8] INFO  server.GrpcLogAppender (GrpcLogAppender.java:onCompleted(550)) - omNode-3@group-523986131536->omNode-2-AppendLogResponseHandler: follower responses appendEntries COMPLETED
2025-04-23 14:39:17,057 [grpc-default-executor-8] WARN  server.GrpcLogAppender (GrpcLogAppender.java:resetClient(230)) - omNode-3@group-523986131536->omNode-2-GrpcLogAppender: Failed to getClient for omNode-2
org.apache.ratis.protocol.exceptions.AlreadyClosedException: omNode-3 is already CLOSED
	at org.apache.ratis.util.PeerProxyMap$PeerAndProxy.getProxy(PeerProxyMap.java:67)
	at org.apache.ratis.util.PeerProxyMap.getProxy(PeerProxyMap.java:124)
	at org.apache.ratis.grpc.server.GrpcLogAppender.getClient(GrpcLogAppender.java:200)
	at org.apache.ratis.grpc.server.GrpcLogAppender.resetClient(GrpcLogAppender.java:205)
	at org.apache.ratis.grpc.server.GrpcLogAppender.access$800(GrpcLogAppender.java:64)
	at org.apache.ratis.grpc.server.GrpcLogAppender$AppendLogResponseHandler.onCompleted(GrpcLogAppender.java:551)
	at org.apache.ratis.thirdparty.io.grpc.stub.ClientCalls$StreamObserverToCallListenerAdapter.onClose(ClientCalls.java:479)
	at org.apache.ratis.thirdparty.io.grpc.internal.ClientCallImpl.closeObserver(ClientCallImpl.java:567)
	at org.apache.ratis.thirdparty.io.grpc.internal.ClientCallImpl.access$300(ClientCallImpl.java:71)
	at org.apache.ratis.thirdparty.io.grpc.internal.ClientCallImpl$ClientStreamListenerImpl$1StreamClosed.runInternal(ClientCallImpl.java:735)
	at org.apache.ratis.thirdparty.io.grpc.internal.ClientCallImpl$ClientStreamListenerImpl$1StreamClosed.runInContext(ClientCallImpl.java:716)
	at org.apache.ratis.thirdparty.io.grpc.internal.ContextRunnable.run(ContextRunnable.java:37)
	at org.apache.ratis.thirdparty.io.grpc.internal.SerializingExecutor.run(SerializingExecutor.java:133)
	at java.base/java.util.concurrent.ThreadPoolExecutor.runWorker(ThreadPoolExecutor.java:1144)
	at java.base/java.util.concurrent.ThreadPoolExecutor$Worker.run(ThreadPoolExecutor.java:642)
	at java.base/java.lang.Thread.run(Thread.java:1583)
2025-04-23 14:39:17,057 [grpc-default-executor-7] INFO  server.GrpcLogAppender (GrpcLogAppender.java:onCompleted(550)) - omNode-3@group-523986131536->omNode-1-AppendLogResponseHandler: follower responses appendEntries COMPLETED
2025-04-23 14:39:17,057 [grpc-default-executor-7] WARN  server.GrpcLogAppender (GrpcLogAppender.java:resetClient(230)) - omNode-3@group-523986131536->omNode-1-GrpcLogAppender: Failed to getClient for omNode-1
org.apache.ratis.protocol.exceptions.AlreadyClosedException: omNode-3 is already CLOSED
	at org.apache.ratis.util.PeerProxyMap$PeerAndProxy.getProxy(PeerProxyMap.java:67)
	at org.apache.ratis.util.PeerProxyMap.getProxy(PeerProxyMap.java:124)
	at org.apache.ratis.grpc.server.GrpcLogAppender.getClient(GrpcLogAppender.java:200)
	at org.apache.ratis.grpc.server.GrpcLogAppender.resetClient(GrpcLogAppender.java:205)
	at org.apache.ratis.grpc.server.GrpcLogAppender.access$800(GrpcLogAppender.java:64)
	at org.apache.ratis.grpc.server.GrpcLogAppender$AppendLogResponseHandler.onCompleted(GrpcLogAppender.java:551)
	at org.apache.ratis.thirdparty.io.grpc.stub.ClientCalls$StreamObserverToCallListenerAdapter.onClose(ClientCalls.java:479)
	at org.apache.ratis.thirdparty.io.grpc.internal.DelayedClientCall$DelayedListener$3.run(DelayedClientCall.java:489)
	at org.apache.ratis.thirdparty.io.grpc.internal.DelayedClientCall$DelayedListener.delayOrExecute(DelayedClientCall.java:453)
	at org.apache.ratis.thirdparty.io.grpc.internal.DelayedClientCall$DelayedListener.onClose(DelayedClientCall.java:486)
	at org.apache.ratis.thirdparty.io.grpc.internal.ClientCallImpl.closeObserver(ClientCallImpl.java:567)
	at org.apache.ratis.thirdparty.io.grpc.internal.ClientCallImpl.access$300(ClientCallImpl.java:71)
	at org.apache.ratis.thirdparty.io.grpc.internal.ClientCallImpl$ClientStreamListenerImpl$1StreamClosed.runInternal(ClientCallImpl.java:735)
	at org.apache.ratis.thirdparty.io.grpc.internal.ClientCallImpl$ClientStreamListenerImpl$1StreamClosed.runInContext(ClientCallImpl.java:716)
	at org.apache.ratis.thirdparty.io.grpc.internal.ContextRunnable.run(ContextRunnable.java:37)
	at org.apache.ratis.thirdparty.io.grpc.internal.SerializingExecutor.run(SerializingExecutor.java:133)
	at java.base/java.util.concurrent.ThreadPoolExecutor.runWorker(ThreadPoolExecutor.java:1144)
	at java.base/java.util.concurrent.ThreadPoolExecutor$Worker.run(ThreadPoolExecutor.java:642)
	at java.base/java.lang.Thread.run(Thread.java:1583)
2025-04-23 14:39:17,057 [main] INFO  server.GrpcService (GrpcService.java:closeImpl(352)) - omNode-3: shutdown server GrpcServerProtocolService successfully
2025-04-23 14:39:17,062 [omNode-3@group-523986131536-StateMachineUpdater] INFO  ratis.OzoneManagerStateMachine (OzoneManagerStateMachine.java:takeSnapshotImpl(510)) - omNode-3: taking snapshot. applied = (t:19, i:350), skipped = 348, notified = (t:19, i:350), current snapshot index = (t:19, i:350), took 8 ms
2025-04-23 14:39:17,062 [omNode-3@group-523986131536-StateMachineUpdater] INFO  impl.StateMachineUpdater (StateMachineUpdater.java:takeSnapshot(303)) - omNode-3@group-523986131536-StateMachineUpdater: Took a snapshot at index 350
2025-04-23 14:39:17,062 [omNode-3@group-523986131536-StateMachineUpdater] INFO  impl.StateMachineUpdater (StateMachineUpdater.java:lambda$new$0(102)) - omNode-3@group-523986131536-StateMachineUpdater: snapshotIndex: updateIncreasingly 348 -> 350
2025-04-23 14:39:17,062 [omNode-3@group-523986131536-StateMachineUpdater] INFO  impl.StateMachineUpdater (StateMachineUpdater.java:stop(141)) - omNode-3@group-523986131536-StateMachineUpdater: closing OzoneManagerStateMachine, lastApplied=(t:19, i:350)
2025-04-23 14:39:17,062 [omNode-3@group-523986131536-StateMachineUpdater] INFO  ratis.OzoneManagerStateMachine (OzoneManagerStateMachine.java:close(550)) - Stopping OzoneManagerStateMachine:omNode-3:group-523986131536.
2025-04-23 14:39:17,062 [omNode-3@group-523986131536-StateMachineUpdater] INFO  ratis.OzoneManagerDoubleBuffer (OzoneManagerDoubleBuffer.java:stopDaemon(500)) - Stopping OMDoubleBuffer flush thread
2025-04-23 14:39:17,062 [omNode-3-OMDoubleBufferFlushThread] INFO  ratis.OzoneManagerDoubleBuffer (OzoneManagerDoubleBuffer.java:canFlush(559)) - OMDoubleBuffer flush thread omNode-3-OMDoubleBufferFlushThread is interrupted and will exit.
2025-04-23 14:39:17,063 [omNode-3@group-523986131536-cacheEviction-AwaitToRun] INFO  util.AwaitToRun (AwaitToRun.java:run(49)) - omNode-3@group-523986131536-cacheEviction-AwaitToRun-AwaitForSignal is interrupted
2025-04-23 14:39:17,695 [omNode-3-impl-thread1] INFO  segmented.SegmentedRaftLogWorker (SegmentedRaftLogWorker.java:close(252)) - omNode-3@group-523986131536-SegmentedRaftLogWorker close()
2025-04-23 14:39:17,695 [JvmPauseMonitor38] INFO  util.JvmPauseMonitor (JvmPauseMonitor.java:run(152)) - JvmPauseMonitor-omNode-3: Stopped
2025-04-23 14:39:17,696 [main] INFO  utils.BackgroundService (BackgroundService.java:shutdown(161)) - Shutting down service KeyDeletingService
2025-04-23 14:39:17,696 [main] INFO  utils.BackgroundService (BackgroundService.java:shutdown(161)) - Shutting down service DirectoryDeletingService
2025-04-23 14:39:17,697 [main] INFO  utils.BackgroundService (BackgroundService.java:shutdown(161)) - Shutting down service OpenKeyCleanupService
2025-04-23 14:39:17,697 [main] INFO  utils.BackgroundService (BackgroundService.java:shutdown(161)) - Shutting down service SstFilteringService
2025-04-23 14:39:17,698 [main] INFO  utils.BackgroundService (BackgroundService.java:shutdown(161)) - Shutting down service SnapshotDeletingService
2025-04-23 14:39:17,698 [main] INFO  utils.BackgroundService (BackgroundService.java:shutdown(161)) - Shutting down service MultipartUploadCleanupService
2025-04-23 14:39:17,699 [main] INFO  handler.ContextHandler (ContextHandler.java:doStop(1159)) - Stopped o.e.j.w.WebAppContext@5b59d38c{ozoneManager,/,null,STOPPED}{file:/home/runner/work/ozone/ozone/hadoop-ozone/integration-test/target/test-classes/webapps/ozoneManager}
2025-04-23 14:39:17,699 [main] INFO  server.AbstractConnector (AbstractConnector.java:doStop(383)) - Stopped ServerConnector@77639300{HTTP/1.1, (http/1.1)}{0.0.0.0:15015}
2025-04-23 14:39:17,699 [main] INFO  server.session (HouseKeeper.java:stopScavenging(149)) - node0 Stopped scavenging
2025-04-23 14:39:17,700 [main] INFO  handler.ContextHandler (ContextHandler.java:doStop(1159)) - Stopped o.e.j.s.ServletContextHandler@4e9da309{static,/static,file:///home/runner/work/ozone/ozone/hadoop-ozone/integration-test/target/test-classes/webapps/static,STOPPED}
2025-04-23 14:39:17,700 [main] INFO  handler.ContextHandler (ContextHandler.java:doStop(1159)) - Stopped o.e.j.s.ServletContextHandler@757b6bca{logs,/logs,file:///home/runner/work/ozone/ozone/hadoop-ozone/integration-test/target/log,STOPPED}
2025-04-23 14:39:17,701 [main] INFO  rocksdiff.RocksDBCheckpointDiffer (RocksDBCheckpointDiffer.java:close(304)) - Shutting down CompactionDagPruningService.
2025-04-23 14:39:17,703 [main] INFO  snapshot.SnapshotDiffManager (SnapshotDiffManager.java:closeExecutorService(1698)) - Shutting down executorService: 'SnapDiffExecutor'
2025-04-23 14:39:17,703 [main] INFO  utils.BackgroundService (BackgroundService.java:shutdown(161)) - Shutting down service SnapshotDiffCleanupService
2025-04-23 14:39:17,704 [main] INFO  ozone.MiniOzoneHAClusterImpl (MiniOzoneHAClusterImpl.java:stop(289)) - Stopping the OzoneManager omNode-1
2025-04-23 14:39:17,704 [main] INFO  om.OzoneManager (OzoneManager.java:stop(2347)) - omNode-1[localhost:15006]: Stopping Ozone Manager
2025-04-23 14:39:17,704 [main] INFO  ipc.Server (Server.java:stop(3697)) - Stopping server on 15006
2025-04-23 14:39:17,705 [IPC Server listener on 15006] INFO  ipc.Server (Server.java:run(1585)) - Stopping IPC Server listener on 15006
2025-04-23 14:39:17,706 [main] INFO  ratis.OzoneManagerRatisServer (OzoneManagerRatisServer.java:stop(634)) - Stopping org.apache.hadoop.ozone.om.ratis.OzoneManagerRatisServer@28ebddd at port 15009
2025-04-23 14:39:17,705 [IPC Server Responder] INFO  ipc.Server (Server.java:run(1718)) - Stopping IPC Server Responder
2025-04-23 14:39:17,706 [main] INFO  server.RaftServer (RaftServerProxy.java:lambda$close$9(417)) - omNode-1: close
2025-04-23 14:39:17,706 [main] INFO  server.GrpcService (GrpcService.java:closeImpl(343)) - omNode-1: shutdown server GrpcServerProtocolService now
2025-04-23 14:39:17,706 [omNode-1-impl-thread1] INFO  server.RaftServer$Division (RaftServerImpl.java:lambda$close$1(513)) - omNode-1@group-523986131536: shutdown
2025-04-23 14:39:17,706 [omNode-1-impl-thread1] INFO  util.JmxRegister (JmxRegister.java:unregister(74)) - Successfully un-registered JMX Bean with object name Ratis:service=RaftServer,group=group-523986131536,id=omNode-1
2025-04-23 14:39:17,706 [omNode-1-impl-thread1] INFO  impl.RoleInfo (RoleInfo.java:shutdownFollowerState(121)) - omNode-1: shutdown omNode-1@group-523986131536-FollowerState
2025-04-23 14:39:17,706 [omNode-1-impl-thread1] INFO  impl.StateMachineUpdater (StateMachineUpdater.java:stopAndJoin(164)) - omNode-1@group-523986131536-StateMachineUpdater: set stopIndex = 349
2025-04-23 14:39:17,706 [omNode-1@group-523986131536-FollowerState] INFO  impl.FollowerState (FollowerState.java:runImpl(170)) - omNode-1@group-523986131536-FollowerState was interrupted
2025-04-23 14:39:17,707 [main] INFO  server.GrpcService (GrpcService.java:closeImpl(352)) - omNode-1: shutdown server GrpcServerProtocolService successfully
2025-04-23 14:39:17,721 [omNode-1@group-523986131536-StateMachineUpdater] INFO  ratis.OzoneManagerStateMachine (OzoneManagerStateMachine.java:takeSnapshotImpl(510)) - omNode-1: taking snapshot. applied = (t:19, i:349), skipped = 347, notified = (t:19, i:349), current snapshot index = (t:19, i:349), took 14 ms
2025-04-23 14:39:17,721 [omNode-1@group-523986131536-StateMachineUpdater] INFO  impl.StateMachineUpdater (StateMachineUpdater.java:takeSnapshot(303)) - omNode-1@group-523986131536-StateMachineUpdater: Took a snapshot at index 349
2025-04-23 14:39:17,721 [omNode-1@group-523986131536-StateMachineUpdater] INFO  impl.StateMachineUpdater (StateMachineUpdater.java:lambda$new$0(102)) - omNode-1@group-523986131536-StateMachineUpdater: snapshotIndex: updateIncreasingly 340 -> 349
2025-04-23 14:39:17,721 [omNode-1@group-523986131536-StateMachineUpdater] INFO  impl.StateMachineUpdater (StateMachineUpdater.java:stop(141)) - omNode-1@group-523986131536-StateMachineUpdater: closing OzoneManagerStateMachine, lastApplied=(t:19, i:349)
2025-04-23 14:39:17,721 [omNode-1@group-523986131536-StateMachineUpdater] INFO  ratis.OzoneManagerStateMachine (OzoneManagerStateMachine.java:close(550)) - Stopping OzoneManagerStateMachine:omNode-1:group-523986131536.
2025-04-23 14:39:17,721 [omNode-1@group-523986131536-StateMachineUpdater] INFO  ratis.OzoneManagerDoubleBuffer (OzoneManagerDoubleBuffer.java:stopDaemon(500)) - Stopping OMDoubleBuffer flush thread
2025-04-23 14:39:17,721 [omNode-1-OMDoubleBufferFlushThread] INFO  ratis.OzoneManagerDoubleBuffer (OzoneManagerDoubleBuffer.java:canFlush(559)) - OMDoubleBuffer flush thread omNode-1-OMDoubleBufferFlushThread is interrupted and will exit.
2025-04-23 14:39:17,721 [omNode-1@group-523986131536-cacheEviction-AwaitToRun] INFO  util.AwaitToRun (AwaitToRun.java:run(49)) - omNode-1@group-523986131536-cacheEviction-AwaitToRun-AwaitForSignal is interrupted
2025-04-23 14:39:18,341 [timer5] WARN  server.GrpcLogAppender (LogUtils.java:warn(121)) - omNode-3@group-523986131536->omNode-1-AppendLogResponseHandler: Failed appendEntries (Repeated 18 times in the last 5.000s): org.apache.ratis.thirdparty.io.grpc.StatusRuntimeException: UNAVAILABLE: io exception
2025-04-23 14:39:18,341 [timer6] WARN  server.GrpcLogAppender (GrpcLogAppender.java:lambda$resetClient$1(221)) - omNode-3@group-523986131536->omNode-1-GrpcLogAppender: Follower failed (request=null, errorCount=2); keep nextIndex (341) unchanged and retry. (Repeated 2 times in the last 5.001s)
2025-04-23 14:39:18,344 [timer0] WARN  server.GrpcLogAppender (GrpcLogAppender.java:lambda$resetClient$1(221)) - omNode-3@group-523986131536->omNode-1-GrpcLogAppender: Follower failed (request=null, errorCount=4); keep nextIndex (342) unchanged and retry. (Repeated 2 times in the last 5.001s)
2025-04-23 14:39:18,359 [timer5] WARN  server.GrpcLogAppender (GrpcLogAppender.java:lambda$resetClient$1(221)) - omNode-3@group-523986131536->omNode-1-GrpcLogAppender: Follower failed (request=null, errorCount=6); keep nextIndex (343) unchanged and retry. (Repeated 2 times in the last 5.001s)
2025-04-23 14:39:18,450 [timer0] WARN  server.GrpcLogAppender (GrpcLogAppender.java:lambda$resetClient$1(221)) - omNode-3@group-523986131536->omNode-1-GrpcLogAppender: Follower failed (request=null, errorCount=8); keep nextIndex (344) unchanged and retry. (Repeated 2 times in the last 5.000s)
2025-04-23 14:39:18,452 [timer2] WARN  server.GrpcLogAppender (GrpcLogAppender.java:lambda$resetClient$1(221)) - omNode-3@group-523986131536->omNode-1-GrpcLogAppender: Follower failed (request=null, errorCount=10); keep nextIndex (345) unchanged and retry. (Repeated 2 times in the last 5.000s)
2025-04-23 14:39:18,465 [timer5] WARN  server.GrpcLogAppender (GrpcLogAppender.java:lambda$resetClient$1(221)) - omNode-3@group-523986131536->omNode-1-GrpcLogAppender: Follower failed (request=null, errorCount=12); keep nextIndex (346) unchanged and retry. (Repeated 2 times in the last 5.001s)
2025-04-23 14:39:18,467 [timer0] WARN  server.GrpcLogAppender (GrpcLogAppender.java:lambda$resetClient$1(221)) - omNode-3@group-523986131536->omNode-1-GrpcLogAppender: Follower failed (request=null, errorCount=14); keep nextIndex (347) unchanged and retry. (Repeated 2 times in the last 5.000s)
2025-04-23 14:39:18,474 [timer3] WARN  server.GrpcLogAppender (GrpcLogAppender.java:lambda$resetClient$1(221)) - omNode-3@group-523986131536->omNode-1-GrpcLogAppender: Follower failed (request=null, errorCount=16); keep nextIndex (348) unchanged and retry. (Repeated 2 times in the last 5.001s)
2025-04-23 14:39:18,475 [timer6] WARN  server.GrpcLogAppender (GrpcLogAppender.java:lambda$resetClient$1(221)) - omNode-3@group-523986131536->omNode-1-GrpcLogAppender: Follower failed (request=null, errorCount=18); keep nextIndex (349) unchanged and retry. (Repeated 2 times in the last 5.000s)
2025-04-23 14:39:18,710 [omNode-1-impl-thread1] INFO  segmented.SegmentedRaftLogWorker (SegmentedRaftLogWorker.java:close(252)) - omNode-1@group-523986131536-SegmentedRaftLogWorker close()
2025-04-23 14:39:18,710 [JvmPauseMonitor39] INFO  util.JvmPauseMonitor (JvmPauseMonitor.java:run(152)) - JvmPauseMonitor-omNode-1: Stopped
2025-04-23 14:39:18,710 [main] INFO  utils.BackgroundService (BackgroundService.java:shutdown(161)) - Shutting down service KeyDeletingService
2025-04-23 14:39:18,711 [main] INFO  utils.BackgroundService (BackgroundService.java:shutdown(161)) - Shutting down service DirectoryDeletingService
2025-04-23 14:39:18,712 [main] INFO  utils.BackgroundService (BackgroundService.java:shutdown(161)) - Shutting down service OpenKeyCleanupService
2025-04-23 14:39:18,712 [main] INFO  utils.BackgroundService (BackgroundService.java:shutdown(161)) - Shutting down service SstFilteringService
2025-04-23 14:39:18,713 [main] INFO  utils.BackgroundService (BackgroundService.java:shutdown(161)) - Shutting down service SnapshotDeletingService
2025-04-23 14:39:18,713 [main] INFO  utils.BackgroundService (BackgroundService.java:shutdown(161)) - Shutting down service MultipartUploadCleanupService
2025-04-23 14:39:18,714 [main] INFO  handler.ContextHandler (ContextHandler.java:doStop(1159)) - Stopped o.e.j.w.WebAppContext@40adc255{ozoneManager,/,null,STOPPED}{file:/home/runner/work/ozone/ozone/hadoop-ozone/integration-test/target/test-classes/webapps/ozoneManager}
2025-04-23 14:39:18,714 [main] INFO  server.AbstractConnector (AbstractConnector.java:doStop(383)) - Stopped ServerConnector@a153a1{HTTP/1.1, (http/1.1)}{0.0.0.0:15007}
2025-04-23 14:39:18,714 [main] INFO  server.session (HouseKeeper.java:stopScavenging(149)) - node0 Stopped scavenging
2025-04-23 14:39:18,714 [main] INFO  handler.ContextHandler (ContextHandler.java:doStop(1159)) - Stopped o.e.j.s.ServletContextHandler@4ce5b44b{static,/static,file:///home/runner/work/ozone/ozone/hadoop-ozone/integration-test/target/test-classes/webapps/static,STOPPED}
2025-04-23 14:39:18,715 [main] INFO  handler.ContextHandler (ContextHandler.java:doStop(1159)) - Stopped o.e.j.s.ServletContextHandler@4ac99d03{logs,/logs,file:///home/runner/work/ozone/ozone/hadoop-ozone/integration-test/target/log,STOPPED}
2025-04-23 14:39:18,715 [main] INFO  rocksdiff.RocksDBCheckpointDiffer (RocksDBCheckpointDiffer.java:close(304)) - Shutting down CompactionDagPruningService.
2025-04-23 14:39:18,717 [main] INFO  snapshot.SnapshotDiffManager (SnapshotDiffManager.java:closeExecutorService(1698)) - Shutting down executorService: 'SnapDiffExecutor'
2025-04-23 14:39:18,717 [main] INFO  utils.BackgroundService (BackgroundService.java:shutdown(161)) - Shutting down service SnapshotDiffCleanupService
2025-04-23 14:39:18,718 [main] INFO  ozone.MiniOzoneHAClusterImpl (MiniOzoneHAClusterImpl.java:stop(289)) - Stopping the OzoneManager omNode-2
2025-04-23 14:39:18,718 [main] INFO  om.OzoneManager (OzoneManager.java:stop(2347)) - omNode-2[localhost:15010]: Stopping Ozone Manager
2025-04-23 14:39:18,718 [main] INFO  ipc.Server (Server.java:stop(3697)) - Stopping server on 15010
2025-04-23 14:39:18,720 [IPC Server listener on 15010] INFO  ipc.Server (Server.java:run(1585)) - Stopping IPC Server listener on 15010
2025-04-23 14:39:18,720 [IPC Server Responder] INFO  ipc.Server (Server.java:run(1718)) - Stopping IPC Server Responder
2025-04-23 14:39:18,720 [main] INFO  ratis.OzoneManagerRatisServer (OzoneManagerRatisServer.java:stop(634)) - Stopping org.apache.hadoop.ozone.om.ratis.OzoneManagerRatisServer@31557c8 at port 15013
2025-04-23 14:39:18,720 [main] INFO  server.RaftServer (RaftServerProxy.java:lambda$close$9(417)) - omNode-2: close
2025-04-23 14:39:18,720 [main] INFO  server.GrpcService (GrpcService.java:closeImpl(343)) - omNode-2: shutdown server GrpcServerProtocolService now
2025-04-23 14:39:18,720 [omNode-2-impl-thread1] INFO  server.RaftServer$Division (RaftServerImpl.java:lambda$close$1(513)) - omNode-2@group-523986131536: shutdown
2025-04-23 14:39:18,720 [omNode-2-impl-thread1] INFO  util.JmxRegister (JmxRegister.java:unregister(74)) - Successfully un-registered JMX Bean with object name Ratis:service=RaftServer,group=group-523986131536,id=omNode-2
2025-04-23 14:39:18,720 [omNode-2-impl-thread1] INFO  impl.RoleInfo (RoleInfo.java:shutdownFollowerState(121)) - omNode-2: shutdown omNode-2@group-523986131536-FollowerState
2025-04-23 14:39:18,720 [omNode-2-impl-thread1] INFO  impl.StateMachineUpdater (StateMachineUpdater.java:stopAndJoin(164)) - omNode-2@group-523986131536-StateMachineUpdater: set stopIndex = 349
2025-04-23 14:39:18,721 [omNode-2@group-523986131536-FollowerState] INFO  impl.FollowerState (FollowerState.java:runImpl(170)) - omNode-2@group-523986131536-FollowerState was interrupted
2025-04-23 14:39:18,721 [main] INFO  server.GrpcService (GrpcService.java:closeImpl(352)) - omNode-2: shutdown server GrpcServerProtocolService successfully
2025-04-23 14:39:18,726 [omNode-2@group-523986131536-StateMachineUpdater] INFO  ratis.OzoneManagerStateMachine (OzoneManagerStateMachine.java:takeSnapshotImpl(510)) - omNode-2: taking snapshot. applied = (t:19, i:349), skipped = 347, notified = (t:19, i:349), current snapshot index = (t:19, i:349), took 5 ms
2025-04-23 14:39:18,726 [omNode-2@group-523986131536-StateMachineUpdater] INFO  impl.StateMachineUpdater (StateMachineUpdater.java:takeSnapshot(303)) - omNode-2@group-523986131536-StateMachineUpdater: Took a snapshot at index 349
2025-04-23 14:39:18,726 [omNode-2@group-523986131536-StateMachineUpdater] INFO  impl.StateMachineUpdater (StateMachineUpdater.java:lambda$new$0(102)) - omNode-2@group-523986131536-StateMachineUpdater: snapshotIndex: updateIncreasingly 347 -> 349
2025-04-23 14:39:18,726 [omNode-2@group-523986131536-StateMachineUpdater] INFO  impl.StateMachineUpdater (StateMachineUpdater.java:stop(141)) - omNode-2@group-523986131536-StateMachineUpdater: closing OzoneManagerStateMachine, lastApplied=(t:19, i:349)
2025-04-23 14:39:18,726 [omNode-2@group-523986131536-StateMachineUpdater] INFO  ratis.OzoneManagerStateMachine (OzoneManagerStateMachine.java:close(550)) - Stopping OzoneManagerStateMachine:omNode-2:group-523986131536.
2025-04-23 14:39:18,726 [omNode-2@group-523986131536-StateMachineUpdater] INFO  ratis.OzoneManagerDoubleBuffer (OzoneManagerDoubleBuffer.java:stopDaemon(500)) - Stopping OMDoubleBuffer flush thread
2025-04-23 14:39:18,726 [omNode-2-OMDoubleBufferFlushThread] INFO  ratis.OzoneManagerDoubleBuffer (OzoneManagerDoubleBuffer.java:canFlush(559)) - OMDoubleBuffer flush thread omNode-2-OMDoubleBufferFlushThread is interrupted and will exit.
2025-04-23 14:39:18,727 [omNode-2@group-523986131536-cacheEviction-AwaitToRun] INFO  util.AwaitToRun (AwaitToRun.java:run(49)) - omNode-2@group-523986131536-cacheEviction-AwaitToRun-AwaitForSignal is interrupted
2025-04-23 14:39:19,698 [omNode-2-impl-thread1] INFO  segmented.SegmentedRaftLogWorker (SegmentedRaftLogWorker.java:close(252)) - omNode-2@group-523986131536-SegmentedRaftLogWorker close()
2025-04-23 14:39:19,698 [JvmPauseMonitor40] INFO  util.JvmPauseMonitor (JvmPauseMonitor.java:run(152)) - JvmPauseMonitor-omNode-2: Stopped
2025-04-23 14:39:19,698 [main] INFO  utils.BackgroundService (BackgroundService.java:shutdown(161)) - Shutting down service KeyDeletingService
2025-04-23 14:39:19,699 [main] INFO  utils.BackgroundService (BackgroundService.java:shutdown(161)) - Shutting down service DirectoryDeletingService
2025-04-23 14:39:19,699 [main] INFO  utils.BackgroundService (BackgroundService.java:shutdown(161)) - Shutting down service OpenKeyCleanupService
2025-04-23 14:39:19,700 [main] INFO  utils.BackgroundService (BackgroundService.java:shutdown(161)) - Shutting down service SstFilteringService
2025-04-23 14:39:19,700 [main] INFO  utils.BackgroundService (BackgroundService.java:shutdown(161)) - Shutting down service SnapshotDeletingService
2025-04-23 14:39:19,700 [main] INFO  utils.BackgroundService (BackgroundService.java:shutdown(161)) - Shutting down service MultipartUploadCleanupService
2025-04-23 14:39:19,701 [main] INFO  handler.ContextHandler (ContextHandler.java:doStop(1159)) - Stopped o.e.j.w.WebAppContext@51f18eac{ozoneManager,/,null,STOPPED}{file:/home/runner/work/ozone/ozone/hadoop-ozone/integration-test/target/test-classes/webapps/ozoneManager}
2025-04-23 14:39:19,701 [main] INFO  server.AbstractConnector (AbstractConnector.java:doStop(383)) - Stopped ServerConnector@5d96eabe{HTTP/1.1, (http/1.1)}{0.0.0.0:15011}
2025-04-23 14:39:19,701 [main] INFO  server.session (HouseKeeper.java:stopScavenging(149)) - node0 Stopped scavenging
2025-04-23 14:39:19,702 [main] INFO  handler.ContextHandler (ContextHandler.java:doStop(1159)) - Stopped o.e.j.s.ServletContextHandler@6e25df29{static,/static,file:///home/runner/work/ozone/ozone/hadoop-ozone/integration-test/target/test-classes/webapps/static,STOPPED}
2025-04-23 14:39:19,702 [main] INFO  handler.ContextHandler (ContextHandler.java:doStop(1159)) - Stopped o.e.j.s.ServletContextHandler@5cd0e6dd{logs,/logs,file:///home/runner/work/ozone/ozone/hadoop-ozone/integration-test/target/log,STOPPED}
2025-04-23 14:39:19,702 [main] INFO  rocksdiff.RocksDBCheckpointDiffer (RocksDBCheckpointDiffer.java:close(304)) - Shutting down CompactionDagPruningService.
2025-04-23 14:39:19,704 [main] INFO  snapshot.SnapshotDiffManager (SnapshotDiffManager.java:closeExecutorService(1698)) - Shutting down executorService: 'SnapDiffExecutor'
2025-04-23 14:39:19,704 [main] INFO  utils.BackgroundService (BackgroundService.java:shutdown(161)) - Shutting down service SnapshotDiffCleanupService
2025-04-23 14:39:19,705 [main] INFO  ozone.MiniOzoneHAClusterImpl (MiniOzoneHAClusterImpl.java:stop(296)) - Stopping the StorageContainerManager e5540f2e-ddef-4dd5-b4fb-d1f335f047d8
2025-04-23 14:39:19,705 [main] INFO  server.StorageContainerManager (StorageContainerManager.java:stop(1608)) - Container Balancer is not running.
2025-04-23 14:39:19,705 [main] INFO  server.StorageContainerManager (StorageContainerManager.java:stopReplicationManager(1742)) - Stopping Replication Manager Service.
2025-04-23 14:39:19,705 [main] INFO  replication.ReplicationManager (ReplicationManager.java:stop(318)) - Stopping Replication Monitor Thread.
2025-04-23 14:39:19,705 [main] INFO  server.StorageContainerManager (StorageContainerManager.java:stop(1617)) - Stopping the Datanode Admin Monitor.
2025-04-23 14:39:19,705 [ReplicationMonitor] INFO  replication.ReplicationManager (ReplicationManager.java:run(937)) - Replication Monitor Thread is stopped
2025-04-23 14:39:19,705 [OverReplicatedProcessor] WARN  replication.UnhealthyReplicationProcessor (UnhealthyReplicationProcessor.java:run(178)) - OverReplicatedProcessor interrupted. Exiting...
2025-04-23 14:39:19,705 [UnderReplicatedProcessor] WARN  replication.UnhealthyReplicationProcessor (UnhealthyReplicationProcessor.java:run(178)) - UnderReplicatedProcessor interrupted. Exiting...
2025-04-23 14:39:19,705 [main] INFO  server.StorageContainerManager (StorageContainerManager.java:stop(1624)) - Stopping datanode service RPC server
2025-04-23 14:39:19,706 [main] INFO  server.SCMDatanodeProtocolServer (SCMDatanodeProtocolServer.java:stop(448)) - Stopping the RPC server for DataNodes
2025-04-23 14:39:19,706 [main] INFO  ipc.Server (Server.java:stop(3697)) - Stopping server on 15002
2025-04-23 14:39:19,709 [IPC Server listener on 15002] INFO  ipc.Server (Server.java:run(1585)) - Stopping IPC Server listener on 15002
2025-04-23 14:39:19,709 [IPC Server Responder] INFO  ipc.Server (Server.java:run(1718)) - Stopping IPC Server Responder
2025-04-23 14:39:19,750 [SCMHeartbeatProcessor-0] WARN  node.NodeStateManager (NodeStateManager.java:scheduleNextHealthCheck(918)) - Current Thread is interrupted, shutting down HB processing thread for Node Manager.
2025-04-23 14:39:19,750 [main] INFO  server.StorageContainerManager (StorageContainerManager.java:stop(1632)) - Stopping block service RPC server
2025-04-23 14:39:19,750 [main] INFO  server.SCMBlockProtocolServer (SCMBlockProtocolServer.java:stop(175)) - Stopping the RPC server for Block Protocol
2025-04-23 14:39:19,750 [main] INFO  ipc.Server (Server.java:stop(3697)) - Stopping server on 15001
2025-04-23 14:39:19,753 [IPC Server listener on 15001] INFO  ipc.Server (Server.java:run(1585)) - Stopping IPC Server listener on 15001
2025-04-23 14:39:19,753 [IPC Server Responder] INFO  ipc.Server (Server.java:run(1718)) - Stopping IPC Server Responder
2025-04-23 14:39:19,753 [main] INFO  server.StorageContainerManager (StorageContainerManager.java:stop(1639)) - Stopping the StorageContainerLocationProtocol RPC server
2025-04-23 14:39:19,753 [main] INFO  server.SCMClientProtocolServer (SCMClientProtocolServer.java:stop(216)) - Stopping the RPC server for Client Protocol
2025-04-23 14:39:19,754 [main] INFO  ipc.Server (Server.java:stop(3697)) - Stopping server on 15000
2025-04-23 14:39:19,757 [IPC Server listener on 15000] INFO  ipc.Server (Server.java:run(1585)) - Stopping IPC Server listener on 15000
2025-04-23 14:39:19,757 [main] INFO  server.StorageContainerManager (StorageContainerManager.java:stop(1646)) - Stopping Storage Container Manager HTTP server.
2025-04-23 14:39:19,757 [IPC Server Responder] INFO  ipc.Server (Server.java:run(1718)) - Stopping IPC Server Responder
2025-04-23 14:39:19,758 [main] INFO  handler.ContextHandler (ContextHandler.java:doStop(1159)) - Stopped o.e.j.w.WebAppContext@5e3a5f0c{scm,/,null,STOPPED}{file:/home/runner/work/ozone/ozone/hadoop-ozone/integration-test/target/test-classes/webapps/scm}
2025-04-23 14:39:19,759 [main] INFO  server.AbstractConnector (AbstractConnector.java:doStop(383)) - Stopped ServerConnector@19a4cdea{HTTP/1.1, (http/1.1)}{0.0.0.0:15003}
2025-04-23 14:39:19,759 [main] INFO  server.session (HouseKeeper.java:stopScavenging(149)) - node0 Stopped scavenging
2025-04-23 14:39:19,759 [main] INFO  handler.ContextHandler (ContextHandler.java:doStop(1159)) - Stopped o.e.j.s.ServletContextHandler@1df8e685{static,/static,file:///home/runner/work/ozone/ozone/hadoop-ozone/integration-test/target/test-classes/webapps/static,STOPPED}
2025-04-23 14:39:19,760 [main] INFO  handler.ContextHandler (ContextHandler.java:doStop(1159)) - Stopped o.e.j.s.ServletContextHandler@738153d8{logs,/logs,file:///home/runner/work/ozone/ozone/hadoop-ozone/integration-test/target/log,STOPPED}
2025-04-23 14:39:19,760 [main] INFO  server.StorageContainerManager (StorageContainerManager.java:stop(1654)) - Stopping SCM LayoutVersionManager Service.
2025-04-23 14:39:19,760 [main] INFO  server.StorageContainerManager (StorageContainerManager.java:stop(1666)) - Stopping Block Manager Service.
2025-04-23 14:39:19,761 [main] INFO  utils.BackgroundService (BackgroundService.java:shutdown(161)) - Shutting down service SCMBlockDeletingService
2025-04-23 14:39:19,761 [main] INFO  utils.BackgroundService (BackgroundService.java:shutdown(161)) - Shutting down service SCMBlockDeletingService
2025-04-23 14:39:19,762 [main] INFO  server.StorageContainerManager (StorageContainerManager.java:stop(1691)) - Stopping SCM Event Queue.
2025-04-23 14:39:19,763 [main] INFO  server.StorageContainerManager (StorageContainerManager.java:stop(1698)) - Stopping SCM HA services.
2025-04-23 14:39:19,764 [main] INFO  ha.SCMRatisServerImpl (SCMRatisServerImpl.java:stop(266)) - stopping ratis server 0.0.0.0:15004
2025-04-23 14:39:19,764 [main] INFO  server.RaftServer (RaftServerProxy.java:lambda$close$9(417)) - e5540f2e-ddef-4dd5-b4fb-d1f335f047d8: close
2025-04-23 14:39:19,766 [main] INFO  server.GrpcService (GrpcService.java:closeImpl(343)) - e5540f2e-ddef-4dd5-b4fb-d1f335f047d8: shutdown server GrpcServerProtocolService now
2025-04-23 14:39:19,767 [e5540f2e-ddef-4dd5-b4fb-d1f335f047d8-impl-thread2] INFO  server.RaftServer$Division (RaftServerImpl.java:lambda$close$1(513)) - e5540f2e-ddef-4dd5-b4fb-d1f335f047d8@group-E3A852294E6A: shutdown
2025-04-23 14:39:19,767 [e5540f2e-ddef-4dd5-b4fb-d1f335f047d8-impl-thread2] INFO  util.JmxRegister (JmxRegister.java:unregister(74)) - Successfully un-registered JMX Bean with object name Ratis:service=RaftServer,group=group-E3A852294E6A,id=e5540f2e-ddef-4dd5-b4fb-d1f335f047d8
2025-04-23 14:39:19,767 [e5540f2e-ddef-4dd5-b4fb-d1f335f047d8-impl-thread2] INFO  impl.RoleInfo (RoleInfo.java:shutdownLeaderState(103)) - e5540f2e-ddef-4dd5-b4fb-d1f335f047d8: shutdown e5540f2e-ddef-4dd5-b4fb-d1f335f047d8@group-E3A852294E6A-LeaderStateImpl
2025-04-23 14:39:19,767 [e5540f2e-ddef-4dd5-b4fb-d1f335f047d8-impl-thread2] INFO  impl.PendingRequests (PendingRequests.java:sendNotLeaderResponses(287)) - e5540f2e-ddef-4dd5-b4fb-d1f335f047d8@group-E3A852294E6A-PendingRequests: sendNotLeaderResponses
2025-04-23 14:39:19,767 [e5540f2e-ddef-4dd5-b4fb-d1f335f047d8-impl-thread2] INFO  ha.SCMStateMachine (SCMStateMachine.java:notifyNotLeader(211)) - current leader SCM steps down.
2025-04-23 14:39:19,767 [e5540f2e-ddef-4dd5-b4fb-d1f335f047d8-impl-thread2] INFO  ha.SCMContext (SCMContext.java:updateLeaderAndTerm(95)) - update <isLeader,term> from <true,2> to <false,0>
2025-04-23 14:39:19,767 [e5540f2e-ddef-4dd5-b4fb-d1f335f047d8-impl-thread2] INFO  ha.SCMContext (SCMContext.java:updateLeaderAndTerm(101)) - update <isLeaderReady> from <true> to <false>
2025-04-23 14:39:19,767 [e5540f2e-ddef-4dd5-b4fb-d1f335f047d8-impl-thread2] INFO  BackgroundPipelineScrubber (BackgroundSCMService.java:notifyStatusChanged(84)) - Service BackgroundPipelineScrubber transitions to PAUSING.
2025-04-23 14:39:19,767 [e5540f2e-ddef-4dd5-b4fb-d1f335f047d8-impl-thread2] INFO  ExpiredContainerReplicaOpScrubber (BackgroundSCMService.java:notifyStatusChanged(84)) - Service ExpiredContainerReplicaOpScrubber transitions to PAUSING.
2025-04-23 14:39:19,767 [main] INFO  server.GrpcService (GrpcService.java:closeImpl(352)) - e5540f2e-ddef-4dd5-b4fb-d1f335f047d8: shutdown server GrpcServerProtocolService successfully
2025-04-23 14:39:19,767 [e5540f2e-ddef-4dd5-b4fb-d1f335f047d8-impl-thread2] INFO  SCMHATransactionMonitor (BackgroundSCMService.java:notifyStatusChanged(84)) - Service SCMHATransactionMonitor transitions to PAUSING.
2025-04-23 14:39:19,768 [e5540f2e-ddef-4dd5-b4fb-d1f335f047d8-impl-thread2] INFO  impl.StateMachineUpdater (StateMachineUpdater.java:stopAndJoin(164)) - e5540f2e-ddef-4dd5-b4fb-d1f335f047d8@group-E3A852294E6A-StateMachineUpdater: set stopIndex = 46
2025-04-23 14:39:19,769 [e5540f2e-ddef-4dd5-b4fb-d1f335f047d8@group-E3A852294E6A-StateMachineUpdater] INFO  ha.SCMStateMachine (SCMStateMachine.java:takeSnapshot(330)) - Current Snapshot Index 46, takeSnapshot took 1 ms
2025-04-23 14:39:19,770 [e5540f2e-ddef-4dd5-b4fb-d1f335f047d8@group-E3A852294E6A-StateMachineUpdater] INFO  impl.StateMachineUpdater (StateMachineUpdater.java:takeSnapshot(303)) - e5540f2e-ddef-4dd5-b4fb-d1f335f047d8@group-E3A852294E6A-StateMachineUpdater: Took a snapshot at index 46
2025-04-23 14:39:19,770 [e5540f2e-ddef-4dd5-b4fb-d1f335f047d8@group-E3A852294E6A-StateMachineUpdater] INFO  impl.StateMachineUpdater (StateMachineUpdater.java:lambda$new$0(102)) - e5540f2e-ddef-4dd5-b4fb-d1f335f047d8@group-E3A852294E6A-StateMachineUpdater: snapshotIndex: updateIncreasingly -1 -> 46
2025-04-23 14:39:19,770 [e5540f2e-ddef-4dd5-b4fb-d1f335f047d8@group-E3A852294E6A-StateMachineUpdater] INFO  impl.StateMachineUpdater (StateMachineUpdater.java:stop(141)) - e5540f2e-ddef-4dd5-b4fb-d1f335f047d8@group-E3A852294E6A-StateMachineUpdater: closing SCMStateMachine, lastApplied=(t:2, i:46)
2025-04-23 14:39:19,770 [90a71c42-cf1a-4ac2-af8f-9011ebfd0240-EndpointStateMachineTaskThread-/0.0.0.0:15002-0 ] WARN  statemachine.EndpointStateMachine (EndpointStateMachine.java:logIfNeeded(239)) - Unable to communicate to SCM server at 0.0.0.0/0.0.0.0:15002 for past 0 seconds.
java.io.EOFException: End of File Exception between local host is: "fv-az1120-822/10.1.0.114"; destination host is: "0.0.0.0":15002; : java.io.EOFException; For more details see:  http://wiki.apache.org/hadoop/EOFException
	at java.base/jdk.internal.reflect.DirectConstructorHandleAccessor.newInstance(DirectConstructorHandleAccessor.java:62)
	at java.base/java.lang.reflect.Constructor.newInstanceWithCaller(Constructor.java:502)
	at java.base/java.lang.reflect.Constructor.newInstance(Constructor.java:486)
	at org.apache.hadoop.net.NetUtils.wrapWithMessage(NetUtils.java:961)
	at org.apache.hadoop.net.NetUtils.wrapException(NetUtils.java:910)
	at org.apache.hadoop.ipc.Client.getRpcResponse(Client.java:1588)
	at org.apache.hadoop.ipc.Client.call(Client.java:1529)
	at org.apache.hadoop.ipc.Client.call(Client.java:1426)
	at org.apache.hadoop.ipc.ProtobufRpcEngine$Invoker.invoke(ProtobufRpcEngine.java:250)
	at org.apache.hadoop.ipc.ProtobufRpcEngine$Invoker.invoke(ProtobufRpcEngine.java:132)
	at jdk.proxy2/jdk.proxy2.$Proxy65.submitRequest(Unknown Source)
	at org.apache.hadoop.ozone.protocolPB.StorageContainerDatanodeProtocolClientSideTranslatorPB.submitRequest(StorageContainerDatanodeProtocolClientSideTranslatorPB.java:105)
	at org.apache.hadoop.ozone.protocolPB.StorageContainerDatanodeProtocolClientSideTranslatorPB.sendHeartbeat(StorageContainerDatanodeProtocolClientSideTranslatorPB.java:136)
	at org.apache.hadoop.ozone.container.common.states.endpoint.HeartbeatEndpointTask.call(HeartbeatEndpointTask.java:149)
	at org.apache.hadoop.ozone.container.common.states.endpoint.HeartbeatEndpointTask.call(HeartbeatEndpointTask.java:69)
	at java.base/java.util.concurrent.FutureTask.run(FutureTask.java:317)
	at java.base/java.util.concurrent.ThreadPoolExecutor.runWorker(ThreadPoolExecutor.java:1144)
	at java.base/java.util.concurrent.ThreadPoolExecutor$Worker.run(ThreadPoolExecutor.java:642)
	at java.base/java.lang.Thread.run(Thread.java:1583)
Caused by: java.io.EOFException
	at java.base/java.io.DataInputStream.readFully(DataInputStream.java:210)
	at java.base/java.io.DataInputStream.readInt(DataInputStream.java:385)
	at org.apache.hadoop.ipc.Client$IpcStreams.readResponse(Client.java:1923)
	at org.apache.hadoop.ipc.Client$Connection.receiveRpcResponse(Client.java:1203)
	at org.apache.hadoop.ipc.Client$Connection.run(Client.java:1094)
2025-04-23 14:39:19,770 [e5540f2e-ddef-4dd5-b4fb-d1f335f047d8@group-E3A852294E6A-cacheEviction-AwaitToRun] INFO  util.AwaitToRun (AwaitToRun.java:run(49)) - e5540f2e-ddef-4dd5-b4fb-d1f335f047d8@group-E3A852294E6A-cacheEviction-AwaitToRun-AwaitForSignal is interrupted
2025-04-23 14:39:20,372 [e5540f2e-ddef-4dd5-b4fb-d1f335f047d8-impl-thread2] INFO  segmented.SegmentedRaftLogWorker (SegmentedRaftLogWorker.java:close(252)) - e5540f2e-ddef-4dd5-b4fb-d1f335f047d8@group-E3A852294E6A-SegmentedRaftLogWorker close()
2025-04-23 14:39:20,373 [JvmPauseMonitor1] INFO  util.JvmPauseMonitor (JvmPauseMonitor.java:run(152)) - JvmPauseMonitor-e5540f2e-ddef-4dd5-b4fb-d1f335f047d8: Stopped
2025-04-23 14:39:20,373 [main] INFO  SCMHATransactionMonitor (BackgroundSCMService.java:stop(127)) - Stopping SCMHATransactionMonitor Service.
2025-04-23 14:39:20,373 [SCMHATransactionMonitor] WARN  SCMHATransactionMonitor (BackgroundSCMService.java:run(111)) - SCMHATransactionMonitor is interrupted, exit
2025-04-23 14:39:20,373 [main] INFO  pipeline.BackgroundPipelineCreator (BackgroundPipelineCreator.java:stop(155)) - Stopping RatisPipelineUtilsThread.
2025-04-23 14:39:20,374 [RatisPipelineUtilsThread-0] WARN  pipeline.BackgroundPipelineCreator (BackgroundPipelineCreator.java:run(186)) - RatisPipelineUtilsThread is interrupted.
2025-04-23 14:39:20,374 [BackgroundPipelineScrubber] WARN  BackgroundPipelineScrubber (BackgroundSCMService.java:run(111)) - BackgroundPipelineScrubber is interrupted, exit
2025-04-23 14:39:20,374 [main] INFO  BackgroundPipelineScrubber (BackgroundSCMService.java:stop(127)) - Stopping BackgroundPipelineScrubber Service.
2025-04-23 14:39:20,376 [main] INFO  impl.MetricsSystemImpl (MetricsSystemImpl.java:stop(210)) - Stopping OzoneManager metrics system...
2025-04-23 14:39:20,379 [prometheus] INFO  impl.MetricsSinkAdapter (MetricsSinkAdapter.java:publishMetricsFromQueue(141)) - prometheus thread interrupted.
2025-04-23 14:39:20,379 [main] INFO  impl.MetricsSystemImpl (MetricsSystemImpl.java:stop(216)) - OzoneManager metrics system stopped.
2025-04-23 14:39:20,380 [main] WARN  pipeline.BackgroundPipelineCreator (BackgroundPipelineCreator.java:stop(151)) - RatisPipelineUtilsThread is not running, just ignore.
2025-04-23 14:39:20,380 [main] INFO  BackgroundPipelineScrubber (BackgroundSCMService.java:stop(122)) - BackgroundPipelineScrubber Service is not running, skip stop.
2025-04-23 14:39:20,380 [ExpiredContainerReplicaOpScrubber] WARN  ExpiredContainerReplicaOpScrubber (BackgroundSCMService.java:run(111)) - ExpiredContainerReplicaOpScrubber is interrupted, exit
2025-04-23 14:39:20,381 [main] INFO  ExpiredContainerReplicaOpScrubber (BackgroundSCMService.java:stop(127)) - Stopping ExpiredContainerReplicaOpScrubber Service.
2025-04-23 14:39:20,381 [main] INFO  utils.BackgroundService (BackgroundService.java:shutdown(161)) - Shutting down service SCMBlockDeletingService
2025-04-23 14:39:20,381 [main] INFO  replication.ReplicationManager (ReplicationManager.java:stop(325)) - Replication Monitor Thread is not running.
2025-04-23 14:39:20,381 [main] WARN  balancer.ContainerBalancer (ContainerBalancer.java:stop(349)) - Cannot stop Container Balancer because it's not running or stopping
2025-04-23 14:39:20,381 [main] INFO  SCMHATransactionMonitor (BackgroundSCMService.java:stop(122)) - SCMHATransactionMonitor Service is not running, skip stop.
2025-04-23 14:39:20,381 [LeaseManager#LeaseMonitor] WARN  lease.LeaseManager (LeaseManager.java:run(285)) - Lease manager is interrupted. Shutting down...
java.lang.InterruptedException
	at java.base/java.util.concurrent.locks.AbstractQueuedSynchronizer.tryAcquireSharedNanos(AbstractQueuedSynchronizer.java:1133)
	at java.base/java.util.concurrent.Semaphore.tryAcquire(Semaphore.java:415)
	at org.apache.hadoop.ozone.lease.LeaseManager$LeaseMonitor.run(LeaseManager.java:283)
	at java.base/java.lang.Thread.run(Thread.java:1583)
2025-04-23 14:39:20,381 [main] INFO  server.StorageContainerManager (StorageContainerManager.java:stop(1733)) - Stopping SCM MetadataStore.
2025-04-23 14:39:20,383 [main] INFO  ozone.MiniOzoneClusterImpl (MiniOzoneClusterImpl.java:stop(409)) - Stopping the Mini Ozone Cluster
2025-04-23 14:39:20,383 [main] INFO  ozone.MiniOzoneClusterImpl (MiniOzoneClusterImpl.java:stopDatanodes(475)) - Stopping the HddsDatanodes
2025-04-23 14:39:20,385 [ForkJoinPool.commonPool-worker-3] INFO  ozoneimpl.OzoneContainer (OzoneContainer.java:stop(536)) - Attempting to stop container services.
2025-04-23 14:39:20,385 [main] INFO  ozoneimpl.OzoneContainer (OzoneContainer.java:stop(536)) - Attempting to stop container services.
2025-04-23 14:39:20,386 [ContainerMetadataScanner] WARN  ozoneimpl.AbstractBackgroundContainerScanner (AbstractBackgroundContainerScanner.java:handleRemainingSleep(136)) - Background container scan was interrupted.
2025-04-23 14:39:20,386 [ContainerMetadataScanner] WARN  ozoneimpl.AbstractBackgroundContainerScanner (AbstractBackgroundContainerScanner.java:handleRemainingSleep(136)) - Background container scan was interrupted.
2025-04-23 14:39:20,386 [ContainerMetadataScanner] INFO  ozoneimpl.AbstractBackgroundContainerScanner (AbstractBackgroundContainerScanner.java:run(63)) - org.apache.hadoop.ozone.container.ozoneimpl.BackgroundContainerMetadataScanner@295c55e2 exiting.
2025-04-23 14:39:20,386 [ContainerMetadataScanner] INFO  ozoneimpl.AbstractBackgroundContainerScanner (AbstractBackgroundContainerScanner.java:run(63)) - org.apache.hadoop.ozone.container.ozoneimpl.BackgroundContainerMetadataScanner@39420a23 exiting.
2025-04-23 14:39:20,386 [main] INFO  ozoneimpl.BackgroundContainerDataScanner (BackgroundContainerDataScanner.java:shutdown(141)) - ContainerDataScanner(/home/runner/work/ozone/ozone/hadoop-ozone/integration-test/target/test-dir/MiniOzoneClusterImpl-68853c07-42d2-4ef8-9e75-e3a852294e6a/ozone-meta/datanode-2/data-0/hdds) is shutting down. 
2025-04-23 14:39:20,386 [ForkJoinPool.commonPool-worker-3] INFO  ozoneimpl.BackgroundContainerDataScanner (BackgroundContainerDataScanner.java:shutdown(141)) - ContainerDataScanner(/home/runner/work/ozone/ozone/hadoop-ozone/integration-test/target/test-dir/MiniOzoneClusterImpl-68853c07-42d2-4ef8-9e75-e3a852294e6a/ozone-meta/datanode-3/data-0/hdds) is shutting down. 
2025-04-23 14:39:20,386 [ContainerDataScanner(/home/runner/work/ozone/ozone/hadoop-ozone/integration-test/target/test-dir/MiniOzoneClusterImpl-68853c07-42d2-4ef8-9e75-e3a852294e6a/ozone-meta/datanode-2/data-0/hdds)] WARN  ozoneimpl.AbstractBackgroundContainerScanner (AbstractBackgroundContainerScanner.java:handleRemainingSleep(136)) - Background container scan was interrupted.
2025-04-23 14:39:20,386 [ContainerDataScanner(/home/runner/work/ozone/ozone/hadoop-ozone/integration-test/target/test-dir/MiniOzoneClusterImpl-68853c07-42d2-4ef8-9e75-e3a852294e6a/ozone-meta/datanode-2/data-0/hdds)] INFO  ozoneimpl.AbstractBackgroundContainerScanner (AbstractBackgroundContainerScanner.java:run(63)) - ContainerDataScanner(/home/runner/work/ozone/ozone/hadoop-ozone/integration-test/target/test-dir/MiniOzoneClusterImpl-68853c07-42d2-4ef8-9e75-e3a852294e6a/ozone-meta/datanode-2/data-0/hdds, DS-b3961290-bda6-4e86-abd7-b4325de5c93b) exiting.
2025-04-23 14:39:20,386 [ContainerDataScanner(/home/runner/work/ozone/ozone/hadoop-ozone/integration-test/target/test-dir/MiniOzoneClusterImpl-68853c07-42d2-4ef8-9e75-e3a852294e6a/ozone-meta/datanode-3/data-0/hdds)] WARN  ozoneimpl.AbstractBackgroundContainerScanner (AbstractBackgroundContainerScanner.java:handleRemainingSleep(136)) - Background container scan was interrupted.
2025-04-23 14:39:20,387 [main] INFO  ozoneimpl.OnDemandContainerDataScanner (OnDemandContainerDataScanner.java:shutdownScanner(208)) - On-demand container scanner is shutting down.
2025-04-23 14:39:20,387 [main] INFO  ratis.XceiverServerRatis (XceiverServerRatis.java:stop(594)) - Closing XceiverServerRatis(90a71c42-cf1a-4ac2-af8f-9011ebfd0240)
2025-04-23 14:39:20,387 [main] INFO  server.RaftServer (RaftServerProxy.java:lambda$close$9(417)) - 90a71c42-cf1a-4ac2-af8f-9011ebfd0240: close
2025-04-23 14:39:20,387 [ContainerDataScanner(/home/runner/work/ozone/ozone/hadoop-ozone/integration-test/target/test-dir/MiniOzoneClusterImpl-68853c07-42d2-4ef8-9e75-e3a852294e6a/ozone-meta/datanode-3/data-0/hdds)] INFO  ozoneimpl.AbstractBackgroundContainerScanner (AbstractBackgroundContainerScanner.java:run(63)) - ContainerDataScanner(/home/runner/work/ozone/ozone/hadoop-ozone/integration-test/target/test-dir/MiniOzoneClusterImpl-68853c07-42d2-4ef8-9e75-e3a852294e6a/ozone-meta/datanode-3/data-0/hdds, DS-fdd33093-8307-4fea-bfee-513e9f878f91) exiting.
2025-04-23 14:39:20,388 [90a71c42-cf1a-4ac2-af8f-9011ebfd0240-impl-thread3] INFO  server.RaftServer$Division (RaftServerImpl.java:lambda$close$1(513)) - 90a71c42-cf1a-4ac2-af8f-9011ebfd0240@group-08615C97F66E: shutdown
2025-04-23 14:39:20,388 [90a71c42-cf1a-4ac2-af8f-9011ebfd0240-impl-thread3] INFO  util.JmxRegister (JmxRegister.java:unregister(74)) - Successfully un-registered JMX Bean with object name Ratis:service=RaftServer,group=group-08615C97F66E,id=90a71c42-cf1a-4ac2-af8f-9011ebfd0240
2025-04-23 14:39:20,388 [90a71c42-cf1a-4ac2-af8f-9011ebfd0240-impl-thread3] INFO  impl.RoleInfo (RoleInfo.java:shutdownFollowerState(121)) - 90a71c42-cf1a-4ac2-af8f-9011ebfd0240: shutdown 90a71c42-cf1a-4ac2-af8f-9011ebfd0240@group-08615C97F66E-FollowerState
2025-04-23 14:39:20,388 [90a71c42-cf1a-4ac2-af8f-9011ebfd0240-impl-thread4] INFO  server.RaftServer$Division (RaftServerImpl.java:lambda$close$1(513)) - 90a71c42-cf1a-4ac2-af8f-9011ebfd0240@group-CDAE406581E4: shutdown
2025-04-23 14:39:20,388 [90a71c42-cf1a-4ac2-af8f-9011ebfd0240-impl-thread4] INFO  util.JmxRegister (JmxRegister.java:unregister(74)) - Successfully un-registered JMX Bean with object name Ratis:service=RaftServer,group=group-CDAE406581E4,id=90a71c42-cf1a-4ac2-af8f-9011ebfd0240
2025-04-23 14:39:20,388 [90a71c42-cf1a-4ac2-af8f-9011ebfd0240-impl-thread4] INFO  impl.RoleInfo (RoleInfo.java:shutdownLeaderState(103)) - 90a71c42-cf1a-4ac2-af8f-9011ebfd0240: shutdown 90a71c42-cf1a-4ac2-af8f-9011ebfd0240@group-CDAE406581E4-LeaderStateImpl
2025-04-23 14:39:20,388 [90a71c42-cf1a-4ac2-af8f-9011ebfd0240-impl-thread4] INFO  impl.PendingRequests (PendingRequests.java:sendNotLeaderResponses(287)) - 90a71c42-cf1a-4ac2-af8f-9011ebfd0240@group-CDAE406581E4-PendingRequests: sendNotLeaderResponses
2025-04-23 14:39:20,388 [90a71c42-cf1a-4ac2-af8f-9011ebfd0240@group-08615C97F66E-FollowerState] INFO  impl.FollowerState (FollowerState.java:runImpl(170)) - 90a71c42-cf1a-4ac2-af8f-9011ebfd0240@group-08615C97F66E-FollowerState was interrupted
2025-04-23 14:39:20,388 [ForkJoinPool.commonPool-worker-3] INFO  ratis.XceiverServerRatis (XceiverServerRatis.java:stop(594)) - Closing XceiverServerRatis(2f27ff4a-e7fd-448a-86d2-53e05ca0039d)
2025-04-23 14:39:20,388 [ForkJoinPool.commonPool-worker-3] INFO  server.RaftServer (RaftServerProxy.java:lambda$close$9(417)) - 2f27ff4a-e7fd-448a-86d2-53e05ca0039d: close
2025-04-23 14:39:20,389 [90a71c42-cf1a-4ac2-af8f-9011ebfd0240-impl-thread4] INFO  impl.StateMachineUpdater (StateMachineUpdater.java:stopAndJoin(164)) - 90a71c42-cf1a-4ac2-af8f-9011ebfd0240@group-CDAE406581E4-StateMachineUpdater: set stopIndex = 13
2025-04-23 14:39:20,388 [90a71c42-cf1a-4ac2-af8f-9011ebfd0240-impl-thread2] INFO  server.RaftServer$Division (RaftServerImpl.java:lambda$close$1(513)) - 90a71c42-cf1a-4ac2-af8f-9011ebfd0240@group-85496F183443: shutdown
2025-04-23 14:39:20,389 [90a71c42-cf1a-4ac2-af8f-9011ebfd0240-impl-thread2] INFO  util.JmxRegister (JmxRegister.java:unregister(74)) - Successfully un-registered JMX Bean with object name Ratis:service=RaftServer,group=group-85496F183443,id=90a71c42-cf1a-4ac2-af8f-9011ebfd0240
2025-04-23 14:39:20,389 [90a71c42-cf1a-4ac2-af8f-9011ebfd0240-impl-thread2] INFO  impl.RoleInfo (RoleInfo.java:shutdownLeaderState(103)) - 90a71c42-cf1a-4ac2-af8f-9011ebfd0240: shutdown 90a71c42-cf1a-4ac2-af8f-9011ebfd0240@group-85496F183443-LeaderStateImpl
2025-04-23 14:39:20,389 [2f27ff4a-e7fd-448a-86d2-53e05ca0039d-impl-thread3] INFO  server.RaftServer$Division (RaftServerImpl.java:lambda$close$1(513)) - 2f27ff4a-e7fd-448a-86d2-53e05ca0039d@group-96E6188AF822: shutdown
2025-04-23 14:39:20,389 [90a71c42-cf1a-4ac2-af8f-9011ebfd0240@group-85496F183443->b3e33d86-0447-4fd5-9cd5-f314a86cc755-GrpcLogAppender-LogAppenderDaemon] WARN  server.GrpcLogAppender (GrpcLogAppender.java:mayWait(293)) - 90a71c42-cf1a-4ac2-af8f-9011ebfd0240@group-85496F183443->b3e33d86-0447-4fd5-9cd5-f314a86cc755-GrpcLogAppender: Wait interrupted by java.lang.InterruptedException
2025-04-23 14:39:20,389 [2f27ff4a-e7fd-448a-86d2-53e05ca0039d-impl-thread2] INFO  server.RaftServer$Division (RaftServerImpl.java:lambda$close$1(513)) - 2f27ff4a-e7fd-448a-86d2-53e05ca0039d@group-85496F183443: shutdown
2025-04-23 14:39:20,389 [2f27ff4a-e7fd-448a-86d2-53e05ca0039d-impl-thread2] INFO  util.JmxRegister (JmxRegister.java:unregister(74)) - Successfully un-registered JMX Bean with object name Ratis:service=RaftServer,group=group-85496F183443,id=2f27ff4a-e7fd-448a-86d2-53e05ca0039d
2025-04-23 14:39:20,389 [2f27ff4a-e7fd-448a-86d2-53e05ca0039d-impl-thread2] INFO  impl.RoleInfo (RoleInfo.java:shutdownFollowerState(121)) - 2f27ff4a-e7fd-448a-86d2-53e05ca0039d: shutdown 2f27ff4a-e7fd-448a-86d2-53e05ca0039d@group-85496F183443-FollowerState
2025-04-23 14:39:20,389 [90a71c42-cf1a-4ac2-af8f-9011ebfd0240@group-08615C97F66E-StateMachineUpdater] INFO  ratis.ContainerStateMachine (ContainerStateMachine.java:takeSnapshot(426)) - group-08615C97F66E: Taking a snapshot at:(t:1, i:0) file /home/runner/work/ozone/ozone/hadoop-ozone/integration-test/target/test-dir/MiniOzoneClusterImpl-68853c07-42d2-4ef8-9e75-e3a852294e6a/ozone-meta/datanode-2/ratis/b788c4d6-5c0b-4081-87b5-08615c97f66e/sm/snapshot.1_0
2025-04-23 14:39:20,388 [90a71c42-cf1a-4ac2-af8f-9011ebfd0240-impl-thread3] INFO  impl.StateMachineUpdater (StateMachineUpdater.java:stopAndJoin(164)) - 90a71c42-cf1a-4ac2-af8f-9011ebfd0240@group-08615C97F66E-StateMachineUpdater: set stopIndex = 0
2025-04-23 14:39:20,388 [main] INFO  server.GrpcService (GrpcService.java:closeImpl(343)) - 90a71c42-cf1a-4ac2-af8f-9011ebfd0240: shutdown server org.apache.ratis.grpc.server.GrpcClientProtocolService now
2025-04-23 14:39:20,389 [2f27ff4a-e7fd-448a-86d2-53e05ca0039d@group-85496F183443-FollowerState] INFO  impl.FollowerState (FollowerState.java:runImpl(170)) - 2f27ff4a-e7fd-448a-86d2-53e05ca0039d@group-85496F183443-FollowerState was interrupted
2025-04-23 14:39:20,389 [2f27ff4a-e7fd-448a-86d2-53e05ca0039d-impl-thread2] INFO  impl.StateMachineUpdater (StateMachineUpdater.java:stopAndJoin(164)) - 2f27ff4a-e7fd-448a-86d2-53e05ca0039d@group-85496F183443-StateMachineUpdater: set stopIndex = 0
2025-04-23 14:39:20,389 [2f27ff4a-e7fd-448a-86d2-53e05ca0039d-impl-thread3] INFO  util.JmxRegister (JmxRegister.java:unregister(74)) - Successfully un-registered JMX Bean with object name Ratis:service=RaftServer,group=group-96E6188AF822,id=2f27ff4a-e7fd-448a-86d2-53e05ca0039d
2025-04-23 14:39:20,390 [2f27ff4a-e7fd-448a-86d2-53e05ca0039d-impl-thread3] INFO  impl.RoleInfo (RoleInfo.java:shutdownLeaderState(103)) - 2f27ff4a-e7fd-448a-86d2-53e05ca0039d: shutdown 2f27ff4a-e7fd-448a-86d2-53e05ca0039d@group-96E6188AF822-LeaderStateImpl
2025-04-23 14:39:20,390 [2f27ff4a-e7fd-448a-86d2-53e05ca0039d-impl-thread3] INFO  impl.PendingRequests (PendingRequests.java:sendNotLeaderResponses(287)) - 2f27ff4a-e7fd-448a-86d2-53e05ca0039d@group-96E6188AF822-PendingRequests: sendNotLeaderResponses
2025-04-23 14:39:20,389 [90a71c42-cf1a-4ac2-af8f-9011ebfd0240-impl-thread2] INFO  impl.PendingRequests (PendingRequests.java:sendNotLeaderResponses(287)) - 90a71c42-cf1a-4ac2-af8f-9011ebfd0240@group-85496F183443-PendingRequests: sendNotLeaderResponses
2025-04-23 14:39:20,389 [90a71c42-cf1a-4ac2-af8f-9011ebfd0240@group-CDAE406581E4-StateMachineUpdater] INFO  ratis.ContainerStateMachine (ContainerStateMachine.java:takeSnapshot(426)) - group-CDAE406581E4: Taking a snapshot at:(t:1, i:13) file /home/runner/work/ozone/ozone/hadoop-ozone/integration-test/target/test-dir/MiniOzoneClusterImpl-68853c07-42d2-4ef8-9e75-e3a852294e6a/ozone-meta/datanode-2/ratis/e7abf475-323f-46af-869c-cdae406581e4/sm/snapshot.1_13
2025-04-23 14:39:20,389 [2f27ff4a-e7fd-448a-86d2-53e05ca0039d@group-85496F183443-StateMachineUpdater] INFO  ratis.ContainerStateMachine (ContainerStateMachine.java:takeSnapshot(426)) - group-85496F183443: Taking a snapshot at:(t:1, i:0) file /home/runner/work/ozone/ozone/hadoop-ozone/integration-test/target/test-dir/MiniOzoneClusterImpl-68853c07-42d2-4ef8-9e75-e3a852294e6a/ozone-meta/datanode-3/ratis/b2345045-09bf-4935-b2ff-85496f183443/sm/snapshot.1_0
2025-04-23 14:39:20,390 [2f27ff4a-e7fd-448a-86d2-53e05ca0039d-impl-thread3] INFO  impl.StateMachineUpdater (StateMachineUpdater.java:stopAndJoin(164)) - 2f27ff4a-e7fd-448a-86d2-53e05ca0039d@group-96E6188AF822-StateMachineUpdater: set stopIndex = 6
2025-04-23 14:39:20,390 [2f27ff4a-e7fd-448a-86d2-53e05ca0039d@group-96E6188AF822-StateMachineUpdater] INFO  ratis.ContainerStateMachine (ContainerStateMachine.java:takeSnapshot(426)) - group-96E6188AF822: Taking a snapshot at:(t:1, i:6) file /home/runner/work/ozone/ozone/hadoop-ozone/integration-test/target/test-dir/MiniOzoneClusterImpl-68853c07-42d2-4ef8-9e75-e3a852294e6a/ozone-meta/datanode-3/ratis/a2762648-95f5-47e7-8655-96e6188af822/sm/snapshot.1_6
2025-04-23 14:39:20,391 [2f27ff4a-e7fd-448a-86d2-53e05ca0039d-impl-thread4] INFO  server.RaftServer$Division (RaftServerImpl.java:lambda$close$1(513)) - 2f27ff4a-e7fd-448a-86d2-53e05ca0039d@group-08615C97F66E: shutdown
2025-04-23 14:39:20,391 [2f27ff4a-e7fd-448a-86d2-53e05ca0039d-impl-thread4] INFO  util.JmxRegister (JmxRegister.java:unregister(74)) - Successfully un-registered JMX Bean with object name Ratis:service=RaftServer,group=group-08615C97F66E,id=2f27ff4a-e7fd-448a-86d2-53e05ca0039d
2025-04-23 14:39:20,391 [2f27ff4a-e7fd-448a-86d2-53e05ca0039d-impl-thread4] INFO  impl.RoleInfo (RoleInfo.java:shutdownLeaderState(103)) - 2f27ff4a-e7fd-448a-86d2-53e05ca0039d: shutdown 2f27ff4a-e7fd-448a-86d2-53e05ca0039d@group-08615C97F66E-LeaderStateImpl
2025-04-23 14:39:20,391 [2f27ff4a-e7fd-448a-86d2-53e05ca0039d-impl-thread4] INFO  impl.PendingRequests (PendingRequests.java:sendNotLeaderResponses(287)) - 2f27ff4a-e7fd-448a-86d2-53e05ca0039d@group-08615C97F66E-PendingRequests: sendNotLeaderResponses
2025-04-23 14:39:20,391 [90a71c42-cf1a-4ac2-af8f-9011ebfd0240@group-85496F183443->2f27ff4a-e7fd-448a-86d2-53e05ca0039d-GrpcLogAppender-LogAppenderDaemon] WARN  server.GrpcLogAppender (GrpcLogAppender.java:mayWait(293)) - 90a71c42-cf1a-4ac2-af8f-9011ebfd0240@group-85496F183443->2f27ff4a-e7fd-448a-86d2-53e05ca0039d-GrpcLogAppender: Wait interrupted by java.lang.InterruptedException
2025-04-23 14:39:20,391 [ForkJoinPool.commonPool-worker-3] INFO  server.GrpcService (GrpcService.java:closeImpl(343)) - 2f27ff4a-e7fd-448a-86d2-53e05ca0039d: shutdown server org.apache.ratis.grpc.server.GrpcClientProtocolService now
2025-04-23 14:39:20,392 [2f27ff4a-e7fd-448a-86d2-53e05ca0039d@group-08615C97F66E->90a71c42-cf1a-4ac2-af8f-9011ebfd0240-GrpcLogAppender-LogAppenderDaemon] WARN  server.GrpcLogAppender (GrpcLogAppender.java:mayWait(293)) - 2f27ff4a-e7fd-448a-86d2-53e05ca0039d@group-08615C97F66E->90a71c42-cf1a-4ac2-af8f-9011ebfd0240-GrpcLogAppender: Wait interrupted by java.lang.InterruptedException
2025-04-23 14:39:20,392 [90a71c42-cf1a-4ac2-af8f-9011ebfd0240-impl-thread2] INFO  impl.StateMachineUpdater (StateMachineUpdater.java:stopAndJoin(164)) - 90a71c42-cf1a-4ac2-af8f-9011ebfd0240@group-85496F183443-StateMachineUpdater: set stopIndex = 0
2025-04-23 14:39:20,392 [90a71c42-cf1a-4ac2-af8f-9011ebfd0240@group-85496F183443-StateMachineUpdater] INFO  ratis.ContainerStateMachine (ContainerStateMachine.java:takeSnapshot(426)) - group-85496F183443: Taking a snapshot at:(t:1, i:0) file /home/runner/work/ozone/ozone/hadoop-ozone/integration-test/target/test-dir/MiniOzoneClusterImpl-68853c07-42d2-4ef8-9e75-e3a852294e6a/ozone-meta/datanode-2/ratis/b2345045-09bf-4935-b2ff-85496f183443/sm/snapshot.1_0
2025-04-23 14:39:20,392 [grpc-default-executor-7] INFO  server.GrpcServerProtocolService (GrpcServerProtocolService.java:onCompleted(157)) - b3e33d86-0447-4fd5-9cd5-f314a86cc755: Completed APPEND_ENTRIES, lastRequest: null
2025-04-23 14:39:20,392 [grpc-default-executor-7] INFO  server.GrpcServerProtocolService (GrpcServerProtocolService.java:lambda$onCompleted$5(159)) - b3e33d86-0447-4fd5-9cd5-f314a86cc755: Completed APPEND_ENTRIES, lastReply: serverReply {
  requestorId: "90a71c42-cf1a-4ac2-af8f-9011ebfd0240"
  replyId: "b3e33d86-0447-4fd5-9cd5-f314a86cc755"
  raftGroupId {
    id: "\2624PE\t\277I5\262\377\205Io\0304C"
  }
  callId: 59
  success: true
}
term: 1
nextIndex: 1
matchIndex: 18446744073709551615
isHearbeat: true

2025-04-23 14:39:20,393 [grpc-default-executor-2] INFO  server.GrpcServerProtocolService (GrpcServerProtocolService.java:onCompleted(157)) - 2f27ff4a-e7fd-448a-86d2-53e05ca0039d: Completed APPEND_ENTRIES, lastRequest: null
2025-04-23 14:39:20,393 [grpc-default-executor-2] INFO  server.GrpcServerProtocolService (GrpcServerProtocolService.java:lambda$onCompleted$5(159)) - 2f27ff4a-e7fd-448a-86d2-53e05ca0039d: Completed APPEND_ENTRIES, lastReply: serverReply {
  requestorId: "90a71c42-cf1a-4ac2-af8f-9011ebfd0240"
  replyId: "2f27ff4a-e7fd-448a-86d2-53e05ca0039d"
  raftGroupId {
    id: "\2624PE\t\277I5\262\377\205Io\0304C"
  }
  callId: 61
  success: true
}
term: 1
nextIndex: 1
matchIndex: 18446744073709551615
isHearbeat: true

2025-04-23 14:39:20,394 [grpc-default-executor-5] INFO  server.GrpcLogAppender (GrpcLogAppender.java:onCompleted(550)) - 90a71c42-cf1a-4ac2-af8f-9011ebfd0240@group-85496F183443->b3e33d86-0447-4fd5-9cd5-f314a86cc755-AppendLogResponseHandler: follower responses appendEntries COMPLETED
2025-04-23 14:39:20,394 [grpc-default-executor-0] INFO  server.GrpcServerProtocolService (GrpcServerProtocolService.java:onCompleted(157)) - b3e33d86-0447-4fd5-9cd5-f314a86cc755: Completed APPEND_ENTRIES, lastRequest: 90a71c42-cf1a-4ac2-af8f-9011ebfd0240->b3e33d86-0447-4fd5-9cd5-f314a86cc755#1-t1,previous=(t:0, i:0),leaderCommit=-1,initializing? false,entries: size=1, first=(t:1, i:0), CONFIGURATIONENTRY(current:id:"b3e33d86-0447-4fd5-9cd5-f314a86cc755"address:"127.0.0.1:15023"dataStreamAddress:"127.0.0.1:15024"clientAddress:"127.0.0.1:15021"adminAddress:"127.0.0.1:15022"startupRole:FOLLOWER, id:"2f27ff4a-e7fd-448a-86d2-53e05ca0039d"address:"127.0.0.1:15039"dataStreamAddress:"127.0.0.1:15040"clientAddress:"127.0.0.1:15037"adminAddress:"127.0.0.1:15038"startupRole:FOLLOWER, id:"90a71c42-cf1a-4ac2-af8f-9011ebfd0240"address:"127.0.0.1:15031"priority:1dataStreamAddress:"127.0.0.1:15032"clientAddress:"127.0.0.1:15029"adminAddress:"127.0.0.1:15030"startupRole:FOLLOWER, old:)
2025-04-23 14:39:20,394 [grpc-default-executor-0] INFO  server.GrpcServerProtocolService (GrpcServerProtocolService.java:lambda$onCompleted$5(159)) - b3e33d86-0447-4fd5-9cd5-f314a86cc755: Completed APPEND_ENTRIES, lastReply: null
2025-04-23 14:39:20,394 [grpc-default-executor-6] INFO  server.GrpcServerProtocolService (GrpcServerProtocolService.java:onCompleted(157)) - 90a71c42-cf1a-4ac2-af8f-9011ebfd0240: Completed APPEND_ENTRIES, lastRequest: null
2025-04-23 14:39:20,394 [grpc-default-executor-6] INFO  server.GrpcServerProtocolService (GrpcServerProtocolService.java:lambda$onCompleted$5(159)) - 90a71c42-cf1a-4ac2-af8f-9011ebfd0240: Completed APPEND_ENTRIES, lastReply: serverReply {
  requestorId: "2f27ff4a-e7fd-448a-86d2-53e05ca0039d"
  replyId: "90a71c42-cf1a-4ac2-af8f-9011ebfd0240"
  raftGroupId {
    id: "\267\210\304\326\\\v@\201\207\265\ba\\\227\366n"
  }
  callId: 60
  success: true
}
term: 1
nextIndex: 1
matchIndex: 18446744073709551615
isHearbeat: true

2025-04-23 14:39:20,394 [grpc-default-executor-8] INFO  server.GrpcServerProtocolService (GrpcServerProtocolService.java:onCompleted(157)) - 2f27ff4a-e7fd-448a-86d2-53e05ca0039d: Completed APPEND_ENTRIES, lastRequest: 90a71c42-cf1a-4ac2-af8f-9011ebfd0240->2f27ff4a-e7fd-448a-86d2-53e05ca0039d#1-t1,previous=(t:0, i:0),leaderCommit=-1,initializing? false,entries: size=1, first=(t:1, i:0), CONFIGURATIONENTRY(current:id:"b3e33d86-0447-4fd5-9cd5-f314a86cc755"address:"127.0.0.1:15023"dataStreamAddress:"127.0.0.1:15024"clientAddress:"127.0.0.1:15021"adminAddress:"127.0.0.1:15022"startupRole:FOLLOWER, id:"2f27ff4a-e7fd-448a-86d2-53e05ca0039d"address:"127.0.0.1:15039"dataStreamAddress:"127.0.0.1:15040"clientAddress:"127.0.0.1:15037"adminAddress:"127.0.0.1:15038"startupRole:FOLLOWER, id:"90a71c42-cf1a-4ac2-af8f-9011ebfd0240"address:"127.0.0.1:15031"priority:1dataStreamAddress:"127.0.0.1:15032"clientAddress:"127.0.0.1:15029"adminAddress:"127.0.0.1:15030"startupRole:FOLLOWER, old:)
2025-04-23 14:39:20,394 [grpc-default-executor-8] INFO  server.GrpcServerProtocolService (GrpcServerProtocolService.java:lambda$onCompleted$5(159)) - 2f27ff4a-e7fd-448a-86d2-53e05ca0039d: Completed APPEND_ENTRIES, lastReply: null
2025-04-23 14:39:20,395 [2f27ff4a-e7fd-448a-86d2-53e05ca0039d@group-08615C97F66E->b3e33d86-0447-4fd5-9cd5-f314a86cc755-GrpcLogAppender-LogAppenderDaemon] WARN  server.GrpcLogAppender (GrpcLogAppender.java:mayWait(293)) - 2f27ff4a-e7fd-448a-86d2-53e05ca0039d@group-08615C97F66E->b3e33d86-0447-4fd5-9cd5-f314a86cc755-GrpcLogAppender: Wait interrupted by java.lang.InterruptedException
2025-04-23 14:39:20,395 [Thread-6902] INFO  server.GrpcServerProtocolClient (GrpcServerProtocolClient.java:close(105)) - b3e33d86-0447-4fd5-9cd5-f314a86cc755 Close channels
2025-04-23 14:39:20,395 [grpc-default-executor-4] INFO  server.GrpcServerProtocolService (GrpcServerProtocolService.java:onCompleted(157)) - 90a71c42-cf1a-4ac2-af8f-9011ebfd0240: Completed APPEND_ENTRIES, lastRequest: 2f27ff4a-e7fd-448a-86d2-53e05ca0039d->90a71c42-cf1a-4ac2-af8f-9011ebfd0240#1-t1,previous=(t:0, i:0),leaderCommit=-1,initializing? false,entries: size=1, first=(t:1, i:0), CONFIGURATIONENTRY(current:id:"b3e33d86-0447-4fd5-9cd5-f314a86cc755"address:"127.0.0.1:15023"dataStreamAddress:"127.0.0.1:15024"clientAddress:"127.0.0.1:15021"adminAddress:"127.0.0.1:15022"startupRole:FOLLOWER, id:"2f27ff4a-e7fd-448a-86d2-53e05ca0039d"address:"127.0.0.1:15039"priority:1dataStreamAddress:"127.0.0.1:15040"clientAddress:"127.0.0.1:15037"adminAddress:"127.0.0.1:15038"startupRole:FOLLOWER, id:"90a71c42-cf1a-4ac2-af8f-9011ebfd0240"address:"127.0.0.1:15031"dataStreamAddress:"127.0.0.1:15032"clientAddress:"127.0.0.1:15029"adminAddress:"127.0.0.1:15030"startupRole:FOLLOWER, old:)
2025-04-23 14:39:20,395 [grpc-default-executor-4] INFO  server.GrpcServerProtocolService (GrpcServerProtocolService.java:lambda$onCompleted$5(159)) - 90a71c42-cf1a-4ac2-af8f-9011ebfd0240: Completed APPEND_ENTRIES, lastReply: null
2025-04-23 14:39:20,395 [2f27ff4a-e7fd-448a-86d2-53e05ca0039d-impl-thread4] INFO  impl.StateMachineUpdater (StateMachineUpdater.java:stopAndJoin(164)) - 2f27ff4a-e7fd-448a-86d2-53e05ca0039d@group-08615C97F66E-StateMachineUpdater: set stopIndex = 0
2025-04-23 14:39:20,395 [2f27ff4a-e7fd-448a-86d2-53e05ca0039d@group-08615C97F66E-StateMachineUpdater] INFO  ratis.ContainerStateMachine (ContainerStateMachine.java:takeSnapshot(426)) - group-08615C97F66E: Taking a snapshot at:(t:1, i:0) file /home/runner/work/ozone/ozone/hadoop-ozone/integration-test/target/test-dir/MiniOzoneClusterImpl-68853c07-42d2-4ef8-9e75-e3a852294e6a/ozone-meta/datanode-3/ratis/b788c4d6-5c0b-4081-87b5-08615c97f66e/sm/snapshot.1_0
2025-04-23 14:39:20,396 [grpc-default-executor-4] INFO  server.GrpcLogAppender (GrpcLogAppender.java:onCompleted(550)) - 90a71c42-cf1a-4ac2-af8f-9011ebfd0240@group-85496F183443->b3e33d86-0447-4fd5-9cd5-f314a86cc755-AppendLogResponseHandler: follower responses appendEntries COMPLETED
2025-04-23 14:39:20,396 [grpc-default-executor-8] INFO  server.GrpcServerProtocolService (GrpcServerProtocolService.java:onCompleted(157)) - b3e33d86-0447-4fd5-9cd5-f314a86cc755: Completed APPEND_ENTRIES, lastRequest: null
2025-04-23 14:39:20,396 [Thread-6904] INFO  server.GrpcServerProtocolClient (GrpcServerProtocolClient.java:close(105)) - 90a71c42-cf1a-4ac2-af8f-9011ebfd0240 Close channels
2025-04-23 14:39:20,396 [grpc-default-executor-8] INFO  server.GrpcServerProtocolService (GrpcServerProtocolService.java:lambda$onCompleted$5(159)) - b3e33d86-0447-4fd5-9cd5-f314a86cc755: Completed APPEND_ENTRIES, lastReply: serverReply {
  requestorId: "2f27ff4a-e7fd-448a-86d2-53e05ca0039d"
  replyId: "b3e33d86-0447-4fd5-9cd5-f314a86cc755"
  raftGroupId {
    id: "\267\210\304\326\\\v@\201\207\265\ba\\\227\366n"
  }
  callId: 61
  success: true
}
term: 1
nextIndex: 1
matchIndex: 18446744073709551615
isHearbeat: true

2025-04-23 14:39:20,396 [grpc-default-executor-7] INFO  server.GrpcLogAppender (GrpcLogAppender.java:onCompleted(550)) - 2f27ff4a-e7fd-448a-86d2-53e05ca0039d@group-08615C97F66E->90a71c42-cf1a-4ac2-af8f-9011ebfd0240-AppendLogResponseHandler: follower responses appendEntries COMPLETED
2025-04-23 14:39:20,396 [grpc-default-executor-7] WARN  server.GrpcLogAppender (GrpcLogAppender.java:resetClient(230)) - 2f27ff4a-e7fd-448a-86d2-53e05ca0039d@group-08615C97F66E->90a71c42-cf1a-4ac2-af8f-9011ebfd0240-GrpcLogAppender: Failed to getClient for 90a71c42-cf1a-4ac2-af8f-9011ebfd0240
org.apache.ratis.protocol.exceptions.AlreadyClosedException: 2f27ff4a-e7fd-448a-86d2-53e05ca0039d is already CLOSED
	at org.apache.ratis.util.PeerProxyMap$PeerAndProxy.getProxy(PeerProxyMap.java:67)
	at org.apache.ratis.util.PeerProxyMap.getProxy(PeerProxyMap.java:124)
	at org.apache.ratis.grpc.server.GrpcLogAppender.getClient(GrpcLogAppender.java:200)
	at org.apache.ratis.grpc.server.GrpcLogAppender.resetClient(GrpcLogAppender.java:205)
	at org.apache.ratis.grpc.server.GrpcLogAppender.access$800(GrpcLogAppender.java:64)
	at org.apache.ratis.grpc.server.GrpcLogAppender$AppendLogResponseHandler.onCompleted(GrpcLogAppender.java:551)
	at org.apache.ratis.thirdparty.io.grpc.stub.ClientCalls$StreamObserverToCallListenerAdapter.onClose(ClientCalls.java:479)
	at org.apache.ratis.thirdparty.io.grpc.internal.ClientCallImpl.closeObserver(ClientCallImpl.java:567)
	at org.apache.ratis.thirdparty.io.grpc.internal.ClientCallImpl.access$300(ClientCallImpl.java:71)
	at org.apache.ratis.thirdparty.io.grpc.internal.ClientCallImpl$ClientStreamListenerImpl$1StreamClosed.runInternal(ClientCallImpl.java:735)
	at org.apache.ratis.thirdparty.io.grpc.internal.ClientCallImpl$ClientStreamListenerImpl$1StreamClosed.runInContext(ClientCallImpl.java:716)
	at org.apache.ratis.thirdparty.io.grpc.internal.ContextRunnable.run(ContextRunnable.java:37)
	at org.apache.ratis.thirdparty.io.grpc.internal.SerializingExecutor.run(SerializingExecutor.java:133)
	at java.base/java.util.concurrent.ThreadPoolExecutor.runWorker(ThreadPoolExecutor.java:1144)
	at java.base/java.util.concurrent.ThreadPoolExecutor$Worker.run(ThreadPoolExecutor.java:642)
	at java.base/java.lang.Thread.run(Thread.java:1583)
2025-04-23 14:39:20,397 [Thread-6901] INFO  server.GrpcServerProtocolClient (GrpcServerProtocolClient.java:close(105)) - b3e33d86-0447-4fd5-9cd5-f314a86cc755 Close channels
2025-04-23 14:39:20,396 [grpc-default-executor-2] INFO  server.GrpcServerProtocolService (GrpcServerProtocolService.java:onCompleted(157)) - b3e33d86-0447-4fd5-9cd5-f314a86cc755: Completed APPEND_ENTRIES, lastRequest: 2f27ff4a-e7fd-448a-86d2-53e05ca0039d->b3e33d86-0447-4fd5-9cd5-f314a86cc755#1-t1,previous=(t:0, i:0),leaderCommit=-1,initializing? false,entries: size=1, first=(t:1, i:0), CONFIGURATIONENTRY(current:id:"b3e33d86-0447-4fd5-9cd5-f314a86cc755"address:"127.0.0.1:15023"dataStreamAddress:"127.0.0.1:15024"clientAddress:"127.0.0.1:15021"adminAddress:"127.0.0.1:15022"startupRole:FOLLOWER, id:"2f27ff4a-e7fd-448a-86d2-53e05ca0039d"address:"127.0.0.1:15039"priority:1dataStreamAddress:"127.0.0.1:15040"clientAddress:"127.0.0.1:15037"adminAddress:"127.0.0.1:15038"startupRole:FOLLOWER, id:"90a71c42-cf1a-4ac2-af8f-9011ebfd0240"address:"127.0.0.1:15031"dataStreamAddress:"127.0.0.1:15032"clientAddress:"127.0.0.1:15029"adminAddress:"127.0.0.1:15030"startupRole:FOLLOWER, old:)
2025-04-23 14:39:20,397 [grpc-default-executor-2] INFO  server.GrpcServerProtocolService (GrpcServerProtocolService.java:lambda$onCompleted$5(159)) - b3e33d86-0447-4fd5-9cd5-f314a86cc755: Completed APPEND_ENTRIES, lastReply: null
2025-04-23 14:39:20,396 [grpc-default-executor-0] INFO  server.GrpcLogAppender (GrpcLogAppender.java:onCompleted(550)) - 90a71c42-cf1a-4ac2-af8f-9011ebfd0240@group-85496F183443->2f27ff4a-e7fd-448a-86d2-53e05ca0039d-AppendLogResponseHandler: follower responses appendEntries COMPLETED
2025-04-23 14:39:20,398 [grpc-default-executor-7] INFO  server.GrpcLogAppender (GrpcLogAppender.java:onCompleted(550)) - 2f27ff4a-e7fd-448a-86d2-53e05ca0039d@group-08615C97F66E->b3e33d86-0447-4fd5-9cd5-f314a86cc755-AppendLogResponseHandler: follower responses appendEntries COMPLETED
2025-04-23 14:39:20,398 [grpc-default-executor-7] WARN  server.GrpcLogAppender (GrpcLogAppender.java:resetClient(230)) - 2f27ff4a-e7fd-448a-86d2-53e05ca0039d@group-08615C97F66E->b3e33d86-0447-4fd5-9cd5-f314a86cc755-GrpcLogAppender: Failed to getClient for b3e33d86-0447-4fd5-9cd5-f314a86cc755
org.apache.ratis.protocol.exceptions.AlreadyClosedException: 2f27ff4a-e7fd-448a-86d2-53e05ca0039d is already CLOSED
	at org.apache.ratis.util.PeerProxyMap$PeerAndProxy.getProxy(PeerProxyMap.java:67)
	at org.apache.ratis.util.PeerProxyMap.getProxy(PeerProxyMap.java:124)
	at org.apache.ratis.grpc.server.GrpcLogAppender.getClient(GrpcLogAppender.java:200)
	at org.apache.ratis.grpc.server.GrpcLogAppender.resetClient(GrpcLogAppender.java:205)
	at org.apache.ratis.grpc.server.GrpcLogAppender.access$800(GrpcLogAppender.java:64)
	at org.apache.ratis.grpc.server.GrpcLogAppender$AppendLogResponseHandler.onCompleted(GrpcLogAppender.java:551)
	at org.apache.ratis.thirdparty.io.grpc.stub.ClientCalls$StreamObserverToCallListenerAdapter.onClose(ClientCalls.java:479)
	at org.apache.ratis.thirdparty.io.grpc.internal.ClientCallImpl.closeObserver(ClientCallImpl.java:567)
	at org.apache.ratis.thirdparty.io.grpc.internal.ClientCallImpl.access$300(ClientCallImpl.java:71)
	at org.apache.ratis.thirdparty.io.grpc.internal.ClientCallImpl$ClientStreamListenerImpl$1StreamClosed.runInternal(ClientCallImpl.java:735)
	at org.apache.ratis.thirdparty.io.grpc.internal.ClientCallImpl$ClientStreamListenerImpl$1StreamClosed.runInContext(ClientCallImpl.java:716)
	at org.apache.ratis.thirdparty.io.grpc.internal.ContextRunnable.run(ContextRunnable.java:37)
	at org.apache.ratis.thirdparty.io.grpc.internal.SerializingExecutor.run(SerializingExecutor.java:133)
	at java.base/java.util.concurrent.ThreadPoolExecutor.runWorker(ThreadPoolExecutor.java:1144)
	at java.base/java.util.concurrent.ThreadPoolExecutor$Worker.run(ThreadPoolExecutor.java:642)
	at java.base/java.lang.Thread.run(Thread.java:1583)
2025-04-23 14:39:20,398 [Thread-6905] INFO  server.GrpcServerProtocolClient (GrpcServerProtocolClient.java:close(105)) - 2f27ff4a-e7fd-448a-86d2-53e05ca0039d Close channels
2025-04-23 14:39:20,398 [grpc-default-executor-0] INFO  server.GrpcLogAppender (GrpcLogAppender.java:onCompleted(550)) - 2f27ff4a-e7fd-448a-86d2-53e05ca0039d@group-08615C97F66E->b3e33d86-0447-4fd5-9cd5-f314a86cc755-AppendLogResponseHandler: follower responses appendEntries COMPLETED
2025-04-23 14:39:20,398 [grpc-default-executor-0] WARN  server.GrpcLogAppender (GrpcLogAppender.java:resetClient(230)) - 2f27ff4a-e7fd-448a-86d2-53e05ca0039d@group-08615C97F66E->b3e33d86-0447-4fd5-9cd5-f314a86cc755-GrpcLogAppender: Failed to getClient for b3e33d86-0447-4fd5-9cd5-f314a86cc755
org.apache.ratis.protocol.exceptions.AlreadyClosedException: 2f27ff4a-e7fd-448a-86d2-53e05ca0039d is already CLOSED
	at org.apache.ratis.util.PeerProxyMap$PeerAndProxy.getProxy(PeerProxyMap.java:67)
	at org.apache.ratis.util.PeerProxyMap.getProxy(PeerProxyMap.java:124)
	at org.apache.ratis.grpc.server.GrpcLogAppender.getClient(GrpcLogAppender.java:200)
	at org.apache.ratis.grpc.server.GrpcLogAppender.resetClient(GrpcLogAppender.java:205)
	at org.apache.ratis.grpc.server.GrpcLogAppender.access$800(GrpcLogAppender.java:64)
	at org.apache.ratis.grpc.server.GrpcLogAppender$AppendLogResponseHandler.onCompleted(GrpcLogAppender.java:551)
	at org.apache.ratis.thirdparty.io.grpc.stub.ClientCalls$StreamObserverToCallListenerAdapter.onClose(ClientCalls.java:479)
	at org.apache.ratis.thirdparty.io.grpc.internal.ClientCallImpl.closeObserver(ClientCallImpl.java:567)
	at org.apache.ratis.thirdparty.io.grpc.internal.ClientCallImpl.access$300(ClientCallImpl.java:71)
	at org.apache.ratis.thirdparty.io.grpc.internal.ClientCallImpl$ClientStreamListenerImpl$1StreamClosed.runInternal(ClientCallImpl.java:735)
	at org.apache.ratis.thirdparty.io.grpc.internal.ClientCallImpl$ClientStreamListenerImpl$1StreamClosed.runInContext(ClientCallImpl.java:716)
	at org.apache.ratis.thirdparty.io.grpc.internal.ContextRunnable.run(ContextRunnable.java:37)
	at org.apache.ratis.thirdparty.io.grpc.internal.SerializingExecutor.run(SerializingExecutor.java:133)
	at java.base/java.util.concurrent.ThreadPoolExecutor.runWorker(ThreadPoolExecutor.java:1144)
	at java.base/java.util.concurrent.ThreadPoolExecutor$Worker.run(ThreadPoolExecutor.java:642)
	at java.base/java.lang.Thread.run(Thread.java:1583)
2025-04-23 14:39:20,399 [grpc-default-executor-10] INFO  server.GrpcLogAppender (GrpcLogAppender.java:onCompleted(550)) - 90a71c42-cf1a-4ac2-af8f-9011ebfd0240@group-85496F183443->2f27ff4a-e7fd-448a-86d2-53e05ca0039d-AppendLogResponseHandler: follower responses appendEntries COMPLETED
2025-04-23 14:39:20,400 [grpc-default-executor-10] WARN  server.GrpcLogAppender (GrpcLogAppender.java:resetClient(230)) - 90a71c42-cf1a-4ac2-af8f-9011ebfd0240@group-85496F183443->2f27ff4a-e7fd-448a-86d2-53e05ca0039d-GrpcLogAppender: Failed to getClient for 2f27ff4a-e7fd-448a-86d2-53e05ca0039d
org.apache.ratis.protocol.exceptions.AlreadyClosedException: 90a71c42-cf1a-4ac2-af8f-9011ebfd0240 is already CLOSED
	at org.apache.ratis.util.PeerProxyMap$PeerAndProxy.getProxy(PeerProxyMap.java:67)
	at org.apache.ratis.util.PeerProxyMap.getProxy(PeerProxyMap.java:124)
	at org.apache.ratis.grpc.server.GrpcLogAppender.getClient(GrpcLogAppender.java:200)
	at org.apache.ratis.grpc.server.GrpcLogAppender.resetClient(GrpcLogAppender.java:205)
	at org.apache.ratis.grpc.server.GrpcLogAppender.access$800(GrpcLogAppender.java:64)
	at org.apache.ratis.grpc.server.GrpcLogAppender$AppendLogResponseHandler.onCompleted(GrpcLogAppender.java:551)
	at org.apache.ratis.thirdparty.io.grpc.stub.ClientCalls$StreamObserverToCallListenerAdapter.onClose(ClientCalls.java:479)
	at org.apache.ratis.thirdparty.io.grpc.internal.DelayedClientCall$DelayedListener$3.run(DelayedClientCall.java:489)
	at org.apache.ratis.thirdparty.io.grpc.internal.DelayedClientCall$DelayedListener.delayOrExecute(DelayedClientCall.java:453)
	at org.apache.ratis.thirdparty.io.grpc.internal.DelayedClientCall$DelayedListener.onClose(DelayedClientCall.java:486)
	at org.apache.ratis.thirdparty.io.grpc.internal.ClientCallImpl.closeObserver(ClientCallImpl.java:567)
	at org.apache.ratis.thirdparty.io.grpc.internal.ClientCallImpl.access$300(ClientCallImpl.java:71)
	at org.apache.ratis.thirdparty.io.grpc.internal.ClientCallImpl$ClientStreamListenerImpl$1StreamClosed.runInternal(ClientCallImpl.java:735)
	at org.apache.ratis.thirdparty.io.grpc.internal.ClientCallImpl$ClientStreamListenerImpl$1StreamClosed.runInContext(ClientCallImpl.java:716)
	at org.apache.ratis.thirdparty.io.grpc.internal.ContextRunnable.run(ContextRunnable.java:37)
	at org.apache.ratis.thirdparty.io.grpc.internal.SerializingExecutor.run(SerializingExecutor.java:133)
	at java.base/java.util.concurrent.ThreadPoolExecutor.runWorker(ThreadPoolExecutor.java:1144)
	at java.base/java.util.concurrent.ThreadPoolExecutor$Worker.run(ThreadPoolExecutor.java:642)
	at java.base/java.lang.Thread.run(Thread.java:1583)
2025-04-23 14:39:20,399 [grpc-default-executor-4] WARN  server.GrpcLogAppender (GrpcLogAppender.java:resetClient(230)) - 90a71c42-cf1a-4ac2-af8f-9011ebfd0240@group-85496F183443->b3e33d86-0447-4fd5-9cd5-f314a86cc755-GrpcLogAppender: Failed to getClient for b3e33d86-0447-4fd5-9cd5-f314a86cc755
org.apache.ratis.protocol.exceptions.AlreadyClosedException: 90a71c42-cf1a-4ac2-af8f-9011ebfd0240 is already CLOSED
	at org.apache.ratis.util.PeerProxyMap$PeerAndProxy.getProxy(PeerProxyMap.java:67)
	at org.apache.ratis.util.PeerProxyMap.getProxy(PeerProxyMap.java:124)
	at org.apache.ratis.grpc.server.GrpcLogAppender.getClient(GrpcLogAppender.java:200)
	at org.apache.ratis.grpc.server.GrpcLogAppender.resetClient(GrpcLogAppender.java:205)
	at org.apache.ratis.grpc.server.GrpcLogAppender.access$800(GrpcLogAppender.java:64)
	at org.apache.ratis.grpc.server.GrpcLogAppender$AppendLogResponseHandler.onCompleted(GrpcLogAppender.java:551)
	at org.apache.ratis.thirdparty.io.grpc.stub.ClientCalls$StreamObserverToCallListenerAdapter.onClose(ClientCalls.java:479)
	at org.apache.ratis.thirdparty.io.grpc.internal.ClientCallImpl.closeObserver(ClientCallImpl.java:567)
	at org.apache.ratis.thirdparty.io.grpc.internal.ClientCallImpl.access$300(ClientCallImpl.java:71)
	at org.apache.ratis.thirdparty.io.grpc.internal.ClientCallImpl$ClientStreamListenerImpl$1StreamClosed.runInternal(ClientCallImpl.java:735)
	at org.apache.ratis.thirdparty.io.grpc.internal.ClientCallImpl$ClientStreamListenerImpl$1StreamClosed.runInContext(ClientCallImpl.java:716)
	at org.apache.ratis.thirdparty.io.grpc.internal.ContextRunnable.run(ContextRunnable.java:37)
	at org.apache.ratis.thirdparty.io.grpc.internal.SerializingExecutor.run(SerializingExecutor.java:133)
	at java.base/java.util.concurrent.ThreadPoolExecutor.runWorker(ThreadPoolExecutor.java:1144)
	at java.base/java.util.concurrent.ThreadPoolExecutor$Worker.run(ThreadPoolExecutor.java:642)
	at java.base/java.lang.Thread.run(Thread.java:1583)
2025-04-23 14:39:20,399 [grpc-default-executor-9] INFO  server.GrpcLogAppender (GrpcLogAppender.java:onCompleted(550)) - 2f27ff4a-e7fd-448a-86d2-53e05ca0039d@group-08615C97F66E->90a71c42-cf1a-4ac2-af8f-9011ebfd0240-AppendLogResponseHandler: follower responses appendEntries COMPLETED
2025-04-23 14:39:20,401 [grpc-default-executor-9] WARN  server.GrpcLogAppender (GrpcLogAppender.java:resetClient(230)) - 2f27ff4a-e7fd-448a-86d2-53e05ca0039d@group-08615C97F66E->90a71c42-cf1a-4ac2-af8f-9011ebfd0240-GrpcLogAppender: Failed to getClient for 90a71c42-cf1a-4ac2-af8f-9011ebfd0240
org.apache.ratis.protocol.exceptions.AlreadyClosedException: 2f27ff4a-e7fd-448a-86d2-53e05ca0039d is already CLOSED
	at org.apache.ratis.util.PeerProxyMap$PeerAndProxy.getProxy(PeerProxyMap.java:67)
	at org.apache.ratis.util.PeerProxyMap.getProxy(PeerProxyMap.java:124)
	at org.apache.ratis.grpc.server.GrpcLogAppender.getClient(GrpcLogAppender.java:200)
	at org.apache.ratis.grpc.server.GrpcLogAppender.resetClient(GrpcLogAppender.java:205)
	at org.apache.ratis.grpc.server.GrpcLogAppender.access$800(GrpcLogAppender.java:64)
	at org.apache.ratis.grpc.server.GrpcLogAppender$AppendLogResponseHandler.onCompleted(GrpcLogAppender.java:551)
	at org.apache.ratis.thirdparty.io.grpc.stub.ClientCalls$StreamObserverToCallListenerAdapter.onClose(ClientCalls.java:479)
	at org.apache.ratis.thirdparty.io.grpc.internal.DelayedClientCall$DelayedListener$3.run(DelayedClientCall.java:489)
	at org.apache.ratis.thirdparty.io.grpc.internal.DelayedClientCall$DelayedListener.delayOrExecute(DelayedClientCall.java:453)
	at org.apache.ratis.thirdparty.io.grpc.internal.DelayedClientCall$DelayedListener.onClose(DelayedClientCall.java:486)
	at org.apache.ratis.thirdparty.io.grpc.internal.ClientCallImpl.closeObserver(ClientCallImpl.java:567)
	at org.apache.ratis.thirdparty.io.grpc.internal.ClientCallImpl.access$300(ClientCallImpl.java:71)
	at org.apache.ratis.thirdparty.io.grpc.internal.ClientCallImpl$ClientStreamListenerImpl$1StreamClosed.runInternal(ClientCallImpl.java:735)
	at org.apache.ratis.thirdparty.io.grpc.internal.ClientCallImpl$ClientStreamListenerImpl$1StreamClosed.runInContext(ClientCallImpl.java:716)
	at org.apache.ratis.thirdparty.io.grpc.internal.ContextRunnable.run(ContextRunnable.java:37)
	at org.apache.ratis.thirdparty.io.grpc.internal.SerializingExecutor.run(SerializingExecutor.java:133)
	at java.base/java.util.concurrent.ThreadPoolExecutor.runWorker(ThreadPoolExecutor.java:1144)
	at java.base/java.util.concurrent.ThreadPoolExecutor$Worker.run(ThreadPoolExecutor.java:642)
	at java.base/java.lang.Thread.run(Thread.java:1583)
2025-04-23 14:39:20,401 [ForkJoinPool.commonPool-worker-3] INFO  server.GrpcService (GrpcService.java:closeImpl(352)) - 2f27ff4a-e7fd-448a-86d2-53e05ca0039d: shutdown server org.apache.ratis.grpc.server.GrpcClientProtocolService successfully
2025-04-23 14:39:20,401 [ForkJoinPool.commonPool-worker-3] INFO  server.GrpcService (GrpcService.java:closeImpl(343)) - 2f27ff4a-e7fd-448a-86d2-53e05ca0039d: shutdown server GrpcServerProtocolService now
2025-04-23 14:39:20,400 [main] INFO  server.GrpcService (GrpcService.java:closeImpl(352)) - 90a71c42-cf1a-4ac2-af8f-9011ebfd0240: shutdown server org.apache.ratis.grpc.server.GrpcClientProtocolService successfully
2025-04-23 14:39:20,401 [main] INFO  server.GrpcService (GrpcService.java:closeImpl(343)) - 90a71c42-cf1a-4ac2-af8f-9011ebfd0240: shutdown server GrpcServerProtocolService now
2025-04-23 14:39:20,402 [main] INFO  server.GrpcService (GrpcService.java:closeImpl(352)) - 90a71c42-cf1a-4ac2-af8f-9011ebfd0240: shutdown server GrpcServerProtocolService successfully
2025-04-23 14:39:20,402 [main] INFO  server.GrpcService (GrpcService.java:closeImpl(343)) - 90a71c42-cf1a-4ac2-af8f-9011ebfd0240: shutdown server org.apache.ratis.grpc.server.GrpcAdminProtocolService now
2025-04-23 14:39:20,403 [ForkJoinPool.commonPool-worker-3] INFO  server.GrpcService (GrpcService.java:closeImpl(352)) - 2f27ff4a-e7fd-448a-86d2-53e05ca0039d: shutdown server GrpcServerProtocolService successfully
2025-04-23 14:39:20,403 [ForkJoinPool.commonPool-worker-3] INFO  server.GrpcService (GrpcService.java:closeImpl(343)) - 2f27ff4a-e7fd-448a-86d2-53e05ca0039d: shutdown server org.apache.ratis.grpc.server.GrpcAdminProtocolService now
2025-04-23 14:39:20,403 [ForkJoinPool.commonPool-worker-3] INFO  server.GrpcService (GrpcService.java:closeImpl(352)) - 2f27ff4a-e7fd-448a-86d2-53e05ca0039d: shutdown server org.apache.ratis.grpc.server.GrpcAdminProtocolService successfully
2025-04-23 14:39:20,404 [main] INFO  server.GrpcService (GrpcService.java:closeImpl(352)) - 90a71c42-cf1a-4ac2-af8f-9011ebfd0240: shutdown server org.apache.ratis.grpc.server.GrpcAdminProtocolService successfully
2025-04-23 14:39:20,406 [90a71c42-cf1a-4ac2-af8f-9011ebfd0240@group-85496F183443-StateMachineUpdater] INFO  ratis.ContainerStateMachine (ContainerStateMachine.java:takeSnapshot(435)) - group-85496F183443: Finished taking a snapshot at:(t:1, i:0) file:/home/runner/work/ozone/ozone/hadoop-ozone/integration-test/target/test-dir/MiniOzoneClusterImpl-68853c07-42d2-4ef8-9e75-e3a852294e6a/ozone-meta/datanode-2/ratis/b2345045-09bf-4935-b2ff-85496f183443/sm/snapshot.1_0 took: 14 ms
2025-04-23 14:39:20,407 [90a71c42-cf1a-4ac2-af8f-9011ebfd0240@group-85496F183443-StateMachineUpdater] INFO  impl.StateMachineUpdater (StateMachineUpdater.java:takeSnapshot(303)) - 90a71c42-cf1a-4ac2-af8f-9011ebfd0240@group-85496F183443-StateMachineUpdater: Took a snapshot at index 0
2025-04-23 14:39:20,407 [90a71c42-cf1a-4ac2-af8f-9011ebfd0240@group-85496F183443-StateMachineUpdater] INFO  impl.StateMachineUpdater (StateMachineUpdater.java:lambda$new$0(102)) - 90a71c42-cf1a-4ac2-af8f-9011ebfd0240@group-85496F183443-StateMachineUpdater: snapshotIndex: updateIncreasingly -1 -> 0
2025-04-23 14:39:20,408 [90a71c42-cf1a-4ac2-af8f-9011ebfd0240@group-85496F183443-StateMachineUpdater] INFO  impl.StateMachineUpdater (StateMachineUpdater.java:stop(141)) - 90a71c42-cf1a-4ac2-af8f-9011ebfd0240@group-85496F183443-StateMachineUpdater: closing ContainerStateMachine, lastApplied=(t:1, i:0)
2025-04-23 14:39:20,408 [2f27ff4a-e7fd-448a-86d2-53e05ca0039d@group-08615C97F66E-StateMachineUpdater] INFO  ratis.ContainerStateMachine (ContainerStateMachine.java:takeSnapshot(435)) - group-08615C97F66E: Finished taking a snapshot at:(t:1, i:0) file:/home/runner/work/ozone/ozone/hadoop-ozone/integration-test/target/test-dir/MiniOzoneClusterImpl-68853c07-42d2-4ef8-9e75-e3a852294e6a/ozone-meta/datanode-3/ratis/b788c4d6-5c0b-4081-87b5-08615c97f66e/sm/snapshot.1_0 took: 13 ms
2025-04-23 14:39:20,408 [2f27ff4a-e7fd-448a-86d2-53e05ca0039d@group-08615C97F66E-StateMachineUpdater] INFO  impl.StateMachineUpdater (StateMachineUpdater.java:takeSnapshot(303)) - 2f27ff4a-e7fd-448a-86d2-53e05ca0039d@group-08615C97F66E-StateMachineUpdater: Took a snapshot at index 0
2025-04-23 14:39:20,408 [2f27ff4a-e7fd-448a-86d2-53e05ca0039d@group-08615C97F66E-StateMachineUpdater] INFO  impl.StateMachineUpdater (StateMachineUpdater.java:lambda$new$0(102)) - 2f27ff4a-e7fd-448a-86d2-53e05ca0039d@group-08615C97F66E-StateMachineUpdater: snapshotIndex: updateIncreasingly -1 -> 0
2025-04-23 14:39:20,408 [2f27ff4a-e7fd-448a-86d2-53e05ca0039d@group-08615C97F66E-StateMachineUpdater] INFO  impl.StateMachineUpdater (StateMachineUpdater.java:stop(141)) - 2f27ff4a-e7fd-448a-86d2-53e05ca0039d@group-08615C97F66E-StateMachineUpdater: closing ContainerStateMachine, lastApplied=(t:1, i:0)
2025-04-23 14:39:20,408 [90a71c42-cf1a-4ac2-af8f-9011ebfd0240@group-08615C97F66E-StateMachineUpdater] INFO  ratis.ContainerStateMachine (ContainerStateMachine.java:takeSnapshot(435)) - group-08615C97F66E: Finished taking a snapshot at:(t:1, i:0) file:/home/runner/work/ozone/ozone/hadoop-ozone/integration-test/target/test-dir/MiniOzoneClusterImpl-68853c07-42d2-4ef8-9e75-e3a852294e6a/ozone-meta/datanode-2/ratis/b788c4d6-5c0b-4081-87b5-08615c97f66e/sm/snapshot.1_0 took: 19 ms
2025-04-23 14:39:20,408 [90a71c42-cf1a-4ac2-af8f-9011ebfd0240@group-08615C97F66E-StateMachineUpdater] INFO  impl.StateMachineUpdater (StateMachineUpdater.java:takeSnapshot(303)) - 90a71c42-cf1a-4ac2-af8f-9011ebfd0240@group-08615C97F66E-StateMachineUpdater: Took a snapshot at index 0
2025-04-23 14:39:20,408 [90a71c42-cf1a-4ac2-af8f-9011ebfd0240@group-08615C97F66E-StateMachineUpdater] INFO  impl.StateMachineUpdater (StateMachineUpdater.java:lambda$new$0(102)) - 90a71c42-cf1a-4ac2-af8f-9011ebfd0240@group-08615C97F66E-StateMachineUpdater: snapshotIndex: updateIncreasingly -1 -> 0
2025-04-23 14:39:20,408 [90a71c42-cf1a-4ac2-af8f-9011ebfd0240@group-08615C97F66E-StateMachineUpdater] INFO  impl.StateMachineUpdater (StateMachineUpdater.java:stop(141)) - 90a71c42-cf1a-4ac2-af8f-9011ebfd0240@group-08615C97F66E-StateMachineUpdater: closing ContainerStateMachine, lastApplied=(t:1, i:0)
2025-04-23 14:39:20,408 [90a71c42-cf1a-4ac2-af8f-9011ebfd0240@group-08615C97F66E-cacheEviction-AwaitToRun] INFO  util.AwaitToRun (AwaitToRun.java:run(49)) - 90a71c42-cf1a-4ac2-af8f-9011ebfd0240@group-08615C97F66E-cacheEviction-AwaitToRun-AwaitForSignal is interrupted
2025-04-23 14:39:20,408 [2f27ff4a-e7fd-448a-86d2-53e05ca0039d@group-85496F183443-StateMachineUpdater] INFO  ratis.ContainerStateMachine (ContainerStateMachine.java:takeSnapshot(435)) - group-85496F183443: Finished taking a snapshot at:(t:1, i:0) file:/home/runner/work/ozone/ozone/hadoop-ozone/integration-test/target/test-dir/MiniOzoneClusterImpl-68853c07-42d2-4ef8-9e75-e3a852294e6a/ozone-meta/datanode-3/ratis/b2345045-09bf-4935-b2ff-85496f183443/sm/snapshot.1_0 took: 19 ms
2025-04-23 14:39:20,408 [2f27ff4a-e7fd-448a-86d2-53e05ca0039d@group-08615C97F66E-cacheEviction-AwaitToRun] INFO  util.AwaitToRun (AwaitToRun.java:run(49)) - 2f27ff4a-e7fd-448a-86d2-53e05ca0039d@group-08615C97F66E-cacheEviction-AwaitToRun-AwaitForSignal is interrupted
2025-04-23 14:39:20,409 [2f27ff4a-e7fd-448a-86d2-53e05ca0039d@group-85496F183443-StateMachineUpdater] INFO  impl.StateMachineUpdater (StateMachineUpdater.java:takeSnapshot(303)) - 2f27ff4a-e7fd-448a-86d2-53e05ca0039d@group-85496F183443-StateMachineUpdater: Took a snapshot at index 0
2025-04-23 14:39:20,408 [90a71c42-cf1a-4ac2-af8f-9011ebfd0240@group-85496F183443-cacheEviction-AwaitToRun] INFO  util.AwaitToRun (AwaitToRun.java:run(49)) - 90a71c42-cf1a-4ac2-af8f-9011ebfd0240@group-85496F183443-cacheEviction-AwaitToRun-AwaitForSignal is interrupted
2025-04-23 14:39:20,409 [2f27ff4a-e7fd-448a-86d2-53e05ca0039d@group-85496F183443-StateMachineUpdater] INFO  impl.StateMachineUpdater (StateMachineUpdater.java:lambda$new$0(102)) - 2f27ff4a-e7fd-448a-86d2-53e05ca0039d@group-85496F183443-StateMachineUpdater: snapshotIndex: updateIncreasingly -1 -> 0
2025-04-23 14:39:20,409 [2f27ff4a-e7fd-448a-86d2-53e05ca0039d@group-85496F183443-StateMachineUpdater] INFO  impl.StateMachineUpdater (StateMachineUpdater.java:stop(141)) - 2f27ff4a-e7fd-448a-86d2-53e05ca0039d@group-85496F183443-StateMachineUpdater: closing ContainerStateMachine, lastApplied=(t:1, i:0)
2025-04-23 14:39:20,409 [2f27ff4a-e7fd-448a-86d2-53e05ca0039d@group-85496F183443-cacheEviction-AwaitToRun] INFO  util.AwaitToRun (AwaitToRun.java:run(49)) - 2f27ff4a-e7fd-448a-86d2-53e05ca0039d@group-85496F183443-cacheEviction-AwaitToRun-AwaitForSignal is interrupted
2025-04-23 14:39:20,409 [90a71c42-cf1a-4ac2-af8f-9011ebfd0240@group-CDAE406581E4-StateMachineUpdater] INFO  ratis.ContainerStateMachine (ContainerStateMachine.java:takeSnapshot(435)) - group-CDAE406581E4: Finished taking a snapshot at:(t:1, i:13) file:/home/runner/work/ozone/ozone/hadoop-ozone/integration-test/target/test-dir/MiniOzoneClusterImpl-68853c07-42d2-4ef8-9e75-e3a852294e6a/ozone-meta/datanode-2/ratis/e7abf475-323f-46af-869c-cdae406581e4/sm/snapshot.1_13 took: 20 ms
2025-04-23 14:39:20,409 [90a71c42-cf1a-4ac2-af8f-9011ebfd0240@group-CDAE406581E4-StateMachineUpdater] INFO  impl.StateMachineUpdater (StateMachineUpdater.java:takeSnapshot(303)) - 90a71c42-cf1a-4ac2-af8f-9011ebfd0240@group-CDAE406581E4-StateMachineUpdater: Took a snapshot at index 13
2025-04-23 14:39:20,409 [90a71c42-cf1a-4ac2-af8f-9011ebfd0240@group-CDAE406581E4-StateMachineUpdater] INFO  impl.StateMachineUpdater (StateMachineUpdater.java:lambda$new$0(102)) - 90a71c42-cf1a-4ac2-af8f-9011ebfd0240@group-CDAE406581E4-StateMachineUpdater: snapshotIndex: updateIncreasingly -1 -> 13
2025-04-23 14:39:20,409 [90a71c42-cf1a-4ac2-af8f-9011ebfd0240@group-CDAE406581E4-StateMachineUpdater] INFO  impl.StateMachineUpdater (StateMachineUpdater.java:stop(141)) - 90a71c42-cf1a-4ac2-af8f-9011ebfd0240@group-CDAE406581E4-StateMachineUpdater: closing ContainerStateMachine, lastApplied=(t:1, i:13)
2025-04-23 14:39:20,410 [2f27ff4a-e7fd-448a-86d2-53e05ca0039d@group-96E6188AF822-StateMachineUpdater] INFO  ratis.ContainerStateMachine (ContainerStateMachine.java:takeSnapshot(435)) - group-96E6188AF822: Finished taking a snapshot at:(t:1, i:6) file:/home/runner/work/ozone/ozone/hadoop-ozone/integration-test/target/test-dir/MiniOzoneClusterImpl-68853c07-42d2-4ef8-9e75-e3a852294e6a/ozone-meta/datanode-3/ratis/a2762648-95f5-47e7-8655-96e6188af822/sm/snapshot.1_6 took: 20 ms
2025-04-23 14:39:20,410 [2f27ff4a-e7fd-448a-86d2-53e05ca0039d@group-96E6188AF822-StateMachineUpdater] INFO  impl.StateMachineUpdater (StateMachineUpdater.java:takeSnapshot(303)) - 2f27ff4a-e7fd-448a-86d2-53e05ca0039d@group-96E6188AF822-StateMachineUpdater: Took a snapshot at index 6
2025-04-23 14:39:20,410 [2f27ff4a-e7fd-448a-86d2-53e05ca0039d@group-96E6188AF822-StateMachineUpdater] INFO  impl.StateMachineUpdater (StateMachineUpdater.java:lambda$new$0(102)) - 2f27ff4a-e7fd-448a-86d2-53e05ca0039d@group-96E6188AF822-StateMachineUpdater: snapshotIndex: updateIncreasingly -1 -> 6
2025-04-23 14:39:20,410 [2f27ff4a-e7fd-448a-86d2-53e05ca0039d@group-96E6188AF822-StateMachineUpdater] INFO  impl.StateMachineUpdater (StateMachineUpdater.java:stop(141)) - 2f27ff4a-e7fd-448a-86d2-53e05ca0039d@group-96E6188AF822-StateMachineUpdater: closing ContainerStateMachine, lastApplied=(t:1, i:6)
2025-04-23 14:39:20,410 [90a71c42-cf1a-4ac2-af8f-9011ebfd0240@group-CDAE406581E4-cacheEviction-AwaitToRun] INFO  util.AwaitToRun (AwaitToRun.java:run(49)) - 90a71c42-cf1a-4ac2-af8f-9011ebfd0240@group-CDAE406581E4-cacheEviction-AwaitToRun-AwaitForSignal is interrupted
2025-04-23 14:39:20,411 [2f27ff4a-e7fd-448a-86d2-53e05ca0039d@group-96E6188AF822-cacheEviction-AwaitToRun] INFO  util.AwaitToRun (AwaitToRun.java:run(49)) - 2f27ff4a-e7fd-448a-86d2-53e05ca0039d@group-96E6188AF822-cacheEviction-AwaitToRun-AwaitForSignal is interrupted
2025-04-23 14:39:20,415 [2f27ff4a-e7fd-448a-86d2-53e05ca0039d-NettyServerStreamRpc-bossGroup--thread1] INFO  logging.LoggingHandler (AbstractInternalLogger.java:log(148)) - [id: 0xe7f35997, L:/0.0.0.0:15040] CLOSE
2025-04-23 14:39:20,415 [2f27ff4a-e7fd-448a-86d2-53e05ca0039d-NettyServerStreamRpc-bossGroup--thread1] INFO  logging.LoggingHandler (AbstractInternalLogger.java:log(148)) - [id: 0xe7f35997, L:/0.0.0.0:15040] INACTIVE
2025-04-23 14:39:20,415 [2f27ff4a-e7fd-448a-86d2-53e05ca0039d-NettyServerStreamRpc-bossGroup--thread1] INFO  logging.LoggingHandler (AbstractInternalLogger.java:log(148)) - [id: 0xe7f35997, L:/0.0.0.0:15040] UNREGISTERED
2025-04-23 14:39:20,417 [90a71c42-cf1a-4ac2-af8f-9011ebfd0240-NettyServerStreamRpc-bossGroup--thread1] INFO  logging.LoggingHandler (AbstractInternalLogger.java:log(148)) - [id: 0x1af18405, L:/0.0.0.0:15032] CLOSE
2025-04-23 14:39:20,417 [90a71c42-cf1a-4ac2-af8f-9011ebfd0240-NettyServerStreamRpc-bossGroup--thread1] INFO  logging.LoggingHandler (AbstractInternalLogger.java:log(148)) - [id: 0x1af18405, L:/0.0.0.0:15032] INACTIVE
2025-04-23 14:39:20,417 [90a71c42-cf1a-4ac2-af8f-9011ebfd0240-NettyServerStreamRpc-bossGroup--thread1] INFO  logging.LoggingHandler (AbstractInternalLogger.java:log(148)) - [id: 0x1af18405, L:/0.0.0.0:15032] UNREGISTERED
2025-04-23 14:39:20,430 [2f27ff4a-e7fd-448a-86d2-53e05ca0039d-impl-thread4] INFO  segmented.SegmentedRaftLogWorker (SegmentedRaftLogWorker.java:close(252)) - 2f27ff4a-e7fd-448a-86d2-53e05ca0039d@group-08615C97F66E-SegmentedRaftLogWorker close()
2025-04-23 14:39:20,431 [2f27ff4a-e7fd-448a-86d2-53e05ca0039d-impl-thread4] INFO  ratis.ContainerStateMachine (ContainerStateMachine.java:notifyServerShutdown(1037)) - group-08615C97F66E is closed by HddsDatanodeService
2025-04-23 14:39:20,450 [90a71c42-cf1a-4ac2-af8f-9011ebfd0240-impl-thread3] INFO  segmented.SegmentedRaftLogWorker (SegmentedRaftLogWorker.java:close(252)) - 90a71c42-cf1a-4ac2-af8f-9011ebfd0240@group-08615C97F66E-SegmentedRaftLogWorker close()
2025-04-23 14:39:20,451 [90a71c42-cf1a-4ac2-af8f-9011ebfd0240-impl-thread3] INFO  ratis.ContainerStateMachine (ContainerStateMachine.java:notifyServerShutdown(1037)) - group-08615C97F66E is closed by HddsDatanodeService
2025-04-23 14:39:20,523 [90a71c42-cf1a-4ac2-af8f-9011ebfd0240-impl-thread4] INFO  segmented.SegmentedRaftLogWorker (SegmentedRaftLogWorker.java:close(252)) - 90a71c42-cf1a-4ac2-af8f-9011ebfd0240@group-CDAE406581E4-SegmentedRaftLogWorker close()
2025-04-23 14:39:20,523 [90a71c42-cf1a-4ac2-af8f-9011ebfd0240-impl-thread4] INFO  ratis.ContainerStateMachine (ContainerStateMachine.java:notifyServerShutdown(1037)) - group-CDAE406581E4 is closed by HddsDatanodeService
2025-04-23 14:39:20,611 [90a71c42-cf1a-4ac2-af8f-9011ebfd0240-impl-thread2] INFO  segmented.SegmentedRaftLogWorker (SegmentedRaftLogWorker.java:close(252)) - 90a71c42-cf1a-4ac2-af8f-9011ebfd0240@group-85496F183443-SegmentedRaftLogWorker close()
2025-04-23 14:39:20,611 [90a71c42-cf1a-4ac2-af8f-9011ebfd0240-impl-thread2] INFO  ratis.ContainerStateMachine (ContainerStateMachine.java:notifyServerShutdown(1037)) - group-85496F183443 is closed by HddsDatanodeService
2025-04-23 14:39:20,611 [JvmPauseMonitor6] INFO  util.JvmPauseMonitor (JvmPauseMonitor.java:run(152)) - JvmPauseMonitor-90a71c42-cf1a-4ac2-af8f-9011ebfd0240: Stopped
2025-04-23 14:39:20,627 [2f27ff4a-e7fd-448a-86d2-53e05ca0039d-impl-thread2] INFO  segmented.SegmentedRaftLogWorker (SegmentedRaftLogWorker.java:close(252)) - 2f27ff4a-e7fd-448a-86d2-53e05ca0039d@group-85496F183443-SegmentedRaftLogWorker close()
2025-04-23 14:39:20,627 [2f27ff4a-e7fd-448a-86d2-53e05ca0039d-impl-thread2] INFO  ratis.ContainerStateMachine (ContainerStateMachine.java:notifyServerShutdown(1037)) - group-85496F183443 is closed by HddsDatanodeService
2025-04-23 14:39:20,967 [ForkJoinPool.commonPool-worker-1] INFO  ozoneimpl.OzoneContainer (OzoneContainer.java:stop(536)) - Attempting to stop container services.
2025-04-23 14:39:20,967 [b3e33d86-0447-4fd5-9cd5-f314a86cc755-EndpointStateMachineTaskThread-/0.0.0.0:15002-0 ] INFO  ipc.Client (Client.java:handleConnectionFailure(966)) - Retrying connect to server: 0.0.0.0/0.0.0.0:15002. Already tried 0 time(s); retry policy is RetryUpToMaximumCountWithFixedSleep(maxRetries=15, sleepTime=1000 MILLISECONDS)
2025-04-23 14:39:20,967 [ContainerMetadataScanner] WARN  ozoneimpl.AbstractBackgroundContainerScanner (AbstractBackgroundContainerScanner.java:handleRemainingSleep(136)) - Background container scan was interrupted.
2025-04-23 14:39:20,968 [ContainerMetadataScanner] INFO  ozoneimpl.AbstractBackgroundContainerScanner (AbstractBackgroundContainerScanner.java:run(63)) - org.apache.hadoop.ozone.container.ozoneimpl.BackgroundContainerMetadataScanner@2e6a8372 exiting.
2025-04-23 14:39:20,968 [ForkJoinPool.commonPool-worker-1] INFO  ozoneimpl.BackgroundContainerDataScanner (BackgroundContainerDataScanner.java:shutdown(141)) - ContainerDataScanner(/home/runner/work/ozone/ozone/hadoop-ozone/integration-test/target/test-dir/MiniOzoneClusterImpl-68853c07-42d2-4ef8-9e75-e3a852294e6a/ozone-meta/datanode-1/data-0/hdds) is shutting down. 
2025-04-23 14:39:20,968 [ContainerDataScanner(/home/runner/work/ozone/ozone/hadoop-ozone/integration-test/target/test-dir/MiniOzoneClusterImpl-68853c07-42d2-4ef8-9e75-e3a852294e6a/ozone-meta/datanode-1/data-0/hdds)] WARN  ozoneimpl.AbstractBackgroundContainerScanner (AbstractBackgroundContainerScanner.java:handleRemainingSleep(136)) - Background container scan was interrupted.
2025-04-23 14:39:20,968 [ContainerDataScanner(/home/runner/work/ozone/ozone/hadoop-ozone/integration-test/target/test-dir/MiniOzoneClusterImpl-68853c07-42d2-4ef8-9e75-e3a852294e6a/ozone-meta/datanode-1/data-0/hdds)] INFO  ozoneimpl.AbstractBackgroundContainerScanner (AbstractBackgroundContainerScanner.java:run(63)) - ContainerDataScanner(/home/runner/work/ozone/ozone/hadoop-ozone/integration-test/target/test-dir/MiniOzoneClusterImpl-68853c07-42d2-4ef8-9e75-e3a852294e6a/ozone-meta/datanode-1/data-0/hdds, DS-532b65ba-8f23-4ad6-b2e0-d357993378e8) exiting.
2025-04-23 14:39:20,968 [ForkJoinPool.commonPool-worker-1] INFO  ratis.XceiverServerRatis (XceiverServerRatis.java:stop(594)) - Closing XceiverServerRatis(b3e33d86-0447-4fd5-9cd5-f314a86cc755)
2025-04-23 14:39:20,968 [ForkJoinPool.commonPool-worker-1] INFO  server.RaftServer (RaftServerProxy.java:lambda$close$9(417)) - b3e33d86-0447-4fd5-9cd5-f314a86cc755: close
2025-04-23 14:39:20,969 [b3e33d86-0447-4fd5-9cd5-f314a86cc755-impl-thread2] INFO  server.RaftServer$Division (RaftServerImpl.java:lambda$close$1(513)) - b3e33d86-0447-4fd5-9cd5-f314a86cc755@group-85496F183443: shutdown
2025-04-23 14:39:20,969 [b3e33d86-0447-4fd5-9cd5-f314a86cc755-impl-thread2] INFO  util.JmxRegister (JmxRegister.java:unregister(74)) - Successfully un-registered JMX Bean with object name Ratis:service=RaftServer,group=group-85496F183443,id=b3e33d86-0447-4fd5-9cd5-f314a86cc755
2025-04-23 14:39:20,969 [b3e33d86-0447-4fd5-9cd5-f314a86cc755-impl-thread2] INFO  impl.RoleInfo (RoleInfo.java:shutdownFollowerState(121)) - b3e33d86-0447-4fd5-9cd5-f314a86cc755: shutdown b3e33d86-0447-4fd5-9cd5-f314a86cc755@group-85496F183443-FollowerState
2025-04-23 14:39:20,969 [b3e33d86-0447-4fd5-9cd5-f314a86cc755-impl-thread2] INFO  impl.StateMachineUpdater (StateMachineUpdater.java:stopAndJoin(164)) - b3e33d86-0447-4fd5-9cd5-f314a86cc755@group-85496F183443-StateMachineUpdater: set stopIndex = 0
2025-04-23 14:39:20,969 [b3e33d86-0447-4fd5-9cd5-f314a86cc755-impl-thread3] INFO  server.RaftServer$Division (RaftServerImpl.java:lambda$close$1(513)) - b3e33d86-0447-4fd5-9cd5-f314a86cc755@group-BA30D5AC7B91: shutdown
2025-04-23 14:39:20,969 [b3e33d86-0447-4fd5-9cd5-f314a86cc755-impl-thread3] INFO  util.JmxRegister (JmxRegister.java:unregister(74)) - Successfully un-registered JMX Bean with object name Ratis:service=RaftServer,group=group-BA30D5AC7B91,id=b3e33d86-0447-4fd5-9cd5-f314a86cc755
2025-04-23 14:39:20,969 [b3e33d86-0447-4fd5-9cd5-f314a86cc755-impl-thread3] INFO  impl.RoleInfo (RoleInfo.java:shutdownLeaderState(103)) - b3e33d86-0447-4fd5-9cd5-f314a86cc755: shutdown b3e33d86-0447-4fd5-9cd5-f314a86cc755@group-BA30D5AC7B91-LeaderStateImpl
2025-04-23 14:39:20,969 [b3e33d86-0447-4fd5-9cd5-f314a86cc755-impl-thread3] INFO  impl.PendingRequests (PendingRequests.java:sendNotLeaderResponses(287)) - b3e33d86-0447-4fd5-9cd5-f314a86cc755@group-BA30D5AC7B91-PendingRequests: sendNotLeaderResponses
2025-04-23 14:39:20,970 [b3e33d86-0447-4fd5-9cd5-f314a86cc755-impl-thread3] INFO  impl.StateMachineUpdater (StateMachineUpdater.java:stopAndJoin(164)) - b3e33d86-0447-4fd5-9cd5-f314a86cc755@group-BA30D5AC7B91-StateMachineUpdater: set stopIndex = 15
2025-04-23 14:39:20,970 [ForkJoinPool.commonPool-worker-1] INFO  server.GrpcService (GrpcService.java:closeImpl(343)) - b3e33d86-0447-4fd5-9cd5-f314a86cc755: shutdown server org.apache.ratis.grpc.server.GrpcClientProtocolService now
2025-04-23 14:39:20,970 [b3e33d86-0447-4fd5-9cd5-f314a86cc755-impl-thread4] INFO  server.RaftServer$Division (RaftServerImpl.java:lambda$close$1(513)) - b3e33d86-0447-4fd5-9cd5-f314a86cc755@group-08615C97F66E: shutdown
2025-04-23 14:39:20,970 [b3e33d86-0447-4fd5-9cd5-f314a86cc755-impl-thread4] INFO  util.JmxRegister (JmxRegister.java:unregister(74)) - Successfully un-registered JMX Bean with object name Ratis:service=RaftServer,group=group-08615C97F66E,id=b3e33d86-0447-4fd5-9cd5-f314a86cc755
2025-04-23 14:39:20,970 [b3e33d86-0447-4fd5-9cd5-f314a86cc755-impl-thread4] INFO  impl.RoleInfo (RoleInfo.java:shutdownFollowerState(121)) - b3e33d86-0447-4fd5-9cd5-f314a86cc755: shutdown b3e33d86-0447-4fd5-9cd5-f314a86cc755@group-08615C97F66E-FollowerState
2025-04-23 14:39:20,970 [b3e33d86-0447-4fd5-9cd5-f314a86cc755-impl-thread4] INFO  impl.StateMachineUpdater (StateMachineUpdater.java:stopAndJoin(164)) - b3e33d86-0447-4fd5-9cd5-f314a86cc755@group-08615C97F66E-StateMachineUpdater: set stopIndex = 0
2025-04-23 14:39:20,971 [Thread-6981] INFO  server.GrpcServerProtocolClient (GrpcServerProtocolClient.java:close(105)) - 2f27ff4a-e7fd-448a-86d2-53e05ca0039d Close channels
2025-04-23 14:39:20,971 [Thread-6982] INFO  server.GrpcServerProtocolClient (GrpcServerProtocolClient.java:close(105)) - 90a71c42-cf1a-4ac2-af8f-9011ebfd0240 Close channels
2025-04-23 14:39:20,971 [ForkJoinPool.commonPool-worker-1] INFO  server.GrpcService (GrpcService.java:closeImpl(352)) - b3e33d86-0447-4fd5-9cd5-f314a86cc755: shutdown server org.apache.ratis.grpc.server.GrpcClientProtocolService successfully
2025-04-23 14:39:20,972 [ForkJoinPool.commonPool-worker-1] INFO  server.GrpcService (GrpcService.java:closeImpl(343)) - b3e33d86-0447-4fd5-9cd5-f314a86cc755: shutdown server GrpcServerProtocolService now
2025-04-23 14:39:20,972 [ForkJoinPool.commonPool-worker-1] INFO  server.GrpcService (GrpcService.java:closeImpl(352)) - b3e33d86-0447-4fd5-9cd5-f314a86cc755: shutdown server GrpcServerProtocolService successfully
2025-04-23 14:39:20,972 [ForkJoinPool.commonPool-worker-1] INFO  server.GrpcService (GrpcService.java:closeImpl(343)) - b3e33d86-0447-4fd5-9cd5-f314a86cc755: shutdown server org.apache.ratis.grpc.server.GrpcAdminProtocolService now
2025-04-23 14:39:20,972 [b3e33d86-0447-4fd5-9cd5-f314a86cc755@group-85496F183443-FollowerState] INFO  impl.FollowerState (FollowerState.java:runImpl(170)) - b3e33d86-0447-4fd5-9cd5-f314a86cc755@group-85496F183443-FollowerState was interrupted
2025-04-23 14:39:20,972 [b3e33d86-0447-4fd5-9cd5-f314a86cc755@group-85496F183443-StateMachineUpdater] INFO  ratis.ContainerStateMachine (ContainerStateMachine.java:takeSnapshot(426)) - group-85496F183443: Taking a snapshot at:(t:1, i:0) file /home/runner/work/ozone/ozone/hadoop-ozone/integration-test/target/test-dir/MiniOzoneClusterImpl-68853c07-42d2-4ef8-9e75-e3a852294e6a/ozone-meta/datanode-1/ratis/b2345045-09bf-4935-b2ff-85496f183443/sm/snapshot.1_0
2025-04-23 14:39:20,972 [b3e33d86-0447-4fd5-9cd5-f314a86cc755@group-BA30D5AC7B91-StateMachineUpdater] INFO  ratis.ContainerStateMachine (ContainerStateMachine.java:takeSnapshot(426)) - group-BA30D5AC7B91: Taking a snapshot at:(t:1, i:15) file /home/runner/work/ozone/ozone/hadoop-ozone/integration-test/target/test-dir/MiniOzoneClusterImpl-68853c07-42d2-4ef8-9e75-e3a852294e6a/ozone-meta/datanode-1/ratis/0f88f82f-72b1-46de-92bd-ba30d5ac7b91/sm/snapshot.1_15
2025-04-23 14:39:20,973 [b3e33d86-0447-4fd5-9cd5-f314a86cc755@group-08615C97F66E-StateMachineUpdater] INFO  ratis.ContainerStateMachine (ContainerStateMachine.java:takeSnapshot(426)) - group-08615C97F66E: Taking a snapshot at:(t:1, i:0) file /home/runner/work/ozone/ozone/hadoop-ozone/integration-test/target/test-dir/MiniOzoneClusterImpl-68853c07-42d2-4ef8-9e75-e3a852294e6a/ozone-meta/datanode-1/ratis/b788c4d6-5c0b-4081-87b5-08615c97f66e/sm/snapshot.1_0
2025-04-23 14:39:20,970 [b3e33d86-0447-4fd5-9cd5-f314a86cc755@group-08615C97F66E-FollowerState] INFO  impl.FollowerState (FollowerState.java:runImpl(170)) - b3e33d86-0447-4fd5-9cd5-f314a86cc755@group-08615C97F66E-FollowerState was interrupted
2025-04-23 14:39:20,972 [ForkJoinPool.commonPool-worker-1] INFO  server.GrpcService (GrpcService.java:closeImpl(352)) - b3e33d86-0447-4fd5-9cd5-f314a86cc755: shutdown server org.apache.ratis.grpc.server.GrpcAdminProtocolService successfully
2025-04-23 14:39:20,975 [b3e33d86-0447-4fd5-9cd5-f314a86cc755@group-85496F183443-StateMachineUpdater] INFO  ratis.ContainerStateMachine (ContainerStateMachine.java:takeSnapshot(435)) - group-85496F183443: Finished taking a snapshot at:(t:1, i:0) file:/home/runner/work/ozone/ozone/hadoop-ozone/integration-test/target/test-dir/MiniOzoneClusterImpl-68853c07-42d2-4ef8-9e75-e3a852294e6a/ozone-meta/datanode-1/ratis/b2345045-09bf-4935-b2ff-85496f183443/sm/snapshot.1_0 took: 3 ms
2025-04-23 14:39:20,976 [b3e33d86-0447-4fd5-9cd5-f314a86cc755@group-85496F183443-StateMachineUpdater] INFO  impl.StateMachineUpdater (StateMachineUpdater.java:takeSnapshot(303)) - b3e33d86-0447-4fd5-9cd5-f314a86cc755@group-85496F183443-StateMachineUpdater: Took a snapshot at index 0
2025-04-23 14:39:20,976 [b3e33d86-0447-4fd5-9cd5-f314a86cc755@group-85496F183443-StateMachineUpdater] INFO  impl.StateMachineUpdater (StateMachineUpdater.java:lambda$new$0(102)) - b3e33d86-0447-4fd5-9cd5-f314a86cc755@group-85496F183443-StateMachineUpdater: snapshotIndex: updateIncreasingly -1 -> 0
2025-04-23 14:39:20,975 [b3e33d86-0447-4fd5-9cd5-f314a86cc755@group-08615C97F66E-StateMachineUpdater] INFO  ratis.ContainerStateMachine (ContainerStateMachine.java:takeSnapshot(435)) - group-08615C97F66E: Finished taking a snapshot at:(t:1, i:0) file:/home/runner/work/ozone/ozone/hadoop-ozone/integration-test/target/test-dir/MiniOzoneClusterImpl-68853c07-42d2-4ef8-9e75-e3a852294e6a/ozone-meta/datanode-1/ratis/b788c4d6-5c0b-4081-87b5-08615c97f66e/sm/snapshot.1_0 took: 2 ms
2025-04-23 14:39:20,976 [b3e33d86-0447-4fd5-9cd5-f314a86cc755@group-85496F183443-StateMachineUpdater] INFO  impl.StateMachineUpdater (StateMachineUpdater.java:stop(141)) - b3e33d86-0447-4fd5-9cd5-f314a86cc755@group-85496F183443-StateMachineUpdater: closing ContainerStateMachine, lastApplied=(t:1, i:0)
2025-04-23 14:39:20,976 [b3e33d86-0447-4fd5-9cd5-f314a86cc755@group-08615C97F66E-StateMachineUpdater] INFO  impl.StateMachineUpdater (StateMachineUpdater.java:takeSnapshot(303)) - b3e33d86-0447-4fd5-9cd5-f314a86cc755@group-08615C97F66E-StateMachineUpdater: Took a snapshot at index 0
2025-04-23 14:39:20,976 [b3e33d86-0447-4fd5-9cd5-f314a86cc755@group-08615C97F66E-StateMachineUpdater] INFO  impl.StateMachineUpdater (StateMachineUpdater.java:lambda$new$0(102)) - b3e33d86-0447-4fd5-9cd5-f314a86cc755@group-08615C97F66E-StateMachineUpdater: snapshotIndex: updateIncreasingly -1 -> 0
2025-04-23 14:39:20,976 [b3e33d86-0447-4fd5-9cd5-f314a86cc755@group-08615C97F66E-StateMachineUpdater] INFO  impl.StateMachineUpdater (StateMachineUpdater.java:stop(141)) - b3e33d86-0447-4fd5-9cd5-f314a86cc755@group-08615C97F66E-StateMachineUpdater: closing ContainerStateMachine, lastApplied=(t:1, i:0)
2025-04-23 14:39:20,975 [b3e33d86-0447-4fd5-9cd5-f314a86cc755@group-BA30D5AC7B91-StateMachineUpdater] INFO  ratis.ContainerStateMachine (ContainerStateMachine.java:takeSnapshot(435)) - group-BA30D5AC7B91: Finished taking a snapshot at:(t:1, i:15) file:/home/runner/work/ozone/ozone/hadoop-ozone/integration-test/target/test-dir/MiniOzoneClusterImpl-68853c07-42d2-4ef8-9e75-e3a852294e6a/ozone-meta/datanode-1/ratis/0f88f82f-72b1-46de-92bd-ba30d5ac7b91/sm/snapshot.1_15 took: 3 ms
2025-04-23 14:39:20,977 [b3e33d86-0447-4fd5-9cd5-f314a86cc755@group-BA30D5AC7B91-StateMachineUpdater] INFO  impl.StateMachineUpdater (StateMachineUpdater.java:takeSnapshot(303)) - b3e33d86-0447-4fd5-9cd5-f314a86cc755@group-BA30D5AC7B91-StateMachineUpdater: Took a snapshot at index 15
2025-04-23 14:39:20,977 [b3e33d86-0447-4fd5-9cd5-f314a86cc755@group-BA30D5AC7B91-StateMachineUpdater] INFO  impl.StateMachineUpdater (StateMachineUpdater.java:lambda$new$0(102)) - b3e33d86-0447-4fd5-9cd5-f314a86cc755@group-BA30D5AC7B91-StateMachineUpdater: snapshotIndex: updateIncreasingly -1 -> 15
2025-04-23 14:39:20,977 [b3e33d86-0447-4fd5-9cd5-f314a86cc755@group-BA30D5AC7B91-StateMachineUpdater] INFO  impl.StateMachineUpdater (StateMachineUpdater.java:stop(141)) - b3e33d86-0447-4fd5-9cd5-f314a86cc755@group-BA30D5AC7B91-StateMachineUpdater: closing ContainerStateMachine, lastApplied=(t:1, i:15)
2025-04-23 14:39:20,977 [b3e33d86-0447-4fd5-9cd5-f314a86cc755@group-85496F183443-cacheEviction-AwaitToRun] INFO  util.AwaitToRun (AwaitToRun.java:run(49)) - b3e33d86-0447-4fd5-9cd5-f314a86cc755@group-85496F183443-cacheEviction-AwaitToRun-AwaitForSignal is interrupted
2025-04-23 14:39:20,977 [b3e33d86-0447-4fd5-9cd5-f314a86cc755@group-08615C97F66E-cacheEviction-AwaitToRun] INFO  util.AwaitToRun (AwaitToRun.java:run(49)) - b3e33d86-0447-4fd5-9cd5-f314a86cc755@group-08615C97F66E-cacheEviction-AwaitToRun-AwaitForSignal is interrupted
2025-04-23 14:39:20,978 [b3e33d86-0447-4fd5-9cd5-f314a86cc755@group-BA30D5AC7B91-cacheEviction-AwaitToRun] INFO  util.AwaitToRun (AwaitToRun.java:run(49)) - b3e33d86-0447-4fd5-9cd5-f314a86cc755@group-BA30D5AC7B91-cacheEviction-AwaitToRun-AwaitForSignal is interrupted
2025-04-23 14:39:20,981 [b3e33d86-0447-4fd5-9cd5-f314a86cc755-NettyServerStreamRpc-bossGroup--thread1] INFO  logging.LoggingHandler (AbstractInternalLogger.java:log(148)) - [id: 0xcef78054, L:/0.0.0.0:15024] CLOSE
2025-04-23 14:39:20,981 [b3e33d86-0447-4fd5-9cd5-f314a86cc755-NettyServerStreamRpc-bossGroup--thread1] INFO  logging.LoggingHandler (AbstractInternalLogger.java:log(148)) - [id: 0xcef78054, L:/0.0.0.0:15024] INACTIVE
2025-04-23 14:39:20,981 [b3e33d86-0447-4fd5-9cd5-f314a86cc755-NettyServerStreamRpc-bossGroup--thread1] INFO  logging.LoggingHandler (AbstractInternalLogger.java:log(148)) - [id: 0xcef78054, L:/0.0.0.0:15024] UNREGISTERED
2025-04-23 14:39:21,036 [b3e33d86-0447-4fd5-9cd5-f314a86cc755-impl-thread3] INFO  segmented.SegmentedRaftLogWorker (SegmentedRaftLogWorker.java:close(252)) - b3e33d86-0447-4fd5-9cd5-f314a86cc755@group-BA30D5AC7B91-SegmentedRaftLogWorker close()
2025-04-23 14:39:21,036 [b3e33d86-0447-4fd5-9cd5-f314a86cc755-impl-thread3] INFO  ratis.ContainerStateMachine (ContainerStateMachine.java:notifyServerShutdown(1037)) - group-BA30D5AC7B91 is closed by HddsDatanodeService
2025-04-23 14:39:21,396 [2f27ff4a-e7fd-448a-86d2-53e05ca0039d-impl-thread3] INFO  segmented.SegmentedRaftLogWorker (SegmentedRaftLogWorker.java:close(252)) - 2f27ff4a-e7fd-448a-86d2-53e05ca0039d@group-96E6188AF822-SegmentedRaftLogWorker close()
2025-04-23 14:39:21,397 [2f27ff4a-e7fd-448a-86d2-53e05ca0039d-impl-thread3] INFO  ratis.ContainerStateMachine (ContainerStateMachine.java:notifyServerShutdown(1037)) - group-96E6188AF822 is closed by HddsDatanodeService
2025-04-23 14:39:21,397 [JvmPauseMonitor7] INFO  util.JvmPauseMonitor (JvmPauseMonitor.java:run(152)) - JvmPauseMonitor-2f27ff4a-e7fd-448a-86d2-53e05ca0039d: Stopped
2025-04-23 14:39:21,451 [b3e33d86-0447-4fd5-9cd5-f314a86cc755-impl-thread4] INFO  segmented.SegmentedRaftLogWorker (SegmentedRaftLogWorker.java:close(252)) - b3e33d86-0447-4fd5-9cd5-f314a86cc755@group-08615C97F66E-SegmentedRaftLogWorker close()
2025-04-23 14:39:21,452 [b3e33d86-0447-4fd5-9cd5-f314a86cc755-impl-thread4] INFO  ratis.ContainerStateMachine (ContainerStateMachine.java:notifyServerShutdown(1037)) - group-08615C97F66E is closed by HddsDatanodeService
2025-04-23 14:39:21,630 [b3e33d86-0447-4fd5-9cd5-f314a86cc755-impl-thread2] INFO  segmented.SegmentedRaftLogWorker (SegmentedRaftLogWorker.java:close(252)) - b3e33d86-0447-4fd5-9cd5-f314a86cc755@group-85496F183443-SegmentedRaftLogWorker close()
2025-04-23 14:39:21,630 [b3e33d86-0447-4fd5-9cd5-f314a86cc755-impl-thread2] INFO  ratis.ContainerStateMachine (ContainerStateMachine.java:notifyServerShutdown(1037)) - group-85496F183443 is closed by HddsDatanodeService
2025-04-23 14:39:21,630 [JvmPauseMonitor5] INFO  util.JvmPauseMonitor (JvmPauseMonitor.java:run(152)) - JvmPauseMonitor-b3e33d86-0447-4fd5-9cd5-f314a86cc755: Stopped
2025-04-23 14:39:21,967 [b3e33d86-0447-4fd5-9cd5-f314a86cc755-EndpointStateMachineTaskThread-/0.0.0.0:15002-0 ] INFO  ipc.Client (Client.java:handleConnectionFailure(966)) - Retrying connect to server: 0.0.0.0/0.0.0.0:15002. Already tried 1 time(s); retry policy is RetryUpToMaximumCountWithFixedSleep(maxRetries=15, sleepTime=1000 MILLISECONDS)
2025-04-23 14:39:22,622 [main] INFO  utils.DatanodeStoreCache (DatanodeStoreCache.java:shutdownCache(115)) - Skip clearing cache in mini cluster mode. Entries left: [/home/runner/work/ozone/ozone/hadoop-ozone/integration-test/target/test-dir/MiniOzoneClusterImpl-68853c07-42d2-4ef8-9e75-e3a852294e6a/ozone-meta/datanode-1/data-0/hdds/68853c07-42d2-4ef8-9e75-e3a852294e6a/DS-532b65ba-8f23-4ad6-b2e0-d357993378e8/container.db, /home/runner/work/ozone/ozone/hadoop-ozone/integration-test/target/test-dir/MiniOzoneClusterImpl-68853c07-42d2-4ef8-9e75-e3a852294e6a/ozone-meta/datanode-2/data-0/hdds/68853c07-42d2-4ef8-9e75-e3a852294e6a/DS-b3961290-bda6-4e86-abd7-b4325de5c93b/container.db, /home/runner/work/ozone/ozone/hadoop-ozone/integration-test/target/test-dir/MiniOzoneClusterImpl-68853c07-42d2-4ef8-9e75-e3a852294e6a/ozone-meta/datanode-3/data-0/hdds/68853c07-42d2-4ef8-9e75-e3a852294e6a/DS-fdd33093-8307-4fea-bfee-513e9f878f91/container.db]
2025-04-23 14:39:22,624 [main] INFO  utils.DatanodeStoreCache (DatanodeStoreCache.java:removeDB(109)) - Removed db /home/runner/work/ozone/ozone/hadoop-ozone/integration-test/target/test-dir/MiniOzoneClusterImpl-68853c07-42d2-4ef8-9e75-e3a852294e6a/ozone-meta/datanode-2/data-0/hdds/68853c07-42d2-4ef8-9e75-e3a852294e6a/DS-b3961290-bda6-4e86-abd7-b4325de5c93b/container.db from cache
2025-04-23 14:39:22,624 [main] INFO  volume.HddsVolume (HddsVolume.java:closeDbStore(543)) - SchemaV3 db is stopped at /home/runner/work/ozone/ozone/hadoop-ozone/integration-test/target/test-dir/MiniOzoneClusterImpl-68853c07-42d2-4ef8-9e75-e3a852294e6a/ozone-meta/datanode-2/data-0/hdds/68853c07-42d2-4ef8-9e75-e3a852294e6a/DS-b3961290-bda6-4e86-abd7-b4325de5c93b/container.db for volume DS-b3961290-bda6-4e86-abd7-b4325de5c93b
2025-04-23 14:39:22,624 [main] INFO  utils.BackgroundService (BackgroundService.java:shutdown(161)) - Shutting down service BlockDeletingService
2025-04-23 14:39:22,624 [main] INFO  utils.BackgroundService (BackgroundService.java:shutdown(161)) - Shutting down service StaleRecoveringContainerScrubbingService
2025-04-23 14:39:22,626 [main] INFO  statemachine.DatanodeStateMachine (DatanodeStateMachine.java:stopDaemon(629)) - Ozone container server stopped.
2025-04-23 14:39:22,639 [main] INFO  handler.ContextHandler (ContextHandler.java:doStop(1159)) - Stopped o.e.j.w.WebAppContext@180a59f2{hddsDatanode,/,null,STOPPED}{jar:file:/home/runner/work/ozone/ozone/hadoop-hdds/container-service/target/hdds-container-service-2.1.0-SNAPSHOT.jar!/webapps/hddsDatanode}
2025-04-23 14:39:22,639 [main] INFO  server.AbstractConnector (AbstractConnector.java:doStop(383)) - Stopped ServerConnector@1f001021{HTTP/1.1, (http/1.1)}{0.0.0.0:15026}
2025-04-23 14:39:22,639 [main] INFO  server.session (HouseKeeper.java:stopScavenging(149)) - node0 Stopped scavenging
2025-04-23 14:39:22,640 [main] INFO  handler.ContextHandler (ContextHandler.java:doStop(1159)) - Stopped o.e.j.s.ServletContextHandler@7e2bd4e2{static,/static,jar:file:/home/runner/work/ozone/ozone/hadoop-hdds/container-service/target/hdds-container-service-2.1.0-SNAPSHOT.jar!/webapps/static,STOPPED}
2025-04-23 14:39:22,640 [main] INFO  handler.ContextHandler (ContextHandler.java:doStop(1159)) - Stopped o.e.j.s.ServletContextHandler@6acda1ed{logs,/logs,file:///home/runner/work/ozone/ozone/hadoop-ozone/integration-test/target/log,STOPPED}
2025-04-23 14:39:22,640 [main] INFO  ozone.HddsDatanodeClientProtocolServer (HddsDatanodeClientProtocolServer.java:stop(82)) - Stopping the RPC server for Client Protocol
2025-04-23 14:39:22,640 [main] INFO  ipc.Server (Server.java:stop(3697)) - Stopping server on 15027
2025-04-23 14:39:22,642 [IPC Server listener on 15027] INFO  ipc.Server (Server.java:run(1585)) - Stopping IPC Server listener on 15027
2025-04-23 14:39:22,642 [IPC Server Responder] INFO  ipc.Server (Server.java:run(1718)) - Stopping IPC Server Responder
2025-04-23 14:39:22,968 [b3e33d86-0447-4fd5-9cd5-f314a86cc755-EndpointStateMachineTaskThread-/0.0.0.0:15002-0 ] INFO  ipc.Client (Client.java:handleConnectionFailure(966)) - Retrying connect to server: 0.0.0.0/0.0.0.0:15002. Already tried 2 time(s); retry policy is RetryUpToMaximumCountWithFixedSleep(maxRetries=15, sleepTime=1000 MILLISECONDS)
2025-04-23 14:39:23,400 [ForkJoinPool.commonPool-worker-3] INFO  utils.DatanodeStoreCache (DatanodeStoreCache.java:shutdownCache(115)) - Skip clearing cache in mini cluster mode. Entries left: [/home/runner/work/ozone/ozone/hadoop-ozone/integration-test/target/test-dir/MiniOzoneClusterImpl-68853c07-42d2-4ef8-9e75-e3a852294e6a/ozone-meta/datanode-1/data-0/hdds/68853c07-42d2-4ef8-9e75-e3a852294e6a/DS-532b65ba-8f23-4ad6-b2e0-d357993378e8/container.db, /home/runner/work/ozone/ozone/hadoop-ozone/integration-test/target/test-dir/MiniOzoneClusterImpl-68853c07-42d2-4ef8-9e75-e3a852294e6a/ozone-meta/datanode-3/data-0/hdds/68853c07-42d2-4ef8-9e75-e3a852294e6a/DS-fdd33093-8307-4fea-bfee-513e9f878f91/container.db]
2025-04-23 14:39:23,402 [ForkJoinPool.commonPool-worker-3] INFO  utils.DatanodeStoreCache (DatanodeStoreCache.java:removeDB(109)) - Removed db /home/runner/work/ozone/ozone/hadoop-ozone/integration-test/target/test-dir/MiniOzoneClusterImpl-68853c07-42d2-4ef8-9e75-e3a852294e6a/ozone-meta/datanode-3/data-0/hdds/68853c07-42d2-4ef8-9e75-e3a852294e6a/DS-fdd33093-8307-4fea-bfee-513e9f878f91/container.db from cache
2025-04-23 14:39:23,402 [ForkJoinPool.commonPool-worker-3] INFO  volume.HddsVolume (HddsVolume.java:closeDbStore(543)) - SchemaV3 db is stopped at /home/runner/work/ozone/ozone/hadoop-ozone/integration-test/target/test-dir/MiniOzoneClusterImpl-68853c07-42d2-4ef8-9e75-e3a852294e6a/ozone-meta/datanode-3/data-0/hdds/68853c07-42d2-4ef8-9e75-e3a852294e6a/DS-fdd33093-8307-4fea-bfee-513e9f878f91/container.db for volume DS-fdd33093-8307-4fea-bfee-513e9f878f91
2025-04-23 14:39:23,402 [ForkJoinPool.commonPool-worker-3] INFO  utils.BackgroundService (BackgroundService.java:shutdown(161)) - Shutting down service BlockDeletingService
2025-04-23 14:39:23,403 [ForkJoinPool.commonPool-worker-3] INFO  utils.BackgroundService (BackgroundService.java:shutdown(161)) - Shutting down service StaleRecoveringContainerScrubbingService
2025-04-23 14:39:23,404 [ForkJoinPool.commonPool-worker-3] INFO  statemachine.DatanodeStateMachine (DatanodeStateMachine.java:stopDaemon(629)) - Ozone container server stopped.
2025-04-23 14:39:23,416 [ForkJoinPool.commonPool-worker-3] INFO  handler.ContextHandler (ContextHandler.java:doStop(1159)) - Stopped o.e.j.w.WebAppContext@788b9e07{hddsDatanode,/,null,STOPPED}{jar:file:/home/runner/work/ozone/ozone/hadoop-hdds/container-service/target/hdds-container-service-2.1.0-SNAPSHOT.jar!/webapps/hddsDatanode}
2025-04-23 14:39:23,416 [ForkJoinPool.commonPool-worker-3] INFO  server.AbstractConnector (AbstractConnector.java:doStop(383)) - Stopped ServerConnector@2f4210a8{HTTP/1.1, (http/1.1)}{0.0.0.0:15034}
2025-04-23 14:39:23,416 [ForkJoinPool.commonPool-worker-3] INFO  server.session (HouseKeeper.java:stopScavenging(149)) - node0 Stopped scavenging
2025-04-23 14:39:23,416 [ForkJoinPool.commonPool-worker-3] INFO  handler.ContextHandler (ContextHandler.java:doStop(1159)) - Stopped o.e.j.s.ServletContextHandler@3755b8da{static,/static,jar:file:/home/runner/work/ozone/ozone/hadoop-hdds/container-service/target/hdds-container-service-2.1.0-SNAPSHOT.jar!/webapps/static,STOPPED}
2025-04-23 14:39:23,417 [ForkJoinPool.commonPool-worker-3] INFO  handler.ContextHandler (ContextHandler.java:doStop(1159)) - Stopped o.e.j.s.ServletContextHandler@1f60412a{logs,/logs,file:///home/runner/work/ozone/ozone/hadoop-ozone/integration-test/target/log,STOPPED}
2025-04-23 14:39:23,417 [ForkJoinPool.commonPool-worker-3] INFO  ozone.HddsDatanodeClientProtocolServer (HddsDatanodeClientProtocolServer.java:stop(82)) - Stopping the RPC server for Client Protocol
2025-04-23 14:39:23,417 [ForkJoinPool.commonPool-worker-3] INFO  ipc.Server (Server.java:stop(3697)) - Stopping server on 15035
2025-04-23 14:39:23,418 [IPC Server listener on 15035] INFO  ipc.Server (Server.java:run(1585)) - Stopping IPC Server listener on 15035
2025-04-23 14:39:23,418 [IPC Server Responder] INFO  ipc.Server (Server.java:run(1718)) - Stopping IPC Server Responder
2025-04-23 14:39:23,634 [ForkJoinPool.commonPool-worker-1] INFO  utils.DatanodeStoreCache (DatanodeStoreCache.java:shutdownCache(115)) - Skip clearing cache in mini cluster mode. Entries left: [/home/runner/work/ozone/ozone/hadoop-ozone/integration-test/target/test-dir/MiniOzoneClusterImpl-68853c07-42d2-4ef8-9e75-e3a852294e6a/ozone-meta/datanode-1/data-0/hdds/68853c07-42d2-4ef8-9e75-e3a852294e6a/DS-532b65ba-8f23-4ad6-b2e0-d357993378e8/container.db]
2025-04-23 14:39:23,635 [ForkJoinPool.commonPool-worker-1] INFO  utils.DatanodeStoreCache (DatanodeStoreCache.java:removeDB(109)) - Removed db /home/runner/work/ozone/ozone/hadoop-ozone/integration-test/target/test-dir/MiniOzoneClusterImpl-68853c07-42d2-4ef8-9e75-e3a852294e6a/ozone-meta/datanode-1/data-0/hdds/68853c07-42d2-4ef8-9e75-e3a852294e6a/DS-532b65ba-8f23-4ad6-b2e0-d357993378e8/container.db from cache
2025-04-23 14:39:23,635 [ForkJoinPool.commonPool-worker-1] INFO  volume.HddsVolume (HddsVolume.java:closeDbStore(543)) - SchemaV3 db is stopped at /home/runner/work/ozone/ozone/hadoop-ozone/integration-test/target/test-dir/MiniOzoneClusterImpl-68853c07-42d2-4ef8-9e75-e3a852294e6a/ozone-meta/datanode-1/data-0/hdds/68853c07-42d2-4ef8-9e75-e3a852294e6a/DS-532b65ba-8f23-4ad6-b2e0-d357993378e8/container.db for volume DS-532b65ba-8f23-4ad6-b2e0-d357993378e8
2025-04-23 14:39:23,635 [ForkJoinPool.commonPool-worker-1] INFO  utils.BackgroundService (BackgroundService.java:shutdown(161)) - Shutting down service BlockDeletingService
2025-04-23 14:39:23,636 [ForkJoinPool.commonPool-worker-1] INFO  utils.BackgroundService (BackgroundService.java:shutdown(161)) - Shutting down service StaleRecoveringContainerScrubbingService
2025-04-23 14:39:23,637 [ForkJoinPool.commonPool-worker-1] INFO  statemachine.DatanodeStateMachine (DatanodeStateMachine.java:stopDaemon(629)) - Ozone container server stopped.
2025-04-23 14:39:23,649 [ForkJoinPool.commonPool-worker-1] INFO  handler.ContextHandler (ContextHandler.java:doStop(1159)) - Stopped o.e.j.w.WebAppContext@1a82c5b5{hddsDatanode,/,null,STOPPED}{jar:file:/home/runner/work/ozone/ozone/hadoop-hdds/container-service/target/hdds-container-service-2.1.0-SNAPSHOT.jar!/webapps/hddsDatanode}
2025-04-23 14:39:23,650 [ForkJoinPool.commonPool-worker-1] INFO  server.AbstractConnector (AbstractConnector.java:doStop(383)) - Stopped ServerConnector@4654aab6{HTTP/1.1, (http/1.1)}{0.0.0.0:15018}
2025-04-23 14:39:23,650 [ForkJoinPool.commonPool-worker-1] INFO  server.session (HouseKeeper.java:stopScavenging(149)) - node0 Stopped scavenging
2025-04-23 14:39:23,650 [ForkJoinPool.commonPool-worker-1] INFO  handler.ContextHandler (ContextHandler.java:doStop(1159)) - Stopped o.e.j.s.ServletContextHandler@72be2170{static,/static,jar:file:/home/runner/work/ozone/ozone/hadoop-hdds/container-service/target/hdds-container-service-2.1.0-SNAPSHOT.jar!/webapps/static,STOPPED}
2025-04-23 14:39:23,650 [ForkJoinPool.commonPool-worker-1] INFO  handler.ContextHandler (ContextHandler.java:doStop(1159)) - Stopped o.e.j.s.ServletContextHandler@65a44d8a{logs,/logs,file:///home/runner/work/ozone/ozone/hadoop-ozone/integration-test/target/log,STOPPED}
2025-04-23 14:39:23,651 [ForkJoinPool.commonPool-worker-1] INFO  ozone.HddsDatanodeClientProtocolServer (HddsDatanodeClientProtocolServer.java:stop(82)) - Stopping the RPC server for Client Protocol
2025-04-23 14:39:23,651 [ForkJoinPool.commonPool-worker-1] INFO  ipc.Server (Server.java:stop(3697)) - Stopping server on 15019
2025-04-23 14:39:23,653 [IPC Server Responder] INFO  ipc.Server (Server.java:run(1718)) - Stopping IPC Server Responder
2025-04-23 14:39:23,653 [IPC Server listener on 15019] INFO  ipc.Server (Server.java:run(1585)) - Stopping IPC Server listener on 15019
2025-04-23 14:39:23,670 [main] WARN  server.ServerUtils (ServerUtils.java:getScmDbDir(141)) - ozone.scm.db.dirs is not configured. We recommend adding this setting. Falling back to ozone.metadata.dirs instead.
2025-04-23 14:39:23,674 [main] INFO  ha.SCMHANodeDetails (SCMHANodeDetails.java:loadSCMHAConfig(162)) - ServiceID for StorageContainerManager is null
2025-04-23 14:39:23,675 [main] INFO  ha.SCMHANodeDetails (SCMHANodeDetails.java:loadSCMHAConfig(166)) - ozone.scm.default.service.id is not defined, falling back to ozone.scm.service.ids to find serviceID for StorageContainerManager if it is HA enabled cluster
2025-04-23 14:39:23,675 [main] INFO  server.RaftServerConfigKeys (ConfUtils.java:logGet(46)) - raft.server.log.appender.buffer.byte-limit = 4194304 (custom)
2025-04-23 14:39:23,676 [main] INFO  server.RaftServer (ConfUtils.java:logGet(46)) - raft.rpc.type = GRPC (default)
2025-04-23 14:39:23,676 [main] INFO  grpc.GrpcConfigKeys (ConfUtils.java:logFallback(53)) - raft.grpc.admin.host = null (fallback to raft.grpc.server.host)
2025-04-23 14:39:23,676 [main] INFO  grpc.GrpcConfigKeys (ConfUtils.java:logFallback(53)) - raft.grpc.admin.port = 15046 (fallback to raft.grpc.server.port)
2025-04-23 14:39:23,676 [main] INFO  grpc.GrpcConfigKeys (ConfUtils.java:logFallback(53)) - raft.grpc.client.host = null (fallback to raft.grpc.server.host)
2025-04-23 14:39:23,676 [main] INFO  grpc.GrpcConfigKeys (ConfUtils.java:logFallback(53)) - raft.grpc.client.port = 15046 (fallback to raft.grpc.server.port)
2025-04-23 14:39:23,677 [main] INFO  grpc.GrpcConfigKeys (ConfUtils.java:logGet(46)) - raft.grpc.server.host = null (default)
2025-04-23 14:39:23,677 [main] INFO  grpc.GrpcConfigKeys (ConfUtils.java:logGet(46)) - raft.grpc.server.port = 15046 (custom)
2025-04-23 14:39:23,677 [main] INFO  server.GrpcService (ConfUtils.java:logGet(46)) - raft.grpc.message.size.max = 5242880 (custom)
2025-04-23 14:39:23,677 [main] INFO  server.GrpcService (ConfUtils.java:logGet(46)) - raft.grpc.flow.control.window = 1MB (=1048576) (default)
2025-04-23 14:39:23,677 [main] INFO  server.RaftServerConfigKeys (ConfUtils.java:logGet(46)) - raft.server.rpc.request.timeout = 30000ms (custom)
2025-04-23 14:39:23,677 [main] INFO  grpc.GrpcConfigKeys (ConfUtils.java:logGet(46)) - raft.grpc.server.heartbeat.channel = true (default)
2025-04-23 14:39:23,677 [main] INFO  server.RaftServerConfigKeys (ConfUtils.java:logGet(46)) - raft.server.log.appender.buffer.byte-limit = 4194304 (custom)
2025-04-23 14:39:23,677 [main] INFO  grpc.GrpcConfigKeys (ConfUtils.java:logGet(46)) - raft.grpc.server.async.request.thread.pool.cached = true (default)
2025-04-23 14:39:23,677 [main] INFO  grpc.GrpcConfigKeys (ConfUtils.java:logGet(46)) - raft.grpc.server.async.request.thread.pool.size = 32 (default)
2025-04-23 14:39:23,679 [main] INFO  impl.DataStreamServerImpl (ConfUtils.java:logGet(46)) - raft.datastream.type = DISABLED (default)
2025-04-23 14:39:23,679 [main] INFO  server.RaftServerConfigKeys (ConfUtils.java:logGet(46)) - raft.server.sleep.deviation.threshold = 300ms (default)
2025-04-23 14:39:23,679 [main] INFO  server.RaftServerConfigKeys (ConfUtils.java:logGet(46)) - raft.server.close.threshold = 60s (default)
2025-04-23 14:39:23,679 [main] INFO  server.RaftServerConfigKeys (ConfUtils.java:logGet(46)) - raft.server.leaderelection.leader.step-down.wait-time = 10s (default)
2025-04-23 14:39:23,679 [main] INFO  server.RaftServerConfigKeys (ConfUtils.java:logGet(46)) - raft.server.storage.dir = [/home/runner/work/ozone/ozone/hadoop-ozone/integration-test/target/test-dir/MiniOzoneClusterImpl-feea018d-8976-442b-acbc-fedf3986ffa5/ozone-meta/scm-ha] (custom)
2025-04-23 14:39:23,679 [main] INFO  server.RaftServerConfigKeys (ConfUtils.java:logGet(46)) - raft.server.threadpool.proxy.cached = true (default)
2025-04-23 14:39:23,679 [main] INFO  server.RaftServerConfigKeys (ConfUtils.java:logGet(46)) - raft.server.threadpool.proxy.size = 0 (default)
2025-04-23 14:39:23,680 [main] INFO  server.RaftServer (RaftServerProxy.java:addNew(100)) - 6229d4c2-9d37-4ba8-b373-d0f9d49f2b38: addNew group-FEDF3986FFA5:[6229d4c2-9d37-4ba8-b373-d0f9d49f2b38|fv-az1120-822:15046] returns group-FEDF3986FFA5:java.util.concurrent.CompletableFuture@38177355[Not completed]
2025-04-23 14:39:23,680 [6229d4c2-9d37-4ba8-b373-d0f9d49f2b38-groupManagement] INFO  server.RaftServer$Division (RaftServerImpl.java:<init>(255)) - 6229d4c2-9d37-4ba8-b373-d0f9d49f2b38: new RaftServerImpl for group-FEDF3986FFA5:[6229d4c2-9d37-4ba8-b373-d0f9d49f2b38|fv-az1120-822:15046] with SCMStateMachine:uninitialized
2025-04-23 14:39:23,680 [6229d4c2-9d37-4ba8-b373-d0f9d49f2b38-groupManagement] INFO  server.RaftServerConfigKeys (ConfUtils.java:logGet(46)) - raft.server.rpc.timeout.min = 5000ms (custom)
2025-04-23 14:39:23,680 [6229d4c2-9d37-4ba8-b373-d0f9d49f2b38-groupManagement] INFO  server.RaftServerConfigKeys (ConfUtils.java:logGet(46)) - raft.server.rpc.timeout.max = 5200ms (custom)
2025-04-23 14:39:23,680 [6229d4c2-9d37-4ba8-b373-d0f9d49f2b38-groupManagement] INFO  server.RaftServerConfigKeys (ConfUtils.java:logGet(46)) - raft.server.rpc.sleep.time = 25ms (default)
2025-04-23 14:39:23,680 [6229d4c2-9d37-4ba8-b373-d0f9d49f2b38-groupManagement] INFO  server.RaftServerConfigKeys (ConfUtils.java:logGet(46)) - raft.server.rpc.slowness.timeout = 120000ms (custom)
2025-04-23 14:39:23,680 [6229d4c2-9d37-4ba8-b373-d0f9d49f2b38-groupManagement] INFO  server.RaftServerConfigKeys (ConfUtils.java:logGet(46)) - raft.server.leaderelection.leader.step-down.wait-time = 10s (default)
2025-04-23 14:39:23,680 [6229d4c2-9d37-4ba8-b373-d0f9d49f2b38-groupManagement] INFO  server.RaftServerConfigKeys (ConfUtils.java:logGet(46)) - raft.server.leaderelection.member.majority-add = false (default)
2025-04-23 14:39:23,680 [6229d4c2-9d37-4ba8-b373-d0f9d49f2b38-groupManagement] INFO  server.RaftServerConfigKeys (ConfUtils.java:logGet(46)) - raft.server.sleep.deviation.threshold = 300ms (default)
2025-04-23 14:39:23,681 [6229d4c2-9d37-4ba8-b373-d0f9d49f2b38-groupManagement] INFO  server.RaftServer$Division (ServerState.java:<init>(114)) - 6229d4c2-9d37-4ba8-b373-d0f9d49f2b38@group-FEDF3986FFA5: ConfigurationManager, init=conf: {index: -1, cur=peers:[6229d4c2-9d37-4ba8-b373-d0f9d49f2b38|fv-az1120-822:15046]|listeners:[], old=null}, confs=<EMPTY_MAP>
2025-04-23 14:39:23,681 [6229d4c2-9d37-4ba8-b373-d0f9d49f2b38-groupManagement] INFO  server.RaftServerConfigKeys (ConfUtils.java:logGet(46)) - raft.server.notification.no-leader.timeout = 60s (default)
2025-04-23 14:39:23,681 [6229d4c2-9d37-4ba8-b373-d0f9d49f2b38-groupManagement] INFO  server.RaftServerConfigKeys (ConfUtils.java:logGet(46)) - raft.server.read.timeout = 10s (default)
2025-04-23 14:39:23,681 [6229d4c2-9d37-4ba8-b373-d0f9d49f2b38-groupManagement] INFO  server.RaftServerConfigKeys (ConfUtils.java:logGet(46)) - raft.server.retrycache.expirytime = 60000ms (default)
2025-04-23 14:39:23,681 [6229d4c2-9d37-4ba8-b373-d0f9d49f2b38-groupManagement] INFO  server.RaftServerConfigKeys (ConfUtils.java:logGet(46)) - raft.server.retrycache.statistics.expirytime = 100ms (default)
2025-04-23 14:39:23,681 [6229d4c2-9d37-4ba8-b373-d0f9d49f2b38-groupManagement] INFO  server.RaftServerConfigKeys (ConfUtils.java:logGet(46)) - raft.server.read.option = DEFAULT (default)
2025-04-23 14:39:23,681 [6229d4c2-9d37-4ba8-b373-d0f9d49f2b38-groupManagement] INFO  server.RaftServerConfigKeys (ConfUtils.java:logGet(46)) - raft.server.read.read-after-write-consistent.write-index-cache.expiry-time = 60s (default)
2025-04-23 14:39:23,682 [6229d4c2-9d37-4ba8-b373-d0f9d49f2b38-groupManagement] INFO  server.RaftServerConfigKeys (ConfUtils.java:logGet(46)) - raft.server.rpc.request.timeout = 30000ms (custom)
2025-04-23 14:39:23,682 [6229d4c2-9d37-4ba8-b373-d0f9d49f2b38-groupManagement] INFO  server.RaftServerConfigKeys (ConfUtils.java:logGet(46)) - raft.server.log.appender.install.snapshot.enabled = false (custom)
2025-04-23 14:39:23,682 [6229d4c2-9d37-4ba8-b373-d0f9d49f2b38-groupManagement] INFO  server.RaftServerConfigKeys (ConfUtils.java:logGet(46)) - raft.server.threadpool.server.cached = true (default)
2025-04-23 14:39:23,682 [6229d4c2-9d37-4ba8-b373-d0f9d49f2b38-groupManagement] INFO  server.RaftServerConfigKeys (ConfUtils.java:logGet(46)) - raft.server.threadpool.server.size = 0 (default)
2025-04-23 14:39:23,682 [6229d4c2-9d37-4ba8-b373-d0f9d49f2b38-groupManagement] INFO  server.RaftServerConfigKeys (ConfUtils.java:logGet(46)) - raft.server.threadpool.client.cached = true (default)
2025-04-23 14:39:23,682 [6229d4c2-9d37-4ba8-b373-d0f9d49f2b38-groupManagement] INFO  server.RaftServerConfigKeys (ConfUtils.java:logGet(46)) - raft.server.threadpool.client.size = 0 (default)
2025-04-23 14:39:23,682 [6229d4c2-9d37-4ba8-b373-d0f9d49f2b38-impl-thread1] INFO  server.RaftServerConfigKeys (ConfUtils.java:logGet(46)) - raft.server.storage.free-space.min = 0MB (=0) (default)
2025-04-23 14:39:23,682 [6229d4c2-9d37-4ba8-b373-d0f9d49f2b38-impl-thread1] INFO  server.RaftServerConfigKeys (ConfUtils.java:logGet(46)) - raft.server.log.corruption.policy = EXCEPTION (default)
2025-04-23 14:39:23,682 [6229d4c2-9d37-4ba8-b373-d0f9d49f2b38-impl-thread1] INFO  server.RaftServerConfigKeys (ConfUtils.java:logGet(46)) - raft.server.storage.dir = [/home/runner/work/ozone/ozone/hadoop-ozone/integration-test/target/test-dir/MiniOzoneClusterImpl-feea018d-8976-442b-acbc-fedf3986ffa5/ozone-meta/scm-ha] (custom)
2025-04-23 14:39:23,682 [6229d4c2-9d37-4ba8-b373-d0f9d49f2b38-impl-thread1] INFO  storage.RaftStorageDirectory (RaftStorageDirectoryImpl.java:analyzeStorage(138)) - The storage directory /home/runner/work/ozone/ozone/hadoop-ozone/integration-test/target/test-dir/MiniOzoneClusterImpl-feea018d-8976-442b-acbc-fedf3986ffa5/ozone-meta/scm-ha/feea018d-8976-442b-acbc-fedf3986ffa5 does not exist. Creating ...
2025-04-23 14:39:23,683 [6229d4c2-9d37-4ba8-b373-d0f9d49f2b38-impl-thread1] INFO  storage.RaftStorageDirectory (RaftStorageDirectoryImpl.java:tryLock(229)) - Lock on /home/runner/work/ozone/ozone/hadoop-ozone/integration-test/target/test-dir/MiniOzoneClusterImpl-feea018d-8976-442b-acbc-fedf3986ffa5/ozone-meta/scm-ha/feea018d-8976-442b-acbc-fedf3986ffa5/in_use.lock acquired by nodename 129558@fv-az1120-822
2025-04-23 14:39:23,684 [6229d4c2-9d37-4ba8-b373-d0f9d49f2b38-impl-thread1] INFO  storage.RaftStorage (RaftStorageImpl.java:format(98)) - Storage directory /home/runner/work/ozone/ozone/hadoop-ozone/integration-test/target/test-dir/MiniOzoneClusterImpl-feea018d-8976-442b-acbc-fedf3986ffa5/ozone-meta/scm-ha/feea018d-8976-442b-acbc-fedf3986ffa5 has been successfully formatted.
2025-04-23 14:39:23,685 [6229d4c2-9d37-4ba8-b373-d0f9d49f2b38-impl-thread1] INFO  ha.SCMStateMachine (SCMStateMachine.java:lambda$initialize$0(135)) - 6229d4c2-9d37-4ba8-b373-d0f9d49f2b38: initialize group-FEDF3986FFA5
2025-04-23 14:39:23,685 [6229d4c2-9d37-4ba8-b373-d0f9d49f2b38-impl-thread1] INFO  server.RaftServerConfigKeys (ConfUtils.java:logGet(46)) - raft.server.log.use.memory = false (default)
2025-04-23 14:39:23,685 [6229d4c2-9d37-4ba8-b373-d0f9d49f2b38-impl-thread1] INFO  server.RaftServerConfigKeys (ConfUtils.java:logGet(46)) - raft.server.log.purge.gap = 1000000 (custom)
2025-04-23 14:39:23,685 [6229d4c2-9d37-4ba8-b373-d0f9d49f2b38-impl-thread1] INFO  server.RaftServerConfigKeys (ConfUtils.java:logGet(46)) - raft.server.log.appender.buffer.byte-limit = 4194304 (custom)
2025-04-23 14:39:23,685 [6229d4c2-9d37-4ba8-b373-d0f9d49f2b38-impl-thread1] INFO  server.RaftServerConfigKeys (ConfUtils.java:logGet(46)) - raft.server.log.statemachine.data.read.timeout = 1000ms (default)
2025-04-23 14:39:23,685 [6229d4c2-9d37-4ba8-b373-d0f9d49f2b38-impl-thread1] INFO  server.RaftServerConfigKeys (ConfUtils.java:logGet(46)) - raft.server.log.purge.preservation.log.num = 0 (default)
2025-04-23 14:39:23,685 [6229d4c2-9d37-4ba8-b373-d0f9d49f2b38-impl-thread1] INFO  server.RaftServerConfigKeys (ConfUtils.java:logGet(46)) - raft.server.log.segment.size.max = 4194304 (custom)
2025-04-23 14:39:23,685 [6229d4c2-9d37-4ba8-b373-d0f9d49f2b38-impl-thread1] INFO  server.RaftServerConfigKeys (ConfUtils.java:logGet(46)) - raft.server.log.segment.cache.num.max = 2 (custom)
2025-04-23 14:39:23,685 [6229d4c2-9d37-4ba8-b373-d0f9d49f2b38-impl-thread1] INFO  server.RaftServerConfigKeys (ConfUtils.java:logGet(46)) - raft.server.log.segment.cache.size.max = 200MB (=209715200) (default)
2025-04-23 14:39:23,685 [6229d4c2-9d37-4ba8-b373-d0f9d49f2b38-impl-thread1] INFO  server.RaftServerConfigKeys (ConfUtils.java:logGet(46)) - raft.server.log.appender.buffer.byte-limit = 4194304 (custom)
2025-04-23 14:39:23,685 [6229d4c2-9d37-4ba8-b373-d0f9d49f2b38-impl-thread1] INFO  util.AwaitToRun (AwaitToRun.java:start(81)) - Thread[#7967,6229d4c2-9d37-4ba8-b373-d0f9d49f2b38@group-FEDF3986FFA5-cacheEviction-AwaitToRun,5,main] started
2025-04-23 14:39:23,686 [6229d4c2-9d37-4ba8-b373-d0f9d49f2b38-impl-thread1] INFO  segmented.SegmentedRaftLogWorker (SegmentedRaftLogWorker.java:<init>(188)) - new 6229d4c2-9d37-4ba8-b373-d0f9d49f2b38@group-FEDF3986FFA5-SegmentedRaftLogWorker for RaftStorageImpl:Storage Directory /home/runner/work/ozone/ozone/hadoop-ozone/integration-test/target/test-dir/MiniOzoneClusterImpl-feea018d-8976-442b-acbc-fedf3986ffa5/ozone-meta/scm-ha/feea018d-8976-442b-acbc-fedf3986ffa5
2025-04-23 14:39:23,686 [6229d4c2-9d37-4ba8-b373-d0f9d49f2b38-impl-thread1] INFO  server.RaftServerConfigKeys (ConfUtils.java:logGet(46)) - raft.server.log.queue.byte-limit = 64MB (=67108864) (default)
2025-04-23 14:39:23,686 [6229d4c2-9d37-4ba8-b373-d0f9d49f2b38-impl-thread1] INFO  server.RaftServerConfigKeys (ConfUtils.java:logGet(46)) - raft.server.log.queue.element-limit = 4096 (default)
2025-04-23 14:39:23,686 [6229d4c2-9d37-4ba8-b373-d0f9d49f2b38-impl-thread1] INFO  server.RaftServerConfigKeys (ConfUtils.java:logGet(46)) - raft.server.log.segment.size.max = 4194304 (custom)
2025-04-23 14:39:23,686 [6229d4c2-9d37-4ba8-b373-d0f9d49f2b38-impl-thread1] INFO  server.RaftServerConfigKeys (ConfUtils.java:logGet(46)) - raft.server.log.preallocated.size = 4194304 (custom)
2025-04-23 14:39:23,686 [6229d4c2-9d37-4ba8-b373-d0f9d49f2b38-impl-thread1] INFO  server.RaftServerConfigKeys (ConfUtils.java:logGet(46)) - raft.server.log.force.sync.num = 128 (default)
2025-04-23 14:39:23,686 [6229d4c2-9d37-4ba8-b373-d0f9d49f2b38-impl-thread1] INFO  server.RaftServerConfigKeys (ConfUtils.java:logGet(46)) - raft.server.log.statemachine.data.sync = true (default)
2025-04-23 14:39:23,686 [6229d4c2-9d37-4ba8-b373-d0f9d49f2b38-impl-thread1] INFO  server.RaftServerConfigKeys (ConfUtils.java:logGet(46)) - raft.server.log.statemachine.data.sync.timeout = 10s (default)
2025-04-23 14:39:23,686 [6229d4c2-9d37-4ba8-b373-d0f9d49f2b38-impl-thread1] INFO  server.RaftServerConfigKeys (ConfUtils.java:logGet(46)) - raft.server.log.statemachine.data.sync.timeout.retry = -1 (default)
2025-04-23 14:39:23,686 [6229d4c2-9d37-4ba8-b373-d0f9d49f2b38-impl-thread1] INFO  server.RaftServerConfigKeys (ConfUtils.java:logGet(46)) - raft.server.log.write.buffer.size = 4194312 (custom)
2025-04-23 14:39:23,686 [6229d4c2-9d37-4ba8-b373-d0f9d49f2b38-impl-thread1] INFO  server.RaftServerConfigKeys (ConfUtils.java:logGet(46)) - raft.server.log.appender.buffer.byte-limit = 4194304 (custom)
2025-04-23 14:39:23,686 [6229d4c2-9d37-4ba8-b373-d0f9d49f2b38-impl-thread1] INFO  server.RaftServerConfigKeys (ConfUtils.java:logGet(46)) - raft.server.log.unsafe-flush.enabled = false (default)
2025-04-23 14:39:23,686 [6229d4c2-9d37-4ba8-b373-d0f9d49f2b38-impl-thread1] INFO  server.RaftServerConfigKeys (ConfUtils.java:logGet(46)) - raft.server.log.async-flush.enabled = false (default)
2025-04-23 14:39:23,686 [6229d4c2-9d37-4ba8-b373-d0f9d49f2b38-impl-thread1] INFO  server.RaftServerConfigKeys (ConfUtils.java:logGet(46)) - raft.server.log.statemachine.data.caching.enabled = false (default)
2025-04-23 14:39:23,687 [6229d4c2-9d37-4ba8-b373-d0f9d49f2b38-impl-thread1] INFO  segmented.SegmentedRaftLogWorker (SegmentedRaftLogWorker.java:lambda$new$0(139)) - 6229d4c2-9d37-4ba8-b373-d0f9d49f2b38@group-FEDF3986FFA5-SegmentedRaftLogWorker: flushIndex: setUnconditionally 0 -> -1
2025-04-23 14:39:23,687 [6229d4c2-9d37-4ba8-b373-d0f9d49f2b38-impl-thread1] INFO  segmented.SegmentedRaftLogWorker (SegmentedRaftLogWorker.java:lambda$new$0(139)) - 6229d4c2-9d37-4ba8-b373-d0f9d49f2b38@group-FEDF3986FFA5-SegmentedRaftLogWorker: safeCacheEvictIndex: setUnconditionally 0 -> -1
2025-04-23 14:39:23,687 [6229d4c2-9d37-4ba8-b373-d0f9d49f2b38-impl-thread1] INFO  server.RaftServer$Division (RaftServerImpl.java:start(391)) - 6229d4c2-9d37-4ba8-b373-d0f9d49f2b38@group-FEDF3986FFA5: start as a follower, conf=conf: {index: -1, cur=peers:[6229d4c2-9d37-4ba8-b373-d0f9d49f2b38|fv-az1120-822:15046]|listeners:[], old=null}
2025-04-23 14:39:23,687 [6229d4c2-9d37-4ba8-b373-d0f9d49f2b38-impl-thread1] INFO  server.RaftServer$Division (RaftServerImpl.java:setRole(378)) - 6229d4c2-9d37-4ba8-b373-d0f9d49f2b38@group-FEDF3986FFA5: changes role from      null to FOLLOWER at term 0 for startAsFollower
2025-04-23 14:39:23,687 [6229d4c2-9d37-4ba8-b373-d0f9d49f2b38-impl-thread1] INFO  impl.RoleInfo (RoleInfo.java:updateAndGet(148)) - 6229d4c2-9d37-4ba8-b373-d0f9d49f2b38: start 6229d4c2-9d37-4ba8-b373-d0f9d49f2b38@group-FEDF3986FFA5-FollowerState
2025-04-23 14:39:23,687 [6229d4c2-9d37-4ba8-b373-d0f9d49f2b38@group-FEDF3986FFA5-FollowerState] INFO  server.RaftServerConfigKeys (ConfUtils.java:logGet(46)) - raft.server.rpc.first-election.timeout.min = 1000ms (custom)
2025-04-23 14:39:23,687 [6229d4c2-9d37-4ba8-b373-d0f9d49f2b38-impl-thread1] INFO  util.JmxRegister (JmxRegister.java:tryRegister(44)) - Successfully registered JMX Bean with object name Ratis:service=RaftServer,group=group-FEDF3986FFA5,id=6229d4c2-9d37-4ba8-b373-d0f9d49f2b38
2025-04-23 14:39:23,687 [6229d4c2-9d37-4ba8-b373-d0f9d49f2b38-impl-thread1] INFO  util.JmxRegister (JmxRegister.java:register(58)) - register mxBean class org.apache.ratis.server.impl.RaftServerJmxAdapter as Ratis:service=RaftServer,group=group-FEDF3986FFA5,id=6229d4c2-9d37-4ba8-b373-d0f9d49f2b38
2025-04-23 14:39:23,688 [6229d4c2-9d37-4ba8-b373-d0f9d49f2b38-impl-thread1] INFO  server.RaftServerConfigKeys (ConfUtils.java:logGet(46)) - raft.server.snapshot.trigger-when-stop.enabled = true (default)
2025-04-23 14:39:23,688 [6229d4c2-9d37-4ba8-b373-d0f9d49f2b38-impl-thread1] INFO  server.RaftServerConfigKeys (ConfUtils.java:logGet(46)) - raft.server.snapshot.trigger-when-remove.enabled = true (default)
2025-04-23 14:39:23,688 [6229d4c2-9d37-4ba8-b373-d0f9d49f2b38-impl-thread1] INFO  server.RaftServerConfigKeys (ConfUtils.java:logGet(46)) - raft.server.snapshot.auto.trigger.enabled = true (custom)
2025-04-23 14:39:23,687 [6229d4c2-9d37-4ba8-b373-d0f9d49f2b38@group-FEDF3986FFA5-FollowerState] INFO  server.RaftServerConfigKeys (ConfUtils.java:logGet(46)) - raft.server.rpc.first-election.timeout.max = 1200ms (custom)
2025-04-23 14:39:23,688 [6229d4c2-9d37-4ba8-b373-d0f9d49f2b38-impl-thread1] INFO  server.RaftServerConfigKeys (ConfUtils.java:logGet(46)) - raft.server.snapshot.auto.trigger.threshold = 1000 (custom)
2025-04-23 14:39:23,688 [6229d4c2-9d37-4ba8-b373-d0f9d49f2b38-impl-thread1] INFO  server.RaftServerConfigKeys (ConfUtils.java:logGet(46)) - raft.server.snapshot.retention.file.num = -1 (default)
2025-04-23 14:39:23,688 [6229d4c2-9d37-4ba8-b373-d0f9d49f2b38-impl-thread1] INFO  server.RaftServerConfigKeys (ConfUtils.java:logGet(46)) - raft.server.log.purge.upto.snapshot.index = false (default)
2025-04-23 14:39:23,688 [6229d4c2-9d37-4ba8-b373-d0f9d49f2b38-impl-thread1] INFO  server.RaftServer$Division (RaftServerImpl.java:start(405)) - 6229d4c2-9d37-4ba8-b373-d0f9d49f2b38@group-FEDF3986FFA5: Successfully started.
2025-04-23 14:39:23,688 [main] INFO  server.RaftServer (RaftServerProxy.java:startImpl(407)) - 6229d4c2-9d37-4ba8-b373-d0f9d49f2b38: start RPC server
2025-04-23 14:39:23,689 [main] INFO  server.GrpcService (GrpcService.java:startImpl(334)) - 6229d4c2-9d37-4ba8-b373-d0f9d49f2b38: GrpcService started, listening on 15046
2025-04-23 14:39:23,690 [JvmPauseMonitor41] INFO  util.JvmPauseMonitor (JvmPauseMonitor.java:run(146)) - JvmPauseMonitor-6229d4c2-9d37-4ba8-b373-d0f9d49f2b38: Started
2025-04-23 14:39:23,969 [b3e33d86-0447-4fd5-9cd5-f314a86cc755-EndpointStateMachineTaskThread-/0.0.0.0:15002-0 ] INFO  ipc.Client (Client.java:handleConnectionFailure(966)) - Retrying connect to server: 0.0.0.0/0.0.0.0:15002. Already tried 3 time(s); retry policy is RetryUpToMaximumCountWithFixedSleep(maxRetries=15, sleepTime=1000 MILLISECONDS)
2025-04-23 14:39:24,705 [6229d4c2-9d37-4ba8-b373-d0f9d49f2b38@group-FEDF3986FFA5-FollowerState] INFO  impl.FollowerState (FollowerState.java:runImpl(161)) - 6229d4c2-9d37-4ba8-b373-d0f9d49f2b38@group-FEDF3986FFA5-FollowerState: change to CANDIDATE, lastRpcElapsedTime:1017736798ns, electionTimeout:1017ms
2025-04-23 14:39:24,705 [6229d4c2-9d37-4ba8-b373-d0f9d49f2b38@group-FEDF3986FFA5-FollowerState] INFO  impl.RoleInfo (RoleInfo.java:shutdownFollowerState(121)) - 6229d4c2-9d37-4ba8-b373-d0f9d49f2b38: shutdown 6229d4c2-9d37-4ba8-b373-d0f9d49f2b38@group-FEDF3986FFA5-FollowerState
2025-04-23 14:39:24,705 [6229d4c2-9d37-4ba8-b373-d0f9d49f2b38@group-FEDF3986FFA5-FollowerState] INFO  server.RaftServer$Division (RaftServerImpl.java:setRole(378)) - 6229d4c2-9d37-4ba8-b373-d0f9d49f2b38@group-FEDF3986FFA5: changes role from  FOLLOWER to CANDIDATE at term 0 for changeToCandidate
2025-04-23 14:39:24,705 [6229d4c2-9d37-4ba8-b373-d0f9d49f2b38@group-FEDF3986FFA5-FollowerState] INFO  server.RaftServerConfigKeys (ConfUtils.java:logGet(46)) - raft.server.leaderelection.pre-vote = true (default)
2025-04-23 14:39:24,705 [6229d4c2-9d37-4ba8-b373-d0f9d49f2b38@group-FEDF3986FFA5-FollowerState] INFO  impl.RoleInfo (RoleInfo.java:updateAndGet(148)) - 6229d4c2-9d37-4ba8-b373-d0f9d49f2b38: start 6229d4c2-9d37-4ba8-b373-d0f9d49f2b38@group-FEDF3986FFA5-LeaderElection38
2025-04-23 14:39:24,706 [6229d4c2-9d37-4ba8-b373-d0f9d49f2b38@group-FEDF3986FFA5-LeaderElection38] INFO  impl.LeaderElection (LeaderElection.java:askForVotes(332)) - 6229d4c2-9d37-4ba8-b373-d0f9d49f2b38@group-FEDF3986FFA5-LeaderElection38 PRE_VOTE round 0: submit vote requests at term 0 for conf: {index: -1, cur=peers:[6229d4c2-9d37-4ba8-b373-d0f9d49f2b38|fv-az1120-822:15046]|listeners:[], old=null}
2025-04-23 14:39:24,706 [6229d4c2-9d37-4ba8-b373-d0f9d49f2b38@group-FEDF3986FFA5-LeaderElection38] INFO  impl.LeaderElection (LeaderElection.java:askForVotes(334)) - 6229d4c2-9d37-4ba8-b373-d0f9d49f2b38@group-FEDF3986FFA5-LeaderElection38 PRE_VOTE round 0: result PASSED (term=0)
2025-04-23 14:39:24,707 [6229d4c2-9d37-4ba8-b373-d0f9d49f2b38@group-FEDF3986FFA5-LeaderElection38] INFO  impl.LeaderElection (LeaderElection.java:askForVotes(332)) - 6229d4c2-9d37-4ba8-b373-d0f9d49f2b38@group-FEDF3986FFA5-LeaderElection38 ELECTION round 0: submit vote requests at term 1 for conf: {index: -1, cur=peers:[6229d4c2-9d37-4ba8-b373-d0f9d49f2b38|fv-az1120-822:15046]|listeners:[], old=null}
2025-04-23 14:39:24,707 [6229d4c2-9d37-4ba8-b373-d0f9d49f2b38@group-FEDF3986FFA5-LeaderElection38] INFO  impl.LeaderElection (LeaderElection.java:askForVotes(334)) - 6229d4c2-9d37-4ba8-b373-d0f9d49f2b38@group-FEDF3986FFA5-LeaderElection38 ELECTION round 0: result PASSED (term=1)
2025-04-23 14:39:24,707 [6229d4c2-9d37-4ba8-b373-d0f9d49f2b38@group-FEDF3986FFA5-LeaderElection38] INFO  impl.RoleInfo (RoleInfo.java:shutdownLeaderElection(141)) - 6229d4c2-9d37-4ba8-b373-d0f9d49f2b38: shutdown 6229d4c2-9d37-4ba8-b373-d0f9d49f2b38@group-FEDF3986FFA5-LeaderElection38
2025-04-23 14:39:24,707 [6229d4c2-9d37-4ba8-b373-d0f9d49f2b38@group-FEDF3986FFA5-LeaderElection38] INFO  server.RaftServer$Division (RaftServerImpl.java:setRole(378)) - 6229d4c2-9d37-4ba8-b373-d0f9d49f2b38@group-FEDF3986FFA5: changes role from CANDIDATE to LEADER at term 1 for changeToLeader
2025-04-23 14:39:24,707 [6229d4c2-9d37-4ba8-b373-d0f9d49f2b38@group-FEDF3986FFA5-LeaderElection38] INFO  server.RaftServerConfigKeys (ConfUtils.java:logGet(46)) - raft.server.staging.catchup.gap = 1000 (default)
2025-04-23 14:39:24,707 [6229d4c2-9d37-4ba8-b373-d0f9d49f2b38@group-FEDF3986FFA5-LeaderElection38] INFO  server.RaftServerConfigKeys (ConfUtils.java:logGet(46)) - raft.server.write.element-limit = 4096 (default)
2025-04-23 14:39:24,707 [6229d4c2-9d37-4ba8-b373-d0f9d49f2b38@group-FEDF3986FFA5-LeaderElection38] INFO  server.RaftServerConfigKeys (ConfUtils.java:logGet(46)) - raft.server.write.byte-limit = 64MB (=67108864) (default)
2025-04-23 14:39:24,707 [6229d4c2-9d37-4ba8-b373-d0f9d49f2b38@group-FEDF3986FFA5-LeaderElection38] INFO  server.RaftServerConfigKeys (ConfUtils.java:logGet(46)) - raft.server.watch.timeout = 10s (default)
2025-04-23 14:39:24,707 [6229d4c2-9d37-4ba8-b373-d0f9d49f2b38@group-FEDF3986FFA5-LeaderElection38] INFO  server.RaftServerConfigKeys (ConfUtils.java:logGet(46)) - raft.server.watch.timeout.denomination = 1s (default)
2025-04-23 14:39:24,707 [6229d4c2-9d37-4ba8-b373-d0f9d49f2b38@group-FEDF3986FFA5-LeaderElection38] INFO  server.RaftServerConfigKeys (ConfUtils.java:logGet(46)) - raft.server.watch.element-limit = 65536 (default)
2025-04-23 14:39:24,708 [6229d4c2-9d37-4ba8-b373-d0f9d49f2b38@group-FEDF3986FFA5-LeaderElection38] INFO  server.RaftServerConfigKeys (ConfUtils.java:logGet(46)) - raft.server.read.leader.lease.enabled = false (default)
2025-04-23 14:39:24,708 [6229d4c2-9d37-4ba8-b373-d0f9d49f2b38@group-FEDF3986FFA5-LeaderElection38] INFO  server.RaftServerConfigKeys (ConfUtils.java:logGet(46)) - raft.server.read.leader.lease.timeout.ratio = 0.9 (default)
2025-04-23 14:39:24,708 [6229d4c2-9d37-4ba8-b373-d0f9d49f2b38@group-FEDF3986FFA5-LeaderElection38] INFO  server.RaftServerConfigKeys (ConfUtils.java:logGet(46)) - raft.server.rpc.timeout.min = 5000ms (custom)
2025-04-23 14:39:24,708 [6229d4c2-9d37-4ba8-b373-d0f9d49f2b38@group-FEDF3986FFA5-LeaderElection38] INFO  server.RaftServerConfigKeys (ConfUtils.java:logGet(46)) - raft.server.log.log-metadata.enabled = true (default)
2025-04-23 14:39:24,708 [6229d4c2-9d37-4ba8-b373-d0f9d49f2b38@group-FEDF3986FFA5-LeaderElection38] INFO  server.RaftServerConfigKeys (ConfUtils.java:logGet(46)) - raft.server.write.element-limit = 4096 (default)
2025-04-23 14:39:24,708 [6229d4c2-9d37-4ba8-b373-d0f9d49f2b38@group-FEDF3986FFA5-LeaderElection38] INFO  server.RaftServerConfigKeys (ConfUtils.java:logGet(46)) - raft.server.write.follower.gap.ratio.max = -1.0 (default)
2025-04-23 14:39:24,708 [6229d4c2-9d37-4ba8-b373-d0f9d49f2b38@group-FEDF3986FFA5-LeaderElection38] INFO  impl.RoleInfo (RoleInfo.java:updateAndGet(148)) - 6229d4c2-9d37-4ba8-b373-d0f9d49f2b38: start 6229d4c2-9d37-4ba8-b373-d0f9d49f2b38@group-FEDF3986FFA5-LeaderStateImpl
2025-04-23 14:39:24,708 [6229d4c2-9d37-4ba8-b373-d0f9d49f2b38@group-FEDF3986FFA5-LeaderElection38] INFO  server.RaftServer$Division (RaftServerImpl.java:setFirstElection(562)) - 6229d4c2-9d37-4ba8-b373-d0f9d49f2b38@group-FEDF3986FFA5: set firstElectionSinceStartup to false for becomeLeader
2025-04-23 14:39:24,708 [6229d4c2-9d37-4ba8-b373-d0f9d49f2b38@group-FEDF3986FFA5-LeaderElection38] INFO  server.RaftServer$Division (ServerState.java:setLeader(272)) - 6229d4c2-9d37-4ba8-b373-d0f9d49f2b38@group-FEDF3986FFA5: change Leader from null to 6229d4c2-9d37-4ba8-b373-d0f9d49f2b38 at term 1 for becomeLeader, leader elected after 1027ms
2025-04-23 14:39:24,708 [6229d4c2-9d37-4ba8-b373-d0f9d49f2b38@group-FEDF3986FFA5-LeaderElection38] INFO  segmented.SegmentedRaftLogWorker (SegmentedRaftLogWorker.java:startLogSegment(438)) - 6229d4c2-9d37-4ba8-b373-d0f9d49f2b38@group-FEDF3986FFA5-SegmentedRaftLogWorker: Starting segment from index:0
2025-04-23 14:39:24,708 [6229d4c2-9d37-4ba8-b373-d0f9d49f2b38@group-FEDF3986FFA5-LeaderElection38] INFO  server.RaftServer$Division (ServerState.java:setRaftConf(386)) - 6229d4c2-9d37-4ba8-b373-d0f9d49f2b38@group-FEDF3986FFA5: set configuration conf: {index: 0, cur=peers:[6229d4c2-9d37-4ba8-b373-d0f9d49f2b38|fv-az1120-822:15046]|listeners:[], old=null}
2025-04-23 14:39:24,709 [6229d4c2-9d37-4ba8-b373-d0f9d49f2b38@group-FEDF3986FFA5-SegmentedRaftLogWorker] INFO  segmented.BufferedWriteChannel (BufferedWriteChannel.java:open(61)) - open log_inprogress_0 at position 0
2025-04-23 14:39:24,717 [6229d4c2-9d37-4ba8-b373-d0f9d49f2b38@group-FEDF3986FFA5-SegmentedRaftLogWorker] INFO  segmented.SegmentedRaftLogWorker (SegmentedRaftLogWorker.java:execute(644)) - 6229d4c2-9d37-4ba8-b373-d0f9d49f2b38@group-FEDF3986FFA5-SegmentedRaftLogWorker: created new log segment /home/runner/work/ozone/ozone/hadoop-ozone/integration-test/target/test-dir/MiniOzoneClusterImpl-feea018d-8976-442b-acbc-fedf3986ffa5/ozone-meta/scm-ha/feea018d-8976-442b-acbc-fedf3986ffa5/current/log_inprogress_0
2025-04-23 14:39:24,719 [6229d4c2-9d37-4ba8-b373-d0f9d49f2b38@group-FEDF3986FFA5-StateMachineUpdater] INFO  server.RaftServer$Division (LeaderStateImpl.java:checkStartIndex(313)) - Leader 6229d4c2-9d37-4ba8-b373-d0f9d49f2b38@group-FEDF3986FFA5-LeaderStateImpl is ready since appliedIndex == startIndex == 0
2025-04-23 14:39:24,969 [b3e33d86-0447-4fd5-9cd5-f314a86cc755-EndpointStateMachineTaskThread-/0.0.0.0:15002-0 ] INFO  ipc.Client (Client.java:handleConnectionFailure(966)) - Retrying connect to server: 0.0.0.0/0.0.0.0:15002. Already tried 4 time(s); retry policy is RetryUpToMaximumCountWithFixedSleep(maxRetries=15, sleepTime=1000 MILLISECONDS)
2025-04-23 14:39:25,690 [main] INFO  server.RaftServer (RaftServerProxy.java:lambda$close$9(417)) - 6229d4c2-9d37-4ba8-b373-d0f9d49f2b38: close
2025-04-23 14:39:25,690 [main] INFO  server.GrpcService (GrpcService.java:closeImpl(343)) - 6229d4c2-9d37-4ba8-b373-d0f9d49f2b38: shutdown server GrpcServerProtocolService now
2025-04-23 14:39:25,690 [6229d4c2-9d37-4ba8-b373-d0f9d49f2b38-impl-thread1] INFO  server.RaftServer$Division (RaftServerImpl.java:lambda$close$1(513)) - 6229d4c2-9d37-4ba8-b373-d0f9d49f2b38@group-FEDF3986FFA5: shutdown
2025-04-23 14:39:25,690 [6229d4c2-9d37-4ba8-b373-d0f9d49f2b38-impl-thread1] INFO  util.JmxRegister (JmxRegister.java:unregister(74)) - Successfully un-registered JMX Bean with object name Ratis:service=RaftServer,group=group-FEDF3986FFA5,id=6229d4c2-9d37-4ba8-b373-d0f9d49f2b38
2025-04-23 14:39:25,690 [6229d4c2-9d37-4ba8-b373-d0f9d49f2b38-impl-thread1] INFO  impl.RoleInfo (RoleInfo.java:shutdownLeaderState(103)) - 6229d4c2-9d37-4ba8-b373-d0f9d49f2b38: shutdown 6229d4c2-9d37-4ba8-b373-d0f9d49f2b38@group-FEDF3986FFA5-LeaderStateImpl
2025-04-23 14:39:25,690 [6229d4c2-9d37-4ba8-b373-d0f9d49f2b38-impl-thread1] INFO  impl.PendingRequests (PendingRequests.java:sendNotLeaderResponses(287)) - 6229d4c2-9d37-4ba8-b373-d0f9d49f2b38@group-FEDF3986FFA5-PendingRequests: sendNotLeaderResponses
2025-04-23 14:39:25,691 [6229d4c2-9d37-4ba8-b373-d0f9d49f2b38-impl-thread1] INFO  impl.StateMachineUpdater (StateMachineUpdater.java:stopAndJoin(164)) - 6229d4c2-9d37-4ba8-b373-d0f9d49f2b38@group-FEDF3986FFA5-StateMachineUpdater: set stopIndex = 0
2025-04-23 14:39:25,691 [6229d4c2-9d37-4ba8-b373-d0f9d49f2b38@group-FEDF3986FFA5-StateMachineUpdater] INFO  impl.StateMachineUpdater (StateMachineUpdater.java:takeSnapshot(303)) - 6229d4c2-9d37-4ba8-b373-d0f9d49f2b38@group-FEDF3986FFA5-StateMachineUpdater: Took a snapshot at index 0
2025-04-23 14:39:25,691 [6229d4c2-9d37-4ba8-b373-d0f9d49f2b38@group-FEDF3986FFA5-StateMachineUpdater] INFO  impl.StateMachineUpdater (StateMachineUpdater.java:lambda$new$0(102)) - 6229d4c2-9d37-4ba8-b373-d0f9d49f2b38@group-FEDF3986FFA5-StateMachineUpdater: snapshotIndex: updateIncreasingly -1 -> 0
2025-04-23 14:39:25,691 [6229d4c2-9d37-4ba8-b373-d0f9d49f2b38@group-FEDF3986FFA5-StateMachineUpdater] INFO  impl.StateMachineUpdater (StateMachineUpdater.java:stop(141)) - 6229d4c2-9d37-4ba8-b373-d0f9d49f2b38@group-FEDF3986FFA5-StateMachineUpdater: closing SCMStateMachine, lastApplied=(t:1, i:0)
2025-04-23 14:39:25,691 [main] INFO  server.GrpcService (GrpcService.java:closeImpl(352)) - 6229d4c2-9d37-4ba8-b373-d0f9d49f2b38: shutdown server GrpcServerProtocolService successfully
2025-04-23 14:39:25,691 [6229d4c2-9d37-4ba8-b373-d0f9d49f2b38@group-FEDF3986FFA5-cacheEviction-AwaitToRun] INFO  util.AwaitToRun (AwaitToRun.java:run(49)) - 6229d4c2-9d37-4ba8-b373-d0f9d49f2b38@group-FEDF3986FFA5-cacheEviction-AwaitToRun-AwaitForSignal is interrupted
2025-04-23 14:39:25,719 [6229d4c2-9d37-4ba8-b373-d0f9d49f2b38-impl-thread1] INFO  segmented.SegmentedRaftLogWorker (SegmentedRaftLogWorker.java:close(252)) - 6229d4c2-9d37-4ba8-b373-d0f9d49f2b38@group-FEDF3986FFA5-SegmentedRaftLogWorker close()
2025-04-23 14:39:25,719 [JvmPauseMonitor41] INFO  util.JvmPauseMonitor (JvmPauseMonitor.java:run(152)) - JvmPauseMonitor-6229d4c2-9d37-4ba8-b373-d0f9d49f2b38: Stopped
2025-04-23 14:39:25,719 [main] WARN  server.ServerUtils (ServerUtils.java:getScmDbDir(141)) - ozone.scm.db.dirs is not configured. We recommend adding this setting. Falling back to ozone.metadata.dirs instead.
2025-04-23 14:39:25,719 [main] INFO  ha.SCMHANodeDetails (SCMHANodeDetails.java:loadSCMHAConfig(162)) - ServiceID for StorageContainerManager is null
2025-04-23 14:39:25,719 [main] INFO  ha.SCMHANodeDetails (SCMHANodeDetails.java:loadSCMHAConfig(166)) - ozone.scm.default.service.id is not defined, falling back to ozone.scm.service.ids to find serviceID for StorageContainerManager if it is HA enabled cluster
2025-04-23 14:39:25,720 [main] WARN  utils.HAUtils (HAUtils.java:getMetaDir(337)) - ozone.scm.db.dirs is not configured. We recommend adding this setting. Falling back to ozone.metadata.dirs instead.
2025-04-23 14:39:25,720 [main] WARN  db.DBStoreBuilder (DBStoreBuilder.java:getDBDirPath(167)) - ozone.scm.db.dirs is not configured. We recommend adding this setting. Falling back to ozone.metadata.dirs instead.
2025-04-23 14:39:25,784 [main] INFO  net.NodeSchemaLoader (NodeSchemaLoader.java:loadSchemaFromFile(127)) - Loading schema from [jar:file:/home/runner/work/ozone/ozone/hadoop-hdds/common/target/hdds-common-2.1.0-SNAPSHOT.jar!/network-topology-default.xml]
2025-04-23 14:39:25,784 [main] INFO  net.NodeSchemaLoader (NodeSchemaLoader.java:loadSchema(174)) - Loading network topology layer schema file
2025-04-23 14:39:25,800 [main] INFO  ha.SCMRatisServerImpl (SCMRatisServerImpl.java:<init>(100)) - starting Raft server for scm:6229d4c2-9d37-4ba8-b373-d0f9d49f2b38
2025-04-23 14:39:25,801 [main] INFO  server.RaftServerConfigKeys (ConfUtils.java:logGet(46)) - raft.server.log.appender.buffer.byte-limit = 4194304 (custom)
2025-04-23 14:39:25,801 [main] INFO  server.RaftServer (ConfUtils.java:logGet(46)) - raft.rpc.type = GRPC (default)
2025-04-23 14:39:25,802 [main] INFO  grpc.GrpcConfigKeys (ConfUtils.java:logFallback(53)) - raft.grpc.admin.host = null (fallback to raft.grpc.server.host)
2025-04-23 14:39:25,802 [main] INFO  grpc.GrpcConfigKeys (ConfUtils.java:logFallback(53)) - raft.grpc.admin.port = 15046 (fallback to raft.grpc.server.port)
2025-04-23 14:39:25,802 [main] INFO  grpc.GrpcConfigKeys (ConfUtils.java:logFallback(53)) - raft.grpc.client.host = null (fallback to raft.grpc.server.host)
2025-04-23 14:39:25,802 [main] INFO  grpc.GrpcConfigKeys (ConfUtils.java:logFallback(53)) - raft.grpc.client.port = 15046 (fallback to raft.grpc.server.port)
2025-04-23 14:39:25,802 [main] INFO  grpc.GrpcConfigKeys (ConfUtils.java:logGet(46)) - raft.grpc.server.host = null (default)
2025-04-23 14:39:25,802 [main] INFO  grpc.GrpcConfigKeys (ConfUtils.java:logGet(46)) - raft.grpc.server.port = 15046 (custom)
2025-04-23 14:39:25,802 [main] INFO  server.GrpcService (ConfUtils.java:logGet(46)) - raft.grpc.message.size.max = 5242880 (custom)
2025-04-23 14:39:25,802 [main] INFO  server.GrpcService (ConfUtils.java:logGet(46)) - raft.grpc.flow.control.window = 1MB (=1048576) (default)
2025-04-23 14:39:25,802 [main] INFO  server.RaftServerConfigKeys (ConfUtils.java:logGet(46)) - raft.server.rpc.request.timeout = 30000ms (custom)
2025-04-23 14:39:25,802 [main] INFO  grpc.GrpcConfigKeys (ConfUtils.java:logGet(46)) - raft.grpc.server.heartbeat.channel = true (default)
2025-04-23 14:39:25,803 [main] INFO  server.RaftServerConfigKeys (ConfUtils.java:logGet(46)) - raft.server.log.appender.buffer.byte-limit = 4194304 (custom)
2025-04-23 14:39:25,803 [main] INFO  grpc.GrpcConfigKeys (ConfUtils.java:logGet(46)) - raft.grpc.server.async.request.thread.pool.cached = true (default)
2025-04-23 14:39:25,803 [main] INFO  grpc.GrpcConfigKeys (ConfUtils.java:logGet(46)) - raft.grpc.server.async.request.thread.pool.size = 32 (default)
2025-04-23 14:39:25,803 [main] INFO  impl.DataStreamServerImpl (ConfUtils.java:logGet(46)) - raft.datastream.type = DISABLED (default)
2025-04-23 14:39:25,804 [main] INFO  server.RaftServerConfigKeys (ConfUtils.java:logGet(46)) - raft.server.sleep.deviation.threshold = 300ms (default)
2025-04-23 14:39:25,804 [main] INFO  server.RaftServerConfigKeys (ConfUtils.java:logGet(46)) - raft.server.close.threshold = 60s (default)
2025-04-23 14:39:25,804 [main] INFO  server.RaftServerConfigKeys (ConfUtils.java:logGet(46)) - raft.server.leaderelection.leader.step-down.wait-time = 10s (default)
2025-04-23 14:39:25,804 [main] INFO  server.RaftServerConfigKeys (ConfUtils.java:logGet(46)) - raft.server.storage.dir = [/home/runner/work/ozone/ozone/hadoop-ozone/integration-test/target/test-dir/MiniOzoneClusterImpl-feea018d-8976-442b-acbc-fedf3986ffa5/ozone-meta/scm-ha] (custom)
2025-04-23 14:39:25,804 [main] INFO  server.RaftServerConfigKeys (ConfUtils.java:logGet(46)) - raft.server.threadpool.proxy.cached = true (default)
2025-04-23 14:39:25,804 [main] INFO  server.RaftServerConfigKeys (ConfUtils.java:logGet(46)) - raft.server.threadpool.proxy.size = 0 (default)
2025-04-23 14:39:25,804 [6229d4c2-9d37-4ba8-b373-d0f9d49f2b38-impl-thread1] INFO  server.RaftServer (RaftServerProxy.java:initGroupDir(265)) - 6229d4c2-9d37-4ba8-b373-d0f9d49f2b38: found a subdirectory /home/runner/work/ozone/ozone/hadoop-ozone/integration-test/target/test-dir/MiniOzoneClusterImpl-feea018d-8976-442b-acbc-fedf3986ffa5/ozone-meta/scm-ha/feea018d-8976-442b-acbc-fedf3986ffa5
2025-04-23 14:39:25,805 [main] INFO  server.RaftServer (RaftServerProxy.java:addNew(100)) - 6229d4c2-9d37-4ba8-b373-d0f9d49f2b38: addNew group-FEDF3986FFA5:[] returns group-FEDF3986FFA5:java.util.concurrent.CompletableFuture@7f03e0c3[Not completed]
2025-04-23 14:39:25,805 [6229d4c2-9d37-4ba8-b373-d0f9d49f2b38-groupManagement] INFO  server.RaftServer$Division (RaftServerImpl.java:<init>(255)) - 6229d4c2-9d37-4ba8-b373-d0f9d49f2b38: new RaftServerImpl for group-FEDF3986FFA5:[] with SCMStateMachine:uninitialized
2025-04-23 14:39:25,805 [6229d4c2-9d37-4ba8-b373-d0f9d49f2b38-groupManagement] INFO  server.RaftServerConfigKeys (ConfUtils.java:logGet(46)) - raft.server.rpc.timeout.min = 5000ms (custom)
2025-04-23 14:39:25,805 [6229d4c2-9d37-4ba8-b373-d0f9d49f2b38-groupManagement] INFO  server.RaftServerConfigKeys (ConfUtils.java:logGet(46)) - raft.server.rpc.timeout.max = 5200ms (custom)
2025-04-23 14:39:25,805 [6229d4c2-9d37-4ba8-b373-d0f9d49f2b38-groupManagement] INFO  server.RaftServerConfigKeys (ConfUtils.java:logGet(46)) - raft.server.rpc.sleep.time = 25ms (default)
2025-04-23 14:39:25,805 [6229d4c2-9d37-4ba8-b373-d0f9d49f2b38-groupManagement] INFO  server.RaftServerConfigKeys (ConfUtils.java:logGet(46)) - raft.server.rpc.slowness.timeout = 120000ms (custom)
2025-04-23 14:39:25,805 [6229d4c2-9d37-4ba8-b373-d0f9d49f2b38-groupManagement] INFO  server.RaftServerConfigKeys (ConfUtils.java:logGet(46)) - raft.server.leaderelection.leader.step-down.wait-time = 10s (default)
2025-04-23 14:39:25,805 [6229d4c2-9d37-4ba8-b373-d0f9d49f2b38-groupManagement] INFO  server.RaftServerConfigKeys (ConfUtils.java:logGet(46)) - raft.server.leaderelection.member.majority-add = false (default)
2025-04-23 14:39:25,805 [6229d4c2-9d37-4ba8-b373-d0f9d49f2b38-groupManagement] INFO  server.RaftServerConfigKeys (ConfUtils.java:logGet(46)) - raft.server.sleep.deviation.threshold = 300ms (default)
2025-04-23 14:39:25,805 [6229d4c2-9d37-4ba8-b373-d0f9d49f2b38-groupManagement] INFO  server.RaftServer$Division (ServerState.java:<init>(114)) - 6229d4c2-9d37-4ba8-b373-d0f9d49f2b38@group-FEDF3986FFA5: ConfigurationManager, init=conf: {index: -1, cur=peers:[]|listeners:[], old=null}, confs=<EMPTY_MAP>
2025-04-23 14:39:25,805 [6229d4c2-9d37-4ba8-b373-d0f9d49f2b38-groupManagement] INFO  server.RaftServerConfigKeys (ConfUtils.java:logGet(46)) - raft.server.notification.no-leader.timeout = 60s (default)
2025-04-23 14:39:25,805 [6229d4c2-9d37-4ba8-b373-d0f9d49f2b38-groupManagement] INFO  server.RaftServerConfigKeys (ConfUtils.java:logGet(46)) - raft.server.read.timeout = 10s (default)
2025-04-23 14:39:25,805 [6229d4c2-9d37-4ba8-b373-d0f9d49f2b38-groupManagement] INFO  server.RaftServerConfigKeys (ConfUtils.java:logGet(46)) - raft.server.retrycache.expirytime = 60000ms (default)
2025-04-23 14:39:25,805 [6229d4c2-9d37-4ba8-b373-d0f9d49f2b38-groupManagement] INFO  server.RaftServerConfigKeys (ConfUtils.java:logGet(46)) - raft.server.retrycache.statistics.expirytime = 100ms (default)
2025-04-23 14:39:25,805 [6229d4c2-9d37-4ba8-b373-d0f9d49f2b38-groupManagement] INFO  server.RaftServerConfigKeys (ConfUtils.java:logGet(46)) - raft.server.read.option = DEFAULT (default)
2025-04-23 14:39:25,805 [6229d4c2-9d37-4ba8-b373-d0f9d49f2b38-groupManagement] INFO  server.RaftServerConfigKeys (ConfUtils.java:logGet(46)) - raft.server.read.read-after-write-consistent.write-index-cache.expiry-time = 60s (default)
2025-04-23 14:39:25,806 [6229d4c2-9d37-4ba8-b373-d0f9d49f2b38-groupManagement] INFO  server.RaftServerConfigKeys (ConfUtils.java:logGet(46)) - raft.server.rpc.request.timeout = 30000ms (custom)
2025-04-23 14:39:25,806 [6229d4c2-9d37-4ba8-b373-d0f9d49f2b38-groupManagement] INFO  server.RaftServerConfigKeys (ConfUtils.java:logGet(46)) - raft.server.log.appender.install.snapshot.enabled = false (custom)
2025-04-23 14:39:25,806 [6229d4c2-9d37-4ba8-b373-d0f9d49f2b38-groupManagement] INFO  server.RaftServerConfigKeys (ConfUtils.java:logGet(46)) - raft.server.threadpool.server.cached = true (default)
2025-04-23 14:39:25,806 [6229d4c2-9d37-4ba8-b373-d0f9d49f2b38-groupManagement] INFO  server.RaftServerConfigKeys (ConfUtils.java:logGet(46)) - raft.server.threadpool.server.size = 0 (default)
2025-04-23 14:39:25,806 [6229d4c2-9d37-4ba8-b373-d0f9d49f2b38-groupManagement] INFO  server.RaftServerConfigKeys (ConfUtils.java:logGet(46)) - raft.server.threadpool.client.cached = true (default)
2025-04-23 14:39:25,806 [6229d4c2-9d37-4ba8-b373-d0f9d49f2b38-groupManagement] INFO  server.RaftServerConfigKeys (ConfUtils.java:logGet(46)) - raft.server.threadpool.client.size = 0 (default)
2025-04-23 14:39:25,806 [main] INFO  ha.SCMSnapshotProvider (SCMSnapshotProvider.java:<init>(62)) - Initializing SCM Snapshot Provider
2025-04-23 14:39:25,807 [main] WARN  server.ServerUtils (ServerUtils.java:getDefaultRatisDirectory(309)) - Storage directory for Ratis is not configured. It is a good idea to map this to an SSD disk. Falling back to ozone.metadata.dirs
2025-04-23 14:39:25,807 [main] WARN  ha.SCMHAUtils (SCMHAUtils.java:getSCMRatisSnapshotDirectory(120)) - SCM snapshot dir is not configured. Falling back to ozone.metadata.dirs config
2025-04-23 14:39:25,807 [main] INFO  upgrade.AbstractLayoutVersionManager (AbstractLayoutVersionManager.java:init(80)) - Initializing Layout version manager with metadata layout = HBASE_SUPPORT (version = 8), software layout = HBASE_SUPPORT (version = 8)
2025-04-23 14:39:25,809 [main] INFO  ha.SequenceIdGenerator (SequenceIdGenerator.java:upgradeToSequenceId(362)) - upgrade localId to 115816896921600000
2025-04-23 14:39:25,809 [main] INFO  ha.SequenceIdGenerator (SequenceIdGenerator.java:upgradeToSequenceId(372)) - upgrade delTxnId to 0
2025-04-23 14:39:25,810 [main] INFO  ha.SequenceIdGenerator (SequenceIdGenerator.java:upgradeToSequenceId(389)) - upgrade containerId to 0
2025-04-23 14:39:25,811 [main] INFO  ha.SequenceIdGenerator (SequenceIdGenerator.java:upgradeToCertificateSequenceId(426)) - upgrade CertificateId to 2
2025-04-23 14:39:25,811 [main] INFO  ha.SequenceIdGenerator (SequenceIdGenerator.java:<init>(239)) - Init the HA SequenceIdGenerator.
2025-04-23 14:39:25,811 [main] WARN  server.ServerUtils (ServerUtils.java:sanitizeUserArgs(77)) - ozone.scm.stale.node.interval value = 300000 is larger than max = 100000 based on the key value of ozone.scm.heartbeat.thread.interval, reset to the max value 100000.
2025-04-23 14:39:25,811 [main] WARN  server.ServerUtils (ServerUtils.java:sanitizeUserArgs(77)) - ozone.scm.stale.node.interval value = 300000 is larger than max = 100000 based on the key value of ozone.scm.heartbeat.thread.interval, reset to the max value 100000.
2025-04-23 14:39:25,812 [main] INFO  node.SCMNodeManager (SCMNodeManager.java:<init>(181)) - Entering startup safe mode.
2025-04-23 14:39:25,812 [main] INFO  algorithms.ContainerPlacementPolicyFactory (ContainerPlacementPolicyFactory.java:getPolicyInternal(85)) - Create container placement policy of type org.apache.hadoop.hdds.scm.container.placement.algorithms.SCMContainerPlacementRackAware
2025-04-23 14:39:25,812 [main] INFO  algorithms.ContainerPlacementPolicyFactory (ContainerPlacementPolicyFactory.java:getPolicyInternal(85)) - Create container placement policy of type org.apache.hadoop.hdds.scm.container.placement.algorithms.SCMContainerPlacementRackScatter
2025-04-23 14:39:25,812 [main] INFO  pipeline.PipelineStateManagerImpl (PipelineStateManagerImpl.java:initialize(75)) - No pipeline exists in current db
2025-04-23 14:39:25,813 [main] INFO  algorithms.LeaderChoosePolicyFactory (LeaderChoosePolicyFactory.java:getPolicy(56)) - Create leader choose policy of type org.apache.hadoop.hdds.scm.pipeline.leader.choose.algorithms.MinLeaderCountChoosePolicy
2025-04-23 14:39:25,813 [main] INFO  algorithms.ContainerPlacementPolicyFactory (ContainerPlacementPolicyFactory.java:getPolicyInternal(85)) - Create container placement policy of type org.apache.hadoop.hdds.scm.container.placement.algorithms.SCMContainerPlacementRackScatter
2025-04-23 14:39:25,813 [main] INFO  ha.SCMServiceManager (SCMServiceManager.java:register(42)) - Registering service BackgroundPipelineCreator.
2025-04-23 14:39:25,813 [main] INFO  pipeline.BackgroundPipelineCreator (BackgroundPipelineCreator.java:start(127)) - Starting RatisPipelineUtilsThread.
2025-04-23 14:39:25,813 [main] INFO  BackgroundPipelineScrubber (BackgroundSCMService.java:start(64)) - Starting BackgroundPipelineScrubber Service.
2025-04-23 14:39:25,813 [main] INFO  ha.SCMServiceManager (SCMServiceManager.java:register(42)) - Registering service BackgroundPipelineScrubber.
2025-04-23 14:39:25,814 [main] INFO  ExpiredContainerReplicaOpScrubber (BackgroundSCMService.java:start(64)) - Starting ExpiredContainerReplicaOpScrubber Service.
2025-04-23 14:39:25,814 [main] INFO  ha.SCMServiceManager (SCMServiceManager.java:register(42)) - Registering service ExpiredContainerReplicaOpScrubber.
2025-04-23 14:39:25,815 [main] INFO  algorithms.PipelineChoosePolicyFactory (PipelineChoosePolicyFactory.java:createPipelineChoosePolicyFromClass(78)) - Create pipeline choose policy of type org.apache.hadoop.hdds.scm.pipeline.choose.algorithms.RandomPipelineChoosePolicy
2025-04-23 14:39:25,815 [main] INFO  algorithms.PipelineChoosePolicyFactory (PipelineChoosePolicyFactory.java:createPipelineChoosePolicyFromClass(78)) - Create pipeline choose policy of type org.apache.hadoop.hdds.scm.pipeline.choose.algorithms.RandomPipelineChoosePolicy
2025-04-23 14:39:25,816 [main] INFO  ha.SCMServiceManager (SCMServiceManager.java:register(42)) - Registering service SCMBlockDeletingService.
2025-04-23 14:39:25,816 [main] INFO  replication.ReplicationManager (ReplicationManager.java:start(287)) - Starting Replication Monitor Thread.
2025-04-23 14:39:25,817 [main] INFO  ha.SCMServiceManager (SCMServiceManager.java:register(42)) - Registering service ReplicationManager.
2025-04-23 14:39:25,817 [main] INFO  safemode.RatisContainerSafeModeRule (RatisContainerSafeModeRule.java:initializeRule(161)) - Refreshed Containers with one replica threshold count 0.
2025-04-23 14:39:25,818 [main] INFO  safemode.ECContainerSafeModeRule (ECContainerSafeModeRule.java:initializeRule(205)) - Refreshed Containers with ec n replica threshold count 0.
2025-04-23 14:39:25,818 [main] INFO  safemode.HealthyPipelineSafeModeRule (HealthyPipelineSafeModeRule.java:initializeRule(178)) - Total pipeline count is 0, healthy pipeline threshold count is 1
2025-04-23 14:39:25,818 [main] INFO  safemode.OneReplicaPipelineSafeModeRule (OneReplicaPipelineSafeModeRule.java:initializeRule(191)) - Total pipeline count is 0, pipeline's with at least one datanode reported threshold count is 0
2025-04-23 14:39:25,819 [main] INFO  server.StorageContainerManager (StorageContainerManager.java:<init>(430)) - SCM start with adminUsers: [*, runner]
2025-04-23 14:39:25,819 [main] INFO  ipc.CallQueueManager (CallQueueManager.java:<init>(93)) - Using callQueue: class java.util.concurrent.LinkedBlockingQueue, queueCapacity: 10000, scheduler: class org.apache.hadoop.ipc.DefaultRpcScheduler, ipcBackoff: false, ipcFailOver: false.
2025-04-23 14:39:25,819 [main] INFO  ipc.Server (Server.java:<init>(1438)) - Listener at 0.0.0.0:15044
2025-04-23 14:39:25,820 [Socket Reader #1 for port 15044] INFO  ipc.Server (Server.java:run(1474)) - Starting Socket Reader #1 for port 15044
2025-04-23 14:39:25,820 [Socket Reader #2 for port 15044] INFO  ipc.Server (Server.java:run(1474)) - Starting Socket Reader #2 for port 15044
2025-04-23 14:39:25,820 [Socket Reader #3 for port 15044] INFO  ipc.Server (Server.java:run(1474)) - Starting Socket Reader #3 for port 15044
2025-04-23 14:39:25,820 [Socket Reader #4 for port 15044] INFO  ipc.Server (Server.java:run(1474)) - Starting Socket Reader #4 for port 15044
2025-04-23 14:39:25,821 [Socket Reader #5 for port 15044] INFO  ipc.Server (Server.java:run(1474)) - Starting Socket Reader #5 for port 15044
2025-04-23 14:39:25,821 [Socket Reader #6 for port 15044] INFO  ipc.Server (Server.java:run(1474)) - Starting Socket Reader #6 for port 15044
2025-04-23 14:39:25,821 [Socket Reader #7 for port 15044] INFO  ipc.Server (Server.java:run(1474)) - Starting Socket Reader #7 for port 15044
2025-04-23 14:39:25,821 [Socket Reader #8 for port 15044] INFO  ipc.Server (Server.java:run(1474)) - Starting Socket Reader #8 for port 15044
2025-04-23 14:39:25,821 [Socket Reader #9 for port 15044] INFO  ipc.Server (Server.java:run(1474)) - Starting Socket Reader #9 for port 15044
2025-04-23 14:39:25,822 [Socket Reader #10 for port 15044] INFO  ipc.Server (Server.java:run(1474)) - Starting Socket Reader #10 for port 15044
2025-04-23 14:39:25,823 [main] INFO  ipc.CallQueueManager (CallQueueManager.java:<init>(93)) - Using callQueue: class java.util.concurrent.LinkedBlockingQueue, queueCapacity: 10000, scheduler: class org.apache.hadoop.ipc.DefaultRpcScheduler, ipcBackoff: false, ipcFailOver: false.
2025-04-23 14:39:25,823 [main] INFO  ipc.Server (Server.java:<init>(1438)) - Listener at 0.0.0.0:15043
2025-04-23 14:39:25,823 [Socket Reader #1 for port 15043] INFO  ipc.Server (Server.java:run(1474)) - Starting Socket Reader #1 for port 15043
2025-04-23 14:39:25,823 [Socket Reader #2 for port 15043] INFO  ipc.Server (Server.java:run(1474)) - Starting Socket Reader #2 for port 15043
2025-04-23 14:39:25,824 [Socket Reader #3 for port 15043] INFO  ipc.Server (Server.java:run(1474)) - Starting Socket Reader #3 for port 15043
2025-04-23 14:39:25,824 [Socket Reader #4 for port 15043] INFO  ipc.Server (Server.java:run(1474)) - Starting Socket Reader #4 for port 15043
2025-04-23 14:39:25,824 [Socket Reader #5 for port 15043] INFO  ipc.Server (Server.java:run(1474)) - Starting Socket Reader #5 for port 15043
2025-04-23 14:39:25,824 [Socket Reader #6 for port 15043] INFO  ipc.Server (Server.java:run(1474)) - Starting Socket Reader #6 for port 15043
2025-04-23 14:39:25,824 [Socket Reader #7 for port 15043] INFO  ipc.Server (Server.java:run(1474)) - Starting Socket Reader #7 for port 15043
2025-04-23 14:39:25,825 [Socket Reader #8 for port 15043] INFO  ipc.Server (Server.java:run(1474)) - Starting Socket Reader #8 for port 15043
2025-04-23 14:39:25,825 [Socket Reader #9 for port 15043] INFO  ipc.Server (Server.java:run(1474)) - Starting Socket Reader #9 for port 15043
2025-04-23 14:39:25,825 [Socket Reader #10 for port 15043] INFO  ipc.Server (Server.java:run(1474)) - Starting Socket Reader #10 for port 15043
2025-04-23 14:39:25,826 [main] INFO  ipc.CallQueueManager (CallQueueManager.java:<init>(93)) - Using callQueue: class java.util.concurrent.LinkedBlockingQueue, queueCapacity: 10000, scheduler: class org.apache.hadoop.ipc.DefaultRpcScheduler, ipcBackoff: false, ipcFailOver: false.
2025-04-23 14:39:25,826 [main] INFO  ipc.Server (Server.java:<init>(1438)) - Listener at 0.0.0.0:15042
2025-04-23 14:39:25,826 [Socket Reader #1 for port 15042] INFO  ipc.Server (Server.java:run(1474)) - Starting Socket Reader #1 for port 15042
2025-04-23 14:39:25,826 [Socket Reader #2 for port 15042] INFO  ipc.Server (Server.java:run(1474)) - Starting Socket Reader #2 for port 15042
2025-04-23 14:39:25,827 [Socket Reader #3 for port 15042] INFO  ipc.Server (Server.java:run(1474)) - Starting Socket Reader #3 for port 15042
2025-04-23 14:39:25,827 [Socket Reader #4 for port 15042] INFO  ipc.Server (Server.java:run(1474)) - Starting Socket Reader #4 for port 15042
2025-04-23 14:39:25,827 [Socket Reader #5 for port 15042] INFO  ipc.Server (Server.java:run(1474)) - Starting Socket Reader #5 for port 15042
2025-04-23 14:39:25,827 [Socket Reader #6 for port 15042] INFO  ipc.Server (Server.java:run(1474)) - Starting Socket Reader #6 for port 15042
2025-04-23 14:39:25,827 [Socket Reader #7 for port 15042] INFO  ipc.Server (Server.java:run(1474)) - Starting Socket Reader #7 for port 15042
2025-04-23 14:39:25,827 [Socket Reader #8 for port 15042] INFO  ipc.Server (Server.java:run(1474)) - Starting Socket Reader #8 for port 15042
2025-04-23 14:39:25,828 [Socket Reader #9 for port 15042] INFO  ipc.Server (Server.java:run(1474)) - Starting Socket Reader #9 for port 15042
2025-04-23 14:39:25,828 [Socket Reader #10 for port 15042] INFO  ipc.Server (Server.java:run(1474)) - Starting Socket Reader #10 for port 15042
2025-04-23 14:39:25,831 [main] INFO  ha.SCMServiceManager (SCMServiceManager.java:register(42)) - Registering service ContainerBalancer.
2025-04-23 14:39:25,831 [main] INFO  ha.SCMContext (SCMContext.java:updateSafeModeStatus(224)) - Update SafeModeStatus from SafeModeStatus{safeModeStatus=true, preCheckPassed=false} to SafeModeStatus{safeModeStatus=true, preCheckPassed=false}.
2025-04-23 14:39:25,831 [main] INFO  server.StorageContainerManager (StorageContainerManager.java:start(1506)) - StorageContainerLocationProtocol RPC server is listening at /0.0.0.0:15042
2025-04-23 14:39:25,831 [main] INFO  ha.SCMRatisServerImpl (SCMRatisServerImpl.java:start(203)) - starting ratis server 0.0.0.0:15046
2025-04-23 14:39:25,832 [6229d4c2-9d37-4ba8-b373-d0f9d49f2b38-impl-thread1] INFO  server.RaftServerConfigKeys (ConfUtils.java:logGet(46)) - raft.server.storage.free-space.min = 0MB (=0) (default)
2025-04-23 14:39:25,832 [6229d4c2-9d37-4ba8-b373-d0f9d49f2b38-impl-thread1] INFO  server.RaftServerConfigKeys (ConfUtils.java:logGet(46)) - raft.server.log.corruption.policy = EXCEPTION (default)
2025-04-23 14:39:25,832 [6229d4c2-9d37-4ba8-b373-d0f9d49f2b38-impl-thread1] INFO  server.RaftServerConfigKeys (ConfUtils.java:logGet(46)) - raft.server.storage.dir = [/home/runner/work/ozone/ozone/hadoop-ozone/integration-test/target/test-dir/MiniOzoneClusterImpl-feea018d-8976-442b-acbc-fedf3986ffa5/ozone-meta/scm-ha] (custom)
2025-04-23 14:39:25,833 [6229d4c2-9d37-4ba8-b373-d0f9d49f2b38-impl-thread1] INFO  storage.RaftStorageDirectory (RaftStorageDirectoryImpl.java:tryLock(229)) - Lock on /home/runner/work/ozone/ozone/hadoop-ozone/integration-test/target/test-dir/MiniOzoneClusterImpl-feea018d-8976-442b-acbc-fedf3986ffa5/ozone-meta/scm-ha/feea018d-8976-442b-acbc-fedf3986ffa5/in_use.lock acquired by nodename 129558@fv-az1120-822
2025-04-23 14:39:25,833 [6229d4c2-9d37-4ba8-b373-d0f9d49f2b38-impl-thread1] INFO  storage.RaftStorage (RaftStorageImpl.java:analyzeAndRecoverStorage(118)) - Read RaftStorageMetadata{term=1, votedFor=6229d4c2-9d37-4ba8-b373-d0f9d49f2b38} from /home/runner/work/ozone/ozone/hadoop-ozone/integration-test/target/test-dir/MiniOzoneClusterImpl-feea018d-8976-442b-acbc-fedf3986ffa5/ozone-meta/scm-ha/feea018d-8976-442b-acbc-fedf3986ffa5/current/raft-meta
2025-04-23 14:39:25,833 [6229d4c2-9d37-4ba8-b373-d0f9d49f2b38-impl-thread1] INFO  server.RaftServer$Division (ServerState.java:setRaftConf(386)) - 6229d4c2-9d37-4ba8-b373-d0f9d49f2b38@group-FEDF3986FFA5: set configuration conf: {index: 0, cur=peers:[6229d4c2-9d37-4ba8-b373-d0f9d49f2b38|fv-az1120-822:15046]|listeners:[], old=null}
2025-04-23 14:39:25,834 [6229d4c2-9d37-4ba8-b373-d0f9d49f2b38-impl-thread1] INFO  ha.SCMStateMachine (SCMStateMachine.java:lambda$initialize$0(135)) - 6229d4c2-9d37-4ba8-b373-d0f9d49f2b38: initialize group-FEDF3986FFA5
2025-04-23 14:39:25,834 [6229d4c2-9d37-4ba8-b373-d0f9d49f2b38-impl-thread1] INFO  server.RaftServerConfigKeys (ConfUtils.java:logGet(46)) - raft.server.log.use.memory = false (default)
2025-04-23 14:39:25,834 [6229d4c2-9d37-4ba8-b373-d0f9d49f2b38-impl-thread1] INFO  server.RaftServerConfigKeys (ConfUtils.java:logGet(46)) - raft.server.log.purge.gap = 1000000 (custom)
2025-04-23 14:39:25,834 [6229d4c2-9d37-4ba8-b373-d0f9d49f2b38-impl-thread1] INFO  server.RaftServerConfigKeys (ConfUtils.java:logGet(46)) - raft.server.log.appender.buffer.byte-limit = 4194304 (custom)
2025-04-23 14:39:25,834 [6229d4c2-9d37-4ba8-b373-d0f9d49f2b38-impl-thread1] INFO  server.RaftServerConfigKeys (ConfUtils.java:logGet(46)) - raft.server.log.statemachine.data.read.timeout = 1000ms (default)
2025-04-23 14:39:25,834 [6229d4c2-9d37-4ba8-b373-d0f9d49f2b38-impl-thread1] INFO  server.RaftServerConfigKeys (ConfUtils.java:logGet(46)) - raft.server.log.purge.preservation.log.num = 0 (default)
2025-04-23 14:39:25,834 [6229d4c2-9d37-4ba8-b373-d0f9d49f2b38-impl-thread1] INFO  server.RaftServerConfigKeys (ConfUtils.java:logGet(46)) - raft.server.log.segment.size.max = 4194304 (custom)
2025-04-23 14:39:25,834 [6229d4c2-9d37-4ba8-b373-d0f9d49f2b38-impl-thread1] INFO  server.RaftServerConfigKeys (ConfUtils.java:logGet(46)) - raft.server.log.segment.cache.num.max = 2 (custom)
2025-04-23 14:39:25,834 [6229d4c2-9d37-4ba8-b373-d0f9d49f2b38-impl-thread1] INFO  server.RaftServerConfigKeys (ConfUtils.java:logGet(46)) - raft.server.log.segment.cache.size.max = 200MB (=209715200) (default)
2025-04-23 14:39:25,834 [6229d4c2-9d37-4ba8-b373-d0f9d49f2b38-impl-thread1] INFO  server.RaftServerConfigKeys (ConfUtils.java:logGet(46)) - raft.server.log.appender.buffer.byte-limit = 4194304 (custom)
2025-04-23 14:39:25,835 [6229d4c2-9d37-4ba8-b373-d0f9d49f2b38-impl-thread1] INFO  util.AwaitToRun (AwaitToRun.java:start(81)) - Thread[#8039,6229d4c2-9d37-4ba8-b373-d0f9d49f2b38@group-FEDF3986FFA5-cacheEviction-AwaitToRun,5,main] started
2025-04-23 14:39:25,835 [6229d4c2-9d37-4ba8-b373-d0f9d49f2b38-impl-thread1] INFO  segmented.SegmentedRaftLogWorker (SegmentedRaftLogWorker.java:<init>(188)) - new 6229d4c2-9d37-4ba8-b373-d0f9d49f2b38@group-FEDF3986FFA5-SegmentedRaftLogWorker for RaftStorageImpl:Storage Directory /home/runner/work/ozone/ozone/hadoop-ozone/integration-test/target/test-dir/MiniOzoneClusterImpl-feea018d-8976-442b-acbc-fedf3986ffa5/ozone-meta/scm-ha/feea018d-8976-442b-acbc-fedf3986ffa5
2025-04-23 14:39:25,835 [6229d4c2-9d37-4ba8-b373-d0f9d49f2b38-impl-thread1] INFO  server.RaftServerConfigKeys (ConfUtils.java:logGet(46)) - raft.server.log.queue.byte-limit = 64MB (=67108864) (default)
2025-04-23 14:39:25,835 [6229d4c2-9d37-4ba8-b373-d0f9d49f2b38-impl-thread1] INFO  server.RaftServerConfigKeys (ConfUtils.java:logGet(46)) - raft.server.log.queue.element-limit = 4096 (default)
2025-04-23 14:39:25,835 [6229d4c2-9d37-4ba8-b373-d0f9d49f2b38-impl-thread1] INFO  server.RaftServerConfigKeys (ConfUtils.java:logGet(46)) - raft.server.log.segment.size.max = 4194304 (custom)
2025-04-23 14:39:25,835 [6229d4c2-9d37-4ba8-b373-d0f9d49f2b38-impl-thread1] INFO  server.RaftServerConfigKeys (ConfUtils.java:logGet(46)) - raft.server.log.preallocated.size = 4194304 (custom)
2025-04-23 14:39:25,835 [6229d4c2-9d37-4ba8-b373-d0f9d49f2b38-impl-thread1] INFO  server.RaftServerConfigKeys (ConfUtils.java:logGet(46)) - raft.server.log.force.sync.num = 128 (default)
2025-04-23 14:39:25,835 [6229d4c2-9d37-4ba8-b373-d0f9d49f2b38-impl-thread1] INFO  server.RaftServerConfigKeys (ConfUtils.java:logGet(46)) - raft.server.log.statemachine.data.sync = true (default)
2025-04-23 14:39:25,835 [6229d4c2-9d37-4ba8-b373-d0f9d49f2b38-impl-thread1] INFO  server.RaftServerConfigKeys (ConfUtils.java:logGet(46)) - raft.server.log.statemachine.data.sync.timeout = 10s (default)
2025-04-23 14:39:25,835 [6229d4c2-9d37-4ba8-b373-d0f9d49f2b38-impl-thread1] INFO  server.RaftServerConfigKeys (ConfUtils.java:logGet(46)) - raft.server.log.statemachine.data.sync.timeout.retry = -1 (default)
2025-04-23 14:39:25,835 [6229d4c2-9d37-4ba8-b373-d0f9d49f2b38-impl-thread1] INFO  server.RaftServerConfigKeys (ConfUtils.java:logGet(46)) - raft.server.log.write.buffer.size = 4194312 (custom)
2025-04-23 14:39:25,836 [6229d4c2-9d37-4ba8-b373-d0f9d49f2b38-impl-thread1] INFO  server.RaftServerConfigKeys (ConfUtils.java:logGet(46)) - raft.server.log.appender.buffer.byte-limit = 4194304 (custom)
2025-04-23 14:39:25,836 [6229d4c2-9d37-4ba8-b373-d0f9d49f2b38-impl-thread1] INFO  server.RaftServerConfigKeys (ConfUtils.java:logGet(46)) - raft.server.log.unsafe-flush.enabled = false (default)
2025-04-23 14:39:25,837 [6229d4c2-9d37-4ba8-b373-d0f9d49f2b38-impl-thread1] INFO  server.RaftServerConfigKeys (ConfUtils.java:logGet(46)) - raft.server.log.async-flush.enabled = false (default)
2025-04-23 14:39:25,837 [6229d4c2-9d37-4ba8-b373-d0f9d49f2b38-impl-thread1] INFO  server.RaftServerConfigKeys (ConfUtils.java:logGet(46)) - raft.server.log.statemachine.data.caching.enabled = false (default)
2025-04-23 14:39:25,837 [6229d4c2-9d37-4ba8-b373-d0f9d49f2b38-impl-thread1] INFO  server.RaftServer$Division (ServerState.java:setRaftConf(386)) - 6229d4c2-9d37-4ba8-b373-d0f9d49f2b38@group-FEDF3986FFA5: set configuration conf: {index: 0, cur=peers:[6229d4c2-9d37-4ba8-b373-d0f9d49f2b38|fv-az1120-822:15046]|listeners:[], old=null}
2025-04-23 14:39:25,837 [6229d4c2-9d37-4ba8-b373-d0f9d49f2b38-impl-thread1] INFO  segmented.LogSegment (LogSegment.java:loadSegment(171)) - Successfully read 1 entries from segment file /home/runner/work/ozone/ozone/hadoop-ozone/integration-test/target/test-dir/MiniOzoneClusterImpl-feea018d-8976-442b-acbc-fedf3986ffa5/ozone-meta/scm-ha/feea018d-8976-442b-acbc-fedf3986ffa5/current/log_inprogress_0
2025-04-23 14:39:25,837 [6229d4c2-9d37-4ba8-b373-d0f9d49f2b38-impl-thread1] INFO  segmented.SegmentedRaftLogWorker (SegmentedRaftLogWorker.java:lambda$new$0(139)) - 6229d4c2-9d37-4ba8-b373-d0f9d49f2b38@group-FEDF3986FFA5-SegmentedRaftLogWorker: safeCacheEvictIndex: setUnconditionally 0 -> -1
2025-04-23 14:39:25,837 [6229d4c2-9d37-4ba8-b373-d0f9d49f2b38-impl-thread1] INFO  segmented.BufferedWriteChannel (BufferedWriteChannel.java:open(61)) - open log_inprogress_0 (append) at position 80
2025-04-23 14:39:25,837 [6229d4c2-9d37-4ba8-b373-d0f9d49f2b38-impl-thread1] INFO  server.RaftServer$Division (RaftServerImpl.java:start(391)) - 6229d4c2-9d37-4ba8-b373-d0f9d49f2b38@group-FEDF3986FFA5: start as a follower, conf=conf: {index: 0, cur=peers:[6229d4c2-9d37-4ba8-b373-d0f9d49f2b38|fv-az1120-822:15046]|listeners:[], old=null}
2025-04-23 14:39:25,837 [6229d4c2-9d37-4ba8-b373-d0f9d49f2b38-impl-thread1] INFO  server.RaftServer$Division (RaftServerImpl.java:setRole(378)) - 6229d4c2-9d37-4ba8-b373-d0f9d49f2b38@group-FEDF3986FFA5: changes role from      null to FOLLOWER at term 1 for startAsFollower
2025-04-23 14:39:25,838 [6229d4c2-9d37-4ba8-b373-d0f9d49f2b38-impl-thread1] INFO  impl.RoleInfo (RoleInfo.java:updateAndGet(148)) - 6229d4c2-9d37-4ba8-b373-d0f9d49f2b38: start 6229d4c2-9d37-4ba8-b373-d0f9d49f2b38@group-FEDF3986FFA5-FollowerState
2025-04-23 14:39:25,838 [6229d4c2-9d37-4ba8-b373-d0f9d49f2b38-impl-thread1] INFO  util.JmxRegister (JmxRegister.java:tryRegister(44)) - Successfully registered JMX Bean with object name Ratis:service=RaftServer,group=group-FEDF3986FFA5,id=6229d4c2-9d37-4ba8-b373-d0f9d49f2b38
2025-04-23 14:39:25,838 [6229d4c2-9d37-4ba8-b373-d0f9d49f2b38-impl-thread1] INFO  util.JmxRegister (JmxRegister.java:register(58)) - register mxBean class org.apache.ratis.server.impl.RaftServerJmxAdapter as Ratis:service=RaftServer,group=group-FEDF3986FFA5,id=6229d4c2-9d37-4ba8-b373-d0f9d49f2b38
2025-04-23 14:39:25,838 [6229d4c2-9d37-4ba8-b373-d0f9d49f2b38-impl-thread1] INFO  server.RaftServerConfigKeys (ConfUtils.java:logGet(46)) - raft.server.snapshot.trigger-when-stop.enabled = true (default)
2025-04-23 14:39:25,838 [6229d4c2-9d37-4ba8-b373-d0f9d49f2b38-impl-thread1] INFO  server.RaftServerConfigKeys (ConfUtils.java:logGet(46)) - raft.server.snapshot.trigger-when-remove.enabled = true (default)
2025-04-23 14:39:25,838 [6229d4c2-9d37-4ba8-b373-d0f9d49f2b38-impl-thread1] INFO  server.RaftServerConfigKeys (ConfUtils.java:logGet(46)) - raft.server.snapshot.auto.trigger.enabled = true (custom)
2025-04-23 14:39:25,838 [6229d4c2-9d37-4ba8-b373-d0f9d49f2b38-impl-thread1] INFO  server.RaftServerConfigKeys (ConfUtils.java:logGet(46)) - raft.server.snapshot.auto.trigger.threshold = 1000 (custom)
2025-04-23 14:39:25,838 [6229d4c2-9d37-4ba8-b373-d0f9d49f2b38-impl-thread1] INFO  server.RaftServerConfigKeys (ConfUtils.java:logGet(46)) - raft.server.snapshot.retention.file.num = -1 (default)
2025-04-23 14:39:25,838 [6229d4c2-9d37-4ba8-b373-d0f9d49f2b38-impl-thread1] INFO  server.RaftServerConfigKeys (ConfUtils.java:logGet(46)) - raft.server.log.purge.upto.snapshot.index = false (default)
2025-04-23 14:39:25,838 [6229d4c2-9d37-4ba8-b373-d0f9d49f2b38@group-FEDF3986FFA5-FollowerState] INFO  server.RaftServerConfigKeys (ConfUtils.java:logGet(46)) - raft.server.rpc.first-election.timeout.min = 1000ms (custom)
2025-04-23 14:39:25,838 [6229d4c2-9d37-4ba8-b373-d0f9d49f2b38@group-FEDF3986FFA5-FollowerState] INFO  server.RaftServerConfigKeys (ConfUtils.java:logGet(46)) - raft.server.rpc.first-election.timeout.max = 1200ms (custom)
2025-04-23 14:39:25,838 [6229d4c2-9d37-4ba8-b373-d0f9d49f2b38-impl-thread1] INFO  server.RaftServer$Division (RaftServerImpl.java:start(405)) - 6229d4c2-9d37-4ba8-b373-d0f9d49f2b38@group-FEDF3986FFA5: Successfully started.
2025-04-23 14:39:25,838 [main] INFO  server.RaftServer (RaftServerProxy.java:startImpl(407)) - 6229d4c2-9d37-4ba8-b373-d0f9d49f2b38: start RPC server
2025-04-23 14:39:25,839 [main] INFO  server.GrpcService (GrpcService.java:startImpl(334)) - 6229d4c2-9d37-4ba8-b373-d0f9d49f2b38: GrpcService started, listening on 15046
2025-04-23 14:39:25,839 [main] INFO  ha.SCMHAManagerImpl (SCMHAManagerImpl.java:start(131)) -  scm role is FOLLOWER peers [6229d4c2-9d37-4ba8-b373-d0f9d49f2b38|fv-az1120-822:15046]
2025-04-23 14:39:25,839 [main] INFO  ha.InterSCMGrpcService (InterSCMGrpcProtocolService.java:start(98)) - Starting SCM Grpc Service at port 15047
2025-04-23 14:39:25,839 [JvmPauseMonitor42] INFO  util.JvmPauseMonitor (JvmPauseMonitor.java:run(146)) - JvmPauseMonitor-6229d4c2-9d37-4ba8-b373-d0f9d49f2b38: Started
2025-04-23 14:39:25,840 [main] INFO  SCMHATransactionMonitor (BackgroundSCMService.java:start(64)) - Starting SCMHATransactionMonitor Service.
2025-04-23 14:39:25,840 [main] INFO  ha.SCMServiceManager (SCMServiceManager.java:register(42)) - Registering service SCMHATransactionMonitor.
2025-04-23 14:39:25,840 [main] INFO  SCMHATransactionMonitor (BackgroundSCMService.java:start(61)) - SCMHATransactionMonitor Service is already running, skip start.
2025-04-23 14:39:25,842 [main] WARN  impl.MetricsConfig (MetricsConfig.java:loadFirst(138)) - Cannot locate configuration: tried hadoop-metrics2-storagecontainermanager.properties,hadoop-metrics2.properties
2025-04-23 14:39:25,842 [main] INFO  impl.MetricsSystemImpl (MetricsSystemImpl.java:startTimer(378)) - Scheduled Metric snapshot period at 10 second(s).
2025-04-23 14:39:25,843 [main] INFO  impl.MetricsSystemImpl (MetricsSystemImpl.java:start(191)) - StorageContainerManager metrics system started
2025-04-23 14:39:25,854 [main] INFO  impl.MetricsSinkAdapter (MetricsSinkAdapter.java:start(204)) - Sink prometheus started
2025-04-23 14:39:25,854 [main] INFO  impl.MetricsSystemImpl (MetricsSystemImpl.java:registerSink(305)) - Registered sink prometheus
2025-04-23 14:39:25,885 [main] INFO  server.SCMClientProtocolServer (SCMClientProtocolServer.java:start(207)) - RPC server for Client  is listening at /0.0.0.0:15042
2025-04-23 14:39:25,885 [IPC Server Responder] INFO  ipc.Server (Server.java:run(1713)) - IPC Server Responder: starting
2025-04-23 14:39:25,885 [IPC Server listener on 15042] INFO  ipc.Server (Server.java:run(1553)) - IPC Server listener on 15042: starting
2025-04-23 14:39:25,896 [main] INFO  server.StorageContainerManager (StorageContainerManager.java:start(1519)) - ScmBlockLocationProtocol RPC server is listening at /0.0.0.0:15043
2025-04-23 14:39:25,896 [main] INFO  server.SCMBlockProtocolServer (SCMBlockProtocolServer.java:start(166)) - RPC server for Block Protocol is listening at /0.0.0.0:15043
2025-04-23 14:39:25,896 [IPC Server Responder] INFO  ipc.Server (Server.java:run(1713)) - IPC Server Responder: starting
2025-04-23 14:39:25,897 [IPC Server listener on 15043] INFO  ipc.Server (Server.java:run(1553)) - IPC Server listener on 15043: starting
2025-04-23 14:39:25,908 [main] INFO  http.BaseHttpServer (BaseHttpServer.java:newHttpServer2BuilderForOzone(229)) - Starting Web-server for scm at: http://0.0.0.0:15045
2025-04-23 14:39:25,908 [main] INFO  http.BaseHttpServer (BaseHttpServer.java:<init>(107)) - Hadoop Security Enabled: false Ozone Security Enabled: false Ozone HTTP Security Enabled: false 
2025-04-23 14:39:25,909 [main] WARN  server.AuthenticationFilter (AuthenticationFilter.java:constructSecretProvider(240)) - Unable to initialize FileSignerSecretProvider, falling back to use random secrets. Reason: Could not read signature secret file: /home/runner/hadoop-http-auth-signature-secret
2025-04-23 14:39:25,911 [main] INFO  http.HttpServer2 (HttpServer2.java:addGlobalFilter(1041)) - Added global filter 'safety' (class=org.apache.hadoop.hdds.server.http.HttpServer2$QuotingInputFilter)
2025-04-23 14:39:25,912 [main] INFO  http.HttpServer2 (HttpServer2.java:addFilter(1017)) - Added filter static_user_filter (class=org.apache.hadoop.http.lib.StaticUserWebFilter$StaticUserFilter) to context scm
2025-04-23 14:39:25,912 [main] INFO  http.HttpServer2 (HttpServer2.java:addFilter(1025)) - Added filter static_user_filter (class=org.apache.hadoop.http.lib.StaticUserWebFilter$StaticUserFilter) to context static
2025-04-23 14:39:25,912 [main] INFO  http.HttpServer2 (HttpServer2.java:addFilter(1025)) - Added filter static_user_filter (class=org.apache.hadoop.http.lib.StaticUserWebFilter$StaticUserFilter) to context logs
2025-04-23 14:39:25,912 [main] INFO  http.BaseHttpServer (BaseHttpServer.java:<init>(195)) - HTTP server of scm uses base directory /home/runner/work/ozone/ozone/hadoop-ozone/integration-test/target/test-dir/MiniOzoneClusterImpl-feea018d-8976-442b-acbc-fedf3986ffa5/ozone-meta/webserver
2025-04-23 14:39:25,913 [main] INFO  http.HttpServer2 (HttpServer2.java:bindListener(1241)) - Jetty bound to port 15045
2025-04-23 14:39:25,913 [main] INFO  server.Server (Server.java:doStart(375)) - jetty-9.4.57.v20241219; built: 2025-01-08T21:24:30.412Z; git: df524e6b29271c2e09ba9aea83c18dc9db464a31; jvm 21.0.7+6-LTS
2025-04-23 14:39:25,914 [main] INFO  server.session (DefaultSessionIdManager.java:doStart(334)) - DefaultSessionIdManager workerName=node0
2025-04-23 14:39:25,914 [main] INFO  server.session (DefaultSessionIdManager.java:doStart(339)) - No SessionScavenger set, using defaults
2025-04-23 14:39:25,914 [main] INFO  server.session (HouseKeeper.java:startScavenging(132)) - node0 Scavenging every 660000ms
2025-04-23 14:39:25,915 [main] INFO  handler.ContextHandler (ContextHandler.java:doStart(921)) - Started o.e.j.s.ServletContextHandler@4729c89d{logs,/logs,file:///home/runner/work/ozone/ozone/hadoop-ozone/integration-test/target/log,AVAILABLE}
2025-04-23 14:39:25,915 [main] INFO  handler.ContextHandler (ContextHandler.java:doStart(921)) - Started o.e.j.s.ServletContextHandler@b2c898c{static,/static,file:///home/runner/work/ozone/ozone/hadoop-ozone/integration-test/target/test-classes/webapps/static,AVAILABLE}
2025-04-23 14:39:25,920 [main] INFO  handler.ContextHandler (ContextHandler.java:doStart(921)) - Started o.e.j.w.WebAppContext@7b53ec13{scm,/,file:///home/runner/work/ozone/ozone/hadoop-ozone/integration-test/target/test-classes/webapps/scm/,AVAILABLE}{file:/home/runner/work/ozone/ozone/hadoop-ozone/integration-test/target/test-classes/webapps/scm}
2025-04-23 14:39:25,920 [main] INFO  server.AbstractConnector (AbstractConnector.java:doStart(333)) - Started ServerConnector@10033824{HTTP/1.1, (http/1.1)}{0.0.0.0:15045}
2025-04-23 14:39:25,920 [main] INFO  server.Server (Server.java:doStart(415)) - Started @166199ms
2025-04-23 14:39:25,920 [main] WARN  impl.MetricsSystemImpl (MetricsSystemImpl.java:register(279)) - Sink prometheus already exists!
2025-04-23 14:39:25,921 [main] INFO  http.BaseHttpServer (BaseHttpServer.java:updateConnectorAddress(360)) - HTTP server of scm listening at http://0.0.0.0:15045
2025-04-23 14:39:25,922 [main] INFO  ha.OMHANodeDetails (OMHANodeDetails.java:loadOMHAConfig(120)) - ServiceID for OzoneManager is om-service-test1
2025-04-23 14:39:25,922 [main] INFO  ha.OMHANodeDetails (OMHANodeDetails.java:loadOMHAConfig(200)) - Found matching OM address with OMServiceId: om-service-test1, OMNodeId: omNode-1, RPC Address: localhost:15048 and Ratis port: 15051
2025-04-23 14:39:25,922 [main] INFO  ha.OMHANodeDetails (ConfUtils.java:setNodeSpecificConfigs(98)) - Setting configuration key ozone.om.http-address with value of key ozone.om.http-address.om-service-test1.omNode-1: 127.0.0.1:15049
2025-04-23 14:39:25,922 [main] INFO  ha.OMHANodeDetails (ConfUtils.java:setNodeSpecificConfigs(98)) - Setting configuration key ozone.om.https-address with value of key ozone.om.https-address.om-service-test1.omNode-1: 127.0.0.1:15050
2025-04-23 14:39:25,922 [main] INFO  ha.OMHANodeDetails (ConfUtils.java:setNodeSpecificConfigs(98)) - Setting configuration key ozone.om.address with value of key ozone.om.address.om-service-test1.omNode-1: 127.0.0.1:15048
2025-04-23 14:39:25,923 [main] WARN  server.ServerUtils (ServerUtils.java:getDBPath(297)) - ozone.om.db.dirs is not configured. We recommend adding this setting. Falling back to ozone.metadata.dirs instead.
2025-04-23 14:39:25,924 [main] INFO  proxy.SCMBlockLocationFailoverProxyProvider (SCMFailoverProxyProviderBase.java:<init>(120)) - Created fail-over proxy for protocol ScmBlockLocationProtocolPB with 1 nodes: [nodeId=scmNodeId,nodeAddress=/0.0.0.0:15043]
2025-04-23 14:39:25,970 [b3e33d86-0447-4fd5-9cd5-f314a86cc755-EndpointStateMachineTaskThread-/0.0.0.0:15002-0 ] INFO  ipc.Client (Client.java:handleConnectionFailure(966)) - Retrying connect to server: 0.0.0.0/0.0.0.0:15002. Already tried 5 time(s); retry policy is RetryUpToMaximumCountWithFixedSleep(maxRetries=15, sleepTime=1000 MILLISECONDS)
2025-04-23 14:39:26,850 [6229d4c2-9d37-4ba8-b373-d0f9d49f2b38@group-FEDF3986FFA5-FollowerState] INFO  impl.FollowerState (FollowerState.java:runImpl(161)) - 6229d4c2-9d37-4ba8-b373-d0f9d49f2b38@group-FEDF3986FFA5-FollowerState: change to CANDIDATE, lastRpcElapsedTime:1012836718ns, electionTimeout:1012ms
2025-04-23 14:39:26,851 [6229d4c2-9d37-4ba8-b373-d0f9d49f2b38@group-FEDF3986FFA5-FollowerState] INFO  impl.RoleInfo (RoleInfo.java:shutdownFollowerState(121)) - 6229d4c2-9d37-4ba8-b373-d0f9d49f2b38: shutdown 6229d4c2-9d37-4ba8-b373-d0f9d49f2b38@group-FEDF3986FFA5-FollowerState
2025-04-23 14:39:26,851 [6229d4c2-9d37-4ba8-b373-d0f9d49f2b38@group-FEDF3986FFA5-FollowerState] INFO  server.RaftServer$Division (RaftServerImpl.java:setRole(378)) - 6229d4c2-9d37-4ba8-b373-d0f9d49f2b38@group-FEDF3986FFA5: changes role from  FOLLOWER to CANDIDATE at term 1 for changeToCandidate
2025-04-23 14:39:26,851 [6229d4c2-9d37-4ba8-b373-d0f9d49f2b38@group-FEDF3986FFA5-FollowerState] INFO  server.RaftServerConfigKeys (ConfUtils.java:logGet(46)) - raft.server.leaderelection.pre-vote = true (default)
2025-04-23 14:39:26,851 [6229d4c2-9d37-4ba8-b373-d0f9d49f2b38@group-FEDF3986FFA5-FollowerState] INFO  impl.RoleInfo (RoleInfo.java:updateAndGet(148)) - 6229d4c2-9d37-4ba8-b373-d0f9d49f2b38: start 6229d4c2-9d37-4ba8-b373-d0f9d49f2b38@group-FEDF3986FFA5-LeaderElection39
2025-04-23 14:39:26,851 [6229d4c2-9d37-4ba8-b373-d0f9d49f2b38@group-FEDF3986FFA5-LeaderElection39] INFO  impl.LeaderElection (LeaderElection.java:askForVotes(332)) - 6229d4c2-9d37-4ba8-b373-d0f9d49f2b38@group-FEDF3986FFA5-LeaderElection39 PRE_VOTE round 0: submit vote requests at term 1 for conf: {index: 0, cur=peers:[6229d4c2-9d37-4ba8-b373-d0f9d49f2b38|fv-az1120-822:15046]|listeners:[], old=null}
2025-04-23 14:39:26,851 [6229d4c2-9d37-4ba8-b373-d0f9d49f2b38@group-FEDF3986FFA5-LeaderElection39] INFO  impl.LeaderElection (LeaderElection.java:askForVotes(334)) - 6229d4c2-9d37-4ba8-b373-d0f9d49f2b38@group-FEDF3986FFA5-LeaderElection39 PRE_VOTE round 0: result PASSED (term=1)
2025-04-23 14:39:26,853 [6229d4c2-9d37-4ba8-b373-d0f9d49f2b38@group-FEDF3986FFA5-LeaderElection39] INFO  impl.LeaderElection (LeaderElection.java:askForVotes(332)) - 6229d4c2-9d37-4ba8-b373-d0f9d49f2b38@group-FEDF3986FFA5-LeaderElection39 ELECTION round 0: submit vote requests at term 2 for conf: {index: 0, cur=peers:[6229d4c2-9d37-4ba8-b373-d0f9d49f2b38|fv-az1120-822:15046]|listeners:[], old=null}
2025-04-23 14:39:26,853 [6229d4c2-9d37-4ba8-b373-d0f9d49f2b38@group-FEDF3986FFA5-LeaderElection39] INFO  impl.LeaderElection (LeaderElection.java:askForVotes(334)) - 6229d4c2-9d37-4ba8-b373-d0f9d49f2b38@group-FEDF3986FFA5-LeaderElection39 ELECTION round 0: result PASSED (term=2)
2025-04-23 14:39:26,853 [6229d4c2-9d37-4ba8-b373-d0f9d49f2b38@group-FEDF3986FFA5-LeaderElection39] INFO  impl.RoleInfo (RoleInfo.java:shutdownLeaderElection(141)) - 6229d4c2-9d37-4ba8-b373-d0f9d49f2b38: shutdown 6229d4c2-9d37-4ba8-b373-d0f9d49f2b38@group-FEDF3986FFA5-LeaderElection39
2025-04-23 14:39:26,853 [6229d4c2-9d37-4ba8-b373-d0f9d49f2b38@group-FEDF3986FFA5-LeaderElection39] INFO  server.RaftServer$Division (RaftServerImpl.java:setRole(378)) - 6229d4c2-9d37-4ba8-b373-d0f9d49f2b38@group-FEDF3986FFA5: changes role from CANDIDATE to LEADER at term 2 for changeToLeader
2025-04-23 14:39:26,853 [6229d4c2-9d37-4ba8-b373-d0f9d49f2b38@group-FEDF3986FFA5-LeaderElection39] INFO  server.RaftServerConfigKeys (ConfUtils.java:logGet(46)) - raft.server.staging.catchup.gap = 1000 (default)
2025-04-23 14:39:26,853 [6229d4c2-9d37-4ba8-b373-d0f9d49f2b38@group-FEDF3986FFA5-LeaderElection39] INFO  server.RaftServerConfigKeys (ConfUtils.java:logGet(46)) - raft.server.write.element-limit = 4096 (default)
2025-04-23 14:39:26,853 [6229d4c2-9d37-4ba8-b373-d0f9d49f2b38@group-FEDF3986FFA5-LeaderElection39] INFO  server.RaftServerConfigKeys (ConfUtils.java:logGet(46)) - raft.server.write.byte-limit = 64MB (=67108864) (default)
2025-04-23 14:39:26,854 [6229d4c2-9d37-4ba8-b373-d0f9d49f2b38@group-FEDF3986FFA5-LeaderElection39] INFO  server.RaftServerConfigKeys (ConfUtils.java:logGet(46)) - raft.server.watch.timeout = 10s (default)
2025-04-23 14:39:26,854 [6229d4c2-9d37-4ba8-b373-d0f9d49f2b38@group-FEDF3986FFA5-LeaderElection39] INFO  server.RaftServerConfigKeys (ConfUtils.java:logGet(46)) - raft.server.watch.timeout.denomination = 1s (default)
2025-04-23 14:39:26,854 [6229d4c2-9d37-4ba8-b373-d0f9d49f2b38@group-FEDF3986FFA5-LeaderElection39] INFO  server.RaftServerConfigKeys (ConfUtils.java:logGet(46)) - raft.server.watch.element-limit = 65536 (default)
2025-04-23 14:39:26,854 [6229d4c2-9d37-4ba8-b373-d0f9d49f2b38@group-FEDF3986FFA5-LeaderElection39] INFO  server.RaftServerConfigKeys (ConfUtils.java:logGet(46)) - raft.server.read.leader.lease.enabled = false (default)
2025-04-23 14:39:26,854 [6229d4c2-9d37-4ba8-b373-d0f9d49f2b38@group-FEDF3986FFA5-LeaderElection39] INFO  server.RaftServerConfigKeys (ConfUtils.java:logGet(46)) - raft.server.read.leader.lease.timeout.ratio = 0.9 (default)
2025-04-23 14:39:26,854 [6229d4c2-9d37-4ba8-b373-d0f9d49f2b38@group-FEDF3986FFA5-LeaderElection39] INFO  server.RaftServerConfigKeys (ConfUtils.java:logGet(46)) - raft.server.rpc.timeout.min = 5000ms (custom)
2025-04-23 14:39:26,854 [6229d4c2-9d37-4ba8-b373-d0f9d49f2b38@group-FEDF3986FFA5-LeaderElection39] INFO  server.RaftServerConfigKeys (ConfUtils.java:logGet(46)) - raft.server.log.log-metadata.enabled = true (default)
2025-04-23 14:39:26,854 [6229d4c2-9d37-4ba8-b373-d0f9d49f2b38@group-FEDF3986FFA5-LeaderElection39] INFO  server.RaftServerConfigKeys (ConfUtils.java:logGet(46)) - raft.server.write.element-limit = 4096 (default)
2025-04-23 14:39:26,854 [6229d4c2-9d37-4ba8-b373-d0f9d49f2b38@group-FEDF3986FFA5-LeaderElection39] INFO  server.RaftServerConfigKeys (ConfUtils.java:logGet(46)) - raft.server.write.follower.gap.ratio.max = -1.0 (default)
2025-04-23 14:39:26,854 [6229d4c2-9d37-4ba8-b373-d0f9d49f2b38@group-FEDF3986FFA5-LeaderElection39] INFO  impl.RoleInfo (RoleInfo.java:updateAndGet(148)) - 6229d4c2-9d37-4ba8-b373-d0f9d49f2b38: start 6229d4c2-9d37-4ba8-b373-d0f9d49f2b38@group-FEDF3986FFA5-LeaderStateImpl
2025-04-23 14:39:26,854 [6229d4c2-9d37-4ba8-b373-d0f9d49f2b38@group-FEDF3986FFA5-LeaderElection39] INFO  server.RaftServer$Division (RaftServerImpl.java:setFirstElection(562)) - 6229d4c2-9d37-4ba8-b373-d0f9d49f2b38@group-FEDF3986FFA5: set firstElectionSinceStartup to false for becomeLeader
2025-04-23 14:39:26,854 [6229d4c2-9d37-4ba8-b373-d0f9d49f2b38@group-FEDF3986FFA5-LeaderElection39] INFO  ha.SCMStateMachine (SCMStateMachine.java:notifyLeaderChanged(291)) - current SCM becomes leader of term 2.
2025-04-23 14:39:26,854 [6229d4c2-9d37-4ba8-b373-d0f9d49f2b38@group-FEDF3986FFA5-LeaderElection39] INFO  ha.SCMContext (SCMContext.java:updateLeaderAndTerm(95)) - update <isLeader,term> from <false,0> to <true,2>
2025-04-23 14:39:26,854 [6229d4c2-9d37-4ba8-b373-d0f9d49f2b38@group-FEDF3986FFA5-LeaderElection39] INFO  server.RaftServer$Division (ServerState.java:setLeader(272)) - 6229d4c2-9d37-4ba8-b373-d0f9d49f2b38@group-FEDF3986FFA5: change Leader from null to 6229d4c2-9d37-4ba8-b373-d0f9d49f2b38 at term 2 for becomeLeader, leader elected after 1048ms
2025-04-23 14:39:26,855 [6229d4c2-9d37-4ba8-b373-d0f9d49f2b38@group-FEDF3986FFA5-LeaderElection39] INFO  segmented.SegmentedRaftLogWorker (SegmentedRaftLogWorker.java:rollLogSegment(443)) - 6229d4c2-9d37-4ba8-b373-d0f9d49f2b38@group-FEDF3986FFA5-SegmentedRaftLogWorker: Rolling segment log-0_0 to index:0
2025-04-23 14:39:26,855 [6229d4c2-9d37-4ba8-b373-d0f9d49f2b38@group-FEDF3986FFA5-LeaderElection39] INFO  server.RaftServer$Division (ServerState.java:setRaftConf(386)) - 6229d4c2-9d37-4ba8-b373-d0f9d49f2b38@group-FEDF3986FFA5: set configuration conf: {index: 1, cur=peers:[6229d4c2-9d37-4ba8-b373-d0f9d49f2b38|fv-az1120-822:15046]|listeners:[], old=null}
2025-04-23 14:39:26,855 [6229d4c2-9d37-4ba8-b373-d0f9d49f2b38@group-FEDF3986FFA5-SegmentedRaftLogWorker] INFO  segmented.SegmentedRaftLogWorker (SegmentedRaftLogWorker.java:execute(601)) - 6229d4c2-9d37-4ba8-b373-d0f9d49f2b38@group-FEDF3986FFA5-SegmentedRaftLogWorker: Rolled log segment from /home/runner/work/ozone/ozone/hadoop-ozone/integration-test/target/test-dir/MiniOzoneClusterImpl-feea018d-8976-442b-acbc-fedf3986ffa5/ozone-meta/scm-ha/feea018d-8976-442b-acbc-fedf3986ffa5/current/log_inprogress_0 to /home/runner/work/ozone/ozone/hadoop-ozone/integration-test/target/test-dir/MiniOzoneClusterImpl-feea018d-8976-442b-acbc-fedf3986ffa5/ozone-meta/scm-ha/feea018d-8976-442b-acbc-fedf3986ffa5/current/log_0-0
2025-04-23 14:39:26,855 [6229d4c2-9d37-4ba8-b373-d0f9d49f2b38@group-FEDF3986FFA5-SegmentedRaftLogWorker] INFO  segmented.BufferedWriteChannel (BufferedWriteChannel.java:open(61)) - open log_inprogress_1 at position 0
2025-04-23 14:39:26,863 [6229d4c2-9d37-4ba8-b373-d0f9d49f2b38@group-FEDF3986FFA5-SegmentedRaftLogWorker] INFO  segmented.SegmentedRaftLogWorker (SegmentedRaftLogWorker.java:execute(644)) - 6229d4c2-9d37-4ba8-b373-d0f9d49f2b38@group-FEDF3986FFA5-SegmentedRaftLogWorker: created new log segment /home/runner/work/ozone/ozone/hadoop-ozone/integration-test/target/test-dir/MiniOzoneClusterImpl-feea018d-8976-442b-acbc-fedf3986ffa5/ozone-meta/scm-ha/feea018d-8976-442b-acbc-fedf3986ffa5/current/log_inprogress_1
2025-04-23 14:39:26,866 [6229d4c2-9d37-4ba8-b373-d0f9d49f2b38@group-FEDF3986FFA5-StateMachineUpdater] INFO  server.RaftServer$Division (LeaderStateImpl.java:checkStartIndex(313)) - Leader 6229d4c2-9d37-4ba8-b373-d0f9d49f2b38@group-FEDF3986FFA5-LeaderStateImpl is ready since appliedIndex == startIndex == 1
2025-04-23 14:39:26,866 [6229d4c2-9d37-4ba8-b373-d0f9d49f2b38@group-FEDF3986FFA5-StateMachineUpdater] INFO  ha.SCMContext (SCMContext.java:setLeaderReady(122)) - update <isLeaderReady> from <false> to <true>
2025-04-23 14:39:26,866 [6229d4c2-9d37-4ba8-b373-d0f9d49f2b38@group-FEDF3986FFA5-StateMachineUpdater] INFO  pipeline.BackgroundPipelineCreator (BackgroundPipelineCreator.java:notifyStatusChanged(269)) - Service BackgroundPipelineCreator transitions to RUNNING.
2025-04-23 14:39:26,866 [6229d4c2-9d37-4ba8-b373-d0f9d49f2b38@group-FEDF3986FFA5-StateMachineUpdater] INFO  safemode.RatisContainerSafeModeRule (RatisContainerSafeModeRule.java:initializeRule(161)) - Refreshed Containers with one replica threshold count 0.
2025-04-23 14:39:26,866 [6229d4c2-9d37-4ba8-b373-d0f9d49f2b38@group-FEDF3986FFA5-StateMachineUpdater] INFO  safemode.HealthyPipelineSafeModeRule (HealthyPipelineSafeModeRule.java:initializeRule(174)) - Refreshed total pipeline count is 0, healthy pipeline threshold count is 1
2025-04-23 14:39:26,866 [6229d4c2-9d37-4ba8-b373-d0f9d49f2b38@group-FEDF3986FFA5-StateMachineUpdater] INFO  safemode.ECContainerSafeModeRule (ECContainerSafeModeRule.java:initializeRule(205)) - Refreshed Containers with ec n replica threshold count 0.
2025-04-23 14:39:26,866 [6229d4c2-9d37-4ba8-b373-d0f9d49f2b38@group-FEDF3986FFA5-StateMachineUpdater] INFO  safemode.OneReplicaPipelineSafeModeRule (OneReplicaPipelineSafeModeRule.java:initializeRule(187)) - Refreshed Total pipeline count is 0, pipeline's with at least one datanode reported threshold count is 0
2025-04-23 14:39:26,866 [6229d4c2-9d37-4ba8-b373-d0f9d49f2b38@group-FEDF3986FFA5-StateMachineUpdater] INFO  server.SCMDatanodeProtocolServer (SCMDatanodeProtocolServer.java:start(193)) - ScmDatanodeProtocol RPC server for DataNodes is listening at /0.0.0.0:15044
2025-04-23 14:39:26,867 [IPC Server Responder] INFO  ipc.Server (Server.java:run(1713)) - IPC Server Responder: starting
2025-04-23 14:39:26,867 [IPC Server listener on 15044] INFO  ipc.Server (Server.java:run(1553)) - IPC Server listener on 15044: starting
2025-04-23 14:39:26,970 [b3e33d86-0447-4fd5-9cd5-f314a86cc755-EndpointStateMachineTaskThread-/0.0.0.0:15002-0 ] INFO  ipc.Client (Client.java:handleConnectionFailure(966)) - Retrying connect to server: 0.0.0.0/0.0.0.0:15002. Already tried 6 time(s); retry policy is RetryUpToMaximumCountWithFixedSleep(maxRetries=15, sleepTime=1000 MILLISECONDS)
OM initialization succeeded.Current cluster id for sd=/home/runner/work/ozone/ozone/hadoop-ozone/integration-test/target/test-dir/MiniOzoneClusterImpl-feea018d-8976-442b-acbc-fedf3986ffa5/omNode-1/om;cid=feea018d-8976-442b-acbc-fedf3986ffa5;layoutVersion=8
2025-04-23 14:39:27,931 [main] INFO  ha.OMHANodeDetails (OMHANodeDetails.java:loadOMHAConfig(120)) - ServiceID for OzoneManager is om-service-test1
2025-04-23 14:39:27,932 [main] INFO  ha.OMHANodeDetails (OMHANodeDetails.java:loadOMHAConfig(200)) - Found matching OM address with OMServiceId: om-service-test1, OMNodeId: omNode-1, RPC Address: localhost:15048 and Ratis port: 15051
2025-04-23 14:39:27,932 [main] INFO  ha.OMHANodeDetails (ConfUtils.java:setNodeSpecificConfigs(98)) - Setting configuration key ozone.om.http-address with value of key ozone.om.http-address.om-service-test1.omNode-1: 127.0.0.1:15049
2025-04-23 14:39:27,932 [main] INFO  ha.OMHANodeDetails (ConfUtils.java:setNodeSpecificConfigs(98)) - Setting configuration key ozone.om.https-address with value of key ozone.om.https-address.om-service-test1.omNode-1: 127.0.0.1:15050
2025-04-23 14:39:27,932 [main] INFO  ha.OMHANodeDetails (ConfUtils.java:setNodeSpecificConfigs(98)) - Setting configuration key ozone.om.address with value of key ozone.om.address.om-service-test1.omNode-1: 127.0.0.1:15048
2025-04-23 14:39:27,932 [main] WARN  server.ServerUtils (ServerUtils.java:getDBPath(297)) - ozone.om.db.dirs is not configured. We recommend adding this setting. Falling back to ozone.metadata.dirs instead.
2025-04-23 14:39:27,933 [main] INFO  upgrade.AbstractLayoutVersionManager (AbstractLayoutVersionManager.java:init(80)) - Initializing Layout version manager with metadata layout = DELEGATION_TOKEN_SYMMETRIC_SIGN (version = 8), software layout = DELEGATION_TOKEN_SYMMETRIC_SIGN (version = 8)
2025-04-23 14:39:27,971 [b3e33d86-0447-4fd5-9cd5-f314a86cc755-EndpointStateMachineTaskThread-/0.0.0.0:15002-0 ] INFO  ipc.Client (Client.java:handleConnectionFailure(966)) - Retrying connect to server: 0.0.0.0/0.0.0.0:15002. Already tried 7 time(s); retry policy is RetryUpToMaximumCountWithFixedSleep(maxRetries=15, sleepTime=1000 MILLISECONDS)
2025-04-23 14:39:27,990 [main] INFO  reflections.Reflections (Reflections.java:scan(219)) - Reflections took 56 ms to scan 2 urls, producing 203 keys and 603 values
2025-04-23 14:39:27,991 [main] INFO  upgrade.OMLayoutVersionManager (OMLayoutVersionManager.java:lambda$0(110)) - Skipping Upgrade Action QuotaRepairUpgradeAction since it has been finalized.
2025-04-23 14:39:27,991 [main] INFO  upgrade.OMLayoutVersionManager (OMLayoutVersionManager.java:lambda$0(110)) - Skipping Upgrade Action MockOmUpgradeAction since it has been finalized.
2025-04-23 14:39:27,991 [main] WARN  server.ServerUtils (ServerUtils.java:getDBPath(297)) - ozone.om.db.dirs is not configured. We recommend adding this setting. Falling back to ozone.metadata.dirs instead.
2025-04-23 14:39:27,991 [main] INFO  om.OzoneManager (OzoneManager.java:setReplicationFromConfig(4612)) - Set default replication in OM: RATIS/3 -> RATIS/THREE
2025-04-23 14:39:27,992 [main] INFO  proxy.SCMContainerLocationFailoverProxyProvider (SCMFailoverProxyProviderBase.java:<init>(120)) - Created fail-over proxy for protocol StorageContainerLocationProtocolPB with 1 nodes: [nodeId=scmNodeId,nodeAddress=/0.0.0.0:15042]
2025-04-23 14:39:27,992 [main] INFO  proxy.SCMBlockLocationFailoverProxyProvider (SCMFailoverProxyProviderBase.java:<init>(120)) - Created fail-over proxy for protocol ScmBlockLocationProtocolPB with 1 nodes: [nodeId=scmNodeId,nodeAddress=/0.0.0.0:15043]
2025-04-23 14:39:27,993 [main] INFO  proxy.SCMBlockLocationFailoverProxyProvider (SCMFailoverProxyProviderBase.java:<init>(120)) - Created fail-over proxy for protocol ScmBlockLocationProtocolPB with 1 nodes: [nodeId=scmNodeId,nodeAddress=/0.0.0.0:15043]
2025-04-23 14:39:27,996 [main] INFO  om.OzoneManager (OzoneManager.java:<init>(689)) - OM start with adminUsers: [*, runner]
2025-04-23 14:39:27,997 [main] WARN  server.ServerUtils (ServerUtils.java:getDBPath(297)) - ozone.om.db.dirs is not configured. We recommend adding this setting. Falling back to ozone.metadata.dirs instead.
2025-04-23 14:39:28,176 [main] INFO  om.OzoneManager (OzoneManager.java:instantiateServices(933)) - S3 Multi-Tenancy is disabled
2025-04-23 14:39:28,177 [main] INFO  om.OmSnapshotManager (OmSnapshotManager.java:<init>(180)) - Ozone filesystem snapshot feature is enabled.
2025-04-23 14:39:28,177 [main] WARN  server.ServerUtils (ServerUtils.java:getDBPath(297)) - ozone.om.snapshot.diff.db.dir is not configured. We recommend adding this setting. Falling back to ozone.metadata.dirs instead.
2025-04-23 14:39:28,196 [main] INFO  om.OzoneManager (OzoneManager.java:addS3GVolumeToDB(4670)) - Created Volume s3v With Owner runner required for S3Gateway operations.
2025-04-23 14:39:28,196 [main] WARN  server.ServerUtils (ServerUtils.java:getDefaultRatisDirectory(309)) - Storage directory for Ratis is not configured. It is a good idea to map this to an SSD disk. Falling back to ozone.metadata.dirs
2025-04-23 14:39:28,196 [main] WARN  utils.OzoneManagerRatisUtils (OzoneManagerRatisUtils.java:getOMRatisSnapshotDirectory(488)) - ozone.om.ratis.snapshot.dir is not configured. Falling back to ozone.metadata.dirs config
2025-04-23 14:39:28,197 [main] INFO  utils.RDBSnapshotProvider (RDBSnapshotProvider.java:init(85)) - Cleaning up the candidate dir: /home/runner/work/ozone/ozone/hadoop-ozone/integration-test/target/test-dir/MiniOzoneClusterImpl-feea018d-8976-442b-acbc-fedf3986ffa5/omNode-1/snapshot/om.db.candidate
2025-04-23 14:39:28,197 [main] INFO  ratis_snapshot.OmRatisSnapshotProvider (OmRatisSnapshotProvider.java:<init>(98)) - Initializing OM Snapshot Provider
2025-04-23 14:39:28,198 [main] WARN  dropwizard3.Dm3MetricRegistriesImpl (Dm3MetricRegistriesImpl.java:addReporterRegistration(114)) - New reporters are added after registries were created. Some metrics will be missing from the reporter. Please add reporter before adding any new registry.
2025-04-23 14:39:28,198 [main] WARN  dropwizard3.Dm3MetricRegistriesImpl (Dm3MetricRegistriesImpl.java:addReporterRegistration(114)) - New reporters are added after registries were created. Some metrics will be missing from the reporter. Please add reporter before adding any new registry.
2025-04-23 14:39:28,198 [main] WARN  server.ServerUtils (ServerUtils.java:getDefaultRatisDirectory(309)) - Storage directory for Ratis is not configured. It is a good idea to map this to an SSD disk. Falling back to ozone.metadata.dirs
2025-04-23 14:39:28,198 [main] INFO  server.RaftServerConfigKeys (ConfUtils.java:logGet(46)) - raft.server.log.appender.buffer.byte-limit = 4194304 (custom)
2025-04-23 14:39:28,199 [main] INFO  ratis.OzoneManagerRatisServer (OzoneManagerRatisServer.java:<init>(167)) - Instantiating OM Ratis server with groupID: om-service-test1 and peers: localhost:15051, localhost:15059, localhost:15055
2025-04-23 14:39:28,199 [main] INFO  ratis.OzoneManagerStateMachine (OzoneManagerStateMachine.java:loadSnapshotInfoFromDB(613)) - TransactionInfo not found in OM DB.
2025-04-23 14:39:28,199 [main] INFO  server.RaftServer (ConfUtils.java:logGet(46)) - raft.rpc.type = GRPC (default)
2025-04-23 14:39:28,200 [main] INFO  grpc.GrpcConfigKeys (ConfUtils.java:logFallback(53)) - raft.grpc.admin.host = null (fallback to raft.grpc.server.host)
2025-04-23 14:39:28,200 [main] INFO  grpc.GrpcConfigKeys (ConfUtils.java:logFallback(53)) - raft.grpc.admin.port = 15051 (fallback to raft.grpc.server.port)
2025-04-23 14:39:28,200 [main] INFO  grpc.GrpcConfigKeys (ConfUtils.java:logFallback(53)) - raft.grpc.client.host = null (fallback to raft.grpc.server.host)
2025-04-23 14:39:28,200 [main] INFO  grpc.GrpcConfigKeys (ConfUtils.java:logFallback(53)) - raft.grpc.client.port = 15051 (fallback to raft.grpc.server.port)
2025-04-23 14:39:28,200 [main] INFO  grpc.GrpcConfigKeys (ConfUtils.java:logGet(46)) - raft.grpc.server.host = null (default)
2025-04-23 14:39:28,200 [main] INFO  grpc.GrpcConfigKeys (ConfUtils.java:logGet(46)) - raft.grpc.server.port = 15051 (custom)
2025-04-23 14:39:28,200 [main] INFO  server.GrpcService (ConfUtils.java:logGet(46)) - raft.grpc.message.size.max = 5242880 (custom)
2025-04-23 14:39:28,200 [main] INFO  server.GrpcService (ConfUtils.java:logGet(46)) - raft.grpc.flow.control.window = 1MB (=1048576) (default)
2025-04-23 14:39:28,200 [main] INFO  server.RaftServerConfigKeys (ConfUtils.java:logGet(46)) - raft.server.rpc.request.timeout = 3000ms (default)
2025-04-23 14:39:28,200 [main] INFO  grpc.GrpcConfigKeys (ConfUtils.java:logGet(46)) - raft.grpc.server.heartbeat.channel = true (default)
2025-04-23 14:39:28,200 [main] INFO  server.RaftServerConfigKeys (ConfUtils.java:logGet(46)) - raft.server.log.appender.buffer.byte-limit = 4194304 (custom)
2025-04-23 14:39:28,200 [main] INFO  grpc.GrpcConfigKeys (ConfUtils.java:logGet(46)) - raft.grpc.server.async.request.thread.pool.cached = true (default)
2025-04-23 14:39:28,200 [main] INFO  grpc.GrpcConfigKeys (ConfUtils.java:logGet(46)) - raft.grpc.server.async.request.thread.pool.size = 32 (default)
2025-04-23 14:39:28,201 [main] INFO  impl.DataStreamServerImpl (ConfUtils.java:logGet(46)) - raft.datastream.type = DISABLED (default)
2025-04-23 14:39:28,201 [main] INFO  server.RaftServerConfigKeys (ConfUtils.java:logGet(46)) - raft.server.sleep.deviation.threshold = 300ms (default)
2025-04-23 14:39:28,201 [main] INFO  server.RaftServerConfigKeys (ConfUtils.java:logGet(46)) - raft.server.close.threshold = 60s (default)
2025-04-23 14:39:28,201 [main] INFO  server.RaftServerConfigKeys (ConfUtils.java:logGet(46)) - raft.server.leaderelection.leader.step-down.wait-time = 10s (default)
2025-04-23 14:39:28,201 [main] INFO  server.RaftServerConfigKeys (ConfUtils.java:logGet(46)) - raft.server.storage.dir = [/home/runner/work/ozone/ozone/hadoop-ozone/integration-test/target/test-dir/MiniOzoneClusterImpl-feea018d-8976-442b-acbc-fedf3986ffa5/omNode-1/ratis] (custom)
2025-04-23 14:39:28,201 [main] INFO  server.RaftServerConfigKeys (ConfUtils.java:logGet(46)) - raft.server.threadpool.proxy.cached = true (default)
2025-04-23 14:39:28,201 [main] INFO  server.RaftServerConfigKeys (ConfUtils.java:logGet(46)) - raft.server.threadpool.proxy.size = 0 (default)
2025-04-23 14:39:28,202 [main] INFO  server.RaftServer (RaftServerProxy.java:addNew(100)) - omNode-1: addNew group-523986131536:[omNode-3|localhost:15059, omNode-1|localhost:15051, omNode-2|localhost:15055] returns group-523986131536:java.util.concurrent.CompletableFuture@266417a0[Not completed]
2025-04-23 14:39:28,202 [omNode-1-groupManagement] INFO  server.RaftServer$Division (RaftServerImpl.java:<init>(255)) - omNode-1: new RaftServerImpl for group-523986131536:[omNode-3|localhost:15059, omNode-1|localhost:15051, omNode-2|localhost:15055] with OzoneManagerStateMachine:uninitialized
2025-04-23 14:39:28,202 [omNode-1-groupManagement] INFO  server.RaftServerConfigKeys (ConfUtils.java:logGet(46)) - raft.server.rpc.timeout.min = 1s (custom)
2025-04-23 14:39:28,202 [omNode-1-groupManagement] INFO  server.RaftServerConfigKeys (ConfUtils.java:logGet(46)) - raft.server.rpc.timeout.max = 1200ms (custom)
2025-04-23 14:39:28,202 [omNode-1-groupManagement] INFO  server.RaftServerConfigKeys (ConfUtils.java:logGet(46)) - raft.server.rpc.sleep.time = 25ms (default)
2025-04-23 14:39:28,202 [omNode-1-groupManagement] INFO  server.RaftServerConfigKeys (ConfUtils.java:logGet(46)) - raft.server.rpc.slowness.timeout = 2s (custom)
2025-04-23 14:39:28,202 [omNode-1-groupManagement] INFO  server.RaftServerConfigKeys (ConfUtils.java:logGet(46)) - raft.server.leaderelection.leader.step-down.wait-time = 10s (default)
2025-04-23 14:39:28,202 [omNode-1-groupManagement] INFO  server.RaftServerConfigKeys (ConfUtils.java:logGet(46)) - raft.server.leaderelection.member.majority-add = false (default)
2025-04-23 14:39:28,202 [omNode-1-groupManagement] INFO  server.RaftServerConfigKeys (ConfUtils.java:logGet(46)) - raft.server.sleep.deviation.threshold = 300ms (default)
2025-04-23 14:39:28,202 [omNode-1-groupManagement] INFO  server.RaftServer$Division (ServerState.java:<init>(114)) - omNode-1@group-523986131536: ConfigurationManager, init=conf: {index: -1, cur=peers:[omNode-3|localhost:15059, omNode-1|localhost:15051, omNode-2|localhost:15055]|listeners:[], old=null}, confs=<EMPTY_MAP>
2025-04-23 14:39:28,202 [main] INFO  om.OzoneManager (OzoneManager.java:initializeRatisServer(2303)) - OzoneManager Ratis server initialized at port 15051
2025-04-23 14:39:28,202 [omNode-1-groupManagement] INFO  server.RaftServerConfigKeys (ConfUtils.java:logGet(46)) - raft.server.notification.no-leader.timeout = 2s (custom)
2025-04-23 14:39:28,203 [omNode-1-groupManagement] INFO  server.RaftServerConfigKeys (ConfUtils.java:logGet(46)) - raft.server.read.timeout = 10s (default)
2025-04-23 14:39:28,203 [omNode-1-groupManagement] INFO  server.RaftServerConfigKeys (ConfUtils.java:logGet(46)) - raft.server.retrycache.expirytime = 30000ms (custom)
2025-04-23 14:39:28,203 [omNode-1-groupManagement] INFO  server.RaftServerConfigKeys (ConfUtils.java:logGet(46)) - raft.server.retrycache.statistics.expirytime = 100ms (default)
2025-04-23 14:39:28,203 [omNode-1-groupManagement] INFO  server.RaftServerConfigKeys (ConfUtils.java:logGet(46)) - raft.server.read.option = DEFAULT (default)
2025-04-23 14:39:28,203 [omNode-1-groupManagement] INFO  server.RaftServerConfigKeys (ConfUtils.java:logGet(46)) - raft.server.read.read-after-write-consistent.write-index-cache.expiry-time = 60s (default)
2025-04-23 14:39:28,203 [main] INFO  om.OzoneManager (OzoneManager.java:getRpcServer(1360)) - Creating RPC Server
2025-04-23 14:39:28,204 [omNode-1-groupManagement] INFO  server.RaftServerConfigKeys (ConfUtils.java:logGet(46)) - raft.server.rpc.request.timeout = 3000ms (default)
2025-04-23 14:39:28,204 [omNode-1-groupManagement] INFO  server.RaftServerConfigKeys (ConfUtils.java:logGet(46)) - raft.server.log.appender.install.snapshot.enabled = false (custom)
2025-04-23 14:39:28,204 [omNode-1-groupManagement] INFO  server.RaftServerConfigKeys (ConfUtils.java:logGet(46)) - raft.server.threadpool.server.cached = true (default)
2025-04-23 14:39:28,204 [omNode-1-groupManagement] INFO  server.RaftServerConfigKeys (ConfUtils.java:logGet(46)) - raft.server.threadpool.server.size = 0 (default)
2025-04-23 14:39:28,204 [omNode-1-groupManagement] INFO  server.RaftServerConfigKeys (ConfUtils.java:logGet(46)) - raft.server.threadpool.client.cached = true (default)
2025-04-23 14:39:28,204 [omNode-1-groupManagement] INFO  server.RaftServerConfigKeys (ConfUtils.java:logGet(46)) - raft.server.threadpool.client.size = 0 (default)
2025-04-23 14:39:28,569 [main] INFO  reflections.Reflections (Reflections.java:scan(219)) - Reflections took 366 ms to scan 22 urls, producing 61 keys and 7422 values
2025-04-23 14:39:28,571 [main] INFO  ipc.CallQueueManager (CallQueueManager.java:<init>(93)) - Using callQueue: class java.util.concurrent.LinkedBlockingQueue, queueCapacity: 2000, scheduler: class org.apache.hadoop.ipc.DefaultRpcScheduler, ipcBackoff: false, ipcFailOver: false.
2025-04-23 14:39:28,571 [main] INFO  ipc.Server (Server.java:<init>(1438)) - Listener at 127.0.0.1:15048
2025-04-23 14:39:28,572 [Socket Reader #1 for port 15048] INFO  ipc.Server (Server.java:run(1474)) - Starting Socket Reader #1 for port 15048
2025-04-23 14:39:28,572 [Socket Reader #2 for port 15048] INFO  ipc.Server (Server.java:run(1474)) - Starting Socket Reader #2 for port 15048
2025-04-23 14:39:28,572 [Socket Reader #3 for port 15048] INFO  ipc.Server (Server.java:run(1474)) - Starting Socket Reader #3 for port 15048
2025-04-23 14:39:28,572 [Socket Reader #4 for port 15048] INFO  ipc.Server (Server.java:run(1474)) - Starting Socket Reader #4 for port 15048
2025-04-23 14:39:28,573 [Socket Reader #5 for port 15048] INFO  ipc.Server (Server.java:run(1474)) - Starting Socket Reader #5 for port 15048
2025-04-23 14:39:28,573 [Socket Reader #6 for port 15048] INFO  ipc.Server (Server.java:run(1474)) - Starting Socket Reader #6 for port 15048
2025-04-23 14:39:28,573 [Socket Reader #7 for port 15048] INFO  ipc.Server (Server.java:run(1474)) - Starting Socket Reader #7 for port 15048
2025-04-23 14:39:28,573 [Socket Reader #8 for port 15048] INFO  ipc.Server (Server.java:run(1474)) - Starting Socket Reader #8 for port 15048
2025-04-23 14:39:28,573 [Socket Reader #9 for port 15048] INFO  ipc.Server (Server.java:run(1474)) - Starting Socket Reader #9 for port 15048
2025-04-23 14:39:28,573 [Socket Reader #10 for port 15048] INFO  ipc.Server (Server.java:run(1474)) - Starting Socket Reader #10 for port 15048
2025-04-23 14:39:28,591 [main] INFO  impl.MetricsSystemImpl (MetricsSystemImpl.java:init(158)) - OzoneManager metrics system started (again)
2025-04-23 14:39:28,599 [main] INFO  om.OzoneManager (OzoneManager.java:start(1787)) - OzoneManager RPC server is listening at localhost/127.0.0.1:15048
2025-04-23 14:39:28,600 [main] INFO  ratis.OzoneManagerRatisServer (OzoneManagerRatisServer.java:start(628)) - Starting OzoneManagerRatisServer omNode-1 at port 15051
2025-04-23 14:39:28,600 [omNode-1-impl-thread1] INFO  server.RaftServerConfigKeys (ConfUtils.java:logGet(46)) - raft.server.storage.free-space.min = 0MB (=0) (default)
2025-04-23 14:39:28,600 [omNode-1-impl-thread1] INFO  server.RaftServerConfigKeys (ConfUtils.java:logGet(46)) - raft.server.log.corruption.policy = EXCEPTION (default)
2025-04-23 14:39:28,600 [omNode-1-impl-thread1] INFO  server.RaftServerConfigKeys (ConfUtils.java:logGet(46)) - raft.server.storage.dir = [/home/runner/work/ozone/ozone/hadoop-ozone/integration-test/target/test-dir/MiniOzoneClusterImpl-feea018d-8976-442b-acbc-fedf3986ffa5/omNode-1/ratis] (custom)
2025-04-23 14:39:28,601 [omNode-1-impl-thread1] INFO  storage.RaftStorageDirectory (RaftStorageDirectoryImpl.java:analyzeStorage(138)) - The storage directory /home/runner/work/ozone/ozone/hadoop-ozone/integration-test/target/test-dir/MiniOzoneClusterImpl-feea018d-8976-442b-acbc-fedf3986ffa5/omNode-1/ratis/c9bc4cf4-3bc3-3c60-a66b-523986131536 does not exist. Creating ...
2025-04-23 14:39:28,602 [omNode-1-impl-thread1] INFO  storage.RaftStorageDirectory (RaftStorageDirectoryImpl.java:tryLock(229)) - Lock on /home/runner/work/ozone/ozone/hadoop-ozone/integration-test/target/test-dir/MiniOzoneClusterImpl-feea018d-8976-442b-acbc-fedf3986ffa5/omNode-1/ratis/c9bc4cf4-3bc3-3c60-a66b-523986131536/in_use.lock acquired by nodename 129558@fv-az1120-822
2025-04-23 14:39:28,603 [omNode-1-impl-thread1] INFO  storage.RaftStorage (RaftStorageImpl.java:format(98)) - Storage directory /home/runner/work/ozone/ozone/hadoop-ozone/integration-test/target/test-dir/MiniOzoneClusterImpl-feea018d-8976-442b-acbc-fedf3986ffa5/omNode-1/ratis/c9bc4cf4-3bc3-3c60-a66b-523986131536 has been successfully formatted.
2025-04-23 14:39:28,603 [omNode-1-impl-thread1] INFO  ratis.OzoneManagerStateMachine (OzoneManagerStateMachine.java:lambda$0(138)) - omNode-1: initialize group-523986131536 with (t:0, i:~)
2025-04-23 14:39:28,603 [omNode-1-impl-thread1] INFO  server.RaftServerConfigKeys (ConfUtils.java:logGet(46)) - raft.server.log.use.memory = false (default)
2025-04-23 14:39:28,604 [omNode-1-impl-thread1] INFO  server.RaftServerConfigKeys (ConfUtils.java:logGet(46)) - raft.server.log.purge.gap = 50 (custom)
2025-04-23 14:39:28,604 [omNode-1-impl-thread1] INFO  server.RaftServerConfigKeys (ConfUtils.java:logGet(46)) - raft.server.log.appender.buffer.byte-limit = 4194304 (custom)
2025-04-23 14:39:28,604 [omNode-1-impl-thread1] INFO  server.RaftServerConfigKeys (ConfUtils.java:logGet(46)) - raft.server.log.statemachine.data.read.timeout = 1000ms (default)
2025-04-23 14:39:28,604 [omNode-1-impl-thread1] INFO  server.RaftServerConfigKeys (ConfUtils.java:logGet(46)) - raft.server.log.purge.preservation.log.num = 0 (default)
2025-04-23 14:39:28,605 [omNode-1-impl-thread1] INFO  server.RaftServerConfigKeys (ConfUtils.java:logGet(46)) - raft.server.log.segment.size.max = 4194304 (custom)
2025-04-23 14:39:28,605 [omNode-1-impl-thread1] INFO  server.RaftServerConfigKeys (ConfUtils.java:logGet(46)) - raft.server.log.segment.cache.num.max = 2 (custom)
2025-04-23 14:39:28,605 [omNode-1-impl-thread1] INFO  server.RaftServerConfigKeys (ConfUtils.java:logGet(46)) - raft.server.log.segment.cache.size.max = 200MB (=209715200) (default)
2025-04-23 14:39:28,605 [omNode-1-impl-thread1] INFO  server.RaftServerConfigKeys (ConfUtils.java:logGet(46)) - raft.server.log.appender.buffer.byte-limit = 4194304 (custom)
2025-04-23 14:39:28,605 [omNode-1-impl-thread1] INFO  util.AwaitToRun (AwaitToRun.java:start(81)) - Thread[#8389,omNode-1@group-523986131536-cacheEviction-AwaitToRun,5,main] started
2025-04-23 14:39:28,605 [omNode-1-impl-thread1] INFO  segmented.SegmentedRaftLogWorker (SegmentedRaftLogWorker.java:<init>(188)) - new omNode-1@group-523986131536-SegmentedRaftLogWorker for RaftStorageImpl:Storage Directory /home/runner/work/ozone/ozone/hadoop-ozone/integration-test/target/test-dir/MiniOzoneClusterImpl-feea018d-8976-442b-acbc-fedf3986ffa5/omNode-1/ratis/c9bc4cf4-3bc3-3c60-a66b-523986131536
2025-04-23 14:39:28,605 [omNode-1-impl-thread1] INFO  server.RaftServerConfigKeys (ConfUtils.java:logGet(46)) - raft.server.log.queue.byte-limit = 64MB (=67108864) (default)
2025-04-23 14:39:28,605 [omNode-1-impl-thread1] INFO  server.RaftServerConfigKeys (ConfUtils.java:logGet(46)) - raft.server.log.queue.element-limit = 4096 (default)
2025-04-23 14:39:28,605 [omNode-1-impl-thread1] INFO  server.RaftServerConfigKeys (ConfUtils.java:logGet(46)) - raft.server.log.segment.size.max = 4194304 (custom)
2025-04-23 14:39:28,605 [omNode-1-impl-thread1] INFO  server.RaftServerConfigKeys (ConfUtils.java:logGet(46)) - raft.server.log.preallocated.size = 4194304 (custom)
2025-04-23 14:39:28,605 [omNode-1-impl-thread1] INFO  server.RaftServerConfigKeys (ConfUtils.java:logGet(46)) - raft.server.log.force.sync.num = 128 (default)
2025-04-23 14:39:28,606 [omNode-1-impl-thread1] INFO  server.RaftServerConfigKeys (ConfUtils.java:logGet(46)) - raft.server.log.statemachine.data.sync = true (default)
2025-04-23 14:39:28,606 [omNode-1-impl-thread1] INFO  server.RaftServerConfigKeys (ConfUtils.java:logGet(46)) - raft.server.log.statemachine.data.sync.timeout = 10s (default)
2025-04-23 14:39:28,606 [omNode-1-impl-thread1] INFO  server.RaftServerConfigKeys (ConfUtils.java:logGet(46)) - raft.server.log.statemachine.data.sync.timeout.retry = -1 (default)
2025-04-23 14:39:28,606 [omNode-1-impl-thread1] INFO  server.RaftServerConfigKeys (ConfUtils.java:logGet(46)) - raft.server.log.write.buffer.size = 4194312 (custom)
2025-04-23 14:39:28,606 [omNode-1-impl-thread1] INFO  server.RaftServerConfigKeys (ConfUtils.java:logGet(46)) - raft.server.log.appender.buffer.byte-limit = 4194304 (custom)
2025-04-23 14:39:28,606 [omNode-1-impl-thread1] INFO  server.RaftServerConfigKeys (ConfUtils.java:logGet(46)) - raft.server.log.unsafe-flush.enabled = false (default)
2025-04-23 14:39:28,606 [omNode-1-impl-thread1] INFO  server.RaftServerConfigKeys (ConfUtils.java:logGet(46)) - raft.server.log.async-flush.enabled = false (default)
2025-04-23 14:39:28,606 [omNode-1-impl-thread1] INFO  server.RaftServerConfigKeys (ConfUtils.java:logGet(46)) - raft.server.log.statemachine.data.caching.enabled = false (default)
2025-04-23 14:39:28,606 [omNode-1-impl-thread1] INFO  segmented.SegmentedRaftLogWorker (SegmentedRaftLogWorker.java:lambda$new$0(139)) - omNode-1@group-523986131536-SegmentedRaftLogWorker: flushIndex: setUnconditionally 0 -> -1
2025-04-23 14:39:28,606 [omNode-1-impl-thread1] INFO  segmented.SegmentedRaftLogWorker (SegmentedRaftLogWorker.java:lambda$new$0(139)) - omNode-1@group-523986131536-SegmentedRaftLogWorker: safeCacheEvictIndex: setUnconditionally 0 -> -1
2025-04-23 14:39:28,607 [omNode-1-impl-thread1] INFO  server.RaftServer$Division (RaftServerImpl.java:start(391)) - omNode-1@group-523986131536: start as a follower, conf=conf: {index: -1, cur=peers:[omNode-3|localhost:15059, omNode-1|localhost:15051, omNode-2|localhost:15055]|listeners:[], old=null}
2025-04-23 14:39:28,607 [omNode-1-impl-thread1] INFO  server.RaftServer$Division (RaftServerImpl.java:setRole(378)) - omNode-1@group-523986131536: changes role from      null to FOLLOWER at term 0 for startAsFollower
2025-04-23 14:39:28,607 [omNode-1-impl-thread1] INFO  impl.RoleInfo (RoleInfo.java:updateAndGet(148)) - omNode-1: start omNode-1@group-523986131536-FollowerState
2025-04-23 14:39:28,607 [omNode-1-impl-thread1] INFO  util.JmxRegister (JmxRegister.java:tryRegister(44)) - Successfully registered JMX Bean with object name Ratis:service=RaftServer,group=group-523986131536,id=omNode-1
2025-04-23 14:39:28,607 [omNode-1-impl-thread1] INFO  util.JmxRegister (JmxRegister.java:register(58)) - register mxBean class org.apache.ratis.server.impl.RaftServerJmxAdapter as Ratis:service=RaftServer,group=group-523986131536,id=omNode-1
2025-04-23 14:39:28,607 [omNode-1-impl-thread1] INFO  server.RaftServerConfigKeys (ConfUtils.java:logGet(46)) - raft.server.snapshot.trigger-when-stop.enabled = true (default)
2025-04-23 14:39:28,607 [omNode-1-impl-thread1] INFO  server.RaftServerConfigKeys (ConfUtils.java:logGet(46)) - raft.server.snapshot.trigger-when-remove.enabled = true (default)
2025-04-23 14:39:28,607 [omNode-1-impl-thread1] INFO  server.RaftServerConfigKeys (ConfUtils.java:logGet(46)) - raft.server.snapshot.auto.trigger.enabled = true (custom)
2025-04-23 14:39:28,607 [omNode-1@group-523986131536-FollowerState] INFO  server.RaftServerConfigKeys (ConfUtils.java:logFallback(53)) - raft.server.rpc.first-election.timeout.min = 1s (fallback to raft.server.rpc.timeout.min)
2025-04-23 14:39:28,608 [omNode-1-impl-thread1] INFO  server.RaftServerConfigKeys (ConfUtils.java:logGet(46)) - raft.server.snapshot.auto.trigger.threshold = 50 (custom)
2025-04-23 14:39:28,608 [omNode-1-impl-thread1] INFO  server.RaftServerConfigKeys (ConfUtils.java:logGet(46)) - raft.server.snapshot.retention.file.num = -1 (default)
2025-04-23 14:39:28,608 [omNode-1-impl-thread1] INFO  server.RaftServerConfigKeys (ConfUtils.java:logGet(46)) - raft.server.log.purge.upto.snapshot.index = true (custom)
2025-04-23 14:39:28,608 [omNode-1@group-523986131536-FollowerState] INFO  server.RaftServerConfigKeys (ConfUtils.java:logFallback(53)) - raft.server.rpc.first-election.timeout.max = 1200ms (fallback to raft.server.rpc.timeout.max)
2025-04-23 14:39:28,608 [omNode-1-impl-thread1] INFO  server.RaftServer$Division (RaftServerImpl.java:start(405)) - omNode-1@group-523986131536: Successfully started.
2025-04-23 14:39:28,608 [main] INFO  server.RaftServer (RaftServerProxy.java:startImpl(407)) - omNode-1: start RPC server
2025-04-23 14:39:28,609 [main] INFO  server.GrpcService (GrpcService.java:startImpl(334)) - omNode-1: GrpcService started, listening on 15051
2025-04-23 14:39:28,609 [JvmPauseMonitor43] INFO  util.JvmPauseMonitor (JvmPauseMonitor.java:run(146)) - JvmPauseMonitor-omNode-1: Started
2025-04-23 14:39:28,610 [main] INFO  om.OzoneManager (OzoneManager.java:start(1802)) - Version File has different layout version (8) than OM DB (null). That is expected if this OM has never been finalized to a newer layout version.
2025-04-23 14:39:28,614 [main] INFO  client.ScmTopologyClient (ScmTopologyClient.java:start(70)) - Initial network topology fetched from SCM: /.
2025-04-23 14:39:28,614 [main] INFO  net.NodeSchemaLoader (NodeSchemaLoader.java:loadSchemaFromFile(127)) - Loading schema from [jar:file:/home/runner/work/ozone/ozone/hadoop-hdds/common/target/hdds-common-2.1.0-SNAPSHOT.jar!/network-topology-default.xml]
2025-04-23 14:39:28,614 [main] INFO  net.NodeSchemaLoader (NodeSchemaLoader.java:loadSchema(174)) - Loading network topology layer schema file
2025-04-23 14:39:28,620 [main] INFO  http.BaseHttpServer (BaseHttpServer.java:newHttpServer2BuilderForOzone(229)) - Starting Web-server for ozoneManager at: http://0.0.0.0:15049
2025-04-23 14:39:28,620 [main] INFO  http.BaseHttpServer (BaseHttpServer.java:<init>(107)) - Hadoop Security Enabled: false Ozone Security Enabled: false Ozone HTTP Security Enabled: false 
2025-04-23 14:39:28,622 [main] WARN  server.AuthenticationFilter (AuthenticationFilter.java:constructSecretProvider(240)) - Unable to initialize FileSignerSecretProvider, falling back to use random secrets. Reason: Could not read signature secret file: /home/runner/hadoop-http-auth-signature-secret
2025-04-23 14:39:28,624 [main] INFO  http.HttpServer2 (HttpServer2.java:addGlobalFilter(1041)) - Added global filter 'safety' (class=org.apache.hadoop.hdds.server.http.HttpServer2$QuotingInputFilter)
2025-04-23 14:39:28,624 [main] INFO  http.HttpServer2 (HttpServer2.java:addFilter(1017)) - Added filter static_user_filter (class=org.apache.hadoop.http.lib.StaticUserWebFilter$StaticUserFilter) to context ozoneManager
2025-04-23 14:39:28,624 [main] INFO  http.HttpServer2 (HttpServer2.java:addFilter(1025)) - Added filter static_user_filter (class=org.apache.hadoop.http.lib.StaticUserWebFilter$StaticUserFilter) to context static
2025-04-23 14:39:28,625 [main] INFO  http.HttpServer2 (HttpServer2.java:addFilter(1025)) - Added filter static_user_filter (class=org.apache.hadoop.http.lib.StaticUserWebFilter$StaticUserFilter) to context logs
2025-04-23 14:39:28,625 [main] INFO  http.BaseHttpServer (BaseHttpServer.java:<init>(195)) - HTTP server of ozoneManager uses base directory /home/runner/work/ozone/ozone/hadoop-ozone/integration-test/target/test-dir/MiniOzoneClusterImpl-feea018d-8976-442b-acbc-fedf3986ffa5/omNode-1/webserver
2025-04-23 14:39:28,625 [main] INFO  http.HttpServer2 (HttpServer2.java:bindListener(1241)) - Jetty bound to port 15049
2025-04-23 14:39:28,626 [main] INFO  server.Server (Server.java:doStart(375)) - jetty-9.4.57.v20241219; built: 2025-01-08T21:24:30.412Z; git: df524e6b29271c2e09ba9aea83c18dc9db464a31; jvm 21.0.7+6-LTS
2025-04-23 14:39:28,627 [main] INFO  server.session (DefaultSessionIdManager.java:doStart(334)) - DefaultSessionIdManager workerName=node0
2025-04-23 14:39:28,627 [main] INFO  server.session (DefaultSessionIdManager.java:doStart(339)) - No SessionScavenger set, using defaults
2025-04-23 14:39:28,627 [main] INFO  server.session (HouseKeeper.java:startScavenging(132)) - node0 Scavenging every 600000ms
2025-04-23 14:39:28,628 [main] INFO  handler.ContextHandler (ContextHandler.java:doStart(921)) - Started o.e.j.s.ServletContextHandler@303426a8{logs,/logs,file:///home/runner/work/ozone/ozone/hadoop-ozone/integration-test/target/log,AVAILABLE}
2025-04-23 14:39:28,628 [main] INFO  handler.ContextHandler (ContextHandler.java:doStart(921)) - Started o.e.j.s.ServletContextHandler@228381d0{static,/static,file:///home/runner/work/ozone/ozone/hadoop-ozone/integration-test/target/test-classes/webapps/static,AVAILABLE}
2025-04-23 14:39:28,633 [main] INFO  handler.ContextHandler (ContextHandler.java:doStart(921)) - Started o.e.j.w.WebAppContext@62d26e33{ozoneManager,/,file:///home/runner/work/ozone/ozone/hadoop-ozone/integration-test/target/test-classes/webapps/ozoneManager/,AVAILABLE}{file:/home/runner/work/ozone/ozone/hadoop-ozone/integration-test/target/test-classes/webapps/ozoneManager}
2025-04-23 14:39:28,633 [main] INFO  server.AbstractConnector (AbstractConnector.java:doStart(333)) - Started ServerConnector@6556ffa2{HTTP/1.1, (http/1.1)}{0.0.0.0:15049}
2025-04-23 14:39:28,633 [main] INFO  server.Server (Server.java:doStart(415)) - Started @168912ms
2025-04-23 14:39:28,633 [main] WARN  impl.MetricsSystemImpl (MetricsSystemImpl.java:register(279)) - Sink prometheus already exists!
2025-04-23 14:39:28,634 [main] INFO  http.BaseHttpServer (BaseHttpServer.java:updateConnectorAddress(360)) - HTTP server of ozoneManager listening at http://0.0.0.0:15049
2025-04-23 14:39:28,634 [IPC Server Responder] INFO  ipc.Server (Server.java:run(1713)) - IPC Server Responder: starting
2025-04-23 14:39:28,634 [IPC Server listener on 15048] INFO  ipc.Server (Server.java:run(1553)) - IPC Server listener on 15048: starting
2025-04-23 14:39:28,637 [main] INFO  om.OzoneManager (OzoneManager.java:startTrashEmptier(2257)) - Trash Interval set to 0. Files deleted won't move to trash
2025-04-23 14:39:28,637 [main] INFO  ozone.MiniOzoneHAClusterImpl (MiniOzoneHAClusterImpl.java:createOMService(516)) - Started OzoneManager omNode-1 RPC server at localhost/127.0.0.1:15048
2025-04-23 14:39:28,638 [main] INFO  ha.OMHANodeDetails (OMHANodeDetails.java:loadOMHAConfig(120)) - ServiceID for OzoneManager is om-service-test1
2025-04-23 14:39:28,639 [main] INFO  ha.OMHANodeDetails (OMHANodeDetails.java:loadOMHAConfig(200)) - Found matching OM address with OMServiceId: om-service-test1, OMNodeId: omNode-2, RPC Address: localhost:15052 and Ratis port: 15055
2025-04-23 14:39:28,639 [main] INFO  ha.OMHANodeDetails (ConfUtils.java:setNodeSpecificConfigs(98)) - Setting configuration key ozone.om.http-address with value of key ozone.om.http-address.om-service-test1.omNode-2: 127.0.0.1:15053
2025-04-23 14:39:28,639 [main] INFO  ha.OMHANodeDetails (ConfUtils.java:setNodeSpecificConfigs(98)) - Setting configuration key ozone.om.https-address with value of key ozone.om.https-address.om-service-test1.omNode-2: 127.0.0.1:15054
2025-04-23 14:39:28,639 [main] INFO  ha.OMHANodeDetails (ConfUtils.java:setNodeSpecificConfigs(98)) - Setting configuration key ozone.om.address with value of key ozone.om.address.om-service-test1.omNode-2: 127.0.0.1:15052
2025-04-23 14:39:28,639 [main] WARN  server.ServerUtils (ServerUtils.java:getDBPath(297)) - ozone.om.db.dirs is not configured. We recommend adding this setting. Falling back to ozone.metadata.dirs instead.
2025-04-23 14:39:28,640 [main] INFO  proxy.SCMBlockLocationFailoverProxyProvider (SCMFailoverProxyProviderBase.java:<init>(120)) - Created fail-over proxy for protocol ScmBlockLocationProtocolPB with 1 nodes: [nodeId=scmNodeId,nodeAddress=/0.0.0.0:15043]
OM initialization succeeded.Current cluster id for sd=/home/runner/work/ozone/ozone/hadoop-ozone/integration-test/target/test-dir/MiniOzoneClusterImpl-feea018d-8976-442b-acbc-fedf3986ffa5/omNode-2/om;cid=feea018d-8976-442b-acbc-fedf3986ffa5;layoutVersion=8
2025-04-23 14:39:28,646 [main] INFO  ha.OMHANodeDetails (OMHANodeDetails.java:loadOMHAConfig(120)) - ServiceID for OzoneManager is om-service-test1
2025-04-23 14:39:28,646 [main] INFO  ha.OMHANodeDetails (OMHANodeDetails.java:loadOMHAConfig(200)) - Found matching OM address with OMServiceId: om-service-test1, OMNodeId: omNode-2, RPC Address: localhost:15052 and Ratis port: 15055
2025-04-23 14:39:28,646 [main] INFO  ha.OMHANodeDetails (ConfUtils.java:setNodeSpecificConfigs(98)) - Setting configuration key ozone.om.http-address with value of key ozone.om.http-address.om-service-test1.omNode-2: 127.0.0.1:15053
2025-04-23 14:39:28,646 [main] INFO  ha.OMHANodeDetails (ConfUtils.java:setNodeSpecificConfigs(98)) - Setting configuration key ozone.om.https-address with value of key ozone.om.https-address.om-service-test1.omNode-2: 127.0.0.1:15054
2025-04-23 14:39:28,646 [main] INFO  ha.OMHANodeDetails (ConfUtils.java:setNodeSpecificConfigs(98)) - Setting configuration key ozone.om.address with value of key ozone.om.address.om-service-test1.omNode-2: 127.0.0.1:15052
2025-04-23 14:39:28,647 [main] WARN  server.ServerUtils (ServerUtils.java:getDBPath(297)) - ozone.om.db.dirs is not configured. We recommend adding this setting. Falling back to ozone.metadata.dirs instead.
2025-04-23 14:39:28,648 [main] INFO  upgrade.AbstractLayoutVersionManager (AbstractLayoutVersionManager.java:init(80)) - Initializing Layout version manager with metadata layout = DELEGATION_TOKEN_SYMMETRIC_SIGN (version = 8), software layout = DELEGATION_TOKEN_SYMMETRIC_SIGN (version = 8)
2025-04-23 14:39:28,725 [main] INFO  reflections.Reflections (Reflections.java:scan(219)) - Reflections took 76 ms to scan 2 urls, producing 203 keys and 603 values
2025-04-23 14:39:28,726 [main] INFO  upgrade.OMLayoutVersionManager (OMLayoutVersionManager.java:lambda$0(110)) - Skipping Upgrade Action QuotaRepairUpgradeAction since it has been finalized.
2025-04-23 14:39:28,726 [main] INFO  upgrade.OMLayoutVersionManager (OMLayoutVersionManager.java:lambda$0(110)) - Skipping Upgrade Action MockOmUpgradeAction since it has been finalized.
2025-04-23 14:39:28,726 [main] WARN  server.ServerUtils (ServerUtils.java:getDBPath(297)) - ozone.om.db.dirs is not configured. We recommend adding this setting. Falling back to ozone.metadata.dirs instead.
2025-04-23 14:39:28,726 [main] INFO  om.OzoneManager (OzoneManager.java:setReplicationFromConfig(4612)) - Set default replication in OM: RATIS/3 -> RATIS/THREE
2025-04-23 14:39:28,727 [main] INFO  proxy.SCMContainerLocationFailoverProxyProvider (SCMFailoverProxyProviderBase.java:<init>(120)) - Created fail-over proxy for protocol StorageContainerLocationProtocolPB with 1 nodes: [nodeId=scmNodeId,nodeAddress=/0.0.0.0:15042]
2025-04-23 14:39:28,727 [main] INFO  proxy.SCMBlockLocationFailoverProxyProvider (SCMFailoverProxyProviderBase.java:<init>(120)) - Created fail-over proxy for protocol ScmBlockLocationProtocolPB with 1 nodes: [nodeId=scmNodeId,nodeAddress=/0.0.0.0:15043]
2025-04-23 14:39:28,728 [main] INFO  proxy.SCMBlockLocationFailoverProxyProvider (SCMFailoverProxyProviderBase.java:<init>(120)) - Created fail-over proxy for protocol ScmBlockLocationProtocolPB with 1 nodes: [nodeId=scmNodeId,nodeAddress=/0.0.0.0:15043]
2025-04-23 14:39:28,731 [main] INFO  om.OzoneManager (OzoneManager.java:<init>(689)) - OM start with adminUsers: [*, runner]
2025-04-23 14:39:28,732 [main] WARN  server.ServerUtils (ServerUtils.java:getDBPath(297)) - ozone.om.db.dirs is not configured. We recommend adding this setting. Falling back to ozone.metadata.dirs instead.
2025-04-23 14:39:28,877 [main] INFO  om.OzoneManager (OzoneManager.java:instantiateServices(933)) - S3 Multi-Tenancy is disabled
2025-04-23 14:39:28,878 [main] INFO  om.OmSnapshotManager (OmSnapshotManager.java:<init>(180)) - Ozone filesystem snapshot feature is enabled.
2025-04-23 14:39:28,878 [main] WARN  server.ServerUtils (ServerUtils.java:getDBPath(297)) - ozone.om.snapshot.diff.db.dir is not configured. We recommend adding this setting. Falling back to ozone.metadata.dirs instead.
2025-04-23 14:39:28,897 [main] INFO  om.OzoneManager (OzoneManager.java:addS3GVolumeToDB(4670)) - Created Volume s3v With Owner runner required for S3Gateway operations.
2025-04-23 14:39:28,897 [main] WARN  server.ServerUtils (ServerUtils.java:getDefaultRatisDirectory(309)) - Storage directory for Ratis is not configured. It is a good idea to map this to an SSD disk. Falling back to ozone.metadata.dirs
2025-04-23 14:39:28,898 [main] WARN  utils.OzoneManagerRatisUtils (OzoneManagerRatisUtils.java:getOMRatisSnapshotDirectory(488)) - ozone.om.ratis.snapshot.dir is not configured. Falling back to ozone.metadata.dirs config
2025-04-23 14:39:28,898 [main] INFO  utils.RDBSnapshotProvider (RDBSnapshotProvider.java:init(85)) - Cleaning up the candidate dir: /home/runner/work/ozone/ozone/hadoop-ozone/integration-test/target/test-dir/MiniOzoneClusterImpl-feea018d-8976-442b-acbc-fedf3986ffa5/omNode-2/snapshot/om.db.candidate
2025-04-23 14:39:28,898 [main] INFO  ratis_snapshot.OmRatisSnapshotProvider (OmRatisSnapshotProvider.java:<init>(98)) - Initializing OM Snapshot Provider
2025-04-23 14:39:28,899 [main] WARN  dropwizard3.Dm3MetricRegistriesImpl (Dm3MetricRegistriesImpl.java:addReporterRegistration(114)) - New reporters are added after registries were created. Some metrics will be missing from the reporter. Please add reporter before adding any new registry.
2025-04-23 14:39:28,899 [main] WARN  dropwizard3.Dm3MetricRegistriesImpl (Dm3MetricRegistriesImpl.java:addReporterRegistration(114)) - New reporters are added after registries were created. Some metrics will be missing from the reporter. Please add reporter before adding any new registry.
2025-04-23 14:39:28,899 [main] WARN  server.ServerUtils (ServerUtils.java:getDefaultRatisDirectory(309)) - Storage directory for Ratis is not configured. It is a good idea to map this to an SSD disk. Falling back to ozone.metadata.dirs
2025-04-23 14:39:28,900 [main] INFO  server.RaftServerConfigKeys (ConfUtils.java:logGet(46)) - raft.server.log.appender.buffer.byte-limit = 4194304 (custom)
2025-04-23 14:39:28,900 [main] INFO  ratis.OzoneManagerRatisServer (OzoneManagerRatisServer.java:<init>(167)) - Instantiating OM Ratis server with groupID: om-service-test1 and peers: localhost:15055, localhost:15059, localhost:15051
2025-04-23 14:39:28,901 [main] INFO  ratis.OzoneManagerStateMachine (OzoneManagerStateMachine.java:loadSnapshotInfoFromDB(613)) - TransactionInfo not found in OM DB.
2025-04-23 14:39:28,901 [main] INFO  server.RaftServer (ConfUtils.java:logGet(46)) - raft.rpc.type = GRPC (default)
2025-04-23 14:39:28,901 [main] INFO  grpc.GrpcConfigKeys (ConfUtils.java:logFallback(53)) - raft.grpc.admin.host = null (fallback to raft.grpc.server.host)
2025-04-23 14:39:28,901 [main] INFO  grpc.GrpcConfigKeys (ConfUtils.java:logFallback(53)) - raft.grpc.admin.port = 15055 (fallback to raft.grpc.server.port)
2025-04-23 14:39:28,901 [main] INFO  grpc.GrpcConfigKeys (ConfUtils.java:logFallback(53)) - raft.grpc.client.host = null (fallback to raft.grpc.server.host)
2025-04-23 14:39:28,902 [main] INFO  grpc.GrpcConfigKeys (ConfUtils.java:logFallback(53)) - raft.grpc.client.port = 15055 (fallback to raft.grpc.server.port)
2025-04-23 14:39:28,902 [main] INFO  grpc.GrpcConfigKeys (ConfUtils.java:logGet(46)) - raft.grpc.server.host = null (default)
2025-04-23 14:39:28,902 [main] INFO  grpc.GrpcConfigKeys (ConfUtils.java:logGet(46)) - raft.grpc.server.port = 15055 (custom)
2025-04-23 14:39:28,902 [main] INFO  server.GrpcService (ConfUtils.java:logGet(46)) - raft.grpc.message.size.max = 5242880 (custom)
2025-04-23 14:39:28,902 [main] INFO  server.GrpcService (ConfUtils.java:logGet(46)) - raft.grpc.flow.control.window = 1MB (=1048576) (default)
2025-04-23 14:39:28,902 [main] INFO  server.RaftServerConfigKeys (ConfUtils.java:logGet(46)) - raft.server.rpc.request.timeout = 3000ms (default)
2025-04-23 14:39:28,902 [main] INFO  grpc.GrpcConfigKeys (ConfUtils.java:logGet(46)) - raft.grpc.server.heartbeat.channel = true (default)
2025-04-23 14:39:28,902 [main] INFO  server.RaftServerConfigKeys (ConfUtils.java:logGet(46)) - raft.server.log.appender.buffer.byte-limit = 4194304 (custom)
2025-04-23 14:39:28,902 [main] INFO  grpc.GrpcConfigKeys (ConfUtils.java:logGet(46)) - raft.grpc.server.async.request.thread.pool.cached = true (default)
2025-04-23 14:39:28,902 [main] INFO  grpc.GrpcConfigKeys (ConfUtils.java:logGet(46)) - raft.grpc.server.async.request.thread.pool.size = 32 (default)
2025-04-23 14:39:28,903 [main] INFO  impl.DataStreamServerImpl (ConfUtils.java:logGet(46)) - raft.datastream.type = DISABLED (default)
2025-04-23 14:39:28,903 [main] INFO  server.RaftServerConfigKeys (ConfUtils.java:logGet(46)) - raft.server.sleep.deviation.threshold = 300ms (default)
2025-04-23 14:39:28,903 [main] INFO  server.RaftServerConfigKeys (ConfUtils.java:logGet(46)) - raft.server.close.threshold = 60s (default)
2025-04-23 14:39:28,904 [main] INFO  server.RaftServerConfigKeys (ConfUtils.java:logGet(46)) - raft.server.leaderelection.leader.step-down.wait-time = 10s (default)
2025-04-23 14:39:28,904 [main] INFO  server.RaftServerConfigKeys (ConfUtils.java:logGet(46)) - raft.server.storage.dir = [/home/runner/work/ozone/ozone/hadoop-ozone/integration-test/target/test-dir/MiniOzoneClusterImpl-feea018d-8976-442b-acbc-fedf3986ffa5/omNode-2/ratis] (custom)
2025-04-23 14:39:28,904 [main] INFO  server.RaftServerConfigKeys (ConfUtils.java:logGet(46)) - raft.server.threadpool.proxy.cached = true (default)
2025-04-23 14:39:28,904 [main] INFO  server.RaftServerConfigKeys (ConfUtils.java:logGet(46)) - raft.server.threadpool.proxy.size = 0 (default)
2025-04-23 14:39:28,904 [main] INFO  server.RaftServer (RaftServerProxy.java:addNew(100)) - omNode-2: addNew group-523986131536:[omNode-3|localhost:15059, omNode-1|localhost:15051, omNode-2|localhost:15055] returns group-523986131536:java.util.concurrent.CompletableFuture@2dcda84a[Not completed]
2025-04-23 14:39:28,905 [main] INFO  om.OzoneManager (OzoneManager.java:initializeRatisServer(2303)) - OzoneManager Ratis server initialized at port 15055
2025-04-23 14:39:28,905 [main] INFO  om.OzoneManager (OzoneManager.java:getRpcServer(1360)) - Creating RPC Server
2025-04-23 14:39:28,905 [omNode-2-groupManagement] INFO  server.RaftServer$Division (RaftServerImpl.java:<init>(255)) - omNode-2: new RaftServerImpl for group-523986131536:[omNode-3|localhost:15059, omNode-1|localhost:15051, omNode-2|localhost:15055] with OzoneManagerStateMachine:uninitialized
2025-04-23 14:39:28,905 [omNode-2-groupManagement] INFO  server.RaftServerConfigKeys (ConfUtils.java:logGet(46)) - raft.server.rpc.timeout.min = 1s (custom)
2025-04-23 14:39:28,905 [omNode-2-groupManagement] INFO  server.RaftServerConfigKeys (ConfUtils.java:logGet(46)) - raft.server.rpc.timeout.max = 1200ms (custom)
2025-04-23 14:39:28,905 [omNode-2-groupManagement] INFO  server.RaftServerConfigKeys (ConfUtils.java:logGet(46)) - raft.server.rpc.sleep.time = 25ms (default)
2025-04-23 14:39:28,905 [omNode-2-groupManagement] INFO  server.RaftServerConfigKeys (ConfUtils.java:logGet(46)) - raft.server.rpc.slowness.timeout = 2s (custom)
2025-04-23 14:39:28,905 [omNode-2-groupManagement] INFO  server.RaftServerConfigKeys (ConfUtils.java:logGet(46)) - raft.server.leaderelection.leader.step-down.wait-time = 10s (default)
2025-04-23 14:39:28,905 [omNode-2-groupManagement] INFO  server.RaftServerConfigKeys (ConfUtils.java:logGet(46)) - raft.server.leaderelection.member.majority-add = false (default)
2025-04-23 14:39:28,905 [omNode-2-groupManagement] INFO  server.RaftServerConfigKeys (ConfUtils.java:logGet(46)) - raft.server.sleep.deviation.threshold = 300ms (default)
2025-04-23 14:39:28,905 [omNode-2-groupManagement] INFO  server.RaftServer$Division (ServerState.java:<init>(114)) - omNode-2@group-523986131536: ConfigurationManager, init=conf: {index: -1, cur=peers:[omNode-3|localhost:15059, omNode-1|localhost:15051, omNode-2|localhost:15055]|listeners:[], old=null}, confs=<EMPTY_MAP>
2025-04-23 14:39:28,905 [omNode-2-groupManagement] INFO  server.RaftServerConfigKeys (ConfUtils.java:logGet(46)) - raft.server.notification.no-leader.timeout = 2s (custom)
2025-04-23 14:39:28,905 [omNode-2-groupManagement] INFO  server.RaftServerConfigKeys (ConfUtils.java:logGet(46)) - raft.server.read.timeout = 10s (default)
2025-04-23 14:39:28,905 [omNode-2-groupManagement] INFO  server.RaftServerConfigKeys (ConfUtils.java:logGet(46)) - raft.server.retrycache.expirytime = 30000ms (custom)
2025-04-23 14:39:28,907 [omNode-2-groupManagement] INFO  server.RaftServerConfigKeys (ConfUtils.java:logGet(46)) - raft.server.retrycache.statistics.expirytime = 100ms (default)
2025-04-23 14:39:28,907 [omNode-2-groupManagement] INFO  server.RaftServerConfigKeys (ConfUtils.java:logGet(46)) - raft.server.read.option = DEFAULT (default)
2025-04-23 14:39:28,907 [omNode-2-groupManagement] INFO  server.RaftServerConfigKeys (ConfUtils.java:logGet(46)) - raft.server.read.read-after-write-consistent.write-index-cache.expiry-time = 60s (default)
2025-04-23 14:39:28,909 [omNode-2-groupManagement] INFO  server.RaftServerConfigKeys (ConfUtils.java:logGet(46)) - raft.server.rpc.request.timeout = 3000ms (default)
2025-04-23 14:39:28,909 [omNode-2-groupManagement] INFO  server.RaftServerConfigKeys (ConfUtils.java:logGet(46)) - raft.server.log.appender.install.snapshot.enabled = false (custom)
2025-04-23 14:39:28,909 [omNode-2-groupManagement] INFO  server.RaftServerConfigKeys (ConfUtils.java:logGet(46)) - raft.server.threadpool.server.cached = true (default)
2025-04-23 14:39:28,909 [omNode-2-groupManagement] INFO  server.RaftServerConfigKeys (ConfUtils.java:logGet(46)) - raft.server.threadpool.server.size = 0 (default)
2025-04-23 14:39:28,909 [omNode-2-groupManagement] INFO  server.RaftServerConfigKeys (ConfUtils.java:logGet(46)) - raft.server.threadpool.client.cached = true (default)
2025-04-23 14:39:28,909 [omNode-2-groupManagement] INFO  server.RaftServerConfigKeys (ConfUtils.java:logGet(46)) - raft.server.threadpool.client.size = 0 (default)
2025-04-23 14:39:28,972 [b3e33d86-0447-4fd5-9cd5-f314a86cc755-EndpointStateMachineTaskThread-/0.0.0.0:15002-0 ] INFO  ipc.Client (Client.java:handleConnectionFailure(966)) - Retrying connect to server: 0.0.0.0/0.0.0.0:15002. Already tried 8 time(s); retry policy is RetryUpToMaximumCountWithFixedSleep(maxRetries=15, sleepTime=1000 MILLISECONDS)
2025-04-23 14:39:29,260 [main] INFO  reflections.Reflections (Reflections.java:scan(219)) - Reflections took 355 ms to scan 22 urls, producing 61 keys and 7422 values
2025-04-23 14:39:29,261 [main] INFO  ipc.CallQueueManager (CallQueueManager.java:<init>(93)) - Using callQueue: class java.util.concurrent.LinkedBlockingQueue, queueCapacity: 2000, scheduler: class org.apache.hadoop.ipc.DefaultRpcScheduler, ipcBackoff: false, ipcFailOver: false.
2025-04-23 14:39:29,261 [main] INFO  ipc.Server (Server.java:<init>(1438)) - Listener at 127.0.0.1:15052
2025-04-23 14:39:29,261 [Socket Reader #1 for port 15052] INFO  ipc.Server (Server.java:run(1474)) - Starting Socket Reader #1 for port 15052
2025-04-23 14:39:29,261 [Socket Reader #2 for port 15052] INFO  ipc.Server (Server.java:run(1474)) - Starting Socket Reader #2 for port 15052
2025-04-23 14:39:29,261 [Socket Reader #3 for port 15052] INFO  ipc.Server (Server.java:run(1474)) - Starting Socket Reader #3 for port 15052
2025-04-23 14:39:29,262 [Socket Reader #4 for port 15052] INFO  ipc.Server (Server.java:run(1474)) - Starting Socket Reader #4 for port 15052
2025-04-23 14:39:29,262 [Socket Reader #5 for port 15052] INFO  ipc.Server (Server.java:run(1474)) - Starting Socket Reader #5 for port 15052
2025-04-23 14:39:29,262 [Socket Reader #6 for port 15052] INFO  ipc.Server (Server.java:run(1474)) - Starting Socket Reader #6 for port 15052
2025-04-23 14:39:29,262 [Socket Reader #7 for port 15052] INFO  ipc.Server (Server.java:run(1474)) - Starting Socket Reader #7 for port 15052
2025-04-23 14:39:29,262 [Socket Reader #8 for port 15052] INFO  ipc.Server (Server.java:run(1474)) - Starting Socket Reader #8 for port 15052
2025-04-23 14:39:29,262 [Socket Reader #9 for port 15052] INFO  ipc.Server (Server.java:run(1474)) - Starting Socket Reader #9 for port 15052
2025-04-23 14:39:29,262 [Socket Reader #10 for port 15052] INFO  ipc.Server (Server.java:run(1474)) - Starting Socket Reader #10 for port 15052
2025-04-23 14:39:29,278 [main] INFO  impl.MetricsSystemImpl (MetricsSystemImpl.java:init(158)) - OzoneManager metrics system started (again)
2025-04-23 14:39:29,287 [main] INFO  om.OzoneManager (OzoneManager.java:start(1787)) - OzoneManager RPC server is listening at localhost/127.0.0.1:15052
2025-04-23 14:39:29,287 [main] INFO  ratis.OzoneManagerRatisServer (OzoneManagerRatisServer.java:start(628)) - Starting OzoneManagerRatisServer omNode-2 at port 15055
2025-04-23 14:39:29,287 [omNode-2-impl-thread1] INFO  server.RaftServerConfigKeys (ConfUtils.java:logGet(46)) - raft.server.storage.free-space.min = 0MB (=0) (default)
2025-04-23 14:39:29,287 [omNode-2-impl-thread1] INFO  server.RaftServerConfigKeys (ConfUtils.java:logGet(46)) - raft.server.log.corruption.policy = EXCEPTION (default)
2025-04-23 14:39:29,288 [omNode-2-impl-thread1] INFO  server.RaftServerConfigKeys (ConfUtils.java:logGet(46)) - raft.server.storage.dir = [/home/runner/work/ozone/ozone/hadoop-ozone/integration-test/target/test-dir/MiniOzoneClusterImpl-feea018d-8976-442b-acbc-fedf3986ffa5/omNode-2/ratis] (custom)
2025-04-23 14:39:29,288 [omNode-2-impl-thread1] INFO  storage.RaftStorageDirectory (RaftStorageDirectoryImpl.java:analyzeStorage(138)) - The storage directory /home/runner/work/ozone/ozone/hadoop-ozone/integration-test/target/test-dir/MiniOzoneClusterImpl-feea018d-8976-442b-acbc-fedf3986ffa5/omNode-2/ratis/c9bc4cf4-3bc3-3c60-a66b-523986131536 does not exist. Creating ...
2025-04-23 14:39:29,289 [omNode-2-impl-thread1] INFO  storage.RaftStorageDirectory (RaftStorageDirectoryImpl.java:tryLock(229)) - Lock on /home/runner/work/ozone/ozone/hadoop-ozone/integration-test/target/test-dir/MiniOzoneClusterImpl-feea018d-8976-442b-acbc-fedf3986ffa5/omNode-2/ratis/c9bc4cf4-3bc3-3c60-a66b-523986131536/in_use.lock acquired by nodename 129558@fv-az1120-822
2025-04-23 14:39:29,294 [omNode-2-impl-thread1] INFO  storage.RaftStorage (RaftStorageImpl.java:format(98)) - Storage directory /home/runner/work/ozone/ozone/hadoop-ozone/integration-test/target/test-dir/MiniOzoneClusterImpl-feea018d-8976-442b-acbc-fedf3986ffa5/omNode-2/ratis/c9bc4cf4-3bc3-3c60-a66b-523986131536 has been successfully formatted.
2025-04-23 14:39:29,294 [omNode-2-impl-thread1] INFO  ratis.OzoneManagerStateMachine (OzoneManagerStateMachine.java:lambda$0(138)) - omNode-2: initialize group-523986131536 with (t:0, i:~)
2025-04-23 14:39:29,294 [omNode-2-impl-thread1] INFO  server.RaftServerConfigKeys (ConfUtils.java:logGet(46)) - raft.server.log.use.memory = false (default)
2025-04-23 14:39:29,294 [omNode-2-impl-thread1] INFO  server.RaftServerConfigKeys (ConfUtils.java:logGet(46)) - raft.server.log.purge.gap = 50 (custom)
2025-04-23 14:39:29,294 [omNode-2-impl-thread1] INFO  server.RaftServerConfigKeys (ConfUtils.java:logGet(46)) - raft.server.log.appender.buffer.byte-limit = 4194304 (custom)
2025-04-23 14:39:29,294 [omNode-2-impl-thread1] INFO  server.RaftServerConfigKeys (ConfUtils.java:logGet(46)) - raft.server.log.statemachine.data.read.timeout = 1000ms (default)
2025-04-23 14:39:29,294 [omNode-2-impl-thread1] INFO  server.RaftServerConfigKeys (ConfUtils.java:logGet(46)) - raft.server.log.purge.preservation.log.num = 0 (default)
2025-04-23 14:39:29,295 [omNode-2-impl-thread1] INFO  server.RaftServerConfigKeys (ConfUtils.java:logGet(46)) - raft.server.log.segment.size.max = 4194304 (custom)
2025-04-23 14:39:29,295 [omNode-2-impl-thread1] INFO  server.RaftServerConfigKeys (ConfUtils.java:logGet(46)) - raft.server.log.segment.cache.num.max = 2 (custom)
2025-04-23 14:39:29,295 [omNode-2-impl-thread1] INFO  server.RaftServerConfigKeys (ConfUtils.java:logGet(46)) - raft.server.log.segment.cache.size.max = 200MB (=209715200) (default)
2025-04-23 14:39:29,295 [omNode-2-impl-thread1] INFO  server.RaftServerConfigKeys (ConfUtils.java:logGet(46)) - raft.server.log.appender.buffer.byte-limit = 4194304 (custom)
2025-04-23 14:39:29,295 [omNode-2-impl-thread1] INFO  util.AwaitToRun (AwaitToRun.java:start(81)) - Thread[#8470,omNode-2@group-523986131536-cacheEviction-AwaitToRun,5,main] started
2025-04-23 14:39:29,295 [omNode-2-impl-thread1] INFO  segmented.SegmentedRaftLogWorker (SegmentedRaftLogWorker.java:<init>(188)) - new omNode-2@group-523986131536-SegmentedRaftLogWorker for RaftStorageImpl:Storage Directory /home/runner/work/ozone/ozone/hadoop-ozone/integration-test/target/test-dir/MiniOzoneClusterImpl-feea018d-8976-442b-acbc-fedf3986ffa5/omNode-2/ratis/c9bc4cf4-3bc3-3c60-a66b-523986131536
2025-04-23 14:39:29,295 [omNode-2-impl-thread1] INFO  server.RaftServerConfigKeys (ConfUtils.java:logGet(46)) - raft.server.log.queue.byte-limit = 64MB (=67108864) (default)
2025-04-23 14:39:29,295 [omNode-2-impl-thread1] INFO  server.RaftServerConfigKeys (ConfUtils.java:logGet(46)) - raft.server.log.queue.element-limit = 4096 (default)
2025-04-23 14:39:29,295 [omNode-2-impl-thread1] INFO  server.RaftServerConfigKeys (ConfUtils.java:logGet(46)) - raft.server.log.segment.size.max = 4194304 (custom)
2025-04-23 14:39:29,295 [omNode-2-impl-thread1] INFO  server.RaftServerConfigKeys (ConfUtils.java:logGet(46)) - raft.server.log.preallocated.size = 4194304 (custom)
2025-04-23 14:39:29,295 [omNode-2-impl-thread1] INFO  server.RaftServerConfigKeys (ConfUtils.java:logGet(46)) - raft.server.log.force.sync.num = 128 (default)
2025-04-23 14:39:29,296 [omNode-2-impl-thread1] INFO  server.RaftServerConfigKeys (ConfUtils.java:logGet(46)) - raft.server.log.statemachine.data.sync = true (default)
2025-04-23 14:39:29,296 [omNode-2-impl-thread1] INFO  server.RaftServerConfigKeys (ConfUtils.java:logGet(46)) - raft.server.log.statemachine.data.sync.timeout = 10s (default)
2025-04-23 14:39:29,296 [omNode-2-impl-thread1] INFO  server.RaftServerConfigKeys (ConfUtils.java:logGet(46)) - raft.server.log.statemachine.data.sync.timeout.retry = -1 (default)
2025-04-23 14:39:29,296 [omNode-2-impl-thread1] INFO  server.RaftServerConfigKeys (ConfUtils.java:logGet(46)) - raft.server.log.write.buffer.size = 4194312 (custom)
2025-04-23 14:39:29,296 [omNode-2-impl-thread1] INFO  server.RaftServerConfigKeys (ConfUtils.java:logGet(46)) - raft.server.log.appender.buffer.byte-limit = 4194304 (custom)
2025-04-23 14:39:29,296 [omNode-2-impl-thread1] INFO  server.RaftServerConfigKeys (ConfUtils.java:logGet(46)) - raft.server.log.unsafe-flush.enabled = false (default)
2025-04-23 14:39:29,296 [omNode-2-impl-thread1] INFO  server.RaftServerConfigKeys (ConfUtils.java:logGet(46)) - raft.server.log.async-flush.enabled = false (default)
2025-04-23 14:39:29,296 [omNode-2-impl-thread1] INFO  server.RaftServerConfigKeys (ConfUtils.java:logGet(46)) - raft.server.log.statemachine.data.caching.enabled = false (default)
2025-04-23 14:39:29,296 [omNode-2-impl-thread1] INFO  segmented.SegmentedRaftLogWorker (SegmentedRaftLogWorker.java:lambda$new$0(139)) - omNode-2@group-523986131536-SegmentedRaftLogWorker: flushIndex: setUnconditionally 0 -> -1
2025-04-23 14:39:29,296 [omNode-2-impl-thread1] INFO  segmented.SegmentedRaftLogWorker (SegmentedRaftLogWorker.java:lambda$new$0(139)) - omNode-2@group-523986131536-SegmentedRaftLogWorker: safeCacheEvictIndex: setUnconditionally 0 -> -1
2025-04-23 14:39:29,297 [omNode-2-impl-thread1] INFO  server.RaftServer$Division (RaftServerImpl.java:start(391)) - omNode-2@group-523986131536: start as a follower, conf=conf: {index: -1, cur=peers:[omNode-3|localhost:15059, omNode-1|localhost:15051, omNode-2|localhost:15055]|listeners:[], old=null}
2025-04-23 14:39:29,297 [omNode-2-impl-thread1] INFO  server.RaftServer$Division (RaftServerImpl.java:setRole(378)) - omNode-2@group-523986131536: changes role from      null to FOLLOWER at term 0 for startAsFollower
2025-04-23 14:39:29,297 [omNode-2-impl-thread1] INFO  impl.RoleInfo (RoleInfo.java:updateAndGet(148)) - omNode-2: start omNode-2@group-523986131536-FollowerState
2025-04-23 14:39:29,297 [omNode-2-impl-thread1] INFO  util.JmxRegister (JmxRegister.java:tryRegister(44)) - Successfully registered JMX Bean with object name Ratis:service=RaftServer,group=group-523986131536,id=omNode-2
2025-04-23 14:39:29,297 [omNode-2-impl-thread1] INFO  util.JmxRegister (JmxRegister.java:register(58)) - register mxBean class org.apache.ratis.server.impl.RaftServerJmxAdapter as Ratis:service=RaftServer,group=group-523986131536,id=omNode-2
2025-04-23 14:39:29,297 [omNode-2-impl-thread1] INFO  server.RaftServerConfigKeys (ConfUtils.java:logGet(46)) - raft.server.snapshot.trigger-when-stop.enabled = true (default)
2025-04-23 14:39:29,297 [omNode-2-impl-thread1] INFO  server.RaftServerConfigKeys (ConfUtils.java:logGet(46)) - raft.server.snapshot.trigger-when-remove.enabled = true (default)
2025-04-23 14:39:29,298 [omNode-2-impl-thread1] INFO  server.RaftServerConfigKeys (ConfUtils.java:logGet(46)) - raft.server.snapshot.auto.trigger.enabled = true (custom)
2025-04-23 14:39:29,298 [omNode-2-impl-thread1] INFO  server.RaftServerConfigKeys (ConfUtils.java:logGet(46)) - raft.server.snapshot.auto.trigger.threshold = 50 (custom)
2025-04-23 14:39:29,298 [omNode-2-impl-thread1] INFO  server.RaftServerConfigKeys (ConfUtils.java:logGet(46)) - raft.server.snapshot.retention.file.num = -1 (default)
2025-04-23 14:39:29,298 [omNode-2-impl-thread1] INFO  server.RaftServerConfigKeys (ConfUtils.java:logGet(46)) - raft.server.log.purge.upto.snapshot.index = true (custom)
2025-04-23 14:39:29,298 [omNode-2@group-523986131536-FollowerState] INFO  server.RaftServerConfigKeys (ConfUtils.java:logFallback(53)) - raft.server.rpc.first-election.timeout.min = 1s (fallback to raft.server.rpc.timeout.min)
2025-04-23 14:39:29,298 [omNode-2@group-523986131536-FollowerState] INFO  server.RaftServerConfigKeys (ConfUtils.java:logFallback(53)) - raft.server.rpc.first-election.timeout.max = 1200ms (fallback to raft.server.rpc.timeout.max)
2025-04-23 14:39:29,298 [omNode-2-impl-thread1] INFO  server.RaftServer$Division (RaftServerImpl.java:start(405)) - omNode-2@group-523986131536: Successfully started.
2025-04-23 14:39:29,298 [main] INFO  server.RaftServer (RaftServerProxy.java:startImpl(407)) - omNode-2: start RPC server
2025-04-23 14:39:29,299 [main] INFO  server.GrpcService (GrpcService.java:startImpl(334)) - omNode-2: GrpcService started, listening on 15055
2025-04-23 14:39:29,299 [JvmPauseMonitor44] INFO  util.JvmPauseMonitor (JvmPauseMonitor.java:run(146)) - JvmPauseMonitor-omNode-2: Started
2025-04-23 14:39:29,299 [main] INFO  om.OzoneManager (OzoneManager.java:start(1802)) - Version File has different layout version (8) than OM DB (null). That is expected if this OM has never been finalized to a newer layout version.
2025-04-23 14:39:29,302 [main] INFO  client.ScmTopologyClient (ScmTopologyClient.java:start(70)) - Initial network topology fetched from SCM: /.
2025-04-23 14:39:29,302 [main] INFO  net.NodeSchemaLoader (NodeSchemaLoader.java:loadSchemaFromFile(127)) - Loading schema from [jar:file:/home/runner/work/ozone/ozone/hadoop-hdds/common/target/hdds-common-2.1.0-SNAPSHOT.jar!/network-topology-default.xml]
2025-04-23 14:39:29,302 [main] INFO  net.NodeSchemaLoader (NodeSchemaLoader.java:loadSchema(174)) - Loading network topology layer schema file
2025-04-23 14:39:29,307 [main] INFO  http.BaseHttpServer (BaseHttpServer.java:newHttpServer2BuilderForOzone(229)) - Starting Web-server for ozoneManager at: http://0.0.0.0:15053
2025-04-23 14:39:29,307 [main] INFO  http.BaseHttpServer (BaseHttpServer.java:<init>(107)) - Hadoop Security Enabled: false Ozone Security Enabled: false Ozone HTTP Security Enabled: false 
2025-04-23 14:39:29,308 [main] WARN  server.AuthenticationFilter (AuthenticationFilter.java:constructSecretProvider(240)) - Unable to initialize FileSignerSecretProvider, falling back to use random secrets. Reason: Could not read signature secret file: /home/runner/hadoop-http-auth-signature-secret
2025-04-23 14:39:29,310 [main] INFO  http.HttpServer2 (HttpServer2.java:addGlobalFilter(1041)) - Added global filter 'safety' (class=org.apache.hadoop.hdds.server.http.HttpServer2$QuotingInputFilter)
2025-04-23 14:39:29,310 [main] INFO  http.HttpServer2 (HttpServer2.java:addFilter(1017)) - Added filter static_user_filter (class=org.apache.hadoop.http.lib.StaticUserWebFilter$StaticUserFilter) to context ozoneManager
2025-04-23 14:39:29,311 [main] INFO  http.HttpServer2 (HttpServer2.java:addFilter(1025)) - Added filter static_user_filter (class=org.apache.hadoop.http.lib.StaticUserWebFilter$StaticUserFilter) to context logs
2025-04-23 14:39:29,311 [main] INFO  http.HttpServer2 (HttpServer2.java:addFilter(1025)) - Added filter static_user_filter (class=org.apache.hadoop.http.lib.StaticUserWebFilter$StaticUserFilter) to context static
2025-04-23 14:39:29,311 [main] INFO  http.BaseHttpServer (BaseHttpServer.java:<init>(195)) - HTTP server of ozoneManager uses base directory /home/runner/work/ozone/ozone/hadoop-ozone/integration-test/target/test-dir/MiniOzoneClusterImpl-feea018d-8976-442b-acbc-fedf3986ffa5/omNode-2/webserver
2025-04-23 14:39:29,311 [main] INFO  http.HttpServer2 (HttpServer2.java:bindListener(1241)) - Jetty bound to port 15053
2025-04-23 14:39:29,311 [main] INFO  server.Server (Server.java:doStart(375)) - jetty-9.4.57.v20241219; built: 2025-01-08T21:24:30.412Z; git: df524e6b29271c2e09ba9aea83c18dc9db464a31; jvm 21.0.7+6-LTS
2025-04-23 14:39:29,313 [main] INFO  server.session (DefaultSessionIdManager.java:doStart(334)) - DefaultSessionIdManager workerName=node0
2025-04-23 14:39:29,313 [main] INFO  server.session (DefaultSessionIdManager.java:doStart(339)) - No SessionScavenger set, using defaults
2025-04-23 14:39:29,313 [main] INFO  server.session (HouseKeeper.java:startScavenging(132)) - node0 Scavenging every 600000ms
2025-04-23 14:39:29,313 [main] INFO  handler.ContextHandler (ContextHandler.java:doStart(921)) - Started o.e.j.s.ServletContextHandler@6bbe984c{logs,/logs,file:///home/runner/work/ozone/ozone/hadoop-ozone/integration-test/target/log,AVAILABLE}
2025-04-23 14:39:29,314 [main] INFO  handler.ContextHandler (ContextHandler.java:doStart(921)) - Started o.e.j.s.ServletContextHandler@7895324d{static,/static,file:///home/runner/work/ozone/ozone/hadoop-ozone/integration-test/target/test-classes/webapps/static,AVAILABLE}
2025-04-23 14:39:29,318 [main] INFO  handler.ContextHandler (ContextHandler.java:doStart(921)) - Started o.e.j.w.WebAppContext@13016394{ozoneManager,/,file:///home/runner/work/ozone/ozone/hadoop-ozone/integration-test/target/test-classes/webapps/ozoneManager/,AVAILABLE}{file:/home/runner/work/ozone/ozone/hadoop-ozone/integration-test/target/test-classes/webapps/ozoneManager}
2025-04-23 14:39:29,319 [main] INFO  server.AbstractConnector (AbstractConnector.java:doStart(333)) - Started ServerConnector@5e009aeb{HTTP/1.1, (http/1.1)}{0.0.0.0:15053}
2025-04-23 14:39:29,319 [main] INFO  server.Server (Server.java:doStart(415)) - Started @169598ms
2025-04-23 14:39:29,319 [main] WARN  impl.MetricsSystemImpl (MetricsSystemImpl.java:register(279)) - Sink prometheus already exists!
2025-04-23 14:39:29,319 [main] INFO  http.BaseHttpServer (BaseHttpServer.java:updateConnectorAddress(360)) - HTTP server of ozoneManager listening at http://0.0.0.0:15053
2025-04-23 14:39:29,319 [IPC Server Responder] INFO  ipc.Server (Server.java:run(1713)) - IPC Server Responder: starting
2025-04-23 14:39:29,320 [IPC Server listener on 15052] INFO  ipc.Server (Server.java:run(1553)) - IPC Server listener on 15052: starting
2025-04-23 14:39:29,322 [main] INFO  om.OzoneManager (OzoneManager.java:startTrashEmptier(2257)) - Trash Interval set to 0. Files deleted won't move to trash
2025-04-23 14:39:29,322 [main] INFO  ozone.MiniOzoneHAClusterImpl (MiniOzoneHAClusterImpl.java:createOMService(516)) - Started OzoneManager omNode-2 RPC server at localhost/127.0.0.1:15052
2025-04-23 14:39:29,323 [main] INFO  ha.OMHANodeDetails (OMHANodeDetails.java:loadOMHAConfig(120)) - ServiceID for OzoneManager is om-service-test1
2025-04-23 14:39:29,323 [main] INFO  ha.OMHANodeDetails (OMHANodeDetails.java:loadOMHAConfig(200)) - Found matching OM address with OMServiceId: om-service-test1, OMNodeId: omNode-3, RPC Address: localhost:15056 and Ratis port: 15059
2025-04-23 14:39:29,323 [main] INFO  ha.OMHANodeDetails (ConfUtils.java:setNodeSpecificConfigs(98)) - Setting configuration key ozone.om.http-address with value of key ozone.om.http-address.om-service-test1.omNode-3: 127.0.0.1:15057
2025-04-23 14:39:29,324 [main] INFO  ha.OMHANodeDetails (ConfUtils.java:setNodeSpecificConfigs(98)) - Setting configuration key ozone.om.https-address with value of key ozone.om.https-address.om-service-test1.omNode-3: 127.0.0.1:15058
2025-04-23 14:39:29,324 [main] INFO  ha.OMHANodeDetails (ConfUtils.java:setNodeSpecificConfigs(98)) - Setting configuration key ozone.om.address with value of key ozone.om.address.om-service-test1.omNode-3: 127.0.0.1:15056
2025-04-23 14:39:29,324 [main] WARN  server.ServerUtils (ServerUtils.java:getDBPath(297)) - ozone.om.db.dirs is not configured. We recommend adding this setting. Falling back to ozone.metadata.dirs instead.
2025-04-23 14:39:29,325 [main] INFO  proxy.SCMBlockLocationFailoverProxyProvider (SCMFailoverProxyProviderBase.java:<init>(120)) - Created fail-over proxy for protocol ScmBlockLocationProtocolPB with 1 nodes: [nodeId=scmNodeId,nodeAddress=/0.0.0.0:15043]
OM initialization succeeded.Current cluster id for sd=/home/runner/work/ozone/ozone/hadoop-ozone/integration-test/target/test-dir/MiniOzoneClusterImpl-feea018d-8976-442b-acbc-fedf3986ffa5/omNode-3/om;cid=feea018d-8976-442b-acbc-fedf3986ffa5;layoutVersion=8
2025-04-23 14:39:29,330 [main] INFO  ha.OMHANodeDetails (OMHANodeDetails.java:loadOMHAConfig(120)) - ServiceID for OzoneManager is om-service-test1
2025-04-23 14:39:29,330 [main] INFO  ha.OMHANodeDetails (OMHANodeDetails.java:loadOMHAConfig(200)) - Found matching OM address with OMServiceId: om-service-test1, OMNodeId: omNode-3, RPC Address: localhost:15056 and Ratis port: 15059
2025-04-23 14:39:29,330 [main] INFO  ha.OMHANodeDetails (ConfUtils.java:setNodeSpecificConfigs(98)) - Setting configuration key ozone.om.http-address with value of key ozone.om.http-address.om-service-test1.omNode-3: 127.0.0.1:15057
2025-04-23 14:39:29,330 [main] INFO  ha.OMHANodeDetails (ConfUtils.java:setNodeSpecificConfigs(98)) - Setting configuration key ozone.om.https-address with value of key ozone.om.https-address.om-service-test1.omNode-3: 127.0.0.1:15058
2025-04-23 14:39:29,330 [main] INFO  ha.OMHANodeDetails (ConfUtils.java:setNodeSpecificConfigs(98)) - Setting configuration key ozone.om.address with value of key ozone.om.address.om-service-test1.omNode-3: 127.0.0.1:15056
2025-04-23 14:39:29,330 [main] WARN  server.ServerUtils (ServerUtils.java:getDBPath(297)) - ozone.om.db.dirs is not configured. We recommend adding this setting. Falling back to ozone.metadata.dirs instead.
2025-04-23 14:39:29,332 [main] INFO  upgrade.AbstractLayoutVersionManager (AbstractLayoutVersionManager.java:init(80)) - Initializing Layout version manager with metadata layout = DELEGATION_TOKEN_SYMMETRIC_SIGN (version = 8), software layout = DELEGATION_TOKEN_SYMMETRIC_SIGN (version = 8)
2025-04-23 14:39:29,397 [main] INFO  reflections.Reflections (Reflections.java:scan(219)) - Reflections took 65 ms to scan 2 urls, producing 203 keys and 603 values
2025-04-23 14:39:29,397 [main] INFO  upgrade.OMLayoutVersionManager (OMLayoutVersionManager.java:lambda$0(110)) - Skipping Upgrade Action QuotaRepairUpgradeAction since it has been finalized.
2025-04-23 14:39:29,397 [main] INFO  upgrade.OMLayoutVersionManager (OMLayoutVersionManager.java:lambda$0(110)) - Skipping Upgrade Action MockOmUpgradeAction since it has been finalized.
2025-04-23 14:39:29,398 [main] WARN  server.ServerUtils (ServerUtils.java:getDBPath(297)) - ozone.om.db.dirs is not configured. We recommend adding this setting. Falling back to ozone.metadata.dirs instead.
2025-04-23 14:39:29,398 [main] INFO  om.OzoneManager (OzoneManager.java:setReplicationFromConfig(4612)) - Set default replication in OM: RATIS/3 -> RATIS/THREE
2025-04-23 14:39:29,398 [main] INFO  proxy.SCMContainerLocationFailoverProxyProvider (SCMFailoverProxyProviderBase.java:<init>(120)) - Created fail-over proxy for protocol StorageContainerLocationProtocolPB with 1 nodes: [nodeId=scmNodeId,nodeAddress=/0.0.0.0:15042]
2025-04-23 14:39:29,398 [main] INFO  proxy.SCMBlockLocationFailoverProxyProvider (SCMFailoverProxyProviderBase.java:<init>(120)) - Created fail-over proxy for protocol ScmBlockLocationProtocolPB with 1 nodes: [nodeId=scmNodeId,nodeAddress=/0.0.0.0:15043]
2025-04-23 14:39:29,399 [main] INFO  proxy.SCMBlockLocationFailoverProxyProvider (SCMFailoverProxyProviderBase.java:<init>(120)) - Created fail-over proxy for protocol ScmBlockLocationProtocolPB with 1 nodes: [nodeId=scmNodeId,nodeAddress=/0.0.0.0:15043]
2025-04-23 14:39:29,402 [main] INFO  om.OzoneManager (OzoneManager.java:<init>(689)) - OM start with adminUsers: [*, runner]
2025-04-23 14:39:29,403 [main] WARN  server.ServerUtils (ServerUtils.java:getDBPath(297)) - ozone.om.db.dirs is not configured. We recommend adding this setting. Falling back to ozone.metadata.dirs instead.
2025-04-23 14:39:29,543 [main] INFO  om.OzoneManager (OzoneManager.java:instantiateServices(933)) - S3 Multi-Tenancy is disabled
2025-04-23 14:39:29,543 [main] INFO  om.OmSnapshotManager (OmSnapshotManager.java:<init>(180)) - Ozone filesystem snapshot feature is enabled.
2025-04-23 14:39:29,543 [main] WARN  server.ServerUtils (ServerUtils.java:getDBPath(297)) - ozone.om.snapshot.diff.db.dir is not configured. We recommend adding this setting. Falling back to ozone.metadata.dirs instead.
2025-04-23 14:39:29,562 [main] INFO  om.OzoneManager (OzoneManager.java:addS3GVolumeToDB(4670)) - Created Volume s3v With Owner runner required for S3Gateway operations.
2025-04-23 14:39:29,562 [main] WARN  server.ServerUtils (ServerUtils.java:getDefaultRatisDirectory(309)) - Storage directory for Ratis is not configured. It is a good idea to map this to an SSD disk. Falling back to ozone.metadata.dirs
2025-04-23 14:39:29,562 [main] WARN  utils.OzoneManagerRatisUtils (OzoneManagerRatisUtils.java:getOMRatisSnapshotDirectory(488)) - ozone.om.ratis.snapshot.dir is not configured. Falling back to ozone.metadata.dirs config
2025-04-23 14:39:29,562 [main] INFO  utils.RDBSnapshotProvider (RDBSnapshotProvider.java:init(85)) - Cleaning up the candidate dir: /home/runner/work/ozone/ozone/hadoop-ozone/integration-test/target/test-dir/MiniOzoneClusterImpl-feea018d-8976-442b-acbc-fedf3986ffa5/omNode-3/snapshot/om.db.candidate
2025-04-23 14:39:29,562 [main] INFO  ratis_snapshot.OmRatisSnapshotProvider (OmRatisSnapshotProvider.java:<init>(98)) - Initializing OM Snapshot Provider
2025-04-23 14:39:29,563 [main] WARN  dropwizard3.Dm3MetricRegistriesImpl (Dm3MetricRegistriesImpl.java:addReporterRegistration(114)) - New reporters are added after registries were created. Some metrics will be missing from the reporter. Please add reporter before adding any new registry.
2025-04-23 14:39:29,564 [main] WARN  dropwizard3.Dm3MetricRegistriesImpl (Dm3MetricRegistriesImpl.java:addReporterRegistration(114)) - New reporters are added after registries were created. Some metrics will be missing from the reporter. Please add reporter before adding any new registry.
2025-04-23 14:39:29,564 [main] WARN  server.ServerUtils (ServerUtils.java:getDefaultRatisDirectory(309)) - Storage directory for Ratis is not configured. It is a good idea to map this to an SSD disk. Falling back to ozone.metadata.dirs
2025-04-23 14:39:29,564 [main] INFO  server.RaftServerConfigKeys (ConfUtils.java:logGet(46)) - raft.server.log.appender.buffer.byte-limit = 4194304 (custom)
2025-04-23 14:39:29,565 [main] INFO  ratis.OzoneManagerRatisServer (OzoneManagerRatisServer.java:<init>(167)) - Instantiating OM Ratis server with groupID: om-service-test1 and peers: localhost:15059, localhost:15051, localhost:15055
2025-04-23 14:39:29,565 [main] INFO  ratis.OzoneManagerStateMachine (OzoneManagerStateMachine.java:loadSnapshotInfoFromDB(613)) - TransactionInfo not found in OM DB.
2025-04-23 14:39:29,565 [main] INFO  server.RaftServer (ConfUtils.java:logGet(46)) - raft.rpc.type = GRPC (default)
2025-04-23 14:39:29,565 [main] INFO  grpc.GrpcConfigKeys (ConfUtils.java:logFallback(53)) - raft.grpc.admin.host = null (fallback to raft.grpc.server.host)
2025-04-23 14:39:29,565 [main] INFO  grpc.GrpcConfigKeys (ConfUtils.java:logFallback(53)) - raft.grpc.admin.port = 15059 (fallback to raft.grpc.server.port)
2025-04-23 14:39:29,565 [main] INFO  grpc.GrpcConfigKeys (ConfUtils.java:logFallback(53)) - raft.grpc.client.host = null (fallback to raft.grpc.server.host)
2025-04-23 14:39:29,566 [main] INFO  grpc.GrpcConfigKeys (ConfUtils.java:logFallback(53)) - raft.grpc.client.port = 15059 (fallback to raft.grpc.server.port)
2025-04-23 14:39:29,566 [main] INFO  grpc.GrpcConfigKeys (ConfUtils.java:logGet(46)) - raft.grpc.server.host = null (default)
2025-04-23 14:39:29,566 [main] INFO  grpc.GrpcConfigKeys (ConfUtils.java:logGet(46)) - raft.grpc.server.port = 15059 (custom)
2025-04-23 14:39:29,566 [main] INFO  server.GrpcService (ConfUtils.java:logGet(46)) - raft.grpc.message.size.max = 5242880 (custom)
2025-04-23 14:39:29,566 [main] INFO  server.GrpcService (ConfUtils.java:logGet(46)) - raft.grpc.flow.control.window = 1MB (=1048576) (default)
2025-04-23 14:39:29,566 [main] INFO  server.RaftServerConfigKeys (ConfUtils.java:logGet(46)) - raft.server.rpc.request.timeout = 3000ms (default)
2025-04-23 14:39:29,566 [main] INFO  grpc.GrpcConfigKeys (ConfUtils.java:logGet(46)) - raft.grpc.server.heartbeat.channel = true (default)
2025-04-23 14:39:29,566 [main] INFO  server.RaftServerConfigKeys (ConfUtils.java:logGet(46)) - raft.server.log.appender.buffer.byte-limit = 4194304 (custom)
2025-04-23 14:39:29,566 [main] INFO  grpc.GrpcConfigKeys (ConfUtils.java:logGet(46)) - raft.grpc.server.async.request.thread.pool.cached = true (default)
2025-04-23 14:39:29,566 [main] INFO  grpc.GrpcConfigKeys (ConfUtils.java:logGet(46)) - raft.grpc.server.async.request.thread.pool.size = 32 (default)
2025-04-23 14:39:29,567 [main] INFO  impl.DataStreamServerImpl (ConfUtils.java:logGet(46)) - raft.datastream.type = DISABLED (default)
2025-04-23 14:39:29,567 [main] INFO  server.RaftServerConfigKeys (ConfUtils.java:logGet(46)) - raft.server.sleep.deviation.threshold = 300ms (default)
2025-04-23 14:39:29,567 [main] INFO  server.RaftServerConfigKeys (ConfUtils.java:logGet(46)) - raft.server.close.threshold = 60s (default)
2025-04-23 14:39:29,567 [main] INFO  server.RaftServerConfigKeys (ConfUtils.java:logGet(46)) - raft.server.leaderelection.leader.step-down.wait-time = 10s (default)
2025-04-23 14:39:29,567 [main] INFO  server.RaftServerConfigKeys (ConfUtils.java:logGet(46)) - raft.server.storage.dir = [/home/runner/work/ozone/ozone/hadoop-ozone/integration-test/target/test-dir/MiniOzoneClusterImpl-feea018d-8976-442b-acbc-fedf3986ffa5/omNode-3/ratis] (custom)
2025-04-23 14:39:29,567 [main] INFO  server.RaftServerConfigKeys (ConfUtils.java:logGet(46)) - raft.server.threadpool.proxy.cached = true (default)
2025-04-23 14:39:29,568 [main] INFO  server.RaftServerConfigKeys (ConfUtils.java:logGet(46)) - raft.server.threadpool.proxy.size = 0 (default)
2025-04-23 14:39:29,568 [main] INFO  server.RaftServer (RaftServerProxy.java:addNew(100)) - omNode-3: addNew group-523986131536:[omNode-3|localhost:15059, omNode-1|localhost:15051, omNode-2|localhost:15055] returns group-523986131536:java.util.concurrent.CompletableFuture@63f2e6c9[Not completed]
2025-04-23 14:39:29,568 [main] INFO  om.OzoneManager (OzoneManager.java:initializeRatisServer(2303)) - OzoneManager Ratis server initialized at port 15059
2025-04-23 14:39:29,568 [omNode-3-groupManagement] INFO  server.RaftServer$Division (RaftServerImpl.java:<init>(255)) - omNode-3: new RaftServerImpl for group-523986131536:[omNode-3|localhost:15059, omNode-1|localhost:15051, omNode-2|localhost:15055] with OzoneManagerStateMachine:uninitialized
2025-04-23 14:39:29,568 [omNode-3-groupManagement] INFO  server.RaftServerConfigKeys (ConfUtils.java:logGet(46)) - raft.server.rpc.timeout.min = 1s (custom)
2025-04-23 14:39:29,568 [omNode-3-groupManagement] INFO  server.RaftServerConfigKeys (ConfUtils.java:logGet(46)) - raft.server.rpc.timeout.max = 1200ms (custom)
2025-04-23 14:39:29,568 [omNode-3-groupManagement] INFO  server.RaftServerConfigKeys (ConfUtils.java:logGet(46)) - raft.server.rpc.sleep.time = 25ms (default)
2025-04-23 14:39:29,569 [omNode-3-groupManagement] INFO  server.RaftServerConfigKeys (ConfUtils.java:logGet(46)) - raft.server.rpc.slowness.timeout = 2s (custom)
2025-04-23 14:39:29,569 [omNode-3-groupManagement] INFO  server.RaftServerConfigKeys (ConfUtils.java:logGet(46)) - raft.server.leaderelection.leader.step-down.wait-time = 10s (default)
2025-04-23 14:39:29,569 [omNode-3-groupManagement] INFO  server.RaftServerConfigKeys (ConfUtils.java:logGet(46)) - raft.server.leaderelection.member.majority-add = false (default)
2025-04-23 14:39:29,569 [omNode-3-groupManagement] INFO  server.RaftServerConfigKeys (ConfUtils.java:logGet(46)) - raft.server.sleep.deviation.threshold = 300ms (default)
2025-04-23 14:39:29,569 [omNode-3-groupManagement] INFO  server.RaftServer$Division (ServerState.java:<init>(114)) - omNode-3@group-523986131536: ConfigurationManager, init=conf: {index: -1, cur=peers:[omNode-3|localhost:15059, omNode-1|localhost:15051, omNode-2|localhost:15055]|listeners:[], old=null}, confs=<EMPTY_MAP>
2025-04-23 14:39:29,568 [main] INFO  om.OzoneManager (OzoneManager.java:getRpcServer(1360)) - Creating RPC Server
2025-04-23 14:39:29,569 [omNode-3-groupManagement] INFO  server.RaftServerConfigKeys (ConfUtils.java:logGet(46)) - raft.server.notification.no-leader.timeout = 2s (custom)
2025-04-23 14:39:29,569 [omNode-3-groupManagement] INFO  server.RaftServerConfigKeys (ConfUtils.java:logGet(46)) - raft.server.read.timeout = 10s (default)
2025-04-23 14:39:29,569 [omNode-3-groupManagement] INFO  server.RaftServerConfigKeys (ConfUtils.java:logGet(46)) - raft.server.retrycache.expirytime = 30000ms (custom)
2025-04-23 14:39:29,569 [omNode-3-groupManagement] INFO  server.RaftServerConfigKeys (ConfUtils.java:logGet(46)) - raft.server.retrycache.statistics.expirytime = 100ms (default)
2025-04-23 14:39:29,569 [omNode-3-groupManagement] INFO  server.RaftServerConfigKeys (ConfUtils.java:logGet(46)) - raft.server.read.option = DEFAULT (default)
2025-04-23 14:39:29,569 [omNode-3-groupManagement] INFO  server.RaftServerConfigKeys (ConfUtils.java:logGet(46)) - raft.server.read.read-after-write-consistent.write-index-cache.expiry-time = 60s (default)
2025-04-23 14:39:29,571 [omNode-3-groupManagement] INFO  server.RaftServerConfigKeys (ConfUtils.java:logGet(46)) - raft.server.rpc.request.timeout = 3000ms (default)
2025-04-23 14:39:29,571 [omNode-3-groupManagement] INFO  server.RaftServerConfigKeys (ConfUtils.java:logGet(46)) - raft.server.log.appender.install.snapshot.enabled = false (custom)
2025-04-23 14:39:29,571 [omNode-3-groupManagement] INFO  server.RaftServerConfigKeys (ConfUtils.java:logGet(46)) - raft.server.threadpool.server.cached = true (default)
2025-04-23 14:39:29,571 [omNode-3-groupManagement] INFO  server.RaftServerConfigKeys (ConfUtils.java:logGet(46)) - raft.server.threadpool.server.size = 0 (default)
2025-04-23 14:39:29,571 [omNode-3-groupManagement] INFO  server.RaftServerConfigKeys (ConfUtils.java:logGet(46)) - raft.server.threadpool.client.cached = true (default)
2025-04-23 14:39:29,571 [omNode-3-groupManagement] INFO  server.RaftServerConfigKeys (ConfUtils.java:logGet(46)) - raft.server.threadpool.client.size = 0 (default)
2025-04-23 14:39:29,766 [omNode-1@group-523986131536-FollowerState] INFO  impl.FollowerState (FollowerState.java:runImpl(161)) - omNode-1@group-523986131536-FollowerState: change to CANDIDATE, lastRpcElapsedTime:1159049540ns, electionTimeout:1158ms
2025-04-23 14:39:29,766 [omNode-1@group-523986131536-FollowerState] INFO  impl.RoleInfo (RoleInfo.java:shutdownFollowerState(121)) - omNode-1: shutdown omNode-1@group-523986131536-FollowerState
2025-04-23 14:39:29,766 [omNode-1@group-523986131536-FollowerState] INFO  server.RaftServer$Division (RaftServerImpl.java:setRole(378)) - omNode-1@group-523986131536: changes role from  FOLLOWER to CANDIDATE at term 0 for changeToCandidate
2025-04-23 14:39:29,766 [omNode-1@group-523986131536-FollowerState] INFO  server.RaftServerConfigKeys (ConfUtils.java:logGet(46)) - raft.server.leaderelection.pre-vote = true (default)
2025-04-23 14:39:29,766 [omNode-1@group-523986131536-FollowerState] INFO  impl.RoleInfo (RoleInfo.java:updateAndGet(148)) - omNode-1: start omNode-1@group-523986131536-LeaderElection40
2025-04-23 14:39:29,767 [omNode-1@group-523986131536-LeaderElection40] INFO  impl.LeaderElection (LeaderElection.java:askForVotes(332)) - omNode-1@group-523986131536-LeaderElection40 PRE_VOTE round 0: submit vote requests at term 0 for conf: {index: -1, cur=peers:[omNode-3|localhost:15059, omNode-1|localhost:15051, omNode-2|localhost:15055]|listeners:[], old=null}
2025-04-23 14:39:29,767 [omNode-1@group-523986131536-LeaderElection40-1] INFO  server.GrpcServerProtocolClient (GrpcServerProtocolClient.java:<init>(65)) - Build channel for omNode-3|localhost:15059
2025-04-23 14:39:29,767 [omNode-1@group-523986131536-LeaderElection40-2] INFO  server.GrpcServerProtocolClient (GrpcServerProtocolClient.java:<init>(65)) - Build channel for omNode-2|localhost:15055
2025-04-23 14:39:29,767 [omNode-1@group-523986131536-LeaderElection40] INFO  server.RaftServerConfigKeys (ConfUtils.java:logFallback(53)) - raft.server.rpc.first-election.timeout.min = 1s (fallback to raft.server.rpc.timeout.min)
2025-04-23 14:39:29,768 [omNode-1@group-523986131536-LeaderElection40] INFO  server.RaftServerConfigKeys (ConfUtils.java:logFallback(53)) - raft.server.rpc.first-election.timeout.max = 1200ms (fallback to raft.server.rpc.timeout.max)
2025-04-23 14:39:29,772 [omNode-1@group-523986131536-LeaderElection40] INFO  impl.LeaderElection (LogUtils.java:infoOrTrace(136)) - omNode-1@group-523986131536-LeaderElection40 got exception when requesting votes: java.util.concurrent.ExecutionException: org.apache.ratis.thirdparty.io.grpc.StatusRuntimeException: UNAVAILABLE: io exception
2025-04-23 14:39:29,775 [grpc-default-executor-0] INFO  server.RaftServer$Division (RaftServerImpl.java:requestVote(1407)) - omNode-2@group-523986131536: receive requestVote(PRE_VOTE, omNode-1, group-523986131536, 0, (t:0, i:~))
2025-04-23 14:39:29,775 [grpc-default-executor-0] INFO  impl.VoteContext (VoteContext.java:log(49)) - omNode-2@group-523986131536-FOLLOWER: accept PRE_VOTE from omNode-1: our priority 0 <= candidate's priority 0
2025-04-23 14:39:29,776 [grpc-default-executor-0] INFO  server.RaftServer$Division (RaftServerImpl.java:requestVote(1441)) - omNode-2@group-523986131536 replies to PRE_VOTE vote request: omNode-1<-omNode-2#0:OK-t0. Peer's state: omNode-2@group-523986131536:t0, leader=null, voted=, raftlog=Memoized:omNode-2@group-523986131536-SegmentedRaftLog:OPENED:c-1:lastnull, conf=conf: {index: -1, cur=peers:[omNode-3|localhost:15059, omNode-1|localhost:15051, omNode-2|localhost:15055]|listeners:[], old=null}
2025-04-23 14:39:29,776 [omNode-1@group-523986131536-LeaderElection40] INFO  impl.LeaderElection (LeaderElection.java:logAndReturn(90)) - omNode-1@group-523986131536-LeaderElection40: PRE_VOTE PASSED received 1 response(s) and 1 exception(s):
2025-04-23 14:39:29,777 [omNode-1@group-523986131536-LeaderElection40] INFO  impl.LeaderElection (LeaderElection.java:logAndReturn(94)) -   Response 0: omNode-1<-omNode-2#0:OK-t0
2025-04-23 14:39:29,777 [omNode-1@group-523986131536-LeaderElection40] INFO  impl.LeaderElection (LogUtils.java:infoOrTrace(136)) -   Exception 1: java.util.concurrent.ExecutionException: org.apache.ratis.thirdparty.io.grpc.StatusRuntimeException: UNAVAILABLE: io exception
2025-04-23 14:39:29,777 [omNode-1@group-523986131536-LeaderElection40] INFO  impl.LeaderElection (LeaderElection.java:askForVotes(334)) - omNode-1@group-523986131536-LeaderElection40 PRE_VOTE round 0: result PASSED
2025-04-23 14:39:29,778 [omNode-1@group-523986131536-LeaderElection40] INFO  impl.LeaderElection (LeaderElection.java:askForVotes(332)) - omNode-1@group-523986131536-LeaderElection40 ELECTION round 0: submit vote requests at term 1 for conf: {index: -1, cur=peers:[omNode-3|localhost:15059, omNode-1|localhost:15051, omNode-2|localhost:15055]|listeners:[], old=null}
2025-04-23 14:39:29,779 [omNode-1@group-523986131536-LeaderElection40] INFO  server.RaftServerConfigKeys (ConfUtils.java:logFallback(53)) - raft.server.rpc.first-election.timeout.min = 1s (fallback to raft.server.rpc.timeout.min)
2025-04-23 14:39:29,779 [omNode-1@group-523986131536-LeaderElection40] INFO  server.RaftServerConfigKeys (ConfUtils.java:logFallback(53)) - raft.server.rpc.first-election.timeout.max = 1200ms (fallback to raft.server.rpc.timeout.max)
2025-04-23 14:39:29,779 [omNode-1@group-523986131536-LeaderElection40] INFO  impl.LeaderElection (LogUtils.java:infoOrTrace(136)) - omNode-1@group-523986131536-LeaderElection40 got exception when requesting votes: java.util.concurrent.ExecutionException: org.apache.ratis.thirdparty.io.grpc.StatusRuntimeException: UNAVAILABLE: io exception
2025-04-23 14:39:29,780 [grpc-default-executor-0] INFO  server.RaftServer$Division (RaftServerImpl.java:requestVote(1407)) - omNode-2@group-523986131536: receive requestVote(ELECTION, omNode-1, group-523986131536, 1, (t:0, i:~))
2025-04-23 14:39:29,780 [grpc-default-executor-0] INFO  impl.VoteContext (VoteContext.java:log(49)) - omNode-2@group-523986131536-FOLLOWER: accept ELECTION from omNode-1: our priority 0 <= candidate's priority 0
2025-04-23 14:39:29,780 [grpc-default-executor-0] INFO  server.RaftServer$Division (RaftServerImpl.java:setRole(378)) - omNode-2@group-523986131536: changes role from  FOLLOWER to FOLLOWER at term 0 for candidate:omNode-1
2025-04-23 14:39:29,780 [grpc-default-executor-0] INFO  impl.RoleInfo (RoleInfo.java:shutdownFollowerState(121)) - omNode-2: shutdown omNode-2@group-523986131536-FollowerState
2025-04-23 14:39:29,780 [grpc-default-executor-0] INFO  impl.RoleInfo (RoleInfo.java:updateAndGet(148)) - omNode-2: start omNode-2@group-523986131536-FollowerState
2025-04-23 14:39:29,780 [omNode-2@group-523986131536-FollowerState] INFO  impl.FollowerState (FollowerState.java:runImpl(170)) - omNode-2@group-523986131536-FollowerState was interrupted
2025-04-23 14:39:29,780 [grpc-default-executor-0] INFO  server.RaftServer$Division (RaftServerImpl.java:setFirstElection(562)) - omNode-2@group-523986131536: set firstElectionSinceStartup to false for candidate:omNode-1
2025-04-23 14:39:29,781 [grpc-default-executor-0] INFO  server.RaftServer$Division (RaftServerImpl.java:requestVote(1441)) - omNode-2@group-523986131536 replies to ELECTION vote request: omNode-1<-omNode-2#0:OK-t1. Peer's state: omNode-2@group-523986131536:t1, leader=null, voted=omNode-1, raftlog=Memoized:omNode-2@group-523986131536-SegmentedRaftLog:OPENED:c-1:lastnull, conf=conf: {index: -1, cur=peers:[omNode-3|localhost:15059, omNode-1|localhost:15051, omNode-2|localhost:15055]|listeners:[], old=null}
2025-04-23 14:39:29,782 [omNode-1@group-523986131536-LeaderElection40] INFO  impl.LeaderElection (LeaderElection.java:logAndReturn(90)) - omNode-1@group-523986131536-LeaderElection40: ELECTION PASSED received 1 response(s) and 1 exception(s):
2025-04-23 14:39:29,782 [omNode-1@group-523986131536-LeaderElection40] INFO  impl.LeaderElection (LeaderElection.java:logAndReturn(94)) -   Response 0: omNode-1<-omNode-2#0:OK-t1
2025-04-23 14:39:29,782 [omNode-1@group-523986131536-LeaderElection40] INFO  impl.LeaderElection (LogUtils.java:infoOrTrace(136)) -   Exception 1: java.util.concurrent.ExecutionException: org.apache.ratis.thirdparty.io.grpc.StatusRuntimeException: UNAVAILABLE: io exception
2025-04-23 14:39:29,782 [omNode-1@group-523986131536-LeaderElection40] INFO  impl.LeaderElection (LeaderElection.java:askForVotes(334)) - omNode-1@group-523986131536-LeaderElection40 ELECTION round 0: result PASSED
2025-04-23 14:39:29,782 [omNode-1@group-523986131536-LeaderElection40] INFO  impl.RoleInfo (RoleInfo.java:shutdownLeaderElection(141)) - omNode-1: shutdown omNode-1@group-523986131536-LeaderElection40
2025-04-23 14:39:29,782 [omNode-1@group-523986131536-LeaderElection40] INFO  server.RaftServer$Division (RaftServerImpl.java:setRole(378)) - omNode-1@group-523986131536: changes role from CANDIDATE to LEADER at term 1 for changeToLeader
2025-04-23 14:39:29,782 [omNode-1@group-523986131536-LeaderElection40] INFO  server.RaftServerConfigKeys (ConfUtils.java:logGet(46)) - raft.server.staging.catchup.gap = 1000 (default)
2025-04-23 14:39:29,782 [omNode-1@group-523986131536-LeaderElection40] INFO  server.RaftServerConfigKeys (ConfUtils.java:logGet(46)) - raft.server.write.element-limit = 4096 (default)
2025-04-23 14:39:29,782 [omNode-1@group-523986131536-LeaderElection40] INFO  server.RaftServerConfigKeys (ConfUtils.java:logGet(46)) - raft.server.write.byte-limit = 64MB (=67108864) (default)
2025-04-23 14:39:29,783 [omNode-1@group-523986131536-LeaderElection40] INFO  server.RaftServerConfigKeys (ConfUtils.java:logGet(46)) - raft.server.watch.timeout = 10s (default)
2025-04-23 14:39:29,783 [omNode-1@group-523986131536-LeaderElection40] INFO  server.RaftServerConfigKeys (ConfUtils.java:logGet(46)) - raft.server.watch.timeout.denomination = 1s (default)
2025-04-23 14:39:29,783 [omNode-1@group-523986131536-LeaderElection40] INFO  server.RaftServerConfigKeys (ConfUtils.java:logGet(46)) - raft.server.watch.element-limit = 65536 (default)
2025-04-23 14:39:29,783 [omNode-1@group-523986131536-LeaderElection40] INFO  server.RaftServerConfigKeys (ConfUtils.java:logGet(46)) - raft.server.read.leader.lease.enabled = false (default)
2025-04-23 14:39:29,783 [omNode-1@group-523986131536-LeaderElection40] INFO  server.RaftServerConfigKeys (ConfUtils.java:logGet(46)) - raft.server.read.leader.lease.timeout.ratio = 0.9 (default)
2025-04-23 14:39:29,783 [omNode-1@group-523986131536-LeaderElection40] INFO  server.RaftServerConfigKeys (ConfUtils.java:logGet(46)) - raft.server.rpc.timeout.min = 1s (custom)
2025-04-23 14:39:29,783 [omNode-1@group-523986131536-LeaderElection40] INFO  server.RaftServerConfigKeys (ConfUtils.java:logGet(46)) - raft.server.log.log-metadata.enabled = true (default)
2025-04-23 14:39:29,783 [omNode-1@group-523986131536-LeaderElection40] INFO  server.RaftServerConfigKeys (ConfUtils.java:logGet(46)) - raft.server.write.element-limit = 4096 (default)
2025-04-23 14:39:29,783 [omNode-1@group-523986131536-LeaderElection40] INFO  server.RaftServerConfigKeys (ConfUtils.java:logGet(46)) - raft.server.write.follower.gap.ratio.max = -1.0 (default)
2025-04-23 14:39:29,784 [omNode-1@group-523986131536-LeaderElection40] INFO  server.RaftServerConfigKeys (ConfUtils.java:logGet(46)) - raft.server.log.appender.snapshot.chunk.size.max = 16MB (=16777216) (default)
2025-04-23 14:39:29,784 [omNode-1@group-523986131536-LeaderElection40] INFO  server.RaftServerConfigKeys (ConfUtils.java:logGet(46)) - raft.server.log.appender.buffer.byte-limit = 4194304 (custom)
2025-04-23 14:39:29,784 [omNode-1@group-523986131536-LeaderElection40] INFO  server.RaftServerConfigKeys (ConfUtils.java:logGet(46)) - raft.server.log.appender.buffer.element-limit = 1024 (custom)
2025-04-23 14:39:29,784 [omNode-1@group-523986131536-LeaderElection40] INFO  server.RaftServerConfigKeys (ConfUtils.java:logGet(46)) - raft.server.log.appender.wait-time.min = 0ms (custom)
2025-04-23 14:39:29,784 [omNode-1@group-523986131536-LeaderElection40] INFO  grpc.GrpcConfigKeys (ConfUtils.java:logGet(46)) - raft.grpc.server.leader.outstanding.appends.max = 8 (default)
2025-04-23 14:39:29,784 [omNode-1@group-523986131536-LeaderElection40] INFO  server.RaftServerConfigKeys (ConfUtils.java:logGet(46)) - raft.server.rpc.request.timeout = 3000ms (default)
2025-04-23 14:39:29,784 [omNode-1@group-523986131536-LeaderElection40] INFO  grpc.GrpcConfigKeys (ConfUtils.java:logGet(46)) - raft.grpc.server.install_snapshot.request.element-limit = 8 (default)
2025-04-23 14:39:29,784 [omNode-1@group-523986131536-LeaderElection40] INFO  grpc.GrpcConfigKeys (ConfUtils.java:logGet(46)) - raft.grpc.server.install_snapshot.request.timeout = 3000ms (default)
2025-04-23 14:39:29,784 [omNode-1@group-523986131536-LeaderElection40] INFO  grpc.GrpcConfigKeys (ConfUtils.java:logGet(46)) - raft.grpc.server.log-message.batch.duration = 5s (default)
2025-04-23 14:39:29,784 [omNode-1@group-523986131536-LeaderElection40] INFO  server.RaftServerConfigKeys (ConfUtils.java:logGet(46)) - raft.server.log.appender.install.snapshot.enabled = false (custom)
2025-04-23 14:39:29,784 [omNode-1@group-523986131536-LeaderElection40] INFO  grpc.GrpcConfigKeys (ConfUtils.java:logGet(46)) - raft.grpc.server.heartbeat.channel = true (default)
2025-04-23 14:39:29,785 [omNode-1@group-523986131536-LeaderElection40] INFO  server.RaftServerConfigKeys (ConfUtils.java:logGet(46)) - raft.server.log.appender.snapshot.chunk.size.max = 16MB (=16777216) (default)
2025-04-23 14:39:29,786 [omNode-1@group-523986131536-LeaderElection40] INFO  server.RaftServerConfigKeys (ConfUtils.java:logGet(46)) - raft.server.log.appender.buffer.byte-limit = 4194304 (custom)
2025-04-23 14:39:29,786 [omNode-1@group-523986131536-LeaderElection40] INFO  server.RaftServerConfigKeys (ConfUtils.java:logGet(46)) - raft.server.log.appender.buffer.element-limit = 1024 (custom)
2025-04-23 14:39:29,786 [omNode-1@group-523986131536-LeaderElection40] INFO  server.RaftServerConfigKeys (ConfUtils.java:logGet(46)) - raft.server.log.appender.wait-time.min = 0ms (custom)
2025-04-23 14:39:29,786 [omNode-1@group-523986131536-LeaderElection40] INFO  grpc.GrpcConfigKeys (ConfUtils.java:logGet(46)) - raft.grpc.server.leader.outstanding.appends.max = 8 (default)
2025-04-23 14:39:29,786 [omNode-1@group-523986131536-LeaderElection40] INFO  server.RaftServerConfigKeys (ConfUtils.java:logGet(46)) - raft.server.rpc.request.timeout = 3000ms (default)
2025-04-23 14:39:29,786 [omNode-1@group-523986131536-LeaderElection40] INFO  grpc.GrpcConfigKeys (ConfUtils.java:logGet(46)) - raft.grpc.server.install_snapshot.request.element-limit = 8 (default)
2025-04-23 14:39:29,786 [omNode-1@group-523986131536-LeaderElection40] INFO  grpc.GrpcConfigKeys (ConfUtils.java:logGet(46)) - raft.grpc.server.install_snapshot.request.timeout = 3000ms (default)
2025-04-23 14:39:29,786 [omNode-1@group-523986131536-LeaderElection40] INFO  grpc.GrpcConfigKeys (ConfUtils.java:logGet(46)) - raft.grpc.server.log-message.batch.duration = 5s (default)
2025-04-23 14:39:29,786 [omNode-1@group-523986131536-LeaderElection40] INFO  server.RaftServerConfigKeys (ConfUtils.java:logGet(46)) - raft.server.log.appender.install.snapshot.enabled = false (custom)
2025-04-23 14:39:29,786 [omNode-1@group-523986131536-LeaderElection40] INFO  grpc.GrpcConfigKeys (ConfUtils.java:logGet(46)) - raft.grpc.server.heartbeat.channel = true (default)
2025-04-23 14:39:29,787 [omNode-1@group-523986131536-LeaderElection40] INFO  impl.RoleInfo (RoleInfo.java:updateAndGet(148)) - omNode-1: start omNode-1@group-523986131536-LeaderStateImpl
2025-04-23 14:39:29,787 [omNode-1@group-523986131536-LeaderElection40] INFO  server.RaftServer$Division (RaftServerImpl.java:setFirstElection(562)) - omNode-1@group-523986131536: set firstElectionSinceStartup to false for becomeLeader
2025-04-23 14:39:29,787 [omNode-1@group-523986131536-LeaderElection40] INFO  ratis.OzoneManagerStateMachine (OzoneManagerStateMachine.java:notifyLeaderChanged(169)) - omNode-1@group-523986131536: leader changed to omNode-1
2025-04-23 14:39:29,788 [omNode-1@group-523986131536-LeaderElection40] INFO  server.RaftServer$Division (ServerState.java:setLeader(272)) - omNode-1@group-523986131536: change Leader from null to omNode-1 at term 1 for becomeLeader, leader elected after 1584ms
2025-04-23 14:39:29,788 [omNode-1@group-523986131536-LeaderElection40] INFO  segmented.SegmentedRaftLogWorker (SegmentedRaftLogWorker.java:startLogSegment(438)) - omNode-1@group-523986131536-SegmentedRaftLogWorker: Starting segment from index:0
2025-04-23 14:39:29,789 [omNode-1@group-523986131536-SegmentedRaftLogWorker] INFO  segmented.BufferedWriteChannel (BufferedWriteChannel.java:open(61)) - open log_inprogress_0 at position 0
2025-04-23 14:39:29,789 [omNode-1@group-523986131536-LeaderElection40] INFO  server.RaftServer$Division (ServerState.java:setRaftConf(386)) - omNode-1@group-523986131536: set configuration conf: {index: 0, cur=peers:[omNode-3|localhost:15059, omNode-1|localhost:15051, omNode-2|localhost:15055]|listeners:[], old=null}
2025-04-23 14:39:29,791 [grpc-default-executor-0] WARN  server.GrpcLogAppender (LogUtils.java:warn(121)) - omNode-1@group-523986131536->omNode-3-AppendLogResponseHandler: Failed appendEntries: org.apache.ratis.thirdparty.io.grpc.StatusRuntimeException: UNAVAILABLE: io exception
2025-04-23 14:39:29,792 [grpc-default-executor-0] WARN  server.GrpcLogAppender (GrpcLogAppender.java:lambda$resetClient$1(221)) - omNode-1@group-523986131536->omNode-3-GrpcLogAppender: Follower failed (request=null, errorCount=1); keep nextIndex (0) unchanged and retry.
2025-04-23 14:39:29,794 [grpc-default-executor-4] WARN  server.GrpcLogAppender (GrpcLogAppender.java:lambda$resetClient$1(221)) - omNode-1@group-523986131536->omNode-3-GrpcLogAppender: Follower failed (request=null, errorCount=2); keep nextIndex (1) unchanged and retry.
2025-04-23 14:39:29,800 [omNode-2-server-thread1] INFO  ratis.OzoneManagerStateMachine (OzoneManagerStateMachine.java:notifyLeaderChanged(169)) - omNode-2@group-523986131536: leader changed to omNode-1
2025-04-23 14:39:29,800 [omNode-2-server-thread1] INFO  server.RaftServer$Division (ServerState.java:setLeader(272)) - omNode-2@group-523986131536: change Leader from null to omNode-1 at term 1 for appendEntries, leader elected after 894ms
2025-04-23 14:39:29,800 [omNode-1@group-523986131536-SegmentedRaftLogWorker] INFO  segmented.SegmentedRaftLogWorker (SegmentedRaftLogWorker.java:execute(644)) - omNode-1@group-523986131536-SegmentedRaftLogWorker: created new log segment /home/runner/work/ozone/ozone/hadoop-ozone/integration-test/target/test-dir/MiniOzoneClusterImpl-feea018d-8976-442b-acbc-fedf3986ffa5/omNode-1/ratis/c9bc4cf4-3bc3-3c60-a66b-523986131536/current/log_inprogress_0
2025-04-23 14:39:29,801 [omNode-2-server-thread2] INFO  server.RaftServer$Division (ServerState.java:setRaftConf(386)) - omNode-2@group-523986131536: set configuration conf: {index: 0, cur=peers:[omNode-3|localhost:15059, omNode-1|localhost:15051, omNode-2|localhost:15055]|listeners:[], old=null}
2025-04-23 14:39:29,801 [omNode-2-server-thread2] INFO  segmented.SegmentedRaftLogWorker (SegmentedRaftLogWorker.java:startLogSegment(438)) - omNode-2@group-523986131536-SegmentedRaftLogWorker: Starting segment from index:0
2025-04-23 14:39:29,802 [omNode-2@group-523986131536-SegmentedRaftLogWorker] INFO  segmented.BufferedWriteChannel (BufferedWriteChannel.java:open(61)) - open log_inprogress_0 at position 0
2025-04-23 14:39:29,810 [omNode-2@group-523986131536-SegmentedRaftLogWorker] INFO  segmented.SegmentedRaftLogWorker (SegmentedRaftLogWorker.java:execute(644)) - omNode-2@group-523986131536-SegmentedRaftLogWorker: created new log segment /home/runner/work/ozone/ozone/hadoop-ozone/integration-test/target/test-dir/MiniOzoneClusterImpl-feea018d-8976-442b-acbc-fedf3986ffa5/omNode-2/ratis/c9bc4cf4-3bc3-3c60-a66b-523986131536/current/log_inprogress_0
2025-04-23 14:39:29,812 [omNode-1@group-523986131536-StateMachineUpdater] INFO  ratis.OzoneManagerStateMachine (OzoneManagerStateMachine.java:notifyConfigurationChanged(231)) - notifyConfigurationChanged from Ratis: term=1, index=0, New Peer list: omNode-3(localhost:15059), omNode-1(localhost:15051), omNode-2(localhost:15055)
2025-04-23 14:39:29,812 [omNode-1@group-523986131536-StateMachineUpdater] INFO  server.RaftServer$Division (LeaderStateImpl.java:checkStartIndex(313)) - Leader omNode-1@group-523986131536-LeaderStateImpl is ready since appliedIndex == startIndex == 0
2025-04-23 14:39:29,930 [main] INFO  reflections.Reflections (Reflections.java:scan(219)) - Reflections took 361 ms to scan 22 urls, producing 61 keys and 7422 values
2025-04-23 14:39:29,931 [main] INFO  ipc.CallQueueManager (CallQueueManager.java:<init>(93)) - Using callQueue: class java.util.concurrent.LinkedBlockingQueue, queueCapacity: 2000, scheduler: class org.apache.hadoop.ipc.DefaultRpcScheduler, ipcBackoff: false, ipcFailOver: false.
2025-04-23 14:39:29,931 [main] INFO  ipc.Server (Server.java:<init>(1438)) - Listener at 127.0.0.1:15056
2025-04-23 14:39:29,932 [Socket Reader #1 for port 15056] INFO  ipc.Server (Server.java:run(1474)) - Starting Socket Reader #1 for port 15056
2025-04-23 14:39:29,932 [Socket Reader #2 for port 15056] INFO  ipc.Server (Server.java:run(1474)) - Starting Socket Reader #2 for port 15056
2025-04-23 14:39:29,932 [Socket Reader #3 for port 15056] INFO  ipc.Server (Server.java:run(1474)) - Starting Socket Reader #3 for port 15056
2025-04-23 14:39:29,932 [Socket Reader #4 for port 15056] INFO  ipc.Server (Server.java:run(1474)) - Starting Socket Reader #4 for port 15056
2025-04-23 14:39:29,932 [Socket Reader #5 for port 15056] INFO  ipc.Server (Server.java:run(1474)) - Starting Socket Reader #5 for port 15056
2025-04-23 14:39:29,932 [Socket Reader #6 for port 15056] INFO  ipc.Server (Server.java:run(1474)) - Starting Socket Reader #6 for port 15056
2025-04-23 14:39:29,933 [Socket Reader #7 for port 15056] INFO  ipc.Server (Server.java:run(1474)) - Starting Socket Reader #7 for port 15056
2025-04-23 14:39:29,933 [Socket Reader #8 for port 15056] INFO  ipc.Server (Server.java:run(1474)) - Starting Socket Reader #8 for port 15056
2025-04-23 14:39:29,933 [Socket Reader #9 for port 15056] INFO  ipc.Server (Server.java:run(1474)) - Starting Socket Reader #9 for port 15056
2025-04-23 14:39:29,933 [Socket Reader #10 for port 15056] INFO  ipc.Server (Server.java:run(1474)) - Starting Socket Reader #10 for port 15056
2025-04-23 14:39:29,951 [main] INFO  impl.MetricsSystemImpl (MetricsSystemImpl.java:init(158)) - OzoneManager metrics system started (again)
2025-04-23 14:39:29,959 [main] INFO  om.OzoneManager (OzoneManager.java:start(1787)) - OzoneManager RPC server is listening at localhost/127.0.0.1:15056
2025-04-23 14:39:29,960 [main] INFO  ratis.OzoneManagerRatisServer (OzoneManagerRatisServer.java:start(628)) - Starting OzoneManagerRatisServer omNode-3 at port 15059
2025-04-23 14:39:29,960 [omNode-3-impl-thread1] INFO  server.RaftServerConfigKeys (ConfUtils.java:logGet(46)) - raft.server.storage.free-space.min = 0MB (=0) (default)
2025-04-23 14:39:29,960 [omNode-3-impl-thread1] INFO  server.RaftServerConfigKeys (ConfUtils.java:logGet(46)) - raft.server.log.corruption.policy = EXCEPTION (default)
2025-04-23 14:39:29,960 [omNode-3-impl-thread1] INFO  server.RaftServerConfigKeys (ConfUtils.java:logGet(46)) - raft.server.storage.dir = [/home/runner/work/ozone/ozone/hadoop-ozone/integration-test/target/test-dir/MiniOzoneClusterImpl-feea018d-8976-442b-acbc-fedf3986ffa5/omNode-3/ratis] (custom)
2025-04-23 14:39:29,960 [omNode-3-impl-thread1] INFO  storage.RaftStorageDirectory (RaftStorageDirectoryImpl.java:analyzeStorage(138)) - The storage directory /home/runner/work/ozone/ozone/hadoop-ozone/integration-test/target/test-dir/MiniOzoneClusterImpl-feea018d-8976-442b-acbc-fedf3986ffa5/omNode-3/ratis/c9bc4cf4-3bc3-3c60-a66b-523986131536 does not exist. Creating ...
2025-04-23 14:39:29,961 [omNode-3-impl-thread1] INFO  storage.RaftStorageDirectory (RaftStorageDirectoryImpl.java:tryLock(229)) - Lock on /home/runner/work/ozone/ozone/hadoop-ozone/integration-test/target/test-dir/MiniOzoneClusterImpl-feea018d-8976-442b-acbc-fedf3986ffa5/omNode-3/ratis/c9bc4cf4-3bc3-3c60-a66b-523986131536/in_use.lock acquired by nodename 129558@fv-az1120-822
2025-04-23 14:39:29,962 [omNode-3-impl-thread1] INFO  storage.RaftStorage (RaftStorageImpl.java:format(98)) - Storage directory /home/runner/work/ozone/ozone/hadoop-ozone/integration-test/target/test-dir/MiniOzoneClusterImpl-feea018d-8976-442b-acbc-fedf3986ffa5/omNode-3/ratis/c9bc4cf4-3bc3-3c60-a66b-523986131536 has been successfully formatted.
2025-04-23 14:39:29,962 [omNode-3-impl-thread1] INFO  ratis.OzoneManagerStateMachine (OzoneManagerStateMachine.java:lambda$0(138)) - omNode-3: initialize group-523986131536 with (t:0, i:~)
2025-04-23 14:39:29,962 [omNode-3-impl-thread1] INFO  server.RaftServerConfigKeys (ConfUtils.java:logGet(46)) - raft.server.log.use.memory = false (default)
2025-04-23 14:39:29,962 [omNode-3-impl-thread1] INFO  server.RaftServerConfigKeys (ConfUtils.java:logGet(46)) - raft.server.log.purge.gap = 50 (custom)
2025-04-23 14:39:29,962 [omNode-3-impl-thread1] INFO  server.RaftServerConfigKeys (ConfUtils.java:logGet(46)) - raft.server.log.appender.buffer.byte-limit = 4194304 (custom)
2025-04-23 14:39:29,962 [omNode-3-impl-thread1] INFO  server.RaftServerConfigKeys (ConfUtils.java:logGet(46)) - raft.server.log.statemachine.data.read.timeout = 1000ms (default)
2025-04-23 14:39:29,962 [omNode-3-impl-thread1] INFO  server.RaftServerConfigKeys (ConfUtils.java:logGet(46)) - raft.server.log.purge.preservation.log.num = 0 (default)
2025-04-23 14:39:29,963 [omNode-3-impl-thread1] INFO  server.RaftServerConfigKeys (ConfUtils.java:logGet(46)) - raft.server.log.segment.size.max = 4194304 (custom)
2025-04-23 14:39:29,963 [omNode-3-impl-thread1] INFO  server.RaftServerConfigKeys (ConfUtils.java:logGet(46)) - raft.server.log.segment.cache.num.max = 2 (custom)
2025-04-23 14:39:29,963 [omNode-3-impl-thread1] INFO  server.RaftServerConfigKeys (ConfUtils.java:logGet(46)) - raft.server.log.segment.cache.size.max = 200MB (=209715200) (default)
2025-04-23 14:39:29,963 [omNode-3-impl-thread1] INFO  server.RaftServerConfigKeys (ConfUtils.java:logGet(46)) - raft.server.log.appender.buffer.byte-limit = 4194304 (custom)
2025-04-23 14:39:29,964 [omNode-3-impl-thread1] INFO  util.AwaitToRun (AwaitToRun.java:start(81)) - Thread[#8572,omNode-3@group-523986131536-cacheEviction-AwaitToRun,5,main] started
2025-04-23 14:39:29,964 [omNode-3-impl-thread1] INFO  segmented.SegmentedRaftLogWorker (SegmentedRaftLogWorker.java:<init>(188)) - new omNode-3@group-523986131536-SegmentedRaftLogWorker for RaftStorageImpl:Storage Directory /home/runner/work/ozone/ozone/hadoop-ozone/integration-test/target/test-dir/MiniOzoneClusterImpl-feea018d-8976-442b-acbc-fedf3986ffa5/omNode-3/ratis/c9bc4cf4-3bc3-3c60-a66b-523986131536
2025-04-23 14:39:29,964 [omNode-3-impl-thread1] INFO  server.RaftServerConfigKeys (ConfUtils.java:logGet(46)) - raft.server.log.queue.byte-limit = 64MB (=67108864) (default)
2025-04-23 14:39:29,964 [omNode-3-impl-thread1] INFO  server.RaftServerConfigKeys (ConfUtils.java:logGet(46)) - raft.server.log.queue.element-limit = 4096 (default)
2025-04-23 14:39:29,964 [omNode-3-impl-thread1] INFO  server.RaftServerConfigKeys (ConfUtils.java:logGet(46)) - raft.server.log.segment.size.max = 4194304 (custom)
2025-04-23 14:39:29,964 [omNode-3-impl-thread1] INFO  server.RaftServerConfigKeys (ConfUtils.java:logGet(46)) - raft.server.log.preallocated.size = 4194304 (custom)
2025-04-23 14:39:29,964 [omNode-3-impl-thread1] INFO  server.RaftServerConfigKeys (ConfUtils.java:logGet(46)) - raft.server.log.force.sync.num = 128 (default)
2025-04-23 14:39:29,964 [omNode-3-impl-thread1] INFO  server.RaftServerConfigKeys (ConfUtils.java:logGet(46)) - raft.server.log.statemachine.data.sync = true (default)
2025-04-23 14:39:29,964 [omNode-3-impl-thread1] INFO  server.RaftServerConfigKeys (ConfUtils.java:logGet(46)) - raft.server.log.statemachine.data.sync.timeout = 10s (default)
2025-04-23 14:39:29,964 [omNode-3-impl-thread1] INFO  server.RaftServerConfigKeys (ConfUtils.java:logGet(46)) - raft.server.log.statemachine.data.sync.timeout.retry = -1 (default)
2025-04-23 14:39:29,964 [omNode-3-impl-thread1] INFO  server.RaftServerConfigKeys (ConfUtils.java:logGet(46)) - raft.server.log.write.buffer.size = 4194312 (custom)
2025-04-23 14:39:29,967 [omNode-3-impl-thread1] INFO  server.RaftServerConfigKeys (ConfUtils.java:logGet(46)) - raft.server.log.appender.buffer.byte-limit = 4194304 (custom)
2025-04-23 14:39:29,967 [omNode-3-impl-thread1] INFO  server.RaftServerConfigKeys (ConfUtils.java:logGet(46)) - raft.server.log.unsafe-flush.enabled = false (default)
2025-04-23 14:39:29,967 [omNode-3-impl-thread1] INFO  server.RaftServerConfigKeys (ConfUtils.java:logGet(46)) - raft.server.log.async-flush.enabled = false (default)
2025-04-23 14:39:29,967 [omNode-3-impl-thread1] INFO  server.RaftServerConfigKeys (ConfUtils.java:logGet(46)) - raft.server.log.statemachine.data.caching.enabled = false (default)
2025-04-23 14:39:29,967 [omNode-3-impl-thread1] INFO  segmented.SegmentedRaftLogWorker (SegmentedRaftLogWorker.java:lambda$new$0(139)) - omNode-3@group-523986131536-SegmentedRaftLogWorker: flushIndex: setUnconditionally 0 -> -1
2025-04-23 14:39:29,967 [omNode-3-impl-thread1] INFO  segmented.SegmentedRaftLogWorker (SegmentedRaftLogWorker.java:lambda$new$0(139)) - omNode-3@group-523986131536-SegmentedRaftLogWorker: safeCacheEvictIndex: setUnconditionally 0 -> -1
2025-04-23 14:39:29,968 [omNode-3-impl-thread1] INFO  server.RaftServer$Division (RaftServerImpl.java:start(391)) - omNode-3@group-523986131536: start as a follower, conf=conf: {index: -1, cur=peers:[omNode-3|localhost:15059, omNode-1|localhost:15051, omNode-2|localhost:15055]|listeners:[], old=null}
2025-04-23 14:39:29,968 [omNode-3-impl-thread1] INFO  server.RaftServer$Division (RaftServerImpl.java:setRole(378)) - omNode-3@group-523986131536: changes role from      null to FOLLOWER at term 0 for startAsFollower
2025-04-23 14:39:29,968 [omNode-3-impl-thread1] INFO  impl.RoleInfo (RoleInfo.java:updateAndGet(148)) - omNode-3: start omNode-3@group-523986131536-FollowerState
2025-04-23 14:39:29,968 [omNode-3-impl-thread1] INFO  util.JmxRegister (JmxRegister.java:tryRegister(44)) - Successfully registered JMX Bean with object name Ratis:service=RaftServer,group=group-523986131536,id=omNode-3
2025-04-23 14:39:29,968 [omNode-3-impl-thread1] INFO  util.JmxRegister (JmxRegister.java:register(58)) - register mxBean class org.apache.ratis.server.impl.RaftServerJmxAdapter as Ratis:service=RaftServer,group=group-523986131536,id=omNode-3
2025-04-23 14:39:29,968 [omNode-3-impl-thread1] INFO  server.RaftServerConfigKeys (ConfUtils.java:logGet(46)) - raft.server.snapshot.trigger-when-stop.enabled = true (default)
2025-04-23 14:39:29,968 [omNode-3-impl-thread1] INFO  server.RaftServerConfigKeys (ConfUtils.java:logGet(46)) - raft.server.snapshot.trigger-when-remove.enabled = true (default)
2025-04-23 14:39:29,968 [omNode-3-impl-thread1] INFO  server.RaftServerConfigKeys (ConfUtils.java:logGet(46)) - raft.server.snapshot.auto.trigger.enabled = true (custom)
2025-04-23 14:39:29,968 [omNode-3-impl-thread1] INFO  server.RaftServerConfigKeys (ConfUtils.java:logGet(46)) - raft.server.snapshot.auto.trigger.threshold = 50 (custom)
2025-04-23 14:39:29,968 [omNode-3-impl-thread1] INFO  server.RaftServerConfigKeys (ConfUtils.java:logGet(46)) - raft.server.snapshot.retention.file.num = -1 (default)
2025-04-23 14:39:29,968 [omNode-3-impl-thread1] INFO  server.RaftServerConfigKeys (ConfUtils.java:logGet(46)) - raft.server.log.purge.upto.snapshot.index = true (custom)
2025-04-23 14:39:29,968 [omNode-3@group-523986131536-FollowerState] INFO  server.RaftServerConfigKeys (ConfUtils.java:logFallback(53)) - raft.server.rpc.first-election.timeout.min = 1s (fallback to raft.server.rpc.timeout.min)
2025-04-23 14:39:29,969 [omNode-3@group-523986131536-FollowerState] INFO  server.RaftServerConfigKeys (ConfUtils.java:logFallback(53)) - raft.server.rpc.first-election.timeout.max = 1200ms (fallback to raft.server.rpc.timeout.max)
2025-04-23 14:39:29,969 [omNode-3-impl-thread1] INFO  server.RaftServer$Division (RaftServerImpl.java:start(405)) - omNode-3@group-523986131536: Successfully started.
2025-04-23 14:39:29,969 [main] INFO  server.RaftServer (RaftServerProxy.java:startImpl(407)) - omNode-3: start RPC server
2025-04-23 14:39:29,970 [main] INFO  server.GrpcService (GrpcService.java:startImpl(334)) - omNode-3: GrpcService started, listening on 15059
2025-04-23 14:39:29,970 [JvmPauseMonitor45] INFO  util.JvmPauseMonitor (JvmPauseMonitor.java:run(146)) - JvmPauseMonitor-omNode-3: Started
2025-04-23 14:39:29,970 [main] INFO  om.OzoneManager (OzoneManager.java:start(1802)) - Version File has different layout version (8) than OM DB (null). That is expected if this OM has never been finalized to a newer layout version.
2025-04-23 14:39:29,972 [main] INFO  client.ScmTopologyClient (ScmTopologyClient.java:start(70)) - Initial network topology fetched from SCM: /.
2025-04-23 14:39:29,973 [b3e33d86-0447-4fd5-9cd5-f314a86cc755-EndpointStateMachineTaskThread-/0.0.0.0:15002-0 ] INFO  ipc.Client (Client.java:handleConnectionFailure(966)) - Retrying connect to server: 0.0.0.0/0.0.0.0:15002. Already tried 9 time(s); retry policy is RetryUpToMaximumCountWithFixedSleep(maxRetries=15, sleepTime=1000 MILLISECONDS)
2025-04-23 14:39:29,973 [main] INFO  net.NodeSchemaLoader (NodeSchemaLoader.java:loadSchemaFromFile(127)) - Loading schema from [jar:file:/home/runner/work/ozone/ozone/hadoop-hdds/common/target/hdds-common-2.1.0-SNAPSHOT.jar!/network-topology-default.xml]
2025-04-23 14:39:29,973 [main] INFO  net.NodeSchemaLoader (NodeSchemaLoader.java:loadSchema(174)) - Loading network topology layer schema file
2025-04-23 14:39:29,978 [main] INFO  http.BaseHttpServer (BaseHttpServer.java:newHttpServer2BuilderForOzone(229)) - Starting Web-server for ozoneManager at: http://0.0.0.0:15057
2025-04-23 14:39:29,978 [main] INFO  http.BaseHttpServer (BaseHttpServer.java:<init>(107)) - Hadoop Security Enabled: false Ozone Security Enabled: false Ozone HTTP Security Enabled: false 
2025-04-23 14:39:29,979 [main] WARN  server.AuthenticationFilter (AuthenticationFilter.java:constructSecretProvider(240)) - Unable to initialize FileSignerSecretProvider, falling back to use random secrets. Reason: Could not read signature secret file: /home/runner/hadoop-http-auth-signature-secret
2025-04-23 14:39:29,981 [main] INFO  http.HttpServer2 (HttpServer2.java:addGlobalFilter(1041)) - Added global filter 'safety' (class=org.apache.hadoop.hdds.server.http.HttpServer2$QuotingInputFilter)
2025-04-23 14:39:29,981 [main] INFO  http.HttpServer2 (HttpServer2.java:addFilter(1017)) - Added filter static_user_filter (class=org.apache.hadoop.http.lib.StaticUserWebFilter$StaticUserFilter) to context ozoneManager
2025-04-23 14:39:29,981 [main] INFO  http.HttpServer2 (HttpServer2.java:addFilter(1025)) - Added filter static_user_filter (class=org.apache.hadoop.http.lib.StaticUserWebFilter$StaticUserFilter) to context static
2025-04-23 14:39:29,981 [main] INFO  http.HttpServer2 (HttpServer2.java:addFilter(1025)) - Added filter static_user_filter (class=org.apache.hadoop.http.lib.StaticUserWebFilter$StaticUserFilter) to context logs
2025-04-23 14:39:29,982 [main] INFO  http.BaseHttpServer (BaseHttpServer.java:<init>(195)) - HTTP server of ozoneManager uses base directory /home/runner/work/ozone/ozone/hadoop-ozone/integration-test/target/test-dir/MiniOzoneClusterImpl-feea018d-8976-442b-acbc-fedf3986ffa5/omNode-3/webserver
2025-04-23 14:39:29,982 [main] INFO  http.HttpServer2 (HttpServer2.java:bindListener(1241)) - Jetty bound to port 15057
2025-04-23 14:39:29,982 [main] INFO  server.Server (Server.java:doStart(375)) - jetty-9.4.57.v20241219; built: 2025-01-08T21:24:30.412Z; git: df524e6b29271c2e09ba9aea83c18dc9db464a31; jvm 21.0.7+6-LTS
2025-04-23 14:39:29,984 [main] INFO  server.session (DefaultSessionIdManager.java:doStart(334)) - DefaultSessionIdManager workerName=node0
2025-04-23 14:39:29,984 [main] INFO  server.session (DefaultSessionIdManager.java:doStart(339)) - No SessionScavenger set, using defaults
2025-04-23 14:39:29,984 [main] INFO  server.session (HouseKeeper.java:startScavenging(132)) - node0 Scavenging every 660000ms
2025-04-23 14:39:29,985 [main] INFO  handler.ContextHandler (ContextHandler.java:doStart(921)) - Started o.e.j.s.ServletContextHandler@64319046{logs,/logs,file:///home/runner/work/ozone/ozone/hadoop-ozone/integration-test/target/log,AVAILABLE}
2025-04-23 14:39:29,985 [main] INFO  handler.ContextHandler (ContextHandler.java:doStart(921)) - Started o.e.j.s.ServletContextHandler@2838817a{static,/static,file:///home/runner/work/ozone/ozone/hadoop-ozone/integration-test/target/test-classes/webapps/static,AVAILABLE}
2025-04-23 14:39:29,989 [main] INFO  handler.ContextHandler (ContextHandler.java:doStart(921)) - Started o.e.j.w.WebAppContext@5e7172f1{ozoneManager,/,file:///home/runner/work/ozone/ozone/hadoop-ozone/integration-test/target/test-classes/webapps/ozoneManager/,AVAILABLE}{file:/home/runner/work/ozone/ozone/hadoop-ozone/integration-test/target/test-classes/webapps/ozoneManager}
2025-04-23 14:39:29,989 [main] INFO  server.AbstractConnector (AbstractConnector.java:doStart(333)) - Started ServerConnector@6ff867e7{HTTP/1.1, (http/1.1)}{0.0.0.0:15057}
2025-04-23 14:39:29,989 [main] INFO  server.Server (Server.java:doStart(415)) - Started @170268ms
2025-04-23 14:39:29,989 [main] WARN  impl.MetricsSystemImpl (MetricsSystemImpl.java:register(279)) - Sink prometheus already exists!
2025-04-23 14:39:29,990 [main] INFO  http.BaseHttpServer (BaseHttpServer.java:updateConnectorAddress(360)) - HTTP server of ozoneManager listening at http://0.0.0.0:15057
2025-04-23 14:39:29,990 [IPC Server Responder] INFO  ipc.Server (Server.java:run(1713)) - IPC Server Responder: starting
2025-04-23 14:39:29,990 [IPC Server listener on 15056] INFO  ipc.Server (Server.java:run(1553)) - IPC Server listener on 15056: starting
2025-04-23 14:39:29,992 [main] INFO  om.OzoneManager (OzoneManager.java:startTrashEmptier(2257)) - Trash Interval set to 0. Files deleted won't move to trash
2025-04-23 14:39:29,992 [main] INFO  ozone.MiniOzoneHAClusterImpl (MiniOzoneHAClusterImpl.java:createOMService(516)) - Started OzoneManager omNode-3 RPC server at localhost/127.0.0.1:15056
2025-04-23 14:39:30,002 [main] WARN  dropwizard3.Dm3MetricRegistriesImpl (Dm3MetricRegistriesImpl.java:addReporterRegistration(114)) - New reporters are added after registries were created. Some metrics will be missing from the reporter. Please add reporter before adding any new registry.
2025-04-23 14:39:30,002 [main] WARN  dropwizard3.Dm3MetricRegistriesImpl (Dm3MetricRegistriesImpl.java:addReporterRegistration(114)) - New reporters are added after registries were created. Some metrics will be missing from the reporter. Please add reporter before adding any new registry.
2025-04-23 14:39:30,002 [main] INFO  impl.MetricsSystemImpl (MetricsSystemImpl.java:init(158)) - HddsDatanode metrics system started (again)
2025-04-23 14:39:30,011 [main] INFO  protocol.DatanodeDetails (DatanodeDetails.java:validateDatanodeIpAddress(199)) - Updating IP address of datanode b100e076-0476-452f-b9c4-da313a68c752(fv-az1120-822.mg4m5ltoorkeplnhtot4p0wula.cx.internal.cloudapp.net/null) to 10.1.0.114
2025-04-23 14:39:30,011 [main] INFO  ozone.HddsDatanodeService (HddsDatanodeService.java:start(234)) - HddsDatanodeService b100e076-0476-452f-b9c4-da313a68c752(fv-az1120-822.mg4m5ltoorkeplnhtot4p0wula.cx.internal.cloudapp.net/10.1.0.114)
2025-04-23 14:39:30,014 [main] INFO  upgrade.AbstractLayoutVersionManager (AbstractLayoutVersionManager.java:init(80)) - Initializing Layout version manager with metadata layout = HBASE_SUPPORT (version = 8), software layout = HBASE_SUPPORT (version = 8)
2025-04-23 14:39:30,014 [main] INFO  statemachine.DatanodeStateMachine (DatanodeStateMachine.java:getEndPointTaskThreadPoolSize(297)) - Datanode State Machine Task Thread Pool size 2
2025-04-23 14:39:30,017 [main] INFO  volume.HddsVolume (HddsVolume.java:<init>(158)) - HddsVolume: { id=DS-b70cb15c-44c5-44ee-b444-b8cfbe9b8bd2 dir=/home/runner/work/ozone/ozone/hadoop-ozone/integration-test/target/test-dir/MiniOzoneClusterImpl-feea018d-8976-442b-acbc-fedf3986ffa5/ozone-meta/datanode-1/data-0/hdds type=DISK capacity=9222449699674390527 used=0 available=9222449699674390527 minFree=5368709120 committed=0 }
2025-04-23 14:39:30,017 [main] INFO  volume.MutableVolumeSet (MutableVolumeSet.java:initializeVolumeSet(166)) - Added Volume : /home/runner/work/ozone/ozone/hadoop-ozone/integration-test/target/test-dir/MiniOzoneClusterImpl-feea018d-8976-442b-acbc-fedf3986ffa5/ozone-meta/datanode-1/data-0/hdds to VolumeSet
2025-04-23 14:39:30,018 [main] INFO  volume.MutableVolumeSet (MutableVolumeSet.java:initializeVolumeSet(166)) - Added Volume : /home/runner/work/ozone/ozone/hadoop-ozone/integration-test/target/test-dir/MiniOzoneClusterImpl-feea018d-8976-442b-acbc-fedf3986ffa5/ozone-meta/datanode-1/ratis to VolumeSet
2025-04-23 14:39:30,018 [main] INFO  ozoneimpl.OzoneContainer (HddsVolumeUtil.java:loadAllHddsVolumeDbStore(102)) - Load 1 volumes DbStore cost: 0ms
2025-04-23 14:39:30,019 [main] WARN  db.DBStoreBuilder (DBStoreBuilder.java:getDBDirPath(167)) - ozone.scm.datanode.id.dir is not configured. We recommend adding this setting. Falling back to ozone.metadata.dirs instead.
2025-04-23 14:39:30,019 [main] WARN  db.DBStoreBuilder (DBStoreBuilder.java:getDBDirPath(167)) - ozone.scm.datanode.id.dir is not configured. We recommend adding this setting. Falling back to ozone.metadata.dirs instead.
2025-04-23 14:39:30,033 [main] INFO  impl.FilePerChunkStrategy (FilePerChunkStrategy.java:<init>(79)) - ozone.chunk.read.mapped.buffer.max.count is load with 0
2025-04-23 14:39:30,033 [main] INFO  impl.FilePerBlockStrategy (FilePerBlockStrategy.java:<init>(87)) - ozone.chunk.read.mapped.buffer.max.count is load with 0
2025-04-23 14:39:30,034 [main] INFO  server.RaftServerConfigKeys (ConfUtils.java:logGet(46)) - raft.server.log.appender.buffer.byte-limit = 33554432 (custom)
2025-04-23 14:39:30,034 [main] INFO  server.RaftServer (ConfUtils.java:logGet(46)) - raft.rpc.type = GRPC (default)
2025-04-23 14:39:30,035 [main] INFO  grpc.GrpcConfigKeys (ConfUtils.java:logFallback(53)) - raft.grpc.admin.host = null (fallback to raft.grpc.server.host)
2025-04-23 14:39:30,035 [main] INFO  grpc.GrpcConfigKeys (ConfUtils.java:logGet(46)) - raft.grpc.admin.port = 15064 (custom)
2025-04-23 14:39:30,035 [main] INFO  grpc.GrpcConfigKeys (ConfUtils.java:logFallback(53)) - raft.grpc.client.host = null (fallback to raft.grpc.server.host)
2025-04-23 14:39:30,035 [main] INFO  grpc.GrpcConfigKeys (ConfUtils.java:logGet(46)) - raft.grpc.client.port = 15063 (custom)
2025-04-23 14:39:30,035 [main] INFO  grpc.GrpcConfigKeys (ConfUtils.java:logGet(46)) - raft.grpc.server.host = null (default)
2025-04-23 14:39:30,035 [main] INFO  grpc.GrpcConfigKeys (ConfUtils.java:logGet(46)) - raft.grpc.server.port = 15065 (custom)
2025-04-23 14:39:30,035 [main] INFO  server.GrpcService (ConfUtils.java:logGet(46)) - raft.grpc.message.size.max = 34603008 (custom)
2025-04-23 14:39:30,035 [main] INFO  server.GrpcService (ConfUtils.java:logGet(46)) - raft.grpc.flow.control.window = 5MB (=5242880) (custom)
2025-04-23 14:39:30,035 [main] INFO  server.RaftServerConfigKeys (ConfUtils.java:logGet(46)) - raft.server.rpc.request.timeout = 60s (custom)
2025-04-23 14:39:30,035 [main] INFO  grpc.GrpcConfigKeys (ConfUtils.java:logGet(46)) - raft.grpc.server.heartbeat.channel = true (default)
2025-04-23 14:39:30,035 [main] INFO  server.RaftServerConfigKeys (ConfUtils.java:logGet(46)) - raft.server.log.appender.buffer.byte-limit = 33554432 (custom)
2025-04-23 14:39:30,036 [main] INFO  grpc.GrpcConfigKeys (ConfUtils.java:logGet(46)) - raft.grpc.server.async.request.thread.pool.cached = true (default)
2025-04-23 14:39:30,036 [main] INFO  grpc.GrpcConfigKeys (ConfUtils.java:logGet(46)) - raft.grpc.server.async.request.thread.pool.size = 32 (default)
2025-04-23 14:39:30,037 [main] INFO  impl.DataStreamServerImpl (ConfUtils.java:logGet(46)) - raft.datastream.type = NETTY (custom)
2025-04-23 14:39:30,037 [main] INFO  server.RaftServerConfigKeys (ConfUtils.java:logGet(46)) - raft.server.data-stream.async.request.thread.pool.cached = false (default)
2025-04-23 14:39:30,037 [main] INFO  server.RaftServerConfigKeys (ConfUtils.java:logGet(46)) - raft.server.data-stream.async.request.thread.pool.size = 20 (custom)
2025-04-23 14:39:30,037 [main] INFO  server.RaftServerConfigKeys (ConfUtils.java:logGet(46)) - raft.server.data-stream.async.write.thread.pool.size = 16 (default)
2025-04-23 14:39:30,037 [main] INFO  netty.NettyConfigKeys$DataStream (ConfUtils.java:logGet(46)) - raft.netty.dataStream.server.channel.inactive.grace-period = 10min (default)
2025-04-23 14:39:30,037 [main] INFO  server.RaftServerConfigKeys (ConfUtils.java:logGet(46)) - raft.server.data-stream.client.pool.size = 10 (default)
2025-04-23 14:39:30,037 [main] INFO  netty.NettyConfigKeys$DataStream (ConfUtils.java:logGet(46)) - raft.netty.dataStream.server.use-epoll = true (default)
2025-04-23 14:39:30,037 [main] INFO  netty.NettyConfigKeys$DataStream (ConfUtils.java:logGet(46)) - raft.netty.dataStream.server.boss-group.size = 0 (default)
2025-04-23 14:39:30,037 [main] INFO  netty.NettyUtils (NettyUtils.java:newEventLoopGroup(74)) - Create EpollEventLoopGroup for b100e076-0476-452f-b9c4-da313a68c752-NettyServerStreamRpc-bossGroup; Thread size is 0.
2025-04-23 14:39:30,038 [main] INFO  netty.NettyConfigKeys$DataStream (ConfUtils.java:logGet(46)) - raft.netty.dataStream.server.worker-group.size = 0 (default)
2025-04-23 14:39:30,038 [main] INFO  netty.NettyUtils (NettyUtils.java:newEventLoopGroup(74)) - Create EpollEventLoopGroup for b100e076-0476-452f-b9c4-da313a68c752-NettyServerStreamRpc-workerGroup; Thread size is 0.
2025-04-23 14:39:30,038 [main] INFO  netty.NettyConfigKeys$DataStream (ConfUtils.java:logGet(46)) - raft.netty.dataStream.server.tls.conf = null (default)
2025-04-23 14:39:30,038 [main] INFO  netty.NettyConfigKeys$DataStream (ConfUtils.java:logGet(46)) - raft.netty.dataStream.host = null (default)
2025-04-23 14:39:30,038 [main] INFO  netty.NettyConfigKeys$DataStream (ConfUtils.java:logGet(46)) - raft.netty.dataStream.port = 15066 (custom)
2025-04-23 14:39:30,039 [main] INFO  server.RaftServerConfigKeys (ConfUtils.java:logGet(46)) - raft.server.sleep.deviation.threshold = 300ms (default)
2025-04-23 14:39:30,039 [main] INFO  server.RaftServerConfigKeys (ConfUtils.java:logGet(46)) - raft.server.close.threshold = 60s (default)
2025-04-23 14:39:30,039 [main] INFO  server.RaftServerConfigKeys (ConfUtils.java:logGet(46)) - raft.server.leaderelection.leader.step-down.wait-time = 10s (default)
2025-04-23 14:39:30,039 [main] INFO  server.RaftServerConfigKeys (ConfUtils.java:logGet(46)) - raft.server.storage.dir = [/home/runner/work/ozone/ozone/hadoop-ozone/integration-test/target/test-dir/MiniOzoneClusterImpl-feea018d-8976-442b-acbc-fedf3986ffa5/ozone-meta/datanode-1/ratis] (custom)
2025-04-23 14:39:30,039 [main] INFO  server.RaftServerConfigKeys (ConfUtils.java:logGet(46)) - raft.server.threadpool.proxy.cached = true (default)
2025-04-23 14:39:30,039 [main] INFO  server.RaftServerConfigKeys (ConfUtils.java:logGet(46)) - raft.server.threadpool.proxy.size = 0 (default)
2025-04-23 14:39:30,039 [b100e076-0476-452f-b9c4-da313a68c752-NettyServerStreamRpc-bossGroup--thread1] INFO  logging.LoggingHandler (AbstractInternalLogger.java:log(148)) - [id: 0xfedfc1bd] REGISTERED
2025-04-23 14:39:30,040 [b100e076-0476-452f-b9c4-da313a68c752-NettyServerStreamRpc-bossGroup--thread1] INFO  logging.LoggingHandler (AbstractInternalLogger.java:log(148)) - [id: 0xfedfc1bd] BIND: 0.0.0.0/0.0.0.0:15066
2025-04-23 14:39:30,040 [b100e076-0476-452f-b9c4-da313a68c752-impl-thread1] INFO  server.RaftServer (RaftServerProxy.java:initGroupDir(265)) - b100e076-0476-452f-b9c4-da313a68c752: found a subdirectory /home/runner/work/ozone/ozone/hadoop-ozone/integration-test/target/test-dir/MiniOzoneClusterImpl-feea018d-8976-442b-acbc-fedf3986ffa5/ozone-meta/datanode-1/ratis/tmp
2025-04-23 14:39:30,040 [b100e076-0476-452f-b9c4-da313a68c752-NettyServerStreamRpc-bossGroup--thread1] INFO  logging.LoggingHandler (AbstractInternalLogger.java:log(148)) - [id: 0xfedfc1bd, L:/0.0.0.0:15066] ACTIVE
2025-04-23 14:39:30,040 [b100e076-0476-452f-b9c4-da313a68c752-impl-thread1] INFO  server.RaftServer (RaftServerProxy.java:initGroupDir(270)) - b100e076-0476-452f-b9c4-da313a68c752: The directory /home/runner/work/ozone/ozone/hadoop-ozone/integration-test/target/test-dir/MiniOzoneClusterImpl-feea018d-8976-442b-acbc-fedf3986ffa5/ozone-meta/datanode-1/ratis/tmp is not a group directory; ignoring it. 
2025-04-23 14:39:30,040 [main] INFO  replication.ReplicationServer (ReplicationServer.java:<init>(84)) - Initializing replication server with thread count = 10 queue length = 4096
2025-04-23 14:39:30,041 [main] INFO  server.XceiverServerGrpc (XceiverServerGrpc.java:<init>(131)) - GrpcServer channel type EpollServerSocketChannel
2025-04-23 14:39:30,042 [main] INFO  replication.ReplicationSupervisor (ReplicationSupervisor.java:build(169)) - Initializing replication supervisor with thread count = 10
2025-04-23 14:39:30,042 [main] INFO  replication.ReplicationSupervisor (ReplicationSupervisor.java:nodeStateUpdated(358)) - Node state updated to IN_SERVICE, scaling executor pool size to 10
2025-04-23 14:39:30,044 [main] INFO  http.BaseHttpServer (BaseHttpServer.java:newHttpServer2BuilderForOzone(229)) - Starting Web-server for hddsDatanode at: http://0.0.0.0:15060
2025-04-23 14:39:30,044 [main] INFO  http.BaseHttpServer (BaseHttpServer.java:<init>(107)) - Hadoop Security Enabled: false Ozone Security Enabled: false Ozone HTTP Security Enabled: false 
2025-04-23 14:39:30,045 [main] WARN  server.AuthenticationFilter (AuthenticationFilter.java:constructSecretProvider(240)) - Unable to initialize FileSignerSecretProvider, falling back to use random secrets. Reason: Could not read signature secret file: /home/runner/hadoop-http-auth-signature-secret
2025-04-23 14:39:30,046 [main] INFO  http.HttpServer2 (HttpServer2.java:addGlobalFilter(1041)) - Added global filter 'safety' (class=org.apache.hadoop.hdds.server.http.HttpServer2$QuotingInputFilter)
2025-04-23 14:39:30,047 [main] INFO  http.HttpServer2 (HttpServer2.java:addFilter(1017)) - Added filter static_user_filter (class=org.apache.hadoop.http.lib.StaticUserWebFilter$StaticUserFilter) to context hddsDatanode
2025-04-23 14:39:30,047 [main] INFO  http.HttpServer2 (HttpServer2.java:addFilter(1025)) - Added filter static_user_filter (class=org.apache.hadoop.http.lib.StaticUserWebFilter$StaticUserFilter) to context logs
2025-04-23 14:39:30,047 [main] INFO  http.HttpServer2 (HttpServer2.java:addFilter(1025)) - Added filter static_user_filter (class=org.apache.hadoop.http.lib.StaticUserWebFilter$StaticUserFilter) to context static
2025-04-23 14:39:30,047 [main] INFO  http.BaseHttpServer (BaseHttpServer.java:<init>(195)) - HTTP server of hddsDatanode uses base directory /home/runner/work/ozone/ozone/hadoop-ozone/integration-test/target/test-dir/MiniOzoneClusterImpl-feea018d-8976-442b-acbc-fedf3986ffa5/ozone-meta/datanode-1/meta/webserver
2025-04-23 14:39:30,047 [main] INFO  http.HttpServer2 (HttpServer2.java:bindListener(1241)) - Jetty bound to port 15060
2025-04-23 14:39:30,047 [main] INFO  server.Server (Server.java:doStart(375)) - jetty-9.4.57.v20241219; built: 2025-01-08T21:24:30.412Z; git: df524e6b29271c2e09ba9aea83c18dc9db464a31; jvm 21.0.7+6-LTS
2025-04-23 14:39:30,048 [main] INFO  server.session (DefaultSessionIdManager.java:doStart(334)) - DefaultSessionIdManager workerName=node0
2025-04-23 14:39:30,049 [main] INFO  server.session (DefaultSessionIdManager.java:doStart(339)) - No SessionScavenger set, using defaults
2025-04-23 14:39:30,049 [main] INFO  server.session (HouseKeeper.java:startScavenging(132)) - node0 Scavenging every 600000ms
2025-04-23 14:39:30,049 [main] INFO  handler.ContextHandler (ContextHandler.java:doStart(921)) - Started o.e.j.s.ServletContextHandler@19f76837{logs,/logs,file:///home/runner/work/ozone/ozone/hadoop-ozone/integration-test/target/log,AVAILABLE}
2025-04-23 14:39:30,049 [main] INFO  handler.ContextHandler (ContextHandler.java:doStart(921)) - Started o.e.j.s.ServletContextHandler@412fda49{static,/static,jar:file:/home/runner/work/ozone/ozone/hadoop-hdds/container-service/target/hdds-container-service-2.1.0-SNAPSHOT.jar!/webapps/static,AVAILABLE}
2025-04-23 14:39:30,185 [main] INFO  handler.ContextHandler (ContextHandler.java:doStart(921)) - Started o.e.j.w.WebAppContext@7776d644{hddsDatanode,/,file:///home/runner/work/ozone/ozone/hadoop-ozone/integration-test/target/test-dir/MiniOzoneClusterImpl-feea018d-8976-442b-acbc-fedf3986ffa5/ozone-meta/datanode-1/meta/webserver/jetty-0_0_0_0-15060-hdds-container-service-2_1_0-SNAPSHOT_jar-_-any-6736057225095466265/webapp/,AVAILABLE}{jar:file:/home/runner/work/ozone/ozone/hadoop-hdds/container-service/target/hdds-container-service-2.1.0-SNAPSHOT.jar!/webapps/hddsDatanode}
2025-04-23 14:39:30,186 [main] INFO  server.AbstractConnector (AbstractConnector.java:doStart(333)) - Started ServerConnector@c1b582c{HTTP/1.1, (http/1.1)}{0.0.0.0:15060}
2025-04-23 14:39:30,186 [main] INFO  server.Server (Server.java:doStart(415)) - Started @170465ms
2025-04-23 14:39:30,186 [main] WARN  impl.MetricsSystemImpl (MetricsSystemImpl.java:register(279)) - Sink prometheus already exists!
2025-04-23 14:39:30,187 [main] INFO  http.BaseHttpServer (BaseHttpServer.java:updateConnectorAddress(360)) - HTTP server of hddsDatanode listening at http://0.0.0.0:15060
2025-04-23 14:39:30,187 [main] INFO  ipc.CallQueueManager (CallQueueManager.java:<init>(93)) - Using callQueue: class java.util.concurrent.LinkedBlockingQueue, queueCapacity: 1000, scheduler: class org.apache.hadoop.ipc.DefaultRpcScheduler, ipcBackoff: false, ipcFailOver: false.
2025-04-23 14:39:30,187 [main] INFO  ipc.Server (Server.java:<init>(1438)) - Listener at 0.0.0.0:15061
2025-04-23 14:39:30,188 [Socket Reader #1 for port 15061] INFO  ipc.Server (Server.java:run(1474)) - Starting Socket Reader #1 for port 15061
2025-04-23 14:39:30,188 [Socket Reader #2 for port 15061] INFO  ipc.Server (Server.java:run(1474)) - Starting Socket Reader #2 for port 15061
2025-04-23 14:39:30,188 [Socket Reader #3 for port 15061] INFO  ipc.Server (Server.java:run(1474)) - Starting Socket Reader #3 for port 15061
2025-04-23 14:39:30,189 [Socket Reader #4 for port 15061] INFO  ipc.Server (Server.java:run(1474)) - Starting Socket Reader #4 for port 15061
2025-04-23 14:39:30,189 [Socket Reader #6 for port 15061] INFO  ipc.Server (Server.java:run(1474)) - Starting Socket Reader #6 for port 15061
2025-04-23 14:39:30,189 [Socket Reader #5 for port 15061] INFO  ipc.Server (Server.java:run(1474)) - Starting Socket Reader #5 for port 15061
2025-04-23 14:39:30,190 [Socket Reader #7 for port 15061] INFO  ipc.Server (Server.java:run(1474)) - Starting Socket Reader #7 for port 15061
2025-04-23 14:39:30,190 [Socket Reader #8 for port 15061] INFO  ipc.Server (Server.java:run(1474)) - Starting Socket Reader #8 for port 15061
2025-04-23 14:39:30,190 [Socket Reader #9 for port 15061] INFO  ipc.Server (Server.java:run(1474)) - Starting Socket Reader #9 for port 15061
2025-04-23 14:39:30,190 [Socket Reader #10 for port 15061] INFO  ipc.Server (Server.java:run(1474)) - Starting Socket Reader #10 for port 15061
2025-04-23 14:39:30,191 [main] INFO  ozone.HddsDatanodeService (HddsDatanodeService.java:start(325)) - Datanode start with admins: [*, runner]
2025-04-23 14:39:30,192 [main] INFO  ozone.HddsDatanodeClientProtocolServer (HddsDatanodeClientProtocolServer.java:start(76)) - RPC server for Client /0.0.0.0:15061
2025-04-23 14:39:30,192 [IPC Server Responder] INFO  ipc.Server (Server.java:run(1713)) - IPC Server Responder: starting
2025-04-23 14:39:30,192 [IPC Server listener on 15061] INFO  ipc.Server (Server.java:run(1553)) - IPC Server listener on 15061: starting
2025-04-23 14:39:30,193 [main] WARN  dropwizard3.Dm3MetricRegistriesImpl (Dm3MetricRegistriesImpl.java:addReporterRegistration(114)) - New reporters are added after registries were created. Some metrics will be missing from the reporter. Please add reporter before adding any new registry.
2025-04-23 14:39:30,194 [main] WARN  dropwizard3.Dm3MetricRegistriesImpl (Dm3MetricRegistriesImpl.java:addReporterRegistration(114)) - New reporters are added after registries were created. Some metrics will be missing from the reporter. Please add reporter before adding any new registry.
2025-04-23 14:39:30,194 [main] INFO  impl.MetricsSystemImpl (MetricsSystemImpl.java:init(158)) - HddsDatanode metrics system started (again)
2025-04-23 14:39:30,194 [b100e076-0476-452f-b9c4-da313a68c752-DatanodeStateMachineDaemonThread] INFO  statemachine.DatanodeStateMachine (DatanodeStateMachine.java:startStateMachineThread(340)) - Ozone container server started.
2025-04-23 14:39:30,199 [b100e076-0476-452f-b9c4-da313a68c752-DatanodeStateMachineTaskThread-0] INFO  datanode.InitDatanodeState (InitDatanodeState.java:persistContainerDatanodeDetails(139)) - DatanodeDetails is persisted to /home/runner/work/ozone/ozone/hadoop-ozone/integration-test/target/test-dir/MiniOzoneClusterImpl-feea018d-8976-442b-acbc-fedf3986ffa5/ozone-meta/datanode-1/meta/datanode.id
2025-04-23 14:39:30,204 [main] INFO  protocol.DatanodeDetails (DatanodeDetails.java:validateDatanodeIpAddress(199)) - Updating IP address of datanode b2165e39-3e51-4fdf-a7c8-80f70bfd3a27(fv-az1120-822.mg4m5ltoorkeplnhtot4p0wula.cx.internal.cloudapp.net/null) to 10.1.0.114
2025-04-23 14:39:30,204 [main] INFO  ozone.HddsDatanodeService (HddsDatanodeService.java:start(234)) - HddsDatanodeService b2165e39-3e51-4fdf-a7c8-80f70bfd3a27(fv-az1120-822.mg4m5ltoorkeplnhtot4p0wula.cx.internal.cloudapp.net/10.1.0.114)
2025-04-23 14:39:30,206 [main] INFO  upgrade.AbstractLayoutVersionManager (AbstractLayoutVersionManager.java:init(80)) - Initializing Layout version manager with metadata layout = HBASE_SUPPORT (version = 8), software layout = HBASE_SUPPORT (version = 8)
2025-04-23 14:39:30,206 [main] INFO  statemachine.DatanodeStateMachine (DatanodeStateMachine.java:getEndPointTaskThreadPoolSize(297)) - Datanode State Machine Task Thread Pool size 2
2025-04-23 14:39:30,208 [main] INFO  volume.HddsVolume (HddsVolume.java:<init>(158)) - HddsVolume: { id=DS-8a7f0d14-0204-408e-b239-ff2a89b5948c dir=/home/runner/work/ozone/ozone/hadoop-ozone/integration-test/target/test-dir/MiniOzoneClusterImpl-feea018d-8976-442b-acbc-fedf3986ffa5/ozone-meta/datanode-2/data-0/hdds type=DISK capacity=9222449699674390527 used=0 available=9222449699674390527 minFree=5368709120 committed=0 }
2025-04-23 14:39:30,208 [main] INFO  volume.MutableVolumeSet (MutableVolumeSet.java:initializeVolumeSet(166)) - Added Volume : /home/runner/work/ozone/ozone/hadoop-ozone/integration-test/target/test-dir/MiniOzoneClusterImpl-feea018d-8976-442b-acbc-fedf3986ffa5/ozone-meta/datanode-2/data-0/hdds to VolumeSet
2025-04-23 14:39:30,209 [main] INFO  volume.MutableVolumeSet (MutableVolumeSet.java:initializeVolumeSet(166)) - Added Volume : /home/runner/work/ozone/ozone/hadoop-ozone/integration-test/target/test-dir/MiniOzoneClusterImpl-feea018d-8976-442b-acbc-fedf3986ffa5/ozone-meta/datanode-2/ratis to VolumeSet
2025-04-23 14:39:30,209 [main] INFO  ozoneimpl.OzoneContainer (HddsVolumeUtil.java:loadAllHddsVolumeDbStore(102)) - Load 1 volumes DbStore cost: 1ms
2025-04-23 14:39:30,210 [main] WARN  db.DBStoreBuilder (DBStoreBuilder.java:getDBDirPath(167)) - ozone.scm.datanode.id.dir is not configured. We recommend adding this setting. Falling back to ozone.metadata.dirs instead.
2025-04-23 14:39:30,211 [main] WARN  db.DBStoreBuilder (DBStoreBuilder.java:getDBDirPath(167)) - ozone.scm.datanode.id.dir is not configured. We recommend adding this setting. Falling back to ozone.metadata.dirs instead.
2025-04-23 14:39:30,228 [main] INFO  impl.FilePerChunkStrategy (FilePerChunkStrategy.java:<init>(79)) - ozone.chunk.read.mapped.buffer.max.count is load with 0
2025-04-23 14:39:30,228 [main] INFO  impl.FilePerBlockStrategy (FilePerBlockStrategy.java:<init>(87)) - ozone.chunk.read.mapped.buffer.max.count is load with 0
2025-04-23 14:39:30,229 [main] INFO  server.RaftServerConfigKeys (ConfUtils.java:logGet(46)) - raft.server.log.appender.buffer.byte-limit = 33554432 (custom)
2025-04-23 14:39:30,230 [main] INFO  server.RaftServer (ConfUtils.java:logGet(46)) - raft.rpc.type = GRPC (default)
2025-04-23 14:39:30,230 [main] INFO  grpc.GrpcConfigKeys (ConfUtils.java:logFallback(53)) - raft.grpc.admin.host = null (fallback to raft.grpc.server.host)
2025-04-23 14:39:30,230 [main] INFO  grpc.GrpcConfigKeys (ConfUtils.java:logGet(46)) - raft.grpc.admin.port = 15072 (custom)
2025-04-23 14:39:30,231 [main] INFO  grpc.GrpcConfigKeys (ConfUtils.java:logFallback(53)) - raft.grpc.client.host = null (fallback to raft.grpc.server.host)
2025-04-23 14:39:30,231 [main] INFO  grpc.GrpcConfigKeys (ConfUtils.java:logGet(46)) - raft.grpc.client.port = 15071 (custom)
2025-04-23 14:39:30,231 [main] INFO  grpc.GrpcConfigKeys (ConfUtils.java:logGet(46)) - raft.grpc.server.host = null (default)
2025-04-23 14:39:30,231 [main] INFO  grpc.GrpcConfigKeys (ConfUtils.java:logGet(46)) - raft.grpc.server.port = 15073 (custom)
2025-04-23 14:39:30,231 [main] INFO  server.GrpcService (ConfUtils.java:logGet(46)) - raft.grpc.message.size.max = 34603008 (custom)
2025-04-23 14:39:30,231 [main] INFO  server.GrpcService (ConfUtils.java:logGet(46)) - raft.grpc.flow.control.window = 5MB (=5242880) (custom)
2025-04-23 14:39:30,231 [main] INFO  server.RaftServerConfigKeys (ConfUtils.java:logGet(46)) - raft.server.rpc.request.timeout = 60s (custom)
2025-04-23 14:39:30,231 [main] INFO  grpc.GrpcConfigKeys (ConfUtils.java:logGet(46)) - raft.grpc.server.heartbeat.channel = true (default)
2025-04-23 14:39:30,231 [main] INFO  server.RaftServerConfigKeys (ConfUtils.java:logGet(46)) - raft.server.log.appender.buffer.byte-limit = 33554432 (custom)
2025-04-23 14:39:30,231 [main] INFO  grpc.GrpcConfigKeys (ConfUtils.java:logGet(46)) - raft.grpc.server.async.request.thread.pool.cached = true (default)
2025-04-23 14:39:30,231 [main] INFO  grpc.GrpcConfigKeys (ConfUtils.java:logGet(46)) - raft.grpc.server.async.request.thread.pool.size = 32 (default)
2025-04-23 14:39:30,232 [main] INFO  impl.DataStreamServerImpl (ConfUtils.java:logGet(46)) - raft.datastream.type = NETTY (custom)
2025-04-23 14:39:30,233 [main] INFO  server.RaftServerConfigKeys (ConfUtils.java:logGet(46)) - raft.server.data-stream.async.request.thread.pool.cached = false (default)
2025-04-23 14:39:30,233 [main] INFO  server.RaftServerConfigKeys (ConfUtils.java:logGet(46)) - raft.server.data-stream.async.request.thread.pool.size = 20 (custom)
2025-04-23 14:39:30,233 [main] INFO  server.RaftServerConfigKeys (ConfUtils.java:logGet(46)) - raft.server.data-stream.async.write.thread.pool.size = 16 (default)
2025-04-23 14:39:30,233 [main] INFO  netty.NettyConfigKeys$DataStream (ConfUtils.java:logGet(46)) - raft.netty.dataStream.server.channel.inactive.grace-period = 10min (default)
2025-04-23 14:39:30,233 [main] INFO  server.RaftServerConfigKeys (ConfUtils.java:logGet(46)) - raft.server.data-stream.client.pool.size = 10 (default)
2025-04-23 14:39:30,233 [main] INFO  netty.NettyConfigKeys$DataStream (ConfUtils.java:logGet(46)) - raft.netty.dataStream.server.use-epoll = true (default)
2025-04-23 14:39:30,233 [main] INFO  netty.NettyConfigKeys$DataStream (ConfUtils.java:logGet(46)) - raft.netty.dataStream.server.boss-group.size = 0 (default)
2025-04-23 14:39:30,233 [main] INFO  netty.NettyUtils (NettyUtils.java:newEventLoopGroup(74)) - Create EpollEventLoopGroup for b2165e39-3e51-4fdf-a7c8-80f70bfd3a27-NettyServerStreamRpc-bossGroup; Thread size is 0.
2025-04-23 14:39:30,234 [main] INFO  netty.NettyConfigKeys$DataStream (ConfUtils.java:logGet(46)) - raft.netty.dataStream.server.worker-group.size = 0 (default)
2025-04-23 14:39:30,234 [main] INFO  netty.NettyUtils (NettyUtils.java:newEventLoopGroup(74)) - Create EpollEventLoopGroup for b2165e39-3e51-4fdf-a7c8-80f70bfd3a27-NettyServerStreamRpc-workerGroup; Thread size is 0.
2025-04-23 14:39:30,234 [main] INFO  netty.NettyConfigKeys$DataStream (ConfUtils.java:logGet(46)) - raft.netty.dataStream.server.tls.conf = null (default)
2025-04-23 14:39:30,234 [main] INFO  netty.NettyConfigKeys$DataStream (ConfUtils.java:logGet(46)) - raft.netty.dataStream.host = null (default)
2025-04-23 14:39:30,234 [main] INFO  netty.NettyConfigKeys$DataStream (ConfUtils.java:logGet(46)) - raft.netty.dataStream.port = 15074 (custom)
2025-04-23 14:39:30,234 [main] INFO  server.RaftServerConfigKeys (ConfUtils.java:logGet(46)) - raft.server.sleep.deviation.threshold = 300ms (default)
2025-04-23 14:39:30,235 [main] INFO  server.RaftServerConfigKeys (ConfUtils.java:logGet(46)) - raft.server.close.threshold = 60s (default)
2025-04-23 14:39:30,235 [main] INFO  server.RaftServerConfigKeys (ConfUtils.java:logGet(46)) - raft.server.leaderelection.leader.step-down.wait-time = 10s (default)
2025-04-23 14:39:30,235 [main] INFO  server.RaftServerConfigKeys (ConfUtils.java:logGet(46)) - raft.server.storage.dir = [/home/runner/work/ozone/ozone/hadoop-ozone/integration-test/target/test-dir/MiniOzoneClusterImpl-feea018d-8976-442b-acbc-fedf3986ffa5/ozone-meta/datanode-2/ratis] (custom)
2025-04-23 14:39:30,235 [main] INFO  server.RaftServerConfigKeys (ConfUtils.java:logGet(46)) - raft.server.threadpool.proxy.cached = true (default)
2025-04-23 14:39:30,235 [main] INFO  server.RaftServerConfigKeys (ConfUtils.java:logGet(46)) - raft.server.threadpool.proxy.size = 0 (default)
2025-04-23 14:39:30,235 [b2165e39-3e51-4fdf-a7c8-80f70bfd3a27-NettyServerStreamRpc-bossGroup--thread1] INFO  logging.LoggingHandler (AbstractInternalLogger.java:log(148)) - [id: 0xcdf3b3b8] REGISTERED
2025-04-23 14:39:30,235 [b2165e39-3e51-4fdf-a7c8-80f70bfd3a27-NettyServerStreamRpc-bossGroup--thread1] INFO  logging.LoggingHandler (AbstractInternalLogger.java:log(148)) - [id: 0xcdf3b3b8] BIND: 0.0.0.0/0.0.0.0:15074
2025-04-23 14:39:30,235 [b2165e39-3e51-4fdf-a7c8-80f70bfd3a27-impl-thread1] INFO  server.RaftServer (RaftServerProxy.java:initGroupDir(265)) - b2165e39-3e51-4fdf-a7c8-80f70bfd3a27: found a subdirectory /home/runner/work/ozone/ozone/hadoop-ozone/integration-test/target/test-dir/MiniOzoneClusterImpl-feea018d-8976-442b-acbc-fedf3986ffa5/ozone-meta/datanode-2/ratis/tmp
2025-04-23 14:39:30,235 [b2165e39-3e51-4fdf-a7c8-80f70bfd3a27-NettyServerStreamRpc-bossGroup--thread1] INFO  logging.LoggingHandler (AbstractInternalLogger.java:log(148)) - [id: 0xcdf3b3b8, L:/0.0.0.0:15074] ACTIVE
2025-04-23 14:39:30,235 [b2165e39-3e51-4fdf-a7c8-80f70bfd3a27-impl-thread1] INFO  server.RaftServer (RaftServerProxy.java:initGroupDir(270)) - b2165e39-3e51-4fdf-a7c8-80f70bfd3a27: The directory /home/runner/work/ozone/ozone/hadoop-ozone/integration-test/target/test-dir/MiniOzoneClusterImpl-feea018d-8976-442b-acbc-fedf3986ffa5/ozone-meta/datanode-2/ratis/tmp is not a group directory; ignoring it. 
2025-04-23 14:39:30,236 [main] INFO  replication.ReplicationServer (ReplicationServer.java:<init>(84)) - Initializing replication server with thread count = 10 queue length = 4096
2025-04-23 14:39:30,236 [main] INFO  server.XceiverServerGrpc (XceiverServerGrpc.java:<init>(131)) - GrpcServer channel type EpollServerSocketChannel
2025-04-23 14:39:30,238 [main] INFO  replication.ReplicationSupervisor (ReplicationSupervisor.java:build(169)) - Initializing replication supervisor with thread count = 10
2025-04-23 14:39:30,238 [main] INFO  replication.ReplicationSupervisor (ReplicationSupervisor.java:nodeStateUpdated(358)) - Node state updated to IN_SERVICE, scaling executor pool size to 10
2025-04-23 14:39:30,239 [main] INFO  http.BaseHttpServer (BaseHttpServer.java:newHttpServer2BuilderForOzone(229)) - Starting Web-server for hddsDatanode at: http://0.0.0.0:15068
2025-04-23 14:39:30,239 [main] INFO  http.BaseHttpServer (BaseHttpServer.java:<init>(107)) - Hadoop Security Enabled: false Ozone Security Enabled: false Ozone HTTP Security Enabled: false 
2025-04-23 14:39:30,240 [main] WARN  server.AuthenticationFilter (AuthenticationFilter.java:constructSecretProvider(240)) - Unable to initialize FileSignerSecretProvider, falling back to use random secrets. Reason: Could not read signature secret file: /home/runner/hadoop-http-auth-signature-secret
2025-04-23 14:39:30,242 [main] INFO  http.HttpServer2 (HttpServer2.java:addGlobalFilter(1041)) - Added global filter 'safety' (class=org.apache.hadoop.hdds.server.http.HttpServer2$QuotingInputFilter)
2025-04-23 14:39:30,243 [main] INFO  http.HttpServer2 (HttpServer2.java:addFilter(1017)) - Added filter static_user_filter (class=org.apache.hadoop.http.lib.StaticUserWebFilter$StaticUserFilter) to context hddsDatanode
2025-04-23 14:39:30,243 [main] INFO  http.HttpServer2 (HttpServer2.java:addFilter(1025)) - Added filter static_user_filter (class=org.apache.hadoop.http.lib.StaticUserWebFilter$StaticUserFilter) to context logs
2025-04-23 14:39:30,243 [main] INFO  http.HttpServer2 (HttpServer2.java:addFilter(1025)) - Added filter static_user_filter (class=org.apache.hadoop.http.lib.StaticUserWebFilter$StaticUserFilter) to context static
2025-04-23 14:39:30,243 [main] INFO  http.BaseHttpServer (BaseHttpServer.java:<init>(195)) - HTTP server of hddsDatanode uses base directory /home/runner/work/ozone/ozone/hadoop-ozone/integration-test/target/test-dir/MiniOzoneClusterImpl-feea018d-8976-442b-acbc-fedf3986ffa5/ozone-meta/datanode-2/meta/webserver
2025-04-23 14:39:30,243 [main] INFO  http.HttpServer2 (HttpServer2.java:bindListener(1241)) - Jetty bound to port 15068
2025-04-23 14:39:30,244 [main] INFO  server.Server (Server.java:doStart(375)) - jetty-9.4.57.v20241219; built: 2025-01-08T21:24:30.412Z; git: df524e6b29271c2e09ba9aea83c18dc9db464a31; jvm 21.0.7+6-LTS
2025-04-23 14:39:30,245 [main] INFO  server.session (DefaultSessionIdManager.java:doStart(334)) - DefaultSessionIdManager workerName=node0
2025-04-23 14:39:30,245 [main] INFO  server.session (DefaultSessionIdManager.java:doStart(339)) - No SessionScavenger set, using defaults
2025-04-23 14:39:30,245 [main] INFO  server.session (HouseKeeper.java:startScavenging(132)) - node0 Scavenging every 600000ms
2025-04-23 14:39:30,246 [main] INFO  handler.ContextHandler (ContextHandler.java:doStart(921)) - Started o.e.j.s.ServletContextHandler@276f84fc{logs,/logs,file:///home/runner/work/ozone/ozone/hadoop-ozone/integration-test/target/log,AVAILABLE}
2025-04-23 14:39:30,246 [main] INFO  handler.ContextHandler (ContextHandler.java:doStart(921)) - Started o.e.j.s.ServletContextHandler@2429d4d{static,/static,jar:file:/home/runner/work/ozone/ozone/hadoop-hdds/container-service/target/hdds-container-service-2.1.0-SNAPSHOT.jar!/webapps/static,AVAILABLE}
2025-04-23 14:39:30,298 [omNode-3-server-thread1] INFO  server.RaftServer$Division (RaftServerImpl.java:setFirstElection(562)) - omNode-3@group-523986131536: set firstElectionSinceStartup to false for appendEntries
2025-04-23 14:39:30,298 [omNode-3-server-thread1] INFO  ratis.OzoneManagerStateMachine (OzoneManagerStateMachine.java:notifyLeaderChanged(169)) - omNode-3@group-523986131536: leader changed to omNode-1
2025-04-23 14:39:30,298 [omNode-3-server-thread1] INFO  server.RaftServer$Division (ServerState.java:setLeader(272)) - omNode-3@group-523986131536: change Leader from null to omNode-1 at term 1 for appendEntries, leader elected after 728ms
2025-04-23 14:39:30,298 [omNode-3-server-thread1] INFO  server.RaftServer$Division (RaftServerImpl.java:checkInconsistentAppendEntries(1648)) - omNode-3@group-523986131536: Failed appendEntries as previous log entry ((t:1, i:0)) is not found
2025-04-23 14:39:30,298 [omNode-3-server-thread1] INFO  server.RaftServer$Division (RaftServerImpl.java:appendEntriesAsync(1580)) - omNode-3@group-523986131536: appendEntries* reply omNode-1<-omNode-3#908:FAIL-t0,INCONSISTENCY,nextIndex=0,followerCommit=-1,matchIndex=-1
2025-04-23 14:39:30,299 [grpc-default-executor-1] WARN  server.GrpcLogAppender (GrpcLogAppender.java:onNextImpl(519)) - omNode-1@group-523986131536->omNode-3-AppendLogResponseHandler: received INCONSISTENCY reply with nextIndex 0, errorCount=7, request=AppendEntriesRequest:cid=908,entriesCount=0
2025-04-23 14:39:30,299 [grpc-default-executor-1] INFO  leader.FollowerInfo (FollowerInfoImpl.java:info(70)) - omNode-1@group-523986131536->omNode-3: setNextIndex nextIndex: updateUnconditionally 1 -> 0
2025-04-23 14:39:30,299 [omNode-3-server-thread1] INFO  server.RaftServer$Division (ServerState.java:setRaftConf(386)) - omNode-3@group-523986131536: set configuration conf: {index: 0, cur=peers:[omNode-3|localhost:15059, omNode-1|localhost:15051, omNode-2|localhost:15055]|listeners:[], old=null}
2025-04-23 14:39:30,299 [omNode-3-server-thread1] INFO  segmented.SegmentedRaftLogWorker (SegmentedRaftLogWorker.java:startLogSegment(438)) - omNode-3@group-523986131536-SegmentedRaftLogWorker: Starting segment from index:0
2025-04-23 14:39:30,300 [omNode-3@group-523986131536-SegmentedRaftLogWorker] INFO  segmented.BufferedWriteChannel (BufferedWriteChannel.java:open(61)) - open log_inprogress_0 at position 0
2025-04-23 14:39:30,309 [omNode-3@group-523986131536-SegmentedRaftLogWorker] INFO  segmented.SegmentedRaftLogWorker (SegmentedRaftLogWorker.java:execute(644)) - omNode-3@group-523986131536-SegmentedRaftLogWorker: created new log segment /home/runner/work/ozone/ozone/hadoop-ozone/integration-test/target/test-dir/MiniOzoneClusterImpl-feea018d-8976-442b-acbc-fedf3986ffa5/omNode-3/ratis/c9bc4cf4-3bc3-3c60-a66b-523986131536/current/log_inprogress_0
2025-04-23 14:39:30,310 [omNode-3@group-523986131536-StateMachineUpdater] INFO  ratis.OzoneManagerStateMachine (OzoneManagerStateMachine.java:notifyConfigurationChanged(231)) - notifyConfigurationChanged from Ratis: term=1, index=0, New Peer list: omNode-3(localhost:15059), omNode-1(localhost:15051), omNode-2(localhost:15055)
2025-04-23 14:39:30,313 [omNode-2@group-523986131536-StateMachineUpdater] INFO  ratis.OzoneManagerStateMachine (OzoneManagerStateMachine.java:notifyConfigurationChanged(231)) - notifyConfigurationChanged from Ratis: term=1, index=0, New Peer list: omNode-3(localhost:15059), omNode-1(localhost:15051), omNode-2(localhost:15055)
2025-04-23 14:39:30,382 [main] INFO  handler.ContextHandler (ContextHandler.java:doStart(921)) - Started o.e.j.w.WebAppContext@514e940e{hddsDatanode,/,file:///home/runner/work/ozone/ozone/hadoop-ozone/integration-test/target/test-dir/MiniOzoneClusterImpl-feea018d-8976-442b-acbc-fedf3986ffa5/ozone-meta/datanode-2/meta/webserver/jetty-0_0_0_0-15068-hdds-container-service-2_1_0-SNAPSHOT_jar-_-any-2541865473792780497/webapp/,AVAILABLE}{jar:file:/home/runner/work/ozone/ozone/hadoop-hdds/container-service/target/hdds-container-service-2.1.0-SNAPSHOT.jar!/webapps/hddsDatanode}
2025-04-23 14:39:30,392 [main] INFO  server.AbstractConnector (AbstractConnector.java:doStart(333)) - Started ServerConnector@58a4c9f2{HTTP/1.1, (http/1.1)}{0.0.0.0:15068}
2025-04-23 14:39:30,392 [main] INFO  server.Server (Server.java:doStart(415)) - Started @170671ms
2025-04-23 14:39:30,392 [main] WARN  impl.MetricsSystemImpl (MetricsSystemImpl.java:register(279)) - Sink prometheus already exists!
2025-04-23 14:39:30,393 [main] INFO  http.BaseHttpServer (BaseHttpServer.java:updateConnectorAddress(360)) - HTTP server of hddsDatanode listening at http://0.0.0.0:15068
2025-04-23 14:39:30,393 [main] INFO  ipc.CallQueueManager (CallQueueManager.java:<init>(93)) - Using callQueue: class java.util.concurrent.LinkedBlockingQueue, queueCapacity: 1000, scheduler: class org.apache.hadoop.ipc.DefaultRpcScheduler, ipcBackoff: false, ipcFailOver: false.
2025-04-23 14:39:30,394 [main] INFO  ipc.Server (Server.java:<init>(1438)) - Listener at 0.0.0.0:15069
2025-04-23 14:39:30,394 [Socket Reader #1 for port 15069] INFO  ipc.Server (Server.java:run(1474)) - Starting Socket Reader #1 for port 15069
2025-04-23 14:39:30,394 [Socket Reader #2 for port 15069] INFO  ipc.Server (Server.java:run(1474)) - Starting Socket Reader #2 for port 15069
2025-04-23 14:39:30,394 [Socket Reader #3 for port 15069] INFO  ipc.Server (Server.java:run(1474)) - Starting Socket Reader #3 for port 15069
2025-04-23 14:39:30,394 [Socket Reader #4 for port 15069] INFO  ipc.Server (Server.java:run(1474)) - Starting Socket Reader #4 for port 15069
2025-04-23 14:39:30,394 [Socket Reader #5 for port 15069] INFO  ipc.Server (Server.java:run(1474)) - Starting Socket Reader #5 for port 15069
2025-04-23 14:39:30,395 [Socket Reader #6 for port 15069] INFO  ipc.Server (Server.java:run(1474)) - Starting Socket Reader #6 for port 15069
2025-04-23 14:39:30,395 [Socket Reader #7 for port 15069] INFO  ipc.Server (Server.java:run(1474)) - Starting Socket Reader #7 for port 15069
2025-04-23 14:39:30,395 [Socket Reader #8 for port 15069] INFO  ipc.Server (Server.java:run(1474)) - Starting Socket Reader #8 for port 15069
2025-04-23 14:39:30,395 [Socket Reader #9 for port 15069] INFO  ipc.Server (Server.java:run(1474)) - Starting Socket Reader #9 for port 15069
2025-04-23 14:39:30,395 [Socket Reader #10 for port 15069] INFO  ipc.Server (Server.java:run(1474)) - Starting Socket Reader #10 for port 15069
2025-04-23 14:39:30,396 [main] INFO  ozone.HddsDatanodeService (HddsDatanodeService.java:start(325)) - Datanode start with admins: [*, runner]
2025-04-23 14:39:30,396 [main] INFO  ozone.HddsDatanodeClientProtocolServer (HddsDatanodeClientProtocolServer.java:start(76)) - RPC server for Client /0.0.0.0:15069
2025-04-23 14:39:30,397 [IPC Server Responder] INFO  ipc.Server (Server.java:run(1713)) - IPC Server Responder: starting
2025-04-23 14:39:30,397 [IPC Server listener on 15069] INFO  ipc.Server (Server.java:run(1553)) - IPC Server listener on 15069: starting
2025-04-23 14:39:30,398 [main] WARN  dropwizard3.Dm3MetricRegistriesImpl (Dm3MetricRegistriesImpl.java:addReporterRegistration(114)) - New reporters are added after registries were created. Some metrics will be missing from the reporter. Please add reporter before adding any new registry.
2025-04-23 14:39:30,398 [main] WARN  dropwizard3.Dm3MetricRegistriesImpl (Dm3MetricRegistriesImpl.java:addReporterRegistration(114)) - New reporters are added after registries were created. Some metrics will be missing from the reporter. Please add reporter before adding any new registry.
2025-04-23 14:39:30,398 [main] INFO  impl.MetricsSystemImpl (MetricsSystemImpl.java:init(158)) - HddsDatanode metrics system started (again)
2025-04-23 14:39:30,399 [b2165e39-3e51-4fdf-a7c8-80f70bfd3a27-DatanodeStateMachineDaemonThread] INFO  statemachine.DatanodeStateMachine (DatanodeStateMachine.java:startStateMachineThread(340)) - Ozone container server started.
2025-04-23 14:39:30,403 [b2165e39-3e51-4fdf-a7c8-80f70bfd3a27-DatanodeStateMachineTaskThread-0] INFO  datanode.InitDatanodeState (InitDatanodeState.java:persistContainerDatanodeDetails(139)) - DatanodeDetails is persisted to /home/runner/work/ozone/ozone/hadoop-ozone/integration-test/target/test-dir/MiniOzoneClusterImpl-feea018d-8976-442b-acbc-fedf3986ffa5/ozone-meta/datanode-2/meta/datanode.id
2025-04-23 14:39:30,410 [main] INFO  protocol.DatanodeDetails (DatanodeDetails.java:validateDatanodeIpAddress(199)) - Updating IP address of datanode 0b100b3f-2f19-4793-aa85-7b90340ffd9b(fv-az1120-822.mg4m5ltoorkeplnhtot4p0wula.cx.internal.cloudapp.net/null) to 10.1.0.114
2025-04-23 14:39:30,410 [main] INFO  ozone.HddsDatanodeService (HddsDatanodeService.java:start(234)) - HddsDatanodeService 0b100b3f-2f19-4793-aa85-7b90340ffd9b(fv-az1120-822.mg4m5ltoorkeplnhtot4p0wula.cx.internal.cloudapp.net/10.1.0.114)
2025-04-23 14:39:30,412 [main] INFO  upgrade.AbstractLayoutVersionManager (AbstractLayoutVersionManager.java:init(80)) - Initializing Layout version manager with metadata layout = HBASE_SUPPORT (version = 8), software layout = HBASE_SUPPORT (version = 8)
2025-04-23 14:39:30,412 [main] INFO  statemachine.DatanodeStateMachine (DatanodeStateMachine.java:getEndPointTaskThreadPoolSize(297)) - Datanode State Machine Task Thread Pool size 2
2025-04-23 14:39:30,414 [main] INFO  volume.HddsVolume (HddsVolume.java:<init>(158)) - HddsVolume: { id=DS-55ec5992-36b2-4353-ad91-c3bddb9330bb dir=/home/runner/work/ozone/ozone/hadoop-ozone/integration-test/target/test-dir/MiniOzoneClusterImpl-feea018d-8976-442b-acbc-fedf3986ffa5/ozone-meta/datanode-3/data-0/hdds type=DISK capacity=9222449699674390527 used=0 available=9222449699674390527 minFree=5368709120 committed=0 }
2025-04-23 14:39:30,414 [main] INFO  volume.MutableVolumeSet (MutableVolumeSet.java:initializeVolumeSet(166)) - Added Volume : /home/runner/work/ozone/ozone/hadoop-ozone/integration-test/target/test-dir/MiniOzoneClusterImpl-feea018d-8976-442b-acbc-fedf3986ffa5/ozone-meta/datanode-3/data-0/hdds to VolumeSet
2025-04-23 14:39:30,415 [main] INFO  volume.MutableVolumeSet (MutableVolumeSet.java:initializeVolumeSet(166)) - Added Volume : /home/runner/work/ozone/ozone/hadoop-ozone/integration-test/target/test-dir/MiniOzoneClusterImpl-feea018d-8976-442b-acbc-fedf3986ffa5/ozone-meta/datanode-3/ratis to VolumeSet
2025-04-23 14:39:30,415 [main] INFO  ozoneimpl.OzoneContainer (HddsVolumeUtil.java:loadAllHddsVolumeDbStore(102)) - Load 1 volumes DbStore cost: 0ms
2025-04-23 14:39:30,416 [main] WARN  db.DBStoreBuilder (DBStoreBuilder.java:getDBDirPath(167)) - ozone.scm.datanode.id.dir is not configured. We recommend adding this setting. Falling back to ozone.metadata.dirs instead.
2025-04-23 14:39:30,416 [main] WARN  db.DBStoreBuilder (DBStoreBuilder.java:getDBDirPath(167)) - ozone.scm.datanode.id.dir is not configured. We recommend adding this setting. Falling back to ozone.metadata.dirs instead.
2025-04-23 14:39:30,428 [main] INFO  impl.FilePerChunkStrategy (FilePerChunkStrategy.java:<init>(79)) - ozone.chunk.read.mapped.buffer.max.count is load with 0
2025-04-23 14:39:30,428 [main] INFO  impl.FilePerBlockStrategy (FilePerBlockStrategy.java:<init>(87)) - ozone.chunk.read.mapped.buffer.max.count is load with 0
2025-04-23 14:39:30,429 [main] INFO  server.RaftServerConfigKeys (ConfUtils.java:logGet(46)) - raft.server.log.appender.buffer.byte-limit = 33554432 (custom)
2025-04-23 14:39:30,430 [main] INFO  server.RaftServer (ConfUtils.java:logGet(46)) - raft.rpc.type = GRPC (default)
2025-04-23 14:39:30,430 [main] INFO  grpc.GrpcConfigKeys (ConfUtils.java:logFallback(53)) - raft.grpc.admin.host = null (fallback to raft.grpc.server.host)
2025-04-23 14:39:30,430 [main] INFO  grpc.GrpcConfigKeys (ConfUtils.java:logGet(46)) - raft.grpc.admin.port = 15080 (custom)
2025-04-23 14:39:30,430 [main] INFO  grpc.GrpcConfigKeys (ConfUtils.java:logFallback(53)) - raft.grpc.client.host = null (fallback to raft.grpc.server.host)
2025-04-23 14:39:30,430 [main] INFO  grpc.GrpcConfigKeys (ConfUtils.java:logGet(46)) - raft.grpc.client.port = 15079 (custom)
2025-04-23 14:39:30,430 [main] INFO  grpc.GrpcConfigKeys (ConfUtils.java:logGet(46)) - raft.grpc.server.host = null (default)
2025-04-23 14:39:30,430 [main] INFO  grpc.GrpcConfigKeys (ConfUtils.java:logGet(46)) - raft.grpc.server.port = 15081 (custom)
2025-04-23 14:39:30,430 [main] INFO  server.GrpcService (ConfUtils.java:logGet(46)) - raft.grpc.message.size.max = 34603008 (custom)
2025-04-23 14:39:30,431 [main] INFO  server.GrpcService (ConfUtils.java:logGet(46)) - raft.grpc.flow.control.window = 5MB (=5242880) (custom)
2025-04-23 14:39:30,431 [main] INFO  server.RaftServerConfigKeys (ConfUtils.java:logGet(46)) - raft.server.rpc.request.timeout = 60s (custom)
2025-04-23 14:39:30,431 [main] INFO  grpc.GrpcConfigKeys (ConfUtils.java:logGet(46)) - raft.grpc.server.heartbeat.channel = true (default)
2025-04-23 14:39:30,431 [main] INFO  server.RaftServerConfigKeys (ConfUtils.java:logGet(46)) - raft.server.log.appender.buffer.byte-limit = 33554432 (custom)
2025-04-23 14:39:30,431 [main] INFO  grpc.GrpcConfigKeys (ConfUtils.java:logGet(46)) - raft.grpc.server.async.request.thread.pool.cached = true (default)
2025-04-23 14:39:30,431 [main] INFO  grpc.GrpcConfigKeys (ConfUtils.java:logGet(46)) - raft.grpc.server.async.request.thread.pool.size = 32 (default)
2025-04-23 14:39:30,432 [main] INFO  impl.DataStreamServerImpl (ConfUtils.java:logGet(46)) - raft.datastream.type = NETTY (custom)
2025-04-23 14:39:30,432 [main] INFO  server.RaftServerConfigKeys (ConfUtils.java:logGet(46)) - raft.server.data-stream.async.request.thread.pool.cached = false (default)
2025-04-23 14:39:30,432 [main] INFO  server.RaftServerConfigKeys (ConfUtils.java:logGet(46)) - raft.server.data-stream.async.request.thread.pool.size = 20 (custom)
2025-04-23 14:39:30,432 [main] INFO  server.RaftServerConfigKeys (ConfUtils.java:logGet(46)) - raft.server.data-stream.async.write.thread.pool.size = 16 (default)
2025-04-23 14:39:30,432 [main] INFO  netty.NettyConfigKeys$DataStream (ConfUtils.java:logGet(46)) - raft.netty.dataStream.server.channel.inactive.grace-period = 10min (default)
2025-04-23 14:39:30,432 [main] INFO  server.RaftServerConfigKeys (ConfUtils.java:logGet(46)) - raft.server.data-stream.client.pool.size = 10 (default)
2025-04-23 14:39:30,432 [main] INFO  netty.NettyConfigKeys$DataStream (ConfUtils.java:logGet(46)) - raft.netty.dataStream.server.use-epoll = true (default)
2025-04-23 14:39:30,432 [main] INFO  netty.NettyConfigKeys$DataStream (ConfUtils.java:logGet(46)) - raft.netty.dataStream.server.boss-group.size = 0 (default)
2025-04-23 14:39:30,433 [main] INFO  netty.NettyUtils (NettyUtils.java:newEventLoopGroup(74)) - Create EpollEventLoopGroup for 0b100b3f-2f19-4793-aa85-7b90340ffd9b-NettyServerStreamRpc-bossGroup; Thread size is 0.
2025-04-23 14:39:30,433 [main] INFO  netty.NettyConfigKeys$DataStream (ConfUtils.java:logGet(46)) - raft.netty.dataStream.server.worker-group.size = 0 (default)
2025-04-23 14:39:30,433 [main] INFO  netty.NettyUtils (NettyUtils.java:newEventLoopGroup(74)) - Create EpollEventLoopGroup for 0b100b3f-2f19-4793-aa85-7b90340ffd9b-NettyServerStreamRpc-workerGroup; Thread size is 0.
2025-04-23 14:39:30,433 [main] INFO  netty.NettyConfigKeys$DataStream (ConfUtils.java:logGet(46)) - raft.netty.dataStream.server.tls.conf = null (default)
2025-04-23 14:39:30,433 [main] INFO  netty.NettyConfigKeys$DataStream (ConfUtils.java:logGet(46)) - raft.netty.dataStream.host = null (default)
2025-04-23 14:39:30,433 [main] INFO  netty.NettyConfigKeys$DataStream (ConfUtils.java:logGet(46)) - raft.netty.dataStream.port = 15082 (custom)
2025-04-23 14:39:30,434 [main] INFO  server.RaftServerConfigKeys (ConfUtils.java:logGet(46)) - raft.server.sleep.deviation.threshold = 300ms (default)
2025-04-23 14:39:30,434 [main] INFO  server.RaftServerConfigKeys (ConfUtils.java:logGet(46)) - raft.server.close.threshold = 60s (default)
2025-04-23 14:39:30,434 [main] INFO  server.RaftServerConfigKeys (ConfUtils.java:logGet(46)) - raft.server.leaderelection.leader.step-down.wait-time = 10s (default)
2025-04-23 14:39:30,434 [0b100b3f-2f19-4793-aa85-7b90340ffd9b-NettyServerStreamRpc-bossGroup--thread1] INFO  logging.LoggingHandler (AbstractInternalLogger.java:log(148)) - [id: 0xbef7a490] REGISTERED
2025-04-23 14:39:30,434 [main] INFO  server.RaftServerConfigKeys (ConfUtils.java:logGet(46)) - raft.server.storage.dir = [/home/runner/work/ozone/ozone/hadoop-ozone/integration-test/target/test-dir/MiniOzoneClusterImpl-feea018d-8976-442b-acbc-fedf3986ffa5/ozone-meta/datanode-3/ratis] (custom)
2025-04-23 14:39:30,434 [0b100b3f-2f19-4793-aa85-7b90340ffd9b-NettyServerStreamRpc-bossGroup--thread1] INFO  logging.LoggingHandler (AbstractInternalLogger.java:log(148)) - [id: 0xbef7a490] BIND: 0.0.0.0/0.0.0.0:15082
2025-04-23 14:39:30,434 [main] INFO  server.RaftServerConfigKeys (ConfUtils.java:logGet(46)) - raft.server.threadpool.proxy.cached = true (default)
2025-04-23 14:39:30,434 [main] INFO  server.RaftServerConfigKeys (ConfUtils.java:logGet(46)) - raft.server.threadpool.proxy.size = 0 (default)
2025-04-23 14:39:30,434 [0b100b3f-2f19-4793-aa85-7b90340ffd9b-NettyServerStreamRpc-bossGroup--thread1] INFO  logging.LoggingHandler (AbstractInternalLogger.java:log(148)) - [id: 0xbef7a490, L:/0.0.0.0:15082] ACTIVE
2025-04-23 14:39:30,434 [0b100b3f-2f19-4793-aa85-7b90340ffd9b-impl-thread1] INFO  server.RaftServer (RaftServerProxy.java:initGroupDir(265)) - 0b100b3f-2f19-4793-aa85-7b90340ffd9b: found a subdirectory /home/runner/work/ozone/ozone/hadoop-ozone/integration-test/target/test-dir/MiniOzoneClusterImpl-feea018d-8976-442b-acbc-fedf3986ffa5/ozone-meta/datanode-3/ratis/tmp
2025-04-23 14:39:30,435 [0b100b3f-2f19-4793-aa85-7b90340ffd9b-impl-thread1] INFO  server.RaftServer (RaftServerProxy.java:initGroupDir(270)) - 0b100b3f-2f19-4793-aa85-7b90340ffd9b: The directory /home/runner/work/ozone/ozone/hadoop-ozone/integration-test/target/test-dir/MiniOzoneClusterImpl-feea018d-8976-442b-acbc-fedf3986ffa5/ozone-meta/datanode-3/ratis/tmp is not a group directory; ignoring it. 
2025-04-23 14:39:30,435 [main] INFO  replication.ReplicationServer (ReplicationServer.java:<init>(84)) - Initializing replication server with thread count = 10 queue length = 4096
2025-04-23 14:39:30,435 [main] INFO  server.XceiverServerGrpc (XceiverServerGrpc.java:<init>(131)) - GrpcServer channel type EpollServerSocketChannel
2025-04-23 14:39:30,436 [main] INFO  replication.ReplicationSupervisor (ReplicationSupervisor.java:build(169)) - Initializing replication supervisor with thread count = 10
2025-04-23 14:39:30,436 [main] INFO  replication.ReplicationSupervisor (ReplicationSupervisor.java:nodeStateUpdated(358)) - Node state updated to IN_SERVICE, scaling executor pool size to 10
2025-04-23 14:39:30,438 [main] INFO  http.BaseHttpServer (BaseHttpServer.java:newHttpServer2BuilderForOzone(229)) - Starting Web-server for hddsDatanode at: http://0.0.0.0:15076
2025-04-23 14:39:30,438 [main] INFO  http.BaseHttpServer (BaseHttpServer.java:<init>(107)) - Hadoop Security Enabled: false Ozone Security Enabled: false Ozone HTTP Security Enabled: false 
2025-04-23 14:39:30,439 [main] WARN  server.AuthenticationFilter (AuthenticationFilter.java:constructSecretProvider(240)) - Unable to initialize FileSignerSecretProvider, falling back to use random secrets. Reason: Could not read signature secret file: /home/runner/hadoop-http-auth-signature-secret
2025-04-23 14:39:30,441 [main] INFO  http.HttpServer2 (HttpServer2.java:addGlobalFilter(1041)) - Added global filter 'safety' (class=org.apache.hadoop.hdds.server.http.HttpServer2$QuotingInputFilter)
2025-04-23 14:39:30,441 [main] INFO  http.HttpServer2 (HttpServer2.java:addFilter(1017)) - Added filter static_user_filter (class=org.apache.hadoop.http.lib.StaticUserWebFilter$StaticUserFilter) to context hddsDatanode
2025-04-23 14:39:30,441 [main] INFO  http.HttpServer2 (HttpServer2.java:addFilter(1025)) - Added filter static_user_filter (class=org.apache.hadoop.http.lib.StaticUserWebFilter$StaticUserFilter) to context logs
2025-04-23 14:39:30,442 [main] INFO  http.HttpServer2 (HttpServer2.java:addFilter(1025)) - Added filter static_user_filter (class=org.apache.hadoop.http.lib.StaticUserWebFilter$StaticUserFilter) to context static
2025-04-23 14:39:30,442 [main] INFO  http.BaseHttpServer (BaseHttpServer.java:<init>(195)) - HTTP server of hddsDatanode uses base directory /home/runner/work/ozone/ozone/hadoop-ozone/integration-test/target/test-dir/MiniOzoneClusterImpl-feea018d-8976-442b-acbc-fedf3986ffa5/ozone-meta/datanode-3/meta/webserver
2025-04-23 14:39:30,442 [main] INFO  http.HttpServer2 (HttpServer2.java:bindListener(1241)) - Jetty bound to port 15076
2025-04-23 14:39:30,442 [main] INFO  server.Server (Server.java:doStart(375)) - jetty-9.4.57.v20241219; built: 2025-01-08T21:24:30.412Z; git: df524e6b29271c2e09ba9aea83c18dc9db464a31; jvm 21.0.7+6-LTS
2025-04-23 14:39:30,443 [main] INFO  server.session (DefaultSessionIdManager.java:doStart(334)) - DefaultSessionIdManager workerName=node0
2025-04-23 14:39:30,443 [main] INFO  server.session (DefaultSessionIdManager.java:doStart(339)) - No SessionScavenger set, using defaults
2025-04-23 14:39:30,443 [main] INFO  server.session (HouseKeeper.java:startScavenging(132)) - node0 Scavenging every 600000ms
2025-04-23 14:39:30,444 [main] INFO  handler.ContextHandler (ContextHandler.java:doStart(921)) - Started o.e.j.s.ServletContextHandler@1d0e669b{logs,/logs,file:///home/runner/work/ozone/ozone/hadoop-ozone/integration-test/target/log,AVAILABLE}
2025-04-23 14:39:30,444 [main] INFO  handler.ContextHandler (ContextHandler.java:doStart(921)) - Started o.e.j.s.ServletContextHandler@252a6cd0{static,/static,jar:file:/home/runner/work/ozone/ozone/hadoop-hdds/container-service/target/hdds-container-service-2.1.0-SNAPSHOT.jar!/webapps/static,AVAILABLE}
2025-04-23 14:39:30,572 [main] INFO  handler.ContextHandler (ContextHandler.java:doStart(921)) - Started o.e.j.w.WebAppContext@66654fde{hddsDatanode,/,file:///home/runner/work/ozone/ozone/hadoop-ozone/integration-test/target/test-dir/MiniOzoneClusterImpl-feea018d-8976-442b-acbc-fedf3986ffa5/ozone-meta/datanode-3/meta/webserver/jetty-0_0_0_0-15076-hdds-container-service-2_1_0-SNAPSHOT_jar-_-any-3255716949711922836/webapp/,AVAILABLE}{jar:file:/home/runner/work/ozone/ozone/hadoop-hdds/container-service/target/hdds-container-service-2.1.0-SNAPSHOT.jar!/webapps/hddsDatanode}
2025-04-23 14:39:30,573 [main] INFO  server.AbstractConnector (AbstractConnector.java:doStart(333)) - Started ServerConnector@54f9bc0b{HTTP/1.1, (http/1.1)}{0.0.0.0:15076}
2025-04-23 14:39:30,573 [main] INFO  server.Server (Server.java:doStart(415)) - Started @170852ms
2025-04-23 14:39:30,573 [main] WARN  impl.MetricsSystemImpl (MetricsSystemImpl.java:register(279)) - Sink prometheus already exists!
2025-04-23 14:39:30,573 [main] INFO  http.BaseHttpServer (BaseHttpServer.java:updateConnectorAddress(360)) - HTTP server of hddsDatanode listening at http://0.0.0.0:15076
2025-04-23 14:39:30,574 [main] INFO  ipc.CallQueueManager (CallQueueManager.java:<init>(93)) - Using callQueue: class java.util.concurrent.LinkedBlockingQueue, queueCapacity: 1000, scheduler: class org.apache.hadoop.ipc.DefaultRpcScheduler, ipcBackoff: false, ipcFailOver: false.
2025-04-23 14:39:30,574 [main] INFO  ipc.Server (Server.java:<init>(1438)) - Listener at 0.0.0.0:15077
2025-04-23 14:39:30,574 [Socket Reader #1 for port 15077] INFO  ipc.Server (Server.java:run(1474)) - Starting Socket Reader #1 for port 15077
2025-04-23 14:39:30,574 [Socket Reader #2 for port 15077] INFO  ipc.Server (Server.java:run(1474)) - Starting Socket Reader #2 for port 15077
2025-04-23 14:39:30,574 [Socket Reader #3 for port 15077] INFO  ipc.Server (Server.java:run(1474)) - Starting Socket Reader #3 for port 15077
2025-04-23 14:39:30,574 [Socket Reader #4 for port 15077] INFO  ipc.Server (Server.java:run(1474)) - Starting Socket Reader #4 for port 15077
2025-04-23 14:39:30,575 [Socket Reader #5 for port 15077] INFO  ipc.Server (Server.java:run(1474)) - Starting Socket Reader #5 for port 15077
2025-04-23 14:39:30,575 [Socket Reader #6 for port 15077] INFO  ipc.Server (Server.java:run(1474)) - Starting Socket Reader #6 for port 15077
2025-04-23 14:39:30,575 [Socket Reader #7 for port 15077] INFO  ipc.Server (Server.java:run(1474)) - Starting Socket Reader #7 for port 15077
2025-04-23 14:39:30,575 [Socket Reader #8 for port 15077] INFO  ipc.Server (Server.java:run(1474)) - Starting Socket Reader #8 for port 15077
2025-04-23 14:39:30,575 [Socket Reader #9 for port 15077] INFO  ipc.Server (Server.java:run(1474)) - Starting Socket Reader #9 for port 15077
2025-04-23 14:39:30,575 [Socket Reader #10 for port 15077] INFO  ipc.Server (Server.java:run(1474)) - Starting Socket Reader #10 for port 15077
2025-04-23 14:39:30,577 [main] INFO  ozone.HddsDatanodeService (HddsDatanodeService.java:start(325)) - Datanode start with admins: [*, runner]
2025-04-23 14:39:30,577 [main] INFO  ozone.HddsDatanodeClientProtocolServer (HddsDatanodeClientProtocolServer.java:start(76)) - RPC server for Client /0.0.0.0:15077
2025-04-23 14:39:30,577 [IPC Server Responder] INFO  ipc.Server (Server.java:run(1713)) - IPC Server Responder: starting
2025-04-23 14:39:30,577 [IPC Server listener on 15077] INFO  ipc.Server (Server.java:run(1553)) - IPC Server listener on 15077: starting
2025-04-23 14:39:30,579 [main] INFO  ozone.MiniOzoneClusterImpl (MiniOzoneClusterImpl.java:lambda$waitForClusterToBeReady$0(190)) - Waiting for nodes to be ready. Got 0 of 3 DN Heartbeats.
2025-04-23 14:39:30,579 [main] INFO  ozone.MiniOzoneClusterImpl (MiniOzoneClusterImpl.java:lambda$waitForClusterToBeReady$0(193)) - Waiting for cluster to exit safe mode
2025-04-23 14:39:30,579 [main] INFO  ozone.MiniOzoneClusterImpl (MiniOzoneClusterImpl.java:lambda$waitForClusterToBeReady$0(195)) - SCM became leader
2025-04-23 14:39:30,580 [0b100b3f-2f19-4793-aa85-7b90340ffd9b-DatanodeStateMachineDaemonThread] INFO  statemachine.DatanodeStateMachine (DatanodeStateMachine.java:startStateMachineThread(340)) - Ozone container server started.
2025-04-23 14:39:30,583 [0b100b3f-2f19-4793-aa85-7b90340ffd9b-DatanodeStateMachineTaskThread-0] INFO  datanode.InitDatanodeState (InitDatanodeState.java:persistContainerDatanodeDetails(139)) - DatanodeDetails is persisted to /home/runner/work/ozone/ozone/hadoop-ozone/integration-test/target/test-dir/MiniOzoneClusterImpl-feea018d-8976-442b-acbc-fedf3986ffa5/ozone-meta/datanode-3/meta/datanode.id
2025-04-23 14:39:30,728 [b100e076-0476-452f-b9c4-da313a68c752-EndpointStateMachineTaskThread-/0.0.0.0:15044-0 ] INFO  utils.DatanodeStoreCache (DatanodeStoreCache.java:addDB(71)) - Added db /home/runner/work/ozone/ozone/hadoop-ozone/integration-test/target/test-dir/MiniOzoneClusterImpl-feea018d-8976-442b-acbc-fedf3986ffa5/ozone-meta/datanode-1/data-0/hdds/feea018d-8976-442b-acbc-fedf3986ffa5/DS-9899f6a6-73f5-45d2-8b7e-04cffe7ce147/container.db to cache
2025-04-23 14:39:30,728 [b100e076-0476-452f-b9c4-da313a68c752-EndpointStateMachineTaskThread-/0.0.0.0:15044-0 ] INFO  volume.HddsVolume (HddsVolume.java:createDbStore(510)) - SchemaV3 db is created and loaded at /home/runner/work/ozone/ozone/hadoop-ozone/integration-test/target/test-dir/MiniOzoneClusterImpl-feea018d-8976-442b-acbc-fedf3986ffa5/ozone-meta/datanode-1/data-0/hdds/feea018d-8976-442b-acbc-fedf3986ffa5/DS-9899f6a6-73f5-45d2-8b7e-04cffe7ce147/container.db for volume DS-9899f6a6-73f5-45d2-8b7e-04cffe7ce147
2025-04-23 14:39:30,730 [b100e076-0476-452f-b9c4-da313a68c752-ContainerReader-0] INFO  ozoneimpl.ContainerReader (ContainerReader.java:readVolume(144)) - Start to verify containers on volume /home/runner/work/ozone/ozone/hadoop-ozone/integration-test/target/test-dir/MiniOzoneClusterImpl-feea018d-8976-442b-acbc-fedf3986ffa5/ozone-meta/datanode-1/data-0/hdds
2025-04-23 14:39:30,730 [b100e076-0476-452f-b9c4-da313a68c752-ContainerReader-0] INFO  ozoneimpl.ContainerReader (ContainerReader.java:readVolume(174)) - Finish verifying containers on volume /home/runner/work/ozone/ozone/hadoop-ozone/integration-test/target/test-dir/MiniOzoneClusterImpl-feea018d-8976-442b-acbc-fedf3986ffa5/ozone-meta/datanode-1/data-0/hdds
2025-04-23 14:39:30,731 [b100e076-0476-452f-b9c4-da313a68c752-EndpointStateMachineTaskThread-/0.0.0.0:15044-0 ] INFO  ozoneimpl.OzoneContainer (OzoneContainer.java:buildContainerSet(364)) - Build ContainerSet costs 0s
2025-04-23 14:39:30,731 [b100e076-0476-452f-b9c4-da313a68c752-EndpointStateMachineTaskThread-/0.0.0.0:15044-0 ] INFO  volume.ThrottledAsyncChecker (ThrottledAsyncChecker.java:schedule(138)) - Scheduling a check for /home/runner/work/ozone/ozone/hadoop-ozone/integration-test/target/test-dir/MiniOzoneClusterImpl-feea018d-8976-442b-acbc-fedf3986ffa5/ozone-meta/datanode-1/data-0/hdds
2025-04-23 14:39:30,731 [b100e076-0476-452f-b9c4-da313a68c752-EndpointStateMachineTaskThread-/0.0.0.0:15044-0 ] INFO  volume.StorageVolumeChecker (StorageVolumeChecker.java:checkAllVolumes(215)) - Scheduled health check for volume /home/runner/work/ozone/ozone/hadoop-ozone/integration-test/target/test-dir/MiniOzoneClusterImpl-feea018d-8976-442b-acbc-fedf3986ffa5/ozone-meta/datanode-1/data-0/hdds
2025-04-23 14:39:30,734 [b100e076-0476-452f-b9c4-da313a68c752-EndpointStateMachineTaskThread-/0.0.0.0:15044-0 ] INFO  volume.ThrottledAsyncChecker (ThrottledAsyncChecker.java:schedule(138)) - Scheduling a check for /home/runner/work/ozone/ozone/hadoop-ozone/integration-test/target/test-dir/MiniOzoneClusterImpl-feea018d-8976-442b-acbc-fedf3986ffa5/ozone-meta/datanode-1/ratis
2025-04-23 14:39:30,734 [b100e076-0476-452f-b9c4-da313a68c752-EndpointStateMachineTaskThread-/0.0.0.0:15044-0 ] INFO  volume.StorageVolumeChecker (StorageVolumeChecker.java:checkAllVolumes(215)) - Scheduled health check for volume /home/runner/work/ozone/ozone/hadoop-ozone/integration-test/target/test-dir/MiniOzoneClusterImpl-feea018d-8976-442b-acbc-fedf3986ffa5/ozone-meta/datanode-1/ratis
2025-04-23 14:39:30,735 [b100e076-0476-452f-b9c4-da313a68c752-EndpointStateMachineTaskThread-/0.0.0.0:15044-0 ] INFO  ozoneimpl.OzoneContainer (OzoneContainer.java:start(512)) - Attempting to start container services.
2025-04-23 14:39:30,735 [ContainerMetadataScanner] INFO  ozoneimpl.AbstractBackgroundContainerScanner (AbstractBackgroundContainerScanner.java:runIteration(89)) - Completed an iteration in 0 minutes. Number of iterations (since the data-node restart) : 1, Number of containers scanned in this iteration : 0, Number of unhealthy containers found in this iteration : 0
2025-04-23 14:39:30,736 [ContainerDataScanner(/home/runner/work/ozone/ozone/hadoop-ozone/integration-test/target/test-dir/MiniOzoneClusterImpl-feea018d-8976-442b-acbc-fedf3986ffa5/ozone-meta/datanode-1/data-0/hdds)] INFO  ozoneimpl.AbstractBackgroundContainerScanner (AbstractBackgroundContainerScanner.java:runIteration(89)) - Completed an iteration in 0 minutes. Number of iterations (since the data-node restart) : 1, Number of containers scanned in this iteration : 0, Number of unhealthy containers found in this iteration : 0
2025-04-23 14:39:30,736 [b100e076-0476-452f-b9c4-da313a68c752-EndpointStateMachineTaskThread-/0.0.0.0:15044-0 ] INFO  replication.ReplicationServer (ReplicationServer.java:start(137)) - ReplicationServer is started using port 15067
2025-04-23 14:39:30,736 [b100e076-0476-452f-b9c4-da313a68c752-EndpointStateMachineTaskThread-/0.0.0.0:15044-0 ] INFO  ratis.XceiverServerRatis (XceiverServerRatis.java:start(559)) - Starting XceiverServerRatis(b100e076-0476-452f-b9c4-da313a68c752)
2025-04-23 14:39:30,737 [b100e076-0476-452f-b9c4-da313a68c752-EndpointStateMachineTaskThread-/0.0.0.0:15044-0 ] INFO  server.RaftServer (RaftServerProxy.java:startImpl(407)) - b100e076-0476-452f-b9c4-da313a68c752: start RPC server
2025-04-23 14:39:30,737 [b100e076-0476-452f-b9c4-da313a68c752-EndpointStateMachineTaskThread-/0.0.0.0:15044-0 ] INFO  server.GrpcService (GrpcService.java:startImpl(334)) - b100e076-0476-452f-b9c4-da313a68c752: GrpcService started, listening on 15063
2025-04-23 14:39:30,737 [b100e076-0476-452f-b9c4-da313a68c752-EndpointStateMachineTaskThread-/0.0.0.0:15044-0 ] INFO  server.GrpcService (GrpcService.java:startImpl(334)) - b100e076-0476-452f-b9c4-da313a68c752: GrpcService started, listening on 15065
2025-04-23 14:39:30,737 [b100e076-0476-452f-b9c4-da313a68c752-EndpointStateMachineTaskThread-/0.0.0.0:15044-0 ] INFO  server.GrpcService (GrpcService.java:startImpl(334)) - b100e076-0476-452f-b9c4-da313a68c752: GrpcService started, listening on 15064
2025-04-23 14:39:30,737 [b100e076-0476-452f-b9c4-da313a68c752-EndpointStateMachineTaskThread-/0.0.0.0:15044-0 ] INFO  ratis.XceiverServerRatis (XceiverServerRatis.java:getRealPort(586)) - XceiverServerRatis(b100e076-0476-452f-b9c4-da313a68c752) is started using port RATIS=15063
2025-04-23 14:39:30,737 [JvmPauseMonitor46] INFO  util.JvmPauseMonitor (JvmPauseMonitor.java:run(146)) - JvmPauseMonitor-b100e076-0476-452f-b9c4-da313a68c752: Started
2025-04-23 14:39:30,737 [b100e076-0476-452f-b9c4-da313a68c752-EndpointStateMachineTaskThread-/0.0.0.0:15044-0 ] INFO  ratis.XceiverServerRatis (XceiverServerRatis.java:getRealPort(586)) - XceiverServerRatis(b100e076-0476-452f-b9c4-da313a68c752) is started using port RATIS_ADMIN=15064
2025-04-23 14:39:30,738 [b100e076-0476-452f-b9c4-da313a68c752-EndpointStateMachineTaskThread-/0.0.0.0:15044-0 ] INFO  ratis.XceiverServerRatis (XceiverServerRatis.java:getRealPort(586)) - XceiverServerRatis(b100e076-0476-452f-b9c4-da313a68c752) is started using port RATIS_SERVER=15065
2025-04-23 14:39:30,738 [b100e076-0476-452f-b9c4-da313a68c752-EndpointStateMachineTaskThread-/0.0.0.0:15044-0 ] INFO  ratis.XceiverServerRatis (XceiverServerRatis.java:getRealPort(586)) - XceiverServerRatis(b100e076-0476-452f-b9c4-da313a68c752) is started using port RATIS_DATASTREAM=15066
2025-04-23 14:39:30,738 [b100e076-0476-452f-b9c4-da313a68c752-BlockDeletingService#0] INFO  interfaces.ContainerDeletionChoosingPolicyTemplate (ContainerDeletionChoosingPolicyTemplate.java:chooseContainerForBlockDeletion(83)) - Chosen 0/5000 blocks from 0 candidate containers.
2025-04-23 14:39:30,935 [b2165e39-3e51-4fdf-a7c8-80f70bfd3a27-EndpointStateMachineTaskThread-/0.0.0.0:15044-0 ] INFO  utils.DatanodeStoreCache (DatanodeStoreCache.java:addDB(71)) - Added db /home/runner/work/ozone/ozone/hadoop-ozone/integration-test/target/test-dir/MiniOzoneClusterImpl-feea018d-8976-442b-acbc-fedf3986ffa5/ozone-meta/datanode-2/data-0/hdds/feea018d-8976-442b-acbc-fedf3986ffa5/DS-5cbd041a-edb7-435c-8b1c-7c1f7cba08be/container.db to cache
2025-04-23 14:39:30,935 [b2165e39-3e51-4fdf-a7c8-80f70bfd3a27-EndpointStateMachineTaskThread-/0.0.0.0:15044-0 ] INFO  volume.HddsVolume (HddsVolume.java:createDbStore(510)) - SchemaV3 db is created and loaded at /home/runner/work/ozone/ozone/hadoop-ozone/integration-test/target/test-dir/MiniOzoneClusterImpl-feea018d-8976-442b-acbc-fedf3986ffa5/ozone-meta/datanode-2/data-0/hdds/feea018d-8976-442b-acbc-fedf3986ffa5/DS-5cbd041a-edb7-435c-8b1c-7c1f7cba08be/container.db for volume DS-5cbd041a-edb7-435c-8b1c-7c1f7cba08be
2025-04-23 14:39:30,938 [b2165e39-3e51-4fdf-a7c8-80f70bfd3a27-ContainerReader-0] INFO  ozoneimpl.ContainerReader (ContainerReader.java:readVolume(144)) - Start to verify containers on volume /home/runner/work/ozone/ozone/hadoop-ozone/integration-test/target/test-dir/MiniOzoneClusterImpl-feea018d-8976-442b-acbc-fedf3986ffa5/ozone-meta/datanode-2/data-0/hdds
2025-04-23 14:39:30,938 [b2165e39-3e51-4fdf-a7c8-80f70bfd3a27-ContainerReader-0] INFO  ozoneimpl.ContainerReader (ContainerReader.java:readVolume(174)) - Finish verifying containers on volume /home/runner/work/ozone/ozone/hadoop-ozone/integration-test/target/test-dir/MiniOzoneClusterImpl-feea018d-8976-442b-acbc-fedf3986ffa5/ozone-meta/datanode-2/data-0/hdds
2025-04-23 14:39:30,938 [b2165e39-3e51-4fdf-a7c8-80f70bfd3a27-EndpointStateMachineTaskThread-/0.0.0.0:15044-0 ] INFO  ozoneimpl.OzoneContainer (OzoneContainer.java:buildContainerSet(364)) - Build ContainerSet costs 0s
2025-04-23 14:39:30,938 [b2165e39-3e51-4fdf-a7c8-80f70bfd3a27-EndpointStateMachineTaskThread-/0.0.0.0:15044-0 ] INFO  volume.ThrottledAsyncChecker (ThrottledAsyncChecker.java:schedule(138)) - Scheduling a check for /home/runner/work/ozone/ozone/hadoop-ozone/integration-test/target/test-dir/MiniOzoneClusterImpl-feea018d-8976-442b-acbc-fedf3986ffa5/ozone-meta/datanode-2/data-0/hdds
2025-04-23 14:39:30,939 [b2165e39-3e51-4fdf-a7c8-80f70bfd3a27-EndpointStateMachineTaskThread-/0.0.0.0:15044-0 ] INFO  volume.StorageVolumeChecker (StorageVolumeChecker.java:checkAllVolumes(215)) - Scheduled health check for volume /home/runner/work/ozone/ozone/hadoop-ozone/integration-test/target/test-dir/MiniOzoneClusterImpl-feea018d-8976-442b-acbc-fedf3986ffa5/ozone-meta/datanode-2/data-0/hdds
2025-04-23 14:39:30,942 [b2165e39-3e51-4fdf-a7c8-80f70bfd3a27-EndpointStateMachineTaskThread-/0.0.0.0:15044-0 ] INFO  volume.ThrottledAsyncChecker (ThrottledAsyncChecker.java:schedule(138)) - Scheduling a check for /home/runner/work/ozone/ozone/hadoop-ozone/integration-test/target/test-dir/MiniOzoneClusterImpl-feea018d-8976-442b-acbc-fedf3986ffa5/ozone-meta/datanode-2/ratis
2025-04-23 14:39:30,942 [b2165e39-3e51-4fdf-a7c8-80f70bfd3a27-EndpointStateMachineTaskThread-/0.0.0.0:15044-0 ] INFO  volume.StorageVolumeChecker (StorageVolumeChecker.java:checkAllVolumes(215)) - Scheduled health check for volume /home/runner/work/ozone/ozone/hadoop-ozone/integration-test/target/test-dir/MiniOzoneClusterImpl-feea018d-8976-442b-acbc-fedf3986ffa5/ozone-meta/datanode-2/ratis
2025-04-23 14:39:30,943 [b2165e39-3e51-4fdf-a7c8-80f70bfd3a27-EndpointStateMachineTaskThread-/0.0.0.0:15044-0 ] INFO  ozoneimpl.OzoneContainer (OzoneContainer.java:start(512)) - Attempting to start container services.
2025-04-23 14:39:30,943 [b2165e39-3e51-4fdf-a7c8-80f70bfd3a27-EndpointStateMachineTaskThread-/0.0.0.0:15044-0 ] WARN  ozoneimpl.OnDemandContainerDataScanner (OnDemandContainerDataScanner.java:init(74)) - Trying to initialize on demand scanner a second time on a datanode.
2025-04-23 14:39:30,944 [ContainerMetadataScanner] INFO  ozoneimpl.AbstractBackgroundContainerScanner (AbstractBackgroundContainerScanner.java:runIteration(89)) - Completed an iteration in 0 minutes. Number of iterations (since the data-node restart) : 1, Number of containers scanned in this iteration : 0, Number of unhealthy containers found in this iteration : 0
2025-04-23 14:39:30,944 [ContainerDataScanner(/home/runner/work/ozone/ozone/hadoop-ozone/integration-test/target/test-dir/MiniOzoneClusterImpl-feea018d-8976-442b-acbc-fedf3986ffa5/ozone-meta/datanode-2/data-0/hdds)] INFO  ozoneimpl.AbstractBackgroundContainerScanner (AbstractBackgroundContainerScanner.java:runIteration(89)) - Completed an iteration in 0 minutes. Number of iterations (since the data-node restart) : 1, Number of containers scanned in this iteration : 0, Number of unhealthy containers found in this iteration : 0
2025-04-23 14:39:30,944 [b2165e39-3e51-4fdf-a7c8-80f70bfd3a27-EndpointStateMachineTaskThread-/0.0.0.0:15044-0 ] INFO  replication.ReplicationServer (ReplicationServer.java:start(137)) - ReplicationServer is started using port 15075
2025-04-23 14:39:30,945 [b2165e39-3e51-4fdf-a7c8-80f70bfd3a27-EndpointStateMachineTaskThread-/0.0.0.0:15044-0 ] INFO  ratis.XceiverServerRatis (XceiverServerRatis.java:start(559)) - Starting XceiverServerRatis(b2165e39-3e51-4fdf-a7c8-80f70bfd3a27)
2025-04-23 14:39:30,945 [b2165e39-3e51-4fdf-a7c8-80f70bfd3a27-EndpointStateMachineTaskThread-/0.0.0.0:15044-0 ] INFO  server.RaftServer (RaftServerProxy.java:startImpl(407)) - b2165e39-3e51-4fdf-a7c8-80f70bfd3a27: start RPC server
2025-04-23 14:39:30,945 [b2165e39-3e51-4fdf-a7c8-80f70bfd3a27-EndpointStateMachineTaskThread-/0.0.0.0:15044-0 ] INFO  server.GrpcService (GrpcService.java:startImpl(334)) - b2165e39-3e51-4fdf-a7c8-80f70bfd3a27: GrpcService started, listening on 15071
2025-04-23 14:39:30,946 [b2165e39-3e51-4fdf-a7c8-80f70bfd3a27-EndpointStateMachineTaskThread-/0.0.0.0:15044-0 ] INFO  server.GrpcService (GrpcService.java:startImpl(334)) - b2165e39-3e51-4fdf-a7c8-80f70bfd3a27: GrpcService started, listening on 15073
2025-04-23 14:39:30,946 [b2165e39-3e51-4fdf-a7c8-80f70bfd3a27-EndpointStateMachineTaskThread-/0.0.0.0:15044-0 ] INFO  server.GrpcService (GrpcService.java:startImpl(334)) - b2165e39-3e51-4fdf-a7c8-80f70bfd3a27: GrpcService started, listening on 15072
2025-04-23 14:39:30,946 [b2165e39-3e51-4fdf-a7c8-80f70bfd3a27-EndpointStateMachineTaskThread-/0.0.0.0:15044-0 ] INFO  ratis.XceiverServerRatis (XceiverServerRatis.java:getRealPort(586)) - XceiverServerRatis(b2165e39-3e51-4fdf-a7c8-80f70bfd3a27) is started using port RATIS=15071
2025-04-23 14:39:30,946 [b2165e39-3e51-4fdf-a7c8-80f70bfd3a27-EndpointStateMachineTaskThread-/0.0.0.0:15044-0 ] INFO  ratis.XceiverServerRatis (XceiverServerRatis.java:getRealPort(586)) - XceiverServerRatis(b2165e39-3e51-4fdf-a7c8-80f70bfd3a27) is started using port RATIS_ADMIN=15072
2025-04-23 14:39:30,946 [b2165e39-3e51-4fdf-a7c8-80f70bfd3a27-EndpointStateMachineTaskThread-/0.0.0.0:15044-0 ] INFO  ratis.XceiverServerRatis (XceiverServerRatis.java:getRealPort(586)) - XceiverServerRatis(b2165e39-3e51-4fdf-a7c8-80f70bfd3a27) is started using port RATIS_SERVER=15073
2025-04-23 14:39:30,946 [b2165e39-3e51-4fdf-a7c8-80f70bfd3a27-EndpointStateMachineTaskThread-/0.0.0.0:15044-0 ] INFO  ratis.XceiverServerRatis (XceiverServerRatis.java:getRealPort(586)) - XceiverServerRatis(b2165e39-3e51-4fdf-a7c8-80f70bfd3a27) is started using port RATIS_DATASTREAM=15074
2025-04-23 14:39:30,946 [JvmPauseMonitor47] INFO  util.JvmPauseMonitor (JvmPauseMonitor.java:run(146)) - JvmPauseMonitor-b2165e39-3e51-4fdf-a7c8-80f70bfd3a27: Started
2025-04-23 14:39:30,947 [b2165e39-3e51-4fdf-a7c8-80f70bfd3a27-BlockDeletingService#0] INFO  interfaces.ContainerDeletionChoosingPolicyTemplate (ContainerDeletionChoosingPolicyTemplate.java:chooseContainerForBlockDeletion(83)) - Chosen 0/5000 blocks from 0 candidate containers.
2025-04-23 14:39:30,973 [b3e33d86-0447-4fd5-9cd5-f314a86cc755-EndpointStateMachineTaskThread-/0.0.0.0:15002-0 ] INFO  ipc.Client (Client.java:handleConnectionFailure(966)) - Retrying connect to server: 0.0.0.0/0.0.0.0:15002. Already tried 10 time(s); retry policy is RetryUpToMaximumCountWithFixedSleep(maxRetries=15, sleepTime=1000 MILLISECONDS)
2025-04-23 14:39:31,114 [0b100b3f-2f19-4793-aa85-7b90340ffd9b-EndpointStateMachineTaskThread-/0.0.0.0:15044-0 ] INFO  utils.DatanodeStoreCache (DatanodeStoreCache.java:addDB(71)) - Added db /home/runner/work/ozone/ozone/hadoop-ozone/integration-test/target/test-dir/MiniOzoneClusterImpl-feea018d-8976-442b-acbc-fedf3986ffa5/ozone-meta/datanode-3/data-0/hdds/feea018d-8976-442b-acbc-fedf3986ffa5/DS-7a117133-5c1d-4516-9f2f-e1f2d45147b9/container.db to cache
2025-04-23 14:39:31,114 [0b100b3f-2f19-4793-aa85-7b90340ffd9b-EndpointStateMachineTaskThread-/0.0.0.0:15044-0 ] INFO  volume.HddsVolume (HddsVolume.java:createDbStore(510)) - SchemaV3 db is created and loaded at /home/runner/work/ozone/ozone/hadoop-ozone/integration-test/target/test-dir/MiniOzoneClusterImpl-feea018d-8976-442b-acbc-fedf3986ffa5/ozone-meta/datanode-3/data-0/hdds/feea018d-8976-442b-acbc-fedf3986ffa5/DS-7a117133-5c1d-4516-9f2f-e1f2d45147b9/container.db for volume DS-7a117133-5c1d-4516-9f2f-e1f2d45147b9
2025-04-23 14:39:31,117 [0b100b3f-2f19-4793-aa85-7b90340ffd9b-ContainerReader-0] INFO  ozoneimpl.ContainerReader (ContainerReader.java:readVolume(144)) - Start to verify containers on volume /home/runner/work/ozone/ozone/hadoop-ozone/integration-test/target/test-dir/MiniOzoneClusterImpl-feea018d-8976-442b-acbc-fedf3986ffa5/ozone-meta/datanode-3/data-0/hdds
2025-04-23 14:39:31,117 [0b100b3f-2f19-4793-aa85-7b90340ffd9b-ContainerReader-0] INFO  ozoneimpl.ContainerReader (ContainerReader.java:readVolume(174)) - Finish verifying containers on volume /home/runner/work/ozone/ozone/hadoop-ozone/integration-test/target/test-dir/MiniOzoneClusterImpl-feea018d-8976-442b-acbc-fedf3986ffa5/ozone-meta/datanode-3/data-0/hdds
2025-04-23 14:39:31,117 [0b100b3f-2f19-4793-aa85-7b90340ffd9b-EndpointStateMachineTaskThread-/0.0.0.0:15044-0 ] INFO  ozoneimpl.OzoneContainer (OzoneContainer.java:buildContainerSet(364)) - Build ContainerSet costs 0s
2025-04-23 14:39:31,117 [0b100b3f-2f19-4793-aa85-7b90340ffd9b-EndpointStateMachineTaskThread-/0.0.0.0:15044-0 ] INFO  volume.ThrottledAsyncChecker (ThrottledAsyncChecker.java:schedule(138)) - Scheduling a check for /home/runner/work/ozone/ozone/hadoop-ozone/integration-test/target/test-dir/MiniOzoneClusterImpl-feea018d-8976-442b-acbc-fedf3986ffa5/ozone-meta/datanode-3/data-0/hdds
2025-04-23 14:39:31,117 [0b100b3f-2f19-4793-aa85-7b90340ffd9b-EndpointStateMachineTaskThread-/0.0.0.0:15044-0 ] INFO  volume.StorageVolumeChecker (StorageVolumeChecker.java:checkAllVolumes(215)) - Scheduled health check for volume /home/runner/work/ozone/ozone/hadoop-ozone/integration-test/target/test-dir/MiniOzoneClusterImpl-feea018d-8976-442b-acbc-fedf3986ffa5/ozone-meta/datanode-3/data-0/hdds
2025-04-23 14:39:31,120 [0b100b3f-2f19-4793-aa85-7b90340ffd9b-EndpointStateMachineTaskThread-/0.0.0.0:15044-0 ] INFO  volume.ThrottledAsyncChecker (ThrottledAsyncChecker.java:schedule(138)) - Scheduling a check for /home/runner/work/ozone/ozone/hadoop-ozone/integration-test/target/test-dir/MiniOzoneClusterImpl-feea018d-8976-442b-acbc-fedf3986ffa5/ozone-meta/datanode-3/ratis
2025-04-23 14:39:31,120 [0b100b3f-2f19-4793-aa85-7b90340ffd9b-EndpointStateMachineTaskThread-/0.0.0.0:15044-0 ] INFO  volume.StorageVolumeChecker (StorageVolumeChecker.java:checkAllVolumes(215)) - Scheduled health check for volume /home/runner/work/ozone/ozone/hadoop-ozone/integration-test/target/test-dir/MiniOzoneClusterImpl-feea018d-8976-442b-acbc-fedf3986ffa5/ozone-meta/datanode-3/ratis
2025-04-23 14:39:31,121 [0b100b3f-2f19-4793-aa85-7b90340ffd9b-EndpointStateMachineTaskThread-/0.0.0.0:15044-0 ] INFO  ozoneimpl.OzoneContainer (OzoneContainer.java:start(512)) - Attempting to start container services.
2025-04-23 14:39:31,121 [0b100b3f-2f19-4793-aa85-7b90340ffd9b-EndpointStateMachineTaskThread-/0.0.0.0:15044-0 ] WARN  ozoneimpl.OnDemandContainerDataScanner (OnDemandContainerDataScanner.java:init(74)) - Trying to initialize on demand scanner a second time on a datanode.
2025-04-23 14:39:31,121 [ContainerMetadataScanner] INFO  ozoneimpl.AbstractBackgroundContainerScanner (AbstractBackgroundContainerScanner.java:runIteration(89)) - Completed an iteration in 0 minutes. Number of iterations (since the data-node restart) : 1, Number of containers scanned in this iteration : 0, Number of unhealthy containers found in this iteration : 0
2025-04-23 14:39:31,122 [ContainerDataScanner(/home/runner/work/ozone/ozone/hadoop-ozone/integration-test/target/test-dir/MiniOzoneClusterImpl-feea018d-8976-442b-acbc-fedf3986ffa5/ozone-meta/datanode-3/data-0/hdds)] INFO  ozoneimpl.AbstractBackgroundContainerScanner (AbstractBackgroundContainerScanner.java:runIteration(89)) - Completed an iteration in 0 minutes. Number of iterations (since the data-node restart) : 1, Number of containers scanned in this iteration : 0, Number of unhealthy containers found in this iteration : 0
2025-04-23 14:39:31,122 [0b100b3f-2f19-4793-aa85-7b90340ffd9b-EndpointStateMachineTaskThread-/0.0.0.0:15044-0 ] INFO  replication.ReplicationServer (ReplicationServer.java:start(137)) - ReplicationServer is started using port 15083
2025-04-23 14:39:31,122 [0b100b3f-2f19-4793-aa85-7b90340ffd9b-EndpointStateMachineTaskThread-/0.0.0.0:15044-0 ] INFO  ratis.XceiverServerRatis (XceiverServerRatis.java:start(559)) - Starting XceiverServerRatis(0b100b3f-2f19-4793-aa85-7b90340ffd9b)
2025-04-23 14:39:31,123 [0b100b3f-2f19-4793-aa85-7b90340ffd9b-EndpointStateMachineTaskThread-/0.0.0.0:15044-0 ] INFO  server.RaftServer (RaftServerProxy.java:startImpl(407)) - 0b100b3f-2f19-4793-aa85-7b90340ffd9b: start RPC server
2025-04-23 14:39:31,123 [0b100b3f-2f19-4793-aa85-7b90340ffd9b-EndpointStateMachineTaskThread-/0.0.0.0:15044-0 ] INFO  server.GrpcService (GrpcService.java:startImpl(334)) - 0b100b3f-2f19-4793-aa85-7b90340ffd9b: GrpcService started, listening on 15079
2025-04-23 14:39:31,123 [0b100b3f-2f19-4793-aa85-7b90340ffd9b-EndpointStateMachineTaskThread-/0.0.0.0:15044-0 ] INFO  server.GrpcService (GrpcService.java:startImpl(334)) - 0b100b3f-2f19-4793-aa85-7b90340ffd9b: GrpcService started, listening on 15081
2025-04-23 14:39:31,123 [0b100b3f-2f19-4793-aa85-7b90340ffd9b-EndpointStateMachineTaskThread-/0.0.0.0:15044-0 ] INFO  server.GrpcService (GrpcService.java:startImpl(334)) - 0b100b3f-2f19-4793-aa85-7b90340ffd9b: GrpcService started, listening on 15080
2025-04-23 14:39:31,123 [0b100b3f-2f19-4793-aa85-7b90340ffd9b-EndpointStateMachineTaskThread-/0.0.0.0:15044-0 ] INFO  ratis.XceiverServerRatis (XceiverServerRatis.java:getRealPort(586)) - XceiverServerRatis(0b100b3f-2f19-4793-aa85-7b90340ffd9b) is started using port RATIS=15079
2025-04-23 14:39:31,124 [0b100b3f-2f19-4793-aa85-7b90340ffd9b-EndpointStateMachineTaskThread-/0.0.0.0:15044-0 ] INFO  ratis.XceiverServerRatis (XceiverServerRatis.java:getRealPort(586)) - XceiverServerRatis(0b100b3f-2f19-4793-aa85-7b90340ffd9b) is started using port RATIS_ADMIN=15080
2025-04-23 14:39:31,124 [0b100b3f-2f19-4793-aa85-7b90340ffd9b-EndpointStateMachineTaskThread-/0.0.0.0:15044-0 ] INFO  ratis.XceiverServerRatis (XceiverServerRatis.java:getRealPort(586)) - XceiverServerRatis(0b100b3f-2f19-4793-aa85-7b90340ffd9b) is started using port RATIS_SERVER=15081
2025-04-23 14:39:31,124 [JvmPauseMonitor48] INFO  util.JvmPauseMonitor (JvmPauseMonitor.java:run(146)) - JvmPauseMonitor-0b100b3f-2f19-4793-aa85-7b90340ffd9b: Started
2025-04-23 14:39:31,124 [0b100b3f-2f19-4793-aa85-7b90340ffd9b-EndpointStateMachineTaskThread-/0.0.0.0:15044-0 ] INFO  ratis.XceiverServerRatis (XceiverServerRatis.java:getRealPort(586)) - XceiverServerRatis(0b100b3f-2f19-4793-aa85-7b90340ffd9b) is started using port RATIS_DATASTREAM=15082
2025-04-23 14:39:31,124 [0b100b3f-2f19-4793-aa85-7b90340ffd9b-BlockDeletingService#0] INFO  interfaces.ContainerDeletionChoosingPolicyTemplate (ContainerDeletionChoosingPolicyTemplate.java:chooseContainerForBlockDeletion(83)) - Chosen 0/5000 blocks from 0 candidate containers.
2025-04-23 14:39:31,196 [IPC Server handler 2 on default port 15044] INFO  net.NetworkTopologyImpl (NetworkTopologyImpl.java:add(133)) - Added a new node: /default-rack/b100e076-0476-452f-b9c4-da313a68c752
2025-04-23 14:39:31,196 [IPC Server handler 2 on default port 15044] INFO  node.SCMNodeManager (SCMNodeManager.java:register(425)) - Registered datanode: b100e076-0476-452f-b9c4-da313a68c752{ip: 127.0.0.1, host: localhost, ports: [HTTP=15060, CLIENT_RPC=15061, REPLICATION=15067, RATIS=15063, RATIS_ADMIN=15064, RATIS_SERVER=15065, RATIS_DATASTREAM=15066, STANDALONE=15062], networkLocation: /default-rack, certSerialId: null, persistedOpState: null, persistedOpStateExpiryEpochSec: 0}
2025-04-23 14:39:31,197 [EventQueue-NewNodeForNewNodeHandler] INFO  pipeline.BackgroundPipelineCreator (BackgroundPipelineCreator.java:notifyEventTriggered(291)) - trigger a one-shot run on RatisPipelineUtilsThread.
2025-04-23 14:39:31,197 [EventQueue-NodeRegistrationContainerReportForDataNodeSafeModeRule] INFO  safemode.SCMSafeModeManager (DataNodeSafeModeRule.java:process(79)) - SCM in safe mode. 1 DataNodes registered, 3 required.
2025-04-23 14:39:31,197 [EventQueue-ContainerRegistrationReportForECContainerSafeModeRule] INFO  safemode.SCMSafeModeManager (SCMSafeModeManager.java:validateSafeModeExitRules(186)) - ECContainerSafeModeRule rule is successfully validated
2025-04-23 14:39:31,197 [EventQueue-ContainerRegistrationReportForRatisContainerSafeModeRule] INFO  safemode.SCMSafeModeManager (SCMSafeModeManager.java:validateSafeModeExitRules(186)) - RatisContainerSafeModeRule rule is successfully validated
2025-04-23 14:39:31,197 [RatisPipelineUtilsThread-0] INFO  pipeline.RatisPipelineProvider (RatisPipelineProvider.java:lambda$create$0(208)) - Sending CreatePipelineCommand for pipeline:PipelineID=d8f402b9-1813-40e7-9ad9-dee2433ae9f8 to datanode:b100e076-0476-452f-b9c4-da313a68c752(localhost/127.0.0.1)
2025-04-23 14:39:31,198 [EventQueue-PipelineReportForOneReplicaPipelineSafeModeRule] INFO  safemode.SCMSafeModeManager (SCMSafeModeManager.java:validateSafeModeExitRules(186)) - AtleastOneDatanodeReportedRule rule is successfully validated
2025-04-23 14:39:31,200 [6229d4c2-9d37-4ba8-b373-d0f9d49f2b38@group-FEDF3986FFA5-StateMachineUpdater] INFO  safemode.HealthyPipelineSafeModeRule (HealthyPipelineSafeModeRule.java:initializeRule(174)) - Refreshed total pipeline count is 0, healthy pipeline threshold count is 1
2025-04-23 14:39:31,200 [RatisPipelineUtilsThread-0] INFO  pipeline.BackgroundPipelineCreator (BackgroundPipelineCreator.java:createPipelines(247)) - Created new pipeline Pipeline{ Id: d8f402b9-1813-40e7-9ad9-dee2433ae9f8, Nodes: [ {b100e076-0476-452f-b9c4-da313a68c752(localhost/127.0.0.1), ReplicaIndex: 0},], ReplicationConfig: RATIS/ONE, State:ALLOCATED, leaderId:, CreationTimestamp2025-04-23T14:39:31.197839887Z[Etc/UTC]}
2025-04-23 14:39:31,400 [IPC Server handler 3 on default port 15044] INFO  net.NetworkTopologyImpl (NetworkTopologyImpl.java:add(133)) - Added a new node: /default-rack/b2165e39-3e51-4fdf-a7c8-80f70bfd3a27
2025-04-23 14:39:31,400 [IPC Server handler 3 on default port 15044] INFO  node.SCMNodeManager (SCMNodeManager.java:register(425)) - Registered datanode: b2165e39-3e51-4fdf-a7c8-80f70bfd3a27{ip: 127.0.0.1, host: localhost, ports: [HTTP=15068, CLIENT_RPC=15069, REPLICATION=15075, RATIS=15071, RATIS_ADMIN=15072, RATIS_SERVER=15073, RATIS_DATASTREAM=15074, STANDALONE=15070], networkLocation: /default-rack, certSerialId: null, persistedOpState: null, persistedOpStateExpiryEpochSec: 0}
2025-04-23 14:39:31,401 [EventQueue-NewNodeForNewNodeHandler] INFO  pipeline.BackgroundPipelineCreator (BackgroundPipelineCreator.java:notifyEventTriggered(291)) - trigger a one-shot run on RatisPipelineUtilsThread.
2025-04-23 14:39:31,401 [EventQueue-NodeRegistrationContainerReportForDataNodeSafeModeRule] INFO  safemode.SCMSafeModeManager (DataNodeSafeModeRule.java:process(79)) - SCM in safe mode. 2 DataNodes registered, 3 required.
2025-04-23 14:39:31,401 [RatisPipelineUtilsThread-0] INFO  pipeline.RatisPipelineProvider (RatisPipelineProvider.java:lambda$create$0(208)) - Sending CreatePipelineCommand for pipeline:PipelineID=55473919-b61a-496b-af91-ecb7ce52c1ed to datanode:b2165e39-3e51-4fdf-a7c8-80f70bfd3a27(localhost/127.0.0.1)
2025-04-23 14:39:31,403 [6229d4c2-9d37-4ba8-b373-d0f9d49f2b38@group-FEDF3986FFA5-StateMachineUpdater] INFO  safemode.HealthyPipelineSafeModeRule (HealthyPipelineSafeModeRule.java:initializeRule(174)) - Refreshed total pipeline count is 0, healthy pipeline threshold count is 1
2025-04-23 14:39:31,403 [RatisPipelineUtilsThread-0] INFO  pipeline.BackgroundPipelineCreator (BackgroundPipelineCreator.java:createPipelines(247)) - Created new pipeline Pipeline{ Id: 55473919-b61a-496b-af91-ecb7ce52c1ed, Nodes: [ {b2165e39-3e51-4fdf-a7c8-80f70bfd3a27(localhost/127.0.0.1), ReplicaIndex: 0},], ReplicationConfig: RATIS/ONE, State:ALLOCATED, leaderId:, CreationTimestamp2025-04-23T14:39:31.401514544Z[Etc/UTC]}
2025-04-23 14:39:31,579 [main] INFO  ozone.MiniOzoneClusterImpl (MiniOzoneClusterImpl.java:lambda$waitForClusterToBeReady$0(190)) - Waiting for nodes to be ready. Got 2 of 3 DN Heartbeats.
2025-04-23 14:39:31,579 [main] INFO  ozone.MiniOzoneClusterImpl (MiniOzoneClusterImpl.java:lambda$waitForClusterToBeReady$0(193)) - Waiting for cluster to exit safe mode
2025-04-23 14:39:31,580 [main] INFO  ozone.MiniOzoneClusterImpl (MiniOzoneClusterImpl.java:lambda$waitForClusterToBeReady$0(195)) - SCM became leader
2025-04-23 14:39:31,581 [IPC Server handler 4 on default port 15044] INFO  net.NetworkTopologyImpl (NetworkTopologyImpl.java:add(133)) - Added a new node: /default-rack/0b100b3f-2f19-4793-aa85-7b90340ffd9b
2025-04-23 14:39:31,582 [IPC Server handler 4 on default port 15044] INFO  node.SCMNodeManager (SCMNodeManager.java:register(425)) - Registered datanode: 0b100b3f-2f19-4793-aa85-7b90340ffd9b{ip: 127.0.0.1, host: localhost, ports: [HTTP=15076, CLIENT_RPC=15077, REPLICATION=15083, RATIS=15079, RATIS_ADMIN=15080, RATIS_SERVER=15081, RATIS_DATASTREAM=15082, STANDALONE=15078], networkLocation: /default-rack, certSerialId: null, persistedOpState: null, persistedOpStateExpiryEpochSec: 0}
2025-04-23 14:39:31,582 [EventQueue-NodeRegistrationContainerReportForDataNodeSafeModeRule] INFO  safemode.SCMSafeModeManager (DataNodeSafeModeRule.java:process(79)) - SCM in safe mode. 3 DataNodes registered, 3 required.
2025-04-23 14:39:31,582 [EventQueue-NodeRegistrationContainerReportForDataNodeSafeModeRule] INFO  safemode.SCMSafeModeManager (SCMSafeModeManager.java:validateSafeModeExitRules(186)) - DataNodeSafeModeRule rule is successfully validated
2025-04-23 14:39:31,582 [EventQueue-NodeRegistrationContainerReportForDataNodeSafeModeRule] INFO  safemode.SCMSafeModeManager (SCMSafeModeManager.java:completePreCheck(215)) - All SCM safe mode pre check rules have passed
2025-04-23 14:39:31,582 [EventQueue-NodeRegistrationContainerReportForDataNodeSafeModeRule] INFO  ha.SCMContext (SCMContext.java:updateSafeModeStatus(224)) - Update SafeModeStatus from SafeModeStatus{safeModeStatus=true, preCheckPassed=false} to SafeModeStatus{safeModeStatus=true, preCheckPassed=true}.
2025-04-23 14:39:31,582 [EventQueue-NodeRegistrationContainerReportForDataNodeSafeModeRule] INFO  pipeline.BackgroundPipelineCreator (BackgroundPipelineCreator.java:notifyEventTriggered(291)) - trigger a one-shot run on RatisPipelineUtilsThread.
2025-04-23 14:39:31,582 [EventQueue-NewNodeForNewNodeHandler] INFO  pipeline.BackgroundPipelineCreator (BackgroundPipelineCreator.java:notifyEventTriggered(291)) - trigger a one-shot run on RatisPipelineUtilsThread.
2025-04-23 14:39:31,582 [RatisPipelineUtilsThread-0] INFO  pipeline.RatisPipelineProvider (RatisPipelineProvider.java:lambda$create$0(208)) - Sending CreatePipelineCommand for pipeline:PipelineID=2d861e36-1cfe-4e49-b4b6-7f3da2af8ed8 to datanode:0b100b3f-2f19-4793-aa85-7b90340ffd9b(localhost/127.0.0.1)
2025-04-23 14:39:31,584 [6229d4c2-9d37-4ba8-b373-d0f9d49f2b38@group-FEDF3986FFA5-StateMachineUpdater] INFO  safemode.HealthyPipelineSafeModeRule (HealthyPipelineSafeModeRule.java:initializeRule(174)) - Refreshed total pipeline count is 0, healthy pipeline threshold count is 1
2025-04-23 14:39:31,584 [RatisPipelineUtilsThread-0] INFO  pipeline.BackgroundPipelineCreator (BackgroundPipelineCreator.java:createPipelines(247)) - Created new pipeline Pipeline{ Id: 2d861e36-1cfe-4e49-b4b6-7f3da2af8ed8, Nodes: [ {0b100b3f-2f19-4793-aa85-7b90340ffd9b(localhost/127.0.0.1), ReplicaIndex: 0},], ReplicationConfig: RATIS/ONE, State:ALLOCATED, leaderId:, CreationTimestamp2025-04-23T14:39:31.582807669Z[Etc/UTC]}
2025-04-23 14:39:31,585 [RatisPipelineUtilsThread-0] INFO  pipeline.RatisPipelineProvider (RatisPipelineProvider.java:lambda$create$0(208)) - Sending CreatePipelineCommand for pipeline:PipelineID=f2aa9184-d93c-4bc1-b651-9b0acb485d37 to datanode:b2165e39-3e51-4fdf-a7c8-80f70bfd3a27(localhost/127.0.0.1)
2025-04-23 14:39:31,585 [RatisPipelineUtilsThread-0] INFO  pipeline.RatisPipelineProvider (RatisPipelineProvider.java:lambda$create$0(208)) - Sending CreatePipelineCommand for pipeline:PipelineID=f2aa9184-d93c-4bc1-b651-9b0acb485d37 to datanode:b100e076-0476-452f-b9c4-da313a68c752(localhost/127.0.0.1)
2025-04-23 14:39:31,585 [RatisPipelineUtilsThread-0] INFO  pipeline.RatisPipelineProvider (RatisPipelineProvider.java:lambda$create$0(208)) - Sending CreatePipelineCommand for pipeline:PipelineID=f2aa9184-d93c-4bc1-b651-9b0acb485d37 to datanode:0b100b3f-2f19-4793-aa85-7b90340ffd9b(localhost/127.0.0.1)
2025-04-23 14:39:31,586 [6229d4c2-9d37-4ba8-b373-d0f9d49f2b38@group-FEDF3986FFA5-StateMachineUpdater] INFO  safemode.HealthyPipelineSafeModeRule (HealthyPipelineSafeModeRule.java:initializeRule(174)) - Refreshed total pipeline count is 0, healthy pipeline threshold count is 1
2025-04-23 14:39:31,586 [RatisPipelineUtilsThread-0] INFO  pipeline.BackgroundPipelineCreator (BackgroundPipelineCreator.java:createPipelines(247)) - Created new pipeline Pipeline{ Id: f2aa9184-d93c-4bc1-b651-9b0acb485d37, Nodes: [ {b2165e39-3e51-4fdf-a7c8-80f70bfd3a27(localhost/127.0.0.1), ReplicaIndex: 0}, {b100e076-0476-452f-b9c4-da313a68c752(localhost/127.0.0.1), ReplicaIndex: 0}, {0b100b3f-2f19-4793-aa85-7b90340ffd9b(localhost/127.0.0.1), ReplicaIndex: 0},], ReplicationConfig: RATIS/THREE, State:ALLOCATED, leaderId:, CreationTimestamp2025-04-23T14:39:31.585055397Z[Etc/UTC]}
2025-04-23 14:39:31,586 [RatisPipelineUtilsThread-0] INFO  pipeline.RatisPipelineProvider (RatisPipelineProvider.java:lambda$create$0(208)) - Sending CreatePipelineCommand for pipeline:PipelineID=51ff1beb-3af7-4546-9db4-40ddc87b6caf to datanode:0b100b3f-2f19-4793-aa85-7b90340ffd9b(localhost/127.0.0.1)
2025-04-23 14:39:31,587 [RatisPipelineUtilsThread-0] INFO  pipeline.RatisPipelineProvider (RatisPipelineProvider.java:lambda$create$0(208)) - Sending CreatePipelineCommand for pipeline:PipelineID=51ff1beb-3af7-4546-9db4-40ddc87b6caf to datanode:b100e076-0476-452f-b9c4-da313a68c752(localhost/127.0.0.1)
2025-04-23 14:39:31,587 [RatisPipelineUtilsThread-0] INFO  pipeline.RatisPipelineProvider (RatisPipelineProvider.java:lambda$create$0(208)) - Sending CreatePipelineCommand for pipeline:PipelineID=51ff1beb-3af7-4546-9db4-40ddc87b6caf to datanode:b2165e39-3e51-4fdf-a7c8-80f70bfd3a27(localhost/127.0.0.1)
2025-04-23 14:39:31,589 [6229d4c2-9d37-4ba8-b373-d0f9d49f2b38@group-FEDF3986FFA5-StateMachineUpdater] INFO  safemode.HealthyPipelineSafeModeRule (HealthyPipelineSafeModeRule.java:initializeRule(174)) - Refreshed total pipeline count is 0, healthy pipeline threshold count is 1
2025-04-23 14:39:31,589 [RatisPipelineUtilsThread-0] INFO  pipeline.PipelineManagerImpl (PipelineManagerImpl.java:recordMetricsForPipeline(921)) - Pipeline: PipelineID=51ff1beb-3af7-4546-9db4-40ddc87b6caf contains same datanodes as previous pipelines: PipelineID=f2aa9184-d93c-4bc1-b651-9b0acb485d37 nodeIds: 0b100b3f-2f19-4793-aa85-7b90340ffd9b, b100e076-0476-452f-b9c4-da313a68c752, b2165e39-3e51-4fdf-a7c8-80f70bfd3a27
2025-04-23 14:39:31,589 [RatisPipelineUtilsThread-0] INFO  pipeline.BackgroundPipelineCreator (BackgroundPipelineCreator.java:createPipelines(247)) - Created new pipeline Pipeline{ Id: 51ff1beb-3af7-4546-9db4-40ddc87b6caf, Nodes: [ {0b100b3f-2f19-4793-aa85-7b90340ffd9b(localhost/127.0.0.1), ReplicaIndex: 0}, {b100e076-0476-452f-b9c4-da313a68c752(localhost/127.0.0.1), ReplicaIndex: 0}, {b2165e39-3e51-4fdf-a7c8-80f70bfd3a27(localhost/127.0.0.1), ReplicaIndex: 0},], ReplicationConfig: RATIS/THREE, State:ALLOCATED, leaderId:, CreationTimestamp2025-04-23T14:39:31.586923930Z[Etc/UTC]}
2025-04-23 14:39:31,974 [b3e33d86-0447-4fd5-9cd5-f314a86cc755-EndpointStateMachineTaskThread-/0.0.0.0:15002-0 ] INFO  ipc.Client (Client.java:handleConnectionFailure(966)) - Retrying connect to server: 0.0.0.0/0.0.0.0:15002. Already tried 11 time(s); retry policy is RetryUpToMaximumCountWithFixedSleep(maxRetries=15, sleepTime=1000 MILLISECONDS)
2025-04-23 14:39:32,580 [main] INFO  ozone.MiniOzoneClusterImpl (MiniOzoneClusterImpl.java:lambda$waitForClusterToBeReady$0(190)) - Nodes are ready. Got 3 of 3 DN Heartbeats.
2025-04-23 14:39:32,580 [main] INFO  ozone.MiniOzoneClusterImpl (MiniOzoneClusterImpl.java:lambda$waitForClusterToBeReady$0(193)) - Waiting for cluster to exit safe mode
2025-04-23 14:39:32,580 [main] INFO  ozone.MiniOzoneClusterImpl (MiniOzoneClusterImpl.java:lambda$waitForClusterToBeReady$0(195)) - SCM became leader
2025-04-23 14:39:32,974 [b3e33d86-0447-4fd5-9cd5-f314a86cc755-EndpointStateMachineTaskThread-/0.0.0.0:15002-0 ] INFO  ipc.Client (Client.java:handleConnectionFailure(966)) - Retrying connect to server: 0.0.0.0/0.0.0.0:15002. Already tried 12 time(s); retry policy is RetryUpToMaximumCountWithFixedSleep(maxRetries=15, sleepTime=1000 MILLISECONDS)
2025-04-23 14:39:33,580 [main] INFO  ozone.MiniOzoneClusterImpl (MiniOzoneClusterImpl.java:lambda$waitForClusterToBeReady$0(190)) - Nodes are ready. Got 3 of 3 DN Heartbeats.
2025-04-23 14:39:33,580 [main] INFO  ozone.MiniOzoneClusterImpl (MiniOzoneClusterImpl.java:lambda$waitForClusterToBeReady$0(193)) - Waiting for cluster to exit safe mode
2025-04-23 14:39:33,580 [main] INFO  ozone.MiniOzoneClusterImpl (MiniOzoneClusterImpl.java:lambda$waitForClusterToBeReady$0(195)) - SCM became leader
2025-04-23 14:39:33,695 [b100e076-0476-452f-b9c4-da313a68c752-PipelineCommandHandlerThread-0] INFO  server.RaftServer (RaftServerProxy.java:addNew(100)) - b100e076-0476-452f-b9c4-da313a68c752: addNew group-DEE2433AE9F8:[b100e076-0476-452f-b9c4-da313a68c752|127.0.0.1:15065] returns group-DEE2433AE9F8:java.util.concurrent.CompletableFuture@2e767ae0[Not completed]
2025-04-23 14:39:33,697 [b100e076-0476-452f-b9c4-da313a68c752-groupManagement] INFO  server.RaftServer$Division (RaftServerImpl.java:<init>(255)) - b100e076-0476-452f-b9c4-da313a68c752: new RaftServerImpl for group-DEE2433AE9F8:[b100e076-0476-452f-b9c4-da313a68c752|127.0.0.1:15065] with ContainerStateMachine:uninitialized
2025-04-23 14:39:33,697 [b100e076-0476-452f-b9c4-da313a68c752-groupManagement] INFO  server.RaftServerConfigKeys (ConfUtils.java:logGet(46)) - raft.server.rpc.timeout.min = 5s (custom)
2025-04-23 14:39:33,697 [b100e076-0476-452f-b9c4-da313a68c752-groupManagement] INFO  server.RaftServerConfigKeys (ConfUtils.java:logGet(46)) - raft.server.rpc.timeout.max = 5200ms (custom)
2025-04-23 14:39:33,697 [b100e076-0476-452f-b9c4-da313a68c752-groupManagement] INFO  server.RaftServerConfigKeys (ConfUtils.java:logGet(46)) - raft.server.rpc.sleep.time = 25ms (default)
2025-04-23 14:39:33,697 [b100e076-0476-452f-b9c4-da313a68c752-groupManagement] INFO  server.RaftServerConfigKeys (ConfUtils.java:logGet(46)) - raft.server.rpc.slowness.timeout = 300s (custom)
2025-04-23 14:39:33,697 [b100e076-0476-452f-b9c4-da313a68c752-groupManagement] INFO  server.RaftServerConfigKeys (ConfUtils.java:logGet(46)) - raft.server.leaderelection.leader.step-down.wait-time = 10s (default)
2025-04-23 14:39:33,697 [b100e076-0476-452f-b9c4-da313a68c752-groupManagement] INFO  server.RaftServerConfigKeys (ConfUtils.java:logGet(46)) - raft.server.leaderelection.member.majority-add = false (default)
2025-04-23 14:39:33,697 [b100e076-0476-452f-b9c4-da313a68c752-groupManagement] INFO  server.RaftServerConfigKeys (ConfUtils.java:logGet(46)) - raft.server.sleep.deviation.threshold = 300ms (default)
2025-04-23 14:39:33,697 [b100e076-0476-452f-b9c4-da313a68c752-groupManagement] INFO  server.RaftServer$Division (ServerState.java:<init>(114)) - b100e076-0476-452f-b9c4-da313a68c752@group-DEE2433AE9F8: ConfigurationManager, init=conf: {index: -1, cur=peers:[b100e076-0476-452f-b9c4-da313a68c752|127.0.0.1:15065]|listeners:[], old=null}, confs=<EMPTY_MAP>
2025-04-23 14:39:33,697 [b100e076-0476-452f-b9c4-da313a68c752-groupManagement] INFO  server.RaftServerConfigKeys (ConfUtils.java:logGet(46)) - raft.server.notification.no-leader.timeout = 300s (custom)
2025-04-23 14:39:33,697 [b100e076-0476-452f-b9c4-da313a68c752-groupManagement] INFO  server.RaftServerConfigKeys (ConfUtils.java:logGet(46)) - raft.server.read.timeout = 10s (default)
2025-04-23 14:39:33,697 [b100e076-0476-452f-b9c4-da313a68c752-groupManagement] INFO  server.RaftServerConfigKeys (ConfUtils.java:logGet(46)) - raft.server.retrycache.expirytime = 600000ms (custom)
2025-04-23 14:39:33,697 [b100e076-0476-452f-b9c4-da313a68c752-groupManagement] INFO  server.RaftServerConfigKeys (ConfUtils.java:logGet(46)) - raft.server.retrycache.statistics.expirytime = 100ms (default)
2025-04-23 14:39:33,698 [b100e076-0476-452f-b9c4-da313a68c752-groupManagement] INFO  server.RaftServerConfigKeys (ConfUtils.java:logGet(46)) - raft.server.read.option = DEFAULT (default)
2025-04-23 14:39:33,698 [b100e076-0476-452f-b9c4-da313a68c752-groupManagement] INFO  server.RaftServerConfigKeys (ConfUtils.java:logGet(46)) - raft.server.read.read-after-write-consistent.write-index-cache.expiry-time = 60s (default)
2025-04-23 14:39:33,699 [b100e076-0476-452f-b9c4-da313a68c752-groupManagement] INFO  server.RaftServerConfigKeys (ConfUtils.java:logGet(46)) - raft.server.rpc.request.timeout = 60s (custom)
2025-04-23 14:39:33,699 [b100e076-0476-452f-b9c4-da313a68c752-groupManagement] INFO  server.RaftServerConfigKeys (ConfUtils.java:logGet(46)) - raft.server.log.appender.install.snapshot.enabled = false (custom)
2025-04-23 14:39:33,699 [b100e076-0476-452f-b9c4-da313a68c752-groupManagement] INFO  server.RaftServerConfigKeys (ConfUtils.java:logGet(46)) - raft.server.threadpool.server.cached = true (default)
2025-04-23 14:39:33,699 [b100e076-0476-452f-b9c4-da313a68c752-groupManagement] INFO  server.RaftServerConfigKeys (ConfUtils.java:logGet(46)) - raft.server.threadpool.server.size = 0 (default)
2025-04-23 14:39:33,699 [b100e076-0476-452f-b9c4-da313a68c752-groupManagement] INFO  server.RaftServerConfigKeys (ConfUtils.java:logGet(46)) - raft.server.threadpool.client.cached = true (default)
2025-04-23 14:39:33,699 [b100e076-0476-452f-b9c4-da313a68c752-groupManagement] INFO  server.RaftServerConfigKeys (ConfUtils.java:logGet(46)) - raft.server.threadpool.client.size = 0 (default)
2025-04-23 14:39:33,699 [b100e076-0476-452f-b9c4-da313a68c752-groupManagement] INFO  server.RaftServerConfigKeys (ConfUtils.java:logGet(46)) - raft.server.storage.free-space.min = 0MB (=0) (default)
2025-04-23 14:39:33,700 [b100e076-0476-452f-b9c4-da313a68c752-groupManagement] INFO  server.RaftServerConfigKeys (ConfUtils.java:logGet(46)) - raft.server.log.corruption.policy = EXCEPTION (default)
2025-04-23 14:39:33,700 [b100e076-0476-452f-b9c4-da313a68c752-groupManagement] INFO  server.RaftServerConfigKeys (ConfUtils.java:logGet(46)) - raft.server.storage.dir = [/home/runner/work/ozone/ozone/hadoop-ozone/integration-test/target/test-dir/MiniOzoneClusterImpl-feea018d-8976-442b-acbc-fedf3986ffa5/ozone-meta/datanode-1/ratis] (custom)
2025-04-23 14:39:33,700 [b100e076-0476-452f-b9c4-da313a68c752-groupManagement] INFO  storage.RaftStorageDirectory (RaftStorageDirectoryImpl.java:analyzeStorage(138)) - The storage directory /home/runner/work/ozone/ozone/hadoop-ozone/integration-test/target/test-dir/MiniOzoneClusterImpl-feea018d-8976-442b-acbc-fedf3986ffa5/ozone-meta/datanode-1/ratis/d8f402b9-1813-40e7-9ad9-dee2433ae9f8 does not exist. Creating ...
2025-04-23 14:39:33,701 [b100e076-0476-452f-b9c4-da313a68c752-groupManagement] INFO  storage.RaftStorageDirectory (RaftStorageDirectoryImpl.java:tryLock(229)) - Lock on /home/runner/work/ozone/ozone/hadoop-ozone/integration-test/target/test-dir/MiniOzoneClusterImpl-feea018d-8976-442b-acbc-fedf3986ffa5/ozone-meta/datanode-1/ratis/d8f402b9-1813-40e7-9ad9-dee2433ae9f8/in_use.lock acquired by nodename 129558@fv-az1120-822
2025-04-23 14:39:33,702 [b100e076-0476-452f-b9c4-da313a68c752-groupManagement] INFO  storage.RaftStorage (RaftStorageImpl.java:format(98)) - Storage directory /home/runner/work/ozone/ozone/hadoop-ozone/integration-test/target/test-dir/MiniOzoneClusterImpl-feea018d-8976-442b-acbc-fedf3986ffa5/ozone-meta/datanode-1/ratis/d8f402b9-1813-40e7-9ad9-dee2433ae9f8 has been successfully formatted.
2025-04-23 14:39:33,703 [b100e076-0476-452f-b9c4-da313a68c752-groupManagement] INFO  ratis.ContainerStateMachine (ContainerStateMachine.java:initialize(339)) - b100e076-0476-452f-b9c4-da313a68c752: initialize group-DEE2433AE9F8
2025-04-23 14:39:33,703 [b100e076-0476-452f-b9c4-da313a68c752-groupManagement] INFO  ratis.ContainerStateMachine (ContainerStateMachine.java:loadSnapshot(347)) - group-DEE2433AE9F8: The snapshot info is null. Setting the last applied index to:(t:0, i:~)
2025-04-23 14:39:33,703 [b100e076-0476-452f-b9c4-da313a68c752-groupManagement] INFO  server.RaftServerConfigKeys (ConfUtils.java:logGet(46)) - raft.server.log.use.memory = false (default)
2025-04-23 14:39:33,703 [b100e076-0476-452f-b9c4-da313a68c752-groupManagement] INFO  server.RaftServerConfigKeys (ConfUtils.java:logGet(46)) - raft.server.log.purge.gap = 1000000 (custom)
2025-04-23 14:39:33,703 [b100e076-0476-452f-b9c4-da313a68c752-groupManagement] INFO  server.RaftServerConfigKeys (ConfUtils.java:logGet(46)) - raft.server.log.appender.buffer.byte-limit = 33554432 (custom)
2025-04-23 14:39:33,703 [b100e076-0476-452f-b9c4-da313a68c752-groupManagement] INFO  server.RaftServerConfigKeys (ConfUtils.java:logGet(46)) - raft.server.log.statemachine.data.read.timeout = 1000ms (default)
2025-04-23 14:39:33,703 [b100e076-0476-452f-b9c4-da313a68c752-groupManagement] INFO  server.RaftServerConfigKeys (ConfUtils.java:logGet(46)) - raft.server.log.purge.preservation.log.num = 0 (default)
2025-04-23 14:39:33,704 [b100e076-0476-452f-b9c4-da313a68c752-groupManagement] INFO  server.RaftServerConfigKeys (ConfUtils.java:logGet(46)) - raft.server.log.segment.size.max = 67108864 (custom)
2025-04-23 14:39:33,704 [b100e076-0476-452f-b9c4-da313a68c752-groupManagement] INFO  server.RaftServerConfigKeys (ConfUtils.java:logGet(46)) - raft.server.log.segment.cache.num.max = 2 (custom)
2025-04-23 14:39:33,704 [b100e076-0476-452f-b9c4-da313a68c752-groupManagement] INFO  server.RaftServerConfigKeys (ConfUtils.java:logGet(46)) - raft.server.log.segment.cache.size.max = 200MB (=209715200) (default)
2025-04-23 14:39:33,705 [b100e076-0476-452f-b9c4-da313a68c752-groupManagement] INFO  server.RaftServerConfigKeys (ConfUtils.java:logGet(46)) - raft.server.log.appender.buffer.byte-limit = 33554432 (custom)
2025-04-23 14:39:33,705 [b100e076-0476-452f-b9c4-da313a68c752-groupManagement] INFO  util.AwaitToRun (AwaitToRun.java:start(81)) - Thread[#8833,b100e076-0476-452f-b9c4-da313a68c752@group-DEE2433AE9F8-cacheEviction-AwaitToRun,5,main] started
2025-04-23 14:39:33,705 [b100e076-0476-452f-b9c4-da313a68c752-groupManagement] INFO  segmented.SegmentedRaftLogWorker (SegmentedRaftLogWorker.java:<init>(188)) - new b100e076-0476-452f-b9c4-da313a68c752@group-DEE2433AE9F8-SegmentedRaftLogWorker for RaftStorageImpl:Storage Directory /home/runner/work/ozone/ozone/hadoop-ozone/integration-test/target/test-dir/MiniOzoneClusterImpl-feea018d-8976-442b-acbc-fedf3986ffa5/ozone-meta/datanode-1/ratis/d8f402b9-1813-40e7-9ad9-dee2433ae9f8
2025-04-23 14:39:33,705 [b100e076-0476-452f-b9c4-da313a68c752-groupManagement] INFO  server.RaftServerConfigKeys (ConfUtils.java:logGet(46)) - raft.server.log.queue.byte-limit = 4294967296 (custom)
2025-04-23 14:39:33,705 [b100e076-0476-452f-b9c4-da313a68c752-groupManagement] INFO  server.RaftServerConfigKeys (ConfUtils.java:logGet(46)) - raft.server.log.queue.element-limit = 1024 (custom)
2025-04-23 14:39:33,705 [b100e076-0476-452f-b9c4-da313a68c752-groupManagement] INFO  server.RaftServerConfigKeys (ConfUtils.java:logGet(46)) - raft.server.log.segment.size.max = 67108864 (custom)
2025-04-23 14:39:33,705 [b100e076-0476-452f-b9c4-da313a68c752-groupManagement] INFO  server.RaftServerConfigKeys (ConfUtils.java:logGet(46)) - raft.server.log.preallocated.size = 4194304 (custom)
2025-04-23 14:39:33,705 [b100e076-0476-452f-b9c4-da313a68c752-groupManagement] INFO  server.RaftServerConfigKeys (ConfUtils.java:logGet(46)) - raft.server.log.force.sync.num = 128 (default)
2025-04-23 14:39:33,705 [b100e076-0476-452f-b9c4-da313a68c752-groupManagement] INFO  server.RaftServerConfigKeys (ConfUtils.java:logGet(46)) - raft.server.log.statemachine.data.sync = true (default)
2025-04-23 14:39:33,705 [b100e076-0476-452f-b9c4-da313a68c752-groupManagement] INFO  server.RaftServerConfigKeys (ConfUtils.java:logGet(46)) - raft.server.log.statemachine.data.sync.timeout = 10s (default)
2025-04-23 14:39:33,705 [b100e076-0476-452f-b9c4-da313a68c752-groupManagement] INFO  server.RaftServerConfigKeys (ConfUtils.java:logGet(46)) - raft.server.log.statemachine.data.sync.timeout.retry = 30 (custom)
2025-04-23 14:39:33,706 [b100e076-0476-452f-b9c4-da313a68c752-groupManagement] INFO  server.RaftServerConfigKeys (ConfUtils.java:logGet(46)) - raft.server.log.write.buffer.size = 33554440 (custom)
2025-04-23 14:39:33,707 [6229d4c2-9d37-4ba8-b373-d0f9d49f2b38@group-FEDF3986FFA5-StateMachineUpdater] INFO  safemode.HealthyPipelineSafeModeRule (HealthyPipelineSafeModeRule.java:initializeRule(174)) - Refreshed total pipeline count is 0, healthy pipeline threshold count is 1
2025-04-23 14:39:33,707 [EventQueue-PipelineReportForPipelineReportHandler] INFO  pipeline.PipelineReportHandler (PipelineReportHandler.java:processPipelineReport(134)) - Opened pipeline PipelineID=d8f402b9-1813-40e7-9ad9-dee2433ae9f8
2025-04-23 14:39:33,708 [EventQueue-OpenPipelineForHealthyPipelineSafeModeRule] INFO  safemode.SCMSafeModeManager (HealthyPipelineSafeModeRule.java:process(141)) - SCM in safe mode. Healthy pipelines reported count is 0, required healthy pipeline reported count is 1
2025-04-23 14:39:33,711 [b100e076-0476-452f-b9c4-da313a68c752-groupManagement] INFO  server.RaftServerConfigKeys (ConfUtils.java:logGet(46)) - raft.server.log.appender.buffer.byte-limit = 33554432 (custom)
2025-04-23 14:39:33,711 [b100e076-0476-452f-b9c4-da313a68c752-groupManagement] INFO  server.RaftServerConfigKeys (ConfUtils.java:logGet(46)) - raft.server.log.unsafe-flush.enabled = false (default)
2025-04-23 14:39:33,711 [b100e076-0476-452f-b9c4-da313a68c752-groupManagement] INFO  server.RaftServerConfigKeys (ConfUtils.java:logGet(46)) - raft.server.log.async-flush.enabled = false (default)
2025-04-23 14:39:33,711 [b100e076-0476-452f-b9c4-da313a68c752-groupManagement] INFO  server.RaftServerConfigKeys (ConfUtils.java:logGet(46)) - raft.server.log.statemachine.data.caching.enabled = true (custom)
2025-04-23 14:39:33,712 [b100e076-0476-452f-b9c4-da313a68c752-groupManagement] INFO  segmented.SegmentedRaftLogWorker (SegmentedRaftLogWorker.java:lambda$new$0(139)) - b100e076-0476-452f-b9c4-da313a68c752@group-DEE2433AE9F8-SegmentedRaftLogWorker: flushIndex: setUnconditionally 0 -> -1
2025-04-23 14:39:33,712 [b100e076-0476-452f-b9c4-da313a68c752-groupManagement] INFO  segmented.SegmentedRaftLogWorker (SegmentedRaftLogWorker.java:lambda$new$0(139)) - b100e076-0476-452f-b9c4-da313a68c752@group-DEE2433AE9F8-SegmentedRaftLogWorker: safeCacheEvictIndex: setUnconditionally 0 -> -1
2025-04-23 14:39:33,712 [b100e076-0476-452f-b9c4-da313a68c752-groupManagement] INFO  server.RaftServer$Division (RaftServerImpl.java:start(391)) - b100e076-0476-452f-b9c4-da313a68c752@group-DEE2433AE9F8: start as a follower, conf=conf: {index: -1, cur=peers:[b100e076-0476-452f-b9c4-da313a68c752|127.0.0.1:15065]|listeners:[], old=null}
2025-04-23 14:39:33,712 [b100e076-0476-452f-b9c4-da313a68c752-groupManagement] INFO  server.RaftServer$Division (RaftServerImpl.java:setRole(378)) - b100e076-0476-452f-b9c4-da313a68c752@group-DEE2433AE9F8: changes role from      null to FOLLOWER at term 0 for startAsFollower
2025-04-23 14:39:33,712 [b100e076-0476-452f-b9c4-da313a68c752-groupManagement] INFO  impl.RoleInfo (RoleInfo.java:updateAndGet(148)) - b100e076-0476-452f-b9c4-da313a68c752: start b100e076-0476-452f-b9c4-da313a68c752@group-DEE2433AE9F8-FollowerState
2025-04-23 14:39:33,712 [b100e076-0476-452f-b9c4-da313a68c752-groupManagement] INFO  util.JmxRegister (JmxRegister.java:tryRegister(44)) - Successfully registered JMX Bean with object name Ratis:service=RaftServer,group=group-DEE2433AE9F8,id=b100e076-0476-452f-b9c4-da313a68c752
2025-04-23 14:39:33,712 [b100e076-0476-452f-b9c4-da313a68c752-groupManagement] INFO  util.JmxRegister (JmxRegister.java:register(58)) - register mxBean class org.apache.ratis.server.impl.RaftServerJmxAdapter as Ratis:service=RaftServer,group=group-DEE2433AE9F8,id=b100e076-0476-452f-b9c4-da313a68c752
2025-04-23 14:39:33,712 [b100e076-0476-452f-b9c4-da313a68c752-groupManagement] INFO  server.RaftServerConfigKeys (ConfUtils.java:logGet(46)) - raft.server.snapshot.trigger-when-stop.enabled = true (default)
2025-04-23 14:39:33,712 [b100e076-0476-452f-b9c4-da313a68c752@group-DEE2433AE9F8-FollowerState] INFO  server.RaftServerConfigKeys (ConfUtils.java:logGet(46)) - raft.server.rpc.first-election.timeout.min = 1000ms (custom)
2025-04-23 14:39:33,713 [b100e076-0476-452f-b9c4-da313a68c752@group-DEE2433AE9F8-FollowerState] INFO  server.RaftServerConfigKeys (ConfUtils.java:logGet(46)) - raft.server.rpc.first-election.timeout.max = 1200ms (custom)
2025-04-23 14:39:33,712 [b100e076-0476-452f-b9c4-da313a68c752-groupManagement] INFO  server.RaftServerConfigKeys (ConfUtils.java:logGet(46)) - raft.server.snapshot.trigger-when-remove.enabled = true (default)
2025-04-23 14:39:33,713 [b100e076-0476-452f-b9c4-da313a68c752-groupManagement] INFO  server.RaftServerConfigKeys (ConfUtils.java:logGet(46)) - raft.server.snapshot.auto.trigger.enabled = true (custom)
2025-04-23 14:39:33,713 [b100e076-0476-452f-b9c4-da313a68c752-groupManagement] INFO  server.RaftServerConfigKeys (ConfUtils.java:logGet(46)) - raft.server.snapshot.auto.trigger.threshold = 100000 (custom)
2025-04-23 14:39:33,713 [b100e076-0476-452f-b9c4-da313a68c752-groupManagement] INFO  server.RaftServerConfigKeys (ConfUtils.java:logGet(46)) - raft.server.snapshot.retention.file.num = 5 (custom)
2025-04-23 14:39:33,713 [b100e076-0476-452f-b9c4-da313a68c752-groupManagement] INFO  server.RaftServerConfigKeys (ConfUtils.java:logGet(46)) - raft.server.log.purge.upto.snapshot.index = false (default)
2025-04-23 14:39:33,713 [b100e076-0476-452f-b9c4-da313a68c752-groupManagement] INFO  server.RaftServer$Division (RaftServerImpl.java:start(405)) - b100e076-0476-452f-b9c4-da313a68c752@group-DEE2433AE9F8: Successfully started.
2025-04-23 14:39:33,714 [b100e076-0476-452f-b9c4-da313a68c752-PipelineCommandHandlerThread-0] INFO  ratis.XceiverServerRatis (XceiverServerRatis.java:addGroup(842)) - Created group PipelineID=d8f402b9-1813-40e7-9ad9-dee2433ae9f8
2025-04-23 14:39:33,714 [b100e076-0476-452f-b9c4-da313a68c752-PipelineCommandHandlerThread-0] INFO  commandhandler.CreatePipelineCommandHandler (CreatePipelineCommandHandler.java:lambda$handle$2(128)) - Created Pipeline RATIS ONE PipelineID=d8f402b9-1813-40e7-9ad9-dee2433ae9f8.
2025-04-23 14:39:33,714 [b100e076-0476-452f-b9c4-da313a68c752-PipelineCommandHandlerThread-0] INFO  server.RaftServer (RaftServerProxy.java:addNew(100)) - b100e076-0476-452f-b9c4-da313a68c752: addNew group-9B0ACB485D37:[b100e076-0476-452f-b9c4-da313a68c752|127.0.0.1:15065, b2165e39-3e51-4fdf-a7c8-80f70bfd3a27|127.0.0.1:15073, 0b100b3f-2f19-4793-aa85-7b90340ffd9b|127.0.0.1:15081] returns group-9B0ACB485D37:java.util.concurrent.CompletableFuture@2beba5e6[Not completed]
2025-04-23 14:39:33,715 [b100e076-0476-452f-b9c4-da313a68c752-groupManagement] INFO  server.RaftServer$Division (RaftServerImpl.java:<init>(255)) - b100e076-0476-452f-b9c4-da313a68c752: new RaftServerImpl for group-9B0ACB485D37:[b100e076-0476-452f-b9c4-da313a68c752|127.0.0.1:15065, b2165e39-3e51-4fdf-a7c8-80f70bfd3a27|127.0.0.1:15073, 0b100b3f-2f19-4793-aa85-7b90340ffd9b|127.0.0.1:15081] with ContainerStateMachine:uninitialized
2025-04-23 14:39:33,715 [b100e076-0476-452f-b9c4-da313a68c752-groupManagement] INFO  server.RaftServerConfigKeys (ConfUtils.java:logGet(46)) - raft.server.rpc.timeout.min = 5s (custom)
2025-04-23 14:39:33,715 [b100e076-0476-452f-b9c4-da313a68c752-groupManagement] INFO  server.RaftServerConfigKeys (ConfUtils.java:logGet(46)) - raft.server.rpc.timeout.max = 5200ms (custom)
2025-04-23 14:39:33,715 [b100e076-0476-452f-b9c4-da313a68c752-groupManagement] INFO  server.RaftServerConfigKeys (ConfUtils.java:logGet(46)) - raft.server.rpc.sleep.time = 25ms (default)
2025-04-23 14:39:33,715 [b100e076-0476-452f-b9c4-da313a68c752-groupManagement] INFO  server.RaftServerConfigKeys (ConfUtils.java:logGet(46)) - raft.server.rpc.slowness.timeout = 300s (custom)
2025-04-23 14:39:33,715 [b100e076-0476-452f-b9c4-da313a68c752-groupManagement] INFO  server.RaftServerConfigKeys (ConfUtils.java:logGet(46)) - raft.server.leaderelection.leader.step-down.wait-time = 10s (default)
2025-04-23 14:39:33,715 [b100e076-0476-452f-b9c4-da313a68c752-groupManagement] INFO  server.RaftServerConfigKeys (ConfUtils.java:logGet(46)) - raft.server.leaderelection.member.majority-add = false (default)
2025-04-23 14:39:33,715 [b100e076-0476-452f-b9c4-da313a68c752-groupManagement] INFO  server.RaftServerConfigKeys (ConfUtils.java:logGet(46)) - raft.server.sleep.deviation.threshold = 300ms (default)
2025-04-23 14:39:33,715 [b100e076-0476-452f-b9c4-da313a68c752-groupManagement] INFO  server.RaftServer$Division (ServerState.java:<init>(114)) - b100e076-0476-452f-b9c4-da313a68c752@group-9B0ACB485D37: ConfigurationManager, init=conf: {index: -1, cur=peers:[b100e076-0476-452f-b9c4-da313a68c752|127.0.0.1:15065, b2165e39-3e51-4fdf-a7c8-80f70bfd3a27|127.0.0.1:15073, 0b100b3f-2f19-4793-aa85-7b90340ffd9b|127.0.0.1:15081]|listeners:[], old=null}, confs=<EMPTY_MAP>
2025-04-23 14:39:33,715 [b100e076-0476-452f-b9c4-da313a68c752-groupManagement] INFO  server.RaftServerConfigKeys (ConfUtils.java:logGet(46)) - raft.server.notification.no-leader.timeout = 300s (custom)
2025-04-23 14:39:33,715 [b100e076-0476-452f-b9c4-da313a68c752-groupManagement] INFO  server.RaftServerConfigKeys (ConfUtils.java:logGet(46)) - raft.server.read.timeout = 10s (default)
2025-04-23 14:39:33,715 [b100e076-0476-452f-b9c4-da313a68c752-groupManagement] INFO  server.RaftServerConfigKeys (ConfUtils.java:logGet(46)) - raft.server.retrycache.expirytime = 600000ms (custom)
2025-04-23 14:39:33,715 [b100e076-0476-452f-b9c4-da313a68c752-groupManagement] INFO  server.RaftServerConfigKeys (ConfUtils.java:logGet(46)) - raft.server.retrycache.statistics.expirytime = 100ms (default)
2025-04-23 14:39:33,716 [b100e076-0476-452f-b9c4-da313a68c752-groupManagement] INFO  server.RaftServerConfigKeys (ConfUtils.java:logGet(46)) - raft.server.read.option = DEFAULT (default)
2025-04-23 14:39:33,716 [b100e076-0476-452f-b9c4-da313a68c752-groupManagement] INFO  server.RaftServerConfigKeys (ConfUtils.java:logGet(46)) - raft.server.read.read-after-write-consistent.write-index-cache.expiry-time = 60s (default)
2025-04-23 14:39:33,718 [b100e076-0476-452f-b9c4-da313a68c752-groupManagement] INFO  server.RaftServerConfigKeys (ConfUtils.java:logGet(46)) - raft.server.rpc.request.timeout = 60s (custom)
2025-04-23 14:39:33,718 [b100e076-0476-452f-b9c4-da313a68c752-groupManagement] INFO  server.RaftServerConfigKeys (ConfUtils.java:logGet(46)) - raft.server.log.appender.install.snapshot.enabled = false (custom)
2025-04-23 14:39:33,718 [b100e076-0476-452f-b9c4-da313a68c752-groupManagement] INFO  server.RaftServerConfigKeys (ConfUtils.java:logGet(46)) - raft.server.threadpool.server.cached = true (default)
2025-04-23 14:39:33,718 [b100e076-0476-452f-b9c4-da313a68c752-groupManagement] INFO  server.RaftServerConfigKeys (ConfUtils.java:logGet(46)) - raft.server.threadpool.server.size = 0 (default)
2025-04-23 14:39:33,718 [b100e076-0476-452f-b9c4-da313a68c752-groupManagement] INFO  server.RaftServerConfigKeys (ConfUtils.java:logGet(46)) - raft.server.threadpool.client.cached = true (default)
2025-04-23 14:39:33,718 [b100e076-0476-452f-b9c4-da313a68c752-groupManagement] INFO  server.RaftServerConfigKeys (ConfUtils.java:logGet(46)) - raft.server.threadpool.client.size = 0 (default)
2025-04-23 14:39:33,718 [b100e076-0476-452f-b9c4-da313a68c752-groupManagement] INFO  server.RaftServerConfigKeys (ConfUtils.java:logGet(46)) - raft.server.storage.free-space.min = 0MB (=0) (default)
2025-04-23 14:39:33,718 [b100e076-0476-452f-b9c4-da313a68c752-groupManagement] INFO  server.RaftServerConfigKeys (ConfUtils.java:logGet(46)) - raft.server.log.corruption.policy = EXCEPTION (default)
2025-04-23 14:39:33,718 [b100e076-0476-452f-b9c4-da313a68c752-groupManagement] INFO  server.RaftServerConfigKeys (ConfUtils.java:logGet(46)) - raft.server.storage.dir = [/home/runner/work/ozone/ozone/hadoop-ozone/integration-test/target/test-dir/MiniOzoneClusterImpl-feea018d-8976-442b-acbc-fedf3986ffa5/ozone-meta/datanode-1/ratis] (custom)
2025-04-23 14:39:33,718 [b100e076-0476-452f-b9c4-da313a68c752-groupManagement] INFO  storage.RaftStorageDirectory (RaftStorageDirectoryImpl.java:analyzeStorage(138)) - The storage directory /home/runner/work/ozone/ozone/hadoop-ozone/integration-test/target/test-dir/MiniOzoneClusterImpl-feea018d-8976-442b-acbc-fedf3986ffa5/ozone-meta/datanode-1/ratis/f2aa9184-d93c-4bc1-b651-9b0acb485d37 does not exist. Creating ...
2025-04-23 14:39:33,719 [b100e076-0476-452f-b9c4-da313a68c752-groupManagement] INFO  storage.RaftStorageDirectory (RaftStorageDirectoryImpl.java:tryLock(229)) - Lock on /home/runner/work/ozone/ozone/hadoop-ozone/integration-test/target/test-dir/MiniOzoneClusterImpl-feea018d-8976-442b-acbc-fedf3986ffa5/ozone-meta/datanode-1/ratis/f2aa9184-d93c-4bc1-b651-9b0acb485d37/in_use.lock acquired by nodename 129558@fv-az1120-822
2025-04-23 14:39:33,720 [b100e076-0476-452f-b9c4-da313a68c752-groupManagement] INFO  storage.RaftStorage (RaftStorageImpl.java:format(98)) - Storage directory /home/runner/work/ozone/ozone/hadoop-ozone/integration-test/target/test-dir/MiniOzoneClusterImpl-feea018d-8976-442b-acbc-fedf3986ffa5/ozone-meta/datanode-1/ratis/f2aa9184-d93c-4bc1-b651-9b0acb485d37 has been successfully formatted.
2025-04-23 14:39:33,720 [b100e076-0476-452f-b9c4-da313a68c752-groupManagement] INFO  ratis.ContainerStateMachine (ContainerStateMachine.java:initialize(339)) - b100e076-0476-452f-b9c4-da313a68c752: initialize group-9B0ACB485D37
2025-04-23 14:39:33,720 [b100e076-0476-452f-b9c4-da313a68c752-groupManagement] INFO  ratis.ContainerStateMachine (ContainerStateMachine.java:loadSnapshot(347)) - group-9B0ACB485D37: The snapshot info is null. Setting the last applied index to:(t:0, i:~)
2025-04-23 14:39:33,721 [b100e076-0476-452f-b9c4-da313a68c752-groupManagement] INFO  server.RaftServerConfigKeys (ConfUtils.java:logGet(46)) - raft.server.log.use.memory = false (default)
2025-04-23 14:39:33,721 [b100e076-0476-452f-b9c4-da313a68c752-groupManagement] INFO  server.RaftServerConfigKeys (ConfUtils.java:logGet(46)) - raft.server.log.purge.gap = 1000000 (custom)
2025-04-23 14:39:33,721 [b100e076-0476-452f-b9c4-da313a68c752-groupManagement] INFO  server.RaftServerConfigKeys (ConfUtils.java:logGet(46)) - raft.server.log.appender.buffer.byte-limit = 33554432 (custom)
2025-04-23 14:39:33,721 [b100e076-0476-452f-b9c4-da313a68c752-groupManagement] INFO  server.RaftServerConfigKeys (ConfUtils.java:logGet(46)) - raft.server.log.statemachine.data.read.timeout = 1000ms (default)
2025-04-23 14:39:33,721 [b100e076-0476-452f-b9c4-da313a68c752-groupManagement] INFO  server.RaftServerConfigKeys (ConfUtils.java:logGet(46)) - raft.server.log.purge.preservation.log.num = 0 (default)
2025-04-23 14:39:33,722 [b100e076-0476-452f-b9c4-da313a68c752-groupManagement] INFO  server.RaftServerConfigKeys (ConfUtils.java:logGet(46)) - raft.server.log.segment.size.max = 67108864 (custom)
2025-04-23 14:39:33,722 [b100e076-0476-452f-b9c4-da313a68c752-groupManagement] INFO  server.RaftServerConfigKeys (ConfUtils.java:logGet(46)) - raft.server.log.segment.cache.num.max = 2 (custom)
2025-04-23 14:39:33,722 [EventQueue-OpenPipelineForHealthyPipelineSafeModeRule] INFO  safemode.SCMSafeModeManager (HealthyPipelineSafeModeRule.java:process(141)) - SCM in safe mode. Healthy pipelines reported count is 0, required healthy pipeline reported count is 1
2025-04-23 14:39:33,722 [b100e076-0476-452f-b9c4-da313a68c752-groupManagement] INFO  server.RaftServerConfigKeys (ConfUtils.java:logGet(46)) - raft.server.log.segment.cache.size.max = 200MB (=209715200) (default)
2025-04-23 14:39:33,722 [b100e076-0476-452f-b9c4-da313a68c752-groupManagement] INFO  server.RaftServerConfigKeys (ConfUtils.java:logGet(46)) - raft.server.log.appender.buffer.byte-limit = 33554432 (custom)
2025-04-23 14:39:33,722 [b100e076-0476-452f-b9c4-da313a68c752-groupManagement] INFO  util.AwaitToRun (AwaitToRun.java:start(81)) - Thread[#8838,b100e076-0476-452f-b9c4-da313a68c752@group-9B0ACB485D37-cacheEviction-AwaitToRun,5,main] started
2025-04-23 14:39:33,723 [b100e076-0476-452f-b9c4-da313a68c752-groupManagement] INFO  segmented.SegmentedRaftLogWorker (SegmentedRaftLogWorker.java:<init>(188)) - new b100e076-0476-452f-b9c4-da313a68c752@group-9B0ACB485D37-SegmentedRaftLogWorker for RaftStorageImpl:Storage Directory /home/runner/work/ozone/ozone/hadoop-ozone/integration-test/target/test-dir/MiniOzoneClusterImpl-feea018d-8976-442b-acbc-fedf3986ffa5/ozone-meta/datanode-1/ratis/f2aa9184-d93c-4bc1-b651-9b0acb485d37
2025-04-23 14:39:33,723 [b100e076-0476-452f-b9c4-da313a68c752-groupManagement] INFO  server.RaftServerConfigKeys (ConfUtils.java:logGet(46)) - raft.server.log.queue.byte-limit = 4294967296 (custom)
2025-04-23 14:39:33,723 [b100e076-0476-452f-b9c4-da313a68c752-groupManagement] INFO  server.RaftServerConfigKeys (ConfUtils.java:logGet(46)) - raft.server.log.queue.element-limit = 1024 (custom)
2025-04-23 14:39:33,723 [b100e076-0476-452f-b9c4-da313a68c752-groupManagement] INFO  server.RaftServerConfigKeys (ConfUtils.java:logGet(46)) - raft.server.log.segment.size.max = 67108864 (custom)
2025-04-23 14:39:33,723 [b100e076-0476-452f-b9c4-da313a68c752-groupManagement] INFO  server.RaftServerConfigKeys (ConfUtils.java:logGet(46)) - raft.server.log.preallocated.size = 4194304 (custom)
2025-04-23 14:39:33,723 [b100e076-0476-452f-b9c4-da313a68c752-groupManagement] INFO  server.RaftServerConfigKeys (ConfUtils.java:logGet(46)) - raft.server.log.force.sync.num = 128 (default)
2025-04-23 14:39:33,723 [b100e076-0476-452f-b9c4-da313a68c752-groupManagement] INFO  server.RaftServerConfigKeys (ConfUtils.java:logGet(46)) - raft.server.log.statemachine.data.sync = true (default)
2025-04-23 14:39:33,723 [b100e076-0476-452f-b9c4-da313a68c752-groupManagement] INFO  server.RaftServerConfigKeys (ConfUtils.java:logGet(46)) - raft.server.log.statemachine.data.sync.timeout = 10s (default)
2025-04-23 14:39:33,723 [b100e076-0476-452f-b9c4-da313a68c752-groupManagement] INFO  server.RaftServerConfigKeys (ConfUtils.java:logGet(46)) - raft.server.log.statemachine.data.sync.timeout.retry = 30 (custom)
2025-04-23 14:39:33,723 [b100e076-0476-452f-b9c4-da313a68c752-groupManagement] INFO  server.RaftServerConfigKeys (ConfUtils.java:logGet(46)) - raft.server.log.write.buffer.size = 33554440 (custom)
2025-04-23 14:39:33,728 [b100e076-0476-452f-b9c4-da313a68c752-groupManagement] INFO  server.RaftServerConfigKeys (ConfUtils.java:logGet(46)) - raft.server.log.appender.buffer.byte-limit = 33554432 (custom)
2025-04-23 14:39:33,729 [b100e076-0476-452f-b9c4-da313a68c752-groupManagement] INFO  server.RaftServerConfigKeys (ConfUtils.java:logGet(46)) - raft.server.log.unsafe-flush.enabled = false (default)
2025-04-23 14:39:33,729 [b100e076-0476-452f-b9c4-da313a68c752-groupManagement] INFO  server.RaftServerConfigKeys (ConfUtils.java:logGet(46)) - raft.server.log.async-flush.enabled = false (default)
2025-04-23 14:39:33,729 [b100e076-0476-452f-b9c4-da313a68c752-groupManagement] INFO  server.RaftServerConfigKeys (ConfUtils.java:logGet(46)) - raft.server.log.statemachine.data.caching.enabled = true (custom)
2025-04-23 14:39:33,729 [b100e076-0476-452f-b9c4-da313a68c752-groupManagement] INFO  segmented.SegmentedRaftLogWorker (SegmentedRaftLogWorker.java:lambda$new$0(139)) - b100e076-0476-452f-b9c4-da313a68c752@group-9B0ACB485D37-SegmentedRaftLogWorker: flushIndex: setUnconditionally 0 -> -1
2025-04-23 14:39:33,729 [b100e076-0476-452f-b9c4-da313a68c752-groupManagement] INFO  segmented.SegmentedRaftLogWorker (SegmentedRaftLogWorker.java:lambda$new$0(139)) - b100e076-0476-452f-b9c4-da313a68c752@group-9B0ACB485D37-SegmentedRaftLogWorker: safeCacheEvictIndex: setUnconditionally 0 -> -1
2025-04-23 14:39:33,729 [b100e076-0476-452f-b9c4-da313a68c752-groupManagement] INFO  server.RaftServer$Division (RaftServerImpl.java:start(391)) - b100e076-0476-452f-b9c4-da313a68c752@group-9B0ACB485D37: start as a follower, conf=conf: {index: -1, cur=peers:[b100e076-0476-452f-b9c4-da313a68c752|127.0.0.1:15065, b2165e39-3e51-4fdf-a7c8-80f70bfd3a27|127.0.0.1:15073, 0b100b3f-2f19-4793-aa85-7b90340ffd9b|127.0.0.1:15081]|listeners:[], old=null}
2025-04-23 14:39:33,729 [b100e076-0476-452f-b9c4-da313a68c752-groupManagement] INFO  server.RaftServer$Division (RaftServerImpl.java:setRole(378)) - b100e076-0476-452f-b9c4-da313a68c752@group-9B0ACB485D37: changes role from      null to FOLLOWER at term 0 for startAsFollower
2025-04-23 14:39:33,729 [b100e076-0476-452f-b9c4-da313a68c752-groupManagement] INFO  impl.RoleInfo (RoleInfo.java:updateAndGet(148)) - b100e076-0476-452f-b9c4-da313a68c752: start b100e076-0476-452f-b9c4-da313a68c752@group-9B0ACB485D37-FollowerState
2025-04-23 14:39:33,730 [b100e076-0476-452f-b9c4-da313a68c752@group-9B0ACB485D37-FollowerState] INFO  server.RaftServerConfigKeys (ConfUtils.java:logGet(46)) - raft.server.rpc.first-election.timeout.min = 1000ms (custom)
2025-04-23 14:39:33,730 [b100e076-0476-452f-b9c4-da313a68c752@group-9B0ACB485D37-FollowerState] INFO  server.RaftServerConfigKeys (ConfUtils.java:logGet(46)) - raft.server.rpc.first-election.timeout.max = 1200ms (custom)
2025-04-23 14:39:33,730 [b100e076-0476-452f-b9c4-da313a68c752-groupManagement] INFO  util.JmxRegister (JmxRegister.java:tryRegister(44)) - Successfully registered JMX Bean with object name Ratis:service=RaftServer,group=group-9B0ACB485D37,id=b100e076-0476-452f-b9c4-da313a68c752
2025-04-23 14:39:33,730 [b100e076-0476-452f-b9c4-da313a68c752-groupManagement] INFO  util.JmxRegister (JmxRegister.java:register(58)) - register mxBean class org.apache.ratis.server.impl.RaftServerJmxAdapter as Ratis:service=RaftServer,group=group-9B0ACB485D37,id=b100e076-0476-452f-b9c4-da313a68c752
2025-04-23 14:39:33,730 [b100e076-0476-452f-b9c4-da313a68c752-groupManagement] INFO  server.RaftServerConfigKeys (ConfUtils.java:logGet(46)) - raft.server.snapshot.trigger-when-stop.enabled = true (default)
2025-04-23 14:39:33,730 [b100e076-0476-452f-b9c4-da313a68c752-groupManagement] INFO  server.RaftServerConfigKeys (ConfUtils.java:logGet(46)) - raft.server.snapshot.trigger-when-remove.enabled = true (default)
2025-04-23 14:39:33,730 [b100e076-0476-452f-b9c4-da313a68c752-groupManagement] INFO  server.RaftServerConfigKeys (ConfUtils.java:logGet(46)) - raft.server.snapshot.auto.trigger.enabled = true (custom)
2025-04-23 14:39:33,730 [b100e076-0476-452f-b9c4-da313a68c752-groupManagement] INFO  server.RaftServerConfigKeys (ConfUtils.java:logGet(46)) - raft.server.snapshot.auto.trigger.threshold = 100000 (custom)
2025-04-23 14:39:33,730 [b100e076-0476-452f-b9c4-da313a68c752-groupManagement] INFO  server.RaftServerConfigKeys (ConfUtils.java:logGet(46)) - raft.server.snapshot.retention.file.num = 5 (custom)
2025-04-23 14:39:33,730 [b100e076-0476-452f-b9c4-da313a68c752-groupManagement] INFO  server.RaftServerConfigKeys (ConfUtils.java:logGet(46)) - raft.server.log.purge.upto.snapshot.index = false (default)
2025-04-23 14:39:33,730 [b100e076-0476-452f-b9c4-da313a68c752-groupManagement] INFO  server.RaftServer$Division (RaftServerImpl.java:start(405)) - b100e076-0476-452f-b9c4-da313a68c752@group-9B0ACB485D37: Successfully started.
2025-04-23 14:39:33,731 [b100e076-0476-452f-b9c4-da313a68c752-PipelineCommandHandlerThread-0] INFO  ratis.XceiverServerRatis (XceiverServerRatis.java:addGroup(842)) - Created group PipelineID=f2aa9184-d93c-4bc1-b651-9b0acb485d37
2025-04-23 14:39:33,735 [grpc-default-executor-1] INFO  server.RaftServer (RaftServerProxy.java:addNew(100)) - b2165e39-3e51-4fdf-a7c8-80f70bfd3a27: addNew group-9B0ACB485D37:[b100e076-0476-452f-b9c4-da313a68c752|127.0.0.1:15065, b2165e39-3e51-4fdf-a7c8-80f70bfd3a27|127.0.0.1:15073, 0b100b3f-2f19-4793-aa85-7b90340ffd9b|127.0.0.1:15081] returns group-9B0ACB485D37:java.util.concurrent.CompletableFuture@53930a91[Not completed]
2025-04-23 14:39:33,737 [b2165e39-3e51-4fdf-a7c8-80f70bfd3a27-groupManagement] INFO  server.RaftServer$Division (RaftServerImpl.java:<init>(255)) - b2165e39-3e51-4fdf-a7c8-80f70bfd3a27: new RaftServerImpl for group-9B0ACB485D37:[b100e076-0476-452f-b9c4-da313a68c752|127.0.0.1:15065, b2165e39-3e51-4fdf-a7c8-80f70bfd3a27|127.0.0.1:15073, 0b100b3f-2f19-4793-aa85-7b90340ffd9b|127.0.0.1:15081] with ContainerStateMachine:uninitialized
2025-04-23 14:39:33,737 [b2165e39-3e51-4fdf-a7c8-80f70bfd3a27-groupManagement] INFO  server.RaftServerConfigKeys (ConfUtils.java:logGet(46)) - raft.server.rpc.timeout.min = 5s (custom)
2025-04-23 14:39:33,737 [b2165e39-3e51-4fdf-a7c8-80f70bfd3a27-groupManagement] INFO  server.RaftServerConfigKeys (ConfUtils.java:logGet(46)) - raft.server.rpc.timeout.max = 5200ms (custom)
2025-04-23 14:39:33,737 [b2165e39-3e51-4fdf-a7c8-80f70bfd3a27-groupManagement] INFO  server.RaftServerConfigKeys (ConfUtils.java:logGet(46)) - raft.server.rpc.sleep.time = 25ms (default)
2025-04-23 14:39:33,737 [b2165e39-3e51-4fdf-a7c8-80f70bfd3a27-groupManagement] INFO  server.RaftServerConfigKeys (ConfUtils.java:logGet(46)) - raft.server.rpc.slowness.timeout = 300s (custom)
2025-04-23 14:39:33,737 [b2165e39-3e51-4fdf-a7c8-80f70bfd3a27-groupManagement] INFO  server.RaftServerConfigKeys (ConfUtils.java:logGet(46)) - raft.server.leaderelection.leader.step-down.wait-time = 10s (default)
2025-04-23 14:39:33,737 [b2165e39-3e51-4fdf-a7c8-80f70bfd3a27-groupManagement] INFO  server.RaftServerConfigKeys (ConfUtils.java:logGet(46)) - raft.server.leaderelection.member.majority-add = false (default)
2025-04-23 14:39:33,737 [b2165e39-3e51-4fdf-a7c8-80f70bfd3a27-groupManagement] INFO  server.RaftServerConfigKeys (ConfUtils.java:logGet(46)) - raft.server.sleep.deviation.threshold = 300ms (default)
2025-04-23 14:39:33,737 [b2165e39-3e51-4fdf-a7c8-80f70bfd3a27-groupManagement] INFO  server.RaftServer$Division (ServerState.java:<init>(114)) - b2165e39-3e51-4fdf-a7c8-80f70bfd3a27@group-9B0ACB485D37: ConfigurationManager, init=conf: {index: -1, cur=peers:[b100e076-0476-452f-b9c4-da313a68c752|127.0.0.1:15065, b2165e39-3e51-4fdf-a7c8-80f70bfd3a27|127.0.0.1:15073, 0b100b3f-2f19-4793-aa85-7b90340ffd9b|127.0.0.1:15081]|listeners:[], old=null}, confs=<EMPTY_MAP>
2025-04-23 14:39:33,737 [b2165e39-3e51-4fdf-a7c8-80f70bfd3a27-groupManagement] INFO  server.RaftServerConfigKeys (ConfUtils.java:logGet(46)) - raft.server.notification.no-leader.timeout = 300s (custom)
2025-04-23 14:39:33,737 [b2165e39-3e51-4fdf-a7c8-80f70bfd3a27-groupManagement] INFO  server.RaftServerConfigKeys (ConfUtils.java:logGet(46)) - raft.server.read.timeout = 10s (default)
2025-04-23 14:39:33,737 [b2165e39-3e51-4fdf-a7c8-80f70bfd3a27-groupManagement] INFO  server.RaftServerConfigKeys (ConfUtils.java:logGet(46)) - raft.server.retrycache.expirytime = 600000ms (custom)
2025-04-23 14:39:33,737 [b2165e39-3e51-4fdf-a7c8-80f70bfd3a27-groupManagement] INFO  server.RaftServerConfigKeys (ConfUtils.java:logGet(46)) - raft.server.retrycache.statistics.expirytime = 100ms (default)
2025-04-23 14:39:33,737 [b2165e39-3e51-4fdf-a7c8-80f70bfd3a27-groupManagement] INFO  server.RaftServerConfigKeys (ConfUtils.java:logGet(46)) - raft.server.read.option = DEFAULT (default)
2025-04-23 14:39:33,737 [b2165e39-3e51-4fdf-a7c8-80f70bfd3a27-groupManagement] INFO  server.RaftServerConfigKeys (ConfUtils.java:logGet(46)) - raft.server.read.read-after-write-consistent.write-index-cache.expiry-time = 60s (default)
2025-04-23 14:39:33,739 [b2165e39-3e51-4fdf-a7c8-80f70bfd3a27-groupManagement] INFO  server.RaftServerConfigKeys (ConfUtils.java:logGet(46)) - raft.server.rpc.request.timeout = 60s (custom)
2025-04-23 14:39:33,739 [b2165e39-3e51-4fdf-a7c8-80f70bfd3a27-groupManagement] INFO  server.RaftServerConfigKeys (ConfUtils.java:logGet(46)) - raft.server.log.appender.install.snapshot.enabled = false (custom)
2025-04-23 14:39:33,740 [b2165e39-3e51-4fdf-a7c8-80f70bfd3a27-groupManagement] INFO  server.RaftServerConfigKeys (ConfUtils.java:logGet(46)) - raft.server.threadpool.server.cached = true (default)
2025-04-23 14:39:33,740 [b2165e39-3e51-4fdf-a7c8-80f70bfd3a27-groupManagement] INFO  server.RaftServerConfigKeys (ConfUtils.java:logGet(46)) - raft.server.threadpool.server.size = 0 (default)
2025-04-23 14:39:33,740 [b2165e39-3e51-4fdf-a7c8-80f70bfd3a27-groupManagement] INFO  server.RaftServerConfigKeys (ConfUtils.java:logGet(46)) - raft.server.threadpool.client.cached = true (default)
2025-04-23 14:39:33,740 [b2165e39-3e51-4fdf-a7c8-80f70bfd3a27-groupManagement] INFO  server.RaftServerConfigKeys (ConfUtils.java:logGet(46)) - raft.server.threadpool.client.size = 0 (default)
2025-04-23 14:39:33,740 [b2165e39-3e51-4fdf-a7c8-80f70bfd3a27-groupManagement] INFO  server.RaftServerConfigKeys (ConfUtils.java:logGet(46)) - raft.server.storage.free-space.min = 0MB (=0) (default)
2025-04-23 14:39:33,740 [b2165e39-3e51-4fdf-a7c8-80f70bfd3a27-groupManagement] INFO  server.RaftServerConfigKeys (ConfUtils.java:logGet(46)) - raft.server.log.corruption.policy = EXCEPTION (default)
2025-04-23 14:39:33,740 [b2165e39-3e51-4fdf-a7c8-80f70bfd3a27-groupManagement] INFO  server.RaftServerConfigKeys (ConfUtils.java:logGet(46)) - raft.server.storage.dir = [/home/runner/work/ozone/ozone/hadoop-ozone/integration-test/target/test-dir/MiniOzoneClusterImpl-feea018d-8976-442b-acbc-fedf3986ffa5/ozone-meta/datanode-2/ratis] (custom)
2025-04-23 14:39:33,740 [b2165e39-3e51-4fdf-a7c8-80f70bfd3a27-groupManagement] INFO  storage.RaftStorageDirectory (RaftStorageDirectoryImpl.java:analyzeStorage(138)) - The storage directory /home/runner/work/ozone/ozone/hadoop-ozone/integration-test/target/test-dir/MiniOzoneClusterImpl-feea018d-8976-442b-acbc-fedf3986ffa5/ozone-meta/datanode-2/ratis/f2aa9184-d93c-4bc1-b651-9b0acb485d37 does not exist. Creating ...
2025-04-23 14:39:33,742 [b2165e39-3e51-4fdf-a7c8-80f70bfd3a27-groupManagement] INFO  storage.RaftStorageDirectory (RaftStorageDirectoryImpl.java:tryLock(229)) - Lock on /home/runner/work/ozone/ozone/hadoop-ozone/integration-test/target/test-dir/MiniOzoneClusterImpl-feea018d-8976-442b-acbc-fedf3986ffa5/ozone-meta/datanode-2/ratis/f2aa9184-d93c-4bc1-b651-9b0acb485d37/in_use.lock acquired by nodename 129558@fv-az1120-822
2025-04-23 14:39:33,743 [b2165e39-3e51-4fdf-a7c8-80f70bfd3a27-groupManagement] INFO  storage.RaftStorage (RaftStorageImpl.java:format(98)) - Storage directory /home/runner/work/ozone/ozone/hadoop-ozone/integration-test/target/test-dir/MiniOzoneClusterImpl-feea018d-8976-442b-acbc-fedf3986ffa5/ozone-meta/datanode-2/ratis/f2aa9184-d93c-4bc1-b651-9b0acb485d37 has been successfully formatted.
2025-04-23 14:39:33,743 [b2165e39-3e51-4fdf-a7c8-80f70bfd3a27-groupManagement] INFO  ratis.ContainerStateMachine (ContainerStateMachine.java:initialize(339)) - b2165e39-3e51-4fdf-a7c8-80f70bfd3a27: initialize group-9B0ACB485D37
2025-04-23 14:39:33,743 [b2165e39-3e51-4fdf-a7c8-80f70bfd3a27-groupManagement] INFO  ratis.ContainerStateMachine (ContainerStateMachine.java:loadSnapshot(347)) - group-9B0ACB485D37: The snapshot info is null. Setting the last applied index to:(t:0, i:~)
2025-04-23 14:39:33,743 [b2165e39-3e51-4fdf-a7c8-80f70bfd3a27-groupManagement] INFO  server.RaftServerConfigKeys (ConfUtils.java:logGet(46)) - raft.server.log.use.memory = false (default)
2025-04-23 14:39:33,743 [b2165e39-3e51-4fdf-a7c8-80f70bfd3a27-groupManagement] INFO  server.RaftServerConfigKeys (ConfUtils.java:logGet(46)) - raft.server.log.purge.gap = 1000000 (custom)
2025-04-23 14:39:33,743 [b2165e39-3e51-4fdf-a7c8-80f70bfd3a27-groupManagement] INFO  server.RaftServerConfigKeys (ConfUtils.java:logGet(46)) - raft.server.log.appender.buffer.byte-limit = 33554432 (custom)
2025-04-23 14:39:33,743 [b2165e39-3e51-4fdf-a7c8-80f70bfd3a27-groupManagement] INFO  server.RaftServerConfigKeys (ConfUtils.java:logGet(46)) - raft.server.log.statemachine.data.read.timeout = 1000ms (default)
2025-04-23 14:39:33,743 [b2165e39-3e51-4fdf-a7c8-80f70bfd3a27-groupManagement] INFO  server.RaftServerConfigKeys (ConfUtils.java:logGet(46)) - raft.server.log.purge.preservation.log.num = 0 (default)
2025-04-23 14:39:33,745 [b2165e39-3e51-4fdf-a7c8-80f70bfd3a27-groupManagement] INFO  server.RaftServerConfigKeys (ConfUtils.java:logGet(46)) - raft.server.log.segment.size.max = 67108864 (custom)
2025-04-23 14:39:33,745 [b2165e39-3e51-4fdf-a7c8-80f70bfd3a27-groupManagement] INFO  server.RaftServerConfigKeys (ConfUtils.java:logGet(46)) - raft.server.log.segment.cache.num.max = 2 (custom)
2025-04-23 14:39:33,745 [b2165e39-3e51-4fdf-a7c8-80f70bfd3a27-groupManagement] INFO  server.RaftServerConfigKeys (ConfUtils.java:logGet(46)) - raft.server.log.segment.cache.size.max = 200MB (=209715200) (default)
2025-04-23 14:39:33,745 [b2165e39-3e51-4fdf-a7c8-80f70bfd3a27-groupManagement] INFO  server.RaftServerConfigKeys (ConfUtils.java:logGet(46)) - raft.server.log.appender.buffer.byte-limit = 33554432 (custom)
2025-04-23 14:39:33,745 [b2165e39-3e51-4fdf-a7c8-80f70bfd3a27-groupManagement] INFO  util.AwaitToRun (AwaitToRun.java:start(81)) - Thread[#8843,b2165e39-3e51-4fdf-a7c8-80f70bfd3a27@group-9B0ACB485D37-cacheEviction-AwaitToRun,5,main] started
2025-04-23 14:39:33,746 [b2165e39-3e51-4fdf-a7c8-80f70bfd3a27-groupManagement] INFO  segmented.SegmentedRaftLogWorker (SegmentedRaftLogWorker.java:<init>(188)) - new b2165e39-3e51-4fdf-a7c8-80f70bfd3a27@group-9B0ACB485D37-SegmentedRaftLogWorker for RaftStorageImpl:Storage Directory /home/runner/work/ozone/ozone/hadoop-ozone/integration-test/target/test-dir/MiniOzoneClusterImpl-feea018d-8976-442b-acbc-fedf3986ffa5/ozone-meta/datanode-2/ratis/f2aa9184-d93c-4bc1-b651-9b0acb485d37
2025-04-23 14:39:33,746 [b2165e39-3e51-4fdf-a7c8-80f70bfd3a27-groupManagement] INFO  server.RaftServerConfigKeys (ConfUtils.java:logGet(46)) - raft.server.log.queue.byte-limit = 4294967296 (custom)
2025-04-23 14:39:33,746 [b2165e39-3e51-4fdf-a7c8-80f70bfd3a27-groupManagement] INFO  server.RaftServerConfigKeys (ConfUtils.java:logGet(46)) - raft.server.log.queue.element-limit = 1024 (custom)
2025-04-23 14:39:33,746 [b2165e39-3e51-4fdf-a7c8-80f70bfd3a27-groupManagement] INFO  server.RaftServerConfigKeys (ConfUtils.java:logGet(46)) - raft.server.log.segment.size.max = 67108864 (custom)
2025-04-23 14:39:33,746 [b2165e39-3e51-4fdf-a7c8-80f70bfd3a27-groupManagement] INFO  server.RaftServerConfigKeys (ConfUtils.java:logGet(46)) - raft.server.log.preallocated.size = 4194304 (custom)
2025-04-23 14:39:33,746 [b2165e39-3e51-4fdf-a7c8-80f70bfd3a27-groupManagement] INFO  server.RaftServerConfigKeys (ConfUtils.java:logGet(46)) - raft.server.log.force.sync.num = 128 (default)
2025-04-23 14:39:33,746 [b2165e39-3e51-4fdf-a7c8-80f70bfd3a27-groupManagement] INFO  server.RaftServerConfigKeys (ConfUtils.java:logGet(46)) - raft.server.log.statemachine.data.sync = true (default)
2025-04-23 14:39:33,746 [b2165e39-3e51-4fdf-a7c8-80f70bfd3a27-groupManagement] INFO  server.RaftServerConfigKeys (ConfUtils.java:logGet(46)) - raft.server.log.statemachine.data.sync.timeout = 10s (default)
2025-04-23 14:39:33,746 [b2165e39-3e51-4fdf-a7c8-80f70bfd3a27-groupManagement] INFO  server.RaftServerConfigKeys (ConfUtils.java:logGet(46)) - raft.server.log.statemachine.data.sync.timeout.retry = 30 (custom)
2025-04-23 14:39:33,746 [b2165e39-3e51-4fdf-a7c8-80f70bfd3a27-groupManagement] INFO  server.RaftServerConfigKeys (ConfUtils.java:logGet(46)) - raft.server.log.write.buffer.size = 33554440 (custom)
2025-04-23 14:39:33,750 [b2165e39-3e51-4fdf-a7c8-80f70bfd3a27-groupManagement] INFO  server.RaftServerConfigKeys (ConfUtils.java:logGet(46)) - raft.server.log.appender.buffer.byte-limit = 33554432 (custom)
2025-04-23 14:39:33,750 [b2165e39-3e51-4fdf-a7c8-80f70bfd3a27-groupManagement] INFO  server.RaftServerConfigKeys (ConfUtils.java:logGet(46)) - raft.server.log.unsafe-flush.enabled = false (default)
2025-04-23 14:39:33,751 [b2165e39-3e51-4fdf-a7c8-80f70bfd3a27-groupManagement] INFO  server.RaftServerConfigKeys (ConfUtils.java:logGet(46)) - raft.server.log.async-flush.enabled = false (default)
2025-04-23 14:39:33,751 [b2165e39-3e51-4fdf-a7c8-80f70bfd3a27-groupManagement] INFO  server.RaftServerConfigKeys (ConfUtils.java:logGet(46)) - raft.server.log.statemachine.data.caching.enabled = true (custom)
2025-04-23 14:39:33,751 [b2165e39-3e51-4fdf-a7c8-80f70bfd3a27-groupManagement] INFO  segmented.SegmentedRaftLogWorker (SegmentedRaftLogWorker.java:lambda$new$0(139)) - b2165e39-3e51-4fdf-a7c8-80f70bfd3a27@group-9B0ACB485D37-SegmentedRaftLogWorker: flushIndex: setUnconditionally 0 -> -1
2025-04-23 14:39:33,751 [b2165e39-3e51-4fdf-a7c8-80f70bfd3a27-groupManagement] INFO  segmented.SegmentedRaftLogWorker (SegmentedRaftLogWorker.java:lambda$new$0(139)) - b2165e39-3e51-4fdf-a7c8-80f70bfd3a27@group-9B0ACB485D37-SegmentedRaftLogWorker: safeCacheEvictIndex: setUnconditionally 0 -> -1
2025-04-23 14:39:33,751 [b2165e39-3e51-4fdf-a7c8-80f70bfd3a27-groupManagement] INFO  server.RaftServer$Division (RaftServerImpl.java:start(391)) - b2165e39-3e51-4fdf-a7c8-80f70bfd3a27@group-9B0ACB485D37: start as a follower, conf=conf: {index: -1, cur=peers:[b100e076-0476-452f-b9c4-da313a68c752|127.0.0.1:15065, b2165e39-3e51-4fdf-a7c8-80f70bfd3a27|127.0.0.1:15073, 0b100b3f-2f19-4793-aa85-7b90340ffd9b|127.0.0.1:15081]|listeners:[], old=null}
2025-04-23 14:39:33,751 [b2165e39-3e51-4fdf-a7c8-80f70bfd3a27-groupManagement] INFO  server.RaftServer$Division (RaftServerImpl.java:setRole(378)) - b2165e39-3e51-4fdf-a7c8-80f70bfd3a27@group-9B0ACB485D37: changes role from      null to FOLLOWER at term 0 for startAsFollower
2025-04-23 14:39:33,751 [b2165e39-3e51-4fdf-a7c8-80f70bfd3a27-groupManagement] INFO  impl.RoleInfo (RoleInfo.java:updateAndGet(148)) - b2165e39-3e51-4fdf-a7c8-80f70bfd3a27: start b2165e39-3e51-4fdf-a7c8-80f70bfd3a27@group-9B0ACB485D37-FollowerState
2025-04-23 14:39:33,752 [b2165e39-3e51-4fdf-a7c8-80f70bfd3a27@group-9B0ACB485D37-FollowerState] INFO  server.RaftServerConfigKeys (ConfUtils.java:logGet(46)) - raft.server.rpc.first-election.timeout.min = 1000ms (custom)
2025-04-23 14:39:33,752 [b2165e39-3e51-4fdf-a7c8-80f70bfd3a27-groupManagement] INFO  util.JmxRegister (JmxRegister.java:tryRegister(44)) - Successfully registered JMX Bean with object name Ratis:service=RaftServer,group=group-9B0ACB485D37,id=b2165e39-3e51-4fdf-a7c8-80f70bfd3a27
2025-04-23 14:39:33,752 [b2165e39-3e51-4fdf-a7c8-80f70bfd3a27-groupManagement] INFO  util.JmxRegister (JmxRegister.java:register(58)) - register mxBean class org.apache.ratis.server.impl.RaftServerJmxAdapter as Ratis:service=RaftServer,group=group-9B0ACB485D37,id=b2165e39-3e51-4fdf-a7c8-80f70bfd3a27
2025-04-23 14:39:33,752 [b2165e39-3e51-4fdf-a7c8-80f70bfd3a27-groupManagement] INFO  server.RaftServerConfigKeys (ConfUtils.java:logGet(46)) - raft.server.snapshot.trigger-when-stop.enabled = true (default)
2025-04-23 14:39:33,752 [b2165e39-3e51-4fdf-a7c8-80f70bfd3a27-groupManagement] INFO  server.RaftServerConfigKeys (ConfUtils.java:logGet(46)) - raft.server.snapshot.trigger-when-remove.enabled = true (default)
2025-04-23 14:39:33,752 [b2165e39-3e51-4fdf-a7c8-80f70bfd3a27-groupManagement] INFO  server.RaftServerConfigKeys (ConfUtils.java:logGet(46)) - raft.server.snapshot.auto.trigger.enabled = true (custom)
2025-04-23 14:39:33,752 [b2165e39-3e51-4fdf-a7c8-80f70bfd3a27-groupManagement] INFO  server.RaftServerConfigKeys (ConfUtils.java:logGet(46)) - raft.server.snapshot.auto.trigger.threshold = 100000 (custom)
2025-04-23 14:39:33,752 [b2165e39-3e51-4fdf-a7c8-80f70bfd3a27-groupManagement] INFO  server.RaftServerConfigKeys (ConfUtils.java:logGet(46)) - raft.server.snapshot.retention.file.num = 5 (custom)
2025-04-23 14:39:33,752 [b2165e39-3e51-4fdf-a7c8-80f70bfd3a27-groupManagement] INFO  server.RaftServerConfigKeys (ConfUtils.java:logGet(46)) - raft.server.log.purge.upto.snapshot.index = false (default)
2025-04-23 14:39:33,752 [b2165e39-3e51-4fdf-a7c8-80f70bfd3a27@group-9B0ACB485D37-FollowerState] INFO  server.RaftServerConfigKeys (ConfUtils.java:logGet(46)) - raft.server.rpc.first-election.timeout.max = 1200ms (custom)
2025-04-23 14:39:33,753 [b2165e39-3e51-4fdf-a7c8-80f70bfd3a27-groupManagement] INFO  server.RaftServer$Division (RaftServerImpl.java:start(405)) - b2165e39-3e51-4fdf-a7c8-80f70bfd3a27@group-9B0ACB485D37: Successfully started.
2025-04-23 14:39:33,760 [grpc-default-executor-1] INFO  server.RaftServer (RaftServerProxy.java:addNew(100)) - 0b100b3f-2f19-4793-aa85-7b90340ffd9b: addNew group-9B0ACB485D37:[b100e076-0476-452f-b9c4-da313a68c752|127.0.0.1:15065, b2165e39-3e51-4fdf-a7c8-80f70bfd3a27|127.0.0.1:15073, 0b100b3f-2f19-4793-aa85-7b90340ffd9b|127.0.0.1:15081] returns group-9B0ACB485D37:java.util.concurrent.CompletableFuture@38151996[Not completed]
2025-04-23 14:39:33,761 [0b100b3f-2f19-4793-aa85-7b90340ffd9b-groupManagement] INFO  server.RaftServer$Division (RaftServerImpl.java:<init>(255)) - 0b100b3f-2f19-4793-aa85-7b90340ffd9b: new RaftServerImpl for group-9B0ACB485D37:[b100e076-0476-452f-b9c4-da313a68c752|127.0.0.1:15065, b2165e39-3e51-4fdf-a7c8-80f70bfd3a27|127.0.0.1:15073, 0b100b3f-2f19-4793-aa85-7b90340ffd9b|127.0.0.1:15081] with ContainerStateMachine:uninitialized
2025-04-23 14:39:33,761 [0b100b3f-2f19-4793-aa85-7b90340ffd9b-groupManagement] INFO  server.RaftServerConfigKeys (ConfUtils.java:logGet(46)) - raft.server.rpc.timeout.min = 5s (custom)
2025-04-23 14:39:33,761 [0b100b3f-2f19-4793-aa85-7b90340ffd9b-groupManagement] INFO  server.RaftServerConfigKeys (ConfUtils.java:logGet(46)) - raft.server.rpc.timeout.max = 5200ms (custom)
2025-04-23 14:39:33,761 [0b100b3f-2f19-4793-aa85-7b90340ffd9b-groupManagement] INFO  server.RaftServerConfigKeys (ConfUtils.java:logGet(46)) - raft.server.rpc.sleep.time = 25ms (default)
2025-04-23 14:39:33,761 [0b100b3f-2f19-4793-aa85-7b90340ffd9b-groupManagement] INFO  server.RaftServerConfigKeys (ConfUtils.java:logGet(46)) - raft.server.rpc.slowness.timeout = 300s (custom)
2025-04-23 14:39:33,761 [0b100b3f-2f19-4793-aa85-7b90340ffd9b-groupManagement] INFO  server.RaftServerConfigKeys (ConfUtils.java:logGet(46)) - raft.server.leaderelection.leader.step-down.wait-time = 10s (default)
2025-04-23 14:39:33,761 [0b100b3f-2f19-4793-aa85-7b90340ffd9b-groupManagement] INFO  server.RaftServerConfigKeys (ConfUtils.java:logGet(46)) - raft.server.leaderelection.member.majority-add = false (default)
2025-04-23 14:39:33,761 [0b100b3f-2f19-4793-aa85-7b90340ffd9b-groupManagement] INFO  server.RaftServerConfigKeys (ConfUtils.java:logGet(46)) - raft.server.sleep.deviation.threshold = 300ms (default)
2025-04-23 14:39:33,761 [0b100b3f-2f19-4793-aa85-7b90340ffd9b-groupManagement] INFO  server.RaftServer$Division (ServerState.java:<init>(114)) - 0b100b3f-2f19-4793-aa85-7b90340ffd9b@group-9B0ACB485D37: ConfigurationManager, init=conf: {index: -1, cur=peers:[b100e076-0476-452f-b9c4-da313a68c752|127.0.0.1:15065, b2165e39-3e51-4fdf-a7c8-80f70bfd3a27|127.0.0.1:15073, 0b100b3f-2f19-4793-aa85-7b90340ffd9b|127.0.0.1:15081]|listeners:[], old=null}, confs=<EMPTY_MAP>
2025-04-23 14:39:33,761 [0b100b3f-2f19-4793-aa85-7b90340ffd9b-groupManagement] INFO  server.RaftServerConfigKeys (ConfUtils.java:logGet(46)) - raft.server.notification.no-leader.timeout = 300s (custom)
2025-04-23 14:39:33,761 [0b100b3f-2f19-4793-aa85-7b90340ffd9b-groupManagement] INFO  server.RaftServerConfigKeys (ConfUtils.java:logGet(46)) - raft.server.read.timeout = 10s (default)
2025-04-23 14:39:33,761 [0b100b3f-2f19-4793-aa85-7b90340ffd9b-groupManagement] INFO  server.RaftServerConfigKeys (ConfUtils.java:logGet(46)) - raft.server.retrycache.expirytime = 600000ms (custom)
2025-04-23 14:39:33,761 [0b100b3f-2f19-4793-aa85-7b90340ffd9b-groupManagement] INFO  server.RaftServerConfigKeys (ConfUtils.java:logGet(46)) - raft.server.retrycache.statistics.expirytime = 100ms (default)
2025-04-23 14:39:33,761 [0b100b3f-2f19-4793-aa85-7b90340ffd9b-groupManagement] INFO  server.RaftServerConfigKeys (ConfUtils.java:logGet(46)) - raft.server.read.option = DEFAULT (default)
2025-04-23 14:39:33,761 [0b100b3f-2f19-4793-aa85-7b90340ffd9b-groupManagement] INFO  server.RaftServerConfigKeys (ConfUtils.java:logGet(46)) - raft.server.read.read-after-write-consistent.write-index-cache.expiry-time = 60s (default)
2025-04-23 14:39:33,763 [0b100b3f-2f19-4793-aa85-7b90340ffd9b-groupManagement] INFO  server.RaftServerConfigKeys (ConfUtils.java:logGet(46)) - raft.server.rpc.request.timeout = 60s (custom)
2025-04-23 14:39:33,763 [0b100b3f-2f19-4793-aa85-7b90340ffd9b-groupManagement] INFO  server.RaftServerConfigKeys (ConfUtils.java:logGet(46)) - raft.server.log.appender.install.snapshot.enabled = false (custom)
2025-04-23 14:39:33,763 [0b100b3f-2f19-4793-aa85-7b90340ffd9b-groupManagement] INFO  server.RaftServerConfigKeys (ConfUtils.java:logGet(46)) - raft.server.threadpool.server.cached = true (default)
2025-04-23 14:39:33,763 [0b100b3f-2f19-4793-aa85-7b90340ffd9b-groupManagement] INFO  server.RaftServerConfigKeys (ConfUtils.java:logGet(46)) - raft.server.threadpool.server.size = 0 (default)
2025-04-23 14:39:33,764 [0b100b3f-2f19-4793-aa85-7b90340ffd9b-groupManagement] INFO  server.RaftServerConfigKeys (ConfUtils.java:logGet(46)) - raft.server.threadpool.client.cached = true (default)
2025-04-23 14:39:33,764 [0b100b3f-2f19-4793-aa85-7b90340ffd9b-groupManagement] INFO  server.RaftServerConfigKeys (ConfUtils.java:logGet(46)) - raft.server.threadpool.client.size = 0 (default)
2025-04-23 14:39:33,764 [0b100b3f-2f19-4793-aa85-7b90340ffd9b-groupManagement] INFO  server.RaftServerConfigKeys (ConfUtils.java:logGet(46)) - raft.server.storage.free-space.min = 0MB (=0) (default)
2025-04-23 14:39:33,764 [0b100b3f-2f19-4793-aa85-7b90340ffd9b-groupManagement] INFO  server.RaftServerConfigKeys (ConfUtils.java:logGet(46)) - raft.server.log.corruption.policy = EXCEPTION (default)
2025-04-23 14:39:33,764 [0b100b3f-2f19-4793-aa85-7b90340ffd9b-groupManagement] INFO  server.RaftServerConfigKeys (ConfUtils.java:logGet(46)) - raft.server.storage.dir = [/home/runner/work/ozone/ozone/hadoop-ozone/integration-test/target/test-dir/MiniOzoneClusterImpl-feea018d-8976-442b-acbc-fedf3986ffa5/ozone-meta/datanode-3/ratis] (custom)
2025-04-23 14:39:33,764 [0b100b3f-2f19-4793-aa85-7b90340ffd9b-groupManagement] INFO  storage.RaftStorageDirectory (RaftStorageDirectoryImpl.java:analyzeStorage(138)) - The storage directory /home/runner/work/ozone/ozone/hadoop-ozone/integration-test/target/test-dir/MiniOzoneClusterImpl-feea018d-8976-442b-acbc-fedf3986ffa5/ozone-meta/datanode-3/ratis/f2aa9184-d93c-4bc1-b651-9b0acb485d37 does not exist. Creating ...
2025-04-23 14:39:33,765 [0b100b3f-2f19-4793-aa85-7b90340ffd9b-groupManagement] INFO  storage.RaftStorageDirectory (RaftStorageDirectoryImpl.java:tryLock(229)) - Lock on /home/runner/work/ozone/ozone/hadoop-ozone/integration-test/target/test-dir/MiniOzoneClusterImpl-feea018d-8976-442b-acbc-fedf3986ffa5/ozone-meta/datanode-3/ratis/f2aa9184-d93c-4bc1-b651-9b0acb485d37/in_use.lock acquired by nodename 129558@fv-az1120-822
2025-04-23 14:39:33,768 [0b100b3f-2f19-4793-aa85-7b90340ffd9b-groupManagement] INFO  storage.RaftStorage (RaftStorageImpl.java:format(98)) - Storage directory /home/runner/work/ozone/ozone/hadoop-ozone/integration-test/target/test-dir/MiniOzoneClusterImpl-feea018d-8976-442b-acbc-fedf3986ffa5/ozone-meta/datanode-3/ratis/f2aa9184-d93c-4bc1-b651-9b0acb485d37 has been successfully formatted.
2025-04-23 14:39:33,768 [0b100b3f-2f19-4793-aa85-7b90340ffd9b-groupManagement] INFO  ratis.ContainerStateMachine (ContainerStateMachine.java:initialize(339)) - 0b100b3f-2f19-4793-aa85-7b90340ffd9b: initialize group-9B0ACB485D37
2025-04-23 14:39:33,769 [0b100b3f-2f19-4793-aa85-7b90340ffd9b-groupManagement] INFO  ratis.ContainerStateMachine (ContainerStateMachine.java:loadSnapshot(347)) - group-9B0ACB485D37: The snapshot info is null. Setting the last applied index to:(t:0, i:~)
2025-04-23 14:39:33,769 [0b100b3f-2f19-4793-aa85-7b90340ffd9b-groupManagement] INFO  server.RaftServerConfigKeys (ConfUtils.java:logGet(46)) - raft.server.log.use.memory = false (default)
2025-04-23 14:39:33,769 [0b100b3f-2f19-4793-aa85-7b90340ffd9b-groupManagement] INFO  server.RaftServerConfigKeys (ConfUtils.java:logGet(46)) - raft.server.log.purge.gap = 1000000 (custom)
2025-04-23 14:39:33,769 [0b100b3f-2f19-4793-aa85-7b90340ffd9b-groupManagement] INFO  server.RaftServerConfigKeys (ConfUtils.java:logGet(46)) - raft.server.log.appender.buffer.byte-limit = 33554432 (custom)
2025-04-23 14:39:33,769 [0b100b3f-2f19-4793-aa85-7b90340ffd9b-groupManagement] INFO  server.RaftServerConfigKeys (ConfUtils.java:logGet(46)) - raft.server.log.statemachine.data.read.timeout = 1000ms (default)
2025-04-23 14:39:33,769 [0b100b3f-2f19-4793-aa85-7b90340ffd9b-groupManagement] INFO  server.RaftServerConfigKeys (ConfUtils.java:logGet(46)) - raft.server.log.purge.preservation.log.num = 0 (default)
2025-04-23 14:39:33,770 [0b100b3f-2f19-4793-aa85-7b90340ffd9b-groupManagement] INFO  server.RaftServerConfigKeys (ConfUtils.java:logGet(46)) - raft.server.log.segment.size.max = 67108864 (custom)
2025-04-23 14:39:33,770 [0b100b3f-2f19-4793-aa85-7b90340ffd9b-groupManagement] INFO  server.RaftServerConfigKeys (ConfUtils.java:logGet(46)) - raft.server.log.segment.cache.num.max = 2 (custom)
2025-04-23 14:39:33,770 [0b100b3f-2f19-4793-aa85-7b90340ffd9b-groupManagement] INFO  server.RaftServerConfigKeys (ConfUtils.java:logGet(46)) - raft.server.log.segment.cache.size.max = 200MB (=209715200) (default)
2025-04-23 14:39:33,770 [0b100b3f-2f19-4793-aa85-7b90340ffd9b-groupManagement] INFO  server.RaftServerConfigKeys (ConfUtils.java:logGet(46)) - raft.server.log.appender.buffer.byte-limit = 33554432 (custom)
2025-04-23 14:39:33,771 [0b100b3f-2f19-4793-aa85-7b90340ffd9b-groupManagement] INFO  util.AwaitToRun (AwaitToRun.java:start(81)) - Thread[#8851,0b100b3f-2f19-4793-aa85-7b90340ffd9b@group-9B0ACB485D37-cacheEviction-AwaitToRun,5,main] started
2025-04-23 14:39:33,771 [0b100b3f-2f19-4793-aa85-7b90340ffd9b-groupManagement] INFO  segmented.SegmentedRaftLogWorker (SegmentedRaftLogWorker.java:<init>(188)) - new 0b100b3f-2f19-4793-aa85-7b90340ffd9b@group-9B0ACB485D37-SegmentedRaftLogWorker for RaftStorageImpl:Storage Directory /home/runner/work/ozone/ozone/hadoop-ozone/integration-test/target/test-dir/MiniOzoneClusterImpl-feea018d-8976-442b-acbc-fedf3986ffa5/ozone-meta/datanode-3/ratis/f2aa9184-d93c-4bc1-b651-9b0acb485d37
2025-04-23 14:39:33,771 [0b100b3f-2f19-4793-aa85-7b90340ffd9b-groupManagement] INFO  server.RaftServerConfigKeys (ConfUtils.java:logGet(46)) - raft.server.log.queue.byte-limit = 4294967296 (custom)
2025-04-23 14:39:33,771 [0b100b3f-2f19-4793-aa85-7b90340ffd9b-groupManagement] INFO  server.RaftServerConfigKeys (ConfUtils.java:logGet(46)) - raft.server.log.queue.element-limit = 1024 (custom)
2025-04-23 14:39:33,771 [0b100b3f-2f19-4793-aa85-7b90340ffd9b-groupManagement] INFO  server.RaftServerConfigKeys (ConfUtils.java:logGet(46)) - raft.server.log.segment.size.max = 67108864 (custom)
2025-04-23 14:39:33,771 [0b100b3f-2f19-4793-aa85-7b90340ffd9b-groupManagement] INFO  server.RaftServerConfigKeys (ConfUtils.java:logGet(46)) - raft.server.log.preallocated.size = 4194304 (custom)
2025-04-23 14:39:33,771 [0b100b3f-2f19-4793-aa85-7b90340ffd9b-groupManagement] INFO  server.RaftServerConfigKeys (ConfUtils.java:logGet(46)) - raft.server.log.force.sync.num = 128 (default)
2025-04-23 14:39:33,771 [0b100b3f-2f19-4793-aa85-7b90340ffd9b-groupManagement] INFO  server.RaftServerConfigKeys (ConfUtils.java:logGet(46)) - raft.server.log.statemachine.data.sync = true (default)
2025-04-23 14:39:33,771 [0b100b3f-2f19-4793-aa85-7b90340ffd9b-groupManagement] INFO  server.RaftServerConfigKeys (ConfUtils.java:logGet(46)) - raft.server.log.statemachine.data.sync.timeout = 10s (default)
2025-04-23 14:39:33,771 [0b100b3f-2f19-4793-aa85-7b90340ffd9b-groupManagement] INFO  server.RaftServerConfigKeys (ConfUtils.java:logGet(46)) - raft.server.log.statemachine.data.sync.timeout.retry = 30 (custom)
2025-04-23 14:39:33,772 [0b100b3f-2f19-4793-aa85-7b90340ffd9b-groupManagement] INFO  server.RaftServerConfigKeys (ConfUtils.java:logGet(46)) - raft.server.log.write.buffer.size = 33554440 (custom)
2025-04-23 14:39:33,777 [0b100b3f-2f19-4793-aa85-7b90340ffd9b-groupManagement] INFO  server.RaftServerConfigKeys (ConfUtils.java:logGet(46)) - raft.server.log.appender.buffer.byte-limit = 33554432 (custom)
2025-04-23 14:39:33,777 [0b100b3f-2f19-4793-aa85-7b90340ffd9b-groupManagement] INFO  server.RaftServerConfigKeys (ConfUtils.java:logGet(46)) - raft.server.log.unsafe-flush.enabled = false (default)
2025-04-23 14:39:33,777 [0b100b3f-2f19-4793-aa85-7b90340ffd9b-groupManagement] INFO  server.RaftServerConfigKeys (ConfUtils.java:logGet(46)) - raft.server.log.async-flush.enabled = false (default)
2025-04-23 14:39:33,777 [0b100b3f-2f19-4793-aa85-7b90340ffd9b-groupManagement] INFO  server.RaftServerConfigKeys (ConfUtils.java:logGet(46)) - raft.server.log.statemachine.data.caching.enabled = true (custom)
2025-04-23 14:39:33,778 [0b100b3f-2f19-4793-aa85-7b90340ffd9b-groupManagement] INFO  segmented.SegmentedRaftLogWorker (SegmentedRaftLogWorker.java:lambda$new$0(139)) - 0b100b3f-2f19-4793-aa85-7b90340ffd9b@group-9B0ACB485D37-SegmentedRaftLogWorker: flushIndex: setUnconditionally 0 -> -1
2025-04-23 14:39:33,778 [0b100b3f-2f19-4793-aa85-7b90340ffd9b-groupManagement] INFO  segmented.SegmentedRaftLogWorker (SegmentedRaftLogWorker.java:lambda$new$0(139)) - 0b100b3f-2f19-4793-aa85-7b90340ffd9b@group-9B0ACB485D37-SegmentedRaftLogWorker: safeCacheEvictIndex: setUnconditionally 0 -> -1
2025-04-23 14:39:33,778 [0b100b3f-2f19-4793-aa85-7b90340ffd9b-groupManagement] INFO  server.RaftServer$Division (RaftServerImpl.java:start(391)) - 0b100b3f-2f19-4793-aa85-7b90340ffd9b@group-9B0ACB485D37: start as a follower, conf=conf: {index: -1, cur=peers:[b100e076-0476-452f-b9c4-da313a68c752|127.0.0.1:15065, b2165e39-3e51-4fdf-a7c8-80f70bfd3a27|127.0.0.1:15073, 0b100b3f-2f19-4793-aa85-7b90340ffd9b|127.0.0.1:15081]|listeners:[], old=null}
2025-04-23 14:39:33,778 [0b100b3f-2f19-4793-aa85-7b90340ffd9b-groupManagement] INFO  server.RaftServer$Division (RaftServerImpl.java:setRole(378)) - 0b100b3f-2f19-4793-aa85-7b90340ffd9b@group-9B0ACB485D37: changes role from      null to FOLLOWER at term 0 for startAsFollower
2025-04-23 14:39:33,778 [0b100b3f-2f19-4793-aa85-7b90340ffd9b-groupManagement] INFO  impl.RoleInfo (RoleInfo.java:updateAndGet(148)) - 0b100b3f-2f19-4793-aa85-7b90340ffd9b: start 0b100b3f-2f19-4793-aa85-7b90340ffd9b@group-9B0ACB485D37-FollowerState
2025-04-23 14:39:33,778 [0b100b3f-2f19-4793-aa85-7b90340ffd9b-groupManagement] INFO  util.JmxRegister (JmxRegister.java:tryRegister(44)) - Successfully registered JMX Bean with object name Ratis:service=RaftServer,group=group-9B0ACB485D37,id=0b100b3f-2f19-4793-aa85-7b90340ffd9b
2025-04-23 14:39:33,778 [0b100b3f-2f19-4793-aa85-7b90340ffd9b-groupManagement] INFO  util.JmxRegister (JmxRegister.java:register(58)) - register mxBean class org.apache.ratis.server.impl.RaftServerJmxAdapter as Ratis:service=RaftServer,group=group-9B0ACB485D37,id=0b100b3f-2f19-4793-aa85-7b90340ffd9b
2025-04-23 14:39:33,778 [0b100b3f-2f19-4793-aa85-7b90340ffd9b-groupManagement] INFO  server.RaftServerConfigKeys (ConfUtils.java:logGet(46)) - raft.server.snapshot.trigger-when-stop.enabled = true (default)
2025-04-23 14:39:33,778 [0b100b3f-2f19-4793-aa85-7b90340ffd9b-groupManagement] INFO  server.RaftServerConfigKeys (ConfUtils.java:logGet(46)) - raft.server.snapshot.trigger-when-remove.enabled = true (default)
2025-04-23 14:39:33,778 [0b100b3f-2f19-4793-aa85-7b90340ffd9b-groupManagement] INFO  server.RaftServerConfigKeys (ConfUtils.java:logGet(46)) - raft.server.snapshot.auto.trigger.enabled = true (custom)
2025-04-23 14:39:33,778 [0b100b3f-2f19-4793-aa85-7b90340ffd9b@group-9B0ACB485D37-FollowerState] INFO  server.RaftServerConfigKeys (ConfUtils.java:logGet(46)) - raft.server.rpc.first-election.timeout.min = 1000ms (custom)
2025-04-23 14:39:33,779 [0b100b3f-2f19-4793-aa85-7b90340ffd9b@group-9B0ACB485D37-FollowerState] INFO  server.RaftServerConfigKeys (ConfUtils.java:logGet(46)) - raft.server.rpc.first-election.timeout.max = 1200ms (custom)
2025-04-23 14:39:33,779 [0b100b3f-2f19-4793-aa85-7b90340ffd9b-groupManagement] INFO  server.RaftServerConfigKeys (ConfUtils.java:logGet(46)) - raft.server.snapshot.auto.trigger.threshold = 100000 (custom)
2025-04-23 14:39:33,779 [0b100b3f-2f19-4793-aa85-7b90340ffd9b-groupManagement] INFO  server.RaftServerConfigKeys (ConfUtils.java:logGet(46)) - raft.server.snapshot.retention.file.num = 5 (custom)
2025-04-23 14:39:33,779 [0b100b3f-2f19-4793-aa85-7b90340ffd9b-groupManagement] INFO  server.RaftServerConfigKeys (ConfUtils.java:logGet(46)) - raft.server.log.purge.upto.snapshot.index = false (default)
2025-04-23 14:39:33,779 [0b100b3f-2f19-4793-aa85-7b90340ffd9b-groupManagement] INFO  server.RaftServer$Division (RaftServerImpl.java:start(405)) - 0b100b3f-2f19-4793-aa85-7b90340ffd9b@group-9B0ACB485D37: Successfully started.
2025-04-23 14:39:33,781 [b100e076-0476-452f-b9c4-da313a68c752-PipelineCommandHandlerThread-0] INFO  commandhandler.CreatePipelineCommandHandler (CreatePipelineCommandHandler.java:lambda$handle$2(128)) - Created Pipeline RATIS THREE PipelineID=f2aa9184-d93c-4bc1-b651-9b0acb485d37.
2025-04-23 14:39:33,782 [b100e076-0476-452f-b9c4-da313a68c752-PipelineCommandHandlerThread-0] INFO  server.RaftServer (RaftServerProxy.java:addNew(100)) - b100e076-0476-452f-b9c4-da313a68c752: addNew group-40DDC87B6CAF:[b100e076-0476-452f-b9c4-da313a68c752|127.0.0.1:15065, 0b100b3f-2f19-4793-aa85-7b90340ffd9b|127.0.0.1:15081, b2165e39-3e51-4fdf-a7c8-80f70bfd3a27|127.0.0.1:15073] returns group-40DDC87B6CAF:java.util.concurrent.CompletableFuture@dc6c040[Not completed]
2025-04-23 14:39:33,783 [b100e076-0476-452f-b9c4-da313a68c752-groupManagement] INFO  server.RaftServer$Division (RaftServerImpl.java:<init>(255)) - b100e076-0476-452f-b9c4-da313a68c752: new RaftServerImpl for group-40DDC87B6CAF:[b100e076-0476-452f-b9c4-da313a68c752|127.0.0.1:15065, 0b100b3f-2f19-4793-aa85-7b90340ffd9b|127.0.0.1:15081, b2165e39-3e51-4fdf-a7c8-80f70bfd3a27|127.0.0.1:15073] with ContainerStateMachine:uninitialized
2025-04-23 14:39:33,783 [b100e076-0476-452f-b9c4-da313a68c752-groupManagement] INFO  server.RaftServerConfigKeys (ConfUtils.java:logGet(46)) - raft.server.rpc.timeout.min = 5s (custom)
2025-04-23 14:39:33,783 [b100e076-0476-452f-b9c4-da313a68c752-groupManagement] INFO  server.RaftServerConfigKeys (ConfUtils.java:logGet(46)) - raft.server.rpc.timeout.max = 5200ms (custom)
2025-04-23 14:39:33,783 [b100e076-0476-452f-b9c4-da313a68c752-groupManagement] INFO  server.RaftServerConfigKeys (ConfUtils.java:logGet(46)) - raft.server.rpc.sleep.time = 25ms (default)
2025-04-23 14:39:33,783 [b100e076-0476-452f-b9c4-da313a68c752-groupManagement] INFO  server.RaftServerConfigKeys (ConfUtils.java:logGet(46)) - raft.server.rpc.slowness.timeout = 300s (custom)
2025-04-23 14:39:33,783 [b100e076-0476-452f-b9c4-da313a68c752-groupManagement] INFO  server.RaftServerConfigKeys (ConfUtils.java:logGet(46)) - raft.server.leaderelection.leader.step-down.wait-time = 10s (default)
2025-04-23 14:39:33,783 [b100e076-0476-452f-b9c4-da313a68c752-groupManagement] INFO  server.RaftServerConfigKeys (ConfUtils.java:logGet(46)) - raft.server.leaderelection.member.majority-add = false (default)
2025-04-23 14:39:33,783 [b100e076-0476-452f-b9c4-da313a68c752-groupManagement] INFO  server.RaftServerConfigKeys (ConfUtils.java:logGet(46)) - raft.server.sleep.deviation.threshold = 300ms (default)
2025-04-23 14:39:33,783 [b100e076-0476-452f-b9c4-da313a68c752-groupManagement] INFO  server.RaftServer$Division (ServerState.java:<init>(114)) - b100e076-0476-452f-b9c4-da313a68c752@group-40DDC87B6CAF: ConfigurationManager, init=conf: {index: -1, cur=peers:[b100e076-0476-452f-b9c4-da313a68c752|127.0.0.1:15065, 0b100b3f-2f19-4793-aa85-7b90340ffd9b|127.0.0.1:15081, b2165e39-3e51-4fdf-a7c8-80f70bfd3a27|127.0.0.1:15073]|listeners:[], old=null}, confs=<EMPTY_MAP>
2025-04-23 14:39:33,783 [b100e076-0476-452f-b9c4-da313a68c752-groupManagement] INFO  server.RaftServerConfigKeys (ConfUtils.java:logGet(46)) - raft.server.notification.no-leader.timeout = 300s (custom)
2025-04-23 14:39:33,783 [b100e076-0476-452f-b9c4-da313a68c752-groupManagement] INFO  server.RaftServerConfigKeys (ConfUtils.java:logGet(46)) - raft.server.read.timeout = 10s (default)
2025-04-23 14:39:33,783 [b100e076-0476-452f-b9c4-da313a68c752-groupManagement] INFO  server.RaftServerConfigKeys (ConfUtils.java:logGet(46)) - raft.server.retrycache.expirytime = 600000ms (custom)
2025-04-23 14:39:33,783 [b100e076-0476-452f-b9c4-da313a68c752-groupManagement] INFO  server.RaftServerConfigKeys (ConfUtils.java:logGet(46)) - raft.server.retrycache.statistics.expirytime = 100ms (default)
2025-04-23 14:39:33,783 [b100e076-0476-452f-b9c4-da313a68c752-groupManagement] INFO  server.RaftServerConfigKeys (ConfUtils.java:logGet(46)) - raft.server.read.option = DEFAULT (default)
2025-04-23 14:39:33,783 [b100e076-0476-452f-b9c4-da313a68c752-groupManagement] INFO  server.RaftServerConfigKeys (ConfUtils.java:logGet(46)) - raft.server.read.read-after-write-consistent.write-index-cache.expiry-time = 60s (default)
2025-04-23 14:39:33,785 [b100e076-0476-452f-b9c4-da313a68c752-groupManagement] INFO  server.RaftServerConfigKeys (ConfUtils.java:logGet(46)) - raft.server.rpc.request.timeout = 60s (custom)
2025-04-23 14:39:33,785 [b100e076-0476-452f-b9c4-da313a68c752-groupManagement] INFO  server.RaftServerConfigKeys (ConfUtils.java:logGet(46)) - raft.server.log.appender.install.snapshot.enabled = false (custom)
2025-04-23 14:39:33,785 [b100e076-0476-452f-b9c4-da313a68c752-groupManagement] INFO  server.RaftServerConfigKeys (ConfUtils.java:logGet(46)) - raft.server.threadpool.server.cached = true (default)
2025-04-23 14:39:33,785 [b100e076-0476-452f-b9c4-da313a68c752-groupManagement] INFO  server.RaftServerConfigKeys (ConfUtils.java:logGet(46)) - raft.server.threadpool.server.size = 0 (default)
2025-04-23 14:39:33,785 [b100e076-0476-452f-b9c4-da313a68c752-groupManagement] INFO  server.RaftServerConfigKeys (ConfUtils.java:logGet(46)) - raft.server.threadpool.client.cached = true (default)
2025-04-23 14:39:33,785 [b100e076-0476-452f-b9c4-da313a68c752-groupManagement] INFO  server.RaftServerConfigKeys (ConfUtils.java:logGet(46)) - raft.server.threadpool.client.size = 0 (default)
2025-04-23 14:39:33,785 [b100e076-0476-452f-b9c4-da313a68c752-groupManagement] INFO  server.RaftServerConfigKeys (ConfUtils.java:logGet(46)) - raft.server.storage.free-space.min = 0MB (=0) (default)
2025-04-23 14:39:33,785 [b100e076-0476-452f-b9c4-da313a68c752-groupManagement] INFO  server.RaftServerConfigKeys (ConfUtils.java:logGet(46)) - raft.server.log.corruption.policy = EXCEPTION (default)
2025-04-23 14:39:33,785 [b100e076-0476-452f-b9c4-da313a68c752-groupManagement] INFO  server.RaftServerConfigKeys (ConfUtils.java:logGet(46)) - raft.server.storage.dir = [/home/runner/work/ozone/ozone/hadoop-ozone/integration-test/target/test-dir/MiniOzoneClusterImpl-feea018d-8976-442b-acbc-fedf3986ffa5/ozone-meta/datanode-1/ratis] (custom)
2025-04-23 14:39:33,786 [b100e076-0476-452f-b9c4-da313a68c752-groupManagement] INFO  storage.RaftStorageDirectory (RaftStorageDirectoryImpl.java:analyzeStorage(138)) - The storage directory /home/runner/work/ozone/ozone/hadoop-ozone/integration-test/target/test-dir/MiniOzoneClusterImpl-feea018d-8976-442b-acbc-fedf3986ffa5/ozone-meta/datanode-1/ratis/51ff1beb-3af7-4546-9db4-40ddc87b6caf does not exist. Creating ...
2025-04-23 14:39:33,787 [b100e076-0476-452f-b9c4-da313a68c752-groupManagement] INFO  storage.RaftStorageDirectory (RaftStorageDirectoryImpl.java:tryLock(229)) - Lock on /home/runner/work/ozone/ozone/hadoop-ozone/integration-test/target/test-dir/MiniOzoneClusterImpl-feea018d-8976-442b-acbc-fedf3986ffa5/ozone-meta/datanode-1/ratis/51ff1beb-3af7-4546-9db4-40ddc87b6caf/in_use.lock acquired by nodename 129558@fv-az1120-822
2025-04-23 14:39:33,787 [b100e076-0476-452f-b9c4-da313a68c752-groupManagement] INFO  storage.RaftStorage (RaftStorageImpl.java:format(98)) - Storage directory /home/runner/work/ozone/ozone/hadoop-ozone/integration-test/target/test-dir/MiniOzoneClusterImpl-feea018d-8976-442b-acbc-fedf3986ffa5/ozone-meta/datanode-1/ratis/51ff1beb-3af7-4546-9db4-40ddc87b6caf has been successfully formatted.
2025-04-23 14:39:33,788 [b100e076-0476-452f-b9c4-da313a68c752-groupManagement] INFO  ratis.ContainerStateMachine (ContainerStateMachine.java:initialize(339)) - b100e076-0476-452f-b9c4-da313a68c752: initialize group-40DDC87B6CAF
2025-04-23 14:39:33,788 [b100e076-0476-452f-b9c4-da313a68c752-groupManagement] INFO  ratis.ContainerStateMachine (ContainerStateMachine.java:loadSnapshot(347)) - group-40DDC87B6CAF: The snapshot info is null. Setting the last applied index to:(t:0, i:~)
2025-04-23 14:39:33,788 [b100e076-0476-452f-b9c4-da313a68c752-groupManagement] INFO  server.RaftServerConfigKeys (ConfUtils.java:logGet(46)) - raft.server.log.use.memory = false (default)
2025-04-23 14:39:33,788 [b100e076-0476-452f-b9c4-da313a68c752-groupManagement] INFO  server.RaftServerConfigKeys (ConfUtils.java:logGet(46)) - raft.server.log.purge.gap = 1000000 (custom)
2025-04-23 14:39:33,788 [b100e076-0476-452f-b9c4-da313a68c752-groupManagement] INFO  server.RaftServerConfigKeys (ConfUtils.java:logGet(46)) - raft.server.log.appender.buffer.byte-limit = 33554432 (custom)
2025-04-23 14:39:33,788 [b100e076-0476-452f-b9c4-da313a68c752-groupManagement] INFO  server.RaftServerConfigKeys (ConfUtils.java:logGet(46)) - raft.server.log.statemachine.data.read.timeout = 1000ms (default)
2025-04-23 14:39:33,788 [b100e076-0476-452f-b9c4-da313a68c752-groupManagement] INFO  server.RaftServerConfigKeys (ConfUtils.java:logGet(46)) - raft.server.log.purge.preservation.log.num = 0 (default)
2025-04-23 14:39:33,789 [EventQueue-OpenPipelineForHealthyPipelineSafeModeRule] INFO  safemode.SCMSafeModeManager (HealthyPipelineSafeModeRule.java:process(141)) - SCM in safe mode. Healthy pipelines reported count is 0, required healthy pipeline reported count is 1
2025-04-23 14:39:33,789 [b100e076-0476-452f-b9c4-da313a68c752-groupManagement] INFO  server.RaftServerConfigKeys (ConfUtils.java:logGet(46)) - raft.server.log.segment.size.max = 67108864 (custom)
2025-04-23 14:39:33,789 [b100e076-0476-452f-b9c4-da313a68c752-groupManagement] INFO  server.RaftServerConfigKeys (ConfUtils.java:logGet(46)) - raft.server.log.segment.cache.num.max = 2 (custom)
2025-04-23 14:39:33,789 [b100e076-0476-452f-b9c4-da313a68c752-groupManagement] INFO  server.RaftServerConfigKeys (ConfUtils.java:logGet(46)) - raft.server.log.segment.cache.size.max = 200MB (=209715200) (default)
2025-04-23 14:39:33,789 [b100e076-0476-452f-b9c4-da313a68c752-groupManagement] INFO  server.RaftServerConfigKeys (ConfUtils.java:logGet(46)) - raft.server.log.appender.buffer.byte-limit = 33554432 (custom)
2025-04-23 14:39:33,790 [b100e076-0476-452f-b9c4-da313a68c752-groupManagement] INFO  util.AwaitToRun (AwaitToRun.java:start(81)) - Thread[#8858,b100e076-0476-452f-b9c4-da313a68c752@group-40DDC87B6CAF-cacheEviction-AwaitToRun,5,main] started
2025-04-23 14:39:33,790 [b100e076-0476-452f-b9c4-da313a68c752-groupManagement] INFO  segmented.SegmentedRaftLogWorker (SegmentedRaftLogWorker.java:<init>(188)) - new b100e076-0476-452f-b9c4-da313a68c752@group-40DDC87B6CAF-SegmentedRaftLogWorker for RaftStorageImpl:Storage Directory /home/runner/work/ozone/ozone/hadoop-ozone/integration-test/target/test-dir/MiniOzoneClusterImpl-feea018d-8976-442b-acbc-fedf3986ffa5/ozone-meta/datanode-1/ratis/51ff1beb-3af7-4546-9db4-40ddc87b6caf
2025-04-23 14:39:33,790 [b100e076-0476-452f-b9c4-da313a68c752-groupManagement] INFO  server.RaftServerConfigKeys (ConfUtils.java:logGet(46)) - raft.server.log.queue.byte-limit = 4294967296 (custom)
2025-04-23 14:39:33,790 [b100e076-0476-452f-b9c4-da313a68c752-groupManagement] INFO  server.RaftServerConfigKeys (ConfUtils.java:logGet(46)) - raft.server.log.queue.element-limit = 1024 (custom)
2025-04-23 14:39:33,790 [b100e076-0476-452f-b9c4-da313a68c752-groupManagement] INFO  server.RaftServerConfigKeys (ConfUtils.java:logGet(46)) - raft.server.log.segment.size.max = 67108864 (custom)
2025-04-23 14:39:33,790 [b100e076-0476-452f-b9c4-da313a68c752-groupManagement] INFO  server.RaftServerConfigKeys (ConfUtils.java:logGet(46)) - raft.server.log.preallocated.size = 4194304 (custom)
2025-04-23 14:39:33,790 [b100e076-0476-452f-b9c4-da313a68c752-groupManagement] INFO  server.RaftServerConfigKeys (ConfUtils.java:logGet(46)) - raft.server.log.force.sync.num = 128 (default)
2025-04-23 14:39:33,790 [b100e076-0476-452f-b9c4-da313a68c752-groupManagement] INFO  server.RaftServerConfigKeys (ConfUtils.java:logGet(46)) - raft.server.log.statemachine.data.sync = true (default)
2025-04-23 14:39:33,790 [b100e076-0476-452f-b9c4-da313a68c752-groupManagement] INFO  server.RaftServerConfigKeys (ConfUtils.java:logGet(46)) - raft.server.log.statemachine.data.sync.timeout = 10s (default)
2025-04-23 14:39:33,790 [b100e076-0476-452f-b9c4-da313a68c752-groupManagement] INFO  server.RaftServerConfigKeys (ConfUtils.java:logGet(46)) - raft.server.log.statemachine.data.sync.timeout.retry = 30 (custom)
2025-04-23 14:39:33,790 [b100e076-0476-452f-b9c4-da313a68c752-groupManagement] INFO  server.RaftServerConfigKeys (ConfUtils.java:logGet(46)) - raft.server.log.write.buffer.size = 33554440 (custom)
2025-04-23 14:39:33,794 [b100e076-0476-452f-b9c4-da313a68c752-groupManagement] INFO  server.RaftServerConfigKeys (ConfUtils.java:logGet(46)) - raft.server.log.appender.buffer.byte-limit = 33554432 (custom)
2025-04-23 14:39:33,794 [b100e076-0476-452f-b9c4-da313a68c752-groupManagement] INFO  server.RaftServerConfigKeys (ConfUtils.java:logGet(46)) - raft.server.log.unsafe-flush.enabled = false (default)
2025-04-23 14:39:33,794 [b100e076-0476-452f-b9c4-da313a68c752-groupManagement] INFO  server.RaftServerConfigKeys (ConfUtils.java:logGet(46)) - raft.server.log.async-flush.enabled = false (default)
2025-04-23 14:39:33,794 [b100e076-0476-452f-b9c4-da313a68c752-groupManagement] INFO  server.RaftServerConfigKeys (ConfUtils.java:logGet(46)) - raft.server.log.statemachine.data.caching.enabled = true (custom)
2025-04-23 14:39:33,794 [b100e076-0476-452f-b9c4-da313a68c752-groupManagement] INFO  segmented.SegmentedRaftLogWorker (SegmentedRaftLogWorker.java:lambda$new$0(139)) - b100e076-0476-452f-b9c4-da313a68c752@group-40DDC87B6CAF-SegmentedRaftLogWorker: flushIndex: setUnconditionally 0 -> -1
2025-04-23 14:39:33,794 [b100e076-0476-452f-b9c4-da313a68c752-groupManagement] INFO  segmented.SegmentedRaftLogWorker (SegmentedRaftLogWorker.java:lambda$new$0(139)) - b100e076-0476-452f-b9c4-da313a68c752@group-40DDC87B6CAF-SegmentedRaftLogWorker: safeCacheEvictIndex: setUnconditionally 0 -> -1
2025-04-23 14:39:33,794 [b100e076-0476-452f-b9c4-da313a68c752-groupManagement] INFO  server.RaftServer$Division (RaftServerImpl.java:start(391)) - b100e076-0476-452f-b9c4-da313a68c752@group-40DDC87B6CAF: start as a follower, conf=conf: {index: -1, cur=peers:[b100e076-0476-452f-b9c4-da313a68c752|127.0.0.1:15065, 0b100b3f-2f19-4793-aa85-7b90340ffd9b|127.0.0.1:15081, b2165e39-3e51-4fdf-a7c8-80f70bfd3a27|127.0.0.1:15073]|listeners:[], old=null}
2025-04-23 14:39:33,794 [b100e076-0476-452f-b9c4-da313a68c752-groupManagement] INFO  server.RaftServer$Division (RaftServerImpl.java:setRole(378)) - b100e076-0476-452f-b9c4-da313a68c752@group-40DDC87B6CAF: changes role from      null to FOLLOWER at term 0 for startAsFollower
2025-04-23 14:39:33,795 [b100e076-0476-452f-b9c4-da313a68c752-groupManagement] INFO  impl.RoleInfo (RoleInfo.java:updateAndGet(148)) - b100e076-0476-452f-b9c4-da313a68c752: start b100e076-0476-452f-b9c4-da313a68c752@group-40DDC87B6CAF-FollowerState
2025-04-23 14:39:33,795 [b100e076-0476-452f-b9c4-da313a68c752-groupManagement] INFO  util.JmxRegister (JmxRegister.java:tryRegister(44)) - Successfully registered JMX Bean with object name Ratis:service=RaftServer,group=group-40DDC87B6CAF,id=b100e076-0476-452f-b9c4-da313a68c752
2025-04-23 14:39:33,795 [b100e076-0476-452f-b9c4-da313a68c752-groupManagement] INFO  util.JmxRegister (JmxRegister.java:register(58)) - register mxBean class org.apache.ratis.server.impl.RaftServerJmxAdapter as Ratis:service=RaftServer,group=group-40DDC87B6CAF,id=b100e076-0476-452f-b9c4-da313a68c752
2025-04-23 14:39:33,795 [b100e076-0476-452f-b9c4-da313a68c752@group-40DDC87B6CAF-FollowerState] INFO  server.RaftServerConfigKeys (ConfUtils.java:logGet(46)) - raft.server.rpc.first-election.timeout.min = 1000ms (custom)
2025-04-23 14:39:33,795 [b100e076-0476-452f-b9c4-da313a68c752-groupManagement] INFO  server.RaftServerConfigKeys (ConfUtils.java:logGet(46)) - raft.server.snapshot.trigger-when-stop.enabled = true (default)
2025-04-23 14:39:33,795 [b100e076-0476-452f-b9c4-da313a68c752-groupManagement] INFO  server.RaftServerConfigKeys (ConfUtils.java:logGet(46)) - raft.server.snapshot.trigger-when-remove.enabled = true (default)
2025-04-23 14:39:33,795 [b100e076-0476-452f-b9c4-da313a68c752-groupManagement] INFO  server.RaftServerConfigKeys (ConfUtils.java:logGet(46)) - raft.server.snapshot.auto.trigger.enabled = true (custom)
2025-04-23 14:39:33,795 [b100e076-0476-452f-b9c4-da313a68c752@group-40DDC87B6CAF-FollowerState] INFO  server.RaftServerConfigKeys (ConfUtils.java:logGet(46)) - raft.server.rpc.first-election.timeout.max = 1200ms (custom)
2025-04-23 14:39:33,795 [b100e076-0476-452f-b9c4-da313a68c752-groupManagement] INFO  server.RaftServerConfigKeys (ConfUtils.java:logGet(46)) - raft.server.snapshot.auto.trigger.threshold = 100000 (custom)
2025-04-23 14:39:33,795 [b100e076-0476-452f-b9c4-da313a68c752-groupManagement] INFO  server.RaftServerConfigKeys (ConfUtils.java:logGet(46)) - raft.server.snapshot.retention.file.num = 5 (custom)
2025-04-23 14:39:33,795 [b100e076-0476-452f-b9c4-da313a68c752-groupManagement] INFO  server.RaftServerConfigKeys (ConfUtils.java:logGet(46)) - raft.server.log.purge.upto.snapshot.index = false (default)
2025-04-23 14:39:33,795 [b100e076-0476-452f-b9c4-da313a68c752-groupManagement] INFO  server.RaftServer$Division (RaftServerImpl.java:start(405)) - b100e076-0476-452f-b9c4-da313a68c752@group-40DDC87B6CAF: Successfully started.
2025-04-23 14:39:33,796 [b100e076-0476-452f-b9c4-da313a68c752-PipelineCommandHandlerThread-0] INFO  ratis.XceiverServerRatis (XceiverServerRatis.java:addGroup(842)) - Created group PipelineID=51ff1beb-3af7-4546-9db4-40ddc87b6caf
2025-04-23 14:39:33,800 [grpc-default-executor-1] INFO  server.RaftServer (RaftServerProxy.java:addNew(100)) - 0b100b3f-2f19-4793-aa85-7b90340ffd9b: addNew group-40DDC87B6CAF:[b100e076-0476-452f-b9c4-da313a68c752|127.0.0.1:15065, 0b100b3f-2f19-4793-aa85-7b90340ffd9b|127.0.0.1:15081, b2165e39-3e51-4fdf-a7c8-80f70bfd3a27|127.0.0.1:15073] returns group-40DDC87B6CAF:java.util.concurrent.CompletableFuture@1d27e121[Not completed]
2025-04-23 14:39:33,801 [0b100b3f-2f19-4793-aa85-7b90340ffd9b-groupManagement] INFO  server.RaftServer$Division (RaftServerImpl.java:<init>(255)) - 0b100b3f-2f19-4793-aa85-7b90340ffd9b: new RaftServerImpl for group-40DDC87B6CAF:[b100e076-0476-452f-b9c4-da313a68c752|127.0.0.1:15065, 0b100b3f-2f19-4793-aa85-7b90340ffd9b|127.0.0.1:15081, b2165e39-3e51-4fdf-a7c8-80f70bfd3a27|127.0.0.1:15073] with ContainerStateMachine:uninitialized
2025-04-23 14:39:33,801 [0b100b3f-2f19-4793-aa85-7b90340ffd9b-groupManagement] INFO  server.RaftServerConfigKeys (ConfUtils.java:logGet(46)) - raft.server.rpc.timeout.min = 5s (custom)
2025-04-23 14:39:33,801 [0b100b3f-2f19-4793-aa85-7b90340ffd9b-groupManagement] INFO  server.RaftServerConfigKeys (ConfUtils.java:logGet(46)) - raft.server.rpc.timeout.max = 5200ms (custom)
2025-04-23 14:39:33,801 [0b100b3f-2f19-4793-aa85-7b90340ffd9b-groupManagement] INFO  server.RaftServerConfigKeys (ConfUtils.java:logGet(46)) - raft.server.rpc.sleep.time = 25ms (default)
2025-04-23 14:39:33,801 [0b100b3f-2f19-4793-aa85-7b90340ffd9b-groupManagement] INFO  server.RaftServerConfigKeys (ConfUtils.java:logGet(46)) - raft.server.rpc.slowness.timeout = 300s (custom)
2025-04-23 14:39:33,801 [0b100b3f-2f19-4793-aa85-7b90340ffd9b-groupManagement] INFO  server.RaftServerConfigKeys (ConfUtils.java:logGet(46)) - raft.server.leaderelection.leader.step-down.wait-time = 10s (default)
2025-04-23 14:39:33,801 [0b100b3f-2f19-4793-aa85-7b90340ffd9b-groupManagement] INFO  server.RaftServerConfigKeys (ConfUtils.java:logGet(46)) - raft.server.leaderelection.member.majority-add = false (default)
2025-04-23 14:39:33,801 [0b100b3f-2f19-4793-aa85-7b90340ffd9b-groupManagement] INFO  server.RaftServerConfigKeys (ConfUtils.java:logGet(46)) - raft.server.sleep.deviation.threshold = 300ms (default)
2025-04-23 14:39:33,801 [0b100b3f-2f19-4793-aa85-7b90340ffd9b-groupManagement] INFO  server.RaftServer$Division (ServerState.java:<init>(114)) - 0b100b3f-2f19-4793-aa85-7b90340ffd9b@group-40DDC87B6CAF: ConfigurationManager, init=conf: {index: -1, cur=peers:[b100e076-0476-452f-b9c4-da313a68c752|127.0.0.1:15065, 0b100b3f-2f19-4793-aa85-7b90340ffd9b|127.0.0.1:15081, b2165e39-3e51-4fdf-a7c8-80f70bfd3a27|127.0.0.1:15073]|listeners:[], old=null}, confs=<EMPTY_MAP>
2025-04-23 14:39:33,801 [0b100b3f-2f19-4793-aa85-7b90340ffd9b-groupManagement] INFO  server.RaftServerConfigKeys (ConfUtils.java:logGet(46)) - raft.server.notification.no-leader.timeout = 300s (custom)
2025-04-23 14:39:33,801 [0b100b3f-2f19-4793-aa85-7b90340ffd9b-groupManagement] INFO  server.RaftServerConfigKeys (ConfUtils.java:logGet(46)) - raft.server.read.timeout = 10s (default)
2025-04-23 14:39:33,801 [0b100b3f-2f19-4793-aa85-7b90340ffd9b-groupManagement] INFO  server.RaftServerConfigKeys (ConfUtils.java:logGet(46)) - raft.server.retrycache.expirytime = 600000ms (custom)
2025-04-23 14:39:33,801 [0b100b3f-2f19-4793-aa85-7b90340ffd9b-groupManagement] INFO  server.RaftServerConfigKeys (ConfUtils.java:logGet(46)) - raft.server.retrycache.statistics.expirytime = 100ms (default)
2025-04-23 14:39:33,801 [0b100b3f-2f19-4793-aa85-7b90340ffd9b-groupManagement] INFO  server.RaftServerConfigKeys (ConfUtils.java:logGet(46)) - raft.server.read.option = DEFAULT (default)
2025-04-23 14:39:33,801 [0b100b3f-2f19-4793-aa85-7b90340ffd9b-groupManagement] INFO  server.RaftServerConfigKeys (ConfUtils.java:logGet(46)) - raft.server.read.read-after-write-consistent.write-index-cache.expiry-time = 60s (default)
2025-04-23 14:39:33,803 [0b100b3f-2f19-4793-aa85-7b90340ffd9b-groupManagement] INFO  server.RaftServerConfigKeys (ConfUtils.java:logGet(46)) - raft.server.rpc.request.timeout = 60s (custom)
2025-04-23 14:39:33,804 [0b100b3f-2f19-4793-aa85-7b90340ffd9b-groupManagement] INFO  server.RaftServerConfigKeys (ConfUtils.java:logGet(46)) - raft.server.log.appender.install.snapshot.enabled = false (custom)
2025-04-23 14:39:33,804 [0b100b3f-2f19-4793-aa85-7b90340ffd9b-groupManagement] INFO  server.RaftServerConfigKeys (ConfUtils.java:logGet(46)) - raft.server.threadpool.server.cached = true (default)
2025-04-23 14:39:33,804 [0b100b3f-2f19-4793-aa85-7b90340ffd9b-groupManagement] INFO  server.RaftServerConfigKeys (ConfUtils.java:logGet(46)) - raft.server.threadpool.server.size = 0 (default)
2025-04-23 14:39:33,804 [0b100b3f-2f19-4793-aa85-7b90340ffd9b-groupManagement] INFO  server.RaftServerConfigKeys (ConfUtils.java:logGet(46)) - raft.server.threadpool.client.cached = true (default)
2025-04-23 14:39:33,804 [0b100b3f-2f19-4793-aa85-7b90340ffd9b-groupManagement] INFO  server.RaftServerConfigKeys (ConfUtils.java:logGet(46)) - raft.server.threadpool.client.size = 0 (default)
2025-04-23 14:39:33,804 [0b100b3f-2f19-4793-aa85-7b90340ffd9b-groupManagement] INFO  server.RaftServerConfigKeys (ConfUtils.java:logGet(46)) - raft.server.storage.free-space.min = 0MB (=0) (default)
2025-04-23 14:39:33,804 [0b100b3f-2f19-4793-aa85-7b90340ffd9b-groupManagement] INFO  server.RaftServerConfigKeys (ConfUtils.java:logGet(46)) - raft.server.log.corruption.policy = EXCEPTION (default)
2025-04-23 14:39:33,804 [0b100b3f-2f19-4793-aa85-7b90340ffd9b-groupManagement] INFO  server.RaftServerConfigKeys (ConfUtils.java:logGet(46)) - raft.server.storage.dir = [/home/runner/work/ozone/ozone/hadoop-ozone/integration-test/target/test-dir/MiniOzoneClusterImpl-feea018d-8976-442b-acbc-fedf3986ffa5/ozone-meta/datanode-3/ratis] (custom)
2025-04-23 14:39:33,804 [0b100b3f-2f19-4793-aa85-7b90340ffd9b-groupManagement] INFO  storage.RaftStorageDirectory (RaftStorageDirectoryImpl.java:analyzeStorage(138)) - The storage directory /home/runner/work/ozone/ozone/hadoop-ozone/integration-test/target/test-dir/MiniOzoneClusterImpl-feea018d-8976-442b-acbc-fedf3986ffa5/ozone-meta/datanode-3/ratis/51ff1beb-3af7-4546-9db4-40ddc87b6caf does not exist. Creating ...
2025-04-23 14:39:33,805 [0b100b3f-2f19-4793-aa85-7b90340ffd9b-groupManagement] INFO  storage.RaftStorageDirectory (RaftStorageDirectoryImpl.java:tryLock(229)) - Lock on /home/runner/work/ozone/ozone/hadoop-ozone/integration-test/target/test-dir/MiniOzoneClusterImpl-feea018d-8976-442b-acbc-fedf3986ffa5/ozone-meta/datanode-3/ratis/51ff1beb-3af7-4546-9db4-40ddc87b6caf/in_use.lock acquired by nodename 129558@fv-az1120-822
2025-04-23 14:39:33,806 [0b100b3f-2f19-4793-aa85-7b90340ffd9b-groupManagement] INFO  storage.RaftStorage (RaftStorageImpl.java:format(98)) - Storage directory /home/runner/work/ozone/ozone/hadoop-ozone/integration-test/target/test-dir/MiniOzoneClusterImpl-feea018d-8976-442b-acbc-fedf3986ffa5/ozone-meta/datanode-3/ratis/51ff1beb-3af7-4546-9db4-40ddc87b6caf has been successfully formatted.
2025-04-23 14:39:33,806 [0b100b3f-2f19-4793-aa85-7b90340ffd9b-groupManagement] INFO  ratis.ContainerStateMachine (ContainerStateMachine.java:initialize(339)) - 0b100b3f-2f19-4793-aa85-7b90340ffd9b: initialize group-40DDC87B6CAF
2025-04-23 14:39:33,806 [0b100b3f-2f19-4793-aa85-7b90340ffd9b-groupManagement] INFO  ratis.ContainerStateMachine (ContainerStateMachine.java:loadSnapshot(347)) - group-40DDC87B6CAF: The snapshot info is null. Setting the last applied index to:(t:0, i:~)
2025-04-23 14:39:33,806 [0b100b3f-2f19-4793-aa85-7b90340ffd9b-groupManagement] INFO  server.RaftServerConfigKeys (ConfUtils.java:logGet(46)) - raft.server.log.use.memory = false (default)
2025-04-23 14:39:33,806 [0b100b3f-2f19-4793-aa85-7b90340ffd9b-groupManagement] INFO  server.RaftServerConfigKeys (ConfUtils.java:logGet(46)) - raft.server.log.purge.gap = 1000000 (custom)
2025-04-23 14:39:33,806 [0b100b3f-2f19-4793-aa85-7b90340ffd9b-groupManagement] INFO  server.RaftServerConfigKeys (ConfUtils.java:logGet(46)) - raft.server.log.appender.buffer.byte-limit = 33554432 (custom)
2025-04-23 14:39:33,806 [0b100b3f-2f19-4793-aa85-7b90340ffd9b-groupManagement] INFO  server.RaftServerConfigKeys (ConfUtils.java:logGet(46)) - raft.server.log.statemachine.data.read.timeout = 1000ms (default)
2025-04-23 14:39:33,806 [0b100b3f-2f19-4793-aa85-7b90340ffd9b-groupManagement] INFO  server.RaftServerConfigKeys (ConfUtils.java:logGet(46)) - raft.server.log.purge.preservation.log.num = 0 (default)
2025-04-23 14:39:33,807 [0b100b3f-2f19-4793-aa85-7b90340ffd9b-groupManagement] INFO  server.RaftServerConfigKeys (ConfUtils.java:logGet(46)) - raft.server.log.segment.size.max = 67108864 (custom)
2025-04-23 14:39:33,808 [0b100b3f-2f19-4793-aa85-7b90340ffd9b-groupManagement] INFO  server.RaftServerConfigKeys (ConfUtils.java:logGet(46)) - raft.server.log.segment.cache.num.max = 2 (custom)
2025-04-23 14:39:33,808 [0b100b3f-2f19-4793-aa85-7b90340ffd9b-groupManagement] INFO  server.RaftServerConfigKeys (ConfUtils.java:logGet(46)) - raft.server.log.segment.cache.size.max = 200MB (=209715200) (default)
2025-04-23 14:39:33,808 [0b100b3f-2f19-4793-aa85-7b90340ffd9b-groupManagement] INFO  server.RaftServerConfigKeys (ConfUtils.java:logGet(46)) - raft.server.log.appender.buffer.byte-limit = 33554432 (custom)
2025-04-23 14:39:33,808 [0b100b3f-2f19-4793-aa85-7b90340ffd9b-groupManagement] INFO  util.AwaitToRun (AwaitToRun.java:start(81)) - Thread[#8862,0b100b3f-2f19-4793-aa85-7b90340ffd9b@group-40DDC87B6CAF-cacheEviction-AwaitToRun,5,main] started
2025-04-23 14:39:33,808 [0b100b3f-2f19-4793-aa85-7b90340ffd9b-groupManagement] INFO  segmented.SegmentedRaftLogWorker (SegmentedRaftLogWorker.java:<init>(188)) - new 0b100b3f-2f19-4793-aa85-7b90340ffd9b@group-40DDC87B6CAF-SegmentedRaftLogWorker for RaftStorageImpl:Storage Directory /home/runner/work/ozone/ozone/hadoop-ozone/integration-test/target/test-dir/MiniOzoneClusterImpl-feea018d-8976-442b-acbc-fedf3986ffa5/ozone-meta/datanode-3/ratis/51ff1beb-3af7-4546-9db4-40ddc87b6caf
2025-04-23 14:39:33,808 [0b100b3f-2f19-4793-aa85-7b90340ffd9b-groupManagement] INFO  server.RaftServerConfigKeys (ConfUtils.java:logGet(46)) - raft.server.log.queue.byte-limit = 4294967296 (custom)
2025-04-23 14:39:33,808 [0b100b3f-2f19-4793-aa85-7b90340ffd9b-groupManagement] INFO  server.RaftServerConfigKeys (ConfUtils.java:logGet(46)) - raft.server.log.queue.element-limit = 1024 (custom)
2025-04-23 14:39:33,808 [0b100b3f-2f19-4793-aa85-7b90340ffd9b-groupManagement] INFO  server.RaftServerConfigKeys (ConfUtils.java:logGet(46)) - raft.server.log.segment.size.max = 67108864 (custom)
2025-04-23 14:39:33,808 [0b100b3f-2f19-4793-aa85-7b90340ffd9b-groupManagement] INFO  server.RaftServerConfigKeys (ConfUtils.java:logGet(46)) - raft.server.log.preallocated.size = 4194304 (custom)
2025-04-23 14:39:33,808 [0b100b3f-2f19-4793-aa85-7b90340ffd9b-groupManagement] INFO  server.RaftServerConfigKeys (ConfUtils.java:logGet(46)) - raft.server.log.force.sync.num = 128 (default)
2025-04-23 14:39:33,808 [0b100b3f-2f19-4793-aa85-7b90340ffd9b-groupManagement] INFO  server.RaftServerConfigKeys (ConfUtils.java:logGet(46)) - raft.server.log.statemachine.data.sync = true (default)
2025-04-23 14:39:33,808 [0b100b3f-2f19-4793-aa85-7b90340ffd9b-groupManagement] INFO  server.RaftServerConfigKeys (ConfUtils.java:logGet(46)) - raft.server.log.statemachine.data.sync.timeout = 10s (default)
2025-04-23 14:39:33,808 [0b100b3f-2f19-4793-aa85-7b90340ffd9b-groupManagement] INFO  server.RaftServerConfigKeys (ConfUtils.java:logGet(46)) - raft.server.log.statemachine.data.sync.timeout.retry = 30 (custom)
2025-04-23 14:39:33,809 [0b100b3f-2f19-4793-aa85-7b90340ffd9b-groupManagement] INFO  server.RaftServerConfigKeys (ConfUtils.java:logGet(46)) - raft.server.log.write.buffer.size = 33554440 (custom)
2025-04-23 14:39:33,814 [0b100b3f-2f19-4793-aa85-7b90340ffd9b-groupManagement] INFO  server.RaftServerConfigKeys (ConfUtils.java:logGet(46)) - raft.server.log.appender.buffer.byte-limit = 33554432 (custom)
2025-04-23 14:39:33,814 [0b100b3f-2f19-4793-aa85-7b90340ffd9b-groupManagement] INFO  server.RaftServerConfigKeys (ConfUtils.java:logGet(46)) - raft.server.log.unsafe-flush.enabled = false (default)
2025-04-23 14:39:33,814 [0b100b3f-2f19-4793-aa85-7b90340ffd9b-groupManagement] INFO  server.RaftServerConfigKeys (ConfUtils.java:logGet(46)) - raft.server.log.async-flush.enabled = false (default)
2025-04-23 14:39:33,814 [0b100b3f-2f19-4793-aa85-7b90340ffd9b-groupManagement] INFO  server.RaftServerConfigKeys (ConfUtils.java:logGet(46)) - raft.server.log.statemachine.data.caching.enabled = true (custom)
2025-04-23 14:39:33,814 [0b100b3f-2f19-4793-aa85-7b90340ffd9b-groupManagement] INFO  segmented.SegmentedRaftLogWorker (SegmentedRaftLogWorker.java:lambda$new$0(139)) - 0b100b3f-2f19-4793-aa85-7b90340ffd9b@group-40DDC87B6CAF-SegmentedRaftLogWorker: flushIndex: setUnconditionally 0 -> -1
2025-04-23 14:39:33,814 [0b100b3f-2f19-4793-aa85-7b90340ffd9b-groupManagement] INFO  segmented.SegmentedRaftLogWorker (SegmentedRaftLogWorker.java:lambda$new$0(139)) - 0b100b3f-2f19-4793-aa85-7b90340ffd9b@group-40DDC87B6CAF-SegmentedRaftLogWorker: safeCacheEvictIndex: setUnconditionally 0 -> -1
2025-04-23 14:39:33,815 [0b100b3f-2f19-4793-aa85-7b90340ffd9b-groupManagement] INFO  server.RaftServer$Division (RaftServerImpl.java:start(391)) - 0b100b3f-2f19-4793-aa85-7b90340ffd9b@group-40DDC87B6CAF: start as a follower, conf=conf: {index: -1, cur=peers:[b100e076-0476-452f-b9c4-da313a68c752|127.0.0.1:15065, 0b100b3f-2f19-4793-aa85-7b90340ffd9b|127.0.0.1:15081, b2165e39-3e51-4fdf-a7c8-80f70bfd3a27|127.0.0.1:15073]|listeners:[], old=null}
2025-04-23 14:39:33,815 [0b100b3f-2f19-4793-aa85-7b90340ffd9b-groupManagement] INFO  server.RaftServer$Division (RaftServerImpl.java:setRole(378)) - 0b100b3f-2f19-4793-aa85-7b90340ffd9b@group-40DDC87B6CAF: changes role from      null to FOLLOWER at term 0 for startAsFollower
2025-04-23 14:39:33,815 [0b100b3f-2f19-4793-aa85-7b90340ffd9b-groupManagement] INFO  impl.RoleInfo (RoleInfo.java:updateAndGet(148)) - 0b100b3f-2f19-4793-aa85-7b90340ffd9b: start 0b100b3f-2f19-4793-aa85-7b90340ffd9b@group-40DDC87B6CAF-FollowerState
2025-04-23 14:39:33,815 [0b100b3f-2f19-4793-aa85-7b90340ffd9b-groupManagement] INFO  util.JmxRegister (JmxRegister.java:tryRegister(44)) - Successfully registered JMX Bean with object name Ratis:service=RaftServer,group=group-40DDC87B6CAF,id=0b100b3f-2f19-4793-aa85-7b90340ffd9b
2025-04-23 14:39:33,815 [0b100b3f-2f19-4793-aa85-7b90340ffd9b-groupManagement] INFO  util.JmxRegister (JmxRegister.java:register(58)) - register mxBean class org.apache.ratis.server.impl.RaftServerJmxAdapter as Ratis:service=RaftServer,group=group-40DDC87B6CAF,id=0b100b3f-2f19-4793-aa85-7b90340ffd9b
2025-04-23 14:39:33,815 [0b100b3f-2f19-4793-aa85-7b90340ffd9b@group-40DDC87B6CAF-FollowerState] INFO  server.RaftServerConfigKeys (ConfUtils.java:logGet(46)) - raft.server.rpc.first-election.timeout.min = 1000ms (custom)
2025-04-23 14:39:33,815 [0b100b3f-2f19-4793-aa85-7b90340ffd9b@group-40DDC87B6CAF-FollowerState] INFO  server.RaftServerConfigKeys (ConfUtils.java:logGet(46)) - raft.server.rpc.first-election.timeout.max = 1200ms (custom)
2025-04-23 14:39:33,815 [0b100b3f-2f19-4793-aa85-7b90340ffd9b-groupManagement] INFO  server.RaftServerConfigKeys (ConfUtils.java:logGet(46)) - raft.server.snapshot.trigger-when-stop.enabled = true (default)
2025-04-23 14:39:33,815 [0b100b3f-2f19-4793-aa85-7b90340ffd9b-groupManagement] INFO  server.RaftServerConfigKeys (ConfUtils.java:logGet(46)) - raft.server.snapshot.trigger-when-remove.enabled = true (default)
2025-04-23 14:39:33,816 [0b100b3f-2f19-4793-aa85-7b90340ffd9b-groupManagement] INFO  server.RaftServerConfigKeys (ConfUtils.java:logGet(46)) - raft.server.snapshot.auto.trigger.enabled = true (custom)
2025-04-23 14:39:33,816 [0b100b3f-2f19-4793-aa85-7b90340ffd9b-groupManagement] INFO  server.RaftServerConfigKeys (ConfUtils.java:logGet(46)) - raft.server.snapshot.auto.trigger.threshold = 100000 (custom)
2025-04-23 14:39:33,816 [0b100b3f-2f19-4793-aa85-7b90340ffd9b-groupManagement] INFO  server.RaftServerConfigKeys (ConfUtils.java:logGet(46)) - raft.server.snapshot.retention.file.num = 5 (custom)
2025-04-23 14:39:33,816 [0b100b3f-2f19-4793-aa85-7b90340ffd9b-groupManagement] INFO  server.RaftServerConfigKeys (ConfUtils.java:logGet(46)) - raft.server.log.purge.upto.snapshot.index = false (default)
2025-04-23 14:39:33,816 [0b100b3f-2f19-4793-aa85-7b90340ffd9b-groupManagement] INFO  server.RaftServer$Division (RaftServerImpl.java:start(405)) - 0b100b3f-2f19-4793-aa85-7b90340ffd9b@group-40DDC87B6CAF: Successfully started.
2025-04-23 14:39:33,823 [grpc-default-executor-3] INFO  server.RaftServer (RaftServerProxy.java:addNew(100)) - b2165e39-3e51-4fdf-a7c8-80f70bfd3a27: addNew group-40DDC87B6CAF:[b100e076-0476-452f-b9c4-da313a68c752|127.0.0.1:15065, 0b100b3f-2f19-4793-aa85-7b90340ffd9b|127.0.0.1:15081, b2165e39-3e51-4fdf-a7c8-80f70bfd3a27|127.0.0.1:15073] returns group-40DDC87B6CAF:java.util.concurrent.CompletableFuture@39f80368[Not completed]
2025-04-23 14:39:33,824 [b2165e39-3e51-4fdf-a7c8-80f70bfd3a27-groupManagement] INFO  server.RaftServer$Division (RaftServerImpl.java:<init>(255)) - b2165e39-3e51-4fdf-a7c8-80f70bfd3a27: new RaftServerImpl for group-40DDC87B6CAF:[b100e076-0476-452f-b9c4-da313a68c752|127.0.0.1:15065, 0b100b3f-2f19-4793-aa85-7b90340ffd9b|127.0.0.1:15081, b2165e39-3e51-4fdf-a7c8-80f70bfd3a27|127.0.0.1:15073] with ContainerStateMachine:uninitialized
2025-04-23 14:39:33,824 [b2165e39-3e51-4fdf-a7c8-80f70bfd3a27-groupManagement] INFO  server.RaftServerConfigKeys (ConfUtils.java:logGet(46)) - raft.server.rpc.timeout.min = 5s (custom)
2025-04-23 14:39:33,824 [b2165e39-3e51-4fdf-a7c8-80f70bfd3a27-groupManagement] INFO  server.RaftServerConfigKeys (ConfUtils.java:logGet(46)) - raft.server.rpc.timeout.max = 5200ms (custom)
2025-04-23 14:39:33,824 [b2165e39-3e51-4fdf-a7c8-80f70bfd3a27-groupManagement] INFO  server.RaftServerConfigKeys (ConfUtils.java:logGet(46)) - raft.server.rpc.sleep.time = 25ms (default)
2025-04-23 14:39:33,824 [b2165e39-3e51-4fdf-a7c8-80f70bfd3a27-groupManagement] INFO  server.RaftServerConfigKeys (ConfUtils.java:logGet(46)) - raft.server.rpc.slowness.timeout = 300s (custom)
2025-04-23 14:39:33,824 [b2165e39-3e51-4fdf-a7c8-80f70bfd3a27-groupManagement] INFO  server.RaftServerConfigKeys (ConfUtils.java:logGet(46)) - raft.server.leaderelection.leader.step-down.wait-time = 10s (default)
2025-04-23 14:39:33,824 [b2165e39-3e51-4fdf-a7c8-80f70bfd3a27-groupManagement] INFO  server.RaftServerConfigKeys (ConfUtils.java:logGet(46)) - raft.server.leaderelection.member.majority-add = false (default)
2025-04-23 14:39:33,824 [b2165e39-3e51-4fdf-a7c8-80f70bfd3a27-groupManagement] INFO  server.RaftServerConfigKeys (ConfUtils.java:logGet(46)) - raft.server.sleep.deviation.threshold = 300ms (default)
2025-04-23 14:39:33,824 [b2165e39-3e51-4fdf-a7c8-80f70bfd3a27-groupManagement] INFO  server.RaftServer$Division (ServerState.java:<init>(114)) - b2165e39-3e51-4fdf-a7c8-80f70bfd3a27@group-40DDC87B6CAF: ConfigurationManager, init=conf: {index: -1, cur=peers:[b100e076-0476-452f-b9c4-da313a68c752|127.0.0.1:15065, 0b100b3f-2f19-4793-aa85-7b90340ffd9b|127.0.0.1:15081, b2165e39-3e51-4fdf-a7c8-80f70bfd3a27|127.0.0.1:15073]|listeners:[], old=null}, confs=<EMPTY_MAP>
2025-04-23 14:39:33,824 [b2165e39-3e51-4fdf-a7c8-80f70bfd3a27-groupManagement] INFO  server.RaftServerConfigKeys (ConfUtils.java:logGet(46)) - raft.server.notification.no-leader.timeout = 300s (custom)
2025-04-23 14:39:33,824 [b2165e39-3e51-4fdf-a7c8-80f70bfd3a27-groupManagement] INFO  server.RaftServerConfigKeys (ConfUtils.java:logGet(46)) - raft.server.read.timeout = 10s (default)
2025-04-23 14:39:33,824 [b2165e39-3e51-4fdf-a7c8-80f70bfd3a27-groupManagement] INFO  server.RaftServerConfigKeys (ConfUtils.java:logGet(46)) - raft.server.retrycache.expirytime = 600000ms (custom)
2025-04-23 14:39:33,824 [b2165e39-3e51-4fdf-a7c8-80f70bfd3a27-groupManagement] INFO  server.RaftServerConfigKeys (ConfUtils.java:logGet(46)) - raft.server.retrycache.statistics.expirytime = 100ms (default)
2025-04-23 14:39:33,824 [b2165e39-3e51-4fdf-a7c8-80f70bfd3a27-groupManagement] INFO  server.RaftServerConfigKeys (ConfUtils.java:logGet(46)) - raft.server.read.option = DEFAULT (default)
2025-04-23 14:39:33,824 [b2165e39-3e51-4fdf-a7c8-80f70bfd3a27-groupManagement] INFO  server.RaftServerConfigKeys (ConfUtils.java:logGet(46)) - raft.server.read.read-after-write-consistent.write-index-cache.expiry-time = 60s (default)
2025-04-23 14:39:33,827 [b2165e39-3e51-4fdf-a7c8-80f70bfd3a27-groupManagement] INFO  server.RaftServerConfigKeys (ConfUtils.java:logGet(46)) - raft.server.rpc.request.timeout = 60s (custom)
2025-04-23 14:39:33,827 [b2165e39-3e51-4fdf-a7c8-80f70bfd3a27-groupManagement] INFO  server.RaftServerConfigKeys (ConfUtils.java:logGet(46)) - raft.server.log.appender.install.snapshot.enabled = false (custom)
2025-04-23 14:39:33,827 [b2165e39-3e51-4fdf-a7c8-80f70bfd3a27-groupManagement] INFO  server.RaftServerConfigKeys (ConfUtils.java:logGet(46)) - raft.server.threadpool.server.cached = true (default)
2025-04-23 14:39:33,827 [b2165e39-3e51-4fdf-a7c8-80f70bfd3a27-groupManagement] INFO  server.RaftServerConfigKeys (ConfUtils.java:logGet(46)) - raft.server.threadpool.server.size = 0 (default)
2025-04-23 14:39:33,827 [b2165e39-3e51-4fdf-a7c8-80f70bfd3a27-groupManagement] INFO  server.RaftServerConfigKeys (ConfUtils.java:logGet(46)) - raft.server.threadpool.client.cached = true (default)
2025-04-23 14:39:33,827 [b2165e39-3e51-4fdf-a7c8-80f70bfd3a27-groupManagement] INFO  server.RaftServerConfigKeys (ConfUtils.java:logGet(46)) - raft.server.threadpool.client.size = 0 (default)
2025-04-23 14:39:33,827 [b2165e39-3e51-4fdf-a7c8-80f70bfd3a27-groupManagement] INFO  server.RaftServerConfigKeys (ConfUtils.java:logGet(46)) - raft.server.storage.free-space.min = 0MB (=0) (default)
2025-04-23 14:39:33,827 [b2165e39-3e51-4fdf-a7c8-80f70bfd3a27-groupManagement] INFO  server.RaftServerConfigKeys (ConfUtils.java:logGet(46)) - raft.server.log.corruption.policy = EXCEPTION (default)
2025-04-23 14:39:33,827 [b2165e39-3e51-4fdf-a7c8-80f70bfd3a27-groupManagement] INFO  server.RaftServerConfigKeys (ConfUtils.java:logGet(46)) - raft.server.storage.dir = [/home/runner/work/ozone/ozone/hadoop-ozone/integration-test/target/test-dir/MiniOzoneClusterImpl-feea018d-8976-442b-acbc-fedf3986ffa5/ozone-meta/datanode-2/ratis] (custom)
2025-04-23 14:39:33,827 [b2165e39-3e51-4fdf-a7c8-80f70bfd3a27-groupManagement] INFO  storage.RaftStorageDirectory (RaftStorageDirectoryImpl.java:analyzeStorage(138)) - The storage directory /home/runner/work/ozone/ozone/hadoop-ozone/integration-test/target/test-dir/MiniOzoneClusterImpl-feea018d-8976-442b-acbc-fedf3986ffa5/ozone-meta/datanode-2/ratis/51ff1beb-3af7-4546-9db4-40ddc87b6caf does not exist. Creating ...
2025-04-23 14:39:33,828 [b2165e39-3e51-4fdf-a7c8-80f70bfd3a27-groupManagement] INFO  storage.RaftStorageDirectory (RaftStorageDirectoryImpl.java:tryLock(229)) - Lock on /home/runner/work/ozone/ozone/hadoop-ozone/integration-test/target/test-dir/MiniOzoneClusterImpl-feea018d-8976-442b-acbc-fedf3986ffa5/ozone-meta/datanode-2/ratis/51ff1beb-3af7-4546-9db4-40ddc87b6caf/in_use.lock acquired by nodename 129558@fv-az1120-822
2025-04-23 14:39:33,829 [b2165e39-3e51-4fdf-a7c8-80f70bfd3a27-groupManagement] INFO  storage.RaftStorage (RaftStorageImpl.java:format(98)) - Storage directory /home/runner/work/ozone/ozone/hadoop-ozone/integration-test/target/test-dir/MiniOzoneClusterImpl-feea018d-8976-442b-acbc-fedf3986ffa5/ozone-meta/datanode-2/ratis/51ff1beb-3af7-4546-9db4-40ddc87b6caf has been successfully formatted.
2025-04-23 14:39:33,829 [b2165e39-3e51-4fdf-a7c8-80f70bfd3a27-groupManagement] INFO  ratis.ContainerStateMachine (ContainerStateMachine.java:initialize(339)) - b2165e39-3e51-4fdf-a7c8-80f70bfd3a27: initialize group-40DDC87B6CAF
2025-04-23 14:39:33,829 [b2165e39-3e51-4fdf-a7c8-80f70bfd3a27-groupManagement] INFO  ratis.ContainerStateMachine (ContainerStateMachine.java:loadSnapshot(347)) - group-40DDC87B6CAF: The snapshot info is null. Setting the last applied index to:(t:0, i:~)
2025-04-23 14:39:33,830 [b2165e39-3e51-4fdf-a7c8-80f70bfd3a27-groupManagement] INFO  server.RaftServerConfigKeys (ConfUtils.java:logGet(46)) - raft.server.log.use.memory = false (default)
2025-04-23 14:39:33,830 [b2165e39-3e51-4fdf-a7c8-80f70bfd3a27-groupManagement] INFO  server.RaftServerConfigKeys (ConfUtils.java:logGet(46)) - raft.server.log.purge.gap = 1000000 (custom)
2025-04-23 14:39:33,830 [b2165e39-3e51-4fdf-a7c8-80f70bfd3a27-groupManagement] INFO  server.RaftServerConfigKeys (ConfUtils.java:logGet(46)) - raft.server.log.appender.buffer.byte-limit = 33554432 (custom)
2025-04-23 14:39:33,830 [b2165e39-3e51-4fdf-a7c8-80f70bfd3a27-groupManagement] INFO  server.RaftServerConfigKeys (ConfUtils.java:logGet(46)) - raft.server.log.statemachine.data.read.timeout = 1000ms (default)
2025-04-23 14:39:33,830 [b2165e39-3e51-4fdf-a7c8-80f70bfd3a27-groupManagement] INFO  server.RaftServerConfigKeys (ConfUtils.java:logGet(46)) - raft.server.log.purge.preservation.log.num = 0 (default)
2025-04-23 14:39:33,831 [b2165e39-3e51-4fdf-a7c8-80f70bfd3a27-groupManagement] INFO  server.RaftServerConfigKeys (ConfUtils.java:logGet(46)) - raft.server.log.segment.size.max = 67108864 (custom)
2025-04-23 14:39:33,831 [b2165e39-3e51-4fdf-a7c8-80f70bfd3a27-groupManagement] INFO  server.RaftServerConfigKeys (ConfUtils.java:logGet(46)) - raft.server.log.segment.cache.num.max = 2 (custom)
2025-04-23 14:39:33,831 [b2165e39-3e51-4fdf-a7c8-80f70bfd3a27-groupManagement] INFO  server.RaftServerConfigKeys (ConfUtils.java:logGet(46)) - raft.server.log.segment.cache.size.max = 200MB (=209715200) (default)
2025-04-23 14:39:33,831 [b2165e39-3e51-4fdf-a7c8-80f70bfd3a27-groupManagement] INFO  server.RaftServerConfigKeys (ConfUtils.java:logGet(46)) - raft.server.log.appender.buffer.byte-limit = 33554432 (custom)
2025-04-23 14:39:33,831 [b2165e39-3e51-4fdf-a7c8-80f70bfd3a27-groupManagement] INFO  util.AwaitToRun (AwaitToRun.java:start(81)) - Thread[#8869,b2165e39-3e51-4fdf-a7c8-80f70bfd3a27@group-40DDC87B6CAF-cacheEviction-AwaitToRun,5,main] started
2025-04-23 14:39:33,832 [b2165e39-3e51-4fdf-a7c8-80f70bfd3a27-groupManagement] INFO  segmented.SegmentedRaftLogWorker (SegmentedRaftLogWorker.java:<init>(188)) - new b2165e39-3e51-4fdf-a7c8-80f70bfd3a27@group-40DDC87B6CAF-SegmentedRaftLogWorker for RaftStorageImpl:Storage Directory /home/runner/work/ozone/ozone/hadoop-ozone/integration-test/target/test-dir/MiniOzoneClusterImpl-feea018d-8976-442b-acbc-fedf3986ffa5/ozone-meta/datanode-2/ratis/51ff1beb-3af7-4546-9db4-40ddc87b6caf
2025-04-23 14:39:33,832 [b2165e39-3e51-4fdf-a7c8-80f70bfd3a27-groupManagement] INFO  server.RaftServerConfigKeys (ConfUtils.java:logGet(46)) - raft.server.log.queue.byte-limit = 4294967296 (custom)
2025-04-23 14:39:33,832 [b2165e39-3e51-4fdf-a7c8-80f70bfd3a27-groupManagement] INFO  server.RaftServerConfigKeys (ConfUtils.java:logGet(46)) - raft.server.log.queue.element-limit = 1024 (custom)
2025-04-23 14:39:33,832 [b2165e39-3e51-4fdf-a7c8-80f70bfd3a27-groupManagement] INFO  server.RaftServerConfigKeys (ConfUtils.java:logGet(46)) - raft.server.log.segment.size.max = 67108864 (custom)
2025-04-23 14:39:33,832 [b2165e39-3e51-4fdf-a7c8-80f70bfd3a27-groupManagement] INFO  server.RaftServerConfigKeys (ConfUtils.java:logGet(46)) - raft.server.log.preallocated.size = 4194304 (custom)
2025-04-23 14:39:33,832 [b2165e39-3e51-4fdf-a7c8-80f70bfd3a27-groupManagement] INFO  server.RaftServerConfigKeys (ConfUtils.java:logGet(46)) - raft.server.log.force.sync.num = 128 (default)
2025-04-23 14:39:33,832 [b2165e39-3e51-4fdf-a7c8-80f70bfd3a27-groupManagement] INFO  server.RaftServerConfigKeys (ConfUtils.java:logGet(46)) - raft.server.log.statemachine.data.sync = true (default)
2025-04-23 14:39:33,832 [b2165e39-3e51-4fdf-a7c8-80f70bfd3a27-groupManagement] INFO  server.RaftServerConfigKeys (ConfUtils.java:logGet(46)) - raft.server.log.statemachine.data.sync.timeout = 10s (default)
2025-04-23 14:39:33,832 [b2165e39-3e51-4fdf-a7c8-80f70bfd3a27-groupManagement] INFO  server.RaftServerConfigKeys (ConfUtils.java:logGet(46)) - raft.server.log.statemachine.data.sync.timeout.retry = 30 (custom)
2025-04-23 14:39:33,832 [b2165e39-3e51-4fdf-a7c8-80f70bfd3a27-groupManagement] INFO  server.RaftServerConfigKeys (ConfUtils.java:logGet(46)) - raft.server.log.write.buffer.size = 33554440 (custom)
2025-04-23 14:39:33,836 [b2165e39-3e51-4fdf-a7c8-80f70bfd3a27-groupManagement] INFO  server.RaftServerConfigKeys (ConfUtils.java:logGet(46)) - raft.server.log.appender.buffer.byte-limit = 33554432 (custom)
2025-04-23 14:39:33,836 [b2165e39-3e51-4fdf-a7c8-80f70bfd3a27-groupManagement] INFO  server.RaftServerConfigKeys (ConfUtils.java:logGet(46)) - raft.server.log.unsafe-flush.enabled = false (default)
2025-04-23 14:39:33,836 [b2165e39-3e51-4fdf-a7c8-80f70bfd3a27-groupManagement] INFO  server.RaftServerConfigKeys (ConfUtils.java:logGet(46)) - raft.server.log.async-flush.enabled = false (default)
2025-04-23 14:39:33,836 [b2165e39-3e51-4fdf-a7c8-80f70bfd3a27-groupManagement] INFO  server.RaftServerConfigKeys (ConfUtils.java:logGet(46)) - raft.server.log.statemachine.data.caching.enabled = true (custom)
2025-04-23 14:39:33,837 [b2165e39-3e51-4fdf-a7c8-80f70bfd3a27-groupManagement] INFO  segmented.SegmentedRaftLogWorker (SegmentedRaftLogWorker.java:lambda$new$0(139)) - b2165e39-3e51-4fdf-a7c8-80f70bfd3a27@group-40DDC87B6CAF-SegmentedRaftLogWorker: flushIndex: setUnconditionally 0 -> -1
2025-04-23 14:39:33,837 [b2165e39-3e51-4fdf-a7c8-80f70bfd3a27-groupManagement] INFO  segmented.SegmentedRaftLogWorker (SegmentedRaftLogWorker.java:lambda$new$0(139)) - b2165e39-3e51-4fdf-a7c8-80f70bfd3a27@group-40DDC87B6CAF-SegmentedRaftLogWorker: safeCacheEvictIndex: setUnconditionally 0 -> -1
2025-04-23 14:39:33,837 [b2165e39-3e51-4fdf-a7c8-80f70bfd3a27-groupManagement] INFO  server.RaftServer$Division (RaftServerImpl.java:start(391)) - b2165e39-3e51-4fdf-a7c8-80f70bfd3a27@group-40DDC87B6CAF: start as a follower, conf=conf: {index: -1, cur=peers:[b100e076-0476-452f-b9c4-da313a68c752|127.0.0.1:15065, 0b100b3f-2f19-4793-aa85-7b90340ffd9b|127.0.0.1:15081, b2165e39-3e51-4fdf-a7c8-80f70bfd3a27|127.0.0.1:15073]|listeners:[], old=null}
2025-04-23 14:39:33,837 [b2165e39-3e51-4fdf-a7c8-80f70bfd3a27-groupManagement] INFO  server.RaftServer$Division (RaftServerImpl.java:setRole(378)) - b2165e39-3e51-4fdf-a7c8-80f70bfd3a27@group-40DDC87B6CAF: changes role from      null to FOLLOWER at term 0 for startAsFollower
2025-04-23 14:39:33,837 [b2165e39-3e51-4fdf-a7c8-80f70bfd3a27-groupManagement] INFO  impl.RoleInfo (RoleInfo.java:updateAndGet(148)) - b2165e39-3e51-4fdf-a7c8-80f70bfd3a27: start b2165e39-3e51-4fdf-a7c8-80f70bfd3a27@group-40DDC87B6CAF-FollowerState
2025-04-23 14:39:33,837 [b2165e39-3e51-4fdf-a7c8-80f70bfd3a27-groupManagement] INFO  util.JmxRegister (JmxRegister.java:tryRegister(44)) - Successfully registered JMX Bean with object name Ratis:service=RaftServer,group=group-40DDC87B6CAF,id=b2165e39-3e51-4fdf-a7c8-80f70bfd3a27
2025-04-23 14:39:33,837 [b2165e39-3e51-4fdf-a7c8-80f70bfd3a27-groupManagement] INFO  util.JmxRegister (JmxRegister.java:register(58)) - register mxBean class org.apache.ratis.server.impl.RaftServerJmxAdapter as Ratis:service=RaftServer,group=group-40DDC87B6CAF,id=b2165e39-3e51-4fdf-a7c8-80f70bfd3a27
2025-04-23 14:39:33,837 [b2165e39-3e51-4fdf-a7c8-80f70bfd3a27@group-40DDC87B6CAF-FollowerState] INFO  server.RaftServerConfigKeys (ConfUtils.java:logGet(46)) - raft.server.rpc.first-election.timeout.min = 1000ms (custom)
2025-04-23 14:39:33,837 [b2165e39-3e51-4fdf-a7c8-80f70bfd3a27-groupManagement] INFO  server.RaftServerConfigKeys (ConfUtils.java:logGet(46)) - raft.server.snapshot.trigger-when-stop.enabled = true (default)
2025-04-23 14:39:33,837 [b2165e39-3e51-4fdf-a7c8-80f70bfd3a27@group-40DDC87B6CAF-FollowerState] INFO  server.RaftServerConfigKeys (ConfUtils.java:logGet(46)) - raft.server.rpc.first-election.timeout.max = 1200ms (custom)
2025-04-23 14:39:33,837 [b2165e39-3e51-4fdf-a7c8-80f70bfd3a27-groupManagement] INFO  server.RaftServerConfigKeys (ConfUtils.java:logGet(46)) - raft.server.snapshot.trigger-when-remove.enabled = true (default)
2025-04-23 14:39:33,837 [b2165e39-3e51-4fdf-a7c8-80f70bfd3a27-groupManagement] INFO  server.RaftServerConfigKeys (ConfUtils.java:logGet(46)) - raft.server.snapshot.auto.trigger.enabled = true (custom)
2025-04-23 14:39:33,838 [b2165e39-3e51-4fdf-a7c8-80f70bfd3a27-groupManagement] INFO  server.RaftServerConfigKeys (ConfUtils.java:logGet(46)) - raft.server.snapshot.auto.trigger.threshold = 100000 (custom)
2025-04-23 14:39:33,838 [b2165e39-3e51-4fdf-a7c8-80f70bfd3a27-groupManagement] INFO  server.RaftServerConfigKeys (ConfUtils.java:logGet(46)) - raft.server.snapshot.retention.file.num = 5 (custom)
2025-04-23 14:39:33,838 [b2165e39-3e51-4fdf-a7c8-80f70bfd3a27-groupManagement] INFO  server.RaftServerConfigKeys (ConfUtils.java:logGet(46)) - raft.server.log.purge.upto.snapshot.index = false (default)
2025-04-23 14:39:33,838 [b2165e39-3e51-4fdf-a7c8-80f70bfd3a27-groupManagement] INFO  server.RaftServer$Division (RaftServerImpl.java:start(405)) - b2165e39-3e51-4fdf-a7c8-80f70bfd3a27@group-40DDC87B6CAF: Successfully started.
2025-04-23 14:39:33,840 [b100e076-0476-452f-b9c4-da313a68c752-PipelineCommandHandlerThread-0] INFO  commandhandler.CreatePipelineCommandHandler (CreatePipelineCommandHandler.java:lambda$handle$2(128)) - Created Pipeline RATIS THREE PipelineID=51ff1beb-3af7-4546-9db4-40ddc87b6caf.
2025-04-23 14:39:33,900 [b2165e39-3e51-4fdf-a7c8-80f70bfd3a27-PipelineCommandHandlerThread-0] INFO  server.RaftServer (RaftServerProxy.java:addNew(100)) - b2165e39-3e51-4fdf-a7c8-80f70bfd3a27: addNew group-ECB7CE52C1ED:[b2165e39-3e51-4fdf-a7c8-80f70bfd3a27|127.0.0.1:15073] returns group-ECB7CE52C1ED:java.util.concurrent.CompletableFuture@1c3bd1e6[Not completed]
2025-04-23 14:39:33,901 [b2165e39-3e51-4fdf-a7c8-80f70bfd3a27-groupManagement] INFO  server.RaftServer$Division (RaftServerImpl.java:<init>(255)) - b2165e39-3e51-4fdf-a7c8-80f70bfd3a27: new RaftServerImpl for group-ECB7CE52C1ED:[b2165e39-3e51-4fdf-a7c8-80f70bfd3a27|127.0.0.1:15073] with ContainerStateMachine:uninitialized
2025-04-23 14:39:33,901 [b2165e39-3e51-4fdf-a7c8-80f70bfd3a27-groupManagement] INFO  server.RaftServerConfigKeys (ConfUtils.java:logGet(46)) - raft.server.rpc.timeout.min = 5s (custom)
2025-04-23 14:39:33,901 [b2165e39-3e51-4fdf-a7c8-80f70bfd3a27-groupManagement] INFO  server.RaftServerConfigKeys (ConfUtils.java:logGet(46)) - raft.server.rpc.timeout.max = 5200ms (custom)
2025-04-23 14:39:33,901 [b2165e39-3e51-4fdf-a7c8-80f70bfd3a27-groupManagement] INFO  server.RaftServerConfigKeys (ConfUtils.java:logGet(46)) - raft.server.rpc.sleep.time = 25ms (default)
2025-04-23 14:39:33,901 [b2165e39-3e51-4fdf-a7c8-80f70bfd3a27-groupManagement] INFO  server.RaftServerConfigKeys (ConfUtils.java:logGet(46)) - raft.server.rpc.slowness.timeout = 300s (custom)
2025-04-23 14:39:33,901 [b2165e39-3e51-4fdf-a7c8-80f70bfd3a27-groupManagement] INFO  server.RaftServerConfigKeys (ConfUtils.java:logGet(46)) - raft.server.leaderelection.leader.step-down.wait-time = 10s (default)
2025-04-23 14:39:33,901 [b2165e39-3e51-4fdf-a7c8-80f70bfd3a27-groupManagement] INFO  server.RaftServerConfigKeys (ConfUtils.java:logGet(46)) - raft.server.leaderelection.member.majority-add = false (default)
2025-04-23 14:39:33,901 [b2165e39-3e51-4fdf-a7c8-80f70bfd3a27-groupManagement] INFO  server.RaftServerConfigKeys (ConfUtils.java:logGet(46)) - raft.server.sleep.deviation.threshold = 300ms (default)
2025-04-23 14:39:33,901 [b2165e39-3e51-4fdf-a7c8-80f70bfd3a27-groupManagement] INFO  server.RaftServer$Division (ServerState.java:<init>(114)) - b2165e39-3e51-4fdf-a7c8-80f70bfd3a27@group-ECB7CE52C1ED: ConfigurationManager, init=conf: {index: -1, cur=peers:[b2165e39-3e51-4fdf-a7c8-80f70bfd3a27|127.0.0.1:15073]|listeners:[], old=null}, confs=<EMPTY_MAP>
2025-04-23 14:39:33,901 [b2165e39-3e51-4fdf-a7c8-80f70bfd3a27-groupManagement] INFO  server.RaftServerConfigKeys (ConfUtils.java:logGet(46)) - raft.server.notification.no-leader.timeout = 300s (custom)
2025-04-23 14:39:33,901 [b2165e39-3e51-4fdf-a7c8-80f70bfd3a27-groupManagement] INFO  server.RaftServerConfigKeys (ConfUtils.java:logGet(46)) - raft.server.read.timeout = 10s (default)
2025-04-23 14:39:33,901 [b2165e39-3e51-4fdf-a7c8-80f70bfd3a27-groupManagement] INFO  server.RaftServerConfigKeys (ConfUtils.java:logGet(46)) - raft.server.retrycache.expirytime = 600000ms (custom)
2025-04-23 14:39:33,902 [b2165e39-3e51-4fdf-a7c8-80f70bfd3a27-groupManagement] INFO  server.RaftServerConfigKeys (ConfUtils.java:logGet(46)) - raft.server.retrycache.statistics.expirytime = 100ms (default)
2025-04-23 14:39:33,902 [b2165e39-3e51-4fdf-a7c8-80f70bfd3a27-groupManagement] INFO  server.RaftServerConfigKeys (ConfUtils.java:logGet(46)) - raft.server.read.option = DEFAULT (default)
2025-04-23 14:39:33,902 [b2165e39-3e51-4fdf-a7c8-80f70bfd3a27-groupManagement] INFO  server.RaftServerConfigKeys (ConfUtils.java:logGet(46)) - raft.server.read.read-after-write-consistent.write-index-cache.expiry-time = 60s (default)
2025-04-23 14:39:33,903 [b2165e39-3e51-4fdf-a7c8-80f70bfd3a27-groupManagement] INFO  server.RaftServerConfigKeys (ConfUtils.java:logGet(46)) - raft.server.rpc.request.timeout = 60s (custom)
2025-04-23 14:39:33,903 [b2165e39-3e51-4fdf-a7c8-80f70bfd3a27-groupManagement] INFO  server.RaftServerConfigKeys (ConfUtils.java:logGet(46)) - raft.server.log.appender.install.snapshot.enabled = false (custom)
2025-04-23 14:39:33,903 [b2165e39-3e51-4fdf-a7c8-80f70bfd3a27-groupManagement] INFO  server.RaftServerConfigKeys (ConfUtils.java:logGet(46)) - raft.server.threadpool.server.cached = true (default)
2025-04-23 14:39:33,903 [b2165e39-3e51-4fdf-a7c8-80f70bfd3a27-groupManagement] INFO  server.RaftServerConfigKeys (ConfUtils.java:logGet(46)) - raft.server.threadpool.server.size = 0 (default)
2025-04-23 14:39:33,903 [b2165e39-3e51-4fdf-a7c8-80f70bfd3a27-groupManagement] INFO  server.RaftServerConfigKeys (ConfUtils.java:logGet(46)) - raft.server.threadpool.client.cached = true (default)
2025-04-23 14:39:33,904 [b2165e39-3e51-4fdf-a7c8-80f70bfd3a27-groupManagement] INFO  server.RaftServerConfigKeys (ConfUtils.java:logGet(46)) - raft.server.threadpool.client.size = 0 (default)
2025-04-23 14:39:33,904 [b2165e39-3e51-4fdf-a7c8-80f70bfd3a27-groupManagement] INFO  server.RaftServerConfigKeys (ConfUtils.java:logGet(46)) - raft.server.storage.free-space.min = 0MB (=0) (default)
2025-04-23 14:39:33,904 [b2165e39-3e51-4fdf-a7c8-80f70bfd3a27-groupManagement] INFO  server.RaftServerConfigKeys (ConfUtils.java:logGet(46)) - raft.server.log.corruption.policy = EXCEPTION (default)
2025-04-23 14:39:33,904 [b2165e39-3e51-4fdf-a7c8-80f70bfd3a27-groupManagement] INFO  server.RaftServerConfigKeys (ConfUtils.java:logGet(46)) - raft.server.storage.dir = [/home/runner/work/ozone/ozone/hadoop-ozone/integration-test/target/test-dir/MiniOzoneClusterImpl-feea018d-8976-442b-acbc-fedf3986ffa5/ozone-meta/datanode-2/ratis] (custom)
2025-04-23 14:39:33,904 [b2165e39-3e51-4fdf-a7c8-80f70bfd3a27-groupManagement] INFO  storage.RaftStorageDirectory (RaftStorageDirectoryImpl.java:analyzeStorage(138)) - The storage directory /home/runner/work/ozone/ozone/hadoop-ozone/integration-test/target/test-dir/MiniOzoneClusterImpl-feea018d-8976-442b-acbc-fedf3986ffa5/ozone-meta/datanode-2/ratis/55473919-b61a-496b-af91-ecb7ce52c1ed does not exist. Creating ...
2025-04-23 14:39:33,905 [b2165e39-3e51-4fdf-a7c8-80f70bfd3a27-groupManagement] INFO  storage.RaftStorageDirectory (RaftStorageDirectoryImpl.java:tryLock(229)) - Lock on /home/runner/work/ozone/ozone/hadoop-ozone/integration-test/target/test-dir/MiniOzoneClusterImpl-feea018d-8976-442b-acbc-fedf3986ffa5/ozone-meta/datanode-2/ratis/55473919-b61a-496b-af91-ecb7ce52c1ed/in_use.lock acquired by nodename 129558@fv-az1120-822
2025-04-23 14:39:33,906 [b2165e39-3e51-4fdf-a7c8-80f70bfd3a27-groupManagement] INFO  storage.RaftStorage (RaftStorageImpl.java:format(98)) - Storage directory /home/runner/work/ozone/ozone/hadoop-ozone/integration-test/target/test-dir/MiniOzoneClusterImpl-feea018d-8976-442b-acbc-fedf3986ffa5/ozone-meta/datanode-2/ratis/55473919-b61a-496b-af91-ecb7ce52c1ed has been successfully formatted.
2025-04-23 14:39:33,906 [b2165e39-3e51-4fdf-a7c8-80f70bfd3a27-groupManagement] INFO  ratis.ContainerStateMachine (ContainerStateMachine.java:initialize(339)) - b2165e39-3e51-4fdf-a7c8-80f70bfd3a27: initialize group-ECB7CE52C1ED
2025-04-23 14:39:33,906 [b2165e39-3e51-4fdf-a7c8-80f70bfd3a27-groupManagement] INFO  ratis.ContainerStateMachine (ContainerStateMachine.java:loadSnapshot(347)) - group-ECB7CE52C1ED: The snapshot info is null. Setting the last applied index to:(t:0, i:~)
2025-04-23 14:39:33,906 [b2165e39-3e51-4fdf-a7c8-80f70bfd3a27-groupManagement] INFO  server.RaftServerConfigKeys (ConfUtils.java:logGet(46)) - raft.server.log.use.memory = false (default)
2025-04-23 14:39:33,906 [b2165e39-3e51-4fdf-a7c8-80f70bfd3a27-groupManagement] INFO  server.RaftServerConfigKeys (ConfUtils.java:logGet(46)) - raft.server.log.purge.gap = 1000000 (custom)
2025-04-23 14:39:33,906 [b2165e39-3e51-4fdf-a7c8-80f70bfd3a27-groupManagement] INFO  server.RaftServerConfigKeys (ConfUtils.java:logGet(46)) - raft.server.log.appender.buffer.byte-limit = 33554432 (custom)
2025-04-23 14:39:33,906 [b2165e39-3e51-4fdf-a7c8-80f70bfd3a27-groupManagement] INFO  server.RaftServerConfigKeys (ConfUtils.java:logGet(46)) - raft.server.log.statemachine.data.read.timeout = 1000ms (default)
2025-04-23 14:39:33,906 [b2165e39-3e51-4fdf-a7c8-80f70bfd3a27-groupManagement] INFO  server.RaftServerConfigKeys (ConfUtils.java:logGet(46)) - raft.server.log.purge.preservation.log.num = 0 (default)
2025-04-23 14:39:33,908 [b2165e39-3e51-4fdf-a7c8-80f70bfd3a27-groupManagement] INFO  server.RaftServerConfigKeys (ConfUtils.java:logGet(46)) - raft.server.log.segment.size.max = 67108864 (custom)
2025-04-23 14:39:33,908 [b2165e39-3e51-4fdf-a7c8-80f70bfd3a27-groupManagement] INFO  server.RaftServerConfigKeys (ConfUtils.java:logGet(46)) - raft.server.log.segment.cache.num.max = 2 (custom)
2025-04-23 14:39:33,908 [b2165e39-3e51-4fdf-a7c8-80f70bfd3a27-groupManagement] INFO  server.RaftServerConfigKeys (ConfUtils.java:logGet(46)) - raft.server.log.segment.cache.size.max = 200MB (=209715200) (default)
2025-04-23 14:39:33,908 [b2165e39-3e51-4fdf-a7c8-80f70bfd3a27-groupManagement] INFO  server.RaftServerConfigKeys (ConfUtils.java:logGet(46)) - raft.server.log.appender.buffer.byte-limit = 33554432 (custom)
2025-04-23 14:39:33,908 [b2165e39-3e51-4fdf-a7c8-80f70bfd3a27-groupManagement] INFO  util.AwaitToRun (AwaitToRun.java:start(81)) - Thread[#8877,b2165e39-3e51-4fdf-a7c8-80f70bfd3a27@group-ECB7CE52C1ED-cacheEviction-AwaitToRun,5,main] started
2025-04-23 14:39:33,908 [b2165e39-3e51-4fdf-a7c8-80f70bfd3a27-groupManagement] INFO  segmented.SegmentedRaftLogWorker (SegmentedRaftLogWorker.java:<init>(188)) - new b2165e39-3e51-4fdf-a7c8-80f70bfd3a27@group-ECB7CE52C1ED-SegmentedRaftLogWorker for RaftStorageImpl:Storage Directory /home/runner/work/ozone/ozone/hadoop-ozone/integration-test/target/test-dir/MiniOzoneClusterImpl-feea018d-8976-442b-acbc-fedf3986ffa5/ozone-meta/datanode-2/ratis/55473919-b61a-496b-af91-ecb7ce52c1ed
2025-04-23 14:39:33,908 [b2165e39-3e51-4fdf-a7c8-80f70bfd3a27-groupManagement] INFO  server.RaftServerConfigKeys (ConfUtils.java:logGet(46)) - raft.server.log.queue.byte-limit = 4294967296 (custom)
2025-04-23 14:39:33,908 [b2165e39-3e51-4fdf-a7c8-80f70bfd3a27-groupManagement] INFO  server.RaftServerConfigKeys (ConfUtils.java:logGet(46)) - raft.server.log.queue.element-limit = 1024 (custom)
2025-04-23 14:39:33,908 [b2165e39-3e51-4fdf-a7c8-80f70bfd3a27-groupManagement] INFO  server.RaftServerConfigKeys (ConfUtils.java:logGet(46)) - raft.server.log.segment.size.max = 67108864 (custom)
2025-04-23 14:39:33,908 [b2165e39-3e51-4fdf-a7c8-80f70bfd3a27-groupManagement] INFO  server.RaftServerConfigKeys (ConfUtils.java:logGet(46)) - raft.server.log.preallocated.size = 4194304 (custom)
2025-04-23 14:39:33,908 [b2165e39-3e51-4fdf-a7c8-80f70bfd3a27-groupManagement] INFO  server.RaftServerConfigKeys (ConfUtils.java:logGet(46)) - raft.server.log.force.sync.num = 128 (default)
2025-04-23 14:39:33,908 [b2165e39-3e51-4fdf-a7c8-80f70bfd3a27-groupManagement] INFO  server.RaftServerConfigKeys (ConfUtils.java:logGet(46)) - raft.server.log.statemachine.data.sync = true (default)
2025-04-23 14:39:33,908 [b2165e39-3e51-4fdf-a7c8-80f70bfd3a27-groupManagement] INFO  server.RaftServerConfigKeys (ConfUtils.java:logGet(46)) - raft.server.log.statemachine.data.sync.timeout = 10s (default)
2025-04-23 14:39:33,908 [b2165e39-3e51-4fdf-a7c8-80f70bfd3a27-groupManagement] INFO  server.RaftServerConfigKeys (ConfUtils.java:logGet(46)) - raft.server.log.statemachine.data.sync.timeout.retry = 30 (custom)
2025-04-23 14:39:33,909 [b2165e39-3e51-4fdf-a7c8-80f70bfd3a27-groupManagement] INFO  server.RaftServerConfigKeys (ConfUtils.java:logGet(46)) - raft.server.log.write.buffer.size = 33554440 (custom)
2025-04-23 14:39:33,909 [6229d4c2-9d37-4ba8-b373-d0f9d49f2b38@group-FEDF3986FFA5-StateMachineUpdater] INFO  safemode.HealthyPipelineSafeModeRule (HealthyPipelineSafeModeRule.java:initializeRule(174)) - Refreshed total pipeline count is 0, healthy pipeline threshold count is 1
2025-04-23 14:39:33,909 [EventQueue-PipelineReportForPipelineReportHandler] INFO  pipeline.PipelineReportHandler (PipelineReportHandler.java:processPipelineReport(134)) - Opened pipeline PipelineID=55473919-b61a-496b-af91-ecb7ce52c1ed
2025-04-23 14:39:33,909 [EventQueue-OpenPipelineForHealthyPipelineSafeModeRule] INFO  safemode.SCMSafeModeManager (HealthyPipelineSafeModeRule.java:process(141)) - SCM in safe mode. Healthy pipelines reported count is 0, required healthy pipeline reported count is 1
2025-04-23 14:39:33,913 [b2165e39-3e51-4fdf-a7c8-80f70bfd3a27-groupManagement] INFO  server.RaftServerConfigKeys (ConfUtils.java:logGet(46)) - raft.server.log.appender.buffer.byte-limit = 33554432 (custom)
2025-04-23 14:39:33,913 [b2165e39-3e51-4fdf-a7c8-80f70bfd3a27-groupManagement] INFO  server.RaftServerConfigKeys (ConfUtils.java:logGet(46)) - raft.server.log.unsafe-flush.enabled = false (default)
2025-04-23 14:39:33,913 [b2165e39-3e51-4fdf-a7c8-80f70bfd3a27-groupManagement] INFO  server.RaftServerConfigKeys (ConfUtils.java:logGet(46)) - raft.server.log.async-flush.enabled = false (default)
2025-04-23 14:39:33,913 [b2165e39-3e51-4fdf-a7c8-80f70bfd3a27-groupManagement] INFO  server.RaftServerConfigKeys (ConfUtils.java:logGet(46)) - raft.server.log.statemachine.data.caching.enabled = true (custom)
2025-04-23 14:39:33,913 [b2165e39-3e51-4fdf-a7c8-80f70bfd3a27-groupManagement] INFO  segmented.SegmentedRaftLogWorker (SegmentedRaftLogWorker.java:lambda$new$0(139)) - b2165e39-3e51-4fdf-a7c8-80f70bfd3a27@group-ECB7CE52C1ED-SegmentedRaftLogWorker: flushIndex: setUnconditionally 0 -> -1
2025-04-23 14:39:33,913 [b2165e39-3e51-4fdf-a7c8-80f70bfd3a27-groupManagement] INFO  segmented.SegmentedRaftLogWorker (SegmentedRaftLogWorker.java:lambda$new$0(139)) - b2165e39-3e51-4fdf-a7c8-80f70bfd3a27@group-ECB7CE52C1ED-SegmentedRaftLogWorker: safeCacheEvictIndex: setUnconditionally 0 -> -1
2025-04-23 14:39:33,914 [b2165e39-3e51-4fdf-a7c8-80f70bfd3a27-groupManagement] INFO  server.RaftServer$Division (RaftServerImpl.java:start(391)) - b2165e39-3e51-4fdf-a7c8-80f70bfd3a27@group-ECB7CE52C1ED: start as a follower, conf=conf: {index: -1, cur=peers:[b2165e39-3e51-4fdf-a7c8-80f70bfd3a27|127.0.0.1:15073]|listeners:[], old=null}
2025-04-23 14:39:33,914 [b2165e39-3e51-4fdf-a7c8-80f70bfd3a27-groupManagement] INFO  server.RaftServer$Division (RaftServerImpl.java:setRole(378)) - b2165e39-3e51-4fdf-a7c8-80f70bfd3a27@group-ECB7CE52C1ED: changes role from      null to FOLLOWER at term 0 for startAsFollower
2025-04-23 14:39:33,914 [b2165e39-3e51-4fdf-a7c8-80f70bfd3a27-groupManagement] INFO  impl.RoleInfo (RoleInfo.java:updateAndGet(148)) - b2165e39-3e51-4fdf-a7c8-80f70bfd3a27: start b2165e39-3e51-4fdf-a7c8-80f70bfd3a27@group-ECB7CE52C1ED-FollowerState
2025-04-23 14:39:33,914 [b2165e39-3e51-4fdf-a7c8-80f70bfd3a27@group-ECB7CE52C1ED-FollowerState] INFO  server.RaftServerConfigKeys (ConfUtils.java:logGet(46)) - raft.server.rpc.first-election.timeout.min = 1000ms (custom)
2025-04-23 14:39:33,914 [b2165e39-3e51-4fdf-a7c8-80f70bfd3a27-groupManagement] INFO  util.JmxRegister (JmxRegister.java:tryRegister(44)) - Successfully registered JMX Bean with object name Ratis:service=RaftServer,group=group-ECB7CE52C1ED,id=b2165e39-3e51-4fdf-a7c8-80f70bfd3a27
2025-04-23 14:39:33,914 [b2165e39-3e51-4fdf-a7c8-80f70bfd3a27-groupManagement] INFO  util.JmxRegister (JmxRegister.java:register(58)) - register mxBean class org.apache.ratis.server.impl.RaftServerJmxAdapter as Ratis:service=RaftServer,group=group-ECB7CE52C1ED,id=b2165e39-3e51-4fdf-a7c8-80f70bfd3a27
2025-04-23 14:39:33,914 [b2165e39-3e51-4fdf-a7c8-80f70bfd3a27-groupManagement] INFO  server.RaftServerConfigKeys (ConfUtils.java:logGet(46)) - raft.server.snapshot.trigger-when-stop.enabled = true (default)
2025-04-23 14:39:33,914 [b2165e39-3e51-4fdf-a7c8-80f70bfd3a27-groupManagement] INFO  server.RaftServerConfigKeys (ConfUtils.java:logGet(46)) - raft.server.snapshot.trigger-when-remove.enabled = true (default)
2025-04-23 14:39:33,914 [b2165e39-3e51-4fdf-a7c8-80f70bfd3a27-groupManagement] INFO  server.RaftServerConfigKeys (ConfUtils.java:logGet(46)) - raft.server.snapshot.auto.trigger.enabled = true (custom)
2025-04-23 14:39:33,914 [b2165e39-3e51-4fdf-a7c8-80f70bfd3a27@group-ECB7CE52C1ED-FollowerState] INFO  server.RaftServerConfigKeys (ConfUtils.java:logGet(46)) - raft.server.rpc.first-election.timeout.max = 1200ms (custom)
2025-04-23 14:39:33,914 [b2165e39-3e51-4fdf-a7c8-80f70bfd3a27-groupManagement] INFO  server.RaftServerConfigKeys (ConfUtils.java:logGet(46)) - raft.server.snapshot.auto.trigger.threshold = 100000 (custom)
2025-04-23 14:39:33,914 [b2165e39-3e51-4fdf-a7c8-80f70bfd3a27-groupManagement] INFO  server.RaftServerConfigKeys (ConfUtils.java:logGet(46)) - raft.server.snapshot.retention.file.num = 5 (custom)
2025-04-23 14:39:33,914 [b2165e39-3e51-4fdf-a7c8-80f70bfd3a27-groupManagement] INFO  server.RaftServerConfigKeys (ConfUtils.java:logGet(46)) - raft.server.log.purge.upto.snapshot.index = false (default)
2025-04-23 14:39:33,915 [b2165e39-3e51-4fdf-a7c8-80f70bfd3a27-groupManagement] INFO  server.RaftServer$Division (RaftServerImpl.java:start(405)) - b2165e39-3e51-4fdf-a7c8-80f70bfd3a27@group-ECB7CE52C1ED: Successfully started.
2025-04-23 14:39:33,915 [b2165e39-3e51-4fdf-a7c8-80f70bfd3a27-PipelineCommandHandlerThread-0] INFO  ratis.XceiverServerRatis (XceiverServerRatis.java:addGroup(842)) - Created group PipelineID=55473919-b61a-496b-af91-ecb7ce52c1ed
2025-04-23 14:39:33,915 [b2165e39-3e51-4fdf-a7c8-80f70bfd3a27-PipelineCommandHandlerThread-0] INFO  commandhandler.CreatePipelineCommandHandler (CreatePipelineCommandHandler.java:lambda$handle$2(128)) - Created Pipeline RATIS ONE PipelineID=55473919-b61a-496b-af91-ecb7ce52c1ed.
2025-04-23 14:39:33,975 [b3e33d86-0447-4fd5-9cd5-f314a86cc755-EndpointStateMachineTaskThread-/0.0.0.0:15002-0 ] INFO  ipc.Client (Client.java:handleConnectionFailure(966)) - Retrying connect to server: 0.0.0.0/0.0.0.0:15002. Already tried 13 time(s); retry policy is RetryUpToMaximumCountWithFixedSleep(maxRetries=15, sleepTime=1000 MILLISECONDS)
2025-04-23 14:39:34,081 [0b100b3f-2f19-4793-aa85-7b90340ffd9b-PipelineCommandHandlerThread-0] INFO  server.RaftServer (RaftServerProxy.java:addNew(100)) - 0b100b3f-2f19-4793-aa85-7b90340ffd9b: addNew group-7F3DA2AF8ED8:[0b100b3f-2f19-4793-aa85-7b90340ffd9b|127.0.0.1:15081] returns group-7F3DA2AF8ED8:java.util.concurrent.CompletableFuture@331fb253[Not completed]
2025-04-23 14:39:34,082 [0b100b3f-2f19-4793-aa85-7b90340ffd9b-groupManagement] INFO  server.RaftServer$Division (RaftServerImpl.java:<init>(255)) - 0b100b3f-2f19-4793-aa85-7b90340ffd9b: new RaftServerImpl for group-7F3DA2AF8ED8:[0b100b3f-2f19-4793-aa85-7b90340ffd9b|127.0.0.1:15081] with ContainerStateMachine:uninitialized
2025-04-23 14:39:34,082 [0b100b3f-2f19-4793-aa85-7b90340ffd9b-groupManagement] INFO  server.RaftServerConfigKeys (ConfUtils.java:logGet(46)) - raft.server.rpc.timeout.min = 5s (custom)
2025-04-23 14:39:34,082 [0b100b3f-2f19-4793-aa85-7b90340ffd9b-groupManagement] INFO  server.RaftServerConfigKeys (ConfUtils.java:logGet(46)) - raft.server.rpc.timeout.max = 5200ms (custom)
2025-04-23 14:39:34,082 [0b100b3f-2f19-4793-aa85-7b90340ffd9b-groupManagement] INFO  server.RaftServerConfigKeys (ConfUtils.java:logGet(46)) - raft.server.rpc.sleep.time = 25ms (default)
2025-04-23 14:39:34,082 [0b100b3f-2f19-4793-aa85-7b90340ffd9b-groupManagement] INFO  server.RaftServerConfigKeys (ConfUtils.java:logGet(46)) - raft.server.rpc.slowness.timeout = 300s (custom)
2025-04-23 14:39:34,082 [0b100b3f-2f19-4793-aa85-7b90340ffd9b-groupManagement] INFO  server.RaftServerConfigKeys (ConfUtils.java:logGet(46)) - raft.server.leaderelection.leader.step-down.wait-time = 10s (default)
2025-04-23 14:39:34,082 [0b100b3f-2f19-4793-aa85-7b90340ffd9b-groupManagement] INFO  server.RaftServerConfigKeys (ConfUtils.java:logGet(46)) - raft.server.leaderelection.member.majority-add = false (default)
2025-04-23 14:39:34,082 [0b100b3f-2f19-4793-aa85-7b90340ffd9b-groupManagement] INFO  server.RaftServerConfigKeys (ConfUtils.java:logGet(46)) - raft.server.sleep.deviation.threshold = 300ms (default)
2025-04-23 14:39:34,082 [0b100b3f-2f19-4793-aa85-7b90340ffd9b-groupManagement] INFO  server.RaftServer$Division (ServerState.java:<init>(114)) - 0b100b3f-2f19-4793-aa85-7b90340ffd9b@group-7F3DA2AF8ED8: ConfigurationManager, init=conf: {index: -1, cur=peers:[0b100b3f-2f19-4793-aa85-7b90340ffd9b|127.0.0.1:15081]|listeners:[], old=null}, confs=<EMPTY_MAP>
2025-04-23 14:39:34,082 [0b100b3f-2f19-4793-aa85-7b90340ffd9b-groupManagement] INFO  server.RaftServerConfigKeys (ConfUtils.java:logGet(46)) - raft.server.notification.no-leader.timeout = 300s (custom)
2025-04-23 14:39:34,082 [0b100b3f-2f19-4793-aa85-7b90340ffd9b-groupManagement] INFO  server.RaftServerConfigKeys (ConfUtils.java:logGet(46)) - raft.server.read.timeout = 10s (default)
2025-04-23 14:39:34,082 [0b100b3f-2f19-4793-aa85-7b90340ffd9b-groupManagement] INFO  server.RaftServerConfigKeys (ConfUtils.java:logGet(46)) - raft.server.retrycache.expirytime = 600000ms (custom)
2025-04-23 14:39:34,082 [0b100b3f-2f19-4793-aa85-7b90340ffd9b-groupManagement] INFO  server.RaftServerConfigKeys (ConfUtils.java:logGet(46)) - raft.server.retrycache.statistics.expirytime = 100ms (default)
2025-04-23 14:39:34,082 [0b100b3f-2f19-4793-aa85-7b90340ffd9b-groupManagement] INFO  server.RaftServerConfigKeys (ConfUtils.java:logGet(46)) - raft.server.read.option = DEFAULT (default)
2025-04-23 14:39:34,082 [0b100b3f-2f19-4793-aa85-7b90340ffd9b-groupManagement] INFO  server.RaftServerConfigKeys (ConfUtils.java:logGet(46)) - raft.server.read.read-after-write-consistent.write-index-cache.expiry-time = 60s (default)
2025-04-23 14:39:34,084 [0b100b3f-2f19-4793-aa85-7b90340ffd9b-groupManagement] INFO  server.RaftServerConfigKeys (ConfUtils.java:logGet(46)) - raft.server.rpc.request.timeout = 60s (custom)
2025-04-23 14:39:34,084 [0b100b3f-2f19-4793-aa85-7b90340ffd9b-groupManagement] INFO  server.RaftServerConfigKeys (ConfUtils.java:logGet(46)) - raft.server.log.appender.install.snapshot.enabled = false (custom)
2025-04-23 14:39:34,084 [0b100b3f-2f19-4793-aa85-7b90340ffd9b-groupManagement] INFO  server.RaftServerConfigKeys (ConfUtils.java:logGet(46)) - raft.server.threadpool.server.cached = true (default)
2025-04-23 14:39:34,084 [0b100b3f-2f19-4793-aa85-7b90340ffd9b-groupManagement] INFO  server.RaftServerConfigKeys (ConfUtils.java:logGet(46)) - raft.server.threadpool.server.size = 0 (default)
2025-04-23 14:39:34,084 [0b100b3f-2f19-4793-aa85-7b90340ffd9b-groupManagement] INFO  server.RaftServerConfigKeys (ConfUtils.java:logGet(46)) - raft.server.threadpool.client.cached = true (default)
2025-04-23 14:39:34,084 [0b100b3f-2f19-4793-aa85-7b90340ffd9b-groupManagement] INFO  server.RaftServerConfigKeys (ConfUtils.java:logGet(46)) - raft.server.threadpool.client.size = 0 (default)
2025-04-23 14:39:34,084 [0b100b3f-2f19-4793-aa85-7b90340ffd9b-groupManagement] INFO  server.RaftServerConfigKeys (ConfUtils.java:logGet(46)) - raft.server.storage.free-space.min = 0MB (=0) (default)
2025-04-23 14:39:34,084 [0b100b3f-2f19-4793-aa85-7b90340ffd9b-groupManagement] INFO  server.RaftServerConfigKeys (ConfUtils.java:logGet(46)) - raft.server.log.corruption.policy = EXCEPTION (default)
2025-04-23 14:39:34,084 [0b100b3f-2f19-4793-aa85-7b90340ffd9b-groupManagement] INFO  server.RaftServerConfigKeys (ConfUtils.java:logGet(46)) - raft.server.storage.dir = [/home/runner/work/ozone/ozone/hadoop-ozone/integration-test/target/test-dir/MiniOzoneClusterImpl-feea018d-8976-442b-acbc-fedf3986ffa5/ozone-meta/datanode-3/ratis] (custom)
2025-04-23 14:39:34,084 [0b100b3f-2f19-4793-aa85-7b90340ffd9b-groupManagement] INFO  storage.RaftStorageDirectory (RaftStorageDirectoryImpl.java:analyzeStorage(138)) - The storage directory /home/runner/work/ozone/ozone/hadoop-ozone/integration-test/target/test-dir/MiniOzoneClusterImpl-feea018d-8976-442b-acbc-fedf3986ffa5/ozone-meta/datanode-3/ratis/2d861e36-1cfe-4e49-b4b6-7f3da2af8ed8 does not exist. Creating ...
2025-04-23 14:39:34,086 [0b100b3f-2f19-4793-aa85-7b90340ffd9b-groupManagement] INFO  storage.RaftStorageDirectory (RaftStorageDirectoryImpl.java:tryLock(229)) - Lock on /home/runner/work/ozone/ozone/hadoop-ozone/integration-test/target/test-dir/MiniOzoneClusterImpl-feea018d-8976-442b-acbc-fedf3986ffa5/ozone-meta/datanode-3/ratis/2d861e36-1cfe-4e49-b4b6-7f3da2af8ed8/in_use.lock acquired by nodename 129558@fv-az1120-822
2025-04-23 14:39:34,087 [0b100b3f-2f19-4793-aa85-7b90340ffd9b-groupManagement] INFO  storage.RaftStorage (RaftStorageImpl.java:format(98)) - Storage directory /home/runner/work/ozone/ozone/hadoop-ozone/integration-test/target/test-dir/MiniOzoneClusterImpl-feea018d-8976-442b-acbc-fedf3986ffa5/ozone-meta/datanode-3/ratis/2d861e36-1cfe-4e49-b4b6-7f3da2af8ed8 has been successfully formatted.
2025-04-23 14:39:34,087 [0b100b3f-2f19-4793-aa85-7b90340ffd9b-groupManagement] INFO  ratis.ContainerStateMachine (ContainerStateMachine.java:initialize(339)) - 0b100b3f-2f19-4793-aa85-7b90340ffd9b: initialize group-7F3DA2AF8ED8
2025-04-23 14:39:34,087 [0b100b3f-2f19-4793-aa85-7b90340ffd9b-groupManagement] INFO  ratis.ContainerStateMachine (ContainerStateMachine.java:loadSnapshot(347)) - group-7F3DA2AF8ED8: The snapshot info is null. Setting the last applied index to:(t:0, i:~)
2025-04-23 14:39:34,087 [0b100b3f-2f19-4793-aa85-7b90340ffd9b-groupManagement] INFO  server.RaftServerConfigKeys (ConfUtils.java:logGet(46)) - raft.server.log.use.memory = false (default)
2025-04-23 14:39:34,087 [0b100b3f-2f19-4793-aa85-7b90340ffd9b-groupManagement] INFO  server.RaftServerConfigKeys (ConfUtils.java:logGet(46)) - raft.server.log.purge.gap = 1000000 (custom)
2025-04-23 14:39:34,087 [0b100b3f-2f19-4793-aa85-7b90340ffd9b-groupManagement] INFO  server.RaftServerConfigKeys (ConfUtils.java:logGet(46)) - raft.server.log.appender.buffer.byte-limit = 33554432 (custom)
2025-04-23 14:39:34,087 [0b100b3f-2f19-4793-aa85-7b90340ffd9b-groupManagement] INFO  server.RaftServerConfigKeys (ConfUtils.java:logGet(46)) - raft.server.log.statemachine.data.read.timeout = 1000ms (default)
2025-04-23 14:39:34,087 [0b100b3f-2f19-4793-aa85-7b90340ffd9b-groupManagement] INFO  server.RaftServerConfigKeys (ConfUtils.java:logGet(46)) - raft.server.log.purge.preservation.log.num = 0 (default)
2025-04-23 14:39:34,088 [0b100b3f-2f19-4793-aa85-7b90340ffd9b-groupManagement] INFO  server.RaftServerConfigKeys (ConfUtils.java:logGet(46)) - raft.server.log.segment.size.max = 67108864 (custom)
2025-04-23 14:39:34,089 [0b100b3f-2f19-4793-aa85-7b90340ffd9b-groupManagement] INFO  server.RaftServerConfigKeys (ConfUtils.java:logGet(46)) - raft.server.log.segment.cache.num.max = 2 (custom)
2025-04-23 14:39:34,089 [0b100b3f-2f19-4793-aa85-7b90340ffd9b-groupManagement] INFO  server.RaftServerConfigKeys (ConfUtils.java:logGet(46)) - raft.server.log.segment.cache.size.max = 200MB (=209715200) (default)
2025-04-23 14:39:34,089 [0b100b3f-2f19-4793-aa85-7b90340ffd9b-groupManagement] INFO  server.RaftServerConfigKeys (ConfUtils.java:logGet(46)) - raft.server.log.appender.buffer.byte-limit = 33554432 (custom)
2025-04-23 14:39:34,089 [0b100b3f-2f19-4793-aa85-7b90340ffd9b-groupManagement] INFO  util.AwaitToRun (AwaitToRun.java:start(81)) - Thread[#8882,0b100b3f-2f19-4793-aa85-7b90340ffd9b@group-7F3DA2AF8ED8-cacheEviction-AwaitToRun,5,main] started
2025-04-23 14:39:34,089 [0b100b3f-2f19-4793-aa85-7b90340ffd9b-groupManagement] INFO  segmented.SegmentedRaftLogWorker (SegmentedRaftLogWorker.java:<init>(188)) - new 0b100b3f-2f19-4793-aa85-7b90340ffd9b@group-7F3DA2AF8ED8-SegmentedRaftLogWorker for RaftStorageImpl:Storage Directory /home/runner/work/ozone/ozone/hadoop-ozone/integration-test/target/test-dir/MiniOzoneClusterImpl-feea018d-8976-442b-acbc-fedf3986ffa5/ozone-meta/datanode-3/ratis/2d861e36-1cfe-4e49-b4b6-7f3da2af8ed8
2025-04-23 14:39:34,089 [0b100b3f-2f19-4793-aa85-7b90340ffd9b-groupManagement] INFO  server.RaftServerConfigKeys (ConfUtils.java:logGet(46)) - raft.server.log.queue.byte-limit = 4294967296 (custom)
2025-04-23 14:39:34,089 [0b100b3f-2f19-4793-aa85-7b90340ffd9b-groupManagement] INFO  server.RaftServerConfigKeys (ConfUtils.java:logGet(46)) - raft.server.log.queue.element-limit = 1024 (custom)
2025-04-23 14:39:34,089 [0b100b3f-2f19-4793-aa85-7b90340ffd9b-groupManagement] INFO  server.RaftServerConfigKeys (ConfUtils.java:logGet(46)) - raft.server.log.segment.size.max = 67108864 (custom)
2025-04-23 14:39:34,089 [0b100b3f-2f19-4793-aa85-7b90340ffd9b-groupManagement] INFO  server.RaftServerConfigKeys (ConfUtils.java:logGet(46)) - raft.server.log.preallocated.size = 4194304 (custom)
2025-04-23 14:39:34,089 [0b100b3f-2f19-4793-aa85-7b90340ffd9b-groupManagement] INFO  server.RaftServerConfigKeys (ConfUtils.java:logGet(46)) - raft.server.log.force.sync.num = 128 (default)
2025-04-23 14:39:34,089 [0b100b3f-2f19-4793-aa85-7b90340ffd9b-groupManagement] INFO  server.RaftServerConfigKeys (ConfUtils.java:logGet(46)) - raft.server.log.statemachine.data.sync = true (default)
2025-04-23 14:39:34,089 [0b100b3f-2f19-4793-aa85-7b90340ffd9b-groupManagement] INFO  server.RaftServerConfigKeys (ConfUtils.java:logGet(46)) - raft.server.log.statemachine.data.sync.timeout = 10s (default)
2025-04-23 14:39:34,089 [0b100b3f-2f19-4793-aa85-7b90340ffd9b-groupManagement] INFO  server.RaftServerConfigKeys (ConfUtils.java:logGet(46)) - raft.server.log.statemachine.data.sync.timeout.retry = 30 (custom)
2025-04-23 14:39:34,090 [0b100b3f-2f19-4793-aa85-7b90340ffd9b-groupManagement] INFO  server.RaftServerConfigKeys (ConfUtils.java:logGet(46)) - raft.server.log.write.buffer.size = 33554440 (custom)
2025-04-23 14:39:34,090 [6229d4c2-9d37-4ba8-b373-d0f9d49f2b38@group-FEDF3986FFA5-StateMachineUpdater] INFO  safemode.HealthyPipelineSafeModeRule (HealthyPipelineSafeModeRule.java:initializeRule(174)) - Refreshed total pipeline count is 0, healthy pipeline threshold count is 1
2025-04-23 14:39:34,090 [EventQueue-PipelineReportForPipelineReportHandler] INFO  pipeline.PipelineReportHandler (PipelineReportHandler.java:processPipelineReport(134)) - Opened pipeline PipelineID=2d861e36-1cfe-4e49-b4b6-7f3da2af8ed8
2025-04-23 14:39:34,090 [EventQueue-OpenPipelineForHealthyPipelineSafeModeRule] INFO  safemode.SCMSafeModeManager (HealthyPipelineSafeModeRule.java:process(141)) - SCM in safe mode. Healthy pipelines reported count is 0, required healthy pipeline reported count is 1
2025-04-23 14:39:34,094 [0b100b3f-2f19-4793-aa85-7b90340ffd9b-groupManagement] INFO  server.RaftServerConfigKeys (ConfUtils.java:logGet(46)) - raft.server.log.appender.buffer.byte-limit = 33554432 (custom)
2025-04-23 14:39:34,094 [0b100b3f-2f19-4793-aa85-7b90340ffd9b-groupManagement] INFO  server.RaftServerConfigKeys (ConfUtils.java:logGet(46)) - raft.server.log.unsafe-flush.enabled = false (default)
2025-04-23 14:39:34,094 [0b100b3f-2f19-4793-aa85-7b90340ffd9b-groupManagement] INFO  server.RaftServerConfigKeys (ConfUtils.java:logGet(46)) - raft.server.log.async-flush.enabled = false (default)
2025-04-23 14:39:34,094 [0b100b3f-2f19-4793-aa85-7b90340ffd9b-groupManagement] INFO  server.RaftServerConfigKeys (ConfUtils.java:logGet(46)) - raft.server.log.statemachine.data.caching.enabled = true (custom)
2025-04-23 14:39:34,095 [0b100b3f-2f19-4793-aa85-7b90340ffd9b-groupManagement] INFO  segmented.SegmentedRaftLogWorker (SegmentedRaftLogWorker.java:lambda$new$0(139)) - 0b100b3f-2f19-4793-aa85-7b90340ffd9b@group-7F3DA2AF8ED8-SegmentedRaftLogWorker: flushIndex: setUnconditionally 0 -> -1
2025-04-23 14:39:34,095 [0b100b3f-2f19-4793-aa85-7b90340ffd9b-groupManagement] INFO  segmented.SegmentedRaftLogWorker (SegmentedRaftLogWorker.java:lambda$new$0(139)) - 0b100b3f-2f19-4793-aa85-7b90340ffd9b@group-7F3DA2AF8ED8-SegmentedRaftLogWorker: safeCacheEvictIndex: setUnconditionally 0 -> -1
2025-04-23 14:39:34,095 [0b100b3f-2f19-4793-aa85-7b90340ffd9b-groupManagement] INFO  server.RaftServer$Division (RaftServerImpl.java:start(391)) - 0b100b3f-2f19-4793-aa85-7b90340ffd9b@group-7F3DA2AF8ED8: start as a follower, conf=conf: {index: -1, cur=peers:[0b100b3f-2f19-4793-aa85-7b90340ffd9b|127.0.0.1:15081]|listeners:[], old=null}
2025-04-23 14:39:34,095 [0b100b3f-2f19-4793-aa85-7b90340ffd9b-groupManagement] INFO  server.RaftServer$Division (RaftServerImpl.java:setRole(378)) - 0b100b3f-2f19-4793-aa85-7b90340ffd9b@group-7F3DA2AF8ED8: changes role from      null to FOLLOWER at term 0 for startAsFollower
2025-04-23 14:39:34,095 [0b100b3f-2f19-4793-aa85-7b90340ffd9b-groupManagement] INFO  impl.RoleInfo (RoleInfo.java:updateAndGet(148)) - 0b100b3f-2f19-4793-aa85-7b90340ffd9b: start 0b100b3f-2f19-4793-aa85-7b90340ffd9b@group-7F3DA2AF8ED8-FollowerState
2025-04-23 14:39:34,095 [0b100b3f-2f19-4793-aa85-7b90340ffd9b@group-7F3DA2AF8ED8-FollowerState] INFO  server.RaftServerConfigKeys (ConfUtils.java:logGet(46)) - raft.server.rpc.first-election.timeout.min = 1000ms (custom)
2025-04-23 14:39:34,095 [0b100b3f-2f19-4793-aa85-7b90340ffd9b@group-7F3DA2AF8ED8-FollowerState] INFO  server.RaftServerConfigKeys (ConfUtils.java:logGet(46)) - raft.server.rpc.first-election.timeout.max = 1200ms (custom)
2025-04-23 14:39:34,095 [0b100b3f-2f19-4793-aa85-7b90340ffd9b-groupManagement] INFO  util.JmxRegister (JmxRegister.java:tryRegister(44)) - Successfully registered JMX Bean with object name Ratis:service=RaftServer,group=group-7F3DA2AF8ED8,id=0b100b3f-2f19-4793-aa85-7b90340ffd9b
2025-04-23 14:39:34,095 [0b100b3f-2f19-4793-aa85-7b90340ffd9b-groupManagement] INFO  util.JmxRegister (JmxRegister.java:register(58)) - register mxBean class org.apache.ratis.server.impl.RaftServerJmxAdapter as Ratis:service=RaftServer,group=group-7F3DA2AF8ED8,id=0b100b3f-2f19-4793-aa85-7b90340ffd9b
2025-04-23 14:39:34,095 [0b100b3f-2f19-4793-aa85-7b90340ffd9b-groupManagement] INFO  server.RaftServerConfigKeys (ConfUtils.java:logGet(46)) - raft.server.snapshot.trigger-when-stop.enabled = true (default)
2025-04-23 14:39:34,095 [0b100b3f-2f19-4793-aa85-7b90340ffd9b-groupManagement] INFO  server.RaftServerConfigKeys (ConfUtils.java:logGet(46)) - raft.server.snapshot.trigger-when-remove.enabled = true (default)
2025-04-23 14:39:34,095 [0b100b3f-2f19-4793-aa85-7b90340ffd9b-groupManagement] INFO  server.RaftServerConfigKeys (ConfUtils.java:logGet(46)) - raft.server.snapshot.auto.trigger.enabled = true (custom)
2025-04-23 14:39:34,096 [0b100b3f-2f19-4793-aa85-7b90340ffd9b-groupManagement] INFO  server.RaftServerConfigKeys (ConfUtils.java:logGet(46)) - raft.server.snapshot.auto.trigger.threshold = 100000 (custom)
2025-04-23 14:39:34,096 [0b100b3f-2f19-4793-aa85-7b90340ffd9b-groupManagement] INFO  server.RaftServerConfigKeys (ConfUtils.java:logGet(46)) - raft.server.snapshot.retention.file.num = 5 (custom)
2025-04-23 14:39:34,096 [0b100b3f-2f19-4793-aa85-7b90340ffd9b-groupManagement] INFO  server.RaftServerConfigKeys (ConfUtils.java:logGet(46)) - raft.server.log.purge.upto.snapshot.index = false (default)
2025-04-23 14:39:34,096 [0b100b3f-2f19-4793-aa85-7b90340ffd9b-groupManagement] INFO  server.RaftServer$Division (RaftServerImpl.java:start(405)) - 0b100b3f-2f19-4793-aa85-7b90340ffd9b@group-7F3DA2AF8ED8: Successfully started.
2025-04-23 14:39:34,096 [0b100b3f-2f19-4793-aa85-7b90340ffd9b-PipelineCommandHandlerThread-0] INFO  ratis.XceiverServerRatis (XceiverServerRatis.java:addGroup(842)) - Created group PipelineID=2d861e36-1cfe-4e49-b4b6-7f3da2af8ed8
2025-04-23 14:39:34,096 [0b100b3f-2f19-4793-aa85-7b90340ffd9b-PipelineCommandHandlerThread-0] INFO  commandhandler.CreatePipelineCommandHandler (CreatePipelineCommandHandler.java:lambda$handle$2(128)) - Created Pipeline RATIS ONE PipelineID=2d861e36-1cfe-4e49-b4b6-7f3da2af8ed8.
2025-04-23 14:39:34,581 [main] INFO  ozone.MiniOzoneClusterImpl (MiniOzoneClusterImpl.java:lambda$waitForClusterToBeReady$0(190)) - Nodes are ready. Got 3 of 3 DN Heartbeats.
2025-04-23 14:39:34,581 [main] INFO  ozone.MiniOzoneClusterImpl (MiniOzoneClusterImpl.java:lambda$waitForClusterToBeReady$0(193)) - Waiting for cluster to exit safe mode
2025-04-23 14:39:34,581 [main] INFO  ozone.MiniOzoneClusterImpl (MiniOzoneClusterImpl.java:lambda$waitForClusterToBeReady$0(195)) - SCM became leader
2025-04-23 14:39:34,791 [timer1] WARN  server.GrpcLogAppender (LogUtils.java:warn(121)) - omNode-1@group-523986131536->omNode-3-AppendLogResponseHandler: Failed appendEntries (Repeated 6 times in the last 5.000s): org.apache.ratis.thirdparty.io.grpc.StatusRuntimeException: UNAVAILABLE: io exception
2025-04-23 14:39:34,794 [timer4] WARN  server.GrpcLogAppender (GrpcLogAppender.java:lambda$resetClient$1(221)) - omNode-1@group-523986131536->omNode-3-GrpcLogAppender: Follower failed (request=null, errorCount=6); keep nextIndex (1) unchanged and retry. (Repeated 5 times in the last 5.000s)
2025-04-23 14:39:34,852 [b100e076-0476-452f-b9c4-da313a68c752@group-9B0ACB485D37-FollowerState] INFO  impl.FollowerState (FollowerState.java:runImpl(161)) - b100e076-0476-452f-b9c4-da313a68c752@group-9B0ACB485D37-FollowerState: change to CANDIDATE, lastRpcElapsedTime:1122499764ns, electionTimeout:1122ms
2025-04-23 14:39:34,852 [b100e076-0476-452f-b9c4-da313a68c752@group-9B0ACB485D37-FollowerState] INFO  impl.RoleInfo (RoleInfo.java:shutdownFollowerState(121)) - b100e076-0476-452f-b9c4-da313a68c752: shutdown b100e076-0476-452f-b9c4-da313a68c752@group-9B0ACB485D37-FollowerState
2025-04-23 14:39:34,852 [b100e076-0476-452f-b9c4-da313a68c752@group-9B0ACB485D37-FollowerState] INFO  server.RaftServer$Division (RaftServerImpl.java:setRole(378)) - b100e076-0476-452f-b9c4-da313a68c752@group-9B0ACB485D37: changes role from  FOLLOWER to CANDIDATE at term 0 for changeToCandidate
2025-04-23 14:39:34,852 [b100e076-0476-452f-b9c4-da313a68c752@group-9B0ACB485D37-FollowerState] INFO  server.RaftServerConfigKeys (ConfUtils.java:logGet(46)) - raft.server.leaderelection.pre-vote = true (default)
2025-04-23 14:39:34,852 [b100e076-0476-452f-b9c4-da313a68c752@group-9B0ACB485D37-FollowerState] INFO  impl.RoleInfo (RoleInfo.java:updateAndGet(148)) - b100e076-0476-452f-b9c4-da313a68c752: start b100e076-0476-452f-b9c4-da313a68c752@group-9B0ACB485D37-LeaderElection41
2025-04-23 14:39:34,853 [b100e076-0476-452f-b9c4-da313a68c752@group-9B0ACB485D37-LeaderElection41] INFO  impl.LeaderElection (LeaderElection.java:askForVotes(332)) - b100e076-0476-452f-b9c4-da313a68c752@group-9B0ACB485D37-LeaderElection41 PRE_VOTE round 0: submit vote requests at term 0 for conf: {index: -1, cur=peers:[b100e076-0476-452f-b9c4-da313a68c752|127.0.0.1:15065, b2165e39-3e51-4fdf-a7c8-80f70bfd3a27|127.0.0.1:15073, 0b100b3f-2f19-4793-aa85-7b90340ffd9b|127.0.0.1:15081]|listeners:[], old=null}
2025-04-23 14:39:34,853 [b100e076-0476-452f-b9c4-da313a68c752@group-9B0ACB485D37-LeaderElection41-1] INFO  server.GrpcServerProtocolClient (GrpcServerProtocolClient.java:<init>(65)) - Build channel for b2165e39-3e51-4fdf-a7c8-80f70bfd3a27|127.0.0.1:15073
2025-04-23 14:39:34,853 [b100e076-0476-452f-b9c4-da313a68c752@group-9B0ACB485D37-LeaderElection41-2] INFO  server.GrpcServerProtocolClient (GrpcServerProtocolClient.java:<init>(65)) - Build channel for 0b100b3f-2f19-4793-aa85-7b90340ffd9b|127.0.0.1:15081
2025-04-23 14:39:34,853 [b100e076-0476-452f-b9c4-da313a68c752@group-9B0ACB485D37-LeaderElection41] INFO  server.RaftServerConfigKeys (ConfUtils.java:logGet(46)) - raft.server.rpc.first-election.timeout.min = 1000ms (custom)
2025-04-23 14:39:34,853 [b100e076-0476-452f-b9c4-da313a68c752@group-9B0ACB485D37-LeaderElection41] INFO  server.RaftServerConfigKeys (ConfUtils.java:logGet(46)) - raft.server.rpc.first-election.timeout.max = 1200ms (custom)
2025-04-23 14:39:34,856 [grpc-default-executor-3] INFO  server.RaftServer$Division (RaftServerImpl.java:requestVote(1407)) - 0b100b3f-2f19-4793-aa85-7b90340ffd9b@group-9B0ACB485D37: receive requestVote(PRE_VOTE, b100e076-0476-452f-b9c4-da313a68c752, group-9B0ACB485D37, 0, (t:0, i:0))
2025-04-23 14:39:34,857 [0b100b3f-2f19-4793-aa85-7b90340ffd9b@group-40DDC87B6CAF-FollowerState] INFO  impl.FollowerState (FollowerState.java:runImpl(161)) - 0b100b3f-2f19-4793-aa85-7b90340ffd9b@group-40DDC87B6CAF-FollowerState: change to CANDIDATE, lastRpcElapsedTime:1041619356ns, electionTimeout:1041ms
2025-04-23 14:39:34,857 [0b100b3f-2f19-4793-aa85-7b90340ffd9b@group-40DDC87B6CAF-FollowerState] INFO  impl.RoleInfo (RoleInfo.java:shutdownFollowerState(121)) - 0b100b3f-2f19-4793-aa85-7b90340ffd9b: shutdown 0b100b3f-2f19-4793-aa85-7b90340ffd9b@group-40DDC87B6CAF-FollowerState
2025-04-23 14:39:34,857 [0b100b3f-2f19-4793-aa85-7b90340ffd9b@group-40DDC87B6CAF-FollowerState] INFO  server.RaftServer$Division (RaftServerImpl.java:setRole(378)) - 0b100b3f-2f19-4793-aa85-7b90340ffd9b@group-40DDC87B6CAF: changes role from  FOLLOWER to CANDIDATE at term 0 for changeToCandidate
2025-04-23 14:39:34,857 [0b100b3f-2f19-4793-aa85-7b90340ffd9b@group-40DDC87B6CAF-FollowerState] INFO  server.RaftServerConfigKeys (ConfUtils.java:logGet(46)) - raft.server.leaderelection.pre-vote = true (default)
2025-04-23 14:39:34,857 [0b100b3f-2f19-4793-aa85-7b90340ffd9b@group-40DDC87B6CAF-FollowerState] INFO  impl.RoleInfo (RoleInfo.java:updateAndGet(148)) - 0b100b3f-2f19-4793-aa85-7b90340ffd9b: start 0b100b3f-2f19-4793-aa85-7b90340ffd9b@group-40DDC87B6CAF-LeaderElection42
2025-04-23 14:39:34,857 [grpc-default-executor-1] INFO  server.RaftServer$Division (RaftServerImpl.java:requestVote(1407)) - b2165e39-3e51-4fdf-a7c8-80f70bfd3a27@group-9B0ACB485D37: receive requestVote(PRE_VOTE, b100e076-0476-452f-b9c4-da313a68c752, group-9B0ACB485D37, 0, (t:0, i:0))
2025-04-23 14:39:34,857 [grpc-default-executor-1] INFO  impl.VoteContext (VoteContext.java:log(49)) - b2165e39-3e51-4fdf-a7c8-80f70bfd3a27@group-9B0ACB485D37-FOLLOWER: accept PRE_VOTE from b100e076-0476-452f-b9c4-da313a68c752: our priority 0 <= candidate's priority 1
2025-04-23 14:39:34,857 [grpc-default-executor-1] INFO  server.RaftServer$Division (RaftServerImpl.java:requestVote(1441)) - b2165e39-3e51-4fdf-a7c8-80f70bfd3a27@group-9B0ACB485D37 replies to PRE_VOTE vote request: b100e076-0476-452f-b9c4-da313a68c752<-b2165e39-3e51-4fdf-a7c8-80f70bfd3a27#0:OK-t0. Peer's state: b2165e39-3e51-4fdf-a7c8-80f70bfd3a27@group-9B0ACB485D37:t0, leader=null, voted=, raftlog=Memoized:b2165e39-3e51-4fdf-a7c8-80f70bfd3a27@group-9B0ACB485D37-SegmentedRaftLog:OPENED:c-1:lastnull, conf=conf: {index: -1, cur=peers:[b100e076-0476-452f-b9c4-da313a68c752|127.0.0.1:15065, b2165e39-3e51-4fdf-a7c8-80f70bfd3a27|127.0.0.1:15073, 0b100b3f-2f19-4793-aa85-7b90340ffd9b|127.0.0.1:15081]|listeners:[], old=null}
2025-04-23 14:39:34,857 [0b100b3f-2f19-4793-aa85-7b90340ffd9b@group-40DDC87B6CAF-LeaderElection42] INFO  impl.LeaderElection (LeaderElection.java:askForVotes(332)) - 0b100b3f-2f19-4793-aa85-7b90340ffd9b@group-40DDC87B6CAF-LeaderElection42 PRE_VOTE round 0: submit vote requests at term 0 for conf: {index: -1, cur=peers:[b100e076-0476-452f-b9c4-da313a68c752|127.0.0.1:15065, 0b100b3f-2f19-4793-aa85-7b90340ffd9b|127.0.0.1:15081, b2165e39-3e51-4fdf-a7c8-80f70bfd3a27|127.0.0.1:15073]|listeners:[], old=null}
2025-04-23 14:39:34,857 [grpc-default-executor-3] INFO  impl.VoteContext (VoteContext.java:log(49)) - 0b100b3f-2f19-4793-aa85-7b90340ffd9b@group-9B0ACB485D37-FOLLOWER: accept PRE_VOTE from b100e076-0476-452f-b9c4-da313a68c752: our priority 0 <= candidate's priority 1
2025-04-23 14:39:34,857 [grpc-default-executor-3] INFO  server.RaftServer$Division (RaftServerImpl.java:requestVote(1441)) - 0b100b3f-2f19-4793-aa85-7b90340ffd9b@group-9B0ACB485D37 replies to PRE_VOTE vote request: b100e076-0476-452f-b9c4-da313a68c752<-0b100b3f-2f19-4793-aa85-7b90340ffd9b#0:OK-t0. Peer's state: 0b100b3f-2f19-4793-aa85-7b90340ffd9b@group-9B0ACB485D37:t0, leader=null, voted=, raftlog=Memoized:0b100b3f-2f19-4793-aa85-7b90340ffd9b@group-9B0ACB485D37-SegmentedRaftLog:OPENED:c-1:lastnull, conf=conf: {index: -1, cur=peers:[b100e076-0476-452f-b9c4-da313a68c752|127.0.0.1:15065, b2165e39-3e51-4fdf-a7c8-80f70bfd3a27|127.0.0.1:15073, 0b100b3f-2f19-4793-aa85-7b90340ffd9b|127.0.0.1:15081]|listeners:[], old=null}
2025-04-23 14:39:34,857 [0b100b3f-2f19-4793-aa85-7b90340ffd9b@group-40DDC87B6CAF-LeaderElection42-1] INFO  server.GrpcServerProtocolClient (GrpcServerProtocolClient.java:<init>(65)) - Build channel for b100e076-0476-452f-b9c4-da313a68c752|127.0.0.1:15065
2025-04-23 14:39:34,858 [0b100b3f-2f19-4793-aa85-7b90340ffd9b@group-40DDC87B6CAF-LeaderElection42] INFO  server.RaftServerConfigKeys (ConfUtils.java:logGet(46)) - raft.server.rpc.first-election.timeout.min = 1000ms (custom)
2025-04-23 14:39:34,858 [0b100b3f-2f19-4793-aa85-7b90340ffd9b@group-40DDC87B6CAF-LeaderElection42] INFO  server.RaftServerConfigKeys (ConfUtils.java:logGet(46)) - raft.server.rpc.first-election.timeout.max = 1200ms (custom)
2025-04-23 14:39:34,858 [0b100b3f-2f19-4793-aa85-7b90340ffd9b@group-40DDC87B6CAF-LeaderElection42-2] INFO  server.GrpcServerProtocolClient (GrpcServerProtocolClient.java:<init>(65)) - Build channel for b2165e39-3e51-4fdf-a7c8-80f70bfd3a27|127.0.0.1:15073
2025-04-23 14:39:34,859 [b100e076-0476-452f-b9c4-da313a68c752@group-9B0ACB485D37-LeaderElection41] INFO  impl.LeaderElection (LeaderElection.java:logAndReturn(90)) - b100e076-0476-452f-b9c4-da313a68c752@group-9B0ACB485D37-LeaderElection41: PRE_VOTE PASSED received 1 response(s) and 0 exception(s):
2025-04-23 14:39:34,860 [b100e076-0476-452f-b9c4-da313a68c752@group-9B0ACB485D37-LeaderElection41] INFO  impl.LeaderElection (LeaderElection.java:logAndReturn(94)) -   Response 0: b100e076-0476-452f-b9c4-da313a68c752<-b2165e39-3e51-4fdf-a7c8-80f70bfd3a27#0:OK-t0
2025-04-23 14:39:34,860 [b100e076-0476-452f-b9c4-da313a68c752@group-9B0ACB485D37-LeaderElection41] INFO  impl.LeaderElection (LeaderElection.java:askForVotes(334)) - b100e076-0476-452f-b9c4-da313a68c752@group-9B0ACB485D37-LeaderElection41 PRE_VOTE round 0: result PASSED
2025-04-23 14:39:34,861 [b2165e39-3e51-4fdf-a7c8-80f70bfd3a27@group-9B0ACB485D37-FollowerState] INFO  server.RaftServerConfigKeys (ConfUtils.java:logGet(46)) - raft.server.rpc.first-election.timeout.min = 1000ms (custom)
2025-04-23 14:39:34,861 [b2165e39-3e51-4fdf-a7c8-80f70bfd3a27@group-9B0ACB485D37-FollowerState] INFO  server.RaftServerConfigKeys (ConfUtils.java:logGet(46)) - raft.server.rpc.first-election.timeout.max = 1200ms (custom)
2025-04-23 14:39:34,862 [grpc-default-executor-2] INFO  server.RaftServer$Division (RaftServerImpl.java:requestVote(1407)) - b2165e39-3e51-4fdf-a7c8-80f70bfd3a27@group-40DDC87B6CAF: receive requestVote(PRE_VOTE, 0b100b3f-2f19-4793-aa85-7b90340ffd9b, group-40DDC87B6CAF, 0, (t:0, i:0))
2025-04-23 14:39:34,862 [grpc-default-executor-2] INFO  impl.VoteContext (VoteContext.java:log(49)) - b2165e39-3e51-4fdf-a7c8-80f70bfd3a27@group-40DDC87B6CAF-FOLLOWER: accept PRE_VOTE from 0b100b3f-2f19-4793-aa85-7b90340ffd9b: our priority 0 <= candidate's priority 1
2025-04-23 14:39:34,862 [grpc-default-executor-2] INFO  server.RaftServer$Division (RaftServerImpl.java:requestVote(1441)) - b2165e39-3e51-4fdf-a7c8-80f70bfd3a27@group-40DDC87B6CAF replies to PRE_VOTE vote request: 0b100b3f-2f19-4793-aa85-7b90340ffd9b<-b2165e39-3e51-4fdf-a7c8-80f70bfd3a27#0:OK-t0. Peer's state: b2165e39-3e51-4fdf-a7c8-80f70bfd3a27@group-40DDC87B6CAF:t0, leader=null, voted=, raftlog=Memoized:b2165e39-3e51-4fdf-a7c8-80f70bfd3a27@group-40DDC87B6CAF-SegmentedRaftLog:OPENED:c-1:lastnull, conf=conf: {index: -1, cur=peers:[b100e076-0476-452f-b9c4-da313a68c752|127.0.0.1:15065, 0b100b3f-2f19-4793-aa85-7b90340ffd9b|127.0.0.1:15081, b2165e39-3e51-4fdf-a7c8-80f70bfd3a27|127.0.0.1:15073]|listeners:[], old=null}
2025-04-23 14:39:34,862 [grpc-default-executor-1] INFO  server.RaftServer$Division (RaftServerImpl.java:requestVote(1407)) - b100e076-0476-452f-b9c4-da313a68c752@group-40DDC87B6CAF: receive requestVote(PRE_VOTE, 0b100b3f-2f19-4793-aa85-7b90340ffd9b, group-40DDC87B6CAF, 0, (t:0, i:0))
2025-04-23 14:39:34,862 [grpc-default-executor-1] INFO  impl.VoteContext (VoteContext.java:log(49)) - b100e076-0476-452f-b9c4-da313a68c752@group-40DDC87B6CAF-FOLLOWER: accept PRE_VOTE from 0b100b3f-2f19-4793-aa85-7b90340ffd9b: our priority 0 <= candidate's priority 1
2025-04-23 14:39:34,862 [b100e076-0476-452f-b9c4-da313a68c752@group-9B0ACB485D37-LeaderElection41] INFO  impl.LeaderElection (LeaderElection.java:askForVotes(332)) - b100e076-0476-452f-b9c4-da313a68c752@group-9B0ACB485D37-LeaderElection41 ELECTION round 0: submit vote requests at term 1 for conf: {index: -1, cur=peers:[b100e076-0476-452f-b9c4-da313a68c752|127.0.0.1:15065, b2165e39-3e51-4fdf-a7c8-80f70bfd3a27|127.0.0.1:15073, 0b100b3f-2f19-4793-aa85-7b90340ffd9b|127.0.0.1:15081]|listeners:[], old=null}
2025-04-23 14:39:34,862 [grpc-default-executor-1] INFO  server.RaftServer$Division (RaftServerImpl.java:requestVote(1441)) - b100e076-0476-452f-b9c4-da313a68c752@group-40DDC87B6CAF replies to PRE_VOTE vote request: 0b100b3f-2f19-4793-aa85-7b90340ffd9b<-b100e076-0476-452f-b9c4-da313a68c752#0:OK-t0. Peer's state: b100e076-0476-452f-b9c4-da313a68c752@group-40DDC87B6CAF:t0, leader=null, voted=, raftlog=Memoized:b100e076-0476-452f-b9c4-da313a68c752@group-40DDC87B6CAF-SegmentedRaftLog:OPENED:c-1:lastnull, conf=conf: {index: -1, cur=peers:[b100e076-0476-452f-b9c4-da313a68c752|127.0.0.1:15065, 0b100b3f-2f19-4793-aa85-7b90340ffd9b|127.0.0.1:15081, b2165e39-3e51-4fdf-a7c8-80f70bfd3a27|127.0.0.1:15073]|listeners:[], old=null}
2025-04-23 14:39:34,862 [0b100b3f-2f19-4793-aa85-7b90340ffd9b@group-40DDC87B6CAF-LeaderElection42] INFO  impl.LeaderElection (LeaderElection.java:logAndReturn(90)) - 0b100b3f-2f19-4793-aa85-7b90340ffd9b@group-40DDC87B6CAF-LeaderElection42: PRE_VOTE PASSED received 1 response(s) and 0 exception(s):
2025-04-23 14:39:34,862 [0b100b3f-2f19-4793-aa85-7b90340ffd9b@group-40DDC87B6CAF-LeaderElection42] INFO  impl.LeaderElection (LeaderElection.java:logAndReturn(94)) -   Response 0: 0b100b3f-2f19-4793-aa85-7b90340ffd9b<-b2165e39-3e51-4fdf-a7c8-80f70bfd3a27#0:OK-t0
2025-04-23 14:39:34,863 [0b100b3f-2f19-4793-aa85-7b90340ffd9b@group-40DDC87B6CAF-LeaderElection42] INFO  impl.LeaderElection (LeaderElection.java:askForVotes(334)) - 0b100b3f-2f19-4793-aa85-7b90340ffd9b@group-40DDC87B6CAF-LeaderElection42 PRE_VOTE round 0: result PASSED
2025-04-23 14:39:34,864 [b100e076-0476-452f-b9c4-da313a68c752@group-9B0ACB485D37-LeaderElection41] INFO  server.RaftServerConfigKeys (ConfUtils.java:logGet(46)) - raft.server.rpc.first-election.timeout.min = 1000ms (custom)
2025-04-23 14:39:34,864 [b100e076-0476-452f-b9c4-da313a68c752@group-9B0ACB485D37-LeaderElection41] INFO  server.RaftServerConfigKeys (ConfUtils.java:logGet(46)) - raft.server.rpc.first-election.timeout.max = 1200ms (custom)
2025-04-23 14:39:34,864 [0b100b3f-2f19-4793-aa85-7b90340ffd9b@group-40DDC87B6CAF-LeaderElection42] INFO  impl.LeaderElection (LeaderElection.java:askForVotes(332)) - 0b100b3f-2f19-4793-aa85-7b90340ffd9b@group-40DDC87B6CAF-LeaderElection42 ELECTION round 0: submit vote requests at term 1 for conf: {index: -1, cur=peers:[b100e076-0476-452f-b9c4-da313a68c752|127.0.0.1:15065, 0b100b3f-2f19-4793-aa85-7b90340ffd9b|127.0.0.1:15081, b2165e39-3e51-4fdf-a7c8-80f70bfd3a27|127.0.0.1:15073]|listeners:[], old=null}
2025-04-23 14:39:34,864 [grpc-default-executor-2] INFO  server.RaftServer$Division (RaftServerImpl.java:requestVote(1407)) - 0b100b3f-2f19-4793-aa85-7b90340ffd9b@group-9B0ACB485D37: receive requestVote(ELECTION, b100e076-0476-452f-b9c4-da313a68c752, group-9B0ACB485D37, 1, (t:0, i:0))
2025-04-23 14:39:34,864 [grpc-default-executor-2] INFO  impl.VoteContext (VoteContext.java:log(49)) - 0b100b3f-2f19-4793-aa85-7b90340ffd9b@group-9B0ACB485D37-FOLLOWER: accept ELECTION from b100e076-0476-452f-b9c4-da313a68c752: our priority 0 <= candidate's priority 1
2025-04-23 14:39:34,864 [grpc-default-executor-2] INFO  server.RaftServer$Division (RaftServerImpl.java:setRole(378)) - 0b100b3f-2f19-4793-aa85-7b90340ffd9b@group-9B0ACB485D37: changes role from  FOLLOWER to FOLLOWER at term 0 for candidate:b100e076-0476-452f-b9c4-da313a68c752
2025-04-23 14:39:34,864 [grpc-default-executor-2] INFO  impl.RoleInfo (RoleInfo.java:shutdownFollowerState(121)) - 0b100b3f-2f19-4793-aa85-7b90340ffd9b: shutdown 0b100b3f-2f19-4793-aa85-7b90340ffd9b@group-9B0ACB485D37-FollowerState
2025-04-23 14:39:34,864 [grpc-default-executor-2] INFO  impl.RoleInfo (RoleInfo.java:updateAndGet(148)) - 0b100b3f-2f19-4793-aa85-7b90340ffd9b: start 0b100b3f-2f19-4793-aa85-7b90340ffd9b@group-9B0ACB485D37-FollowerState
2025-04-23 14:39:34,865 [grpc-default-executor-1] INFO  server.RaftServer$Division (RaftServerImpl.java:requestVote(1407)) - b2165e39-3e51-4fdf-a7c8-80f70bfd3a27@group-9B0ACB485D37: receive requestVote(ELECTION, b100e076-0476-452f-b9c4-da313a68c752, group-9B0ACB485D37, 1, (t:0, i:0))
2025-04-23 14:39:34,865 [grpc-default-executor-1] INFO  impl.VoteContext (VoteContext.java:log(49)) - b2165e39-3e51-4fdf-a7c8-80f70bfd3a27@group-9B0ACB485D37-FOLLOWER: accept ELECTION from b100e076-0476-452f-b9c4-da313a68c752: our priority 0 <= candidate's priority 1
2025-04-23 14:39:34,865 [grpc-default-executor-1] INFO  server.RaftServer$Division (RaftServerImpl.java:setRole(378)) - b2165e39-3e51-4fdf-a7c8-80f70bfd3a27@group-9B0ACB485D37: changes role from  FOLLOWER to FOLLOWER at term 0 for candidate:b100e076-0476-452f-b9c4-da313a68c752
2025-04-23 14:39:34,865 [grpc-default-executor-1] INFO  impl.RoleInfo (RoleInfo.java:shutdownFollowerState(121)) - b2165e39-3e51-4fdf-a7c8-80f70bfd3a27: shutdown b2165e39-3e51-4fdf-a7c8-80f70bfd3a27@group-9B0ACB485D37-FollowerState
2025-04-23 14:39:34,865 [grpc-default-executor-1] INFO  impl.RoleInfo (RoleInfo.java:updateAndGet(148)) - b2165e39-3e51-4fdf-a7c8-80f70bfd3a27: start b2165e39-3e51-4fdf-a7c8-80f70bfd3a27@group-9B0ACB485D37-FollowerState
2025-04-23 14:39:34,866 [0b100b3f-2f19-4793-aa85-7b90340ffd9b@group-40DDC87B6CAF-LeaderElection42] INFO  server.RaftServerConfigKeys (ConfUtils.java:logGet(46)) - raft.server.rpc.first-election.timeout.min = 1000ms (custom)
2025-04-23 14:39:34,864 [0b100b3f-2f19-4793-aa85-7b90340ffd9b@group-9B0ACB485D37-FollowerState] INFO  impl.FollowerState (FollowerState.java:runImpl(170)) - 0b100b3f-2f19-4793-aa85-7b90340ffd9b@group-9B0ACB485D37-FollowerState was interrupted
2025-04-23 14:39:34,866 [0b100b3f-2f19-4793-aa85-7b90340ffd9b@group-40DDC87B6CAF-LeaderElection42] INFO  server.RaftServerConfigKeys (ConfUtils.java:logGet(46)) - raft.server.rpc.first-election.timeout.max = 1200ms (custom)
2025-04-23 14:39:34,865 [b2165e39-3e51-4fdf-a7c8-80f70bfd3a27@group-9B0ACB485D37-FollowerState] INFO  impl.FollowerState (FollowerState.java:runImpl(170)) - b2165e39-3e51-4fdf-a7c8-80f70bfd3a27@group-9B0ACB485D37-FollowerState was interrupted
2025-04-23 14:39:34,867 [grpc-default-executor-1] INFO  server.RaftServer$Division (RaftServerImpl.java:setFirstElection(562)) - b2165e39-3e51-4fdf-a7c8-80f70bfd3a27@group-9B0ACB485D37: set firstElectionSinceStartup to false for candidate:b100e076-0476-452f-b9c4-da313a68c752
2025-04-23 14:39:34,867 [grpc-default-executor-2] INFO  server.RaftServer$Division (RaftServerImpl.java:setFirstElection(562)) - 0b100b3f-2f19-4793-aa85-7b90340ffd9b@group-9B0ACB485D37: set firstElectionSinceStartup to false for candidate:b100e076-0476-452f-b9c4-da313a68c752
2025-04-23 14:39:34,867 [grpc-default-executor-3] INFO  server.RaftServer$Division (RaftServerImpl.java:requestVote(1407)) - b100e076-0476-452f-b9c4-da313a68c752@group-40DDC87B6CAF: receive requestVote(ELECTION, 0b100b3f-2f19-4793-aa85-7b90340ffd9b, group-40DDC87B6CAF, 1, (t:0, i:0))
2025-04-23 14:39:34,867 [grpc-default-executor-3] INFO  impl.VoteContext (VoteContext.java:log(49)) - b100e076-0476-452f-b9c4-da313a68c752@group-40DDC87B6CAF-FOLLOWER: accept ELECTION from 0b100b3f-2f19-4793-aa85-7b90340ffd9b: our priority 0 <= candidate's priority 1
2025-04-23 14:39:34,867 [grpc-default-executor-3] INFO  server.RaftServer$Division (RaftServerImpl.java:setRole(378)) - b100e076-0476-452f-b9c4-da313a68c752@group-40DDC87B6CAF: changes role from  FOLLOWER to FOLLOWER at term 0 for candidate:0b100b3f-2f19-4793-aa85-7b90340ffd9b
2025-04-23 14:39:34,867 [grpc-default-executor-3] INFO  impl.RoleInfo (RoleInfo.java:shutdownFollowerState(121)) - b100e076-0476-452f-b9c4-da313a68c752: shutdown b100e076-0476-452f-b9c4-da313a68c752@group-40DDC87B6CAF-FollowerState
2025-04-23 14:39:34,867 [grpc-default-executor-3] INFO  impl.RoleInfo (RoleInfo.java:updateAndGet(148)) - b100e076-0476-452f-b9c4-da313a68c752: start b100e076-0476-452f-b9c4-da313a68c752@group-40DDC87B6CAF-FollowerState
2025-04-23 14:39:34,867 [b100e076-0476-452f-b9c4-da313a68c752@group-40DDC87B6CAF-FollowerState] INFO  impl.FollowerState (FollowerState.java:runImpl(170)) - b100e076-0476-452f-b9c4-da313a68c752@group-40DDC87B6CAF-FollowerState was interrupted
2025-04-23 14:39:34,868 [grpc-default-executor-4] INFO  server.RaftServer$Division (RaftServerImpl.java:requestVote(1407)) - b2165e39-3e51-4fdf-a7c8-80f70bfd3a27@group-40DDC87B6CAF: receive requestVote(ELECTION, 0b100b3f-2f19-4793-aa85-7b90340ffd9b, group-40DDC87B6CAF, 1, (t:0, i:0))
2025-04-23 14:39:34,868 [grpc-default-executor-4] INFO  impl.VoteContext (VoteContext.java:log(49)) - b2165e39-3e51-4fdf-a7c8-80f70bfd3a27@group-40DDC87B6CAF-FOLLOWER: accept ELECTION from 0b100b3f-2f19-4793-aa85-7b90340ffd9b: our priority 0 <= candidate's priority 1
2025-04-23 14:39:34,868 [grpc-default-executor-4] INFO  server.RaftServer$Division (RaftServerImpl.java:setRole(378)) - b2165e39-3e51-4fdf-a7c8-80f70bfd3a27@group-40DDC87B6CAF: changes role from  FOLLOWER to FOLLOWER at term 0 for candidate:0b100b3f-2f19-4793-aa85-7b90340ffd9b
2025-04-23 14:39:34,868 [grpc-default-executor-4] INFO  impl.RoleInfo (RoleInfo.java:shutdownFollowerState(121)) - b2165e39-3e51-4fdf-a7c8-80f70bfd3a27: shutdown b2165e39-3e51-4fdf-a7c8-80f70bfd3a27@group-40DDC87B6CAF-FollowerState
2025-04-23 14:39:34,868 [grpc-default-executor-4] INFO  impl.RoleInfo (RoleInfo.java:updateAndGet(148)) - b2165e39-3e51-4fdf-a7c8-80f70bfd3a27: start b2165e39-3e51-4fdf-a7c8-80f70bfd3a27@group-40DDC87B6CAF-FollowerState
2025-04-23 14:39:34,868 [grpc-default-executor-3] INFO  server.RaftServer$Division (RaftServerImpl.java:setFirstElection(562)) - b100e076-0476-452f-b9c4-da313a68c752@group-40DDC87B6CAF: set firstElectionSinceStartup to false for candidate:0b100b3f-2f19-4793-aa85-7b90340ffd9b
2025-04-23 14:39:34,868 [grpc-default-executor-1] INFO  server.RaftServer$Division (RaftServerImpl.java:requestVote(1441)) - b2165e39-3e51-4fdf-a7c8-80f70bfd3a27@group-9B0ACB485D37 replies to ELECTION vote request: b100e076-0476-452f-b9c4-da313a68c752<-b2165e39-3e51-4fdf-a7c8-80f70bfd3a27#0:OK-t1. Peer's state: b2165e39-3e51-4fdf-a7c8-80f70bfd3a27@group-9B0ACB485D37:t1, leader=null, voted=b100e076-0476-452f-b9c4-da313a68c752, raftlog=Memoized:b2165e39-3e51-4fdf-a7c8-80f70bfd3a27@group-9B0ACB485D37-SegmentedRaftLog:OPENED:c-1:lastnull, conf=conf: {index: -1, cur=peers:[b100e076-0476-452f-b9c4-da313a68c752|127.0.0.1:15065, b2165e39-3e51-4fdf-a7c8-80f70bfd3a27|127.0.0.1:15073, 0b100b3f-2f19-4793-aa85-7b90340ffd9b|127.0.0.1:15081]|listeners:[], old=null}
2025-04-23 14:39:34,868 [b2165e39-3e51-4fdf-a7c8-80f70bfd3a27@group-40DDC87B6CAF-FollowerState] INFO  impl.FollowerState (FollowerState.java:runImpl(170)) - b2165e39-3e51-4fdf-a7c8-80f70bfd3a27@group-40DDC87B6CAF-FollowerState was interrupted
2025-04-23 14:39:34,868 [grpc-default-executor-2] INFO  server.RaftServer$Division (RaftServerImpl.java:requestVote(1441)) - 0b100b3f-2f19-4793-aa85-7b90340ffd9b@group-9B0ACB485D37 replies to ELECTION vote request: b100e076-0476-452f-b9c4-da313a68c752<-0b100b3f-2f19-4793-aa85-7b90340ffd9b#0:OK-t1. Peer's state: 0b100b3f-2f19-4793-aa85-7b90340ffd9b@group-9B0ACB485D37:t1, leader=null, voted=b100e076-0476-452f-b9c4-da313a68c752, raftlog=Memoized:0b100b3f-2f19-4793-aa85-7b90340ffd9b@group-9B0ACB485D37-SegmentedRaftLog:OPENED:c-1:lastnull, conf=conf: {index: -1, cur=peers:[b100e076-0476-452f-b9c4-da313a68c752|127.0.0.1:15065, b2165e39-3e51-4fdf-a7c8-80f70bfd3a27|127.0.0.1:15073, 0b100b3f-2f19-4793-aa85-7b90340ffd9b|127.0.0.1:15081]|listeners:[], old=null}
2025-04-23 14:39:34,868 [grpc-default-executor-4] INFO  server.RaftServer$Division (RaftServerImpl.java:setFirstElection(562)) - b2165e39-3e51-4fdf-a7c8-80f70bfd3a27@group-40DDC87B6CAF: set firstElectionSinceStartup to false for candidate:0b100b3f-2f19-4793-aa85-7b90340ffd9b
2025-04-23 14:39:34,869 [b100e076-0476-452f-b9c4-da313a68c752@group-9B0ACB485D37-LeaderElection41] INFO  impl.LeaderElection (LeaderElection.java:logAndReturn(90)) - b100e076-0476-452f-b9c4-da313a68c752@group-9B0ACB485D37-LeaderElection41: ELECTION PASSED received 1 response(s) and 0 exception(s):
2025-04-23 14:39:34,869 [b100e076-0476-452f-b9c4-da313a68c752@group-9B0ACB485D37-LeaderElection41] INFO  impl.LeaderElection (LeaderElection.java:logAndReturn(94)) -   Response 0: b100e076-0476-452f-b9c4-da313a68c752<-b2165e39-3e51-4fdf-a7c8-80f70bfd3a27#0:OK-t1
2025-04-23 14:39:34,869 [b100e076-0476-452f-b9c4-da313a68c752@group-9B0ACB485D37-LeaderElection41] INFO  impl.LeaderElection (LeaderElection.java:askForVotes(334)) - b100e076-0476-452f-b9c4-da313a68c752@group-9B0ACB485D37-LeaderElection41 ELECTION round 0: result PASSED
2025-04-23 14:39:34,869 [b100e076-0476-452f-b9c4-da313a68c752@group-9B0ACB485D37-LeaderElection41] INFO  impl.RoleInfo (RoleInfo.java:shutdownLeaderElection(141)) - b100e076-0476-452f-b9c4-da313a68c752: shutdown b100e076-0476-452f-b9c4-da313a68c752@group-9B0ACB485D37-LeaderElection41
2025-04-23 14:39:34,869 [b100e076-0476-452f-b9c4-da313a68c752@group-9B0ACB485D37-LeaderElection41] INFO  server.RaftServer$Division (RaftServerImpl.java:setRole(378)) - b100e076-0476-452f-b9c4-da313a68c752@group-9B0ACB485D37: changes role from CANDIDATE to LEADER at term 1 for changeToLeader
2025-04-23 14:39:34,869 [b100e076-0476-452f-b9c4-da313a68c752@group-DEE2433AE9F8-FollowerState] INFO  impl.FollowerState (FollowerState.java:runImpl(161)) - b100e076-0476-452f-b9c4-da313a68c752@group-DEE2433AE9F8-FollowerState: change to CANDIDATE, lastRpcElapsedTime:1157024701ns, electionTimeout:1156ms
2025-04-23 14:39:34,869 [b100e076-0476-452f-b9c4-da313a68c752@group-9B0ACB485D37-LeaderElection41] INFO  server.RaftServerConfigKeys (ConfUtils.java:logGet(46)) - raft.server.staging.catchup.gap = 1000 (default)
2025-04-23 14:39:34,869 [b100e076-0476-452f-b9c4-da313a68c752@group-DEE2433AE9F8-FollowerState] INFO  impl.RoleInfo (RoleInfo.java:shutdownFollowerState(121)) - b100e076-0476-452f-b9c4-da313a68c752: shutdown b100e076-0476-452f-b9c4-da313a68c752@group-DEE2433AE9F8-FollowerState
2025-04-23 14:39:34,869 [b100e076-0476-452f-b9c4-da313a68c752@group-DEE2433AE9F8-FollowerState] INFO  server.RaftServer$Division (RaftServerImpl.java:setRole(378)) - b100e076-0476-452f-b9c4-da313a68c752@group-DEE2433AE9F8: changes role from  FOLLOWER to CANDIDATE at term 0 for changeToCandidate
2025-04-23 14:39:34,869 [b100e076-0476-452f-b9c4-da313a68c752@group-DEE2433AE9F8-FollowerState] INFO  server.RaftServerConfigKeys (ConfUtils.java:logGet(46)) - raft.server.leaderelection.pre-vote = true (default)
2025-04-23 14:39:34,869 [b100e076-0476-452f-b9c4-da313a68c752@group-DEE2433AE9F8-FollowerState] INFO  impl.RoleInfo (RoleInfo.java:updateAndGet(148)) - b100e076-0476-452f-b9c4-da313a68c752: start b100e076-0476-452f-b9c4-da313a68c752@group-DEE2433AE9F8-LeaderElection43
2025-04-23 14:39:34,869 [b100e076-0476-452f-b9c4-da313a68c752@group-9B0ACB485D37-LeaderElection41] INFO  server.RaftServerConfigKeys (ConfUtils.java:logGet(46)) - raft.server.write.element-limit = 1024 (custom)
2025-04-23 14:39:34,869 [b100e076-0476-452f-b9c4-da313a68c752@group-9B0ACB485D37-LeaderElection41] INFO  server.RaftServerConfigKeys (ConfUtils.java:logGet(46)) - raft.server.write.byte-limit = 1024 M (=1073741824) (custom)
2025-04-23 14:39:34,870 [b100e076-0476-452f-b9c4-da313a68c752@group-DEE2433AE9F8-LeaderElection43] INFO  impl.LeaderElection (LeaderElection.java:askForVotes(332)) - b100e076-0476-452f-b9c4-da313a68c752@group-DEE2433AE9F8-LeaderElection43 PRE_VOTE round 0: submit vote requests at term 0 for conf: {index: -1, cur=peers:[b100e076-0476-452f-b9c4-da313a68c752|127.0.0.1:15065]|listeners:[], old=null}
2025-04-23 14:39:34,870 [b100e076-0476-452f-b9c4-da313a68c752@group-DEE2433AE9F8-LeaderElection43] INFO  impl.LeaderElection (LeaderElection.java:askForVotes(334)) - b100e076-0476-452f-b9c4-da313a68c752@group-DEE2433AE9F8-LeaderElection43 PRE_VOTE round 0: result PASSED (term=0)
2025-04-23 14:39:34,870 [grpc-default-executor-4] INFO  server.RaftServer$Division (RaftServerImpl.java:requestVote(1441)) - b2165e39-3e51-4fdf-a7c8-80f70bfd3a27@group-40DDC87B6CAF replies to ELECTION vote request: 0b100b3f-2f19-4793-aa85-7b90340ffd9b<-b2165e39-3e51-4fdf-a7c8-80f70bfd3a27#0:OK-t1. Peer's state: b2165e39-3e51-4fdf-a7c8-80f70bfd3a27@group-40DDC87B6CAF:t1, leader=null, voted=0b100b3f-2f19-4793-aa85-7b90340ffd9b, raftlog=Memoized:b2165e39-3e51-4fdf-a7c8-80f70bfd3a27@group-40DDC87B6CAF-SegmentedRaftLog:OPENED:c-1:lastnull, conf=conf: {index: -1, cur=peers:[b100e076-0476-452f-b9c4-da313a68c752|127.0.0.1:15065, 0b100b3f-2f19-4793-aa85-7b90340ffd9b|127.0.0.1:15081, b2165e39-3e51-4fdf-a7c8-80f70bfd3a27|127.0.0.1:15073]|listeners:[], old=null}
2025-04-23 14:39:34,870 [b100e076-0476-452f-b9c4-da313a68c752@group-9B0ACB485D37-LeaderElection41] INFO  server.RaftServerConfigKeys (ConfUtils.java:logGet(46)) - raft.server.watch.timeout = 30s (custom)
2025-04-23 14:39:34,870 [b100e076-0476-452f-b9c4-da313a68c752@group-9B0ACB485D37-LeaderElection41] INFO  server.RaftServerConfigKeys (ConfUtils.java:logGet(46)) - raft.server.watch.timeout.denomination = 1s (default)
2025-04-23 14:39:34,870 [b100e076-0476-452f-b9c4-da313a68c752@group-9B0ACB485D37-LeaderElection41] INFO  server.RaftServerConfigKeys (ConfUtils.java:logGet(46)) - raft.server.watch.element-limit = 65536 (default)
2025-04-23 14:39:34,870 [grpc-default-executor-3] INFO  server.RaftServer$Division (RaftServerImpl.java:requestVote(1441)) - b100e076-0476-452f-b9c4-da313a68c752@group-40DDC87B6CAF replies to ELECTION vote request: 0b100b3f-2f19-4793-aa85-7b90340ffd9b<-b100e076-0476-452f-b9c4-da313a68c752#0:OK-t1. Peer's state: b100e076-0476-452f-b9c4-da313a68c752@group-40DDC87B6CAF:t1, leader=null, voted=0b100b3f-2f19-4793-aa85-7b90340ffd9b, raftlog=Memoized:b100e076-0476-452f-b9c4-da313a68c752@group-40DDC87B6CAF-SegmentedRaftLog:OPENED:c-1:lastnull, conf=conf: {index: -1, cur=peers:[b100e076-0476-452f-b9c4-da313a68c752|127.0.0.1:15065, 0b100b3f-2f19-4793-aa85-7b90340ffd9b|127.0.0.1:15081, b2165e39-3e51-4fdf-a7c8-80f70bfd3a27|127.0.0.1:15073]|listeners:[], old=null}
2025-04-23 14:39:34,871 [b100e076-0476-452f-b9c4-da313a68c752@group-9B0ACB485D37-LeaderElection41] INFO  server.RaftServerConfigKeys (ConfUtils.java:logGet(46)) - raft.server.read.leader.lease.enabled = false (default)
2025-04-23 14:39:34,871 [b100e076-0476-452f-b9c4-da313a68c752@group-9B0ACB485D37-LeaderElection41] INFO  server.RaftServerConfigKeys (ConfUtils.java:logGet(46)) - raft.server.read.leader.lease.timeout.ratio = 0.9 (default)
2025-04-23 14:39:34,871 [b100e076-0476-452f-b9c4-da313a68c752@group-9B0ACB485D37-LeaderElection41] INFO  server.RaftServerConfigKeys (ConfUtils.java:logGet(46)) - raft.server.rpc.timeout.min = 5s (custom)
2025-04-23 14:39:34,871 [b100e076-0476-452f-b9c4-da313a68c752@group-9B0ACB485D37-LeaderElection41] INFO  server.RaftServerConfigKeys (ConfUtils.java:logGet(46)) - raft.server.log.log-metadata.enabled = true (default)
2025-04-23 14:39:34,871 [b100e076-0476-452f-b9c4-da313a68c752@group-9B0ACB485D37-LeaderElection41] INFO  server.RaftServerConfigKeys (ConfUtils.java:logGet(46)) - raft.server.write.element-limit = 1024 (custom)
2025-04-23 14:39:34,871 [b100e076-0476-452f-b9c4-da313a68c752@group-9B0ACB485D37-LeaderElection41] INFO  server.RaftServerConfigKeys (ConfUtils.java:logGet(46)) - raft.server.write.follower.gap.ratio.max = -1.0 (default)
2025-04-23 14:39:34,872 [b100e076-0476-452f-b9c4-da313a68c752@group-9B0ACB485D37-LeaderElection41] INFO  server.RaftServerConfigKeys (ConfUtils.java:logGet(46)) - raft.server.log.appender.snapshot.chunk.size.max = 16MB (=16777216) (default)
2025-04-23 14:39:34,872 [b100e076-0476-452f-b9c4-da313a68c752@group-9B0ACB485D37-LeaderElection41] INFO  server.RaftServerConfigKeys (ConfUtils.java:logGet(46)) - raft.server.log.appender.buffer.byte-limit = 33554432 (custom)
2025-04-23 14:39:34,872 [b100e076-0476-452f-b9c4-da313a68c752@group-9B0ACB485D37-LeaderElection41] INFO  server.RaftServerConfigKeys (ConfUtils.java:logGet(46)) - raft.server.log.appender.buffer.element-limit = 1024 (custom)
2025-04-23 14:39:34,872 [b100e076-0476-452f-b9c4-da313a68c752@group-9B0ACB485D37-LeaderElection41] INFO  server.RaftServerConfigKeys (ConfUtils.java:logGet(46)) - raft.server.log.appender.wait-time.min = 0μs (custom)
2025-04-23 14:39:34,872 [b100e076-0476-452f-b9c4-da313a68c752@group-9B0ACB485D37-LeaderElection41] INFO  grpc.GrpcConfigKeys (ConfUtils.java:logGet(46)) - raft.grpc.server.leader.outstanding.appends.max = 8 (default)
2025-04-23 14:39:34,872 [b100e076-0476-452f-b9c4-da313a68c752@group-9B0ACB485D37-LeaderElection41] INFO  server.RaftServerConfigKeys (ConfUtils.java:logGet(46)) - raft.server.rpc.request.timeout = 60s (custom)
2025-04-23 14:39:34,872 [b100e076-0476-452f-b9c4-da313a68c752@group-9B0ACB485D37-LeaderElection41] INFO  grpc.GrpcConfigKeys (ConfUtils.java:logGet(46)) - raft.grpc.server.install_snapshot.request.element-limit = 8 (default)
2025-04-23 14:39:34,873 [b100e076-0476-452f-b9c4-da313a68c752@group-9B0ACB485D37-LeaderElection41] INFO  grpc.GrpcConfigKeys (ConfUtils.java:logGet(46)) - raft.grpc.server.install_snapshot.request.timeout = 3000ms (default)
2025-04-23 14:39:34,873 [b100e076-0476-452f-b9c4-da313a68c752@group-9B0ACB485D37-LeaderElection41] INFO  grpc.GrpcConfigKeys (ConfUtils.java:logGet(46)) - raft.grpc.server.log-message.batch.duration = 5s (default)
2025-04-23 14:39:34,873 [0b100b3f-2f19-4793-aa85-7b90340ffd9b@group-40DDC87B6CAF-LeaderElection42] INFO  impl.LeaderElection (LeaderElection.java:logAndReturn(90)) - 0b100b3f-2f19-4793-aa85-7b90340ffd9b@group-40DDC87B6CAF-LeaderElection42: ELECTION PASSED received 1 response(s) and 0 exception(s):
2025-04-23 14:39:34,873 [b100e076-0476-452f-b9c4-da313a68c752@group-9B0ACB485D37-LeaderElection41] INFO  server.RaftServerConfigKeys (ConfUtils.java:logGet(46)) - raft.server.log.appender.install.snapshot.enabled = false (custom)
2025-04-23 14:39:34,873 [0b100b3f-2f19-4793-aa85-7b90340ffd9b@group-40DDC87B6CAF-LeaderElection42] INFO  impl.LeaderElection (LeaderElection.java:logAndReturn(94)) -   Response 0: 0b100b3f-2f19-4793-aa85-7b90340ffd9b<-b2165e39-3e51-4fdf-a7c8-80f70bfd3a27#0:OK-t1
2025-04-23 14:39:34,873 [0b100b3f-2f19-4793-aa85-7b90340ffd9b@group-40DDC87B6CAF-LeaderElection42] INFO  impl.LeaderElection (LeaderElection.java:askForVotes(334)) - 0b100b3f-2f19-4793-aa85-7b90340ffd9b@group-40DDC87B6CAF-LeaderElection42 ELECTION round 0: result PASSED
2025-04-23 14:39:34,873 [b100e076-0476-452f-b9c4-da313a68c752@group-9B0ACB485D37-LeaderElection41] INFO  grpc.GrpcConfigKeys (ConfUtils.java:logGet(46)) - raft.grpc.server.heartbeat.channel = true (default)
2025-04-23 14:39:34,873 [0b100b3f-2f19-4793-aa85-7b90340ffd9b@group-40DDC87B6CAF-LeaderElection42] INFO  impl.RoleInfo (RoleInfo.java:shutdownLeaderElection(141)) - 0b100b3f-2f19-4793-aa85-7b90340ffd9b: shutdown 0b100b3f-2f19-4793-aa85-7b90340ffd9b@group-40DDC87B6CAF-LeaderElection42
2025-04-23 14:39:34,873 [0b100b3f-2f19-4793-aa85-7b90340ffd9b@group-40DDC87B6CAF-LeaderElection42] INFO  server.RaftServer$Division (RaftServerImpl.java:setRole(378)) - 0b100b3f-2f19-4793-aa85-7b90340ffd9b@group-40DDC87B6CAF: changes role from CANDIDATE to LEADER at term 1 for changeToLeader
2025-04-23 14:39:34,873 [0b100b3f-2f19-4793-aa85-7b90340ffd9b@group-40DDC87B6CAF-LeaderElection42] INFO  server.RaftServerConfigKeys (ConfUtils.java:logGet(46)) - raft.server.staging.catchup.gap = 1000 (default)
2025-04-23 14:39:34,873 [0b100b3f-2f19-4793-aa85-7b90340ffd9b@group-40DDC87B6CAF-LeaderElection42] INFO  server.RaftServerConfigKeys (ConfUtils.java:logGet(46)) - raft.server.write.element-limit = 1024 (custom)
2025-04-23 14:39:34,873 [b100e076-0476-452f-b9c4-da313a68c752@group-DEE2433AE9F8-LeaderElection43] INFO  impl.LeaderElection (LeaderElection.java:askForVotes(332)) - b100e076-0476-452f-b9c4-da313a68c752@group-DEE2433AE9F8-LeaderElection43 ELECTION round 0: submit vote requests at term 1 for conf: {index: -1, cur=peers:[b100e076-0476-452f-b9c4-da313a68c752|127.0.0.1:15065]|listeners:[], old=null}
2025-04-23 14:39:34,873 [b100e076-0476-452f-b9c4-da313a68c752@group-DEE2433AE9F8-LeaderElection43] INFO  impl.LeaderElection (LeaderElection.java:askForVotes(334)) - b100e076-0476-452f-b9c4-da313a68c752@group-DEE2433AE9F8-LeaderElection43 ELECTION round 0: result PASSED (term=1)
2025-04-23 14:39:34,874 [b100e076-0476-452f-b9c4-da313a68c752@group-DEE2433AE9F8-LeaderElection43] INFO  impl.RoleInfo (RoleInfo.java:shutdownLeaderElection(141)) - b100e076-0476-452f-b9c4-da313a68c752: shutdown b100e076-0476-452f-b9c4-da313a68c752@group-DEE2433AE9F8-LeaderElection43
2025-04-23 14:39:34,873 [0b100b3f-2f19-4793-aa85-7b90340ffd9b@group-40DDC87B6CAF-LeaderElection42] INFO  server.RaftServerConfigKeys (ConfUtils.java:logGet(46)) - raft.server.write.byte-limit = 1024 M (=1073741824) (custom)
2025-04-23 14:39:34,874 [b100e076-0476-452f-b9c4-da313a68c752@group-DEE2433AE9F8-LeaderElection43] INFO  server.RaftServer$Division (RaftServerImpl.java:setRole(378)) - b100e076-0476-452f-b9c4-da313a68c752@group-DEE2433AE9F8: changes role from CANDIDATE to LEADER at term 1 for changeToLeader
2025-04-23 14:39:34,874 [b100e076-0476-452f-b9c4-da313a68c752@group-DEE2433AE9F8-LeaderElection43] INFO  server.RaftServerConfigKeys (ConfUtils.java:logGet(46)) - raft.server.staging.catchup.gap = 1000 (default)
2025-04-23 14:39:34,874 [b100e076-0476-452f-b9c4-da313a68c752@group-DEE2433AE9F8-LeaderElection43] INFO  server.RaftServerConfigKeys (ConfUtils.java:logGet(46)) - raft.server.write.element-limit = 1024 (custom)
2025-04-23 14:39:34,874 [b100e076-0476-452f-b9c4-da313a68c752@group-DEE2433AE9F8-LeaderElection43] INFO  server.RaftServerConfigKeys (ConfUtils.java:logGet(46)) - raft.server.write.byte-limit = 1024 M (=1073741824) (custom)
2025-04-23 14:39:34,874 [b100e076-0476-452f-b9c4-da313a68c752@group-DEE2433AE9F8-LeaderElection43] INFO  server.RaftServerConfigKeys (ConfUtils.java:logGet(46)) - raft.server.watch.timeout = 30s (custom)
2025-04-23 14:39:34,874 [b100e076-0476-452f-b9c4-da313a68c752@group-DEE2433AE9F8-LeaderElection43] INFO  server.RaftServerConfigKeys (ConfUtils.java:logGet(46)) - raft.server.watch.timeout.denomination = 1s (default)
2025-04-23 14:39:34,874 [b100e076-0476-452f-b9c4-da313a68c752@group-DEE2433AE9F8-LeaderElection43] INFO  server.RaftServerConfigKeys (ConfUtils.java:logGet(46)) - raft.server.watch.element-limit = 65536 (default)
2025-04-23 14:39:34,874 [0b100b3f-2f19-4793-aa85-7b90340ffd9b@group-40DDC87B6CAF-LeaderElection42] INFO  server.RaftServerConfigKeys (ConfUtils.java:logGet(46)) - raft.server.watch.timeout = 30s (custom)
2025-04-23 14:39:34,874 [0b100b3f-2f19-4793-aa85-7b90340ffd9b@group-40DDC87B6CAF-LeaderElection42] INFO  server.RaftServerConfigKeys (ConfUtils.java:logGet(46)) - raft.server.watch.timeout.denomination = 1s (default)
2025-04-23 14:39:34,874 [0b100b3f-2f19-4793-aa85-7b90340ffd9b@group-40DDC87B6CAF-LeaderElection42] INFO  server.RaftServerConfigKeys (ConfUtils.java:logGet(46)) - raft.server.watch.element-limit = 65536 (default)
2025-04-23 14:39:34,874 [b100e076-0476-452f-b9c4-da313a68c752@group-9B0ACB485D37-LeaderElection41] INFO  server.RaftServerConfigKeys (ConfUtils.java:logGet(46)) - raft.server.log.appender.snapshot.chunk.size.max = 16MB (=16777216) (default)
2025-04-23 14:39:34,875 [b100e076-0476-452f-b9c4-da313a68c752@group-9B0ACB485D37-LeaderElection41] INFO  server.RaftServerConfigKeys (ConfUtils.java:logGet(46)) - raft.server.log.appender.buffer.byte-limit = 33554432 (custom)
2025-04-23 14:39:34,875 [b100e076-0476-452f-b9c4-da313a68c752@group-9B0ACB485D37-LeaderElection41] INFO  server.RaftServerConfigKeys (ConfUtils.java:logGet(46)) - raft.server.log.appender.buffer.element-limit = 1024 (custom)
2025-04-23 14:39:34,875 [b100e076-0476-452f-b9c4-da313a68c752@group-9B0ACB485D37-LeaderElection41] INFO  server.RaftServerConfigKeys (ConfUtils.java:logGet(46)) - raft.server.log.appender.wait-time.min = 0μs (custom)
2025-04-23 14:39:34,875 [b100e076-0476-452f-b9c4-da313a68c752@group-9B0ACB485D37-LeaderElection41] INFO  grpc.GrpcConfigKeys (ConfUtils.java:logGet(46)) - raft.grpc.server.leader.outstanding.appends.max = 8 (default)
2025-04-23 14:39:34,875 [b100e076-0476-452f-b9c4-da313a68c752@group-9B0ACB485D37-LeaderElection41] INFO  server.RaftServerConfigKeys (ConfUtils.java:logGet(46)) - raft.server.rpc.request.timeout = 60s (custom)
2025-04-23 14:39:34,875 [b100e076-0476-452f-b9c4-da313a68c752@group-9B0ACB485D37-LeaderElection41] INFO  grpc.GrpcConfigKeys (ConfUtils.java:logGet(46)) - raft.grpc.server.install_snapshot.request.element-limit = 8 (default)
2025-04-23 14:39:34,875 [b100e076-0476-452f-b9c4-da313a68c752@group-9B0ACB485D37-LeaderElection41] INFO  grpc.GrpcConfigKeys (ConfUtils.java:logGet(46)) - raft.grpc.server.install_snapshot.request.timeout = 3000ms (default)
2025-04-23 14:39:34,875 [b100e076-0476-452f-b9c4-da313a68c752@group-9B0ACB485D37-LeaderElection41] INFO  grpc.GrpcConfigKeys (ConfUtils.java:logGet(46)) - raft.grpc.server.log-message.batch.duration = 5s (default)
2025-04-23 14:39:34,875 [b100e076-0476-452f-b9c4-da313a68c752@group-9B0ACB485D37-LeaderElection41] INFO  server.RaftServerConfigKeys (ConfUtils.java:logGet(46)) - raft.server.log.appender.install.snapshot.enabled = false (custom)
2025-04-23 14:39:34,875 [b100e076-0476-452f-b9c4-da313a68c752@group-9B0ACB485D37-LeaderElection41] INFO  grpc.GrpcConfigKeys (ConfUtils.java:logGet(46)) - raft.grpc.server.heartbeat.channel = true (default)
2025-04-23 14:39:34,875 [b100e076-0476-452f-b9c4-da313a68c752@group-9B0ACB485D37-LeaderElection41] INFO  impl.RoleInfo (RoleInfo.java:updateAndGet(148)) - b100e076-0476-452f-b9c4-da313a68c752: start b100e076-0476-452f-b9c4-da313a68c752@group-9B0ACB485D37-LeaderStateImpl
2025-04-23 14:39:34,875 [b100e076-0476-452f-b9c4-da313a68c752@group-9B0ACB485D37-LeaderElection41] INFO  server.RaftServer$Division (RaftServerImpl.java:setFirstElection(562)) - b100e076-0476-452f-b9c4-da313a68c752@group-9B0ACB485D37: set firstElectionSinceStartup to false for becomeLeader
2025-04-23 14:39:34,876 [b100e076-0476-452f-b9c4-da313a68c752@group-9B0ACB485D37-LeaderElection41] INFO  ratis.XceiverServerRatis (XceiverServerRatis.java:handleLeaderChangedNotification(942)) - Leader change notification received for group: group-9B0ACB485D37 with new leaderId: b100e076-0476-452f-b9c4-da313a68c752
2025-04-23 14:39:34,876 [b100e076-0476-452f-b9c4-da313a68c752@group-9B0ACB485D37-LeaderElection41] INFO  server.RaftServer$Division (ServerState.java:setLeader(272)) - b100e076-0476-452f-b9c4-da313a68c752@group-9B0ACB485D37: change Leader from null to b100e076-0476-452f-b9c4-da313a68c752 at term 1 for becomeLeader, leader elected after 1160ms
2025-04-23 14:39:34,876 [b100e076-0476-452f-b9c4-da313a68c752@group-9B0ACB485D37-LeaderElection41] INFO  segmented.SegmentedRaftLogWorker (SegmentedRaftLogWorker.java:startLogSegment(438)) - b100e076-0476-452f-b9c4-da313a68c752@group-9B0ACB485D37-SegmentedRaftLogWorker: Starting segment from index:0
2025-04-23 14:39:34,876 [b100e076-0476-452f-b9c4-da313a68c752@group-DEE2433AE9F8-LeaderElection43] INFO  server.RaftServerConfigKeys (ConfUtils.java:logGet(46)) - raft.server.read.leader.lease.enabled = false (default)
2025-04-23 14:39:34,876 [b100e076-0476-452f-b9c4-da313a68c752@group-DEE2433AE9F8-LeaderElection43] INFO  server.RaftServerConfigKeys (ConfUtils.java:logGet(46)) - raft.server.read.leader.lease.timeout.ratio = 0.9 (default)
2025-04-23 14:39:34,876 [b100e076-0476-452f-b9c4-da313a68c752@group-DEE2433AE9F8-LeaderElection43] INFO  server.RaftServerConfigKeys (ConfUtils.java:logGet(46)) - raft.server.rpc.timeout.min = 5s (custom)
2025-04-23 14:39:34,876 [b100e076-0476-452f-b9c4-da313a68c752@group-DEE2433AE9F8-LeaderElection43] INFO  server.RaftServerConfigKeys (ConfUtils.java:logGet(46)) - raft.server.log.log-metadata.enabled = true (default)
2025-04-23 14:39:34,876 [b100e076-0476-452f-b9c4-da313a68c752@group-DEE2433AE9F8-LeaderElection43] INFO  server.RaftServerConfigKeys (ConfUtils.java:logGet(46)) - raft.server.write.element-limit = 1024 (custom)
2025-04-23 14:39:34,876 [b100e076-0476-452f-b9c4-da313a68c752@group-DEE2433AE9F8-LeaderElection43] INFO  server.RaftServerConfigKeys (ConfUtils.java:logGet(46)) - raft.server.write.follower.gap.ratio.max = -1.0 (default)
2025-04-23 14:39:34,876 [b100e076-0476-452f-b9c4-da313a68c752@group-DEE2433AE9F8-LeaderElection43] INFO  impl.RoleInfo (RoleInfo.java:updateAndGet(148)) - b100e076-0476-452f-b9c4-da313a68c752: start b100e076-0476-452f-b9c4-da313a68c752@group-DEE2433AE9F8-LeaderStateImpl
2025-04-23 14:39:34,876 [b100e076-0476-452f-b9c4-da313a68c752@group-DEE2433AE9F8-LeaderElection43] INFO  server.RaftServer$Division (RaftServerImpl.java:setFirstElection(562)) - b100e076-0476-452f-b9c4-da313a68c752@group-DEE2433AE9F8: set firstElectionSinceStartup to false for becomeLeader
2025-04-23 14:39:34,876 [b100e076-0476-452f-b9c4-da313a68c752@group-DEE2433AE9F8-LeaderElection43] INFO  ratis.XceiverServerRatis (XceiverServerRatis.java:handleLeaderChangedNotification(942)) - Leader change notification received for group: group-DEE2433AE9F8 with new leaderId: b100e076-0476-452f-b9c4-da313a68c752
2025-04-23 14:39:34,876 [b100e076-0476-452f-b9c4-da313a68c752@group-DEE2433AE9F8-LeaderElection43] INFO  server.RaftServer$Division (ServerState.java:setLeader(272)) - b100e076-0476-452f-b9c4-da313a68c752@group-DEE2433AE9F8: change Leader from null to b100e076-0476-452f-b9c4-da313a68c752 at term 1 for becomeLeader, leader elected after 1178ms
2025-04-23 14:39:34,876 [b100e076-0476-452f-b9c4-da313a68c752@group-DEE2433AE9F8-LeaderElection43] INFO  segmented.SegmentedRaftLogWorker (SegmentedRaftLogWorker.java:startLogSegment(438)) - b100e076-0476-452f-b9c4-da313a68c752@group-DEE2433AE9F8-SegmentedRaftLogWorker: Starting segment from index:0
2025-04-23 14:39:34,876 [b100e076-0476-452f-b9c4-da313a68c752@group-DEE2433AE9F8-LeaderElection43] INFO  server.RaftServer$Division (ServerState.java:setRaftConf(386)) - b100e076-0476-452f-b9c4-da313a68c752@group-DEE2433AE9F8: set configuration conf: {index: 0, cur=peers:[b100e076-0476-452f-b9c4-da313a68c752|127.0.0.1:15065]|listeners:[], old=null}
2025-04-23 14:39:34,876 [0b100b3f-2f19-4793-aa85-7b90340ffd9b@group-40DDC87B6CAF-LeaderElection42] INFO  server.RaftServerConfigKeys (ConfUtils.java:logGet(46)) - raft.server.read.leader.lease.enabled = false (default)
2025-04-23 14:39:34,876 [0b100b3f-2f19-4793-aa85-7b90340ffd9b@group-40DDC87B6CAF-LeaderElection42] INFO  server.RaftServerConfigKeys (ConfUtils.java:logGet(46)) - raft.server.read.leader.lease.timeout.ratio = 0.9 (default)
2025-04-23 14:39:34,877 [0b100b3f-2f19-4793-aa85-7b90340ffd9b@group-40DDC87B6CAF-LeaderElection42] INFO  server.RaftServerConfigKeys (ConfUtils.java:logGet(46)) - raft.server.rpc.timeout.min = 5s (custom)
2025-04-23 14:39:34,877 [0b100b3f-2f19-4793-aa85-7b90340ffd9b@group-40DDC87B6CAF-LeaderElection42] INFO  server.RaftServerConfigKeys (ConfUtils.java:logGet(46)) - raft.server.log.log-metadata.enabled = true (default)
2025-04-23 14:39:34,877 [0b100b3f-2f19-4793-aa85-7b90340ffd9b@group-40DDC87B6CAF-LeaderElection42] INFO  server.RaftServerConfigKeys (ConfUtils.java:logGet(46)) - raft.server.write.element-limit = 1024 (custom)
2025-04-23 14:39:34,877 [0b100b3f-2f19-4793-aa85-7b90340ffd9b@group-40DDC87B6CAF-LeaderElection42] INFO  server.RaftServerConfigKeys (ConfUtils.java:logGet(46)) - raft.server.write.follower.gap.ratio.max = -1.0 (default)
2025-04-23 14:39:34,876 [b100e076-0476-452f-b9c4-da313a68c752@group-9B0ACB485D37-LeaderElection41] INFO  server.RaftServer$Division (ServerState.java:setRaftConf(386)) - b100e076-0476-452f-b9c4-da313a68c752@group-9B0ACB485D37: set configuration conf: {index: 0, cur=peers:[b100e076-0476-452f-b9c4-da313a68c752|127.0.0.1:15065, b2165e39-3e51-4fdf-a7c8-80f70bfd3a27|127.0.0.1:15073, 0b100b3f-2f19-4793-aa85-7b90340ffd9b|127.0.0.1:15081]|listeners:[], old=null}
2025-04-23 14:39:34,878 [b100e076-0476-452f-b9c4-da313a68c752@group-9B0ACB485D37-SegmentedRaftLogWorker] INFO  segmented.BufferedWriteChannel (BufferedWriteChannel.java:open(61)) - open log_inprogress_0 at position 0
2025-04-23 14:39:34,878 [b100e076-0476-452f-b9c4-da313a68c752@group-DEE2433AE9F8-SegmentedRaftLogWorker] INFO  segmented.BufferedWriteChannel (BufferedWriteChannel.java:open(61)) - open log_inprogress_0 at position 0
2025-04-23 14:39:34,878 [EventQueue-OpenPipelineForHealthyPipelineSafeModeRule] INFO  safemode.SCMSafeModeManager (HealthyPipelineSafeModeRule.java:process(141)) - SCM in safe mode. Healthy pipelines reported count is 0, required healthy pipeline reported count is 1
2025-04-23 14:39:34,879 [0b100b3f-2f19-4793-aa85-7b90340ffd9b@group-40DDC87B6CAF-LeaderElection42] INFO  server.RaftServerConfigKeys (ConfUtils.java:logGet(46)) - raft.server.log.appender.snapshot.chunk.size.max = 16MB (=16777216) (default)
2025-04-23 14:39:34,882 [0b100b3f-2f19-4793-aa85-7b90340ffd9b@group-40DDC87B6CAF-LeaderElection42] INFO  server.RaftServerConfigKeys (ConfUtils.java:logGet(46)) - raft.server.log.appender.buffer.byte-limit = 33554432 (custom)
2025-04-23 14:39:34,882 [0b100b3f-2f19-4793-aa85-7b90340ffd9b@group-40DDC87B6CAF-LeaderElection42] INFO  server.RaftServerConfigKeys (ConfUtils.java:logGet(46)) - raft.server.log.appender.buffer.element-limit = 1024 (custom)
2025-04-23 14:39:34,882 [0b100b3f-2f19-4793-aa85-7b90340ffd9b@group-40DDC87B6CAF-LeaderElection42] INFO  server.RaftServerConfigKeys (ConfUtils.java:logGet(46)) - raft.server.log.appender.wait-time.min = 0μs (custom)
2025-04-23 14:39:34,882 [0b100b3f-2f19-4793-aa85-7b90340ffd9b@group-40DDC87B6CAF-LeaderElection42] INFO  grpc.GrpcConfigKeys (ConfUtils.java:logGet(46)) - raft.grpc.server.leader.outstanding.appends.max = 8 (default)
2025-04-23 14:39:34,882 [0b100b3f-2f19-4793-aa85-7b90340ffd9b@group-40DDC87B6CAF-LeaderElection42] INFO  server.RaftServerConfigKeys (ConfUtils.java:logGet(46)) - raft.server.rpc.request.timeout = 60s (custom)
2025-04-23 14:39:34,882 [0b100b3f-2f19-4793-aa85-7b90340ffd9b@group-40DDC87B6CAF-LeaderElection42] INFO  grpc.GrpcConfigKeys (ConfUtils.java:logGet(46)) - raft.grpc.server.install_snapshot.request.element-limit = 8 (default)
2025-04-23 14:39:34,882 [0b100b3f-2f19-4793-aa85-7b90340ffd9b@group-40DDC87B6CAF-LeaderElection42] INFO  grpc.GrpcConfigKeys (ConfUtils.java:logGet(46)) - raft.grpc.server.install_snapshot.request.timeout = 3000ms (default)
2025-04-23 14:39:34,882 [0b100b3f-2f19-4793-aa85-7b90340ffd9b@group-40DDC87B6CAF-LeaderElection42] INFO  grpc.GrpcConfigKeys (ConfUtils.java:logGet(46)) - raft.grpc.server.log-message.batch.duration = 5s (default)
2025-04-23 14:39:34,882 [0b100b3f-2f19-4793-aa85-7b90340ffd9b@group-40DDC87B6CAF-LeaderElection42] INFO  server.RaftServerConfigKeys (ConfUtils.java:logGet(46)) - raft.server.log.appender.install.snapshot.enabled = false (custom)
2025-04-23 14:39:34,882 [0b100b3f-2f19-4793-aa85-7b90340ffd9b@group-40DDC87B6CAF-LeaderElection42] INFO  grpc.GrpcConfigKeys (ConfUtils.java:logGet(46)) - raft.grpc.server.heartbeat.channel = true (default)
2025-04-23 14:39:34,880 [6229d4c2-9d37-4ba8-b373-d0f9d49f2b38@group-FEDF3986FFA5-StateMachineUpdater] INFO  safemode.HealthyPipelineSafeModeRule (HealthyPipelineSafeModeRule.java:initializeRule(174)) - Refreshed total pipeline count is 1, healthy pipeline threshold count is 1
2025-04-23 14:39:34,883 [EventQueue-PipelineReportForPipelineReportHandler] INFO  pipeline.PipelineReportHandler (PipelineReportHandler.java:processPipelineReport(134)) - Opened pipeline PipelineID=f2aa9184-d93c-4bc1-b651-9b0acb485d37
2025-04-23 14:39:34,883 [EventQueue-OpenPipelineForHealthyPipelineSafeModeRule] INFO  safemode.SCMSafeModeManager (HealthyPipelineSafeModeRule.java:process(141)) - SCM in safe mode. Healthy pipelines reported count is 1, required healthy pipeline reported count is 1
2025-04-23 14:39:34,883 [EventQueue-OpenPipelineForHealthyPipelineSafeModeRule] INFO  safemode.SCMSafeModeManager (SCMSafeModeManager.java:validateSafeModeExitRules(186)) - HealthyPipelineSafeModeRule rule is successfully validated
2025-04-23 14:39:34,883 [EventQueue-OpenPipelineForHealthyPipelineSafeModeRule] INFO  safemode.SCMSafeModeManager (SCMSafeModeManager.java:validateSafeModeExitRules(201)) - ScmSafeModeManager, all rules are successfully validated
2025-04-23 14:39:34,883 [EventQueue-OpenPipelineForHealthyPipelineSafeModeRule] INFO  safemode.SCMSafeModeManager (SCMSafeModeManager.java:exitSafeMode(231)) - SCM exiting safe mode.
2025-04-23 14:39:34,883 [EventQueue-OpenPipelineForHealthyPipelineSafeModeRule] INFO  ha.SCMContext (SCMContext.java:updateSafeModeStatus(224)) - Update SafeModeStatus from SafeModeStatus{safeModeStatus=true, preCheckPassed=true} to SafeModeStatus{safeModeStatus=false, preCheckPassed=true}.
2025-04-23 14:39:34,883 [EventQueue-OpenPipelineForHealthyPipelineSafeModeRule] INFO  BackgroundPipelineScrubber (BackgroundSCMService.java:notifyStatusChanged(78)) - Service BackgroundPipelineScrubber transitions to RUNNING.
2025-04-23 14:39:34,883 [EventQueue-OpenPipelineForHealthyPipelineSafeModeRule] INFO  ExpiredContainerReplicaOpScrubber (BackgroundSCMService.java:notifyStatusChanged(78)) - Service ExpiredContainerReplicaOpScrubber transitions to RUNNING.
2025-04-23 14:39:34,883 [EventQueue-OpenPipelineForHealthyPipelineSafeModeRule] INFO  block.SCMBlockDeletingService (SCMBlockDeletingService.java:notifyStatusChanged(250)) - notifyStatusChanged:RUNNING
2025-04-23 14:39:34,883 [EventQueue-OpenPipelineForHealthyPipelineSafeModeRule] INFO  replication.ReplicationManager (ReplicationManager.java:notifyStatusChanged(1386)) - Service ReplicationManager transitions to RUNNING.
2025-04-23 14:39:34,883 [EventQueue-OpenPipelineForHealthyPipelineSafeModeRule] WARN  balancer.ContainerBalancer (ContainerBalancer.java:shouldRun(134)) - Could not find persisted configuration for ContainerBalancer when checking if ContainerBalancer should run. ContainerBalancer should not run now.
2025-04-23 14:39:34,884 [EventQueue-OpenPipelineForHealthyPipelineSafeModeRule] INFO  SCMHATransactionMonitor (BackgroundSCMService.java:notifyStatusChanged(78)) - Service SCMHATransactionMonitor transitions to RUNNING.
2025-04-23 14:39:34,884 [0b100b3f-2f19-4793-aa85-7b90340ffd9b@group-40DDC87B6CAF-LeaderElection42] INFO  server.RaftServerConfigKeys (ConfUtils.java:logGet(46)) - raft.server.log.appender.snapshot.chunk.size.max = 16MB (=16777216) (default)
2025-04-23 14:39:34,884 [0b100b3f-2f19-4793-aa85-7b90340ffd9b@group-40DDC87B6CAF-LeaderElection42] INFO  server.RaftServerConfigKeys (ConfUtils.java:logGet(46)) - raft.server.log.appender.buffer.byte-limit = 33554432 (custom)
2025-04-23 14:39:34,884 [0b100b3f-2f19-4793-aa85-7b90340ffd9b@group-40DDC87B6CAF-LeaderElection42] INFO  server.RaftServerConfigKeys (ConfUtils.java:logGet(46)) - raft.server.log.appender.buffer.element-limit = 1024 (custom)
2025-04-23 14:39:34,884 [0b100b3f-2f19-4793-aa85-7b90340ffd9b@group-40DDC87B6CAF-LeaderElection42] INFO  server.RaftServerConfigKeys (ConfUtils.java:logGet(46)) - raft.server.log.appender.wait-time.min = 0μs (custom)
2025-04-23 14:39:34,884 [0b100b3f-2f19-4793-aa85-7b90340ffd9b@group-40DDC87B6CAF-LeaderElection42] INFO  grpc.GrpcConfigKeys (ConfUtils.java:logGet(46)) - raft.grpc.server.leader.outstanding.appends.max = 8 (default)
2025-04-23 14:39:34,884 [0b100b3f-2f19-4793-aa85-7b90340ffd9b@group-40DDC87B6CAF-LeaderElection42] INFO  server.RaftServerConfigKeys (ConfUtils.java:logGet(46)) - raft.server.rpc.request.timeout = 60s (custom)
2025-04-23 14:39:34,884 [0b100b3f-2f19-4793-aa85-7b90340ffd9b@group-40DDC87B6CAF-LeaderElection42] INFO  grpc.GrpcConfigKeys (ConfUtils.java:logGet(46)) - raft.grpc.server.install_snapshot.request.element-limit = 8 (default)
2025-04-23 14:39:34,884 [0b100b3f-2f19-4793-aa85-7b90340ffd9b@group-40DDC87B6CAF-LeaderElection42] INFO  grpc.GrpcConfigKeys (ConfUtils.java:logGet(46)) - raft.grpc.server.install_snapshot.request.timeout = 3000ms (default)
2025-04-23 14:39:34,884 [0b100b3f-2f19-4793-aa85-7b90340ffd9b@group-40DDC87B6CAF-LeaderElection42] INFO  grpc.GrpcConfigKeys (ConfUtils.java:logGet(46)) - raft.grpc.server.log-message.batch.duration = 5s (default)
2025-04-23 14:39:34,884 [0b100b3f-2f19-4793-aa85-7b90340ffd9b@group-40DDC87B6CAF-LeaderElection42] INFO  server.RaftServerConfigKeys (ConfUtils.java:logGet(46)) - raft.server.log.appender.install.snapshot.enabled = false (custom)
2025-04-23 14:39:34,884 [0b100b3f-2f19-4793-aa85-7b90340ffd9b@group-40DDC87B6CAF-LeaderElection42] INFO  grpc.GrpcConfigKeys (ConfUtils.java:logGet(46)) - raft.grpc.server.heartbeat.channel = true (default)
2025-04-23 14:39:34,884 [0b100b3f-2f19-4793-aa85-7b90340ffd9b@group-40DDC87B6CAF-LeaderElection42] INFO  impl.RoleInfo (RoleInfo.java:updateAndGet(148)) - 0b100b3f-2f19-4793-aa85-7b90340ffd9b: start 0b100b3f-2f19-4793-aa85-7b90340ffd9b@group-40DDC87B6CAF-LeaderStateImpl
2025-04-23 14:39:34,884 [0b100b3f-2f19-4793-aa85-7b90340ffd9b@group-40DDC87B6CAF-LeaderElection42] INFO  server.RaftServer$Division (RaftServerImpl.java:setFirstElection(562)) - 0b100b3f-2f19-4793-aa85-7b90340ffd9b@group-40DDC87B6CAF: set firstElectionSinceStartup to false for becomeLeader
2025-04-23 14:39:34,884 [0b100b3f-2f19-4793-aa85-7b90340ffd9b@group-40DDC87B6CAF-LeaderElection42] INFO  ratis.XceiverServerRatis (XceiverServerRatis.java:handleLeaderChangedNotification(942)) - Leader change notification received for group: group-40DDC87B6CAF with new leaderId: 0b100b3f-2f19-4793-aa85-7b90340ffd9b
2025-04-23 14:39:34,887 [0b100b3f-2f19-4793-aa85-7b90340ffd9b@group-40DDC87B6CAF-LeaderElection42] INFO  server.RaftServer$Division (ServerState.java:setLeader(272)) - 0b100b3f-2f19-4793-aa85-7b90340ffd9b@group-40DDC87B6CAF: change Leader from null to 0b100b3f-2f19-4793-aa85-7b90340ffd9b at term 1 for becomeLeader, leader elected after 1083ms
2025-04-23 14:39:34,887 [0b100b3f-2f19-4793-aa85-7b90340ffd9b@group-40DDC87B6CAF-LeaderElection42] INFO  segmented.SegmentedRaftLogWorker (SegmentedRaftLogWorker.java:startLogSegment(438)) - 0b100b3f-2f19-4793-aa85-7b90340ffd9b@group-40DDC87B6CAF-SegmentedRaftLogWorker: Starting segment from index:0
2025-04-23 14:39:34,887 [b2165e39-3e51-4fdf-a7c8-80f70bfd3a27-server-thread1] INFO  ratis.XceiverServerRatis (XceiverServerRatis.java:handleLeaderChangedNotification(942)) - Leader change notification received for group: group-9B0ACB485D37 with new leaderId: b100e076-0476-452f-b9c4-da313a68c752
2025-04-23 14:39:34,887 [b2165e39-3e51-4fdf-a7c8-80f70bfd3a27-server-thread1] INFO  server.RaftServer$Division (ServerState.java:setLeader(272)) - b2165e39-3e51-4fdf-a7c8-80f70bfd3a27@group-9B0ACB485D37: change Leader from null to b100e076-0476-452f-b9c4-da313a68c752 at term 1 for appendEntries, leader elected after 1149ms
2025-04-23 14:39:34,887 [0b100b3f-2f19-4793-aa85-7b90340ffd9b@group-40DDC87B6CAF-SegmentedRaftLogWorker] INFO  segmented.BufferedWriteChannel (BufferedWriteChannel.java:open(61)) - open log_inprogress_0 at position 0
2025-04-23 14:39:34,887 [0b100b3f-2f19-4793-aa85-7b90340ffd9b-server-thread2] INFO  ratis.XceiverServerRatis (XceiverServerRatis.java:handleLeaderChangedNotification(942)) - Leader change notification received for group: group-9B0ACB485D37 with new leaderId: b100e076-0476-452f-b9c4-da313a68c752
2025-04-23 14:39:34,887 [0b100b3f-2f19-4793-aa85-7b90340ffd9b-server-thread2] INFO  server.RaftServer$Division (ServerState.java:setLeader(272)) - 0b100b3f-2f19-4793-aa85-7b90340ffd9b@group-9B0ACB485D37: change Leader from null to b100e076-0476-452f-b9c4-da313a68c752 at term 1 for appendEntries, leader elected after 1125ms
2025-04-23 14:39:34,888 [0b100b3f-2f19-4793-aa85-7b90340ffd9b-server-thread1] INFO  server.RaftServer$Division (ServerState.java:setRaftConf(386)) - 0b100b3f-2f19-4793-aa85-7b90340ffd9b@group-9B0ACB485D37: set configuration conf: {index: 0, cur=peers:[b100e076-0476-452f-b9c4-da313a68c752|127.0.0.1:15065, b2165e39-3e51-4fdf-a7c8-80f70bfd3a27|127.0.0.1:15073, 0b100b3f-2f19-4793-aa85-7b90340ffd9b|127.0.0.1:15081]|listeners:[], old=null}
2025-04-23 14:39:34,888 [0b100b3f-2f19-4793-aa85-7b90340ffd9b-server-thread1] INFO  segmented.SegmentedRaftLogWorker (SegmentedRaftLogWorker.java:startLogSegment(438)) - 0b100b3f-2f19-4793-aa85-7b90340ffd9b@group-9B0ACB485D37-SegmentedRaftLogWorker: Starting segment from index:0
2025-04-23 14:39:34,887 [0b100b3f-2f19-4793-aa85-7b90340ffd9b@group-40DDC87B6CAF-LeaderElection42] INFO  server.RaftServer$Division (ServerState.java:setRaftConf(386)) - 0b100b3f-2f19-4793-aa85-7b90340ffd9b@group-40DDC87B6CAF: set configuration conf: {index: 0, cur=peers:[b100e076-0476-452f-b9c4-da313a68c752|127.0.0.1:15065, 0b100b3f-2f19-4793-aa85-7b90340ffd9b|127.0.0.1:15081, b2165e39-3e51-4fdf-a7c8-80f70bfd3a27|127.0.0.1:15073]|listeners:[], old=null}
2025-04-23 14:39:34,888 [0b100b3f-2f19-4793-aa85-7b90340ffd9b@group-9B0ACB485D37-SegmentedRaftLogWorker] INFO  segmented.BufferedWriteChannel (BufferedWriteChannel.java:open(61)) - open log_inprogress_0 at position 0
2025-04-23 14:39:34,892 [b2165e39-3e51-4fdf-a7c8-80f70bfd3a27-server-thread2] INFO  server.RaftServer$Division (ServerState.java:setRaftConf(386)) - b2165e39-3e51-4fdf-a7c8-80f70bfd3a27@group-9B0ACB485D37: set configuration conf: {index: 0, cur=peers:[b100e076-0476-452f-b9c4-da313a68c752|127.0.0.1:15065, b2165e39-3e51-4fdf-a7c8-80f70bfd3a27|127.0.0.1:15073, 0b100b3f-2f19-4793-aa85-7b90340ffd9b|127.0.0.1:15081]|listeners:[], old=null}
2025-04-23 14:39:34,892 [b2165e39-3e51-4fdf-a7c8-80f70bfd3a27-server-thread2] INFO  segmented.SegmentedRaftLogWorker (SegmentedRaftLogWorker.java:startLogSegment(438)) - b2165e39-3e51-4fdf-a7c8-80f70bfd3a27@group-9B0ACB485D37-SegmentedRaftLogWorker: Starting segment from index:0
2025-04-23 14:39:34,894 [b100e076-0476-452f-b9c4-da313a68c752@group-9B0ACB485D37-SegmentedRaftLogWorker] INFO  segmented.SegmentedRaftLogWorker (SegmentedRaftLogWorker.java:execute(644)) - b100e076-0476-452f-b9c4-da313a68c752@group-9B0ACB485D37-SegmentedRaftLogWorker: created new log segment /home/runner/work/ozone/ozone/hadoop-ozone/integration-test/target/test-dir/MiniOzoneClusterImpl-feea018d-8976-442b-acbc-fedf3986ffa5/ozone-meta/datanode-1/ratis/f2aa9184-d93c-4bc1-b651-9b0acb485d37/current/log_inprogress_0
2025-04-23 14:39:34,895 [b2165e39-3e51-4fdf-a7c8-80f70bfd3a27@group-9B0ACB485D37-SegmentedRaftLogWorker] INFO  segmented.BufferedWriteChannel (BufferedWriteChannel.java:open(61)) - open log_inprogress_0 at position 0
2025-04-23 14:39:34,896 [EventQueue-PipelineReportForPipelineReportHandler] INFO  pipeline.PipelineReportHandler (PipelineReportHandler.java:processPipelineReport(134)) - Opened pipeline PipelineID=51ff1beb-3af7-4546-9db4-40ddc87b6caf
2025-04-23 14:39:34,896 [b100e076-0476-452f-b9c4-da313a68c752@group-DEE2433AE9F8-SegmentedRaftLogWorker] INFO  segmented.SegmentedRaftLogWorker (SegmentedRaftLogWorker.java:execute(644)) - b100e076-0476-452f-b9c4-da313a68c752@group-DEE2433AE9F8-SegmentedRaftLogWorker: created new log segment /home/runner/work/ozone/ozone/hadoop-ozone/integration-test/target/test-dir/MiniOzoneClusterImpl-feea018d-8976-442b-acbc-fedf3986ffa5/ozone-meta/datanode-1/ratis/d8f402b9-1813-40e7-9ad9-dee2433ae9f8/current/log_inprogress_0
2025-04-23 14:39:34,896 [b100e076-0476-452f-b9c4-da313a68c752-server-thread1] INFO  ratis.XceiverServerRatis (XceiverServerRatis.java:handleLeaderChangedNotification(942)) - Leader change notification received for group: group-40DDC87B6CAF with new leaderId: 0b100b3f-2f19-4793-aa85-7b90340ffd9b
2025-04-23 14:39:34,896 [b100e076-0476-452f-b9c4-da313a68c752-server-thread1] INFO  server.RaftServer$Division (ServerState.java:setLeader(272)) - b100e076-0476-452f-b9c4-da313a68c752@group-40DDC87B6CAF: change Leader from null to 0b100b3f-2f19-4793-aa85-7b90340ffd9b at term 1 for appendEntries, leader elected after 1113ms
2025-04-23 14:39:34,900 [b100e076-0476-452f-b9c4-da313a68c752-server-thread2] INFO  server.RaftServer$Division (ServerState.java:setRaftConf(386)) - b100e076-0476-452f-b9c4-da313a68c752@group-40DDC87B6CAF: set configuration conf: {index: 0, cur=peers:[b100e076-0476-452f-b9c4-da313a68c752|127.0.0.1:15065, 0b100b3f-2f19-4793-aa85-7b90340ffd9b|127.0.0.1:15081, b2165e39-3e51-4fdf-a7c8-80f70bfd3a27|127.0.0.1:15073]|listeners:[], old=null}
2025-04-23 14:39:34,900 [b100e076-0476-452f-b9c4-da313a68c752-server-thread2] INFO  segmented.SegmentedRaftLogWorker (SegmentedRaftLogWorker.java:startLogSegment(438)) - b100e076-0476-452f-b9c4-da313a68c752@group-40DDC87B6CAF-SegmentedRaftLogWorker: Starting segment from index:0
2025-04-23 14:39:34,902 [b2165e39-3e51-4fdf-a7c8-80f70bfd3a27-server-thread1] INFO  ratis.XceiverServerRatis (XceiverServerRatis.java:handleLeaderChangedNotification(942)) - Leader change notification received for group: group-40DDC87B6CAF with new leaderId: 0b100b3f-2f19-4793-aa85-7b90340ffd9b
2025-04-23 14:39:34,902 [b2165e39-3e51-4fdf-a7c8-80f70bfd3a27-server-thread1] INFO  server.RaftServer$Division (ServerState.java:setLeader(272)) - b2165e39-3e51-4fdf-a7c8-80f70bfd3a27@group-40DDC87B6CAF: change Leader from null to 0b100b3f-2f19-4793-aa85-7b90340ffd9b at term 1 for appendEntries, leader elected after 1077ms
2025-04-23 14:39:34,904 [b2165e39-3e51-4fdf-a7c8-80f70bfd3a27-server-thread2] INFO  server.RaftServer$Division (ServerState.java:setRaftConf(386)) - b2165e39-3e51-4fdf-a7c8-80f70bfd3a27@group-40DDC87B6CAF: set configuration conf: {index: 0, cur=peers:[b100e076-0476-452f-b9c4-da313a68c752|127.0.0.1:15065, 0b100b3f-2f19-4793-aa85-7b90340ffd9b|127.0.0.1:15081, b2165e39-3e51-4fdf-a7c8-80f70bfd3a27|127.0.0.1:15073]|listeners:[], old=null}
2025-04-23 14:39:34,904 [b2165e39-3e51-4fdf-a7c8-80f70bfd3a27-server-thread2] INFO  segmented.SegmentedRaftLogWorker (SegmentedRaftLogWorker.java:startLogSegment(438)) - b2165e39-3e51-4fdf-a7c8-80f70bfd3a27@group-40DDC87B6CAF-SegmentedRaftLogWorker: Starting segment from index:0
2025-04-23 14:39:34,904 [b100e076-0476-452f-b9c4-da313a68c752@group-DEE2433AE9F8-StateMachineUpdater] INFO  server.RaftServer$Division (LeaderStateImpl.java:checkStartIndex(313)) - Leader b100e076-0476-452f-b9c4-da313a68c752@group-DEE2433AE9F8-LeaderStateImpl is ready since appliedIndex == startIndex == 0
2025-04-23 14:39:34,904 [b100e076-0476-452f-b9c4-da313a68c752@group-40DDC87B6CAF-SegmentedRaftLogWorker] INFO  segmented.BufferedWriteChannel (BufferedWriteChannel.java:open(61)) - open log_inprogress_0 at position 0
2025-04-23 14:39:34,904 [b2165e39-3e51-4fdf-a7c8-80f70bfd3a27@group-40DDC87B6CAF-SegmentedRaftLogWorker] INFO  segmented.BufferedWriteChannel (BufferedWriteChannel.java:open(61)) - open log_inprogress_0 at position 0
2025-04-23 14:39:34,914 [0b100b3f-2f19-4793-aa85-7b90340ffd9b@group-40DDC87B6CAF-SegmentedRaftLogWorker] INFO  segmented.SegmentedRaftLogWorker (SegmentedRaftLogWorker.java:execute(644)) - 0b100b3f-2f19-4793-aa85-7b90340ffd9b@group-40DDC87B6CAF-SegmentedRaftLogWorker: created new log segment /home/runner/work/ozone/ozone/hadoop-ozone/integration-test/target/test-dir/MiniOzoneClusterImpl-feea018d-8976-442b-acbc-fedf3986ffa5/ozone-meta/datanode-3/ratis/51ff1beb-3af7-4546-9db4-40ddc87b6caf/current/log_inprogress_0
2025-04-23 14:39:34,918 [0b100b3f-2f19-4793-aa85-7b90340ffd9b@group-9B0ACB485D37-SegmentedRaftLogWorker] INFO  segmented.SegmentedRaftLogWorker (SegmentedRaftLogWorker.java:execute(644)) - 0b100b3f-2f19-4793-aa85-7b90340ffd9b@group-9B0ACB485D37-SegmentedRaftLogWorker: created new log segment /home/runner/work/ozone/ozone/hadoop-ozone/integration-test/target/test-dir/MiniOzoneClusterImpl-feea018d-8976-442b-acbc-fedf3986ffa5/ozone-meta/datanode-3/ratis/f2aa9184-d93c-4bc1-b651-9b0acb485d37/current/log_inprogress_0
2025-04-23 14:39:34,925 [b2165e39-3e51-4fdf-a7c8-80f70bfd3a27@group-40DDC87B6CAF-SegmentedRaftLogWorker] INFO  segmented.SegmentedRaftLogWorker (SegmentedRaftLogWorker.java:execute(644)) - b2165e39-3e51-4fdf-a7c8-80f70bfd3a27@group-40DDC87B6CAF-SegmentedRaftLogWorker: created new log segment /home/runner/work/ozone/ozone/hadoop-ozone/integration-test/target/test-dir/MiniOzoneClusterImpl-feea018d-8976-442b-acbc-fedf3986ffa5/ozone-meta/datanode-2/ratis/51ff1beb-3af7-4546-9db4-40ddc87b6caf/current/log_inprogress_0
2025-04-23 14:39:34,927 [b2165e39-3e51-4fdf-a7c8-80f70bfd3a27@group-9B0ACB485D37-SegmentedRaftLogWorker] INFO  segmented.SegmentedRaftLogWorker (SegmentedRaftLogWorker.java:execute(644)) - b2165e39-3e51-4fdf-a7c8-80f70bfd3a27@group-9B0ACB485D37-SegmentedRaftLogWorker: created new log segment /home/runner/work/ozone/ozone/hadoop-ozone/integration-test/target/test-dir/MiniOzoneClusterImpl-feea018d-8976-442b-acbc-fedf3986ffa5/ozone-meta/datanode-2/ratis/f2aa9184-d93c-4bc1-b651-9b0acb485d37/current/log_inprogress_0
2025-04-23 14:39:34,927 [b100e076-0476-452f-b9c4-da313a68c752@group-40DDC87B6CAF-SegmentedRaftLogWorker] INFO  segmented.SegmentedRaftLogWorker (SegmentedRaftLogWorker.java:execute(644)) - b100e076-0476-452f-b9c4-da313a68c752@group-40DDC87B6CAF-SegmentedRaftLogWorker: created new log segment /home/runner/work/ozone/ozone/hadoop-ozone/integration-test/target/test-dir/MiniOzoneClusterImpl-feea018d-8976-442b-acbc-fedf3986ffa5/ozone-meta/datanode-1/ratis/51ff1beb-3af7-4546-9db4-40ddc87b6caf/current/log_inprogress_0
2025-04-23 14:39:34,928 [0b100b3f-2f19-4793-aa85-7b90340ffd9b@group-40DDC87B6CAF-StateMachineUpdater] INFO  server.RaftServer$Division (LeaderStateImpl.java:checkStartIndex(313)) - Leader 0b100b3f-2f19-4793-aa85-7b90340ffd9b@group-40DDC87B6CAF-LeaderStateImpl is ready since appliedIndex == startIndex == 0
2025-04-23 14:39:34,928 [b100e076-0476-452f-b9c4-da313a68c752@group-9B0ACB485D37-StateMachineUpdater] INFO  server.RaftServer$Division (LeaderStateImpl.java:checkStartIndex(313)) - Leader b100e076-0476-452f-b9c4-da313a68c752@group-9B0ACB485D37-LeaderStateImpl is ready since appliedIndex == startIndex == 0
2025-04-23 14:39:34,975 [b3e33d86-0447-4fd5-9cd5-f314a86cc755-EndpointStateMachineTaskThread-/0.0.0.0:15002-0 ] INFO  ipc.Client (Client.java:handleConnectionFailure(966)) - Retrying connect to server: 0.0.0.0/0.0.0.0:15002. Already tried 14 time(s); retry policy is RetryUpToMaximumCountWithFixedSleep(maxRetries=15, sleepTime=1000 MILLISECONDS)
2025-04-23 14:39:34,976 [b3e33d86-0447-4fd5-9cd5-f314a86cc755-EndpointStateMachineTaskThread-/0.0.0.0:15002-0 ] WARN  statemachine.EndpointStateMachine (EndpointStateMachine.java:logIfNeeded(239)) - Unable to communicate to SCM server at 0.0.0.0/0.0.0.0:15002 for past 0 seconds.
java.net.ConnectException: Your endpoint configuration is wrong; For more details see:  http://wiki.apache.org/hadoop/UnsetHostnameOrPort
	at java.base/jdk.internal.reflect.DirectConstructorHandleAccessor.newInstance(DirectConstructorHandleAccessor.java:62)
	at java.base/java.lang.reflect.Constructor.newInstanceWithCaller(Constructor.java:502)
	at java.base/java.lang.reflect.Constructor.newInstance(Constructor.java:486)
	at org.apache.hadoop.net.NetUtils.wrapWithMessage(NetUtils.java:961)
	at org.apache.hadoop.net.NetUtils.wrapException(NetUtils.java:872)
	at org.apache.hadoop.ipc.Client.getRpcResponse(Client.java:1588)
	at org.apache.hadoop.ipc.Client.call(Client.java:1529)
	at org.apache.hadoop.ipc.Client.call(Client.java:1426)
	at org.apache.hadoop.ipc.ProtobufRpcEngine$Invoker.invoke(ProtobufRpcEngine.java:250)
	at org.apache.hadoop.ipc.ProtobufRpcEngine$Invoker.invoke(ProtobufRpcEngine.java:132)
	at jdk.proxy2/jdk.proxy2.$Proxy65.submitRequest(Unknown Source)
	at org.apache.hadoop.ozone.protocolPB.StorageContainerDatanodeProtocolClientSideTranslatorPB.submitRequest(StorageContainerDatanodeProtocolClientSideTranslatorPB.java:105)
	at org.apache.hadoop.ozone.protocolPB.StorageContainerDatanodeProtocolClientSideTranslatorPB.sendHeartbeat(StorageContainerDatanodeProtocolClientSideTranslatorPB.java:136)
	at org.apache.hadoop.ozone.container.common.states.endpoint.HeartbeatEndpointTask.call(HeartbeatEndpointTask.java:149)
	at org.apache.hadoop.ozone.container.common.states.endpoint.HeartbeatEndpointTask.call(HeartbeatEndpointTask.java:69)
	at java.base/java.util.concurrent.FutureTask.run(FutureTask.java:317)
	at java.base/java.util.concurrent.ThreadPoolExecutor.runWorker(ThreadPoolExecutor.java:1144)
	at java.base/java.util.concurrent.ThreadPoolExecutor$Worker.run(ThreadPoolExecutor.java:642)
	at java.base/java.lang.Thread.run(Thread.java:1583)
Caused by: java.net.ConnectException: Connection refused
	at java.base/sun.nio.ch.Net.pollConnect(Native Method)
	at java.base/sun.nio.ch.Net.pollConnectNow(Net.java:682)
	at java.base/sun.nio.ch.SocketChannelImpl.finishConnect(SocketChannelImpl.java:973)
	at org.apache.hadoop.net.SocketIOWithTimeout.connect(SocketIOWithTimeout.java:205)
	at org.apache.hadoop.net.NetUtils.connect(NetUtils.java:614)
	at org.apache.hadoop.ipc.Client$Connection.setupConnection(Client.java:668)
	at org.apache.hadoop.ipc.Client$Connection.setupIOstreams(Client.java:789)
	at org.apache.hadoop.ipc.Client$Connection.access$3800(Client.java:364)
	at org.apache.hadoop.ipc.Client.getConnection(Client.java:1649)
	at org.apache.hadoop.ipc.Client.call(Client.java:1473)
	... 12 more
2025-04-23 14:39:34,978 [b2165e39-3e51-4fdf-a7c8-80f70bfd3a27@group-ECB7CE52C1ED-FollowerState] INFO  impl.FollowerState (FollowerState.java:runImpl(161)) - b2165e39-3e51-4fdf-a7c8-80f70bfd3a27@group-ECB7CE52C1ED-FollowerState: change to CANDIDATE, lastRpcElapsedTime:1064618255ns, electionTimeout:1064ms
2025-04-23 14:39:34,978 [b2165e39-3e51-4fdf-a7c8-80f70bfd3a27@group-ECB7CE52C1ED-FollowerState] INFO  impl.RoleInfo (RoleInfo.java:shutdownFollowerState(121)) - b2165e39-3e51-4fdf-a7c8-80f70bfd3a27: shutdown b2165e39-3e51-4fdf-a7c8-80f70bfd3a27@group-ECB7CE52C1ED-FollowerState
2025-04-23 14:39:34,978 [b2165e39-3e51-4fdf-a7c8-80f70bfd3a27@group-ECB7CE52C1ED-FollowerState] INFO  server.RaftServer$Division (RaftServerImpl.java:setRole(378)) - b2165e39-3e51-4fdf-a7c8-80f70bfd3a27@group-ECB7CE52C1ED: changes role from  FOLLOWER to CANDIDATE at term 0 for changeToCandidate
2025-04-23 14:39:34,979 [b2165e39-3e51-4fdf-a7c8-80f70bfd3a27@group-ECB7CE52C1ED-FollowerState] INFO  server.RaftServerConfigKeys (ConfUtils.java:logGet(46)) - raft.server.leaderelection.pre-vote = true (default)
2025-04-23 14:39:34,979 [b2165e39-3e51-4fdf-a7c8-80f70bfd3a27@group-ECB7CE52C1ED-FollowerState] INFO  impl.RoleInfo (RoleInfo.java:updateAndGet(148)) - b2165e39-3e51-4fdf-a7c8-80f70bfd3a27: start b2165e39-3e51-4fdf-a7c8-80f70bfd3a27@group-ECB7CE52C1ED-LeaderElection44
2025-04-23 14:39:34,979 [b2165e39-3e51-4fdf-a7c8-80f70bfd3a27@group-ECB7CE52C1ED-LeaderElection44] INFO  impl.LeaderElection (LeaderElection.java:askForVotes(332)) - b2165e39-3e51-4fdf-a7c8-80f70bfd3a27@group-ECB7CE52C1ED-LeaderElection44 PRE_VOTE round 0: submit vote requests at term 0 for conf: {index: -1, cur=peers:[b2165e39-3e51-4fdf-a7c8-80f70bfd3a27|127.0.0.1:15073]|listeners:[], old=null}
2025-04-23 14:39:34,979 [b2165e39-3e51-4fdf-a7c8-80f70bfd3a27@group-ECB7CE52C1ED-LeaderElection44] INFO  impl.LeaderElection (LeaderElection.java:askForVotes(334)) - b2165e39-3e51-4fdf-a7c8-80f70bfd3a27@group-ECB7CE52C1ED-LeaderElection44 PRE_VOTE round 0: result PASSED (term=0)
2025-04-23 14:39:34,980 [b2165e39-3e51-4fdf-a7c8-80f70bfd3a27@group-ECB7CE52C1ED-LeaderElection44] INFO  impl.LeaderElection (LeaderElection.java:askForVotes(332)) - b2165e39-3e51-4fdf-a7c8-80f70bfd3a27@group-ECB7CE52C1ED-LeaderElection44 ELECTION round 0: submit vote requests at term 1 for conf: {index: -1, cur=peers:[b2165e39-3e51-4fdf-a7c8-80f70bfd3a27|127.0.0.1:15073]|listeners:[], old=null}
2025-04-23 14:39:34,980 [b2165e39-3e51-4fdf-a7c8-80f70bfd3a27@group-ECB7CE52C1ED-LeaderElection44] INFO  impl.LeaderElection (LeaderElection.java:askForVotes(334)) - b2165e39-3e51-4fdf-a7c8-80f70bfd3a27@group-ECB7CE52C1ED-LeaderElection44 ELECTION round 0: result PASSED (term=1)
2025-04-23 14:39:34,980 [b2165e39-3e51-4fdf-a7c8-80f70bfd3a27@group-ECB7CE52C1ED-LeaderElection44] INFO  impl.RoleInfo (RoleInfo.java:shutdownLeaderElection(141)) - b2165e39-3e51-4fdf-a7c8-80f70bfd3a27: shutdown b2165e39-3e51-4fdf-a7c8-80f70bfd3a27@group-ECB7CE52C1ED-LeaderElection44
2025-04-23 14:39:34,980 [b2165e39-3e51-4fdf-a7c8-80f70bfd3a27@group-ECB7CE52C1ED-LeaderElection44] INFO  server.RaftServer$Division (RaftServerImpl.java:setRole(378)) - b2165e39-3e51-4fdf-a7c8-80f70bfd3a27@group-ECB7CE52C1ED: changes role from CANDIDATE to LEADER at term 1 for changeToLeader
2025-04-23 14:39:34,980 [b2165e39-3e51-4fdf-a7c8-80f70bfd3a27@group-ECB7CE52C1ED-LeaderElection44] INFO  server.RaftServerConfigKeys (ConfUtils.java:logGet(46)) - raft.server.staging.catchup.gap = 1000 (default)
2025-04-23 14:39:34,981 [b2165e39-3e51-4fdf-a7c8-80f70bfd3a27@group-ECB7CE52C1ED-LeaderElection44] INFO  server.RaftServerConfigKeys (ConfUtils.java:logGet(46)) - raft.server.write.element-limit = 1024 (custom)
2025-04-23 14:39:34,981 [b2165e39-3e51-4fdf-a7c8-80f70bfd3a27@group-ECB7CE52C1ED-LeaderElection44] INFO  server.RaftServerConfigKeys (ConfUtils.java:logGet(46)) - raft.server.write.byte-limit = 1024 M (=1073741824) (custom)
2025-04-23 14:39:34,981 [b2165e39-3e51-4fdf-a7c8-80f70bfd3a27@group-ECB7CE52C1ED-LeaderElection44] INFO  server.RaftServerConfigKeys (ConfUtils.java:logGet(46)) - raft.server.watch.timeout = 30s (custom)
2025-04-23 14:39:34,981 [b2165e39-3e51-4fdf-a7c8-80f70bfd3a27@group-ECB7CE52C1ED-LeaderElection44] INFO  server.RaftServerConfigKeys (ConfUtils.java:logGet(46)) - raft.server.watch.timeout.denomination = 1s (default)
2025-04-23 14:39:34,981 [b2165e39-3e51-4fdf-a7c8-80f70bfd3a27@group-ECB7CE52C1ED-LeaderElection44] INFO  server.RaftServerConfigKeys (ConfUtils.java:logGet(46)) - raft.server.watch.element-limit = 65536 (default)
2025-04-23 14:39:34,982 [b2165e39-3e51-4fdf-a7c8-80f70bfd3a27@group-ECB7CE52C1ED-LeaderElection44] INFO  server.RaftServerConfigKeys (ConfUtils.java:logGet(46)) - raft.server.read.leader.lease.enabled = false (default)
2025-04-23 14:39:34,982 [b2165e39-3e51-4fdf-a7c8-80f70bfd3a27@group-ECB7CE52C1ED-LeaderElection44] INFO  server.RaftServerConfigKeys (ConfUtils.java:logGet(46)) - raft.server.read.leader.lease.timeout.ratio = 0.9 (default)
2025-04-23 14:39:34,982 [b2165e39-3e51-4fdf-a7c8-80f70bfd3a27@group-ECB7CE52C1ED-LeaderElection44] INFO  server.RaftServerConfigKeys (ConfUtils.java:logGet(46)) - raft.server.rpc.timeout.min = 5s (custom)
2025-04-23 14:39:34,982 [b2165e39-3e51-4fdf-a7c8-80f70bfd3a27@group-ECB7CE52C1ED-LeaderElection44] INFO  server.RaftServerConfigKeys (ConfUtils.java:logGet(46)) - raft.server.log.log-metadata.enabled = true (default)
2025-04-23 14:39:34,982 [b2165e39-3e51-4fdf-a7c8-80f70bfd3a27@group-ECB7CE52C1ED-LeaderElection44] INFO  server.RaftServerConfigKeys (ConfUtils.java:logGet(46)) - raft.server.write.element-limit = 1024 (custom)
2025-04-23 14:39:34,982 [b2165e39-3e51-4fdf-a7c8-80f70bfd3a27@group-ECB7CE52C1ED-LeaderElection44] INFO  server.RaftServerConfigKeys (ConfUtils.java:logGet(46)) - raft.server.write.follower.gap.ratio.max = -1.0 (default)
2025-04-23 14:39:34,983 [b2165e39-3e51-4fdf-a7c8-80f70bfd3a27@group-ECB7CE52C1ED-LeaderElection44] INFO  impl.RoleInfo (RoleInfo.java:updateAndGet(148)) - b2165e39-3e51-4fdf-a7c8-80f70bfd3a27: start b2165e39-3e51-4fdf-a7c8-80f70bfd3a27@group-ECB7CE52C1ED-LeaderStateImpl
2025-04-23 14:39:34,983 [b2165e39-3e51-4fdf-a7c8-80f70bfd3a27@group-ECB7CE52C1ED-LeaderElection44] INFO  server.RaftServer$Division (RaftServerImpl.java:setFirstElection(562)) - b2165e39-3e51-4fdf-a7c8-80f70bfd3a27@group-ECB7CE52C1ED: set firstElectionSinceStartup to false for becomeLeader
2025-04-23 14:39:34,983 [b2165e39-3e51-4fdf-a7c8-80f70bfd3a27@group-ECB7CE52C1ED-LeaderElection44] INFO  ratis.XceiverServerRatis (XceiverServerRatis.java:handleLeaderChangedNotification(942)) - Leader change notification received for group: group-ECB7CE52C1ED with new leaderId: b2165e39-3e51-4fdf-a7c8-80f70bfd3a27
2025-04-23 14:39:34,983 [b2165e39-3e51-4fdf-a7c8-80f70bfd3a27@group-ECB7CE52C1ED-LeaderElection44] INFO  server.RaftServer$Division (ServerState.java:setLeader(272)) - b2165e39-3e51-4fdf-a7c8-80f70bfd3a27@group-ECB7CE52C1ED: change Leader from null to b2165e39-3e51-4fdf-a7c8-80f70bfd3a27 at term 1 for becomeLeader, leader elected after 1081ms
2025-04-23 14:39:34,983 [b2165e39-3e51-4fdf-a7c8-80f70bfd3a27@group-ECB7CE52C1ED-LeaderElection44] INFO  segmented.SegmentedRaftLogWorker (SegmentedRaftLogWorker.java:startLogSegment(438)) - b2165e39-3e51-4fdf-a7c8-80f70bfd3a27@group-ECB7CE52C1ED-SegmentedRaftLogWorker: Starting segment from index:0
2025-04-23 14:39:34,983 [b2165e39-3e51-4fdf-a7c8-80f70bfd3a27@group-ECB7CE52C1ED-LeaderElection44] INFO  server.RaftServer$Division (ServerState.java:setRaftConf(386)) - b2165e39-3e51-4fdf-a7c8-80f70bfd3a27@group-ECB7CE52C1ED: set configuration conf: {index: 0, cur=peers:[b2165e39-3e51-4fdf-a7c8-80f70bfd3a27|127.0.0.1:15073]|listeners:[], old=null}
2025-04-23 14:39:34,983 [b2165e39-3e51-4fdf-a7c8-80f70bfd3a27@group-ECB7CE52C1ED-SegmentedRaftLogWorker] INFO  segmented.BufferedWriteChannel (BufferedWriteChannel.java:open(61)) - open log_inprogress_0 at position 0
2025-04-23 14:39:34,992 [b2165e39-3e51-4fdf-a7c8-80f70bfd3a27@group-ECB7CE52C1ED-SegmentedRaftLogWorker] INFO  segmented.SegmentedRaftLogWorker (SegmentedRaftLogWorker.java:execute(644)) - b2165e39-3e51-4fdf-a7c8-80f70bfd3a27@group-ECB7CE52C1ED-SegmentedRaftLogWorker: created new log segment /home/runner/work/ozone/ozone/hadoop-ozone/integration-test/target/test-dir/MiniOzoneClusterImpl-feea018d-8976-442b-acbc-fedf3986ffa5/ozone-meta/datanode-2/ratis/55473919-b61a-496b-af91-ecb7ce52c1ed/current/log_inprogress_0
2025-04-23 14:39:34,993 [b2165e39-3e51-4fdf-a7c8-80f70bfd3a27@group-ECB7CE52C1ED-StateMachineUpdater] INFO  server.RaftServer$Division (LeaderStateImpl.java:checkStartIndex(313)) - Leader b2165e39-3e51-4fdf-a7c8-80f70bfd3a27@group-ECB7CE52C1ED-LeaderStateImpl is ready since appliedIndex == startIndex == 0
2025-04-23 14:39:35,260 [0b100b3f-2f19-4793-aa85-7b90340ffd9b@group-7F3DA2AF8ED8-FollowerState] INFO  impl.FollowerState (FollowerState.java:runImpl(161)) - 0b100b3f-2f19-4793-aa85-7b90340ffd9b@group-7F3DA2AF8ED8-FollowerState: change to CANDIDATE, lastRpcElapsedTime:1165445080ns, electionTimeout:1165ms
2025-04-23 14:39:35,261 [0b100b3f-2f19-4793-aa85-7b90340ffd9b@group-7F3DA2AF8ED8-FollowerState] INFO  impl.RoleInfo (RoleInfo.java:shutdownFollowerState(121)) - 0b100b3f-2f19-4793-aa85-7b90340ffd9b: shutdown 0b100b3f-2f19-4793-aa85-7b90340ffd9b@group-7F3DA2AF8ED8-FollowerState
2025-04-23 14:39:35,261 [0b100b3f-2f19-4793-aa85-7b90340ffd9b@group-7F3DA2AF8ED8-FollowerState] INFO  server.RaftServer$Division (RaftServerImpl.java:setRole(378)) - 0b100b3f-2f19-4793-aa85-7b90340ffd9b@group-7F3DA2AF8ED8: changes role from  FOLLOWER to CANDIDATE at term 0 for changeToCandidate
2025-04-23 14:39:35,261 [0b100b3f-2f19-4793-aa85-7b90340ffd9b@group-7F3DA2AF8ED8-FollowerState] INFO  server.RaftServerConfigKeys (ConfUtils.java:logGet(46)) - raft.server.leaderelection.pre-vote = true (default)
2025-04-23 14:39:35,261 [0b100b3f-2f19-4793-aa85-7b90340ffd9b@group-7F3DA2AF8ED8-FollowerState] INFO  impl.RoleInfo (RoleInfo.java:updateAndGet(148)) - 0b100b3f-2f19-4793-aa85-7b90340ffd9b: start 0b100b3f-2f19-4793-aa85-7b90340ffd9b@group-7F3DA2AF8ED8-LeaderElection45
2025-04-23 14:39:35,261 [0b100b3f-2f19-4793-aa85-7b90340ffd9b@group-7F3DA2AF8ED8-LeaderElection45] INFO  impl.LeaderElection (LeaderElection.java:askForVotes(332)) - 0b100b3f-2f19-4793-aa85-7b90340ffd9b@group-7F3DA2AF8ED8-LeaderElection45 PRE_VOTE round 0: submit vote requests at term 0 for conf: {index: -1, cur=peers:[0b100b3f-2f19-4793-aa85-7b90340ffd9b|127.0.0.1:15081]|listeners:[], old=null}
2025-04-23 14:39:35,261 [0b100b3f-2f19-4793-aa85-7b90340ffd9b@group-7F3DA2AF8ED8-LeaderElection45] INFO  impl.LeaderElection (LeaderElection.java:askForVotes(334)) - 0b100b3f-2f19-4793-aa85-7b90340ffd9b@group-7F3DA2AF8ED8-LeaderElection45 PRE_VOTE round 0: result PASSED (term=0)
2025-04-23 14:39:35,262 [0b100b3f-2f19-4793-aa85-7b90340ffd9b@group-7F3DA2AF8ED8-LeaderElection45] INFO  impl.LeaderElection (LeaderElection.java:askForVotes(332)) - 0b100b3f-2f19-4793-aa85-7b90340ffd9b@group-7F3DA2AF8ED8-LeaderElection45 ELECTION round 0: submit vote requests at term 1 for conf: {index: -1, cur=peers:[0b100b3f-2f19-4793-aa85-7b90340ffd9b|127.0.0.1:15081]|listeners:[], old=null}
2025-04-23 14:39:35,262 [0b100b3f-2f19-4793-aa85-7b90340ffd9b@group-7F3DA2AF8ED8-LeaderElection45] INFO  impl.LeaderElection (LeaderElection.java:askForVotes(334)) - 0b100b3f-2f19-4793-aa85-7b90340ffd9b@group-7F3DA2AF8ED8-LeaderElection45 ELECTION round 0: result PASSED (term=1)
2025-04-23 14:39:35,262 [0b100b3f-2f19-4793-aa85-7b90340ffd9b@group-7F3DA2AF8ED8-LeaderElection45] INFO  impl.RoleInfo (RoleInfo.java:shutdownLeaderElection(141)) - 0b100b3f-2f19-4793-aa85-7b90340ffd9b: shutdown 0b100b3f-2f19-4793-aa85-7b90340ffd9b@group-7F3DA2AF8ED8-LeaderElection45
2025-04-23 14:39:35,262 [0b100b3f-2f19-4793-aa85-7b90340ffd9b@group-7F3DA2AF8ED8-LeaderElection45] INFO  server.RaftServer$Division (RaftServerImpl.java:setRole(378)) - 0b100b3f-2f19-4793-aa85-7b90340ffd9b@group-7F3DA2AF8ED8: changes role from CANDIDATE to LEADER at term 1 for changeToLeader
2025-04-23 14:39:35,262 [0b100b3f-2f19-4793-aa85-7b90340ffd9b@group-7F3DA2AF8ED8-LeaderElection45] INFO  server.RaftServerConfigKeys (ConfUtils.java:logGet(46)) - raft.server.staging.catchup.gap = 1000 (default)
2025-04-23 14:39:35,263 [0b100b3f-2f19-4793-aa85-7b90340ffd9b@group-7F3DA2AF8ED8-LeaderElection45] INFO  server.RaftServerConfigKeys (ConfUtils.java:logGet(46)) - raft.server.write.element-limit = 1024 (custom)
2025-04-23 14:39:35,263 [0b100b3f-2f19-4793-aa85-7b90340ffd9b@group-7F3DA2AF8ED8-LeaderElection45] INFO  server.RaftServerConfigKeys (ConfUtils.java:logGet(46)) - raft.server.write.byte-limit = 1024 M (=1073741824) (custom)
2025-04-23 14:39:35,263 [0b100b3f-2f19-4793-aa85-7b90340ffd9b@group-7F3DA2AF8ED8-LeaderElection45] INFO  server.RaftServerConfigKeys (ConfUtils.java:logGet(46)) - raft.server.watch.timeout = 30s (custom)
2025-04-23 14:39:35,263 [0b100b3f-2f19-4793-aa85-7b90340ffd9b@group-7F3DA2AF8ED8-LeaderElection45] INFO  server.RaftServerConfigKeys (ConfUtils.java:logGet(46)) - raft.server.watch.timeout.denomination = 1s (default)
2025-04-23 14:39:35,263 [0b100b3f-2f19-4793-aa85-7b90340ffd9b@group-7F3DA2AF8ED8-LeaderElection45] INFO  server.RaftServerConfigKeys (ConfUtils.java:logGet(46)) - raft.server.watch.element-limit = 65536 (default)
2025-04-23 14:39:35,263 [0b100b3f-2f19-4793-aa85-7b90340ffd9b@group-7F3DA2AF8ED8-LeaderElection45] INFO  server.RaftServerConfigKeys (ConfUtils.java:logGet(46)) - raft.server.read.leader.lease.enabled = false (default)
2025-04-23 14:39:35,263 [0b100b3f-2f19-4793-aa85-7b90340ffd9b@group-7F3DA2AF8ED8-LeaderElection45] INFO  server.RaftServerConfigKeys (ConfUtils.java:logGet(46)) - raft.server.read.leader.lease.timeout.ratio = 0.9 (default)
2025-04-23 14:39:35,263 [0b100b3f-2f19-4793-aa85-7b90340ffd9b@group-7F3DA2AF8ED8-LeaderElection45] INFO  server.RaftServerConfigKeys (ConfUtils.java:logGet(46)) - raft.server.rpc.timeout.min = 5s (custom)
2025-04-23 14:39:35,264 [0b100b3f-2f19-4793-aa85-7b90340ffd9b@group-7F3DA2AF8ED8-LeaderElection45] INFO  server.RaftServerConfigKeys (ConfUtils.java:logGet(46)) - raft.server.log.log-metadata.enabled = true (default)
2025-04-23 14:39:35,264 [0b100b3f-2f19-4793-aa85-7b90340ffd9b@group-7F3DA2AF8ED8-LeaderElection45] INFO  server.RaftServerConfigKeys (ConfUtils.java:logGet(46)) - raft.server.write.element-limit = 1024 (custom)
2025-04-23 14:39:35,264 [0b100b3f-2f19-4793-aa85-7b90340ffd9b@group-7F3DA2AF8ED8-LeaderElection45] INFO  server.RaftServerConfigKeys (ConfUtils.java:logGet(46)) - raft.server.write.follower.gap.ratio.max = -1.0 (default)
2025-04-23 14:39:35,264 [0b100b3f-2f19-4793-aa85-7b90340ffd9b@group-7F3DA2AF8ED8-LeaderElection45] INFO  impl.RoleInfo (RoleInfo.java:updateAndGet(148)) - 0b100b3f-2f19-4793-aa85-7b90340ffd9b: start 0b100b3f-2f19-4793-aa85-7b90340ffd9b@group-7F3DA2AF8ED8-LeaderStateImpl
2025-04-23 14:39:35,264 [0b100b3f-2f19-4793-aa85-7b90340ffd9b@group-7F3DA2AF8ED8-LeaderElection45] INFO  server.RaftServer$Division (RaftServerImpl.java:setFirstElection(562)) - 0b100b3f-2f19-4793-aa85-7b90340ffd9b@group-7F3DA2AF8ED8: set firstElectionSinceStartup to false for becomeLeader
2025-04-23 14:39:35,264 [0b100b3f-2f19-4793-aa85-7b90340ffd9b@group-7F3DA2AF8ED8-LeaderElection45] INFO  ratis.XceiverServerRatis (XceiverServerRatis.java:handleLeaderChangedNotification(942)) - Leader change notification received for group: group-7F3DA2AF8ED8 with new leaderId: 0b100b3f-2f19-4793-aa85-7b90340ffd9b
2025-04-23 14:39:35,264 [0b100b3f-2f19-4793-aa85-7b90340ffd9b@group-7F3DA2AF8ED8-LeaderElection45] INFO  server.RaftServer$Division (ServerState.java:setLeader(272)) - 0b100b3f-2f19-4793-aa85-7b90340ffd9b@group-7F3DA2AF8ED8: change Leader from null to 0b100b3f-2f19-4793-aa85-7b90340ffd9b at term 1 for becomeLeader, leader elected after 1181ms
2025-04-23 14:39:35,264 [0b100b3f-2f19-4793-aa85-7b90340ffd9b@group-7F3DA2AF8ED8-LeaderElection45] INFO  segmented.SegmentedRaftLogWorker (SegmentedRaftLogWorker.java:startLogSegment(438)) - 0b100b3f-2f19-4793-aa85-7b90340ffd9b@group-7F3DA2AF8ED8-SegmentedRaftLogWorker: Starting segment from index:0
2025-04-23 14:39:35,264 [0b100b3f-2f19-4793-aa85-7b90340ffd9b@group-7F3DA2AF8ED8-LeaderElection45] INFO  server.RaftServer$Division (ServerState.java:setRaftConf(386)) - 0b100b3f-2f19-4793-aa85-7b90340ffd9b@group-7F3DA2AF8ED8: set configuration conf: {index: 0, cur=peers:[0b100b3f-2f19-4793-aa85-7b90340ffd9b|127.0.0.1:15081]|listeners:[], old=null}
2025-04-23 14:39:35,264 [0b100b3f-2f19-4793-aa85-7b90340ffd9b@group-7F3DA2AF8ED8-SegmentedRaftLogWorker] INFO  segmented.BufferedWriteChannel (BufferedWriteChannel.java:open(61)) - open log_inprogress_0 at position 0
2025-04-23 14:39:35,272 [0b100b3f-2f19-4793-aa85-7b90340ffd9b@group-7F3DA2AF8ED8-SegmentedRaftLogWorker] INFO  segmented.SegmentedRaftLogWorker (SegmentedRaftLogWorker.java:execute(644)) - 0b100b3f-2f19-4793-aa85-7b90340ffd9b@group-7F3DA2AF8ED8-SegmentedRaftLogWorker: created new log segment /home/runner/work/ozone/ozone/hadoop-ozone/integration-test/target/test-dir/MiniOzoneClusterImpl-feea018d-8976-442b-acbc-fedf3986ffa5/ozone-meta/datanode-3/ratis/2d861e36-1cfe-4e49-b4b6-7f3da2af8ed8/current/log_inprogress_0
2025-04-23 14:39:35,274 [0b100b3f-2f19-4793-aa85-7b90340ffd9b@group-7F3DA2AF8ED8-StateMachineUpdater] INFO  server.RaftServer$Division (LeaderStateImpl.java:checkStartIndex(313)) - Leader 0b100b3f-2f19-4793-aa85-7b90340ffd9b@group-7F3DA2AF8ED8-LeaderStateImpl is ready since appliedIndex == startIndex == 0
2025-04-23 14:39:35,581 [main] INFO  ozone.MiniOzoneClusterImpl (MiniOzoneClusterImpl.java:lambda$waitForClusterToBeReady$0(190)) - Nodes are ready. Got 3 of 3 DN Heartbeats.
2025-04-23 14:39:35,581 [main] INFO  ozone.MiniOzoneClusterImpl (MiniOzoneClusterImpl.java:lambda$waitForClusterToBeReady$0(193)) - Cluster exits safe mode
2025-04-23 14:39:35,581 [main] INFO  ozone.MiniOzoneClusterImpl (MiniOzoneClusterImpl.java:lambda$waitForClusterToBeReady$0(195)) - SCM became leader
2025-04-23 14:39:35,587 [main] INFO  rpc.RpcClient (RpcClient.java:createVolume(462)) - Creating Volume: volume74259, with user27732 as owner and space quota set to -1 bytes, counts quota set to -1
2025-04-23 14:39:35,601 [omNode-2-OMStateMachineApplyTransactionThread - 0] WARN  helpers.OzoneAclUtil (OzoneAclUtil.java:getDefaultAclList(77)) - Failed to get primary group from user user27732 (auth:SIMPLE)
2025-04-23 14:39:35,601 [omNode-3-OMStateMachineApplyTransactionThread - 0] WARN  helpers.OzoneAclUtil (OzoneAclUtil.java:getDefaultAclList(77)) - Failed to get primary group from user user27732 (auth:SIMPLE)
2025-04-23 14:39:35,601 [omNode-1-OMStateMachineApplyTransactionThread - 0] WARN  helpers.OzoneAclUtil (OzoneAclUtil.java:getDefaultAclList(77)) - Failed to get primary group from user user27732 (auth:SIMPLE)
2025-04-23 14:39:35,602 [omNode-2-OMStateMachineApplyTransactionThread - 0] INFO  volume.OMVolumeCreateRequest (OMVolumeCreateRequest.java:validateAndUpdateCache(203)) - created volume:volume74259 for user:user27732
2025-04-23 14:39:35,602 [omNode-1-OMStateMachineApplyTransactionThread - 0] INFO  volume.OMVolumeCreateRequest (OMVolumeCreateRequest.java:validateAndUpdateCache(203)) - created volume:volume74259 for user:user27732
2025-04-23 14:39:35,602 [omNode-3-OMStateMachineApplyTransactionThread - 0] INFO  volume.OMVolumeCreateRequest (OMVolumeCreateRequest.java:validateAndUpdateCache(203)) - created volume:volume74259 for user:user27732
2025-04-23 14:39:35,604 [main] INFO  rpc.RpcClient (RpcClient.java:createBucket(687)) - Creating Bucket: volume74259/bucket36652, with server-side default bucket layout, runner as owner, Versioning false, Storage Type set to DISK and Encryption set to false, Replication Type set to server-side default replication type, Namespace Quota set to -1, Space Quota set to -1 
2025-04-23 14:39:35,607 [omNode-1-OMStateMachineApplyTransactionThread - 0] INFO  bucket.OMBucketCreateRequest (OMBucketCreateRequest.java:validateAndUpdateCache(291)) - created bucket: bucket36652 of layout OBJECT_STORE in volume: volume74259
2025-04-23 14:39:35,608 [omNode-2-OMStateMachineApplyTransactionThread - 0] INFO  bucket.OMBucketCreateRequest (OMBucketCreateRequest.java:validateAndUpdateCache(291)) - created bucket: bucket36652 of layout OBJECT_STORE in volume: volume74259
2025-04-23 14:39:35,609 [omNode-3-OMStateMachineApplyTransactionThread - 0] INFO  bucket.OMBucketCreateRequest (OMBucketCreateRequest.java:validateAndUpdateCache(291)) - created bucket: bucket36652 of layout OBJECT_STORE in volume: volume74259
2025-04-23 14:39:35,613 [IPC Server handler 8 on default port 15043] INFO  ha.SequenceIdGenerator (SequenceIdGenerator.java:getNextId(143)) - Allocate a batch for containerId, change lastId from 0 to 1000.
2025-04-23 14:39:35,615 [6229d4c2-9d37-4ba8-b373-d0f9d49f2b38@group-FEDF3986FFA5-StateMachineUpdater] WARN  ha.SequenceIdGenerator (SequenceIdGenerator.java:allocateBatch(256)) - Failed to allocate a batch for localId, expected lastId is 0, actual lastId is 115816896921600000.
2025-04-23 14:39:35,616 [IPC Server handler 8 on default port 15043] INFO  ha.SequenceIdGenerator (SequenceIdGenerator.java:getNextId(143)) - Allocate a batch for localId, change lastId from 115816896921600000 to 115816896921601000.
2025-04-23 14:39:35,844 [main] INFO  om.OzoneManager (OzoneManager.java:stop(2347)) - omNode-3[localhost:15056]: Stopping Ozone Manager
2025-04-23 14:39:35,844 [main] INFO  ipc.Server (Server.java:stop(3697)) - Stopping server on 15056
2025-04-23 14:39:35,847 [IPC Server listener on 15056] INFO  ipc.Server (Server.java:run(1585)) - Stopping IPC Server listener on 15056
2025-04-23 14:39:35,847 [IPC Server Responder] INFO  ipc.Server (Server.java:run(1718)) - Stopping IPC Server Responder
2025-04-23 14:39:35,860 [main] INFO  ratis.OzoneManagerRatisServer (OzoneManagerRatisServer.java:stop(634)) - Stopping org.apache.hadoop.ozone.om.ratis.OzoneManagerRatisServer@3bc6ce0 at port 15059
2025-04-23 14:39:35,860 [main] INFO  server.RaftServer (RaftServerProxy.java:lambda$close$9(417)) - omNode-3: close
2025-04-23 14:39:35,861 [main] INFO  server.GrpcService (GrpcService.java:closeImpl(343)) - omNode-3: shutdown server GrpcServerProtocolService now
2025-04-23 14:39:35,861 [omNode-3-impl-thread1] INFO  server.RaftServer$Division (RaftServerImpl.java:lambda$close$1(513)) - omNode-3@group-523986131536: shutdown
2025-04-23 14:39:35,861 [omNode-3-impl-thread1] INFO  util.JmxRegister (JmxRegister.java:unregister(74)) - Successfully un-registered JMX Bean with object name Ratis:service=RaftServer,group=group-523986131536,id=omNode-3
2025-04-23 14:39:35,861 [omNode-3-impl-thread1] INFO  impl.RoleInfo (RoleInfo.java:shutdownFollowerState(121)) - omNode-3: shutdown omNode-3@group-523986131536-FollowerState
2025-04-23 14:39:35,861 [grpc-default-executor-4] WARN  server.GrpcServerProtocolService (LogUtils.java:warn(121)) - omNode-3: APPEND_ENTRIES onError, lastRequest: null: org.apache.ratis.thirdparty.io.grpc.StatusRuntimeException: CANCELLED: client cancelled
2025-04-23 14:39:35,862 [omNode-3@group-523986131536-FollowerState] INFO  impl.FollowerState (FollowerState.java:runImpl(170)) - omNode-3@group-523986131536-FollowerState was interrupted
2025-04-23 14:39:35,862 [grpc-default-executor-4] WARN  server.GrpcLogAppender (LogUtils.java:warn(121)) - omNode-1@group-523986131536->omNode-3-AppendLogResponseHandler: Failed appendEntries: org.apache.ratis.thirdparty.io.grpc.StatusRuntimeException: CANCELLED: RST_STREAM closed stream. HTTP/2 error code: CANCEL
2025-04-23 14:39:35,862 [grpc-default-executor-4] WARN  server.GrpcLogAppender (GrpcLogAppender.java:lambda$resetClient$1(221)) - omNode-1@group-523986131536->omNode-3-GrpcLogAppender: Follower failed (request=null, errorCount=1); keep nextIndex (45) unchanged and retry.
2025-04-23 14:39:35,862 [omNode-3-impl-thread1] INFO  impl.StateMachineUpdater (StateMachineUpdater.java:stopAndJoin(164)) - omNode-3@group-523986131536-StateMachineUpdater: set stopIndex = 43
2025-04-23 14:39:35,863 [main] INFO  server.GrpcService (GrpcService.java:closeImpl(352)) - omNode-3: shutdown server GrpcServerProtocolService successfully
2025-04-23 14:39:35,864 [grpc-default-executor-3] WARN  server.GrpcServerProtocolService (LogUtils.java:warn(121)) - omNode-3: APPEND_ENTRIES onError, lastRequest: omNode-1->omNode-3#1017-t1,previous=(t:1, i:43),leaderCommit=43,initializing? false,entries: size=1, first=(t:1, i:44), METADATAENTRY(c:43): org.apache.ratis.thirdparty.io.grpc.StatusRuntimeException: CANCELLED: client cancelled
2025-04-23 14:39:35,882 [omNode-3@group-523986131536-StateMachineUpdater] INFO  ratis.OzoneManagerStateMachine (OzoneManagerStateMachine.java:takeSnapshotImpl(510)) - omNode-3: taking snapshot. applied = (t:1, i:43), skipped = 41, notified = (t:1, i:42), current snapshot index = (t:1, i:43), took 21 ms
2025-04-23 14:39:35,882 [omNode-3@group-523986131536-StateMachineUpdater] INFO  impl.StateMachineUpdater (StateMachineUpdater.java:takeSnapshot(303)) - omNode-3@group-523986131536-StateMachineUpdater: Took a snapshot at index 43
2025-04-23 14:39:35,882 [omNode-3@group-523986131536-StateMachineUpdater] INFO  impl.StateMachineUpdater (StateMachineUpdater.java:lambda$new$0(102)) - omNode-3@group-523986131536-StateMachineUpdater: snapshotIndex: updateIncreasingly -1 -> 43
2025-04-23 14:39:35,882 [omNode-3@group-523986131536-StateMachineUpdater] INFO  impl.StateMachineUpdater (StateMachineUpdater.java:stop(141)) - omNode-3@group-523986131536-StateMachineUpdater: closing OzoneManagerStateMachine, lastApplied=(t:1, i:43)
2025-04-23 14:39:35,882 [omNode-3@group-523986131536-StateMachineUpdater] INFO  ratis.OzoneManagerStateMachine (OzoneManagerStateMachine.java:close(550)) - Stopping OzoneManagerStateMachine:omNode-3:group-523986131536.
2025-04-23 14:39:35,882 [omNode-3@group-523986131536-StateMachineUpdater] INFO  ratis.OzoneManagerDoubleBuffer (OzoneManagerDoubleBuffer.java:stopDaemon(500)) - Stopping OMDoubleBuffer flush thread
2025-04-23 14:39:35,882 [omNode-3-OMDoubleBufferFlushThread] INFO  ratis.OzoneManagerDoubleBuffer (OzoneManagerDoubleBuffer.java:canFlush(559)) - OMDoubleBuffer flush thread omNode-3-OMDoubleBufferFlushThread is interrupted and will exit.
2025-04-23 14:39:35,883 [omNode-3@group-523986131536-cacheEviction-AwaitToRun] INFO  util.AwaitToRun (AwaitToRun.java:run(49)) - omNode-3@group-523986131536-cacheEviction-AwaitToRun-AwaitForSignal is interrupted
2025-04-23 14:39:36,843 [omNode-3-impl-thread1] INFO  segmented.SegmentedRaftLogWorker (SegmentedRaftLogWorker.java:close(252)) - omNode-3@group-523986131536-SegmentedRaftLogWorker close()
2025-04-23 14:39:36,844 [JvmPauseMonitor45] INFO  util.JvmPauseMonitor (JvmPauseMonitor.java:run(152)) - JvmPauseMonitor-omNode-3: Stopped
2025-04-23 14:39:36,844 [main] INFO  utils.BackgroundService (BackgroundService.java:shutdown(161)) - Shutting down service KeyDeletingService
2025-04-23 14:39:36,844 [main] INFO  utils.BackgroundService (BackgroundService.java:shutdown(161)) - Shutting down service DirectoryDeletingService
2025-04-23 14:39:36,845 [main] INFO  utils.BackgroundService (BackgroundService.java:shutdown(161)) - Shutting down service OpenKeyCleanupService
2025-04-23 14:39:36,846 [main] INFO  utils.BackgroundService (BackgroundService.java:shutdown(161)) - Shutting down service SstFilteringService
2025-04-23 14:39:36,846 [main] INFO  utils.BackgroundService (BackgroundService.java:shutdown(161)) - Shutting down service SnapshotDeletingService
2025-04-23 14:39:36,846 [main] INFO  utils.BackgroundService (BackgroundService.java:shutdown(161)) - Shutting down service MultipartUploadCleanupService
2025-04-23 14:39:36,847 [main] INFO  handler.ContextHandler (ContextHandler.java:doStop(1159)) - Stopped o.e.j.w.WebAppContext@5e7172f1{ozoneManager,/,null,STOPPED}{file:/home/runner/work/ozone/ozone/hadoop-ozone/integration-test/target/test-classes/webapps/ozoneManager}
2025-04-23 14:39:36,848 [main] INFO  server.AbstractConnector (AbstractConnector.java:doStop(383)) - Stopped ServerConnector@6ff867e7{HTTP/1.1, (http/1.1)}{0.0.0.0:15057}
2025-04-23 14:39:36,849 [main] INFO  server.session (HouseKeeper.java:stopScavenging(149)) - node0 Stopped scavenging
2025-04-23 14:39:36,849 [main] INFO  handler.ContextHandler (ContextHandler.java:doStop(1159)) - Stopped o.e.j.s.ServletContextHandler@2838817a{static,/static,file:///home/runner/work/ozone/ozone/hadoop-ozone/integration-test/target/test-classes/webapps/static,STOPPED}
2025-04-23 14:39:36,849 [main] INFO  handler.ContextHandler (ContextHandler.java:doStop(1159)) - Stopped o.e.j.s.ServletContextHandler@64319046{logs,/logs,file:///home/runner/work/ozone/ozone/hadoop-ozone/integration-test/target/log,STOPPED}
2025-04-23 14:39:36,850 [main] INFO  rocksdiff.RocksDBCheckpointDiffer (RocksDBCheckpointDiffer.java:close(304)) - Shutting down CompactionDagPruningService.
2025-04-23 14:39:36,852 [main] INFO  snapshot.SnapshotDiffManager (SnapshotDiffManager.java:closeExecutorService(1698)) - Shutting down executorService: 'SnapDiffExecutor'
2025-04-23 14:39:36,852 [main] INFO  utils.BackgroundService (BackgroundService.java:shutdown(161)) - Shutting down service SnapshotDiffCleanupService
2025-04-23 14:39:36,857 [grpc-default-executor-0] WARN  server.GrpcLogAppender (GrpcLogAppender.java:lambda$resetClient$1(221)) - omNode-1@group-523986131536->omNode-3-GrpcLogAppender: Follower failed (request=null, errorCount=9); keep nextIndex (46) unchanged and retry.
2025-04-23 14:39:36,858 [grpc-default-executor-1] WARN  server.GrpcLogAppender (GrpcLogAppender.java:lambda$resetClient$1(221)) - omNode-1@group-523986131536->omNode-3-GrpcLogAppender: Follower failed (request=null, errorCount=11); keep nextIndex (47) unchanged and retry.
2025-04-23 14:39:36,867 [grpc-default-executor-4] WARN  server.GrpcLogAppender (GrpcLogAppender.java:lambda$resetClient$1(221)) - omNode-1@group-523986131536->omNode-3-GrpcLogAppender: Follower failed (request=null, errorCount=13); keep nextIndex (48) unchanged and retry.
2025-04-23 14:39:36,868 [grpc-default-executor-0] WARN  server.GrpcLogAppender (GrpcLogAppender.java:lambda$resetClient$1(221)) - omNode-1@group-523986131536->omNode-3-GrpcLogAppender: Follower failed (request=null, errorCount=15); keep nextIndex (49) unchanged and retry.
2025-04-23 14:39:36,874 [grpc-default-executor-4] WARN  server.GrpcLogAppender (GrpcLogAppender.java:lambda$resetClient$1(221)) - omNode-1@group-523986131536->omNode-3-GrpcLogAppender: Follower failed (request=null, errorCount=17); keep nextIndex (50) unchanged and retry.
2025-04-23 14:39:36,875 [grpc-default-executor-0] WARN  server.GrpcLogAppender (GrpcLogAppender.java:lambda$resetClient$1(221)) - omNode-1@group-523986131536->omNode-3-GrpcLogAppender: Follower failed (request=null, errorCount=19); keep nextIndex (51) unchanged and retry.
2025-04-23 14:39:36,885 [grpc-default-executor-4] WARN  server.GrpcLogAppender (GrpcLogAppender.java:lambda$resetClient$1(221)) - omNode-1@group-523986131536->omNode-3-GrpcLogAppender: Follower failed (request=null, errorCount=21); keep nextIndex (52) unchanged and retry.
2025-04-23 14:39:36,887 [grpc-default-executor-4] WARN  server.GrpcLogAppender (GrpcLogAppender.java:lambda$resetClient$1(221)) - omNode-1@group-523986131536->omNode-3-GrpcLogAppender: Follower failed (request=null, errorCount=23); keep nextIndex (53) unchanged and retry.
2025-04-23 14:39:36,894 [grpc-default-executor-0] WARN  server.GrpcLogAppender (GrpcLogAppender.java:lambda$resetClient$1(221)) - omNode-1@group-523986131536->omNode-3-GrpcLogAppender: Follower failed (request=null, errorCount=25); keep nextIndex (54) unchanged and retry.
2025-04-23 14:39:36,896 [grpc-default-executor-4] WARN  server.GrpcLogAppender (GrpcLogAppender.java:lambda$resetClient$1(221)) - omNode-1@group-523986131536->omNode-3-GrpcLogAppender: Follower failed (request=null, errorCount=27); keep nextIndex (55) unchanged and retry.
2025-04-23 14:39:36,915 [omNode-2@group-523986131536-StateMachineUpdater] INFO  ratis.OzoneManagerStateMachine (OzoneManagerStateMachine.java:takeSnapshotImpl(510)) - omNode-2: taking snapshot. applied = (t:1, i:50), skipped = 49, notified = (t:1, i:50), current snapshot index = (t:1, i:50), took 30 ms
2025-04-23 14:39:36,915 [omNode-2@group-523986131536-StateMachineUpdater] INFO  impl.StateMachineUpdater (StateMachineUpdater.java:takeSnapshot(303)) - omNode-2@group-523986131536-StateMachineUpdater: Took a snapshot at index 50
2025-04-23 14:39:36,915 [omNode-2@group-523986131536-StateMachineUpdater] INFO  impl.StateMachineUpdater (StateMachineUpdater.java:lambda$new$0(102)) - omNode-2@group-523986131536-StateMachineUpdater: snapshotIndex: updateIncreasingly -1 -> 50
2025-04-23 14:39:36,915 [omNode-2@group-523986131536-StateMachineUpdater] INFO  raftlog.RaftLog (RaftLogBase.java:purge(325)) - omNode-2@group-523986131536-SegmentedRaftLog: purge 50
2025-04-23 14:39:36,915 [omNode-2@group-523986131536-StateMachineUpdater] INFO  raftlog.RaftLog (RaftLogBase.java:lambda$new$0(54)) - omNode-2@group-523986131536-SegmentedRaftLog: snapshotIndex: updateIncreasingly -1 -> 50
2025-04-23 14:39:36,915 [omNode-2@group-523986131536-StateMachineUpdater] INFO  raftlog.RaftLog (RaftLogBase.java:lambda$new$0(54)) - omNode-2@group-523986131536-SegmentedRaftLog: purgeIndex: updateToMax old=-1, new=50, updated? true
2025-04-23 14:39:36,916 [omNode-1@group-523986131536-StateMachineUpdater] INFO  ratis.OzoneManagerStateMachine (OzoneManagerStateMachine.java:takeSnapshotImpl(510)) - omNode-1: taking snapshot. applied = (t:1, i:50), skipped = 49, notified = (t:1, i:50), current snapshot index = (t:1, i:50), took 29 ms
2025-04-23 14:39:36,916 [omNode-1@group-523986131536-StateMachineUpdater] INFO  impl.StateMachineUpdater (StateMachineUpdater.java:takeSnapshot(303)) - omNode-1@group-523986131536-StateMachineUpdater: Took a snapshot at index 50
2025-04-23 14:39:36,916 [omNode-1@group-523986131536-StateMachineUpdater] INFO  impl.StateMachineUpdater (StateMachineUpdater.java:lambda$new$0(102)) - omNode-1@group-523986131536-StateMachineUpdater: snapshotIndex: updateIncreasingly -1 -> 50
2025-04-23 14:39:36,916 [omNode-1@group-523986131536-StateMachineUpdater] INFO  raftlog.RaftLog (RaftLogBase.java:purge(325)) - omNode-1@group-523986131536-SegmentedRaftLog: purge 50
2025-04-23 14:39:36,916 [omNode-1@group-523986131536-StateMachineUpdater] INFO  raftlog.RaftLog (RaftLogBase.java:lambda$new$0(54)) - omNode-1@group-523986131536-SegmentedRaftLog: snapshotIndex: updateIncreasingly -1 -> 50
2025-04-23 14:39:36,916 [omNode-1@group-523986131536-StateMachineUpdater] INFO  raftlog.RaftLog (RaftLogBase.java:lambda$new$0(54)) - omNode-1@group-523986131536-SegmentedRaftLog: purgeIndex: updateToMax old=-1, new=50, updated? true
2025-04-23 14:39:36,925 [grpc-default-executor-0] WARN  server.GrpcLogAppender (GrpcLogAppender.java:lambda$resetClient$1(221)) - omNode-1@group-523986131536->omNode-3-GrpcLogAppender: Follower failed (request=null, errorCount=29); keep nextIndex (56) unchanged and retry.
2025-04-23 14:39:36,926 [grpc-default-executor-1] WARN  server.GrpcLogAppender (GrpcLogAppender.java:lambda$resetClient$1(221)) - omNode-1@group-523986131536->omNode-3-GrpcLogAppender: Follower failed (request=null, errorCount=31); keep nextIndex (57) unchanged and retry.
2025-04-23 14:39:36,930 [grpc-default-executor-4] WARN  server.GrpcLogAppender (GrpcLogAppender.java:lambda$resetClient$1(221)) - omNode-1@group-523986131536->omNode-3-GrpcLogAppender: Follower failed (request=null, errorCount=33); keep nextIndex (58) unchanged and retry.
2025-04-23 14:39:36,932 [grpc-default-executor-1] WARN  server.GrpcLogAppender (GrpcLogAppender.java:lambda$resetClient$1(221)) - omNode-1@group-523986131536->omNode-3-GrpcLogAppender: Follower failed (request=null, errorCount=35); keep nextIndex (59) unchanged and retry.
2025-04-23 14:39:36,939 [grpc-default-executor-4] WARN  server.GrpcLogAppender (GrpcLogAppender.java:lambda$resetClient$1(221)) - omNode-1@group-523986131536->omNode-3-GrpcLogAppender: Follower failed (request=null, errorCount=37); keep nextIndex (60) unchanged and retry.
2025-04-23 14:39:36,940 [grpc-default-executor-1] WARN  server.GrpcLogAppender (GrpcLogAppender.java:lambda$resetClient$1(221)) - omNode-1@group-523986131536->omNode-3-GrpcLogAppender: Follower failed (request=null, errorCount=39); keep nextIndex (61) unchanged and retry.
2025-04-23 14:39:36,945 [grpc-default-executor-0] WARN  server.GrpcLogAppender (GrpcLogAppender.java:lambda$resetClient$1(221)) - omNode-1@group-523986131536->omNode-3-GrpcLogAppender: Follower failed (request=null, errorCount=41); keep nextIndex (62) unchanged and retry.
2025-04-23 14:39:36,948 [grpc-default-executor-4] WARN  server.GrpcLogAppender (GrpcLogAppender.java:lambda$resetClient$1(221)) - omNode-1@group-523986131536->omNode-3-GrpcLogAppender: Follower failed (request=null, errorCount=43); keep nextIndex (63) unchanged and retry.
2025-04-23 14:39:36,955 [grpc-default-executor-0] WARN  server.GrpcLogAppender (GrpcLogAppender.java:lambda$resetClient$1(221)) - omNode-1@group-523986131536->omNode-3-GrpcLogAppender: Follower failed (request=null, errorCount=45); keep nextIndex (64) unchanged and retry.
2025-04-23 14:39:36,956 [grpc-default-executor-4] WARN  server.GrpcLogAppender (GrpcLogAppender.java:lambda$resetClient$1(221)) - omNode-1@group-523986131536->omNode-3-GrpcLogAppender: Follower failed (request=null, errorCount=47); keep nextIndex (65) unchanged and retry.
2025-04-23 14:39:36,962 [grpc-default-executor-0] WARN  server.GrpcLogAppender (GrpcLogAppender.java:lambda$resetClient$1(221)) - omNode-1@group-523986131536->omNode-3-GrpcLogAppender: Follower failed (request=null, errorCount=49); keep nextIndex (66) unchanged and retry.
2025-04-23 14:39:36,963 [grpc-default-executor-4] WARN  server.GrpcLogAppender (GrpcLogAppender.java:lambda$resetClient$1(221)) - omNode-1@group-523986131536->omNode-3-GrpcLogAppender: Follower failed (request=null, errorCount=51); keep nextIndex (67) unchanged and retry.
2025-04-23 14:39:36,975 [grpc-default-executor-1] WARN  server.GrpcLogAppender (GrpcLogAppender.java:lambda$resetClient$1(221)) - omNode-1@group-523986131536->omNode-3-GrpcLogAppender: Follower failed (request=null, errorCount=53); keep nextIndex (68) unchanged and retry.
2025-04-23 14:39:36,984 [grpc-default-executor-0] WARN  server.GrpcLogAppender (GrpcLogAppender.java:lambda$resetClient$1(221)) - omNode-1@group-523986131536->omNode-3-GrpcLogAppender: Follower failed (request=null, errorCount=55); keep nextIndex (70) unchanged and retry.
2025-04-23 14:39:36,990 [grpc-default-executor-1] WARN  server.GrpcLogAppender (GrpcLogAppender.java:lambda$resetClient$1(221)) - omNode-1@group-523986131536->omNode-3-GrpcLogAppender: Follower failed (request=null, errorCount=57); keep nextIndex (71) unchanged and retry.
2025-04-23 14:39:36,998 [grpc-default-executor-4] WARN  server.GrpcLogAppender (GrpcLogAppender.java:lambda$resetClient$1(221)) - omNode-1@group-523986131536->omNode-3-GrpcLogAppender: Follower failed (request=null, errorCount=59); keep nextIndex (72) unchanged and retry.
2025-04-23 14:39:37,001 [grpc-default-executor-1] WARN  server.GrpcLogAppender (GrpcLogAppender.java:lambda$resetClient$1(221)) - omNode-1@group-523986131536->omNode-3-GrpcLogAppender: Follower failed (request=null, errorCount=61); keep nextIndex (73) unchanged and retry.
2025-04-23 14:39:37,004 [grpc-default-executor-0] WARN  server.GrpcLogAppender (GrpcLogAppender.java:lambda$resetClient$1(221)) - omNode-1@group-523986131536->omNode-3-GrpcLogAppender: Follower failed (request=null, errorCount=63); keep nextIndex (74) unchanged and retry.
2025-04-23 14:39:37,006 [grpc-default-executor-1] WARN  server.GrpcLogAppender (GrpcLogAppender.java:lambda$resetClient$1(221)) - omNode-1@group-523986131536->omNode-3-GrpcLogAppender: Follower failed (request=null, errorCount=65); keep nextIndex (75) unchanged and retry.
2025-04-23 14:39:37,014 [grpc-default-executor-4] WARN  server.GrpcLogAppender (GrpcLogAppender.java:lambda$resetClient$1(221)) - omNode-1@group-523986131536->omNode-3-GrpcLogAppender: Follower failed (request=null, errorCount=67); keep nextIndex (76) unchanged and retry.
2025-04-23 14:39:37,015 [grpc-default-executor-1] WARN  server.GrpcLogAppender (GrpcLogAppender.java:lambda$resetClient$1(221)) - omNode-1@group-523986131536->omNode-3-GrpcLogAppender: Follower failed (request=null, errorCount=69); keep nextIndex (77) unchanged and retry.
2025-04-23 14:39:37,021 [grpc-default-executor-4] WARN  server.GrpcLogAppender (GrpcLogAppender.java:lambda$resetClient$1(221)) - omNode-1@group-523986131536->omNode-3-GrpcLogAppender: Follower failed (request=null, errorCount=71); keep nextIndex (78) unchanged and retry.
2025-04-23 14:39:37,022 [grpc-default-executor-1] WARN  server.GrpcLogAppender (GrpcLogAppender.java:lambda$resetClient$1(221)) - omNode-1@group-523986131536->omNode-3-GrpcLogAppender: Follower failed (request=null, errorCount=73); keep nextIndex (79) unchanged and retry.
2025-04-23 14:39:37,030 [grpc-default-executor-0] WARN  server.GrpcLogAppender (GrpcLogAppender.java:lambda$resetClient$1(221)) - omNode-1@group-523986131536->omNode-3-GrpcLogAppender: Follower failed (request=null, errorCount=75); keep nextIndex (80) unchanged and retry.
2025-04-23 14:39:37,031 [grpc-default-executor-4] WARN  server.GrpcLogAppender (GrpcLogAppender.java:lambda$resetClient$1(221)) - omNode-1@group-523986131536->omNode-3-GrpcLogAppender: Follower failed (request=null, errorCount=77); keep nextIndex (81) unchanged and retry.
2025-04-23 14:39:37,036 [grpc-default-executor-0] WARN  server.GrpcLogAppender (GrpcLogAppender.java:lambda$resetClient$1(221)) - omNode-1@group-523986131536->omNode-3-GrpcLogAppender: Follower failed (request=null, errorCount=79); keep nextIndex (82) unchanged and retry.
2025-04-23 14:39:37,038 [grpc-default-executor-4] WARN  server.GrpcLogAppender (GrpcLogAppender.java:lambda$resetClient$1(221)) - omNode-1@group-523986131536->omNode-3-GrpcLogAppender: Follower failed (request=null, errorCount=81); keep nextIndex (83) unchanged and retry.
2025-04-23 14:39:37,046 [grpc-default-executor-0] WARN  server.GrpcLogAppender (GrpcLogAppender.java:lambda$resetClient$1(221)) - omNode-1@group-523986131536->omNode-3-GrpcLogAppender: Follower failed (request=null, errorCount=83); keep nextIndex (84) unchanged and retry.
2025-04-23 14:39:37,048 [grpc-default-executor-4] WARN  server.GrpcLogAppender (GrpcLogAppender.java:lambda$resetClient$1(221)) - omNode-1@group-523986131536->omNode-3-GrpcLogAppender: Follower failed (request=null, errorCount=85); keep nextIndex (85) unchanged and retry.
2025-04-23 14:39:37,052 [grpc-default-executor-0] WARN  server.GrpcLogAppender (GrpcLogAppender.java:lambda$resetClient$1(221)) - omNode-1@group-523986131536->omNode-3-GrpcLogAppender: Follower failed (request=null, errorCount=87); keep nextIndex (86) unchanged and retry.
2025-04-23 14:39:37,054 [grpc-default-executor-4] WARN  server.GrpcLogAppender (GrpcLogAppender.java:lambda$resetClient$1(221)) - omNode-1@group-523986131536->omNode-3-GrpcLogAppender: Follower failed (request=null, errorCount=89); keep nextIndex (87) unchanged and retry.
2025-04-23 14:39:37,063 [grpc-default-executor-1] WARN  server.GrpcLogAppender (GrpcLogAppender.java:lambda$resetClient$1(221)) - omNode-1@group-523986131536->omNode-3-GrpcLogAppender: Follower failed (request=null, errorCount=91); keep nextIndex (88) unchanged and retry.
2025-04-23 14:39:37,064 [grpc-default-executor-4] WARN  server.GrpcLogAppender (GrpcLogAppender.java:lambda$resetClient$1(221)) - omNode-1@group-523986131536->omNode-3-GrpcLogAppender: Follower failed (request=null, errorCount=93); keep nextIndex (89) unchanged and retry.
2025-04-23 14:39:37,068 [grpc-default-executor-4] WARN  server.GrpcLogAppender (GrpcLogAppender.java:lambda$resetClient$1(221)) - omNode-1@group-523986131536->omNode-3-GrpcLogAppender: Follower failed (request=null, errorCount=95); keep nextIndex (90) unchanged and retry.
2025-04-23 14:39:37,070 [grpc-default-executor-0] WARN  server.GrpcLogAppender (GrpcLogAppender.java:lambda$resetClient$1(221)) - omNode-1@group-523986131536->omNode-3-GrpcLogAppender: Follower failed (request=null, errorCount=97); keep nextIndex (91) unchanged and retry.
2025-04-23 14:39:37,077 [grpc-default-executor-1] WARN  server.GrpcLogAppender (GrpcLogAppender.java:lambda$resetClient$1(221)) - omNode-1@group-523986131536->omNode-3-GrpcLogAppender: Follower failed (request=null, errorCount=99); keep nextIndex (92) unchanged and retry.
2025-04-23 14:39:37,079 [grpc-default-executor-0] WARN  server.GrpcLogAppender (GrpcLogAppender.java:lambda$resetClient$1(221)) - omNode-1@group-523986131536->omNode-3-GrpcLogAppender: Follower failed (request=null, errorCount=101); keep nextIndex (93) unchanged and retry.
2025-04-23 14:39:37,083 [grpc-default-executor-4] WARN  server.GrpcLogAppender (GrpcLogAppender.java:lambda$resetClient$1(221)) - omNode-1@group-523986131536->omNode-3-GrpcLogAppender: Follower failed (request=null, errorCount=103); keep nextIndex (94) unchanged and retry.
2025-04-23 14:39:37,085 [grpc-default-executor-4] WARN  server.GrpcLogAppender (GrpcLogAppender.java:lambda$resetClient$1(221)) - omNode-1@group-523986131536->omNode-3-GrpcLogAppender: Follower failed (request=null, errorCount=105); keep nextIndex (95) unchanged and retry.
2025-04-23 14:39:37,095 [grpc-default-executor-1] WARN  server.GrpcLogAppender (GrpcLogAppender.java:lambda$resetClient$1(221)) - omNode-1@group-523986131536->omNode-3-GrpcLogAppender: Follower failed (request=null, errorCount=107); keep nextIndex (96) unchanged and retry.
2025-04-23 14:39:37,097 [grpc-default-executor-4] WARN  server.GrpcLogAppender (GrpcLogAppender.java:lambda$resetClient$1(221)) - omNode-1@group-523986131536->omNode-3-GrpcLogAppender: Follower failed (request=null, errorCount=109); keep nextIndex (97) unchanged and retry.
2025-04-23 14:39:37,103 [grpc-default-executor-0] WARN  server.GrpcLogAppender (GrpcLogAppender.java:lambda$resetClient$1(221)) - omNode-1@group-523986131536->omNode-3-GrpcLogAppender: Follower failed (request=null, errorCount=113); keep nextIndex (98) unchanged and retry.
2025-04-23 14:39:37,105 [grpc-default-executor-4] WARN  server.GrpcLogAppender (GrpcLogAppender.java:lambda$resetClient$1(221)) - omNode-1@group-523986131536->omNode-3-GrpcLogAppender: Follower failed (request=null, errorCount=115); keep nextIndex (99) unchanged and retry.
2025-04-23 14:39:37,112 [grpc-default-executor-0] WARN  server.GrpcLogAppender (GrpcLogAppender.java:lambda$resetClient$1(221)) - omNode-1@group-523986131536->omNode-3-GrpcLogAppender: Follower failed (request=null, errorCount=117); keep nextIndex (100) unchanged and retry.
2025-04-23 14:39:37,113 [grpc-default-executor-4] WARN  server.GrpcLogAppender (GrpcLogAppender.java:lambda$resetClient$1(221)) - omNode-1@group-523986131536->omNode-3-GrpcLogAppender: Follower failed (request=null, errorCount=119); keep nextIndex (101) unchanged and retry.
2025-04-23 14:39:37,118 [grpc-default-executor-4] WARN  server.GrpcLogAppender (GrpcLogAppender.java:lambda$resetClient$1(221)) - omNode-1@group-523986131536->omNode-3-GrpcLogAppender: Follower failed (request=null, errorCount=121); keep nextIndex (102) unchanged and retry.
2025-04-23 14:39:37,120 [grpc-default-executor-0] WARN  server.GrpcLogAppender (GrpcLogAppender.java:lambda$resetClient$1(221)) - omNode-1@group-523986131536->omNode-3-GrpcLogAppender: Follower failed (request=null, errorCount=123); keep nextIndex (103) unchanged and retry.
2025-04-23 14:39:37,131 [omNode-1@group-523986131536-StateMachineUpdater] INFO  ratis.OzoneManagerStateMachine (OzoneManagerStateMachine.java:takeSnapshotImpl(510)) - omNode-1: taking snapshot. applied = (t:1, i:100), skipped = 99, notified = (t:1, i:100), current snapshot index = (t:1, i:100), took 16 ms
2025-04-23 14:39:37,131 [omNode-1@group-523986131536-StateMachineUpdater] INFO  impl.StateMachineUpdater (StateMachineUpdater.java:takeSnapshot(303)) - omNode-1@group-523986131536-StateMachineUpdater: Took a snapshot at index 100
2025-04-23 14:39:37,131 [omNode-1@group-523986131536-StateMachineUpdater] INFO  impl.StateMachineUpdater (StateMachineUpdater.java:lambda$new$0(102)) - omNode-1@group-523986131536-StateMachineUpdater: snapshotIndex: updateIncreasingly 50 -> 100
2025-04-23 14:39:37,131 [omNode-1@group-523986131536-StateMachineUpdater] INFO  raftlog.RaftLog (RaftLogBase.java:purge(325)) - omNode-1@group-523986131536-SegmentedRaftLog: purge 100
2025-04-23 14:39:37,131 [omNode-1@group-523986131536-StateMachineUpdater] INFO  raftlog.RaftLog (RaftLogBase.java:lambda$new$0(54)) - omNode-1@group-523986131536-SegmentedRaftLog: snapshotIndex: updateIncreasingly 50 -> 100
2025-04-23 14:39:37,131 [omNode-1@group-523986131536-StateMachineUpdater] INFO  raftlog.RaftLog (RaftLogBase.java:lambda$new$0(54)) - omNode-1@group-523986131536-SegmentedRaftLog: purgeIndex: updateToMax old=50, new=100, updated? true
2025-04-23 14:39:37,135 [omNode-2@group-523986131536-StateMachineUpdater] INFO  ratis.OzoneManagerStateMachine (OzoneManagerStateMachine.java:takeSnapshotImpl(510)) - omNode-2: taking snapshot. applied = (t:1, i:100), skipped = 99, notified = (t:1, i:100), current snapshot index = (t:1, i:100), took 16 ms
2025-04-23 14:39:37,135 [omNode-2@group-523986131536-StateMachineUpdater] INFO  impl.StateMachineUpdater (StateMachineUpdater.java:takeSnapshot(303)) - omNode-2@group-523986131536-StateMachineUpdater: Took a snapshot at index 100
2025-04-23 14:39:37,135 [omNode-2@group-523986131536-StateMachineUpdater] INFO  impl.StateMachineUpdater (StateMachineUpdater.java:lambda$new$0(102)) - omNode-2@group-523986131536-StateMachineUpdater: snapshotIndex: updateIncreasingly 50 -> 100
2025-04-23 14:39:37,135 [omNode-2@group-523986131536-StateMachineUpdater] INFO  raftlog.RaftLog (RaftLogBase.java:purge(325)) - omNode-2@group-523986131536-SegmentedRaftLog: purge 100
2025-04-23 14:39:37,135 [omNode-2@group-523986131536-StateMachineUpdater] INFO  raftlog.RaftLog (RaftLogBase.java:lambda$new$0(54)) - omNode-2@group-523986131536-SegmentedRaftLog: snapshotIndex: updateIncreasingly 50 -> 100
2025-04-23 14:39:37,135 [omNode-2@group-523986131536-StateMachineUpdater] INFO  raftlog.RaftLog (RaftLogBase.java:lambda$new$0(54)) - omNode-2@group-523986131536-SegmentedRaftLog: purgeIndex: updateToMax old=50, new=100, updated? true
2025-04-23 14:39:37,141 [grpc-default-executor-1] WARN  server.GrpcLogAppender (GrpcLogAppender.java:lambda$resetClient$1(221)) - omNode-1@group-523986131536->omNode-3-GrpcLogAppender: Follower failed (request=null, errorCount=125); keep nextIndex (104) unchanged and retry.
2025-04-23 14:39:37,142 [grpc-default-executor-4] WARN  server.GrpcLogAppender (GrpcLogAppender.java:lambda$resetClient$1(221)) - omNode-1@group-523986131536->omNode-3-GrpcLogAppender: Follower failed (request=null, errorCount=127); keep nextIndex (105) unchanged and retry.
2025-04-23 14:39:37,147 [grpc-default-executor-1] WARN  server.GrpcLogAppender (GrpcLogAppender.java:lambda$resetClient$1(221)) - omNode-1@group-523986131536->omNode-3-GrpcLogAppender: Follower failed (request=null, errorCount=129); keep nextIndex (106) unchanged and retry.
2025-04-23 14:39:37,148 [grpc-default-executor-1] WARN  server.GrpcLogAppender (GrpcLogAppender.java:lambda$resetClient$1(221)) - omNode-1@group-523986131536->omNode-3-GrpcLogAppender: Follower failed (request=null, errorCount=131); keep nextIndex (107) unchanged and retry.
2025-04-23 14:39:37,157 [grpc-default-executor-1] WARN  server.GrpcLogAppender (GrpcLogAppender.java:lambda$resetClient$1(221)) - omNode-1@group-523986131536->omNode-3-GrpcLogAppender: Follower failed (request=null, errorCount=133); keep nextIndex (108) unchanged and retry.
2025-04-23 14:39:37,158 [grpc-default-executor-1] WARN  server.GrpcLogAppender (GrpcLogAppender.java:lambda$resetClient$1(221)) - omNode-1@group-523986131536->omNode-3-GrpcLogAppender: Follower failed (request=null, errorCount=135); keep nextIndex (109) unchanged and retry.
2025-04-23 14:39:37,163 [grpc-default-executor-0] WARN  server.GrpcLogAppender (GrpcLogAppender.java:lambda$resetClient$1(221)) - omNode-1@group-523986131536->omNode-3-GrpcLogAppender: Follower failed (request=null, errorCount=137); keep nextIndex (110) unchanged and retry.
2025-04-23 14:39:37,164 [grpc-default-executor-1] WARN  server.GrpcLogAppender (GrpcLogAppender.java:lambda$resetClient$1(221)) - omNode-1@group-523986131536->omNode-3-GrpcLogAppender: Follower failed (request=null, errorCount=139); keep nextIndex (111) unchanged and retry.
2025-04-23 14:39:37,174 [grpc-default-executor-0] WARN  server.GrpcLogAppender (GrpcLogAppender.java:lambda$resetClient$1(221)) - omNode-1@group-523986131536->omNode-3-GrpcLogAppender: Follower failed (request=null, errorCount=141); keep nextIndex (112) unchanged and retry.
2025-04-23 14:39:37,175 [grpc-default-executor-0] WARN  server.GrpcLogAppender (GrpcLogAppender.java:lambda$resetClient$1(221)) - omNode-1@group-523986131536->omNode-3-GrpcLogAppender: Follower failed (request=null, errorCount=143); keep nextIndex (113) unchanged and retry.
2025-04-23 14:39:37,181 [grpc-default-executor-4] WARN  server.GrpcLogAppender (GrpcLogAppender.java:lambda$resetClient$1(221)) - omNode-1@group-523986131536->omNode-3-GrpcLogAppender: Follower failed (request=null, errorCount=145); keep nextIndex (114) unchanged and retry.
2025-04-23 14:39:37,182 [grpc-default-executor-1] WARN  server.GrpcLogAppender (GrpcLogAppender.java:lambda$resetClient$1(221)) - omNode-1@group-523986131536->omNode-3-GrpcLogAppender: Follower failed (request=null, errorCount=147); keep nextIndex (115) unchanged and retry.
2025-04-23 14:39:37,190 [grpc-default-executor-0] WARN  server.GrpcLogAppender (GrpcLogAppender.java:lambda$resetClient$1(221)) - omNode-1@group-523986131536->omNode-3-GrpcLogAppender: Follower failed (request=null, errorCount=149); keep nextIndex (116) unchanged and retry.
2025-04-23 14:39:37,192 [grpc-default-executor-4] WARN  server.GrpcLogAppender (GrpcLogAppender.java:lambda$resetClient$1(221)) - omNode-1@group-523986131536->omNode-3-GrpcLogAppender: Follower failed (request=null, errorCount=151); keep nextIndex (117) unchanged and retry.
2025-04-23 14:39:37,196 [grpc-default-executor-0] WARN  server.GrpcLogAppender (GrpcLogAppender.java:lambda$resetClient$1(221)) - omNode-1@group-523986131536->omNode-3-GrpcLogAppender: Follower failed (request=null, errorCount=153); keep nextIndex (118) unchanged and retry.
2025-04-23 14:39:37,198 [grpc-default-executor-1] WARN  server.GrpcLogAppender (GrpcLogAppender.java:lambda$resetClient$1(221)) - omNode-1@group-523986131536->omNode-3-GrpcLogAppender: Follower failed (request=null, errorCount=155); keep nextIndex (119) unchanged and retry.
2025-04-23 14:39:37,206 [grpc-default-executor-4] WARN  server.GrpcLogAppender (GrpcLogAppender.java:lambda$resetClient$1(221)) - omNode-1@group-523986131536->omNode-3-GrpcLogAppender: Follower failed (request=null, errorCount=157); keep nextIndex (120) unchanged and retry.
2025-04-23 14:39:37,208 [grpc-default-executor-1] WARN  server.GrpcLogAppender (GrpcLogAppender.java:lambda$resetClient$1(221)) - omNode-1@group-523986131536->omNode-3-GrpcLogAppender: Follower failed (request=null, errorCount=159); keep nextIndex (121) unchanged and retry.
2025-04-23 14:39:37,213 [grpc-default-executor-4] WARN  server.GrpcLogAppender (GrpcLogAppender.java:lambda$resetClient$1(221)) - omNode-1@group-523986131536->omNode-3-GrpcLogAppender: Follower failed (request=null, errorCount=161); keep nextIndex (122) unchanged and retry.
2025-04-23 14:39:37,214 [grpc-default-executor-1] WARN  server.GrpcLogAppender (GrpcLogAppender.java:lambda$resetClient$1(221)) - omNode-1@group-523986131536->omNode-3-GrpcLogAppender: Follower failed (request=null, errorCount=163); keep nextIndex (123) unchanged and retry.
2025-04-23 14:39:37,223 [grpc-default-executor-0] WARN  server.GrpcLogAppender (GrpcLogAppender.java:lambda$resetClient$1(221)) - omNode-1@group-523986131536->omNode-3-GrpcLogAppender: Follower failed (request=null, errorCount=165); keep nextIndex (124) unchanged and retry.
2025-04-23 14:39:37,226 [grpc-default-executor-4] WARN  server.GrpcLogAppender (GrpcLogAppender.java:lambda$resetClient$1(221)) - omNode-1@group-523986131536->omNode-3-GrpcLogAppender: Follower failed (request=null, errorCount=167); keep nextIndex (125) unchanged and retry.
2025-04-23 14:39:37,229 [grpc-default-executor-1] WARN  server.GrpcLogAppender (GrpcLogAppender.java:lambda$resetClient$1(221)) - omNode-1@group-523986131536->omNode-3-GrpcLogAppender: Follower failed (request=null, errorCount=169); keep nextIndex (126) unchanged and retry.
2025-04-23 14:39:37,230 [grpc-default-executor-4] WARN  server.GrpcLogAppender (GrpcLogAppender.java:lambda$resetClient$1(221)) - omNode-1@group-523986131536->omNode-3-GrpcLogAppender: Follower failed (request=null, errorCount=171); keep nextIndex (127) unchanged and retry.
2025-04-23 14:39:37,239 [grpc-default-executor-0] WARN  server.GrpcLogAppender (GrpcLogAppender.java:lambda$resetClient$1(221)) - omNode-1@group-523986131536->omNode-3-GrpcLogAppender: Follower failed (request=null, errorCount=173); keep nextIndex (128) unchanged and retry.
2025-04-23 14:39:37,240 [grpc-default-executor-0] WARN  server.GrpcLogAppender (GrpcLogAppender.java:lambda$resetClient$1(221)) - omNode-1@group-523986131536->omNode-3-GrpcLogAppender: Follower failed (request=null, errorCount=175); keep nextIndex (129) unchanged and retry.
2025-04-23 14:39:37,246 [grpc-default-executor-0] WARN  server.GrpcLogAppender (GrpcLogAppender.java:lambda$resetClient$1(221)) - omNode-1@group-523986131536->omNode-3-GrpcLogAppender: Follower failed (request=null, errorCount=177); keep nextIndex (130) unchanged and retry.
2025-04-23 14:39:37,248 [grpc-default-executor-0] WARN  server.GrpcLogAppender (GrpcLogAppender.java:lambda$resetClient$1(221)) - omNode-1@group-523986131536->omNode-3-GrpcLogAppender: Follower failed (request=null, errorCount=179); keep nextIndex (131) unchanged and retry.
2025-04-23 14:39:37,258 [grpc-default-executor-1] WARN  server.GrpcLogAppender (GrpcLogAppender.java:lambda$resetClient$1(221)) - omNode-1@group-523986131536->omNode-3-GrpcLogAppender: Follower failed (request=null, errorCount=181); keep nextIndex (132) unchanged and retry.
2025-04-23 14:39:37,260 [grpc-default-executor-4] WARN  server.GrpcLogAppender (GrpcLogAppender.java:lambda$resetClient$1(221)) - omNode-1@group-523986131536->omNode-3-GrpcLogAppender: Follower failed (request=null, errorCount=183); keep nextIndex (133) unchanged and retry.
2025-04-23 14:39:37,266 [grpc-default-executor-1] WARN  server.GrpcLogAppender (GrpcLogAppender.java:lambda$resetClient$1(221)) - omNode-1@group-523986131536->omNode-3-GrpcLogAppender: Follower failed (request=null, errorCount=185); keep nextIndex (134) unchanged and retry.
2025-04-23 14:39:37,267 [grpc-default-executor-1] WARN  server.GrpcLogAppender (GrpcLogAppender.java:lambda$resetClient$1(221)) - omNode-1@group-523986131536->omNode-3-GrpcLogAppender: Follower failed (request=null, errorCount=187); keep nextIndex (135) unchanged and retry.
2025-04-23 14:39:37,276 [grpc-default-executor-0] WARN  server.GrpcLogAppender (GrpcLogAppender.java:lambda$resetClient$1(221)) - omNode-1@group-523986131536->omNode-3-GrpcLogAppender: Follower failed (request=null, errorCount=189); keep nextIndex (136) unchanged and retry.
2025-04-23 14:39:37,277 [grpc-default-executor-0] WARN  server.GrpcLogAppender (GrpcLogAppender.java:lambda$resetClient$1(221)) - omNode-1@group-523986131536->omNode-3-GrpcLogAppender: Follower failed (request=null, errorCount=191); keep nextIndex (137) unchanged and retry.
2025-04-23 14:39:37,282 [grpc-default-executor-0] WARN  server.GrpcLogAppender (GrpcLogAppender.java:lambda$resetClient$1(221)) - omNode-1@group-523986131536->omNode-3-GrpcLogAppender: Follower failed (request=null, errorCount=193); keep nextIndex (138) unchanged and retry.
2025-04-23 14:39:37,283 [grpc-default-executor-0] WARN  server.GrpcLogAppender (GrpcLogAppender.java:lambda$resetClient$1(221)) - omNode-1@group-523986131536->omNode-3-GrpcLogAppender: Follower failed (request=null, errorCount=195); keep nextIndex (139) unchanged and retry.
2025-04-23 14:39:37,291 [grpc-default-executor-1] WARN  server.GrpcLogAppender (GrpcLogAppender.java:lambda$resetClient$1(221)) - omNode-1@group-523986131536->omNode-3-GrpcLogAppender: Follower failed (request=null, errorCount=197); keep nextIndex (140) unchanged and retry.
2025-04-23 14:39:37,292 [grpc-default-executor-0] WARN  server.GrpcLogAppender (GrpcLogAppender.java:lambda$resetClient$1(221)) - omNode-1@group-523986131536->omNode-3-GrpcLogAppender: Follower failed (request=null, errorCount=199); keep nextIndex (141) unchanged and retry.
2025-04-23 14:39:37,297 [grpc-default-executor-4] WARN  server.GrpcLogAppender (GrpcLogAppender.java:lambda$resetClient$1(221)) - omNode-1@group-523986131536->omNode-3-GrpcLogAppender: Follower failed (request=null, errorCount=201); keep nextIndex (142) unchanged and retry.
2025-04-23 14:39:37,299 [grpc-default-executor-4] WARN  server.GrpcLogAppender (GrpcLogAppender.java:lambda$resetClient$1(221)) - omNode-1@group-523986131536->omNode-3-GrpcLogAppender: Follower failed (request=null, errorCount=203); keep nextIndex (143) unchanged and retry.
2025-04-23 14:39:37,308 [grpc-default-executor-0] WARN  server.GrpcLogAppender (GrpcLogAppender.java:lambda$resetClient$1(221)) - omNode-1@group-523986131536->omNode-3-GrpcLogAppender: Follower failed (request=null, errorCount=205); keep nextIndex (144) unchanged and retry.
2025-04-23 14:39:37,310 [grpc-default-executor-4] WARN  server.GrpcLogAppender (GrpcLogAppender.java:lambda$resetClient$1(221)) - omNode-1@group-523986131536->omNode-3-GrpcLogAppender: Follower failed (request=null, errorCount=207); keep nextIndex (145) unchanged and retry.
2025-04-23 14:39:37,313 [grpc-default-executor-1] WARN  server.GrpcLogAppender (GrpcLogAppender.java:lambda$resetClient$1(221)) - omNode-1@group-523986131536->omNode-3-GrpcLogAppender: Follower failed (request=null, errorCount=209); keep nextIndex (146) unchanged and retry.
2025-04-23 14:39:37,315 [grpc-default-executor-1] WARN  server.GrpcLogAppender (GrpcLogAppender.java:lambda$resetClient$1(221)) - omNode-1@group-523986131536->omNode-3-GrpcLogAppender: Follower failed (request=null, errorCount=211); keep nextIndex (147) unchanged and retry.
2025-04-23 14:39:37,324 [grpc-default-executor-1] WARN  server.GrpcLogAppender (GrpcLogAppender.java:lambda$resetClient$1(221)) - omNode-1@group-523986131536->omNode-3-GrpcLogAppender: Follower failed (request=null, errorCount=213); keep nextIndex (148) unchanged and retry.
2025-04-23 14:39:37,327 [grpc-default-executor-1] WARN  server.GrpcLogAppender (GrpcLogAppender.java:lambda$resetClient$1(221)) - omNode-1@group-523986131536->omNode-3-GrpcLogAppender: Follower failed (request=null, errorCount=215); keep nextIndex (149) unchanged and retry.
2025-04-23 14:39:37,330 [grpc-default-executor-0] WARN  server.GrpcLogAppender (GrpcLogAppender.java:lambda$resetClient$1(221)) - omNode-1@group-523986131536->omNode-3-GrpcLogAppender: Follower failed (request=null, errorCount=217); keep nextIndex (150) unchanged and retry.
2025-04-23 14:39:37,332 [grpc-default-executor-4] WARN  server.GrpcLogAppender (GrpcLogAppender.java:lambda$resetClient$1(221)) - omNode-1@group-523986131536->omNode-3-GrpcLogAppender: Follower failed (request=null, errorCount=219); keep nextIndex (151) unchanged and retry.
2025-04-23 14:39:37,340 [grpc-default-executor-1] WARN  server.GrpcLogAppender (GrpcLogAppender.java:lambda$resetClient$1(221)) - omNode-1@group-523986131536->omNode-3-GrpcLogAppender: Follower failed (request=null, errorCount=221); keep nextIndex (152) unchanged and retry.
2025-04-23 14:39:37,341 [grpc-default-executor-1] WARN  server.GrpcLogAppender (GrpcLogAppender.java:lambda$resetClient$1(221)) - omNode-1@group-523986131536->omNode-3-GrpcLogAppender: Follower failed (request=null, errorCount=223); keep nextIndex (153) unchanged and retry.
2025-04-23 14:39:37,351 [omNode-1@group-523986131536-StateMachineUpdater] INFO  ratis.OzoneManagerStateMachine (OzoneManagerStateMachine.java:takeSnapshotImpl(510)) - omNode-1: taking snapshot. applied = (t:1, i:150), skipped = 149, notified = (t:1, i:150), current snapshot index = (t:1, i:150), took 18 ms
2025-04-23 14:39:37,352 [omNode-1@group-523986131536-StateMachineUpdater] INFO  impl.StateMachineUpdater (StateMachineUpdater.java:takeSnapshot(303)) - omNode-1@group-523986131536-StateMachineUpdater: Took a snapshot at index 150
2025-04-23 14:39:37,352 [omNode-1@group-523986131536-StateMachineUpdater] INFO  impl.StateMachineUpdater (StateMachineUpdater.java:lambda$new$0(102)) - omNode-1@group-523986131536-StateMachineUpdater: snapshotIndex: updateIncreasingly 100 -> 150
2025-04-23 14:39:37,352 [omNode-1@group-523986131536-StateMachineUpdater] INFO  raftlog.RaftLog (RaftLogBase.java:purge(325)) - omNode-1@group-523986131536-SegmentedRaftLog: purge 150
2025-04-23 14:39:37,352 [omNode-1@group-523986131536-StateMachineUpdater] INFO  raftlog.RaftLog (RaftLogBase.java:lambda$new$0(54)) - omNode-1@group-523986131536-SegmentedRaftLog: snapshotIndex: updateIncreasingly 100 -> 150
2025-04-23 14:39:37,352 [omNode-1@group-523986131536-StateMachineUpdater] INFO  raftlog.RaftLog (RaftLogBase.java:lambda$new$0(54)) - omNode-1@group-523986131536-SegmentedRaftLog: purgeIndex: updateToMax old=100, new=150, updated? true
2025-04-23 14:39:37,358 [omNode-2@group-523986131536-StateMachineUpdater] INFO  ratis.OzoneManagerStateMachine (OzoneManagerStateMachine.java:takeSnapshotImpl(510)) - omNode-2: taking snapshot. applied = (t:1, i:150), skipped = 149, notified = (t:1, i:150), current snapshot index = (t:1, i:150), took 18 ms
2025-04-23 14:39:37,358 [omNode-2@group-523986131536-StateMachineUpdater] INFO  impl.StateMachineUpdater (StateMachineUpdater.java:takeSnapshot(303)) - omNode-2@group-523986131536-StateMachineUpdater: Took a snapshot at index 150
2025-04-23 14:39:37,358 [omNode-2@group-523986131536-StateMachineUpdater] INFO  impl.StateMachineUpdater (StateMachineUpdater.java:lambda$new$0(102)) - omNode-2@group-523986131536-StateMachineUpdater: snapshotIndex: updateIncreasingly 100 -> 150
2025-04-23 14:39:37,358 [omNode-2@group-523986131536-StateMachineUpdater] INFO  raftlog.RaftLog (RaftLogBase.java:purge(325)) - omNode-2@group-523986131536-SegmentedRaftLog: purge 150
2025-04-23 14:39:37,358 [grpc-default-executor-1] WARN  server.GrpcLogAppender (GrpcLogAppender.java:lambda$resetClient$1(221)) - omNode-1@group-523986131536->omNode-3-GrpcLogAppender: Follower failed (request=null, errorCount=227); keep nextIndex (155) unchanged and retry.
2025-04-23 14:39:37,358 [omNode-2@group-523986131536-StateMachineUpdater] INFO  raftlog.RaftLog (RaftLogBase.java:lambda$new$0(54)) - omNode-2@group-523986131536-SegmentedRaftLog: snapshotIndex: updateIncreasingly 100 -> 150
2025-04-23 14:39:37,359 [omNode-2@group-523986131536-StateMachineUpdater] INFO  raftlog.RaftLog (RaftLogBase.java:lambda$new$0(54)) - omNode-2@group-523986131536-SegmentedRaftLog: purgeIndex: updateToMax old=100, new=150, updated? true
2025-04-23 14:39:37,366 [grpc-default-executor-0] WARN  server.GrpcLogAppender (GrpcLogAppender.java:lambda$resetClient$1(221)) - omNode-1@group-523986131536->omNode-3-GrpcLogAppender: Follower failed (request=null, errorCount=229); keep nextIndex (156) unchanged and retry.
2025-04-23 14:39:37,367 [grpc-default-executor-4] WARN  server.GrpcLogAppender (GrpcLogAppender.java:lambda$resetClient$1(221)) - omNode-1@group-523986131536->omNode-3-GrpcLogAppender: Follower failed (request=null, errorCount=231); keep nextIndex (157) unchanged and retry.
2025-04-23 14:39:37,371 [grpc-default-executor-1] WARN  server.GrpcLogAppender (GrpcLogAppender.java:lambda$resetClient$1(221)) - omNode-1@group-523986131536->omNode-3-GrpcLogAppender: Follower failed (request=null, errorCount=233); keep nextIndex (158) unchanged and retry.
2025-04-23 14:39:37,374 [grpc-default-executor-0] WARN  server.GrpcLogAppender (GrpcLogAppender.java:lambda$resetClient$1(221)) - omNode-1@group-523986131536->omNode-3-GrpcLogAppender: Follower failed (request=null, errorCount=235); keep nextIndex (159) unchanged and retry.
2025-04-23 14:39:37,384 [grpc-default-executor-1] WARN  server.GrpcLogAppender (GrpcLogAppender.java:lambda$resetClient$1(221)) - omNode-1@group-523986131536->omNode-3-GrpcLogAppender: Follower failed (request=null, errorCount=237); keep nextIndex (160) unchanged and retry.
2025-04-23 14:39:37,385 [grpc-default-executor-1] WARN  server.GrpcLogAppender (GrpcLogAppender.java:lambda$resetClient$1(221)) - omNode-1@group-523986131536->omNode-3-GrpcLogAppender: Follower failed (request=null, errorCount=239); keep nextIndex (161) unchanged and retry.
2025-04-23 14:39:37,390 [grpc-default-executor-0] WARN  server.GrpcLogAppender (GrpcLogAppender.java:lambda$resetClient$1(221)) - omNode-1@group-523986131536->omNode-3-GrpcLogAppender: Follower failed (request=null, errorCount=241); keep nextIndex (162) unchanged and retry.
2025-04-23 14:39:37,392 [grpc-default-executor-0] WARN  server.GrpcLogAppender (GrpcLogAppender.java:lambda$resetClient$1(221)) - omNode-1@group-523986131536->omNode-3-GrpcLogAppender: Follower failed (request=null, errorCount=243); keep nextIndex (163) unchanged and retry.
2025-04-23 14:39:37,400 [grpc-default-executor-4] WARN  server.GrpcLogAppender (GrpcLogAppender.java:lambda$resetClient$1(221)) - omNode-1@group-523986131536->omNode-3-GrpcLogAppender: Follower failed (request=null, errorCount=245); keep nextIndex (164) unchanged and retry.
2025-04-23 14:39:37,401 [grpc-default-executor-4] WARN  server.GrpcLogAppender (GrpcLogAppender.java:lambda$resetClient$1(221)) - omNode-1@group-523986131536->omNode-3-GrpcLogAppender: Follower failed (request=null, errorCount=247); keep nextIndex (165) unchanged and retry.
2025-04-23 14:39:37,406 [grpc-default-executor-3] WARN  server.GrpcLogAppender (GrpcLogAppender.java:lambda$resetClient$1(221)) - omNode-1@group-523986131536->omNode-3-GrpcLogAppender: Follower failed (request=null, errorCount=249); keep nextIndex (166) unchanged and retry.
2025-04-23 14:39:37,408 [grpc-default-executor-0] WARN  server.GrpcLogAppender (GrpcLogAppender.java:lambda$resetClient$1(221)) - omNode-1@group-523986131536->omNode-3-GrpcLogAppender: Follower failed (request=null, errorCount=251); keep nextIndex (167) unchanged and retry.
2025-04-23 14:39:37,418 [grpc-default-executor-3] WARN  server.GrpcLogAppender (GrpcLogAppender.java:lambda$resetClient$1(221)) - omNode-1@group-523986131536->omNode-3-GrpcLogAppender: Follower failed (request=null, errorCount=253); keep nextIndex (168) unchanged and retry.
2025-04-23 14:39:37,419 [grpc-default-executor-0] WARN  server.GrpcLogAppender (GrpcLogAppender.java:lambda$resetClient$1(221)) - omNode-1@group-523986131536->omNode-3-GrpcLogAppender: Follower failed (request=null, errorCount=255); keep nextIndex (169) unchanged and retry.
2025-04-23 14:39:37,424 [grpc-default-executor-1] WARN  server.GrpcLogAppender (GrpcLogAppender.java:lambda$resetClient$1(221)) - omNode-1@group-523986131536->omNode-3-GrpcLogAppender: Follower failed (request=null, errorCount=257); keep nextIndex (170) unchanged and retry.
2025-04-23 14:39:37,425 [grpc-default-executor-0] WARN  server.GrpcLogAppender (GrpcLogAppender.java:lambda$resetClient$1(221)) - omNode-1@group-523986131536->omNode-3-GrpcLogAppender: Follower failed (request=null, errorCount=259); keep nextIndex (171) unchanged and retry.
2025-04-23 14:39:37,436 [grpc-default-executor-1] WARN  server.GrpcLogAppender (GrpcLogAppender.java:lambda$resetClient$1(221)) - omNode-1@group-523986131536->omNode-3-GrpcLogAppender: Follower failed (request=null, errorCount=261); keep nextIndex (172) unchanged and retry.
2025-04-23 14:39:37,438 [grpc-default-executor-1] WARN  server.GrpcLogAppender (GrpcLogAppender.java:lambda$resetClient$1(221)) - omNode-1@group-523986131536->omNode-3-GrpcLogAppender: Follower failed (request=null, errorCount=263); keep nextIndex (173) unchanged and retry.
2025-04-23 14:39:37,441 [grpc-default-executor-3] WARN  server.GrpcLogAppender (GrpcLogAppender.java:lambda$resetClient$1(221)) - omNode-1@group-523986131536->omNode-3-GrpcLogAppender: Follower failed (request=null, errorCount=265); keep nextIndex (174) unchanged and retry.
2025-04-23 14:39:37,443 [grpc-default-executor-0] WARN  server.GrpcLogAppender (GrpcLogAppender.java:lambda$resetClient$1(221)) - omNode-1@group-523986131536->omNode-3-GrpcLogAppender: Follower failed (request=null, errorCount=267); keep nextIndex (175) unchanged and retry.
2025-04-23 14:39:37,451 [grpc-default-executor-1] WARN  server.GrpcLogAppender (GrpcLogAppender.java:lambda$resetClient$1(221)) - omNode-1@group-523986131536->omNode-3-GrpcLogAppender: Follower failed (request=null, errorCount=269); keep nextIndex (176) unchanged and retry.
2025-04-23 14:39:37,453 [grpc-default-executor-3] WARN  server.GrpcLogAppender (GrpcLogAppender.java:lambda$resetClient$1(221)) - omNode-1@group-523986131536->omNode-3-GrpcLogAppender: Follower failed (request=null, errorCount=271); keep nextIndex (177) unchanged and retry.
2025-04-23 14:39:37,457 [grpc-default-executor-1] WARN  server.GrpcLogAppender (GrpcLogAppender.java:lambda$resetClient$1(221)) - omNode-1@group-523986131536->omNode-3-GrpcLogAppender: Follower failed (request=null, errorCount=273); keep nextIndex (178) unchanged and retry.
2025-04-23 14:39:37,459 [grpc-default-executor-0] WARN  server.GrpcLogAppender (GrpcLogAppender.java:lambda$resetClient$1(221)) - omNode-1@group-523986131536->omNode-3-GrpcLogAppender: Follower failed (request=null, errorCount=275); keep nextIndex (179) unchanged and retry.
2025-04-23 14:39:37,467 [grpc-default-executor-0] WARN  server.GrpcLogAppender (GrpcLogAppender.java:lambda$resetClient$1(221)) - omNode-1@group-523986131536->omNode-3-GrpcLogAppender: Follower failed (request=null, errorCount=277); keep nextIndex (180) unchanged and retry.
2025-04-23 14:39:37,469 [grpc-default-executor-0] WARN  server.GrpcLogAppender (GrpcLogAppender.java:lambda$resetClient$1(221)) - omNode-1@group-523986131536->omNode-3-GrpcLogAppender: Follower failed (request=null, errorCount=279); keep nextIndex (181) unchanged and retry.
2025-04-23 14:39:37,473 [grpc-default-executor-3] WARN  server.GrpcLogAppender (GrpcLogAppender.java:lambda$resetClient$1(221)) - omNode-1@group-523986131536->omNode-3-GrpcLogAppender: Follower failed (request=null, errorCount=281); keep nextIndex (182) unchanged and retry.
2025-04-23 14:39:37,474 [grpc-default-executor-0] WARN  server.GrpcLogAppender (GrpcLogAppender.java:lambda$resetClient$1(221)) - omNode-1@group-523986131536->omNode-3-GrpcLogAppender: Follower failed (request=null, errorCount=283); keep nextIndex (183) unchanged and retry.
2025-04-23 14:39:37,482 [grpc-default-executor-3] WARN  server.GrpcLogAppender (GrpcLogAppender.java:lambda$resetClient$1(221)) - omNode-1@group-523986131536->omNode-3-GrpcLogAppender: Follower failed (request=null, errorCount=285); keep nextIndex (184) unchanged and retry.
2025-04-23 14:39:37,484 [grpc-default-executor-1] WARN  server.GrpcLogAppender (GrpcLogAppender.java:lambda$resetClient$1(221)) - omNode-1@group-523986131536->omNode-3-GrpcLogAppender: Follower failed (request=null, errorCount=287); keep nextIndex (185) unchanged and retry.
2025-04-23 14:39:37,488 [grpc-default-executor-1] WARN  server.GrpcLogAppender (GrpcLogAppender.java:lambda$resetClient$1(221)) - omNode-1@group-523986131536->omNode-3-GrpcLogAppender: Follower failed (request=null, errorCount=289); keep nextIndex (186) unchanged and retry.
2025-04-23 14:39:37,489 [grpc-default-executor-3] WARN  server.GrpcLogAppender (GrpcLogAppender.java:lambda$resetClient$1(221)) - omNode-1@group-523986131536->omNode-3-GrpcLogAppender: Follower failed (request=null, errorCount=291); keep nextIndex (187) unchanged and retry.
2025-04-23 14:39:37,497 [grpc-default-executor-1] WARN  server.GrpcLogAppender (GrpcLogAppender.java:lambda$resetClient$1(221)) - omNode-1@group-523986131536->omNode-3-GrpcLogAppender: Follower failed (request=null, errorCount=293); keep nextIndex (188) unchanged and retry.
2025-04-23 14:39:37,498 [grpc-default-executor-3] WARN  server.GrpcLogAppender (GrpcLogAppender.java:lambda$resetClient$1(221)) - omNode-1@group-523986131536->omNode-3-GrpcLogAppender: Follower failed (request=null, errorCount=295); keep nextIndex (189) unchanged and retry.
2025-04-23 14:39:37,503 [grpc-default-executor-3] WARN  server.GrpcLogAppender (GrpcLogAppender.java:lambda$resetClient$1(221)) - omNode-1@group-523986131536->omNode-3-GrpcLogAppender: Follower failed (request=null, errorCount=297); keep nextIndex (190) unchanged and retry.
2025-04-23 14:39:37,506 [grpc-default-executor-1] WARN  server.GrpcLogAppender (GrpcLogAppender.java:lambda$resetClient$1(221)) - omNode-1@group-523986131536->omNode-3-GrpcLogAppender: Follower failed (request=null, errorCount=299); keep nextIndex (191) unchanged and retry.
2025-04-23 14:39:37,512 [grpc-default-executor-0] WARN  server.GrpcLogAppender (GrpcLogAppender.java:lambda$resetClient$1(221)) - omNode-1@group-523986131536->omNode-3-GrpcLogAppender: Follower failed (request=null, errorCount=301); keep nextIndex (192) unchanged and retry.
2025-04-23 14:39:37,514 [grpc-default-executor-0] WARN  server.GrpcLogAppender (GrpcLogAppender.java:lambda$resetClient$1(221)) - omNode-1@group-523986131536->omNode-3-GrpcLogAppender: Follower failed (request=null, errorCount=303); keep nextIndex (193) unchanged and retry.
2025-04-23 14:39:37,519 [grpc-default-executor-3] WARN  server.GrpcLogAppender (GrpcLogAppender.java:lambda$resetClient$1(221)) - omNode-1@group-523986131536->omNode-3-GrpcLogAppender: Follower failed (request=null, errorCount=305); keep nextIndex (194) unchanged and retry.
2025-04-23 14:39:37,521 [grpc-default-executor-0] WARN  server.GrpcLogAppender (GrpcLogAppender.java:lambda$resetClient$1(221)) - omNode-1@group-523986131536->omNode-3-GrpcLogAppender: Follower failed (request=null, errorCount=307); keep nextIndex (195) unchanged and retry.
2025-04-23 14:39:37,528 [grpc-default-executor-3] WARN  server.GrpcLogAppender (GrpcLogAppender.java:lambda$resetClient$1(221)) - omNode-1@group-523986131536->omNode-3-GrpcLogAppender: Follower failed (request=null, errorCount=309); keep nextIndex (196) unchanged and retry.
2025-04-23 14:39:37,529 [grpc-default-executor-3] WARN  server.GrpcLogAppender (GrpcLogAppender.java:lambda$resetClient$1(221)) - omNode-1@group-523986131536->omNode-3-GrpcLogAppender: Follower failed (request=null, errorCount=311); keep nextIndex (197) unchanged and retry.
2025-04-23 14:39:37,535 [grpc-default-executor-0] WARN  server.GrpcLogAppender (GrpcLogAppender.java:lambda$resetClient$1(221)) - omNode-1@group-523986131536->omNode-3-GrpcLogAppender: Follower failed (request=null, errorCount=313); keep nextIndex (198) unchanged and retry.
2025-04-23 14:39:37,537 [grpc-default-executor-3] WARN  server.GrpcLogAppender (GrpcLogAppender.java:lambda$resetClient$1(221)) - omNode-1@group-523986131536->omNode-3-GrpcLogAppender: Follower failed (request=null, errorCount=315); keep nextIndex (199) unchanged and retry.
2025-04-23 14:39:37,545 [grpc-default-executor-1] WARN  server.GrpcLogAppender (GrpcLogAppender.java:lambda$resetClient$1(221)) - omNode-1@group-523986131536->omNode-3-GrpcLogAppender: Follower failed (request=null, errorCount=317); keep nextIndex (200) unchanged and retry.
2025-04-23 14:39:37,547 [grpc-default-executor-3] WARN  server.GrpcLogAppender (GrpcLogAppender.java:lambda$resetClient$1(221)) - omNode-1@group-523986131536->omNode-3-GrpcLogAppender: Follower failed (request=null, errorCount=319); keep nextIndex (201) unchanged and retry.
2025-04-23 14:39:37,550 [grpc-default-executor-0] WARN  server.GrpcLogAppender (GrpcLogAppender.java:lambda$resetClient$1(221)) - omNode-1@group-523986131536->omNode-3-GrpcLogAppender: Follower failed (request=null, errorCount=321); keep nextIndex (202) unchanged and retry.
2025-04-23 14:39:37,551 [grpc-default-executor-1] WARN  server.GrpcLogAppender (GrpcLogAppender.java:lambda$resetClient$1(221)) - omNode-1@group-523986131536->omNode-3-GrpcLogAppender: Follower failed (request=null, errorCount=323); keep nextIndex (203) unchanged and retry.
2025-04-23 14:39:37,560 [grpc-default-executor-3] WARN  server.GrpcLogAppender (GrpcLogAppender.java:lambda$resetClient$1(221)) - omNode-1@group-523986131536->omNode-3-GrpcLogAppender: Follower failed (request=null, errorCount=325); keep nextIndex (204) unchanged and retry.
2025-04-23 14:39:37,562 [grpc-default-executor-1] WARN  server.GrpcLogAppender (GrpcLogAppender.java:lambda$resetClient$1(221)) - omNode-1@group-523986131536->omNode-3-GrpcLogAppender: Follower failed (request=null, errorCount=327); keep nextIndex (205) unchanged and retry.
2025-04-23 14:39:37,573 [omNode-2@group-523986131536-StateMachineUpdater] INFO  ratis.OzoneManagerStateMachine (OzoneManagerStateMachine.java:takeSnapshotImpl(510)) - omNode-2: taking snapshot. applied = (t:1, i:200), skipped = 199, notified = (t:1, i:200), current snapshot index = (t:1, i:200), took 22 ms
2025-04-23 14:39:37,573 [omNode-2@group-523986131536-StateMachineUpdater] INFO  impl.StateMachineUpdater (StateMachineUpdater.java:takeSnapshot(303)) - omNode-2@group-523986131536-StateMachineUpdater: Took a snapshot at index 200
2025-04-23 14:39:37,573 [omNode-2@group-523986131536-StateMachineUpdater] INFO  impl.StateMachineUpdater (StateMachineUpdater.java:lambda$new$0(102)) - omNode-2@group-523986131536-StateMachineUpdater: snapshotIndex: updateIncreasingly 150 -> 200
2025-04-23 14:39:37,573 [omNode-2@group-523986131536-StateMachineUpdater] INFO  raftlog.RaftLog (RaftLogBase.java:purge(325)) - omNode-2@group-523986131536-SegmentedRaftLog: purge 200
2025-04-23 14:39:37,573 [omNode-2@group-523986131536-StateMachineUpdater] INFO  raftlog.RaftLog (RaftLogBase.java:lambda$new$0(54)) - omNode-2@group-523986131536-SegmentedRaftLog: snapshotIndex: updateIncreasingly 150 -> 200
2025-04-23 14:39:37,573 [omNode-2@group-523986131536-StateMachineUpdater] INFO  raftlog.RaftLog (RaftLogBase.java:lambda$new$0(54)) - omNode-2@group-523986131536-SegmentedRaftLog: purgeIndex: updateToMax old=150, new=200, updated? true
2025-04-23 14:39:37,573 [omNode-1@group-523986131536-StateMachineUpdater] INFO  ratis.OzoneManagerStateMachine (OzoneManagerStateMachine.java:takeSnapshotImpl(510)) - omNode-1: taking snapshot. applied = (t:1, i:201), skipped = 199, notified = (t:1, i:200), current snapshot index = (t:1, i:201), took 21 ms
2025-04-23 14:39:37,574 [omNode-1@group-523986131536-StateMachineUpdater] INFO  impl.StateMachineUpdater (StateMachineUpdater.java:takeSnapshot(303)) - omNode-1@group-523986131536-StateMachineUpdater: Took a snapshot at index 201
2025-04-23 14:39:37,574 [omNode-1@group-523986131536-StateMachineUpdater] INFO  impl.StateMachineUpdater (StateMachineUpdater.java:lambda$new$0(102)) - omNode-1@group-523986131536-StateMachineUpdater: snapshotIndex: updateIncreasingly 150 -> 201
2025-04-23 14:39:37,574 [omNode-1@group-523986131536-StateMachineUpdater] INFO  raftlog.RaftLog (RaftLogBase.java:purge(325)) - omNode-1@group-523986131536-SegmentedRaftLog: purge 201
2025-04-23 14:39:37,574 [omNode-1@group-523986131536-StateMachineUpdater] INFO  raftlog.RaftLog (RaftLogBase.java:lambda$new$0(54)) - omNode-1@group-523986131536-SegmentedRaftLog: snapshotIndex: updateIncreasingly 150 -> 201
2025-04-23 14:39:37,574 [omNode-1@group-523986131536-StateMachineUpdater] INFO  raftlog.RaftLog (RaftLogBase.java:lambda$new$0(54)) - omNode-1@group-523986131536-SegmentedRaftLog: purgeIndex: updateToMax old=150, new=201, updated? true
2025-04-23 14:39:37,578 [Thread-8328] WARN  rocksdiff.RocksDBCheckpointDiffer (RocksDBCheckpointDiffer.java:lambda$onCompactionCompleted$0(492)) - Input file not found in inflightCompactionsMap : /home/runner/work/ozone/ozone/hadoop-ozone/integration-test/target/test-dir/MiniOzoneClusterImpl-feea018d-8976-442b-acbc-fedf3986ffa5/omNode-2/om.db/000073.sst which should have been added on compactionBeginListener.
2025-04-23 14:39:37,578 [Thread-8328] WARN  rocksdiff.RocksDBCheckpointDiffer (RocksDBCheckpointDiffer.java:lambda$onCompactionCompleted$0(492)) - Input file not found in inflightCompactionsMap : /home/runner/work/ozone/ozone/hadoop-ozone/integration-test/target/test-dir/MiniOzoneClusterImpl-feea018d-8976-442b-acbc-fedf3986ffa5/omNode-2/om.db/000063.sst which should have been added on compactionBeginListener.
2025-04-23 14:39:37,578 [Thread-8328] WARN  rocksdiff.RocksDBCheckpointDiffer (RocksDBCheckpointDiffer.java:lambda$onCompactionCompleted$0(492)) - Input file not found in inflightCompactionsMap : /home/runner/work/ozone/ozone/hadoop-ozone/integration-test/target/test-dir/MiniOzoneClusterImpl-feea018d-8976-442b-acbc-fedf3986ffa5/omNode-2/om.db/000057.sst which should have been added on compactionBeginListener.
2025-04-23 14:39:37,578 [Thread-8328] WARN  rocksdiff.RocksDBCheckpointDiffer (RocksDBCheckpointDiffer.java:lambda$onCompactionCompleted$0(492)) - Input file not found in inflightCompactionsMap : /home/runner/work/ozone/ozone/hadoop-ozone/integration-test/target/test-dir/MiniOzoneClusterImpl-feea018d-8976-442b-acbc-fedf3986ffa5/omNode-2/om.db/000068.sst which should have been added on compactionBeginListener.
2025-04-23 14:39:37,580 [grpc-default-executor-0] WARN  server.GrpcLogAppender (GrpcLogAppender.java:lambda$resetClient$1(221)) - omNode-1@group-523986131536->omNode-3-GrpcLogAppender: Follower failed (request=null, errorCount=329); keep nextIndex (206) unchanged and retry.
2025-04-23 14:39:37,581 [grpc-default-executor-3] WARN  server.GrpcLogAppender (GrpcLogAppender.java:lambda$resetClient$1(221)) - omNode-1@group-523986131536->omNode-3-GrpcLogAppender: Follower failed (request=null, errorCount=331); keep nextIndex (207) unchanged and retry.
2025-04-23 14:39:37,585 [Thread-8347] WARN  rocksdiff.RocksDBCheckpointDiffer (RocksDBCheckpointDiffer.java:lambda$onCompactionCompleted$0(492)) - Input file not found in inflightCompactionsMap : /home/runner/work/ozone/ozone/hadoop-ozone/integration-test/target/test-dir/MiniOzoneClusterImpl-feea018d-8976-442b-acbc-fedf3986ffa5/omNode-1/om.db/000058.sst which should have been added on compactionBeginListener.
2025-04-23 14:39:37,585 [Thread-8347] WARN  rocksdiff.RocksDBCheckpointDiffer (RocksDBCheckpointDiffer.java:lambda$onCompactionCompleted$0(492)) - Input file not found in inflightCompactionsMap : /home/runner/work/ozone/ozone/hadoop-ozone/integration-test/target/test-dir/MiniOzoneClusterImpl-feea018d-8976-442b-acbc-fedf3986ffa5/omNode-1/om.db/000074.sst which should have been added on compactionBeginListener.
2025-04-23 14:39:37,585 [Thread-8347] WARN  rocksdiff.RocksDBCheckpointDiffer (RocksDBCheckpointDiffer.java:lambda$onCompactionCompleted$0(492)) - Input file not found in inflightCompactionsMap : /home/runner/work/ozone/ozone/hadoop-ozone/integration-test/target/test-dir/MiniOzoneClusterImpl-feea018d-8976-442b-acbc-fedf3986ffa5/omNode-1/om.db/000069.sst which should have been added on compactionBeginListener.
2025-04-23 14:39:37,585 [Thread-8347] WARN  rocksdiff.RocksDBCheckpointDiffer (RocksDBCheckpointDiffer.java:lambda$onCompactionCompleted$0(492)) - Input file not found in inflightCompactionsMap : /home/runner/work/ozone/ozone/hadoop-ozone/integration-test/target/test-dir/MiniOzoneClusterImpl-feea018d-8976-442b-acbc-fedf3986ffa5/omNode-1/om.db/000064.sst which should have been added on compactionBeginListener.
2025-04-23 14:39:37,590 [grpc-default-executor-1] WARN  server.GrpcLogAppender (GrpcLogAppender.java:lambda$resetClient$1(221)) - omNode-1@group-523986131536->omNode-3-GrpcLogAppender: Follower failed (request=null, errorCount=333); keep nextIndex (208) unchanged and retry.
2025-04-23 14:39:37,592 [grpc-default-executor-0] WARN  server.GrpcLogAppender (GrpcLogAppender.java:lambda$resetClient$1(221)) - omNode-1@group-523986131536->omNode-3-GrpcLogAppender: Follower failed (request=null, errorCount=335); keep nextIndex (209) unchanged and retry.
2025-04-23 14:39:37,595 [grpc-default-executor-3] WARN  server.GrpcLogAppender (GrpcLogAppender.java:lambda$resetClient$1(221)) - omNode-1@group-523986131536->omNode-3-GrpcLogAppender: Follower failed (request=null, errorCount=337); keep nextIndex (210) unchanged and retry.
2025-04-23 14:39:37,597 [grpc-default-executor-1] WARN  server.GrpcLogAppender (GrpcLogAppender.java:lambda$resetClient$1(221)) - omNode-1@group-523986131536->omNode-3-GrpcLogAppender: Follower failed (request=null, errorCount=339); keep nextIndex (211) unchanged and retry.
2025-04-23 14:39:37,605 [grpc-default-executor-3] WARN  server.GrpcLogAppender (GrpcLogAppender.java:lambda$resetClient$1(221)) - omNode-1@group-523986131536->omNode-3-GrpcLogAppender: Follower failed (request=null, errorCount=341); keep nextIndex (212) unchanged and retry.
2025-04-23 14:39:37,606 [grpc-default-executor-1] WARN  server.GrpcLogAppender (GrpcLogAppender.java:lambda$resetClient$1(221)) - omNode-1@group-523986131536->omNode-3-GrpcLogAppender: Follower failed (request=null, errorCount=343); keep nextIndex (213) unchanged and retry.
2025-04-23 14:39:37,611 [grpc-default-executor-3] WARN  server.GrpcLogAppender (GrpcLogAppender.java:lambda$resetClient$1(221)) - omNode-1@group-523986131536->omNode-3-GrpcLogAppender: Follower failed (request=null, errorCount=347); keep nextIndex (214) unchanged and retry.
2025-04-23 14:39:37,613 [grpc-default-executor-1] WARN  server.GrpcLogAppender (GrpcLogAppender.java:lambda$resetClient$1(221)) - omNode-1@group-523986131536->omNode-3-GrpcLogAppender: Follower failed (request=null, errorCount=349); keep nextIndex (215) unchanged and retry.
2025-04-23 14:39:37,619 [grpc-default-executor-0] WARN  server.GrpcLogAppender (GrpcLogAppender.java:lambda$resetClient$1(221)) - omNode-1@group-523986131536->omNode-3-GrpcLogAppender: Follower failed (request=null, errorCount=351); keep nextIndex (216) unchanged and retry.
2025-04-23 14:39:37,622 [grpc-default-executor-3] WARN  server.GrpcLogAppender (GrpcLogAppender.java:lambda$resetClient$1(221)) - omNode-1@group-523986131536->omNode-3-GrpcLogAppender: Follower failed (request=null, errorCount=353); keep nextIndex (217) unchanged and retry.
2025-04-23 14:39:37,625 [grpc-default-executor-1] WARN  server.GrpcLogAppender (GrpcLogAppender.java:lambda$resetClient$1(221)) - omNode-1@group-523986131536->omNode-3-GrpcLogAppender: Follower failed (request=null, errorCount=355); keep nextIndex (218) unchanged and retry.
2025-04-23 14:39:37,627 [grpc-default-executor-3] WARN  server.GrpcLogAppender (GrpcLogAppender.java:lambda$resetClient$1(221)) - omNode-1@group-523986131536->omNode-3-GrpcLogAppender: Follower failed (request=null, errorCount=357); keep nextIndex (219) unchanged and retry.
2025-04-23 14:39:37,634 [grpc-default-executor-3] WARN  server.GrpcLogAppender (GrpcLogAppender.java:lambda$resetClient$1(221)) - omNode-1@group-523986131536->omNode-3-GrpcLogAppender: Follower failed (request=null, errorCount=359); keep nextIndex (220) unchanged and retry.
2025-04-23 14:39:37,635 [grpc-default-executor-1] WARN  server.GrpcLogAppender (GrpcLogAppender.java:lambda$resetClient$1(221)) - omNode-1@group-523986131536->omNode-3-GrpcLogAppender: Follower failed (request=null, errorCount=361); keep nextIndex (221) unchanged and retry.
2025-04-23 14:39:37,640 [grpc-default-executor-3] WARN  server.GrpcLogAppender (GrpcLogAppender.java:lambda$resetClient$1(221)) - omNode-1@group-523986131536->omNode-3-GrpcLogAppender: Follower failed (request=null, errorCount=363); keep nextIndex (222) unchanged and retry.
2025-04-23 14:39:37,641 [grpc-default-executor-0] WARN  server.GrpcLogAppender (GrpcLogAppender.java:lambda$resetClient$1(221)) - omNode-1@group-523986131536->omNode-3-GrpcLogAppender: Follower failed (request=null, errorCount=365); keep nextIndex (223) unchanged and retry.
2025-04-23 14:39:37,648 [grpc-default-executor-3] WARN  server.GrpcLogAppender (GrpcLogAppender.java:lambda$resetClient$1(221)) - omNode-1@group-523986131536->omNode-3-GrpcLogAppender: Follower failed (request=null, errorCount=367); keep nextIndex (224) unchanged and retry.
2025-04-23 14:39:37,650 [grpc-default-executor-1] WARN  server.GrpcLogAppender (GrpcLogAppender.java:lambda$resetClient$1(221)) - omNode-1@group-523986131536->omNode-3-GrpcLogAppender: Follower failed (request=null, errorCount=369); keep nextIndex (225) unchanged and retry.
2025-04-23 14:39:37,653 [grpc-default-executor-3] WARN  server.GrpcLogAppender (GrpcLogAppender.java:lambda$resetClient$1(221)) - omNode-1@group-523986131536->omNode-3-GrpcLogAppender: Follower failed (request=null, errorCount=371); keep nextIndex (226) unchanged and retry.
2025-04-23 14:39:37,656 [grpc-default-executor-0] WARN  server.GrpcLogAppender (GrpcLogAppender.java:lambda$resetClient$1(221)) - omNode-1@group-523986131536->omNode-3-GrpcLogAppender: Follower failed (request=null, errorCount=373); keep nextIndex (227) unchanged and retry.
2025-04-23 14:39:37,662 [grpc-default-executor-3] WARN  server.GrpcLogAppender (GrpcLogAppender.java:lambda$resetClient$1(221)) - omNode-1@group-523986131536->omNode-3-GrpcLogAppender: Follower failed (request=null, errorCount=375); keep nextIndex (228) unchanged and retry.
2025-04-23 14:39:37,664 [grpc-default-executor-3] WARN  server.GrpcLogAppender (GrpcLogAppender.java:lambda$resetClient$1(221)) - omNode-1@group-523986131536->omNode-3-GrpcLogAppender: Follower failed (request=null, errorCount=377); keep nextIndex (229) unchanged and retry.
2025-04-23 14:39:37,667 [grpc-default-executor-0] WARN  server.GrpcLogAppender (GrpcLogAppender.java:lambda$resetClient$1(221)) - omNode-1@group-523986131536->omNode-3-GrpcLogAppender: Follower failed (request=null, errorCount=379); keep nextIndex (230) unchanged and retry.
2025-04-23 14:39:37,668 [grpc-default-executor-3] WARN  server.GrpcLogAppender (GrpcLogAppender.java:lambda$resetClient$1(221)) - omNode-1@group-523986131536->omNode-3-GrpcLogAppender: Follower failed (request=null, errorCount=381); keep nextIndex (231) unchanged and retry.
2025-04-23 14:39:37,676 [grpc-default-executor-1] WARN  server.GrpcLogAppender (GrpcLogAppender.java:lambda$resetClient$1(221)) - omNode-1@group-523986131536->omNode-3-GrpcLogAppender: Follower failed (request=null, errorCount=383); keep nextIndex (232) unchanged and retry.
2025-04-23 14:39:37,679 [grpc-default-executor-1] WARN  server.GrpcLogAppender (GrpcLogAppender.java:lambda$resetClient$1(221)) - omNode-1@group-523986131536->omNode-3-GrpcLogAppender: Follower failed (request=null, errorCount=385); keep nextIndex (233) unchanged and retry.
2025-04-23 14:39:37,683 [grpc-default-executor-3] WARN  server.GrpcLogAppender (GrpcLogAppender.java:lambda$resetClient$1(221)) - omNode-1@group-523986131536->omNode-3-GrpcLogAppender: Follower failed (request=null, errorCount=387); keep nextIndex (234) unchanged and retry.
2025-04-23 14:39:37,684 [grpc-default-executor-3] WARN  server.GrpcLogAppender (GrpcLogAppender.java:lambda$resetClient$1(221)) - omNode-1@group-523986131536->omNode-3-GrpcLogAppender: Follower failed (request=null, errorCount=389); keep nextIndex (235) unchanged and retry.
2025-04-23 14:39:37,693 [grpc-default-executor-0] WARN  server.GrpcLogAppender (GrpcLogAppender.java:lambda$resetClient$1(221)) - omNode-1@group-523986131536->omNode-3-GrpcLogAppender: Follower failed (request=null, errorCount=391); keep nextIndex (236) unchanged and retry.
2025-04-23 14:39:37,694 [grpc-default-executor-0] WARN  server.GrpcLogAppender (GrpcLogAppender.java:lambda$resetClient$1(221)) - omNode-1@group-523986131536->omNode-3-GrpcLogAppender: Follower failed (request=null, errorCount=393); keep nextIndex (237) unchanged and retry.
2025-04-23 14:39:37,698 [grpc-default-executor-3] WARN  server.GrpcLogAppender (GrpcLogAppender.java:lambda$resetClient$1(221)) - omNode-1@group-523986131536->omNode-3-GrpcLogAppender: Follower failed (request=null, errorCount=395); keep nextIndex (238) unchanged and retry.
2025-04-23 14:39:37,700 [grpc-default-executor-0] WARN  server.GrpcLogAppender (GrpcLogAppender.java:lambda$resetClient$1(221)) - omNode-1@group-523986131536->omNode-3-GrpcLogAppender: Follower failed (request=null, errorCount=397); keep nextIndex (239) unchanged and retry.
2025-04-23 14:39:37,707 [grpc-default-executor-3] WARN  server.GrpcLogAppender (GrpcLogAppender.java:lambda$resetClient$1(221)) - omNode-1@group-523986131536->omNode-3-GrpcLogAppender: Follower failed (request=null, errorCount=399); keep nextIndex (240) unchanged and retry.
2025-04-23 14:39:37,709 [grpc-default-executor-0] WARN  server.GrpcLogAppender (GrpcLogAppender.java:lambda$resetClient$1(221)) - omNode-1@group-523986131536->omNode-3-GrpcLogAppender: Follower failed (request=null, errorCount=401); keep nextIndex (241) unchanged and retry.
2025-04-23 14:39:37,714 [grpc-default-executor-1] WARN  server.GrpcLogAppender (GrpcLogAppender.java:lambda$resetClient$1(221)) - omNode-1@group-523986131536->omNode-3-GrpcLogAppender: Follower failed (request=null, errorCount=403); keep nextIndex (242) unchanged and retry.
2025-04-23 14:39:37,716 [grpc-default-executor-3] WARN  server.GrpcLogAppender (GrpcLogAppender.java:lambda$resetClient$1(221)) - omNode-1@group-523986131536->omNode-3-GrpcLogAppender: Follower failed (request=null, errorCount=405); keep nextIndex (243) unchanged and retry.
2025-04-23 14:39:37,725 [grpc-default-executor-0] WARN  server.GrpcLogAppender (GrpcLogAppender.java:lambda$resetClient$1(221)) - omNode-1@group-523986131536->omNode-3-GrpcLogAppender: Follower failed (request=null, errorCount=407); keep nextIndex (244) unchanged and retry.
2025-04-23 14:39:37,729 [grpc-default-executor-1] WARN  server.GrpcLogAppender (GrpcLogAppender.java:lambda$resetClient$1(221)) - omNode-1@group-523986131536->omNode-3-GrpcLogAppender: Follower failed (request=null, errorCount=409); keep nextIndex (245) unchanged and retry.
2025-04-23 14:39:37,737 [grpc-default-executor-0] WARN  server.GrpcLogAppender (GrpcLogAppender.java:lambda$resetClient$1(221)) - omNode-1@group-523986131536->omNode-3-GrpcLogAppender: Follower failed (request=null, errorCount=411); keep nextIndex (246) unchanged and retry.
2025-04-23 14:39:37,739 [grpc-default-executor-1] WARN  server.GrpcLogAppender (GrpcLogAppender.java:lambda$resetClient$1(221)) - omNode-1@group-523986131536->omNode-3-GrpcLogAppender: Follower failed (request=null, errorCount=413); keep nextIndex (247) unchanged and retry.
2025-04-23 14:39:37,754 [grpc-default-executor-1] WARN  server.GrpcLogAppender (GrpcLogAppender.java:lambda$resetClient$1(221)) - omNode-1@group-523986131536->omNode-3-GrpcLogAppender: Follower failed (request=null, errorCount=415); keep nextIndex (248) unchanged and retry.
2025-04-23 14:39:37,757 [grpc-default-executor-3] WARN  server.GrpcLogAppender (GrpcLogAppender.java:lambda$resetClient$1(221)) - omNode-1@group-523986131536->omNode-3-GrpcLogAppender: Follower failed (request=null, errorCount=417); keep nextIndex (249) unchanged and retry.
2025-04-23 14:39:37,762 [grpc-default-executor-0] WARN  server.GrpcLogAppender (GrpcLogAppender.java:lambda$resetClient$1(221)) - omNode-1@group-523986131536->omNode-3-GrpcLogAppender: Follower failed (request=null, errorCount=419); keep nextIndex (250) unchanged and retry.
2025-04-23 14:39:37,764 [grpc-default-executor-1] WARN  server.GrpcLogAppender (GrpcLogAppender.java:lambda$resetClient$1(221)) - omNode-1@group-523986131536->omNode-3-GrpcLogAppender: Follower failed (request=null, errorCount=421); keep nextIndex (251) unchanged and retry.
2025-04-23 14:39:37,776 [grpc-default-executor-3] WARN  server.GrpcLogAppender (GrpcLogAppender.java:lambda$resetClient$1(221)) - omNode-1@group-523986131536->omNode-3-GrpcLogAppender: Follower failed (request=null, errorCount=423); keep nextIndex (252) unchanged and retry.
2025-04-23 14:39:37,778 [grpc-default-executor-0] WARN  server.GrpcLogAppender (GrpcLogAppender.java:lambda$resetClient$1(221)) - omNode-1@group-523986131536->omNode-3-GrpcLogAppender: Follower failed (request=null, errorCount=425); keep nextIndex (253) unchanged and retry.
2025-04-23 14:39:37,784 [grpc-default-executor-1] WARN  server.GrpcLogAppender (GrpcLogAppender.java:lambda$resetClient$1(221)) - omNode-1@group-523986131536->omNode-3-GrpcLogAppender: Follower failed (request=null, errorCount=427); keep nextIndex (254) unchanged and retry.
2025-04-23 14:39:37,786 [grpc-default-executor-0] WARN  server.GrpcLogAppender (GrpcLogAppender.java:lambda$resetClient$1(221)) - omNode-1@group-523986131536->omNode-3-GrpcLogAppender: Follower failed (request=null, errorCount=429); keep nextIndex (255) unchanged and retry.
2025-04-23 14:39:37,799 [grpc-default-executor-1] WARN  server.GrpcLogAppender (GrpcLogAppender.java:lambda$resetClient$1(221)) - omNode-1@group-523986131536->omNode-3-GrpcLogAppender: Follower failed (request=null, errorCount=431); keep nextIndex (256) unchanged and retry.
2025-04-23 14:39:37,801 [grpc-default-executor-0] WARN  server.GrpcLogAppender (GrpcLogAppender.java:lambda$resetClient$1(221)) - omNode-1@group-523986131536->omNode-3-GrpcLogAppender: Follower failed (request=null, errorCount=433); keep nextIndex (257) unchanged and retry.
2025-04-23 14:39:37,806 [omNode-2@group-523986131536-StateMachineUpdater] INFO  ratis.OzoneManagerStateMachine (OzoneManagerStateMachine.java:takeSnapshotImpl(510)) - omNode-2: taking snapshot. applied = (t:1, i:250), skipped = 249, notified = (t:1, i:250), current snapshot index = (t:1, i:250), took 28 ms
2025-04-23 14:39:37,806 [omNode-2@group-523986131536-StateMachineUpdater] INFO  impl.StateMachineUpdater (StateMachineUpdater.java:takeSnapshot(303)) - omNode-2@group-523986131536-StateMachineUpdater: Took a snapshot at index 250
2025-04-23 14:39:37,806 [omNode-2@group-523986131536-StateMachineUpdater] INFO  impl.StateMachineUpdater (StateMachineUpdater.java:lambda$new$0(102)) - omNode-2@group-523986131536-StateMachineUpdater: snapshotIndex: updateIncreasingly 200 -> 250
2025-04-23 14:39:37,806 [omNode-2@group-523986131536-StateMachineUpdater] INFO  raftlog.RaftLog (RaftLogBase.java:purge(325)) - omNode-2@group-523986131536-SegmentedRaftLog: purge 250
2025-04-23 14:39:37,806 [omNode-2@group-523986131536-StateMachineUpdater] INFO  raftlog.RaftLog (RaftLogBase.java:lambda$new$0(54)) - omNode-2@group-523986131536-SegmentedRaftLog: snapshotIndex: updateIncreasingly 200 -> 250
2025-04-23 14:39:37,806 [omNode-2@group-523986131536-StateMachineUpdater] INFO  raftlog.RaftLog (RaftLogBase.java:lambda$new$0(54)) - omNode-2@group-523986131536-SegmentedRaftLog: purgeIndex: updateToMax old=200, new=250, updated? true
2025-04-23 14:39:37,812 [omNode-1@group-523986131536-StateMachineUpdater] INFO  ratis.OzoneManagerStateMachine (OzoneManagerStateMachine.java:takeSnapshotImpl(510)) - omNode-1: taking snapshot. applied = (t:1, i:252), skipped = 251, notified = (t:1, i:252), current snapshot index = (t:1, i:252), took 25 ms
2025-04-23 14:39:37,812 [omNode-1@group-523986131536-StateMachineUpdater] INFO  impl.StateMachineUpdater (StateMachineUpdater.java:takeSnapshot(303)) - omNode-1@group-523986131536-StateMachineUpdater: Took a snapshot at index 252
2025-04-23 14:39:37,812 [omNode-1@group-523986131536-StateMachineUpdater] INFO  impl.StateMachineUpdater (StateMachineUpdater.java:lambda$new$0(102)) - omNode-1@group-523986131536-StateMachineUpdater: snapshotIndex: updateIncreasingly 201 -> 252
2025-04-23 14:39:37,812 [omNode-1@group-523986131536-StateMachineUpdater] INFO  raftlog.RaftLog (RaftLogBase.java:purge(325)) - omNode-1@group-523986131536-SegmentedRaftLog: purge 252
2025-04-23 14:39:37,812 [omNode-1@group-523986131536-StateMachineUpdater] INFO  raftlog.RaftLog (RaftLogBase.java:lambda$new$0(54)) - omNode-1@group-523986131536-SegmentedRaftLog: snapshotIndex: updateIncreasingly 201 -> 252
2025-04-23 14:39:37,812 [omNode-1@group-523986131536-StateMachineUpdater] INFO  raftlog.RaftLog (RaftLogBase.java:lambda$new$0(54)) - omNode-1@group-523986131536-SegmentedRaftLog: purgeIndex: updateToMax old=201, new=252, updated? true
2025-04-23 14:39:37,818 [grpc-default-executor-1] WARN  server.GrpcLogAppender (GrpcLogAppender.java:lambda$resetClient$1(221)) - omNode-1@group-523986131536->omNode-3-GrpcLogAppender: Follower failed (request=null, errorCount=435); keep nextIndex (258) unchanged and retry.
2025-04-23 14:39:37,820 [grpc-default-executor-0] WARN  server.GrpcLogAppender (GrpcLogAppender.java:lambda$resetClient$1(221)) - omNode-1@group-523986131536->omNode-3-GrpcLogAppender: Follower failed (request=null, errorCount=437); keep nextIndex (259) unchanged and retry.
2025-04-23 14:39:37,831 [grpc-default-executor-0] WARN  server.GrpcLogAppender (GrpcLogAppender.java:lambda$resetClient$1(221)) - omNode-1@group-523986131536->omNode-3-GrpcLogAppender: Follower failed (request=null, errorCount=439); keep nextIndex (260) unchanged and retry.
2025-04-23 14:39:37,832 [grpc-default-executor-4] WARN  server.GrpcLogAppender (GrpcLogAppender.java:lambda$resetClient$1(221)) - omNode-1@group-523986131536->omNode-3-GrpcLogAppender: Follower failed (request=null, errorCount=441); keep nextIndex (261) unchanged and retry.
2025-04-23 14:39:37,838 [grpc-default-executor-3] WARN  server.GrpcLogAppender (GrpcLogAppender.java:lambda$resetClient$1(221)) - omNode-1@group-523986131536->omNode-3-GrpcLogAppender: Follower failed (request=null, errorCount=443); keep nextIndex (262) unchanged and retry.
2025-04-23 14:39:37,839 [grpc-default-executor-3] WARN  server.GrpcLogAppender (GrpcLogAppender.java:lambda$resetClient$1(221)) - omNode-1@group-523986131536->omNode-3-GrpcLogAppender: Follower failed (request=null, errorCount=445); keep nextIndex (263) unchanged and retry.
2025-04-23 14:39:37,848 [grpc-default-executor-0] WARN  server.GrpcLogAppender (GrpcLogAppender.java:lambda$resetClient$1(221)) - omNode-1@group-523986131536->omNode-3-GrpcLogAppender: Follower failed (request=null, errorCount=447); keep nextIndex (264) unchanged and retry.
2025-04-23 14:39:37,850 [grpc-default-executor-3] WARN  server.GrpcLogAppender (GrpcLogAppender.java:lambda$resetClient$1(221)) - omNode-1@group-523986131536->omNode-3-GrpcLogAppender: Follower failed (request=null, errorCount=449); keep nextIndex (265) unchanged and retry.
2025-04-23 14:39:37,855 [grpc-default-executor-4] WARN  server.GrpcLogAppender (GrpcLogAppender.java:lambda$resetClient$1(221)) - omNode-1@group-523986131536->omNode-3-GrpcLogAppender: Follower failed (request=null, errorCount=451); keep nextIndex (266) unchanged and retry.
2025-04-23 14:39:37,858 [grpc-default-executor-0] WARN  server.GrpcLogAppender (GrpcLogAppender.java:lambda$resetClient$1(221)) - omNode-1@group-523986131536->omNode-3-GrpcLogAppender: Follower failed (request=null, errorCount=453); keep nextIndex (267) unchanged and retry.
2025-04-23 14:39:37,870 [grpc-default-executor-0] WARN  server.GrpcLogAppender (GrpcLogAppender.java:lambda$resetClient$1(221)) - omNode-1@group-523986131536->omNode-3-GrpcLogAppender: Follower failed (request=null, errorCount=457); keep nextIndex (268) unchanged and retry.
2025-04-23 14:39:37,876 [grpc-default-executor-3] WARN  server.GrpcLogAppender (GrpcLogAppender.java:lambda$resetClient$1(221)) - omNode-1@group-523986131536->omNode-3-GrpcLogAppender: Follower failed (request=null, errorCount=459); keep nextIndex (270) unchanged and retry.
2025-04-23 14:39:37,878 [grpc-default-executor-0] WARN  server.GrpcLogAppender (GrpcLogAppender.java:lambda$resetClient$1(221)) - omNode-1@group-523986131536->omNode-3-GrpcLogAppender: Follower failed (request=null, errorCount=461); keep nextIndex (271) unchanged and retry.
2025-04-23 14:39:37,887 [grpc-default-executor-4] WARN  server.GrpcLogAppender (GrpcLogAppender.java:lambda$resetClient$1(221)) - omNode-1@group-523986131536->omNode-3-GrpcLogAppender: Follower failed (request=null, errorCount=463); keep nextIndex (272) unchanged and retry.
2025-04-23 14:39:37,890 [grpc-default-executor-4] WARN  server.GrpcLogAppender (GrpcLogAppender.java:lambda$resetClient$1(221)) - omNode-1@group-523986131536->omNode-3-GrpcLogAppender: Follower failed (request=null, errorCount=465); keep nextIndex (273) unchanged and retry.
2025-04-23 14:39:37,894 [grpc-default-executor-0] WARN  server.GrpcLogAppender (GrpcLogAppender.java:lambda$resetClient$1(221)) - omNode-1@group-523986131536->omNode-3-GrpcLogAppender: Follower failed (request=null, errorCount=467); keep nextIndex (274) unchanged and retry.
2025-04-23 14:39:37,895 [grpc-default-executor-4] WARN  server.GrpcLogAppender (GrpcLogAppender.java:lambda$resetClient$1(221)) - omNode-1@group-523986131536->omNode-3-GrpcLogAppender: Follower failed (request=null, errorCount=469); keep nextIndex (275) unchanged and retry.
2025-04-23 14:39:37,903 [grpc-default-executor-0] WARN  server.GrpcLogAppender (GrpcLogAppender.java:lambda$resetClient$1(221)) - omNode-1@group-523986131536->omNode-3-GrpcLogAppender: Follower failed (request=null, errorCount=471); keep nextIndex (276) unchanged and retry.
2025-04-23 14:39:37,907 [grpc-default-executor-3] WARN  server.GrpcLogAppender (GrpcLogAppender.java:lambda$resetClient$1(221)) - omNode-1@group-523986131536->omNode-3-GrpcLogAppender: Follower failed (request=null, errorCount=473); keep nextIndex (277) unchanged and retry.
2025-04-23 14:39:37,909 [grpc-default-executor-0] WARN  server.GrpcLogAppender (GrpcLogAppender.java:lambda$resetClient$1(221)) - omNode-1@group-523986131536->omNode-3-GrpcLogAppender: Follower failed (request=null, errorCount=475); keep nextIndex (278) unchanged and retry.
2025-04-23 14:39:37,911 [grpc-default-executor-3] WARN  server.GrpcLogAppender (GrpcLogAppender.java:lambda$resetClient$1(221)) - omNode-1@group-523986131536->omNode-3-GrpcLogAppender: Follower failed (request=null, errorCount=477); keep nextIndex (279) unchanged and retry.
2025-04-23 14:39:37,919 [grpc-default-executor-0] WARN  server.GrpcLogAppender (GrpcLogAppender.java:lambda$resetClient$1(221)) - omNode-1@group-523986131536->omNode-3-GrpcLogAppender: Follower failed (request=null, errorCount=479); keep nextIndex (280) unchanged and retry.
2025-04-23 14:39:37,921 [grpc-default-executor-4] WARN  server.GrpcLogAppender (GrpcLogAppender.java:lambda$resetClient$1(221)) - omNode-1@group-523986131536->omNode-3-GrpcLogAppender: Follower failed (request=null, errorCount=481); keep nextIndex (281) unchanged and retry.
2025-04-23 14:39:37,927 [grpc-default-executor-3] WARN  server.GrpcLogAppender (GrpcLogAppender.java:lambda$resetClient$1(221)) - omNode-1@group-523986131536->omNode-3-GrpcLogAppender: Follower failed (request=null, errorCount=483); keep nextIndex (282) unchanged and retry.
2025-04-23 14:39:37,929 [grpc-default-executor-4] WARN  server.GrpcLogAppender (GrpcLogAppender.java:lambda$resetClient$1(221)) - omNode-1@group-523986131536->omNode-3-GrpcLogAppender: Follower failed (request=null, errorCount=485); keep nextIndex (283) unchanged and retry.
2025-04-23 14:39:37,937 [grpc-default-executor-3] WARN  server.GrpcLogAppender (GrpcLogAppender.java:lambda$resetClient$1(221)) - omNode-1@group-523986131536->omNode-3-GrpcLogAppender: Follower failed (request=null, errorCount=487); keep nextIndex (284) unchanged and retry.
2025-04-23 14:39:37,942 [grpc-default-executor-4] WARN  server.GrpcLogAppender (GrpcLogAppender.java:lambda$resetClient$1(221)) - omNode-1@group-523986131536->omNode-3-GrpcLogAppender: Follower failed (request=null, errorCount=489); keep nextIndex (285) unchanged and retry.
2025-04-23 14:39:37,945 [grpc-default-executor-0] WARN  server.GrpcLogAppender (GrpcLogAppender.java:lambda$resetClient$1(221)) - omNode-1@group-523986131536->omNode-3-GrpcLogAppender: Follower failed (request=null, errorCount=491); keep nextIndex (286) unchanged and retry.
2025-04-23 14:39:37,948 [grpc-default-executor-4] WARN  server.GrpcLogAppender (GrpcLogAppender.java:lambda$resetClient$1(221)) - omNode-1@group-523986131536->omNode-3-GrpcLogAppender: Follower failed (request=null, errorCount=493); keep nextIndex (287) unchanged and retry.
2025-04-23 14:39:37,954 [grpc-default-executor-4] WARN  server.GrpcLogAppender (GrpcLogAppender.java:lambda$resetClient$1(221)) - omNode-1@group-523986131536->omNode-3-GrpcLogAppender: Follower failed (request=null, errorCount=495); keep nextIndex (288) unchanged and retry.
2025-04-23 14:39:37,956 [grpc-default-executor-0] WARN  server.GrpcLogAppender (GrpcLogAppender.java:lambda$resetClient$1(221)) - omNode-1@group-523986131536->omNode-3-GrpcLogAppender: Follower failed (request=null, errorCount=497); keep nextIndex (289) unchanged and retry.
2025-04-23 14:39:37,961 [grpc-default-executor-3] WARN  server.GrpcLogAppender (GrpcLogAppender.java:lambda$resetClient$1(221)) - omNode-1@group-523986131536->omNode-3-GrpcLogAppender: Follower failed (request=null, errorCount=499); keep nextIndex (290) unchanged and retry.
2025-04-23 14:39:37,962 [grpc-default-executor-4] WARN  server.GrpcLogAppender (GrpcLogAppender.java:lambda$resetClient$1(221)) - omNode-1@group-523986131536->omNode-3-GrpcLogAppender: Follower failed (request=null, errorCount=501); keep nextIndex (291) unchanged and retry.
2025-04-23 14:39:37,971 [grpc-default-executor-0] WARN  server.GrpcLogAppender (GrpcLogAppender.java:lambda$resetClient$1(221)) - omNode-1@group-523986131536->omNode-3-GrpcLogAppender: Follower failed (request=null, errorCount=503); keep nextIndex (292) unchanged and retry.
2025-04-23 14:39:37,973 [grpc-default-executor-4] WARN  server.GrpcLogAppender (GrpcLogAppender.java:lambda$resetClient$1(221)) - omNode-1@group-523986131536->omNode-3-GrpcLogAppender: Follower failed (request=null, errorCount=505); keep nextIndex (293) unchanged and retry.
2025-04-23 14:39:37,979 [grpc-default-executor-3] WARN  server.GrpcLogAppender (GrpcLogAppender.java:lambda$resetClient$1(221)) - omNode-1@group-523986131536->omNode-3-GrpcLogAppender: Follower failed (request=null, errorCount=507); keep nextIndex (294) unchanged and retry.
2025-04-23 14:39:37,982 [grpc-default-executor-3] WARN  server.GrpcLogAppender (GrpcLogAppender.java:lambda$resetClient$1(221)) - omNode-1@group-523986131536->omNode-3-GrpcLogAppender: Follower failed (request=null, errorCount=509); keep nextIndex (295) unchanged and retry.
2025-04-23 14:39:37,988 [grpc-default-executor-0] WARN  server.GrpcLogAppender (GrpcLogAppender.java:lambda$resetClient$1(221)) - omNode-1@group-523986131536->omNode-3-GrpcLogAppender: Follower failed (request=null, errorCount=511); keep nextIndex (296) unchanged and retry.
2025-04-23 14:39:37,990 [grpc-default-executor-0] WARN  server.GrpcLogAppender (GrpcLogAppender.java:lambda$resetClient$1(221)) - omNode-1@group-523986131536->omNode-3-GrpcLogAppender: Follower failed (request=null, errorCount=513); keep nextIndex (297) unchanged and retry.
2025-04-23 14:39:37,996 [grpc-default-executor-3] WARN  server.GrpcLogAppender (GrpcLogAppender.java:lambda$resetClient$1(221)) - omNode-1@group-523986131536->omNode-3-GrpcLogAppender: Follower failed (request=null, errorCount=515); keep nextIndex (298) unchanged and retry.
2025-04-23 14:39:37,998 [grpc-default-executor-0] WARN  server.GrpcLogAppender (GrpcLogAppender.java:lambda$resetClient$1(221)) - omNode-1@group-523986131536->omNode-3-GrpcLogAppender: Follower failed (request=null, errorCount=517); keep nextIndex (299) unchanged and retry.
2025-04-23 14:39:38,005 [grpc-default-executor-3] WARN  server.GrpcLogAppender (GrpcLogAppender.java:lambda$resetClient$1(221)) - omNode-1@group-523986131536->omNode-3-GrpcLogAppender: Follower failed (request=null, errorCount=519); keep nextIndex (300) unchanged and retry.
2025-04-23 14:39:38,007 [grpc-default-executor-3] WARN  server.GrpcLogAppender (GrpcLogAppender.java:lambda$resetClient$1(221)) - omNode-1@group-523986131536->omNode-3-GrpcLogAppender: Follower failed (request=null, errorCount=521); keep nextIndex (301) unchanged and retry.
2025-04-23 14:39:38,009 [grpc-default-executor-4] WARN  server.GrpcLogAppender (GrpcLogAppender.java:lambda$resetClient$1(221)) - omNode-1@group-523986131536->omNode-3-GrpcLogAppender: Follower failed (request=null, errorCount=523); keep nextIndex (302) unchanged and retry.
2025-04-23 14:39:38,012 [grpc-default-executor-3] WARN  server.GrpcLogAppender (GrpcLogAppender.java:lambda$resetClient$1(221)) - omNode-1@group-523986131536->omNode-3-GrpcLogAppender: Follower failed (request=null, errorCount=525); keep nextIndex (303) unchanged and retry.
2025-04-23 14:39:38,019 [grpc-default-executor-3] WARN  server.GrpcLogAppender (GrpcLogAppender.java:lambda$resetClient$1(221)) - omNode-1@group-523986131536->omNode-3-GrpcLogAppender: Follower failed (request=null, errorCount=527); keep nextIndex (304) unchanged and retry.
2025-04-23 14:39:38,022 [grpc-default-executor-0] WARN  server.GrpcLogAppender (GrpcLogAppender.java:lambda$resetClient$1(221)) - omNode-1@group-523986131536->omNode-3-GrpcLogAppender: Follower failed (request=null, errorCount=529); keep nextIndex (305) unchanged and retry.
2025-04-23 14:39:38,032 [omNode-1@group-523986131536-StateMachineUpdater] INFO  ratis.OzoneManagerStateMachine (OzoneManagerStateMachine.java:takeSnapshotImpl(510)) - omNode-1: taking snapshot. applied = (t:1, i:302), skipped = 301, notified = (t:1, i:302), current snapshot index = (t:1, i:302), took 21 ms
2025-04-23 14:39:38,032 [omNode-1@group-523986131536-StateMachineUpdater] INFO  impl.StateMachineUpdater (StateMachineUpdater.java:takeSnapshot(303)) - omNode-1@group-523986131536-StateMachineUpdater: Took a snapshot at index 302
2025-04-23 14:39:38,032 [omNode-1@group-523986131536-StateMachineUpdater] INFO  impl.StateMachineUpdater (StateMachineUpdater.java:lambda$new$0(102)) - omNode-1@group-523986131536-StateMachineUpdater: snapshotIndex: updateIncreasingly 252 -> 302
2025-04-23 14:39:38,032 [omNode-1@group-523986131536-StateMachineUpdater] INFO  raftlog.RaftLog (RaftLogBase.java:purge(325)) - omNode-1@group-523986131536-SegmentedRaftLog: purge 302
2025-04-23 14:39:38,032 [omNode-1@group-523986131536-StateMachineUpdater] INFO  raftlog.RaftLog (RaftLogBase.java:lambda$new$0(54)) - omNode-1@group-523986131536-SegmentedRaftLog: snapshotIndex: updateIncreasingly 252 -> 302
2025-04-23 14:39:38,032 [omNode-1@group-523986131536-StateMachineUpdater] INFO  raftlog.RaftLog (RaftLogBase.java:lambda$new$0(54)) - omNode-1@group-523986131536-SegmentedRaftLog: purgeIndex: updateToMax old=252, new=302, updated? true
2025-04-23 14:39:38,033 [omNode-2@group-523986131536-StateMachineUpdater] INFO  ratis.OzoneManagerStateMachine (OzoneManagerStateMachine.java:takeSnapshotImpl(510)) - omNode-2: taking snapshot. applied = (t:1, i:300), skipped = 299, notified = (t:1, i:300), current snapshot index = (t:1, i:300), took 23 ms
2025-04-23 14:39:38,033 [omNode-2@group-523986131536-StateMachineUpdater] INFO  impl.StateMachineUpdater (StateMachineUpdater.java:takeSnapshot(303)) - omNode-2@group-523986131536-StateMachineUpdater: Took a snapshot at index 300
2025-04-23 14:39:38,033 [omNode-2@group-523986131536-StateMachineUpdater] INFO  impl.StateMachineUpdater (StateMachineUpdater.java:lambda$new$0(102)) - omNode-2@group-523986131536-StateMachineUpdater: snapshotIndex: updateIncreasingly 250 -> 300
2025-04-23 14:39:38,033 [omNode-2@group-523986131536-StateMachineUpdater] INFO  raftlog.RaftLog (RaftLogBase.java:purge(325)) - omNode-2@group-523986131536-SegmentedRaftLog: purge 300
2025-04-23 14:39:38,033 [omNode-2@group-523986131536-StateMachineUpdater] INFO  raftlog.RaftLog (RaftLogBase.java:lambda$new$0(54)) - omNode-2@group-523986131536-SegmentedRaftLog: snapshotIndex: updateIncreasingly 250 -> 300
2025-04-23 14:39:38,033 [omNode-2@group-523986131536-StateMachineUpdater] INFO  raftlog.RaftLog (RaftLogBase.java:lambda$new$0(54)) - omNode-2@group-523986131536-SegmentedRaftLog: purgeIndex: updateToMax old=250, new=300, updated? true
2025-04-23 14:39:38,038 [grpc-default-executor-4] WARN  server.GrpcLogAppender (GrpcLogAppender.java:lambda$resetClient$1(221)) - omNode-1@group-523986131536->omNode-3-GrpcLogAppender: Follower failed (request=null, errorCount=531); keep nextIndex (306) unchanged and retry.
2025-04-23 14:39:38,041 [grpc-default-executor-3] WARN  server.GrpcLogAppender (GrpcLogAppender.java:lambda$resetClient$1(221)) - omNode-1@group-523986131536->omNode-3-GrpcLogAppender: Follower failed (request=null, errorCount=533); keep nextIndex (307) unchanged and retry.
2025-04-23 14:39:38,049 [grpc-default-executor-0] WARN  server.GrpcLogAppender (GrpcLogAppender.java:lambda$resetClient$1(221)) - omNode-1@group-523986131536->omNode-3-GrpcLogAppender: Follower failed (request=null, errorCount=535); keep nextIndex (308) unchanged and retry.
2025-04-23 14:39:38,051 [grpc-default-executor-0] WARN  server.GrpcLogAppender (GrpcLogAppender.java:lambda$resetClient$1(221)) - omNode-1@group-523986131536->omNode-3-GrpcLogAppender: Follower failed (request=null, errorCount=537); keep nextIndex (309) unchanged and retry.
2025-04-23 14:39:38,056 [grpc-default-executor-4] WARN  server.GrpcLogAppender (GrpcLogAppender.java:lambda$resetClient$1(221)) - omNode-1@group-523986131536->omNode-3-GrpcLogAppender: Follower failed (request=null, errorCount=539); keep nextIndex (310) unchanged and retry.
2025-04-23 14:39:38,058 [grpc-default-executor-0] WARN  server.GrpcLogAppender (GrpcLogAppender.java:lambda$resetClient$1(221)) - omNode-1@group-523986131536->omNode-3-GrpcLogAppender: Follower failed (request=null, errorCount=541); keep nextIndex (311) unchanged and retry.
2025-04-23 14:39:38,068 [grpc-default-executor-0] WARN  server.GrpcLogAppender (GrpcLogAppender.java:lambda$resetClient$1(221)) - omNode-1@group-523986131536->omNode-3-GrpcLogAppender: Follower failed (request=null, errorCount=543); keep nextIndex (312) unchanged and retry.
2025-04-23 14:39:38,069 [grpc-default-executor-3] WARN  server.GrpcLogAppender (GrpcLogAppender.java:lambda$resetClient$1(221)) - omNode-1@group-523986131536->omNode-3-GrpcLogAppender: Follower failed (request=null, errorCount=545); keep nextIndex (313) unchanged and retry.
2025-04-23 14:39:38,074 [grpc-default-executor-0] WARN  server.GrpcLogAppender (GrpcLogAppender.java:lambda$resetClient$1(221)) - omNode-1@group-523986131536->omNode-3-GrpcLogAppender: Follower failed (request=null, errorCount=547); keep nextIndex (314) unchanged and retry.
2025-04-23 14:39:38,076 [grpc-default-executor-3] WARN  server.GrpcLogAppender (GrpcLogAppender.java:lambda$resetClient$1(221)) - omNode-1@group-523986131536->omNode-3-GrpcLogAppender: Follower failed (request=null, errorCount=549); keep nextIndex (315) unchanged and retry.
2025-04-23 14:39:38,084 [grpc-default-executor-0] WARN  server.GrpcLogAppender (GrpcLogAppender.java:lambda$resetClient$1(221)) - omNode-1@group-523986131536->omNode-3-GrpcLogAppender: Follower failed (request=null, errorCount=551); keep nextIndex (316) unchanged and retry.
2025-04-23 14:39:38,086 [grpc-default-executor-4] WARN  server.GrpcLogAppender (GrpcLogAppender.java:lambda$resetClient$1(221)) - omNode-1@group-523986131536->omNode-3-GrpcLogAppender: Follower failed (request=null, errorCount=553); keep nextIndex (317) unchanged and retry.
2025-04-23 14:39:38,090 [grpc-default-executor-3] WARN  server.GrpcLogAppender (GrpcLogAppender.java:lambda$resetClient$1(221)) - omNode-1@group-523986131536->omNode-3-GrpcLogAppender: Follower failed (request=null, errorCount=555); keep nextIndex (318) unchanged and retry.
2025-04-23 14:39:38,091 [grpc-default-executor-4] WARN  server.GrpcLogAppender (GrpcLogAppender.java:lambda$resetClient$1(221)) - omNode-1@group-523986131536->omNode-3-GrpcLogAppender: Follower failed (request=null, errorCount=557); keep nextIndex (319) unchanged and retry.
2025-04-23 14:39:38,100 [grpc-default-executor-4] WARN  server.GrpcLogAppender (GrpcLogAppender.java:lambda$resetClient$1(221)) - omNode-1@group-523986131536->omNode-3-GrpcLogAppender: Follower failed (request=null, errorCount=559); keep nextIndex (320) unchanged and retry.
2025-04-23 14:39:38,102 [grpc-default-executor-0] WARN  server.GrpcLogAppender (GrpcLogAppender.java:lambda$resetClient$1(221)) - omNode-1@group-523986131536->omNode-3-GrpcLogAppender: Follower failed (request=null, errorCount=561); keep nextIndex (321) unchanged and retry.
2025-04-23 14:39:38,106 [grpc-default-executor-3] WARN  server.GrpcLogAppender (GrpcLogAppender.java:lambda$resetClient$1(221)) - omNode-1@group-523986131536->omNode-3-GrpcLogAppender: Follower failed (request=null, errorCount=563); keep nextIndex (322) unchanged and retry.
2025-04-23 14:39:38,108 [grpc-default-executor-4] WARN  server.GrpcLogAppender (GrpcLogAppender.java:lambda$resetClient$1(221)) - omNode-1@group-523986131536->omNode-3-GrpcLogAppender: Follower failed (request=null, errorCount=565); keep nextIndex (323) unchanged and retry.
2025-04-23 14:39:38,117 [grpc-default-executor-0] WARN  server.GrpcLogAppender (GrpcLogAppender.java:lambda$resetClient$1(221)) - omNode-1@group-523986131536->omNode-3-GrpcLogAppender: Follower failed (request=null, errorCount=567); keep nextIndex (324) unchanged and retry.
2025-04-23 14:39:38,119 [grpc-default-executor-4] WARN  server.GrpcLogAppender (GrpcLogAppender.java:lambda$resetClient$1(221)) - omNode-1@group-523986131536->omNode-3-GrpcLogAppender: Follower failed (request=null, errorCount=569); keep nextIndex (325) unchanged and retry.
2025-04-23 14:39:38,125 [grpc-default-executor-4] WARN  server.GrpcLogAppender (GrpcLogAppender.java:lambda$resetClient$1(221)) - omNode-1@group-523986131536->omNode-3-GrpcLogAppender: Follower failed (request=null, errorCount=573); keep nextIndex (326) unchanged and retry.
2025-04-23 14:39:38,128 [grpc-default-executor-4] WARN  server.GrpcLogAppender (GrpcLogAppender.java:lambda$resetClient$1(221)) - omNode-1@group-523986131536->omNode-3-GrpcLogAppender: Follower failed (request=null, errorCount=575); keep nextIndex (327) unchanged and retry.
2025-04-23 14:39:38,137 [grpc-default-executor-3] WARN  server.GrpcLogAppender (GrpcLogAppender.java:lambda$resetClient$1(221)) - omNode-1@group-523986131536->omNode-3-GrpcLogAppender: Follower failed (request=null, errorCount=577); keep nextIndex (328) unchanged and retry.
2025-04-23 14:39:38,138 [grpc-default-executor-4] WARN  server.GrpcLogAppender (GrpcLogAppender.java:lambda$resetClient$1(221)) - omNode-1@group-523986131536->omNode-3-GrpcLogAppender: Follower failed (request=null, errorCount=579); keep nextIndex (329) unchanged and retry.
2025-04-23 14:39:38,145 [grpc-default-executor-0] WARN  server.GrpcLogAppender (GrpcLogAppender.java:lambda$resetClient$1(221)) - omNode-1@group-523986131536->omNode-3-GrpcLogAppender: Follower failed (request=null, errorCount=581); keep nextIndex (330) unchanged and retry.
2025-04-23 14:39:38,147 [grpc-default-executor-0] WARN  server.GrpcLogAppender (GrpcLogAppender.java:lambda$resetClient$1(221)) - omNode-1@group-523986131536->omNode-3-GrpcLogAppender: Follower failed (request=null, errorCount=583); keep nextIndex (331) unchanged and retry.
2025-04-23 14:39:38,155 [grpc-default-executor-4] WARN  server.GrpcLogAppender (GrpcLogAppender.java:lambda$resetClient$1(221)) - omNode-1@group-523986131536->omNode-3-GrpcLogAppender: Follower failed (request=null, errorCount=585); keep nextIndex (332) unchanged and retry.
2025-04-23 14:39:38,157 [grpc-default-executor-0] WARN  server.GrpcLogAppender (GrpcLogAppender.java:lambda$resetClient$1(221)) - omNode-1@group-523986131536->omNode-3-GrpcLogAppender: Follower failed (request=null, errorCount=587); keep nextIndex (333) unchanged and retry.
2025-04-23 14:39:38,163 [grpc-default-executor-4] WARN  server.GrpcLogAppender (GrpcLogAppender.java:lambda$resetClient$1(221)) - omNode-1@group-523986131536->omNode-3-GrpcLogAppender: Follower failed (request=null, errorCount=589); keep nextIndex (334) unchanged and retry.
2025-04-23 14:39:38,165 [grpc-default-executor-4] WARN  server.GrpcLogAppender (GrpcLogAppender.java:lambda$resetClient$1(221)) - omNode-1@group-523986131536->omNode-3-GrpcLogAppender: Follower failed (request=null, errorCount=591); keep nextIndex (335) unchanged and retry.
2025-04-23 14:39:38,174 [grpc-default-executor-0] WARN  server.GrpcLogAppender (GrpcLogAppender.java:lambda$resetClient$1(221)) - omNode-1@group-523986131536->omNode-3-GrpcLogAppender: Follower failed (request=null, errorCount=593); keep nextIndex (336) unchanged and retry.
2025-04-23 14:39:38,175 [grpc-default-executor-0] WARN  server.GrpcLogAppender (GrpcLogAppender.java:lambda$resetClient$1(221)) - omNode-1@group-523986131536->omNode-3-GrpcLogAppender: Follower failed (request=null, errorCount=595); keep nextIndex (337) unchanged and retry.
2025-04-23 14:39:38,180 [grpc-default-executor-4] WARN  server.GrpcLogAppender (GrpcLogAppender.java:lambda$resetClient$1(221)) - omNode-1@group-523986131536->omNode-3-GrpcLogAppender: Follower failed (request=null, errorCount=597); keep nextIndex (338) unchanged and retry.
2025-04-23 14:39:38,183 [grpc-default-executor-3] WARN  server.GrpcLogAppender (GrpcLogAppender.java:lambda$resetClient$1(221)) - omNode-1@group-523986131536->omNode-3-GrpcLogAppender: Follower failed (request=null, errorCount=599); keep nextIndex (339) unchanged and retry.
2025-04-23 14:39:38,192 [grpc-default-executor-4] WARN  server.GrpcLogAppender (GrpcLogAppender.java:lambda$resetClient$1(221)) - omNode-1@group-523986131536->omNode-3-GrpcLogAppender: Follower failed (request=null, errorCount=601); keep nextIndex (340) unchanged and retry.
2025-04-23 14:39:38,193 [grpc-default-executor-4] WARN  server.GrpcLogAppender (GrpcLogAppender.java:lambda$resetClient$1(221)) - omNode-1@group-523986131536->omNode-3-GrpcLogAppender: Follower failed (request=null, errorCount=603); keep nextIndex (341) unchanged and retry.
2025-04-23 14:39:38,200 [grpc-default-executor-0] WARN  server.GrpcLogAppender (GrpcLogAppender.java:lambda$resetClient$1(221)) - omNode-1@group-523986131536->omNode-3-GrpcLogAppender: Follower failed (request=null, errorCount=605); keep nextIndex (342) unchanged and retry.
2025-04-23 14:39:38,203 [grpc-default-executor-4] WARN  server.GrpcLogAppender (GrpcLogAppender.java:lambda$resetClient$1(221)) - omNode-1@group-523986131536->omNode-3-GrpcLogAppender: Follower failed (request=null, errorCount=607); keep nextIndex (343) unchanged and retry.
2025-04-23 14:39:38,213 [grpc-default-executor-3] WARN  server.GrpcLogAppender (GrpcLogAppender.java:lambda$resetClient$1(221)) - omNode-1@group-523986131536->omNode-3-GrpcLogAppender: Follower failed (request=null, errorCount=609); keep nextIndex (344) unchanged and retry.
2025-04-23 14:39:38,224 [grpc-default-executor-4] WARN  server.GrpcLogAppender (GrpcLogAppender.java:lambda$resetClient$1(221)) - omNode-1@group-523986131536->omNode-3-GrpcLogAppender: Follower failed (request=null, errorCount=611); keep nextIndex (345) unchanged and retry.
2025-04-23 14:39:38,229 [grpc-default-executor-0] WARN  server.GrpcLogAppender (GrpcLogAppender.java:lambda$resetClient$1(221)) - omNode-1@group-523986131536->omNode-3-GrpcLogAppender: Follower failed (request=null, errorCount=613); keep nextIndex (346) unchanged and retry.
2025-04-23 14:39:38,231 [grpc-default-executor-3] WARN  server.GrpcLogAppender (GrpcLogAppender.java:lambda$resetClient$1(221)) - omNode-1@group-523986131536->omNode-3-GrpcLogAppender: Follower failed (request=null, errorCount=615); keep nextIndex (347) unchanged and retry.
2025-04-23 14:39:38,241 [grpc-default-executor-0] WARN  server.GrpcLogAppender (GrpcLogAppender.java:lambda$resetClient$1(221)) - omNode-1@group-523986131536->omNode-3-GrpcLogAppender: Follower failed (request=null, errorCount=617); keep nextIndex (348) unchanged and retry.
2025-04-23 14:39:38,243 [grpc-default-executor-0] WARN  server.GrpcLogAppender (GrpcLogAppender.java:lambda$resetClient$1(221)) - omNode-1@group-523986131536->omNode-3-GrpcLogAppender: Follower failed (request=null, errorCount=619); keep nextIndex (349) unchanged and retry.
2025-04-23 14:39:38,249 [grpc-default-executor-3] WARN  server.GrpcLogAppender (GrpcLogAppender.java:lambda$resetClient$1(221)) - omNode-1@group-523986131536->omNode-3-GrpcLogAppender: Follower failed (request=null, errorCount=621); keep nextIndex (350) unchanged and retry.
2025-04-23 14:39:38,251 [grpc-default-executor-3] WARN  server.GrpcLogAppender (GrpcLogAppender.java:lambda$resetClient$1(221)) - omNode-1@group-523986131536->omNode-3-GrpcLogAppender: Follower failed (request=null, errorCount=623); keep nextIndex (351) unchanged and retry.
2025-04-23 14:39:38,258 [grpc-default-executor-3] WARN  server.GrpcLogAppender (GrpcLogAppender.java:lambda$resetClient$1(221)) - omNode-1@group-523986131536->omNode-3-GrpcLogAppender: Follower failed (request=null, errorCount=625); keep nextIndex (352) unchanged and retry.
2025-04-23 14:39:38,259 [grpc-default-executor-0] WARN  server.GrpcLogAppender (GrpcLogAppender.java:lambda$resetClient$1(221)) - omNode-1@group-523986131536->omNode-3-GrpcLogAppender: Follower failed (request=null, errorCount=627); keep nextIndex (353) unchanged and retry.
2025-04-23 14:39:38,264 [grpc-default-executor-3] WARN  server.GrpcLogAppender (GrpcLogAppender.java:lambda$resetClient$1(221)) - omNode-1@group-523986131536->omNode-3-GrpcLogAppender: Follower failed (request=null, errorCount=629); keep nextIndex (354) unchanged and retry.
2025-04-23 14:39:38,266 [grpc-default-executor-4] WARN  server.GrpcLogAppender (GrpcLogAppender.java:lambda$resetClient$1(221)) - omNode-1@group-523986131536->omNode-3-GrpcLogAppender: Follower failed (request=null, errorCount=631); keep nextIndex (355) unchanged and retry.
2025-04-23 14:39:38,281 [omNode-1@group-523986131536-StateMachineUpdater] INFO  ratis.OzoneManagerStateMachine (OzoneManagerStateMachine.java:takeSnapshotImpl(510)) - omNode-1: taking snapshot. applied = (t:1, i:352), skipped = 351, notified = (t:1, i:352), current snapshot index = (t:1, i:352), took 20 ms
2025-04-23 14:39:38,281 [omNode-1@group-523986131536-StateMachineUpdater] INFO  impl.StateMachineUpdater (StateMachineUpdater.java:takeSnapshot(303)) - omNode-1@group-523986131536-StateMachineUpdater: Took a snapshot at index 352
2025-04-23 14:39:38,281 [omNode-1@group-523986131536-StateMachineUpdater] INFO  impl.StateMachineUpdater (StateMachineUpdater.java:lambda$new$0(102)) - omNode-1@group-523986131536-StateMachineUpdater: snapshotIndex: updateIncreasingly 302 -> 352
2025-04-23 14:39:38,281 [omNode-1@group-523986131536-StateMachineUpdater] INFO  raftlog.RaftLog (RaftLogBase.java:purge(325)) - omNode-1@group-523986131536-SegmentedRaftLog: purge 352
2025-04-23 14:39:38,281 [omNode-1@group-523986131536-StateMachineUpdater] INFO  raftlog.RaftLog (RaftLogBase.java:lambda$new$0(54)) - omNode-1@group-523986131536-SegmentedRaftLog: snapshotIndex: updateIncreasingly 302 -> 352
2025-04-23 14:39:38,281 [omNode-1@group-523986131536-StateMachineUpdater] INFO  raftlog.RaftLog (RaftLogBase.java:lambda$new$0(54)) - omNode-1@group-523986131536-SegmentedRaftLog: purgeIndex: updateToMax old=302, new=352, updated? true
2025-04-23 14:39:38,281 [omNode-2@group-523986131536-StateMachineUpdater] INFO  ratis.OzoneManagerStateMachine (OzoneManagerStateMachine.java:takeSnapshotImpl(510)) - omNode-2: taking snapshot. applied = (t:1, i:350), skipped = 349, notified = (t:1, i:350), current snapshot index = (t:1, i:350), took 23 ms
2025-04-23 14:39:38,281 [omNode-2@group-523986131536-StateMachineUpdater] INFO  impl.StateMachineUpdater (StateMachineUpdater.java:takeSnapshot(303)) - omNode-2@group-523986131536-StateMachineUpdater: Took a snapshot at index 350
2025-04-23 14:39:38,281 [omNode-2@group-523986131536-StateMachineUpdater] INFO  impl.StateMachineUpdater (StateMachineUpdater.java:lambda$new$0(102)) - omNode-2@group-523986131536-StateMachineUpdater: snapshotIndex: updateIncreasingly 300 -> 350
2025-04-23 14:39:38,281 [omNode-2@group-523986131536-StateMachineUpdater] INFO  raftlog.RaftLog (RaftLogBase.java:purge(325)) - omNode-2@group-523986131536-SegmentedRaftLog: purge 350
2025-04-23 14:39:38,281 [omNode-2@group-523986131536-StateMachineUpdater] INFO  raftlog.RaftLog (RaftLogBase.java:lambda$new$0(54)) - omNode-2@group-523986131536-SegmentedRaftLog: snapshotIndex: updateIncreasingly 300 -> 350
2025-04-23 14:39:38,281 [omNode-2@group-523986131536-StateMachineUpdater] INFO  raftlog.RaftLog (RaftLogBase.java:lambda$new$0(54)) - omNode-2@group-523986131536-SegmentedRaftLog: purgeIndex: updateToMax old=300, new=350, updated? true
2025-04-23 14:39:38,292 [grpc-default-executor-3] WARN  server.GrpcLogAppender (GrpcLogAppender.java:lambda$resetClient$1(221)) - omNode-1@group-523986131536->omNode-3-GrpcLogAppender: Follower failed (request=null, errorCount=633); keep nextIndex (356) unchanged and retry.
2025-04-23 14:39:38,295 [grpc-default-executor-4] WARN  server.GrpcLogAppender (GrpcLogAppender.java:lambda$resetClient$1(221)) - omNode-1@group-523986131536->omNode-3-GrpcLogAppender: Follower failed (request=null, errorCount=635); keep nextIndex (357) unchanged and retry.
2025-04-23 14:39:38,300 [grpc-default-executor-0] WARN  server.GrpcLogAppender (GrpcLogAppender.java:lambda$resetClient$1(221)) - omNode-1@group-523986131536->omNode-3-GrpcLogAppender: Follower failed (request=null, errorCount=637); keep nextIndex (358) unchanged and retry.
2025-04-23 14:39:38,302 [grpc-default-executor-3] WARN  server.GrpcLogAppender (GrpcLogAppender.java:lambda$resetClient$1(221)) - omNode-1@group-523986131536->omNode-3-GrpcLogAppender: Follower failed (request=null, errorCount=639); keep nextIndex (359) unchanged and retry.
2025-04-23 14:39:38,312 [grpc-default-executor-4] WARN  server.GrpcLogAppender (GrpcLogAppender.java:lambda$resetClient$1(221)) - omNode-1@group-523986131536->omNode-3-GrpcLogAppender: Follower failed (request=null, errorCount=641); keep nextIndex (360) unchanged and retry.
2025-04-23 14:39:38,313 [grpc-default-executor-3] WARN  server.GrpcLogAppender (GrpcLogAppender.java:lambda$resetClient$1(221)) - omNode-1@group-523986131536->omNode-3-GrpcLogAppender: Follower failed (request=null, errorCount=643); keep nextIndex (361) unchanged and retry.
2025-04-23 14:39:38,318 [grpc-default-executor-0] WARN  server.GrpcLogAppender (GrpcLogAppender.java:lambda$resetClient$1(221)) - omNode-1@group-523986131536->omNode-3-GrpcLogAppender: Follower failed (request=null, errorCount=645); keep nextIndex (362) unchanged and retry.
2025-04-23 14:39:38,321 [grpc-default-executor-0] WARN  server.GrpcLogAppender (GrpcLogAppender.java:lambda$resetClient$1(221)) - omNode-1@group-523986131536->omNode-3-GrpcLogAppender: Follower failed (request=null, errorCount=647); keep nextIndex (363) unchanged and retry.
2025-04-23 14:39:38,330 [grpc-default-executor-4] WARN  server.GrpcLogAppender (GrpcLogAppender.java:lambda$resetClient$1(221)) - omNode-1@group-523986131536->omNode-3-GrpcLogAppender: Follower failed (request=null, errorCount=649); keep nextIndex (364) unchanged and retry.
2025-04-23 14:39:38,333 [grpc-default-executor-4] WARN  server.GrpcLogAppender (GrpcLogAppender.java:lambda$resetClient$1(221)) - omNode-1@group-523986131536->omNode-3-GrpcLogAppender: Follower failed (request=null, errorCount=651); keep nextIndex (365) unchanged and retry.
2025-04-23 14:39:38,336 [grpc-default-executor-4] WARN  server.GrpcLogAppender (GrpcLogAppender.java:lambda$resetClient$1(221)) - omNode-1@group-523986131536->omNode-3-GrpcLogAppender: Follower failed (request=null, errorCount=653); keep nextIndex (366) unchanged and retry.
2025-04-23 14:39:38,338 [grpc-default-executor-0] WARN  server.GrpcLogAppender (GrpcLogAppender.java:lambda$resetClient$1(221)) - omNode-1@group-523986131536->omNode-3-GrpcLogAppender: Follower failed (request=null, errorCount=655); keep nextIndex (367) unchanged and retry.
2025-04-23 14:39:38,345 [grpc-default-executor-4] WARN  server.GrpcLogAppender (GrpcLogAppender.java:lambda$resetClient$1(221)) - omNode-1@group-523986131536->omNode-3-GrpcLogAppender: Follower failed (request=null, errorCount=657); keep nextIndex (368) unchanged and retry.
2025-04-23 14:39:38,347 [grpc-default-executor-3] WARN  server.GrpcLogAppender (GrpcLogAppender.java:lambda$resetClient$1(221)) - omNode-1@group-523986131536->omNode-3-GrpcLogAppender: Follower failed (request=null, errorCount=659); keep nextIndex (369) unchanged and retry.
2025-04-23 14:39:38,352 [grpc-default-executor-0] WARN  server.GrpcLogAppender (GrpcLogAppender.java:lambda$resetClient$1(221)) - omNode-1@group-523986131536->omNode-3-GrpcLogAppender: Follower failed (request=null, errorCount=661); keep nextIndex (370) unchanged and retry.
2025-04-23 14:39:38,355 [grpc-default-executor-0] WARN  server.GrpcLogAppender (GrpcLogAppender.java:lambda$resetClient$1(221)) - omNode-1@group-523986131536->omNode-3-GrpcLogAppender: Follower failed (request=null, errorCount=663); keep nextIndex (371) unchanged and retry.
2025-04-23 14:39:38,364 [grpc-default-executor-4] WARN  server.GrpcLogAppender (GrpcLogAppender.java:lambda$resetClient$1(221)) - omNode-1@group-523986131536->omNode-3-GrpcLogAppender: Follower failed (request=null, errorCount=665); keep nextIndex (372) unchanged and retry.
2025-04-23 14:39:38,367 [grpc-default-executor-4] WARN  server.GrpcLogAppender (GrpcLogAppender.java:lambda$resetClient$1(221)) - omNode-1@group-523986131536->omNode-3-GrpcLogAppender: Follower failed (request=null, errorCount=667); keep nextIndex (373) unchanged and retry.
2025-04-23 14:39:38,373 [grpc-default-executor-4] WARN  server.GrpcLogAppender (GrpcLogAppender.java:lambda$resetClient$1(221)) - omNode-1@group-523986131536->omNode-3-GrpcLogAppender: Follower failed (request=null, errorCount=669); keep nextIndex (374) unchanged and retry.
2025-04-23 14:39:38,384 [grpc-default-executor-0] WARN  server.GrpcLogAppender (GrpcLogAppender.java:lambda$resetClient$1(221)) - omNode-1@group-523986131536->omNode-3-GrpcLogAppender: Follower failed (request=null, errorCount=675); keep nextIndex (377) unchanged and retry.
2025-04-23 14:39:38,389 [grpc-default-executor-3] WARN  server.GrpcLogAppender (GrpcLogAppender.java:lambda$resetClient$1(221)) - omNode-1@group-523986131536->omNode-3-GrpcLogAppender: Follower failed (request=null, errorCount=677); keep nextIndex (378) unchanged and retry.
2025-04-23 14:39:38,390 [grpc-default-executor-0] WARN  server.GrpcLogAppender (GrpcLogAppender.java:lambda$resetClient$1(221)) - omNode-1@group-523986131536->omNode-3-GrpcLogAppender: Follower failed (request=null, errorCount=679); keep nextIndex (379) unchanged and retry.
2025-04-23 14:39:38,400 [grpc-default-executor-4] WARN  server.GrpcLogAppender (GrpcLogAppender.java:lambda$resetClient$1(221)) - omNode-1@group-523986131536->omNode-3-GrpcLogAppender: Follower failed (request=null, errorCount=681); keep nextIndex (380) unchanged and retry.
2025-04-23 14:39:38,403 [grpc-default-executor-0] WARN  server.GrpcLogAppender (GrpcLogAppender.java:lambda$resetClient$1(221)) - omNode-1@group-523986131536->omNode-3-GrpcLogAppender: Follower failed (request=null, errorCount=683); keep nextIndex (381) unchanged and retry.
2025-04-23 14:39:38,411 [grpc-default-executor-3] WARN  server.GrpcLogAppender (GrpcLogAppender.java:lambda$resetClient$1(221)) - omNode-1@group-523986131536->omNode-3-GrpcLogAppender: Follower failed (request=null, errorCount=685); keep nextIndex (382) unchanged and retry.
2025-04-23 14:39:38,414 [grpc-default-executor-0] WARN  server.GrpcLogAppender (GrpcLogAppender.java:lambda$resetClient$1(221)) - omNode-1@group-523986131536->omNode-3-GrpcLogAppender: Follower failed (request=null, errorCount=687); keep nextIndex (383) unchanged and retry.
2025-04-23 14:39:38,423 [grpc-default-executor-4] WARN  server.GrpcLogAppender (GrpcLogAppender.java:lambda$resetClient$1(221)) - omNode-1@group-523986131536->omNode-3-GrpcLogAppender: Follower failed (request=null, errorCount=689); keep nextIndex (384) unchanged and retry.
2025-04-23 14:39:38,425 [grpc-default-executor-0] WARN  server.GrpcLogAppender (GrpcLogAppender.java:lambda$resetClient$1(221)) - omNode-1@group-523986131536->omNode-3-GrpcLogAppender: Follower failed (request=null, errorCount=691); keep nextIndex (385) unchanged and retry.
2025-04-23 14:39:38,431 [grpc-default-executor-3] WARN  server.GrpcLogAppender (GrpcLogAppender.java:lambda$resetClient$1(221)) - omNode-1@group-523986131536->omNode-3-GrpcLogAppender: Follower failed (request=null, errorCount=693); keep nextIndex (386) unchanged and retry.
2025-04-23 14:39:38,432 [grpc-default-executor-3] WARN  server.GrpcLogAppender (GrpcLogAppender.java:lambda$resetClient$1(221)) - omNode-1@group-523986131536->omNode-3-GrpcLogAppender: Follower failed (request=null, errorCount=695); keep nextIndex (387) unchanged and retry.
2025-04-23 14:39:38,443 [grpc-default-executor-0] WARN  server.GrpcLogAppender (GrpcLogAppender.java:lambda$resetClient$1(221)) - omNode-1@group-523986131536->omNode-3-GrpcLogAppender: Follower failed (request=null, errorCount=697); keep nextIndex (388) unchanged and retry.
2025-04-23 14:39:38,445 [grpc-default-executor-0] WARN  server.GrpcLogAppender (GrpcLogAppender.java:lambda$resetClient$1(221)) - omNode-1@group-523986131536->omNode-3-GrpcLogAppender: Follower failed (request=null, errorCount=699); keep nextIndex (389) unchanged and retry.
2025-04-23 14:39:38,450 [grpc-default-executor-3] WARN  server.GrpcLogAppender (GrpcLogAppender.java:lambda$resetClient$1(221)) - omNode-1@group-523986131536->omNode-3-GrpcLogAppender: Follower failed (request=null, errorCount=701); keep nextIndex (390) unchanged and retry.
2025-04-23 14:39:38,454 [grpc-default-executor-4] WARN  server.GrpcLogAppender (GrpcLogAppender.java:lambda$resetClient$1(221)) - omNode-1@group-523986131536->omNode-3-GrpcLogAppender: Follower failed (request=null, errorCount=703); keep nextIndex (391) unchanged and retry.
2025-04-23 14:39:38,461 [grpc-default-executor-3] WARN  server.GrpcLogAppender (GrpcLogAppender.java:lambda$resetClient$1(221)) - omNode-1@group-523986131536->omNode-3-GrpcLogAppender: Follower failed (request=null, errorCount=705); keep nextIndex (392) unchanged and retry.
2025-04-23 14:39:38,463 [grpc-default-executor-4] WARN  server.GrpcLogAppender (GrpcLogAppender.java:lambda$resetClient$1(221)) - omNode-1@group-523986131536->omNode-3-GrpcLogAppender: Follower failed (request=null, errorCount=707); keep nextIndex (393) unchanged and retry.
2025-04-23 14:39:38,467 [grpc-default-executor-4] WARN  server.GrpcLogAppender (GrpcLogAppender.java:lambda$resetClient$1(221)) - omNode-1@group-523986131536->omNode-3-GrpcLogAppender: Follower failed (request=null, errorCount=709); keep nextIndex (394) unchanged and retry.
2025-04-23 14:39:38,469 [grpc-default-executor-3] WARN  server.GrpcLogAppender (GrpcLogAppender.java:lambda$resetClient$1(221)) - omNode-1@group-523986131536->omNode-3-GrpcLogAppender: Follower failed (request=null, errorCount=711); keep nextIndex (395) unchanged and retry.
2025-04-23 14:39:38,477 [grpc-default-executor-4] WARN  server.GrpcLogAppender (GrpcLogAppender.java:lambda$resetClient$1(221)) - omNode-1@group-523986131536->omNode-3-GrpcLogAppender: Follower failed (request=null, errorCount=713); keep nextIndex (396) unchanged and retry.
2025-04-23 14:39:38,478 [grpc-default-executor-0] WARN  server.GrpcLogAppender (GrpcLogAppender.java:lambda$resetClient$1(221)) - omNode-1@group-523986131536->omNode-3-GrpcLogAppender: Follower failed (request=null, errorCount=715); keep nextIndex (397) unchanged and retry.
2025-04-23 14:39:38,482 [grpc-default-executor-3] WARN  server.GrpcLogAppender (GrpcLogAppender.java:lambda$resetClient$1(221)) - omNode-1@group-523986131536->omNode-3-GrpcLogAppender: Follower failed (request=null, errorCount=717); keep nextIndex (398) unchanged and retry.
2025-04-23 14:39:38,484 [grpc-default-executor-0] WARN  server.GrpcLogAppender (GrpcLogAppender.java:lambda$resetClient$1(221)) - omNode-1@group-523986131536->omNode-3-GrpcLogAppender: Follower failed (request=null, errorCount=719); keep nextIndex (399) unchanged and retry.
2025-04-23 14:39:38,490 [grpc-default-executor-3] WARN  server.GrpcLogAppender (GrpcLogAppender.java:lambda$resetClient$1(221)) - omNode-1@group-523986131536->omNode-3-GrpcLogAppender: Follower failed (request=null, errorCount=721); keep nextIndex (400) unchanged and retry.
2025-04-23 14:39:38,492 [grpc-default-executor-4] WARN  server.GrpcLogAppender (GrpcLogAppender.java:lambda$resetClient$1(221)) - omNode-1@group-523986131536->omNode-3-GrpcLogAppender: Follower failed (request=null, errorCount=723); keep nextIndex (401) unchanged and retry.
2025-04-23 14:39:38,496 [grpc-default-executor-0] WARN  server.GrpcLogAppender (GrpcLogAppender.java:lambda$resetClient$1(221)) - omNode-1@group-523986131536->omNode-3-GrpcLogAppender: Follower failed (request=null, errorCount=725); keep nextIndex (402) unchanged and retry.
2025-04-23 14:39:38,497 [grpc-default-executor-3] WARN  server.GrpcLogAppender (GrpcLogAppender.java:lambda$resetClient$1(221)) - omNode-1@group-523986131536->omNode-3-GrpcLogAppender: Follower failed (request=null, errorCount=727); keep nextIndex (403) unchanged and retry.
2025-04-23 14:39:38,507 [grpc-default-executor-4] WARN  server.GrpcLogAppender (GrpcLogAppender.java:lambda$resetClient$1(221)) - omNode-1@group-523986131536->omNode-3-GrpcLogAppender: Follower failed (request=null, errorCount=729); keep nextIndex (404) unchanged and retry.
2025-04-23 14:39:38,510 [grpc-default-executor-0] WARN  server.GrpcLogAppender (GrpcLogAppender.java:lambda$resetClient$1(221)) - omNode-1@group-523986131536->omNode-3-GrpcLogAppender: Follower failed (request=null, errorCount=731); keep nextIndex (405) unchanged and retry.
2025-04-23 14:39:38,525 [omNode-1@group-523986131536-StateMachineUpdater] INFO  ratis.OzoneManagerStateMachine (OzoneManagerStateMachine.java:takeSnapshotImpl(510)) - omNode-1: taking snapshot. applied = (t:1, i:402), skipped = 401, notified = (t:1, i:402), current snapshot index = (t:1, i:402), took 26 ms
2025-04-23 14:39:38,525 [omNode-1@group-523986131536-StateMachineUpdater] INFO  impl.StateMachineUpdater (StateMachineUpdater.java:takeSnapshot(303)) - omNode-1@group-523986131536-StateMachineUpdater: Took a snapshot at index 402
2025-04-23 14:39:38,525 [omNode-1@group-523986131536-StateMachineUpdater] INFO  impl.StateMachineUpdater (StateMachineUpdater.java:lambda$new$0(102)) - omNode-1@group-523986131536-StateMachineUpdater: snapshotIndex: updateIncreasingly 352 -> 402
2025-04-23 14:39:38,525 [omNode-1@group-523986131536-StateMachineUpdater] INFO  raftlog.RaftLog (RaftLogBase.java:purge(325)) - omNode-1@group-523986131536-SegmentedRaftLog: purge 402
2025-04-23 14:39:38,525 [omNode-1@group-523986131536-StateMachineUpdater] INFO  raftlog.RaftLog (RaftLogBase.java:lambda$new$0(54)) - omNode-1@group-523986131536-SegmentedRaftLog: snapshotIndex: updateIncreasingly 352 -> 402
2025-04-23 14:39:38,525 [omNode-1@group-523986131536-StateMachineUpdater] INFO  raftlog.RaftLog (RaftLogBase.java:lambda$new$0(54)) - omNode-1@group-523986131536-SegmentedRaftLog: purgeIndex: updateToMax old=352, new=402, updated? true
2025-04-23 14:39:38,528 [omNode-2@group-523986131536-StateMachineUpdater] INFO  ratis.OzoneManagerStateMachine (OzoneManagerStateMachine.java:takeSnapshotImpl(510)) - omNode-2: taking snapshot. applied = (t:1, i:400), skipped = 399, notified = (t:1, i:400), current snapshot index = (t:1, i:400), took 32 ms
2025-04-23 14:39:38,528 [omNode-2@group-523986131536-StateMachineUpdater] INFO  impl.StateMachineUpdater (StateMachineUpdater.java:takeSnapshot(303)) - omNode-2@group-523986131536-StateMachineUpdater: Took a snapshot at index 400
2025-04-23 14:39:38,528 [omNode-2@group-523986131536-StateMachineUpdater] INFO  impl.StateMachineUpdater (StateMachineUpdater.java:lambda$new$0(102)) - omNode-2@group-523986131536-StateMachineUpdater: snapshotIndex: updateIncreasingly 350 -> 400
2025-04-23 14:39:38,528 [omNode-2@group-523986131536-StateMachineUpdater] INFO  raftlog.RaftLog (RaftLogBase.java:purge(325)) - omNode-2@group-523986131536-SegmentedRaftLog: purge 400
2025-04-23 14:39:38,528 [omNode-2@group-523986131536-StateMachineUpdater] INFO  raftlog.RaftLog (RaftLogBase.java:lambda$new$0(54)) - omNode-2@group-523986131536-SegmentedRaftLog: snapshotIndex: updateIncreasingly 350 -> 400
2025-04-23 14:39:38,528 [omNode-2@group-523986131536-StateMachineUpdater] INFO  raftlog.RaftLog (RaftLogBase.java:lambda$new$0(54)) - omNode-2@group-523986131536-SegmentedRaftLog: purgeIndex: updateToMax old=350, new=400, updated? true
2025-04-23 14:39:38,530 [grpc-default-executor-4] WARN  server.GrpcLogAppender (GrpcLogAppender.java:lambda$resetClient$1(221)) - omNode-1@group-523986131536->omNode-3-GrpcLogAppender: Follower failed (request=null, errorCount=733); keep nextIndex (406) unchanged and retry.
2025-04-23 14:39:38,532 [grpc-default-executor-3] WARN  server.GrpcLogAppender (GrpcLogAppender.java:lambda$resetClient$1(221)) - omNode-1@group-523986131536->omNode-3-GrpcLogAppender: Follower failed (request=null, errorCount=735); keep nextIndex (407) unchanged and retry.
2025-04-23 14:39:38,536 [Thread-8888] WARN  rocksdiff.RocksDBCheckpointDiffer (RocksDBCheckpointDiffer.java:lambda$onCompactionCompleted$0(492)) - Input file not found in inflightCompactionsMap : /home/runner/work/ozone/ozone/hadoop-ozone/integration-test/target/test-dir/MiniOzoneClusterImpl-feea018d-8976-442b-acbc-fedf3986ffa5/omNode-2/om.db/000084.sst which should have been added on compactionBeginListener.
2025-04-23 14:39:38,536 [Thread-8888] WARN  rocksdiff.RocksDBCheckpointDiffer (RocksDBCheckpointDiffer.java:lambda$onCompactionCompleted$0(492)) - Input file not found in inflightCompactionsMap : /home/runner/work/ozone/ozone/hadoop-ozone/integration-test/target/test-dir/MiniOzoneClusterImpl-feea018d-8976-442b-acbc-fedf3986ffa5/omNode-2/om.db/000096.sst which should have been added on compactionBeginListener.
2025-04-23 14:39:38,536 [Thread-8888] WARN  rocksdiff.RocksDBCheckpointDiffer (RocksDBCheckpointDiffer.java:lambda$onCompactionCompleted$0(492)) - Input file not found in inflightCompactionsMap : /home/runner/work/ozone/ozone/hadoop-ozone/integration-test/target/test-dir/MiniOzoneClusterImpl-feea018d-8976-442b-acbc-fedf3986ffa5/omNode-2/om.db/000074.sst which should have been added on compactionBeginListener.
2025-04-23 14:39:38,536 [Thread-8888] WARN  rocksdiff.RocksDBCheckpointDiffer (RocksDBCheckpointDiffer.java:lambda$onCompactionCompleted$0(492)) - Input file not found in inflightCompactionsMap : /home/runner/work/ozone/ozone/hadoop-ozone/integration-test/target/test-dir/MiniOzoneClusterImpl-feea018d-8976-442b-acbc-fedf3986ffa5/omNode-2/om.db/000089.sst which should have been added on compactionBeginListener.
2025-04-23 14:39:38,536 [Thread-8888] WARN  rocksdiff.RocksDBCheckpointDiffer (RocksDBCheckpointDiffer.java:lambda$onCompactionCompleted$0(492)) - Input file not found in inflightCompactionsMap : /home/runner/work/ozone/ozone/hadoop-ozone/integration-test/target/test-dir/MiniOzoneClusterImpl-feea018d-8976-442b-acbc-fedf3986ffa5/omNode-2/om.db/000079.sst which should have been added on compactionBeginListener.
2025-04-23 14:39:38,543 [grpc-default-executor-0] WARN  server.GrpcLogAppender (GrpcLogAppender.java:lambda$resetClient$1(221)) - omNode-1@group-523986131536->omNode-3-GrpcLogAppender: Follower failed (request=null, errorCount=737); keep nextIndex (408) unchanged and retry.
2025-04-23 14:39:38,544 [Thread-8921] WARN  rocksdiff.RocksDBCheckpointDiffer (RocksDBCheckpointDiffer.java:lambda$onCompactionCompleted$0(492)) - Input file not found in inflightCompactionsMap : /home/runner/work/ozone/ozone/hadoop-ozone/integration-test/target/test-dir/MiniOzoneClusterImpl-feea018d-8976-442b-acbc-fedf3986ffa5/omNode-1/om.db/000076.sst which should have been added on compactionBeginListener.
2025-04-23 14:39:38,544 [Thread-8921] WARN  rocksdiff.RocksDBCheckpointDiffer (RocksDBCheckpointDiffer.java:lambda$onCompactionCompleted$0(492)) - Input file not found in inflightCompactionsMap : /home/runner/work/ozone/ozone/hadoop-ozone/integration-test/target/test-dir/MiniOzoneClusterImpl-feea018d-8976-442b-acbc-fedf3986ffa5/omNode-1/om.db/000086.sst which should have been added on compactionBeginListener.
2025-04-23 14:39:38,544 [Thread-8921] WARN  rocksdiff.RocksDBCheckpointDiffer (RocksDBCheckpointDiffer.java:lambda$onCompactionCompleted$0(492)) - Input file not found in inflightCompactionsMap : /home/runner/work/ozone/ozone/hadoop-ozone/integration-test/target/test-dir/MiniOzoneClusterImpl-feea018d-8976-442b-acbc-fedf3986ffa5/omNode-1/om.db/000098.sst which should have been added on compactionBeginListener.
2025-04-23 14:39:38,544 [Thread-8921] WARN  rocksdiff.RocksDBCheckpointDiffer (RocksDBCheckpointDiffer.java:lambda$onCompactionCompleted$0(492)) - Input file not found in inflightCompactionsMap : /home/runner/work/ozone/ozone/hadoop-ozone/integration-test/target/test-dir/MiniOzoneClusterImpl-feea018d-8976-442b-acbc-fedf3986ffa5/omNode-1/om.db/000081.sst which should have been added on compactionBeginListener.
2025-04-23 14:39:38,545 [Thread-8921] WARN  rocksdiff.RocksDBCheckpointDiffer (RocksDBCheckpointDiffer.java:lambda$onCompactionCompleted$0(492)) - Input file not found in inflightCompactionsMap : /home/runner/work/ozone/ozone/hadoop-ozone/integration-test/target/test-dir/MiniOzoneClusterImpl-feea018d-8976-442b-acbc-fedf3986ffa5/omNode-1/om.db/000091.sst which should have been added on compactionBeginListener.
2025-04-23 14:39:38,547 [grpc-default-executor-3] WARN  server.GrpcLogAppender (GrpcLogAppender.java:lambda$resetClient$1(221)) - omNode-1@group-523986131536->omNode-3-GrpcLogAppender: Follower failed (request=null, errorCount=739); keep nextIndex (409) unchanged and retry.
2025-04-23 14:39:38,554 [grpc-default-executor-3] WARN  server.GrpcLogAppender (GrpcLogAppender.java:lambda$resetClient$1(221)) - omNode-1@group-523986131536->omNode-3-GrpcLogAppender: Follower failed (request=null, errorCount=741); keep nextIndex (410) unchanged and retry.
2025-04-23 14:39:38,556 [grpc-default-executor-0] WARN  server.GrpcLogAppender (GrpcLogAppender.java:lambda$resetClient$1(221)) - omNode-1@group-523986131536->omNode-3-GrpcLogAppender: Follower failed (request=null, errorCount=743); keep nextIndex (411) unchanged and retry.
2025-04-23 14:39:38,566 [grpc-default-executor-3] WARN  server.GrpcLogAppender (GrpcLogAppender.java:lambda$resetClient$1(221)) - omNode-1@group-523986131536->omNode-3-GrpcLogAppender: Follower failed (request=null, errorCount=745); keep nextIndex (412) unchanged and retry.
2025-04-23 14:39:38,569 [grpc-default-executor-0] WARN  server.GrpcLogAppender (GrpcLogAppender.java:lambda$resetClient$1(221)) - omNode-1@group-523986131536->omNode-3-GrpcLogAppender: Follower failed (request=null, errorCount=747); keep nextIndex (413) unchanged and retry.
2025-04-23 14:39:38,574 [grpc-default-executor-4] WARN  server.GrpcLogAppender (GrpcLogAppender.java:lambda$resetClient$1(221)) - omNode-1@group-523986131536->omNode-3-GrpcLogAppender: Follower failed (request=null, errorCount=749); keep nextIndex (414) unchanged and retry.
2025-04-23 14:39:38,575 [grpc-default-executor-4] WARN  server.GrpcLogAppender (GrpcLogAppender.java:lambda$resetClient$1(221)) - omNode-1@group-523986131536->omNode-3-GrpcLogAppender: Follower failed (request=null, errorCount=751); keep nextIndex (415) unchanged and retry.
2025-04-23 14:39:38,588 [grpc-default-executor-0] WARN  server.GrpcLogAppender (GrpcLogAppender.java:lambda$resetClient$1(221)) - omNode-1@group-523986131536->omNode-3-GrpcLogAppender: Follower failed (request=null, errorCount=753); keep nextIndex (416) unchanged and retry.
2025-04-23 14:39:38,589 [grpc-default-executor-4] WARN  server.GrpcLogAppender (GrpcLogAppender.java:lambda$resetClient$1(221)) - omNode-1@group-523986131536->omNode-3-GrpcLogAppender: Follower failed (request=null, errorCount=755); keep nextIndex (417) unchanged and retry.
2025-04-23 14:39:38,594 [grpc-default-executor-0] WARN  server.GrpcLogAppender (GrpcLogAppender.java:lambda$resetClient$1(221)) - omNode-1@group-523986131536->omNode-3-GrpcLogAppender: Follower failed (request=null, errorCount=757); keep nextIndex (418) unchanged and retry.
2025-04-23 14:39:38,597 [grpc-default-executor-0] WARN  server.GrpcLogAppender (GrpcLogAppender.java:lambda$resetClient$1(221)) - omNode-1@group-523986131536->omNode-3-GrpcLogAppender: Follower failed (request=null, errorCount=759); keep nextIndex (419) unchanged and retry.
2025-04-23 14:39:38,604 [grpc-default-executor-4] WARN  server.GrpcLogAppender (GrpcLogAppender.java:lambda$resetClient$1(221)) - omNode-1@group-523986131536->omNode-3-GrpcLogAppender: Follower failed (request=null, errorCount=761); keep nextIndex (420) unchanged and retry.
2025-04-23 14:39:38,606 [grpc-default-executor-4] WARN  server.GrpcLogAppender (GrpcLogAppender.java:lambda$resetClient$1(221)) - omNode-1@group-523986131536->omNode-3-GrpcLogAppender: Follower failed (request=null, errorCount=763); keep nextIndex (421) unchanged and retry.
2025-04-23 14:39:38,612 [grpc-default-executor-0] WARN  server.GrpcLogAppender (GrpcLogAppender.java:lambda$resetClient$1(221)) - omNode-1@group-523986131536->omNode-3-GrpcLogAppender: Follower failed (request=null, errorCount=765); keep nextIndex (422) unchanged and retry.
2025-04-23 14:39:38,614 [grpc-default-executor-3] WARN  server.GrpcLogAppender (GrpcLogAppender.java:lambda$resetClient$1(221)) - omNode-1@group-523986131536->omNode-3-GrpcLogAppender: Follower failed (request=null, errorCount=767); keep nextIndex (423) unchanged and retry.
2025-04-23 14:39:38,623 [grpc-default-executor-3] WARN  server.GrpcLogAppender (GrpcLogAppender.java:lambda$resetClient$1(221)) - omNode-1@group-523986131536->omNode-3-GrpcLogAppender: Follower failed (request=null, errorCount=769); keep nextIndex (424) unchanged and retry.
2025-04-23 14:39:38,625 [grpc-default-executor-4] WARN  server.GrpcLogAppender (GrpcLogAppender.java:lambda$resetClient$1(221)) - omNode-1@group-523986131536->omNode-3-GrpcLogAppender: Follower failed (request=null, errorCount=771); keep nextIndex (425) unchanged and retry.
2025-04-23 14:39:38,631 [grpc-default-executor-0] WARN  server.GrpcLogAppender (GrpcLogAppender.java:lambda$resetClient$1(221)) - omNode-1@group-523986131536->omNode-3-GrpcLogAppender: Follower failed (request=null, errorCount=773); keep nextIndex (426) unchanged and retry.
2025-04-23 14:39:38,632 [grpc-default-executor-4] WARN  server.GrpcLogAppender (GrpcLogAppender.java:lambda$resetClient$1(221)) - omNode-1@group-523986131536->omNode-3-GrpcLogAppender: Follower failed (request=null, errorCount=775); keep nextIndex (427) unchanged and retry.
2025-04-23 14:39:38,643 [grpc-default-executor-3] WARN  server.GrpcLogAppender (GrpcLogAppender.java:lambda$resetClient$1(221)) - omNode-1@group-523986131536->omNode-3-GrpcLogAppender: Follower failed (request=null, errorCount=779); keep nextIndex (428) unchanged and retry.
2025-04-23 14:39:38,645 [grpc-default-executor-3] WARN  server.GrpcLogAppender (GrpcLogAppender.java:lambda$resetClient$1(221)) - omNode-1@group-523986131536->omNode-3-GrpcLogAppender: Follower failed (request=null, errorCount=781); keep nextIndex (429) unchanged and retry.
2025-04-23 14:39:38,649 [grpc-default-executor-4] WARN  server.GrpcLogAppender (GrpcLogAppender.java:lambda$resetClient$1(221)) - omNode-1@group-523986131536->omNode-3-GrpcLogAppender: Follower failed (request=null, errorCount=783); keep nextIndex (430) unchanged and retry.
2025-04-23 14:39:38,652 [grpc-default-executor-4] WARN  server.GrpcLogAppender (GrpcLogAppender.java:lambda$resetClient$1(221)) - omNode-1@group-523986131536->omNode-3-GrpcLogAppender: Follower failed (request=null, errorCount=785); keep nextIndex (431) unchanged and retry.
2025-04-23 14:39:38,665 [grpc-default-executor-0] WARN  server.GrpcLogAppender (GrpcLogAppender.java:lambda$resetClient$1(221)) - omNode-1@group-523986131536->omNode-3-GrpcLogAppender: Follower failed (request=null, errorCount=787); keep nextIndex (432) unchanged and retry.
2025-04-23 14:39:38,668 [grpc-default-executor-3] WARN  server.GrpcLogAppender (GrpcLogAppender.java:lambda$resetClient$1(221)) - omNode-1@group-523986131536->omNode-3-GrpcLogAppender: Follower failed (request=null, errorCount=789); keep nextIndex (433) unchanged and retry.
2025-04-23 14:39:38,676 [grpc-default-executor-0] WARN  server.GrpcLogAppender (GrpcLogAppender.java:lambda$resetClient$1(221)) - omNode-1@group-523986131536->omNode-3-GrpcLogAppender: Follower failed (request=null, errorCount=791); keep nextIndex (434) unchanged and retry.
2025-04-23 14:39:38,678 [grpc-default-executor-4] WARN  server.GrpcLogAppender (GrpcLogAppender.java:lambda$resetClient$1(221)) - omNode-1@group-523986131536->omNode-3-GrpcLogAppender: Follower failed (request=null, errorCount=793); keep nextIndex (435) unchanged and retry.
2025-04-23 14:39:38,690 [grpc-default-executor-3] WARN  server.GrpcLogAppender (GrpcLogAppender.java:lambda$resetClient$1(221)) - omNode-1@group-523986131536->omNode-3-GrpcLogAppender: Follower failed (request=null, errorCount=795); keep nextIndex (436) unchanged and retry.
2025-04-23 14:39:38,693 [grpc-default-executor-0] WARN  server.GrpcLogAppender (GrpcLogAppender.java:lambda$resetClient$1(221)) - omNode-1@group-523986131536->omNode-3-GrpcLogAppender: Follower failed (request=null, errorCount=797); keep nextIndex (437) unchanged and retry.
2025-04-23 14:39:38,697 [grpc-default-executor-3] WARN  server.GrpcLogAppender (GrpcLogAppender.java:lambda$resetClient$1(221)) - omNode-1@group-523986131536->omNode-3-GrpcLogAppender: Follower failed (request=null, errorCount=799); keep nextIndex (438) unchanged and retry.
2025-04-23 14:39:38,697 [grpc-default-executor-0] WARN  server.GrpcLogAppender (GrpcLogAppender.java:lambda$resetClient$1(221)) - omNode-1@group-523986131536->omNode-3-GrpcLogAppender: Follower failed (request=null, errorCount=801); keep nextIndex (439) unchanged and retry.
2025-04-23 14:39:38,708 [grpc-default-executor-3] WARN  server.GrpcLogAppender (GrpcLogAppender.java:lambda$resetClient$1(221)) - omNode-1@group-523986131536->omNode-3-GrpcLogAppender: Follower failed (request=null, errorCount=803); keep nextIndex (440) unchanged and retry.
2025-04-23 14:39:38,710 [grpc-default-executor-3] WARN  server.GrpcLogAppender (GrpcLogAppender.java:lambda$resetClient$1(221)) - omNode-1@group-523986131536->omNode-3-GrpcLogAppender: Follower failed (request=null, errorCount=805); keep nextIndex (441) unchanged and retry.
2025-04-23 14:39:38,716 [grpc-default-executor-0] WARN  server.GrpcLogAppender (GrpcLogAppender.java:lambda$resetClient$1(221)) - omNode-1@group-523986131536->omNode-3-GrpcLogAppender: Follower failed (request=null, errorCount=807); keep nextIndex (442) unchanged and retry.
2025-04-23 14:39:38,717 [grpc-default-executor-3] WARN  server.GrpcLogAppender (GrpcLogAppender.java:lambda$resetClient$1(221)) - omNode-1@group-523986131536->omNode-3-GrpcLogAppender: Follower failed (request=null, errorCount=809); keep nextIndex (443) unchanged and retry.
2025-04-23 14:39:38,727 [grpc-default-executor-4] WARN  server.GrpcLogAppender (GrpcLogAppender.java:lambda$resetClient$1(221)) - omNode-1@group-523986131536->omNode-3-GrpcLogAppender: Follower failed (request=null, errorCount=811); keep nextIndex (444) unchanged and retry.
2025-04-23 14:39:38,730 [grpc-default-executor-3] WARN  server.GrpcLogAppender (GrpcLogAppender.java:lambda$resetClient$1(221)) - omNode-1@group-523986131536->omNode-3-GrpcLogAppender: Follower failed (request=null, errorCount=813); keep nextIndex (445) unchanged and retry.
2025-04-23 14:39:38,735 [grpc-default-executor-3] WARN  server.GrpcLogAppender (GrpcLogAppender.java:lambda$resetClient$1(221)) - omNode-1@group-523986131536->omNode-3-GrpcLogAppender: Follower failed (request=null, errorCount=815); keep nextIndex (446) unchanged and retry.
2025-04-23 14:39:38,737 [grpc-default-executor-4] WARN  server.GrpcLogAppender (GrpcLogAppender.java:lambda$resetClient$1(221)) - omNode-1@group-523986131536->omNode-3-GrpcLogAppender: Follower failed (request=null, errorCount=817); keep nextIndex (447) unchanged and retry.
2025-04-23 14:39:38,747 [grpc-default-executor-0] WARN  server.GrpcLogAppender (GrpcLogAppender.java:lambda$resetClient$1(221)) - omNode-1@group-523986131536->omNode-3-GrpcLogAppender: Follower failed (request=null, errorCount=819); keep nextIndex (448) unchanged and retry.
2025-04-23 14:39:38,750 [grpc-default-executor-4] WARN  server.GrpcLogAppender (GrpcLogAppender.java:lambda$resetClient$1(221)) - omNode-1@group-523986131536->omNode-3-GrpcLogAppender: Follower failed (request=null, errorCount=821); keep nextIndex (449) unchanged and retry.
2025-04-23 14:39:38,755 [grpc-default-executor-3] WARN  server.GrpcLogAppender (GrpcLogAppender.java:lambda$resetClient$1(221)) - omNode-1@group-523986131536->omNode-3-GrpcLogAppender: Follower failed (request=null, errorCount=823); keep nextIndex (450) unchanged and retry.
2025-04-23 14:39:38,757 [grpc-default-executor-3] WARN  server.GrpcLogAppender (GrpcLogAppender.java:lambda$resetClient$1(221)) - omNode-1@group-523986131536->omNode-3-GrpcLogAppender: Follower failed (request=null, errorCount=825); keep nextIndex (451) unchanged and retry.
2025-04-23 14:39:38,775 [grpc-default-executor-0] WARN  server.GrpcLogAppender (GrpcLogAppender.java:lambda$resetClient$1(221)) - omNode-1@group-523986131536->omNode-3-GrpcLogAppender: Follower failed (request=null, errorCount=827); keep nextIndex (452) unchanged and retry.
2025-04-23 14:39:38,781 [grpc-default-executor-4] WARN  server.GrpcLogAppender (GrpcLogAppender.java:lambda$resetClient$1(221)) - omNode-1@group-523986131536->omNode-3-GrpcLogAppender: Follower failed (request=null, errorCount=829); keep nextIndex (453) unchanged and retry.
2025-04-23 14:39:38,789 [grpc-default-executor-3] WARN  server.GrpcLogAppender (GrpcLogAppender.java:lambda$resetClient$1(221)) - omNode-1@group-523986131536->omNode-3-GrpcLogAppender: Follower failed (request=null, errorCount=831); keep nextIndex (454) unchanged and retry.
2025-04-23 14:39:38,791 [grpc-default-executor-4] WARN  server.GrpcLogAppender (GrpcLogAppender.java:lambda$resetClient$1(221)) - omNode-1@group-523986131536->omNode-3-GrpcLogAppender: Follower failed (request=null, errorCount=833); keep nextIndex (455) unchanged and retry.
2025-04-23 14:39:38,804 [grpc-default-executor-0] WARN  server.GrpcLogAppender (GrpcLogAppender.java:lambda$resetClient$1(221)) - omNode-1@group-523986131536->omNode-3-GrpcLogAppender: Follower failed (request=null, errorCount=835); keep nextIndex (456) unchanged and retry.
2025-04-23 14:39:38,806 [grpc-default-executor-4] WARN  server.GrpcLogAppender (GrpcLogAppender.java:lambda$resetClient$1(221)) - omNode-1@group-523986131536->omNode-3-GrpcLogAppender: Follower failed (request=null, errorCount=837); keep nextIndex (457) unchanged and retry.
2025-04-23 14:39:38,816 [omNode-2@group-523986131536-StateMachineUpdater] INFO  ratis.OzoneManagerStateMachine (OzoneManagerStateMachine.java:takeSnapshotImpl(510)) - omNode-2: taking snapshot. applied = (t:1, i:450), skipped = 449, notified = (t:1, i:450), current snapshot index = (t:1, i:450), took 37 ms
2025-04-23 14:39:38,816 [omNode-2@group-523986131536-StateMachineUpdater] INFO  impl.StateMachineUpdater (StateMachineUpdater.java:takeSnapshot(303)) - omNode-2@group-523986131536-StateMachineUpdater: Took a snapshot at index 450
2025-04-23 14:39:38,816 [omNode-2@group-523986131536-StateMachineUpdater] INFO  impl.StateMachineUpdater (StateMachineUpdater.java:lambda$new$0(102)) - omNode-2@group-523986131536-StateMachineUpdater: snapshotIndex: updateIncreasingly 400 -> 450
2025-04-23 14:39:38,816 [omNode-2@group-523986131536-StateMachineUpdater] INFO  raftlog.RaftLog (RaftLogBase.java:purge(325)) - omNode-2@group-523986131536-SegmentedRaftLog: purge 450
2025-04-23 14:39:38,816 [omNode-2@group-523986131536-StateMachineUpdater] INFO  raftlog.RaftLog (RaftLogBase.java:lambda$new$0(54)) - omNode-2@group-523986131536-SegmentedRaftLog: snapshotIndex: updateIncreasingly 400 -> 450
2025-04-23 14:39:38,816 [omNode-2@group-523986131536-StateMachineUpdater] INFO  raftlog.RaftLog (RaftLogBase.java:lambda$new$0(54)) - omNode-2@group-523986131536-SegmentedRaftLog: purgeIndex: updateToMax old=400, new=450, updated? true
2025-04-23 14:39:38,822 [omNode-1@group-523986131536-StateMachineUpdater] INFO  ratis.OzoneManagerStateMachine (OzoneManagerStateMachine.java:takeSnapshotImpl(510)) - omNode-1: taking snapshot. applied = (t:1, i:452), skipped = 451, notified = (t:1, i:452), current snapshot index = (t:1, i:452), took 30 ms
2025-04-23 14:39:38,822 [omNode-1@group-523986131536-StateMachineUpdater] INFO  impl.StateMachineUpdater (StateMachineUpdater.java:takeSnapshot(303)) - omNode-1@group-523986131536-StateMachineUpdater: Took a snapshot at index 452
2025-04-23 14:39:38,822 [omNode-1@group-523986131536-StateMachineUpdater] INFO  impl.StateMachineUpdater (StateMachineUpdater.java:lambda$new$0(102)) - omNode-1@group-523986131536-StateMachineUpdater: snapshotIndex: updateIncreasingly 402 -> 452
2025-04-23 14:39:38,822 [omNode-1@group-523986131536-StateMachineUpdater] INFO  raftlog.RaftLog (RaftLogBase.java:purge(325)) - omNode-1@group-523986131536-SegmentedRaftLog: purge 452
2025-04-23 14:39:38,822 [omNode-1@group-523986131536-StateMachineUpdater] INFO  raftlog.RaftLog (RaftLogBase.java:lambda$new$0(54)) - omNode-1@group-523986131536-SegmentedRaftLog: snapshotIndex: updateIncreasingly 402 -> 452
2025-04-23 14:39:38,822 [omNode-1@group-523986131536-StateMachineUpdater] INFO  raftlog.RaftLog (RaftLogBase.java:lambda$new$0(54)) - omNode-1@group-523986131536-SegmentedRaftLog: purgeIndex: updateToMax old=402, new=452, updated? true
2025-04-23 14:39:38,827 [grpc-default-executor-0] WARN  server.GrpcLogAppender (GrpcLogAppender.java:lambda$resetClient$1(221)) - omNode-1@group-523986131536->omNode-3-GrpcLogAppender: Follower failed (request=null, errorCount=839); keep nextIndex (458) unchanged and retry.
2025-04-23 14:39:38,828 [grpc-default-executor-3] WARN  server.GrpcLogAppender (GrpcLogAppender.java:lambda$resetClient$1(221)) - omNode-1@group-523986131536->omNode-3-GrpcLogAppender: Follower failed (request=null, errorCount=841); keep nextIndex (459) unchanged and retry.
2025-04-23 14:39:38,837 [grpc-default-executor-0] WARN  server.GrpcLogAppender (GrpcLogAppender.java:lambda$resetClient$1(221)) - omNode-1@group-523986131536->omNode-3-GrpcLogAppender: Follower failed (request=null, errorCount=843); keep nextIndex (460) unchanged and retry.
2025-04-23 14:39:38,839 [grpc-default-executor-0] WARN  server.GrpcLogAppender (GrpcLogAppender.java:lambda$resetClient$1(221)) - omNode-1@group-523986131536->omNode-3-GrpcLogAppender: Follower failed (request=null, errorCount=845); keep nextIndex (461) unchanged and retry.
2025-04-23 14:39:38,846 [grpc-default-executor-0] WARN  server.GrpcLogAppender (GrpcLogAppender.java:lambda$resetClient$1(221)) - omNode-1@group-523986131536->omNode-3-GrpcLogAppender: Follower failed (request=null, errorCount=847); keep nextIndex (462) unchanged and retry.
2025-04-23 14:39:38,848 [grpc-default-executor-0] WARN  server.GrpcLogAppender (GrpcLogAppender.java:lambda$resetClient$1(221)) - omNode-1@group-523986131536->omNode-3-GrpcLogAppender: Follower failed (request=null, errorCount=849); keep nextIndex (463) unchanged and retry.
2025-04-23 14:39:38,860 [grpc-default-executor-3] WARN  server.GrpcLogAppender (GrpcLogAppender.java:lambda$resetClient$1(221)) - omNode-1@group-523986131536->omNode-3-GrpcLogAppender: Follower failed (request=null, errorCount=851); keep nextIndex (464) unchanged and retry.
2025-04-23 14:39:38,862 [grpc-default-executor-0] WARN  server.GrpcLogAppender (GrpcLogAppender.java:lambda$resetClient$1(221)) - omNode-1@group-523986131536->omNode-3-GrpcLogAppender: Follower failed (request=null, errorCount=853); keep nextIndex (465) unchanged and retry.
2025-04-23 14:39:38,871 [grpc-default-executor-0] WARN  server.GrpcLogAppender (GrpcLogAppender.java:lambda$resetClient$1(221)) - omNode-1@group-523986131536->omNode-3-GrpcLogAppender: Follower failed (request=null, errorCount=855); keep nextIndex (466) unchanged and retry.
2025-04-23 14:39:38,874 [grpc-default-executor-3] WARN  server.GrpcLogAppender (GrpcLogAppender.java:lambda$resetClient$1(221)) - omNode-1@group-523986131536->omNode-3-GrpcLogAppender: Follower failed (request=null, errorCount=857); keep nextIndex (467) unchanged and retry.
2025-04-23 14:39:38,883 [grpc-default-executor-3] WARN  server.GrpcLogAppender (GrpcLogAppender.java:lambda$resetClient$1(221)) - omNode-1@group-523986131536->omNode-3-GrpcLogAppender: Follower failed (request=null, errorCount=859); keep nextIndex (468) unchanged and retry.
2025-04-23 14:39:38,886 [grpc-default-executor-0] WARN  server.GrpcLogAppender (GrpcLogAppender.java:lambda$resetClient$1(221)) - omNode-1@group-523986131536->omNode-3-GrpcLogAppender: Follower failed (request=null, errorCount=861); keep nextIndex (469) unchanged and retry.
2025-04-23 14:39:38,894 [grpc-default-executor-0] WARN  server.GrpcLogAppender (GrpcLogAppender.java:lambda$resetClient$1(221)) - omNode-1@group-523986131536->omNode-3-GrpcLogAppender: Follower failed (request=null, errorCount=867); keep nextIndex (471) unchanged and retry.
2025-04-23 14:39:38,906 [grpc-default-executor-3] WARN  server.GrpcLogAppender (GrpcLogAppender.java:lambda$resetClient$1(221)) - omNode-1@group-523986131536->omNode-3-GrpcLogAppender: Follower failed (request=null, errorCount=869); keep nextIndex (472) unchanged and retry.
2025-04-23 14:39:38,908 [grpc-default-executor-0] WARN  server.GrpcLogAppender (GrpcLogAppender.java:lambda$resetClient$1(221)) - omNode-1@group-523986131536->omNode-3-GrpcLogAppender: Follower failed (request=null, errorCount=871); keep nextIndex (473) unchanged and retry.
2025-04-23 14:39:38,914 [grpc-default-executor-0] WARN  server.GrpcLogAppender (GrpcLogAppender.java:lambda$resetClient$1(221)) - omNode-1@group-523986131536->omNode-3-GrpcLogAppender: Follower failed (request=null, errorCount=873); keep nextIndex (474) unchanged and retry.
2025-04-23 14:39:38,915 [grpc-default-executor-4] WARN  server.GrpcLogAppender (GrpcLogAppender.java:lambda$resetClient$1(221)) - omNode-1@group-523986131536->omNode-3-GrpcLogAppender: Follower failed (request=null, errorCount=875); keep nextIndex (475) unchanged and retry.
2025-04-23 14:39:38,924 [grpc-default-executor-0] WARN  server.GrpcLogAppender (GrpcLogAppender.java:lambda$resetClient$1(221)) - omNode-1@group-523986131536->omNode-3-GrpcLogAppender: Follower failed (request=null, errorCount=877); keep nextIndex (476) unchanged and retry.
2025-04-23 14:39:38,925 [grpc-default-executor-4] WARN  server.GrpcLogAppender (GrpcLogAppender.java:lambda$resetClient$1(221)) - omNode-1@group-523986131536->omNode-3-GrpcLogAppender: Follower failed (request=null, errorCount=879); keep nextIndex (477) unchanged and retry.
2025-04-23 14:39:38,930 [grpc-default-executor-3] WARN  server.GrpcLogAppender (GrpcLogAppender.java:lambda$resetClient$1(221)) - omNode-1@group-523986131536->omNode-3-GrpcLogAppender: Follower failed (request=null, errorCount=881); keep nextIndex (478) unchanged and retry.
2025-04-23 14:39:38,932 [grpc-default-executor-0] WARN  server.GrpcLogAppender (GrpcLogAppender.java:lambda$resetClient$1(221)) - omNode-1@group-523986131536->omNode-3-GrpcLogAppender: Follower failed (request=null, errorCount=883); keep nextIndex (479) unchanged and retry.
2025-04-23 14:39:38,940 [grpc-default-executor-4] WARN  server.GrpcLogAppender (GrpcLogAppender.java:lambda$resetClient$1(221)) - omNode-1@group-523986131536->omNode-3-GrpcLogAppender: Follower failed (request=null, errorCount=885); keep nextIndex (480) unchanged and retry.
2025-04-23 14:39:38,943 [grpc-default-executor-0] WARN  server.GrpcLogAppender (GrpcLogAppender.java:lambda$resetClient$1(221)) - omNode-1@group-523986131536->omNode-3-GrpcLogAppender: Follower failed (request=null, errorCount=887); keep nextIndex (481) unchanged and retry.
2025-04-23 14:39:38,948 [grpc-default-executor-4] WARN  server.GrpcLogAppender (GrpcLogAppender.java:lambda$resetClient$1(221)) - omNode-1@group-523986131536->omNode-3-GrpcLogAppender: Follower failed (request=null, errorCount=889); keep nextIndex (482) unchanged and retry.
2025-04-23 14:39:38,949 [grpc-default-executor-4] WARN  server.GrpcLogAppender (GrpcLogAppender.java:lambda$resetClient$1(221)) - omNode-1@group-523986131536->omNode-3-GrpcLogAppender: Follower failed (request=null, errorCount=891); keep nextIndex (483) unchanged and retry.
2025-04-23 14:39:38,957 [grpc-default-executor-3] WARN  server.GrpcLogAppender (GrpcLogAppender.java:lambda$resetClient$1(221)) - omNode-1@group-523986131536->omNode-3-GrpcLogAppender: Follower failed (request=null, errorCount=893); keep nextIndex (484) unchanged and retry.
2025-04-23 14:39:38,958 [grpc-default-executor-4] WARN  server.GrpcLogAppender (GrpcLogAppender.java:lambda$resetClient$1(221)) - omNode-1@group-523986131536->omNode-3-GrpcLogAppender: Follower failed (request=null, errorCount=895); keep nextIndex (485) unchanged and retry.
2025-04-23 14:39:38,963 [grpc-default-executor-3] WARN  server.GrpcLogAppender (GrpcLogAppender.java:lambda$resetClient$1(221)) - omNode-1@group-523986131536->omNode-3-GrpcLogAppender: Follower failed (request=null, errorCount=897); keep nextIndex (486) unchanged and retry.
2025-04-23 14:39:38,965 [grpc-default-executor-4] WARN  server.GrpcLogAppender (GrpcLogAppender.java:lambda$resetClient$1(221)) - omNode-1@group-523986131536->omNode-3-GrpcLogAppender: Follower failed (request=null, errorCount=899); keep nextIndex (487) unchanged and retry.
2025-04-23 14:39:38,976 [grpc-default-executor-4] WARN  server.GrpcLogAppender (GrpcLogAppender.java:lambda$resetClient$1(221)) - omNode-1@group-523986131536->omNode-3-GrpcLogAppender: Follower failed (request=null, errorCount=901); keep nextIndex (488) unchanged and retry.
2025-04-23 14:39:38,979 [grpc-default-executor-0] WARN  server.GrpcLogAppender (GrpcLogAppender.java:lambda$resetClient$1(221)) - omNode-1@group-523986131536->omNode-3-GrpcLogAppender: Follower failed (request=null, errorCount=903); keep nextIndex (489) unchanged and retry.
2025-04-23 14:39:38,983 [grpc-default-executor-0] WARN  server.GrpcLogAppender (GrpcLogAppender.java:lambda$resetClient$1(221)) - omNode-1@group-523986131536->omNode-3-GrpcLogAppender: Follower failed (request=null, errorCount=905); keep nextIndex (490) unchanged and retry.
2025-04-23 14:39:38,986 [grpc-default-executor-0] WARN  server.GrpcLogAppender (GrpcLogAppender.java:lambda$resetClient$1(221)) - omNode-1@group-523986131536->omNode-3-GrpcLogAppender: Follower failed (request=null, errorCount=907); keep nextIndex (491) unchanged and retry.
2025-04-23 14:39:38,992 [grpc-default-executor-0] WARN  server.GrpcLogAppender (GrpcLogAppender.java:lambda$resetClient$1(221)) - omNode-1@group-523986131536->omNode-3-GrpcLogAppender: Follower failed (request=null, errorCount=909); keep nextIndex (492) unchanged and retry.
2025-04-23 14:39:38,994 [grpc-default-executor-3] WARN  server.GrpcLogAppender (GrpcLogAppender.java:lambda$resetClient$1(221)) - omNode-1@group-523986131536->omNode-3-GrpcLogAppender: Follower failed (request=null, errorCount=911); keep nextIndex (493) unchanged and retry.
2025-04-23 14:39:38,997 [grpc-default-executor-0] WARN  server.GrpcLogAppender (GrpcLogAppender.java:lambda$resetClient$1(221)) - omNode-1@group-523986131536->omNode-3-GrpcLogAppender: Follower failed (request=null, errorCount=913); keep nextIndex (494) unchanged and retry.
2025-04-23 14:39:39,001 [grpc-default-executor-3] WARN  server.GrpcLogAppender (GrpcLogAppender.java:lambda$resetClient$1(221)) - omNode-1@group-523986131536->omNode-3-GrpcLogAppender: Follower failed (request=null, errorCount=915); keep nextIndex (495) unchanged and retry.
2025-04-23 14:39:39,007 [grpc-default-executor-3] WARN  server.GrpcLogAppender (GrpcLogAppender.java:lambda$resetClient$1(221)) - omNode-1@group-523986131536->omNode-3-GrpcLogAppender: Follower failed (request=null, errorCount=917); keep nextIndex (496) unchanged and retry.
2025-04-23 14:39:39,008 [grpc-default-executor-4] WARN  server.GrpcLogAppender (GrpcLogAppender.java:lambda$resetClient$1(221)) - omNode-1@group-523986131536->omNode-3-GrpcLogAppender: Follower failed (request=null, errorCount=919); keep nextIndex (497) unchanged and retry.
2025-04-23 14:39:39,011 [grpc-default-executor-0] WARN  server.GrpcLogAppender (GrpcLogAppender.java:lambda$resetClient$1(221)) - omNode-1@group-523986131536->omNode-3-GrpcLogAppender: Follower failed (request=null, errorCount=921); keep nextIndex (498) unchanged and retry.
2025-04-23 14:39:39,013 [grpc-default-executor-0] WARN  server.GrpcLogAppender (GrpcLogAppender.java:lambda$resetClient$1(221)) - omNode-1@group-523986131536->omNode-3-GrpcLogAppender: Follower failed (request=null, errorCount=923); keep nextIndex (499) unchanged and retry.
2025-04-23 14:39:39,019 [grpc-default-executor-4] WARN  server.GrpcLogAppender (GrpcLogAppender.java:lambda$resetClient$1(221)) - omNode-1@group-523986131536->omNode-3-GrpcLogAppender: Follower failed (request=null, errorCount=925); keep nextIndex (500) unchanged and retry.
2025-04-23 14:39:39,020 [grpc-default-executor-0] WARN  server.GrpcLogAppender (GrpcLogAppender.java:lambda$resetClient$1(221)) - omNode-1@group-523986131536->omNode-3-GrpcLogAppender: Follower failed (request=null, errorCount=927); keep nextIndex (501) unchanged and retry.
2025-04-23 14:39:39,025 [grpc-default-executor-4] WARN  server.GrpcLogAppender (GrpcLogAppender.java:lambda$resetClient$1(221)) - omNode-1@group-523986131536->omNode-3-GrpcLogAppender: Follower failed (request=null, errorCount=929); keep nextIndex (502) unchanged and retry.
2025-04-23 14:39:39,027 [grpc-default-executor-3] WARN  server.GrpcLogAppender (GrpcLogAppender.java:lambda$resetClient$1(221)) - omNode-1@group-523986131536->omNode-3-GrpcLogAppender: Follower failed (request=null, errorCount=931); keep nextIndex (503) unchanged and retry.
2025-04-23 14:39:39,037 [grpc-default-executor-3] WARN  server.GrpcLogAppender (GrpcLogAppender.java:lambda$resetClient$1(221)) - omNode-1@group-523986131536->omNode-3-GrpcLogAppender: Follower failed (request=null, errorCount=933); keep nextIndex (504) unchanged and retry.
2025-04-23 14:39:39,040 [grpc-default-executor-0] WARN  server.GrpcLogAppender (GrpcLogAppender.java:lambda$resetClient$1(221)) - omNode-1@group-523986131536->omNode-3-GrpcLogAppender: Follower failed (request=null, errorCount=935); keep nextIndex (505) unchanged and retry.
2025-04-23 14:39:39,052 [omNode-1@group-523986131536-StateMachineUpdater] INFO  ratis.OzoneManagerStateMachine (OzoneManagerStateMachine.java:takeSnapshotImpl(510)) - omNode-1: taking snapshot. applied = (t:1, i:502), skipped = 501, notified = (t:1, i:502), current snapshot index = (t:1, i:502), took 22 ms
2025-04-23 14:39:39,052 [omNode-1@group-523986131536-StateMachineUpdater] INFO  impl.StateMachineUpdater (StateMachineUpdater.java:takeSnapshot(303)) - omNode-1@group-523986131536-StateMachineUpdater: Took a snapshot at index 502
2025-04-23 14:39:39,052 [omNode-1@group-523986131536-StateMachineUpdater] INFO  impl.StateMachineUpdater (StateMachineUpdater.java:lambda$new$0(102)) - omNode-1@group-523986131536-StateMachineUpdater: snapshotIndex: updateIncreasingly 452 -> 502
2025-04-23 14:39:39,052 [omNode-1@group-523986131536-StateMachineUpdater] INFO  raftlog.RaftLog (RaftLogBase.java:purge(325)) - omNode-1@group-523986131536-SegmentedRaftLog: purge 502
2025-04-23 14:39:39,052 [omNode-1@group-523986131536-StateMachineUpdater] INFO  raftlog.RaftLog (RaftLogBase.java:lambda$new$0(54)) - omNode-1@group-523986131536-SegmentedRaftLog: snapshotIndex: updateIncreasingly 452 -> 502
2025-04-23 14:39:39,052 [omNode-1@group-523986131536-StateMachineUpdater] INFO  raftlog.RaftLog (RaftLogBase.java:lambda$new$0(54)) - omNode-1@group-523986131536-SegmentedRaftLog: purgeIndex: updateToMax old=452, new=502, updated? true
2025-04-23 14:39:39,053 [omNode-2@group-523986131536-StateMachineUpdater] INFO  ratis.OzoneManagerStateMachine (OzoneManagerStateMachine.java:takeSnapshotImpl(510)) - omNode-2: taking snapshot. applied = (t:1, i:500), skipped = 499, notified = (t:1, i:500), current snapshot index = (t:1, i:500), took 27 ms
2025-04-23 14:39:39,053 [omNode-2@group-523986131536-StateMachineUpdater] INFO  impl.StateMachineUpdater (StateMachineUpdater.java:takeSnapshot(303)) - omNode-2@group-523986131536-StateMachineUpdater: Took a snapshot at index 500
2025-04-23 14:39:39,053 [omNode-2@group-523986131536-StateMachineUpdater] INFO  impl.StateMachineUpdater (StateMachineUpdater.java:lambda$new$0(102)) - omNode-2@group-523986131536-StateMachineUpdater: snapshotIndex: updateIncreasingly 450 -> 500
2025-04-23 14:39:39,053 [omNode-2@group-523986131536-StateMachineUpdater] INFO  raftlog.RaftLog (RaftLogBase.java:purge(325)) - omNode-2@group-523986131536-SegmentedRaftLog: purge 500
2025-04-23 14:39:39,053 [omNode-2@group-523986131536-StateMachineUpdater] INFO  raftlog.RaftLog (RaftLogBase.java:lambda$new$0(54)) - omNode-2@group-523986131536-SegmentedRaftLog: snapshotIndex: updateIncreasingly 450 -> 500
2025-04-23 14:39:39,053 [omNode-2@group-523986131536-StateMachineUpdater] INFO  raftlog.RaftLog (RaftLogBase.java:lambda$new$0(54)) - omNode-2@group-523986131536-SegmentedRaftLog: purgeIndex: updateToMax old=450, new=500, updated? true
2025-04-23 14:39:39,060 [grpc-default-executor-3] WARN  server.GrpcLogAppender (GrpcLogAppender.java:lambda$resetClient$1(221)) - omNode-1@group-523986131536->omNode-3-GrpcLogAppender: Follower failed (request=null, errorCount=937); keep nextIndex (506) unchanged and retry.
2025-04-23 14:39:39,062 [grpc-default-executor-4] WARN  server.GrpcLogAppender (GrpcLogAppender.java:lambda$resetClient$1(221)) - omNode-1@group-523986131536->omNode-3-GrpcLogAppender: Follower failed (request=null, errorCount=939); keep nextIndex (507) unchanged and retry.
2025-04-23 14:39:39,071 [grpc-default-executor-0] WARN  server.GrpcLogAppender (GrpcLogAppender.java:lambda$resetClient$1(221)) - omNode-1@group-523986131536->omNode-3-GrpcLogAppender: Follower failed (request=null, errorCount=941); keep nextIndex (508) unchanged and retry.
2025-04-23 14:39:39,073 [grpc-default-executor-4] WARN  server.GrpcLogAppender (GrpcLogAppender.java:lambda$resetClient$1(221)) - omNode-1@group-523986131536->omNode-3-GrpcLogAppender: Follower failed (request=null, errorCount=943); keep nextIndex (509) unchanged and retry.
2025-04-23 14:39:39,079 [grpc-default-executor-4] WARN  server.GrpcLogAppender (GrpcLogAppender.java:lambda$resetClient$1(221)) - omNode-1@group-523986131536->omNode-3-GrpcLogAppender: Follower failed (request=null, errorCount=945); keep nextIndex (510) unchanged and retry.
2025-04-23 14:39:39,081 [grpc-default-executor-3] WARN  server.GrpcLogAppender (GrpcLogAppender.java:lambda$resetClient$1(221)) - omNode-1@group-523986131536->omNode-3-GrpcLogAppender: Follower failed (request=null, errorCount=947); keep nextIndex (511) unchanged and retry.
2025-04-23 14:39:39,090 [grpc-default-executor-3] WARN  server.GrpcLogAppender (GrpcLogAppender.java:lambda$resetClient$1(221)) - omNode-1@group-523986131536->omNode-3-GrpcLogAppender: Follower failed (request=null, errorCount=949); keep nextIndex (512) unchanged and retry.
2025-04-23 14:39:39,092 [grpc-default-executor-4] WARN  server.GrpcLogAppender (GrpcLogAppender.java:lambda$resetClient$1(221)) - omNode-1@group-523986131536->omNode-3-GrpcLogAppender: Follower failed (request=null, errorCount=951); keep nextIndex (513) unchanged and retry.
2025-04-23 14:39:39,097 [grpc-default-executor-3] WARN  server.GrpcLogAppender (GrpcLogAppender.java:lambda$resetClient$1(221)) - omNode-1@group-523986131536->omNode-3-GrpcLogAppender: Follower failed (request=null, errorCount=953); keep nextIndex (514) unchanged and retry.
2025-04-23 14:39:39,099 [grpc-default-executor-3] WARN  server.GrpcLogAppender (GrpcLogAppender.java:lambda$resetClient$1(221)) - omNode-1@group-523986131536->omNode-3-GrpcLogAppender: Follower failed (request=null, errorCount=955); keep nextIndex (515) unchanged and retry.
2025-04-23 14:39:39,109 [grpc-default-executor-0] WARN  server.GrpcLogAppender (GrpcLogAppender.java:lambda$resetClient$1(221)) - omNode-1@group-523986131536->omNode-3-GrpcLogAppender: Follower failed (request=null, errorCount=957); keep nextIndex (516) unchanged and retry.
2025-04-23 14:39:39,111 [grpc-default-executor-4] WARN  server.GrpcLogAppender (GrpcLogAppender.java:lambda$resetClient$1(221)) - omNode-1@group-523986131536->omNode-3-GrpcLogAppender: Follower failed (request=null, errorCount=959); keep nextIndex (517) unchanged and retry.
2025-04-23 14:39:39,116 [grpc-default-executor-3] WARN  server.GrpcLogAppender (GrpcLogAppender.java:lambda$resetClient$1(221)) - omNode-1@group-523986131536->omNode-3-GrpcLogAppender: Follower failed (request=null, errorCount=961); keep nextIndex (518) unchanged and retry.
2025-04-23 14:39:39,118 [grpc-default-executor-4] WARN  server.GrpcLogAppender (GrpcLogAppender.java:lambda$resetClient$1(221)) - omNode-1@group-523986131536->omNode-3-GrpcLogAppender: Follower failed (request=null, errorCount=963); keep nextIndex (519) unchanged and retry.
2025-04-23 14:39:39,128 [grpc-default-executor-3] WARN  server.GrpcLogAppender (GrpcLogAppender.java:lambda$resetClient$1(221)) - omNode-1@group-523986131536->omNode-3-GrpcLogAppender: Follower failed (request=null, errorCount=965); keep nextIndex (520) unchanged and retry.
2025-04-23 14:39:39,130 [grpc-default-executor-0] WARN  server.GrpcLogAppender (GrpcLogAppender.java:lambda$resetClient$1(221)) - omNode-1@group-523986131536->omNode-3-GrpcLogAppender: Follower failed (request=null, errorCount=967); keep nextIndex (521) unchanged and retry.
2025-04-23 14:39:39,136 [grpc-default-executor-3] WARN  server.GrpcLogAppender (GrpcLogAppender.java:lambda$resetClient$1(221)) - omNode-1@group-523986131536->omNode-3-GrpcLogAppender: Follower failed (request=null, errorCount=969); keep nextIndex (522) unchanged and retry.
2025-04-23 14:39:39,138 [grpc-default-executor-3] WARN  server.GrpcLogAppender (GrpcLogAppender.java:lambda$resetClient$1(221)) - omNode-1@group-523986131536->omNode-3-GrpcLogAppender: Follower failed (request=null, errorCount=971); keep nextIndex (523) unchanged and retry.
2025-04-23 14:39:39,150 [grpc-default-executor-3] WARN  server.GrpcLogAppender (GrpcLogAppender.java:lambda$resetClient$1(221)) - omNode-1@group-523986131536->omNode-3-GrpcLogAppender: Follower failed (request=null, errorCount=977); keep nextIndex (525) unchanged and retry.
2025-04-23 14:39:39,154 [grpc-default-executor-0] WARN  server.GrpcLogAppender (GrpcLogAppender.java:lambda$resetClient$1(221)) - omNode-1@group-523986131536->omNode-3-GrpcLogAppender: Follower failed (request=null, errorCount=979); keep nextIndex (526) unchanged and retry.
2025-04-23 14:39:39,156 [grpc-default-executor-3] WARN  server.GrpcLogAppender (GrpcLogAppender.java:lambda$resetClient$1(221)) - omNode-1@group-523986131536->omNode-3-GrpcLogAppender: Follower failed (request=null, errorCount=981); keep nextIndex (527) unchanged and retry.
2025-04-23 14:39:39,165 [grpc-default-executor-3] WARN  server.GrpcLogAppender (GrpcLogAppender.java:lambda$resetClient$1(221)) - omNode-1@group-523986131536->omNode-3-GrpcLogAppender: Follower failed (request=null, errorCount=983); keep nextIndex (528) unchanged and retry.
2025-04-23 14:39:39,167 [grpc-default-executor-0] WARN  server.GrpcLogAppender (GrpcLogAppender.java:lambda$resetClient$1(221)) - omNode-1@group-523986131536->omNode-3-GrpcLogAppender: Follower failed (request=null, errorCount=985); keep nextIndex (529) unchanged and retry.
2025-04-23 14:39:39,172 [grpc-default-executor-3] WARN  server.GrpcLogAppender (GrpcLogAppender.java:lambda$resetClient$1(221)) - omNode-1@group-523986131536->omNode-3-GrpcLogAppender: Follower failed (request=null, errorCount=987); keep nextIndex (530) unchanged and retry.
2025-04-23 14:39:39,175 [grpc-default-executor-0] WARN  server.GrpcLogAppender (GrpcLogAppender.java:lambda$resetClient$1(221)) - omNode-1@group-523986131536->omNode-3-GrpcLogAppender: Follower failed (request=null, errorCount=989); keep nextIndex (531) unchanged and retry.
2025-04-23 14:39:39,183 [grpc-default-executor-4] WARN  server.GrpcLogAppender (GrpcLogAppender.java:lambda$resetClient$1(221)) - omNode-1@group-523986131536->omNode-3-GrpcLogAppender: Follower failed (request=null, errorCount=991); keep nextIndex (532) unchanged and retry.
2025-04-23 14:39:39,184 [grpc-default-executor-0] WARN  server.GrpcLogAppender (GrpcLogAppender.java:lambda$resetClient$1(221)) - omNode-1@group-523986131536->omNode-3-GrpcLogAppender: Follower failed (request=null, errorCount=993); keep nextIndex (533) unchanged and retry.
2025-04-23 14:39:39,190 [grpc-default-executor-4] WARN  server.GrpcLogAppender (GrpcLogAppender.java:lambda$resetClient$1(221)) - omNode-1@group-523986131536->omNode-3-GrpcLogAppender: Follower failed (request=null, errorCount=995); keep nextIndex (534) unchanged and retry.
2025-04-23 14:39:39,192 [grpc-default-executor-0] WARN  server.GrpcLogAppender (GrpcLogAppender.java:lambda$resetClient$1(221)) - omNode-1@group-523986131536->omNode-3-GrpcLogAppender: Follower failed (request=null, errorCount=997); keep nextIndex (535) unchanged and retry.
2025-04-23 14:39:39,201 [grpc-default-executor-0] WARN  server.GrpcLogAppender (GrpcLogAppender.java:lambda$resetClient$1(221)) - omNode-1@group-523986131536->omNode-3-GrpcLogAppender: Follower failed (request=null, errorCount=999); keep nextIndex (536) unchanged and retry.
2025-04-23 14:39:39,202 [grpc-default-executor-4] WARN  server.GrpcLogAppender (GrpcLogAppender.java:lambda$resetClient$1(221)) - omNode-1@group-523986131536->omNode-3-GrpcLogAppender: Follower failed (request=null, errorCount=1001); keep nextIndex (537) unchanged and retry.
2025-04-23 14:39:39,207 [grpc-default-executor-0] WARN  server.GrpcLogAppender (GrpcLogAppender.java:lambda$resetClient$1(221)) - omNode-1@group-523986131536->omNode-3-GrpcLogAppender: Follower failed (request=null, errorCount=1003); keep nextIndex (538) unchanged and retry.
2025-04-23 14:39:39,209 [grpc-default-executor-0] WARN  server.GrpcLogAppender (GrpcLogAppender.java:lambda$resetClient$1(221)) - omNode-1@group-523986131536->omNode-3-GrpcLogAppender: Follower failed (request=null, errorCount=1005); keep nextIndex (539) unchanged and retry.
2025-04-23 14:39:39,217 [grpc-default-executor-0] WARN  server.GrpcLogAppender (GrpcLogAppender.java:lambda$resetClient$1(221)) - omNode-1@group-523986131536->omNode-3-GrpcLogAppender: Follower failed (request=null, errorCount=1007); keep nextIndex (540) unchanged and retry.
2025-04-23 14:39:39,219 [grpc-default-executor-3] WARN  server.GrpcLogAppender (GrpcLogAppender.java:lambda$resetClient$1(221)) - omNode-1@group-523986131536->omNode-3-GrpcLogAppender: Follower failed (request=null, errorCount=1009); keep nextIndex (541) unchanged and retry.
2025-04-23 14:39:39,223 [grpc-default-executor-3] WARN  server.GrpcLogAppender (GrpcLogAppender.java:lambda$resetClient$1(221)) - omNode-1@group-523986131536->omNode-3-GrpcLogAppender: Follower failed (request=null, errorCount=1011); keep nextIndex (542) unchanged and retry.
2025-04-23 14:39:39,226 [grpc-default-executor-4] WARN  server.GrpcLogAppender (GrpcLogAppender.java:lambda$resetClient$1(221)) - omNode-1@group-523986131536->omNode-3-GrpcLogAppender: Follower failed (request=null, errorCount=1013); keep nextIndex (543) unchanged and retry.
2025-04-23 14:39:39,234 [grpc-default-executor-0] WARN  server.GrpcLogAppender (GrpcLogAppender.java:lambda$resetClient$1(221)) - omNode-1@group-523986131536->omNode-3-GrpcLogAppender: Follower failed (request=null, errorCount=1015); keep nextIndex (544) unchanged and retry.
2025-04-23 14:39:39,236 [grpc-default-executor-4] WARN  server.GrpcLogAppender (GrpcLogAppender.java:lambda$resetClient$1(221)) - omNode-1@group-523986131536->omNode-3-GrpcLogAppender: Follower failed (request=null, errorCount=1017); keep nextIndex (545) unchanged and retry.
2025-04-23 14:39:39,244 [main] INFO  om.OzoneManager (OzoneManager.java:restart(1878)) - OzoneManager RPC server is listening at localhost/127.0.0.1:15056
2025-04-23 14:39:39,244 [main] INFO  impl.MetricsSystemImpl (MetricsSystemImpl.java:init(158)) - OzoneManager metrics system started (again)
2025-04-23 14:39:39,258 [main] WARN  server.ServerUtils (ServerUtils.java:getDBPath(297)) - ozone.om.db.dirs is not configured. We recommend adding this setting. Falling back to ozone.metadata.dirs instead.
2025-04-23 14:39:39,312 [main] INFO  om.OzoneManager (OzoneManager.java:instantiateServices(933)) - S3 Multi-Tenancy is disabled
2025-04-23 14:39:39,312 [main] INFO  om.OmSnapshotManager (OmSnapshotManager.java:<init>(180)) - Ozone filesystem snapshot feature is enabled.
2025-04-23 14:39:39,312 [main] WARN  server.ServerUtils (ServerUtils.java:getDBPath(297)) - ozone.om.snapshot.diff.db.dir is not configured. We recommend adding this setting. Falling back to ozone.metadata.dirs instead.
2025-04-23 14:39:39,327 [main] WARN  server.ServerUtils (ServerUtils.java:getDefaultRatisDirectory(309)) - Storage directory for Ratis is not configured. It is a good idea to map this to an SSD disk. Falling back to ozone.metadata.dirs
2025-04-23 14:39:39,328 [main] INFO  server.RaftServerConfigKeys (ConfUtils.java:logGet(46)) - raft.server.log.appender.buffer.byte-limit = 4194304 (custom)
2025-04-23 14:39:39,328 [main] INFO  ratis.OzoneManagerRatisServer (OzoneManagerRatisServer.java:<init>(167)) - Instantiating OM Ratis server with groupID: om-service-test1 and peers: localhost:15059, localhost:15051, localhost:15055
2025-04-23 14:39:39,329 [main] INFO  ratis.OzoneManagerStateMachine (OzoneManagerStateMachine.java:loadSnapshotInfoFromDB(611)) - LastAppliedIndex is set from TransactionInfo from OM DB as (t:1, i:43)
2025-04-23 14:39:39,329 [main] INFO  server.RaftServer (ConfUtils.java:logGet(46)) - raft.rpc.type = GRPC (default)
2025-04-23 14:39:39,329 [main] INFO  grpc.GrpcConfigKeys (ConfUtils.java:logFallback(53)) - raft.grpc.admin.host = null (fallback to raft.grpc.server.host)
2025-04-23 14:39:39,329 [main] INFO  grpc.GrpcConfigKeys (ConfUtils.java:logFallback(53)) - raft.grpc.admin.port = 15059 (fallback to raft.grpc.server.port)
2025-04-23 14:39:39,329 [main] INFO  grpc.GrpcConfigKeys (ConfUtils.java:logFallback(53)) - raft.grpc.client.host = null (fallback to raft.grpc.server.host)
2025-04-23 14:39:39,329 [main] INFO  grpc.GrpcConfigKeys (ConfUtils.java:logFallback(53)) - raft.grpc.client.port = 15059 (fallback to raft.grpc.server.port)
2025-04-23 14:39:39,330 [main] INFO  grpc.GrpcConfigKeys (ConfUtils.java:logGet(46)) - raft.grpc.server.host = null (default)
2025-04-23 14:39:39,330 [main] INFO  grpc.GrpcConfigKeys (ConfUtils.java:logGet(46)) - raft.grpc.server.port = 15059 (custom)
2025-04-23 14:39:39,330 [main] INFO  server.GrpcService (ConfUtils.java:logGet(46)) - raft.grpc.message.size.max = 5242880 (custom)
2025-04-23 14:39:39,330 [main] INFO  server.GrpcService (ConfUtils.java:logGet(46)) - raft.grpc.flow.control.window = 1MB (=1048576) (default)
2025-04-23 14:39:39,330 [main] INFO  server.RaftServerConfigKeys (ConfUtils.java:logGet(46)) - raft.server.rpc.request.timeout = 3000ms (default)
2025-04-23 14:39:39,330 [main] INFO  grpc.GrpcConfigKeys (ConfUtils.java:logGet(46)) - raft.grpc.server.heartbeat.channel = true (default)
2025-04-23 14:39:39,330 [main] INFO  server.RaftServerConfigKeys (ConfUtils.java:logGet(46)) - raft.server.log.appender.buffer.byte-limit = 4194304 (custom)
2025-04-23 14:39:39,330 [main] INFO  grpc.GrpcConfigKeys (ConfUtils.java:logGet(46)) - raft.grpc.server.async.request.thread.pool.cached = true (default)
2025-04-23 14:39:39,330 [main] INFO  grpc.GrpcConfigKeys (ConfUtils.java:logGet(46)) - raft.grpc.server.async.request.thread.pool.size = 32 (default)
2025-04-23 14:39:39,331 [main] INFO  impl.DataStreamServerImpl (ConfUtils.java:logGet(46)) - raft.datastream.type = DISABLED (default)
2025-04-23 14:39:39,331 [main] INFO  server.RaftServerConfigKeys (ConfUtils.java:logGet(46)) - raft.server.sleep.deviation.threshold = 300ms (default)
2025-04-23 14:39:39,331 [main] INFO  server.RaftServerConfigKeys (ConfUtils.java:logGet(46)) - raft.server.close.threshold = 60s (default)
2025-04-23 14:39:39,331 [main] INFO  server.RaftServerConfigKeys (ConfUtils.java:logGet(46)) - raft.server.leaderelection.leader.step-down.wait-time = 10s (default)
2025-04-23 14:39:39,331 [main] INFO  server.RaftServerConfigKeys (ConfUtils.java:logGet(46)) - raft.server.storage.dir = [/home/runner/work/ozone/ozone/hadoop-ozone/integration-test/target/test-dir/MiniOzoneClusterImpl-feea018d-8976-442b-acbc-fedf3986ffa5/omNode-3/ratis] (custom)
2025-04-23 14:39:39,331 [main] INFO  server.RaftServerConfigKeys (ConfUtils.java:logGet(46)) - raft.server.threadpool.proxy.cached = true (default)
2025-04-23 14:39:39,332 [main] INFO  server.RaftServerConfigKeys (ConfUtils.java:logGet(46)) - raft.server.threadpool.proxy.size = 0 (default)
2025-04-23 14:39:39,332 [omNode-3-impl-thread1] INFO  server.RaftServer (RaftServerProxy.java:initGroupDir(265)) - omNode-3: found a subdirectory /home/runner/work/ozone/ozone/hadoop-ozone/integration-test/target/test-dir/MiniOzoneClusterImpl-feea018d-8976-442b-acbc-fedf3986ffa5/omNode-3/ratis/c9bc4cf4-3bc3-3c60-a66b-523986131536
2025-04-23 14:39:39,332 [main] INFO  server.RaftServer (RaftServerProxy.java:addNew(100)) - omNode-3: addNew group-523986131536:[omNode-3|localhost:15059, omNode-1|localhost:15051, omNode-2|localhost:15055] returns group-523986131536:java.util.concurrent.CompletableFuture@91398b8[Not completed]
2025-04-23 14:39:39,333 [main] INFO  om.OzoneManager (OzoneManager.java:initializeRatisServer(2303)) - OzoneManager Ratis server initialized at port 15059
2025-04-23 14:39:39,333 [main] INFO  ratis.OzoneManagerRatisServer (OzoneManagerRatisServer.java:start(628)) - Starting OzoneManagerRatisServer omNode-3 at port 15059
2025-04-23 14:39:39,333 [omNode-3-groupManagement] INFO  server.RaftServer$Division (RaftServerImpl.java:<init>(255)) - omNode-3: new RaftServerImpl for group-523986131536:[omNode-3|localhost:15059, omNode-1|localhost:15051, omNode-2|localhost:15055] with OzoneManagerStateMachine:uninitialized
2025-04-23 14:39:39,333 [omNode-3-groupManagement] INFO  server.RaftServerConfigKeys (ConfUtils.java:logGet(46)) - raft.server.rpc.timeout.min = 1s (custom)
2025-04-23 14:39:39,333 [omNode-3-groupManagement] INFO  server.RaftServerConfigKeys (ConfUtils.java:logGet(46)) - raft.server.rpc.timeout.max = 1200ms (custom)
2025-04-23 14:39:39,333 [omNode-3-groupManagement] INFO  server.RaftServerConfigKeys (ConfUtils.java:logGet(46)) - raft.server.rpc.sleep.time = 25ms (default)
2025-04-23 14:39:39,333 [omNode-3-groupManagement] INFO  server.RaftServerConfigKeys (ConfUtils.java:logGet(46)) - raft.server.rpc.slowness.timeout = 2s (custom)
2025-04-23 14:39:39,333 [omNode-3-groupManagement] INFO  server.RaftServerConfigKeys (ConfUtils.java:logGet(46)) - raft.server.leaderelection.leader.step-down.wait-time = 10s (default)
2025-04-23 14:39:39,333 [omNode-3-groupManagement] INFO  server.RaftServerConfigKeys (ConfUtils.java:logGet(46)) - raft.server.leaderelection.member.majority-add = false (default)
2025-04-23 14:39:39,333 [omNode-3-groupManagement] INFO  server.RaftServerConfigKeys (ConfUtils.java:logGet(46)) - raft.server.sleep.deviation.threshold = 300ms (default)
2025-04-23 14:39:39,333 [omNode-3-groupManagement] INFO  server.RaftServer$Division (ServerState.java:<init>(114)) - omNode-3@group-523986131536: ConfigurationManager, init=conf: {index: -1, cur=peers:[omNode-3|localhost:15059, omNode-1|localhost:15051, omNode-2|localhost:15055]|listeners:[], old=null}, confs=<EMPTY_MAP>
2025-04-23 14:39:39,333 [omNode-3-groupManagement] INFO  server.RaftServerConfigKeys (ConfUtils.java:logGet(46)) - raft.server.notification.no-leader.timeout = 2s (custom)
2025-04-23 14:39:39,333 [omNode-3-groupManagement] INFO  server.RaftServerConfigKeys (ConfUtils.java:logGet(46)) - raft.server.read.timeout = 10s (default)
2025-04-23 14:39:39,333 [omNode-3-groupManagement] INFO  server.RaftServerConfigKeys (ConfUtils.java:logGet(46)) - raft.server.retrycache.expirytime = 30000ms (custom)
2025-04-23 14:39:39,333 [omNode-3-groupManagement] INFO  server.RaftServerConfigKeys (ConfUtils.java:logGet(46)) - raft.server.retrycache.statistics.expirytime = 100ms (default)
2025-04-23 14:39:39,333 [omNode-3-groupManagement] INFO  server.RaftServerConfigKeys (ConfUtils.java:logGet(46)) - raft.server.read.option = DEFAULT (default)
2025-04-23 14:39:39,333 [omNode-3-groupManagement] INFO  server.RaftServerConfigKeys (ConfUtils.java:logGet(46)) - raft.server.read.read-after-write-consistent.write-index-cache.expiry-time = 60s (default)
2025-04-23 14:39:39,336 [omNode-3-groupManagement] INFO  server.RaftServerConfigKeys (ConfUtils.java:logGet(46)) - raft.server.rpc.request.timeout = 3000ms (default)
2025-04-23 14:39:39,336 [omNode-3-groupManagement] INFO  server.RaftServerConfigKeys (ConfUtils.java:logGet(46)) - raft.server.log.appender.install.snapshot.enabled = false (custom)
2025-04-23 14:39:39,336 [omNode-3-groupManagement] INFO  server.RaftServerConfigKeys (ConfUtils.java:logGet(46)) - raft.server.threadpool.server.cached = true (default)
2025-04-23 14:39:39,336 [omNode-3-groupManagement] INFO  server.RaftServerConfigKeys (ConfUtils.java:logGet(46)) - raft.server.threadpool.server.size = 0 (default)
2025-04-23 14:39:39,336 [omNode-3-groupManagement] INFO  server.RaftServerConfigKeys (ConfUtils.java:logGet(46)) - raft.server.threadpool.client.cached = true (default)
2025-04-23 14:39:39,336 [omNode-3-groupManagement] INFO  server.RaftServerConfigKeys (ConfUtils.java:logGet(46)) - raft.server.threadpool.client.size = 0 (default)
2025-04-23 14:39:39,336 [omNode-3-impl-thread1] INFO  server.RaftServerConfigKeys (ConfUtils.java:logGet(46)) - raft.server.storage.free-space.min = 0MB (=0) (default)
2025-04-23 14:39:39,336 [omNode-3-impl-thread1] INFO  server.RaftServerConfigKeys (ConfUtils.java:logGet(46)) - raft.server.log.corruption.policy = EXCEPTION (default)
2025-04-23 14:39:39,336 [omNode-3-impl-thread1] INFO  server.RaftServerConfigKeys (ConfUtils.java:logGet(46)) - raft.server.storage.dir = [/home/runner/work/ozone/ozone/hadoop-ozone/integration-test/target/test-dir/MiniOzoneClusterImpl-feea018d-8976-442b-acbc-fedf3986ffa5/omNode-3/ratis] (custom)
2025-04-23 14:39:39,337 [omNode-3-impl-thread1] INFO  storage.RaftStorageDirectory (RaftStorageDirectoryImpl.java:tryLock(229)) - Lock on /home/runner/work/ozone/ozone/hadoop-ozone/integration-test/target/test-dir/MiniOzoneClusterImpl-feea018d-8976-442b-acbc-fedf3986ffa5/omNode-3/ratis/c9bc4cf4-3bc3-3c60-a66b-523986131536/in_use.lock acquired by nodename 129558@fv-az1120-822
2025-04-23 14:39:39,337 [omNode-3-impl-thread1] INFO  storage.RaftStorage (RaftStorageImpl.java:analyzeAndRecoverStorage(118)) - Read RaftStorageMetadata{term=1, votedFor=} from /home/runner/work/ozone/ozone/hadoop-ozone/integration-test/target/test-dir/MiniOzoneClusterImpl-feea018d-8976-442b-acbc-fedf3986ffa5/omNode-3/ratis/c9bc4cf4-3bc3-3c60-a66b-523986131536/current/raft-meta
2025-04-23 14:39:39,337 [omNode-3-impl-thread1] INFO  server.RaftServer$Division (ServerState.java:setRaftConf(386)) - omNode-3@group-523986131536: set configuration conf: {index: 0, cur=peers:[omNode-3|localhost:15059, omNode-1|localhost:15051, omNode-2|localhost:15055]|listeners:[], old=null}
2025-04-23 14:39:39,337 [omNode-3-impl-thread1] INFO  ratis.OzoneManagerStateMachine (OzoneManagerStateMachine.java:lambda$0(138)) - omNode-3: initialize group-523986131536 with (t:1, i:43)
2025-04-23 14:39:39,337 [omNode-3-impl-thread1] INFO  server.RaftServerConfigKeys (ConfUtils.java:logGet(46)) - raft.server.log.use.memory = false (default)
2025-04-23 14:39:39,337 [omNode-3-impl-thread1] INFO  server.RaftServerConfigKeys (ConfUtils.java:logGet(46)) - raft.server.log.purge.gap = 50 (custom)
2025-04-23 14:39:39,337 [omNode-3-impl-thread1] INFO  server.RaftServerConfigKeys (ConfUtils.java:logGet(46)) - raft.server.log.appender.buffer.byte-limit = 4194304 (custom)
2025-04-23 14:39:39,337 [omNode-3-impl-thread1] INFO  server.RaftServerConfigKeys (ConfUtils.java:logGet(46)) - raft.server.log.statemachine.data.read.timeout = 1000ms (default)
2025-04-23 14:39:39,337 [omNode-3-impl-thread1] INFO  server.RaftServerConfigKeys (ConfUtils.java:logGet(46)) - raft.server.log.purge.preservation.log.num = 0 (default)
2025-04-23 14:39:39,338 [omNode-3-impl-thread1] INFO  server.RaftServerConfigKeys (ConfUtils.java:logGet(46)) - raft.server.log.segment.size.max = 4194304 (custom)
2025-04-23 14:39:39,339 [omNode-3-impl-thread1] INFO  server.RaftServerConfigKeys (ConfUtils.java:logGet(46)) - raft.server.log.segment.cache.num.max = 2 (custom)
2025-04-23 14:39:39,339 [omNode-3-impl-thread1] INFO  server.RaftServerConfigKeys (ConfUtils.java:logGet(46)) - raft.server.log.segment.cache.size.max = 200MB (=209715200) (default)
2025-04-23 14:39:39,339 [omNode-3-impl-thread1] INFO  server.RaftServerConfigKeys (ConfUtils.java:logGet(46)) - raft.server.log.appender.buffer.byte-limit = 4194304 (custom)
2025-04-23 14:39:39,339 [omNode-3-impl-thread1] INFO  util.AwaitToRun (AwaitToRun.java:start(81)) - Thread[#10375,omNode-3@group-523986131536-cacheEviction-AwaitToRun,5,main] started
2025-04-23 14:39:39,339 [omNode-3-impl-thread1] INFO  segmented.SegmentedRaftLogWorker (SegmentedRaftLogWorker.java:<init>(188)) - new omNode-3@group-523986131536-SegmentedRaftLogWorker for RaftStorageImpl:Storage Directory /home/runner/work/ozone/ozone/hadoop-ozone/integration-test/target/test-dir/MiniOzoneClusterImpl-feea018d-8976-442b-acbc-fedf3986ffa5/omNode-3/ratis/c9bc4cf4-3bc3-3c60-a66b-523986131536
2025-04-23 14:39:39,339 [omNode-3-impl-thread1] INFO  server.RaftServerConfigKeys (ConfUtils.java:logGet(46)) - raft.server.log.queue.byte-limit = 64MB (=67108864) (default)
2025-04-23 14:39:39,339 [omNode-3-impl-thread1] INFO  server.RaftServerConfigKeys (ConfUtils.java:logGet(46)) - raft.server.log.queue.element-limit = 4096 (default)
2025-04-23 14:39:39,339 [omNode-3-impl-thread1] INFO  server.RaftServerConfigKeys (ConfUtils.java:logGet(46)) - raft.server.log.segment.size.max = 4194304 (custom)
2025-04-23 14:39:39,339 [omNode-3-impl-thread1] INFO  server.RaftServerConfigKeys (ConfUtils.java:logGet(46)) - raft.server.log.preallocated.size = 4194304 (custom)
2025-04-23 14:39:39,339 [omNode-3-impl-thread1] INFO  server.RaftServerConfigKeys (ConfUtils.java:logGet(46)) - raft.server.log.force.sync.num = 128 (default)
2025-04-23 14:39:39,339 [omNode-3-impl-thread1] INFO  server.RaftServerConfigKeys (ConfUtils.java:logGet(46)) - raft.server.log.statemachine.data.sync = true (default)
2025-04-23 14:39:39,339 [omNode-3-impl-thread1] INFO  server.RaftServerConfigKeys (ConfUtils.java:logGet(46)) - raft.server.log.statemachine.data.sync.timeout = 10s (default)
2025-04-23 14:39:39,339 [omNode-3-impl-thread1] INFO  server.RaftServerConfigKeys (ConfUtils.java:logGet(46)) - raft.server.log.statemachine.data.sync.timeout.retry = -1 (default)
2025-04-23 14:39:39,339 [omNode-3-impl-thread1] INFO  server.RaftServerConfigKeys (ConfUtils.java:logGet(46)) - raft.server.log.write.buffer.size = 4194312 (custom)
2025-04-23 14:39:39,341 [omNode-3-impl-thread1] INFO  server.RaftServerConfigKeys (ConfUtils.java:logGet(46)) - raft.server.log.appender.buffer.byte-limit = 4194304 (custom)
2025-04-23 14:39:39,341 [omNode-3-impl-thread1] INFO  server.RaftServerConfigKeys (ConfUtils.java:logGet(46)) - raft.server.log.unsafe-flush.enabled = false (default)
2025-04-23 14:39:39,341 [omNode-3-impl-thread1] INFO  server.RaftServerConfigKeys (ConfUtils.java:logGet(46)) - raft.server.log.async-flush.enabled = false (default)
2025-04-23 14:39:39,341 [omNode-3-impl-thread1] INFO  server.RaftServerConfigKeys (ConfUtils.java:logGet(46)) - raft.server.log.statemachine.data.caching.enabled = false (default)
2025-04-23 14:39:39,341 [omNode-3-impl-thread1] INFO  server.RaftServer$Division (ServerState.java:setRaftConf(386)) - omNode-3@group-523986131536: set configuration conf: {index: 0, cur=peers:[omNode-3|localhost:15059, omNode-1|localhost:15051, omNode-2|localhost:15055]|listeners:[], old=null}
2025-04-23 14:39:39,342 [omNode-3-impl-thread1] INFO  segmented.LogSegment (LogSegment.java:loadSegment(171)) - Successfully read 45 entries from segment file /home/runner/work/ozone/ozone/hadoop-ozone/integration-test/target/test-dir/MiniOzoneClusterImpl-feea018d-8976-442b-acbc-fedf3986ffa5/omNode-3/ratis/c9bc4cf4-3bc3-3c60-a66b-523986131536/current/log_inprogress_0
2025-04-23 14:39:39,342 [omNode-3-impl-thread1] INFO  segmented.SegmentedRaftLogWorker (SegmentedRaftLogWorker.java:lambda$new$0(139)) - omNode-3@group-523986131536-SegmentedRaftLogWorker: flushIndex: setUnconditionally 0 -> 44
2025-04-23 14:39:39,342 [omNode-3-impl-thread1] INFO  segmented.SegmentedRaftLogWorker (SegmentedRaftLogWorker.java:lambda$new$0(139)) - omNode-3@group-523986131536-SegmentedRaftLogWorker: safeCacheEvictIndex: setUnconditionally 0 -> -1
2025-04-23 14:39:39,342 [omNode-3-impl-thread1] INFO  segmented.BufferedWriteChannel (BufferedWriteChannel.java:open(61)) - open log_inprogress_0 (append) at position 12804
2025-04-23 14:39:39,342 [omNode-3-impl-thread1] INFO  server.RaftServer$Division (RaftServerImpl.java:start(391)) - omNode-3@group-523986131536: start as a follower, conf=conf: {index: 0, cur=peers:[omNode-3|localhost:15059, omNode-1|localhost:15051, omNode-2|localhost:15055]|listeners:[], old=null}
2025-04-23 14:39:39,342 [omNode-3-impl-thread1] INFO  server.RaftServer$Division (RaftServerImpl.java:setRole(378)) - omNode-3@group-523986131536: changes role from      null to FOLLOWER at term 1 for startAsFollower
2025-04-23 14:39:39,342 [omNode-3-impl-thread1] INFO  impl.RoleInfo (RoleInfo.java:updateAndGet(148)) - omNode-3: start omNode-3@group-523986131536-FollowerState
2025-04-23 14:39:39,343 [omNode-3@group-523986131536-FollowerState] INFO  server.RaftServerConfigKeys (ConfUtils.java:logFallback(53)) - raft.server.rpc.first-election.timeout.min = 1s (fallback to raft.server.rpc.timeout.min)
2025-04-23 14:39:39,343 [omNode-3-impl-thread1] INFO  util.JmxRegister (JmxRegister.java:tryRegister(44)) - Successfully registered JMX Bean with object name Ratis:service=RaftServer,group=group-523986131536,id=omNode-3
2025-04-23 14:39:39,343 [omNode-3-impl-thread1] INFO  util.JmxRegister (JmxRegister.java:register(58)) - register mxBean class org.apache.ratis.server.impl.RaftServerJmxAdapter as Ratis:service=RaftServer,group=group-523986131536,id=omNode-3
2025-04-23 14:39:39,343 [omNode-3-impl-thread1] INFO  server.RaftServerConfigKeys (ConfUtils.java:logGet(46)) - raft.server.snapshot.trigger-when-stop.enabled = true (default)
2025-04-23 14:39:39,343 [omNode-3-impl-thread1] INFO  server.RaftServerConfigKeys (ConfUtils.java:logGet(46)) - raft.server.snapshot.trigger-when-remove.enabled = true (default)
2025-04-23 14:39:39,343 [omNode-3-impl-thread1] INFO  server.RaftServerConfigKeys (ConfUtils.java:logGet(46)) - raft.server.snapshot.auto.trigger.enabled = true (custom)
2025-04-23 14:39:39,343 [omNode-3-impl-thread1] INFO  server.RaftServerConfigKeys (ConfUtils.java:logGet(46)) - raft.server.snapshot.auto.trigger.threshold = 50 (custom)
2025-04-23 14:39:39,343 [omNode-3-impl-thread1] INFO  server.RaftServerConfigKeys (ConfUtils.java:logGet(46)) - raft.server.snapshot.retention.file.num = -1 (default)
2025-04-23 14:39:39,343 [omNode-3-impl-thread1] INFO  server.RaftServerConfigKeys (ConfUtils.java:logGet(46)) - raft.server.log.purge.upto.snapshot.index = true (custom)
2025-04-23 14:39:39,343 [omNode-3@group-523986131536-FollowerState] INFO  server.RaftServerConfigKeys (ConfUtils.java:logFallback(53)) - raft.server.rpc.first-election.timeout.max = 1200ms (fallback to raft.server.rpc.timeout.max)
2025-04-23 14:39:39,343 [omNode-3-impl-thread1] INFO  server.RaftServer$Division (RaftServerImpl.java:start(405)) - omNode-3@group-523986131536: Successfully started.
2025-04-23 14:39:39,343 [main] INFO  server.RaftServer (RaftServerProxy.java:startImpl(407)) - omNode-3: start RPC server
2025-04-23 14:39:39,344 [main] INFO  server.GrpcService (GrpcService.java:startImpl(334)) - omNode-3: GrpcService started, listening on 15059
2025-04-23 14:39:39,344 [main] INFO  om.OzoneManager (OzoneManager.java:getRpcServer(1360)) - Creating RPC Server
2025-04-23 14:39:39,344 [JvmPauseMonitor49] INFO  util.JvmPauseMonitor (JvmPauseMonitor.java:run(146)) - JvmPauseMonitor-omNode-3: Started
2025-04-23 14:39:39,733 [main] INFO  reflections.Reflections (Reflections.java:scan(219)) - Reflections took 388 ms to scan 22 urls, producing 61 keys and 7422 values
2025-04-23 14:39:39,734 [main] INFO  ipc.CallQueueManager (CallQueueManager.java:<init>(93)) - Using callQueue: class java.util.concurrent.LinkedBlockingQueue, queueCapacity: 2000, scheduler: class org.apache.hadoop.ipc.DefaultRpcScheduler, ipcBackoff: false, ipcFailOver: false.
2025-04-23 14:39:39,734 [main] INFO  ipc.Server (Server.java:<init>(1438)) - Listener at localhost:15056
2025-04-23 14:39:39,735 [Socket Reader #1 for port 15056] INFO  ipc.Server (Server.java:run(1474)) - Starting Socket Reader #1 for port 15056
2025-04-23 14:39:39,735 [Socket Reader #2 for port 15056] INFO  ipc.Server (Server.java:run(1474)) - Starting Socket Reader #2 for port 15056
2025-04-23 14:39:39,735 [Socket Reader #3 for port 15056] INFO  ipc.Server (Server.java:run(1474)) - Starting Socket Reader #3 for port 15056
2025-04-23 14:39:39,735 [Socket Reader #4 for port 15056] INFO  ipc.Server (Server.java:run(1474)) - Starting Socket Reader #4 for port 15056
2025-04-23 14:39:39,735 [Socket Reader #5 for port 15056] INFO  ipc.Server (Server.java:run(1474)) - Starting Socket Reader #5 for port 15056
2025-04-23 14:39:39,736 [Socket Reader #6 for port 15056] INFO  ipc.Server (Server.java:run(1474)) - Starting Socket Reader #6 for port 15056
2025-04-23 14:39:39,736 [Socket Reader #7 for port 15056] INFO  ipc.Server (Server.java:run(1474)) - Starting Socket Reader #7 for port 15056
2025-04-23 14:39:39,736 [Socket Reader #8 for port 15056] INFO  ipc.Server (Server.java:run(1474)) - Starting Socket Reader #8 for port 15056
2025-04-23 14:39:39,736 [Socket Reader #9 for port 15056] INFO  ipc.Server (Server.java:run(1474)) - Starting Socket Reader #9 for port 15056
2025-04-23 14:39:39,736 [Socket Reader #10 for port 15056] INFO  ipc.Server (Server.java:run(1474)) - Starting Socket Reader #10 for port 15056
2025-04-23 14:39:39,738 [main] INFO  http.BaseHttpServer (BaseHttpServer.java:newHttpServer2BuilderForOzone(229)) - Starting Web-server for ozoneManager at: http://0.0.0.0:15057
2025-04-23 14:39:39,738 [main] INFO  http.BaseHttpServer (BaseHttpServer.java:<init>(107)) - Hadoop Security Enabled: false Ozone Security Enabled: false Ozone HTTP Security Enabled: false 
2025-04-23 14:39:39,739 [main] WARN  server.AuthenticationFilter (AuthenticationFilter.java:constructSecretProvider(240)) - Unable to initialize FileSignerSecretProvider, falling back to use random secrets. Reason: Could not read signature secret file: /home/runner/hadoop-http-auth-signature-secret
2025-04-23 14:39:39,741 [main] INFO  http.HttpServer2 (HttpServer2.java:addGlobalFilter(1041)) - Added global filter 'safety' (class=org.apache.hadoop.hdds.server.http.HttpServer2$QuotingInputFilter)
2025-04-23 14:39:39,741 [main] INFO  http.HttpServer2 (HttpServer2.java:addFilter(1017)) - Added filter static_user_filter (class=org.apache.hadoop.http.lib.StaticUserWebFilter$StaticUserFilter) to context ozoneManager
2025-04-23 14:39:39,741 [main] INFO  http.HttpServer2 (HttpServer2.java:addFilter(1025)) - Added filter static_user_filter (class=org.apache.hadoop.http.lib.StaticUserWebFilter$StaticUserFilter) to context static
2025-04-23 14:39:39,741 [main] INFO  http.HttpServer2 (HttpServer2.java:addFilter(1025)) - Added filter static_user_filter (class=org.apache.hadoop.http.lib.StaticUserWebFilter$StaticUserFilter) to context logs
2025-04-23 14:39:39,742 [main] INFO  http.BaseHttpServer (BaseHttpServer.java:<init>(195)) - HTTP server of ozoneManager uses base directory /home/runner/work/ozone/ozone/hadoop-ozone/integration-test/target/test-dir/MiniOzoneClusterImpl-feea018d-8976-442b-acbc-fedf3986ffa5/omNode-3/webserver
2025-04-23 14:39:39,742 [main] INFO  http.HttpServer2 (HttpServer2.java:bindListener(1241)) - Jetty bound to port 15057
2025-04-23 14:39:39,742 [main] INFO  server.Server (Server.java:doStart(375)) - jetty-9.4.57.v20241219; built: 2025-01-08T21:24:30.412Z; git: df524e6b29271c2e09ba9aea83c18dc9db464a31; jvm 21.0.7+6-LTS
2025-04-23 14:39:39,744 [main] INFO  server.session (DefaultSessionIdManager.java:doStart(334)) - DefaultSessionIdManager workerName=node0
2025-04-23 14:39:39,744 [main] INFO  server.session (DefaultSessionIdManager.java:doStart(339)) - No SessionScavenger set, using defaults
2025-04-23 14:39:39,744 [main] INFO  server.session (HouseKeeper.java:startScavenging(132)) - node0 Scavenging every 660000ms
2025-04-23 14:39:39,744 [main] INFO  handler.ContextHandler (ContextHandler.java:doStart(921)) - Started o.e.j.s.ServletContextHandler@7a5623d8{logs,/logs,file:///home/runner/work/ozone/ozone/hadoop-ozone/integration-test/target/log,AVAILABLE}
2025-04-23 14:39:39,745 [main] INFO  handler.ContextHandler (ContextHandler.java:doStart(921)) - Started o.e.j.s.ServletContextHandler@3932f90e{static,/static,file:///home/runner/work/ozone/ozone/hadoop-ozone/integration-test/target/test-classes/webapps/static,AVAILABLE}
2025-04-23 14:39:39,749 [main] INFO  handler.ContextHandler (ContextHandler.java:doStart(921)) - Started o.e.j.w.WebAppContext@76bfbe2d{ozoneManager,/,file:///home/runner/work/ozone/ozone/hadoop-ozone/integration-test/target/test-classes/webapps/ozoneManager/,AVAILABLE}{file:/home/runner/work/ozone/ozone/hadoop-ozone/integration-test/target/test-classes/webapps/ozoneManager}
2025-04-23 14:39:39,750 [main] INFO  server.AbstractConnector (AbstractConnector.java:doStart(333)) - Started ServerConnector@5d46cf5c{HTTP/1.1, (http/1.1)}{0.0.0.0:15057}
2025-04-23 14:39:39,750 [main] INFO  server.Server (Server.java:doStart(415)) - Started @180029ms
2025-04-23 14:39:39,750 [main] WARN  impl.MetricsSystemImpl (MetricsSystemImpl.java:register(279)) - Sink prometheus already exists!
2025-04-23 14:39:39,750 [main] INFO  http.BaseHttpServer (BaseHttpServer.java:updateConnectorAddress(360)) - HTTP server of ozoneManager listening at http://0.0.0.0:15057
2025-04-23 14:39:39,751 [IPC Server Responder] INFO  ipc.Server (Server.java:run(1713)) - IPC Server Responder: starting
2025-04-23 14:39:39,751 [IPC Server listener on 15056] INFO  ipc.Server (Server.java:run(1553)) - IPC Server listener on 15056: starting
2025-04-23 14:39:39,753 [main] INFO  om.OzoneManager (OzoneManager.java:startTrashEmptier(2257)) - Trash Interval set to 0. Files deleted won't move to trash
2025-04-23 14:39:40,512 [omNode-3@group-523986131536-FollowerState] INFO  impl.FollowerState (FollowerState.java:runImpl(161)) - omNode-3@group-523986131536-FollowerState: change to CANDIDATE, lastRpcElapsedTime:1169730903ns, electionTimeout:1169ms
2025-04-23 14:39:40,512 [omNode-3@group-523986131536-FollowerState] INFO  impl.RoleInfo (RoleInfo.java:shutdownFollowerState(121)) - omNode-3: shutdown omNode-3@group-523986131536-FollowerState
2025-04-23 14:39:40,512 [omNode-3@group-523986131536-FollowerState] INFO  server.RaftServer$Division (RaftServerImpl.java:setRole(378)) - omNode-3@group-523986131536: changes role from  FOLLOWER to CANDIDATE at term 1 for changeToCandidate
2025-04-23 14:39:40,512 [omNode-3@group-523986131536-FollowerState] INFO  server.RaftServerConfigKeys (ConfUtils.java:logGet(46)) - raft.server.leaderelection.pre-vote = true (default)
2025-04-23 14:39:40,513 [omNode-3@group-523986131536-FollowerState] INFO  impl.RoleInfo (RoleInfo.java:updateAndGet(148)) - omNode-3: start omNode-3@group-523986131536-LeaderElection46
2025-04-23 14:39:40,513 [omNode-3@group-523986131536-LeaderElection46] INFO  impl.LeaderElection (LeaderElection.java:askForVotes(332)) - omNode-3@group-523986131536-LeaderElection46 PRE_VOTE round 0: submit vote requests at term 1 for conf: {index: 0, cur=peers:[omNode-3|localhost:15059, omNode-1|localhost:15051, omNode-2|localhost:15055]|listeners:[], old=null}
2025-04-23 14:39:40,513 [omNode-3@group-523986131536-LeaderElection46-1] INFO  server.GrpcServerProtocolClient (GrpcServerProtocolClient.java:<init>(65)) - Build channel for omNode-1|localhost:15051
2025-04-23 14:39:40,513 [omNode-3@group-523986131536-LeaderElection46-2] INFO  server.GrpcServerProtocolClient (GrpcServerProtocolClient.java:<init>(65)) - Build channel for omNode-2|localhost:15055
2025-04-23 14:39:40,513 [omNode-3@group-523986131536-LeaderElection46] INFO  server.RaftServerConfigKeys (ConfUtils.java:logFallback(53)) - raft.server.rpc.first-election.timeout.min = 1s (fallback to raft.server.rpc.timeout.min)
2025-04-23 14:39:40,514 [omNode-3@group-523986131536-LeaderElection46] INFO  server.RaftServerConfigKeys (ConfUtils.java:logFallback(53)) - raft.server.rpc.first-election.timeout.max = 1200ms (fallback to raft.server.rpc.timeout.max)
2025-04-23 14:39:40,516 [grpc-default-executor-3] INFO  server.RaftServer$Division (RaftServerImpl.java:requestVote(1407)) - omNode-2@group-523986131536: receive requestVote(PRE_VOTE, omNode-3, group-523986131536, 1, (t:1, i:44))
2025-04-23 14:39:40,516 [grpc-default-executor-3] INFO  impl.VoteContext (VoteContext.java:log(49)) - omNode-2@group-523986131536-FOLLOWER: reject PRE_VOTE from omNode-3: this server is a follower and still has a valid leader omNode-1 different than the candidate omNode-3
2025-04-23 14:39:40,516 [grpc-default-executor-4] INFO  server.RaftServer$Division (RaftServerImpl.java:requestVote(1407)) - omNode-1@group-523986131536: receive requestVote(PRE_VOTE, omNode-3, group-523986131536, 1, (t:1, i:44))
2025-04-23 14:39:40,517 [grpc-default-executor-3] INFO  server.RaftServer$Division (RaftServerImpl.java:requestVote(1441)) - omNode-2@group-523986131536 replies to PRE_VOTE vote request: omNode-3<-omNode-2#0:FAIL-t1. Peer's state: omNode-2@group-523986131536:t1, leader=omNode-1, voted=omNode-1, raftlog=Memoized:omNode-2@group-523986131536-SegmentedRaftLog:OPENED:c544:last(t:1, i:544), conf=conf: {index: 0, cur=peers:[omNode-3|localhost:15059, omNode-1|localhost:15051, omNode-2|localhost:15055]|listeners:[], old=null}
2025-04-23 14:39:40,517 [grpc-default-executor-4] INFO  impl.VoteContext (VoteContext.java:log(49)) - omNode-1@group-523986131536-LEADER: reject PRE_VOTE from omNode-3: this server is the leader and still has leadership
2025-04-23 14:39:40,517 [grpc-default-executor-4] INFO  server.RaftServer$Division (RaftServerImpl.java:requestVote(1441)) - omNode-1@group-523986131536 replies to PRE_VOTE vote request: omNode-3<-omNode-1#0:FAIL-t1. Peer's state: omNode-1@group-523986131536:t1, leader=omNode-1, voted=omNode-1, raftlog=Memoized:omNode-1@group-523986131536-SegmentedRaftLog:OPENED:c544:last(t:1, i:544), conf=conf: {index: 0, cur=peers:[omNode-3|localhost:15059, omNode-1|localhost:15051, omNode-2|localhost:15055]|listeners:[], old=null}
2025-04-23 14:39:40,518 [omNode-3@group-523986131536-LeaderElection46] INFO  impl.LeaderElection (LeaderElection.java:logAndReturn(90)) - omNode-3@group-523986131536-LeaderElection46: PRE_VOTE REJECTED received 2 response(s) and 0 exception(s):
2025-04-23 14:39:40,518 [omNode-3@group-523986131536-LeaderElection46] INFO  impl.LeaderElection (LeaderElection.java:logAndReturn(94)) -   Response 0: omNode-3<-omNode-1#0:FAIL-t1
2025-04-23 14:39:40,518 [omNode-3@group-523986131536-LeaderElection46] INFO  impl.LeaderElection (LeaderElection.java:logAndReturn(94)) -   Response 1: omNode-3<-omNode-2#0:FAIL-t1
2025-04-23 14:39:40,518 [omNode-3@group-523986131536-LeaderElection46] INFO  impl.LeaderElection (LeaderElection.java:askForVotes(334)) - omNode-3@group-523986131536-LeaderElection46 PRE_VOTE round 0: result REJECTED
2025-04-23 14:39:40,518 [omNode-3@group-523986131536-LeaderElection46] INFO  server.RaftServer$Division (RaftServerImpl.java:setRole(378)) - omNode-3@group-523986131536: changes role from CANDIDATE to FOLLOWER at term 1 for REJECTED
2025-04-23 14:39:40,518 [omNode-3@group-523986131536-LeaderElection46] INFO  impl.RoleInfo (RoleInfo.java:shutdownLeaderElection(141)) - omNode-3: shutdown omNode-3@group-523986131536-LeaderElection46
2025-04-23 14:39:40,518 [omNode-3@group-523986131536-LeaderElection46] INFO  impl.RoleInfo (RoleInfo.java:updateAndGet(148)) - omNode-3: start omNode-3@group-523986131536-FollowerState
2025-04-23 14:39:40,518 [omNode-3@group-523986131536-LeaderElection46] INFO  server.RaftServer$Division (RaftServerImpl.java:setFirstElection(562)) - omNode-3@group-523986131536: set firstElectionSinceStartup to false for REJECTED
2025-04-23 14:39:40,862 [timer7] WARN  server.GrpcLogAppender (GrpcLogAppender.java:lambda$resetClient$1(221)) - omNode-1@group-523986131536->omNode-3-GrpcLogAppender: Follower failed (request=null, errorCount=8); keep nextIndex (45) unchanged and retry. (Repeated 8 times in the last 5.000s)
2025-04-23 14:39:40,862 [timer6] WARN  server.GrpcLogAppender (LogUtils.java:warn(121)) - omNode-1@group-523986131536->omNode-3-AppendLogResponseHandler: Failed appendEntries (Repeated 1020 times in the last 5.001s): org.apache.ratis.thirdparty.io.grpc.StatusRuntimeException: UNAVAILABLE: io exception
2025-04-23 14:39:41,565 [omNode-3@group-523986131536-FollowerState] INFO  impl.FollowerState (FollowerState.java:runImpl(161)) - omNode-3@group-523986131536-FollowerState: change to CANDIDATE, lastRpcElapsedTime:1047480062ns, electionTimeout:1047ms
2025-04-23 14:39:41,565 [omNode-3@group-523986131536-FollowerState] INFO  impl.RoleInfo (RoleInfo.java:shutdownFollowerState(121)) - omNode-3: shutdown omNode-3@group-523986131536-FollowerState
2025-04-23 14:39:41,565 [omNode-3@group-523986131536-FollowerState] INFO  server.RaftServer$Division (RaftServerImpl.java:setRole(378)) - omNode-3@group-523986131536: changes role from  FOLLOWER to CANDIDATE at term 1 for changeToCandidate
2025-04-23 14:39:41,566 [omNode-3@group-523986131536-FollowerState] INFO  server.RaftServerConfigKeys (ConfUtils.java:logGet(46)) - raft.server.leaderelection.pre-vote = true (default)
2025-04-23 14:39:41,566 [omNode-3@group-523986131536-FollowerState] INFO  impl.RoleInfo (RoleInfo.java:updateAndGet(148)) - omNode-3: start omNode-3@group-523986131536-LeaderElection47
2025-04-23 14:39:41,566 [omNode-3@group-523986131536-LeaderElection47] INFO  impl.LeaderElection (LeaderElection.java:askForVotes(332)) - omNode-3@group-523986131536-LeaderElection47 PRE_VOTE round 0: submit vote requests at term 1 for conf: {index: 0, cur=peers:[omNode-3|localhost:15059, omNode-1|localhost:15051, omNode-2|localhost:15055]|listeners:[], old=null}
2025-04-23 14:39:41,567 [grpc-default-executor-3] INFO  server.RaftServer$Division (RaftServerImpl.java:requestVote(1407)) - omNode-1@group-523986131536: receive requestVote(PRE_VOTE, omNode-3, group-523986131536, 1, (t:1, i:44))
2025-04-23 14:39:41,567 [grpc-default-executor-4] INFO  server.RaftServer$Division (RaftServerImpl.java:requestVote(1407)) - omNode-2@group-523986131536: receive requestVote(PRE_VOTE, omNode-3, group-523986131536, 1, (t:1, i:44))
2025-04-23 14:39:41,567 [grpc-default-executor-3] INFO  impl.VoteContext (VoteContext.java:log(49)) - omNode-1@group-523986131536-LEADER: reject PRE_VOTE from omNode-3: this server is the leader and still has leadership
2025-04-23 14:39:41,567 [grpc-default-executor-4] INFO  impl.VoteContext (VoteContext.java:log(49)) - omNode-2@group-523986131536-FOLLOWER: reject PRE_VOTE from omNode-3: this server is a follower and still has a valid leader omNode-1 different than the candidate omNode-3
2025-04-23 14:39:41,568 [grpc-default-executor-4] INFO  server.RaftServer$Division (RaftServerImpl.java:requestVote(1441)) - omNode-2@group-523986131536 replies to PRE_VOTE vote request: omNode-3<-omNode-2#0:FAIL-t1. Peer's state: omNode-2@group-523986131536:t1, leader=omNode-1, voted=omNode-1, raftlog=Memoized:omNode-2@group-523986131536-SegmentedRaftLog:OPENED:c544:last(t:1, i:544), conf=conf: {index: 0, cur=peers:[omNode-3|localhost:15059, omNode-1|localhost:15051, omNode-2|localhost:15055]|listeners:[], old=null}
2025-04-23 14:39:41,568 [grpc-default-executor-3] INFO  server.RaftServer$Division (RaftServerImpl.java:requestVote(1441)) - omNode-1@group-523986131536 replies to PRE_VOTE vote request: omNode-3<-omNode-1#0:FAIL-t1. Peer's state: omNode-1@group-523986131536:t1, leader=omNode-1, voted=omNode-1, raftlog=Memoized:omNode-1@group-523986131536-SegmentedRaftLog:OPENED:c544:last(t:1, i:544), conf=conf: {index: 0, cur=peers:[omNode-3|localhost:15059, omNode-1|localhost:15051, omNode-2|localhost:15055]|listeners:[], old=null}
2025-04-23 14:39:41,568 [omNode-3@group-523986131536-LeaderElection47] INFO  impl.LeaderElection (LeaderElection.java:logAndReturn(90)) - omNode-3@group-523986131536-LeaderElection47: PRE_VOTE REJECTED received 2 response(s) and 0 exception(s):
2025-04-23 14:39:41,568 [omNode-3@group-523986131536-LeaderElection47] INFO  impl.LeaderElection (LeaderElection.java:logAndReturn(94)) -   Response 0: omNode-3<-omNode-1#0:FAIL-t1
2025-04-23 14:39:41,568 [omNode-3@group-523986131536-LeaderElection47] INFO  impl.LeaderElection (LeaderElection.java:logAndReturn(94)) -   Response 1: omNode-3<-omNode-2#0:FAIL-t1
2025-04-23 14:39:41,568 [omNode-3@group-523986131536-LeaderElection47] INFO  impl.LeaderElection (LeaderElection.java:askForVotes(334)) - omNode-3@group-523986131536-LeaderElection47 PRE_VOTE round 0: result REJECTED
2025-04-23 14:39:41,568 [omNode-3@group-523986131536-LeaderElection47] INFO  server.RaftServer$Division (RaftServerImpl.java:setRole(378)) - omNode-3@group-523986131536: changes role from CANDIDATE to FOLLOWER at term 1 for REJECTED
2025-04-23 14:39:41,568 [omNode-3@group-523986131536-LeaderElection47] INFO  impl.RoleInfo (RoleInfo.java:shutdownLeaderElection(141)) - omNode-3: shutdown omNode-3@group-523986131536-LeaderElection47
2025-04-23 14:39:41,568 [omNode-3@group-523986131536-LeaderElection47] INFO  impl.RoleInfo (RoleInfo.java:updateAndGet(148)) - omNode-3: start omNode-3@group-523986131536-FollowerState
2025-04-23 14:39:41,857 [timer2] WARN  server.GrpcLogAppender (GrpcLogAppender.java:lambda$resetClient$1(221)) - omNode-1@group-523986131536->omNode-3-GrpcLogAppender: Follower failed (request=null, errorCount=10); keep nextIndex (46) unchanged and retry. (Repeated 2 times in the last 5.000s)
2025-04-23 14:39:41,859 [timer5] WARN  server.GrpcLogAppender (GrpcLogAppender.java:lambda$resetClient$1(221)) - omNode-1@group-523986131536->omNode-3-GrpcLogAppender: Follower failed (request=null, errorCount=12); keep nextIndex (47) unchanged and retry. (Repeated 2 times in the last 5.001s)
2025-04-23 14:39:41,867 [timer2] WARN  server.GrpcLogAppender (GrpcLogAppender.java:lambda$resetClient$1(221)) - omNode-1@group-523986131536->omNode-3-GrpcLogAppender: Follower failed (request=null, errorCount=14); keep nextIndex (48) unchanged and retry. (Repeated 2 times in the last 5.000s)
2025-04-23 14:39:41,868 [timer4] WARN  server.GrpcLogAppender (GrpcLogAppender.java:lambda$resetClient$1(221)) - omNode-1@group-523986131536->omNode-3-GrpcLogAppender: Follower failed (request=null, errorCount=16); keep nextIndex (49) unchanged and retry. (Repeated 2 times in the last 5.000s)
2025-04-23 14:39:41,874 [timer0] WARN  server.GrpcLogAppender (GrpcLogAppender.java:lambda$resetClient$1(221)) - omNode-1@group-523986131536->omNode-3-GrpcLogAppender: Follower failed (request=null, errorCount=18); keep nextIndex (50) unchanged and retry. (Repeated 2 times in the last 5.000s)
2025-04-23 14:39:41,876 [timer3] WARN  server.GrpcLogAppender (GrpcLogAppender.java:lambda$resetClient$1(221)) - omNode-1@group-523986131536->omNode-3-GrpcLogAppender: Follower failed (request=null, errorCount=20); keep nextIndex (51) unchanged and retry. (Repeated 2 times in the last 5.001s)
2025-04-23 14:39:41,885 [timer0] WARN  server.GrpcLogAppender (GrpcLogAppender.java:lambda$resetClient$1(221)) - omNode-1@group-523986131536->omNode-3-GrpcLogAppender: Follower failed (request=null, errorCount=22); keep nextIndex (52) unchanged and retry. (Repeated 2 times in the last 5.000s)
2025-04-23 14:39:41,887 [timer3] WARN  server.GrpcLogAppender (GrpcLogAppender.java:lambda$resetClient$1(221)) - omNode-1@group-523986131536->omNode-3-GrpcLogAppender: Follower failed (request=null, errorCount=24); keep nextIndex (53) unchanged and retry. (Repeated 2 times in the last 5.000s)
2025-04-23 14:39:41,894 [timer6] WARN  server.GrpcLogAppender (GrpcLogAppender.java:lambda$resetClient$1(221)) - omNode-1@group-523986131536->omNode-3-GrpcLogAppender: Follower failed (request=null, errorCount=26); keep nextIndex (54) unchanged and retry. (Repeated 2 times in the last 5.000s)
2025-04-23 14:39:41,896 [timer1] WARN  server.GrpcLogAppender (GrpcLogAppender.java:lambda$resetClient$1(221)) - omNode-1@group-523986131536->omNode-3-GrpcLogAppender: Follower failed (request=null, errorCount=28); keep nextIndex (55) unchanged and retry. (Repeated 2 times in the last 5.000s)
2025-04-23 14:39:41,926 [timer6] WARN  server.GrpcLogAppender (GrpcLogAppender.java:lambda$resetClient$1(221)) - omNode-1@group-523986131536->omNode-3-GrpcLogAppender: Follower failed (request=null, errorCount=30); keep nextIndex (56) unchanged and retry. (Repeated 2 times in the last 5.001s)
2025-04-23 14:39:41,927 [timer1] WARN  server.GrpcLogAppender (GrpcLogAppender.java:lambda$resetClient$1(221)) - omNode-1@group-523986131536->omNode-3-GrpcLogAppender: Follower failed (request=null, errorCount=32); keep nextIndex (57) unchanged and retry. (Repeated 2 times in the last 5.000s)
2025-04-23 14:39:41,930 [timer4] WARN  server.GrpcLogAppender (GrpcLogAppender.java:lambda$resetClient$1(221)) - omNode-1@group-523986131536->omNode-3-GrpcLogAppender: Follower failed (request=null, errorCount=34); keep nextIndex (58) unchanged and retry. (Repeated 2 times in the last 5.000s)
2025-04-23 14:39:41,932 [timer7] WARN  server.GrpcLogAppender (GrpcLogAppender.java:lambda$resetClient$1(221)) - omNode-1@group-523986131536->omNode-3-GrpcLogAppender: Follower failed (request=null, errorCount=36); keep nextIndex (59) unchanged and retry. (Repeated 2 times in the last 5.000s)
2025-04-23 14:39:41,939 [timer4] WARN  server.GrpcLogAppender (GrpcLogAppender.java:lambda$resetClient$1(221)) - omNode-1@group-523986131536->omNode-3-GrpcLogAppender: Follower failed (request=null, errorCount=38); keep nextIndex (60) unchanged and retry. (Repeated 2 times in the last 5.001s)
2025-04-23 14:39:41,940 [timer7] WARN  server.GrpcLogAppender (GrpcLogAppender.java:lambda$resetClient$1(221)) - omNode-1@group-523986131536->omNode-3-GrpcLogAppender: Follower failed (request=null, errorCount=40); keep nextIndex (61) unchanged and retry. (Repeated 2 times in the last 5.000s)
2025-04-23 14:39:41,945 [timer2] WARN  server.GrpcLogAppender (GrpcLogAppender.java:lambda$resetClient$1(221)) - omNode-1@group-523986131536->omNode-3-GrpcLogAppender: Follower failed (request=null, errorCount=42); keep nextIndex (62) unchanged and retry. (Repeated 2 times in the last 5.000s)
2025-04-23 14:39:41,948 [timer5] WARN  server.GrpcLogAppender (GrpcLogAppender.java:lambda$resetClient$1(221)) - omNode-1@group-523986131536->omNode-3-GrpcLogAppender: Follower failed (request=null, errorCount=44); keep nextIndex (63) unchanged and retry. (Repeated 2 times in the last 5.000s)
2025-04-23 14:39:41,955 [timer2] WARN  server.GrpcLogAppender (GrpcLogAppender.java:lambda$resetClient$1(221)) - omNode-1@group-523986131536->omNode-3-GrpcLogAppender: Follower failed (request=null, errorCount=46); keep nextIndex (64) unchanged and retry. (Repeated 2 times in the last 5.000s)
2025-04-23 14:39:41,957 [timer4] WARN  server.GrpcLogAppender (GrpcLogAppender.java:lambda$resetClient$1(221)) - omNode-1@group-523986131536->omNode-3-GrpcLogAppender: Follower failed (request=null, errorCount=48); keep nextIndex (65) unchanged and retry. (Repeated 2 times in the last 5.000s)
2025-04-23 14:39:41,962 [timer6] WARN  server.GrpcLogAppender (GrpcLogAppender.java:lambda$resetClient$1(221)) - omNode-1@group-523986131536->omNode-3-GrpcLogAppender: Follower failed (request=null, errorCount=50); keep nextIndex (66) unchanged and retry. (Repeated 2 times in the last 5.000s)
2025-04-23 14:39:41,963 [timer0] WARN  server.GrpcLogAppender (GrpcLogAppender.java:lambda$resetClient$1(221)) - omNode-1@group-523986131536->omNode-3-GrpcLogAppender: Follower failed (request=null, errorCount=52); keep nextIndex (67) unchanged and retry. (Repeated 2 times in the last 5.000s)
2025-04-23 14:39:41,975 [timer5] WARN  server.GrpcLogAppender (GrpcLogAppender.java:lambda$resetClient$1(221)) - omNode-1@group-523986131536->omNode-3-GrpcLogAppender: Follower failed (request=null, errorCount=54); keep nextIndex (68) unchanged and retry. (Repeated 2 times in the last 5.000s)
2025-04-23 14:39:41,984 [timer1] WARN  server.GrpcLogAppender (GrpcLogAppender.java:lambda$resetClient$1(221)) - omNode-1@group-523986131536->omNode-3-GrpcLogAppender: Follower failed (request=null, errorCount=56); keep nextIndex (70) unchanged and retry. (Repeated 2 times in the last 5.000s)
2025-04-23 14:39:41,990 [timer4] WARN  server.GrpcLogAppender (GrpcLogAppender.java:lambda$resetClient$1(221)) - omNode-1@group-523986131536->omNode-3-GrpcLogAppender: Follower failed (request=null, errorCount=58); keep nextIndex (71) unchanged and retry. (Repeated 2 times in the last 5.000s)
2025-04-23 14:39:41,998 [timer1] WARN  server.GrpcLogAppender (GrpcLogAppender.java:lambda$resetClient$1(221)) - omNode-1@group-523986131536->omNode-3-GrpcLogAppender: Follower failed (request=null, errorCount=60); keep nextIndex (72) unchanged and retry. (Repeated 2 times in the last 5.000s)
2025-04-23 14:39:42,001 [timer4] WARN  server.GrpcLogAppender (GrpcLogAppender.java:lambda$resetClient$1(221)) - omNode-1@group-523986131536->omNode-3-GrpcLogAppender: Follower failed (request=null, errorCount=62); keep nextIndex (73) unchanged and retry. (Repeated 2 times in the last 5.000s)
2025-04-23 14:39:42,004 [timer6] WARN  server.GrpcLogAppender (GrpcLogAppender.java:lambda$resetClient$1(221)) - omNode-1@group-523986131536->omNode-3-GrpcLogAppender: Follower failed (request=null, errorCount=64); keep nextIndex (74) unchanged and retry. (Repeated 2 times in the last 5.000s)
2025-04-23 14:39:42,007 [timer1] WARN  server.GrpcLogAppender (GrpcLogAppender.java:lambda$resetClient$1(221)) - omNode-1@group-523986131536->omNode-3-GrpcLogAppender: Follower failed (request=null, errorCount=66); keep nextIndex (75) unchanged and retry. (Repeated 2 times in the last 5.001s)
2025-04-23 14:39:42,014 [timer6] WARN  server.GrpcLogAppender (GrpcLogAppender.java:lambda$resetClient$1(221)) - omNode-1@group-523986131536->omNode-3-GrpcLogAppender: Follower failed (request=null, errorCount=68); keep nextIndex (76) unchanged and retry. (Repeated 2 times in the last 5.001s)
2025-04-23 14:39:42,015 [timer1] WARN  server.GrpcLogAppender (GrpcLogAppender.java:lambda$resetClient$1(221)) - omNode-1@group-523986131536->omNode-3-GrpcLogAppender: Follower failed (request=null, errorCount=70); keep nextIndex (77) unchanged and retry. (Repeated 2 times in the last 5.000s)
2025-04-23 14:39:42,021 [timer3] WARN  server.GrpcLogAppender (GrpcLogAppender.java:lambda$resetClient$1(221)) - omNode-1@group-523986131536->omNode-3-GrpcLogAppender: Follower failed (request=null, errorCount=72); keep nextIndex (78) unchanged and retry. (Repeated 2 times in the last 5.000s)
2025-04-23 14:39:42,022 [timer6] WARN  server.GrpcLogAppender (GrpcLogAppender.java:lambda$resetClient$1(221)) - omNode-1@group-523986131536->omNode-3-GrpcLogAppender: Follower failed (request=null, errorCount=74); keep nextIndex (79) unchanged and retry. (Repeated 2 times in the last 4.999s)
2025-04-23 14:39:42,030 [timer3] WARN  server.GrpcLogAppender (GrpcLogAppender.java:lambda$resetClient$1(221)) - omNode-1@group-523986131536->omNode-3-GrpcLogAppender: Follower failed (request=null, errorCount=76); keep nextIndex (80) unchanged and retry. (Repeated 2 times in the last 5.001s)
2025-04-23 14:39:42,031 [timer6] WARN  server.GrpcLogAppender (GrpcLogAppender.java:lambda$resetClient$1(221)) - omNode-1@group-523986131536->omNode-3-GrpcLogAppender: Follower failed (request=null, errorCount=78); keep nextIndex (81) unchanged and retry. (Repeated 2 times in the last 5.000s)
2025-04-23 14:39:42,036 [timer1] WARN  server.GrpcLogAppender (GrpcLogAppender.java:lambda$resetClient$1(221)) - omNode-1@group-523986131536->omNode-3-GrpcLogAppender: Follower failed (request=null, errorCount=80); keep nextIndex (82) unchanged and retry. (Repeated 2 times in the last 5.000s)
2025-04-23 14:39:42,039 [timer3] WARN  server.GrpcLogAppender (GrpcLogAppender.java:lambda$resetClient$1(221)) - omNode-1@group-523986131536->omNode-3-GrpcLogAppender: Follower failed (request=null, errorCount=82); keep nextIndex (83) unchanged and retry. (Repeated 2 times in the last 5.001s)
2025-04-23 14:39:42,046 [timer0] WARN  server.GrpcLogAppender (GrpcLogAppender.java:lambda$resetClient$1(221)) - omNode-1@group-523986131536->omNode-3-GrpcLogAppender: Follower failed (request=null, errorCount=84); keep nextIndex (84) unchanged and retry. (Repeated 2 times in the last 5.000s)
2025-04-23 14:39:42,049 [timer3] WARN  server.GrpcLogAppender (GrpcLogAppender.java:lambda$resetClient$1(221)) - omNode-1@group-523986131536->omNode-3-GrpcLogAppender: Follower failed (request=null, errorCount=86); keep nextIndex (85) unchanged and retry. (Repeated 2 times in the last 5.000s)
2025-04-23 14:39:42,052 [timer6] WARN  server.GrpcLogAppender (GrpcLogAppender.java:lambda$resetClient$1(221)) - omNode-1@group-523986131536->omNode-3-GrpcLogAppender: Follower failed (request=null, errorCount=88); keep nextIndex (86) unchanged and retry. (Repeated 2 times in the last 5.000s)
2025-04-23 14:39:42,054 [timer1] WARN  server.GrpcLogAppender (GrpcLogAppender.java:lambda$resetClient$1(221)) - omNode-1@group-523986131536->omNode-3-GrpcLogAppender: Follower failed (request=null, errorCount=90); keep nextIndex (87) unchanged and retry. (Repeated 2 times in the last 5.000s)
2025-04-23 14:39:42,063 [timer6] WARN  server.GrpcLogAppender (GrpcLogAppender.java:lambda$resetClient$1(221)) - omNode-1@group-523986131536->omNode-3-GrpcLogAppender: Follower failed (request=null, errorCount=92); keep nextIndex (88) unchanged and retry. (Repeated 2 times in the last 5.001s)
2025-04-23 14:39:42,064 [timer1] WARN  server.GrpcLogAppender (GrpcLogAppender.java:lambda$resetClient$1(221)) - omNode-1@group-523986131536->omNode-3-GrpcLogAppender: Follower failed (request=null, errorCount=94); keep nextIndex (89) unchanged and retry. (Repeated 2 times in the last 5.001s)
2025-04-23 14:39:42,069 [timer4] WARN  server.GrpcLogAppender (GrpcLogAppender.java:lambda$resetClient$1(221)) - omNode-1@group-523986131536->omNode-3-GrpcLogAppender: Follower failed (request=null, errorCount=96); keep nextIndex (90) unchanged and retry. (Repeated 2 times in the last 5.000s)
2025-04-23 14:39:42,071 [timer7] WARN  server.GrpcLogAppender (GrpcLogAppender.java:lambda$resetClient$1(221)) - omNode-1@group-523986131536->omNode-3-GrpcLogAppender: Follower failed (request=null, errorCount=98); keep nextIndex (91) unchanged and retry. (Repeated 2 times in the last 5.000s)
2025-04-23 14:39:42,078 [timer4] WARN  server.GrpcLogAppender (GrpcLogAppender.java:lambda$resetClient$1(221)) - omNode-1@group-523986131536->omNode-3-GrpcLogAppender: Follower failed (request=null, errorCount=100); keep nextIndex (92) unchanged and retry. (Repeated 2 times in the last 5.000s)
2025-04-23 14:39:42,079 [timer7] WARN  server.GrpcLogAppender (GrpcLogAppender.java:lambda$resetClient$1(221)) - omNode-1@group-523986131536->omNode-3-GrpcLogAppender: Follower failed (request=null, errorCount=102); keep nextIndex (93) unchanged and retry. (Repeated 2 times in the last 5.000s)
2025-04-23 14:39:42,084 [timer2] WARN  server.GrpcLogAppender (GrpcLogAppender.java:lambda$resetClient$1(221)) - omNode-1@group-523986131536->omNode-3-GrpcLogAppender: Follower failed (request=null, errorCount=104); keep nextIndex (94) unchanged and retry. (Repeated 2 times in the last 5.001s)
2025-04-23 14:39:42,086 [timer5] WARN  server.GrpcLogAppender (GrpcLogAppender.java:lambda$resetClient$1(221)) - omNode-1@group-523986131536->omNode-3-GrpcLogAppender: Follower failed (request=null, errorCount=106); keep nextIndex (95) unchanged and retry. (Repeated 2 times in the last 5.000s)
2025-04-23 14:39:42,095 [timer2] WARN  server.GrpcLogAppender (GrpcLogAppender.java:lambda$resetClient$1(221)) - omNode-1@group-523986131536->omNode-3-GrpcLogAppender: Follower failed (request=null, errorCount=108); keep nextIndex (96) unchanged and retry. (Repeated 2 times in the last 5.001s)
2025-04-23 14:39:42,097 [timer5] WARN  server.GrpcLogAppender (GrpcLogAppender.java:lambda$resetClient$1(221)) - omNode-1@group-523986131536->omNode-3-GrpcLogAppender: Follower failed (request=null, errorCount=112); keep nextIndex (97) unchanged and retry. (Repeated 4 times in the last 5.000s)
2025-04-23 14:39:42,104 [timer1] WARN  server.GrpcLogAppender (GrpcLogAppender.java:lambda$resetClient$1(221)) - omNode-1@group-523986131536->omNode-3-GrpcLogAppender: Follower failed (request=null, errorCount=114); keep nextIndex (98) unchanged and retry. (Repeated 2 times in the last 5.001s)
2025-04-23 14:39:42,105 [timer3] WARN  server.GrpcLogAppender (GrpcLogAppender.java:lambda$resetClient$1(221)) - omNode-1@group-523986131536->omNode-3-GrpcLogAppender: Follower failed (request=null, errorCount=116); keep nextIndex (99) unchanged and retry. (Repeated 2 times in the last 5.000s)
2025-04-23 14:39:42,112 [timer0] WARN  server.GrpcLogAppender (GrpcLogAppender.java:lambda$resetClient$1(221)) - omNode-1@group-523986131536->omNode-3-GrpcLogAppender: Follower failed (request=null, errorCount=118); keep nextIndex (100) unchanged and retry. (Repeated 2 times in the last 5.000s)
2025-04-23 14:39:42,113 [timer3] WARN  server.GrpcLogAppender (GrpcLogAppender.java:lambda$resetClient$1(221)) - omNode-1@group-523986131536->omNode-3-GrpcLogAppender: Follower failed (request=null, errorCount=120); keep nextIndex (101) unchanged and retry. (Repeated 2 times in the last 5.000s)
2025-04-23 14:39:42,118 [timer5] WARN  server.GrpcLogAppender (GrpcLogAppender.java:lambda$resetClient$1(221)) - omNode-1@group-523986131536->omNode-3-GrpcLogAppender: Follower failed (request=null, errorCount=122); keep nextIndex (102) unchanged and retry. (Repeated 2 times in the last 5.000s)
2025-04-23 14:39:42,120 [timer0] WARN  server.GrpcLogAppender (GrpcLogAppender.java:lambda$resetClient$1(221)) - omNode-1@group-523986131536->omNode-3-GrpcLogAppender: Follower failed (request=null, errorCount=124); keep nextIndex (103) unchanged and retry. (Repeated 2 times in the last 5.000s)
2025-04-23 14:39:42,141 [timer4] WARN  server.GrpcLogAppender (GrpcLogAppender.java:lambda$resetClient$1(221)) - omNode-1@group-523986131536->omNode-3-GrpcLogAppender: Follower failed (request=null, errorCount=126); keep nextIndex (104) unchanged and retry. (Repeated 2 times in the last 5.000s)
2025-04-23 14:39:42,142 [timer7] WARN  server.GrpcLogAppender (GrpcLogAppender.java:lambda$resetClient$1(221)) - omNode-1@group-523986131536->omNode-3-GrpcLogAppender: Follower failed (request=null, errorCount=128); keep nextIndex (105) unchanged and retry. (Repeated 2 times in the last 5.000s)
2025-04-23 14:39:42,147 [timer1] WARN  server.GrpcLogAppender (GrpcLogAppender.java:lambda$resetClient$1(221)) - omNode-1@group-523986131536->omNode-3-GrpcLogAppender: Follower failed (request=null, errorCount=130); keep nextIndex (106) unchanged and retry. (Repeated 2 times in the last 5.000s)
2025-04-23 14:39:42,148 [timer4] WARN  server.GrpcLogAppender (GrpcLogAppender.java:lambda$resetClient$1(221)) - omNode-1@group-523986131536->omNode-3-GrpcLogAppender: Follower failed (request=null, errorCount=132); keep nextIndex (107) unchanged and retry. (Repeated 2 times in the last 5.000s)
2025-04-23 14:39:42,157 [timer1] WARN  server.GrpcLogAppender (GrpcLogAppender.java:lambda$resetClient$1(221)) - omNode-1@group-523986131536->omNode-3-GrpcLogAppender: Follower failed (request=null, errorCount=134); keep nextIndex (108) unchanged and retry. (Repeated 2 times in the last 5.001s)
2025-04-23 14:39:42,159 [timer4] WARN  server.GrpcLogAppender (GrpcLogAppender.java:lambda$resetClient$1(221)) - omNode-1@group-523986131536->omNode-3-GrpcLogAppender: Follower failed (request=null, errorCount=136); keep nextIndex (109) unchanged and retry. (Repeated 2 times in the last 5.001s)
2025-04-23 14:39:42,163 [timer7] WARN  server.GrpcLogAppender (GrpcLogAppender.java:lambda$resetClient$1(221)) - omNode-1@group-523986131536->omNode-3-GrpcLogAppender: Follower failed (request=null, errorCount=138); keep nextIndex (110) unchanged and retry. (Repeated 2 times in the last 5.001s)
2025-04-23 14:39:42,164 [timer2] WARN  server.GrpcLogAppender (GrpcLogAppender.java:lambda$resetClient$1(221)) - omNode-1@group-523986131536->omNode-3-GrpcLogAppender: Follower failed (request=null, errorCount=140); keep nextIndex (111) unchanged and retry. (Repeated 2 times in the last 4.999s)
2025-04-23 14:39:42,174 [timer6] WARN  server.GrpcLogAppender (GrpcLogAppender.java:lambda$resetClient$1(221)) - omNode-1@group-523986131536->omNode-3-GrpcLogAppender: Follower failed (request=null, errorCount=142); keep nextIndex (112) unchanged and retry. (Repeated 2 times in the last 5.000s)
2025-04-23 14:39:42,175 [timer1] WARN  server.GrpcLogAppender (GrpcLogAppender.java:lambda$resetClient$1(221)) - omNode-1@group-523986131536->omNode-3-GrpcLogAppender: Follower failed (request=null, errorCount=144); keep nextIndex (113) unchanged and retry. (Repeated 2 times in the last 5.000s)
2025-04-23 14:39:42,181 [timer4] WARN  server.GrpcLogAppender (GrpcLogAppender.java:lambda$resetClient$1(221)) - omNode-1@group-523986131536->omNode-3-GrpcLogAppender: Follower failed (request=null, errorCount=146); keep nextIndex (114) unchanged and retry. (Repeated 2 times in the last 5.000s)
2025-04-23 14:39:42,182 [timer7] WARN  server.GrpcLogAppender (GrpcLogAppender.java:lambda$resetClient$1(221)) - omNode-1@group-523986131536->omNode-3-GrpcLogAppender: Follower failed (request=null, errorCount=148); keep nextIndex (115) unchanged and retry. (Repeated 2 times in the last 4.999s)
2025-04-23 14:39:42,191 [timer3] WARN  server.GrpcLogAppender (GrpcLogAppender.java:lambda$resetClient$1(221)) - omNode-1@group-523986131536->omNode-3-GrpcLogAppender: Follower failed (request=null, errorCount=150); keep nextIndex (116) unchanged and retry. (Repeated 2 times in the last 5.001s)
2025-04-23 14:39:42,192 [timer6] WARN  server.GrpcLogAppender (GrpcLogAppender.java:lambda$resetClient$1(221)) - omNode-1@group-523986131536->omNode-3-GrpcLogAppender: Follower failed (request=null, errorCount=152); keep nextIndex (117) unchanged and retry. (Repeated 2 times in the last 5.000s)
2025-04-23 14:39:42,196 [timer1] WARN  server.GrpcLogAppender (GrpcLogAppender.java:lambda$resetClient$1(221)) - omNode-1@group-523986131536->omNode-3-GrpcLogAppender: Follower failed (request=null, errorCount=154); keep nextIndex (118) unchanged and retry. (Repeated 2 times in the last 4.999s)
2025-04-23 14:39:42,199 [timer3] WARN  server.GrpcLogAppender (GrpcLogAppender.java:lambda$resetClient$1(221)) - omNode-1@group-523986131536->omNode-3-GrpcLogAppender: Follower failed (request=null, errorCount=156); keep nextIndex (119) unchanged and retry. (Repeated 2 times in the last 5.001s)
2025-04-23 14:39:42,207 [timer7] WARN  server.GrpcLogAppender (GrpcLogAppender.java:lambda$resetClient$1(221)) - omNode-1@group-523986131536->omNode-3-GrpcLogAppender: Follower failed (request=null, errorCount=158); keep nextIndex (120) unchanged and retry. (Repeated 2 times in the last 5.001s)
2025-04-23 14:39:42,208 [timer1] WARN  server.GrpcLogAppender (GrpcLogAppender.java:lambda$resetClient$1(221)) - omNode-1@group-523986131536->omNode-3-GrpcLogAppender: Follower failed (request=null, errorCount=160); keep nextIndex (121) unchanged and retry. (Repeated 2 times in the last 5.000s)
2025-04-23 14:39:42,213 [timer5] WARN  server.GrpcLogAppender (GrpcLogAppender.java:lambda$resetClient$1(221)) - omNode-1@group-523986131536->omNode-3-GrpcLogAppender: Follower failed (request=null, errorCount=162); keep nextIndex (122) unchanged and retry. (Repeated 2 times in the last 5.001s)
2025-04-23 14:39:42,215 [timer0] WARN  server.GrpcLogAppender (GrpcLogAppender.java:lambda$resetClient$1(221)) - omNode-1@group-523986131536->omNode-3-GrpcLogAppender: Follower failed (request=null, errorCount=164); keep nextIndex (123) unchanged and retry. (Repeated 2 times in the last 5.001s)
2025-04-23 14:39:42,224 [timer5] WARN  server.GrpcLogAppender (GrpcLogAppender.java:lambda$resetClient$1(221)) - omNode-1@group-523986131536->omNode-3-GrpcLogAppender: Follower failed (request=null, errorCount=166); keep nextIndex (124) unchanged and retry. (Repeated 2 times in the last 5.001s)
2025-04-23 14:39:42,226 [timer0] WARN  server.GrpcLogAppender (GrpcLogAppender.java:lambda$resetClient$1(221)) - omNode-1@group-523986131536->omNode-3-GrpcLogAppender: Follower failed (request=null, errorCount=168); keep nextIndex (125) unchanged and retry. (Repeated 2 times in the last 5.000s)
2025-04-23 14:39:42,229 [timer3] WARN  server.GrpcLogAppender (GrpcLogAppender.java:lambda$resetClient$1(221)) - omNode-1@group-523986131536->omNode-3-GrpcLogAppender: Follower failed (request=null, errorCount=170); keep nextIndex (126) unchanged and retry. (Repeated 2 times in the last 5.000s)
2025-04-23 14:39:42,230 [timer6] WARN  server.GrpcLogAppender (GrpcLogAppender.java:lambda$resetClient$1(221)) - omNode-1@group-523986131536->omNode-3-GrpcLogAppender: Follower failed (request=null, errorCount=172); keep nextIndex (127) unchanged and retry. (Repeated 2 times in the last 5.000s)
2025-04-23 14:39:42,239 [timer3] WARN  server.GrpcLogAppender (GrpcLogAppender.java:lambda$resetClient$1(221)) - omNode-1@group-523986131536->omNode-3-GrpcLogAppender: Follower failed (request=null, errorCount=174); keep nextIndex (128) unchanged and retry. (Repeated 2 times in the last 5.000s)
2025-04-23 14:39:42,241 [timer6] WARN  server.GrpcLogAppender (GrpcLogAppender.java:lambda$resetClient$1(221)) - omNode-1@group-523986131536->omNode-3-GrpcLogAppender: Follower failed (request=null, errorCount=176); keep nextIndex (129) unchanged and retry. (Repeated 2 times in the last 5.001s)
2025-04-23 14:39:42,246 [timer1] WARN  server.GrpcLogAppender (GrpcLogAppender.java:lambda$resetClient$1(221)) - omNode-1@group-523986131536->omNode-3-GrpcLogAppender: Follower failed (request=null, errorCount=178); keep nextIndex (130) unchanged and retry. (Repeated 2 times in the last 5.000s)
2025-04-23 14:39:42,248 [timer4] WARN  server.GrpcLogAppender (GrpcLogAppender.java:lambda$resetClient$1(221)) - omNode-1@group-523986131536->omNode-3-GrpcLogAppender: Follower failed (request=null, errorCount=180); keep nextIndex (131) unchanged and retry. (Repeated 2 times in the last 5.000s)
2025-04-23 14:39:42,258 [timer0] WARN  server.GrpcLogAppender (GrpcLogAppender.java:lambda$resetClient$1(221)) - omNode-1@group-523986131536->omNode-3-GrpcLogAppender: Follower failed (request=null, errorCount=182); keep nextIndex (132) unchanged and retry. (Repeated 2 times in the last 5.000s)
2025-04-23 14:39:42,260 [timer2] WARN  server.GrpcLogAppender (GrpcLogAppender.java:lambda$resetClient$1(221)) - omNode-1@group-523986131536->omNode-3-GrpcLogAppender: Follower failed (request=null, errorCount=184); keep nextIndex (133) unchanged and retry. (Repeated 2 times in the last 5.000s)
2025-04-23 14:39:42,267 [timer6] WARN  server.GrpcLogAppender (GrpcLogAppender.java:lambda$resetClient$1(221)) - omNode-1@group-523986131536->omNode-3-GrpcLogAppender: Follower failed (request=null, errorCount=186); keep nextIndex (134) unchanged and retry. (Repeated 2 times in the last 5.001s)
2025-04-23 14:39:42,267 [timer1] WARN  server.GrpcLogAppender (GrpcLogAppender.java:lambda$resetClient$1(221)) - omNode-1@group-523986131536->omNode-3-GrpcLogAppender: Follower failed (request=null, errorCount=188); keep nextIndex (135) unchanged and retry. (Repeated 2 times in the last 5.000s)
2025-04-23 14:39:42,276 [timer6] WARN  server.GrpcLogAppender (GrpcLogAppender.java:lambda$resetClient$1(221)) - omNode-1@group-523986131536->omNode-3-GrpcLogAppender: Follower failed (request=null, errorCount=190); keep nextIndex (136) unchanged and retry. (Repeated 2 times in the last 5.000s)
2025-04-23 14:39:42,277 [timer1] WARN  server.GrpcLogAppender (GrpcLogAppender.java:lambda$resetClient$1(221)) - omNode-1@group-523986131536->omNode-3-GrpcLogAppender: Follower failed (request=null, errorCount=192); keep nextIndex (137) unchanged and retry. (Repeated 2 times in the last 5.000s)
2025-04-23 14:39:42,282 [timer4] WARN  server.GrpcLogAppender (GrpcLogAppender.java:lambda$resetClient$1(221)) - omNode-1@group-523986131536->omNode-3-GrpcLogAppender: Follower failed (request=null, errorCount=194); keep nextIndex (138) unchanged and retry. (Repeated 2 times in the last 5.001s)
2025-04-23 14:39:42,283 [timer7] WARN  server.GrpcLogAppender (GrpcLogAppender.java:lambda$resetClient$1(221)) - omNode-1@group-523986131536->omNode-3-GrpcLogAppender: Follower failed (request=null, errorCount=196); keep nextIndex (139) unchanged and retry. (Repeated 2 times in the last 5.000s)
2025-04-23 14:39:42,291 [timer4] WARN  server.GrpcLogAppender (GrpcLogAppender.java:lambda$resetClient$1(221)) - omNode-1@group-523986131536->omNode-3-GrpcLogAppender: Follower failed (request=null, errorCount=198); keep nextIndex (140) unchanged and retry. (Repeated 2 times in the last 5.000s)
2025-04-23 14:39:42,292 [timer6] WARN  server.GrpcLogAppender (GrpcLogAppender.java:lambda$resetClient$1(221)) - omNode-1@group-523986131536->omNode-3-GrpcLogAppender: Follower failed (request=null, errorCount=200); keep nextIndex (141) unchanged and retry. (Repeated 2 times in the last 5.000s)
2025-04-23 14:39:42,297 [timer2] WARN  server.GrpcLogAppender (GrpcLogAppender.java:lambda$resetClient$1(221)) - omNode-1@group-523986131536->omNode-3-GrpcLogAppender: Follower failed (request=null, errorCount=202); keep nextIndex (142) unchanged and retry. (Repeated 2 times in the last 5.001s)
2025-04-23 14:39:42,299 [timer5] WARN  server.GrpcLogAppender (GrpcLogAppender.java:lambda$resetClient$1(221)) - omNode-1@group-523986131536->omNode-3-GrpcLogAppender: Follower failed (request=null, errorCount=204); keep nextIndex (143) unchanged and retry. (Repeated 2 times in the last 5.000s)
2025-04-23 14:39:42,308 [timer2] WARN  server.GrpcLogAppender (GrpcLogAppender.java:lambda$resetClient$1(221)) - omNode-1@group-523986131536->omNode-3-GrpcLogAppender: Follower failed (request=null, errorCount=206); keep nextIndex (144) unchanged and retry. (Repeated 2 times in the last 5.001s)
2025-04-23 14:39:42,310 [timer5] WARN  server.GrpcLogAppender (GrpcLogAppender.java:lambda$resetClient$1(221)) - omNode-1@group-523986131536->omNode-3-GrpcLogAppender: Follower failed (request=null, errorCount=208); keep nextIndex (145) unchanged and retry. (Repeated 2 times in the last 5.000s)
2025-04-23 14:39:42,313 [timer0] WARN  server.GrpcLogAppender (GrpcLogAppender.java:lambda$resetClient$1(221)) - omNode-1@group-523986131536->omNode-3-GrpcLogAppender: Follower failed (request=null, errorCount=210); keep nextIndex (146) unchanged and retry. (Repeated 2 times in the last 5.000s)
2025-04-23 14:39:42,315 [timer3] WARN  server.GrpcLogAppender (GrpcLogAppender.java:lambda$resetClient$1(221)) - omNode-1@group-523986131536->omNode-3-GrpcLogAppender: Follower failed (request=null, errorCount=212); keep nextIndex (147) unchanged and retry. (Repeated 2 times in the last 5.000s)
2025-04-23 14:39:42,324 [timer6] WARN  server.GrpcLogAppender (GrpcLogAppender.java:lambda$resetClient$1(221)) - omNode-1@group-523986131536->omNode-3-GrpcLogAppender: Follower failed (request=null, errorCount=214); keep nextIndex (148) unchanged and retry. (Repeated 2 times in the last 5.000s)
2025-04-23 14:39:42,327 [timer1] WARN  server.GrpcLogAppender (GrpcLogAppender.java:lambda$resetClient$1(221)) - omNode-1@group-523986131536->omNode-3-GrpcLogAppender: Follower failed (request=null, errorCount=216); keep nextIndex (149) unchanged and retry. (Repeated 2 times in the last 5.001s)
2025-04-23 14:39:42,330 [timer4] WARN  server.GrpcLogAppender (GrpcLogAppender.java:lambda$resetClient$1(221)) - omNode-1@group-523986131536->omNode-3-GrpcLogAppender: Follower failed (request=null, errorCount=218); keep nextIndex (150) unchanged and retry. (Repeated 2 times in the last 5.000s)
2025-04-23 14:39:42,332 [timer7] WARN  server.GrpcLogAppender (GrpcLogAppender.java:lambda$resetClient$1(221)) - omNode-1@group-523986131536->omNode-3-GrpcLogAppender: Follower failed (request=null, errorCount=220); keep nextIndex (151) unchanged and retry. (Repeated 2 times in the last 5.000s)
2025-04-23 14:39:42,340 [timer4] WARN  server.GrpcLogAppender (GrpcLogAppender.java:lambda$resetClient$1(221)) - omNode-1@group-523986131536->omNode-3-GrpcLogAppender: Follower failed (request=null, errorCount=222); keep nextIndex (152) unchanged and retry. (Repeated 2 times in the last 5.000s)
2025-04-23 14:39:42,342 [timer7] WARN  server.GrpcLogAppender (GrpcLogAppender.java:lambda$resetClient$1(221)) - omNode-1@group-523986131536->omNode-3-GrpcLogAppender: Follower failed (request=null, errorCount=226); keep nextIndex (153) unchanged and retry. (Repeated 4 times in the last 5.000s)
2025-04-23 14:39:42,358 [timer4] WARN  server.GrpcLogAppender (GrpcLogAppender.java:lambda$resetClient$1(221)) - omNode-1@group-523986131536->omNode-3-GrpcLogAppender: Follower failed (request=null, errorCount=228); keep nextIndex (155) unchanged and retry. (Repeated 2 times in the last 5.000s)
2025-04-23 14:39:42,367 [timer1] WARN  server.GrpcLogAppender (GrpcLogAppender.java:lambda$resetClient$1(221)) - omNode-1@group-523986131536->omNode-3-GrpcLogAppender: Follower failed (request=null, errorCount=230); keep nextIndex (156) unchanged and retry. (Repeated 2 times in the last 5.001s)
2025-04-23 14:39:42,368 [timer4] WARN  server.GrpcLogAppender (GrpcLogAppender.java:lambda$resetClient$1(221)) - omNode-1@group-523986131536->omNode-3-GrpcLogAppender: Follower failed (request=null, errorCount=232); keep nextIndex (157) unchanged and retry. (Repeated 2 times in the last 5.001s)
2025-04-23 14:39:42,372 [timer6] WARN  server.GrpcLogAppender (GrpcLogAppender.java:lambda$resetClient$1(221)) - omNode-1@group-523986131536->omNode-3-GrpcLogAppender: Follower failed (request=null, errorCount=234); keep nextIndex (158) unchanged and retry. (Repeated 2 times in the last 5.001s)
2025-04-23 14:39:42,374 [timer1] WARN  server.GrpcLogAppender (GrpcLogAppender.java:lambda$resetClient$1(221)) - omNode-1@group-523986131536->omNode-3-GrpcLogAppender: Follower failed (request=null, errorCount=236); keep nextIndex (159) unchanged and retry. (Repeated 2 times in the last 5.000s)
2025-04-23 14:39:42,384 [timer6] WARN  server.GrpcLogAppender (GrpcLogAppender.java:lambda$resetClient$1(221)) - omNode-1@group-523986131536->omNode-3-GrpcLogAppender: Follower failed (request=null, errorCount=238); keep nextIndex (160) unchanged and retry. (Repeated 2 times in the last 5.001s)
2025-04-23 14:39:42,385 [timer0] WARN  server.GrpcLogAppender (GrpcLogAppender.java:lambda$resetClient$1(221)) - omNode-1@group-523986131536->omNode-3-GrpcLogAppender: Follower failed (request=null, errorCount=240); keep nextIndex (161) unchanged and retry. (Repeated 2 times in the last 5.000s)
2025-04-23 14:39:42,390 [timer2] WARN  server.GrpcLogAppender (GrpcLogAppender.java:lambda$resetClient$1(221)) - omNode-1@group-523986131536->omNode-3-GrpcLogAppender: Follower failed (request=null, errorCount=242); keep nextIndex (162) unchanged and retry. (Repeated 2 times in the last 4.999s)
2025-04-23 14:39:42,392 [timer6] WARN  server.GrpcLogAppender (GrpcLogAppender.java:lambda$resetClient$1(221)) - omNode-1@group-523986131536->omNode-3-GrpcLogAppender: Follower failed (request=null, errorCount=244); keep nextIndex (163) unchanged and retry. (Repeated 2 times in the last 5.000s)
2025-04-23 14:39:42,400 [timer3] WARN  server.GrpcLogAppender (GrpcLogAppender.java:lambda$resetClient$1(221)) - omNode-1@group-523986131536->omNode-3-GrpcLogAppender: Follower failed (request=null, errorCount=246); keep nextIndex (164) unchanged and retry. (Repeated 2 times in the last 5.000s)
2025-04-23 14:39:42,402 [timer6] WARN  server.GrpcLogAppender (GrpcLogAppender.java:lambda$resetClient$1(221)) - omNode-1@group-523986131536->omNode-3-GrpcLogAppender: Follower failed (request=null, errorCount=248); keep nextIndex (165) unchanged and retry. (Repeated 2 times in the last 5.000s)
2025-04-23 14:39:42,406 [timer1] WARN  server.GrpcLogAppender (GrpcLogAppender.java:lambda$resetClient$1(221)) - omNode-1@group-523986131536->omNode-3-GrpcLogAppender: Follower failed (request=null, errorCount=250); keep nextIndex (166) unchanged and retry. (Repeated 2 times in the last 5.000s)
2025-04-23 14:39:42,408 [timer4] WARN  server.GrpcLogAppender (GrpcLogAppender.java:lambda$resetClient$1(221)) - omNode-1@group-523986131536->omNode-3-GrpcLogAppender: Follower failed (request=null, errorCount=252); keep nextIndex (167) unchanged and retry. (Repeated 2 times in the last 5.001s)
2025-04-23 14:39:42,418 [timer1] WARN  server.GrpcLogAppender (GrpcLogAppender.java:lambda$resetClient$1(221)) - omNode-1@group-523986131536->omNode-3-GrpcLogAppender: Follower failed (request=null, errorCount=254); keep nextIndex (168) unchanged and retry. (Repeated 2 times in the last 5.000s)
2025-04-23 14:39:42,420 [timer4] WARN  server.GrpcLogAppender (GrpcLogAppender.java:lambda$resetClient$1(221)) - omNode-1@group-523986131536->omNode-3-GrpcLogAppender: Follower failed (request=null, errorCount=256); keep nextIndex (169) unchanged and retry. (Repeated 2 times in the last 5.001s)
2025-04-23 14:39:42,424 [timer7] WARN  server.GrpcLogAppender (GrpcLogAppender.java:lambda$resetClient$1(221)) - omNode-1@group-523986131536->omNode-3-GrpcLogAppender: Follower failed (request=null, errorCount=258); keep nextIndex (170) unchanged and retry. (Repeated 2 times in the last 5.000s)
2025-04-23 14:39:42,426 [timer2] WARN  server.GrpcLogAppender (GrpcLogAppender.java:lambda$resetClient$1(221)) - omNode-1@group-523986131536->omNode-3-GrpcLogAppender: Follower failed (request=null, errorCount=260); keep nextIndex (171) unchanged and retry. (Repeated 2 times in the last 5.001s)
2025-04-23 14:39:42,436 [timer2] WARN  server.GrpcLogAppender (GrpcLogAppender.java:lambda$resetClient$1(221)) - omNode-1@group-523986131536->omNode-3-GrpcLogAppender: Follower failed (request=null, errorCount=262); keep nextIndex (172) unchanged and retry. (Repeated 2 times in the last 5.000s)
2025-04-23 14:39:42,438 [timer5] WARN  server.GrpcLogAppender (GrpcLogAppender.java:lambda$resetClient$1(221)) - omNode-1@group-523986131536->omNode-3-GrpcLogAppender: Follower failed (request=null, errorCount=264); keep nextIndex (173) unchanged and retry. (Repeated 2 times in the last 5.000s)
2025-04-23 14:39:42,442 [timer0] WARN  server.GrpcLogAppender (GrpcLogAppender.java:lambda$resetClient$1(221)) - omNode-1@group-523986131536->omNode-3-GrpcLogAppender: Follower failed (request=null, errorCount=266); keep nextIndex (174) unchanged and retry. (Repeated 2 times in the last 5.001s)
2025-04-23 14:39:42,444 [timer3] WARN  server.GrpcLogAppender (GrpcLogAppender.java:lambda$resetClient$1(221)) - omNode-1@group-523986131536->omNode-3-GrpcLogAppender: Follower failed (request=null, errorCount=268); keep nextIndex (175) unchanged and retry. (Repeated 2 times in the last 5.001s)
2025-04-23 14:39:42,453 [timer0] WARN  server.GrpcLogAppender (GrpcLogAppender.java:lambda$resetClient$1(221)) - omNode-1@group-523986131536->omNode-3-GrpcLogAppender: Follower failed (request=null, errorCount=270); keep nextIndex (176) unchanged and retry. (Repeated 2 times in the last 5.001s)
2025-04-23 14:39:42,453 [timer3] WARN  server.GrpcLogAppender (GrpcLogAppender.java:lambda$resetClient$1(221)) - omNode-1@group-523986131536->omNode-3-GrpcLogAppender: Follower failed (request=null, errorCount=272); keep nextIndex (177) unchanged and retry. (Repeated 2 times in the last 4.999s)
2025-04-23 14:39:42,457 [timer6] WARN  server.GrpcLogAppender (GrpcLogAppender.java:lambda$resetClient$1(221)) - omNode-1@group-523986131536->omNode-3-GrpcLogAppender: Follower failed (request=null, errorCount=274); keep nextIndex (178) unchanged and retry. (Repeated 2 times in the last 5.000s)
2025-04-23 14:39:42,460 [timer1] WARN  server.GrpcLogAppender (GrpcLogAppender.java:lambda$resetClient$1(221)) - omNode-1@group-523986131536->omNode-3-GrpcLogAppender: Follower failed (request=null, errorCount=276); keep nextIndex (179) unchanged and retry. (Repeated 2 times in the last 5.001s)
2025-04-23 14:39:42,468 [timer6] WARN  server.GrpcLogAppender (GrpcLogAppender.java:lambda$resetClient$1(221)) - omNode-1@group-523986131536->omNode-3-GrpcLogAppender: Follower failed (request=null, errorCount=278); keep nextIndex (180) unchanged and retry. (Repeated 2 times in the last 5.000s)
2025-04-23 14:39:42,470 [timer1] WARN  server.GrpcLogAppender (GrpcLogAppender.java:lambda$resetClient$1(221)) - omNode-1@group-523986131536->omNode-3-GrpcLogAppender: Follower failed (request=null, errorCount=280); keep nextIndex (181) unchanged and retry. (Repeated 2 times in the last 5.001s)
2025-04-23 14:39:42,473 [timer4] WARN  server.GrpcLogAppender (GrpcLogAppender.java:lambda$resetClient$1(221)) - omNode-1@group-523986131536->omNode-3-GrpcLogAppender: Follower failed (request=null, errorCount=282); keep nextIndex (182) unchanged and retry. (Repeated 2 times in the last 5.000s)
2025-04-23 14:39:42,474 [timer7] WARN  server.GrpcLogAppender (GrpcLogAppender.java:lambda$resetClient$1(221)) - omNode-1@group-523986131536->omNode-3-GrpcLogAppender: Follower failed (request=null, errorCount=284); keep nextIndex (183) unchanged and retry. (Repeated 2 times in the last 5.000s)
2025-04-23 14:39:42,482 [timer3] WARN  server.GrpcLogAppender (GrpcLogAppender.java:lambda$resetClient$1(221)) - omNode-1@group-523986131536->omNode-3-GrpcLogAppender: Follower failed (request=null, errorCount=286); keep nextIndex (184) unchanged and retry. (Repeated 2 times in the last 5.000s)
2025-04-23 14:39:42,484 [timer6] WARN  server.GrpcLogAppender (GrpcLogAppender.java:lambda$resetClient$1(221)) - omNode-1@group-523986131536->omNode-3-GrpcLogAppender: Follower failed (request=null, errorCount=288); keep nextIndex (185) unchanged and retry. (Repeated 2 times in the last 5.000s)
2025-04-23 14:39:42,489 [timer1] WARN  server.GrpcLogAppender (GrpcLogAppender.java:lambda$resetClient$1(221)) - omNode-1@group-523986131536->omNode-3-GrpcLogAppender: Follower failed (request=null, errorCount=290); keep nextIndex (186) unchanged and retry. (Repeated 2 times in the last 5.001s)
2025-04-23 14:39:42,489 [timer4] WARN  server.GrpcLogAppender (GrpcLogAppender.java:lambda$resetClient$1(221)) - omNode-1@group-523986131536->omNode-3-GrpcLogAppender: Follower failed (request=null, errorCount=292); keep nextIndex (187) unchanged and retry. (Repeated 2 times in the last 5.000s)
2025-04-23 14:39:42,497 [timer1] WARN  server.GrpcLogAppender (GrpcLogAppender.java:lambda$resetClient$1(221)) - omNode-1@group-523986131536->omNode-3-GrpcLogAppender: Follower failed (request=null, errorCount=294); keep nextIndex (188) unchanged and retry. (Repeated 2 times in the last 5.000s)
2025-04-23 14:39:42,498 [timer3] WARN  server.GrpcLogAppender (GrpcLogAppender.java:lambda$resetClient$1(221)) - omNode-1@group-523986131536->omNode-3-GrpcLogAppender: Follower failed (request=null, errorCount=296); keep nextIndex (189) unchanged and retry. (Repeated 2 times in the last 5.000s)
2025-04-23 14:39:42,503 [timer6] WARN  server.GrpcLogAppender (GrpcLogAppender.java:lambda$resetClient$1(221)) - omNode-1@group-523986131536->omNode-3-GrpcLogAppender: Follower failed (request=null, errorCount=298); keep nextIndex (190) unchanged and retry. (Repeated 2 times in the last 5.001s)
2025-04-23 14:39:42,506 [timer1] WARN  server.GrpcLogAppender (GrpcLogAppender.java:lambda$resetClient$1(221)) - omNode-1@group-523986131536->omNode-3-GrpcLogAppender: Follower failed (request=null, errorCount=300); keep nextIndex (191) unchanged and retry. (Repeated 2 times in the last 5.000s)
2025-04-23 14:39:42,512 [timer4] WARN  server.GrpcLogAppender (GrpcLogAppender.java:lambda$resetClient$1(221)) - omNode-1@group-523986131536->omNode-3-GrpcLogAppender: Follower failed (request=null, errorCount=302); keep nextIndex (192) unchanged and retry. (Repeated 2 times in the last 5.000s)
2025-04-23 14:39:42,514 [timer7] WARN  server.GrpcLogAppender (GrpcLogAppender.java:lambda$resetClient$1(221)) - omNode-1@group-523986131536->omNode-3-GrpcLogAppender: Follower failed (request=null, errorCount=304); keep nextIndex (193) unchanged and retry. (Repeated 2 times in the last 5.000s)
2025-04-23 14:39:42,519 [timer2] WARN  server.GrpcLogAppender (GrpcLogAppender.java:lambda$resetClient$1(221)) - omNode-1@group-523986131536->omNode-3-GrpcLogAppender: Follower failed (request=null, errorCount=306); keep nextIndex (194) unchanged and retry. (Repeated 2 times in the last 5.000s)
2025-04-23 14:39:42,521 [timer5] WARN  server.GrpcLogAppender (GrpcLogAppender.java:lambda$resetClient$1(221)) - omNode-1@group-523986131536->omNode-3-GrpcLogAppender: Follower failed (request=null, errorCount=308); keep nextIndex (195) unchanged and retry. (Repeated 2 times in the last 5.001s)
2025-04-23 14:39:42,528 [timer2] WARN  server.GrpcLogAppender (GrpcLogAppender.java:lambda$resetClient$1(221)) - omNode-1@group-523986131536->omNode-3-GrpcLogAppender: Follower failed (request=null, errorCount=310); keep nextIndex (196) unchanged and retry. (Repeated 2 times in the last 5.000s)
2025-04-23 14:39:42,529 [timer5] WARN  server.GrpcLogAppender (GrpcLogAppender.java:lambda$resetClient$1(221)) - omNode-1@group-523986131536->omNode-3-GrpcLogAppender: Follower failed (request=null, errorCount=312); keep nextIndex (197) unchanged and retry. (Repeated 2 times in the last 5.000s)
2025-04-23 14:39:42,535 [timer0] WARN  server.GrpcLogAppender (GrpcLogAppender.java:lambda$resetClient$1(221)) - omNode-1@group-523986131536->omNode-3-GrpcLogAppender: Follower failed (request=null, errorCount=314); keep nextIndex (198) unchanged and retry. (Repeated 2 times in the last 5.000s)
2025-04-23 14:39:42,537 [timer3] WARN  server.GrpcLogAppender (GrpcLogAppender.java:lambda$resetClient$1(221)) - omNode-1@group-523986131536->omNode-3-GrpcLogAppender: Follower failed (request=null, errorCount=316); keep nextIndex (199) unchanged and retry. (Repeated 2 times in the last 5.000s)
2025-04-23 14:39:42,545 [timer0] WARN  server.GrpcLogAppender (GrpcLogAppender.java:lambda$resetClient$1(221)) - omNode-1@group-523986131536->omNode-3-GrpcLogAppender: Follower failed (request=null, errorCount=318); keep nextIndex (200) unchanged and retry. (Repeated 2 times in the last 5.000s)
2025-04-23 14:39:42,547 [timer3] WARN  server.GrpcLogAppender (GrpcLogAppender.java:lambda$resetClient$1(221)) - omNode-1@group-523986131536->omNode-3-GrpcLogAppender: Follower failed (request=null, errorCount=320); keep nextIndex (201) unchanged and retry. (Repeated 2 times in the last 5.000s)
2025-04-23 14:39:42,550 [timer6] WARN  server.GrpcLogAppender (GrpcLogAppender.java:lambda$resetClient$1(221)) - omNode-1@group-523986131536->omNode-3-GrpcLogAppender: Follower failed (request=null, errorCount=322); keep nextIndex (202) unchanged and retry. (Repeated 2 times in the last 5.000s)
2025-04-23 14:39:42,551 [timer0] WARN  server.GrpcLogAppender (GrpcLogAppender.java:lambda$resetClient$1(221)) - omNode-1@group-523986131536->omNode-3-GrpcLogAppender: Follower failed (request=null, errorCount=324); keep nextIndex (203) unchanged and retry. (Repeated 2 times in the last 5.000s)
2025-04-23 14:39:42,562 [timer5] WARN  server.GrpcLogAppender (GrpcLogAppender.java:lambda$resetClient$1(221)) - omNode-1@group-523986131536->omNode-3-GrpcLogAppender: Follower failed (request=null, errorCount=326); keep nextIndex (204) unchanged and retry. (Repeated 2 times in the last 5.001s)
2025-04-23 14:39:42,562 [timer0] WARN  server.GrpcLogAppender (GrpcLogAppender.java:lambda$resetClient$1(221)) - omNode-1@group-523986131536->omNode-3-GrpcLogAppender: Follower failed (request=null, errorCount=328); keep nextIndex (205) unchanged and retry. (Repeated 2 times in the last 5.000s)
2025-04-23 14:39:42,580 [timer2] WARN  server.GrpcLogAppender (GrpcLogAppender.java:lambda$resetClient$1(221)) - omNode-1@group-523986131536->omNode-3-GrpcLogAppender: Follower failed (request=null, errorCount=330); keep nextIndex (206) unchanged and retry. (Repeated 2 times in the last 5.001s)
2025-04-23 14:39:42,581 [timer5] WARN  server.GrpcLogAppender (GrpcLogAppender.java:lambda$resetClient$1(221)) - omNode-1@group-523986131536->omNode-3-GrpcLogAppender: Follower failed (request=null, errorCount=332); keep nextIndex (207) unchanged and retry. (Repeated 2 times in the last 4.999s)
2025-04-23 14:39:42,591 [timer2] WARN  server.GrpcLogAppender (GrpcLogAppender.java:lambda$resetClient$1(221)) - omNode-1@group-523986131536->omNode-3-GrpcLogAppender: Follower failed (request=null, errorCount=334); keep nextIndex (208) unchanged and retry. (Repeated 2 times in the last 5.001s)
2025-04-23 14:39:42,592 [timer5] WARN  server.GrpcLogAppender (GrpcLogAppender.java:lambda$resetClient$1(221)) - omNode-1@group-523986131536->omNode-3-GrpcLogAppender: Follower failed (request=null, errorCount=336); keep nextIndex (209) unchanged and retry. (Repeated 2 times in the last 5.000s)
2025-04-23 14:39:42,595 [timer0] WARN  server.GrpcLogAppender (GrpcLogAppender.java:lambda$resetClient$1(221)) - omNode-1@group-523986131536->omNode-3-GrpcLogAppender: Follower failed (request=null, errorCount=338); keep nextIndex (210) unchanged and retry. (Repeated 2 times in the last 5.000s)
2025-04-23 14:39:42,597 [timer3] WARN  server.GrpcLogAppender (GrpcLogAppender.java:lambda$resetClient$1(221)) - omNode-1@group-523986131536->omNode-3-GrpcLogAppender: Follower failed (request=null, errorCount=340); keep nextIndex (211) unchanged and retry. (Repeated 2 times in the last 5.000s)
2025-04-23 14:39:42,605 [timer0] WARN  server.GrpcLogAppender (GrpcLogAppender.java:lambda$resetClient$1(221)) - omNode-1@group-523986131536->omNode-3-GrpcLogAppender: Follower failed (request=null, errorCount=342); keep nextIndex (212) unchanged and retry. (Repeated 2 times in the last 5.001s)
2025-04-23 14:39:42,608 [timer3] WARN  server.GrpcLogAppender (GrpcLogAppender.java:lambda$resetClient$1(221)) - omNode-1@group-523986131536->omNode-3-GrpcLogAppender: Follower failed (request=null, errorCount=346); keep nextIndex (213) unchanged and retry. (Repeated 4 times in the last 5.002s)
2025-04-23 14:39:42,611 [timer7] WARN  server.GrpcLogAppender (GrpcLogAppender.java:lambda$resetClient$1(221)) - omNode-1@group-523986131536->omNode-3-GrpcLogAppender: Follower failed (request=null, errorCount=348); keep nextIndex (214) unchanged and retry. (Repeated 2 times in the last 5.000s)
2025-04-23 14:39:42,613 [timer2] WARN  server.GrpcLogAppender (GrpcLogAppender.java:lambda$resetClient$1(221)) - omNode-1@group-523986131536->omNode-3-GrpcLogAppender: Follower failed (request=null, errorCount=350); keep nextIndex (215) unchanged and retry. (Repeated 2 times in the last 5.000s)
2025-04-23 14:39:42,620 [timer7] WARN  server.GrpcLogAppender (GrpcLogAppender.java:lambda$resetClient$1(221)) - omNode-1@group-523986131536->omNode-3-GrpcLogAppender: Follower failed (request=null, errorCount=352); keep nextIndex (216) unchanged and retry. (Repeated 2 times in the last 5.001s)
2025-04-23 14:39:42,622 [timer2] WARN  server.GrpcLogAppender (GrpcLogAppender.java:lambda$resetClient$1(221)) - omNode-1@group-523986131536->omNode-3-GrpcLogAppender: Follower failed (request=null, errorCount=354); keep nextIndex (217) unchanged and retry. (Repeated 2 times in the last 5.000s)
2025-04-23 14:39:42,625 [timer5] WARN  server.GrpcLogAppender (GrpcLogAppender.java:lambda$resetClient$1(221)) - omNode-1@group-523986131536->omNode-3-GrpcLogAppender: Follower failed (request=null, errorCount=356); keep nextIndex (218) unchanged and retry. (Repeated 2 times in the last 5.000s)
2025-04-23 14:39:42,627 [timer7] WARN  server.GrpcLogAppender (GrpcLogAppender.java:lambda$resetClient$1(221)) - omNode-1@group-523986131536->omNode-3-GrpcLogAppender: Follower failed (request=null, errorCount=358); keep nextIndex (219) unchanged and retry. (Repeated 2 times in the last 5.001s)
2025-04-23 14:39:42,634 [timer4] WARN  server.GrpcLogAppender (GrpcLogAppender.java:lambda$resetClient$1(221)) - omNode-1@group-523986131536->omNode-3-GrpcLogAppender: Follower failed (request=null, errorCount=360); keep nextIndex (220) unchanged and retry. (Repeated 2 times in the last 5.000s)
2025-04-23 14:39:42,635 [timer7] WARN  server.GrpcLogAppender (GrpcLogAppender.java:lambda$resetClient$1(221)) - omNode-1@group-523986131536->omNode-3-GrpcLogAppender: Follower failed (request=null, errorCount=362); keep nextIndex (221) unchanged and retry. (Repeated 2 times in the last 5.000s)
2025-04-23 14:39:42,640 [timer2] WARN  server.GrpcLogAppender (GrpcLogAppender.java:lambda$resetClient$1(221)) - omNode-1@group-523986131536->omNode-3-GrpcLogAppender: Follower failed (request=null, errorCount=364); keep nextIndex (222) unchanged and retry. (Repeated 2 times in the last 5.000s)
2025-04-23 14:39:42,641 [timer5] WARN  server.GrpcLogAppender (GrpcLogAppender.java:lambda$resetClient$1(221)) - omNode-1@group-523986131536->omNode-3-GrpcLogAppender: Follower failed (request=null, errorCount=366); keep nextIndex (223) unchanged and retry. (Repeated 2 times in the last 5.000s)
2025-04-23 14:39:42,648 [timer2] WARN  server.GrpcLogAppender (GrpcLogAppender.java:lambda$resetClient$1(221)) - omNode-1@group-523986131536->omNode-3-GrpcLogAppender: Follower failed (request=null, errorCount=368); keep nextIndex (224) unchanged and retry. (Repeated 2 times in the last 5.000s)
2025-04-23 14:39:42,650 [timer5] WARN  server.GrpcLogAppender (GrpcLogAppender.java:lambda$resetClient$1(221)) - omNode-1@group-523986131536->omNode-3-GrpcLogAppender: Follower failed (request=null, errorCount=370); keep nextIndex (225) unchanged and retry. (Repeated 2 times in the last 5.001s)
2025-04-23 14:39:42,651 [omNode-3@group-523986131536-FollowerState] INFO  impl.FollowerState (FollowerState.java:runImpl(161)) - omNode-3@group-523986131536-FollowerState: change to CANDIDATE, lastRpcElapsedTime:1082381032ns, electionTimeout:1082ms
2025-04-23 14:39:42,651 [omNode-3@group-523986131536-FollowerState] INFO  impl.RoleInfo (RoleInfo.java:shutdownFollowerState(121)) - omNode-3: shutdown omNode-3@group-523986131536-FollowerState
2025-04-23 14:39:42,651 [omNode-3@group-523986131536-FollowerState] INFO  server.RaftServer$Division (RaftServerImpl.java:setRole(378)) - omNode-3@group-523986131536: changes role from  FOLLOWER to CANDIDATE at term 1 for changeToCandidate
2025-04-23 14:39:42,651 [omNode-3@group-523986131536-FollowerState] INFO  server.RaftServerConfigKeys (ConfUtils.java:logGet(46)) - raft.server.leaderelection.pre-vote = true (default)
2025-04-23 14:39:42,651 [omNode-3@group-523986131536-FollowerState] INFO  impl.RoleInfo (RoleInfo.java:updateAndGet(148)) - omNode-3: start omNode-3@group-523986131536-LeaderElection48
2025-04-23 14:39:42,651 [omNode-3@group-523986131536-LeaderElection48] INFO  impl.LeaderElection (LeaderElection.java:askForVotes(332)) - omNode-3@group-523986131536-LeaderElection48 PRE_VOTE round 0: submit vote requests at term 1 for conf: {index: 0, cur=peers:[omNode-3|localhost:15059, omNode-1|localhost:15051, omNode-2|localhost:15055]|listeners:[], old=null}
2025-04-23 14:39:42,652 [grpc-default-executor-3] INFO  server.RaftServer$Division (RaftServerImpl.java:requestVote(1407)) - omNode-2@group-523986131536: receive requestVote(PRE_VOTE, omNode-3, group-523986131536, 1, (t:1, i:44))
2025-04-23 14:39:42,653 [grpc-default-executor-3] INFO  impl.VoteContext (VoteContext.java:log(49)) - omNode-2@group-523986131536-FOLLOWER: reject PRE_VOTE from omNode-3: this server is a follower and still has a valid leader omNode-1 different than the candidate omNode-3
2025-04-23 14:39:42,652 [grpc-default-executor-4] INFO  server.RaftServer$Division (RaftServerImpl.java:requestVote(1407)) - omNode-1@group-523986131536: receive requestVote(PRE_VOTE, omNode-3, group-523986131536, 1, (t:1, i:44))
2025-04-23 14:39:42,653 [grpc-default-executor-3] INFO  server.RaftServer$Division (RaftServerImpl.java:requestVote(1441)) - omNode-2@group-523986131536 replies to PRE_VOTE vote request: omNode-3<-omNode-2#0:FAIL-t1. Peer's state: omNode-2@group-523986131536:t1, leader=omNode-1, voted=omNode-1, raftlog=Memoized:omNode-2@group-523986131536-SegmentedRaftLog:OPENED:c544:last(t:1, i:544), conf=conf: {index: 0, cur=peers:[omNode-3|localhost:15059, omNode-1|localhost:15051, omNode-2|localhost:15055]|listeners:[], old=null}
2025-04-23 14:39:42,653 [grpc-default-executor-4] INFO  impl.VoteContext (VoteContext.java:log(49)) - omNode-1@group-523986131536-LEADER: reject PRE_VOTE from omNode-3: this server is the leader and still has leadership
2025-04-23 14:39:42,653 [grpc-default-executor-4] INFO  server.RaftServer$Division (RaftServerImpl.java:requestVote(1441)) - omNode-1@group-523986131536 replies to PRE_VOTE vote request: omNode-3<-omNode-1#0:FAIL-t1. Peer's state: omNode-1@group-523986131536:t1, leader=omNode-1, voted=omNode-1, raftlog=Memoized:omNode-1@group-523986131536-SegmentedRaftLog:OPENED:c544:last(t:1, i:544), conf=conf: {index: 0, cur=peers:[omNode-3|localhost:15059, omNode-1|localhost:15051, omNode-2|localhost:15055]|listeners:[], old=null}
2025-04-23 14:39:42,653 [omNode-3@group-523986131536-LeaderElection48] INFO  impl.LeaderElection (LeaderElection.java:logAndReturn(90)) - omNode-3@group-523986131536-LeaderElection48: PRE_VOTE REJECTED received 2 response(s) and 0 exception(s):
2025-04-23 14:39:42,653 [omNode-3@group-523986131536-LeaderElection48] INFO  impl.LeaderElection (LeaderElection.java:logAndReturn(94)) -   Response 0: omNode-3<-omNode-1#0:FAIL-t1
2025-04-23 14:39:42,653 [omNode-3@group-523986131536-LeaderElection48] INFO  impl.LeaderElection (LeaderElection.java:logAndReturn(94)) -   Response 1: omNode-3<-omNode-2#0:FAIL-t1
2025-04-23 14:39:42,653 [omNode-3@group-523986131536-LeaderElection48] INFO  impl.LeaderElection (LeaderElection.java:askForVotes(334)) - omNode-3@group-523986131536-LeaderElection48 PRE_VOTE round 0: result REJECTED
2025-04-23 14:39:42,654 [omNode-3@group-523986131536-LeaderElection48] INFO  server.RaftServer$Division (RaftServerImpl.java:setRole(378)) - omNode-3@group-523986131536: changes role from CANDIDATE to FOLLOWER at term 1 for REJECTED
2025-04-23 14:39:42,654 [omNode-3@group-523986131536-LeaderElection48] INFO  impl.RoleInfo (RoleInfo.java:shutdownLeaderElection(141)) - omNode-3: shutdown omNode-3@group-523986131536-LeaderElection48
2025-04-23 14:39:42,654 [omNode-3@group-523986131536-LeaderElection48] INFO  impl.RoleInfo (RoleInfo.java:updateAndGet(148)) - omNode-3: start omNode-3@group-523986131536-FollowerState
2025-04-23 14:39:42,654 [timer0] WARN  server.GrpcLogAppender (GrpcLogAppender.java:lambda$resetClient$1(221)) - omNode-1@group-523986131536->omNode-3-GrpcLogAppender: Follower failed (request=null, errorCount=372); keep nextIndex (226) unchanged and retry. (Repeated 2 times in the last 5.000s)
2025-04-23 14:39:42,656 [timer3] WARN  server.GrpcLogAppender (GrpcLogAppender.java:lambda$resetClient$1(221)) - omNode-1@group-523986131536->omNode-3-GrpcLogAppender: Follower failed (request=null, errorCount=374); keep nextIndex (227) unchanged and retry. (Repeated 2 times in the last 5.000s)
2025-04-23 14:39:42,662 [timer0] WARN  server.GrpcLogAppender (GrpcLogAppender.java:lambda$resetClient$1(221)) - omNode-1@group-523986131536->omNode-3-GrpcLogAppender: Follower failed (request=null, errorCount=376); keep nextIndex (228) unchanged and retry. (Repeated 2 times in the last 5.000s)
2025-04-23 14:39:42,664 [timer3] WARN  server.GrpcLogAppender (GrpcLogAppender.java:lambda$resetClient$1(221)) - omNode-1@group-523986131536->omNode-3-GrpcLogAppender: Follower failed (request=null, errorCount=378); keep nextIndex (229) unchanged and retry. (Repeated 2 times in the last 5.000s)
2025-04-23 14:39:42,668 [timer6] WARN  server.GrpcLogAppender (GrpcLogAppender.java:lambda$resetClient$1(221)) - omNode-1@group-523986131536->omNode-3-GrpcLogAppender: Follower failed (request=null, errorCount=380); keep nextIndex (230) unchanged and retry. (Repeated 2 times in the last 5.001s)
2025-04-23 14:39:42,668 [timer1] WARN  server.GrpcLogAppender (GrpcLogAppender.java:lambda$resetClient$1(221)) - omNode-1@group-523986131536->omNode-3-GrpcLogAppender: Follower failed (request=null, errorCount=382); keep nextIndex (231) unchanged and retry. (Repeated 2 times in the last 5.000s)
2025-04-23 14:39:42,676 [timer6] WARN  server.GrpcLogAppender (GrpcLogAppender.java:lambda$resetClient$1(221)) - omNode-1@group-523986131536->omNode-3-GrpcLogAppender: Follower failed (request=null, errorCount=384); keep nextIndex (232) unchanged and retry. (Repeated 2 times in the last 5.000s)
2025-04-23 14:39:42,679 [timer1] WARN  server.GrpcLogAppender (GrpcLogAppender.java:lambda$resetClient$1(221)) - omNode-1@group-523986131536->omNode-3-GrpcLogAppender: Follower failed (request=null, errorCount=386); keep nextIndex (233) unchanged and retry. (Repeated 2 times in the last 5.000s)
2025-04-23 14:39:42,683 [timer4] WARN  server.GrpcLogAppender (GrpcLogAppender.java:lambda$resetClient$1(221)) - omNode-1@group-523986131536->omNode-3-GrpcLogAppender: Follower failed (request=null, errorCount=388); keep nextIndex (234) unchanged and retry. (Repeated 2 times in the last 5.000s)
2025-04-23 14:39:42,684 [timer7] WARN  server.GrpcLogAppender (GrpcLogAppender.java:lambda$resetClient$1(221)) - omNode-1@group-523986131536->omNode-3-GrpcLogAppender: Follower failed (request=null, errorCount=390); keep nextIndex (235) unchanged and retry. (Repeated 2 times in the last 5.000s)
2025-04-23 14:39:42,693 [timer2] WARN  server.GrpcLogAppender (GrpcLogAppender.java:lambda$resetClient$1(221)) - omNode-1@group-523986131536->omNode-3-GrpcLogAppender: Follower failed (request=null, errorCount=392); keep nextIndex (236) unchanged and retry. (Repeated 2 times in the last 5.001s)
2025-04-23 14:39:42,694 [timer5] WARN  server.GrpcLogAppender (GrpcLogAppender.java:lambda$resetClient$1(221)) - omNode-1@group-523986131536->omNode-3-GrpcLogAppender: Follower failed (request=null, errorCount=394); keep nextIndex (237) unchanged and retry. (Repeated 2 times in the last 5.001s)
2025-04-23 14:39:42,698 [timer0] WARN  server.GrpcLogAppender (GrpcLogAppender.java:lambda$resetClient$1(221)) - omNode-1@group-523986131536->omNode-3-GrpcLogAppender: Follower failed (request=null, errorCount=396); keep nextIndex (238) unchanged and retry. (Repeated 2 times in the last 5.000s)
2025-04-23 14:39:42,700 [timer3] WARN  server.GrpcLogAppender (GrpcLogAppender.java:lambda$resetClient$1(221)) - omNode-1@group-523986131536->omNode-3-GrpcLogAppender: Follower failed (request=null, errorCount=398); keep nextIndex (239) unchanged and retry. (Repeated 2 times in the last 5.000s)
2025-04-23 14:39:42,707 [timer0] WARN  server.GrpcLogAppender (GrpcLogAppender.java:lambda$resetClient$1(221)) - omNode-1@group-523986131536->omNode-3-GrpcLogAppender: Follower failed (request=null, errorCount=400); keep nextIndex (240) unchanged and retry. (Repeated 2 times in the last 5.000s)
2025-04-23 14:39:42,709 [timer3] WARN  server.GrpcLogAppender (GrpcLogAppender.java:lambda$resetClient$1(221)) - omNode-1@group-523986131536->omNode-3-GrpcLogAppender: Follower failed (request=null, errorCount=402); keep nextIndex (241) unchanged and retry. (Repeated 2 times in the last 5.000s)
2025-04-23 14:39:42,714 [timer6] WARN  server.GrpcLogAppender (GrpcLogAppender.java:lambda$resetClient$1(221)) - omNode-1@group-523986131536->omNode-3-GrpcLogAppender: Follower failed (request=null, errorCount=404); keep nextIndex (242) unchanged and retry. (Repeated 2 times in the last 5.000s)
2025-04-23 14:39:42,717 [timer1] WARN  server.GrpcLogAppender (GrpcLogAppender.java:lambda$resetClient$1(221)) - omNode-1@group-523986131536->omNode-3-GrpcLogAppender: Follower failed (request=null, errorCount=406); keep nextIndex (243) unchanged and retry. (Repeated 2 times in the last 5.000s)
2025-04-23 14:39:42,726 [timer5] WARN  server.GrpcLogAppender (GrpcLogAppender.java:lambda$resetClient$1(221)) - omNode-1@group-523986131536->omNode-3-GrpcLogAppender: Follower failed (request=null, errorCount=408); keep nextIndex (244) unchanged and retry. (Repeated 2 times in the last 5.001s)
2025-04-23 14:39:42,729 [timer1] WARN  server.GrpcLogAppender (GrpcLogAppender.java:lambda$resetClient$1(221)) - omNode-1@group-523986131536->omNode-3-GrpcLogAppender: Follower failed (request=null, errorCount=410); keep nextIndex (245) unchanged and retry. (Repeated 2 times in the last 5.000s)
2025-04-23 14:39:42,737 [timer4] WARN  server.GrpcLogAppender (GrpcLogAppender.java:lambda$resetClient$1(221)) - omNode-1@group-523986131536->omNode-3-GrpcLogAppender: Follower failed (request=null, errorCount=412); keep nextIndex (246) unchanged and retry. (Repeated 2 times in the last 5.001s)
2025-04-23 14:39:42,739 [timer7] WARN  server.GrpcLogAppender (GrpcLogAppender.java:lambda$resetClient$1(221)) - omNode-1@group-523986131536->omNode-3-GrpcLogAppender: Follower failed (request=null, errorCount=414); keep nextIndex (247) unchanged and retry. (Repeated 2 times in the last 5.000s)
2025-04-23 14:39:42,754 [timer4] WARN  server.GrpcLogAppender (GrpcLogAppender.java:lambda$resetClient$1(221)) - omNode-1@group-523986131536->omNode-3-GrpcLogAppender: Follower failed (request=null, errorCount=416); keep nextIndex (248) unchanged and retry. (Repeated 2 times in the last 5.000s)
2025-04-23 14:39:42,757 [timer6] WARN  server.GrpcLogAppender (GrpcLogAppender.java:lambda$resetClient$1(221)) - omNode-1@group-523986131536->omNode-3-GrpcLogAppender: Follower failed (request=null, errorCount=418); keep nextIndex (249) unchanged and retry. (Repeated 2 times in the last 5.000s)
2025-04-23 14:39:42,762 [timer1] WARN  server.GrpcLogAppender (GrpcLogAppender.java:lambda$resetClient$1(221)) - omNode-1@group-523986131536->omNode-3-GrpcLogAppender: Follower failed (request=null, errorCount=420); keep nextIndex (250) unchanged and retry. (Repeated 2 times in the last 4.999s)
2025-04-23 14:39:42,764 [timer3] WARN  server.GrpcLogAppender (GrpcLogAppender.java:lambda$resetClient$1(221)) - omNode-1@group-523986131536->omNode-3-GrpcLogAppender: Follower failed (request=null, errorCount=422); keep nextIndex (251) unchanged and retry. (Repeated 2 times in the last 5.000s)
2025-04-23 14:39:42,776 [timer1] WARN  server.GrpcLogAppender (GrpcLogAppender.java:lambda$resetClient$1(221)) - omNode-1@group-523986131536->omNode-3-GrpcLogAppender: Follower failed (request=null, errorCount=424); keep nextIndex (252) unchanged and retry. (Repeated 2 times in the last 5.000s)
2025-04-23 14:39:42,778 [timer4] WARN  server.GrpcLogAppender (GrpcLogAppender.java:lambda$resetClient$1(221)) - omNode-1@group-523986131536->omNode-3-GrpcLogAppender: Follower failed (request=null, errorCount=426); keep nextIndex (253) unchanged and retry. (Repeated 2 times in the last 5.000s)
2025-04-23 14:39:42,784 [timer7] WARN  server.GrpcLogAppender (GrpcLogAppender.java:lambda$resetClient$1(221)) - omNode-1@group-523986131536->omNode-3-GrpcLogAppender: Follower failed (request=null, errorCount=428); keep nextIndex (254) unchanged and retry. (Repeated 2 times in the last 5.000s)
2025-04-23 14:39:42,786 [timer2] WARN  server.GrpcLogAppender (GrpcLogAppender.java:lambda$resetClient$1(221)) - omNode-1@group-523986131536->omNode-3-GrpcLogAppender: Follower failed (request=null, errorCount=430); keep nextIndex (255) unchanged and retry. (Repeated 2 times in the last 5.001s)
2025-04-23 14:39:42,799 [timer7] WARN  server.GrpcLogAppender (GrpcLogAppender.java:lambda$resetClient$1(221)) - omNode-1@group-523986131536->omNode-3-GrpcLogAppender: Follower failed (request=null, errorCount=432); keep nextIndex (256) unchanged and retry. (Repeated 2 times in the last 5.001s)
2025-04-23 14:39:42,801 [timer2] WARN  server.GrpcLogAppender (GrpcLogAppender.java:lambda$resetClient$1(221)) - omNode-1@group-523986131536->omNode-3-GrpcLogAppender: Follower failed (request=null, errorCount=434); keep nextIndex (257) unchanged and retry. (Repeated 2 times in the last 5.000s)
2025-04-23 14:39:42,818 [timer3] WARN  server.GrpcLogAppender (GrpcLogAppender.java:lambda$resetClient$1(221)) - omNode-1@group-523986131536->omNode-3-GrpcLogAppender: Follower failed (request=null, errorCount=436); keep nextIndex (258) unchanged and retry. (Repeated 2 times in the last 5.001s)
2025-04-23 14:39:42,821 [timer7] WARN  server.GrpcLogAppender (GrpcLogAppender.java:lambda$resetClient$1(221)) - omNode-1@group-523986131536->omNode-3-GrpcLogAppender: Follower failed (request=null, errorCount=438); keep nextIndex (259) unchanged and retry. (Repeated 2 times in the last 5.002s)
2025-04-23 14:39:42,831 [timer2] WARN  server.GrpcLogAppender (GrpcLogAppender.java:lambda$resetClient$1(221)) - omNode-1@group-523986131536->omNode-3-GrpcLogAppender: Follower failed (request=null, errorCount=440); keep nextIndex (260) unchanged and retry. (Repeated 2 times in the last 5.000s)
2025-04-23 14:39:42,833 [timer5] WARN  server.GrpcLogAppender (GrpcLogAppender.java:lambda$resetClient$1(221)) - omNode-1@group-523986131536->omNode-3-GrpcLogAppender: Follower failed (request=null, errorCount=442); keep nextIndex (261) unchanged and retry. (Repeated 2 times in the last 5.001s)
2025-04-23 14:39:42,839 [timer0] WARN  server.GrpcLogAppender (GrpcLogAppender.java:lambda$resetClient$1(221)) - omNode-1@group-523986131536->omNode-3-GrpcLogAppender: Follower failed (request=null, errorCount=444); keep nextIndex (262) unchanged and retry. (Repeated 2 times in the last 5.001s)
2025-04-23 14:39:42,839 [timer3] WARN  server.GrpcLogAppender (GrpcLogAppender.java:lambda$resetClient$1(221)) - omNode-1@group-523986131536->omNode-3-GrpcLogAppender: Follower failed (request=null, errorCount=446); keep nextIndex (263) unchanged and retry. (Repeated 2 times in the last 5.000s)
2025-04-23 14:39:42,849 [timer7] WARN  server.GrpcLogAppender (GrpcLogAppender.java:lambda$resetClient$1(221)) - omNode-1@group-523986131536->omNode-3-GrpcLogAppender: Follower failed (request=null, errorCount=448); keep nextIndex (264) unchanged and retry. (Repeated 2 times in the last 5.001s)
2025-04-23 14:39:42,850 [timer2] WARN  server.GrpcLogAppender (GrpcLogAppender.java:lambda$resetClient$1(221)) - omNode-1@group-523986131536->omNode-3-GrpcLogAppender: Follower failed (request=null, errorCount=450); keep nextIndex (265) unchanged and retry. (Repeated 2 times in the last 5.000s)
2025-04-23 14:39:42,855 [timer5] WARN  server.GrpcLogAppender (GrpcLogAppender.java:lambda$resetClient$1(221)) - omNode-1@group-523986131536->omNode-3-GrpcLogAppender: Follower failed (request=null, errorCount=452); keep nextIndex (266) unchanged and retry. (Repeated 2 times in the last 5.000s)
2025-04-23 14:39:42,858 [timer0] WARN  server.GrpcLogAppender (GrpcLogAppender.java:lambda$resetClient$1(221)) - omNode-1@group-523986131536->omNode-3-GrpcLogAppender: Follower failed (request=null, errorCount=456); keep nextIndex (267) unchanged and retry. (Repeated 4 times in the last 5.000s)
2025-04-23 14:39:42,871 [timer5] WARN  server.GrpcLogAppender (GrpcLogAppender.java:lambda$resetClient$1(221)) - omNode-1@group-523986131536->omNode-3-GrpcLogAppender: Follower failed (request=null, errorCount=458); keep nextIndex (268) unchanged and retry. (Repeated 2 times in the last 5.001s)
2025-04-23 14:39:42,876 [timer1] WARN  server.GrpcLogAppender (GrpcLogAppender.java:lambda$resetClient$1(221)) - omNode-1@group-523986131536->omNode-3-GrpcLogAppender: Follower failed (request=null, errorCount=460); keep nextIndex (270) unchanged and retry. (Repeated 2 times in the last 5.000s)
2025-04-23 14:39:42,878 [timer3] WARN  server.GrpcLogAppender (GrpcLogAppender.java:lambda$resetClient$1(221)) - omNode-1@group-523986131536->omNode-3-GrpcLogAppender: Follower failed (request=null, errorCount=462); keep nextIndex (271) unchanged and retry. (Repeated 2 times in the last 5.000s)
2025-04-23 14:39:42,888 [timer1] WARN  server.GrpcLogAppender (GrpcLogAppender.java:lambda$resetClient$1(221)) - omNode-1@group-523986131536->omNode-3-GrpcLogAppender: Follower failed (request=null, errorCount=464); keep nextIndex (272) unchanged and retry. (Repeated 2 times in the last 5.001s)
2025-04-23 14:39:42,890 [timer4] WARN  server.GrpcLogAppender (GrpcLogAppender.java:lambda$resetClient$1(221)) - omNode-1@group-523986131536->omNode-3-GrpcLogAppender: Follower failed (request=null, errorCount=466); keep nextIndex (273) unchanged and retry. (Repeated 2 times in the last 5.000s)
2025-04-23 14:39:42,894 [timer7] WARN  server.GrpcLogAppender (GrpcLogAppender.java:lambda$resetClient$1(221)) - omNode-1@group-523986131536->omNode-3-GrpcLogAppender: Follower failed (request=null, errorCount=468); keep nextIndex (274) unchanged and retry. (Repeated 2 times in the last 5.000s)
2025-04-23 14:39:42,895 [timer2] WARN  server.GrpcLogAppender (GrpcLogAppender.java:lambda$resetClient$1(221)) - omNode-1@group-523986131536->omNode-3-GrpcLogAppender: Follower failed (request=null, errorCount=470); keep nextIndex (275) unchanged and retry. (Repeated 2 times in the last 5.000s)
2025-04-23 14:39:42,903 [timer6] WARN  server.GrpcLogAppender (GrpcLogAppender.java:lambda$resetClient$1(221)) - omNode-1@group-523986131536->omNode-3-GrpcLogAppender: Follower failed (request=null, errorCount=472); keep nextIndex (276) unchanged and retry. (Repeated 2 times in the last 5.000s)
2025-04-23 14:39:42,907 [timer1] WARN  server.GrpcLogAppender (GrpcLogAppender.java:lambda$resetClient$1(221)) - omNode-1@group-523986131536->omNode-3-GrpcLogAppender: Follower failed (request=null, errorCount=474); keep nextIndex (277) unchanged and retry. (Repeated 2 times in the last 5.001s)
2025-04-23 14:39:42,909 [timer4] WARN  server.GrpcLogAppender (GrpcLogAppender.java:lambda$resetClient$1(221)) - omNode-1@group-523986131536->omNode-3-GrpcLogAppender: Follower failed (request=null, errorCount=476); keep nextIndex (278) unchanged and retry. (Repeated 2 times in the last 5.000s)
2025-04-23 14:39:42,911 [timer7] WARN  server.GrpcLogAppender (GrpcLogAppender.java:lambda$resetClient$1(221)) - omNode-1@group-523986131536->omNode-3-GrpcLogAppender: Follower failed (request=null, errorCount=478); keep nextIndex (279) unchanged and retry. (Repeated 2 times in the last 5.000s)
2025-04-23 14:39:42,919 [timer3] WARN  server.GrpcLogAppender (GrpcLogAppender.java:lambda$resetClient$1(221)) - omNode-1@group-523986131536->omNode-3-GrpcLogAppender: Follower failed (request=null, errorCount=480); keep nextIndex (280) unchanged and retry. (Repeated 2 times in the last 5.000s)
2025-04-23 14:39:42,921 [timer5] WARN  server.GrpcLogAppender (GrpcLogAppender.java:lambda$resetClient$1(221)) - omNode-1@group-523986131536->omNode-3-GrpcLogAppender: Follower failed (request=null, errorCount=482); keep nextIndex (281) unchanged and retry. (Repeated 2 times in the last 5.000s)
2025-04-23 14:39:42,927 [timer1] WARN  server.GrpcLogAppender (GrpcLogAppender.java:lambda$resetClient$1(221)) - omNode-1@group-523986131536->omNode-3-GrpcLogAppender: Follower failed (request=null, errorCount=484); keep nextIndex (282) unchanged and retry. (Repeated 2 times in the last 5.000s)
2025-04-23 14:39:42,929 [timer4] WARN  server.GrpcLogAppender (GrpcLogAppender.java:lambda$resetClient$1(221)) - omNode-1@group-523986131536->omNode-3-GrpcLogAppender: Follower failed (request=null, errorCount=486); keep nextIndex (283) unchanged and retry. (Repeated 2 times in the last 5.001s)
2025-04-23 14:39:42,937 [timer1] WARN  server.GrpcLogAppender (GrpcLogAppender.java:lambda$resetClient$1(221)) - omNode-1@group-523986131536->omNode-3-GrpcLogAppender: Follower failed (request=null, errorCount=488); keep nextIndex (284) unchanged and retry. (Repeated 2 times in the last 5.000s)
2025-04-23 14:39:42,942 [timer4] WARN  server.GrpcLogAppender (GrpcLogAppender.java:lambda$resetClient$1(221)) - omNode-1@group-523986131536->omNode-3-GrpcLogAppender: Follower failed (request=null, errorCount=490); keep nextIndex (285) unchanged and retry. (Repeated 2 times in the last 5.001s)
2025-04-23 14:39:42,945 [timer7] WARN  server.GrpcLogAppender (GrpcLogAppender.java:lambda$resetClient$1(221)) - omNode-1@group-523986131536->omNode-3-GrpcLogAppender: Follower failed (request=null, errorCount=492); keep nextIndex (286) unchanged and retry. (Repeated 2 times in the last 5.000s)
2025-04-23 14:39:42,949 [timer4] WARN  server.GrpcLogAppender (GrpcLogAppender.java:lambda$resetClient$1(221)) - omNode-1@group-523986131536->omNode-3-GrpcLogAppender: Follower failed (request=null, errorCount=494); keep nextIndex (287) unchanged and retry. (Repeated 2 times in the last 5.000s)
2025-04-23 14:39:42,955 [timer6] WARN  server.GrpcLogAppender (GrpcLogAppender.java:lambda$resetClient$1(221)) - omNode-1@group-523986131536->omNode-3-GrpcLogAppender: Follower failed (request=null, errorCount=496); keep nextIndex (288) unchanged and retry. (Repeated 2 times in the last 5.001s)
2025-04-23 14:39:42,956 [timer1] WARN  server.GrpcLogAppender (GrpcLogAppender.java:lambda$resetClient$1(221)) - omNode-1@group-523986131536->omNode-3-GrpcLogAppender: Follower failed (request=null, errorCount=498); keep nextIndex (289) unchanged and retry. (Repeated 2 times in the last 5.000s)
2025-04-23 14:39:42,961 [timer4] WARN  server.GrpcLogAppender (GrpcLogAppender.java:lambda$resetClient$1(221)) - omNode-1@group-523986131536->omNode-3-GrpcLogAppender: Follower failed (request=null, errorCount=500); keep nextIndex (290) unchanged and retry. (Repeated 2 times in the last 5.000s)
2025-04-23 14:39:42,962 [timer7] WARN  server.GrpcLogAppender (GrpcLogAppender.java:lambda$resetClient$1(221)) - omNode-1@group-523986131536->omNode-3-GrpcLogAppender: Follower failed (request=null, errorCount=502); keep nextIndex (291) unchanged and retry. (Repeated 2 times in the last 5.000s)
2025-04-23 14:39:42,972 [timer4] WARN  server.GrpcLogAppender (GrpcLogAppender.java:lambda$resetClient$1(221)) - omNode-1@group-523986131536->omNode-3-GrpcLogAppender: Follower failed (request=null, errorCount=504); keep nextIndex (292) unchanged and retry. (Repeated 2 times in the last 5.001s)
2025-04-23 14:39:42,973 [timer7] WARN  server.GrpcLogAppender (GrpcLogAppender.java:lambda$resetClient$1(221)) - omNode-1@group-523986131536->omNode-3-GrpcLogAppender: Follower failed (request=null, errorCount=506); keep nextIndex (293) unchanged and retry. (Repeated 2 times in the last 5.000s)
2025-04-23 14:39:42,979 [timer1] WARN  server.GrpcLogAppender (GrpcLogAppender.java:lambda$resetClient$1(221)) - omNode-1@group-523986131536->omNode-3-GrpcLogAppender: Follower failed (request=null, errorCount=508); keep nextIndex (294) unchanged and retry. (Repeated 2 times in the last 5.000s)
2025-04-23 14:39:42,982 [timer4] WARN  server.GrpcLogAppender (GrpcLogAppender.java:lambda$resetClient$1(221)) - omNode-1@group-523986131536->omNode-3-GrpcLogAppender: Follower failed (request=null, errorCount=510); keep nextIndex (295) unchanged and retry. (Repeated 2 times in the last 5.000s)
2025-04-23 14:39:42,988 [timer1] WARN  server.GrpcLogAppender (GrpcLogAppender.java:lambda$resetClient$1(221)) - omNode-1@group-523986131536->omNode-3-GrpcLogAppender: Follower failed (request=null, errorCount=512); keep nextIndex (296) unchanged and retry. (Repeated 2 times in the last 5.000s)
2025-04-23 14:39:42,990 [timer3] WARN  server.GrpcLogAppender (GrpcLogAppender.java:lambda$resetClient$1(221)) - omNode-1@group-523986131536->omNode-3-GrpcLogAppender: Follower failed (request=null, errorCount=514); keep nextIndex (297) unchanged and retry. (Repeated 2 times in the last 5.000s)
2025-04-23 14:39:42,996 [timer7] WARN  server.GrpcLogAppender (GrpcLogAppender.java:lambda$resetClient$1(221)) - omNode-1@group-523986131536->omNode-3-GrpcLogAppender: Follower failed (request=null, errorCount=516); keep nextIndex (298) unchanged and retry. (Repeated 2 times in the last 5.000s)
2025-04-23 14:39:42,998 [timer2] WARN  server.GrpcLogAppender (GrpcLogAppender.java:lambda$resetClient$1(221)) - omNode-1@group-523986131536->omNode-3-GrpcLogAppender: Follower failed (request=null, errorCount=518); keep nextIndex (299) unchanged and retry. (Repeated 2 times in the last 5.000s)
2025-04-23 14:39:43,006 [timer7] WARN  server.GrpcLogAppender (GrpcLogAppender.java:lambda$resetClient$1(221)) - omNode-1@group-523986131536->omNode-3-GrpcLogAppender: Follower failed (request=null, errorCount=520); keep nextIndex (300) unchanged and retry. (Repeated 2 times in the last 5.001s)
2025-04-23 14:39:43,007 [timer2] WARN  server.GrpcLogAppender (GrpcLogAppender.java:lambda$resetClient$1(221)) - omNode-1@group-523986131536->omNode-3-GrpcLogAppender: Follower failed (request=null, errorCount=522); keep nextIndex (301) unchanged and retry. (Repeated 2 times in the last 5.001s)
2025-04-23 14:39:43,010 [timer5] WARN  server.GrpcLogAppender (GrpcLogAppender.java:lambda$resetClient$1(221)) - omNode-1@group-523986131536->omNode-3-GrpcLogAppender: Follower failed (request=null, errorCount=524); keep nextIndex (302) unchanged and retry. (Repeated 2 times in the last 5.001s)
2025-04-23 14:39:43,012 [timer0] WARN  server.GrpcLogAppender (GrpcLogAppender.java:lambda$resetClient$1(221)) - omNode-1@group-523986131536->omNode-3-GrpcLogAppender: Follower failed (request=null, errorCount=526); keep nextIndex (303) unchanged and retry. (Repeated 2 times in the last 5.000s)
2025-04-23 14:39:43,020 [timer5] WARN  server.GrpcLogAppender (GrpcLogAppender.java:lambda$resetClient$1(221)) - omNode-1@group-523986131536->omNode-3-GrpcLogAppender: Follower failed (request=null, errorCount=528); keep nextIndex (304) unchanged and retry. (Repeated 2 times in the last 5.000s)
2025-04-23 14:39:43,022 [timer0] WARN  server.GrpcLogAppender (GrpcLogAppender.java:lambda$resetClient$1(221)) - omNode-1@group-523986131536->omNode-3-GrpcLogAppender: Follower failed (request=null, errorCount=530); keep nextIndex (305) unchanged and retry. (Repeated 2 times in the last 5.000s)
2025-04-23 14:39:43,038 [timer3] WARN  server.GrpcLogAppender (GrpcLogAppender.java:lambda$resetClient$1(221)) - omNode-1@group-523986131536->omNode-3-GrpcLogAppender: Follower failed (request=null, errorCount=532); keep nextIndex (306) unchanged and retry. (Repeated 2 times in the last 5.000s)
2025-04-23 14:39:43,041 [timer6] WARN  server.GrpcLogAppender (GrpcLogAppender.java:lambda$resetClient$1(221)) - omNode-1@group-523986131536->omNode-3-GrpcLogAppender: Follower failed (request=null, errorCount=534); keep nextIndex (307) unchanged and retry. (Repeated 2 times in the last 5.001s)
2025-04-23 14:39:43,049 [timer3] WARN  server.GrpcLogAppender (GrpcLogAppender.java:lambda$resetClient$1(221)) - omNode-1@group-523986131536->omNode-3-GrpcLogAppender: Follower failed (request=null, errorCount=536); keep nextIndex (308) unchanged and retry. (Repeated 2 times in the last 5.001s)
2025-04-23 14:39:43,051 [timer6] WARN  server.GrpcLogAppender (GrpcLogAppender.java:lambda$resetClient$1(221)) - omNode-1@group-523986131536->omNode-3-GrpcLogAppender: Follower failed (request=null, errorCount=538); keep nextIndex (309) unchanged and retry. (Repeated 2 times in the last 5.000s)
2025-04-23 14:39:43,056 [timer1] WARN  server.GrpcLogAppender (GrpcLogAppender.java:lambda$resetClient$1(221)) - omNode-1@group-523986131536->omNode-3-GrpcLogAppender: Follower failed (request=null, errorCount=540); keep nextIndex (310) unchanged and retry. (Repeated 2 times in the last 5.000s)
2025-04-23 14:39:43,059 [timer3] WARN  server.GrpcLogAppender (GrpcLogAppender.java:lambda$resetClient$1(221)) - omNode-1@group-523986131536->omNode-3-GrpcLogAppender: Follower failed (request=null, errorCount=542); keep nextIndex (311) unchanged and retry. (Repeated 2 times in the last 5.001s)
2025-04-23 14:39:43,068 [timer1] WARN  server.GrpcLogAppender (GrpcLogAppender.java:lambda$resetClient$1(221)) - omNode-1@group-523986131536->omNode-3-GrpcLogAppender: Follower failed (request=null, errorCount=544); keep nextIndex (312) unchanged and retry. (Repeated 2 times in the last 5.001s)
2025-04-23 14:39:43,069 [timer4] WARN  server.GrpcLogAppender (GrpcLogAppender.java:lambda$resetClient$1(221)) - omNode-1@group-523986131536->omNode-3-GrpcLogAppender: Follower failed (request=null, errorCount=546); keep nextIndex (313) unchanged and retry. (Repeated 2 times in the last 5.000s)
2025-04-23 14:39:43,074 [timer7] WARN  server.GrpcLogAppender (GrpcLogAppender.java:lambda$resetClient$1(221)) - omNode-1@group-523986131536->omNode-3-GrpcLogAppender: Follower failed (request=null, errorCount=548); keep nextIndex (314) unchanged and retry. (Repeated 2 times in the last 5.000s)
2025-04-23 14:39:43,077 [timer3] WARN  server.GrpcLogAppender (GrpcLogAppender.java:lambda$resetClient$1(221)) - omNode-1@group-523986131536->omNode-3-GrpcLogAppender: Follower failed (request=null, errorCount=550); keep nextIndex (315) unchanged and retry. (Repeated 2 times in the last 5.001s)
2025-04-23 14:39:43,084 [timer7] WARN  server.GrpcLogAppender (GrpcLogAppender.java:lambda$resetClient$1(221)) - omNode-1@group-523986131536->omNode-3-GrpcLogAppender: Follower failed (request=null, errorCount=552); keep nextIndex (316) unchanged and retry. (Repeated 2 times in the last 5.000s)
2025-04-23 14:39:43,086 [timer2] WARN  server.GrpcLogAppender (GrpcLogAppender.java:lambda$resetClient$1(221)) - omNode-1@group-523986131536->omNode-3-GrpcLogAppender: Follower failed (request=null, errorCount=554); keep nextIndex (317) unchanged and retry. (Repeated 2 times in the last 5.001s)
2025-04-23 14:39:43,090 [timer4] WARN  server.GrpcLogAppender (GrpcLogAppender.java:lambda$resetClient$1(221)) - omNode-1@group-523986131536->omNode-3-GrpcLogAppender: Follower failed (request=null, errorCount=556); keep nextIndex (318) unchanged and retry. (Repeated 2 times in the last 5.001s)
2025-04-23 14:39:43,091 [timer7] WARN  server.GrpcLogAppender (GrpcLogAppender.java:lambda$resetClient$1(221)) - omNode-1@group-523986131536->omNode-3-GrpcLogAppender: Follower failed (request=null, errorCount=558); keep nextIndex (319) unchanged and retry. (Repeated 2 times in the last 5.000s)
2025-04-23 14:39:43,100 [timer4] WARN  server.GrpcLogAppender (GrpcLogAppender.java:lambda$resetClient$1(221)) - omNode-1@group-523986131536->omNode-3-GrpcLogAppender: Follower failed (request=null, errorCount=560); keep nextIndex (320) unchanged and retry. (Repeated 2 times in the last 5.001s)
2025-04-23 14:39:43,102 [timer6] WARN  server.GrpcLogAppender (GrpcLogAppender.java:lambda$resetClient$1(221)) - omNode-1@group-523986131536->omNode-3-GrpcLogAppender: Follower failed (request=null, errorCount=562); keep nextIndex (321) unchanged and retry. (Repeated 2 times in the last 5.000s)
2025-04-23 14:39:43,106 [timer2] WARN  server.GrpcLogAppender (GrpcLogAppender.java:lambda$resetClient$1(221)) - omNode-1@group-523986131536->omNode-3-GrpcLogAppender: Follower failed (request=null, errorCount=564); keep nextIndex (322) unchanged and retry. (Repeated 2 times in the last 4.999s)
2025-04-23 14:39:43,108 [timer5] WARN  server.GrpcLogAppender (GrpcLogAppender.java:lambda$resetClient$1(221)) - omNode-1@group-523986131536->omNode-3-GrpcLogAppender: Follower failed (request=null, errorCount=566); keep nextIndex (323) unchanged and retry. (Repeated 2 times in the last 5.000s)
2025-04-23 14:39:43,117 [timer2] WARN  server.GrpcLogAppender (GrpcLogAppender.java:lambda$resetClient$1(221)) - omNode-1@group-523986131536->omNode-3-GrpcLogAppender: Follower failed (request=null, errorCount=568); keep nextIndex (324) unchanged and retry. (Repeated 2 times in the last 5.000s)
2025-04-23 14:39:43,119 [timer5] WARN  server.GrpcLogAppender (GrpcLogAppender.java:lambda$resetClient$1(221)) - omNode-1@group-523986131536->omNode-3-GrpcLogAppender: Follower failed (request=null, errorCount=572); keep nextIndex (325) unchanged and retry. (Repeated 4 times in the last 5.000s)
2025-04-23 14:39:43,125 [timer1] WARN  server.GrpcLogAppender (GrpcLogAppender.java:lambda$resetClient$1(221)) - omNode-1@group-523986131536->omNode-3-GrpcLogAppender: Follower failed (request=null, errorCount=574); keep nextIndex (326) unchanged and retry. (Repeated 2 times in the last 5.000s)
2025-04-23 14:39:43,128 [timer4] WARN  server.GrpcLogAppender (GrpcLogAppender.java:lambda$resetClient$1(221)) - omNode-1@group-523986131536->omNode-3-GrpcLogAppender: Follower failed (request=null, errorCount=576); keep nextIndex (327) unchanged and retry. (Repeated 2 times in the last 5.001s)
2025-04-23 14:39:43,137 [timer1] WARN  server.GrpcLogAppender (GrpcLogAppender.java:lambda$resetClient$1(221)) - omNode-1@group-523986131536->omNode-3-GrpcLogAppender: Follower failed (request=null, errorCount=578); keep nextIndex (328) unchanged and retry. (Repeated 2 times in the last 5.000s)
2025-04-23 14:39:43,138 [timer4] WARN  server.GrpcLogAppender (GrpcLogAppender.java:lambda$resetClient$1(221)) - omNode-1@group-523986131536->omNode-3-GrpcLogAppender: Follower failed (request=null, errorCount=580); keep nextIndex (329) unchanged and retry. (Repeated 2 times in the last 5.000s)
2025-04-23 14:39:43,145 [timer7] WARN  server.GrpcLogAppender (GrpcLogAppender.java:lambda$resetClient$1(221)) - omNode-1@group-523986131536->omNode-3-GrpcLogAppender: Follower failed (request=null, errorCount=582); keep nextIndex (330) unchanged and retry. (Repeated 2 times in the last 5.000s)
2025-04-23 14:39:43,147 [timer1] WARN  server.GrpcLogAppender (GrpcLogAppender.java:lambda$resetClient$1(221)) - omNode-1@group-523986131536->omNode-3-GrpcLogAppender: Follower failed (request=null, errorCount=584); keep nextIndex (331) unchanged and retry. (Repeated 2 times in the last 5.000s)
2025-04-23 14:39:43,155 [timer6] WARN  server.GrpcLogAppender (GrpcLogAppender.java:lambda$resetClient$1(221)) - omNode-1@group-523986131536->omNode-3-GrpcLogAppender: Follower failed (request=null, errorCount=586); keep nextIndex (332) unchanged and retry. (Repeated 2 times in the last 5.000s)
2025-04-23 14:39:43,158 [timer0] WARN  server.GrpcLogAppender (GrpcLogAppender.java:lambda$resetClient$1(221)) - omNode-1@group-523986131536->omNode-3-GrpcLogAppender: Follower failed (request=null, errorCount=588); keep nextIndex (333) unchanged and retry. (Repeated 2 times in the last 5.001s)
2025-04-23 14:39:43,163 [timer2] WARN  server.GrpcLogAppender (GrpcLogAppender.java:lambda$resetClient$1(221)) - omNode-1@group-523986131536->omNode-3-GrpcLogAppender: Follower failed (request=null, errorCount=590); keep nextIndex (334) unchanged and retry. (Repeated 2 times in the last 5.000s)
2025-04-23 14:39:43,165 [timer4] WARN  server.GrpcLogAppender (GrpcLogAppender.java:lambda$resetClient$1(221)) - omNode-1@group-523986131536->omNode-3-GrpcLogAppender: Follower failed (request=null, errorCount=592); keep nextIndex (335) unchanged and retry. (Repeated 2 times in the last 5.000s)
2025-04-23 14:39:43,174 [timer1] WARN  server.GrpcLogAppender (GrpcLogAppender.java:lambda$resetClient$1(221)) - omNode-1@group-523986131536->omNode-3-GrpcLogAppender: Follower failed (request=null, errorCount=594); keep nextIndex (336) unchanged and retry. (Repeated 2 times in the last 5.000s)
2025-04-23 14:39:43,175 [timer4] WARN  server.GrpcLogAppender (GrpcLogAppender.java:lambda$resetClient$1(221)) - omNode-1@group-523986131536->omNode-3-GrpcLogAppender: Follower failed (request=null, errorCount=596); keep nextIndex (337) unchanged and retry. (Repeated 2 times in the last 5.000s)
2025-04-23 14:39:43,180 [timer7] WARN  server.GrpcLogAppender (GrpcLogAppender.java:lambda$resetClient$1(221)) - omNode-1@group-523986131536->omNode-3-GrpcLogAppender: Follower failed (request=null, errorCount=598); keep nextIndex (338) unchanged and retry. (Repeated 2 times in the last 5.001s)
2025-04-23 14:39:43,183 [timer2] WARN  server.GrpcLogAppender (GrpcLogAppender.java:lambda$resetClient$1(221)) - omNode-1@group-523986131536->omNode-3-GrpcLogAppender: Follower failed (request=null, errorCount=600); keep nextIndex (339) unchanged and retry. (Repeated 2 times in the last 5.000s)
2025-04-23 14:39:43,192 [timer7] WARN  server.GrpcLogAppender (GrpcLogAppender.java:lambda$resetClient$1(221)) - omNode-1@group-523986131536->omNode-3-GrpcLogAppender: Follower failed (request=null, errorCount=602); keep nextIndex (340) unchanged and retry. (Repeated 2 times in the last 5.001s)
2025-04-23 14:39:43,194 [timer2] WARN  server.GrpcLogAppender (GrpcLogAppender.java:lambda$resetClient$1(221)) - omNode-1@group-523986131536->omNode-3-GrpcLogAppender: Follower failed (request=null, errorCount=604); keep nextIndex (341) unchanged and retry. (Repeated 2 times in the last 5.001s)
2025-04-23 14:39:43,200 [timer5] WARN  server.GrpcLogAppender (GrpcLogAppender.java:lambda$resetClient$1(221)) - omNode-1@group-523986131536->omNode-3-GrpcLogAppender: Follower failed (request=null, errorCount=606); keep nextIndex (342) unchanged and retry. (Repeated 2 times in the last 5.000s)
2025-04-23 14:39:43,203 [timer0] WARN  server.GrpcLogAppender (GrpcLogAppender.java:lambda$resetClient$1(221)) - omNode-1@group-523986131536->omNode-3-GrpcLogAppender: Follower failed (request=null, errorCount=608); keep nextIndex (343) unchanged and retry. (Repeated 2 times in the last 5.000s)
2025-04-23 14:39:43,213 [timer5] WARN  server.GrpcLogAppender (GrpcLogAppender.java:lambda$resetClient$1(221)) - omNode-1@group-523986131536->omNode-3-GrpcLogAppender: Follower failed (request=null, errorCount=610); keep nextIndex (344) unchanged and retry. (Repeated 2 times in the last 5.000s)
2025-04-23 14:39:43,224 [timer0] WARN  server.GrpcLogAppender (GrpcLogAppender.java:lambda$resetClient$1(221)) - omNode-1@group-523986131536->omNode-3-GrpcLogAppender: Follower failed (request=null, errorCount=612); keep nextIndex (345) unchanged and retry. (Repeated 2 times in the last 5.000s)
2025-04-23 14:39:43,230 [timer3] WARN  server.GrpcLogAppender (GrpcLogAppender.java:lambda$resetClient$1(221)) - omNode-1@group-523986131536->omNode-3-GrpcLogAppender: Follower failed (request=null, errorCount=614); keep nextIndex (346) unchanged and retry. (Repeated 2 times in the last 5.000s)
2025-04-23 14:39:43,231 [timer6] WARN  server.GrpcLogAppender (GrpcLogAppender.java:lambda$resetClient$1(221)) - omNode-1@group-523986131536->omNode-3-GrpcLogAppender: Follower failed (request=null, errorCount=616); keep nextIndex (347) unchanged and retry. (Repeated 2 times in the last 5.000s)
2025-04-23 14:39:43,241 [timer3] WARN  server.GrpcLogAppender (GrpcLogAppender.java:lambda$resetClient$1(221)) - omNode-1@group-523986131536->omNode-3-GrpcLogAppender: Follower failed (request=null, errorCount=618); keep nextIndex (348) unchanged and retry. (Repeated 2 times in the last 5.000s)
2025-04-23 14:39:43,243 [timer6] WARN  server.GrpcLogAppender (GrpcLogAppender.java:lambda$resetClient$1(221)) - omNode-1@group-523986131536->omNode-3-GrpcLogAppender: Follower failed (request=null, errorCount=620); keep nextIndex (349) unchanged and retry. (Repeated 2 times in the last 5.000s)
2025-04-23 14:39:43,249 [timer1] WARN  server.GrpcLogAppender (GrpcLogAppender.java:lambda$resetClient$1(221)) - omNode-1@group-523986131536->omNode-3-GrpcLogAppender: Follower failed (request=null, errorCount=622); keep nextIndex (350) unchanged and retry. (Repeated 2 times in the last 5.000s)
2025-04-23 14:39:43,251 [timer4] WARN  server.GrpcLogAppender (GrpcLogAppender.java:lambda$resetClient$1(221)) - omNode-1@group-523986131536->omNode-3-GrpcLogAppender: Follower failed (request=null, errorCount=624); keep nextIndex (351) unchanged and retry. (Repeated 2 times in the last 5.000s)
2025-04-23 14:39:43,258 [timer1] WARN  server.GrpcLogAppender (GrpcLogAppender.java:lambda$resetClient$1(221)) - omNode-1@group-523986131536->omNode-3-GrpcLogAppender: Follower failed (request=null, errorCount=626); keep nextIndex (352) unchanged and retry. (Repeated 2 times in the last 5.001s)
2025-04-23 14:39:43,259 [timer4] WARN  server.GrpcLogAppender (GrpcLogAppender.java:lambda$resetClient$1(221)) - omNode-1@group-523986131536->omNode-3-GrpcLogAppender: Follower failed (request=null, errorCount=628); keep nextIndex (353) unchanged and retry. (Repeated 2 times in the last 5.000s)
2025-04-23 14:39:43,265 [timer7] WARN  server.GrpcLogAppender (GrpcLogAppender.java:lambda$resetClient$1(221)) - omNode-1@group-523986131536->omNode-3-GrpcLogAppender: Follower failed (request=null, errorCount=630); keep nextIndex (354) unchanged and retry. (Repeated 2 times in the last 5.001s)
2025-04-23 14:39:43,266 [timer2] WARN  server.GrpcLogAppender (GrpcLogAppender.java:lambda$resetClient$1(221)) - omNode-1@group-523986131536->omNode-3-GrpcLogAppender: Follower failed (request=null, errorCount=632); keep nextIndex (355) unchanged and retry. (Repeated 2 times in the last 5.001s)
2025-04-23 14:39:43,292 [timer7] WARN  server.GrpcLogAppender (GrpcLogAppender.java:lambda$resetClient$1(221)) - omNode-1@group-523986131536->omNode-3-GrpcLogAppender: Follower failed (request=null, errorCount=634); keep nextIndex (356) unchanged and retry. (Repeated 2 times in the last 5.000s)
2025-04-23 14:39:43,295 [timer2] WARN  server.GrpcLogAppender (GrpcLogAppender.java:lambda$resetClient$1(221)) - omNode-1@group-523986131536->omNode-3-GrpcLogAppender: Follower failed (request=null, errorCount=636); keep nextIndex (357) unchanged and retry. (Repeated 2 times in the last 5.000s)
2025-04-23 14:39:43,301 [timer5] WARN  server.GrpcLogAppender (GrpcLogAppender.java:lambda$resetClient$1(221)) - omNode-1@group-523986131536->omNode-3-GrpcLogAppender: Follower failed (request=null, errorCount=638); keep nextIndex (358) unchanged and retry. (Repeated 2 times in the last 5.001s)
2025-04-23 14:39:43,303 [timer0] WARN  server.GrpcLogAppender (GrpcLogAppender.java:lambda$resetClient$1(221)) - omNode-1@group-523986131536->omNode-3-GrpcLogAppender: Follower failed (request=null, errorCount=640); keep nextIndex (359) unchanged and retry. (Repeated 2 times in the last 5.000s)
2025-04-23 14:39:43,312 [timer5] WARN  server.GrpcLogAppender (GrpcLogAppender.java:lambda$resetClient$1(221)) - omNode-1@group-523986131536->omNode-3-GrpcLogAppender: Follower failed (request=null, errorCount=642); keep nextIndex (360) unchanged and retry. (Repeated 2 times in the last 5.001s)
2025-04-23 14:39:43,314 [timer0] WARN  server.GrpcLogAppender (GrpcLogAppender.java:lambda$resetClient$1(221)) - omNode-1@group-523986131536->omNode-3-GrpcLogAppender: Follower failed (request=null, errorCount=644); keep nextIndex (361) unchanged and retry. (Repeated 2 times in the last 5.000s)
2025-04-23 14:39:43,319 [timer2] WARN  server.GrpcLogAppender (GrpcLogAppender.java:lambda$resetClient$1(221)) - omNode-1@group-523986131536->omNode-3-GrpcLogAppender: Follower failed (request=null, errorCount=646); keep nextIndex (362) unchanged and retry. (Repeated 2 times in the last 5.001s)
2025-04-23 14:39:43,321 [timer5] WARN  server.GrpcLogAppender (GrpcLogAppender.java:lambda$resetClient$1(221)) - omNode-1@group-523986131536->omNode-3-GrpcLogAppender: Follower failed (request=null, errorCount=648); keep nextIndex (363) unchanged and retry. (Repeated 2 times in the last 5.000s)
2025-04-23 14:39:43,330 [timer7] WARN  server.GrpcLogAppender (GrpcLogAppender.java:lambda$resetClient$1(221)) - omNode-1@group-523986131536->omNode-3-GrpcLogAppender: Follower failed (request=null, errorCount=650); keep nextIndex (364) unchanged and retry. (Repeated 2 times in the last 4.999s)
2025-04-23 14:39:43,334 [timer2] WARN  server.GrpcLogAppender (GrpcLogAppender.java:lambda$resetClient$1(221)) - omNode-1@group-523986131536->omNode-3-GrpcLogAppender: Follower failed (request=null, errorCount=652); keep nextIndex (365) unchanged and retry. (Repeated 2 times in the last 5.001s)
2025-04-23 14:39:43,337 [timer5] WARN  server.GrpcLogAppender (GrpcLogAppender.java:lambda$resetClient$1(221)) - omNode-1@group-523986131536->omNode-3-GrpcLogAppender: Follower failed (request=null, errorCount=654); keep nextIndex (366) unchanged and retry. (Repeated 2 times in the last 5.000s)
2025-04-23 14:39:43,338 [timer0] WARN  server.GrpcLogAppender (GrpcLogAppender.java:lambda$resetClient$1(221)) - omNode-1@group-523986131536->omNode-3-GrpcLogAppender: Follower failed (request=null, errorCount=656); keep nextIndex (367) unchanged and retry. (Repeated 2 times in the last 5.000s)
2025-04-23 14:39:43,345 [timer5] WARN  server.GrpcLogAppender (GrpcLogAppender.java:lambda$resetClient$1(221)) - omNode-1@group-523986131536->omNode-3-GrpcLogAppender: Follower failed (request=null, errorCount=658); keep nextIndex (368) unchanged and retry. (Repeated 2 times in the last 4.999s)
2025-04-23 14:39:43,347 [timer0] WARN  server.GrpcLogAppender (GrpcLogAppender.java:lambda$resetClient$1(221)) - omNode-1@group-523986131536->omNode-3-GrpcLogAppender: Follower failed (request=null, errorCount=660); keep nextIndex (369) unchanged and retry. (Repeated 2 times in the last 5.000s)
2025-04-23 14:39:43,352 [timer2] WARN  server.GrpcLogAppender (GrpcLogAppender.java:lambda$resetClient$1(221)) - omNode-1@group-523986131536->omNode-3-GrpcLogAppender: Follower failed (request=null, errorCount=662); keep nextIndex (370) unchanged and retry. (Repeated 2 times in the last 5.000s)
2025-04-23 14:39:43,355 [timer5] WARN  server.GrpcLogAppender (GrpcLogAppender.java:lambda$resetClient$1(221)) - omNode-1@group-523986131536->omNode-3-GrpcLogAppender: Follower failed (request=null, errorCount=664); keep nextIndex (371) unchanged and retry. (Repeated 2 times in the last 5.000s)
2025-04-23 14:39:43,364 [timer1] WARN  server.GrpcLogAppender (GrpcLogAppender.java:lambda$resetClient$1(221)) - omNode-1@group-523986131536->omNode-3-GrpcLogAppender: Follower failed (request=null, errorCount=666); keep nextIndex (372) unchanged and retry. (Repeated 2 times in the last 5.000s)
2025-04-23 14:39:43,367 [timer5] WARN  server.GrpcLogAppender (GrpcLogAppender.java:lambda$resetClient$1(221)) - omNode-1@group-523986131536->omNode-3-GrpcLogAppender: Follower failed (request=null, errorCount=668); keep nextIndex (373) unchanged and retry. (Repeated 2 times in the last 5.000s)
2025-04-23 14:39:43,375 [timer1] WARN  server.GrpcLogAppender (GrpcLogAppender.java:lambda$resetClient$1(221)) - omNode-1@group-523986131536->omNode-3-GrpcLogAppender: Follower failed (request=null, errorCount=674); keep nextIndex (374) unchanged and retry. (Repeated 6 times in the last 5.001s)
2025-04-23 14:39:43,384 [timer0] WARN  server.GrpcLogAppender (GrpcLogAppender.java:lambda$resetClient$1(221)) - omNode-1@group-523986131536->omNode-3-GrpcLogAppender: Follower failed (request=null, errorCount=676); keep nextIndex (377) unchanged and retry. (Repeated 2 times in the last 5.000s)
2025-04-23 14:39:43,389 [timer3] WARN  server.GrpcLogAppender (GrpcLogAppender.java:lambda$resetClient$1(221)) - omNode-1@group-523986131536->omNode-3-GrpcLogAppender: Follower failed (request=null, errorCount=678); keep nextIndex (378) unchanged and retry. (Repeated 2 times in the last 5.000s)
2025-04-23 14:39:43,391 [timer6] WARN  server.GrpcLogAppender (GrpcLogAppender.java:lambda$resetClient$1(221)) - omNode-1@group-523986131536->omNode-3-GrpcLogAppender: Follower failed (request=null, errorCount=680); keep nextIndex (379) unchanged and retry. (Repeated 2 times in the last 5.001s)
2025-04-23 14:39:43,400 [timer3] WARN  server.GrpcLogAppender (GrpcLogAppender.java:lambda$resetClient$1(221)) - omNode-1@group-523986131536->omNode-3-GrpcLogAppender: Follower failed (request=null, errorCount=682); keep nextIndex (380) unchanged and retry. (Repeated 2 times in the last 5.001s)
2025-04-23 14:39:43,404 [timer6] WARN  server.GrpcLogAppender (GrpcLogAppender.java:lambda$resetClient$1(221)) - omNode-1@group-523986131536->omNode-3-GrpcLogAppender: Follower failed (request=null, errorCount=684); keep nextIndex (381) unchanged and retry. (Repeated 2 times in the last 5.001s)
2025-04-23 14:39:43,411 [timer1] WARN  server.GrpcLogAppender (GrpcLogAppender.java:lambda$resetClient$1(221)) - omNode-1@group-523986131536->omNode-3-GrpcLogAppender: Follower failed (request=null, errorCount=686); keep nextIndex (382) unchanged and retry. (Repeated 2 times in the last 4.999s)
2025-04-23 14:39:43,414 [timer4] WARN  server.GrpcLogAppender (GrpcLogAppender.java:lambda$resetClient$1(221)) - omNode-1@group-523986131536->omNode-3-GrpcLogAppender: Follower failed (request=null, errorCount=688); keep nextIndex (383) unchanged and retry. (Repeated 2 times in the last 5.001s)
2025-04-23 14:39:43,423 [timer1] WARN  server.GrpcLogAppender (GrpcLogAppender.java:lambda$resetClient$1(221)) - omNode-1@group-523986131536->omNode-3-GrpcLogAppender: Follower failed (request=null, errorCount=690); keep nextIndex (384) unchanged and retry. (Repeated 2 times in the last 5.000s)
2025-04-23 14:39:43,425 [timer4] WARN  server.GrpcLogAppender (GrpcLogAppender.java:lambda$resetClient$1(221)) - omNode-1@group-523986131536->omNode-3-GrpcLogAppender: Follower failed (request=null, errorCount=692); keep nextIndex (385) unchanged and retry. (Repeated 2 times in the last 5.000s)
2025-04-23 14:39:43,431 [timer7] WARN  server.GrpcLogAppender (GrpcLogAppender.java:lambda$resetClient$1(221)) - omNode-1@group-523986131536->omNode-3-GrpcLogAppender: Follower failed (request=null, errorCount=694); keep nextIndex (386) unchanged and retry. (Repeated 2 times in the last 5.000s)
2025-04-23 14:39:43,433 [timer2] WARN  server.GrpcLogAppender (GrpcLogAppender.java:lambda$resetClient$1(221)) - omNode-1@group-523986131536->omNode-3-GrpcLogAppender: Follower failed (request=null, errorCount=696); keep nextIndex (387) unchanged and retry. (Repeated 2 times in the last 5.000s)
2025-04-23 14:39:43,444 [timer5] WARN  server.GrpcLogAppender (GrpcLogAppender.java:lambda$resetClient$1(221)) - omNode-1@group-523986131536->omNode-3-GrpcLogAppender: Follower failed (request=null, errorCount=698); keep nextIndex (388) unchanged and retry. (Repeated 2 times in the last 5.001s)
2025-04-23 14:39:43,446 [timer1] WARN  server.GrpcLogAppender (GrpcLogAppender.java:lambda$resetClient$1(221)) - omNode-1@group-523986131536->omNode-3-GrpcLogAppender: Follower failed (request=null, errorCount=700); keep nextIndex (389) unchanged and retry. (Repeated 2 times in the last 5.000s)
2025-04-23 14:39:43,451 [timer4] WARN  server.GrpcLogAppender (GrpcLogAppender.java:lambda$resetClient$1(221)) - omNode-1@group-523986131536->omNode-3-GrpcLogAppender: Follower failed (request=null, errorCount=702); keep nextIndex (390) unchanged and retry. (Repeated 2 times in the last 5.000s)
2025-04-23 14:39:43,455 [timer6] WARN  server.GrpcLogAppender (GrpcLogAppender.java:lambda$resetClient$1(221)) - omNode-1@group-523986131536->omNode-3-GrpcLogAppender: Follower failed (request=null, errorCount=704); keep nextIndex (391) unchanged and retry. (Repeated 2 times in the last 5.001s)
2025-04-23 14:39:43,461 [timer3] WARN  server.GrpcLogAppender (GrpcLogAppender.java:lambda$resetClient$1(221)) - omNode-1@group-523986131536->omNode-3-GrpcLogAppender: Follower failed (request=null, errorCount=706); keep nextIndex (392) unchanged and retry. (Repeated 2 times in the last 5.000s)
2025-04-23 14:39:43,463 [timer6] WARN  server.GrpcLogAppender (GrpcLogAppender.java:lambda$resetClient$1(221)) - omNode-1@group-523986131536->omNode-3-GrpcLogAppender: Follower failed (request=null, errorCount=708); keep nextIndex (393) unchanged and retry. (Repeated 2 times in the last 5.000s)
2025-04-23 14:39:43,467 [timer1] WARN  server.GrpcLogAppender (GrpcLogAppender.java:lambda$resetClient$1(221)) - omNode-1@group-523986131536->omNode-3-GrpcLogAppender: Follower failed (request=null, errorCount=710); keep nextIndex (394) unchanged and retry. (Repeated 2 times in the last 5.000s)
2025-04-23 14:39:43,470 [timer3] WARN  server.GrpcLogAppender (GrpcLogAppender.java:lambda$resetClient$1(221)) - omNode-1@group-523986131536->omNode-3-GrpcLogAppender: Follower failed (request=null, errorCount=712); keep nextIndex (395) unchanged and retry. (Repeated 2 times in the last 5.000s)
2025-04-23 14:39:43,477 [timer7] WARN  server.GrpcLogAppender (GrpcLogAppender.java:lambda$resetClient$1(221)) - omNode-1@group-523986131536->omNode-3-GrpcLogAppender: Follower failed (request=null, errorCount=714); keep nextIndex (396) unchanged and retry. (Repeated 2 times in the last 5.000s)
2025-04-23 14:39:43,478 [timer2] WARN  server.GrpcLogAppender (GrpcLogAppender.java:lambda$resetClient$1(221)) - omNode-1@group-523986131536->omNode-3-GrpcLogAppender: Follower failed (request=null, errorCount=716); keep nextIndex (397) unchanged and retry. (Repeated 2 times in the last 5.000s)
2025-04-23 14:39:43,483 [timer5] WARN  server.GrpcLogAppender (GrpcLogAppender.java:lambda$resetClient$1(221)) - omNode-1@group-523986131536->omNode-3-GrpcLogAppender: Follower failed (request=null, errorCount=718); keep nextIndex (398) unchanged and retry. (Repeated 2 times in the last 5.001s)
2025-04-23 14:39:43,484 [timer0] WARN  server.GrpcLogAppender (GrpcLogAppender.java:lambda$resetClient$1(221)) - omNode-1@group-523986131536->omNode-3-GrpcLogAppender: Follower failed (request=null, errorCount=720); keep nextIndex (399) unchanged and retry. (Repeated 2 times in the last 5.000s)
2025-04-23 14:39:43,491 [timer5] WARN  server.GrpcLogAppender (GrpcLogAppender.java:lambda$resetClient$1(221)) - omNode-1@group-523986131536->omNode-3-GrpcLogAppender: Follower failed (request=null, errorCount=722); keep nextIndex (400) unchanged and retry. (Repeated 2 times in the last 5.001s)
2025-04-23 14:39:43,492 [timer7] WARN  server.GrpcLogAppender (GrpcLogAppender.java:lambda$resetClient$1(221)) - omNode-1@group-523986131536->omNode-3-GrpcLogAppender: Follower failed (request=null, errorCount=724); keep nextIndex (401) unchanged and retry. (Repeated 2 times in the last 5.000s)
2025-04-23 14:39:43,496 [timer3] WARN  server.GrpcLogAppender (GrpcLogAppender.java:lambda$resetClient$1(221)) - omNode-1@group-523986131536->omNode-3-GrpcLogAppender: Follower failed (request=null, errorCount=726); keep nextIndex (402) unchanged and retry. (Repeated 2 times in the last 5.000s)
2025-04-23 14:39:43,497 [timer6] WARN  server.GrpcLogAppender (GrpcLogAppender.java:lambda$resetClient$1(221)) - omNode-1@group-523986131536->omNode-3-GrpcLogAppender: Follower failed (request=null, errorCount=728); keep nextIndex (403) unchanged and retry. (Repeated 2 times in the last 5.000s)
2025-04-23 14:39:43,507 [timer3] WARN  server.GrpcLogAppender (GrpcLogAppender.java:lambda$resetClient$1(221)) - omNode-1@group-523986131536->omNode-3-GrpcLogAppender: Follower failed (request=null, errorCount=730); keep nextIndex (404) unchanged and retry. (Repeated 2 times in the last 5.000s)
2025-04-23 14:39:43,511 [timer6] WARN  server.GrpcLogAppender (GrpcLogAppender.java:lambda$resetClient$1(221)) - omNode-1@group-523986131536->omNode-3-GrpcLogAppender: Follower failed (request=null, errorCount=732); keep nextIndex (405) unchanged and retry. (Repeated 2 times in the last 5.001s)
2025-04-23 14:39:43,531 [timer1] WARN  server.GrpcLogAppender (GrpcLogAppender.java:lambda$resetClient$1(221)) - omNode-1@group-523986131536->omNode-3-GrpcLogAppender: Follower failed (request=null, errorCount=734); keep nextIndex (406) unchanged and retry. (Repeated 2 times in the last 5.001s)
2025-04-23 14:39:43,532 [timer3] WARN  server.GrpcLogAppender (GrpcLogAppender.java:lambda$resetClient$1(221)) - omNode-1@group-523986131536->omNode-3-GrpcLogAppender: Follower failed (request=null, errorCount=736); keep nextIndex (407) unchanged and retry. (Repeated 2 times in the last 5.000s)
2025-04-23 14:39:43,543 [timer1] WARN  server.GrpcLogAppender (GrpcLogAppender.java:lambda$resetClient$1(221)) - omNode-1@group-523986131536->omNode-3-GrpcLogAppender: Follower failed (request=null, errorCount=738); keep nextIndex (408) unchanged and retry. (Repeated 2 times in the last 5.001s)
2025-04-23 14:39:43,547 [timer4] WARN  server.GrpcLogAppender (GrpcLogAppender.java:lambda$resetClient$1(221)) - omNode-1@group-523986131536->omNode-3-GrpcLogAppender: Follower failed (request=null, errorCount=740); keep nextIndex (409) unchanged and retry. (Repeated 2 times in the last 5.000s)
2025-04-23 14:39:43,554 [timer7] WARN  server.GrpcLogAppender (GrpcLogAppender.java:lambda$resetClient$1(221)) - omNode-1@group-523986131536->omNode-3-GrpcLogAppender: Follower failed (request=null, errorCount=742); keep nextIndex (410) unchanged and retry. (Repeated 2 times in the last 5.001s)
2025-04-23 14:39:43,556 [timer2] WARN  server.GrpcLogAppender (GrpcLogAppender.java:lambda$resetClient$1(221)) - omNode-1@group-523986131536->omNode-3-GrpcLogAppender: Follower failed (request=null, errorCount=744); keep nextIndex (411) unchanged and retry. (Repeated 2 times in the last 5.001s)
2025-04-23 14:39:43,566 [timer7] WARN  server.GrpcLogAppender (GrpcLogAppender.java:lambda$resetClient$1(221)) - omNode-1@group-523986131536->omNode-3-GrpcLogAppender: Follower failed (request=null, errorCount=746); keep nextIndex (412) unchanged and retry. (Repeated 2 times in the last 5.001s)
2025-04-23 14:39:43,569 [timer2] WARN  server.GrpcLogAppender (GrpcLogAppender.java:lambda$resetClient$1(221)) - omNode-1@group-523986131536->omNode-3-GrpcLogAppender: Follower failed (request=null, errorCount=748); keep nextIndex (413) unchanged and retry. (Repeated 2 times in the last 5.000s)
2025-04-23 14:39:43,574 [timer5] WARN  server.GrpcLogAppender (GrpcLogAppender.java:lambda$resetClient$1(221)) - omNode-1@group-523986131536->omNode-3-GrpcLogAppender: Follower failed (request=null, errorCount=750); keep nextIndex (414) unchanged and retry. (Repeated 2 times in the last 5.000s)
2025-04-23 14:39:43,576 [timer7] WARN  server.GrpcLogAppender (GrpcLogAppender.java:lambda$resetClient$1(221)) - omNode-1@group-523986131536->omNode-3-GrpcLogAppender: Follower failed (request=null, errorCount=752); keep nextIndex (415) unchanged and retry. (Repeated 2 times in the last 5.000s)
2025-04-23 14:39:43,589 [timer5] WARN  server.GrpcLogAppender (GrpcLogAppender.java:lambda$resetClient$1(221)) - omNode-1@group-523986131536->omNode-3-GrpcLogAppender: Follower failed (request=null, errorCount=754); keep nextIndex (416) unchanged and retry. (Repeated 2 times in the last 5.000s)
2025-04-23 14:39:43,590 [timer5] WARN  server.GrpcLogAppender (GrpcLogAppender.java:lambda$resetClient$1(221)) - omNode-1@group-523986131536->omNode-3-GrpcLogAppender: Follower failed (request=null, errorCount=756); keep nextIndex (417) unchanged and retry. (Repeated 2 times in the last 5.000s)
2025-04-23 14:39:43,594 [timer7] WARN  server.GrpcLogAppender (GrpcLogAppender.java:lambda$resetClient$1(221)) - omNode-1@group-523986131536->omNode-3-GrpcLogAppender: Follower failed (request=null, errorCount=758); keep nextIndex (418) unchanged and retry. (Repeated 2 times in the last 4.999s)
2025-04-23 14:39:43,597 [timer2] WARN  server.GrpcLogAppender (GrpcLogAppender.java:lambda$resetClient$1(221)) - omNode-1@group-523986131536->omNode-3-GrpcLogAppender: Follower failed (request=null, errorCount=760); keep nextIndex (419) unchanged and retry. (Repeated 2 times in the last 5.001s)
2025-04-23 14:39:43,604 [timer6] WARN  server.GrpcLogAppender (GrpcLogAppender.java:lambda$resetClient$1(221)) - omNode-1@group-523986131536->omNode-3-GrpcLogAppender: Follower failed (request=null, errorCount=762); keep nextIndex (420) unchanged and retry. (Repeated 2 times in the last 5.000s)
2025-04-23 14:39:43,606 [timer0] WARN  server.GrpcLogAppender (GrpcLogAppender.java:lambda$resetClient$1(221)) - omNode-1@group-523986131536->omNode-3-GrpcLogAppender: Follower failed (request=null, errorCount=764); keep nextIndex (421) unchanged and retry. (Repeated 2 times in the last 5.000s)
2025-04-23 14:39:43,612 [timer1] WARN  server.GrpcLogAppender (GrpcLogAppender.java:lambda$resetClient$1(221)) - omNode-1@group-523986131536->omNode-3-GrpcLogAppender: Follower failed (request=null, errorCount=766); keep nextIndex (422) unchanged and retry. (Repeated 2 times in the last 5.001s)
2025-04-23 14:39:43,614 [timer3] WARN  server.GrpcLogAppender (GrpcLogAppender.java:lambda$resetClient$1(221)) - omNode-1@group-523986131536->omNode-3-GrpcLogAppender: Follower failed (request=null, errorCount=768); keep nextIndex (423) unchanged and retry. (Repeated 2 times in the last 5.000s)
2025-04-23 14:39:43,623 [timer4] WARN  server.GrpcLogAppender (GrpcLogAppender.java:lambda$resetClient$1(221)) - omNode-1@group-523986131536->omNode-3-GrpcLogAppender: Follower failed (request=null, errorCount=770); keep nextIndex (424) unchanged and retry. (Repeated 2 times in the last 5.000s)
2025-04-23 14:39:43,625 [timer7] WARN  server.GrpcLogAppender (GrpcLogAppender.java:lambda$resetClient$1(221)) - omNode-1@group-523986131536->omNode-3-GrpcLogAppender: Follower failed (request=null, errorCount=772); keep nextIndex (425) unchanged and retry. (Repeated 2 times in the last 5.000s)
2025-04-23 14:39:43,631 [timer2] WARN  server.GrpcLogAppender (GrpcLogAppender.java:lambda$resetClient$1(221)) - omNode-1@group-523986131536->omNode-3-GrpcLogAppender: Follower failed (request=null, errorCount=774); keep nextIndex (426) unchanged and retry. (Repeated 2 times in the last 5.001s)
2025-04-23 14:39:43,632 [timer5] WARN  server.GrpcLogAppender (GrpcLogAppender.java:lambda$resetClient$1(221)) - omNode-1@group-523986131536->omNode-3-GrpcLogAppender: Follower failed (request=null, errorCount=778); keep nextIndex (427) unchanged and retry. (Repeated 4 times in the last 4.999s)
2025-04-23 14:39:43,643 [timer6] WARN  server.GrpcLogAppender (GrpcLogAppender.java:lambda$resetClient$1(221)) - omNode-1@group-523986131536->omNode-3-GrpcLogAppender: Follower failed (request=null, errorCount=780); keep nextIndex (428) unchanged and retry. (Repeated 2 times in the last 5.000s)
2025-04-23 14:39:43,646 [timer1] WARN  server.GrpcLogAppender (GrpcLogAppender.java:lambda$resetClient$1(221)) - omNode-1@group-523986131536->omNode-3-GrpcLogAppender: Follower failed (request=null, errorCount=782); keep nextIndex (429) unchanged and retry. (Repeated 2 times in the last 5.001s)
2025-04-23 14:39:43,650 [timer4] WARN  server.GrpcLogAppender (GrpcLogAppender.java:lambda$resetClient$1(221)) - omNode-1@group-523986131536->omNode-3-GrpcLogAppender: Follower failed (request=null, errorCount=784); keep nextIndex (430) unchanged and retry. (Repeated 2 times in the last 5.001s)
2025-04-23 14:39:43,652 [timer4] WARN  server.GrpcLogAppender (GrpcLogAppender.java:lambda$resetClient$1(221)) - omNode-1@group-523986131536->omNode-3-GrpcLogAppender: Follower failed (request=null, errorCount=786); keep nextIndex (431) unchanged and retry. (Repeated 2 times in the last 5.000s)
2025-04-23 14:39:43,665 [timer6] WARN  server.GrpcLogAppender (GrpcLogAppender.java:lambda$resetClient$1(221)) - omNode-1@group-523986131536->omNode-3-GrpcLogAppender: Follower failed (request=null, errorCount=788); keep nextIndex (432) unchanged and retry. (Repeated 2 times in the last 5.000s)
2025-04-23 14:39:43,668 [timer7] WARN  server.GrpcLogAppender (GrpcLogAppender.java:lambda$resetClient$1(221)) - omNode-1@group-523986131536->omNode-3-GrpcLogAppender: Follower failed (request=null, errorCount=790); keep nextIndex (433) unchanged and retry. (Repeated 2 times in the last 5.000s)
2025-04-23 14:39:43,676 [timer7] WARN  server.GrpcLogAppender (GrpcLogAppender.java:lambda$resetClient$1(221)) - omNode-1@group-523986131536->omNode-3-GrpcLogAppender: Follower failed (request=null, errorCount=792); keep nextIndex (434) unchanged and retry. (Repeated 2 times in the last 5.000s)
2025-04-23 14:39:43,678 [timer0] WARN  server.GrpcLogAppender (GrpcLogAppender.java:lambda$resetClient$1(221)) - omNode-1@group-523986131536->omNode-3-GrpcLogAppender: Follower failed (request=null, errorCount=794); keep nextIndex (435) unchanged and retry. (Repeated 2 times in the last 5.000s)
2025-04-23 14:39:43,690 [timer4] WARN  server.GrpcLogAppender (GrpcLogAppender.java:lambda$resetClient$1(221)) - omNode-1@group-523986131536->omNode-3-GrpcLogAppender: Follower failed (request=null, errorCount=796); keep nextIndex (436) unchanged and retry. (Repeated 2 times in the last 5.000s)
2025-04-23 14:39:43,693 [timer7] WARN  server.GrpcLogAppender (GrpcLogAppender.java:lambda$resetClient$1(221)) - omNode-1@group-523986131536->omNode-3-GrpcLogAppender: Follower failed (request=null, errorCount=798); keep nextIndex (437) unchanged and retry. (Repeated 2 times in the last 5.000s)
2025-04-23 14:39:43,697 [timer5] WARN  server.GrpcLogAppender (GrpcLogAppender.java:lambda$resetClient$1(221)) - omNode-1@group-523986131536->omNode-3-GrpcLogAppender: Follower failed (request=null, errorCount=802); keep nextIndex (439) unchanged and retry. (Repeated 2 times in the last 5.000s)
2025-04-23 14:39:43,698 [timer2] WARN  server.GrpcLogAppender (GrpcLogAppender.java:lambda$resetClient$1(221)) - omNode-1@group-523986131536->omNode-3-GrpcLogAppender: Follower failed (request=null, errorCount=800); keep nextIndex (438) unchanged and retry. (Repeated 2 times in the last 5.001s)
2025-04-23 14:39:43,701 [omNode-3@group-523986131536-FollowerState] INFO  impl.FollowerState (FollowerState.java:runImpl(161)) - omNode-3@group-523986131536-FollowerState: change to CANDIDATE, lastRpcElapsedTime:1047678607ns, electionTimeout:1047ms
2025-04-23 14:39:43,701 [omNode-3@group-523986131536-FollowerState] INFO  impl.RoleInfo (RoleInfo.java:shutdownFollowerState(121)) - omNode-3: shutdown omNode-3@group-523986131536-FollowerState
2025-04-23 14:39:43,701 [omNode-3@group-523986131536-FollowerState] INFO  server.RaftServer$Division (RaftServerImpl.java:setRole(378)) - omNode-3@group-523986131536: changes role from  FOLLOWER to CANDIDATE at term 1 for changeToCandidate
2025-04-23 14:39:43,702 [omNode-3@group-523986131536-FollowerState] INFO  server.RaftServerConfigKeys (ConfUtils.java:logGet(46)) - raft.server.leaderelection.pre-vote = true (default)
2025-04-23 14:39:43,702 [omNode-3@group-523986131536-FollowerState] INFO  impl.RoleInfo (RoleInfo.java:updateAndGet(148)) - omNode-3: start omNode-3@group-523986131536-LeaderElection49
2025-04-23 14:39:43,702 [omNode-3@group-523986131536-LeaderElection49] INFO  impl.LeaderElection (LeaderElection.java:askForVotes(332)) - omNode-3@group-523986131536-LeaderElection49 PRE_VOTE round 0: submit vote requests at term 1 for conf: {index: 0, cur=peers:[omNode-3|localhost:15059, omNode-1|localhost:15051, omNode-2|localhost:15055]|listeners:[], old=null}
2025-04-23 14:39:43,703 [grpc-default-executor-3] INFO  server.RaftServer$Division (RaftServerImpl.java:requestVote(1407)) - omNode-2@group-523986131536: receive requestVote(PRE_VOTE, omNode-3, group-523986131536, 1, (t:1, i:44))
2025-04-23 14:39:43,703 [grpc-default-executor-4] INFO  server.RaftServer$Division (RaftServerImpl.java:requestVote(1407)) - omNode-1@group-523986131536: receive requestVote(PRE_VOTE, omNode-3, group-523986131536, 1, (t:1, i:44))
2025-04-23 14:39:43,703 [grpc-default-executor-3] INFO  impl.VoteContext (VoteContext.java:log(49)) - omNode-2@group-523986131536-FOLLOWER: reject PRE_VOTE from omNode-3: this server is a follower and still has a valid leader omNode-1 different than the candidate omNode-3
2025-04-23 14:39:43,703 [grpc-default-executor-4] INFO  impl.VoteContext (VoteContext.java:log(49)) - omNode-1@group-523986131536-LEADER: reject PRE_VOTE from omNode-3: this server is the leader and still has leadership
2025-04-23 14:39:43,703 [grpc-default-executor-3] INFO  server.RaftServer$Division (RaftServerImpl.java:requestVote(1441)) - omNode-2@group-523986131536 replies to PRE_VOTE vote request: omNode-3<-omNode-2#0:FAIL-t1. Peer's state: omNode-2@group-523986131536:t1, leader=omNode-1, voted=omNode-1, raftlog=Memoized:omNode-2@group-523986131536-SegmentedRaftLog:OPENED:c544:last(t:1, i:544), conf=conf: {index: 0, cur=peers:[omNode-3|localhost:15059, omNode-1|localhost:15051, omNode-2|localhost:15055]|listeners:[], old=null}
2025-04-23 14:39:43,703 [grpc-default-executor-4] INFO  server.RaftServer$Division (RaftServerImpl.java:requestVote(1441)) - omNode-1@group-523986131536 replies to PRE_VOTE vote request: omNode-3<-omNode-1#0:FAIL-t1. Peer's state: omNode-1@group-523986131536:t1, leader=omNode-1, voted=omNode-1, raftlog=Memoized:omNode-1@group-523986131536-SegmentedRaftLog:OPENED:c544:last(t:1, i:544), conf=conf: {index: 0, cur=peers:[omNode-3|localhost:15059, omNode-1|localhost:15051, omNode-2|localhost:15055]|listeners:[], old=null}
2025-04-23 14:39:43,704 [omNode-3@group-523986131536-LeaderElection49] INFO  impl.LeaderElection (LeaderElection.java:logAndReturn(90)) - omNode-3@group-523986131536-LeaderElection49: PRE_VOTE REJECTED received 2 response(s) and 0 exception(s):
2025-04-23 14:39:43,704 [omNode-3@group-523986131536-LeaderElection49] INFO  impl.LeaderElection (LeaderElection.java:logAndReturn(94)) -   Response 0: omNode-3<-omNode-1#0:FAIL-t1
2025-04-23 14:39:43,704 [omNode-3@group-523986131536-LeaderElection49] INFO  impl.LeaderElection (LeaderElection.java:logAndReturn(94)) -   Response 1: omNode-3<-omNode-2#0:FAIL-t1
2025-04-23 14:39:43,704 [omNode-3@group-523986131536-LeaderElection49] INFO  impl.LeaderElection (LeaderElection.java:askForVotes(334)) - omNode-3@group-523986131536-LeaderElection49 PRE_VOTE round 0: result REJECTED
2025-04-23 14:39:43,704 [omNode-3@group-523986131536-LeaderElection49] INFO  server.RaftServer$Division (RaftServerImpl.java:setRole(378)) - omNode-3@group-523986131536: changes role from CANDIDATE to FOLLOWER at term 1 for REJECTED
2025-04-23 14:39:43,704 [omNode-3@group-523986131536-LeaderElection49] INFO  impl.RoleInfo (RoleInfo.java:shutdownLeaderElection(141)) - omNode-3: shutdown omNode-3@group-523986131536-LeaderElection49
2025-04-23 14:39:43,704 [omNode-3@group-523986131536-LeaderElection49] INFO  impl.RoleInfo (RoleInfo.java:updateAndGet(148)) - omNode-3: start omNode-3@group-523986131536-FollowerState
2025-04-23 14:39:43,708 [timer6] WARN  server.GrpcLogAppender (GrpcLogAppender.java:lambda$resetClient$1(221)) - omNode-1@group-523986131536->omNode-3-GrpcLogAppender: Follower failed (request=null, errorCount=804); keep nextIndex (440) unchanged and retry. (Repeated 2 times in the last 5.001s)
2025-04-23 14:39:43,711 [timer1] WARN  server.GrpcLogAppender (GrpcLogAppender.java:lambda$resetClient$1(221)) - omNode-1@group-523986131536->omNode-3-GrpcLogAppender: Follower failed (request=null, errorCount=806); keep nextIndex (441) unchanged and retry. (Repeated 2 times in the last 5.001s)
2025-04-23 14:39:43,716 [timer1] WARN  server.GrpcLogAppender (GrpcLogAppender.java:lambda$resetClient$1(221)) - omNode-1@group-523986131536->omNode-3-GrpcLogAppender: Follower failed (request=null, errorCount=808); keep nextIndex (442) unchanged and retry. (Repeated 2 times in the last 5.000s)
2025-04-23 14:39:43,718 [timer3] WARN  server.GrpcLogAppender (GrpcLogAppender.java:lambda$resetClient$1(221)) - omNode-1@group-523986131536->omNode-3-GrpcLogAppender: Follower failed (request=null, errorCount=810); keep nextIndex (443) unchanged and retry. (Repeated 2 times in the last 5.001s)
2025-04-23 14:39:43,728 [timer0] WARN  server.GrpcLogAppender (GrpcLogAppender.java:lambda$resetClient$1(221)) - omNode-1@group-523986131536->omNode-3-GrpcLogAppender: Follower failed (request=null, errorCount=812); keep nextIndex (444) unchanged and retry. (Repeated 2 times in the last 5.001s)
2025-04-23 14:39:43,730 [timer3] WARN  server.GrpcLogAppender (GrpcLogAppender.java:lambda$resetClient$1(221)) - omNode-1@group-523986131536->omNode-3-GrpcLogAppender: Follower failed (request=null, errorCount=814); keep nextIndex (445) unchanged and retry. (Repeated 2 times in the last 5.000s)
2025-04-23 14:39:43,736 [timer2] WARN  server.GrpcLogAppender (GrpcLogAppender.java:lambda$resetClient$1(221)) - omNode-1@group-523986131536->omNode-3-GrpcLogAppender: Follower failed (request=null, errorCount=816); keep nextIndex (446) unchanged and retry. (Repeated 2 times in the last 5.000s)
2025-04-23 14:39:43,737 [timer5] WARN  server.GrpcLogAppender (GrpcLogAppender.java:lambda$resetClient$1(221)) - omNode-1@group-523986131536->omNode-3-GrpcLogAppender: Follower failed (request=null, errorCount=818); keep nextIndex (447) unchanged and retry. (Repeated 2 times in the last 5.000s)
2025-04-23 14:39:43,748 [timer6] WARN  server.GrpcLogAppender (GrpcLogAppender.java:lambda$resetClient$1(221)) - omNode-1@group-523986131536->omNode-3-GrpcLogAppender: Follower failed (request=null, errorCount=820); keep nextIndex (448) unchanged and retry. (Repeated 2 times in the last 5.000s)
2025-04-23 14:39:43,750 [timer0] WARN  server.GrpcLogAppender (GrpcLogAppender.java:lambda$resetClient$1(221)) - omNode-1@group-523986131536->omNode-3-GrpcLogAppender: Follower failed (request=null, errorCount=822); keep nextIndex (449) unchanged and retry. (Repeated 2 times in the last 5.000s)
2025-04-23 14:39:43,755 [timer4] WARN  server.GrpcLogAppender (GrpcLogAppender.java:lambda$resetClient$1(221)) - omNode-1@group-523986131536->omNode-3-GrpcLogAppender: Follower failed (request=null, errorCount=824); keep nextIndex (450) unchanged and retry. (Repeated 2 times in the last 5.000s)
2025-04-23 14:39:43,757 [timer3] WARN  server.GrpcLogAppender (GrpcLogAppender.java:lambda$resetClient$1(221)) - omNode-1@group-523986131536->omNode-3-GrpcLogAppender: Follower failed (request=null, errorCount=826); keep nextIndex (451) unchanged and retry. (Repeated 2 times in the last 5.001s)
2025-04-23 14:39:43,775 [timer3] WARN  server.GrpcLogAppender (GrpcLogAppender.java:lambda$resetClient$1(221)) - omNode-1@group-523986131536->omNode-3-GrpcLogAppender: Follower failed (request=null, errorCount=828); keep nextIndex (452) unchanged and retry. (Repeated 2 times in the last 4.999s)
2025-04-23 14:39:43,781 [timer2] WARN  server.GrpcLogAppender (GrpcLogAppender.java:lambda$resetClient$1(221)) - omNode-1@group-523986131536->omNode-3-GrpcLogAppender: Follower failed (request=null, errorCount=830); keep nextIndex (453) unchanged and retry. (Repeated 2 times in the last 5.000s)
2025-04-23 14:39:43,789 [timer1] WARN  server.GrpcLogAppender (GrpcLogAppender.java:lambda$resetClient$1(221)) - omNode-1@group-523986131536->omNode-3-GrpcLogAppender: Follower failed (request=null, errorCount=832); keep nextIndex (454) unchanged and retry. (Repeated 2 times in the last 5.000s)
2025-04-23 14:39:43,791 [timer4] WARN  server.GrpcLogAppender (GrpcLogAppender.java:lambda$resetClient$1(221)) - omNode-1@group-523986131536->omNode-3-GrpcLogAppender: Follower failed (request=null, errorCount=834); keep nextIndex (455) unchanged and retry. (Repeated 2 times in the last 5.000s)
2025-04-23 14:39:43,804 [timer0] WARN  server.GrpcLogAppender (GrpcLogAppender.java:lambda$resetClient$1(221)) - omNode-1@group-523986131536->omNode-3-GrpcLogAppender: Follower failed (request=null, errorCount=836); keep nextIndex (456) unchanged and retry. (Repeated 2 times in the last 5.000s)
2025-04-23 14:39:43,806 [timer3] WARN  server.GrpcLogAppender (GrpcLogAppender.java:lambda$resetClient$1(221)) - omNode-1@group-523986131536->omNode-3-GrpcLogAppender: Follower failed (request=null, errorCount=838); keep nextIndex (457) unchanged and retry. (Repeated 2 times in the last 5.000s)
2025-04-23 14:39:43,828 [timer4] WARN  server.GrpcLogAppender (GrpcLogAppender.java:lambda$resetClient$1(221)) - omNode-1@group-523986131536->omNode-3-GrpcLogAppender: Follower failed (request=null, errorCount=840); keep nextIndex (458) unchanged and retry. (Repeated 2 times in the last 5.000s)
2025-04-23 14:39:43,829 [timer5] WARN  server.GrpcLogAppender (GrpcLogAppender.java:lambda$resetClient$1(221)) - omNode-1@group-523986131536->omNode-3-GrpcLogAppender: Follower failed (request=null, errorCount=842); keep nextIndex (459) unchanged and retry. (Repeated 2 times in the last 5.001s)
2025-04-23 14:39:43,837 [timer6] WARN  server.GrpcLogAppender (GrpcLogAppender.java:lambda$resetClient$1(221)) - omNode-1@group-523986131536->omNode-3-GrpcLogAppender: Follower failed (request=null, errorCount=844); keep nextIndex (460) unchanged and retry. (Repeated 2 times in the last 5.000s)
2025-04-23 14:39:43,839 [timer1] WARN  server.GrpcLogAppender (GrpcLogAppender.java:lambda$resetClient$1(221)) - omNode-1@group-523986131536->omNode-3-GrpcLogAppender: Follower failed (request=null, errorCount=846); keep nextIndex (461) unchanged and retry. (Repeated 2 times in the last 5.000s)
2025-04-23 14:39:43,846 [timer0] WARN  server.GrpcLogAppender (GrpcLogAppender.java:lambda$resetClient$1(221)) - omNode-1@group-523986131536->omNode-3-GrpcLogAppender: Follower failed (request=null, errorCount=848); keep nextIndex (462) unchanged and retry. (Repeated 2 times in the last 5.000s)
2025-04-23 14:39:43,848 [timer2] WARN  server.GrpcLogAppender (GrpcLogAppender.java:lambda$resetClient$1(221)) - omNode-1@group-523986131536->omNode-3-GrpcLogAppender: Follower failed (request=null, errorCount=850); keep nextIndex (463) unchanged and retry. (Repeated 2 times in the last 5.000s)
2025-04-23 14:39:43,860 [timer6] WARN  server.GrpcLogAppender (GrpcLogAppender.java:lambda$resetClient$1(221)) - omNode-1@group-523986131536->omNode-3-GrpcLogAppender: Follower failed (request=null, errorCount=852); keep nextIndex (464) unchanged and retry. (Repeated 2 times in the last 5.000s)
2025-04-23 14:39:43,862 [timer2] WARN  server.GrpcLogAppender (GrpcLogAppender.java:lambda$resetClient$1(221)) - omNode-1@group-523986131536->omNode-3-GrpcLogAppender: Follower failed (request=null, errorCount=854); keep nextIndex (465) unchanged and retry. (Repeated 2 times in the last 5.000s)
2025-04-23 14:39:43,871 [timer4] WARN  server.GrpcLogAppender (GrpcLogAppender.java:lambda$resetClient$1(221)) - omNode-1@group-523986131536->omNode-3-GrpcLogAppender: Follower failed (request=null, errorCount=856); keep nextIndex (466) unchanged and retry. (Repeated 2 times in the last 4.999s)
2025-04-23 14:39:43,874 [timer0] WARN  server.GrpcLogAppender (GrpcLogAppender.java:lambda$resetClient$1(221)) - omNode-1@group-523986131536->omNode-3-GrpcLogAppender: Follower failed (request=null, errorCount=858); keep nextIndex (467) unchanged and retry. (Repeated 2 times in the last 5.000s)
2025-04-23 14:39:43,883 [timer5] WARN  server.GrpcLogAppender (GrpcLogAppender.java:lambda$resetClient$1(221)) - omNode-1@group-523986131536->omNode-3-GrpcLogAppender: Follower failed (request=null, errorCount=860); keep nextIndex (468) unchanged and retry. (Repeated 2 times in the last 5.001s)
2025-04-23 14:39:43,886 [timer0] WARN  server.GrpcLogAppender (GrpcLogAppender.java:lambda$resetClient$1(221)) - omNode-1@group-523986131536->omNode-3-GrpcLogAppender: Follower failed (request=null, errorCount=866); keep nextIndex (469) unchanged and retry. (Repeated 6 times in the last 5.000s)
2025-04-23 14:39:43,894 [timer5] WARN  server.GrpcLogAppender (GrpcLogAppender.java:lambda$resetClient$1(221)) - omNode-1@group-523986131536->omNode-3-GrpcLogAppender: Follower failed (request=null, errorCount=868); keep nextIndex (471) unchanged and retry. (Repeated 2 times in the last 5.000s)
2025-04-23 14:39:43,906 [timer2] WARN  server.GrpcLogAppender (GrpcLogAppender.java:lambda$resetClient$1(221)) - omNode-1@group-523986131536->omNode-3-GrpcLogAppender: Follower failed (request=null, errorCount=870); keep nextIndex (472) unchanged and retry. (Repeated 2 times in the last 5.000s)
2025-04-23 14:39:43,909 [timer5] WARN  server.GrpcLogAppender (GrpcLogAppender.java:lambda$resetClient$1(221)) - omNode-1@group-523986131536->omNode-3-GrpcLogAppender: Follower failed (request=null, errorCount=872); keep nextIndex (473) unchanged and retry. (Repeated 2 times in the last 5.002s)
2025-04-23 14:39:43,914 [timer0] WARN  server.GrpcLogAppender (GrpcLogAppender.java:lambda$resetClient$1(221)) - omNode-1@group-523986131536->omNode-3-GrpcLogAppender: Follower failed (request=null, errorCount=874); keep nextIndex (474) unchanged and retry. (Repeated 2 times in the last 5.000s)
2025-04-23 14:39:43,915 [timer1] WARN  server.GrpcLogAppender (GrpcLogAppender.java:lambda$resetClient$1(221)) - omNode-1@group-523986131536->omNode-3-GrpcLogAppender: Follower failed (request=null, errorCount=876); keep nextIndex (475) unchanged and retry. (Repeated 2 times in the last 5.000s)
2025-04-23 14:39:43,924 [timer7] WARN  server.GrpcLogAppender (GrpcLogAppender.java:lambda$resetClient$1(221)) - omNode-1@group-523986131536->omNode-3-GrpcLogAppender: Follower failed (request=null, errorCount=878); keep nextIndex (476) unchanged and retry. (Repeated 2 times in the last 5.000s)
2025-04-23 14:39:43,926 [timer2] WARN  server.GrpcLogAppender (GrpcLogAppender.java:lambda$resetClient$1(221)) - omNode-1@group-523986131536->omNode-3-GrpcLogAppender: Follower failed (request=null, errorCount=880); keep nextIndex (477) unchanged and retry. (Repeated 2 times in the last 5.001s)
2025-04-23 14:39:43,931 [timer5] WARN  server.GrpcLogAppender (GrpcLogAppender.java:lambda$resetClient$1(221)) - omNode-1@group-523986131536->omNode-3-GrpcLogAppender: Follower failed (request=null, errorCount=882); keep nextIndex (478) unchanged and retry. (Repeated 2 times in the last 5.000s)
2025-04-23 14:39:43,932 [timer7] WARN  server.GrpcLogAppender (GrpcLogAppender.java:lambda$resetClient$1(221)) - omNode-1@group-523986131536->omNode-3-GrpcLogAppender: Follower failed (request=null, errorCount=884); keep nextIndex (479) unchanged and retry. (Repeated 2 times in the last 5.000s)
2025-04-23 14:39:43,941 [timer4] WARN  server.GrpcLogAppender (GrpcLogAppender.java:lambda$resetClient$1(221)) - omNode-1@group-523986131536->omNode-3-GrpcLogAppender: Follower failed (request=null, errorCount=886); keep nextIndex (480) unchanged and retry. (Repeated 2 times in the last 5.000s)
2025-04-23 14:39:43,943 [timer0] WARN  server.GrpcLogAppender (GrpcLogAppender.java:lambda$resetClient$1(221)) - omNode-1@group-523986131536->omNode-3-GrpcLogAppender: Follower failed (request=null, errorCount=888); keep nextIndex (481) unchanged and retry. (Repeated 2 times in the last 5.000s)
2025-04-23 14:39:43,948 [timer2] WARN  server.GrpcLogAppender (GrpcLogAppender.java:lambda$resetClient$1(221)) - omNode-1@group-523986131536->omNode-3-GrpcLogAppender: Follower failed (request=null, errorCount=890); keep nextIndex (482) unchanged and retry. (Repeated 2 times in the last 5.001s)
2025-04-23 14:39:43,950 [timer6] WARN  server.GrpcLogAppender (GrpcLogAppender.java:lambda$resetClient$1(221)) - omNode-1@group-523986131536->omNode-3-GrpcLogAppender: Follower failed (request=null, errorCount=892); keep nextIndex (483) unchanged and retry. (Repeated 2 times in the last 5.001s)
2025-04-23 14:39:43,957 [timer3] WARN  server.GrpcLogAppender (GrpcLogAppender.java:lambda$resetClient$1(221)) - omNode-1@group-523986131536->omNode-3-GrpcLogAppender: Follower failed (request=null, errorCount=894); keep nextIndex (484) unchanged and retry. (Repeated 2 times in the last 5.000s)
2025-04-23 14:39:43,958 [timer6] WARN  server.GrpcLogAppender (GrpcLogAppender.java:lambda$resetClient$1(221)) - omNode-1@group-523986131536->omNode-3-GrpcLogAppender: Follower failed (request=null, errorCount=896); keep nextIndex (485) unchanged and retry. (Repeated 2 times in the last 5.000s)
2025-04-23 14:39:43,963 [timer1] WARN  server.GrpcLogAppender (GrpcLogAppender.java:lambda$resetClient$1(221)) - omNode-1@group-523986131536->omNode-3-GrpcLogAppender: Follower failed (request=null, errorCount=898); keep nextIndex (486) unchanged and retry. (Repeated 2 times in the last 5.000s)
2025-04-23 14:39:43,965 [timer4] WARN  server.GrpcLogAppender (GrpcLogAppender.java:lambda$resetClient$1(221)) - omNode-1@group-523986131536->omNode-3-GrpcLogAppender: Follower failed (request=null, errorCount=900); keep nextIndex (487) unchanged and retry. (Repeated 2 times in the last 5.000s)
2025-04-23 14:39:43,976 [timer1] WARN  server.GrpcLogAppender (GrpcLogAppender.java:lambda$resetClient$1(221)) - omNode-1@group-523986131536->omNode-3-GrpcLogAppender: Follower failed (request=null, errorCount=902); keep nextIndex (488) unchanged and retry. (Repeated 2 times in the last 5.000s)
2025-04-23 14:39:43,979 [timer4] WARN  server.GrpcLogAppender (GrpcLogAppender.java:lambda$resetClient$1(221)) - omNode-1@group-523986131536->omNode-3-GrpcLogAppender: Follower failed (request=null, errorCount=904); keep nextIndex (489) unchanged and retry. (Repeated 2 times in the last 5.001s)
2025-04-23 14:39:43,984 [timer7] WARN  server.GrpcLogAppender (GrpcLogAppender.java:lambda$resetClient$1(221)) - omNode-1@group-523986131536->omNode-3-GrpcLogAppender: Follower failed (request=null, errorCount=906); keep nextIndex (490) unchanged and retry. (Repeated 2 times in the last 5.001s)
2025-04-23 14:39:43,986 [timer2] WARN  server.GrpcLogAppender (GrpcLogAppender.java:lambda$resetClient$1(221)) - omNode-1@group-523986131536->omNode-3-GrpcLogAppender: Follower failed (request=null, errorCount=908); keep nextIndex (491) unchanged and retry. (Repeated 2 times in the last 4.999s)
2025-04-23 14:39:43,992 [timer7] WARN  server.GrpcLogAppender (GrpcLogAppender.java:lambda$resetClient$1(221)) - omNode-1@group-523986131536->omNode-3-GrpcLogAppender: Follower failed (request=null, errorCount=910); keep nextIndex (492) unchanged and retry. (Repeated 2 times in the last 5.000s)
2025-04-23 14:39:43,994 [timer2] WARN  server.GrpcLogAppender (GrpcLogAppender.java:lambda$resetClient$1(221)) - omNode-1@group-523986131536->omNode-3-GrpcLogAppender: Follower failed (request=null, errorCount=912); keep nextIndex (493) unchanged and retry. (Repeated 2 times in the last 5.000s)
2025-04-23 14:39:43,997 [timer5] WARN  server.GrpcLogAppender (GrpcLogAppender.java:lambda$resetClient$1(221)) - omNode-1@group-523986131536->omNode-3-GrpcLogAppender: Follower failed (request=null, errorCount=914); keep nextIndex (494) unchanged and retry. (Repeated 2 times in the last 5.000s)
2025-04-23 14:39:44,002 [timer0] WARN  server.GrpcLogAppender (GrpcLogAppender.java:lambda$resetClient$1(221)) - omNode-1@group-523986131536->omNode-3-GrpcLogAppender: Follower failed (request=null, errorCount=916); keep nextIndex (495) unchanged and retry. (Repeated 2 times in the last 5.001s)
2025-04-23 14:39:44,007 [timer5] WARN  server.GrpcLogAppender (GrpcLogAppender.java:lambda$resetClient$1(221)) - omNode-1@group-523986131536->omNode-3-GrpcLogAppender: Follower failed (request=null, errorCount=918); keep nextIndex (496) unchanged and retry. (Repeated 2 times in the last 5.000s)
2025-04-23 14:39:44,008 [timer0] WARN  server.GrpcLogAppender (GrpcLogAppender.java:lambda$resetClient$1(221)) - omNode-1@group-523986131536->omNode-3-GrpcLogAppender: Follower failed (request=null, errorCount=920); keep nextIndex (497) unchanged and retry. (Repeated 2 times in the last 4.999s)
2025-04-23 14:39:44,011 [timer3] WARN  server.GrpcLogAppender (GrpcLogAppender.java:lambda$resetClient$1(221)) - omNode-1@group-523986131536->omNode-3-GrpcLogAppender: Follower failed (request=null, errorCount=922); keep nextIndex (498) unchanged and retry. (Repeated 2 times in the last 5.000s)
2025-04-23 14:39:44,013 [timer6] WARN  server.GrpcLogAppender (GrpcLogAppender.java:lambda$resetClient$1(221)) - omNode-1@group-523986131536->omNode-3-GrpcLogAppender: Follower failed (request=null, errorCount=924); keep nextIndex (499) unchanged and retry. (Repeated 2 times in the last 5.000s)
2025-04-23 14:39:44,019 [timer3] WARN  server.GrpcLogAppender (GrpcLogAppender.java:lambda$resetClient$1(221)) - omNode-1@group-523986131536->omNode-3-GrpcLogAppender: Follower failed (request=null, errorCount=926); keep nextIndex (500) unchanged and retry. (Repeated 2 times in the last 5.000s)
2025-04-23 14:39:44,020 [timer6] WARN  server.GrpcLogAppender (GrpcLogAppender.java:lambda$resetClient$1(221)) - omNode-1@group-523986131536->omNode-3-GrpcLogAppender: Follower failed (request=null, errorCount=928); keep nextIndex (501) unchanged and retry. (Repeated 2 times in the last 5.000s)
2025-04-23 14:39:44,025 [timer1] WARN  server.GrpcLogAppender (GrpcLogAppender.java:lambda$resetClient$1(221)) - omNode-1@group-523986131536->omNode-3-GrpcLogAppender: Follower failed (request=null, errorCount=930); keep nextIndex (502) unchanged and retry. (Repeated 2 times in the last 5.001s)
2025-04-23 14:39:44,027 [timer4] WARN  server.GrpcLogAppender (GrpcLogAppender.java:lambda$resetClient$1(221)) - omNode-1@group-523986131536->omNode-3-GrpcLogAppender: Follower failed (request=null, errorCount=932); keep nextIndex (503) unchanged and retry. (Repeated 2 times in the last 5.000s)
2025-04-23 14:39:44,038 [timer0] WARN  server.GrpcLogAppender (GrpcLogAppender.java:lambda$resetClient$1(221)) - omNode-1@group-523986131536->omNode-3-GrpcLogAppender: Follower failed (request=null, errorCount=934); keep nextIndex (504) unchanged and retry. (Repeated 2 times in the last 5.001s)
2025-04-23 14:39:44,040 [timer2] WARN  server.GrpcLogAppender (GrpcLogAppender.java:lambda$resetClient$1(221)) - omNode-1@group-523986131536->omNode-3-GrpcLogAppender: Follower failed (request=null, errorCount=936); keep nextIndex (505) unchanged and retry. (Repeated 2 times in the last 5.000s)
2025-04-23 14:39:44,060 [timer6] WARN  server.GrpcLogAppender (GrpcLogAppender.java:lambda$resetClient$1(221)) - omNode-1@group-523986131536->omNode-3-GrpcLogAppender: Follower failed (request=null, errorCount=938); keep nextIndex (506) unchanged and retry. (Repeated 2 times in the last 5.001s)
2025-04-23 14:39:44,063 [timer1] WARN  server.GrpcLogAppender (GrpcLogAppender.java:lambda$resetClient$1(221)) - omNode-1@group-523986131536->omNode-3-GrpcLogAppender: Follower failed (request=null, errorCount=940); keep nextIndex (507) unchanged and retry. (Repeated 2 times in the last 5.001s)
2025-04-23 14:39:44,073 [timer6] WARN  server.GrpcLogAppender (GrpcLogAppender.java:lambda$resetClient$1(221)) - omNode-1@group-523986131536->omNode-3-GrpcLogAppender: Follower failed (request=null, errorCount=942); keep nextIndex (508) unchanged and retry. (Repeated 2 times in the last 5.001s)
2025-04-23 14:39:44,073 [timer0] WARN  server.GrpcLogAppender (GrpcLogAppender.java:lambda$resetClient$1(221)) - omNode-1@group-523986131536->omNode-3-GrpcLogAppender: Follower failed (request=null, errorCount=944); keep nextIndex (509) unchanged and retry. (Repeated 2 times in the last 5.000s)
2025-04-23 14:39:44,079 [timer4] WARN  server.GrpcLogAppender (GrpcLogAppender.java:lambda$resetClient$1(221)) - omNode-1@group-523986131536->omNode-3-GrpcLogAppender: Follower failed (request=null, errorCount=946); keep nextIndex (510) unchanged and retry. (Repeated 2 times in the last 5.000s)
2025-04-23 14:39:44,081 [timer7] WARN  server.GrpcLogAppender (GrpcLogAppender.java:lambda$resetClient$1(221)) - omNode-1@group-523986131536->omNode-3-GrpcLogAppender: Follower failed (request=null, errorCount=948); keep nextIndex (511) unchanged and retry. (Repeated 2 times in the last 5.000s)
2025-04-23 14:39:44,091 [timer4] WARN  server.GrpcLogAppender (GrpcLogAppender.java:lambda$resetClient$1(221)) - omNode-1@group-523986131536->omNode-3-GrpcLogAppender: Follower failed (request=null, errorCount=950); keep nextIndex (512) unchanged and retry. (Repeated 2 times in the last 5.001s)
2025-04-23 14:39:44,093 [timer7] WARN  server.GrpcLogAppender (GrpcLogAppender.java:lambda$resetClient$1(221)) - omNode-1@group-523986131536->omNode-3-GrpcLogAppender: Follower failed (request=null, errorCount=952); keep nextIndex (513) unchanged and retry. (Repeated 2 times in the last 5.001s)
2025-04-23 14:39:44,098 [timer2] WARN  server.GrpcLogAppender (GrpcLogAppender.java:lambda$resetClient$1(221)) - omNode-1@group-523986131536->omNode-3-GrpcLogAppender: Follower failed (request=null, errorCount=954); keep nextIndex (514) unchanged and retry. (Repeated 2 times in the last 5.001s)
2025-04-23 14:39:44,100 [timer5] WARN  server.GrpcLogAppender (GrpcLogAppender.java:lambda$resetClient$1(221)) - omNode-1@group-523986131536->omNode-3-GrpcLogAppender: Follower failed (request=null, errorCount=956); keep nextIndex (515) unchanged and retry. (Repeated 2 times in the last 5.001s)
2025-04-23 14:39:44,109 [timer2] WARN  server.GrpcLogAppender (GrpcLogAppender.java:lambda$resetClient$1(221)) - omNode-1@group-523986131536->omNode-3-GrpcLogAppender: Follower failed (request=null, errorCount=958); keep nextIndex (516) unchanged and retry. (Repeated 2 times in the last 5.000s)
2025-04-23 14:39:44,111 [timer5] WARN  server.GrpcLogAppender (GrpcLogAppender.java:lambda$resetClient$1(221)) - omNode-1@group-523986131536->omNode-3-GrpcLogAppender: Follower failed (request=null, errorCount=960); keep nextIndex (517) unchanged and retry. (Repeated 2 times in the last 5.000s)
2025-04-23 14:39:44,117 [timer0] WARN  server.GrpcLogAppender (GrpcLogAppender.java:lambda$resetClient$1(221)) - omNode-1@group-523986131536->omNode-3-GrpcLogAppender: Follower failed (request=null, errorCount=962); keep nextIndex (518) unchanged and retry. (Repeated 2 times in the last 5.001s)
2025-04-23 14:39:44,118 [timer2] WARN  server.GrpcLogAppender (GrpcLogAppender.java:lambda$resetClient$1(221)) - omNode-1@group-523986131536->omNode-3-GrpcLogAppender: Follower failed (request=null, errorCount=964); keep nextIndex (519) unchanged and retry. (Repeated 2 times in the last 5.001s)
2025-04-23 14:39:44,128 [timer0] WARN  server.GrpcLogAppender (GrpcLogAppender.java:lambda$resetClient$1(221)) - omNode-1@group-523986131536->omNode-3-GrpcLogAppender: Follower failed (request=null, errorCount=966); keep nextIndex (520) unchanged and retry. (Repeated 2 times in the last 5.000s)
2025-04-23 14:39:44,130 [timer3] WARN  server.GrpcLogAppender (GrpcLogAppender.java:lambda$resetClient$1(221)) - omNode-1@group-523986131536->omNode-3-GrpcLogAppender: Follower failed (request=null, errorCount=968); keep nextIndex (521) unchanged and retry. (Repeated 2 times in the last 5.001s)
2025-04-23 14:39:44,136 [timer6] WARN  server.GrpcLogAppender (GrpcLogAppender.java:lambda$resetClient$1(221)) - omNode-1@group-523986131536->omNode-3-GrpcLogAppender: Follower failed (request=null, errorCount=970); keep nextIndex (522) unchanged and retry. (Repeated 2 times in the last 5.000s)
2025-04-23 14:39:44,139 [timer1] WARN  server.GrpcLogAppender (GrpcLogAppender.java:lambda$resetClient$1(221)) - omNode-1@group-523986131536->omNode-3-GrpcLogAppender: Follower failed (request=null, errorCount=976); keep nextIndex (523) unchanged and retry. (Repeated 6 times in the last 5.000s)
2025-04-23 14:39:44,150 [timer0] WARN  server.GrpcLogAppender (GrpcLogAppender.java:lambda$resetClient$1(221)) - omNode-1@group-523986131536->omNode-3-GrpcLogAppender: Follower failed (request=null, errorCount=978); keep nextIndex (525) unchanged and retry. (Repeated 2 times in the last 5.000s)
2025-04-23 14:39:44,154 [timer3] WARN  server.GrpcLogAppender (GrpcLogAppender.java:lambda$resetClient$1(221)) - omNode-1@group-523986131536->omNode-3-GrpcLogAppender: Follower failed (request=null, errorCount=980); keep nextIndex (526) unchanged and retry. (Repeated 2 times in the last 5.000s)
2025-04-23 14:39:44,157 [timer6] WARN  server.GrpcLogAppender (GrpcLogAppender.java:lambda$resetClient$1(221)) - omNode-1@group-523986131536->omNode-3-GrpcLogAppender: Follower failed (request=null, errorCount=982); keep nextIndex (527) unchanged and retry. (Repeated 2 times in the last 5.001s)
2025-04-23 14:39:44,165 [timer3] WARN  server.GrpcLogAppender (GrpcLogAppender.java:lambda$resetClient$1(221)) - omNode-1@group-523986131536->omNode-3-GrpcLogAppender: Follower failed (request=null, errorCount=984); keep nextIndex (528) unchanged and retry. (Repeated 2 times in the last 5.001s)
2025-04-23 14:39:44,167 [timer5] WARN  server.GrpcLogAppender (GrpcLogAppender.java:lambda$resetClient$1(221)) - omNode-1@group-523986131536->omNode-3-GrpcLogAppender: Follower failed (request=null, errorCount=986); keep nextIndex (529) unchanged and retry. (Repeated 2 times in the last 5.001s)
2025-04-23 14:39:44,172 [timer0] WARN  server.GrpcLogAppender (GrpcLogAppender.java:lambda$resetClient$1(221)) - omNode-1@group-523986131536->omNode-3-GrpcLogAppender: Follower failed (request=null, errorCount=988); keep nextIndex (530) unchanged and retry. (Repeated 2 times in the last 5.000s)
2025-04-23 14:39:44,175 [timer3] WARN  server.GrpcLogAppender (GrpcLogAppender.java:lambda$resetClient$1(221)) - omNode-1@group-523986131536->omNode-3-GrpcLogAppender: Follower failed (request=null, errorCount=990); keep nextIndex (531) unchanged and retry. (Repeated 2 times in the last 5.000s)
2025-04-23 14:39:44,184 [timer0] WARN  server.GrpcLogAppender (GrpcLogAppender.java:lambda$resetClient$1(221)) - omNode-1@group-523986131536->omNode-3-GrpcLogAppender: Follower failed (request=null, errorCount=992); keep nextIndex (532) unchanged and retry. (Repeated 2 times in the last 5.001s)
2025-04-23 14:39:44,185 [timer3] WARN  server.GrpcLogAppender (GrpcLogAppender.java:lambda$resetClient$1(221)) - omNode-1@group-523986131536->omNode-3-GrpcLogAppender: Follower failed (request=null, errorCount=994); keep nextIndex (533) unchanged and retry. (Repeated 2 times in the last 5.000s)
2025-04-23 14:39:44,190 [timer6] WARN  server.GrpcLogAppender (GrpcLogAppender.java:lambda$resetClient$1(221)) - omNode-1@group-523986131536->omNode-3-GrpcLogAppender: Follower failed (request=null, errorCount=996); keep nextIndex (534) unchanged and retry. (Repeated 2 times in the last 5.000s)
2025-04-23 14:39:44,192 [timer1] WARN  server.GrpcLogAppender (GrpcLogAppender.java:lambda$resetClient$1(221)) - omNode-1@group-523986131536->omNode-3-GrpcLogAppender: Follower failed (request=null, errorCount=998); keep nextIndex (535) unchanged and retry. (Repeated 2 times in the last 5.000s)
2025-04-23 14:39:44,201 [timer5] WARN  server.GrpcLogAppender (GrpcLogAppender.java:lambda$resetClient$1(221)) - omNode-1@group-523986131536->omNode-3-GrpcLogAppender: Follower failed (request=null, errorCount=1000); keep nextIndex (536) unchanged and retry. (Repeated 2 times in the last 5.000s)
2025-04-23 14:39:44,202 [timer0] WARN  server.GrpcLogAppender (GrpcLogAppender.java:lambda$resetClient$1(221)) - omNode-1@group-523986131536->omNode-3-GrpcLogAppender: Follower failed (request=null, errorCount=1002); keep nextIndex (537) unchanged and retry. (Repeated 2 times in the last 4.999s)
2025-04-23 14:39:44,207 [timer2] WARN  server.GrpcLogAppender (GrpcLogAppender.java:lambda$resetClient$1(221)) - omNode-1@group-523986131536->omNode-3-GrpcLogAppender: Follower failed (request=null, errorCount=1004); keep nextIndex (538) unchanged and retry. (Repeated 2 times in the last 5.001s)
2025-04-23 14:39:44,210 [timer7] WARN  server.GrpcLogAppender (GrpcLogAppender.java:lambda$resetClient$1(221)) - omNode-1@group-523986131536->omNode-3-GrpcLogAppender: Follower failed (request=null, errorCount=1006); keep nextIndex (539) unchanged and retry. (Repeated 2 times in the last 5.001s)
2025-04-23 14:39:44,217 [timer3] WARN  server.GrpcLogAppender (GrpcLogAppender.java:lambda$resetClient$1(221)) - omNode-1@group-523986131536->omNode-3-GrpcLogAppender: Follower failed (request=null, errorCount=1008); keep nextIndex (540) unchanged and retry. (Repeated 2 times in the last 4.999s)
2025-04-23 14:39:44,219 [timer6] WARN  server.GrpcLogAppender (GrpcLogAppender.java:lambda$resetClient$1(221)) - omNode-1@group-523986131536->omNode-3-GrpcLogAppender: Follower failed (request=null, errorCount=1010); keep nextIndex (541) unchanged and retry. (Repeated 2 times in the last 5.000s)
2025-04-23 14:39:44,223 [timer1] WARN  server.GrpcLogAppender (GrpcLogAppender.java:lambda$resetClient$1(221)) - omNode-1@group-523986131536->omNode-3-GrpcLogAppender: Follower failed (request=null, errorCount=1012); keep nextIndex (542) unchanged and retry. (Repeated 2 times in the last 5.000s)
2025-04-23 14:39:44,226 [timer4] WARN  server.GrpcLogAppender (GrpcLogAppender.java:lambda$resetClient$1(221)) - omNode-1@group-523986131536->omNode-3-GrpcLogAppender: Follower failed (request=null, errorCount=1014); keep nextIndex (543) unchanged and retry. (Repeated 2 times in the last 4.999s)
2025-04-23 14:39:44,235 [timer1] WARN  server.GrpcLogAppender (GrpcLogAppender.java:lambda$resetClient$1(221)) - omNode-1@group-523986131536->omNode-3-GrpcLogAppender: Follower failed (request=null, errorCount=1016); keep nextIndex (544) unchanged and retry. (Repeated 2 times in the last 5.001s)
2025-04-23 14:39:44,237 [timer4] WARN  server.GrpcLogAppender (GrpcLogAppender.java:lambda$resetClient$1(221)) - omNode-1@group-523986131536->omNode-3-GrpcLogAppender: Follower failed (request=null, errorCount=1020); keep nextIndex (545) unchanged and retry. (Repeated 4 times in the last 5.000s)
2025-04-23 14:39:44,297 [omNode-3-server-thread1] INFO  ratis.OzoneManagerStateMachine (OzoneManagerStateMachine.java:notifyLeaderChanged(169)) - omNode-3@group-523986131536: leader changed to omNode-1
2025-04-23 14:39:44,297 [omNode-3-server-thread1] INFO  server.RaftServer$Division (ServerState.java:setLeader(272)) - omNode-3@group-523986131536: change Leader from null to omNode-1 at term 1 for appendEntries, leader elected after 4963ms
2025-04-23 14:39:44,297 [omNode-3-server-thread1] INFO  server.RaftServer$Division (RaftServerImpl.java:checkInconsistentAppendEntries(1648)) - omNode-3@group-523986131536: Failed appendEntries as previous log entry ((t:1, i:544)) is not found
2025-04-23 14:39:44,297 [omNode-3-server-thread1] INFO  server.RaftServer$Division (RaftServerImpl.java:appendEntriesAsync(1580)) - omNode-3@group-523986131536: appendEntries* reply omNode-1<-omNode-3#2845:FAIL-t1,INCONSISTENCY,nextIndex=45,followerCommit=43,matchIndex=-1
2025-04-23 14:39:44,297 [grpc-default-executor-4] WARN  server.GrpcLogAppender (GrpcLogAppender.java:onNextImpl(519)) - omNode-1@group-523986131536->omNode-3-AppendLogResponseHandler: received INCONSISTENCY reply with nextIndex 45, errorCount=1021, request=AppendEntriesRequest:cid=2845,entriesCount=0
2025-04-23 14:39:44,297 [grpc-default-executor-4] INFO  leader.FollowerInfo (FollowerInfoImpl.java:info(70)) - omNode-1@group-523986131536->omNode-3: setNextIndex nextIndex: updateUnconditionally 545 -> 45
2025-04-23 14:39:44,439 [omNode-3@group-523986131536-StateMachineUpdater] INFO  ratis.OzoneManagerStateMachine (OzoneManagerStateMachine.java:takeSnapshotImpl(510)) - omNode-3: taking snapshot. applied = (t:1, i:544), skipped = 543, notified = (t:1, i:544), current snapshot index = (t:1, i:544), took 15 ms
2025-04-23 14:39:44,439 [omNode-3@group-523986131536-StateMachineUpdater] INFO  impl.StateMachineUpdater (StateMachineUpdater.java:takeSnapshot(303)) - omNode-3@group-523986131536-StateMachineUpdater: Took a snapshot at index 544
2025-04-23 14:39:44,439 [omNode-3@group-523986131536-StateMachineUpdater] INFO  impl.StateMachineUpdater (StateMachineUpdater.java:lambda$new$0(102)) - omNode-3@group-523986131536-StateMachineUpdater: snapshotIndex: updateIncreasingly 43 -> 544
2025-04-23 14:39:44,439 [omNode-3@group-523986131536-StateMachineUpdater] INFO  raftlog.RaftLog (RaftLogBase.java:purge(325)) - omNode-3@group-523986131536-SegmentedRaftLog: purge 544
2025-04-23 14:39:44,439 [omNode-3@group-523986131536-StateMachineUpdater] INFO  raftlog.RaftLog (RaftLogBase.java:lambda$new$0(54)) - omNode-3@group-523986131536-SegmentedRaftLog: snapshotIndex: updateIncreasingly 43 -> 544
2025-04-23 14:39:44,439 [omNode-3@group-523986131536-StateMachineUpdater] INFO  raftlog.RaftLog (RaftLogBase.java:lambda$new$0(54)) - omNode-3@group-523986131536-SegmentedRaftLog: purgeIndex: updateToMax old=-1, new=544, updated? true
2025-04-23 14:39:44,525 [omNode-2@group-523986131536-StateMachineUpdater] INFO  ratis.OzoneManagerStateMachine (OzoneManagerStateMachine.java:takeSnapshotImpl(510)) - omNode-2: taking snapshot. applied = (t:1, i:550), skipped = 549, notified = (t:1, i:550), current snapshot index = (t:1, i:550), took 29 ms
2025-04-23 14:39:44,525 [omNode-2@group-523986131536-StateMachineUpdater] INFO  impl.StateMachineUpdater (StateMachineUpdater.java:takeSnapshot(303)) - omNode-2@group-523986131536-StateMachineUpdater: Took a snapshot at index 550
2025-04-23 14:39:44,525 [omNode-2@group-523986131536-StateMachineUpdater] INFO  impl.StateMachineUpdater (StateMachineUpdater.java:lambda$new$0(102)) - omNode-2@group-523986131536-StateMachineUpdater: snapshotIndex: updateIncreasingly 500 -> 550
2025-04-23 14:39:44,525 [omNode-2@group-523986131536-StateMachineUpdater] INFO  raftlog.RaftLog (RaftLogBase.java:purge(325)) - omNode-2@group-523986131536-SegmentedRaftLog: purge 550
2025-04-23 14:39:44,525 [omNode-2@group-523986131536-StateMachineUpdater] INFO  raftlog.RaftLog (RaftLogBase.java:lambda$new$0(54)) - omNode-2@group-523986131536-SegmentedRaftLog: snapshotIndex: updateIncreasingly 500 -> 550
2025-04-23 14:39:44,525 [omNode-2@group-523986131536-StateMachineUpdater] INFO  raftlog.RaftLog (RaftLogBase.java:lambda$new$0(54)) - omNode-2@group-523986131536-SegmentedRaftLog: purgeIndex: updateToMax old=500, new=550, updated? true
2025-04-23 14:39:44,525 [omNode-1@group-523986131536-StateMachineUpdater] INFO  ratis.OzoneManagerStateMachine (OzoneManagerStateMachine.java:takeSnapshotImpl(510)) - omNode-1: taking snapshot. applied = (t:1, i:552), skipped = 551, notified = (t:1, i:552), current snapshot index = (t:1, i:552), took 26 ms
2025-04-23 14:39:44,525 [omNode-1@group-523986131536-StateMachineUpdater] INFO  impl.StateMachineUpdater (StateMachineUpdater.java:takeSnapshot(303)) - omNode-1@group-523986131536-StateMachineUpdater: Took a snapshot at index 552
2025-04-23 14:39:44,525 [omNode-1@group-523986131536-StateMachineUpdater] INFO  impl.StateMachineUpdater (StateMachineUpdater.java:lambda$new$0(102)) - omNode-1@group-523986131536-StateMachineUpdater: snapshotIndex: updateIncreasingly 502 -> 552
2025-04-23 14:39:44,525 [omNode-1@group-523986131536-StateMachineUpdater] INFO  raftlog.RaftLog (RaftLogBase.java:purge(325)) - omNode-1@group-523986131536-SegmentedRaftLog: purge 552
2025-04-23 14:39:44,525 [omNode-1@group-523986131536-StateMachineUpdater] INFO  raftlog.RaftLog (RaftLogBase.java:lambda$new$0(54)) - omNode-1@group-523986131536-SegmentedRaftLog: snapshotIndex: updateIncreasingly 502 -> 552
2025-04-23 14:39:44,525 [omNode-1@group-523986131536-StateMachineUpdater] INFO  raftlog.RaftLog (RaftLogBase.java:lambda$new$0(54)) - omNode-1@group-523986131536-SegmentedRaftLog: purgeIndex: updateToMax old=502, new=552, updated? true
2025-04-23 14:39:44,647 [main] INFO  om.OzoneManager (OzoneManager.java:stop(2347)) - omNode-3[localhost:15056]: Stopping Ozone Manager
2025-04-23 14:39:44,647 [main] INFO  ipc.Server (Server.java:stop(3697)) - Stopping server on 15056
2025-04-23 14:39:44,649 [IPC Server listener on 15056] INFO  ipc.Server (Server.java:run(1585)) - Stopping IPC Server listener on 15056
2025-04-23 14:39:44,649 [IPC Server Responder] INFO  ipc.Server (Server.java:run(1718)) - Stopping IPC Server Responder
2025-04-23 14:39:44,649 [main] INFO  ratis.OzoneManagerRatisServer (OzoneManagerRatisServer.java:stop(634)) - Stopping org.apache.hadoop.ozone.om.ratis.OzoneManagerRatisServer@7ba47882 at port 15059
2025-04-23 14:39:44,650 [main] INFO  server.RaftServer (RaftServerProxy.java:lambda$close$9(417)) - omNode-3: close
2025-04-23 14:39:44,650 [main] INFO  server.GrpcService (GrpcService.java:closeImpl(343)) - omNode-3: shutdown server GrpcServerProtocolService now
2025-04-23 14:39:44,650 [omNode-3-impl-thread1] INFO  server.RaftServer$Division (RaftServerImpl.java:lambda$close$1(513)) - omNode-3@group-523986131536: shutdown
2025-04-23 14:39:44,650 [omNode-3-impl-thread1] INFO  util.JmxRegister (JmxRegister.java:unregister(74)) - Successfully un-registered JMX Bean with object name Ratis:service=RaftServer,group=group-523986131536,id=omNode-3
2025-04-23 14:39:44,650 [omNode-3-impl-thread1] INFO  impl.RoleInfo (RoleInfo.java:shutdownFollowerState(121)) - omNode-3: shutdown omNode-3@group-523986131536-FollowerState
2025-04-23 14:39:44,650 [omNode-3-impl-thread1] INFO  impl.StateMachineUpdater (StateMachineUpdater.java:stopAndJoin(164)) - omNode-3@group-523986131536-StateMachineUpdater: set stopIndex = 583
2025-04-23 14:39:44,650 [omNode-3@group-523986131536-FollowerState] INFO  impl.FollowerState (FollowerState.java:runImpl(170)) - omNode-3@group-523986131536-FollowerState was interrupted
2025-04-23 14:39:44,651 [Thread-9357] INFO  server.GrpcServerProtocolClient (GrpcServerProtocolClient.java:close(105)) - omNode-1 Close channels
2025-04-23 14:39:44,652 [grpc-default-executor-0] WARN  server.GrpcServerProtocolService (LogUtils.java:warn(121)) - omNode-3: APPEND_ENTRIES onError, lastRequest: omNode-1->omNode-3#2936-t1,previous=(t:1, i:583),leaderCommit=583,initializing? false,entries: size=1, first=(t:1, i:584), METADATAENTRY(c:583): org.apache.ratis.thirdparty.io.grpc.StatusRuntimeException: CANCELLED: client cancelled
2025-04-23 14:39:44,652 [grpc-default-executor-0] WARN  server.GrpcLogAppender (LogUtils.java:warn(121)) - omNode-1@group-523986131536->omNode-3-AppendLogResponseHandler: Failed appendEntries: org.apache.ratis.thirdparty.io.grpc.StatusRuntimeException: CANCELLED: RST_STREAM closed stream. HTTP/2 error code: CANCEL
2025-04-23 14:39:44,652 [grpc-default-executor-4] WARN  server.GrpcServerProtocolService (LogUtils.java:warn(121)) - omNode-3: APPEND_ENTRIES onError, lastRequest: null: org.apache.ratis.thirdparty.io.grpc.StatusRuntimeException: CANCELLED: client cancelled
2025-04-23 14:39:44,652 [grpc-default-executor-0] WARN  server.GrpcLogAppender (GrpcLogAppender.java:lambda$resetClient$1(221)) - omNode-1@group-523986131536->omNode-3-GrpcLogAppender: Follower failed (request=null, errorCount=1); keep nextIndex (585) unchanged and retry.
2025-04-23 14:39:44,652 [Thread-9358] INFO  server.GrpcServerProtocolClient (GrpcServerProtocolClient.java:close(105)) - omNode-2 Close channels
2025-04-23 14:39:44,653 [main] INFO  server.GrpcService (GrpcService.java:closeImpl(352)) - omNode-3: shutdown server GrpcServerProtocolService successfully
2025-04-23 14:39:44,667 [omNode-3@group-523986131536-StateMachineUpdater] INFO  ratis.OzoneManagerStateMachine (OzoneManagerStateMachine.java:takeSnapshotImpl(510)) - omNode-3: taking snapshot. applied = (t:1, i:583), skipped = 581, notified = (t:1, i:582), current snapshot index = (t:1, i:583), took 16 ms
2025-04-23 14:39:44,667 [omNode-3@group-523986131536-StateMachineUpdater] INFO  impl.StateMachineUpdater (StateMachineUpdater.java:takeSnapshot(303)) - omNode-3@group-523986131536-StateMachineUpdater: Took a snapshot at index 583
2025-04-23 14:39:44,667 [omNode-3@group-523986131536-StateMachineUpdater] INFO  impl.StateMachineUpdater (StateMachineUpdater.java:lambda$new$0(102)) - omNode-3@group-523986131536-StateMachineUpdater: snapshotIndex: updateIncreasingly 544 -> 583
2025-04-23 14:39:44,667 [omNode-3@group-523986131536-StateMachineUpdater] INFO  impl.StateMachineUpdater (StateMachineUpdater.java:stop(141)) - omNode-3@group-523986131536-StateMachineUpdater: closing OzoneManagerStateMachine, lastApplied=(t:1, i:583)
2025-04-23 14:39:44,667 [omNode-3@group-523986131536-StateMachineUpdater] INFO  ratis.OzoneManagerStateMachine (OzoneManagerStateMachine.java:close(550)) - Stopping OzoneManagerStateMachine:omNode-3:group-523986131536.
2025-04-23 14:39:44,667 [omNode-3@group-523986131536-StateMachineUpdater] INFO  ratis.OzoneManagerDoubleBuffer (OzoneManagerDoubleBuffer.java:stopDaemon(500)) - Stopping OMDoubleBuffer flush thread
2025-04-23 14:39:44,668 [omNode-3-OMDoubleBufferFlushThread] INFO  ratis.OzoneManagerDoubleBuffer (OzoneManagerDoubleBuffer.java:canFlush(559)) - OMDoubleBuffer flush thread omNode-3-OMDoubleBufferFlushThread is interrupted and will exit.
2025-04-23 14:39:44,669 [omNode-3@group-523986131536-cacheEviction-AwaitToRun] INFO  util.AwaitToRun (AwaitToRun.java:run(49)) - omNode-3@group-523986131536-cacheEviction-AwaitToRun-AwaitForSignal is interrupted
2025-04-23 14:39:45,645 [omNode-3-impl-thread1] INFO  segmented.SegmentedRaftLogWorker (SegmentedRaftLogWorker.java:close(252)) - omNode-3@group-523986131536-SegmentedRaftLogWorker close()
2025-04-23 14:39:45,646 [JvmPauseMonitor49] INFO  util.JvmPauseMonitor (JvmPauseMonitor.java:run(152)) - JvmPauseMonitor-omNode-3: Stopped
2025-04-23 14:39:45,646 [main] INFO  utils.BackgroundService (BackgroundService.java:shutdown(161)) - Shutting down service KeyDeletingService
2025-04-23 14:39:45,646 [main] INFO  utils.BackgroundService (BackgroundService.java:shutdown(161)) - Shutting down service DirectoryDeletingService
2025-04-23 14:39:45,647 [main] INFO  utils.BackgroundService (BackgroundService.java:shutdown(161)) - Shutting down service OpenKeyCleanupService
2025-04-23 14:39:45,648 [main] INFO  utils.BackgroundService (BackgroundService.java:shutdown(161)) - Shutting down service SstFilteringService
2025-04-23 14:39:45,648 [main] INFO  utils.BackgroundService (BackgroundService.java:shutdown(161)) - Shutting down service SnapshotDeletingService
2025-04-23 14:39:45,649 [main] INFO  utils.BackgroundService (BackgroundService.java:shutdown(161)) - Shutting down service MultipartUploadCleanupService
2025-04-23 14:39:45,650 [main] INFO  handler.ContextHandler (ContextHandler.java:doStop(1159)) - Stopped o.e.j.w.WebAppContext@76bfbe2d{ozoneManager,/,null,STOPPED}{file:/home/runner/work/ozone/ozone/hadoop-ozone/integration-test/target/test-classes/webapps/ozoneManager}
2025-04-23 14:39:45,650 [main] INFO  server.AbstractConnector (AbstractConnector.java:doStop(383)) - Stopped ServerConnector@5d46cf5c{HTTP/1.1, (http/1.1)}{0.0.0.0:15057}
2025-04-23 14:39:45,651 [main] INFO  server.session (HouseKeeper.java:stopScavenging(149)) - node0 Stopped scavenging
2025-04-23 14:39:45,651 [main] INFO  handler.ContextHandler (ContextHandler.java:doStop(1159)) - Stopped o.e.j.s.ServletContextHandler@3932f90e{static,/static,file:///home/runner/work/ozone/ozone/hadoop-ozone/integration-test/target/test-classes/webapps/static,STOPPED}
2025-04-23 14:39:45,651 [main] INFO  handler.ContextHandler (ContextHandler.java:doStop(1159)) - Stopped o.e.j.s.ServletContextHandler@7a5623d8{logs,/logs,file:///home/runner/work/ozone/ozone/hadoop-ozone/integration-test/target/log,STOPPED}
2025-04-23 14:39:45,651 [main] INFO  rocksdiff.RocksDBCheckpointDiffer (RocksDBCheckpointDiffer.java:close(304)) - Shutting down CompactionDagPruningService.
2025-04-23 14:39:45,653 [main] INFO  snapshot.SnapshotDiffManager (SnapshotDiffManager.java:closeExecutorService(1698)) - Shutting down executorService: 'SnapDiffExecutor'
2025-04-23 14:39:45,654 [main] INFO  utils.BackgroundService (BackgroundService.java:shutdown(161)) - Shutting down service SnapshotDiffCleanupService
2025-04-23 14:39:45,654 [main] INFO  om.OzoneManager (OzoneManager.java:stop(2347)) - omNode-1[localhost:15048]: Stopping Ozone Manager
2025-04-23 14:39:45,654 [main] INFO  ipc.Server (Server.java:stop(3697)) - Stopping server on 15048
2025-04-23 14:39:45,656 [IPC Server listener on 15048] INFO  ipc.Server (Server.java:run(1585)) - Stopping IPC Server listener on 15048
2025-04-23 14:39:45,656 [main] INFO  ratis.OzoneManagerRatisServer (OzoneManagerRatisServer.java:stop(634)) - Stopping org.apache.hadoop.ozone.om.ratis.OzoneManagerRatisServer@6773cc23 at port 15051
2025-04-23 14:39:45,656 [IPC Server Responder] INFO  ipc.Server (Server.java:run(1718)) - Stopping IPC Server Responder
2025-04-23 14:39:45,656 [main] INFO  server.RaftServer (RaftServerProxy.java:lambda$close$9(417)) - omNode-1: close
2025-04-23 14:39:45,656 [main] INFO  server.GrpcService (GrpcService.java:closeImpl(343)) - omNode-1: shutdown server GrpcServerProtocolService now
2025-04-23 14:39:45,656 [omNode-1-impl-thread1] INFO  server.RaftServer$Division (RaftServerImpl.java:lambda$close$1(513)) - omNode-1@group-523986131536: shutdown
2025-04-23 14:39:45,656 [omNode-1-impl-thread1] INFO  util.JmxRegister (JmxRegister.java:unregister(74)) - Successfully un-registered JMX Bean with object name Ratis:service=RaftServer,group=group-523986131536,id=omNode-1
2025-04-23 14:39:45,657 [omNode-1-impl-thread1] INFO  impl.RoleInfo (RoleInfo.java:shutdownLeaderState(103)) - omNode-1: shutdown omNode-1@group-523986131536-LeaderStateImpl
2025-04-23 14:39:45,657 [omNode-1-impl-thread1] INFO  impl.PendingRequests (PendingRequests.java:sendNotLeaderResponses(287)) - omNode-1@group-523986131536-PendingRequests: sendNotLeaderResponses
2025-04-23 14:39:45,657 [omNode-1@group-523986131536->omNode-2-GrpcLogAppender-LogAppenderDaemon] WARN  server.GrpcLogAppender (GrpcLogAppender.java:mayWait(293)) - omNode-1@group-523986131536->omNode-2-GrpcLogAppender: Wait interrupted by java.lang.InterruptedException
2025-04-23 14:39:45,657 [omNode-1@group-523986131536->omNode-3-GrpcLogAppender-LogAppenderDaemon] WARN  server.GrpcLogAppender (GrpcLogAppender.java:mayWait(293)) - omNode-1@group-523986131536->omNode-3-GrpcLogAppender: Wait interrupted by java.lang.InterruptedException
2025-04-23 14:39:45,657 [omNode-1-impl-thread1] INFO  impl.StateMachineUpdater (StateMachineUpdater.java:stopAndJoin(164)) - omNode-1@group-523986131536-StateMachineUpdater: set stopIndex = 584
2025-04-23 14:39:45,657 [grpc-default-executor-0] INFO  server.GrpcServerProtocolService (GrpcServerProtocolService.java:onCompleted(157)) - omNode-2: Completed APPEND_ENTRIES, lastRequest: null
2025-04-23 14:39:45,657 [grpc-default-executor-4] INFO  server.GrpcServerProtocolService (GrpcServerProtocolService.java:onCompleted(157)) - omNode-2: Completed APPEND_ENTRIES, lastRequest: omNode-1->omNode-2#1061-t1,previous=(t:1, i:583),leaderCommit=583,initializing? false,entries: size=1, first=(t:1, i:584), METADATAENTRY(c:583)
2025-04-23 14:39:45,657 [grpc-default-executor-4] INFO  server.GrpcServerProtocolService (GrpcServerProtocolService.java:lambda$onCompleted$5(159)) - omNode-2: Completed APPEND_ENTRIES, lastReply: null
2025-04-23 14:39:45,658 [grpc-default-executor-0] INFO  server.GrpcServerProtocolService (GrpcServerProtocolService.java:lambda$onCompleted$5(159)) - omNode-2: Completed APPEND_ENTRIES, lastReply: serverReply {
  requestorId: "omNode-1"
  replyId: "omNode-2"
  raftGroupId {
    id: "\311\274L\364;\303<`\246kR9\206\023\0256"
  }
  callId: 1069
  success: true
}
term: 1
nextIndex: 585
followerCommit: 584
matchIndex: 18446744073709551615
isHearbeat: true

2025-04-23 14:39:45,658 [grpc-default-executor-0] INFO  server.GrpcLogAppender (GrpcLogAppender.java:onCompleted(550)) - omNode-1@group-523986131536->omNode-2-AppendLogResponseHandler: follower responses appendEntries COMPLETED
2025-04-23 14:39:45,659 [grpc-default-executor-0] INFO  server.GrpcLogAppender (GrpcLogAppender.java:onCompleted(550)) - omNode-1@group-523986131536->omNode-2-AppendLogResponseHandler: follower responses appendEntries COMPLETED
2025-04-23 14:39:45,660 [Thread-9407] INFO  server.GrpcServerProtocolClient (GrpcServerProtocolClient.java:close(105)) - omNode-3 Close channels
2025-04-23 14:39:45,660 [Thread-9409] INFO  server.GrpcServerProtocolClient (GrpcServerProtocolClient.java:close(105)) - omNode-2 Close channels
2025-04-23 14:39:45,661 [main] INFO  server.GrpcService (GrpcService.java:closeImpl(352)) - omNode-1: shutdown server GrpcServerProtocolService successfully
2025-04-23 14:39:45,673 [omNode-1@group-523986131536-StateMachineUpdater] INFO  ratis.OzoneManagerStateMachine (OzoneManagerStateMachine.java:takeSnapshotImpl(510)) - omNode-1: taking snapshot. applied = (t:1, i:584), skipped = 583, notified = (t:1, i:584), current snapshot index = (t:1, i:584), took 16 ms
2025-04-23 14:39:45,673 [omNode-1@group-523986131536-StateMachineUpdater] INFO  impl.StateMachineUpdater (StateMachineUpdater.java:takeSnapshot(303)) - omNode-1@group-523986131536-StateMachineUpdater: Took a snapshot at index 584
2025-04-23 14:39:45,673 [omNode-1@group-523986131536-StateMachineUpdater] INFO  impl.StateMachineUpdater (StateMachineUpdater.java:lambda$new$0(102)) - omNode-1@group-523986131536-StateMachineUpdater: snapshotIndex: updateIncreasingly 552 -> 584
2025-04-23 14:39:45,673 [omNode-1@group-523986131536-StateMachineUpdater] INFO  impl.StateMachineUpdater (StateMachineUpdater.java:stop(141)) - omNode-1@group-523986131536-StateMachineUpdater: closing OzoneManagerStateMachine, lastApplied=(t:1, i:584)
2025-04-23 14:39:45,673 [omNode-1@group-523986131536-StateMachineUpdater] INFO  ratis.OzoneManagerStateMachine (OzoneManagerStateMachine.java:close(550)) - Stopping OzoneManagerStateMachine:omNode-1:group-523986131536.
2025-04-23 14:39:45,673 [omNode-1@group-523986131536-StateMachineUpdater] INFO  ratis.OzoneManagerDoubleBuffer (OzoneManagerDoubleBuffer.java:stopDaemon(500)) - Stopping OMDoubleBuffer flush thread
2025-04-23 14:39:45,673 [omNode-1-OMDoubleBufferFlushThread] INFO  ratis.OzoneManagerDoubleBuffer (OzoneManagerDoubleBuffer.java:canFlush(559)) - OMDoubleBuffer flush thread omNode-1-OMDoubleBufferFlushThread is interrupted and will exit.
2025-04-23 14:39:45,674 [omNode-1@group-523986131536-cacheEviction-AwaitToRun] INFO  util.AwaitToRun (AwaitToRun.java:run(49)) - omNode-1@group-523986131536-cacheEviction-AwaitToRun-AwaitForSignal is interrupted
2025-04-23 14:39:45,677 [Thread-9527] WARN  rocksdiff.RocksDBCheckpointDiffer (RocksDBCheckpointDiffer.java:lambda$onCompactionCompleted$0(492)) - Input file not found in inflightCompactionsMap : /home/runner/work/ozone/ozone/hadoop-ozone/integration-test/target/test-dir/MiniOzoneClusterImpl-feea018d-8976-442b-acbc-fedf3986ffa5/omNode-1/om.db/000100.sst which should have been added on compactionBeginListener.
2025-04-23 14:39:45,677 [Thread-9527] WARN  rocksdiff.RocksDBCheckpointDiffer (RocksDBCheckpointDiffer.java:lambda$onCompactionCompleted$0(492)) - Input file not found in inflightCompactionsMap : /home/runner/work/ozone/ozone/hadoop-ozone/integration-test/target/test-dir/MiniOzoneClusterImpl-feea018d-8976-442b-acbc-fedf3986ffa5/omNode-1/om.db/000123.sst which should have been added on compactionBeginListener.
2025-04-23 14:39:45,677 [Thread-9527] WARN  rocksdiff.RocksDBCheckpointDiffer (RocksDBCheckpointDiffer.java:lambda$onCompactionCompleted$0(492)) - Input file not found in inflightCompactionsMap : /home/runner/work/ozone/ozone/hadoop-ozone/integration-test/target/test-dir/MiniOzoneClusterImpl-feea018d-8976-442b-acbc-fedf3986ffa5/omNode-1/om.db/000111.sst which should have been added on compactionBeginListener.
2025-04-23 14:39:45,677 [Thread-9527] WARN  rocksdiff.RocksDBCheckpointDiffer (RocksDBCheckpointDiffer.java:lambda$onCompactionCompleted$0(492)) - Input file not found in inflightCompactionsMap : /home/runner/work/ozone/ozone/hadoop-ozone/integration-test/target/test-dir/MiniOzoneClusterImpl-feea018d-8976-442b-acbc-fedf3986ffa5/omNode-1/om.db/000116.sst which should have been added on compactionBeginListener.
2025-04-23 14:39:45,677 [Thread-9527] WARN  rocksdiff.RocksDBCheckpointDiffer (RocksDBCheckpointDiffer.java:lambda$onCompactionCompleted$0(492)) - Input file not found in inflightCompactionsMap : /home/runner/work/ozone/ozone/hadoop-ozone/integration-test/target/test-dir/MiniOzoneClusterImpl-feea018d-8976-442b-acbc-fedf3986ffa5/omNode-1/om.db/000106.sst which should have been added on compactionBeginListener.
2025-04-23 14:39:46,645 [omNode-1-impl-thread1] INFO  segmented.SegmentedRaftLogWorker (SegmentedRaftLogWorker.java:close(252)) - omNode-1@group-523986131536-SegmentedRaftLogWorker close()
2025-04-23 14:39:46,645 [JvmPauseMonitor43] INFO  util.JvmPauseMonitor (JvmPauseMonitor.java:run(152)) - JvmPauseMonitor-omNode-1: Stopped
2025-04-23 14:39:46,645 [main] INFO  utils.BackgroundService (BackgroundService.java:shutdown(161)) - Shutting down service KeyDeletingService
2025-04-23 14:39:46,646 [main] INFO  utils.BackgroundService (BackgroundService.java:shutdown(161)) - Shutting down service DirectoryDeletingService
2025-04-23 14:39:46,647 [main] INFO  utils.BackgroundService (BackgroundService.java:shutdown(161)) - Shutting down service OpenKeyCleanupService
2025-04-23 14:39:46,647 [main] INFO  utils.BackgroundService (BackgroundService.java:shutdown(161)) - Shutting down service SstFilteringService
2025-04-23 14:39:46,647 [main] INFO  utils.BackgroundService (BackgroundService.java:shutdown(161)) - Shutting down service SnapshotDeletingService
2025-04-23 14:39:46,648 [main] INFO  utils.BackgroundService (BackgroundService.java:shutdown(161)) - Shutting down service MultipartUploadCleanupService
2025-04-23 14:39:46,649 [main] INFO  handler.ContextHandler (ContextHandler.java:doStop(1159)) - Stopped o.e.j.w.WebAppContext@62d26e33{ozoneManager,/,null,STOPPED}{file:/home/runner/work/ozone/ozone/hadoop-ozone/integration-test/target/test-classes/webapps/ozoneManager}
2025-04-23 14:39:46,649 [main] INFO  server.AbstractConnector (AbstractConnector.java:doStop(383)) - Stopped ServerConnector@6556ffa2{HTTP/1.1, (http/1.1)}{0.0.0.0:15049}
2025-04-23 14:39:46,649 [main] INFO  server.session (HouseKeeper.java:stopScavenging(149)) - node0 Stopped scavenging
2025-04-23 14:39:46,649 [main] INFO  handler.ContextHandler (ContextHandler.java:doStop(1159)) - Stopped o.e.j.s.ServletContextHandler@228381d0{static,/static,file:///home/runner/work/ozone/ozone/hadoop-ozone/integration-test/target/test-classes/webapps/static,STOPPED}
2025-04-23 14:39:46,650 [main] INFO  handler.ContextHandler (ContextHandler.java:doStop(1159)) - Stopped o.e.j.s.ServletContextHandler@303426a8{logs,/logs,file:///home/runner/work/ozone/ozone/hadoop-ozone/integration-test/target/log,STOPPED}
2025-04-23 14:39:46,651 [main] INFO  rocksdiff.RocksDBCheckpointDiffer (RocksDBCheckpointDiffer.java:close(304)) - Shutting down CompactionDagPruningService.
2025-04-23 14:39:46,653 [main] INFO  snapshot.SnapshotDiffManager (SnapshotDiffManager.java:closeExecutorService(1698)) - Shutting down executorService: 'SnapDiffExecutor'
2025-04-23 14:39:46,653 [main] INFO  utils.BackgroundService (BackgroundService.java:shutdown(161)) - Shutting down service SnapshotDiffCleanupService
2025-04-23 14:39:46,654 [main] INFO  om.OzoneManager (OzoneManager.java:stop(2347)) - omNode-2[localhost:15052]: Stopping Ozone Manager
2025-04-23 14:39:46,654 [main] INFO  ipc.Server (Server.java:stop(3697)) - Stopping server on 15052
2025-04-23 14:39:46,656 [IPC Server listener on 15052] INFO  ipc.Server (Server.java:run(1585)) - Stopping IPC Server listener on 15052
2025-04-23 14:39:46,656 [IPC Server Responder] INFO  ipc.Server (Server.java:run(1718)) - Stopping IPC Server Responder
2025-04-23 14:39:46,656 [main] INFO  ratis.OzoneManagerRatisServer (OzoneManagerRatisServer.java:stop(634)) - Stopping org.apache.hadoop.ozone.om.ratis.OzoneManagerRatisServer@4c4f29dd at port 15055
2025-04-23 14:39:46,656 [main] INFO  server.RaftServer (RaftServerProxy.java:lambda$close$9(417)) - omNode-2: close
2025-04-23 14:39:46,656 [main] INFO  server.GrpcService (GrpcService.java:closeImpl(343)) - omNode-2: shutdown server GrpcServerProtocolService now
2025-04-23 14:39:46,657 [omNode-2-impl-thread1] INFO  server.RaftServer$Division (RaftServerImpl.java:lambda$close$1(513)) - omNode-2@group-523986131536: shutdown
2025-04-23 14:39:46,657 [omNode-2-impl-thread1] INFO  util.JmxRegister (JmxRegister.java:unregister(74)) - Successfully un-registered JMX Bean with object name Ratis:service=RaftServer,group=group-523986131536,id=omNode-2
2025-04-23 14:39:46,657 [omNode-2-impl-thread1] INFO  impl.RoleInfo (RoleInfo.java:shutdownFollowerState(121)) - omNode-2: shutdown omNode-2@group-523986131536-FollowerState
2025-04-23 14:39:46,657 [omNode-2-impl-thread1] INFO  impl.StateMachineUpdater (StateMachineUpdater.java:stopAndJoin(164)) - omNode-2@group-523986131536-StateMachineUpdater: set stopIndex = 584
2025-04-23 14:39:46,657 [omNode-2@group-523986131536-FollowerState] INFO  impl.FollowerState (FollowerState.java:runImpl(170)) - omNode-2@group-523986131536-FollowerState was interrupted
2025-04-23 14:39:46,658 [main] INFO  server.GrpcService (GrpcService.java:closeImpl(352)) - omNode-2: shutdown server GrpcServerProtocolService successfully
2025-04-23 14:39:46,671 [omNode-2@group-523986131536-StateMachineUpdater] INFO  ratis.OzoneManagerStateMachine (OzoneManagerStateMachine.java:takeSnapshotImpl(510)) - omNode-2: taking snapshot. applied = (t:1, i:584), skipped = 583, notified = (t:1, i:584), current snapshot index = (t:1, i:584), took 14 ms
2025-04-23 14:39:46,671 [omNode-2@group-523986131536-StateMachineUpdater] INFO  impl.StateMachineUpdater (StateMachineUpdater.java:takeSnapshot(303)) - omNode-2@group-523986131536-StateMachineUpdater: Took a snapshot at index 584
2025-04-23 14:39:46,671 [omNode-2@group-523986131536-StateMachineUpdater] INFO  impl.StateMachineUpdater (StateMachineUpdater.java:lambda$new$0(102)) - omNode-2@group-523986131536-StateMachineUpdater: snapshotIndex: updateIncreasingly 550 -> 584
2025-04-23 14:39:46,671 [omNode-2@group-523986131536-StateMachineUpdater] INFO  impl.StateMachineUpdater (StateMachineUpdater.java:stop(141)) - omNode-2@group-523986131536-StateMachineUpdater: closing OzoneManagerStateMachine, lastApplied=(t:1, i:584)
2025-04-23 14:39:46,671 [omNode-2@group-523986131536-StateMachineUpdater] INFO  ratis.OzoneManagerStateMachine (OzoneManagerStateMachine.java:close(550)) - Stopping OzoneManagerStateMachine:omNode-2:group-523986131536.
2025-04-23 14:39:46,672 [omNode-2@group-523986131536-StateMachineUpdater] INFO  ratis.OzoneManagerDoubleBuffer (OzoneManagerDoubleBuffer.java:stopDaemon(500)) - Stopping OMDoubleBuffer flush thread
2025-04-23 14:39:46,672 [omNode-2-OMDoubleBufferFlushThread] INFO  ratis.OzoneManagerDoubleBuffer (OzoneManagerDoubleBuffer.java:canFlush(559)) - OMDoubleBuffer flush thread omNode-2-OMDoubleBufferFlushThread is interrupted and will exit.
2025-04-23 14:39:46,672 [omNode-2@group-523986131536-cacheEviction-AwaitToRun] INFO  util.AwaitToRun (AwaitToRun.java:run(49)) - omNode-2@group-523986131536-cacheEviction-AwaitToRun-AwaitForSignal is interrupted
2025-04-23 14:39:46,676 [Thread-9656] WARN  rocksdiff.RocksDBCheckpointDiffer (RocksDBCheckpointDiffer.java:lambda$onCompactionCompleted$0(492)) - Input file not found in inflightCompactionsMap : /home/runner/work/ozone/ozone/hadoop-ozone/integration-test/target/test-dir/MiniOzoneClusterImpl-feea018d-8976-442b-acbc-fedf3986ffa5/omNode-2/om.db/000119.sst which should have been added on compactionBeginListener.
2025-04-23 14:39:46,676 [Thread-9656] WARN  rocksdiff.RocksDBCheckpointDiffer (RocksDBCheckpointDiffer.java:lambda$onCompactionCompleted$0(492)) - Input file not found in inflightCompactionsMap : /home/runner/work/ozone/ozone/hadoop-ozone/integration-test/target/test-dir/MiniOzoneClusterImpl-feea018d-8976-442b-acbc-fedf3986ffa5/omNode-2/om.db/000102.sst which should have been added on compactionBeginListener.
2025-04-23 14:39:46,676 [Thread-9656] WARN  rocksdiff.RocksDBCheckpointDiffer (RocksDBCheckpointDiffer.java:lambda$onCompactionCompleted$0(492)) - Input file not found in inflightCompactionsMap : /home/runner/work/ozone/ozone/hadoop-ozone/integration-test/target/test-dir/MiniOzoneClusterImpl-feea018d-8976-442b-acbc-fedf3986ffa5/omNode-2/om.db/000097.sst which should have been added on compactionBeginListener.
2025-04-23 14:39:46,676 [Thread-9656] WARN  rocksdiff.RocksDBCheckpointDiffer (RocksDBCheckpointDiffer.java:lambda$onCompactionCompleted$0(492)) - Input file not found in inflightCompactionsMap : /home/runner/work/ozone/ozone/hadoop-ozone/integration-test/target/test-dir/MiniOzoneClusterImpl-feea018d-8976-442b-acbc-fedf3986ffa5/omNode-2/om.db/000112.sst which should have been added on compactionBeginListener.
2025-04-23 14:39:46,676 [Thread-9656] WARN  rocksdiff.RocksDBCheckpointDiffer (RocksDBCheckpointDiffer.java:lambda$onCompactionCompleted$0(492)) - Input file not found in inflightCompactionsMap : /home/runner/work/ozone/ozone/hadoop-ozone/integration-test/target/test-dir/MiniOzoneClusterImpl-feea018d-8976-442b-acbc-fedf3986ffa5/omNode-2/om.db/000107.sst which should have been added on compactionBeginListener.
2025-04-23 14:39:47,646 [omNode-2-impl-thread1] INFO  segmented.SegmentedRaftLogWorker (SegmentedRaftLogWorker.java:close(252)) - omNode-2@group-523986131536-SegmentedRaftLogWorker close()
2025-04-23 14:39:47,646 [JvmPauseMonitor44] INFO  util.JvmPauseMonitor (JvmPauseMonitor.java:run(152)) - JvmPauseMonitor-omNode-2: Stopped
2025-04-23 14:39:47,647 [main] INFO  utils.BackgroundService (BackgroundService.java:shutdown(161)) - Shutting down service KeyDeletingService
2025-04-23 14:39:47,647 [main] INFO  utils.BackgroundService (BackgroundService.java:shutdown(161)) - Shutting down service DirectoryDeletingService
2025-04-23 14:39:47,648 [main] INFO  utils.BackgroundService (BackgroundService.java:shutdown(161)) - Shutting down service OpenKeyCleanupService
2025-04-23 14:39:47,648 [main] INFO  utils.BackgroundService (BackgroundService.java:shutdown(161)) - Shutting down service SstFilteringService
2025-04-23 14:39:47,649 [main] INFO  utils.BackgroundService (BackgroundService.java:shutdown(161)) - Shutting down service SnapshotDeletingService
2025-04-23 14:39:47,649 [main] INFO  utils.BackgroundService (BackgroundService.java:shutdown(161)) - Shutting down service MultipartUploadCleanupService
2025-04-23 14:39:47,650 [main] INFO  handler.ContextHandler (ContextHandler.java:doStop(1159)) - Stopped o.e.j.w.WebAppContext@13016394{ozoneManager,/,null,STOPPED}{file:/home/runner/work/ozone/ozone/hadoop-ozone/integration-test/target/test-classes/webapps/ozoneManager}
2025-04-23 14:39:47,650 [main] INFO  server.AbstractConnector (AbstractConnector.java:doStop(383)) - Stopped ServerConnector@5e009aeb{HTTP/1.1, (http/1.1)}{0.0.0.0:15053}
2025-04-23 14:39:47,650 [main] INFO  server.session (HouseKeeper.java:stopScavenging(149)) - node0 Stopped scavenging
2025-04-23 14:39:47,651 [main] INFO  handler.ContextHandler (ContextHandler.java:doStop(1159)) - Stopped o.e.j.s.ServletContextHandler@7895324d{static,/static,file:///home/runner/work/ozone/ozone/hadoop-ozone/integration-test/target/test-classes/webapps/static,STOPPED}
2025-04-23 14:39:47,651 [main] INFO  handler.ContextHandler (ContextHandler.java:doStop(1159)) - Stopped o.e.j.s.ServletContextHandler@6bbe984c{logs,/logs,file:///home/runner/work/ozone/ozone/hadoop-ozone/integration-test/target/log,STOPPED}
2025-04-23 14:39:47,651 [main] INFO  rocksdiff.RocksDBCheckpointDiffer (RocksDBCheckpointDiffer.java:close(304)) - Shutting down CompactionDagPruningService.
2025-04-23 14:39:47,653 [main] INFO  snapshot.SnapshotDiffManager (SnapshotDiffManager.java:closeExecutorService(1698)) - Shutting down executorService: 'SnapDiffExecutor'
2025-04-23 14:39:47,653 [main] INFO  utils.BackgroundService (BackgroundService.java:shutdown(161)) - Shutting down service SnapshotDiffCleanupService
2025-04-23 14:39:47,654 [main] INFO  om.OzoneManager (OzoneManager.java:restart(1878)) - OzoneManager RPC server is listening at localhost/127.0.0.1:15056
2025-04-23 14:39:47,654 [main] INFO  impl.MetricsSystemImpl (MetricsSystemImpl.java:init(158)) - OzoneManager metrics system started (again)
2025-04-23 14:39:47,665 [main] WARN  server.ServerUtils (ServerUtils.java:getDBPath(297)) - ozone.om.db.dirs is not configured. We recommend adding this setting. Falling back to ozone.metadata.dirs instead.
2025-04-23 14:39:47,704 [main] INFO  om.OzoneManager (OzoneManager.java:instantiateServices(933)) - S3 Multi-Tenancy is disabled
2025-04-23 14:39:47,704 [main] INFO  om.OmSnapshotManager (OmSnapshotManager.java:<init>(180)) - Ozone filesystem snapshot feature is enabled.
2025-04-23 14:39:47,704 [main] WARN  server.ServerUtils (ServerUtils.java:getDBPath(297)) - ozone.om.snapshot.diff.db.dir is not configured. We recommend adding this setting. Falling back to ozone.metadata.dirs instead.
2025-04-23 14:39:47,718 [main] WARN  server.ServerUtils (ServerUtils.java:getDefaultRatisDirectory(309)) - Storage directory for Ratis is not configured. It is a good idea to map this to an SSD disk. Falling back to ozone.metadata.dirs
2025-04-23 14:39:47,718 [main] INFO  server.RaftServerConfigKeys (ConfUtils.java:logGet(46)) - raft.server.log.appender.buffer.byte-limit = 4194304 (custom)
2025-04-23 14:39:47,719 [main] INFO  ratis.OzoneManagerRatisServer (OzoneManagerRatisServer.java:<init>(167)) - Instantiating OM Ratis server with groupID: om-service-test1 and peers: localhost:15059, localhost:15051, localhost:15055
2025-04-23 14:39:47,719 [main] INFO  ratis.OzoneManagerStateMachine (OzoneManagerStateMachine.java:loadSnapshotInfoFromDB(611)) - LastAppliedIndex is set from TransactionInfo from OM DB as (t:1, i:583)
2025-04-23 14:39:47,720 [main] INFO  server.RaftServer (ConfUtils.java:logGet(46)) - raft.rpc.type = GRPC (default)
2025-04-23 14:39:47,720 [main] INFO  grpc.GrpcConfigKeys (ConfUtils.java:logFallback(53)) - raft.grpc.admin.host = null (fallback to raft.grpc.server.host)
2025-04-23 14:39:47,720 [main] INFO  grpc.GrpcConfigKeys (ConfUtils.java:logFallback(53)) - raft.grpc.admin.port = 15059 (fallback to raft.grpc.server.port)
2025-04-23 14:39:47,720 [main] INFO  grpc.GrpcConfigKeys (ConfUtils.java:logFallback(53)) - raft.grpc.client.host = null (fallback to raft.grpc.server.host)
2025-04-23 14:39:47,720 [main] INFO  grpc.GrpcConfigKeys (ConfUtils.java:logFallback(53)) - raft.grpc.client.port = 15059 (fallback to raft.grpc.server.port)
2025-04-23 14:39:47,721 [main] INFO  grpc.GrpcConfigKeys (ConfUtils.java:logGet(46)) - raft.grpc.server.host = null (default)
2025-04-23 14:39:47,721 [main] INFO  grpc.GrpcConfigKeys (ConfUtils.java:logGet(46)) - raft.grpc.server.port = 15059 (custom)
2025-04-23 14:39:47,721 [main] INFO  server.GrpcService (ConfUtils.java:logGet(46)) - raft.grpc.message.size.max = 5242880 (custom)
2025-04-23 14:39:47,721 [main] INFO  server.GrpcService (ConfUtils.java:logGet(46)) - raft.grpc.flow.control.window = 1MB (=1048576) (default)
2025-04-23 14:39:47,721 [main] INFO  server.RaftServerConfigKeys (ConfUtils.java:logGet(46)) - raft.server.rpc.request.timeout = 3000ms (default)
2025-04-23 14:39:47,721 [main] INFO  grpc.GrpcConfigKeys (ConfUtils.java:logGet(46)) - raft.grpc.server.heartbeat.channel = true (default)
2025-04-23 14:39:47,721 [main] INFO  server.RaftServerConfigKeys (ConfUtils.java:logGet(46)) - raft.server.log.appender.buffer.byte-limit = 4194304 (custom)
2025-04-23 14:39:47,721 [main] INFO  grpc.GrpcConfigKeys (ConfUtils.java:logGet(46)) - raft.grpc.server.async.request.thread.pool.cached = true (default)
2025-04-23 14:39:47,721 [main] INFO  grpc.GrpcConfigKeys (ConfUtils.java:logGet(46)) - raft.grpc.server.async.request.thread.pool.size = 32 (default)
2025-04-23 14:39:47,722 [main] INFO  impl.DataStreamServerImpl (ConfUtils.java:logGet(46)) - raft.datastream.type = DISABLED (default)
2025-04-23 14:39:47,722 [main] INFO  server.RaftServerConfigKeys (ConfUtils.java:logGet(46)) - raft.server.sleep.deviation.threshold = 300ms (default)
2025-04-23 14:39:47,722 [main] INFO  server.RaftServerConfigKeys (ConfUtils.java:logGet(46)) - raft.server.close.threshold = 60s (default)
2025-04-23 14:39:47,722 [main] INFO  server.RaftServerConfigKeys (ConfUtils.java:logGet(46)) - raft.server.leaderelection.leader.step-down.wait-time = 10s (default)
2025-04-23 14:39:47,722 [main] INFO  server.RaftServerConfigKeys (ConfUtils.java:logGet(46)) - raft.server.storage.dir = [/home/runner/work/ozone/ozone/hadoop-ozone/integration-test/target/test-dir/MiniOzoneClusterImpl-feea018d-8976-442b-acbc-fedf3986ffa5/omNode-3/ratis] (custom)
2025-04-23 14:39:47,723 [main] INFO  server.RaftServerConfigKeys (ConfUtils.java:logGet(46)) - raft.server.threadpool.proxy.cached = true (default)
2025-04-23 14:39:47,723 [main] INFO  server.RaftServerConfigKeys (ConfUtils.java:logGet(46)) - raft.server.threadpool.proxy.size = 0 (default)
2025-04-23 14:39:47,723 [omNode-3-impl-thread1] INFO  server.RaftServer (RaftServerProxy.java:initGroupDir(265)) - omNode-3: found a subdirectory /home/runner/work/ozone/ozone/hadoop-ozone/integration-test/target/test-dir/MiniOzoneClusterImpl-feea018d-8976-442b-acbc-fedf3986ffa5/omNode-3/ratis/c9bc4cf4-3bc3-3c60-a66b-523986131536
2025-04-23 14:39:47,723 [main] INFO  server.RaftServer (RaftServerProxy.java:addNew(100)) - omNode-3: addNew group-523986131536:[omNode-3|localhost:15059, omNode-1|localhost:15051, omNode-2|localhost:15055] returns group-523986131536:java.util.concurrent.CompletableFuture@3cee1eef[Not completed]
2025-04-23 14:39:47,723 [omNode-3-groupManagement] INFO  server.RaftServer$Division (RaftServerImpl.java:<init>(255)) - omNode-3: new RaftServerImpl for group-523986131536:[omNode-3|localhost:15059, omNode-1|localhost:15051, omNode-2|localhost:15055] with OzoneManagerStateMachine:uninitialized
2025-04-23 14:39:47,723 [main] INFO  om.OzoneManager (OzoneManager.java:initializeRatisServer(2303)) - OzoneManager Ratis server initialized at port 15059
2025-04-23 14:39:47,724 [main] INFO  ratis.OzoneManagerRatisServer (OzoneManagerRatisServer.java:start(628)) - Starting OzoneManagerRatisServer omNode-3 at port 15059
2025-04-23 14:39:47,723 [omNode-3-groupManagement] INFO  server.RaftServerConfigKeys (ConfUtils.java:logGet(46)) - raft.server.rpc.timeout.min = 1s (custom)
2025-04-23 14:39:47,724 [omNode-3-groupManagement] INFO  server.RaftServerConfigKeys (ConfUtils.java:logGet(46)) - raft.server.rpc.timeout.max = 1200ms (custom)
2025-04-23 14:39:47,724 [omNode-3-groupManagement] INFO  server.RaftServerConfigKeys (ConfUtils.java:logGet(46)) - raft.server.rpc.sleep.time = 25ms (default)
2025-04-23 14:39:47,724 [omNode-3-groupManagement] INFO  server.RaftServerConfigKeys (ConfUtils.java:logGet(46)) - raft.server.rpc.slowness.timeout = 2s (custom)
2025-04-23 14:39:47,724 [omNode-3-groupManagement] INFO  server.RaftServerConfigKeys (ConfUtils.java:logGet(46)) - raft.server.leaderelection.leader.step-down.wait-time = 10s (default)
2025-04-23 14:39:47,724 [omNode-3-groupManagement] INFO  server.RaftServerConfigKeys (ConfUtils.java:logGet(46)) - raft.server.leaderelection.member.majority-add = false (default)
2025-04-23 14:39:47,724 [omNode-3-groupManagement] INFO  server.RaftServerConfigKeys (ConfUtils.java:logGet(46)) - raft.server.sleep.deviation.threshold = 300ms (default)
2025-04-23 14:39:47,724 [omNode-3-groupManagement] INFO  server.RaftServer$Division (ServerState.java:<init>(114)) - omNode-3@group-523986131536: ConfigurationManager, init=conf: {index: -1, cur=peers:[omNode-3|localhost:15059, omNode-1|localhost:15051, omNode-2|localhost:15055]|listeners:[], old=null}, confs=<EMPTY_MAP>
2025-04-23 14:39:47,724 [omNode-3-groupManagement] INFO  server.RaftServerConfigKeys (ConfUtils.java:logGet(46)) - raft.server.notification.no-leader.timeout = 2s (custom)
2025-04-23 14:39:47,724 [omNode-3-groupManagement] INFO  server.RaftServerConfigKeys (ConfUtils.java:logGet(46)) - raft.server.read.timeout = 10s (default)
2025-04-23 14:39:47,724 [omNode-3-groupManagement] INFO  server.RaftServerConfigKeys (ConfUtils.java:logGet(46)) - raft.server.retrycache.expirytime = 30000ms (custom)
2025-04-23 14:39:47,724 [omNode-3-groupManagement] INFO  server.RaftServerConfigKeys (ConfUtils.java:logGet(46)) - raft.server.retrycache.statistics.expirytime = 100ms (default)
2025-04-23 14:39:47,724 [omNode-3-groupManagement] INFO  server.RaftServerConfigKeys (ConfUtils.java:logGet(46)) - raft.server.read.option = DEFAULT (default)
2025-04-23 14:39:47,724 [omNode-3-groupManagement] INFO  server.RaftServerConfigKeys (ConfUtils.java:logGet(46)) - raft.server.read.read-after-write-consistent.write-index-cache.expiry-time = 60s (default)
2025-04-23 14:39:47,725 [omNode-3-groupManagement] INFO  server.RaftServerConfigKeys (ConfUtils.java:logGet(46)) - raft.server.rpc.request.timeout = 3000ms (default)
2025-04-23 14:39:47,725 [omNode-3-groupManagement] INFO  server.RaftServerConfigKeys (ConfUtils.java:logGet(46)) - raft.server.log.appender.install.snapshot.enabled = false (custom)
2025-04-23 14:39:47,725 [omNode-3-groupManagement] INFO  server.RaftServerConfigKeys (ConfUtils.java:logGet(46)) - raft.server.threadpool.server.cached = true (default)
2025-04-23 14:39:47,725 [omNode-3-groupManagement] INFO  server.RaftServerConfigKeys (ConfUtils.java:logGet(46)) - raft.server.threadpool.server.size = 0 (default)
2025-04-23 14:39:47,725 [omNode-3-groupManagement] INFO  server.RaftServerConfigKeys (ConfUtils.java:logGet(46)) - raft.server.threadpool.client.cached = true (default)
2025-04-23 14:39:47,725 [omNode-3-groupManagement] INFO  server.RaftServerConfigKeys (ConfUtils.java:logGet(46)) - raft.server.threadpool.client.size = 0 (default)
2025-04-23 14:39:47,725 [omNode-3-impl-thread1] INFO  server.RaftServerConfigKeys (ConfUtils.java:logGet(46)) - raft.server.storage.free-space.min = 0MB (=0) (default)
2025-04-23 14:39:47,725 [omNode-3-impl-thread1] INFO  server.RaftServerConfigKeys (ConfUtils.java:logGet(46)) - raft.server.log.corruption.policy = EXCEPTION (default)
2025-04-23 14:39:47,725 [omNode-3-impl-thread1] INFO  server.RaftServerConfigKeys (ConfUtils.java:logGet(46)) - raft.server.storage.dir = [/home/runner/work/ozone/ozone/hadoop-ozone/integration-test/target/test-dir/MiniOzoneClusterImpl-feea018d-8976-442b-acbc-fedf3986ffa5/omNode-3/ratis] (custom)
2025-04-23 14:39:47,726 [omNode-3-impl-thread1] INFO  storage.RaftStorageDirectory (RaftStorageDirectoryImpl.java:tryLock(229)) - Lock on /home/runner/work/ozone/ozone/hadoop-ozone/integration-test/target/test-dir/MiniOzoneClusterImpl-feea018d-8976-442b-acbc-fedf3986ffa5/omNode-3/ratis/c9bc4cf4-3bc3-3c60-a66b-523986131536/in_use.lock acquired by nodename 129558@fv-az1120-822
2025-04-23 14:39:47,726 [omNode-3-impl-thread1] INFO  storage.RaftStorage (RaftStorageImpl.java:analyzeAndRecoverStorage(118)) - Read RaftStorageMetadata{term=1, votedFor=} from /home/runner/work/ozone/ozone/hadoop-ozone/integration-test/target/test-dir/MiniOzoneClusterImpl-feea018d-8976-442b-acbc-fedf3986ffa5/omNode-3/ratis/c9bc4cf4-3bc3-3c60-a66b-523986131536/current/raft-meta
2025-04-23 14:39:47,727 [omNode-3-impl-thread1] INFO  server.RaftServer$Division (ServerState.java:setRaftConf(386)) - omNode-3@group-523986131536: set configuration conf: {index: 0, cur=peers:[omNode-3|localhost:15059, omNode-1|localhost:15051, omNode-2|localhost:15055]|listeners:[], old=null}
2025-04-23 14:39:47,727 [omNode-3-impl-thread1] INFO  ratis.OzoneManagerStateMachine (OzoneManagerStateMachine.java:lambda$0(138)) - omNode-3: initialize group-523986131536 with (t:1, i:583)
2025-04-23 14:39:47,727 [omNode-3-impl-thread1] INFO  server.RaftServerConfigKeys (ConfUtils.java:logGet(46)) - raft.server.log.use.memory = false (default)
2025-04-23 14:39:47,727 [omNode-3-impl-thread1] INFO  server.RaftServerConfigKeys (ConfUtils.java:logGet(46)) - raft.server.log.purge.gap = 50 (custom)
2025-04-23 14:39:47,727 [omNode-3-impl-thread1] INFO  server.RaftServerConfigKeys (ConfUtils.java:logGet(46)) - raft.server.log.appender.buffer.byte-limit = 4194304 (custom)
2025-04-23 14:39:47,727 [omNode-3-impl-thread1] INFO  server.RaftServerConfigKeys (ConfUtils.java:logGet(46)) - raft.server.log.statemachine.data.read.timeout = 1000ms (default)
2025-04-23 14:39:47,727 [omNode-3-impl-thread1] INFO  server.RaftServerConfigKeys (ConfUtils.java:logGet(46)) - raft.server.log.purge.preservation.log.num = 0 (default)
2025-04-23 14:39:47,727 [omNode-3-impl-thread1] INFO  server.RaftServerConfigKeys (ConfUtils.java:logGet(46)) - raft.server.log.segment.size.max = 4194304 (custom)
2025-04-23 14:39:47,728 [omNode-3-impl-thread1] INFO  server.RaftServerConfigKeys (ConfUtils.java:logGet(46)) - raft.server.log.segment.cache.num.max = 2 (custom)
2025-04-23 14:39:47,728 [omNode-3-impl-thread1] INFO  server.RaftServerConfigKeys (ConfUtils.java:logGet(46)) - raft.server.log.segment.cache.size.max = 200MB (=209715200) (default)
2025-04-23 14:39:47,728 [omNode-3-impl-thread1] INFO  server.RaftServerConfigKeys (ConfUtils.java:logGet(46)) - raft.server.log.appender.buffer.byte-limit = 4194304 (custom)
2025-04-23 14:39:47,728 [omNode-3-impl-thread1] INFO  util.AwaitToRun (AwaitToRun.java:start(81)) - Thread[#10953,omNode-3@group-523986131536-cacheEviction-AwaitToRun,5,main] started
2025-04-23 14:39:47,728 [omNode-3-impl-thread1] INFO  segmented.SegmentedRaftLogWorker (SegmentedRaftLogWorker.java:<init>(188)) - new omNode-3@group-523986131536-SegmentedRaftLogWorker for RaftStorageImpl:Storage Directory /home/runner/work/ozone/ozone/hadoop-ozone/integration-test/target/test-dir/MiniOzoneClusterImpl-feea018d-8976-442b-acbc-fedf3986ffa5/omNode-3/ratis/c9bc4cf4-3bc3-3c60-a66b-523986131536
2025-04-23 14:39:47,728 [omNode-3-impl-thread1] INFO  server.RaftServerConfigKeys (ConfUtils.java:logGet(46)) - raft.server.log.queue.byte-limit = 64MB (=67108864) (default)
2025-04-23 14:39:47,728 [omNode-3-impl-thread1] INFO  server.RaftServerConfigKeys (ConfUtils.java:logGet(46)) - raft.server.log.queue.element-limit = 4096 (default)
2025-04-23 14:39:47,728 [omNode-3-impl-thread1] INFO  server.RaftServerConfigKeys (ConfUtils.java:logGet(46)) - raft.server.log.segment.size.max = 4194304 (custom)
2025-04-23 14:39:47,728 [omNode-3-impl-thread1] INFO  server.RaftServerConfigKeys (ConfUtils.java:logGet(46)) - raft.server.log.preallocated.size = 4194304 (custom)
2025-04-23 14:39:47,728 [omNode-3-impl-thread1] INFO  server.RaftServerConfigKeys (ConfUtils.java:logGet(46)) - raft.server.log.force.sync.num = 128 (default)
2025-04-23 14:39:47,728 [omNode-3-impl-thread1] INFO  server.RaftServerConfigKeys (ConfUtils.java:logGet(46)) - raft.server.log.statemachine.data.sync = true (default)
2025-04-23 14:39:47,728 [omNode-3-impl-thread1] INFO  server.RaftServerConfigKeys (ConfUtils.java:logGet(46)) - raft.server.log.statemachine.data.sync.timeout = 10s (default)
2025-04-23 14:39:47,728 [omNode-3-impl-thread1] INFO  server.RaftServerConfigKeys (ConfUtils.java:logGet(46)) - raft.server.log.statemachine.data.sync.timeout.retry = -1 (default)
2025-04-23 14:39:47,728 [omNode-3-impl-thread1] INFO  server.RaftServerConfigKeys (ConfUtils.java:logGet(46)) - raft.server.log.write.buffer.size = 4194312 (custom)
2025-04-23 14:39:47,728 [omNode-3-impl-thread1] INFO  server.RaftServerConfigKeys (ConfUtils.java:logGet(46)) - raft.server.log.appender.buffer.byte-limit = 4194304 (custom)
2025-04-23 14:39:47,728 [omNode-3-impl-thread1] INFO  server.RaftServerConfigKeys (ConfUtils.java:logGet(46)) - raft.server.log.unsafe-flush.enabled = false (default)
2025-04-23 14:39:47,728 [omNode-3-impl-thread1] INFO  server.RaftServerConfigKeys (ConfUtils.java:logGet(46)) - raft.server.log.async-flush.enabled = false (default)
2025-04-23 14:39:47,728 [omNode-3-impl-thread1] INFO  server.RaftServerConfigKeys (ConfUtils.java:logGet(46)) - raft.server.log.statemachine.data.caching.enabled = false (default)
2025-04-23 14:39:47,729 [omNode-3-impl-thread1] INFO  server.RaftServer$Division (ServerState.java:setRaftConf(386)) - omNode-3@group-523986131536: set configuration conf: {index: 0, cur=peers:[omNode-3|localhost:15059, omNode-1|localhost:15051, omNode-2|localhost:15055]|listeners:[], old=null}
2025-04-23 14:39:47,732 [omNode-3-impl-thread1] INFO  segmented.LogSegment (LogSegment.java:loadSegment(171)) - Successfully read 585 entries from segment file /home/runner/work/ozone/ozone/hadoop-ozone/integration-test/target/test-dir/MiniOzoneClusterImpl-feea018d-8976-442b-acbc-fedf3986ffa5/omNode-3/ratis/c9bc4cf4-3bc3-3c60-a66b-523986131536/current/log_inprogress_0
2025-04-23 14:39:47,733 [omNode-3-impl-thread1] INFO  segmented.SegmentedRaftLogWorker (SegmentedRaftLogWorker.java:lambda$new$0(139)) - omNode-3@group-523986131536-SegmentedRaftLogWorker: flushIndex: setUnconditionally 0 -> 584
2025-04-23 14:39:47,733 [omNode-3-impl-thread1] INFO  segmented.SegmentedRaftLogWorker (SegmentedRaftLogWorker.java:lambda$new$0(139)) - omNode-3@group-523986131536-SegmentedRaftLogWorker: safeCacheEvictIndex: setUnconditionally 0 -> -1
2025-04-23 14:39:47,733 [omNode-3-impl-thread1] INFO  segmented.BufferedWriteChannel (BufferedWriteChannel.java:open(61)) - open log_inprogress_0 (append) at position 179542
2025-04-23 14:39:47,733 [omNode-3-impl-thread1] INFO  server.RaftServer$Division (RaftServerImpl.java:start(391)) - omNode-3@group-523986131536: start as a follower, conf=conf: {index: 0, cur=peers:[omNode-3|localhost:15059, omNode-1|localhost:15051, omNode-2|localhost:15055]|listeners:[], old=null}
2025-04-23 14:39:47,733 [omNode-3-impl-thread1] INFO  server.RaftServer$Division (RaftServerImpl.java:setRole(378)) - omNode-3@group-523986131536: changes role from      null to FOLLOWER at term 1 for startAsFollower
2025-04-23 14:39:47,733 [omNode-3-impl-thread1] INFO  impl.RoleInfo (RoleInfo.java:updateAndGet(148)) - omNode-3: start omNode-3@group-523986131536-FollowerState
2025-04-23 14:39:47,733 [omNode-3-impl-thread1] INFO  util.JmxRegister (JmxRegister.java:tryRegister(44)) - Successfully registered JMX Bean with object name Ratis:service=RaftServer,group=group-523986131536,id=omNode-3
2025-04-23 14:39:47,733 [omNode-3@group-523986131536-FollowerState] INFO  server.RaftServerConfigKeys (ConfUtils.java:logFallback(53)) - raft.server.rpc.first-election.timeout.min = 1s (fallback to raft.server.rpc.timeout.min)
2025-04-23 14:39:47,733 [omNode-3-impl-thread1] INFO  util.JmxRegister (JmxRegister.java:register(58)) - register mxBean class org.apache.ratis.server.impl.RaftServerJmxAdapter as Ratis:service=RaftServer,group=group-523986131536,id=omNode-3
2025-04-23 14:39:47,733 [omNode-3@group-523986131536-FollowerState] INFO  server.RaftServerConfigKeys (ConfUtils.java:logFallback(53)) - raft.server.rpc.first-election.timeout.max = 1200ms (fallback to raft.server.rpc.timeout.max)
2025-04-23 14:39:47,733 [omNode-3-impl-thread1] INFO  server.RaftServerConfigKeys (ConfUtils.java:logGet(46)) - raft.server.snapshot.trigger-when-stop.enabled = true (default)
2025-04-23 14:39:47,734 [omNode-3-impl-thread1] INFO  server.RaftServerConfigKeys (ConfUtils.java:logGet(46)) - raft.server.snapshot.trigger-when-remove.enabled = true (default)
2025-04-23 14:39:47,734 [omNode-3-impl-thread1] INFO  server.RaftServerConfigKeys (ConfUtils.java:logGet(46)) - raft.server.snapshot.auto.trigger.enabled = true (custom)
2025-04-23 14:39:47,734 [omNode-3-impl-thread1] INFO  server.RaftServerConfigKeys (ConfUtils.java:logGet(46)) - raft.server.snapshot.auto.trigger.threshold = 50 (custom)
2025-04-23 14:39:47,734 [omNode-3-impl-thread1] INFO  server.RaftServerConfigKeys (ConfUtils.java:logGet(46)) - raft.server.snapshot.retention.file.num = -1 (default)
2025-04-23 14:39:47,734 [omNode-3-impl-thread1] INFO  server.RaftServerConfigKeys (ConfUtils.java:logGet(46)) - raft.server.log.purge.upto.snapshot.index = true (custom)
2025-04-23 14:39:47,734 [omNode-3-impl-thread1] INFO  server.RaftServer$Division (RaftServerImpl.java:start(405)) - omNode-3@group-523986131536: Successfully started.
2025-04-23 14:39:47,734 [main] INFO  server.RaftServer (RaftServerProxy.java:startImpl(407)) - omNode-3: start RPC server
2025-04-23 14:39:47,734 [main] INFO  server.GrpcService (GrpcService.java:startImpl(334)) - omNode-3: GrpcService started, listening on 15059
2025-04-23 14:39:47,735 [main] INFO  om.OzoneManager (OzoneManager.java:getRpcServer(1360)) - Creating RPC Server
2025-04-23 14:39:47,735 [JvmPauseMonitor50] INFO  util.JvmPauseMonitor (JvmPauseMonitor.java:run(146)) - JvmPauseMonitor-omNode-3: Started
2025-04-23 14:39:48,092 [main] INFO  reflections.Reflections (Reflections.java:scan(219)) - Reflections took 357 ms to scan 22 urls, producing 61 keys and 7422 values
2025-04-23 14:39:48,093 [main] INFO  ipc.CallQueueManager (CallQueueManager.java:<init>(93)) - Using callQueue: class java.util.concurrent.LinkedBlockingQueue, queueCapacity: 2000, scheduler: class org.apache.hadoop.ipc.DefaultRpcScheduler, ipcBackoff: false, ipcFailOver: false.
2025-04-23 14:39:48,093 [main] INFO  ipc.Server (Server.java:<init>(1438)) - Listener at localhost:15056
2025-04-23 14:39:48,093 [Socket Reader #1 for port 15056] INFO  ipc.Server (Server.java:run(1474)) - Starting Socket Reader #1 for port 15056
2025-04-23 14:39:48,093 [Socket Reader #2 for port 15056] INFO  ipc.Server (Server.java:run(1474)) - Starting Socket Reader #2 for port 15056
2025-04-23 14:39:48,094 [Socket Reader #3 for port 15056] INFO  ipc.Server (Server.java:run(1474)) - Starting Socket Reader #3 for port 15056
2025-04-23 14:39:48,094 [Socket Reader #4 for port 15056] INFO  ipc.Server (Server.java:run(1474)) - Starting Socket Reader #4 for port 15056
2025-04-23 14:39:48,094 [Socket Reader #5 for port 15056] INFO  ipc.Server (Server.java:run(1474)) - Starting Socket Reader #5 for port 15056
2025-04-23 14:39:48,094 [Socket Reader #6 for port 15056] INFO  ipc.Server (Server.java:run(1474)) - Starting Socket Reader #6 for port 15056
2025-04-23 14:39:48,094 [Socket Reader #7 for port 15056] INFO  ipc.Server (Server.java:run(1474)) - Starting Socket Reader #7 for port 15056
2025-04-23 14:39:48,094 [Socket Reader #8 for port 15056] INFO  ipc.Server (Server.java:run(1474)) - Starting Socket Reader #8 for port 15056
2025-04-23 14:39:48,094 [Socket Reader #9 for port 15056] INFO  ipc.Server (Server.java:run(1474)) - Starting Socket Reader #9 for port 15056
2025-04-23 14:39:48,095 [Socket Reader #10 for port 15056] INFO  ipc.Server (Server.java:run(1474)) - Starting Socket Reader #10 for port 15056
2025-04-23 14:39:48,096 [main] INFO  http.BaseHttpServer (BaseHttpServer.java:newHttpServer2BuilderForOzone(229)) - Starting Web-server for ozoneManager at: http://0.0.0.0:15057
2025-04-23 14:39:48,096 [main] INFO  http.BaseHttpServer (BaseHttpServer.java:<init>(107)) - Hadoop Security Enabled: false Ozone Security Enabled: false Ozone HTTP Security Enabled: false 
2025-04-23 14:39:48,097 [main] WARN  server.AuthenticationFilter (AuthenticationFilter.java:constructSecretProvider(240)) - Unable to initialize FileSignerSecretProvider, falling back to use random secrets. Reason: Could not read signature secret file: /home/runner/hadoop-http-auth-signature-secret
2025-04-23 14:39:48,099 [main] INFO  http.HttpServer2 (HttpServer2.java:addGlobalFilter(1041)) - Added global filter 'safety' (class=org.apache.hadoop.hdds.server.http.HttpServer2$QuotingInputFilter)
2025-04-23 14:39:48,099 [main] INFO  http.HttpServer2 (HttpServer2.java:addFilter(1017)) - Added filter static_user_filter (class=org.apache.hadoop.http.lib.StaticUserWebFilter$StaticUserFilter) to context ozoneManager
2025-04-23 14:39:48,099 [main] INFO  http.HttpServer2 (HttpServer2.java:addFilter(1025)) - Added filter static_user_filter (class=org.apache.hadoop.http.lib.StaticUserWebFilter$StaticUserFilter) to context logs
2025-04-23 14:39:48,099 [main] INFO  http.HttpServer2 (HttpServer2.java:addFilter(1025)) - Added filter static_user_filter (class=org.apache.hadoop.http.lib.StaticUserWebFilter$StaticUserFilter) to context static
2025-04-23 14:39:48,100 [main] INFO  http.BaseHttpServer (BaseHttpServer.java:<init>(195)) - HTTP server of ozoneManager uses base directory /home/runner/work/ozone/ozone/hadoop-ozone/integration-test/target/test-dir/MiniOzoneClusterImpl-feea018d-8976-442b-acbc-fedf3986ffa5/omNode-3/webserver
2025-04-23 14:39:48,100 [main] INFO  http.HttpServer2 (HttpServer2.java:bindListener(1241)) - Jetty bound to port 15057
2025-04-23 14:39:48,100 [main] INFO  server.Server (Server.java:doStart(375)) - jetty-9.4.57.v20241219; built: 2025-01-08T21:24:30.412Z; git: df524e6b29271c2e09ba9aea83c18dc9db464a31; jvm 21.0.7+6-LTS
2025-04-23 14:39:48,101 [main] INFO  server.session (DefaultSessionIdManager.java:doStart(334)) - DefaultSessionIdManager workerName=node0
2025-04-23 14:39:48,101 [main] INFO  server.session (DefaultSessionIdManager.java:doStart(339)) - No SessionScavenger set, using defaults
2025-04-23 14:39:48,101 [main] INFO  server.session (HouseKeeper.java:startScavenging(132)) - node0 Scavenging every 600000ms
2025-04-23 14:39:48,102 [main] INFO  handler.ContextHandler (ContextHandler.java:doStart(921)) - Started o.e.j.s.ServletContextHandler@52a79662{logs,/logs,file:///home/runner/work/ozone/ozone/hadoop-ozone/integration-test/target/log,AVAILABLE}
2025-04-23 14:39:48,102 [main] INFO  handler.ContextHandler (ContextHandler.java:doStart(921)) - Started o.e.j.s.ServletContextHandler@5884b1db{static,/static,file:///home/runner/work/ozone/ozone/hadoop-ozone/integration-test/target/test-classes/webapps/static,AVAILABLE}
2025-04-23 14:39:48,105 [main] INFO  handler.ContextHandler (ContextHandler.java:doStart(921)) - Started o.e.j.w.WebAppContext@2886f957{ozoneManager,/,file:///home/runner/work/ozone/ozone/hadoop-ozone/integration-test/target/test-classes/webapps/ozoneManager/,AVAILABLE}{file:/home/runner/work/ozone/ozone/hadoop-ozone/integration-test/target/test-classes/webapps/ozoneManager}
2025-04-23 14:39:48,106 [main] INFO  server.AbstractConnector (AbstractConnector.java:doStart(333)) - Started ServerConnector@f7aa678{HTTP/1.1, (http/1.1)}{0.0.0.0:15057}
2025-04-23 14:39:48,106 [main] INFO  server.Server (Server.java:doStart(415)) - Started @188385ms
2025-04-23 14:39:48,106 [main] WARN  impl.MetricsSystemImpl (MetricsSystemImpl.java:register(279)) - Sink prometheus already exists!
2025-04-23 14:39:48,106 [main] INFO  http.BaseHttpServer (BaseHttpServer.java:updateConnectorAddress(360)) - HTTP server of ozoneManager listening at http://0.0.0.0:15057
2025-04-23 14:39:48,107 [IPC Server Responder] INFO  ipc.Server (Server.java:run(1713)) - IPC Server Responder: starting
2025-04-23 14:39:48,107 [IPC Server listener on 15056] INFO  ipc.Server (Server.java:run(1553)) - IPC Server listener on 15056: starting
2025-04-23 14:39:48,109 [main] INFO  om.OzoneManager (OzoneManager.java:startTrashEmptier(2257)) - Trash Interval set to 0. Files deleted won't move to trash
2025-04-23 14:39:48,110 [main] INFO  om.OzoneManager (OzoneManager.java:restart(1878)) - OzoneManager RPC server is listening at localhost/127.0.0.1:15048
2025-04-23 14:39:48,110 [main] INFO  impl.MetricsSystemImpl (MetricsSystemImpl.java:init(158)) - OzoneManager metrics system started (again)
2025-04-23 14:39:48,124 [main] WARN  server.ServerUtils (ServerUtils.java:getDBPath(297)) - ozone.om.db.dirs is not configured. We recommend adding this setting. Falling back to ozone.metadata.dirs instead.
2025-04-23 14:39:48,167 [main] INFO  om.OzoneManager (OzoneManager.java:instantiateServices(933)) - S3 Multi-Tenancy is disabled
2025-04-23 14:39:48,167 [main] INFO  om.OmSnapshotManager (OmSnapshotManager.java:<init>(180)) - Ozone filesystem snapshot feature is enabled.
2025-04-23 14:39:48,167 [main] WARN  server.ServerUtils (ServerUtils.java:getDBPath(297)) - ozone.om.snapshot.diff.db.dir is not configured. We recommend adding this setting. Falling back to ozone.metadata.dirs instead.
2025-04-23 14:39:48,184 [main] WARN  dropwizard3.Dm3MetricRegistriesImpl (Dm3MetricRegistriesImpl.java:addReporterRegistration(114)) - New reporters are added after registries were created. Some metrics will be missing from the reporter. Please add reporter before adding any new registry.
2025-04-23 14:39:48,184 [main] WARN  dropwizard3.Dm3MetricRegistriesImpl (Dm3MetricRegistriesImpl.java:addReporterRegistration(114)) - New reporters are added after registries were created. Some metrics will be missing from the reporter. Please add reporter before adding any new registry.
2025-04-23 14:39:48,184 [main] WARN  server.ServerUtils (ServerUtils.java:getDefaultRatisDirectory(309)) - Storage directory for Ratis is not configured. It is a good idea to map this to an SSD disk. Falling back to ozone.metadata.dirs
2025-04-23 14:39:48,184 [main] INFO  server.RaftServerConfigKeys (ConfUtils.java:logGet(46)) - raft.server.log.appender.buffer.byte-limit = 4194304 (custom)
2025-04-23 14:39:48,185 [main] INFO  ratis.OzoneManagerRatisServer (OzoneManagerRatisServer.java:<init>(167)) - Instantiating OM Ratis server with groupID: om-service-test1 and peers: localhost:15051, localhost:15059, localhost:15055
2025-04-23 14:39:48,185 [main] INFO  ratis.OzoneManagerStateMachine (OzoneManagerStateMachine.java:loadSnapshotInfoFromDB(611)) - LastAppliedIndex is set from TransactionInfo from OM DB as (t:1, i:584)
2025-04-23 14:39:48,186 [main] INFO  server.RaftServer (ConfUtils.java:logGet(46)) - raft.rpc.type = GRPC (default)
2025-04-23 14:39:48,186 [main] INFO  grpc.GrpcConfigKeys (ConfUtils.java:logFallback(53)) - raft.grpc.admin.host = null (fallback to raft.grpc.server.host)
2025-04-23 14:39:48,186 [main] INFO  grpc.GrpcConfigKeys (ConfUtils.java:logFallback(53)) - raft.grpc.admin.port = 15051 (fallback to raft.grpc.server.port)
2025-04-23 14:39:48,186 [main] INFO  grpc.GrpcConfigKeys (ConfUtils.java:logFallback(53)) - raft.grpc.client.host = null (fallback to raft.grpc.server.host)
2025-04-23 14:39:48,186 [main] INFO  grpc.GrpcConfigKeys (ConfUtils.java:logFallback(53)) - raft.grpc.client.port = 15051 (fallback to raft.grpc.server.port)
2025-04-23 14:39:48,186 [main] INFO  grpc.GrpcConfigKeys (ConfUtils.java:logGet(46)) - raft.grpc.server.host = null (default)
2025-04-23 14:39:48,186 [main] INFO  grpc.GrpcConfigKeys (ConfUtils.java:logGet(46)) - raft.grpc.server.port = 15051 (custom)
2025-04-23 14:39:48,186 [main] INFO  server.GrpcService (ConfUtils.java:logGet(46)) - raft.grpc.message.size.max = 5242880 (custom)
2025-04-23 14:39:48,187 [main] INFO  server.GrpcService (ConfUtils.java:logGet(46)) - raft.grpc.flow.control.window = 1MB (=1048576) (default)
2025-04-23 14:39:48,187 [main] INFO  server.RaftServerConfigKeys (ConfUtils.java:logGet(46)) - raft.server.rpc.request.timeout = 3000ms (default)
2025-04-23 14:39:48,187 [main] INFO  grpc.GrpcConfigKeys (ConfUtils.java:logGet(46)) - raft.grpc.server.heartbeat.channel = true (default)
2025-04-23 14:39:48,187 [main] INFO  server.RaftServerConfigKeys (ConfUtils.java:logGet(46)) - raft.server.log.appender.buffer.byte-limit = 4194304 (custom)
2025-04-23 14:39:48,187 [main] INFO  grpc.GrpcConfigKeys (ConfUtils.java:logGet(46)) - raft.grpc.server.async.request.thread.pool.cached = true (default)
2025-04-23 14:39:48,187 [main] INFO  grpc.GrpcConfigKeys (ConfUtils.java:logGet(46)) - raft.grpc.server.async.request.thread.pool.size = 32 (default)
2025-04-23 14:39:48,188 [main] INFO  impl.DataStreamServerImpl (ConfUtils.java:logGet(46)) - raft.datastream.type = DISABLED (default)
2025-04-23 14:39:48,188 [main] INFO  server.RaftServerConfigKeys (ConfUtils.java:logGet(46)) - raft.server.sleep.deviation.threshold = 300ms (default)
2025-04-23 14:39:48,188 [main] INFO  server.RaftServerConfigKeys (ConfUtils.java:logGet(46)) - raft.server.close.threshold = 60s (default)
2025-04-23 14:39:48,188 [main] INFO  server.RaftServerConfigKeys (ConfUtils.java:logGet(46)) - raft.server.leaderelection.leader.step-down.wait-time = 10s (default)
2025-04-23 14:39:48,188 [main] INFO  server.RaftServerConfigKeys (ConfUtils.java:logGet(46)) - raft.server.storage.dir = [/home/runner/work/ozone/ozone/hadoop-ozone/integration-test/target/test-dir/MiniOzoneClusterImpl-feea018d-8976-442b-acbc-fedf3986ffa5/omNode-1/ratis] (custom)
2025-04-23 14:39:48,189 [main] INFO  server.RaftServerConfigKeys (ConfUtils.java:logGet(46)) - raft.server.threadpool.proxy.cached = true (default)
2025-04-23 14:39:48,189 [main] INFO  server.RaftServerConfigKeys (ConfUtils.java:logGet(46)) - raft.server.threadpool.proxy.size = 0 (default)
2025-04-23 14:39:48,189 [omNode-1-impl-thread1] INFO  server.RaftServer (RaftServerProxy.java:initGroupDir(265)) - omNode-1: found a subdirectory /home/runner/work/ozone/ozone/hadoop-ozone/integration-test/target/test-dir/MiniOzoneClusterImpl-feea018d-8976-442b-acbc-fedf3986ffa5/omNode-1/ratis/c9bc4cf4-3bc3-3c60-a66b-523986131536
2025-04-23 14:39:48,189 [main] INFO  server.RaftServer (RaftServerProxy.java:addNew(100)) - omNode-1: addNew group-523986131536:[omNode-3|localhost:15059, omNode-1|localhost:15051, omNode-2|localhost:15055] returns group-523986131536:java.util.concurrent.CompletableFuture@6bf048c3[Not completed]
2025-04-23 14:39:48,190 [omNode-1-groupManagement] INFO  server.RaftServer$Division (RaftServerImpl.java:<init>(255)) - omNode-1: new RaftServerImpl for group-523986131536:[omNode-3|localhost:15059, omNode-1|localhost:15051, omNode-2|localhost:15055] with OzoneManagerStateMachine:uninitialized
2025-04-23 14:39:48,190 [main] INFO  om.OzoneManager (OzoneManager.java:initializeRatisServer(2303)) - OzoneManager Ratis server initialized at port 15051
2025-04-23 14:39:48,190 [omNode-1-groupManagement] INFO  server.RaftServerConfigKeys (ConfUtils.java:logGet(46)) - raft.server.rpc.timeout.min = 1s (custom)
2025-04-23 14:39:48,190 [omNode-1-groupManagement] INFO  server.RaftServerConfigKeys (ConfUtils.java:logGet(46)) - raft.server.rpc.timeout.max = 1200ms (custom)
2025-04-23 14:39:48,190 [main] INFO  ratis.OzoneManagerRatisServer (OzoneManagerRatisServer.java:start(628)) - Starting OzoneManagerRatisServer omNode-1 at port 15051
2025-04-23 14:39:48,190 [omNode-1-groupManagement] INFO  server.RaftServerConfigKeys (ConfUtils.java:logGet(46)) - raft.server.rpc.sleep.time = 25ms (default)
2025-04-23 14:39:48,190 [omNode-1-groupManagement] INFO  server.RaftServerConfigKeys (ConfUtils.java:logGet(46)) - raft.server.rpc.slowness.timeout = 2s (custom)
2025-04-23 14:39:48,190 [omNode-1-groupManagement] INFO  server.RaftServerConfigKeys (ConfUtils.java:logGet(46)) - raft.server.leaderelection.leader.step-down.wait-time = 10s (default)
2025-04-23 14:39:48,190 [omNode-1-groupManagement] INFO  server.RaftServerConfigKeys (ConfUtils.java:logGet(46)) - raft.server.leaderelection.member.majority-add = false (default)
2025-04-23 14:39:48,190 [omNode-1-groupManagement] INFO  server.RaftServerConfigKeys (ConfUtils.java:logGet(46)) - raft.server.sleep.deviation.threshold = 300ms (default)
2025-04-23 14:39:48,190 [omNode-1-groupManagement] INFO  server.RaftServer$Division (ServerState.java:<init>(114)) - omNode-1@group-523986131536: ConfigurationManager, init=conf: {index: -1, cur=peers:[omNode-3|localhost:15059, omNode-1|localhost:15051, omNode-2|localhost:15055]|listeners:[], old=null}, confs=<EMPTY_MAP>
2025-04-23 14:39:48,190 [omNode-1-groupManagement] INFO  server.RaftServerConfigKeys (ConfUtils.java:logGet(46)) - raft.server.notification.no-leader.timeout = 2s (custom)
2025-04-23 14:39:48,190 [omNode-1-groupManagement] INFO  server.RaftServerConfigKeys (ConfUtils.java:logGet(46)) - raft.server.read.timeout = 10s (default)
2025-04-23 14:39:48,190 [omNode-1-groupManagement] INFO  server.RaftServerConfigKeys (ConfUtils.java:logGet(46)) - raft.server.retrycache.expirytime = 30000ms (custom)
2025-04-23 14:39:48,190 [omNode-1-groupManagement] INFO  server.RaftServerConfigKeys (ConfUtils.java:logGet(46)) - raft.server.retrycache.statistics.expirytime = 100ms (default)
2025-04-23 14:39:48,190 [omNode-1-groupManagement] INFO  server.RaftServerConfigKeys (ConfUtils.java:logGet(46)) - raft.server.read.option = DEFAULT (default)
2025-04-23 14:39:48,190 [omNode-1-groupManagement] INFO  server.RaftServerConfigKeys (ConfUtils.java:logGet(46)) - raft.server.read.read-after-write-consistent.write-index-cache.expiry-time = 60s (default)
2025-04-23 14:39:48,193 [omNode-1-groupManagement] INFO  server.RaftServerConfigKeys (ConfUtils.java:logGet(46)) - raft.server.rpc.request.timeout = 3000ms (default)
2025-04-23 14:39:48,193 [omNode-1-groupManagement] INFO  server.RaftServerConfigKeys (ConfUtils.java:logGet(46)) - raft.server.log.appender.install.snapshot.enabled = false (custom)
2025-04-23 14:39:48,193 [omNode-1-groupManagement] INFO  server.RaftServerConfigKeys (ConfUtils.java:logGet(46)) - raft.server.threadpool.server.cached = true (default)
2025-04-23 14:39:48,193 [omNode-1-groupManagement] INFO  server.RaftServerConfigKeys (ConfUtils.java:logGet(46)) - raft.server.threadpool.server.size = 0 (default)
2025-04-23 14:39:48,193 [omNode-1-groupManagement] INFO  server.RaftServerConfigKeys (ConfUtils.java:logGet(46)) - raft.server.threadpool.client.cached = true (default)
2025-04-23 14:39:48,193 [omNode-1-groupManagement] INFO  server.RaftServerConfigKeys (ConfUtils.java:logGet(46)) - raft.server.threadpool.client.size = 0 (default)
2025-04-23 14:39:48,194 [omNode-1-impl-thread1] INFO  server.RaftServerConfigKeys (ConfUtils.java:logGet(46)) - raft.server.storage.free-space.min = 0MB (=0) (default)
2025-04-23 14:39:48,194 [omNode-1-impl-thread1] INFO  server.RaftServerConfigKeys (ConfUtils.java:logGet(46)) - raft.server.log.corruption.policy = EXCEPTION (default)
2025-04-23 14:39:48,194 [omNode-1-impl-thread1] INFO  server.RaftServerConfigKeys (ConfUtils.java:logGet(46)) - raft.server.storage.dir = [/home/runner/work/ozone/ozone/hadoop-ozone/integration-test/target/test-dir/MiniOzoneClusterImpl-feea018d-8976-442b-acbc-fedf3986ffa5/omNode-1/ratis] (custom)
2025-04-23 14:39:48,195 [omNode-1-impl-thread1] INFO  storage.RaftStorageDirectory (RaftStorageDirectoryImpl.java:tryLock(229)) - Lock on /home/runner/work/ozone/ozone/hadoop-ozone/integration-test/target/test-dir/MiniOzoneClusterImpl-feea018d-8976-442b-acbc-fedf3986ffa5/omNode-1/ratis/c9bc4cf4-3bc3-3c60-a66b-523986131536/in_use.lock acquired by nodename 129558@fv-az1120-822
2025-04-23 14:39:48,195 [omNode-1-impl-thread1] INFO  storage.RaftStorage (RaftStorageImpl.java:analyzeAndRecoverStorage(118)) - Read RaftStorageMetadata{term=1, votedFor=omNode-1} from /home/runner/work/ozone/ozone/hadoop-ozone/integration-test/target/test-dir/MiniOzoneClusterImpl-feea018d-8976-442b-acbc-fedf3986ffa5/omNode-1/ratis/c9bc4cf4-3bc3-3c60-a66b-523986131536/current/raft-meta
2025-04-23 14:39:48,195 [omNode-1-impl-thread1] INFO  server.RaftServer$Division (ServerState.java:setRaftConf(386)) - omNode-1@group-523986131536: set configuration conf: {index: 0, cur=peers:[omNode-3|localhost:15059, omNode-1|localhost:15051, omNode-2|localhost:15055]|listeners:[], old=null}
2025-04-23 14:39:48,195 [omNode-1-impl-thread1] INFO  ratis.OzoneManagerStateMachine (OzoneManagerStateMachine.java:lambda$0(138)) - omNode-1: initialize group-523986131536 with (t:1, i:584)
2025-04-23 14:39:48,195 [omNode-1-impl-thread1] INFO  server.RaftServerConfigKeys (ConfUtils.java:logGet(46)) - raft.server.log.use.memory = false (default)
2025-04-23 14:39:48,196 [omNode-1-impl-thread1] INFO  server.RaftServerConfigKeys (ConfUtils.java:logGet(46)) - raft.server.log.purge.gap = 50 (custom)
2025-04-23 14:39:48,196 [omNode-1-impl-thread1] INFO  server.RaftServerConfigKeys (ConfUtils.java:logGet(46)) - raft.server.log.appender.buffer.byte-limit = 4194304 (custom)
2025-04-23 14:39:48,196 [omNode-1-impl-thread1] INFO  server.RaftServerConfigKeys (ConfUtils.java:logGet(46)) - raft.server.log.statemachine.data.read.timeout = 1000ms (default)
2025-04-23 14:39:48,196 [omNode-1-impl-thread1] INFO  server.RaftServerConfigKeys (ConfUtils.java:logGet(46)) - raft.server.log.purge.preservation.log.num = 0 (default)
2025-04-23 14:39:48,197 [omNode-1-impl-thread1] INFO  server.RaftServerConfigKeys (ConfUtils.java:logGet(46)) - raft.server.log.segment.size.max = 4194304 (custom)
2025-04-23 14:39:48,197 [omNode-1-impl-thread1] INFO  server.RaftServerConfigKeys (ConfUtils.java:logGet(46)) - raft.server.log.segment.cache.num.max = 2 (custom)
2025-04-23 14:39:48,197 [omNode-1-impl-thread1] INFO  server.RaftServerConfigKeys (ConfUtils.java:logGet(46)) - raft.server.log.segment.cache.size.max = 200MB (=209715200) (default)
2025-04-23 14:39:48,197 [omNode-1-impl-thread1] INFO  server.RaftServerConfigKeys (ConfUtils.java:logGet(46)) - raft.server.log.appender.buffer.byte-limit = 4194304 (custom)
2025-04-23 14:39:48,197 [omNode-1-impl-thread1] INFO  util.AwaitToRun (AwaitToRun.java:start(81)) - Thread[#11036,omNode-1@group-523986131536-cacheEviction-AwaitToRun,5,main] started
2025-04-23 14:39:48,197 [omNode-1-impl-thread1] INFO  segmented.SegmentedRaftLogWorker (SegmentedRaftLogWorker.java:<init>(188)) - new omNode-1@group-523986131536-SegmentedRaftLogWorker for RaftStorageImpl:Storage Directory /home/runner/work/ozone/ozone/hadoop-ozone/integration-test/target/test-dir/MiniOzoneClusterImpl-feea018d-8976-442b-acbc-fedf3986ffa5/omNode-1/ratis/c9bc4cf4-3bc3-3c60-a66b-523986131536
2025-04-23 14:39:48,197 [omNode-1-impl-thread1] INFO  server.RaftServerConfigKeys (ConfUtils.java:logGet(46)) - raft.server.log.queue.byte-limit = 64MB (=67108864) (default)
2025-04-23 14:39:48,197 [omNode-1-impl-thread1] INFO  server.RaftServerConfigKeys (ConfUtils.java:logGet(46)) - raft.server.log.queue.element-limit = 4096 (default)
2025-04-23 14:39:48,197 [omNode-1-impl-thread1] INFO  server.RaftServerConfigKeys (ConfUtils.java:logGet(46)) - raft.server.log.segment.size.max = 4194304 (custom)
2025-04-23 14:39:48,197 [omNode-1-impl-thread1] INFO  server.RaftServerConfigKeys (ConfUtils.java:logGet(46)) - raft.server.log.preallocated.size = 4194304 (custom)
2025-04-23 14:39:48,198 [omNode-1-impl-thread1] INFO  server.RaftServerConfigKeys (ConfUtils.java:logGet(46)) - raft.server.log.force.sync.num = 128 (default)
2025-04-23 14:39:48,198 [omNode-1-impl-thread1] INFO  server.RaftServerConfigKeys (ConfUtils.java:logGet(46)) - raft.server.log.statemachine.data.sync = true (default)
2025-04-23 14:39:48,198 [omNode-1-impl-thread1] INFO  server.RaftServerConfigKeys (ConfUtils.java:logGet(46)) - raft.server.log.statemachine.data.sync.timeout = 10s (default)
2025-04-23 14:39:48,198 [omNode-1-impl-thread1] INFO  server.RaftServerConfigKeys (ConfUtils.java:logGet(46)) - raft.server.log.statemachine.data.sync.timeout.retry = -1 (default)
2025-04-23 14:39:48,198 [omNode-1-impl-thread1] INFO  server.RaftServerConfigKeys (ConfUtils.java:logGet(46)) - raft.server.log.write.buffer.size = 4194312 (custom)
2025-04-23 14:39:48,200 [omNode-1-impl-thread1] INFO  server.RaftServerConfigKeys (ConfUtils.java:logGet(46)) - raft.server.log.appender.buffer.byte-limit = 4194304 (custom)
2025-04-23 14:39:48,200 [omNode-1-impl-thread1] INFO  server.RaftServerConfigKeys (ConfUtils.java:logGet(46)) - raft.server.log.unsafe-flush.enabled = false (default)
2025-04-23 14:39:48,200 [omNode-1-impl-thread1] INFO  server.RaftServerConfigKeys (ConfUtils.java:logGet(46)) - raft.server.log.async-flush.enabled = false (default)
2025-04-23 14:39:48,200 [omNode-1-impl-thread1] INFO  server.RaftServerConfigKeys (ConfUtils.java:logGet(46)) - raft.server.log.statemachine.data.caching.enabled = false (default)
2025-04-23 14:39:48,201 [omNode-1-impl-thread1] INFO  server.RaftServer$Division (ServerState.java:setRaftConf(386)) - omNode-1@group-523986131536: set configuration conf: {index: 0, cur=peers:[omNode-3|localhost:15059, omNode-1|localhost:15051, omNode-2|localhost:15055]|listeners:[], old=null}
2025-04-23 14:39:48,203 [omNode-1-impl-thread1] INFO  segmented.LogSegment (LogSegment.java:loadSegment(171)) - Successfully read 585 entries from segment file /home/runner/work/ozone/ozone/hadoop-ozone/integration-test/target/test-dir/MiniOzoneClusterImpl-feea018d-8976-442b-acbc-fedf3986ffa5/omNode-1/ratis/c9bc4cf4-3bc3-3c60-a66b-523986131536/current/log_inprogress_0
2025-04-23 14:39:48,203 [omNode-1-impl-thread1] INFO  segmented.SegmentedRaftLogWorker (SegmentedRaftLogWorker.java:lambda$new$0(139)) - omNode-1@group-523986131536-SegmentedRaftLogWorker: flushIndex: setUnconditionally 0 -> 584
2025-04-23 14:39:48,203 [omNode-1-impl-thread1] INFO  segmented.SegmentedRaftLogWorker (SegmentedRaftLogWorker.java:lambda$new$0(139)) - omNode-1@group-523986131536-SegmentedRaftLogWorker: safeCacheEvictIndex: setUnconditionally 0 -> -1
2025-04-23 14:39:48,203 [omNode-1-impl-thread1] INFO  segmented.BufferedWriteChannel (BufferedWriteChannel.java:open(61)) - open log_inprogress_0 (append) at position 179542
2025-04-23 14:39:48,204 [omNode-1-impl-thread1] INFO  server.RaftServer$Division (RaftServerImpl.java:start(391)) - omNode-1@group-523986131536: start as a follower, conf=conf: {index: 0, cur=peers:[omNode-3|localhost:15059, omNode-1|localhost:15051, omNode-2|localhost:15055]|listeners:[], old=null}
2025-04-23 14:39:48,204 [omNode-1-impl-thread1] INFO  server.RaftServer$Division (RaftServerImpl.java:setRole(378)) - omNode-1@group-523986131536: changes role from      null to FOLLOWER at term 1 for startAsFollower
2025-04-23 14:39:48,204 [omNode-1-impl-thread1] INFO  impl.RoleInfo (RoleInfo.java:updateAndGet(148)) - omNode-1: start omNode-1@group-523986131536-FollowerState
2025-04-23 14:39:48,204 [omNode-1-impl-thread1] INFO  util.JmxRegister (JmxRegister.java:tryRegister(44)) - Successfully registered JMX Bean with object name Ratis:service=RaftServer,group=group-523986131536,id=omNode-1
2025-04-23 14:39:48,204 [omNode-1-impl-thread1] INFO  util.JmxRegister (JmxRegister.java:register(58)) - register mxBean class org.apache.ratis.server.impl.RaftServerJmxAdapter as Ratis:service=RaftServer,group=group-523986131536,id=omNode-1
2025-04-23 14:39:48,204 [omNode-1@group-523986131536-FollowerState] INFO  server.RaftServerConfigKeys (ConfUtils.java:logFallback(53)) - raft.server.rpc.first-election.timeout.min = 1s (fallback to raft.server.rpc.timeout.min)
2025-04-23 14:39:48,205 [omNode-1@group-523986131536-FollowerState] INFO  server.RaftServerConfigKeys (ConfUtils.java:logFallback(53)) - raft.server.rpc.first-election.timeout.max = 1200ms (fallback to raft.server.rpc.timeout.max)
2025-04-23 14:39:48,205 [omNode-1-impl-thread1] INFO  server.RaftServerConfigKeys (ConfUtils.java:logGet(46)) - raft.server.snapshot.trigger-when-stop.enabled = true (default)
2025-04-23 14:39:48,205 [omNode-1-impl-thread1] INFO  server.RaftServerConfigKeys (ConfUtils.java:logGet(46)) - raft.server.snapshot.trigger-when-remove.enabled = true (default)
2025-04-23 14:39:48,205 [omNode-1-impl-thread1] INFO  server.RaftServerConfigKeys (ConfUtils.java:logGet(46)) - raft.server.snapshot.auto.trigger.enabled = true (custom)
2025-04-23 14:39:48,205 [omNode-1-impl-thread1] INFO  server.RaftServerConfigKeys (ConfUtils.java:logGet(46)) - raft.server.snapshot.auto.trigger.threshold = 50 (custom)
2025-04-23 14:39:48,205 [omNode-1-impl-thread1] INFO  server.RaftServerConfigKeys (ConfUtils.java:logGet(46)) - raft.server.snapshot.retention.file.num = -1 (default)
2025-04-23 14:39:48,205 [omNode-1-impl-thread1] INFO  server.RaftServerConfigKeys (ConfUtils.java:logGet(46)) - raft.server.log.purge.upto.snapshot.index = true (custom)
2025-04-23 14:39:48,205 [omNode-1-impl-thread1] INFO  server.RaftServer$Division (RaftServerImpl.java:start(405)) - omNode-1@group-523986131536: Successfully started.
2025-04-23 14:39:48,206 [main] INFO  server.RaftServer (RaftServerProxy.java:startImpl(407)) - omNode-1: start RPC server
2025-04-23 14:39:48,206 [main] INFO  server.GrpcService (GrpcService.java:startImpl(334)) - omNode-1: GrpcService started, listening on 15051
2025-04-23 14:39:48,207 [main] INFO  om.OzoneManager (OzoneManager.java:getRpcServer(1360)) - Creating RPC Server
2025-04-23 14:39:48,207 [JvmPauseMonitor51] INFO  util.JvmPauseMonitor (JvmPauseMonitor.java:run(146)) - JvmPauseMonitor-omNode-1: Started
2025-04-23 14:39:48,561 [main] INFO  reflections.Reflections (Reflections.java:scan(219)) - Reflections took 354 ms to scan 22 urls, producing 61 keys and 7422 values
2025-04-23 14:39:48,561 [main] INFO  ipc.CallQueueManager (CallQueueManager.java:<init>(93)) - Using callQueue: class java.util.concurrent.LinkedBlockingQueue, queueCapacity: 2000, scheduler: class org.apache.hadoop.ipc.DefaultRpcScheduler, ipcBackoff: false, ipcFailOver: false.
2025-04-23 14:39:48,562 [main] INFO  ipc.Server (Server.java:<init>(1438)) - Listener at localhost:15048
2025-04-23 14:39:48,562 [Socket Reader #1 for port 15048] INFO  ipc.Server (Server.java:run(1474)) - Starting Socket Reader #1 for port 15048
2025-04-23 14:39:48,562 [Socket Reader #2 for port 15048] INFO  ipc.Server (Server.java:run(1474)) - Starting Socket Reader #2 for port 15048
2025-04-23 14:39:48,562 [Socket Reader #3 for port 15048] INFO  ipc.Server (Server.java:run(1474)) - Starting Socket Reader #3 for port 15048
2025-04-23 14:39:48,562 [Socket Reader #4 for port 15048] INFO  ipc.Server (Server.java:run(1474)) - Starting Socket Reader #4 for port 15048
2025-04-23 14:39:48,563 [Socket Reader #5 for port 15048] INFO  ipc.Server (Server.java:run(1474)) - Starting Socket Reader #5 for port 15048
2025-04-23 14:39:48,563 [Socket Reader #6 for port 15048] INFO  ipc.Server (Server.java:run(1474)) - Starting Socket Reader #6 for port 15048
2025-04-23 14:39:48,563 [Socket Reader #7 for port 15048] INFO  ipc.Server (Server.java:run(1474)) - Starting Socket Reader #7 for port 15048
2025-04-23 14:39:48,563 [Socket Reader #8 for port 15048] INFO  ipc.Server (Server.java:run(1474)) - Starting Socket Reader #8 for port 15048
2025-04-23 14:39:48,563 [Socket Reader #9 for port 15048] INFO  ipc.Server (Server.java:run(1474)) - Starting Socket Reader #9 for port 15048
2025-04-23 14:39:48,563 [Socket Reader #10 for port 15048] INFO  ipc.Server (Server.java:run(1474)) - Starting Socket Reader #10 for port 15048
2025-04-23 14:39:48,565 [main] INFO  http.BaseHttpServer (BaseHttpServer.java:newHttpServer2BuilderForOzone(229)) - Starting Web-server for ozoneManager at: http://0.0.0.0:15049
2025-04-23 14:39:48,565 [main] INFO  http.BaseHttpServer (BaseHttpServer.java:<init>(107)) - Hadoop Security Enabled: false Ozone Security Enabled: false Ozone HTTP Security Enabled: false 
2025-04-23 14:39:48,566 [main] WARN  server.AuthenticationFilter (AuthenticationFilter.java:constructSecretProvider(240)) - Unable to initialize FileSignerSecretProvider, falling back to use random secrets. Reason: Could not read signature secret file: /home/runner/hadoop-http-auth-signature-secret
2025-04-23 14:39:48,567 [main] INFO  http.HttpServer2 (HttpServer2.java:addGlobalFilter(1041)) - Added global filter 'safety' (class=org.apache.hadoop.hdds.server.http.HttpServer2$QuotingInputFilter)
2025-04-23 14:39:48,568 [main] INFO  http.HttpServer2 (HttpServer2.java:addFilter(1017)) - Added filter static_user_filter (class=org.apache.hadoop.http.lib.StaticUserWebFilter$StaticUserFilter) to context ozoneManager
2025-04-23 14:39:48,568 [main] INFO  http.HttpServer2 (HttpServer2.java:addFilter(1025)) - Added filter static_user_filter (class=org.apache.hadoop.http.lib.StaticUserWebFilter$StaticUserFilter) to context logs
2025-04-23 14:39:48,568 [main] INFO  http.HttpServer2 (HttpServer2.java:addFilter(1025)) - Added filter static_user_filter (class=org.apache.hadoop.http.lib.StaticUserWebFilter$StaticUserFilter) to context static
2025-04-23 14:39:48,568 [main] INFO  http.BaseHttpServer (BaseHttpServer.java:<init>(195)) - HTTP server of ozoneManager uses base directory /home/runner/work/ozone/ozone/hadoop-ozone/integration-test/target/test-dir/MiniOzoneClusterImpl-feea018d-8976-442b-acbc-fedf3986ffa5/omNode-1/webserver
2025-04-23 14:39:48,568 [main] INFO  http.HttpServer2 (HttpServer2.java:bindListener(1241)) - Jetty bound to port 15049
2025-04-23 14:39:48,568 [main] INFO  server.Server (Server.java:doStart(375)) - jetty-9.4.57.v20241219; built: 2025-01-08T21:24:30.412Z; git: df524e6b29271c2e09ba9aea83c18dc9db464a31; jvm 21.0.7+6-LTS
2025-04-23 14:39:48,569 [main] INFO  server.session (DefaultSessionIdManager.java:doStart(334)) - DefaultSessionIdManager workerName=node0
2025-04-23 14:39:48,570 [main] INFO  server.session (DefaultSessionIdManager.java:doStart(339)) - No SessionScavenger set, using defaults
2025-04-23 14:39:48,570 [main] INFO  server.session (HouseKeeper.java:startScavenging(132)) - node0 Scavenging every 660000ms
2025-04-23 14:39:48,570 [main] INFO  handler.ContextHandler (ContextHandler.java:doStart(921)) - Started o.e.j.s.ServletContextHandler@1dfbdd8f{logs,/logs,file:///home/runner/work/ozone/ozone/hadoop-ozone/integration-test/target/log,AVAILABLE}
2025-04-23 14:39:48,570 [main] INFO  handler.ContextHandler (ContextHandler.java:doStart(921)) - Started o.e.j.s.ServletContextHandler@57df9196{static,/static,file:///home/runner/work/ozone/ozone/hadoop-ozone/integration-test/target/test-classes/webapps/static,AVAILABLE}
2025-04-23 14:39:48,574 [main] INFO  handler.ContextHandler (ContextHandler.java:doStart(921)) - Started o.e.j.w.WebAppContext@60e9ff80{ozoneManager,/,file:///home/runner/work/ozone/ozone/hadoop-ozone/integration-test/target/test-classes/webapps/ozoneManager/,AVAILABLE}{file:/home/runner/work/ozone/ozone/hadoop-ozone/integration-test/target/test-classes/webapps/ozoneManager}
2025-04-23 14:39:48,574 [main] INFO  server.AbstractConnector (AbstractConnector.java:doStart(333)) - Started ServerConnector@acacd60{HTTP/1.1, (http/1.1)}{0.0.0.0:15049}
2025-04-23 14:39:48,574 [main] INFO  server.Server (Server.java:doStart(415)) - Started @188853ms
2025-04-23 14:39:48,574 [main] WARN  impl.MetricsSystemImpl (MetricsSystemImpl.java:register(279)) - Sink prometheus already exists!
2025-04-23 14:39:48,575 [main] INFO  http.BaseHttpServer (BaseHttpServer.java:updateConnectorAddress(360)) - HTTP server of ozoneManager listening at http://0.0.0.0:15049
2025-04-23 14:39:48,575 [IPC Server Responder] INFO  ipc.Server (Server.java:run(1713)) - IPC Server Responder: starting
2025-04-23 14:39:48,575 [IPC Server listener on 15048] INFO  ipc.Server (Server.java:run(1553)) - IPC Server listener on 15048: starting
2025-04-23 14:39:48,577 [main] INFO  om.OzoneManager (OzoneManager.java:startTrashEmptier(2257)) - Trash Interval set to 0. Files deleted won't move to trash
2025-04-23 14:39:48,577 [main] INFO  om.OzoneManager (OzoneManager.java:restart(1878)) - OzoneManager RPC server is listening at localhost/127.0.0.1:15052
2025-04-23 14:39:48,577 [main] INFO  impl.MetricsSystemImpl (MetricsSystemImpl.java:init(158)) - OzoneManager metrics system started (again)
2025-04-23 14:39:48,588 [main] WARN  server.ServerUtils (ServerUtils.java:getDBPath(297)) - ozone.om.db.dirs is not configured. We recommend adding this setting. Falling back to ozone.metadata.dirs instead.
2025-04-23 14:39:48,628 [main] INFO  om.OzoneManager (OzoneManager.java:instantiateServices(933)) - S3 Multi-Tenancy is disabled
2025-04-23 14:39:48,628 [main] INFO  om.OmSnapshotManager (OmSnapshotManager.java:<init>(180)) - Ozone filesystem snapshot feature is enabled.
2025-04-23 14:39:48,628 [main] WARN  server.ServerUtils (ServerUtils.java:getDBPath(297)) - ozone.om.snapshot.diff.db.dir is not configured. We recommend adding this setting. Falling back to ozone.metadata.dirs instead.
2025-04-23 14:39:48,642 [main] WARN  dropwizard3.Dm3MetricRegistriesImpl (Dm3MetricRegistriesImpl.java:addReporterRegistration(114)) - New reporters are added after registries were created. Some metrics will be missing from the reporter. Please add reporter before adding any new registry.
2025-04-23 14:39:48,642 [main] WARN  dropwizard3.Dm3MetricRegistriesImpl (Dm3MetricRegistriesImpl.java:addReporterRegistration(114)) - New reporters are added after registries were created. Some metrics will be missing from the reporter. Please add reporter before adding any new registry.
2025-04-23 14:39:48,642 [main] WARN  server.ServerUtils (ServerUtils.java:getDefaultRatisDirectory(309)) - Storage directory for Ratis is not configured. It is a good idea to map this to an SSD disk. Falling back to ozone.metadata.dirs
2025-04-23 14:39:48,643 [main] INFO  server.RaftServerConfigKeys (ConfUtils.java:logGet(46)) - raft.server.log.appender.buffer.byte-limit = 4194304 (custom)
2025-04-23 14:39:48,643 [main] INFO  ratis.OzoneManagerRatisServer (OzoneManagerRatisServer.java:<init>(167)) - Instantiating OM Ratis server with groupID: om-service-test1 and peers: localhost:15055, localhost:15059, localhost:15051
2025-04-23 14:39:48,643 [main] INFO  ratis.OzoneManagerStateMachine (OzoneManagerStateMachine.java:loadSnapshotInfoFromDB(611)) - LastAppliedIndex is set from TransactionInfo from OM DB as (t:1, i:584)
2025-04-23 14:39:48,644 [main] INFO  server.RaftServer (ConfUtils.java:logGet(46)) - raft.rpc.type = GRPC (default)
2025-04-23 14:39:48,644 [main] INFO  grpc.GrpcConfigKeys (ConfUtils.java:logFallback(53)) - raft.grpc.admin.host = null (fallback to raft.grpc.server.host)
2025-04-23 14:39:48,644 [main] INFO  grpc.GrpcConfigKeys (ConfUtils.java:logFallback(53)) - raft.grpc.admin.port = 15055 (fallback to raft.grpc.server.port)
2025-04-23 14:39:48,644 [main] INFO  grpc.GrpcConfigKeys (ConfUtils.java:logFallback(53)) - raft.grpc.client.host = null (fallback to raft.grpc.server.host)
2025-04-23 14:39:48,644 [main] INFO  grpc.GrpcConfigKeys (ConfUtils.java:logFallback(53)) - raft.grpc.client.port = 15055 (fallback to raft.grpc.server.port)
2025-04-23 14:39:48,644 [main] INFO  grpc.GrpcConfigKeys (ConfUtils.java:logGet(46)) - raft.grpc.server.host = null (default)
2025-04-23 14:39:48,644 [main] INFO  grpc.GrpcConfigKeys (ConfUtils.java:logGet(46)) - raft.grpc.server.port = 15055 (custom)
2025-04-23 14:39:48,645 [main] INFO  server.GrpcService (ConfUtils.java:logGet(46)) - raft.grpc.message.size.max = 5242880 (custom)
2025-04-23 14:39:48,645 [main] INFO  server.GrpcService (ConfUtils.java:logGet(46)) - raft.grpc.flow.control.window = 1MB (=1048576) (default)
2025-04-23 14:39:48,645 [main] INFO  server.RaftServerConfigKeys (ConfUtils.java:logGet(46)) - raft.server.rpc.request.timeout = 3000ms (default)
2025-04-23 14:39:48,645 [main] INFO  grpc.GrpcConfigKeys (ConfUtils.java:logGet(46)) - raft.grpc.server.heartbeat.channel = true (default)
2025-04-23 14:39:48,645 [main] INFO  server.RaftServerConfigKeys (ConfUtils.java:logGet(46)) - raft.server.log.appender.buffer.byte-limit = 4194304 (custom)
2025-04-23 14:39:48,645 [main] INFO  grpc.GrpcConfigKeys (ConfUtils.java:logGet(46)) - raft.grpc.server.async.request.thread.pool.cached = true (default)
2025-04-23 14:39:48,645 [main] INFO  grpc.GrpcConfigKeys (ConfUtils.java:logGet(46)) - raft.grpc.server.async.request.thread.pool.size = 32 (default)
2025-04-23 14:39:48,646 [main] INFO  impl.DataStreamServerImpl (ConfUtils.java:logGet(46)) - raft.datastream.type = DISABLED (default)
2025-04-23 14:39:48,646 [main] INFO  server.RaftServerConfigKeys (ConfUtils.java:logGet(46)) - raft.server.sleep.deviation.threshold = 300ms (default)
2025-04-23 14:39:48,646 [main] INFO  server.RaftServerConfigKeys (ConfUtils.java:logGet(46)) - raft.server.close.threshold = 60s (default)
2025-04-23 14:39:48,646 [main] INFO  server.RaftServerConfigKeys (ConfUtils.java:logGet(46)) - raft.server.leaderelection.leader.step-down.wait-time = 10s (default)
2025-04-23 14:39:48,647 [main] INFO  server.RaftServerConfigKeys (ConfUtils.java:logGet(46)) - raft.server.storage.dir = [/home/runner/work/ozone/ozone/hadoop-ozone/integration-test/target/test-dir/MiniOzoneClusterImpl-feea018d-8976-442b-acbc-fedf3986ffa5/omNode-2/ratis] (custom)
2025-04-23 14:39:48,647 [main] INFO  server.RaftServerConfigKeys (ConfUtils.java:logGet(46)) - raft.server.threadpool.proxy.cached = true (default)
2025-04-23 14:39:48,647 [main] INFO  server.RaftServerConfigKeys (ConfUtils.java:logGet(46)) - raft.server.threadpool.proxy.size = 0 (default)
2025-04-23 14:39:48,647 [omNode-2-impl-thread1] INFO  server.RaftServer (RaftServerProxy.java:initGroupDir(265)) - omNode-2: found a subdirectory /home/runner/work/ozone/ozone/hadoop-ozone/integration-test/target/test-dir/MiniOzoneClusterImpl-feea018d-8976-442b-acbc-fedf3986ffa5/omNode-2/ratis/c9bc4cf4-3bc3-3c60-a66b-523986131536
2025-04-23 14:39:48,647 [main] INFO  server.RaftServer (RaftServerProxy.java:addNew(100)) - omNode-2: addNew group-523986131536:[omNode-3|localhost:15059, omNode-1|localhost:15051, omNode-2|localhost:15055] returns group-523986131536:java.util.concurrent.CompletableFuture@528f5232[Not completed]
2025-04-23 14:39:48,648 [main] INFO  om.OzoneManager (OzoneManager.java:initializeRatisServer(2303)) - OzoneManager Ratis server initialized at port 15055
2025-04-23 14:39:48,648 [main] INFO  ratis.OzoneManagerRatisServer (OzoneManagerRatisServer.java:start(628)) - Starting OzoneManagerRatisServer omNode-2 at port 15055
2025-04-23 14:39:48,648 [omNode-2-groupManagement] INFO  server.RaftServer$Division (RaftServerImpl.java:<init>(255)) - omNode-2: new RaftServerImpl for group-523986131536:[omNode-3|localhost:15059, omNode-1|localhost:15051, omNode-2|localhost:15055] with OzoneManagerStateMachine:uninitialized
2025-04-23 14:39:48,648 [omNode-2-groupManagement] INFO  server.RaftServerConfigKeys (ConfUtils.java:logGet(46)) - raft.server.rpc.timeout.min = 1s (custom)
2025-04-23 14:39:48,648 [omNode-2-groupManagement] INFO  server.RaftServerConfigKeys (ConfUtils.java:logGet(46)) - raft.server.rpc.timeout.max = 1200ms (custom)
2025-04-23 14:39:48,648 [omNode-2-groupManagement] INFO  server.RaftServerConfigKeys (ConfUtils.java:logGet(46)) - raft.server.rpc.sleep.time = 25ms (default)
2025-04-23 14:39:48,648 [omNode-2-groupManagement] INFO  server.RaftServerConfigKeys (ConfUtils.java:logGet(46)) - raft.server.rpc.slowness.timeout = 2s (custom)
2025-04-23 14:39:48,648 [omNode-2-groupManagement] INFO  server.RaftServerConfigKeys (ConfUtils.java:logGet(46)) - raft.server.leaderelection.leader.step-down.wait-time = 10s (default)
2025-04-23 14:39:48,648 [omNode-2-groupManagement] INFO  server.RaftServerConfigKeys (ConfUtils.java:logGet(46)) - raft.server.leaderelection.member.majority-add = false (default)
2025-04-23 14:39:48,648 [omNode-2-groupManagement] INFO  server.RaftServerConfigKeys (ConfUtils.java:logGet(46)) - raft.server.sleep.deviation.threshold = 300ms (default)
2025-04-23 14:39:48,648 [omNode-2-groupManagement] INFO  server.RaftServer$Division (ServerState.java:<init>(114)) - omNode-2@group-523986131536: ConfigurationManager, init=conf: {index: -1, cur=peers:[omNode-3|localhost:15059, omNode-1|localhost:15051, omNode-2|localhost:15055]|listeners:[], old=null}, confs=<EMPTY_MAP>
2025-04-23 14:39:48,648 [omNode-2-groupManagement] INFO  server.RaftServerConfigKeys (ConfUtils.java:logGet(46)) - raft.server.notification.no-leader.timeout = 2s (custom)
2025-04-23 14:39:48,648 [omNode-2-groupManagement] INFO  server.RaftServerConfigKeys (ConfUtils.java:logGet(46)) - raft.server.read.timeout = 10s (default)
2025-04-23 14:39:48,648 [omNode-2-groupManagement] INFO  server.RaftServerConfigKeys (ConfUtils.java:logGet(46)) - raft.server.retrycache.expirytime = 30000ms (custom)
2025-04-23 14:39:48,648 [omNode-2-groupManagement] INFO  server.RaftServerConfigKeys (ConfUtils.java:logGet(46)) - raft.server.retrycache.statistics.expirytime = 100ms (default)
2025-04-23 14:39:48,648 [omNode-2-groupManagement] INFO  server.RaftServerConfigKeys (ConfUtils.java:logGet(46)) - raft.server.read.option = DEFAULT (default)
2025-04-23 14:39:48,649 [omNode-2-groupManagement] INFO  server.RaftServerConfigKeys (ConfUtils.java:logGet(46)) - raft.server.read.read-after-write-consistent.write-index-cache.expiry-time = 60s (default)
2025-04-23 14:39:48,651 [omNode-2-groupManagement] INFO  server.RaftServerConfigKeys (ConfUtils.java:logGet(46)) - raft.server.rpc.request.timeout = 3000ms (default)
2025-04-23 14:39:48,651 [omNode-2-groupManagement] INFO  server.RaftServerConfigKeys (ConfUtils.java:logGet(46)) - raft.server.log.appender.install.snapshot.enabled = false (custom)
2025-04-23 14:39:48,651 [omNode-2-groupManagement] INFO  server.RaftServerConfigKeys (ConfUtils.java:logGet(46)) - raft.server.threadpool.server.cached = true (default)
2025-04-23 14:39:48,651 [omNode-2-groupManagement] INFO  server.RaftServerConfigKeys (ConfUtils.java:logGet(46)) - raft.server.threadpool.server.size = 0 (default)
2025-04-23 14:39:48,651 [omNode-2-groupManagement] INFO  server.RaftServerConfigKeys (ConfUtils.java:logGet(46)) - raft.server.threadpool.client.cached = true (default)
2025-04-23 14:39:48,651 [omNode-2-groupManagement] INFO  server.RaftServerConfigKeys (ConfUtils.java:logGet(46)) - raft.server.threadpool.client.size = 0 (default)
2025-04-23 14:39:48,651 [omNode-2-impl-thread1] INFO  server.RaftServerConfigKeys (ConfUtils.java:logGet(46)) - raft.server.storage.free-space.min = 0MB (=0) (default)
2025-04-23 14:39:48,651 [omNode-2-impl-thread1] INFO  server.RaftServerConfigKeys (ConfUtils.java:logGet(46)) - raft.server.log.corruption.policy = EXCEPTION (default)
2025-04-23 14:39:48,651 [omNode-2-impl-thread1] INFO  server.RaftServerConfigKeys (ConfUtils.java:logGet(46)) - raft.server.storage.dir = [/home/runner/work/ozone/ozone/hadoop-ozone/integration-test/target/test-dir/MiniOzoneClusterImpl-feea018d-8976-442b-acbc-fedf3986ffa5/omNode-2/ratis] (custom)
2025-04-23 14:39:48,652 [omNode-2-impl-thread1] INFO  storage.RaftStorageDirectory (RaftStorageDirectoryImpl.java:tryLock(229)) - Lock on /home/runner/work/ozone/ozone/hadoop-ozone/integration-test/target/test-dir/MiniOzoneClusterImpl-feea018d-8976-442b-acbc-fedf3986ffa5/omNode-2/ratis/c9bc4cf4-3bc3-3c60-a66b-523986131536/in_use.lock acquired by nodename 129558@fv-az1120-822
2025-04-23 14:39:48,653 [omNode-2-impl-thread1] INFO  storage.RaftStorage (RaftStorageImpl.java:analyzeAndRecoverStorage(118)) - Read RaftStorageMetadata{term=1, votedFor=omNode-1} from /home/runner/work/ozone/ozone/hadoop-ozone/integration-test/target/test-dir/MiniOzoneClusterImpl-feea018d-8976-442b-acbc-fedf3986ffa5/omNode-2/ratis/c9bc4cf4-3bc3-3c60-a66b-523986131536/current/raft-meta
2025-04-23 14:39:48,653 [omNode-2-impl-thread1] INFO  server.RaftServer$Division (ServerState.java:setRaftConf(386)) - omNode-2@group-523986131536: set configuration conf: {index: 0, cur=peers:[omNode-3|localhost:15059, omNode-1|localhost:15051, omNode-2|localhost:15055]|listeners:[], old=null}
2025-04-23 14:39:48,653 [omNode-2-impl-thread1] INFO  ratis.OzoneManagerStateMachine (OzoneManagerStateMachine.java:lambda$0(138)) - omNode-2: initialize group-523986131536 with (t:1, i:584)
2025-04-23 14:39:48,653 [omNode-2-impl-thread1] INFO  server.RaftServerConfigKeys (ConfUtils.java:logGet(46)) - raft.server.log.use.memory = false (default)
2025-04-23 14:39:48,653 [omNode-2-impl-thread1] INFO  server.RaftServerConfigKeys (ConfUtils.java:logGet(46)) - raft.server.log.purge.gap = 50 (custom)
2025-04-23 14:39:48,653 [omNode-2-impl-thread1] INFO  server.RaftServerConfigKeys (ConfUtils.java:logGet(46)) - raft.server.log.appender.buffer.byte-limit = 4194304 (custom)
2025-04-23 14:39:48,653 [omNode-2-impl-thread1] INFO  server.RaftServerConfigKeys (ConfUtils.java:logGet(46)) - raft.server.log.statemachine.data.read.timeout = 1000ms (default)
2025-04-23 14:39:48,653 [omNode-2-impl-thread1] INFO  server.RaftServerConfigKeys (ConfUtils.java:logGet(46)) - raft.server.log.purge.preservation.log.num = 0 (default)
2025-04-23 14:39:48,654 [omNode-2-impl-thread1] INFO  server.RaftServerConfigKeys (ConfUtils.java:logGet(46)) - raft.server.log.segment.size.max = 4194304 (custom)
2025-04-23 14:39:48,654 [omNode-2-impl-thread1] INFO  server.RaftServerConfigKeys (ConfUtils.java:logGet(46)) - raft.server.log.segment.cache.num.max = 2 (custom)
2025-04-23 14:39:48,654 [omNode-2-impl-thread1] INFO  server.RaftServerConfigKeys (ConfUtils.java:logGet(46)) - raft.server.log.segment.cache.size.max = 200MB (=209715200) (default)
2025-04-23 14:39:48,654 [omNode-2-impl-thread1] INFO  server.RaftServerConfigKeys (ConfUtils.java:logGet(46)) - raft.server.log.appender.buffer.byte-limit = 4194304 (custom)
2025-04-23 14:39:48,654 [omNode-2-impl-thread1] INFO  util.AwaitToRun (AwaitToRun.java:start(81)) - Thread[#11119,omNode-2@group-523986131536-cacheEviction-AwaitToRun,5,main] started
2025-04-23 14:39:48,654 [omNode-2-impl-thread1] INFO  segmented.SegmentedRaftLogWorker (SegmentedRaftLogWorker.java:<init>(188)) - new omNode-2@group-523986131536-SegmentedRaftLogWorker for RaftStorageImpl:Storage Directory /home/runner/work/ozone/ozone/hadoop-ozone/integration-test/target/test-dir/MiniOzoneClusterImpl-feea018d-8976-442b-acbc-fedf3986ffa5/omNode-2/ratis/c9bc4cf4-3bc3-3c60-a66b-523986131536
2025-04-23 14:39:48,654 [omNode-2-impl-thread1] INFO  server.RaftServerConfigKeys (ConfUtils.java:logGet(46)) - raft.server.log.queue.byte-limit = 64MB (=67108864) (default)
2025-04-23 14:39:48,655 [omNode-2-impl-thread1] INFO  server.RaftServerConfigKeys (ConfUtils.java:logGet(46)) - raft.server.log.queue.element-limit = 4096 (default)
2025-04-23 14:39:48,655 [omNode-2-impl-thread1] INFO  server.RaftServerConfigKeys (ConfUtils.java:logGet(46)) - raft.server.log.segment.size.max = 4194304 (custom)
2025-04-23 14:39:48,655 [omNode-2-impl-thread1] INFO  server.RaftServerConfigKeys (ConfUtils.java:logGet(46)) - raft.server.log.preallocated.size = 4194304 (custom)
2025-04-23 14:39:48,655 [omNode-2-impl-thread1] INFO  server.RaftServerConfigKeys (ConfUtils.java:logGet(46)) - raft.server.log.force.sync.num = 128 (default)
2025-04-23 14:39:48,655 [omNode-2-impl-thread1] INFO  server.RaftServerConfigKeys (ConfUtils.java:logGet(46)) - raft.server.log.statemachine.data.sync = true (default)
2025-04-23 14:39:48,655 [omNode-2-impl-thread1] INFO  server.RaftServerConfigKeys (ConfUtils.java:logGet(46)) - raft.server.log.statemachine.data.sync.timeout = 10s (default)
2025-04-23 14:39:48,655 [omNode-2-impl-thread1] INFO  server.RaftServerConfigKeys (ConfUtils.java:logGet(46)) - raft.server.log.statemachine.data.sync.timeout.retry = -1 (default)
2025-04-23 14:39:48,655 [omNode-2-impl-thread1] INFO  server.RaftServerConfigKeys (ConfUtils.java:logGet(46)) - raft.server.log.write.buffer.size = 4194312 (custom)
2025-04-23 14:39:48,655 [omNode-2-impl-thread1] INFO  server.RaftServerConfigKeys (ConfUtils.java:logGet(46)) - raft.server.log.appender.buffer.byte-limit = 4194304 (custom)
2025-04-23 14:39:48,655 [omNode-2-impl-thread1] INFO  server.RaftServerConfigKeys (ConfUtils.java:logGet(46)) - raft.server.log.unsafe-flush.enabled = false (default)
2025-04-23 14:39:48,655 [omNode-2-impl-thread1] INFO  server.RaftServerConfigKeys (ConfUtils.java:logGet(46)) - raft.server.log.async-flush.enabled = false (default)
2025-04-23 14:39:48,655 [omNode-2-impl-thread1] INFO  server.RaftServerConfigKeys (ConfUtils.java:logGet(46)) - raft.server.log.statemachine.data.caching.enabled = false (default)
2025-04-23 14:39:48,656 [omNode-2-impl-thread1] INFO  server.RaftServer$Division (ServerState.java:setRaftConf(386)) - omNode-2@group-523986131536: set configuration conf: {index: 0, cur=peers:[omNode-3|localhost:15059, omNode-1|localhost:15051, omNode-2|localhost:15055]|listeners:[], old=null}
2025-04-23 14:39:48,659 [omNode-2-impl-thread1] INFO  segmented.LogSegment (LogSegment.java:loadSegment(171)) - Successfully read 585 entries from segment file /home/runner/work/ozone/ozone/hadoop-ozone/integration-test/target/test-dir/MiniOzoneClusterImpl-feea018d-8976-442b-acbc-fedf3986ffa5/omNode-2/ratis/c9bc4cf4-3bc3-3c60-a66b-523986131536/current/log_inprogress_0
2025-04-23 14:39:48,659 [omNode-2-impl-thread1] INFO  segmented.SegmentedRaftLogWorker (SegmentedRaftLogWorker.java:lambda$new$0(139)) - omNode-2@group-523986131536-SegmentedRaftLogWorker: flushIndex: setUnconditionally 0 -> 584
2025-04-23 14:39:48,659 [omNode-2-impl-thread1] INFO  segmented.SegmentedRaftLogWorker (SegmentedRaftLogWorker.java:lambda$new$0(139)) - omNode-2@group-523986131536-SegmentedRaftLogWorker: safeCacheEvictIndex: setUnconditionally 0 -> -1
2025-04-23 14:39:48,660 [omNode-2-impl-thread1] INFO  segmented.BufferedWriteChannel (BufferedWriteChannel.java:open(61)) - open log_inprogress_0 (append) at position 179542
2025-04-23 14:39:48,660 [omNode-2-impl-thread1] INFO  server.RaftServer$Division (RaftServerImpl.java:start(391)) - omNode-2@group-523986131536: start as a follower, conf=conf: {index: 0, cur=peers:[omNode-3|localhost:15059, omNode-1|localhost:15051, omNode-2|localhost:15055]|listeners:[], old=null}
2025-04-23 14:39:48,660 [omNode-2-impl-thread1] INFO  server.RaftServer$Division (RaftServerImpl.java:setRole(378)) - omNode-2@group-523986131536: changes role from      null to FOLLOWER at term 1 for startAsFollower
2025-04-23 14:39:48,660 [omNode-2-impl-thread1] INFO  impl.RoleInfo (RoleInfo.java:updateAndGet(148)) - omNode-2: start omNode-2@group-523986131536-FollowerState
2025-04-23 14:39:48,660 [omNode-2@group-523986131536-FollowerState] INFO  server.RaftServerConfigKeys (ConfUtils.java:logFallback(53)) - raft.server.rpc.first-election.timeout.min = 1s (fallback to raft.server.rpc.timeout.min)
2025-04-23 14:39:48,660 [omNode-2@group-523986131536-FollowerState] INFO  server.RaftServerConfigKeys (ConfUtils.java:logFallback(53)) - raft.server.rpc.first-election.timeout.max = 1200ms (fallback to raft.server.rpc.timeout.max)
2025-04-23 14:39:48,661 [omNode-2-impl-thread1] INFO  util.JmxRegister (JmxRegister.java:tryRegister(44)) - Successfully registered JMX Bean with object name Ratis:service=RaftServer,group=group-523986131536,id=omNode-2
2025-04-23 14:39:48,661 [omNode-2-impl-thread1] INFO  util.JmxRegister (JmxRegister.java:register(58)) - register mxBean class org.apache.ratis.server.impl.RaftServerJmxAdapter as Ratis:service=RaftServer,group=group-523986131536,id=omNode-2
2025-04-23 14:39:48,661 [omNode-2-impl-thread1] INFO  server.RaftServerConfigKeys (ConfUtils.java:logGet(46)) - raft.server.snapshot.trigger-when-stop.enabled = true (default)
2025-04-23 14:39:48,661 [omNode-2-impl-thread1] INFO  server.RaftServerConfigKeys (ConfUtils.java:logGet(46)) - raft.server.snapshot.trigger-when-remove.enabled = true (default)
2025-04-23 14:39:48,661 [omNode-2-impl-thread1] INFO  server.RaftServerConfigKeys (ConfUtils.java:logGet(46)) - raft.server.snapshot.auto.trigger.enabled = true (custom)
2025-04-23 14:39:48,661 [omNode-2-impl-thread1] INFO  server.RaftServerConfigKeys (ConfUtils.java:logGet(46)) - raft.server.snapshot.auto.trigger.threshold = 50 (custom)
2025-04-23 14:39:48,661 [omNode-2-impl-thread1] INFO  server.RaftServerConfigKeys (ConfUtils.java:logGet(46)) - raft.server.snapshot.retention.file.num = -1 (default)
2025-04-23 14:39:48,661 [omNode-2-impl-thread1] INFO  server.RaftServerConfigKeys (ConfUtils.java:logGet(46)) - raft.server.log.purge.upto.snapshot.index = true (custom)
2025-04-23 14:39:48,662 [omNode-2-impl-thread1] INFO  server.RaftServer$Division (RaftServerImpl.java:start(405)) - omNode-2@group-523986131536: Successfully started.
2025-04-23 14:39:48,662 [main] INFO  server.RaftServer (RaftServerProxy.java:startImpl(407)) - omNode-2: start RPC server
2025-04-23 14:39:48,662 [main] INFO  server.GrpcService (GrpcService.java:startImpl(334)) - omNode-2: GrpcService started, listening on 15055
2025-04-23 14:39:48,662 [main] INFO  om.OzoneManager (OzoneManager.java:getRpcServer(1360)) - Creating RPC Server
2025-04-23 14:39:48,662 [JvmPauseMonitor52] INFO  util.JvmPauseMonitor (JvmPauseMonitor.java:run(146)) - JvmPauseMonitor-omNode-2: Started
2025-04-23 14:39:48,773 [omNode-3@group-523986131536-FollowerState] INFO  impl.FollowerState (FollowerState.java:runImpl(161)) - omNode-3@group-523986131536-FollowerState: change to CANDIDATE, lastRpcElapsedTime:1039500965ns, electionTimeout:1036ms
2025-04-23 14:39:48,773 [omNode-3@group-523986131536-FollowerState] INFO  impl.RoleInfo (RoleInfo.java:shutdownFollowerState(121)) - omNode-3: shutdown omNode-3@group-523986131536-FollowerState
2025-04-23 14:39:48,773 [omNode-3@group-523986131536-FollowerState] INFO  server.RaftServer$Division (RaftServerImpl.java:setRole(378)) - omNode-3@group-523986131536: changes role from  FOLLOWER to CANDIDATE at term 1 for changeToCandidate
2025-04-23 14:39:48,773 [omNode-3@group-523986131536-FollowerState] INFO  server.RaftServerConfigKeys (ConfUtils.java:logGet(46)) - raft.server.leaderelection.pre-vote = true (default)
2025-04-23 14:39:48,773 [omNode-3@group-523986131536-FollowerState] INFO  impl.RoleInfo (RoleInfo.java:updateAndGet(148)) - omNode-3: start omNode-3@group-523986131536-LeaderElection50
2025-04-23 14:39:48,774 [omNode-3@group-523986131536-LeaderElection50] INFO  impl.LeaderElection (LeaderElection.java:askForVotes(332)) - omNode-3@group-523986131536-LeaderElection50 PRE_VOTE round 0: submit vote requests at term 1 for conf: {index: 0, cur=peers:[omNode-3|localhost:15059, omNode-1|localhost:15051, omNode-2|localhost:15055]|listeners:[], old=null}
2025-04-23 14:39:48,774 [omNode-3@group-523986131536-LeaderElection50-1] INFO  server.GrpcServerProtocolClient (GrpcServerProtocolClient.java:<init>(65)) - Build channel for omNode-1|localhost:15051
2025-04-23 14:39:48,777 [omNode-3@group-523986131536-LeaderElection50] INFO  server.RaftServerConfigKeys (ConfUtils.java:logFallback(53)) - raft.server.rpc.first-election.timeout.min = 1s (fallback to raft.server.rpc.timeout.min)
2025-04-23 14:39:48,777 [omNode-3@group-523986131536-LeaderElection50] INFO  server.RaftServerConfigKeys (ConfUtils.java:logFallback(53)) - raft.server.rpc.first-election.timeout.max = 1200ms (fallback to raft.server.rpc.timeout.max)
2025-04-23 14:39:48,777 [omNode-3@group-523986131536-LeaderElection50-2] INFO  server.GrpcServerProtocolClient (GrpcServerProtocolClient.java:<init>(65)) - Build channel for omNode-2|localhost:15055
2025-04-23 14:39:48,784 [grpc-default-executor-4] INFO  server.RaftServer$Division (RaftServerImpl.java:requestVote(1407)) - omNode-1@group-523986131536: receive requestVote(PRE_VOTE, omNode-3, group-523986131536, 1, (t:1, i:584))
2025-04-23 14:39:48,784 [grpc-default-executor-4] INFO  impl.VoteContext (VoteContext.java:log(49)) - omNode-1@group-523986131536-FOLLOWER: accept PRE_VOTE from omNode-3: our priority 0 <= candidate's priority 0
2025-04-23 14:39:48,784 [grpc-default-executor-0] INFO  server.RaftServer$Division (RaftServerImpl.java:requestVote(1407)) - omNode-2@group-523986131536: receive requestVote(PRE_VOTE, omNode-3, group-523986131536, 1, (t:1, i:584))
2025-04-23 14:39:48,784 [grpc-default-executor-0] INFO  impl.VoteContext (VoteContext.java:log(49)) - omNode-2@group-523986131536-FOLLOWER: accept PRE_VOTE from omNode-3: our priority 0 <= candidate's priority 0
2025-04-23 14:39:48,785 [grpc-default-executor-0] INFO  server.RaftServer$Division (RaftServerImpl.java:requestVote(1441)) - omNode-2@group-523986131536 replies to PRE_VOTE vote request: omNode-3<-omNode-2#0:OK-t1. Peer's state: omNode-2@group-523986131536:t1, leader=null, voted=omNode-1, raftlog=Memoized:omNode-2@group-523986131536-SegmentedRaftLog:OPENED:c584:last(t:1, i:584), conf=conf: {index: 0, cur=peers:[omNode-3|localhost:15059, omNode-1|localhost:15051, omNode-2|localhost:15055]|listeners:[], old=null}
2025-04-23 14:39:48,785 [omNode-3@group-523986131536-LeaderElection50] INFO  impl.LeaderElection (LeaderElection.java:logAndReturn(90)) - omNode-3@group-523986131536-LeaderElection50: PRE_VOTE PASSED received 1 response(s) and 0 exception(s):
2025-04-23 14:39:48,785 [omNode-3@group-523986131536-LeaderElection50] INFO  impl.LeaderElection (LeaderElection.java:logAndReturn(94)) -   Response 0: omNode-3<-omNode-2#0:OK-t1
2025-04-23 14:39:48,785 [omNode-3@group-523986131536-LeaderElection50] INFO  impl.LeaderElection (LeaderElection.java:askForVotes(334)) - omNode-3@group-523986131536-LeaderElection50 PRE_VOTE round 0: result PASSED
2025-04-23 14:39:48,786 [grpc-default-executor-4] INFO  server.RaftServer$Division (RaftServerImpl.java:requestVote(1441)) - omNode-1@group-523986131536 replies to PRE_VOTE vote request: omNode-3<-omNode-1#0:OK-t1. Peer's state: omNode-1@group-523986131536:t1, leader=null, voted=omNode-1, raftlog=Memoized:omNode-1@group-523986131536-SegmentedRaftLog:OPENED:c584:last(t:1, i:584), conf=conf: {index: 0, cur=peers:[omNode-3|localhost:15059, omNode-1|localhost:15051, omNode-2|localhost:15055]|listeners:[], old=null}
2025-04-23 14:39:48,788 [omNode-3@group-523986131536-LeaderElection50] INFO  impl.LeaderElection (LeaderElection.java:askForVotes(332)) - omNode-3@group-523986131536-LeaderElection50 ELECTION round 0: submit vote requests at term 2 for conf: {index: 0, cur=peers:[omNode-3|localhost:15059, omNode-1|localhost:15051, omNode-2|localhost:15055]|listeners:[], old=null}
2025-04-23 14:39:48,790 [omNode-3@group-523986131536-LeaderElection50] INFO  server.RaftServerConfigKeys (ConfUtils.java:logFallback(53)) - raft.server.rpc.first-election.timeout.min = 1s (fallback to raft.server.rpc.timeout.min)
2025-04-23 14:39:48,791 [omNode-3@group-523986131536-LeaderElection50] INFO  server.RaftServerConfigKeys (ConfUtils.java:logFallback(53)) - raft.server.rpc.first-election.timeout.max = 1200ms (fallback to raft.server.rpc.timeout.max)
2025-04-23 14:39:48,790 [grpc-default-executor-4] INFO  server.RaftServer$Division (RaftServerImpl.java:requestVote(1407)) - omNode-1@group-523986131536: receive requestVote(ELECTION, omNode-3, group-523986131536, 2, (t:1, i:584))
2025-04-23 14:39:48,791 [grpc-default-executor-4] INFO  impl.VoteContext (VoteContext.java:log(49)) - omNode-1@group-523986131536-FOLLOWER: accept ELECTION from omNode-3: our priority 0 <= candidate's priority 0
2025-04-23 14:39:48,791 [grpc-default-executor-4] INFO  server.RaftServer$Division (RaftServerImpl.java:setRole(378)) - omNode-1@group-523986131536: changes role from  FOLLOWER to FOLLOWER at term 1 for candidate:omNode-3
2025-04-23 14:39:48,791 [grpc-default-executor-4] INFO  impl.RoleInfo (RoleInfo.java:shutdownFollowerState(121)) - omNode-1: shutdown omNode-1@group-523986131536-FollowerState
2025-04-23 14:39:48,791 [grpc-default-executor-4] INFO  impl.RoleInfo (RoleInfo.java:updateAndGet(148)) - omNode-1: start omNode-1@group-523986131536-FollowerState
2025-04-23 14:39:48,792 [omNode-1@group-523986131536-FollowerState] INFO  impl.FollowerState (FollowerState.java:runImpl(170)) - omNode-1@group-523986131536-FollowerState was interrupted
2025-04-23 14:39:48,792 [grpc-default-executor-0] INFO  server.RaftServer$Division (RaftServerImpl.java:requestVote(1407)) - omNode-2@group-523986131536: receive requestVote(ELECTION, omNode-3, group-523986131536, 2, (t:1, i:584))
2025-04-23 14:39:48,792 [grpc-default-executor-0] INFO  impl.VoteContext (VoteContext.java:log(49)) - omNode-2@group-523986131536-FOLLOWER: accept ELECTION from omNode-3: our priority 0 <= candidate's priority 0
2025-04-23 14:39:48,793 [grpc-default-executor-4] INFO  server.RaftServer$Division (RaftServerImpl.java:setFirstElection(562)) - omNode-1@group-523986131536: set firstElectionSinceStartup to false for candidate:omNode-3
2025-04-23 14:39:48,793 [grpc-default-executor-0] INFO  server.RaftServer$Division (RaftServerImpl.java:setRole(378)) - omNode-2@group-523986131536: changes role from  FOLLOWER to FOLLOWER at term 1 for candidate:omNode-3
2025-04-23 14:39:48,793 [grpc-default-executor-0] INFO  impl.RoleInfo (RoleInfo.java:shutdownFollowerState(121)) - omNode-2: shutdown omNode-2@group-523986131536-FollowerState
2025-04-23 14:39:48,793 [grpc-default-executor-0] INFO  impl.RoleInfo (RoleInfo.java:updateAndGet(148)) - omNode-2: start omNode-2@group-523986131536-FollowerState
2025-04-23 14:39:48,794 [omNode-2@group-523986131536-FollowerState] INFO  impl.FollowerState (FollowerState.java:runImpl(170)) - omNode-2@group-523986131536-FollowerState was interrupted
2025-04-23 14:39:48,794 [grpc-default-executor-4] INFO  server.RaftServer$Division (RaftServerImpl.java:requestVote(1441)) - omNode-1@group-523986131536 replies to ELECTION vote request: omNode-3<-omNode-1#0:OK-t2. Peer's state: omNode-1@group-523986131536:t2, leader=null, voted=omNode-3, raftlog=Memoized:omNode-1@group-523986131536-SegmentedRaftLog:OPENED:c584:last(t:1, i:584), conf=conf: {index: 0, cur=peers:[omNode-3|localhost:15059, omNode-1|localhost:15051, omNode-2|localhost:15055]|listeners:[], old=null}
2025-04-23 14:39:48,795 [grpc-default-executor-0] INFO  server.RaftServer$Division (RaftServerImpl.java:setFirstElection(562)) - omNode-2@group-523986131536: set firstElectionSinceStartup to false for candidate:omNode-3
2025-04-23 14:39:48,796 [omNode-3@group-523986131536-LeaderElection50] INFO  impl.LeaderElection (LeaderElection.java:logAndReturn(90)) - omNode-3@group-523986131536-LeaderElection50: ELECTION PASSED received 1 response(s) and 0 exception(s):
2025-04-23 14:39:48,796 [omNode-3@group-523986131536-LeaderElection50] INFO  impl.LeaderElection (LeaderElection.java:logAndReturn(94)) -   Response 0: omNode-3<-omNode-1#0:OK-t2
2025-04-23 14:39:48,796 [omNode-3@group-523986131536-LeaderElection50] INFO  impl.LeaderElection (LeaderElection.java:askForVotes(334)) - omNode-3@group-523986131536-LeaderElection50 ELECTION round 0: result PASSED
2025-04-23 14:39:48,796 [omNode-3@group-523986131536-LeaderElection50] INFO  impl.RoleInfo (RoleInfo.java:shutdownLeaderElection(141)) - omNode-3: shutdown omNode-3@group-523986131536-LeaderElection50
2025-04-23 14:39:48,796 [omNode-3@group-523986131536-LeaderElection50] INFO  server.RaftServer$Division (RaftServerImpl.java:setRole(378)) - omNode-3@group-523986131536: changes role from CANDIDATE to LEADER at term 2 for changeToLeader
2025-04-23 14:39:48,796 [omNode-3@group-523986131536-LeaderElection50] INFO  server.RaftServerConfigKeys (ConfUtils.java:logGet(46)) - raft.server.staging.catchup.gap = 1000 (default)
2025-04-23 14:39:48,796 [omNode-3@group-523986131536-LeaderElection50] INFO  server.RaftServerConfigKeys (ConfUtils.java:logGet(46)) - raft.server.write.element-limit = 4096 (default)
2025-04-23 14:39:48,797 [omNode-3@group-523986131536-LeaderElection50] INFO  server.RaftServerConfigKeys (ConfUtils.java:logGet(46)) - raft.server.write.byte-limit = 64MB (=67108864) (default)
2025-04-23 14:39:48,798 [grpc-default-executor-0] INFO  server.RaftServer$Division (RaftServerImpl.java:requestVote(1441)) - omNode-2@group-523986131536 replies to ELECTION vote request: omNode-3<-omNode-2#0:OK-t2. Peer's state: omNode-2@group-523986131536:t2, leader=null, voted=omNode-3, raftlog=Memoized:omNode-2@group-523986131536-SegmentedRaftLog:OPENED:c584:last(t:1, i:584), conf=conf: {index: 0, cur=peers:[omNode-3|localhost:15059, omNode-1|localhost:15051, omNode-2|localhost:15055]|listeners:[], old=null}
2025-04-23 14:39:48,798 [omNode-3@group-523986131536-LeaderElection50] INFO  server.RaftServerConfigKeys (ConfUtils.java:logGet(46)) - raft.server.watch.timeout = 10s (default)
2025-04-23 14:39:48,799 [omNode-3@group-523986131536-LeaderElection50] INFO  server.RaftServerConfigKeys (ConfUtils.java:logGet(46)) - raft.server.watch.timeout.denomination = 1s (default)
2025-04-23 14:39:48,799 [omNode-3@group-523986131536-LeaderElection50] INFO  server.RaftServerConfigKeys (ConfUtils.java:logGet(46)) - raft.server.watch.element-limit = 65536 (default)
2025-04-23 14:39:48,800 [omNode-3@group-523986131536-LeaderElection50] INFO  server.RaftServerConfigKeys (ConfUtils.java:logGet(46)) - raft.server.read.leader.lease.enabled = false (default)
2025-04-23 14:39:48,800 [omNode-3@group-523986131536-LeaderElection50] INFO  server.RaftServerConfigKeys (ConfUtils.java:logGet(46)) - raft.server.read.leader.lease.timeout.ratio = 0.9 (default)
2025-04-23 14:39:48,800 [omNode-3@group-523986131536-LeaderElection50] INFO  server.RaftServerConfigKeys (ConfUtils.java:logGet(46)) - raft.server.rpc.timeout.min = 1s (custom)
2025-04-23 14:39:48,800 [omNode-3@group-523986131536-LeaderElection50] INFO  server.RaftServerConfigKeys (ConfUtils.java:logGet(46)) - raft.server.log.log-metadata.enabled = true (default)
2025-04-23 14:39:48,800 [omNode-3@group-523986131536-LeaderElection50] INFO  server.RaftServerConfigKeys (ConfUtils.java:logGet(46)) - raft.server.write.element-limit = 4096 (default)
2025-04-23 14:39:48,800 [omNode-3@group-523986131536-LeaderElection50] INFO  server.RaftServerConfigKeys (ConfUtils.java:logGet(46)) - raft.server.write.follower.gap.ratio.max = -1.0 (default)
2025-04-23 14:39:48,801 [omNode-3@group-523986131536-LeaderElection50] INFO  server.RaftServerConfigKeys (ConfUtils.java:logGet(46)) - raft.server.log.appender.snapshot.chunk.size.max = 16MB (=16777216) (default)
2025-04-23 14:39:48,801 [omNode-3@group-523986131536-LeaderElection50] INFO  server.RaftServerConfigKeys (ConfUtils.java:logGet(46)) - raft.server.log.appender.buffer.byte-limit = 4194304 (custom)
2025-04-23 14:39:48,802 [omNode-3@group-523986131536-LeaderElection50] INFO  server.RaftServerConfigKeys (ConfUtils.java:logGet(46)) - raft.server.log.appender.buffer.element-limit = 1024 (custom)
2025-04-23 14:39:48,802 [omNode-3@group-523986131536-LeaderElection50] INFO  server.RaftServerConfigKeys (ConfUtils.java:logGet(46)) - raft.server.log.appender.wait-time.min = 0ms (custom)
2025-04-23 14:39:48,802 [omNode-3@group-523986131536-LeaderElection50] INFO  grpc.GrpcConfigKeys (ConfUtils.java:logGet(46)) - raft.grpc.server.leader.outstanding.appends.max = 8 (default)
2025-04-23 14:39:48,802 [omNode-3@group-523986131536-LeaderElection50] INFO  server.RaftServerConfigKeys (ConfUtils.java:logGet(46)) - raft.server.rpc.request.timeout = 3000ms (default)
2025-04-23 14:39:48,803 [omNode-3@group-523986131536-LeaderElection50] INFO  grpc.GrpcConfigKeys (ConfUtils.java:logGet(46)) - raft.grpc.server.install_snapshot.request.element-limit = 8 (default)
2025-04-23 14:39:48,803 [omNode-3@group-523986131536-LeaderElection50] INFO  grpc.GrpcConfigKeys (ConfUtils.java:logGet(46)) - raft.grpc.server.install_snapshot.request.timeout = 3000ms (default)
2025-04-23 14:39:48,803 [omNode-3@group-523986131536-LeaderElection50] INFO  grpc.GrpcConfigKeys (ConfUtils.java:logGet(46)) - raft.grpc.server.log-message.batch.duration = 5s (default)
2025-04-23 14:39:48,803 [omNode-3@group-523986131536-LeaderElection50] INFO  server.RaftServerConfigKeys (ConfUtils.java:logGet(46)) - raft.server.log.appender.install.snapshot.enabled = false (custom)
2025-04-23 14:39:48,803 [omNode-3@group-523986131536-LeaderElection50] INFO  grpc.GrpcConfigKeys (ConfUtils.java:logGet(46)) - raft.grpc.server.heartbeat.channel = true (default)
2025-04-23 14:39:48,804 [omNode-3@group-523986131536-LeaderElection50] INFO  server.RaftServerConfigKeys (ConfUtils.java:logGet(46)) - raft.server.log.appender.snapshot.chunk.size.max = 16MB (=16777216) (default)
2025-04-23 14:39:48,805 [omNode-3@group-523986131536-LeaderElection50] INFO  server.RaftServerConfigKeys (ConfUtils.java:logGet(46)) - raft.server.log.appender.buffer.byte-limit = 4194304 (custom)
2025-04-23 14:39:48,805 [omNode-3@group-523986131536-LeaderElection50] INFO  server.RaftServerConfigKeys (ConfUtils.java:logGet(46)) - raft.server.log.appender.buffer.element-limit = 1024 (custom)
2025-04-23 14:39:48,805 [omNode-3@group-523986131536-LeaderElection50] INFO  server.RaftServerConfigKeys (ConfUtils.java:logGet(46)) - raft.server.log.appender.wait-time.min = 0ms (custom)
2025-04-23 14:39:48,806 [omNode-3@group-523986131536-LeaderElection50] INFO  grpc.GrpcConfigKeys (ConfUtils.java:logGet(46)) - raft.grpc.server.leader.outstanding.appends.max = 8 (default)
2025-04-23 14:39:48,806 [omNode-3@group-523986131536-LeaderElection50] INFO  server.RaftServerConfigKeys (ConfUtils.java:logGet(46)) - raft.server.rpc.request.timeout = 3000ms (default)
2025-04-23 14:39:48,806 [omNode-3@group-523986131536-LeaderElection50] INFO  grpc.GrpcConfigKeys (ConfUtils.java:logGet(46)) - raft.grpc.server.install_snapshot.request.element-limit = 8 (default)
2025-04-23 14:39:48,806 [omNode-3@group-523986131536-LeaderElection50] INFO  grpc.GrpcConfigKeys (ConfUtils.java:logGet(46)) - raft.grpc.server.install_snapshot.request.timeout = 3000ms (default)
2025-04-23 14:39:48,806 [omNode-3@group-523986131536-LeaderElection50] INFO  grpc.GrpcConfigKeys (ConfUtils.java:logGet(46)) - raft.grpc.server.log-message.batch.duration = 5s (default)
2025-04-23 14:39:48,806 [omNode-3@group-523986131536-LeaderElection50] INFO  server.RaftServerConfigKeys (ConfUtils.java:logGet(46)) - raft.server.log.appender.install.snapshot.enabled = false (custom)
2025-04-23 14:39:48,806 [omNode-3@group-523986131536-LeaderElection50] INFO  grpc.GrpcConfigKeys (ConfUtils.java:logGet(46)) - raft.grpc.server.heartbeat.channel = true (default)
2025-04-23 14:39:48,807 [omNode-3@group-523986131536-LeaderElection50] INFO  impl.RoleInfo (RoleInfo.java:updateAndGet(148)) - omNode-3: start omNode-3@group-523986131536-LeaderStateImpl
2025-04-23 14:39:48,807 [omNode-3@group-523986131536-LeaderElection50] INFO  server.RaftServer$Division (RaftServerImpl.java:setFirstElection(562)) - omNode-3@group-523986131536: set firstElectionSinceStartup to false for becomeLeader
2025-04-23 14:39:48,807 [omNode-3@group-523986131536-LeaderElection50] INFO  ratis.OzoneManagerStateMachine (OzoneManagerStateMachine.java:notifyLeaderChanged(169)) - omNode-3@group-523986131536: leader changed to omNode-3
2025-04-23 14:39:48,807 [omNode-3@group-523986131536-LeaderElection50] INFO  server.RaftServer$Division (ServerState.java:setLeader(272)) - omNode-3@group-523986131536: change Leader from null to omNode-3 at term 2 for becomeLeader, leader elected after 1082ms
2025-04-23 14:39:48,807 [omNode-3@group-523986131536-LeaderElection50] INFO  segmented.SegmentedRaftLogWorker (SegmentedRaftLogWorker.java:rollLogSegment(443)) - omNode-3@group-523986131536-SegmentedRaftLogWorker: Rolling segment log-0_584 to index:584
2025-04-23 14:39:48,808 [omNode-3@group-523986131536-SegmentedRaftLogWorker] INFO  segmented.SegmentedRaftLogWorker (SegmentedRaftLogWorker.java:execute(601)) - omNode-3@group-523986131536-SegmentedRaftLogWorker: Rolled log segment from /home/runner/work/ozone/ozone/hadoop-ozone/integration-test/target/test-dir/MiniOzoneClusterImpl-feea018d-8976-442b-acbc-fedf3986ffa5/omNode-3/ratis/c9bc4cf4-3bc3-3c60-a66b-523986131536/current/log_inprogress_0 to /home/runner/work/ozone/ozone/hadoop-ozone/integration-test/target/test-dir/MiniOzoneClusterImpl-feea018d-8976-442b-acbc-fedf3986ffa5/omNode-3/ratis/c9bc4cf4-3bc3-3c60-a66b-523986131536/current/log_0-584
2025-04-23 14:39:48,808 [omNode-3@group-523986131536-SegmentedRaftLogWorker] INFO  segmented.BufferedWriteChannel (BufferedWriteChannel.java:open(61)) - open log_inprogress_585 at position 0
2025-04-23 14:39:48,809 [omNode-3@group-523986131536-LeaderElection50] INFO  server.RaftServer$Division (ServerState.java:setRaftConf(386)) - omNode-3@group-523986131536: set configuration conf: {index: 585, cur=peers:[omNode-3|localhost:15059, omNode-1|localhost:15051, omNode-2|localhost:15055]|listeners:[], old=null}
2025-04-23 14:39:48,817 [omNode-1-server-thread1] INFO  ratis.OzoneManagerStateMachine (OzoneManagerStateMachine.java:notifyLeaderChanged(169)) - omNode-1@group-523986131536: leader changed to omNode-3
2025-04-23 14:39:48,818 [omNode-1-server-thread1] INFO  server.RaftServer$Division (ServerState.java:setLeader(272)) - omNode-1@group-523986131536: change Leader from null to omNode-3 at term 2 for appendEntries, leader elected after 627ms
2025-04-23 14:39:48,819 [omNode-2-server-thread1] INFO  ratis.OzoneManagerStateMachine (OzoneManagerStateMachine.java:notifyLeaderChanged(169)) - omNode-2@group-523986131536: leader changed to omNode-3
2025-04-23 14:39:48,819 [omNode-2-server-thread1] INFO  server.RaftServer$Division (ServerState.java:setLeader(272)) - omNode-2@group-523986131536: change Leader from null to omNode-3 at term 2 for appendEntries, leader elected after 170ms
2025-04-23 14:39:48,819 [omNode-1-server-thread1] INFO  server.RaftServer$Division (ServerState.java:setRaftConf(386)) - omNode-1@group-523986131536: set configuration conf: {index: 585, cur=peers:[omNode-3|localhost:15059, omNode-1|localhost:15051, omNode-2|localhost:15055]|listeners:[], old=null}
2025-04-23 14:39:48,819 [omNode-1-server-thread1] INFO  segmented.SegmentedRaftLogWorker (SegmentedRaftLogWorker.java:rollLogSegment(443)) - omNode-1@group-523986131536-SegmentedRaftLogWorker: Rolling segment log-0_584 to index:584
2025-04-23 14:39:48,820 [omNode-2-server-thread3] INFO  server.RaftServer$Division (ServerState.java:setRaftConf(386)) - omNode-2@group-523986131536: set configuration conf: {index: 585, cur=peers:[omNode-3|localhost:15059, omNode-1|localhost:15051, omNode-2|localhost:15055]|listeners:[], old=null}
2025-04-23 14:39:48,820 [omNode-2-server-thread3] INFO  segmented.SegmentedRaftLogWorker (SegmentedRaftLogWorker.java:rollLogSegment(443)) - omNode-2@group-523986131536-SegmentedRaftLogWorker: Rolling segment log-0_584 to index:584
2025-04-23 14:39:48,821 [omNode-2@group-523986131536-SegmentedRaftLogWorker] INFO  segmented.SegmentedRaftLogWorker (SegmentedRaftLogWorker.java:execute(601)) - omNode-2@group-523986131536-SegmentedRaftLogWorker: Rolled log segment from /home/runner/work/ozone/ozone/hadoop-ozone/integration-test/target/test-dir/MiniOzoneClusterImpl-feea018d-8976-442b-acbc-fedf3986ffa5/omNode-2/ratis/c9bc4cf4-3bc3-3c60-a66b-523986131536/current/log_inprogress_0 to /home/runner/work/ozone/ozone/hadoop-ozone/integration-test/target/test-dir/MiniOzoneClusterImpl-feea018d-8976-442b-acbc-fedf3986ffa5/omNode-2/ratis/c9bc4cf4-3bc3-3c60-a66b-523986131536/current/log_0-584
2025-04-23 14:39:48,821 [omNode-2@group-523986131536-SegmentedRaftLogWorker] INFO  segmented.BufferedWriteChannel (BufferedWriteChannel.java:open(61)) - open log_inprogress_585 at position 0
2025-04-23 14:39:48,822 [omNode-1@group-523986131536-SegmentedRaftLogWorker] INFO  segmented.SegmentedRaftLogWorker (SegmentedRaftLogWorker.java:execute(601)) - omNode-1@group-523986131536-SegmentedRaftLogWorker: Rolled log segment from /home/runner/work/ozone/ozone/hadoop-ozone/integration-test/target/test-dir/MiniOzoneClusterImpl-feea018d-8976-442b-acbc-fedf3986ffa5/omNode-1/ratis/c9bc4cf4-3bc3-3c60-a66b-523986131536/current/log_inprogress_0 to /home/runner/work/ozone/ozone/hadoop-ozone/integration-test/target/test-dir/MiniOzoneClusterImpl-feea018d-8976-442b-acbc-fedf3986ffa5/omNode-1/ratis/c9bc4cf4-3bc3-3c60-a66b-523986131536/current/log_0-584
2025-04-23 14:39:48,822 [omNode-1@group-523986131536-SegmentedRaftLogWorker] INFO  segmented.BufferedWriteChannel (BufferedWriteChannel.java:open(61)) - open log_inprogress_585 at position 0
2025-04-23 14:39:48,823 [omNode-3@group-523986131536-SegmentedRaftLogWorker] INFO  segmented.SegmentedRaftLogWorker (SegmentedRaftLogWorker.java:execute(644)) - omNode-3@group-523986131536-SegmentedRaftLogWorker: created new log segment /home/runner/work/ozone/ozone/hadoop-ozone/integration-test/target/test-dir/MiniOzoneClusterImpl-feea018d-8976-442b-acbc-fedf3986ffa5/omNode-3/ratis/c9bc4cf4-3bc3-3c60-a66b-523986131536/current/log_inprogress_585
2025-04-23 14:39:48,835 [omNode-1@group-523986131536-SegmentedRaftLogWorker] INFO  segmented.SegmentedRaftLogWorker (SegmentedRaftLogWorker.java:execute(644)) - omNode-1@group-523986131536-SegmentedRaftLogWorker: created new log segment /home/runner/work/ozone/ozone/hadoop-ozone/integration-test/target/test-dir/MiniOzoneClusterImpl-feea018d-8976-442b-acbc-fedf3986ffa5/omNode-1/ratis/c9bc4cf4-3bc3-3c60-a66b-523986131536/current/log_inprogress_585
2025-04-23 14:39:48,836 [omNode-2@group-523986131536-SegmentedRaftLogWorker] INFO  segmented.SegmentedRaftLogWorker (SegmentedRaftLogWorker.java:execute(644)) - omNode-2@group-523986131536-SegmentedRaftLogWorker: created new log segment /home/runner/work/ozone/ozone/hadoop-ozone/integration-test/target/test-dir/MiniOzoneClusterImpl-feea018d-8976-442b-acbc-fedf3986ffa5/omNode-2/ratis/c9bc4cf4-3bc3-3c60-a66b-523986131536/current/log_inprogress_585
2025-04-23 14:39:48,839 [omNode-1@group-523986131536-StateMachineUpdater] INFO  ratis.OzoneManagerStateMachine (OzoneManagerStateMachine.java:notifyConfigurationChanged(231)) - notifyConfigurationChanged from Ratis: term=2, index=585, New Peer list: omNode-3(localhost:15059), omNode-1(localhost:15051), omNode-2(localhost:15055)
2025-04-23 14:39:48,839 [omNode-3@group-523986131536-StateMachineUpdater] INFO  ratis.OzoneManagerStateMachine (OzoneManagerStateMachine.java:notifyConfigurationChanged(231)) - notifyConfigurationChanged from Ratis: term=2, index=585, New Peer list: omNode-3(localhost:15059), omNode-1(localhost:15051), omNode-2(localhost:15055)
2025-04-23 14:39:48,840 [omNode-3@group-523986131536-StateMachineUpdater] INFO  server.RaftServer$Division (LeaderStateImpl.java:checkStartIndex(313)) - Leader omNode-3@group-523986131536-LeaderStateImpl is ready since appliedIndex == startIndex == 585
2025-04-23 14:39:48,840 [omNode-2@group-523986131536-StateMachineUpdater] INFO  ratis.OzoneManagerStateMachine (OzoneManagerStateMachine.java:notifyConfigurationChanged(231)) - notifyConfigurationChanged from Ratis: term=2, index=585, New Peer list: omNode-3(localhost:15059), omNode-1(localhost:15051), omNode-2(localhost:15055)
2025-04-23 14:39:49,021 [main] INFO  reflections.Reflections (Reflections.java:scan(219)) - Reflections took 358 ms to scan 22 urls, producing 61 keys and 7422 values
2025-04-23 14:39:49,022 [main] INFO  ipc.CallQueueManager (CallQueueManager.java:<init>(93)) - Using callQueue: class java.util.concurrent.LinkedBlockingQueue, queueCapacity: 2000, scheduler: class org.apache.hadoop.ipc.DefaultRpcScheduler, ipcBackoff: false, ipcFailOver: false.
2025-04-23 14:39:49,022 [main] INFO  ipc.Server (Server.java:<init>(1438)) - Listener at localhost:15052
2025-04-23 14:39:49,023 [Socket Reader #1 for port 15052] INFO  ipc.Server (Server.java:run(1474)) - Starting Socket Reader #1 for port 15052
2025-04-23 14:39:49,023 [Socket Reader #2 for port 15052] INFO  ipc.Server (Server.java:run(1474)) - Starting Socket Reader #2 for port 15052
2025-04-23 14:39:49,023 [Socket Reader #3 for port 15052] INFO  ipc.Server (Server.java:run(1474)) - Starting Socket Reader #3 for port 15052
2025-04-23 14:39:49,023 [Socket Reader #4 for port 15052] INFO  ipc.Server (Server.java:run(1474)) - Starting Socket Reader #4 for port 15052
2025-04-23 14:39:49,023 [Socket Reader #5 for port 15052] INFO  ipc.Server (Server.java:run(1474)) - Starting Socket Reader #5 for port 15052
2025-04-23 14:39:49,023 [Socket Reader #6 for port 15052] INFO  ipc.Server (Server.java:run(1474)) - Starting Socket Reader #6 for port 15052
2025-04-23 14:39:49,024 [Socket Reader #7 for port 15052] INFO  ipc.Server (Server.java:run(1474)) - Starting Socket Reader #7 for port 15052
2025-04-23 14:39:49,024 [Socket Reader #8 for port 15052] INFO  ipc.Server (Server.java:run(1474)) - Starting Socket Reader #8 for port 15052
2025-04-23 14:39:49,024 [Socket Reader #9 for port 15052] INFO  ipc.Server (Server.java:run(1474)) - Starting Socket Reader #9 for port 15052
2025-04-23 14:39:49,024 [Socket Reader #10 for port 15052] INFO  ipc.Server (Server.java:run(1474)) - Starting Socket Reader #10 for port 15052
2025-04-23 14:39:49,025 [main] INFO  http.BaseHttpServer (BaseHttpServer.java:newHttpServer2BuilderForOzone(229)) - Starting Web-server for ozoneManager at: http://0.0.0.0:15053
2025-04-23 14:39:49,025 [main] INFO  http.BaseHttpServer (BaseHttpServer.java:<init>(107)) - Hadoop Security Enabled: false Ozone Security Enabled: false Ozone HTTP Security Enabled: false 
2025-04-23 14:39:49,026 [main] WARN  server.AuthenticationFilter (AuthenticationFilter.java:constructSecretProvider(240)) - Unable to initialize FileSignerSecretProvider, falling back to use random secrets. Reason: Could not read signature secret file: /home/runner/hadoop-http-auth-signature-secret
2025-04-23 14:39:49,028 [main] INFO  http.HttpServer2 (HttpServer2.java:addGlobalFilter(1041)) - Added global filter 'safety' (class=org.apache.hadoop.hdds.server.http.HttpServer2$QuotingInputFilter)
2025-04-23 14:39:49,028 [main] INFO  http.HttpServer2 (HttpServer2.java:addFilter(1017)) - Added filter static_user_filter (class=org.apache.hadoop.http.lib.StaticUserWebFilter$StaticUserFilter) to context ozoneManager
2025-04-23 14:39:49,028 [main] INFO  http.HttpServer2 (HttpServer2.java:addFilter(1025)) - Added filter static_user_filter (class=org.apache.hadoop.http.lib.StaticUserWebFilter$StaticUserFilter) to context logs
2025-04-23 14:39:49,028 [main] INFO  http.HttpServer2 (HttpServer2.java:addFilter(1025)) - Added filter static_user_filter (class=org.apache.hadoop.http.lib.StaticUserWebFilter$StaticUserFilter) to context static
2025-04-23 14:39:49,029 [main] INFO  http.BaseHttpServer (BaseHttpServer.java:<init>(195)) - HTTP server of ozoneManager uses base directory /home/runner/work/ozone/ozone/hadoop-ozone/integration-test/target/test-dir/MiniOzoneClusterImpl-feea018d-8976-442b-acbc-fedf3986ffa5/omNode-2/webserver
2025-04-23 14:39:49,029 [main] INFO  http.HttpServer2 (HttpServer2.java:bindListener(1241)) - Jetty bound to port 15053
2025-04-23 14:39:49,029 [main] INFO  server.Server (Server.java:doStart(375)) - jetty-9.4.57.v20241219; built: 2025-01-08T21:24:30.412Z; git: df524e6b29271c2e09ba9aea83c18dc9db464a31; jvm 21.0.7+6-LTS
2025-04-23 14:39:49,030 [main] INFO  server.session (DefaultSessionIdManager.java:doStart(334)) - DefaultSessionIdManager workerName=node0
2025-04-23 14:39:49,030 [main] INFO  server.session (DefaultSessionIdManager.java:doStart(339)) - No SessionScavenger set, using defaults
2025-04-23 14:39:49,031 [main] INFO  server.session (HouseKeeper.java:startScavenging(132)) - node0 Scavenging every 600000ms
2025-04-23 14:39:49,031 [main] INFO  handler.ContextHandler (ContextHandler.java:doStart(921)) - Started o.e.j.s.ServletContextHandler@59c99999{logs,/logs,file:///home/runner/work/ozone/ozone/hadoop-ozone/integration-test/target/log,AVAILABLE}
2025-04-23 14:39:49,031 [main] INFO  handler.ContextHandler (ContextHandler.java:doStart(921)) - Started o.e.j.s.ServletContextHandler@79d5182f{static,/static,file:///home/runner/work/ozone/ozone/hadoop-ozone/integration-test/target/test-classes/webapps/static,AVAILABLE}
2025-04-23 14:39:49,036 [main] INFO  handler.ContextHandler (ContextHandler.java:doStart(921)) - Started o.e.j.w.WebAppContext@257e3093{ozoneManager,/,file:///home/runner/work/ozone/ozone/hadoop-ozone/integration-test/target/test-classes/webapps/ozoneManager/,AVAILABLE}{file:/home/runner/work/ozone/ozone/hadoop-ozone/integration-test/target/test-classes/webapps/ozoneManager}
2025-04-23 14:39:49,036 [main] INFO  server.AbstractConnector (AbstractConnector.java:doStart(333)) - Started ServerConnector@2033b33e{HTTP/1.1, (http/1.1)}{0.0.0.0:15053}
2025-04-23 14:39:49,036 [main] INFO  server.Server (Server.java:doStart(415)) - Started @189315ms
2025-04-23 14:39:49,036 [main] WARN  impl.MetricsSystemImpl (MetricsSystemImpl.java:register(279)) - Sink prometheus already exists!
2025-04-23 14:39:49,037 [main] INFO  http.BaseHttpServer (BaseHttpServer.java:updateConnectorAddress(360)) - HTTP server of ozoneManager listening at http://0.0.0.0:15053
2025-04-23 14:39:49,037 [IPC Server Responder] INFO  ipc.Server (Server.java:run(1713)) - IPC Server Responder: starting
2025-04-23 14:39:49,037 [IPC Server listener on 15052] INFO  ipc.Server (Server.java:run(1553)) - IPC Server listener on 15052: starting
2025-04-23 14:39:49,039 [main] INFO  om.OzoneManager (OzoneManager.java:startTrashEmptier(2257)) - Trash Interval set to 0. Files deleted won't move to trash
]]></system-out>
  </testcase>
</testsuite>