<?xml version="1.0" encoding="UTF-8"?>
<testsuite xmlns:xsi="http://www.w3.org/2001/XMLSchema-instance" xsi:noNamespaceSchemaLocation="https://maven.apache.org/surefire/maven-surefire-plugin/xsd/surefire-test-report.xsd" name="org.apache.hadoop.ozone.scm.TestSCMInstallSnapshotWithHA" time="185.737" tests="3" errors="0" skipped="0" failures="1">
  <properties>
    <property name="awt.toolkit" value="sun.awt.X11.XToolkit"/>
    <property name="file.encoding.pkg" value="sun.io"/>
    <property name="java.specification.version" value="1.8"/>
    <property name="sun.cpu.isalist" value=""/>
    <property name="sun.jnu.encoding" value="UTF-8"/>
    <property name="java.class.path" value="/home/runner/work/ozone/ozone/hadoop-ozone/integration-test/target/test-classes:/home/runner/work/ozone/ozone/hadoop-ozone/integration-test/target/classes:/home/runner/.m2/repository/org/apache/ozone/ozone-common/1.2.0-SNAPSHOT/ozone-common-1.2.0-SNAPSHOT.jar:/home/runner/.m2/repository/org/apache/commons/commons-compress/1.20/commons-compress-1.20.jar:/home/runner/.m2/repository/org/apache/ozone/hdds-common/1.2.0-SNAPSHOT/hdds-common-1.2.0-SNAPSHOT.jar:/home/runner/.m2/repository/org/apache/ozone/hdds-client/1.2.0-SNAPSHOT/hdds-client-1.2.0-SNAPSHOT.jar:/home/runner/.m2/repository/org/apache/ozone/ozone-interface-client/1.2.0-SNAPSHOT/ozone-interface-client-1.2.0-SNAPSHOT.jar:/home/runner/.m2/repository/org/apache/ozone/hdds-server-framework/1.2.0-SNAPSHOT/hdds-server-framework-1.2.0-SNAPSHOT.jar:/home/runner/.m2/repository/org/apache/ozone/hdds-interface-server/1.2.0-SNAPSHOT/hdds-interface-server-1.2.0-SNAPSHOT.jar:/home/runner/.m2/repository/org/eclipse/jetty/jetty-servlet/9.4.43.v20210629/jetty-servlet-9.4.43.v20210629.jar:/home/runner/.m2/repository/org/eclipse/jetty/jetty-security/9.4.43.v20210629/jetty-security-9.4.43.v20210629.jar:/home/runner/.m2/repository/org/rocksdb/rocksdbjni/6.20.3/rocksdbjni-6.20.3.jar:/home/runner/.m2/repository/io/prometheus/simpleclient_dropwizard/0.7.0/simpleclient_dropwizard-0.7.0.jar:/home/runner/.m2/repository/io/prometheus/simpleclient/0.7.0/simpleclient-0.7.0.jar:/home/runner/.m2/repository/io/prometheus/simpleclient_common/0.7.0/simpleclient_common-0.7.0.jar:/home/runner/.m2/repository/com/fasterxml/jackson/datatype/jackson-datatype-jsr310/2.12.1/jackson-datatype-jsr310-2.12.1.jar:/home/runner/.m2/repository/org/apache/ozone/hdds-test-utils/1.2.0-SNAPSHOT/hdds-test-utils-1.2.0-SNAPSHOT.jar:/home/runner/.m2/repository/com/google/guava/guava/30.1.1-jre/guava-30.1.1-jre.jar:/home/runner/.m2/repository/com/google/guava/failureaccess/1.0.1/failureaccess-1.0.1.jar:/home/runner/.m2/repository/com/google/guava/listenablefuture/9999.0-empty-to-avoid-conflict-with-guava/listenablefuture-9999.0-empty-to-avoid-conflict-with-guava.jar:/home/runner/.m2/repository/com/google/code/findbugs/jsr305/3.0.0/jsr305-3.0.0.jar:/home/runner/.m2/repository/org/checkerframework/checker-qual/3.8.0/checker-qual-3.8.0.jar:/home/runner/.m2/repository/com/google/errorprone/error_prone_annotations/2.2.0/error_prone_annotations-2.2.0.jar:/home/runner/.m2/repository/com/google/j2objc/j2objc-annotations/1.3/j2objc-annotations-1.3.jar:/home/runner/.m2/repository/commons-io/commons-io/2.11.0/commons-io-2.11.0.jar:/home/runner/.m2/repository/commons-logging/commons-logging/1.2/commons-logging-1.2.jar:/home/runner/.m2/repository/log4j/log4j/1.2.17/log4j-1.2.17.jar:/home/runner/.m2/repository/org/slf4j/slf4j-api/1.7.30/slf4j-api-1.7.30.jar:/home/runner/.m2/repository/org/apache/ozone/hdds-server-scm/1.2.0-SNAPSHOT/hdds-server-scm-1.2.0-SNAPSHOT.jar:/home/runner/.m2/repository/org/apache/ozone/hdds-container-service/1.2.0-SNAPSHOT/hdds-container-service-1.2.0-SNAPSHOT.jar:/home/runner/.m2/repository/org/apache/ozone/hdds-hadoop-dependency-server/1.2.0-SNAPSHOT/hdds-hadoop-dependency-server-1.2.0-SNAPSHOT.jar:/home/runner/.m2/repository/org/apache/hadoop/hadoop-hdfs/3.3.1/hadoop-hdfs-3.3.1.jar:/home/runner/.m2/repository/io/dropwizard/metrics/metrics-core/3.2.4/metrics-core-3.2.4.jar:/home/runner/.m2/repository/org/apache/hadoop/hadoop-hdfs-client/3.3.1/hadoop-hdfs-client-3.3.1.jar:/home/runner/.m2/repository/org/bouncycastle/bcprov-jdk15on/1.67/bcprov-jdk15on-1.67.jar:/home/runner/.m2/repository/com/google/protobuf/protobuf-java/2.5.0/protobuf-java-2.5.0.jar:/home/runner/.m2/repository/org/apache/ozone/ozone-manager/1.2.0-SNAPSHOT/ozone-manager-1.2.0-SNAPSHOT.jar:/home/runner/.m2/repository/org/aspectj/aspectjrt/1.9.7/aspectjrt-1.9.7.jar:/home/runner/.m2/repository/org/aspectj/aspectjweaver/1.9.7/aspectjweaver-1.9.7.jar:/home/runner/.m2/repository/org/apache/ozone/hdds-interface-client/1.2.0-SNAPSHOT/hdds-interface-client-1.2.0-SNAPSHOT.jar:/home/runner/.m2/repository/org/apache/hadoop/thirdparty/hadoop-shaded-protobuf_3_7/1.1.1/hadoop-shaded-protobuf_3_7-1.1.1.jar:/home/runner/.m2/repository/org/apache/ozone/ozone-interface-storage/1.2.0-SNAPSHOT/ozone-interface-storage-1.2.0-SNAPSHOT.jar:/home/runner/.m2/repository/org/reflections/reflections/0.9.11/reflections-0.9.11.jar:/home/runner/.m2/repository/org/apache/hadoop/hadoop-minikdc/3.3.1/hadoop-minikdc-3.3.1.jar:/home/runner/.m2/repository/org/apache/kerby/kerb-simplekdc/1.0.1/kerb-simplekdc-1.0.1.jar:/home/runner/.m2/repository/org/apache/kerby/kerb-client/1.0.1/kerb-client-1.0.1.jar:/home/runner/.m2/repository/org/apache/kerby/kerby-config/1.0.1/kerby-config-1.0.1.jar:/home/runner/.m2/repository/org/apache/kerby/kerb-common/1.0.1/kerb-common-1.0.1.jar:/home/runner/.m2/repository/org/apache/kerby/kerb-crypto/1.0.1/kerb-crypto-1.0.1.jar:/home/runner/.m2/repository/org/apache/kerby/kerb-util/1.0.1/kerb-util-1.0.1.jar:/home/runner/.m2/repository/org/apache/kerby/token-provider/1.0.1/token-provider-1.0.1.jar:/home/runner/.m2/repository/org/apache/kerby/kerb-admin/1.0.1/kerb-admin-1.0.1.jar:/home/runner/.m2/repository/org/apache/kerby/kerb-server/1.0.1/kerb-server-1.0.1.jar:/home/runner/.m2/repository/org/apache/kerby/kerb-identity/1.0.1/kerb-identity-1.0.1.jar:/home/runner/.m2/repository/org/apache/kerby/kerby-xdr/1.0.1/kerby-xdr-1.0.1.jar:/home/runner/.m2/repository/org/slf4j/slf4j-log4j12/1.7.30/slf4j-log4j12-1.7.30.jar:/home/runner/.m2/repository/org/apache/ozone/ozone-s3gateway/1.2.0-SNAPSHOT/ozone-s3gateway-1.2.0-SNAPSHOT.jar:/home/runner/.m2/repository/org/javassist/javassist/3.21.0-GA/javassist-3.21.0-GA.jar:/home/runner/.m2/repository/org/jboss/weld/servlet/weld-servlet/2.4.7.Final/weld-servlet-2.4.7.Final.jar:/home/runner/.m2/repository/org/glassfish/jersey/containers/jersey-container-servlet-core/2.33/jersey-container-servlet-core-2.33.jar:/home/runner/.m2/repository/org/glassfish/hk2/external/jakarta.inject/2.6.1/jakarta.inject-2.6.1.jar:/home/runner/.m2/repository/org/glassfish/jersey/core/jersey-common/2.33/jersey-common-2.33.jar:/home/runner/.m2/repository/jakarta/ws/rs/jakarta.ws.rs-api/2.1.6/jakarta.ws.rs-api-2.1.6.jar:/home/runner/.m2/repository/org/glassfish/jersey/ext/cdi/jersey-cdi1x/2.33/jersey-cdi1x-2.33.jar:/home/runner/.m2/repository/org/glassfish/jersey/inject/jersey-hk2/2.33/jersey-hk2-2.33.jar:/home/runner/.m2/repository/org/glassfish/hk2/hk2-locator/2.6.1/hk2-locator-2.6.1.jar:/home/runner/.m2/repository/org/glassfish/jersey/media/jersey-media-jaxb/2.33/jersey-media-jaxb-2.33.jar:/home/runner/.m2/repository/org/glassfish/hk2/osgi-resource-locator/1.0.3/osgi-resource-locator-1.0.3.jar:/home/runner/.m2/repository/org/glassfish/hk2/hk2-api/2.5.0/hk2-api-2.5.0.jar:/home/runner/.m2/repository/org/glassfish/hk2/hk2-utils/2.5.0/hk2-utils-2.5.0.jar:/home/runner/.m2/repository/org/glassfish/hk2/external/aopalliance-repackaged/2.5.0/aopalliance-repackaged-2.5.0.jar:/home/runner/.m2/repository/com/fasterxml/jackson/dataformat/jackson-dataformat-xml/2.12.1/jackson-dataformat-xml-2.12.1.jar:/home/runner/.m2/repository/com/fasterxml/jackson/core/jackson-core/2.12.1/jackson-core-2.12.1.jar:/home/runner/.m2/repository/com/fasterxml/jackson/module/jackson-module-jaxb-annotations/2.12.1/jackson-module-jaxb-annotations-2.12.1.jar:/home/runner/.m2/repository/jakarta/xml/bind/jakarta.xml.bind-api/2.3.2/jakarta.xml.bind-api-2.3.2.jar:/home/runner/.m2/repository/org/codehaus/woodstox/stax2-api/3.1.4/stax2-api-3.1.4.jar:/home/runner/.m2/repository/com/fasterxml/woodstox/woodstox-core/5.0.3/woodstox-core-5.0.3.jar:/home/runner/.m2/repository/javax/enterprise/cdi-api/1.2/cdi-api-1.2.jar:/home/runner/.m2/repository/javax/el/javax.el-api/3.0.0/javax.el-api-3.0.0.jar:/home/runner/.m2/repository/javax/interceptor/javax.interceptor-api/1.2/javax.interceptor-api-1.2.jar:/home/runner/.m2/repository/javax/inject/javax.inject/1/javax.inject-1.jar:/home/runner/.m2/repository/javax/xml/bind/jaxb-api/2.3.0/jaxb-api-2.3.0.jar:/home/runner/.m2/repository/org/glassfish/jaxb/jaxb-runtime/2.3.0.1/jaxb-runtime-2.3.0.1.jar:/home/runner/.m2/repository/org/glassfish/jaxb/jaxb-core/2.3.0.1/jaxb-core-2.3.0.1.jar:/home/runner/.m2/repository/org/glassfish/jaxb/txw2/2.3.0.1/txw2-2.3.0.1.jar:/home/runner/.m2/repository/com/sun/istack/istack-commons-runtime/3.0.5/istack-commons-runtime-3.0.5.jar:/home/runner/.m2/repository/org/jvnet/staxex/stax-ex/1.7.8/stax-ex-1.7.8.jar:/home/runner/.m2/repository/com/sun/xml/fastinfoset/FastInfoset/1.2.13/FastInfoset-1.2.13.jar:/home/runner/.m2/repository/javax/activation/activation/1.1.1/activation-1.1.1.jar:/home/runner/.m2/repository/org/apache/ozone/ozone-csi/1.2.0-SNAPSHOT/ozone-csi-1.2.0-SNAPSHOT.jar:/home/runner/.m2/repository/com/google/protobuf/protobuf-java-util/3.12.0/protobuf-java-util-3.12.0.jar:/home/runner/.m2/repository/com/google/code/gson/gson/2.2.4/gson-2.2.4.jar:/home/runner/.m2/repository/org/apache/ozone/hdds-config/1.2.0-SNAPSHOT/hdds-config-1.2.0-SNAPSHOT.jar:/home/runner/.m2/repository/io/grpc/grpc-netty/1.33.0/grpc-netty-1.33.0.jar:/home/runner/.m2/repository/io/grpc/grpc-core/1.33.0/grpc-core-1.33.0.jar:/home/runner/.m2/repository/com/google/android/annotations/4.1.1.4/annotations-4.1.1.4.jar:/home/runner/.m2/repository/io/netty/netty-codec-http2/4.1.63.Final/netty-codec-http2-4.1.63.Final.jar:/home/runner/.m2/repository/io/netty/netty-codec-http/4.1.63.Final/netty-codec-http-4.1.63.Final.jar:/home/runner/.m2/repository/io/netty/netty-handler-proxy/4.1.63.Final/netty-handler-proxy-4.1.63.Final.jar:/home/runner/.m2/repository/io/netty/netty-codec-socks/4.1.63.Final/netty-codec-socks-4.1.63.Final.jar:/home/runner/.m2/repository/io/perfmark/perfmark-api/0.19.0/perfmark-api-0.19.0.jar:/home/runner/.m2/repository/org/codehaus/mojo/animal-sniffer-annotations/1.18/animal-sniffer-annotations-1.18.jar:/home/runner/.m2/repository/io/netty/netty-transport-native-epoll/4.1.63.Final/netty-transport-native-epoll-4.1.63.Final.jar:/home/runner/.m2/repository/io/netty/netty-common/4.1.63.Final/netty-common-4.1.63.Final.jar:/home/runner/.m2/repository/io/netty/netty-buffer/4.1.63.Final/netty-buffer-4.1.63.Final.jar:/home/runner/.m2/repository/io/netty/netty-transport-native-unix-common/4.1.63.Final/netty-transport-native-unix-common-4.1.63.Final.jar:/home/runner/.m2/repository/io/grpc/grpc-protobuf/1.33.0/grpc-protobuf-1.33.0.jar:/home/runner/.m2/repository/io/grpc/grpc-api/1.33.0/grpc-api-1.33.0.jar:/home/runner/.m2/repository/io/grpc/grpc-context/1.33.0/grpc-context-1.33.0.jar:/home/runner/.m2/repository/com/google/api/grpc/proto-google-common-protos/1.17.0/proto-google-common-protos-1.17.0.jar:/home/runner/.m2/repository/io/grpc/grpc-protobuf-lite/1.33.0/grpc-protobuf-lite-1.33.0.jar:/home/runner/.m2/repository/io/grpc/grpc-stub/1.33.0/grpc-stub-1.33.0.jar:/home/runner/.m2/repository/org/apache/ozone/ozone-recon/1.2.0-SNAPSHOT/ozone-recon-1.2.0-SNAPSHOT.jar:/home/runner/.m2/repository/org/apache/ozone/ozone-reconcodegen/1.2.0-SNAPSHOT/ozone-reconcodegen-1.2.0-SNAPSHOT.jar:/home/runner/.m2/repository/com/google/inject/extensions/guice-multibindings/4.0/guice-multibindings-4.0.jar:/home/runner/.m2/repository/com/google/inject/guice/4.0/guice-4.0.jar:/home/runner/.m2/repository/aopalliance/aopalliance/1.0/aopalliance-1.0.jar:/home/runner/.m2/repository/com/google/inject/extensions/guice-assistedinject/4.0/guice-assistedinject-4.0.jar:/home/runner/.m2/repository/com/google/inject/extensions/guice-servlet/4.0/guice-servlet-4.0.jar:/home/runner/.m2/repository/org/glassfish/jersey/containers/jersey-container-servlet/2.33/jersey-container-servlet-2.33.jar:/home/runner/.m2/repository/org/glassfish/hk2/guice-bridge/2.5.0/guice-bridge-2.5.0.jar:/home/runner/.m2/repository/org/glassfish/jersey/core/jersey-server/2.33/jersey-server-2.33.jar:/home/runner/.m2/repository/org/glassfish/jersey/core/jersey-client/2.33/jersey-client-2.33.jar:/home/runner/.m2/repository/jakarta/annotation/jakarta.annotation-api/1.3.5/jakarta.annotation-api-1.3.5.jar:/home/runner/.m2/repository/jakarta/validation/jakarta.validation-api/2.0.2/jakarta.validation-api-2.0.2.jar:/home/runner/.m2/repository/org/glassfish/jersey/media/jersey-media-json-jackson/2.33/jersey-media-json-jackson-2.33.jar:/home/runner/.m2/repository/org/glassfish/jersey/ext/jersey-entity-filtering/2.33/jersey-entity-filtering-2.33.jar:/home/runner/.m2/repository/org/jooq/jooq/3.11.10/jooq-3.11.10.jar:/home/runner/.m2/repository/org/jooq/jooq-meta/3.11.10/jooq-meta-3.11.10.jar:/home/runner/.m2/repository/org/jooq/jooq-codegen/3.11.10/jooq-codegen-3.11.10.jar:/home/runner/.m2/repository/com/jolbox/bonecp/0.8.0.RELEASE/bonecp-0.8.0.RELEASE.jar:/home/runner/.m2/repository/org/apache/derby/derby/10.14.2.0/derby-10.14.2.0.jar:/home/runner/.m2/repository/org/xerial/sqlite-jdbc/3.25.2/sqlite-jdbc-3.25.2.jar:/home/runner/.m2/repository/org/springframework/spring-jdbc/5.2.11.RELEASE/spring-jdbc-5.2.11.RELEASE.jar:/home/runner/.m2/repository/org/springframework/spring-beans/5.2.11.RELEASE/spring-beans-5.2.11.RELEASE.jar:/home/runner/.m2/repository/org/springframework/spring-core/5.2.11.RELEASE/spring-core-5.2.11.RELEASE.jar:/home/runner/.m2/repository/org/springframework/spring-jcl/5.2.11.RELEASE/spring-jcl-5.2.11.RELEASE.jar:/home/runner/.m2/repository/org/springframework/spring-tx/5.2.11.RELEASE/spring-tx-5.2.11.RELEASE.jar:/home/runner/.m2/repository/org/apache/ozone/ozone-client/1.2.0-SNAPSHOT/ozone-client-1.2.0-SNAPSHOT.jar:/home/runner/.m2/repository/org/apache/ozone/ozone-filesystem/1.2.0-SNAPSHOT/ozone-filesystem-1.2.0-SNAPSHOT.jar:/home/runner/.m2/repository/org/apache/ozone/ozone-filesystem-common/1.2.0-SNAPSHOT/ozone-filesystem-common-1.2.0-SNAPSHOT.jar:/home/runner/.m2/repository/org/apache/ozone/ozone-tools/1.2.0-SNAPSHOT/ozone-tools-1.2.0-SNAPSHOT.jar:/home/runner/.m2/repository/org/apache/ratis/ratis-tools/2.1.0-03f3b68-SNAPSHOT/ratis-tools-2.1.0-03f3b68-SNAPSHOT.jar:/home/runner/.m2/repository/com/amazonaws/aws-java-sdk-core/1.11.901/aws-java-sdk-core-1.11.901.jar:/home/runner/.m2/repository/org/apache/httpcomponents/httpclient/4.5.13/httpclient-4.5.13.jar:/home/runner/.m2/repository/org/apache/httpcomponents/httpcore/4.4.13/httpcore-4.4.13.jar:/home/runner/.m2/repository/software/amazon/ion/ion-java/1.0.2/ion-java-1.0.2.jar:/home/runner/.m2/repository/com/fasterxml/jackson/dataformat/jackson-dataformat-cbor/2.12.1/jackson-dataformat-cbor-2.12.1.jar:/home/runner/.m2/repository/joda-time/joda-time/2.8.1/joda-time-2.8.1.jar:/home/runner/.m2/repository/com/amazonaws/aws-java-sdk-s3/1.11.901/aws-java-sdk-s3-1.11.901.jar:/home/runner/.m2/repository/com/amazonaws/aws-java-sdk-kms/1.11.901/aws-java-sdk-kms-1.11.901.jar:/home/runner/.m2/repository/com/amazonaws/jmespath-java/1.11.901/jmespath-java-1.11.901.jar:/home/runner/.m2/repository/org/kohsuke/metainf-services/metainf-services/1.8/metainf-services-1.8.jar:/home/runner/.m2/repository/org/apache/ozone/hdds-tools/1.2.0-SNAPSHOT/hdds-tools-1.2.0-SNAPSHOT.jar:/home/runner/.m2/repository/commons-cli/commons-cli/1.2/commons-cli-1.2.jar:/home/runner/.m2/repository/org/apache/commons/commons-lang3/3.7/commons-lang3-3.7.jar:/home/runner/.m2/repository/org/apache/ozone/ozone-manager/1.2.0-SNAPSHOT/ozone-manager-1.2.0-SNAPSHOT-tests.jar:/home/runner/.m2/repository/org/apache/ozone/hdds-common/1.2.0-SNAPSHOT/hdds-common-1.2.0-SNAPSHOT-tests.jar:/home/runner/.m2/repository/org/apache/ozone/hdds-hadoop-dependency-client/1.2.0-SNAPSHOT/hdds-hadoop-dependency-client-1.2.0-SNAPSHOT.jar:/home/runner/.m2/repository/info/picocli/picocli/4.6.1/picocli-4.6.1.jar:/home/runner/.m2/repository/com/fasterxml/jackson/core/jackson-annotations/2.12.1/jackson-annotations-2.12.1.jar:/home/runner/.m2/repository/javax/annotation/javax.annotation-api/1.2/javax.annotation-api-1.2.jar:/home/runner/.m2/repository/org/apache/ratis/ratis-server/2.1.0-03f3b68-SNAPSHOT/ratis-server-2.1.0-03f3b68-SNAPSHOT.jar:/home/runner/.m2/repository/org/apache/ratis/ratis-client/2.1.0-03f3b68-SNAPSHOT/ratis-client-2.1.0-03f3b68-SNAPSHOT.jar:/home/runner/.m2/repository/org/apache/ratis/ratis-server-api/2.1.0-03f3b68-SNAPSHOT/ratis-server-api-2.1.0-03f3b68-SNAPSHOT.jar:/home/runner/.m2/repository/org/apache/ratis/ratis-metrics/2.1.0-03f3b68-SNAPSHOT/ratis-metrics-2.1.0-03f3b68-SNAPSHOT.jar:/home/runner/.m2/repository/org/apache/ratis/ratis-netty/2.1.0-03f3b68-SNAPSHOT/ratis-netty-2.1.0-03f3b68-SNAPSHOT.jar:/home/runner/.m2/repository/org/apache/ratis/ratis-grpc/2.1.0-03f3b68-SNAPSHOT/ratis-grpc-2.1.0-03f3b68-SNAPSHOT.jar:/home/runner/.m2/repository/org/apache/logging/log4j/log4j-api/2.13.3/log4j-api-2.13.3.jar:/home/runner/.m2/repository/org/apache/logging/log4j/log4j-core/2.13.3/log4j-core-2.13.3.jar:/home/runner/.m2/repository/com/lmax/disruptor/3.4.2/disruptor-3.4.2.jar:/home/runner/.m2/repository/org/apache/commons/commons-pool2/2.6.0/commons-pool2-2.6.0.jar:/home/runner/.m2/repository/org/bouncycastle/bcpkix-jdk15on/1.67/bcpkix-jdk15on-1.67.jar:/home/runner/.m2/repository/commons-validator/commons-validator/1.6/commons-validator-1.6.jar:/home/runner/.m2/repository/commons-beanutils/commons-beanutils/1.9.4/commons-beanutils-1.9.4.jar:/home/runner/.m2/repository/commons-digester/commons-digester/1.8.1/commons-digester-1.8.1.jar:/home/runner/.m2/repository/commons-collections/commons-collections/3.2.2/commons-collections-3.2.2.jar:/home/runner/.m2/repository/io/jaegertracing/jaeger-client/1.6.0/jaeger-client-1.6.0.jar:/home/runner/.m2/repository/io/jaegertracing/jaeger-thrift/1.6.0/jaeger-thrift-1.6.0.jar:/home/runner/.m2/repository/org/apache/thrift/libthrift/0.14.1/libthrift-0.14.1.jar:/home/runner/.m2/repository/com/squareup/okhttp3/okhttp/4.9.0/okhttp-4.9.0.jar:/home/runner/.m2/repository/com/squareup/okio/okio/2.8.0/okio-2.8.0.jar:/home/runner/.m2/repository/io/jaegertracing/jaeger-core/1.6.0/jaeger-core-1.6.0.jar:/home/runner/.m2/repository/io/jaegertracing/jaeger-tracerresolver/1.6.0/jaeger-tracerresolver-1.6.0.jar:/home/runner/.m2/repository/io/opentracing/contrib/opentracing-tracerresolver/0.1.8/opentracing-tracerresolver-0.1.8.jar:/home/runner/.m2/repository/org/jetbrains/kotlin/kotlin-stdlib/1.4.31/kotlin-stdlib-1.4.31.jar:/home/runner/.m2/repository/org/jetbrains/kotlin/kotlin-stdlib-common/1.4.31/kotlin-stdlib-common-1.4.31.jar:/home/runner/.m2/repository/org/jetbrains/annotations/13.0/annotations-13.0.jar:/home/runner/.m2/repository/io/opentracing/opentracing-util/0.33.0/opentracing-util-0.33.0.jar:/home/runner/.m2/repository/io/opentracing/opentracing-api/0.33.0/opentracing-api-0.33.0.jar:/home/runner/.m2/repository/io/opentracing/opentracing-noop/0.33.0/opentracing-noop-0.33.0.jar:/home/runner/.m2/repository/org/yaml/snakeyaml/1.26/snakeyaml-1.26.jar:/home/runner/.m2/repository/org/apache/ozone/hdds-interface-admin/1.2.0-SNAPSHOT/hdds-interface-admin-1.2.0-SNAPSHOT.jar:/home/runner/.m2/repository/junit/junit/4.13.1/junit-4.13.1.jar:/home/runner/.m2/repository/org/hamcrest/hamcrest-core/1.3/hamcrest-core-1.3.jar:/home/runner/.m2/repository/org/junit/jupiter/junit-jupiter-api/5.7.0/junit-jupiter-api-5.7.0.jar:/home/runner/.m2/repository/org/apiguardian/apiguardian-api/1.1.0/apiguardian-api-1.1.0.jar:/home/runner/.m2/repository/org/opentest4j/opentest4j/1.2.0/opentest4j-1.2.0.jar:/home/runner/.m2/repository/org/junit/platform/junit-platform-commons/1.7.0/junit-platform-commons-1.7.0.jar:/home/runner/.m2/repository/org/junit/jupiter/junit-jupiter-engine/5.7.0/junit-jupiter-engine-5.7.0.jar:/home/runner/.m2/repository/org/junit/platform/junit-platform-engine/1.7.0/junit-platform-engine-1.7.0.jar:/home/runner/.m2/repository/org/junit/vintage/junit-vintage-engine/5.7.0/junit-vintage-engine-5.7.0.jar:/home/runner/.m2/repository/org/junit/platform/junit-platform-launcher/1.7.0/junit-platform-launcher-1.7.0.jar:/home/runner/.m2/repository/org/openjdk/jmh/jmh-core/1.19/jmh-core-1.19.jar:/home/runner/.m2/repository/net/sf/jopt-simple/jopt-simple/4.6/jopt-simple-4.6.jar:/home/runner/.m2/repository/org/apache/commons/commons-math3/3.1.1/commons-math3-3.1.1.jar:/home/runner/.m2/repository/org/openjdk/jmh/jmh-generator-annprocess/1.19/jmh-generator-annprocess-1.19.jar:/home/runner/.m2/repository/org/mockito/mockito-core/2.28.2/mockito-core-2.28.2.jar:/home/runner/.m2/repository/net/bytebuddy/byte-buddy/1.9.10/byte-buddy-1.9.10.jar:/home/runner/.m2/repository/net/bytebuddy/byte-buddy-agent/1.9.10/byte-buddy-agent-1.9.10.jar:/home/runner/.m2/repository/org/objenesis/objenesis/1.0/objenesis-1.0.jar:/home/runner/.m2/repository/org/apache/hadoop/hadoop-kms/3.3.1/hadoop-kms-3.3.1.jar:/home/runner/.m2/repository/org/apache/hadoop/hadoop-auth/3.3.1/hadoop-auth-3.3.1.jar:/home/runner/.m2/repository/com/nimbusds/nimbus-jose-jwt/7.9/nimbus-jose-jwt-7.9.jar:/home/runner/.m2/repository/com/github/stephenc/jcip/jcip-annotations/1.0-1/jcip-annotations-1.0-1.jar:/home/runner/.m2/repository/net/minidev/json-smart/2.3/json-smart-2.3.jar:/home/runner/.m2/repository/net/minidev/accessors-smart/1.2/accessors-smart-1.2.jar:/home/runner/.m2/repository/org/ow2/asm/asm/5.0.4/asm-5.0.4.jar:/home/runner/.m2/repository/org/apache/zookeeper/zookeeper/3.5.6/zookeeper-3.5.6.jar:/home/runner/.m2/repository/org/apache/zookeeper/zookeeper-jute/3.5.6/zookeeper-jute-3.5.6.jar:/home/runner/.m2/repository/org/apache/yetus/audience-annotations/0.5.0/audience-annotations-0.5.0.jar:/home/runner/.m2/repository/org/apache/curator/curator-framework/4.2.0/curator-framework-4.2.0.jar:/home/runner/.m2/repository/org/apache/hadoop/thirdparty/hadoop-shaded-guava/1.1.1/hadoop-shaded-guava-1.1.1.jar:/home/runner/.m2/repository/com/sun/jersey/jersey-core/1.19/jersey-core-1.19.jar:/home/runner/.m2/repository/javax/ws/rs/jsr311-api/1.1.1/jsr311-api-1.1.1.jar:/home/runner/.m2/repository/com/sun/jersey/jersey-server/1.19/jersey-server-1.19.jar:/home/runner/.m2/repository/javax/servlet/javax.servlet-api/3.1.0/javax.servlet-api-3.1.0.jar:/home/runner/.m2/repository/org/eclipse/jetty/jetty-server/9.4.43.v20210629/jetty-server-9.4.43.v20210629.jar:/home/runner/.m2/repository/org/eclipse/jetty/jetty-http/9.4.43.v20210629/jetty-http-9.4.43.v20210629.jar:/home/runner/.m2/repository/org/eclipse/jetty/jetty-io/9.4.43.v20210629/jetty-io-9.4.43.v20210629.jar:/home/runner/.m2/repository/org/eclipse/jetty/jetty-webapp/9.4.43.v20210629/jetty-webapp-9.4.43.v20210629.jar:/home/runner/.m2/repository/org/eclipse/jetty/jetty-xml/9.4.43.v20210629/jetty-xml-9.4.43.v20210629.jar:/home/runner/.m2/repository/org/apache/hadoop/hadoop-common/3.3.1/hadoop-common-3.3.1.jar:/home/runner/.m2/repository/commons-net/commons-net/3.6/commons-net-3.6.jar:/home/runner/.m2/repository/jakarta/activation/jakarta.activation-api/1.2.1/jakarta.activation-api-1.2.1.jar:/home/runner/.m2/repository/com/sun/jersey/jersey-servlet/1.19/jersey-servlet-1.19.jar:/home/runner/.m2/repository/com/sun/jersey/jersey-json/1.19/jersey-json-1.19.jar:/home/runner/.m2/repository/org/codehaus/jettison/jettison/1.1/jettison-1.1.jar:/home/runner/.m2/repository/com/sun/xml/bind/jaxb-impl/2.2.3-1/jaxb-impl-2.2.3-1.jar:/home/runner/.m2/repository/org/codehaus/jackson/jackson-jaxrs/1.9.2/jackson-jaxrs-1.9.2.jar:/home/runner/.m2/repository/org/codehaus/jackson/jackson-xc/1.9.2/jackson-xc-1.9.2.jar:/home/runner/.m2/repository/org/apache/commons/commons-configuration2/2.1.1/commons-configuration2-2.1.1.jar:/home/runner/.m2/repository/org/apache/commons/commons-text/1.4/commons-text-1.4.jar:/home/runner/.m2/repository/com/google/re2j/re2j/1.1/re2j-1.1.jar:/home/runner/.m2/repository/com/jcraft/jsch/0.1.54/jsch-0.1.54.jar:/home/runner/.m2/repository/org/apache/curator/curator-client/4.2.0/curator-client-4.2.0.jar:/home/runner/.m2/repository/org/apache/curator/curator-recipes/4.2.0/curator-recipes-4.2.0.jar:/home/runner/.m2/repository/org/apache/kerby/kerb-core/1.0.1/kerb-core-1.0.1.jar:/home/runner/.m2/repository/org/apache/kerby/kerby-pkix/1.0.1/kerby-pkix-1.0.1.jar:/home/runner/.m2/repository/org/apache/kerby/kerby-asn1/1.0.1/kerby-asn1-1.0.1.jar:/home/runner/.m2/repository/org/apache/kerby/kerby-util/1.0.1/kerby-util-1.0.1.jar:/home/runner/.m2/repository/dnsjava/dnsjava/2.1.7/dnsjava-2.1.7.jar:/home/runner/.m2/repository/org/xerial/snappy/snappy-java/1.1.8.2/snappy-java-1.1.8.2.jar:/home/runner/.m2/repository/org/slf4j/jul-to-slf4j/1.7.30/jul-to-slf4j-1.7.30.jar:/home/runner/.m2/repository/org/eclipse/jetty/jetty-util/9.4.43.v20210629/jetty-util-9.4.43.v20210629.jar:/home/runner/.m2/repository/com/fasterxml/jackson/core/jackson-databind/2.12.1/jackson-databind-2.12.1.jar:/home/runner/.m2/repository/org/apache/hadoop/hadoop-kms/3.3.1/hadoop-kms-3.3.1-tests.jar:/home/runner/.m2/repository/org/apache/ozone/hdds-server-scm/1.2.0-SNAPSHOT/hdds-server-scm-1.2.0-SNAPSHOT-tests.jar:/home/runner/.m2/repository/org/apache/ozone/hdds-container-service/1.2.0-SNAPSHOT/hdds-container-service-1.2.0-SNAPSHOT-tests.jar:/home/runner/.m2/repository/commons-codec/commons-codec/1.11/commons-codec-1.11.jar:/home/runner/.m2/repository/io/netty/netty-transport/4.1.63.Final/netty-transport-4.1.63.Final.jar:/home/runner/.m2/repository/io/netty/netty-resolver/4.1.63.Final/netty-resolver-4.1.63.Final.jar:/home/runner/.m2/repository/io/netty/netty-codec/4.1.63.Final/netty-codec-4.1.63.Final.jar:/home/runner/.m2/repository/io/netty/netty-handler/4.1.63.Final/netty-handler-4.1.63.Final.jar:/home/runner/.m2/repository/org/apache/ozone/hdds-hadoop-dependency-test/1.2.0-SNAPSHOT/hdds-hadoop-dependency-test-1.2.0-SNAPSHOT.jar:/home/runner/.m2/repository/org/apache/hadoop/hadoop-common/3.3.1/hadoop-common-3.3.1-tests.jar:/home/runner/.m2/repository/org/assertj/assertj-core/3.12.2/assertj-core-3.12.2.jar:/home/runner/.m2/repository/org/apache/hadoop/hadoop-hdfs/3.3.1/hadoop-hdfs-3.3.1-tests.jar:/home/runner/.m2/repository/org/eclipse/jetty/jetty-util-ajax/9.4.43.v20210629/jetty-util-ajax-9.4.43.v20210629.jar:/home/runner/.m2/repository/commons-daemon/commons-daemon/1.0.13/commons-daemon-1.0.13.jar:/home/runner/.m2/repository/io/netty/netty/3.10.6.Final/netty-3.10.6.Final.jar:/home/runner/.m2/repository/io/netty/netty-all/4.1.63.Final/netty-all-4.1.63.Final.jar:/home/runner/.m2/repository/org/apache/htrace/htrace-core4/4.1.0-incubating/htrace-core4-4.1.0-incubating.jar:/home/runner/.m2/repository/org/fusesource/leveldbjni/leveldbjni-all/1.8/leveldbjni-all-1.8.jar:/home/runner/.m2/repository/org/apache/hadoop/hadoop-distcp/3.3.1/hadoop-distcp-3.3.1.jar:/home/runner/.m2/repository/org/apache/hadoop/hadoop-mapreduce-client-jobclient/3.3.1/hadoop-mapreduce-client-jobclient-3.3.1.jar:/home/runner/.m2/repository/org/apache/hadoop/hadoop-mapreduce-client-common/3.3.1/hadoop-mapreduce-client-common-3.3.1.jar:/home/runner/.m2/repository/org/apache/hadoop/hadoop-yarn-common/3.3.1/hadoop-yarn-common-3.3.1.jar:/home/runner/.m2/repository/org/apache/hadoop/hadoop-yarn-api/3.3.1/hadoop-yarn-api-3.3.1.jar:/home/runner/.m2/repository/com/sun/jersey/jersey-client/1.19/jersey-client-1.19.jar:/home/runner/.m2/repository/com/sun/jersey/contribs/jersey-guice/1.19/jersey-guice-1.19.jar:/home/runner/.m2/repository/com/fasterxml/jackson/jaxrs/jackson-jaxrs-json-provider/2.12.1/jackson-jaxrs-json-provider-2.12.1.jar:/home/runner/.m2/repository/com/fasterxml/jackson/jaxrs/jackson-jaxrs-base/2.12.1/jackson-jaxrs-base-2.12.1.jar:/home/runner/.m2/repository/org/apache/hadoop/hadoop-yarn-client/3.3.1/hadoop-yarn-client-3.3.1.jar:/home/runner/.m2/repository/org/eclipse/jetty/websocket/websocket-client/9.4.40.v20210413/websocket-client-9.4.40.v20210413.jar:/home/runner/.m2/repository/org/eclipse/jetty/jetty-client/9.4.40.v20210413/jetty-client-9.4.40.v20210413.jar:/home/runner/.m2/repository/org/eclipse/jetty/websocket/websocket-common/9.4.40.v20210413/websocket-common-9.4.40.v20210413.jar:/home/runner/.m2/repository/org/eclipse/jetty/websocket/websocket-api/9.4.40.v20210413/websocket-api-9.4.40.v20210413.jar:/home/runner/.m2/repository/org/jline/jline/3.9.0/jline-3.9.0.jar:/home/runner/.m2/repository/org/apache/hadoop/hadoop-mapreduce-client-core/3.3.1/hadoop-mapreduce-client-core-3.3.1.jar:/home/runner/.m2/repository/org/apache/avro/avro/1.7.7/avro-1.7.7.jar:/home/runner/.m2/repository/org/codehaus/jackson/jackson-core-asl/1.9.13/jackson-core-asl-1.9.13.jar:/home/runner/.m2/repository/org/codehaus/jackson/jackson-mapper-asl/1.9.13/jackson-mapper-asl-1.9.13.jar:/home/runner/.m2/repository/com/thoughtworks/paranamer/paranamer/2.3/paranamer-2.3.jar:/home/runner/.m2/repository/org/apache/hadoop/hadoop-annotations/3.3.1/hadoop-annotations-3.3.1.jar:/usr/lib/jvm/adoptopenjdk-8-hotspot-amd64/jre/../lib/tools.jar:/home/runner/.m2/repository/org/apache/hadoop/hadoop-distcp/3.3.1/hadoop-distcp-3.3.1-tests.jar:/home/runner/.m2/repository/org/apache/ratis/ratis-common/2.1.0-03f3b68-SNAPSHOT/ratis-common-2.1.0-03f3b68-SNAPSHOT.jar:/home/runner/.m2/repository/org/apache/ratis/ratis-thirdparty-misc/0.7.0/ratis-thirdparty-misc-0.7.0.jar:/home/runner/.m2/repository/org/apache/ratis/ratis-proto/2.1.0-03f3b68-SNAPSHOT/ratis-proto-2.1.0-03f3b68-SNAPSHOT.jar:"/>
    <property name="java.vm.vendor" value="AdoptOpenJDK"/>
    <property name="sun.arch.data.model" value="64"/>
    <property name="test.build.dir" value="/home/runner/work/ozone/ozone/hadoop-ozone/integration-test/target/test-dir"/>
    <property name="test.cache.data" value=""/>
    <property name="java.vendor.url" value="https://adoptopenjdk.net/"/>
    <property name="user.timezone" value=""/>
    <property name="java.vm.specification.version" value="1.8"/>
    <property name="os.name" value="Linux"/>
    <property name="test.build.data" value="/home/runner/work/ozone/ozone/hadoop-ozone/integration-test/target/test-dir"/>
    <property name="sun.java.launcher" value="SUN_STANDARD"/>
    <property name="sun.boot.library.path" value="/usr/lib/jvm/adoptopenjdk-8-hotspot-amd64/jre/lib/amd64"/>
    <property name="sun.java.command" value="/home/runner/work/ozone/ozone/hadoop-ozone/integration-test/target/surefire/surefirebooter6731648030508931216.jar /home/runner/work/ozone/ozone/hadoop-ozone/integration-test/target/surefire 2021-10-13T08-43-30_302-jvmRun1 surefire4927809816759327166tmp surefire_868736409650091191842tmp"/>
    <property name="surefire.test.class.path" value="/home/runner/work/ozone/ozone/hadoop-ozone/integration-test/target/test-classes:/home/runner/work/ozone/ozone/hadoop-ozone/integration-test/target/classes:/home/runner/.m2/repository/org/apache/ozone/ozone-common/1.2.0-SNAPSHOT/ozone-common-1.2.0-SNAPSHOT.jar:/home/runner/.m2/repository/org/apache/commons/commons-compress/1.20/commons-compress-1.20.jar:/home/runner/.m2/repository/org/apache/ozone/hdds-common/1.2.0-SNAPSHOT/hdds-common-1.2.0-SNAPSHOT.jar:/home/runner/.m2/repository/org/apache/ozone/hdds-client/1.2.0-SNAPSHOT/hdds-client-1.2.0-SNAPSHOT.jar:/home/runner/.m2/repository/org/apache/ozone/ozone-interface-client/1.2.0-SNAPSHOT/ozone-interface-client-1.2.0-SNAPSHOT.jar:/home/runner/.m2/repository/org/apache/ozone/hdds-server-framework/1.2.0-SNAPSHOT/hdds-server-framework-1.2.0-SNAPSHOT.jar:/home/runner/.m2/repository/org/apache/ozone/hdds-interface-server/1.2.0-SNAPSHOT/hdds-interface-server-1.2.0-SNAPSHOT.jar:/home/runner/.m2/repository/org/eclipse/jetty/jetty-servlet/9.4.43.v20210629/jetty-servlet-9.4.43.v20210629.jar:/home/runner/.m2/repository/org/eclipse/jetty/jetty-security/9.4.43.v20210629/jetty-security-9.4.43.v20210629.jar:/home/runner/.m2/repository/org/rocksdb/rocksdbjni/6.20.3/rocksdbjni-6.20.3.jar:/home/runner/.m2/repository/io/prometheus/simpleclient_dropwizard/0.7.0/simpleclient_dropwizard-0.7.0.jar:/home/runner/.m2/repository/io/prometheus/simpleclient/0.7.0/simpleclient-0.7.0.jar:/home/runner/.m2/repository/io/prometheus/simpleclient_common/0.7.0/simpleclient_common-0.7.0.jar:/home/runner/.m2/repository/com/fasterxml/jackson/datatype/jackson-datatype-jsr310/2.12.1/jackson-datatype-jsr310-2.12.1.jar:/home/runner/.m2/repository/org/apache/ozone/hdds-test-utils/1.2.0-SNAPSHOT/hdds-test-utils-1.2.0-SNAPSHOT.jar:/home/runner/.m2/repository/com/google/guava/guava/30.1.1-jre/guava-30.1.1-jre.jar:/home/runner/.m2/repository/com/google/guava/failureaccess/1.0.1/failureaccess-1.0.1.jar:/home/runner/.m2/repository/com/google/guava/listenablefuture/9999.0-empty-to-avoid-conflict-with-guava/listenablefuture-9999.0-empty-to-avoid-conflict-with-guava.jar:/home/runner/.m2/repository/com/google/code/findbugs/jsr305/3.0.0/jsr305-3.0.0.jar:/home/runner/.m2/repository/org/checkerframework/checker-qual/3.8.0/checker-qual-3.8.0.jar:/home/runner/.m2/repository/com/google/errorprone/error_prone_annotations/2.2.0/error_prone_annotations-2.2.0.jar:/home/runner/.m2/repository/com/google/j2objc/j2objc-annotations/1.3/j2objc-annotations-1.3.jar:/home/runner/.m2/repository/commons-io/commons-io/2.11.0/commons-io-2.11.0.jar:/home/runner/.m2/repository/commons-logging/commons-logging/1.2/commons-logging-1.2.jar:/home/runner/.m2/repository/log4j/log4j/1.2.17/log4j-1.2.17.jar:/home/runner/.m2/repository/org/slf4j/slf4j-api/1.7.30/slf4j-api-1.7.30.jar:/home/runner/.m2/repository/org/apache/ozone/hdds-server-scm/1.2.0-SNAPSHOT/hdds-server-scm-1.2.0-SNAPSHOT.jar:/home/runner/.m2/repository/org/apache/ozone/hdds-container-service/1.2.0-SNAPSHOT/hdds-container-service-1.2.0-SNAPSHOT.jar:/home/runner/.m2/repository/org/apache/ozone/hdds-hadoop-dependency-server/1.2.0-SNAPSHOT/hdds-hadoop-dependency-server-1.2.0-SNAPSHOT.jar:/home/runner/.m2/repository/org/apache/hadoop/hadoop-hdfs/3.3.1/hadoop-hdfs-3.3.1.jar:/home/runner/.m2/repository/io/dropwizard/metrics/metrics-core/3.2.4/metrics-core-3.2.4.jar:/home/runner/.m2/repository/org/apache/hadoop/hadoop-hdfs-client/3.3.1/hadoop-hdfs-client-3.3.1.jar:/home/runner/.m2/repository/org/bouncycastle/bcprov-jdk15on/1.67/bcprov-jdk15on-1.67.jar:/home/runner/.m2/repository/com/google/protobuf/protobuf-java/2.5.0/protobuf-java-2.5.0.jar:/home/runner/.m2/repository/org/apache/ozone/ozone-manager/1.2.0-SNAPSHOT/ozone-manager-1.2.0-SNAPSHOT.jar:/home/runner/.m2/repository/org/aspectj/aspectjrt/1.9.7/aspectjrt-1.9.7.jar:/home/runner/.m2/repository/org/aspectj/aspectjweaver/1.9.7/aspectjweaver-1.9.7.jar:/home/runner/.m2/repository/org/apache/ozone/hdds-interface-client/1.2.0-SNAPSHOT/hdds-interface-client-1.2.0-SNAPSHOT.jar:/home/runner/.m2/repository/org/apache/hadoop/thirdparty/hadoop-shaded-protobuf_3_7/1.1.1/hadoop-shaded-protobuf_3_7-1.1.1.jar:/home/runner/.m2/repository/org/apache/ozone/ozone-interface-storage/1.2.0-SNAPSHOT/ozone-interface-storage-1.2.0-SNAPSHOT.jar:/home/runner/.m2/repository/org/reflections/reflections/0.9.11/reflections-0.9.11.jar:/home/runner/.m2/repository/org/apache/hadoop/hadoop-minikdc/3.3.1/hadoop-minikdc-3.3.1.jar:/home/runner/.m2/repository/org/apache/kerby/kerb-simplekdc/1.0.1/kerb-simplekdc-1.0.1.jar:/home/runner/.m2/repository/org/apache/kerby/kerb-client/1.0.1/kerb-client-1.0.1.jar:/home/runner/.m2/repository/org/apache/kerby/kerby-config/1.0.1/kerby-config-1.0.1.jar:/home/runner/.m2/repository/org/apache/kerby/kerb-common/1.0.1/kerb-common-1.0.1.jar:/home/runner/.m2/repository/org/apache/kerby/kerb-crypto/1.0.1/kerb-crypto-1.0.1.jar:/home/runner/.m2/repository/org/apache/kerby/kerb-util/1.0.1/kerb-util-1.0.1.jar:/home/runner/.m2/repository/org/apache/kerby/token-provider/1.0.1/token-provider-1.0.1.jar:/home/runner/.m2/repository/org/apache/kerby/kerb-admin/1.0.1/kerb-admin-1.0.1.jar:/home/runner/.m2/repository/org/apache/kerby/kerb-server/1.0.1/kerb-server-1.0.1.jar:/home/runner/.m2/repository/org/apache/kerby/kerb-identity/1.0.1/kerb-identity-1.0.1.jar:/home/runner/.m2/repository/org/apache/kerby/kerby-xdr/1.0.1/kerby-xdr-1.0.1.jar:/home/runner/.m2/repository/org/slf4j/slf4j-log4j12/1.7.30/slf4j-log4j12-1.7.30.jar:/home/runner/.m2/repository/org/apache/ozone/ozone-s3gateway/1.2.0-SNAPSHOT/ozone-s3gateway-1.2.0-SNAPSHOT.jar:/home/runner/.m2/repository/org/javassist/javassist/3.21.0-GA/javassist-3.21.0-GA.jar:/home/runner/.m2/repository/org/jboss/weld/servlet/weld-servlet/2.4.7.Final/weld-servlet-2.4.7.Final.jar:/home/runner/.m2/repository/org/glassfish/jersey/containers/jersey-container-servlet-core/2.33/jersey-container-servlet-core-2.33.jar:/home/runner/.m2/repository/org/glassfish/hk2/external/jakarta.inject/2.6.1/jakarta.inject-2.6.1.jar:/home/runner/.m2/repository/org/glassfish/jersey/core/jersey-common/2.33/jersey-common-2.33.jar:/home/runner/.m2/repository/jakarta/ws/rs/jakarta.ws.rs-api/2.1.6/jakarta.ws.rs-api-2.1.6.jar:/home/runner/.m2/repository/org/glassfish/jersey/ext/cdi/jersey-cdi1x/2.33/jersey-cdi1x-2.33.jar:/home/runner/.m2/repository/org/glassfish/jersey/inject/jersey-hk2/2.33/jersey-hk2-2.33.jar:/home/runner/.m2/repository/org/glassfish/hk2/hk2-locator/2.6.1/hk2-locator-2.6.1.jar:/home/runner/.m2/repository/org/glassfish/jersey/media/jersey-media-jaxb/2.33/jersey-media-jaxb-2.33.jar:/home/runner/.m2/repository/org/glassfish/hk2/osgi-resource-locator/1.0.3/osgi-resource-locator-1.0.3.jar:/home/runner/.m2/repository/org/glassfish/hk2/hk2-api/2.5.0/hk2-api-2.5.0.jar:/home/runner/.m2/repository/org/glassfish/hk2/hk2-utils/2.5.0/hk2-utils-2.5.0.jar:/home/runner/.m2/repository/org/glassfish/hk2/external/aopalliance-repackaged/2.5.0/aopalliance-repackaged-2.5.0.jar:/home/runner/.m2/repository/com/fasterxml/jackson/dataformat/jackson-dataformat-xml/2.12.1/jackson-dataformat-xml-2.12.1.jar:/home/runner/.m2/repository/com/fasterxml/jackson/core/jackson-core/2.12.1/jackson-core-2.12.1.jar:/home/runner/.m2/repository/com/fasterxml/jackson/module/jackson-module-jaxb-annotations/2.12.1/jackson-module-jaxb-annotations-2.12.1.jar:/home/runner/.m2/repository/jakarta/xml/bind/jakarta.xml.bind-api/2.3.2/jakarta.xml.bind-api-2.3.2.jar:/home/runner/.m2/repository/org/codehaus/woodstox/stax2-api/3.1.4/stax2-api-3.1.4.jar:/home/runner/.m2/repository/com/fasterxml/woodstox/woodstox-core/5.0.3/woodstox-core-5.0.3.jar:/home/runner/.m2/repository/javax/enterprise/cdi-api/1.2/cdi-api-1.2.jar:/home/runner/.m2/repository/javax/el/javax.el-api/3.0.0/javax.el-api-3.0.0.jar:/home/runner/.m2/repository/javax/interceptor/javax.interceptor-api/1.2/javax.interceptor-api-1.2.jar:/home/runner/.m2/repository/javax/inject/javax.inject/1/javax.inject-1.jar:/home/runner/.m2/repository/javax/xml/bind/jaxb-api/2.3.0/jaxb-api-2.3.0.jar:/home/runner/.m2/repository/org/glassfish/jaxb/jaxb-runtime/2.3.0.1/jaxb-runtime-2.3.0.1.jar:/home/runner/.m2/repository/org/glassfish/jaxb/jaxb-core/2.3.0.1/jaxb-core-2.3.0.1.jar:/home/runner/.m2/repository/org/glassfish/jaxb/txw2/2.3.0.1/txw2-2.3.0.1.jar:/home/runner/.m2/repository/com/sun/istack/istack-commons-runtime/3.0.5/istack-commons-runtime-3.0.5.jar:/home/runner/.m2/repository/org/jvnet/staxex/stax-ex/1.7.8/stax-ex-1.7.8.jar:/home/runner/.m2/repository/com/sun/xml/fastinfoset/FastInfoset/1.2.13/FastInfoset-1.2.13.jar:/home/runner/.m2/repository/javax/activation/activation/1.1.1/activation-1.1.1.jar:/home/runner/.m2/repository/org/apache/ozone/ozone-csi/1.2.0-SNAPSHOT/ozone-csi-1.2.0-SNAPSHOT.jar:/home/runner/.m2/repository/com/google/protobuf/protobuf-java-util/3.12.0/protobuf-java-util-3.12.0.jar:/home/runner/.m2/repository/com/google/code/gson/gson/2.2.4/gson-2.2.4.jar:/home/runner/.m2/repository/org/apache/ozone/hdds-config/1.2.0-SNAPSHOT/hdds-config-1.2.0-SNAPSHOT.jar:/home/runner/.m2/repository/io/grpc/grpc-netty/1.33.0/grpc-netty-1.33.0.jar:/home/runner/.m2/repository/io/grpc/grpc-core/1.33.0/grpc-core-1.33.0.jar:/home/runner/.m2/repository/com/google/android/annotations/4.1.1.4/annotations-4.1.1.4.jar:/home/runner/.m2/repository/io/netty/netty-codec-http2/4.1.63.Final/netty-codec-http2-4.1.63.Final.jar:/home/runner/.m2/repository/io/netty/netty-codec-http/4.1.63.Final/netty-codec-http-4.1.63.Final.jar:/home/runner/.m2/repository/io/netty/netty-handler-proxy/4.1.63.Final/netty-handler-proxy-4.1.63.Final.jar:/home/runner/.m2/repository/io/netty/netty-codec-socks/4.1.63.Final/netty-codec-socks-4.1.63.Final.jar:/home/runner/.m2/repository/io/perfmark/perfmark-api/0.19.0/perfmark-api-0.19.0.jar:/home/runner/.m2/repository/org/codehaus/mojo/animal-sniffer-annotations/1.18/animal-sniffer-annotations-1.18.jar:/home/runner/.m2/repository/io/netty/netty-transport-native-epoll/4.1.63.Final/netty-transport-native-epoll-4.1.63.Final.jar:/home/runner/.m2/repository/io/netty/netty-common/4.1.63.Final/netty-common-4.1.63.Final.jar:/home/runner/.m2/repository/io/netty/netty-buffer/4.1.63.Final/netty-buffer-4.1.63.Final.jar:/home/runner/.m2/repository/io/netty/netty-transport-native-unix-common/4.1.63.Final/netty-transport-native-unix-common-4.1.63.Final.jar:/home/runner/.m2/repository/io/grpc/grpc-protobuf/1.33.0/grpc-protobuf-1.33.0.jar:/home/runner/.m2/repository/io/grpc/grpc-api/1.33.0/grpc-api-1.33.0.jar:/home/runner/.m2/repository/io/grpc/grpc-context/1.33.0/grpc-context-1.33.0.jar:/home/runner/.m2/repository/com/google/api/grpc/proto-google-common-protos/1.17.0/proto-google-common-protos-1.17.0.jar:/home/runner/.m2/repository/io/grpc/grpc-protobuf-lite/1.33.0/grpc-protobuf-lite-1.33.0.jar:/home/runner/.m2/repository/io/grpc/grpc-stub/1.33.0/grpc-stub-1.33.0.jar:/home/runner/.m2/repository/org/apache/ozone/ozone-recon/1.2.0-SNAPSHOT/ozone-recon-1.2.0-SNAPSHOT.jar:/home/runner/.m2/repository/org/apache/ozone/ozone-reconcodegen/1.2.0-SNAPSHOT/ozone-reconcodegen-1.2.0-SNAPSHOT.jar:/home/runner/.m2/repository/com/google/inject/extensions/guice-multibindings/4.0/guice-multibindings-4.0.jar:/home/runner/.m2/repository/com/google/inject/guice/4.0/guice-4.0.jar:/home/runner/.m2/repository/aopalliance/aopalliance/1.0/aopalliance-1.0.jar:/home/runner/.m2/repository/com/google/inject/extensions/guice-assistedinject/4.0/guice-assistedinject-4.0.jar:/home/runner/.m2/repository/com/google/inject/extensions/guice-servlet/4.0/guice-servlet-4.0.jar:/home/runner/.m2/repository/org/glassfish/jersey/containers/jersey-container-servlet/2.33/jersey-container-servlet-2.33.jar:/home/runner/.m2/repository/org/glassfish/hk2/guice-bridge/2.5.0/guice-bridge-2.5.0.jar:/home/runner/.m2/repository/org/glassfish/jersey/core/jersey-server/2.33/jersey-server-2.33.jar:/home/runner/.m2/repository/org/glassfish/jersey/core/jersey-client/2.33/jersey-client-2.33.jar:/home/runner/.m2/repository/jakarta/annotation/jakarta.annotation-api/1.3.5/jakarta.annotation-api-1.3.5.jar:/home/runner/.m2/repository/jakarta/validation/jakarta.validation-api/2.0.2/jakarta.validation-api-2.0.2.jar:/home/runner/.m2/repository/org/glassfish/jersey/media/jersey-media-json-jackson/2.33/jersey-media-json-jackson-2.33.jar:/home/runner/.m2/repository/org/glassfish/jersey/ext/jersey-entity-filtering/2.33/jersey-entity-filtering-2.33.jar:/home/runner/.m2/repository/org/jooq/jooq/3.11.10/jooq-3.11.10.jar:/home/runner/.m2/repository/org/jooq/jooq-meta/3.11.10/jooq-meta-3.11.10.jar:/home/runner/.m2/repository/org/jooq/jooq-codegen/3.11.10/jooq-codegen-3.11.10.jar:/home/runner/.m2/repository/com/jolbox/bonecp/0.8.0.RELEASE/bonecp-0.8.0.RELEASE.jar:/home/runner/.m2/repository/org/apache/derby/derby/10.14.2.0/derby-10.14.2.0.jar:/home/runner/.m2/repository/org/xerial/sqlite-jdbc/3.25.2/sqlite-jdbc-3.25.2.jar:/home/runner/.m2/repository/org/springframework/spring-jdbc/5.2.11.RELEASE/spring-jdbc-5.2.11.RELEASE.jar:/home/runner/.m2/repository/org/springframework/spring-beans/5.2.11.RELEASE/spring-beans-5.2.11.RELEASE.jar:/home/runner/.m2/repository/org/springframework/spring-core/5.2.11.RELEASE/spring-core-5.2.11.RELEASE.jar:/home/runner/.m2/repository/org/springframework/spring-jcl/5.2.11.RELEASE/spring-jcl-5.2.11.RELEASE.jar:/home/runner/.m2/repository/org/springframework/spring-tx/5.2.11.RELEASE/spring-tx-5.2.11.RELEASE.jar:/home/runner/.m2/repository/org/apache/ozone/ozone-client/1.2.0-SNAPSHOT/ozone-client-1.2.0-SNAPSHOT.jar:/home/runner/.m2/repository/org/apache/ozone/ozone-filesystem/1.2.0-SNAPSHOT/ozone-filesystem-1.2.0-SNAPSHOT.jar:/home/runner/.m2/repository/org/apache/ozone/ozone-filesystem-common/1.2.0-SNAPSHOT/ozone-filesystem-common-1.2.0-SNAPSHOT.jar:/home/runner/.m2/repository/org/apache/ozone/ozone-tools/1.2.0-SNAPSHOT/ozone-tools-1.2.0-SNAPSHOT.jar:/home/runner/.m2/repository/org/apache/ratis/ratis-tools/2.1.0-03f3b68-SNAPSHOT/ratis-tools-2.1.0-03f3b68-SNAPSHOT.jar:/home/runner/.m2/repository/com/amazonaws/aws-java-sdk-core/1.11.901/aws-java-sdk-core-1.11.901.jar:/home/runner/.m2/repository/org/apache/httpcomponents/httpclient/4.5.13/httpclient-4.5.13.jar:/home/runner/.m2/repository/org/apache/httpcomponents/httpcore/4.4.13/httpcore-4.4.13.jar:/home/runner/.m2/repository/software/amazon/ion/ion-java/1.0.2/ion-java-1.0.2.jar:/home/runner/.m2/repository/com/fasterxml/jackson/dataformat/jackson-dataformat-cbor/2.12.1/jackson-dataformat-cbor-2.12.1.jar:/home/runner/.m2/repository/joda-time/joda-time/2.8.1/joda-time-2.8.1.jar:/home/runner/.m2/repository/com/amazonaws/aws-java-sdk-s3/1.11.901/aws-java-sdk-s3-1.11.901.jar:/home/runner/.m2/repository/com/amazonaws/aws-java-sdk-kms/1.11.901/aws-java-sdk-kms-1.11.901.jar:/home/runner/.m2/repository/com/amazonaws/jmespath-java/1.11.901/jmespath-java-1.11.901.jar:/home/runner/.m2/repository/org/kohsuke/metainf-services/metainf-services/1.8/metainf-services-1.8.jar:/home/runner/.m2/repository/org/apache/ozone/hdds-tools/1.2.0-SNAPSHOT/hdds-tools-1.2.0-SNAPSHOT.jar:/home/runner/.m2/repository/commons-cli/commons-cli/1.2/commons-cli-1.2.jar:/home/runner/.m2/repository/org/apache/commons/commons-lang3/3.7/commons-lang3-3.7.jar:/home/runner/.m2/repository/org/apache/ozone/ozone-manager/1.2.0-SNAPSHOT/ozone-manager-1.2.0-SNAPSHOT-tests.jar:/home/runner/.m2/repository/org/apache/ozone/hdds-common/1.2.0-SNAPSHOT/hdds-common-1.2.0-SNAPSHOT-tests.jar:/home/runner/.m2/repository/org/apache/ozone/hdds-hadoop-dependency-client/1.2.0-SNAPSHOT/hdds-hadoop-dependency-client-1.2.0-SNAPSHOT.jar:/home/runner/.m2/repository/info/picocli/picocli/4.6.1/picocli-4.6.1.jar:/home/runner/.m2/repository/com/fasterxml/jackson/core/jackson-annotations/2.12.1/jackson-annotations-2.12.1.jar:/home/runner/.m2/repository/javax/annotation/javax.annotation-api/1.2/javax.annotation-api-1.2.jar:/home/runner/.m2/repository/org/apache/ratis/ratis-server/2.1.0-03f3b68-SNAPSHOT/ratis-server-2.1.0-03f3b68-SNAPSHOT.jar:/home/runner/.m2/repository/org/apache/ratis/ratis-client/2.1.0-03f3b68-SNAPSHOT/ratis-client-2.1.0-03f3b68-SNAPSHOT.jar:/home/runner/.m2/repository/org/apache/ratis/ratis-server-api/2.1.0-03f3b68-SNAPSHOT/ratis-server-api-2.1.0-03f3b68-SNAPSHOT.jar:/home/runner/.m2/repository/org/apache/ratis/ratis-metrics/2.1.0-03f3b68-SNAPSHOT/ratis-metrics-2.1.0-03f3b68-SNAPSHOT.jar:/home/runner/.m2/repository/org/apache/ratis/ratis-netty/2.1.0-03f3b68-SNAPSHOT/ratis-netty-2.1.0-03f3b68-SNAPSHOT.jar:/home/runner/.m2/repository/org/apache/ratis/ratis-grpc/2.1.0-03f3b68-SNAPSHOT/ratis-grpc-2.1.0-03f3b68-SNAPSHOT.jar:/home/runner/.m2/repository/org/apache/logging/log4j/log4j-api/2.13.3/log4j-api-2.13.3.jar:/home/runner/.m2/repository/org/apache/logging/log4j/log4j-core/2.13.3/log4j-core-2.13.3.jar:/home/runner/.m2/repository/com/lmax/disruptor/3.4.2/disruptor-3.4.2.jar:/home/runner/.m2/repository/org/apache/commons/commons-pool2/2.6.0/commons-pool2-2.6.0.jar:/home/runner/.m2/repository/org/bouncycastle/bcpkix-jdk15on/1.67/bcpkix-jdk15on-1.67.jar:/home/runner/.m2/repository/commons-validator/commons-validator/1.6/commons-validator-1.6.jar:/home/runner/.m2/repository/commons-beanutils/commons-beanutils/1.9.4/commons-beanutils-1.9.4.jar:/home/runner/.m2/repository/commons-digester/commons-digester/1.8.1/commons-digester-1.8.1.jar:/home/runner/.m2/repository/commons-collections/commons-collections/3.2.2/commons-collections-3.2.2.jar:/home/runner/.m2/repository/io/jaegertracing/jaeger-client/1.6.0/jaeger-client-1.6.0.jar:/home/runner/.m2/repository/io/jaegertracing/jaeger-thrift/1.6.0/jaeger-thrift-1.6.0.jar:/home/runner/.m2/repository/org/apache/thrift/libthrift/0.14.1/libthrift-0.14.1.jar:/home/runner/.m2/repository/com/squareup/okhttp3/okhttp/4.9.0/okhttp-4.9.0.jar:/home/runner/.m2/repository/com/squareup/okio/okio/2.8.0/okio-2.8.0.jar:/home/runner/.m2/repository/io/jaegertracing/jaeger-core/1.6.0/jaeger-core-1.6.0.jar:/home/runner/.m2/repository/io/jaegertracing/jaeger-tracerresolver/1.6.0/jaeger-tracerresolver-1.6.0.jar:/home/runner/.m2/repository/io/opentracing/contrib/opentracing-tracerresolver/0.1.8/opentracing-tracerresolver-0.1.8.jar:/home/runner/.m2/repository/org/jetbrains/kotlin/kotlin-stdlib/1.4.31/kotlin-stdlib-1.4.31.jar:/home/runner/.m2/repository/org/jetbrains/kotlin/kotlin-stdlib-common/1.4.31/kotlin-stdlib-common-1.4.31.jar:/home/runner/.m2/repository/org/jetbrains/annotations/13.0/annotations-13.0.jar:/home/runner/.m2/repository/io/opentracing/opentracing-util/0.33.0/opentracing-util-0.33.0.jar:/home/runner/.m2/repository/io/opentracing/opentracing-api/0.33.0/opentracing-api-0.33.0.jar:/home/runner/.m2/repository/io/opentracing/opentracing-noop/0.33.0/opentracing-noop-0.33.0.jar:/home/runner/.m2/repository/org/yaml/snakeyaml/1.26/snakeyaml-1.26.jar:/home/runner/.m2/repository/org/apache/ozone/hdds-interface-admin/1.2.0-SNAPSHOT/hdds-interface-admin-1.2.0-SNAPSHOT.jar:/home/runner/.m2/repository/junit/junit/4.13.1/junit-4.13.1.jar:/home/runner/.m2/repository/org/hamcrest/hamcrest-core/1.3/hamcrest-core-1.3.jar:/home/runner/.m2/repository/org/junit/jupiter/junit-jupiter-api/5.7.0/junit-jupiter-api-5.7.0.jar:/home/runner/.m2/repository/org/apiguardian/apiguardian-api/1.1.0/apiguardian-api-1.1.0.jar:/home/runner/.m2/repository/org/opentest4j/opentest4j/1.2.0/opentest4j-1.2.0.jar:/home/runner/.m2/repository/org/junit/platform/junit-platform-commons/1.7.0/junit-platform-commons-1.7.0.jar:/home/runner/.m2/repository/org/junit/jupiter/junit-jupiter-engine/5.7.0/junit-jupiter-engine-5.7.0.jar:/home/runner/.m2/repository/org/junit/platform/junit-platform-engine/1.7.0/junit-platform-engine-1.7.0.jar:/home/runner/.m2/repository/org/junit/vintage/junit-vintage-engine/5.7.0/junit-vintage-engine-5.7.0.jar:/home/runner/.m2/repository/org/junit/platform/junit-platform-launcher/1.7.0/junit-platform-launcher-1.7.0.jar:/home/runner/.m2/repository/org/openjdk/jmh/jmh-core/1.19/jmh-core-1.19.jar:/home/runner/.m2/repository/net/sf/jopt-simple/jopt-simple/4.6/jopt-simple-4.6.jar:/home/runner/.m2/repository/org/apache/commons/commons-math3/3.1.1/commons-math3-3.1.1.jar:/home/runner/.m2/repository/org/openjdk/jmh/jmh-generator-annprocess/1.19/jmh-generator-annprocess-1.19.jar:/home/runner/.m2/repository/org/mockito/mockito-core/2.28.2/mockito-core-2.28.2.jar:/home/runner/.m2/repository/net/bytebuddy/byte-buddy/1.9.10/byte-buddy-1.9.10.jar:/home/runner/.m2/repository/net/bytebuddy/byte-buddy-agent/1.9.10/byte-buddy-agent-1.9.10.jar:/home/runner/.m2/repository/org/objenesis/objenesis/1.0/objenesis-1.0.jar:/home/runner/.m2/repository/org/apache/hadoop/hadoop-kms/3.3.1/hadoop-kms-3.3.1.jar:/home/runner/.m2/repository/org/apache/hadoop/hadoop-auth/3.3.1/hadoop-auth-3.3.1.jar:/home/runner/.m2/repository/com/nimbusds/nimbus-jose-jwt/7.9/nimbus-jose-jwt-7.9.jar:/home/runner/.m2/repository/com/github/stephenc/jcip/jcip-annotations/1.0-1/jcip-annotations-1.0-1.jar:/home/runner/.m2/repository/net/minidev/json-smart/2.3/json-smart-2.3.jar:/home/runner/.m2/repository/net/minidev/accessors-smart/1.2/accessors-smart-1.2.jar:/home/runner/.m2/repository/org/ow2/asm/asm/5.0.4/asm-5.0.4.jar:/home/runner/.m2/repository/org/apache/zookeeper/zookeeper/3.5.6/zookeeper-3.5.6.jar:/home/runner/.m2/repository/org/apache/zookeeper/zookeeper-jute/3.5.6/zookeeper-jute-3.5.6.jar:/home/runner/.m2/repository/org/apache/yetus/audience-annotations/0.5.0/audience-annotations-0.5.0.jar:/home/runner/.m2/repository/org/apache/curator/curator-framework/4.2.0/curator-framework-4.2.0.jar:/home/runner/.m2/repository/org/apache/hadoop/thirdparty/hadoop-shaded-guava/1.1.1/hadoop-shaded-guava-1.1.1.jar:/home/runner/.m2/repository/com/sun/jersey/jersey-core/1.19/jersey-core-1.19.jar:/home/runner/.m2/repository/javax/ws/rs/jsr311-api/1.1.1/jsr311-api-1.1.1.jar:/home/runner/.m2/repository/com/sun/jersey/jersey-server/1.19/jersey-server-1.19.jar:/home/runner/.m2/repository/javax/servlet/javax.servlet-api/3.1.0/javax.servlet-api-3.1.0.jar:/home/runner/.m2/repository/org/eclipse/jetty/jetty-server/9.4.43.v20210629/jetty-server-9.4.43.v20210629.jar:/home/runner/.m2/repository/org/eclipse/jetty/jetty-http/9.4.43.v20210629/jetty-http-9.4.43.v20210629.jar:/home/runner/.m2/repository/org/eclipse/jetty/jetty-io/9.4.43.v20210629/jetty-io-9.4.43.v20210629.jar:/home/runner/.m2/repository/org/eclipse/jetty/jetty-webapp/9.4.43.v20210629/jetty-webapp-9.4.43.v20210629.jar:/home/runner/.m2/repository/org/eclipse/jetty/jetty-xml/9.4.43.v20210629/jetty-xml-9.4.43.v20210629.jar:/home/runner/.m2/repository/org/apache/hadoop/hadoop-common/3.3.1/hadoop-common-3.3.1.jar:/home/runner/.m2/repository/commons-net/commons-net/3.6/commons-net-3.6.jar:/home/runner/.m2/repository/jakarta/activation/jakarta.activation-api/1.2.1/jakarta.activation-api-1.2.1.jar:/home/runner/.m2/repository/com/sun/jersey/jersey-servlet/1.19/jersey-servlet-1.19.jar:/home/runner/.m2/repository/com/sun/jersey/jersey-json/1.19/jersey-json-1.19.jar:/home/runner/.m2/repository/org/codehaus/jettison/jettison/1.1/jettison-1.1.jar:/home/runner/.m2/repository/com/sun/xml/bind/jaxb-impl/2.2.3-1/jaxb-impl-2.2.3-1.jar:/home/runner/.m2/repository/org/codehaus/jackson/jackson-jaxrs/1.9.2/jackson-jaxrs-1.9.2.jar:/home/runner/.m2/repository/org/codehaus/jackson/jackson-xc/1.9.2/jackson-xc-1.9.2.jar:/home/runner/.m2/repository/org/apache/commons/commons-configuration2/2.1.1/commons-configuration2-2.1.1.jar:/home/runner/.m2/repository/org/apache/commons/commons-text/1.4/commons-text-1.4.jar:/home/runner/.m2/repository/com/google/re2j/re2j/1.1/re2j-1.1.jar:/home/runner/.m2/repository/com/jcraft/jsch/0.1.54/jsch-0.1.54.jar:/home/runner/.m2/repository/org/apache/curator/curator-client/4.2.0/curator-client-4.2.0.jar:/home/runner/.m2/repository/org/apache/curator/curator-recipes/4.2.0/curator-recipes-4.2.0.jar:/home/runner/.m2/repository/org/apache/kerby/kerb-core/1.0.1/kerb-core-1.0.1.jar:/home/runner/.m2/repository/org/apache/kerby/kerby-pkix/1.0.1/kerby-pkix-1.0.1.jar:/home/runner/.m2/repository/org/apache/kerby/kerby-asn1/1.0.1/kerby-asn1-1.0.1.jar:/home/runner/.m2/repository/org/apache/kerby/kerby-util/1.0.1/kerby-util-1.0.1.jar:/home/runner/.m2/repository/dnsjava/dnsjava/2.1.7/dnsjava-2.1.7.jar:/home/runner/.m2/repository/org/xerial/snappy/snappy-java/1.1.8.2/snappy-java-1.1.8.2.jar:/home/runner/.m2/repository/org/slf4j/jul-to-slf4j/1.7.30/jul-to-slf4j-1.7.30.jar:/home/runner/.m2/repository/org/eclipse/jetty/jetty-util/9.4.43.v20210629/jetty-util-9.4.43.v20210629.jar:/home/runner/.m2/repository/com/fasterxml/jackson/core/jackson-databind/2.12.1/jackson-databind-2.12.1.jar:/home/runner/.m2/repository/org/apache/hadoop/hadoop-kms/3.3.1/hadoop-kms-3.3.1-tests.jar:/home/runner/.m2/repository/org/apache/ozone/hdds-server-scm/1.2.0-SNAPSHOT/hdds-server-scm-1.2.0-SNAPSHOT-tests.jar:/home/runner/.m2/repository/org/apache/ozone/hdds-container-service/1.2.0-SNAPSHOT/hdds-container-service-1.2.0-SNAPSHOT-tests.jar:/home/runner/.m2/repository/commons-codec/commons-codec/1.11/commons-codec-1.11.jar:/home/runner/.m2/repository/io/netty/netty-transport/4.1.63.Final/netty-transport-4.1.63.Final.jar:/home/runner/.m2/repository/io/netty/netty-resolver/4.1.63.Final/netty-resolver-4.1.63.Final.jar:/home/runner/.m2/repository/io/netty/netty-codec/4.1.63.Final/netty-codec-4.1.63.Final.jar:/home/runner/.m2/repository/io/netty/netty-handler/4.1.63.Final/netty-handler-4.1.63.Final.jar:/home/runner/.m2/repository/org/apache/ozone/hdds-hadoop-dependency-test/1.2.0-SNAPSHOT/hdds-hadoop-dependency-test-1.2.0-SNAPSHOT.jar:/home/runner/.m2/repository/org/apache/hadoop/hadoop-common/3.3.1/hadoop-common-3.3.1-tests.jar:/home/runner/.m2/repository/org/assertj/assertj-core/3.12.2/assertj-core-3.12.2.jar:/home/runner/.m2/repository/org/apache/hadoop/hadoop-hdfs/3.3.1/hadoop-hdfs-3.3.1-tests.jar:/home/runner/.m2/repository/org/eclipse/jetty/jetty-util-ajax/9.4.43.v20210629/jetty-util-ajax-9.4.43.v20210629.jar:/home/runner/.m2/repository/commons-daemon/commons-daemon/1.0.13/commons-daemon-1.0.13.jar:/home/runner/.m2/repository/io/netty/netty/3.10.6.Final/netty-3.10.6.Final.jar:/home/runner/.m2/repository/io/netty/netty-all/4.1.63.Final/netty-all-4.1.63.Final.jar:/home/runner/.m2/repository/org/apache/htrace/htrace-core4/4.1.0-incubating/htrace-core4-4.1.0-incubating.jar:/home/runner/.m2/repository/org/fusesource/leveldbjni/leveldbjni-all/1.8/leveldbjni-all-1.8.jar:/home/runner/.m2/repository/org/apache/hadoop/hadoop-distcp/3.3.1/hadoop-distcp-3.3.1.jar:/home/runner/.m2/repository/org/apache/hadoop/hadoop-mapreduce-client-jobclient/3.3.1/hadoop-mapreduce-client-jobclient-3.3.1.jar:/home/runner/.m2/repository/org/apache/hadoop/hadoop-mapreduce-client-common/3.3.1/hadoop-mapreduce-client-common-3.3.1.jar:/home/runner/.m2/repository/org/apache/hadoop/hadoop-yarn-common/3.3.1/hadoop-yarn-common-3.3.1.jar:/home/runner/.m2/repository/org/apache/hadoop/hadoop-yarn-api/3.3.1/hadoop-yarn-api-3.3.1.jar:/home/runner/.m2/repository/com/sun/jersey/jersey-client/1.19/jersey-client-1.19.jar:/home/runner/.m2/repository/com/sun/jersey/contribs/jersey-guice/1.19/jersey-guice-1.19.jar:/home/runner/.m2/repository/com/fasterxml/jackson/jaxrs/jackson-jaxrs-json-provider/2.12.1/jackson-jaxrs-json-provider-2.12.1.jar:/home/runner/.m2/repository/com/fasterxml/jackson/jaxrs/jackson-jaxrs-base/2.12.1/jackson-jaxrs-base-2.12.1.jar:/home/runner/.m2/repository/org/apache/hadoop/hadoop-yarn-client/3.3.1/hadoop-yarn-client-3.3.1.jar:/home/runner/.m2/repository/org/eclipse/jetty/websocket/websocket-client/9.4.40.v20210413/websocket-client-9.4.40.v20210413.jar:/home/runner/.m2/repository/org/eclipse/jetty/jetty-client/9.4.40.v20210413/jetty-client-9.4.40.v20210413.jar:/home/runner/.m2/repository/org/eclipse/jetty/websocket/websocket-common/9.4.40.v20210413/websocket-common-9.4.40.v20210413.jar:/home/runner/.m2/repository/org/eclipse/jetty/websocket/websocket-api/9.4.40.v20210413/websocket-api-9.4.40.v20210413.jar:/home/runner/.m2/repository/org/jline/jline/3.9.0/jline-3.9.0.jar:/home/runner/.m2/repository/org/apache/hadoop/hadoop-mapreduce-client-core/3.3.1/hadoop-mapreduce-client-core-3.3.1.jar:/home/runner/.m2/repository/org/apache/avro/avro/1.7.7/avro-1.7.7.jar:/home/runner/.m2/repository/org/codehaus/jackson/jackson-core-asl/1.9.13/jackson-core-asl-1.9.13.jar:/home/runner/.m2/repository/org/codehaus/jackson/jackson-mapper-asl/1.9.13/jackson-mapper-asl-1.9.13.jar:/home/runner/.m2/repository/com/thoughtworks/paranamer/paranamer/2.3/paranamer-2.3.jar:/home/runner/.m2/repository/org/apache/hadoop/hadoop-annotations/3.3.1/hadoop-annotations-3.3.1.jar:/usr/lib/jvm/adoptopenjdk-8-hotspot-amd64/jre/../lib/tools.jar:/home/runner/.m2/repository/org/apache/hadoop/hadoop-distcp/3.3.1/hadoop-distcp-3.3.1-tests.jar:/home/runner/.m2/repository/org/apache/ratis/ratis-common/2.1.0-03f3b68-SNAPSHOT/ratis-common-2.1.0-03f3b68-SNAPSHOT.jar:/home/runner/.m2/repository/org/apache/ratis/ratis-thirdparty-misc/0.7.0/ratis-thirdparty-misc-0.7.0.jar:/home/runner/.m2/repository/org/apache/ratis/ratis-proto/2.1.0-03f3b68-SNAPSHOT/ratis-proto-2.1.0-03f3b68-SNAPSHOT.jar:"/>
    <property name="sun.cpu.endian" value="little"/>
    <property name="user.home" value="/home/runner"/>
    <property name="user.language" value="en"/>
    <property name="java.specification.vendor" value="Oracle Corporation"/>
    <property name="java.home" value="/usr/lib/jvm/adoptopenjdk-8-hotspot-amd64/jre"/>
    <property name="java.security.krb5.conf" value="/home/runner/work/ozone/ozone/hadoop-ozone/integration-test/target/test-classes/krb5.conf"/>
    <property name="basedir" value="/home/runner/work/ozone/ozone/hadoop-ozone/integration-test"/>
    <property name="file.separator" value="/"/>
    <property name="line.separator" value="&#10;"/>
    <property name="java.vm.specification.vendor" value="Oracle Corporation"/>
    <property name="java.specification.name" value="Java Platform API Specification"/>
    <property name="java.awt.graphicsenv" value="sun.awt.X11GraphicsEnvironment"/>
    <property name="skip.installnpx" value="true"/>
    <property name="surefire.real.class.path" value="/home/runner/work/ozone/ozone/hadoop-ozone/integration-test/target/surefire/surefirebooter6731648030508931216.jar:/home/runner/.m2/repository/org/jacoco/org.jacoco.agent/0.8.5/org.jacoco.agent-0.8.5-runtime.jar"/>
    <property name="hadoop.log.dir" value="/home/runner/work/ozone/ozone/hadoop-ozone/integration-test/target/log"/>
    <property name="sun.boot.class.path" value="/usr/lib/jvm/adoptopenjdk-8-hotspot-amd64/jre/lib/resources.jar:/usr/lib/jvm/adoptopenjdk-8-hotspot-amd64/jre/lib/rt.jar:/usr/lib/jvm/adoptopenjdk-8-hotspot-amd64/jre/lib/sunrsasign.jar:/usr/lib/jvm/adoptopenjdk-8-hotspot-amd64/jre/lib/jsse.jar:/usr/lib/jvm/adoptopenjdk-8-hotspot-amd64/jre/lib/jce.jar:/usr/lib/jvm/adoptopenjdk-8-hotspot-amd64/jre/lib/charsets.jar:/usr/lib/jvm/adoptopenjdk-8-hotspot-amd64/jre/lib/jfr.jar:/usr/lib/jvm/adoptopenjdk-8-hotspot-amd64/jre/classes"/>
    <property name="sun.management.compiler" value="HotSpot 64-Bit Tiered Compilers"/>
    <property name="skip.npx" value="true"/>
    <property name="java.runtime.version" value="1.8.0_292-b10"/>
    <property name="java.net.preferIPv4Stack" value="true"/>
    <property name="user.name" value="runner"/>
    <property name="path.separator" value=":"/>
    <property name="java.security.egd" value="file:///dev/urandom"/>
    <property name="os.version" value="5.4.0-1059-azure"/>
    <property name="java.endorsed.dirs" value="/usr/lib/jvm/adoptopenjdk-8-hotspot-amd64/jre/lib/endorsed"/>
    <property name="java.runtime.name" value="OpenJDK Runtime Environment"/>
    <property name="file.encoding" value="UTF-8"/>
    <property name="java.vm.name" value="OpenJDK 64-Bit Server VM"/>
    <property name="test.build.webapps" value=""/>
    <property name="localRepository" value="/home/runner/.m2/repository"/>
    <property name="java.vendor.url.bug" value="https://github.com/AdoptOpenJDK/openjdk-support/issues"/>
    <property name="java.io.tmpdir" value="/tmp"/>
    <property name="require.test.libhadoop" value=""/>
    <property name="java.version" value="1.8.0_292"/>
    <property name="user.dir" value="/home/runner/work/ozone/ozone/hadoop-ozone/integration-test"/>
    <property name="os.arch" value="amd64"/>
    <property name="java.vm.specification.name" value="Java Virtual Machine Specification"/>
    <property name="test.build.classes" value="/home/runner/work/ozone/ozone/hadoop-ozone/integration-test/target/test-classes"/>
    <property name="java.awt.printerjob" value="sun.print.PSPrinterJob"/>
    <property name="sun.os.patch.level" value="unknown"/>
    <property name="hadoop.tmp.dir" value="/home/runner/work/ozone/ozone/hadoop-ozone/integration-test/target/tmp"/>
    <property name="java.library.path" value="/usr/java/packages/lib/amd64:/usr/lib64:/lib64:/lib:/usr/lib"/>
    <property name="java.vm.info" value="mixed mode"/>
    <property name="java.vendor" value="AdoptOpenJDK"/>
    <property name="java.vm.version" value="25.292-b10"/>
    <property name="java.ext.dirs" value="/usr/lib/jvm/adoptopenjdk-8-hotspot-amd64/jre/lib/ext:/usr/java/packages/lib/ext"/>
    <property name="sun.io.unicode.encoding" value="UnicodeLittle"/>
    <property name="java.class.version" value="52.0"/>
  </properties>
  <testcase name="testInstallSnapshot" classname="org.apache.hadoop.ozone.scm.TestSCMInstallSnapshotWithHA" time="70.325"/>
  <testcase name="testInstallOldCheckpointFailure" classname="org.apache.hadoop.ozone.scm.TestSCMInstallSnapshotWithHA" time="62.018">
    <failure message="expected:&lt;(t:2, i:128)&gt; but was:&lt;(t:2, i:28)&gt;" type="java.lang.AssertionError"><![CDATA[java.lang.AssertionError: expected:<(t:2, i:128)> but was:<(t:2, i:28)>
	at org.junit.Assert.fail(Assert.java:89)
	at org.junit.Assert.failNotEquals(Assert.java:835)
	at org.junit.Assert.assertEquals(Assert.java:120)
	at org.junit.Assert.assertEquals(Assert.java:146)
	at org.apache.hadoop.ozone.scm.TestSCMInstallSnapshotWithHA.testInstallOldCheckpointFailure(TestSCMInstallSnapshotWithHA.java:207)
	at sun.reflect.NativeMethodAccessorImpl.invoke0(Native Method)
	at sun.reflect.NativeMethodAccessorImpl.invoke(NativeMethodAccessorImpl.java:62)
	at sun.reflect.DelegatingMethodAccessorImpl.invoke(DelegatingMethodAccessorImpl.java:43)
	at java.lang.reflect.Method.invoke(Method.java:498)
	at org.junit.platform.commons.util.ReflectionUtils.invokeMethod(ReflectionUtils.java:688)
	at org.junit.jupiter.engine.execution.MethodInvocation.proceed(MethodInvocation.java:60)
	at org.junit.jupiter.engine.execution.InvocationInterceptorChain$ValidatingInvocation.proceed(InvocationInterceptorChain.java:131)
	at org.junit.jupiter.engine.extension.TimeoutInvocation.proceed(TimeoutInvocation.java:46)
	at org.junit.jupiter.engine.extension.TimeoutExtension.intercept(TimeoutExtension.java:149)
	at org.junit.jupiter.engine.extension.TimeoutExtension.interceptTestableMethod(TimeoutExtension.java:140)
	at org.junit.jupiter.engine.extension.TimeoutExtension.interceptTestMethod(TimeoutExtension.java:84)
	at org.junit.jupiter.engine.execution.ExecutableInvoker$ReflectiveInterceptorCall.lambda$ofVoidMethod$0(ExecutableInvoker.java:115)
	at org.junit.jupiter.engine.execution.ExecutableInvoker.lambda$invoke$0(ExecutableInvoker.java:105)
	at org.junit.jupiter.engine.execution.InvocationInterceptorChain$InterceptedInvocation.proceed(InvocationInterceptorChain.java:106)
	at org.junit.jupiter.engine.execution.InvocationInterceptorChain.proceed(InvocationInterceptorChain.java:64)
	at org.junit.jupiter.engine.execution.InvocationInterceptorChain.chainAndInvoke(InvocationInterceptorChain.java:45)
	at org.junit.jupiter.engine.execution.InvocationInterceptorChain.invoke(InvocationInterceptorChain.java:37)
	at org.junit.jupiter.engine.execution.ExecutableInvoker.invoke(ExecutableInvoker.java:104)
	at org.junit.jupiter.engine.execution.ExecutableInvoker.invoke(ExecutableInvoker.java:98)
	at org.junit.jupiter.engine.descriptor.TestMethodTestDescriptor.lambda$invokeTestMethod$6(TestMethodTestDescriptor.java:210)
	at org.junit.platform.engine.support.hierarchical.ThrowableCollector.execute(ThrowableCollector.java:73)
	at org.junit.jupiter.engine.descriptor.TestMethodTestDescriptor.invokeTestMethod(TestMethodTestDescriptor.java:206)
	at org.junit.jupiter.engine.descriptor.TestMethodTestDescriptor.execute(TestMethodTestDescriptor.java:131)
	at org.junit.jupiter.engine.descriptor.TestMethodTestDescriptor.execute(TestMethodTestDescriptor.java:65)
	at org.junit.platform.engine.support.hierarchical.NodeTestTask.lambda$executeRecursively$5(NodeTestTask.java:139)
	at org.junit.platform.engine.support.hierarchical.ThrowableCollector.execute(ThrowableCollector.java:73)
	at org.junit.platform.engine.support.hierarchical.NodeTestTask.lambda$executeRecursively$7(NodeTestTask.java:129)
	at org.junit.platform.engine.support.hierarchical.Node.around(Node.java:137)
	at org.junit.platform.engine.support.hierarchical.NodeTestTask.lambda$executeRecursively$8(NodeTestTask.java:127)
	at org.junit.platform.engine.support.hierarchical.ThrowableCollector.execute(ThrowableCollector.java:73)
	at org.junit.platform.engine.support.hierarchical.NodeTestTask.executeRecursively(NodeTestTask.java:126)
	at org.junit.platform.engine.support.hierarchical.NodeTestTask.execute(NodeTestTask.java:84)
	at java.util.ArrayList.forEach(ArrayList.java:1259)
	at org.junit.platform.engine.support.hierarchical.SameThreadHierarchicalTestExecutorService.invokeAll(SameThreadHierarchicalTestExecutorService.java:38)
	at org.junit.platform.engine.support.hierarchical.NodeTestTask.lambda$executeRecursively$5(NodeTestTask.java:143)
	at org.junit.platform.engine.support.hierarchical.ThrowableCollector.execute(ThrowableCollector.java:73)
	at org.junit.platform.engine.support.hierarchical.NodeTestTask.lambda$executeRecursively$7(NodeTestTask.java:129)
	at org.junit.platform.engine.support.hierarchical.Node.around(Node.java:137)
	at org.junit.platform.engine.support.hierarchical.NodeTestTask.lambda$executeRecursively$8(NodeTestTask.java:127)
	at org.junit.platform.engine.support.hierarchical.ThrowableCollector.execute(ThrowableCollector.java:73)
	at org.junit.platform.engine.support.hierarchical.NodeTestTask.executeRecursively(NodeTestTask.java:126)
	at org.junit.platform.engine.support.hierarchical.NodeTestTask.execute(NodeTestTask.java:84)
	at java.util.ArrayList.forEach(ArrayList.java:1259)
	at org.junit.platform.engine.support.hierarchical.SameThreadHierarchicalTestExecutorService.invokeAll(SameThreadHierarchicalTestExecutorService.java:38)
	at org.junit.platform.engine.support.hierarchical.NodeTestTask.lambda$executeRecursively$5(NodeTestTask.java:143)
	at org.junit.platform.engine.support.hierarchical.ThrowableCollector.execute(ThrowableCollector.java:73)
	at org.junit.platform.engine.support.hierarchical.NodeTestTask.lambda$executeRecursively$7(NodeTestTask.java:129)
	at org.junit.platform.engine.support.hierarchical.Node.around(Node.java:137)
	at org.junit.platform.engine.support.hierarchical.NodeTestTask.lambda$executeRecursively$8(NodeTestTask.java:127)
	at org.junit.platform.engine.support.hierarchical.ThrowableCollector.execute(ThrowableCollector.java:73)
	at org.junit.platform.engine.support.hierarchical.NodeTestTask.executeRecursively(NodeTestTask.java:126)
	at org.junit.platform.engine.support.hierarchical.NodeTestTask.execute(NodeTestTask.java:84)
	at org.junit.platform.engine.support.hierarchical.SameThreadHierarchicalTestExecutorService.submit(SameThreadHierarchicalTestExecutorService.java:32)
	at org.junit.platform.engine.support.hierarchical.HierarchicalTestExecutor.execute(HierarchicalTestExecutor.java:57)
	at org.junit.platform.engine.support.hierarchical.HierarchicalTestEngine.execute(HierarchicalTestEngine.java:51)
	at org.junit.platform.launcher.core.EngineExecutionOrchestrator.execute(EngineExecutionOrchestrator.java:108)
	at org.junit.platform.launcher.core.EngineExecutionOrchestrator.execute(EngineExecutionOrchestrator.java:88)
	at org.junit.platform.launcher.core.EngineExecutionOrchestrator.lambda$execute$0(EngineExecutionOrchestrator.java:54)
	at org.junit.platform.launcher.core.EngineExecutionOrchestrator.withInterceptedStreams(EngineExecutionOrchestrator.java:67)
	at org.junit.platform.launcher.core.EngineExecutionOrchestrator.execute(EngineExecutionOrchestrator.java:52)
	at org.junit.platform.launcher.core.DefaultLauncher.execute(DefaultLauncher.java:96)
	at org.junit.platform.launcher.core.DefaultLauncher.execute(DefaultLauncher.java:75)
	at org.apache.maven.surefire.junitplatform.JUnitPlatformProvider.invokeAllTests(JUnitPlatformProvider.java:142)
	at org.apache.maven.surefire.junitplatform.JUnitPlatformProvider.invoke(JUnitPlatformProvider.java:113)
	at org.apache.maven.surefire.booter.ForkedBooter.invokeProviderInSameClassLoader(ForkedBooter.java:384)
	at org.apache.maven.surefire.booter.ForkedBooter.runSuitesInProcess(ForkedBooter.java:345)
	at org.apache.maven.surefire.booter.ForkedBooter.execute(ForkedBooter.java:126)
	at org.apache.maven.surefire.booter.ForkedBooter.main(ForkedBooter.java:418)
]]></failure>
    <system-out><![CDATA[2021-10-13 10:11:05,807 [Listener at 127.0.0.1/10852] WARN  server.ServerUtils (ServerUtils.java:getScmDbDir(148)) - ozone.scm.db.dirs is not configured. We recommend adding this setting. Falling back to ozone.metadata.dirs instead.
2021-10-13 10:11:05,807 [Listener at 127.0.0.1/10852] INFO  ha.SCMHANodeDetails (SCMHANodeDetails.java:loadSCMHAConfig(157)) - ServiceID for StorageContainerManager is scm-service-test1
2021-10-13 10:11:05,807 [Listener at 127.0.0.1/10852] INFO  ha.SCMHANodeDetails (SCMHANodeDetails.java:loadSCMHAConfig(168)) - ServiceID for StorageContainerManager is scm-service-test1
2021-10-13 10:11:05,808 [Listener at 127.0.0.1/10852] WARN  scm.ScmUtils (ScmUtils.java:logWarn(179)) - ConfigKey ozone.scm.block.client.address is deprecated, For configuring different ports for each SCM use PortConfigKey ozone.scm.block.client.port appended with serviceId and nodeId. If want to configure same port configure ozone.scm.block.client.port
2021-10-13 10:11:05,808 [Listener at 127.0.0.1/10852] WARN  scm.ScmUtils (ScmUtils.java:logWarn(179)) - ConfigKey ozone.scm.client.address is deprecated, For configuring different ports for each SCM use PortConfigKey ozone.scm.client.port appended with serviceId and nodeId. If want to configure same port configure ozone.scm.client.port
2021-10-13 10:11:05,815 [Listener at 127.0.0.1/10852] WARN  scm.ScmUtils (ScmUtils.java:logWarn(179)) - ConfigKey ozone.scm.datanode.address is deprecated, For configuring different ports for each SCM use PortConfigKey ozone.scm.datanode.port appended with serviceId and nodeId. If want to configure same port configure ozone.scm.datanode.port
2021-10-13 10:11:05,816 [Listener at 127.0.0.1/10852] WARN  scm.ScmUtils (ScmUtils.java:logWarn(179)) - ConfigKey ozone.scm.block.client.address is deprecated, For configuring different ports for each SCM use PortConfigKey ozone.scm.block.client.port appended with serviceId and nodeId. If want to configure same port configure ozone.scm.block.client.port
2021-10-13 10:11:05,816 [Listener at 127.0.0.1/10852] WARN  scm.ScmUtils (ScmUtils.java:logWarn(179)) - ConfigKey ozone.scm.client.address is deprecated, For configuring different ports for each SCM use PortConfigKey ozone.scm.client.port appended with serviceId and nodeId. If want to configure same port configure ozone.scm.client.port
2021-10-13 10:11:05,816 [Listener at 127.0.0.1/10852] WARN  scm.ScmUtils (ScmUtils.java:logWarn(179)) - ConfigKey ozone.scm.datanode.address is deprecated, For configuring different ports for each SCM use PortConfigKey ozone.scm.datanode.port appended with serviceId and nodeId. If want to configure same port configure ozone.scm.datanode.port
2021-10-13 10:11:05,816 [Listener at 127.0.0.1/10852] INFO  ha.SCMHANodeDetails (SCMHANodeDetails.java:loadSCMHAConfig(250)) - Found matching SCM address with SCMServiceId: scm-service-test1, SCMNodeId: scmNode-1, RPC Address: localhost:14236 and Ratis port: 14236
2021-10-13 10:11:05,817 [Listener at 127.0.0.1/10852] INFO  ha.SCMHANodeDetails (ConfUtils.java:setNodeSpecificConfigs(108)) - Setting configuration key ozone.scm.datanode.address with value of key ozone.scm.datanode.address.scm-service-test1.scmNode-1: 127.0.0.1:14237
2021-10-13 10:11:05,817 [Listener at 127.0.0.1/10852] INFO  ha.SCMHANodeDetails (ConfUtils.java:setNodeSpecificConfigs(108)) - Setting configuration key ozone.scm.block.client.address with value of key ozone.scm.block.client.address.scm-service-test1.scmNode-1: 127.0.0.1:14238
2021-10-13 10:11:05,817 [Listener at 127.0.0.1/10852] INFO  ha.SCMHANodeDetails (ConfUtils.java:setNodeSpecificConfigs(108)) - Setting configuration key ozone.scm.client.address with value of key ozone.scm.client.address.scm-service-test1.scmNode-1: 127.0.0.1:14239
2021-10-13 10:11:05,817 [Listener at 127.0.0.1/10852] INFO  ha.SCMHANodeDetails (ConfUtils.java:setNodeSpecificConfigs(108)) - Setting configuration key ozone.scm.ratis.port with value of key ozone.scm.ratis.port.scm-service-test1.scmNode-1: 14236
2021-10-13 10:11:05,817 [Listener at 127.0.0.1/10852] INFO  ha.SCMHANodeDetails (ConfUtils.java:setNodeSpecificConfigs(108)) - Setting configuration key ozone.scm.grpc.port with value of key ozone.scm.grpc.port.scm-service-test1.scmNode-1: 14240
2021-10-13 10:11:05,817 [Listener at 127.0.0.1/10852] INFO  ha.SCMHANodeDetails (ConfUtils.java:setNodeSpecificConfigs(108)) - Setting configuration key ozone.scm.http-address with value of key ozone.scm.http-address.scm-service-test1.scmNode-1: 127.0.0.1:14234
2021-10-13 10:11:05,817 [Listener at 127.0.0.1/10852] INFO  ha.SCMHANodeDetails (ConfUtils.java:setNodeSpecificConfigs(108)) - Setting configuration key ozone.scm.https-address with value of key ozone.scm.https-address.scm-service-test1.scmNode-1: 127.0.0.1:14235
2021-10-13 10:11:05,817 [Listener at 127.0.0.1/10852] INFO  ha.SCMHANodeDetails (ConfUtils.java:setNodeSpecificConfigs(108)) - Setting configuration key ozone.scm.address with value of key ozone.scm.address.scm-service-test1.scmNode-1: 127.0.0.1
2021-10-13 10:11:05,818 [Listener at 127.0.0.1/10852] WARN  scm.ScmUtils (ScmUtils.java:logWarn(179)) - ConfigKey ozone.scm.block.client.address is deprecated, For configuring different ports for each SCM use PortConfigKey ozone.scm.block.client.port appended with serviceId and nodeId. If want to configure same port configure ozone.scm.block.client.port
2021-10-13 10:11:05,818 [Listener at 127.0.0.1/10852] WARN  scm.ScmUtils (ScmUtils.java:logWarn(179)) - ConfigKey ozone.scm.client.address is deprecated, For configuring different ports for each SCM use PortConfigKey ozone.scm.client.port appended with serviceId and nodeId. If want to configure same port configure ozone.scm.client.port
2021-10-13 10:11:05,818 [Listener at 127.0.0.1/10852] WARN  scm.ScmUtils (ScmUtils.java:logWarn(179)) - ConfigKey ozone.scm.datanode.address is deprecated, For configuring different ports for each SCM use PortConfigKey ozone.scm.datanode.port appended with serviceId and nodeId. If want to configure same port configure ozone.scm.datanode.port
2021-10-13 10:11:05,822 [Listener at 127.0.0.1/10852] INFO  server.RaftServer (ConfUtils.java:logGet(44)) - raft.rpc.type = GRPC (default)
2021-10-13 10:11:05,823 [Listener at 127.0.0.1/10852] INFO  grpc.GrpcFactory (GrpcFactory.java:checkPooledByteBufAllocatorUseCacheForAllThreads(48)) - PERFORMANCE WARNING: useCacheForAllThreads is true that may cause Netty to create a lot garbage objects and, as a result, trigger GC.
	It is recommended to disable useCacheForAllThreads by setting -Dorg.apache.ratis.thirdparty.io.netty.allocator.useCacheForAllThreads=false in command line.
2021-10-13 10:11:05,823 [Listener at 127.0.0.1/10852] INFO  grpc.GrpcConfigKeys (ConfUtils.java:logGet(44)) - raft.grpc.admin.port = -1 (default)
2021-10-13 10:11:05,823 [Listener at 127.0.0.1/10852] INFO  grpc.GrpcConfigKeys (ConfUtils.java:logGet(44)) - raft.grpc.server.port = 14236 (custom)
2021-10-13 10:11:05,823 [Listener at 127.0.0.1/10852] INFO  grpc.GrpcConfigKeys (ConfUtils.java:logGet(44)) - raft.grpc.client.port = -1 (default)
2021-10-13 10:11:05,823 [Listener at 127.0.0.1/10852] INFO  grpc.GrpcConfigKeys (ConfUtils.java:logGet(44)) - raft.grpc.server.port = 14236 (custom)
2021-10-13 10:11:05,823 [Listener at 127.0.0.1/10852] INFO  grpc.GrpcConfigKeys (ConfUtils.java:logGet(44)) - raft.grpc.server.port = 14236 (custom)
2021-10-13 10:11:05,824 [Listener at 127.0.0.1/10852] INFO  server.GrpcService (ConfUtils.java:logGet(44)) - raft.grpc.message.size.max = 32m (=33554432) (custom)
2021-10-13 10:11:05,824 [Listener at 127.0.0.1/10852] INFO  server.RaftServerConfigKeys (ConfUtils.java:logGet(44)) - raft.server.log.appender.buffer.byte-limit = 33554432 (custom)
2021-10-13 10:11:05,824 [Listener at 127.0.0.1/10852] INFO  server.GrpcService (ConfUtils.java:logGet(44)) - raft.grpc.flow.control.window = 1MB (=1048576) (default)
2021-10-13 10:11:05,824 [Listener at 127.0.0.1/10852] INFO  server.RaftServerConfigKeys (ConfUtils.java:logGet(44)) - raft.server.rpc.request.timeout = 30000ms (custom)
2021-10-13 10:11:05,826 [Listener at 127.0.0.1/10852] INFO  impl.DataStreamServerImpl (ConfUtils.java:logGet(44)) - raft.datastream.type = DISABLED (default)
2021-10-13 10:11:05,828 [Listener at 127.0.0.1/10852] INFO  server.RaftServerConfigKeys (ConfUtils.java:logGet(44)) - raft.server.rpc.slowness.timeout = 120000ms (custom)
2021-10-13 10:11:05,828 [Listener at 127.0.0.1/10852] INFO  server.RaftServerConfigKeys (ConfUtils.java:logGet(44)) - raft.server.leaderelection.leader.step-down.wait-time = 10s (default)
2021-10-13 10:11:05,828 [Listener at 127.0.0.1/10852] INFO  server.RaftServerConfigKeys (ConfUtils.java:logGet(44)) - raft.server.storage.dir = [/home/runner/work/ozone/ozone/hadoop-ozone/integration-test/target/test-dir/MiniOzoneClusterImpl-7a3c196b-86f6-4848-923d-88c8cd7ca178/scmNode-1/scm-ha] (custom)
2021-10-13 10:11:05,836 [Listener at 127.0.0.1/10852] INFO  server.RaftServer (RaftServerProxy.java:addNew(95)) - 3e49b098-f263-4746-8850-a06a1becd7d6: addNew group-88C8CD7CA178:[3e49b098-f263-4746-8850-a06a1becd7d6|rpc:localhost:14236|priority:0] returns group-88C8CD7CA178:java.util.concurrent.CompletableFuture@7145807a[Not completed]
2021-10-13 10:11:05,836 [pool-175-thread-1] INFO  server.RaftServer$Division (RaftServerImpl.java:<init>(181)) - 3e49b098-f263-4746-8850-a06a1becd7d6: new RaftServerImpl for group-88C8CD7CA178:[3e49b098-f263-4746-8850-a06a1becd7d6|rpc:localhost:14236|priority:0] with SCMStateMachine:uninitialized
2021-10-13 10:11:05,837 [pool-175-thread-1] INFO  server.RaftServerConfigKeys (ConfUtils.java:logGet(44)) - raft.server.rpc.timeout.min = 5000ms (custom)
2021-10-13 10:11:05,837 [pool-175-thread-1] INFO  server.RaftServerConfigKeys (ConfUtils.java:logGet(44)) - raft.server.rpc.timeout.max = 5200ms (custom)
2021-10-13 10:11:05,837 [pool-175-thread-1] INFO  server.RaftServerConfigKeys (ConfUtils.java:logGet(44)) - raft.server.rpc.sleep.time = 25ms (default)
2021-10-13 10:11:05,837 [pool-175-thread-1] INFO  server.RaftServerConfigKeys (ConfUtils.java:logGet(44)) - raft.server.rpc.slowness.timeout = 120000ms (custom)
2021-10-13 10:11:05,837 [pool-175-thread-1] INFO  server.RaftServerConfigKeys (ConfUtils.java:logGet(44)) - raft.server.leaderelection.leader.step-down.wait-time = 10s (default)
2021-10-13 10:11:05,837 [pool-175-thread-1] INFO  server.RaftServerConfigKeys (ConfUtils.java:logGet(44)) - raft.server.sleep.deviation.threshold = 300ms (default)
2021-10-13 10:11:05,837 [pool-175-thread-1] INFO  server.RaftServerConfigKeys (ConfUtils.java:logGet(44)) - raft.server.log.appender.install.snapshot.enabled = false (custom)
2021-10-13 10:11:05,837 [pool-175-thread-1] INFO  server.RaftServer$Division (ServerState.java:<init>(105)) - 3e49b098-f263-4746-8850-a06a1becd7d6@group-88C8CD7CA178: ConfigurationManager, init=-1: [3e49b098-f263-4746-8850-a06a1becd7d6|rpc:localhost:14236|priority:0], old=null, confs=<EMPTY_MAP>
2021-10-13 10:11:05,837 [pool-175-thread-1] INFO  server.RaftServerConfigKeys (ConfUtils.java:logGet(44)) - raft.server.storage.dir = [/home/runner/work/ozone/ozone/hadoop-ozone/integration-test/target/test-dir/MiniOzoneClusterImpl-7a3c196b-86f6-4848-923d-88c8cd7ca178/scmNode-1/scm-ha] (custom)
2021-10-13 10:11:05,838 [pool-175-thread-1] INFO  server.RaftServerConfigKeys (ConfUtils.java:logGet(44)) - raft.server.log.corruption.policy = EXCEPTION (default)
2021-10-13 10:11:05,838 [pool-175-thread-1] INFO  server.RaftServerConfigKeys (ConfUtils.java:logGet(44)) - raft.server.storage.free-space.min = 0MB (=0) (default)
2021-10-13 10:11:05,838 [pool-175-thread-1] INFO  storage.RaftStorageDirectory (RaftStorageDirectoryImpl.java:analyzeStorage(135)) - The storage directory /home/runner/work/ozone/ozone/hadoop-ozone/integration-test/target/test-dir/MiniOzoneClusterImpl-7a3c196b-86f6-4848-923d-88c8cd7ca178/scmNode-1/scm-ha/7a3c196b-86f6-4848-923d-88c8cd7ca178 does not exist. Creating ...
2021-10-13 10:11:05,839 [pool-175-thread-1] INFO  storage.RaftStorageDirectory (RaftStorageDirectoryImpl.java:tryLock(230)) - Lock on /home/runner/work/ozone/ozone/hadoop-ozone/integration-test/target/test-dir/MiniOzoneClusterImpl-7a3c196b-86f6-4848-923d-88c8cd7ca178/scmNode-1/scm-ha/7a3c196b-86f6-4848-923d-88c8cd7ca178/in_use.lock acquired by nodename 26829@fv-az395-254
2021-10-13 10:11:05,840 [pool-175-thread-1] INFO  storage.RaftStorage (RaftStorageImpl.java:format(89)) - Storage directory /home/runner/work/ozone/ozone/hadoop-ozone/integration-test/target/test-dir/MiniOzoneClusterImpl-7a3c196b-86f6-4848-923d-88c8cd7ca178/scmNode-1/scm-ha/7a3c196b-86f6-4848-923d-88c8cd7ca178 has been successfully formatted.
2021-10-13 10:11:05,841 [pool-175-thread-1] INFO  server.RaftServerConfigKeys (ConfUtils.java:logGet(44)) - raft.server.notification.no-leader.timeout = 60s (default)
2021-10-13 10:11:05,841 [pool-175-thread-1] INFO  server.RaftServerConfigKeys (ConfUtils.java:logGet(44)) - raft.server.log.use.memory = false (default)
2021-10-13 10:11:05,841 [pool-175-thread-1] INFO  server.RaftServerConfigKeys (ConfUtils.java:logGet(44)) - raft.server.log.purge.gap = 5 (custom)
2021-10-13 10:11:05,841 [pool-175-thread-1] INFO  server.RaftServerConfigKeys (ConfUtils.java:logGet(44)) - raft.server.log.appender.buffer.byte-limit = 33554432 (custom)
2021-10-13 10:11:05,841 [pool-175-thread-1] INFO  server.RaftServerConfigKeys (ConfUtils.java:logGet(44)) - raft.server.log.segment.size.max = 16384 (custom)
2021-10-13 10:11:05,842 [pool-175-thread-1] INFO  server.RaftServerConfigKeys (ConfUtils.java:logGet(44)) - raft.server.log.segment.cache.num.max = 2 (custom)
2021-10-13 10:11:05,842 [pool-175-thread-1] INFO  server.RaftServerConfigKeys (ConfUtils.java:logGet(44)) - raft.server.log.segment.cache.size.max = 200MB (=209715200) (default)
2021-10-13 10:11:05,842 [pool-175-thread-1] INFO  segmented.SegmentedRaftLogWorker (SegmentedRaftLogWorker.java:<init>(182)) - new 3e49b098-f263-4746-8850-a06a1becd7d6@group-88C8CD7CA178-SegmentedRaftLogWorker for RaftStorageImpl:Storage Directory /home/runner/work/ozone/ozone/hadoop-ozone/integration-test/target/test-dir/MiniOzoneClusterImpl-7a3c196b-86f6-4848-923d-88c8cd7ca178/scmNode-1/scm-ha/7a3c196b-86f6-4848-923d-88c8cd7ca178
2021-10-13 10:11:05,842 [pool-175-thread-1] INFO  server.RaftServerConfigKeys (ConfUtils.java:logGet(44)) - raft.server.log.queue.byte-limit = 64MB (=67108864) (default)
2021-10-13 10:11:05,842 [pool-175-thread-1] INFO  server.RaftServerConfigKeys (ConfUtils.java:logGet(44)) - raft.server.log.queue.element-limit = 4096 (default)
2021-10-13 10:11:05,842 [pool-175-thread-1] INFO  server.RaftServerConfigKeys (ConfUtils.java:logGet(44)) - raft.server.log.segment.size.max = 16384 (custom)
2021-10-13 10:11:05,842 [pool-175-thread-1] INFO  server.RaftServerConfigKeys (ConfUtils.java:logGet(44)) - raft.server.log.preallocated.size = 16384 (custom)
2021-10-13 10:11:05,842 [pool-175-thread-1] INFO  server.RaftServerConfigKeys (ConfUtils.java:logGet(44)) - raft.server.log.force.sync.num = 128 (default)
2021-10-13 10:11:05,846 [pool-175-thread-1] INFO  server.RaftServerConfigKeys (ConfUtils.java:logGet(44)) - raft.server.log.statemachine.data.sync = true (default)
2021-10-13 10:11:05,846 [pool-175-thread-1] INFO  server.RaftServerConfigKeys (ConfUtils.java:logGet(44)) - raft.server.log.statemachine.data.sync.timeout = 10s (default)
2021-10-13 10:11:05,846 [pool-175-thread-1] INFO  server.RaftServerConfigKeys (ConfUtils.java:logGet(44)) - raft.server.log.statemachine.data.sync.timeout.retry = -1 (default)
2021-10-13 10:11:05,846 [pool-175-thread-1] INFO  server.RaftServerConfigKeys (ConfUtils.java:logGet(44)) - raft.server.log.write.buffer.size = 64KB (=65536) (default)
2021-10-13 10:11:05,847 [pool-175-thread-1] INFO  server.RaftServerConfigKeys (ConfUtils.java:logGet(44)) - raft.server.log.statemachine.data.caching.enabled = false (default)
2021-10-13 10:11:05,847 [pool-175-thread-1] INFO  segmented.SegmentedRaftLogWorker (SegmentedRaftLogWorker.java:lambda$new$0(133)) - 3e49b098-f263-4746-8850-a06a1becd7d6@group-88C8CD7CA178-SegmentedRaftLogWorker: flushIndex: setUnconditionally 0 -> -1
2021-10-13 10:11:05,847 [pool-175-thread-1] INFO  segmented.SegmentedRaftLogWorker (SegmentedRaftLogWorker.java:lambda$new$0(133)) - 3e49b098-f263-4746-8850-a06a1becd7d6@group-88C8CD7CA178-SegmentedRaftLogWorker: safeCacheEvictIndex: setUnconditionally 0 -> -1
2021-10-13 10:11:05,856 [pool-175-thread-1] INFO  server.RaftServerConfigKeys (ConfUtils.java:logGet(44)) - raft.server.snapshot.auto.trigger.enabled = true (custom)
2021-10-13 10:11:05,856 [pool-175-thread-1] INFO  server.RaftServerConfigKeys (ConfUtils.java:logGet(44)) - raft.server.snapshot.auto.trigger.threshold = 5 (custom)
2021-10-13 10:11:05,856 [pool-175-thread-1] INFO  server.RaftServerConfigKeys (ConfUtils.java:logGet(44)) - raft.server.snapshot.retention.file.num = -1 (default)
2021-10-13 10:11:05,856 [pool-175-thread-1] INFO  server.RaftServerConfigKeys (ConfUtils.java:logGet(44)) - raft.server.log.purge.upto.snapshot.index = true (custom)
2021-10-13 10:11:05,856 [pool-175-thread-1] INFO  server.RaftServerConfigKeys (ConfUtils.java:logGet(44)) - raft.server.retrycache.expirytime = 60000ms (default)
2021-10-13 10:11:05,856 [pool-175-thread-1] INFO  server.RaftServerConfigKeys (ConfUtils.java:logGet(44)) - raft.server.retrycache.statistics.expirytime = 100μs (default)
2021-10-13 10:11:05,858 [Listener at 127.0.0.1/10852] INFO  server.RaftServer$Division (RaftServerImpl.java:start(296)) - 3e49b098-f263-4746-8850-a06a1becd7d6@group-88C8CD7CA178: start as a follower, conf=-1: [3e49b098-f263-4746-8850-a06a1becd7d6|rpc:localhost:14236|priority:0], old=null
2021-10-13 10:11:05,858 [Listener at 127.0.0.1/10852] INFO  server.RaftServer$Division (RaftServerImpl.java:setRole(285)) - 3e49b098-f263-4746-8850-a06a1becd7d6@group-88C8CD7CA178: changes role from      null to FOLLOWER at term 0 for startAsFollower
2021-10-13 10:11:05,858 [Listener at 127.0.0.1/10852] INFO  impl.RoleInfo (RoleInfo.java:updateAndGet(130)) - 3e49b098-f263-4746-8850-a06a1becd7d6: start 3e49b098-f263-4746-8850-a06a1becd7d6@group-88C8CD7CA178-FollowerState
2021-10-13 10:11:05,868 [Listener at 127.0.0.1/10852] INFO  util.JmxRegister (JmxRegister.java:tryRegister(44)) - Successfully registered JMX Bean with object name Ratis:service=RaftServer,group=group-88C8CD7CA178,id=3e49b098-f263-4746-8850-a06a1becd7d6
2021-10-13 10:11:05,876 [Listener at 127.0.0.1/10852] INFO  server.RaftServer (RaftServerProxy.java:lambda$start$5(374)) - 3e49b098-f263-4746-8850-a06a1becd7d6: start RPC server
2021-10-13 10:11:05,888 [Listener at 127.0.0.1/10852] INFO  server.GrpcService (GrpcService.java:startImpl(253)) - 3e49b098-f263-4746-8850-a06a1becd7d6: GrpcService started, listening on 14236
2021-10-13 10:11:05,908 [org.apache.ratis.util.JvmPauseMonitor$$Lambda$499/17331878@7e74ee89] INFO  util.JvmPauseMonitor (JvmPauseMonitor.java:run(103)) - JvmPauseMonitor-3e49b098-f263-4746-8850-a06a1becd7d6: Started
2021-10-13 10:11:06,022 [EndpointStateMachine task thread for /127.0.0.1:13897 - 0 ] INFO  ipc.Client (Client.java:handleConnectionFailure(977)) - Retrying connect to server: localhost/127.0.0.1:13897. Already tried 2 time(s); retry policy is RetryUpToMaximumCountWithFixedSleep(maxRetries=15, sleepTime=1000 MILLISECONDS)
2021-10-13 10:11:06,315 [EndpointStateMachine task thread for /127.0.0.1:13887 - 0 ] INFO  ipc.Client (Client.java:handleConnectionFailure(977)) - Retrying connect to server: localhost/127.0.0.1:13887. Already tried 14 time(s); retry policy is RetryUpToMaximumCountWithFixedSleep(maxRetries=15, sleepTime=1000 MILLISECONDS)
2021-10-13 10:11:06,316 [EndpointStateMachine task thread for /127.0.0.1:13877 - 0 ] INFO  ipc.Client (Client.java:handleConnectionFailure(977)) - Retrying connect to server: localhost/127.0.0.1:13877. Already tried 2 time(s); retry policy is RetryUpToMaximumCountWithFixedSleep(maxRetries=15, sleepTime=1000 MILLISECONDS)
2021-10-13 10:11:07,022 [EndpointStateMachine task thread for /127.0.0.1:13897 - 0 ] INFO  ipc.Client (Client.java:handleConnectionFailure(977)) - Retrying connect to server: localhost/127.0.0.1:13897. Already tried 3 time(s); retry policy is RetryUpToMaximumCountWithFixedSleep(maxRetries=15, sleepTime=1000 MILLISECONDS)
2021-10-13 10:11:07,317 [EndpointStateMachine task thread for /127.0.0.1:13887 - 0 ] INFO  ipc.Client (Client.java:handleConnectionFailure(977)) - Retrying connect to server: localhost/127.0.0.1:13887. Already tried 0 time(s); retry policy is RetryUpToMaximumCountWithFixedSleep(maxRetries=15, sleepTime=1000 MILLISECONDS)
2021-10-13 10:11:07,319 [EndpointStateMachine task thread for /127.0.0.1:13877 - 0 ] INFO  ipc.Client (Client.java:handleConnectionFailure(977)) - Retrying connect to server: localhost/127.0.0.1:13877. Already tried 3 time(s); retry policy is RetryUpToMaximumCountWithFixedSleep(maxRetries=15, sleepTime=1000 MILLISECONDS)
2021-10-13 10:11:08,023 [EndpointStateMachine task thread for /127.0.0.1:13897 - 0 ] INFO  ipc.Client (Client.java:handleConnectionFailure(977)) - Retrying connect to server: localhost/127.0.0.1:13897. Already tried 4 time(s); retry policy is RetryUpToMaximumCountWithFixedSleep(maxRetries=15, sleepTime=1000 MILLISECONDS)
2021-10-13 10:11:08,318 [EndpointStateMachine task thread for /127.0.0.1:13887 - 0 ] INFO  ipc.Client (Client.java:handleConnectionFailure(977)) - Retrying connect to server: localhost/127.0.0.1:13887. Already tried 1 time(s); retry policy is RetryUpToMaximumCountWithFixedSleep(maxRetries=15, sleepTime=1000 MILLISECONDS)
2021-10-13 10:11:08,319 [EndpointStateMachine task thread for /127.0.0.1:13877 - 0 ] INFO  ipc.Client (Client.java:handleConnectionFailure(977)) - Retrying connect to server: localhost/127.0.0.1:13877. Already tried 4 time(s); retry policy is RetryUpToMaximumCountWithFixedSleep(maxRetries=15, sleepTime=1000 MILLISECONDS)
2021-10-13 10:11:09,024 [EndpointStateMachine task thread for /127.0.0.1:13897 - 0 ] INFO  ipc.Client (Client.java:handleConnectionFailure(977)) - Retrying connect to server: localhost/127.0.0.1:13897. Already tried 5 time(s); retry policy is RetryUpToMaximumCountWithFixedSleep(maxRetries=15, sleepTime=1000 MILLISECONDS)
2021-10-13 10:11:09,318 [EndpointStateMachine task thread for /127.0.0.1:13887 - 0 ] INFO  ipc.Client (Client.java:handleConnectionFailure(977)) - Retrying connect to server: localhost/127.0.0.1:13887. Already tried 2 time(s); retry policy is RetryUpToMaximumCountWithFixedSleep(maxRetries=15, sleepTime=1000 MILLISECONDS)
2021-10-13 10:11:09,320 [EndpointStateMachine task thread for /127.0.0.1:13877 - 0 ] INFO  ipc.Client (Client.java:handleConnectionFailure(977)) - Retrying connect to server: localhost/127.0.0.1:13877. Already tried 5 time(s); retry policy is RetryUpToMaximumCountWithFixedSleep(maxRetries=15, sleepTime=1000 MILLISECONDS)
2021-10-13 10:11:10,024 [EndpointStateMachine task thread for /127.0.0.1:13897 - 0 ] INFO  ipc.Client (Client.java:handleConnectionFailure(977)) - Retrying connect to server: localhost/127.0.0.1:13897. Already tried 6 time(s); retry policy is RetryUpToMaximumCountWithFixedSleep(maxRetries=15, sleepTime=1000 MILLISECONDS)
2021-10-13 10:11:10,319 [EndpointStateMachine task thread for /127.0.0.1:13887 - 0 ] INFO  ipc.Client (Client.java:handleConnectionFailure(977)) - Retrying connect to server: localhost/127.0.0.1:13887. Already tried 3 time(s); retry policy is RetryUpToMaximumCountWithFixedSleep(maxRetries=15, sleepTime=1000 MILLISECONDS)
2021-10-13 10:11:10,320 [EndpointStateMachine task thread for /127.0.0.1:13877 - 0 ] INFO  ipc.Client (Client.java:handleConnectionFailure(977)) - Retrying connect to server: localhost/127.0.0.1:13877. Already tried 6 time(s); retry policy is RetryUpToMaximumCountWithFixedSleep(maxRetries=15, sleepTime=1000 MILLISECONDS)
2021-10-13 10:11:10,970 [3e49b098-f263-4746-8850-a06a1becd7d6@group-88C8CD7CA178-FollowerState] INFO  impl.FollowerState (FollowerState.java:run(134)) - 3e49b098-f263-4746-8850-a06a1becd7d6@group-88C8CD7CA178-FollowerState: change to CANDIDATE, lastRpcElapsedTime:5112166374ns, electionTimeout:5102ms
2021-10-13 10:11:10,970 [3e49b098-f263-4746-8850-a06a1becd7d6@group-88C8CD7CA178-FollowerState] INFO  impl.RoleInfo (RoleInfo.java:shutdownFollowerState(108)) - 3e49b098-f263-4746-8850-a06a1becd7d6: shutdown 3e49b098-f263-4746-8850-a06a1becd7d6@group-88C8CD7CA178-FollowerState
2021-10-13 10:11:10,970 [3e49b098-f263-4746-8850-a06a1becd7d6@group-88C8CD7CA178-FollowerState] INFO  server.RaftServer$Division (RaftServerImpl.java:setRole(285)) - 3e49b098-f263-4746-8850-a06a1becd7d6@group-88C8CD7CA178: changes role from  FOLLOWER to CANDIDATE at term 0 for changeToCandidate
2021-10-13 10:11:10,971 [3e49b098-f263-4746-8850-a06a1becd7d6@group-88C8CD7CA178-FollowerState] INFO  server.RaftServerConfigKeys (ConfUtils.java:logGet(44)) - raft.server.leaderelection.pre-vote = false (custom)
2021-10-13 10:11:10,971 [3e49b098-f263-4746-8850-a06a1becd7d6@group-88C8CD7CA178-FollowerState] INFO  impl.RoleInfo (RoleInfo.java:updateAndGet(130)) - 3e49b098-f263-4746-8850-a06a1becd7d6: start 3e49b098-f263-4746-8850-a06a1becd7d6@group-88C8CD7CA178-LeaderElection17
2021-10-13 10:11:10,990 [3e49b098-f263-4746-8850-a06a1becd7d6@group-88C8CD7CA178-LeaderElection17] INFO  impl.LeaderElection (LeaderElection.java:askForVotes(306)) - 3e49b098-f263-4746-8850-a06a1becd7d6@group-88C8CD7CA178-LeaderElection17 ELECTION round 0: submit vote requests at term 1 for -1: [3e49b098-f263-4746-8850-a06a1becd7d6|rpc:localhost:14236|priority:0], old=null
2021-10-13 10:11:10,990 [3e49b098-f263-4746-8850-a06a1becd7d6@group-88C8CD7CA178-LeaderElection17] INFO  impl.LeaderElection (LeaderElection.java:askForVotes(308)) - 3e49b098-f263-4746-8850-a06a1becd7d6@group-88C8CD7CA178-LeaderElection17 ELECTION round 0: result PASSED (term=1)
2021-10-13 10:11:10,990 [3e49b098-f263-4746-8850-a06a1becd7d6@group-88C8CD7CA178-LeaderElection17] INFO  impl.RoleInfo (RoleInfo.java:shutdownLeaderElection(121)) - 3e49b098-f263-4746-8850-a06a1becd7d6: shutdown 3e49b098-f263-4746-8850-a06a1becd7d6@group-88C8CD7CA178-LeaderElection17
2021-10-13 10:11:10,990 [3e49b098-f263-4746-8850-a06a1becd7d6@group-88C8CD7CA178-LeaderElection17] INFO  server.RaftServer$Division (RaftServerImpl.java:setRole(285)) - 3e49b098-f263-4746-8850-a06a1becd7d6@group-88C8CD7CA178: changes role from CANDIDATE to LEADER at term 1 for changeToLeader
2021-10-13 10:11:10,990 [3e49b098-f263-4746-8850-a06a1becd7d6@group-88C8CD7CA178-LeaderElection17] INFO  server.RaftServer$Division (ServerState.java:setLeader(285)) - 3e49b098-f263-4746-8850-a06a1becd7d6@group-88C8CD7CA178: change Leader from null to 3e49b098-f263-4746-8850-a06a1becd7d6 at term 1 for becomeLeader, leader elected after 5149ms
2021-10-13 10:11:10,990 [3e49b098-f263-4746-8850-a06a1becd7d6@group-88C8CD7CA178-LeaderElection17] INFO  server.RaftServerConfigKeys (ConfUtils.java:logGet(44)) - raft.server.staging.catchup.gap = 1000 (default)
2021-10-13 10:11:10,990 [3e49b098-f263-4746-8850-a06a1becd7d6@group-88C8CD7CA178-LeaderElection17] INFO  server.RaftServerConfigKeys (ConfUtils.java:logGet(44)) - raft.server.write.element-limit = 4096 (default)
2021-10-13 10:11:10,990 [3e49b098-f263-4746-8850-a06a1becd7d6@group-88C8CD7CA178-LeaderElection17] INFO  server.RaftServerConfigKeys (ConfUtils.java:logGet(44)) - raft.server.write.byte-limit = 64MB (=67108864) (default)
2021-10-13 10:11:10,991 [3e49b098-f263-4746-8850-a06a1becd7d6@group-88C8CD7CA178-LeaderElection17] INFO  server.RaftServerConfigKeys (ConfUtils.java:logGet(44)) - raft.server.watch.timeout = 10s (default)
2021-10-13 10:11:10,991 [3e49b098-f263-4746-8850-a06a1becd7d6@group-88C8CD7CA178-LeaderElection17] INFO  server.RaftServerConfigKeys (ConfUtils.java:logGet(44)) - raft.server.watch.timeout.denomination = 1s (default)
2021-10-13 10:11:10,991 [3e49b098-f263-4746-8850-a06a1becd7d6@group-88C8CD7CA178-LeaderElection17] INFO  server.RaftServerConfigKeys (ConfUtils.java:logGet(44)) - raft.server.watch.element-limit = 65536 (default)
2021-10-13 10:11:10,991 [3e49b098-f263-4746-8850-a06a1becd7d6@group-88C8CD7CA178-LeaderElection17] INFO  impl.RoleInfo (RoleInfo.java:updateAndGet(130)) - 3e49b098-f263-4746-8850-a06a1becd7d6: start 3e49b098-f263-4746-8850-a06a1becd7d6@group-88C8CD7CA178-LeaderStateImpl
2021-10-13 10:11:10,993 [3e49b098-f263-4746-8850-a06a1becd7d6@group-88C8CD7CA178-LeaderElection17] INFO  segmented.SegmentedRaftLogWorker (SegmentedRaftLogWorker.java:startLogSegment(394)) - 3e49b098-f263-4746-8850-a06a1becd7d6@group-88C8CD7CA178-SegmentedRaftLogWorker: Starting segment from index:0
2021-10-13 10:11:10,994 [3e49b098-f263-4746-8850-a06a1becd7d6@group-88C8CD7CA178-SegmentedRaftLogWorker] INFO  segmented.SegmentedRaftLogWorker (SegmentedRaftLogWorker.java:execute(601)) - 3e49b098-f263-4746-8850-a06a1becd7d6@group-88C8CD7CA178-SegmentedRaftLogWorker: created new log segment /home/runner/work/ozone/ozone/hadoop-ozone/integration-test/target/test-dir/MiniOzoneClusterImpl-7a3c196b-86f6-4848-923d-88c8cd7ca178/scmNode-1/scm-ha/7a3c196b-86f6-4848-923d-88c8cd7ca178/current/log_inprogress_0
2021-10-13 10:11:11,007 [3e49b098-f263-4746-8850-a06a1becd7d6@group-88C8CD7CA178-LeaderElection17] INFO  server.RaftServer$Division (ServerState.java:setRaftConf(387)) - 3e49b098-f263-4746-8850-a06a1becd7d6@group-88C8CD7CA178: set configuration 0: [3e49b098-f263-4746-8850-a06a1becd7d6|rpc:localhost:14236|admin:|client:|dataStream:|priority:0], old=null
2021-10-13 10:11:11,025 [EndpointStateMachine task thread for /127.0.0.1:13897 - 0 ] INFO  ipc.Client (Client.java:handleConnectionFailure(977)) - Retrying connect to server: localhost/127.0.0.1:13897. Already tried 7 time(s); retry policy is RetryUpToMaximumCountWithFixedSleep(maxRetries=15, sleepTime=1000 MILLISECONDS)
2021-10-13 10:11:11,320 [EndpointStateMachine task thread for /127.0.0.1:13887 - 0 ] INFO  ipc.Client (Client.java:handleConnectionFailure(977)) - Retrying connect to server: localhost/127.0.0.1:13887. Already tried 4 time(s); retry policy is RetryUpToMaximumCountWithFixedSleep(maxRetries=15, sleepTime=1000 MILLISECONDS)
2021-10-13 10:11:11,321 [EndpointStateMachine task thread for /127.0.0.1:13877 - 0 ] INFO  ipc.Client (Client.java:handleConnectionFailure(977)) - Retrying connect to server: localhost/127.0.0.1:13877. Already tried 7 time(s); retry policy is RetryUpToMaximumCountWithFixedSleep(maxRetries=15, sleepTime=1000 MILLISECONDS)
2021-10-13 10:11:11,905 [Listener at 127.0.0.1/10852] INFO  server.RaftServer (RaftServerProxy.java:lambda$close$6(391)) - 3e49b098-f263-4746-8850-a06a1becd7d6: close
2021-10-13 10:11:11,905 [Listener at 127.0.0.1/10852] INFO  server.RaftServer$Division (RaftServerImpl.java:lambda$close$4(407)) - 3e49b098-f263-4746-8850-a06a1becd7d6@group-88C8CD7CA178: shutdown
2021-10-13 10:11:11,905 [Listener at 127.0.0.1/10852] INFO  util.JmxRegister (JmxRegister.java:unregister(73)) - Successfully un-registered JMX Bean with object name Ratis:service=RaftServer,group=group-88C8CD7CA178,id=3e49b098-f263-4746-8850-a06a1becd7d6
2021-10-13 10:11:11,905 [Listener at 127.0.0.1/10852] INFO  impl.RoleInfo (RoleInfo.java:shutdownLeaderState(91)) - 3e49b098-f263-4746-8850-a06a1becd7d6: shutdown 3e49b098-f263-4746-8850-a06a1becd7d6@group-88C8CD7CA178-LeaderStateImpl
2021-10-13 10:11:11,905 [Listener at 127.0.0.1/10852] INFO  impl.PendingRequests (PendingRequests.java:sendNotLeaderResponses(282)) - 3e49b098-f263-4746-8850-a06a1becd7d6@group-88C8CD7CA178-PendingRequests: sendNotLeaderResponses
2021-10-13 10:11:11,906 [Listener at 127.0.0.1/10852] INFO  impl.StateMachineUpdater (StateMachineUpdater.java:stopAndJoin(149)) - 3e49b098-f263-4746-8850-a06a1becd7d6@group-88C8CD7CA178-StateMachineUpdater: set stopIndex = 0
2021-10-13 10:11:11,906 [3e49b098-f263-4746-8850-a06a1becd7d6@group-88C8CD7CA178-StateMachineUpdater] INFO  impl.StateMachineUpdater (StateMachineUpdater.java:takeSnapshot(281)) - 3e49b098-f263-4746-8850-a06a1becd7d6@group-88C8CD7CA178-StateMachineUpdater: Took a snapshot at index 0
2021-10-13 10:11:11,907 [3e49b098-f263-4746-8850-a06a1becd7d6@group-88C8CD7CA178-StateMachineUpdater] INFO  impl.StateMachineUpdater (StateMachineUpdater.java:lambda$new$0(89)) - 3e49b098-f263-4746-8850-a06a1becd7d6@group-88C8CD7CA178-StateMachineUpdater: snapshotIndex: updateIncreasingly -1 -> 0
2021-10-13 10:11:11,907 [Listener at 127.0.0.1/10852] INFO  server.RaftServer$Division (ServerState.java:close(419)) - 3e49b098-f263-4746-8850-a06a1becd7d6@group-88C8CD7CA178: closes. applyIndex: 0
2021-10-13 10:11:11,907 [3e49b098-f263-4746-8850-a06a1becd7d6@group-88C8CD7CA178-SegmentedRaftLogWorker] INFO  segmented.SegmentedRaftLogWorker (SegmentedRaftLogWorker.java:run(327)) - 3e49b098-f263-4746-8850-a06a1becd7d6@group-88C8CD7CA178-SegmentedRaftLogWorker was interrupted, exiting. There are 0 tasks remaining in the queue.
2021-10-13 10:11:11,908 [Listener at 127.0.0.1/10852] INFO  segmented.SegmentedRaftLogWorker (SegmentedRaftLogWorker.java:close(237)) - 3e49b098-f263-4746-8850-a06a1becd7d6@group-88C8CD7CA178-SegmentedRaftLogWorker close()
2021-10-13 10:11:11,910 [Listener at 127.0.0.1/10852] INFO  server.GrpcService (GrpcService.java:closeImpl(262)) - 3e49b098-f263-4746-8850-a06a1becd7d6: shutdown server with port 14236 now
2021-10-13 10:11:11,912 [Listener at 127.0.0.1/10852] INFO  server.GrpcService (GrpcService.java:closeImpl(271)) - 3e49b098-f263-4746-8850-a06a1becd7d6: shutdown server with port 14236 successfully
2021-10-13 10:11:11,912 [org.apache.ratis.util.JvmPauseMonitor$$Lambda$499/17331878@7e74ee89] INFO  util.JvmPauseMonitor (JvmPauseMonitor.java:run(109)) - JvmPauseMonitor-3e49b098-f263-4746-8850-a06a1becd7d6: Stopped
2021-10-13 10:11:11,912 [Listener at 127.0.0.1/10852] WARN  server.ServerUtils (ServerUtils.java:getScmDbDir(148)) - ozone.scm.db.dirs is not configured. We recommend adding this setting. Falling back to ozone.metadata.dirs instead.
2021-10-13 10:11:11,914 [Listener at 127.0.0.1/10852] INFO  server.StorageContainerManager (StorageContainerManager.java:scmInit(1083)) - SCM initialization succeeded. Current cluster id for sd=/home/runner/work/ozone/ozone/hadoop-ozone/integration-test/target/test-dir/MiniOzoneClusterImpl-7a3c196b-86f6-4848-923d-88c8cd7ca178/scmNode-1/scm; cid=7a3c196b-86f6-4848-923d-88c8cd7ca178; layoutVersion=2; scmId=3e49b098-f263-4746-8850-a06a1becd7d6
2021-10-13 10:11:11,914 [Listener at 127.0.0.1/10852] INFO  ha.SCMHANodeDetails (SCMHANodeDetails.java:loadSCMHAConfig(157)) - ServiceID for StorageContainerManager is scm-service-test1
2021-10-13 10:11:11,914 [Listener at 127.0.0.1/10852] INFO  ha.SCMHANodeDetails (SCMHANodeDetails.java:loadSCMHAConfig(168)) - ServiceID for StorageContainerManager is scm-service-test1
2021-10-13 10:11:11,914 [Listener at 127.0.0.1/10852] WARN  scm.ScmUtils (ScmUtils.java:logWarn(179)) - ConfigKey ozone.scm.block.client.address is deprecated, For configuring different ports for each SCM use PortConfigKey ozone.scm.block.client.port appended with serviceId and nodeId. If want to configure same port configure ozone.scm.block.client.port
2021-10-13 10:11:11,914 [Listener at 127.0.0.1/10852] WARN  scm.ScmUtils (ScmUtils.java:logWarn(179)) - ConfigKey ozone.scm.client.address is deprecated, For configuring different ports for each SCM use PortConfigKey ozone.scm.client.port appended with serviceId and nodeId. If want to configure same port configure ozone.scm.client.port
2021-10-13 10:11:11,914 [Listener at 127.0.0.1/10852] WARN  scm.ScmUtils (ScmUtils.java:logWarn(179)) - ConfigKey ozone.scm.datanode.address is deprecated, For configuring different ports for each SCM use PortConfigKey ozone.scm.datanode.port appended with serviceId and nodeId. If want to configure same port configure ozone.scm.datanode.port
2021-10-13 10:11:11,915 [Listener at 127.0.0.1/10852] WARN  scm.ScmUtils (ScmUtils.java:logWarn(179)) - ConfigKey ozone.scm.block.client.address is deprecated, For configuring different ports for each SCM use PortConfigKey ozone.scm.block.client.port appended with serviceId and nodeId. If want to configure same port configure ozone.scm.block.client.port
2021-10-13 10:11:11,915 [Listener at 127.0.0.1/10852] WARN  scm.ScmUtils (ScmUtils.java:logWarn(179)) - ConfigKey ozone.scm.client.address is deprecated, For configuring different ports for each SCM use PortConfigKey ozone.scm.client.port appended with serviceId and nodeId. If want to configure same port configure ozone.scm.client.port
2021-10-13 10:11:11,915 [Listener at 127.0.0.1/10852] WARN  scm.ScmUtils (ScmUtils.java:logWarn(179)) - ConfigKey ozone.scm.datanode.address is deprecated, For configuring different ports for each SCM use PortConfigKey ozone.scm.datanode.port appended with serviceId and nodeId. If want to configure same port configure ozone.scm.datanode.port
2021-10-13 10:11:11,915 [Listener at 127.0.0.1/10852] INFO  ha.SCMHANodeDetails (SCMHANodeDetails.java:loadSCMHAConfig(250)) - Found matching SCM address with SCMServiceId: scm-service-test1, SCMNodeId: scmNode-1, RPC Address: localhost:14236 and Ratis port: 14236
2021-10-13 10:11:11,915 [Listener at 127.0.0.1/10852] INFO  ha.SCMHANodeDetails (ConfUtils.java:setNodeSpecificConfigs(108)) - Setting configuration key ozone.scm.datanode.address with value of key ozone.scm.datanode.address.scm-service-test1.scmNode-1: 127.0.0.1:14237
2021-10-13 10:11:11,915 [Listener at 127.0.0.1/10852] INFO  ha.SCMHANodeDetails (ConfUtils.java:setNodeSpecificConfigs(108)) - Setting configuration key ozone.scm.block.client.address with value of key ozone.scm.block.client.address.scm-service-test1.scmNode-1: 127.0.0.1:14238
2021-10-13 10:11:11,916 [Listener at 127.0.0.1/10852] INFO  ha.SCMHANodeDetails (ConfUtils.java:setNodeSpecificConfigs(108)) - Setting configuration key ozone.scm.client.address with value of key ozone.scm.client.address.scm-service-test1.scmNode-1: 127.0.0.1:14239
2021-10-13 10:11:11,916 [Listener at 127.0.0.1/10852] INFO  ha.SCMHANodeDetails (ConfUtils.java:setNodeSpecificConfigs(108)) - Setting configuration key ozone.scm.ratis.port with value of key ozone.scm.ratis.port.scm-service-test1.scmNode-1: 14236
2021-10-13 10:11:11,916 [Listener at 127.0.0.1/10852] INFO  ha.SCMHANodeDetails (ConfUtils.java:setNodeSpecificConfigs(108)) - Setting configuration key ozone.scm.grpc.port with value of key ozone.scm.grpc.port.scm-service-test1.scmNode-1: 14240
2021-10-13 10:11:11,916 [Listener at 127.0.0.1/10852] INFO  ha.SCMHANodeDetails (ConfUtils.java:setNodeSpecificConfigs(108)) - Setting configuration key ozone.scm.http-address with value of key ozone.scm.http-address.scm-service-test1.scmNode-1: 127.0.0.1:14234
2021-10-13 10:11:11,916 [Listener at 127.0.0.1/10852] INFO  ha.SCMHANodeDetails (ConfUtils.java:setNodeSpecificConfigs(108)) - Setting configuration key ozone.scm.https-address with value of key ozone.scm.https-address.scm-service-test1.scmNode-1: 127.0.0.1:14235
2021-10-13 10:11:11,916 [Listener at 127.0.0.1/10852] INFO  ha.SCMHANodeDetails (ConfUtils.java:setNodeSpecificConfigs(108)) - Setting configuration key ozone.scm.address with value of key ozone.scm.address.scm-service-test1.scmNode-1: 127.0.0.1
2021-10-13 10:11:11,916 [Listener at 127.0.0.1/10852] WARN  scm.ScmUtils (ScmUtils.java:logWarn(179)) - ConfigKey ozone.scm.block.client.address is deprecated, For configuring different ports for each SCM use PortConfigKey ozone.scm.block.client.port appended with serviceId and nodeId. If want to configure same port configure ozone.scm.block.client.port
2021-10-13 10:11:11,916 [Listener at 127.0.0.1/10852] WARN  scm.ScmUtils (ScmUtils.java:logWarn(179)) - ConfigKey ozone.scm.client.address is deprecated, For configuring different ports for each SCM use PortConfigKey ozone.scm.client.port appended with serviceId and nodeId. If want to configure same port configure ozone.scm.client.port
2021-10-13 10:11:11,917 [Listener at 127.0.0.1/10852] WARN  scm.ScmUtils (ScmUtils.java:logWarn(179)) - ConfigKey ozone.scm.datanode.address is deprecated, For configuring different ports for each SCM use PortConfigKey ozone.scm.datanode.port appended with serviceId and nodeId. If want to configure same port configure ozone.scm.datanode.port
2021-10-13 10:11:11,917 [Listener at 127.0.0.1/10852] WARN  server.ServerUtils (ServerUtils.java:getScmDbDir(148)) - ozone.scm.db.dirs is not configured. We recommend adding this setting. Falling back to ozone.metadata.dirs instead.
2021-10-13 10:11:11,918 [Listener at 127.0.0.1/10852] INFO  upgrade.AbstractLayoutVersionManager (AbstractLayoutVersionManager.java:init(79)) - Initializing Layout version manager with metadata layout = SCM_HA (version = 2), software layout = SCM_HA (version = 2)
2021-10-13 10:11:12,026 [EndpointStateMachine task thread for /127.0.0.1:13897 - 0 ] INFO  ipc.Client (Client.java:handleConnectionFailure(977)) - Retrying connect to server: localhost/127.0.0.1:13897. Already tried 8 time(s); retry policy is RetryUpToMaximumCountWithFixedSleep(maxRetries=15, sleepTime=1000 MILLISECONDS)
2021-10-13 10:11:12,044 [Listener at 127.0.0.1/10852] INFO  reflections.Reflections (Reflections.java:scan(232)) - Reflections took 117 ms to scan 7 urls, producing 119 keys and 278 values 
2021-10-13 10:11:12,057 [Listener at 127.0.0.1/10852] WARN  utils.HAUtils (HAUtils.java:getMetaDir(342)) - ozone.scm.db.dirs is not configured. We recommend adding this setting. Falling back to ozone.metadata.dirs instead.
2021-10-13 10:11:12,060 [Listener at 127.0.0.1/10852] WARN  db.DBStoreBuilder (DBStoreBuilder.java:applyDBDefinition(145)) - ozone.scm.db.dirs is not configured. We recommend adding this setting. Falling back to ozone.metadata.dirs instead.
2021-10-13 10:11:12,174 [Listener at 127.0.0.1/10852] INFO  net.NodeSchemaLoader (NodeSchemaLoader.java:loadSchemaFromFile(129)) - Loading schema from [jar:file:/home/runner/.m2/repository/org/apache/ozone/hdds-common/1.2.0-SNAPSHOT/hdds-common-1.2.0-SNAPSHOT.jar!/network-topology-default.xml]
2021-10-13 10:11:12,175 [Listener at 127.0.0.1/10852] INFO  net.NodeSchemaLoader (NodeSchemaLoader.java:loadSchema(176)) - Loading network topology layer schema file
2021-10-13 10:11:12,181 [Listener at 127.0.0.1/10852] INFO  ha.SCMRatisServerImpl (SCMRatisServerImpl.java:<init>(87)) - starting Raft server for scm:3e49b098-f263-4746-8850-a06a1becd7d6
2021-10-13 10:11:12,183 [Listener at 127.0.0.1/10852] INFO  server.RaftServer (ConfUtils.java:logGet(44)) - raft.rpc.type = GRPC (default)
2021-10-13 10:11:12,183 [Listener at 127.0.0.1/10852] INFO  grpc.GrpcFactory (GrpcFactory.java:checkPooledByteBufAllocatorUseCacheForAllThreads(48)) - PERFORMANCE WARNING: useCacheForAllThreads is true that may cause Netty to create a lot garbage objects and, as a result, trigger GC.
	It is recommended to disable useCacheForAllThreads by setting -Dorg.apache.ratis.thirdparty.io.netty.allocator.useCacheForAllThreads=false in command line.
2021-10-13 10:11:12,184 [Listener at 127.0.0.1/10852] INFO  grpc.GrpcConfigKeys (ConfUtils.java:logGet(44)) - raft.grpc.admin.port = -1 (default)
2021-10-13 10:11:12,184 [Listener at 127.0.0.1/10852] INFO  grpc.GrpcConfigKeys (ConfUtils.java:logGet(44)) - raft.grpc.server.port = 14236 (custom)
2021-10-13 10:11:12,184 [Listener at 127.0.0.1/10852] INFO  grpc.GrpcConfigKeys (ConfUtils.java:logGet(44)) - raft.grpc.client.port = -1 (default)
2021-10-13 10:11:12,184 [Listener at 127.0.0.1/10852] INFO  grpc.GrpcConfigKeys (ConfUtils.java:logGet(44)) - raft.grpc.server.port = 14236 (custom)
2021-10-13 10:11:12,184 [Listener at 127.0.0.1/10852] INFO  grpc.GrpcConfigKeys (ConfUtils.java:logGet(44)) - raft.grpc.server.port = 14236 (custom)
2021-10-13 10:11:12,185 [Listener at 127.0.0.1/10852] INFO  server.GrpcService (ConfUtils.java:logGet(44)) - raft.grpc.message.size.max = 32m (=33554432) (custom)
2021-10-13 10:11:12,185 [Listener at 127.0.0.1/10852] INFO  server.RaftServerConfigKeys (ConfUtils.java:logGet(44)) - raft.server.log.appender.buffer.byte-limit = 33554432 (custom)
2021-10-13 10:11:12,185 [Listener at 127.0.0.1/10852] INFO  server.GrpcService (ConfUtils.java:logGet(44)) - raft.grpc.flow.control.window = 1MB (=1048576) (default)
2021-10-13 10:11:12,185 [Listener at 127.0.0.1/10852] INFO  server.RaftServerConfigKeys (ConfUtils.java:logGet(44)) - raft.server.rpc.request.timeout = 30000ms (custom)
2021-10-13 10:11:12,186 [Listener at 127.0.0.1/10852] INFO  impl.DataStreamServerImpl (ConfUtils.java:logGet(44)) - raft.datastream.type = DISABLED (default)
2021-10-13 10:11:12,187 [Listener at 127.0.0.1/10852] INFO  server.RaftServerConfigKeys (ConfUtils.java:logGet(44)) - raft.server.rpc.slowness.timeout = 120000ms (custom)
2021-10-13 10:11:12,187 [Listener at 127.0.0.1/10852] INFO  server.RaftServerConfigKeys (ConfUtils.java:logGet(44)) - raft.server.leaderelection.leader.step-down.wait-time = 10s (default)
2021-10-13 10:11:12,187 [Listener at 127.0.0.1/10852] INFO  server.RaftServerConfigKeys (ConfUtils.java:logGet(44)) - raft.server.storage.dir = [/home/runner/work/ozone/ozone/hadoop-ozone/integration-test/target/test-dir/MiniOzoneClusterImpl-7a3c196b-86f6-4848-923d-88c8cd7ca178/scmNode-1/scm-ha] (custom)
2021-10-13 10:11:12,187 [Listener at 127.0.0.1/10852] INFO  server.RaftServer (RaftServerProxy.java:lambda$null$1(235)) - 3e49b098-f263-4746-8850-a06a1becd7d6: found a subdirectory /home/runner/work/ozone/ozone/hadoop-ozone/integration-test/target/test-dir/MiniOzoneClusterImpl-7a3c196b-86f6-4848-923d-88c8cd7ca178/scmNode-1/scm-ha/7a3c196b-86f6-4848-923d-88c8cd7ca178
2021-10-13 10:11:12,188 [Listener at 127.0.0.1/10852] INFO  server.RaftServer (RaftServerProxy.java:addNew(95)) - 3e49b098-f263-4746-8850-a06a1becd7d6: addNew group-88C8CD7CA178:[] returns group-88C8CD7CA178:java.util.concurrent.CompletableFuture@323e5176[Not completed]
2021-10-13 10:11:12,188 [pool-190-thread-1] INFO  server.RaftServer$Division (RaftServerImpl.java:<init>(181)) - 3e49b098-f263-4746-8850-a06a1becd7d6: new RaftServerImpl for group-88C8CD7CA178:[] with SCMStateMachine:uninitialized
2021-10-13 10:11:12,196 [pool-190-thread-1] INFO  server.RaftServerConfigKeys (ConfUtils.java:logGet(44)) - raft.server.rpc.timeout.min = 5000ms (custom)
2021-10-13 10:11:12,196 [pool-190-thread-1] INFO  server.RaftServerConfigKeys (ConfUtils.java:logGet(44)) - raft.server.rpc.timeout.max = 5200ms (custom)
2021-10-13 10:11:12,196 [pool-190-thread-1] INFO  server.RaftServerConfigKeys (ConfUtils.java:logGet(44)) - raft.server.rpc.sleep.time = 25ms (default)
2021-10-13 10:11:12,196 [pool-190-thread-1] INFO  server.RaftServerConfigKeys (ConfUtils.java:logGet(44)) - raft.server.rpc.slowness.timeout = 120000ms (custom)
2021-10-13 10:11:12,196 [pool-190-thread-1] INFO  server.RaftServerConfigKeys (ConfUtils.java:logGet(44)) - raft.server.leaderelection.leader.step-down.wait-time = 10s (default)
2021-10-13 10:11:12,196 [pool-190-thread-1] INFO  server.RaftServerConfigKeys (ConfUtils.java:logGet(44)) - raft.server.sleep.deviation.threshold = 300ms (default)
2021-10-13 10:11:12,196 [pool-190-thread-1] INFO  server.RaftServerConfigKeys (ConfUtils.java:logGet(44)) - raft.server.log.appender.install.snapshot.enabled = false (custom)
2021-10-13 10:11:12,196 [pool-190-thread-1] INFO  server.RaftServer$Division (ServerState.java:<init>(105)) - 3e49b098-f263-4746-8850-a06a1becd7d6@group-88C8CD7CA178: ConfigurationManager, init=-1: [], old=null, confs=<EMPTY_MAP>
2021-10-13 10:11:12,197 [pool-190-thread-1] INFO  server.RaftServerConfigKeys (ConfUtils.java:logGet(44)) - raft.server.storage.dir = [/home/runner/work/ozone/ozone/hadoop-ozone/integration-test/target/test-dir/MiniOzoneClusterImpl-7a3c196b-86f6-4848-923d-88c8cd7ca178/scmNode-1/scm-ha] (custom)
2021-10-13 10:11:12,197 [pool-190-thread-1] INFO  server.RaftServerConfigKeys (ConfUtils.java:logGet(44)) - raft.server.log.corruption.policy = EXCEPTION (default)
2021-10-13 10:11:12,197 [pool-190-thread-1] INFO  server.RaftServerConfigKeys (ConfUtils.java:logGet(44)) - raft.server.storage.free-space.min = 0MB (=0) (default)
2021-10-13 10:11:12,198 [pool-190-thread-1] INFO  storage.RaftStorageDirectory (RaftStorageDirectoryImpl.java:tryLock(230)) - Lock on /home/runner/work/ozone/ozone/hadoop-ozone/integration-test/target/test-dir/MiniOzoneClusterImpl-7a3c196b-86f6-4848-923d-88c8cd7ca178/scmNode-1/scm-ha/7a3c196b-86f6-4848-923d-88c8cd7ca178/in_use.lock acquired by nodename 26829@fv-az395-254
2021-10-13 10:11:12,198 [pool-190-thread-1] INFO  storage.RaftStorage (RaftStorageImpl.java:analyzeAndRecoverStorage(110)) - Read RaftStorageMetadata{term=1, votedFor=3e49b098-f263-4746-8850-a06a1becd7d6} from /home/runner/work/ozone/ozone/hadoop-ozone/integration-test/target/test-dir/MiniOzoneClusterImpl-7a3c196b-86f6-4848-923d-88c8cd7ca178/scmNode-1/scm-ha/7a3c196b-86f6-4848-923d-88c8cd7ca178/current/raft-meta
2021-10-13 10:11:12,199 [pool-190-thread-1] INFO  server.RaftServer$Division (ServerState.java:setRaftConf(387)) - 3e49b098-f263-4746-8850-a06a1becd7d6@group-88C8CD7CA178: set configuration 0: [3e49b098-f263-4746-8850-a06a1becd7d6|rpc:localhost:14236|admin:|client:|dataStream:|priority:0], old=null
2021-10-13 10:11:12,199 [pool-190-thread-1] INFO  server.RaftServerConfigKeys (ConfUtils.java:logGet(44)) - raft.server.notification.no-leader.timeout = 60s (default)
2021-10-13 10:11:12,199 [pool-190-thread-1] INFO  server.RaftServerConfigKeys (ConfUtils.java:logGet(44)) - raft.server.log.use.memory = false (default)
2021-10-13 10:11:12,199 [pool-190-thread-1] INFO  server.RaftServerConfigKeys (ConfUtils.java:logGet(44)) - raft.server.log.purge.gap = 5 (custom)
2021-10-13 10:11:12,199 [pool-190-thread-1] INFO  server.RaftServerConfigKeys (ConfUtils.java:logGet(44)) - raft.server.log.appender.buffer.byte-limit = 33554432 (custom)
2021-10-13 10:11:12,199 [pool-190-thread-1] INFO  server.RaftServerConfigKeys (ConfUtils.java:logGet(44)) - raft.server.log.segment.size.max = 16384 (custom)
2021-10-13 10:11:12,200 [pool-190-thread-1] INFO  server.RaftServerConfigKeys (ConfUtils.java:logGet(44)) - raft.server.log.segment.cache.num.max = 2 (custom)
2021-10-13 10:11:12,200 [pool-190-thread-1] INFO  server.RaftServerConfigKeys (ConfUtils.java:logGet(44)) - raft.server.log.segment.cache.size.max = 200MB (=209715200) (default)
2021-10-13 10:11:12,200 [pool-190-thread-1] INFO  segmented.SegmentedRaftLogWorker (SegmentedRaftLogWorker.java:<init>(182)) - new 3e49b098-f263-4746-8850-a06a1becd7d6@group-88C8CD7CA178-SegmentedRaftLogWorker for RaftStorageImpl:Storage Directory /home/runner/work/ozone/ozone/hadoop-ozone/integration-test/target/test-dir/MiniOzoneClusterImpl-7a3c196b-86f6-4848-923d-88c8cd7ca178/scmNode-1/scm-ha/7a3c196b-86f6-4848-923d-88c8cd7ca178
2021-10-13 10:11:12,200 [pool-190-thread-1] INFO  server.RaftServerConfigKeys (ConfUtils.java:logGet(44)) - raft.server.log.queue.byte-limit = 64MB (=67108864) (default)
2021-10-13 10:11:12,200 [pool-190-thread-1] INFO  server.RaftServerConfigKeys (ConfUtils.java:logGet(44)) - raft.server.log.queue.element-limit = 4096 (default)
2021-10-13 10:11:12,200 [pool-190-thread-1] INFO  server.RaftServerConfigKeys (ConfUtils.java:logGet(44)) - raft.server.log.segment.size.max = 16384 (custom)
2021-10-13 10:11:12,200 [pool-190-thread-1] INFO  server.RaftServerConfigKeys (ConfUtils.java:logGet(44)) - raft.server.log.preallocated.size = 16384 (custom)
2021-10-13 10:11:12,200 [pool-190-thread-1] INFO  server.RaftServerConfigKeys (ConfUtils.java:logGet(44)) - raft.server.log.force.sync.num = 128 (default)
2021-10-13 10:11:12,200 [pool-190-thread-1] INFO  server.RaftServerConfigKeys (ConfUtils.java:logGet(44)) - raft.server.log.statemachine.data.sync = true (default)
2021-10-13 10:11:12,200 [pool-190-thread-1] INFO  server.RaftServerConfigKeys (ConfUtils.java:logGet(44)) - raft.server.log.statemachine.data.sync.timeout = 10s (default)
2021-10-13 10:11:12,200 [pool-190-thread-1] INFO  server.RaftServerConfigKeys (ConfUtils.java:logGet(44)) - raft.server.log.statemachine.data.sync.timeout.retry = -1 (default)
2021-10-13 10:11:12,201 [pool-190-thread-1] INFO  server.RaftServerConfigKeys (ConfUtils.java:logGet(44)) - raft.server.log.write.buffer.size = 64KB (=65536) (default)
2021-10-13 10:11:12,204 [pool-190-thread-1] INFO  server.RaftServerConfigKeys (ConfUtils.java:logGet(44)) - raft.server.log.statemachine.data.caching.enabled = false (default)
2021-10-13 10:11:12,212 [pool-190-thread-1] INFO  server.RaftServer$Division (ServerState.java:setRaftConf(387)) - 3e49b098-f263-4746-8850-a06a1becd7d6@group-88C8CD7CA178: set configuration 0: [3e49b098-f263-4746-8850-a06a1becd7d6|rpc:localhost:14236|admin:|client:|dataStream:|priority:0], old=null
2021-10-13 10:11:12,212 [pool-190-thread-1] INFO  segmented.LogSegment (LogSegment.java:loadSegment(173)) - Successfully read 1 entries from segment file /home/runner/work/ozone/ozone/hadoop-ozone/integration-test/target/test-dir/MiniOzoneClusterImpl-7a3c196b-86f6-4848-923d-88c8cd7ca178/scmNode-1/scm-ha/7a3c196b-86f6-4848-923d-88c8cd7ca178/current/log_inprogress_0
2021-10-13 10:11:12,212 [pool-190-thread-1] INFO  segmented.SegmentedRaftLogWorker (SegmentedRaftLogWorker.java:lambda$new$0(133)) - 3e49b098-f263-4746-8850-a06a1becd7d6@group-88C8CD7CA178-SegmentedRaftLogWorker: flushIndex: setUnconditionally 0 -> 0
2021-10-13 10:11:12,212 [pool-190-thread-1] INFO  segmented.SegmentedRaftLogWorker (SegmentedRaftLogWorker.java:lambda$new$0(133)) - 3e49b098-f263-4746-8850-a06a1becd7d6@group-88C8CD7CA178-SegmentedRaftLogWorker: safeCacheEvictIndex: setUnconditionally 0 -> -1
2021-10-13 10:11:12,220 [pool-190-thread-1] INFO  server.RaftServerConfigKeys (ConfUtils.java:logGet(44)) - raft.server.snapshot.auto.trigger.enabled = true (custom)
2021-10-13 10:11:12,220 [pool-190-thread-1] INFO  server.RaftServerConfigKeys (ConfUtils.java:logGet(44)) - raft.server.snapshot.auto.trigger.threshold = 5 (custom)
2021-10-13 10:11:12,220 [pool-190-thread-1] INFO  server.RaftServerConfigKeys (ConfUtils.java:logGet(44)) - raft.server.snapshot.retention.file.num = -1 (default)
2021-10-13 10:11:12,220 [pool-190-thread-1] INFO  server.RaftServerConfigKeys (ConfUtils.java:logGet(44)) - raft.server.log.purge.upto.snapshot.index = true (custom)
2021-10-13 10:11:12,220 [pool-190-thread-1] INFO  server.RaftServerConfigKeys (ConfUtils.java:logGet(44)) - raft.server.retrycache.expirytime = 60000ms (default)
2021-10-13 10:11:12,220 [pool-190-thread-1] INFO  server.RaftServerConfigKeys (ConfUtils.java:logGet(44)) - raft.server.retrycache.statistics.expirytime = 100μs (default)
2021-10-13 10:11:12,221 [Listener at 127.0.0.1/10852] INFO  ha.SCMSnapshotProvider (SCMSnapshotProvider.java:<init>(66)) - Initializing SCM Snapshot Provider
2021-10-13 10:11:12,222 [Listener at 127.0.0.1/10852] WARN  server.ServerUtils (ServerUtils.java:getDefaultRatisDirectory(237)) - Storage directory for Ratis is not configured. It is a good idea to map this to an SSD disk. Falling back to ozone.metadata.dirs
2021-10-13 10:11:12,222 [Listener at 127.0.0.1/10852] WARN  ha.SCMHAUtils (SCMHAUtils.java:getSCMRatisSnapshotDirectory(146)) - SCM snapshot dir is not configured. Falling back to ozone.metadata.dirs config
2021-10-13 10:11:12,223 [Listener at 127.0.0.1/10852] INFO  ha.SequenceIdGenerator (SequenceIdGenerator.java:upgradeToSequenceId(347)) - upgrade localId to 107544261427200000
2021-10-13 10:11:12,224 [Listener at 127.0.0.1/10852] INFO  ha.SequenceIdGenerator (SequenceIdGenerator.java:upgradeToSequenceId(357)) - upgrade delTxnId to 0
2021-10-13 10:11:12,224 [Listener at 127.0.0.1/10852] INFO  ha.SequenceIdGenerator (SequenceIdGenerator.java:upgradeToSequenceId(371)) - upgrade containerId to 0
2021-10-13 10:11:12,224 [Listener at 127.0.0.1/10852] INFO  ha.SequenceIdGenerator (SequenceIdGenerator.java:<init>(218)) - Init the HA SequenceIdGenerator.
2021-10-13 10:11:12,225 [Listener at 127.0.0.1/10852] INFO  node.SCMNodeManager (SCMNodeManager.java:<init>(144)) - Entering startup safe mode.
2021-10-13 10:11:12,225 [Listener at 127.0.0.1/10852] INFO  algorithms.ContainerPlacementPolicyFactory (ContainerPlacementPolicyFactory.java:getPolicy(60)) - Create container placement policy of type org.apache.hadoop.hdds.scm.container.placement.algorithms.SCMContainerPlacementRandom
2021-10-13 10:11:12,226 [Listener at 127.0.0.1/10852] INFO  pipeline.PipelineStateManagerImpl (PipelineStateManagerImpl.java:initialize(78)) - No pipeline exists in current db
2021-10-13 10:11:12,226 [Listener at 127.0.0.1/10852] INFO  algorithms.LeaderChoosePolicyFactory (LeaderChoosePolicyFactory.java:getPolicy(57)) - Create leader choose policy of type org.apache.hadoop.hdds.scm.pipeline.leader.choose.algorithms.MinLeaderCountChoosePolicy
2021-10-13 10:11:12,226 [Listener at 127.0.0.1/10852] INFO  ha.SCMServiceManager (SCMServiceManager.java:register(43)) - Registering service BackgroundPipelineCreator.
2021-10-13 10:11:12,226 [Listener at 127.0.0.1/10852] INFO  pipeline.BackgroundPipelineCreator (BackgroundPipelineCreator.java:start(130)) - Starting RatisPipelineUtilsThread.
2021-10-13 10:11:12,233 [Listener at 127.0.0.1/10852] INFO  algorithms.PipelineChoosePolicyFactory (PipelineChoosePolicyFactory.java:createPipelineChoosePolicyFromClass(73)) - Create pipeline choose policy of type org.apache.hadoop.hdds.scm.pipeline.choose.algorithms.RandomPipelineChoosePolicy
2021-10-13 10:11:12,233 [Listener at 127.0.0.1/10852] INFO  ha.SCMServiceManager (SCMServiceManager.java:register(43)) - Registering service SCMBlockDeletingService.
2021-10-13 10:11:12,240 [Listener at 127.0.0.1/10852] INFO  ha.SCMServiceManager (SCMServiceManager.java:register(43)) - Registering service ReplicationManager.
2021-10-13 10:11:12,240 [Listener at 127.0.0.1/10852] INFO  container.ReplicationManager (ReplicationManager.java:start(319)) - Starting Replication Monitor Thread.
2021-10-13 10:11:12,244 [Listener at 127.0.0.1/10852] INFO  safemode.ContainerSafeModeRule (ContainerSafeModeRule.java:<init>(89)) - containers with one replica threshold count 0
2021-10-13 10:11:12,245 [Listener at 127.0.0.1/10852] INFO  safemode.HealthyPipelineSafeModeRule (HealthyPipelineSafeModeRule.java:initializeRule(156)) - Total pipeline count is 0, healthy pipeline threshold count is 1
2021-10-13 10:11:12,245 [Listener at 127.0.0.1/10852] INFO  safemode.OneReplicaPipelineSafeModeRule (OneReplicaPipelineSafeModeRule.java:initializeRule(180)) - Total pipeline count is 0, pipeline's with at least one datanode reported threshold count is 0
2021-10-13 10:11:12,256 [ReplicationMonitor] INFO  container.ReplicationManager (ReplicationManager.java:processAll(371)) - Replication Monitor Thread took 0 milliseconds for processing 0 containers.
2021-10-13 10:11:12,256 [Listener at 127.0.0.1/10852] INFO  ipc.CallQueueManager (CallQueueManager.java:<init>(90)) - Using callQueue: class java.util.concurrent.LinkedBlockingQueue, queueCapacity: 10000, scheduler: class org.apache.hadoop.ipc.DefaultRpcScheduler, ipcBackoff: false.
2021-10-13 10:11:12,264 [Socket Reader #1 for port 14237] INFO  ipc.Server (Server.java:run(1265)) - Starting Socket Reader #1 for port 14237
2021-10-13 10:11:12,270 [Listener at 0.0.0.0/14237] INFO  ipc.CallQueueManager (CallQueueManager.java:<init>(90)) - Using callQueue: class java.util.concurrent.LinkedBlockingQueue, queueCapacity: 10000, scheduler: class org.apache.hadoop.ipc.DefaultRpcScheduler, ipcBackoff: false.
2021-10-13 10:11:12,276 [Socket Reader #1 for port 14238] INFO  ipc.Server (Server.java:run(1265)) - Starting Socket Reader #1 for port 14238
2021-10-13 10:11:12,277 [Listener at 0.0.0.0/14238] INFO  ipc.CallQueueManager (CallQueueManager.java:<init>(90)) - Using callQueue: class java.util.concurrent.LinkedBlockingQueue, queueCapacity: 10000, scheduler: class org.apache.hadoop.ipc.DefaultRpcScheduler, ipcBackoff: false.
2021-10-13 10:11:12,278 [Socket Reader #1 for port 14239] INFO  ipc.Server (Server.java:run(1265)) - Starting Socket Reader #1 for port 14239
2021-10-13 10:11:12,321 [EndpointStateMachine task thread for /127.0.0.1:13877 - 0 ] INFO  ipc.Client (Client.java:handleConnectionFailure(977)) - Retrying connect to server: localhost/127.0.0.1:13877. Already tried 8 time(s); retry policy is RetryUpToMaximumCountWithFixedSleep(maxRetries=15, sleepTime=1000 MILLISECONDS)
2021-10-13 10:11:12,322 [EndpointStateMachine task thread for /127.0.0.1:13887 - 0 ] INFO  ipc.Client (Client.java:handleConnectionFailure(977)) - Retrying connect to server: localhost/127.0.0.1:13887. Already tried 5 time(s); retry policy is RetryUpToMaximumCountWithFixedSleep(maxRetries=15, sleepTime=1000 MILLISECONDS)
2021-10-13 10:11:12,336 [Listener at 0.0.0.0/14239] INFO  algorithms.ContainerPlacementPolicyFactory (ContainerPlacementPolicyFactory.java:getPolicy(60)) - Create container placement policy of type org.apache.hadoop.hdds.scm.container.placement.algorithms.SCMContainerPlacementRandom
2021-10-13 10:11:12,337 [Listener at 0.0.0.0/14239] INFO  server.StorageContainerManager (StorageContainerManager.java:<init>(388)) - 
Container Balancer status:
Key                            Value
Running                        false
Container Balancer Configuration values:
Key                                                Value
Threshold                                          0.1
Max Datanodes to Involve per Iteration(ratio)      0.2
Max Size to Move per Iteration                     32212254720B

2021-10-13 10:11:12,337 [Listener at 0.0.0.0/14239] WARN  events.EventQueue (EventQueue.java:fireEvent(194)) - No event handler registered for event TypedEvent{payloadType=SafeModeStatus, name='Safe mode status'}
2021-10-13 10:11:12,337 [Listener at 0.0.0.0/14239] INFO  ha.SCMContext (SCMContext.java:updateSafeModeStatus(205)) - Update SafeModeStatus from SafeModeStatus{safeModeStatus=true, preCheckPassed=false} to SafeModeStatus{safeModeStatus=true, preCheckPassed=false}.
2021-10-13 10:11:12,338 [Listener at 0.0.0.0/14239] INFO  server.StorageContainerManager (StorageContainerManager.java:start(1303)) - StorageContainerLocationProtocol RPC server is listening at /0.0.0.0:14239
2021-10-13 10:11:12,338 [Listener at 0.0.0.0/14239] INFO  ha.SCMRatisServerImpl (SCMRatisServerImpl.java:start(177)) - starting ratis server 0.0.0.0:14236
2021-10-13 10:11:12,338 [Listener at 0.0.0.0/14239] INFO  server.RaftServer$Division (RaftServerImpl.java:start(296)) - 3e49b098-f263-4746-8850-a06a1becd7d6@group-88C8CD7CA178: start as a follower, conf=0: [3e49b098-f263-4746-8850-a06a1becd7d6|rpc:localhost:14236|admin:|client:|dataStream:|priority:0], old=null
2021-10-13 10:11:12,338 [Listener at 0.0.0.0/14239] INFO  server.RaftServer$Division (RaftServerImpl.java:setRole(285)) - 3e49b098-f263-4746-8850-a06a1becd7d6@group-88C8CD7CA178: changes role from      null to FOLLOWER at term 1 for startAsFollower
2021-10-13 10:11:12,338 [Listener at 0.0.0.0/14239] INFO  impl.RoleInfo (RoleInfo.java:updateAndGet(130)) - 3e49b098-f263-4746-8850-a06a1becd7d6: start 3e49b098-f263-4746-8850-a06a1becd7d6@group-88C8CD7CA178-FollowerState
2021-10-13 10:11:12,348 [Listener at 0.0.0.0/14239] INFO  util.JmxRegister (JmxRegister.java:tryRegister(44)) - Successfully registered JMX Bean with object name Ratis:service=RaftServer,group=group-88C8CD7CA178,id=3e49b098-f263-4746-8850-a06a1becd7d6
2021-10-13 10:11:12,356 [Listener at 0.0.0.0/14239] INFO  server.RaftServer (RaftServerProxy.java:lambda$start$5(374)) - 3e49b098-f263-4746-8850-a06a1becd7d6: start RPC server
2021-10-13 10:11:12,357 [Listener at 0.0.0.0/14239] INFO  server.GrpcService (GrpcService.java:startImpl(253)) - 3e49b098-f263-4746-8850-a06a1becd7d6: GrpcService started, listening on 14236
2021-10-13 10:11:12,361 [Listener at 0.0.0.0/14239] INFO  ha.SCMHAManagerImpl (SCMHAManagerImpl.java:start(120)) -  scm role is FOLLOWER peers [3e49b098-f263-4746-8850-a06a1becd7d6|rpc:localhost:14236|admin:|client:|dataStream:|priority:0]
2021-10-13 10:11:12,362 [Listener at 0.0.0.0/14239] INFO  ha.InterSCMGrpcService (InterSCMGrpcProtocolService.java:start(94)) - Starting SCM Grpc Service at port 14240
2021-10-13 10:11:12,363 [Listener at 0.0.0.0/14239] WARN  impl.MetricsConfig (MetricsConfig.java:loadFirst(136)) - Cannot locate configuration: tried hadoop-metrics2-storagecontainermanager.properties,hadoop-metrics2.properties
2021-10-13 10:11:12,364 [org.apache.ratis.util.JvmPauseMonitor$$Lambda$499/17331878@7b3556d7] INFO  util.JvmPauseMonitor (JvmPauseMonitor.java:run(103)) - JvmPauseMonitor-3e49b098-f263-4746-8850-a06a1becd7d6: Started
2021-10-13 10:11:12,372 [Listener at 0.0.0.0/14239] INFO  impl.MetricsSystemImpl (MetricsSystemImpl.java:startTimer(378)) - Scheduled Metric snapshot period at 10 second(s).
2021-10-13 10:11:12,372 [Listener at 0.0.0.0/14239] INFO  impl.MetricsSystemImpl (MetricsSystemImpl.java:start(191)) - StorageContainerManager metrics system started
2021-10-13 10:11:12,387 [Listener at 0.0.0.0/14239] INFO  impl.MetricsSinkAdapter (MetricsSinkAdapter.java:start(204)) - Sink prometheus started
2021-10-13 10:11:12,392 [Listener at 0.0.0.0/14239] INFO  impl.MetricsSystemImpl (MetricsSystemImpl.java:registerSink(305)) - Registered sink prometheus
2021-10-13 10:11:12,435 [Listener at 0.0.0.0/14239] INFO  server.SCMClientProtocolServer (SCMClientProtocolServer.java:start(164)) - RPC server for Client  is listening at /0.0.0.0:14239
2021-10-13 10:11:12,462 [IPC Server listener on 14239] INFO  ipc.Server (Server.java:run(1344)) - IPC Server listener on 14239: starting
2021-10-13 10:11:12,462 [IPC Server Responder] INFO  ipc.Server (Server.java:run(1507)) - IPC Server Responder: starting
2021-10-13 10:11:12,547 [Listener at 0.0.0.0/14239] INFO  server.StorageContainerManager (StorageContainerManager.java:start(1318)) - ScmBlockLocationProtocol RPC server is listening at /0.0.0.0:14238
2021-10-13 10:11:12,548 [Listener at 0.0.0.0/14239] INFO  server.SCMBlockProtocolServer (SCMBlockProtocolServer.java:start(151)) - RPC server for Block Protocol is listening at /0.0.0.0:14238
2021-10-13 10:11:12,551 [IPC Server Responder] INFO  ipc.Server (Server.java:run(1507)) - IPC Server Responder: starting
2021-10-13 10:11:12,551 [IPC Server listener on 14238] INFO  ipc.Server (Server.java:run(1344)) - IPC Server listener on 14238: starting
2021-10-13 10:11:12,575 [Listener at 0.0.0.0/14239] INFO  server.StorageContainerManager (StorageContainerManager.java:start(1324)) - ScmDatanodeProtocl RPC server is listening at /0.0.0.0:14237
2021-10-13 10:11:12,580 [Listener at 0.0.0.0/14239] INFO  http.BaseHttpServer (BaseHttpServer.java:newHttpServer2BuilderForOzone(209)) - Starting Web-server for scm at: http://0.0.0.0:14234
2021-10-13 10:11:12,580 [Listener at 0.0.0.0/14239] INFO  http.BaseHttpServer (BaseHttpServer.java:<init>(107)) - Hadoop Security Enabled: false Ozone Security Enabled: false Ozone HTTP Security Enabled: false 
2021-10-13 10:11:12,582 [Listener at 0.0.0.0/14239] INFO  server.AuthenticationFilter (AuthenticationFilter.java:constructSecretProvider(240)) - Unable to initialize FileSignerSecretProvider, falling back to use random secrets.
2021-10-13 10:11:12,588 [org.apache.hadoop.util.JvmPauseMonitor$Monitor@29b8a9a9] INFO  util.JvmPauseMonitor (JvmPauseMonitor.java:run(188)) - Starting JVM pause monitor
2021-10-13 10:11:12,592 [Listener at 0.0.0.0/14239] WARN  http.HttpRequestLog (HttpRequestLog.java:getRequestLog(103)) - Jetty request log can only be enabled using Log4j
2021-10-13 10:11:12,593 [Listener at 0.0.0.0/14239] INFO  http.HttpServer2 (HttpServer2.java:addGlobalFilter(1030)) - Added global filter 'safety' (class=org.apache.hadoop.hdds.server.http.HttpServer2$QuotingInputFilter)
2021-10-13 10:11:12,594 [Listener at 0.0.0.0/14239] INFO  http.HttpServer2 (HttpServer2.java:addFilter(1006)) - Added filter static_user_filter (class=org.apache.hadoop.http.lib.StaticUserWebFilter$StaticUserFilter) to context scm
2021-10-13 10:11:12,594 [Listener at 0.0.0.0/14239] INFO  http.HttpServer2 (HttpServer2.java:addFilter(1014)) - Added filter static_user_filter (class=org.apache.hadoop.http.lib.StaticUserWebFilter$StaticUserFilter) to context static
2021-10-13 10:11:12,594 [Listener at 0.0.0.0/14239] INFO  http.HttpServer2 (HttpServer2.java:addFilter(1014)) - Added filter static_user_filter (class=org.apache.hadoop.http.lib.StaticUserWebFilter$StaticUserFilter) to context logs
2021-10-13 10:11:12,595 [Listener at 0.0.0.0/14239] INFO  http.HttpServer2 (HttpServer2.java:bindListener(1249)) - Jetty bound to port 14234
2021-10-13 10:11:12,595 [Listener at 0.0.0.0/14239] INFO  server.Server (Server.java:doStart(375)) - jetty-9.4.43.v20210629; built: 2021-06-30T11:07:22.254Z; git: 526006ecfa3af7f1a27ef3a288e2bef7ea9dd7e8; jvm 1.8.0_292-b10
2021-10-13 10:11:12,634 [Listener at 0.0.0.0/14239] INFO  server.session (DefaultSessionIdManager.java:doStart(334)) - DefaultSessionIdManager workerName=node0
2021-10-13 10:11:12,634 [Listener at 0.0.0.0/14239] INFO  server.session (DefaultSessionIdManager.java:doStart(339)) - No SessionScavenger set, using defaults
2021-10-13 10:11:12,634 [Listener at 0.0.0.0/14239] INFO  server.session (HouseKeeper.java:startScavenging(132)) - node0 Scavenging every 660000ms
2021-10-13 10:11:12,649 [Listener at 0.0.0.0/14239] INFO  handler.ContextHandler (ContextHandler.java:doStart(915)) - Started o.e.j.s.ServletContextHandler@4544bccb{logs,/logs,file:///home/runner/work/ozone/ozone/hadoop-ozone/integration-test/target/log,AVAILABLE}
2021-10-13 10:11:12,649 [Listener at 0.0.0.0/14239] INFO  handler.ContextHandler (ContextHandler.java:doStart(915)) - Started o.e.j.s.ServletContextHandler@493f14e7{static,/static,file:///home/runner/work/ozone/ozone/hadoop-ozone/integration-test/target/test-classes/webapps/static,AVAILABLE}
2021-10-13 10:11:12,653 [Listener at 0.0.0.0/14239] INFO  handler.ContextHandler (ContextHandler.java:doStart(915)) - Started o.e.j.w.WebAppContext@3cbe75ce{scm,/,file:///home/runner/work/ozone/ozone/hadoop-ozone/integration-test/target/test-classes/webapps/scm/,AVAILABLE}{file:/home/runner/work/ozone/ozone/hadoop-ozone/integration-test/target/test-classes/webapps/scm}
2021-10-13 10:11:12,657 [Listener at 0.0.0.0/14239] INFO  server.AbstractConnector (AbstractConnector.java:doStart(331)) - Started ServerConnector@f03d81a{HTTP/1.1, (http/1.1)}{0.0.0.0:14234}
2021-10-13 10:11:12,657 [Listener at 0.0.0.0/14239] INFO  server.Server (Server.java:doStart(415)) - Started @78415ms
2021-10-13 10:11:12,657 [Listener at 0.0.0.0/14239] WARN  impl.MetricsSystemImpl (MetricsSystemImpl.java:register(279)) - Sink prometheus already exists!
2021-10-13 10:11:12,658 [Listener at 0.0.0.0/14239] INFO  http.BaseHttpServer (BaseHttpServer.java:updateConnectorAddress(329)) - HTTP server of scm listening at http://0.0.0.0:14234
2021-10-13 10:11:12,658 [Listener at 0.0.0.0/14239] INFO  ozone.MiniOzoneHAClusterImpl (MiniOzoneHAClusterImpl.java:createSCMService(564)) - Started SCM RPC server at org.apache.hadoop.hdds.scm.server.SCMClientProtocolServer@b945c43
2021-10-13 10:11:12,659 [Listener at 0.0.0.0/14239] INFO  ha.SCMHANodeDetails (SCMHANodeDetails.java:loadSCMHAConfig(157)) - ServiceID for StorageContainerManager is scm-service-test1
2021-10-13 10:11:12,659 [Listener at 0.0.0.0/14239] INFO  ha.SCMHANodeDetails (SCMHANodeDetails.java:loadSCMHAConfig(168)) - ServiceID for StorageContainerManager is scm-service-test1
2021-10-13 10:11:12,659 [Listener at 0.0.0.0/14239] WARN  scm.ScmUtils (ScmUtils.java:logWarn(179)) - ConfigKey ozone.scm.block.client.address is deprecated, For configuring different ports for each SCM use PortConfigKey ozone.scm.block.client.port appended with serviceId and nodeId. If want to configure same port configure ozone.scm.block.client.port
2021-10-13 10:11:12,659 [Listener at 0.0.0.0/14239] WARN  scm.ScmUtils (ScmUtils.java:logWarn(179)) - ConfigKey ozone.scm.client.address is deprecated, For configuring different ports for each SCM use PortConfigKey ozone.scm.client.port appended with serviceId and nodeId. If want to configure same port configure ozone.scm.client.port
2021-10-13 10:11:12,659 [Listener at 0.0.0.0/14239] WARN  scm.ScmUtils (ScmUtils.java:logWarn(179)) - ConfigKey ozone.scm.datanode.address is deprecated, For configuring different ports for each SCM use PortConfigKey ozone.scm.datanode.port appended with serviceId and nodeId. If want to configure same port configure ozone.scm.datanode.port
2021-10-13 10:11:12,660 [Listener at 0.0.0.0/14239] WARN  scm.ScmUtils (ScmUtils.java:logWarn(179)) - ConfigKey ozone.scm.block.client.address is deprecated, For configuring different ports for each SCM use PortConfigKey ozone.scm.block.client.port appended with serviceId and nodeId. If want to configure same port configure ozone.scm.block.client.port
2021-10-13 10:11:12,660 [Listener at 0.0.0.0/14239] WARN  scm.ScmUtils (ScmUtils.java:logWarn(179)) - ConfigKey ozone.scm.client.address is deprecated, For configuring different ports for each SCM use PortConfigKey ozone.scm.client.port appended with serviceId and nodeId. If want to configure same port configure ozone.scm.client.port
2021-10-13 10:11:12,660 [Listener at 0.0.0.0/14239] WARN  scm.ScmUtils (ScmUtils.java:logWarn(179)) - ConfigKey ozone.scm.datanode.address is deprecated, For configuring different ports for each SCM use PortConfigKey ozone.scm.datanode.port appended with serviceId and nodeId. If want to configure same port configure ozone.scm.datanode.port
2021-10-13 10:11:12,660 [Listener at 0.0.0.0/14239] INFO  ha.SCMHANodeDetails (SCMHANodeDetails.java:loadSCMHAConfig(250)) - Found matching SCM address with SCMServiceId: scm-service-test1, SCMNodeId: scmNode-2, RPC Address: localhost:14246 and Ratis port: 14246
2021-10-13 10:11:12,660 [Listener at 0.0.0.0/14239] INFO  ha.SCMHANodeDetails (ConfUtils.java:setNodeSpecificConfigs(108)) - Setting configuration key ozone.scm.datanode.address with value of key ozone.scm.datanode.address.scm-service-test1.scmNode-2: 127.0.0.1:14247
2021-10-13 10:11:12,661 [Listener at 0.0.0.0/14239] INFO  ha.SCMHANodeDetails (ConfUtils.java:setNodeSpecificConfigs(108)) - Setting configuration key ozone.scm.block.client.address with value of key ozone.scm.block.client.address.scm-service-test1.scmNode-2: 127.0.0.1:14248
2021-10-13 10:11:12,661 [Listener at 0.0.0.0/14239] INFO  ha.SCMHANodeDetails (ConfUtils.java:setNodeSpecificConfigs(108)) - Setting configuration key ozone.scm.client.address with value of key ozone.scm.client.address.scm-service-test1.scmNode-2: 127.0.0.1:14249
2021-10-13 10:11:12,661 [Listener at 0.0.0.0/14239] INFO  ha.SCMHANodeDetails (ConfUtils.java:setNodeSpecificConfigs(108)) - Setting configuration key ozone.scm.ratis.port with value of key ozone.scm.ratis.port.scm-service-test1.scmNode-2: 14246
2021-10-13 10:11:12,661 [Listener at 0.0.0.0/14239] INFO  ha.SCMHANodeDetails (ConfUtils.java:setNodeSpecificConfigs(108)) - Setting configuration key ozone.scm.grpc.port with value of key ozone.scm.grpc.port.scm-service-test1.scmNode-2: 14250
2021-10-13 10:11:12,661 [Listener at 0.0.0.0/14239] INFO  ha.SCMHANodeDetails (ConfUtils.java:setNodeSpecificConfigs(108)) - Setting configuration key ozone.scm.http-address with value of key ozone.scm.http-address.scm-service-test1.scmNode-2: 127.0.0.1:14244
2021-10-13 10:11:12,661 [Listener at 0.0.0.0/14239] INFO  ha.SCMHANodeDetails (ConfUtils.java:setNodeSpecificConfigs(108)) - Setting configuration key ozone.scm.https-address with value of key ozone.scm.https-address.scm-service-test1.scmNode-2: 127.0.0.1:14245
2021-10-13 10:11:12,661 [Listener at 0.0.0.0/14239] INFO  ha.SCMHANodeDetails (ConfUtils.java:setNodeSpecificConfigs(108)) - Setting configuration key ozone.scm.address with value of key ozone.scm.address.scm-service-test1.scmNode-2: 127.0.0.1
2021-10-13 10:11:12,662 [Listener at 0.0.0.0/14239] WARN  scm.ScmUtils (ScmUtils.java:logWarn(179)) - ConfigKey ozone.scm.block.client.address is deprecated, For configuring different ports for each SCM use PortConfigKey ozone.scm.block.client.port appended with serviceId and nodeId. If want to configure same port configure ozone.scm.block.client.port
2021-10-13 10:11:12,670 [Listener at 0.0.0.0/14239] WARN  scm.ScmUtils (ScmUtils.java:logWarn(179)) - ConfigKey ozone.scm.client.address is deprecated, For configuring different ports for each SCM use PortConfigKey ozone.scm.client.port appended with serviceId and nodeId. If want to configure same port configure ozone.scm.client.port
2021-10-13 10:11:12,670 [Listener at 0.0.0.0/14239] WARN  scm.ScmUtils (ScmUtils.java:logWarn(179)) - ConfigKey ozone.scm.datanode.address is deprecated, For configuring different ports for each SCM use PortConfigKey ozone.scm.datanode.port appended with serviceId and nodeId. If want to configure same port configure ozone.scm.datanode.port
2021-10-13 10:11:12,670 [Listener at 0.0.0.0/14239] WARN  server.ServerUtils (ServerUtils.java:getScmDbDir(148)) - ozone.scm.db.dirs is not configured. We recommend adding this setting. Falling back to ozone.metadata.dirs instead.
2021-10-13 10:11:12,672 [Listener at 0.0.0.0/14239] INFO  ha.SCMNodeInfo (SCMNodeInfo.java:getPort(197)) - ConfigKey ozone.scm.client.address is deprecated, For configuring different ports for each SCM use PortConfigKey ozone.scm.client.port appended with serviceId and nodeId
2021-10-13 10:11:12,676 [Listener at 0.0.0.0/14239] INFO  ha.SCMNodeInfo (SCMNodeInfo.java:getPort(197)) - ConfigKey ozone.scm.block.client.address is deprecated, For configuring different ports for each SCM use PortConfigKey ozone.scm.block.client.port appended with serviceId and nodeId
2021-10-13 10:11:12,676 [Listener at 0.0.0.0/14239] INFO  ha.SCMNodeInfo (SCMNodeInfo.java:getPort(197)) - ConfigKey ozone.scm.datanode.address is deprecated, For configuring different ports for each SCM use PortConfigKey ozone.scm.datanode.port appended with serviceId and nodeId
2021-10-13 10:11:12,676 [Listener at 0.0.0.0/14239] INFO  ha.SCMNodeInfo (SCMNodeInfo.java:getPort(197)) - ConfigKey ozone.scm.client.address is deprecated, For configuring different ports for each SCM use PortConfigKey ozone.scm.client.port appended with serviceId and nodeId
2021-10-13 10:11:12,676 [Listener at 0.0.0.0/14239] INFO  ha.SCMNodeInfo (SCMNodeInfo.java:getPort(197)) - ConfigKey ozone.scm.block.client.address is deprecated, For configuring different ports for each SCM use PortConfigKey ozone.scm.block.client.port appended with serviceId and nodeId
2021-10-13 10:11:12,677 [Listener at 0.0.0.0/14239] INFO  ha.SCMNodeInfo (SCMNodeInfo.java:getPort(197)) - ConfigKey ozone.scm.datanode.address is deprecated, For configuring different ports for each SCM use PortConfigKey ozone.scm.datanode.port appended with serviceId and nodeId
2021-10-13 10:11:12,677 [Listener at 0.0.0.0/14239] INFO  ha.SCMNodeInfo (SCMNodeInfo.java:getPort(197)) - ConfigKey ozone.scm.client.address is deprecated, For configuring different ports for each SCM use PortConfigKey ozone.scm.client.port appended with serviceId and nodeId
2021-10-13 10:11:12,677 [Listener at 0.0.0.0/14239] INFO  ha.SCMNodeInfo (SCMNodeInfo.java:getPort(197)) - ConfigKey ozone.scm.block.client.address is deprecated, For configuring different ports for each SCM use PortConfigKey ozone.scm.block.client.port appended with serviceId and nodeId
2021-10-13 10:11:12,677 [Listener at 0.0.0.0/14239] INFO  ha.SCMNodeInfo (SCMNodeInfo.java:getPort(197)) - ConfigKey ozone.scm.datanode.address is deprecated, For configuring different ports for each SCM use PortConfigKey ozone.scm.datanode.port appended with serviceId and nodeId
2021-10-13 10:11:13,026 [EndpointStateMachine task thread for /127.0.0.1:13897 - 0 ] INFO  ipc.Client (Client.java:handleConnectionFailure(977)) - Retrying connect to server: localhost/127.0.0.1:13897. Already tried 9 time(s); retry policy is RetryUpToMaximumCountWithFixedSleep(maxRetries=15, sleepTime=1000 MILLISECONDS)
2021-10-13 10:11:13,322 [EndpointStateMachine task thread for /127.0.0.1:13877 - 0 ] INFO  ipc.Client (Client.java:handleConnectionFailure(977)) - Retrying connect to server: localhost/127.0.0.1:13877. Already tried 9 time(s); retry policy is RetryUpToMaximumCountWithFixedSleep(maxRetries=15, sleepTime=1000 MILLISECONDS)
2021-10-13 10:11:13,322 [EndpointStateMachine task thread for /127.0.0.1:13887 - 0 ] INFO  ipc.Client (Client.java:handleConnectionFailure(977)) - Retrying connect to server: localhost/127.0.0.1:13887. Already tried 6 time(s); retry policy is RetryUpToMaximumCountWithFixedSleep(maxRetries=15, sleepTime=1000 MILLISECONDS)
2021-10-13 10:11:14,027 [EndpointStateMachine task thread for /127.0.0.1:13897 - 0 ] INFO  ipc.Client (Client.java:handleConnectionFailure(977)) - Retrying connect to server: localhost/127.0.0.1:13897. Already tried 10 time(s); retry policy is RetryUpToMaximumCountWithFixedSleep(maxRetries=15, sleepTime=1000 MILLISECONDS)
2021-10-13 10:11:14,322 [EndpointStateMachine task thread for /127.0.0.1:13877 - 0 ] INFO  ipc.Client (Client.java:handleConnectionFailure(977)) - Retrying connect to server: localhost/127.0.0.1:13877. Already tried 10 time(s); retry policy is RetryUpToMaximumCountWithFixedSleep(maxRetries=15, sleepTime=1000 MILLISECONDS)
2021-10-13 10:11:14,323 [EndpointStateMachine task thread for /127.0.0.1:13887 - 0 ] INFO  ipc.Client (Client.java:handleConnectionFailure(977)) - Retrying connect to server: localhost/127.0.0.1:13887. Already tried 7 time(s); retry policy is RetryUpToMaximumCountWithFixedSleep(maxRetries=15, sleepTime=1000 MILLISECONDS)
2021-10-13 10:11:14,705 [Listener at 0.0.0.0/14239] INFO  retry.RetryInvocationHandler (RetryInvocationHandler.java:log(411)) - com.google.protobuf.ServiceException: java.net.ConnectException: Call From fv-az395-254/10.1.0.44 to localhost:14248 failed on connection exception: java.net.ConnectException: Connection refused; For more details see:  http://wiki.apache.org/hadoop/ConnectionRefused, while invoking $Proxy39.send over nodeId=scmNode-2,nodeAddress=/127.0.0.1:14248 after 1 failover attempts. Trying to failover after sleeping for 2000ms.
2021-10-13 10:11:15,028 [EndpointStateMachine task thread for /127.0.0.1:13897 - 0 ] INFO  ipc.Client (Client.java:handleConnectionFailure(977)) - Retrying connect to server: localhost/127.0.0.1:13897. Already tried 11 time(s); retry policy is RetryUpToMaximumCountWithFixedSleep(maxRetries=15, sleepTime=1000 MILLISECONDS)
2021-10-13 10:11:15,323 [EndpointStateMachine task thread for /127.0.0.1:13877 - 0 ] INFO  ipc.Client (Client.java:handleConnectionFailure(977)) - Retrying connect to server: localhost/127.0.0.1:13877. Already tried 11 time(s); retry policy is RetryUpToMaximumCountWithFixedSleep(maxRetries=15, sleepTime=1000 MILLISECONDS)
2021-10-13 10:11:15,323 [EndpointStateMachine task thread for /127.0.0.1:13887 - 0 ] INFO  ipc.Client (Client.java:handleConnectionFailure(977)) - Retrying connect to server: localhost/127.0.0.1:13887. Already tried 8 time(s); retry policy is RetryUpToMaximumCountWithFixedSleep(maxRetries=15, sleepTime=1000 MILLISECONDS)
2021-10-13 10:11:16,029 [EndpointStateMachine task thread for /127.0.0.1:13897 - 0 ] INFO  ipc.Client (Client.java:handleConnectionFailure(977)) - Retrying connect to server: localhost/127.0.0.1:13897. Already tried 12 time(s); retry policy is RetryUpToMaximumCountWithFixedSleep(maxRetries=15, sleepTime=1000 MILLISECONDS)
2021-10-13 10:11:16,324 [EndpointStateMachine task thread for /127.0.0.1:13877 - 0 ] INFO  ipc.Client (Client.java:handleConnectionFailure(977)) - Retrying connect to server: localhost/127.0.0.1:13877. Already tried 12 time(s); retry policy is RetryUpToMaximumCountWithFixedSleep(maxRetries=15, sleepTime=1000 MILLISECONDS)
2021-10-13 10:11:16,324 [EndpointStateMachine task thread for /127.0.0.1:13887 - 0 ] INFO  ipc.Client (Client.java:handleConnectionFailure(977)) - Retrying connect to server: localhost/127.0.0.1:13887. Already tried 9 time(s); retry policy is RetryUpToMaximumCountWithFixedSleep(maxRetries=15, sleepTime=1000 MILLISECONDS)
2021-10-13 10:11:16,706 [Listener at 0.0.0.0/14239] INFO  retry.RetryInvocationHandler (RetryInvocationHandler.java:log(411)) - com.google.protobuf.ServiceException: java.net.ConnectException: Call From fv-az395-254/10.1.0.44 to localhost:14258 failed on connection exception: java.net.ConnectException: Connection refused; For more details see:  http://wiki.apache.org/hadoop/ConnectionRefused, while invoking $Proxy39.send over nodeId=scmNode-3,nodeAddress=/127.0.0.1:14258 after 2 failover attempts. Trying to failover after sleeping for 2000ms.
2021-10-13 10:11:17,029 [EndpointStateMachine task thread for /127.0.0.1:13897 - 0 ] INFO  ipc.Client (Client.java:handleConnectionFailure(977)) - Retrying connect to server: localhost/127.0.0.1:13897. Already tried 13 time(s); retry policy is RetryUpToMaximumCountWithFixedSleep(maxRetries=15, sleepTime=1000 MILLISECONDS)
2021-10-13 10:11:17,324 [EndpointStateMachine task thread for /127.0.0.1:13877 - 0 ] INFO  ipc.Client (Client.java:handleConnectionFailure(977)) - Retrying connect to server: localhost/127.0.0.1:13877. Already tried 13 time(s); retry policy is RetryUpToMaximumCountWithFixedSleep(maxRetries=15, sleepTime=1000 MILLISECONDS)
2021-10-13 10:11:17,325 [EndpointStateMachine task thread for /127.0.0.1:13887 - 0 ] INFO  ipc.Client (Client.java:handleConnectionFailure(977)) - Retrying connect to server: localhost/127.0.0.1:13887. Already tried 10 time(s); retry policy is RetryUpToMaximumCountWithFixedSleep(maxRetries=15, sleepTime=1000 MILLISECONDS)
2021-10-13 10:11:17,494 [3e49b098-f263-4746-8850-a06a1becd7d6@group-88C8CD7CA178-FollowerState] INFO  impl.FollowerState (FollowerState.java:run(134)) - 3e49b098-f263-4746-8850-a06a1becd7d6@group-88C8CD7CA178-FollowerState: change to CANDIDATE, lastRpcElapsedTime:5155798177ns, electionTimeout:5145ms
2021-10-13 10:11:17,494 [3e49b098-f263-4746-8850-a06a1becd7d6@group-88C8CD7CA178-FollowerState] INFO  impl.RoleInfo (RoleInfo.java:shutdownFollowerState(108)) - 3e49b098-f263-4746-8850-a06a1becd7d6: shutdown 3e49b098-f263-4746-8850-a06a1becd7d6@group-88C8CD7CA178-FollowerState
2021-10-13 10:11:17,494 [3e49b098-f263-4746-8850-a06a1becd7d6@group-88C8CD7CA178-FollowerState] INFO  server.RaftServer$Division (RaftServerImpl.java:setRole(285)) - 3e49b098-f263-4746-8850-a06a1becd7d6@group-88C8CD7CA178: changes role from  FOLLOWER to CANDIDATE at term 1 for changeToCandidate
2021-10-13 10:11:17,495 [3e49b098-f263-4746-8850-a06a1becd7d6@group-88C8CD7CA178-FollowerState] INFO  server.RaftServerConfigKeys (ConfUtils.java:logGet(44)) - raft.server.leaderelection.pre-vote = false (custom)
2021-10-13 10:11:17,495 [3e49b098-f263-4746-8850-a06a1becd7d6@group-88C8CD7CA178-FollowerState] INFO  impl.RoleInfo (RoleInfo.java:updateAndGet(130)) - 3e49b098-f263-4746-8850-a06a1becd7d6: start 3e49b098-f263-4746-8850-a06a1becd7d6@group-88C8CD7CA178-LeaderElection18
2021-10-13 10:11:17,505 [3e49b098-f263-4746-8850-a06a1becd7d6@group-88C8CD7CA178-LeaderElection18] INFO  impl.LeaderElection (LeaderElection.java:askForVotes(306)) - 3e49b098-f263-4746-8850-a06a1becd7d6@group-88C8CD7CA178-LeaderElection18 ELECTION round 0: submit vote requests at term 2 for 0: [3e49b098-f263-4746-8850-a06a1becd7d6|rpc:localhost:14236|admin:|client:|dataStream:|priority:0], old=null
2021-10-13 10:11:17,505 [3e49b098-f263-4746-8850-a06a1becd7d6@group-88C8CD7CA178-LeaderElection18] INFO  impl.LeaderElection (LeaderElection.java:askForVotes(308)) - 3e49b098-f263-4746-8850-a06a1becd7d6@group-88C8CD7CA178-LeaderElection18 ELECTION round 0: result PASSED (term=2)
2021-10-13 10:11:17,505 [3e49b098-f263-4746-8850-a06a1becd7d6@group-88C8CD7CA178-LeaderElection18] INFO  impl.RoleInfo (RoleInfo.java:shutdownLeaderElection(121)) - 3e49b098-f263-4746-8850-a06a1becd7d6: shutdown 3e49b098-f263-4746-8850-a06a1becd7d6@group-88C8CD7CA178-LeaderElection18
2021-10-13 10:11:17,505 [3e49b098-f263-4746-8850-a06a1becd7d6@group-88C8CD7CA178-LeaderElection18] INFO  server.RaftServer$Division (RaftServerImpl.java:setRole(285)) - 3e49b098-f263-4746-8850-a06a1becd7d6@group-88C8CD7CA178: changes role from CANDIDATE to LEADER at term 2 for changeToLeader
2021-10-13 10:11:17,505 [3e49b098-f263-4746-8850-a06a1becd7d6@group-88C8CD7CA178-LeaderElection18] INFO  ha.SCMStateMachine (SCMStateMachine.java:notifyLeaderChanged(252)) - current SCM becomes leader of term 2.
2021-10-13 10:11:17,505 [3e49b098-f263-4746-8850-a06a1becd7d6@group-88C8CD7CA178-LeaderElection18] INFO  ha.SCMContext (SCMContext.java:updateLeaderAndTerm(88)) - update <isLeader,term> from <false,0> to <true,2>
2021-10-13 10:11:17,505 [3e49b098-f263-4746-8850-a06a1becd7d6@group-88C8CD7CA178-LeaderElection18] INFO  server.RaftServer$Division (ServerState.java:setLeader(285)) - 3e49b098-f263-4746-8850-a06a1becd7d6@group-88C8CD7CA178: change Leader from null to 3e49b098-f263-4746-8850-a06a1becd7d6 at term 2 for becomeLeader, leader elected after 5306ms
2021-10-13 10:11:17,505 [3e49b098-f263-4746-8850-a06a1becd7d6@group-88C8CD7CA178-LeaderElection18] INFO  server.RaftServerConfigKeys (ConfUtils.java:logGet(44)) - raft.server.staging.catchup.gap = 1000 (default)
2021-10-13 10:11:17,506 [3e49b098-f263-4746-8850-a06a1becd7d6@group-88C8CD7CA178-LeaderElection18] INFO  server.RaftServerConfigKeys (ConfUtils.java:logGet(44)) - raft.server.write.element-limit = 4096 (default)
2021-10-13 10:11:17,506 [3e49b098-f263-4746-8850-a06a1becd7d6@group-88C8CD7CA178-LeaderElection18] INFO  server.RaftServerConfigKeys (ConfUtils.java:logGet(44)) - raft.server.write.byte-limit = 64MB (=67108864) (default)
2021-10-13 10:11:17,506 [3e49b098-f263-4746-8850-a06a1becd7d6@group-88C8CD7CA178-LeaderElection18] INFO  server.RaftServerConfigKeys (ConfUtils.java:logGet(44)) - raft.server.watch.timeout = 10s (default)
2021-10-13 10:11:17,506 [3e49b098-f263-4746-8850-a06a1becd7d6@group-88C8CD7CA178-LeaderElection18] INFO  server.RaftServerConfigKeys (ConfUtils.java:logGet(44)) - raft.server.watch.timeout.denomination = 1s (default)
2021-10-13 10:11:17,506 [3e49b098-f263-4746-8850-a06a1becd7d6@group-88C8CD7CA178-LeaderElection18] INFO  server.RaftServerConfigKeys (ConfUtils.java:logGet(44)) - raft.server.watch.element-limit = 65536 (default)
2021-10-13 10:11:17,506 [3e49b098-f263-4746-8850-a06a1becd7d6@group-88C8CD7CA178-LeaderElection18] INFO  impl.RoleInfo (RoleInfo.java:updateAndGet(130)) - 3e49b098-f263-4746-8850-a06a1becd7d6: start 3e49b098-f263-4746-8850-a06a1becd7d6@group-88C8CD7CA178-LeaderStateImpl
2021-10-13 10:11:17,507 [3e49b098-f263-4746-8850-a06a1becd7d6@group-88C8CD7CA178-LeaderElection18] INFO  segmented.SegmentedRaftLogWorker (SegmentedRaftLogWorker.java:rollLogSegment(399)) - 3e49b098-f263-4746-8850-a06a1becd7d6@group-88C8CD7CA178-SegmentedRaftLogWorker: Rolling segment log-0_0 to index:0
2021-10-13 10:11:17,508 [3e49b098-f263-4746-8850-a06a1becd7d6@group-88C8CD7CA178-SegmentedRaftLogWorker] INFO  segmented.SegmentedRaftLogWorker (SegmentedRaftLogWorker.java:execute(558)) - 3e49b098-f263-4746-8850-a06a1becd7d6@group-88C8CD7CA178-SegmentedRaftLogWorker: Rolled log segment from /home/runner/work/ozone/ozone/hadoop-ozone/integration-test/target/test-dir/MiniOzoneClusterImpl-7a3c196b-86f6-4848-923d-88c8cd7ca178/scmNode-1/scm-ha/7a3c196b-86f6-4848-923d-88c8cd7ca178/current/log_inprogress_0 to /home/runner/work/ozone/ozone/hadoop-ozone/integration-test/target/test-dir/MiniOzoneClusterImpl-7a3c196b-86f6-4848-923d-88c8cd7ca178/scmNode-1/scm-ha/7a3c196b-86f6-4848-923d-88c8cd7ca178/current/log_0-0
2021-10-13 10:11:17,516 [3e49b098-f263-4746-8850-a06a1becd7d6@group-88C8CD7CA178-LeaderElection18] INFO  server.RaftServer$Division (ServerState.java:setRaftConf(387)) - 3e49b098-f263-4746-8850-a06a1becd7d6@group-88C8CD7CA178: set configuration 1: [3e49b098-f263-4746-8850-a06a1becd7d6|rpc:localhost:14236|admin:|client:|dataStream:|priority:0], old=null
2021-10-13 10:11:17,519 [3e49b098-f263-4746-8850-a06a1becd7d6@group-88C8CD7CA178-SegmentedRaftLogWorker] INFO  segmented.SegmentedRaftLogWorker (SegmentedRaftLogWorker.java:execute(601)) - 3e49b098-f263-4746-8850-a06a1becd7d6@group-88C8CD7CA178-SegmentedRaftLogWorker: created new log segment /home/runner/work/ozone/ozone/hadoop-ozone/integration-test/target/test-dir/MiniOzoneClusterImpl-7a3c196b-86f6-4848-923d-88c8cd7ca178/scmNode-1/scm-ha/7a3c196b-86f6-4848-923d-88c8cd7ca178/current/log_inprogress_1
2021-10-13 10:11:17,525 [3e49b098-f263-4746-8850-a06a1becd7d6@group-88C8CD7CA178-StateMachineUpdater] INFO  ha.SCMContext (SCMContext.java:setLeaderReady(115)) - update <isLeaderReady> from <false> to <true>
2021-10-13 10:11:17,526 [3e49b098-f263-4746-8850-a06a1becd7d6@group-88C8CD7CA178-StateMachineUpdater] INFO  pipeline.BackgroundPipelineCreator (BackgroundPipelineCreator.java:notifyStatusChanged(264)) - Service BackgroundPipelineCreator transitions to RUNNING.
2021-10-13 10:11:17,526 [3e49b098-f263-4746-8850-a06a1becd7d6@group-88C8CD7CA178-StateMachineUpdater] INFO  safemode.HealthyPipelineSafeModeRule (HealthyPipelineSafeModeRule.java:initializeRule(152)) - Refreshed total pipeline count is 0, healthy pipeline threshold count is 1
2021-10-13 10:11:17,527 [3e49b098-f263-4746-8850-a06a1becd7d6@group-88C8CD7CA178-StateMachineUpdater] INFO  safemode.ContainerSafeModeRule (ContainerSafeModeRule.java:reInitializeRule(177)) - Refreshed one replica container threshold 0, currentThreshold 0
2021-10-13 10:11:17,527 [3e49b098-f263-4746-8850-a06a1becd7d6@group-88C8CD7CA178-StateMachineUpdater] INFO  safemode.OneReplicaPipelineSafeModeRule (OneReplicaPipelineSafeModeRule.java:initializeRule(176)) - Refreshed Total pipeline count is 0, pipeline's with at least one datanode reported threshold count is 0
2021-10-13 10:11:17,527 [3e49b098-f263-4746-8850-a06a1becd7d6@group-88C8CD7CA178-StateMachineUpdater] INFO  server.SCMDatanodeProtocolServer (SCMDatanodeProtocolServer.java:start(181)) - RPC server for DataNodes is listening at /0.0.0.0:14237
2021-10-13 10:11:17,540 [IPC Server listener on 14237] INFO  ipc.Server (Server.java:run(1344)) - IPC Server listener on 14237: starting
2021-10-13 10:11:17,551 [IPC Server Responder] INFO  ipc.Server (Server.java:run(1507)) - IPC Server Responder: starting
2021-10-13 10:11:18,030 [EndpointStateMachine task thread for /127.0.0.1:13897 - 0 ] INFO  ipc.Client (Client.java:handleConnectionFailure(977)) - Retrying connect to server: localhost/127.0.0.1:13897. Already tried 14 time(s); retry policy is RetryUpToMaximumCountWithFixedSleep(maxRetries=15, sleepTime=1000 MILLISECONDS)
2021-10-13 10:11:18,325 [EndpointStateMachine task thread for /127.0.0.1:13877 - 0 ] INFO  ipc.Client (Client.java:handleConnectionFailure(977)) - Retrying connect to server: localhost/127.0.0.1:13877. Already tried 14 time(s); retry policy is RetryUpToMaximumCountWithFixedSleep(maxRetries=15, sleepTime=1000 MILLISECONDS)
2021-10-13 10:11:18,325 [EndpointStateMachine task thread for /127.0.0.1:13887 - 0 ] INFO  ipc.Client (Client.java:handleConnectionFailure(977)) - Retrying connect to server: localhost/127.0.0.1:13887. Already tried 11 time(s); retry policy is RetryUpToMaximumCountWithFixedSleep(maxRetries=15, sleepTime=1000 MILLISECONDS)
2021-10-13 10:11:18,714 [Listener at 0.0.0.0/14239] INFO  server.StorageContainerManager (StorageContainerManager.java:scmBootstrap(987)) - SCM BootStrap  is successful for ClusterID 7a3c196b-86f6-4848-923d-88c8cd7ca178, SCMID f92345f7-de12-4b3d-8fd2-3689378a4141
2021-10-13 10:11:18,714 [Listener at 0.0.0.0/14239] INFO  server.StorageContainerManager (StorageContainerManager.java:scmBootstrap(989)) - Primary SCM Node ID 3e49b098-f263-4746-8850-a06a1becd7d6
2021-10-13 10:11:18,714 [Listener at 0.0.0.0/14239] INFO  ha.SCMHANodeDetails (SCMHANodeDetails.java:loadSCMHAConfig(157)) - ServiceID for StorageContainerManager is scm-service-test1
2021-10-13 10:11:18,714 [Listener at 0.0.0.0/14239] INFO  ha.SCMHANodeDetails (SCMHANodeDetails.java:loadSCMHAConfig(168)) - ServiceID for StorageContainerManager is scm-service-test1
2021-10-13 10:11:18,714 [Listener at 0.0.0.0/14239] WARN  scm.ScmUtils (ScmUtils.java:logWarn(179)) - ConfigKey ozone.scm.block.client.address is deprecated, For configuring different ports for each SCM use PortConfigKey ozone.scm.block.client.port appended with serviceId and nodeId. If want to configure same port configure ozone.scm.block.client.port
2021-10-13 10:11:18,715 [Listener at 0.0.0.0/14239] WARN  scm.ScmUtils (ScmUtils.java:logWarn(179)) - ConfigKey ozone.scm.client.address is deprecated, For configuring different ports for each SCM use PortConfigKey ozone.scm.client.port appended with serviceId and nodeId. If want to configure same port configure ozone.scm.client.port
2021-10-13 10:11:18,715 [Listener at 0.0.0.0/14239] WARN  scm.ScmUtils (ScmUtils.java:logWarn(179)) - ConfigKey ozone.scm.datanode.address is deprecated, For configuring different ports for each SCM use PortConfigKey ozone.scm.datanode.port appended with serviceId and nodeId. If want to configure same port configure ozone.scm.datanode.port
2021-10-13 10:11:18,715 [Listener at 0.0.0.0/14239] WARN  scm.ScmUtils (ScmUtils.java:logWarn(179)) - ConfigKey ozone.scm.block.client.address is deprecated, For configuring different ports for each SCM use PortConfigKey ozone.scm.block.client.port appended with serviceId and nodeId. If want to configure same port configure ozone.scm.block.client.port
2021-10-13 10:11:18,715 [Listener at 0.0.0.0/14239] WARN  scm.ScmUtils (ScmUtils.java:logWarn(179)) - ConfigKey ozone.scm.client.address is deprecated, For configuring different ports for each SCM use PortConfigKey ozone.scm.client.port appended with serviceId and nodeId. If want to configure same port configure ozone.scm.client.port
2021-10-13 10:11:18,715 [Listener at 0.0.0.0/14239] WARN  scm.ScmUtils (ScmUtils.java:logWarn(179)) - ConfigKey ozone.scm.datanode.address is deprecated, For configuring different ports for each SCM use PortConfigKey ozone.scm.datanode.port appended with serviceId and nodeId. If want to configure same port configure ozone.scm.datanode.port
2021-10-13 10:11:18,715 [Listener at 0.0.0.0/14239] INFO  ha.SCMHANodeDetails (SCMHANodeDetails.java:loadSCMHAConfig(250)) - Found matching SCM address with SCMServiceId: scm-service-test1, SCMNodeId: scmNode-2, RPC Address: localhost:14246 and Ratis port: 14246
2021-10-13 10:11:18,715 [Listener at 0.0.0.0/14239] INFO  ha.SCMHANodeDetails (ConfUtils.java:setNodeSpecificConfigs(108)) - Setting configuration key ozone.scm.datanode.address with value of key ozone.scm.datanode.address.scm-service-test1.scmNode-2: 127.0.0.1:14247
2021-10-13 10:11:18,716 [Listener at 0.0.0.0/14239] INFO  ha.SCMHANodeDetails (ConfUtils.java:setNodeSpecificConfigs(108)) - Setting configuration key ozone.scm.block.client.address with value of key ozone.scm.block.client.address.scm-service-test1.scmNode-2: 127.0.0.1:14248
2021-10-13 10:11:18,716 [Listener at 0.0.0.0/14239] INFO  ha.SCMHANodeDetails (ConfUtils.java:setNodeSpecificConfigs(108)) - Setting configuration key ozone.scm.client.address with value of key ozone.scm.client.address.scm-service-test1.scmNode-2: 127.0.0.1:14249
2021-10-13 10:11:18,716 [Listener at 0.0.0.0/14239] INFO  ha.SCMHANodeDetails (ConfUtils.java:setNodeSpecificConfigs(108)) - Setting configuration key ozone.scm.ratis.port with value of key ozone.scm.ratis.port.scm-service-test1.scmNode-2: 14246
2021-10-13 10:11:18,716 [Listener at 0.0.0.0/14239] INFO  ha.SCMHANodeDetails (ConfUtils.java:setNodeSpecificConfigs(108)) - Setting configuration key ozone.scm.grpc.port with value of key ozone.scm.grpc.port.scm-service-test1.scmNode-2: 14250
2021-10-13 10:11:18,716 [Listener at 0.0.0.0/14239] INFO  ha.SCMHANodeDetails (ConfUtils.java:setNodeSpecificConfigs(108)) - Setting configuration key ozone.scm.http-address with value of key ozone.scm.http-address.scm-service-test1.scmNode-2: 127.0.0.1:14244
2021-10-13 10:11:18,716 [Listener at 0.0.0.0/14239] INFO  ha.SCMHANodeDetails (ConfUtils.java:setNodeSpecificConfigs(108)) - Setting configuration key ozone.scm.https-address with value of key ozone.scm.https-address.scm-service-test1.scmNode-2: 127.0.0.1:14245
2021-10-13 10:11:18,716 [Listener at 0.0.0.0/14239] INFO  ha.SCMHANodeDetails (ConfUtils.java:setNodeSpecificConfigs(108)) - Setting configuration key ozone.scm.address with value of key ozone.scm.address.scm-service-test1.scmNode-2: 127.0.0.1
2021-10-13 10:11:18,716 [Listener at 0.0.0.0/14239] WARN  scm.ScmUtils (ScmUtils.java:logWarn(179)) - ConfigKey ozone.scm.block.client.address is deprecated, For configuring different ports for each SCM use PortConfigKey ozone.scm.block.client.port appended with serviceId and nodeId. If want to configure same port configure ozone.scm.block.client.port
2021-10-13 10:11:18,718 [Listener at 0.0.0.0/14239] WARN  scm.ScmUtils (ScmUtils.java:logWarn(179)) - ConfigKey ozone.scm.client.address is deprecated, For configuring different ports for each SCM use PortConfigKey ozone.scm.client.port appended with serviceId and nodeId. If want to configure same port configure ozone.scm.client.port
2021-10-13 10:11:18,720 [Listener at 0.0.0.0/14239] WARN  scm.ScmUtils (ScmUtils.java:logWarn(179)) - ConfigKey ozone.scm.datanode.address is deprecated, For configuring different ports for each SCM use PortConfigKey ozone.scm.datanode.port appended with serviceId and nodeId. If want to configure same port configure ozone.scm.datanode.port
2021-10-13 10:11:18,726 [Listener at 0.0.0.0/14239] WARN  server.ServerUtils (ServerUtils.java:getScmDbDir(148)) - ozone.scm.db.dirs is not configured. We recommend adding this setting. Falling back to ozone.metadata.dirs instead.
2021-10-13 10:11:18,729 [Listener at 0.0.0.0/14239] INFO  upgrade.AbstractLayoutVersionManager (AbstractLayoutVersionManager.java:init(79)) - Initializing Layout version manager with metadata layout = SCM_HA (version = 2), software layout = SCM_HA (version = 2)
2021-10-13 10:11:18,868 [Listener at 0.0.0.0/14239] INFO  reflections.Reflections (Reflections.java:scan(232)) - Reflections took 131 ms to scan 7 urls, producing 119 keys and 278 values 
2021-10-13 10:11:18,871 [Listener at 0.0.0.0/14239] WARN  utils.HAUtils (HAUtils.java:getMetaDir(342)) - ozone.scm.db.dirs is not configured. We recommend adding this setting. Falling back to ozone.metadata.dirs instead.
2021-10-13 10:11:18,873 [Listener at 0.0.0.0/14239] WARN  db.DBStoreBuilder (DBStoreBuilder.java:applyDBDefinition(145)) - ozone.scm.db.dirs is not configured. We recommend adding this setting. Falling back to ozone.metadata.dirs instead.
2021-10-13 10:11:19,031 [EndpointStateMachine task thread for /127.0.0.1:13897 - 0 ] INFO  ipc.Client (Client.java:handleConnectionFailure(977)) - Retrying connect to server: localhost/127.0.0.1:13897. Already tried 0 time(s); retry policy is RetryUpToMaximumCountWithFixedSleep(maxRetries=15, sleepTime=1000 MILLISECONDS)
2021-10-13 10:11:19,063 [Listener at 0.0.0.0/14239] INFO  net.NodeSchemaLoader (NodeSchemaLoader.java:loadSchemaFromFile(129)) - Loading schema from [jar:file:/home/runner/.m2/repository/org/apache/ozone/hdds-common/1.2.0-SNAPSHOT/hdds-common-1.2.0-SNAPSHOT.jar!/network-topology-default.xml]
2021-10-13 10:11:19,063 [Listener at 0.0.0.0/14239] INFO  net.NodeSchemaLoader (NodeSchemaLoader.java:loadSchema(176)) - Loading network topology layer schema file
2021-10-13 10:11:19,067 [Listener at 0.0.0.0/14239] WARN  impl.MetricRegistriesImpl (MetricRegistriesImpl.java:addReporterRegistration(111)) - New reporters are added after registries were created. Some metrics will be missing from the reporter. Please add reporter before adding any new registry.
2021-10-13 10:11:19,067 [Listener at 0.0.0.0/14239] WARN  impl.MetricRegistriesImpl (MetricRegistriesImpl.java:addReporterRegistration(111)) - New reporters are added after registries were created. Some metrics will be missing from the reporter. Please add reporter before adding any new registry.
2021-10-13 10:11:19,068 [Listener at 0.0.0.0/14239] INFO  ha.SCMRatisServerImpl (SCMRatisServerImpl.java:<init>(87)) - starting Raft server for scm:f92345f7-de12-4b3d-8fd2-3689378a4141
2021-10-13 10:11:19,069 [Listener at 0.0.0.0/14239] INFO  server.RaftServer (ConfUtils.java:logGet(44)) - raft.rpc.type = GRPC (default)
2021-10-13 10:11:19,069 [Listener at 0.0.0.0/14239] INFO  grpc.GrpcFactory (GrpcFactory.java:checkPooledByteBufAllocatorUseCacheForAllThreads(48)) - PERFORMANCE WARNING: useCacheForAllThreads is true that may cause Netty to create a lot garbage objects and, as a result, trigger GC.
	It is recommended to disable useCacheForAllThreads by setting -Dorg.apache.ratis.thirdparty.io.netty.allocator.useCacheForAllThreads=false in command line.
2021-10-13 10:11:19,069 [Listener at 0.0.0.0/14239] INFO  grpc.GrpcConfigKeys (ConfUtils.java:logGet(44)) - raft.grpc.admin.port = -1 (default)
2021-10-13 10:11:19,070 [Listener at 0.0.0.0/14239] INFO  grpc.GrpcConfigKeys (ConfUtils.java:logGet(44)) - raft.grpc.server.port = 14246 (custom)
2021-10-13 10:11:19,070 [Listener at 0.0.0.0/14239] INFO  grpc.GrpcConfigKeys (ConfUtils.java:logGet(44)) - raft.grpc.client.port = -1 (default)
2021-10-13 10:11:19,070 [Listener at 0.0.0.0/14239] INFO  grpc.GrpcConfigKeys (ConfUtils.java:logGet(44)) - raft.grpc.server.port = 14246 (custom)
2021-10-13 10:11:19,070 [Listener at 0.0.0.0/14239] INFO  grpc.GrpcConfigKeys (ConfUtils.java:logGet(44)) - raft.grpc.server.port = 14246 (custom)
2021-10-13 10:11:19,072 [Listener at 0.0.0.0/14239] INFO  server.GrpcService (ConfUtils.java:logGet(44)) - raft.grpc.message.size.max = 32m (=33554432) (custom)
2021-10-13 10:11:19,072 [Listener at 0.0.0.0/14239] INFO  server.RaftServerConfigKeys (ConfUtils.java:logGet(44)) - raft.server.log.appender.buffer.byte-limit = 33554432 (custom)
2021-10-13 10:11:19,072 [Listener at 0.0.0.0/14239] INFO  server.GrpcService (ConfUtils.java:logGet(44)) - raft.grpc.flow.control.window = 1MB (=1048576) (default)
2021-10-13 10:11:19,072 [Listener at 0.0.0.0/14239] INFO  server.RaftServerConfigKeys (ConfUtils.java:logGet(44)) - raft.server.rpc.request.timeout = 30000ms (custom)
2021-10-13 10:11:19,074 [Listener at 0.0.0.0/14239] INFO  impl.DataStreamServerImpl (ConfUtils.java:logGet(44)) - raft.datastream.type = DISABLED (default)
2021-10-13 10:11:19,076 [Listener at 0.0.0.0/14239] INFO  server.RaftServerConfigKeys (ConfUtils.java:logGet(44)) - raft.server.rpc.slowness.timeout = 120000ms (custom)
2021-10-13 10:11:19,076 [Listener at 0.0.0.0/14239] INFO  server.RaftServerConfigKeys (ConfUtils.java:logGet(44)) - raft.server.leaderelection.leader.step-down.wait-time = 10s (default)
2021-10-13 10:11:19,076 [Listener at 0.0.0.0/14239] INFO  server.RaftServerConfigKeys (ConfUtils.java:logGet(44)) - raft.server.storage.dir = [/home/runner/work/ozone/ozone/hadoop-ozone/integration-test/target/test-dir/MiniOzoneClusterImpl-7a3c196b-86f6-4848-923d-88c8cd7ca178/scmNode-2/scm-ha] (custom)
2021-10-13 10:11:19,084 [Listener at 0.0.0.0/14239] INFO  server.RaftServer (RaftServerProxy.java:addNew(95)) - f92345f7-de12-4b3d-8fd2-3689378a4141: addNew group-88C8CD7CA178:[] returns group-88C8CD7CA178:java.util.concurrent.CompletableFuture@155f3dd5[Not completed]
2021-10-13 10:11:19,084 [pool-209-thread-1] INFO  server.RaftServer$Division (RaftServerImpl.java:<init>(181)) - f92345f7-de12-4b3d-8fd2-3689378a4141: new RaftServerImpl for group-88C8CD7CA178:[] with SCMStateMachine:uninitialized
2021-10-13 10:11:19,092 [pool-209-thread-1] INFO  server.RaftServerConfigKeys (ConfUtils.java:logGet(44)) - raft.server.rpc.timeout.min = 5000ms (custom)
2021-10-13 10:11:19,092 [pool-209-thread-1] INFO  server.RaftServerConfigKeys (ConfUtils.java:logGet(44)) - raft.server.rpc.timeout.max = 5200ms (custom)
2021-10-13 10:11:19,092 [pool-209-thread-1] INFO  server.RaftServerConfigKeys (ConfUtils.java:logGet(44)) - raft.server.rpc.sleep.time = 25ms (default)
2021-10-13 10:11:19,092 [pool-209-thread-1] INFO  server.RaftServerConfigKeys (ConfUtils.java:logGet(44)) - raft.server.rpc.slowness.timeout = 120000ms (custom)
2021-10-13 10:11:19,092 [pool-209-thread-1] INFO  server.RaftServerConfigKeys (ConfUtils.java:logGet(44)) - raft.server.leaderelection.leader.step-down.wait-time = 10s (default)
2021-10-13 10:11:19,092 [pool-209-thread-1] INFO  server.RaftServerConfigKeys (ConfUtils.java:logGet(44)) - raft.server.sleep.deviation.threshold = 300ms (default)
2021-10-13 10:11:19,092 [pool-209-thread-1] INFO  server.RaftServerConfigKeys (ConfUtils.java:logGet(44)) - raft.server.log.appender.install.snapshot.enabled = false (custom)
2021-10-13 10:11:19,092 [pool-209-thread-1] INFO  server.RaftServer$Division (ServerState.java:<init>(105)) - f92345f7-de12-4b3d-8fd2-3689378a4141@group-88C8CD7CA178: ConfigurationManager, init=-1: [], old=null, confs=<EMPTY_MAP>
2021-10-13 10:11:19,092 [pool-209-thread-1] INFO  server.RaftServerConfigKeys (ConfUtils.java:logGet(44)) - raft.server.storage.dir = [/home/runner/work/ozone/ozone/hadoop-ozone/integration-test/target/test-dir/MiniOzoneClusterImpl-7a3c196b-86f6-4848-923d-88c8cd7ca178/scmNode-2/scm-ha] (custom)
2021-10-13 10:11:19,092 [pool-209-thread-1] INFO  server.RaftServerConfigKeys (ConfUtils.java:logGet(44)) - raft.server.log.corruption.policy = EXCEPTION (default)
2021-10-13 10:11:19,093 [pool-209-thread-1] INFO  server.RaftServerConfigKeys (ConfUtils.java:logGet(44)) - raft.server.storage.free-space.min = 0MB (=0) (default)
2021-10-13 10:11:19,093 [pool-209-thread-1] INFO  storage.RaftStorageDirectory (RaftStorageDirectoryImpl.java:analyzeStorage(135)) - The storage directory /home/runner/work/ozone/ozone/hadoop-ozone/integration-test/target/test-dir/MiniOzoneClusterImpl-7a3c196b-86f6-4848-923d-88c8cd7ca178/scmNode-2/scm-ha/7a3c196b-86f6-4848-923d-88c8cd7ca178 does not exist. Creating ...
2021-10-13 10:11:19,105 [pool-209-thread-1] INFO  storage.RaftStorageDirectory (RaftStorageDirectoryImpl.java:tryLock(230)) - Lock on /home/runner/work/ozone/ozone/hadoop-ozone/integration-test/target/test-dir/MiniOzoneClusterImpl-7a3c196b-86f6-4848-923d-88c8cd7ca178/scmNode-2/scm-ha/7a3c196b-86f6-4848-923d-88c8cd7ca178/in_use.lock acquired by nodename 26829@fv-az395-254
2021-10-13 10:11:19,106 [pool-209-thread-1] INFO  storage.RaftStorage (RaftStorageImpl.java:format(89)) - Storage directory /home/runner/work/ozone/ozone/hadoop-ozone/integration-test/target/test-dir/MiniOzoneClusterImpl-7a3c196b-86f6-4848-923d-88c8cd7ca178/scmNode-2/scm-ha/7a3c196b-86f6-4848-923d-88c8cd7ca178 has been successfully formatted.
2021-10-13 10:11:19,106 [pool-209-thread-1] INFO  server.RaftServerConfigKeys (ConfUtils.java:logGet(44)) - raft.server.notification.no-leader.timeout = 60s (default)
2021-10-13 10:11:19,106 [pool-209-thread-1] INFO  server.RaftServerConfigKeys (ConfUtils.java:logGet(44)) - raft.server.log.use.memory = false (default)
2021-10-13 10:11:19,107 [pool-209-thread-1] INFO  server.RaftServerConfigKeys (ConfUtils.java:logGet(44)) - raft.server.log.purge.gap = 5 (custom)
2021-10-13 10:11:19,107 [pool-209-thread-1] INFO  server.RaftServerConfigKeys (ConfUtils.java:logGet(44)) - raft.server.log.appender.buffer.byte-limit = 33554432 (custom)
2021-10-13 10:11:19,107 [pool-209-thread-1] INFO  server.RaftServerConfigKeys (ConfUtils.java:logGet(44)) - raft.server.log.segment.size.max = 16384 (custom)
2021-10-13 10:11:19,107 [pool-209-thread-1] INFO  server.RaftServerConfigKeys (ConfUtils.java:logGet(44)) - raft.server.log.segment.cache.num.max = 2 (custom)
2021-10-13 10:11:19,107 [pool-209-thread-1] INFO  server.RaftServerConfigKeys (ConfUtils.java:logGet(44)) - raft.server.log.segment.cache.size.max = 200MB (=209715200) (default)
2021-10-13 10:11:19,107 [pool-209-thread-1] INFO  segmented.SegmentedRaftLogWorker (SegmentedRaftLogWorker.java:<init>(182)) - new f92345f7-de12-4b3d-8fd2-3689378a4141@group-88C8CD7CA178-SegmentedRaftLogWorker for RaftStorageImpl:Storage Directory /home/runner/work/ozone/ozone/hadoop-ozone/integration-test/target/test-dir/MiniOzoneClusterImpl-7a3c196b-86f6-4848-923d-88c8cd7ca178/scmNode-2/scm-ha/7a3c196b-86f6-4848-923d-88c8cd7ca178
2021-10-13 10:11:19,107 [pool-209-thread-1] INFO  server.RaftServerConfigKeys (ConfUtils.java:logGet(44)) - raft.server.log.queue.byte-limit = 64MB (=67108864) (default)
2021-10-13 10:11:19,107 [pool-209-thread-1] INFO  server.RaftServerConfigKeys (ConfUtils.java:logGet(44)) - raft.server.log.queue.element-limit = 4096 (default)
2021-10-13 10:11:19,107 [pool-209-thread-1] INFO  server.RaftServerConfigKeys (ConfUtils.java:logGet(44)) - raft.server.log.segment.size.max = 16384 (custom)
2021-10-13 10:11:19,107 [pool-209-thread-1] INFO  server.RaftServerConfigKeys (ConfUtils.java:logGet(44)) - raft.server.log.preallocated.size = 16384 (custom)
2021-10-13 10:11:19,107 [pool-209-thread-1] INFO  server.RaftServerConfigKeys (ConfUtils.java:logGet(44)) - raft.server.log.force.sync.num = 128 (default)
2021-10-13 10:11:19,108 [pool-209-thread-1] INFO  server.RaftServerConfigKeys (ConfUtils.java:logGet(44)) - raft.server.log.statemachine.data.sync = true (default)
2021-10-13 10:11:19,108 [pool-209-thread-1] INFO  server.RaftServerConfigKeys (ConfUtils.java:logGet(44)) - raft.server.log.statemachine.data.sync.timeout = 10s (default)
2021-10-13 10:11:19,108 [pool-209-thread-1] INFO  server.RaftServerConfigKeys (ConfUtils.java:logGet(44)) - raft.server.log.statemachine.data.sync.timeout.retry = -1 (default)
2021-10-13 10:11:19,108 [pool-209-thread-1] INFO  server.RaftServerConfigKeys (ConfUtils.java:logGet(44)) - raft.server.log.write.buffer.size = 64KB (=65536) (default)
2021-10-13 10:11:19,108 [pool-209-thread-1] INFO  server.RaftServerConfigKeys (ConfUtils.java:logGet(44)) - raft.server.log.statemachine.data.caching.enabled = false (default)
2021-10-13 10:11:19,109 [pool-209-thread-1] INFO  segmented.SegmentedRaftLogWorker (SegmentedRaftLogWorker.java:lambda$new$0(133)) - f92345f7-de12-4b3d-8fd2-3689378a4141@group-88C8CD7CA178-SegmentedRaftLogWorker: flushIndex: setUnconditionally 0 -> -1
2021-10-13 10:11:19,109 [pool-209-thread-1] INFO  segmented.SegmentedRaftLogWorker (SegmentedRaftLogWorker.java:lambda$new$0(133)) - f92345f7-de12-4b3d-8fd2-3689378a4141@group-88C8CD7CA178-SegmentedRaftLogWorker: safeCacheEvictIndex: setUnconditionally 0 -> -1
2021-10-13 10:11:19,128 [pool-209-thread-1] INFO  server.RaftServerConfigKeys (ConfUtils.java:logGet(44)) - raft.server.snapshot.auto.trigger.enabled = true (custom)
2021-10-13 10:11:19,128 [pool-209-thread-1] INFO  server.RaftServerConfigKeys (ConfUtils.java:logGet(44)) - raft.server.snapshot.auto.trigger.threshold = 5 (custom)
2021-10-13 10:11:19,128 [pool-209-thread-1] INFO  server.RaftServerConfigKeys (ConfUtils.java:logGet(44)) - raft.server.snapshot.retention.file.num = -1 (default)
2021-10-13 10:11:19,128 [pool-209-thread-1] INFO  server.RaftServerConfigKeys (ConfUtils.java:logGet(44)) - raft.server.log.purge.upto.snapshot.index = true (custom)
2021-10-13 10:11:19,128 [pool-209-thread-1] INFO  server.RaftServerConfigKeys (ConfUtils.java:logGet(44)) - raft.server.retrycache.expirytime = 60000ms (default)
2021-10-13 10:11:19,128 [pool-209-thread-1] INFO  server.RaftServerConfigKeys (ConfUtils.java:logGet(44)) - raft.server.retrycache.statistics.expirytime = 100μs (default)
2021-10-13 10:11:19,132 [Listener at 0.0.0.0/14239] INFO  ha.SCMSnapshotProvider (SCMSnapshotProvider.java:<init>(66)) - Initializing SCM Snapshot Provider
2021-10-13 10:11:19,132 [Listener at 0.0.0.0/14239] WARN  server.ServerUtils (ServerUtils.java:getDefaultRatisDirectory(237)) - Storage directory for Ratis is not configured. It is a good idea to map this to an SSD disk. Falling back to ozone.metadata.dirs
2021-10-13 10:11:19,132 [Listener at 0.0.0.0/14239] WARN  ha.SCMHAUtils (SCMHAUtils.java:getSCMRatisSnapshotDirectory(146)) - SCM snapshot dir is not configured. Falling back to ozone.metadata.dirs config
2021-10-13 10:11:19,134 [Listener at 0.0.0.0/14239] INFO  ha.SequenceIdGenerator (SequenceIdGenerator.java:upgradeToSequenceId(347)) - upgrade localId to 107544261427200000
2021-10-13 10:11:19,134 [Listener at 0.0.0.0/14239] INFO  ha.SequenceIdGenerator (SequenceIdGenerator.java:upgradeToSequenceId(357)) - upgrade delTxnId to 0
2021-10-13 10:11:19,134 [Listener at 0.0.0.0/14239] INFO  ha.SequenceIdGenerator (SequenceIdGenerator.java:upgradeToSequenceId(371)) - upgrade containerId to 0
2021-10-13 10:11:19,134 [Listener at 0.0.0.0/14239] INFO  ha.SequenceIdGenerator (SequenceIdGenerator.java:<init>(218)) - Init the HA SequenceIdGenerator.
2021-10-13 10:11:19,135 [Listener at 0.0.0.0/14239] WARN  server.ServerUtils (ServerUtils.java:sanitizeUserArgs(73)) - ozone.scm.stale.node.interval value = 300000 is larger than max = 100000 based on the key value of ozone.scm.heartbeat.thread.interval, reset to the max value 100000.
2021-10-13 10:11:19,135 [Listener at 0.0.0.0/14239] WARN  server.ServerUtils (ServerUtils.java:sanitizeUserArgs(73)) - ozone.scm.stale.node.interval value = 300000 is larger than max = 100000 based on the key value of ozone.scm.heartbeat.thread.interval, reset to the max value 100000.
2021-10-13 10:11:19,137 [Listener at 0.0.0.0/14239] INFO  node.SCMNodeManager (SCMNodeManager.java:<init>(144)) - Entering startup safe mode.
2021-10-13 10:11:19,138 [Listener at 0.0.0.0/14239] INFO  algorithms.ContainerPlacementPolicyFactory (ContainerPlacementPolicyFactory.java:getPolicy(60)) - Create container placement policy of type org.apache.hadoop.hdds.scm.container.placement.algorithms.SCMContainerPlacementRandom
2021-10-13 10:11:19,139 [Listener at 0.0.0.0/14239] INFO  pipeline.PipelineStateManagerImpl (PipelineStateManagerImpl.java:initialize(78)) - No pipeline exists in current db
2021-10-13 10:11:19,139 [Listener at 0.0.0.0/14239] INFO  algorithms.LeaderChoosePolicyFactory (LeaderChoosePolicyFactory.java:getPolicy(57)) - Create leader choose policy of type org.apache.hadoop.hdds.scm.pipeline.leader.choose.algorithms.MinLeaderCountChoosePolicy
2021-10-13 10:11:19,139 [Listener at 0.0.0.0/14239] INFO  ha.SCMServiceManager (SCMServiceManager.java:register(43)) - Registering service BackgroundPipelineCreator.
2021-10-13 10:11:19,139 [Listener at 0.0.0.0/14239] INFO  pipeline.BackgroundPipelineCreator (BackgroundPipelineCreator.java:start(130)) - Starting RatisPipelineUtilsThread.
2021-10-13 10:11:19,157 [Listener at 0.0.0.0/14239] INFO  algorithms.PipelineChoosePolicyFactory (PipelineChoosePolicyFactory.java:createPipelineChoosePolicyFromClass(73)) - Create pipeline choose policy of type org.apache.hadoop.hdds.scm.pipeline.choose.algorithms.RandomPipelineChoosePolicy
2021-10-13 10:11:19,159 [Listener at 0.0.0.0/14239] INFO  ha.SCMServiceManager (SCMServiceManager.java:register(43)) - Registering service SCMBlockDeletingService.
2021-10-13 10:11:19,159 [Listener at 0.0.0.0/14239] INFO  ha.SCMServiceManager (SCMServiceManager.java:register(43)) - Registering service ReplicationManager.
2021-10-13 10:11:19,160 [Listener at 0.0.0.0/14239] INFO  container.ReplicationManager (ReplicationManager.java:start(319)) - Starting Replication Monitor Thread.
2021-10-13 10:11:19,164 [Listener at 0.0.0.0/14239] INFO  safemode.ContainerSafeModeRule (ContainerSafeModeRule.java:<init>(89)) - containers with one replica threshold count 0
2021-10-13 10:11:19,165 [Listener at 0.0.0.0/14239] INFO  safemode.HealthyPipelineSafeModeRule (HealthyPipelineSafeModeRule.java:initializeRule(156)) - Total pipeline count is 0, healthy pipeline threshold count is 1
2021-10-13 10:11:19,165 [Listener at 0.0.0.0/14239] INFO  safemode.OneReplicaPipelineSafeModeRule (OneReplicaPipelineSafeModeRule.java:initializeRule(180)) - Total pipeline count is 0, pipeline's with at least one datanode reported threshold count is 0
2021-10-13 10:11:19,174 [Listener at 0.0.0.0/14239] INFO  ipc.CallQueueManager (CallQueueManager.java:<init>(90)) - Using callQueue: class java.util.concurrent.LinkedBlockingQueue, queueCapacity: 2000, scheduler: class org.apache.hadoop.ipc.DefaultRpcScheduler, ipcBackoff: false.
2021-10-13 10:11:19,180 [Socket Reader #1 for port 14247] INFO  ipc.Server (Server.java:run(1265)) - Starting Socket Reader #1 for port 14247
2021-10-13 10:11:19,185 [ReplicationMonitor] INFO  container.ReplicationManager (ReplicationManager.java:processAll(371)) - Replication Monitor Thread took 1 milliseconds for processing 0 containers.
2021-10-13 10:11:19,206 [Listener at 0.0.0.0/14247] INFO  ipc.CallQueueManager (CallQueueManager.java:<init>(90)) - Using callQueue: class java.util.concurrent.LinkedBlockingQueue, queueCapacity: 2000, scheduler: class org.apache.hadoop.ipc.DefaultRpcScheduler, ipcBackoff: false.
2021-10-13 10:11:19,212 [Socket Reader #1 for port 14248] INFO  ipc.Server (Server.java:run(1265)) - Starting Socket Reader #1 for port 14248
2021-10-13 10:11:19,214 [Listener at 0.0.0.0/14248] INFO  ipc.CallQueueManager (CallQueueManager.java:<init>(90)) - Using callQueue: class java.util.concurrent.LinkedBlockingQueue, queueCapacity: 2000, scheduler: class org.apache.hadoop.ipc.DefaultRpcScheduler, ipcBackoff: false.
2021-10-13 10:11:19,235 [Socket Reader #1 for port 14249] INFO  ipc.Server (Server.java:run(1265)) - Starting Socket Reader #1 for port 14249
2021-10-13 10:11:19,282 [Listener at 0.0.0.0/14249] INFO  algorithms.ContainerPlacementPolicyFactory (ContainerPlacementPolicyFactory.java:getPolicy(60)) - Create container placement policy of type org.apache.hadoop.hdds.scm.container.placement.algorithms.SCMContainerPlacementRandom
2021-10-13 10:11:19,293 [Listener at 0.0.0.0/14249] INFO  server.StorageContainerManager (StorageContainerManager.java:<init>(388)) - 
Container Balancer status:
Key                            Value
Running                        false
Container Balancer Configuration values:
Key                                                Value
Threshold                                          0.1
Max Datanodes to Involve per Iteration(ratio)      0.2
Max Size to Move per Iteration                     32212254720B

2021-10-13 10:11:19,293 [Listener at 0.0.0.0/14249] WARN  events.EventQueue (EventQueue.java:fireEvent(194)) - No event handler registered for event TypedEvent{payloadType=SafeModeStatus, name='Safe mode status'}
2021-10-13 10:11:19,293 [Listener at 0.0.0.0/14249] INFO  ha.SCMContext (SCMContext.java:updateSafeModeStatus(205)) - Update SafeModeStatus from SafeModeStatus{safeModeStatus=true, preCheckPassed=false} to SafeModeStatus{safeModeStatus=true, preCheckPassed=false}.
2021-10-13 10:11:19,294 [Listener at 0.0.0.0/14249] INFO  server.StorageContainerManager (StorageContainerManager.java:start(1303)) - StorageContainerLocationProtocol RPC server is listening at /0.0.0.0:14249
2021-10-13 10:11:19,294 [Listener at 0.0.0.0/14249] INFO  ha.SCMRatisServerImpl (SCMRatisServerImpl.java:start(177)) - starting ratis server 0.0.0.0:14246
2021-10-13 10:11:19,294 [Listener at 0.0.0.0/14249] INFO  server.RaftServer$Division (RaftServerImpl.java:start(299)) - f92345f7-de12-4b3d-8fd2-3689378a4141@group-88C8CD7CA178: start with initializing state, conf=-1: [], old=null
2021-10-13 10:11:19,294 [Listener at 0.0.0.0/14249] INFO  server.RaftServer$Division (RaftServerImpl.java:setRole(285)) - f92345f7-de12-4b3d-8fd2-3689378a4141@group-88C8CD7CA178: changes role from      null to FOLLOWER at term 0 for startInitializing
2021-10-13 10:11:19,295 [Listener at 0.0.0.0/14249] INFO  util.JmxRegister (JmxRegister.java:tryRegister(44)) - Successfully registered JMX Bean with object name Ratis:service=RaftServer,group=group-88C8CD7CA178,id=f92345f7-de12-4b3d-8fd2-3689378a4141
2021-10-13 10:11:19,295 [Listener at 0.0.0.0/14249] INFO  server.RaftServer (RaftServerProxy.java:lambda$start$5(374)) - f92345f7-de12-4b3d-8fd2-3689378a4141: start RPC server
2021-10-13 10:11:19,296 [Listener at 0.0.0.0/14249] INFO  server.GrpcService (GrpcService.java:startImpl(253)) - f92345f7-de12-4b3d-8fd2-3689378a4141: GrpcService started, listening on 14246
2021-10-13 10:11:19,297 [Listener at 0.0.0.0/14249] INFO  ha.SCMNodeInfo (SCMNodeInfo.java:getPort(197)) - ConfigKey ozone.scm.client.address is deprecated, For configuring different ports for each SCM use PortConfigKey ozone.scm.client.port appended with serviceId and nodeId
2021-10-13 10:11:19,298 [Listener at 0.0.0.0/14249] INFO  ha.SCMNodeInfo (SCMNodeInfo.java:getPort(197)) - ConfigKey ozone.scm.block.client.address is deprecated, For configuring different ports for each SCM use PortConfigKey ozone.scm.block.client.port appended with serviceId and nodeId
2021-10-13 10:11:19,298 [Listener at 0.0.0.0/14249] INFO  ha.SCMNodeInfo (SCMNodeInfo.java:getPort(197)) - ConfigKey ozone.scm.datanode.address is deprecated, For configuring different ports for each SCM use PortConfigKey ozone.scm.datanode.port appended with serviceId and nodeId
2021-10-13 10:11:19,298 [Listener at 0.0.0.0/14249] INFO  ha.SCMNodeInfo (SCMNodeInfo.java:getPort(197)) - ConfigKey ozone.scm.client.address is deprecated, For configuring different ports for each SCM use PortConfigKey ozone.scm.client.port appended with serviceId and nodeId
2021-10-13 10:11:19,298 [Listener at 0.0.0.0/14249] INFO  ha.SCMNodeInfo (SCMNodeInfo.java:getPort(197)) - ConfigKey ozone.scm.block.client.address is deprecated, For configuring different ports for each SCM use PortConfigKey ozone.scm.block.client.port appended with serviceId and nodeId
2021-10-13 10:11:19,298 [Listener at 0.0.0.0/14249] INFO  ha.SCMNodeInfo (SCMNodeInfo.java:getPort(197)) - ConfigKey ozone.scm.datanode.address is deprecated, For configuring different ports for each SCM use PortConfigKey ozone.scm.datanode.port appended with serviceId and nodeId
2021-10-13 10:11:19,298 [Listener at 0.0.0.0/14249] INFO  ha.SCMNodeInfo (SCMNodeInfo.java:getPort(197)) - ConfigKey ozone.scm.client.address is deprecated, For configuring different ports for each SCM use PortConfigKey ozone.scm.client.port appended with serviceId and nodeId
2021-10-13 10:11:19,298 [Listener at 0.0.0.0/14249] INFO  ha.SCMNodeInfo (SCMNodeInfo.java:getPort(197)) - ConfigKey ozone.scm.block.client.address is deprecated, For configuring different ports for each SCM use PortConfigKey ozone.scm.block.client.port appended with serviceId and nodeId
2021-10-13 10:11:19,298 [Listener at 0.0.0.0/14249] INFO  ha.SCMNodeInfo (SCMNodeInfo.java:getPort(197)) - ConfigKey ozone.scm.datanode.address is deprecated, For configuring different ports for each SCM use PortConfigKey ozone.scm.datanode.port appended with serviceId and nodeId
2021-10-13 10:11:19,304 [org.apache.ratis.util.JvmPauseMonitor$$Lambda$499/17331878@6eba7c33] INFO  util.JvmPauseMonitor (JvmPauseMonitor.java:run(103)) - JvmPauseMonitor-f92345f7-de12-4b3d-8fd2-3689378a4141: Started
2021-10-13 10:11:19,310 [IPC Server handler 5 on default port 14238] INFO  ha.SCMRatisServerImpl (SCMRatisServerImpl.java:addSCM(291)) - 3e49b098-f263-4746-8850-a06a1becd7d6: Submitting SetConfiguration request to Ratis server with new SCM peers list: [3e49b098-f263-4746-8850-a06a1becd7d6|rpc:localhost:14236|admin:|client:|dataStream:|priority:0, f92345f7-de12-4b3d-8fd2-3689378a4141|rpc:localhost:14246|priority:0]
2021-10-13 10:11:19,310 [IPC Server handler 5 on default port 14238] INFO  server.RaftServer$Division (RaftServerImpl.java:setConfigurationAsync(971)) - 3e49b098-f263-4746-8850-a06a1becd7d6@group-88C8CD7CA178: receive setConfiguration SetConfigurationRequest:client-3FEBA9B64860->3e49b098-f263-4746-8850-a06a1becd7d6@group-88C8CD7CA178, cid=0, seq=0, RW, null, peers:[3e49b098-f263-4746-8850-a06a1becd7d6|rpc:localhost:14236|admin:|client:|dataStream:|priority:0, f92345f7-de12-4b3d-8fd2-3689378a4141|rpc:localhost:14246|priority:0]
2021-10-13 10:11:19,310 [IPC Server handler 5 on default port 14238] INFO  server.RaftServer$Division (LeaderStateImpl.java:startSetConfiguration(345)) - 3e49b098-f263-4746-8850-a06a1becd7d6@group-88C8CD7CA178-LeaderStateImpl: startSetConfiguration SetConfigurationRequest:client-3FEBA9B64860->3e49b098-f263-4746-8850-a06a1becd7d6@group-88C8CD7CA178, cid=0, seq=0, RW, null, peers:[3e49b098-f263-4746-8850-a06a1becd7d6|rpc:localhost:14236|admin:|client:|dataStream:|priority:0, f92345f7-de12-4b3d-8fd2-3689378a4141|rpc:localhost:14246|priority:0]
2021-10-13 10:11:19,310 [IPC Server handler 5 on default port 14238] INFO  server.RaftServerConfigKeys (ConfUtils.java:logGet(44)) - raft.server.log.appender.snapshot.chunk.size.max = 16MB (=16777216) (default)
2021-10-13 10:11:19,310 [IPC Server handler 5 on default port 14238] INFO  server.RaftServerConfigKeys (ConfUtils.java:logGet(44)) - raft.server.log.appender.buffer.byte-limit = 33554432 (custom)
2021-10-13 10:11:19,310 [IPC Server handler 5 on default port 14238] INFO  server.RaftServerConfigKeys (ConfUtils.java:logGet(44)) - raft.server.log.appender.buffer.element-limit = 1024 (custom)
2021-10-13 10:11:19,311 [IPC Server handler 5 on default port 14238] INFO  grpc.GrpcConfigKeys (ConfUtils.java:logGet(44)) - raft.grpc.server.leader.outstanding.appends.max = 128 (default)
2021-10-13 10:11:19,311 [IPC Server handler 5 on default port 14238] INFO  server.RaftServerConfigKeys (ConfUtils.java:logGet(44)) - raft.server.rpc.request.timeout = 30000ms (custom)
2021-10-13 10:11:19,311 [IPC Server handler 5 on default port 14238] INFO  server.RaftServerConfigKeys (ConfUtils.java:logGet(44)) - raft.server.log.appender.install.snapshot.enabled = false (custom)
2021-10-13 10:11:19,328 [EndpointStateMachine task thread for /127.0.0.1:13887 - 0 ] INFO  ipc.Client (Client.java:handleConnectionFailure(977)) - Retrying connect to server: localhost/127.0.0.1:13887. Already tried 12 time(s); retry policy is RetryUpToMaximumCountWithFixedSleep(maxRetries=15, sleepTime=1000 MILLISECONDS)
2021-10-13 10:11:19,331 [EndpointStateMachine task thread for /127.0.0.1:13877 - 0 ] INFO  ipc.Client (Client.java:handleConnectionFailure(977)) - Retrying connect to server: localhost/127.0.0.1:13877. Already tried 0 time(s); retry policy is RetryUpToMaximumCountWithFixedSleep(maxRetries=15, sleepTime=1000 MILLISECONDS)
2021-10-13 10:11:19,388 [grpc-default-executor-0] INFO  ha.SCMStateMachine (SCMStateMachine.java:notifyLeaderChanged(248)) - leader changed, yet current SCM is still follower.
2021-10-13 10:11:19,389 [grpc-default-executor-0] INFO  server.RaftServer$Division (ServerState.java:setLeader(285)) - f92345f7-de12-4b3d-8fd2-3689378a4141@group-88C8CD7CA178: change Leader from null to 3e49b098-f263-4746-8850-a06a1becd7d6 at term 2 for appendEntries, leader elected after 281ms
2021-10-13 10:11:19,389 [grpc-default-executor-0] INFO  impl.RoleInfo (RoleInfo.java:updateAndGet(130)) - f92345f7-de12-4b3d-8fd2-3689378a4141: start f92345f7-de12-4b3d-8fd2-3689378a4141@group-88C8CD7CA178-FollowerState
2021-10-13 10:11:19,410 [grpc-default-executor-0] INFO  server.RaftServer$Division (ServerState.java:setRaftConf(387)) - f92345f7-de12-4b3d-8fd2-3689378a4141@group-88C8CD7CA178: set configuration 0: [3e49b098-f263-4746-8850-a06a1becd7d6|rpc:localhost:14236|admin:|client:|dataStream:|priority:0], old=null
2021-10-13 10:11:19,411 [grpc-default-executor-0] INFO  server.RaftServer$Division (ServerState.java:setRaftConf(387)) - f92345f7-de12-4b3d-8fd2-3689378a4141@group-88C8CD7CA178: set configuration 1: [3e49b098-f263-4746-8850-a06a1becd7d6|rpc:localhost:14236|admin:|client:|dataStream:|priority:0], old=null
2021-10-13 10:11:19,411 [grpc-default-executor-0] INFO  segmented.SegmentedRaftLogWorker (SegmentedRaftLogWorker.java:startLogSegment(394)) - f92345f7-de12-4b3d-8fd2-3689378a4141@group-88C8CD7CA178-SegmentedRaftLogWorker: Starting segment from index:0
2021-10-13 10:11:19,411 [grpc-default-executor-0] INFO  segmented.SegmentedRaftLogWorker (SegmentedRaftLogWorker.java:rollLogSegment(399)) - f92345f7-de12-4b3d-8fd2-3689378a4141@group-88C8CD7CA178-SegmentedRaftLogWorker: Rolling segment log-0_0 to index:0
2021-10-13 10:11:19,412 [f92345f7-de12-4b3d-8fd2-3689378a4141@group-88C8CD7CA178-SegmentedRaftLogWorker] INFO  segmented.SegmentedRaftLogWorker (SegmentedRaftLogWorker.java:execute(601)) - f92345f7-de12-4b3d-8fd2-3689378a4141@group-88C8CD7CA178-SegmentedRaftLogWorker: created new log segment /home/runner/work/ozone/ozone/hadoop-ozone/integration-test/target/test-dir/MiniOzoneClusterImpl-7a3c196b-86f6-4848-923d-88c8cd7ca178/scmNode-2/scm-ha/7a3c196b-86f6-4848-923d-88c8cd7ca178/current/log_inprogress_0
2021-10-13 10:11:19,416 [f92345f7-de12-4b3d-8fd2-3689378a4141@group-88C8CD7CA178-SegmentedRaftLogWorker] INFO  segmented.SegmentedRaftLogWorker (SegmentedRaftLogWorker.java:execute(558)) - f92345f7-de12-4b3d-8fd2-3689378a4141@group-88C8CD7CA178-SegmentedRaftLogWorker: Rolled log segment from /home/runner/work/ozone/ozone/hadoop-ozone/integration-test/target/test-dir/MiniOzoneClusterImpl-7a3c196b-86f6-4848-923d-88c8cd7ca178/scmNode-2/scm-ha/7a3c196b-86f6-4848-923d-88c8cd7ca178/current/log_inprogress_0 to /home/runner/work/ozone/ozone/hadoop-ozone/integration-test/target/test-dir/MiniOzoneClusterImpl-7a3c196b-86f6-4848-923d-88c8cd7ca178/scmNode-2/scm-ha/7a3c196b-86f6-4848-923d-88c8cd7ca178/current/log_0-0
2021-10-13 10:11:19,417 [f92345f7-de12-4b3d-8fd2-3689378a4141@group-88C8CD7CA178-SegmentedRaftLogWorker] INFO  segmented.SegmentedRaftLogWorker (SegmentedRaftLogWorker.java:execute(601)) - f92345f7-de12-4b3d-8fd2-3689378a4141@group-88C8CD7CA178-SegmentedRaftLogWorker: created new log segment /home/runner/work/ozone/ozone/hadoop-ozone/integration-test/target/test-dir/MiniOzoneClusterImpl-7a3c196b-86f6-4848-923d-88c8cd7ca178/scmNode-2/scm-ha/7a3c196b-86f6-4848-923d-88c8cd7ca178/current/log_inprogress_1
2021-10-13 10:11:19,462 [f92345f7-de12-4b3d-8fd2-3689378a4141@group-88C8CD7CA178-StateMachineUpdater] INFO  safemode.HealthyPipelineSafeModeRule (HealthyPipelineSafeModeRule.java:initializeRule(152)) - Refreshed total pipeline count is 0, healthy pipeline threshold count is 1
2021-10-13 10:11:19,463 [f92345f7-de12-4b3d-8fd2-3689378a4141@group-88C8CD7CA178-StateMachineUpdater] INFO  safemode.ContainerSafeModeRule (ContainerSafeModeRule.java:reInitializeRule(177)) - Refreshed one replica container threshold 0, currentThreshold 0
2021-10-13 10:11:19,463 [f92345f7-de12-4b3d-8fd2-3689378a4141@group-88C8CD7CA178-StateMachineUpdater] INFO  safemode.OneReplicaPipelineSafeModeRule (OneReplicaPipelineSafeModeRule.java:initializeRule(176)) - Refreshed Total pipeline count is 0, pipeline's with at least one datanode reported threshold count is 0
2021-10-13 10:11:19,463 [f92345f7-de12-4b3d-8fd2-3689378a4141@group-88C8CD7CA178-StateMachineUpdater] INFO  server.SCMDatanodeProtocolServer (SCMDatanodeProtocolServer.java:start(181)) - RPC server for DataNodes is listening at /0.0.0.0:14247
2021-10-13 10:11:19,464 [3e49b098-f263-4746-8850-a06a1becd7d6@group-88C8CD7CA178-LeaderStateImpl] INFO  server.RaftServer$Division (ServerState.java:setRaftConf(387)) - 3e49b098-f263-4746-8850-a06a1becd7d6@group-88C8CD7CA178: set configuration 3: [3e49b098-f263-4746-8850-a06a1becd7d6|rpc:localhost:14236|admin:|client:|dataStream:|priority:0, f92345f7-de12-4b3d-8fd2-3689378a4141|rpc:localhost:14246|priority:0], old=[3e49b098-f263-4746-8850-a06a1becd7d6|rpc:localhost:14236|admin:|client:|dataStream:|priority:0]
2021-10-13 10:11:19,466 [grpc-default-executor-0] INFO  server.RaftServer$Division (ServerState.java:setRaftConf(387)) - f92345f7-de12-4b3d-8fd2-3689378a4141@group-88C8CD7CA178: set configuration 3: [3e49b098-f263-4746-8850-a06a1becd7d6|rpc:localhost:14236|admin:|client:|dataStream:|priority:0, f92345f7-de12-4b3d-8fd2-3689378a4141|rpc:localhost:14246|admin:|client:|dataStream:|priority:0], old=[3e49b098-f263-4746-8850-a06a1becd7d6|rpc:localhost:14236|admin:|client:|dataStream:|priority:0]
2021-10-13 10:11:19,491 [3e49b098-f263-4746-8850-a06a1becd7d6@group-88C8CD7CA178-LeaderStateImpl] INFO  server.RaftServer$Division (ServerState.java:setRaftConf(387)) - 3e49b098-f263-4746-8850-a06a1becd7d6@group-88C8CD7CA178: set configuration 5: [3e49b098-f263-4746-8850-a06a1becd7d6|rpc:localhost:14236|admin:|client:|dataStream:|priority:0, f92345f7-de12-4b3d-8fd2-3689378a4141|rpc:localhost:14246|priority:0], old=null
2021-10-13 10:11:19,501 [IPC Server listener on 14247] INFO  ipc.Server (Server.java:run(1344)) - IPC Server listener on 14247: starting
2021-10-13 10:11:19,508 [IPC Server Responder] INFO  ipc.Server (Server.java:run(1507)) - IPC Server Responder: starting
2021-10-13 10:11:19,509 [grpc-default-executor-0] INFO  server.RaftServer$Division (ServerState.java:setRaftConf(387)) - f92345f7-de12-4b3d-8fd2-3689378a4141@group-88C8CD7CA178: set configuration 5: [3e49b098-f263-4746-8850-a06a1becd7d6|rpc:localhost:14236|admin:|client:|dataStream:|priority:0, f92345f7-de12-4b3d-8fd2-3689378a4141|rpc:localhost:14246|admin:|client:|dataStream:|priority:0], old=null
2021-10-13 10:11:19,538 [IPC Server handler 5 on default port 14238] INFO  ha.SCMRatisServerImpl (SCMRatisServerImpl.java:addSCM(302)) - Successfully added new SCM: f92345f7-de12-4b3d-8fd2-3689378a4141.
2021-10-13 10:11:19,538 [3e49b098-f263-4746-8850-a06a1becd7d6@group-88C8CD7CA178-StateMachineUpdater] INFO  ha.SCMStateMachine (SCMStateMachine.java:takeSnapshot(290)) - Current Snapshot Index 5, takeSnapshot took 0 ms
2021-10-13 10:11:19,538 [3e49b098-f263-4746-8850-a06a1becd7d6@group-88C8CD7CA178-StateMachineUpdater] INFO  impl.StateMachineUpdater (StateMachineUpdater.java:takeSnapshot(281)) - 3e49b098-f263-4746-8850-a06a1becd7d6@group-88C8CD7CA178-StateMachineUpdater: Took a snapshot at index 5
2021-10-13 10:11:19,538 [3e49b098-f263-4746-8850-a06a1becd7d6@group-88C8CD7CA178-StateMachineUpdater] INFO  impl.StateMachineUpdater (StateMachineUpdater.java:lambda$new$0(89)) - 3e49b098-f263-4746-8850-a06a1becd7d6@group-88C8CD7CA178-StateMachineUpdater: snapshotIndex: updateIncreasingly -1 -> 5
2021-10-13 10:11:19,538 [3e49b098-f263-4746-8850-a06a1becd7d6@group-88C8CD7CA178-StateMachineUpdater] INFO  raftlog.RaftLog (RaftLogBase.java:purge(306)) - 3e49b098-f263-4746-8850-a06a1becd7d6@group-88C8CD7CA178-SegmentedRaftLog: purge 5
2021-10-13 10:11:19,538 [3e49b098-f263-4746-8850-a06a1becd7d6@group-88C8CD7CA178-StateMachineUpdater] INFO  raftlog.RaftLog (RaftLogBase.java:lambda$new$0(53)) - 3e49b098-f263-4746-8850-a06a1becd7d6@group-88C8CD7CA178-SegmentedRaftLog: snapshotIndex: updateIncreasingly -1 -> 5
2021-10-13 10:11:19,539 [3e49b098-f263-4746-8850-a06a1becd7d6@group-88C8CD7CA178-SegmentedRaftLogWorker] INFO  raftlog.RaftLog (RaftLogBase.java:lambda$new$0(53)) - 3e49b098-f263-4746-8850-a06a1becd7d6@group-88C8CD7CA178-SegmentedRaftLog: purgeIndex: updateToMax old=-1, new=0, updated? true
2021-10-13 10:11:19,540 [Listener at 0.0.0.0/14249] INFO  ha.SCMHAManagerImpl (SCMHAManagerImpl.java:start(116)) - Successfully added SCM scmNode-2 to group group-88C8CD7CA178:[3e49b098-f263-4746-8850-a06a1becd7d6|rpc:localhost:14236|admin:|client:|dataStream:|priority:0, f92345f7-de12-4b3d-8fd2-3689378a4141|rpc:localhost:14246|admin:|client:|dataStream:|priority:0]
2021-10-13 10:11:19,541 [Listener at 0.0.0.0/14249] INFO  ha.InterSCMGrpcService (InterSCMGrpcProtocolService.java:start(94)) - Starting SCM Grpc Service at port 14250
2021-10-13 10:11:19,541 [Listener at 0.0.0.0/14249] INFO  impl.MetricsSystemImpl (MetricsSystemImpl.java:init(158)) - StorageContainerManager metrics system started (again)
2021-10-13 10:11:19,559 [f92345f7-de12-4b3d-8fd2-3689378a4141@group-88C8CD7CA178-StateMachineUpdater] INFO  ha.SCMStateMachine (SCMStateMachine.java:takeSnapshot(290)) - Current Snapshot Index 5, takeSnapshot took 0 ms
2021-10-13 10:11:19,559 [f92345f7-de12-4b3d-8fd2-3689378a4141@group-88C8CD7CA178-StateMachineUpdater] INFO  impl.StateMachineUpdater (StateMachineUpdater.java:takeSnapshot(281)) - f92345f7-de12-4b3d-8fd2-3689378a4141@group-88C8CD7CA178-StateMachineUpdater: Took a snapshot at index 5
2021-10-13 10:11:19,559 [f92345f7-de12-4b3d-8fd2-3689378a4141@group-88C8CD7CA178-StateMachineUpdater] INFO  impl.StateMachineUpdater (StateMachineUpdater.java:lambda$new$0(89)) - f92345f7-de12-4b3d-8fd2-3689378a4141@group-88C8CD7CA178-StateMachineUpdater: snapshotIndex: updateIncreasingly -1 -> 5
2021-10-13 10:11:19,559 [f92345f7-de12-4b3d-8fd2-3689378a4141@group-88C8CD7CA178-StateMachineUpdater] INFO  raftlog.RaftLog (RaftLogBase.java:purge(306)) - f92345f7-de12-4b3d-8fd2-3689378a4141@group-88C8CD7CA178-SegmentedRaftLog: purge 5
2021-10-13 10:11:19,559 [f92345f7-de12-4b3d-8fd2-3689378a4141@group-88C8CD7CA178-StateMachineUpdater] INFO  raftlog.RaftLog (RaftLogBase.java:lambda$new$0(53)) - f92345f7-de12-4b3d-8fd2-3689378a4141@group-88C8CD7CA178-SegmentedRaftLog: snapshotIndex: updateIncreasingly -1 -> 5
2021-10-13 10:11:19,560 [f92345f7-de12-4b3d-8fd2-3689378a4141@group-88C8CD7CA178-SegmentedRaftLogWorker] INFO  raftlog.RaftLog (RaftLogBase.java:lambda$new$0(53)) - f92345f7-de12-4b3d-8fd2-3689378a4141@group-88C8CD7CA178-SegmentedRaftLog: purgeIndex: updateToMax old=-1, new=0, updated? true
2021-10-13 10:11:19,574 [Listener at 0.0.0.0/14249] INFO  server.SCMClientProtocolServer (SCMClientProtocolServer.java:start(164)) - RPC server for Client  is listening at /0.0.0.0:14249
2021-10-13 10:11:19,588 [IPC Server Responder] INFO  ipc.Server (Server.java:run(1507)) - IPC Server Responder: starting
2021-10-13 10:11:19,591 [IPC Server listener on 14249] INFO  ipc.Server (Server.java:run(1344)) - IPC Server listener on 14249: starting
2021-10-13 10:11:19,618 [Listener at 0.0.0.0/14249] INFO  server.StorageContainerManager (StorageContainerManager.java:start(1318)) - ScmBlockLocationProtocol RPC server is listening at /0.0.0.0:14248
2021-10-13 10:11:19,619 [Listener at 0.0.0.0/14249] INFO  server.SCMBlockProtocolServer (SCMBlockProtocolServer.java:start(151)) - RPC server for Block Protocol is listening at /0.0.0.0:14248
2021-10-13 10:11:19,619 [IPC Server Responder] INFO  ipc.Server (Server.java:run(1507)) - IPC Server Responder: starting
2021-10-13 10:11:19,620 [IPC Server listener on 14248] INFO  ipc.Server (Server.java:run(1344)) - IPC Server listener on 14248: starting
2021-10-13 10:11:19,622 [Listener at 0.0.0.0/14249] INFO  server.StorageContainerManager (StorageContainerManager.java:start(1324)) - ScmDatanodeProtocl RPC server is listening at /0.0.0.0:14247
2021-10-13 10:11:19,642 [org.apache.hadoop.util.JvmPauseMonitor$Monitor@379c38eb] INFO  util.JvmPauseMonitor (JvmPauseMonitor.java:run(188)) - Starting JVM pause monitor
2021-10-13 10:11:19,642 [Listener at 0.0.0.0/14249] INFO  http.BaseHttpServer (BaseHttpServer.java:newHttpServer2BuilderForOzone(209)) - Starting Web-server for scm at: http://0.0.0.0:14244
2021-10-13 10:11:19,642 [Listener at 0.0.0.0/14249] INFO  http.BaseHttpServer (BaseHttpServer.java:<init>(107)) - Hadoop Security Enabled: false Ozone Security Enabled: false Ozone HTTP Security Enabled: false 
2021-10-13 10:11:19,644 [Listener at 0.0.0.0/14249] INFO  server.AuthenticationFilter (AuthenticationFilter.java:constructSecretProvider(240)) - Unable to initialize FileSignerSecretProvider, falling back to use random secrets.
2021-10-13 10:11:19,659 [Listener at 0.0.0.0/14249] WARN  http.HttpRequestLog (HttpRequestLog.java:getRequestLog(103)) - Jetty request log can only be enabled using Log4j
2021-10-13 10:11:19,660 [Listener at 0.0.0.0/14249] INFO  http.HttpServer2 (HttpServer2.java:addGlobalFilter(1030)) - Added global filter 'safety' (class=org.apache.hadoop.hdds.server.http.HttpServer2$QuotingInputFilter)
2021-10-13 10:11:19,661 [Listener at 0.0.0.0/14249] INFO  http.HttpServer2 (HttpServer2.java:addFilter(1006)) - Added filter static_user_filter (class=org.apache.hadoop.http.lib.StaticUserWebFilter$StaticUserFilter) to context scm
2021-10-13 10:11:19,661 [Listener at 0.0.0.0/14249] INFO  http.HttpServer2 (HttpServer2.java:addFilter(1014)) - Added filter static_user_filter (class=org.apache.hadoop.http.lib.StaticUserWebFilter$StaticUserFilter) to context logs
2021-10-13 10:11:19,661 [Listener at 0.0.0.0/14249] INFO  http.HttpServer2 (HttpServer2.java:addFilter(1014)) - Added filter static_user_filter (class=org.apache.hadoop.http.lib.StaticUserWebFilter$StaticUserFilter) to context static
2021-10-13 10:11:19,662 [Listener at 0.0.0.0/14249] INFO  http.HttpServer2 (HttpServer2.java:bindListener(1249)) - Jetty bound to port 14244
2021-10-13 10:11:19,662 [Listener at 0.0.0.0/14249] INFO  server.Server (Server.java:doStart(375)) - jetty-9.4.43.v20210629; built: 2021-06-30T11:07:22.254Z; git: 526006ecfa3af7f1a27ef3a288e2bef7ea9dd7e8; jvm 1.8.0_292-b10
2021-10-13 10:11:19,700 [Listener at 0.0.0.0/14249] INFO  server.session (DefaultSessionIdManager.java:doStart(334)) - DefaultSessionIdManager workerName=node0
2021-10-13 10:11:19,700 [Listener at 0.0.0.0/14249] INFO  server.session (DefaultSessionIdManager.java:doStart(339)) - No SessionScavenger set, using defaults
2021-10-13 10:11:19,701 [Listener at 0.0.0.0/14249] INFO  server.session (HouseKeeper.java:startScavenging(132)) - node0 Scavenging every 600000ms
2021-10-13 10:11:19,701 [Listener at 0.0.0.0/14249] INFO  handler.ContextHandler (ContextHandler.java:doStart(915)) - Started o.e.j.s.ServletContextHandler@59d44c64{logs,/logs,file:///home/runner/work/ozone/ozone/hadoop-ozone/integration-test/target/log,AVAILABLE}
2021-10-13 10:11:19,702 [Listener at 0.0.0.0/14249] INFO  handler.ContextHandler (ContextHandler.java:doStart(915)) - Started o.e.j.s.ServletContextHandler@40e41f16{static,/static,file:///home/runner/work/ozone/ozone/hadoop-ozone/integration-test/target/test-classes/webapps/static,AVAILABLE}
2021-10-13 10:11:19,706 [Listener at 0.0.0.0/14249] INFO  handler.ContextHandler (ContextHandler.java:doStart(915)) - Started o.e.j.w.WebAppContext@c9acbec{scm,/,file:///home/runner/work/ozone/ozone/hadoop-ozone/integration-test/target/test-classes/webapps/scm/,AVAILABLE}{file:/home/runner/work/ozone/ozone/hadoop-ozone/integration-test/target/test-classes/webapps/scm}
2021-10-13 10:11:19,716 [Listener at 0.0.0.0/14249] INFO  server.AbstractConnector (AbstractConnector.java:doStart(331)) - Started ServerConnector@5b19b5d5{HTTP/1.1, (http/1.1)}{0.0.0.0:14244}
2021-10-13 10:11:19,716 [Listener at 0.0.0.0/14249] INFO  server.Server (Server.java:doStart(415)) - Started @85474ms
2021-10-13 10:11:19,716 [Listener at 0.0.0.0/14249] WARN  impl.MetricsSystemImpl (MetricsSystemImpl.java:register(279)) - Sink prometheus already exists!
2021-10-13 10:11:19,717 [Listener at 0.0.0.0/14249] INFO  http.BaseHttpServer (BaseHttpServer.java:updateConnectorAddress(329)) - HTTP server of scm listening at http://0.0.0.0:14244
2021-10-13 10:11:19,717 [Listener at 0.0.0.0/14249] INFO  ozone.MiniOzoneHAClusterImpl (MiniOzoneHAClusterImpl.java:createSCMService(564)) - Started SCM RPC server at org.apache.hadoop.hdds.scm.server.SCMClientProtocolServer@5bf8d583
2021-10-13 10:11:19,719 [Listener at 0.0.0.0/14249] INFO  ha.SCMHANodeDetails (SCMHANodeDetails.java:loadSCMHAConfig(157)) - ServiceID for StorageContainerManager is scm-service-test1
2021-10-13 10:11:19,720 [Listener at 0.0.0.0/14249] INFO  ha.SCMHANodeDetails (SCMHANodeDetails.java:loadSCMHAConfig(168)) - ServiceID for StorageContainerManager is scm-service-test1
2021-10-13 10:11:19,720 [Listener at 0.0.0.0/14249] WARN  scm.ScmUtils (ScmUtils.java:logWarn(179)) - ConfigKey ozone.scm.block.client.address is deprecated, For configuring different ports for each SCM use PortConfigKey ozone.scm.block.client.port appended with serviceId and nodeId. If want to configure same port configure ozone.scm.block.client.port
2021-10-13 10:11:19,720 [Listener at 0.0.0.0/14249] WARN  scm.ScmUtils (ScmUtils.java:logWarn(179)) - ConfigKey ozone.scm.client.address is deprecated, For configuring different ports for each SCM use PortConfigKey ozone.scm.client.port appended with serviceId and nodeId. If want to configure same port configure ozone.scm.client.port
2021-10-13 10:11:19,720 [Listener at 0.0.0.0/14249] WARN  scm.ScmUtils (ScmUtils.java:logWarn(179)) - ConfigKey ozone.scm.datanode.address is deprecated, For configuring different ports for each SCM use PortConfigKey ozone.scm.datanode.port appended with serviceId and nodeId. If want to configure same port configure ozone.scm.datanode.port
2021-10-13 10:11:19,721 [Listener at 0.0.0.0/14249] WARN  scm.ScmUtils (ScmUtils.java:logWarn(179)) - ConfigKey ozone.scm.block.client.address is deprecated, For configuring different ports for each SCM use PortConfigKey ozone.scm.block.client.port appended with serviceId and nodeId. If want to configure same port configure ozone.scm.block.client.port
2021-10-13 10:11:19,721 [Listener at 0.0.0.0/14249] WARN  scm.ScmUtils (ScmUtils.java:logWarn(179)) - ConfigKey ozone.scm.client.address is deprecated, For configuring different ports for each SCM use PortConfigKey ozone.scm.client.port appended with serviceId and nodeId. If want to configure same port configure ozone.scm.client.port
2021-10-13 10:11:19,721 [Listener at 0.0.0.0/14249] WARN  scm.ScmUtils (ScmUtils.java:logWarn(179)) - ConfigKey ozone.scm.datanode.address is deprecated, For configuring different ports for each SCM use PortConfigKey ozone.scm.datanode.port appended with serviceId and nodeId. If want to configure same port configure ozone.scm.datanode.port
2021-10-13 10:11:19,721 [Listener at 0.0.0.0/14249] INFO  ha.SCMHANodeDetails (SCMHANodeDetails.java:loadSCMHAConfig(250)) - Found matching SCM address with SCMServiceId: scm-service-test1, SCMNodeId: scmNode-3, RPC Address: localhost:14256 and Ratis port: 14256
2021-10-13 10:11:19,721 [Listener at 0.0.0.0/14249] INFO  ha.SCMHANodeDetails (ConfUtils.java:setNodeSpecificConfigs(108)) - Setting configuration key ozone.scm.datanode.address with value of key ozone.scm.datanode.address.scm-service-test1.scmNode-3: 127.0.0.1:14257
2021-10-13 10:11:19,721 [Listener at 0.0.0.0/14249] INFO  ha.SCMHANodeDetails (ConfUtils.java:setNodeSpecificConfigs(108)) - Setting configuration key ozone.scm.block.client.address with value of key ozone.scm.block.client.address.scm-service-test1.scmNode-3: 127.0.0.1:14258
2021-10-13 10:11:19,721 [Listener at 0.0.0.0/14249] INFO  ha.SCMHANodeDetails (ConfUtils.java:setNodeSpecificConfigs(108)) - Setting configuration key ozone.scm.client.address with value of key ozone.scm.client.address.scm-service-test1.scmNode-3: 127.0.0.1:14259
2021-10-13 10:11:19,721 [Listener at 0.0.0.0/14249] INFO  ha.SCMHANodeDetails (ConfUtils.java:setNodeSpecificConfigs(108)) - Setting configuration key ozone.scm.ratis.port with value of key ozone.scm.ratis.port.scm-service-test1.scmNode-3: 14256
2021-10-13 10:11:19,722 [Listener at 0.0.0.0/14249] INFO  ha.SCMHANodeDetails (ConfUtils.java:setNodeSpecificConfigs(108)) - Setting configuration key ozone.scm.grpc.port with value of key ozone.scm.grpc.port.scm-service-test1.scmNode-3: 14260
2021-10-13 10:11:19,722 [Listener at 0.0.0.0/14249] INFO  ha.SCMHANodeDetails (ConfUtils.java:setNodeSpecificConfigs(108)) - Setting configuration key ozone.scm.http-address with value of key ozone.scm.http-address.scm-service-test1.scmNode-3: 127.0.0.1:14254
2021-10-13 10:11:19,722 [Listener at 0.0.0.0/14249] INFO  ha.SCMHANodeDetails (ConfUtils.java:setNodeSpecificConfigs(108)) - Setting configuration key ozone.scm.https-address with value of key ozone.scm.https-address.scm-service-test1.scmNode-3: 127.0.0.1:14255
2021-10-13 10:11:19,722 [Listener at 0.0.0.0/14249] INFO  ha.SCMHANodeDetails (ConfUtils.java:setNodeSpecificConfigs(108)) - Setting configuration key ozone.scm.address with value of key ozone.scm.address.scm-service-test1.scmNode-3: 127.0.0.1
2021-10-13 10:11:19,722 [Listener at 0.0.0.0/14249] WARN  scm.ScmUtils (ScmUtils.java:logWarn(179)) - ConfigKey ozone.scm.block.client.address is deprecated, For configuring different ports for each SCM use PortConfigKey ozone.scm.block.client.port appended with serviceId and nodeId. If want to configure same port configure ozone.scm.block.client.port
2021-10-13 10:11:19,722 [Listener at 0.0.0.0/14249] WARN  scm.ScmUtils (ScmUtils.java:logWarn(179)) - ConfigKey ozone.scm.client.address is deprecated, For configuring different ports for each SCM use PortConfigKey ozone.scm.client.port appended with serviceId and nodeId. If want to configure same port configure ozone.scm.client.port
2021-10-13 10:11:19,722 [Listener at 0.0.0.0/14249] WARN  scm.ScmUtils (ScmUtils.java:logWarn(179)) - ConfigKey ozone.scm.datanode.address is deprecated, For configuring different ports for each SCM use PortConfigKey ozone.scm.datanode.port appended with serviceId and nodeId. If want to configure same port configure ozone.scm.datanode.port
2021-10-13 10:11:19,723 [Listener at 0.0.0.0/14249] WARN  server.ServerUtils (ServerUtils.java:getScmDbDir(148)) - ozone.scm.db.dirs is not configured. We recommend adding this setting. Falling back to ozone.metadata.dirs instead.
2021-10-13 10:11:19,724 [Listener at 0.0.0.0/14249] INFO  ha.SCMNodeInfo (SCMNodeInfo.java:getPort(197)) - ConfigKey ozone.scm.client.address is deprecated, For configuring different ports for each SCM use PortConfigKey ozone.scm.client.port appended with serviceId and nodeId
2021-10-13 10:11:19,725 [Listener at 0.0.0.0/14249] INFO  ha.SCMNodeInfo (SCMNodeInfo.java:getPort(197)) - ConfigKey ozone.scm.block.client.address is deprecated, For configuring different ports for each SCM use PortConfigKey ozone.scm.block.client.port appended with serviceId and nodeId
2021-10-13 10:11:19,728 [Listener at 0.0.0.0/14249] INFO  ha.SCMNodeInfo (SCMNodeInfo.java:getPort(197)) - ConfigKey ozone.scm.datanode.address is deprecated, For configuring different ports for each SCM use PortConfigKey ozone.scm.datanode.port appended with serviceId and nodeId
2021-10-13 10:11:19,728 [Listener at 0.0.0.0/14249] INFO  ha.SCMNodeInfo (SCMNodeInfo.java:getPort(197)) - ConfigKey ozone.scm.client.address is deprecated, For configuring different ports for each SCM use PortConfigKey ozone.scm.client.port appended with serviceId and nodeId
2021-10-13 10:11:19,728 [Listener at 0.0.0.0/14249] INFO  ha.SCMNodeInfo (SCMNodeInfo.java:getPort(197)) - ConfigKey ozone.scm.block.client.address is deprecated, For configuring different ports for each SCM use PortConfigKey ozone.scm.block.client.port appended with serviceId and nodeId
2021-10-13 10:11:19,728 [Listener at 0.0.0.0/14249] INFO  ha.SCMNodeInfo (SCMNodeInfo.java:getPort(197)) - ConfigKey ozone.scm.datanode.address is deprecated, For configuring different ports for each SCM use PortConfigKey ozone.scm.datanode.port appended with serviceId and nodeId
2021-10-13 10:11:19,728 [Listener at 0.0.0.0/14249] INFO  ha.SCMNodeInfo (SCMNodeInfo.java:getPort(197)) - ConfigKey ozone.scm.client.address is deprecated, For configuring different ports for each SCM use PortConfigKey ozone.scm.client.port appended with serviceId and nodeId
2021-10-13 10:11:19,729 [Listener at 0.0.0.0/14249] INFO  ha.SCMNodeInfo (SCMNodeInfo.java:getPort(197)) - ConfigKey ozone.scm.block.client.address is deprecated, For configuring different ports for each SCM use PortConfigKey ozone.scm.block.client.port appended with serviceId and nodeId
2021-10-13 10:11:19,729 [Listener at 0.0.0.0/14249] INFO  ha.SCMNodeInfo (SCMNodeInfo.java:getPort(197)) - ConfigKey ozone.scm.datanode.address is deprecated, For configuring different ports for each SCM use PortConfigKey ozone.scm.datanode.port appended with serviceId and nodeId
2021-10-13 10:11:19,747 [Listener at 0.0.0.0/14249] INFO  server.StorageContainerManager (StorageContainerManager.java:scmBootstrap(987)) - SCM BootStrap  is successful for ClusterID 7a3c196b-86f6-4848-923d-88c8cd7ca178, SCMID 331de3d1-09e8-4a6e-81ce-27fbcffaf652
2021-10-13 10:11:19,747 [Listener at 0.0.0.0/14249] INFO  server.StorageContainerManager (StorageContainerManager.java:scmBootstrap(989)) - Primary SCM Node ID 3e49b098-f263-4746-8850-a06a1becd7d6
2021-10-13 10:11:19,747 [Listener at 0.0.0.0/14249] INFO  ha.SCMHANodeDetails (SCMHANodeDetails.java:loadSCMHAConfig(157)) - ServiceID for StorageContainerManager is scm-service-test1
2021-10-13 10:11:19,747 [Listener at 0.0.0.0/14249] INFO  ha.SCMHANodeDetails (SCMHANodeDetails.java:loadSCMHAConfig(168)) - ServiceID for StorageContainerManager is scm-service-test1
2021-10-13 10:11:19,747 [Listener at 0.0.0.0/14249] WARN  scm.ScmUtils (ScmUtils.java:logWarn(179)) - ConfigKey ozone.scm.block.client.address is deprecated, For configuring different ports for each SCM use PortConfigKey ozone.scm.block.client.port appended with serviceId and nodeId. If want to configure same port configure ozone.scm.block.client.port
2021-10-13 10:11:19,748 [Listener at 0.0.0.0/14249] WARN  scm.ScmUtils (ScmUtils.java:logWarn(179)) - ConfigKey ozone.scm.client.address is deprecated, For configuring different ports for each SCM use PortConfigKey ozone.scm.client.port appended with serviceId and nodeId. If want to configure same port configure ozone.scm.client.port
2021-10-13 10:11:19,748 [Listener at 0.0.0.0/14249] WARN  scm.ScmUtils (ScmUtils.java:logWarn(179)) - ConfigKey ozone.scm.datanode.address is deprecated, For configuring different ports for each SCM use PortConfigKey ozone.scm.datanode.port appended with serviceId and nodeId. If want to configure same port configure ozone.scm.datanode.port
2021-10-13 10:11:19,748 [Listener at 0.0.0.0/14249] WARN  scm.ScmUtils (ScmUtils.java:logWarn(179)) - ConfigKey ozone.scm.block.client.address is deprecated, For configuring different ports for each SCM use PortConfigKey ozone.scm.block.client.port appended with serviceId and nodeId. If want to configure same port configure ozone.scm.block.client.port
2021-10-13 10:11:19,748 [Listener at 0.0.0.0/14249] WARN  scm.ScmUtils (ScmUtils.java:logWarn(179)) - ConfigKey ozone.scm.client.address is deprecated, For configuring different ports for each SCM use PortConfigKey ozone.scm.client.port appended with serviceId and nodeId. If want to configure same port configure ozone.scm.client.port
2021-10-13 10:11:19,748 [Listener at 0.0.0.0/14249] WARN  scm.ScmUtils (ScmUtils.java:logWarn(179)) - ConfigKey ozone.scm.datanode.address is deprecated, For configuring different ports for each SCM use PortConfigKey ozone.scm.datanode.port appended with serviceId and nodeId. If want to configure same port configure ozone.scm.datanode.port
2021-10-13 10:11:19,748 [Listener at 0.0.0.0/14249] INFO  ha.SCMHANodeDetails (SCMHANodeDetails.java:loadSCMHAConfig(250)) - Found matching SCM address with SCMServiceId: scm-service-test1, SCMNodeId: scmNode-3, RPC Address: localhost:14256 and Ratis port: 14256
2021-10-13 10:11:19,749 [Listener at 0.0.0.0/14249] INFO  ha.SCMHANodeDetails (ConfUtils.java:setNodeSpecificConfigs(108)) - Setting configuration key ozone.scm.datanode.address with value of key ozone.scm.datanode.address.scm-service-test1.scmNode-3: 127.0.0.1:14257
2021-10-13 10:11:19,749 [Listener at 0.0.0.0/14249] INFO  ha.SCMHANodeDetails (ConfUtils.java:setNodeSpecificConfigs(108)) - Setting configuration key ozone.scm.block.client.address with value of key ozone.scm.block.client.address.scm-service-test1.scmNode-3: 127.0.0.1:14258
2021-10-13 10:11:19,749 [Listener at 0.0.0.0/14249] INFO  ha.SCMHANodeDetails (ConfUtils.java:setNodeSpecificConfigs(108)) - Setting configuration key ozone.scm.client.address with value of key ozone.scm.client.address.scm-service-test1.scmNode-3: 127.0.0.1:14259
2021-10-13 10:11:19,749 [Listener at 0.0.0.0/14249] INFO  ha.SCMHANodeDetails (ConfUtils.java:setNodeSpecificConfigs(108)) - Setting configuration key ozone.scm.ratis.port with value of key ozone.scm.ratis.port.scm-service-test1.scmNode-3: 14256
2021-10-13 10:11:19,749 [Listener at 0.0.0.0/14249] INFO  ha.SCMHANodeDetails (ConfUtils.java:setNodeSpecificConfigs(108)) - Setting configuration key ozone.scm.grpc.port with value of key ozone.scm.grpc.port.scm-service-test1.scmNode-3: 14260
2021-10-13 10:11:19,749 [Listener at 0.0.0.0/14249] INFO  ha.SCMHANodeDetails (ConfUtils.java:setNodeSpecificConfigs(108)) - Setting configuration key ozone.scm.http-address with value of key ozone.scm.http-address.scm-service-test1.scmNode-3: 127.0.0.1:14254
2021-10-13 10:11:19,749 [Listener at 0.0.0.0/14249] INFO  ha.SCMHANodeDetails (ConfUtils.java:setNodeSpecificConfigs(108)) - Setting configuration key ozone.scm.https-address with value of key ozone.scm.https-address.scm-service-test1.scmNode-3: 127.0.0.1:14255
2021-10-13 10:11:19,749 [Listener at 0.0.0.0/14249] INFO  ha.SCMHANodeDetails (ConfUtils.java:setNodeSpecificConfigs(108)) - Setting configuration key ozone.scm.address with value of key ozone.scm.address.scm-service-test1.scmNode-3: 127.0.0.1
2021-10-13 10:11:19,749 [Listener at 0.0.0.0/14249] WARN  scm.ScmUtils (ScmUtils.java:logWarn(179)) - ConfigKey ozone.scm.block.client.address is deprecated, For configuring different ports for each SCM use PortConfigKey ozone.scm.block.client.port appended with serviceId and nodeId. If want to configure same port configure ozone.scm.block.client.port
2021-10-13 10:11:19,750 [Listener at 0.0.0.0/14249] WARN  scm.ScmUtils (ScmUtils.java:logWarn(179)) - ConfigKey ozone.scm.client.address is deprecated, For configuring different ports for each SCM use PortConfigKey ozone.scm.client.port appended with serviceId and nodeId. If want to configure same port configure ozone.scm.client.port
2021-10-13 10:11:19,750 [Listener at 0.0.0.0/14249] WARN  scm.ScmUtils (ScmUtils.java:logWarn(179)) - ConfigKey ozone.scm.datanode.address is deprecated, For configuring different ports for each SCM use PortConfigKey ozone.scm.datanode.port appended with serviceId and nodeId. If want to configure same port configure ozone.scm.datanode.port
2021-10-13 10:11:19,750 [Listener at 0.0.0.0/14249] WARN  server.ServerUtils (ServerUtils.java:getScmDbDir(148)) - ozone.scm.db.dirs is not configured. We recommend adding this setting. Falling back to ozone.metadata.dirs instead.
2021-10-13 10:11:19,751 [Listener at 0.0.0.0/14249] INFO  upgrade.AbstractLayoutVersionManager (AbstractLayoutVersionManager.java:init(79)) - Initializing Layout version manager with metadata layout = SCM_HA (version = 2), software layout = SCM_HA (version = 2)
2021-10-13 10:11:19,833 [Listener at 0.0.0.0/14249] INFO  reflections.Reflections (Reflections.java:scan(232)) - Reflections took 81 ms to scan 7 urls, producing 119 keys and 278 values 
2021-10-13 10:11:19,835 [Listener at 0.0.0.0/14249] WARN  utils.HAUtils (HAUtils.java:getMetaDir(342)) - ozone.scm.db.dirs is not configured. We recommend adding this setting. Falling back to ozone.metadata.dirs instead.
2021-10-13 10:11:19,840 [Listener at 0.0.0.0/14249] WARN  db.DBStoreBuilder (DBStoreBuilder.java:applyDBDefinition(145)) - ozone.scm.db.dirs is not configured. We recommend adding this setting. Falling back to ozone.metadata.dirs instead.
2021-10-13 10:11:20,002 [Listener at 0.0.0.0/14249] INFO  net.NodeSchemaLoader (NodeSchemaLoader.java:loadSchemaFromFile(129)) - Loading schema from [jar:file:/home/runner/.m2/repository/org/apache/ozone/hdds-common/1.2.0-SNAPSHOT/hdds-common-1.2.0-SNAPSHOT.jar!/network-topology-default.xml]
2021-10-13 10:11:20,002 [Listener at 0.0.0.0/14249] INFO  net.NodeSchemaLoader (NodeSchemaLoader.java:loadSchema(176)) - Loading network topology layer schema file
2021-10-13 10:11:20,008 [Listener at 0.0.0.0/14249] WARN  impl.MetricRegistriesImpl (MetricRegistriesImpl.java:addReporterRegistration(111)) - New reporters are added after registries were created. Some metrics will be missing from the reporter. Please add reporter before adding any new registry.
2021-10-13 10:11:20,008 [Listener at 0.0.0.0/14249] WARN  impl.MetricRegistriesImpl (MetricRegistriesImpl.java:addReporterRegistration(111)) - New reporters are added after registries were created. Some metrics will be missing from the reporter. Please add reporter before adding any new registry.
2021-10-13 10:11:20,010 [Listener at 0.0.0.0/14249] INFO  ha.SCMRatisServerImpl (SCMRatisServerImpl.java:<init>(87)) - starting Raft server for scm:331de3d1-09e8-4a6e-81ce-27fbcffaf652
2021-10-13 10:11:20,012 [Listener at 0.0.0.0/14249] INFO  server.RaftServer (ConfUtils.java:logGet(44)) - raft.rpc.type = GRPC (default)
2021-10-13 10:11:20,013 [Listener at 0.0.0.0/14249] INFO  grpc.GrpcFactory (GrpcFactory.java:checkPooledByteBufAllocatorUseCacheForAllThreads(48)) - PERFORMANCE WARNING: useCacheForAllThreads is true that may cause Netty to create a lot garbage objects and, as a result, trigger GC.
	It is recommended to disable useCacheForAllThreads by setting -Dorg.apache.ratis.thirdparty.io.netty.allocator.useCacheForAllThreads=false in command line.
2021-10-13 10:11:20,013 [Listener at 0.0.0.0/14249] INFO  grpc.GrpcConfigKeys (ConfUtils.java:logGet(44)) - raft.grpc.admin.port = -1 (default)
2021-10-13 10:11:20,013 [Listener at 0.0.0.0/14249] INFO  grpc.GrpcConfigKeys (ConfUtils.java:logGet(44)) - raft.grpc.server.port = 14256 (custom)
2021-10-13 10:11:20,020 [Listener at 0.0.0.0/14249] INFO  grpc.GrpcConfigKeys (ConfUtils.java:logGet(44)) - raft.grpc.client.port = -1 (default)
2021-10-13 10:11:20,020 [Listener at 0.0.0.0/14249] INFO  grpc.GrpcConfigKeys (ConfUtils.java:logGet(44)) - raft.grpc.server.port = 14256 (custom)
2021-10-13 10:11:20,020 [Listener at 0.0.0.0/14249] INFO  grpc.GrpcConfigKeys (ConfUtils.java:logGet(44)) - raft.grpc.server.port = 14256 (custom)
2021-10-13 10:11:20,020 [Listener at 0.0.0.0/14249] INFO  server.GrpcService (ConfUtils.java:logGet(44)) - raft.grpc.message.size.max = 32m (=33554432) (custom)
2021-10-13 10:11:20,021 [Listener at 0.0.0.0/14249] INFO  server.RaftServerConfigKeys (ConfUtils.java:logGet(44)) - raft.server.log.appender.buffer.byte-limit = 33554432 (custom)
2021-10-13 10:11:20,021 [Listener at 0.0.0.0/14249] INFO  server.GrpcService (ConfUtils.java:logGet(44)) - raft.grpc.flow.control.window = 1MB (=1048576) (default)
2021-10-13 10:11:20,021 [Listener at 0.0.0.0/14249] INFO  server.RaftServerConfigKeys (ConfUtils.java:logGet(44)) - raft.server.rpc.request.timeout = 30000ms (custom)
2021-10-13 10:11:20,022 [Listener at 0.0.0.0/14249] INFO  impl.DataStreamServerImpl (ConfUtils.java:logGet(44)) - raft.datastream.type = DISABLED (default)
2021-10-13 10:11:20,023 [Listener at 0.0.0.0/14249] INFO  server.RaftServerConfigKeys (ConfUtils.java:logGet(44)) - raft.server.rpc.slowness.timeout = 120000ms (custom)
2021-10-13 10:11:20,023 [Listener at 0.0.0.0/14249] INFO  server.RaftServerConfigKeys (ConfUtils.java:logGet(44)) - raft.server.leaderelection.leader.step-down.wait-time = 10s (default)
2021-10-13 10:11:20,023 [Listener at 0.0.0.0/14249] INFO  server.RaftServerConfigKeys (ConfUtils.java:logGet(44)) - raft.server.storage.dir = [/home/runner/work/ozone/ozone/hadoop-ozone/integration-test/target/test-dir/MiniOzoneClusterImpl-7a3c196b-86f6-4848-923d-88c8cd7ca178/scmNode-3/scm-ha] (custom)
2021-10-13 10:11:20,026 [Listener at 0.0.0.0/14249] INFO  server.RaftServer (RaftServerProxy.java:addNew(95)) - 331de3d1-09e8-4a6e-81ce-27fbcffaf652: addNew group-88C8CD7CA178:[] returns group-88C8CD7CA178:java.util.concurrent.CompletableFuture@662d42e[Not completed]
2021-10-13 10:11:20,026 [pool-228-thread-1] INFO  server.RaftServer$Division (RaftServerImpl.java:<init>(181)) - 331de3d1-09e8-4a6e-81ce-27fbcffaf652: new RaftServerImpl for group-88C8CD7CA178:[] with SCMStateMachine:uninitialized
2021-10-13 10:11:20,032 [EndpointStateMachine task thread for /127.0.0.1:13897 - 0 ] INFO  ipc.Client (Client.java:handleConnectionFailure(977)) - Retrying connect to server: localhost/127.0.0.1:13897. Already tried 1 time(s); retry policy is RetryUpToMaximumCountWithFixedSleep(maxRetries=15, sleepTime=1000 MILLISECONDS)
2021-10-13 10:11:20,034 [pool-228-thread-1] INFO  server.RaftServerConfigKeys (ConfUtils.java:logGet(44)) - raft.server.rpc.timeout.min = 5000ms (custom)
2021-10-13 10:11:20,034 [pool-228-thread-1] INFO  server.RaftServerConfigKeys (ConfUtils.java:logGet(44)) - raft.server.rpc.timeout.max = 5200ms (custom)
2021-10-13 10:11:20,034 [pool-228-thread-1] INFO  server.RaftServerConfigKeys (ConfUtils.java:logGet(44)) - raft.server.rpc.sleep.time = 25ms (default)
2021-10-13 10:11:20,034 [pool-228-thread-1] INFO  server.RaftServerConfigKeys (ConfUtils.java:logGet(44)) - raft.server.rpc.slowness.timeout = 120000ms (custom)
2021-10-13 10:11:20,034 [pool-228-thread-1] INFO  server.RaftServerConfigKeys (ConfUtils.java:logGet(44)) - raft.server.leaderelection.leader.step-down.wait-time = 10s (default)
2021-10-13 10:11:20,034 [pool-228-thread-1] INFO  server.RaftServerConfigKeys (ConfUtils.java:logGet(44)) - raft.server.sleep.deviation.threshold = 300ms (default)
2021-10-13 10:11:20,034 [pool-228-thread-1] INFO  server.RaftServerConfigKeys (ConfUtils.java:logGet(44)) - raft.server.log.appender.install.snapshot.enabled = false (custom)
2021-10-13 10:11:20,034 [pool-228-thread-1] INFO  server.RaftServer$Division (ServerState.java:<init>(105)) - 331de3d1-09e8-4a6e-81ce-27fbcffaf652@group-88C8CD7CA178: ConfigurationManager, init=-1: [], old=null, confs=<EMPTY_MAP>
2021-10-13 10:11:20,034 [pool-228-thread-1] INFO  server.RaftServerConfigKeys (ConfUtils.java:logGet(44)) - raft.server.storage.dir = [/home/runner/work/ozone/ozone/hadoop-ozone/integration-test/target/test-dir/MiniOzoneClusterImpl-7a3c196b-86f6-4848-923d-88c8cd7ca178/scmNode-3/scm-ha] (custom)
2021-10-13 10:11:20,035 [pool-228-thread-1] INFO  server.RaftServerConfigKeys (ConfUtils.java:logGet(44)) - raft.server.log.corruption.policy = EXCEPTION (default)
2021-10-13 10:11:20,035 [pool-228-thread-1] INFO  server.RaftServerConfigKeys (ConfUtils.java:logGet(44)) - raft.server.storage.free-space.min = 0MB (=0) (default)
2021-10-13 10:11:20,035 [pool-228-thread-1] INFO  storage.RaftStorageDirectory (RaftStorageDirectoryImpl.java:analyzeStorage(135)) - The storage directory /home/runner/work/ozone/ozone/hadoop-ozone/integration-test/target/test-dir/MiniOzoneClusterImpl-7a3c196b-86f6-4848-923d-88c8cd7ca178/scmNode-3/scm-ha/7a3c196b-86f6-4848-923d-88c8cd7ca178 does not exist. Creating ...
2021-10-13 10:11:20,041 [pool-228-thread-1] INFO  storage.RaftStorageDirectory (RaftStorageDirectoryImpl.java:tryLock(230)) - Lock on /home/runner/work/ozone/ozone/hadoop-ozone/integration-test/target/test-dir/MiniOzoneClusterImpl-7a3c196b-86f6-4848-923d-88c8cd7ca178/scmNode-3/scm-ha/7a3c196b-86f6-4848-923d-88c8cd7ca178/in_use.lock acquired by nodename 26829@fv-az395-254
2021-10-13 10:11:20,043 [pool-228-thread-1] INFO  storage.RaftStorage (RaftStorageImpl.java:format(89)) - Storage directory /home/runner/work/ozone/ozone/hadoop-ozone/integration-test/target/test-dir/MiniOzoneClusterImpl-7a3c196b-86f6-4848-923d-88c8cd7ca178/scmNode-3/scm-ha/7a3c196b-86f6-4848-923d-88c8cd7ca178 has been successfully formatted.
2021-10-13 10:11:20,044 [pool-228-thread-1] INFO  server.RaftServerConfigKeys (ConfUtils.java:logGet(44)) - raft.server.notification.no-leader.timeout = 60s (default)
2021-10-13 10:11:20,044 [pool-228-thread-1] INFO  server.RaftServerConfigKeys (ConfUtils.java:logGet(44)) - raft.server.log.use.memory = false (default)
2021-10-13 10:11:20,044 [pool-228-thread-1] INFO  server.RaftServerConfigKeys (ConfUtils.java:logGet(44)) - raft.server.log.purge.gap = 5 (custom)
2021-10-13 10:11:20,044 [pool-228-thread-1] INFO  server.RaftServerConfigKeys (ConfUtils.java:logGet(44)) - raft.server.log.appender.buffer.byte-limit = 33554432 (custom)
2021-10-13 10:11:20,044 [pool-228-thread-1] INFO  server.RaftServerConfigKeys (ConfUtils.java:logGet(44)) - raft.server.log.segment.size.max = 16384 (custom)
2021-10-13 10:11:20,045 [pool-228-thread-1] INFO  server.RaftServerConfigKeys (ConfUtils.java:logGet(44)) - raft.server.log.segment.cache.num.max = 2 (custom)
2021-10-13 10:11:20,048 [pool-228-thread-1] INFO  server.RaftServerConfigKeys (ConfUtils.java:logGet(44)) - raft.server.log.segment.cache.size.max = 200MB (=209715200) (default)
2021-10-13 10:11:20,048 [pool-228-thread-1] INFO  segmented.SegmentedRaftLogWorker (SegmentedRaftLogWorker.java:<init>(182)) - new 331de3d1-09e8-4a6e-81ce-27fbcffaf652@group-88C8CD7CA178-SegmentedRaftLogWorker for RaftStorageImpl:Storage Directory /home/runner/work/ozone/ozone/hadoop-ozone/integration-test/target/test-dir/MiniOzoneClusterImpl-7a3c196b-86f6-4848-923d-88c8cd7ca178/scmNode-3/scm-ha/7a3c196b-86f6-4848-923d-88c8cd7ca178
2021-10-13 10:11:20,048 [pool-228-thread-1] INFO  server.RaftServerConfigKeys (ConfUtils.java:logGet(44)) - raft.server.log.queue.byte-limit = 64MB (=67108864) (default)
2021-10-13 10:11:20,048 [pool-228-thread-1] INFO  server.RaftServerConfigKeys (ConfUtils.java:logGet(44)) - raft.server.log.queue.element-limit = 4096 (default)
2021-10-13 10:11:20,048 [pool-228-thread-1] INFO  server.RaftServerConfigKeys (ConfUtils.java:logGet(44)) - raft.server.log.segment.size.max = 16384 (custom)
2021-10-13 10:11:20,048 [pool-228-thread-1] INFO  server.RaftServerConfigKeys (ConfUtils.java:logGet(44)) - raft.server.log.preallocated.size = 16384 (custom)
2021-10-13 10:11:20,048 [pool-228-thread-1] INFO  server.RaftServerConfigKeys (ConfUtils.java:logGet(44)) - raft.server.log.force.sync.num = 128 (default)
2021-10-13 10:11:20,048 [pool-228-thread-1] INFO  server.RaftServerConfigKeys (ConfUtils.java:logGet(44)) - raft.server.log.statemachine.data.sync = true (default)
2021-10-13 10:11:20,049 [pool-228-thread-1] INFO  server.RaftServerConfigKeys (ConfUtils.java:logGet(44)) - raft.server.log.statemachine.data.sync.timeout = 10s (default)
2021-10-13 10:11:20,049 [pool-228-thread-1] INFO  server.RaftServerConfigKeys (ConfUtils.java:logGet(44)) - raft.server.log.statemachine.data.sync.timeout.retry = -1 (default)
2021-10-13 10:11:20,050 [pool-228-thread-1] INFO  server.RaftServerConfigKeys (ConfUtils.java:logGet(44)) - raft.server.log.write.buffer.size = 64KB (=65536) (default)
2021-10-13 10:11:20,051 [pool-228-thread-1] INFO  server.RaftServerConfigKeys (ConfUtils.java:logGet(44)) - raft.server.log.statemachine.data.caching.enabled = false (default)
2021-10-13 10:11:20,051 [pool-228-thread-1] INFO  segmented.SegmentedRaftLogWorker (SegmentedRaftLogWorker.java:lambda$new$0(133)) - 331de3d1-09e8-4a6e-81ce-27fbcffaf652@group-88C8CD7CA178-SegmentedRaftLogWorker: flushIndex: setUnconditionally 0 -> -1
2021-10-13 10:11:20,051 [pool-228-thread-1] INFO  segmented.SegmentedRaftLogWorker (SegmentedRaftLogWorker.java:lambda$new$0(133)) - 331de3d1-09e8-4a6e-81ce-27fbcffaf652@group-88C8CD7CA178-SegmentedRaftLogWorker: safeCacheEvictIndex: setUnconditionally 0 -> -1
2021-10-13 10:11:20,064 [pool-228-thread-1] INFO  server.RaftServerConfigKeys (ConfUtils.java:logGet(44)) - raft.server.snapshot.auto.trigger.enabled = true (custom)
2021-10-13 10:11:20,064 [pool-228-thread-1] INFO  server.RaftServerConfigKeys (ConfUtils.java:logGet(44)) - raft.server.snapshot.auto.trigger.threshold = 5 (custom)
2021-10-13 10:11:20,064 [pool-228-thread-1] INFO  server.RaftServerConfigKeys (ConfUtils.java:logGet(44)) - raft.server.snapshot.retention.file.num = -1 (default)
2021-10-13 10:11:20,064 [pool-228-thread-1] INFO  server.RaftServerConfigKeys (ConfUtils.java:logGet(44)) - raft.server.log.purge.upto.snapshot.index = true (custom)
2021-10-13 10:11:20,064 [pool-228-thread-1] INFO  server.RaftServerConfigKeys (ConfUtils.java:logGet(44)) - raft.server.retrycache.expirytime = 60000ms (default)
2021-10-13 10:11:20,064 [pool-228-thread-1] INFO  server.RaftServerConfigKeys (ConfUtils.java:logGet(44)) - raft.server.retrycache.statistics.expirytime = 100μs (default)
2021-10-13 10:11:20,066 [Listener at 0.0.0.0/14249] INFO  ha.SCMSnapshotProvider (SCMSnapshotProvider.java:<init>(66)) - Initializing SCM Snapshot Provider
2021-10-13 10:11:20,066 [Listener at 0.0.0.0/14249] WARN  server.ServerUtils (ServerUtils.java:getDefaultRatisDirectory(237)) - Storage directory for Ratis is not configured. It is a good idea to map this to an SSD disk. Falling back to ozone.metadata.dirs
2021-10-13 10:11:20,066 [Listener at 0.0.0.0/14249] WARN  ha.SCMHAUtils (SCMHAUtils.java:getSCMRatisSnapshotDirectory(146)) - SCM snapshot dir is not configured. Falling back to ozone.metadata.dirs config
2021-10-13 10:11:20,068 [Listener at 0.0.0.0/14249] INFO  ha.SequenceIdGenerator (SequenceIdGenerator.java:upgradeToSequenceId(347)) - upgrade localId to 107544261427200000
2021-10-13 10:11:20,068 [Listener at 0.0.0.0/14249] INFO  ha.SequenceIdGenerator (SequenceIdGenerator.java:upgradeToSequenceId(357)) - upgrade delTxnId to 0
2021-10-13 10:11:20,068 [Listener at 0.0.0.0/14249] INFO  ha.SequenceIdGenerator (SequenceIdGenerator.java:upgradeToSequenceId(371)) - upgrade containerId to 0
2021-10-13 10:11:20,068 [Listener at 0.0.0.0/14249] INFO  ha.SequenceIdGenerator (SequenceIdGenerator.java:<init>(218)) - Init the HA SequenceIdGenerator.
2021-10-13 10:11:20,069 [Listener at 0.0.0.0/14249] WARN  server.ServerUtils (ServerUtils.java:sanitizeUserArgs(73)) - ozone.scm.stale.node.interval value = 300000 is larger than max = 100000 based on the key value of ozone.scm.heartbeat.thread.interval, reset to the max value 100000.
2021-10-13 10:11:20,069 [Listener at 0.0.0.0/14249] WARN  server.ServerUtils (ServerUtils.java:sanitizeUserArgs(73)) - ozone.scm.stale.node.interval value = 300000 is larger than max = 100000 based on the key value of ozone.scm.heartbeat.thread.interval, reset to the max value 100000.
2021-10-13 10:11:20,070 [Listener at 0.0.0.0/14249] INFO  node.SCMNodeManager (SCMNodeManager.java:<init>(144)) - Entering startup safe mode.
2021-10-13 10:11:20,071 [Listener at 0.0.0.0/14249] INFO  algorithms.ContainerPlacementPolicyFactory (ContainerPlacementPolicyFactory.java:getPolicy(60)) - Create container placement policy of type org.apache.hadoop.hdds.scm.container.placement.algorithms.SCMContainerPlacementRandom
2021-10-13 10:11:20,071 [Listener at 0.0.0.0/14249] INFO  pipeline.PipelineStateManagerImpl (PipelineStateManagerImpl.java:initialize(78)) - No pipeline exists in current db
2021-10-13 10:11:20,072 [Listener at 0.0.0.0/14249] INFO  algorithms.LeaderChoosePolicyFactory (LeaderChoosePolicyFactory.java:getPolicy(57)) - Create leader choose policy of type org.apache.hadoop.hdds.scm.pipeline.leader.choose.algorithms.MinLeaderCountChoosePolicy
2021-10-13 10:11:20,072 [Listener at 0.0.0.0/14249] INFO  ha.SCMServiceManager (SCMServiceManager.java:register(43)) - Registering service BackgroundPipelineCreator.
2021-10-13 10:11:20,072 [Listener at 0.0.0.0/14249] INFO  pipeline.BackgroundPipelineCreator (BackgroundPipelineCreator.java:start(130)) - Starting RatisPipelineUtilsThread.
2021-10-13 10:11:20,081 [Listener at 0.0.0.0/14249] INFO  algorithms.PipelineChoosePolicyFactory (PipelineChoosePolicyFactory.java:createPipelineChoosePolicyFromClass(73)) - Create pipeline choose policy of type org.apache.hadoop.hdds.scm.pipeline.choose.algorithms.RandomPipelineChoosePolicy
2021-10-13 10:11:20,081 [Listener at 0.0.0.0/14249] INFO  ha.SCMServiceManager (SCMServiceManager.java:register(43)) - Registering service SCMBlockDeletingService.
2021-10-13 10:11:20,082 [Listener at 0.0.0.0/14249] INFO  ha.SCMServiceManager (SCMServiceManager.java:register(43)) - Registering service ReplicationManager.
2021-10-13 10:11:20,083 [Listener at 0.0.0.0/14249] INFO  container.ReplicationManager (ReplicationManager.java:start(319)) - Starting Replication Monitor Thread.
2021-10-13 10:11:20,092 [Listener at 0.0.0.0/14249] INFO  safemode.ContainerSafeModeRule (ContainerSafeModeRule.java:<init>(89)) - containers with one replica threshold count 0
2021-10-13 10:11:20,093 [Listener at 0.0.0.0/14249] INFO  safemode.HealthyPipelineSafeModeRule (HealthyPipelineSafeModeRule.java:initializeRule(156)) - Total pipeline count is 0, healthy pipeline threshold count is 1
2021-10-13 10:11:20,093 [Listener at 0.0.0.0/14249] INFO  safemode.OneReplicaPipelineSafeModeRule (OneReplicaPipelineSafeModeRule.java:initializeRule(180)) - Total pipeline count is 0, pipeline's with at least one datanode reported threshold count is 0
2021-10-13 10:11:20,100 [Listener at 0.0.0.0/14249] INFO  ipc.CallQueueManager (CallQueueManager.java:<init>(90)) - Using callQueue: class java.util.concurrent.LinkedBlockingQueue, queueCapacity: 2000, scheduler: class org.apache.hadoop.ipc.DefaultRpcScheduler, ipcBackoff: false.
2021-10-13 10:11:20,101 [Socket Reader #1 for port 14257] INFO  ipc.Server (Server.java:run(1265)) - Starting Socket Reader #1 for port 14257
2021-10-13 10:11:20,105 [Listener at 0.0.0.0/14257] INFO  ipc.CallQueueManager (CallQueueManager.java:<init>(90)) - Using callQueue: class java.util.concurrent.LinkedBlockingQueue, queueCapacity: 2000, scheduler: class org.apache.hadoop.ipc.DefaultRpcScheduler, ipcBackoff: false.
2021-10-13 10:11:20,106 [Socket Reader #1 for port 14258] INFO  ipc.Server (Server.java:run(1265)) - Starting Socket Reader #1 for port 14258
2021-10-13 10:11:20,112 [Listener at 0.0.0.0/14258] INFO  ipc.CallQueueManager (CallQueueManager.java:<init>(90)) - Using callQueue: class java.util.concurrent.LinkedBlockingQueue, queueCapacity: 2000, scheduler: class org.apache.hadoop.ipc.DefaultRpcScheduler, ipcBackoff: false.
2021-10-13 10:11:20,114 [Socket Reader #1 for port 14259] INFO  ipc.Server (Server.java:run(1265)) - Starting Socket Reader #1 for port 14259
2021-10-13 10:11:20,132 [ReplicationMonitor] INFO  container.ReplicationManager (ReplicationManager.java:processAll(371)) - Replication Monitor Thread took 0 milliseconds for processing 0 containers.
2021-10-13 10:11:20,174 [Listener at 0.0.0.0/14259] INFO  algorithms.ContainerPlacementPolicyFactory (ContainerPlacementPolicyFactory.java:getPolicy(60)) - Create container placement policy of type org.apache.hadoop.hdds.scm.container.placement.algorithms.SCMContainerPlacementRandom
2021-10-13 10:11:20,177 [Listener at 0.0.0.0/14259] INFO  server.StorageContainerManager (StorageContainerManager.java:<init>(388)) - 
Container Balancer status:
Key                            Value
Running                        false
Container Balancer Configuration values:
Key                                                Value
Threshold                                          0.1
Max Datanodes to Involve per Iteration(ratio)      0.2
Max Size to Move per Iteration                     32212254720B

2021-10-13 10:11:20,177 [Listener at 0.0.0.0/14259] WARN  events.EventQueue (EventQueue.java:fireEvent(194)) - No event handler registered for event TypedEvent{payloadType=SafeModeStatus, name='Safe mode status'}
2021-10-13 10:11:20,177 [Listener at 0.0.0.0/14259] INFO  ha.SCMContext (SCMContext.java:updateSafeModeStatus(205)) - Update SafeModeStatus from SafeModeStatus{safeModeStatus=true, preCheckPassed=false} to SafeModeStatus{safeModeStatus=true, preCheckPassed=false}.
2021-10-13 10:11:20,178 [Listener at 0.0.0.0/14259] INFO  ozone.MiniOzoneHAClusterImpl (MiniOzoneHAClusterImpl.java:createSCMService(568)) - Intialized SCM at org.apache.hadoop.hdds.scm.server.SCMClientProtocolServer@95536c5. This SCM is currently inactive (not running).
2021-10-13 10:11:20,178 [Listener at 0.0.0.0/14259] INFO  ha.OMHANodeDetails (OMHANodeDetails.java:loadOMHAConfig(118)) - ServiceID for OzoneManager is om-service-test1
2021-10-13 10:11:20,184 [Listener at 0.0.0.0/14259] INFO  ha.OMHANodeDetails (OMHANodeDetails.java:loadOMHAConfig(194)) - Found matching OM address with OMServiceId: om-service-test1, OMNodeId: omNode-1, RPC Address: localhost:11284 and Ratis port: 11288
2021-10-13 10:11:20,184 [Listener at 0.0.0.0/14259] INFO  ha.OMHANodeDetails (ConfUtils.java:setNodeSpecificConfigs(108)) - Setting configuration key ozone.om.http-address with value of key ozone.om.http-address.om-service-test1.omNode-1: 127.0.0.1:11286
2021-10-13 10:11:20,184 [Listener at 0.0.0.0/14259] INFO  ha.OMHANodeDetails (ConfUtils.java:setNodeSpecificConfigs(108)) - Setting configuration key ozone.om.https-address with value of key ozone.om.https-address.om-service-test1.omNode-1: 127.0.0.1:11287
2021-10-13 10:11:20,185 [Listener at 0.0.0.0/14259] INFO  ha.OMHANodeDetails (ConfUtils.java:setNodeSpecificConfigs(108)) - Setting configuration key ozone.om.address with value of key ozone.om.address.om-service-test1.omNode-1: 127.0.0.1:11284
2021-10-13 10:11:20,185 [Listener at 0.0.0.0/14259] WARN  server.ServerUtils (ServerUtils.java:getDBPath(225)) - ozone.om.db.dirs is not configured. We recommend adding this setting. Falling back to ozone.metadata.dirs instead.
2021-10-13 10:11:20,189 [Listener at 0.0.0.0/14259] INFO  ha.SCMNodeInfo (SCMNodeInfo.java:getPort(197)) - ConfigKey ozone.scm.client.address is deprecated, For configuring different ports for each SCM use PortConfigKey ozone.scm.client.port appended with serviceId and nodeId
2021-10-13 10:11:20,189 [Listener at 0.0.0.0/14259] INFO  ha.SCMNodeInfo (SCMNodeInfo.java:getPort(197)) - ConfigKey ozone.scm.block.client.address is deprecated, For configuring different ports for each SCM use PortConfigKey ozone.scm.block.client.port appended with serviceId and nodeId
2021-10-13 10:11:20,190 [Listener at 0.0.0.0/14259] INFO  ha.SCMNodeInfo (SCMNodeInfo.java:getPort(197)) - ConfigKey ozone.scm.datanode.address is deprecated, For configuring different ports for each SCM use PortConfigKey ozone.scm.datanode.port appended with serviceId and nodeId
2021-10-13 10:11:20,190 [Listener at 0.0.0.0/14259] INFO  ha.SCMNodeInfo (SCMNodeInfo.java:getPort(197)) - ConfigKey ozone.scm.client.address is deprecated, For configuring different ports for each SCM use PortConfigKey ozone.scm.client.port appended with serviceId and nodeId
2021-10-13 10:11:20,190 [Listener at 0.0.0.0/14259] INFO  ha.SCMNodeInfo (SCMNodeInfo.java:getPort(197)) - ConfigKey ozone.scm.block.client.address is deprecated, For configuring different ports for each SCM use PortConfigKey ozone.scm.block.client.port appended with serviceId and nodeId
2021-10-13 10:11:20,190 [Listener at 0.0.0.0/14259] INFO  ha.SCMNodeInfo (SCMNodeInfo.java:getPort(197)) - ConfigKey ozone.scm.datanode.address is deprecated, For configuring different ports for each SCM use PortConfigKey ozone.scm.datanode.port appended with serviceId and nodeId
2021-10-13 10:11:20,190 [Listener at 0.0.0.0/14259] INFO  ha.SCMNodeInfo (SCMNodeInfo.java:getPort(197)) - ConfigKey ozone.scm.client.address is deprecated, For configuring different ports for each SCM use PortConfigKey ozone.scm.client.port appended with serviceId and nodeId
2021-10-13 10:11:20,190 [Listener at 0.0.0.0/14259] INFO  ha.SCMNodeInfo (SCMNodeInfo.java:getPort(197)) - ConfigKey ozone.scm.block.client.address is deprecated, For configuring different ports for each SCM use PortConfigKey ozone.scm.block.client.port appended with serviceId and nodeId
2021-10-13 10:11:20,190 [Listener at 0.0.0.0/14259] INFO  ha.SCMNodeInfo (SCMNodeInfo.java:getPort(197)) - ConfigKey ozone.scm.datanode.address is deprecated, For configuring different ports for each SCM use PortConfigKey ozone.scm.datanode.port appended with serviceId and nodeId
OM initialization succeeded.Current cluster id for sd=/home/runner/work/ozone/ozone/hadoop-ozone/integration-test/target/test-dir/MiniOzoneClusterImpl-7a3c196b-86f6-4848-923d-88c8cd7ca178/omNode-1/om;cid=7a3c196b-86f6-4848-923d-88c8cd7ca178;layoutVersion=0
2021-10-13 10:11:20,214 [Listener at 0.0.0.0/14259] INFO  ha.OMHANodeDetails (OMHANodeDetails.java:loadOMHAConfig(118)) - ServiceID for OzoneManager is om-service-test1
2021-10-13 10:11:20,215 [Listener at 0.0.0.0/14259] INFO  ha.OMHANodeDetails (OMHANodeDetails.java:loadOMHAConfig(194)) - Found matching OM address with OMServiceId: om-service-test1, OMNodeId: omNode-1, RPC Address: localhost:11284 and Ratis port: 11288
2021-10-13 10:11:20,215 [Listener at 0.0.0.0/14259] INFO  ha.OMHANodeDetails (ConfUtils.java:setNodeSpecificConfigs(108)) - Setting configuration key ozone.om.http-address with value of key ozone.om.http-address.om-service-test1.omNode-1: 127.0.0.1:11286
2021-10-13 10:11:20,215 [Listener at 0.0.0.0/14259] INFO  ha.OMHANodeDetails (ConfUtils.java:setNodeSpecificConfigs(108)) - Setting configuration key ozone.om.https-address with value of key ozone.om.https-address.om-service-test1.omNode-1: 127.0.0.1:11287
2021-10-13 10:11:20,215 [Listener at 0.0.0.0/14259] INFO  ha.OMHANodeDetails (ConfUtils.java:setNodeSpecificConfigs(108)) - Setting configuration key ozone.om.address with value of key ozone.om.address.om-service-test1.omNode-1: 127.0.0.1:11284
2021-10-13 10:11:20,215 [Listener at 0.0.0.0/14259] WARN  server.ServerUtils (ServerUtils.java:getDBPath(225)) - ozone.om.db.dirs is not configured. We recommend adding this setting. Falling back to ozone.metadata.dirs instead.
2021-10-13 10:11:20,215 [Listener at 0.0.0.0/14259] INFO  upgrade.AbstractLayoutVersionManager (AbstractLayoutVersionManager.java:init(79)) - Initializing Layout version manager with metadata layout = INITIAL_VERSION (version = 0), software layout = INITIAL_VERSION (version = 0)
2021-10-13 10:11:20,312 [Listener at 0.0.0.0/14259] INFO  reflections.Reflections (Reflections.java:scan(232)) - Reflections took 96 ms to scan 2 urls, producing 131 keys and 342 values [using 2 cores]
2021-10-13 10:11:20,312 [Listener at 0.0.0.0/14259] INFO  upgrade.OMLayoutVersionManager (OMLayoutVersionManager.java:lambda$0(115)) - Skipping Upgrade Action MockOmUpgradeAction since it has been finalized.
2021-10-13 10:11:20,313 [Listener at 0.0.0.0/14259] WARN  server.ServerUtils (ServerUtils.java:getDBPath(225)) - ozone.om.db.dirs is not configured. We recommend adding this setting. Falling back to ozone.metadata.dirs instead.
2021-10-13 10:11:20,313 [Listener at 0.0.0.0/14259] INFO  ha.SCMNodeInfo (SCMNodeInfo.java:getPort(197)) - ConfigKey ozone.scm.client.address is deprecated, For configuring different ports for each SCM use PortConfigKey ozone.scm.client.port appended with serviceId and nodeId
2021-10-13 10:11:20,313 [Listener at 0.0.0.0/14259] INFO  ha.SCMNodeInfo (SCMNodeInfo.java:getPort(197)) - ConfigKey ozone.scm.block.client.address is deprecated, For configuring different ports for each SCM use PortConfigKey ozone.scm.block.client.port appended with serviceId and nodeId
2021-10-13 10:11:20,313 [Listener at 0.0.0.0/14259] INFO  ha.SCMNodeInfo (SCMNodeInfo.java:getPort(197)) - ConfigKey ozone.scm.datanode.address is deprecated, For configuring different ports for each SCM use PortConfigKey ozone.scm.datanode.port appended with serviceId and nodeId
2021-10-13 10:11:20,313 [Listener at 0.0.0.0/14259] INFO  ha.SCMNodeInfo (SCMNodeInfo.java:getPort(197)) - ConfigKey ozone.scm.client.address is deprecated, For configuring different ports for each SCM use PortConfigKey ozone.scm.client.port appended with serviceId and nodeId
2021-10-13 10:11:20,313 [Listener at 0.0.0.0/14259] INFO  ha.SCMNodeInfo (SCMNodeInfo.java:getPort(197)) - ConfigKey ozone.scm.block.client.address is deprecated, For configuring different ports for each SCM use PortConfigKey ozone.scm.block.client.port appended with serviceId and nodeId
2021-10-13 10:11:20,314 [Listener at 0.0.0.0/14259] INFO  ha.SCMNodeInfo (SCMNodeInfo.java:getPort(197)) - ConfigKey ozone.scm.datanode.address is deprecated, For configuring different ports for each SCM use PortConfigKey ozone.scm.datanode.port appended with serviceId and nodeId
2021-10-13 10:11:20,315 [Listener at 0.0.0.0/14259] INFO  ha.SCMNodeInfo (SCMNodeInfo.java:getPort(197)) - ConfigKey ozone.scm.client.address is deprecated, For configuring different ports for each SCM use PortConfigKey ozone.scm.client.port appended with serviceId and nodeId
2021-10-13 10:11:20,315 [Listener at 0.0.0.0/14259] INFO  ha.SCMNodeInfo (SCMNodeInfo.java:getPort(197)) - ConfigKey ozone.scm.block.client.address is deprecated, For configuring different ports for each SCM use PortConfigKey ozone.scm.block.client.port appended with serviceId and nodeId
2021-10-13 10:11:20,315 [Listener at 0.0.0.0/14259] INFO  ha.SCMNodeInfo (SCMNodeInfo.java:getPort(197)) - ConfigKey ozone.scm.datanode.address is deprecated, For configuring different ports for each SCM use PortConfigKey ozone.scm.datanode.port appended with serviceId and nodeId
2021-10-13 10:11:20,315 [Listener at 0.0.0.0/14259] INFO  ha.SCMNodeInfo (SCMNodeInfo.java:getPort(197)) - ConfigKey ozone.scm.client.address is deprecated, For configuring different ports for each SCM use PortConfigKey ozone.scm.client.port appended with serviceId and nodeId
2021-10-13 10:11:20,315 [Listener at 0.0.0.0/14259] INFO  ha.SCMNodeInfo (SCMNodeInfo.java:getPort(197)) - ConfigKey ozone.scm.block.client.address is deprecated, For configuring different ports for each SCM use PortConfigKey ozone.scm.block.client.port appended with serviceId and nodeId
2021-10-13 10:11:20,316 [Listener at 0.0.0.0/14259] INFO  ha.SCMNodeInfo (SCMNodeInfo.java:getPort(197)) - ConfigKey ozone.scm.datanode.address is deprecated, For configuring different ports for each SCM use PortConfigKey ozone.scm.datanode.port appended with serviceId and nodeId
2021-10-13 10:11:20,316 [Listener at 0.0.0.0/14259] INFO  ha.SCMNodeInfo (SCMNodeInfo.java:getPort(197)) - ConfigKey ozone.scm.client.address is deprecated, For configuring different ports for each SCM use PortConfigKey ozone.scm.client.port appended with serviceId and nodeId
2021-10-13 10:11:20,316 [Listener at 0.0.0.0/14259] INFO  ha.SCMNodeInfo (SCMNodeInfo.java:getPort(197)) - ConfigKey ozone.scm.block.client.address is deprecated, For configuring different ports for each SCM use PortConfigKey ozone.scm.block.client.port appended with serviceId and nodeId
2021-10-13 10:11:20,316 [Listener at 0.0.0.0/14259] INFO  ha.SCMNodeInfo (SCMNodeInfo.java:getPort(197)) - ConfigKey ozone.scm.datanode.address is deprecated, For configuring different ports for each SCM use PortConfigKey ozone.scm.datanode.port appended with serviceId and nodeId
2021-10-13 10:11:20,316 [Listener at 0.0.0.0/14259] INFO  ha.SCMNodeInfo (SCMNodeInfo.java:getPort(197)) - ConfigKey ozone.scm.client.address is deprecated, For configuring different ports for each SCM use PortConfigKey ozone.scm.client.port appended with serviceId and nodeId
2021-10-13 10:11:20,316 [Listener at 0.0.0.0/14259] INFO  ha.SCMNodeInfo (SCMNodeInfo.java:getPort(197)) - ConfigKey ozone.scm.block.client.address is deprecated, For configuring different ports for each SCM use PortConfigKey ozone.scm.block.client.port appended with serviceId and nodeId
2021-10-13 10:11:20,316 [Listener at 0.0.0.0/14259] INFO  ha.SCMNodeInfo (SCMNodeInfo.java:getPort(197)) - ConfigKey ozone.scm.datanode.address is deprecated, For configuring different ports for each SCM use PortConfigKey ozone.scm.datanode.port appended with serviceId and nodeId
2021-10-13 10:11:20,318 [Listener at 0.0.0.0/14259] INFO  ha.SCMNodeInfo (SCMNodeInfo.java:getPort(197)) - ConfigKey ozone.scm.client.address is deprecated, For configuring different ports for each SCM use PortConfigKey ozone.scm.client.port appended with serviceId and nodeId
2021-10-13 10:11:20,318 [Listener at 0.0.0.0/14259] INFO  ha.SCMNodeInfo (SCMNodeInfo.java:getPort(197)) - ConfigKey ozone.scm.block.client.address is deprecated, For configuring different ports for each SCM use PortConfigKey ozone.scm.block.client.port appended with serviceId and nodeId
2021-10-13 10:11:20,319 [Listener at 0.0.0.0/14259] INFO  ha.SCMNodeInfo (SCMNodeInfo.java:getPort(197)) - ConfigKey ozone.scm.datanode.address is deprecated, For configuring different ports for each SCM use PortConfigKey ozone.scm.datanode.port appended with serviceId and nodeId
2021-10-13 10:11:20,319 [Listener at 0.0.0.0/14259] INFO  ha.SCMNodeInfo (SCMNodeInfo.java:getPort(197)) - ConfigKey ozone.scm.client.address is deprecated, For configuring different ports for each SCM use PortConfigKey ozone.scm.client.port appended with serviceId and nodeId
2021-10-13 10:11:20,319 [Listener at 0.0.0.0/14259] INFO  ha.SCMNodeInfo (SCMNodeInfo.java:getPort(197)) - ConfigKey ozone.scm.block.client.address is deprecated, For configuring different ports for each SCM use PortConfigKey ozone.scm.block.client.port appended with serviceId and nodeId
2021-10-13 10:11:20,319 [Listener at 0.0.0.0/14259] INFO  ha.SCMNodeInfo (SCMNodeInfo.java:getPort(197)) - ConfigKey ozone.scm.datanode.address is deprecated, For configuring different ports for each SCM use PortConfigKey ozone.scm.datanode.port appended with serviceId and nodeId
2021-10-13 10:11:20,319 [Listener at 0.0.0.0/14259] INFO  ha.SCMNodeInfo (SCMNodeInfo.java:getPort(197)) - ConfigKey ozone.scm.client.address is deprecated, For configuring different ports for each SCM use PortConfigKey ozone.scm.client.port appended with serviceId and nodeId
2021-10-13 10:11:20,319 [Listener at 0.0.0.0/14259] INFO  ha.SCMNodeInfo (SCMNodeInfo.java:getPort(197)) - ConfigKey ozone.scm.block.client.address is deprecated, For configuring different ports for each SCM use PortConfigKey ozone.scm.block.client.port appended with serviceId and nodeId
2021-10-13 10:11:20,319 [Listener at 0.0.0.0/14259] INFO  ha.SCMNodeInfo (SCMNodeInfo.java:getPort(197)) - ConfigKey ozone.scm.datanode.address is deprecated, For configuring different ports for each SCM use PortConfigKey ozone.scm.datanode.port appended with serviceId and nodeId
2021-10-13 10:11:20,329 [EndpointStateMachine task thread for /127.0.0.1:13887 - 0 ] INFO  ipc.Client (Client.java:handleConnectionFailure(977)) - Retrying connect to server: localhost/127.0.0.1:13887. Already tried 13 time(s); retry policy is RetryUpToMaximumCountWithFixedSleep(maxRetries=15, sleepTime=1000 MILLISECONDS)
2021-10-13 10:11:20,331 [Listener at 0.0.0.0/14259] WARN  server.ServerUtils (ServerUtils.java:getDBPath(225)) - ozone.om.db.dirs is not configured. We recommend adding this setting. Falling back to ozone.metadata.dirs instead.
2021-10-13 10:11:20,336 [Listener at 0.0.0.0/14259] INFO  codec.OmKeyInfoCodec (OmKeyInfoCodec.java:<init>(51)) - OmKeyInfoCodec ignorePipeline = true
2021-10-13 10:11:20,336 [Listener at 0.0.0.0/14259] INFO  codec.RepeatedOmKeyInfoCodec (RepeatedOmKeyInfoCodec.java:<init>(42)) - RepeatedOmKeyInfoCodec ignorePipeline = true
2021-10-13 10:11:20,383 [EndpointStateMachine task thread for /127.0.0.1:13877 - 0 ] INFO  ipc.Client (Client.java:handleConnectionFailure(977)) - Retrying connect to server: localhost/127.0.0.1:13877. Already tried 1 time(s); retry policy is RetryUpToMaximumCountWithFixedSleep(maxRetries=15, sleepTime=1000 MILLISECONDS)
2021-10-13 10:11:20,541 [Listener at 0.0.0.0/14259] INFO  om.OzoneManager (OzoneManager.java:addS3GVolumeToDB(4151)) - Created Volume s3v With Owner runner required for S3Gateway operations.
2021-10-13 10:11:20,544 [Listener at 0.0.0.0/14259] WARN  server.ServerUtils (ServerUtils.java:getDefaultRatisDirectory(237)) - Storage directory for Ratis is not configured. It is a good idea to map this to an SSD disk. Falling back to ozone.metadata.dirs
2021-10-13 10:11:20,544 [Listener at 0.0.0.0/14259] WARN  utils.OzoneManagerRatisUtils (OzoneManagerRatisUtils.java:getOMRatisSnapshotDirectory(435)) - ozone.om.ratis.snapshot.dir is not configured. Falling back to ozone.metadata.dirs config
2021-10-13 10:11:20,545 [Listener at 0.0.0.0/14259] WARN  impl.MetricRegistriesImpl (MetricRegistriesImpl.java:addReporterRegistration(111)) - New reporters are added after registries were created. Some metrics will be missing from the reporter. Please add reporter before adding any new registry.
2021-10-13 10:11:20,545 [Listener at 0.0.0.0/14259] WARN  impl.MetricRegistriesImpl (MetricRegistriesImpl.java:addReporterRegistration(111)) - New reporters are added after registries were created. Some metrics will be missing from the reporter. Please add reporter before adding any new registry.
2021-10-13 10:11:20,545 [Listener at 0.0.0.0/14259] WARN  server.ServerUtils (ServerUtils.java:getDefaultRatisDirectory(237)) - Storage directory for Ratis is not configured. It is a good idea to map this to an SSD disk. Falling back to ozone.metadata.dirs
2021-10-13 10:11:20,546 [Listener at 0.0.0.0/14259] INFO  ratis.OzoneManagerRatisServer (OzoneManagerRatisServer.java:<init>(159)) - Instantiating OM Ratis server with groupID: om-service-test1 and peers: localhost:11288
2021-10-13 10:11:20,551 [Listener at 0.0.0.0/14259] INFO  ratis.OzoneManagerStateMachine (OzoneManagerStateMachine.java:loadSnapshotInfoFromDB(605)) - LastAppliedIndex is set from TransactionInfo from OM DB as (t:0, i:~)
2021-10-13 10:11:20,552 [Listener at 0.0.0.0/14259] INFO  server.RaftServer (ConfUtils.java:logGet(44)) - raft.rpc.type = GRPC (default)
2021-10-13 10:11:20,552 [Listener at 0.0.0.0/14259] INFO  grpc.GrpcFactory (GrpcFactory.java:checkPooledByteBufAllocatorUseCacheForAllThreads(48)) - PERFORMANCE WARNING: useCacheForAllThreads is true that may cause Netty to create a lot garbage objects and, as a result, trigger GC.
	It is recommended to disable useCacheForAllThreads by setting -Dorg.apache.ratis.thirdparty.io.netty.allocator.useCacheForAllThreads=false in command line.
2021-10-13 10:11:20,553 [Listener at 0.0.0.0/14259] INFO  grpc.GrpcConfigKeys (ConfUtils.java:logGet(44)) - raft.grpc.admin.port = -1 (default)
2021-10-13 10:11:20,553 [Listener at 0.0.0.0/14259] INFO  grpc.GrpcConfigKeys (ConfUtils.java:logGet(44)) - raft.grpc.server.port = 11288 (custom)
2021-10-13 10:11:20,553 [Listener at 0.0.0.0/14259] INFO  grpc.GrpcConfigKeys (ConfUtils.java:logGet(44)) - raft.grpc.client.port = -1 (default)
2021-10-13 10:11:20,553 [Listener at 0.0.0.0/14259] INFO  grpc.GrpcConfigKeys (ConfUtils.java:logGet(44)) - raft.grpc.server.port = 11288 (custom)
2021-10-13 10:11:20,553 [Listener at 0.0.0.0/14259] INFO  grpc.GrpcConfigKeys (ConfUtils.java:logGet(44)) - raft.grpc.server.port = 11288 (custom)
2021-10-13 10:11:20,554 [Listener at 0.0.0.0/14259] INFO  server.GrpcService (ConfUtils.java:logGet(44)) - raft.grpc.message.size.max = 33554432 (custom)
2021-10-13 10:11:20,554 [Listener at 0.0.0.0/14259] INFO  server.RaftServerConfigKeys (ConfUtils.java:logGet(44)) - raft.server.log.appender.buffer.byte-limit = 33554432 (custom)
2021-10-13 10:11:20,554 [Listener at 0.0.0.0/14259] INFO  server.GrpcService (ConfUtils.java:logGet(44)) - raft.grpc.flow.control.window = 1MB (=1048576) (default)
2021-10-13 10:11:20,556 [Listener at 0.0.0.0/14259] INFO  server.RaftServerConfigKeys (ConfUtils.java:logGet(44)) - raft.server.rpc.request.timeout = 3000ms (default)
2021-10-13 10:11:20,559 [Listener at 0.0.0.0/14259] INFO  impl.DataStreamServerImpl (ConfUtils.java:logGet(44)) - raft.datastream.type = DISABLED (default)
2021-10-13 10:11:20,559 [Listener at 0.0.0.0/14259] INFO  server.RaftServerConfigKeys (ConfUtils.java:logGet(44)) - raft.server.rpc.slowness.timeout = 2s (custom)
2021-10-13 10:11:20,560 [Listener at 0.0.0.0/14259] INFO  server.RaftServerConfigKeys (ConfUtils.java:logGet(44)) - raft.server.leaderelection.leader.step-down.wait-time = 10s (default)
2021-10-13 10:11:20,560 [Listener at 0.0.0.0/14259] INFO  server.RaftServerConfigKeys (ConfUtils.java:logGet(44)) - raft.server.storage.dir = [/home/runner/work/ozone/ozone/hadoop-ozone/integration-test/target/test-dir/MiniOzoneClusterImpl-7a3c196b-86f6-4848-923d-88c8cd7ca178/omNode-1/ratis] (custom)
2021-10-13 10:11:20,581 [Listener at 0.0.0.0/14259] INFO  server.RaftServer (RaftServerProxy.java:addNew(95)) - omNode-1: addNew group-523986131536:[omNode-1|rpc:localhost:11288|priority:0] returns group-523986131536:java.util.concurrent.CompletableFuture@723475e4[Not completed]
2021-10-13 10:11:20,581 [pool-252-thread-1] INFO  server.RaftServer$Division (RaftServerImpl.java:<init>(181)) - omNode-1: new RaftServerImpl for group-523986131536:[omNode-1|rpc:localhost:11288|priority:0] with OzoneManagerStateMachine:uninitialized
2021-10-13 10:11:20,581 [Listener at 0.0.0.0/14259] INFO  om.OzoneManager (OzoneManager.java:initializeRatisServer(1605)) - OzoneManager Ratis server initialized at port 11288
2021-10-13 10:11:20,587 [Listener at 0.0.0.0/14259] INFO  ipc.CallQueueManager (CallQueueManager.java:<init>(90)) - Using callQueue: class java.util.concurrent.LinkedBlockingQueue, queueCapacity: 2000, scheduler: class org.apache.hadoop.ipc.DefaultRpcScheduler, ipcBackoff: false.
2021-10-13 10:11:20,586 [pool-252-thread-1] INFO  server.RaftServerConfigKeys (ConfUtils.java:logGet(44)) - raft.server.rpc.timeout.min = 1s (custom)
2021-10-13 10:11:20,588 [pool-252-thread-1] INFO  server.RaftServerConfigKeys (ConfUtils.java:logGet(44)) - raft.server.rpc.timeout.max = 1200ms (custom)
2021-10-13 10:11:20,588 [pool-252-thread-1] INFO  server.RaftServerConfigKeys (ConfUtils.java:logGet(44)) - raft.server.rpc.sleep.time = 25ms (default)
2021-10-13 10:11:20,588 [pool-252-thread-1] INFO  server.RaftServerConfigKeys (ConfUtils.java:logGet(44)) - raft.server.rpc.slowness.timeout = 2s (custom)
2021-10-13 10:11:20,588 [pool-252-thread-1] INFO  server.RaftServerConfigKeys (ConfUtils.java:logGet(44)) - raft.server.leaderelection.leader.step-down.wait-time = 10s (default)
2021-10-13 10:11:20,588 [pool-252-thread-1] INFO  server.RaftServerConfigKeys (ConfUtils.java:logGet(44)) - raft.server.sleep.deviation.threshold = 300ms (default)
2021-10-13 10:11:20,588 [pool-252-thread-1] INFO  server.RaftServerConfigKeys (ConfUtils.java:logGet(44)) - raft.server.log.appender.install.snapshot.enabled = false (custom)
2021-10-13 10:11:20,588 [pool-252-thread-1] INFO  server.RaftServer$Division (ServerState.java:<init>(105)) - omNode-1@group-523986131536: ConfigurationManager, init=-1: [omNode-1|rpc:localhost:11288|priority:0], old=null, confs=<EMPTY_MAP>
2021-10-13 10:11:20,588 [pool-252-thread-1] INFO  server.RaftServerConfigKeys (ConfUtils.java:logGet(44)) - raft.server.storage.dir = [/home/runner/work/ozone/ozone/hadoop-ozone/integration-test/target/test-dir/MiniOzoneClusterImpl-7a3c196b-86f6-4848-923d-88c8cd7ca178/omNode-1/ratis] (custom)
2021-10-13 10:11:20,588 [pool-252-thread-1] INFO  server.RaftServerConfigKeys (ConfUtils.java:logGet(44)) - raft.server.log.corruption.policy = EXCEPTION (default)
2021-10-13 10:11:20,588 [pool-252-thread-1] INFO  server.RaftServerConfigKeys (ConfUtils.java:logGet(44)) - raft.server.storage.free-space.min = 0MB (=0) (default)
2021-10-13 10:11:20,589 [pool-252-thread-1] INFO  storage.RaftStorageDirectory (RaftStorageDirectoryImpl.java:analyzeStorage(135)) - The storage directory /home/runner/work/ozone/ozone/hadoop-ozone/integration-test/target/test-dir/MiniOzoneClusterImpl-7a3c196b-86f6-4848-923d-88c8cd7ca178/omNode-1/ratis/c9bc4cf4-3bc3-3c60-a66b-523986131536 does not exist. Creating ...
2021-10-13 10:11:20,590 [pool-252-thread-1] INFO  storage.RaftStorageDirectory (RaftStorageDirectoryImpl.java:tryLock(230)) - Lock on /home/runner/work/ozone/ozone/hadoop-ozone/integration-test/target/test-dir/MiniOzoneClusterImpl-7a3c196b-86f6-4848-923d-88c8cd7ca178/omNode-1/ratis/c9bc4cf4-3bc3-3c60-a66b-523986131536/in_use.lock acquired by nodename 26829@fv-az395-254
2021-10-13 10:11:20,591 [pool-252-thread-1] INFO  storage.RaftStorage (RaftStorageImpl.java:format(89)) - Storage directory /home/runner/work/ozone/ozone/hadoop-ozone/integration-test/target/test-dir/MiniOzoneClusterImpl-7a3c196b-86f6-4848-923d-88c8cd7ca178/omNode-1/ratis/c9bc4cf4-3bc3-3c60-a66b-523986131536 has been successfully formatted.
2021-10-13 10:11:20,591 [pool-252-thread-1] INFO  server.RaftServerConfigKeys (ConfUtils.java:logGet(44)) - raft.server.notification.no-leader.timeout = 2s (custom)
2021-10-13 10:11:20,591 [pool-252-thread-1] INFO  server.RaftServerConfigKeys (ConfUtils.java:logGet(44)) - raft.server.log.use.memory = false (default)
2021-10-13 10:11:20,592 [pool-252-thread-1] INFO  server.RaftServerConfigKeys (ConfUtils.java:logGet(44)) - raft.server.log.purge.gap = 1000000 (custom)
2021-10-13 10:11:20,592 [pool-252-thread-1] INFO  server.RaftServerConfigKeys (ConfUtils.java:logGet(44)) - raft.server.log.appender.buffer.byte-limit = 33554432 (custom)
2021-10-13 10:11:20,592 [pool-252-thread-1] INFO  server.RaftServerConfigKeys (ConfUtils.java:logGet(44)) - raft.server.log.segment.size.max = 4194304 (custom)
2021-10-13 10:11:20,592 [pool-252-thread-1] INFO  server.RaftServerConfigKeys (ConfUtils.java:logGet(44)) - raft.server.log.segment.cache.num.max = 2 (custom)
2021-10-13 10:11:20,592 [pool-252-thread-1] INFO  server.RaftServerConfigKeys (ConfUtils.java:logGet(44)) - raft.server.log.segment.cache.size.max = 200MB (=209715200) (default)
2021-10-13 10:11:20,592 [pool-252-thread-1] INFO  segmented.SegmentedRaftLogWorker (SegmentedRaftLogWorker.java:<init>(182)) - new omNode-1@group-523986131536-SegmentedRaftLogWorker for RaftStorageImpl:Storage Directory /home/runner/work/ozone/ozone/hadoop-ozone/integration-test/target/test-dir/MiniOzoneClusterImpl-7a3c196b-86f6-4848-923d-88c8cd7ca178/omNode-1/ratis/c9bc4cf4-3bc3-3c60-a66b-523986131536
2021-10-13 10:11:20,592 [pool-252-thread-1] INFO  server.RaftServerConfigKeys (ConfUtils.java:logGet(44)) - raft.server.log.queue.byte-limit = 64MB (=67108864) (default)
2021-10-13 10:11:20,592 [pool-252-thread-1] INFO  server.RaftServerConfigKeys (ConfUtils.java:logGet(44)) - raft.server.log.queue.element-limit = 4096 (default)
2021-10-13 10:11:20,592 [pool-252-thread-1] INFO  server.RaftServerConfigKeys (ConfUtils.java:logGet(44)) - raft.server.log.segment.size.max = 4194304 (custom)
2021-10-13 10:11:20,593 [pool-252-thread-1] INFO  server.RaftServerConfigKeys (ConfUtils.java:logGet(44)) - raft.server.log.preallocated.size = 4194304 (custom)
2021-10-13 10:11:20,593 [pool-252-thread-1] INFO  server.RaftServerConfigKeys (ConfUtils.java:logGet(44)) - raft.server.log.force.sync.num = 128 (default)
2021-10-13 10:11:20,593 [pool-252-thread-1] INFO  server.RaftServerConfigKeys (ConfUtils.java:logGet(44)) - raft.server.log.statemachine.data.sync = true (default)
2021-10-13 10:11:20,593 [pool-252-thread-1] INFO  server.RaftServerConfigKeys (ConfUtils.java:logGet(44)) - raft.server.log.statemachine.data.sync.timeout = 10s (default)
2021-10-13 10:11:20,593 [pool-252-thread-1] INFO  server.RaftServerConfigKeys (ConfUtils.java:logGet(44)) - raft.server.log.statemachine.data.sync.timeout.retry = -1 (default)
2021-10-13 10:11:20,600 [Socket Reader #1 for port 11284] INFO  ipc.Server (Server.java:run(1265)) - Starting Socket Reader #1 for port 11284
2021-10-13 10:11:20,601 [pool-252-thread-1] INFO  server.RaftServerConfigKeys (ConfUtils.java:logGet(44)) - raft.server.log.write.buffer.size = 64KB (=65536) (default)
2021-10-13 10:11:20,601 [pool-252-thread-1] INFO  server.RaftServerConfigKeys (ConfUtils.java:logGet(44)) - raft.server.log.statemachine.data.caching.enabled = false (default)
2021-10-13 10:11:20,601 [pool-252-thread-1] INFO  segmented.SegmentedRaftLogWorker (SegmentedRaftLogWorker.java:lambda$new$0(133)) - omNode-1@group-523986131536-SegmentedRaftLogWorker: flushIndex: setUnconditionally 0 -> -1
2021-10-13 10:11:20,601 [pool-252-thread-1] INFO  segmented.SegmentedRaftLogWorker (SegmentedRaftLogWorker.java:lambda$new$0(133)) - omNode-1@group-523986131536-SegmentedRaftLogWorker: safeCacheEvictIndex: setUnconditionally 0 -> -1
2021-10-13 10:11:20,619 [pool-252-thread-1] INFO  server.RaftServerConfigKeys (ConfUtils.java:logGet(44)) - raft.server.snapshot.auto.trigger.enabled = true (custom)
2021-10-13 10:11:20,620 [pool-252-thread-1] INFO  server.RaftServerConfigKeys (ConfUtils.java:logGet(44)) - raft.server.snapshot.auto.trigger.threshold = 400000 (default)
2021-10-13 10:11:20,620 [pool-252-thread-1] INFO  server.RaftServerConfigKeys (ConfUtils.java:logGet(44)) - raft.server.snapshot.retention.file.num = -1 (default)
2021-10-13 10:11:20,620 [pool-252-thread-1] INFO  server.RaftServerConfigKeys (ConfUtils.java:logGet(44)) - raft.server.log.purge.upto.snapshot.index = true (custom)
2021-10-13 10:11:20,620 [pool-252-thread-1] INFO  server.RaftServerConfigKeys (ConfUtils.java:logGet(44)) - raft.server.retrycache.expirytime = 300s (custom)
2021-10-13 10:11:20,620 [pool-252-thread-1] INFO  server.RaftServerConfigKeys (ConfUtils.java:logGet(44)) - raft.server.retrycache.statistics.expirytime = 100μs (default)
2021-10-13 10:11:20,666 [Listener at 127.0.0.1/11284] INFO  om.OzoneManager (OzoneManager.java:initFSOLayout(4357)) - Configured ozone.om.metadata.layout=SIMPLE and disabled optimized OM FS operations
2021-10-13 10:11:20,671 [Listener at 127.0.0.1/11284] INFO  impl.MetricsSystemImpl (MetricsSystemImpl.java:init(158)) - OzoneManager metrics system started (again)
2021-10-13 10:11:20,711 [Listener at 127.0.0.1/11284] INFO  om.OzoneManager (OzoneManager.java:start(1301)) - OzoneManager RPC server is listening at localhost/127.0.0.1:11284
2021-10-13 10:11:20,712 [Listener at 127.0.0.1/11284] INFO  ratis.OzoneManagerRatisServer (OzoneManagerRatisServer.java:start(520)) - Starting OzoneManagerRatisServer omNode-1 at port 11288
2021-10-13 10:11:20,712 [Listener at 127.0.0.1/11284] INFO  server.RaftServer$Division (RaftServerImpl.java:start(296)) - omNode-1@group-523986131536: start as a follower, conf=-1: [omNode-1|rpc:localhost:11288|priority:0], old=null
2021-10-13 10:11:20,712 [Listener at 127.0.0.1/11284] INFO  server.RaftServer$Division (RaftServerImpl.java:setRole(285)) - omNode-1@group-523986131536: changes role from      null to FOLLOWER at term 0 for startAsFollower
2021-10-13 10:11:20,712 [Listener at 127.0.0.1/11284] INFO  impl.RoleInfo (RoleInfo.java:updateAndGet(130)) - omNode-1: start omNode-1@group-523986131536-FollowerState
2021-10-13 10:11:20,720 [Listener at 127.0.0.1/11284] INFO  util.JmxRegister (JmxRegister.java:tryRegister(44)) - Successfully registered JMX Bean with object name Ratis:service=RaftServer,group=group-523986131536,id=omNode-1
2021-10-13 10:11:20,726 [Listener at 127.0.0.1/11284] INFO  server.RaftServer (RaftServerProxy.java:lambda$start$5(374)) - omNode-1: start RPC server
2021-10-13 10:11:20,727 [Listener at 127.0.0.1/11284] INFO  server.GrpcService (GrpcService.java:startImpl(253)) - omNode-1: GrpcService started, listening on 11288
2021-10-13 10:11:20,727 [Listener at 127.0.0.1/11284] INFO  om.OzoneManager (OzoneManager.java:start(1319)) - Version File has different layout version (0) than OM DB (null). That is expected if this OM has never been finalized to a newer layout version.
2021-10-13 10:11:20,728 [org.apache.ratis.util.JvmPauseMonitor$$Lambda$499/17331878@562c23ca] INFO  util.JvmPauseMonitor (JvmPauseMonitor.java:run(103)) - JvmPauseMonitor-omNode-1: Started
2021-10-13 10:11:20,768 [Listener at 127.0.0.1/11284] INFO  http.BaseHttpServer (BaseHttpServer.java:newHttpServer2BuilderForOzone(209)) - Starting Web-server for ozoneManager at: http://0.0.0.0:11286
2021-10-13 10:11:20,768 [Listener at 127.0.0.1/11284] INFO  http.BaseHttpServer (BaseHttpServer.java:<init>(107)) - Hadoop Security Enabled: false Ozone Security Enabled: false Ozone HTTP Security Enabled: false 
2021-10-13 10:11:20,770 [Listener at 127.0.0.1/11284] INFO  server.AuthenticationFilter (AuthenticationFilter.java:constructSecretProvider(240)) - Unable to initialize FileSignerSecretProvider, falling back to use random secrets.
2021-10-13 10:11:20,776 [Listener at 127.0.0.1/11284] WARN  http.HttpRequestLog (HttpRequestLog.java:getRequestLog(103)) - Jetty request log can only be enabled using Log4j
2021-10-13 10:11:20,777 [Listener at 127.0.0.1/11284] INFO  http.HttpServer2 (HttpServer2.java:addGlobalFilter(1030)) - Added global filter 'safety' (class=org.apache.hadoop.hdds.server.http.HttpServer2$QuotingInputFilter)
2021-10-13 10:11:20,778 [Listener at 127.0.0.1/11284] INFO  http.HttpServer2 (HttpServer2.java:addFilter(1006)) - Added filter static_user_filter (class=org.apache.hadoop.http.lib.StaticUserWebFilter$StaticUserFilter) to context ozoneManager
2021-10-13 10:11:20,779 [Listener at 127.0.0.1/11284] INFO  http.HttpServer2 (HttpServer2.java:addFilter(1014)) - Added filter static_user_filter (class=org.apache.hadoop.http.lib.StaticUserWebFilter$StaticUserFilter) to context logs
2021-10-13 10:11:20,779 [Listener at 127.0.0.1/11284] INFO  http.HttpServer2 (HttpServer2.java:addFilter(1014)) - Added filter static_user_filter (class=org.apache.hadoop.http.lib.StaticUserWebFilter$StaticUserFilter) to context static
2021-10-13 10:11:20,779 [Listener at 127.0.0.1/11284] INFO  http.HttpServer2 (HttpServer2.java:bindListener(1249)) - Jetty bound to port 11286
2021-10-13 10:11:20,780 [Listener at 127.0.0.1/11284] INFO  server.Server (Server.java:doStart(375)) - jetty-9.4.43.v20210629; built: 2021-06-30T11:07:22.254Z; git: 526006ecfa3af7f1a27ef3a288e2bef7ea9dd7e8; jvm 1.8.0_292-b10
2021-10-13 10:11:20,810 [Listener at 127.0.0.1/11284] INFO  server.session (DefaultSessionIdManager.java:doStart(334)) - DefaultSessionIdManager workerName=node0
2021-10-13 10:11:20,811 [Listener at 127.0.0.1/11284] INFO  server.session (DefaultSessionIdManager.java:doStart(339)) - No SessionScavenger set, using defaults
2021-10-13 10:11:20,811 [Listener at 127.0.0.1/11284] INFO  server.session (HouseKeeper.java:startScavenging(132)) - node0 Scavenging every 600000ms
2021-10-13 10:11:20,813 [Listener at 127.0.0.1/11284] INFO  handler.ContextHandler (ContextHandler.java:doStart(915)) - Started o.e.j.s.ServletContextHandler@2e8fc0c9{logs,/logs,file:///home/runner/work/ozone/ozone/hadoop-ozone/integration-test/target/log,AVAILABLE}
2021-10-13 10:11:20,813 [Listener at 127.0.0.1/11284] INFO  handler.ContextHandler (ContextHandler.java:doStart(915)) - Started o.e.j.s.ServletContextHandler@7b32e17b{static,/static,file:///home/runner/work/ozone/ozone/hadoop-ozone/integration-test/target/test-classes/webapps/static,AVAILABLE}
2021-10-13 10:11:20,818 [Listener at 127.0.0.1/11284] INFO  handler.ContextHandler (ContextHandler.java:doStart(915)) - Started o.e.j.w.WebAppContext@64434d5c{ozoneManager,/,file:///home/runner/work/ozone/ozone/hadoop-ozone/integration-test/target/test-classes/webapps/ozoneManager/,AVAILABLE}{file:/home/runner/work/ozone/ozone/hadoop-ozone/integration-test/target/test-classes/webapps/ozoneManager}
2021-10-13 10:11:20,836 [Listener at 127.0.0.1/11284] INFO  server.AbstractConnector (AbstractConnector.java:doStart(331)) - Started ServerConnector@3cbc1752{HTTP/1.1, (http/1.1)}{0.0.0.0:11286}
2021-10-13 10:11:20,836 [Listener at 127.0.0.1/11284] INFO  server.Server (Server.java:doStart(415)) - Started @86594ms
2021-10-13 10:11:20,836 [Listener at 127.0.0.1/11284] WARN  impl.MetricsSystemImpl (MetricsSystemImpl.java:register(279)) - Sink prometheus already exists!
2021-10-13 10:11:20,843 [Listener at 127.0.0.1/11284] INFO  http.BaseHttpServer (BaseHttpServer.java:updateConnectorAddress(329)) - HTTP server of ozoneManager listening at http://0.0.0.0:11286
2021-10-13 10:11:20,864 [IPC Server Responder] INFO  ipc.Server (Server.java:run(1507)) - IPC Server Responder: starting
2021-10-13 10:11:20,876 [IPC Server listener on 11284] INFO  ipc.Server (Server.java:run(1344)) - IPC Server listener on 11284: starting
2021-10-13 10:11:21,012 [Listener at 127.0.0.1/11284] INFO  om.OzoneManager (OzoneManager.java:startTrashEmptier(1563)) - Trash Interval set to 0. Files deleted will not move to trash
2021-10-13 10:11:21,015 [Listener at 127.0.0.1/11284] INFO  ozone.MiniOzoneHAClusterImpl (MiniOzoneHAClusterImpl.java:createOMService(485)) - Started OzoneManager omNode-1 RPC server at localhost/127.0.0.1:11284
2021-10-13 10:11:21,023 [Listener at 127.0.0.1/11284] WARN  impl.MetricRegistriesImpl (MetricRegistriesImpl.java:addReporterRegistration(111)) - New reporters are added after registries were created. Some metrics will be missing from the reporter. Please add reporter before adding any new registry.
2021-10-13 10:11:21,023 [Listener at 127.0.0.1/11284] WARN  impl.MetricRegistriesImpl (MetricRegistriesImpl.java:addReporterRegistration(111)) - New reporters are added after registries were created. Some metrics will be missing from the reporter. Please add reporter before adding any new registry.
2021-10-13 10:11:21,024 [Listener at 127.0.0.1/11284] INFO  impl.MetricsSystemImpl (MetricsSystemImpl.java:init(158)) - HddsDatanode metrics system started (again)
2021-10-13 10:11:21,024 [org.apache.hadoop.util.JvmPauseMonitor$Monitor@5a8a98c7] INFO  util.JvmPauseMonitor (JvmPauseMonitor.java:run(188)) - Starting JVM pause monitor
2021-10-13 10:11:21,032 [EndpointStateMachine task thread for /127.0.0.1:13897 - 0 ] INFO  ipc.Client (Client.java:handleConnectionFailure(977)) - Retrying connect to server: localhost/127.0.0.1:13897. Already tried 2 time(s); retry policy is RetryUpToMaximumCountWithFixedSleep(maxRetries=15, sleepTime=1000 MILLISECONDS)
2021-10-13 10:11:21,065 [Listener at 127.0.0.1/11284] INFO  ozone.HddsDatanodeService (HddsDatanodeService.java:start(234)) - HddsDatanodeService host:fv-az395-254.zfmzfyrfkyou3ow0tsr0jxwq1e.bx.internal.cloudapp.net ip:10.1.0.44
2021-10-13 10:11:21,091 [Listener at 127.0.0.1/11284] INFO  upgrade.AbstractLayoutVersionManager (AbstractLayoutVersionManager.java:init(79)) - Initializing Layout version manager with metadata layout = SCM_HA (version = 2), software layout = SCM_HA (version = 2)
2021-10-13 10:11:21,180 [Listener at 127.0.0.1/11284] INFO  reflections.Reflections (Reflections.java:scan(232)) - Reflections took 88 ms to scan 7 urls, producing 119 keys and 278 values 
2021-10-13 10:11:21,190 [Listener at 127.0.0.1/11284] INFO  ha.SCMNodeInfo (SCMNodeInfo.java:getPort(197)) - ConfigKey ozone.scm.client.address is deprecated, For configuring different ports for each SCM use PortConfigKey ozone.scm.client.port appended with serviceId and nodeId
2021-10-13 10:11:21,190 [Listener at 127.0.0.1/11284] INFO  ha.SCMNodeInfo (SCMNodeInfo.java:getPort(197)) - ConfigKey ozone.scm.block.client.address is deprecated, For configuring different ports for each SCM use PortConfigKey ozone.scm.block.client.port appended with serviceId and nodeId
2021-10-13 10:11:21,191 [Listener at 127.0.0.1/11284] INFO  ha.SCMNodeInfo (SCMNodeInfo.java:getPort(197)) - ConfigKey ozone.scm.datanode.address is deprecated, For configuring different ports for each SCM use PortConfigKey ozone.scm.datanode.port appended with serviceId and nodeId
2021-10-13 10:11:21,192 [Listener at 127.0.0.1/11284] INFO  ha.SCMNodeInfo (SCMNodeInfo.java:getPort(197)) - ConfigKey ozone.scm.client.address is deprecated, For configuring different ports for each SCM use PortConfigKey ozone.scm.client.port appended with serviceId and nodeId
2021-10-13 10:11:21,192 [Listener at 127.0.0.1/11284] INFO  ha.SCMNodeInfo (SCMNodeInfo.java:getPort(197)) - ConfigKey ozone.scm.block.client.address is deprecated, For configuring different ports for each SCM use PortConfigKey ozone.scm.block.client.port appended with serviceId and nodeId
2021-10-13 10:11:21,192 [Listener at 127.0.0.1/11284] INFO  ha.SCMNodeInfo (SCMNodeInfo.java:getPort(197)) - ConfigKey ozone.scm.datanode.address is deprecated, For configuring different ports for each SCM use PortConfigKey ozone.scm.datanode.port appended with serviceId and nodeId
2021-10-13 10:11:21,192 [Listener at 127.0.0.1/11284] INFO  ha.SCMNodeInfo (SCMNodeInfo.java:getPort(197)) - ConfigKey ozone.scm.client.address is deprecated, For configuring different ports for each SCM use PortConfigKey ozone.scm.client.port appended with serviceId and nodeId
2021-10-13 10:11:21,193 [Listener at 127.0.0.1/11284] INFO  ha.SCMNodeInfo (SCMNodeInfo.java:getPort(197)) - ConfigKey ozone.scm.block.client.address is deprecated, For configuring different ports for each SCM use PortConfigKey ozone.scm.block.client.port appended with serviceId and nodeId
2021-10-13 10:11:21,193 [Listener at 127.0.0.1/11284] INFO  ha.SCMNodeInfo (SCMNodeInfo.java:getPort(197)) - ConfigKey ozone.scm.datanode.address is deprecated, For configuring different ports for each SCM use PortConfigKey ozone.scm.datanode.port appended with serviceId and nodeId
2021-10-13 10:11:21,195 [Listener at 127.0.0.1/11284] INFO  volume.HddsVolume (HddsVolume.java:<init>(120)) - Creating HddsVolume: /home/runner/work/ozone/ozone/hadoop-ozone/integration-test/target/test-dir/MiniOzoneClusterImpl-7a3c196b-86f6-4848-923d-88c8cd7ca178/datanode-0/data-0/containers/hdds of storage type : DISK capacity : 9223372036854775807
2021-10-13 10:11:21,195 [Listener at 127.0.0.1/11284] INFO  volume.MutableVolumeSet (MutableVolumeSet.java:initializeVolumeSet(168)) - Added Volume : /home/runner/work/ozone/ozone/hadoop-ozone/integration-test/target/test-dir/MiniOzoneClusterImpl-7a3c196b-86f6-4848-923d-88c8cd7ca178/datanode-0/data-0/containers/hdds to VolumeSet
2021-10-13 10:11:21,195 [Listener at 127.0.0.1/11284] INFO  volume.ThrottledAsyncChecker (ThrottledAsyncChecker.java:schedule(141)) - Scheduling a check for /home/runner/work/ozone/ozone/hadoop-ozone/integration-test/target/test-dir/MiniOzoneClusterImpl-7a3c196b-86f6-4848-923d-88c8cd7ca178/datanode-0/data-0/containers/hdds
2021-10-13 10:11:21,205 [Listener at 127.0.0.1/11284] INFO  volume.StorageVolumeChecker (StorageVolumeChecker.java:checkAllVolumes(202)) - Scheduled health check for volume /home/runner/work/ozone/ozone/hadoop-ozone/integration-test/target/test-dir/MiniOzoneClusterImpl-7a3c196b-86f6-4848-923d-88c8cd7ca178/datanode-0/data-0/containers/hdds
2021-10-13 10:11:21,229 [Listener at 127.0.0.1/11284] INFO  volume.MutableVolumeSet (MutableVolumeSet.java:initializeVolumeSet(168)) - Added Volume : /home/runner/work/ozone/ozone/hadoop-ozone/integration-test/target/test-dir/MiniOzoneClusterImpl-7a3c196b-86f6-4848-923d-88c8cd7ca178/datanode-0/data/ratis to VolumeSet
2021-10-13 10:11:21,229 [Listener at 127.0.0.1/11284] INFO  volume.ThrottledAsyncChecker (ThrottledAsyncChecker.java:schedule(141)) - Scheduling a check for /home/runner/work/ozone/ozone/hadoop-ozone/integration-test/target/test-dir/MiniOzoneClusterImpl-7a3c196b-86f6-4848-923d-88c8cd7ca178/datanode-0/data/ratis
2021-10-13 10:11:21,231 [Listener at 127.0.0.1/11284] INFO  volume.StorageVolumeChecker (StorageVolumeChecker.java:checkAllVolumes(202)) - Scheduled health check for volume /home/runner/work/ozone/ozone/hadoop-ozone/integration-test/target/test-dir/MiniOzoneClusterImpl-7a3c196b-86f6-4848-923d-88c8cd7ca178/datanode-0/data/ratis
2021-10-13 10:11:21,312 [Thread-1462] INFO  ozoneimpl.ContainerReader (ContainerReader.java:readVolume(172)) - Finish verifying containers on volume /home/runner/work/ozone/ozone/hadoop-ozone/integration-test/target/test-dir/MiniOzoneClusterImpl-7a3c196b-86f6-4848-923d-88c8cd7ca178/datanode-0/data-0/containers/hdds
2021-10-13 10:11:21,312 [Listener at 127.0.0.1/11284] INFO  ozoneimpl.OzoneContainer (OzoneContainer.java:buildContainerSet(236)) - Build ContainerSet costs 0s
2021-10-13 10:11:21,327 [Listener at 127.0.0.1/11284] INFO  server.RaftServer (ConfUtils.java:logGet(44)) - raft.rpc.type = GRPC (default)
2021-10-13 10:11:21,328 [Listener at 127.0.0.1/11284] INFO  grpc.GrpcFactory (GrpcFactory.java:checkPooledByteBufAllocatorUseCacheForAllThreads(48)) - PERFORMANCE WARNING: useCacheForAllThreads is true that may cause Netty to create a lot garbage objects and, as a result, trigger GC.
	It is recommended to disable useCacheForAllThreads by setting -Dorg.apache.ratis.thirdparty.io.netty.allocator.useCacheForAllThreads=false in command line.
2021-10-13 10:11:21,328 [Listener at 127.0.0.1/11284] INFO  grpc.GrpcConfigKeys (ConfUtils.java:logGet(44)) - raft.grpc.admin.port = 0 (custom)
2021-10-13 10:11:21,328 [Listener at 127.0.0.1/11284] INFO  grpc.GrpcConfigKeys (ConfUtils.java:logGet(44)) - raft.grpc.client.port = 0 (custom)
2021-10-13 10:11:21,328 [Listener at 127.0.0.1/11284] INFO  grpc.GrpcConfigKeys (ConfUtils.java:logGet(44)) - raft.grpc.server.port = 0 (default)
2021-10-13 10:11:21,328 [Listener at 127.0.0.1/11284] INFO  server.GrpcService (ConfUtils.java:logGet(44)) - raft.grpc.message.size.max = 32MB (=33554432) (custom)
2021-10-13 10:11:21,329 [Listener at 127.0.0.1/11284] INFO  server.RaftServerConfigKeys (ConfUtils.java:logGet(44)) - raft.server.log.appender.buffer.byte-limit = 33554432 (custom)
2021-10-13 10:11:21,329 [Listener at 127.0.0.1/11284] INFO  server.GrpcService (ConfUtils.java:logGet(44)) - raft.grpc.flow.control.window = 5MB (=5242880) (custom)
2021-10-13 10:11:21,329 [Listener at 127.0.0.1/11284] INFO  server.RaftServerConfigKeys (ConfUtils.java:logGet(44)) - raft.server.rpc.request.timeout = 60s (custom)
2021-10-13 10:11:21,329 [EndpointStateMachine task thread for /127.0.0.1:13887 - 0 ] INFO  ipc.Client (Client.java:handleConnectionFailure(977)) - Retrying connect to server: localhost/127.0.0.1:13887. Already tried 14 time(s); retry policy is RetryUpToMaximumCountWithFixedSleep(maxRetries=15, sleepTime=1000 MILLISECONDS)
2021-10-13 10:11:21,331 [Listener at 127.0.0.1/11284] INFO  impl.DataStreamServerImpl (ConfUtils.java:logGet(44)) - raft.datastream.type = DISABLED (default)
2021-10-13 10:11:21,336 [Listener at 127.0.0.1/11284] INFO  server.RaftServerConfigKeys (ConfUtils.java:logGet(44)) - raft.server.rpc.slowness.timeout = 300s (custom)
2021-10-13 10:11:21,336 [Listener at 127.0.0.1/11284] INFO  server.RaftServerConfigKeys (ConfUtils.java:logGet(44)) - raft.server.leaderelection.leader.step-down.wait-time = 10s (default)
2021-10-13 10:11:21,336 [Listener at 127.0.0.1/11284] INFO  server.RaftServerConfigKeys (ConfUtils.java:logGet(44)) - raft.server.storage.dir = [/home/runner/work/ozone/ozone/hadoop-ozone/integration-test/target/test-dir/MiniOzoneClusterImpl-7a3c196b-86f6-4848-923d-88c8cd7ca178/datanode-0/data/ratis] (custom)
2021-10-13 10:11:21,353 [Listener at 127.0.0.1/11284] INFO  http.BaseHttpServer (BaseHttpServer.java:newHttpServer2BuilderForOzone(209)) - Starting Web-server for hddsDatanode at: http://0.0.0.0:0
2021-10-13 10:11:21,353 [Listener at 127.0.0.1/11284] INFO  http.BaseHttpServer (BaseHttpServer.java:<init>(107)) - Hadoop Security Enabled: false Ozone Security Enabled: false Ozone HTTP Security Enabled: false 
2021-10-13 10:11:21,354 [Listener at 127.0.0.1/11284] INFO  server.AuthenticationFilter (AuthenticationFilter.java:constructSecretProvider(240)) - Unable to initialize FileSignerSecretProvider, falling back to use random secrets.
2021-10-13 10:11:21,361 [Listener at 127.0.0.1/11284] WARN  http.HttpRequestLog (HttpRequestLog.java:getRequestLog(103)) - Jetty request log can only be enabled using Log4j
2021-10-13 10:11:21,361 [Listener at 127.0.0.1/11284] INFO  http.HttpServer2 (HttpServer2.java:addGlobalFilter(1030)) - Added global filter 'safety' (class=org.apache.hadoop.hdds.server.http.HttpServer2$QuotingInputFilter)
2021-10-13 10:11:21,369 [Listener at 127.0.0.1/11284] INFO  http.HttpServer2 (HttpServer2.java:addFilter(1006)) - Added filter static_user_filter (class=org.apache.hadoop.http.lib.StaticUserWebFilter$StaticUserFilter) to context hddsDatanode
2021-10-13 10:11:21,370 [Listener at 127.0.0.1/11284] INFO  http.HttpServer2 (HttpServer2.java:addFilter(1014)) - Added filter static_user_filter (class=org.apache.hadoop.http.lib.StaticUserWebFilter$StaticUserFilter) to context static
2021-10-13 10:11:21,370 [Listener at 127.0.0.1/11284] INFO  http.HttpServer2 (HttpServer2.java:addFilter(1014)) - Added filter static_user_filter (class=org.apache.hadoop.http.lib.StaticUserWebFilter$StaticUserFilter) to context logs
2021-10-13 10:11:21,375 [Listener at 127.0.0.1/11284] INFO  http.HttpServer2 (HttpServer2.java:bindListener(1249)) - Jetty bound to port 42113
2021-10-13 10:11:21,375 [Listener at 127.0.0.1/11284] INFO  server.Server (Server.java:doStart(375)) - jetty-9.4.43.v20210629; built: 2021-06-30T11:07:22.254Z; git: 526006ecfa3af7f1a27ef3a288e2bef7ea9dd7e8; jvm 1.8.0_292-b10
2021-10-13 10:11:21,383 [EndpointStateMachine task thread for /127.0.0.1:13877 - 0 ] INFO  ipc.Client (Client.java:handleConnectionFailure(977)) - Retrying connect to server: localhost/127.0.0.1:13877. Already tried 2 time(s); retry policy is RetryUpToMaximumCountWithFixedSleep(maxRetries=15, sleepTime=1000 MILLISECONDS)
2021-10-13 10:11:21,431 [Listener at 127.0.0.1/11284] INFO  server.session (DefaultSessionIdManager.java:doStart(334)) - DefaultSessionIdManager workerName=node0
2021-10-13 10:11:21,432 [Listener at 127.0.0.1/11284] INFO  server.session (DefaultSessionIdManager.java:doStart(339)) - No SessionScavenger set, using defaults
2021-10-13 10:11:21,432 [Listener at 127.0.0.1/11284] INFO  server.session (HouseKeeper.java:startScavenging(132)) - node0 Scavenging every 660000ms
2021-10-13 10:11:21,433 [Listener at 127.0.0.1/11284] INFO  handler.ContextHandler (ContextHandler.java:doStart(915)) - Started o.e.j.s.ServletContextHandler@347bc2ad{logs,/logs,file:///home/runner/work/ozone/ozone/hadoop-ozone/integration-test/target/log,AVAILABLE}
2021-10-13 10:11:21,433 [Listener at 127.0.0.1/11284] INFO  handler.ContextHandler (ContextHandler.java:doStart(915)) - Started o.e.j.s.ServletContextHandler@27f64853{static,/static,jar:file:/home/runner/.m2/repository/org/apache/ozone/hdds-container-service/1.2.0-SNAPSHOT/hdds-container-service-1.2.0-SNAPSHOT.jar!/webapps/static,AVAILABLE}
2021-10-13 10:11:21,552 [Listener at 127.0.0.1/11284] INFO  handler.ContextHandler (ContextHandler.java:doStart(915)) - Started o.e.j.w.WebAppContext@7b48f52e{hddsDatanode,/,file:///tmp/jetty-0_0_0_0-42113-hdds-container-service-1_2_0-SNAPSHOT_jar-_-any-353045004787743362/webapp/,AVAILABLE}{jar:file:/home/runner/.m2/repository/org/apache/ozone/hdds-container-service/1.2.0-SNAPSHOT/hdds-container-service-1.2.0-SNAPSHOT.jar!/webapps/hddsDatanode}
2021-10-13 10:11:21,560 [Listener at 127.0.0.1/11284] INFO  server.AbstractConnector (AbstractConnector.java:doStart(331)) - Started ServerConnector@ab8b7f{HTTP/1.1, (http/1.1)}{0.0.0.0:42113}
2021-10-13 10:11:21,560 [Listener at 127.0.0.1/11284] INFO  server.Server (Server.java:doStart(415)) - Started @87318ms
2021-10-13 10:11:21,560 [Listener at 127.0.0.1/11284] WARN  impl.MetricsSystemImpl (MetricsSystemImpl.java:register(279)) - Sink prometheus already exists!
2021-10-13 10:11:21,561 [Listener at 127.0.0.1/11284] INFO  http.BaseHttpServer (BaseHttpServer.java:updateConnectorAddress(329)) - HTTP server of hddsDatanode listening at http://0.0.0.0:42113
2021-10-13 10:11:21,571 [Listener at 127.0.0.1/11284] WARN  impl.MetricRegistriesImpl (MetricRegistriesImpl.java:addReporterRegistration(111)) - New reporters are added after registries were created. Some metrics will be missing from the reporter. Please add reporter before adding any new registry.
2021-10-13 10:11:21,571 [Listener at 127.0.0.1/11284] WARN  impl.MetricRegistriesImpl (MetricRegistriesImpl.java:addReporterRegistration(111)) - New reporters are added after registries were created. Some metrics will be missing from the reporter. Please add reporter before adding any new registry.
2021-10-13 10:11:21,571 [Listener at 127.0.0.1/11284] INFO  impl.MetricsSystemImpl (MetricsSystemImpl.java:init(158)) - HddsDatanode metrics system started (again)
2021-10-13 10:11:21,580 [Datanode State Machine Thread - 0] INFO  statemachine.DatanodeStateMachine (DatanodeStateMachine.java:lambda$startDaemon$0(463)) - Ozone container server started.
2021-10-13 10:11:21,614 [Listener at 127.0.0.1/11284] INFO  ozone.HddsDatanodeService (HddsDatanodeService.java:start(234)) - HddsDatanodeService host:fv-az395-254.zfmzfyrfkyou3ow0tsr0jxwq1e.bx.internal.cloudapp.net ip:10.1.0.44
2021-10-13 10:11:21,663 [Listener at 127.0.0.1/11284] INFO  upgrade.AbstractLayoutVersionManager (AbstractLayoutVersionManager.java:init(79)) - Initializing Layout version manager with metadata layout = SCM_HA (version = 2), software layout = SCM_HA (version = 2)
2021-10-13 10:11:21,672 [org.apache.hadoop.util.JvmPauseMonitor$Monitor@c6c54e9] INFO  util.JvmPauseMonitor (JvmPauseMonitor.java:run(188)) - Starting JVM pause monitor
2021-10-13 10:11:21,673 [Datanode State Machine Task Thread - 0] INFO  ha.SCMNodeInfo (SCMNodeInfo.java:getPort(197)) - ConfigKey ozone.scm.client.address is deprecated, For configuring different ports for each SCM use PortConfigKey ozone.scm.client.port appended with serviceId and nodeId
2021-10-13 10:11:21,674 [Datanode State Machine Task Thread - 0] INFO  ha.SCMNodeInfo (SCMNodeInfo.java:getPort(197)) - ConfigKey ozone.scm.block.client.address is deprecated, For configuring different ports for each SCM use PortConfigKey ozone.scm.block.client.port appended with serviceId and nodeId
2021-10-13 10:11:21,674 [Datanode State Machine Task Thread - 0] INFO  ha.SCMNodeInfo (SCMNodeInfo.java:getPort(197)) - ConfigKey ozone.scm.datanode.address is deprecated, For configuring different ports for each SCM use PortConfigKey ozone.scm.datanode.port appended with serviceId and nodeId
2021-10-13 10:11:21,674 [Datanode State Machine Task Thread - 0] INFO  ha.SCMNodeInfo (SCMNodeInfo.java:getPort(197)) - ConfigKey ozone.scm.client.address is deprecated, For configuring different ports for each SCM use PortConfigKey ozone.scm.client.port appended with serviceId and nodeId
2021-10-13 10:11:21,674 [Datanode State Machine Task Thread - 0] INFO  ha.SCMNodeInfo (SCMNodeInfo.java:getPort(197)) - ConfigKey ozone.scm.block.client.address is deprecated, For configuring different ports for each SCM use PortConfigKey ozone.scm.block.client.port appended with serviceId and nodeId
2021-10-13 10:11:21,674 [Datanode State Machine Task Thread - 0] INFO  ha.SCMNodeInfo (SCMNodeInfo.java:getPort(197)) - ConfigKey ozone.scm.datanode.address is deprecated, For configuring different ports for each SCM use PortConfigKey ozone.scm.datanode.port appended with serviceId and nodeId
2021-10-13 10:11:21,674 [Datanode State Machine Task Thread - 0] INFO  ha.SCMNodeInfo (SCMNodeInfo.java:getPort(197)) - ConfigKey ozone.scm.client.address is deprecated, For configuring different ports for each SCM use PortConfigKey ozone.scm.client.port appended with serviceId and nodeId
2021-10-13 10:11:21,674 [Datanode State Machine Task Thread - 0] INFO  ha.SCMNodeInfo (SCMNodeInfo.java:getPort(197)) - ConfigKey ozone.scm.block.client.address is deprecated, For configuring different ports for each SCM use PortConfigKey ozone.scm.block.client.port appended with serviceId and nodeId
2021-10-13 10:11:21,675 [Datanode State Machine Task Thread - 0] INFO  ha.SCMNodeInfo (SCMNodeInfo.java:getPort(197)) - ConfigKey ozone.scm.datanode.address is deprecated, For configuring different ports for each SCM use PortConfigKey ozone.scm.datanode.port appended with serviceId and nodeId
2021-10-13 10:11:21,681 [Datanode State Machine Task Thread - 0] INFO  datanode.InitDatanodeState (InitDatanodeState.java:persistContainerDatanodeDetails(145)) - DatanodeDetails is persisted to /home/runner/work/ozone/ozone/hadoop-ozone/integration-test/target/test-dir/MiniOzoneClusterImpl-7a3c196b-86f6-4848-923d-88c8cd7ca178/datanode-0/meta/datanode.id
2021-10-13 10:11:21,791 [Listener at 127.0.0.1/11284] INFO  reflections.Reflections (Reflections.java:scan(232)) - Reflections took 127 ms to scan 7 urls, producing 119 keys and 278 values 
2021-10-13 10:11:21,792 [Listener at 127.0.0.1/11284] INFO  ha.SCMNodeInfo (SCMNodeInfo.java:getPort(197)) - ConfigKey ozone.scm.client.address is deprecated, For configuring different ports for each SCM use PortConfigKey ozone.scm.client.port appended with serviceId and nodeId
2021-10-13 10:11:21,793 [Listener at 127.0.0.1/11284] INFO  ha.SCMNodeInfo (SCMNodeInfo.java:getPort(197)) - ConfigKey ozone.scm.block.client.address is deprecated, For configuring different ports for each SCM use PortConfigKey ozone.scm.block.client.port appended with serviceId and nodeId
2021-10-13 10:11:21,793 [Listener at 127.0.0.1/11284] INFO  ha.SCMNodeInfo (SCMNodeInfo.java:getPort(197)) - ConfigKey ozone.scm.datanode.address is deprecated, For configuring different ports for each SCM use PortConfigKey ozone.scm.datanode.port appended with serviceId and nodeId
2021-10-13 10:11:21,793 [Listener at 127.0.0.1/11284] INFO  ha.SCMNodeInfo (SCMNodeInfo.java:getPort(197)) - ConfigKey ozone.scm.client.address is deprecated, For configuring different ports for each SCM use PortConfigKey ozone.scm.client.port appended with serviceId and nodeId
2021-10-13 10:11:21,793 [Listener at 127.0.0.1/11284] INFO  ha.SCMNodeInfo (SCMNodeInfo.java:getPort(197)) - ConfigKey ozone.scm.block.client.address is deprecated, For configuring different ports for each SCM use PortConfigKey ozone.scm.block.client.port appended with serviceId and nodeId
2021-10-13 10:11:21,793 [Listener at 127.0.0.1/11284] INFO  ha.SCMNodeInfo (SCMNodeInfo.java:getPort(197)) - ConfigKey ozone.scm.datanode.address is deprecated, For configuring different ports for each SCM use PortConfigKey ozone.scm.datanode.port appended with serviceId and nodeId
2021-10-13 10:11:21,793 [Listener at 127.0.0.1/11284] INFO  ha.SCMNodeInfo (SCMNodeInfo.java:getPort(197)) - ConfigKey ozone.scm.client.address is deprecated, For configuring different ports for each SCM use PortConfigKey ozone.scm.client.port appended with serviceId and nodeId
2021-10-13 10:11:21,793 [Listener at 127.0.0.1/11284] INFO  ha.SCMNodeInfo (SCMNodeInfo.java:getPort(197)) - ConfigKey ozone.scm.block.client.address is deprecated, For configuring different ports for each SCM use PortConfigKey ozone.scm.block.client.port appended with serviceId and nodeId
2021-10-13 10:11:21,793 [Listener at 127.0.0.1/11284] INFO  ha.SCMNodeInfo (SCMNodeInfo.java:getPort(197)) - ConfigKey ozone.scm.datanode.address is deprecated, For configuring different ports for each SCM use PortConfigKey ozone.scm.datanode.port appended with serviceId and nodeId
2021-10-13 10:11:21,808 [Listener at 127.0.0.1/11284] INFO  volume.HddsVolume (HddsVolume.java:<init>(120)) - Creating HddsVolume: /home/runner/work/ozone/ozone/hadoop-ozone/integration-test/target/test-dir/MiniOzoneClusterImpl-7a3c196b-86f6-4848-923d-88c8cd7ca178/datanode-1/data-0/containers/hdds of storage type : DISK capacity : 9223372036854775807
2021-10-13 10:11:21,808 [Listener at 127.0.0.1/11284] INFO  volume.MutableVolumeSet (MutableVolumeSet.java:initializeVolumeSet(168)) - Added Volume : /home/runner/work/ozone/ozone/hadoop-ozone/integration-test/target/test-dir/MiniOzoneClusterImpl-7a3c196b-86f6-4848-923d-88c8cd7ca178/datanode-1/data-0/containers/hdds to VolumeSet
2021-10-13 10:11:21,810 [Listener at 127.0.0.1/11284] INFO  volume.ThrottledAsyncChecker (ThrottledAsyncChecker.java:schedule(141)) - Scheduling a check for /home/runner/work/ozone/ozone/hadoop-ozone/integration-test/target/test-dir/MiniOzoneClusterImpl-7a3c196b-86f6-4848-923d-88c8cd7ca178/datanode-1/data-0/containers/hdds
2021-10-13 10:11:21,828 [Listener at 127.0.0.1/11284] INFO  volume.StorageVolumeChecker (StorageVolumeChecker.java:checkAllVolumes(202)) - Scheduled health check for volume /home/runner/work/ozone/ozone/hadoop-ozone/integration-test/target/test-dir/MiniOzoneClusterImpl-7a3c196b-86f6-4848-923d-88c8cd7ca178/datanode-1/data-0/containers/hdds
2021-10-13 10:11:21,836 [omNode-1@group-523986131536-FollowerState] INFO  impl.FollowerState (FollowerState.java:run(134)) - omNode-1@group-523986131536-FollowerState: change to CANDIDATE, lastRpcElapsedTime:1124042585ns, electionTimeout:1115ms
2021-10-13 10:11:21,836 [omNode-1@group-523986131536-FollowerState] INFO  impl.RoleInfo (RoleInfo.java:shutdownFollowerState(108)) - omNode-1: shutdown omNode-1@group-523986131536-FollowerState
2021-10-13 10:11:21,836 [omNode-1@group-523986131536-FollowerState] INFO  server.RaftServer$Division (RaftServerImpl.java:setRole(285)) - omNode-1@group-523986131536: changes role from  FOLLOWER to CANDIDATE at term 0 for changeToCandidate
2021-10-13 10:11:21,837 [omNode-1@group-523986131536-FollowerState] INFO  server.RaftServerConfigKeys (ConfUtils.java:logGet(44)) - raft.server.leaderelection.pre-vote = false (custom)
2021-10-13 10:11:21,837 [omNode-1@group-523986131536-FollowerState] INFO  impl.RoleInfo (RoleInfo.java:updateAndGet(130)) - omNode-1: start omNode-1@group-523986131536-LeaderElection19
2021-10-13 10:11:21,885 [Listener at 127.0.0.1/11284] INFO  volume.MutableVolumeSet (MutableVolumeSet.java:initializeVolumeSet(168)) - Added Volume : /home/runner/work/ozone/ozone/hadoop-ozone/integration-test/target/test-dir/MiniOzoneClusterImpl-7a3c196b-86f6-4848-923d-88c8cd7ca178/datanode-1/data/ratis to VolumeSet
2021-10-13 10:11:21,885 [Listener at 127.0.0.1/11284] INFO  volume.ThrottledAsyncChecker (ThrottledAsyncChecker.java:schedule(141)) - Scheduling a check for /home/runner/work/ozone/ozone/hadoop-ozone/integration-test/target/test-dir/MiniOzoneClusterImpl-7a3c196b-86f6-4848-923d-88c8cd7ca178/datanode-1/data/ratis
2021-10-13 10:11:21,885 [Listener at 127.0.0.1/11284] INFO  volume.StorageVolumeChecker (StorageVolumeChecker.java:checkAllVolumes(202)) - Scheduled health check for volume /home/runner/work/ozone/ozone/hadoop-ozone/integration-test/target/test-dir/MiniOzoneClusterImpl-7a3c196b-86f6-4848-923d-88c8cd7ca178/datanode-1/data/ratis
2021-10-13 10:11:21,898 [omNode-1@group-523986131536-LeaderElection19] INFO  impl.LeaderElection (LeaderElection.java:askForVotes(306)) - omNode-1@group-523986131536-LeaderElection19 ELECTION round 0: submit vote requests at term 1 for -1: [omNode-1|rpc:localhost:11288|priority:0], old=null
2021-10-13 10:11:21,898 [omNode-1@group-523986131536-LeaderElection19] INFO  impl.LeaderElection (LeaderElection.java:askForVotes(308)) - omNode-1@group-523986131536-LeaderElection19 ELECTION round 0: result PASSED (term=1)
2021-10-13 10:11:21,898 [omNode-1@group-523986131536-LeaderElection19] INFO  impl.RoleInfo (RoleInfo.java:shutdownLeaderElection(121)) - omNode-1: shutdown omNode-1@group-523986131536-LeaderElection19
2021-10-13 10:11:21,898 [omNode-1@group-523986131536-LeaderElection19] INFO  server.RaftServer$Division (RaftServerImpl.java:setRole(285)) - omNode-1@group-523986131536: changes role from CANDIDATE to LEADER at term 1 for changeToLeader
2021-10-13 10:11:21,899 [omNode-1@group-523986131536-LeaderElection19] INFO  server.RaftServer$Division (ServerState.java:setLeader(285)) - omNode-1@group-523986131536: change Leader from null to omNode-1 at term 1 for becomeLeader, leader elected after 1307ms
2021-10-13 10:11:21,899 [omNode-1@group-523986131536-LeaderElection19] INFO  server.RaftServerConfigKeys (ConfUtils.java:logGet(44)) - raft.server.staging.catchup.gap = 1000 (default)
2021-10-13 10:11:21,899 [omNode-1@group-523986131536-LeaderElection19] INFO  server.RaftServerConfigKeys (ConfUtils.java:logGet(44)) - raft.server.write.element-limit = 4096 (default)
2021-10-13 10:11:21,899 [omNode-1@group-523986131536-LeaderElection19] INFO  server.RaftServerConfigKeys (ConfUtils.java:logGet(44)) - raft.server.write.byte-limit = 64MB (=67108864) (default)
2021-10-13 10:11:21,899 [omNode-1@group-523986131536-LeaderElection19] INFO  server.RaftServerConfigKeys (ConfUtils.java:logGet(44)) - raft.server.watch.timeout = 10s (default)
2021-10-13 10:11:21,899 [omNode-1@group-523986131536-LeaderElection19] INFO  server.RaftServerConfigKeys (ConfUtils.java:logGet(44)) - raft.server.watch.timeout.denomination = 1s (default)
2021-10-13 10:11:21,899 [omNode-1@group-523986131536-LeaderElection19] INFO  server.RaftServerConfigKeys (ConfUtils.java:logGet(44)) - raft.server.watch.element-limit = 65536 (default)
2021-10-13 10:11:21,899 [omNode-1@group-523986131536-LeaderElection19] INFO  impl.RoleInfo (RoleInfo.java:updateAndGet(130)) - omNode-1: start omNode-1@group-523986131536-LeaderStateImpl
2021-10-13 10:11:21,900 [omNode-1@group-523986131536-LeaderElection19] INFO  segmented.SegmentedRaftLogWorker (SegmentedRaftLogWorker.java:startLogSegment(394)) - omNode-1@group-523986131536-SegmentedRaftLogWorker: Starting segment from index:0
2021-10-13 10:11:21,912 [omNode-1@group-523986131536-SegmentedRaftLogWorker] INFO  segmented.SegmentedRaftLogWorker (SegmentedRaftLogWorker.java:execute(601)) - omNode-1@group-523986131536-SegmentedRaftLogWorker: created new log segment /home/runner/work/ozone/ozone/hadoop-ozone/integration-test/target/test-dir/MiniOzoneClusterImpl-7a3c196b-86f6-4848-923d-88c8cd7ca178/omNode-1/ratis/c9bc4cf4-3bc3-3c60-a66b-523986131536/current/log_inprogress_0
2021-10-13 10:11:21,930 [omNode-1@group-523986131536-LeaderElection19] INFO  server.RaftServer$Division (ServerState.java:setRaftConf(387)) - omNode-1@group-523986131536: set configuration 0: [omNode-1|rpc:localhost:11288|admin:|client:|dataStream:|priority:0], old=null
2021-10-13 10:11:21,931 [omNode-1@group-523986131536-StateMachineUpdater] INFO  ratis.OzoneManagerStateMachine (OzoneManagerStateMachine.java:notifyConfigurationChanged(188)) - Received Configuration change notification from Ratis. New Peer list:
[id: "omNode-1"
address: "localhost:11288"
]
2021-10-13 10:11:21,944 [Thread-1477] INFO  ozoneimpl.ContainerReader (ContainerReader.java:readVolume(172)) - Finish verifying containers on volume /home/runner/work/ozone/ozone/hadoop-ozone/integration-test/target/test-dir/MiniOzoneClusterImpl-7a3c196b-86f6-4848-923d-88c8cd7ca178/datanode-1/data-0/containers/hdds
2021-10-13 10:11:21,948 [Listener at 127.0.0.1/11284] INFO  ozoneimpl.OzoneContainer (OzoneContainer.java:buildContainerSet(236)) - Build ContainerSet costs 0s
2021-10-13 10:11:21,950 [Listener at 127.0.0.1/11284] INFO  server.RaftServer (ConfUtils.java:logGet(44)) - raft.rpc.type = GRPC (default)
2021-10-13 10:11:21,951 [Listener at 127.0.0.1/11284] INFO  grpc.GrpcFactory (GrpcFactory.java:checkPooledByteBufAllocatorUseCacheForAllThreads(48)) - PERFORMANCE WARNING: useCacheForAllThreads is true that may cause Netty to create a lot garbage objects and, as a result, trigger GC.
	It is recommended to disable useCacheForAllThreads by setting -Dorg.apache.ratis.thirdparty.io.netty.allocator.useCacheForAllThreads=false in command line.
2021-10-13 10:11:21,951 [Listener at 127.0.0.1/11284] INFO  grpc.GrpcConfigKeys (ConfUtils.java:logGet(44)) - raft.grpc.admin.port = 0 (custom)
2021-10-13 10:11:21,951 [Listener at 127.0.0.1/11284] INFO  grpc.GrpcConfigKeys (ConfUtils.java:logGet(44)) - raft.grpc.client.port = 0 (custom)
2021-10-13 10:11:21,951 [Listener at 127.0.0.1/11284] INFO  grpc.GrpcConfigKeys (ConfUtils.java:logGet(44)) - raft.grpc.server.port = 0 (default)
2021-10-13 10:11:21,951 [Listener at 127.0.0.1/11284] INFO  server.GrpcService (ConfUtils.java:logGet(44)) - raft.grpc.message.size.max = 32MB (=33554432) (custom)
2021-10-13 10:11:21,951 [Listener at 127.0.0.1/11284] INFO  server.RaftServerConfigKeys (ConfUtils.java:logGet(44)) - raft.server.log.appender.buffer.byte-limit = 33554432 (custom)
2021-10-13 10:11:21,951 [Listener at 127.0.0.1/11284] INFO  server.GrpcService (ConfUtils.java:logGet(44)) - raft.grpc.flow.control.window = 5MB (=5242880) (custom)
2021-10-13 10:11:21,952 [Listener at 127.0.0.1/11284] INFO  server.RaftServerConfigKeys (ConfUtils.java:logGet(44)) - raft.server.rpc.request.timeout = 60s (custom)
2021-10-13 10:11:21,961 [Listener at 127.0.0.1/11284] INFO  impl.DataStreamServerImpl (ConfUtils.java:logGet(44)) - raft.datastream.type = DISABLED (default)
2021-10-13 10:11:21,961 [Listener at 127.0.0.1/11284] INFO  server.RaftServerConfigKeys (ConfUtils.java:logGet(44)) - raft.server.rpc.slowness.timeout = 300s (custom)
2021-10-13 10:11:21,961 [Listener at 127.0.0.1/11284] INFO  server.RaftServerConfigKeys (ConfUtils.java:logGet(44)) - raft.server.leaderelection.leader.step-down.wait-time = 10s (default)
2021-10-13 10:11:21,962 [Listener at 127.0.0.1/11284] INFO  server.RaftServerConfigKeys (ConfUtils.java:logGet(44)) - raft.server.storage.dir = [/home/runner/work/ozone/ozone/hadoop-ozone/integration-test/target/test-dir/MiniOzoneClusterImpl-7a3c196b-86f6-4848-923d-88c8cd7ca178/datanode-1/data/ratis] (custom)
2021-10-13 10:11:21,981 [Listener at 127.0.0.1/11284] INFO  http.BaseHttpServer (BaseHttpServer.java:newHttpServer2BuilderForOzone(209)) - Starting Web-server for hddsDatanode at: http://0.0.0.0:0
2021-10-13 10:11:21,981 [Listener at 127.0.0.1/11284] INFO  http.BaseHttpServer (BaseHttpServer.java:<init>(107)) - Hadoop Security Enabled: false Ozone Security Enabled: false Ozone HTTP Security Enabled: false 
2021-10-13 10:11:21,982 [Listener at 127.0.0.1/11284] INFO  server.AuthenticationFilter (AuthenticationFilter.java:constructSecretProvider(240)) - Unable to initialize FileSignerSecretProvider, falling back to use random secrets.
2021-10-13 10:11:21,992 [Listener at 127.0.0.1/11284] WARN  http.HttpRequestLog (HttpRequestLog.java:getRequestLog(103)) - Jetty request log can only be enabled using Log4j
2021-10-13 10:11:21,993 [Listener at 127.0.0.1/11284] INFO  http.HttpServer2 (HttpServer2.java:addGlobalFilter(1030)) - Added global filter 'safety' (class=org.apache.hadoop.hdds.server.http.HttpServer2$QuotingInputFilter)
2021-10-13 10:11:21,994 [Listener at 127.0.0.1/11284] INFO  http.HttpServer2 (HttpServer2.java:addFilter(1006)) - Added filter static_user_filter (class=org.apache.hadoop.http.lib.StaticUserWebFilter$StaticUserFilter) to context hddsDatanode
2021-10-13 10:11:21,994 [Listener at 127.0.0.1/11284] INFO  http.HttpServer2 (HttpServer2.java:addFilter(1014)) - Added filter static_user_filter (class=org.apache.hadoop.http.lib.StaticUserWebFilter$StaticUserFilter) to context static
2021-10-13 10:11:21,994 [Listener at 127.0.0.1/11284] INFO  http.HttpServer2 (HttpServer2.java:addFilter(1014)) - Added filter static_user_filter (class=org.apache.hadoop.http.lib.StaticUserWebFilter$StaticUserFilter) to context logs
2021-10-13 10:11:21,995 [Listener at 127.0.0.1/11284] INFO  http.HttpServer2 (HttpServer2.java:bindListener(1249)) - Jetty bound to port 39931
2021-10-13 10:11:21,995 [Listener at 127.0.0.1/11284] INFO  server.Server (Server.java:doStart(375)) - jetty-9.4.43.v20210629; built: 2021-06-30T11:07:22.254Z; git: 526006ecfa3af7f1a27ef3a288e2bef7ea9dd7e8; jvm 1.8.0_292-b10
2021-10-13 10:11:22,033 [EndpointStateMachine task thread for /127.0.0.1:13897 - 0 ] INFO  ipc.Client (Client.java:handleConnectionFailure(977)) - Retrying connect to server: localhost/127.0.0.1:13897. Already tried 3 time(s); retry policy is RetryUpToMaximumCountWithFixedSleep(maxRetries=15, sleepTime=1000 MILLISECONDS)
2021-10-13 10:11:22,066 [Listener at 127.0.0.1/11284] INFO  server.session (DefaultSessionIdManager.java:doStart(334)) - DefaultSessionIdManager workerName=node0
2021-10-13 10:11:22,066 [Listener at 127.0.0.1/11284] INFO  server.session (DefaultSessionIdManager.java:doStart(339)) - No SessionScavenger set, using defaults
2021-10-13 10:11:22,067 [Listener at 127.0.0.1/11284] INFO  server.session (HouseKeeper.java:startScavenging(132)) - node0 Scavenging every 660000ms
2021-10-13 10:11:22,080 [Listener at 127.0.0.1/11284] INFO  handler.ContextHandler (ContextHandler.java:doStart(915)) - Started o.e.j.s.ServletContextHandler@6f014dfa{logs,/logs,file:///home/runner/work/ozone/ozone/hadoop-ozone/integration-test/target/log,AVAILABLE}
2021-10-13 10:11:22,081 [Listener at 127.0.0.1/11284] INFO  handler.ContextHandler (ContextHandler.java:doStart(915)) - Started o.e.j.s.ServletContextHandler@34cc0bac{static,/static,jar:file:/home/runner/.m2/repository/org/apache/ozone/hdds-container-service/1.2.0-SNAPSHOT/hdds-container-service-1.2.0-SNAPSHOT.jar!/webapps/static,AVAILABLE}
2021-10-13 10:11:22,217 [Listener at 127.0.0.1/11284] INFO  handler.ContextHandler (ContextHandler.java:doStart(915)) - Started o.e.j.w.WebAppContext@5e15c93e{hddsDatanode,/,file:///tmp/jetty-0_0_0_0-39931-hdds-container-service-1_2_0-SNAPSHOT_jar-_-any-7573734018869072060/webapp/,AVAILABLE}{jar:file:/home/runner/.m2/repository/org/apache/ozone/hdds-container-service/1.2.0-SNAPSHOT/hdds-container-service-1.2.0-SNAPSHOT.jar!/webapps/hddsDatanode}
2021-10-13 10:11:22,225 [Listener at 127.0.0.1/11284] INFO  server.AbstractConnector (AbstractConnector.java:doStart(331)) - Started ServerConnector@1ca5b7c7{HTTP/1.1, (http/1.1)}{0.0.0.0:39931}
2021-10-13 10:11:22,226 [Listener at 127.0.0.1/11284] INFO  server.Server (Server.java:doStart(415)) - Started @87983ms
2021-10-13 10:11:22,226 [Listener at 127.0.0.1/11284] WARN  impl.MetricsSystemImpl (MetricsSystemImpl.java:register(279)) - Sink prometheus already exists!
2021-10-13 10:11:22,226 [Listener at 127.0.0.1/11284] INFO  http.BaseHttpServer (BaseHttpServer.java:updateConnectorAddress(329)) - HTTP server of hddsDatanode listening at http://0.0.0.0:39931
2021-10-13 10:11:22,236 [Listener at 127.0.0.1/11284] WARN  impl.MetricRegistriesImpl (MetricRegistriesImpl.java:addReporterRegistration(111)) - New reporters are added after registries were created. Some metrics will be missing from the reporter. Please add reporter before adding any new registry.
2021-10-13 10:11:22,236 [Listener at 127.0.0.1/11284] WARN  impl.MetricRegistriesImpl (MetricRegistriesImpl.java:addReporterRegistration(111)) - New reporters are added after registries were created. Some metrics will be missing from the reporter. Please add reporter before adding any new registry.
2021-10-13 10:11:22,236 [Listener at 127.0.0.1/11284] INFO  impl.MetricsSystemImpl (MetricsSystemImpl.java:init(158)) - HddsDatanode metrics system started (again)
2021-10-13 10:11:22,244 [Datanode State Machine Thread - 0] INFO  statemachine.DatanodeStateMachine (DatanodeStateMachine.java:lambda$startDaemon$0(463)) - Ozone container server started.
2021-10-13 10:11:22,284 [Listener at 127.0.0.1/11284] INFO  ozone.HddsDatanodeService (HddsDatanodeService.java:start(234)) - HddsDatanodeService host:fv-az395-254.zfmzfyrfkyou3ow0tsr0jxwq1e.bx.internal.cloudapp.net ip:10.1.0.44
2021-10-13 10:11:22,286 [org.apache.hadoop.util.JvmPauseMonitor$Monitor@5f5339e0] INFO  util.JvmPauseMonitor (JvmPauseMonitor.java:run(188)) - Starting JVM pause monitor
2021-10-13 10:11:22,305 [Datanode State Machine Task Thread - 0] INFO  ha.SCMNodeInfo (SCMNodeInfo.java:getPort(197)) - ConfigKey ozone.scm.client.address is deprecated, For configuring different ports for each SCM use PortConfigKey ozone.scm.client.port appended with serviceId and nodeId
2021-10-13 10:11:22,305 [Datanode State Machine Task Thread - 0] INFO  ha.SCMNodeInfo (SCMNodeInfo.java:getPort(197)) - ConfigKey ozone.scm.block.client.address is deprecated, For configuring different ports for each SCM use PortConfigKey ozone.scm.block.client.port appended with serviceId and nodeId
2021-10-13 10:11:22,305 [Datanode State Machine Task Thread - 0] INFO  ha.SCMNodeInfo (SCMNodeInfo.java:getPort(197)) - ConfigKey ozone.scm.datanode.address is deprecated, For configuring different ports for each SCM use PortConfigKey ozone.scm.datanode.port appended with serviceId and nodeId
2021-10-13 10:11:22,305 [Datanode State Machine Task Thread - 0] INFO  ha.SCMNodeInfo (SCMNodeInfo.java:getPort(197)) - ConfigKey ozone.scm.client.address is deprecated, For configuring different ports for each SCM use PortConfigKey ozone.scm.client.port appended with serviceId and nodeId
2021-10-13 10:11:22,305 [Datanode State Machine Task Thread - 0] INFO  ha.SCMNodeInfo (SCMNodeInfo.java:getPort(197)) - ConfigKey ozone.scm.block.client.address is deprecated, For configuring different ports for each SCM use PortConfigKey ozone.scm.block.client.port appended with serviceId and nodeId
2021-10-13 10:11:22,305 [Datanode State Machine Task Thread - 0] INFO  ha.SCMNodeInfo (SCMNodeInfo.java:getPort(197)) - ConfigKey ozone.scm.datanode.address is deprecated, For configuring different ports for each SCM use PortConfigKey ozone.scm.datanode.port appended with serviceId and nodeId
2021-10-13 10:11:22,305 [Datanode State Machine Task Thread - 0] INFO  ha.SCMNodeInfo (SCMNodeInfo.java:getPort(197)) - ConfigKey ozone.scm.client.address is deprecated, For configuring different ports for each SCM use PortConfigKey ozone.scm.client.port appended with serviceId and nodeId
2021-10-13 10:11:22,305 [Datanode State Machine Task Thread - 0] INFO  ha.SCMNodeInfo (SCMNodeInfo.java:getPort(197)) - ConfigKey ozone.scm.block.client.address is deprecated, For configuring different ports for each SCM use PortConfigKey ozone.scm.block.client.port appended with serviceId and nodeId
2021-10-13 10:11:22,305 [Datanode State Machine Task Thread - 0] INFO  ha.SCMNodeInfo (SCMNodeInfo.java:getPort(197)) - ConfigKey ozone.scm.datanode.address is deprecated, For configuring different ports for each SCM use PortConfigKey ozone.scm.datanode.port appended with serviceId and nodeId
2021-10-13 10:11:22,307 [Datanode State Machine Task Thread - 0] INFO  datanode.InitDatanodeState (InitDatanodeState.java:persistContainerDatanodeDetails(145)) - DatanodeDetails is persisted to /home/runner/work/ozone/ozone/hadoop-ozone/integration-test/target/test-dir/MiniOzoneClusterImpl-7a3c196b-86f6-4848-923d-88c8cd7ca178/datanode-1/meta/datanode.id
2021-10-13 10:11:22,327 [Listener at 127.0.0.1/11284] INFO  upgrade.AbstractLayoutVersionManager (AbstractLayoutVersionManager.java:init(79)) - Initializing Layout version manager with metadata layout = SCM_HA (version = 2), software layout = SCM_HA (version = 2)
2021-10-13 10:11:22,331 [EndpointStateMachine task thread for /127.0.0.1:13887 - 0 ] INFO  ipc.Client (Client.java:handleConnectionFailure(977)) - Retrying connect to server: localhost/127.0.0.1:13887. Already tried 0 time(s); retry policy is RetryUpToMaximumCountWithFixedSleep(maxRetries=15, sleepTime=1000 MILLISECONDS)
2021-10-13 10:11:22,384 [EndpointStateMachine task thread for /127.0.0.1:13877 - 0 ] INFO  ipc.Client (Client.java:handleConnectionFailure(977)) - Retrying connect to server: localhost/127.0.0.1:13877. Already tried 3 time(s); retry policy is RetryUpToMaximumCountWithFixedSleep(maxRetries=15, sleepTime=1000 MILLISECONDS)
2021-10-13 10:11:22,452 [Listener at 127.0.0.1/11284] INFO  reflections.Reflections (Reflections.java:scan(232)) - Reflections took 124 ms to scan 7 urls, producing 119 keys and 278 values 
2021-10-13 10:11:22,454 [Listener at 127.0.0.1/11284] INFO  ha.SCMNodeInfo (SCMNodeInfo.java:getPort(197)) - ConfigKey ozone.scm.client.address is deprecated, For configuring different ports for each SCM use PortConfigKey ozone.scm.client.port appended with serviceId and nodeId
2021-10-13 10:11:22,463 [Listener at 127.0.0.1/11284] INFO  ha.SCMNodeInfo (SCMNodeInfo.java:getPort(197)) - ConfigKey ozone.scm.block.client.address is deprecated, For configuring different ports for each SCM use PortConfigKey ozone.scm.block.client.port appended with serviceId and nodeId
2021-10-13 10:11:22,463 [Listener at 127.0.0.1/11284] INFO  ha.SCMNodeInfo (SCMNodeInfo.java:getPort(197)) - ConfigKey ozone.scm.datanode.address is deprecated, For configuring different ports for each SCM use PortConfigKey ozone.scm.datanode.port appended with serviceId and nodeId
2021-10-13 10:11:22,463 [Listener at 127.0.0.1/11284] INFO  ha.SCMNodeInfo (SCMNodeInfo.java:getPort(197)) - ConfigKey ozone.scm.client.address is deprecated, For configuring different ports for each SCM use PortConfigKey ozone.scm.client.port appended with serviceId and nodeId
2021-10-13 10:11:22,491 [Listener at 127.0.0.1/11284] INFO  ha.SCMNodeInfo (SCMNodeInfo.java:getPort(197)) - ConfigKey ozone.scm.block.client.address is deprecated, For configuring different ports for each SCM use PortConfigKey ozone.scm.block.client.port appended with serviceId and nodeId
2021-10-13 10:11:22,491 [Listener at 127.0.0.1/11284] INFO  ha.SCMNodeInfo (SCMNodeInfo.java:getPort(197)) - ConfigKey ozone.scm.datanode.address is deprecated, For configuring different ports for each SCM use PortConfigKey ozone.scm.datanode.port appended with serviceId and nodeId
2021-10-13 10:11:22,491 [Listener at 127.0.0.1/11284] INFO  ha.SCMNodeInfo (SCMNodeInfo.java:getPort(197)) - ConfigKey ozone.scm.client.address is deprecated, For configuring different ports for each SCM use PortConfigKey ozone.scm.client.port appended with serviceId and nodeId
2021-10-13 10:11:22,491 [Listener at 127.0.0.1/11284] INFO  ha.SCMNodeInfo (SCMNodeInfo.java:getPort(197)) - ConfigKey ozone.scm.block.client.address is deprecated, For configuring different ports for each SCM use PortConfigKey ozone.scm.block.client.port appended with serviceId and nodeId
2021-10-13 10:11:22,491 [Listener at 127.0.0.1/11284] INFO  ha.SCMNodeInfo (SCMNodeInfo.java:getPort(197)) - ConfigKey ozone.scm.datanode.address is deprecated, For configuring different ports for each SCM use PortConfigKey ozone.scm.datanode.port appended with serviceId and nodeId
2021-10-13 10:11:22,592 [Listener at 127.0.0.1/11284] INFO  volume.HddsVolume (HddsVolume.java:<init>(120)) - Creating HddsVolume: /home/runner/work/ozone/ozone/hadoop-ozone/integration-test/target/test-dir/MiniOzoneClusterImpl-7a3c196b-86f6-4848-923d-88c8cd7ca178/datanode-2/data-0/containers/hdds of storage type : DISK capacity : 9223372036854775807
2021-10-13 10:11:22,593 [Listener at 127.0.0.1/11284] INFO  volume.MutableVolumeSet (MutableVolumeSet.java:initializeVolumeSet(168)) - Added Volume : /home/runner/work/ozone/ozone/hadoop-ozone/integration-test/target/test-dir/MiniOzoneClusterImpl-7a3c196b-86f6-4848-923d-88c8cd7ca178/datanode-2/data-0/containers/hdds to VolumeSet
2021-10-13 10:11:22,593 [Listener at 127.0.0.1/11284] INFO  volume.ThrottledAsyncChecker (ThrottledAsyncChecker.java:schedule(141)) - Scheduling a check for /home/runner/work/ozone/ozone/hadoop-ozone/integration-test/target/test-dir/MiniOzoneClusterImpl-7a3c196b-86f6-4848-923d-88c8cd7ca178/datanode-2/data-0/containers/hdds
2021-10-13 10:11:22,596 [Listener at 127.0.0.1/11284] INFO  volume.StorageVolumeChecker (StorageVolumeChecker.java:checkAllVolumes(202)) - Scheduled health check for volume /home/runner/work/ozone/ozone/hadoop-ozone/integration-test/target/test-dir/MiniOzoneClusterImpl-7a3c196b-86f6-4848-923d-88c8cd7ca178/datanode-2/data-0/containers/hdds
2021-10-13 10:11:22,642 [Listener at 127.0.0.1/11284] INFO  volume.MutableVolumeSet (MutableVolumeSet.java:initializeVolumeSet(168)) - Added Volume : /home/runner/work/ozone/ozone/hadoop-ozone/integration-test/target/test-dir/MiniOzoneClusterImpl-7a3c196b-86f6-4848-923d-88c8cd7ca178/datanode-2/data/ratis to VolumeSet
2021-10-13 10:11:22,655 [Listener at 127.0.0.1/11284] INFO  volume.ThrottledAsyncChecker (ThrottledAsyncChecker.java:schedule(141)) - Scheduling a check for /home/runner/work/ozone/ozone/hadoop-ozone/integration-test/target/test-dir/MiniOzoneClusterImpl-7a3c196b-86f6-4848-923d-88c8cd7ca178/datanode-2/data/ratis
2021-10-13 10:11:22,656 [Listener at 127.0.0.1/11284] INFO  volume.StorageVolumeChecker (StorageVolumeChecker.java:checkAllVolumes(202)) - Scheduled health check for volume /home/runner/work/ozone/ozone/hadoop-ozone/integration-test/target/test-dir/MiniOzoneClusterImpl-7a3c196b-86f6-4848-923d-88c8cd7ca178/datanode-2/data/ratis
2021-10-13 10:11:22,724 [Thread-1490] INFO  ozoneimpl.ContainerReader (ContainerReader.java:readVolume(172)) - Finish verifying containers on volume /home/runner/work/ozone/ozone/hadoop-ozone/integration-test/target/test-dir/MiniOzoneClusterImpl-7a3c196b-86f6-4848-923d-88c8cd7ca178/datanode-2/data-0/containers/hdds
2021-10-13 10:11:22,724 [Listener at 127.0.0.1/11284] INFO  ozoneimpl.OzoneContainer (OzoneContainer.java:buildContainerSet(236)) - Build ContainerSet costs 0s
2021-10-13 10:11:22,727 [Listener at 127.0.0.1/11284] INFO  server.RaftServer (ConfUtils.java:logGet(44)) - raft.rpc.type = GRPC (default)
2021-10-13 10:11:22,727 [Listener at 127.0.0.1/11284] INFO  grpc.GrpcFactory (GrpcFactory.java:checkPooledByteBufAllocatorUseCacheForAllThreads(48)) - PERFORMANCE WARNING: useCacheForAllThreads is true that may cause Netty to create a lot garbage objects and, as a result, trigger GC.
	It is recommended to disable useCacheForAllThreads by setting -Dorg.apache.ratis.thirdparty.io.netty.allocator.useCacheForAllThreads=false in command line.
2021-10-13 10:11:22,728 [Listener at 127.0.0.1/11284] INFO  grpc.GrpcConfigKeys (ConfUtils.java:logGet(44)) - raft.grpc.admin.port = 0 (custom)
2021-10-13 10:11:22,728 [Listener at 127.0.0.1/11284] INFO  grpc.GrpcConfigKeys (ConfUtils.java:logGet(44)) - raft.grpc.client.port = 0 (custom)
2021-10-13 10:11:22,728 [Listener at 127.0.0.1/11284] INFO  grpc.GrpcConfigKeys (ConfUtils.java:logGet(44)) - raft.grpc.server.port = 0 (default)
2021-10-13 10:11:22,728 [Listener at 127.0.0.1/11284] INFO  server.GrpcService (ConfUtils.java:logGet(44)) - raft.grpc.message.size.max = 32MB (=33554432) (custom)
2021-10-13 10:11:22,728 [Listener at 127.0.0.1/11284] INFO  server.RaftServerConfigKeys (ConfUtils.java:logGet(44)) - raft.server.log.appender.buffer.byte-limit = 33554432 (custom)
2021-10-13 10:11:22,729 [Listener at 127.0.0.1/11284] INFO  server.GrpcService (ConfUtils.java:logGet(44)) - raft.grpc.flow.control.window = 5MB (=5242880) (custom)
2021-10-13 10:11:22,729 [Listener at 127.0.0.1/11284] INFO  server.RaftServerConfigKeys (ConfUtils.java:logGet(44)) - raft.server.rpc.request.timeout = 60s (custom)
2021-10-13 10:11:22,731 [Listener at 127.0.0.1/11284] INFO  impl.DataStreamServerImpl (ConfUtils.java:logGet(44)) - raft.datastream.type = DISABLED (default)
2021-10-13 10:11:22,738 [Listener at 127.0.0.1/11284] INFO  server.RaftServerConfigKeys (ConfUtils.java:logGet(44)) - raft.server.rpc.slowness.timeout = 300s (custom)
2021-10-13 10:11:22,738 [Listener at 127.0.0.1/11284] INFO  server.RaftServerConfigKeys (ConfUtils.java:logGet(44)) - raft.server.leaderelection.leader.step-down.wait-time = 10s (default)
2021-10-13 10:11:22,738 [Listener at 127.0.0.1/11284] INFO  server.RaftServerConfigKeys (ConfUtils.java:logGet(44)) - raft.server.storage.dir = [/home/runner/work/ozone/ozone/hadoop-ozone/integration-test/target/test-dir/MiniOzoneClusterImpl-7a3c196b-86f6-4848-923d-88c8cd7ca178/datanode-2/data/ratis] (custom)
2021-10-13 10:11:22,750 [Listener at 127.0.0.1/11284] INFO  http.BaseHttpServer (BaseHttpServer.java:newHttpServer2BuilderForOzone(209)) - Starting Web-server for hddsDatanode at: http://0.0.0.0:0
2021-10-13 10:11:22,750 [Listener at 127.0.0.1/11284] INFO  http.BaseHttpServer (BaseHttpServer.java:<init>(107)) - Hadoop Security Enabled: false Ozone Security Enabled: false Ozone HTTP Security Enabled: false 
2021-10-13 10:11:22,752 [Listener at 127.0.0.1/11284] INFO  server.AuthenticationFilter (AuthenticationFilter.java:constructSecretProvider(240)) - Unable to initialize FileSignerSecretProvider, falling back to use random secrets.
2021-10-13 10:11:22,768 [Listener at 127.0.0.1/11284] WARN  http.HttpRequestLog (HttpRequestLog.java:getRequestLog(103)) - Jetty request log can only be enabled using Log4j
2021-10-13 10:11:22,769 [Listener at 127.0.0.1/11284] INFO  http.HttpServer2 (HttpServer2.java:addGlobalFilter(1030)) - Added global filter 'safety' (class=org.apache.hadoop.hdds.server.http.HttpServer2$QuotingInputFilter)
2021-10-13 10:11:22,770 [Listener at 127.0.0.1/11284] INFO  http.HttpServer2 (HttpServer2.java:addFilter(1006)) - Added filter static_user_filter (class=org.apache.hadoop.http.lib.StaticUserWebFilter$StaticUserFilter) to context hddsDatanode
2021-10-13 10:11:22,770 [Listener at 127.0.0.1/11284] INFO  http.HttpServer2 (HttpServer2.java:addFilter(1014)) - Added filter static_user_filter (class=org.apache.hadoop.http.lib.StaticUserWebFilter$StaticUserFilter) to context logs
2021-10-13 10:11:22,770 [Listener at 127.0.0.1/11284] INFO  http.HttpServer2 (HttpServer2.java:addFilter(1014)) - Added filter static_user_filter (class=org.apache.hadoop.http.lib.StaticUserWebFilter$StaticUserFilter) to context static
2021-10-13 10:11:22,770 [Listener at 127.0.0.1/11284] INFO  http.HttpServer2 (HttpServer2.java:bindListener(1249)) - Jetty bound to port 32785
2021-10-13 10:11:22,771 [Listener at 127.0.0.1/11284] INFO  server.Server (Server.java:doStart(375)) - jetty-9.4.43.v20210629; built: 2021-06-30T11:07:22.254Z; git: 526006ecfa3af7f1a27ef3a288e2bef7ea9dd7e8; jvm 1.8.0_292-b10
2021-10-13 10:11:22,815 [Listener at 127.0.0.1/11284] INFO  server.session (DefaultSessionIdManager.java:doStart(334)) - DefaultSessionIdManager workerName=node0
2021-10-13 10:11:22,816 [Listener at 127.0.0.1/11284] INFO  server.session (DefaultSessionIdManager.java:doStart(339)) - No SessionScavenger set, using defaults
2021-10-13 10:11:22,816 [Listener at 127.0.0.1/11284] INFO  server.session (HouseKeeper.java:startScavenging(132)) - node0 Scavenging every 660000ms
2021-10-13 10:11:22,823 [Listener at 127.0.0.1/11284] INFO  handler.ContextHandler (ContextHandler.java:doStart(915)) - Started o.e.j.s.ServletContextHandler@27f0979{logs,/logs,file:///home/runner/work/ozone/ozone/hadoop-ozone/integration-test/target/log,AVAILABLE}
2021-10-13 10:11:22,824 [Listener at 127.0.0.1/11284] INFO  handler.ContextHandler (ContextHandler.java:doStart(915)) - Started o.e.j.s.ServletContextHandler@29f28e5d{static,/static,jar:file:/home/runner/.m2/repository/org/apache/ozone/hdds-container-service/1.2.0-SNAPSHOT/hdds-container-service-1.2.0-SNAPSHOT.jar!/webapps/static,AVAILABLE}
2021-10-13 10:11:22,935 [Listener at 127.0.0.1/11284] INFO  handler.ContextHandler (ContextHandler.java:doStart(915)) - Started o.e.j.w.WebAppContext@cf92193{hddsDatanode,/,file:///tmp/jetty-0_0_0_0-32785-hdds-container-service-1_2_0-SNAPSHOT_jar-_-any-2026984506170928015/webapp/,AVAILABLE}{jar:file:/home/runner/.m2/repository/org/apache/ozone/hdds-container-service/1.2.0-SNAPSHOT/hdds-container-service-1.2.0-SNAPSHOT.jar!/webapps/hddsDatanode}
2021-10-13 10:11:22,944 [Listener at 127.0.0.1/11284] INFO  server.AbstractConnector (AbstractConnector.java:doStart(331)) - Started ServerConnector@1f3241b3{HTTP/1.1, (http/1.1)}{0.0.0.0:32785}
2021-10-13 10:11:22,945 [Listener at 127.0.0.1/11284] INFO  server.Server (Server.java:doStart(415)) - Started @88702ms
2021-10-13 10:11:22,945 [Listener at 127.0.0.1/11284] WARN  impl.MetricsSystemImpl (MetricsSystemImpl.java:register(279)) - Sink prometheus already exists!
2021-10-13 10:11:22,946 [Listener at 127.0.0.1/11284] INFO  http.BaseHttpServer (BaseHttpServer.java:updateConnectorAddress(329)) - HTTP server of hddsDatanode listening at http://0.0.0.0:32785
2021-10-13 10:11:22,950 [Datanode State Machine Thread - 0] INFO  statemachine.DatanodeStateMachine (DatanodeStateMachine.java:lambda$startDaemon$0(463)) - Ozone container server started.
2021-10-13 10:11:22,957 [Listener at 127.0.0.1/11284] INFO  ozone.MiniOzoneClusterImpl (MiniOzoneClusterImpl.java:lambda$waitForClusterToBeReady$0(235)) - Waiting for nodes to be ready. Got 0 of 3 DN Heartbeats.
2021-10-13 10:11:22,957 [Listener at 127.0.0.1/11284] INFO  ozone.MiniOzoneClusterImpl (MiniOzoneClusterImpl.java:lambda$waitForClusterToBeReady$0(238)) - Waiting for cluster to exit safe mode
2021-10-13 10:11:22,957 [Listener at 127.0.0.1/11284] INFO  ozone.MiniOzoneClusterImpl (MiniOzoneClusterImpl.java:lambda$waitForClusterToBeReady$0(240)) - SCM became leader
2021-10-13 10:11:22,981 [org.apache.hadoop.util.JvmPauseMonitor$Monitor@7bc3105f] INFO  util.JvmPauseMonitor (JvmPauseMonitor.java:run(188)) - Starting JVM pause monitor
2021-10-13 10:11:22,981 [Datanode State Machine Task Thread - 0] INFO  ha.SCMNodeInfo (SCMNodeInfo.java:getPort(197)) - ConfigKey ozone.scm.client.address is deprecated, For configuring different ports for each SCM use PortConfigKey ozone.scm.client.port appended with serviceId and nodeId
2021-10-13 10:11:22,981 [Datanode State Machine Task Thread - 0] INFO  ha.SCMNodeInfo (SCMNodeInfo.java:getPort(197)) - ConfigKey ozone.scm.block.client.address is deprecated, For configuring different ports for each SCM use PortConfigKey ozone.scm.block.client.port appended with serviceId and nodeId
2021-10-13 10:11:22,981 [Datanode State Machine Task Thread - 0] INFO  ha.SCMNodeInfo (SCMNodeInfo.java:getPort(197)) - ConfigKey ozone.scm.datanode.address is deprecated, For configuring different ports for each SCM use PortConfigKey ozone.scm.datanode.port appended with serviceId and nodeId
2021-10-13 10:11:22,981 [Datanode State Machine Task Thread - 0] INFO  ha.SCMNodeInfo (SCMNodeInfo.java:getPort(197)) - ConfigKey ozone.scm.client.address is deprecated, For configuring different ports for each SCM use PortConfigKey ozone.scm.client.port appended with serviceId and nodeId
2021-10-13 10:11:22,982 [Datanode State Machine Task Thread - 0] INFO  ha.SCMNodeInfo (SCMNodeInfo.java:getPort(197)) - ConfigKey ozone.scm.block.client.address is deprecated, For configuring different ports for each SCM use PortConfigKey ozone.scm.block.client.port appended with serviceId and nodeId
2021-10-13 10:11:22,982 [Datanode State Machine Task Thread - 0] INFO  ha.SCMNodeInfo (SCMNodeInfo.java:getPort(197)) - ConfigKey ozone.scm.datanode.address is deprecated, For configuring different ports for each SCM use PortConfigKey ozone.scm.datanode.port appended with serviceId and nodeId
2021-10-13 10:11:22,982 [Datanode State Machine Task Thread - 0] INFO  ha.SCMNodeInfo (SCMNodeInfo.java:getPort(197)) - ConfigKey ozone.scm.client.address is deprecated, For configuring different ports for each SCM use PortConfigKey ozone.scm.client.port appended with serviceId and nodeId
2021-10-13 10:11:22,982 [Datanode State Machine Task Thread - 0] INFO  ha.SCMNodeInfo (SCMNodeInfo.java:getPort(197)) - ConfigKey ozone.scm.block.client.address is deprecated, For configuring different ports for each SCM use PortConfigKey ozone.scm.block.client.port appended with serviceId and nodeId
2021-10-13 10:11:22,982 [Datanode State Machine Task Thread - 0] INFO  ha.SCMNodeInfo (SCMNodeInfo.java:getPort(197)) - ConfigKey ozone.scm.datanode.address is deprecated, For configuring different ports for each SCM use PortConfigKey ozone.scm.datanode.port appended with serviceId and nodeId
2021-10-13 10:11:22,987 [Datanode State Machine Task Thread - 0] INFO  datanode.InitDatanodeState (InitDatanodeState.java:persistContainerDatanodeDetails(145)) - DatanodeDetails is persisted to /home/runner/work/ozone/ozone/hadoop-ozone/integration-test/target/test-dir/MiniOzoneClusterImpl-7a3c196b-86f6-4848-923d-88c8cd7ca178/datanode-2/meta/datanode.id
2021-10-13 10:11:23,040 [EndpointStateMachine task thread for /127.0.0.1:13897 - 0 ] INFO  ipc.Client (Client.java:handleConnectionFailure(977)) - Retrying connect to server: localhost/127.0.0.1:13897. Already tried 4 time(s); retry policy is RetryUpToMaximumCountWithFixedSleep(maxRetries=15, sleepTime=1000 MILLISECONDS)
2021-10-13 10:11:23,331 [EndpointStateMachine task thread for /127.0.0.1:13887 - 0 ] INFO  ipc.Client (Client.java:handleConnectionFailure(977)) - Retrying connect to server: localhost/127.0.0.1:13887. Already tried 1 time(s); retry policy is RetryUpToMaximumCountWithFixedSleep(maxRetries=15, sleepTime=1000 MILLISECONDS)
2021-10-13 10:11:23,384 [EndpointStateMachine task thread for /127.0.0.1:13877 - 0 ] INFO  ipc.Client (Client.java:handleConnectionFailure(977)) - Retrying connect to server: localhost/127.0.0.1:13877. Already tried 4 time(s); retry policy is RetryUpToMaximumCountWithFixedSleep(maxRetries=15, sleepTime=1000 MILLISECONDS)
2021-10-13 10:11:23,719 [EndpointStateMachine task thread for /127.0.0.1:14237 - 0 ] INFO  ozoneimpl.OzoneContainer (OzoneContainer.java:start(304)) - Attempting to start container services.
2021-10-13 10:11:23,719 [EndpointStateMachine task thread for /127.0.0.1:14237 - 0 ] INFO  ozoneimpl.OzoneContainer (OzoneContainer.java:startContainerScrub(249)) - Background container scanner has been disabled.
2021-10-13 10:11:23,733 [EndpointStateMachine task thread for /127.0.0.1:14237 - 0 ] INFO  replication.ReplicationServer (ReplicationServer.java:start(107)) - ReplicationServer is started using port 37905
2021-10-13 10:11:23,750 [EndpointStateMachine task thread for /127.0.0.1:14237 - 0 ] INFO  ratis.XceiverServerRatis (XceiverServerRatis.java:start(484)) - Starting XceiverServerRatis 83908b8c-1318-4212-96d2-7cdb43457491
2021-10-13 10:11:23,756 [EndpointStateMachine task thread for /127.0.0.1:14237 - 0 ] INFO  server.RaftServer (RaftServerProxy.java:lambda$start$5(374)) - 83908b8c-1318-4212-96d2-7cdb43457491: start RPC server
2021-10-13 10:11:23,760 [EndpointStateMachine task thread for /127.0.0.1:14237 - 0 ] INFO  server.GrpcService (GrpcService.java:startImpl(253)) - 83908b8c-1318-4212-96d2-7cdb43457491: GrpcService started, listening on 46375
2021-10-13 10:11:23,762 [EndpointStateMachine task thread for /127.0.0.1:14237 - 0 ] INFO  ratis.XceiverServerRatis (XceiverServerRatis.java:getRealPort(505)) - XceiverServerRatis 83908b8c-1318-4212-96d2-7cdb43457491 is started using port 46375 for RATIS
2021-10-13 10:11:23,763 [EndpointStateMachine task thread for /127.0.0.1:14237 - 0 ] INFO  ratis.XceiverServerRatis (XceiverServerRatis.java:getRealPort(505)) - XceiverServerRatis 83908b8c-1318-4212-96d2-7cdb43457491 is started using port 46375 for RATIS_ADMIN
2021-10-13 10:11:23,763 [EndpointStateMachine task thread for /127.0.0.1:14237 - 0 ] INFO  ratis.XceiverServerRatis (XceiverServerRatis.java:getRealPort(505)) - XceiverServerRatis 83908b8c-1318-4212-96d2-7cdb43457491 is started using port 46375 for RATIS_SERVER
2021-10-13 10:11:23,763 [EndpointStateMachine task thread for /127.0.0.1:14237 - 0 ] INFO  server.XceiverServerGrpc (XceiverServerGrpc.java:start(135)) - XceiverServerGrpc 83908b8c-1318-4212-96d2-7cdb43457491 is started using port 34773
2021-10-13 10:11:23,768 [org.apache.ratis.util.JvmPauseMonitor$$Lambda$499/17331878@1016b686] INFO  util.JvmPauseMonitor (JvmPauseMonitor.java:run(103)) - JvmPauseMonitor-83908b8c-1318-4212-96d2-7cdb43457491: Started
2021-10-13 10:11:23,769 [EndpointStateMachine task thread for /127.0.0.1:14247 - 0 ] INFO  ozoneimpl.OzoneContainer (OzoneContainer.java:start(300)) - Ignore. OzoneContainer already started.
2021-10-13 10:11:23,958 [Listener at 127.0.0.1/11284] INFO  ozone.MiniOzoneClusterImpl (MiniOzoneClusterImpl.java:lambda$waitForClusterToBeReady$0(235)) - Waiting for nodes to be ready. Got 0 of 3 DN Heartbeats.
2021-10-13 10:11:23,958 [Listener at 127.0.0.1/11284] INFO  ozone.MiniOzoneClusterImpl (MiniOzoneClusterImpl.java:lambda$waitForClusterToBeReady$0(238)) - Waiting for cluster to exit safe mode
2021-10-13 10:11:23,958 [Listener at 127.0.0.1/11284] INFO  ozone.MiniOzoneClusterImpl (MiniOzoneClusterImpl.java:lambda$waitForClusterToBeReady$0(240)) - SCM became leader
2021-10-13 10:11:24,041 [EndpointStateMachine task thread for /127.0.0.1:13897 - 0 ] INFO  ipc.Client (Client.java:handleConnectionFailure(977)) - Retrying connect to server: localhost/127.0.0.1:13897. Already tried 5 time(s); retry policy is RetryUpToMaximumCountWithFixedSleep(maxRetries=15, sleepTime=1000 MILLISECONDS)
2021-10-13 10:11:24,328 [EndpointStateMachine task thread for /127.0.0.1:14247 - 0 ] INFO  ozoneimpl.OzoneContainer (OzoneContainer.java:start(304)) - Attempting to start container services.
2021-10-13 10:11:24,330 [EndpointStateMachine task thread for /127.0.0.1:14247 - 0 ] INFO  ozoneimpl.OzoneContainer (OzoneContainer.java:startContainerScrub(249)) - Background container scanner has been disabled.
2021-10-13 10:11:24,334 [EndpointStateMachine task thread for /127.0.0.1:14247 - 0 ] INFO  replication.ReplicationServer (ReplicationServer.java:start(107)) - ReplicationServer is started using port 32933
2021-10-13 10:11:24,334 [EndpointStateMachine task thread for /127.0.0.1:13887 - 0 ] INFO  ipc.Client (Client.java:handleConnectionFailure(977)) - Retrying connect to server: localhost/127.0.0.1:13887. Already tried 2 time(s); retry policy is RetryUpToMaximumCountWithFixedSleep(maxRetries=15, sleepTime=1000 MILLISECONDS)
2021-10-13 10:11:24,339 [EndpointStateMachine task thread for /127.0.0.1:14247 - 0 ] INFO  ratis.XceiverServerRatis (XceiverServerRatis.java:start(484)) - Starting XceiverServerRatis 83da085b-8d99-4632-b443-c6596217d352
2021-10-13 10:11:24,344 [EndpointStateMachine task thread for /127.0.0.1:14247 - 0 ] INFO  server.RaftServer (RaftServerProxy.java:lambda$start$5(374)) - 83da085b-8d99-4632-b443-c6596217d352: start RPC server
2021-10-13 10:11:24,346 [EndpointStateMachine task thread for /127.0.0.1:14247 - 0 ] INFO  server.GrpcService (GrpcService.java:startImpl(253)) - 83da085b-8d99-4632-b443-c6596217d352: GrpcService started, listening on 34351
2021-10-13 10:11:24,347 [EndpointStateMachine task thread for /127.0.0.1:14247 - 0 ] INFO  ratis.XceiverServerRatis (XceiverServerRatis.java:getRealPort(505)) - XceiverServerRatis 83da085b-8d99-4632-b443-c6596217d352 is started using port 34351 for RATIS
2021-10-13 10:11:24,347 [EndpointStateMachine task thread for /127.0.0.1:14247 - 0 ] INFO  ratis.XceiverServerRatis (XceiverServerRatis.java:getRealPort(505)) - XceiverServerRatis 83da085b-8d99-4632-b443-c6596217d352 is started using port 34351 for RATIS_ADMIN
2021-10-13 10:11:24,347 [EndpointStateMachine task thread for /127.0.0.1:14247 - 0 ] INFO  ratis.XceiverServerRatis (XceiverServerRatis.java:getRealPort(505)) - XceiverServerRatis 83da085b-8d99-4632-b443-c6596217d352 is started using port 34351 for RATIS_SERVER
2021-10-13 10:11:24,348 [EndpointStateMachine task thread for /127.0.0.1:14247 - 0 ] INFO  server.XceiverServerGrpc (XceiverServerGrpc.java:start(135)) - XceiverServerGrpc 83da085b-8d99-4632-b443-c6596217d352 is started using port 46025
2021-10-13 10:11:24,354 [org.apache.ratis.util.JvmPauseMonitor$$Lambda$499/17331878@499d699e] INFO  util.JvmPauseMonitor (JvmPauseMonitor.java:run(103)) - JvmPauseMonitor-83da085b-8d99-4632-b443-c6596217d352: Started
2021-10-13 10:11:24,355 [EndpointStateMachine task thread for /127.0.0.1:14237 - 0 ] INFO  ozoneimpl.OzoneContainer (OzoneContainer.java:start(300)) - Ignore. OzoneContainer already started.
2021-10-13 10:11:24,385 [EndpointStateMachine task thread for /127.0.0.1:13877 - 0 ] INFO  ipc.Client (Client.java:handleConnectionFailure(977)) - Retrying connect to server: localhost/127.0.0.1:13877. Already tried 5 time(s); retry policy is RetryUpToMaximumCountWithFixedSleep(maxRetries=15, sleepTime=1000 MILLISECONDS)
2021-10-13 10:11:24,958 [Listener at 127.0.0.1/11284] INFO  ozone.MiniOzoneClusterImpl (MiniOzoneClusterImpl.java:lambda$waitForClusterToBeReady$0(235)) - Waiting for nodes to be ready. Got 0 of 3 DN Heartbeats.
2021-10-13 10:11:24,959 [Listener at 127.0.0.1/11284] INFO  ozone.MiniOzoneClusterImpl (MiniOzoneClusterImpl.java:lambda$waitForClusterToBeReady$0(238)) - Waiting for cluster to exit safe mode
2021-10-13 10:11:24,959 [Listener at 127.0.0.1/11284] INFO  ozone.MiniOzoneClusterImpl (MiniOzoneClusterImpl.java:lambda$waitForClusterToBeReady$0(240)) - SCM became leader
2021-10-13 10:11:25,001 [EndpointStateMachine task thread for /127.0.0.1:14247 - 0 ] INFO  ozoneimpl.OzoneContainer (OzoneContainer.java:start(304)) - Attempting to start container services.
2021-10-13 10:11:25,004 [EndpointStateMachine task thread for /127.0.0.1:14247 - 0 ] INFO  ozoneimpl.OzoneContainer (OzoneContainer.java:startContainerScrub(249)) - Background container scanner has been disabled.
2021-10-13 10:11:25,005 [EndpointStateMachine task thread for /127.0.0.1:14247 - 0 ] INFO  replication.ReplicationServer (ReplicationServer.java:start(107)) - ReplicationServer is started using port 36927
2021-10-13 10:11:25,007 [EndpointStateMachine task thread for /127.0.0.1:14247 - 0 ] INFO  ratis.XceiverServerRatis (XceiverServerRatis.java:start(484)) - Starting XceiverServerRatis a78bc827-a10e-4e71-88ed-094b4b7dc052
2021-10-13 10:11:25,022 [EndpointStateMachine task thread for /127.0.0.1:14247 - 0 ] INFO  server.RaftServer (RaftServerProxy.java:lambda$start$5(374)) - a78bc827-a10e-4e71-88ed-094b4b7dc052: start RPC server
2021-10-13 10:11:25,024 [EndpointStateMachine task thread for /127.0.0.1:14247 - 0 ] INFO  server.GrpcService (GrpcService.java:startImpl(253)) - a78bc827-a10e-4e71-88ed-094b4b7dc052: GrpcService started, listening on 44771
2021-10-13 10:11:25,027 [EndpointStateMachine task thread for /127.0.0.1:14247 - 0 ] INFO  ratis.XceiverServerRatis (XceiverServerRatis.java:getRealPort(505)) - XceiverServerRatis a78bc827-a10e-4e71-88ed-094b4b7dc052 is started using port 44771 for RATIS
2021-10-13 10:11:25,027 [EndpointStateMachine task thread for /127.0.0.1:14247 - 0 ] INFO  ratis.XceiverServerRatis (XceiverServerRatis.java:getRealPort(505)) - XceiverServerRatis a78bc827-a10e-4e71-88ed-094b4b7dc052 is started using port 44771 for RATIS_ADMIN
2021-10-13 10:11:25,027 [EndpointStateMachine task thread for /127.0.0.1:14247 - 0 ] INFO  ratis.XceiverServerRatis (XceiverServerRatis.java:getRealPort(505)) - XceiverServerRatis a78bc827-a10e-4e71-88ed-094b4b7dc052 is started using port 44771 for RATIS_SERVER
2021-10-13 10:11:25,027 [EndpointStateMachine task thread for /127.0.0.1:14247 - 0 ] INFO  server.XceiverServerGrpc (XceiverServerGrpc.java:start(135)) - XceiverServerGrpc a78bc827-a10e-4e71-88ed-094b4b7dc052 is started using port 36337
2021-10-13 10:11:25,028 [org.apache.ratis.util.JvmPauseMonitor$$Lambda$499/17331878@49dc8e05] INFO  util.JvmPauseMonitor (JvmPauseMonitor.java:run(103)) - JvmPauseMonitor-a78bc827-a10e-4e71-88ed-094b4b7dc052: Started
2021-10-13 10:11:25,030 [EndpointStateMachine task thread for /127.0.0.1:14237 - 0 ] INFO  ozoneimpl.OzoneContainer (OzoneContainer.java:start(300)) - Ignore. OzoneContainer already started.
2021-10-13 10:11:25,041 [EndpointStateMachine task thread for /127.0.0.1:13897 - 0 ] INFO  ipc.Client (Client.java:handleConnectionFailure(977)) - Retrying connect to server: localhost/127.0.0.1:13897. Already tried 6 time(s); retry policy is RetryUpToMaximumCountWithFixedSleep(maxRetries=15, sleepTime=1000 MILLISECONDS)
2021-10-13 10:11:25,335 [EndpointStateMachine task thread for /127.0.0.1:13887 - 0 ] INFO  ipc.Client (Client.java:handleConnectionFailure(977)) - Retrying connect to server: localhost/127.0.0.1:13887. Already tried 3 time(s); retry policy is RetryUpToMaximumCountWithFixedSleep(maxRetries=15, sleepTime=1000 MILLISECONDS)
2021-10-13 10:11:25,385 [EndpointStateMachine task thread for /127.0.0.1:13877 - 0 ] INFO  ipc.Client (Client.java:handleConnectionFailure(977)) - Retrying connect to server: localhost/127.0.0.1:13877. Already tried 6 time(s); retry policy is RetryUpToMaximumCountWithFixedSleep(maxRetries=15, sleepTime=1000 MILLISECONDS)
2021-10-13 10:11:25,689 [IPC Server handler 19 on default port 14247] INFO  net.NetworkTopologyImpl (NetworkTopologyImpl.java:add(112)) - Added a new node: /default-rack/83908b8c-1318-4212-96d2-7cdb43457491
2021-10-13 10:11:25,689 [IPC Server handler 19 on default port 14247] INFO  node.SCMNodeManager (SCMNodeManager.java:register(389)) - Registered Data node : 83908b8c-1318-4212-96d2-7cdb43457491{ip: 127.0.0.1, host: localhost, ports: [REPLICATION=37905, RATIS=46375, RATIS_ADMIN=46375, RATIS_SERVER=46375, STANDALONE=34773], networkLocation: /default-rack, certSerialId: null, persistedOpState: null, persistedOpStateExpiryEpochSec: 0}
2021-10-13 10:11:25,690 [IPC Server handler 13 on default port 14237] INFO  net.NetworkTopologyImpl (NetworkTopologyImpl.java:add(112)) - Added a new node: /default-rack/83908b8c-1318-4212-96d2-7cdb43457491
2021-10-13 10:11:25,690 [IPC Server handler 13 on default port 14237] INFO  node.SCMNodeManager (SCMNodeManager.java:register(389)) - Registered Data node : 83908b8c-1318-4212-96d2-7cdb43457491{ip: 127.0.0.1, host: localhost, ports: [REPLICATION=37905, RATIS=46375, RATIS_ADMIN=46375, RATIS_SERVER=46375, STANDALONE=34773], networkLocation: /default-rack, certSerialId: null, persistedOpState: null, persistedOpStateExpiryEpochSec: 0}
2021-10-13 10:11:25,695 [EventQueue-NodeRegistrationContainerReportForDataNodeSafeModeRule] INFO  safemode.SCMSafeModeManager (DataNodeSafeModeRule.java:process(71)) - SCM in safe mode. 1 DataNodes registered, 3 required.
2021-10-13 10:11:25,701 [EventQueue-NewNodeForNewNodeHandler] INFO  pipeline.BackgroundPipelineCreator (BackgroundPipelineCreator.java:notifyEventTriggered(279)) - ignore, not leader SCM.
2021-10-13 10:11:25,701 [EventQueue-NodeRegistrationContainerReportForContainerSafeModeRule] INFO  safemode.SCMSafeModeManager (SCMSafeModeManager.java:validateSafeModeExitRules(204)) - ContainerSafeModeRule rule is successfully validated
2021-10-13 10:11:25,701 [EventQueue-NewNodeForNewNodeHandler] INFO  pipeline.BackgroundPipelineCreator (BackgroundPipelineCreator.java:notifyEventTriggered(285)) - trigger a one-shot run on RatisPipelineUtilsThread.
2021-10-13 10:11:25,709 [EventQueue-PipelineReportForOneReplicaPipelineSafeModeRule] INFO  safemode.SCMSafeModeManager (SCMSafeModeManager.java:validateSafeModeExitRules(204)) - AtleastOneDatanodeReportedRule rule is successfully validated
2021-10-13 10:11:25,702 [RatisPipelineUtilsThread - 0] INFO  pipeline.RatisPipelineProvider (RatisPipelineProvider.java:lambda$create$0(183)) - Sending CreatePipelineCommand for pipeline:PipelineID=c34cc736-750d-425e-b3fb-e9f3432e5886 to datanode:83908b8c-1318-4212-96d2-7cdb43457491
2021-10-13 10:11:25,709 [EventQueue-NodeRegistrationContainerReportForContainerSafeModeRule] INFO  safemode.SCMSafeModeManager (SCMSafeModeManager.java:validateSafeModeExitRules(204)) - ContainerSafeModeRule rule is successfully validated
2021-10-13 10:11:25,729 [EventQueue-PipelineReportForOneReplicaPipelineSafeModeRule] INFO  safemode.SCMSafeModeManager (SCMSafeModeManager.java:validateSafeModeExitRules(204)) - AtleastOneDatanodeReportedRule rule is successfully validated
2021-10-13 10:11:25,730 [EventQueue-NodeRegistrationContainerReportForDataNodeSafeModeRule] INFO  safemode.SCMSafeModeManager (DataNodeSafeModeRule.java:process(71)) - SCM in safe mode. 1 DataNodes registered, 3 required.
2021-10-13 10:11:25,771 [3e49b098-f263-4746-8850-a06a1becd7d6@group-88C8CD7CA178-StateMachineUpdater] INFO  pipeline.PipelineStateManagerImpl (PipelineStateManagerImpl.java:addPipeline(101)) - Created pipeline Pipeline[ Id: c34cc736-750d-425e-b3fb-e9f3432e5886, Nodes: 83908b8c-1318-4212-96d2-7cdb43457491{ip: 127.0.0.1, host: localhost, ports: [REPLICATION=37905, RATIS=46375, RATIS_ADMIN=46375, RATIS_SERVER=46375, STANDALONE=34773], networkLocation: /default-rack, certSerialId: null, persistedOpState: IN_SERVICE, persistedOpStateExpiryEpochSec: 0}, ReplicationConfig: RATIS/ONE, State:ALLOCATED, leaderId:, CreationTimestamp2021-10-13T10:11:25.702Z[Etc/UTC]].
2021-10-13 10:11:25,771 [3e49b098-f263-4746-8850-a06a1becd7d6@group-88C8CD7CA178-StateMachineUpdater] INFO  safemode.HealthyPipelineSafeModeRule (HealthyPipelineSafeModeRule.java:initializeRule(152)) - Refreshed total pipeline count is 0, healthy pipeline threshold count is 1
2021-10-13 10:11:25,772 [RatisPipelineUtilsThread - 0] INFO  ha.SCMHAInvocationHandler (SCMHAInvocationHandler.java:invokeRatis(113)) - Invoking method public abstract void org.apache.hadoop.hdds.scm.pipeline.PipelineStateManager.addPipeline(org.apache.hadoop.hdds.protocol.proto.HddsProtos$Pipeline) throws java.io.IOException on target org.apache.hadoop.hdds.scm.ha.SCMRatisServerImpl@63280aad, cost 62138.477us
2021-10-13 10:11:25,781 [f92345f7-de12-4b3d-8fd2-3689378a4141@group-88C8CD7CA178-StateMachineUpdater] INFO  pipeline.PipelineStateManagerImpl (PipelineStateManagerImpl.java:addPipeline(101)) - Created pipeline Pipeline[ Id: c34cc736-750d-425e-b3fb-e9f3432e5886, Nodes: 83908b8c-1318-4212-96d2-7cdb43457491{ip: 127.0.0.1, host: localhost, ports: [REPLICATION=37905, RATIS=46375, RATIS_ADMIN=46375, RATIS_SERVER=46375, STANDALONE=34773], networkLocation: /default-rack, certSerialId: null, persistedOpState: IN_SERVICE, persistedOpStateExpiryEpochSec: 0}, ReplicationConfig: RATIS/ONE, State:ALLOCATED, leaderId:, CreationTimestamp2021-10-13T10:11:25.702Z[Etc/UTC]].
2021-10-13 10:11:25,781 [f92345f7-de12-4b3d-8fd2-3689378a4141@group-88C8CD7CA178-StateMachineUpdater] INFO  safemode.HealthyPipelineSafeModeRule (HealthyPipelineSafeModeRule.java:initializeRule(152)) - Refreshed total pipeline count is 0, healthy pipeline threshold count is 1
2021-10-13 10:11:25,959 [Listener at 127.0.0.1/11284] INFO  ozone.MiniOzoneClusterImpl (MiniOzoneClusterImpl.java:lambda$waitForClusterToBeReady$0(235)) - Waiting for nodes to be ready. Got 1 of 3 DN Heartbeats.
2021-10-13 10:11:25,959 [Listener at 127.0.0.1/11284] INFO  ozone.MiniOzoneClusterImpl (MiniOzoneClusterImpl.java:lambda$waitForClusterToBeReady$0(238)) - Waiting for cluster to exit safe mode
2021-10-13 10:11:25,959 [Listener at 127.0.0.1/11284] INFO  ozone.MiniOzoneClusterImpl (MiniOzoneClusterImpl.java:lambda$waitForClusterToBeReady$0(240)) - SCM became leader
2021-10-13 10:11:26,050 [EndpointStateMachine task thread for /127.0.0.1:13897 - 0 ] INFO  ipc.Client (Client.java:handleConnectionFailure(977)) - Retrying connect to server: localhost/127.0.0.1:13897. Already tried 7 time(s); retry policy is RetryUpToMaximumCountWithFixedSleep(maxRetries=15, sleepTime=1000 MILLISECONDS)
2021-10-13 10:11:26,293 [IPC Server handler 16 on default port 14237] INFO  net.NetworkTopologyImpl (NetworkTopologyImpl.java:add(112)) - Added a new node: /default-rack/83da085b-8d99-4632-b443-c6596217d352
2021-10-13 10:11:26,294 [IPC Server handler 16 on default port 14237] INFO  node.SCMNodeManager (SCMNodeManager.java:register(389)) - Registered Data node : 83da085b-8d99-4632-b443-c6596217d352{ip: 127.0.0.1, host: localhost, ports: [REPLICATION=32933, RATIS=34351, RATIS_ADMIN=34351, RATIS_SERVER=34351, STANDALONE=46025], networkLocation: /default-rack, certSerialId: null, persistedOpState: null, persistedOpStateExpiryEpochSec: 0}
2021-10-13 10:11:26,294 [EventQueue-NewNodeForNewNodeHandler] INFO  pipeline.BackgroundPipelineCreator (BackgroundPipelineCreator.java:notifyEventTriggered(285)) - trigger a one-shot run on RatisPipelineUtilsThread.
2021-10-13 10:11:26,294 [IPC Server handler 0 on default port 14247] INFO  net.NetworkTopologyImpl (NetworkTopologyImpl.java:add(112)) - Added a new node: /default-rack/83da085b-8d99-4632-b443-c6596217d352
2021-10-13 10:11:26,294 [IPC Server handler 0 on default port 14247] INFO  node.SCMNodeManager (SCMNodeManager.java:register(389)) - Registered Data node : 83da085b-8d99-4632-b443-c6596217d352{ip: 127.0.0.1, host: localhost, ports: [REPLICATION=32933, RATIS=34351, RATIS_ADMIN=34351, RATIS_SERVER=34351, STANDALONE=46025], networkLocation: /default-rack, certSerialId: null, persistedOpState: null, persistedOpStateExpiryEpochSec: 0}
2021-10-13 10:11:26,307 [EventQueue-NodeRegistrationContainerReportForDataNodeSafeModeRule] INFO  safemode.SCMSafeModeManager (DataNodeSafeModeRule.java:process(71)) - SCM in safe mode. 2 DataNodes registered, 3 required.
2021-10-13 10:11:26,307 [EventQueue-NewNodeForNewNodeHandler] INFO  pipeline.BackgroundPipelineCreator (BackgroundPipelineCreator.java:notifyEventTriggered(279)) - ignore, not leader SCM.
2021-10-13 10:11:26,312 [EventQueue-NodeRegistrationContainerReportForDataNodeSafeModeRule] INFO  safemode.SCMSafeModeManager (DataNodeSafeModeRule.java:process(71)) - SCM in safe mode. 2 DataNodes registered, 3 required.
2021-10-13 10:11:26,320 [RatisPipelineUtilsThread - 0] INFO  pipeline.RatisPipelineProvider (RatisPipelineProvider.java:lambda$create$0(183)) - Sending CreatePipelineCommand for pipeline:PipelineID=949044a9-8b22-40ed-baa3-d53c6002ed90 to datanode:83da085b-8d99-4632-b443-c6596217d352
2021-10-13 10:11:26,330 [3e49b098-f263-4746-8850-a06a1becd7d6@group-88C8CD7CA178-StateMachineUpdater] INFO  pipeline.PipelineStateManagerImpl (PipelineStateManagerImpl.java:addPipeline(101)) - Created pipeline Pipeline[ Id: 949044a9-8b22-40ed-baa3-d53c6002ed90, Nodes: 83da085b-8d99-4632-b443-c6596217d352{ip: 127.0.0.1, host: localhost, ports: [REPLICATION=32933, RATIS=34351, RATIS_ADMIN=34351, RATIS_SERVER=34351, STANDALONE=46025], networkLocation: /default-rack, certSerialId: null, persistedOpState: IN_SERVICE, persistedOpStateExpiryEpochSec: 0}, ReplicationConfig: RATIS/ONE, State:ALLOCATED, leaderId:, CreationTimestamp2021-10-13T10:11:26.320Z[Etc/UTC]].
2021-10-13 10:11:26,330 [3e49b098-f263-4746-8850-a06a1becd7d6@group-88C8CD7CA178-StateMachineUpdater] INFO  safemode.HealthyPipelineSafeModeRule (HealthyPipelineSafeModeRule.java:initializeRule(152)) - Refreshed total pipeline count is 0, healthy pipeline threshold count is 1
2021-10-13 10:11:26,330 [RatisPipelineUtilsThread - 0] INFO  ha.SCMHAInvocationHandler (SCMHAInvocationHandler.java:invokeRatis(113)) - Invoking method public abstract void org.apache.hadoop.hdds.scm.pipeline.PipelineStateManager.addPipeline(org.apache.hadoop.hdds.protocol.proto.HddsProtos$Pipeline) throws java.io.IOException on target org.apache.hadoop.hdds.scm.ha.SCMRatisServerImpl@63280aad, cost 9804.091us
2021-10-13 10:11:26,336 [EndpointStateMachine task thread for /127.0.0.1:13887 - 0 ] INFO  ipc.Client (Client.java:handleConnectionFailure(977)) - Retrying connect to server: localhost/127.0.0.1:13887. Already tried 4 time(s); retry policy is RetryUpToMaximumCountWithFixedSleep(maxRetries=15, sleepTime=1000 MILLISECONDS)
2021-10-13 10:11:26,336 [f92345f7-de12-4b3d-8fd2-3689378a4141@group-88C8CD7CA178-StateMachineUpdater] INFO  pipeline.PipelineStateManagerImpl (PipelineStateManagerImpl.java:addPipeline(101)) - Created pipeline Pipeline[ Id: 949044a9-8b22-40ed-baa3-d53c6002ed90, Nodes: 83da085b-8d99-4632-b443-c6596217d352{ip: 127.0.0.1, host: localhost, ports: [REPLICATION=32933, RATIS=34351, RATIS_ADMIN=34351, RATIS_SERVER=34351, STANDALONE=46025], networkLocation: /default-rack, certSerialId: null, persistedOpState: IN_SERVICE, persistedOpStateExpiryEpochSec: 0}, ReplicationConfig: RATIS/ONE, State:ALLOCATED, leaderId:, CreationTimestamp2021-10-13T10:11:26.320Z[Etc/UTC]].
2021-10-13 10:11:26,337 [f92345f7-de12-4b3d-8fd2-3689378a4141@group-88C8CD7CA178-StateMachineUpdater] INFO  safemode.HealthyPipelineSafeModeRule (HealthyPipelineSafeModeRule.java:initializeRule(152)) - Refreshed total pipeline count is 0, healthy pipeline threshold count is 1
2021-10-13 10:11:26,338 [3e49b098-f263-4746-8850-a06a1becd7d6@group-88C8CD7CA178-StateMachineUpdater] INFO  ha.SCMStateMachine (SCMStateMachine.java:takeSnapshot(290)) - Current Snapshot Index 10, takeSnapshot took 0 ms
2021-10-13 10:11:26,338 [3e49b098-f263-4746-8850-a06a1becd7d6@group-88C8CD7CA178-StateMachineUpdater] INFO  impl.StateMachineUpdater (StateMachineUpdater.java:takeSnapshot(281)) - 3e49b098-f263-4746-8850-a06a1becd7d6@group-88C8CD7CA178-StateMachineUpdater: Took a snapshot at index 10
2021-10-13 10:11:26,338 [3e49b098-f263-4746-8850-a06a1becd7d6@group-88C8CD7CA178-StateMachineUpdater] INFO  impl.StateMachineUpdater (StateMachineUpdater.java:lambda$new$0(89)) - 3e49b098-f263-4746-8850-a06a1becd7d6@group-88C8CD7CA178-StateMachineUpdater: snapshotIndex: updateIncreasingly 5 -> 10
2021-10-13 10:11:26,338 [3e49b098-f263-4746-8850-a06a1becd7d6@group-88C8CD7CA178-StateMachineUpdater] INFO  raftlog.RaftLog (RaftLogBase.java:purge(306)) - 3e49b098-f263-4746-8850-a06a1becd7d6@group-88C8CD7CA178-SegmentedRaftLog: purge 10
2021-10-13 10:11:26,338 [3e49b098-f263-4746-8850-a06a1becd7d6@group-88C8CD7CA178-StateMachineUpdater] INFO  raftlog.RaftLog (RaftLogBase.java:lambda$new$0(53)) - 3e49b098-f263-4746-8850-a06a1becd7d6@group-88C8CD7CA178-SegmentedRaftLog: snapshotIndex: updateIncreasingly 5 -> 10
2021-10-13 10:11:26,338 [3e49b098-f263-4746-8850-a06a1becd7d6@group-88C8CD7CA178-StateMachineUpdater] INFO  raftlog.RaftLog (RaftLogBase.java:lambda$new$0(53)) - 3e49b098-f263-4746-8850-a06a1becd7d6@group-88C8CD7CA178-SegmentedRaftLog: purgeIndex: updateToMax old=0, new=10, updated? true
2021-10-13 10:11:26,386 [EndpointStateMachine task thread for /127.0.0.1:13877 - 0 ] INFO  ipc.Client (Client.java:handleConnectionFailure(977)) - Retrying connect to server: localhost/127.0.0.1:13877. Already tried 7 time(s); retry policy is RetryUpToMaximumCountWithFixedSleep(maxRetries=15, sleepTime=1000 MILLISECONDS)
2021-10-13 10:11:26,960 [Listener at 127.0.0.1/11284] INFO  ozone.MiniOzoneClusterImpl (MiniOzoneClusterImpl.java:lambda$waitForClusterToBeReady$0(235)) - Waiting for nodes to be ready. Got 2 of 3 DN Heartbeats.
2021-10-13 10:11:26,960 [Listener at 127.0.0.1/11284] INFO  ozone.MiniOzoneClusterImpl (MiniOzoneClusterImpl.java:lambda$waitForClusterToBeReady$0(238)) - Waiting for cluster to exit safe mode
2021-10-13 10:11:26,960 [Listener at 127.0.0.1/11284] INFO  ozone.MiniOzoneClusterImpl (MiniOzoneClusterImpl.java:lambda$waitForClusterToBeReady$0(240)) - SCM became leader
2021-10-13 10:11:26,994 [IPC Server handler 15 on default port 14237] INFO  net.NetworkTopologyImpl (NetworkTopologyImpl.java:add(112)) - Added a new node: /default-rack/a78bc827-a10e-4e71-88ed-094b4b7dc052
2021-10-13 10:11:26,994 [IPC Server handler 15 on default port 14237] INFO  node.SCMNodeManager (SCMNodeManager.java:register(389)) - Registered Data node : a78bc827-a10e-4e71-88ed-094b4b7dc052{ip: 127.0.0.1, host: localhost, ports: [REPLICATION=36927, RATIS=44771, RATIS_ADMIN=44771, RATIS_SERVER=44771, STANDALONE=36337], networkLocation: /default-rack, certSerialId: null, persistedOpState: null, persistedOpStateExpiryEpochSec: 0}
2021-10-13 10:11:26,995 [EventQueue-NewNodeForNewNodeHandler] INFO  pipeline.BackgroundPipelineCreator (BackgroundPipelineCreator.java:notifyEventTriggered(285)) - trigger a one-shot run on RatisPipelineUtilsThread.
2021-10-13 10:11:26,995 [EventQueue-NodeRegistrationContainerReportForDataNodeSafeModeRule] INFO  safemode.SCMSafeModeManager (DataNodeSafeModeRule.java:process(71)) - SCM in safe mode. 3 DataNodes registered, 3 required.
2021-10-13 10:11:26,995 [RatisPipelineUtilsThread - 0] INFO  pipeline.RatisPipelineProvider (RatisPipelineProvider.java:lambda$create$0(183)) - Sending CreatePipelineCommand for pipeline:PipelineID=91f8651d-ea00-4308-9bb9-4ae71ba842ca to datanode:a78bc827-a10e-4e71-88ed-094b4b7dc052
2021-10-13 10:11:26,995 [EventQueue-NodeRegistrationContainerReportForDataNodeSafeModeRule] INFO  safemode.SCMSafeModeManager (SCMSafeModeManager.java:validateSafeModeExitRules(204)) - DataNodeSafeModeRule rule is successfully validated
2021-10-13 10:11:26,997 [EventQueue-NodeRegistrationContainerReportForDataNodeSafeModeRule] INFO  safemode.SCMSafeModeManager (SCMSafeModeManager.java:completePreCheck(233)) - All SCM safe mode pre check rules have passed
2021-10-13 10:11:26,997 [EventQueue-NodeRegistrationContainerReportForDataNodeSafeModeRule] WARN  events.EventQueue (EventQueue.java:fireEvent(194)) - No event handler registered for event TypedEvent{payloadType=SafeModeStatus, name='Safe mode status'}
2021-10-13 10:11:26,997 [EventQueue-NodeRegistrationContainerReportForDataNodeSafeModeRule] INFO  ha.SCMContext (SCMContext.java:updateSafeModeStatus(205)) - Update SafeModeStatus from SafeModeStatus{safeModeStatus=true, preCheckPassed=false} to SafeModeStatus{safeModeStatus=true, preCheckPassed=true}.
2021-10-13 10:11:26,998 [EventQueue-NodeRegistrationContainerReportForDataNodeSafeModeRule] INFO  pipeline.BackgroundPipelineCreator (BackgroundPipelineCreator.java:notifyEventTriggered(285)) - trigger a one-shot run on RatisPipelineUtilsThread.
2021-10-13 10:11:27,004 [f92345f7-de12-4b3d-8fd2-3689378a4141@group-88C8CD7CA178-StateMachineUpdater] INFO  ha.SCMStateMachine (SCMStateMachine.java:takeSnapshot(290)) - Current Snapshot Index 10, takeSnapshot took 1 ms
2021-10-13 10:11:27,004 [f92345f7-de12-4b3d-8fd2-3689378a4141@group-88C8CD7CA178-StateMachineUpdater] INFO  impl.StateMachineUpdater (StateMachineUpdater.java:takeSnapshot(281)) - f92345f7-de12-4b3d-8fd2-3689378a4141@group-88C8CD7CA178-StateMachineUpdater: Took a snapshot at index 10
2021-10-13 10:11:27,004 [f92345f7-de12-4b3d-8fd2-3689378a4141@group-88C8CD7CA178-StateMachineUpdater] INFO  impl.StateMachineUpdater (StateMachineUpdater.java:lambda$new$0(89)) - f92345f7-de12-4b3d-8fd2-3689378a4141@group-88C8CD7CA178-StateMachineUpdater: snapshotIndex: updateIncreasingly 5 -> 10
2021-10-13 10:11:27,004 [f92345f7-de12-4b3d-8fd2-3689378a4141@group-88C8CD7CA178-StateMachineUpdater] INFO  raftlog.RaftLog (RaftLogBase.java:purge(306)) - f92345f7-de12-4b3d-8fd2-3689378a4141@group-88C8CD7CA178-SegmentedRaftLog: purge 10
2021-10-13 10:11:27,004 [f92345f7-de12-4b3d-8fd2-3689378a4141@group-88C8CD7CA178-StateMachineUpdater] INFO  raftlog.RaftLog (RaftLogBase.java:lambda$new$0(53)) - f92345f7-de12-4b3d-8fd2-3689378a4141@group-88C8CD7CA178-SegmentedRaftLog: snapshotIndex: updateIncreasingly 5 -> 10
2021-10-13 10:11:27,004 [f92345f7-de12-4b3d-8fd2-3689378a4141@group-88C8CD7CA178-StateMachineUpdater] INFO  raftlog.RaftLog (RaftLogBase.java:lambda$new$0(53)) - f92345f7-de12-4b3d-8fd2-3689378a4141@group-88C8CD7CA178-SegmentedRaftLog: purgeIndex: updateToMax old=0, new=10, updated? true
2021-10-13 10:11:27,006 [IPC Server handler 0 on default port 14247] INFO  net.NetworkTopologyImpl (NetworkTopologyImpl.java:add(112)) - Added a new node: /default-rack/a78bc827-a10e-4e71-88ed-094b4b7dc052
2021-10-13 10:11:27,006 [IPC Server handler 0 on default port 14247] INFO  node.SCMNodeManager (SCMNodeManager.java:register(389)) - Registered Data node : a78bc827-a10e-4e71-88ed-094b4b7dc052{ip: 127.0.0.1, host: localhost, ports: [REPLICATION=36927, RATIS=44771, RATIS_ADMIN=44771, RATIS_SERVER=44771, STANDALONE=36337], networkLocation: /default-rack, certSerialId: null, persistedOpState: null, persistedOpStateExpiryEpochSec: 0}
2021-10-13 10:11:27,007 [EventQueue-NewNodeForNewNodeHandler] INFO  pipeline.BackgroundPipelineCreator (BackgroundPipelineCreator.java:notifyEventTriggered(279)) - ignore, not leader SCM.
2021-10-13 10:11:27,007 [EventQueue-NodeRegistrationContainerReportForDataNodeSafeModeRule] INFO  safemode.SCMSafeModeManager (DataNodeSafeModeRule.java:process(71)) - SCM in safe mode. 3 DataNodes registered, 3 required.
2021-10-13 10:11:27,007 [EventQueue-NodeRegistrationContainerReportForDataNodeSafeModeRule] INFO  safemode.SCMSafeModeManager (SCMSafeModeManager.java:validateSafeModeExitRules(204)) - DataNodeSafeModeRule rule is successfully validated
2021-10-13 10:11:27,007 [EventQueue-NodeRegistrationContainerReportForDataNodeSafeModeRule] INFO  safemode.SCMSafeModeManager (SCMSafeModeManager.java:completePreCheck(233)) - All SCM safe mode pre check rules have passed
2021-10-13 10:11:27,008 [EventQueue-NodeRegistrationContainerReportForDataNodeSafeModeRule] WARN  events.EventQueue (EventQueue.java:fireEvent(194)) - No event handler registered for event TypedEvent{payloadType=SafeModeStatus, name='Safe mode status'}
2021-10-13 10:11:27,008 [EventQueue-NodeRegistrationContainerReportForDataNodeSafeModeRule] INFO  ha.SCMContext (SCMContext.java:updateSafeModeStatus(205)) - Update SafeModeStatus from SafeModeStatus{safeModeStatus=true, preCheckPassed=false} to SafeModeStatus{safeModeStatus=true, preCheckPassed=true}.
2021-10-13 10:11:27,008 [EventQueue-NodeRegistrationContainerReportForDataNodeSafeModeRule] INFO  pipeline.BackgroundPipelineCreator (BackgroundPipelineCreator.java:notifyEventTriggered(279)) - ignore, not leader SCM.
2021-10-13 10:11:27,008 [3e49b098-f263-4746-8850-a06a1becd7d6@group-88C8CD7CA178-StateMachineUpdater] INFO  pipeline.PipelineStateManagerImpl (PipelineStateManagerImpl.java:addPipeline(101)) - Created pipeline Pipeline[ Id: 91f8651d-ea00-4308-9bb9-4ae71ba842ca, Nodes: a78bc827-a10e-4e71-88ed-094b4b7dc052{ip: 127.0.0.1, host: localhost, ports: [REPLICATION=36927, RATIS=44771, RATIS_ADMIN=44771, RATIS_SERVER=44771, STANDALONE=36337], networkLocation: /default-rack, certSerialId: null, persistedOpState: IN_SERVICE, persistedOpStateExpiryEpochSec: 0}, ReplicationConfig: RATIS/ONE, State:ALLOCATED, leaderId:, CreationTimestamp2021-10-13T10:11:26.995Z[Etc/UTC]].
2021-10-13 10:11:27,008 [3e49b098-f263-4746-8850-a06a1becd7d6@group-88C8CD7CA178-StateMachineUpdater] INFO  safemode.HealthyPipelineSafeModeRule (HealthyPipelineSafeModeRule.java:initializeRule(152)) - Refreshed total pipeline count is 0, healthy pipeline threshold count is 1
2021-10-13 10:11:27,012 [RatisPipelineUtilsThread - 0] INFO  ha.SCMHAInvocationHandler (SCMHAInvocationHandler.java:invokeRatis(113)) - Invoking method public abstract void org.apache.hadoop.hdds.scm.pipeline.PipelineStateManager.addPipeline(org.apache.hadoop.hdds.protocol.proto.HddsProtos$Pipeline) throws java.io.IOException on target org.apache.hadoop.hdds.scm.ha.SCMRatisServerImpl@63280aad, cost 16458.059us
2021-10-13 10:11:27,013 [RatisPipelineUtilsThread - 0] INFO  pipeline.RatisPipelineProvider (RatisPipelineProvider.java:lambda$create$0(183)) - Sending CreatePipelineCommand for pipeline:PipelineID=539132aa-6a2f-4aed-901d-d48c150f8724 to datanode:83da085b-8d99-4632-b443-c6596217d352
2021-10-13 10:11:27,013 [RatisPipelineUtilsThread - 0] INFO  pipeline.RatisPipelineProvider (RatisPipelineProvider.java:lambda$create$0(183)) - Sending CreatePipelineCommand for pipeline:PipelineID=539132aa-6a2f-4aed-901d-d48c150f8724 to datanode:83908b8c-1318-4212-96d2-7cdb43457491
2021-10-13 10:11:27,013 [RatisPipelineUtilsThread - 0] INFO  pipeline.RatisPipelineProvider (RatisPipelineProvider.java:lambda$create$0(183)) - Sending CreatePipelineCommand for pipeline:PipelineID=539132aa-6a2f-4aed-901d-d48c150f8724 to datanode:a78bc827-a10e-4e71-88ed-094b4b7dc052
2021-10-13 10:11:27,035 [f92345f7-de12-4b3d-8fd2-3689378a4141@group-88C8CD7CA178-StateMachineUpdater] INFO  pipeline.PipelineStateManagerImpl (PipelineStateManagerImpl.java:addPipeline(101)) - Created pipeline Pipeline[ Id: 91f8651d-ea00-4308-9bb9-4ae71ba842ca, Nodes: a78bc827-a10e-4e71-88ed-094b4b7dc052{ip: 127.0.0.1, host: localhost, ports: [REPLICATION=36927, RATIS=44771, RATIS_ADMIN=44771, RATIS_SERVER=44771, STANDALONE=36337], networkLocation: /default-rack, certSerialId: null, persistedOpState: IN_SERVICE, persistedOpStateExpiryEpochSec: 0}, ReplicationConfig: RATIS/ONE, State:ALLOCATED, leaderId:, CreationTimestamp2021-10-13T10:11:26.995Z[Etc/UTC]].
2021-10-13 10:11:27,035 [f92345f7-de12-4b3d-8fd2-3689378a4141@group-88C8CD7CA178-StateMachineUpdater] INFO  safemode.HealthyPipelineSafeModeRule (HealthyPipelineSafeModeRule.java:initializeRule(152)) - Refreshed total pipeline count is 0, healthy pipeline threshold count is 1
2021-10-13 10:11:27,035 [3e49b098-f263-4746-8850-a06a1becd7d6@group-88C8CD7CA178-StateMachineUpdater] INFO  pipeline.PipelineStateManagerImpl (PipelineStateManagerImpl.java:addPipeline(101)) - Created pipeline Pipeline[ Id: 539132aa-6a2f-4aed-901d-d48c150f8724, Nodes: 83da085b-8d99-4632-b443-c6596217d352{ip: 127.0.0.1, host: localhost, ports: [REPLICATION=32933, RATIS=34351, RATIS_ADMIN=34351, RATIS_SERVER=34351, STANDALONE=46025], networkLocation: /default-rack, certSerialId: null, persistedOpState: IN_SERVICE, persistedOpStateExpiryEpochSec: 0}83908b8c-1318-4212-96d2-7cdb43457491{ip: 127.0.0.1, host: localhost, ports: [REPLICATION=37905, RATIS=46375, RATIS_ADMIN=46375, RATIS_SERVER=46375, STANDALONE=34773], networkLocation: /default-rack, certSerialId: null, persistedOpState: IN_SERVICE, persistedOpStateExpiryEpochSec: 0}a78bc827-a10e-4e71-88ed-094b4b7dc052{ip: 127.0.0.1, host: localhost, ports: [REPLICATION=36927, RATIS=44771, RATIS_ADMIN=44771, RATIS_SERVER=44771, STANDALONE=36337], networkLocation: /default-rack, certSerialId: null, persistedOpState: IN_SERVICE, persistedOpStateExpiryEpochSec: 0}, ReplicationConfig: RATIS/THREE, State:ALLOCATED, leaderId:, CreationTimestamp2021-10-13T10:11:27.013Z[Etc/UTC]].
2021-10-13 10:11:27,035 [3e49b098-f263-4746-8850-a06a1becd7d6@group-88C8CD7CA178-StateMachineUpdater] INFO  safemode.HealthyPipelineSafeModeRule (HealthyPipelineSafeModeRule.java:initializeRule(152)) - Refreshed total pipeline count is 0, healthy pipeline threshold count is 1
2021-10-13 10:11:27,035 [RatisPipelineUtilsThread - 0] INFO  ha.SCMHAInvocationHandler (SCMHAInvocationHandler.java:invokeRatis(113)) - Invoking method public abstract void org.apache.hadoop.hdds.scm.pipeline.PipelineStateManager.addPipeline(org.apache.hadoop.hdds.protocol.proto.HddsProtos$Pipeline) throws java.io.IOException on target org.apache.hadoop.hdds.scm.ha.SCMRatisServerImpl@63280aad, cost 22122.158us
2021-10-13 10:11:27,041 [RatisPipelineUtilsThread - 0] INFO  pipeline.RatisPipelineProvider (RatisPipelineProvider.java:lambda$create$0(183)) - Sending CreatePipelineCommand for pipeline:PipelineID=87f87530-a371-4125-a80d-cfd79ed7d8c4 to datanode:83da085b-8d99-4632-b443-c6596217d352
2021-10-13 10:11:27,042 [RatisPipelineUtilsThread - 0] INFO  pipeline.RatisPipelineProvider (RatisPipelineProvider.java:lambda$create$0(183)) - Sending CreatePipelineCommand for pipeline:PipelineID=87f87530-a371-4125-a80d-cfd79ed7d8c4 to datanode:83908b8c-1318-4212-96d2-7cdb43457491
2021-10-13 10:11:27,042 [RatisPipelineUtilsThread - 0] INFO  pipeline.RatisPipelineProvider (RatisPipelineProvider.java:lambda$create$0(183)) - Sending CreatePipelineCommand for pipeline:PipelineID=87f87530-a371-4125-a80d-cfd79ed7d8c4 to datanode:a78bc827-a10e-4e71-88ed-094b4b7dc052
2021-10-13 10:11:27,043 [f92345f7-de12-4b3d-8fd2-3689378a4141@group-88C8CD7CA178-StateMachineUpdater] INFO  pipeline.PipelineStateManagerImpl (PipelineStateManagerImpl.java:addPipeline(101)) - Created pipeline Pipeline[ Id: 539132aa-6a2f-4aed-901d-d48c150f8724, Nodes: 83da085b-8d99-4632-b443-c6596217d352{ip: 127.0.0.1, host: localhost, ports: [REPLICATION=32933, RATIS=34351, RATIS_ADMIN=34351, RATIS_SERVER=34351, STANDALONE=46025], networkLocation: /default-rack, certSerialId: null, persistedOpState: IN_SERVICE, persistedOpStateExpiryEpochSec: 0}83908b8c-1318-4212-96d2-7cdb43457491{ip: 127.0.0.1, host: localhost, ports: [REPLICATION=37905, RATIS=46375, RATIS_ADMIN=46375, RATIS_SERVER=46375, STANDALONE=34773], networkLocation: /default-rack, certSerialId: null, persistedOpState: IN_SERVICE, persistedOpStateExpiryEpochSec: 0}a78bc827-a10e-4e71-88ed-094b4b7dc052{ip: 127.0.0.1, host: localhost, ports: [REPLICATION=36927, RATIS=44771, RATIS_ADMIN=44771, RATIS_SERVER=44771, STANDALONE=36337], networkLocation: /default-rack, certSerialId: null, persistedOpState: IN_SERVICE, persistedOpStateExpiryEpochSec: 0}, ReplicationConfig: RATIS/THREE, State:ALLOCATED, leaderId:, CreationTimestamp2021-10-13T10:11:27.013Z[Etc/UTC]].
2021-10-13 10:11:27,043 [f92345f7-de12-4b3d-8fd2-3689378a4141@group-88C8CD7CA178-StateMachineUpdater] INFO  safemode.HealthyPipelineSafeModeRule (HealthyPipelineSafeModeRule.java:initializeRule(152)) - Refreshed total pipeline count is 0, healthy pipeline threshold count is 1
2021-10-13 10:11:27,050 [EndpointStateMachine task thread for /127.0.0.1:13897 - 0 ] INFO  ipc.Client (Client.java:handleConnectionFailure(977)) - Retrying connect to server: localhost/127.0.0.1:13897. Already tried 8 time(s); retry policy is RetryUpToMaximumCountWithFixedSleep(maxRetries=15, sleepTime=1000 MILLISECONDS)
2021-10-13 10:11:27,060 [3e49b098-f263-4746-8850-a06a1becd7d6@group-88C8CD7CA178-StateMachineUpdater] INFO  pipeline.PipelineStateManagerImpl (PipelineStateManagerImpl.java:addPipeline(101)) - Created pipeline Pipeline[ Id: 87f87530-a371-4125-a80d-cfd79ed7d8c4, Nodes: 83da085b-8d99-4632-b443-c6596217d352{ip: 127.0.0.1, host: localhost, ports: [REPLICATION=32933, RATIS=34351, RATIS_ADMIN=34351, RATIS_SERVER=34351, STANDALONE=46025], networkLocation: /default-rack, certSerialId: null, persistedOpState: IN_SERVICE, persistedOpStateExpiryEpochSec: 0}83908b8c-1318-4212-96d2-7cdb43457491{ip: 127.0.0.1, host: localhost, ports: [REPLICATION=37905, RATIS=46375, RATIS_ADMIN=46375, RATIS_SERVER=46375, STANDALONE=34773], networkLocation: /default-rack, certSerialId: null, persistedOpState: IN_SERVICE, persistedOpStateExpiryEpochSec: 0}a78bc827-a10e-4e71-88ed-094b4b7dc052{ip: 127.0.0.1, host: localhost, ports: [REPLICATION=36927, RATIS=44771, RATIS_ADMIN=44771, RATIS_SERVER=44771, STANDALONE=36337], networkLocation: /default-rack, certSerialId: null, persistedOpState: IN_SERVICE, persistedOpStateExpiryEpochSec: 0}, ReplicationConfig: RATIS/THREE, State:ALLOCATED, leaderId:, CreationTimestamp2021-10-13T10:11:27.041Z[Etc/UTC]].
2021-10-13 10:11:27,060 [3e49b098-f263-4746-8850-a06a1becd7d6@group-88C8CD7CA178-StateMachineUpdater] INFO  safemode.HealthyPipelineSafeModeRule (HealthyPipelineSafeModeRule.java:initializeRule(152)) - Refreshed total pipeline count is 0, healthy pipeline threshold count is 1
2021-10-13 10:11:27,063 [3e49b098-f263-4746-8850-a06a1becd7d6@group-88C8CD7CA178-StateMachineUpdater] INFO  ha.SCMStateMachine (SCMStateMachine.java:takeSnapshot(290)) - Current Snapshot Index 15, takeSnapshot took 1 ms
2021-10-13 10:11:27,063 [3e49b098-f263-4746-8850-a06a1becd7d6@group-88C8CD7CA178-StateMachineUpdater] INFO  impl.StateMachineUpdater (StateMachineUpdater.java:takeSnapshot(281)) - 3e49b098-f263-4746-8850-a06a1becd7d6@group-88C8CD7CA178-StateMachineUpdater: Took a snapshot at index 15
2021-10-13 10:11:27,063 [3e49b098-f263-4746-8850-a06a1becd7d6@group-88C8CD7CA178-StateMachineUpdater] INFO  impl.StateMachineUpdater (StateMachineUpdater.java:lambda$new$0(89)) - 3e49b098-f263-4746-8850-a06a1becd7d6@group-88C8CD7CA178-StateMachineUpdater: snapshotIndex: updateIncreasingly 10 -> 15
2021-10-13 10:11:27,064 [3e49b098-f263-4746-8850-a06a1becd7d6@group-88C8CD7CA178-StateMachineUpdater] INFO  raftlog.RaftLog (RaftLogBase.java:purge(306)) - 3e49b098-f263-4746-8850-a06a1becd7d6@group-88C8CD7CA178-SegmentedRaftLog: purge 15
2021-10-13 10:11:27,064 [3e49b098-f263-4746-8850-a06a1becd7d6@group-88C8CD7CA178-StateMachineUpdater] INFO  raftlog.RaftLog (RaftLogBase.java:lambda$new$0(53)) - 3e49b098-f263-4746-8850-a06a1becd7d6@group-88C8CD7CA178-SegmentedRaftLog: snapshotIndex: updateIncreasingly 10 -> 15
2021-10-13 10:11:27,064 [3e49b098-f263-4746-8850-a06a1becd7d6@group-88C8CD7CA178-StateMachineUpdater] INFO  raftlog.RaftLog (RaftLogBase.java:lambda$new$0(53)) - 3e49b098-f263-4746-8850-a06a1becd7d6@group-88C8CD7CA178-SegmentedRaftLog: purgeIndex: updateToMax old=10, new=15, updated? true
2021-10-13 10:11:27,064 [RatisPipelineUtilsThread - 0] INFO  ha.SCMHAInvocationHandler (SCMHAInvocationHandler.java:invokeRatis(113)) - Invoking method public abstract void org.apache.hadoop.hdds.scm.pipeline.PipelineStateManager.addPipeline(org.apache.hadoop.hdds.protocol.proto.HddsProtos$Pipeline) throws java.io.IOException on target org.apache.hadoop.hdds.scm.ha.SCMRatisServerImpl@63280aad, cost 22007.65us
2021-10-13 10:11:27,064 [RatisPipelineUtilsThread - 0] INFO  pipeline.PipelineManagerImpl (PipelineManagerImpl.java:recordMetricsForPipeline(613)) - Pipeline: PipelineID=87f87530-a371-4125-a80d-cfd79ed7d8c4 contains same datanodes as previous pipelines: PipelineID=539132aa-6a2f-4aed-901d-d48c150f8724 nodeIds: 83da085b-8d99-4632-b443-c6596217d352, 83908b8c-1318-4212-96d2-7cdb43457491, a78bc827-a10e-4e71-88ed-094b4b7dc052
2021-10-13 10:11:27,077 [f92345f7-de12-4b3d-8fd2-3689378a4141@group-88C8CD7CA178-StateMachineUpdater] INFO  pipeline.PipelineStateManagerImpl (PipelineStateManagerImpl.java:addPipeline(101)) - Created pipeline Pipeline[ Id: 87f87530-a371-4125-a80d-cfd79ed7d8c4, Nodes: 83da085b-8d99-4632-b443-c6596217d352{ip: 127.0.0.1, host: localhost, ports: [REPLICATION=32933, RATIS=34351, RATIS_ADMIN=34351, RATIS_SERVER=34351, STANDALONE=46025], networkLocation: /default-rack, certSerialId: null, persistedOpState: IN_SERVICE, persistedOpStateExpiryEpochSec: 0}83908b8c-1318-4212-96d2-7cdb43457491{ip: 127.0.0.1, host: localhost, ports: [REPLICATION=37905, RATIS=46375, RATIS_ADMIN=46375, RATIS_SERVER=46375, STANDALONE=34773], networkLocation: /default-rack, certSerialId: null, persistedOpState: IN_SERVICE, persistedOpStateExpiryEpochSec: 0}a78bc827-a10e-4e71-88ed-094b4b7dc052{ip: 127.0.0.1, host: localhost, ports: [REPLICATION=36927, RATIS=44771, RATIS_ADMIN=44771, RATIS_SERVER=44771, STANDALONE=36337], networkLocation: /default-rack, certSerialId: null, persistedOpState: IN_SERVICE, persistedOpStateExpiryEpochSec: 0}, ReplicationConfig: RATIS/THREE, State:ALLOCATED, leaderId:, CreationTimestamp2021-10-13T10:11:27.041Z[Etc/UTC]].
2021-10-13 10:11:27,077 [f92345f7-de12-4b3d-8fd2-3689378a4141@group-88C8CD7CA178-StateMachineUpdater] INFO  safemode.HealthyPipelineSafeModeRule (HealthyPipelineSafeModeRule.java:initializeRule(152)) - Refreshed total pipeline count is 0, healthy pipeline threshold count is 1
2021-10-13 10:11:27,080 [f92345f7-de12-4b3d-8fd2-3689378a4141@group-88C8CD7CA178-StateMachineUpdater] INFO  ha.SCMStateMachine (SCMStateMachine.java:takeSnapshot(290)) - Current Snapshot Index 15, takeSnapshot took 1 ms
2021-10-13 10:11:27,080 [f92345f7-de12-4b3d-8fd2-3689378a4141@group-88C8CD7CA178-StateMachineUpdater] INFO  impl.StateMachineUpdater (StateMachineUpdater.java:takeSnapshot(281)) - f92345f7-de12-4b3d-8fd2-3689378a4141@group-88C8CD7CA178-StateMachineUpdater: Took a snapshot at index 15
2021-10-13 10:11:27,080 [f92345f7-de12-4b3d-8fd2-3689378a4141@group-88C8CD7CA178-StateMachineUpdater] INFO  impl.StateMachineUpdater (StateMachineUpdater.java:lambda$new$0(89)) - f92345f7-de12-4b3d-8fd2-3689378a4141@group-88C8CD7CA178-StateMachineUpdater: snapshotIndex: updateIncreasingly 10 -> 15
2021-10-13 10:11:27,080 [f92345f7-de12-4b3d-8fd2-3689378a4141@group-88C8CD7CA178-StateMachineUpdater] INFO  raftlog.RaftLog (RaftLogBase.java:purge(306)) - f92345f7-de12-4b3d-8fd2-3689378a4141@group-88C8CD7CA178-SegmentedRaftLog: purge 15
2021-10-13 10:11:27,080 [f92345f7-de12-4b3d-8fd2-3689378a4141@group-88C8CD7CA178-StateMachineUpdater] INFO  raftlog.RaftLog (RaftLogBase.java:lambda$new$0(53)) - f92345f7-de12-4b3d-8fd2-3689378a4141@group-88C8CD7CA178-SegmentedRaftLog: snapshotIndex: updateIncreasingly 10 -> 15
2021-10-13 10:11:27,080 [f92345f7-de12-4b3d-8fd2-3689378a4141@group-88C8CD7CA178-StateMachineUpdater] INFO  raftlog.RaftLog (RaftLogBase.java:lambda$new$0(53)) - f92345f7-de12-4b3d-8fd2-3689378a4141@group-88C8CD7CA178-SegmentedRaftLog: purgeIndex: updateToMax old=10, new=15, updated? true
2021-10-13 10:11:27,336 [EndpointStateMachine task thread for /127.0.0.1:13887 - 0 ] INFO  ipc.Client (Client.java:handleConnectionFailure(977)) - Retrying connect to server: localhost/127.0.0.1:13887. Already tried 5 time(s); retry policy is RetryUpToMaximumCountWithFixedSleep(maxRetries=15, sleepTime=1000 MILLISECONDS)
2021-10-13 10:11:27,387 [EndpointStateMachine task thread for /127.0.0.1:13877 - 0 ] INFO  ipc.Client (Client.java:handleConnectionFailure(977)) - Retrying connect to server: localhost/127.0.0.1:13877. Already tried 8 time(s); retry policy is RetryUpToMaximumCountWithFixedSleep(maxRetries=15, sleepTime=1000 MILLISECONDS)
2021-10-13 10:11:27,684 [Datanode State Machine Thread - 0] ERROR datanode.RunningDatanodeState (RunningDatanodeState.java:computeNextContainerState(199)) - Error in executing end point task.
java.util.concurrent.ExecutionException: java.util.concurrent.TimeoutException
	at java.util.concurrent.FutureTask.report(FutureTask.java:122)
	at java.util.concurrent.FutureTask.get(FutureTask.java:192)
	at org.apache.hadoop.ozone.container.common.states.datanode.RunningDatanodeState.computeNextContainerState(RunningDatanodeState.java:191)
	at org.apache.hadoop.ozone.container.common.states.datanode.RunningDatanodeState.await(RunningDatanodeState.java:231)
	at org.apache.hadoop.ozone.container.common.states.datanode.RunningDatanodeState.await(RunningDatanodeState.java:50)
	at org.apache.hadoop.ozone.container.common.statemachine.StateContext.execute(StateContext.java:629)
	at org.apache.hadoop.ozone.container.common.statemachine.DatanodeStateMachine.start(DatanodeStateMachine.java:276)
	at org.apache.hadoop.ozone.container.common.statemachine.DatanodeStateMachine.lambda$startDaemon$0(DatanodeStateMachine.java:464)
	at java.lang.Thread.run(Thread.java:748)
Caused by: java.util.concurrent.TimeoutException
	at java.util.concurrent.FutureTask.get(FutureTask.java:205)
	at org.apache.hadoop.ozone.container.common.states.datanode.RunningDatanodeState.lambda$execute$0(RunningDatanodeState.java:149)
	at java.util.concurrent.FutureTask.run(FutureTask.java:266)
	at java.util.concurrent.Executors$RunnableAdapter.call(Executors.java:511)
	at java.util.concurrent.FutureTask.run(FutureTask.java:266)
	at java.util.concurrent.ThreadPoolExecutor.runWorker(ThreadPoolExecutor.java:1149)
	at java.util.concurrent.ThreadPoolExecutor$Worker.run(ThreadPoolExecutor.java:624)
	... 1 more
2021-10-13 10:11:27,960 [Listener at 127.0.0.1/11284] INFO  ozone.MiniOzoneClusterImpl (MiniOzoneClusterImpl.java:lambda$waitForClusterToBeReady$0(235)) - Nodes are ready. Got 3 of 3 DN Heartbeats.
2021-10-13 10:11:27,961 [Listener at 127.0.0.1/11284] INFO  ozone.MiniOzoneClusterImpl (MiniOzoneClusterImpl.java:lambda$waitForClusterToBeReady$0(238)) - Waiting for cluster to exit safe mode
2021-10-13 10:11:27,961 [Listener at 127.0.0.1/11284] INFO  ozone.MiniOzoneClusterImpl (MiniOzoneClusterImpl.java:lambda$waitForClusterToBeReady$0(240)) - SCM became leader
2021-10-13 10:11:28,051 [EndpointStateMachine task thread for /127.0.0.1:13897 - 0 ] INFO  ipc.Client (Client.java:handleConnectionFailure(977)) - Retrying connect to server: localhost/127.0.0.1:13897. Already tried 9 time(s); retry policy is RetryUpToMaximumCountWithFixedSleep(maxRetries=15, sleepTime=1000 MILLISECONDS)
2021-10-13 10:11:28,337 [EndpointStateMachine task thread for /127.0.0.1:13887 - 0 ] INFO  ipc.Client (Client.java:handleConnectionFailure(977)) - Retrying connect to server: localhost/127.0.0.1:13887. Already tried 6 time(s); retry policy is RetryUpToMaximumCountWithFixedSleep(maxRetries=15, sleepTime=1000 MILLISECONDS)
2021-10-13 10:11:28,387 [EndpointStateMachine task thread for /127.0.0.1:13877 - 0 ] INFO  ipc.Client (Client.java:handleConnectionFailure(977)) - Retrying connect to server: localhost/127.0.0.1:13877. Already tried 9 time(s); retry policy is RetryUpToMaximumCountWithFixedSleep(maxRetries=15, sleepTime=1000 MILLISECONDS)
2021-10-13 10:11:28,687 [Datanode State Machine Thread - 0] ERROR datanode.RunningDatanodeState (RunningDatanodeState.java:computeNextContainerState(199)) - Error in executing end point task.
java.util.concurrent.ExecutionException: java.util.concurrent.TimeoutException
	at java.util.concurrent.FutureTask.report(FutureTask.java:122)
	at java.util.concurrent.FutureTask.get(FutureTask.java:192)
	at org.apache.hadoop.ozone.container.common.states.datanode.RunningDatanodeState.computeNextContainerState(RunningDatanodeState.java:191)
	at org.apache.hadoop.ozone.container.common.states.datanode.RunningDatanodeState.await(RunningDatanodeState.java:231)
	at org.apache.hadoop.ozone.container.common.states.datanode.RunningDatanodeState.await(RunningDatanodeState.java:50)
	at org.apache.hadoop.ozone.container.common.statemachine.StateContext.execute(StateContext.java:629)
	at org.apache.hadoop.ozone.container.common.statemachine.DatanodeStateMachine.start(DatanodeStateMachine.java:276)
	at org.apache.hadoop.ozone.container.common.statemachine.DatanodeStateMachine.lambda$startDaemon$0(DatanodeStateMachine.java:464)
	at java.lang.Thread.run(Thread.java:748)
Caused by: java.util.concurrent.TimeoutException
	at java.util.concurrent.FutureTask.get(FutureTask.java:205)
	at org.apache.hadoop.ozone.container.common.states.datanode.RunningDatanodeState.lambda$execute$0(RunningDatanodeState.java:149)
	at java.util.concurrent.FutureTask.run(FutureTask.java:266)
	at java.util.concurrent.Executors$RunnableAdapter.call(Executors.java:511)
	at java.util.concurrent.FutureTask.run(FutureTask.java:266)
	at java.util.concurrent.ThreadPoolExecutor.runWorker(ThreadPoolExecutor.java:1149)
	at java.util.concurrent.ThreadPoolExecutor$Worker.run(ThreadPoolExecutor.java:624)
	... 1 more
2021-10-13 10:11:28,691 [Command processor thread] INFO  server.RaftServer (RaftServerProxy.java:addNew(95)) - 83908b8c-1318-4212-96d2-7cdb43457491: addNew group-E9F3432E5886:[83908b8c-1318-4212-96d2-7cdb43457491|rpc:127.0.0.1:46375|priority:1] returns group-E9F3432E5886:java.util.concurrent.CompletableFuture@12369041[Not completed]
2021-10-13 10:11:28,703 [pool-265-thread-1] INFO  server.RaftServer$Division (RaftServerImpl.java:<init>(181)) - 83908b8c-1318-4212-96d2-7cdb43457491: new RaftServerImpl for group-E9F3432E5886:[83908b8c-1318-4212-96d2-7cdb43457491|rpc:127.0.0.1:46375|priority:1] with ContainerStateMachine:uninitialized
2021-10-13 10:11:28,705 [pool-265-thread-1] INFO  server.RaftServerConfigKeys (ConfUtils.java:logGet(44)) - raft.server.rpc.timeout.min = 5s (custom)
2021-10-13 10:11:28,705 [pool-265-thread-1] INFO  server.RaftServerConfigKeys (ConfUtils.java:logGet(44)) - raft.server.rpc.timeout.max = 5200ms (custom)
2021-10-13 10:11:28,705 [pool-265-thread-1] INFO  server.RaftServerConfigKeys (ConfUtils.java:logGet(44)) - raft.server.rpc.sleep.time = 25ms (default)
2021-10-13 10:11:28,705 [pool-265-thread-1] INFO  server.RaftServerConfigKeys (ConfUtils.java:logGet(44)) - raft.server.rpc.slowness.timeout = 300s (custom)
2021-10-13 10:11:28,705 [pool-265-thread-1] INFO  server.RaftServerConfigKeys (ConfUtils.java:logGet(44)) - raft.server.leaderelection.leader.step-down.wait-time = 10s (default)
2021-10-13 10:11:28,705 [pool-265-thread-1] INFO  server.RaftServerConfigKeys (ConfUtils.java:logGet(44)) - raft.server.sleep.deviation.threshold = 300ms (default)
2021-10-13 10:11:28,705 [pool-265-thread-1] INFO  server.RaftServerConfigKeys (ConfUtils.java:logGet(44)) - raft.server.log.appender.install.snapshot.enabled = false (custom)
2021-10-13 10:11:28,705 [pool-265-thread-1] INFO  server.RaftServer$Division (ServerState.java:<init>(105)) - 83908b8c-1318-4212-96d2-7cdb43457491@group-E9F3432E5886: ConfigurationManager, init=-1: [83908b8c-1318-4212-96d2-7cdb43457491|rpc:127.0.0.1:46375|priority:1], old=null, confs=<EMPTY_MAP>
2021-10-13 10:11:28,705 [pool-265-thread-1] INFO  server.RaftServerConfigKeys (ConfUtils.java:logGet(44)) - raft.server.storage.dir = [/home/runner/work/ozone/ozone/hadoop-ozone/integration-test/target/test-dir/MiniOzoneClusterImpl-7a3c196b-86f6-4848-923d-88c8cd7ca178/datanode-0/data/ratis] (custom)
2021-10-13 10:11:28,705 [pool-265-thread-1] INFO  server.RaftServerConfigKeys (ConfUtils.java:logGet(44)) - raft.server.log.corruption.policy = EXCEPTION (default)
2021-10-13 10:11:28,705 [pool-265-thread-1] INFO  server.RaftServerConfigKeys (ConfUtils.java:logGet(44)) - raft.server.storage.free-space.min = 0MB (=0) (default)
2021-10-13 10:11:28,706 [pool-265-thread-1] INFO  storage.RaftStorageDirectory (RaftStorageDirectoryImpl.java:analyzeStorage(135)) - The storage directory /home/runner/work/ozone/ozone/hadoop-ozone/integration-test/target/test-dir/MiniOzoneClusterImpl-7a3c196b-86f6-4848-923d-88c8cd7ca178/datanode-0/data/ratis/c34cc736-750d-425e-b3fb-e9f3432e5886 does not exist. Creating ...
2021-10-13 10:11:28,711 [pool-265-thread-1] INFO  storage.RaftStorageDirectory (RaftStorageDirectoryImpl.java:tryLock(230)) - Lock on /home/runner/work/ozone/ozone/hadoop-ozone/integration-test/target/test-dir/MiniOzoneClusterImpl-7a3c196b-86f6-4848-923d-88c8cd7ca178/datanode-0/data/ratis/c34cc736-750d-425e-b3fb-e9f3432e5886/in_use.lock acquired by nodename 26829@fv-az395-254
2021-10-13 10:11:28,713 [pool-265-thread-1] INFO  storage.RaftStorage (RaftStorageImpl.java:format(89)) - Storage directory /home/runner/work/ozone/ozone/hadoop-ozone/integration-test/target/test-dir/MiniOzoneClusterImpl-7a3c196b-86f6-4848-923d-88c8cd7ca178/datanode-0/data/ratis/c34cc736-750d-425e-b3fb-e9f3432e5886 has been successfully formatted.
2021-10-13 10:11:28,713 [pool-265-thread-1] INFO  ratis.ContainerStateMachine (ContainerStateMachine.java:loadSnapshot(224)) - group-E9F3432E5886: The snapshot info is null. Setting the last applied indexto:(t:0, i:~)
2021-10-13 10:11:28,716 [pool-265-thread-1] INFO  server.RaftServerConfigKeys (ConfUtils.java:logGet(44)) - raft.server.notification.no-leader.timeout = 300s (custom)
2021-10-13 10:11:28,716 [pool-265-thread-1] INFO  server.RaftServerConfigKeys (ConfUtils.java:logGet(44)) - raft.server.log.use.memory = false (default)
2021-10-13 10:11:28,716 [pool-265-thread-1] INFO  server.RaftServerConfigKeys (ConfUtils.java:logGet(44)) - raft.server.log.purge.gap = 1000000 (custom)
2021-10-13 10:11:28,716 [pool-265-thread-1] INFO  server.RaftServerConfigKeys (ConfUtils.java:logGet(44)) - raft.server.log.appender.buffer.byte-limit = 33554432 (custom)
2021-10-13 10:11:28,716 [pool-265-thread-1] INFO  server.RaftServerConfigKeys (ConfUtils.java:logGet(44)) - raft.server.log.segment.size.max = 1048576 (custom)
2021-10-13 10:11:28,717 [pool-265-thread-1] INFO  server.RaftServerConfigKeys (ConfUtils.java:logGet(44)) - raft.server.log.segment.cache.num.max = 2 (custom)
2021-10-13 10:11:28,717 [pool-265-thread-1] INFO  server.RaftServerConfigKeys (ConfUtils.java:logGet(44)) - raft.server.log.segment.cache.size.max = 200MB (=209715200) (default)
2021-10-13 10:11:28,717 [pool-265-thread-1] INFO  segmented.SegmentedRaftLogWorker (SegmentedRaftLogWorker.java:<init>(182)) - new 83908b8c-1318-4212-96d2-7cdb43457491@group-E9F3432E5886-SegmentedRaftLogWorker for RaftStorageImpl:Storage Directory /home/runner/work/ozone/ozone/hadoop-ozone/integration-test/target/test-dir/MiniOzoneClusterImpl-7a3c196b-86f6-4848-923d-88c8cd7ca178/datanode-0/data/ratis/c34cc736-750d-425e-b3fb-e9f3432e5886
2021-10-13 10:11:28,717 [pool-265-thread-1] INFO  server.RaftServerConfigKeys (ConfUtils.java:logGet(44)) - raft.server.log.queue.byte-limit = 2147483647 (custom)
2021-10-13 10:11:28,717 [pool-265-thread-1] INFO  server.RaftServerConfigKeys (ConfUtils.java:logGet(44)) - raft.server.log.queue.element-limit = 1024 (custom)
2021-10-13 10:11:28,717 [pool-265-thread-1] INFO  server.RaftServerConfigKeys (ConfUtils.java:logGet(44)) - raft.server.log.segment.size.max = 1048576 (custom)
2021-10-13 10:11:28,717 [pool-265-thread-1] INFO  server.RaftServerConfigKeys (ConfUtils.java:logGet(44)) - raft.server.log.preallocated.size = 16384 (custom)
2021-10-13 10:11:28,717 [pool-265-thread-1] INFO  server.RaftServerConfigKeys (ConfUtils.java:logGet(44)) - raft.server.log.force.sync.num = 128 (default)
2021-10-13 10:11:28,717 [pool-265-thread-1] INFO  server.RaftServerConfigKeys (ConfUtils.java:logGet(44)) - raft.server.log.statemachine.data.sync = true (default)
2021-10-13 10:11:28,717 [pool-265-thread-1] INFO  server.RaftServerConfigKeys (ConfUtils.java:logGet(44)) - raft.server.log.statemachine.data.sync.timeout = 10s (default)
2021-10-13 10:11:28,717 [EventQueue-PipelineReportForPipelineReportHandler] INFO  pipeline.PipelineManagerImpl (PipelineManagerImpl.java:openPipeline(282)) - Pipeline Pipeline[ Id: c34cc736-750d-425e-b3fb-e9f3432e5886, Nodes: 83908b8c-1318-4212-96d2-7cdb43457491{ip: 127.0.0.1, host: localhost, ports: [REPLICATION=37905, RATIS=46375, RATIS_ADMIN=46375, RATIS_SERVER=46375, STANDALONE=34773], networkLocation: /default-rack, certSerialId: null, persistedOpState: IN_SERVICE, persistedOpStateExpiryEpochSec: 0}, ReplicationConfig: RATIS/ONE, State:ALLOCATED, leaderId:83908b8c-1318-4212-96d2-7cdb43457491, CreationTimestamp2021-10-13T10:11:25.702Z[Etc/UTC]] moved to OPEN state
2021-10-13 10:11:28,718 [pool-265-thread-1] INFO  server.RaftServerConfigKeys (ConfUtils.java:logGet(44)) - raft.server.log.statemachine.data.sync.timeout.retry = -1 (default)
2021-10-13 10:11:28,723 [pool-265-thread-1] INFO  server.RaftServerConfigKeys (ConfUtils.java:logGet(44)) - raft.server.log.write.buffer.size = 1048576 (custom)
2021-10-13 10:11:28,724 [pool-265-thread-1] INFO  server.RaftServerConfigKeys (ConfUtils.java:logGet(44)) - raft.server.log.statemachine.data.caching.enabled = true (custom)
2021-10-13 10:11:28,724 [pool-265-thread-1] INFO  segmented.SegmentedRaftLogWorker (SegmentedRaftLogWorker.java:lambda$new$0(133)) - 83908b8c-1318-4212-96d2-7cdb43457491@group-E9F3432E5886-SegmentedRaftLogWorker: flushIndex: setUnconditionally 0 -> -1
2021-10-13 10:11:28,724 [pool-265-thread-1] INFO  segmented.SegmentedRaftLogWorker (SegmentedRaftLogWorker.java:lambda$new$0(133)) - 83908b8c-1318-4212-96d2-7cdb43457491@group-E9F3432E5886-SegmentedRaftLogWorker: safeCacheEvictIndex: setUnconditionally 0 -> -1
2021-10-13 10:11:28,729 [3e49b098-f263-4746-8850-a06a1becd7d6@group-88C8CD7CA178-StateMachineUpdater] INFO  safemode.HealthyPipelineSafeModeRule (HealthyPipelineSafeModeRule.java:initializeRule(152)) - Refreshed total pipeline count is 0, healthy pipeline threshold count is 1
2021-10-13 10:11:28,730 [EventQueue-PipelineReportForPipelineReportHandler] INFO  pipeline.PipelineManagerImpl (PipelineManagerImpl.java:openPipeline(282)) - Pipeline Pipeline[ Id: c34cc736-750d-425e-b3fb-e9f3432e5886, Nodes: 83908b8c-1318-4212-96d2-7cdb43457491{ip: 127.0.0.1, host: localhost, ports: [REPLICATION=37905, RATIS=46375, RATIS_ADMIN=46375, RATIS_SERVER=46375, STANDALONE=34773], networkLocation: /default-rack, certSerialId: null, persistedOpState: IN_SERVICE, persistedOpStateExpiryEpochSec: 0}, ReplicationConfig: RATIS/ONE, State:ALLOCATED, leaderId:83908b8c-1318-4212-96d2-7cdb43457491, CreationTimestamp2021-10-13T10:11:25.702Z[Etc/UTC]] moved to OPEN state
2021-10-13 10:11:28,732 [EventQueue-PipelineReportForPipelineReportHandler] INFO  ha.SCMHAInvocationHandler (SCMHAInvocationHandler.java:invokeRatis(113)) - Invoking method public abstract void org.apache.hadoop.hdds.scm.pipeline.PipelineStateManager.updatePipelineState(org.apache.hadoop.hdds.protocol.proto.HddsProtos$PipelineID,org.apache.hadoop.hdds.protocol.proto.HddsProtos$PipelineState) throws java.io.IOException on target org.apache.hadoop.hdds.scm.ha.SCMRatisServerImpl@63280aad, cost 14457.418us
2021-10-13 10:11:28,740 [pool-265-thread-1] INFO  server.RaftServerConfigKeys (ConfUtils.java:logGet(44)) - raft.server.snapshot.auto.trigger.enabled = true (custom)
2021-10-13 10:11:28,740 [pool-265-thread-1] INFO  server.RaftServerConfigKeys (ConfUtils.java:logGet(44)) - raft.server.snapshot.auto.trigger.threshold = 10000 (custom)
2021-10-13 10:11:28,740 [pool-265-thread-1] INFO  server.RaftServerConfigKeys (ConfUtils.java:logGet(44)) - raft.server.snapshot.retention.file.num = 5 (custom)
2021-10-13 10:11:28,740 [pool-265-thread-1] INFO  server.RaftServerConfigKeys (ConfUtils.java:logGet(44)) - raft.server.log.purge.upto.snapshot.index = false (default)
2021-10-13 10:11:28,740 [pool-265-thread-1] INFO  server.RaftServerConfigKeys (ConfUtils.java:logGet(44)) - raft.server.retrycache.expirytime = 600000ms (custom)
2021-10-13 10:11:28,740 [pool-265-thread-1] INFO  server.RaftServerConfigKeys (ConfUtils.java:logGet(44)) - raft.server.retrycache.statistics.expirytime = 100μs (default)
2021-10-13 10:11:28,741 [EndpointStateMachine task thread for /127.0.0.1:14257 - 0 ] WARN  statemachine.EndpointStateMachine (EndpointStateMachine.java:logIfNeeded(236)) - Unable to communicate to SCM server at localhost:14257 for past 0 seconds.
java.net.SocketTimeoutException: Call From fv-az395-254/10.1.0.44 to localhost:14257 failed on socket timeout exception: java.net.SocketTimeoutException: 5000 millis timeout while waiting for channel to be ready for read. ch : java.nio.channels.SocketChannel[connected local=/127.0.0.1:49078 remote=/127.0.0.1:14257]; For more details see:  http://wiki.apache.org/hadoop/SocketTimeout
	at sun.reflect.NativeConstructorAccessorImpl.newInstance0(Native Method)
	at sun.reflect.NativeConstructorAccessorImpl.newInstance(NativeConstructorAccessorImpl.java:62)
	at sun.reflect.DelegatingConstructorAccessorImpl.newInstance(DelegatingConstructorAccessorImpl.java:45)
	at java.lang.reflect.Constructor.newInstance(Constructor.java:423)
	at org.apache.hadoop.net.NetUtils.wrapWithMessage(NetUtils.java:913)
	at org.apache.hadoop.net.NetUtils.wrapException(NetUtils.java:848)
	at org.apache.hadoop.ipc.Client.getRpcResponse(Client.java:1577)
	at org.apache.hadoop.ipc.Client.call(Client.java:1519)
	at org.apache.hadoop.ipc.Client.call(Client.java:1416)
	at org.apache.hadoop.ipc.ProtobufRpcEngine$Invoker.invoke(ProtobufRpcEngine.java:236)
	at org.apache.hadoop.ipc.ProtobufRpcEngine$Invoker.invoke(ProtobufRpcEngine.java:123)
	at com.sun.proxy.$Proxy48.submitRequest(Unknown Source)
	at org.apache.hadoop.ozone.protocolPB.StorageContainerDatanodeProtocolClientSideTranslatorPB.submitRequest(StorageContainerDatanodeProtocolClientSideTranslatorPB.java:117)
	at org.apache.hadoop.ozone.protocolPB.StorageContainerDatanodeProtocolClientSideTranslatorPB.getVersion(StorageContainerDatanodeProtocolClientSideTranslatorPB.java:133)
	at org.apache.hadoop.ozone.container.common.states.endpoint.VersionEndpointTask.call(VersionEndpointTask.java:71)
	at org.apache.hadoop.ozone.container.common.states.endpoint.VersionEndpointTask.call(VersionEndpointTask.java:42)
	at java.util.concurrent.FutureTask.run(FutureTask.java:266)
	at java.util.concurrent.ThreadPoolExecutor.runWorker(ThreadPoolExecutor.java:1149)
	at java.util.concurrent.ThreadPoolExecutor$Worker.run(ThreadPoolExecutor.java:624)
	at java.lang.Thread.run(Thread.java:748)
Caused by: java.net.SocketTimeoutException: 5000 millis timeout while waiting for channel to be ready for read. ch : java.nio.channels.SocketChannel[connected local=/127.0.0.1:49078 remote=/127.0.0.1:14257]
	at org.apache.hadoop.net.SocketIOWithTimeout.doIO(SocketIOWithTimeout.java:164)
	at org.apache.hadoop.net.SocketInputStream.read(SocketInputStream.java:161)
	at org.apache.hadoop.net.SocketInputStream.read(SocketInputStream.java:131)
	at java.io.FilterInputStream.read(FilterInputStream.java:133)
	at java.io.BufferedInputStream.fill(BufferedInputStream.java:246)
	at java.io.BufferedInputStream.read(BufferedInputStream.java:265)
	at java.io.FilterInputStream.read(FilterInputStream.java:83)
	at java.io.FilterInputStream.read(FilterInputStream.java:83)
	at org.apache.hadoop.ipc.Client$Connection$PingInputStream.read(Client.java:563)
	at java.io.DataInputStream.readInt(DataInputStream.java:387)
	at org.apache.hadoop.ipc.Client$IpcStreams.readResponse(Client.java:1892)
	at org.apache.hadoop.ipc.Client$Connection.receiveRpcResponse(Client.java:1202)
	at org.apache.hadoop.ipc.Client$Connection.run(Client.java:1098)
2021-10-13 10:11:28,743 [pool-265-thread-1] INFO  server.RaftServer$Division (RaftServerImpl.java:start(296)) - 83908b8c-1318-4212-96d2-7cdb43457491@group-E9F3432E5886: start as a follower, conf=-1: [83908b8c-1318-4212-96d2-7cdb43457491|rpc:127.0.0.1:46375|priority:1], old=null
2021-10-13 10:11:28,746 [pool-265-thread-1] INFO  server.RaftServer$Division (RaftServerImpl.java:setRole(285)) - 83908b8c-1318-4212-96d2-7cdb43457491@group-E9F3432E5886: changes role from      null to FOLLOWER at term 0 for startAsFollower
2021-10-13 10:11:28,746 [pool-265-thread-1] INFO  impl.RoleInfo (RoleInfo.java:updateAndGet(130)) - 83908b8c-1318-4212-96d2-7cdb43457491: start 83908b8c-1318-4212-96d2-7cdb43457491@group-E9F3432E5886-FollowerState
2021-10-13 10:11:28,742 [EndpointStateMachine task thread for /127.0.0.1:14257 - 0 ] WARN  statemachine.EndpointStateMachine (EndpointStateMachine.java:logIfNeeded(236)) - Unable to communicate to SCM server at 127.0.0.1:14257 for past 0 seconds.
java.net.SocketTimeoutException: Call From fv-az395-254/10.1.0.44 to localhost:14257 failed on socket timeout exception: java.net.SocketTimeoutException: 5000 millis timeout while waiting for channel to be ready for read. ch : java.nio.channels.SocketChannel[connected local=/127.0.0.1:49078 remote=/127.0.0.1:14257]; For more details see:  http://wiki.apache.org/hadoop/SocketTimeout
	at sun.reflect.GeneratedConstructorAccessor41.newInstance(Unknown Source)
	at sun.reflect.DelegatingConstructorAccessorImpl.newInstance(DelegatingConstructorAccessorImpl.java:45)
	at java.lang.reflect.Constructor.newInstance(Constructor.java:423)
	at org.apache.hadoop.net.NetUtils.wrapWithMessage(NetUtils.java:913)
	at org.apache.hadoop.net.NetUtils.wrapException(NetUtils.java:848)
	at org.apache.hadoop.ipc.Client.getRpcResponse(Client.java:1577)
	at org.apache.hadoop.ipc.Client.call(Client.java:1519)
	at org.apache.hadoop.ipc.Client.call(Client.java:1416)
	at org.apache.hadoop.ipc.ProtobufRpcEngine$Invoker.invoke(ProtobufRpcEngine.java:236)
	at org.apache.hadoop.ipc.ProtobufRpcEngine$Invoker.invoke(ProtobufRpcEngine.java:123)
	at com.sun.proxy.$Proxy48.submitRequest(Unknown Source)
	at org.apache.hadoop.ozone.protocolPB.StorageContainerDatanodeProtocolClientSideTranslatorPB.submitRequest(StorageContainerDatanodeProtocolClientSideTranslatorPB.java:117)
	at org.apache.hadoop.ozone.protocolPB.StorageContainerDatanodeProtocolClientSideTranslatorPB.getVersion(StorageContainerDatanodeProtocolClientSideTranslatorPB.java:133)
	at org.apache.hadoop.ozone.container.common.states.endpoint.VersionEndpointTask.call(VersionEndpointTask.java:71)
	at org.apache.hadoop.ozone.container.common.states.endpoint.VersionEndpointTask.call(VersionEndpointTask.java:42)
	at java.util.concurrent.FutureTask.run(FutureTask.java:266)
	at java.util.concurrent.ThreadPoolExecutor.runWorker(ThreadPoolExecutor.java:1149)
	at java.util.concurrent.ThreadPoolExecutor$Worker.run(ThreadPoolExecutor.java:624)
	at java.lang.Thread.run(Thread.java:748)
Caused by: java.net.SocketTimeoutException: 5000 millis timeout while waiting for channel to be ready for read. ch : java.nio.channels.SocketChannel[connected local=/127.0.0.1:49078 remote=/127.0.0.1:14257]
	at org.apache.hadoop.net.SocketIOWithTimeout.doIO(SocketIOWithTimeout.java:164)
	at org.apache.hadoop.net.SocketInputStream.read(SocketInputStream.java:161)
	at org.apache.hadoop.net.SocketInputStream.read(SocketInputStream.java:131)
	at java.io.FilterInputStream.read(FilterInputStream.java:133)
	at java.io.BufferedInputStream.fill(BufferedInputStream.java:246)
	at java.io.BufferedInputStream.read(BufferedInputStream.java:265)
	at java.io.FilterInputStream.read(FilterInputStream.java:83)
	at java.io.FilterInputStream.read(FilterInputStream.java:83)
	at org.apache.hadoop.ipc.Client$Connection$PingInputStream.read(Client.java:563)
	at java.io.DataInputStream.readInt(DataInputStream.java:387)
	at org.apache.hadoop.ipc.Client$IpcStreams.readResponse(Client.java:1892)
	at org.apache.hadoop.ipc.Client$Connection.receiveRpcResponse(Client.java:1202)
	at org.apache.hadoop.ipc.Client$Connection.run(Client.java:1098)
2021-10-13 10:11:28,746 [f92345f7-de12-4b3d-8fd2-3689378a4141@group-88C8CD7CA178-StateMachineUpdater] INFO  safemode.HealthyPipelineSafeModeRule (HealthyPipelineSafeModeRule.java:initializeRule(152)) - Refreshed total pipeline count is 0, healthy pipeline threshold count is 1
2021-10-13 10:11:28,741 [EndpointStateMachine task thread for /127.0.0.1:14257 - 0 ] WARN  statemachine.EndpointStateMachine (EndpointStateMachine.java:logIfNeeded(236)) - Unable to communicate to SCM server at 127.0.0.1:14257 for past 0 seconds.
java.net.SocketTimeoutException: Call From fv-az395-254/10.1.0.44 to localhost:14257 failed on socket timeout exception: java.net.SocketTimeoutException: 5000 millis timeout while waiting for channel to be ready for read. ch : java.nio.channels.SocketChannel[connected local=/127.0.0.1:49078 remote=/127.0.0.1:14257]; For more details see:  http://wiki.apache.org/hadoop/SocketTimeout
	at sun.reflect.NativeConstructorAccessorImpl.newInstance0(Native Method)
	at sun.reflect.NativeConstructorAccessorImpl.newInstance(NativeConstructorAccessorImpl.java:62)
	at sun.reflect.DelegatingConstructorAccessorImpl.newInstance(DelegatingConstructorAccessorImpl.java:45)
	at java.lang.reflect.Constructor.newInstance(Constructor.java:423)
	at org.apache.hadoop.net.NetUtils.wrapWithMessage(NetUtils.java:913)
	at org.apache.hadoop.net.NetUtils.wrapException(NetUtils.java:848)
	at org.apache.hadoop.ipc.Client.getRpcResponse(Client.java:1577)
	at org.apache.hadoop.ipc.Client.call(Client.java:1519)
	at org.apache.hadoop.ipc.Client.call(Client.java:1416)
	at org.apache.hadoop.ipc.ProtobufRpcEngine$Invoker.invoke(ProtobufRpcEngine.java:236)
	at org.apache.hadoop.ipc.ProtobufRpcEngine$Invoker.invoke(ProtobufRpcEngine.java:123)
	at com.sun.proxy.$Proxy48.submitRequest(Unknown Source)
	at org.apache.hadoop.ozone.protocolPB.StorageContainerDatanodeProtocolClientSideTranslatorPB.submitRequest(StorageContainerDatanodeProtocolClientSideTranslatorPB.java:117)
	at org.apache.hadoop.ozone.protocolPB.StorageContainerDatanodeProtocolClientSideTranslatorPB.getVersion(StorageContainerDatanodeProtocolClientSideTranslatorPB.java:133)
	at org.apache.hadoop.ozone.container.common.states.endpoint.VersionEndpointTask.call(VersionEndpointTask.java:71)
	at org.apache.hadoop.ozone.container.common.states.endpoint.VersionEndpointTask.call(VersionEndpointTask.java:42)
	at java.util.concurrent.FutureTask.run(FutureTask.java:266)
	at java.util.concurrent.ThreadPoolExecutor.runWorker(ThreadPoolExecutor.java:1149)
	at java.util.concurrent.ThreadPoolExecutor$Worker.run(ThreadPoolExecutor.java:624)
	at java.lang.Thread.run(Thread.java:748)
Caused by: java.net.SocketTimeoutException: 5000 millis timeout while waiting for channel to be ready for read. ch : java.nio.channels.SocketChannel[connected local=/127.0.0.1:49078 remote=/127.0.0.1:14257]
	at org.apache.hadoop.net.SocketIOWithTimeout.doIO(SocketIOWithTimeout.java:164)
	at org.apache.hadoop.net.SocketInputStream.read(SocketInputStream.java:161)
	at org.apache.hadoop.net.SocketInputStream.read(SocketInputStream.java:131)
	at java.io.FilterInputStream.read(FilterInputStream.java:133)
	at java.io.BufferedInputStream.fill(BufferedInputStream.java:246)
	at java.io.BufferedInputStream.read(BufferedInputStream.java:265)
	at java.io.FilterInputStream.read(FilterInputStream.java:83)
	at java.io.FilterInputStream.read(FilterInputStream.java:83)
	at org.apache.hadoop.ipc.Client$Connection$PingInputStream.read(Client.java:563)
	at java.io.DataInputStream.readInt(DataInputStream.java:387)
	at org.apache.hadoop.ipc.Client$IpcStreams.readResponse(Client.java:1892)
	at org.apache.hadoop.ipc.Client$Connection.receiveRpcResponse(Client.java:1202)
	at org.apache.hadoop.ipc.Client$Connection.run(Client.java:1098)
2021-10-13 10:11:28,747 [pool-265-thread-1] INFO  util.JmxRegister (JmxRegister.java:tryRegister(44)) - Successfully registered JMX Bean with object name Ratis:service=RaftServer,group=group-E9F3432E5886,id=83908b8c-1318-4212-96d2-7cdb43457491
2021-10-13 10:11:28,747 [Command processor thread] INFO  ratis.XceiverServerRatis (XceiverServerRatis.java:addGroup(768)) - Created group PipelineID=c34cc736-750d-425e-b3fb-e9f3432e5886
2021-10-13 10:11:28,747 [Command processor thread] INFO  commandhandler.CreatePipelineCommandHandler (CreatePipelineCommandHandler.java:handle(106)) - Created Pipeline RATIS ONE PipelineID=c34cc736-750d-425e-b3fb-e9f3432e5886.
2021-10-13 10:11:28,748 [Command processor thread] INFO  server.RaftServer (RaftServerProxy.java:addNew(95)) - 83908b8c-1318-4212-96d2-7cdb43457491: addNew group-D48C150F8724:[83908b8c-1318-4212-96d2-7cdb43457491|rpc:127.0.0.1:46375|priority:0, 83da085b-8d99-4632-b443-c6596217d352|rpc:127.0.0.1:34351|priority:1, a78bc827-a10e-4e71-88ed-094b4b7dc052|rpc:127.0.0.1:44771|priority:0] returns group-D48C150F8724:java.util.concurrent.CompletableFuture@160916df[Not completed]
2021-10-13 10:11:28,759 [pool-265-thread-1] INFO  server.RaftServer$Division (RaftServerImpl.java:<init>(181)) - 83908b8c-1318-4212-96d2-7cdb43457491: new RaftServerImpl for group-D48C150F8724:[83908b8c-1318-4212-96d2-7cdb43457491|rpc:127.0.0.1:46375|priority:0, 83da085b-8d99-4632-b443-c6596217d352|rpc:127.0.0.1:34351|priority:1, a78bc827-a10e-4e71-88ed-094b4b7dc052|rpc:127.0.0.1:44771|priority:0] with ContainerStateMachine:uninitialized
2021-10-13 10:11:28,759 [pool-265-thread-1] INFO  server.RaftServerConfigKeys (ConfUtils.java:logGet(44)) - raft.server.rpc.timeout.min = 5s (custom)
2021-10-13 10:11:28,759 [pool-265-thread-1] INFO  server.RaftServerConfigKeys (ConfUtils.java:logGet(44)) - raft.server.rpc.timeout.max = 5200ms (custom)
2021-10-13 10:11:28,759 [pool-265-thread-1] INFO  server.RaftServerConfigKeys (ConfUtils.java:logGet(44)) - raft.server.rpc.sleep.time = 25ms (default)
2021-10-13 10:11:28,759 [pool-265-thread-1] INFO  server.RaftServerConfigKeys (ConfUtils.java:logGet(44)) - raft.server.rpc.slowness.timeout = 300s (custom)
2021-10-13 10:11:28,760 [pool-265-thread-1] INFO  server.RaftServerConfigKeys (ConfUtils.java:logGet(44)) - raft.server.leaderelection.leader.step-down.wait-time = 10s (default)
2021-10-13 10:11:28,760 [pool-265-thread-1] INFO  server.RaftServerConfigKeys (ConfUtils.java:logGet(44)) - raft.server.sleep.deviation.threshold = 300ms (default)
2021-10-13 10:11:28,760 [pool-265-thread-1] INFO  server.RaftServerConfigKeys (ConfUtils.java:logGet(44)) - raft.server.log.appender.install.snapshot.enabled = false (custom)
2021-10-13 10:11:28,760 [pool-265-thread-1] INFO  server.RaftServer$Division (ServerState.java:<init>(105)) - 83908b8c-1318-4212-96d2-7cdb43457491@group-D48C150F8724: ConfigurationManager, init=-1: [83908b8c-1318-4212-96d2-7cdb43457491|rpc:127.0.0.1:46375|priority:0, 83da085b-8d99-4632-b443-c6596217d352|rpc:127.0.0.1:34351|priority:1, a78bc827-a10e-4e71-88ed-094b4b7dc052|rpc:127.0.0.1:44771|priority:0], old=null, confs=<EMPTY_MAP>
2021-10-13 10:11:28,760 [pool-265-thread-1] INFO  server.RaftServerConfigKeys (ConfUtils.java:logGet(44)) - raft.server.storage.dir = [/home/runner/work/ozone/ozone/hadoop-ozone/integration-test/target/test-dir/MiniOzoneClusterImpl-7a3c196b-86f6-4848-923d-88c8cd7ca178/datanode-0/data/ratis] (custom)
2021-10-13 10:11:28,760 [pool-265-thread-1] INFO  server.RaftServerConfigKeys (ConfUtils.java:logGet(44)) - raft.server.log.corruption.policy = EXCEPTION (default)
2021-10-13 10:11:28,760 [pool-265-thread-1] INFO  server.RaftServerConfigKeys (ConfUtils.java:logGet(44)) - raft.server.storage.free-space.min = 0MB (=0) (default)
2021-10-13 10:11:28,760 [pool-265-thread-1] INFO  storage.RaftStorageDirectory (RaftStorageDirectoryImpl.java:analyzeStorage(135)) - The storage directory /home/runner/work/ozone/ozone/hadoop-ozone/integration-test/target/test-dir/MiniOzoneClusterImpl-7a3c196b-86f6-4848-923d-88c8cd7ca178/datanode-0/data/ratis/539132aa-6a2f-4aed-901d-d48c150f8724 does not exist. Creating ...
2021-10-13 10:11:28,761 [pool-265-thread-1] INFO  storage.RaftStorageDirectory (RaftStorageDirectoryImpl.java:tryLock(230)) - Lock on /home/runner/work/ozone/ozone/hadoop-ozone/integration-test/target/test-dir/MiniOzoneClusterImpl-7a3c196b-86f6-4848-923d-88c8cd7ca178/datanode-0/data/ratis/539132aa-6a2f-4aed-901d-d48c150f8724/in_use.lock acquired by nodename 26829@fv-az395-254
2021-10-13 10:11:28,762 [pool-265-thread-1] INFO  storage.RaftStorage (RaftStorageImpl.java:format(89)) - Storage directory /home/runner/work/ozone/ozone/hadoop-ozone/integration-test/target/test-dir/MiniOzoneClusterImpl-7a3c196b-86f6-4848-923d-88c8cd7ca178/datanode-0/data/ratis/539132aa-6a2f-4aed-901d-d48c150f8724 has been successfully formatted.
2021-10-13 10:11:28,768 [pool-265-thread-1] INFO  ratis.ContainerStateMachine (ContainerStateMachine.java:loadSnapshot(224)) - group-D48C150F8724: The snapshot info is null. Setting the last applied indexto:(t:0, i:~)
2021-10-13 10:11:28,772 [pool-265-thread-1] INFO  server.RaftServerConfigKeys (ConfUtils.java:logGet(44)) - raft.server.notification.no-leader.timeout = 300s (custom)
2021-10-13 10:11:28,772 [pool-265-thread-1] INFO  server.RaftServerConfigKeys (ConfUtils.java:logGet(44)) - raft.server.log.use.memory = false (default)
2021-10-13 10:11:28,772 [pool-265-thread-1] INFO  server.RaftServerConfigKeys (ConfUtils.java:logGet(44)) - raft.server.log.purge.gap = 1000000 (custom)
2021-10-13 10:11:28,772 [pool-265-thread-1] INFO  server.RaftServerConfigKeys (ConfUtils.java:logGet(44)) - raft.server.log.appender.buffer.byte-limit = 33554432 (custom)
2021-10-13 10:11:28,772 [pool-265-thread-1] INFO  server.RaftServerConfigKeys (ConfUtils.java:logGet(44)) - raft.server.log.segment.size.max = 1048576 (custom)
2021-10-13 10:11:28,773 [pool-265-thread-1] INFO  server.RaftServerConfigKeys (ConfUtils.java:logGet(44)) - raft.server.log.segment.cache.num.max = 2 (custom)
2021-10-13 10:11:28,773 [pool-265-thread-1] INFO  server.RaftServerConfigKeys (ConfUtils.java:logGet(44)) - raft.server.log.segment.cache.size.max = 200MB (=209715200) (default)
2021-10-13 10:11:28,773 [pool-265-thread-1] INFO  segmented.SegmentedRaftLogWorker (SegmentedRaftLogWorker.java:<init>(182)) - new 83908b8c-1318-4212-96d2-7cdb43457491@group-D48C150F8724-SegmentedRaftLogWorker for RaftStorageImpl:Storage Directory /home/runner/work/ozone/ozone/hadoop-ozone/integration-test/target/test-dir/MiniOzoneClusterImpl-7a3c196b-86f6-4848-923d-88c8cd7ca178/datanode-0/data/ratis/539132aa-6a2f-4aed-901d-d48c150f8724
2021-10-13 10:11:28,773 [pool-265-thread-1] INFO  server.RaftServerConfigKeys (ConfUtils.java:logGet(44)) - raft.server.log.queue.byte-limit = 2147483647 (custom)
2021-10-13 10:11:28,773 [pool-265-thread-1] INFO  server.RaftServerConfigKeys (ConfUtils.java:logGet(44)) - raft.server.log.queue.element-limit = 1024 (custom)
2021-10-13 10:11:28,773 [pool-265-thread-1] INFO  server.RaftServerConfigKeys (ConfUtils.java:logGet(44)) - raft.server.log.segment.size.max = 1048576 (custom)
2021-10-13 10:11:28,773 [pool-265-thread-1] INFO  server.RaftServerConfigKeys (ConfUtils.java:logGet(44)) - raft.server.log.preallocated.size = 16384 (custom)
2021-10-13 10:11:28,773 [pool-265-thread-1] INFO  server.RaftServerConfigKeys (ConfUtils.java:logGet(44)) - raft.server.log.force.sync.num = 128 (default)
2021-10-13 10:11:28,773 [pool-265-thread-1] INFO  server.RaftServerConfigKeys (ConfUtils.java:logGet(44)) - raft.server.log.statemachine.data.sync = true (default)
2021-10-13 10:11:28,773 [pool-265-thread-1] INFO  server.RaftServerConfigKeys (ConfUtils.java:logGet(44)) - raft.server.log.statemachine.data.sync.timeout = 10s (default)
2021-10-13 10:11:28,773 [pool-265-thread-1] INFO  server.RaftServerConfigKeys (ConfUtils.java:logGet(44)) - raft.server.log.statemachine.data.sync.timeout.retry = -1 (default)
2021-10-13 10:11:28,774 [pool-265-thread-1] INFO  server.RaftServerConfigKeys (ConfUtils.java:logGet(44)) - raft.server.log.write.buffer.size = 1048576 (custom)
2021-10-13 10:11:28,775 [pool-265-thread-1] INFO  server.RaftServerConfigKeys (ConfUtils.java:logGet(44)) - raft.server.log.statemachine.data.caching.enabled = true (custom)
2021-10-13 10:11:28,775 [pool-265-thread-1] INFO  segmented.SegmentedRaftLogWorker (SegmentedRaftLogWorker.java:lambda$new$0(133)) - 83908b8c-1318-4212-96d2-7cdb43457491@group-D48C150F8724-SegmentedRaftLogWorker: flushIndex: setUnconditionally 0 -> -1
2021-10-13 10:11:28,775 [pool-265-thread-1] INFO  segmented.SegmentedRaftLogWorker (SegmentedRaftLogWorker.java:lambda$new$0(133)) - 83908b8c-1318-4212-96d2-7cdb43457491@group-D48C150F8724-SegmentedRaftLogWorker: safeCacheEvictIndex: setUnconditionally 0 -> -1
2021-10-13 10:11:28,782 [pool-265-thread-1] INFO  server.RaftServerConfigKeys (ConfUtils.java:logGet(44)) - raft.server.snapshot.auto.trigger.enabled = true (custom)
2021-10-13 10:11:28,782 [pool-265-thread-1] INFO  server.RaftServerConfigKeys (ConfUtils.java:logGet(44)) - raft.server.snapshot.auto.trigger.threshold = 10000 (custom)
2021-10-13 10:11:28,782 [pool-265-thread-1] INFO  server.RaftServerConfigKeys (ConfUtils.java:logGet(44)) - raft.server.snapshot.retention.file.num = 5 (custom)
2021-10-13 10:11:28,782 [pool-265-thread-1] INFO  server.RaftServerConfigKeys (ConfUtils.java:logGet(44)) - raft.server.log.purge.upto.snapshot.index = false (default)
2021-10-13 10:11:28,782 [pool-265-thread-1] INFO  server.RaftServerConfigKeys (ConfUtils.java:logGet(44)) - raft.server.retrycache.expirytime = 600000ms (custom)
2021-10-13 10:11:28,782 [pool-265-thread-1] INFO  server.RaftServerConfigKeys (ConfUtils.java:logGet(44)) - raft.server.retrycache.statistics.expirytime = 100μs (default)
2021-10-13 10:11:28,783 [pool-265-thread-1] INFO  server.RaftServer$Division (RaftServerImpl.java:start(296)) - 83908b8c-1318-4212-96d2-7cdb43457491@group-D48C150F8724: start as a follower, conf=-1: [83908b8c-1318-4212-96d2-7cdb43457491|rpc:127.0.0.1:46375|priority:0, 83da085b-8d99-4632-b443-c6596217d352|rpc:127.0.0.1:34351|priority:1, a78bc827-a10e-4e71-88ed-094b4b7dc052|rpc:127.0.0.1:44771|priority:0], old=null
2021-10-13 10:11:28,788 [pool-265-thread-1] INFO  server.RaftServer$Division (RaftServerImpl.java:setRole(285)) - 83908b8c-1318-4212-96d2-7cdb43457491@group-D48C150F8724: changes role from      null to FOLLOWER at term 0 for startAsFollower
2021-10-13 10:11:28,788 [pool-265-thread-1] INFO  impl.RoleInfo (RoleInfo.java:updateAndGet(130)) - 83908b8c-1318-4212-96d2-7cdb43457491: start 83908b8c-1318-4212-96d2-7cdb43457491@group-D48C150F8724-FollowerState
2021-10-13 10:11:28,789 [pool-265-thread-1] INFO  util.JmxRegister (JmxRegister.java:tryRegister(44)) - Successfully registered JMX Bean with object name Ratis:service=RaftServer,group=group-D48C150F8724,id=83908b8c-1318-4212-96d2-7cdb43457491
2021-10-13 10:11:28,790 [Command processor thread] INFO  ratis.XceiverServerRatis (XceiverServerRatis.java:addGroup(768)) - Created group PipelineID=539132aa-6a2f-4aed-901d-d48c150f8724
2021-10-13 10:11:28,788 [EventQueue-OpenPipelineForHealthyPipelineSafeModeRule] INFO  safemode.SCMSafeModeManager (HealthyPipelineSafeModeRule.java:process(124)) - SCM in safe mode. Healthy pipelines reported count is 0, required healthy pipeline reported count is 1
2021-10-13 10:11:28,792 [EventQueue-OpenPipelineForHealthyPipelineSafeModeRule] INFO  safemode.SCMSafeModeManager (HealthyPipelineSafeModeRule.java:process(124)) - SCM in safe mode. Healthy pipelines reported count is 0, required healthy pipeline reported count is 1
2021-10-13 10:11:28,802 [EventQueue-PipelineReportForPipelineReportHandler] INFO  ha.SCMHAInvocationHandler (SCMHAInvocationHandler.java:invokeRatis(113)) - Invoking method public abstract void org.apache.hadoop.hdds.scm.pipeline.PipelineStateManager.updatePipelineState(org.apache.hadoop.hdds.protocol.proto.HddsProtos$PipelineID,org.apache.hadoop.hdds.protocol.proto.HddsProtos$PipelineState) throws java.io.IOException on target org.apache.hadoop.hdds.scm.ha.SCMRatisServerImpl@18f5cb1a, cost 71747.052us
2021-10-13 10:11:28,806 [grpc-default-executor-2] INFO  server.RaftServer (RaftServerProxy.java:addNew(95)) - 83da085b-8d99-4632-b443-c6596217d352: addNew group-D48C150F8724:[83908b8c-1318-4212-96d2-7cdb43457491|rpc:127.0.0.1:46375|dataStream:|priority:0, 83da085b-8d99-4632-b443-c6596217d352|rpc:127.0.0.1:34351|dataStream:|priority:1, a78bc827-a10e-4e71-88ed-094b4b7dc052|rpc:127.0.0.1:44771|dataStream:|priority:0] returns group-D48C150F8724:java.util.concurrent.CompletableFuture@42475398[Not completed]
2021-10-13 10:11:28,816 [EventQueue-OpenPipelineForHealthyPipelineSafeModeRule] INFO  safemode.SCMSafeModeManager (HealthyPipelineSafeModeRule.java:process(124)) - SCM in safe mode. Healthy pipelines reported count is 0, required healthy pipeline reported count is 1
2021-10-13 10:11:28,817 [pool-286-thread-1] INFO  server.RaftServer$Division (RaftServerImpl.java:<init>(181)) - 83da085b-8d99-4632-b443-c6596217d352: new RaftServerImpl for group-D48C150F8724:[83908b8c-1318-4212-96d2-7cdb43457491|rpc:127.0.0.1:46375|dataStream:|priority:0, 83da085b-8d99-4632-b443-c6596217d352|rpc:127.0.0.1:34351|dataStream:|priority:1, a78bc827-a10e-4e71-88ed-094b4b7dc052|rpc:127.0.0.1:44771|dataStream:|priority:0] with ContainerStateMachine:uninitialized
2021-10-13 10:11:28,823 [pool-286-thread-1] INFO  server.RaftServerConfigKeys (ConfUtils.java:logGet(44)) - raft.server.rpc.timeout.min = 5s (custom)
2021-10-13 10:11:28,823 [pool-286-thread-1] INFO  server.RaftServerConfigKeys (ConfUtils.java:logGet(44)) - raft.server.rpc.timeout.max = 5200ms (custom)
2021-10-13 10:11:28,823 [pool-286-thread-1] INFO  server.RaftServerConfigKeys (ConfUtils.java:logGet(44)) - raft.server.rpc.sleep.time = 25ms (default)
2021-10-13 10:11:28,823 [pool-286-thread-1] INFO  server.RaftServerConfigKeys (ConfUtils.java:logGet(44)) - raft.server.rpc.slowness.timeout = 300s (custom)
2021-10-13 10:11:28,823 [pool-286-thread-1] INFO  server.RaftServerConfigKeys (ConfUtils.java:logGet(44)) - raft.server.leaderelection.leader.step-down.wait-time = 10s (default)
2021-10-13 10:11:28,823 [pool-286-thread-1] INFO  server.RaftServerConfigKeys (ConfUtils.java:logGet(44)) - raft.server.sleep.deviation.threshold = 300ms (default)
2021-10-13 10:11:28,823 [pool-286-thread-1] INFO  server.RaftServerConfigKeys (ConfUtils.java:logGet(44)) - raft.server.log.appender.install.snapshot.enabled = false (custom)
2021-10-13 10:11:28,823 [pool-286-thread-1] INFO  server.RaftServer$Division (ServerState.java:<init>(105)) - 83da085b-8d99-4632-b443-c6596217d352@group-D48C150F8724: ConfigurationManager, init=-1: [83908b8c-1318-4212-96d2-7cdb43457491|rpc:127.0.0.1:46375|dataStream:|priority:0, 83da085b-8d99-4632-b443-c6596217d352|rpc:127.0.0.1:34351|dataStream:|priority:1, a78bc827-a10e-4e71-88ed-094b4b7dc052|rpc:127.0.0.1:44771|dataStream:|priority:0], old=null, confs=<EMPTY_MAP>
2021-10-13 10:11:28,823 [pool-286-thread-1] INFO  server.RaftServerConfigKeys (ConfUtils.java:logGet(44)) - raft.server.storage.dir = [/home/runner/work/ozone/ozone/hadoop-ozone/integration-test/target/test-dir/MiniOzoneClusterImpl-7a3c196b-86f6-4848-923d-88c8cd7ca178/datanode-1/data/ratis] (custom)
2021-10-13 10:11:28,823 [pool-286-thread-1] INFO  server.RaftServerConfigKeys (ConfUtils.java:logGet(44)) - raft.server.log.corruption.policy = EXCEPTION (default)
2021-10-13 10:11:28,824 [pool-286-thread-1] INFO  server.RaftServerConfigKeys (ConfUtils.java:logGet(44)) - raft.server.storage.free-space.min = 0MB (=0) (default)
2021-10-13 10:11:28,824 [pool-286-thread-1] INFO  storage.RaftStorageDirectory (RaftStorageDirectoryImpl.java:analyzeStorage(135)) - The storage directory /home/runner/work/ozone/ozone/hadoop-ozone/integration-test/target/test-dir/MiniOzoneClusterImpl-7a3c196b-86f6-4848-923d-88c8cd7ca178/datanode-1/data/ratis/539132aa-6a2f-4aed-901d-d48c150f8724 does not exist. Creating ...
2021-10-13 10:11:28,825 [pool-286-thread-1] INFO  storage.RaftStorageDirectory (RaftStorageDirectoryImpl.java:tryLock(230)) - Lock on /home/runner/work/ozone/ozone/hadoop-ozone/integration-test/target/test-dir/MiniOzoneClusterImpl-7a3c196b-86f6-4848-923d-88c8cd7ca178/datanode-1/data/ratis/539132aa-6a2f-4aed-901d-d48c150f8724/in_use.lock acquired by nodename 26829@fv-az395-254
2021-10-13 10:11:28,826 [pool-286-thread-1] INFO  storage.RaftStorage (RaftStorageImpl.java:format(89)) - Storage directory /home/runner/work/ozone/ozone/hadoop-ozone/integration-test/target/test-dir/MiniOzoneClusterImpl-7a3c196b-86f6-4848-923d-88c8cd7ca178/datanode-1/data/ratis/539132aa-6a2f-4aed-901d-d48c150f8724 has been successfully formatted.
2021-10-13 10:11:28,831 [pool-286-thread-1] INFO  ratis.ContainerStateMachine (ContainerStateMachine.java:loadSnapshot(224)) - group-D48C150F8724: The snapshot info is null. Setting the last applied indexto:(t:0, i:~)
2021-10-13 10:11:28,831 [pool-286-thread-1] INFO  server.RaftServerConfigKeys (ConfUtils.java:logGet(44)) - raft.server.notification.no-leader.timeout = 300s (custom)
2021-10-13 10:11:28,831 [pool-286-thread-1] INFO  server.RaftServerConfigKeys (ConfUtils.java:logGet(44)) - raft.server.log.use.memory = false (default)
2021-10-13 10:11:28,831 [pool-286-thread-1] INFO  server.RaftServerConfigKeys (ConfUtils.java:logGet(44)) - raft.server.log.purge.gap = 1000000 (custom)
2021-10-13 10:11:28,831 [pool-286-thread-1] INFO  server.RaftServerConfigKeys (ConfUtils.java:logGet(44)) - raft.server.log.appender.buffer.byte-limit = 33554432 (custom)
2021-10-13 10:11:28,832 [pool-286-thread-1] INFO  server.RaftServerConfigKeys (ConfUtils.java:logGet(44)) - raft.server.log.segment.size.max = 1048576 (custom)
2021-10-13 10:11:28,832 [pool-286-thread-1] INFO  server.RaftServerConfigKeys (ConfUtils.java:logGet(44)) - raft.server.log.segment.cache.num.max = 2 (custom)
2021-10-13 10:11:28,832 [pool-286-thread-1] INFO  server.RaftServerConfigKeys (ConfUtils.java:logGet(44)) - raft.server.log.segment.cache.size.max = 200MB (=209715200) (default)
2021-10-13 10:11:28,832 [pool-286-thread-1] INFO  segmented.SegmentedRaftLogWorker (SegmentedRaftLogWorker.java:<init>(182)) - new 83da085b-8d99-4632-b443-c6596217d352@group-D48C150F8724-SegmentedRaftLogWorker for RaftStorageImpl:Storage Directory /home/runner/work/ozone/ozone/hadoop-ozone/integration-test/target/test-dir/MiniOzoneClusterImpl-7a3c196b-86f6-4848-923d-88c8cd7ca178/datanode-1/data/ratis/539132aa-6a2f-4aed-901d-d48c150f8724
2021-10-13 10:11:28,832 [pool-286-thread-1] INFO  server.RaftServerConfigKeys (ConfUtils.java:logGet(44)) - raft.server.log.queue.byte-limit = 2147483647 (custom)
2021-10-13 10:11:28,832 [pool-286-thread-1] INFO  server.RaftServerConfigKeys (ConfUtils.java:logGet(44)) - raft.server.log.queue.element-limit = 1024 (custom)
2021-10-13 10:11:28,832 [pool-286-thread-1] INFO  server.RaftServerConfigKeys (ConfUtils.java:logGet(44)) - raft.server.log.segment.size.max = 1048576 (custom)
2021-10-13 10:11:28,832 [pool-286-thread-1] INFO  server.RaftServerConfigKeys (ConfUtils.java:logGet(44)) - raft.server.log.preallocated.size = 16384 (custom)
2021-10-13 10:11:28,833 [pool-286-thread-1] INFO  server.RaftServerConfigKeys (ConfUtils.java:logGet(44)) - raft.server.log.force.sync.num = 128 (default)
2021-10-13 10:11:28,833 [pool-286-thread-1] INFO  server.RaftServerConfigKeys (ConfUtils.java:logGet(44)) - raft.server.log.statemachine.data.sync = true (default)
2021-10-13 10:11:28,833 [pool-286-thread-1] INFO  server.RaftServerConfigKeys (ConfUtils.java:logGet(44)) - raft.server.log.statemachine.data.sync.timeout = 10s (default)
2021-10-13 10:11:28,833 [pool-286-thread-1] INFO  server.RaftServerConfigKeys (ConfUtils.java:logGet(44)) - raft.server.log.statemachine.data.sync.timeout.retry = -1 (default)
2021-10-13 10:11:28,834 [pool-286-thread-1] INFO  server.RaftServerConfigKeys (ConfUtils.java:logGet(44)) - raft.server.log.write.buffer.size = 1048576 (custom)
2021-10-13 10:11:28,834 [pool-286-thread-1] INFO  server.RaftServerConfigKeys (ConfUtils.java:logGet(44)) - raft.server.log.statemachine.data.caching.enabled = true (custom)
2021-10-13 10:11:28,834 [pool-286-thread-1] INFO  segmented.SegmentedRaftLogWorker (SegmentedRaftLogWorker.java:lambda$new$0(133)) - 83da085b-8d99-4632-b443-c6596217d352@group-D48C150F8724-SegmentedRaftLogWorker: flushIndex: setUnconditionally 0 -> -1
2021-10-13 10:11:28,834 [pool-286-thread-1] INFO  segmented.SegmentedRaftLogWorker (SegmentedRaftLogWorker.java:lambda$new$0(133)) - 83da085b-8d99-4632-b443-c6596217d352@group-D48C150F8724-SegmentedRaftLogWorker: safeCacheEvictIndex: setUnconditionally 0 -> -1
2021-10-13 10:11:28,840 [pool-286-thread-1] INFO  server.RaftServerConfigKeys (ConfUtils.java:logGet(44)) - raft.server.snapshot.auto.trigger.enabled = true (custom)
2021-10-13 10:11:28,840 [pool-286-thread-1] INFO  server.RaftServerConfigKeys (ConfUtils.java:logGet(44)) - raft.server.snapshot.auto.trigger.threshold = 10000 (custom)
2021-10-13 10:11:28,840 [pool-286-thread-1] INFO  server.RaftServerConfigKeys (ConfUtils.java:logGet(44)) - raft.server.snapshot.retention.file.num = 5 (custom)
2021-10-13 10:11:28,840 [pool-286-thread-1] INFO  server.RaftServerConfigKeys (ConfUtils.java:logGet(44)) - raft.server.log.purge.upto.snapshot.index = false (default)
2021-10-13 10:11:28,840 [pool-286-thread-1] INFO  server.RaftServerConfigKeys (ConfUtils.java:logGet(44)) - raft.server.retrycache.expirytime = 600000ms (custom)
2021-10-13 10:11:28,840 [pool-286-thread-1] INFO  server.RaftServerConfigKeys (ConfUtils.java:logGet(44)) - raft.server.retrycache.statistics.expirytime = 100μs (default)
2021-10-13 10:11:28,842 [pool-286-thread-1] INFO  server.RaftServer$Division (RaftServerImpl.java:start(296)) - 83da085b-8d99-4632-b443-c6596217d352@group-D48C150F8724: start as a follower, conf=-1: [83908b8c-1318-4212-96d2-7cdb43457491|rpc:127.0.0.1:46375|dataStream:|priority:0, 83da085b-8d99-4632-b443-c6596217d352|rpc:127.0.0.1:34351|dataStream:|priority:1, a78bc827-a10e-4e71-88ed-094b4b7dc052|rpc:127.0.0.1:44771|dataStream:|priority:0], old=null
2021-10-13 10:11:28,842 [pool-286-thread-1] INFO  server.RaftServer$Division (RaftServerImpl.java:setRole(285)) - 83da085b-8d99-4632-b443-c6596217d352@group-D48C150F8724: changes role from      null to FOLLOWER at term 0 for startAsFollower
2021-10-13 10:11:28,842 [pool-286-thread-1] INFO  impl.RoleInfo (RoleInfo.java:updateAndGet(130)) - 83da085b-8d99-4632-b443-c6596217d352: start 83da085b-8d99-4632-b443-c6596217d352@group-D48C150F8724-FollowerState
2021-10-13 10:11:28,848 [pool-286-thread-1] INFO  util.JmxRegister (JmxRegister.java:tryRegister(44)) - Successfully registered JMX Bean with object name Ratis:service=RaftServer,group=group-D48C150F8724,id=83da085b-8d99-4632-b443-c6596217d352
2021-10-13 10:11:28,905 [grpc-default-executor-2] INFO  server.RaftServer (RaftServerProxy.java:addNew(95)) - a78bc827-a10e-4e71-88ed-094b4b7dc052: addNew group-D48C150F8724:[83908b8c-1318-4212-96d2-7cdb43457491|rpc:127.0.0.1:46375|dataStream:|priority:0, 83da085b-8d99-4632-b443-c6596217d352|rpc:127.0.0.1:34351|dataStream:|priority:1, a78bc827-a10e-4e71-88ed-094b4b7dc052|rpc:127.0.0.1:44771|dataStream:|priority:0] returns group-D48C150F8724:java.util.concurrent.CompletableFuture@67853c1e[Not completed]
2021-10-13 10:11:28,913 [pool-307-thread-1] INFO  server.RaftServer$Division (RaftServerImpl.java:<init>(181)) - a78bc827-a10e-4e71-88ed-094b4b7dc052: new RaftServerImpl for group-D48C150F8724:[83908b8c-1318-4212-96d2-7cdb43457491|rpc:127.0.0.1:46375|dataStream:|priority:0, 83da085b-8d99-4632-b443-c6596217d352|rpc:127.0.0.1:34351|dataStream:|priority:1, a78bc827-a10e-4e71-88ed-094b4b7dc052|rpc:127.0.0.1:44771|dataStream:|priority:0] with ContainerStateMachine:uninitialized
2021-10-13 10:11:28,913 [pool-307-thread-1] INFO  server.RaftServerConfigKeys (ConfUtils.java:logGet(44)) - raft.server.rpc.timeout.min = 5s (custom)
2021-10-13 10:11:28,913 [pool-307-thread-1] INFO  server.RaftServerConfigKeys (ConfUtils.java:logGet(44)) - raft.server.rpc.timeout.max = 5200ms (custom)
2021-10-13 10:11:28,913 [pool-307-thread-1] INFO  server.RaftServerConfigKeys (ConfUtils.java:logGet(44)) - raft.server.rpc.sleep.time = 25ms (default)
2021-10-13 10:11:28,913 [pool-307-thread-1] INFO  server.RaftServerConfigKeys (ConfUtils.java:logGet(44)) - raft.server.rpc.slowness.timeout = 300s (custom)
2021-10-13 10:11:28,913 [pool-307-thread-1] INFO  server.RaftServerConfigKeys (ConfUtils.java:logGet(44)) - raft.server.leaderelection.leader.step-down.wait-time = 10s (default)
2021-10-13 10:11:28,913 [pool-307-thread-1] INFO  server.RaftServerConfigKeys (ConfUtils.java:logGet(44)) - raft.server.sleep.deviation.threshold = 300ms (default)
2021-10-13 10:11:28,913 [pool-307-thread-1] INFO  server.RaftServerConfigKeys (ConfUtils.java:logGet(44)) - raft.server.log.appender.install.snapshot.enabled = false (custom)
2021-10-13 10:11:28,913 [pool-307-thread-1] INFO  server.RaftServer$Division (ServerState.java:<init>(105)) - a78bc827-a10e-4e71-88ed-094b4b7dc052@group-D48C150F8724: ConfigurationManager, init=-1: [83908b8c-1318-4212-96d2-7cdb43457491|rpc:127.0.0.1:46375|dataStream:|priority:0, 83da085b-8d99-4632-b443-c6596217d352|rpc:127.0.0.1:34351|dataStream:|priority:1, a78bc827-a10e-4e71-88ed-094b4b7dc052|rpc:127.0.0.1:44771|dataStream:|priority:0], old=null, confs=<EMPTY_MAP>
2021-10-13 10:11:28,913 [pool-307-thread-1] INFO  server.RaftServerConfigKeys (ConfUtils.java:logGet(44)) - raft.server.storage.dir = [/home/runner/work/ozone/ozone/hadoop-ozone/integration-test/target/test-dir/MiniOzoneClusterImpl-7a3c196b-86f6-4848-923d-88c8cd7ca178/datanode-2/data/ratis] (custom)
2021-10-13 10:11:28,913 [pool-307-thread-1] INFO  server.RaftServerConfigKeys (ConfUtils.java:logGet(44)) - raft.server.log.corruption.policy = EXCEPTION (default)
2021-10-13 10:11:28,914 [pool-307-thread-1] INFO  server.RaftServerConfigKeys (ConfUtils.java:logGet(44)) - raft.server.storage.free-space.min = 0MB (=0) (default)
2021-10-13 10:11:28,914 [pool-307-thread-1] INFO  storage.RaftStorageDirectory (RaftStorageDirectoryImpl.java:analyzeStorage(135)) - The storage directory /home/runner/work/ozone/ozone/hadoop-ozone/integration-test/target/test-dir/MiniOzoneClusterImpl-7a3c196b-86f6-4848-923d-88c8cd7ca178/datanode-2/data/ratis/539132aa-6a2f-4aed-901d-d48c150f8724 does not exist. Creating ...
2021-10-13 10:11:28,916 [pool-307-thread-1] INFO  storage.RaftStorageDirectory (RaftStorageDirectoryImpl.java:tryLock(230)) - Lock on /home/runner/work/ozone/ozone/hadoop-ozone/integration-test/target/test-dir/MiniOzoneClusterImpl-7a3c196b-86f6-4848-923d-88c8cd7ca178/datanode-2/data/ratis/539132aa-6a2f-4aed-901d-d48c150f8724/in_use.lock acquired by nodename 26829@fv-az395-254
2021-10-13 10:11:28,920 [pool-307-thread-1] INFO  storage.RaftStorage (RaftStorageImpl.java:format(89)) - Storage directory /home/runner/work/ozone/ozone/hadoop-ozone/integration-test/target/test-dir/MiniOzoneClusterImpl-7a3c196b-86f6-4848-923d-88c8cd7ca178/datanode-2/data/ratis/539132aa-6a2f-4aed-901d-d48c150f8724 has been successfully formatted.
2021-10-13 10:11:28,921 [pool-307-thread-1] INFO  ratis.ContainerStateMachine (ContainerStateMachine.java:loadSnapshot(224)) - group-D48C150F8724: The snapshot info is null. Setting the last applied indexto:(t:0, i:~)
2021-10-13 10:11:28,932 [pool-307-thread-1] INFO  server.RaftServerConfigKeys (ConfUtils.java:logGet(44)) - raft.server.notification.no-leader.timeout = 300s (custom)
2021-10-13 10:11:28,934 [pool-307-thread-1] INFO  server.RaftServerConfigKeys (ConfUtils.java:logGet(44)) - raft.server.log.use.memory = false (default)
2021-10-13 10:11:28,934 [pool-307-thread-1] INFO  server.RaftServerConfigKeys (ConfUtils.java:logGet(44)) - raft.server.log.purge.gap = 1000000 (custom)
2021-10-13 10:11:28,934 [pool-307-thread-1] INFO  server.RaftServerConfigKeys (ConfUtils.java:logGet(44)) - raft.server.log.appender.buffer.byte-limit = 33554432 (custom)
2021-10-13 10:11:28,935 [pool-307-thread-1] INFO  server.RaftServerConfigKeys (ConfUtils.java:logGet(44)) - raft.server.log.segment.size.max = 1048576 (custom)
2021-10-13 10:11:28,935 [pool-307-thread-1] INFO  server.RaftServerConfigKeys (ConfUtils.java:logGet(44)) - raft.server.log.segment.cache.num.max = 2 (custom)
2021-10-13 10:11:28,935 [pool-307-thread-1] INFO  server.RaftServerConfigKeys (ConfUtils.java:logGet(44)) - raft.server.log.segment.cache.size.max = 200MB (=209715200) (default)
2021-10-13 10:11:28,935 [pool-307-thread-1] INFO  segmented.SegmentedRaftLogWorker (SegmentedRaftLogWorker.java:<init>(182)) - new a78bc827-a10e-4e71-88ed-094b4b7dc052@group-D48C150F8724-SegmentedRaftLogWorker for RaftStorageImpl:Storage Directory /home/runner/work/ozone/ozone/hadoop-ozone/integration-test/target/test-dir/MiniOzoneClusterImpl-7a3c196b-86f6-4848-923d-88c8cd7ca178/datanode-2/data/ratis/539132aa-6a2f-4aed-901d-d48c150f8724
2021-10-13 10:11:28,935 [pool-307-thread-1] INFO  server.RaftServerConfigKeys (ConfUtils.java:logGet(44)) - raft.server.log.queue.byte-limit = 2147483647 (custom)
2021-10-13 10:11:28,935 [pool-307-thread-1] INFO  server.RaftServerConfigKeys (ConfUtils.java:logGet(44)) - raft.server.log.queue.element-limit = 1024 (custom)
2021-10-13 10:11:28,936 [pool-307-thread-1] INFO  server.RaftServerConfigKeys (ConfUtils.java:logGet(44)) - raft.server.log.segment.size.max = 1048576 (custom)
2021-10-13 10:11:28,936 [pool-307-thread-1] INFO  server.RaftServerConfigKeys (ConfUtils.java:logGet(44)) - raft.server.log.preallocated.size = 16384 (custom)
2021-10-13 10:11:28,936 [pool-307-thread-1] INFO  server.RaftServerConfigKeys (ConfUtils.java:logGet(44)) - raft.server.log.force.sync.num = 128 (default)
2021-10-13 10:11:28,936 [pool-307-thread-1] INFO  server.RaftServerConfigKeys (ConfUtils.java:logGet(44)) - raft.server.log.statemachine.data.sync = true (default)
2021-10-13 10:11:28,936 [pool-307-thread-1] INFO  server.RaftServerConfigKeys (ConfUtils.java:logGet(44)) - raft.server.log.statemachine.data.sync.timeout = 10s (default)
2021-10-13 10:11:28,936 [pool-307-thread-1] INFO  server.RaftServerConfigKeys (ConfUtils.java:logGet(44)) - raft.server.log.statemachine.data.sync.timeout.retry = -1 (default)
2021-10-13 10:11:28,937 [pool-307-thread-1] INFO  server.RaftServerConfigKeys (ConfUtils.java:logGet(44)) - raft.server.log.write.buffer.size = 1048576 (custom)
2021-10-13 10:11:28,950 [pool-307-thread-1] INFO  server.RaftServerConfigKeys (ConfUtils.java:logGet(44)) - raft.server.log.statemachine.data.caching.enabled = true (custom)
2021-10-13 10:11:28,950 [pool-307-thread-1] INFO  segmented.SegmentedRaftLogWorker (SegmentedRaftLogWorker.java:lambda$new$0(133)) - a78bc827-a10e-4e71-88ed-094b4b7dc052@group-D48C150F8724-SegmentedRaftLogWorker: flushIndex: setUnconditionally 0 -> -1
2021-10-13 10:11:28,950 [pool-307-thread-1] INFO  segmented.SegmentedRaftLogWorker (SegmentedRaftLogWorker.java:lambda$new$0(133)) - a78bc827-a10e-4e71-88ed-094b4b7dc052@group-D48C150F8724-SegmentedRaftLogWorker: safeCacheEvictIndex: setUnconditionally 0 -> -1
2021-10-13 10:11:28,960 [pool-307-thread-1] INFO  server.RaftServerConfigKeys (ConfUtils.java:logGet(44)) - raft.server.snapshot.auto.trigger.enabled = true (custom)
2021-10-13 10:11:28,960 [pool-307-thread-1] INFO  server.RaftServerConfigKeys (ConfUtils.java:logGet(44)) - raft.server.snapshot.auto.trigger.threshold = 10000 (custom)
2021-10-13 10:11:28,960 [pool-307-thread-1] INFO  server.RaftServerConfigKeys (ConfUtils.java:logGet(44)) - raft.server.snapshot.retention.file.num = 5 (custom)
2021-10-13 10:11:28,960 [pool-307-thread-1] INFO  server.RaftServerConfigKeys (ConfUtils.java:logGet(44)) - raft.server.log.purge.upto.snapshot.index = false (default)
2021-10-13 10:11:28,960 [pool-307-thread-1] INFO  server.RaftServerConfigKeys (ConfUtils.java:logGet(44)) - raft.server.retrycache.expirytime = 600000ms (custom)
2021-10-13 10:11:28,960 [pool-307-thread-1] INFO  server.RaftServerConfigKeys (ConfUtils.java:logGet(44)) - raft.server.retrycache.statistics.expirytime = 100μs (default)
2021-10-13 10:11:28,961 [Listener at 127.0.0.1/11284] INFO  ozone.MiniOzoneClusterImpl (MiniOzoneClusterImpl.java:lambda$waitForClusterToBeReady$0(235)) - Nodes are ready. Got 3 of 3 DN Heartbeats.
2021-10-13 10:11:28,961 [Listener at 127.0.0.1/11284] INFO  ozone.MiniOzoneClusterImpl (MiniOzoneClusterImpl.java:lambda$waitForClusterToBeReady$0(238)) - Waiting for cluster to exit safe mode
2021-10-13 10:11:28,961 [Listener at 127.0.0.1/11284] INFO  ozone.MiniOzoneClusterImpl (MiniOzoneClusterImpl.java:lambda$waitForClusterToBeReady$0(240)) - SCM became leader
2021-10-13 10:11:28,962 [pool-307-thread-1] INFO  server.RaftServer$Division (RaftServerImpl.java:start(296)) - a78bc827-a10e-4e71-88ed-094b4b7dc052@group-D48C150F8724: start as a follower, conf=-1: [83908b8c-1318-4212-96d2-7cdb43457491|rpc:127.0.0.1:46375|dataStream:|priority:0, 83da085b-8d99-4632-b443-c6596217d352|rpc:127.0.0.1:34351|dataStream:|priority:1, a78bc827-a10e-4e71-88ed-094b4b7dc052|rpc:127.0.0.1:44771|dataStream:|priority:0], old=null
2021-10-13 10:11:28,964 [pool-307-thread-1] INFO  server.RaftServer$Division (RaftServerImpl.java:setRole(285)) - a78bc827-a10e-4e71-88ed-094b4b7dc052@group-D48C150F8724: changes role from      null to FOLLOWER at term 0 for startAsFollower
2021-10-13 10:11:28,964 [pool-307-thread-1] INFO  impl.RoleInfo (RoleInfo.java:updateAndGet(130)) - a78bc827-a10e-4e71-88ed-094b4b7dc052: start a78bc827-a10e-4e71-88ed-094b4b7dc052@group-D48C150F8724-FollowerState
2021-10-13 10:11:28,968 [pool-307-thread-1] INFO  util.JmxRegister (JmxRegister.java:tryRegister(44)) - Successfully registered JMX Bean with object name Ratis:service=RaftServer,group=group-D48C150F8724,id=a78bc827-a10e-4e71-88ed-094b4b7dc052
2021-10-13 10:11:28,998 [Command processor thread] INFO  commandhandler.CreatePipelineCommandHandler (CreatePipelineCommandHandler.java:handle(106)) - Created Pipeline RATIS THREE PipelineID=539132aa-6a2f-4aed-901d-d48c150f8724.
2021-10-13 10:11:28,999 [Command processor thread] INFO  server.RaftServer (RaftServerProxy.java:addNew(95)) - 83908b8c-1318-4212-96d2-7cdb43457491: addNew group-CFD79ED7D8C4:[83908b8c-1318-4212-96d2-7cdb43457491|rpc:127.0.0.1:46375|priority:0, 83da085b-8d99-4632-b443-c6596217d352|rpc:127.0.0.1:34351|priority:0, a78bc827-a10e-4e71-88ed-094b4b7dc052|rpc:127.0.0.1:44771|priority:1] returns group-CFD79ED7D8C4:java.util.concurrent.CompletableFuture@103c84a8[Not completed]
2021-10-13 10:11:29,000 [pool-265-thread-1] INFO  server.RaftServer$Division (RaftServerImpl.java:<init>(181)) - 83908b8c-1318-4212-96d2-7cdb43457491: new RaftServerImpl for group-CFD79ED7D8C4:[83908b8c-1318-4212-96d2-7cdb43457491|rpc:127.0.0.1:46375|priority:0, 83da085b-8d99-4632-b443-c6596217d352|rpc:127.0.0.1:34351|priority:0, a78bc827-a10e-4e71-88ed-094b4b7dc052|rpc:127.0.0.1:44771|priority:1] with ContainerStateMachine:uninitialized
2021-10-13 10:11:29,000 [pool-265-thread-1] INFO  server.RaftServerConfigKeys (ConfUtils.java:logGet(44)) - raft.server.rpc.timeout.min = 5s (custom)
2021-10-13 10:11:29,000 [pool-265-thread-1] INFO  server.RaftServerConfigKeys (ConfUtils.java:logGet(44)) - raft.server.rpc.timeout.max = 5200ms (custom)
2021-10-13 10:11:29,000 [pool-265-thread-1] INFO  server.RaftServerConfigKeys (ConfUtils.java:logGet(44)) - raft.server.rpc.sleep.time = 25ms (default)
2021-10-13 10:11:29,000 [pool-265-thread-1] INFO  server.RaftServerConfigKeys (ConfUtils.java:logGet(44)) - raft.server.rpc.slowness.timeout = 300s (custom)
2021-10-13 10:11:29,000 [pool-265-thread-1] INFO  server.RaftServerConfigKeys (ConfUtils.java:logGet(44)) - raft.server.leaderelection.leader.step-down.wait-time = 10s (default)
2021-10-13 10:11:29,000 [pool-265-thread-1] INFO  server.RaftServerConfigKeys (ConfUtils.java:logGet(44)) - raft.server.sleep.deviation.threshold = 300ms (default)
2021-10-13 10:11:29,000 [pool-265-thread-1] INFO  server.RaftServerConfigKeys (ConfUtils.java:logGet(44)) - raft.server.log.appender.install.snapshot.enabled = false (custom)
2021-10-13 10:11:29,001 [pool-265-thread-1] INFO  server.RaftServer$Division (ServerState.java:<init>(105)) - 83908b8c-1318-4212-96d2-7cdb43457491@group-CFD79ED7D8C4: ConfigurationManager, init=-1: [83908b8c-1318-4212-96d2-7cdb43457491|rpc:127.0.0.1:46375|priority:0, 83da085b-8d99-4632-b443-c6596217d352|rpc:127.0.0.1:34351|priority:0, a78bc827-a10e-4e71-88ed-094b4b7dc052|rpc:127.0.0.1:44771|priority:1], old=null, confs=<EMPTY_MAP>
2021-10-13 10:11:29,001 [pool-265-thread-1] INFO  server.RaftServerConfigKeys (ConfUtils.java:logGet(44)) - raft.server.storage.dir = [/home/runner/work/ozone/ozone/hadoop-ozone/integration-test/target/test-dir/MiniOzoneClusterImpl-7a3c196b-86f6-4848-923d-88c8cd7ca178/datanode-0/data/ratis] (custom)
2021-10-13 10:11:29,001 [pool-265-thread-1] INFO  server.RaftServerConfigKeys (ConfUtils.java:logGet(44)) - raft.server.log.corruption.policy = EXCEPTION (default)
2021-10-13 10:11:29,001 [pool-265-thread-1] INFO  server.RaftServerConfigKeys (ConfUtils.java:logGet(44)) - raft.server.storage.free-space.min = 0MB (=0) (default)
2021-10-13 10:11:29,001 [pool-265-thread-1] INFO  storage.RaftStorageDirectory (RaftStorageDirectoryImpl.java:analyzeStorage(135)) - The storage directory /home/runner/work/ozone/ozone/hadoop-ozone/integration-test/target/test-dir/MiniOzoneClusterImpl-7a3c196b-86f6-4848-923d-88c8cd7ca178/datanode-0/data/ratis/87f87530-a371-4125-a80d-cfd79ed7d8c4 does not exist. Creating ...
2021-10-13 10:11:29,004 [pool-265-thread-1] INFO  storage.RaftStorageDirectory (RaftStorageDirectoryImpl.java:tryLock(230)) - Lock on /home/runner/work/ozone/ozone/hadoop-ozone/integration-test/target/test-dir/MiniOzoneClusterImpl-7a3c196b-86f6-4848-923d-88c8cd7ca178/datanode-0/data/ratis/87f87530-a371-4125-a80d-cfd79ed7d8c4/in_use.lock acquired by nodename 26829@fv-az395-254
2021-10-13 10:11:29,005 [pool-265-thread-1] INFO  storage.RaftStorage (RaftStorageImpl.java:format(89)) - Storage directory /home/runner/work/ozone/ozone/hadoop-ozone/integration-test/target/test-dir/MiniOzoneClusterImpl-7a3c196b-86f6-4848-923d-88c8cd7ca178/datanode-0/data/ratis/87f87530-a371-4125-a80d-cfd79ed7d8c4 has been successfully formatted.
2021-10-13 10:11:29,006 [pool-265-thread-1] INFO  ratis.ContainerStateMachine (ContainerStateMachine.java:loadSnapshot(224)) - group-CFD79ED7D8C4: The snapshot info is null. Setting the last applied indexto:(t:0, i:~)
2021-10-13 10:11:29,006 [pool-265-thread-1] INFO  server.RaftServerConfigKeys (ConfUtils.java:logGet(44)) - raft.server.notification.no-leader.timeout = 300s (custom)
2021-10-13 10:11:29,006 [pool-265-thread-1] INFO  server.RaftServerConfigKeys (ConfUtils.java:logGet(44)) - raft.server.log.use.memory = false (default)
2021-10-13 10:11:29,006 [pool-265-thread-1] INFO  server.RaftServerConfigKeys (ConfUtils.java:logGet(44)) - raft.server.log.purge.gap = 1000000 (custom)
2021-10-13 10:11:29,006 [pool-265-thread-1] INFO  server.RaftServerConfigKeys (ConfUtils.java:logGet(44)) - raft.server.log.appender.buffer.byte-limit = 33554432 (custom)
2021-10-13 10:11:29,006 [pool-265-thread-1] INFO  server.RaftServerConfigKeys (ConfUtils.java:logGet(44)) - raft.server.log.segment.size.max = 1048576 (custom)
2021-10-13 10:11:29,007 [pool-265-thread-1] INFO  server.RaftServerConfigKeys (ConfUtils.java:logGet(44)) - raft.server.log.segment.cache.num.max = 2 (custom)
2021-10-13 10:11:29,007 [pool-265-thread-1] INFO  server.RaftServerConfigKeys (ConfUtils.java:logGet(44)) - raft.server.log.segment.cache.size.max = 200MB (=209715200) (default)
2021-10-13 10:11:29,007 [pool-265-thread-1] INFO  segmented.SegmentedRaftLogWorker (SegmentedRaftLogWorker.java:<init>(182)) - new 83908b8c-1318-4212-96d2-7cdb43457491@group-CFD79ED7D8C4-SegmentedRaftLogWorker for RaftStorageImpl:Storage Directory /home/runner/work/ozone/ozone/hadoop-ozone/integration-test/target/test-dir/MiniOzoneClusterImpl-7a3c196b-86f6-4848-923d-88c8cd7ca178/datanode-0/data/ratis/87f87530-a371-4125-a80d-cfd79ed7d8c4
2021-10-13 10:11:29,007 [pool-265-thread-1] INFO  server.RaftServerConfigKeys (ConfUtils.java:logGet(44)) - raft.server.log.queue.byte-limit = 2147483647 (custom)
2021-10-13 10:11:29,008 [pool-265-thread-1] INFO  server.RaftServerConfigKeys (ConfUtils.java:logGet(44)) - raft.server.log.queue.element-limit = 1024 (custom)
2021-10-13 10:11:29,008 [pool-265-thread-1] INFO  server.RaftServerConfigKeys (ConfUtils.java:logGet(44)) - raft.server.log.segment.size.max = 1048576 (custom)
2021-10-13 10:11:29,008 [pool-265-thread-1] INFO  server.RaftServerConfigKeys (ConfUtils.java:logGet(44)) - raft.server.log.preallocated.size = 16384 (custom)
2021-10-13 10:11:29,008 [pool-265-thread-1] INFO  server.RaftServerConfigKeys (ConfUtils.java:logGet(44)) - raft.server.log.force.sync.num = 128 (default)
2021-10-13 10:11:29,008 [pool-265-thread-1] INFO  server.RaftServerConfigKeys (ConfUtils.java:logGet(44)) - raft.server.log.statemachine.data.sync = true (default)
2021-10-13 10:11:29,008 [pool-265-thread-1] INFO  server.RaftServerConfigKeys (ConfUtils.java:logGet(44)) - raft.server.log.statemachine.data.sync.timeout = 10s (default)
2021-10-13 10:11:29,009 [pool-265-thread-1] INFO  server.RaftServerConfigKeys (ConfUtils.java:logGet(44)) - raft.server.log.statemachine.data.sync.timeout.retry = -1 (default)
2021-10-13 10:11:29,010 [pool-265-thread-1] INFO  server.RaftServerConfigKeys (ConfUtils.java:logGet(44)) - raft.server.log.write.buffer.size = 1048576 (custom)
2021-10-13 10:11:29,010 [pool-265-thread-1] INFO  server.RaftServerConfigKeys (ConfUtils.java:logGet(44)) - raft.server.log.statemachine.data.caching.enabled = true (custom)
2021-10-13 10:11:29,011 [pool-265-thread-1] INFO  segmented.SegmentedRaftLogWorker (SegmentedRaftLogWorker.java:lambda$new$0(133)) - 83908b8c-1318-4212-96d2-7cdb43457491@group-CFD79ED7D8C4-SegmentedRaftLogWorker: flushIndex: setUnconditionally 0 -> -1
2021-10-13 10:11:29,011 [pool-265-thread-1] INFO  segmented.SegmentedRaftLogWorker (SegmentedRaftLogWorker.java:lambda$new$0(133)) - 83908b8c-1318-4212-96d2-7cdb43457491@group-CFD79ED7D8C4-SegmentedRaftLogWorker: safeCacheEvictIndex: setUnconditionally 0 -> -1
2021-10-13 10:11:29,015 [pool-265-thread-1] INFO  server.RaftServerConfigKeys (ConfUtils.java:logGet(44)) - raft.server.snapshot.auto.trigger.enabled = true (custom)
2021-10-13 10:11:29,016 [pool-265-thread-1] INFO  server.RaftServerConfigKeys (ConfUtils.java:logGet(44)) - raft.server.snapshot.auto.trigger.threshold = 10000 (custom)
2021-10-13 10:11:29,016 [pool-265-thread-1] INFO  server.RaftServerConfigKeys (ConfUtils.java:logGet(44)) - raft.server.snapshot.retention.file.num = 5 (custom)
2021-10-13 10:11:29,016 [pool-265-thread-1] INFO  server.RaftServerConfigKeys (ConfUtils.java:logGet(44)) - raft.server.log.purge.upto.snapshot.index = false (default)
2021-10-13 10:11:29,016 [pool-265-thread-1] INFO  server.RaftServerConfigKeys (ConfUtils.java:logGet(44)) - raft.server.retrycache.expirytime = 600000ms (custom)
2021-10-13 10:11:29,016 [pool-265-thread-1] INFO  server.RaftServerConfigKeys (ConfUtils.java:logGet(44)) - raft.server.retrycache.statistics.expirytime = 100μs (default)
2021-10-13 10:11:29,017 [pool-265-thread-1] INFO  server.RaftServer$Division (RaftServerImpl.java:start(296)) - 83908b8c-1318-4212-96d2-7cdb43457491@group-CFD79ED7D8C4: start as a follower, conf=-1: [83908b8c-1318-4212-96d2-7cdb43457491|rpc:127.0.0.1:46375|priority:0, 83da085b-8d99-4632-b443-c6596217d352|rpc:127.0.0.1:34351|priority:0, a78bc827-a10e-4e71-88ed-094b4b7dc052|rpc:127.0.0.1:44771|priority:1], old=null
2021-10-13 10:11:29,020 [pool-265-thread-1] INFO  server.RaftServer$Division (RaftServerImpl.java:setRole(285)) - 83908b8c-1318-4212-96d2-7cdb43457491@group-CFD79ED7D8C4: changes role from      null to FOLLOWER at term 0 for startAsFollower
2021-10-13 10:11:29,020 [pool-265-thread-1] INFO  impl.RoleInfo (RoleInfo.java:updateAndGet(130)) - 83908b8c-1318-4212-96d2-7cdb43457491: start 83908b8c-1318-4212-96d2-7cdb43457491@group-CFD79ED7D8C4-FollowerState
2021-10-13 10:11:29,024 [pool-265-thread-1] INFO  util.JmxRegister (JmxRegister.java:tryRegister(44)) - Successfully registered JMX Bean with object name Ratis:service=RaftServer,group=group-CFD79ED7D8C4,id=83908b8c-1318-4212-96d2-7cdb43457491
2021-10-13 10:11:29,030 [Command processor thread] INFO  ratis.XceiverServerRatis (XceiverServerRatis.java:addGroup(768)) - Created group PipelineID=87f87530-a371-4125-a80d-cfd79ed7d8c4
2021-10-13 10:11:29,038 [grpc-default-executor-2] INFO  server.RaftServer (RaftServerProxy.java:addNew(95)) - 83da085b-8d99-4632-b443-c6596217d352: addNew group-CFD79ED7D8C4:[83908b8c-1318-4212-96d2-7cdb43457491|rpc:127.0.0.1:46375|dataStream:|priority:0, 83da085b-8d99-4632-b443-c6596217d352|rpc:127.0.0.1:34351|dataStream:|priority:0, a78bc827-a10e-4e71-88ed-094b4b7dc052|rpc:127.0.0.1:44771|dataStream:|priority:1] returns group-CFD79ED7D8C4:java.util.concurrent.CompletableFuture@62c75c3b[Not completed]
2021-10-13 10:11:29,039 [pool-286-thread-1] INFO  server.RaftServer$Division (RaftServerImpl.java:<init>(181)) - 83da085b-8d99-4632-b443-c6596217d352: new RaftServerImpl for group-CFD79ED7D8C4:[83908b8c-1318-4212-96d2-7cdb43457491|rpc:127.0.0.1:46375|dataStream:|priority:0, 83da085b-8d99-4632-b443-c6596217d352|rpc:127.0.0.1:34351|dataStream:|priority:0, a78bc827-a10e-4e71-88ed-094b4b7dc052|rpc:127.0.0.1:44771|dataStream:|priority:1] with ContainerStateMachine:uninitialized
2021-10-13 10:11:29,039 [pool-286-thread-1] INFO  server.RaftServerConfigKeys (ConfUtils.java:logGet(44)) - raft.server.rpc.timeout.min = 5s (custom)
2021-10-13 10:11:29,039 [pool-286-thread-1] INFO  server.RaftServerConfigKeys (ConfUtils.java:logGet(44)) - raft.server.rpc.timeout.max = 5200ms (custom)
2021-10-13 10:11:29,039 [pool-286-thread-1] INFO  server.RaftServerConfigKeys (ConfUtils.java:logGet(44)) - raft.server.rpc.sleep.time = 25ms (default)
2021-10-13 10:11:29,039 [pool-286-thread-1] INFO  server.RaftServerConfigKeys (ConfUtils.java:logGet(44)) - raft.server.rpc.slowness.timeout = 300s (custom)
2021-10-13 10:11:29,039 [pool-286-thread-1] INFO  server.RaftServerConfigKeys (ConfUtils.java:logGet(44)) - raft.server.leaderelection.leader.step-down.wait-time = 10s (default)
2021-10-13 10:11:29,039 [pool-286-thread-1] INFO  server.RaftServerConfigKeys (ConfUtils.java:logGet(44)) - raft.server.sleep.deviation.threshold = 300ms (default)
2021-10-13 10:11:29,039 [pool-286-thread-1] INFO  server.RaftServerConfigKeys (ConfUtils.java:logGet(44)) - raft.server.log.appender.install.snapshot.enabled = false (custom)
2021-10-13 10:11:29,039 [pool-286-thread-1] INFO  server.RaftServer$Division (ServerState.java:<init>(105)) - 83da085b-8d99-4632-b443-c6596217d352@group-CFD79ED7D8C4: ConfigurationManager, init=-1: [83908b8c-1318-4212-96d2-7cdb43457491|rpc:127.0.0.1:46375|dataStream:|priority:0, 83da085b-8d99-4632-b443-c6596217d352|rpc:127.0.0.1:34351|dataStream:|priority:0, a78bc827-a10e-4e71-88ed-094b4b7dc052|rpc:127.0.0.1:44771|dataStream:|priority:1], old=null, confs=<EMPTY_MAP>
2021-10-13 10:11:29,040 [pool-286-thread-1] INFO  server.RaftServerConfigKeys (ConfUtils.java:logGet(44)) - raft.server.storage.dir = [/home/runner/work/ozone/ozone/hadoop-ozone/integration-test/target/test-dir/MiniOzoneClusterImpl-7a3c196b-86f6-4848-923d-88c8cd7ca178/datanode-1/data/ratis] (custom)
2021-10-13 10:11:29,040 [pool-286-thread-1] INFO  server.RaftServerConfigKeys (ConfUtils.java:logGet(44)) - raft.server.log.corruption.policy = EXCEPTION (default)
2021-10-13 10:11:29,040 [pool-286-thread-1] INFO  server.RaftServerConfigKeys (ConfUtils.java:logGet(44)) - raft.server.storage.free-space.min = 0MB (=0) (default)
2021-10-13 10:11:29,040 [pool-286-thread-1] INFO  storage.RaftStorageDirectory (RaftStorageDirectoryImpl.java:analyzeStorage(135)) - The storage directory /home/runner/work/ozone/ozone/hadoop-ozone/integration-test/target/test-dir/MiniOzoneClusterImpl-7a3c196b-86f6-4848-923d-88c8cd7ca178/datanode-1/data/ratis/87f87530-a371-4125-a80d-cfd79ed7d8c4 does not exist. Creating ...
2021-10-13 10:11:29,041 [pool-286-thread-1] INFO  storage.RaftStorageDirectory (RaftStorageDirectoryImpl.java:tryLock(230)) - Lock on /home/runner/work/ozone/ozone/hadoop-ozone/integration-test/target/test-dir/MiniOzoneClusterImpl-7a3c196b-86f6-4848-923d-88c8cd7ca178/datanode-1/data/ratis/87f87530-a371-4125-a80d-cfd79ed7d8c4/in_use.lock acquired by nodename 26829@fv-az395-254
2021-10-13 10:11:29,042 [pool-286-thread-1] INFO  storage.RaftStorage (RaftStorageImpl.java:format(89)) - Storage directory /home/runner/work/ozone/ozone/hadoop-ozone/integration-test/target/test-dir/MiniOzoneClusterImpl-7a3c196b-86f6-4848-923d-88c8cd7ca178/datanode-1/data/ratis/87f87530-a371-4125-a80d-cfd79ed7d8c4 has been successfully formatted.
2021-10-13 10:11:29,042 [pool-286-thread-1] INFO  ratis.ContainerStateMachine (ContainerStateMachine.java:loadSnapshot(224)) - group-CFD79ED7D8C4: The snapshot info is null. Setting the last applied indexto:(t:0, i:~)
2021-10-13 10:11:29,042 [pool-286-thread-1] INFO  server.RaftServerConfigKeys (ConfUtils.java:logGet(44)) - raft.server.notification.no-leader.timeout = 300s (custom)
2021-10-13 10:11:29,042 [pool-286-thread-1] INFO  server.RaftServerConfigKeys (ConfUtils.java:logGet(44)) - raft.server.log.use.memory = false (default)
2021-10-13 10:11:29,043 [pool-286-thread-1] INFO  server.RaftServerConfigKeys (ConfUtils.java:logGet(44)) - raft.server.log.purge.gap = 1000000 (custom)
2021-10-13 10:11:29,043 [pool-286-thread-1] INFO  server.RaftServerConfigKeys (ConfUtils.java:logGet(44)) - raft.server.log.appender.buffer.byte-limit = 33554432 (custom)
2021-10-13 10:11:29,043 [pool-286-thread-1] INFO  server.RaftServerConfigKeys (ConfUtils.java:logGet(44)) - raft.server.log.segment.size.max = 1048576 (custom)
2021-10-13 10:11:29,045 [pool-286-thread-1] INFO  server.RaftServerConfigKeys (ConfUtils.java:logGet(44)) - raft.server.log.segment.cache.num.max = 2 (custom)
2021-10-13 10:11:29,045 [pool-286-thread-1] INFO  server.RaftServerConfigKeys (ConfUtils.java:logGet(44)) - raft.server.log.segment.cache.size.max = 200MB (=209715200) (default)
2021-10-13 10:11:29,045 [pool-286-thread-1] INFO  segmented.SegmentedRaftLogWorker (SegmentedRaftLogWorker.java:<init>(182)) - new 83da085b-8d99-4632-b443-c6596217d352@group-CFD79ED7D8C4-SegmentedRaftLogWorker for RaftStorageImpl:Storage Directory /home/runner/work/ozone/ozone/hadoop-ozone/integration-test/target/test-dir/MiniOzoneClusterImpl-7a3c196b-86f6-4848-923d-88c8cd7ca178/datanode-1/data/ratis/87f87530-a371-4125-a80d-cfd79ed7d8c4
2021-10-13 10:11:29,045 [pool-286-thread-1] INFO  server.RaftServerConfigKeys (ConfUtils.java:logGet(44)) - raft.server.log.queue.byte-limit = 2147483647 (custom)
2021-10-13 10:11:29,045 [pool-286-thread-1] INFO  server.RaftServerConfigKeys (ConfUtils.java:logGet(44)) - raft.server.log.queue.element-limit = 1024 (custom)
2021-10-13 10:11:29,045 [pool-286-thread-1] INFO  server.RaftServerConfigKeys (ConfUtils.java:logGet(44)) - raft.server.log.segment.size.max = 1048576 (custom)
2021-10-13 10:11:29,046 [pool-286-thread-1] INFO  server.RaftServerConfigKeys (ConfUtils.java:logGet(44)) - raft.server.log.preallocated.size = 16384 (custom)
2021-10-13 10:11:29,046 [pool-286-thread-1] INFO  server.RaftServerConfigKeys (ConfUtils.java:logGet(44)) - raft.server.log.force.sync.num = 128 (default)
2021-10-13 10:11:29,046 [pool-286-thread-1] INFO  server.RaftServerConfigKeys (ConfUtils.java:logGet(44)) - raft.server.log.statemachine.data.sync = true (default)
2021-10-13 10:11:29,046 [pool-286-thread-1] INFO  server.RaftServerConfigKeys (ConfUtils.java:logGet(44)) - raft.server.log.statemachine.data.sync.timeout = 10s (default)
2021-10-13 10:11:29,046 [pool-286-thread-1] INFO  server.RaftServerConfigKeys (ConfUtils.java:logGet(44)) - raft.server.log.statemachine.data.sync.timeout.retry = -1 (default)
2021-10-13 10:11:29,047 [pool-286-thread-1] INFO  server.RaftServerConfigKeys (ConfUtils.java:logGet(44)) - raft.server.log.write.buffer.size = 1048576 (custom)
2021-10-13 10:11:29,047 [pool-286-thread-1] INFO  server.RaftServerConfigKeys (ConfUtils.java:logGet(44)) - raft.server.log.statemachine.data.caching.enabled = true (custom)
2021-10-13 10:11:29,047 [pool-286-thread-1] INFO  segmented.SegmentedRaftLogWorker (SegmentedRaftLogWorker.java:lambda$new$0(133)) - 83da085b-8d99-4632-b443-c6596217d352@group-CFD79ED7D8C4-SegmentedRaftLogWorker: flushIndex: setUnconditionally 0 -> -1
2021-10-13 10:11:29,048 [pool-286-thread-1] INFO  segmented.SegmentedRaftLogWorker (SegmentedRaftLogWorker.java:lambda$new$0(133)) - 83da085b-8d99-4632-b443-c6596217d352@group-CFD79ED7D8C4-SegmentedRaftLogWorker: safeCacheEvictIndex: setUnconditionally 0 -> -1
2021-10-13 10:11:29,052 [EndpointStateMachine task thread for /127.0.0.1:13897 - 0 ] INFO  ipc.Client (Client.java:handleConnectionFailure(977)) - Retrying connect to server: localhost/127.0.0.1:13897. Already tried 10 time(s); retry policy is RetryUpToMaximumCountWithFixedSleep(maxRetries=15, sleepTime=1000 MILLISECONDS)
2021-10-13 10:11:29,060 [pool-286-thread-1] INFO  server.RaftServerConfigKeys (ConfUtils.java:logGet(44)) - raft.server.snapshot.auto.trigger.enabled = true (custom)
2021-10-13 10:11:29,060 [pool-286-thread-1] INFO  server.RaftServerConfigKeys (ConfUtils.java:logGet(44)) - raft.server.snapshot.auto.trigger.threshold = 10000 (custom)
2021-10-13 10:11:29,060 [pool-286-thread-1] INFO  server.RaftServerConfigKeys (ConfUtils.java:logGet(44)) - raft.server.snapshot.retention.file.num = 5 (custom)
2021-10-13 10:11:29,060 [pool-286-thread-1] INFO  server.RaftServerConfigKeys (ConfUtils.java:logGet(44)) - raft.server.log.purge.upto.snapshot.index = false (default)
2021-10-13 10:11:29,060 [pool-286-thread-1] INFO  server.RaftServerConfigKeys (ConfUtils.java:logGet(44)) - raft.server.retrycache.expirytime = 600000ms (custom)
2021-10-13 10:11:29,060 [pool-286-thread-1] INFO  server.RaftServerConfigKeys (ConfUtils.java:logGet(44)) - raft.server.retrycache.statistics.expirytime = 100μs (default)
2021-10-13 10:11:29,062 [pool-286-thread-1] INFO  server.RaftServer$Division (RaftServerImpl.java:start(296)) - 83da085b-8d99-4632-b443-c6596217d352@group-CFD79ED7D8C4: start as a follower, conf=-1: [83908b8c-1318-4212-96d2-7cdb43457491|rpc:127.0.0.1:46375|dataStream:|priority:0, 83da085b-8d99-4632-b443-c6596217d352|rpc:127.0.0.1:34351|dataStream:|priority:0, a78bc827-a10e-4e71-88ed-094b4b7dc052|rpc:127.0.0.1:44771|dataStream:|priority:1], old=null
2021-10-13 10:11:29,062 [pool-286-thread-1] INFO  server.RaftServer$Division (RaftServerImpl.java:setRole(285)) - 83da085b-8d99-4632-b443-c6596217d352@group-CFD79ED7D8C4: changes role from      null to FOLLOWER at term 0 for startAsFollower
2021-10-13 10:11:29,062 [pool-286-thread-1] INFO  impl.RoleInfo (RoleInfo.java:updateAndGet(130)) - 83da085b-8d99-4632-b443-c6596217d352: start 83da085b-8d99-4632-b443-c6596217d352@group-CFD79ED7D8C4-FollowerState
2021-10-13 10:11:29,064 [pool-286-thread-1] INFO  util.JmxRegister (JmxRegister.java:tryRegister(44)) - Successfully registered JMX Bean with object name Ratis:service=RaftServer,group=group-CFD79ED7D8C4,id=83da085b-8d99-4632-b443-c6596217d352
2021-10-13 10:11:29,099 [grpc-default-executor-2] INFO  server.RaftServer (RaftServerProxy.java:addNew(95)) - a78bc827-a10e-4e71-88ed-094b4b7dc052: addNew group-CFD79ED7D8C4:[83908b8c-1318-4212-96d2-7cdb43457491|rpc:127.0.0.1:46375|dataStream:|priority:0, 83da085b-8d99-4632-b443-c6596217d352|rpc:127.0.0.1:34351|dataStream:|priority:0, a78bc827-a10e-4e71-88ed-094b4b7dc052|rpc:127.0.0.1:44771|dataStream:|priority:1] returns group-CFD79ED7D8C4:java.util.concurrent.CompletableFuture@2cecf9b1[Not completed]
2021-10-13 10:11:29,100 [pool-307-thread-1] INFO  server.RaftServer$Division (RaftServerImpl.java:<init>(181)) - a78bc827-a10e-4e71-88ed-094b4b7dc052: new RaftServerImpl for group-CFD79ED7D8C4:[83908b8c-1318-4212-96d2-7cdb43457491|rpc:127.0.0.1:46375|dataStream:|priority:0, 83da085b-8d99-4632-b443-c6596217d352|rpc:127.0.0.1:34351|dataStream:|priority:0, a78bc827-a10e-4e71-88ed-094b4b7dc052|rpc:127.0.0.1:44771|dataStream:|priority:1] with ContainerStateMachine:uninitialized
2021-10-13 10:11:29,101 [pool-307-thread-1] INFO  server.RaftServerConfigKeys (ConfUtils.java:logGet(44)) - raft.server.rpc.timeout.min = 5s (custom)
2021-10-13 10:11:29,101 [pool-307-thread-1] INFO  server.RaftServerConfigKeys (ConfUtils.java:logGet(44)) - raft.server.rpc.timeout.max = 5200ms (custom)
2021-10-13 10:11:29,101 [pool-307-thread-1] INFO  server.RaftServerConfigKeys (ConfUtils.java:logGet(44)) - raft.server.rpc.sleep.time = 25ms (default)
2021-10-13 10:11:29,101 [pool-307-thread-1] INFO  server.RaftServerConfigKeys (ConfUtils.java:logGet(44)) - raft.server.rpc.slowness.timeout = 300s (custom)
2021-10-13 10:11:29,101 [pool-307-thread-1] INFO  server.RaftServerConfigKeys (ConfUtils.java:logGet(44)) - raft.server.leaderelection.leader.step-down.wait-time = 10s (default)
2021-10-13 10:11:29,101 [pool-307-thread-1] INFO  server.RaftServerConfigKeys (ConfUtils.java:logGet(44)) - raft.server.sleep.deviation.threshold = 300ms (default)
2021-10-13 10:11:29,101 [pool-307-thread-1] INFO  server.RaftServerConfigKeys (ConfUtils.java:logGet(44)) - raft.server.log.appender.install.snapshot.enabled = false (custom)
2021-10-13 10:11:29,101 [pool-307-thread-1] INFO  server.RaftServer$Division (ServerState.java:<init>(105)) - a78bc827-a10e-4e71-88ed-094b4b7dc052@group-CFD79ED7D8C4: ConfigurationManager, init=-1: [83908b8c-1318-4212-96d2-7cdb43457491|rpc:127.0.0.1:46375|dataStream:|priority:0, 83da085b-8d99-4632-b443-c6596217d352|rpc:127.0.0.1:34351|dataStream:|priority:0, a78bc827-a10e-4e71-88ed-094b4b7dc052|rpc:127.0.0.1:44771|dataStream:|priority:1], old=null, confs=<EMPTY_MAP>
2021-10-13 10:11:29,101 [pool-307-thread-1] INFO  server.RaftServerConfigKeys (ConfUtils.java:logGet(44)) - raft.server.storage.dir = [/home/runner/work/ozone/ozone/hadoop-ozone/integration-test/target/test-dir/MiniOzoneClusterImpl-7a3c196b-86f6-4848-923d-88c8cd7ca178/datanode-2/data/ratis] (custom)
2021-10-13 10:11:29,101 [pool-307-thread-1] INFO  server.RaftServerConfigKeys (ConfUtils.java:logGet(44)) - raft.server.log.corruption.policy = EXCEPTION (default)
2021-10-13 10:11:29,101 [pool-307-thread-1] INFO  server.RaftServerConfigKeys (ConfUtils.java:logGet(44)) - raft.server.storage.free-space.min = 0MB (=0) (default)
2021-10-13 10:11:29,101 [pool-307-thread-1] INFO  storage.RaftStorageDirectory (RaftStorageDirectoryImpl.java:analyzeStorage(135)) - The storage directory /home/runner/work/ozone/ozone/hadoop-ozone/integration-test/target/test-dir/MiniOzoneClusterImpl-7a3c196b-86f6-4848-923d-88c8cd7ca178/datanode-2/data/ratis/87f87530-a371-4125-a80d-cfd79ed7d8c4 does not exist. Creating ...
2021-10-13 10:11:29,103 [pool-307-thread-1] INFO  storage.RaftStorageDirectory (RaftStorageDirectoryImpl.java:tryLock(230)) - Lock on /home/runner/work/ozone/ozone/hadoop-ozone/integration-test/target/test-dir/MiniOzoneClusterImpl-7a3c196b-86f6-4848-923d-88c8cd7ca178/datanode-2/data/ratis/87f87530-a371-4125-a80d-cfd79ed7d8c4/in_use.lock acquired by nodename 26829@fv-az395-254
2021-10-13 10:11:29,104 [pool-307-thread-1] INFO  storage.RaftStorage (RaftStorageImpl.java:format(89)) - Storage directory /home/runner/work/ozone/ozone/hadoop-ozone/integration-test/target/test-dir/MiniOzoneClusterImpl-7a3c196b-86f6-4848-923d-88c8cd7ca178/datanode-2/data/ratis/87f87530-a371-4125-a80d-cfd79ed7d8c4 has been successfully formatted.
2021-10-13 10:11:29,105 [pool-307-thread-1] INFO  ratis.ContainerStateMachine (ContainerStateMachine.java:loadSnapshot(224)) - group-CFD79ED7D8C4: The snapshot info is null. Setting the last applied indexto:(t:0, i:~)
2021-10-13 10:11:29,107 [pool-307-thread-1] INFO  server.RaftServerConfigKeys (ConfUtils.java:logGet(44)) - raft.server.notification.no-leader.timeout = 300s (custom)
2021-10-13 10:11:29,107 [pool-307-thread-1] INFO  server.RaftServerConfigKeys (ConfUtils.java:logGet(44)) - raft.server.log.use.memory = false (default)
2021-10-13 10:11:29,107 [pool-307-thread-1] INFO  server.RaftServerConfigKeys (ConfUtils.java:logGet(44)) - raft.server.log.purge.gap = 1000000 (custom)
2021-10-13 10:11:29,107 [pool-307-thread-1] INFO  server.RaftServerConfigKeys (ConfUtils.java:logGet(44)) - raft.server.log.appender.buffer.byte-limit = 33554432 (custom)
2021-10-13 10:11:29,107 [pool-307-thread-1] INFO  server.RaftServerConfigKeys (ConfUtils.java:logGet(44)) - raft.server.log.segment.size.max = 1048576 (custom)
2021-10-13 10:11:29,108 [pool-307-thread-1] INFO  server.RaftServerConfigKeys (ConfUtils.java:logGet(44)) - raft.server.log.segment.cache.num.max = 2 (custom)
2021-10-13 10:11:29,108 [pool-307-thread-1] INFO  server.RaftServerConfigKeys (ConfUtils.java:logGet(44)) - raft.server.log.segment.cache.size.max = 200MB (=209715200) (default)
2021-10-13 10:11:29,108 [pool-307-thread-1] INFO  segmented.SegmentedRaftLogWorker (SegmentedRaftLogWorker.java:<init>(182)) - new a78bc827-a10e-4e71-88ed-094b4b7dc052@group-CFD79ED7D8C4-SegmentedRaftLogWorker for RaftStorageImpl:Storage Directory /home/runner/work/ozone/ozone/hadoop-ozone/integration-test/target/test-dir/MiniOzoneClusterImpl-7a3c196b-86f6-4848-923d-88c8cd7ca178/datanode-2/data/ratis/87f87530-a371-4125-a80d-cfd79ed7d8c4
2021-10-13 10:11:29,108 [pool-307-thread-1] INFO  server.RaftServerConfigKeys (ConfUtils.java:logGet(44)) - raft.server.log.queue.byte-limit = 2147483647 (custom)
2021-10-13 10:11:29,109 [pool-307-thread-1] INFO  server.RaftServerConfigKeys (ConfUtils.java:logGet(44)) - raft.server.log.queue.element-limit = 1024 (custom)
2021-10-13 10:11:29,109 [pool-307-thread-1] INFO  server.RaftServerConfigKeys (ConfUtils.java:logGet(44)) - raft.server.log.segment.size.max = 1048576 (custom)
2021-10-13 10:11:29,109 [pool-307-thread-1] INFO  server.RaftServerConfigKeys (ConfUtils.java:logGet(44)) - raft.server.log.preallocated.size = 16384 (custom)
2021-10-13 10:11:29,109 [pool-307-thread-1] INFO  server.RaftServerConfigKeys (ConfUtils.java:logGet(44)) - raft.server.log.force.sync.num = 128 (default)
2021-10-13 10:11:29,113 [pool-307-thread-1] INFO  server.RaftServerConfigKeys (ConfUtils.java:logGet(44)) - raft.server.log.statemachine.data.sync = true (default)
2021-10-13 10:11:29,113 [pool-307-thread-1] INFO  server.RaftServerConfigKeys (ConfUtils.java:logGet(44)) - raft.server.log.statemachine.data.sync.timeout = 10s (default)
2021-10-13 10:11:29,114 [pool-307-thread-1] INFO  server.RaftServerConfigKeys (ConfUtils.java:logGet(44)) - raft.server.log.statemachine.data.sync.timeout.retry = -1 (default)
2021-10-13 10:11:29,115 [pool-307-thread-1] INFO  server.RaftServerConfigKeys (ConfUtils.java:logGet(44)) - raft.server.log.write.buffer.size = 1048576 (custom)
2021-10-13 10:11:29,115 [pool-307-thread-1] INFO  server.RaftServerConfigKeys (ConfUtils.java:logGet(44)) - raft.server.log.statemachine.data.caching.enabled = true (custom)
2021-10-13 10:11:29,118 [pool-307-thread-1] INFO  segmented.SegmentedRaftLogWorker (SegmentedRaftLogWorker.java:lambda$new$0(133)) - a78bc827-a10e-4e71-88ed-094b4b7dc052@group-CFD79ED7D8C4-SegmentedRaftLogWorker: flushIndex: setUnconditionally 0 -> -1
2021-10-13 10:11:29,119 [pool-307-thread-1] INFO  segmented.SegmentedRaftLogWorker (SegmentedRaftLogWorker.java:lambda$new$0(133)) - a78bc827-a10e-4e71-88ed-094b4b7dc052@group-CFD79ED7D8C4-SegmentedRaftLogWorker: safeCacheEvictIndex: setUnconditionally 0 -> -1
2021-10-13 10:11:29,124 [pool-307-thread-1] INFO  server.RaftServerConfigKeys (ConfUtils.java:logGet(44)) - raft.server.snapshot.auto.trigger.enabled = true (custom)
2021-10-13 10:11:29,124 [pool-307-thread-1] INFO  server.RaftServerConfigKeys (ConfUtils.java:logGet(44)) - raft.server.snapshot.auto.trigger.threshold = 10000 (custom)
2021-10-13 10:11:29,124 [pool-307-thread-1] INFO  server.RaftServerConfigKeys (ConfUtils.java:logGet(44)) - raft.server.snapshot.retention.file.num = 5 (custom)
2021-10-13 10:11:29,124 [pool-307-thread-1] INFO  server.RaftServerConfigKeys (ConfUtils.java:logGet(44)) - raft.server.log.purge.upto.snapshot.index = false (default)
2021-10-13 10:11:29,124 [pool-307-thread-1] INFO  server.RaftServerConfigKeys (ConfUtils.java:logGet(44)) - raft.server.retrycache.expirytime = 600000ms (custom)
2021-10-13 10:11:29,124 [pool-307-thread-1] INFO  server.RaftServerConfigKeys (ConfUtils.java:logGet(44)) - raft.server.retrycache.statistics.expirytime = 100μs (default)
2021-10-13 10:11:29,126 [pool-307-thread-1] INFO  server.RaftServer$Division (RaftServerImpl.java:start(296)) - a78bc827-a10e-4e71-88ed-094b4b7dc052@group-CFD79ED7D8C4: start as a follower, conf=-1: [83908b8c-1318-4212-96d2-7cdb43457491|rpc:127.0.0.1:46375|dataStream:|priority:0, 83da085b-8d99-4632-b443-c6596217d352|rpc:127.0.0.1:34351|dataStream:|priority:0, a78bc827-a10e-4e71-88ed-094b4b7dc052|rpc:127.0.0.1:44771|dataStream:|priority:1], old=null
2021-10-13 10:11:29,126 [pool-307-thread-1] INFO  server.RaftServer$Division (RaftServerImpl.java:setRole(285)) - a78bc827-a10e-4e71-88ed-094b4b7dc052@group-CFD79ED7D8C4: changes role from      null to FOLLOWER at term 0 for startAsFollower
2021-10-13 10:11:29,126 [pool-307-thread-1] INFO  impl.RoleInfo (RoleInfo.java:updateAndGet(130)) - a78bc827-a10e-4e71-88ed-094b4b7dc052: start a78bc827-a10e-4e71-88ed-094b4b7dc052@group-CFD79ED7D8C4-FollowerState
2021-10-13 10:11:29,127 [pool-307-thread-1] INFO  util.JmxRegister (JmxRegister.java:tryRegister(44)) - Successfully registered JMX Bean with object name Ratis:service=RaftServer,group=group-CFD79ED7D8C4,id=a78bc827-a10e-4e71-88ed-094b4b7dc052
2021-10-13 10:11:29,156 [Command processor thread] INFO  commandhandler.CreatePipelineCommandHandler (CreatePipelineCommandHandler.java:handle(106)) - Created Pipeline RATIS THREE PipelineID=87f87530-a371-4125-a80d-cfd79ed7d8c4.
2021-10-13 10:11:29,289 [Command processor thread] INFO  server.RaftServer (RaftServerProxy.java:addNew(95)) - 83da085b-8d99-4632-b443-c6596217d352: addNew group-D53C6002ED90:[83da085b-8d99-4632-b443-c6596217d352|rpc:127.0.0.1:34351|priority:1] returns group-D53C6002ED90:java.util.concurrent.CompletableFuture@2f9ff7e4[Not completed]
2021-10-13 10:11:29,290 [pool-286-thread-1] INFO  server.RaftServer$Division (RaftServerImpl.java:<init>(181)) - 83da085b-8d99-4632-b443-c6596217d352: new RaftServerImpl for group-D53C6002ED90:[83da085b-8d99-4632-b443-c6596217d352|rpc:127.0.0.1:34351|priority:1] with ContainerStateMachine:uninitialized
2021-10-13 10:11:29,290 [pool-286-thread-1] INFO  server.RaftServerConfigKeys (ConfUtils.java:logGet(44)) - raft.server.rpc.timeout.min = 5s (custom)
2021-10-13 10:11:29,290 [pool-286-thread-1] INFO  server.RaftServerConfigKeys (ConfUtils.java:logGet(44)) - raft.server.rpc.timeout.max = 5200ms (custom)
2021-10-13 10:11:29,290 [pool-286-thread-1] INFO  server.RaftServerConfigKeys (ConfUtils.java:logGet(44)) - raft.server.rpc.sleep.time = 25ms (default)
2021-10-13 10:11:29,290 [pool-286-thread-1] INFO  server.RaftServerConfigKeys (ConfUtils.java:logGet(44)) - raft.server.rpc.slowness.timeout = 300s (custom)
2021-10-13 10:11:29,290 [pool-286-thread-1] INFO  server.RaftServerConfigKeys (ConfUtils.java:logGet(44)) - raft.server.leaderelection.leader.step-down.wait-time = 10s (default)
2021-10-13 10:11:29,290 [pool-286-thread-1] INFO  server.RaftServerConfigKeys (ConfUtils.java:logGet(44)) - raft.server.sleep.deviation.threshold = 300ms (default)
2021-10-13 10:11:29,290 [pool-286-thread-1] INFO  server.RaftServerConfigKeys (ConfUtils.java:logGet(44)) - raft.server.log.appender.install.snapshot.enabled = false (custom)
2021-10-13 10:11:29,290 [pool-286-thread-1] INFO  server.RaftServer$Division (ServerState.java:<init>(105)) - 83da085b-8d99-4632-b443-c6596217d352@group-D53C6002ED90: ConfigurationManager, init=-1: [83da085b-8d99-4632-b443-c6596217d352|rpc:127.0.0.1:34351|priority:1], old=null, confs=<EMPTY_MAP>
2021-10-13 10:11:29,290 [pool-286-thread-1] INFO  server.RaftServerConfigKeys (ConfUtils.java:logGet(44)) - raft.server.storage.dir = [/home/runner/work/ozone/ozone/hadoop-ozone/integration-test/target/test-dir/MiniOzoneClusterImpl-7a3c196b-86f6-4848-923d-88c8cd7ca178/datanode-1/data/ratis] (custom)
2021-10-13 10:11:29,290 [pool-286-thread-1] INFO  server.RaftServerConfigKeys (ConfUtils.java:logGet(44)) - raft.server.log.corruption.policy = EXCEPTION (default)
2021-10-13 10:11:29,290 [pool-286-thread-1] INFO  server.RaftServerConfigKeys (ConfUtils.java:logGet(44)) - raft.server.storage.free-space.min = 0MB (=0) (default)
2021-10-13 10:11:29,291 [pool-286-thread-1] INFO  storage.RaftStorageDirectory (RaftStorageDirectoryImpl.java:analyzeStorage(135)) - The storage directory /home/runner/work/ozone/ozone/hadoop-ozone/integration-test/target/test-dir/MiniOzoneClusterImpl-7a3c196b-86f6-4848-923d-88c8cd7ca178/datanode-1/data/ratis/949044a9-8b22-40ed-baa3-d53c6002ed90 does not exist. Creating ...
2021-10-13 10:11:29,293 [pool-286-thread-1] INFO  storage.RaftStorageDirectory (RaftStorageDirectoryImpl.java:tryLock(230)) - Lock on /home/runner/work/ozone/ozone/hadoop-ozone/integration-test/target/test-dir/MiniOzoneClusterImpl-7a3c196b-86f6-4848-923d-88c8cd7ca178/datanode-1/data/ratis/949044a9-8b22-40ed-baa3-d53c6002ed90/in_use.lock acquired by nodename 26829@fv-az395-254
2021-10-13 10:11:29,294 [pool-286-thread-1] INFO  storage.RaftStorage (RaftStorageImpl.java:format(89)) - Storage directory /home/runner/work/ozone/ozone/hadoop-ozone/integration-test/target/test-dir/MiniOzoneClusterImpl-7a3c196b-86f6-4848-923d-88c8cd7ca178/datanode-1/data/ratis/949044a9-8b22-40ed-baa3-d53c6002ed90 has been successfully formatted.
2021-10-13 10:11:29,295 [pool-286-thread-1] INFO  ratis.ContainerStateMachine (ContainerStateMachine.java:loadSnapshot(224)) - group-D53C6002ED90: The snapshot info is null. Setting the last applied indexto:(t:0, i:~)
2021-10-13 10:11:29,295 [pool-286-thread-1] INFO  server.RaftServerConfigKeys (ConfUtils.java:logGet(44)) - raft.server.notification.no-leader.timeout = 300s (custom)
2021-10-13 10:11:29,295 [pool-286-thread-1] INFO  server.RaftServerConfigKeys (ConfUtils.java:logGet(44)) - raft.server.log.use.memory = false (default)
2021-10-13 10:11:29,295 [pool-286-thread-1] INFO  server.RaftServerConfigKeys (ConfUtils.java:logGet(44)) - raft.server.log.purge.gap = 1000000 (custom)
2021-10-13 10:11:29,295 [pool-286-thread-1] INFO  server.RaftServerConfigKeys (ConfUtils.java:logGet(44)) - raft.server.log.appender.buffer.byte-limit = 33554432 (custom)
2021-10-13 10:11:29,296 [pool-286-thread-1] INFO  server.RaftServerConfigKeys (ConfUtils.java:logGet(44)) - raft.server.log.segment.size.max = 1048576 (custom)
2021-10-13 10:11:29,298 [EventQueue-PipelineReportForPipelineReportHandler] INFO  pipeline.PipelineManagerImpl (PipelineManagerImpl.java:openPipeline(282)) - Pipeline Pipeline[ Id: 949044a9-8b22-40ed-baa3-d53c6002ed90, Nodes: 83da085b-8d99-4632-b443-c6596217d352{ip: 127.0.0.1, host: localhost, ports: [REPLICATION=32933, RATIS=34351, RATIS_ADMIN=34351, RATIS_SERVER=34351, STANDALONE=46025], networkLocation: /default-rack, certSerialId: null, persistedOpState: IN_SERVICE, persistedOpStateExpiryEpochSec: 0}, ReplicationConfig: RATIS/ONE, State:ALLOCATED, leaderId:83da085b-8d99-4632-b443-c6596217d352, CreationTimestamp2021-10-13T10:11:26.320Z[Etc/UTC]] moved to OPEN state
2021-10-13 10:11:29,298 [EventQueue-PipelineReportForPipelineReportHandler] INFO  ha.SCMHAInvocationHandler (SCMHAInvocationHandler.java:invokeRatis(113)) - Invoking method public abstract void org.apache.hadoop.hdds.scm.pipeline.PipelineStateManager.updatePipelineState(org.apache.hadoop.hdds.protocol.proto.HddsProtos$PipelineID,org.apache.hadoop.hdds.protocol.proto.HddsProtos$PipelineState) throws java.io.IOException on target org.apache.hadoop.hdds.scm.ha.SCMRatisServerImpl@18f5cb1a, cost 254.118us
2021-10-13 10:11:29,300 [EventQueue-PipelineReportForPipelineReportHandler] INFO  pipeline.PipelineManagerImpl (PipelineManagerImpl.java:openPipeline(282)) - Pipeline Pipeline[ Id: 949044a9-8b22-40ed-baa3-d53c6002ed90, Nodes: 83da085b-8d99-4632-b443-c6596217d352{ip: 127.0.0.1, host: localhost, ports: [REPLICATION=32933, RATIS=34351, RATIS_ADMIN=34351, RATIS_SERVER=34351, STANDALONE=46025], networkLocation: /default-rack, certSerialId: null, persistedOpState: IN_SERVICE, persistedOpStateExpiryEpochSec: 0}, ReplicationConfig: RATIS/ONE, State:ALLOCATED, leaderId:83da085b-8d99-4632-b443-c6596217d352, CreationTimestamp2021-10-13T10:11:26.320Z[Etc/UTC]] moved to OPEN state
2021-10-13 10:11:29,305 [pool-286-thread-1] INFO  server.RaftServerConfigKeys (ConfUtils.java:logGet(44)) - raft.server.log.segment.cache.num.max = 2 (custom)
2021-10-13 10:11:29,306 [pool-286-thread-1] INFO  server.RaftServerConfigKeys (ConfUtils.java:logGet(44)) - raft.server.log.segment.cache.size.max = 200MB (=209715200) (default)
2021-10-13 10:11:29,306 [pool-286-thread-1] INFO  segmented.SegmentedRaftLogWorker (SegmentedRaftLogWorker.java:<init>(182)) - new 83da085b-8d99-4632-b443-c6596217d352@group-D53C6002ED90-SegmentedRaftLogWorker for RaftStorageImpl:Storage Directory /home/runner/work/ozone/ozone/hadoop-ozone/integration-test/target/test-dir/MiniOzoneClusterImpl-7a3c196b-86f6-4848-923d-88c8cd7ca178/datanode-1/data/ratis/949044a9-8b22-40ed-baa3-d53c6002ed90
2021-10-13 10:11:29,306 [pool-286-thread-1] INFO  server.RaftServerConfigKeys (ConfUtils.java:logGet(44)) - raft.server.log.queue.byte-limit = 2147483647 (custom)
2021-10-13 10:11:29,306 [pool-286-thread-1] INFO  server.RaftServerConfigKeys (ConfUtils.java:logGet(44)) - raft.server.log.queue.element-limit = 1024 (custom)
2021-10-13 10:11:29,306 [pool-286-thread-1] INFO  server.RaftServerConfigKeys (ConfUtils.java:logGet(44)) - raft.server.log.segment.size.max = 1048576 (custom)
2021-10-13 10:11:29,306 [pool-286-thread-1] INFO  server.RaftServerConfigKeys (ConfUtils.java:logGet(44)) - raft.server.log.preallocated.size = 16384 (custom)
2021-10-13 10:11:29,306 [pool-286-thread-1] INFO  server.RaftServerConfigKeys (ConfUtils.java:logGet(44)) - raft.server.log.force.sync.num = 128 (default)
2021-10-13 10:11:29,306 [pool-286-thread-1] INFO  server.RaftServerConfigKeys (ConfUtils.java:logGet(44)) - raft.server.log.statemachine.data.sync = true (default)
2021-10-13 10:11:29,306 [pool-286-thread-1] INFO  server.RaftServerConfigKeys (ConfUtils.java:logGet(44)) - raft.server.log.statemachine.data.sync.timeout = 10s (default)
2021-10-13 10:11:29,306 [pool-286-thread-1] INFO  server.RaftServerConfigKeys (ConfUtils.java:logGet(44)) - raft.server.log.statemachine.data.sync.timeout.retry = -1 (default)
2021-10-13 10:11:29,315 [pool-286-thread-1] INFO  server.RaftServerConfigKeys (ConfUtils.java:logGet(44)) - raft.server.log.write.buffer.size = 1048576 (custom)
2021-10-13 10:11:29,315 [pool-286-thread-1] INFO  server.RaftServerConfigKeys (ConfUtils.java:logGet(44)) - raft.server.log.statemachine.data.caching.enabled = true (custom)
2021-10-13 10:11:29,316 [pool-286-thread-1] INFO  segmented.SegmentedRaftLogWorker (SegmentedRaftLogWorker.java:lambda$new$0(133)) - 83da085b-8d99-4632-b443-c6596217d352@group-D53C6002ED90-SegmentedRaftLogWorker: flushIndex: setUnconditionally 0 -> -1
2021-10-13 10:11:29,316 [pool-286-thread-1] INFO  segmented.SegmentedRaftLogWorker (SegmentedRaftLogWorker.java:lambda$new$0(133)) - 83da085b-8d99-4632-b443-c6596217d352@group-D53C6002ED90-SegmentedRaftLogWorker: safeCacheEvictIndex: setUnconditionally 0 -> -1
2021-10-13 10:11:29,319 [3e49b098-f263-4746-8850-a06a1becd7d6@group-88C8CD7CA178-StateMachineUpdater] INFO  safemode.HealthyPipelineSafeModeRule (HealthyPipelineSafeModeRule.java:initializeRule(152)) - Refreshed total pipeline count is 0, healthy pipeline threshold count is 1
2021-10-13 10:11:29,319 [EventQueue-PipelineReportForPipelineReportHandler] INFO  ha.SCMHAInvocationHandler (SCMHAInvocationHandler.java:invokeRatis(113)) - Invoking method public abstract void org.apache.hadoop.hdds.scm.pipeline.PipelineStateManager.updatePipelineState(org.apache.hadoop.hdds.protocol.proto.HddsProtos$PipelineID,org.apache.hadoop.hdds.protocol.proto.HddsProtos$PipelineState) throws java.io.IOException on target org.apache.hadoop.hdds.scm.ha.SCMRatisServerImpl@63280aad, cost 18584.909us
2021-10-13 10:11:29,319 [pool-286-thread-1] INFO  server.RaftServerConfigKeys (ConfUtils.java:logGet(44)) - raft.server.snapshot.auto.trigger.enabled = true (custom)
2021-10-13 10:11:29,319 [pool-286-thread-1] INFO  server.RaftServerConfigKeys (ConfUtils.java:logGet(44)) - raft.server.snapshot.auto.trigger.threshold = 10000 (custom)
2021-10-13 10:11:29,319 [pool-286-thread-1] INFO  server.RaftServerConfigKeys (ConfUtils.java:logGet(44)) - raft.server.snapshot.retention.file.num = 5 (custom)
2021-10-13 10:11:29,319 [pool-286-thread-1] INFO  server.RaftServerConfigKeys (ConfUtils.java:logGet(44)) - raft.server.log.purge.upto.snapshot.index = false (default)
2021-10-13 10:11:29,319 [pool-286-thread-1] INFO  server.RaftServerConfigKeys (ConfUtils.java:logGet(44)) - raft.server.retrycache.expirytime = 600000ms (custom)
2021-10-13 10:11:29,319 [pool-286-thread-1] INFO  server.RaftServerConfigKeys (ConfUtils.java:logGet(44)) - raft.server.retrycache.statistics.expirytime = 100μs (default)
2021-10-13 10:11:29,320 [EventQueue-OpenPipelineForHealthyPipelineSafeModeRule] INFO  safemode.SCMSafeModeManager (HealthyPipelineSafeModeRule.java:process(124)) - SCM in safe mode. Healthy pipelines reported count is 0, required healthy pipeline reported count is 1
2021-10-13 10:11:29,322 [pool-286-thread-1] INFO  server.RaftServer$Division (RaftServerImpl.java:start(296)) - 83da085b-8d99-4632-b443-c6596217d352@group-D53C6002ED90: start as a follower, conf=-1: [83da085b-8d99-4632-b443-c6596217d352|rpc:127.0.0.1:34351|priority:1], old=null
2021-10-13 10:11:29,322 [pool-286-thread-1] INFO  server.RaftServer$Division (RaftServerImpl.java:setRole(285)) - 83da085b-8d99-4632-b443-c6596217d352@group-D53C6002ED90: changes role from      null to FOLLOWER at term 0 for startAsFollower
2021-10-13 10:11:29,322 [pool-286-thread-1] INFO  impl.RoleInfo (RoleInfo.java:updateAndGet(130)) - 83da085b-8d99-4632-b443-c6596217d352: start 83da085b-8d99-4632-b443-c6596217d352@group-D53C6002ED90-FollowerState
2021-10-13 10:11:29,328 [pool-286-thread-1] INFO  util.JmxRegister (JmxRegister.java:tryRegister(44)) - Successfully registered JMX Bean with object name Ratis:service=RaftServer,group=group-D53C6002ED90,id=83da085b-8d99-4632-b443-c6596217d352
2021-10-13 10:11:29,336 [Command processor thread] INFO  ratis.XceiverServerRatis (XceiverServerRatis.java:addGroup(768)) - Created group PipelineID=949044a9-8b22-40ed-baa3-d53c6002ed90
2021-10-13 10:11:29,336 [Command processor thread] INFO  commandhandler.CreatePipelineCommandHandler (CreatePipelineCommandHandler.java:handle(106)) - Created Pipeline RATIS ONE PipelineID=949044a9-8b22-40ed-baa3-d53c6002ed90.
2021-10-13 10:11:29,337 [EndpointStateMachine task thread for /127.0.0.1:13887 - 0 ] INFO  ipc.Client (Client.java:handleConnectionFailure(977)) - Retrying connect to server: localhost/127.0.0.1:13887. Already tried 7 time(s); retry policy is RetryUpToMaximumCountWithFixedSleep(maxRetries=15, sleepTime=1000 MILLISECONDS)
2021-10-13 10:11:29,342 [f92345f7-de12-4b3d-8fd2-3689378a4141@group-88C8CD7CA178-StateMachineUpdater] INFO  safemode.HealthyPipelineSafeModeRule (HealthyPipelineSafeModeRule.java:initializeRule(152)) - Refreshed total pipeline count is 0, healthy pipeline threshold count is 1
2021-10-13 10:11:29,344 [3e49b098-f263-4746-8850-a06a1becd7d6@group-88C8CD7CA178-StateMachineUpdater] INFO  ha.SCMStateMachine (SCMStateMachine.java:takeSnapshot(290)) - Current Snapshot Index 20, takeSnapshot took 0 ms
2021-10-13 10:11:29,344 [3e49b098-f263-4746-8850-a06a1becd7d6@group-88C8CD7CA178-StateMachineUpdater] INFO  impl.StateMachineUpdater (StateMachineUpdater.java:takeSnapshot(281)) - 3e49b098-f263-4746-8850-a06a1becd7d6@group-88C8CD7CA178-StateMachineUpdater: Took a snapshot at index 20
2021-10-13 10:11:29,344 [3e49b098-f263-4746-8850-a06a1becd7d6@group-88C8CD7CA178-StateMachineUpdater] INFO  impl.StateMachineUpdater (StateMachineUpdater.java:lambda$new$0(89)) - 3e49b098-f263-4746-8850-a06a1becd7d6@group-88C8CD7CA178-StateMachineUpdater: snapshotIndex: updateIncreasingly 15 -> 20
2021-10-13 10:11:29,344 [3e49b098-f263-4746-8850-a06a1becd7d6@group-88C8CD7CA178-StateMachineUpdater] INFO  raftlog.RaftLog (RaftLogBase.java:purge(306)) - 3e49b098-f263-4746-8850-a06a1becd7d6@group-88C8CD7CA178-SegmentedRaftLog: purge 20
2021-10-13 10:11:29,344 [3e49b098-f263-4746-8850-a06a1becd7d6@group-88C8CD7CA178-StateMachineUpdater] INFO  raftlog.RaftLog (RaftLogBase.java:lambda$new$0(53)) - 3e49b098-f263-4746-8850-a06a1becd7d6@group-88C8CD7CA178-SegmentedRaftLog: snapshotIndex: updateIncreasingly 15 -> 20
2021-10-13 10:11:29,344 [3e49b098-f263-4746-8850-a06a1becd7d6@group-88C8CD7CA178-StateMachineUpdater] INFO  raftlog.RaftLog (RaftLogBase.java:lambda$new$0(53)) - 3e49b098-f263-4746-8850-a06a1becd7d6@group-88C8CD7CA178-SegmentedRaftLog: purgeIndex: updateToMax old=15, new=20, updated? true
2021-10-13 10:11:29,388 [EndpointStateMachine task thread for /127.0.0.1:13877 - 0 ] INFO  ipc.Client (Client.java:handleConnectionFailure(977)) - Retrying connect to server: localhost/127.0.0.1:13877. Already tried 10 time(s); retry policy is RetryUpToMaximumCountWithFixedSleep(maxRetries=15, sleepTime=1000 MILLISECONDS)
2021-10-13 10:11:29,698 [EventQueue-OpenPipelineForHealthyPipelineSafeModeRule] INFO  safemode.SCMSafeModeManager (HealthyPipelineSafeModeRule.java:process(124)) - SCM in safe mode. Healthy pipelines reported count is 0, required healthy pipeline reported count is 1
2021-10-13 10:11:29,699 [EventQueue-OpenPipelineForHealthyPipelineSafeModeRule] INFO  safemode.SCMSafeModeManager (HealthyPipelineSafeModeRule.java:process(124)) - SCM in safe mode. Healthy pipelines reported count is 0, required healthy pipeline reported count is 1
2021-10-13 10:11:29,962 [Listener at 127.0.0.1/11284] INFO  ozone.MiniOzoneClusterImpl (MiniOzoneClusterImpl.java:lambda$waitForClusterToBeReady$0(235)) - Nodes are ready. Got 3 of 3 DN Heartbeats.
2021-10-13 10:11:29,962 [Listener at 127.0.0.1/11284] INFO  ozone.MiniOzoneClusterImpl (MiniOzoneClusterImpl.java:lambda$waitForClusterToBeReady$0(238)) - Waiting for cluster to exit safe mode
2021-10-13 10:11:29,962 [Listener at 127.0.0.1/11284] INFO  ozone.MiniOzoneClusterImpl (MiniOzoneClusterImpl.java:lambda$waitForClusterToBeReady$0(240)) - SCM became leader
2021-10-13 10:11:29,989 [Command processor thread] INFO  server.RaftServer (RaftServerProxy.java:addNew(95)) - a78bc827-a10e-4e71-88ed-094b4b7dc052: addNew group-4AE71BA842CA:[a78bc827-a10e-4e71-88ed-094b4b7dc052|rpc:127.0.0.1:44771|priority:1] returns group-4AE71BA842CA:java.util.concurrent.CompletableFuture@c7a34c1[Not completed]
2021-10-13 10:11:29,990 [pool-307-thread-1] INFO  server.RaftServer$Division (RaftServerImpl.java:<init>(181)) - a78bc827-a10e-4e71-88ed-094b4b7dc052: new RaftServerImpl for group-4AE71BA842CA:[a78bc827-a10e-4e71-88ed-094b4b7dc052|rpc:127.0.0.1:44771|priority:1] with ContainerStateMachine:uninitialized
2021-10-13 10:11:29,990 [pool-307-thread-1] INFO  server.RaftServerConfigKeys (ConfUtils.java:logGet(44)) - raft.server.rpc.timeout.min = 5s (custom)
2021-10-13 10:11:29,990 [pool-307-thread-1] INFO  server.RaftServerConfigKeys (ConfUtils.java:logGet(44)) - raft.server.rpc.timeout.max = 5200ms (custom)
2021-10-13 10:11:29,990 [pool-307-thread-1] INFO  server.RaftServerConfigKeys (ConfUtils.java:logGet(44)) - raft.server.rpc.sleep.time = 25ms (default)
2021-10-13 10:11:29,990 [pool-307-thread-1] INFO  server.RaftServerConfigKeys (ConfUtils.java:logGet(44)) - raft.server.rpc.slowness.timeout = 300s (custom)
2021-10-13 10:11:29,990 [pool-307-thread-1] INFO  server.RaftServerConfigKeys (ConfUtils.java:logGet(44)) - raft.server.leaderelection.leader.step-down.wait-time = 10s (default)
2021-10-13 10:11:29,990 [pool-307-thread-1] INFO  server.RaftServerConfigKeys (ConfUtils.java:logGet(44)) - raft.server.sleep.deviation.threshold = 300ms (default)
2021-10-13 10:11:29,990 [pool-307-thread-1] INFO  server.RaftServerConfigKeys (ConfUtils.java:logGet(44)) - raft.server.log.appender.install.snapshot.enabled = false (custom)
2021-10-13 10:11:29,990 [pool-307-thread-1] INFO  server.RaftServer$Division (ServerState.java:<init>(105)) - a78bc827-a10e-4e71-88ed-094b4b7dc052@group-4AE71BA842CA: ConfigurationManager, init=-1: [a78bc827-a10e-4e71-88ed-094b4b7dc052|rpc:127.0.0.1:44771|priority:1], old=null, confs=<EMPTY_MAP>
2021-10-13 10:11:29,990 [pool-307-thread-1] INFO  server.RaftServerConfigKeys (ConfUtils.java:logGet(44)) - raft.server.storage.dir = [/home/runner/work/ozone/ozone/hadoop-ozone/integration-test/target/test-dir/MiniOzoneClusterImpl-7a3c196b-86f6-4848-923d-88c8cd7ca178/datanode-2/data/ratis] (custom)
2021-10-13 10:11:29,990 [pool-307-thread-1] INFO  server.RaftServerConfigKeys (ConfUtils.java:logGet(44)) - raft.server.log.corruption.policy = EXCEPTION (default)
2021-10-13 10:11:29,991 [pool-307-thread-1] INFO  server.RaftServerConfigKeys (ConfUtils.java:logGet(44)) - raft.server.storage.free-space.min = 0MB (=0) (default)
2021-10-13 10:11:29,991 [pool-307-thread-1] INFO  storage.RaftStorageDirectory (RaftStorageDirectoryImpl.java:analyzeStorage(135)) - The storage directory /home/runner/work/ozone/ozone/hadoop-ozone/integration-test/target/test-dir/MiniOzoneClusterImpl-7a3c196b-86f6-4848-923d-88c8cd7ca178/datanode-2/data/ratis/91f8651d-ea00-4308-9bb9-4ae71ba842ca does not exist. Creating ...
2021-10-13 10:11:29,993 [pool-307-thread-1] INFO  storage.RaftStorageDirectory (RaftStorageDirectoryImpl.java:tryLock(230)) - Lock on /home/runner/work/ozone/ozone/hadoop-ozone/integration-test/target/test-dir/MiniOzoneClusterImpl-7a3c196b-86f6-4848-923d-88c8cd7ca178/datanode-2/data/ratis/91f8651d-ea00-4308-9bb9-4ae71ba842ca/in_use.lock acquired by nodename 26829@fv-az395-254
2021-10-13 10:11:29,996 [pool-307-thread-1] INFO  storage.RaftStorage (RaftStorageImpl.java:format(89)) - Storage directory /home/runner/work/ozone/ozone/hadoop-ozone/integration-test/target/test-dir/MiniOzoneClusterImpl-7a3c196b-86f6-4848-923d-88c8cd7ca178/datanode-2/data/ratis/91f8651d-ea00-4308-9bb9-4ae71ba842ca has been successfully formatted.
2021-10-13 10:11:29,997 [pool-307-thread-1] INFO  ratis.ContainerStateMachine (ContainerStateMachine.java:loadSnapshot(224)) - group-4AE71BA842CA: The snapshot info is null. Setting the last applied indexto:(t:0, i:~)
2021-10-13 10:11:29,997 [pool-307-thread-1] INFO  server.RaftServerConfigKeys (ConfUtils.java:logGet(44)) - raft.server.notification.no-leader.timeout = 300s (custom)
2021-10-13 10:11:29,997 [pool-307-thread-1] INFO  server.RaftServerConfigKeys (ConfUtils.java:logGet(44)) - raft.server.log.use.memory = false (default)
2021-10-13 10:11:29,997 [pool-307-thread-1] INFO  server.RaftServerConfigKeys (ConfUtils.java:logGet(44)) - raft.server.log.purge.gap = 1000000 (custom)
2021-10-13 10:11:29,997 [pool-307-thread-1] INFO  server.RaftServerConfigKeys (ConfUtils.java:logGet(44)) - raft.server.log.appender.buffer.byte-limit = 33554432 (custom)
2021-10-13 10:11:29,999 [EventQueue-PipelineReportForPipelineReportHandler] INFO  pipeline.PipelineManagerImpl (PipelineManagerImpl.java:openPipeline(282)) - Pipeline Pipeline[ Id: 91f8651d-ea00-4308-9bb9-4ae71ba842ca, Nodes: a78bc827-a10e-4e71-88ed-094b4b7dc052{ip: 127.0.0.1, host: localhost, ports: [REPLICATION=36927, RATIS=44771, RATIS_ADMIN=44771, RATIS_SERVER=44771, STANDALONE=36337], networkLocation: /default-rack, certSerialId: null, persistedOpState: IN_SERVICE, persistedOpStateExpiryEpochSec: 0}, ReplicationConfig: RATIS/ONE, State:ALLOCATED, leaderId:a78bc827-a10e-4e71-88ed-094b4b7dc052, CreationTimestamp2021-10-13T10:11:26.995Z[Etc/UTC]] moved to OPEN state
2021-10-13 10:11:29,999 [EventQueue-PipelineReportForPipelineReportHandler] INFO  ha.SCMHAInvocationHandler (SCMHAInvocationHandler.java:invokeRatis(113)) - Invoking method public abstract void org.apache.hadoop.hdds.scm.pipeline.PipelineStateManager.updatePipelineState(org.apache.hadoop.hdds.protocol.proto.HddsProtos$PipelineID,org.apache.hadoop.hdds.protocol.proto.HddsProtos$PipelineState) throws java.io.IOException on target org.apache.hadoop.hdds.scm.ha.SCMRatisServerImpl@18f5cb1a, cost 231.116us
2021-10-13 10:11:29,999 [EventQueue-PipelineReportForPipelineReportHandler] INFO  pipeline.PipelineManagerImpl (PipelineManagerImpl.java:openPipeline(282)) - Pipeline Pipeline[ Id: 91f8651d-ea00-4308-9bb9-4ae71ba842ca, Nodes: a78bc827-a10e-4e71-88ed-094b4b7dc052{ip: 127.0.0.1, host: localhost, ports: [REPLICATION=36927, RATIS=44771, RATIS_ADMIN=44771, RATIS_SERVER=44771, STANDALONE=36337], networkLocation: /default-rack, certSerialId: null, persistedOpState: IN_SERVICE, persistedOpStateExpiryEpochSec: 0}, ReplicationConfig: RATIS/ONE, State:ALLOCATED, leaderId:a78bc827-a10e-4e71-88ed-094b4b7dc052, CreationTimestamp2021-10-13T10:11:26.995Z[Etc/UTC]] moved to OPEN state
2021-10-13 10:11:30,002 [pool-307-thread-1] INFO  server.RaftServerConfigKeys (ConfUtils.java:logGet(44)) - raft.server.log.segment.size.max = 1048576 (custom)
2021-10-13 10:11:30,003 [pool-307-thread-1] INFO  server.RaftServerConfigKeys (ConfUtils.java:logGet(44)) - raft.server.log.segment.cache.num.max = 2 (custom)
2021-10-13 10:11:30,003 [pool-307-thread-1] INFO  server.RaftServerConfigKeys (ConfUtils.java:logGet(44)) - raft.server.log.segment.cache.size.max = 200MB (=209715200) (default)
2021-10-13 10:11:30,003 [pool-307-thread-1] INFO  segmented.SegmentedRaftLogWorker (SegmentedRaftLogWorker.java:<init>(182)) - new a78bc827-a10e-4e71-88ed-094b4b7dc052@group-4AE71BA842CA-SegmentedRaftLogWorker for RaftStorageImpl:Storage Directory /home/runner/work/ozone/ozone/hadoop-ozone/integration-test/target/test-dir/MiniOzoneClusterImpl-7a3c196b-86f6-4848-923d-88c8cd7ca178/datanode-2/data/ratis/91f8651d-ea00-4308-9bb9-4ae71ba842ca
2021-10-13 10:11:30,003 [pool-307-thread-1] INFO  server.RaftServerConfigKeys (ConfUtils.java:logGet(44)) - raft.server.log.queue.byte-limit = 2147483647 (custom)
2021-10-13 10:11:30,006 [Datanode State Machine Thread - 0] ERROR datanode.RunningDatanodeState (RunningDatanodeState.java:computeNextContainerState(199)) - Error in executing end point task.
java.util.concurrent.ExecutionException: java.util.concurrent.TimeoutException
	at java.util.concurrent.FutureTask.report(FutureTask.java:122)
	at java.util.concurrent.FutureTask.get(FutureTask.java:192)
	at org.apache.hadoop.ozone.container.common.states.datanode.RunningDatanodeState.computeNextContainerState(RunningDatanodeState.java:191)
	at org.apache.hadoop.ozone.container.common.states.datanode.RunningDatanodeState.await(RunningDatanodeState.java:231)
	at org.apache.hadoop.ozone.container.common.states.datanode.RunningDatanodeState.await(RunningDatanodeState.java:50)
	at org.apache.hadoop.ozone.container.common.statemachine.StateContext.execute(StateContext.java:629)
	at org.apache.hadoop.ozone.container.common.statemachine.DatanodeStateMachine.start(DatanodeStateMachine.java:276)
	at org.apache.hadoop.ozone.container.common.statemachine.DatanodeStateMachine.lambda$startDaemon$0(DatanodeStateMachine.java:464)
	at java.lang.Thread.run(Thread.java:748)
Caused by: java.util.concurrent.TimeoutException
	at java.util.concurrent.FutureTask.get(FutureTask.java:205)
	at org.apache.hadoop.ozone.container.common.states.datanode.RunningDatanodeState.lambda$execute$0(RunningDatanodeState.java:149)
	at java.util.concurrent.FutureTask.run(FutureTask.java:266)
	at java.util.concurrent.Executors$RunnableAdapter.call(Executors.java:511)
	at java.util.concurrent.FutureTask.run(FutureTask.java:266)
	at java.util.concurrent.ThreadPoolExecutor.runWorker(ThreadPoolExecutor.java:1149)
	at java.util.concurrent.ThreadPoolExecutor$Worker.run(ThreadPoolExecutor.java:624)
	... 1 more
2021-10-13 10:11:30,006 [pool-307-thread-1] INFO  server.RaftServerConfigKeys (ConfUtils.java:logGet(44)) - raft.server.log.queue.element-limit = 1024 (custom)
2021-10-13 10:11:30,011 [pool-307-thread-1] INFO  server.RaftServerConfigKeys (ConfUtils.java:logGet(44)) - raft.server.log.segment.size.max = 1048576 (custom)
2021-10-13 10:11:30,011 [pool-307-thread-1] INFO  server.RaftServerConfigKeys (ConfUtils.java:logGet(44)) - raft.server.log.preallocated.size = 16384 (custom)
2021-10-13 10:11:30,011 [pool-307-thread-1] INFO  server.RaftServerConfigKeys (ConfUtils.java:logGet(44)) - raft.server.log.force.sync.num = 128 (default)
2021-10-13 10:11:30,011 [pool-307-thread-1] INFO  server.RaftServerConfigKeys (ConfUtils.java:logGet(44)) - raft.server.log.statemachine.data.sync = true (default)
2021-10-13 10:11:30,011 [pool-307-thread-1] INFO  server.RaftServerConfigKeys (ConfUtils.java:logGet(44)) - raft.server.log.statemachine.data.sync.timeout = 10s (default)
2021-10-13 10:11:30,011 [pool-307-thread-1] INFO  server.RaftServerConfigKeys (ConfUtils.java:logGet(44)) - raft.server.log.statemachine.data.sync.timeout.retry = -1 (default)
2021-10-13 10:11:30,011 [f92345f7-de12-4b3d-8fd2-3689378a4141@group-88C8CD7CA178-StateMachineUpdater] INFO  ha.SCMStateMachine (SCMStateMachine.java:takeSnapshot(290)) - Current Snapshot Index 20, takeSnapshot took 0 ms
2021-10-13 10:11:30,011 [f92345f7-de12-4b3d-8fd2-3689378a4141@group-88C8CD7CA178-StateMachineUpdater] INFO  impl.StateMachineUpdater (StateMachineUpdater.java:takeSnapshot(281)) - f92345f7-de12-4b3d-8fd2-3689378a4141@group-88C8CD7CA178-StateMachineUpdater: Took a snapshot at index 20
2021-10-13 10:11:30,011 [f92345f7-de12-4b3d-8fd2-3689378a4141@group-88C8CD7CA178-StateMachineUpdater] INFO  impl.StateMachineUpdater (StateMachineUpdater.java:lambda$new$0(89)) - f92345f7-de12-4b3d-8fd2-3689378a4141@group-88C8CD7CA178-StateMachineUpdater: snapshotIndex: updateIncreasingly 15 -> 20
2021-10-13 10:11:30,011 [f92345f7-de12-4b3d-8fd2-3689378a4141@group-88C8CD7CA178-StateMachineUpdater] INFO  raftlog.RaftLog (RaftLogBase.java:purge(306)) - f92345f7-de12-4b3d-8fd2-3689378a4141@group-88C8CD7CA178-SegmentedRaftLog: purge 20
2021-10-13 10:11:30,012 [f92345f7-de12-4b3d-8fd2-3689378a4141@group-88C8CD7CA178-StateMachineUpdater] INFO  raftlog.RaftLog (RaftLogBase.java:lambda$new$0(53)) - f92345f7-de12-4b3d-8fd2-3689378a4141@group-88C8CD7CA178-SegmentedRaftLog: snapshotIndex: updateIncreasingly 15 -> 20
2021-10-13 10:11:30,012 [f92345f7-de12-4b3d-8fd2-3689378a4141@group-88C8CD7CA178-StateMachineUpdater] INFO  raftlog.RaftLog (RaftLogBase.java:lambda$new$0(53)) - f92345f7-de12-4b3d-8fd2-3689378a4141@group-88C8CD7CA178-SegmentedRaftLog: purgeIndex: updateToMax old=15, new=20, updated? true
2021-10-13 10:11:30,013 [3e49b098-f263-4746-8850-a06a1becd7d6@group-88C8CD7CA178-StateMachineUpdater] INFO  safemode.HealthyPipelineSafeModeRule (HealthyPipelineSafeModeRule.java:initializeRule(152)) - Refreshed total pipeline count is 0, healthy pipeline threshold count is 1
2021-10-13 10:11:30,013 [EventQueue-PipelineReportForPipelineReportHandler] INFO  ha.SCMHAInvocationHandler (SCMHAInvocationHandler.java:invokeRatis(113)) - Invoking method public abstract void org.apache.hadoop.hdds.scm.pipeline.PipelineStateManager.updatePipelineState(org.apache.hadoop.hdds.protocol.proto.HddsProtos$PipelineID,org.apache.hadoop.hdds.protocol.proto.HddsProtos$PipelineState) throws java.io.IOException on target org.apache.hadoop.hdds.scm.ha.SCMRatisServerImpl@63280aad, cost 13710.765us
2021-10-13 10:11:30,013 [EventQueue-OpenPipelineForHealthyPipelineSafeModeRule] INFO  safemode.SCMSafeModeManager (HealthyPipelineSafeModeRule.java:process(124)) - SCM in safe mode. Healthy pipelines reported count is 0, required healthy pipeline reported count is 1
2021-10-13 10:11:30,024 [pool-307-thread-1] INFO  server.RaftServerConfigKeys (ConfUtils.java:logGet(44)) - raft.server.log.write.buffer.size = 1048576 (custom)
2021-10-13 10:11:30,025 [pool-307-thread-1] INFO  server.RaftServerConfigKeys (ConfUtils.java:logGet(44)) - raft.server.log.statemachine.data.caching.enabled = true (custom)
2021-10-13 10:11:30,025 [pool-307-thread-1] INFO  segmented.SegmentedRaftLogWorker (SegmentedRaftLogWorker.java:lambda$new$0(133)) - a78bc827-a10e-4e71-88ed-094b4b7dc052@group-4AE71BA842CA-SegmentedRaftLogWorker: flushIndex: setUnconditionally 0 -> -1
2021-10-13 10:11:30,025 [pool-307-thread-1] INFO  segmented.SegmentedRaftLogWorker (SegmentedRaftLogWorker.java:lambda$new$0(133)) - a78bc827-a10e-4e71-88ed-094b4b7dc052@group-4AE71BA842CA-SegmentedRaftLogWorker: safeCacheEvictIndex: setUnconditionally 0 -> -1
2021-10-13 10:11:30,029 [f92345f7-de12-4b3d-8fd2-3689378a4141@group-88C8CD7CA178-StateMachineUpdater] INFO  safemode.HealthyPipelineSafeModeRule (HealthyPipelineSafeModeRule.java:initializeRule(152)) - Refreshed total pipeline count is 0, healthy pipeline threshold count is 1
2021-10-13 10:11:30,040 [pool-307-thread-1] INFO  server.RaftServerConfigKeys (ConfUtils.java:logGet(44)) - raft.server.snapshot.auto.trigger.enabled = true (custom)
2021-10-13 10:11:30,040 [pool-307-thread-1] INFO  server.RaftServerConfigKeys (ConfUtils.java:logGet(44)) - raft.server.snapshot.auto.trigger.threshold = 10000 (custom)
2021-10-13 10:11:30,040 [pool-307-thread-1] INFO  server.RaftServerConfigKeys (ConfUtils.java:logGet(44)) - raft.server.snapshot.retention.file.num = 5 (custom)
2021-10-13 10:11:30,040 [pool-307-thread-1] INFO  server.RaftServerConfigKeys (ConfUtils.java:logGet(44)) - raft.server.log.purge.upto.snapshot.index = false (default)
2021-10-13 10:11:30,040 [pool-307-thread-1] INFO  server.RaftServerConfigKeys (ConfUtils.java:logGet(44)) - raft.server.retrycache.expirytime = 600000ms (custom)
2021-10-13 10:11:30,040 [pool-307-thread-1] INFO  server.RaftServerConfigKeys (ConfUtils.java:logGet(44)) - raft.server.retrycache.statistics.expirytime = 100μs (default)
2021-10-13 10:11:30,042 [pool-307-thread-1] INFO  server.RaftServer$Division (RaftServerImpl.java:start(296)) - a78bc827-a10e-4e71-88ed-094b4b7dc052@group-4AE71BA842CA: start as a follower, conf=-1: [a78bc827-a10e-4e71-88ed-094b4b7dc052|rpc:127.0.0.1:44771|priority:1], old=null
2021-10-13 10:11:30,042 [pool-307-thread-1] INFO  server.RaftServer$Division (RaftServerImpl.java:setRole(285)) - a78bc827-a10e-4e71-88ed-094b4b7dc052@group-4AE71BA842CA: changes role from      null to FOLLOWER at term 0 for startAsFollower
2021-10-13 10:11:30,042 [pool-307-thread-1] INFO  impl.RoleInfo (RoleInfo.java:updateAndGet(130)) - a78bc827-a10e-4e71-88ed-094b4b7dc052: start a78bc827-a10e-4e71-88ed-094b4b7dc052@group-4AE71BA842CA-FollowerState
2021-10-13 10:11:30,042 [pool-307-thread-1] INFO  util.JmxRegister (JmxRegister.java:tryRegister(44)) - Successfully registered JMX Bean with object name Ratis:service=RaftServer,group=group-4AE71BA842CA,id=a78bc827-a10e-4e71-88ed-094b4b7dc052
2021-10-13 10:11:30,043 [Command processor thread] INFO  ratis.XceiverServerRatis (XceiverServerRatis.java:addGroup(768)) - Created group PipelineID=91f8651d-ea00-4308-9bb9-4ae71ba842ca
2021-10-13 10:11:30,043 [Command processor thread] INFO  commandhandler.CreatePipelineCommandHandler (CreatePipelineCommandHandler.java:handle(106)) - Created Pipeline RATIS ONE PipelineID=91f8651d-ea00-4308-9bb9-4ae71ba842ca.
2021-10-13 10:11:30,052 [EndpointStateMachine task thread for /127.0.0.1:13897 - 0 ] INFO  ipc.Client (Client.java:handleConnectionFailure(977)) - Retrying connect to server: localhost/127.0.0.1:13897. Already tried 11 time(s); retry policy is RetryUpToMaximumCountWithFixedSleep(maxRetries=15, sleepTime=1000 MILLISECONDS)
2021-10-13 10:11:30,338 [EndpointStateMachine task thread for /127.0.0.1:13887 - 0 ] INFO  ipc.Client (Client.java:handleConnectionFailure(977)) - Retrying connect to server: localhost/127.0.0.1:13887. Already tried 8 time(s); retry policy is RetryUpToMaximumCountWithFixedSleep(maxRetries=15, sleepTime=1000 MILLISECONDS)
2021-10-13 10:11:30,388 [EndpointStateMachine task thread for /127.0.0.1:13877 - 0 ] INFO  ipc.Client (Client.java:handleConnectionFailure(977)) - Retrying connect to server: localhost/127.0.0.1:13877. Already tried 11 time(s); retry policy is RetryUpToMaximumCountWithFixedSleep(maxRetries=15, sleepTime=1000 MILLISECONDS)
2021-10-13 10:11:30,962 [Listener at 127.0.0.1/11284] INFO  ozone.MiniOzoneClusterImpl (MiniOzoneClusterImpl.java:lambda$waitForClusterToBeReady$0(235)) - Nodes are ready. Got 3 of 3 DN Heartbeats.
2021-10-13 10:11:30,963 [Listener at 127.0.0.1/11284] INFO  ozone.MiniOzoneClusterImpl (MiniOzoneClusterImpl.java:lambda$waitForClusterToBeReady$0(238)) - Waiting for cluster to exit safe mode
2021-10-13 10:11:30,963 [Listener at 127.0.0.1/11284] INFO  ozone.MiniOzoneClusterImpl (MiniOzoneClusterImpl.java:lambda$waitForClusterToBeReady$0(240)) - SCM became leader
2021-10-13 10:11:30,997 [Datanode State Machine Thread - 0] ERROR datanode.RunningDatanodeState (RunningDatanodeState.java:computeNextContainerState(199)) - Error in executing end point task.
java.util.concurrent.ExecutionException: java.util.concurrent.TimeoutException
	at java.util.concurrent.FutureTask.report(FutureTask.java:122)
	at java.util.concurrent.FutureTask.get(FutureTask.java:192)
	at org.apache.hadoop.ozone.container.common.states.datanode.RunningDatanodeState.computeNextContainerState(RunningDatanodeState.java:191)
	at org.apache.hadoop.ozone.container.common.states.datanode.RunningDatanodeState.await(RunningDatanodeState.java:231)
	at org.apache.hadoop.ozone.container.common.states.datanode.RunningDatanodeState.await(RunningDatanodeState.java:50)
	at org.apache.hadoop.ozone.container.common.statemachine.StateContext.execute(StateContext.java:629)
	at org.apache.hadoop.ozone.container.common.statemachine.DatanodeStateMachine.start(DatanodeStateMachine.java:276)
	at org.apache.hadoop.ozone.container.common.statemachine.DatanodeStateMachine.lambda$startDaemon$0(DatanodeStateMachine.java:464)
	at java.lang.Thread.run(Thread.java:748)
Caused by: java.util.concurrent.TimeoutException
	at java.util.concurrent.FutureTask.get(FutureTask.java:205)
	at org.apache.hadoop.ozone.container.common.states.datanode.RunningDatanodeState.lambda$execute$0(RunningDatanodeState.java:149)
	at java.util.concurrent.FutureTask.run(FutureTask.java:266)
	at java.util.concurrent.Executors$RunnableAdapter.call(Executors.java:511)
	at java.util.concurrent.FutureTask.run(FutureTask.java:266)
	at java.util.concurrent.ThreadPoolExecutor.runWorker(ThreadPoolExecutor.java:1149)
	at java.util.concurrent.ThreadPoolExecutor$Worker.run(ThreadPoolExecutor.java:624)
	... 1 more
2021-10-13 10:11:31,053 [EndpointStateMachine task thread for /127.0.0.1:13897 - 0 ] INFO  ipc.Client (Client.java:handleConnectionFailure(977)) - Retrying connect to server: localhost/127.0.0.1:13897. Already tried 12 time(s); retry policy is RetryUpToMaximumCountWithFixedSleep(maxRetries=15, sleepTime=1000 MILLISECONDS)
2021-10-13 10:11:31,339 [EndpointStateMachine task thread for /127.0.0.1:13887 - 0 ] INFO  ipc.Client (Client.java:handleConnectionFailure(977)) - Retrying connect to server: localhost/127.0.0.1:13887. Already tried 9 time(s); retry policy is RetryUpToMaximumCountWithFixedSleep(maxRetries=15, sleepTime=1000 MILLISECONDS)
2021-10-13 10:11:31,389 [EndpointStateMachine task thread for /127.0.0.1:13877 - 0 ] INFO  ipc.Client (Client.java:handleConnectionFailure(977)) - Retrying connect to server: localhost/127.0.0.1:13877. Already tried 12 time(s); retry policy is RetryUpToMaximumCountWithFixedSleep(maxRetries=15, sleepTime=1000 MILLISECONDS)
2021-10-13 10:11:31,963 [Listener at 127.0.0.1/11284] INFO  ozone.MiniOzoneClusterImpl (MiniOzoneClusterImpl.java:lambda$waitForClusterToBeReady$0(235)) - Nodes are ready. Got 3 of 3 DN Heartbeats.
2021-10-13 10:11:31,963 [Listener at 127.0.0.1/11284] INFO  ozone.MiniOzoneClusterImpl (MiniOzoneClusterImpl.java:lambda$waitForClusterToBeReady$0(238)) - Waiting for cluster to exit safe mode
2021-10-13 10:11:31,963 [Listener at 127.0.0.1/11284] INFO  ozone.MiniOzoneClusterImpl (MiniOzoneClusterImpl.java:lambda$waitForClusterToBeReady$0(240)) - SCM became leader
2021-10-13 10:11:32,053 [EndpointStateMachine task thread for /127.0.0.1:13897 - 0 ] INFO  ipc.Client (Client.java:handleConnectionFailure(977)) - Retrying connect to server: localhost/127.0.0.1:13897. Already tried 13 time(s); retry policy is RetryUpToMaximumCountWithFixedSleep(maxRetries=15, sleepTime=1000 MILLISECONDS)
2021-10-13 10:11:32,339 [EndpointStateMachine task thread for /127.0.0.1:13887 - 0 ] INFO  ipc.Client (Client.java:handleConnectionFailure(977)) - Retrying connect to server: localhost/127.0.0.1:13887. Already tried 10 time(s); retry policy is RetryUpToMaximumCountWithFixedSleep(maxRetries=15, sleepTime=1000 MILLISECONDS)
2021-10-13 10:11:32,389 [EndpointStateMachine task thread for /127.0.0.1:13877 - 0 ] INFO  ipc.Client (Client.java:handleConnectionFailure(977)) - Retrying connect to server: localhost/127.0.0.1:13877. Already tried 13 time(s); retry policy is RetryUpToMaximumCountWithFixedSleep(maxRetries=15, sleepTime=1000 MILLISECONDS)
2021-10-13 10:11:32,964 [Listener at 127.0.0.1/11284] INFO  ozone.MiniOzoneClusterImpl (MiniOzoneClusterImpl.java:lambda$waitForClusterToBeReady$0(235)) - Nodes are ready. Got 3 of 3 DN Heartbeats.
2021-10-13 10:11:32,964 [Listener at 127.0.0.1/11284] INFO  ozone.MiniOzoneClusterImpl (MiniOzoneClusterImpl.java:lambda$waitForClusterToBeReady$0(238)) - Waiting for cluster to exit safe mode
2021-10-13 10:11:32,964 [Listener at 127.0.0.1/11284] INFO  ozone.MiniOzoneClusterImpl (MiniOzoneClusterImpl.java:lambda$waitForClusterToBeReady$0(240)) - SCM became leader
2021-10-13 10:11:33,054 [EndpointStateMachine task thread for /127.0.0.1:13897 - 0 ] INFO  ipc.Client (Client.java:handleConnectionFailure(977)) - Retrying connect to server: localhost/127.0.0.1:13897. Already tried 14 time(s); retry policy is RetryUpToMaximumCountWithFixedSleep(maxRetries=15, sleepTime=1000 MILLISECONDS)
2021-10-13 10:11:33,055 [EndpointStateMachine task thread for /127.0.0.1:13897 - 0 ] WARN  statemachine.EndpointStateMachine (EndpointStateMachine.java:logIfNeeded(236)) - Unable to communicate to SCM server at localhost:13897 for past 0 seconds.
java.net.ConnectException: Call From fv-az395-254/10.1.0.44 to localhost:13897 failed on connection exception: java.net.ConnectException: Connection refused; For more details see:  http://wiki.apache.org/hadoop/ConnectionRefused
	at sun.reflect.NativeConstructorAccessorImpl.newInstance0(Native Method)
	at sun.reflect.NativeConstructorAccessorImpl.newInstance(NativeConstructorAccessorImpl.java:62)
	at sun.reflect.DelegatingConstructorAccessorImpl.newInstance(DelegatingConstructorAccessorImpl.java:45)
	at java.lang.reflect.Constructor.newInstance(Constructor.java:423)
	at org.apache.hadoop.net.NetUtils.wrapWithMessage(NetUtils.java:913)
	at org.apache.hadoop.net.NetUtils.wrapException(NetUtils.java:828)
	at org.apache.hadoop.ipc.Client.getRpcResponse(Client.java:1577)
	at org.apache.hadoop.ipc.Client.call(Client.java:1519)
	at org.apache.hadoop.ipc.Client.call(Client.java:1416)
	at org.apache.hadoop.ipc.ProtobufRpcEngine$Invoker.invoke(ProtobufRpcEngine.java:236)
	at org.apache.hadoop.ipc.ProtobufRpcEngine$Invoker.invoke(ProtobufRpcEngine.java:123)
	at com.sun.proxy.$Proxy48.submitRequest(Unknown Source)
	at org.apache.hadoop.ozone.protocolPB.StorageContainerDatanodeProtocolClientSideTranslatorPB.submitRequest(StorageContainerDatanodeProtocolClientSideTranslatorPB.java:117)
	at org.apache.hadoop.ozone.protocolPB.StorageContainerDatanodeProtocolClientSideTranslatorPB.register(StorageContainerDatanodeProtocolClientSideTranslatorPB.java:180)
	at org.apache.hadoop.ozone.container.common.states.endpoint.RegisterEndpointTask.call(RegisterEndpointTask.java:158)
	at org.apache.hadoop.ozone.container.common.states.endpoint.RegisterEndpointTask.call(RegisterEndpointTask.java:52)
	at java.util.concurrent.FutureTask.run(FutureTask.java:266)
	at java.util.concurrent.ThreadPoolExecutor.runWorker(ThreadPoolExecutor.java:1149)
	at java.util.concurrent.ThreadPoolExecutor$Worker.run(ThreadPoolExecutor.java:624)
	at java.lang.Thread.run(Thread.java:748)
Caused by: java.net.ConnectException: Connection refused
	at sun.nio.ch.SocketChannelImpl.checkConnect(Native Method)
	at sun.nio.ch.SocketChannelImpl.finishConnect(SocketChannelImpl.java:716)
	at org.apache.hadoop.net.SocketIOWithTimeout.connect(SocketIOWithTimeout.java:206)
	at org.apache.hadoop.net.NetUtils.connect(NetUtils.java:586)
	at org.apache.hadoop.ipc.Client$Connection.setupConnection(Client.java:701)
	at org.apache.hadoop.ipc.Client$Connection.setupIOstreams(Client.java:822)
	at org.apache.hadoop.ipc.Client$Connection.access$3800(Client.java:414)
	at org.apache.hadoop.ipc.Client.getConnection(Client.java:1647)
	at org.apache.hadoop.ipc.Client.call(Client.java:1463)
	... 12 more
2021-10-13 10:11:33,340 [EndpointStateMachine task thread for /127.0.0.1:13887 - 0 ] INFO  ipc.Client (Client.java:handleConnectionFailure(977)) - Retrying connect to server: localhost/127.0.0.1:13887. Already tried 11 time(s); retry policy is RetryUpToMaximumCountWithFixedSleep(maxRetries=15, sleepTime=1000 MILLISECONDS)
2021-10-13 10:11:33,390 [EndpointStateMachine task thread for /127.0.0.1:13877 - 0 ] INFO  ipc.Client (Client.java:handleConnectionFailure(977)) - Retrying connect to server: localhost/127.0.0.1:13877. Already tried 14 time(s); retry policy is RetryUpToMaximumCountWithFixedSleep(maxRetries=15, sleepTime=1000 MILLISECONDS)
2021-10-13 10:11:33,796 [83908b8c-1318-4212-96d2-7cdb43457491@group-E9F3432E5886-FollowerState] INFO  impl.FollowerState (FollowerState.java:run(134)) - 83908b8c-1318-4212-96d2-7cdb43457491@group-E9F3432E5886-FollowerState: change to CANDIDATE, lastRpcElapsedTime:5050025906ns, electionTimeout:5048ms
2021-10-13 10:11:33,796 [83908b8c-1318-4212-96d2-7cdb43457491@group-E9F3432E5886-FollowerState] INFO  impl.RoleInfo (RoleInfo.java:shutdownFollowerState(108)) - 83908b8c-1318-4212-96d2-7cdb43457491: shutdown 83908b8c-1318-4212-96d2-7cdb43457491@group-E9F3432E5886-FollowerState
2021-10-13 10:11:33,796 [83908b8c-1318-4212-96d2-7cdb43457491@group-E9F3432E5886-FollowerState] INFO  server.RaftServer$Division (RaftServerImpl.java:setRole(285)) - 83908b8c-1318-4212-96d2-7cdb43457491@group-E9F3432E5886: changes role from  FOLLOWER to CANDIDATE at term 0 for changeToCandidate
2021-10-13 10:11:33,797 [83908b8c-1318-4212-96d2-7cdb43457491@group-E9F3432E5886-FollowerState] INFO  server.RaftServerConfigKeys (ConfUtils.java:logGet(44)) - raft.server.leaderelection.pre-vote = false (custom)
2021-10-13 10:11:33,797 [83908b8c-1318-4212-96d2-7cdb43457491@group-E9F3432E5886-FollowerState] INFO  impl.RoleInfo (RoleInfo.java:updateAndGet(130)) - 83908b8c-1318-4212-96d2-7cdb43457491: start 83908b8c-1318-4212-96d2-7cdb43457491@group-E9F3432E5886-LeaderElection20
2021-10-13 10:11:33,812 [83908b8c-1318-4212-96d2-7cdb43457491@group-E9F3432E5886-LeaderElection20] INFO  impl.LeaderElection (LeaderElection.java:askForVotes(306)) - 83908b8c-1318-4212-96d2-7cdb43457491@group-E9F3432E5886-LeaderElection20 ELECTION round 0: submit vote requests at term 1 for -1: [83908b8c-1318-4212-96d2-7cdb43457491|rpc:127.0.0.1:46375|priority:1], old=null
2021-10-13 10:11:33,812 [83908b8c-1318-4212-96d2-7cdb43457491@group-E9F3432E5886-LeaderElection20] INFO  impl.LeaderElection (LeaderElection.java:askForVotes(308)) - 83908b8c-1318-4212-96d2-7cdb43457491@group-E9F3432E5886-LeaderElection20 ELECTION round 0: result PASSED (term=1)
2021-10-13 10:11:33,812 [83908b8c-1318-4212-96d2-7cdb43457491@group-E9F3432E5886-LeaderElection20] INFO  impl.RoleInfo (RoleInfo.java:shutdownLeaderElection(121)) - 83908b8c-1318-4212-96d2-7cdb43457491: shutdown 83908b8c-1318-4212-96d2-7cdb43457491@group-E9F3432E5886-LeaderElection20
2021-10-13 10:11:33,812 [83908b8c-1318-4212-96d2-7cdb43457491@group-E9F3432E5886-LeaderElection20] INFO  server.RaftServer$Division (RaftServerImpl.java:setRole(285)) - 83908b8c-1318-4212-96d2-7cdb43457491@group-E9F3432E5886: changes role from CANDIDATE to LEADER at term 1 for changeToLeader
2021-10-13 10:11:33,813 [83908b8c-1318-4212-96d2-7cdb43457491@group-E9F3432E5886-LeaderElection20] INFO  ratis.XceiverServerRatis (XceiverServerRatis.java:handleLeaderChangedNotification(866)) - Leader change notification received for group: group-E9F3432E5886 with new leaderId: 83908b8c-1318-4212-96d2-7cdb43457491
2021-10-13 10:11:33,813 [83908b8c-1318-4212-96d2-7cdb43457491@group-E9F3432E5886-LeaderElection20] INFO  server.RaftServer$Division (ServerState.java:setLeader(285)) - 83908b8c-1318-4212-96d2-7cdb43457491@group-E9F3432E5886: change Leader from null to 83908b8c-1318-4212-96d2-7cdb43457491 at term 1 for becomeLeader, leader elected after 5096ms
2021-10-13 10:11:33,813 [83908b8c-1318-4212-96d2-7cdb43457491@group-E9F3432E5886-LeaderElection20] INFO  server.RaftServerConfigKeys (ConfUtils.java:logGet(44)) - raft.server.staging.catchup.gap = 1000 (default)
2021-10-13 10:11:33,813 [83908b8c-1318-4212-96d2-7cdb43457491@group-E9F3432E5886-LeaderElection20] INFO  server.RaftServerConfigKeys (ConfUtils.java:logGet(44)) - raft.server.write.element-limit = 1024 (custom)
2021-10-13 10:11:33,816 [EventQueue-OpenPipelineForHealthyPipelineSafeModeRule] INFO  safemode.SCMSafeModeManager (HealthyPipelineSafeModeRule.java:process(124)) - SCM in safe mode. Healthy pipelines reported count is 0, required healthy pipeline reported count is 1
2021-10-13 10:11:33,815 [EventQueue-OpenPipelineForHealthyPipelineSafeModeRule] INFO  safemode.SCMSafeModeManager (HealthyPipelineSafeModeRule.java:process(124)) - SCM in safe mode. Healthy pipelines reported count is 0, required healthy pipeline reported count is 1
2021-10-13 10:11:33,818 [83908b8c-1318-4212-96d2-7cdb43457491@group-E9F3432E5886-LeaderElection20] INFO  server.RaftServerConfigKeys (ConfUtils.java:logGet(44)) - raft.server.write.byte-limit = 1024 M (=1073741824) (custom)
2021-10-13 10:11:33,819 [83908b8c-1318-4212-96d2-7cdb43457491@group-E9F3432E5886-LeaderElection20] INFO  server.RaftServerConfigKeys (ConfUtils.java:logGet(44)) - raft.server.watch.timeout = 180s (custom)
2021-10-13 10:11:33,819 [83908b8c-1318-4212-96d2-7cdb43457491@group-E9F3432E5886-LeaderElection20] INFO  server.RaftServerConfigKeys (ConfUtils.java:logGet(44)) - raft.server.watch.timeout.denomination = 1s (default)
2021-10-13 10:11:33,820 [83908b8c-1318-4212-96d2-7cdb43457491@group-E9F3432E5886-LeaderElection20] INFO  server.RaftServerConfigKeys (ConfUtils.java:logGet(44)) - raft.server.watch.element-limit = 65536 (default)
2021-10-13 10:11:33,820 [83908b8c-1318-4212-96d2-7cdb43457491@group-E9F3432E5886-LeaderElection20] INFO  impl.RoleInfo (RoleInfo.java:updateAndGet(130)) - 83908b8c-1318-4212-96d2-7cdb43457491: start 83908b8c-1318-4212-96d2-7cdb43457491@group-E9F3432E5886-LeaderStateImpl
2021-10-13 10:11:33,820 [83908b8c-1318-4212-96d2-7cdb43457491@group-E9F3432E5886-LeaderElection20] INFO  segmented.SegmentedRaftLogWorker (SegmentedRaftLogWorker.java:startLogSegment(394)) - 83908b8c-1318-4212-96d2-7cdb43457491@group-E9F3432E5886-SegmentedRaftLogWorker: Starting segment from index:0
2021-10-13 10:11:33,821 [83908b8c-1318-4212-96d2-7cdb43457491@group-E9F3432E5886-SegmentedRaftLogWorker] INFO  segmented.SegmentedRaftLogWorker (SegmentedRaftLogWorker.java:execute(601)) - 83908b8c-1318-4212-96d2-7cdb43457491@group-E9F3432E5886-SegmentedRaftLogWorker: created new log segment /home/runner/work/ozone/ozone/hadoop-ozone/integration-test/target/test-dir/MiniOzoneClusterImpl-7a3c196b-86f6-4848-923d-88c8cd7ca178/datanode-0/data/ratis/c34cc736-750d-425e-b3fb-e9f3432e5886/current/log_inprogress_0
2021-10-13 10:11:33,835 [83908b8c-1318-4212-96d2-7cdb43457491@group-D48C150F8724-FollowerState] INFO  impl.FollowerState (FollowerState.java:run(134)) - 83908b8c-1318-4212-96d2-7cdb43457491@group-D48C150F8724-FollowerState: change to CANDIDATE, lastRpcElapsedTime:5046270241ns, electionTimeout:5042ms
2021-10-13 10:11:33,835 [83908b8c-1318-4212-96d2-7cdb43457491@group-D48C150F8724-FollowerState] INFO  impl.RoleInfo (RoleInfo.java:shutdownFollowerState(108)) - 83908b8c-1318-4212-96d2-7cdb43457491: shutdown 83908b8c-1318-4212-96d2-7cdb43457491@group-D48C150F8724-FollowerState
2021-10-13 10:11:33,835 [83908b8c-1318-4212-96d2-7cdb43457491@group-D48C150F8724-FollowerState] INFO  server.RaftServer$Division (RaftServerImpl.java:setRole(285)) - 83908b8c-1318-4212-96d2-7cdb43457491@group-D48C150F8724: changes role from  FOLLOWER to CANDIDATE at term 0 for changeToCandidate
2021-10-13 10:11:33,835 [83908b8c-1318-4212-96d2-7cdb43457491@group-D48C150F8724-FollowerState] INFO  server.RaftServerConfigKeys (ConfUtils.java:logGet(44)) - raft.server.leaderelection.pre-vote = false (custom)
2021-10-13 10:11:33,835 [83908b8c-1318-4212-96d2-7cdb43457491@group-D48C150F8724-FollowerState] INFO  impl.RoleInfo (RoleInfo.java:updateAndGet(130)) - 83908b8c-1318-4212-96d2-7cdb43457491: start 83908b8c-1318-4212-96d2-7cdb43457491@group-D48C150F8724-LeaderElection21
2021-10-13 10:11:33,868 [83908b8c-1318-4212-96d2-7cdb43457491@group-E9F3432E5886-LeaderElection20] INFO  server.RaftServer$Division (ServerState.java:setRaftConf(387)) - 83908b8c-1318-4212-96d2-7cdb43457491@group-E9F3432E5886: set configuration 0: [83908b8c-1318-4212-96d2-7cdb43457491|rpc:127.0.0.1:46375|dataStream:|priority:1], old=null
2021-10-13 10:11:33,876 [83908b8c-1318-4212-96d2-7cdb43457491@group-D48C150F8724-LeaderElection21] INFO  impl.LeaderElection (LeaderElection.java:askForVotes(306)) - 83908b8c-1318-4212-96d2-7cdb43457491@group-D48C150F8724-LeaderElection21 ELECTION round 0: submit vote requests at term 1 for -1: [83908b8c-1318-4212-96d2-7cdb43457491|rpc:127.0.0.1:46375|priority:0, 83da085b-8d99-4632-b443-c6596217d352|rpc:127.0.0.1:34351|priority:1, a78bc827-a10e-4e71-88ed-094b4b7dc052|rpc:127.0.0.1:44771|priority:0], old=null
2021-10-13 10:11:33,916 [grpc-default-executor-2] INFO  server.RaftServer$Division (RaftServerImpl.java:requestVote(1043)) - 83da085b-8d99-4632-b443-c6596217d352@group-D48C150F8724: receive requestVote(ELECTION, 83908b8c-1318-4212-96d2-7cdb43457491, group-D48C150F8724, 1, (t:0, i:0))
2021-10-13 10:11:33,916 [grpc-default-executor-2] INFO  impl.VoteContext (VoteContext.java:log(48)) - 83da085b-8d99-4632-b443-c6596217d352@group-D48C150F8724-FOLLOWER: reject ELECTION from 83908b8c-1318-4212-96d2-7cdb43457491: our priority 1 > candidate's priority 0
2021-10-13 10:11:33,916 [grpc-default-executor-2] INFO  server.RaftServer$Division (RaftServerImpl.java:setRole(285)) - 83da085b-8d99-4632-b443-c6596217d352@group-D48C150F8724: changes role from  FOLLOWER to FOLLOWER at term 1 for candidate:83908b8c-1318-4212-96d2-7cdb43457491
2021-10-13 10:11:33,916 [grpc-default-executor-2] INFO  impl.RoleInfo (RoleInfo.java:shutdownFollowerState(108)) - 83da085b-8d99-4632-b443-c6596217d352: shutdown 83da085b-8d99-4632-b443-c6596217d352@group-D48C150F8724-FollowerState
2021-10-13 10:11:33,916 [83da085b-8d99-4632-b443-c6596217d352@group-D48C150F8724-FollowerState] INFO  impl.FollowerState (FollowerState.java:run(143)) - 83da085b-8d99-4632-b443-c6596217d352@group-D48C150F8724-FollowerState was interrupted: {}
java.lang.InterruptedException: sleep interrupted
	at java.lang.Thread.sleep(Native Method)
	at java.lang.Thread.sleep(Thread.java:340)
	at java.util.concurrent.TimeUnit.sleep(TimeUnit.java:386)
	at org.apache.ratis.util.TimeDuration.sleep(TimeDuration.java:324)
	at org.apache.ratis.util.TimeDuration.sleep(TimeDuration.java:309)
	at org.apache.ratis.server.impl.FollowerState.run(FollowerState.java:118)
2021-10-13 10:11:33,916 [grpc-default-executor-2] INFO  impl.RoleInfo (RoleInfo.java:updateAndGet(130)) - 83da085b-8d99-4632-b443-c6596217d352: start 83da085b-8d99-4632-b443-c6596217d352@group-D48C150F8724-FollowerState
2021-10-13 10:11:33,931 [grpc-default-executor-0] INFO  server.RaftServer$Division (RaftServerImpl.java:requestVote(1043)) - a78bc827-a10e-4e71-88ed-094b4b7dc052@group-D48C150F8724: receive requestVote(ELECTION, 83908b8c-1318-4212-96d2-7cdb43457491, group-D48C150F8724, 1, (t:0, i:0))
2021-10-13 10:11:33,931 [grpc-default-executor-0] INFO  impl.VoteContext (VoteContext.java:log(48)) - a78bc827-a10e-4e71-88ed-094b4b7dc052@group-D48C150F8724-FOLLOWER: accept ELECTION from 83908b8c-1318-4212-96d2-7cdb43457491: our priority 0 <= candidate's priority 0
2021-10-13 10:11:33,931 [grpc-default-executor-0] INFO  server.RaftServer$Division (RaftServerImpl.java:setRole(285)) - a78bc827-a10e-4e71-88ed-094b4b7dc052@group-D48C150F8724: changes role from  FOLLOWER to FOLLOWER at term 1 for candidate:83908b8c-1318-4212-96d2-7cdb43457491
2021-10-13 10:11:33,932 [grpc-default-executor-0] INFO  impl.RoleInfo (RoleInfo.java:shutdownFollowerState(108)) - a78bc827-a10e-4e71-88ed-094b4b7dc052: shutdown a78bc827-a10e-4e71-88ed-094b4b7dc052@group-D48C150F8724-FollowerState
2021-10-13 10:11:33,938 [grpc-default-executor-0] INFO  impl.RoleInfo (RoleInfo.java:updateAndGet(130)) - a78bc827-a10e-4e71-88ed-094b4b7dc052: start a78bc827-a10e-4e71-88ed-094b4b7dc052@group-D48C150F8724-FollowerState
2021-10-13 10:11:33,939 [grpc-default-executor-2] INFO  server.RaftServer$Division (RaftServerImpl.java:requestVote(1075)) - 83da085b-8d99-4632-b443-c6596217d352@group-D48C150F8724 replies to ELECTION vote request: 83908b8c-1318-4212-96d2-7cdb43457491<-83da085b-8d99-4632-b443-c6596217d352#0:FAIL-t1. Peer's state: 83da085b-8d99-4632-b443-c6596217d352@group-D48C150F8724:t1, leader=null, voted=null, raftlog=83da085b-8d99-4632-b443-c6596217d352@group-D48C150F8724-SegmentedRaftLog:OPENED:c-1,f-1,i0, conf=-1: [83908b8c-1318-4212-96d2-7cdb43457491|rpc:127.0.0.1:46375|dataStream:|priority:0, 83da085b-8d99-4632-b443-c6596217d352|rpc:127.0.0.1:34351|dataStream:|priority:1, a78bc827-a10e-4e71-88ed-094b4b7dc052|rpc:127.0.0.1:44771|dataStream:|priority:0], old=null
2021-10-13 10:11:33,940 [a78bc827-a10e-4e71-88ed-094b4b7dc052@group-D48C150F8724-FollowerState] INFO  impl.FollowerState (FollowerState.java:run(143)) - a78bc827-a10e-4e71-88ed-094b4b7dc052@group-D48C150F8724-FollowerState was interrupted: {}
java.lang.InterruptedException: sleep interrupted
	at java.lang.Thread.sleep(Native Method)
	at java.lang.Thread.sleep(Thread.java:340)
	at java.util.concurrent.TimeUnit.sleep(TimeUnit.java:386)
	at org.apache.ratis.util.TimeDuration.sleep(TimeDuration.java:324)
	at org.apache.ratis.util.TimeDuration.sleep(TimeDuration.java:309)
	at org.apache.ratis.server.impl.FollowerState.run(FollowerState.java:118)
2021-10-13 10:11:33,942 [grpc-default-executor-0] INFO  server.RaftServer$Division (RaftServerImpl.java:requestVote(1075)) - a78bc827-a10e-4e71-88ed-094b4b7dc052@group-D48C150F8724 replies to ELECTION vote request: 83908b8c-1318-4212-96d2-7cdb43457491<-a78bc827-a10e-4e71-88ed-094b4b7dc052#0:OK-t1. Peer's state: a78bc827-a10e-4e71-88ed-094b4b7dc052@group-D48C150F8724:t1, leader=null, voted=83908b8c-1318-4212-96d2-7cdb43457491, raftlog=a78bc827-a10e-4e71-88ed-094b4b7dc052@group-D48C150F8724-SegmentedRaftLog:OPENED:c-1,f-1,i0, conf=-1: [83908b8c-1318-4212-96d2-7cdb43457491|rpc:127.0.0.1:46375|dataStream:|priority:0, 83da085b-8d99-4632-b443-c6596217d352|rpc:127.0.0.1:34351|dataStream:|priority:1, a78bc827-a10e-4e71-88ed-094b4b7dc052|rpc:127.0.0.1:44771|dataStream:|priority:0], old=null
2021-10-13 10:11:33,943 [83908b8c-1318-4212-96d2-7cdb43457491@group-D48C150F8724-LeaderElection21] INFO  impl.LeaderElection (LeaderElection.java:logAndReturn(89)) - 83908b8c-1318-4212-96d2-7cdb43457491@group-D48C150F8724-LeaderElection21: ELECTION REJECTED received 1 response(s) and 0 exception(s):
2021-10-13 10:11:33,943 [83908b8c-1318-4212-96d2-7cdb43457491@group-D48C150F8724-LeaderElection21] INFO  impl.LeaderElection (LeaderElection.java:logAndReturn(93)) -   Response 0: 83908b8c-1318-4212-96d2-7cdb43457491<-83da085b-8d99-4632-b443-c6596217d352#0:FAIL-t1
2021-10-13 10:11:33,943 [83908b8c-1318-4212-96d2-7cdb43457491@group-D48C150F8724-LeaderElection21] INFO  impl.LeaderElection (LeaderElection.java:askForVotes(308)) - 83908b8c-1318-4212-96d2-7cdb43457491@group-D48C150F8724-LeaderElection21 ELECTION round 0: result REJECTED
2021-10-13 10:11:33,943 [83908b8c-1318-4212-96d2-7cdb43457491@group-D48C150F8724-LeaderElection21] INFO  server.RaftServer$Division (RaftServerImpl.java:setRole(285)) - 83908b8c-1318-4212-96d2-7cdb43457491@group-D48C150F8724: changes role from CANDIDATE to FOLLOWER at term 1 for REJECTED
2021-10-13 10:11:33,943 [83908b8c-1318-4212-96d2-7cdb43457491@group-D48C150F8724-LeaderElection21] INFO  impl.RoleInfo (RoleInfo.java:shutdownLeaderElection(121)) - 83908b8c-1318-4212-96d2-7cdb43457491: shutdown 83908b8c-1318-4212-96d2-7cdb43457491@group-D48C150F8724-LeaderElection21
2021-10-13 10:11:33,943 [83908b8c-1318-4212-96d2-7cdb43457491@group-D48C150F8724-LeaderElection21] INFO  impl.RoleInfo (RoleInfo.java:updateAndGet(130)) - 83908b8c-1318-4212-96d2-7cdb43457491: start 83908b8c-1318-4212-96d2-7cdb43457491@group-D48C150F8724-FollowerState
2021-10-13 10:11:33,964 [Listener at 127.0.0.1/11284] INFO  ozone.MiniOzoneClusterImpl (MiniOzoneClusterImpl.java:lambda$waitForClusterToBeReady$0(235)) - Nodes are ready. Got 3 of 3 DN Heartbeats.
2021-10-13 10:11:33,965 [Listener at 127.0.0.1/11284] INFO  ozone.MiniOzoneClusterImpl (MiniOzoneClusterImpl.java:lambda$waitForClusterToBeReady$0(238)) - Waiting for cluster to exit safe mode
2021-10-13 10:11:33,965 [Listener at 127.0.0.1/11284] INFO  ozone.MiniOzoneClusterImpl (MiniOzoneClusterImpl.java:lambda$waitForClusterToBeReady$0(240)) - SCM became leader
2021-10-13 10:11:34,004 [Datanode State Machine Thread - 0] ERROR datanode.RunningDatanodeState (RunningDatanodeState.java:computeNextContainerState(199)) - Error in executing end point task.
java.util.concurrent.ExecutionException: java.util.concurrent.TimeoutException
	at java.util.concurrent.FutureTask.report(FutureTask.java:122)
	at java.util.concurrent.FutureTask.get(FutureTask.java:192)
	at org.apache.hadoop.ozone.container.common.states.datanode.RunningDatanodeState.computeNextContainerState(RunningDatanodeState.java:191)
	at org.apache.hadoop.ozone.container.common.states.datanode.RunningDatanodeState.await(RunningDatanodeState.java:231)
	at org.apache.hadoop.ozone.container.common.states.datanode.RunningDatanodeState.await(RunningDatanodeState.java:50)
	at org.apache.hadoop.ozone.container.common.statemachine.StateContext.execute(StateContext.java:629)
	at org.apache.hadoop.ozone.container.common.statemachine.DatanodeStateMachine.start(DatanodeStateMachine.java:276)
	at org.apache.hadoop.ozone.container.common.statemachine.DatanodeStateMachine.lambda$startDaemon$0(DatanodeStateMachine.java:464)
	at java.lang.Thread.run(Thread.java:748)
Caused by: java.util.concurrent.TimeoutException
	at java.util.concurrent.FutureTask.get(FutureTask.java:205)
	at org.apache.hadoop.ozone.container.common.states.datanode.RunningDatanodeState.lambda$execute$0(RunningDatanodeState.java:149)
	at java.util.concurrent.FutureTask.run(FutureTask.java:266)
	at java.util.concurrent.Executors$RunnableAdapter.call(Executors.java:511)
	at java.util.concurrent.FutureTask.run(FutureTask.java:266)
	at java.util.concurrent.ThreadPoolExecutor.runWorker(ThreadPoolExecutor.java:1149)
	at java.util.concurrent.ThreadPoolExecutor$Worker.run(ThreadPoolExecutor.java:624)
	... 1 more
2021-10-13 10:11:34,055 [EndpointStateMachine task thread for /127.0.0.1:13897 - 0 ] INFO  ipc.Client (Client.java:handleConnectionFailure(977)) - Retrying connect to server: localhost/127.0.0.1:13897. Already tried 0 time(s); retry policy is RetryUpToMaximumCountWithFixedSleep(maxRetries=15, sleepTime=1000 MILLISECONDS)
2021-10-13 10:11:34,114 [83908b8c-1318-4212-96d2-7cdb43457491@group-CFD79ED7D8C4-FollowerState] INFO  impl.FollowerState (FollowerState.java:run(134)) - 83908b8c-1318-4212-96d2-7cdb43457491@group-CFD79ED7D8C4-FollowerState: change to CANDIDATE, lastRpcElapsedTime:5093892087ns, electionTimeout:5089ms
2021-10-13 10:11:34,114 [83908b8c-1318-4212-96d2-7cdb43457491@group-CFD79ED7D8C4-FollowerState] INFO  impl.RoleInfo (RoleInfo.java:shutdownFollowerState(108)) - 83908b8c-1318-4212-96d2-7cdb43457491: shutdown 83908b8c-1318-4212-96d2-7cdb43457491@group-CFD79ED7D8C4-FollowerState
2021-10-13 10:11:34,114 [83908b8c-1318-4212-96d2-7cdb43457491@group-CFD79ED7D8C4-FollowerState] INFO  server.RaftServer$Division (RaftServerImpl.java:setRole(285)) - 83908b8c-1318-4212-96d2-7cdb43457491@group-CFD79ED7D8C4: changes role from  FOLLOWER to CANDIDATE at term 0 for changeToCandidate
2021-10-13 10:11:34,114 [83908b8c-1318-4212-96d2-7cdb43457491@group-CFD79ED7D8C4-FollowerState] INFO  server.RaftServerConfigKeys (ConfUtils.java:logGet(44)) - raft.server.leaderelection.pre-vote = false (custom)
2021-10-13 10:11:34,114 [83908b8c-1318-4212-96d2-7cdb43457491@group-CFD79ED7D8C4-FollowerState] INFO  impl.RoleInfo (RoleInfo.java:updateAndGet(130)) - 83908b8c-1318-4212-96d2-7cdb43457491: start 83908b8c-1318-4212-96d2-7cdb43457491@group-CFD79ED7D8C4-LeaderElection22
2021-10-13 10:11:34,117 [83da085b-8d99-4632-b443-c6596217d352@group-CFD79ED7D8C4-FollowerState] INFO  impl.FollowerState (FollowerState.java:run(134)) - 83da085b-8d99-4632-b443-c6596217d352@group-CFD79ED7D8C4-FollowerState: change to CANDIDATE, lastRpcElapsedTime:5055425678ns, electionTimeout:5051ms
2021-10-13 10:11:34,118 [83da085b-8d99-4632-b443-c6596217d352@group-CFD79ED7D8C4-FollowerState] INFO  impl.RoleInfo (RoleInfo.java:shutdownFollowerState(108)) - 83da085b-8d99-4632-b443-c6596217d352: shutdown 83da085b-8d99-4632-b443-c6596217d352@group-CFD79ED7D8C4-FollowerState
2021-10-13 10:11:34,118 [83da085b-8d99-4632-b443-c6596217d352@group-CFD79ED7D8C4-FollowerState] INFO  server.RaftServer$Division (RaftServerImpl.java:setRole(285)) - 83da085b-8d99-4632-b443-c6596217d352@group-CFD79ED7D8C4: changes role from  FOLLOWER to CANDIDATE at term 0 for changeToCandidate
2021-10-13 10:11:34,127 [83da085b-8d99-4632-b443-c6596217d352@group-CFD79ED7D8C4-FollowerState] INFO  server.RaftServerConfigKeys (ConfUtils.java:logGet(44)) - raft.server.leaderelection.pre-vote = false (custom)
2021-10-13 10:11:34,127 [83da085b-8d99-4632-b443-c6596217d352@group-CFD79ED7D8C4-FollowerState] INFO  impl.RoleInfo (RoleInfo.java:updateAndGet(130)) - 83da085b-8d99-4632-b443-c6596217d352: start 83da085b-8d99-4632-b443-c6596217d352@group-CFD79ED7D8C4-LeaderElection23
2021-10-13 10:11:34,152 [83908b8c-1318-4212-96d2-7cdb43457491@group-CFD79ED7D8C4-LeaderElection22] INFO  impl.LeaderElection (LeaderElection.java:askForVotes(306)) - 83908b8c-1318-4212-96d2-7cdb43457491@group-CFD79ED7D8C4-LeaderElection22 ELECTION round 0: submit vote requests at term 1 for -1: [83908b8c-1318-4212-96d2-7cdb43457491|rpc:127.0.0.1:46375|priority:0, 83da085b-8d99-4632-b443-c6596217d352|rpc:127.0.0.1:34351|priority:0, a78bc827-a10e-4e71-88ed-094b4b7dc052|rpc:127.0.0.1:44771|priority:1], old=null
2021-10-13 10:11:34,156 [grpc-default-executor-2] INFO  server.RaftServer$Division (RaftServerImpl.java:requestVote(1043)) - 83da085b-8d99-4632-b443-c6596217d352@group-CFD79ED7D8C4: receive requestVote(ELECTION, 83908b8c-1318-4212-96d2-7cdb43457491, group-CFD79ED7D8C4, 1, (t:0, i:0))
2021-10-13 10:11:34,156 [grpc-default-executor-2] INFO  impl.VoteContext (VoteContext.java:log(48)) - 83da085b-8d99-4632-b443-c6596217d352@group-CFD79ED7D8C4-CANDIDATE: accept ELECTION from 83908b8c-1318-4212-96d2-7cdb43457491: our priority 0 <= candidate's priority 0
2021-10-13 10:11:34,157 [grpc-default-executor-2] INFO  server.RaftServer$Division (RaftServerImpl.java:setRole(285)) - 83da085b-8d99-4632-b443-c6596217d352@group-CFD79ED7D8C4: changes role from CANDIDATE to FOLLOWER at term 1 for candidate:83908b8c-1318-4212-96d2-7cdb43457491
2021-10-13 10:11:34,157 [grpc-default-executor-2] INFO  impl.RoleInfo (RoleInfo.java:shutdownLeaderElection(121)) - 83da085b-8d99-4632-b443-c6596217d352: shutdown 83da085b-8d99-4632-b443-c6596217d352@group-CFD79ED7D8C4-LeaderElection23
2021-10-13 10:11:34,169 [a78bc827-a10e-4e71-88ed-094b4b7dc052@group-CFD79ED7D8C4-FollowerState] INFO  impl.FollowerState (FollowerState.java:run(134)) - a78bc827-a10e-4e71-88ed-094b4b7dc052@group-CFD79ED7D8C4-FollowerState: change to CANDIDATE, lastRpcElapsedTime:5042863793ns, electionTimeout:5014ms
2021-10-13 10:11:34,169 [a78bc827-a10e-4e71-88ed-094b4b7dc052@group-CFD79ED7D8C4-FollowerState] INFO  impl.RoleInfo (RoleInfo.java:shutdownFollowerState(108)) - a78bc827-a10e-4e71-88ed-094b4b7dc052: shutdown a78bc827-a10e-4e71-88ed-094b4b7dc052@group-CFD79ED7D8C4-FollowerState
2021-10-13 10:11:34,169 [grpc-default-executor-2] INFO  impl.RoleInfo (RoleInfo.java:updateAndGet(130)) - 83da085b-8d99-4632-b443-c6596217d352: start 83da085b-8d99-4632-b443-c6596217d352@group-CFD79ED7D8C4-FollowerState
2021-10-13 10:11:34,169 [83da085b-8d99-4632-b443-c6596217d352@group-CFD79ED7D8C4-LeaderElection23] INFO  impl.LeaderElection (LeaderElection.java:run(230)) - 83da085b-8d99-4632-b443-c6596217d352@group-CFD79ED7D8C4-LeaderElection23: skip running since this is already CLOSING
2021-10-13 10:11:34,169 [a78bc827-a10e-4e71-88ed-094b4b7dc052@group-CFD79ED7D8C4-FollowerState] INFO  server.RaftServer$Division (RaftServerImpl.java:setRole(285)) - a78bc827-a10e-4e71-88ed-094b4b7dc052@group-CFD79ED7D8C4: changes role from  FOLLOWER to CANDIDATE at term 0 for changeToCandidate
2021-10-13 10:11:34,170 [grpc-default-executor-0] INFO  server.RaftServer$Division (RaftServerImpl.java:requestVote(1043)) - a78bc827-a10e-4e71-88ed-094b4b7dc052@group-CFD79ED7D8C4: receive requestVote(ELECTION, 83908b8c-1318-4212-96d2-7cdb43457491, group-CFD79ED7D8C4, 1, (t:0, i:0))
2021-10-13 10:11:34,186 [a78bc827-a10e-4e71-88ed-094b4b7dc052@group-CFD79ED7D8C4-FollowerState] INFO  server.RaftServerConfigKeys (ConfUtils.java:logGet(44)) - raft.server.leaderelection.pre-vote = false (custom)
2021-10-13 10:11:34,186 [a78bc827-a10e-4e71-88ed-094b4b7dc052@group-CFD79ED7D8C4-FollowerState] INFO  impl.RoleInfo (RoleInfo.java:updateAndGet(130)) - a78bc827-a10e-4e71-88ed-094b4b7dc052: start a78bc827-a10e-4e71-88ed-094b4b7dc052@group-CFD79ED7D8C4-LeaderElection24
2021-10-13 10:11:34,189 [grpc-default-executor-0] INFO  impl.VoteContext (VoteContext.java:log(48)) - a78bc827-a10e-4e71-88ed-094b4b7dc052@group-CFD79ED7D8C4-CANDIDATE: reject ELECTION from 83908b8c-1318-4212-96d2-7cdb43457491: our priority 1 > candidate's priority 0
2021-10-13 10:11:34,189 [grpc-default-executor-0] INFO  server.RaftServer$Division (RaftServerImpl.java:setRole(285)) - a78bc827-a10e-4e71-88ed-094b4b7dc052@group-CFD79ED7D8C4: changes role from CANDIDATE to FOLLOWER at term 1 for candidate:83908b8c-1318-4212-96d2-7cdb43457491
2021-10-13 10:11:34,189 [grpc-default-executor-2] INFO  server.RaftServer$Division (RaftServerImpl.java:requestVote(1075)) - 83da085b-8d99-4632-b443-c6596217d352@group-CFD79ED7D8C4 replies to ELECTION vote request: 83908b8c-1318-4212-96d2-7cdb43457491<-83da085b-8d99-4632-b443-c6596217d352#0:OK-t1. Peer's state: 83da085b-8d99-4632-b443-c6596217d352@group-CFD79ED7D8C4:t1, leader=null, voted=83908b8c-1318-4212-96d2-7cdb43457491, raftlog=83da085b-8d99-4632-b443-c6596217d352@group-CFD79ED7D8C4-SegmentedRaftLog:OPENED:c-1,f-1,i0, conf=-1: [83908b8c-1318-4212-96d2-7cdb43457491|rpc:127.0.0.1:46375|dataStream:|priority:0, 83da085b-8d99-4632-b443-c6596217d352|rpc:127.0.0.1:34351|dataStream:|priority:0, a78bc827-a10e-4e71-88ed-094b4b7dc052|rpc:127.0.0.1:44771|dataStream:|priority:1], old=null
2021-10-13 10:11:34,189 [grpc-default-executor-0] INFO  impl.RoleInfo (RoleInfo.java:shutdownLeaderElection(121)) - a78bc827-a10e-4e71-88ed-094b4b7dc052: shutdown a78bc827-a10e-4e71-88ed-094b4b7dc052@group-CFD79ED7D8C4-LeaderElection24
2021-10-13 10:11:34,189 [grpc-default-executor-0] INFO  impl.RoleInfo (RoleInfo.java:updateAndGet(130)) - a78bc827-a10e-4e71-88ed-094b4b7dc052: start a78bc827-a10e-4e71-88ed-094b4b7dc052@group-CFD79ED7D8C4-FollowerState
2021-10-13 10:11:34,190 [a78bc827-a10e-4e71-88ed-094b4b7dc052@group-CFD79ED7D8C4-LeaderElection24] INFO  impl.LeaderElection (LeaderElection.java:run(230)) - a78bc827-a10e-4e71-88ed-094b4b7dc052@group-CFD79ED7D8C4-LeaderElection24: skip running since this is already CLOSING
2021-10-13 10:11:34,194 [grpc-default-executor-0] INFO  server.RaftServer$Division (RaftServerImpl.java:requestVote(1075)) - a78bc827-a10e-4e71-88ed-094b4b7dc052@group-CFD79ED7D8C4 replies to ELECTION vote request: 83908b8c-1318-4212-96d2-7cdb43457491<-a78bc827-a10e-4e71-88ed-094b4b7dc052#0:FAIL-t1. Peer's state: a78bc827-a10e-4e71-88ed-094b4b7dc052@group-CFD79ED7D8C4:t1, leader=null, voted=null, raftlog=a78bc827-a10e-4e71-88ed-094b4b7dc052@group-CFD79ED7D8C4-SegmentedRaftLog:OPENED:c-1,f-1,i0, conf=-1: [83908b8c-1318-4212-96d2-7cdb43457491|rpc:127.0.0.1:46375|dataStream:|priority:0, 83da085b-8d99-4632-b443-c6596217d352|rpc:127.0.0.1:34351|dataStream:|priority:0, a78bc827-a10e-4e71-88ed-094b4b7dc052|rpc:127.0.0.1:44771|dataStream:|priority:1], old=null
2021-10-13 10:11:34,195 [83908b8c-1318-4212-96d2-7cdb43457491@group-CFD79ED7D8C4-LeaderElection22] INFO  impl.LeaderElection (LeaderElection.java:logAndReturn(89)) - 83908b8c-1318-4212-96d2-7cdb43457491@group-CFD79ED7D8C4-LeaderElection22: ELECTION REJECTED received 2 response(s) and 0 exception(s):
2021-10-13 10:11:34,195 [83908b8c-1318-4212-96d2-7cdb43457491@group-CFD79ED7D8C4-LeaderElection22] INFO  impl.LeaderElection (LeaderElection.java:logAndReturn(93)) -   Response 0: 83908b8c-1318-4212-96d2-7cdb43457491<-83da085b-8d99-4632-b443-c6596217d352#0:OK-t1
2021-10-13 10:11:34,195 [83908b8c-1318-4212-96d2-7cdb43457491@group-CFD79ED7D8C4-LeaderElection22] INFO  impl.LeaderElection (LeaderElection.java:logAndReturn(93)) -   Response 1: 83908b8c-1318-4212-96d2-7cdb43457491<-a78bc827-a10e-4e71-88ed-094b4b7dc052#0:FAIL-t1
2021-10-13 10:11:34,195 [83908b8c-1318-4212-96d2-7cdb43457491@group-CFD79ED7D8C4-LeaderElection22] INFO  impl.LeaderElection (LeaderElection.java:askForVotes(308)) - 83908b8c-1318-4212-96d2-7cdb43457491@group-CFD79ED7D8C4-LeaderElection22 ELECTION round 0: result REJECTED
2021-10-13 10:11:34,195 [83908b8c-1318-4212-96d2-7cdb43457491@group-CFD79ED7D8C4-LeaderElection22] INFO  server.RaftServer$Division (RaftServerImpl.java:setRole(285)) - 83908b8c-1318-4212-96d2-7cdb43457491@group-CFD79ED7D8C4: changes role from CANDIDATE to FOLLOWER at term 1 for REJECTED
2021-10-13 10:11:34,195 [83908b8c-1318-4212-96d2-7cdb43457491@group-CFD79ED7D8C4-LeaderElection22] INFO  impl.RoleInfo (RoleInfo.java:shutdownLeaderElection(121)) - 83908b8c-1318-4212-96d2-7cdb43457491: shutdown 83908b8c-1318-4212-96d2-7cdb43457491@group-CFD79ED7D8C4-LeaderElection22
2021-10-13 10:11:34,195 [83908b8c-1318-4212-96d2-7cdb43457491@group-CFD79ED7D8C4-LeaderElection22] INFO  impl.RoleInfo (RoleInfo.java:updateAndGet(130)) - 83908b8c-1318-4212-96d2-7cdb43457491: start 83908b8c-1318-4212-96d2-7cdb43457491@group-CFD79ED7D8C4-FollowerState
2021-10-13 10:11:34,340 [EndpointStateMachine task thread for /127.0.0.1:13887 - 0 ] INFO  ipc.Client (Client.java:handleConnectionFailure(977)) - Retrying connect to server: localhost/127.0.0.1:13887. Already tried 12 time(s); retry policy is RetryUpToMaximumCountWithFixedSleep(maxRetries=15, sleepTime=1000 MILLISECONDS)
2021-10-13 10:11:34,391 [EndpointStateMachine task thread for /127.0.0.1:13877 - 0 ] INFO  ipc.Client (Client.java:handleConnectionFailure(977)) - Retrying connect to server: localhost/127.0.0.1:13877. Already tried 0 time(s); retry policy is RetryUpToMaximumCountWithFixedSleep(maxRetries=15, sleepTime=1000 MILLISECONDS)
2021-10-13 10:11:34,404 [83da085b-8d99-4632-b443-c6596217d352@group-D53C6002ED90-FollowerState] INFO  impl.FollowerState (FollowerState.java:run(134)) - 83da085b-8d99-4632-b443-c6596217d352@group-D53C6002ED90-FollowerState: change to CANDIDATE, lastRpcElapsedTime:5081336595ns, electionTimeout:5075ms
2021-10-13 10:11:34,404 [83da085b-8d99-4632-b443-c6596217d352@group-D53C6002ED90-FollowerState] INFO  impl.RoleInfo (RoleInfo.java:shutdownFollowerState(108)) - 83da085b-8d99-4632-b443-c6596217d352: shutdown 83da085b-8d99-4632-b443-c6596217d352@group-D53C6002ED90-FollowerState
2021-10-13 10:11:34,404 [83da085b-8d99-4632-b443-c6596217d352@group-D53C6002ED90-FollowerState] INFO  server.RaftServer$Division (RaftServerImpl.java:setRole(285)) - 83da085b-8d99-4632-b443-c6596217d352@group-D53C6002ED90: changes role from  FOLLOWER to CANDIDATE at term 0 for changeToCandidate
2021-10-13 10:11:34,404 [83da085b-8d99-4632-b443-c6596217d352@group-D53C6002ED90-FollowerState] INFO  server.RaftServerConfigKeys (ConfUtils.java:logGet(44)) - raft.server.leaderelection.pre-vote = false (custom)
2021-10-13 10:11:34,404 [83da085b-8d99-4632-b443-c6596217d352@group-D53C6002ED90-FollowerState] INFO  impl.RoleInfo (RoleInfo.java:updateAndGet(130)) - 83da085b-8d99-4632-b443-c6596217d352: start 83da085b-8d99-4632-b443-c6596217d352@group-D53C6002ED90-LeaderElection25
2021-10-13 10:11:34,439 [83da085b-8d99-4632-b443-c6596217d352@group-D53C6002ED90-LeaderElection25] INFO  impl.LeaderElection (LeaderElection.java:askForVotes(306)) - 83da085b-8d99-4632-b443-c6596217d352@group-D53C6002ED90-LeaderElection25 ELECTION round 0: submit vote requests at term 1 for -1: [83da085b-8d99-4632-b443-c6596217d352|rpc:127.0.0.1:34351|priority:1], old=null
2021-10-13 10:11:34,439 [83da085b-8d99-4632-b443-c6596217d352@group-D53C6002ED90-LeaderElection25] INFO  impl.LeaderElection (LeaderElection.java:askForVotes(308)) - 83da085b-8d99-4632-b443-c6596217d352@group-D53C6002ED90-LeaderElection25 ELECTION round 0: result PASSED (term=1)
2021-10-13 10:11:34,439 [83da085b-8d99-4632-b443-c6596217d352@group-D53C6002ED90-LeaderElection25] INFO  impl.RoleInfo (RoleInfo.java:shutdownLeaderElection(121)) - 83da085b-8d99-4632-b443-c6596217d352: shutdown 83da085b-8d99-4632-b443-c6596217d352@group-D53C6002ED90-LeaderElection25
2021-10-13 10:11:34,439 [83da085b-8d99-4632-b443-c6596217d352@group-D53C6002ED90-LeaderElection25] INFO  server.RaftServer$Division (RaftServerImpl.java:setRole(285)) - 83da085b-8d99-4632-b443-c6596217d352@group-D53C6002ED90: changes role from CANDIDATE to LEADER at term 1 for changeToLeader
2021-10-13 10:11:34,439 [83da085b-8d99-4632-b443-c6596217d352@group-D53C6002ED90-LeaderElection25] INFO  ratis.XceiverServerRatis (XceiverServerRatis.java:handleLeaderChangedNotification(866)) - Leader change notification received for group: group-D53C6002ED90 with new leaderId: 83da085b-8d99-4632-b443-c6596217d352
2021-10-13 10:11:34,439 [83da085b-8d99-4632-b443-c6596217d352@group-D53C6002ED90-LeaderElection25] INFO  server.RaftServer$Division (ServerState.java:setLeader(285)) - 83da085b-8d99-4632-b443-c6596217d352@group-D53C6002ED90: change Leader from null to 83da085b-8d99-4632-b443-c6596217d352 at term 1 for becomeLeader, leader elected after 5143ms
2021-10-13 10:11:34,439 [83da085b-8d99-4632-b443-c6596217d352@group-D53C6002ED90-LeaderElection25] INFO  server.RaftServerConfigKeys (ConfUtils.java:logGet(44)) - raft.server.staging.catchup.gap = 1000 (default)
2021-10-13 10:11:34,440 [83da085b-8d99-4632-b443-c6596217d352@group-D53C6002ED90-LeaderElection25] INFO  server.RaftServerConfigKeys (ConfUtils.java:logGet(44)) - raft.server.write.element-limit = 1024 (custom)
2021-10-13 10:11:34,440 [83da085b-8d99-4632-b443-c6596217d352@group-D53C6002ED90-LeaderElection25] INFO  server.RaftServerConfigKeys (ConfUtils.java:logGet(44)) - raft.server.write.byte-limit = 1024 M (=1073741824) (custom)
2021-10-13 10:11:34,440 [83da085b-8d99-4632-b443-c6596217d352@group-D53C6002ED90-LeaderElection25] INFO  server.RaftServerConfigKeys (ConfUtils.java:logGet(44)) - raft.server.watch.timeout = 180s (custom)
2021-10-13 10:11:34,440 [83da085b-8d99-4632-b443-c6596217d352@group-D53C6002ED90-LeaderElection25] INFO  server.RaftServerConfigKeys (ConfUtils.java:logGet(44)) - raft.server.watch.timeout.denomination = 1s (default)
2021-10-13 10:11:34,440 [83da085b-8d99-4632-b443-c6596217d352@group-D53C6002ED90-LeaderElection25] INFO  server.RaftServerConfigKeys (ConfUtils.java:logGet(44)) - raft.server.watch.element-limit = 65536 (default)
2021-10-13 10:11:34,440 [83da085b-8d99-4632-b443-c6596217d352@group-D53C6002ED90-LeaderElection25] INFO  impl.RoleInfo (RoleInfo.java:updateAndGet(130)) - 83da085b-8d99-4632-b443-c6596217d352: start 83da085b-8d99-4632-b443-c6596217d352@group-D53C6002ED90-LeaderStateImpl
2021-10-13 10:11:34,441 [83da085b-8d99-4632-b443-c6596217d352@group-D53C6002ED90-LeaderElection25] INFO  segmented.SegmentedRaftLogWorker (SegmentedRaftLogWorker.java:startLogSegment(394)) - 83da085b-8d99-4632-b443-c6596217d352@group-D53C6002ED90-SegmentedRaftLogWorker: Starting segment from index:0
2021-10-13 10:11:34,442 [83da085b-8d99-4632-b443-c6596217d352@group-D53C6002ED90-SegmentedRaftLogWorker] INFO  segmented.SegmentedRaftLogWorker (SegmentedRaftLogWorker.java:execute(601)) - 83da085b-8d99-4632-b443-c6596217d352@group-D53C6002ED90-SegmentedRaftLogWorker: created new log segment /home/runner/work/ozone/ozone/hadoop-ozone/integration-test/target/test-dir/MiniOzoneClusterImpl-7a3c196b-86f6-4848-923d-88c8cd7ca178/datanode-1/data/ratis/949044a9-8b22-40ed-baa3-d53c6002ed90/current/log_inprogress_0
2021-10-13 10:11:34,444 [EventQueue-OpenPipelineForHealthyPipelineSafeModeRule] INFO  safemode.SCMSafeModeManager (HealthyPipelineSafeModeRule.java:process(124)) - SCM in safe mode. Healthy pipelines reported count is 0, required healthy pipeline reported count is 1
2021-10-13 10:11:34,444 [EventQueue-OpenPipelineForHealthyPipelineSafeModeRule] INFO  safemode.SCMSafeModeManager (HealthyPipelineSafeModeRule.java:process(124)) - SCM in safe mode. Healthy pipelines reported count is 0, required healthy pipeline reported count is 1
2021-10-13 10:11:34,453 [83da085b-8d99-4632-b443-c6596217d352@group-D53C6002ED90-LeaderElection25] INFO  server.RaftServer$Division (ServerState.java:setRaftConf(387)) - 83da085b-8d99-4632-b443-c6596217d352@group-D53C6002ED90: set configuration 0: [83da085b-8d99-4632-b443-c6596217d352|rpc:127.0.0.1:34351|dataStream:|priority:1], old=null
2021-10-13 10:11:34,814 [Datanode State Machine Thread - 0] ERROR datanode.RunningDatanodeState (RunningDatanodeState.java:computeNextContainerState(199)) - Error in executing end point task.
java.util.concurrent.ExecutionException: java.util.concurrent.TimeoutException
	at java.util.concurrent.FutureTask.report(FutureTask.java:122)
	at java.util.concurrent.FutureTask.get(FutureTask.java:192)
	at org.apache.hadoop.ozone.container.common.states.datanode.RunningDatanodeState.computeNextContainerState(RunningDatanodeState.java:191)
	at org.apache.hadoop.ozone.container.common.states.datanode.RunningDatanodeState.await(RunningDatanodeState.java:231)
	at org.apache.hadoop.ozone.container.common.states.datanode.RunningDatanodeState.await(RunningDatanodeState.java:50)
	at org.apache.hadoop.ozone.container.common.statemachine.StateContext.execute(StateContext.java:629)
	at org.apache.hadoop.ozone.container.common.statemachine.DatanodeStateMachine.start(DatanodeStateMachine.java:276)
	at org.apache.hadoop.ozone.container.common.statemachine.DatanodeStateMachine.lambda$startDaemon$0(DatanodeStateMachine.java:464)
	at java.lang.Thread.run(Thread.java:748)
Caused by: java.util.concurrent.TimeoutException
	at java.util.concurrent.FutureTask.get(FutureTask.java:205)
	at org.apache.hadoop.ozone.container.common.states.datanode.RunningDatanodeState.lambda$execute$0(RunningDatanodeState.java:149)
	at java.util.concurrent.FutureTask.run(FutureTask.java:266)
	at java.util.concurrent.Executors$RunnableAdapter.call(Executors.java:511)
	at java.util.concurrent.FutureTask.run(FutureTask.java:266)
	at java.util.concurrent.ThreadPoolExecutor.runWorker(ThreadPoolExecutor.java:1149)
	at java.util.concurrent.ThreadPoolExecutor$Worker.run(ThreadPoolExecutor.java:624)
	... 1 more
2021-10-13 10:11:34,965 [Listener at 127.0.0.1/11284] INFO  ozone.MiniOzoneClusterImpl (MiniOzoneClusterImpl.java:lambda$waitForClusterToBeReady$0(235)) - Nodes are ready. Got 3 of 3 DN Heartbeats.
2021-10-13 10:11:34,965 [Listener at 127.0.0.1/11284] INFO  ozone.MiniOzoneClusterImpl (MiniOzoneClusterImpl.java:lambda$waitForClusterToBeReady$0(238)) - Waiting for cluster to exit safe mode
2021-10-13 10:11:34,965 [Listener at 127.0.0.1/11284] INFO  ozone.MiniOzoneClusterImpl (MiniOzoneClusterImpl.java:lambda$waitForClusterToBeReady$0(240)) - SCM became leader
2021-10-13 10:11:35,056 [EndpointStateMachine task thread for /127.0.0.1:13897 - 0 ] INFO  ipc.Client (Client.java:handleConnectionFailure(977)) - Retrying connect to server: localhost/127.0.0.1:13897. Already tried 1 time(s); retry policy is RetryUpToMaximumCountWithFixedSleep(maxRetries=15, sleepTime=1000 MILLISECONDS)
2021-10-13 10:11:35,230 [a78bc827-a10e-4e71-88ed-094b4b7dc052@group-4AE71BA842CA-FollowerState] INFO  impl.FollowerState (FollowerState.java:run(134)) - a78bc827-a10e-4e71-88ed-094b4b7dc052@group-4AE71BA842CA-FollowerState: change to CANDIDATE, lastRpcElapsedTime:5188180496ns, electionTimeout:5187ms
2021-10-13 10:11:35,230 [a78bc827-a10e-4e71-88ed-094b4b7dc052@group-4AE71BA842CA-FollowerState] INFO  impl.RoleInfo (RoleInfo.java:shutdownFollowerState(108)) - a78bc827-a10e-4e71-88ed-094b4b7dc052: shutdown a78bc827-a10e-4e71-88ed-094b4b7dc052@group-4AE71BA842CA-FollowerState
2021-10-13 10:11:35,231 [a78bc827-a10e-4e71-88ed-094b4b7dc052@group-4AE71BA842CA-FollowerState] INFO  server.RaftServer$Division (RaftServerImpl.java:setRole(285)) - a78bc827-a10e-4e71-88ed-094b4b7dc052@group-4AE71BA842CA: changes role from  FOLLOWER to CANDIDATE at term 0 for changeToCandidate
2021-10-13 10:11:35,231 [a78bc827-a10e-4e71-88ed-094b4b7dc052@group-4AE71BA842CA-FollowerState] INFO  server.RaftServerConfigKeys (ConfUtils.java:logGet(44)) - raft.server.leaderelection.pre-vote = false (custom)
2021-10-13 10:11:35,231 [a78bc827-a10e-4e71-88ed-094b4b7dc052@group-4AE71BA842CA-FollowerState] INFO  impl.RoleInfo (RoleInfo.java:updateAndGet(130)) - a78bc827-a10e-4e71-88ed-094b4b7dc052: start a78bc827-a10e-4e71-88ed-094b4b7dc052@group-4AE71BA842CA-LeaderElection26
2021-10-13 10:11:35,255 [a78bc827-a10e-4e71-88ed-094b4b7dc052@group-4AE71BA842CA-LeaderElection26] INFO  impl.LeaderElection (LeaderElection.java:askForVotes(306)) - a78bc827-a10e-4e71-88ed-094b4b7dc052@group-4AE71BA842CA-LeaderElection26 ELECTION round 0: submit vote requests at term 1 for -1: [a78bc827-a10e-4e71-88ed-094b4b7dc052|rpc:127.0.0.1:44771|priority:1], old=null
2021-10-13 10:11:35,255 [a78bc827-a10e-4e71-88ed-094b4b7dc052@group-4AE71BA842CA-LeaderElection26] INFO  impl.LeaderElection (LeaderElection.java:askForVotes(308)) - a78bc827-a10e-4e71-88ed-094b4b7dc052@group-4AE71BA842CA-LeaderElection26 ELECTION round 0: result PASSED (term=1)
2021-10-13 10:11:35,255 [a78bc827-a10e-4e71-88ed-094b4b7dc052@group-4AE71BA842CA-LeaderElection26] INFO  impl.RoleInfo (RoleInfo.java:shutdownLeaderElection(121)) - a78bc827-a10e-4e71-88ed-094b4b7dc052: shutdown a78bc827-a10e-4e71-88ed-094b4b7dc052@group-4AE71BA842CA-LeaderElection26
2021-10-13 10:11:35,255 [a78bc827-a10e-4e71-88ed-094b4b7dc052@group-4AE71BA842CA-LeaderElection26] INFO  server.RaftServer$Division (RaftServerImpl.java:setRole(285)) - a78bc827-a10e-4e71-88ed-094b4b7dc052@group-4AE71BA842CA: changes role from CANDIDATE to LEADER at term 1 for changeToLeader
2021-10-13 10:11:35,255 [a78bc827-a10e-4e71-88ed-094b4b7dc052@group-4AE71BA842CA-LeaderElection26] INFO  ratis.XceiverServerRatis (XceiverServerRatis.java:handleLeaderChangedNotification(866)) - Leader change notification received for group: group-4AE71BA842CA with new leaderId: a78bc827-a10e-4e71-88ed-094b4b7dc052
2021-10-13 10:11:35,255 [a78bc827-a10e-4e71-88ed-094b4b7dc052@group-4AE71BA842CA-LeaderElection26] INFO  server.RaftServer$Division (ServerState.java:setLeader(285)) - a78bc827-a10e-4e71-88ed-094b4b7dc052@group-4AE71BA842CA: change Leader from null to a78bc827-a10e-4e71-88ed-094b4b7dc052 at term 1 for becomeLeader, leader elected after 5258ms
2021-10-13 10:11:35,255 [a78bc827-a10e-4e71-88ed-094b4b7dc052@group-4AE71BA842CA-LeaderElection26] INFO  server.RaftServerConfigKeys (ConfUtils.java:logGet(44)) - raft.server.staging.catchup.gap = 1000 (default)
2021-10-13 10:11:35,256 [a78bc827-a10e-4e71-88ed-094b4b7dc052@group-4AE71BA842CA-LeaderElection26] INFO  server.RaftServerConfigKeys (ConfUtils.java:logGet(44)) - raft.server.write.element-limit = 1024 (custom)
2021-10-13 10:11:35,256 [a78bc827-a10e-4e71-88ed-094b4b7dc052@group-4AE71BA842CA-LeaderElection26] INFO  server.RaftServerConfigKeys (ConfUtils.java:logGet(44)) - raft.server.write.byte-limit = 1024 M (=1073741824) (custom)
2021-10-13 10:11:35,258 [EventQueue-OpenPipelineForHealthyPipelineSafeModeRule] INFO  safemode.SCMSafeModeManager (HealthyPipelineSafeModeRule.java:process(124)) - SCM in safe mode. Healthy pipelines reported count is 0, required healthy pipeline reported count is 1
2021-10-13 10:11:35,258 [EventQueue-OpenPipelineForHealthyPipelineSafeModeRule] INFO  safemode.SCMSafeModeManager (HealthyPipelineSafeModeRule.java:process(124)) - SCM in safe mode. Healthy pipelines reported count is 0, required healthy pipeline reported count is 1
2021-10-13 10:11:35,264 [a78bc827-a10e-4e71-88ed-094b4b7dc052@group-4AE71BA842CA-LeaderElection26] INFO  server.RaftServerConfigKeys (ConfUtils.java:logGet(44)) - raft.server.watch.timeout = 180s (custom)
2021-10-13 10:11:35,264 [a78bc827-a10e-4e71-88ed-094b4b7dc052@group-4AE71BA842CA-LeaderElection26] INFO  server.RaftServerConfigKeys (ConfUtils.java:logGet(44)) - raft.server.watch.timeout.denomination = 1s (default)
2021-10-13 10:11:35,265 [a78bc827-a10e-4e71-88ed-094b4b7dc052@group-4AE71BA842CA-LeaderElection26] INFO  server.RaftServerConfigKeys (ConfUtils.java:logGet(44)) - raft.server.watch.element-limit = 65536 (default)
2021-10-13 10:11:35,265 [a78bc827-a10e-4e71-88ed-094b4b7dc052@group-4AE71BA842CA-LeaderElection26] INFO  impl.RoleInfo (RoleInfo.java:updateAndGet(130)) - a78bc827-a10e-4e71-88ed-094b4b7dc052: start a78bc827-a10e-4e71-88ed-094b4b7dc052@group-4AE71BA842CA-LeaderStateImpl
2021-10-13 10:11:35,265 [a78bc827-a10e-4e71-88ed-094b4b7dc052@group-4AE71BA842CA-LeaderElection26] INFO  segmented.SegmentedRaftLogWorker (SegmentedRaftLogWorker.java:startLogSegment(394)) - a78bc827-a10e-4e71-88ed-094b4b7dc052@group-4AE71BA842CA-SegmentedRaftLogWorker: Starting segment from index:0
2021-10-13 10:11:35,266 [a78bc827-a10e-4e71-88ed-094b4b7dc052@group-4AE71BA842CA-SegmentedRaftLogWorker] INFO  segmented.SegmentedRaftLogWorker (SegmentedRaftLogWorker.java:execute(601)) - a78bc827-a10e-4e71-88ed-094b4b7dc052@group-4AE71BA842CA-SegmentedRaftLogWorker: created new log segment /home/runner/work/ozone/ozone/hadoop-ozone/integration-test/target/test-dir/MiniOzoneClusterImpl-7a3c196b-86f6-4848-923d-88c8cd7ca178/datanode-2/data/ratis/91f8651d-ea00-4308-9bb9-4ae71ba842ca/current/log_inprogress_0
2021-10-13 10:11:35,276 [a78bc827-a10e-4e71-88ed-094b4b7dc052@group-4AE71BA842CA-LeaderElection26] INFO  server.RaftServer$Division (ServerState.java:setRaftConf(387)) - a78bc827-a10e-4e71-88ed-094b4b7dc052@group-4AE71BA842CA: set configuration 0: [a78bc827-a10e-4e71-88ed-094b4b7dc052|rpc:127.0.0.1:44771|dataStream:|priority:1], old=null
2021-10-13 10:11:35,341 [EndpointStateMachine task thread for /127.0.0.1:13887 - 0 ] INFO  ipc.Client (Client.java:handleConnectionFailure(977)) - Retrying connect to server: localhost/127.0.0.1:13887. Already tried 13 time(s); retry policy is RetryUpToMaximumCountWithFixedSleep(maxRetries=15, sleepTime=1000 MILLISECONDS)
2021-10-13 10:11:35,392 [EndpointStateMachine task thread for /127.0.0.1:13877 - 0 ] INFO  ipc.Client (Client.java:handleConnectionFailure(977)) - Retrying connect to server: localhost/127.0.0.1:13877. Already tried 1 time(s); retry policy is RetryUpToMaximumCountWithFixedSleep(maxRetries=15, sleepTime=1000 MILLISECONDS)
2021-10-13 10:11:35,817 [Datanode State Machine Thread - 0] ERROR datanode.RunningDatanodeState (RunningDatanodeState.java:computeNextContainerState(199)) - Error in executing end point task.
java.util.concurrent.ExecutionException: java.util.concurrent.TimeoutException
	at java.util.concurrent.FutureTask.report(FutureTask.java:122)
	at java.util.concurrent.FutureTask.get(FutureTask.java:192)
	at org.apache.hadoop.ozone.container.common.states.datanode.RunningDatanodeState.computeNextContainerState(RunningDatanodeState.java:191)
	at org.apache.hadoop.ozone.container.common.states.datanode.RunningDatanodeState.await(RunningDatanodeState.java:231)
	at org.apache.hadoop.ozone.container.common.states.datanode.RunningDatanodeState.await(RunningDatanodeState.java:50)
	at org.apache.hadoop.ozone.container.common.statemachine.StateContext.execute(StateContext.java:629)
	at org.apache.hadoop.ozone.container.common.statemachine.DatanodeStateMachine.start(DatanodeStateMachine.java:276)
	at org.apache.hadoop.ozone.container.common.statemachine.DatanodeStateMachine.lambda$startDaemon$0(DatanodeStateMachine.java:464)
	at java.lang.Thread.run(Thread.java:748)
Caused by: java.util.concurrent.TimeoutException
	at java.util.concurrent.FutureTask.get(FutureTask.java:205)
	at org.apache.hadoop.ozone.container.common.states.datanode.RunningDatanodeState.lambda$execute$0(RunningDatanodeState.java:149)
	at java.util.concurrent.FutureTask.run(FutureTask.java:266)
	at java.util.concurrent.Executors$RunnableAdapter.call(Executors.java:511)
	at java.util.concurrent.FutureTask.run(FutureTask.java:266)
	at java.util.concurrent.ThreadPoolExecutor.runWorker(ThreadPoolExecutor.java:1149)
	at java.util.concurrent.ThreadPoolExecutor$Worker.run(ThreadPoolExecutor.java:624)
	... 1 more
2021-10-13 10:11:35,966 [Listener at 127.0.0.1/11284] INFO  ozone.MiniOzoneClusterImpl (MiniOzoneClusterImpl.java:lambda$waitForClusterToBeReady$0(235)) - Nodes are ready. Got 3 of 3 DN Heartbeats.
2021-10-13 10:11:35,966 [Listener at 127.0.0.1/11284] INFO  ozone.MiniOzoneClusterImpl (MiniOzoneClusterImpl.java:lambda$waitForClusterToBeReady$0(238)) - Waiting for cluster to exit safe mode
2021-10-13 10:11:35,966 [Listener at 127.0.0.1/11284] INFO  ozone.MiniOzoneClusterImpl (MiniOzoneClusterImpl.java:lambda$waitForClusterToBeReady$0(240)) - SCM became leader
2021-10-13 10:11:36,056 [EndpointStateMachine task thread for /127.0.0.1:13897 - 0 ] INFO  ipc.Client (Client.java:handleConnectionFailure(977)) - Retrying connect to server: localhost/127.0.0.1:13897. Already tried 2 time(s); retry policy is RetryUpToMaximumCountWithFixedSleep(maxRetries=15, sleepTime=1000 MILLISECONDS)
2021-10-13 10:11:36,341 [EndpointStateMachine task thread for /127.0.0.1:13887 - 0 ] INFO  ipc.Client (Client.java:handleConnectionFailure(977)) - Retrying connect to server: localhost/127.0.0.1:13887. Already tried 14 time(s); retry policy is RetryUpToMaximumCountWithFixedSleep(maxRetries=15, sleepTime=1000 MILLISECONDS)
2021-10-13 10:11:36,392 [EndpointStateMachine task thread for /127.0.0.1:13877 - 0 ] INFO  ipc.Client (Client.java:handleConnectionFailure(977)) - Retrying connect to server: localhost/127.0.0.1:13877. Already tried 2 time(s); retry policy is RetryUpToMaximumCountWithFixedSleep(maxRetries=15, sleepTime=1000 MILLISECONDS)
2021-10-13 10:11:36,966 [Listener at 127.0.0.1/11284] INFO  ozone.MiniOzoneClusterImpl (MiniOzoneClusterImpl.java:lambda$waitForClusterToBeReady$0(235)) - Nodes are ready. Got 3 of 3 DN Heartbeats.
2021-10-13 10:11:36,967 [Listener at 127.0.0.1/11284] INFO  ozone.MiniOzoneClusterImpl (MiniOzoneClusterImpl.java:lambda$waitForClusterToBeReady$0(238)) - Waiting for cluster to exit safe mode
2021-10-13 10:11:36,967 [Listener at 127.0.0.1/11284] INFO  ozone.MiniOzoneClusterImpl (MiniOzoneClusterImpl.java:lambda$waitForClusterToBeReady$0(240)) - SCM became leader
2021-10-13 10:11:37,057 [EndpointStateMachine task thread for /127.0.0.1:13897 - 0 ] INFO  ipc.Client (Client.java:handleConnectionFailure(977)) - Retrying connect to server: localhost/127.0.0.1:13897. Already tried 3 time(s); retry policy is RetryUpToMaximumCountWithFixedSleep(maxRetries=15, sleepTime=1000 MILLISECONDS)
2021-10-13 10:11:37,256 [Datanode State Machine Thread - 0] ERROR datanode.RunningDatanodeState (RunningDatanodeState.java:computeNextContainerState(199)) - Error in executing end point task.
java.util.concurrent.ExecutionException: java.util.concurrent.TimeoutException
	at java.util.concurrent.FutureTask.report(FutureTask.java:122)
	at java.util.concurrent.FutureTask.get(FutureTask.java:192)
	at org.apache.hadoop.ozone.container.common.states.datanode.RunningDatanodeState.computeNextContainerState(RunningDatanodeState.java:191)
	at org.apache.hadoop.ozone.container.common.states.datanode.RunningDatanodeState.await(RunningDatanodeState.java:231)
	at org.apache.hadoop.ozone.container.common.states.datanode.RunningDatanodeState.await(RunningDatanodeState.java:50)
	at org.apache.hadoop.ozone.container.common.statemachine.StateContext.execute(StateContext.java:629)
	at org.apache.hadoop.ozone.container.common.statemachine.DatanodeStateMachine.start(DatanodeStateMachine.java:276)
	at org.apache.hadoop.ozone.container.common.statemachine.DatanodeStateMachine.lambda$startDaemon$0(DatanodeStateMachine.java:464)
	at java.lang.Thread.run(Thread.java:748)
Caused by: java.util.concurrent.TimeoutException
	at java.util.concurrent.FutureTask.get(FutureTask.java:205)
	at org.apache.hadoop.ozone.container.common.states.datanode.RunningDatanodeState.lambda$execute$0(RunningDatanodeState.java:149)
	at java.util.concurrent.FutureTask.run(FutureTask.java:266)
	at java.util.concurrent.Executors$RunnableAdapter.call(Executors.java:511)
	at java.util.concurrent.FutureTask.run(FutureTask.java:266)
	at java.util.concurrent.ThreadPoolExecutor.runWorker(ThreadPoolExecutor.java:1149)
	at java.util.concurrent.ThreadPoolExecutor$Worker.run(ThreadPoolExecutor.java:624)
	... 1 more
2021-10-13 10:11:37,343 [EndpointStateMachine task thread for /127.0.0.1:13887 - 0 ] INFO  ipc.Client (Client.java:handleConnectionFailure(977)) - Retrying connect to server: localhost/127.0.0.1:13887. Already tried 0 time(s); retry policy is RetryUpToMaximumCountWithFixedSleep(maxRetries=15, sleepTime=1000 MILLISECONDS)
2021-10-13 10:11:37,393 [EndpointStateMachine task thread for /127.0.0.1:13877 - 0 ] INFO  ipc.Client (Client.java:handleConnectionFailure(977)) - Retrying connect to server: localhost/127.0.0.1:13877. Already tried 3 time(s); retry policy is RetryUpToMaximumCountWithFixedSleep(maxRetries=15, sleepTime=1000 MILLISECONDS)
2021-10-13 10:11:37,967 [Listener at 127.0.0.1/11284] INFO  ozone.MiniOzoneClusterImpl (MiniOzoneClusterImpl.java:lambda$waitForClusterToBeReady$0(235)) - Nodes are ready. Got 3 of 3 DN Heartbeats.
2021-10-13 10:11:37,967 [Listener at 127.0.0.1/11284] INFO  ozone.MiniOzoneClusterImpl (MiniOzoneClusterImpl.java:lambda$waitForClusterToBeReady$0(238)) - Waiting for cluster to exit safe mode
2021-10-13 10:11:37,967 [Listener at 127.0.0.1/11284] INFO  ozone.MiniOzoneClusterImpl (MiniOzoneClusterImpl.java:lambda$waitForClusterToBeReady$0(240)) - SCM became leader
2021-10-13 10:11:38,058 [EndpointStateMachine task thread for /127.0.0.1:13897 - 0 ] INFO  ipc.Client (Client.java:handleConnectionFailure(977)) - Retrying connect to server: localhost/127.0.0.1:13897. Already tried 4 time(s); retry policy is RetryUpToMaximumCountWithFixedSleep(maxRetries=15, sleepTime=1000 MILLISECONDS)
2021-10-13 10:11:38,343 [EndpointStateMachine task thread for /127.0.0.1:13887 - 0 ] INFO  ipc.Client (Client.java:handleConnectionFailure(977)) - Retrying connect to server: localhost/127.0.0.1:13887. Already tried 1 time(s); retry policy is RetryUpToMaximumCountWithFixedSleep(maxRetries=15, sleepTime=1000 MILLISECONDS)
2021-10-13 10:11:38,393 [EndpointStateMachine task thread for /127.0.0.1:13877 - 0 ] INFO  ipc.Client (Client.java:handleConnectionFailure(977)) - Retrying connect to server: localhost/127.0.0.1:13877. Already tried 4 time(s); retry policy is RetryUpToMaximumCountWithFixedSleep(maxRetries=15, sleepTime=1000 MILLISECONDS)
2021-10-13 10:11:38,822 [Datanode State Machine Thread - 0] ERROR datanode.RunningDatanodeState (RunningDatanodeState.java:computeNextContainerState(199)) - Error in executing end point task.
java.util.concurrent.ExecutionException: java.util.concurrent.TimeoutException
	at java.util.concurrent.FutureTask.report(FutureTask.java:122)
	at java.util.concurrent.FutureTask.get(FutureTask.java:192)
	at org.apache.hadoop.ozone.container.common.states.datanode.RunningDatanodeState.computeNextContainerState(RunningDatanodeState.java:191)
	at org.apache.hadoop.ozone.container.common.states.datanode.RunningDatanodeState.await(RunningDatanodeState.java:231)
	at org.apache.hadoop.ozone.container.common.states.datanode.RunningDatanodeState.await(RunningDatanodeState.java:50)
	at org.apache.hadoop.ozone.container.common.statemachine.StateContext.execute(StateContext.java:629)
	at org.apache.hadoop.ozone.container.common.statemachine.DatanodeStateMachine.start(DatanodeStateMachine.java:276)
	at org.apache.hadoop.ozone.container.common.statemachine.DatanodeStateMachine.lambda$startDaemon$0(DatanodeStateMachine.java:464)
	at java.lang.Thread.run(Thread.java:748)
Caused by: java.util.concurrent.TimeoutException
	at java.util.concurrent.FutureTask.get(FutureTask.java:205)
	at org.apache.hadoop.ozone.container.common.states.datanode.RunningDatanodeState.lambda$execute$0(RunningDatanodeState.java:149)
	at java.util.concurrent.FutureTask.run(FutureTask.java:266)
	at java.util.concurrent.Executors$RunnableAdapter.call(Executors.java:511)
	at java.util.concurrent.FutureTask.run(FutureTask.java:266)
	at java.util.concurrent.ThreadPoolExecutor.runWorker(ThreadPoolExecutor.java:1149)
	at java.util.concurrent.ThreadPoolExecutor$Worker.run(ThreadPoolExecutor.java:624)
	... 1 more
2021-10-13 10:11:38,968 [Listener at 127.0.0.1/11284] INFO  ozone.MiniOzoneClusterImpl (MiniOzoneClusterImpl.java:lambda$waitForClusterToBeReady$0(235)) - Nodes are ready. Got 3 of 3 DN Heartbeats.
2021-10-13 10:11:38,968 [Listener at 127.0.0.1/11284] INFO  ozone.MiniOzoneClusterImpl (MiniOzoneClusterImpl.java:lambda$waitForClusterToBeReady$0(238)) - Waiting for cluster to exit safe mode
2021-10-13 10:11:38,968 [Listener at 127.0.0.1/11284] INFO  ozone.MiniOzoneClusterImpl (MiniOzoneClusterImpl.java:lambda$waitForClusterToBeReady$0(240)) - SCM became leader
2021-10-13 10:11:38,968 [83908b8c-1318-4212-96d2-7cdb43457491@group-D48C150F8724-FollowerState] INFO  impl.FollowerState (FollowerState.java:run(134)) - 83908b8c-1318-4212-96d2-7cdb43457491@group-D48C150F8724-FollowerState: change to CANDIDATE, lastRpcElapsedTime:5025338740ns, electionTimeout:5007ms
2021-10-13 10:11:38,968 [83908b8c-1318-4212-96d2-7cdb43457491@group-D48C150F8724-FollowerState] INFO  impl.RoleInfo (RoleInfo.java:shutdownFollowerState(108)) - 83908b8c-1318-4212-96d2-7cdb43457491: shutdown 83908b8c-1318-4212-96d2-7cdb43457491@group-D48C150F8724-FollowerState
2021-10-13 10:11:38,968 [83908b8c-1318-4212-96d2-7cdb43457491@group-D48C150F8724-FollowerState] INFO  server.RaftServer$Division (RaftServerImpl.java:setRole(285)) - 83908b8c-1318-4212-96d2-7cdb43457491@group-D48C150F8724: changes role from  FOLLOWER to CANDIDATE at term 1 for changeToCandidate
2021-10-13 10:11:38,968 [83908b8c-1318-4212-96d2-7cdb43457491@group-D48C150F8724-FollowerState] INFO  server.RaftServerConfigKeys (ConfUtils.java:logGet(44)) - raft.server.leaderelection.pre-vote = false (custom)
2021-10-13 10:11:38,969 [83908b8c-1318-4212-96d2-7cdb43457491@group-D48C150F8724-FollowerState] INFO  impl.RoleInfo (RoleInfo.java:updateAndGet(130)) - 83908b8c-1318-4212-96d2-7cdb43457491: start 83908b8c-1318-4212-96d2-7cdb43457491@group-D48C150F8724-LeaderElection27
2021-10-13 10:11:39,004 [83908b8c-1318-4212-96d2-7cdb43457491@group-D48C150F8724-LeaderElection27] INFO  impl.LeaderElection (LeaderElection.java:askForVotes(306)) - 83908b8c-1318-4212-96d2-7cdb43457491@group-D48C150F8724-LeaderElection27 ELECTION round 0: submit vote requests at term 2 for -1: [83908b8c-1318-4212-96d2-7cdb43457491|rpc:127.0.0.1:46375|priority:0, 83da085b-8d99-4632-b443-c6596217d352|rpc:127.0.0.1:34351|priority:1, a78bc827-a10e-4e71-88ed-094b4b7dc052|rpc:127.0.0.1:44771|priority:0], old=null
2021-10-13 10:11:39,009 [grpc-default-executor-0] INFO  server.RaftServer$Division (RaftServerImpl.java:requestVote(1043)) - 83da085b-8d99-4632-b443-c6596217d352@group-D48C150F8724: receive requestVote(ELECTION, 83908b8c-1318-4212-96d2-7cdb43457491, group-D48C150F8724, 2, (t:0, i:0))
2021-10-13 10:11:39,009 [grpc-default-executor-0] INFO  impl.VoteContext (VoteContext.java:log(48)) - 83da085b-8d99-4632-b443-c6596217d352@group-D48C150F8724-FOLLOWER: reject ELECTION from 83908b8c-1318-4212-96d2-7cdb43457491: our priority 1 > candidate's priority 0
2021-10-13 10:11:39,010 [grpc-default-executor-0] INFO  server.RaftServer$Division (RaftServerImpl.java:setRole(285)) - 83da085b-8d99-4632-b443-c6596217d352@group-D48C150F8724: changes role from  FOLLOWER to FOLLOWER at term 2 for candidate:83908b8c-1318-4212-96d2-7cdb43457491
2021-10-13 10:11:39,010 [grpc-default-executor-0] INFO  impl.RoleInfo (RoleInfo.java:shutdownFollowerState(108)) - 83da085b-8d99-4632-b443-c6596217d352: shutdown 83da085b-8d99-4632-b443-c6596217d352@group-D48C150F8724-FollowerState
2021-10-13 10:11:39,012 [grpc-default-executor-0] INFO  impl.RoleInfo (RoleInfo.java:updateAndGet(130)) - 83da085b-8d99-4632-b443-c6596217d352: start 83da085b-8d99-4632-b443-c6596217d352@group-D48C150F8724-FollowerState
2021-10-13 10:11:39,012 [83da085b-8d99-4632-b443-c6596217d352@group-D48C150F8724-FollowerState] INFO  impl.FollowerState (FollowerState.java:run(143)) - 83da085b-8d99-4632-b443-c6596217d352@group-D48C150F8724-FollowerState was interrupted: {}
java.lang.InterruptedException: sleep interrupted
	at java.lang.Thread.sleep(Native Method)
	at java.lang.Thread.sleep(Thread.java:340)
	at java.util.concurrent.TimeUnit.sleep(TimeUnit.java:386)
	at org.apache.ratis.util.TimeDuration.sleep(TimeDuration.java:324)
	at org.apache.ratis.util.TimeDuration.sleep(TimeDuration.java:309)
	at org.apache.ratis.server.impl.FollowerState.run(FollowerState.java:118)
2021-10-13 10:11:39,013 [grpc-default-executor-2] INFO  server.RaftServer$Division (RaftServerImpl.java:requestVote(1043)) - a78bc827-a10e-4e71-88ed-094b4b7dc052@group-D48C150F8724: receive requestVote(ELECTION, 83908b8c-1318-4212-96d2-7cdb43457491, group-D48C150F8724, 2, (t:0, i:0))
2021-10-13 10:11:39,014 [grpc-default-executor-2] INFO  impl.VoteContext (VoteContext.java:log(48)) - a78bc827-a10e-4e71-88ed-094b4b7dc052@group-D48C150F8724-FOLLOWER: accept ELECTION from 83908b8c-1318-4212-96d2-7cdb43457491: our priority 0 <= candidate's priority 0
2021-10-13 10:11:39,014 [grpc-default-executor-2] INFO  server.RaftServer$Division (RaftServerImpl.java:setRole(285)) - a78bc827-a10e-4e71-88ed-094b4b7dc052@group-D48C150F8724: changes role from  FOLLOWER to FOLLOWER at term 2 for candidate:83908b8c-1318-4212-96d2-7cdb43457491
2021-10-13 10:11:39,014 [grpc-default-executor-2] INFO  impl.RoleInfo (RoleInfo.java:shutdownFollowerState(108)) - a78bc827-a10e-4e71-88ed-094b4b7dc052: shutdown a78bc827-a10e-4e71-88ed-094b4b7dc052@group-D48C150F8724-FollowerState
2021-10-13 10:11:39,014 [a78bc827-a10e-4e71-88ed-094b4b7dc052@group-D48C150F8724-FollowerState] INFO  impl.FollowerState (FollowerState.java:run(143)) - a78bc827-a10e-4e71-88ed-094b4b7dc052@group-D48C150F8724-FollowerState was interrupted: {}
java.lang.InterruptedException: sleep interrupted
	at java.lang.Thread.sleep(Native Method)
	at java.lang.Thread.sleep(Thread.java:340)
	at java.util.concurrent.TimeUnit.sleep(TimeUnit.java:386)
	at org.apache.ratis.util.TimeDuration.sleep(TimeDuration.java:324)
	at org.apache.ratis.util.TimeDuration.sleep(TimeDuration.java:309)
	at org.apache.ratis.server.impl.FollowerState.run(FollowerState.java:118)
2021-10-13 10:11:39,014 [grpc-default-executor-2] INFO  impl.RoleInfo (RoleInfo.java:updateAndGet(130)) - a78bc827-a10e-4e71-88ed-094b4b7dc052: start a78bc827-a10e-4e71-88ed-094b4b7dc052@group-D48C150F8724-FollowerState
2021-10-13 10:11:39,029 [grpc-default-executor-0] INFO  server.RaftServer$Division (RaftServerImpl.java:requestVote(1075)) - 83da085b-8d99-4632-b443-c6596217d352@group-D48C150F8724 replies to ELECTION vote request: 83908b8c-1318-4212-96d2-7cdb43457491<-83da085b-8d99-4632-b443-c6596217d352#0:FAIL-t2. Peer's state: 83da085b-8d99-4632-b443-c6596217d352@group-D48C150F8724:t2, leader=null, voted=null, raftlog=83da085b-8d99-4632-b443-c6596217d352@group-D48C150F8724-SegmentedRaftLog:OPENED:c-1,f-1,i0, conf=-1: [83908b8c-1318-4212-96d2-7cdb43457491|rpc:127.0.0.1:46375|dataStream:|priority:0, 83da085b-8d99-4632-b443-c6596217d352|rpc:127.0.0.1:34351|dataStream:|priority:1, a78bc827-a10e-4e71-88ed-094b4b7dc052|rpc:127.0.0.1:44771|dataStream:|priority:0], old=null
2021-10-13 10:11:39,042 [grpc-default-executor-2] INFO  server.RaftServer$Division (RaftServerImpl.java:requestVote(1075)) - a78bc827-a10e-4e71-88ed-094b4b7dc052@group-D48C150F8724 replies to ELECTION vote request: 83908b8c-1318-4212-96d2-7cdb43457491<-a78bc827-a10e-4e71-88ed-094b4b7dc052#0:OK-t2. Peer's state: a78bc827-a10e-4e71-88ed-094b4b7dc052@group-D48C150F8724:t2, leader=null, voted=83908b8c-1318-4212-96d2-7cdb43457491, raftlog=a78bc827-a10e-4e71-88ed-094b4b7dc052@group-D48C150F8724-SegmentedRaftLog:OPENED:c-1,f-1,i0, conf=-1: [83908b8c-1318-4212-96d2-7cdb43457491|rpc:127.0.0.1:46375|dataStream:|priority:0, 83da085b-8d99-4632-b443-c6596217d352|rpc:127.0.0.1:34351|dataStream:|priority:1, a78bc827-a10e-4e71-88ed-094b4b7dc052|rpc:127.0.0.1:44771|dataStream:|priority:0], old=null
2021-10-13 10:11:39,042 [83908b8c-1318-4212-96d2-7cdb43457491@group-D48C150F8724-LeaderElection27] INFO  impl.LeaderElection (LeaderElection.java:logAndReturn(89)) - 83908b8c-1318-4212-96d2-7cdb43457491@group-D48C150F8724-LeaderElection27: ELECTION REJECTED received 1 response(s) and 0 exception(s):
2021-10-13 10:11:39,051 [83908b8c-1318-4212-96d2-7cdb43457491@group-D48C150F8724-LeaderElection27] INFO  impl.LeaderElection (LeaderElection.java:logAndReturn(93)) -   Response 0: 83908b8c-1318-4212-96d2-7cdb43457491<-83da085b-8d99-4632-b443-c6596217d352#0:FAIL-t2
2021-10-13 10:11:39,051 [83908b8c-1318-4212-96d2-7cdb43457491@group-D48C150F8724-LeaderElection27] INFO  impl.LeaderElection (LeaderElection.java:askForVotes(308)) - 83908b8c-1318-4212-96d2-7cdb43457491@group-D48C150F8724-LeaderElection27 ELECTION round 0: result REJECTED
2021-10-13 10:11:39,052 [83908b8c-1318-4212-96d2-7cdb43457491@group-D48C150F8724-LeaderElection27] INFO  server.RaftServer$Division (RaftServerImpl.java:setRole(285)) - 83908b8c-1318-4212-96d2-7cdb43457491@group-D48C150F8724: changes role from CANDIDATE to FOLLOWER at term 2 for REJECTED
2021-10-13 10:11:39,052 [83908b8c-1318-4212-96d2-7cdb43457491@group-D48C150F8724-LeaderElection27] INFO  impl.RoleInfo (RoleInfo.java:shutdownLeaderElection(121)) - 83908b8c-1318-4212-96d2-7cdb43457491: shutdown 83908b8c-1318-4212-96d2-7cdb43457491@group-D48C150F8724-LeaderElection27
2021-10-13 10:11:39,052 [83908b8c-1318-4212-96d2-7cdb43457491@group-D48C150F8724-LeaderElection27] INFO  impl.RoleInfo (RoleInfo.java:updateAndGet(130)) - 83908b8c-1318-4212-96d2-7cdb43457491: start 83908b8c-1318-4212-96d2-7cdb43457491@group-D48C150F8724-FollowerState
2021-10-13 10:11:39,058 [EndpointStateMachine task thread for /127.0.0.1:13897 - 0 ] INFO  ipc.Client (Client.java:handleConnectionFailure(977)) - Retrying connect to server: localhost/127.0.0.1:13897. Already tried 5 time(s); retry policy is RetryUpToMaximumCountWithFixedSleep(maxRetries=15, sleepTime=1000 MILLISECONDS)
2021-10-13 10:11:39,249 [83da085b-8d99-4632-b443-c6596217d352@group-CFD79ED7D8C4-FollowerState] INFO  impl.FollowerState (FollowerState.java:run(134)) - 83da085b-8d99-4632-b443-c6596217d352@group-CFD79ED7D8C4-FollowerState: change to CANDIDATE, lastRpcElapsedTime:5060331296ns, electionTimeout:5057ms
2021-10-13 10:11:39,249 [83da085b-8d99-4632-b443-c6596217d352@group-CFD79ED7D8C4-FollowerState] INFO  impl.RoleInfo (RoleInfo.java:shutdownFollowerState(108)) - 83da085b-8d99-4632-b443-c6596217d352: shutdown 83da085b-8d99-4632-b443-c6596217d352@group-CFD79ED7D8C4-FollowerState
2021-10-13 10:11:39,249 [83da085b-8d99-4632-b443-c6596217d352@group-CFD79ED7D8C4-FollowerState] INFO  server.RaftServer$Division (RaftServerImpl.java:setRole(285)) - 83da085b-8d99-4632-b443-c6596217d352@group-CFD79ED7D8C4: changes role from  FOLLOWER to CANDIDATE at term 1 for changeToCandidate
2021-10-13 10:11:39,250 [83da085b-8d99-4632-b443-c6596217d352@group-CFD79ED7D8C4-FollowerState] INFO  server.RaftServerConfigKeys (ConfUtils.java:logGet(44)) - raft.server.leaderelection.pre-vote = false (custom)
2021-10-13 10:11:39,250 [83da085b-8d99-4632-b443-c6596217d352@group-CFD79ED7D8C4-FollowerState] INFO  impl.RoleInfo (RoleInfo.java:updateAndGet(130)) - 83da085b-8d99-4632-b443-c6596217d352: start 83da085b-8d99-4632-b443-c6596217d352@group-CFD79ED7D8C4-LeaderElection28
2021-10-13 10:11:39,270 [83da085b-8d99-4632-b443-c6596217d352@group-CFD79ED7D8C4-LeaderElection28] INFO  impl.LeaderElection (LeaderElection.java:askForVotes(306)) - 83da085b-8d99-4632-b443-c6596217d352@group-CFD79ED7D8C4-LeaderElection28 ELECTION round 0: submit vote requests at term 2 for -1: [83908b8c-1318-4212-96d2-7cdb43457491|rpc:127.0.0.1:46375|dataStream:|priority:0, 83da085b-8d99-4632-b443-c6596217d352|rpc:127.0.0.1:34351|dataStream:|priority:0, a78bc827-a10e-4e71-88ed-094b4b7dc052|rpc:127.0.0.1:44771|dataStream:|priority:1], old=null
2021-10-13 10:11:39,276 [Datanode State Machine Thread - 0] ERROR datanode.RunningDatanodeState (RunningDatanodeState.java:computeNextContainerState(199)) - Error in executing end point task.
java.util.concurrent.ExecutionException: java.util.concurrent.TimeoutException
	at java.util.concurrent.FutureTask.report(FutureTask.java:122)
	at java.util.concurrent.FutureTask.get(FutureTask.java:192)
	at org.apache.hadoop.ozone.container.common.states.datanode.RunningDatanodeState.computeNextContainerState(RunningDatanodeState.java:191)
	at org.apache.hadoop.ozone.container.common.states.datanode.RunningDatanodeState.await(RunningDatanodeState.java:231)
	at org.apache.hadoop.ozone.container.common.states.datanode.RunningDatanodeState.await(RunningDatanodeState.java:50)
	at org.apache.hadoop.ozone.container.common.statemachine.StateContext.execute(StateContext.java:629)
	at org.apache.hadoop.ozone.container.common.statemachine.DatanodeStateMachine.start(DatanodeStateMachine.java:276)
	at org.apache.hadoop.ozone.container.common.statemachine.DatanodeStateMachine.lambda$startDaemon$0(DatanodeStateMachine.java:464)
	at java.lang.Thread.run(Thread.java:748)
Caused by: java.util.concurrent.TimeoutException
	at java.util.concurrent.FutureTask.get(FutureTask.java:205)
	at org.apache.hadoop.ozone.container.common.states.datanode.RunningDatanodeState.lambda$execute$0(RunningDatanodeState.java:149)
	at java.util.concurrent.FutureTask.run(FutureTask.java:266)
	at java.util.concurrent.Executors$RunnableAdapter.call(Executors.java:511)
	at java.util.concurrent.FutureTask.run(FutureTask.java:266)
	at java.util.concurrent.ThreadPoolExecutor.runWorker(ThreadPoolExecutor.java:1149)
	at java.util.concurrent.ThreadPoolExecutor$Worker.run(ThreadPoolExecutor.java:624)
	... 1 more
2021-10-13 10:11:39,280 [a78bc827-a10e-4e71-88ed-094b4b7dc052@group-CFD79ED7D8C4-FollowerState] INFO  impl.FollowerState (FollowerState.java:run(134)) - a78bc827-a10e-4e71-88ed-094b4b7dc052@group-CFD79ED7D8C4-FollowerState: change to CANDIDATE, lastRpcElapsedTime:5090687431ns, electionTimeout:5087ms
2021-10-13 10:11:39,311 [a78bc827-a10e-4e71-88ed-094b4b7dc052@group-CFD79ED7D8C4-FollowerState] INFO  impl.RoleInfo (RoleInfo.java:shutdownFollowerState(108)) - a78bc827-a10e-4e71-88ed-094b4b7dc052: shutdown a78bc827-a10e-4e71-88ed-094b4b7dc052@group-CFD79ED7D8C4-FollowerState
2021-10-13 10:11:39,312 [a78bc827-a10e-4e71-88ed-094b4b7dc052@group-CFD79ED7D8C4-FollowerState] INFO  server.RaftServer$Division (RaftServerImpl.java:setRole(285)) - a78bc827-a10e-4e71-88ed-094b4b7dc052@group-CFD79ED7D8C4: changes role from  FOLLOWER to CANDIDATE at term 1 for changeToCandidate
2021-10-13 10:11:39,312 [a78bc827-a10e-4e71-88ed-094b4b7dc052@group-CFD79ED7D8C4-FollowerState] INFO  server.RaftServerConfigKeys (ConfUtils.java:logGet(44)) - raft.server.leaderelection.pre-vote = false (custom)
2021-10-13 10:11:39,312 [a78bc827-a10e-4e71-88ed-094b4b7dc052@group-CFD79ED7D8C4-FollowerState] INFO  impl.RoleInfo (RoleInfo.java:updateAndGet(130)) - a78bc827-a10e-4e71-88ed-094b4b7dc052: start a78bc827-a10e-4e71-88ed-094b4b7dc052@group-CFD79ED7D8C4-LeaderElection29
2021-10-13 10:11:39,325 [grpc-default-executor-2] INFO  server.RaftServer$Division (RaftServerImpl.java:requestVote(1043)) - 83908b8c-1318-4212-96d2-7cdb43457491@group-CFD79ED7D8C4: receive requestVote(ELECTION, 83da085b-8d99-4632-b443-c6596217d352, group-CFD79ED7D8C4, 2, (t:0, i:0))
2021-10-13 10:11:39,331 [a78bc827-a10e-4e71-88ed-094b4b7dc052@group-CFD79ED7D8C4-LeaderElection29] INFO  impl.LeaderElection (LeaderElection.java:askForVotes(306)) - a78bc827-a10e-4e71-88ed-094b4b7dc052@group-CFD79ED7D8C4-LeaderElection29 ELECTION round 0: submit vote requests at term 2 for -1: [83908b8c-1318-4212-96d2-7cdb43457491|rpc:127.0.0.1:46375|dataStream:|priority:0, 83da085b-8d99-4632-b443-c6596217d352|rpc:127.0.0.1:34351|dataStream:|priority:0, a78bc827-a10e-4e71-88ed-094b4b7dc052|rpc:127.0.0.1:44771|dataStream:|priority:1], old=null
2021-10-13 10:11:39,332 [grpc-default-executor-2] INFO  impl.VoteContext (VoteContext.java:log(48)) - 83908b8c-1318-4212-96d2-7cdb43457491@group-CFD79ED7D8C4-FOLLOWER: accept ELECTION from 83da085b-8d99-4632-b443-c6596217d352: our priority 0 <= candidate's priority 0
2021-10-13 10:11:39,332 [grpc-default-executor-2] INFO  server.RaftServer$Division (RaftServerImpl.java:setRole(285)) - 83908b8c-1318-4212-96d2-7cdb43457491@group-CFD79ED7D8C4: changes role from  FOLLOWER to FOLLOWER at term 2 for candidate:83da085b-8d99-4632-b443-c6596217d352
2021-10-13 10:11:39,332 [grpc-default-executor-2] INFO  impl.RoleInfo (RoleInfo.java:shutdownFollowerState(108)) - 83908b8c-1318-4212-96d2-7cdb43457491: shutdown 83908b8c-1318-4212-96d2-7cdb43457491@group-CFD79ED7D8C4-FollowerState
2021-10-13 10:11:39,344 [EndpointStateMachine task thread for /127.0.0.1:13887 - 0 ] INFO  ipc.Client (Client.java:handleConnectionFailure(977)) - Retrying connect to server: localhost/127.0.0.1:13887. Already tried 2 time(s); retry policy is RetryUpToMaximumCountWithFixedSleep(maxRetries=15, sleepTime=1000 MILLISECONDS)
2021-10-13 10:11:39,345 [grpc-default-executor-2] INFO  impl.RoleInfo (RoleInfo.java:updateAndGet(130)) - 83908b8c-1318-4212-96d2-7cdb43457491: start 83908b8c-1318-4212-96d2-7cdb43457491@group-CFD79ED7D8C4-FollowerState
2021-10-13 10:11:39,345 [83908b8c-1318-4212-96d2-7cdb43457491@group-CFD79ED7D8C4-FollowerState] INFO  impl.FollowerState (FollowerState.java:run(143)) - 83908b8c-1318-4212-96d2-7cdb43457491@group-CFD79ED7D8C4-FollowerState was interrupted: {}
java.lang.InterruptedException: sleep interrupted
	at java.lang.Thread.sleep(Native Method)
	at java.lang.Thread.sleep(Thread.java:340)
	at java.util.concurrent.TimeUnit.sleep(TimeUnit.java:386)
	at org.apache.ratis.util.TimeDuration.sleep(TimeDuration.java:324)
	at org.apache.ratis.util.TimeDuration.sleep(TimeDuration.java:309)
	at org.apache.ratis.server.impl.FollowerState.run(FollowerState.java:118)
2021-10-13 10:11:39,354 [grpc-default-executor-0] INFO  server.RaftServer$Division (RaftServerImpl.java:requestVote(1043)) - 83da085b-8d99-4632-b443-c6596217d352@group-CFD79ED7D8C4: receive requestVote(ELECTION, a78bc827-a10e-4e71-88ed-094b4b7dc052, group-CFD79ED7D8C4, 2, (t:0, i:0))
2021-10-13 10:11:39,354 [grpc-default-executor-0] INFO  impl.VoteContext (VoteContext.java:log(48)) - 83da085b-8d99-4632-b443-c6596217d352@group-CFD79ED7D8C4-CANDIDATE: reject ELECTION from a78bc827-a10e-4e71-88ed-094b4b7dc052: already has voted for 83da085b-8d99-4632-b443-c6596217d352 at current term 2
2021-10-13 10:11:39,354 [grpc-default-executor-0] INFO  server.RaftServer$Division (RaftServerImpl.java:requestVote(1075)) - 83da085b-8d99-4632-b443-c6596217d352@group-CFD79ED7D8C4 replies to ELECTION vote request: a78bc827-a10e-4e71-88ed-094b4b7dc052<-83da085b-8d99-4632-b443-c6596217d352#0:FAIL-t2. Peer's state: 83da085b-8d99-4632-b443-c6596217d352@group-CFD79ED7D8C4:t2, leader=null, voted=83da085b-8d99-4632-b443-c6596217d352, raftlog=83da085b-8d99-4632-b443-c6596217d352@group-CFD79ED7D8C4-SegmentedRaftLog:OPENED:c-1,f-1,i0, conf=-1: [83908b8c-1318-4212-96d2-7cdb43457491|rpc:127.0.0.1:46375|dataStream:|priority:0, 83da085b-8d99-4632-b443-c6596217d352|rpc:127.0.0.1:34351|dataStream:|priority:0, a78bc827-a10e-4e71-88ed-094b4b7dc052|rpc:127.0.0.1:44771|dataStream:|priority:1], old=null
2021-10-13 10:11:39,356 [grpc-default-executor-2] INFO  server.RaftServer$Division (RaftServerImpl.java:requestVote(1075)) - 83908b8c-1318-4212-96d2-7cdb43457491@group-CFD79ED7D8C4 replies to ELECTION vote request: 83da085b-8d99-4632-b443-c6596217d352<-83908b8c-1318-4212-96d2-7cdb43457491#0:OK-t2. Peer's state: 83908b8c-1318-4212-96d2-7cdb43457491@group-CFD79ED7D8C4:t2, leader=null, voted=83da085b-8d99-4632-b443-c6596217d352, raftlog=83908b8c-1318-4212-96d2-7cdb43457491@group-CFD79ED7D8C4-SegmentedRaftLog:OPENED:c-1,f-1,i0, conf=-1: [83908b8c-1318-4212-96d2-7cdb43457491|rpc:127.0.0.1:46375|priority:0, 83da085b-8d99-4632-b443-c6596217d352|rpc:127.0.0.1:34351|priority:0, a78bc827-a10e-4e71-88ed-094b4b7dc052|rpc:127.0.0.1:44771|priority:1], old=null
2021-10-13 10:11:39,357 [grpc-default-executor-1] INFO  server.RaftServer$Division (RaftServerImpl.java:requestVote(1043)) - a78bc827-a10e-4e71-88ed-094b4b7dc052@group-CFD79ED7D8C4: receive requestVote(ELECTION, 83da085b-8d99-4632-b443-c6596217d352, group-CFD79ED7D8C4, 2, (t:0, i:0))
2021-10-13 10:11:39,357 [grpc-default-executor-1] INFO  impl.VoteContext (VoteContext.java:log(48)) - a78bc827-a10e-4e71-88ed-094b4b7dc052@group-CFD79ED7D8C4-CANDIDATE: reject ELECTION from 83da085b-8d99-4632-b443-c6596217d352: already has voted for a78bc827-a10e-4e71-88ed-094b4b7dc052 at current term 2
2021-10-13 10:11:39,357 [grpc-default-executor-1] INFO  server.RaftServer$Division (RaftServerImpl.java:requestVote(1075)) - a78bc827-a10e-4e71-88ed-094b4b7dc052@group-CFD79ED7D8C4 replies to ELECTION vote request: 83da085b-8d99-4632-b443-c6596217d352<-a78bc827-a10e-4e71-88ed-094b4b7dc052#0:FAIL-t2. Peer's state: a78bc827-a10e-4e71-88ed-094b4b7dc052@group-CFD79ED7D8C4:t2, leader=null, voted=a78bc827-a10e-4e71-88ed-094b4b7dc052, raftlog=a78bc827-a10e-4e71-88ed-094b4b7dc052@group-CFD79ED7D8C4-SegmentedRaftLog:OPENED:c-1,f-1,i0, conf=-1: [83908b8c-1318-4212-96d2-7cdb43457491|rpc:127.0.0.1:46375|dataStream:|priority:0, 83da085b-8d99-4632-b443-c6596217d352|rpc:127.0.0.1:34351|dataStream:|priority:0, a78bc827-a10e-4e71-88ed-094b4b7dc052|rpc:127.0.0.1:44771|dataStream:|priority:1], old=null
2021-10-13 10:11:39,363 [83da085b-8d99-4632-b443-c6596217d352@group-CFD79ED7D8C4-LeaderElection28] INFO  impl.LeaderElection (LeaderElection.java:logAndReturn(89)) - 83da085b-8d99-4632-b443-c6596217d352@group-CFD79ED7D8C4-LeaderElection28: ELECTION REJECTED received 2 response(s) and 0 exception(s):
2021-10-13 10:11:39,363 [83da085b-8d99-4632-b443-c6596217d352@group-CFD79ED7D8C4-LeaderElection28] INFO  impl.LeaderElection (LeaderElection.java:logAndReturn(93)) -   Response 0: 83da085b-8d99-4632-b443-c6596217d352<-83908b8c-1318-4212-96d2-7cdb43457491#0:OK-t2
2021-10-13 10:11:39,363 [83da085b-8d99-4632-b443-c6596217d352@group-CFD79ED7D8C4-LeaderElection28] INFO  impl.LeaderElection (LeaderElection.java:logAndReturn(93)) -   Response 1: 83da085b-8d99-4632-b443-c6596217d352<-a78bc827-a10e-4e71-88ed-094b4b7dc052#0:FAIL-t2
2021-10-13 10:11:39,363 [83da085b-8d99-4632-b443-c6596217d352@group-CFD79ED7D8C4-LeaderElection28] INFO  impl.LeaderElection (LeaderElection.java:askForVotes(308)) - 83da085b-8d99-4632-b443-c6596217d352@group-CFD79ED7D8C4-LeaderElection28 ELECTION round 0: result REJECTED
2021-10-13 10:11:39,363 [83da085b-8d99-4632-b443-c6596217d352@group-CFD79ED7D8C4-LeaderElection28] INFO  server.RaftServer$Division (RaftServerImpl.java:setRole(285)) - 83da085b-8d99-4632-b443-c6596217d352@group-CFD79ED7D8C4: changes role from CANDIDATE to FOLLOWER at term 2 for REJECTED
2021-10-13 10:11:39,363 [83da085b-8d99-4632-b443-c6596217d352@group-CFD79ED7D8C4-LeaderElection28] INFO  impl.RoleInfo (RoleInfo.java:shutdownLeaderElection(121)) - 83da085b-8d99-4632-b443-c6596217d352: shutdown 83da085b-8d99-4632-b443-c6596217d352@group-CFD79ED7D8C4-LeaderElection28
2021-10-13 10:11:39,363 [83da085b-8d99-4632-b443-c6596217d352@group-CFD79ED7D8C4-LeaderElection28] INFO  impl.RoleInfo (RoleInfo.java:updateAndGet(130)) - 83da085b-8d99-4632-b443-c6596217d352: start 83da085b-8d99-4632-b443-c6596217d352@group-CFD79ED7D8C4-FollowerState
2021-10-13 10:11:39,363 [grpc-default-executor-1] INFO  server.RaftServer$Division (RaftServerImpl.java:requestVote(1043)) - 83908b8c-1318-4212-96d2-7cdb43457491@group-CFD79ED7D8C4: receive requestVote(ELECTION, a78bc827-a10e-4e71-88ed-094b4b7dc052, group-CFD79ED7D8C4, 2, (t:0, i:0))
2021-10-13 10:11:39,364 [grpc-default-executor-1] INFO  impl.VoteContext (VoteContext.java:log(48)) - 83908b8c-1318-4212-96d2-7cdb43457491@group-CFD79ED7D8C4-FOLLOWER: reject ELECTION from a78bc827-a10e-4e71-88ed-094b4b7dc052: already has voted for 83da085b-8d99-4632-b443-c6596217d352 at current term 2
2021-10-13 10:11:39,364 [grpc-default-executor-1] INFO  server.RaftServer$Division (RaftServerImpl.java:requestVote(1075)) - 83908b8c-1318-4212-96d2-7cdb43457491@group-CFD79ED7D8C4 replies to ELECTION vote request: a78bc827-a10e-4e71-88ed-094b4b7dc052<-83908b8c-1318-4212-96d2-7cdb43457491#0:FAIL-t2. Peer's state: 83908b8c-1318-4212-96d2-7cdb43457491@group-CFD79ED7D8C4:t2, leader=null, voted=83da085b-8d99-4632-b443-c6596217d352, raftlog=83908b8c-1318-4212-96d2-7cdb43457491@group-CFD79ED7D8C4-SegmentedRaftLog:OPENED:c-1,f-1,i0, conf=-1: [83908b8c-1318-4212-96d2-7cdb43457491|rpc:127.0.0.1:46375|priority:0, 83da085b-8d99-4632-b443-c6596217d352|rpc:127.0.0.1:34351|priority:0, a78bc827-a10e-4e71-88ed-094b4b7dc052|rpc:127.0.0.1:44771|priority:1], old=null
2021-10-13 10:11:39,379 [a78bc827-a10e-4e71-88ed-094b4b7dc052@group-CFD79ED7D8C4-LeaderElection29] INFO  impl.LeaderElection (LeaderElection.java:logAndReturn(89)) - a78bc827-a10e-4e71-88ed-094b4b7dc052@group-CFD79ED7D8C4-LeaderElection29: ELECTION REJECTED received 2 response(s) and 0 exception(s):
2021-10-13 10:11:39,379 [a78bc827-a10e-4e71-88ed-094b4b7dc052@group-CFD79ED7D8C4-LeaderElection29] INFO  impl.LeaderElection (LeaderElection.java:logAndReturn(93)) -   Response 0: a78bc827-a10e-4e71-88ed-094b4b7dc052<-83908b8c-1318-4212-96d2-7cdb43457491#0:FAIL-t2
2021-10-13 10:11:39,379 [a78bc827-a10e-4e71-88ed-094b4b7dc052@group-CFD79ED7D8C4-LeaderElection29] INFO  impl.LeaderElection (LeaderElection.java:logAndReturn(93)) -   Response 1: a78bc827-a10e-4e71-88ed-094b4b7dc052<-83da085b-8d99-4632-b443-c6596217d352#0:FAIL-t2
2021-10-13 10:11:39,379 [a78bc827-a10e-4e71-88ed-094b4b7dc052@group-CFD79ED7D8C4-LeaderElection29] INFO  impl.LeaderElection (LeaderElection.java:askForVotes(308)) - a78bc827-a10e-4e71-88ed-094b4b7dc052@group-CFD79ED7D8C4-LeaderElection29 ELECTION round 0: result REJECTED
2021-10-13 10:11:39,379 [a78bc827-a10e-4e71-88ed-094b4b7dc052@group-CFD79ED7D8C4-LeaderElection29] INFO  server.RaftServer$Division (RaftServerImpl.java:setRole(285)) - a78bc827-a10e-4e71-88ed-094b4b7dc052@group-CFD79ED7D8C4: changes role from CANDIDATE to FOLLOWER at term 2 for REJECTED
2021-10-13 10:11:39,379 [a78bc827-a10e-4e71-88ed-094b4b7dc052@group-CFD79ED7D8C4-LeaderElection29] INFO  impl.RoleInfo (RoleInfo.java:shutdownLeaderElection(121)) - a78bc827-a10e-4e71-88ed-094b4b7dc052: shutdown a78bc827-a10e-4e71-88ed-094b4b7dc052@group-CFD79ED7D8C4-LeaderElection29
2021-10-13 10:11:39,379 [a78bc827-a10e-4e71-88ed-094b4b7dc052@group-CFD79ED7D8C4-LeaderElection29] INFO  impl.RoleInfo (RoleInfo.java:updateAndGet(130)) - a78bc827-a10e-4e71-88ed-094b4b7dc052: start a78bc827-a10e-4e71-88ed-094b4b7dc052@group-CFD79ED7D8C4-FollowerState
2021-10-13 10:11:39,394 [EndpointStateMachine task thread for /127.0.0.1:13877 - 0 ] INFO  ipc.Client (Client.java:handleConnectionFailure(977)) - Retrying connect to server: localhost/127.0.0.1:13877. Already tried 5 time(s); retry policy is RetryUpToMaximumCountWithFixedSleep(maxRetries=15, sleepTime=1000 MILLISECONDS)
2021-10-13 10:11:39,442 [Datanode State Machine Thread - 0] ERROR datanode.RunningDatanodeState (RunningDatanodeState.java:computeNextContainerState(199)) - Error in executing end point task.
java.util.concurrent.ExecutionException: java.util.concurrent.TimeoutException
	at java.util.concurrent.FutureTask.report(FutureTask.java:122)
	at java.util.concurrent.FutureTask.get(FutureTask.java:192)
	at org.apache.hadoop.ozone.container.common.states.datanode.RunningDatanodeState.computeNextContainerState(RunningDatanodeState.java:191)
	at org.apache.hadoop.ozone.container.common.states.datanode.RunningDatanodeState.await(RunningDatanodeState.java:231)
	at org.apache.hadoop.ozone.container.common.states.datanode.RunningDatanodeState.await(RunningDatanodeState.java:50)
	at org.apache.hadoop.ozone.container.common.statemachine.StateContext.execute(StateContext.java:629)
	at org.apache.hadoop.ozone.container.common.statemachine.DatanodeStateMachine.start(DatanodeStateMachine.java:276)
	at org.apache.hadoop.ozone.container.common.statemachine.DatanodeStateMachine.lambda$startDaemon$0(DatanodeStateMachine.java:464)
	at java.lang.Thread.run(Thread.java:748)
Caused by: java.util.concurrent.TimeoutException
	at java.util.concurrent.FutureTask.get(FutureTask.java:205)
	at org.apache.hadoop.ozone.container.common.states.datanode.RunningDatanodeState.lambda$execute$0(RunningDatanodeState.java:149)
	at java.util.concurrent.FutureTask.run(FutureTask.java:266)
	at java.util.concurrent.Executors$RunnableAdapter.call(Executors.java:511)
	at java.util.concurrent.FutureTask.run(FutureTask.java:266)
	at java.util.concurrent.ThreadPoolExecutor.runWorker(ThreadPoolExecutor.java:1149)
	at java.util.concurrent.ThreadPoolExecutor$Worker.run(ThreadPoolExecutor.java:624)
	... 1 more
2021-10-13 10:11:39,844 [Datanode State Machine Thread - 0] ERROR datanode.RunningDatanodeState (RunningDatanodeState.java:computeNextContainerState(199)) - Error in executing end point task.
java.util.concurrent.ExecutionException: java.util.concurrent.TimeoutException
	at java.util.concurrent.FutureTask.report(FutureTask.java:122)
	at java.util.concurrent.FutureTask.get(FutureTask.java:192)
	at org.apache.hadoop.ozone.container.common.states.datanode.RunningDatanodeState.computeNextContainerState(RunningDatanodeState.java:191)
	at org.apache.hadoop.ozone.container.common.states.datanode.RunningDatanodeState.await(RunningDatanodeState.java:231)
	at org.apache.hadoop.ozone.container.common.states.datanode.RunningDatanodeState.await(RunningDatanodeState.java:50)
	at org.apache.hadoop.ozone.container.common.statemachine.StateContext.execute(StateContext.java:629)
	at org.apache.hadoop.ozone.container.common.statemachine.DatanodeStateMachine.start(DatanodeStateMachine.java:276)
	at org.apache.hadoop.ozone.container.common.statemachine.DatanodeStateMachine.lambda$startDaemon$0(DatanodeStateMachine.java:464)
	at java.lang.Thread.run(Thread.java:748)
Caused by: java.util.concurrent.TimeoutException
	at java.util.concurrent.FutureTask.get(FutureTask.java:205)
	at org.apache.hadoop.ozone.container.common.states.datanode.RunningDatanodeState.lambda$execute$0(RunningDatanodeState.java:149)
	at java.util.concurrent.FutureTask.run(FutureTask.java:266)
	at java.util.concurrent.Executors$RunnableAdapter.call(Executors.java:511)
	at java.util.concurrent.FutureTask.run(FutureTask.java:266)
	at java.util.concurrent.ThreadPoolExecutor.runWorker(ThreadPoolExecutor.java:1149)
	at java.util.concurrent.ThreadPoolExecutor$Worker.run(ThreadPoolExecutor.java:624)
	... 1 more
2021-10-13 10:11:39,968 [Listener at 127.0.0.1/11284] INFO  ozone.MiniOzoneClusterImpl (MiniOzoneClusterImpl.java:lambda$waitForClusterToBeReady$0(235)) - Nodes are ready. Got 3 of 3 DN Heartbeats.
2021-10-13 10:11:39,969 [Listener at 127.0.0.1/11284] INFO  ozone.MiniOzoneClusterImpl (MiniOzoneClusterImpl.java:lambda$waitForClusterToBeReady$0(238)) - Waiting for cluster to exit safe mode
2021-10-13 10:11:39,969 [Listener at 127.0.0.1/11284] INFO  ozone.MiniOzoneClusterImpl (MiniOzoneClusterImpl.java:lambda$waitForClusterToBeReady$0(240)) - SCM became leader
2021-10-13 10:11:40,059 [EndpointStateMachine task thread for /127.0.0.1:13897 - 0 ] INFO  ipc.Client (Client.java:handleConnectionFailure(977)) - Retrying connect to server: localhost/127.0.0.1:13897. Already tried 6 time(s); retry policy is RetryUpToMaximumCountWithFixedSleep(maxRetries=15, sleepTime=1000 MILLISECONDS)
2021-10-13 10:11:40,344 [EndpointStateMachine task thread for /127.0.0.1:13887 - 0 ] INFO  ipc.Client (Client.java:handleConnectionFailure(977)) - Retrying connect to server: localhost/127.0.0.1:13887. Already tried 3 time(s); retry policy is RetryUpToMaximumCountWithFixedSleep(maxRetries=15, sleepTime=1000 MILLISECONDS)
2021-10-13 10:11:40,394 [EndpointStateMachine task thread for /127.0.0.1:13877 - 0 ] INFO  ipc.Client (Client.java:handleConnectionFailure(977)) - Retrying connect to server: localhost/127.0.0.1:13877. Already tried 6 time(s); retry policy is RetryUpToMaximumCountWithFixedSleep(maxRetries=15, sleepTime=1000 MILLISECONDS)
2021-10-13 10:11:40,449 [Datanode State Machine Thread - 0] ERROR datanode.RunningDatanodeState (RunningDatanodeState.java:computeNextContainerState(199)) - Error in executing end point task.
java.util.concurrent.ExecutionException: java.util.concurrent.TimeoutException
	at java.util.concurrent.FutureTask.report(FutureTask.java:122)
	at java.util.concurrent.FutureTask.get(FutureTask.java:192)
	at org.apache.hadoop.ozone.container.common.states.datanode.RunningDatanodeState.computeNextContainerState(RunningDatanodeState.java:191)
	at org.apache.hadoop.ozone.container.common.states.datanode.RunningDatanodeState.await(RunningDatanodeState.java:231)
	at org.apache.hadoop.ozone.container.common.states.datanode.RunningDatanodeState.await(RunningDatanodeState.java:50)
	at org.apache.hadoop.ozone.container.common.statemachine.StateContext.execute(StateContext.java:629)
	at org.apache.hadoop.ozone.container.common.statemachine.DatanodeStateMachine.start(DatanodeStateMachine.java:276)
	at org.apache.hadoop.ozone.container.common.statemachine.DatanodeStateMachine.lambda$startDaemon$0(DatanodeStateMachine.java:464)
	at java.lang.Thread.run(Thread.java:748)
Caused by: java.util.concurrent.TimeoutException
	at java.util.concurrent.FutureTask.get(FutureTask.java:205)
	at org.apache.hadoop.ozone.container.common.states.datanode.RunningDatanodeState.lambda$execute$0(RunningDatanodeState.java:149)
	at java.util.concurrent.FutureTask.run(FutureTask.java:266)
	at java.util.concurrent.Executors$RunnableAdapter.call(Executors.java:511)
	at java.util.concurrent.FutureTask.run(FutureTask.java:266)
	at java.util.concurrent.ThreadPoolExecutor.runWorker(ThreadPoolExecutor.java:1149)
	at java.util.concurrent.ThreadPoolExecutor$Worker.run(ThreadPoolExecutor.java:624)
	... 1 more
2021-10-13 10:11:40,969 [Listener at 127.0.0.1/11284] INFO  ozone.MiniOzoneClusterImpl (MiniOzoneClusterImpl.java:lambda$waitForClusterToBeReady$0(235)) - Nodes are ready. Got 3 of 3 DN Heartbeats.
2021-10-13 10:11:40,969 [Listener at 127.0.0.1/11284] INFO  ozone.MiniOzoneClusterImpl (MiniOzoneClusterImpl.java:lambda$waitForClusterToBeReady$0(238)) - Waiting for cluster to exit safe mode
2021-10-13 10:11:40,969 [Listener at 127.0.0.1/11284] INFO  ozone.MiniOzoneClusterImpl (MiniOzoneClusterImpl.java:lambda$waitForClusterToBeReady$0(240)) - SCM became leader
2021-10-13 10:11:41,059 [EndpointStateMachine task thread for /127.0.0.1:13897 - 0 ] INFO  ipc.Client (Client.java:handleConnectionFailure(977)) - Retrying connect to server: localhost/127.0.0.1:13897. Already tried 7 time(s); retry policy is RetryUpToMaximumCountWithFixedSleep(maxRetries=15, sleepTime=1000 MILLISECONDS)
2021-10-13 10:11:41,345 [EndpointStateMachine task thread for /127.0.0.1:13887 - 0 ] INFO  ipc.Client (Client.java:handleConnectionFailure(977)) - Retrying connect to server: localhost/127.0.0.1:13887. Already tried 4 time(s); retry policy is RetryUpToMaximumCountWithFixedSleep(maxRetries=15, sleepTime=1000 MILLISECONDS)
2021-10-13 10:11:41,395 [EndpointStateMachine task thread for /127.0.0.1:13877 - 0 ] INFO  ipc.Client (Client.java:handleConnectionFailure(977)) - Retrying connect to server: localhost/127.0.0.1:13877. Already tried 7 time(s); retry policy is RetryUpToMaximumCountWithFixedSleep(maxRetries=15, sleepTime=1000 MILLISECONDS)
2021-10-13 10:11:41,970 [Listener at 127.0.0.1/11284] INFO  ozone.MiniOzoneClusterImpl (MiniOzoneClusterImpl.java:lambda$waitForClusterToBeReady$0(235)) - Nodes are ready. Got 3 of 3 DN Heartbeats.
2021-10-13 10:11:41,970 [Listener at 127.0.0.1/11284] INFO  ozone.MiniOzoneClusterImpl (MiniOzoneClusterImpl.java:lambda$waitForClusterToBeReady$0(238)) - Waiting for cluster to exit safe mode
2021-10-13 10:11:41,970 [Listener at 127.0.0.1/11284] INFO  ozone.MiniOzoneClusterImpl (MiniOzoneClusterImpl.java:lambda$waitForClusterToBeReady$0(240)) - SCM became leader
2021-10-13 10:11:42,060 [EndpointStateMachine task thread for /127.0.0.1:13897 - 0 ] INFO  ipc.Client (Client.java:handleConnectionFailure(977)) - Retrying connect to server: localhost/127.0.0.1:13897. Already tried 8 time(s); retry policy is RetryUpToMaximumCountWithFixedSleep(maxRetries=15, sleepTime=1000 MILLISECONDS)
2021-10-13 10:11:42,316 [Datanode State Machine Thread - 0] ERROR datanode.RunningDatanodeState (RunningDatanodeState.java:computeNextContainerState(199)) - Error in executing end point task.
java.util.concurrent.ExecutionException: java.util.concurrent.TimeoutException
	at java.util.concurrent.FutureTask.report(FutureTask.java:122)
	at java.util.concurrent.FutureTask.get(FutureTask.java:192)
	at org.apache.hadoop.ozone.container.common.states.datanode.RunningDatanodeState.computeNextContainerState(RunningDatanodeState.java:191)
	at org.apache.hadoop.ozone.container.common.states.datanode.RunningDatanodeState.await(RunningDatanodeState.java:231)
	at org.apache.hadoop.ozone.container.common.states.datanode.RunningDatanodeState.await(RunningDatanodeState.java:50)
	at org.apache.hadoop.ozone.container.common.statemachine.StateContext.execute(StateContext.java:629)
	at org.apache.hadoop.ozone.container.common.statemachine.DatanodeStateMachine.start(DatanodeStateMachine.java:276)
	at org.apache.hadoop.ozone.container.common.statemachine.DatanodeStateMachine.lambda$startDaemon$0(DatanodeStateMachine.java:464)
	at java.lang.Thread.run(Thread.java:748)
Caused by: java.util.concurrent.TimeoutException
	at java.util.concurrent.FutureTask.get(FutureTask.java:205)
	at org.apache.hadoop.ozone.container.common.states.datanode.RunningDatanodeState.lambda$execute$0(RunningDatanodeState.java:149)
	at java.util.concurrent.FutureTask.run(FutureTask.java:266)
	at java.util.concurrent.Executors$RunnableAdapter.call(Executors.java:511)
	at java.util.concurrent.FutureTask.run(FutureTask.java:266)
	at java.util.concurrent.ThreadPoolExecutor.runWorker(ThreadPoolExecutor.java:1149)
	at java.util.concurrent.ThreadPoolExecutor$Worker.run(ThreadPoolExecutor.java:624)
	... 1 more
2021-10-13 10:11:42,345 [EndpointStateMachine task thread for /127.0.0.1:13887 - 0 ] INFO  ipc.Client (Client.java:handleConnectionFailure(977)) - Retrying connect to server: localhost/127.0.0.1:13887. Already tried 5 time(s); retry policy is RetryUpToMaximumCountWithFixedSleep(maxRetries=15, sleepTime=1000 MILLISECONDS)
2021-10-13 10:11:42,395 [EndpointStateMachine task thread for /127.0.0.1:13877 - 0 ] INFO  ipc.Client (Client.java:handleConnectionFailure(977)) - Retrying connect to server: localhost/127.0.0.1:13877. Already tried 8 time(s); retry policy is RetryUpToMaximumCountWithFixedSleep(maxRetries=15, sleepTime=1000 MILLISECONDS)
2021-10-13 10:11:42,847 [Datanode State Machine Thread - 0] ERROR datanode.RunningDatanodeState (RunningDatanodeState.java:computeNextContainerState(199)) - Error in executing end point task.
java.util.concurrent.ExecutionException: java.util.concurrent.TimeoutException
	at java.util.concurrent.FutureTask.report(FutureTask.java:122)
	at java.util.concurrent.FutureTask.get(FutureTask.java:192)
	at org.apache.hadoop.ozone.container.common.states.datanode.RunningDatanodeState.computeNextContainerState(RunningDatanodeState.java:191)
	at org.apache.hadoop.ozone.container.common.states.datanode.RunningDatanodeState.await(RunningDatanodeState.java:231)
	at org.apache.hadoop.ozone.container.common.states.datanode.RunningDatanodeState.await(RunningDatanodeState.java:50)
	at org.apache.hadoop.ozone.container.common.statemachine.StateContext.execute(StateContext.java:629)
	at org.apache.hadoop.ozone.container.common.statemachine.DatanodeStateMachine.start(DatanodeStateMachine.java:276)
	at org.apache.hadoop.ozone.container.common.statemachine.DatanodeStateMachine.lambda$startDaemon$0(DatanodeStateMachine.java:464)
	at java.lang.Thread.run(Thread.java:748)
Caused by: java.util.concurrent.TimeoutException
	at java.util.concurrent.FutureTask.get(FutureTask.java:205)
	at org.apache.hadoop.ozone.container.common.states.datanode.RunningDatanodeState.lambda$execute$0(RunningDatanodeState.java:149)
	at java.util.concurrent.FutureTask.run(FutureTask.java:266)
	at java.util.concurrent.Executors$RunnableAdapter.call(Executors.java:511)
	at java.util.concurrent.FutureTask.run(FutureTask.java:266)
	at java.util.concurrent.ThreadPoolExecutor.runWorker(ThreadPoolExecutor.java:1149)
	at java.util.concurrent.ThreadPoolExecutor$Worker.run(ThreadPoolExecutor.java:624)
	... 1 more
2021-10-13 10:11:42,970 [Listener at 127.0.0.1/11284] INFO  ozone.MiniOzoneClusterImpl (MiniOzoneClusterImpl.java:lambda$waitForClusterToBeReady$0(235)) - Nodes are ready. Got 3 of 3 DN Heartbeats.
2021-10-13 10:11:42,971 [Listener at 127.0.0.1/11284] INFO  ozone.MiniOzoneClusterImpl (MiniOzoneClusterImpl.java:lambda$waitForClusterToBeReady$0(238)) - Waiting for cluster to exit safe mode
2021-10-13 10:11:42,971 [Listener at 127.0.0.1/11284] INFO  ozone.MiniOzoneClusterImpl (MiniOzoneClusterImpl.java:lambda$waitForClusterToBeReady$0(240)) - SCM became leader
2021-10-13 10:11:43,061 [EndpointStateMachine task thread for /127.0.0.1:13897 - 0 ] INFO  ipc.Client (Client.java:handleConnectionFailure(977)) - Retrying connect to server: localhost/127.0.0.1:13897. Already tried 9 time(s); retry policy is RetryUpToMaximumCountWithFixedSleep(maxRetries=15, sleepTime=1000 MILLISECONDS)
2021-10-13 10:11:43,346 [EndpointStateMachine task thread for /127.0.0.1:13887 - 0 ] INFO  ipc.Client (Client.java:handleConnectionFailure(977)) - Retrying connect to server: localhost/127.0.0.1:13887. Already tried 6 time(s); retry policy is RetryUpToMaximumCountWithFixedSleep(maxRetries=15, sleepTime=1000 MILLISECONDS)
2021-10-13 10:11:43,396 [EndpointStateMachine task thread for /127.0.0.1:13877 - 0 ] INFO  ipc.Client (Client.java:handleConnectionFailure(977)) - Retrying connect to server: localhost/127.0.0.1:13877. Already tried 9 time(s); retry policy is RetryUpToMaximumCountWithFixedSleep(maxRetries=15, sleepTime=1000 MILLISECONDS)
2021-10-13 10:11:43,454 [Datanode State Machine Thread - 0] ERROR datanode.RunningDatanodeState (RunningDatanodeState.java:computeNextContainerState(199)) - Error in executing end point task.
java.util.concurrent.ExecutionException: java.util.concurrent.TimeoutException
	at java.util.concurrent.FutureTask.report(FutureTask.java:122)
	at java.util.concurrent.FutureTask.get(FutureTask.java:192)
	at org.apache.hadoop.ozone.container.common.states.datanode.RunningDatanodeState.computeNextContainerState(RunningDatanodeState.java:191)
	at org.apache.hadoop.ozone.container.common.states.datanode.RunningDatanodeState.await(RunningDatanodeState.java:231)
	at org.apache.hadoop.ozone.container.common.states.datanode.RunningDatanodeState.await(RunningDatanodeState.java:50)
	at org.apache.hadoop.ozone.container.common.statemachine.StateContext.execute(StateContext.java:629)
	at org.apache.hadoop.ozone.container.common.statemachine.DatanodeStateMachine.start(DatanodeStateMachine.java:276)
	at org.apache.hadoop.ozone.container.common.statemachine.DatanodeStateMachine.lambda$startDaemon$0(DatanodeStateMachine.java:464)
	at java.lang.Thread.run(Thread.java:748)
Caused by: java.util.concurrent.TimeoutException
	at java.util.concurrent.FutureTask.get(FutureTask.java:205)
	at org.apache.hadoop.ozone.container.common.states.datanode.RunningDatanodeState.lambda$execute$0(RunningDatanodeState.java:149)
	at java.util.concurrent.FutureTask.run(FutureTask.java:266)
	at java.util.concurrent.Executors$RunnableAdapter.call(Executors.java:511)
	at java.util.concurrent.FutureTask.run(FutureTask.java:266)
	at java.util.concurrent.ThreadPoolExecutor.runWorker(ThreadPoolExecutor.java:1149)
	at java.util.concurrent.ThreadPoolExecutor$Worker.run(ThreadPoolExecutor.java:624)
	... 1 more
2021-10-13 10:11:43,971 [Listener at 127.0.0.1/11284] INFO  ozone.MiniOzoneClusterImpl (MiniOzoneClusterImpl.java:lambda$waitForClusterToBeReady$0(235)) - Nodes are ready. Got 3 of 3 DN Heartbeats.
2021-10-13 10:11:43,971 [Listener at 127.0.0.1/11284] INFO  ozone.MiniOzoneClusterImpl (MiniOzoneClusterImpl.java:lambda$waitForClusterToBeReady$0(238)) - Waiting for cluster to exit safe mode
2021-10-13 10:11:43,971 [Listener at 127.0.0.1/11284] INFO  ozone.MiniOzoneClusterImpl (MiniOzoneClusterImpl.java:lambda$waitForClusterToBeReady$0(240)) - SCM became leader
2021-10-13 10:11:44,061 [EndpointStateMachine task thread for /127.0.0.1:13897 - 0 ] INFO  ipc.Client (Client.java:handleConnectionFailure(977)) - Retrying connect to server: localhost/127.0.0.1:13897. Already tried 10 time(s); retry policy is RetryUpToMaximumCountWithFixedSleep(maxRetries=15, sleepTime=1000 MILLISECONDS)
2021-10-13 10:11:44,085 [83da085b-8d99-4632-b443-c6596217d352@group-D48C150F8724-FollowerState] INFO  impl.FollowerState (FollowerState.java:run(134)) - 83da085b-8d99-4632-b443-c6596217d352@group-D48C150F8724-FollowerState: change to CANDIDATE, lastRpcElapsedTime:5073462801ns, electionTimeout:5055ms
2021-10-13 10:11:44,086 [83da085b-8d99-4632-b443-c6596217d352@group-D48C150F8724-FollowerState] INFO  impl.RoleInfo (RoleInfo.java:shutdownFollowerState(108)) - 83da085b-8d99-4632-b443-c6596217d352: shutdown 83da085b-8d99-4632-b443-c6596217d352@group-D48C150F8724-FollowerState
2021-10-13 10:11:44,086 [83da085b-8d99-4632-b443-c6596217d352@group-D48C150F8724-FollowerState] INFO  server.RaftServer$Division (RaftServerImpl.java:setRole(285)) - 83da085b-8d99-4632-b443-c6596217d352@group-D48C150F8724: changes role from  FOLLOWER to CANDIDATE at term 2 for changeToCandidate
2021-10-13 10:11:44,086 [83da085b-8d99-4632-b443-c6596217d352@group-D48C150F8724-FollowerState] INFO  server.RaftServerConfigKeys (ConfUtils.java:logGet(44)) - raft.server.leaderelection.pre-vote = false (custom)
2021-10-13 10:11:44,086 [83da085b-8d99-4632-b443-c6596217d352@group-D48C150F8724-FollowerState] INFO  impl.RoleInfo (RoleInfo.java:updateAndGet(130)) - 83da085b-8d99-4632-b443-c6596217d352: start 83da085b-8d99-4632-b443-c6596217d352@group-D48C150F8724-LeaderElection30
2021-10-13 10:11:44,105 [a78bc827-a10e-4e71-88ed-094b4b7dc052@group-D48C150F8724-FollowerState] INFO  impl.FollowerState (FollowerState.java:run(134)) - a78bc827-a10e-4e71-88ed-094b4b7dc052@group-D48C150F8724-FollowerState: change to CANDIDATE, lastRpcElapsedTime:5063145474ns, electionTimeout:5051ms
2021-10-13 10:11:44,106 [a78bc827-a10e-4e71-88ed-094b4b7dc052@group-D48C150F8724-FollowerState] INFO  impl.RoleInfo (RoleInfo.java:shutdownFollowerState(108)) - a78bc827-a10e-4e71-88ed-094b4b7dc052: shutdown a78bc827-a10e-4e71-88ed-094b4b7dc052@group-D48C150F8724-FollowerState
2021-10-13 10:11:44,106 [a78bc827-a10e-4e71-88ed-094b4b7dc052@group-D48C150F8724-FollowerState] INFO  server.RaftServer$Division (RaftServerImpl.java:setRole(285)) - a78bc827-a10e-4e71-88ed-094b4b7dc052@group-D48C150F8724: changes role from  FOLLOWER to CANDIDATE at term 2 for changeToCandidate
2021-10-13 10:11:44,106 [a78bc827-a10e-4e71-88ed-094b4b7dc052@group-D48C150F8724-FollowerState] INFO  server.RaftServerConfigKeys (ConfUtils.java:logGet(44)) - raft.server.leaderelection.pre-vote = false (custom)
2021-10-13 10:11:44,106 [a78bc827-a10e-4e71-88ed-094b4b7dc052@group-D48C150F8724-FollowerState] INFO  impl.RoleInfo (RoleInfo.java:updateAndGet(130)) - a78bc827-a10e-4e71-88ed-094b4b7dc052: start a78bc827-a10e-4e71-88ed-094b4b7dc052@group-D48C150F8724-LeaderElection31
2021-10-13 10:11:44,108 [83da085b-8d99-4632-b443-c6596217d352@group-D48C150F8724-LeaderElection30] INFO  impl.LeaderElection (LeaderElection.java:askForVotes(306)) - 83da085b-8d99-4632-b443-c6596217d352@group-D48C150F8724-LeaderElection30 ELECTION round 0: submit vote requests at term 3 for -1: [83908b8c-1318-4212-96d2-7cdb43457491|rpc:127.0.0.1:46375|dataStream:|priority:0, 83da085b-8d99-4632-b443-c6596217d352|rpc:127.0.0.1:34351|dataStream:|priority:1, a78bc827-a10e-4e71-88ed-094b4b7dc052|rpc:127.0.0.1:44771|dataStream:|priority:0], old=null
2021-10-13 10:11:44,122 [grpc-default-executor-0] INFO  server.RaftServer$Division (RaftServerImpl.java:requestVote(1043)) - 83908b8c-1318-4212-96d2-7cdb43457491@group-D48C150F8724: receive requestVote(ELECTION, 83da085b-8d99-4632-b443-c6596217d352, group-D48C150F8724, 3, (t:0, i:0))
2021-10-13 10:11:44,122 [grpc-default-executor-0] INFO  impl.VoteContext (VoteContext.java:log(48)) - 83908b8c-1318-4212-96d2-7cdb43457491@group-D48C150F8724-FOLLOWER: accept ELECTION from 83da085b-8d99-4632-b443-c6596217d352: our priority 0 <= candidate's priority 1
2021-10-13 10:11:44,122 [grpc-default-executor-0] INFO  server.RaftServer$Division (RaftServerImpl.java:setRole(285)) - 83908b8c-1318-4212-96d2-7cdb43457491@group-D48C150F8724: changes role from  FOLLOWER to FOLLOWER at term 3 for candidate:83da085b-8d99-4632-b443-c6596217d352
2021-10-13 10:11:44,122 [grpc-default-executor-0] INFO  impl.RoleInfo (RoleInfo.java:shutdownFollowerState(108)) - 83908b8c-1318-4212-96d2-7cdb43457491: shutdown 83908b8c-1318-4212-96d2-7cdb43457491@group-D48C150F8724-FollowerState
2021-10-13 10:11:44,122 [grpc-default-executor-0] INFO  impl.RoleInfo (RoleInfo.java:updateAndGet(130)) - 83908b8c-1318-4212-96d2-7cdb43457491: start 83908b8c-1318-4212-96d2-7cdb43457491@group-D48C150F8724-FollowerState
2021-10-13 10:11:44,122 [83908b8c-1318-4212-96d2-7cdb43457491@group-D48C150F8724-FollowerState] INFO  impl.FollowerState (FollowerState.java:run(143)) - 83908b8c-1318-4212-96d2-7cdb43457491@group-D48C150F8724-FollowerState was interrupted: {}
java.lang.InterruptedException: sleep interrupted
	at java.lang.Thread.sleep(Native Method)
	at java.lang.Thread.sleep(Thread.java:340)
	at java.util.concurrent.TimeUnit.sleep(TimeUnit.java:386)
	at org.apache.ratis.util.TimeDuration.sleep(TimeDuration.java:324)
	at org.apache.ratis.util.TimeDuration.sleep(TimeDuration.java:309)
	at org.apache.ratis.server.impl.FollowerState.run(FollowerState.java:118)
2021-10-13 10:11:44,129 [grpc-default-executor-0] INFO  server.RaftServer$Division (RaftServerImpl.java:requestVote(1075)) - 83908b8c-1318-4212-96d2-7cdb43457491@group-D48C150F8724 replies to ELECTION vote request: 83da085b-8d99-4632-b443-c6596217d352<-83908b8c-1318-4212-96d2-7cdb43457491#0:OK-t3. Peer's state: 83908b8c-1318-4212-96d2-7cdb43457491@group-D48C150F8724:t3, leader=null, voted=83da085b-8d99-4632-b443-c6596217d352, raftlog=83908b8c-1318-4212-96d2-7cdb43457491@group-D48C150F8724-SegmentedRaftLog:OPENED:c-1,f-1,i0, conf=-1: [83908b8c-1318-4212-96d2-7cdb43457491|rpc:127.0.0.1:46375|priority:0, 83da085b-8d99-4632-b443-c6596217d352|rpc:127.0.0.1:34351|priority:1, a78bc827-a10e-4e71-88ed-094b4b7dc052|rpc:127.0.0.1:44771|priority:0], old=null
2021-10-13 10:11:44,131 [83da085b-8d99-4632-b443-c6596217d352@group-D48C150F8724-LeaderElection30] INFO  impl.LeaderElection (LeaderElection.java:logAndReturn(89)) - 83da085b-8d99-4632-b443-c6596217d352@group-D48C150F8724-LeaderElection30: ELECTION PASSED received 1 response(s) and 0 exception(s):
2021-10-13 10:11:44,131 [83da085b-8d99-4632-b443-c6596217d352@group-D48C150F8724-LeaderElection30] INFO  impl.LeaderElection (LeaderElection.java:logAndReturn(93)) -   Response 0: 83da085b-8d99-4632-b443-c6596217d352<-83908b8c-1318-4212-96d2-7cdb43457491#0:OK-t3
2021-10-13 10:11:44,131 [83da085b-8d99-4632-b443-c6596217d352@group-D48C150F8724-LeaderElection30] INFO  impl.LeaderElection (LeaderElection.java:askForVotes(308)) - 83da085b-8d99-4632-b443-c6596217d352@group-D48C150F8724-LeaderElection30 ELECTION round 0: result PASSED
2021-10-13 10:11:44,131 [83da085b-8d99-4632-b443-c6596217d352@group-D48C150F8724-LeaderElection30] INFO  impl.RoleInfo (RoleInfo.java:shutdownLeaderElection(121)) - 83da085b-8d99-4632-b443-c6596217d352: shutdown 83da085b-8d99-4632-b443-c6596217d352@group-D48C150F8724-LeaderElection30
2021-10-13 10:11:44,131 [83da085b-8d99-4632-b443-c6596217d352@group-D48C150F8724-LeaderElection30] INFO  server.RaftServer$Division (RaftServerImpl.java:setRole(285)) - 83da085b-8d99-4632-b443-c6596217d352@group-D48C150F8724: changes role from CANDIDATE to LEADER at term 3 for changeToLeader
2021-10-13 10:11:44,131 [83da085b-8d99-4632-b443-c6596217d352@group-D48C150F8724-LeaderElection30] INFO  ratis.XceiverServerRatis (XceiverServerRatis.java:handleLeaderChangedNotification(866)) - Leader change notification received for group: group-D48C150F8724 with new leaderId: 83da085b-8d99-4632-b443-c6596217d352
2021-10-13 10:11:44,131 [83da085b-8d99-4632-b443-c6596217d352@group-D48C150F8724-LeaderElection30] INFO  server.RaftServer$Division (ServerState.java:setLeader(285)) - 83da085b-8d99-4632-b443-c6596217d352@group-D48C150F8724: change Leader from null to 83da085b-8d99-4632-b443-c6596217d352 at term 3 for becomeLeader, leader elected after 15299ms
2021-10-13 10:11:44,131 [83da085b-8d99-4632-b443-c6596217d352@group-D48C150F8724-LeaderElection30] INFO  server.RaftServerConfigKeys (ConfUtils.java:logGet(44)) - raft.server.staging.catchup.gap = 1000 (default)
2021-10-13 10:11:44,132 [83da085b-8d99-4632-b443-c6596217d352@group-D48C150F8724-LeaderElection30] INFO  server.RaftServerConfigKeys (ConfUtils.java:logGet(44)) - raft.server.write.element-limit = 1024 (custom)
2021-10-13 10:11:44,132 [83da085b-8d99-4632-b443-c6596217d352@group-D48C150F8724-LeaderElection30] INFO  server.RaftServerConfigKeys (ConfUtils.java:logGet(44)) - raft.server.write.byte-limit = 1024 M (=1073741824) (custom)
2021-10-13 10:11:44,134 [EventQueue-PipelineReportForPipelineReportHandler] INFO  pipeline.PipelineManagerImpl (PipelineManagerImpl.java:openPipeline(282)) - Pipeline Pipeline[ Id: 539132aa-6a2f-4aed-901d-d48c150f8724, Nodes: 83da085b-8d99-4632-b443-c6596217d352{ip: 127.0.0.1, host: localhost, ports: [REPLICATION=32933, RATIS=34351, RATIS_ADMIN=34351, RATIS_SERVER=34351, STANDALONE=46025], networkLocation: /default-rack, certSerialId: null, persistedOpState: IN_SERVICE, persistedOpStateExpiryEpochSec: 0}83908b8c-1318-4212-96d2-7cdb43457491{ip: 127.0.0.1, host: localhost, ports: [REPLICATION=37905, RATIS=46375, RATIS_ADMIN=46375, RATIS_SERVER=46375, STANDALONE=34773], networkLocation: /default-rack, certSerialId: null, persistedOpState: IN_SERVICE, persistedOpStateExpiryEpochSec: 0}a78bc827-a10e-4e71-88ed-094b4b7dc052{ip: 127.0.0.1, host: localhost, ports: [REPLICATION=36927, RATIS=44771, RATIS_ADMIN=44771, RATIS_SERVER=44771, STANDALONE=36337], networkLocation: /default-rack, certSerialId: null, persistedOpState: IN_SERVICE, persistedOpStateExpiryEpochSec: 0}, ReplicationConfig: RATIS/THREE, State:ALLOCATED, leaderId:83da085b-8d99-4632-b443-c6596217d352, CreationTimestamp2021-10-13T10:11:27.013Z[Etc/UTC]] moved to OPEN state
2021-10-13 10:11:44,135 [EventQueue-PipelineReportForPipelineReportHandler] INFO  ha.SCMHAInvocationHandler (SCMHAInvocationHandler.java:invokeRatis(113)) - Invoking method public abstract void org.apache.hadoop.hdds.scm.pipeline.PipelineStateManager.updatePipelineState(org.apache.hadoop.hdds.protocol.proto.HddsProtos$PipelineID,org.apache.hadoop.hdds.protocol.proto.HddsProtos$PipelineState) throws java.io.IOException on target org.apache.hadoop.hdds.scm.ha.SCMRatisServerImpl@18f5cb1a, cost 257.419us
2021-10-13 10:11:44,135 [EventQueue-PipelineReportForPipelineReportHandler] INFO  pipeline.PipelineManagerImpl (PipelineManagerImpl.java:openPipeline(282)) - Pipeline Pipeline[ Id: 539132aa-6a2f-4aed-901d-d48c150f8724, Nodes: 83da085b-8d99-4632-b443-c6596217d352{ip: 127.0.0.1, host: localhost, ports: [REPLICATION=32933, RATIS=34351, RATIS_ADMIN=34351, RATIS_SERVER=34351, STANDALONE=46025], networkLocation: /default-rack, certSerialId: null, persistedOpState: IN_SERVICE, persistedOpStateExpiryEpochSec: 0}83908b8c-1318-4212-96d2-7cdb43457491{ip: 127.0.0.1, host: localhost, ports: [REPLICATION=37905, RATIS=46375, RATIS_ADMIN=46375, RATIS_SERVER=46375, STANDALONE=34773], networkLocation: /default-rack, certSerialId: null, persistedOpState: IN_SERVICE, persistedOpStateExpiryEpochSec: 0}a78bc827-a10e-4e71-88ed-094b4b7dc052{ip: 127.0.0.1, host: localhost, ports: [REPLICATION=36927, RATIS=44771, RATIS_ADMIN=44771, RATIS_SERVER=44771, STANDALONE=36337], networkLocation: /default-rack, certSerialId: null, persistedOpState: IN_SERVICE, persistedOpStateExpiryEpochSec: 0}, ReplicationConfig: RATIS/THREE, State:ALLOCATED, leaderId:83da085b-8d99-4632-b443-c6596217d352, CreationTimestamp2021-10-13T10:11:27.013Z[Etc/UTC]] moved to OPEN state
2021-10-13 10:11:44,135 [EventQueue-OpenPipelineForHealthyPipelineSafeModeRule] INFO  safemode.SCMSafeModeManager (HealthyPipelineSafeModeRule.java:process(124)) - SCM in safe mode. Healthy pipelines reported count is 0, required healthy pipeline reported count is 1
2021-10-13 10:11:44,137 [grpc-default-executor-0] INFO  server.RaftServer$Division (RaftServerImpl.java:requestVote(1043)) - a78bc827-a10e-4e71-88ed-094b4b7dc052@group-D48C150F8724: receive requestVote(ELECTION, 83da085b-8d99-4632-b443-c6596217d352, group-D48C150F8724, 3, (t:0, i:0))
2021-10-13 10:11:44,138 [grpc-default-executor-0] INFO  impl.VoteContext (VoteContext.java:log(48)) - a78bc827-a10e-4e71-88ed-094b4b7dc052@group-D48C150F8724-CANDIDATE: accept ELECTION from 83da085b-8d99-4632-b443-c6596217d352: our priority 0 <= candidate's priority 1
2021-10-13 10:11:44,138 [grpc-default-executor-0] INFO  server.RaftServer$Division (RaftServerImpl.java:setRole(285)) - a78bc827-a10e-4e71-88ed-094b4b7dc052@group-D48C150F8724: changes role from CANDIDATE to FOLLOWER at term 3 for candidate:83da085b-8d99-4632-b443-c6596217d352
2021-10-13 10:11:44,138 [grpc-default-executor-0] INFO  impl.RoleInfo (RoleInfo.java:shutdownLeaderElection(121)) - a78bc827-a10e-4e71-88ed-094b4b7dc052: shutdown a78bc827-a10e-4e71-88ed-094b4b7dc052@group-D48C150F8724-LeaderElection31
2021-10-13 10:11:44,156 [grpc-default-executor-0] INFO  impl.RoleInfo (RoleInfo.java:updateAndGet(130)) - a78bc827-a10e-4e71-88ed-094b4b7dc052: start a78bc827-a10e-4e71-88ed-094b4b7dc052@group-D48C150F8724-FollowerState
2021-10-13 10:11:44,157 [83da085b-8d99-4632-b443-c6596217d352@group-D48C150F8724-LeaderElection30] INFO  server.RaftServerConfigKeys (ConfUtils.java:logGet(44)) - raft.server.watch.timeout = 180s (custom)
2021-10-13 10:11:44,157 [83da085b-8d99-4632-b443-c6596217d352@group-D48C150F8724-LeaderElection30] INFO  server.RaftServerConfigKeys (ConfUtils.java:logGet(44)) - raft.server.watch.timeout.denomination = 1s (default)
2021-10-13 10:11:44,157 [83da085b-8d99-4632-b443-c6596217d352@group-D48C150F8724-LeaderElection30] INFO  server.RaftServerConfigKeys (ConfUtils.java:logGet(44)) - raft.server.watch.element-limit = 65536 (default)
2021-10-13 10:11:44,157 [83da085b-8d99-4632-b443-c6596217d352@group-D48C150F8724-LeaderElection30] INFO  server.RaftServerConfigKeys (ConfUtils.java:logGet(44)) - raft.server.log.appender.snapshot.chunk.size.max = 16MB (=16777216) (default)
2021-10-13 10:11:44,157 [83da085b-8d99-4632-b443-c6596217d352@group-D48C150F8724-LeaderElection30] INFO  server.RaftServerConfigKeys (ConfUtils.java:logGet(44)) - raft.server.log.appender.buffer.byte-limit = 33554432 (custom)
2021-10-13 10:11:44,157 [83da085b-8d99-4632-b443-c6596217d352@group-D48C150F8724-LeaderElection30] INFO  server.RaftServerConfigKeys (ConfUtils.java:logGet(44)) - raft.server.log.appender.buffer.element-limit = 1 (custom)
2021-10-13 10:11:44,160 [3e49b098-f263-4746-8850-a06a1becd7d6@group-88C8CD7CA178-StateMachineUpdater] INFO  safemode.HealthyPipelineSafeModeRule (HealthyPipelineSafeModeRule.java:initializeRule(152)) - Refreshed total pipeline count is 1, healthy pipeline threshold count is 1
2021-10-13 10:11:44,161 [EventQueue-PipelineReportForPipelineReportHandler] INFO  ha.SCMHAInvocationHandler (SCMHAInvocationHandler.java:invokeRatis(113)) - Invoking method public abstract void org.apache.hadoop.hdds.scm.pipeline.PipelineStateManager.updatePipelineState(org.apache.hadoop.hdds.protocol.proto.HddsProtos$PipelineID,org.apache.hadoop.hdds.protocol.proto.HddsProtos$PipelineState) throws java.io.IOException on target org.apache.hadoop.hdds.scm.ha.SCMRatisServerImpl@63280aad, cost 25886.421us
2021-10-13 10:11:44,161 [EventQueue-OpenPipelineForHealthyPipelineSafeModeRule] INFO  safemode.SCMSafeModeManager (HealthyPipelineSafeModeRule.java:process(124)) - SCM in safe mode. Healthy pipelines reported count is 1, required healthy pipeline reported count is 1
2021-10-13 10:11:44,161 [EventQueue-OpenPipelineForHealthyPipelineSafeModeRule] INFO  safemode.SCMSafeModeManager (SCMSafeModeManager.java:validateSafeModeExitRules(204)) - HealthyPipelineSafeModeRule rule is successfully validated
2021-10-13 10:11:44,161 [EventQueue-OpenPipelineForHealthyPipelineSafeModeRule] INFO  safemode.SCMSafeModeManager (SCMSafeModeManager.java:validateSafeModeExitRules(219)) - ScmSafeModeManager, all rules are successfully validated
2021-10-13 10:11:44,161 [EventQueue-OpenPipelineForHealthyPipelineSafeModeRule] INFO  safemode.SCMSafeModeManager (SCMSafeModeManager.java:exitSafeMode(248)) - SCM exiting safe mode.
2021-10-13 10:11:44,161 [EventQueue-OpenPipelineForHealthyPipelineSafeModeRule] WARN  events.EventQueue (EventQueue.java:fireEvent(194)) - No event handler registered for event TypedEvent{payloadType=SafeModeStatus, name='Safe mode status'}
2021-10-13 10:11:44,161 [EventQueue-OpenPipelineForHealthyPipelineSafeModeRule] INFO  ha.SCMContext (SCMContext.java:updateSafeModeStatus(205)) - Update SafeModeStatus from SafeModeStatus{safeModeStatus=true, preCheckPassed=true} to SafeModeStatus{safeModeStatus=false, preCheckPassed=true}.
2021-10-13 10:11:44,161 [EventQueue-OpenPipelineForHealthyPipelineSafeModeRule] INFO  container.ReplicationManager (ReplicationManager.java:notifyStatusChanged(1746)) - Service ReplicationManager transitions to RUNNING.
2021-10-13 10:11:44,166 [grpc-default-executor-0] INFO  server.RaftServer$Division (RaftServerImpl.java:requestVote(1075)) - a78bc827-a10e-4e71-88ed-094b4b7dc052@group-D48C150F8724 replies to ELECTION vote request: 83da085b-8d99-4632-b443-c6596217d352<-a78bc827-a10e-4e71-88ed-094b4b7dc052#0:OK-t3. Peer's state: a78bc827-a10e-4e71-88ed-094b4b7dc052@group-D48C150F8724:t3, leader=null, voted=83da085b-8d99-4632-b443-c6596217d352, raftlog=a78bc827-a10e-4e71-88ed-094b4b7dc052@group-D48C150F8724-SegmentedRaftLog:OPENED:c-1,f-1,i0, conf=-1: [83908b8c-1318-4212-96d2-7cdb43457491|rpc:127.0.0.1:46375|dataStream:|priority:0, 83da085b-8d99-4632-b443-c6596217d352|rpc:127.0.0.1:34351|dataStream:|priority:1, a78bc827-a10e-4e71-88ed-094b4b7dc052|rpc:127.0.0.1:44771|dataStream:|priority:0], old=null
2021-10-13 10:11:44,170 [83da085b-8d99-4632-b443-c6596217d352@group-D48C150F8724-LeaderElection30] INFO  grpc.GrpcConfigKeys (ConfUtils.java:logGet(44)) - raft.grpc.server.leader.outstanding.appends.max = 128 (default)
2021-10-13 10:11:44,170 [83da085b-8d99-4632-b443-c6596217d352@group-D48C150F8724-LeaderElection30] INFO  server.RaftServerConfigKeys (ConfUtils.java:logGet(44)) - raft.server.rpc.request.timeout = 60s (custom)
2021-10-13 10:11:44,170 [83da085b-8d99-4632-b443-c6596217d352@group-D48C150F8724-LeaderElection30] INFO  server.RaftServerConfigKeys (ConfUtils.java:logGet(44)) - raft.server.log.appender.install.snapshot.enabled = false (custom)
2021-10-13 10:11:44,171 [f92345f7-de12-4b3d-8fd2-3689378a4141@group-88C8CD7CA178-StateMachineUpdater] INFO  safemode.HealthyPipelineSafeModeRule (HealthyPipelineSafeModeRule.java:initializeRule(152)) - Refreshed total pipeline count is 1, healthy pipeline threshold count is 1
2021-10-13 10:11:44,171 [83da085b-8d99-4632-b443-c6596217d352@group-D48C150F8724-LeaderElection30] INFO  server.RaftServerConfigKeys (ConfUtils.java:logGet(44)) - raft.server.log.appender.snapshot.chunk.size.max = 16MB (=16777216) (default)
2021-10-13 10:11:44,171 [83da085b-8d99-4632-b443-c6596217d352@group-D48C150F8724-LeaderElection30] INFO  server.RaftServerConfigKeys (ConfUtils.java:logGet(44)) - raft.server.log.appender.buffer.byte-limit = 33554432 (custom)
2021-10-13 10:11:44,172 [83da085b-8d99-4632-b443-c6596217d352@group-D48C150F8724-LeaderElection30] INFO  server.RaftServerConfigKeys (ConfUtils.java:logGet(44)) - raft.server.log.appender.buffer.element-limit = 1 (custom)
2021-10-13 10:11:44,172 [83da085b-8d99-4632-b443-c6596217d352@group-D48C150F8724-LeaderElection30] INFO  grpc.GrpcConfigKeys (ConfUtils.java:logGet(44)) - raft.grpc.server.leader.outstanding.appends.max = 128 (default)
2021-10-13 10:11:44,172 [83da085b-8d99-4632-b443-c6596217d352@group-D48C150F8724-LeaderElection30] INFO  server.RaftServerConfigKeys (ConfUtils.java:logGet(44)) - raft.server.rpc.request.timeout = 60s (custom)
2021-10-13 10:11:44,172 [83da085b-8d99-4632-b443-c6596217d352@group-D48C150F8724-LeaderElection30] INFO  server.RaftServerConfigKeys (ConfUtils.java:logGet(44)) - raft.server.log.appender.install.snapshot.enabled = false (custom)
2021-10-13 10:11:44,173 [83da085b-8d99-4632-b443-c6596217d352@group-D48C150F8724-LeaderElection30] INFO  impl.RoleInfo (RoleInfo.java:updateAndGet(130)) - 83da085b-8d99-4632-b443-c6596217d352: start 83da085b-8d99-4632-b443-c6596217d352@group-D48C150F8724-LeaderStateImpl
2021-10-13 10:11:44,173 [83da085b-8d99-4632-b443-c6596217d352@group-D48C150F8724-LeaderElection30] INFO  segmented.SegmentedRaftLogWorker (SegmentedRaftLogWorker.java:startLogSegment(394)) - 83da085b-8d99-4632-b443-c6596217d352@group-D48C150F8724-SegmentedRaftLogWorker: Starting segment from index:0
2021-10-13 10:11:44,174 [83da085b-8d99-4632-b443-c6596217d352@group-D48C150F8724-SegmentedRaftLogWorker] INFO  segmented.SegmentedRaftLogWorker (SegmentedRaftLogWorker.java:execute(601)) - 83da085b-8d99-4632-b443-c6596217d352@group-D48C150F8724-SegmentedRaftLogWorker: created new log segment /home/runner/work/ozone/ozone/hadoop-ozone/integration-test/target/test-dir/MiniOzoneClusterImpl-7a3c196b-86f6-4848-923d-88c8cd7ca178/datanode-1/data/ratis/539132aa-6a2f-4aed-901d-d48c150f8724/current/log_inprogress_0
2021-10-13 10:11:44,194 [grpc-default-executor-2] INFO  ratis.XceiverServerRatis (XceiverServerRatis.java:handleLeaderChangedNotification(866)) - Leader change notification received for group: group-D48C150F8724 with new leaderId: 83da085b-8d99-4632-b443-c6596217d352
2021-10-13 10:11:44,194 [grpc-default-executor-2] INFO  server.RaftServer$Division (ServerState.java:setLeader(285)) - 83908b8c-1318-4212-96d2-7cdb43457491@group-D48C150F8724: change Leader from null to 83da085b-8d99-4632-b443-c6596217d352 at term 3 for appendEntries, leader elected after 15421ms
2021-10-13 10:11:44,204 [83da085b-8d99-4632-b443-c6596217d352@group-D48C150F8724-LeaderElection30] INFO  server.RaftServer$Division (ServerState.java:setRaftConf(387)) - 83da085b-8d99-4632-b443-c6596217d352@group-D48C150F8724: set configuration 0: [83908b8c-1318-4212-96d2-7cdb43457491|rpc:127.0.0.1:46375|dataStream:|priority:0, 83da085b-8d99-4632-b443-c6596217d352|rpc:127.0.0.1:34351|dataStream:|priority:1, a78bc827-a10e-4e71-88ed-094b4b7dc052|rpc:127.0.0.1:44771|dataStream:|priority:0], old=null
2021-10-13 10:11:44,206 [grpc-default-executor-2] INFO  server.RaftServer$Division (ServerState.java:setRaftConf(387)) - 83908b8c-1318-4212-96d2-7cdb43457491@group-D48C150F8724: set configuration 0: [83908b8c-1318-4212-96d2-7cdb43457491|rpc:127.0.0.1:46375|dataStream:|priority:0, 83da085b-8d99-4632-b443-c6596217d352|rpc:127.0.0.1:34351|dataStream:|priority:1, a78bc827-a10e-4e71-88ed-094b4b7dc052|rpc:127.0.0.1:44771|dataStream:|priority:0], old=null
2021-10-13 10:11:44,206 [grpc-default-executor-2] INFO  segmented.SegmentedRaftLogWorker (SegmentedRaftLogWorker.java:startLogSegment(394)) - 83908b8c-1318-4212-96d2-7cdb43457491@group-D48C150F8724-SegmentedRaftLogWorker: Starting segment from index:0
2021-10-13 10:11:44,208 [grpc-default-executor-0] INFO  ratis.XceiverServerRatis (XceiverServerRatis.java:handleLeaderChangedNotification(866)) - Leader change notification received for group: group-D48C150F8724 with new leaderId: 83da085b-8d99-4632-b443-c6596217d352
2021-10-13 10:11:44,208 [grpc-default-executor-0] INFO  server.RaftServer$Division (ServerState.java:setLeader(285)) - a78bc827-a10e-4e71-88ed-094b4b7dc052@group-D48C150F8724: change Leader from null to 83da085b-8d99-4632-b443-c6596217d352 at term 3 for appendEntries, leader elected after 15276ms
2021-10-13 10:11:44,209 [83908b8c-1318-4212-96d2-7cdb43457491@group-D48C150F8724-SegmentedRaftLogWorker] INFO  segmented.SegmentedRaftLogWorker (SegmentedRaftLogWorker.java:execute(601)) - 83908b8c-1318-4212-96d2-7cdb43457491@group-D48C150F8724-SegmentedRaftLogWorker: created new log segment /home/runner/work/ozone/ozone/hadoop-ozone/integration-test/target/test-dir/MiniOzoneClusterImpl-7a3c196b-86f6-4848-923d-88c8cd7ca178/datanode-0/data/ratis/539132aa-6a2f-4aed-901d-d48c150f8724/current/log_inprogress_0
2021-10-13 10:11:44,218 [grpc-default-executor-0] INFO  server.RaftServer$Division (ServerState.java:setRaftConf(387)) - a78bc827-a10e-4e71-88ed-094b4b7dc052@group-D48C150F8724: set configuration 0: [83908b8c-1318-4212-96d2-7cdb43457491|rpc:127.0.0.1:46375|dataStream:|priority:0, 83da085b-8d99-4632-b443-c6596217d352|rpc:127.0.0.1:34351|dataStream:|priority:1, a78bc827-a10e-4e71-88ed-094b4b7dc052|rpc:127.0.0.1:44771|dataStream:|priority:0], old=null
2021-10-13 10:11:44,225 [grpc-default-executor-0] INFO  segmented.SegmentedRaftLogWorker (SegmentedRaftLogWorker.java:startLogSegment(394)) - a78bc827-a10e-4e71-88ed-094b4b7dc052@group-D48C150F8724-SegmentedRaftLogWorker: Starting segment from index:0
2021-10-13 10:11:44,227 [a78bc827-a10e-4e71-88ed-094b4b7dc052@group-D48C150F8724-SegmentedRaftLogWorker] INFO  segmented.SegmentedRaftLogWorker (SegmentedRaftLogWorker.java:execute(601)) - a78bc827-a10e-4e71-88ed-094b4b7dc052@group-D48C150F8724-SegmentedRaftLogWorker: created new log segment /home/runner/work/ozone/ozone/hadoop-ozone/integration-test/target/test-dir/MiniOzoneClusterImpl-7a3c196b-86f6-4848-923d-88c8cd7ca178/datanode-2/data/ratis/539132aa-6a2f-4aed-901d-d48c150f8724/current/log_inprogress_0
2021-10-13 10:11:44,348 [EndpointStateMachine task thread for /127.0.0.1:13887 - 0 ] INFO  ipc.Client (Client.java:handleConnectionFailure(977)) - Retrying connect to server: localhost/127.0.0.1:13887. Already tried 7 time(s); retry policy is RetryUpToMaximumCountWithFixedSleep(maxRetries=15, sleepTime=1000 MILLISECONDS)
2021-10-13 10:11:44,396 [EndpointStateMachine task thread for /127.0.0.1:13877 - 0 ] INFO  ipc.Client (Client.java:handleConnectionFailure(977)) - Retrying connect to server: localhost/127.0.0.1:13877. Already tried 10 time(s); retry policy is RetryUpToMaximumCountWithFixedSleep(maxRetries=15, sleepTime=1000 MILLISECONDS)
2021-10-13 10:11:44,486 [83908b8c-1318-4212-96d2-7cdb43457491@group-CFD79ED7D8C4-FollowerState] INFO  impl.FollowerState (FollowerState.java:run(134)) - 83908b8c-1318-4212-96d2-7cdb43457491@group-CFD79ED7D8C4-FollowerState: change to CANDIDATE, lastRpcElapsedTime:5130622412ns, electionTimeout:5122ms
2021-10-13 10:11:44,486 [83908b8c-1318-4212-96d2-7cdb43457491@group-CFD79ED7D8C4-FollowerState] INFO  impl.RoleInfo (RoleInfo.java:shutdownFollowerState(108)) - 83908b8c-1318-4212-96d2-7cdb43457491: shutdown 83908b8c-1318-4212-96d2-7cdb43457491@group-CFD79ED7D8C4-FollowerState
2021-10-13 10:11:44,486 [83908b8c-1318-4212-96d2-7cdb43457491@group-CFD79ED7D8C4-FollowerState] INFO  server.RaftServer$Division (RaftServerImpl.java:setRole(285)) - 83908b8c-1318-4212-96d2-7cdb43457491@group-CFD79ED7D8C4: changes role from  FOLLOWER to CANDIDATE at term 2 for changeToCandidate
2021-10-13 10:11:44,487 [83908b8c-1318-4212-96d2-7cdb43457491@group-CFD79ED7D8C4-FollowerState] INFO  server.RaftServerConfigKeys (ConfUtils.java:logGet(44)) - raft.server.leaderelection.pre-vote = false (custom)
2021-10-13 10:11:44,487 [83908b8c-1318-4212-96d2-7cdb43457491@group-CFD79ED7D8C4-FollowerState] INFO  impl.RoleInfo (RoleInfo.java:updateAndGet(130)) - 83908b8c-1318-4212-96d2-7cdb43457491: start 83908b8c-1318-4212-96d2-7cdb43457491@group-CFD79ED7D8C4-LeaderElection32
2021-10-13 10:11:44,495 [83908b8c-1318-4212-96d2-7cdb43457491@group-CFD79ED7D8C4-LeaderElection32] INFO  impl.LeaderElection (LeaderElection.java:askForVotes(306)) - 83908b8c-1318-4212-96d2-7cdb43457491@group-CFD79ED7D8C4-LeaderElection32 ELECTION round 0: submit vote requests at term 3 for -1: [83908b8c-1318-4212-96d2-7cdb43457491|rpc:127.0.0.1:46375|priority:0, 83da085b-8d99-4632-b443-c6596217d352|rpc:127.0.0.1:34351|priority:0, a78bc827-a10e-4e71-88ed-094b4b7dc052|rpc:127.0.0.1:44771|priority:1], old=null
2021-10-13 10:11:44,503 [grpc-default-executor-0] INFO  server.RaftServer$Division (RaftServerImpl.java:requestVote(1043)) - 83da085b-8d99-4632-b443-c6596217d352@group-CFD79ED7D8C4: receive requestVote(ELECTION, 83908b8c-1318-4212-96d2-7cdb43457491, group-CFD79ED7D8C4, 3, (t:0, i:0))
2021-10-13 10:11:44,503 [grpc-default-executor-0] INFO  impl.VoteContext (VoteContext.java:log(48)) - 83da085b-8d99-4632-b443-c6596217d352@group-CFD79ED7D8C4-FOLLOWER: accept ELECTION from 83908b8c-1318-4212-96d2-7cdb43457491: our priority 0 <= candidate's priority 0
2021-10-13 10:11:44,503 [grpc-default-executor-0] INFO  server.RaftServer$Division (RaftServerImpl.java:setRole(285)) - 83da085b-8d99-4632-b443-c6596217d352@group-CFD79ED7D8C4: changes role from  FOLLOWER to FOLLOWER at term 3 for candidate:83908b8c-1318-4212-96d2-7cdb43457491
2021-10-13 10:11:44,503 [grpc-default-executor-0] INFO  impl.RoleInfo (RoleInfo.java:shutdownFollowerState(108)) - 83da085b-8d99-4632-b443-c6596217d352: shutdown 83da085b-8d99-4632-b443-c6596217d352@group-CFD79ED7D8C4-FollowerState
2021-10-13 10:11:44,508 [83da085b-8d99-4632-b443-c6596217d352@group-CFD79ED7D8C4-FollowerState] INFO  impl.FollowerState (FollowerState.java:run(143)) - 83da085b-8d99-4632-b443-c6596217d352@group-CFD79ED7D8C4-FollowerState was interrupted: {}
java.lang.InterruptedException: sleep interrupted
	at java.lang.Thread.sleep(Native Method)
	at java.lang.Thread.sleep(Thread.java:340)
	at java.util.concurrent.TimeUnit.sleep(TimeUnit.java:386)
	at org.apache.ratis.util.TimeDuration.sleep(TimeDuration.java:324)
	at org.apache.ratis.util.TimeDuration.sleep(TimeDuration.java:309)
	at org.apache.ratis.server.impl.FollowerState.run(FollowerState.java:118)
2021-10-13 10:11:44,508 [grpc-default-executor-0] INFO  impl.RoleInfo (RoleInfo.java:updateAndGet(130)) - 83da085b-8d99-4632-b443-c6596217d352: start 83da085b-8d99-4632-b443-c6596217d352@group-CFD79ED7D8C4-FollowerState
2021-10-13 10:11:44,515 [a78bc827-a10e-4e71-88ed-094b4b7dc052@group-CFD79ED7D8C4-FollowerState] INFO  impl.FollowerState (FollowerState.java:run(134)) - a78bc827-a10e-4e71-88ed-094b4b7dc052@group-CFD79ED7D8C4-FollowerState: change to CANDIDATE, lastRpcElapsedTime:5135544558ns, electionTimeout:5120ms
2021-10-13 10:11:44,515 [a78bc827-a10e-4e71-88ed-094b4b7dc052@group-CFD79ED7D8C4-FollowerState] INFO  impl.RoleInfo (RoleInfo.java:shutdownFollowerState(108)) - a78bc827-a10e-4e71-88ed-094b4b7dc052: shutdown a78bc827-a10e-4e71-88ed-094b4b7dc052@group-CFD79ED7D8C4-FollowerState
2021-10-13 10:11:44,515 [a78bc827-a10e-4e71-88ed-094b4b7dc052@group-CFD79ED7D8C4-FollowerState] INFO  server.RaftServer$Division (RaftServerImpl.java:setRole(285)) - a78bc827-a10e-4e71-88ed-094b4b7dc052@group-CFD79ED7D8C4: changes role from  FOLLOWER to CANDIDATE at term 2 for changeToCandidate
2021-10-13 10:11:44,515 [grpc-default-executor-1] INFO  server.RaftServer$Division (RaftServerImpl.java:requestVote(1043)) - a78bc827-a10e-4e71-88ed-094b4b7dc052@group-CFD79ED7D8C4: receive requestVote(ELECTION, 83908b8c-1318-4212-96d2-7cdb43457491, group-CFD79ED7D8C4, 3, (t:0, i:0))
2021-10-13 10:11:44,517 [a78bc827-a10e-4e71-88ed-094b4b7dc052@group-CFD79ED7D8C4-FollowerState] INFO  server.RaftServerConfigKeys (ConfUtils.java:logGet(44)) - raft.server.leaderelection.pre-vote = false (custom)
2021-10-13 10:11:44,517 [a78bc827-a10e-4e71-88ed-094b4b7dc052@group-CFD79ED7D8C4-FollowerState] INFO  impl.RoleInfo (RoleInfo.java:updateAndGet(130)) - a78bc827-a10e-4e71-88ed-094b4b7dc052: start a78bc827-a10e-4e71-88ed-094b4b7dc052@group-CFD79ED7D8C4-LeaderElection33
2021-10-13 10:11:44,517 [grpc-default-executor-0] INFO  server.RaftServer$Division (RaftServerImpl.java:requestVote(1075)) - 83da085b-8d99-4632-b443-c6596217d352@group-CFD79ED7D8C4 replies to ELECTION vote request: 83908b8c-1318-4212-96d2-7cdb43457491<-83da085b-8d99-4632-b443-c6596217d352#0:OK-t3. Peer's state: 83da085b-8d99-4632-b443-c6596217d352@group-CFD79ED7D8C4:t3, leader=null, voted=83908b8c-1318-4212-96d2-7cdb43457491, raftlog=83da085b-8d99-4632-b443-c6596217d352@group-CFD79ED7D8C4-SegmentedRaftLog:OPENED:c-1,f-1,i0, conf=-1: [83908b8c-1318-4212-96d2-7cdb43457491|rpc:127.0.0.1:46375|dataStream:|priority:0, 83da085b-8d99-4632-b443-c6596217d352|rpc:127.0.0.1:34351|dataStream:|priority:0, a78bc827-a10e-4e71-88ed-094b4b7dc052|rpc:127.0.0.1:44771|dataStream:|priority:1], old=null
2021-10-13 10:11:44,522 [grpc-default-executor-1] INFO  impl.VoteContext (VoteContext.java:log(48)) - a78bc827-a10e-4e71-88ed-094b4b7dc052@group-CFD79ED7D8C4-CANDIDATE: reject ELECTION from 83908b8c-1318-4212-96d2-7cdb43457491: our priority 1 > candidate's priority 0
2021-10-13 10:11:44,523 [grpc-default-executor-1] INFO  server.RaftServer$Division (RaftServerImpl.java:setRole(285)) - a78bc827-a10e-4e71-88ed-094b4b7dc052@group-CFD79ED7D8C4: changes role from CANDIDATE to FOLLOWER at term 3 for candidate:83908b8c-1318-4212-96d2-7cdb43457491
2021-10-13 10:11:44,523 [grpc-default-executor-1] INFO  impl.RoleInfo (RoleInfo.java:shutdownLeaderElection(121)) - a78bc827-a10e-4e71-88ed-094b4b7dc052: shutdown a78bc827-a10e-4e71-88ed-094b4b7dc052@group-CFD79ED7D8C4-LeaderElection33
2021-10-13 10:11:44,523 [grpc-default-executor-1] INFO  impl.RoleInfo (RoleInfo.java:updateAndGet(130)) - a78bc827-a10e-4e71-88ed-094b4b7dc052: start a78bc827-a10e-4e71-88ed-094b4b7dc052@group-CFD79ED7D8C4-FollowerState
2021-10-13 10:11:44,524 [a78bc827-a10e-4e71-88ed-094b4b7dc052@group-CFD79ED7D8C4-LeaderElection33] INFO  impl.LeaderElection (LeaderElection.java:run(230)) - a78bc827-a10e-4e71-88ed-094b4b7dc052@group-CFD79ED7D8C4-LeaderElection33: skip running since this is already CLOSING
2021-10-13 10:11:44,531 [grpc-default-executor-1] INFO  server.RaftServer$Division (RaftServerImpl.java:requestVote(1075)) - a78bc827-a10e-4e71-88ed-094b4b7dc052@group-CFD79ED7D8C4 replies to ELECTION vote request: 83908b8c-1318-4212-96d2-7cdb43457491<-a78bc827-a10e-4e71-88ed-094b4b7dc052#0:FAIL-t3. Peer's state: a78bc827-a10e-4e71-88ed-094b4b7dc052@group-CFD79ED7D8C4:t3, leader=null, voted=null, raftlog=a78bc827-a10e-4e71-88ed-094b4b7dc052@group-CFD79ED7D8C4-SegmentedRaftLog:OPENED:c-1,f-1,i0, conf=-1: [83908b8c-1318-4212-96d2-7cdb43457491|rpc:127.0.0.1:46375|dataStream:|priority:0, 83da085b-8d99-4632-b443-c6596217d352|rpc:127.0.0.1:34351|dataStream:|priority:0, a78bc827-a10e-4e71-88ed-094b4b7dc052|rpc:127.0.0.1:44771|dataStream:|priority:1], old=null
2021-10-13 10:11:44,532 [83908b8c-1318-4212-96d2-7cdb43457491@group-CFD79ED7D8C4-LeaderElection32] INFO  impl.LeaderElection (LeaderElection.java:logAndReturn(89)) - 83908b8c-1318-4212-96d2-7cdb43457491@group-CFD79ED7D8C4-LeaderElection32: ELECTION REJECTED received 2 response(s) and 0 exception(s):
2021-10-13 10:11:44,532 [83908b8c-1318-4212-96d2-7cdb43457491@group-CFD79ED7D8C4-LeaderElection32] INFO  impl.LeaderElection (LeaderElection.java:logAndReturn(93)) -   Response 0: 83908b8c-1318-4212-96d2-7cdb43457491<-83da085b-8d99-4632-b443-c6596217d352#0:OK-t3
2021-10-13 10:11:44,532 [83908b8c-1318-4212-96d2-7cdb43457491@group-CFD79ED7D8C4-LeaderElection32] INFO  impl.LeaderElection (LeaderElection.java:logAndReturn(93)) -   Response 1: 83908b8c-1318-4212-96d2-7cdb43457491<-a78bc827-a10e-4e71-88ed-094b4b7dc052#0:FAIL-t3
2021-10-13 10:11:44,532 [83908b8c-1318-4212-96d2-7cdb43457491@group-CFD79ED7D8C4-LeaderElection32] INFO  impl.LeaderElection (LeaderElection.java:askForVotes(308)) - 83908b8c-1318-4212-96d2-7cdb43457491@group-CFD79ED7D8C4-LeaderElection32 ELECTION round 0: result REJECTED
2021-10-13 10:11:44,532 [83908b8c-1318-4212-96d2-7cdb43457491@group-CFD79ED7D8C4-LeaderElection32] INFO  server.RaftServer$Division (RaftServerImpl.java:setRole(285)) - 83908b8c-1318-4212-96d2-7cdb43457491@group-CFD79ED7D8C4: changes role from CANDIDATE to FOLLOWER at term 3 for REJECTED
2021-10-13 10:11:44,532 [83908b8c-1318-4212-96d2-7cdb43457491@group-CFD79ED7D8C4-LeaderElection32] INFO  impl.RoleInfo (RoleInfo.java:shutdownLeaderElection(121)) - 83908b8c-1318-4212-96d2-7cdb43457491: shutdown 83908b8c-1318-4212-96d2-7cdb43457491@group-CFD79ED7D8C4-LeaderElection32
2021-10-13 10:11:44,532 [83908b8c-1318-4212-96d2-7cdb43457491@group-CFD79ED7D8C4-LeaderElection32] INFO  impl.RoleInfo (RoleInfo.java:updateAndGet(130)) - 83908b8c-1318-4212-96d2-7cdb43457491: start 83908b8c-1318-4212-96d2-7cdb43457491@group-CFD79ED7D8C4-FollowerState
2021-10-13 10:11:44,972 [Listener at 127.0.0.1/11284] INFO  ozone.MiniOzoneClusterImpl (MiniOzoneClusterImpl.java:lambda$waitForClusterToBeReady$0(235)) - Nodes are ready. Got 3 of 3 DN Heartbeats.
2021-10-13 10:11:44,972 [Listener at 127.0.0.1/11284] INFO  ozone.MiniOzoneClusterImpl (MiniOzoneClusterImpl.java:lambda$waitForClusterToBeReady$0(238)) - Cluster exits safe mode
2021-10-13 10:11:44,972 [Listener at 127.0.0.1/11284] INFO  ozone.MiniOzoneClusterImpl (MiniOzoneClusterImpl.java:lambda$waitForClusterToBeReady$0(240)) - SCM became leader
2021-10-13 10:11:44,973 [Listener at 127.0.0.1/11284] INFO  server.StorageContainerManager (StorageContainerManager.java:start(1303)) - StorageContainerLocationProtocol RPC server is listening at /0.0.0.0:14259
2021-10-13 10:11:44,973 [Listener at 127.0.0.1/11284] INFO  ha.SCMRatisServerImpl (SCMRatisServerImpl.java:start(177)) - starting ratis server 0.0.0.0:14256
2021-10-13 10:11:44,973 [Listener at 127.0.0.1/11284] INFO  server.RaftServer$Division (RaftServerImpl.java:start(299)) - 331de3d1-09e8-4a6e-81ce-27fbcffaf652@group-88C8CD7CA178: start with initializing state, conf=-1: [], old=null
2021-10-13 10:11:44,973 [Listener at 127.0.0.1/11284] INFO  server.RaftServer$Division (RaftServerImpl.java:setRole(285)) - 331de3d1-09e8-4a6e-81ce-27fbcffaf652@group-88C8CD7CA178: changes role from      null to FOLLOWER at term 0 for startInitializing
2021-10-13 10:11:44,973 [Listener at 127.0.0.1/11284] INFO  util.JmxRegister (JmxRegister.java:tryRegister(44)) - Successfully registered JMX Bean with object name Ratis:service=RaftServer,group=group-88C8CD7CA178,id=331de3d1-09e8-4a6e-81ce-27fbcffaf652
2021-10-13 10:11:44,974 [Listener at 127.0.0.1/11284] INFO  server.RaftServer (RaftServerProxy.java:lambda$start$5(374)) - 331de3d1-09e8-4a6e-81ce-27fbcffaf652: start RPC server
2021-10-13 10:11:44,977 [Listener at 127.0.0.1/11284] INFO  server.GrpcService (GrpcService.java:startImpl(253)) - 331de3d1-09e8-4a6e-81ce-27fbcffaf652: GrpcService started, listening on 14256
2021-10-13 10:11:44,984 [Listener at 127.0.0.1/11284] INFO  ha.SCMNodeInfo (SCMNodeInfo.java:getPort(197)) - ConfigKey ozone.scm.client.address is deprecated, For configuring different ports for each SCM use PortConfigKey ozone.scm.client.port appended with serviceId and nodeId
2021-10-13 10:11:44,984 [Listener at 127.0.0.1/11284] INFO  ha.SCMNodeInfo (SCMNodeInfo.java:getPort(197)) - ConfigKey ozone.scm.block.client.address is deprecated, For configuring different ports for each SCM use PortConfigKey ozone.scm.block.client.port appended with serviceId and nodeId
2021-10-13 10:11:44,984 [Listener at 127.0.0.1/11284] INFO  ha.SCMNodeInfo (SCMNodeInfo.java:getPort(197)) - ConfigKey ozone.scm.datanode.address is deprecated, For configuring different ports for each SCM use PortConfigKey ozone.scm.datanode.port appended with serviceId and nodeId
2021-10-13 10:11:44,984 [Listener at 127.0.0.1/11284] INFO  ha.SCMNodeInfo (SCMNodeInfo.java:getPort(197)) - ConfigKey ozone.scm.client.address is deprecated, For configuring different ports for each SCM use PortConfigKey ozone.scm.client.port appended with serviceId and nodeId
2021-10-13 10:11:44,985 [Listener at 127.0.0.1/11284] INFO  ha.SCMNodeInfo (SCMNodeInfo.java:getPort(197)) - ConfigKey ozone.scm.block.client.address is deprecated, For configuring different ports for each SCM use PortConfigKey ozone.scm.block.client.port appended with serviceId and nodeId
2021-10-13 10:11:44,985 [Listener at 127.0.0.1/11284] INFO  ha.SCMNodeInfo (SCMNodeInfo.java:getPort(197)) - ConfigKey ozone.scm.datanode.address is deprecated, For configuring different ports for each SCM use PortConfigKey ozone.scm.datanode.port appended with serviceId and nodeId
2021-10-13 10:11:44,985 [Listener at 127.0.0.1/11284] INFO  ha.SCMNodeInfo (SCMNodeInfo.java:getPort(197)) - ConfigKey ozone.scm.client.address is deprecated, For configuring different ports for each SCM use PortConfigKey ozone.scm.client.port appended with serviceId and nodeId
2021-10-13 10:11:44,985 [Listener at 127.0.0.1/11284] INFO  ha.SCMNodeInfo (SCMNodeInfo.java:getPort(197)) - ConfigKey ozone.scm.block.client.address is deprecated, For configuring different ports for each SCM use PortConfigKey ozone.scm.block.client.port appended with serviceId and nodeId
2021-10-13 10:11:44,985 [Listener at 127.0.0.1/11284] INFO  ha.SCMNodeInfo (SCMNodeInfo.java:getPort(197)) - ConfigKey ozone.scm.datanode.address is deprecated, For configuring different ports for each SCM use PortConfigKey ozone.scm.datanode.port appended with serviceId and nodeId
2021-10-13 10:11:44,984 [org.apache.ratis.util.JvmPauseMonitor$$Lambda$499/17331878@5299c25d] INFO  util.JvmPauseMonitor (JvmPauseMonitor.java:run(103)) - JvmPauseMonitor-331de3d1-09e8-4a6e-81ce-27fbcffaf652: Started
2021-10-13 10:11:44,990 [IPC Server handler 2 on default port 14238] INFO  ha.SCMRatisServerImpl (SCMRatisServerImpl.java:addSCM(291)) - 3e49b098-f263-4746-8850-a06a1becd7d6: Submitting SetConfiguration request to Ratis server with new SCM peers list: [3e49b098-f263-4746-8850-a06a1becd7d6|rpc:localhost:14236|admin:|client:|dataStream:|priority:0, f92345f7-de12-4b3d-8fd2-3689378a4141|rpc:localhost:14246|priority:0, 331de3d1-09e8-4a6e-81ce-27fbcffaf652|rpc:localhost:14256|priority:0]
2021-10-13 10:11:44,990 [IPC Server handler 2 on default port 14238] INFO  server.RaftServer$Division (RaftServerImpl.java:setConfigurationAsync(971)) - 3e49b098-f263-4746-8850-a06a1becd7d6@group-88C8CD7CA178: receive setConfiguration SetConfigurationRequest:client-3FEBA9B64860->3e49b098-f263-4746-8850-a06a1becd7d6@group-88C8CD7CA178, cid=10, seq=0, RW, null, peers:[3e49b098-f263-4746-8850-a06a1becd7d6|rpc:localhost:14236|admin:|client:|dataStream:|priority:0, f92345f7-de12-4b3d-8fd2-3689378a4141|rpc:localhost:14246|priority:0, 331de3d1-09e8-4a6e-81ce-27fbcffaf652|rpc:localhost:14256|priority:0]
2021-10-13 10:11:44,990 [IPC Server handler 2 on default port 14238] INFO  server.RaftServer$Division (LeaderStateImpl.java:startSetConfiguration(345)) - 3e49b098-f263-4746-8850-a06a1becd7d6@group-88C8CD7CA178-LeaderStateImpl: startSetConfiguration SetConfigurationRequest:client-3FEBA9B64860->3e49b098-f263-4746-8850-a06a1becd7d6@group-88C8CD7CA178, cid=10, seq=0, RW, null, peers:[3e49b098-f263-4746-8850-a06a1becd7d6|rpc:localhost:14236|admin:|client:|dataStream:|priority:0, f92345f7-de12-4b3d-8fd2-3689378a4141|rpc:localhost:14246|priority:0, 331de3d1-09e8-4a6e-81ce-27fbcffaf652|rpc:localhost:14256|priority:0]
2021-10-13 10:11:44,990 [IPC Server handler 2 on default port 14238] INFO  server.RaftServerConfigKeys (ConfUtils.java:logGet(44)) - raft.server.log.appender.snapshot.chunk.size.max = 16MB (=16777216) (default)
2021-10-13 10:11:44,990 [IPC Server handler 2 on default port 14238] INFO  server.RaftServerConfigKeys (ConfUtils.java:logGet(44)) - raft.server.log.appender.buffer.byte-limit = 33554432 (custom)
2021-10-13 10:11:44,991 [IPC Server handler 2 on default port 14238] INFO  server.RaftServerConfigKeys (ConfUtils.java:logGet(44)) - raft.server.log.appender.buffer.element-limit = 1024 (custom)
2021-10-13 10:11:44,992 [IPC Server handler 2 on default port 14238] INFO  grpc.GrpcConfigKeys (ConfUtils.java:logGet(44)) - raft.grpc.server.leader.outstanding.appends.max = 128 (default)
2021-10-13 10:11:44,992 [IPC Server handler 2 on default port 14238] INFO  server.RaftServerConfigKeys (ConfUtils.java:logGet(44)) - raft.server.rpc.request.timeout = 30000ms (custom)
2021-10-13 10:11:44,992 [IPC Server handler 2 on default port 14238] INFO  server.RaftServerConfigKeys (ConfUtils.java:logGet(44)) - raft.server.log.appender.install.snapshot.enabled = false (custom)
2021-10-13 10:11:44,993 [3e49b098-f263-4746-8850-a06a1becd7d6@group-88C8CD7CA178->331de3d1-09e8-4a6e-81ce-27fbcffaf652-GrpcLogAppender-LogAppenderDaemon] INFO  server.GrpcLogAppender (GrpcLogAppender.java:installSnapshot(524)) - 3e49b098-f263-4746-8850-a06a1becd7d6@group-88C8CD7CA178->331de3d1-09e8-4a6e-81ce-27fbcffaf652-GrpcLogAppender: followerNextIndex = 0 but logStartIndex = 1, notify follower to install snapshot-(t:2, i:1)
2021-10-13 10:11:44,993 [3e49b098-f263-4746-8850-a06a1becd7d6@group-88C8CD7CA178->331de3d1-09e8-4a6e-81ce-27fbcffaf652-GrpcLogAppender-LogAppenderDaemon] INFO  server.GrpcLogAppender (GrpcLogAppender.java:installSnapshot(532)) - 3e49b098-f263-4746-8850-a06a1becd7d6@group-88C8CD7CA178->331de3d1-09e8-4a6e-81ce-27fbcffaf652-GrpcLogAppender: send 3e49b098-f263-4746-8850-a06a1becd7d6->331de3d1-09e8-4a6e-81ce-27fbcffaf652#0-t2,notify:(t:2, i:1)
2021-10-13 10:11:44,998 [grpc-default-executor-1] INFO  server.RaftServer$Division (RaftServerImpl.java:installSnapshot(1329)) - 331de3d1-09e8-4a6e-81ce-27fbcffaf652@group-88C8CD7CA178: receive installSnapshot: 3e49b098-f263-4746-8850-a06a1becd7d6->331de3d1-09e8-4a6e-81ce-27fbcffaf652#0-t2,notify:(t:2, i:1)
2021-10-13 10:11:45,000 [grpc-default-executor-1] INFO  ha.SCMStateMachine (SCMStateMachine.java:notifyLeaderChanged(248)) - leader changed, yet current SCM is still follower.
2021-10-13 10:11:45,000 [grpc-default-executor-1] INFO  server.RaftServer$Division (ServerState.java:setLeader(285)) - 331de3d1-09e8-4a6e-81ce-27fbcffaf652@group-88C8CD7CA178: change Leader from null to 3e49b098-f263-4746-8850-a06a1becd7d6 at term 2 for installSnapshot, leader elected after 24956ms
2021-10-13 10:11:45,000 [grpc-default-executor-1] INFO  server.RaftServer$Division (RaftServerImpl.java:notifyStateMachineToInstallSnapshot(1581)) - 331de3d1-09e8-4a6e-81ce-27fbcffaf652@group-88C8CD7CA178: notifyInstallSnapshot: nextIndex is 0 but the leader's first available index is 1.
2021-10-13 10:11:45,000 [grpc-default-executor-1] INFO  ha.SCMStateMachine (SCMStateMachine.java:notifyInstallSnapshotFromLeader(212)) - Received install snapshot notification from SCM leader: localhost:14236 with term index: (t:2, i:1)
2021-10-13 10:11:45,001 [grpc-default-executor-1] INFO  server.RaftServer$Division (RaftServerImpl.java:installSnapshotImpl(1459)) - 331de3d1-09e8-4a6e-81ce-27fbcffaf652@group-88C8CD7CA178: set new configuration index: 5
configurationEntry {
  peers {
    id: "3e49b098-f263-4746-8850-a06a1becd7d6"
    address: "localhost:14236"
  }
  peers {
    id: "f92345f7-de12-4b3d-8fd2-3689378a4141"
    address: "localhost:14246"
  }
}
 from snapshot
2021-10-13 10:11:45,001 [grpc-default-executor-1] INFO  server.RaftServer$Division (ServerState.java:setRaftConf(387)) - 331de3d1-09e8-4a6e-81ce-27fbcffaf652@group-88C8CD7CA178: set configuration 5: [3e49b098-f263-4746-8850-a06a1becd7d6|rpc:localhost:14236|admin:|client:|dataStream:|priority:0, f92345f7-de12-4b3d-8fd2-3689378a4141|rpc:localhost:14246|admin:|client:|dataStream:|priority:0], old=null
2021-10-13 10:11:45,001 [grpc-default-executor-1] INFO  server.RaftServer$Division (RaftServerImpl.java:installSnapshot(1340)) - 331de3d1-09e8-4a6e-81ce-27fbcffaf652@group-88C8CD7CA178: reply installSnapshot: 3e49b098-f263-4746-8850-a06a1becd7d6<-331de3d1-09e8-4a6e-81ce-27fbcffaf652#0:FAIL-t0,IN_PROGRESS
2021-10-13 10:11:45,001 [grpc-default-executor-1] INFO  server.GrpcServerProtocolService (GrpcServerProtocolService.java:onCompleted(140)) - 331de3d1-09e8-4a6e-81ce-27fbcffaf652: Completed INSTALL_SNAPSHOT, lastRequest: 3e49b098-f263-4746-8850-a06a1becd7d6->331de3d1-09e8-4a6e-81ce-27fbcffaf652#0-t2,notify:(t:2, i:1)
2021-10-13 10:11:45,010 [grpc-default-executor-0] INFO  server.GrpcLogAppender (GrpcLogAppender.java:onNext(400)) - 3e49b098-f263-4746-8850-a06a1becd7d6@group-88C8CD7CA178->331de3d1-09e8-4a6e-81ce-27fbcffaf652-InstallSnapshotResponseHandler: received the first reply 3e49b098-f263-4746-8850-a06a1becd7d6<-331de3d1-09e8-4a6e-81ce-27fbcffaf652#0:FAIL-t0,IN_PROGRESS
2021-10-13 10:11:45,010 [grpc-default-executor-0] INFO  server.GrpcLogAppender (GrpcLogAppender.java:onNext(417)) - 3e49b098-f263-4746-8850-a06a1becd7d6@group-88C8CD7CA178->331de3d1-09e8-4a6e-81ce-27fbcffaf652-InstallSnapshotResponseHandler: InstallSnapshot in progress.
2021-10-13 10:11:45,020 [pool-229-thread-1] INFO  ha.SCMHAManagerImpl (SCMHAManagerImpl.java:getDBCheckpointFromLeader(206)) - Downloading checkpoint from leader SCM scmNode-1 and reloading state from the checkpoint.
2021-10-13 10:11:45,025 [3e49b098-f263-4746-8850-a06a1becd7d6@group-88C8CD7CA178->331de3d1-09e8-4a6e-81ce-27fbcffaf652-GrpcLogAppender-LogAppenderDaemon] INFO  server.GrpcLogAppender (GrpcLogAppender.java:installSnapshot(524)) - 3e49b098-f263-4746-8850-a06a1becd7d6@group-88C8CD7CA178->331de3d1-09e8-4a6e-81ce-27fbcffaf652-GrpcLogAppender: followerNextIndex = 0 but logStartIndex = 1, notify follower to install snapshot-(t:2, i:1)
2021-10-13 10:11:45,026 [3e49b098-f263-4746-8850-a06a1becd7d6@group-88C8CD7CA178->331de3d1-09e8-4a6e-81ce-27fbcffaf652-GrpcLogAppender-LogAppenderDaemon] INFO  server.GrpcLogAppender (GrpcLogAppender.java:installSnapshot(532)) - 3e49b098-f263-4746-8850-a06a1becd7d6@group-88C8CD7CA178->331de3d1-09e8-4a6e-81ce-27fbcffaf652-GrpcLogAppender: send 3e49b098-f263-4746-8850-a06a1becd7d6->331de3d1-09e8-4a6e-81ce-27fbcffaf652#0-t2,notify:(t:2, i:1)
2021-10-13 10:11:45,041 [grpc-default-executor-4] INFO  server.RaftServer$Division (RaftServerImpl.java:installSnapshot(1329)) - 331de3d1-09e8-4a6e-81ce-27fbcffaf652@group-88C8CD7CA178: receive installSnapshot: 3e49b098-f263-4746-8850-a06a1becd7d6->331de3d1-09e8-4a6e-81ce-27fbcffaf652#0-t2,notify:(t:2, i:1)
2021-10-13 10:11:45,043 [grpc-default-executor-4] INFO  server.RaftServer$Division (RaftServerImpl.java:notifyStateMachineToInstallSnapshot(1611)) - 331de3d1-09e8-4a6e-81ce-27fbcffaf652@group-88C8CD7CA178: Snapshot Installation by StateMachine is in progress.
2021-10-13 10:11:45,043 [grpc-default-executor-4] INFO  server.RaftServer$Division (RaftServerImpl.java:installSnapshotImpl(1459)) - 331de3d1-09e8-4a6e-81ce-27fbcffaf652@group-88C8CD7CA178: set new configuration index: 5
configurationEntry {
  peers {
    id: "3e49b098-f263-4746-8850-a06a1becd7d6"
    address: "localhost:14236"
  }
  peers {
    id: "f92345f7-de12-4b3d-8fd2-3689378a4141"
    address: "localhost:14246"
  }
}
 from snapshot
2021-10-13 10:11:45,044 [grpc-default-executor-4] INFO  server.RaftServer$Division (ServerState.java:setRaftConf(387)) - 331de3d1-09e8-4a6e-81ce-27fbcffaf652@group-88C8CD7CA178: set configuration 5: [3e49b098-f263-4746-8850-a06a1becd7d6|rpc:localhost:14236|admin:|client:|dataStream:|priority:0, f92345f7-de12-4b3d-8fd2-3689378a4141|rpc:localhost:14246|admin:|client:|dataStream:|priority:0], old=null
2021-10-13 10:11:45,044 [grpc-default-executor-4] INFO  server.RaftServer$Division (RaftServerImpl.java:installSnapshot(1340)) - 331de3d1-09e8-4a6e-81ce-27fbcffaf652@group-88C8CD7CA178: reply installSnapshot: 3e49b098-f263-4746-8850-a06a1becd7d6<-331de3d1-09e8-4a6e-81ce-27fbcffaf652#0:FAIL-t2,IN_PROGRESS
2021-10-13 10:11:45,045 [grpc-default-executor-4] INFO  server.GrpcServerProtocolService (GrpcServerProtocolService.java:onCompleted(140)) - 331de3d1-09e8-4a6e-81ce-27fbcffaf652: Completed INSTALL_SNAPSHOT, lastRequest: 3e49b098-f263-4746-8850-a06a1becd7d6->331de3d1-09e8-4a6e-81ce-27fbcffaf652#0-t2,notify:(t:2, i:1)
2021-10-13 10:11:45,047 [grpc-default-executor-1] INFO  impl.RoleInfo (RoleInfo.java:updateAndGet(130)) - 331de3d1-09e8-4a6e-81ce-27fbcffaf652: start 331de3d1-09e8-4a6e-81ce-27fbcffaf652@group-88C8CD7CA178-FollowerState
2021-10-13 10:11:45,053 [grpc-default-executor-1] INFO  server.RaftServer$Division (RaftServerImpl.java:checkInconsistentAppendEntries(1293)) - 331de3d1-09e8-4a6e-81ce-27fbcffaf652@group-88C8CD7CA178: Failed appendEntries as snapshot ((t:2, i:1)) installation is in progress
2021-10-13 10:11:45,053 [grpc-default-executor-1] INFO  server.RaftServer$Division (RaftServerImpl.java:checkInconsistentAppendEntries(1285)) - 331de3d1-09e8-4a6e-81ce-27fbcffaf652@group-88C8CD7CA178: inconsistency entries. Reply:3e49b098-f263-4746-8850-a06a1becd7d6<-331de3d1-09e8-4a6e-81ce-27fbcffaf652#0:FAIL-t2,INCONSISTENCY,nextIndex=0,followerCommit=-1
2021-10-13 10:11:45,055 [grpc-default-executor-0] INFO  server.GrpcLogAppender (GrpcLogAppender.java:onNext(400)) - 3e49b098-f263-4746-8850-a06a1becd7d6@group-88C8CD7CA178->331de3d1-09e8-4a6e-81ce-27fbcffaf652-InstallSnapshotResponseHandler: received a reply 3e49b098-f263-4746-8850-a06a1becd7d6<-331de3d1-09e8-4a6e-81ce-27fbcffaf652#0:FAIL-t2,IN_PROGRESS
2021-10-13 10:11:45,055 [grpc-default-executor-0] INFO  server.GrpcLogAppender (GrpcLogAppender.java:onNext(417)) - 3e49b098-f263-4746-8850-a06a1becd7d6@group-88C8CD7CA178->331de3d1-09e8-4a6e-81ce-27fbcffaf652-InstallSnapshotResponseHandler: InstallSnapshot in progress.
2021-10-13 10:11:45,058 [3e49b098-f263-4746-8850-a06a1becd7d6@group-88C8CD7CA178->331de3d1-09e8-4a6e-81ce-27fbcffaf652-GrpcLogAppender-LogAppenderDaemon] INFO  server.GrpcLogAppender (GrpcLogAppender.java:installSnapshot(524)) - 3e49b098-f263-4746-8850-a06a1becd7d6@group-88C8CD7CA178->331de3d1-09e8-4a6e-81ce-27fbcffaf652-GrpcLogAppender: followerNextIndex = 0 but logStartIndex = 1, notify follower to install snapshot-(t:2, i:1)
2021-10-13 10:11:45,058 [3e49b098-f263-4746-8850-a06a1becd7d6@group-88C8CD7CA178->331de3d1-09e8-4a6e-81ce-27fbcffaf652-GrpcLogAppender-LogAppenderDaemon] INFO  server.GrpcLogAppender (GrpcLogAppender.java:installSnapshot(532)) - 3e49b098-f263-4746-8850-a06a1becd7d6@group-88C8CD7CA178->331de3d1-09e8-4a6e-81ce-27fbcffaf652-GrpcLogAppender: send 3e49b098-f263-4746-8850-a06a1becd7d6->331de3d1-09e8-4a6e-81ce-27fbcffaf652#0-t2,notify:(t:2, i:1)
2021-10-13 10:11:45,059 [grpc-default-executor-0] INFO  server.RaftServer$Division (RaftServerImpl.java:checkInconsistentAppendEntries(1293)) - 331de3d1-09e8-4a6e-81ce-27fbcffaf652@group-88C8CD7CA178: Failed appendEntries as snapshot ((t:2, i:1)) installation is in progress
2021-10-13 10:11:45,059 [grpc-default-executor-0] INFO  server.RaftServer$Division (RaftServerImpl.java:checkInconsistentAppendEntries(1285)) - 331de3d1-09e8-4a6e-81ce-27fbcffaf652@group-88C8CD7CA178: inconsistency entries. Reply:3e49b098-f263-4746-8850-a06a1becd7d6<-331de3d1-09e8-4a6e-81ce-27fbcffaf652#1:FAIL-t2,INCONSISTENCY,nextIndex=0,followerCommit=-1
2021-10-13 10:11:45,062 [EndpointStateMachine task thread for /127.0.0.1:13897 - 0 ] INFO  ipc.Client (Client.java:handleConnectionFailure(977)) - Retrying connect to server: localhost/127.0.0.1:13897. Already tried 11 time(s); retry policy is RetryUpToMaximumCountWithFixedSleep(maxRetries=15, sleepTime=1000 MILLISECONDS)
2021-10-13 10:11:45,062 [grpc-default-executor-1] INFO  server.RaftServer$Division (RaftServerImpl.java:installSnapshot(1329)) - 331de3d1-09e8-4a6e-81ce-27fbcffaf652@group-88C8CD7CA178: receive installSnapshot: 3e49b098-f263-4746-8850-a06a1becd7d6->331de3d1-09e8-4a6e-81ce-27fbcffaf652#0-t2,notify:(t:2, i:1)
2021-10-13 10:11:45,063 [grpc-default-executor-1] INFO  server.RaftServer$Division (RaftServerImpl.java:notifyStateMachineToInstallSnapshot(1611)) - 331de3d1-09e8-4a6e-81ce-27fbcffaf652@group-88C8CD7CA178: Snapshot Installation by StateMachine is in progress.
2021-10-13 10:11:45,063 [grpc-default-executor-1] INFO  server.RaftServer$Division (RaftServerImpl.java:installSnapshotImpl(1459)) - 331de3d1-09e8-4a6e-81ce-27fbcffaf652@group-88C8CD7CA178: set new configuration index: 5
configurationEntry {
  peers {
    id: "3e49b098-f263-4746-8850-a06a1becd7d6"
    address: "localhost:14236"
  }
  peers {
    id: "f92345f7-de12-4b3d-8fd2-3689378a4141"
    address: "localhost:14246"
  }
}
 from snapshot
2021-10-13 10:11:45,063 [grpc-default-executor-1] INFO  server.RaftServer$Division (ServerState.java:setRaftConf(387)) - 331de3d1-09e8-4a6e-81ce-27fbcffaf652@group-88C8CD7CA178: set configuration 5: [3e49b098-f263-4746-8850-a06a1becd7d6|rpc:localhost:14236|admin:|client:|dataStream:|priority:0, f92345f7-de12-4b3d-8fd2-3689378a4141|rpc:localhost:14246|admin:|client:|dataStream:|priority:0], old=null
2021-10-13 10:11:45,063 [grpc-default-executor-1] INFO  server.RaftServer$Division (RaftServerImpl.java:installSnapshot(1340)) - 331de3d1-09e8-4a6e-81ce-27fbcffaf652@group-88C8CD7CA178: reply installSnapshot: 3e49b098-f263-4746-8850-a06a1becd7d6<-331de3d1-09e8-4a6e-81ce-27fbcffaf652#0:FAIL-t2,IN_PROGRESS
2021-10-13 10:11:45,063 [grpc-default-executor-1] INFO  server.GrpcServerProtocolService (GrpcServerProtocolService.java:onCompleted(140)) - 331de3d1-09e8-4a6e-81ce-27fbcffaf652: Completed INSTALL_SNAPSHOT, lastRequest: 3e49b098-f263-4746-8850-a06a1becd7d6->331de3d1-09e8-4a6e-81ce-27fbcffaf652#0-t2,notify:(t:2, i:1)
2021-10-13 10:11:45,064 [grpc-default-executor-2] INFO  server.GrpcLogAppender (GrpcLogAppender.java:onNext(400)) - 3e49b098-f263-4746-8850-a06a1becd7d6@group-88C8CD7CA178->331de3d1-09e8-4a6e-81ce-27fbcffaf652-InstallSnapshotResponseHandler: received a reply 3e49b098-f263-4746-8850-a06a1becd7d6<-331de3d1-09e8-4a6e-81ce-27fbcffaf652#0:FAIL-t2,IN_PROGRESS
2021-10-13 10:11:45,064 [grpc-default-executor-2] INFO  server.GrpcLogAppender (GrpcLogAppender.java:onNext(417)) - 3e49b098-f263-4746-8850-a06a1becd7d6@group-88C8CD7CA178->331de3d1-09e8-4a6e-81ce-27fbcffaf652-InstallSnapshotResponseHandler: InstallSnapshot in progress.
2021-10-13 10:11:45,064 [grpc-default-executor-3] INFO  leader.FollowerInfo (FollowerInfoImpl.java:lambda$new$0(46)) - 3e49b098-f263-4746-8850-a06a1becd7d6@group-88C8CD7CA178->331de3d1-09e8-4a6e-81ce-27fbcffaf652: nextIndex: updateUnconditionally 0 -> 0
2021-10-13 10:11:45,067 [3e49b098-f263-4746-8850-a06a1becd7d6@group-88C8CD7CA178->331de3d1-09e8-4a6e-81ce-27fbcffaf652-GrpcLogAppender-LogAppenderDaemon] INFO  server.GrpcLogAppender (GrpcLogAppender.java:installSnapshot(524)) - 3e49b098-f263-4746-8850-a06a1becd7d6@group-88C8CD7CA178->331de3d1-09e8-4a6e-81ce-27fbcffaf652-GrpcLogAppender: followerNextIndex = 0 but logStartIndex = 1, notify follower to install snapshot-(t:2, i:1)
2021-10-13 10:11:45,068 [3e49b098-f263-4746-8850-a06a1becd7d6@group-88C8CD7CA178->331de3d1-09e8-4a6e-81ce-27fbcffaf652-GrpcLogAppender-LogAppenderDaemon] INFO  server.GrpcLogAppender (GrpcLogAppender.java:installSnapshot(532)) - 3e49b098-f263-4746-8850-a06a1becd7d6@group-88C8CD7CA178->331de3d1-09e8-4a6e-81ce-27fbcffaf652-GrpcLogAppender: send 3e49b098-f263-4746-8850-a06a1becd7d6->331de3d1-09e8-4a6e-81ce-27fbcffaf652#0-t2,notify:(t:2, i:1)
2021-10-13 10:11:45,068 [grpc-default-executor-2] INFO  leader.FollowerInfo (FollowerInfoImpl.java:lambda$new$0(46)) - 3e49b098-f263-4746-8850-a06a1becd7d6@group-88C8CD7CA178->331de3d1-09e8-4a6e-81ce-27fbcffaf652: nextIndex: updateUnconditionally 0 -> 0
2021-10-13 10:11:45,069 [grpc-default-executor-3] INFO  server.RaftServer$Division (RaftServerImpl.java:checkInconsistentAppendEntries(1293)) - 331de3d1-09e8-4a6e-81ce-27fbcffaf652@group-88C8CD7CA178: Failed appendEntries as snapshot ((t:2, i:1)) installation is in progress
2021-10-13 10:11:45,069 [grpc-default-executor-3] INFO  server.RaftServer$Division (RaftServerImpl.java:checkInconsistentAppendEntries(1285)) - 331de3d1-09e8-4a6e-81ce-27fbcffaf652@group-88C8CD7CA178: inconsistency entries. Reply:3e49b098-f263-4746-8850-a06a1becd7d6<-331de3d1-09e8-4a6e-81ce-27fbcffaf652#2:FAIL-t2,INCONSISTENCY,nextIndex=0,followerCommit=-1
2021-10-13 10:11:45,070 [grpc-default-executor-2] INFO  server.RaftServer$Division (RaftServerImpl.java:installSnapshot(1329)) - 331de3d1-09e8-4a6e-81ce-27fbcffaf652@group-88C8CD7CA178: receive installSnapshot: 3e49b098-f263-4746-8850-a06a1becd7d6->331de3d1-09e8-4a6e-81ce-27fbcffaf652#0-t2,notify:(t:2, i:1)
2021-10-13 10:11:45,070 [grpc-default-executor-2] INFO  server.RaftServer$Division (RaftServerImpl.java:notifyStateMachineToInstallSnapshot(1611)) - 331de3d1-09e8-4a6e-81ce-27fbcffaf652@group-88C8CD7CA178: Snapshot Installation by StateMachine is in progress.
2021-10-13 10:11:45,070 [grpc-default-executor-2] INFO  server.RaftServer$Division (RaftServerImpl.java:installSnapshotImpl(1459)) - 331de3d1-09e8-4a6e-81ce-27fbcffaf652@group-88C8CD7CA178: set new configuration index: 5
configurationEntry {
  peers {
    id: "3e49b098-f263-4746-8850-a06a1becd7d6"
    address: "localhost:14236"
  }
  peers {
    id: "f92345f7-de12-4b3d-8fd2-3689378a4141"
    address: "localhost:14246"
  }
}
 from snapshot
2021-10-13 10:11:45,066 [grpc-default-executor-0] INFO  ha.SCMDBCheckpointProvider (SCMDBCheckpointProvider.java:writeDBCheckPointToSream(48)) - Received request to obtain SCM DB checkpoint snapshot
2021-10-13 10:11:45,070 [grpc-default-executor-2] INFO  server.RaftServer$Division (ServerState.java:setRaftConf(387)) - 331de3d1-09e8-4a6e-81ce-27fbcffaf652@group-88C8CD7CA178: set configuration 5: [3e49b098-f263-4746-8850-a06a1becd7d6|rpc:localhost:14236|admin:|client:|dataStream:|priority:0, f92345f7-de12-4b3d-8fd2-3689378a4141|rpc:localhost:14246|admin:|client:|dataStream:|priority:0], old=null
2021-10-13 10:11:45,070 [grpc-default-executor-2] INFO  server.RaftServer$Division (RaftServerImpl.java:installSnapshot(1340)) - 331de3d1-09e8-4a6e-81ce-27fbcffaf652@group-88C8CD7CA178: reply installSnapshot: 3e49b098-f263-4746-8850-a06a1becd7d6<-331de3d1-09e8-4a6e-81ce-27fbcffaf652#0:FAIL-t2,IN_PROGRESS
2021-10-13 10:11:45,070 [grpc-default-executor-2] INFO  server.GrpcServerProtocolService (GrpcServerProtocolService.java:onCompleted(140)) - 331de3d1-09e8-4a6e-81ce-27fbcffaf652: Completed INSTALL_SNAPSHOT, lastRequest: 3e49b098-f263-4746-8850-a06a1becd7d6->331de3d1-09e8-4a6e-81ce-27fbcffaf652#0-t2,notify:(t:2, i:1)
2021-10-13 10:11:45,071 [grpc-default-executor-2] INFO  leader.FollowerInfo (FollowerInfoImpl.java:lambda$new$0(46)) - 3e49b098-f263-4746-8850-a06a1becd7d6@group-88C8CD7CA178->331de3d1-09e8-4a6e-81ce-27fbcffaf652: nextIndex: updateUnconditionally 0 -> 0
2021-10-13 10:11:45,071 [grpc-default-executor-2] INFO  server.GrpcLogAppender (GrpcLogAppender.java:onNext(400)) - 3e49b098-f263-4746-8850-a06a1becd7d6@group-88C8CD7CA178->331de3d1-09e8-4a6e-81ce-27fbcffaf652-InstallSnapshotResponseHandler: received a reply 3e49b098-f263-4746-8850-a06a1becd7d6<-331de3d1-09e8-4a6e-81ce-27fbcffaf652#0:FAIL-t2,IN_PROGRESS
2021-10-13 10:11:45,071 [grpc-default-executor-2] INFO  server.GrpcLogAppender (GrpcLogAppender.java:onNext(417)) - 3e49b098-f263-4746-8850-a06a1becd7d6@group-88C8CD7CA178->331de3d1-09e8-4a6e-81ce-27fbcffaf652-InstallSnapshotResponseHandler: InstallSnapshot in progress.
2021-10-13 10:11:45,073 [3e49b098-f263-4746-8850-a06a1becd7d6@group-88C8CD7CA178->331de3d1-09e8-4a6e-81ce-27fbcffaf652-GrpcLogAppender-LogAppenderDaemon] INFO  server.GrpcLogAppender (GrpcLogAppender.java:installSnapshot(524)) - 3e49b098-f263-4746-8850-a06a1becd7d6@group-88C8CD7CA178->331de3d1-09e8-4a6e-81ce-27fbcffaf652-GrpcLogAppender: followerNextIndex = 0 but logStartIndex = 1, notify follower to install snapshot-(t:2, i:1)
2021-10-13 10:11:45,073 [3e49b098-f263-4746-8850-a06a1becd7d6@group-88C8CD7CA178->331de3d1-09e8-4a6e-81ce-27fbcffaf652-GrpcLogAppender-LogAppenderDaemon] INFO  server.GrpcLogAppender (GrpcLogAppender.java:installSnapshot(532)) - 3e49b098-f263-4746-8850-a06a1becd7d6@group-88C8CD7CA178->331de3d1-09e8-4a6e-81ce-27fbcffaf652-GrpcLogAppender: send 3e49b098-f263-4746-8850-a06a1becd7d6->331de3d1-09e8-4a6e-81ce-27fbcffaf652#0-t2,notify:(t:2, i:1)
2021-10-13 10:11:45,075 [grpc-default-executor-1] INFO  server.RaftServer$Division (RaftServerImpl.java:checkInconsistentAppendEntries(1293)) - 331de3d1-09e8-4a6e-81ce-27fbcffaf652@group-88C8CD7CA178: Failed appendEntries as snapshot ((t:2, i:1)) installation is in progress
2021-10-13 10:11:45,075 [grpc-default-executor-2] INFO  server.RaftServer$Division (RaftServerImpl.java:installSnapshot(1329)) - 331de3d1-09e8-4a6e-81ce-27fbcffaf652@group-88C8CD7CA178: receive installSnapshot: 3e49b098-f263-4746-8850-a06a1becd7d6->331de3d1-09e8-4a6e-81ce-27fbcffaf652#0-t2,notify:(t:2, i:1)
2021-10-13 10:11:45,075 [grpc-default-executor-1] INFO  server.RaftServer$Division (RaftServerImpl.java:checkInconsistentAppendEntries(1285)) - 331de3d1-09e8-4a6e-81ce-27fbcffaf652@group-88C8CD7CA178: inconsistency entries. Reply:3e49b098-f263-4746-8850-a06a1becd7d6<-331de3d1-09e8-4a6e-81ce-27fbcffaf652#3:FAIL-t2,INCONSISTENCY,nextIndex=0,followerCommit=-1
2021-10-13 10:11:45,075 [grpc-default-executor-2] INFO  server.RaftServer$Division (RaftServerImpl.java:notifyStateMachineToInstallSnapshot(1611)) - 331de3d1-09e8-4a6e-81ce-27fbcffaf652@group-88C8CD7CA178: Snapshot Installation by StateMachine is in progress.
2021-10-13 10:11:45,075 [grpc-default-executor-1] INFO  leader.FollowerInfo (FollowerInfoImpl.java:lambda$new$0(46)) - 3e49b098-f263-4746-8850-a06a1becd7d6@group-88C8CD7CA178->331de3d1-09e8-4a6e-81ce-27fbcffaf652: nextIndex: updateUnconditionally 0 -> 0
2021-10-13 10:11:45,076 [grpc-default-executor-2] INFO  server.RaftServer$Division (RaftServerImpl.java:installSnapshotImpl(1459)) - 331de3d1-09e8-4a6e-81ce-27fbcffaf652@group-88C8CD7CA178: set new configuration index: 5
configurationEntry {
  peers {
    id: "3e49b098-f263-4746-8850-a06a1becd7d6"
    address: "localhost:14236"
  }
  peers {
    id: "f92345f7-de12-4b3d-8fd2-3689378a4141"
    address: "localhost:14246"
  }
}
 from snapshot
2021-10-13 10:11:45,076 [grpc-default-executor-2] INFO  server.RaftServer$Division (ServerState.java:setRaftConf(387)) - 331de3d1-09e8-4a6e-81ce-27fbcffaf652@group-88C8CD7CA178: set configuration 5: [3e49b098-f263-4746-8850-a06a1becd7d6|rpc:localhost:14236|admin:|client:|dataStream:|priority:0, f92345f7-de12-4b3d-8fd2-3689378a4141|rpc:localhost:14246|admin:|client:|dataStream:|priority:0], old=null
2021-10-13 10:11:45,076 [grpc-default-executor-2] INFO  server.RaftServer$Division (RaftServerImpl.java:installSnapshot(1340)) - 331de3d1-09e8-4a6e-81ce-27fbcffaf652@group-88C8CD7CA178: reply installSnapshot: 3e49b098-f263-4746-8850-a06a1becd7d6<-331de3d1-09e8-4a6e-81ce-27fbcffaf652#0:FAIL-t2,IN_PROGRESS
2021-10-13 10:11:45,077 [grpc-default-executor-2] INFO  server.GrpcServerProtocolService (GrpcServerProtocolService.java:onCompleted(140)) - 331de3d1-09e8-4a6e-81ce-27fbcffaf652: Completed INSTALL_SNAPSHOT, lastRequest: 3e49b098-f263-4746-8850-a06a1becd7d6->331de3d1-09e8-4a6e-81ce-27fbcffaf652#0-t2,notify:(t:2, i:1)
2021-10-13 10:11:45,078 [grpc-default-executor-1] INFO  server.GrpcLogAppender (GrpcLogAppender.java:onNext(400)) - 3e49b098-f263-4746-8850-a06a1becd7d6@group-88C8CD7CA178->331de3d1-09e8-4a6e-81ce-27fbcffaf652-InstallSnapshotResponseHandler: received a reply 3e49b098-f263-4746-8850-a06a1becd7d6<-331de3d1-09e8-4a6e-81ce-27fbcffaf652#0:FAIL-t2,IN_PROGRESS
2021-10-13 10:11:45,078 [grpc-default-executor-1] INFO  server.GrpcLogAppender (GrpcLogAppender.java:onNext(417)) - 3e49b098-f263-4746-8850-a06a1becd7d6@group-88C8CD7CA178->331de3d1-09e8-4a6e-81ce-27fbcffaf652-InstallSnapshotResponseHandler: InstallSnapshot in progress.
2021-10-13 10:11:45,080 [3e49b098-f263-4746-8850-a06a1becd7d6@group-88C8CD7CA178->331de3d1-09e8-4a6e-81ce-27fbcffaf652-GrpcLogAppender-LogAppenderDaemon] INFO  server.GrpcLogAppender (GrpcLogAppender.java:installSnapshot(524)) - 3e49b098-f263-4746-8850-a06a1becd7d6@group-88C8CD7CA178->331de3d1-09e8-4a6e-81ce-27fbcffaf652-GrpcLogAppender: followerNextIndex = 0 but logStartIndex = 1, notify follower to install snapshot-(t:2, i:1)
2021-10-13 10:11:45,080 [3e49b098-f263-4746-8850-a06a1becd7d6@group-88C8CD7CA178->331de3d1-09e8-4a6e-81ce-27fbcffaf652-GrpcLogAppender-LogAppenderDaemon] INFO  server.GrpcLogAppender (GrpcLogAppender.java:installSnapshot(532)) - 3e49b098-f263-4746-8850-a06a1becd7d6@group-88C8CD7CA178->331de3d1-09e8-4a6e-81ce-27fbcffaf652-GrpcLogAppender: send 3e49b098-f263-4746-8850-a06a1becd7d6->331de3d1-09e8-4a6e-81ce-27fbcffaf652#0-t2,notify:(t:2, i:1)
2021-10-13 10:11:45,081 [grpc-default-executor-1] INFO  server.RaftServer$Division (RaftServerImpl.java:installSnapshot(1329)) - 331de3d1-09e8-4a6e-81ce-27fbcffaf652@group-88C8CD7CA178: receive installSnapshot: 3e49b098-f263-4746-8850-a06a1becd7d6->331de3d1-09e8-4a6e-81ce-27fbcffaf652#0-t2,notify:(t:2, i:1)
2021-10-13 10:11:45,081 [grpc-default-executor-1] INFO  server.RaftServer$Division (RaftServerImpl.java:notifyStateMachineToInstallSnapshot(1611)) - 331de3d1-09e8-4a6e-81ce-27fbcffaf652@group-88C8CD7CA178: Snapshot Installation by StateMachine is in progress.
2021-10-13 10:11:45,081 [grpc-default-executor-1] INFO  server.RaftServer$Division (RaftServerImpl.java:installSnapshotImpl(1459)) - 331de3d1-09e8-4a6e-81ce-27fbcffaf652@group-88C8CD7CA178: set new configuration index: 5
configurationEntry {
  peers {
    id: "3e49b098-f263-4746-8850-a06a1becd7d6"
    address: "localhost:14236"
  }
  peers {
    id: "f92345f7-de12-4b3d-8fd2-3689378a4141"
    address: "localhost:14246"
  }
}
 from snapshot
2021-10-13 10:11:45,082 [grpc-default-executor-1] INFO  server.RaftServer$Division (ServerState.java:setRaftConf(387)) - 331de3d1-09e8-4a6e-81ce-27fbcffaf652@group-88C8CD7CA178: set configuration 5: [3e49b098-f263-4746-8850-a06a1becd7d6|rpc:localhost:14236|admin:|client:|dataStream:|priority:0, f92345f7-de12-4b3d-8fd2-3689378a4141|rpc:localhost:14246|admin:|client:|dataStream:|priority:0], old=null
2021-10-13 10:11:45,082 [grpc-default-executor-2] INFO  server.RaftServer$Division (RaftServerImpl.java:checkInconsistentAppendEntries(1293)) - 331de3d1-09e8-4a6e-81ce-27fbcffaf652@group-88C8CD7CA178: Failed appendEntries as snapshot ((t:2, i:1)) installation is in progress
2021-10-13 10:11:45,082 [grpc-default-executor-2] INFO  server.RaftServer$Division (RaftServerImpl.java:checkInconsistentAppendEntries(1285)) - 331de3d1-09e8-4a6e-81ce-27fbcffaf652@group-88C8CD7CA178: inconsistency entries. Reply:3e49b098-f263-4746-8850-a06a1becd7d6<-331de3d1-09e8-4a6e-81ce-27fbcffaf652#4:FAIL-t2,INCONSISTENCY,nextIndex=0,followerCommit=-1
2021-10-13 10:11:45,082 [grpc-default-executor-1] INFO  server.RaftServer$Division (RaftServerImpl.java:installSnapshot(1340)) - 331de3d1-09e8-4a6e-81ce-27fbcffaf652@group-88C8CD7CA178: reply installSnapshot: 3e49b098-f263-4746-8850-a06a1becd7d6<-331de3d1-09e8-4a6e-81ce-27fbcffaf652#0:FAIL-t2,IN_PROGRESS
2021-10-13 10:11:45,082 [grpc-default-executor-1] INFO  server.GrpcServerProtocolService (GrpcServerProtocolService.java:onCompleted(140)) - 331de3d1-09e8-4a6e-81ce-27fbcffaf652: Completed INSTALL_SNAPSHOT, lastRequest: 3e49b098-f263-4746-8850-a06a1becd7d6->331de3d1-09e8-4a6e-81ce-27fbcffaf652#0-t2,notify:(t:2, i:1)
2021-10-13 10:11:45,083 [grpc-default-executor-3] INFO  leader.FollowerInfo (FollowerInfoImpl.java:lambda$new$0(46)) - 3e49b098-f263-4746-8850-a06a1becd7d6@group-88C8CD7CA178->331de3d1-09e8-4a6e-81ce-27fbcffaf652: nextIndex: updateUnconditionally 0 -> 0
2021-10-13 10:11:45,088 [grpc-default-executor-2] INFO  server.GrpcLogAppender (GrpcLogAppender.java:onNext(400)) - 3e49b098-f263-4746-8850-a06a1becd7d6@group-88C8CD7CA178->331de3d1-09e8-4a6e-81ce-27fbcffaf652-InstallSnapshotResponseHandler: received a reply 3e49b098-f263-4746-8850-a06a1becd7d6<-331de3d1-09e8-4a6e-81ce-27fbcffaf652#0:FAIL-t2,IN_PROGRESS
2021-10-13 10:11:45,088 [grpc-default-executor-2] INFO  server.GrpcLogAppender (GrpcLogAppender.java:onNext(417)) - 3e49b098-f263-4746-8850-a06a1becd7d6@group-88C8CD7CA178->331de3d1-09e8-4a6e-81ce-27fbcffaf652-InstallSnapshotResponseHandler: InstallSnapshot in progress.
2021-10-13 10:11:45,082 [grpc-default-executor-0] INFO  db.RDBCheckpointManager (RDBCheckpointManager.java:createCheckpoint(86)) - Created checkpoint at /home/runner/work/ozone/ozone/hadoop-ozone/integration-test/target/test-dir/MiniOzoneClusterImpl-7a3c196b-86f6-4848-923d-88c8cd7ca178/scmNode-1/db.checkpoints/scm.db_checkpoint_1634119905070 in 12 milliseconds
2021-10-13 10:11:45,091 [3e49b098-f263-4746-8850-a06a1becd7d6@group-88C8CD7CA178->331de3d1-09e8-4a6e-81ce-27fbcffaf652-GrpcLogAppender-LogAppenderDaemon] INFO  server.GrpcLogAppender (GrpcLogAppender.java:installSnapshot(524)) - 3e49b098-f263-4746-8850-a06a1becd7d6@group-88C8CD7CA178->331de3d1-09e8-4a6e-81ce-27fbcffaf652-GrpcLogAppender: followerNextIndex = 0 but logStartIndex = 1, notify follower to install snapshot-(t:2, i:1)
2021-10-13 10:11:45,091 [3e49b098-f263-4746-8850-a06a1becd7d6@group-88C8CD7CA178->331de3d1-09e8-4a6e-81ce-27fbcffaf652-GrpcLogAppender-LogAppenderDaemon] INFO  server.GrpcLogAppender (GrpcLogAppender.java:installSnapshot(532)) - 3e49b098-f263-4746-8850-a06a1becd7d6@group-88C8CD7CA178->331de3d1-09e8-4a6e-81ce-27fbcffaf652-GrpcLogAppender: send 3e49b098-f263-4746-8850-a06a1becd7d6->331de3d1-09e8-4a6e-81ce-27fbcffaf652#0-t2,notify:(t:2, i:1)
2021-10-13 10:11:45,093 [grpc-default-executor-0] INFO  ha.SCMGrpcOutputStream (SCMGrpcOutputStream.java:close(111)) - Sent 6061 bytes for cluster 7a3c196b-86f6-4848-923d-88c8cd7ca178
2021-10-13 10:11:45,094 [grpc-default-executor-0] INFO  ha.SCMDBCheckpointProvider (SCMDBCheckpointProvider.java:writeDBCheckPointToSream(73)) - Time taken to write the checkpoint to response output stream: 5 milliseconds
2021-10-13 10:11:45,094 [grpc-default-executor-0] INFO  db.RocksDBCheckpoint (RocksDBCheckpoint.java:cleanupCheckpoint(78)) - Cleaning up RocksDB checkpoint at /home/runner/work/ozone/ozone/hadoop-ozone/integration-test/target/test-dir/MiniOzoneClusterImpl-7a3c196b-86f6-4848-923d-88c8cd7ca178/scmNode-1/db.checkpoints/scm.db_checkpoint_1634119905070
2021-10-13 10:11:45,096 [grpc-default-executor-1] INFO  server.RaftServer$Division (RaftServerImpl.java:checkInconsistentAppendEntries(1293)) - 331de3d1-09e8-4a6e-81ce-27fbcffaf652@group-88C8CD7CA178: Failed appendEntries as snapshot ((t:2, i:1)) installation is in progress
2021-10-13 10:11:45,097 [grpc-default-executor-1] INFO  server.RaftServer$Division (RaftServerImpl.java:checkInconsistentAppendEntries(1285)) - 331de3d1-09e8-4a6e-81ce-27fbcffaf652@group-88C8CD7CA178: inconsistency entries. Reply:3e49b098-f263-4746-8850-a06a1becd7d6<-331de3d1-09e8-4a6e-81ce-27fbcffaf652#5:FAIL-t2,INCONSISTENCY,nextIndex=0,followerCommit=-1
2021-10-13 10:11:45,103 [grpc-default-executor-2] INFO  leader.FollowerInfo (FollowerInfoImpl.java:lambda$new$0(46)) - 3e49b098-f263-4746-8850-a06a1becd7d6@group-88C8CD7CA178->331de3d1-09e8-4a6e-81ce-27fbcffaf652: nextIndex: updateUnconditionally 0 -> 0
2021-10-13 10:11:45,103 [grpc-default-executor-0] INFO  server.RaftServer$Division (RaftServerImpl.java:installSnapshot(1329)) - 331de3d1-09e8-4a6e-81ce-27fbcffaf652@group-88C8CD7CA178: receive installSnapshot: 3e49b098-f263-4746-8850-a06a1becd7d6->331de3d1-09e8-4a6e-81ce-27fbcffaf652#0-t2,notify:(t:2, i:1)
2021-10-13 10:11:45,103 [grpc-default-executor-0] INFO  server.RaftServer$Division (RaftServerImpl.java:notifyStateMachineToInstallSnapshot(1611)) - 331de3d1-09e8-4a6e-81ce-27fbcffaf652@group-88C8CD7CA178: Snapshot Installation by StateMachine is in progress.
2021-10-13 10:11:45,103 [grpc-default-executor-0] INFO  server.RaftServer$Division (RaftServerImpl.java:installSnapshotImpl(1459)) - 331de3d1-09e8-4a6e-81ce-27fbcffaf652@group-88C8CD7CA178: set new configuration index: 5
configurationEntry {
  peers {
    id: "3e49b098-f263-4746-8850-a06a1becd7d6"
    address: "localhost:14236"
  }
  peers {
    id: "f92345f7-de12-4b3d-8fd2-3689378a4141"
    address: "localhost:14246"
  }
}
 from snapshot
2021-10-13 10:11:45,104 [grpc-default-executor-0] INFO  server.RaftServer$Division (ServerState.java:setRaftConf(387)) - 331de3d1-09e8-4a6e-81ce-27fbcffaf652@group-88C8CD7CA178: set configuration 5: [3e49b098-f263-4746-8850-a06a1becd7d6|rpc:localhost:14236|admin:|client:|dataStream:|priority:0, f92345f7-de12-4b3d-8fd2-3689378a4141|rpc:localhost:14246|admin:|client:|dataStream:|priority:0], old=null
2021-10-13 10:11:45,104 [grpc-default-executor-0] INFO  server.RaftServer$Division (RaftServerImpl.java:installSnapshot(1340)) - 331de3d1-09e8-4a6e-81ce-27fbcffaf652@group-88C8CD7CA178: reply installSnapshot: 3e49b098-f263-4746-8850-a06a1becd7d6<-331de3d1-09e8-4a6e-81ce-27fbcffaf652#0:FAIL-t2,IN_PROGRESS
2021-10-13 10:11:45,112 [grpc-default-executor-2] INFO  server.GrpcLogAppender (GrpcLogAppender.java:onNext(400)) - 3e49b098-f263-4746-8850-a06a1becd7d6@group-88C8CD7CA178->331de3d1-09e8-4a6e-81ce-27fbcffaf652-InstallSnapshotResponseHandler: received a reply 3e49b098-f263-4746-8850-a06a1becd7d6<-331de3d1-09e8-4a6e-81ce-27fbcffaf652#0:FAIL-t2,IN_PROGRESS
2021-10-13 10:11:45,112 [grpc-default-executor-2] INFO  server.GrpcLogAppender (GrpcLogAppender.java:onNext(417)) - 3e49b098-f263-4746-8850-a06a1becd7d6@group-88C8CD7CA178->331de3d1-09e8-4a6e-81ce-27fbcffaf652-InstallSnapshotResponseHandler: InstallSnapshot in progress.
2021-10-13 10:11:45,116 [grpc-default-executor-0] INFO  server.GrpcServerProtocolService (GrpcServerProtocolService.java:onCompleted(140)) - 331de3d1-09e8-4a6e-81ce-27fbcffaf652: Completed INSTALL_SNAPSHOT, lastRequest: 3e49b098-f263-4746-8850-a06a1becd7d6->331de3d1-09e8-4a6e-81ce-27fbcffaf652#0-t2,notify:(t:2, i:1)
2021-10-13 10:11:45,121 [3e49b098-f263-4746-8850-a06a1becd7d6@group-88C8CD7CA178->331de3d1-09e8-4a6e-81ce-27fbcffaf652-GrpcLogAppender-LogAppenderDaemon] INFO  server.GrpcLogAppender (GrpcLogAppender.java:installSnapshot(524)) - 3e49b098-f263-4746-8850-a06a1becd7d6@group-88C8CD7CA178->331de3d1-09e8-4a6e-81ce-27fbcffaf652-GrpcLogAppender: followerNextIndex = 0 but logStartIndex = 1, notify follower to install snapshot-(t:2, i:1)
2021-10-13 10:11:45,121 [3e49b098-f263-4746-8850-a06a1becd7d6@group-88C8CD7CA178->331de3d1-09e8-4a6e-81ce-27fbcffaf652-GrpcLogAppender-LogAppenderDaemon] INFO  server.GrpcLogAppender (GrpcLogAppender.java:installSnapshot(532)) - 3e49b098-f263-4746-8850-a06a1becd7d6@group-88C8CD7CA178->331de3d1-09e8-4a6e-81ce-27fbcffaf652-GrpcLogAppender: send 3e49b098-f263-4746-8850-a06a1becd7d6->331de3d1-09e8-4a6e-81ce-27fbcffaf652#0-t2,notify:(t:2, i:1)
2021-10-13 10:11:45,122 [grpc-default-executor-3] INFO  server.RaftServer$Division (RaftServerImpl.java:checkInconsistentAppendEntries(1293)) - 331de3d1-09e8-4a6e-81ce-27fbcffaf652@group-88C8CD7CA178: Failed appendEntries as snapshot ((t:2, i:1)) installation is in progress
2021-10-13 10:11:45,122 [grpc-default-executor-3] INFO  server.RaftServer$Division (RaftServerImpl.java:checkInconsistentAppendEntries(1285)) - 331de3d1-09e8-4a6e-81ce-27fbcffaf652@group-88C8CD7CA178: inconsistency entries. Reply:3e49b098-f263-4746-8850-a06a1becd7d6<-331de3d1-09e8-4a6e-81ce-27fbcffaf652#6:FAIL-t2,INCONSISTENCY,nextIndex=0,followerCommit=-1
2021-10-13 10:11:45,122 [grpc-default-executor-2] INFO  server.RaftServer$Division (RaftServerImpl.java:installSnapshot(1329)) - 331de3d1-09e8-4a6e-81ce-27fbcffaf652@group-88C8CD7CA178: receive installSnapshot: 3e49b098-f263-4746-8850-a06a1becd7d6->331de3d1-09e8-4a6e-81ce-27fbcffaf652#0-t2,notify:(t:2, i:1)
2021-10-13 10:11:45,123 [grpc-default-executor-2] INFO  server.RaftServer$Division (RaftServerImpl.java:notifyStateMachineToInstallSnapshot(1611)) - 331de3d1-09e8-4a6e-81ce-27fbcffaf652@group-88C8CD7CA178: Snapshot Installation by StateMachine is in progress.
2021-10-13 10:11:45,123 [grpc-default-executor-2] INFO  server.RaftServer$Division (RaftServerImpl.java:installSnapshotImpl(1459)) - 331de3d1-09e8-4a6e-81ce-27fbcffaf652@group-88C8CD7CA178: set new configuration index: 5
configurationEntry {
  peers {
    id: "3e49b098-f263-4746-8850-a06a1becd7d6"
    address: "localhost:14236"
  }
  peers {
    id: "f92345f7-de12-4b3d-8fd2-3689378a4141"
    address: "localhost:14246"
  }
}
 from snapshot
2021-10-13 10:11:45,123 [grpc-default-executor-2] INFO  server.RaftServer$Division (ServerState.java:setRaftConf(387)) - 331de3d1-09e8-4a6e-81ce-27fbcffaf652@group-88C8CD7CA178: set configuration 5: [3e49b098-f263-4746-8850-a06a1becd7d6|rpc:localhost:14236|admin:|client:|dataStream:|priority:0, f92345f7-de12-4b3d-8fd2-3689378a4141|rpc:localhost:14246|admin:|client:|dataStream:|priority:0], old=null
2021-10-13 10:11:45,123 [grpc-default-executor-2] INFO  server.RaftServer$Division (RaftServerImpl.java:installSnapshot(1340)) - 331de3d1-09e8-4a6e-81ce-27fbcffaf652@group-88C8CD7CA178: reply installSnapshot: 3e49b098-f263-4746-8850-a06a1becd7d6<-331de3d1-09e8-4a6e-81ce-27fbcffaf652#0:FAIL-t2,IN_PROGRESS
2021-10-13 10:11:45,123 [grpc-default-executor-2] INFO  server.GrpcServerProtocolService (GrpcServerProtocolService.java:onCompleted(140)) - 331de3d1-09e8-4a6e-81ce-27fbcffaf652: Completed INSTALL_SNAPSHOT, lastRequest: 3e49b098-f263-4746-8850-a06a1becd7d6->331de3d1-09e8-4a6e-81ce-27fbcffaf652#0-t2,notify:(t:2, i:1)
2021-10-13 10:11:45,124 [grpc-default-executor-3] INFO  server.GrpcLogAppender (GrpcLogAppender.java:onNext(400)) - 3e49b098-f263-4746-8850-a06a1becd7d6@group-88C8CD7CA178->331de3d1-09e8-4a6e-81ce-27fbcffaf652-InstallSnapshotResponseHandler: received a reply 3e49b098-f263-4746-8850-a06a1becd7d6<-331de3d1-09e8-4a6e-81ce-27fbcffaf652#0:FAIL-t2,IN_PROGRESS
2021-10-13 10:11:45,124 [grpc-default-executor-3] INFO  server.GrpcLogAppender (GrpcLogAppender.java:onNext(417)) - 3e49b098-f263-4746-8850-a06a1becd7d6@group-88C8CD7CA178->331de3d1-09e8-4a6e-81ce-27fbcffaf652-InstallSnapshotResponseHandler: InstallSnapshot in progress.
2021-10-13 10:11:45,124 [grpc-default-executor-2] INFO  leader.FollowerInfo (FollowerInfoImpl.java:lambda$new$0(46)) - 3e49b098-f263-4746-8850-a06a1becd7d6@group-88C8CD7CA178->331de3d1-09e8-4a6e-81ce-27fbcffaf652: nextIndex: updateUnconditionally 0 -> 0
2021-10-13 10:11:45,121 [grpc-default-executor-1] INFO  ha.InterSCMGrpcClient (InterSCMGrpcClient.java:onCompleted(173)) - Checkpoint is downloaded to /home/runner/work/ozone/ozone/hadoop-ozone/integration-test/target/test-dir/MiniOzoneClusterImpl-7a3c196b-86f6-4848-923d-88c8cd7ca178/scmNode-3/snapshot/scm.db-scmNode-1-1634119905020.tar.gz
2021-10-13 10:11:45,126 [3e49b098-f263-4746-8850-a06a1becd7d6@group-88C8CD7CA178->331de3d1-09e8-4a6e-81ce-27fbcffaf652-GrpcLogAppender-LogAppenderDaemon] INFO  server.GrpcLogAppender (GrpcLogAppender.java:installSnapshot(524)) - 3e49b098-f263-4746-8850-a06a1becd7d6@group-88C8CD7CA178->331de3d1-09e8-4a6e-81ce-27fbcffaf652-GrpcLogAppender: followerNextIndex = 0 but logStartIndex = 1, notify follower to install snapshot-(t:2, i:1)
2021-10-13 10:11:45,126 [3e49b098-f263-4746-8850-a06a1becd7d6@group-88C8CD7CA178->331de3d1-09e8-4a6e-81ce-27fbcffaf652-GrpcLogAppender-LogAppenderDaemon] INFO  server.GrpcLogAppender (GrpcLogAppender.java:installSnapshot(532)) - 3e49b098-f263-4746-8850-a06a1becd7d6@group-88C8CD7CA178->331de3d1-09e8-4a6e-81ce-27fbcffaf652-GrpcLogAppender: send 3e49b098-f263-4746-8850-a06a1becd7d6->331de3d1-09e8-4a6e-81ce-27fbcffaf652#0-t2,notify:(t:2, i:1)
2021-10-13 10:11:45,131 [grpc-default-executor-1] INFO  server.RaftServer$Division (RaftServerImpl.java:checkInconsistentAppendEntries(1293)) - 331de3d1-09e8-4a6e-81ce-27fbcffaf652@group-88C8CD7CA178: Failed appendEntries as snapshot ((t:2, i:1)) installation is in progress
2021-10-13 10:11:45,131 [grpc-default-executor-1] INFO  server.RaftServer$Division (RaftServerImpl.java:checkInconsistentAppendEntries(1285)) - 331de3d1-09e8-4a6e-81ce-27fbcffaf652@group-88C8CD7CA178: inconsistency entries. Reply:3e49b098-f263-4746-8850-a06a1becd7d6<-331de3d1-09e8-4a6e-81ce-27fbcffaf652#7:FAIL-t2,INCONSISTENCY,nextIndex=0,followerCommit=-1
2021-10-13 10:11:45,131 [grpc-default-executor-3] INFO  server.RaftServer$Division (RaftServerImpl.java:installSnapshot(1329)) - 331de3d1-09e8-4a6e-81ce-27fbcffaf652@group-88C8CD7CA178: receive installSnapshot: 3e49b098-f263-4746-8850-a06a1becd7d6->331de3d1-09e8-4a6e-81ce-27fbcffaf652#0-t2,notify:(t:2, i:1)
2021-10-13 10:11:45,131 [grpc-default-executor-3] INFO  server.RaftServer$Division (RaftServerImpl.java:notifyStateMachineToInstallSnapshot(1611)) - 331de3d1-09e8-4a6e-81ce-27fbcffaf652@group-88C8CD7CA178: Snapshot Installation by StateMachine is in progress.
2021-10-13 10:11:45,132 [grpc-default-executor-3] INFO  server.RaftServer$Division (RaftServerImpl.java:installSnapshotImpl(1459)) - 331de3d1-09e8-4a6e-81ce-27fbcffaf652@group-88C8CD7CA178: set new configuration index: 5
configurationEntry {
  peers {
    id: "3e49b098-f263-4746-8850-a06a1becd7d6"
    address: "localhost:14236"
  }
  peers {
    id: "f92345f7-de12-4b3d-8fd2-3689378a4141"
    address: "localhost:14246"
  }
}
 from snapshot
2021-10-13 10:11:45,132 [grpc-default-executor-3] INFO  server.RaftServer$Division (ServerState.java:setRaftConf(387)) - 331de3d1-09e8-4a6e-81ce-27fbcffaf652@group-88C8CD7CA178: set configuration 5: [3e49b098-f263-4746-8850-a06a1becd7d6|rpc:localhost:14236|admin:|client:|dataStream:|priority:0, f92345f7-de12-4b3d-8fd2-3689378a4141|rpc:localhost:14246|admin:|client:|dataStream:|priority:0], old=null
2021-10-13 10:11:45,132 [grpc-default-executor-1] INFO  leader.FollowerInfo (FollowerInfoImpl.java:lambda$new$0(46)) - 3e49b098-f263-4746-8850-a06a1becd7d6@group-88C8CD7CA178->331de3d1-09e8-4a6e-81ce-27fbcffaf652: nextIndex: updateUnconditionally 0 -> 0
2021-10-13 10:11:45,133 [grpc-default-executor-3] INFO  server.RaftServer$Division (RaftServerImpl.java:installSnapshot(1340)) - 331de3d1-09e8-4a6e-81ce-27fbcffaf652@group-88C8CD7CA178: reply installSnapshot: 3e49b098-f263-4746-8850-a06a1becd7d6<-331de3d1-09e8-4a6e-81ce-27fbcffaf652#0:FAIL-t2,IN_PROGRESS
2021-10-13 10:11:45,133 [grpc-default-executor-3] INFO  server.GrpcServerProtocolService (GrpcServerProtocolService.java:onCompleted(140)) - 331de3d1-09e8-4a6e-81ce-27fbcffaf652: Completed INSTALL_SNAPSHOT, lastRequest: 3e49b098-f263-4746-8850-a06a1becd7d6->331de3d1-09e8-4a6e-81ce-27fbcffaf652#0-t2,notify:(t:2, i:1)
2021-10-13 10:11:45,134 [grpc-default-executor-1] INFO  server.GrpcLogAppender (GrpcLogAppender.java:onNext(400)) - 3e49b098-f263-4746-8850-a06a1becd7d6@group-88C8CD7CA178->331de3d1-09e8-4a6e-81ce-27fbcffaf652-InstallSnapshotResponseHandler: received a reply 3e49b098-f263-4746-8850-a06a1becd7d6<-331de3d1-09e8-4a6e-81ce-27fbcffaf652#0:FAIL-t2,IN_PROGRESS
2021-10-13 10:11:45,134 [grpc-default-executor-1] INFO  server.GrpcLogAppender (GrpcLogAppender.java:onNext(417)) - 3e49b098-f263-4746-8850-a06a1becd7d6@group-88C8CD7CA178->331de3d1-09e8-4a6e-81ce-27fbcffaf652-InstallSnapshotResponseHandler: InstallSnapshot in progress.
2021-10-13 10:11:45,144 [3e49b098-f263-4746-8850-a06a1becd7d6@group-88C8CD7CA178->331de3d1-09e8-4a6e-81ce-27fbcffaf652-GrpcLogAppender-LogAppenderDaemon] INFO  server.GrpcLogAppender (GrpcLogAppender.java:installSnapshot(524)) - 3e49b098-f263-4746-8850-a06a1becd7d6@group-88C8CD7CA178->331de3d1-09e8-4a6e-81ce-27fbcffaf652-GrpcLogAppender: followerNextIndex = 0 but logStartIndex = 1, notify follower to install snapshot-(t:2, i:1)
2021-10-13 10:11:45,144 [3e49b098-f263-4746-8850-a06a1becd7d6@group-88C8CD7CA178->331de3d1-09e8-4a6e-81ce-27fbcffaf652-GrpcLogAppender-LogAppenderDaemon] INFO  server.GrpcLogAppender (GrpcLogAppender.java:installSnapshot(532)) - 3e49b098-f263-4746-8850-a06a1becd7d6@group-88C8CD7CA178->331de3d1-09e8-4a6e-81ce-27fbcffaf652-GrpcLogAppender: send 3e49b098-f263-4746-8850-a06a1becd7d6->331de3d1-09e8-4a6e-81ce-27fbcffaf652#0-t2,notify:(t:2, i:1)
2021-10-13 10:11:45,145 [grpc-default-executor-3] INFO  server.RaftServer$Division (RaftServerImpl.java:checkInconsistentAppendEntries(1293)) - 331de3d1-09e8-4a6e-81ce-27fbcffaf652@group-88C8CD7CA178: Failed appendEntries as snapshot ((t:2, i:1)) installation is in progress
2021-10-13 10:11:45,145 [grpc-default-executor-3] INFO  server.RaftServer$Division (RaftServerImpl.java:checkInconsistentAppendEntries(1285)) - 331de3d1-09e8-4a6e-81ce-27fbcffaf652@group-88C8CD7CA178: inconsistency entries. Reply:3e49b098-f263-4746-8850-a06a1becd7d6<-331de3d1-09e8-4a6e-81ce-27fbcffaf652#8:FAIL-t2,INCONSISTENCY,nextIndex=0,followerCommit=-1
2021-10-13 10:11:45,146 [grpc-default-executor-1] INFO  leader.FollowerInfo (FollowerInfoImpl.java:lambda$new$0(46)) - 3e49b098-f263-4746-8850-a06a1becd7d6@group-88C8CD7CA178->331de3d1-09e8-4a6e-81ce-27fbcffaf652: nextIndex: updateUnconditionally 0 -> 0
2021-10-13 10:11:45,146 [grpc-default-executor-3] INFO  server.RaftServer$Division (RaftServerImpl.java:installSnapshot(1329)) - 331de3d1-09e8-4a6e-81ce-27fbcffaf652@group-88C8CD7CA178: receive installSnapshot: 3e49b098-f263-4746-8850-a06a1becd7d6->331de3d1-09e8-4a6e-81ce-27fbcffaf652#0-t2,notify:(t:2, i:1)
2021-10-13 10:11:45,146 [grpc-default-executor-3] INFO  server.RaftServer$Division (RaftServerImpl.java:notifyStateMachineToInstallSnapshot(1611)) - 331de3d1-09e8-4a6e-81ce-27fbcffaf652@group-88C8CD7CA178: Snapshot Installation by StateMachine is in progress.
2021-10-13 10:11:45,146 [grpc-default-executor-3] INFO  server.RaftServer$Division (RaftServerImpl.java:installSnapshotImpl(1459)) - 331de3d1-09e8-4a6e-81ce-27fbcffaf652@group-88C8CD7CA178: set new configuration index: 5
configurationEntry {
  peers {
    id: "3e49b098-f263-4746-8850-a06a1becd7d6"
    address: "localhost:14236"
  }
  peers {
    id: "f92345f7-de12-4b3d-8fd2-3689378a4141"
    address: "localhost:14246"
  }
}
 from snapshot
2021-10-13 10:11:45,147 [grpc-default-executor-3] INFO  server.RaftServer$Division (ServerState.java:setRaftConf(387)) - 331de3d1-09e8-4a6e-81ce-27fbcffaf652@group-88C8CD7CA178: set configuration 5: [3e49b098-f263-4746-8850-a06a1becd7d6|rpc:localhost:14236|admin:|client:|dataStream:|priority:0, f92345f7-de12-4b3d-8fd2-3689378a4141|rpc:localhost:14246|admin:|client:|dataStream:|priority:0], old=null
2021-10-13 10:11:45,147 [grpc-default-executor-3] INFO  server.RaftServer$Division (RaftServerImpl.java:installSnapshot(1340)) - 331de3d1-09e8-4a6e-81ce-27fbcffaf652@group-88C8CD7CA178: reply installSnapshot: 3e49b098-f263-4746-8850-a06a1becd7d6<-331de3d1-09e8-4a6e-81ce-27fbcffaf652#0:FAIL-t2,IN_PROGRESS
2021-10-13 10:11:45,147 [grpc-default-executor-3] INFO  server.GrpcServerProtocolService (GrpcServerProtocolService.java:onCompleted(140)) - 331de3d1-09e8-4a6e-81ce-27fbcffaf652: Completed INSTALL_SNAPSHOT, lastRequest: 3e49b098-f263-4746-8850-a06a1becd7d6->331de3d1-09e8-4a6e-81ce-27fbcffaf652#0-t2,notify:(t:2, i:1)
2021-10-13 10:11:45,148 [grpc-default-executor-1] INFO  server.GrpcLogAppender (GrpcLogAppender.java:onNext(400)) - 3e49b098-f263-4746-8850-a06a1becd7d6@group-88C8CD7CA178->331de3d1-09e8-4a6e-81ce-27fbcffaf652-InstallSnapshotResponseHandler: received a reply 3e49b098-f263-4746-8850-a06a1becd7d6<-331de3d1-09e8-4a6e-81ce-27fbcffaf652#0:FAIL-t2,IN_PROGRESS
2021-10-13 10:11:45,148 [grpc-default-executor-1] INFO  server.GrpcLogAppender (GrpcLogAppender.java:onNext(417)) - 3e49b098-f263-4746-8850-a06a1becd7d6@group-88C8CD7CA178->331de3d1-09e8-4a6e-81ce-27fbcffaf652-InstallSnapshotResponseHandler: InstallSnapshot in progress.
2021-10-13 10:11:45,152 [3e49b098-f263-4746-8850-a06a1becd7d6@group-88C8CD7CA178->331de3d1-09e8-4a6e-81ce-27fbcffaf652-GrpcLogAppender-LogAppenderDaemon] INFO  server.GrpcLogAppender (GrpcLogAppender.java:installSnapshot(524)) - 3e49b098-f263-4746-8850-a06a1becd7d6@group-88C8CD7CA178->331de3d1-09e8-4a6e-81ce-27fbcffaf652-GrpcLogAppender: followerNextIndex = 0 but logStartIndex = 1, notify follower to install snapshot-(t:2, i:1)
2021-10-13 10:11:45,152 [3e49b098-f263-4746-8850-a06a1becd7d6@group-88C8CD7CA178->331de3d1-09e8-4a6e-81ce-27fbcffaf652-GrpcLogAppender-LogAppenderDaemon] INFO  server.GrpcLogAppender (GrpcLogAppender.java:installSnapshot(532)) - 3e49b098-f263-4746-8850-a06a1becd7d6@group-88C8CD7CA178->331de3d1-09e8-4a6e-81ce-27fbcffaf652-GrpcLogAppender: send 3e49b098-f263-4746-8850-a06a1becd7d6->331de3d1-09e8-4a6e-81ce-27fbcffaf652#0-t2,notify:(t:2, i:1)
2021-10-13 10:11:45,167 [grpc-default-executor-2] INFO  server.RaftServer$Division (RaftServerImpl.java:checkInconsistentAppendEntries(1293)) - 331de3d1-09e8-4a6e-81ce-27fbcffaf652@group-88C8CD7CA178: Failed appendEntries as snapshot ((t:2, i:1)) installation is in progress
2021-10-13 10:11:45,168 [grpc-default-executor-2] INFO  server.RaftServer$Division (RaftServerImpl.java:checkInconsistentAppendEntries(1285)) - 331de3d1-09e8-4a6e-81ce-27fbcffaf652@group-88C8CD7CA178: inconsistency entries. Reply:3e49b098-f263-4746-8850-a06a1becd7d6<-331de3d1-09e8-4a6e-81ce-27fbcffaf652#9:FAIL-t2,INCONSISTENCY,nextIndex=0,followerCommit=-1
2021-10-13 10:11:45,168 [grpc-default-executor-2] INFO  server.RaftServer$Division (RaftServerImpl.java:installSnapshot(1329)) - 331de3d1-09e8-4a6e-81ce-27fbcffaf652@group-88C8CD7CA178: receive installSnapshot: 3e49b098-f263-4746-8850-a06a1becd7d6->331de3d1-09e8-4a6e-81ce-27fbcffaf652#0-t2,notify:(t:2, i:1)
2021-10-13 10:11:45,168 [grpc-default-executor-2] INFO  server.RaftServer$Division (RaftServerImpl.java:notifyStateMachineToInstallSnapshot(1611)) - 331de3d1-09e8-4a6e-81ce-27fbcffaf652@group-88C8CD7CA178: Snapshot Installation by StateMachine is in progress.
2021-10-13 10:11:45,168 [grpc-default-executor-2] INFO  server.RaftServer$Division (RaftServerImpl.java:installSnapshotImpl(1459)) - 331de3d1-09e8-4a6e-81ce-27fbcffaf652@group-88C8CD7CA178: set new configuration index: 5
configurationEntry {
  peers {
    id: "3e49b098-f263-4746-8850-a06a1becd7d6"
    address: "localhost:14236"
  }
  peers {
    id: "f92345f7-de12-4b3d-8fd2-3689378a4141"
    address: "localhost:14246"
  }
}
 from snapshot
2021-10-13 10:11:45,168 [grpc-default-executor-2] INFO  server.RaftServer$Division (ServerState.java:setRaftConf(387)) - 331de3d1-09e8-4a6e-81ce-27fbcffaf652@group-88C8CD7CA178: set configuration 5: [3e49b098-f263-4746-8850-a06a1becd7d6|rpc:localhost:14236|admin:|client:|dataStream:|priority:0, f92345f7-de12-4b3d-8fd2-3689378a4141|rpc:localhost:14246|admin:|client:|dataStream:|priority:0], old=null
2021-10-13 10:11:45,169 [grpc-default-executor-2] INFO  server.RaftServer$Division (RaftServerImpl.java:installSnapshot(1340)) - 331de3d1-09e8-4a6e-81ce-27fbcffaf652@group-88C8CD7CA178: reply installSnapshot: 3e49b098-f263-4746-8850-a06a1becd7d6<-331de3d1-09e8-4a6e-81ce-27fbcffaf652#0:FAIL-t2,IN_PROGRESS
2021-10-13 10:11:45,169 [grpc-default-executor-2] INFO  server.GrpcServerProtocolService (GrpcServerProtocolService.java:onCompleted(140)) - 331de3d1-09e8-4a6e-81ce-27fbcffaf652: Completed INSTALL_SNAPSHOT, lastRequest: 3e49b098-f263-4746-8850-a06a1becd7d6->331de3d1-09e8-4a6e-81ce-27fbcffaf652#0-t2,notify:(t:2, i:1)
2021-10-13 10:11:45,169 [grpc-default-executor-3] INFO  leader.FollowerInfo (FollowerInfoImpl.java:lambda$new$0(46)) - 3e49b098-f263-4746-8850-a06a1becd7d6@group-88C8CD7CA178->331de3d1-09e8-4a6e-81ce-27fbcffaf652: nextIndex: updateUnconditionally 0 -> 0
2021-10-13 10:11:45,170 [grpc-default-executor-3] INFO  server.GrpcLogAppender (GrpcLogAppender.java:onNext(400)) - 3e49b098-f263-4746-8850-a06a1becd7d6@group-88C8CD7CA178->331de3d1-09e8-4a6e-81ce-27fbcffaf652-InstallSnapshotResponseHandler: received a reply 3e49b098-f263-4746-8850-a06a1becd7d6<-331de3d1-09e8-4a6e-81ce-27fbcffaf652#0:FAIL-t2,IN_PROGRESS
2021-10-13 10:11:45,170 [grpc-default-executor-3] INFO  server.GrpcLogAppender (GrpcLogAppender.java:onNext(417)) - 3e49b098-f263-4746-8850-a06a1becd7d6@group-88C8CD7CA178->331de3d1-09e8-4a6e-81ce-27fbcffaf652-InstallSnapshotResponseHandler: InstallSnapshot in progress.
2021-10-13 10:11:45,173 [3e49b098-f263-4746-8850-a06a1becd7d6@group-88C8CD7CA178->331de3d1-09e8-4a6e-81ce-27fbcffaf652-GrpcLogAppender-LogAppenderDaemon] INFO  server.GrpcLogAppender (GrpcLogAppender.java:installSnapshot(524)) - 3e49b098-f263-4746-8850-a06a1becd7d6@group-88C8CD7CA178->331de3d1-09e8-4a6e-81ce-27fbcffaf652-GrpcLogAppender: followerNextIndex = 0 but logStartIndex = 1, notify follower to install snapshot-(t:2, i:1)
2021-10-13 10:11:45,173 [3e49b098-f263-4746-8850-a06a1becd7d6@group-88C8CD7CA178->331de3d1-09e8-4a6e-81ce-27fbcffaf652-GrpcLogAppender-LogAppenderDaemon] INFO  server.GrpcLogAppender (GrpcLogAppender.java:installSnapshot(532)) - 3e49b098-f263-4746-8850-a06a1becd7d6@group-88C8CD7CA178->331de3d1-09e8-4a6e-81ce-27fbcffaf652-GrpcLogAppender: send 3e49b098-f263-4746-8850-a06a1becd7d6->331de3d1-09e8-4a6e-81ce-27fbcffaf652#0-t2,notify:(t:2, i:1)
2021-10-13 10:11:45,174 [grpc-default-executor-3] INFO  server.RaftServer$Division (RaftServerImpl.java:installSnapshot(1329)) - 331de3d1-09e8-4a6e-81ce-27fbcffaf652@group-88C8CD7CA178: receive installSnapshot: 3e49b098-f263-4746-8850-a06a1becd7d6->331de3d1-09e8-4a6e-81ce-27fbcffaf652#0-t2,notify:(t:2, i:1)
2021-10-13 10:11:45,174 [grpc-default-executor-3] INFO  server.RaftServer$Division (RaftServerImpl.java:notifyStateMachineToInstallSnapshot(1611)) - 331de3d1-09e8-4a6e-81ce-27fbcffaf652@group-88C8CD7CA178: Snapshot Installation by StateMachine is in progress.
2021-10-13 10:11:45,174 [grpc-default-executor-3] INFO  server.RaftServer$Division (RaftServerImpl.java:installSnapshotImpl(1459)) - 331de3d1-09e8-4a6e-81ce-27fbcffaf652@group-88C8CD7CA178: set new configuration index: 5
configurationEntry {
  peers {
    id: "3e49b098-f263-4746-8850-a06a1becd7d6"
    address: "localhost:14236"
  }
  peers {
    id: "f92345f7-de12-4b3d-8fd2-3689378a4141"
    address: "localhost:14246"
  }
}
 from snapshot
2021-10-13 10:11:45,174 [grpc-default-executor-3] INFO  server.RaftServer$Division (ServerState.java:setRaftConf(387)) - 331de3d1-09e8-4a6e-81ce-27fbcffaf652@group-88C8CD7CA178: set configuration 5: [3e49b098-f263-4746-8850-a06a1becd7d6|rpc:localhost:14236|admin:|client:|dataStream:|priority:0, f92345f7-de12-4b3d-8fd2-3689378a4141|rpc:localhost:14246|admin:|client:|dataStream:|priority:0], old=null
2021-10-13 10:11:45,174 [grpc-default-executor-3] INFO  server.RaftServer$Division (RaftServerImpl.java:installSnapshot(1340)) - 331de3d1-09e8-4a6e-81ce-27fbcffaf652@group-88C8CD7CA178: reply installSnapshot: 3e49b098-f263-4746-8850-a06a1becd7d6<-331de3d1-09e8-4a6e-81ce-27fbcffaf652#0:FAIL-t2,IN_PROGRESS
2021-10-13 10:11:45,175 [grpc-default-executor-3] INFO  server.GrpcServerProtocolService (GrpcServerProtocolService.java:onCompleted(140)) - 331de3d1-09e8-4a6e-81ce-27fbcffaf652: Completed INSTALL_SNAPSHOT, lastRequest: 3e49b098-f263-4746-8850-a06a1becd7d6->331de3d1-09e8-4a6e-81ce-27fbcffaf652#0-t2,notify:(t:2, i:1)
2021-10-13 10:11:45,175 [grpc-default-executor-1] INFO  server.GrpcLogAppender (GrpcLogAppender.java:onNext(400)) - 3e49b098-f263-4746-8850-a06a1becd7d6@group-88C8CD7CA178->331de3d1-09e8-4a6e-81ce-27fbcffaf652-InstallSnapshotResponseHandler: received a reply 3e49b098-f263-4746-8850-a06a1becd7d6<-331de3d1-09e8-4a6e-81ce-27fbcffaf652#0:FAIL-t2,IN_PROGRESS
2021-10-13 10:11:45,175 [grpc-default-executor-1] INFO  server.GrpcLogAppender (GrpcLogAppender.java:onNext(417)) - 3e49b098-f263-4746-8850-a06a1becd7d6@group-88C8CD7CA178->331de3d1-09e8-4a6e-81ce-27fbcffaf652-InstallSnapshotResponseHandler: InstallSnapshot in progress.
2021-10-13 10:11:45,177 [3e49b098-f263-4746-8850-a06a1becd7d6@group-88C8CD7CA178->331de3d1-09e8-4a6e-81ce-27fbcffaf652-GrpcLogAppender-LogAppenderDaemon] INFO  server.GrpcLogAppender (GrpcLogAppender.java:installSnapshot(524)) - 3e49b098-f263-4746-8850-a06a1becd7d6@group-88C8CD7CA178->331de3d1-09e8-4a6e-81ce-27fbcffaf652-GrpcLogAppender: followerNextIndex = 0 but logStartIndex = 1, notify follower to install snapshot-(t:2, i:1)
2021-10-13 10:11:45,177 [3e49b098-f263-4746-8850-a06a1becd7d6@group-88C8CD7CA178->331de3d1-09e8-4a6e-81ce-27fbcffaf652-GrpcLogAppender-LogAppenderDaemon] INFO  server.GrpcLogAppender (GrpcLogAppender.java:installSnapshot(532)) - 3e49b098-f263-4746-8850-a06a1becd7d6@group-88C8CD7CA178->331de3d1-09e8-4a6e-81ce-27fbcffaf652-GrpcLogAppender: send 3e49b098-f263-4746-8850-a06a1becd7d6->331de3d1-09e8-4a6e-81ce-27fbcffaf652#0-t2,notify:(t:2, i:1)
2021-10-13 10:11:45,178 [grpc-default-executor-1] INFO  server.RaftServer$Division (RaftServerImpl.java:installSnapshot(1329)) - 331de3d1-09e8-4a6e-81ce-27fbcffaf652@group-88C8CD7CA178: receive installSnapshot: 3e49b098-f263-4746-8850-a06a1becd7d6->331de3d1-09e8-4a6e-81ce-27fbcffaf652#0-t2,notify:(t:2, i:1)
2021-10-13 10:11:45,178 [grpc-default-executor-1] INFO  server.RaftServer$Division (RaftServerImpl.java:notifyStateMachineToInstallSnapshot(1611)) - 331de3d1-09e8-4a6e-81ce-27fbcffaf652@group-88C8CD7CA178: Snapshot Installation by StateMachine is in progress.
2021-10-13 10:11:45,178 [grpc-default-executor-1] INFO  server.RaftServer$Division (RaftServerImpl.java:installSnapshotImpl(1459)) - 331de3d1-09e8-4a6e-81ce-27fbcffaf652@group-88C8CD7CA178: set new configuration index: 5
configurationEntry {
  peers {
    id: "3e49b098-f263-4746-8850-a06a1becd7d6"
    address: "localhost:14236"
  }
  peers {
    id: "f92345f7-de12-4b3d-8fd2-3689378a4141"
    address: "localhost:14246"
  }
}
 from snapshot
2021-10-13 10:11:45,178 [grpc-default-executor-1] INFO  server.RaftServer$Division (ServerState.java:setRaftConf(387)) - 331de3d1-09e8-4a6e-81ce-27fbcffaf652@group-88C8CD7CA178: set configuration 5: [3e49b098-f263-4746-8850-a06a1becd7d6|rpc:localhost:14236|admin:|client:|dataStream:|priority:0, f92345f7-de12-4b3d-8fd2-3689378a4141|rpc:localhost:14246|admin:|client:|dataStream:|priority:0], old=null
2021-10-13 10:11:45,178 [grpc-default-executor-1] INFO  server.RaftServer$Division (RaftServerImpl.java:installSnapshot(1340)) - 331de3d1-09e8-4a6e-81ce-27fbcffaf652@group-88C8CD7CA178: reply installSnapshot: 3e49b098-f263-4746-8850-a06a1becd7d6<-331de3d1-09e8-4a6e-81ce-27fbcffaf652#0:FAIL-t2,IN_PROGRESS
2021-10-13 10:11:45,178 [grpc-default-executor-1] INFO  server.GrpcServerProtocolService (GrpcServerProtocolService.java:onCompleted(140)) - 331de3d1-09e8-4a6e-81ce-27fbcffaf652: Completed INSTALL_SNAPSHOT, lastRequest: 3e49b098-f263-4746-8850-a06a1becd7d6->331de3d1-09e8-4a6e-81ce-27fbcffaf652#0-t2,notify:(t:2, i:1)
2021-10-13 10:11:45,180 [grpc-default-executor-1] INFO  server.GrpcLogAppender (GrpcLogAppender.java:onNext(400)) - 3e49b098-f263-4746-8850-a06a1becd7d6@group-88C8CD7CA178->331de3d1-09e8-4a6e-81ce-27fbcffaf652-InstallSnapshotResponseHandler: received a reply 3e49b098-f263-4746-8850-a06a1becd7d6<-331de3d1-09e8-4a6e-81ce-27fbcffaf652#0:FAIL-t2,IN_PROGRESS
2021-10-13 10:11:45,180 [grpc-default-executor-1] INFO  server.GrpcLogAppender (GrpcLogAppender.java:onNext(417)) - 3e49b098-f263-4746-8850-a06a1becd7d6@group-88C8CD7CA178->331de3d1-09e8-4a6e-81ce-27fbcffaf652-InstallSnapshotResponseHandler: InstallSnapshot in progress.
2021-10-13 10:11:45,182 [3e49b098-f263-4746-8850-a06a1becd7d6@group-88C8CD7CA178->331de3d1-09e8-4a6e-81ce-27fbcffaf652-GrpcLogAppender-LogAppenderDaemon] INFO  server.GrpcLogAppender (GrpcLogAppender.java:installSnapshot(524)) - 3e49b098-f263-4746-8850-a06a1becd7d6@group-88C8CD7CA178->331de3d1-09e8-4a6e-81ce-27fbcffaf652-GrpcLogAppender: followerNextIndex = 0 but logStartIndex = 1, notify follower to install snapshot-(t:2, i:1)
2021-10-13 10:11:45,182 [3e49b098-f263-4746-8850-a06a1becd7d6@group-88C8CD7CA178->331de3d1-09e8-4a6e-81ce-27fbcffaf652-GrpcLogAppender-LogAppenderDaemon] INFO  server.GrpcLogAppender (GrpcLogAppender.java:installSnapshot(532)) - 3e49b098-f263-4746-8850-a06a1becd7d6@group-88C8CD7CA178->331de3d1-09e8-4a6e-81ce-27fbcffaf652-GrpcLogAppender: send 3e49b098-f263-4746-8850-a06a1becd7d6->331de3d1-09e8-4a6e-81ce-27fbcffaf652#0-t2,notify:(t:2, i:1)
2021-10-13 10:11:45,183 [grpc-default-executor-0] INFO  server.RaftServer$Division (RaftServerImpl.java:installSnapshot(1329)) - 331de3d1-09e8-4a6e-81ce-27fbcffaf652@group-88C8CD7CA178: receive installSnapshot: 3e49b098-f263-4746-8850-a06a1becd7d6->331de3d1-09e8-4a6e-81ce-27fbcffaf652#0-t2,notify:(t:2, i:1)
2021-10-13 10:11:45,183 [grpc-default-executor-0] INFO  server.RaftServer$Division (RaftServerImpl.java:notifyStateMachineToInstallSnapshot(1611)) - 331de3d1-09e8-4a6e-81ce-27fbcffaf652@group-88C8CD7CA178: Snapshot Installation by StateMachine is in progress.
2021-10-13 10:11:45,183 [grpc-default-executor-0] INFO  server.RaftServer$Division (RaftServerImpl.java:installSnapshotImpl(1459)) - 331de3d1-09e8-4a6e-81ce-27fbcffaf652@group-88C8CD7CA178: set new configuration index: 5
configurationEntry {
  peers {
    id: "3e49b098-f263-4746-8850-a06a1becd7d6"
    address: "localhost:14236"
  }
  peers {
    id: "f92345f7-de12-4b3d-8fd2-3689378a4141"
    address: "localhost:14246"
  }
}
 from snapshot
2021-10-13 10:11:45,183 [grpc-default-executor-0] INFO  server.RaftServer$Division (ServerState.java:setRaftConf(387)) - 331de3d1-09e8-4a6e-81ce-27fbcffaf652@group-88C8CD7CA178: set configuration 5: [3e49b098-f263-4746-8850-a06a1becd7d6|rpc:localhost:14236|admin:|client:|dataStream:|priority:0, f92345f7-de12-4b3d-8fd2-3689378a4141|rpc:localhost:14246|admin:|client:|dataStream:|priority:0], old=null
2021-10-13 10:11:45,183 [grpc-default-executor-0] INFO  server.RaftServer$Division (RaftServerImpl.java:installSnapshot(1340)) - 331de3d1-09e8-4a6e-81ce-27fbcffaf652@group-88C8CD7CA178: reply installSnapshot: 3e49b098-f263-4746-8850-a06a1becd7d6<-331de3d1-09e8-4a6e-81ce-27fbcffaf652#0:FAIL-t2,IN_PROGRESS
2021-10-13 10:11:45,184 [grpc-default-executor-0] INFO  server.GrpcServerProtocolService (GrpcServerProtocolService.java:onCompleted(140)) - 331de3d1-09e8-4a6e-81ce-27fbcffaf652: Completed INSTALL_SNAPSHOT, lastRequest: 3e49b098-f263-4746-8850-a06a1becd7d6->331de3d1-09e8-4a6e-81ce-27fbcffaf652#0-t2,notify:(t:2, i:1)
2021-10-13 10:11:45,189 [pool-229-thread-1] INFO  ha.SCMSnapshotProvider (SCMSnapshotProvider.java:getSCMDBSnapshot(131)) - Successfully downloaded latest checkpoint from leader SCM: scmNode-1 path /home/runner/work/ozone/ozone/hadoop-ozone/integration-test/target/test-dir/MiniOzoneClusterImpl-7a3c196b-86f6-4848-923d-88c8cd7ca178/scmNode-3/snapshot/scm.db-scmNode-1-1634119905020
2021-10-13 10:11:45,189 [pool-229-thread-1] INFO  ha.SCMHAManagerImpl (SCMHAManagerImpl.java:downloadCheckpointFromLeader(158)) - Downloaded checkpoint from Leader scmNode-1 to the location /home/runner/work/ozone/ozone/hadoop-ozone/integration-test/target/test-dir/MiniOzoneClusterImpl-7a3c196b-86f6-4848-923d-88c8cd7ca178/scmNode-3/snapshot/scm.db-scmNode-1-1634119905020
2021-10-13 10:11:45,189 [grpc-default-executor-2] INFO  server.RaftServer$Division (RaftServerImpl.java:checkInconsistentAppendEntries(1293)) - 331de3d1-09e8-4a6e-81ce-27fbcffaf652@group-88C8CD7CA178: Failed appendEntries as snapshot ((t:2, i:1)) installation is in progress
2021-10-13 10:11:45,189 [grpc-default-executor-2] INFO  server.RaftServer$Division (RaftServerImpl.java:checkInconsistentAppendEntries(1285)) - 331de3d1-09e8-4a6e-81ce-27fbcffaf652@group-88C8CD7CA178: inconsistency entries. Reply:3e49b098-f263-4746-8850-a06a1becd7d6<-331de3d1-09e8-4a6e-81ce-27fbcffaf652#10:FAIL-t2,INCONSISTENCY,nextIndex=0,followerCommit=-1
2021-10-13 10:11:45,200 [grpc-default-executor-0] INFO  server.GrpcLogAppender (GrpcLogAppender.java:onNext(400)) - 3e49b098-f263-4746-8850-a06a1becd7d6@group-88C8CD7CA178->331de3d1-09e8-4a6e-81ce-27fbcffaf652-InstallSnapshotResponseHandler: received a reply 3e49b098-f263-4746-8850-a06a1becd7d6<-331de3d1-09e8-4a6e-81ce-27fbcffaf652#0:FAIL-t2,IN_PROGRESS
2021-10-13 10:11:45,200 [grpc-default-executor-0] INFO  server.GrpcLogAppender (GrpcLogAppender.java:onNext(417)) - 3e49b098-f263-4746-8850-a06a1becd7d6@group-88C8CD7CA178->331de3d1-09e8-4a6e-81ce-27fbcffaf652-InstallSnapshotResponseHandler: InstallSnapshot in progress.
2021-10-13 10:11:45,202 [3e49b098-f263-4746-8850-a06a1becd7d6@group-88C8CD7CA178->331de3d1-09e8-4a6e-81ce-27fbcffaf652-GrpcLogAppender-LogAppenderDaemon] INFO  server.GrpcLogAppender (GrpcLogAppender.java:installSnapshot(524)) - 3e49b098-f263-4746-8850-a06a1becd7d6@group-88C8CD7CA178->331de3d1-09e8-4a6e-81ce-27fbcffaf652-GrpcLogAppender: followerNextIndex = 0 but logStartIndex = 1, notify follower to install snapshot-(t:2, i:1)
2021-10-13 10:11:45,202 [3e49b098-f263-4746-8850-a06a1becd7d6@group-88C8CD7CA178->331de3d1-09e8-4a6e-81ce-27fbcffaf652-GrpcLogAppender-LogAppenderDaemon] INFO  server.GrpcLogAppender (GrpcLogAppender.java:installSnapshot(532)) - 3e49b098-f263-4746-8850-a06a1becd7d6@group-88C8CD7CA178->331de3d1-09e8-4a6e-81ce-27fbcffaf652-GrpcLogAppender: send 3e49b098-f263-4746-8850-a06a1becd7d6->331de3d1-09e8-4a6e-81ce-27fbcffaf652#0-t2,notify:(t:2, i:1)
2021-10-13 10:11:45,206 [grpc-default-executor-3] INFO  server.RaftServer$Division (RaftServerImpl.java:checkInconsistentAppendEntries(1293)) - 331de3d1-09e8-4a6e-81ce-27fbcffaf652@group-88C8CD7CA178: Failed appendEntries as snapshot ((t:2, i:1)) installation is in progress
2021-10-13 10:11:45,206 [grpc-default-executor-3] INFO  server.RaftServer$Division (RaftServerImpl.java:checkInconsistentAppendEntries(1285)) - 331de3d1-09e8-4a6e-81ce-27fbcffaf652@group-88C8CD7CA178: inconsistency entries. Reply:3e49b098-f263-4746-8850-a06a1becd7d6<-331de3d1-09e8-4a6e-81ce-27fbcffaf652#11:FAIL-t2,INCONSISTENCY,nextIndex=0,followerCommit=-1
2021-10-13 10:11:45,209 [grpc-default-executor-0] INFO  leader.FollowerInfo (FollowerInfoImpl.java:lambda$new$0(46)) - 3e49b098-f263-4746-8850-a06a1becd7d6@group-88C8CD7CA178->331de3d1-09e8-4a6e-81ce-27fbcffaf652: nextIndex: updateUnconditionally 0 -> 0
2021-10-13 10:11:45,209 [grpc-default-executor-2] INFO  server.RaftServer$Division (RaftServerImpl.java:installSnapshot(1329)) - 331de3d1-09e8-4a6e-81ce-27fbcffaf652@group-88C8CD7CA178: receive installSnapshot: 3e49b098-f263-4746-8850-a06a1becd7d6->331de3d1-09e8-4a6e-81ce-27fbcffaf652#0-t2,notify:(t:2, i:1)
2021-10-13 10:11:45,209 [grpc-default-executor-2] INFO  server.RaftServer$Division (RaftServerImpl.java:notifyStateMachineToInstallSnapshot(1611)) - 331de3d1-09e8-4a6e-81ce-27fbcffaf652@group-88C8CD7CA178: Snapshot Installation by StateMachine is in progress.
2021-10-13 10:11:45,209 [grpc-default-executor-2] INFO  server.RaftServer$Division (RaftServerImpl.java:installSnapshotImpl(1459)) - 331de3d1-09e8-4a6e-81ce-27fbcffaf652@group-88C8CD7CA178: set new configuration index: 5
configurationEntry {
  peers {
    id: "3e49b098-f263-4746-8850-a06a1becd7d6"
    address: "localhost:14236"
  }
  peers {
    id: "f92345f7-de12-4b3d-8fd2-3689378a4141"
    address: "localhost:14246"
  }
}
 from snapshot
2021-10-13 10:11:45,209 [grpc-default-executor-2] INFO  server.RaftServer$Division (ServerState.java:setRaftConf(387)) - 331de3d1-09e8-4a6e-81ce-27fbcffaf652@group-88C8CD7CA178: set configuration 5: [3e49b098-f263-4746-8850-a06a1becd7d6|rpc:localhost:14236|admin:|client:|dataStream:|priority:0, f92345f7-de12-4b3d-8fd2-3689378a4141|rpc:localhost:14246|admin:|client:|dataStream:|priority:0], old=null
2021-10-13 10:11:45,210 [grpc-default-executor-2] INFO  server.RaftServer$Division (RaftServerImpl.java:installSnapshot(1340)) - 331de3d1-09e8-4a6e-81ce-27fbcffaf652@group-88C8CD7CA178: reply installSnapshot: 3e49b098-f263-4746-8850-a06a1becd7d6<-331de3d1-09e8-4a6e-81ce-27fbcffaf652#0:FAIL-t2,IN_PROGRESS
2021-10-13 10:11:45,210 [grpc-default-executor-2] INFO  server.GrpcServerProtocolService (GrpcServerProtocolService.java:onCompleted(140)) - 331de3d1-09e8-4a6e-81ce-27fbcffaf652: Completed INSTALL_SNAPSHOT, lastRequest: 3e49b098-f263-4746-8850-a06a1becd7d6->331de3d1-09e8-4a6e-81ce-27fbcffaf652#0-t2,notify:(t:2, i:1)
2021-10-13 10:11:45,210 [grpc-default-executor-0] INFO  server.RaftServer$Division (RaftServerImpl.java:checkInconsistentAppendEntries(1293)) - 331de3d1-09e8-4a6e-81ce-27fbcffaf652@group-88C8CD7CA178: Failed appendEntries as snapshot ((t:2, i:1)) installation is in progress
2021-10-13 10:11:45,210 [grpc-default-executor-0] INFO  server.RaftServer$Division (RaftServerImpl.java:checkInconsistentAppendEntries(1285)) - 331de3d1-09e8-4a6e-81ce-27fbcffaf652@group-88C8CD7CA178: inconsistency entries. Reply:3e49b098-f263-4746-8850-a06a1becd7d6<-331de3d1-09e8-4a6e-81ce-27fbcffaf652#12:FAIL-t2,INCONSISTENCY,nextIndex=0,followerCommit=-1
2021-10-13 10:11:45,211 [grpc-default-executor-3] INFO  server.GrpcLogAppender (GrpcLogAppender.java:onNext(400)) - 3e49b098-f263-4746-8850-a06a1becd7d6@group-88C8CD7CA178->331de3d1-09e8-4a6e-81ce-27fbcffaf652-InstallSnapshotResponseHandler: received a reply 3e49b098-f263-4746-8850-a06a1becd7d6<-331de3d1-09e8-4a6e-81ce-27fbcffaf652#0:FAIL-t2,IN_PROGRESS
2021-10-13 10:11:45,211 [grpc-default-executor-1] INFO  leader.FollowerInfo (FollowerInfoImpl.java:lambda$new$0(46)) - 3e49b098-f263-4746-8850-a06a1becd7d6@group-88C8CD7CA178->331de3d1-09e8-4a6e-81ce-27fbcffaf652: nextIndex: updateUnconditionally 0 -> 0
2021-10-13 10:11:45,211 [grpc-default-executor-2] INFO  server.RaftServer$Division (RaftServerImpl.java:checkInconsistentAppendEntries(1293)) - 331de3d1-09e8-4a6e-81ce-27fbcffaf652@group-88C8CD7CA178: Failed appendEntries as snapshot ((t:2, i:1)) installation is in progress
2021-10-13 10:11:45,211 [grpc-default-executor-3] INFO  server.GrpcLogAppender (GrpcLogAppender.java:onNext(417)) - 3e49b098-f263-4746-8850-a06a1becd7d6@group-88C8CD7CA178->331de3d1-09e8-4a6e-81ce-27fbcffaf652-InstallSnapshotResponseHandler: InstallSnapshot in progress.
2021-10-13 10:11:45,211 [grpc-default-executor-2] INFO  server.RaftServer$Division (RaftServerImpl.java:checkInconsistentAppendEntries(1285)) - 331de3d1-09e8-4a6e-81ce-27fbcffaf652@group-88C8CD7CA178: inconsistency entries. Reply:3e49b098-f263-4746-8850-a06a1becd7d6<-331de3d1-09e8-4a6e-81ce-27fbcffaf652#13:FAIL-t2,INCONSISTENCY,nextIndex=0,followerCommit=-1
2021-10-13 10:11:45,214 [grpc-default-executor-2] INFO  server.RaftServer$Division (RaftServerImpl.java:checkInconsistentAppendEntries(1293)) - 331de3d1-09e8-4a6e-81ce-27fbcffaf652@group-88C8CD7CA178: Failed appendEntries as snapshot ((t:2, i:1)) installation is in progress
2021-10-13 10:11:45,214 [grpc-default-executor-2] INFO  server.RaftServer$Division (RaftServerImpl.java:checkInconsistentAppendEntries(1285)) - 331de3d1-09e8-4a6e-81ce-27fbcffaf652@group-88C8CD7CA178: inconsistency entries. Reply:3e49b098-f263-4746-8850-a06a1becd7d6<-331de3d1-09e8-4a6e-81ce-27fbcffaf652#14:FAIL-t2,INCONSISTENCY,nextIndex=0,followerCommit=-1
2021-10-13 10:11:45,213 [3e49b098-f263-4746-8850-a06a1becd7d6@group-88C8CD7CA178->331de3d1-09e8-4a6e-81ce-27fbcffaf652-GrpcLogAppender-LogAppenderDaemon] INFO  server.GrpcLogAppender (GrpcLogAppender.java:installSnapshot(524)) - 3e49b098-f263-4746-8850-a06a1becd7d6@group-88C8CD7CA178->331de3d1-09e8-4a6e-81ce-27fbcffaf652-GrpcLogAppender: followerNextIndex = 0 but logStartIndex = 1, notify follower to install snapshot-(t:2, i:1)
2021-10-13 10:11:45,215 [3e49b098-f263-4746-8850-a06a1becd7d6@group-88C8CD7CA178->331de3d1-09e8-4a6e-81ce-27fbcffaf652-GrpcLogAppender-LogAppenderDaemon] INFO  server.GrpcLogAppender (GrpcLogAppender.java:installSnapshot(532)) - 3e49b098-f263-4746-8850-a06a1becd7d6@group-88C8CD7CA178->331de3d1-09e8-4a6e-81ce-27fbcffaf652-GrpcLogAppender: send 3e49b098-f263-4746-8850-a06a1becd7d6->331de3d1-09e8-4a6e-81ce-27fbcffaf652#0-t2,notify:(t:2, i:1)
2021-10-13 10:11:45,215 [grpc-default-executor-1] INFO  leader.FollowerInfo (FollowerInfoImpl.java:lambda$new$0(46)) - 3e49b098-f263-4746-8850-a06a1becd7d6@group-88C8CD7CA178->331de3d1-09e8-4a6e-81ce-27fbcffaf652: nextIndex: updateUnconditionally 0 -> 0
2021-10-13 10:11:45,223 [grpc-default-executor-1] INFO  leader.FollowerInfo (FollowerInfoImpl.java:lambda$new$0(46)) - 3e49b098-f263-4746-8850-a06a1becd7d6@group-88C8CD7CA178->331de3d1-09e8-4a6e-81ce-27fbcffaf652: nextIndex: updateUnconditionally 0 -> 0
2021-10-13 10:11:45,223 [grpc-default-executor-1] INFO  leader.FollowerInfo (FollowerInfoImpl.java:lambda$new$0(46)) - 3e49b098-f263-4746-8850-a06a1becd7d6@group-88C8CD7CA178->331de3d1-09e8-4a6e-81ce-27fbcffaf652: nextIndex: updateUnconditionally 0 -> 0
2021-10-13 10:11:45,224 [grpc-default-executor-1] INFO  server.RaftServer$Division (RaftServerImpl.java:installSnapshot(1329)) - 331de3d1-09e8-4a6e-81ce-27fbcffaf652@group-88C8CD7CA178: receive installSnapshot: 3e49b098-f263-4746-8850-a06a1becd7d6->331de3d1-09e8-4a6e-81ce-27fbcffaf652#0-t2,notify:(t:2, i:1)
2021-10-13 10:11:45,224 [grpc-default-executor-1] INFO  server.RaftServer$Division (RaftServerImpl.java:notifyStateMachineToInstallSnapshot(1611)) - 331de3d1-09e8-4a6e-81ce-27fbcffaf652@group-88C8CD7CA178: Snapshot Installation by StateMachine is in progress.
2021-10-13 10:11:45,224 [grpc-default-executor-1] INFO  server.RaftServer$Division (RaftServerImpl.java:installSnapshotImpl(1459)) - 331de3d1-09e8-4a6e-81ce-27fbcffaf652@group-88C8CD7CA178: set new configuration index: 5
configurationEntry {
  peers {
    id: "3e49b098-f263-4746-8850-a06a1becd7d6"
    address: "localhost:14236"
  }
  peers {
    id: "f92345f7-de12-4b3d-8fd2-3689378a4141"
    address: "localhost:14246"
  }
}
 from snapshot
2021-10-13 10:11:45,225 [grpc-default-executor-1] INFO  server.RaftServer$Division (ServerState.java:setRaftConf(387)) - 331de3d1-09e8-4a6e-81ce-27fbcffaf652@group-88C8CD7CA178: set configuration 5: [3e49b098-f263-4746-8850-a06a1becd7d6|rpc:localhost:14236|admin:|client:|dataStream:|priority:0, f92345f7-de12-4b3d-8fd2-3689378a4141|rpc:localhost:14246|admin:|client:|dataStream:|priority:0], old=null
2021-10-13 10:11:45,225 [grpc-default-executor-1] INFO  server.RaftServer$Division (RaftServerImpl.java:installSnapshot(1340)) - 331de3d1-09e8-4a6e-81ce-27fbcffaf652@group-88C8CD7CA178: reply installSnapshot: 3e49b098-f263-4746-8850-a06a1becd7d6<-331de3d1-09e8-4a6e-81ce-27fbcffaf652#0:FAIL-t2,IN_PROGRESS
2021-10-13 10:11:45,225 [grpc-default-executor-1] INFO  server.GrpcServerProtocolService (GrpcServerProtocolService.java:onCompleted(140)) - 331de3d1-09e8-4a6e-81ce-27fbcffaf652: Completed INSTALL_SNAPSHOT, lastRequest: 3e49b098-f263-4746-8850-a06a1becd7d6->331de3d1-09e8-4a6e-81ce-27fbcffaf652#0-t2,notify:(t:2, i:1)
2021-10-13 10:11:45,225 [grpc-default-executor-1] INFO  server.GrpcLogAppender (GrpcLogAppender.java:onNext(400)) - 3e49b098-f263-4746-8850-a06a1becd7d6@group-88C8CD7CA178->331de3d1-09e8-4a6e-81ce-27fbcffaf652-InstallSnapshotResponseHandler: received a reply 3e49b098-f263-4746-8850-a06a1becd7d6<-331de3d1-09e8-4a6e-81ce-27fbcffaf652#0:FAIL-t2,IN_PROGRESS
2021-10-13 10:11:45,226 [grpc-default-executor-1] INFO  server.GrpcLogAppender (GrpcLogAppender.java:onNext(417)) - 3e49b098-f263-4746-8850-a06a1becd7d6@group-88C8CD7CA178->331de3d1-09e8-4a6e-81ce-27fbcffaf652-InstallSnapshotResponseHandler: InstallSnapshot in progress.
2021-10-13 10:11:45,232 [3e49b098-f263-4746-8850-a06a1becd7d6@group-88C8CD7CA178->331de3d1-09e8-4a6e-81ce-27fbcffaf652-GrpcLogAppender-LogAppenderDaemon] INFO  server.GrpcLogAppender (GrpcLogAppender.java:installSnapshot(524)) - 3e49b098-f263-4746-8850-a06a1becd7d6@group-88C8CD7CA178->331de3d1-09e8-4a6e-81ce-27fbcffaf652-GrpcLogAppender: followerNextIndex = 0 but logStartIndex = 1, notify follower to install snapshot-(t:2, i:1)
2021-10-13 10:11:45,232 [grpc-default-executor-1] INFO  server.RaftServer$Division (RaftServerImpl.java:checkInconsistentAppendEntries(1293)) - 331de3d1-09e8-4a6e-81ce-27fbcffaf652@group-88C8CD7CA178: Failed appendEntries as snapshot ((t:2, i:1)) installation is in progress
2021-10-13 10:11:45,232 [grpc-default-executor-1] INFO  server.RaftServer$Division (RaftServerImpl.java:checkInconsistentAppendEntries(1285)) - 331de3d1-09e8-4a6e-81ce-27fbcffaf652@group-88C8CD7CA178: inconsistency entries. Reply:3e49b098-f263-4746-8850-a06a1becd7d6<-331de3d1-09e8-4a6e-81ce-27fbcffaf652#15:FAIL-t2,INCONSISTENCY,nextIndex=0,followerCommit=-1
2021-10-13 10:11:45,233 [3e49b098-f263-4746-8850-a06a1becd7d6@group-88C8CD7CA178->331de3d1-09e8-4a6e-81ce-27fbcffaf652-GrpcLogAppender-LogAppenderDaemon] INFO  server.GrpcLogAppender (GrpcLogAppender.java:installSnapshot(532)) - 3e49b098-f263-4746-8850-a06a1becd7d6@group-88C8CD7CA178->331de3d1-09e8-4a6e-81ce-27fbcffaf652-GrpcLogAppender: send 3e49b098-f263-4746-8850-a06a1becd7d6->331de3d1-09e8-4a6e-81ce-27fbcffaf652#0-t2,notify:(t:2, i:1)
2021-10-13 10:11:45,234 [grpc-default-executor-1] INFO  leader.FollowerInfo (FollowerInfoImpl.java:lambda$new$0(46)) - 3e49b098-f263-4746-8850-a06a1becd7d6@group-88C8CD7CA178->331de3d1-09e8-4a6e-81ce-27fbcffaf652: nextIndex: updateUnconditionally 0 -> 0
2021-10-13 10:11:45,234 [grpc-default-executor-1] INFO  server.RaftServer$Division (RaftServerImpl.java:installSnapshot(1329)) - 331de3d1-09e8-4a6e-81ce-27fbcffaf652@group-88C8CD7CA178: receive installSnapshot: 3e49b098-f263-4746-8850-a06a1becd7d6->331de3d1-09e8-4a6e-81ce-27fbcffaf652#0-t2,notify:(t:2, i:1)
2021-10-13 10:11:45,234 [grpc-default-executor-1] INFO  server.RaftServer$Division (RaftServerImpl.java:notifyStateMachineToInstallSnapshot(1611)) - 331de3d1-09e8-4a6e-81ce-27fbcffaf652@group-88C8CD7CA178: Snapshot Installation by StateMachine is in progress.
2021-10-13 10:11:45,235 [grpc-default-executor-1] INFO  server.RaftServer$Division (RaftServerImpl.java:installSnapshotImpl(1459)) - 331de3d1-09e8-4a6e-81ce-27fbcffaf652@group-88C8CD7CA178: set new configuration index: 5
configurationEntry {
  peers {
    id: "3e49b098-f263-4746-8850-a06a1becd7d6"
    address: "localhost:14236"
  }
  peers {
    id: "f92345f7-de12-4b3d-8fd2-3689378a4141"
    address: "localhost:14246"
  }
}
 from snapshot
2021-10-13 10:11:45,235 [grpc-default-executor-1] INFO  server.RaftServer$Division (ServerState.java:setRaftConf(387)) - 331de3d1-09e8-4a6e-81ce-27fbcffaf652@group-88C8CD7CA178: set configuration 5: [3e49b098-f263-4746-8850-a06a1becd7d6|rpc:localhost:14236|admin:|client:|dataStream:|priority:0, f92345f7-de12-4b3d-8fd2-3689378a4141|rpc:localhost:14246|admin:|client:|dataStream:|priority:0], old=null
2021-10-13 10:11:45,235 [grpc-default-executor-1] INFO  server.RaftServer$Division (RaftServerImpl.java:installSnapshot(1340)) - 331de3d1-09e8-4a6e-81ce-27fbcffaf652@group-88C8CD7CA178: reply installSnapshot: 3e49b098-f263-4746-8850-a06a1becd7d6<-331de3d1-09e8-4a6e-81ce-27fbcffaf652#0:FAIL-t2,IN_PROGRESS
2021-10-13 10:11:45,235 [grpc-default-executor-1] INFO  server.GrpcServerProtocolService (GrpcServerProtocolService.java:onCompleted(140)) - 331de3d1-09e8-4a6e-81ce-27fbcffaf652: Completed INSTALL_SNAPSHOT, lastRequest: 3e49b098-f263-4746-8850-a06a1becd7d6->331de3d1-09e8-4a6e-81ce-27fbcffaf652#0-t2,notify:(t:2, i:1)
2021-10-13 10:11:45,236 [grpc-default-executor-3] INFO  server.GrpcLogAppender (GrpcLogAppender.java:onNext(400)) - 3e49b098-f263-4746-8850-a06a1becd7d6@group-88C8CD7CA178->331de3d1-09e8-4a6e-81ce-27fbcffaf652-InstallSnapshotResponseHandler: received a reply 3e49b098-f263-4746-8850-a06a1becd7d6<-331de3d1-09e8-4a6e-81ce-27fbcffaf652#0:FAIL-t2,IN_PROGRESS
2021-10-13 10:11:45,236 [grpc-default-executor-3] INFO  server.GrpcLogAppender (GrpcLogAppender.java:onNext(417)) - 3e49b098-f263-4746-8850-a06a1becd7d6@group-88C8CD7CA178->331de3d1-09e8-4a6e-81ce-27fbcffaf652-InstallSnapshotResponseHandler: InstallSnapshot in progress.
2021-10-13 10:11:45,240 [grpc-default-executor-3] INFO  server.RaftServer$Division (RaftServerImpl.java:checkInconsistentAppendEntries(1293)) - 331de3d1-09e8-4a6e-81ce-27fbcffaf652@group-88C8CD7CA178: Failed appendEntries as snapshot ((t:2, i:1)) installation is in progress
2021-10-13 10:11:45,240 [grpc-default-executor-3] INFO  server.RaftServer$Division (RaftServerImpl.java:checkInconsistentAppendEntries(1285)) - 331de3d1-09e8-4a6e-81ce-27fbcffaf652@group-88C8CD7CA178: inconsistency entries. Reply:3e49b098-f263-4746-8850-a06a1becd7d6<-331de3d1-09e8-4a6e-81ce-27fbcffaf652#16:FAIL-t2,INCONSISTENCY,nextIndex=0,followerCommit=-1
2021-10-13 10:11:45,241 [grpc-default-executor-3] INFO  leader.FollowerInfo (FollowerInfoImpl.java:lambda$new$0(46)) - 3e49b098-f263-4746-8850-a06a1becd7d6@group-88C8CD7CA178->331de3d1-09e8-4a6e-81ce-27fbcffaf652: nextIndex: updateUnconditionally 0 -> 0
2021-10-13 10:11:45,243 [3e49b098-f263-4746-8850-a06a1becd7d6@group-88C8CD7CA178->331de3d1-09e8-4a6e-81ce-27fbcffaf652-GrpcLogAppender-LogAppenderDaemon] INFO  server.GrpcLogAppender (GrpcLogAppender.java:installSnapshot(524)) - 3e49b098-f263-4746-8850-a06a1becd7d6@group-88C8CD7CA178->331de3d1-09e8-4a6e-81ce-27fbcffaf652-GrpcLogAppender: followerNextIndex = 0 but logStartIndex = 1, notify follower to install snapshot-(t:2, i:1)
2021-10-13 10:11:45,243 [3e49b098-f263-4746-8850-a06a1becd7d6@group-88C8CD7CA178->331de3d1-09e8-4a6e-81ce-27fbcffaf652-GrpcLogAppender-LogAppenderDaemon] INFO  server.GrpcLogAppender (GrpcLogAppender.java:installSnapshot(532)) - 3e49b098-f263-4746-8850-a06a1becd7d6@group-88C8CD7CA178->331de3d1-09e8-4a6e-81ce-27fbcffaf652-GrpcLogAppender: send 3e49b098-f263-4746-8850-a06a1becd7d6->331de3d1-09e8-4a6e-81ce-27fbcffaf652#0-t2,notify:(t:2, i:1)
2021-10-13 10:11:45,245 [grpc-default-executor-3] INFO  server.RaftServer$Division (RaftServerImpl.java:installSnapshot(1329)) - 331de3d1-09e8-4a6e-81ce-27fbcffaf652@group-88C8CD7CA178: receive installSnapshot: 3e49b098-f263-4746-8850-a06a1becd7d6->331de3d1-09e8-4a6e-81ce-27fbcffaf652#0-t2,notify:(t:2, i:1)
2021-10-13 10:11:45,245 [grpc-default-executor-3] INFO  server.RaftServer$Division (RaftServerImpl.java:notifyStateMachineToInstallSnapshot(1611)) - 331de3d1-09e8-4a6e-81ce-27fbcffaf652@group-88C8CD7CA178: Snapshot Installation by StateMachine is in progress.
2021-10-13 10:11:45,245 [grpc-default-executor-3] INFO  server.RaftServer$Division (RaftServerImpl.java:installSnapshotImpl(1459)) - 331de3d1-09e8-4a6e-81ce-27fbcffaf652@group-88C8CD7CA178: set new configuration index: 5
configurationEntry {
  peers {
    id: "3e49b098-f263-4746-8850-a06a1becd7d6"
    address: "localhost:14236"
  }
  peers {
    id: "f92345f7-de12-4b3d-8fd2-3689378a4141"
    address: "localhost:14246"
  }
}
 from snapshot
2021-10-13 10:11:45,245 [grpc-default-executor-3] INFO  server.RaftServer$Division (ServerState.java:setRaftConf(387)) - 331de3d1-09e8-4a6e-81ce-27fbcffaf652@group-88C8CD7CA178: set configuration 5: [3e49b098-f263-4746-8850-a06a1becd7d6|rpc:localhost:14236|admin:|client:|dataStream:|priority:0, f92345f7-de12-4b3d-8fd2-3689378a4141|rpc:localhost:14246|admin:|client:|dataStream:|priority:0], old=null
2021-10-13 10:11:45,245 [grpc-default-executor-3] INFO  server.RaftServer$Division (RaftServerImpl.java:installSnapshot(1340)) - 331de3d1-09e8-4a6e-81ce-27fbcffaf652@group-88C8CD7CA178: reply installSnapshot: 3e49b098-f263-4746-8850-a06a1becd7d6<-331de3d1-09e8-4a6e-81ce-27fbcffaf652#0:FAIL-t2,IN_PROGRESS
2021-10-13 10:11:45,245 [grpc-default-executor-3] INFO  server.GrpcServerProtocolService (GrpcServerProtocolService.java:onCompleted(140)) - 331de3d1-09e8-4a6e-81ce-27fbcffaf652: Completed INSTALL_SNAPSHOT, lastRequest: 3e49b098-f263-4746-8850-a06a1becd7d6->331de3d1-09e8-4a6e-81ce-27fbcffaf652#0-t2,notify:(t:2, i:1)
2021-10-13 10:11:45,246 [grpc-default-executor-1] INFO  server.GrpcLogAppender (GrpcLogAppender.java:onNext(400)) - 3e49b098-f263-4746-8850-a06a1becd7d6@group-88C8CD7CA178->331de3d1-09e8-4a6e-81ce-27fbcffaf652-InstallSnapshotResponseHandler: received a reply 3e49b098-f263-4746-8850-a06a1becd7d6<-331de3d1-09e8-4a6e-81ce-27fbcffaf652#0:FAIL-t2,IN_PROGRESS
2021-10-13 10:11:45,246 [grpc-default-executor-1] INFO  server.GrpcLogAppender (GrpcLogAppender.java:onNext(417)) - 3e49b098-f263-4746-8850-a06a1becd7d6@group-88C8CD7CA178->331de3d1-09e8-4a6e-81ce-27fbcffaf652-InstallSnapshotResponseHandler: InstallSnapshot in progress.
2021-10-13 10:11:45,248 [3e49b098-f263-4746-8850-a06a1becd7d6@group-88C8CD7CA178->331de3d1-09e8-4a6e-81ce-27fbcffaf652-GrpcLogAppender-LogAppenderDaemon] INFO  server.GrpcLogAppender (GrpcLogAppender.java:installSnapshot(524)) - 3e49b098-f263-4746-8850-a06a1becd7d6@group-88C8CD7CA178->331de3d1-09e8-4a6e-81ce-27fbcffaf652-GrpcLogAppender: followerNextIndex = 0 but logStartIndex = 1, notify follower to install snapshot-(t:2, i:1)
2021-10-13 10:11:45,249 [3e49b098-f263-4746-8850-a06a1becd7d6@group-88C8CD7CA178->331de3d1-09e8-4a6e-81ce-27fbcffaf652-GrpcLogAppender-LogAppenderDaemon] INFO  server.GrpcLogAppender (GrpcLogAppender.java:installSnapshot(532)) - 3e49b098-f263-4746-8850-a06a1becd7d6@group-88C8CD7CA178->331de3d1-09e8-4a6e-81ce-27fbcffaf652-GrpcLogAppender: send 3e49b098-f263-4746-8850-a06a1becd7d6->331de3d1-09e8-4a6e-81ce-27fbcffaf652#0-t2,notify:(t:2, i:1)
2021-10-13 10:11:45,249 [grpc-default-executor-2] INFO  server.RaftServer$Division (RaftServerImpl.java:checkInconsistentAppendEntries(1293)) - 331de3d1-09e8-4a6e-81ce-27fbcffaf652@group-88C8CD7CA178: Failed appendEntries as snapshot ((t:2, i:1)) installation is in progress
2021-10-13 10:11:45,249 [grpc-default-executor-3] INFO  server.RaftServer$Division (RaftServerImpl.java:installSnapshot(1329)) - 331de3d1-09e8-4a6e-81ce-27fbcffaf652@group-88C8CD7CA178: receive installSnapshot: 3e49b098-f263-4746-8850-a06a1becd7d6->331de3d1-09e8-4a6e-81ce-27fbcffaf652#0-t2,notify:(t:2, i:1)
2021-10-13 10:11:45,249 [grpc-default-executor-2] INFO  server.RaftServer$Division (RaftServerImpl.java:checkInconsistentAppendEntries(1285)) - 331de3d1-09e8-4a6e-81ce-27fbcffaf652@group-88C8CD7CA178: inconsistency entries. Reply:3e49b098-f263-4746-8850-a06a1becd7d6<-331de3d1-09e8-4a6e-81ce-27fbcffaf652#17:FAIL-t2,INCONSISTENCY,nextIndex=0,followerCommit=-1
2021-10-13 10:11:45,250 [grpc-default-executor-1] INFO  leader.FollowerInfo (FollowerInfoImpl.java:lambda$new$0(46)) - 3e49b098-f263-4746-8850-a06a1becd7d6@group-88C8CD7CA178->331de3d1-09e8-4a6e-81ce-27fbcffaf652: nextIndex: updateUnconditionally 0 -> 0
2021-10-13 10:11:45,250 [grpc-default-executor-3] INFO  server.RaftServer$Division (RaftServerImpl.java:notifyStateMachineToInstallSnapshot(1611)) - 331de3d1-09e8-4a6e-81ce-27fbcffaf652@group-88C8CD7CA178: Snapshot Installation by StateMachine is in progress.
2021-10-13 10:11:45,250 [grpc-default-executor-3] INFO  server.RaftServer$Division (RaftServerImpl.java:installSnapshotImpl(1459)) - 331de3d1-09e8-4a6e-81ce-27fbcffaf652@group-88C8CD7CA178: set new configuration index: 5
configurationEntry {
  peers {
    id: "3e49b098-f263-4746-8850-a06a1becd7d6"
    address: "localhost:14236"
  }
  peers {
    id: "f92345f7-de12-4b3d-8fd2-3689378a4141"
    address: "localhost:14246"
  }
}
 from snapshot
2021-10-13 10:11:45,250 [grpc-default-executor-3] INFO  server.RaftServer$Division (ServerState.java:setRaftConf(387)) - 331de3d1-09e8-4a6e-81ce-27fbcffaf652@group-88C8CD7CA178: set configuration 5: [3e49b098-f263-4746-8850-a06a1becd7d6|rpc:localhost:14236|admin:|client:|dataStream:|priority:0, f92345f7-de12-4b3d-8fd2-3689378a4141|rpc:localhost:14246|admin:|client:|dataStream:|priority:0], old=null
2021-10-13 10:11:45,251 [grpc-default-executor-3] INFO  server.RaftServer$Division (RaftServerImpl.java:installSnapshot(1340)) - 331de3d1-09e8-4a6e-81ce-27fbcffaf652@group-88C8CD7CA178: reply installSnapshot: 3e49b098-f263-4746-8850-a06a1becd7d6<-331de3d1-09e8-4a6e-81ce-27fbcffaf652#0:FAIL-t2,IN_PROGRESS
2021-10-13 10:11:45,251 [grpc-default-executor-3] INFO  server.GrpcServerProtocolService (GrpcServerProtocolService.java:onCompleted(140)) - 331de3d1-09e8-4a6e-81ce-27fbcffaf652: Completed INSTALL_SNAPSHOT, lastRequest: 3e49b098-f263-4746-8850-a06a1becd7d6->331de3d1-09e8-4a6e-81ce-27fbcffaf652#0-t2,notify:(t:2, i:1)
2021-10-13 10:11:45,251 [grpc-default-executor-1] INFO  server.GrpcLogAppender (GrpcLogAppender.java:onNext(400)) - 3e49b098-f263-4746-8850-a06a1becd7d6@group-88C8CD7CA178->331de3d1-09e8-4a6e-81ce-27fbcffaf652-InstallSnapshotResponseHandler: received a reply 3e49b098-f263-4746-8850-a06a1becd7d6<-331de3d1-09e8-4a6e-81ce-27fbcffaf652#0:FAIL-t2,IN_PROGRESS
2021-10-13 10:11:45,251 [grpc-default-executor-1] INFO  server.GrpcLogAppender (GrpcLogAppender.java:onNext(417)) - 3e49b098-f263-4746-8850-a06a1becd7d6@group-88C8CD7CA178->331de3d1-09e8-4a6e-81ce-27fbcffaf652-InstallSnapshotResponseHandler: InstallSnapshot in progress.
2021-10-13 10:11:45,253 [3e49b098-f263-4746-8850-a06a1becd7d6@group-88C8CD7CA178->331de3d1-09e8-4a6e-81ce-27fbcffaf652-GrpcLogAppender-LogAppenderDaemon] INFO  server.GrpcLogAppender (GrpcLogAppender.java:installSnapshot(524)) - 3e49b098-f263-4746-8850-a06a1becd7d6@group-88C8CD7CA178->331de3d1-09e8-4a6e-81ce-27fbcffaf652-GrpcLogAppender: followerNextIndex = 0 but logStartIndex = 1, notify follower to install snapshot-(t:2, i:1)
2021-10-13 10:11:45,253 [3e49b098-f263-4746-8850-a06a1becd7d6@group-88C8CD7CA178->331de3d1-09e8-4a6e-81ce-27fbcffaf652-GrpcLogAppender-LogAppenderDaemon] INFO  server.GrpcLogAppender (GrpcLogAppender.java:installSnapshot(532)) - 3e49b098-f263-4746-8850-a06a1becd7d6@group-88C8CD7CA178->331de3d1-09e8-4a6e-81ce-27fbcffaf652-GrpcLogAppender: send 3e49b098-f263-4746-8850-a06a1becd7d6->331de3d1-09e8-4a6e-81ce-27fbcffaf652#0-t2,notify:(t:2, i:1)
2021-10-13 10:11:45,254 [grpc-default-executor-1] INFO  server.RaftServer$Division (RaftServerImpl.java:installSnapshot(1329)) - 331de3d1-09e8-4a6e-81ce-27fbcffaf652@group-88C8CD7CA178: receive installSnapshot: 3e49b098-f263-4746-8850-a06a1becd7d6->331de3d1-09e8-4a6e-81ce-27fbcffaf652#0-t2,notify:(t:2, i:1)
2021-10-13 10:11:45,254 [grpc-default-executor-3] INFO  server.RaftServer$Division (RaftServerImpl.java:checkInconsistentAppendEntries(1293)) - 331de3d1-09e8-4a6e-81ce-27fbcffaf652@group-88C8CD7CA178: Failed appendEntries as snapshot ((t:2, i:1)) installation is in progress
2021-10-13 10:11:45,254 [grpc-default-executor-3] INFO  server.RaftServer$Division (RaftServerImpl.java:checkInconsistentAppendEntries(1285)) - 331de3d1-09e8-4a6e-81ce-27fbcffaf652@group-88C8CD7CA178: inconsistency entries. Reply:3e49b098-f263-4746-8850-a06a1becd7d6<-331de3d1-09e8-4a6e-81ce-27fbcffaf652#18:FAIL-t2,INCONSISTENCY,nextIndex=0,followerCommit=-1
2021-10-13 10:11:45,255 [grpc-default-executor-1] INFO  server.RaftServer$Division (RaftServerImpl.java:notifyStateMachineToInstallSnapshot(1611)) - 331de3d1-09e8-4a6e-81ce-27fbcffaf652@group-88C8CD7CA178: Snapshot Installation by StateMachine is in progress.
2021-10-13 10:11:45,255 [grpc-default-executor-1] INFO  server.RaftServer$Division (RaftServerImpl.java:installSnapshotImpl(1459)) - 331de3d1-09e8-4a6e-81ce-27fbcffaf652@group-88C8CD7CA178: set new configuration index: 5
configurationEntry {
  peers {
    id: "3e49b098-f263-4746-8850-a06a1becd7d6"
    address: "localhost:14236"
  }
  peers {
    id: "f92345f7-de12-4b3d-8fd2-3689378a4141"
    address: "localhost:14246"
  }
}
 from snapshot
2021-10-13 10:11:45,255 [grpc-default-executor-1] INFO  server.RaftServer$Division (ServerState.java:setRaftConf(387)) - 331de3d1-09e8-4a6e-81ce-27fbcffaf652@group-88C8CD7CA178: set configuration 5: [3e49b098-f263-4746-8850-a06a1becd7d6|rpc:localhost:14236|admin:|client:|dataStream:|priority:0, f92345f7-de12-4b3d-8fd2-3689378a4141|rpc:localhost:14246|admin:|client:|dataStream:|priority:0], old=null
2021-10-13 10:11:45,255 [grpc-default-executor-1] INFO  server.RaftServer$Division (RaftServerImpl.java:installSnapshot(1340)) - 331de3d1-09e8-4a6e-81ce-27fbcffaf652@group-88C8CD7CA178: reply installSnapshot: 3e49b098-f263-4746-8850-a06a1becd7d6<-331de3d1-09e8-4a6e-81ce-27fbcffaf652#0:FAIL-t2,IN_PROGRESS
2021-10-13 10:11:45,255 [grpc-default-executor-1] INFO  server.GrpcServerProtocolService (GrpcServerProtocolService.java:onCompleted(140)) - 331de3d1-09e8-4a6e-81ce-27fbcffaf652: Completed INSTALL_SNAPSHOT, lastRequest: 3e49b098-f263-4746-8850-a06a1becd7d6->331de3d1-09e8-4a6e-81ce-27fbcffaf652#0-t2,notify:(t:2, i:1)
2021-10-13 10:11:45,257 [grpc-default-executor-1] INFO  leader.FollowerInfo (FollowerInfoImpl.java:lambda$new$0(46)) - 3e49b098-f263-4746-8850-a06a1becd7d6@group-88C8CD7CA178->331de3d1-09e8-4a6e-81ce-27fbcffaf652: nextIndex: updateUnconditionally 0 -> 0
2021-10-13 10:11:45,258 [grpc-default-executor-3] INFO  server.GrpcLogAppender (GrpcLogAppender.java:onNext(400)) - 3e49b098-f263-4746-8850-a06a1becd7d6@group-88C8CD7CA178->331de3d1-09e8-4a6e-81ce-27fbcffaf652-InstallSnapshotResponseHandler: received a reply 3e49b098-f263-4746-8850-a06a1becd7d6<-331de3d1-09e8-4a6e-81ce-27fbcffaf652#0:FAIL-t2,IN_PROGRESS
2021-10-13 10:11:45,258 [grpc-default-executor-3] INFO  server.GrpcLogAppender (GrpcLogAppender.java:onNext(417)) - 3e49b098-f263-4746-8850-a06a1becd7d6@group-88C8CD7CA178->331de3d1-09e8-4a6e-81ce-27fbcffaf652-InstallSnapshotResponseHandler: InstallSnapshot in progress.
2021-10-13 10:11:45,261 [3e49b098-f263-4746-8850-a06a1becd7d6@group-88C8CD7CA178->331de3d1-09e8-4a6e-81ce-27fbcffaf652-GrpcLogAppender-LogAppenderDaemon] INFO  server.GrpcLogAppender (GrpcLogAppender.java:installSnapshot(524)) - 3e49b098-f263-4746-8850-a06a1becd7d6@group-88C8CD7CA178->331de3d1-09e8-4a6e-81ce-27fbcffaf652-GrpcLogAppender: followerNextIndex = 0 but logStartIndex = 1, notify follower to install snapshot-(t:2, i:1)
2021-10-13 10:11:45,261 [3e49b098-f263-4746-8850-a06a1becd7d6@group-88C8CD7CA178->331de3d1-09e8-4a6e-81ce-27fbcffaf652-GrpcLogAppender-LogAppenderDaemon] INFO  server.GrpcLogAppender (GrpcLogAppender.java:installSnapshot(532)) - 3e49b098-f263-4746-8850-a06a1becd7d6@group-88C8CD7CA178->331de3d1-09e8-4a6e-81ce-27fbcffaf652-GrpcLogAppender: send 3e49b098-f263-4746-8850-a06a1becd7d6->331de3d1-09e8-4a6e-81ce-27fbcffaf652#0-t2,notify:(t:2, i:1)
2021-10-13 10:11:45,262 [pool-229-thread-1] INFO  ha.SCMHAManagerImpl (SCMHAManagerImpl.java:verifyCheckpointFromLeader(172)) - Installing checkpoint with SCMTransactionInfo 2#24
2021-10-13 10:11:45,262 [pool-229-thread-1] INFO  server.RaftServer$Division (RaftServerImpl.java:lambda$notifyStateMachineToInstallSnapshot$30(1594)) - 331de3d1-09e8-4a6e-81ce-27fbcffaf652@group-88C8CD7CA178: StateMachine successfully installed snapshot index 24. Reloading the StateMachine.
2021-10-13 10:11:45,262 [grpc-default-executor-2] INFO  server.RaftServer$Division (RaftServerImpl.java:checkInconsistentAppendEntries(1293)) - 331de3d1-09e8-4a6e-81ce-27fbcffaf652@group-88C8CD7CA178: Failed appendEntries as snapshot ((t:2, i:1)) installation is in progress
2021-10-13 10:11:45,262 [grpc-default-executor-2] INFO  server.RaftServer$Division (RaftServerImpl.java:checkInconsistentAppendEntries(1285)) - 331de3d1-09e8-4a6e-81ce-27fbcffaf652@group-88C8CD7CA178: inconsistency entries. Reply:3e49b098-f263-4746-8850-a06a1becd7d6<-331de3d1-09e8-4a6e-81ce-27fbcffaf652#19:FAIL-t2,INCONSISTENCY,nextIndex=0,followerCommit=-1
2021-10-13 10:11:45,262 [pool-229-thread-1] INFO  segmented.SegmentedRaftLogWorker (SegmentedRaftLogWorker.java:lambda$new$0(133)) - 331de3d1-09e8-4a6e-81ce-27fbcffaf652@group-88C8CD7CA178-SegmentedRaftLogWorker: flushIndex: setUnconditionally -1 -> 24
2021-10-13 10:11:45,264 [grpc-default-executor-1] INFO  leader.FollowerInfo (FollowerInfoImpl.java:lambda$new$0(46)) - 3e49b098-f263-4746-8850-a06a1becd7d6@group-88C8CD7CA178->331de3d1-09e8-4a6e-81ce-27fbcffaf652: nextIndex: updateUnconditionally 0 -> 0
2021-10-13 10:11:45,263 [grpc-default-executor-2] INFO  server.RaftServer$Division (RaftServerImpl.java:installSnapshot(1329)) - 331de3d1-09e8-4a6e-81ce-27fbcffaf652@group-88C8CD7CA178: receive installSnapshot: 3e49b098-f263-4746-8850-a06a1becd7d6->331de3d1-09e8-4a6e-81ce-27fbcffaf652#0-t2,notify:(t:2, i:1)
2021-10-13 10:11:45,264 [grpc-default-executor-2] INFO  server.RaftServer$Division (RaftServerImpl.java:notifyStateMachineToInstallSnapshot(1611)) - 331de3d1-09e8-4a6e-81ce-27fbcffaf652@group-88C8CD7CA178: Snapshot Installation by StateMachine is in progress.
2021-10-13 10:11:45,265 [grpc-default-executor-2] INFO  server.RaftServer$Division (RaftServerImpl.java:installSnapshotImpl(1459)) - 331de3d1-09e8-4a6e-81ce-27fbcffaf652@group-88C8CD7CA178: set new configuration index: 5
configurationEntry {
  peers {
    id: "3e49b098-f263-4746-8850-a06a1becd7d6"
    address: "localhost:14236"
  }
  peers {
    id: "f92345f7-de12-4b3d-8fd2-3689378a4141"
    address: "localhost:14246"
  }
}
 from snapshot
2021-10-13 10:11:45,265 [grpc-default-executor-2] INFO  server.RaftServer$Division (ServerState.java:setRaftConf(387)) - 331de3d1-09e8-4a6e-81ce-27fbcffaf652@group-88C8CD7CA178: set configuration 5: [3e49b098-f263-4746-8850-a06a1becd7d6|rpc:localhost:14236|admin:|client:|dataStream:|priority:0, f92345f7-de12-4b3d-8fd2-3689378a4141|rpc:localhost:14246|admin:|client:|dataStream:|priority:0], old=null
2021-10-13 10:11:45,265 [grpc-default-executor-2] INFO  server.RaftServer$Division (RaftServerImpl.java:installSnapshot(1340)) - 331de3d1-09e8-4a6e-81ce-27fbcffaf652@group-88C8CD7CA178: reply installSnapshot: 3e49b098-f263-4746-8850-a06a1becd7d6<-331de3d1-09e8-4a6e-81ce-27fbcffaf652#0:FAIL-t2,IN_PROGRESS
2021-10-13 10:11:45,265 [grpc-default-executor-2] INFO  server.GrpcServerProtocolService (GrpcServerProtocolService.java:onCompleted(140)) - 331de3d1-09e8-4a6e-81ce-27fbcffaf652: Completed INSTALL_SNAPSHOT, lastRequest: 3e49b098-f263-4746-8850-a06a1becd7d6->331de3d1-09e8-4a6e-81ce-27fbcffaf652#0-t2,notify:(t:2, i:1)
2021-10-13 10:11:45,268 [grpc-default-executor-2] INFO  server.GrpcLogAppender (GrpcLogAppender.java:onNext(400)) - 3e49b098-f263-4746-8850-a06a1becd7d6@group-88C8CD7CA178->331de3d1-09e8-4a6e-81ce-27fbcffaf652-InstallSnapshotResponseHandler: received a reply 3e49b098-f263-4746-8850-a06a1becd7d6<-331de3d1-09e8-4a6e-81ce-27fbcffaf652#0:FAIL-t2,IN_PROGRESS
2021-10-13 10:11:45,268 [grpc-default-executor-2] INFO  server.GrpcLogAppender (GrpcLogAppender.java:onNext(417)) - 3e49b098-f263-4746-8850-a06a1becd7d6@group-88C8CD7CA178->331de3d1-09e8-4a6e-81ce-27fbcffaf652-InstallSnapshotResponseHandler: InstallSnapshot in progress.
2021-10-13 10:11:45,271 [pool-229-thread-1] INFO  segmented.SegmentedRaftLogWorker (SegmentedRaftLogWorker.java:lambda$new$0(133)) - 331de3d1-09e8-4a6e-81ce-27fbcffaf652@group-88C8CD7CA178-SegmentedRaftLogWorker: safeCacheEvictIndex: setUnconditionally -1 -> 24
2021-10-13 10:11:45,271 [pool-229-thread-1] INFO  raftlog.RaftLog (RaftLogBase.java:lambda$new$0(53)) - 331de3d1-09e8-4a6e-81ce-27fbcffaf652@group-88C8CD7CA178-SegmentedRaftLog: snapshotIndex: updateIncreasingly -1 -> 24
2021-10-13 10:11:45,279 [3e49b098-f263-4746-8850-a06a1becd7d6@group-88C8CD7CA178->331de3d1-09e8-4a6e-81ce-27fbcffaf652-GrpcLogAppender-LogAppenderDaemon] INFO  server.GrpcLogAppender (GrpcLogAppender.java:installSnapshot(524)) - 3e49b098-f263-4746-8850-a06a1becd7d6@group-88C8CD7CA178->331de3d1-09e8-4a6e-81ce-27fbcffaf652-GrpcLogAppender: followerNextIndex = 0 but logStartIndex = 1, notify follower to install snapshot-(t:2, i:1)
2021-10-13 10:11:45,280 [3e49b098-f263-4746-8850-a06a1becd7d6@group-88C8CD7CA178->331de3d1-09e8-4a6e-81ce-27fbcffaf652-GrpcLogAppender-LogAppenderDaemon] INFO  server.GrpcLogAppender (GrpcLogAppender.java:installSnapshot(532)) - 3e49b098-f263-4746-8850-a06a1becd7d6@group-88C8CD7CA178->331de3d1-09e8-4a6e-81ce-27fbcffaf652-GrpcLogAppender: send 3e49b098-f263-4746-8850-a06a1becd7d6->331de3d1-09e8-4a6e-81ce-27fbcffaf652#0-t2,notify:(t:2, i:1)
2021-10-13 10:11:45,281 [grpc-default-executor-1] INFO  server.RaftServer$Division (RaftServerImpl.java:installSnapshot(1329)) - 331de3d1-09e8-4a6e-81ce-27fbcffaf652@group-88C8CD7CA178: receive installSnapshot: 3e49b098-f263-4746-8850-a06a1becd7d6->331de3d1-09e8-4a6e-81ce-27fbcffaf652#0-t2,notify:(t:2, i:1)
2021-10-13 10:11:45,281 [grpc-default-executor-1] INFO  server.RaftServer$Division (RaftServerImpl.java:notifyStateMachineToInstallSnapshot(1560)) - 331de3d1-09e8-4a6e-81ce-27fbcffaf652@group-88C8CD7CA178: StateMachine snapshotIndex is 24
2021-10-13 10:11:45,281 [grpc-default-executor-1] INFO  server.RaftServer$Division (RaftServerImpl.java:installSnapshotImpl(1459)) - 331de3d1-09e8-4a6e-81ce-27fbcffaf652@group-88C8CD7CA178: set new configuration index: 5
configurationEntry {
  peers {
    id: "3e49b098-f263-4746-8850-a06a1becd7d6"
    address: "localhost:14236"
  }
  peers {
    id: "f92345f7-de12-4b3d-8fd2-3689378a4141"
    address: "localhost:14246"
  }
}
 from snapshot
2021-10-13 10:11:45,281 [grpc-default-executor-1] INFO  server.RaftServer$Division (ServerState.java:setRaftConf(387)) - 331de3d1-09e8-4a6e-81ce-27fbcffaf652@group-88C8CD7CA178: set configuration 5: [3e49b098-f263-4746-8850-a06a1becd7d6|rpc:localhost:14236|admin:|client:|dataStream:|priority:0, f92345f7-de12-4b3d-8fd2-3689378a4141|rpc:localhost:14246|admin:|client:|dataStream:|priority:0], old=null
2021-10-13 10:11:45,282 [grpc-default-executor-1] INFO  server.RaftServer$Division (RaftServerImpl.java:installSnapshot(1340)) - 331de3d1-09e8-4a6e-81ce-27fbcffaf652@group-88C8CD7CA178: reply installSnapshot: 3e49b098-f263-4746-8850-a06a1becd7d6<-331de3d1-09e8-4a6e-81ce-27fbcffaf652#0:FAIL-t2,ALREADY_INSTALLED,snapshotIndex=24
2021-10-13 10:11:45,282 [grpc-default-executor-1] INFO  server.GrpcServerProtocolService (GrpcServerProtocolService.java:onCompleted(140)) - 331de3d1-09e8-4a6e-81ce-27fbcffaf652: Completed INSTALL_SNAPSHOT, lastRequest: 3e49b098-f263-4746-8850-a06a1becd7d6->331de3d1-09e8-4a6e-81ce-27fbcffaf652#0-t2,notify:(t:2, i:1)
2021-10-13 10:11:45,283 [grpc-default-executor-2] INFO  server.GrpcLogAppender (GrpcLogAppender.java:onNext(400)) - 3e49b098-f263-4746-8850-a06a1becd7d6@group-88C8CD7CA178->331de3d1-09e8-4a6e-81ce-27fbcffaf652-InstallSnapshotResponseHandler: received a reply 3e49b098-f263-4746-8850-a06a1becd7d6<-331de3d1-09e8-4a6e-81ce-27fbcffaf652#0:FAIL-t2,ALREADY_INSTALLED,snapshotIndex=24
2021-10-13 10:11:45,283 [grpc-default-executor-2] INFO  server.GrpcLogAppender (GrpcLogAppender.java:onNext(422)) - 3e49b098-f263-4746-8850-a06a1becd7d6@group-88C8CD7CA178->331de3d1-09e8-4a6e-81ce-27fbcffaf652-InstallSnapshotResponseHandler: Already Installed Snapshot Index 24.
2021-10-13 10:11:45,283 [grpc-default-executor-2] INFO  leader.FollowerInfo (FollowerInfoImpl.java:lambda$new$0(46)) - 3e49b098-f263-4746-8850-a06a1becd7d6@group-88C8CD7CA178->331de3d1-09e8-4a6e-81ce-27fbcffaf652: snapshotIndex: setUnconditionally 0 -> 24
2021-10-13 10:11:45,283 [grpc-default-executor-2] INFO  leader.FollowerInfo (FollowerInfoImpl.java:lambda$new$0(46)) - 3e49b098-f263-4746-8850-a06a1becd7d6@group-88C8CD7CA178->331de3d1-09e8-4a6e-81ce-27fbcffaf652: matchIndex: setUnconditionally 0 -> 24
2021-10-13 10:11:45,283 [grpc-default-executor-2] INFO  leader.FollowerInfo (FollowerInfoImpl.java:lambda$new$0(46)) - 3e49b098-f263-4746-8850-a06a1becd7d6@group-88C8CD7CA178->331de3d1-09e8-4a6e-81ce-27fbcffaf652: nextIndex: setUnconditionally 0 -> 25
2021-10-13 10:11:45,283 [grpc-default-executor-2] INFO  leader.FollowerInfo (FollowerInfoImpl.java:lambda$new$0(46)) - 3e49b098-f263-4746-8850-a06a1becd7d6@group-88C8CD7CA178->331de3d1-09e8-4a6e-81ce-27fbcffaf652: nextIndex: updateToMax old=25, new=25, updated? false
2021-10-13 10:11:45,349 [EndpointStateMachine task thread for /127.0.0.1:13887 - 0 ] INFO  ipc.Client (Client.java:handleConnectionFailure(977)) - Retrying connect to server: localhost/127.0.0.1:13887. Already tried 8 time(s); retry policy is RetryUpToMaximumCountWithFixedSleep(maxRetries=15, sleepTime=1000 MILLISECONDS)
2021-10-13 10:11:45,375 [331de3d1-09e8-4a6e-81ce-27fbcffaf652@group-88C8CD7CA178-StateMachineUpdater] INFO  ha.SCMHAManagerImpl (SCMHAManagerImpl.java:installCheckpoint(227)) - Installing checkpoint with SCMTransactionInfo 2#24
2021-10-13 10:11:45,376 [331de3d1-09e8-4a6e-81ce-27fbcffaf652@group-88C8CD7CA178-StateMachineUpdater] INFO  ha.SCMHAManagerImpl (SCMHAManagerImpl.java:installCheckpoint(266)) - Replaced DB with checkpoint, term: 2, index: 24
2021-10-13 10:11:45,379 [331de3d1-09e8-4a6e-81ce-27fbcffaf652@group-88C8CD7CA178-StateMachineUpdater] WARN  utils.HAUtils (HAUtils.java:getMetaDir(342)) - ozone.scm.db.dirs is not configured. We recommend adding this setting. Falling back to ozone.metadata.dirs instead.
2021-10-13 10:11:45,379 [331de3d1-09e8-4a6e-81ce-27fbcffaf652@group-88C8CD7CA178-StateMachineUpdater] WARN  db.DBStoreBuilder (DBStoreBuilder.java:applyDBDefinition(145)) - ozone.scm.db.dirs is not configured. We recommend adding this setting. Falling back to ozone.metadata.dirs instead.
2021-10-13 10:11:45,397 [EndpointStateMachine task thread for /127.0.0.1:13877 - 0 ] INFO  ipc.Client (Client.java:handleConnectionFailure(977)) - Retrying connect to server: localhost/127.0.0.1:13877. Already tried 11 time(s); retry policy is RetryUpToMaximumCountWithFixedSleep(maxRetries=15, sleepTime=1000 MILLISECONDS)
2021-10-13 10:11:45,446 [331de3d1-09e8-4a6e-81ce-27fbcffaf652@group-88C8CD7CA178-StateMachineUpdater] INFO  ha.SequenceIdGenerator (SequenceIdGenerator.java:reinitialize(166)) - reinitialize SequenceIdGenerator.
2021-10-13 10:11:45,452 [331de3d1-09e8-4a6e-81ce-27fbcffaf652@group-88C8CD7CA178-StateMachineUpdater] INFO  ha.SCMHAManagerImpl (SCMHAManagerImpl.java:installCheckpoint(277)) - Reloaded SCM state with Term: 2 and Index: 24
2021-10-13 10:11:45,453 [331de3d1-09e8-4a6e-81ce-27fbcffaf652@group-88C8CD7CA178-StateMachineUpdater] INFO  impl.StateMachineUpdater (StateMachineUpdater.java:lambda$new$0(89)) - 331de3d1-09e8-4a6e-81ce-27fbcffaf652@group-88C8CD7CA178-StateMachineUpdater: snapshotIndex: setUnconditionally -1 -> 24
2021-10-13 10:11:45,453 [331de3d1-09e8-4a6e-81ce-27fbcffaf652@group-88C8CD7CA178-StateMachineUpdater] INFO  impl.StateMachineUpdater (StateMachineUpdater.java:lambda$new$0(89)) - 331de3d1-09e8-4a6e-81ce-27fbcffaf652@group-88C8CD7CA178-StateMachineUpdater: appliedIndex: setUnconditionally -1 -> 24
2021-10-13 10:11:46,062 [EndpointStateMachine task thread for /127.0.0.1:13897 - 0 ] INFO  ipc.Client (Client.java:handleConnectionFailure(977)) - Retrying connect to server: localhost/127.0.0.1:13897. Already tried 12 time(s); retry policy is RetryUpToMaximumCountWithFixedSleep(maxRetries=15, sleepTime=1000 MILLISECONDS)
2021-10-13 10:11:46,132 [Datanode State Machine Thread - 0] ERROR datanode.RunningDatanodeState (RunningDatanodeState.java:computeNextContainerState(199)) - Error in executing end point task.
java.util.concurrent.ExecutionException: java.util.concurrent.TimeoutException
	at java.util.concurrent.FutureTask.report(FutureTask.java:122)
	at java.util.concurrent.FutureTask.get(FutureTask.java:192)
	at org.apache.hadoop.ozone.container.common.states.datanode.RunningDatanodeState.computeNextContainerState(RunningDatanodeState.java:191)
	at org.apache.hadoop.ozone.container.common.states.datanode.RunningDatanodeState.await(RunningDatanodeState.java:231)
	at org.apache.hadoop.ozone.container.common.states.datanode.RunningDatanodeState.await(RunningDatanodeState.java:50)
	at org.apache.hadoop.ozone.container.common.statemachine.StateContext.execute(StateContext.java:629)
	at org.apache.hadoop.ozone.container.common.statemachine.DatanodeStateMachine.start(DatanodeStateMachine.java:276)
	at org.apache.hadoop.ozone.container.common.statemachine.DatanodeStateMachine.lambda$startDaemon$0(DatanodeStateMachine.java:464)
	at java.lang.Thread.run(Thread.java:748)
Caused by: java.util.concurrent.TimeoutException
	at java.util.concurrent.FutureTask.get(FutureTask.java:205)
	at org.apache.hadoop.ozone.container.common.states.datanode.RunningDatanodeState.lambda$execute$0(RunningDatanodeState.java:149)
	at java.util.concurrent.FutureTask.run(FutureTask.java:266)
	at java.util.concurrent.Executors$RunnableAdapter.call(Executors.java:511)
	at java.util.concurrent.FutureTask.run(FutureTask.java:266)
	at java.util.concurrent.ThreadPoolExecutor.runWorker(ThreadPoolExecutor.java:1149)
	at java.util.concurrent.ThreadPoolExecutor$Worker.run(ThreadPoolExecutor.java:624)
	... 1 more
2021-10-13 10:11:46,355 [EndpointStateMachine task thread for /127.0.0.1:13887 - 0 ] INFO  ipc.Client (Client.java:handleConnectionFailure(977)) - Retrying connect to server: localhost/127.0.0.1:13887. Already tried 9 time(s); retry policy is RetryUpToMaximumCountWithFixedSleep(maxRetries=15, sleepTime=1000 MILLISECONDS)
2021-10-13 10:11:46,397 [EndpointStateMachine task thread for /127.0.0.1:13877 - 0 ] INFO  ipc.Client (Client.java:handleConnectionFailure(977)) - Retrying connect to server: localhost/127.0.0.1:13877. Already tried 12 time(s); retry policy is RetryUpToMaximumCountWithFixedSleep(maxRetries=15, sleepTime=1000 MILLISECONDS)
2021-10-13 10:11:47,063 [EndpointStateMachine task thread for /127.0.0.1:13897 - 0 ] INFO  ipc.Client (Client.java:handleConnectionFailure(977)) - Retrying connect to server: localhost/127.0.0.1:13897. Already tried 13 time(s); retry policy is RetryUpToMaximumCountWithFixedSleep(maxRetries=15, sleepTime=1000 MILLISECONDS)
2021-10-13 10:11:47,356 [EndpointStateMachine task thread for /127.0.0.1:13887 - 0 ] INFO  ipc.Client (Client.java:handleConnectionFailure(977)) - Retrying connect to server: localhost/127.0.0.1:13887. Already tried 10 time(s); retry policy is RetryUpToMaximumCountWithFixedSleep(maxRetries=15, sleepTime=1000 MILLISECONDS)
2021-10-13 10:11:47,398 [EndpointStateMachine task thread for /127.0.0.1:13877 - 0 ] INFO  ipc.Client (Client.java:handleConnectionFailure(977)) - Retrying connect to server: localhost/127.0.0.1:13877. Already tried 13 time(s); retry policy is RetryUpToMaximumCountWithFixedSleep(maxRetries=15, sleepTime=1000 MILLISECONDS)
2021-10-13 10:11:48,064 [EndpointStateMachine task thread for /127.0.0.1:13897 - 0 ] INFO  ipc.Client (Client.java:handleConnectionFailure(977)) - Retrying connect to server: localhost/127.0.0.1:13897. Already tried 14 time(s); retry policy is RetryUpToMaximumCountWithFixedSleep(maxRetries=15, sleepTime=1000 MILLISECONDS)
2021-10-13 10:11:48,363 [EndpointStateMachine task thread for /127.0.0.1:13887 - 0 ] INFO  ipc.Client (Client.java:handleConnectionFailure(977)) - Retrying connect to server: localhost/127.0.0.1:13887. Already tried 11 time(s); retry policy is RetryUpToMaximumCountWithFixedSleep(maxRetries=15, sleepTime=1000 MILLISECONDS)
2021-10-13 10:11:48,398 [EndpointStateMachine task thread for /127.0.0.1:13877 - 0 ] INFO  ipc.Client (Client.java:handleConnectionFailure(977)) - Retrying connect to server: localhost/127.0.0.1:13877. Already tried 14 time(s); retry policy is RetryUpToMaximumCountWithFixedSleep(maxRetries=15, sleepTime=1000 MILLISECONDS)
2021-10-13 10:11:49,065 [EndpointStateMachine task thread for /127.0.0.1:13897 - 0 ] INFO  ipc.Client (Client.java:handleConnectionFailure(977)) - Retrying connect to server: localhost/127.0.0.1:13897. Already tried 0 time(s); retry policy is RetryUpToMaximumCountWithFixedSleep(maxRetries=15, sleepTime=1000 MILLISECONDS)
2021-10-13 10:11:49,138 [Datanode State Machine Thread - 0] ERROR datanode.RunningDatanodeState (RunningDatanodeState.java:computeNextContainerState(199)) - Error in executing end point task.
java.util.concurrent.ExecutionException: java.util.concurrent.TimeoutException
	at java.util.concurrent.FutureTask.report(FutureTask.java:122)
	at java.util.concurrent.FutureTask.get(FutureTask.java:192)
	at org.apache.hadoop.ozone.container.common.states.datanode.RunningDatanodeState.computeNextContainerState(RunningDatanodeState.java:191)
	at org.apache.hadoop.ozone.container.common.states.datanode.RunningDatanodeState.await(RunningDatanodeState.java:231)
	at org.apache.hadoop.ozone.container.common.states.datanode.RunningDatanodeState.await(RunningDatanodeState.java:50)
	at org.apache.hadoop.ozone.container.common.statemachine.StateContext.execute(StateContext.java:629)
	at org.apache.hadoop.ozone.container.common.statemachine.DatanodeStateMachine.start(DatanodeStateMachine.java:276)
	at org.apache.hadoop.ozone.container.common.statemachine.DatanodeStateMachine.lambda$startDaemon$0(DatanodeStateMachine.java:464)
	at java.lang.Thread.run(Thread.java:748)
Caused by: java.util.concurrent.TimeoutException
	at java.util.concurrent.FutureTask.get(FutureTask.java:205)
	at org.apache.hadoop.ozone.container.common.states.datanode.RunningDatanodeState.lambda$execute$0(RunningDatanodeState.java:149)
	at java.util.concurrent.FutureTask.run(FutureTask.java:266)
	at java.util.concurrent.Executors$RunnableAdapter.call(Executors.java:511)
	at java.util.concurrent.FutureTask.run(FutureTask.java:266)
	at java.util.concurrent.ThreadPoolExecutor.runWorker(ThreadPoolExecutor.java:1149)
	at java.util.concurrent.ThreadPoolExecutor$Worker.run(ThreadPoolExecutor.java:624)
	... 1 more
2021-10-13 10:11:49,363 [EndpointStateMachine task thread for /127.0.0.1:13887 - 0 ] INFO  ipc.Client (Client.java:handleConnectionFailure(977)) - Retrying connect to server: localhost/127.0.0.1:13887. Already tried 12 time(s); retry policy is RetryUpToMaximumCountWithFixedSleep(maxRetries=15, sleepTime=1000 MILLISECONDS)
2021-10-13 10:11:49,399 [EndpointStateMachine task thread for /127.0.0.1:13877 - 0 ] INFO  ipc.Client (Client.java:handleConnectionFailure(977)) - Retrying connect to server: localhost/127.0.0.1:13877. Already tried 0 time(s); retry policy is RetryUpToMaximumCountWithFixedSleep(maxRetries=15, sleepTime=1000 MILLISECONDS)
2021-10-13 10:11:49,405 [3e49b098-f263-4746-8850-a06a1becd7d6@group-88C8CD7CA178-LeaderStateImpl] INFO  server.RaftServer$Division (ServerState.java:setRaftConf(387)) - 3e49b098-f263-4746-8850-a06a1becd7d6@group-88C8CD7CA178: set configuration 25: [3e49b098-f263-4746-8850-a06a1becd7d6|rpc:localhost:14236|admin:|client:|dataStream:|priority:0, 331de3d1-09e8-4a6e-81ce-27fbcffaf652|rpc:localhost:14256|priority:0, f92345f7-de12-4b3d-8fd2-3689378a4141|rpc:localhost:14246|priority:0], old=[3e49b098-f263-4746-8850-a06a1becd7d6|rpc:localhost:14236|admin:|client:|dataStream:|priority:0, f92345f7-de12-4b3d-8fd2-3689378a4141|rpc:localhost:14246|priority:0]
2021-10-13 10:11:49,412 [grpc-default-executor-2] INFO  server.RaftServer$Division (ServerState.java:setRaftConf(387)) - 331de3d1-09e8-4a6e-81ce-27fbcffaf652@group-88C8CD7CA178: set configuration 25: [3e49b098-f263-4746-8850-a06a1becd7d6|rpc:localhost:14236|admin:|client:|dataStream:|priority:0, 331de3d1-09e8-4a6e-81ce-27fbcffaf652|rpc:localhost:14256|admin:|client:|dataStream:|priority:0, f92345f7-de12-4b3d-8fd2-3689378a4141|rpc:localhost:14246|admin:|client:|dataStream:|priority:0], old=[3e49b098-f263-4746-8850-a06a1becd7d6|rpc:localhost:14236|admin:|client:|dataStream:|priority:0, f92345f7-de12-4b3d-8fd2-3689378a4141|rpc:localhost:14246|admin:|client:|dataStream:|priority:0]
2021-10-13 10:11:49,413 [grpc-default-executor-2] INFO  segmented.SegmentedRaftLogWorker (SegmentedRaftLogWorker.java:startLogSegment(394)) - 331de3d1-09e8-4a6e-81ce-27fbcffaf652@group-88C8CD7CA178-SegmentedRaftLogWorker: Starting segment from index:25
2021-10-13 10:11:49,415 [331de3d1-09e8-4a6e-81ce-27fbcffaf652@group-88C8CD7CA178-SegmentedRaftLogWorker] INFO  segmented.SegmentedRaftLogWorker (SegmentedRaftLogWorker.java:execute(601)) - 331de3d1-09e8-4a6e-81ce-27fbcffaf652@group-88C8CD7CA178-SegmentedRaftLogWorker: created new log segment /home/runner/work/ozone/ozone/hadoop-ozone/integration-test/target/test-dir/MiniOzoneClusterImpl-7a3c196b-86f6-4848-923d-88c8cd7ca178/scmNode-3/scm-ha/7a3c196b-86f6-4848-923d-88c8cd7ca178/current/log_inprogress_25
2021-10-13 10:11:49,416 [grpc-default-executor-2] INFO  server.RaftServer$Division (ServerState.java:setRaftConf(387)) - f92345f7-de12-4b3d-8fd2-3689378a4141@group-88C8CD7CA178: set configuration 25: [3e49b098-f263-4746-8850-a06a1becd7d6|rpc:localhost:14236|admin:|client:|dataStream:|priority:0, 331de3d1-09e8-4a6e-81ce-27fbcffaf652|rpc:localhost:14256|admin:|client:|dataStream:|priority:0, f92345f7-de12-4b3d-8fd2-3689378a4141|rpc:localhost:14246|admin:|client:|dataStream:|priority:0], old=[3e49b098-f263-4746-8850-a06a1becd7d6|rpc:localhost:14236|admin:|client:|dataStream:|priority:0, f92345f7-de12-4b3d-8fd2-3689378a4141|rpc:localhost:14246|admin:|client:|dataStream:|priority:0]
2021-10-13 10:11:49,425 [3e49b098-f263-4746-8850-a06a1becd7d6@group-88C8CD7CA178-LeaderStateImpl] INFO  server.RaftServer$Division (ServerState.java:setRaftConf(387)) - 3e49b098-f263-4746-8850-a06a1becd7d6@group-88C8CD7CA178: set configuration 27: [3e49b098-f263-4746-8850-a06a1becd7d6|rpc:localhost:14236|admin:|client:|dataStream:|priority:0, 331de3d1-09e8-4a6e-81ce-27fbcffaf652|rpc:localhost:14256|priority:0, f92345f7-de12-4b3d-8fd2-3689378a4141|rpc:localhost:14246|priority:0], old=null
2021-10-13 10:11:49,426 [3e49b098-f263-4746-8850-a06a1becd7d6@group-88C8CD7CA178-StateMachineUpdater] INFO  ha.SCMStateMachine (SCMStateMachine.java:takeSnapshot(290)) - Current Snapshot Index 25, takeSnapshot took 0 ms
2021-10-13 10:11:49,426 [3e49b098-f263-4746-8850-a06a1becd7d6@group-88C8CD7CA178-StateMachineUpdater] INFO  impl.StateMachineUpdater (StateMachineUpdater.java:takeSnapshot(281)) - 3e49b098-f263-4746-8850-a06a1becd7d6@group-88C8CD7CA178-StateMachineUpdater: Took a snapshot at index 25
2021-10-13 10:11:49,426 [3e49b098-f263-4746-8850-a06a1becd7d6@group-88C8CD7CA178-StateMachineUpdater] INFO  impl.StateMachineUpdater (StateMachineUpdater.java:lambda$new$0(89)) - 3e49b098-f263-4746-8850-a06a1becd7d6@group-88C8CD7CA178-StateMachineUpdater: snapshotIndex: updateIncreasingly 20 -> 25
2021-10-13 10:11:49,426 [3e49b098-f263-4746-8850-a06a1becd7d6@group-88C8CD7CA178-StateMachineUpdater] INFO  raftlog.RaftLog (RaftLogBase.java:purge(306)) - 3e49b098-f263-4746-8850-a06a1becd7d6@group-88C8CD7CA178-SegmentedRaftLog: purge 25
2021-10-13 10:11:49,426 [3e49b098-f263-4746-8850-a06a1becd7d6@group-88C8CD7CA178-StateMachineUpdater] INFO  raftlog.RaftLog (RaftLogBase.java:lambda$new$0(53)) - 3e49b098-f263-4746-8850-a06a1becd7d6@group-88C8CD7CA178-SegmentedRaftLog: snapshotIndex: updateIncreasingly 20 -> 25
2021-10-13 10:11:49,426 [3e49b098-f263-4746-8850-a06a1becd7d6@group-88C8CD7CA178-StateMachineUpdater] INFO  raftlog.RaftLog (RaftLogBase.java:lambda$new$0(53)) - 3e49b098-f263-4746-8850-a06a1becd7d6@group-88C8CD7CA178-SegmentedRaftLog: purgeIndex: updateToMax old=20, new=25, updated? true
2021-10-13 10:11:49,427 [grpc-default-executor-3] INFO  server.RaftServer$Division (ServerState.java:setRaftConf(387)) - f92345f7-de12-4b3d-8fd2-3689378a4141@group-88C8CD7CA178: set configuration 27: [3e49b098-f263-4746-8850-a06a1becd7d6|rpc:localhost:14236|admin:|client:|dataStream:|priority:0, 331de3d1-09e8-4a6e-81ce-27fbcffaf652|rpc:localhost:14256|admin:|client:|dataStream:|priority:0, f92345f7-de12-4b3d-8fd2-3689378a4141|rpc:localhost:14246|admin:|client:|dataStream:|priority:0], old=null
2021-10-13 10:11:49,427 [grpc-default-executor-2] INFO  server.RaftServer$Division (ServerState.java:setRaftConf(387)) - 331de3d1-09e8-4a6e-81ce-27fbcffaf652@group-88C8CD7CA178: set configuration 27: [3e49b098-f263-4746-8850-a06a1becd7d6|rpc:localhost:14236|admin:|client:|dataStream:|priority:0, 331de3d1-09e8-4a6e-81ce-27fbcffaf652|rpc:localhost:14256|admin:|client:|dataStream:|priority:0, f92345f7-de12-4b3d-8fd2-3689378a4141|rpc:localhost:14246|admin:|client:|dataStream:|priority:0], old=null
2021-10-13 10:11:49,437 [f92345f7-de12-4b3d-8fd2-3689378a4141@group-88C8CD7CA178-StateMachineUpdater] INFO  ha.SCMStateMachine (SCMStateMachine.java:takeSnapshot(290)) - Current Snapshot Index 25, takeSnapshot took 0 ms
2021-10-13 10:11:49,437 [f92345f7-de12-4b3d-8fd2-3689378a4141@group-88C8CD7CA178-StateMachineUpdater] INFO  impl.StateMachineUpdater (StateMachineUpdater.java:takeSnapshot(281)) - f92345f7-de12-4b3d-8fd2-3689378a4141@group-88C8CD7CA178-StateMachineUpdater: Took a snapshot at index 25
2021-10-13 10:11:49,437 [f92345f7-de12-4b3d-8fd2-3689378a4141@group-88C8CD7CA178-StateMachineUpdater] INFO  impl.StateMachineUpdater (StateMachineUpdater.java:lambda$new$0(89)) - f92345f7-de12-4b3d-8fd2-3689378a4141@group-88C8CD7CA178-StateMachineUpdater: snapshotIndex: updateIncreasingly 20 -> 25
2021-10-13 10:11:49,437 [f92345f7-de12-4b3d-8fd2-3689378a4141@group-88C8CD7CA178-StateMachineUpdater] INFO  raftlog.RaftLog (RaftLogBase.java:purge(306)) - f92345f7-de12-4b3d-8fd2-3689378a4141@group-88C8CD7CA178-SegmentedRaftLog: purge 25
2021-10-13 10:11:49,437 [f92345f7-de12-4b3d-8fd2-3689378a4141@group-88C8CD7CA178-StateMachineUpdater] INFO  raftlog.RaftLog (RaftLogBase.java:lambda$new$0(53)) - f92345f7-de12-4b3d-8fd2-3689378a4141@group-88C8CD7CA178-SegmentedRaftLog: snapshotIndex: updateIncreasingly 20 -> 25
2021-10-13 10:11:49,438 [f92345f7-de12-4b3d-8fd2-3689378a4141@group-88C8CD7CA178-StateMachineUpdater] INFO  raftlog.RaftLog (RaftLogBase.java:lambda$new$0(53)) - f92345f7-de12-4b3d-8fd2-3689378a4141@group-88C8CD7CA178-SegmentedRaftLog: purgeIndex: updateToMax old=20, new=25, updated? true
2021-10-13 10:11:49,438 [IPC Server handler 2 on default port 14238] INFO  ha.SCMRatisServerImpl (SCMRatisServerImpl.java:addSCM(302)) - Successfully added new SCM: 331de3d1-09e8-4a6e-81ce-27fbcffaf652.
2021-10-13 10:11:49,440 [Listener at 127.0.0.1/11284] INFO  ha.SCMHAManagerImpl (SCMHAManagerImpl.java:start(116)) - Successfully added SCM scmNode-3 to group group-88C8CD7CA178:[3e49b098-f263-4746-8850-a06a1becd7d6|rpc:localhost:14236|admin:|client:|dataStream:|priority:0, 331de3d1-09e8-4a6e-81ce-27fbcffaf652|rpc:localhost:14256|admin:|client:|dataStream:|priority:0, f92345f7-de12-4b3d-8fd2-3689378a4141|rpc:localhost:14246|admin:|client:|dataStream:|priority:0]
2021-10-13 10:11:49,440 [Listener at 127.0.0.1/11284] INFO  ha.InterSCMGrpcService (InterSCMGrpcProtocolService.java:start(94)) - Starting SCM Grpc Service at port 14260
2021-10-13 10:11:49,442 [331de3d1-09e8-4a6e-81ce-27fbcffaf652@group-88C8CD7CA178-StateMachineUpdater] INFO  safemode.HealthyPipelineSafeModeRule (HealthyPipelineSafeModeRule.java:initializeRule(152)) - Refreshed total pipeline count is 1, healthy pipeline threshold count is 1
2021-10-13 10:11:49,442 [331de3d1-09e8-4a6e-81ce-27fbcffaf652@group-88C8CD7CA178-StateMachineUpdater] INFO  safemode.ContainerSafeModeRule (ContainerSafeModeRule.java:reInitializeRule(177)) - Refreshed one replica container threshold 0, currentThreshold 0
2021-10-13 10:11:49,442 [331de3d1-09e8-4a6e-81ce-27fbcffaf652@group-88C8CD7CA178-StateMachineUpdater] INFO  safemode.OneReplicaPipelineSafeModeRule (OneReplicaPipelineSafeModeRule.java:initializeRule(176)) - Refreshed Total pipeline count is 1, pipeline's with at least one datanode reported threshold count is 1
2021-10-13 10:11:49,442 [331de3d1-09e8-4a6e-81ce-27fbcffaf652@group-88C8CD7CA178-StateMachineUpdater] INFO  server.SCMDatanodeProtocolServer (SCMDatanodeProtocolServer.java:start(181)) - RPC server for DataNodes is listening at /0.0.0.0:14257
2021-10-13 10:11:49,445 [Listener at 127.0.0.1/11284] INFO  impl.MetricsSystemImpl (MetricsSystemImpl.java:init(158)) - StorageContainerManager metrics system started (again)
2021-10-13 10:11:49,470 [IPC Server listener on 14257] INFO  ipc.Server (Server.java:run(1344)) - IPC Server listener on 14257: starting
2021-10-13 10:11:49,488 [IPC Server Responder] INFO  ipc.Server (Server.java:run(1507)) - IPC Server Responder: starting
2021-10-13 10:11:49,550 [Listener at 127.0.0.1/11284] INFO  server.SCMClientProtocolServer (SCMClientProtocolServer.java:start(164)) - RPC server for Client  is listening at /0.0.0.0:14259
2021-10-13 10:11:49,554 [IPC Server Responder] INFO  ipc.Server (Server.java:run(1507)) - IPC Server Responder: starting
2021-10-13 10:11:49,555 [IPC Server listener on 14259] INFO  ipc.Server (Server.java:run(1344)) - IPC Server listener on 14259: starting
2021-10-13 10:11:49,570 [Listener at 127.0.0.1/11284] INFO  server.StorageContainerManager (StorageContainerManager.java:start(1318)) - ScmBlockLocationProtocol RPC server is listening at /0.0.0.0:14258
2021-10-13 10:11:49,571 [Listener at 127.0.0.1/11284] INFO  server.SCMBlockProtocolServer (SCMBlockProtocolServer.java:start(151)) - RPC server for Block Protocol is listening at /0.0.0.0:14258
2021-10-13 10:11:49,571 [IPC Server Responder] INFO  ipc.Server (Server.java:run(1507)) - IPC Server Responder: starting
2021-10-13 10:11:49,571 [IPC Server listener on 14258] INFO  ipc.Server (Server.java:run(1344)) - IPC Server listener on 14258: starting
2021-10-13 10:11:49,586 [Listener at 127.0.0.1/11284] INFO  server.StorageContainerManager (StorageContainerManager.java:start(1324)) - ScmDatanodeProtocl RPC server is listening at /0.0.0.0:14257
2021-10-13 10:11:49,596 [IPC Server handler 2 on default port 14257] INFO  ipc.Server (Server.java:run(1026)) - IPC Server handler 2 on default port 14257: skipped Call#377 Retry#0 org.apache.hadoop.ozone.protocol.StorageContainerDatanodeProtocol.submitRequest from 127.0.0.1:49262
2021-10-13 10:11:49,596 [IPC Server handler 2 on default port 14257] INFO  ipc.Server (Server.java:run(1026)) - IPC Server handler 2 on default port 14257: skipped Call#304 Retry#0 org.apache.hadoop.ozone.protocol.StorageContainerDatanodeProtocol.submitRequest from 127.0.0.1:49170
2021-10-13 10:11:49,596 [IPC Server handler 2 on default port 14257] INFO  ipc.Server (Server.java:run(1026)) - IPC Server handler 2 on default port 14257: skipped Call#262 Retry#0 org.apache.hadoop.ozone.protocol.StorageContainerDatanodeProtocol.submitRequest from 127.0.0.1:49120
2021-10-13 10:11:49,600 [Listener at 127.0.0.1/11284] INFO  http.BaseHttpServer (BaseHttpServer.java:newHttpServer2BuilderForOzone(209)) - Starting Web-server for scm at: http://0.0.0.0:14254
2021-10-13 10:11:49,600 [Listener at 127.0.0.1/11284] INFO  http.BaseHttpServer (BaseHttpServer.java:<init>(107)) - Hadoop Security Enabled: false Ozone Security Enabled: false Ozone HTTP Security Enabled: false 
2021-10-13 10:11:49,601 [a78bc827-a10e-4e71-88ed-094b4b7dc052@group-CFD79ED7D8C4-FollowerState] INFO  impl.FollowerState (FollowerState.java:run(134)) - a78bc827-a10e-4e71-88ed-094b4b7dc052@group-CFD79ED7D8C4-FollowerState: change to CANDIDATE, lastRpcElapsedTime:5078545623ns, electionTimeout:5071ms
2021-10-13 10:11:49,601 [a78bc827-a10e-4e71-88ed-094b4b7dc052@group-CFD79ED7D8C4-FollowerState] INFO  impl.RoleInfo (RoleInfo.java:shutdownFollowerState(108)) - a78bc827-a10e-4e71-88ed-094b4b7dc052: shutdown a78bc827-a10e-4e71-88ed-094b4b7dc052@group-CFD79ED7D8C4-FollowerState
2021-10-13 10:11:49,601 [a78bc827-a10e-4e71-88ed-094b4b7dc052@group-CFD79ED7D8C4-FollowerState] INFO  server.RaftServer$Division (RaftServerImpl.java:setRole(285)) - a78bc827-a10e-4e71-88ed-094b4b7dc052@group-CFD79ED7D8C4: changes role from  FOLLOWER to CANDIDATE at term 3 for changeToCandidate
2021-10-13 10:11:49,602 [IPC Server handler 3 on default port 14257] INFO  ipc.Server (Server.java:run(1026)) - IPC Server handler 3 on default port 14257: skipped Call#241 Retry#0 org.apache.hadoop.ozone.protocol.StorageContainerDatanodeProtocol.submitRequest from 127.0.0.1:49078
2021-10-13 10:11:49,602 [a78bc827-a10e-4e71-88ed-094b4b7dc052@group-CFD79ED7D8C4-FollowerState] INFO  server.RaftServerConfigKeys (ConfUtils.java:logGet(44)) - raft.server.leaderelection.pre-vote = false (custom)
2021-10-13 10:11:49,602 [a78bc827-a10e-4e71-88ed-094b4b7dc052@group-CFD79ED7D8C4-FollowerState] INFO  impl.RoleInfo (RoleInfo.java:updateAndGet(130)) - a78bc827-a10e-4e71-88ed-094b4b7dc052: start a78bc827-a10e-4e71-88ed-094b4b7dc052@group-CFD79ED7D8C4-LeaderElection34
2021-10-13 10:11:49,600 [org.apache.hadoop.util.JvmPauseMonitor$Monitor@20d7df93] INFO  util.JvmPauseMonitor (JvmPauseMonitor.java:run(188)) - Starting JVM pause monitor
2021-10-13 10:11:49,602 [IPC Server handler 3 on default port 14257] INFO  ipc.Server (Server.java:run(1026)) - IPC Server handler 3 on default port 14257: skipped Call#342 Retry#0 org.apache.hadoop.ozone.protocol.StorageContainerDatanodeProtocol.submitRequest from 127.0.0.1:49216
2021-10-13 10:11:49,602 [IPC Server handler 3 on default port 14257] INFO  ipc.Server (Server.java:run(1026)) - IPC Server handler 3 on default port 14257: skipped Call#305 Retry#0 org.apache.hadoop.ozone.protocol.StorageContainerDatanodeProtocol.submitRequest from 127.0.0.1:49170
2021-10-13 10:11:49,602 [IPC Server handler 3 on default port 14257] INFO  ipc.Server (Server.java:run(1026)) - IPC Server handler 3 on default port 14257: skipped Call#263 Retry#0 org.apache.hadoop.ozone.protocol.StorageContainerDatanodeProtocol.submitRequest from 127.0.0.1:49120
2021-10-13 10:11:49,601 [Listener at 127.0.0.1/11284] INFO  server.AuthenticationFilter (AuthenticationFilter.java:constructSecretProvider(240)) - Unable to initialize FileSignerSecretProvider, falling back to use random secrets.
2021-10-13 10:11:49,609 [Listener at 127.0.0.1/11284] WARN  http.HttpRequestLog (HttpRequestLog.java:getRequestLog(103)) - Jetty request log can only be enabled using Log4j
2021-10-13 10:11:49,611 [IPC Server handler 10 on default port 14257] INFO  ipc.Server (Server.java:run(1026)) - IPC Server handler 10 on default port 14257: skipped Call#343 Retry#0 org.apache.hadoop.ozone.protocol.StorageContainerDatanodeProtocol.submitRequest from 127.0.0.1:49216
2021-10-13 10:11:49,610 [IPC Server handler 8 on default port 14257] INFO  ipc.Server (Server.java:run(1026)) - IPC Server handler 8 on default port 14257: skipped Call#306 Retry#0 org.apache.hadoop.ozone.protocol.StorageContainerDatanodeProtocol.submitRequest from 127.0.0.1:49170
2021-10-13 10:11:49,610 [IPC Server handler 7 on default port 14257] INFO  ipc.Server (Server.java:run(1026)) - IPC Server handler 7 on default port 14257: skipped Call#379 Retry#0 org.apache.hadoop.ozone.protocol.StorageContainerDatanodeProtocol.submitRequest from 127.0.0.1:49262
2021-10-13 10:11:49,610 [IPC Server handler 6 on default port 14257] INFO  ipc.Server (Server.java:run(1026)) - IPC Server handler 6 on default port 14257: skipped Call#344 Retry#0 org.apache.hadoop.ozone.protocol.StorageContainerDatanodeProtocol.submitRequest from 127.0.0.1:49216
2021-10-13 10:11:49,610 [IPC Server handler 5 on default port 14257] INFO  ipc.Server (Server.java:run(1026)) - IPC Server handler 5 on default port 14257: skipped Call#244 Retry#0 org.apache.hadoop.ozone.protocol.StorageContainerDatanodeProtocol.submitRequest from 127.0.0.1:49078
2021-10-13 10:11:49,610 [IPC Server handler 4 on default port 14257] INFO  ipc.Server (Server.java:run(1026)) - IPC Server handler 4 on default port 14257: skipped Call#378 Retry#0 org.apache.hadoop.ozone.protocol.StorageContainerDatanodeProtocol.submitRequest from 127.0.0.1:49262
2021-10-13 10:11:49,614 [EndpointStateMachine task thread for /127.0.0.1:14257 - 0 ] INFO  ozoneimpl.OzoneContainer (OzoneContainer.java:start(300)) - Ignore. OzoneContainer already started.
2021-10-13 10:11:49,614 [Listener at 127.0.0.1/11284] INFO  http.HttpServer2 (HttpServer2.java:addGlobalFilter(1030)) - Added global filter 'safety' (class=org.apache.hadoop.hdds.server.http.HttpServer2$QuotingInputFilter)
2021-10-13 10:11:49,621 [Listener at 127.0.0.1/11284] INFO  http.HttpServer2 (HttpServer2.java:addFilter(1006)) - Added filter static_user_filter (class=org.apache.hadoop.http.lib.StaticUserWebFilter$StaticUserFilter) to context scm
2021-10-13 10:11:49,621 [Listener at 127.0.0.1/11284] INFO  http.HttpServer2 (HttpServer2.java:addFilter(1014)) - Added filter static_user_filter (class=org.apache.hadoop.http.lib.StaticUserWebFilter$StaticUserFilter) to context logs
2021-10-13 10:11:49,621 [Listener at 127.0.0.1/11284] INFO  http.HttpServer2 (HttpServer2.java:addFilter(1014)) - Added filter static_user_filter (class=org.apache.hadoop.http.lib.StaticUserWebFilter$StaticUserFilter) to context static
2021-10-13 10:11:49,622 [Listener at 127.0.0.1/11284] INFO  http.HttpServer2 (HttpServer2.java:bindListener(1249)) - Jetty bound to port 14254
2021-10-13 10:11:49,622 [Listener at 127.0.0.1/11284] INFO  server.Server (Server.java:doStart(375)) - jetty-9.4.43.v20210629; built: 2021-06-30T11:07:22.254Z; git: 526006ecfa3af7f1a27ef3a288e2bef7ea9dd7e8; jvm 1.8.0_292-b10
2021-10-13 10:11:49,622 [EndpointStateMachine task thread for /127.0.0.1:14257 - 0 ] INFO  ozoneimpl.OzoneContainer (OzoneContainer.java:start(300)) - Ignore. OzoneContainer already started.
2021-10-13 10:11:49,623 [EndpointStateMachine task thread for /127.0.0.1:14257 - 0 ] INFO  ozoneimpl.OzoneContainer (OzoneContainer.java:start(300)) - Ignore. OzoneContainer already started.
2021-10-13 10:11:49,613 [IPC Server handler 1 on default port 14257] WARN  ipc.Server (Server.java:processResponse(1717)) - IPC Server handler 1 on default port 14257, call Call#238 Retry#0 org.apache.hadoop.ozone.protocol.StorageContainerDatanodeProtocol.submitRequest from 127.0.0.1:49078: output error
2021-10-13 10:11:49,613 [IPC Server handler 0 on default port 14257] WARN  ipc.Server (Server.java:processResponse(1717)) - IPC Server handler 0 on default port 14257, call Call#261 Retry#0 org.apache.hadoop.ozone.protocol.StorageContainerDatanodeProtocol.submitRequest from 127.0.0.1:49120: output error
2021-10-13 10:11:49,613 [a78bc827-a10e-4e71-88ed-094b4b7dc052@group-CFD79ED7D8C4-LeaderElection34] INFO  impl.LeaderElection (LeaderElection.java:askForVotes(306)) - a78bc827-a10e-4e71-88ed-094b4b7dc052@group-CFD79ED7D8C4-LeaderElection34 ELECTION round 0: submit vote requests at term 4 for -1: [83908b8c-1318-4212-96d2-7cdb43457491|rpc:127.0.0.1:46375|dataStream:|priority:0, 83da085b-8d99-4632-b443-c6596217d352|rpc:127.0.0.1:34351|dataStream:|priority:0, a78bc827-a10e-4e71-88ed-094b4b7dc052|rpc:127.0.0.1:44771|dataStream:|priority:1], old=null
2021-10-13 10:11:49,623 [IPC Server handler 0 on default port 14257] INFO  ipc.Server (Server.java:run(2979)) - IPC Server handler 0 on default port 14257 caught an exception
java.nio.channels.ClosedChannelException
	at sun.nio.ch.SocketChannelImpl.ensureWriteOpen(SocketChannelImpl.java:269)
	at sun.nio.ch.SocketChannelImpl.write(SocketChannelImpl.java:460)
	at org.apache.hadoop.ipc.Server.channelWrite(Server.java:3605)
	at org.apache.hadoop.ipc.Server.access$1700(Server.java:141)
	at org.apache.hadoop.ipc.Server$Responder.processResponse(Server.java:1667)
	at org.apache.hadoop.ipc.Server$Responder.doRespond(Server.java:1737)
	at org.apache.hadoop.ipc.Server$Connection.sendResponse(Server.java:2837)
	at org.apache.hadoop.ipc.Server$Connection.access$300(Server.java:1809)
	at org.apache.hadoop.ipc.Server$RpcCall.doResponse(Server.java:1117)
	at org.apache.hadoop.ipc.Server$Call.doResponse(Server.java:909)
	at org.apache.hadoop.ipc.Server$Call.sendResponse(Server.java:895)
	at org.apache.hadoop.ipc.Server$RpcCall.run(Server.java:1052)
	at org.apache.hadoop.ipc.Server$RpcCall.run(Server.java:963)
	at java.security.AccessController.doPrivileged(Native Method)
	at javax.security.auth.Subject.doAs(Subject.java:422)
	at org.apache.hadoop.security.UserGroupInformation.doAs(UserGroupInformation.java:1878)
	at org.apache.hadoop.ipc.Server$Handler.run(Server.java:2966)
2021-10-13 10:11:49,623 [IPC Server handler 1 on default port 14257] INFO  ipc.Server (Server.java:run(2979)) - IPC Server handler 1 on default port 14257 caught an exception
java.nio.channels.ClosedChannelException
	at sun.nio.ch.SocketChannelImpl.ensureWriteOpen(SocketChannelImpl.java:269)
	at sun.nio.ch.SocketChannelImpl.write(SocketChannelImpl.java:460)
	at org.apache.hadoop.ipc.Server.channelWrite(Server.java:3605)
	at org.apache.hadoop.ipc.Server.access$1700(Server.java:141)
	at org.apache.hadoop.ipc.Server$Responder.processResponse(Server.java:1667)
	at org.apache.hadoop.ipc.Server$Responder.doRespond(Server.java:1737)
	at org.apache.hadoop.ipc.Server$Connection.sendResponse(Server.java:2837)
	at org.apache.hadoop.ipc.Server$Connection.access$300(Server.java:1809)
	at org.apache.hadoop.ipc.Server$RpcCall.doResponse(Server.java:1117)
	at org.apache.hadoop.ipc.Server$Call.doResponse(Server.java:909)
	at org.apache.hadoop.ipc.Server$Call.sendResponse(Server.java:895)
	at org.apache.hadoop.ipc.Server$RpcCall.run(Server.java:1052)
	at org.apache.hadoop.ipc.Server$RpcCall.run(Server.java:963)
	at java.security.AccessController.doPrivileged(Native Method)
	at javax.security.auth.Subject.doAs(Subject.java:422)
	at org.apache.hadoop.security.UserGroupInformation.doAs(UserGroupInformation.java:1878)
	at org.apache.hadoop.ipc.Server$Handler.run(Server.java:2966)
2021-10-13 10:11:49,638 [grpc-default-executor-2] INFO  server.RaftServer$Division (RaftServerImpl.java:requestVote(1043)) - 83908b8c-1318-4212-96d2-7cdb43457491@group-CFD79ED7D8C4: receive requestVote(ELECTION, a78bc827-a10e-4e71-88ed-094b4b7dc052, group-CFD79ED7D8C4, 4, (t:0, i:0))
2021-10-13 10:11:49,638 [grpc-default-executor-2] INFO  impl.VoteContext (VoteContext.java:log(48)) - 83908b8c-1318-4212-96d2-7cdb43457491@group-CFD79ED7D8C4-FOLLOWER: accept ELECTION from a78bc827-a10e-4e71-88ed-094b4b7dc052: our priority 0 <= candidate's priority 1
2021-10-13 10:11:49,639 [grpc-default-executor-2] INFO  server.RaftServer$Division (RaftServerImpl.java:setRole(285)) - 83908b8c-1318-4212-96d2-7cdb43457491@group-CFD79ED7D8C4: changes role from  FOLLOWER to FOLLOWER at term 4 for candidate:a78bc827-a10e-4e71-88ed-094b4b7dc052
2021-10-13 10:11:49,639 [grpc-default-executor-2] INFO  impl.RoleInfo (RoleInfo.java:shutdownFollowerState(108)) - 83908b8c-1318-4212-96d2-7cdb43457491: shutdown 83908b8c-1318-4212-96d2-7cdb43457491@group-CFD79ED7D8C4-FollowerState
2021-10-13 10:11:49,642 [grpc-default-executor-3] INFO  server.RaftServer$Division (RaftServerImpl.java:requestVote(1043)) - 83da085b-8d99-4632-b443-c6596217d352@group-CFD79ED7D8C4: receive requestVote(ELECTION, a78bc827-a10e-4e71-88ed-094b4b7dc052, group-CFD79ED7D8C4, 4, (t:0, i:0))
2021-10-13 10:11:49,643 [grpc-default-executor-3] INFO  impl.VoteContext (VoteContext.java:log(48)) - 83da085b-8d99-4632-b443-c6596217d352@group-CFD79ED7D8C4-FOLLOWER: accept ELECTION from a78bc827-a10e-4e71-88ed-094b4b7dc052: our priority 0 <= candidate's priority 1
2021-10-13 10:11:49,643 [grpc-default-executor-3] INFO  server.RaftServer$Division (RaftServerImpl.java:setRole(285)) - 83da085b-8d99-4632-b443-c6596217d352@group-CFD79ED7D8C4: changes role from  FOLLOWER to FOLLOWER at term 4 for candidate:a78bc827-a10e-4e71-88ed-094b4b7dc052
2021-10-13 10:11:49,643 [grpc-default-executor-3] INFO  impl.RoleInfo (RoleInfo.java:shutdownFollowerState(108)) - 83da085b-8d99-4632-b443-c6596217d352: shutdown 83da085b-8d99-4632-b443-c6596217d352@group-CFD79ED7D8C4-FollowerState
2021-10-13 10:11:49,643 [Listener at 127.0.0.1/11284] INFO  server.session (DefaultSessionIdManager.java:doStart(334)) - DefaultSessionIdManager workerName=node0
2021-10-13 10:11:49,643 [Listener at 127.0.0.1/11284] INFO  server.session (DefaultSessionIdManager.java:doStart(339)) - No SessionScavenger set, using defaults
2021-10-13 10:11:49,644 [Listener at 127.0.0.1/11284] INFO  server.session (HouseKeeper.java:startScavenging(132)) - node0 Scavenging every 600000ms
2021-10-13 10:11:49,644 [Listener at 127.0.0.1/11284] INFO  handler.ContextHandler (ContextHandler.java:doStart(915)) - Started o.e.j.s.ServletContextHandler@c382f4f{logs,/logs,file:///home/runner/work/ozone/ozone/hadoop-ozone/integration-test/target/log,AVAILABLE}
2021-10-13 10:11:49,645 [Listener at 127.0.0.1/11284] INFO  handler.ContextHandler (ContextHandler.java:doStart(915)) - Started o.e.j.s.ServletContextHandler@1d4c5f8b{static,/static,file:///home/runner/work/ozone/ozone/hadoop-ozone/integration-test/target/test-classes/webapps/static,AVAILABLE}
2021-10-13 10:11:49,647 [83da085b-8d99-4632-b443-c6596217d352@group-CFD79ED7D8C4-FollowerState] INFO  impl.FollowerState (FollowerState.java:run(143)) - 83da085b-8d99-4632-b443-c6596217d352@group-CFD79ED7D8C4-FollowerState was interrupted: {}
java.lang.InterruptedException: sleep interrupted
	at java.lang.Thread.sleep(Native Method)
	at java.lang.Thread.sleep(Thread.java:340)
	at java.util.concurrent.TimeUnit.sleep(TimeUnit.java:386)
	at org.apache.ratis.util.TimeDuration.sleep(TimeDuration.java:324)
	at org.apache.ratis.util.TimeDuration.sleep(TimeDuration.java:309)
	at org.apache.ratis.server.impl.FollowerState.run(FollowerState.java:118)
2021-10-13 10:11:49,647 [grpc-default-executor-2] INFO  impl.RoleInfo (RoleInfo.java:updateAndGet(130)) - 83908b8c-1318-4212-96d2-7cdb43457491: start 83908b8c-1318-4212-96d2-7cdb43457491@group-CFD79ED7D8C4-FollowerState
2021-10-13 10:11:49,647 [grpc-default-executor-3] INFO  impl.RoleInfo (RoleInfo.java:updateAndGet(130)) - 83da085b-8d99-4632-b443-c6596217d352: start 83da085b-8d99-4632-b443-c6596217d352@group-CFD79ED7D8C4-FollowerState
2021-10-13 10:11:49,652 [Listener at 127.0.0.1/11284] INFO  handler.ContextHandler (ContextHandler.java:doStart(915)) - Started o.e.j.w.WebAppContext@74b99b0e{scm,/,file:///home/runner/work/ozone/ozone/hadoop-ozone/integration-test/target/test-classes/webapps/scm/,AVAILABLE}{file:/home/runner/work/ozone/ozone/hadoop-ozone/integration-test/target/test-classes/webapps/scm}
2021-10-13 10:11:49,661 [83908b8c-1318-4212-96d2-7cdb43457491@group-CFD79ED7D8C4-FollowerState] INFO  impl.FollowerState (FollowerState.java:run(143)) - 83908b8c-1318-4212-96d2-7cdb43457491@group-CFD79ED7D8C4-FollowerState was interrupted: {}
java.lang.InterruptedException: sleep interrupted
	at java.lang.Thread.sleep(Native Method)
	at java.lang.Thread.sleep(Thread.java:340)
	at java.util.concurrent.TimeUnit.sleep(TimeUnit.java:386)
	at org.apache.ratis.util.TimeDuration.sleep(TimeDuration.java:324)
	at org.apache.ratis.util.TimeDuration.sleep(TimeDuration.java:309)
	at org.apache.ratis.server.impl.FollowerState.run(FollowerState.java:118)
2021-10-13 10:11:49,664 [Listener at 127.0.0.1/11284] INFO  server.AbstractConnector (AbstractConnector.java:doStart(331)) - Started ServerConnector@7139ff5a{HTTP/1.1, (http/1.1)}{0.0.0.0:14254}
2021-10-13 10:11:49,664 [Listener at 127.0.0.1/11284] INFO  server.Server (Server.java:doStart(415)) - Started @115421ms
2021-10-13 10:11:49,664 [Listener at 127.0.0.1/11284] WARN  impl.MetricsSystemImpl (MetricsSystemImpl.java:register(279)) - Sink prometheus already exists!
2021-10-13 10:11:49,665 [grpc-default-executor-2] INFO  server.RaftServer$Division (RaftServerImpl.java:requestVote(1075)) - 83908b8c-1318-4212-96d2-7cdb43457491@group-CFD79ED7D8C4 replies to ELECTION vote request: a78bc827-a10e-4e71-88ed-094b4b7dc052<-83908b8c-1318-4212-96d2-7cdb43457491#0:OK-t4. Peer's state: 83908b8c-1318-4212-96d2-7cdb43457491@group-CFD79ED7D8C4:t4, leader=null, voted=a78bc827-a10e-4e71-88ed-094b4b7dc052, raftlog=83908b8c-1318-4212-96d2-7cdb43457491@group-CFD79ED7D8C4-SegmentedRaftLog:OPENED:c-1,f-1,i0, conf=-1: [83908b8c-1318-4212-96d2-7cdb43457491|rpc:127.0.0.1:46375|priority:0, 83da085b-8d99-4632-b443-c6596217d352|rpc:127.0.0.1:34351|priority:0, a78bc827-a10e-4e71-88ed-094b4b7dc052|rpc:127.0.0.1:44771|priority:1], old=null
2021-10-13 10:11:49,665 [Listener at 127.0.0.1/11284] INFO  http.BaseHttpServer (BaseHttpServer.java:updateConnectorAddress(329)) - HTTP server of scm listening at http://0.0.0.0:14254
2021-10-13 10:11:49,665 [Listener at 127.0.0.1/11284] INFO  safemode.SCMSafeModeManager (SCMSafeModeManager.java:exitSafeMode(248)) - SCM exiting safe mode.
2021-10-13 10:11:49,665 [Listener at 127.0.0.1/11284] WARN  events.EventQueue (EventQueue.java:fireEvent(194)) - No event handler registered for event TypedEvent{payloadType=SafeModeStatus, name='Safe mode status'}
2021-10-13 10:11:49,666 [Listener at 127.0.0.1/11284] INFO  ha.SCMContext (SCMContext.java:updateSafeModeStatus(205)) - Update SafeModeStatus from SafeModeStatus{safeModeStatus=true, preCheckPassed=false} to SafeModeStatus{safeModeStatus=false, preCheckPassed=true}.
2021-10-13 10:11:49,666 [a78bc827-a10e-4e71-88ed-094b4b7dc052@group-CFD79ED7D8C4-LeaderElection34] INFO  impl.LeaderElection (LeaderElection.java:logAndReturn(89)) - a78bc827-a10e-4e71-88ed-094b4b7dc052@group-CFD79ED7D8C4-LeaderElection34: ELECTION PASSED received 1 response(s) and 0 exception(s):
2021-10-13 10:11:49,666 [a78bc827-a10e-4e71-88ed-094b4b7dc052@group-CFD79ED7D8C4-LeaderElection34] INFO  impl.LeaderElection (LeaderElection.java:logAndReturn(93)) -   Response 0: a78bc827-a10e-4e71-88ed-094b4b7dc052<-83908b8c-1318-4212-96d2-7cdb43457491#0:OK-t4
2021-10-13 10:11:49,666 [a78bc827-a10e-4e71-88ed-094b4b7dc052@group-CFD79ED7D8C4-LeaderElection34] INFO  impl.LeaderElection (LeaderElection.java:askForVotes(308)) - a78bc827-a10e-4e71-88ed-094b4b7dc052@group-CFD79ED7D8C4-LeaderElection34 ELECTION round 0: result PASSED
2021-10-13 10:11:49,666 [a78bc827-a10e-4e71-88ed-094b4b7dc052@group-CFD79ED7D8C4-LeaderElection34] INFO  impl.RoleInfo (RoleInfo.java:shutdownLeaderElection(121)) - a78bc827-a10e-4e71-88ed-094b4b7dc052: shutdown a78bc827-a10e-4e71-88ed-094b4b7dc052@group-CFD79ED7D8C4-LeaderElection34
2021-10-13 10:11:49,666 [a78bc827-a10e-4e71-88ed-094b4b7dc052@group-CFD79ED7D8C4-LeaderElection34] INFO  server.RaftServer$Division (RaftServerImpl.java:setRole(285)) - a78bc827-a10e-4e71-88ed-094b4b7dc052@group-CFD79ED7D8C4: changes role from CANDIDATE to LEADER at term 4 for changeToLeader
2021-10-13 10:11:49,666 [a78bc827-a10e-4e71-88ed-094b4b7dc052@group-CFD79ED7D8C4-LeaderElection34] INFO  ratis.XceiverServerRatis (XceiverServerRatis.java:handleLeaderChangedNotification(866)) - Leader change notification received for group: group-CFD79ED7D8C4 with new leaderId: a78bc827-a10e-4e71-88ed-094b4b7dc052
2021-10-13 10:11:49,666 [a78bc827-a10e-4e71-88ed-094b4b7dc052@group-CFD79ED7D8C4-LeaderElection34] INFO  server.RaftServer$Division (ServerState.java:setLeader(285)) - a78bc827-a10e-4e71-88ed-094b4b7dc052@group-CFD79ED7D8C4: change Leader from null to a78bc827-a10e-4e71-88ed-094b4b7dc052 at term 4 for becomeLeader, leader elected after 20559ms
2021-10-13 10:11:49,666 [a78bc827-a10e-4e71-88ed-094b4b7dc052@group-CFD79ED7D8C4-LeaderElection34] INFO  server.RaftServerConfigKeys (ConfUtils.java:logGet(44)) - raft.server.staging.catchup.gap = 1000 (default)
2021-10-13 10:11:49,666 [a78bc827-a10e-4e71-88ed-094b4b7dc052@group-CFD79ED7D8C4-LeaderElection34] INFO  server.RaftServerConfigKeys (ConfUtils.java:logGet(44)) - raft.server.write.element-limit = 1024 (custom)
2021-10-13 10:11:49,667 [a78bc827-a10e-4e71-88ed-094b4b7dc052@group-CFD79ED7D8C4-LeaderElection34] INFO  server.RaftServerConfigKeys (ConfUtils.java:logGet(44)) - raft.server.write.byte-limit = 1024 M (=1073741824) (custom)
2021-10-13 10:11:49,667 [grpc-default-executor-3] INFO  server.RaftServer$Division (RaftServerImpl.java:requestVote(1075)) - 83da085b-8d99-4632-b443-c6596217d352@group-CFD79ED7D8C4 replies to ELECTION vote request: a78bc827-a10e-4e71-88ed-094b4b7dc052<-83da085b-8d99-4632-b443-c6596217d352#0:OK-t4. Peer's state: 83da085b-8d99-4632-b443-c6596217d352@group-CFD79ED7D8C4:t4, leader=null, voted=a78bc827-a10e-4e71-88ed-094b4b7dc052, raftlog=83da085b-8d99-4632-b443-c6596217d352@group-CFD79ED7D8C4-SegmentedRaftLog:OPENED:c-1,f-1,i0, conf=-1: [83908b8c-1318-4212-96d2-7cdb43457491|rpc:127.0.0.1:46375|dataStream:|priority:0, 83da085b-8d99-4632-b443-c6596217d352|rpc:127.0.0.1:34351|dataStream:|priority:0, a78bc827-a10e-4e71-88ed-094b4b7dc052|rpc:127.0.0.1:44771|dataStream:|priority:1], old=null
2021-10-13 10:11:49,667 [a78bc827-a10e-4e71-88ed-094b4b7dc052@group-CFD79ED7D8C4-LeaderElection34] INFO  server.RaftServerConfigKeys (ConfUtils.java:logGet(44)) - raft.server.watch.timeout = 180s (custom)
2021-10-13 10:11:49,667 [a78bc827-a10e-4e71-88ed-094b4b7dc052@group-CFD79ED7D8C4-LeaderElection34] INFO  server.RaftServerConfigKeys (ConfUtils.java:logGet(44)) - raft.server.watch.timeout.denomination = 1s (default)
2021-10-13 10:11:49,667 [a78bc827-a10e-4e71-88ed-094b4b7dc052@group-CFD79ED7D8C4-LeaderElection34] INFO  server.RaftServerConfigKeys (ConfUtils.java:logGet(44)) - raft.server.watch.element-limit = 65536 (default)
2021-10-13 10:11:49,667 [a78bc827-a10e-4e71-88ed-094b4b7dc052@group-CFD79ED7D8C4-LeaderElection34] INFO  server.RaftServerConfigKeys (ConfUtils.java:logGet(44)) - raft.server.log.appender.snapshot.chunk.size.max = 16MB (=16777216) (default)
2021-10-13 10:11:49,667 [a78bc827-a10e-4e71-88ed-094b4b7dc052@group-CFD79ED7D8C4-LeaderElection34] INFO  server.RaftServerConfigKeys (ConfUtils.java:logGet(44)) - raft.server.log.appender.buffer.byte-limit = 33554432 (custom)
2021-10-13 10:11:49,667 [a78bc827-a10e-4e71-88ed-094b4b7dc052@group-CFD79ED7D8C4-LeaderElection34] INFO  server.RaftServerConfigKeys (ConfUtils.java:logGet(44)) - raft.server.log.appender.buffer.element-limit = 1 (custom)
2021-10-13 10:11:49,667 [a78bc827-a10e-4e71-88ed-094b4b7dc052@group-CFD79ED7D8C4-LeaderElection34] INFO  grpc.GrpcConfigKeys (ConfUtils.java:logGet(44)) - raft.grpc.server.leader.outstanding.appends.max = 128 (default)
2021-10-13 10:11:49,667 [a78bc827-a10e-4e71-88ed-094b4b7dc052@group-CFD79ED7D8C4-LeaderElection34] INFO  server.RaftServerConfigKeys (ConfUtils.java:logGet(44)) - raft.server.rpc.request.timeout = 60s (custom)
2021-10-13 10:11:49,667 [a78bc827-a10e-4e71-88ed-094b4b7dc052@group-CFD79ED7D8C4-LeaderElection34] INFO  server.RaftServerConfigKeys (ConfUtils.java:logGet(44)) - raft.server.log.appender.install.snapshot.enabled = false (custom)
2021-10-13 10:11:49,668 [Datanode State Machine Thread - 0] WARN  statemachine.StateContext (StateContext.java:execute(621)) - No available thread in pool for past 1 seconds.
2021-10-13 10:11:49,671 [IPC Server handler 18 on default port 14257] INFO  net.NetworkTopologyImpl (NetworkTopologyImpl.java:add(112)) - Added a new node: /default-rack/a78bc827-a10e-4e71-88ed-094b4b7dc052
2021-10-13 10:11:49,671 [IPC Server handler 18 on default port 14257] INFO  node.SCMNodeManager (SCMNodeManager.java:register(389)) - Registered Data node : a78bc827-a10e-4e71-88ed-094b4b7dc052{ip: 127.0.0.1, host: localhost, ports: [REPLICATION=36927, RATIS=44771, RATIS_ADMIN=44771, RATIS_SERVER=44771, STANDALONE=36337], networkLocation: /default-rack, certSerialId: null, persistedOpState: null, persistedOpStateExpiryEpochSec: 0}
2021-10-13 10:11:49,671 [EventQueue-PipelineReportForPipelineReportHandler] INFO  pipeline.PipelineManagerImpl (PipelineManagerImpl.java:openPipeline(282)) - Pipeline Pipeline[ Id: 87f87530-a371-4125-a80d-cfd79ed7d8c4, Nodes: 83da085b-8d99-4632-b443-c6596217d352{ip: 127.0.0.1, host: localhost, ports: [REPLICATION=32933, RATIS=34351, RATIS_ADMIN=34351, RATIS_SERVER=34351, STANDALONE=46025], networkLocation: /default-rack, certSerialId: null, persistedOpState: IN_SERVICE, persistedOpStateExpiryEpochSec: 0}83908b8c-1318-4212-96d2-7cdb43457491{ip: 127.0.0.1, host: localhost, ports: [REPLICATION=37905, RATIS=46375, RATIS_ADMIN=46375, RATIS_SERVER=46375, STANDALONE=34773], networkLocation: /default-rack, certSerialId: null, persistedOpState: IN_SERVICE, persistedOpStateExpiryEpochSec: 0}a78bc827-a10e-4e71-88ed-094b4b7dc052{ip: 127.0.0.1, host: localhost, ports: [REPLICATION=36927, RATIS=44771, RATIS_ADMIN=44771, RATIS_SERVER=44771, STANDALONE=36337], networkLocation: /default-rack, certSerialId: null, persistedOpState: IN_SERVICE, persistedOpStateExpiryEpochSec: 0}, ReplicationConfig: RATIS/THREE, State:ALLOCATED, leaderId:a78bc827-a10e-4e71-88ed-094b4b7dc052, CreationTimestamp2021-10-13T10:11:27.041Z[Etc/UTC]] moved to OPEN state
2021-10-13 10:11:49,672 [EventQueue-PipelineReportForPipelineReportHandler] INFO  ha.SCMHAInvocationHandler (SCMHAInvocationHandler.java:invokeRatis(113)) - Invoking method public abstract void org.apache.hadoop.hdds.scm.pipeline.PipelineStateManager.updatePipelineState(org.apache.hadoop.hdds.protocol.proto.HddsProtos$PipelineID,org.apache.hadoop.hdds.protocol.proto.HddsProtos$PipelineState) throws java.io.IOException on target org.apache.hadoop.hdds.scm.ha.SCMRatisServerImpl@18f5cb1a, cost 253.318us
2021-10-13 10:11:49,672 [EventQueue-PipelineReportForPipelineReportHandler] INFO  pipeline.PipelineManagerImpl (PipelineManagerImpl.java:openPipeline(282)) - Pipeline Pipeline[ Id: 87f87530-a371-4125-a80d-cfd79ed7d8c4, Nodes: 83da085b-8d99-4632-b443-c6596217d352{ip: 127.0.0.1, host: localhost, ports: [REPLICATION=32933, RATIS=34351, RATIS_ADMIN=34351, RATIS_SERVER=34351, STANDALONE=46025], networkLocation: /default-rack, certSerialId: null, persistedOpState: IN_SERVICE, persistedOpStateExpiryEpochSec: 0}83908b8c-1318-4212-96d2-7cdb43457491{ip: 127.0.0.1, host: localhost, ports: [REPLICATION=37905, RATIS=46375, RATIS_ADMIN=46375, RATIS_SERVER=46375, STANDALONE=34773], networkLocation: /default-rack, certSerialId: null, persistedOpState: IN_SERVICE, persistedOpStateExpiryEpochSec: 0}a78bc827-a10e-4e71-88ed-094b4b7dc052{ip: 127.0.0.1, host: localhost, ports: [REPLICATION=36927, RATIS=44771, RATIS_ADMIN=44771, RATIS_SERVER=44771, STANDALONE=36337], networkLocation: /default-rack, certSerialId: null, persistedOpState: IN_SERVICE, persistedOpStateExpiryEpochSec: 0}, ReplicationConfig: RATIS/THREE, State:ALLOCATED, leaderId:a78bc827-a10e-4e71-88ed-094b4b7dc052, CreationTimestamp2021-10-13T10:11:27.041Z[Etc/UTC]] moved to OPEN state
2021-10-13 10:11:49,677 [Listener at 127.0.0.1/11284] INFO  db.RDBCheckpointManager (RDBCheckpointManager.java:createCheckpoint(86)) - Created checkpoint at /home/runner/work/ozone/ozone/hadoop-ozone/integration-test/target/test-dir/MiniOzoneClusterImpl-7a3c196b-86f6-4848-923d-88c8cd7ca178/scmNode-1/db.checkpoints/scm.db_checkpoint_1634119909666 in 11 milliseconds
2021-10-13 10:11:49,694 [a78bc827-a10e-4e71-88ed-094b4b7dc052@group-CFD79ED7D8C4-LeaderElection34] INFO  server.RaftServerConfigKeys (ConfUtils.java:logGet(44)) - raft.server.log.appender.snapshot.chunk.size.max = 16MB (=16777216) (default)
2021-10-13 10:11:49,694 [a78bc827-a10e-4e71-88ed-094b4b7dc052@group-CFD79ED7D8C4-LeaderElection34] INFO  server.RaftServerConfigKeys (ConfUtils.java:logGet(44)) - raft.server.log.appender.buffer.byte-limit = 33554432 (custom)
2021-10-13 10:11:49,694 [EventQueue-OpenPipelineForHealthyPipelineSafeModeRule] INFO  safemode.SCMSafeModeManager (HealthyPipelineSafeModeRule.java:process(124)) - SCM in safe mode. Healthy pipelines reported count is 0, required healthy pipeline reported count is 1
2021-10-13 10:11:49,694 [EventQueue-OpenPipelineForHealthyPipelineSafeModeRule] INFO  safemode.SCMSafeModeManager (HealthyPipelineSafeModeRule.java:process(124)) - SCM in safe mode. Healthy pipelines reported count is 1, required healthy pipeline reported count is 1
2021-10-13 10:11:49,694 [EventQueue-OpenPipelineForHealthyPipelineSafeModeRule] INFO  safemode.SCMSafeModeManager (SCMSafeModeManager.java:validateSafeModeExitRules(204)) - HealthyPipelineSafeModeRule rule is successfully validated
2021-10-13 10:11:49,694 [EventQueue-OpenPipelineForHealthyPipelineSafeModeRule] INFO  safemode.SCMSafeModeManager (SCMSafeModeManager.java:validateSafeModeExitRules(219)) - ScmSafeModeManager, all rules are successfully validated
2021-10-13 10:11:49,694 [EventQueue-OpenPipelineForHealthyPipelineSafeModeRule] INFO  safemode.SCMSafeModeManager (SCMSafeModeManager.java:exitSafeMode(248)) - SCM exiting safe mode.
2021-10-13 10:11:49,694 [EventQueue-OpenPipelineForHealthyPipelineSafeModeRule] WARN  events.EventQueue (EventQueue.java:fireEvent(194)) - No event handler registered for event TypedEvent{payloadType=SafeModeStatus, name='Safe mode status'}
2021-10-13 10:11:49,694 [EventQueue-OpenPipelineForHealthyPipelineSafeModeRule] INFO  ha.SCMContext (SCMContext.java:updateSafeModeStatus(205)) - Update SafeModeStatus from SafeModeStatus{safeModeStatus=true, preCheckPassed=true} to SafeModeStatus{safeModeStatus=false, preCheckPassed=true}.
2021-10-13 10:11:49,694 [a78bc827-a10e-4e71-88ed-094b4b7dc052@group-CFD79ED7D8C4-LeaderElection34] INFO  server.RaftServerConfigKeys (ConfUtils.java:logGet(44)) - raft.server.log.appender.buffer.element-limit = 1 (custom)
2021-10-13 10:11:49,695 [a78bc827-a10e-4e71-88ed-094b4b7dc052@group-CFD79ED7D8C4-LeaderElection34] INFO  grpc.GrpcConfigKeys (ConfUtils.java:logGet(44)) - raft.grpc.server.leader.outstanding.appends.max = 128 (default)
2021-10-13 10:11:49,695 [a78bc827-a10e-4e71-88ed-094b4b7dc052@group-CFD79ED7D8C4-LeaderElection34] INFO  server.RaftServerConfigKeys (ConfUtils.java:logGet(44)) - raft.server.rpc.request.timeout = 60s (custom)
2021-10-13 10:11:49,695 [a78bc827-a10e-4e71-88ed-094b4b7dc052@group-CFD79ED7D8C4-LeaderElection34] INFO  server.RaftServerConfigKeys (ConfUtils.java:logGet(44)) - raft.server.log.appender.install.snapshot.enabled = false (custom)
2021-10-13 10:11:49,696 [a78bc827-a10e-4e71-88ed-094b4b7dc052@group-CFD79ED7D8C4-LeaderElection34] INFO  impl.RoleInfo (RoleInfo.java:updateAndGet(130)) - a78bc827-a10e-4e71-88ed-094b4b7dc052: start a78bc827-a10e-4e71-88ed-094b4b7dc052@group-CFD79ED7D8C4-LeaderStateImpl
2021-10-13 10:11:49,696 [a78bc827-a10e-4e71-88ed-094b4b7dc052@group-CFD79ED7D8C4-LeaderElection34] INFO  segmented.SegmentedRaftLogWorker (SegmentedRaftLogWorker.java:startLogSegment(394)) - a78bc827-a10e-4e71-88ed-094b4b7dc052@group-CFD79ED7D8C4-SegmentedRaftLogWorker: Starting segment from index:0
2021-10-13 10:11:49,697 [a78bc827-a10e-4e71-88ed-094b4b7dc052@group-CFD79ED7D8C4-SegmentedRaftLogWorker] INFO  segmented.SegmentedRaftLogWorker (SegmentedRaftLogWorker.java:execute(601)) - a78bc827-a10e-4e71-88ed-094b4b7dc052@group-CFD79ED7D8C4-SegmentedRaftLogWorker: created new log segment /home/runner/work/ozone/ozone/hadoop-ozone/integration-test/target/test-dir/MiniOzoneClusterImpl-7a3c196b-86f6-4848-923d-88c8cd7ca178/datanode-2/data/ratis/87f87530-a371-4125-a80d-cfd79ed7d8c4/current/log_inprogress_0
2021-10-13 10:11:49,705 [a78bc827-a10e-4e71-88ed-094b4b7dc052@group-CFD79ED7D8C4-LeaderElection34] INFO  server.RaftServer$Division (ServerState.java:setRaftConf(387)) - a78bc827-a10e-4e71-88ed-094b4b7dc052@group-CFD79ED7D8C4: set configuration 0: [83908b8c-1318-4212-96d2-7cdb43457491|rpc:127.0.0.1:46375|dataStream:|priority:0, 83da085b-8d99-4632-b443-c6596217d352|rpc:127.0.0.1:34351|dataStream:|priority:0, a78bc827-a10e-4e71-88ed-094b4b7dc052|rpc:127.0.0.1:44771|dataStream:|priority:1], old=null
2021-10-13 10:11:49,710 [grpc-default-executor-3] INFO  ratis.XceiverServerRatis (XceiverServerRatis.java:handleLeaderChangedNotification(866)) - Leader change notification received for group: group-CFD79ED7D8C4 with new leaderId: a78bc827-a10e-4e71-88ed-094b4b7dc052
2021-10-13 10:11:49,710 [grpc-default-executor-3] INFO  server.RaftServer$Division (ServerState.java:setLeader(285)) - 83908b8c-1318-4212-96d2-7cdb43457491@group-CFD79ED7D8C4: change Leader from null to a78bc827-a10e-4e71-88ed-094b4b7dc052 at term 4 for appendEntries, leader elected after 20703ms
2021-10-13 10:11:49,711 [grpc-default-executor-2] INFO  ratis.XceiverServerRatis (XceiverServerRatis.java:handleLeaderChangedNotification(866)) - Leader change notification received for group: group-CFD79ED7D8C4 with new leaderId: a78bc827-a10e-4e71-88ed-094b4b7dc052
2021-10-13 10:11:49,711 [grpc-default-executor-2] INFO  server.RaftServer$Division (ServerState.java:setLeader(285)) - 83da085b-8d99-4632-b443-c6596217d352@group-CFD79ED7D8C4: change Leader from null to a78bc827-a10e-4e71-88ed-094b4b7dc052 at term 4 for appendEntries, leader elected after 20668ms
2021-10-13 10:11:49,717 [grpc-default-executor-3] INFO  server.RaftServer$Division (ServerState.java:setRaftConf(387)) - 83908b8c-1318-4212-96d2-7cdb43457491@group-CFD79ED7D8C4: set configuration 0: [83908b8c-1318-4212-96d2-7cdb43457491|rpc:127.0.0.1:46375|dataStream:|priority:0, 83da085b-8d99-4632-b443-c6596217d352|rpc:127.0.0.1:34351|dataStream:|priority:0, a78bc827-a10e-4e71-88ed-094b4b7dc052|rpc:127.0.0.1:44771|dataStream:|priority:1], old=null
2021-10-13 10:11:49,717 [grpc-default-executor-3] INFO  segmented.SegmentedRaftLogWorker (SegmentedRaftLogWorker.java:startLogSegment(394)) - 83908b8c-1318-4212-96d2-7cdb43457491@group-CFD79ED7D8C4-SegmentedRaftLogWorker: Starting segment from index:0
2021-10-13 10:11:49,722 [EventQueue-PipelineReportForPipelineReportHandler] INFO  ha.SCMHAInvocationHandler (SCMHAInvocationHandler.java:invokeRatis(113)) - Invoking method public abstract void org.apache.hadoop.hdds.scm.pipeline.PipelineStateManager.updatePipelineState(org.apache.hadoop.hdds.protocol.proto.HddsProtos$PipelineID,org.apache.hadoop.hdds.protocol.proto.HddsProtos$PipelineState) throws java.io.IOException on target org.apache.hadoop.hdds.scm.ha.SCMRatisServerImpl@63280aad, cost 50428.946us
2021-10-13 10:11:49,724 [grpc-default-executor-2] INFO  server.RaftServer$Division (ServerState.java:setRaftConf(387)) - 83da085b-8d99-4632-b443-c6596217d352@group-CFD79ED7D8C4: set configuration 0: [83908b8c-1318-4212-96d2-7cdb43457491|rpc:127.0.0.1:46375|dataStream:|priority:0, 83da085b-8d99-4632-b443-c6596217d352|rpc:127.0.0.1:34351|dataStream:|priority:0, a78bc827-a10e-4e71-88ed-094b4b7dc052|rpc:127.0.0.1:44771|dataStream:|priority:1], old=null
2021-10-13 10:11:49,724 [grpc-default-executor-2] INFO  segmented.SegmentedRaftLogWorker (SegmentedRaftLogWorker.java:startLogSegment(394)) - 83da085b-8d99-4632-b443-c6596217d352@group-CFD79ED7D8C4-SegmentedRaftLogWorker: Starting segment from index:0
2021-10-13 10:11:49,742 [EventQueue-NewNodeForNewNodeHandler] INFO  pipeline.BackgroundPipelineCreator (BackgroundPipelineCreator.java:notifyEventTriggered(279)) - ignore, not leader SCM.
2021-10-13 10:11:49,747 [331de3d1-09e8-4a6e-81ce-27fbcffaf652@group-88C8CD7CA178-StateMachineUpdater] ERROR impl.StateMachineUpdater (StateMachineUpdater.java:run(191)) - 331de3d1-09e8-4a6e-81ce-27fbcffaf652@group-88C8CD7CA178-StateMachineUpdater caught a Throwable.
java.lang.IllegalStateException: 331de3d1-09e8-4a6e-81ce-27fbcffaf652: Failed updateLastAppliedTermIndex: newTI = (t:2, i:28) < oldTI = (t:2, i:128)
	at org.apache.ratis.util.Preconditions.assertTrue(Preconditions.java:72)
	at org.apache.ratis.statemachine.impl.BaseStateMachine.updateLastAppliedTermIndex(BaseStateMachine.java:142)
	at org.apache.hadoop.hdds.scm.ha.SCMStateMachine.notifyTermIndexUpdated(SCMStateMachine.java:303)
	at org.apache.ratis.server.impl.RaftServerImpl.applyLogToStateMachine(RaftServerImpl.java:1669)
	at org.apache.ratis.server.impl.StateMachineUpdater.applyLog(StateMachineUpdater.java:234)
	at org.apache.ratis.server.impl.StateMachineUpdater.run(StateMachineUpdater.java:179)
	at java.lang.Thread.run(Thread.java:748)
2021-10-13 10:11:49,747 [331de3d1-09e8-4a6e-81ce-27fbcffaf652@group-88C8CD7CA178-StateMachineUpdater] INFO  server.RaftServer$Division (RaftServerImpl.java:lambda$close$4(407)) - 331de3d1-09e8-4a6e-81ce-27fbcffaf652@group-88C8CD7CA178: shutdown
2021-10-13 10:11:49,747 [331de3d1-09e8-4a6e-81ce-27fbcffaf652@group-88C8CD7CA178-StateMachineUpdater] INFO  util.JmxRegister (JmxRegister.java:unregister(73)) - Successfully un-registered JMX Bean with object name Ratis:service=RaftServer,group=group-88C8CD7CA178,id=331de3d1-09e8-4a6e-81ce-27fbcffaf652
2021-10-13 10:11:49,747 [331de3d1-09e8-4a6e-81ce-27fbcffaf652@group-88C8CD7CA178-StateMachineUpdater] INFO  impl.RoleInfo (RoleInfo.java:shutdownFollowerState(108)) - 331de3d1-09e8-4a6e-81ce-27fbcffaf652: shutdown 331de3d1-09e8-4a6e-81ce-27fbcffaf652@group-88C8CD7CA178-FollowerState
2021-10-13 10:11:49,762 [3e49b098-f263-4746-8850-a06a1becd7d6@group-88C8CD7CA178-StateMachineUpdater] INFO  ha.SCMStateMachine (SCMStateMachine.java:takeSnapshot(290)) - Current Snapshot Index 30, takeSnapshot took 0 ms
2021-10-13 10:11:49,762 [3e49b098-f263-4746-8850-a06a1becd7d6@group-88C8CD7CA178-StateMachineUpdater] INFO  impl.StateMachineUpdater (StateMachineUpdater.java:takeSnapshot(281)) - 3e49b098-f263-4746-8850-a06a1becd7d6@group-88C8CD7CA178-StateMachineUpdater: Took a snapshot at index 30
2021-10-13 10:11:49,762 [3e49b098-f263-4746-8850-a06a1becd7d6@group-88C8CD7CA178-StateMachineUpdater] INFO  impl.StateMachineUpdater (StateMachineUpdater.java:lambda$new$0(89)) - 3e49b098-f263-4746-8850-a06a1becd7d6@group-88C8CD7CA178-StateMachineUpdater: snapshotIndex: updateIncreasingly 25 -> 30
2021-10-13 10:11:49,762 [3e49b098-f263-4746-8850-a06a1becd7d6@group-88C8CD7CA178-StateMachineUpdater] INFO  raftlog.RaftLog (RaftLogBase.java:purge(306)) - 3e49b098-f263-4746-8850-a06a1becd7d6@group-88C8CD7CA178-SegmentedRaftLog: purge 30
2021-10-13 10:11:49,762 [3e49b098-f263-4746-8850-a06a1becd7d6@group-88C8CD7CA178-StateMachineUpdater] INFO  raftlog.RaftLog (RaftLogBase.java:lambda$new$0(53)) - 3e49b098-f263-4746-8850-a06a1becd7d6@group-88C8CD7CA178-SegmentedRaftLog: snapshotIndex: updateIncreasingly 25 -> 30
2021-10-13 10:11:49,762 [3e49b098-f263-4746-8850-a06a1becd7d6@group-88C8CD7CA178-StateMachineUpdater] INFO  raftlog.RaftLog (RaftLogBase.java:lambda$new$0(53)) - 3e49b098-f263-4746-8850-a06a1becd7d6@group-88C8CD7CA178-SegmentedRaftLog: purgeIndex: updateToMax old=25, new=30, updated? true
2021-10-13 10:11:49,777 [331de3d1-09e8-4a6e-81ce-27fbcffaf652@group-88C8CD7CA178-FollowerState] INFO  impl.FollowerState (FollowerState.java:run(143)) - 331de3d1-09e8-4a6e-81ce-27fbcffaf652@group-88C8CD7CA178-FollowerState was interrupted: {}
java.lang.InterruptedException: sleep interrupted
	at java.lang.Thread.sleep(Native Method)
	at java.lang.Thread.sleep(Thread.java:340)
	at java.util.concurrent.TimeUnit.sleep(TimeUnit.java:386)
	at org.apache.ratis.util.TimeDuration.sleep(TimeDuration.java:324)
	at org.apache.ratis.util.TimeDuration.sleep(TimeDuration.java:309)
	at org.apache.ratis.server.impl.FollowerState.run(FollowerState.java:118)
2021-10-13 10:11:49,781 [83908b8c-1318-4212-96d2-7cdb43457491@group-CFD79ED7D8C4-SegmentedRaftLogWorker] INFO  segmented.SegmentedRaftLogWorker (SegmentedRaftLogWorker.java:execute(601)) - 83908b8c-1318-4212-96d2-7cdb43457491@group-CFD79ED7D8C4-SegmentedRaftLogWorker: created new log segment /home/runner/work/ozone/ozone/hadoop-ozone/integration-test/target/test-dir/MiniOzoneClusterImpl-7a3c196b-86f6-4848-923d-88c8cd7ca178/datanode-0/data/ratis/87f87530-a371-4125-a80d-cfd79ed7d8c4/current/log_inprogress_0
2021-10-13 10:11:49,789 [331de3d1-09e8-4a6e-81ce-27fbcffaf652@group-88C8CD7CA178-StateMachineUpdater] INFO  server.RaftServer$Division (ServerState.java:close(419)) - 331de3d1-09e8-4a6e-81ce-27fbcffaf652@group-88C8CD7CA178: closes. applyIndex: 28
2021-10-13 10:11:49,790 [331de3d1-09e8-4a6e-81ce-27fbcffaf652@group-88C8CD7CA178-SegmentedRaftLogWorker] INFO  segmented.SegmentedRaftLogWorker (SegmentedRaftLogWorker.java:run(327)) - 331de3d1-09e8-4a6e-81ce-27fbcffaf652@group-88C8CD7CA178-SegmentedRaftLogWorker was interrupted, exiting. There are 0 tasks remaining in the queue.
2021-10-13 10:11:49,791 [331de3d1-09e8-4a6e-81ce-27fbcffaf652@group-88C8CD7CA178-StateMachineUpdater] INFO  segmented.SegmentedRaftLogWorker (SegmentedRaftLogWorker.java:close(237)) - 331de3d1-09e8-4a6e-81ce-27fbcffaf652@group-88C8CD7CA178-SegmentedRaftLogWorker close()
2021-10-13 10:11:49,801 [83da085b-8d99-4632-b443-c6596217d352@group-CFD79ED7D8C4-SegmentedRaftLogWorker] INFO  segmented.SegmentedRaftLogWorker (SegmentedRaftLogWorker.java:execute(601)) - 83da085b-8d99-4632-b443-c6596217d352@group-CFD79ED7D8C4-SegmentedRaftLogWorker: created new log segment /home/runner/work/ozone/ozone/hadoop-ozone/integration-test/target/test-dir/MiniOzoneClusterImpl-7a3c196b-86f6-4848-923d-88c8cd7ca178/datanode-1/data/ratis/87f87530-a371-4125-a80d-cfd79ed7d8c4/current/log_inprogress_0
2021-10-13 10:11:49,810 [Listener at 127.0.0.1/11284] INFO  ha.SCMHAManagerImpl (SCMHAManagerImpl.java:installCheckpoint(227)) - Installing checkpoint with SCMTransactionInfo 2#25
2021-10-13 10:11:49,812 [Listener at 127.0.0.1/11284] WARN  ha.SCMHAManagerImpl (SCMHAManagerImpl.java:installCheckpoint(240)) - Cannot proceed with InstallSnapshot as SCM is at TermIndex (t:2, i:28) and checkpoint has lower TermIndex (t:2, i:25). Reloading old state of SCM.
2021-10-13 10:11:49,815 [Listener at 127.0.0.1/11284] INFO  ozone.MiniOzoneClusterImpl (MiniOzoneClusterImpl.java:shutdown(453)) - Shutting down the Mini Ozone Cluster
2021-10-13 10:11:49,815 [Listener at 127.0.0.1/11284] INFO  ozone.MiniOzoneHAClusterImpl (MiniOzoneHAClusterImpl.java:stop(298)) - Stopping the OzoneManager omNode-1
2021-10-13 10:11:49,816 [Listener at 127.0.0.1/11284] INFO  om.OzoneManager (OzoneManager.java:stop(1664)) - Stopping Ozone Manager
2021-10-13 10:11:49,816 [Listener at 127.0.0.1/11284] INFO  ipc.Server (Server.java:stop(3414)) - Stopping server on 11284
2021-10-13 10:11:49,819 [IPC Server listener on 11284] INFO  ipc.Server (Server.java:run(1376)) - Stopping IPC Server listener on 11284
2021-10-13 10:11:49,826 [IPC Server Responder] INFO  ipc.Server (Server.java:run(1512)) - Stopping IPC Server Responder
2021-10-13 10:11:49,826 [Listener at 127.0.0.1/11284] INFO  server.RaftServer (RaftServerProxy.java:lambda$close$6(391)) - omNode-1: close
2021-10-13 10:11:49,826 [Listener at 127.0.0.1/11284] INFO  server.RaftServer$Division (RaftServerImpl.java:lambda$close$4(407)) - omNode-1@group-523986131536: shutdown
2021-10-13 10:11:49,826 [Listener at 127.0.0.1/11284] INFO  util.JmxRegister (JmxRegister.java:unregister(73)) - Successfully un-registered JMX Bean with object name Ratis:service=RaftServer,group=group-523986131536,id=omNode-1
2021-10-13 10:11:49,826 [Listener at 127.0.0.1/11284] INFO  impl.RoleInfo (RoleInfo.java:shutdownLeaderState(91)) - omNode-1: shutdown omNode-1@group-523986131536-LeaderStateImpl
2021-10-13 10:11:49,827 [Listener at 127.0.0.1/11284] INFO  impl.PendingRequests (PendingRequests.java:sendNotLeaderResponses(282)) - omNode-1@group-523986131536-PendingRequests: sendNotLeaderResponses
2021-10-13 10:11:49,830 [omNode-1@group-523986131536-StateMachineUpdater] INFO  ratis.OzoneManagerStateMachine (OzoneManagerStateMachine.java:takeSnapshot(417)) - Current Snapshot Index (t:1, i:0)
2021-10-13 10:11:49,830 [omNode-1@group-523986131536-StateMachineUpdater] INFO  impl.StateMachineUpdater (StateMachineUpdater.java:takeSnapshot(281)) - omNode-1@group-523986131536-StateMachineUpdater: Took a snapshot at index 0
2021-10-13 10:11:49,830 [omNode-1@group-523986131536-StateMachineUpdater] INFO  impl.StateMachineUpdater (StateMachineUpdater.java:lambda$new$0(89)) - omNode-1@group-523986131536-StateMachineUpdater: snapshotIndex: updateIncreasingly -1 -> 0
2021-10-13 10:11:49,830 [omNode-1@group-523986131536-StateMachineUpdater] INFO  ratis.OzoneManagerStateMachine (OzoneManagerStateMachine.java:close(471)) - StateMachine has shutdown. Shutdown OzoneManager if not already shutdown.
2021-10-13 10:11:49,830 [Listener at 127.0.0.1/11284] INFO  impl.StateMachineUpdater (StateMachineUpdater.java:stopAndJoin(149)) - omNode-1@group-523986131536-StateMachineUpdater: set stopIndex = 0
2021-10-13 10:11:49,831 [Listener at 127.0.0.1/11284] INFO  server.RaftServer$Division (ServerState.java:close(419)) - omNode-1@group-523986131536: closes. applyIndex: 0
2021-10-13 10:11:49,831 [omNode-1@group-523986131536-SegmentedRaftLogWorker] INFO  segmented.SegmentedRaftLogWorker (SegmentedRaftLogWorker.java:run(327)) - omNode-1@group-523986131536-SegmentedRaftLogWorker was interrupted, exiting. There are 0 tasks remaining in the queue.
2021-10-13 10:11:49,836 [Listener at 127.0.0.1/11284] INFO  segmented.SegmentedRaftLogWorker (SegmentedRaftLogWorker.java:close(237)) - omNode-1@group-523986131536-SegmentedRaftLogWorker close()
2021-10-13 10:11:49,843 [Listener at 127.0.0.1/11284] INFO  server.GrpcService (GrpcService.java:closeImpl(262)) - omNode-1: shutdown server with port 11288 now
2021-10-13 10:11:49,844 [Listener at 127.0.0.1/11284] INFO  server.GrpcService (GrpcService.java:closeImpl(271)) - omNode-1: shutdown server with port 11288 successfully
2021-10-13 10:11:49,844 [org.apache.ratis.util.JvmPauseMonitor$$Lambda$499/17331878@562c23ca] INFO  util.JvmPauseMonitor (JvmPauseMonitor.java:run(109)) - JvmPauseMonitor-omNode-1: Stopped
2021-10-13 10:11:49,845 [Listener at 127.0.0.1/11284] INFO  ratis.OzoneManagerDoubleBuffer (OzoneManagerDoubleBuffer.java:stop(437)) - Stopping OMDoubleBuffer flush thread
2021-10-13 10:11:49,845 [OMDoubleBufferFlushThread] INFO  ratis.OzoneManagerDoubleBuffer (OzoneManagerDoubleBuffer.java:flushTransactions(356)) - OMDoubleBuffer flush thread OMDoubleBufferFlushThread is interrupted and will exit. OMDoubleBufferFlushThread
2021-10-13 10:11:49,845 [Listener at 127.0.0.1/11284] INFO  utils.BackgroundService (BackgroundService.java:shutdown(132)) - Shutting down service KeyDeletingService
2021-10-13 10:11:49,845 [Listener at 127.0.0.1/11284] INFO  utils.BackgroundService (BackgroundService.java:shutdown(132)) - Shutting down service DirectoryDeletingService
2021-10-13 10:11:49,847 [Listener at 127.0.0.1/11284] INFO  handler.ContextHandler (ContextHandler.java:doStop(1153)) - Stopped o.e.j.w.WebAppContext@64434d5c{ozoneManager,/,null,STOPPED}{file:/home/runner/work/ozone/ozone/hadoop-ozone/integration-test/target/test-classes/webapps/ozoneManager}
2021-10-13 10:11:49,848 [Listener at 127.0.0.1/11284] INFO  server.AbstractConnector (AbstractConnector.java:doStop(381)) - Stopped ServerConnector@3cbc1752{HTTP/1.1, (http/1.1)}{0.0.0.0:11286}
2021-10-13 10:11:49,848 [Listener at 127.0.0.1/11284] INFO  server.session (HouseKeeper.java:stopScavenging(149)) - node0 Stopped scavenging
2021-10-13 10:11:49,848 [Listener at 127.0.0.1/11284] INFO  handler.ContextHandler (ContextHandler.java:doStop(1153)) - Stopped o.e.j.s.ServletContextHandler@7b32e17b{static,/static,file:///home/runner/work/ozone/ozone/hadoop-ozone/integration-test/target/test-classes/webapps/static,STOPPED}
2021-10-13 10:11:49,848 [Listener at 127.0.0.1/11284] INFO  handler.ContextHandler (ContextHandler.java:doStop(1153)) - Stopped o.e.j.s.ServletContextHandler@2e8fc0c9{logs,/logs,file:///home/runner/work/ozone/ozone/hadoop-ozone/integration-test/target/log,STOPPED}
2021-10-13 10:11:49,853 [IPC Server handler 19 on default port 14257] INFO  net.NetworkTopologyImpl (NetworkTopologyImpl.java:add(112)) - Added a new node: /default-rack/83908b8c-1318-4212-96d2-7cdb43457491
2021-10-13 10:11:49,853 [IPC Server handler 19 on default port 14257] INFO  node.SCMNodeManager (SCMNodeManager.java:register(389)) - Registered Data node : 83908b8c-1318-4212-96d2-7cdb43457491{ip: 127.0.0.1, host: localhost, ports: [REPLICATION=37905, RATIS=46375, RATIS_ADMIN=46375, RATIS_SERVER=46375, STANDALONE=34773], networkLocation: /default-rack, certSerialId: null, persistedOpState: null, persistedOpStateExpiryEpochSec: 0}
2021-10-13 10:11:49,854 [EventQueue-NewNodeForNewNodeHandler] INFO  pipeline.BackgroundPipelineCreator (BackgroundPipelineCreator.java:notifyEventTriggered(279)) - ignore, not leader SCM.
2021-10-13 10:11:49,861 [Listener at 127.0.0.1/11284] INFO  ozone.MiniOzoneHAClusterImpl (MiniOzoneHAClusterImpl.java:stop(306)) - Stopping the StorageContainerManager 3e49b098-f263-4746-8850-a06a1becd7d6
2021-10-13 10:11:49,866 [Listener at 127.0.0.1/11284] INFO  server.StorageContainerManager (StorageContainerManager.java:stop(1395)) - Stopping Container Balancer service.
2021-10-13 10:11:49,866 [Listener at 127.0.0.1/11284] INFO  balancer.ContainerBalancer (ContainerBalancer.java:stop(753)) - Container Balancer is not running.
2021-10-13 10:11:49,866 [Listener at 127.0.0.1/11284] INFO  server.StorageContainerManager (StorageContainerManager.java:stop(1402)) - Stopping Replication Manager Service.
2021-10-13 10:11:49,866 [Listener at 127.0.0.1/11284] INFO  container.ReplicationManager (ReplicationManager.java:stop(350)) - Stopping Replication Monitor Thread.
2021-10-13 10:11:49,866 [Listener at 127.0.0.1/11284] INFO  server.StorageContainerManager (StorageContainerManager.java:stop(1409)) - Stopping the Datanode Admin Monitor.
2021-10-13 10:11:49,868 [Listener at 127.0.0.1/11284] INFO  server.StorageContainerManager (StorageContainerManager.java:stop(1416)) - Stopping Lease Manager of the command watchers
2021-10-13 10:11:49,868 [Listener at 127.0.0.1/11284] INFO  server.StorageContainerManager (StorageContainerManager.java:stop(1423)) - Stopping datanode service RPC server
2021-10-13 10:11:49,868 [Listener at 127.0.0.1/11284] INFO  server.SCMDatanodeProtocolServer (SCMDatanodeProtocolServer.java:stop(389)) - Stopping the RPC server for DataNodes
2021-10-13 10:11:49,868 [Listener at 127.0.0.1/11284] INFO  ipc.Server (Server.java:stop(3414)) - Stopping server on 14237
2021-10-13 10:11:49,880 [IPC Server listener on 14237] INFO  ipc.Server (Server.java:run(1376)) - Stopping IPC Server listener on 14237
2021-10-13 10:11:49,880 [IPC Server Responder] INFO  ipc.Server (Server.java:run(1512)) - Stopping IPC Server Responder
2021-10-13 10:11:50,066 [EndpointStateMachine task thread for /127.0.0.1:13897 - 0 ] INFO  ipc.Client (Client.java:handleConnectionFailure(977)) - Retrying connect to server: localhost/127.0.0.1:13897. Already tried 1 time(s); retry policy is RetryUpToMaximumCountWithFixedSleep(maxRetries=15, sleepTime=1000 MILLISECONDS)
2021-10-13 10:11:50,141 [IPC Server handler 11 on default port 14257] INFO  net.NetworkTopologyImpl (NetworkTopologyImpl.java:add(112)) - Added a new node: /default-rack/83da085b-8d99-4632-b443-c6596217d352
2021-10-13 10:11:50,142 [IPC Server handler 11 on default port 14257] INFO  node.SCMNodeManager (SCMNodeManager.java:register(389)) - Registered Data node : 83da085b-8d99-4632-b443-c6596217d352{ip: 127.0.0.1, host: localhost, ports: [REPLICATION=32933, RATIS=34351, RATIS_ADMIN=34351, RATIS_SERVER=34351, STANDALONE=46025], networkLocation: /default-rack, certSerialId: null, persistedOpState: null, persistedOpStateExpiryEpochSec: 0}
2021-10-13 10:11:50,142 [EventQueue-NewNodeForNewNodeHandler] INFO  pipeline.BackgroundPipelineCreator (BackgroundPipelineCreator.java:notifyEventTriggered(279)) - ignore, not leader SCM.
2021-10-13 10:11:50,144 [EndpointStateMachine task thread for /127.0.0.1:14237 - 0 ] WARN  statemachine.EndpointStateMachine (EndpointStateMachine.java:logIfNeeded(236)) - Unable to communicate to SCM server at 127.0.0.1:14237 for past 0 seconds.
java.io.EOFException: End of File Exception between local host is: "fv-az395-254/10.1.0.44"; destination host is: "localhost":14237; : java.io.EOFException; For more details see:  http://wiki.apache.org/hadoop/EOFException
	at sun.reflect.NativeConstructorAccessorImpl.newInstance0(Native Method)
	at sun.reflect.NativeConstructorAccessorImpl.newInstance(NativeConstructorAccessorImpl.java:62)
	at sun.reflect.DelegatingConstructorAccessorImpl.newInstance(DelegatingConstructorAccessorImpl.java:45)
	at java.lang.reflect.Constructor.newInstance(Constructor.java:423)
	at org.apache.hadoop.net.NetUtils.wrapWithMessage(NetUtils.java:913)
	at org.apache.hadoop.net.NetUtils.wrapException(NetUtils.java:862)
	at org.apache.hadoop.ipc.Client.getRpcResponse(Client.java:1577)
	at org.apache.hadoop.ipc.Client.call(Client.java:1519)
	at org.apache.hadoop.ipc.Client.call(Client.java:1416)
	at org.apache.hadoop.ipc.ProtobufRpcEngine$Invoker.invoke(ProtobufRpcEngine.java:236)
	at org.apache.hadoop.ipc.ProtobufRpcEngine$Invoker.invoke(ProtobufRpcEngine.java:123)
	at com.sun.proxy.$Proxy48.submitRequest(Unknown Source)
	at org.apache.hadoop.ozone.protocolPB.StorageContainerDatanodeProtocolClientSideTranslatorPB.submitRequest(StorageContainerDatanodeProtocolClientSideTranslatorPB.java:117)
	at org.apache.hadoop.ozone.protocolPB.StorageContainerDatanodeProtocolClientSideTranslatorPB.sendHeartbeat(StorageContainerDatanodeProtocolClientSideTranslatorPB.java:149)
	at org.apache.hadoop.ozone.container.common.states.endpoint.HeartbeatEndpointTask.call(HeartbeatEndpointTask.java:179)
	at org.apache.hadoop.ozone.container.common.states.endpoint.HeartbeatEndpointTask.call(HeartbeatEndpointTask.java:82)
	at java.util.concurrent.FutureTask.run(FutureTask.java:266)
	at java.util.concurrent.ThreadPoolExecutor.runWorker(ThreadPoolExecutor.java:1149)
	at java.util.concurrent.ThreadPoolExecutor$Worker.run(ThreadPoolExecutor.java:624)
	at java.lang.Thread.run(Thread.java:748)
Caused by: java.io.EOFException
	at java.io.DataInputStream.readInt(DataInputStream.java:392)
	at org.apache.hadoop.ipc.Client$IpcStreams.readResponse(Client.java:1892)
	at org.apache.hadoop.ipc.Client$Connection.receiveRpcResponse(Client.java:1202)
	at org.apache.hadoop.ipc.Client$Connection.run(Client.java:1098)
2021-10-13 10:11:50,168 [EventQueue-PipelineReportForPipelineReportHandler] INFO  pipeline.PipelineManagerImpl (PipelineManagerImpl.java:openPipeline(282)) - Pipeline Pipeline[ Id: 87f87530-a371-4125-a80d-cfd79ed7d8c4, Nodes: 83da085b-8d99-4632-b443-c6596217d352{ip: 127.0.0.1, host: localhost, ports: [REPLICATION=32933, RATIS=34351, RATIS_ADMIN=34351, RATIS_SERVER=34351, STANDALONE=46025], networkLocation: /default-rack, certSerialId: null, persistedOpState: IN_SERVICE, persistedOpStateExpiryEpochSec: 0}83908b8c-1318-4212-96d2-7cdb43457491{ip: 127.0.0.1, host: localhost, ports: [REPLICATION=37905, RATIS=46375, RATIS_ADMIN=46375, RATIS_SERVER=46375, STANDALONE=34773], networkLocation: /default-rack, certSerialId: null, persistedOpState: IN_SERVICE, persistedOpStateExpiryEpochSec: 0}a78bc827-a10e-4e71-88ed-094b4b7dc052{ip: 127.0.0.1, host: localhost, ports: [REPLICATION=36927, RATIS=44771, RATIS_ADMIN=44771, RATIS_SERVER=44771, STANDALONE=36337], networkLocation: /default-rack, certSerialId: null, persistedOpState: IN_SERVICE, persistedOpStateExpiryEpochSec: 0}, ReplicationConfig: RATIS/THREE, State:ALLOCATED, leaderId:a78bc827-a10e-4e71-88ed-094b4b7dc052, CreationTimestamp2021-10-13T10:11:45.452Z[Etc/UTC]] moved to OPEN state
2021-10-13 10:11:50,195 [EventQueue-PipelineReportForPipelineReportHandler] ERROR events.SingleThreadExecutor (SingleThreadExecutor.java:lambda$onMessage$1(88)) - Error on execution message org.apache.hadoop.hdds.scm.server.SCMDatanodeHeartbeatDispatcher$PipelineReportFromDatanode@7bb217c9
java.lang.reflect.UndeclaredThrowableException
	at com.sun.proxy.$Proxy23.updatePipelineState(Unknown Source)
	at org.apache.hadoop.hdds.scm.pipeline.PipelineManagerImpl.openPipeline(PipelineManagerImpl.java:283)
	at org.apache.hadoop.hdds.scm.pipeline.PipelineReportHandler.processPipelineReport(PipelineReportHandler.java:133)
	at org.apache.hadoop.hdds.scm.pipeline.PipelineReportHandler.onMessage(PipelineReportHandler.java:92)
	at org.apache.hadoop.hdds.scm.pipeline.PipelineReportHandler.onMessage(PipelineReportHandler.java:51)
	at org.apache.hadoop.hdds.server.events.SingleThreadExecutor.lambda$onMessage$1(SingleThreadExecutor.java:85)
	at java.util.concurrent.ThreadPoolExecutor.runWorker(ThreadPoolExecutor.java:1149)
	at java.util.concurrent.ThreadPoolExecutor$Worker.run(ThreadPoolExecutor.java:624)
	at java.lang.Thread.run(Thread.java:748)
Caused by: java.util.concurrent.ExecutionException: org.apache.ratis.protocol.exceptions.ServerNotReadyException: 331de3d1-09e8-4a6e-81ce-27fbcffaf652@group-88C8CD7CA178 is not in [RUNNING]: current state is CLOSED
	at java.util.concurrent.CompletableFuture.reportGet(CompletableFuture.java:357)
	at java.util.concurrent.CompletableFuture.get(CompletableFuture.java:1928)
	at org.apache.hadoop.hdds.scm.ha.SCMRatisServerImpl.submitRequest(SCMRatisServerImpl.java:223)
	at org.apache.hadoop.hdds.scm.ha.SCMHAInvocationHandler.invokeRatis(SCMHAInvocationHandler.java:110)
	at org.apache.hadoop.hdds.scm.ha.SCMHAInvocationHandler.invoke(SCMHAInvocationHandler.java:67)
	... 9 more
Caused by: org.apache.ratis.protocol.exceptions.ServerNotReadyException: 331de3d1-09e8-4a6e-81ce-27fbcffaf652@group-88C8CD7CA178 is not in [RUNNING]: current state is CLOSED
	at org.apache.ratis.server.impl.RaftServerImpl.lambda$assertLifeCycleState$9(RaftServerImpl.java:667)
	at org.apache.ratis.util.LifeCycle.assertCurrentState(LifeCycle.java:253)
	at org.apache.ratis.server.impl.RaftServerImpl.assertLifeCycleState(RaftServerImpl.java:666)
	at org.apache.ratis.server.impl.RaftServerImpl.submitClientRequestAsync(RaftServerImpl.java:745)
	at org.apache.ratis.server.impl.RaftServerProxy.lambda$submitClientRequestAsync$9(RaftServerProxy.java:417)
	at org.apache.ratis.server.impl.RaftServerProxy.lambda$null$7(RaftServerProxy.java:412)
	at org.apache.ratis.util.JavaUtils.callAsUnchecked(JavaUtils.java:115)
	at org.apache.ratis.server.impl.RaftServerProxy.lambda$submitRequest$8(RaftServerProxy.java:412)
	at java.util.concurrent.CompletableFuture.uniComposeStage(CompletableFuture.java:995)
	at java.util.concurrent.CompletableFuture.thenCompose(CompletableFuture.java:2137)
	at org.apache.ratis.server.impl.RaftServerProxy.submitRequest(RaftServerProxy.java:411)
	at org.apache.ratis.server.impl.RaftServerProxy.submitClientRequestAsync(RaftServerProxy.java:417)
	at org.apache.hadoop.hdds.scm.ha.SCMRatisServerImpl.submitRequest(SCMRatisServerImpl.java:222)
	... 11 more
2021-10-13 10:11:50,364 [EndpointStateMachine task thread for /127.0.0.1:13887 - 0 ] INFO  ipc.Client (Client.java:handleConnectionFailure(977)) - Retrying connect to server: localhost/127.0.0.1:13887. Already tried 13 time(s); retry policy is RetryUpToMaximumCountWithFixedSleep(maxRetries=15, sleepTime=1000 MILLISECONDS)
2021-10-13 10:11:50,400 [EndpointStateMachine task thread for /127.0.0.1:13877 - 0 ] INFO  ipc.Client (Client.java:handleConnectionFailure(977)) - Retrying connect to server: localhost/127.0.0.1:13877. Already tried 1 time(s); retry policy is RetryUpToMaximumCountWithFixedSleep(maxRetries=15, sleepTime=1000 MILLISECONDS)
2021-10-13 10:11:50,672 [EventQueue-PipelineReportForPipelineReportHandler] INFO  pipeline.PipelineManagerImpl (PipelineManagerImpl.java:openPipeline(282)) - Pipeline Pipeline[ Id: 87f87530-a371-4125-a80d-cfd79ed7d8c4, Nodes: 83da085b-8d99-4632-b443-c6596217d352{ip: 127.0.0.1, host: localhost, ports: [REPLICATION=32933, RATIS=34351, RATIS_ADMIN=34351, RATIS_SERVER=34351, STANDALONE=46025], networkLocation: /default-rack, certSerialId: null, persistedOpState: IN_SERVICE, persistedOpStateExpiryEpochSec: 0}83908b8c-1318-4212-96d2-7cdb43457491{ip: 127.0.0.1, host: localhost, ports: [REPLICATION=37905, RATIS=46375, RATIS_ADMIN=46375, RATIS_SERVER=46375, STANDALONE=34773], networkLocation: /default-rack, certSerialId: null, persistedOpState: IN_SERVICE, persistedOpStateExpiryEpochSec: 0}a78bc827-a10e-4e71-88ed-094b4b7dc052{ip: 127.0.0.1, host: localhost, ports: [REPLICATION=36927, RATIS=44771, RATIS_ADMIN=44771, RATIS_SERVER=44771, STANDALONE=36337], networkLocation: /default-rack, certSerialId: null, persistedOpState: IN_SERVICE, persistedOpStateExpiryEpochSec: 0}, ReplicationConfig: RATIS/THREE, State:ALLOCATED, leaderId:a78bc827-a10e-4e71-88ed-094b4b7dc052, CreationTimestamp2021-10-13T10:11:45.452Z[Etc/UTC]] moved to OPEN state
2021-10-13 10:11:50,673 [EventQueue-PipelineReportForPipelineReportHandler] ERROR events.SingleThreadExecutor (SingleThreadExecutor.java:lambda$onMessage$1(88)) - Error on execution message org.apache.hadoop.hdds.scm.server.SCMDatanodeHeartbeatDispatcher$PipelineReportFromDatanode@6d4d1bdf
java.lang.reflect.UndeclaredThrowableException
	at com.sun.proxy.$Proxy23.updatePipelineState(Unknown Source)
	at org.apache.hadoop.hdds.scm.pipeline.PipelineManagerImpl.openPipeline(PipelineManagerImpl.java:283)
	at org.apache.hadoop.hdds.scm.pipeline.PipelineReportHandler.processPipelineReport(PipelineReportHandler.java:133)
	at org.apache.hadoop.hdds.scm.pipeline.PipelineReportHandler.onMessage(PipelineReportHandler.java:92)
	at org.apache.hadoop.hdds.scm.pipeline.PipelineReportHandler.onMessage(PipelineReportHandler.java:51)
	at org.apache.hadoop.hdds.server.events.SingleThreadExecutor.lambda$onMessage$1(SingleThreadExecutor.java:85)
	at java.util.concurrent.ThreadPoolExecutor.runWorker(ThreadPoolExecutor.java:1149)
	at java.util.concurrent.ThreadPoolExecutor$Worker.run(ThreadPoolExecutor.java:624)
	at java.lang.Thread.run(Thread.java:748)
Caused by: java.util.concurrent.ExecutionException: org.apache.ratis.protocol.exceptions.ServerNotReadyException: 331de3d1-09e8-4a6e-81ce-27fbcffaf652@group-88C8CD7CA178 is not in [RUNNING]: current state is CLOSED
	at java.util.concurrent.CompletableFuture.reportGet(CompletableFuture.java:357)
	at java.util.concurrent.CompletableFuture.get(CompletableFuture.java:1928)
	at org.apache.hadoop.hdds.scm.ha.SCMRatisServerImpl.submitRequest(SCMRatisServerImpl.java:223)
	at org.apache.hadoop.hdds.scm.ha.SCMHAInvocationHandler.invokeRatis(SCMHAInvocationHandler.java:110)
	at org.apache.hadoop.hdds.scm.ha.SCMHAInvocationHandler.invoke(SCMHAInvocationHandler.java:67)
	... 9 more
Caused by: org.apache.ratis.protocol.exceptions.ServerNotReadyException: 331de3d1-09e8-4a6e-81ce-27fbcffaf652@group-88C8CD7CA178 is not in [RUNNING]: current state is CLOSED
	at org.apache.ratis.server.impl.RaftServerImpl.lambda$assertLifeCycleState$9(RaftServerImpl.java:667)
	at org.apache.ratis.util.LifeCycle.assertCurrentState(LifeCycle.java:253)
	at org.apache.ratis.server.impl.RaftServerImpl.assertLifeCycleState(RaftServerImpl.java:666)
	at org.apache.ratis.server.impl.RaftServerImpl.submitClientRequestAsync(RaftServerImpl.java:745)
	at org.apache.ratis.server.impl.RaftServerProxy.lambda$submitClientRequestAsync$9(RaftServerProxy.java:417)
	at org.apache.ratis.server.impl.RaftServerProxy.lambda$null$7(RaftServerProxy.java:412)
	at org.apache.ratis.util.JavaUtils.callAsUnchecked(JavaUtils.java:115)
	at org.apache.ratis.server.impl.RaftServerProxy.lambda$submitRequest$8(RaftServerProxy.java:412)
	at java.util.concurrent.CompletableFuture.uniComposeStage(CompletableFuture.java:995)
	at java.util.concurrent.CompletableFuture.thenCompose(CompletableFuture.java:2137)
	at org.apache.ratis.server.impl.RaftServerProxy.submitRequest(RaftServerProxy.java:411)
	at org.apache.ratis.server.impl.RaftServerProxy.submitClientRequestAsync(RaftServerProxy.java:417)
	at org.apache.hadoop.hdds.scm.ha.SCMRatisServerImpl.submitRequest(SCMRatisServerImpl.java:222)
	... 11 more
2021-10-13 10:11:50,852 [EventQueue-PipelineReportForPipelineReportHandler] INFO  pipeline.PipelineManagerImpl (PipelineManagerImpl.java:openPipeline(282)) - Pipeline Pipeline[ Id: 87f87530-a371-4125-a80d-cfd79ed7d8c4, Nodes: 83da085b-8d99-4632-b443-c6596217d352{ip: 127.0.0.1, host: localhost, ports: [REPLICATION=32933, RATIS=34351, RATIS_ADMIN=34351, RATIS_SERVER=34351, STANDALONE=46025], networkLocation: /default-rack, certSerialId: null, persistedOpState: IN_SERVICE, persistedOpStateExpiryEpochSec: 0}83908b8c-1318-4212-96d2-7cdb43457491{ip: 127.0.0.1, host: localhost, ports: [REPLICATION=37905, RATIS=46375, RATIS_ADMIN=46375, RATIS_SERVER=46375, STANDALONE=34773], networkLocation: /default-rack, certSerialId: null, persistedOpState: IN_SERVICE, persistedOpStateExpiryEpochSec: 0}a78bc827-a10e-4e71-88ed-094b4b7dc052{ip: 127.0.0.1, host: localhost, ports: [REPLICATION=36927, RATIS=44771, RATIS_ADMIN=44771, RATIS_SERVER=44771, STANDALONE=36337], networkLocation: /default-rack, certSerialId: null, persistedOpState: IN_SERVICE, persistedOpStateExpiryEpochSec: 0}, ReplicationConfig: RATIS/THREE, State:ALLOCATED, leaderId:a78bc827-a10e-4e71-88ed-094b4b7dc052, CreationTimestamp2021-10-13T10:11:45.452Z[Etc/UTC]] moved to OPEN state
2021-10-13 10:11:50,852 [EventQueue-PipelineReportForPipelineReportHandler] ERROR events.SingleThreadExecutor (SingleThreadExecutor.java:lambda$onMessage$1(88)) - Error on execution message org.apache.hadoop.hdds.scm.server.SCMDatanodeHeartbeatDispatcher$PipelineReportFromDatanode@1dd315ea
java.lang.reflect.UndeclaredThrowableException
	at com.sun.proxy.$Proxy23.updatePipelineState(Unknown Source)
	at org.apache.hadoop.hdds.scm.pipeline.PipelineManagerImpl.openPipeline(PipelineManagerImpl.java:283)
	at org.apache.hadoop.hdds.scm.pipeline.PipelineReportHandler.processPipelineReport(PipelineReportHandler.java:133)
	at org.apache.hadoop.hdds.scm.pipeline.PipelineReportHandler.onMessage(PipelineReportHandler.java:92)
	at org.apache.hadoop.hdds.scm.pipeline.PipelineReportHandler.onMessage(PipelineReportHandler.java:51)
	at org.apache.hadoop.hdds.server.events.SingleThreadExecutor.lambda$onMessage$1(SingleThreadExecutor.java:85)
	at java.util.concurrent.ThreadPoolExecutor.runWorker(ThreadPoolExecutor.java:1149)
	at java.util.concurrent.ThreadPoolExecutor$Worker.run(ThreadPoolExecutor.java:624)
	at java.lang.Thread.run(Thread.java:748)
Caused by: java.util.concurrent.ExecutionException: org.apache.ratis.protocol.exceptions.ServerNotReadyException: 331de3d1-09e8-4a6e-81ce-27fbcffaf652@group-88C8CD7CA178 is not in [RUNNING]: current state is CLOSED
	at java.util.concurrent.CompletableFuture.reportGet(CompletableFuture.java:357)
	at java.util.concurrent.CompletableFuture.get(CompletableFuture.java:1928)
	at org.apache.hadoop.hdds.scm.ha.SCMRatisServerImpl.submitRequest(SCMRatisServerImpl.java:223)
	at org.apache.hadoop.hdds.scm.ha.SCMHAInvocationHandler.invokeRatis(SCMHAInvocationHandler.java:110)
	at org.apache.hadoop.hdds.scm.ha.SCMHAInvocationHandler.invoke(SCMHAInvocationHandler.java:67)
	... 9 more
Caused by: org.apache.ratis.protocol.exceptions.ServerNotReadyException: 331de3d1-09e8-4a6e-81ce-27fbcffaf652@group-88C8CD7CA178 is not in [RUNNING]: current state is CLOSED
	at org.apache.ratis.server.impl.RaftServerImpl.lambda$assertLifeCycleState$9(RaftServerImpl.java:667)
	at org.apache.ratis.util.LifeCycle.assertCurrentState(LifeCycle.java:253)
	at org.apache.ratis.server.impl.RaftServerImpl.assertLifeCycleState(RaftServerImpl.java:666)
	at org.apache.ratis.server.impl.RaftServerImpl.submitClientRequestAsync(RaftServerImpl.java:745)
	at org.apache.ratis.server.impl.RaftServerProxy.lambda$submitClientRequestAsync$9(RaftServerProxy.java:417)
	at org.apache.ratis.server.impl.RaftServerProxy.lambda$null$7(RaftServerProxy.java:412)
	at org.apache.ratis.util.JavaUtils.callAsUnchecked(JavaUtils.java:115)
	at org.apache.ratis.server.impl.RaftServerProxy.lambda$submitRequest$8(RaftServerProxy.java:412)
	at java.util.concurrent.CompletableFuture.uniComposeStage(CompletableFuture.java:995)
	at java.util.concurrent.CompletableFuture.thenCompose(CompletableFuture.java:2137)
	at org.apache.ratis.server.impl.RaftServerProxy.submitRequest(RaftServerProxy.java:411)
	at org.apache.ratis.server.impl.RaftServerProxy.submitClientRequestAsync(RaftServerProxy.java:417)
	at org.apache.hadoop.hdds.scm.ha.SCMRatisServerImpl.submitRequest(SCMRatisServerImpl.java:222)
	... 11 more
2021-10-13 10:11:51,066 [EndpointStateMachine task thread for /127.0.0.1:13897 - 0 ] INFO  ipc.Client (Client.java:handleConnectionFailure(977)) - Retrying connect to server: localhost/127.0.0.1:13897. Already tried 2 time(s); retry policy is RetryUpToMaximumCountWithFixedSleep(maxRetries=15, sleepTime=1000 MILLISECONDS)
2021-10-13 10:11:51,142 [EventQueue-PipelineReportForPipelineReportHandler] INFO  pipeline.PipelineManagerImpl (PipelineManagerImpl.java:openPipeline(282)) - Pipeline Pipeline[ Id: 87f87530-a371-4125-a80d-cfd79ed7d8c4, Nodes: 83da085b-8d99-4632-b443-c6596217d352{ip: 127.0.0.1, host: localhost, ports: [REPLICATION=32933, RATIS=34351, RATIS_ADMIN=34351, RATIS_SERVER=34351, STANDALONE=46025], networkLocation: /default-rack, certSerialId: null, persistedOpState: IN_SERVICE, persistedOpStateExpiryEpochSec: 0}83908b8c-1318-4212-96d2-7cdb43457491{ip: 127.0.0.1, host: localhost, ports: [REPLICATION=37905, RATIS=46375, RATIS_ADMIN=46375, RATIS_SERVER=46375, STANDALONE=34773], networkLocation: /default-rack, certSerialId: null, persistedOpState: IN_SERVICE, persistedOpStateExpiryEpochSec: 0}a78bc827-a10e-4e71-88ed-094b4b7dc052{ip: 127.0.0.1, host: localhost, ports: [REPLICATION=36927, RATIS=44771, RATIS_ADMIN=44771, RATIS_SERVER=44771, STANDALONE=36337], networkLocation: /default-rack, certSerialId: null, persistedOpState: IN_SERVICE, persistedOpStateExpiryEpochSec: 0}, ReplicationConfig: RATIS/THREE, State:ALLOCATED, leaderId:a78bc827-a10e-4e71-88ed-094b4b7dc052, CreationTimestamp2021-10-13T10:11:45.452Z[Etc/UTC]] moved to OPEN state
2021-10-13 10:11:51,142 [EventQueue-PipelineReportForPipelineReportHandler] ERROR events.SingleThreadExecutor (SingleThreadExecutor.java:lambda$onMessage$1(88)) - Error on execution message org.apache.hadoop.hdds.scm.server.SCMDatanodeHeartbeatDispatcher$PipelineReportFromDatanode@63919dc5
java.lang.reflect.UndeclaredThrowableException
	at com.sun.proxy.$Proxy23.updatePipelineState(Unknown Source)
	at org.apache.hadoop.hdds.scm.pipeline.PipelineManagerImpl.openPipeline(PipelineManagerImpl.java:283)
	at org.apache.hadoop.hdds.scm.pipeline.PipelineReportHandler.processPipelineReport(PipelineReportHandler.java:133)
	at org.apache.hadoop.hdds.scm.pipeline.PipelineReportHandler.onMessage(PipelineReportHandler.java:92)
	at org.apache.hadoop.hdds.scm.pipeline.PipelineReportHandler.onMessage(PipelineReportHandler.java:51)
	at org.apache.hadoop.hdds.server.events.SingleThreadExecutor.lambda$onMessage$1(SingleThreadExecutor.java:85)
	at java.util.concurrent.ThreadPoolExecutor.runWorker(ThreadPoolExecutor.java:1149)
	at java.util.concurrent.ThreadPoolExecutor$Worker.run(ThreadPoolExecutor.java:624)
	at java.lang.Thread.run(Thread.java:748)
Caused by: java.util.concurrent.ExecutionException: org.apache.ratis.protocol.exceptions.ServerNotReadyException: 331de3d1-09e8-4a6e-81ce-27fbcffaf652@group-88C8CD7CA178 is not in [RUNNING]: current state is CLOSED
	at java.util.concurrent.CompletableFuture.reportGet(CompletableFuture.java:357)
	at java.util.concurrent.CompletableFuture.get(CompletableFuture.java:1928)
	at org.apache.hadoop.hdds.scm.ha.SCMRatisServerImpl.submitRequest(SCMRatisServerImpl.java:223)
	at org.apache.hadoop.hdds.scm.ha.SCMHAInvocationHandler.invokeRatis(SCMHAInvocationHandler.java:110)
	at org.apache.hadoop.hdds.scm.ha.SCMHAInvocationHandler.invoke(SCMHAInvocationHandler.java:67)
	... 9 more
Caused by: org.apache.ratis.protocol.exceptions.ServerNotReadyException: 331de3d1-09e8-4a6e-81ce-27fbcffaf652@group-88C8CD7CA178 is not in [RUNNING]: current state is CLOSED
	at org.apache.ratis.server.impl.RaftServerImpl.lambda$assertLifeCycleState$9(RaftServerImpl.java:667)
	at org.apache.ratis.util.LifeCycle.assertCurrentState(LifeCycle.java:253)
	at org.apache.ratis.server.impl.RaftServerImpl.assertLifeCycleState(RaftServerImpl.java:666)
	at org.apache.ratis.server.impl.RaftServerImpl.submitClientRequestAsync(RaftServerImpl.java:745)
	at org.apache.ratis.server.impl.RaftServerProxy.lambda$submitClientRequestAsync$9(RaftServerProxy.java:417)
	at org.apache.ratis.server.impl.RaftServerProxy.lambda$null$7(RaftServerProxy.java:412)
	at org.apache.ratis.util.JavaUtils.callAsUnchecked(JavaUtils.java:115)
	at org.apache.ratis.server.impl.RaftServerProxy.lambda$submitRequest$8(RaftServerProxy.java:412)
	at java.util.concurrent.CompletableFuture.uniComposeStage(CompletableFuture.java:995)
	at java.util.concurrent.CompletableFuture.thenCompose(CompletableFuture.java:2137)
	at org.apache.ratis.server.impl.RaftServerProxy.submitRequest(RaftServerProxy.java:411)
	at org.apache.ratis.server.impl.RaftServerProxy.submitClientRequestAsync(RaftServerProxy.java:417)
	at org.apache.hadoop.hdds.scm.ha.SCMRatisServerImpl.submitRequest(SCMRatisServerImpl.java:222)
	... 11 more
2021-10-13 10:11:51,229 [SCM Heartbeat Processing Thread - 0] WARN  node.NodeStateManager (NodeStateManager.java:scheduleNextHealthCheck(799)) - Current Thread is interrupted, shutting down HB processing thread for Node Manager.
2021-10-13 10:11:51,234 [Listener at 127.0.0.1/11284] INFO  server.StorageContainerManager (StorageContainerManager.java:stop(1431)) - Stopping block service RPC server
2021-10-13 10:11:51,234 [Listener at 127.0.0.1/11284] INFO  server.SCMBlockProtocolServer (SCMBlockProtocolServer.java:stop(160)) - Stopping the RPC server for Block Protocol
2021-10-13 10:11:51,234 [Listener at 127.0.0.1/11284] INFO  ipc.Server (Server.java:stop(3414)) - Stopping server on 14238
2021-10-13 10:11:51,243 [IPC Server Responder] INFO  ipc.Server (Server.java:run(1512)) - Stopping IPC Server Responder
2021-10-13 10:11:51,243 [Listener at 127.0.0.1/11284] INFO  server.StorageContainerManager (StorageContainerManager.java:stop(1438)) - Stopping the StorageContainerLocationProtocol RPC server
2021-10-13 10:11:51,243 [Listener at 127.0.0.1/11284] INFO  server.SCMClientProtocolServer (SCMClientProtocolServer.java:stop(173)) - Stopping the RPC server for Client Protocol
2021-10-13 10:11:51,243 [Listener at 127.0.0.1/11284] INFO  ipc.Server (Server.java:stop(3414)) - Stopping server on 14239
2021-10-13 10:11:51,246 [IPC Server listener on 14238] INFO  ipc.Server (Server.java:run(1376)) - Stopping IPC Server listener on 14238
2021-10-13 10:11:51,257 [Listener at 127.0.0.1/11284] INFO  server.StorageContainerManager (StorageContainerManager.java:stop(1445)) - Stopping Storage Container Manager HTTP server.
2021-10-13 10:11:51,258 [IPC Server Responder] INFO  ipc.Server (Server.java:run(1512)) - Stopping IPC Server Responder
2021-10-13 10:11:51,258 [IPC Server listener on 14239] INFO  ipc.Server (Server.java:run(1376)) - Stopping IPC Server listener on 14239
2021-10-13 10:11:51,259 [Listener at 127.0.0.1/11284] INFO  handler.ContextHandler (ContextHandler.java:doStop(1153)) - Stopped o.e.j.w.WebAppContext@3cbe75ce{scm,/,null,STOPPED}{file:/home/runner/work/ozone/ozone/hadoop-ozone/integration-test/target/test-classes/webapps/scm}
2021-10-13 10:11:51,259 [Listener at 127.0.0.1/11284] INFO  server.AbstractConnector (AbstractConnector.java:doStop(381)) - Stopped ServerConnector@f03d81a{HTTP/1.1, (http/1.1)}{0.0.0.0:14234}
2021-10-13 10:11:51,260 [Listener at 127.0.0.1/11284] INFO  server.session (HouseKeeper.java:stopScavenging(149)) - node0 Stopped scavenging
2021-10-13 10:11:51,260 [Listener at 127.0.0.1/11284] INFO  handler.ContextHandler (ContextHandler.java:doStop(1153)) - Stopped o.e.j.s.ServletContextHandler@493f14e7{static,/static,file:///home/runner/work/ozone/ozone/hadoop-ozone/integration-test/target/test-classes/webapps/static,STOPPED}
2021-10-13 10:11:51,261 [Listener at 127.0.0.1/11284] INFO  handler.ContextHandler (ContextHandler.java:doStop(1153)) - Stopped o.e.j.s.ServletContextHandler@4544bccb{logs,/logs,file:///home/runner/work/ozone/ozone/hadoop-ozone/integration-test/target/log,STOPPED}
2021-10-13 10:11:51,269 [Listener at 127.0.0.1/11284] INFO  server.StorageContainerManager (StorageContainerManager.java:stop(1456)) - Stopping Block Manager Service.
2021-10-13 10:11:51,269 [Listener at 127.0.0.1/11284] INFO  utils.BackgroundService (BackgroundService.java:shutdown(132)) - Shutting down service SCMBlockDeletingService
2021-10-13 10:11:51,269 [Listener at 127.0.0.1/11284] INFO  utils.BackgroundService (BackgroundService.java:shutdown(132)) - Shutting down service SCMBlockDeletingService
2021-10-13 10:11:51,270 [Listener at 127.0.0.1/11284] INFO  server.StorageContainerManager (StorageContainerManager.java:stop(1483)) - Stopping SCM Event Queue.
2021-10-13 10:11:51,271 [Listener at 127.0.0.1/11284] INFO  server.StorageContainerManager (StorageContainerManager.java:stop(1494)) - Stopping SCM HA services.
2021-10-13 10:11:51,272 [Listener at 127.0.0.1/11284] INFO  ha.SCMRatisServerImpl (SCMRatisServerImpl.java:stop(236)) - stopping ratis server 0.0.0.0:14236
2021-10-13 10:11:51,272 [Listener at 127.0.0.1/11284] INFO  server.RaftServer (RaftServerProxy.java:lambda$close$6(391)) - 3e49b098-f263-4746-8850-a06a1becd7d6: close
2021-10-13 10:11:51,272 [Listener at 127.0.0.1/11284] INFO  server.RaftServer$Division (RaftServerImpl.java:lambda$close$4(407)) - 3e49b098-f263-4746-8850-a06a1becd7d6@group-88C8CD7CA178: shutdown
2021-10-13 10:11:51,272 [Listener at 127.0.0.1/11284] INFO  util.JmxRegister (JmxRegister.java:unregister(73)) - Successfully un-registered JMX Bean with object name Ratis:service=RaftServer,group=group-88C8CD7CA178,id=3e49b098-f263-4746-8850-a06a1becd7d6
2021-10-13 10:11:51,272 [Listener at 127.0.0.1/11284] INFO  impl.RoleInfo (RoleInfo.java:shutdownLeaderState(91)) - 3e49b098-f263-4746-8850-a06a1becd7d6: shutdown 3e49b098-f263-4746-8850-a06a1becd7d6@group-88C8CD7CA178-LeaderStateImpl
2021-10-13 10:11:51,273 [Listener at 127.0.0.1/11284] INFO  impl.PendingRequests (PendingRequests.java:sendNotLeaderResponses(282)) - 3e49b098-f263-4746-8850-a06a1becd7d6@group-88C8CD7CA178-PendingRequests: sendNotLeaderResponses
2021-10-13 10:11:51,273 [3e49b098-f263-4746-8850-a06a1becd7d6@group-88C8CD7CA178->331de3d1-09e8-4a6e-81ce-27fbcffaf652-GrpcLogAppender-LogAppenderDaemon] WARN  server.GrpcLogAppender (GrpcLogAppender.java:mayWait(175)) - 3e49b098-f263-4746-8850-a06a1becd7d6@group-88C8CD7CA178->331de3d1-09e8-4a6e-81ce-27fbcffaf652-GrpcLogAppender: Wait interrupted by java.lang.InterruptedException
2021-10-13 10:11:51,273 [grpc-default-executor-2] INFO  server.GrpcServerProtocolService (GrpcServerProtocolService.java:onCompleted(140)) - 331de3d1-09e8-4a6e-81ce-27fbcffaf652: Completed APPEND_ENTRIES, lastRequest: 3e49b098-f263-4746-8850-a06a1becd7d6->331de3d1-09e8-4a6e-81ce-27fbcffaf652#53-t2,previous=(t:2, i:29),leaderCommit=29,initializing? true,entries: size=1, first=(t:2, i:30), METADATAENTRY(c:29)
2021-10-13 10:11:51,273 [3e49b098-f263-4746-8850-a06a1becd7d6@group-88C8CD7CA178->f92345f7-de12-4b3d-8fd2-3689378a4141-GrpcLogAppender-LogAppenderDaemon] WARN  server.GrpcLogAppender (GrpcLogAppender.java:mayWait(175)) - 3e49b098-f263-4746-8850-a06a1becd7d6@group-88C8CD7CA178->f92345f7-de12-4b3d-8fd2-3689378a4141-GrpcLogAppender: Wait interrupted by java.lang.InterruptedException
2021-10-13 10:11:51,273 [Listener at 127.0.0.1/11284] INFO  ha.SCMStateMachine (SCMStateMachine.java:notifyNotLeader(183)) - current leader SCM steps down.
2021-10-13 10:11:51,274 [Listener at 127.0.0.1/11284] INFO  ha.SCMContext (SCMContext.java:updateLeaderAndTerm(88)) - update <isLeader,term> from <true,2> to <false,0>
2021-10-13 10:11:51,274 [Listener at 127.0.0.1/11284] INFO  ha.SCMContext (SCMContext.java:updateLeaderAndTerm(95)) - update <isLeaderReady> from <false> to <false>
2021-10-13 10:11:51,274 [grpc-default-executor-3] INFO  server.GrpcLogAppender (GrpcLogAppender.java:onCompleted(344)) - 3e49b098-f263-4746-8850-a06a1becd7d6@group-88C8CD7CA178->331de3d1-09e8-4a6e-81ce-27fbcffaf652-AppendLogResponseHandler: follower responses appendEntries COMPLETED
2021-10-13 10:11:51,276 [grpc-default-executor-3] INFO  leader.FollowerInfo (FollowerInfoImpl.java:lambda$new$0(46)) - 3e49b098-f263-4746-8850-a06a1becd7d6@group-88C8CD7CA178->331de3d1-09e8-4a6e-81ce-27fbcffaf652: nextIndex: updateUnconditionally 31 -> 30
2021-10-13 10:11:51,276 [Listener at 127.0.0.1/11284] INFO  impl.StateMachineUpdater (StateMachineUpdater.java:stopAndJoin(149)) - 3e49b098-f263-4746-8850-a06a1becd7d6@group-88C8CD7CA178-StateMachineUpdater: set stopIndex = 30
2021-10-13 10:11:51,277 [Listener at 127.0.0.1/11284] INFO  server.RaftServer$Division (ServerState.java:close(419)) - 3e49b098-f263-4746-8850-a06a1becd7d6@group-88C8CD7CA178: closes. applyIndex: 30
2021-10-13 10:11:51,277 [3e49b098-f263-4746-8850-a06a1becd7d6@group-88C8CD7CA178-SegmentedRaftLogWorker] INFO  segmented.SegmentedRaftLogWorker (SegmentedRaftLogWorker.java:run(327)) - 3e49b098-f263-4746-8850-a06a1becd7d6@group-88C8CD7CA178-SegmentedRaftLogWorker was interrupted, exiting. There are 0 tasks remaining in the queue.
2021-10-13 10:11:51,276 [grpc-default-executor-1] INFO  server.GrpcServerProtocolService (GrpcServerProtocolService.java:onCompleted(140)) - f92345f7-de12-4b3d-8fd2-3689378a4141: Completed APPEND_ENTRIES, lastRequest: 3e49b098-f263-4746-8850-a06a1becd7d6->f92345f7-de12-4b3d-8fd2-3689378a4141#1210-t2,previous=(t:2, i:29),leaderCommit=29,initializing? true,entries: size=1, first=(t:2, i:30), METADATAENTRY(c:29)
2021-10-13 10:11:51,285 [grpc-default-executor-1] INFO  server.GrpcLogAppender (GrpcLogAppender.java:onCompleted(344)) - 3e49b098-f263-4746-8850-a06a1becd7d6@group-88C8CD7CA178->f92345f7-de12-4b3d-8fd2-3689378a4141-AppendLogResponseHandler: follower responses appendEntries COMPLETED
2021-10-13 10:11:51,285 [Listener at 127.0.0.1/11284] INFO  segmented.SegmentedRaftLogWorker (SegmentedRaftLogWorker.java:close(237)) - 3e49b098-f263-4746-8850-a06a1becd7d6@group-88C8CD7CA178-SegmentedRaftLogWorker close()
2021-10-13 10:11:51,285 [grpc-default-executor-1] INFO  leader.FollowerInfo (FollowerInfoImpl.java:lambda$new$0(46)) - 3e49b098-f263-4746-8850-a06a1becd7d6@group-88C8CD7CA178->f92345f7-de12-4b3d-8fd2-3689378a4141: nextIndex: updateUnconditionally 31 -> 30
2021-10-13 10:11:51,289 [Listener at 127.0.0.1/11284] INFO  server.GrpcService (GrpcService.java:closeImpl(262)) - 3e49b098-f263-4746-8850-a06a1becd7d6: shutdown server with port 14236 now
2021-10-13 10:11:51,300 [Listener at 127.0.0.1/11284] INFO  server.GrpcService (GrpcService.java:closeImpl(271)) - 3e49b098-f263-4746-8850-a06a1becd7d6: shutdown server with port 14236 successfully
2021-10-13 10:11:51,302 [org.apache.ratis.util.JvmPauseMonitor$$Lambda$499/17331878@7b3556d7] INFO  util.JvmPauseMonitor (JvmPauseMonitor.java:run(109)) - JvmPauseMonitor-3e49b098-f263-4746-8850-a06a1becd7d6: Stopped
2021-10-13 10:11:51,303 [Listener at 127.0.0.1/11284] INFO  pipeline.BackgroundPipelineCreator (BackgroundPipelineCreator.java:stop(158)) - Stopping RatisPipelineUtilsThread.
2021-10-13 10:11:51,303 [Listener at 127.0.0.1/11284] INFO  server.StorageContainerManager (StorageContainerManager.java:stop(1504)) - Stopping SCM MetadataStore.
2021-10-13 10:11:51,304 [Listener at 127.0.0.1/11284] INFO  impl.MetricsSystemImpl (MetricsSystemImpl.java:stop(210)) - Stopping StorageContainerManager metrics system...
2021-10-13 10:11:51,306 [prometheus] INFO  impl.MetricsSinkAdapter (MetricsSinkAdapter.java:publishMetricsFromQueue(141)) - prometheus thread interrupted.
2021-10-13 10:11:51,310 [Listener at 127.0.0.1/11284] INFO  impl.MetricsSystemImpl (MetricsSystemImpl.java:stop(216)) - StorageContainerManager metrics system stopped.
2021-10-13 10:11:51,310 [Listener at 127.0.0.1/11284] INFO  ozone.MiniOzoneHAClusterImpl (MiniOzoneHAClusterImpl.java:stop(306)) - Stopping the StorageContainerManager 331de3d1-09e8-4a6e-81ce-27fbcffaf652
2021-10-13 10:11:51,311 [Listener at 127.0.0.1/11284] INFO  server.StorageContainerManager (StorageContainerManager.java:stop(1395)) - Stopping Container Balancer service.
2021-10-13 10:11:51,311 [Listener at 127.0.0.1/11284] INFO  balancer.ContainerBalancer (ContainerBalancer.java:stop(753)) - Container Balancer is not running.
2021-10-13 10:11:51,311 [Listener at 127.0.0.1/11284] INFO  server.StorageContainerManager (StorageContainerManager.java:stop(1402)) - Stopping Replication Manager Service.
2021-10-13 10:11:51,311 [Listener at 127.0.0.1/11284] INFO  container.ReplicationManager (ReplicationManager.java:stop(350)) - Stopping Replication Monitor Thread.
2021-10-13 10:11:51,311 [Listener at 127.0.0.1/11284] INFO  server.StorageContainerManager (StorageContainerManager.java:stop(1409)) - Stopping the Datanode Admin Monitor.
2021-10-13 10:11:51,311 [Listener at 127.0.0.1/11284] INFO  server.StorageContainerManager (StorageContainerManager.java:stop(1416)) - Stopping Lease Manager of the command watchers
2021-10-13 10:11:51,312 [Listener at 127.0.0.1/11284] INFO  server.StorageContainerManager (StorageContainerManager.java:stop(1423)) - Stopping datanode service RPC server
2021-10-13 10:11:51,312 [Listener at 127.0.0.1/11284] INFO  server.SCMDatanodeProtocolServer (SCMDatanodeProtocolServer.java:stop(389)) - Stopping the RPC server for DataNodes
2021-10-13 10:11:51,312 [Listener at 127.0.0.1/11284] INFO  ipc.Server (Server.java:stop(3414)) - Stopping server on 14257
2021-10-13 10:11:51,320 [IPC Server Responder] INFO  ipc.Server (Server.java:run(1512)) - Stopping IPC Server Responder
2021-10-13 10:11:51,323 [IPC Server listener on 14257] INFO  ipc.Server (Server.java:run(1376)) - Stopping IPC Server listener on 14257
2021-10-13 10:11:51,365 [EndpointStateMachine task thread for /127.0.0.1:13887 - 0 ] INFO  ipc.Client (Client.java:handleConnectionFailure(977)) - Retrying connect to server: localhost/127.0.0.1:13887. Already tried 14 time(s); retry policy is RetryUpToMaximumCountWithFixedSleep(maxRetries=15, sleepTime=1000 MILLISECONDS)
2021-10-13 10:11:51,400 [EndpointStateMachine task thread for /127.0.0.1:13877 - 0 ] INFO  ipc.Client (Client.java:handleConnectionFailure(977)) - Retrying connect to server: localhost/127.0.0.1:13877. Already tried 2 time(s); retry policy is RetryUpToMaximumCountWithFixedSleep(maxRetries=15, sleepTime=1000 MILLISECONDS)
2021-10-13 10:11:51,403 [SCM Heartbeat Processing Thread - 0] WARN  node.NodeStateManager (NodeStateManager.java:scheduleNextHealthCheck(799)) - Current Thread is interrupted, shutting down HB processing thread for Node Manager.
2021-10-13 10:11:51,403 [Listener at 127.0.0.1/11284] INFO  server.StorageContainerManager (StorageContainerManager.java:stop(1431)) - Stopping block service RPC server
2021-10-13 10:11:51,404 [Listener at 127.0.0.1/11284] INFO  server.SCMBlockProtocolServer (SCMBlockProtocolServer.java:stop(160)) - Stopping the RPC server for Block Protocol
2021-10-13 10:11:51,404 [Listener at 127.0.0.1/11284] INFO  ipc.Server (Server.java:stop(3414)) - Stopping server on 14258
2021-10-13 10:11:51,404 [IPC Server listener on 14258] INFO  ipc.Server (Server.java:run(1376)) - Stopping IPC Server listener on 14258
2021-10-13 10:11:51,407 [Listener at 127.0.0.1/11284] INFO  server.StorageContainerManager (StorageContainerManager.java:stop(1438)) - Stopping the StorageContainerLocationProtocol RPC server
2021-10-13 10:11:51,407 [Listener at 127.0.0.1/11284] INFO  server.SCMClientProtocolServer (SCMClientProtocolServer.java:stop(173)) - Stopping the RPC server for Client Protocol
2021-10-13 10:11:51,408 [Listener at 127.0.0.1/11284] INFO  ipc.Server (Server.java:stop(3414)) - Stopping server on 14259
2021-10-13 10:11:51,407 [IPC Server Responder] INFO  ipc.Server (Server.java:run(1512)) - Stopping IPC Server Responder
2021-10-13 10:11:51,411 [IPC Server listener on 14259] INFO  ipc.Server (Server.java:run(1376)) - Stopping IPC Server listener on 14259
2021-10-13 10:11:51,411 [Listener at 127.0.0.1/11284] INFO  server.StorageContainerManager (StorageContainerManager.java:stop(1445)) - Stopping Storage Container Manager HTTP server.
2021-10-13 10:11:51,412 [Listener at 127.0.0.1/11284] INFO  handler.ContextHandler (ContextHandler.java:doStop(1153)) - Stopped o.e.j.w.WebAppContext@74b99b0e{scm,/,null,STOPPED}{file:/home/runner/work/ozone/ozone/hadoop-ozone/integration-test/target/test-classes/webapps/scm}
2021-10-13 10:11:51,412 [IPC Server Responder] INFO  ipc.Server (Server.java:run(1512)) - Stopping IPC Server Responder
2021-10-13 10:11:51,419 [Listener at 127.0.0.1/11284] INFO  server.AbstractConnector (AbstractConnector.java:doStop(381)) - Stopped ServerConnector@7139ff5a{HTTP/1.1, (http/1.1)}{0.0.0.0:14254}
2021-10-13 10:11:51,421 [Listener at 127.0.0.1/11284] INFO  server.session (HouseKeeper.java:stopScavenging(149)) - node0 Stopped scavenging
2021-10-13 10:11:51,421 [Listener at 127.0.0.1/11284] INFO  handler.ContextHandler (ContextHandler.java:doStop(1153)) - Stopped o.e.j.s.ServletContextHandler@1d4c5f8b{static,/static,file:///home/runner/work/ozone/ozone/hadoop-ozone/integration-test/target/test-classes/webapps/static,STOPPED}
2021-10-13 10:11:51,422 [Listener at 127.0.0.1/11284] INFO  handler.ContextHandler (ContextHandler.java:doStop(1153)) - Stopped o.e.j.s.ServletContextHandler@c382f4f{logs,/logs,file:///home/runner/work/ozone/ozone/hadoop-ozone/integration-test/target/log,STOPPED}
2021-10-13 10:11:51,423 [Listener at 127.0.0.1/11284] INFO  server.StorageContainerManager (StorageContainerManager.java:stop(1456)) - Stopping Block Manager Service.
2021-10-13 10:11:51,423 [Listener at 127.0.0.1/11284] INFO  utils.BackgroundService (BackgroundService.java:shutdown(132)) - Shutting down service SCMBlockDeletingService
2021-10-13 10:11:51,444 [Listener at 127.0.0.1/11284] INFO  utils.BackgroundService (BackgroundService.java:shutdown(132)) - Shutting down service SCMBlockDeletingService
2021-10-13 10:11:51,444 [Listener at 127.0.0.1/11284] INFO  server.StorageContainerManager (StorageContainerManager.java:stop(1483)) - Stopping SCM Event Queue.
2021-10-13 10:11:51,445 [Listener at 127.0.0.1/11284] INFO  server.StorageContainerManager (StorageContainerManager.java:stop(1494)) - Stopping SCM HA services.
2021-10-13 10:11:51,445 [Listener at 127.0.0.1/11284] INFO  ha.SCMRatisServerImpl (SCMRatisServerImpl.java:stop(236)) - stopping ratis server 0.0.0.0:14256
2021-10-13 10:11:51,446 [Listener at 127.0.0.1/11284] INFO  server.RaftServer (RaftServerProxy.java:lambda$close$6(391)) - 331de3d1-09e8-4a6e-81ce-27fbcffaf652: close
2021-10-13 10:11:51,446 [Listener at 127.0.0.1/11284] INFO  server.GrpcService (GrpcService.java:closeImpl(262)) - 331de3d1-09e8-4a6e-81ce-27fbcffaf652: shutdown server with port 14256 now
2021-10-13 10:11:51,455 [Listener at 127.0.0.1/11284] INFO  server.GrpcService (GrpcService.java:closeImpl(271)) - 331de3d1-09e8-4a6e-81ce-27fbcffaf652: shutdown server with port 14256 successfully
2021-10-13 10:11:51,455 [org.apache.ratis.util.JvmPauseMonitor$$Lambda$499/17331878@5299c25d] INFO  util.JvmPauseMonitor (JvmPauseMonitor.java:run(109)) - JvmPauseMonitor-331de3d1-09e8-4a6e-81ce-27fbcffaf652: Stopped
2021-10-13 10:11:51,457 [Listener at 127.0.0.1/11284] INFO  pipeline.BackgroundPipelineCreator (BackgroundPipelineCreator.java:stop(158)) - Stopping RatisPipelineUtilsThread.
2021-10-13 10:11:51,457 [Listener at 127.0.0.1/11284] INFO  server.StorageContainerManager (StorageContainerManager.java:stop(1504)) - Stopping SCM MetadataStore.
2021-10-13 10:11:51,458 [Listener at 127.0.0.1/11284] INFO  impl.MetricsSystemImpl (MetricsSystemImpl.java:stop(205)) - StorageContainerManager metrics system stopped (again)
2021-10-13 10:11:51,458 [Listener at 127.0.0.1/11284] INFO  ozone.MiniOzoneHAClusterImpl (MiniOzoneHAClusterImpl.java:stop(306)) - Stopping the StorageContainerManager f92345f7-de12-4b3d-8fd2-3689378a4141
2021-10-13 10:11:51,459 [Listener at 127.0.0.1/11284] INFO  server.StorageContainerManager (StorageContainerManager.java:stop(1395)) - Stopping Container Balancer service.
2021-10-13 10:11:51,459 [Listener at 127.0.0.1/11284] INFO  balancer.ContainerBalancer (ContainerBalancer.java:stop(753)) - Container Balancer is not running.
2021-10-13 10:11:51,459 [Listener at 127.0.0.1/11284] INFO  server.StorageContainerManager (StorageContainerManager.java:stop(1402)) - Stopping Replication Manager Service.
2021-10-13 10:11:51,459 [Listener at 127.0.0.1/11284] INFO  container.ReplicationManager (ReplicationManager.java:stop(350)) - Stopping Replication Monitor Thread.
2021-10-13 10:11:51,459 [Listener at 127.0.0.1/11284] INFO  server.StorageContainerManager (StorageContainerManager.java:stop(1409)) - Stopping the Datanode Admin Monitor.
2021-10-13 10:11:51,459 [Listener at 127.0.0.1/11284] INFO  server.StorageContainerManager (StorageContainerManager.java:stop(1416)) - Stopping Lease Manager of the command watchers
2021-10-13 10:11:51,460 [Listener at 127.0.0.1/11284] INFO  server.StorageContainerManager (StorageContainerManager.java:stop(1423)) - Stopping datanode service RPC server
2021-10-13 10:11:51,460 [Listener at 127.0.0.1/11284] INFO  server.SCMDatanodeProtocolServer (SCMDatanodeProtocolServer.java:stop(389)) - Stopping the RPC server for DataNodes
2021-10-13 10:11:51,460 [Listener at 127.0.0.1/11284] INFO  ipc.Server (Server.java:stop(3414)) - Stopping server on 14247
2021-10-13 10:11:51,466 [IPC Server listener on 14247] INFO  ipc.Server (Server.java:run(1376)) - Stopping IPC Server listener on 14247
2021-10-13 10:11:51,468 [IPC Server Responder] INFO  ipc.Server (Server.java:run(1512)) - Stopping IPC Server Responder
2021-10-13 10:11:51,509 [SCM Heartbeat Processing Thread - 0] WARN  node.NodeStateManager (NodeStateManager.java:scheduleNextHealthCheck(799)) - Current Thread is interrupted, shutting down HB processing thread for Node Manager.
2021-10-13 10:11:51,509 [Listener at 127.0.0.1/11284] INFO  server.StorageContainerManager (StorageContainerManager.java:stop(1431)) - Stopping block service RPC server
2021-10-13 10:11:51,510 [Listener at 127.0.0.1/11284] INFO  server.SCMBlockProtocolServer (SCMBlockProtocolServer.java:stop(160)) - Stopping the RPC server for Block Protocol
2021-10-13 10:11:51,510 [Listener at 127.0.0.1/11284] INFO  ipc.Server (Server.java:stop(3414)) - Stopping server on 14248
2021-10-13 10:11:51,512 [IPC Server listener on 14248] INFO  ipc.Server (Server.java:run(1376)) - Stopping IPC Server listener on 14248
2021-10-13 10:11:51,515 [Listener at 127.0.0.1/11284] INFO  server.StorageContainerManager (StorageContainerManager.java:stop(1438)) - Stopping the StorageContainerLocationProtocol RPC server
2021-10-13 10:11:51,515 [Listener at 127.0.0.1/11284] INFO  server.SCMClientProtocolServer (SCMClientProtocolServer.java:stop(173)) - Stopping the RPC server for Client Protocol
2021-10-13 10:11:51,515 [Listener at 127.0.0.1/11284] INFO  ipc.Server (Server.java:stop(3414)) - Stopping server on 14249
2021-10-13 10:11:51,516 [IPC Server Responder] INFO  ipc.Server (Server.java:run(1512)) - Stopping IPC Server Responder
2021-10-13 10:11:51,525 [Listener at 127.0.0.1/11284] INFO  server.StorageContainerManager (StorageContainerManager.java:stop(1445)) - Stopping Storage Container Manager HTTP server.
2021-10-13 10:11:51,525 [Listener at 127.0.0.1/11284] INFO  handler.ContextHandler (ContextHandler.java:doStop(1153)) - Stopped o.e.j.w.WebAppContext@c9acbec{scm,/,null,STOPPED}{file:/home/runner/work/ozone/ozone/hadoop-ozone/integration-test/target/test-classes/webapps/scm}
2021-10-13 10:11:51,528 [IPC Server Responder] INFO  ipc.Server (Server.java:run(1512)) - Stopping IPC Server Responder
2021-10-13 10:11:51,529 [IPC Server listener on 14249] INFO  ipc.Server (Server.java:run(1376)) - Stopping IPC Server listener on 14249
2021-10-13 10:11:51,530 [Listener at 127.0.0.1/11284] INFO  server.AbstractConnector (AbstractConnector.java:doStop(381)) - Stopped ServerConnector@5b19b5d5{HTTP/1.1, (http/1.1)}{0.0.0.0:14244}
2021-10-13 10:11:51,530 [Listener at 127.0.0.1/11284] INFO  server.session (HouseKeeper.java:stopScavenging(149)) - node0 Stopped scavenging
2021-10-13 10:11:51,530 [Listener at 127.0.0.1/11284] INFO  handler.ContextHandler (ContextHandler.java:doStop(1153)) - Stopped o.e.j.s.ServletContextHandler@40e41f16{static,/static,file:///home/runner/work/ozone/ozone/hadoop-ozone/integration-test/target/test-classes/webapps/static,STOPPED}
2021-10-13 10:11:51,530 [Listener at 127.0.0.1/11284] INFO  handler.ContextHandler (ContextHandler.java:doStop(1153)) - Stopped o.e.j.s.ServletContextHandler@59d44c64{logs,/logs,file:///home/runner/work/ozone/ozone/hadoop-ozone/integration-test/target/log,STOPPED}
2021-10-13 10:11:51,532 [Listener at 127.0.0.1/11284] INFO  server.StorageContainerManager (StorageContainerManager.java:stop(1456)) - Stopping Block Manager Service.
2021-10-13 10:11:51,532 [Listener at 127.0.0.1/11284] INFO  utils.BackgroundService (BackgroundService.java:shutdown(132)) - Shutting down service SCMBlockDeletingService
2021-10-13 10:11:51,533 [Listener at 127.0.0.1/11284] INFO  utils.BackgroundService (BackgroundService.java:shutdown(132)) - Shutting down service SCMBlockDeletingService
2021-10-13 10:11:51,533 [Listener at 127.0.0.1/11284] INFO  server.StorageContainerManager (StorageContainerManager.java:stop(1483)) - Stopping SCM Event Queue.
2021-10-13 10:11:51,535 [Listener at 127.0.0.1/11284] INFO  server.StorageContainerManager (StorageContainerManager.java:stop(1494)) - Stopping SCM HA services.
2021-10-13 10:11:51,535 [Listener at 127.0.0.1/11284] INFO  ha.SCMRatisServerImpl (SCMRatisServerImpl.java:stop(236)) - stopping ratis server 0.0.0.0:14246
2021-10-13 10:11:51,536 [Listener at 127.0.0.1/11284] INFO  server.RaftServer (RaftServerProxy.java:lambda$close$6(391)) - f92345f7-de12-4b3d-8fd2-3689378a4141: close
2021-10-13 10:11:51,536 [Listener at 127.0.0.1/11284] INFO  server.RaftServer$Division (RaftServerImpl.java:lambda$close$4(407)) - f92345f7-de12-4b3d-8fd2-3689378a4141@group-88C8CD7CA178: shutdown
2021-10-13 10:11:51,536 [Listener at 127.0.0.1/11284] INFO  util.JmxRegister (JmxRegister.java:unregister(73)) - Successfully un-registered JMX Bean with object name Ratis:service=RaftServer,group=group-88C8CD7CA178,id=f92345f7-de12-4b3d-8fd2-3689378a4141
2021-10-13 10:11:51,536 [Listener at 127.0.0.1/11284] INFO  impl.RoleInfo (RoleInfo.java:shutdownFollowerState(108)) - f92345f7-de12-4b3d-8fd2-3689378a4141: shutdown f92345f7-de12-4b3d-8fd2-3689378a4141@group-88C8CD7CA178-FollowerState
2021-10-13 10:11:51,537 [Listener at 127.0.0.1/11284] INFO  impl.StateMachineUpdater (StateMachineUpdater.java:stopAndJoin(149)) - f92345f7-de12-4b3d-8fd2-3689378a4141@group-88C8CD7CA178-StateMachineUpdater: set stopIndex = 29
2021-10-13 10:11:51,537 [f92345f7-de12-4b3d-8fd2-3689378a4141@group-88C8CD7CA178-StateMachineUpdater] INFO  ha.SCMStateMachine (SCMStateMachine.java:takeSnapshot(290)) - Current Snapshot Index 29, takeSnapshot took 1 ms
2021-10-13 10:11:51,537 [f92345f7-de12-4b3d-8fd2-3689378a4141@group-88C8CD7CA178-StateMachineUpdater] INFO  impl.StateMachineUpdater (StateMachineUpdater.java:takeSnapshot(281)) - f92345f7-de12-4b3d-8fd2-3689378a4141@group-88C8CD7CA178-StateMachineUpdater: Took a snapshot at index 29
2021-10-13 10:11:51,537 [f92345f7-de12-4b3d-8fd2-3689378a4141@group-88C8CD7CA178-StateMachineUpdater] INFO  impl.StateMachineUpdater (StateMachineUpdater.java:lambda$new$0(89)) - f92345f7-de12-4b3d-8fd2-3689378a4141@group-88C8CD7CA178-StateMachineUpdater: snapshotIndex: updateIncreasingly 25 -> 29
2021-10-13 10:11:51,537 [Listener at 127.0.0.1/11284] INFO  server.RaftServer$Division (ServerState.java:close(419)) - f92345f7-de12-4b3d-8fd2-3689378a4141@group-88C8CD7CA178: closes. applyIndex: 28
2021-10-13 10:11:51,537 [f92345f7-de12-4b3d-8fd2-3689378a4141@group-88C8CD7CA178-SegmentedRaftLogWorker] INFO  segmented.SegmentedRaftLogWorker (SegmentedRaftLogWorker.java:run(327)) - f92345f7-de12-4b3d-8fd2-3689378a4141@group-88C8CD7CA178-SegmentedRaftLogWorker was interrupted, exiting. There are 0 tasks remaining in the queue.
2021-10-13 10:11:51,538 [Listener at 127.0.0.1/11284] INFO  segmented.SegmentedRaftLogWorker (SegmentedRaftLogWorker.java:close(237)) - f92345f7-de12-4b3d-8fd2-3689378a4141@group-88C8CD7CA178-SegmentedRaftLogWorker close()
2021-10-13 10:11:51,539 [f92345f7-de12-4b3d-8fd2-3689378a4141@group-88C8CD7CA178-FollowerState] INFO  impl.FollowerState (FollowerState.java:run(143)) - f92345f7-de12-4b3d-8fd2-3689378a4141@group-88C8CD7CA178-FollowerState was interrupted: {}
java.lang.InterruptedException: sleep interrupted
	at java.lang.Thread.sleep(Native Method)
	at java.lang.Thread.sleep(Thread.java:340)
	at java.util.concurrent.TimeUnit.sleep(TimeUnit.java:386)
	at org.apache.ratis.util.TimeDuration.sleep(TimeDuration.java:324)
	at org.apache.ratis.util.TimeDuration.sleep(TimeDuration.java:309)
	at org.apache.ratis.server.impl.FollowerState.run(FollowerState.java:118)
2021-10-13 10:11:51,543 [Listener at 127.0.0.1/11284] INFO  server.GrpcService (GrpcService.java:closeImpl(262)) - f92345f7-de12-4b3d-8fd2-3689378a4141: shutdown server with port 14246 now
2021-10-13 10:11:51,544 [Listener at 127.0.0.1/11284] INFO  server.GrpcService (GrpcService.java:closeImpl(271)) - f92345f7-de12-4b3d-8fd2-3689378a4141: shutdown server with port 14246 successfully
2021-10-13 10:11:51,544 [org.apache.ratis.util.JvmPauseMonitor$$Lambda$499/17331878@6eba7c33] INFO  util.JvmPauseMonitor (JvmPauseMonitor.java:run(109)) - JvmPauseMonitor-f92345f7-de12-4b3d-8fd2-3689378a4141: Stopped
2021-10-13 10:11:51,545 [Listener at 127.0.0.1/11284] INFO  pipeline.BackgroundPipelineCreator (BackgroundPipelineCreator.java:stop(158)) - Stopping RatisPipelineUtilsThread.
2021-10-13 10:11:51,546 [Listener at 127.0.0.1/11284] INFO  server.StorageContainerManager (StorageContainerManager.java:stop(1504)) - Stopping SCM MetadataStore.
2021-10-13 10:11:51,547 [Listener at 127.0.0.1/11284] INFO  impl.MetricsSystemImpl (MetricsSystemImpl.java:stop(205)) - StorageContainerManager metrics system stopped (again)
2021-10-13 10:11:51,547 [Listener at 127.0.0.1/11284] INFO  ozone.MiniOzoneClusterImpl (MiniOzoneClusterImpl.java:stop(468)) - Stopping the Mini Ozone Cluster
2021-10-13 10:11:51,547 [Listener at 127.0.0.1/11284] INFO  ozone.MiniOzoneClusterImpl (MiniOzoneClusterImpl.java:stopDatanodes(527)) - Stopping the HddsDatanodes
2021-10-13 10:11:51,670 [EndpointStateMachine task thread for /127.0.0.1:14237 - 0 ] INFO  ipc.Client (Client.java:handleConnectionFailure(977)) - Retrying connect to server: localhost/127.0.0.1:14237. Already tried 0 time(s); retry policy is RetryUpToMaximumCountWithFixedSleep(maxRetries=15, sleepTime=1000 MILLISECONDS)
2021-10-13 10:11:51,670 [EndpointStateMachine task thread for /127.0.0.1:14247 - 0 ] WARN  statemachine.EndpointStateMachine (EndpointStateMachine.java:logIfNeeded(236)) - Unable to communicate to SCM server at 127.0.0.1:14247 for past 0 seconds.
java.io.EOFException: End of File Exception between local host is: "fv-az395-254/10.1.0.44"; destination host is: "localhost":14247; : java.io.EOFException; For more details see:  http://wiki.apache.org/hadoop/EOFException
	at sun.reflect.NativeConstructorAccessorImpl.newInstance0(Native Method)
	at sun.reflect.NativeConstructorAccessorImpl.newInstance(NativeConstructorAccessorImpl.java:62)
	at sun.reflect.DelegatingConstructorAccessorImpl.newInstance(DelegatingConstructorAccessorImpl.java:45)
	at java.lang.reflect.Constructor.newInstance(Constructor.java:423)
	at org.apache.hadoop.net.NetUtils.wrapWithMessage(NetUtils.java:913)
	at org.apache.hadoop.net.NetUtils.wrapException(NetUtils.java:862)
	at org.apache.hadoop.ipc.Client.getRpcResponse(Client.java:1577)
	at org.apache.hadoop.ipc.Client.call(Client.java:1519)
	at org.apache.hadoop.ipc.Client.call(Client.java:1416)
	at org.apache.hadoop.ipc.ProtobufRpcEngine$Invoker.invoke(ProtobufRpcEngine.java:236)
	at org.apache.hadoop.ipc.ProtobufRpcEngine$Invoker.invoke(ProtobufRpcEngine.java:123)
	at com.sun.proxy.$Proxy48.submitRequest(Unknown Source)
	at org.apache.hadoop.ozone.protocolPB.StorageContainerDatanodeProtocolClientSideTranslatorPB.submitRequest(StorageContainerDatanodeProtocolClientSideTranslatorPB.java:117)
	at org.apache.hadoop.ozone.protocolPB.StorageContainerDatanodeProtocolClientSideTranslatorPB.sendHeartbeat(StorageContainerDatanodeProtocolClientSideTranslatorPB.java:149)
	at org.apache.hadoop.ozone.container.common.states.endpoint.HeartbeatEndpointTask.call(HeartbeatEndpointTask.java:179)
	at org.apache.hadoop.ozone.container.common.states.endpoint.HeartbeatEndpointTask.call(HeartbeatEndpointTask.java:82)
	at java.util.concurrent.FutureTask.run(FutureTask.java:266)
	at java.util.concurrent.ThreadPoolExecutor.runWorker(ThreadPoolExecutor.java:1149)
	at java.util.concurrent.ThreadPoolExecutor$Worker.run(ThreadPoolExecutor.java:624)
	at java.lang.Thread.run(Thread.java:748)
Caused by: java.io.EOFException
	at java.io.DataInputStream.readInt(DataInputStream.java:392)
	at org.apache.hadoop.ipc.Client$IpcStreams.readResponse(Client.java:1892)
	at org.apache.hadoop.ipc.Client$Connection.receiveRpcResponse(Client.java:1202)
	at org.apache.hadoop.ipc.Client$Connection.run(Client.java:1098)
2021-10-13 10:11:51,671 [EndpointStateMachine task thread for /127.0.0.1:14257 - 0 ] WARN  statemachine.EndpointStateMachine (EndpointStateMachine.java:logIfNeeded(236)) - Unable to communicate to SCM server at localhost:14257 for past 0 seconds.
java.io.EOFException: End of File Exception between local host is: "fv-az395-254/10.1.0.44"; destination host is: "localhost":14257; : java.io.EOFException; For more details see:  http://wiki.apache.org/hadoop/EOFException
	at sun.reflect.NativeConstructorAccessorImpl.newInstance0(Native Method)
	at sun.reflect.NativeConstructorAccessorImpl.newInstance(NativeConstructorAccessorImpl.java:62)
	at sun.reflect.DelegatingConstructorAccessorImpl.newInstance(DelegatingConstructorAccessorImpl.java:45)
	at java.lang.reflect.Constructor.newInstance(Constructor.java:423)
	at org.apache.hadoop.net.NetUtils.wrapWithMessage(NetUtils.java:913)
	at org.apache.hadoop.net.NetUtils.wrapException(NetUtils.java:862)
	at org.apache.hadoop.ipc.Client.getRpcResponse(Client.java:1577)
	at org.apache.hadoop.ipc.Client.call(Client.java:1519)
	at org.apache.hadoop.ipc.Client.call(Client.java:1416)
	at org.apache.hadoop.ipc.ProtobufRpcEngine$Invoker.invoke(ProtobufRpcEngine.java:236)
	at org.apache.hadoop.ipc.ProtobufRpcEngine$Invoker.invoke(ProtobufRpcEngine.java:123)
	at com.sun.proxy.$Proxy48.submitRequest(Unknown Source)
	at org.apache.hadoop.ozone.protocolPB.StorageContainerDatanodeProtocolClientSideTranslatorPB.submitRequest(StorageContainerDatanodeProtocolClientSideTranslatorPB.java:117)
	at org.apache.hadoop.ozone.protocolPB.StorageContainerDatanodeProtocolClientSideTranslatorPB.sendHeartbeat(StorageContainerDatanodeProtocolClientSideTranslatorPB.java:149)
	at org.apache.hadoop.ozone.container.common.states.endpoint.HeartbeatEndpointTask.call(HeartbeatEndpointTask.java:179)
	at org.apache.hadoop.ozone.container.common.states.endpoint.HeartbeatEndpointTask.call(HeartbeatEndpointTask.java:82)
	at java.util.concurrent.FutureTask.run(FutureTask.java:266)
	at java.util.concurrent.ThreadPoolExecutor.runWorker(ThreadPoolExecutor.java:1149)
	at java.util.concurrent.ThreadPoolExecutor$Worker.run(ThreadPoolExecutor.java:624)
	at java.lang.Thread.run(Thread.java:748)
Caused by: java.io.EOFException
	at java.io.DataInputStream.readInt(DataInputStream.java:392)
	at org.apache.hadoop.ipc.Client$IpcStreams.readResponse(Client.java:1892)
	at org.apache.hadoop.ipc.Client$Connection.receiveRpcResponse(Client.java:1202)
	at org.apache.hadoop.ipc.Client$Connection.run(Client.java:1098)
2021-10-13 10:11:51,850 [Datanode State Machine Thread - 0] WARN  statemachine.StateContext (StateContext.java:setState(246)) - Ignore disallowed transition from SHUTDOWN to RUNNING
2021-10-13 10:11:52,067 [EndpointStateMachine task thread for /127.0.0.1:13897 - 0 ] INFO  ipc.Client (Client.java:handleConnectionFailure(977)) - Retrying connect to server: localhost/127.0.0.1:13897. Already tried 3 time(s); retry policy is RetryUpToMaximumCountWithFixedSleep(maxRetries=15, sleepTime=1000 MILLISECONDS)
2021-10-13 10:11:52,141 [Datanode State Machine Thread - 0] WARN  statemachine.StateContext (StateContext.java:setState(246)) - Ignore disallowed transition from SHUTDOWN to RUNNING
2021-10-13 10:11:52,366 [EndpointStateMachine task thread for /127.0.0.1:13887 - 0 ] INFO  ipc.Client (Client.java:handleConnectionFailure(977)) - Retrying connect to server: localhost/127.0.0.1:13887. Already tried 0 time(s); retry policy is RetryUpToMaximumCountWithFixedSleep(maxRetries=15, sleepTime=1000 MILLISECONDS)
2021-10-13 10:11:52,401 [EndpointStateMachine task thread for /127.0.0.1:13877 - 0 ] INFO  ipc.Client (Client.java:handleConnectionFailure(977)) - Retrying connect to server: localhost/127.0.0.1:13877. Already tried 3 time(s); retry policy is RetryUpToMaximumCountWithFixedSleep(maxRetries=15, sleepTime=1000 MILLISECONDS)
2021-10-13 10:11:52,669 [Datanode State Machine Thread - 0] ERROR datanode.RunningDatanodeState (RunningDatanodeState.java:computeNextContainerState(199)) - Error in executing end point task.
java.util.concurrent.ExecutionException: java.util.concurrent.TimeoutException
	at java.util.concurrent.FutureTask.report(FutureTask.java:122)
	at java.util.concurrent.FutureTask.get(FutureTask.java:192)
	at org.apache.hadoop.ozone.container.common.states.datanode.RunningDatanodeState.computeNextContainerState(RunningDatanodeState.java:191)
	at org.apache.hadoop.ozone.container.common.states.datanode.RunningDatanodeState.await(RunningDatanodeState.java:231)
	at org.apache.hadoop.ozone.container.common.states.datanode.RunningDatanodeState.await(RunningDatanodeState.java:50)
	at org.apache.hadoop.ozone.container.common.statemachine.StateContext.execute(StateContext.java:629)
	at org.apache.hadoop.ozone.container.common.statemachine.DatanodeStateMachine.start(DatanodeStateMachine.java:276)
	at org.apache.hadoop.ozone.container.common.statemachine.DatanodeStateMachine.lambda$startDaemon$0(DatanodeStateMachine.java:464)
	at java.lang.Thread.run(Thread.java:748)
Caused by: java.util.concurrent.TimeoutException
	at java.util.concurrent.FutureTask.get(FutureTask.java:205)
	at org.apache.hadoop.ozone.container.common.states.datanode.RunningDatanodeState.lambda$execute$0(RunningDatanodeState.java:149)
	at java.util.concurrent.FutureTask.run(FutureTask.java:266)
	at java.util.concurrent.Executors$RunnableAdapter.call(Executors.java:511)
	at java.util.concurrent.FutureTask.run(FutureTask.java:266)
	at java.util.concurrent.ThreadPoolExecutor.runWorker(ThreadPoolExecutor.java:1149)
	at java.util.concurrent.ThreadPoolExecutor$Worker.run(ThreadPoolExecutor.java:624)
	... 1 more
2021-10-13 10:11:52,670 [EndpointStateMachine task thread for /127.0.0.1:14237 - 0 ] INFO  ipc.Client (Client.java:handleConnectionFailure(977)) - Retrying connect to server: localhost/127.0.0.1:14237. Already tried 1 time(s); retry policy is RetryUpToMaximumCountWithFixedSleep(maxRetries=15, sleepTime=1000 MILLISECONDS)
2021-10-13 10:11:53,068 [EndpointStateMachine task thread for /127.0.0.1:13897 - 0 ] INFO  ipc.Client (Client.java:handleConnectionFailure(977)) - Retrying connect to server: localhost/127.0.0.1:13897. Already tried 4 time(s); retry policy is RetryUpToMaximumCountWithFixedSleep(maxRetries=15, sleepTime=1000 MILLISECONDS)
2021-10-13 10:11:53,367 [EndpointStateMachine task thread for /127.0.0.1:13887 - 0 ] INFO  ipc.Client (Client.java:handleConnectionFailure(977)) - Retrying connect to server: localhost/127.0.0.1:13887. Already tried 1 time(s); retry policy is RetryUpToMaximumCountWithFixedSleep(maxRetries=15, sleepTime=1000 MILLISECONDS)
2021-10-13 10:11:53,401 [EndpointStateMachine task thread for /127.0.0.1:13877 - 0 ] INFO  ipc.Client (Client.java:handleConnectionFailure(977)) - Retrying connect to server: localhost/127.0.0.1:13877. Already tried 4 time(s); retry policy is RetryUpToMaximumCountWithFixedSleep(maxRetries=15, sleepTime=1000 MILLISECONDS)
2021-10-13 10:11:53,671 [EndpointStateMachine task thread for /127.0.0.1:14237 - 0 ] INFO  ipc.Client (Client.java:handleConnectionFailure(977)) - Retrying connect to server: localhost/127.0.0.1:14237. Already tried 2 time(s); retry policy is RetryUpToMaximumCountWithFixedSleep(maxRetries=15, sleepTime=1000 MILLISECONDS)
2021-10-13 10:11:53,671 [EndpointStateMachine task thread for /127.0.0.1:14247 - 0 ] INFO  ipc.Client (Client.java:handleConnectionFailure(977)) - Retrying connect to server: localhost/127.0.0.1:14247. Already tried 0 time(s); retry policy is RetryUpToMaximumCountWithFixedSleep(maxRetries=15, sleepTime=1000 MILLISECONDS)
2021-10-13 10:11:53,671 [EndpointStateMachine task thread for /127.0.0.1:14257 - 0 ] INFO  ipc.Client (Client.java:handleConnectionFailure(977)) - Retrying connect to server: localhost/127.0.0.1:14257. Already tried 0 time(s); retry policy is RetryUpToMaximumCountWithFixedSleep(maxRetries=15, sleepTime=1000 MILLISECONDS)
2021-10-13 10:11:53,671 [Datanode State Machine Thread - 0] ERROR datanode.RunningDatanodeState (RunningDatanodeState.java:computeNextContainerState(199)) - Error in executing end point task.
java.util.concurrent.ExecutionException: java.util.concurrent.TimeoutException
	at java.util.concurrent.FutureTask.report(FutureTask.java:122)
	at java.util.concurrent.FutureTask.get(FutureTask.java:192)
	at org.apache.hadoop.ozone.container.common.states.datanode.RunningDatanodeState.computeNextContainerState(RunningDatanodeState.java:191)
	at org.apache.hadoop.ozone.container.common.states.datanode.RunningDatanodeState.await(RunningDatanodeState.java:231)
	at org.apache.hadoop.ozone.container.common.states.datanode.RunningDatanodeState.await(RunningDatanodeState.java:50)
	at org.apache.hadoop.ozone.container.common.statemachine.StateContext.execute(StateContext.java:629)
	at org.apache.hadoop.ozone.container.common.statemachine.DatanodeStateMachine.start(DatanodeStateMachine.java:276)
	at org.apache.hadoop.ozone.container.common.statemachine.DatanodeStateMachine.lambda$startDaemon$0(DatanodeStateMachine.java:464)
	at java.lang.Thread.run(Thread.java:748)
Caused by: java.util.concurrent.TimeoutException
	at java.util.concurrent.FutureTask.get(FutureTask.java:205)
	at org.apache.hadoop.ozone.container.common.states.datanode.RunningDatanodeState.lambda$execute$0(RunningDatanodeState.java:149)
	at java.util.concurrent.FutureTask.run(FutureTask.java:266)
	at java.util.concurrent.Executors$RunnableAdapter.call(Executors.java:511)
	at java.util.concurrent.FutureTask.run(FutureTask.java:266)
	at java.util.concurrent.ThreadPoolExecutor.runWorker(ThreadPoolExecutor.java:1149)
	at java.util.concurrent.ThreadPoolExecutor$Worker.run(ThreadPoolExecutor.java:624)
	... 1 more
2021-10-13 10:11:54,068 [EndpointStateMachine task thread for /127.0.0.1:13897 - 0 ] INFO  ipc.Client (Client.java:handleConnectionFailure(977)) - Retrying connect to server: localhost/127.0.0.1:13897. Already tried 5 time(s); retry policy is RetryUpToMaximumCountWithFixedSleep(maxRetries=15, sleepTime=1000 MILLISECONDS)
2021-10-13 10:11:54,367 [EndpointStateMachine task thread for /127.0.0.1:13887 - 0 ] INFO  ipc.Client (Client.java:handleConnectionFailure(977)) - Retrying connect to server: localhost/127.0.0.1:13887. Already tried 2 time(s); retry policy is RetryUpToMaximumCountWithFixedSleep(maxRetries=15, sleepTime=1000 MILLISECONDS)
2021-10-13 10:11:54,402 [EndpointStateMachine task thread for /127.0.0.1:13877 - 0 ] INFO  ipc.Client (Client.java:handleConnectionFailure(977)) - Retrying connect to server: localhost/127.0.0.1:13877. Already tried 5 time(s); retry policy is RetryUpToMaximumCountWithFixedSleep(maxRetries=15, sleepTime=1000 MILLISECONDS)
2021-10-13 10:11:54,671 [EndpointStateMachine task thread for /127.0.0.1:14237 - 0 ] INFO  ipc.Client (Client.java:handleConnectionFailure(977)) - Retrying connect to server: localhost/127.0.0.1:14237. Already tried 3 time(s); retry policy is RetryUpToMaximumCountWithFixedSleep(maxRetries=15, sleepTime=1000 MILLISECONDS)
2021-10-13 10:11:54,672 [EndpointStateMachine task thread for /127.0.0.1:14257 - 0 ] INFO  ipc.Client (Client.java:handleConnectionFailure(977)) - Retrying connect to server: localhost/127.0.0.1:14257. Already tried 1 time(s); retry policy is RetryUpToMaximumCountWithFixedSleep(maxRetries=15, sleepTime=1000 MILLISECONDS)
2021-10-13 10:11:54,671 [EndpointStateMachine task thread for /127.0.0.1:14247 - 0 ] INFO  ipc.Client (Client.java:handleConnectionFailure(977)) - Retrying connect to server: localhost/127.0.0.1:14247. Already tried 1 time(s); retry policy is RetryUpToMaximumCountWithFixedSleep(maxRetries=15, sleepTime=1000 MILLISECONDS)
2021-10-13 10:11:55,069 [EndpointStateMachine task thread for /127.0.0.1:13897 - 0 ] INFO  ipc.Client (Client.java:handleConnectionFailure(977)) - Retrying connect to server: localhost/127.0.0.1:13897. Already tried 6 time(s); retry policy is RetryUpToMaximumCountWithFixedSleep(maxRetries=15, sleepTime=1000 MILLISECONDS)
2021-10-13 10:11:55,368 [EndpointStateMachine task thread for /127.0.0.1:13887 - 0 ] INFO  ipc.Client (Client.java:handleConnectionFailure(977)) - Retrying connect to server: localhost/127.0.0.1:13887. Already tried 3 time(s); retry policy is RetryUpToMaximumCountWithFixedSleep(maxRetries=15, sleepTime=1000 MILLISECONDS)
2021-10-13 10:11:55,402 [EndpointStateMachine task thread for /127.0.0.1:13877 - 0 ] INFO  ipc.Client (Client.java:handleConnectionFailure(977)) - Retrying connect to server: localhost/127.0.0.1:13877. Already tried 6 time(s); retry policy is RetryUpToMaximumCountWithFixedSleep(maxRetries=15, sleepTime=1000 MILLISECONDS)
2021-10-13 10:11:55,672 [EndpointStateMachine task thread for /127.0.0.1:14257 - 0 ] INFO  ipc.Client (Client.java:handleConnectionFailure(977)) - Retrying connect to server: localhost/127.0.0.1:14257. Already tried 2 time(s); retry policy is RetryUpToMaximumCountWithFixedSleep(maxRetries=15, sleepTime=1000 MILLISECONDS)
2021-10-13 10:11:55,673 [EndpointStateMachine task thread for /127.0.0.1:14247 - 0 ] INFO  ipc.Client (Client.java:handleConnectionFailure(977)) - Retrying connect to server: localhost/127.0.0.1:14247. Already tried 2 time(s); retry policy is RetryUpToMaximumCountWithFixedSleep(maxRetries=15, sleepTime=1000 MILLISECONDS)
2021-10-13 10:11:55,673 [EndpointStateMachine task thread for /127.0.0.1:14237 - 0 ] INFO  ipc.Client (Client.java:handleConnectionFailure(977)) - Retrying connect to server: localhost/127.0.0.1:14237. Already tried 4 time(s); retry policy is RetryUpToMaximumCountWithFixedSleep(maxRetries=15, sleepTime=1000 MILLISECONDS)
2021-10-13 10:11:55,676 [Datanode State Machine Thread - 0] ERROR datanode.RunningDatanodeState (RunningDatanodeState.java:computeNextContainerState(199)) - Error in executing end point task.
java.util.concurrent.ExecutionException: java.util.concurrent.TimeoutException
	at java.util.concurrent.FutureTask.report(FutureTask.java:122)
	at java.util.concurrent.FutureTask.get(FutureTask.java:192)
	at org.apache.hadoop.ozone.container.common.states.datanode.RunningDatanodeState.computeNextContainerState(RunningDatanodeState.java:191)
	at org.apache.hadoop.ozone.container.common.states.datanode.RunningDatanodeState.await(RunningDatanodeState.java:231)
	at org.apache.hadoop.ozone.container.common.states.datanode.RunningDatanodeState.await(RunningDatanodeState.java:50)
	at org.apache.hadoop.ozone.container.common.statemachine.StateContext.execute(StateContext.java:629)
	at org.apache.hadoop.ozone.container.common.statemachine.DatanodeStateMachine.start(DatanodeStateMachine.java:276)
	at org.apache.hadoop.ozone.container.common.statemachine.DatanodeStateMachine.lambda$startDaemon$0(DatanodeStateMachine.java:464)
	at java.lang.Thread.run(Thread.java:748)
Caused by: java.util.concurrent.TimeoutException
	at java.util.concurrent.FutureTask.get(FutureTask.java:205)
	at org.apache.hadoop.ozone.container.common.states.datanode.RunningDatanodeState.lambda$execute$0(RunningDatanodeState.java:149)
	at java.util.concurrent.FutureTask.run(FutureTask.java:266)
	at java.util.concurrent.Executors$RunnableAdapter.call(Executors.java:511)
	at java.util.concurrent.FutureTask.run(FutureTask.java:266)
	at java.util.concurrent.ThreadPoolExecutor.runWorker(ThreadPoolExecutor.java:1149)
	at java.util.concurrent.ThreadPoolExecutor$Worker.run(ThreadPoolExecutor.java:624)
	... 1 more
2021-10-13 10:11:56,070 [EndpointStateMachine task thread for /127.0.0.1:13897 - 0 ] INFO  ipc.Client (Client.java:handleConnectionFailure(977)) - Retrying connect to server: localhost/127.0.0.1:13897. Already tried 7 time(s); retry policy is RetryUpToMaximumCountWithFixedSleep(maxRetries=15, sleepTime=1000 MILLISECONDS)
2021-10-13 10:11:56,368 [EndpointStateMachine task thread for /127.0.0.1:13887 - 0 ] INFO  ipc.Client (Client.java:handleConnectionFailure(977)) - Retrying connect to server: localhost/127.0.0.1:13887. Already tried 4 time(s); retry policy is RetryUpToMaximumCountWithFixedSleep(maxRetries=15, sleepTime=1000 MILLISECONDS)
2021-10-13 10:11:56,403 [EndpointStateMachine task thread for /127.0.0.1:13877 - 0 ] INFO  ipc.Client (Client.java:handleConnectionFailure(977)) - Retrying connect to server: localhost/127.0.0.1:13877. Already tried 7 time(s); retry policy is RetryUpToMaximumCountWithFixedSleep(maxRetries=15, sleepTime=1000 MILLISECONDS)
2021-10-13 10:11:56,548 [ForkJoinPool.commonPool-worker-0] INFO  ozoneimpl.OzoneContainer (OzoneContainer.java:stop(325)) - Attempting to stop container services.
2021-10-13 10:11:56,551 [ForkJoinPool.commonPool-worker-0] INFO  server.RaftServer (RaftServerProxy.java:lambda$close$6(391)) - 83908b8c-1318-4212-96d2-7cdb43457491: close
2021-10-13 10:11:56,551 [ForkJoinPool.commonPool-worker-0] INFO  server.RaftServer$Division (RaftServerImpl.java:lambda$close$4(407)) - 83908b8c-1318-4212-96d2-7cdb43457491@group-D48C150F8724: shutdown
2021-10-13 10:11:56,551 [ForkJoinPool.commonPool-worker-0] INFO  util.JmxRegister (JmxRegister.java:unregister(73)) - Successfully un-registered JMX Bean with object name Ratis:service=RaftServer,group=group-D48C150F8724,id=83908b8c-1318-4212-96d2-7cdb43457491
2021-10-13 10:11:56,551 [ForkJoinPool.commonPool-worker-0] INFO  impl.RoleInfo (RoleInfo.java:shutdownFollowerState(108)) - 83908b8c-1318-4212-96d2-7cdb43457491: shutdown 83908b8c-1318-4212-96d2-7cdb43457491@group-D48C150F8724-FollowerState
2021-10-13 10:11:56,551 [ForkJoinPool.commonPool-worker-0] INFO  impl.StateMachineUpdater (StateMachineUpdater.java:stopAndJoin(149)) - 83908b8c-1318-4212-96d2-7cdb43457491@group-D48C150F8724-StateMachineUpdater: set stopIndex = 0
2021-10-13 10:11:56,551 [83908b8c-1318-4212-96d2-7cdb43457491@group-D48C150F8724-FollowerState] INFO  impl.FollowerState (FollowerState.java:run(143)) - 83908b8c-1318-4212-96d2-7cdb43457491@group-D48C150F8724-FollowerState was interrupted: {}
java.lang.InterruptedException: sleep interrupted
	at java.lang.Thread.sleep(Native Method)
	at java.lang.Thread.sleep(Thread.java:340)
	at java.util.concurrent.TimeUnit.sleep(TimeUnit.java:386)
	at org.apache.ratis.util.TimeDuration.sleep(TimeDuration.java:324)
	at org.apache.ratis.util.TimeDuration.sleep(TimeDuration.java:309)
	at org.apache.ratis.server.impl.FollowerState.run(FollowerState.java:118)
2021-10-13 10:11:56,551 [83908b8c-1318-4212-96d2-7cdb43457491@group-D48C150F8724-StateMachineUpdater] INFO  ratis.ContainerStateMachine (ContainerStateMachine.java:takeSnapshot(292)) - group-D48C150F8724: Taking a snapshot at:(t:3, i:0) file /home/runner/work/ozone/ozone/hadoop-ozone/integration-test/target/test-dir/MiniOzoneClusterImpl-7a3c196b-86f6-4848-923d-88c8cd7ca178/datanode-0/data/ratis/539132aa-6a2f-4aed-901d-d48c150f8724/sm/snapshot.3_0
2021-10-13 10:11:56,553 [Listener at 127.0.0.1/11284] INFO  ozoneimpl.OzoneContainer (OzoneContainer.java:stop(325)) - Attempting to stop container services.
2021-10-13 10:11:56,553 [83908b8c-1318-4212-96d2-7cdb43457491@group-D48C150F8724-StateMachineUpdater] INFO  ratis.ContainerStateMachine (ContainerStateMachine.java:takeSnapshot(303)) - group-D48C150F8724: Finished taking a snapshot at:(t:3, i:0) file:/home/runner/work/ozone/ozone/hadoop-ozone/integration-test/target/test-dir/MiniOzoneClusterImpl-7a3c196b-86f6-4848-923d-88c8cd7ca178/datanode-0/data/ratis/539132aa-6a2f-4aed-901d-d48c150f8724/sm/snapshot.3_0 took: 2 ms
2021-10-13 10:11:56,554 [83908b8c-1318-4212-96d2-7cdb43457491@group-D48C150F8724-StateMachineUpdater] INFO  impl.StateMachineUpdater (StateMachineUpdater.java:takeSnapshot(281)) - 83908b8c-1318-4212-96d2-7cdb43457491@group-D48C150F8724-StateMachineUpdater: Took a snapshot at index 0
2021-10-13 10:11:56,554 [83908b8c-1318-4212-96d2-7cdb43457491@group-D48C150F8724-StateMachineUpdater] INFO  impl.StateMachineUpdater (StateMachineUpdater.java:lambda$new$0(89)) - 83908b8c-1318-4212-96d2-7cdb43457491@group-D48C150F8724-StateMachineUpdater: snapshotIndex: updateIncreasingly -1 -> 0
2021-10-13 10:11:56,554 [ForkJoinPool.commonPool-worker-0] INFO  server.RaftServer$Division (ServerState.java:close(419)) - 83908b8c-1318-4212-96d2-7cdb43457491@group-D48C150F8724: closes. applyIndex: 0
2021-10-13 10:11:56,554 [Listener at 127.0.0.1/11284] INFO  server.RaftServer (RaftServerProxy.java:lambda$close$6(391)) - 83da085b-8d99-4632-b443-c6596217d352: close
2021-10-13 10:11:56,554 [83908b8c-1318-4212-96d2-7cdb43457491@group-D48C150F8724-SegmentedRaftLogWorker] INFO  segmented.SegmentedRaftLogWorker (SegmentedRaftLogWorker.java:run(327)) - 83908b8c-1318-4212-96d2-7cdb43457491@group-D48C150F8724-SegmentedRaftLogWorker was interrupted, exiting. There are 0 tasks remaining in the queue.
2021-10-13 10:11:56,554 [Listener at 127.0.0.1/11284] INFO  server.RaftServer$Division (RaftServerImpl.java:lambda$close$4(407)) - 83da085b-8d99-4632-b443-c6596217d352@group-D48C150F8724: shutdown
2021-10-13 10:11:56,555 [Listener at 127.0.0.1/11284] INFO  util.JmxRegister (JmxRegister.java:unregister(73)) - Successfully un-registered JMX Bean with object name Ratis:service=RaftServer,group=group-D48C150F8724,id=83da085b-8d99-4632-b443-c6596217d352
2021-10-13 10:11:56,555 [Listener at 127.0.0.1/11284] INFO  impl.RoleInfo (RoleInfo.java:shutdownLeaderState(91)) - 83da085b-8d99-4632-b443-c6596217d352: shutdown 83da085b-8d99-4632-b443-c6596217d352@group-D48C150F8724-LeaderStateImpl
2021-10-13 10:11:56,556 [83da085b-8d99-4632-b443-c6596217d352@group-D48C150F8724->83908b8c-1318-4212-96d2-7cdb43457491-GrpcLogAppender-LogAppenderDaemon] WARN  server.GrpcLogAppender (GrpcLogAppender.java:mayWait(175)) - 83da085b-8d99-4632-b443-c6596217d352@group-D48C150F8724->83908b8c-1318-4212-96d2-7cdb43457491-GrpcLogAppender: Wait interrupted by java.lang.InterruptedException
2021-10-13 10:11:56,556 [83da085b-8d99-4632-b443-c6596217d352@group-D48C150F8724->a78bc827-a10e-4e71-88ed-094b4b7dc052-GrpcLogAppender-LogAppenderDaemon] WARN  server.GrpcLogAppender (GrpcLogAppender.java:mayWait(175)) - 83da085b-8d99-4632-b443-c6596217d352@group-D48C150F8724->a78bc827-a10e-4e71-88ed-094b4b7dc052-GrpcLogAppender: Wait interrupted by java.lang.InterruptedException
2021-10-13 10:11:56,556 [grpc-default-executor-1] INFO  server.GrpcServerProtocolService (GrpcServerProtocolService.java:onCompleted(140)) - 83908b8c-1318-4212-96d2-7cdb43457491: Completed APPEND_ENTRIES, lastRequest: 83da085b-8d99-4632-b443-c6596217d352->83908b8c-1318-4212-96d2-7cdb43457491#1-t3,previous=(t:0, i:0),leaderCommit=-1,initializing? true,entries: size=1, first=(t:3, i:0), CONFIGURATIONENTRY
2021-10-13 10:11:56,559 [grpc-default-executor-2] INFO  server.GrpcLogAppender (GrpcLogAppender.java:onCompleted(344)) - 83da085b-8d99-4632-b443-c6596217d352@group-D48C150F8724->83908b8c-1318-4212-96d2-7cdb43457491-AppendLogResponseHandler: follower responses appendEntries COMPLETED
2021-10-13 10:11:56,559 [grpc-default-executor-2] INFO  leader.FollowerInfo (FollowerInfoImpl.java:lambda$new$0(46)) - 83da085b-8d99-4632-b443-c6596217d352@group-D48C150F8724->83908b8c-1318-4212-96d2-7cdb43457491: nextIndex: updateUnconditionally 1 -> 0
2021-10-13 10:11:56,559 [grpc-default-executor-1] INFO  server.GrpcServerProtocolService (GrpcServerProtocolService.java:onCompleted(140)) - a78bc827-a10e-4e71-88ed-094b4b7dc052: Completed APPEND_ENTRIES, lastRequest: 83da085b-8d99-4632-b443-c6596217d352->a78bc827-a10e-4e71-88ed-094b4b7dc052#1-t3,previous=(t:0, i:0),leaderCommit=0,initializing? true,entries: size=1, first=(t:3, i:0), CONFIGURATIONENTRY
2021-10-13 10:11:56,560 [grpc-default-executor-2] INFO  server.GrpcLogAppender (GrpcLogAppender.java:onCompleted(344)) - 83da085b-8d99-4632-b443-c6596217d352@group-D48C150F8724->a78bc827-a10e-4e71-88ed-094b4b7dc052-AppendLogResponseHandler: follower responses appendEntries COMPLETED
2021-10-13 10:11:56,560 [grpc-default-executor-2] INFO  leader.FollowerInfo (FollowerInfoImpl.java:lambda$new$0(46)) - 83da085b-8d99-4632-b443-c6596217d352@group-D48C150F8724->a78bc827-a10e-4e71-88ed-094b4b7dc052: nextIndex: updateUnconditionally 1 -> 0
2021-10-13 10:11:56,560 [ForkJoinPool.commonPool-worker-0] INFO  segmented.SegmentedRaftLogWorker (SegmentedRaftLogWorker.java:close(237)) - 83908b8c-1318-4212-96d2-7cdb43457491@group-D48C150F8724-SegmentedRaftLogWorker close()
2021-10-13 10:11:56,556 [Listener at 127.0.0.1/11284] INFO  impl.PendingRequests (PendingRequests.java:sendNotLeaderResponses(282)) - 83da085b-8d99-4632-b443-c6596217d352@group-D48C150F8724-PendingRequests: sendNotLeaderResponses
2021-10-13 10:11:56,565 [Listener at 127.0.0.1/11284] INFO  impl.StateMachineUpdater (StateMachineUpdater.java:stopAndJoin(149)) - 83da085b-8d99-4632-b443-c6596217d352@group-D48C150F8724-StateMachineUpdater: set stopIndex = 0
2021-10-13 10:11:56,561 [ForkJoinPool.commonPool-worker-0] INFO  server.RaftServer$Division (RaftServerImpl.java:lambda$close$4(407)) - 83908b8c-1318-4212-96d2-7cdb43457491@group-CFD79ED7D8C4: shutdown
2021-10-13 10:11:56,565 [83da085b-8d99-4632-b443-c6596217d352@group-D48C150F8724-StateMachineUpdater] INFO  ratis.ContainerStateMachine (ContainerStateMachine.java:takeSnapshot(292)) - group-D48C150F8724: Taking a snapshot at:(t:3, i:0) file /home/runner/work/ozone/ozone/hadoop-ozone/integration-test/target/test-dir/MiniOzoneClusterImpl-7a3c196b-86f6-4848-923d-88c8cd7ca178/datanode-1/data/ratis/539132aa-6a2f-4aed-901d-d48c150f8724/sm/snapshot.3_0
2021-10-13 10:11:56,565 [ForkJoinPool.commonPool-worker-0] INFO  util.JmxRegister (JmxRegister.java:unregister(73)) - Successfully un-registered JMX Bean with object name Ratis:service=RaftServer,group=group-CFD79ED7D8C4,id=83908b8c-1318-4212-96d2-7cdb43457491
2021-10-13 10:11:56,565 [ForkJoinPool.commonPool-worker-0] INFO  impl.RoleInfo (RoleInfo.java:shutdownFollowerState(108)) - 83908b8c-1318-4212-96d2-7cdb43457491: shutdown 83908b8c-1318-4212-96d2-7cdb43457491@group-CFD79ED7D8C4-FollowerState
2021-10-13 10:11:56,565 [ForkJoinPool.commonPool-worker-0] INFO  impl.StateMachineUpdater (StateMachineUpdater.java:stopAndJoin(149)) - 83908b8c-1318-4212-96d2-7cdb43457491@group-CFD79ED7D8C4-StateMachineUpdater: set stopIndex = 0
2021-10-13 10:11:56,566 [83908b8c-1318-4212-96d2-7cdb43457491@group-CFD79ED7D8C4-StateMachineUpdater] INFO  ratis.ContainerStateMachine (ContainerStateMachine.java:takeSnapshot(292)) - group-CFD79ED7D8C4: Taking a snapshot at:(t:4, i:0) file /home/runner/work/ozone/ozone/hadoop-ozone/integration-test/target/test-dir/MiniOzoneClusterImpl-7a3c196b-86f6-4848-923d-88c8cd7ca178/datanode-0/data/ratis/87f87530-a371-4125-a80d-cfd79ed7d8c4/sm/snapshot.4_0
2021-10-13 10:11:56,566 [83da085b-8d99-4632-b443-c6596217d352@group-D48C150F8724-StateMachineUpdater] INFO  ratis.ContainerStateMachine (ContainerStateMachine.java:takeSnapshot(303)) - group-D48C150F8724: Finished taking a snapshot at:(t:3, i:0) file:/home/runner/work/ozone/ozone/hadoop-ozone/integration-test/target/test-dir/MiniOzoneClusterImpl-7a3c196b-86f6-4848-923d-88c8cd7ca178/datanode-1/data/ratis/539132aa-6a2f-4aed-901d-d48c150f8724/sm/snapshot.3_0 took: 1 ms
2021-10-13 10:11:56,566 [83908b8c-1318-4212-96d2-7cdb43457491@group-CFD79ED7D8C4-FollowerState] INFO  impl.FollowerState (FollowerState.java:run(143)) - 83908b8c-1318-4212-96d2-7cdb43457491@group-CFD79ED7D8C4-FollowerState was interrupted: {}
java.lang.InterruptedException: sleep interrupted
	at java.lang.Thread.sleep(Native Method)
	at java.lang.Thread.sleep(Thread.java:340)
	at java.util.concurrent.TimeUnit.sleep(TimeUnit.java:386)
	at org.apache.ratis.util.TimeDuration.sleep(TimeDuration.java:324)
	at org.apache.ratis.util.TimeDuration.sleep(TimeDuration.java:309)
	at org.apache.ratis.server.impl.FollowerState.run(FollowerState.java:118)
2021-10-13 10:11:56,567 [83da085b-8d99-4632-b443-c6596217d352@group-D48C150F8724-StateMachineUpdater] INFO  impl.StateMachineUpdater (StateMachineUpdater.java:takeSnapshot(281)) - 83da085b-8d99-4632-b443-c6596217d352@group-D48C150F8724-StateMachineUpdater: Took a snapshot at index 0
2021-10-13 10:11:56,567 [83da085b-8d99-4632-b443-c6596217d352@group-D48C150F8724-StateMachineUpdater] INFO  impl.StateMachineUpdater (StateMachineUpdater.java:lambda$new$0(89)) - 83da085b-8d99-4632-b443-c6596217d352@group-D48C150F8724-StateMachineUpdater: snapshotIndex: updateIncreasingly -1 -> 0
2021-10-13 10:11:56,567 [83908b8c-1318-4212-96d2-7cdb43457491@group-CFD79ED7D8C4-StateMachineUpdater] INFO  ratis.ContainerStateMachine (ContainerStateMachine.java:takeSnapshot(303)) - group-CFD79ED7D8C4: Finished taking a snapshot at:(t:4, i:0) file:/home/runner/work/ozone/ozone/hadoop-ozone/integration-test/target/test-dir/MiniOzoneClusterImpl-7a3c196b-86f6-4848-923d-88c8cd7ca178/datanode-0/data/ratis/87f87530-a371-4125-a80d-cfd79ed7d8c4/sm/snapshot.4_0 took: 1 ms
2021-10-13 10:11:56,567 [83908b8c-1318-4212-96d2-7cdb43457491@group-CFD79ED7D8C4-StateMachineUpdater] INFO  impl.StateMachineUpdater (StateMachineUpdater.java:takeSnapshot(281)) - 83908b8c-1318-4212-96d2-7cdb43457491@group-CFD79ED7D8C4-StateMachineUpdater: Took a snapshot at index 0
2021-10-13 10:11:56,567 [83908b8c-1318-4212-96d2-7cdb43457491@group-CFD79ED7D8C4-StateMachineUpdater] INFO  impl.StateMachineUpdater (StateMachineUpdater.java:lambda$new$0(89)) - 83908b8c-1318-4212-96d2-7cdb43457491@group-CFD79ED7D8C4-StateMachineUpdater: snapshotIndex: updateIncreasingly -1 -> 0
2021-10-13 10:11:56,567 [ForkJoinPool.commonPool-worker-0] INFO  server.RaftServer$Division (ServerState.java:close(419)) - 83908b8c-1318-4212-96d2-7cdb43457491@group-CFD79ED7D8C4: closes. applyIndex: 0
2021-10-13 10:11:56,567 [83908b8c-1318-4212-96d2-7cdb43457491@group-CFD79ED7D8C4-SegmentedRaftLogWorker] INFO  segmented.SegmentedRaftLogWorker (SegmentedRaftLogWorker.java:run(327)) - 83908b8c-1318-4212-96d2-7cdb43457491@group-CFD79ED7D8C4-SegmentedRaftLogWorker was interrupted, exiting. There are 0 tasks remaining in the queue.
2021-10-13 10:11:56,568 [ForkJoinPool.commonPool-worker-0] INFO  segmented.SegmentedRaftLogWorker (SegmentedRaftLogWorker.java:close(237)) - 83908b8c-1318-4212-96d2-7cdb43457491@group-CFD79ED7D8C4-SegmentedRaftLogWorker close()
2021-10-13 10:11:56,569 [ForkJoinPool.commonPool-worker-0] INFO  server.RaftServer$Division (RaftServerImpl.java:lambda$close$4(407)) - 83908b8c-1318-4212-96d2-7cdb43457491@group-E9F3432E5886: shutdown
2021-10-13 10:11:56,570 [ForkJoinPool.commonPool-worker-0] INFO  util.JmxRegister (JmxRegister.java:unregister(73)) - Successfully un-registered JMX Bean with object name Ratis:service=RaftServer,group=group-E9F3432E5886,id=83908b8c-1318-4212-96d2-7cdb43457491
2021-10-13 10:11:56,570 [ForkJoinPool.commonPool-worker-0] INFO  impl.RoleInfo (RoleInfo.java:shutdownLeaderState(91)) - 83908b8c-1318-4212-96d2-7cdb43457491: shutdown 83908b8c-1318-4212-96d2-7cdb43457491@group-E9F3432E5886-LeaderStateImpl
2021-10-13 10:11:56,570 [ForkJoinPool.commonPool-worker-0] INFO  impl.PendingRequests (PendingRequests.java:sendNotLeaderResponses(282)) - 83908b8c-1318-4212-96d2-7cdb43457491@group-E9F3432E5886-PendingRequests: sendNotLeaderResponses
2021-10-13 10:11:56,578 [Listener at 127.0.0.1/11284] INFO  server.RaftServer$Division (ServerState.java:close(419)) - 83da085b-8d99-4632-b443-c6596217d352@group-D48C150F8724: closes. applyIndex: 0
2021-10-13 10:11:56,578 [83da085b-8d99-4632-b443-c6596217d352@group-D48C150F8724-SegmentedRaftLogWorker] INFO  segmented.SegmentedRaftLogWorker (SegmentedRaftLogWorker.java:run(327)) - 83da085b-8d99-4632-b443-c6596217d352@group-D48C150F8724-SegmentedRaftLogWorker was interrupted, exiting. There are 0 tasks remaining in the queue.
2021-10-13 10:11:56,578 [ForkJoinPool.commonPool-worker-0] INFO  impl.StateMachineUpdater (StateMachineUpdater.java:stopAndJoin(149)) - 83908b8c-1318-4212-96d2-7cdb43457491@group-E9F3432E5886-StateMachineUpdater: set stopIndex = 0
2021-10-13 10:11:56,579 [83908b8c-1318-4212-96d2-7cdb43457491@group-E9F3432E5886-StateMachineUpdater] INFO  ratis.ContainerStateMachine (ContainerStateMachine.java:takeSnapshot(292)) - group-E9F3432E5886: Taking a snapshot at:(t:1, i:0) file /home/runner/work/ozone/ozone/hadoop-ozone/integration-test/target/test-dir/MiniOzoneClusterImpl-7a3c196b-86f6-4848-923d-88c8cd7ca178/datanode-0/data/ratis/c34cc736-750d-425e-b3fb-e9f3432e5886/sm/snapshot.1_0
2021-10-13 10:11:56,579 [83908b8c-1318-4212-96d2-7cdb43457491@group-E9F3432E5886-StateMachineUpdater] INFO  ratis.ContainerStateMachine (ContainerStateMachine.java:takeSnapshot(303)) - group-E9F3432E5886: Finished taking a snapshot at:(t:1, i:0) file:/home/runner/work/ozone/ozone/hadoop-ozone/integration-test/target/test-dir/MiniOzoneClusterImpl-7a3c196b-86f6-4848-923d-88c8cd7ca178/datanode-0/data/ratis/c34cc736-750d-425e-b3fb-e9f3432e5886/sm/snapshot.1_0 took: 1 ms
2021-10-13 10:11:56,579 [83908b8c-1318-4212-96d2-7cdb43457491@group-E9F3432E5886-StateMachineUpdater] INFO  impl.StateMachineUpdater (StateMachineUpdater.java:takeSnapshot(281)) - 83908b8c-1318-4212-96d2-7cdb43457491@group-E9F3432E5886-StateMachineUpdater: Took a snapshot at index 0
2021-10-13 10:11:56,579 [83908b8c-1318-4212-96d2-7cdb43457491@group-E9F3432E5886-StateMachineUpdater] INFO  impl.StateMachineUpdater (StateMachineUpdater.java:lambda$new$0(89)) - 83908b8c-1318-4212-96d2-7cdb43457491@group-E9F3432E5886-StateMachineUpdater: snapshotIndex: updateIncreasingly -1 -> 0
2021-10-13 10:11:56,580 [Listener at 127.0.0.1/11284] INFO  segmented.SegmentedRaftLogWorker (SegmentedRaftLogWorker.java:close(237)) - 83da085b-8d99-4632-b443-c6596217d352@group-D48C150F8724-SegmentedRaftLogWorker close()
2021-10-13 10:11:56,581 [ForkJoinPool.commonPool-worker-0] INFO  server.RaftServer$Division (ServerState.java:close(419)) - 83908b8c-1318-4212-96d2-7cdb43457491@group-E9F3432E5886: closes. applyIndex: 0
2021-10-13 10:11:56,581 [83908b8c-1318-4212-96d2-7cdb43457491@group-E9F3432E5886-SegmentedRaftLogWorker] INFO  segmented.SegmentedRaftLogWorker (SegmentedRaftLogWorker.java:run(327)) - 83908b8c-1318-4212-96d2-7cdb43457491@group-E9F3432E5886-SegmentedRaftLogWorker was interrupted, exiting. There are 0 tasks remaining in the queue.
2021-10-13 10:11:56,588 [ForkJoinPool.commonPool-worker-0] INFO  segmented.SegmentedRaftLogWorker (SegmentedRaftLogWorker.java:close(237)) - 83908b8c-1318-4212-96d2-7cdb43457491@group-E9F3432E5886-SegmentedRaftLogWorker close()
2021-10-13 10:11:56,588 [Listener at 127.0.0.1/11284] INFO  server.RaftServer$Division (RaftServerImpl.java:lambda$close$4(407)) - 83da085b-8d99-4632-b443-c6596217d352@group-CFD79ED7D8C4: shutdown
2021-10-13 10:11:56,589 [Listener at 127.0.0.1/11284] INFO  util.JmxRegister (JmxRegister.java:unregister(73)) - Successfully un-registered JMX Bean with object name Ratis:service=RaftServer,group=group-CFD79ED7D8C4,id=83da085b-8d99-4632-b443-c6596217d352
2021-10-13 10:11:56,589 [Listener at 127.0.0.1/11284] INFO  impl.RoleInfo (RoleInfo.java:shutdownFollowerState(108)) - 83da085b-8d99-4632-b443-c6596217d352: shutdown 83da085b-8d99-4632-b443-c6596217d352@group-CFD79ED7D8C4-FollowerState
2021-10-13 10:11:56,589 [Listener at 127.0.0.1/11284] INFO  impl.StateMachineUpdater (StateMachineUpdater.java:stopAndJoin(149)) - 83da085b-8d99-4632-b443-c6596217d352@group-CFD79ED7D8C4-StateMachineUpdater: set stopIndex = 0
2021-10-13 10:11:56,589 [83da085b-8d99-4632-b443-c6596217d352@group-CFD79ED7D8C4-StateMachineUpdater] INFO  ratis.ContainerStateMachine (ContainerStateMachine.java:takeSnapshot(292)) - group-CFD79ED7D8C4: Taking a snapshot at:(t:4, i:0) file /home/runner/work/ozone/ozone/hadoop-ozone/integration-test/target/test-dir/MiniOzoneClusterImpl-7a3c196b-86f6-4848-923d-88c8cd7ca178/datanode-1/data/ratis/87f87530-a371-4125-a80d-cfd79ed7d8c4/sm/snapshot.4_0
2021-10-13 10:11:56,589 [ForkJoinPool.commonPool-worker-0] INFO  server.GrpcService (GrpcService.java:closeImpl(262)) - 83908b8c-1318-4212-96d2-7cdb43457491: shutdown server with port 46375 now
2021-10-13 10:11:56,590 [83da085b-8d99-4632-b443-c6596217d352@group-CFD79ED7D8C4-StateMachineUpdater] INFO  ratis.ContainerStateMachine (ContainerStateMachine.java:takeSnapshot(303)) - group-CFD79ED7D8C4: Finished taking a snapshot at:(t:4, i:0) file:/home/runner/work/ozone/ozone/hadoop-ozone/integration-test/target/test-dir/MiniOzoneClusterImpl-7a3c196b-86f6-4848-923d-88c8cd7ca178/datanode-1/data/ratis/87f87530-a371-4125-a80d-cfd79ed7d8c4/sm/snapshot.4_0 took: 1 ms
2021-10-13 10:11:56,590 [83da085b-8d99-4632-b443-c6596217d352@group-CFD79ED7D8C4-StateMachineUpdater] INFO  impl.StateMachineUpdater (StateMachineUpdater.java:takeSnapshot(281)) - 83da085b-8d99-4632-b443-c6596217d352@group-CFD79ED7D8C4-StateMachineUpdater: Took a snapshot at index 0
2021-10-13 10:11:56,590 [83da085b-8d99-4632-b443-c6596217d352@group-CFD79ED7D8C4-StateMachineUpdater] INFO  impl.StateMachineUpdater (StateMachineUpdater.java:lambda$new$0(89)) - 83da085b-8d99-4632-b443-c6596217d352@group-CFD79ED7D8C4-StateMachineUpdater: snapshotIndex: updateIncreasingly -1 -> 0
2021-10-13 10:11:56,593 [grpc-default-executor-2] WARN  server.GrpcServerProtocolService (LogUtils.java:warn(122)) - 83908b8c-1318-4212-96d2-7cdb43457491: installSnapshot onError, lastRequest: a78bc827-a10e-4e71-88ed-094b4b7dc052->83908b8c-1318-4212-96d2-7cdb43457491#1-t4,previous=(t:0, i:0),leaderCommit=-1,initializing? true,entries: size=1, first=(t:4, i:0), CONFIGURATIONENTRY: org.apache.ratis.thirdparty.io.grpc.StatusRuntimeException: CANCELLED: client cancelled
2021-10-13 10:11:56,593 [grpc-default-executor-3] WARN  server.GrpcLogAppender (LogUtils.java:warn(122)) - a78bc827-a10e-4e71-88ed-094b4b7dc052@group-CFD79ED7D8C4->83908b8c-1318-4212-96d2-7cdb43457491-AppendLogResponseHandler: Failed appendEntries: org.apache.ratis.thirdparty.io.grpc.StatusRuntimeException: CANCELLED: HTTP/2 error code: CANCEL
Received Rst Stream
2021-10-13 10:11:56,593 [grpc-default-executor-3] WARN  server.GrpcLogAppender (GrpcLogAppender.java:resetClient(111)) - a78bc827-a10e-4e71-88ed-094b4b7dc052@group-CFD79ED7D8C4->83908b8c-1318-4212-96d2-7cdb43457491-GrpcLogAppender: Leader has not got in touch with Follower a78bc827-a10e-4e71-88ed-094b4b7dc052@group-CFD79ED7D8C4->83908b8c-1318-4212-96d2-7cdb43457491(c0,m0,n1, attendVote=true, lastRpcSendTime=1760, lastRpcResponseTime=1736) yet, just keep nextIndex unchanged and retry.
2021-10-13 10:11:56,593 [83da085b-8d99-4632-b443-c6596217d352@group-CFD79ED7D8C4-FollowerState] INFO  impl.FollowerState (FollowerState.java:run(143)) - 83da085b-8d99-4632-b443-c6596217d352@group-CFD79ED7D8C4-FollowerState was interrupted: {}
java.lang.InterruptedException: sleep interrupted
	at java.lang.Thread.sleep(Native Method)
	at java.lang.Thread.sleep(Thread.java:340)
	at java.util.concurrent.TimeUnit.sleep(TimeUnit.java:386)
	at org.apache.ratis.util.TimeDuration.sleep(TimeDuration.java:324)
	at org.apache.ratis.util.TimeDuration.sleep(TimeDuration.java:309)
	at org.apache.ratis.server.impl.FollowerState.run(FollowerState.java:118)
2021-10-13 10:11:56,597 [Listener at 127.0.0.1/11284] INFO  server.RaftServer$Division (ServerState.java:close(419)) - 83da085b-8d99-4632-b443-c6596217d352@group-CFD79ED7D8C4: closes. applyIndex: 0
2021-10-13 10:11:56,597 [83da085b-8d99-4632-b443-c6596217d352@group-CFD79ED7D8C4-SegmentedRaftLogWorker] INFO  segmented.SegmentedRaftLogWorker (SegmentedRaftLogWorker.java:run(327)) - 83da085b-8d99-4632-b443-c6596217d352@group-CFD79ED7D8C4-SegmentedRaftLogWorker was interrupted, exiting. There are 0 tasks remaining in the queue.
2021-10-13 10:11:56,597 [ForkJoinPool.commonPool-worker-0] INFO  server.GrpcService (GrpcService.java:closeImpl(271)) - 83908b8c-1318-4212-96d2-7cdb43457491: shutdown server with port 46375 successfully
2021-10-13 10:11:56,597 [org.apache.ratis.util.JvmPauseMonitor$$Lambda$499/17331878@1016b686] INFO  util.JvmPauseMonitor (JvmPauseMonitor.java:run(109)) - JvmPauseMonitor-83908b8c-1318-4212-96d2-7cdb43457491: Stopped
2021-10-13 10:11:56,602 [ForkJoinPool.commonPool-worker-0] INFO  utils.BackgroundService (BackgroundService.java:shutdown(132)) - Shutting down service BlockDeletingService
2021-10-13 10:11:56,602 [Listener at 127.0.0.1/11284] INFO  segmented.SegmentedRaftLogWorker (SegmentedRaftLogWorker.java:close(237)) - 83da085b-8d99-4632-b443-c6596217d352@group-CFD79ED7D8C4-SegmentedRaftLogWorker close()
2021-10-13 10:11:56,603 [Listener at 127.0.0.1/11284] INFO  server.RaftServer$Division (RaftServerImpl.java:lambda$close$4(407)) - 83da085b-8d99-4632-b443-c6596217d352@group-D53C6002ED90: shutdown
2021-10-13 10:11:56,603 [Listener at 127.0.0.1/11284] INFO  util.JmxRegister (JmxRegister.java:unregister(73)) - Successfully un-registered JMX Bean with object name Ratis:service=RaftServer,group=group-D53C6002ED90,id=83da085b-8d99-4632-b443-c6596217d352
2021-10-13 10:11:56,603 [Listener at 127.0.0.1/11284] INFO  impl.RoleInfo (RoleInfo.java:shutdownLeaderState(91)) - 83da085b-8d99-4632-b443-c6596217d352: shutdown 83da085b-8d99-4632-b443-c6596217d352@group-D53C6002ED90-LeaderStateImpl
2021-10-13 10:11:56,603 [Listener at 127.0.0.1/11284] INFO  impl.PendingRequests (PendingRequests.java:sendNotLeaderResponses(282)) - 83da085b-8d99-4632-b443-c6596217d352@group-D53C6002ED90-PendingRequests: sendNotLeaderResponses
2021-10-13 10:11:56,604 [Listener at 127.0.0.1/11284] INFO  impl.StateMachineUpdater (StateMachineUpdater.java:stopAndJoin(149)) - 83da085b-8d99-4632-b443-c6596217d352@group-D53C6002ED90-StateMachineUpdater: set stopIndex = 0
2021-10-13 10:11:56,604 [83da085b-8d99-4632-b443-c6596217d352@group-D53C6002ED90-StateMachineUpdater] INFO  ratis.ContainerStateMachine (ContainerStateMachine.java:takeSnapshot(292)) - group-D53C6002ED90: Taking a snapshot at:(t:1, i:0) file /home/runner/work/ozone/ozone/hadoop-ozone/integration-test/target/test-dir/MiniOzoneClusterImpl-7a3c196b-86f6-4848-923d-88c8cd7ca178/datanode-1/data/ratis/949044a9-8b22-40ed-baa3-d53c6002ed90/sm/snapshot.1_0
2021-10-13 10:11:56,606 [83da085b-8d99-4632-b443-c6596217d352@group-D53C6002ED90-StateMachineUpdater] INFO  ratis.ContainerStateMachine (ContainerStateMachine.java:takeSnapshot(303)) - group-D53C6002ED90: Finished taking a snapshot at:(t:1, i:0) file:/home/runner/work/ozone/ozone/hadoop-ozone/integration-test/target/test-dir/MiniOzoneClusterImpl-7a3c196b-86f6-4848-923d-88c8cd7ca178/datanode-1/data/ratis/949044a9-8b22-40ed-baa3-d53c6002ed90/sm/snapshot.1_0 took: 2 ms
2021-10-13 10:11:56,606 [83da085b-8d99-4632-b443-c6596217d352@group-D53C6002ED90-StateMachineUpdater] INFO  impl.StateMachineUpdater (StateMachineUpdater.java:takeSnapshot(281)) - 83da085b-8d99-4632-b443-c6596217d352@group-D53C6002ED90-StateMachineUpdater: Took a snapshot at index 0
2021-10-13 10:11:56,606 [83da085b-8d99-4632-b443-c6596217d352@group-D53C6002ED90-StateMachineUpdater] INFO  impl.StateMachineUpdater (StateMachineUpdater.java:lambda$new$0(89)) - 83da085b-8d99-4632-b443-c6596217d352@group-D53C6002ED90-StateMachineUpdater: snapshotIndex: updateIncreasingly -1 -> 0
2021-10-13 10:11:56,612 [Listener at 127.0.0.1/11284] INFO  server.RaftServer$Division (ServerState.java:close(419)) - 83da085b-8d99-4632-b443-c6596217d352@group-D53C6002ED90: closes. applyIndex: 0
2021-10-13 10:11:56,616 [83da085b-8d99-4632-b443-c6596217d352@group-D53C6002ED90-SegmentedRaftLogWorker] INFO  segmented.SegmentedRaftLogWorker (SegmentedRaftLogWorker.java:run(327)) - 83da085b-8d99-4632-b443-c6596217d352@group-D53C6002ED90-SegmentedRaftLogWorker was interrupted, exiting. There are 0 tasks remaining in the queue.
2021-10-13 10:11:56,624 [Listener at 127.0.0.1/11284] INFO  segmented.SegmentedRaftLogWorker (SegmentedRaftLogWorker.java:close(237)) - 83da085b-8d99-4632-b443-c6596217d352@group-D53C6002ED90-SegmentedRaftLogWorker close()
2021-10-13 10:11:56,640 [Listener at 127.0.0.1/11284] INFO  server.GrpcService (GrpcService.java:closeImpl(262)) - 83da085b-8d99-4632-b443-c6596217d352: shutdown server with port 34351 now
2021-10-13 10:11:56,641 [grpc-default-executor-2] WARN  server.GrpcServerProtocolService (LogUtils.java:warn(122)) - 83da085b-8d99-4632-b443-c6596217d352: installSnapshot onError, lastRequest: a78bc827-a10e-4e71-88ed-094b4b7dc052->83da085b-8d99-4632-b443-c6596217d352#1-t4,previous=(t:0, i:0),leaderCommit=-1,initializing? true,entries: size=1, first=(t:4, i:0), CONFIGURATIONENTRY: org.apache.ratis.thirdparty.io.grpc.StatusRuntimeException: CANCELLED: client cancelled
2021-10-13 10:11:56,642 [grpc-default-executor-1] WARN  server.GrpcLogAppender (LogUtils.java:warn(122)) - a78bc827-a10e-4e71-88ed-094b4b7dc052@group-CFD79ED7D8C4->83da085b-8d99-4632-b443-c6596217d352-AppendLogResponseHandler: Failed appendEntries: org.apache.ratis.thirdparty.io.grpc.StatusRuntimeException: CANCELLED: HTTP/2 error code: CANCEL
Received Rst Stream
2021-10-13 10:11:56,642 [grpc-default-executor-1] WARN  server.GrpcLogAppender (GrpcLogAppender.java:resetClient(111)) - a78bc827-a10e-4e71-88ed-094b4b7dc052@group-CFD79ED7D8C4->83da085b-8d99-4632-b443-c6596217d352-GrpcLogAppender: Leader has not got in touch with Follower a78bc827-a10e-4e71-88ed-094b4b7dc052@group-CFD79ED7D8C4->83da085b-8d99-4632-b443-c6596217d352(c0,m0,n1, attendVote=true, lastRpcSendTime=1810, lastRpcResponseTime=1799) yet, just keep nextIndex unchanged and retry.
2021-10-13 10:11:56,661 [Listener at 127.0.0.1/11284] INFO  server.GrpcService (GrpcService.java:closeImpl(271)) - 83da085b-8d99-4632-b443-c6596217d352: shutdown server with port 34351 successfully
2021-10-13 10:11:56,661 [org.apache.ratis.util.JvmPauseMonitor$$Lambda$499/17331878@499d699e] INFO  util.JvmPauseMonitor (JvmPauseMonitor.java:run(109)) - JvmPauseMonitor-83da085b-8d99-4632-b443-c6596217d352: Stopped
2021-10-13 10:11:56,662 [Listener at 127.0.0.1/11284] INFO  utils.BackgroundService (BackgroundService.java:shutdown(132)) - Shutting down service BlockDeletingService
2021-10-13 10:11:56,673 [EndpointStateMachine task thread for /127.0.0.1:14257 - 0 ] INFO  ipc.Client (Client.java:handleConnectionFailure(977)) - Retrying connect to server: localhost/127.0.0.1:14257. Already tried 3 time(s); retry policy is RetryUpToMaximumCountWithFixedSleep(maxRetries=15, sleepTime=1000 MILLISECONDS)
2021-10-13 10:11:56,673 [EndpointStateMachine task thread for /127.0.0.1:14247 - 0 ] INFO  ipc.Client (Client.java:handleConnectionFailure(977)) - Retrying connect to server: localhost/127.0.0.1:14247. Already tried 3 time(s); retry policy is RetryUpToMaximumCountWithFixedSleep(maxRetries=15, sleepTime=1000 MILLISECONDS)
2021-10-13 10:11:56,674 [EndpointStateMachine task thread for /127.0.0.1:14237 - 0 ] INFO  ipc.Client (Client.java:handleConnectionFailure(977)) - Retrying connect to server: localhost/127.0.0.1:14237. Already tried 5 time(s); retry policy is RetryUpToMaximumCountWithFixedSleep(maxRetries=15, sleepTime=1000 MILLISECONDS)
2021-10-13 10:11:57,070 [EndpointStateMachine task thread for /127.0.0.1:13897 - 0 ] INFO  ipc.Client (Client.java:handleConnectionFailure(977)) - Retrying connect to server: localhost/127.0.0.1:13897. Already tried 8 time(s); retry policy is RetryUpToMaximumCountWithFixedSleep(maxRetries=15, sleepTime=1000 MILLISECONDS)
2021-10-13 10:11:57,362 [grpc-default-executor-2] WARN  server.GrpcLogAppender (LogUtils.java:warn(122)) - a78bc827-a10e-4e71-88ed-094b4b7dc052@group-CFD79ED7D8C4->83908b8c-1318-4212-96d2-7cdb43457491-AppendLogResponseHandler: Failed appendEntries: org.apache.ratis.thirdparty.io.grpc.StatusRuntimeException: UNAVAILABLE: io exception
2021-10-13 10:11:57,363 [grpc-default-executor-2] WARN  server.GrpcLogAppender (GrpcLogAppender.java:resetClient(111)) - a78bc827-a10e-4e71-88ed-094b4b7dc052@group-CFD79ED7D8C4->83908b8c-1318-4212-96d2-7cdb43457491-GrpcLogAppender: Leader has not got in touch with Follower a78bc827-a10e-4e71-88ed-094b4b7dc052@group-CFD79ED7D8C4->83908b8c-1318-4212-96d2-7cdb43457491(c0,m0,n1, attendVote=true, lastRpcSendTime=1, lastRpcResponseTime=2506) yet, just keep nextIndex unchanged and retry.
2021-10-13 10:11:57,364 [grpc-default-executor-2] WARN  server.GrpcLogAppender (LogUtils.java:warn(122)) - a78bc827-a10e-4e71-88ed-094b4b7dc052@group-CFD79ED7D8C4->83da085b-8d99-4632-b443-c6596217d352-AppendLogResponseHandler: Failed appendEntries: org.apache.ratis.thirdparty.io.grpc.StatusRuntimeException: UNAVAILABLE: io exception
2021-10-13 10:11:57,364 [grpc-default-executor-2] WARN  server.GrpcLogAppender (GrpcLogAppender.java:resetClient(111)) - a78bc827-a10e-4e71-88ed-094b4b7dc052@group-CFD79ED7D8C4->83da085b-8d99-4632-b443-c6596217d352-GrpcLogAppender: Leader has not got in touch with Follower a78bc827-a10e-4e71-88ed-094b4b7dc052@group-CFD79ED7D8C4->83da085b-8d99-4632-b443-c6596217d352(c0,m0,n1, attendVote=true, lastRpcSendTime=0, lastRpcResponseTime=2522) yet, just keep nextIndex unchanged and retry.
2021-10-13 10:11:57,369 [EndpointStateMachine task thread for /127.0.0.1:13887 - 0 ] INFO  ipc.Client (Client.java:handleConnectionFailure(977)) - Retrying connect to server: localhost/127.0.0.1:13887. Already tried 5 time(s); retry policy is RetryUpToMaximumCountWithFixedSleep(maxRetries=15, sleepTime=1000 MILLISECONDS)
2021-10-13 10:11:57,404 [EndpointStateMachine task thread for /127.0.0.1:13877 - 0 ] INFO  ipc.Client (Client.java:handleConnectionFailure(977)) - Retrying connect to server: localhost/127.0.0.1:13877. Already tried 8 time(s); retry policy is RetryUpToMaximumCountWithFixedSleep(maxRetries=15, sleepTime=1000 MILLISECONDS)
2021-10-13 10:11:57,674 [EndpointStateMachine task thread for /127.0.0.1:14257 - 0 ] INFO  ipc.Client (Client.java:handleConnectionFailure(977)) - Retrying connect to server: localhost/127.0.0.1:14257. Already tried 4 time(s); retry policy is RetryUpToMaximumCountWithFixedSleep(maxRetries=15, sleepTime=1000 MILLISECONDS)
2021-10-13 10:11:57,674 [EndpointStateMachine task thread for /127.0.0.1:14247 - 0 ] INFO  ipc.Client (Client.java:handleConnectionFailure(977)) - Retrying connect to server: localhost/127.0.0.1:14247. Already tried 4 time(s); retry policy is RetryUpToMaximumCountWithFixedSleep(maxRetries=15, sleepTime=1000 MILLISECONDS)
2021-10-13 10:11:57,674 [EndpointStateMachine task thread for /127.0.0.1:14237 - 0 ] INFO  ipc.Client (Client.java:handleConnectionFailure(977)) - Retrying connect to server: localhost/127.0.0.1:14237. Already tried 6 time(s); retry policy is RetryUpToMaximumCountWithFixedSleep(maxRetries=15, sleepTime=1000 MILLISECONDS)
2021-10-13 10:11:58,088 [EndpointStateMachine task thread for /127.0.0.1:13897 - 0 ] INFO  ipc.Client (Client.java:handleConnectionFailure(977)) - Retrying connect to server: localhost/127.0.0.1:13897. Already tried 9 time(s); retry policy is RetryUpToMaximumCountWithFixedSleep(maxRetries=15, sleepTime=1000 MILLISECONDS)
2021-10-13 10:11:58,404 [EndpointStateMachine task thread for /127.0.0.1:13877 - 0 ] INFO  ipc.Client (Client.java:handleConnectionFailure(977)) - Retrying connect to server: localhost/127.0.0.1:13877. Already tried 9 time(s); retry policy is RetryUpToMaximumCountWithFixedSleep(maxRetries=15, sleepTime=1000 MILLISECONDS)
2021-10-13 10:11:58,412 [EndpointStateMachine task thread for /127.0.0.1:13887 - 0 ] INFO  ipc.Client (Client.java:handleConnectionFailure(977)) - Retrying connect to server: localhost/127.0.0.1:13887. Already tried 6 time(s); retry policy is RetryUpToMaximumCountWithFixedSleep(maxRetries=15, sleepTime=1000 MILLISECONDS)
2021-10-13 10:11:58,674 [EndpointStateMachine task thread for /127.0.0.1:14257 - 0 ] INFO  ipc.Client (Client.java:handleConnectionFailure(977)) - Retrying connect to server: localhost/127.0.0.1:14257. Already tried 5 time(s); retry policy is RetryUpToMaximumCountWithFixedSleep(maxRetries=15, sleepTime=1000 MILLISECONDS)
2021-10-13 10:11:58,675 [EndpointStateMachine task thread for /127.0.0.1:14247 - 0 ] INFO  ipc.Client (Client.java:handleConnectionFailure(977)) - Retrying connect to server: localhost/127.0.0.1:14247. Already tried 5 time(s); retry policy is RetryUpToMaximumCountWithFixedSleep(maxRetries=15, sleepTime=1000 MILLISECONDS)
2021-10-13 10:11:58,675 [EndpointStateMachine task thread for /127.0.0.1:14237 - 0 ] INFO  ipc.Client (Client.java:handleConnectionFailure(977)) - Retrying connect to server: localhost/127.0.0.1:14237. Already tried 7 time(s); retry policy is RetryUpToMaximumCountWithFixedSleep(maxRetries=15, sleepTime=1000 MILLISECONDS)
2021-10-13 10:11:59,089 [EndpointStateMachine task thread for /127.0.0.1:13897 - 0 ] INFO  ipc.Client (Client.java:handleConnectionFailure(977)) - Retrying connect to server: localhost/127.0.0.1:13897. Already tried 10 time(s); retry policy is RetryUpToMaximumCountWithFixedSleep(maxRetries=15, sleepTime=1000 MILLISECONDS)
2021-10-13 10:11:59,329 [a78bc827-a10e-4e71-88ed-094b4b7dc052@group-D48C150F8724-FollowerState] INFO  impl.FollowerState (FollowerState.java:run(134)) - a78bc827-a10e-4e71-88ed-094b4b7dc052@group-D48C150F8724-FollowerState: change to CANDIDATE, lastRpcElapsedTime:5044522596ns, electionTimeout:5002ms
2021-10-13 10:11:59,329 [a78bc827-a10e-4e71-88ed-094b4b7dc052@group-D48C150F8724-FollowerState] INFO  impl.RoleInfo (RoleInfo.java:shutdownFollowerState(108)) - a78bc827-a10e-4e71-88ed-094b4b7dc052: shutdown a78bc827-a10e-4e71-88ed-094b4b7dc052@group-D48C150F8724-FollowerState
2021-10-13 10:11:59,329 [a78bc827-a10e-4e71-88ed-094b4b7dc052@group-D48C150F8724-FollowerState] INFO  server.RaftServer$Division (RaftServerImpl.java:setRole(285)) - a78bc827-a10e-4e71-88ed-094b4b7dc052@group-D48C150F8724: changes role from  FOLLOWER to CANDIDATE at term 3 for changeToCandidate
2021-10-13 10:11:59,329 [a78bc827-a10e-4e71-88ed-094b4b7dc052@group-D48C150F8724-FollowerState] INFO  server.RaftServerConfigKeys (ConfUtils.java:logGet(44)) - raft.server.leaderelection.pre-vote = false (custom)
2021-10-13 10:11:59,329 [a78bc827-a10e-4e71-88ed-094b4b7dc052@group-D48C150F8724-FollowerState] INFO  impl.RoleInfo (RoleInfo.java:updateAndGet(130)) - a78bc827-a10e-4e71-88ed-094b4b7dc052: start a78bc827-a10e-4e71-88ed-094b4b7dc052@group-D48C150F8724-LeaderElection35
2021-10-13 10:11:59,364 [a78bc827-a10e-4e71-88ed-094b4b7dc052@group-D48C150F8724-LeaderElection35] INFO  server.RaftServer$Division (ServerState.java:setLeader(285)) - a78bc827-a10e-4e71-88ed-094b4b7dc052@group-D48C150F8724: change Leader from 83da085b-8d99-4632-b443-c6596217d352 to null at term 3 for ELECTION
2021-10-13 10:11:59,370 [a78bc827-a10e-4e71-88ed-094b4b7dc052@group-D48C150F8724-LeaderElection35] INFO  impl.LeaderElection (LeaderElection.java:askForVotes(306)) - a78bc827-a10e-4e71-88ed-094b4b7dc052@group-D48C150F8724-LeaderElection35 ELECTION round 0: submit vote requests at term 4 for 0: [83908b8c-1318-4212-96d2-7cdb43457491|rpc:127.0.0.1:46375|dataStream:|priority:0, 83da085b-8d99-4632-b443-c6596217d352|rpc:127.0.0.1:34351|dataStream:|priority:1, a78bc827-a10e-4e71-88ed-094b4b7dc052|rpc:127.0.0.1:44771|dataStream:|priority:0], old=null
2021-10-13 10:11:59,396 [a78bc827-a10e-4e71-88ed-094b4b7dc052@group-D48C150F8724-LeaderElection35] INFO  impl.LeaderElection (LogUtils.java:infoOrTrace(137)) - a78bc827-a10e-4e71-88ed-094b4b7dc052@group-D48C150F8724-LeaderElection35 got exception when requesting votes: java.util.concurrent.ExecutionException: org.apache.ratis.thirdparty.io.grpc.StatusRuntimeException: UNAVAILABLE: io exception
2021-10-13 10:11:59,405 [EndpointStateMachine task thread for /127.0.0.1:13877 - 0 ] INFO  ipc.Client (Client.java:handleConnectionFailure(977)) - Retrying connect to server: localhost/127.0.0.1:13877. Already tried 10 time(s); retry policy is RetryUpToMaximumCountWithFixedSleep(maxRetries=15, sleepTime=1000 MILLISECONDS)
2021-10-13 10:11:59,412 [a78bc827-a10e-4e71-88ed-094b4b7dc052@group-D48C150F8724-LeaderElection35] INFO  impl.LeaderElection (LogUtils.java:infoOrTrace(137)) - a78bc827-a10e-4e71-88ed-094b4b7dc052@group-D48C150F8724-LeaderElection35 got exception when requesting votes: java.util.concurrent.ExecutionException: org.apache.ratis.thirdparty.io.grpc.StatusRuntimeException: UNAVAILABLE: io exception
2021-10-13 10:11:59,412 [a78bc827-a10e-4e71-88ed-094b4b7dc052@group-D48C150F8724-LeaderElection35] INFO  impl.LeaderElection (LeaderElection.java:logAndReturn(89)) - a78bc827-a10e-4e71-88ed-094b4b7dc052@group-D48C150F8724-LeaderElection35: ELECTION REJECTED received 0 response(s) and 2 exception(s):
2021-10-13 10:11:59,412 [a78bc827-a10e-4e71-88ed-094b4b7dc052@group-D48C150F8724-LeaderElection35] INFO  impl.LeaderElection (LogUtils.java:infoOrTrace(137)) -   Exception 0: java.util.concurrent.ExecutionException: org.apache.ratis.thirdparty.io.grpc.StatusRuntimeException: UNAVAILABLE: io exception
2021-10-13 10:11:59,412 [a78bc827-a10e-4e71-88ed-094b4b7dc052@group-D48C150F8724-LeaderElection35] INFO  impl.LeaderElection (LogUtils.java:infoOrTrace(137)) -   Exception 1: java.util.concurrent.ExecutionException: org.apache.ratis.thirdparty.io.grpc.StatusRuntimeException: UNAVAILABLE: io exception
2021-10-13 10:11:59,412 [a78bc827-a10e-4e71-88ed-094b4b7dc052@group-D48C150F8724-LeaderElection35] INFO  impl.LeaderElection (LeaderElection.java:askForVotes(308)) - a78bc827-a10e-4e71-88ed-094b4b7dc052@group-D48C150F8724-LeaderElection35 ELECTION round 0: result REJECTED
2021-10-13 10:11:59,412 [a78bc827-a10e-4e71-88ed-094b4b7dc052@group-D48C150F8724-LeaderElection35] INFO  server.RaftServer$Division (RaftServerImpl.java:setRole(285)) - a78bc827-a10e-4e71-88ed-094b4b7dc052@group-D48C150F8724: changes role from CANDIDATE to FOLLOWER at term 4 for REJECTED
2021-10-13 10:11:59,412 [a78bc827-a10e-4e71-88ed-094b4b7dc052@group-D48C150F8724-LeaderElection35] INFO  impl.RoleInfo (RoleInfo.java:shutdownLeaderElection(121)) - a78bc827-a10e-4e71-88ed-094b4b7dc052: shutdown a78bc827-a10e-4e71-88ed-094b4b7dc052@group-D48C150F8724-LeaderElection35
2021-10-13 10:11:59,412 [a78bc827-a10e-4e71-88ed-094b4b7dc052@group-D48C150F8724-LeaderElection35] INFO  impl.RoleInfo (RoleInfo.java:updateAndGet(130)) - a78bc827-a10e-4e71-88ed-094b4b7dc052: start a78bc827-a10e-4e71-88ed-094b4b7dc052@group-D48C150F8724-FollowerState
2021-10-13 10:11:59,412 [EndpointStateMachine task thread for /127.0.0.1:13887 - 0 ] INFO  ipc.Client (Client.java:handleConnectionFailure(977)) - Retrying connect to server: localhost/127.0.0.1:13887. Already tried 7 time(s); retry policy is RetryUpToMaximumCountWithFixedSleep(maxRetries=15, sleepTime=1000 MILLISECONDS)
2021-10-13 10:11:59,616 [ForkJoinPool.commonPool-worker-0] INFO  statemachine.DatanodeStateMachine (DatanodeStateMachine.java:stopDaemon(522)) - Ozone container server stopped.
2021-10-13 10:11:59,626 [ForkJoinPool.commonPool-worker-0] INFO  handler.ContextHandler (ContextHandler.java:doStop(1153)) - Stopped o.e.j.w.WebAppContext@7b48f52e{hddsDatanode,/,null,STOPPED}{jar:file:/home/runner/.m2/repository/org/apache/ozone/hdds-container-service/1.2.0-SNAPSHOT/hdds-container-service-1.2.0-SNAPSHOT.jar!/webapps/hddsDatanode}
2021-10-13 10:11:59,627 [ForkJoinPool.commonPool-worker-0] INFO  server.AbstractConnector (AbstractConnector.java:doStop(381)) - Stopped ServerConnector@ab8b7f{HTTP/1.1, (http/1.1)}{0.0.0.0:0}
2021-10-13 10:11:59,627 [ForkJoinPool.commonPool-worker-0] INFO  server.session (HouseKeeper.java:stopScavenging(149)) - node0 Stopped scavenging
2021-10-13 10:11:59,628 [ForkJoinPool.commonPool-worker-0] INFO  handler.ContextHandler (ContextHandler.java:doStop(1153)) - Stopped o.e.j.s.ServletContextHandler@27f64853{static,/static,jar:file:/home/runner/.m2/repository/org/apache/ozone/hdds-container-service/1.2.0-SNAPSHOT/hdds-container-service-1.2.0-SNAPSHOT.jar!/webapps/static,STOPPED}
2021-10-13 10:11:59,629 [ForkJoinPool.commonPool-worker-0] INFO  handler.ContextHandler (ContextHandler.java:doStop(1153)) - Stopped o.e.j.s.ServletContextHandler@347bc2ad{logs,/logs,file:///home/runner/work/ozone/ozone/hadoop-ozone/integration-test/target/log,STOPPED}
2021-10-13 10:11:59,669 [Listener at 127.0.0.1/11284] INFO  statemachine.DatanodeStateMachine (DatanodeStateMachine.java:stopDaemon(522)) - Ozone container server stopped.
2021-10-13 10:11:59,670 [Listener at 127.0.0.1/11284] INFO  handler.ContextHandler (ContextHandler.java:doStop(1153)) - Stopped o.e.j.w.WebAppContext@5e15c93e{hddsDatanode,/,null,STOPPED}{jar:file:/home/runner/.m2/repository/org/apache/ozone/hdds-container-service/1.2.0-SNAPSHOT/hdds-container-service-1.2.0-SNAPSHOT.jar!/webapps/hddsDatanode}
2021-10-13 10:11:59,675 [EndpointStateMachine task thread for /127.0.0.1:14247 - 0 ] INFO  ipc.Client (Client.java:handleConnectionFailure(977)) - Retrying connect to server: localhost/127.0.0.1:14247. Already tried 6 time(s); retry policy is RetryUpToMaximumCountWithFixedSleep(maxRetries=15, sleepTime=1000 MILLISECONDS)
2021-10-13 10:11:59,675 [EndpointStateMachine task thread for /127.0.0.1:14237 - 0 ] INFO  ipc.Client (Client.java:handleConnectionFailure(977)) - Retrying connect to server: localhost/127.0.0.1:14237. Already tried 8 time(s); retry policy is RetryUpToMaximumCountWithFixedSleep(maxRetries=15, sleepTime=1000 MILLISECONDS)
2021-10-13 10:11:59,676 [Listener at 127.0.0.1/11284] INFO  server.AbstractConnector (AbstractConnector.java:doStop(381)) - Stopped ServerConnector@1ca5b7c7{HTTP/1.1, (http/1.1)}{0.0.0.0:0}
2021-10-13 10:11:59,677 [Listener at 127.0.0.1/11284] INFO  server.session (HouseKeeper.java:stopScavenging(149)) - node0 Stopped scavenging
2021-10-13 10:11:59,677 [Listener at 127.0.0.1/11284] INFO  handler.ContextHandler (ContextHandler.java:doStop(1153)) - Stopped o.e.j.s.ServletContextHandler@34cc0bac{static,/static,jar:file:/home/runner/.m2/repository/org/apache/ozone/hdds-container-service/1.2.0-SNAPSHOT/hdds-container-service-1.2.0-SNAPSHOT.jar!/webapps/static,STOPPED}
2021-10-13 10:11:59,677 [Listener at 127.0.0.1/11284] INFO  handler.ContextHandler (ContextHandler.java:doStop(1153)) - Stopped o.e.j.s.ServletContextHandler@6f014dfa{logs,/logs,file:///home/runner/work/ozone/ozone/hadoop-ozone/integration-test/target/log,STOPPED}
2021-10-13 10:11:59,678 [Datanode State Machine Thread - 0] WARN  statemachine.StateContext (StateContext.java:setState(246)) - Ignore disallowed transition from SHUTDOWN to RUNNING
2021-10-13 10:11:59,684 [EndpointStateMachine task thread for /127.0.0.1:14257 - 0 ] INFO  ipc.Client (Client.java:handleConnectionFailure(977)) - Retrying connect to server: localhost/127.0.0.1:14257. Already tried 6 time(s); retry policy is RetryUpToMaximumCountWithFixedSleep(maxRetries=15, sleepTime=1000 MILLISECONDS)
2021-10-13 10:11:59,866 [grpc-default-executor-2] WARN  server.GrpcLogAppender (LogUtils.java:warn(122)) - a78bc827-a10e-4e71-88ed-094b4b7dc052@group-CFD79ED7D8C4->83da085b-8d99-4632-b443-c6596217d352-AppendLogResponseHandler: Failed appendEntries: org.apache.ratis.thirdparty.io.grpc.StatusRuntimeException: UNAVAILABLE: io exception
2021-10-13 10:11:59,866 [grpc-default-executor-2] WARN  server.GrpcLogAppender (GrpcLogAppender.java:resetClient(111)) - a78bc827-a10e-4e71-88ed-094b4b7dc052@group-CFD79ED7D8C4->83da085b-8d99-4632-b443-c6596217d352-GrpcLogAppender: Leader has not got in touch with Follower a78bc827-a10e-4e71-88ed-094b4b7dc052@group-CFD79ED7D8C4->83da085b-8d99-4632-b443-c6596217d352(c0,m0,n1, attendVote=true, lastRpcSendTime=0, lastRpcResponseTime=5024) yet, just keep nextIndex unchanged and retry.
2021-10-13 10:11:59,888 [grpc-default-executor-2] WARN  server.GrpcLogAppender (LogUtils.java:warn(122)) - a78bc827-a10e-4e71-88ed-094b4b7dc052@group-CFD79ED7D8C4->83908b8c-1318-4212-96d2-7cdb43457491-AppendLogResponseHandler: Failed appendEntries: org.apache.ratis.thirdparty.io.grpc.StatusRuntimeException: UNAVAILABLE: io exception
2021-10-13 10:11:59,889 [grpc-default-executor-2] WARN  server.GrpcLogAppender (GrpcLogAppender.java:resetClient(111)) - a78bc827-a10e-4e71-88ed-094b4b7dc052@group-CFD79ED7D8C4->83908b8c-1318-4212-96d2-7cdb43457491-GrpcLogAppender: Leader has not got in touch with Follower a78bc827-a10e-4e71-88ed-094b4b7dc052@group-CFD79ED7D8C4->83908b8c-1318-4212-96d2-7cdb43457491(c0,m0,n1, attendVote=true, lastRpcSendTime=0, lastRpcResponseTime=5032) yet, just keep nextIndex unchanged and retry.
2021-10-13 10:12:00,090 [EndpointStateMachine task thread for /127.0.0.1:13897 - 0 ] INFO  ipc.Client (Client.java:handleConnectionFailure(977)) - Retrying connect to server: localhost/127.0.0.1:13897. Already tried 11 time(s); retry policy is RetryUpToMaximumCountWithFixedSleep(maxRetries=15, sleepTime=1000 MILLISECONDS)
2021-10-13 10:12:00,108 [a78bc827-a10e-4e71-88ed-094b4b7dc052@group-CFD79ED7D8C4-LeaderStateImpl] WARN  server.RaftServer$Division (LeaderStateImpl.java:checkLeadership(944)) - a78bc827-a10e-4e71-88ed-094b4b7dc052@group-CFD79ED7D8C4-LeaderStateImpl: Lost leadership on term: 4. Election timeout: 5200ms. In charge for: 10442ms. Conf: 0: [83908b8c-1318-4212-96d2-7cdb43457491|rpc:127.0.0.1:46375|dataStream:|priority:0, 83da085b-8d99-4632-b443-c6596217d352|rpc:127.0.0.1:34351|dataStream:|priority:0, a78bc827-a10e-4e71-88ed-094b4b7dc052|rpc:127.0.0.1:44771|dataStream:|priority:1], old=null
2021-10-13 10:12:00,109 [a78bc827-a10e-4e71-88ed-094b4b7dc052@group-CFD79ED7D8C4-LeaderStateImpl] WARN  server.RaftServer$Division (LeaderStateImpl.java:lambda$checkLeadership$15(948)) - Follower a78bc827-a10e-4e71-88ed-094b4b7dc052@group-CFD79ED7D8C4->83908b8c-1318-4212-96d2-7cdb43457491(c0,m0,n1, attendVote=true, lastRpcSendTime=220, lastRpcResponseTime=5252)
2021-10-13 10:12:00,109 [a78bc827-a10e-4e71-88ed-094b4b7dc052@group-CFD79ED7D8C4-LeaderStateImpl] WARN  server.RaftServer$Division (LeaderStateImpl.java:lambda$checkLeadership$15(948)) - Follower a78bc827-a10e-4e71-88ed-094b4b7dc052@group-CFD79ED7D8C4->83da085b-8d99-4632-b443-c6596217d352(c0,m0,n1, attendVote=true, lastRpcSendTime=243, lastRpcResponseTime=5266)
2021-10-13 10:12:00,109 [a78bc827-a10e-4e71-88ed-094b4b7dc052@group-CFD79ED7D8C4-LeaderStateImpl] INFO  server.RaftServer$Division (RaftServerImpl.java:setRole(285)) - a78bc827-a10e-4e71-88ed-094b4b7dc052@group-CFD79ED7D8C4: changes role from    LEADER to FOLLOWER at term 4 for StepDownReason:LOST_MAJORITY_HEARTBEATS
2021-10-13 10:12:00,109 [a78bc827-a10e-4e71-88ed-094b4b7dc052@group-CFD79ED7D8C4-LeaderStateImpl] INFO  impl.RoleInfo (RoleInfo.java:shutdownLeaderState(91)) - a78bc827-a10e-4e71-88ed-094b4b7dc052: shutdown a78bc827-a10e-4e71-88ed-094b4b7dc052@group-CFD79ED7D8C4-LeaderStateImpl
2021-10-13 10:12:00,109 [a78bc827-a10e-4e71-88ed-094b4b7dc052@group-CFD79ED7D8C4-LeaderStateImpl] INFO  impl.PendingRequests (PendingRequests.java:sendNotLeaderResponses(282)) - a78bc827-a10e-4e71-88ed-094b4b7dc052@group-CFD79ED7D8C4-PendingRequests: sendNotLeaderResponses
2021-10-13 10:12:00,109 [a78bc827-a10e-4e71-88ed-094b4b7dc052@group-CFD79ED7D8C4-LeaderStateImpl] INFO  impl.RoleInfo (RoleInfo.java:updateAndGet(130)) - a78bc827-a10e-4e71-88ed-094b4b7dc052: start a78bc827-a10e-4e71-88ed-094b4b7dc052@group-CFD79ED7D8C4-FollowerState
2021-10-13 10:12:00,405 [EndpointStateMachine task thread for /127.0.0.1:13877 - 0 ] INFO  ipc.Client (Client.java:handleConnectionFailure(977)) - Retrying connect to server: localhost/127.0.0.1:13877. Already tried 11 time(s); retry policy is RetryUpToMaximumCountWithFixedSleep(maxRetries=15, sleepTime=1000 MILLISECONDS)
2021-10-13 10:12:00,413 [EndpointStateMachine task thread for /127.0.0.1:13887 - 0 ] INFO  ipc.Client (Client.java:handleConnectionFailure(977)) - Retrying connect to server: localhost/127.0.0.1:13887. Already tried 8 time(s); retry policy is RetryUpToMaximumCountWithFixedSleep(maxRetries=15, sleepTime=1000 MILLISECONDS)
2021-10-13 10:12:00,684 [EndpointStateMachine task thread for /127.0.0.1:14257 - 0 ] INFO  ipc.Client (Client.java:handleConnectionFailure(977)) - Retrying connect to server: localhost/127.0.0.1:14257. Already tried 7 time(s); retry policy is RetryUpToMaximumCountWithFixedSleep(maxRetries=15, sleepTime=1000 MILLISECONDS)
2021-10-13 10:12:00,692 [EndpointStateMachine task thread for /127.0.0.1:14237 - 0 ] INFO  ipc.Client (Client.java:handleConnectionFailure(977)) - Retrying connect to server: localhost/127.0.0.1:14237. Already tried 9 time(s); retry policy is RetryUpToMaximumCountWithFixedSleep(maxRetries=15, sleepTime=1000 MILLISECONDS)
2021-10-13 10:12:00,693 [EndpointStateMachine task thread for /127.0.0.1:14247 - 0 ] INFO  ipc.Client (Client.java:handleConnectionFailure(977)) - Retrying connect to server: localhost/127.0.0.1:14247. Already tried 7 time(s); retry policy is RetryUpToMaximumCountWithFixedSleep(maxRetries=15, sleepTime=1000 MILLISECONDS)
2021-10-13 10:12:01,090 [EndpointStateMachine task thread for /127.0.0.1:13897 - 0 ] INFO  ipc.Client (Client.java:handleConnectionFailure(977)) - Retrying connect to server: localhost/127.0.0.1:13897. Already tried 12 time(s); retry policy is RetryUpToMaximumCountWithFixedSleep(maxRetries=15, sleepTime=1000 MILLISECONDS)
2021-10-13 10:12:01,406 [EndpointStateMachine task thread for /127.0.0.1:13877 - 0 ] INFO  ipc.Client (Client.java:handleConnectionFailure(977)) - Retrying connect to server: localhost/127.0.0.1:13877. Already tried 12 time(s); retry policy is RetryUpToMaximumCountWithFixedSleep(maxRetries=15, sleepTime=1000 MILLISECONDS)
2021-10-13 10:12:01,413 [EndpointStateMachine task thread for /127.0.0.1:13887 - 0 ] INFO  ipc.Client (Client.java:handleConnectionFailure(977)) - Retrying connect to server: localhost/127.0.0.1:13887. Already tried 9 time(s); retry policy is RetryUpToMaximumCountWithFixedSleep(maxRetries=15, sleepTime=1000 MILLISECONDS)
2021-10-13 10:12:01,688 [EndpointStateMachine task thread for /127.0.0.1:14257 - 0 ] INFO  ipc.Client (Client.java:handleConnectionFailure(977)) - Retrying connect to server: localhost/127.0.0.1:14257. Already tried 8 time(s); retry policy is RetryUpToMaximumCountWithFixedSleep(maxRetries=15, sleepTime=1000 MILLISECONDS)
2021-10-13 10:12:01,693 [EndpointStateMachine task thread for /127.0.0.1:14237 - 0 ] INFO  ipc.Client (Client.java:handleConnectionFailure(977)) - Retrying connect to server: localhost/127.0.0.1:14237. Already tried 10 time(s); retry policy is RetryUpToMaximumCountWithFixedSleep(maxRetries=15, sleepTime=1000 MILLISECONDS)
2021-10-13 10:12:01,693 [EndpointStateMachine task thread for /127.0.0.1:14247 - 0 ] INFO  ipc.Client (Client.java:handleConnectionFailure(977)) - Retrying connect to server: localhost/127.0.0.1:14247. Already tried 8 time(s); retry policy is RetryUpToMaximumCountWithFixedSleep(maxRetries=15, sleepTime=1000 MILLISECONDS)
2021-10-13 10:12:02,092 [EndpointStateMachine task thread for /127.0.0.1:13897 - 0 ] INFO  ipc.Client (Client.java:handleConnectionFailure(977)) - Retrying connect to server: localhost/127.0.0.1:13897. Already tried 13 time(s); retry policy is RetryUpToMaximumCountWithFixedSleep(maxRetries=15, sleepTime=1000 MILLISECONDS)
2021-10-13 10:12:02,407 [EndpointStateMachine task thread for /127.0.0.1:13877 - 0 ] INFO  ipc.Client (Client.java:handleConnectionFailure(977)) - Retrying connect to server: localhost/127.0.0.1:13877. Already tried 13 time(s); retry policy is RetryUpToMaximumCountWithFixedSleep(maxRetries=15, sleepTime=1000 MILLISECONDS)
2021-10-13 10:12:02,414 [EndpointStateMachine task thread for /127.0.0.1:13887 - 0 ] INFO  ipc.Client (Client.java:handleConnectionFailure(977)) - Retrying connect to server: localhost/127.0.0.1:13887. Already tried 10 time(s); retry policy is RetryUpToMaximumCountWithFixedSleep(maxRetries=15, sleepTime=1000 MILLISECONDS)
2021-10-13 10:12:02,688 [EndpointStateMachine task thread for /127.0.0.1:14257 - 0 ] INFO  ipc.Client (Client.java:handleConnectionFailure(977)) - Retrying connect to server: localhost/127.0.0.1:14257. Already tried 9 time(s); retry policy is RetryUpToMaximumCountWithFixedSleep(maxRetries=15, sleepTime=1000 MILLISECONDS)
2021-10-13 10:12:02,693 [EndpointStateMachine task thread for /127.0.0.1:14237 - 0 ] INFO  ipc.Client (Client.java:handleConnectionFailure(977)) - Retrying connect to server: localhost/127.0.0.1:14237. Already tried 11 time(s); retry policy is RetryUpToMaximumCountWithFixedSleep(maxRetries=15, sleepTime=1000 MILLISECONDS)
2021-10-13 10:12:02,693 [EndpointStateMachine task thread for /127.0.0.1:14247 - 0 ] INFO  ipc.Client (Client.java:handleConnectionFailure(977)) - Retrying connect to server: localhost/127.0.0.1:14247. Already tried 9 time(s); retry policy is RetryUpToMaximumCountWithFixedSleep(maxRetries=15, sleepTime=1000 MILLISECONDS)
2021-10-13 10:12:03,093 [EndpointStateMachine task thread for /127.0.0.1:13897 - 0 ] INFO  ipc.Client (Client.java:handleConnectionFailure(977)) - Retrying connect to server: localhost/127.0.0.1:13897. Already tried 14 time(s); retry policy is RetryUpToMaximumCountWithFixedSleep(maxRetries=15, sleepTime=1000 MILLISECONDS)
2021-10-13 10:12:03,407 [EndpointStateMachine task thread for /127.0.0.1:13877 - 0 ] INFO  ipc.Client (Client.java:handleConnectionFailure(977)) - Retrying connect to server: localhost/127.0.0.1:13877. Already tried 14 time(s); retry policy is RetryUpToMaximumCountWithFixedSleep(maxRetries=15, sleepTime=1000 MILLISECONDS)
2021-10-13 10:12:03,414 [EndpointStateMachine task thread for /127.0.0.1:13887 - 0 ] INFO  ipc.Client (Client.java:handleConnectionFailure(977)) - Retrying connect to server: localhost/127.0.0.1:13887. Already tried 11 time(s); retry policy is RetryUpToMaximumCountWithFixedSleep(maxRetries=15, sleepTime=1000 MILLISECONDS)
2021-10-13 10:12:03,689 [EndpointStateMachine task thread for /127.0.0.1:14257 - 0 ] INFO  ipc.Client (Client.java:handleConnectionFailure(977)) - Retrying connect to server: localhost/127.0.0.1:14257. Already tried 10 time(s); retry policy is RetryUpToMaximumCountWithFixedSleep(maxRetries=15, sleepTime=1000 MILLISECONDS)
2021-10-13 10:12:03,693 [EndpointStateMachine task thread for /127.0.0.1:14237 - 0 ] INFO  ipc.Client (Client.java:handleConnectionFailure(977)) - Retrying connect to server: localhost/127.0.0.1:14237. Already tried 12 time(s); retry policy is RetryUpToMaximumCountWithFixedSleep(maxRetries=15, sleepTime=1000 MILLISECONDS)
2021-10-13 10:12:03,694 [EndpointStateMachine task thread for /127.0.0.1:14247 - 0 ] INFO  ipc.Client (Client.java:handleConnectionFailure(977)) - Retrying connect to server: localhost/127.0.0.1:14247. Already tried 10 time(s); retry policy is RetryUpToMaximumCountWithFixedSleep(maxRetries=15, sleepTime=1000 MILLISECONDS)
2021-10-13 10:12:04,094 [EndpointStateMachine task thread for /127.0.0.1:13897 - 0 ] INFO  ipc.Client (Client.java:handleConnectionFailure(977)) - Retrying connect to server: localhost/127.0.0.1:13897. Already tried 0 time(s); retry policy is RetryUpToMaximumCountWithFixedSleep(maxRetries=15, sleepTime=1000 MILLISECONDS)
2021-10-13 10:12:04,409 [EndpointStateMachine task thread for /127.0.0.1:13877 - 0 ] INFO  ipc.Client (Client.java:handleConnectionFailure(977)) - Retrying connect to server: localhost/127.0.0.1:13877. Already tried 0 time(s); retry policy is RetryUpToMaximumCountWithFixedSleep(maxRetries=15, sleepTime=1000 MILLISECONDS)
2021-10-13 10:12:04,415 [EndpointStateMachine task thread for /127.0.0.1:13887 - 0 ] INFO  ipc.Client (Client.java:handleConnectionFailure(977)) - Retrying connect to server: localhost/127.0.0.1:13887. Already tried 12 time(s); retry policy is RetryUpToMaximumCountWithFixedSleep(maxRetries=15, sleepTime=1000 MILLISECONDS)
2021-10-13 10:12:04,531 [a78bc827-a10e-4e71-88ed-094b4b7dc052@group-D48C150F8724-FollowerState] INFO  impl.FollowerState (FollowerState.java:run(134)) - a78bc827-a10e-4e71-88ed-094b4b7dc052@group-D48C150F8724-FollowerState: change to CANDIDATE, lastRpcElapsedTime:5118970804ns, electionTimeout:5118ms
2021-10-13 10:12:04,531 [a78bc827-a10e-4e71-88ed-094b4b7dc052@group-D48C150F8724-FollowerState] INFO  impl.RoleInfo (RoleInfo.java:shutdownFollowerState(108)) - a78bc827-a10e-4e71-88ed-094b4b7dc052: shutdown a78bc827-a10e-4e71-88ed-094b4b7dc052@group-D48C150F8724-FollowerState
2021-10-13 10:12:04,531 [a78bc827-a10e-4e71-88ed-094b4b7dc052@group-D48C150F8724-FollowerState] INFO  server.RaftServer$Division (RaftServerImpl.java:setRole(285)) - a78bc827-a10e-4e71-88ed-094b4b7dc052@group-D48C150F8724: changes role from  FOLLOWER to CANDIDATE at term 4 for changeToCandidate
2021-10-13 10:12:04,532 [a78bc827-a10e-4e71-88ed-094b4b7dc052@group-D48C150F8724-FollowerState] INFO  server.RaftServerConfigKeys (ConfUtils.java:logGet(44)) - raft.server.leaderelection.pre-vote = false (custom)
2021-10-13 10:12:04,532 [a78bc827-a10e-4e71-88ed-094b4b7dc052@group-D48C150F8724-FollowerState] INFO  impl.RoleInfo (RoleInfo.java:updateAndGet(130)) - a78bc827-a10e-4e71-88ed-094b4b7dc052: start a78bc827-a10e-4e71-88ed-094b4b7dc052@group-D48C150F8724-LeaderElection36
2021-10-13 10:12:04,561 [a78bc827-a10e-4e71-88ed-094b4b7dc052@group-D48C150F8724-LeaderElection36] INFO  impl.LeaderElection (LeaderElection.java:askForVotes(306)) - a78bc827-a10e-4e71-88ed-094b4b7dc052@group-D48C150F8724-LeaderElection36 ELECTION round 0: submit vote requests at term 5 for 0: [83908b8c-1318-4212-96d2-7cdb43457491|rpc:127.0.0.1:46375|dataStream:|priority:0, 83da085b-8d99-4632-b443-c6596217d352|rpc:127.0.0.1:34351|dataStream:|priority:1, a78bc827-a10e-4e71-88ed-094b4b7dc052|rpc:127.0.0.1:44771|dataStream:|priority:0], old=null
2021-10-13 10:12:04,572 [a78bc827-a10e-4e71-88ed-094b4b7dc052@group-D48C150F8724-LeaderElection36] INFO  impl.LeaderElection (LogUtils.java:infoOrTrace(137)) - a78bc827-a10e-4e71-88ed-094b4b7dc052@group-D48C150F8724-LeaderElection36 got exception when requesting votes: java.util.concurrent.ExecutionException: org.apache.ratis.thirdparty.io.grpc.StatusRuntimeException: UNAVAILABLE: io exception
2021-10-13 10:12:04,572 [a78bc827-a10e-4e71-88ed-094b4b7dc052@group-D48C150F8724-LeaderElection36] INFO  impl.LeaderElection (LogUtils.java:infoOrTrace(137)) - a78bc827-a10e-4e71-88ed-094b4b7dc052@group-D48C150F8724-LeaderElection36 got exception when requesting votes: java.util.concurrent.ExecutionException: org.apache.ratis.thirdparty.io.grpc.StatusRuntimeException: UNAVAILABLE: io exception
2021-10-13 10:12:04,572 [a78bc827-a10e-4e71-88ed-094b4b7dc052@group-D48C150F8724-LeaderElection36] INFO  impl.LeaderElection (LeaderElection.java:logAndReturn(89)) - a78bc827-a10e-4e71-88ed-094b4b7dc052@group-D48C150F8724-LeaderElection36: ELECTION REJECTED received 0 response(s) and 2 exception(s):
2021-10-13 10:12:04,572 [a78bc827-a10e-4e71-88ed-094b4b7dc052@group-D48C150F8724-LeaderElection36] INFO  impl.LeaderElection (LogUtils.java:infoOrTrace(137)) -   Exception 0: java.util.concurrent.ExecutionException: org.apache.ratis.thirdparty.io.grpc.StatusRuntimeException: UNAVAILABLE: io exception
2021-10-13 10:12:04,572 [a78bc827-a10e-4e71-88ed-094b4b7dc052@group-D48C150F8724-LeaderElection36] INFO  impl.LeaderElection (LogUtils.java:infoOrTrace(137)) -   Exception 1: java.util.concurrent.ExecutionException: org.apache.ratis.thirdparty.io.grpc.StatusRuntimeException: UNAVAILABLE: io exception
2021-10-13 10:12:04,573 [a78bc827-a10e-4e71-88ed-094b4b7dc052@group-D48C150F8724-LeaderElection36] INFO  impl.LeaderElection (LeaderElection.java:askForVotes(308)) - a78bc827-a10e-4e71-88ed-094b4b7dc052@group-D48C150F8724-LeaderElection36 ELECTION round 0: result REJECTED
2021-10-13 10:12:04,573 [a78bc827-a10e-4e71-88ed-094b4b7dc052@group-D48C150F8724-LeaderElection36] INFO  server.RaftServer$Division (RaftServerImpl.java:setRole(285)) - a78bc827-a10e-4e71-88ed-094b4b7dc052@group-D48C150F8724: changes role from CANDIDATE to FOLLOWER at term 5 for REJECTED
2021-10-13 10:12:04,573 [a78bc827-a10e-4e71-88ed-094b4b7dc052@group-D48C150F8724-LeaderElection36] INFO  impl.RoleInfo (RoleInfo.java:shutdownLeaderElection(121)) - a78bc827-a10e-4e71-88ed-094b4b7dc052: shutdown a78bc827-a10e-4e71-88ed-094b4b7dc052@group-D48C150F8724-LeaderElection36
2021-10-13 10:12:04,573 [a78bc827-a10e-4e71-88ed-094b4b7dc052@group-D48C150F8724-LeaderElection36] INFO  impl.RoleInfo (RoleInfo.java:updateAndGet(130)) - a78bc827-a10e-4e71-88ed-094b4b7dc052: start a78bc827-a10e-4e71-88ed-094b4b7dc052@group-D48C150F8724-FollowerState
2021-10-13 10:12:04,631 [ForkJoinPool.commonPool-worker-0] INFO  ozoneimpl.OzoneContainer (OzoneContainer.java:stop(325)) - Attempting to stop container services.
2021-10-13 10:12:04,631 [ForkJoinPool.commonPool-worker-0] INFO  server.RaftServer (RaftServerProxy.java:lambda$close$6(391)) - a78bc827-a10e-4e71-88ed-094b4b7dc052: close
2021-10-13 10:12:04,632 [ForkJoinPool.commonPool-worker-0] INFO  server.RaftServer$Division (RaftServerImpl.java:lambda$close$4(407)) - a78bc827-a10e-4e71-88ed-094b4b7dc052@group-4AE71BA842CA: shutdown
2021-10-13 10:12:04,632 [ForkJoinPool.commonPool-worker-0] INFO  util.JmxRegister (JmxRegister.java:unregister(73)) - Successfully un-registered JMX Bean with object name Ratis:service=RaftServer,group=group-4AE71BA842CA,id=a78bc827-a10e-4e71-88ed-094b4b7dc052
2021-10-13 10:12:04,632 [ForkJoinPool.commonPool-worker-0] INFO  impl.RoleInfo (RoleInfo.java:shutdownLeaderState(91)) - a78bc827-a10e-4e71-88ed-094b4b7dc052: shutdown a78bc827-a10e-4e71-88ed-094b4b7dc052@group-4AE71BA842CA-LeaderStateImpl
2021-10-13 10:12:04,632 [ForkJoinPool.commonPool-worker-0] INFO  impl.PendingRequests (PendingRequests.java:sendNotLeaderResponses(282)) - a78bc827-a10e-4e71-88ed-094b4b7dc052@group-4AE71BA842CA-PendingRequests: sendNotLeaderResponses
2021-10-13 10:12:04,632 [ForkJoinPool.commonPool-worker-0] INFO  impl.StateMachineUpdater (StateMachineUpdater.java:stopAndJoin(149)) - a78bc827-a10e-4e71-88ed-094b4b7dc052@group-4AE71BA842CA-StateMachineUpdater: set stopIndex = 0
2021-10-13 10:12:04,634 [a78bc827-a10e-4e71-88ed-094b4b7dc052@group-4AE71BA842CA-StateMachineUpdater] INFO  ratis.ContainerStateMachine (ContainerStateMachine.java:takeSnapshot(292)) - group-4AE71BA842CA: Taking a snapshot at:(t:1, i:0) file /home/runner/work/ozone/ozone/hadoop-ozone/integration-test/target/test-dir/MiniOzoneClusterImpl-7a3c196b-86f6-4848-923d-88c8cd7ca178/datanode-2/data/ratis/91f8651d-ea00-4308-9bb9-4ae71ba842ca/sm/snapshot.1_0
2021-10-13 10:12:04,635 [a78bc827-a10e-4e71-88ed-094b4b7dc052@group-4AE71BA842CA-StateMachineUpdater] INFO  ratis.ContainerStateMachine (ContainerStateMachine.java:takeSnapshot(303)) - group-4AE71BA842CA: Finished taking a snapshot at:(t:1, i:0) file:/home/runner/work/ozone/ozone/hadoop-ozone/integration-test/target/test-dir/MiniOzoneClusterImpl-7a3c196b-86f6-4848-923d-88c8cd7ca178/datanode-2/data/ratis/91f8651d-ea00-4308-9bb9-4ae71ba842ca/sm/snapshot.1_0 took: 1 ms
2021-10-13 10:12:04,635 [a78bc827-a10e-4e71-88ed-094b4b7dc052@group-4AE71BA842CA-StateMachineUpdater] INFO  impl.StateMachineUpdater (StateMachineUpdater.java:takeSnapshot(281)) - a78bc827-a10e-4e71-88ed-094b4b7dc052@group-4AE71BA842CA-StateMachineUpdater: Took a snapshot at index 0
2021-10-13 10:12:04,635 [a78bc827-a10e-4e71-88ed-094b4b7dc052@group-4AE71BA842CA-StateMachineUpdater] INFO  impl.StateMachineUpdater (StateMachineUpdater.java:lambda$new$0(89)) - a78bc827-a10e-4e71-88ed-094b4b7dc052@group-4AE71BA842CA-StateMachineUpdater: snapshotIndex: updateIncreasingly -1 -> 0
2021-10-13 10:12:04,636 [ForkJoinPool.commonPool-worker-0] INFO  server.RaftServer$Division (ServerState.java:close(419)) - a78bc827-a10e-4e71-88ed-094b4b7dc052@group-4AE71BA842CA: closes. applyIndex: 0
2021-10-13 10:12:04,636 [a78bc827-a10e-4e71-88ed-094b4b7dc052@group-4AE71BA842CA-SegmentedRaftLogWorker] INFO  segmented.SegmentedRaftLogWorker (SegmentedRaftLogWorker.java:run(327)) - a78bc827-a10e-4e71-88ed-094b4b7dc052@group-4AE71BA842CA-SegmentedRaftLogWorker was interrupted, exiting. There are 0 tasks remaining in the queue.
2021-10-13 10:12:04,636 [ForkJoinPool.commonPool-worker-0] INFO  segmented.SegmentedRaftLogWorker (SegmentedRaftLogWorker.java:close(237)) - a78bc827-a10e-4e71-88ed-094b4b7dc052@group-4AE71BA842CA-SegmentedRaftLogWorker close()
2021-10-13 10:12:04,636 [ForkJoinPool.commonPool-worker-0] INFO  server.RaftServer$Division (RaftServerImpl.java:lambda$close$4(407)) - a78bc827-a10e-4e71-88ed-094b4b7dc052@group-D48C150F8724: shutdown
2021-10-13 10:12:04,636 [ForkJoinPool.commonPool-worker-0] INFO  util.JmxRegister (JmxRegister.java:unregister(73)) - Successfully un-registered JMX Bean with object name Ratis:service=RaftServer,group=group-D48C150F8724,id=a78bc827-a10e-4e71-88ed-094b4b7dc052
2021-10-13 10:12:04,636 [ForkJoinPool.commonPool-worker-0] INFO  impl.RoleInfo (RoleInfo.java:shutdownFollowerState(108)) - a78bc827-a10e-4e71-88ed-094b4b7dc052: shutdown a78bc827-a10e-4e71-88ed-094b4b7dc052@group-D48C150F8724-FollowerState
2021-10-13 10:12:04,637 [a78bc827-a10e-4e71-88ed-094b4b7dc052@group-D48C150F8724-FollowerState] INFO  impl.FollowerState (FollowerState.java:run(143)) - a78bc827-a10e-4e71-88ed-094b4b7dc052@group-D48C150F8724-FollowerState was interrupted: {}
java.lang.InterruptedException: sleep interrupted
	at java.lang.Thread.sleep(Native Method)
	at java.lang.Thread.sleep(Thread.java:340)
	at java.util.concurrent.TimeUnit.sleep(TimeUnit.java:386)
	at org.apache.ratis.util.TimeDuration.sleep(TimeDuration.java:324)
	at org.apache.ratis.util.TimeDuration.sleep(TimeDuration.java:309)
	at org.apache.ratis.server.impl.FollowerState.run(FollowerState.java:118)
2021-10-13 10:12:04,648 [ForkJoinPool.commonPool-worker-0] INFO  impl.StateMachineUpdater (StateMachineUpdater.java:stopAndJoin(149)) - a78bc827-a10e-4e71-88ed-094b4b7dc052@group-D48C150F8724-StateMachineUpdater: set stopIndex = 0
2021-10-13 10:12:04,648 [a78bc827-a10e-4e71-88ed-094b4b7dc052@group-D48C150F8724-StateMachineUpdater] INFO  ratis.ContainerStateMachine (ContainerStateMachine.java:takeSnapshot(292)) - group-D48C150F8724: Taking a snapshot at:(t:3, i:0) file /home/runner/work/ozone/ozone/hadoop-ozone/integration-test/target/test-dir/MiniOzoneClusterImpl-7a3c196b-86f6-4848-923d-88c8cd7ca178/datanode-2/data/ratis/539132aa-6a2f-4aed-901d-d48c150f8724/sm/snapshot.3_0
2021-10-13 10:12:04,652 [a78bc827-a10e-4e71-88ed-094b4b7dc052@group-D48C150F8724-StateMachineUpdater] INFO  ratis.ContainerStateMachine (ContainerStateMachine.java:takeSnapshot(303)) - group-D48C150F8724: Finished taking a snapshot at:(t:3, i:0) file:/home/runner/work/ozone/ozone/hadoop-ozone/integration-test/target/test-dir/MiniOzoneClusterImpl-7a3c196b-86f6-4848-923d-88c8cd7ca178/datanode-2/data/ratis/539132aa-6a2f-4aed-901d-d48c150f8724/sm/snapshot.3_0 took: 4 ms
2021-10-13 10:12:04,652 [a78bc827-a10e-4e71-88ed-094b4b7dc052@group-D48C150F8724-StateMachineUpdater] INFO  impl.StateMachineUpdater (StateMachineUpdater.java:takeSnapshot(281)) - a78bc827-a10e-4e71-88ed-094b4b7dc052@group-D48C150F8724-StateMachineUpdater: Took a snapshot at index 0
2021-10-13 10:12:04,652 [a78bc827-a10e-4e71-88ed-094b4b7dc052@group-D48C150F8724-StateMachineUpdater] INFO  impl.StateMachineUpdater (StateMachineUpdater.java:lambda$new$0(89)) - a78bc827-a10e-4e71-88ed-094b4b7dc052@group-D48C150F8724-StateMachineUpdater: snapshotIndex: updateIncreasingly -1 -> 0
2021-10-13 10:12:04,652 [ForkJoinPool.commonPool-worker-0] INFO  server.RaftServer$Division (ServerState.java:close(419)) - a78bc827-a10e-4e71-88ed-094b4b7dc052@group-D48C150F8724: closes. applyIndex: 0
2021-10-13 10:12:04,653 [a78bc827-a10e-4e71-88ed-094b4b7dc052@group-D48C150F8724-SegmentedRaftLogWorker] INFO  segmented.SegmentedRaftLogWorker (SegmentedRaftLogWorker.java:run(327)) - a78bc827-a10e-4e71-88ed-094b4b7dc052@group-D48C150F8724-SegmentedRaftLogWorker was interrupted, exiting. There are 0 tasks remaining in the queue.
2021-10-13 10:12:04,653 [ForkJoinPool.commonPool-worker-0] INFO  segmented.SegmentedRaftLogWorker (SegmentedRaftLogWorker.java:close(237)) - a78bc827-a10e-4e71-88ed-094b4b7dc052@group-D48C150F8724-SegmentedRaftLogWorker close()
2021-10-13 10:12:04,653 [ForkJoinPool.commonPool-worker-0] INFO  server.RaftServer$Division (RaftServerImpl.java:lambda$close$4(407)) - a78bc827-a10e-4e71-88ed-094b4b7dc052@group-CFD79ED7D8C4: shutdown
2021-10-13 10:12:04,653 [ForkJoinPool.commonPool-worker-0] INFO  util.JmxRegister (JmxRegister.java:unregister(73)) - Successfully un-registered JMX Bean with object name Ratis:service=RaftServer,group=group-CFD79ED7D8C4,id=a78bc827-a10e-4e71-88ed-094b4b7dc052
2021-10-13 10:12:04,653 [ForkJoinPool.commonPool-worker-0] INFO  impl.RoleInfo (RoleInfo.java:shutdownFollowerState(108)) - a78bc827-a10e-4e71-88ed-094b4b7dc052: shutdown a78bc827-a10e-4e71-88ed-094b4b7dc052@group-CFD79ED7D8C4-FollowerState
2021-10-13 10:12:04,653 [ForkJoinPool.commonPool-worker-0] INFO  impl.StateMachineUpdater (StateMachineUpdater.java:stopAndJoin(149)) - a78bc827-a10e-4e71-88ed-094b4b7dc052@group-CFD79ED7D8C4-StateMachineUpdater: set stopIndex = 0
2021-10-13 10:12:04,653 [a78bc827-a10e-4e71-88ed-094b4b7dc052@group-CFD79ED7D8C4-StateMachineUpdater] INFO  ratis.ContainerStateMachine (ContainerStateMachine.java:takeSnapshot(292)) - group-CFD79ED7D8C4: Taking a snapshot at:(t:4, i:0) file /home/runner/work/ozone/ozone/hadoop-ozone/integration-test/target/test-dir/MiniOzoneClusterImpl-7a3c196b-86f6-4848-923d-88c8cd7ca178/datanode-2/data/ratis/87f87530-a371-4125-a80d-cfd79ed7d8c4/sm/snapshot.4_0
2021-10-13 10:12:04,656 [a78bc827-a10e-4e71-88ed-094b4b7dc052@group-CFD79ED7D8C4-FollowerState] INFO  impl.FollowerState (FollowerState.java:run(143)) - a78bc827-a10e-4e71-88ed-094b4b7dc052@group-CFD79ED7D8C4-FollowerState was interrupted: {}
java.lang.InterruptedException: sleep interrupted
	at java.lang.Thread.sleep(Native Method)
	at java.lang.Thread.sleep(Thread.java:340)
	at java.util.concurrent.TimeUnit.sleep(TimeUnit.java:386)
	at org.apache.ratis.util.TimeDuration.sleep(TimeDuration.java:324)
	at org.apache.ratis.util.TimeDuration.sleep(TimeDuration.java:309)
	at org.apache.ratis.server.impl.FollowerState.run(FollowerState.java:118)
2021-10-13 10:12:04,672 [a78bc827-a10e-4e71-88ed-094b4b7dc052@group-CFD79ED7D8C4-StateMachineUpdater] INFO  ratis.ContainerStateMachine (ContainerStateMachine.java:takeSnapshot(303)) - group-CFD79ED7D8C4: Finished taking a snapshot at:(t:4, i:0) file:/home/runner/work/ozone/ozone/hadoop-ozone/integration-test/target/test-dir/MiniOzoneClusterImpl-7a3c196b-86f6-4848-923d-88c8cd7ca178/datanode-2/data/ratis/87f87530-a371-4125-a80d-cfd79ed7d8c4/sm/snapshot.4_0 took: 19 ms
2021-10-13 10:12:04,672 [a78bc827-a10e-4e71-88ed-094b4b7dc052@group-CFD79ED7D8C4-StateMachineUpdater] INFO  impl.StateMachineUpdater (StateMachineUpdater.java:takeSnapshot(281)) - a78bc827-a10e-4e71-88ed-094b4b7dc052@group-CFD79ED7D8C4-StateMachineUpdater: Took a snapshot at index 0
2021-10-13 10:12:04,672 [a78bc827-a10e-4e71-88ed-094b4b7dc052@group-CFD79ED7D8C4-StateMachineUpdater] INFO  impl.StateMachineUpdater (StateMachineUpdater.java:lambda$new$0(89)) - a78bc827-a10e-4e71-88ed-094b4b7dc052@group-CFD79ED7D8C4-StateMachineUpdater: snapshotIndex: updateIncreasingly -1 -> 0
2021-10-13 10:12:04,673 [ForkJoinPool.commonPool-worker-0] INFO  server.RaftServer$Division (ServerState.java:close(419)) - a78bc827-a10e-4e71-88ed-094b4b7dc052@group-CFD79ED7D8C4: closes. applyIndex: 0
2021-10-13 10:12:04,673 [a78bc827-a10e-4e71-88ed-094b4b7dc052@group-CFD79ED7D8C4-SegmentedRaftLogWorker] INFO  segmented.SegmentedRaftLogWorker (SegmentedRaftLogWorker.java:run(327)) - a78bc827-a10e-4e71-88ed-094b4b7dc052@group-CFD79ED7D8C4-SegmentedRaftLogWorker was interrupted, exiting. There are 0 tasks remaining in the queue.
2021-10-13 10:12:04,673 [ForkJoinPool.commonPool-worker-0] INFO  segmented.SegmentedRaftLogWorker (SegmentedRaftLogWorker.java:close(237)) - a78bc827-a10e-4e71-88ed-094b4b7dc052@group-CFD79ED7D8C4-SegmentedRaftLogWorker close()
2021-10-13 10:12:04,673 [ForkJoinPool.commonPool-worker-0] INFO  server.GrpcService (GrpcService.java:closeImpl(262)) - a78bc827-a10e-4e71-88ed-094b4b7dc052: shutdown server with port 44771 now
2021-10-13 10:12:04,689 [ForkJoinPool.commonPool-worker-0] INFO  server.GrpcService (GrpcService.java:closeImpl(271)) - a78bc827-a10e-4e71-88ed-094b4b7dc052: shutdown server with port 44771 successfully
2021-10-13 10:12:04,689 [org.apache.ratis.util.JvmPauseMonitor$$Lambda$499/17331878@49dc8e05] INFO  util.JvmPauseMonitor (JvmPauseMonitor.java:run(109)) - JvmPauseMonitor-a78bc827-a10e-4e71-88ed-094b4b7dc052: Stopped
2021-10-13 10:12:04,690 [EndpointStateMachine task thread for /127.0.0.1:14257 - 0 ] INFO  ipc.Client (Client.java:handleConnectionFailure(977)) - Retrying connect to server: localhost/127.0.0.1:14257. Already tried 11 time(s); retry policy is RetryUpToMaximumCountWithFixedSleep(maxRetries=15, sleepTime=1000 MILLISECONDS)
2021-10-13 10:12:04,691 [ForkJoinPool.commonPool-worker-0] INFO  utils.BackgroundService (BackgroundService.java:shutdown(132)) - Shutting down service BlockDeletingService
2021-10-13 10:12:04,694 [EndpointStateMachine task thread for /127.0.0.1:14237 - 0 ] INFO  ipc.Client (Client.java:handleConnectionFailure(977)) - Retrying connect to server: localhost/127.0.0.1:14237. Already tried 13 time(s); retry policy is RetryUpToMaximumCountWithFixedSleep(maxRetries=15, sleepTime=1000 MILLISECONDS)
2021-10-13 10:12:04,694 [EndpointStateMachine task thread for /127.0.0.1:14247 - 0 ] INFO  ipc.Client (Client.java:handleConnectionFailure(977)) - Retrying connect to server: localhost/127.0.0.1:14247. Already tried 11 time(s); retry policy is RetryUpToMaximumCountWithFixedSleep(maxRetries=15, sleepTime=1000 MILLISECONDS)
2021-10-13 10:12:05,095 [EndpointStateMachine task thread for /127.0.0.1:13897 - 0 ] INFO  ipc.Client (Client.java:handleConnectionFailure(977)) - Retrying connect to server: localhost/127.0.0.1:13897. Already tried 1 time(s); retry policy is RetryUpToMaximumCountWithFixedSleep(maxRetries=15, sleepTime=1000 MILLISECONDS)
2021-10-13 10:12:05,409 [EndpointStateMachine task thread for /127.0.0.1:13877 - 0 ] INFO  ipc.Client (Client.java:handleConnectionFailure(977)) - Retrying connect to server: localhost/127.0.0.1:13877. Already tried 1 time(s); retry policy is RetryUpToMaximumCountWithFixedSleep(maxRetries=15, sleepTime=1000 MILLISECONDS)
2021-10-13 10:12:05,415 [EndpointStateMachine task thread for /127.0.0.1:13887 - 0 ] INFO  ipc.Client (Client.java:handleConnectionFailure(977)) - Retrying connect to server: localhost/127.0.0.1:13887. Already tried 13 time(s); retry policy is RetryUpToMaximumCountWithFixedSleep(maxRetries=15, sleepTime=1000 MILLISECONDS)
2021-10-13 10:12:05,692 [EndpointStateMachine task thread for /127.0.0.1:14257 - 0 ] INFO  ipc.Client (Client.java:handleConnectionFailure(977)) - Retrying connect to server: localhost/127.0.0.1:14257. Already tried 12 time(s); retry policy is RetryUpToMaximumCountWithFixedSleep(maxRetries=15, sleepTime=1000 MILLISECONDS)
2021-10-13 10:12:05,694 [EndpointStateMachine task thread for /127.0.0.1:14237 - 0 ] INFO  ipc.Client (Client.java:handleConnectionFailure(977)) - Retrying connect to server: localhost/127.0.0.1:14237. Already tried 14 time(s); retry policy is RetryUpToMaximumCountWithFixedSleep(maxRetries=15, sleepTime=1000 MILLISECONDS)
2021-10-13 10:12:05,695 [EndpointStateMachine task thread for /127.0.0.1:14237 - 0 ] WARN  statemachine.EndpointStateMachine (EndpointStateMachine.java:logIfNeeded(236)) - Unable to communicate to SCM server at localhost:14237 for past 0 seconds.
java.net.ConnectException: Call From fv-az395-254/10.1.0.44 to localhost:14237 failed on connection exception: java.net.ConnectException: Connection refused; For more details see:  http://wiki.apache.org/hadoop/ConnectionRefused
	at sun.reflect.GeneratedConstructorAccessor43.newInstance(Unknown Source)
	at sun.reflect.DelegatingConstructorAccessorImpl.newInstance(DelegatingConstructorAccessorImpl.java:45)
	at java.lang.reflect.Constructor.newInstance(Constructor.java:423)
	at org.apache.hadoop.net.NetUtils.wrapWithMessage(NetUtils.java:913)
	at org.apache.hadoop.net.NetUtils.wrapException(NetUtils.java:828)
	at org.apache.hadoop.ipc.Client.getRpcResponse(Client.java:1577)
	at org.apache.hadoop.ipc.Client.call(Client.java:1519)
	at org.apache.hadoop.ipc.Client.call(Client.java:1416)
	at org.apache.hadoop.ipc.ProtobufRpcEngine$Invoker.invoke(ProtobufRpcEngine.java:236)
	at org.apache.hadoop.ipc.ProtobufRpcEngine$Invoker.invoke(ProtobufRpcEngine.java:123)
	at com.sun.proxy.$Proxy48.submitRequest(Unknown Source)
	at org.apache.hadoop.ozone.protocolPB.StorageContainerDatanodeProtocolClientSideTranslatorPB.submitRequest(StorageContainerDatanodeProtocolClientSideTranslatorPB.java:117)
	at org.apache.hadoop.ozone.protocolPB.StorageContainerDatanodeProtocolClientSideTranslatorPB.sendHeartbeat(StorageContainerDatanodeProtocolClientSideTranslatorPB.java:149)
	at org.apache.hadoop.ozone.container.common.states.endpoint.HeartbeatEndpointTask.call(HeartbeatEndpointTask.java:179)
	at org.apache.hadoop.ozone.container.common.states.endpoint.HeartbeatEndpointTask.call(HeartbeatEndpointTask.java:82)
	at java.util.concurrent.FutureTask.run(FutureTask.java:266)
	at java.util.concurrent.ThreadPoolExecutor.runWorker(ThreadPoolExecutor.java:1149)
	at java.util.concurrent.ThreadPoolExecutor$Worker.run(ThreadPoolExecutor.java:624)
	at java.lang.Thread.run(Thread.java:748)
Caused by: java.net.ConnectException: Connection refused
	at sun.nio.ch.SocketChannelImpl.checkConnect(Native Method)
	at sun.nio.ch.SocketChannelImpl.finishConnect(SocketChannelImpl.java:716)
	at org.apache.hadoop.net.SocketIOWithTimeout.connect(SocketIOWithTimeout.java:206)
	at org.apache.hadoop.net.NetUtils.connect(NetUtils.java:586)
	at org.apache.hadoop.ipc.Client$Connection.setupConnection(Client.java:701)
	at org.apache.hadoop.ipc.Client$Connection.setupIOstreams(Client.java:822)
	at org.apache.hadoop.ipc.Client$Connection.access$3800(Client.java:414)
	at org.apache.hadoop.ipc.Client.getConnection(Client.java:1647)
	at org.apache.hadoop.ipc.Client.call(Client.java:1463)
	... 12 more
2021-10-13 10:12:05,695 [EndpointStateMachine task thread for /127.0.0.1:14247 - 0 ] INFO  ipc.Client (Client.java:handleConnectionFailure(977)) - Retrying connect to server: localhost/127.0.0.1:14247. Already tried 12 time(s); retry policy is RetryUpToMaximumCountWithFixedSleep(maxRetries=15, sleepTime=1000 MILLISECONDS)
2021-10-13 10:12:06,100 [EndpointStateMachine task thread for /127.0.0.1:13897 - 0 ] INFO  ipc.Client (Client.java:handleConnectionFailure(977)) - Retrying connect to server: localhost/127.0.0.1:13897. Already tried 2 time(s); retry policy is RetryUpToMaximumCountWithFixedSleep(maxRetries=15, sleepTime=1000 MILLISECONDS)
2021-10-13 10:12:06,410 [EndpointStateMachine task thread for /127.0.0.1:13877 - 0 ] INFO  ipc.Client (Client.java:handleConnectionFailure(977)) - Retrying connect to server: localhost/127.0.0.1:13877. Already tried 2 time(s); retry policy is RetryUpToMaximumCountWithFixedSleep(maxRetries=15, sleepTime=1000 MILLISECONDS)
2021-10-13 10:12:06,415 [EndpointStateMachine task thread for /127.0.0.1:13887 - 0 ] INFO  ipc.Client (Client.java:handleConnectionFailure(977)) - Retrying connect to server: localhost/127.0.0.1:13887. Already tried 14 time(s); retry policy is RetryUpToMaximumCountWithFixedSleep(maxRetries=15, sleepTime=1000 MILLISECONDS)
2021-10-13 10:12:06,693 [EndpointStateMachine task thread for /127.0.0.1:14257 - 0 ] INFO  ipc.Client (Client.java:handleConnectionFailure(977)) - Retrying connect to server: localhost/127.0.0.1:14257. Already tried 13 time(s); retry policy is RetryUpToMaximumCountWithFixedSleep(maxRetries=15, sleepTime=1000 MILLISECONDS)
2021-10-13 10:12:06,695 [EndpointStateMachine task thread for /127.0.0.1:14237 - 0 ] INFO  ipc.Client (Client.java:handleConnectionFailure(977)) - Retrying connect to server: localhost/127.0.0.1:14237. Already tried 0 time(s); retry policy is RetryUpToMaximumCountWithFixedSleep(maxRetries=15, sleepTime=1000 MILLISECONDS)
2021-10-13 10:12:06,696 [EndpointStateMachine task thread for /127.0.0.1:14247 - 0 ] INFO  ipc.Client (Client.java:handleConnectionFailure(977)) - Retrying connect to server: localhost/127.0.0.1:14247. Already tried 13 time(s); retry policy is RetryUpToMaximumCountWithFixedSleep(maxRetries=15, sleepTime=1000 MILLISECONDS)
2021-10-13 10:12:07,101 [EndpointStateMachine task thread for /127.0.0.1:13897 - 0 ] INFO  ipc.Client (Client.java:handleConnectionFailure(977)) - Retrying connect to server: localhost/127.0.0.1:13897. Already tried 3 time(s); retry policy is RetryUpToMaximumCountWithFixedSleep(maxRetries=15, sleepTime=1000 MILLISECONDS)
2021-10-13 10:12:07,410 [EndpointStateMachine task thread for /127.0.0.1:13877 - 0 ] INFO  ipc.Client (Client.java:handleConnectionFailure(977)) - Retrying connect to server: localhost/127.0.0.1:13877. Already tried 3 time(s); retry policy is RetryUpToMaximumCountWithFixedSleep(maxRetries=15, sleepTime=1000 MILLISECONDS)
2021-10-13 10:12:07,417 [EndpointStateMachine task thread for /127.0.0.1:13887 - 0 ] INFO  ipc.Client (Client.java:handleConnectionFailure(977)) - Retrying connect to server: localhost/127.0.0.1:13887. Already tried 0 time(s); retry policy is RetryUpToMaximumCountWithFixedSleep(maxRetries=15, sleepTime=1000 MILLISECONDS)
2021-10-13 10:12:07,692 [ForkJoinPool.commonPool-worker-0] INFO  statemachine.DatanodeStateMachine (DatanodeStateMachine.java:stopDaemon(522)) - Ozone container server stopped.
2021-10-13 10:12:07,694 [EndpointStateMachine task thread for /127.0.0.1:14257 - 0 ] INFO  ipc.Client (Client.java:handleConnectionFailure(977)) - Retrying connect to server: localhost/127.0.0.1:14257. Already tried 14 time(s); retry policy is RetryUpToMaximumCountWithFixedSleep(maxRetries=15, sleepTime=1000 MILLISECONDS)
2021-10-13 10:12:07,697 [EndpointStateMachine task thread for /127.0.0.1:14237 - 0 ] INFO  ipc.Client (Client.java:handleConnectionFailure(977)) - Retrying connect to server: localhost/127.0.0.1:14237. Already tried 1 time(s); retry policy is RetryUpToMaximumCountWithFixedSleep(maxRetries=15, sleepTime=1000 MILLISECONDS)
2021-10-13 10:12:07,697 [EndpointStateMachine task thread for /127.0.0.1:14247 - 0 ] INFO  ipc.Client (Client.java:handleConnectionFailure(977)) - Retrying connect to server: localhost/127.0.0.1:14247. Already tried 14 time(s); retry policy is RetryUpToMaximumCountWithFixedSleep(maxRetries=15, sleepTime=1000 MILLISECONDS)
2021-10-13 10:12:07,696 [ForkJoinPool.commonPool-worker-0] INFO  handler.ContextHandler (ContextHandler.java:doStop(1153)) - Stopped o.e.j.w.WebAppContext@cf92193{hddsDatanode,/,null,STOPPED}{jar:file:/home/runner/.m2/repository/org/apache/ozone/hdds-container-service/1.2.0-SNAPSHOT/hdds-container-service-1.2.0-SNAPSHOT.jar!/webapps/hddsDatanode}
2021-10-13 10:12:07,704 [ForkJoinPool.commonPool-worker-0] INFO  server.AbstractConnector (AbstractConnector.java:doStop(381)) - Stopped ServerConnector@1f3241b3{HTTP/1.1, (http/1.1)}{0.0.0.0:0}
2021-10-13 10:12:07,704 [ForkJoinPool.commonPool-worker-0] INFO  server.session (HouseKeeper.java:stopScavenging(149)) - node0 Stopped scavenging
2021-10-13 10:12:07,705 [ForkJoinPool.commonPool-worker-0] INFO  handler.ContextHandler (ContextHandler.java:doStop(1153)) - Stopped o.e.j.s.ServletContextHandler@29f28e5d{static,/static,jar:file:/home/runner/.m2/repository/org/apache/ozone/hdds-container-service/1.2.0-SNAPSHOT/hdds-container-service-1.2.0-SNAPSHOT.jar!/webapps/static,STOPPED}
2021-10-13 10:12:07,706 [ForkJoinPool.commonPool-worker-0] INFO  handler.ContextHandler (ContextHandler.java:doStop(1153)) - Stopped o.e.j.s.ServletContextHandler@27f0979{logs,/logs,file:///home/runner/work/ozone/ozone/hadoop-ozone/integration-test/target/log,STOPPED}
]]></system-out>
  </testcase>
  <testcase name="testInstallCorruptedCheckpointFailure" classname="org.apache.hadoop.ozone.scm.TestSCMInstallSnapshotWithHA" time="53.352"/>
</testsuite>