<?xml version="1.0" encoding="UTF-8"?>
<testsuite xmlns:xsi="http://www.w3.org/2001/XMLSchema-instance" xsi:noNamespaceSchemaLocation="https://maven.apache.org/surefire/maven-surefire-plugin/xsd/surefire-test-report.xsd" name="org.apache.hadoop.ozone.TestMiniOzoneCluster" time="140.469" tests="5" errors="1" skipped="0" failures="0">
  <properties>
    <property name="awt.toolkit" value="sun.awt.X11.XToolkit"/>
    <property name="file.encoding.pkg" value="sun.io"/>
    <property name="java.specification.version" value="1.8"/>
    <property name="sun.cpu.isalist" value=""/>
    <property name="sun.jnu.encoding" value="ANSI_X3.4-1968"/>
    <property name="java.class.path" value="/github/workspace/mnt/ozone/hadoop-ozone/integration-test/target/test-classes:/github/workspace/mnt/ozone/hadoop-ozone/integration-test/target/classes:/home/user/.m2/repository/org/apache/hadoop/hadoop-ozone-common/1.1.0-SNAPSHOT/hadoop-ozone-common-1.1.0-SNAPSHOT.jar:/home/user/.m2/repository/org/apache/commons/commons-compress/1.4.1/commons-compress-1.4.1.jar:/home/user/.m2/repository/org/tukaani/xz/1.0/xz-1.0.jar:/home/user/.m2/repository/org/apache/hadoop/hadoop-hdds-common/1.1.0-SNAPSHOT/hadoop-hdds-common-1.1.0-SNAPSHOT.jar:/home/user/.m2/repository/org/apache/hadoop/hadoop-hdds-client/1.1.0-SNAPSHOT/hadoop-hdds-client-1.1.0-SNAPSHOT.jar:/home/user/.m2/repository/org/apache/hadoop/hadoop-ozone-interface-client/1.1.0-SNAPSHOT/hadoop-ozone-interface-client-1.1.0-SNAPSHOT.jar:/home/user/.m2/repository/org/apache/hadoop/hadoop-hdds-test-utils/1.1.0-SNAPSHOT/hadoop-hdds-test-utils-1.1.0-SNAPSHOT.jar:/home/user/.m2/repository/com/google/guava/guava/28.2-jre/guava-28.2-jre.jar:/home/user/.m2/repository/com/google/guava/failureaccess/1.0.1/failureaccess-1.0.1.jar:/home/user/.m2/repository/com/google/guava/listenablefuture/9999.0-empty-to-avoid-conflict-with-guava/listenablefuture-9999.0-empty-to-avoid-conflict-with-guava.jar:/home/user/.m2/repository/com/google/code/findbugs/jsr305/3.0.0/jsr305-3.0.0.jar:/home/user/.m2/repository/org/checkerframework/checker-qual/2.10.0/checker-qual-2.10.0.jar:/home/user/.m2/repository/com/google/errorprone/error_prone_annotations/2.2.0/error_prone_annotations-2.2.0.jar:/home/user/.m2/repository/com/google/j2objc/j2objc-annotations/1.3/j2objc-annotations-1.3.jar:/home/user/.m2/repository/commons-io/commons-io/2.5/commons-io-2.5.jar:/home/user/.m2/repository/commons-logging/commons-logging/1.2/commons-logging-1.2.jar:/home/user/.m2/repository/log4j/log4j/1.2.17/log4j-1.2.17.jar:/home/user/.m2/repository/org/slf4j/slf4j-api/1.7.30/slf4j-api-1.7.30.jar:/home/user/.m2/repository/org/apache/hadoop/hadoop-hdds-server-scm/1.1.0-SNAPSHOT/hadoop-hdds-server-scm-1.1.0-SNAPSHOT.jar:/home/user/.m2/repository/org/apache/hadoop/hadoop-hdds-container-service/1.1.0-SNAPSHOT/hadoop-hdds-container-service-1.1.0-SNAPSHOT.jar:/home/user/.m2/repository/org/apache/hadoop/hadoop-hdds-hadoop-dependency-server/1.1.0-SNAPSHOT/hadoop-hdds-hadoop-dependency-server-1.1.0-SNAPSHOT.jar:/home/user/.m2/repository/org/apache/hadoop/hadoop-hdfs/3.2.2/hadoop-hdfs-3.2.2.jar:/home/user/.m2/repository/org/apache/hadoop/hadoop-hdds-server-framework/1.1.0-SNAPSHOT/hadoop-hdds-server-framework-1.1.0-SNAPSHOT.jar:/home/user/.m2/repository/org/apache/hadoop/hadoop-hdds-interface-server/1.1.0-SNAPSHOT/hadoop-hdds-interface-server-1.1.0-SNAPSHOT.jar:/home/user/.m2/repository/org/apache/hadoop/hadoop-hdds-interface-admin/1.1.0-SNAPSHOT/hadoop-hdds-interface-admin-1.1.0-SNAPSHOT.jar:/home/user/.m2/repository/org/eclipse/jetty/jetty-servlet/9.4.34.v20201102/jetty-servlet-9.4.34.v20201102.jar:/home/user/.m2/repository/org/eclipse/jetty/jetty-security/9.4.34.v20201102/jetty-security-9.4.34.v20201102.jar:/home/user/.m2/repository/org/rocksdb/rocksdbjni/6.8.1/rocksdbjni-6.8.1.jar:/home/user/.m2/repository/io/prometheus/simpleclient_dropwizard/0.7.0/simpleclient_dropwizard-0.7.0.jar:/home/user/.m2/repository/io/prometheus/simpleclient/0.7.0/simpleclient-0.7.0.jar:/home/user/.m2/repository/io/prometheus/simpleclient_common/0.7.0/simpleclient_common-0.7.0.jar:/home/user/.m2/repository/com/fasterxml/jackson/datatype/jackson-datatype-jsr310/2.10.3/jackson-datatype-jsr310-2.10.3.jar:/home/user/.m2/repository/io/dropwizard/metrics/metrics-core/3.2.4/metrics-core-3.2.4.jar:/home/user/.m2/repository/org/apache/hadoop/hadoop-hdfs-client/3.2.2/hadoop-hdfs-client-3.2.2.jar:/home/user/.m2/repository/org/bouncycastle/bcprov-jdk15on/1.67/bcprov-jdk15on-1.67.jar:/home/user/.m2/repository/org/apache/hadoop/hadoop-ozone-ozone-manager/1.1.0-SNAPSHOT/hadoop-ozone-ozone-manager-1.1.0-SNAPSHOT.jar:/home/user/.m2/repository/org/apache/hadoop/hadoop-hdds-interface-client/1.1.0-SNAPSHOT/hadoop-hdds-interface-client-1.1.0-SNAPSHOT.jar:/home/user/.m2/repository/org/apache/ratis/ratis-thirdparty-misc/0.6.0/ratis-thirdparty-misc-0.6.0.jar:/home/user/.m2/repository/org/apache/hadoop/hadoop-ozone-interface-storage/1.1.0-SNAPSHOT/hadoop-ozone-interface-storage-1.1.0-SNAPSHOT.jar:/home/user/.m2/repository/org/apache/hadoop/hadoop-minikdc/3.2.2/hadoop-minikdc-3.2.2.jar:/home/user/.m2/repository/org/apache/kerby/kerb-simplekdc/1.0.1/kerb-simplekdc-1.0.1.jar:/home/user/.m2/repository/org/apache/kerby/kerb-client/1.0.1/kerb-client-1.0.1.jar:/home/user/.m2/repository/org/apache/kerby/kerby-config/1.0.1/kerby-config-1.0.1.jar:/home/user/.m2/repository/org/apache/kerby/kerb-core/1.0.1/kerb-core-1.0.1.jar:/home/user/.m2/repository/org/apache/kerby/kerby-pkix/1.0.1/kerby-pkix-1.0.1.jar:/home/user/.m2/repository/org/apache/kerby/kerby-asn1/1.0.1/kerby-asn1-1.0.1.jar:/home/user/.m2/repository/org/apache/kerby/kerby-util/1.0.1/kerby-util-1.0.1.jar:/home/user/.m2/repository/org/apache/kerby/kerb-common/1.0.1/kerb-common-1.0.1.jar:/home/user/.m2/repository/org/apache/kerby/kerb-crypto/1.0.1/kerb-crypto-1.0.1.jar:/home/user/.m2/repository/org/apache/kerby/kerb-util/1.0.1/kerb-util-1.0.1.jar:/home/user/.m2/repository/org/apache/kerby/token-provider/1.0.1/token-provider-1.0.1.jar:/home/user/.m2/repository/org/apache/kerby/kerb-admin/1.0.1/kerb-admin-1.0.1.jar:/home/user/.m2/repository/org/apache/kerby/kerb-server/1.0.1/kerb-server-1.0.1.jar:/home/user/.m2/repository/org/apache/kerby/kerb-identity/1.0.1/kerb-identity-1.0.1.jar:/home/user/.m2/repository/org/apache/kerby/kerby-xdr/1.0.1/kerby-xdr-1.0.1.jar:/home/user/.m2/repository/org/slf4j/slf4j-log4j12/1.7.30/slf4j-log4j12-1.7.30.jar:/home/user/.m2/repository/org/apache/hadoop/hadoop-ozone-s3gateway/1.1.0-SNAPSHOT/hadoop-ozone-s3gateway-1.1.0-SNAPSHOT.jar:/home/user/.m2/repository/org/jboss/weld/servlet/weld-servlet/2.4.7.Final/weld-servlet-2.4.7.Final.jar:/home/user/.m2/repository/org/glassfish/jersey/containers/jersey-container-servlet-core/2.27/jersey-container-servlet-core-2.27.jar:/home/user/.m2/repository/org/glassfish/hk2/external/javax.inject/2.5.0-b42/javax.inject-2.5.0-b42.jar:/home/user/.m2/repository/org/glassfish/jersey/core/jersey-common/2.27/jersey-common-2.27.jar:/home/user/.m2/repository/org/glassfish/hk2/osgi-resource-locator/1.0.1/osgi-resource-locator-1.0.1.jar:/home/user/.m2/repository/javax/ws/rs/javax.ws.rs-api/2.1/javax.ws.rs-api-2.1.jar:/home/user/.m2/repository/org/glassfish/jersey/ext/cdi/jersey-cdi1x/2.27/jersey-cdi1x-2.27.jar:/home/user/.m2/repository/org/glassfish/jersey/inject/jersey-hk2/2.27/jersey-hk2-2.27.jar:/home/user/.m2/repository/org/glassfish/hk2/hk2-locator/2.5.0-b42/hk2-locator-2.5.0-b42.jar:/home/user/.m2/repository/org/javassist/javassist/3.22.0-CR2/javassist-3.22.0-CR2.jar:/home/user/.m2/repository/org/glassfish/hk2/hk2-api/2.5.0/hk2-api-2.5.0.jar:/home/user/.m2/repository/org/glassfish/hk2/external/jakarta.inject/2.5.0/jakarta.inject-2.5.0.jar:/home/user/.m2/repository/org/glassfish/hk2/hk2-utils/2.5.0/hk2-utils-2.5.0.jar:/home/user/.m2/repository/jakarta/annotation/jakarta.annotation-api/1.3.4/jakarta.annotation-api-1.3.4.jar:/home/user/.m2/repository/org/glassfish/hk2/external/aopalliance-repackaged/2.5.0/aopalliance-repackaged-2.5.0.jar:/home/user/.m2/repository/com/fasterxml/jackson/dataformat/jackson-dataformat-xml/2.10.3/jackson-dataformat-xml-2.10.3.jar:/home/user/.m2/repository/com/fasterxml/jackson/core/jackson-core/2.10.3/jackson-core-2.10.3.jar:/home/user/.m2/repository/com/fasterxml/jackson/module/jackson-module-jaxb-annotations/2.10.3/jackson-module-jaxb-annotations-2.10.3.jar:/home/user/.m2/repository/jakarta/xml/bind/jakarta.xml.bind-api/2.3.2/jakarta.xml.bind-api-2.3.2.jar:/home/user/.m2/repository/jakarta/activation/jakarta.activation-api/1.2.1/jakarta.activation-api-1.2.1.jar:/home/user/.m2/repository/org/codehaus/woodstox/stax2-api/3.1.4/stax2-api-3.1.4.jar:/home/user/.m2/repository/com/fasterxml/woodstox/woodstox-core/5.0.3/woodstox-core-5.0.3.jar:/home/user/.m2/repository/javax/enterprise/cdi-api/1.2/cdi-api-1.2.jar:/home/user/.m2/repository/javax/el/javax.el-api/3.0.0/javax.el-api-3.0.0.jar:/home/user/.m2/repository/javax/interceptor/javax.interceptor-api/1.2/javax.interceptor-api-1.2.jar:/home/user/.m2/repository/javax/inject/javax.inject/1/javax.inject-1.jar:/home/user/.m2/repository/com/sun/xml/bind/jaxb-impl/2.3.0.1/jaxb-impl-2.3.0.1.jar:/home/user/.m2/repository/com/sun/xml/bind/jaxb-core/2.3.0.1/jaxb-core-2.3.0.1.jar:/home/user/.m2/repository/javax/xml/bind/jaxb-api/2.3.0/jaxb-api-2.3.0.jar:/home/user/.m2/repository/javax/activation/activation/1.1.1/activation-1.1.1.jar:/home/user/.m2/repository/org/apache/hadoop/hadoop-ozone-csi/1.1.0-SNAPSHOT/hadoop-ozone-csi-1.1.0-SNAPSHOT.jar:/home/user/.m2/repository/com/google/protobuf/protobuf-java-util/3.12.0/protobuf-java-util-3.12.0.jar:/home/user/.m2/repository/com/google/code/gson/gson/2.2.4/gson-2.2.4.jar:/home/user/.m2/repository/org/apache/hadoop/hadoop-hdds-config/1.1.0-SNAPSHOT/hadoop-hdds-config-1.1.0-SNAPSHOT.jar:/home/user/.m2/repository/com/google/protobuf/protobuf-java/2.5.0/protobuf-java-2.5.0.jar:/home/user/.m2/repository/io/grpc/grpc-netty/1.33.0/grpc-netty-1.33.0.jar:/home/user/.m2/repository/io/grpc/grpc-core/1.33.0/grpc-core-1.33.0.jar:/home/user/.m2/repository/com/google/android/annotations/4.1.1.4/annotations-4.1.1.4.jar:/home/user/.m2/repository/io/netty/netty-codec-http2/4.1.51.Final/netty-codec-http2-4.1.51.Final.jar:/home/user/.m2/repository/io/netty/netty-codec/4.1.51.Final/netty-codec-4.1.51.Final.jar:/home/user/.m2/repository/io/netty/netty-handler/4.1.51.Final/netty-handler-4.1.51.Final.jar:/home/user/.m2/repository/io/netty/netty-codec-http/4.1.51.Final/netty-codec-http-4.1.51.Final.jar:/home/user/.m2/repository/io/netty/netty-handler-proxy/4.1.51.Final/netty-handler-proxy-4.1.51.Final.jar:/home/user/.m2/repository/io/netty/netty-codec-socks/4.1.51.Final/netty-codec-socks-4.1.51.Final.jar:/home/user/.m2/repository/io/perfmark/perfmark-api/0.19.0/perfmark-api-0.19.0.jar:/home/user/.m2/repository/org/codehaus/mojo/animal-sniffer-annotations/1.18/animal-sniffer-annotations-1.18.jar:/home/user/.m2/repository/io/netty/netty-transport-native-epoll/4.1.51.Final/netty-transport-native-epoll-4.1.51.Final.jar:/home/user/.m2/repository/io/netty/netty-common/4.1.51.Final/netty-common-4.1.51.Final.jar:/home/user/.m2/repository/io/netty/netty-buffer/4.1.51.Final/netty-buffer-4.1.51.Final.jar:/home/user/.m2/repository/io/netty/netty-transport/4.1.51.Final/netty-transport-4.1.51.Final.jar:/home/user/.m2/repository/io/netty/netty-resolver/4.1.51.Final/netty-resolver-4.1.51.Final.jar:/home/user/.m2/repository/io/netty/netty-transport-native-unix-common/4.1.51.Final/netty-transport-native-unix-common-4.1.51.Final.jar:/home/user/.m2/repository/io/grpc/grpc-protobuf/1.33.0/grpc-protobuf-1.33.0.jar:/home/user/.m2/repository/io/grpc/grpc-api/1.33.0/grpc-api-1.33.0.jar:/home/user/.m2/repository/io/grpc/grpc-context/1.33.0/grpc-context-1.33.0.jar:/home/user/.m2/repository/com/google/api/grpc/proto-google-common-protos/1.17.0/proto-google-common-protos-1.17.0.jar:/home/user/.m2/repository/io/grpc/grpc-protobuf-lite/1.33.0/grpc-protobuf-lite-1.33.0.jar:/home/user/.m2/repository/io/grpc/grpc-stub/1.33.0/grpc-stub-1.33.0.jar:/home/user/.m2/repository/org/apache/hadoop/hadoop-ozone-recon/1.1.0-SNAPSHOT/hadoop-ozone-recon-1.1.0-SNAPSHOT.jar:/home/user/.m2/repository/org/apache/hadoop/hadoop-ozone-reconcodegen/1.1.0-SNAPSHOT/hadoop-ozone-reconcodegen-1.1.0-SNAPSHOT.jar:/home/user/.m2/repository/com/google/inject/extensions/guice-multibindings/4.0/guice-multibindings-4.0.jar:/home/user/.m2/repository/com/google/inject/guice/4.0/guice-4.0.jar:/home/user/.m2/repository/aopalliance/aopalliance/1.0/aopalliance-1.0.jar:/home/user/.m2/repository/com/google/inject/extensions/guice-assistedinject/4.0/guice-assistedinject-4.0.jar:/home/user/.m2/repository/com/google/inject/extensions/guice-servlet/4.0/guice-servlet-4.0.jar:/home/user/.m2/repository/org/glassfish/jersey/containers/jersey-container-servlet/2.27/jersey-container-servlet-2.27.jar:/home/user/.m2/repository/org/glassfish/hk2/guice-bridge/2.5.0/guice-bridge-2.5.0.jar:/home/user/.m2/repository/org/glassfish/jersey/core/jersey-server/2.27/jersey-server-2.27.jar:/home/user/.m2/repository/org/glassfish/jersey/core/jersey-client/2.27/jersey-client-2.27.jar:/home/user/.m2/repository/org/glassfish/jersey/media/jersey-media-jaxb/2.27/jersey-media-jaxb-2.27.jar:/home/user/.m2/repository/javax/validation/validation-api/1.1.0.Final/validation-api-1.1.0.Final.jar:/home/user/.m2/repository/org/glassfish/jersey/media/jersey-media-json-jackson/2.27/jersey-media-json-jackson-2.27.jar:/home/user/.m2/repository/org/glassfish/jersey/ext/jersey-entity-filtering/2.27/jersey-entity-filtering-2.27.jar:/home/user/.m2/repository/org/jooq/jooq/3.11.10/jooq-3.11.10.jar:/home/user/.m2/repository/org/jooq/jooq-meta/3.11.10/jooq-meta-3.11.10.jar:/home/user/.m2/repository/org/jooq/jooq-codegen/3.11.10/jooq-codegen-3.11.10.jar:/home/user/.m2/repository/com/jolbox/bonecp/0.8.0.RELEASE/bonecp-0.8.0.RELEASE.jar:/home/user/.m2/repository/org/apache/derby/derby/10.14.2.0/derby-10.14.2.0.jar:/home/user/.m2/repository/org/xerial/sqlite-jdbc/3.25.2/sqlite-jdbc-3.25.2.jar:/home/user/.m2/repository/org/springframework/spring-jdbc/5.2.11.RELEASE/spring-jdbc-5.2.11.RELEASE.jar:/home/user/.m2/repository/org/springframework/spring-beans/5.2.11.RELEASE/spring-beans-5.2.11.RELEASE.jar:/home/user/.m2/repository/org/springframework/spring-core/5.2.11.RELEASE/spring-core-5.2.11.RELEASE.jar:/home/user/.m2/repository/org/springframework/spring-jcl/5.2.11.RELEASE/spring-jcl-5.2.11.RELEASE.jar:/home/user/.m2/repository/org/springframework/spring-tx/5.2.11.RELEASE/spring-tx-5.2.11.RELEASE.jar:/home/user/.m2/repository/org/apache/hadoop/hadoop-ozone-client/1.1.0-SNAPSHOT/hadoop-ozone-client-1.1.0-SNAPSHOT.jar:/home/user/.m2/repository/org/apache/hadoop/hadoop-ozone-filesystem/1.1.0-SNAPSHOT/hadoop-ozone-filesystem-1.1.0-SNAPSHOT.jar:/home/user/.m2/repository/org/apache/hadoop/hadoop-ozone-filesystem-common/1.1.0-SNAPSHOT/hadoop-ozone-filesystem-common-1.1.0-SNAPSHOT.jar:/home/user/.m2/repository/org/apache/hadoop/hadoop-ozone-tools/1.1.0-SNAPSHOT/hadoop-ozone-tools-1.1.0-SNAPSHOT.jar:/home/user/.m2/repository/org/apache/ratis/ratis-tools/1.1.0-0bdf24f-SNAPSHOT/ratis-tools-1.1.0-0bdf24f-SNAPSHOT.jar:/home/user/.m2/repository/org/apache/ratis/ratis-proto/1.1.0-0bdf24f-SNAPSHOT/ratis-proto-1.1.0-0bdf24f-SNAPSHOT.jar:/home/user/.m2/repository/org/apache/ratis/ratis-common/1.1.0-0bdf24f-SNAPSHOT/ratis-common-1.1.0-0bdf24f-SNAPSHOT.jar:/home/user/.m2/repository/com/amazonaws/aws-java-sdk-core/1.11.901/aws-java-sdk-core-1.11.901.jar:/home/user/.m2/repository/org/apache/httpcomponents/httpclient/4.5.13/httpclient-4.5.13.jar:/home/user/.m2/repository/org/apache/httpcomponents/httpcore/4.4.13/httpcore-4.4.13.jar:/home/user/.m2/repository/software/amazon/ion/ion-java/1.0.2/ion-java-1.0.2.jar:/home/user/.m2/repository/com/fasterxml/jackson/dataformat/jackson-dataformat-cbor/2.10.3/jackson-dataformat-cbor-2.10.3.jar:/home/user/.m2/repository/joda-time/joda-time/2.8.1/joda-time-2.8.1.jar:/home/user/.m2/repository/com/amazonaws/aws-java-sdk-s3/1.11.901/aws-java-sdk-s3-1.11.901.jar:/home/user/.m2/repository/com/amazonaws/aws-java-sdk-kms/1.11.901/aws-java-sdk-kms-1.11.901.jar:/home/user/.m2/repository/com/amazonaws/jmespath-java/1.11.901/jmespath-java-1.11.901.jar:/home/user/.m2/repository/org/kohsuke/metainf-services/metainf-services/1.8/metainf-services-1.8.jar:/home/user/.m2/repository/org/apache/hadoop/hadoop-hdds-tools/1.1.0-SNAPSHOT/hadoop-hdds-tools-1.1.0-SNAPSHOT.jar:/home/user/.m2/repository/commons-cli/commons-cli/1.2/commons-cli-1.2.jar:/home/user/.m2/repository/org/apache/commons/commons-lang3/3.7/commons-lang3-3.7.jar:/home/user/.m2/repository/org/apache/hadoop/hadoop-ozone-ozone-manager/1.1.0-SNAPSHOT/hadoop-ozone-ozone-manager-1.1.0-SNAPSHOT-tests.jar:/home/user/.m2/repository/org/apache/hadoop/hadoop-hdds-common/1.1.0-SNAPSHOT/hadoop-hdds-common-1.1.0-SNAPSHOT-tests.jar:/home/user/.m2/repository/org/apache/hadoop/hadoop-hdds-hadoop-dependency-client/1.1.0-SNAPSHOT/hadoop-hdds-hadoop-dependency-client-1.1.0-SNAPSHOT.jar:/home/user/.m2/repository/info/picocli/picocli/4.4.0/picocli-4.4.0.jar:/home/user/.m2/repository/com/fasterxml/jackson/core/jackson-annotations/2.10.3/jackson-annotations-2.10.3.jar:/home/user/.m2/repository/javax/annotation/javax.annotation-api/1.2/javax.annotation-api-1.2.jar:/home/user/.m2/repository/org/fusesource/leveldbjni/leveldbjni-all/1.8/leveldbjni-all-1.8.jar:/home/user/.m2/repository/org/apache/ratis/ratis-server/1.1.0-0bdf24f-SNAPSHOT/ratis-server-1.1.0-0bdf24f-SNAPSHOT.jar:/home/user/.m2/repository/org/apache/ratis/ratis-client/1.1.0-0bdf24f-SNAPSHOT/ratis-client-1.1.0-0bdf24f-SNAPSHOT.jar:/home/user/.m2/repository/org/apache/ratis/ratis-server-api/1.1.0-0bdf24f-SNAPSHOT/ratis-server-api-1.1.0-0bdf24f-SNAPSHOT.jar:/home/user/.m2/repository/org/apache/ratis/ratis-metrics/1.1.0-0bdf24f-SNAPSHOT/ratis-metrics-1.1.0-0bdf24f-SNAPSHOT.jar:/home/user/.m2/repository/org/apache/ratis/ratis-netty/1.1.0-0bdf24f-SNAPSHOT/ratis-netty-1.1.0-0bdf24f-SNAPSHOT.jar:/home/user/.m2/repository/org/apache/ratis/ratis-grpc/1.1.0-0bdf24f-SNAPSHOT/ratis-grpc-1.1.0-0bdf24f-SNAPSHOT.jar:/home/user/.m2/repository/org/apache/logging/log4j/log4j-api/2.13.3/log4j-api-2.13.3.jar:/home/user/.m2/repository/org/apache/logging/log4j/log4j-core/2.13.3/log4j-core-2.13.3.jar:/home/user/.m2/repository/com/lmax/disruptor/3.4.2/disruptor-3.4.2.jar:/home/user/.m2/repository/org/apache/commons/commons-pool2/2.6.0/commons-pool2-2.6.0.jar:/home/user/.m2/repository/org/bouncycastle/bcpkix-jdk15on/1.67/bcpkix-jdk15on-1.67.jar:/home/user/.m2/repository/commons-validator/commons-validator/1.6/commons-validator-1.6.jar:/home/user/.m2/repository/commons-beanutils/commons-beanutils/1.9.4/commons-beanutils-1.9.4.jar:/home/user/.m2/repository/commons-digester/commons-digester/1.8.1/commons-digester-1.8.1.jar:/home/user/.m2/repository/commons-collections/commons-collections/3.2.2/commons-collections-3.2.2.jar:/home/user/.m2/repository/io/jaegertracing/jaeger-client/1.2.0/jaeger-client-1.2.0.jar:/home/user/.m2/repository/io/jaegertracing/jaeger-thrift/1.2.0/jaeger-thrift-1.2.0.jar:/home/user/.m2/repository/org/apache/thrift/libthrift/0.13.0/libthrift-0.13.0.jar:/home/user/.m2/repository/com/squareup/okhttp3/okhttp/4.2.2/okhttp-4.2.2.jar:/home/user/.m2/repository/com/squareup/okio/okio/2.2.2/okio-2.2.2.jar:/home/user/.m2/repository/org/jetbrains/kotlin/kotlin-stdlib/1.3.50/kotlin-stdlib-1.3.50.jar:/home/user/.m2/repository/org/jetbrains/kotlin/kotlin-stdlib-common/1.3.50/kotlin-stdlib-common-1.3.50.jar:/home/user/.m2/repository/org/jetbrains/annotations/13.0/annotations-13.0.jar:/home/user/.m2/repository/io/jaegertracing/jaeger-core/1.2.0/jaeger-core-1.2.0.jar:/home/user/.m2/repository/io/jaegertracing/jaeger-tracerresolver/1.2.0/jaeger-tracerresolver-1.2.0.jar:/home/user/.m2/repository/io/opentracing/contrib/opentracing-tracerresolver/0.1.8/opentracing-tracerresolver-0.1.8.jar:/home/user/.m2/repository/io/opentracing/opentracing-util/0.33.0/opentracing-util-0.33.0.jar:/home/user/.m2/repository/io/opentracing/opentracing-api/0.33.0/opentracing-api-0.33.0.jar:/home/user/.m2/repository/io/opentracing/opentracing-noop/0.33.0/opentracing-noop-0.33.0.jar:/home/user/.m2/repository/org/yaml/snakeyaml/1.26/snakeyaml-1.26.jar:/home/user/.m2/repository/junit/junit/4.13.1/junit-4.13.1.jar:/home/user/.m2/repository/org/hamcrest/hamcrest-core/1.3/hamcrest-core-1.3.jar:/home/user/.m2/repository/org/junit/jupiter/junit-jupiter-api/5.7.0/junit-jupiter-api-5.7.0.jar:/home/user/.m2/repository/org/apiguardian/apiguardian-api/1.1.0/apiguardian-api-1.1.0.jar:/home/user/.m2/repository/org/opentest4j/opentest4j/1.2.0/opentest4j-1.2.0.jar:/home/user/.m2/repository/org/junit/platform/junit-platform-commons/1.7.0/junit-platform-commons-1.7.0.jar:/home/user/.m2/repository/org/junit/jupiter/junit-jupiter-engine/5.7.0/junit-jupiter-engine-5.7.0.jar:/home/user/.m2/repository/org/junit/platform/junit-platform-engine/1.7.0/junit-platform-engine-1.7.0.jar:/home/user/.m2/repository/org/junit/vintage/junit-vintage-engine/5.7.0/junit-vintage-engine-5.7.0.jar:/home/user/.m2/repository/org/junit/platform/junit-platform-launcher/1.7.0/junit-platform-launcher-1.7.0.jar:/home/user/.m2/repository/org/openjdk/jmh/jmh-core/1.19/jmh-core-1.19.jar:/home/user/.m2/repository/net/sf/jopt-simple/jopt-simple/4.6/jopt-simple-4.6.jar:/home/user/.m2/repository/org/apache/commons/commons-math3/3.1.1/commons-math3-3.1.1.jar:/home/user/.m2/repository/org/openjdk/jmh/jmh-generator-annprocess/1.19/jmh-generator-annprocess-1.19.jar:/home/user/.m2/repository/org/mockito/mockito-all/1.8.5/mockito-all-1.8.5.jar:/home/user/.m2/repository/org/apache/hadoop/hadoop-kms/3.2.2/hadoop-kms-3.2.2.jar:/home/user/.m2/repository/org/apache/hadoop/hadoop-auth/3.2.2/hadoop-auth-3.2.2.jar:/home/user/.m2/repository/com/nimbusds/nimbus-jose-jwt/7.9/nimbus-jose-jwt-7.9.jar:/home/user/.m2/repository/com/github/stephenc/jcip/jcip-annotations/1.0-1/jcip-annotations-1.0-1.jar:/home/user/.m2/repository/net/minidev/json-smart/2.3/json-smart-2.3.jar:/home/user/.m2/repository/net/minidev/accessors-smart/1.2/accessors-smart-1.2.jar:/home/user/.m2/repository/org/ow2/asm/asm/5.0.4/asm-5.0.4.jar:/home/user/.m2/repository/org/apache/zookeeper/zookeeper/3.4.13/zookeeper-3.4.13.jar:/home/user/.m2/repository/org/apache/yetus/audience-annotations/0.5.0/audience-annotations-0.5.0.jar:/home/user/.m2/repository/org/apache/curator/curator-framework/2.13.0/curator-framework-2.13.0.jar:/home/user/.m2/repository/com/sun/jersey/jersey-core/1.19/jersey-core-1.19.jar:/home/user/.m2/repository/javax/ws/rs/jsr311-api/1.1.1/jsr311-api-1.1.1.jar:/home/user/.m2/repository/com/sun/jersey/jersey-server/1.19/jersey-server-1.19.jar:/home/user/.m2/repository/javax/servlet/javax.servlet-api/3.1.0/javax.servlet-api-3.1.0.jar:/home/user/.m2/repository/org/eclipse/jetty/jetty-server/9.4.34.v20201102/jetty-server-9.4.34.v20201102.jar:/home/user/.m2/repository/org/eclipse/jetty/jetty-http/9.4.34.v20201102/jetty-http-9.4.34.v20201102.jar:/home/user/.m2/repository/org/eclipse/jetty/jetty-io/9.4.34.v20201102/jetty-io-9.4.34.v20201102.jar:/home/user/.m2/repository/org/eclipse/jetty/jetty-webapp/9.4.34.v20201102/jetty-webapp-9.4.34.v20201102.jar:/home/user/.m2/repository/org/eclipse/jetty/jetty-xml/9.4.34.v20201102/jetty-xml-9.4.34.v20201102.jar:/home/user/.m2/repository/org/apache/hadoop/hadoop-common/3.2.2/hadoop-common-3.2.2.jar:/home/user/.m2/repository/commons-net/commons-net/3.6/commons-net-3.6.jar:/home/user/.m2/repository/javax/activation/javax.activation-api/1.2.0/javax.activation-api-1.2.0.jar:/home/user/.m2/repository/com/sun/jersey/jersey-servlet/1.19/jersey-servlet-1.19.jar:/home/user/.m2/repository/com/sun/jersey/jersey-json/1.19/jersey-json-1.19.jar:/home/user/.m2/repository/org/codehaus/jettison/jettison/1.1/jettison-1.1.jar:/home/user/.m2/repository/org/codehaus/jackson/jackson-jaxrs/1.9.2/jackson-jaxrs-1.9.2.jar:/home/user/.m2/repository/org/codehaus/jackson/jackson-xc/1.9.2/jackson-xc-1.9.2.jar:/home/user/.m2/repository/org/apache/commons/commons-configuration2/2.1.1/commons-configuration2-2.1.1.jar:/home/user/.m2/repository/org/apache/commons/commons-text/1.4/commons-text-1.4.jar:/home/user/.m2/repository/com/google/re2j/re2j/1.1/re2j-1.1.jar:/home/user/.m2/repository/com/jcraft/jsch/0.1.54/jsch-0.1.54.jar:/home/user/.m2/repository/org/apache/curator/curator-client/2.13.0/curator-client-2.13.0.jar:/home/user/.m2/repository/org/apache/curator/curator-recipes/2.13.0/curator-recipes-2.13.0.jar:/home/user/.m2/repository/dnsjava/dnsjava/2.1.7/dnsjava-2.1.7.jar:/home/user/.m2/repository/org/slf4j/jul-to-slf4j/1.7.30/jul-to-slf4j-1.7.30.jar:/home/user/.m2/repository/org/eclipse/jetty/jetty-util/9.4.34.v20201102/jetty-util-9.4.34.v20201102.jar:/home/user/.m2/repository/com/fasterxml/jackson/core/jackson-databind/2.10.3/jackson-databind-2.10.3.jar:/home/user/.m2/repository/org/apache/hadoop/hadoop-kms/3.2.2/hadoop-kms-3.2.2-tests.jar:/home/user/.m2/repository/org/apache/hadoop/hadoop-hdds-server-scm/1.1.0-SNAPSHOT/hadoop-hdds-server-scm-1.1.0-SNAPSHOT-tests.jar:/home/user/.m2/repository/org/apache/hadoop/hadoop-hdds-container-service/1.1.0-SNAPSHOT/hadoop-hdds-container-service-1.1.0-SNAPSHOT-tests.jar:/home/user/.m2/repository/commons-codec/commons-codec/1.11/commons-codec-1.11.jar:/home/user/.m2/repository/org/apache/hadoop/hadoop-hdds-hadoop-dependency-test/1.1.0-SNAPSHOT/hadoop-hdds-hadoop-dependency-test-1.1.0-SNAPSHOT.jar:/home/user/.m2/repository/org/apache/hadoop/hadoop-common/3.2.2/hadoop-common-3.2.2-tests.jar:/home/user/.m2/repository/org/apache/hadoop/hadoop-hdfs/3.2.2/hadoop-hdfs-3.2.2-tests.jar:/home/user/.m2/repository/org/eclipse/jetty/jetty-util-ajax/9.4.34.v20201102/jetty-util-ajax-9.4.34.v20201102.jar:/home/user/.m2/repository/commons-daemon/commons-daemon/1.0.13/commons-daemon-1.0.13.jar:/home/user/.m2/repository/io/netty/netty/3.10.6.Final/netty-3.10.6.Final.jar:/home/user/.m2/repository/io/netty/netty-all/4.1.51.Final/netty-all-4.1.51.Final.jar:/home/user/.m2/repository/org/apache/htrace/htrace-core4/4.1.0-incubating/htrace-core4-4.1.0-incubating.jar:/home/user/.m2/repository/org/apache/hadoop/hadoop-distcp/3.2.2/hadoop-distcp-3.2.2.jar:/home/user/.m2/repository/org/apache/hadoop/hadoop-mapreduce-client-jobclient/3.2.2/hadoop-mapreduce-client-jobclient-3.2.2.jar:/home/user/.m2/repository/org/apache/hadoop/hadoop-mapreduce-client-common/3.2.2/hadoop-mapreduce-client-common-3.2.2.jar:/home/user/.m2/repository/org/apache/hadoop/hadoop-yarn-common/3.2.2/hadoop-yarn-common-3.2.2.jar:/home/user/.m2/repository/org/apache/hadoop/hadoop-yarn-api/3.2.2/hadoop-yarn-api-3.2.2.jar:/home/user/.m2/repository/com/sun/jersey/jersey-client/1.19/jersey-client-1.19.jar:/home/user/.m2/repository/com/sun/jersey/contribs/jersey-guice/1.19/jersey-guice-1.19.jar:/home/user/.m2/repository/com/fasterxml/jackson/jaxrs/jackson-jaxrs-json-provider/2.10.3/jackson-jaxrs-json-provider-2.10.3.jar:/home/user/.m2/repository/com/fasterxml/jackson/jaxrs/jackson-jaxrs-base/2.10.3/jackson-jaxrs-base-2.10.3.jar:/home/user/.m2/repository/org/apache/hadoop/hadoop-yarn-client/3.2.2/hadoop-yarn-client-3.2.2.jar:/home/user/.m2/repository/org/apache/hadoop/hadoop-mapreduce-client-core/3.2.2/hadoop-mapreduce-client-core-3.2.2.jar:/home/user/.m2/repository/org/apache/avro/avro/1.7.7/avro-1.7.7.jar:/home/user/.m2/repository/org/codehaus/jackson/jackson-core-asl/1.9.13/jackson-core-asl-1.9.13.jar:/home/user/.m2/repository/org/codehaus/jackson/jackson-mapper-asl/1.9.13/jackson-mapper-asl-1.9.13.jar:/home/user/.m2/repository/com/thoughtworks/paranamer/paranamer/2.3/paranamer-2.3.jar:/home/user/.m2/repository/org/xerial/snappy/snappy-java/1.0.5/snappy-java-1.0.5.jar:/home/user/.m2/repository/org/apache/hadoop/hadoop-annotations/3.2.2/hadoop-annotations-3.2.2.jar:/usr/lib/jvm/java-1.8.0-openjdk-1.8.0.232.b09-0.el7_7.x86_64/jre/../lib/tools.jar:/home/user/.m2/repository/org/apache/hadoop/hadoop-distcp/3.2.2/hadoop-distcp-3.2.2-tests.jar:"/>
    <property name="java.vm.vendor" value="Oracle Corporation"/>
    <property name="sun.arch.data.model" value="64"/>
    <property name="test.build.dir" value="/github/workspace/mnt/ozone/hadoop-ozone/integration-test/target/test-dir"/>
    <property name="test.cache.data" value=""/>
    <property name="java.vendor.url" value="http://java.oracle.com/"/>
    <property name="user.timezone" value=""/>
    <property name="java.vm.specification.version" value="1.8"/>
    <property name="os.name" value="Linux"/>
    <property name="test.build.data" value="/github/workspace/mnt/ozone/hadoop-ozone/integration-test/target/test-dir"/>
    <property name="user.country" value="US"/>
    <property name="sun.java.launcher" value="SUN_STANDARD"/>
    <property name="sun.boot.library.path" value="/usr/lib/jvm/java-1.8.0-openjdk-1.8.0.232.b09-0.el7_7.x86_64/jre/lib/amd64"/>
    <property name="sun.java.command" value="/github/workspace/mnt/ozone/hadoop-ozone/integration-test/target/surefire/surefirebooter2977076573288823257.jar /github/workspace/mnt/ozone/hadoop-ozone/integration-test/target/surefire 2021-02-20T01-28-12_804-jvmRun1 surefire2073536752394912020tmp surefire_0243690584534826629tmp"/>
    <property name="surefire.test.class.path" value="/github/workspace/mnt/ozone/hadoop-ozone/integration-test/target/test-classes:/github/workspace/mnt/ozone/hadoop-ozone/integration-test/target/classes:/home/user/.m2/repository/org/apache/hadoop/hadoop-ozone-common/1.1.0-SNAPSHOT/hadoop-ozone-common-1.1.0-SNAPSHOT.jar:/home/user/.m2/repository/org/apache/commons/commons-compress/1.4.1/commons-compress-1.4.1.jar:/home/user/.m2/repository/org/tukaani/xz/1.0/xz-1.0.jar:/home/user/.m2/repository/org/apache/hadoop/hadoop-hdds-common/1.1.0-SNAPSHOT/hadoop-hdds-common-1.1.0-SNAPSHOT.jar:/home/user/.m2/repository/org/apache/hadoop/hadoop-hdds-client/1.1.0-SNAPSHOT/hadoop-hdds-client-1.1.0-SNAPSHOT.jar:/home/user/.m2/repository/org/apache/hadoop/hadoop-ozone-interface-client/1.1.0-SNAPSHOT/hadoop-ozone-interface-client-1.1.0-SNAPSHOT.jar:/home/user/.m2/repository/org/apache/hadoop/hadoop-hdds-test-utils/1.1.0-SNAPSHOT/hadoop-hdds-test-utils-1.1.0-SNAPSHOT.jar:/home/user/.m2/repository/com/google/guava/guava/28.2-jre/guava-28.2-jre.jar:/home/user/.m2/repository/com/google/guava/failureaccess/1.0.1/failureaccess-1.0.1.jar:/home/user/.m2/repository/com/google/guava/listenablefuture/9999.0-empty-to-avoid-conflict-with-guava/listenablefuture-9999.0-empty-to-avoid-conflict-with-guava.jar:/home/user/.m2/repository/com/google/code/findbugs/jsr305/3.0.0/jsr305-3.0.0.jar:/home/user/.m2/repository/org/checkerframework/checker-qual/2.10.0/checker-qual-2.10.0.jar:/home/user/.m2/repository/com/google/errorprone/error_prone_annotations/2.2.0/error_prone_annotations-2.2.0.jar:/home/user/.m2/repository/com/google/j2objc/j2objc-annotations/1.3/j2objc-annotations-1.3.jar:/home/user/.m2/repository/commons-io/commons-io/2.5/commons-io-2.5.jar:/home/user/.m2/repository/commons-logging/commons-logging/1.2/commons-logging-1.2.jar:/home/user/.m2/repository/log4j/log4j/1.2.17/log4j-1.2.17.jar:/home/user/.m2/repository/org/slf4j/slf4j-api/1.7.30/slf4j-api-1.7.30.jar:/home/user/.m2/repository/org/apache/hadoop/hadoop-hdds-server-scm/1.1.0-SNAPSHOT/hadoop-hdds-server-scm-1.1.0-SNAPSHOT.jar:/home/user/.m2/repository/org/apache/hadoop/hadoop-hdds-container-service/1.1.0-SNAPSHOT/hadoop-hdds-container-service-1.1.0-SNAPSHOT.jar:/home/user/.m2/repository/org/apache/hadoop/hadoop-hdds-hadoop-dependency-server/1.1.0-SNAPSHOT/hadoop-hdds-hadoop-dependency-server-1.1.0-SNAPSHOT.jar:/home/user/.m2/repository/org/apache/hadoop/hadoop-hdfs/3.2.2/hadoop-hdfs-3.2.2.jar:/home/user/.m2/repository/org/apache/hadoop/hadoop-hdds-server-framework/1.1.0-SNAPSHOT/hadoop-hdds-server-framework-1.1.0-SNAPSHOT.jar:/home/user/.m2/repository/org/apache/hadoop/hadoop-hdds-interface-server/1.1.0-SNAPSHOT/hadoop-hdds-interface-server-1.1.0-SNAPSHOT.jar:/home/user/.m2/repository/org/apache/hadoop/hadoop-hdds-interface-admin/1.1.0-SNAPSHOT/hadoop-hdds-interface-admin-1.1.0-SNAPSHOT.jar:/home/user/.m2/repository/org/eclipse/jetty/jetty-servlet/9.4.34.v20201102/jetty-servlet-9.4.34.v20201102.jar:/home/user/.m2/repository/org/eclipse/jetty/jetty-security/9.4.34.v20201102/jetty-security-9.4.34.v20201102.jar:/home/user/.m2/repository/org/rocksdb/rocksdbjni/6.8.1/rocksdbjni-6.8.1.jar:/home/user/.m2/repository/io/prometheus/simpleclient_dropwizard/0.7.0/simpleclient_dropwizard-0.7.0.jar:/home/user/.m2/repository/io/prometheus/simpleclient/0.7.0/simpleclient-0.7.0.jar:/home/user/.m2/repository/io/prometheus/simpleclient_common/0.7.0/simpleclient_common-0.7.0.jar:/home/user/.m2/repository/com/fasterxml/jackson/datatype/jackson-datatype-jsr310/2.10.3/jackson-datatype-jsr310-2.10.3.jar:/home/user/.m2/repository/io/dropwizard/metrics/metrics-core/3.2.4/metrics-core-3.2.4.jar:/home/user/.m2/repository/org/apache/hadoop/hadoop-hdfs-client/3.2.2/hadoop-hdfs-client-3.2.2.jar:/home/user/.m2/repository/org/bouncycastle/bcprov-jdk15on/1.67/bcprov-jdk15on-1.67.jar:/home/user/.m2/repository/org/apache/hadoop/hadoop-ozone-ozone-manager/1.1.0-SNAPSHOT/hadoop-ozone-ozone-manager-1.1.0-SNAPSHOT.jar:/home/user/.m2/repository/org/apache/hadoop/hadoop-hdds-interface-client/1.1.0-SNAPSHOT/hadoop-hdds-interface-client-1.1.0-SNAPSHOT.jar:/home/user/.m2/repository/org/apache/ratis/ratis-thirdparty-misc/0.6.0/ratis-thirdparty-misc-0.6.0.jar:/home/user/.m2/repository/org/apache/hadoop/hadoop-ozone-interface-storage/1.1.0-SNAPSHOT/hadoop-ozone-interface-storage-1.1.0-SNAPSHOT.jar:/home/user/.m2/repository/org/apache/hadoop/hadoop-minikdc/3.2.2/hadoop-minikdc-3.2.2.jar:/home/user/.m2/repository/org/apache/kerby/kerb-simplekdc/1.0.1/kerb-simplekdc-1.0.1.jar:/home/user/.m2/repository/org/apache/kerby/kerb-client/1.0.1/kerb-client-1.0.1.jar:/home/user/.m2/repository/org/apache/kerby/kerby-config/1.0.1/kerby-config-1.0.1.jar:/home/user/.m2/repository/org/apache/kerby/kerb-core/1.0.1/kerb-core-1.0.1.jar:/home/user/.m2/repository/org/apache/kerby/kerby-pkix/1.0.1/kerby-pkix-1.0.1.jar:/home/user/.m2/repository/org/apache/kerby/kerby-asn1/1.0.1/kerby-asn1-1.0.1.jar:/home/user/.m2/repository/org/apache/kerby/kerby-util/1.0.1/kerby-util-1.0.1.jar:/home/user/.m2/repository/org/apache/kerby/kerb-common/1.0.1/kerb-common-1.0.1.jar:/home/user/.m2/repository/org/apache/kerby/kerb-crypto/1.0.1/kerb-crypto-1.0.1.jar:/home/user/.m2/repository/org/apache/kerby/kerb-util/1.0.1/kerb-util-1.0.1.jar:/home/user/.m2/repository/org/apache/kerby/token-provider/1.0.1/token-provider-1.0.1.jar:/home/user/.m2/repository/org/apache/kerby/kerb-admin/1.0.1/kerb-admin-1.0.1.jar:/home/user/.m2/repository/org/apache/kerby/kerb-server/1.0.1/kerb-server-1.0.1.jar:/home/user/.m2/repository/org/apache/kerby/kerb-identity/1.0.1/kerb-identity-1.0.1.jar:/home/user/.m2/repository/org/apache/kerby/kerby-xdr/1.0.1/kerby-xdr-1.0.1.jar:/home/user/.m2/repository/org/slf4j/slf4j-log4j12/1.7.30/slf4j-log4j12-1.7.30.jar:/home/user/.m2/repository/org/apache/hadoop/hadoop-ozone-s3gateway/1.1.0-SNAPSHOT/hadoop-ozone-s3gateway-1.1.0-SNAPSHOT.jar:/home/user/.m2/repository/org/jboss/weld/servlet/weld-servlet/2.4.7.Final/weld-servlet-2.4.7.Final.jar:/home/user/.m2/repository/org/glassfish/jersey/containers/jersey-container-servlet-core/2.27/jersey-container-servlet-core-2.27.jar:/home/user/.m2/repository/org/glassfish/hk2/external/javax.inject/2.5.0-b42/javax.inject-2.5.0-b42.jar:/home/user/.m2/repository/org/glassfish/jersey/core/jersey-common/2.27/jersey-common-2.27.jar:/home/user/.m2/repository/org/glassfish/hk2/osgi-resource-locator/1.0.1/osgi-resource-locator-1.0.1.jar:/home/user/.m2/repository/javax/ws/rs/javax.ws.rs-api/2.1/javax.ws.rs-api-2.1.jar:/home/user/.m2/repository/org/glassfish/jersey/ext/cdi/jersey-cdi1x/2.27/jersey-cdi1x-2.27.jar:/home/user/.m2/repository/org/glassfish/jersey/inject/jersey-hk2/2.27/jersey-hk2-2.27.jar:/home/user/.m2/repository/org/glassfish/hk2/hk2-locator/2.5.0-b42/hk2-locator-2.5.0-b42.jar:/home/user/.m2/repository/org/javassist/javassist/3.22.0-CR2/javassist-3.22.0-CR2.jar:/home/user/.m2/repository/org/glassfish/hk2/hk2-api/2.5.0/hk2-api-2.5.0.jar:/home/user/.m2/repository/org/glassfish/hk2/external/jakarta.inject/2.5.0/jakarta.inject-2.5.0.jar:/home/user/.m2/repository/org/glassfish/hk2/hk2-utils/2.5.0/hk2-utils-2.5.0.jar:/home/user/.m2/repository/jakarta/annotation/jakarta.annotation-api/1.3.4/jakarta.annotation-api-1.3.4.jar:/home/user/.m2/repository/org/glassfish/hk2/external/aopalliance-repackaged/2.5.0/aopalliance-repackaged-2.5.0.jar:/home/user/.m2/repository/com/fasterxml/jackson/dataformat/jackson-dataformat-xml/2.10.3/jackson-dataformat-xml-2.10.3.jar:/home/user/.m2/repository/com/fasterxml/jackson/core/jackson-core/2.10.3/jackson-core-2.10.3.jar:/home/user/.m2/repository/com/fasterxml/jackson/module/jackson-module-jaxb-annotations/2.10.3/jackson-module-jaxb-annotations-2.10.3.jar:/home/user/.m2/repository/jakarta/xml/bind/jakarta.xml.bind-api/2.3.2/jakarta.xml.bind-api-2.3.2.jar:/home/user/.m2/repository/jakarta/activation/jakarta.activation-api/1.2.1/jakarta.activation-api-1.2.1.jar:/home/user/.m2/repository/org/codehaus/woodstox/stax2-api/3.1.4/stax2-api-3.1.4.jar:/home/user/.m2/repository/com/fasterxml/woodstox/woodstox-core/5.0.3/woodstox-core-5.0.3.jar:/home/user/.m2/repository/javax/enterprise/cdi-api/1.2/cdi-api-1.2.jar:/home/user/.m2/repository/javax/el/javax.el-api/3.0.0/javax.el-api-3.0.0.jar:/home/user/.m2/repository/javax/interceptor/javax.interceptor-api/1.2/javax.interceptor-api-1.2.jar:/home/user/.m2/repository/javax/inject/javax.inject/1/javax.inject-1.jar:/home/user/.m2/repository/com/sun/xml/bind/jaxb-impl/2.3.0.1/jaxb-impl-2.3.0.1.jar:/home/user/.m2/repository/com/sun/xml/bind/jaxb-core/2.3.0.1/jaxb-core-2.3.0.1.jar:/home/user/.m2/repository/javax/xml/bind/jaxb-api/2.3.0/jaxb-api-2.3.0.jar:/home/user/.m2/repository/javax/activation/activation/1.1.1/activation-1.1.1.jar:/home/user/.m2/repository/org/apache/hadoop/hadoop-ozone-csi/1.1.0-SNAPSHOT/hadoop-ozone-csi-1.1.0-SNAPSHOT.jar:/home/user/.m2/repository/com/google/protobuf/protobuf-java-util/3.12.0/protobuf-java-util-3.12.0.jar:/home/user/.m2/repository/com/google/code/gson/gson/2.2.4/gson-2.2.4.jar:/home/user/.m2/repository/org/apache/hadoop/hadoop-hdds-config/1.1.0-SNAPSHOT/hadoop-hdds-config-1.1.0-SNAPSHOT.jar:/home/user/.m2/repository/com/google/protobuf/protobuf-java/2.5.0/protobuf-java-2.5.0.jar:/home/user/.m2/repository/io/grpc/grpc-netty/1.33.0/grpc-netty-1.33.0.jar:/home/user/.m2/repository/io/grpc/grpc-core/1.33.0/grpc-core-1.33.0.jar:/home/user/.m2/repository/com/google/android/annotations/4.1.1.4/annotations-4.1.1.4.jar:/home/user/.m2/repository/io/netty/netty-codec-http2/4.1.51.Final/netty-codec-http2-4.1.51.Final.jar:/home/user/.m2/repository/io/netty/netty-codec/4.1.51.Final/netty-codec-4.1.51.Final.jar:/home/user/.m2/repository/io/netty/netty-handler/4.1.51.Final/netty-handler-4.1.51.Final.jar:/home/user/.m2/repository/io/netty/netty-codec-http/4.1.51.Final/netty-codec-http-4.1.51.Final.jar:/home/user/.m2/repository/io/netty/netty-handler-proxy/4.1.51.Final/netty-handler-proxy-4.1.51.Final.jar:/home/user/.m2/repository/io/netty/netty-codec-socks/4.1.51.Final/netty-codec-socks-4.1.51.Final.jar:/home/user/.m2/repository/io/perfmark/perfmark-api/0.19.0/perfmark-api-0.19.0.jar:/home/user/.m2/repository/org/codehaus/mojo/animal-sniffer-annotations/1.18/animal-sniffer-annotations-1.18.jar:/home/user/.m2/repository/io/netty/netty-transport-native-epoll/4.1.51.Final/netty-transport-native-epoll-4.1.51.Final.jar:/home/user/.m2/repository/io/netty/netty-common/4.1.51.Final/netty-common-4.1.51.Final.jar:/home/user/.m2/repository/io/netty/netty-buffer/4.1.51.Final/netty-buffer-4.1.51.Final.jar:/home/user/.m2/repository/io/netty/netty-transport/4.1.51.Final/netty-transport-4.1.51.Final.jar:/home/user/.m2/repository/io/netty/netty-resolver/4.1.51.Final/netty-resolver-4.1.51.Final.jar:/home/user/.m2/repository/io/netty/netty-transport-native-unix-common/4.1.51.Final/netty-transport-native-unix-common-4.1.51.Final.jar:/home/user/.m2/repository/io/grpc/grpc-protobuf/1.33.0/grpc-protobuf-1.33.0.jar:/home/user/.m2/repository/io/grpc/grpc-api/1.33.0/grpc-api-1.33.0.jar:/home/user/.m2/repository/io/grpc/grpc-context/1.33.0/grpc-context-1.33.0.jar:/home/user/.m2/repository/com/google/api/grpc/proto-google-common-protos/1.17.0/proto-google-common-protos-1.17.0.jar:/home/user/.m2/repository/io/grpc/grpc-protobuf-lite/1.33.0/grpc-protobuf-lite-1.33.0.jar:/home/user/.m2/repository/io/grpc/grpc-stub/1.33.0/grpc-stub-1.33.0.jar:/home/user/.m2/repository/org/apache/hadoop/hadoop-ozone-recon/1.1.0-SNAPSHOT/hadoop-ozone-recon-1.1.0-SNAPSHOT.jar:/home/user/.m2/repository/org/apache/hadoop/hadoop-ozone-reconcodegen/1.1.0-SNAPSHOT/hadoop-ozone-reconcodegen-1.1.0-SNAPSHOT.jar:/home/user/.m2/repository/com/google/inject/extensions/guice-multibindings/4.0/guice-multibindings-4.0.jar:/home/user/.m2/repository/com/google/inject/guice/4.0/guice-4.0.jar:/home/user/.m2/repository/aopalliance/aopalliance/1.0/aopalliance-1.0.jar:/home/user/.m2/repository/com/google/inject/extensions/guice-assistedinject/4.0/guice-assistedinject-4.0.jar:/home/user/.m2/repository/com/google/inject/extensions/guice-servlet/4.0/guice-servlet-4.0.jar:/home/user/.m2/repository/org/glassfish/jersey/containers/jersey-container-servlet/2.27/jersey-container-servlet-2.27.jar:/home/user/.m2/repository/org/glassfish/hk2/guice-bridge/2.5.0/guice-bridge-2.5.0.jar:/home/user/.m2/repository/org/glassfish/jersey/core/jersey-server/2.27/jersey-server-2.27.jar:/home/user/.m2/repository/org/glassfish/jersey/core/jersey-client/2.27/jersey-client-2.27.jar:/home/user/.m2/repository/org/glassfish/jersey/media/jersey-media-jaxb/2.27/jersey-media-jaxb-2.27.jar:/home/user/.m2/repository/javax/validation/validation-api/1.1.0.Final/validation-api-1.1.0.Final.jar:/home/user/.m2/repository/org/glassfish/jersey/media/jersey-media-json-jackson/2.27/jersey-media-json-jackson-2.27.jar:/home/user/.m2/repository/org/glassfish/jersey/ext/jersey-entity-filtering/2.27/jersey-entity-filtering-2.27.jar:/home/user/.m2/repository/org/jooq/jooq/3.11.10/jooq-3.11.10.jar:/home/user/.m2/repository/org/jooq/jooq-meta/3.11.10/jooq-meta-3.11.10.jar:/home/user/.m2/repository/org/jooq/jooq-codegen/3.11.10/jooq-codegen-3.11.10.jar:/home/user/.m2/repository/com/jolbox/bonecp/0.8.0.RELEASE/bonecp-0.8.0.RELEASE.jar:/home/user/.m2/repository/org/apache/derby/derby/10.14.2.0/derby-10.14.2.0.jar:/home/user/.m2/repository/org/xerial/sqlite-jdbc/3.25.2/sqlite-jdbc-3.25.2.jar:/home/user/.m2/repository/org/springframework/spring-jdbc/5.2.11.RELEASE/spring-jdbc-5.2.11.RELEASE.jar:/home/user/.m2/repository/org/springframework/spring-beans/5.2.11.RELEASE/spring-beans-5.2.11.RELEASE.jar:/home/user/.m2/repository/org/springframework/spring-core/5.2.11.RELEASE/spring-core-5.2.11.RELEASE.jar:/home/user/.m2/repository/org/springframework/spring-jcl/5.2.11.RELEASE/spring-jcl-5.2.11.RELEASE.jar:/home/user/.m2/repository/org/springframework/spring-tx/5.2.11.RELEASE/spring-tx-5.2.11.RELEASE.jar:/home/user/.m2/repository/org/apache/hadoop/hadoop-ozone-client/1.1.0-SNAPSHOT/hadoop-ozone-client-1.1.0-SNAPSHOT.jar:/home/user/.m2/repository/org/apache/hadoop/hadoop-ozone-filesystem/1.1.0-SNAPSHOT/hadoop-ozone-filesystem-1.1.0-SNAPSHOT.jar:/home/user/.m2/repository/org/apache/hadoop/hadoop-ozone-filesystem-common/1.1.0-SNAPSHOT/hadoop-ozone-filesystem-common-1.1.0-SNAPSHOT.jar:/home/user/.m2/repository/org/apache/hadoop/hadoop-ozone-tools/1.1.0-SNAPSHOT/hadoop-ozone-tools-1.1.0-SNAPSHOT.jar:/home/user/.m2/repository/org/apache/ratis/ratis-tools/1.1.0-0bdf24f-SNAPSHOT/ratis-tools-1.1.0-0bdf24f-SNAPSHOT.jar:/home/user/.m2/repository/org/apache/ratis/ratis-proto/1.1.0-0bdf24f-SNAPSHOT/ratis-proto-1.1.0-0bdf24f-SNAPSHOT.jar:/home/user/.m2/repository/org/apache/ratis/ratis-common/1.1.0-0bdf24f-SNAPSHOT/ratis-common-1.1.0-0bdf24f-SNAPSHOT.jar:/home/user/.m2/repository/com/amazonaws/aws-java-sdk-core/1.11.901/aws-java-sdk-core-1.11.901.jar:/home/user/.m2/repository/org/apache/httpcomponents/httpclient/4.5.13/httpclient-4.5.13.jar:/home/user/.m2/repository/org/apache/httpcomponents/httpcore/4.4.13/httpcore-4.4.13.jar:/home/user/.m2/repository/software/amazon/ion/ion-java/1.0.2/ion-java-1.0.2.jar:/home/user/.m2/repository/com/fasterxml/jackson/dataformat/jackson-dataformat-cbor/2.10.3/jackson-dataformat-cbor-2.10.3.jar:/home/user/.m2/repository/joda-time/joda-time/2.8.1/joda-time-2.8.1.jar:/home/user/.m2/repository/com/amazonaws/aws-java-sdk-s3/1.11.901/aws-java-sdk-s3-1.11.901.jar:/home/user/.m2/repository/com/amazonaws/aws-java-sdk-kms/1.11.901/aws-java-sdk-kms-1.11.901.jar:/home/user/.m2/repository/com/amazonaws/jmespath-java/1.11.901/jmespath-java-1.11.901.jar:/home/user/.m2/repository/org/kohsuke/metainf-services/metainf-services/1.8/metainf-services-1.8.jar:/home/user/.m2/repository/org/apache/hadoop/hadoop-hdds-tools/1.1.0-SNAPSHOT/hadoop-hdds-tools-1.1.0-SNAPSHOT.jar:/home/user/.m2/repository/commons-cli/commons-cli/1.2/commons-cli-1.2.jar:/home/user/.m2/repository/org/apache/commons/commons-lang3/3.7/commons-lang3-3.7.jar:/home/user/.m2/repository/org/apache/hadoop/hadoop-ozone-ozone-manager/1.1.0-SNAPSHOT/hadoop-ozone-ozone-manager-1.1.0-SNAPSHOT-tests.jar:/home/user/.m2/repository/org/apache/hadoop/hadoop-hdds-common/1.1.0-SNAPSHOT/hadoop-hdds-common-1.1.0-SNAPSHOT-tests.jar:/home/user/.m2/repository/org/apache/hadoop/hadoop-hdds-hadoop-dependency-client/1.1.0-SNAPSHOT/hadoop-hdds-hadoop-dependency-client-1.1.0-SNAPSHOT.jar:/home/user/.m2/repository/info/picocli/picocli/4.4.0/picocli-4.4.0.jar:/home/user/.m2/repository/com/fasterxml/jackson/core/jackson-annotations/2.10.3/jackson-annotations-2.10.3.jar:/home/user/.m2/repository/javax/annotation/javax.annotation-api/1.2/javax.annotation-api-1.2.jar:/home/user/.m2/repository/org/fusesource/leveldbjni/leveldbjni-all/1.8/leveldbjni-all-1.8.jar:/home/user/.m2/repository/org/apache/ratis/ratis-server/1.1.0-0bdf24f-SNAPSHOT/ratis-server-1.1.0-0bdf24f-SNAPSHOT.jar:/home/user/.m2/repository/org/apache/ratis/ratis-client/1.1.0-0bdf24f-SNAPSHOT/ratis-client-1.1.0-0bdf24f-SNAPSHOT.jar:/home/user/.m2/repository/org/apache/ratis/ratis-server-api/1.1.0-0bdf24f-SNAPSHOT/ratis-server-api-1.1.0-0bdf24f-SNAPSHOT.jar:/home/user/.m2/repository/org/apache/ratis/ratis-metrics/1.1.0-0bdf24f-SNAPSHOT/ratis-metrics-1.1.0-0bdf24f-SNAPSHOT.jar:/home/user/.m2/repository/org/apache/ratis/ratis-netty/1.1.0-0bdf24f-SNAPSHOT/ratis-netty-1.1.0-0bdf24f-SNAPSHOT.jar:/home/user/.m2/repository/org/apache/ratis/ratis-grpc/1.1.0-0bdf24f-SNAPSHOT/ratis-grpc-1.1.0-0bdf24f-SNAPSHOT.jar:/home/user/.m2/repository/org/apache/logging/log4j/log4j-api/2.13.3/log4j-api-2.13.3.jar:/home/user/.m2/repository/org/apache/logging/log4j/log4j-core/2.13.3/log4j-core-2.13.3.jar:/home/user/.m2/repository/com/lmax/disruptor/3.4.2/disruptor-3.4.2.jar:/home/user/.m2/repository/org/apache/commons/commons-pool2/2.6.0/commons-pool2-2.6.0.jar:/home/user/.m2/repository/org/bouncycastle/bcpkix-jdk15on/1.67/bcpkix-jdk15on-1.67.jar:/home/user/.m2/repository/commons-validator/commons-validator/1.6/commons-validator-1.6.jar:/home/user/.m2/repository/commons-beanutils/commons-beanutils/1.9.4/commons-beanutils-1.9.4.jar:/home/user/.m2/repository/commons-digester/commons-digester/1.8.1/commons-digester-1.8.1.jar:/home/user/.m2/repository/commons-collections/commons-collections/3.2.2/commons-collections-3.2.2.jar:/home/user/.m2/repository/io/jaegertracing/jaeger-client/1.2.0/jaeger-client-1.2.0.jar:/home/user/.m2/repository/io/jaegertracing/jaeger-thrift/1.2.0/jaeger-thrift-1.2.0.jar:/home/user/.m2/repository/org/apache/thrift/libthrift/0.13.0/libthrift-0.13.0.jar:/home/user/.m2/repository/com/squareup/okhttp3/okhttp/4.2.2/okhttp-4.2.2.jar:/home/user/.m2/repository/com/squareup/okio/okio/2.2.2/okio-2.2.2.jar:/home/user/.m2/repository/org/jetbrains/kotlin/kotlin-stdlib/1.3.50/kotlin-stdlib-1.3.50.jar:/home/user/.m2/repository/org/jetbrains/kotlin/kotlin-stdlib-common/1.3.50/kotlin-stdlib-common-1.3.50.jar:/home/user/.m2/repository/org/jetbrains/annotations/13.0/annotations-13.0.jar:/home/user/.m2/repository/io/jaegertracing/jaeger-core/1.2.0/jaeger-core-1.2.0.jar:/home/user/.m2/repository/io/jaegertracing/jaeger-tracerresolver/1.2.0/jaeger-tracerresolver-1.2.0.jar:/home/user/.m2/repository/io/opentracing/contrib/opentracing-tracerresolver/0.1.8/opentracing-tracerresolver-0.1.8.jar:/home/user/.m2/repository/io/opentracing/opentracing-util/0.33.0/opentracing-util-0.33.0.jar:/home/user/.m2/repository/io/opentracing/opentracing-api/0.33.0/opentracing-api-0.33.0.jar:/home/user/.m2/repository/io/opentracing/opentracing-noop/0.33.0/opentracing-noop-0.33.0.jar:/home/user/.m2/repository/org/yaml/snakeyaml/1.26/snakeyaml-1.26.jar:/home/user/.m2/repository/junit/junit/4.13.1/junit-4.13.1.jar:/home/user/.m2/repository/org/hamcrest/hamcrest-core/1.3/hamcrest-core-1.3.jar:/home/user/.m2/repository/org/junit/jupiter/junit-jupiter-api/5.7.0/junit-jupiter-api-5.7.0.jar:/home/user/.m2/repository/org/apiguardian/apiguardian-api/1.1.0/apiguardian-api-1.1.0.jar:/home/user/.m2/repository/org/opentest4j/opentest4j/1.2.0/opentest4j-1.2.0.jar:/home/user/.m2/repository/org/junit/platform/junit-platform-commons/1.7.0/junit-platform-commons-1.7.0.jar:/home/user/.m2/repository/org/junit/jupiter/junit-jupiter-engine/5.7.0/junit-jupiter-engine-5.7.0.jar:/home/user/.m2/repository/org/junit/platform/junit-platform-engine/1.7.0/junit-platform-engine-1.7.0.jar:/home/user/.m2/repository/org/junit/vintage/junit-vintage-engine/5.7.0/junit-vintage-engine-5.7.0.jar:/home/user/.m2/repository/org/junit/platform/junit-platform-launcher/1.7.0/junit-platform-launcher-1.7.0.jar:/home/user/.m2/repository/org/openjdk/jmh/jmh-core/1.19/jmh-core-1.19.jar:/home/user/.m2/repository/net/sf/jopt-simple/jopt-simple/4.6/jopt-simple-4.6.jar:/home/user/.m2/repository/org/apache/commons/commons-math3/3.1.1/commons-math3-3.1.1.jar:/home/user/.m2/repository/org/openjdk/jmh/jmh-generator-annprocess/1.19/jmh-generator-annprocess-1.19.jar:/home/user/.m2/repository/org/mockito/mockito-all/1.8.5/mockito-all-1.8.5.jar:/home/user/.m2/repository/org/apache/hadoop/hadoop-kms/3.2.2/hadoop-kms-3.2.2.jar:/home/user/.m2/repository/org/apache/hadoop/hadoop-auth/3.2.2/hadoop-auth-3.2.2.jar:/home/user/.m2/repository/com/nimbusds/nimbus-jose-jwt/7.9/nimbus-jose-jwt-7.9.jar:/home/user/.m2/repository/com/github/stephenc/jcip/jcip-annotations/1.0-1/jcip-annotations-1.0-1.jar:/home/user/.m2/repository/net/minidev/json-smart/2.3/json-smart-2.3.jar:/home/user/.m2/repository/net/minidev/accessors-smart/1.2/accessors-smart-1.2.jar:/home/user/.m2/repository/org/ow2/asm/asm/5.0.4/asm-5.0.4.jar:/home/user/.m2/repository/org/apache/zookeeper/zookeeper/3.4.13/zookeeper-3.4.13.jar:/home/user/.m2/repository/org/apache/yetus/audience-annotations/0.5.0/audience-annotations-0.5.0.jar:/home/user/.m2/repository/org/apache/curator/curator-framework/2.13.0/curator-framework-2.13.0.jar:/home/user/.m2/repository/com/sun/jersey/jersey-core/1.19/jersey-core-1.19.jar:/home/user/.m2/repository/javax/ws/rs/jsr311-api/1.1.1/jsr311-api-1.1.1.jar:/home/user/.m2/repository/com/sun/jersey/jersey-server/1.19/jersey-server-1.19.jar:/home/user/.m2/repository/javax/servlet/javax.servlet-api/3.1.0/javax.servlet-api-3.1.0.jar:/home/user/.m2/repository/org/eclipse/jetty/jetty-server/9.4.34.v20201102/jetty-server-9.4.34.v20201102.jar:/home/user/.m2/repository/org/eclipse/jetty/jetty-http/9.4.34.v20201102/jetty-http-9.4.34.v20201102.jar:/home/user/.m2/repository/org/eclipse/jetty/jetty-io/9.4.34.v20201102/jetty-io-9.4.34.v20201102.jar:/home/user/.m2/repository/org/eclipse/jetty/jetty-webapp/9.4.34.v20201102/jetty-webapp-9.4.34.v20201102.jar:/home/user/.m2/repository/org/eclipse/jetty/jetty-xml/9.4.34.v20201102/jetty-xml-9.4.34.v20201102.jar:/home/user/.m2/repository/org/apache/hadoop/hadoop-common/3.2.2/hadoop-common-3.2.2.jar:/home/user/.m2/repository/commons-net/commons-net/3.6/commons-net-3.6.jar:/home/user/.m2/repository/javax/activation/javax.activation-api/1.2.0/javax.activation-api-1.2.0.jar:/home/user/.m2/repository/com/sun/jersey/jersey-servlet/1.19/jersey-servlet-1.19.jar:/home/user/.m2/repository/com/sun/jersey/jersey-json/1.19/jersey-json-1.19.jar:/home/user/.m2/repository/org/codehaus/jettison/jettison/1.1/jettison-1.1.jar:/home/user/.m2/repository/org/codehaus/jackson/jackson-jaxrs/1.9.2/jackson-jaxrs-1.9.2.jar:/home/user/.m2/repository/org/codehaus/jackson/jackson-xc/1.9.2/jackson-xc-1.9.2.jar:/home/user/.m2/repository/org/apache/commons/commons-configuration2/2.1.1/commons-configuration2-2.1.1.jar:/home/user/.m2/repository/org/apache/commons/commons-text/1.4/commons-text-1.4.jar:/home/user/.m2/repository/com/google/re2j/re2j/1.1/re2j-1.1.jar:/home/user/.m2/repository/com/jcraft/jsch/0.1.54/jsch-0.1.54.jar:/home/user/.m2/repository/org/apache/curator/curator-client/2.13.0/curator-client-2.13.0.jar:/home/user/.m2/repository/org/apache/curator/curator-recipes/2.13.0/curator-recipes-2.13.0.jar:/home/user/.m2/repository/dnsjava/dnsjava/2.1.7/dnsjava-2.1.7.jar:/home/user/.m2/repository/org/slf4j/jul-to-slf4j/1.7.30/jul-to-slf4j-1.7.30.jar:/home/user/.m2/repository/org/eclipse/jetty/jetty-util/9.4.34.v20201102/jetty-util-9.4.34.v20201102.jar:/home/user/.m2/repository/com/fasterxml/jackson/core/jackson-databind/2.10.3/jackson-databind-2.10.3.jar:/home/user/.m2/repository/org/apache/hadoop/hadoop-kms/3.2.2/hadoop-kms-3.2.2-tests.jar:/home/user/.m2/repository/org/apache/hadoop/hadoop-hdds-server-scm/1.1.0-SNAPSHOT/hadoop-hdds-server-scm-1.1.0-SNAPSHOT-tests.jar:/home/user/.m2/repository/org/apache/hadoop/hadoop-hdds-container-service/1.1.0-SNAPSHOT/hadoop-hdds-container-service-1.1.0-SNAPSHOT-tests.jar:/home/user/.m2/repository/commons-codec/commons-codec/1.11/commons-codec-1.11.jar:/home/user/.m2/repository/org/apache/hadoop/hadoop-hdds-hadoop-dependency-test/1.1.0-SNAPSHOT/hadoop-hdds-hadoop-dependency-test-1.1.0-SNAPSHOT.jar:/home/user/.m2/repository/org/apache/hadoop/hadoop-common/3.2.2/hadoop-common-3.2.2-tests.jar:/home/user/.m2/repository/org/apache/hadoop/hadoop-hdfs/3.2.2/hadoop-hdfs-3.2.2-tests.jar:/home/user/.m2/repository/org/eclipse/jetty/jetty-util-ajax/9.4.34.v20201102/jetty-util-ajax-9.4.34.v20201102.jar:/home/user/.m2/repository/commons-daemon/commons-daemon/1.0.13/commons-daemon-1.0.13.jar:/home/user/.m2/repository/io/netty/netty/3.10.6.Final/netty-3.10.6.Final.jar:/home/user/.m2/repository/io/netty/netty-all/4.1.51.Final/netty-all-4.1.51.Final.jar:/home/user/.m2/repository/org/apache/htrace/htrace-core4/4.1.0-incubating/htrace-core4-4.1.0-incubating.jar:/home/user/.m2/repository/org/apache/hadoop/hadoop-distcp/3.2.2/hadoop-distcp-3.2.2.jar:/home/user/.m2/repository/org/apache/hadoop/hadoop-mapreduce-client-jobclient/3.2.2/hadoop-mapreduce-client-jobclient-3.2.2.jar:/home/user/.m2/repository/org/apache/hadoop/hadoop-mapreduce-client-common/3.2.2/hadoop-mapreduce-client-common-3.2.2.jar:/home/user/.m2/repository/org/apache/hadoop/hadoop-yarn-common/3.2.2/hadoop-yarn-common-3.2.2.jar:/home/user/.m2/repository/org/apache/hadoop/hadoop-yarn-api/3.2.2/hadoop-yarn-api-3.2.2.jar:/home/user/.m2/repository/com/sun/jersey/jersey-client/1.19/jersey-client-1.19.jar:/home/user/.m2/repository/com/sun/jersey/contribs/jersey-guice/1.19/jersey-guice-1.19.jar:/home/user/.m2/repository/com/fasterxml/jackson/jaxrs/jackson-jaxrs-json-provider/2.10.3/jackson-jaxrs-json-provider-2.10.3.jar:/home/user/.m2/repository/com/fasterxml/jackson/jaxrs/jackson-jaxrs-base/2.10.3/jackson-jaxrs-base-2.10.3.jar:/home/user/.m2/repository/org/apache/hadoop/hadoop-yarn-client/3.2.2/hadoop-yarn-client-3.2.2.jar:/home/user/.m2/repository/org/apache/hadoop/hadoop-mapreduce-client-core/3.2.2/hadoop-mapreduce-client-core-3.2.2.jar:/home/user/.m2/repository/org/apache/avro/avro/1.7.7/avro-1.7.7.jar:/home/user/.m2/repository/org/codehaus/jackson/jackson-core-asl/1.9.13/jackson-core-asl-1.9.13.jar:/home/user/.m2/repository/org/codehaus/jackson/jackson-mapper-asl/1.9.13/jackson-mapper-asl-1.9.13.jar:/home/user/.m2/repository/com/thoughtworks/paranamer/paranamer/2.3/paranamer-2.3.jar:/home/user/.m2/repository/org/xerial/snappy/snappy-java/1.0.5/snappy-java-1.0.5.jar:/home/user/.m2/repository/org/apache/hadoop/hadoop-annotations/3.2.2/hadoop-annotations-3.2.2.jar:/usr/lib/jvm/java-1.8.0-openjdk-1.8.0.232.b09-0.el7_7.x86_64/jre/../lib/tools.jar:/home/user/.m2/repository/org/apache/hadoop/hadoop-distcp/3.2.2/hadoop-distcp-3.2.2-tests.jar:"/>
    <property name="sun.cpu.endian" value="little"/>
    <property name="user.home" value="/home/user"/>
    <property name="user.language" value="en"/>
    <property name="java.specification.vendor" value="Oracle Corporation"/>
    <property name="java.home" value="/usr/lib/jvm/java-1.8.0-openjdk-1.8.0.232.b09-0.el7_7.x86_64/jre"/>
    <property name="java.security.krb5.conf" value="/github/workspace/mnt/ozone/hadoop-ozone/integration-test/target/test-classes/krb5.conf"/>
    <property name="basedir" value="/github/workspace/mnt/ozone/hadoop-ozone/integration-test"/>
    <property name="file.separator" value="/"/>
    <property name="line.separator" value="&#10;"/>
    <property name="java.vm.specification.vendor" value="Oracle Corporation"/>
    <property name="java.specification.name" value="Java Platform API Specification"/>
    <property name="java.awt.graphicsenv" value="sun.awt.X11GraphicsEnvironment"/>
    <property name="skip.installnpx" value="true"/>
    <property name="surefire.real.class.path" value="/github/workspace/mnt/ozone/hadoop-ozone/integration-test/target/surefire/surefirebooter2977076573288823257.jar:/home/user/.m2/repository/org/jacoco/org.jacoco.agent/0.8.5/org.jacoco.agent-0.8.5-runtime.jar"/>
    <property name="hadoop.log.dir" value="/github/workspace/mnt/ozone/hadoop-ozone/integration-test/target/log"/>
    <property name="sun.boot.class.path" value="/usr/lib/jvm/java-1.8.0-openjdk-1.8.0.232.b09-0.el7_7.x86_64/jre/lib/resources.jar:/usr/lib/jvm/java-1.8.0-openjdk-1.8.0.232.b09-0.el7_7.x86_64/jre/lib/rt.jar:/usr/lib/jvm/java-1.8.0-openjdk-1.8.0.232.b09-0.el7_7.x86_64/jre/lib/sunrsasign.jar:/usr/lib/jvm/java-1.8.0-openjdk-1.8.0.232.b09-0.el7_7.x86_64/jre/lib/jsse.jar:/usr/lib/jvm/java-1.8.0-openjdk-1.8.0.232.b09-0.el7_7.x86_64/jre/lib/jce.jar:/usr/lib/jvm/java-1.8.0-openjdk-1.8.0.232.b09-0.el7_7.x86_64/jre/lib/charsets.jar:/usr/lib/jvm/java-1.8.0-openjdk-1.8.0.232.b09-0.el7_7.x86_64/jre/lib/jfr.jar:/usr/lib/jvm/java-1.8.0-openjdk-1.8.0.232.b09-0.el7_7.x86_64/jre/classes"/>
    <property name="sun.management.compiler" value="HotSpot 64-Bit Tiered Compilers"/>
    <property name="skip.npx" value="true"/>
    <property name="java.runtime.version" value="1.8.0_232-b09"/>
    <property name="java.net.preferIPv4Stack" value="true"/>
    <property name="user.name" value="jenkins1001"/>
    <property name="path.separator" value=":"/>
    <property name="java.security.egd" value="file:///dev/urandom"/>
    <property name="os.version" value="5.4.0-1039-azure"/>
    <property name="java.endorsed.dirs" value="/usr/lib/jvm/java-1.8.0-openjdk-1.8.0.232.b09-0.el7_7.x86_64/jre/lib/endorsed"/>
    <property name="java.runtime.name" value="OpenJDK Runtime Environment"/>
    <property name="file.encoding" value="ANSI_X3.4-1968"/>
    <property name="java.vm.name" value="OpenJDK 64-Bit Server VM"/>
    <property name="test.build.webapps" value=""/>
    <property name="localRepository" value="/home/user/.m2/repository"/>
    <property name="java.vendor.url.bug" value="http://bugreport.sun.com/bugreport/"/>
    <property name="java.io.tmpdir" value="/tmp"/>
    <property name="require.test.libhadoop" value=""/>
    <property name="java.version" value="1.8.0_232"/>
    <property name="user.dir" value="/github/workspace/mnt/ozone/hadoop-ozone/integration-test"/>
    <property name="os.arch" value="amd64"/>
    <property name="java.vm.specification.name" value="Java Virtual Machine Specification"/>
    <property name="test.build.classes" value="/github/workspace/mnt/ozone/hadoop-ozone/integration-test/target/test-classes"/>
    <property name="java.awt.printerjob" value="sun.print.PSPrinterJob"/>
    <property name="sun.os.patch.level" value="unknown"/>
    <property name="hadoop.tmp.dir" value="/github/workspace/mnt/ozone/hadoop-ozone/integration-test/target/tmp"/>
    <property name="java.library.path" value="/usr/lib:/usr/java/packages/lib/amd64:/usr/lib64:/lib64:/lib:/usr/lib"/>
    <property name="java.vm.info" value="mixed mode"/>
    <property name="java.vendor" value="Oracle Corporation"/>
    <property name="java.vm.version" value="25.232-b09"/>
    <property name="java.ext.dirs" value="/usr/lib/jvm/java-1.8.0-openjdk-1.8.0.232.b09-0.el7_7.x86_64/jre/lib/ext:/usr/java/packages/lib/ext"/>
    <property name="sun.io.unicode.encoding" value="UnicodeLittle"/>
    <property name="java.class.version" value="52.0"/>
  </properties>
  <testcase name="testMultipleDataDirs" classname="org.apache.hadoop.ozone.TestMiniOzoneCluster" time="18.785"/>
  <testcase name="testStartMultipleDatanodes" classname="org.apache.hadoop.ozone.TestMiniOzoneCluster" time="70.241">
    <error message="test timed out after 60000 milliseconds" type="org.junit.runners.model.TestTimedOutException">org.junit.runners.model.TestTimedOutException: test timed out after 60000 milliseconds
	at java.lang.Thread.sleep(Native Method)
	at org.apache.hadoop.test.GenericTestUtils.waitFor(GenericTestUtils.java:218)
	at org.apache.hadoop.ozone.MiniOzoneClusterImpl.waitForClusterToBeReady(MiniOzoneClusterImpl.java:182)
	at org.apache.hadoop.ozone.TestMiniOzoneCluster.testStartMultipleDatanodes(TestMiniOzoneCluster.java:115)
	at sun.reflect.NativeMethodAccessorImpl.invoke0(Native Method)
	at sun.reflect.NativeMethodAccessorImpl.invoke(NativeMethodAccessorImpl.java:62)
	at sun.reflect.DelegatingMethodAccessorImpl.invoke(DelegatingMethodAccessorImpl.java:43)
	at java.lang.reflect.Method.invoke(Method.java:498)
	at org.junit.runners.model.FrameworkMethod$1.runReflectiveCall(FrameworkMethod.java:59)
	at org.junit.internal.runners.model.ReflectiveCallable.run(ReflectiveCallable.java:12)
	at org.junit.runners.model.FrameworkMethod.invokeExplosively(FrameworkMethod.java:56)
	at org.junit.internal.runners.statements.InvokeMethod.evaluate(InvokeMethod.java:17)
	at org.junit.internal.runners.statements.FailOnTimeout$CallableStatement.call(FailOnTimeout.java:288)
	at org.junit.internal.runners.statements.FailOnTimeout$CallableStatement.call(FailOnTimeout.java:282)
	at java.util.concurrent.FutureTask.run(FutureTask.java:266)
	at java.lang.Thread.run(Thread.java:748)
</error>
    <system-out><![CDATA[2021-02-20 01:28:35,300 [Time-limited test] WARN  server.ServerUtils (ServerUtils.java:getScmDbDir(148)) - ozone.scm.db.dirs is not configured. We recommend adding this setting. Falling back to ozone.metadata.dirs instead.
2021-02-20 01:28:35,302 [Time-limited test] WARN  server.ServerUtils (ServerUtils.java:getScmDbDir(148)) - ozone.scm.db.dirs is not configured. We recommend adding this setting. Falling back to ozone.metadata.dirs instead.
2021-02-20 01:28:35,304 [Time-limited test] WARN  db.DBStoreBuilder (DBStoreBuilder.java:applyDBDefinition(145)) - ozone.scm.db.dirs is not configured. We recommend adding this setting. Falling back to ozone.metadata.dirs instead.
2021-02-20 01:28:35,347 [Time-limited test] INFO  net.NodeSchemaLoader (NodeSchemaLoader.java:loadSchemaFromFile(126)) - Loading file from sun.misc.CompoundEnumeration@7e8051f9
2021-02-20 01:28:35,348 [Time-limited test] INFO  net.NodeSchemaLoader (NodeSchemaLoader.java:loadSchema(172)) - Loading network topology layer schema file
2021-02-20 01:28:35,352 [Time-limited test] WARN  server.ServerUtils (ServerUtils.java:sanitizeUserArgs(73)) - ozone.scm.stale.node.interval value = 300000 is larger than max = 100000 based on the key value of ozone.scm.heartbeat.thread.interval, reset to the max value 100000.
2021-02-20 01:28:35,352 [Time-limited test] WARN  server.ServerUtils (ServerUtils.java:sanitizeUserArgs(73)) - ozone.scm.stale.node.interval value = 300000 is larger than max = 100000 based on the key value of ozone.scm.heartbeat.thread.interval, reset to the max value 100000.
2021-02-20 01:28:35,353 [Time-limited test] INFO  node.SCMNodeManager (SCMNodeManager.java:<init>(123)) - Entering startup safe mode.
2021-02-20 01:28:35,354 [Time-limited test] INFO  algorithms.ContainerPlacementPolicyFactory (ContainerPlacementPolicyFactory.java:getPolicy(60)) - Create container placement policy of type org.apache.hadoop.hdds.scm.container.placement.algorithms.SCMContainerPlacementRandom
2021-02-20 01:28:35,354 [Time-limited test] INFO  algorithms.LeaderChoosePolicyFactory (LeaderChoosePolicyFactory.java:getPolicy(57)) - Create leader choose policy of type org.apache.hadoop.hdds.scm.pipeline.leader.choose.algorithms.MinLeaderCountChoosePolicy
2021-02-20 01:28:35,355 [Time-limited test] INFO  pipeline.SCMPipelineManager (SCMPipelineManager.java:initializePipelineState(161)) - No pipeline exists in current db
2021-02-20 01:28:35,355 [Time-limited test] INFO  algorithms.PipelineChoosePolicyFactory (PipelineChoosePolicyFactory.java:createPipelineChoosePolicyFromClass(73)) - Create pipeline choose policy of type org.apache.hadoop.hdds.scm.pipeline.choose.algorithms.RandomPipelineChoosePolicy
2021-02-20 01:28:35,357 [Time-limited test] INFO  safemode.HealthyPipelineSafeModeRule (HealthyPipelineSafeModeRule.java:<init>(89)) - Total pipeline count is 0, healthy pipeline threshold count is 0
2021-02-20 01:28:35,357 [Time-limited test] INFO  safemode.OneReplicaPipelineSafeModeRule (OneReplicaPipelineSafeModeRule.java:<init>(85)) - Total pipeline count is 0, pipeline's with at least one datanode reported threshold count is 0
2021-02-20 01:28:35,363 [Time-limited test] INFO  ipc.CallQueueManager (CallQueueManager.java:<init>(85)) - Using callQueue: class java.util.concurrent.LinkedBlockingQueue, queueCapacity: 2000, scheduler: class org.apache.hadoop.ipc.DefaultRpcScheduler, ipcBackoff: false.
2021-02-20 01:28:35,364 [Socket Reader #1 for port 0] INFO  ipc.Server (Server.java:run(1255)) - Starting Socket Reader #1 for port 0
2021-02-20 01:28:35,365 [Listener at 0.0.0.0/39241] INFO  ipc.CallQueueManager (CallQueueManager.java:<init>(85)) - Using callQueue: class java.util.concurrent.LinkedBlockingQueue, queueCapacity: 2000, scheduler: class org.apache.hadoop.ipc.DefaultRpcScheduler, ipcBackoff: false.
2021-02-20 01:28:35,365 [Socket Reader #1 for port 0] INFO  ipc.Server (Server.java:run(1255)) - Starting Socket Reader #1 for port 0
2021-02-20 01:28:35,366 [Listener at 0.0.0.0/43673] INFO  ipc.CallQueueManager (CallQueueManager.java:<init>(85)) - Using callQueue: class java.util.concurrent.LinkedBlockingQueue, queueCapacity: 2000, scheduler: class org.apache.hadoop.ipc.DefaultRpcScheduler, ipcBackoff: false.
2021-02-20 01:28:35,368 [Socket Reader #1 for port 0] INFO  ipc.Server (Server.java:run(1255)) - Starting Socket Reader #1 for port 0
2021-02-20 01:28:35,373 [Listener at 0.0.0.0/35469] INFO  http.BaseHttpServer (BaseHttpServer.java:newHttpServer2BuilderForOzone(207)) - Starting Web-server for scm at: http://0.0.0.0:0
2021-02-20 01:28:35,373 [Listener at 0.0.0.0/35469] INFO  http.BaseHttpServer (BaseHttpServer.java:<init>(106)) - Hadoop Security Enabled: false Ozone Security Enabled: false Ozone HTTP Security Enabled: false 
2021-02-20 01:28:35,375 [Listener at 0.0.0.0/35469] INFO  server.AuthenticationFilter (AuthenticationFilter.java:constructSecretProvider(240)) - Unable to initialize FileSignerSecretProvider, falling back to use random secrets.
2021-02-20 01:28:35,375 [Listener at 0.0.0.0/35469] WARN  http.HttpRequestLog (HttpRequestLog.java:getRequestLog(103)) - Jetty request log can only be enabled using Log4j
2021-02-20 01:28:35,376 [Listener at 0.0.0.0/35469] INFO  http.HttpServer2 (HttpServer2.java:addGlobalFilter(1020)) - Added global filter 'safety' (class=org.apache.hadoop.hdds.server.http.HttpServer2$QuotingInputFilter)
2021-02-20 01:28:35,377 [Listener at 0.0.0.0/35469] INFO  http.HttpServer2 (HttpServer2.java:addFilter(996)) - Added filter static_user_filter (class=org.apache.hadoop.http.lib.StaticUserWebFilter$StaticUserFilter) to context scm
2021-02-20 01:28:35,377 [Listener at 0.0.0.0/35469] INFO  http.HttpServer2 (HttpServer2.java:addFilter(1004)) - Added filter static_user_filter (class=org.apache.hadoop.http.lib.StaticUserWebFilter$StaticUserFilter) to context logs
2021-02-20 01:28:35,377 [Listener at 0.0.0.0/35469] INFO  http.HttpServer2 (HttpServer2.java:addFilter(1004)) - Added filter static_user_filter (class=org.apache.hadoop.http.lib.StaticUserWebFilter$StaticUserFilter) to context static
2021-02-20 01:28:35,380 [Listener at 0.0.0.0/35469] INFO  server.StorageContainerManager (StorageContainerManager.java:start(808)) - StorageContainerLocationProtocol RPC server is listening at /0.0.0.0:35469
2021-02-20 01:28:35,381 [Listener at 0.0.0.0/35469] WARN  impl.MetricsConfig (MetricsConfig.java:loadFirst(136)) - Cannot locate configuration: tried hadoop-metrics2-storagecontainermanager.properties,hadoop-metrics2.properties
2021-02-20 01:28:35,382 [Listener at 0.0.0.0/35469] INFO  impl.MetricsSystemImpl (MetricsSystemImpl.java:startTimer(378)) - Scheduled Metric snapshot period at 10 second(s).
2021-02-20 01:28:35,382 [Listener at 0.0.0.0/35469] INFO  impl.MetricsSystemImpl (MetricsSystemImpl.java:start(191)) - StorageContainerManager metrics system started
2021-02-20 01:28:35,395 [Listener at 0.0.0.0/35469] INFO  impl.MetricsSinkAdapter (MetricsSinkAdapter.java:start(204)) - Sink prometheus started
2021-02-20 01:28:35,395 [Listener at 0.0.0.0/35469] INFO  impl.MetricsSystemImpl (MetricsSystemImpl.java:registerSink(305)) - Registered sink prometheus
2021-02-20 01:28:35,400 [Listener at 0.0.0.0/35469] INFO  server.SCMClientProtocolServer (SCMClientProtocolServer.java:start(159)) - RPC server for Client  is listening at /0.0.0.0:35469
2021-02-20 01:28:35,402 [IPC Server Responder] INFO  ipc.Server (Server.java:run(1497)) - IPC Server Responder: starting
2021-02-20 01:28:35,414 [IPC Server listener on 0] INFO  ipc.Server (Server.java:run(1334)) - IPC Server listener on 0: starting
2021-02-20 01:28:35,419 [Listener at 0.0.0.0/35469] INFO  server.StorageContainerManager (StorageContainerManager.java:start(820)) - ScmBlockLocationProtocol RPC server is listening at /0.0.0.0:43673
2021-02-20 01:28:35,419 [Listener at 0.0.0.0/35469] INFO  server.SCMBlockProtocolServer (SCMBlockProtocolServer.java:start(150)) - RPC server for Block Protocol is listening at /0.0.0.0:43673
2021-02-20 01:28:35,420 [IPC Server Responder] INFO  ipc.Server (Server.java:run(1497)) - IPC Server Responder: starting
2021-02-20 01:28:35,420 [IPC Server listener on 0] INFO  ipc.Server (Server.java:run(1334)) - IPC Server listener on 0: starting
2021-02-20 01:28:35,423 [Listener at 0.0.0.0/35469] INFO  server.StorageContainerManager (StorageContainerManager.java:start(826)) - ScmDatanodeProtocl RPC server is listening at /0.0.0.0:39241
2021-02-20 01:28:35,423 [Listener at 0.0.0.0/35469] INFO  server.SCMDatanodeProtocolServer (SCMDatanodeProtocolServer.java:start(174)) - RPC server for DataNodes is listening at /0.0.0.0:39241
2021-02-20 01:28:35,424 [IPC Server Responder] INFO  ipc.Server (Server.java:run(1497)) - IPC Server Responder: starting
2021-02-20 01:28:35,424 [IPC Server listener on 0] INFO  ipc.Server (Server.java:run(1334)) - IPC Server listener on 0: starting
2021-02-20 01:28:35,436 [Listener at 0.0.0.0/35469] INFO  http.HttpServer2 (HttpServer2.java:bindListener(1238)) - Jetty bound to port 36183
2021-02-20 01:28:35,436 [Listener at 0.0.0.0/35469] INFO  server.Server (Server.java:doStart(375)) - jetty-9.4.34.v20201102; built: 2020-11-02T14:15:39.302Z; git: e46af88704a893fc12cb0e3bf46e2c7b48a009e7; jvm 1.8.0_232-b09
2021-02-20 01:28:35,437 [Listener at 0.0.0.0/35469] INFO  server.session (DefaultSessionIdManager.java:doStart(334)) - DefaultSessionIdManager workerName=node0
2021-02-20 01:28:35,438 [Listener at 0.0.0.0/35469] INFO  server.session (DefaultSessionIdManager.java:doStart(339)) - No SessionScavenger set, using defaults
2021-02-20 01:28:35,438 [Listener at 0.0.0.0/35469] INFO  server.session (HouseKeeper.java:startScavenging(132)) - node0 Scavenging every 660000ms
2021-02-20 01:28:35,439 [Listener at 0.0.0.0/35469] INFO  handler.ContextHandler (ContextHandler.java:doStart(916)) - Started o.e.j.s.ServletContextHandler@1551aec8{logs,/logs,file:///github/workspace/mnt/ozone/hadoop-ozone/integration-test/target/log,AVAILABLE}
2021-02-20 01:28:35,439 [Listener at 0.0.0.0/35469] INFO  handler.ContextHandler (ContextHandler.java:doStart(916)) - Started o.e.j.s.ServletContextHandler@267192ff{static,/static,file:///github/workspace/mnt/ozone/hadoop-ozone/integration-test/target/test-classes/webapps/static,AVAILABLE}
2021-02-20 01:28:35,446 [Listener at 0.0.0.0/35469] INFO  handler.ContextHandler (ContextHandler.java:doStart(916)) - Started o.e.j.w.WebAppContext@2b610314{scm,/,file:///github/workspace/mnt/ozone/hadoop-ozone/integration-test/target/test-classes/webapps/scm/,AVAILABLE}{file:/github/workspace/mnt/ozone/hadoop-ozone/integration-test/target/test-classes/webapps/scm}
2021-02-20 01:28:35,451 [Listener at 0.0.0.0/35469] INFO  server.AbstractConnector (AbstractConnector.java:doStart(331)) - Started ServerConnector@240b45d6{HTTP/1.1, (http/1.1)}{0.0.0.0:36183}
2021-02-20 01:28:35,451 [Listener at 0.0.0.0/35469] INFO  server.Server (Server.java:doStart(415)) - Started @20449ms
2021-02-20 01:28:35,451 [Listener at 0.0.0.0/35469] WARN  impl.MetricsSystemImpl (MetricsSystemImpl.java:register(279)) - Sink prometheus already exists!
2021-02-20 01:28:35,455 [Listener at 0.0.0.0/35469] INFO  http.BaseHttpServer (BaseHttpServer.java:updateConnectorAddress(327)) - HTTP server of scm listening at http://0.0.0.0:36183
2021-02-20 01:28:35,456 [Listener at 0.0.0.0/35469] WARN  server.ServerUtils (ServerUtils.java:getDBPath(225)) - ozone.om.db.dirs is not configured. We recommend adding this setting. Falling back to ozone.metadata.dirs instead.
2021-02-20 01:28:35,457 [org.apache.hadoop.util.JvmPauseMonitor$Monitor@7f03c6af] INFO  util.JvmPauseMonitor (JvmPauseMonitor.java:run(188)) - Starting JVM pause monitor
2021-02-20 01:28:35,458 [Listener at 0.0.0.0/35469] INFO  ha.OMHANodeDetails (OMHANodeDetails.java:loadOMHAConfig(104)) - ozone.om.internal.service.id is not defined, falling back to ozone.om.service.ids to find serviceID for OzoneManager if it is HA enabled cluster
2021-02-20 01:28:35,458 [Listener at 0.0.0.0/35469] INFO  ha.OMHANodeDetails (OMHANodeDetails.java:loadOMHAConfig(210)) - Configuration does not have ozone.om.address set. Falling back to the default OM address /127.0.0.1:0
2021-02-20 01:28:35,458 [Listener at 0.0.0.0/35469] INFO  ha.OMHANodeDetails (OMHANodeDetails.java:getOMNodeDetails(238)) - OM Service ID is not set. Setting it to the default ID: omServiceIdDefault
2021-02-20 01:28:35,458 [Listener at 0.0.0.0/35469] INFO  ha.OMHANodeDetails (OMHANodeDetails.java:getOMNodeDetails(245)) - OM Node ID is not set. Setting it to the default ID: om1
2021-02-20 01:28:35,458 [Listener at 0.0.0.0/35469] WARN  server.ServerUtils (ServerUtils.java:getDBPath(225)) - ozone.om.db.dirs is not configured. We recommend adding this setting. Falling back to ozone.metadata.dirs instead.
2021-02-20 01:28:35,458 [Listener at 0.0.0.0/35469] WARN  server.ServerUtils (ServerUtils.java:getDBPath(225)) - ozone.om.db.dirs is not configured. We recommend adding this setting. Falling back to ozone.metadata.dirs instead.
2021-02-20 01:28:35,468 [Listener at 0.0.0.0/35469] WARN  server.ServerUtils (ServerUtils.java:getDBPath(225)) - ozone.om.db.dirs is not configured. We recommend adding this setting. Falling back to ozone.metadata.dirs instead.
2021-02-20 01:28:35,469 [Listener at 0.0.0.0/35469] INFO  codec.OmKeyInfoCodec (OmKeyInfoCodec.java:<init>(43)) - OmKeyInfoCodec ignorePipeline = true
2021-02-20 01:28:35,469 [Listener at 0.0.0.0/35469] INFO  codec.RepeatedOmKeyInfoCodec (RepeatedOmKeyInfoCodec.java:<init>(42)) - RepeatedOmKeyInfoCodec ignorePipeline = true
2021-02-20 01:28:35,525 [Listener at 0.0.0.0/35469] INFO  om.OzoneManager (OzoneManager.java:addS3GVolumeToDB(3755)) - Created Volume s3v With Owner jenkins1001 required for S3Gateway operations.
2021-02-20 01:28:35,526 [Listener at 0.0.0.0/35469] WARN  server.ServerUtils (ServerUtils.java:getDefaultRatisDirectory(237)) - Storage directory for Ratis is not configured. It is a good idea to map this to an SSD disk. Falling back to ozone.metadata.dirs
2021-02-20 01:28:35,526 [Listener at 0.0.0.0/35469] WARN  ratis.OzoneManagerRatisServer (OzoneManagerRatisServer.java:getOMRatisSnapshotDirectory(632)) - ozone.om.ratis.snapshot.dir is not configured. Falling back to ozone.metadata.dirs config
2021-02-20 01:28:35,526 [Listener at 0.0.0.0/35469] WARN  server.ServerUtils (ServerUtils.java:getDefaultRatisDirectory(237)) - Storage directory for Ratis is not configured. It is a good idea to map this to an SSD disk. Falling back to ozone.metadata.dirs
2021-02-20 01:28:35,528 [Listener at 0.0.0.0/35469] INFO  ratis.OzoneManagerRatisServer (OzoneManagerRatisServer.java:<init>(286)) - Instantiating OM Ratis server with GroupID: omServiceIdDefault and Raft Peers: localhost:9872
2021-02-20 01:28:35,528 [Listener at 0.0.0.0/35469] INFO  ratis.OzoneManagerStateMachine (OzoneManagerStateMachine.java:loadSnapshotInfoFromDB(518)) - LastAppliedIndex is set from TransactionInfo from OM DB as (t:0, i:~)
2021-02-20 01:28:35,530 [Listener at 0.0.0.0/35469] INFO  server.RaftServer (ConfUtils.java:logGet(44)) - raft.rpc.type = GRPC (default)
2021-02-20 01:28:35,534 [Listener at 0.0.0.0/35469] INFO  grpc.GrpcFactory (GrpcFactory.java:checkPooledByteBufAllocatorUseCacheForAllThreads(48)) - PERFORMANCE WARNING: useCacheForAllThreads is true that may cause Netty to create a lot garbage objects and, as a result, trigger GC.
	It is recommended to disable useCacheForAllThreads by setting -Dorg.apache.ratis.thirdparty.io.netty.allocator.useCacheForAllThreads=false in command line.
2021-02-20 01:28:35,535 [Listener at 0.0.0.0/35469] INFO  grpc.GrpcConfigKeys (ConfUtils.java:logGet(44)) - raft.grpc.admin.port = -1 (default)
2021-02-20 01:28:35,535 [Listener at 0.0.0.0/35469] INFO  grpc.GrpcConfigKeys (ConfUtils.java:logGet(44)) - raft.grpc.server.port = 9872 (custom)
2021-02-20 01:28:35,535 [Listener at 0.0.0.0/35469] INFO  grpc.GrpcConfigKeys (ConfUtils.java:logGet(44)) - raft.grpc.client.port = -1 (default)
2021-02-20 01:28:35,535 [Listener at 0.0.0.0/35469] INFO  grpc.GrpcConfigKeys (ConfUtils.java:logGet(44)) - raft.grpc.server.port = 9872 (custom)
2021-02-20 01:28:35,535 [Listener at 0.0.0.0/35469] INFO  grpc.GrpcConfigKeys (ConfUtils.java:logGet(44)) - raft.grpc.server.port = 9872 (custom)
2021-02-20 01:28:35,535 [Listener at 0.0.0.0/35469] INFO  server.GrpcService (ConfUtils.java:logGet(44)) - raft.grpc.message.size.max = 33554432 (custom)
2021-02-20 01:28:35,535 [Listener at 0.0.0.0/35469] INFO  server.RaftServerConfigKeys (ConfUtils.java:logGet(44)) - raft.server.log.appender.buffer.byte-limit = 33554432 (custom)
2021-02-20 01:28:35,535 [Listener at 0.0.0.0/35469] INFO  server.GrpcService (ConfUtils.java:logGet(44)) - raft.grpc.flow.control.window = 1MB (=1048576) (default)
2021-02-20 01:28:35,535 [Listener at 0.0.0.0/35469] INFO  server.RaftServerConfigKeys (ConfUtils.java:logGet(44)) - raft.server.rpc.request.timeout = 3000ms (default)
2021-02-20 01:28:35,537 [Listener at 0.0.0.0/35469] INFO  impl.DataStreamServerImpl (ConfUtils.java:logGet(44)) - raft.datastream.type = DISABLED (default)
2021-02-20 01:28:35,537 [Listener at 0.0.0.0/35469] INFO  server.RaftServerConfigKeys (ConfUtils.java:logGet(44)) - raft.server.rpc.slowness.timeout = 120s (custom)
2021-02-20 01:28:35,537 [Listener at 0.0.0.0/35469] INFO  server.RaftServerConfigKeys (ConfUtils.java:logGet(44)) - raft.server.leaderelection.leader.step-down.wait-time = 10s (default)
2021-02-20 01:28:35,537 [Listener at 0.0.0.0/35469] INFO  server.RaftServerConfigKeys (ConfUtils.java:logGet(44)) - raft.server.storage.dir = [/github/workspace/mnt/ozone/hadoop-ozone/integration-test/target/test-dir/MiniOzoneClusterImpl-46d75fb8-28db-4144-ad70-95b93bf7853c/ozone-meta/ratis] (custom)
2021-02-20 01:28:35,542 [Listener at 0.0.0.0/35469] INFO  server.RaftServer (RaftServerProxy.java:addNew(95)) - om1: addNew group-C5BA1605619E:[om1|rpc:localhost:9872|priority:0] returns group-C5BA1605619E:java.util.concurrent.CompletableFuture@777d4c36[Not completed]
2021-02-20 01:28:35,542 [Listener at 0.0.0.0/35469] INFO  om.OzoneManager (OzoneManager.java:initializeRatisServer(1334)) - OzoneManager Ratis server initialized at port 9872
2021-02-20 01:28:35,545 [pool-80-thread-1] INFO  server.RaftServer$Division (RaftServerImpl.java:<init>(180)) - om1: new RaftServerImpl for group-C5BA1605619E:[om1|rpc:localhost:9872|priority:0] with OzoneManagerStateMachine:uninitialized
2021-02-20 01:28:35,545 [pool-80-thread-1] INFO  server.RaftServerConfigKeys (ConfUtils.java:logGet(44)) - raft.server.rpc.timeout.min = 1s (custom)
2021-02-20 01:28:35,545 [pool-80-thread-1] INFO  server.RaftServerConfigKeys (ConfUtils.java:logGet(44)) - raft.server.rpc.timeout.max = 1200ms (custom)
2021-02-20 01:28:35,546 [pool-80-thread-1] INFO  server.RaftServerConfigKeys (ConfUtils.java:logGet(44)) - raft.server.rpc.sleep.time = 25ms (default)
2021-02-20 01:28:35,546 [pool-80-thread-1] INFO  server.RaftServerConfigKeys (ConfUtils.java:logGet(44)) - raft.server.rpc.slowness.timeout = 120s (custom)
2021-02-20 01:28:35,547 [pool-80-thread-1] INFO  server.RaftServerConfigKeys (ConfUtils.java:logGet(44)) - raft.server.leaderelection.leader.step-down.wait-time = 10s (default)
2021-02-20 01:28:35,547 [pool-80-thread-1] INFO  server.RaftServerConfigKeys (ConfUtils.java:logGet(44)) - raft.server.sleep.deviation.threshold = 300ms (default)
2021-02-20 01:28:35,547 [pool-80-thread-1] INFO  server.RaftServerConfigKeys (ConfUtils.java:logGet(44)) - raft.server.log.appender.install.snapshot.enabled = false (custom)
2021-02-20 01:28:35,548 [pool-80-thread-1] INFO  server.RaftServer$Division (ServerState.java:<init>(105)) - om1@group-C5BA1605619E: ConfigurationManager, init=-1: [om1|rpc:localhost:9872|priority:0], old=null, confs=<EMPTY_MAP>
2021-02-20 01:28:35,549 [pool-80-thread-1] INFO  server.RaftServerConfigKeys (ConfUtils.java:logGet(44)) - raft.server.storage.dir = [/github/workspace/mnt/ozone/hadoop-ozone/integration-test/target/test-dir/MiniOzoneClusterImpl-46d75fb8-28db-4144-ad70-95b93bf7853c/ozone-meta/ratis] (custom)
2021-02-20 01:28:35,549 [pool-80-thread-1] INFO  server.RaftServerConfigKeys (ConfUtils.java:logGet(44)) - raft.server.log.corruption.policy = EXCEPTION (default)
2021-02-20 01:28:35,550 [pool-80-thread-1] INFO  storage.RaftStorageDirectory (RaftStorageDirectoryImpl.java:analyzeStorage(132)) - The storage directory /github/workspace/mnt/ozone/hadoop-ozone/integration-test/target/test-dir/MiniOzoneClusterImpl-46d75fb8-28db-4144-ad70-95b93bf7853c/ozone-meta/ratis/bf265839-605b-3f16-9796-c5ba1605619e does not exist. Creating ...
2021-02-20 01:28:35,553 [Listener at 0.0.0.0/35469] INFO  ipc.CallQueueManager (CallQueueManager.java:<init>(85)) - Using callQueue: class java.util.concurrent.LinkedBlockingQueue, queueCapacity: 2000, scheduler: class org.apache.hadoop.ipc.DefaultRpcScheduler, ipcBackoff: false.
2021-02-20 01:28:35,555 [pool-80-thread-1] INFO  storage.RaftStorageDirectory (RaftStorageDirectoryImpl.java:tryLock(215)) - Lock on /github/workspace/mnt/ozone/hadoop-ozone/integration-test/target/test-dir/MiniOzoneClusterImpl-46d75fb8-28db-4144-ad70-95b93bf7853c/ozone-meta/ratis/bf265839-605b-3f16-9796-c5ba1605619e/in_use.lock acquired by nodename 499@f72688ae09c2
2021-02-20 01:28:35,559 [pool-80-thread-1] INFO  storage.RaftStorage (RaftStorageImpl.java:format(87)) - Storage directory /github/workspace/mnt/ozone/hadoop-ozone/integration-test/target/test-dir/MiniOzoneClusterImpl-46d75fb8-28db-4144-ad70-95b93bf7853c/ozone-meta/ratis/bf265839-605b-3f16-9796-c5ba1605619e has been successfully formatted.
2021-02-20 01:28:35,560 [pool-80-thread-1] ERROR storage.RaftStorage (RaftStorageImpl.java:readRaftConfiguration(147)) - Failed reading configuration from file:/github/workspace/mnt/ozone/hadoop-ozone/integration-test/target/test-dir/MiniOzoneClusterImpl-46d75fb8-28db-4144-ad70-95b93bf7853c/ozone-meta/ratis/bf265839-605b-3f16-9796-c5ba1605619e/current/raft-meta.conf
java.io.FileNotFoundException: /github/workspace/mnt/ozone/hadoop-ozone/integration-test/target/test-dir/MiniOzoneClusterImpl-46d75fb8-28db-4144-ad70-95b93bf7853c/ozone-meta/ratis/bf265839-605b-3f16-9796-c5ba1605619e/current/raft-meta.conf (No such file or directory)
	at java.io.FileInputStream.open0(Native Method)
	at java.io.FileInputStream.open(FileInputStream.java:195)
	at java.io.FileInputStream.<init>(FileInputStream.java:138)
	at org.apache.ratis.server.storage.RaftStorageImpl.readRaftConfiguration(RaftStorageImpl.java:143)
	at org.apache.ratis.server.impl.ServerState.<init>(ServerState.java:122)
	at org.apache.ratis.server.impl.RaftServerImpl.<init>(RaftServerImpl.java:193)
	at org.apache.ratis.server.impl.RaftServerProxy.lambda$newRaftServerImpl$4(RaftServerProxy.java:266)
	at java.util.concurrent.CompletableFuture$AsyncSupply.run(CompletableFuture.java:1604)
	at java.util.concurrent.ThreadPoolExecutor.runWorker(ThreadPoolExecutor.java:1149)
	at java.util.concurrent.ThreadPoolExecutor$Worker.run(ThreadPoolExecutor.java:624)
	at java.lang.Thread.run(Thread.java:748)
2021-02-20 01:28:35,561 [pool-80-thread-1] INFO  server.RaftServerConfigKeys (ConfUtils.java:logGet(44)) - raft.server.notification.no-leader.timeout = 120s (custom)
2021-02-20 01:28:35,561 [pool-80-thread-1] INFO  server.RaftServerConfigKeys (ConfUtils.java:logGet(44)) - raft.server.log.use.memory = false (default)
2021-02-20 01:28:35,561 [pool-80-thread-1] INFO  server.RaftServerConfigKeys (ConfUtils.java:logGet(44)) - raft.server.log.purge.gap = 1000000 (custom)
2021-02-20 01:28:35,562 [pool-80-thread-1] INFO  server.RaftServerConfigKeys (ConfUtils.java:logGet(44)) - raft.server.log.appender.buffer.byte-limit = 33554432 (custom)
2021-02-20 01:28:35,562 [pool-80-thread-1] INFO  metrics.RatisMetrics (RatisMetrics.java:lambda$create$0(36)) - Creating Metrics Registry : ratis.log_worker.om1@group-C5BA1605619E
2021-02-20 01:28:35,565 [pool-80-thread-1] INFO  server.RaftServerConfigKeys (ConfUtils.java:logGet(44)) - raft.server.log.segment.size.max = 4194304 (custom)
2021-02-20 01:28:35,565 [pool-80-thread-1] INFO  server.RaftServerConfigKeys (ConfUtils.java:logGet(44)) - raft.server.log.segment.cache.num.max = 2 (custom)
2021-02-20 01:28:35,566 [pool-80-thread-1] INFO  server.RaftServerConfigKeys (ConfUtils.java:logGet(44)) - raft.server.log.segment.cache.size.max = 200MB (=209715200) (default)
2021-02-20 01:28:35,566 [Socket Reader #1 for port 0] INFO  ipc.Server (Server.java:run(1255)) - Starting Socket Reader #1 for port 0
2021-02-20 01:28:35,573 [pool-80-thread-1] INFO  segmented.SegmentedRaftLogWorker (SegmentedRaftLogWorker.java:<init>(181)) - new om1@group-C5BA1605619E-SegmentedRaftLogWorker for RaftStorageImpl:Storage Directory /github/workspace/mnt/ozone/hadoop-ozone/integration-test/target/test-dir/MiniOzoneClusterImpl-46d75fb8-28db-4144-ad70-95b93bf7853c/ozone-meta/ratis/bf265839-605b-3f16-9796-c5ba1605619e
2021-02-20 01:28:35,577 [pool-80-thread-1] INFO  server.RaftServerConfigKeys (ConfUtils.java:logGet(44)) - raft.server.log.queue.byte-limit = 64MB (=67108864) (default)
2021-02-20 01:28:35,577 [pool-80-thread-1] INFO  server.RaftServerConfigKeys (ConfUtils.java:logGet(44)) - raft.server.log.queue.element-limit = 4096 (default)
2021-02-20 01:28:35,577 [pool-80-thread-1] INFO  server.RaftServerConfigKeys (ConfUtils.java:logGet(44)) - raft.server.log.segment.size.max = 4194304 (custom)
2021-02-20 01:28:35,577 [pool-80-thread-1] INFO  server.RaftServerConfigKeys (ConfUtils.java:logGet(44)) - raft.server.log.preallocated.size = 4194304 (custom)
2021-02-20 01:28:35,577 [pool-80-thread-1] INFO  server.RaftServerConfigKeys (ConfUtils.java:logGet(44)) - raft.server.log.force.sync.num = 128 (default)
2021-02-20 01:28:35,577 [pool-80-thread-1] INFO  server.RaftServerConfigKeys (ConfUtils.java:logGet(44)) - raft.server.log.statemachine.data.sync = true (default)
2021-02-20 01:28:35,577 [pool-80-thread-1] INFO  server.RaftServerConfigKeys (ConfUtils.java:logGet(44)) - raft.server.log.statemachine.data.sync.timeout = 10s (default)
2021-02-20 01:28:35,577 [pool-80-thread-1] INFO  server.RaftServerConfigKeys (ConfUtils.java:logGet(44)) - raft.server.log.statemachine.data.sync.timeout.retry = -1 (default)
2021-02-20 01:28:35,578 [pool-80-thread-1] INFO  server.RaftServerConfigKeys (ConfUtils.java:logGet(44)) - raft.server.log.write.buffer.size = 64KB (=65536) (default)
2021-02-20 01:28:35,586 [pool-80-thread-1] INFO  server.RaftServerConfigKeys (ConfUtils.java:logGet(44)) - raft.server.log.statemachine.data.caching.enabled = false (default)
2021-02-20 01:28:35,586 [pool-80-thread-1] INFO  segmented.SegmentedRaftLogWorker (SegmentedRaftLogWorker.java:lambda$new$0(132)) - om1@group-C5BA1605619E-SegmentedRaftLogWorker: flushIndex: setUnconditionally 0 -> -1
2021-02-20 01:28:35,589 [pool-80-thread-1] INFO  segmented.SegmentedRaftLogWorker (SegmentedRaftLogWorker.java:lambda$new$0(132)) - om1@group-C5BA1605619E-SegmentedRaftLogWorker: safeCacheEvictIndex: setUnconditionally 0 -> -1
2021-02-20 01:28:35,594 [pool-80-thread-1] INFO  server.RaftServerConfigKeys (ConfUtils.java:logGet(44)) - raft.server.snapshot.auto.trigger.enabled = true (custom)
2021-02-20 01:28:35,594 [pool-80-thread-1] INFO  server.RaftServerConfigKeys (ConfUtils.java:logGet(44)) - raft.server.snapshot.auto.trigger.threshold = 400000 (default)
2021-02-20 01:28:35,594 [pool-80-thread-1] INFO  server.RaftServerConfigKeys (ConfUtils.java:logGet(44)) - raft.server.snapshot.retention.file.num = -1 (default)
2021-02-20 01:28:35,594 [pool-80-thread-1] INFO  server.RaftServerConfigKeys (ConfUtils.java:logGet(44)) - raft.server.log.purge.upto.snapshot.index = true (custom)
2021-02-20 01:28:35,594 [pool-80-thread-1] INFO  server.RaftServerConfigKeys (ConfUtils.java:logGet(44)) - raft.server.retrycache.expirytime = 300s (custom)
2021-02-20 01:28:35,594 [pool-80-thread-1] INFO  server.RaftServerConfigKeys (ConfUtils.java:logGet(44)) - raft.server.retrycache.statistics.expirytime = 100?s (default)
2021-02-20 01:28:35,594 [pool-80-thread-1] INFO  metrics.RatisMetrics (RatisMetrics.java:lambda$create$0(36)) - Creating Metrics Registry : ratis.leader_election.om1@group-C5BA1605619E
2021-02-20 01:28:35,595 [pool-80-thread-1] INFO  metrics.RatisMetrics (RatisMetrics.java:lambda$create$0(36)) - Creating Metrics Registry : ratis.server.om1@group-C5BA1605619E
2021-02-20 01:28:35,600 [Listener at 127.0.0.1/45247] INFO  impl.MetricsSystemImpl (MetricsSystemImpl.java:init(158)) - OzoneManager metrics system started (again)
2021-02-20 01:28:35,602 [Listener at 127.0.0.1/45247] INFO  om.OzoneManager (OzoneManager.java:start(1153)) - OzoneManager RPC server is listening at localhost/127.0.0.1:45247
2021-02-20 01:28:35,603 [Listener at 127.0.0.1/45247] INFO  ratis.OzoneManagerRatisServer (OzoneManagerRatisServer.java:start(386)) - Starting OzoneManagerRatisServer om1 at port 9872
2021-02-20 01:28:35,603 [Listener at 127.0.0.1/45247] INFO  server.RaftServer$Division (RaftServerImpl.java:start(295)) - om1@group-C5BA1605619E: start as a follower, conf=-1: [om1|rpc:localhost:9872|priority:0], old=null
2021-02-20 01:28:35,603 [Listener at 127.0.0.1/45247] INFO  server.RaftServer$Division (RaftServerImpl.java:setRole(284)) - om1@group-C5BA1605619E: changes role from      null to FOLLOWER at term 0 for startAsFollower
2021-02-20 01:28:35,603 [Listener at 127.0.0.1/45247] INFO  impl.RoleInfo (RoleInfo.java:updateAndGet(130)) - om1: start om1@group-C5BA1605619E-FollowerState
2021-02-20 01:28:35,607 [Listener at 127.0.0.1/45247] INFO  util.JmxRegister (JmxRegister.java:tryRegister(44)) - Successfully registered JMX Bean with object name Ratis:service=RaftServer,group=group-C5BA1605619E,id=om1
2021-02-20 01:28:35,607 [Listener at 127.0.0.1/45247] INFO  metrics.RatisMetrics (RatisMetrics.java:lambda$create$0(36)) - Creating Metrics Registry : ratis.state_machine.om1@group-C5BA1605619E
2021-02-20 01:28:35,612 [Listener at 127.0.0.1/45247] INFO  server.RaftServer (RaftServerProxy.java:lambda$start$5(374)) - om1: start RPC server
2021-02-20 01:28:35,620 [Listener at 127.0.0.1/45247] INFO  server.GrpcService (GrpcService.java:startImpl(253)) - om1: GrpcService started, listening on 9872
2021-02-20 01:28:35,622 [org.apache.ratis.util.JvmPauseMonitor$$Lambda$504/250053350@265675ed] INFO  util.JvmPauseMonitor (JvmPauseMonitor.java:run(103)) - JvmPauseMonitor-om1: Started
2021-02-20 01:28:35,629 [Listener at 127.0.0.1/45247] INFO  http.BaseHttpServer (BaseHttpServer.java:newHttpServer2BuilderForOzone(207)) - Starting Web-server for ozoneManager at: http://0.0.0.0:0
2021-02-20 01:28:35,629 [Listener at 127.0.0.1/45247] INFO  http.BaseHttpServer (BaseHttpServer.java:<init>(106)) - Hadoop Security Enabled: false Ozone Security Enabled: false Ozone HTTP Security Enabled: false 
2021-02-20 01:28:35,631 [Listener at 127.0.0.1/45247] INFO  server.AuthenticationFilter (AuthenticationFilter.java:constructSecretProvider(240)) - Unable to initialize FileSignerSecretProvider, falling back to use random secrets.
2021-02-20 01:28:35,631 [Listener at 127.0.0.1/45247] WARN  http.HttpRequestLog (HttpRequestLog.java:getRequestLog(103)) - Jetty request log can only be enabled using Log4j
2021-02-20 01:28:35,632 [Listener at 127.0.0.1/45247] INFO  http.HttpServer2 (HttpServer2.java:addGlobalFilter(1020)) - Added global filter 'safety' (class=org.apache.hadoop.hdds.server.http.HttpServer2$QuotingInputFilter)
2021-02-20 01:28:35,633 [Listener at 127.0.0.1/45247] INFO  http.HttpServer2 (HttpServer2.java:addFilter(996)) - Added filter static_user_filter (class=org.apache.hadoop.http.lib.StaticUserWebFilter$StaticUserFilter) to context ozoneManager
2021-02-20 01:28:35,633 [Listener at 127.0.0.1/45247] INFO  http.HttpServer2 (HttpServer2.java:addFilter(1004)) - Added filter static_user_filter (class=org.apache.hadoop.http.lib.StaticUserWebFilter$StaticUserFilter) to context static
2021-02-20 01:28:35,633 [Listener at 127.0.0.1/45247] INFO  http.HttpServer2 (HttpServer2.java:addFilter(1004)) - Added filter static_user_filter (class=org.apache.hadoop.http.lib.StaticUserWebFilter$StaticUserFilter) to context logs
2021-02-20 01:28:35,634 [Listener at 127.0.0.1/45247] INFO  http.HttpServer2 (HttpServer2.java:bindListener(1238)) - Jetty bound to port 36827
2021-02-20 01:28:35,634 [Listener at 127.0.0.1/45247] INFO  server.Server (Server.java:doStart(375)) - jetty-9.4.34.v20201102; built: 2020-11-02T14:15:39.302Z; git: e46af88704a893fc12cb0e3bf46e2c7b48a009e7; jvm 1.8.0_232-b09
2021-02-20 01:28:35,637 [Listener at 127.0.0.1/45247] INFO  server.session (DefaultSessionIdManager.java:doStart(334)) - DefaultSessionIdManager workerName=node0
2021-02-20 01:28:35,637 [Listener at 127.0.0.1/45247] INFO  server.session (DefaultSessionIdManager.java:doStart(339)) - No SessionScavenger set, using defaults
2021-02-20 01:28:35,638 [Listener at 127.0.0.1/45247] INFO  server.session (HouseKeeper.java:startScavenging(132)) - node0 Scavenging every 600000ms
2021-02-20 01:28:35,639 [Listener at 127.0.0.1/45247] INFO  handler.ContextHandler (ContextHandler.java:doStart(916)) - Started o.e.j.s.ServletContextHandler@2f568ad1{logs,/logs,file:///github/workspace/mnt/ozone/hadoop-ozone/integration-test/target/log,AVAILABLE}
2021-02-20 01:28:35,639 [Listener at 127.0.0.1/45247] INFO  handler.ContextHandler (ContextHandler.java:doStart(916)) - Started o.e.j.s.ServletContextHandler@5d507d76{static,/static,file:///github/workspace/mnt/ozone/hadoop-ozone/integration-test/target/test-classes/webapps/static,AVAILABLE}
2021-02-20 01:28:35,645 [Listener at 127.0.0.1/45247] INFO  handler.ContextHandler (ContextHandler.java:doStart(916)) - Started o.e.j.w.WebAppContext@62c89d5f{ozoneManager,/,file:///github/workspace/mnt/ozone/hadoop-ozone/integration-test/target/test-classes/webapps/ozoneManager/,AVAILABLE}{file:/github/workspace/mnt/ozone/hadoop-ozone/integration-test/target/test-classes/webapps/ozoneManager}
2021-02-20 01:28:35,651 [Listener at 127.0.0.1/45247] INFO  server.AbstractConnector (AbstractConnector.java:doStart(331)) - Started ServerConnector@5bd2190a{HTTP/1.1, (http/1.1)}{0.0.0.0:36827}
2021-02-20 01:28:35,651 [Listener at 127.0.0.1/45247] INFO  server.Server (Server.java:doStart(415)) - Started @20649ms
2021-02-20 01:28:35,654 [Listener at 127.0.0.1/45247] WARN  impl.MetricsSystemImpl (MetricsSystemImpl.java:register(279)) - Sink prometheus already exists!
2021-02-20 01:28:35,724 [Listener at 127.0.0.1/45247] INFO  http.BaseHttpServer (BaseHttpServer.java:updateConnectorAddress(327)) - HTTP server of ozoneManager listening at http://0.0.0.0:36827
2021-02-20 01:28:35,725 [IPC Server Responder] INFO  ipc.Server (Server.java:run(1497)) - IPC Server Responder: starting
2021-02-20 01:28:35,725 [IPC Server listener on 0] INFO  ipc.Server (Server.java:run(1334)) - IPC Server listener on 0: starting
2021-02-20 01:28:35,733 [Listener at 127.0.0.1/45247] INFO  om.OzoneManager (OzoneManager.java:startTrashEmptier(1274)) - Trash Interval set to 0. Files deleted will not move to trash
2021-02-20 01:28:35,742 [org.apache.hadoop.util.JvmPauseMonitor$Monitor@1750831c] INFO  util.JvmPauseMonitor (JvmPauseMonitor.java:run(188)) - Starting JVM pause monitor
2021-02-20 01:28:35,744 [Listener at 127.0.0.1/45247] INFO  impl.MetricsSystemImpl (MetricsSystemImpl.java:init(158)) - HddsDatanode metrics system started (again)
2021-02-20 01:28:35,746 [Listener at 127.0.0.1/45247] INFO  ozone.HddsDatanodeService (HddsDatanodeService.java:start(217)) - HddsDatanodeService host:f72688ae09c2 ip:172.17.0.2
2021-02-20 01:28:35,748 [Listener at 127.0.0.1/45247] INFO  volume.HddsVolume (HddsVolume.java:<init>(176)) - Creating Volume: /github/workspace/mnt/ozone/hadoop-ozone/integration-test/target/test-dir/MiniOzoneClusterImpl-46d75fb8-28db-4144-ad70-95b93bf7853c/datanode-0/data-0/containers/hdds of storage type : DISK and capacity : 9223372036854775807
2021-02-20 01:28:35,748 [Listener at 127.0.0.1/45247] INFO  volume.MutableVolumeSet (MutableVolumeSet.java:initializeVolumeSet(179)) - Added Volume : /github/workspace/mnt/ozone/hadoop-ozone/integration-test/target/test-dir/MiniOzoneClusterImpl-46d75fb8-28db-4144-ad70-95b93bf7853c/datanode-0/data-0/containers/hdds to VolumeSet
2021-02-20 01:28:35,749 [Listener at 127.0.0.1/45247] INFO  volume.ThrottledAsyncChecker (ThrottledAsyncChecker.java:schedule(141)) - Scheduling a check for /github/workspace/mnt/ozone/hadoop-ozone/integration-test/target/test-dir/MiniOzoneClusterImpl-46d75fb8-28db-4144-ad70-95b93bf7853c/datanode-0/data-0/containers/hdds
2021-02-20 01:28:35,750 [Listener at 127.0.0.1/45247] INFO  volume.HddsVolumeChecker (HddsVolumeChecker.java:checkAllVolumes(200)) - Scheduled health check for volume /github/workspace/mnt/ozone/hadoop-ozone/integration-test/target/test-dir/MiniOzoneClusterImpl-46d75fb8-28db-4144-ad70-95b93bf7853c/datanode-0/data-0/containers/hdds
2021-02-20 01:28:35,767 [Thread-290] INFO  ozoneimpl.ContainerReader (ContainerReader.java:readVolume(125)) - Start to verify containers on volume /github/workspace/mnt/ozone/hadoop-ozone/integration-test/target/test-dir/MiniOzoneClusterImpl-46d75fb8-28db-4144-ad70-95b93bf7853c/datanode-0/data-0/containers/hdds
2021-02-20 01:28:35,767 [Thread-290] INFO  ozoneimpl.ContainerReader (ContainerReader.java:readVolume(150)) - Finish verifying containers on volume /github/workspace/mnt/ozone/hadoop-ozone/integration-test/target/test-dir/MiniOzoneClusterImpl-46d75fb8-28db-4144-ad70-95b93bf7853c/datanode-0/data-0/containers/hdds
2021-02-20 01:28:35,767 [Listener at 127.0.0.1/45247] INFO  ozoneimpl.OzoneContainer (OzoneContainer.java:buildContainerSet(206)) - Build ContainerSet costs 0s
2021-02-20 01:28:35,778 [Listener at 127.0.0.1/45247] INFO  server.RaftServer (ConfUtils.java:logGet(44)) - raft.rpc.type = GRPC (default)
2021-02-20 01:28:35,779 [Listener at 127.0.0.1/45247] INFO  grpc.GrpcFactory (GrpcFactory.java:checkPooledByteBufAllocatorUseCacheForAllThreads(48)) - PERFORMANCE WARNING: useCacheForAllThreads is true that may cause Netty to create a lot garbage objects and, as a result, trigger GC.
	It is recommended to disable useCacheForAllThreads by setting -Dorg.apache.ratis.thirdparty.io.netty.allocator.useCacheForAllThreads=false in command line.
2021-02-20 01:28:35,779 [Listener at 127.0.0.1/45247] INFO  grpc.GrpcConfigKeys (ConfUtils.java:logGet(44)) - raft.grpc.admin.port = 0 (custom)
2021-02-20 01:28:35,779 [Listener at 127.0.0.1/45247] INFO  grpc.GrpcConfigKeys (ConfUtils.java:logGet(44)) - raft.grpc.client.port = 0 (custom)
2021-02-20 01:28:35,779 [Listener at 127.0.0.1/45247] INFO  grpc.GrpcConfigKeys (ConfUtils.java:logGet(44)) - raft.grpc.server.port = 0 (default)
2021-02-20 01:28:35,779 [Listener at 127.0.0.1/45247] INFO  server.GrpcService (ConfUtils.java:logGet(44)) - raft.grpc.message.size.max = 32MB (=33554432) (custom)
2021-02-20 01:28:35,779 [Listener at 127.0.0.1/45247] INFO  server.RaftServerConfigKeys (ConfUtils.java:logGet(44)) - raft.server.log.appender.buffer.byte-limit = 33554432 (custom)
2021-02-20 01:28:35,779 [Listener at 127.0.0.1/45247] INFO  server.GrpcService (ConfUtils.java:logGet(44)) - raft.grpc.flow.control.window = 5MB (=5242880) (custom)
2021-02-20 01:28:35,779 [Listener at 127.0.0.1/45247] INFO  server.RaftServerConfigKeys (ConfUtils.java:logGet(44)) - raft.server.rpc.request.timeout = 60s (custom)
2021-02-20 01:28:35,781 [Listener at 127.0.0.1/45247] INFO  impl.DataStreamServerImpl (ConfUtils.java:logGet(44)) - raft.datastream.type = DISABLED (default)
2021-02-20 01:28:35,781 [Listener at 127.0.0.1/45247] INFO  server.RaftServerConfigKeys (ConfUtils.java:logGet(44)) - raft.server.rpc.slowness.timeout = 300s (custom)
2021-02-20 01:28:35,781 [Listener at 127.0.0.1/45247] INFO  server.RaftServerConfigKeys (ConfUtils.java:logGet(44)) - raft.server.leaderelection.leader.step-down.wait-time = 10s (default)
2021-02-20 01:28:35,781 [Listener at 127.0.0.1/45247] INFO  server.RaftServerConfigKeys (ConfUtils.java:logGet(44)) - raft.server.storage.dir = [/github/workspace/mnt/ozone/hadoop-ozone/integration-test/target/test-dir/MiniOzoneClusterImpl-46d75fb8-28db-4144-ad70-95b93bf7853c/datanode-0/data/ratis] (custom)
2021-02-20 01:28:35,789 [Listener at 127.0.0.1/45247] INFO  http.BaseHttpServer (BaseHttpServer.java:newHttpServer2BuilderForOzone(207)) - Starting Web-server for hddsDatanode at: http://0.0.0.0:0
2021-02-20 01:28:35,789 [Listener at 127.0.0.1/45247] INFO  http.BaseHttpServer (BaseHttpServer.java:<init>(106)) - Hadoop Security Enabled: false Ozone Security Enabled: false Ozone HTTP Security Enabled: false 
2021-02-20 01:28:35,790 [Listener at 127.0.0.1/45247] INFO  server.AuthenticationFilter (AuthenticationFilter.java:constructSecretProvider(240)) - Unable to initialize FileSignerSecretProvider, falling back to use random secrets.
2021-02-20 01:28:35,791 [Listener at 127.0.0.1/45247] WARN  http.HttpRequestLog (HttpRequestLog.java:getRequestLog(103)) - Jetty request log can only be enabled using Log4j
2021-02-20 01:28:35,792 [Listener at 127.0.0.1/45247] INFO  http.HttpServer2 (HttpServer2.java:addGlobalFilter(1020)) - Added global filter 'safety' (class=org.apache.hadoop.hdds.server.http.HttpServer2$QuotingInputFilter)
2021-02-20 01:28:35,792 [Listener at 127.0.0.1/45247] INFO  http.HttpServer2 (HttpServer2.java:addFilter(996)) - Added filter static_user_filter (class=org.apache.hadoop.http.lib.StaticUserWebFilter$StaticUserFilter) to context hddsDatanode
2021-02-20 01:28:35,793 [Listener at 127.0.0.1/45247] INFO  http.HttpServer2 (HttpServer2.java:addFilter(1004)) - Added filter static_user_filter (class=org.apache.hadoop.http.lib.StaticUserWebFilter$StaticUserFilter) to context logs
2021-02-20 01:28:35,793 [Listener at 127.0.0.1/45247] INFO  http.HttpServer2 (HttpServer2.java:addFilter(1004)) - Added filter static_user_filter (class=org.apache.hadoop.http.lib.StaticUserWebFilter$StaticUserFilter) to context static
2021-02-20 01:28:35,793 [Listener at 127.0.0.1/45247] INFO  http.HttpServer2 (HttpServer2.java:bindListener(1238)) - Jetty bound to port 37915
2021-02-20 01:28:35,793 [Listener at 127.0.0.1/45247] INFO  server.Server (Server.java:doStart(375)) - jetty-9.4.34.v20201102; built: 2020-11-02T14:15:39.302Z; git: e46af88704a893fc12cb0e3bf46e2c7b48a009e7; jvm 1.8.0_232-b09
2021-02-20 01:28:35,795 [Listener at 127.0.0.1/45247] INFO  server.session (DefaultSessionIdManager.java:doStart(334)) - DefaultSessionIdManager workerName=node0
2021-02-20 01:28:35,795 [Listener at 127.0.0.1/45247] INFO  server.session (DefaultSessionIdManager.java:doStart(339)) - No SessionScavenger set, using defaults
2021-02-20 01:28:35,795 [Listener at 127.0.0.1/45247] INFO  server.session (HouseKeeper.java:startScavenging(132)) - node0 Scavenging every 600000ms
2021-02-20 01:28:35,796 [Listener at 127.0.0.1/45247] INFO  handler.ContextHandler (ContextHandler.java:doStart(916)) - Started o.e.j.s.ServletContextHandler@60a3dc02{logs,/logs,file:///github/workspace/mnt/ozone/hadoop-ozone/integration-test/target/log,AVAILABLE}
2021-02-20 01:28:35,797 [Listener at 127.0.0.1/45247] INFO  handler.ContextHandler (ContextHandler.java:doStart(916)) - Started o.e.j.s.ServletContextHandler@66af5934{static,/static,jar:file:/home/user/.m2/repository/org/apache/hadoop/hadoop-hdds-container-service/1.1.0-SNAPSHOT/hadoop-hdds-container-service-1.1.0-SNAPSHOT.jar!/webapps/static,AVAILABLE}
2021-02-20 01:28:35,955 [Listener at 127.0.0.1/45247] INFO  handler.ContextHandler (ContextHandler.java:doStart(916)) - Started o.e.j.w.WebAppContext@1a06caa9{hddsDatanode,/,file:///tmp/jetty-0_0_0_0-37915-hadoop-hdds-container-service-1_1_0-SNAPSHOT_jar-_-any-8573847463564046898/webapp/,AVAILABLE}{jar:file:/home/user/.m2/repository/org/apache/hadoop/hadoop-hdds-container-service/1.1.0-SNAPSHOT/hadoop-hdds-container-service-1.1.0-SNAPSHOT.jar!/webapps/hddsDatanode}
2021-02-20 01:28:35,957 [Listener at 127.0.0.1/45247] INFO  server.AbstractConnector (AbstractConnector.java:doStart(331)) - Started ServerConnector@3e11a8a4{HTTP/1.1, (http/1.1)}{0.0.0.0:37915}
2021-02-20 01:28:35,957 [Listener at 127.0.0.1/45247] INFO  server.Server (Server.java:doStart(415)) - Started @20955ms
2021-02-20 01:28:35,957 [Listener at 127.0.0.1/45247] WARN  impl.MetricsSystemImpl (MetricsSystemImpl.java:register(279)) - Sink prometheus already exists!
2021-02-20 01:28:35,961 [Listener at 127.0.0.1/45247] INFO  http.BaseHttpServer (BaseHttpServer.java:updateConnectorAddress(327)) - HTTP server of hddsDatanode listening at http://0.0.0.0:37915
2021-02-20 01:28:35,962 [Listener at 127.0.0.1/45247] INFO  impl.MetricsSystemImpl (MetricsSystemImpl.java:init(158)) - HddsDatanode metrics system started (again)
2021-02-20 01:28:35,963 [Listener at 127.0.0.1/45247] INFO  ozone.HddsDatanodeService (HddsDatanodeService.java:start(217)) - HddsDatanodeService host:f72688ae09c2 ip:172.17.0.2
2021-02-20 01:28:35,970 [Listener at 127.0.0.1/45247] INFO  volume.HddsVolume (HddsVolume.java:<init>(176)) - Creating Volume: /github/workspace/mnt/ozone/hadoop-ozone/integration-test/target/test-dir/MiniOzoneClusterImpl-46d75fb8-28db-4144-ad70-95b93bf7853c/datanode-1/data-0/containers/hdds of storage type : DISK and capacity : 9223372036854775807
2021-02-20 01:28:35,970 [Listener at 127.0.0.1/45247] INFO  volume.MutableVolumeSet (MutableVolumeSet.java:initializeVolumeSet(179)) - Added Volume : /github/workspace/mnt/ozone/hadoop-ozone/integration-test/target/test-dir/MiniOzoneClusterImpl-46d75fb8-28db-4144-ad70-95b93bf7853c/datanode-1/data-0/containers/hdds to VolumeSet
2021-02-20 01:28:35,970 [Listener at 127.0.0.1/45247] INFO  volume.ThrottledAsyncChecker (ThrottledAsyncChecker.java:schedule(141)) - Scheduling a check for /github/workspace/mnt/ozone/hadoop-ozone/integration-test/target/test-dir/MiniOzoneClusterImpl-46d75fb8-28db-4144-ad70-95b93bf7853c/datanode-1/data-0/containers/hdds
2021-02-20 01:28:35,977 [Datanode State Machine Task Thread - 0] INFO  datanode.InitDatanodeState (InitDatanodeState.java:persistContainerDatanodeDetails(145)) - DatanodeDetails is persisted to /github/workspace/mnt/ozone/hadoop-ozone/integration-test/target/test-dir/MiniOzoneClusterImpl-46d75fb8-28db-4144-ad70-95b93bf7853c/datanode-0/meta/datanode.id
2021-02-20 01:28:35,977 [org.apache.hadoop.util.JvmPauseMonitor$Monitor@2bdd4a1] INFO  util.JvmPauseMonitor (JvmPauseMonitor.java:run(188)) - Starting JVM pause monitor
2021-02-20 01:28:35,978 [Listener at 127.0.0.1/45247] INFO  volume.HddsVolumeChecker (HddsVolumeChecker.java:checkAllVolumes(200)) - Scheduled health check for volume /github/workspace/mnt/ozone/hadoop-ozone/integration-test/target/test-dir/MiniOzoneClusterImpl-46d75fb8-28db-4144-ad70-95b93bf7853c/datanode-1/data-0/containers/hdds
2021-02-20 01:28:35,993 [Thread-301] INFO  ozoneimpl.ContainerReader (ContainerReader.java:readVolume(125)) - Start to verify containers on volume /github/workspace/mnt/ozone/hadoop-ozone/integration-test/target/test-dir/MiniOzoneClusterImpl-46d75fb8-28db-4144-ad70-95b93bf7853c/datanode-1/data-0/containers/hdds
2021-02-20 01:28:35,993 [Thread-301] INFO  ozoneimpl.ContainerReader (ContainerReader.java:readVolume(150)) - Finish verifying containers on volume /github/workspace/mnt/ozone/hadoop-ozone/integration-test/target/test-dir/MiniOzoneClusterImpl-46d75fb8-28db-4144-ad70-95b93bf7853c/datanode-1/data-0/containers/hdds
2021-02-20 01:28:35,993 [Listener at 127.0.0.1/45247] INFO  ozoneimpl.OzoneContainer (OzoneContainer.java:buildContainerSet(206)) - Build ContainerSet costs 0s
2021-02-20 01:28:35,995 [Listener at 127.0.0.1/45247] INFO  server.RaftServer (ConfUtils.java:logGet(44)) - raft.rpc.type = GRPC (default)
2021-02-20 01:28:35,996 [Listener at 127.0.0.1/45247] INFO  grpc.GrpcFactory (GrpcFactory.java:checkPooledByteBufAllocatorUseCacheForAllThreads(48)) - PERFORMANCE WARNING: useCacheForAllThreads is true that may cause Netty to create a lot garbage objects and, as a result, trigger GC.
	It is recommended to disable useCacheForAllThreads by setting -Dorg.apache.ratis.thirdparty.io.netty.allocator.useCacheForAllThreads=false in command line.
2021-02-20 01:28:35,996 [Listener at 127.0.0.1/45247] INFO  grpc.GrpcConfigKeys (ConfUtils.java:logGet(44)) - raft.grpc.admin.port = 0 (custom)
2021-02-20 01:28:35,996 [Listener at 127.0.0.1/45247] INFO  grpc.GrpcConfigKeys (ConfUtils.java:logGet(44)) - raft.grpc.client.port = 0 (custom)
2021-02-20 01:28:35,996 [Listener at 127.0.0.1/45247] INFO  grpc.GrpcConfigKeys (ConfUtils.java:logGet(44)) - raft.grpc.server.port = 0 (default)
2021-02-20 01:28:35,996 [Listener at 127.0.0.1/45247] INFO  server.GrpcService (ConfUtils.java:logGet(44)) - raft.grpc.message.size.max = 32MB (=33554432) (custom)
2021-02-20 01:28:35,996 [Listener at 127.0.0.1/45247] INFO  server.RaftServerConfigKeys (ConfUtils.java:logGet(44)) - raft.server.log.appender.buffer.byte-limit = 33554432 (custom)
2021-02-20 01:28:35,996 [Listener at 127.0.0.1/45247] INFO  server.GrpcService (ConfUtils.java:logGet(44)) - raft.grpc.flow.control.window = 5MB (=5242880) (custom)
2021-02-20 01:28:35,996 [Listener at 127.0.0.1/45247] INFO  server.RaftServerConfigKeys (ConfUtils.java:logGet(44)) - raft.server.rpc.request.timeout = 60s (custom)
2021-02-20 01:28:35,998 [Listener at 127.0.0.1/45247] INFO  impl.DataStreamServerImpl (ConfUtils.java:logGet(44)) - raft.datastream.type = DISABLED (default)
2021-02-20 01:28:35,998 [Listener at 127.0.0.1/45247] INFO  server.RaftServerConfigKeys (ConfUtils.java:logGet(44)) - raft.server.rpc.slowness.timeout = 300s (custom)
2021-02-20 01:28:35,998 [Listener at 127.0.0.1/45247] INFO  server.RaftServerConfigKeys (ConfUtils.java:logGet(44)) - raft.server.leaderelection.leader.step-down.wait-time = 10s (default)
2021-02-20 01:28:35,998 [Listener at 127.0.0.1/45247] INFO  server.RaftServerConfigKeys (ConfUtils.java:logGet(44)) - raft.server.storage.dir = [/github/workspace/mnt/ozone/hadoop-ozone/integration-test/target/test-dir/MiniOzoneClusterImpl-46d75fb8-28db-4144-ad70-95b93bf7853c/datanode-1/data/ratis] (custom)
2021-02-20 01:28:36,009 [Listener at 127.0.0.1/45247] INFO  http.BaseHttpServer (BaseHttpServer.java:newHttpServer2BuilderForOzone(207)) - Starting Web-server for hddsDatanode at: http://0.0.0.0:0
2021-02-20 01:28:36,009 [Listener at 127.0.0.1/45247] INFO  http.BaseHttpServer (BaseHttpServer.java:<init>(106)) - Hadoop Security Enabled: false Ozone Security Enabled: false Ozone HTTP Security Enabled: false 
2021-02-20 01:28:36,011 [Listener at 127.0.0.1/45247] INFO  server.AuthenticationFilter (AuthenticationFilter.java:constructSecretProvider(240)) - Unable to initialize FileSignerSecretProvider, falling back to use random secrets.
2021-02-20 01:28:36,011 [Listener at 127.0.0.1/45247] WARN  http.HttpRequestLog (HttpRequestLog.java:getRequestLog(103)) - Jetty request log can only be enabled using Log4j
2021-02-20 01:28:36,012 [Listener at 127.0.0.1/45247] INFO  http.HttpServer2 (HttpServer2.java:addGlobalFilter(1020)) - Added global filter 'safety' (class=org.apache.hadoop.hdds.server.http.HttpServer2$QuotingInputFilter)
2021-02-20 01:28:36,013 [Listener at 127.0.0.1/45247] INFO  http.HttpServer2 (HttpServer2.java:addFilter(996)) - Added filter static_user_filter (class=org.apache.hadoop.http.lib.StaticUserWebFilter$StaticUserFilter) to context hddsDatanode
2021-02-20 01:28:36,013 [Listener at 127.0.0.1/45247] INFO  http.HttpServer2 (HttpServer2.java:addFilter(1004)) - Added filter static_user_filter (class=org.apache.hadoop.http.lib.StaticUserWebFilter$StaticUserFilter) to context logs
2021-02-20 01:28:36,013 [Listener at 127.0.0.1/45247] INFO  http.HttpServer2 (HttpServer2.java:addFilter(1004)) - Added filter static_user_filter (class=org.apache.hadoop.http.lib.StaticUserWebFilter$StaticUserFilter) to context static
2021-02-20 01:28:36,013 [Listener at 127.0.0.1/45247] INFO  http.HttpServer2 (HttpServer2.java:bindListener(1238)) - Jetty bound to port 38479
2021-02-20 01:28:36,013 [Listener at 127.0.0.1/45247] INFO  server.Server (Server.java:doStart(375)) - jetty-9.4.34.v20201102; built: 2020-11-02T14:15:39.302Z; git: e46af88704a893fc12cb0e3bf46e2c7b48a009e7; jvm 1.8.0_232-b09
2021-02-20 01:28:36,017 [Listener at 127.0.0.1/45247] INFO  server.session (DefaultSessionIdManager.java:doStart(334)) - DefaultSessionIdManager workerName=node0
2021-02-20 01:28:36,017 [Listener at 127.0.0.1/45247] INFO  server.session (DefaultSessionIdManager.java:doStart(339)) - No SessionScavenger set, using defaults
2021-02-20 01:28:36,018 [Listener at 127.0.0.1/45247] INFO  server.session (HouseKeeper.java:startScavenging(132)) - node0 Scavenging every 600000ms
2021-02-20 01:28:36,019 [Listener at 127.0.0.1/45247] INFO  handler.ContextHandler (ContextHandler.java:doStart(916)) - Started o.e.j.s.ServletContextHandler@111bfef2{logs,/logs,file:///github/workspace/mnt/ozone/hadoop-ozone/integration-test/target/log,AVAILABLE}
2021-02-20 01:28:36,019 [Listener at 127.0.0.1/45247] INFO  handler.ContextHandler (ContextHandler.java:doStart(916)) - Started o.e.j.s.ServletContextHandler@75da9a10{static,/static,jar:file:/home/user/.m2/repository/org/apache/hadoop/hadoop-hdds-container-service/1.1.0-SNAPSHOT/hadoop-hdds-container-service-1.1.0-SNAPSHOT.jar!/webapps/static,AVAILABLE}
2021-02-20 01:28:36,184 [Listener at 127.0.0.1/45247] INFO  handler.ContextHandler (ContextHandler.java:doStart(916)) - Started o.e.j.w.WebAppContext@21a0b949{hddsDatanode,/,file:///tmp/jetty-0_0_0_0-38479-hadoop-hdds-container-service-1_1_0-SNAPSHOT_jar-_-any-7556018821032846268/webapp/,AVAILABLE}{jar:file:/home/user/.m2/repository/org/apache/hadoop/hadoop-hdds-container-service/1.1.0-SNAPSHOT/hadoop-hdds-container-service-1.1.0-SNAPSHOT.jar!/webapps/hddsDatanode}
2021-02-20 01:28:36,185 [Listener at 127.0.0.1/45247] INFO  server.AbstractConnector (AbstractConnector.java:doStart(331)) - Started ServerConnector@37df9be6{HTTP/1.1, (http/1.1)}{0.0.0.0:38479}
2021-02-20 01:28:36,185 [Listener at 127.0.0.1/45247] INFO  server.Server (Server.java:doStart(415)) - Started @21184ms
2021-02-20 01:28:36,186 [Listener at 127.0.0.1/45247] WARN  impl.MetricsSystemImpl (MetricsSystemImpl.java:register(279)) - Sink prometheus already exists!
2021-02-20 01:28:36,189 [Listener at 127.0.0.1/45247] INFO  http.BaseHttpServer (BaseHttpServer.java:updateConnectorAddress(327)) - HTTP server of hddsDatanode listening at http://0.0.0.0:38479
2021-02-20 01:28:36,195 [Listener at 127.0.0.1/45247] INFO  impl.MetricsSystemImpl (MetricsSystemImpl.java:init(158)) - HddsDatanode metrics system started (again)
2021-02-20 01:28:36,206 [org.apache.hadoop.util.JvmPauseMonitor$Monitor@74b713ec] INFO  util.JvmPauseMonitor (JvmPauseMonitor.java:run(188)) - Starting JVM pause monitor
2021-02-20 01:28:36,207 [Listener at 127.0.0.1/45247] INFO  ozone.HddsDatanodeService (HddsDatanodeService.java:start(217)) - HddsDatanodeService host:f72688ae09c2 ip:172.17.0.2
2021-02-20 01:28:36,209 [Listener at 127.0.0.1/45247] INFO  volume.HddsVolume (HddsVolume.java:<init>(176)) - Creating Volume: /github/workspace/mnt/ozone/hadoop-ozone/integration-test/target/test-dir/MiniOzoneClusterImpl-46d75fb8-28db-4144-ad70-95b93bf7853c/datanode-2/data-0/containers/hdds of storage type : DISK and capacity : 9223372036854775807
2021-02-20 01:28:36,209 [Listener at 127.0.0.1/45247] INFO  volume.MutableVolumeSet (MutableVolumeSet.java:initializeVolumeSet(179)) - Added Volume : /github/workspace/mnt/ozone/hadoop-ozone/integration-test/target/test-dir/MiniOzoneClusterImpl-46d75fb8-28db-4144-ad70-95b93bf7853c/datanode-2/data-0/containers/hdds to VolumeSet
2021-02-20 01:28:36,209 [Listener at 127.0.0.1/45247] INFO  volume.ThrottledAsyncChecker (ThrottledAsyncChecker.java:schedule(141)) - Scheduling a check for /github/workspace/mnt/ozone/hadoop-ozone/integration-test/target/test-dir/MiniOzoneClusterImpl-46d75fb8-28db-4144-ad70-95b93bf7853c/datanode-2/data-0/containers/hdds
2021-02-20 01:28:36,218 [Listener at 127.0.0.1/45247] INFO  volume.HddsVolumeChecker (HddsVolumeChecker.java:checkAllVolumes(200)) - Scheduled health check for volume /github/workspace/mnt/ozone/hadoop-ozone/integration-test/target/test-dir/MiniOzoneClusterImpl-46d75fb8-28db-4144-ad70-95b93bf7853c/datanode-2/data-0/containers/hdds
2021-02-20 01:28:36,223 [Datanode State Machine Task Thread - 0] INFO  datanode.InitDatanodeState (InitDatanodeState.java:persistContainerDatanodeDetails(145)) - DatanodeDetails is persisted to /github/workspace/mnt/ozone/hadoop-ozone/integration-test/target/test-dir/MiniOzoneClusterImpl-46d75fb8-28db-4144-ad70-95b93bf7853c/datanode-1/meta/datanode.id
2021-02-20 01:28:36,238 [Thread-312] INFO  ozoneimpl.ContainerReader (ContainerReader.java:readVolume(125)) - Start to verify containers on volume /github/workspace/mnt/ozone/hadoop-ozone/integration-test/target/test-dir/MiniOzoneClusterImpl-46d75fb8-28db-4144-ad70-95b93bf7853c/datanode-2/data-0/containers/hdds
2021-02-20 01:28:36,238 [Thread-312] INFO  ozoneimpl.ContainerReader (ContainerReader.java:readVolume(150)) - Finish verifying containers on volume /github/workspace/mnt/ozone/hadoop-ozone/integration-test/target/test-dir/MiniOzoneClusterImpl-46d75fb8-28db-4144-ad70-95b93bf7853c/datanode-2/data-0/containers/hdds
2021-02-20 01:28:36,238 [Listener at 127.0.0.1/45247] INFO  ozoneimpl.OzoneContainer (OzoneContainer.java:buildContainerSet(206)) - Build ContainerSet costs 0s
2021-02-20 01:28:36,240 [Listener at 127.0.0.1/45247] INFO  server.RaftServer (ConfUtils.java:logGet(44)) - raft.rpc.type = GRPC (default)
2021-02-20 01:28:36,241 [Listener at 127.0.0.1/45247] INFO  grpc.GrpcFactory (GrpcFactory.java:checkPooledByteBufAllocatorUseCacheForAllThreads(48)) - PERFORMANCE WARNING: useCacheForAllThreads is true that may cause Netty to create a lot garbage objects and, as a result, trigger GC.
	It is recommended to disable useCacheForAllThreads by setting -Dorg.apache.ratis.thirdparty.io.netty.allocator.useCacheForAllThreads=false in command line.
2021-02-20 01:28:36,241 [Listener at 127.0.0.1/45247] INFO  grpc.GrpcConfigKeys (ConfUtils.java:logGet(44)) - raft.grpc.admin.port = 0 (custom)
2021-02-20 01:28:36,241 [Listener at 127.0.0.1/45247] INFO  grpc.GrpcConfigKeys (ConfUtils.java:logGet(44)) - raft.grpc.client.port = 0 (custom)
2021-02-20 01:28:36,241 [Listener at 127.0.0.1/45247] INFO  grpc.GrpcConfigKeys (ConfUtils.java:logGet(44)) - raft.grpc.server.port = 0 (default)
2021-02-20 01:28:36,241 [Listener at 127.0.0.1/45247] INFO  server.GrpcService (ConfUtils.java:logGet(44)) - raft.grpc.message.size.max = 32MB (=33554432) (custom)
2021-02-20 01:28:36,241 [Listener at 127.0.0.1/45247] INFO  server.RaftServerConfigKeys (ConfUtils.java:logGet(44)) - raft.server.log.appender.buffer.byte-limit = 33554432 (custom)
2021-02-20 01:28:36,241 [Listener at 127.0.0.1/45247] INFO  server.GrpcService (ConfUtils.java:logGet(44)) - raft.grpc.flow.control.window = 5MB (=5242880) (custom)
2021-02-20 01:28:36,241 [Listener at 127.0.0.1/45247] INFO  server.RaftServerConfigKeys (ConfUtils.java:logGet(44)) - raft.server.rpc.request.timeout = 60s (custom)
2021-02-20 01:28:36,242 [Listener at 127.0.0.1/45247] INFO  impl.DataStreamServerImpl (ConfUtils.java:logGet(44)) - raft.datastream.type = DISABLED (default)
2021-02-20 01:28:36,243 [Listener at 127.0.0.1/45247] INFO  server.RaftServerConfigKeys (ConfUtils.java:logGet(44)) - raft.server.rpc.slowness.timeout = 300s (custom)
2021-02-20 01:28:36,243 [Listener at 127.0.0.1/45247] INFO  server.RaftServerConfigKeys (ConfUtils.java:logGet(44)) - raft.server.leaderelection.leader.step-down.wait-time = 10s (default)
2021-02-20 01:28:36,243 [Listener at 127.0.0.1/45247] INFO  server.RaftServerConfigKeys (ConfUtils.java:logGet(44)) - raft.server.storage.dir = [/github/workspace/mnt/ozone/hadoop-ozone/integration-test/target/test-dir/MiniOzoneClusterImpl-46d75fb8-28db-4144-ad70-95b93bf7853c/datanode-2/data/ratis] (custom)
2021-02-20 01:28:36,250 [Listener at 127.0.0.1/45247] INFO  http.BaseHttpServer (BaseHttpServer.java:newHttpServer2BuilderForOzone(207)) - Starting Web-server for hddsDatanode at: http://0.0.0.0:0
2021-02-20 01:28:36,250 [Listener at 127.0.0.1/45247] INFO  http.BaseHttpServer (BaseHttpServer.java:<init>(106)) - Hadoop Security Enabled: false Ozone Security Enabled: false Ozone HTTP Security Enabled: false 
2021-02-20 01:28:36,252 [Listener at 127.0.0.1/45247] INFO  server.AuthenticationFilter (AuthenticationFilter.java:constructSecretProvider(240)) - Unable to initialize FileSignerSecretProvider, falling back to use random secrets.
2021-02-20 01:28:36,252 [Listener at 127.0.0.1/45247] WARN  http.HttpRequestLog (HttpRequestLog.java:getRequestLog(103)) - Jetty request log can only be enabled using Log4j
2021-02-20 01:28:36,253 [Listener at 127.0.0.1/45247] INFO  http.HttpServer2 (HttpServer2.java:addGlobalFilter(1020)) - Added global filter 'safety' (class=org.apache.hadoop.hdds.server.http.HttpServer2$QuotingInputFilter)
2021-02-20 01:28:36,254 [Listener at 127.0.0.1/45247] INFO  http.HttpServer2 (HttpServer2.java:addFilter(996)) - Added filter static_user_filter (class=org.apache.hadoop.http.lib.StaticUserWebFilter$StaticUserFilter) to context hddsDatanode
2021-02-20 01:28:36,254 [Listener at 127.0.0.1/45247] INFO  http.HttpServer2 (HttpServer2.java:addFilter(1004)) - Added filter static_user_filter (class=org.apache.hadoop.http.lib.StaticUserWebFilter$StaticUserFilter) to context static
2021-02-20 01:28:36,254 [Listener at 127.0.0.1/45247] INFO  http.HttpServer2 (HttpServer2.java:addFilter(1004)) - Added filter static_user_filter (class=org.apache.hadoop.http.lib.StaticUserWebFilter$StaticUserFilter) to context logs
2021-02-20 01:28:36,254 [Listener at 127.0.0.1/45247] INFO  http.HttpServer2 (HttpServer2.java:bindListener(1238)) - Jetty bound to port 32817
2021-02-20 01:28:36,255 [Listener at 127.0.0.1/45247] INFO  server.Server (Server.java:doStart(375)) - jetty-9.4.34.v20201102; built: 2020-11-02T14:15:39.302Z; git: e46af88704a893fc12cb0e3bf46e2c7b48a009e7; jvm 1.8.0_232-b09
2021-02-20 01:28:36,257 [Listener at 127.0.0.1/45247] INFO  server.session (DefaultSessionIdManager.java:doStart(334)) - DefaultSessionIdManager workerName=node0
2021-02-20 01:28:36,258 [Listener at 127.0.0.1/45247] INFO  server.session (DefaultSessionIdManager.java:doStart(339)) - No SessionScavenger set, using defaults
2021-02-20 01:28:36,258 [Listener at 127.0.0.1/45247] INFO  server.session (HouseKeeper.java:startScavenging(132)) - node0 Scavenging every 660000ms
2021-02-20 01:28:36,258 [Listener at 127.0.0.1/45247] INFO  handler.ContextHandler (ContextHandler.java:doStart(916)) - Started o.e.j.s.ServletContextHandler@2a323edd{logs,/logs,file:///github/workspace/mnt/ozone/hadoop-ozone/integration-test/target/log,AVAILABLE}
2021-02-20 01:28:36,259 [Listener at 127.0.0.1/45247] INFO  handler.ContextHandler (ContextHandler.java:doStart(916)) - Started o.e.j.s.ServletContextHandler@2b22334f{static,/static,jar:file:/home/user/.m2/repository/org/apache/hadoop/hadoop-hdds-container-service/1.1.0-SNAPSHOT/hadoop-hdds-container-service-1.1.0-SNAPSHOT.jar!/webapps/static,AVAILABLE}
2021-02-20 01:28:36,414 [Listener at 127.0.0.1/45247] INFO  handler.ContextHandler (ContextHandler.java:doStart(916)) - Started o.e.j.w.WebAppContext@6e928cd0{hddsDatanode,/,file:///tmp/jetty-0_0_0_0-32817-hadoop-hdds-container-service-1_1_0-SNAPSHOT_jar-_-any-1586152647506735927/webapp/,AVAILABLE}{jar:file:/home/user/.m2/repository/org/apache/hadoop/hadoop-hdds-container-service/1.1.0-SNAPSHOT/hadoop-hdds-container-service-1.1.0-SNAPSHOT.jar!/webapps/hddsDatanode}
2021-02-20 01:28:36,416 [Listener at 127.0.0.1/45247] INFO  server.AbstractConnector (AbstractConnector.java:doStart(331)) - Started ServerConnector@5ae99b0b{HTTP/1.1, (http/1.1)}{0.0.0.0:32817}
2021-02-20 01:28:36,416 [Listener at 127.0.0.1/45247] INFO  server.Server (Server.java:doStart(415)) - Started @21415ms
2021-02-20 01:28:36,416 [Listener at 127.0.0.1/45247] WARN  impl.MetricsSystemImpl (MetricsSystemImpl.java:register(279)) - Sink prometheus already exists!
2021-02-20 01:28:36,421 [Listener at 127.0.0.1/45247] INFO  http.BaseHttpServer (BaseHttpServer.java:updateConnectorAddress(327)) - HTTP server of hddsDatanode listening at http://0.0.0.0:32817
2021-02-20 01:28:36,423 [Listener at 127.0.0.1/45247] INFO  ozone.MiniOzoneClusterImpl (MiniOzoneClusterImpl.java:lambda$waitForClusterToBeReady$0(187)) - Waiting for nodes to be ready. Got 0 of 3 DN Heartbeats.
2021-02-20 01:28:36,423 [Listener at 127.0.0.1/45247] INFO  ozone.MiniOzoneClusterImpl (MiniOzoneClusterImpl.java:lambda$waitForClusterToBeReady$0(190)) - Waiting for cluster to exit safe mode
2021-02-20 01:28:36,425 [org.apache.hadoop.util.JvmPauseMonitor$Monitor@6bfd93b7] INFO  util.JvmPauseMonitor (JvmPauseMonitor.java:run(188)) - Starting JVM pause monitor
2021-02-20 01:28:36,428 [Datanode State Machine Task Thread - 0] INFO  datanode.InitDatanodeState (InitDatanodeState.java:persistContainerDatanodeDetails(145)) - DatanodeDetails is persisted to /github/workspace/mnt/ozone/hadoop-ozone/integration-test/target/test-dir/MiniOzoneClusterImpl-46d75fb8-28db-4144-ad70-95b93bf7853c/datanode-2/meta/datanode.id
2021-02-20 01:28:36,685 [Thread-257] INFO  impl.FollowerState (FollowerState.java:run(133)) - om1@group-C5BA1605619E-FollowerState: change to CANDIDATE, lastRpcElapsedTime:1082386242ns, electionTimeout:1068ms
2021-02-20 01:28:36,686 [Thread-257] INFO  impl.RoleInfo (RoleInfo.java:shutdownFollowerState(108)) - om1: shutdown om1@group-C5BA1605619E-FollowerState
2021-02-20 01:28:36,686 [Thread-257] INFO  server.RaftServer$Division (RaftServerImpl.java:setRole(284)) - om1@group-C5BA1605619E: changes role from  FOLLOWER to CANDIDATE at term 0 for changeToCandidate
2021-02-20 01:28:36,686 [Thread-257] INFO  server.RaftServerConfigKeys (ConfUtils.java:logGet(44)) - raft.server.leaderelection.pre-vote = false (custom)
2021-02-20 01:28:36,686 [Thread-257] INFO  impl.RoleInfo (RoleInfo.java:updateAndGet(130)) - om1: start om1@group-C5BA1605619E-LeaderElection3
2021-02-20 01:28:36,690 [om1@group-C5BA1605619E-LeaderElection3] INFO  impl.LeaderElection (LeaderElection.java:askForVotes(307)) - om1@group-C5BA1605619E-LeaderElection3 ELECTION round 0: submit vote requests at term 1 for -1: [om1|rpc:localhost:9872|priority:0], old=null
2021-02-20 01:28:36,690 [om1@group-C5BA1605619E-LeaderElection3] INFO  impl.LeaderElection (LeaderElection.java:askForVotes(309)) - om1@group-C5BA1605619E-LeaderElection3 ELECTION round 0: result PASSED (term=1)
2021-02-20 01:28:36,690 [om1@group-C5BA1605619E-LeaderElection3] INFO  impl.RoleInfo (RoleInfo.java:shutdownLeaderElection(121)) - om1: shutdown om1@group-C5BA1605619E-LeaderElection3
2021-02-20 01:28:36,690 [om1@group-C5BA1605619E-LeaderElection3] INFO  server.RaftServer$Division (RaftServerImpl.java:setRole(284)) - om1@group-C5BA1605619E: changes role from CANDIDATE to LEADER at term 1 for changeToLeader
2021-02-20 01:28:36,690 [om1@group-C5BA1605619E-LeaderElection3] INFO  server.RaftServer$Division (ServerState.java:setLeader(271)) - om1@group-C5BA1605619E: change Leader from null to om1 at term 1 for becomeLeader, leader elected after 1129ms
2021-02-20 01:28:36,690 [om1@group-C5BA1605619E-LeaderElection3] INFO  server.RaftServerConfigKeys (ConfUtils.java:logGet(44)) - raft.server.staging.catchup.gap = 1000 (default)
2021-02-20 01:28:36,690 [om1@group-C5BA1605619E-LeaderElection3] INFO  metrics.RatisMetrics (RatisMetrics.java:lambda$create$0(36)) - Creating Metrics Registry : ratis.log_appender.om1@group-C5BA1605619E
2021-02-20 01:28:36,690 [om1@group-C5BA1605619E-LeaderElection3] INFO  server.RaftServerConfigKeys (ConfUtils.java:logGet(44)) - raft.server.write.element-limit = 4096 (default)
2021-02-20 01:28:36,690 [om1@group-C5BA1605619E-LeaderElection3] INFO  server.RaftServerConfigKeys (ConfUtils.java:logGet(44)) - raft.server.write.byte-limit = 64MB (=67108864) (default)
2021-02-20 01:28:36,691 [om1@group-C5BA1605619E-LeaderElection3] INFO  server.RaftServerConfigKeys (ConfUtils.java:logGet(44)) - raft.server.watch.timeout = 10s (default)
2021-02-20 01:28:36,691 [om1@group-C5BA1605619E-LeaderElection3] INFO  server.RaftServerConfigKeys (ConfUtils.java:logGet(44)) - raft.server.watch.timeout.denomination = 1s (default)
2021-02-20 01:28:36,691 [om1@group-C5BA1605619E-LeaderElection3] INFO  server.RaftServerConfigKeys (ConfUtils.java:logGet(44)) - raft.server.watch.element-limit = 65536 (default)
2021-02-20 01:28:36,691 [om1@group-C5BA1605619E-LeaderElection3] INFO  impl.RoleInfo (RoleInfo.java:updateAndGet(130)) - om1: start om1@group-C5BA1605619E-LeaderStateImpl
2021-02-20 01:28:36,691 [om1@group-C5BA1605619E-LeaderElection3] INFO  segmented.SegmentedRaftLogWorker (SegmentedRaftLogWorker.java:startLogSegment(392)) - om1@group-C5BA1605619E-SegmentedRaftLogWorker: Starting segment from index:0
2021-02-20 01:28:36,700 [om1@group-C5BA1605619E-LeaderElection3] INFO  server.RaftServer$Division (ServerState.java:setRaftConf(373)) - om1@group-C5BA1605619E: set configuration 0: [om1|rpc:localhost:9872|admin:|client:|dataStream:|priority:0], old=null
2021-02-20 01:28:36,749 [om1@group-C5BA1605619E-SegmentedRaftLogWorker] INFO  segmented.SegmentedRaftLogWorker (SegmentedRaftLogWorker.java:execute(599)) - om1@group-C5BA1605619E-SegmentedRaftLogWorker: created new log segment /github/workspace/mnt/ozone/hadoop-ozone/integration-test/target/test-dir/MiniOzoneClusterImpl-46d75fb8-28db-4144-ad70-95b93bf7853c/ozone-meta/ratis/bf265839-605b-3f16-9796-c5ba1605619e/current/log_inprogress_0
2021-02-20 01:28:37,423 [Listener at 127.0.0.1/45247] INFO  ozone.MiniOzoneClusterImpl (MiniOzoneClusterImpl.java:lambda$waitForClusterToBeReady$0(187)) - Waiting for nodes to be ready. Got 0 of 3 DN Heartbeats.
2021-02-20 01:28:37,424 [Listener at 127.0.0.1/45247] INFO  ozone.MiniOzoneClusterImpl (MiniOzoneClusterImpl.java:lambda$waitForClusterToBeReady$0(190)) - Waiting for cluster to exit safe mode
2021-02-20 01:28:37,984 [EndpointStateMachine task thread for /0.0.0.0:39241 - 0 ] INFO  ozoneimpl.OzoneContainer (OzoneContainer.java:start(255)) - Attempting to start container services.
2021-02-20 01:28:37,984 [EndpointStateMachine task thread for /0.0.0.0:39241 - 0 ] INFO  ozoneimpl.OzoneContainer (OzoneContainer.java:startContainerScrub(219)) - Background container scanner has been disabled.
2021-02-20 01:28:37,986 [EndpointStateMachine task thread for /0.0.0.0:39241 - 0 ] INFO  replication.ReplicationServer (ReplicationServer.java:start(106)) - ReplicationServer is started using port 38987
2021-02-20 01:28:37,986 [EndpointStateMachine task thread for /0.0.0.0:39241 - 0 ] INFO  ratis.XceiverServerRatis (XceiverServerRatis.java:start(486)) - Starting XceiverServerRatis 06e7b775-0a7d-45dc-8705-eb1795cf2a4d
2021-02-20 01:28:37,994 [EndpointStateMachine task thread for /0.0.0.0:39241 - 0 ] INFO  server.RaftServer (RaftServerProxy.java:lambda$start$5(374)) - 06e7b775-0a7d-45dc-8705-eb1795cf2a4d: start RPC server
2021-02-20 01:28:37,996 [EndpointStateMachine task thread for /0.0.0.0:39241 - 0 ] INFO  server.GrpcService (GrpcService.java:startImpl(253)) - 06e7b775-0a7d-45dc-8705-eb1795cf2a4d: GrpcService started, listening on 42403
2021-02-20 01:28:37,996 [EndpointStateMachine task thread for /0.0.0.0:39241 - 0 ] INFO  ratis.XceiverServerRatis (XceiverServerRatis.java:getRealPort(507)) - XceiverServerRatis 06e7b775-0a7d-45dc-8705-eb1795cf2a4d is started using port 42403 for RATIS
2021-02-20 01:28:37,996 [EndpointStateMachine task thread for /0.0.0.0:39241 - 0 ] INFO  ratis.XceiverServerRatis (XceiverServerRatis.java:getRealPort(507)) - XceiverServerRatis 06e7b775-0a7d-45dc-8705-eb1795cf2a4d is started using port 42403 for RATIS_ADMIN
2021-02-20 01:28:37,996 [EndpointStateMachine task thread for /0.0.0.0:39241 - 0 ] INFO  ratis.XceiverServerRatis (XceiverServerRatis.java:getRealPort(507)) - XceiverServerRatis 06e7b775-0a7d-45dc-8705-eb1795cf2a4d is started using port 42403 for RATIS_SERVER
2021-02-20 01:28:37,997 [org.apache.ratis.util.JvmPauseMonitor$$Lambda$504/250053350@15e0f4e3] INFO  util.JvmPauseMonitor (JvmPauseMonitor.java:run(103)) - JvmPauseMonitor-06e7b775-0a7d-45dc-8705-eb1795cf2a4d: Started
2021-02-20 01:28:37,997 [EndpointStateMachine task thread for /0.0.0.0:39241 - 0 ] INFO  server.XceiverServerGrpc (XceiverServerGrpc.java:start(135)) - XceiverServerGrpc 06e7b775-0a7d-45dc-8705-eb1795cf2a4d is started using port 40319
2021-02-20 01:28:38,210 [EndpointStateMachine task thread for /0.0.0.0:39241 - 0 ] INFO  ozoneimpl.OzoneContainer (OzoneContainer.java:start(255)) - Attempting to start container services.
2021-02-20 01:28:38,211 [EndpointStateMachine task thread for /0.0.0.0:39241 - 0 ] INFO  ozoneimpl.OzoneContainer (OzoneContainer.java:startContainerScrub(219)) - Background container scanner has been disabled.
2021-02-20 01:28:38,212 [EndpointStateMachine task thread for /0.0.0.0:39241 - 0 ] INFO  replication.ReplicationServer (ReplicationServer.java:start(106)) - ReplicationServer is started using port 38563
2021-02-20 01:28:38,213 [EndpointStateMachine task thread for /0.0.0.0:39241 - 0 ] INFO  ratis.XceiverServerRatis (XceiverServerRatis.java:start(486)) - Starting XceiverServerRatis f236ad39-c3c5-4538-b46e-e838d72f44b7
2021-02-20 01:28:38,213 [EndpointStateMachine task thread for /0.0.0.0:39241 - 0 ] INFO  server.RaftServer (RaftServerProxy.java:lambda$start$5(374)) - f236ad39-c3c5-4538-b46e-e838d72f44b7: start RPC server
2021-02-20 01:28:38,214 [EndpointStateMachine task thread for /0.0.0.0:39241 - 0 ] INFO  server.GrpcService (GrpcService.java:startImpl(253)) - f236ad39-c3c5-4538-b46e-e838d72f44b7: GrpcService started, listening on 34705
2021-02-20 01:28:38,215 [EndpointStateMachine task thread for /0.0.0.0:39241 - 0 ] INFO  ratis.XceiverServerRatis (XceiverServerRatis.java:getRealPort(507)) - XceiverServerRatis f236ad39-c3c5-4538-b46e-e838d72f44b7 is started using port 34705 for RATIS
2021-02-20 01:28:38,215 [org.apache.ratis.util.JvmPauseMonitor$$Lambda$504/250053350@4eaa86a1] INFO  util.JvmPauseMonitor (JvmPauseMonitor.java:run(103)) - JvmPauseMonitor-f236ad39-c3c5-4538-b46e-e838d72f44b7: Started
2021-02-20 01:28:38,215 [EndpointStateMachine task thread for /0.0.0.0:39241 - 0 ] INFO  ratis.XceiverServerRatis (XceiverServerRatis.java:getRealPort(507)) - XceiverServerRatis f236ad39-c3c5-4538-b46e-e838d72f44b7 is started using port 34705 for RATIS_ADMIN
2021-02-20 01:28:38,215 [EndpointStateMachine task thread for /0.0.0.0:39241 - 0 ] INFO  ratis.XceiverServerRatis (XceiverServerRatis.java:getRealPort(507)) - XceiverServerRatis f236ad39-c3c5-4538-b46e-e838d72f44b7 is started using port 34705 for RATIS_SERVER
2021-02-20 01:28:38,216 [EndpointStateMachine task thread for /0.0.0.0:39241 - 0 ] INFO  server.XceiverServerGrpc (XceiverServerGrpc.java:start(135)) - XceiverServerGrpc f236ad39-c3c5-4538-b46e-e838d72f44b7 is started using port 45565
2021-02-20 01:28:38,424 [Listener at 127.0.0.1/45247] INFO  ozone.MiniOzoneClusterImpl (MiniOzoneClusterImpl.java:lambda$waitForClusterToBeReady$0(187)) - Waiting for nodes to be ready. Got 0 of 3 DN Heartbeats.
2021-02-20 01:28:38,424 [Listener at 127.0.0.1/45247] INFO  ozone.MiniOzoneClusterImpl (MiniOzoneClusterImpl.java:lambda$waitForClusterToBeReady$0(190)) - Waiting for cluster to exit safe mode
2021-02-20 01:28:38,431 [EndpointStateMachine task thread for /0.0.0.0:39241 - 0 ] INFO  ozoneimpl.OzoneContainer (OzoneContainer.java:start(255)) - Attempting to start container services.
2021-02-20 01:28:38,431 [EndpointStateMachine task thread for /0.0.0.0:39241 - 0 ] INFO  ozoneimpl.OzoneContainer (OzoneContainer.java:startContainerScrub(219)) - Background container scanner has been disabled.
2021-02-20 01:28:38,433 [EndpointStateMachine task thread for /0.0.0.0:39241 - 0 ] INFO  replication.ReplicationServer (ReplicationServer.java:start(106)) - ReplicationServer is started using port 34611
2021-02-20 01:28:38,433 [EndpointStateMachine task thread for /0.0.0.0:39241 - 0 ] INFO  ratis.XceiverServerRatis (XceiverServerRatis.java:start(486)) - Starting XceiverServerRatis 2d8cb092-44a7-42fa-93c6-2025e443f331
2021-02-20 01:28:38,434 [EndpointStateMachine task thread for /0.0.0.0:39241 - 0 ] INFO  server.RaftServer (RaftServerProxy.java:lambda$start$5(374)) - 2d8cb092-44a7-42fa-93c6-2025e443f331: start RPC server
2021-02-20 01:28:38,435 [EndpointStateMachine task thread for /0.0.0.0:39241 - 0 ] INFO  server.GrpcService (GrpcService.java:startImpl(253)) - 2d8cb092-44a7-42fa-93c6-2025e443f331: GrpcService started, listening on 38321
2021-02-20 01:28:38,435 [EndpointStateMachine task thread for /0.0.0.0:39241 - 0 ] INFO  ratis.XceiverServerRatis (XceiverServerRatis.java:getRealPort(507)) - XceiverServerRatis 2d8cb092-44a7-42fa-93c6-2025e443f331 is started using port 38321 for RATIS
2021-02-20 01:28:38,435 [org.apache.ratis.util.JvmPauseMonitor$$Lambda$504/250053350@4d3bd084] INFO  util.JvmPauseMonitor (JvmPauseMonitor.java:run(103)) - JvmPauseMonitor-2d8cb092-44a7-42fa-93c6-2025e443f331: Started
2021-02-20 01:28:38,435 [EndpointStateMachine task thread for /0.0.0.0:39241 - 0 ] INFO  ratis.XceiverServerRatis (XceiverServerRatis.java:getRealPort(507)) - XceiverServerRatis 2d8cb092-44a7-42fa-93c6-2025e443f331 is started using port 38321 for RATIS_ADMIN
2021-02-20 01:28:38,435 [EndpointStateMachine task thread for /0.0.0.0:39241 - 0 ] INFO  ratis.XceiverServerRatis (XceiverServerRatis.java:getRealPort(507)) - XceiverServerRatis 2d8cb092-44a7-42fa-93c6-2025e443f331 is started using port 38321 for RATIS_SERVER
2021-02-20 01:28:38,436 [EndpointStateMachine task thread for /0.0.0.0:39241 - 0 ] INFO  server.XceiverServerGrpc (XceiverServerGrpc.java:start(135)) - XceiverServerGrpc 2d8cb092-44a7-42fa-93c6-2025e443f331 is started using port 33657
2021-02-20 01:28:39,425 [Listener at 127.0.0.1/45247] INFO  ozone.MiniOzoneClusterImpl (MiniOzoneClusterImpl.java:lambda$waitForClusterToBeReady$0(187)) - Waiting for nodes to be ready. Got 0 of 3 DN Heartbeats.
2021-02-20 01:28:39,425 [Listener at 127.0.0.1/45247] INFO  ozone.MiniOzoneClusterImpl (MiniOzoneClusterImpl.java:lambda$waitForClusterToBeReady$0(190)) - Waiting for cluster to exit safe mode
2021-02-20 01:28:39,975 [IPC Server handler 0 on default port 39241] INFO  net.NetworkTopologyImpl (NetworkTopologyImpl.java:add(112)) - Added a new node: /default-rack/06e7b775-0a7d-45dc-8705-eb1795cf2a4d
2021-02-20 01:28:39,976 [IPC Server handler 0 on default port 39241] INFO  node.SCMNodeManager (SCMNodeManager.java:register(345)) - Registered Data node : 06e7b775-0a7d-45dc-8705-eb1795cf2a4d{ip: 172.17.0.2, host: f72688ae09c2, ports: [REPLICATION=38987, RATIS=42403, RATIS_ADMIN=42403, RATIS_SERVER=42403, STANDALONE=40319], networkLocation: /default-rack, certSerialId: null, persistedOpState: null, persistedOpStateExpiryEpochSec: 0}
2021-02-20 01:28:39,977 [RatisPipelineUtilsThread] INFO  pipeline.RatisPipelineProvider (RatisPipelineProvider.java:lambda$create$0(161)) - Sending CreatePipelineCommand for pipeline:PipelineID=38bd83a5-8a7b-437b-97c5-aed50f89a633 to datanode:06e7b775-0a7d-45dc-8705-eb1795cf2a4d
2021-02-20 01:28:39,977 [EventQueue-NodeRegistrationContainerReportForDataNodeSafeModeRule] INFO  safemode.SCMSafeModeManager (DataNodeSafeModeRule.java:process(71)) - SCM in safe mode. 1 DataNodes registered, 1 required.
2021-02-20 01:28:39,978 [EventQueue-NodeRegistrationContainerReportForDataNodeSafeModeRule] INFO  safemode.SCMSafeModeManager (SCMSafeModeManager.java:validateSafeModeExitRules(214)) - DataNodeSafeModeRule rule is successfully validated
2021-02-20 01:28:39,978 [EventQueue-NodeRegistrationContainerReportForDataNodeSafeModeRule] INFO  safemode.SCMSafeModeManager (SCMSafeModeManager.java:completePreCheck(242)) - All SCM safe mode pre check rules have passed
2021-02-20 01:28:39,979 [RatisPipelineUtilsThread] INFO  pipeline.PipelineStateManager (PipelineStateManager.java:addPipeline(54)) - Created pipeline Pipeline[ Id: 38bd83a5-8a7b-437b-97c5-aed50f89a633, Nodes: 06e7b775-0a7d-45dc-8705-eb1795cf2a4d{ip: 172.17.0.2, host: f72688ae09c2, ports: [REPLICATION=38987, RATIS=42403, RATIS_ADMIN=42403, RATIS_SERVER=42403, STANDALONE=40319], networkLocation: /default-rack, certSerialId: null, persistedOpState: IN_SERVICE, persistedOpStateExpiryEpochSec: 0}, Type:RATIS, Factor:ONE, State:ALLOCATED, leaderId:, CreationTimestamp2021-02-20T01:28:39.977Z]
2021-02-20 01:28:39,979 [RatisPipelineUtilsThread] WARN  pipeline.PipelinePlacementPolicy (PipelinePlacementPolicy.java:filterViableNodes(142)) - Pipeline creation failed due to no sufficient healthy datanodes. Required 3. Found 1.
2021-02-20 01:28:39,980 [EventQueue-NodeRegistrationContainerReportForContainerSafeModeRule] INFO  safemode.SCMSafeModeManager (SCMSafeModeManager.java:validateSafeModeExitRules(214)) - ContainerSafeModeRule rule is successfully validated
2021-02-20 01:28:39,986 [EventQueue-PipelineReportForOneReplicaPipelineSafeModeRule] INFO  safemode.SCMSafeModeManager (SCMSafeModeManager.java:validateSafeModeExitRules(214)) - AtleastOneDatanodeReportedRule rule is successfully validated
2021-02-20 01:28:40,207 [IPC Server handler 1 on default port 39241] INFO  net.NetworkTopologyImpl (NetworkTopologyImpl.java:add(112)) - Added a new node: /default-rack/f236ad39-c3c5-4538-b46e-e838d72f44b7
2021-02-20 01:28:40,207 [IPC Server handler 1 on default port 39241] INFO  node.SCMNodeManager (SCMNodeManager.java:register(345)) - Registered Data node : f236ad39-c3c5-4538-b46e-e838d72f44b7{ip: 172.17.0.2, host: f72688ae09c2, ports: [REPLICATION=38563, RATIS=34705, RATIS_ADMIN=34705, RATIS_SERVER=34705, STANDALONE=45565], networkLocation: /default-rack, certSerialId: null, persistedOpState: null, persistedOpStateExpiryEpochSec: 0}
2021-02-20 01:28:40,207 [EventQueue-NodeRegistrationContainerReportForDataNodeSafeModeRule] INFO  safemode.SCMSafeModeManager (SCMSafeModeManager.java:validateSafeModeExitRules(214)) - DataNodeSafeModeRule rule is successfully validated
2021-02-20 01:28:40,207 [EventQueue-PipelineReportForOneReplicaPipelineSafeModeRule] INFO  safemode.SCMSafeModeManager (SCMSafeModeManager.java:validateSafeModeExitRules(214)) - AtleastOneDatanodeReportedRule rule is successfully validated
2021-02-20 01:28:40,208 [EventQueue-NodeRegistrationContainerReportForContainerSafeModeRule] INFO  safemode.SCMSafeModeManager (SCMSafeModeManager.java:validateSafeModeExitRules(214)) - ContainerSafeModeRule rule is successfully validated
2021-02-20 01:28:40,209 [RatisPipelineUtilsThread] INFO  pipeline.RatisPipelineProvider (RatisPipelineProvider.java:lambda$create$0(161)) - Sending CreatePipelineCommand for pipeline:PipelineID=c5937e09-ebc7-4a31-a8b6-fd5e32ae9570 to datanode:f236ad39-c3c5-4538-b46e-e838d72f44b7
2021-02-20 01:28:40,209 [RatisPipelineUtilsThread] INFO  pipeline.PipelineStateManager (PipelineStateManager.java:addPipeline(54)) - Created pipeline Pipeline[ Id: c5937e09-ebc7-4a31-a8b6-fd5e32ae9570, Nodes: f236ad39-c3c5-4538-b46e-e838d72f44b7{ip: 172.17.0.2, host: f72688ae09c2, ports: [REPLICATION=38563, RATIS=34705, RATIS_ADMIN=34705, RATIS_SERVER=34705, STANDALONE=45565], networkLocation: /default-rack, certSerialId: null, persistedOpState: IN_SERVICE, persistedOpStateExpiryEpochSec: 0}, Type:RATIS, Factor:ONE, State:ALLOCATED, leaderId:, CreationTimestamp2021-02-20T01:28:40.209Z]
2021-02-20 01:28:40,210 [RatisPipelineUtilsThread] WARN  pipeline.PipelinePlacementPolicy (PipelinePlacementPolicy.java:filterViableNodes(142)) - Pipeline creation failed due to no sufficient healthy datanodes. Required 3. Found 2.
2021-02-20 01:28:40,425 [Listener at 127.0.0.1/45247] INFO  ozone.MiniOzoneClusterImpl (MiniOzoneClusterImpl.java:lambda$waitForClusterToBeReady$0(187)) - Waiting for nodes to be ready. Got 2 of 3 DN Heartbeats.
2021-02-20 01:28:40,426 [Listener at 127.0.0.1/45247] INFO  ozone.MiniOzoneClusterImpl (MiniOzoneClusterImpl.java:lambda$waitForClusterToBeReady$0(190)) - Waiting for cluster to exit safe mode
2021-02-20 01:28:40,428 [IPC Server handler 6 on default port 39241] INFO  net.NetworkTopologyImpl (NetworkTopologyImpl.java:add(112)) - Added a new node: /default-rack/2d8cb092-44a7-42fa-93c6-2025e443f331
2021-02-20 01:28:40,428 [IPC Server handler 6 on default port 39241] INFO  node.SCMNodeManager (SCMNodeManager.java:register(345)) - Registered Data node : 2d8cb092-44a7-42fa-93c6-2025e443f331{ip: 172.17.0.2, host: f72688ae09c2, ports: [REPLICATION=34611, RATIS=38321, RATIS_ADMIN=38321, RATIS_SERVER=38321, STANDALONE=33657], networkLocation: /default-rack, certSerialId: null, persistedOpState: null, persistedOpStateExpiryEpochSec: 0}
2021-02-20 01:28:40,428 [EventQueue-NodeRegistrationContainerReportForDataNodeSafeModeRule] INFO  safemode.SCMSafeModeManager (SCMSafeModeManager.java:validateSafeModeExitRules(214)) - DataNodeSafeModeRule rule is successfully validated
2021-02-20 01:28:40,428 [EventQueue-PipelineReportForOneReplicaPipelineSafeModeRule] INFO  safemode.SCMSafeModeManager (SCMSafeModeManager.java:validateSafeModeExitRules(214)) - AtleastOneDatanodeReportedRule rule is successfully validated
2021-02-20 01:28:40,429 [RatisPipelineUtilsThread] INFO  pipeline.RatisPipelineProvider (RatisPipelineProvider.java:lambda$create$0(161)) - Sending CreatePipelineCommand for pipeline:PipelineID=b76a8ffd-9853-4bed-9423-cc6391a33d0f to datanode:2d8cb092-44a7-42fa-93c6-2025e443f331
2021-02-20 01:28:40,430 [RatisPipelineUtilsThread] INFO  pipeline.PipelineStateManager (PipelineStateManager.java:addPipeline(54)) - Created pipeline Pipeline[ Id: b76a8ffd-9853-4bed-9423-cc6391a33d0f, Nodes: 2d8cb092-44a7-42fa-93c6-2025e443f331{ip: 172.17.0.2, host: f72688ae09c2, ports: [REPLICATION=34611, RATIS=38321, RATIS_ADMIN=38321, RATIS_SERVER=38321, STANDALONE=33657], networkLocation: /default-rack, certSerialId: null, persistedOpState: IN_SERVICE, persistedOpStateExpiryEpochSec: 0}, Type:RATIS, Factor:ONE, State:ALLOCATED, leaderId:, CreationTimestamp2021-02-20T01:28:40.429Z]
2021-02-20 01:28:40,432 [EventQueue-NodeRegistrationContainerReportForContainerSafeModeRule] INFO  safemode.SCMSafeModeManager (SCMSafeModeManager.java:validateSafeModeExitRules(214)) - ContainerSafeModeRule rule is successfully validated
2021-02-20 01:28:40,433 [RatisPipelineUtilsThread] INFO  pipeline.RatisPipelineProvider (RatisPipelineProvider.java:lambda$create$0(161)) - Sending CreatePipelineCommand for pipeline:PipelineID=2f789a6e-c2af-4dcc-b7c5-f71e5e32ec8e to datanode:06e7b775-0a7d-45dc-8705-eb1795cf2a4d
2021-02-20 01:28:40,433 [RatisPipelineUtilsThread] INFO  pipeline.RatisPipelineProvider (RatisPipelineProvider.java:lambda$create$0(161)) - Sending CreatePipelineCommand for pipeline:PipelineID=2f789a6e-c2af-4dcc-b7c5-f71e5e32ec8e to datanode:2d8cb092-44a7-42fa-93c6-2025e443f331
2021-02-20 01:28:40,433 [RatisPipelineUtilsThread] INFO  pipeline.RatisPipelineProvider (RatisPipelineProvider.java:lambda$create$0(161)) - Sending CreatePipelineCommand for pipeline:PipelineID=2f789a6e-c2af-4dcc-b7c5-f71e5e32ec8e to datanode:f236ad39-c3c5-4538-b46e-e838d72f44b7
2021-02-20 01:28:40,434 [RatisPipelineUtilsThread] INFO  pipeline.PipelineStateManager (PipelineStateManager.java:addPipeline(54)) - Created pipeline Pipeline[ Id: 2f789a6e-c2af-4dcc-b7c5-f71e5e32ec8e, Nodes: 06e7b775-0a7d-45dc-8705-eb1795cf2a4d{ip: 172.17.0.2, host: f72688ae09c2, ports: [REPLICATION=38987, RATIS=42403, RATIS_ADMIN=42403, RATIS_SERVER=42403, STANDALONE=40319], networkLocation: /default-rack, certSerialId: null, persistedOpState: IN_SERVICE, persistedOpStateExpiryEpochSec: 0}2d8cb092-44a7-42fa-93c6-2025e443f331{ip: 172.17.0.2, host: f72688ae09c2, ports: [REPLICATION=34611, RATIS=38321, RATIS_ADMIN=38321, RATIS_SERVER=38321, STANDALONE=33657], networkLocation: /default-rack, certSerialId: null, persistedOpState: IN_SERVICE, persistedOpStateExpiryEpochSec: 0}f236ad39-c3c5-4538-b46e-e838d72f44b7{ip: 172.17.0.2, host: f72688ae09c2, ports: [REPLICATION=38563, RATIS=34705, RATIS_ADMIN=34705, RATIS_SERVER=34705, STANDALONE=45565], networkLocation: /default-rack, certSerialId: null, persistedOpState: IN_SERVICE, persistedOpStateExpiryEpochSec: 0}, Type:RATIS, Factor:THREE, State:ALLOCATED, leaderId:, CreationTimestamp2021-02-20T01:28:40.433Z]
2021-02-20 01:28:41,426 [Listener at 127.0.0.1/45247] INFO  ozone.MiniOzoneClusterImpl (MiniOzoneClusterImpl.java:lambda$waitForClusterToBeReady$0(187)) - Nodes are ready. Got 3 of 3 DN Heartbeats.
2021-02-20 01:28:41,426 [Listener at 127.0.0.1/45247] INFO  ozone.MiniOzoneClusterImpl (MiniOzoneClusterImpl.java:lambda$waitForClusterToBeReady$0(190)) - Waiting for cluster to exit safe mode
2021-02-20 01:28:42,427 [Listener at 127.0.0.1/45247] INFO  ozone.MiniOzoneClusterImpl (MiniOzoneClusterImpl.java:lambda$waitForClusterToBeReady$0(187)) - Nodes are ready. Got 3 of 3 DN Heartbeats.
2021-02-20 01:28:42,427 [Listener at 127.0.0.1/45247] INFO  ozone.MiniOzoneClusterImpl (MiniOzoneClusterImpl.java:lambda$waitForClusterToBeReady$0(190)) - Waiting for cluster to exit safe mode
2021-02-20 01:28:42,975 [Command processor thread] INFO  server.RaftServer (RaftServerProxy.java:addNew(95)) - 06e7b775-0a7d-45dc-8705-eb1795cf2a4d: addNew group-AED50F89A633:[06e7b775-0a7d-45dc-8705-eb1795cf2a4d|rpc:172.17.0.2:42403|priority:1] returns group-AED50F89A633:java.util.concurrent.CompletableFuture@110dbeac[Not completed]
2021-02-20 01:28:42,977 [pool-91-thread-1] INFO  server.RaftServer$Division (RaftServerImpl.java:<init>(180)) - 06e7b775-0a7d-45dc-8705-eb1795cf2a4d: new RaftServerImpl for group-AED50F89A633:[06e7b775-0a7d-45dc-8705-eb1795cf2a4d|rpc:172.17.0.2:42403|priority:1] with ContainerStateMachine:uninitialized
2021-02-20 01:28:42,977 [pool-91-thread-1] INFO  server.RaftServerConfigKeys (ConfUtils.java:logGet(44)) - raft.server.rpc.timeout.min = 5s (custom)
2021-02-20 01:28:42,977 [pool-91-thread-1] INFO  server.RaftServerConfigKeys (ConfUtils.java:logGet(44)) - raft.server.rpc.timeout.max = 5200ms (custom)
2021-02-20 01:28:42,977 [pool-91-thread-1] INFO  server.RaftServerConfigKeys (ConfUtils.java:logGet(44)) - raft.server.rpc.sleep.time = 25ms (default)
2021-02-20 01:28:42,978 [pool-91-thread-1] INFO  server.RaftServerConfigKeys (ConfUtils.java:logGet(44)) - raft.server.rpc.slowness.timeout = 300s (custom)
2021-02-20 01:28:42,978 [pool-91-thread-1] INFO  server.RaftServerConfigKeys (ConfUtils.java:logGet(44)) - raft.server.leaderelection.leader.step-down.wait-time = 10s (default)
2021-02-20 01:28:42,978 [pool-91-thread-1] INFO  server.RaftServerConfigKeys (ConfUtils.java:logGet(44)) - raft.server.sleep.deviation.threshold = 300ms (default)
2021-02-20 01:28:42,978 [pool-91-thread-1] INFO  server.RaftServerConfigKeys (ConfUtils.java:logGet(44)) - raft.server.log.appender.install.snapshot.enabled = false (custom)
2021-02-20 01:28:42,978 [pool-91-thread-1] INFO  server.RaftServer$Division (ServerState.java:<init>(105)) - 06e7b775-0a7d-45dc-8705-eb1795cf2a4d@group-AED50F89A633: ConfigurationManager, init=-1: [06e7b775-0a7d-45dc-8705-eb1795cf2a4d|rpc:172.17.0.2:42403|priority:1], old=null, confs=<EMPTY_MAP>
2021-02-20 01:28:42,978 [pool-91-thread-1] INFO  server.RaftServerConfigKeys (ConfUtils.java:logGet(44)) - raft.server.storage.dir = [/github/workspace/mnt/ozone/hadoop-ozone/integration-test/target/test-dir/MiniOzoneClusterImpl-46d75fb8-28db-4144-ad70-95b93bf7853c/datanode-0/data/ratis] (custom)
2021-02-20 01:28:42,978 [pool-91-thread-1] INFO  server.RaftServerConfigKeys (ConfUtils.java:logGet(44)) - raft.server.log.corruption.policy = EXCEPTION (default)
2021-02-20 01:28:42,978 [pool-91-thread-1] INFO  storage.RaftStorageDirectory (RaftStorageDirectoryImpl.java:analyzeStorage(132)) - The storage directory /github/workspace/mnt/ozone/hadoop-ozone/integration-test/target/test-dir/MiniOzoneClusterImpl-46d75fb8-28db-4144-ad70-95b93bf7853c/datanode-0/data/ratis/38bd83a5-8a7b-437b-97c5-aed50f89a633 does not exist. Creating ...
2021-02-20 01:28:42,980 [pool-91-thread-1] INFO  storage.RaftStorageDirectory (RaftStorageDirectoryImpl.java:tryLock(215)) - Lock on /github/workspace/mnt/ozone/hadoop-ozone/integration-test/target/test-dir/MiniOzoneClusterImpl-46d75fb8-28db-4144-ad70-95b93bf7853c/datanode-0/data/ratis/38bd83a5-8a7b-437b-97c5-aed50f89a633/in_use.lock acquired by nodename 499@f72688ae09c2
2021-02-20 01:28:42,982 [pool-91-thread-1] INFO  storage.RaftStorage (RaftStorageImpl.java:format(87)) - Storage directory /github/workspace/mnt/ozone/hadoop-ozone/integration-test/target/test-dir/MiniOzoneClusterImpl-46d75fb8-28db-4144-ad70-95b93bf7853c/datanode-0/data/ratis/38bd83a5-8a7b-437b-97c5-aed50f89a633 has been successfully formatted.
2021-02-20 01:28:42,982 [pool-91-thread-1] INFO  ratis.ContainerStateMachine (ContainerStateMachine.java:loadSnapshot(223)) - group-AED50F89A633: The snapshot info is null. Setting the last applied indexto:(t:0, i:~)
2021-02-20 01:28:42,983 [pool-91-thread-1] ERROR storage.RaftStorage (RaftStorageImpl.java:readRaftConfiguration(147)) - Failed reading configuration from file:/github/workspace/mnt/ozone/hadoop-ozone/integration-test/target/test-dir/MiniOzoneClusterImpl-46d75fb8-28db-4144-ad70-95b93bf7853c/datanode-0/data/ratis/38bd83a5-8a7b-437b-97c5-aed50f89a633/current/raft-meta.conf
java.io.FileNotFoundException: /github/workspace/mnt/ozone/hadoop-ozone/integration-test/target/test-dir/MiniOzoneClusterImpl-46d75fb8-28db-4144-ad70-95b93bf7853c/datanode-0/data/ratis/38bd83a5-8a7b-437b-97c5-aed50f89a633/current/raft-meta.conf (No such file or directory)
	at java.io.FileInputStream.open0(Native Method)
	at java.io.FileInputStream.open(FileInputStream.java:195)
	at java.io.FileInputStream.<init>(FileInputStream.java:138)
	at org.apache.ratis.server.storage.RaftStorageImpl.readRaftConfiguration(RaftStorageImpl.java:143)
	at org.apache.ratis.server.impl.ServerState.<init>(ServerState.java:122)
	at org.apache.ratis.server.impl.RaftServerImpl.<init>(RaftServerImpl.java:193)
	at org.apache.ratis.server.impl.RaftServerProxy.lambda$newRaftServerImpl$4(RaftServerProxy.java:266)
	at java.util.concurrent.CompletableFuture$AsyncSupply.run(CompletableFuture.java:1604)
	at java.util.concurrent.ThreadPoolExecutor.runWorker(ThreadPoolExecutor.java:1149)
	at java.util.concurrent.ThreadPoolExecutor$Worker.run(ThreadPoolExecutor.java:624)
	at java.lang.Thread.run(Thread.java:748)
2021-02-20 01:28:42,984 [EventQueue-PipelineReportForOneReplicaPipelineSafeModeRule] INFO  safemode.SCMSafeModeManager (SCMSafeModeManager.java:validateSafeModeExitRules(214)) - AtleastOneDatanodeReportedRule rule is successfully validated
2021-02-20 01:28:42,984 [EventQueue-PipelineReportForPipelineReportHandler] INFO  pipeline.PipelineStateManager (PipelineStateManager.java:openPipeline(132)) - Pipeline Pipeline[ Id: 38bd83a5-8a7b-437b-97c5-aed50f89a633, Nodes: 06e7b775-0a7d-45dc-8705-eb1795cf2a4d{ip: 172.17.0.2, host: f72688ae09c2, ports: [REPLICATION=38987, RATIS=42403, RATIS_ADMIN=42403, RATIS_SERVER=42403, STANDALONE=40319], networkLocation: /default-rack, certSerialId: null, persistedOpState: IN_SERVICE, persistedOpStateExpiryEpochSec: 0}, Type:RATIS, Factor:ONE, State:ALLOCATED, leaderId:06e7b775-0a7d-45dc-8705-eb1795cf2a4d, CreationTimestamp2021-02-20T01:28:39.977Z] moved to OPEN state
2021-02-20 01:28:42,984 [pool-91-thread-1] INFO  server.RaftServerConfigKeys (ConfUtils.java:logGet(44)) - raft.server.notification.no-leader.timeout = 300s (custom)
2021-02-20 01:28:42,985 [pool-91-thread-1] INFO  server.RaftServerConfigKeys (ConfUtils.java:logGet(44)) - raft.server.log.use.memory = false (default)
2021-02-20 01:28:42,985 [pool-91-thread-1] INFO  server.RaftServerConfigKeys (ConfUtils.java:logGet(44)) - raft.server.log.purge.gap = 1000000 (custom)
2021-02-20 01:28:42,985 [pool-91-thread-1] INFO  server.RaftServerConfigKeys (ConfUtils.java:logGet(44)) - raft.server.log.appender.buffer.byte-limit = 33554432 (custom)
2021-02-20 01:28:42,985 [pool-91-thread-1] INFO  metrics.RatisMetrics (RatisMetrics.java:lambda$create$0(36)) - Creating Metrics Registry : ratis.log_worker.06e7b775-0a7d-45dc-8705-eb1795cf2a4d@group-AED50F89A633
2021-02-20 01:28:42,985 [pool-91-thread-1] INFO  server.RaftServerConfigKeys (ConfUtils.java:logGet(44)) - raft.server.log.segment.size.max = 1048576 (custom)
2021-02-20 01:28:42,986 [pool-91-thread-1] INFO  server.RaftServerConfigKeys (ConfUtils.java:logGet(44)) - raft.server.log.segment.cache.num.max = 2 (custom)
2021-02-20 01:28:42,986 [pool-91-thread-1] INFO  server.RaftServerConfigKeys (ConfUtils.java:logGet(44)) - raft.server.log.segment.cache.size.max = 200MB (=209715200) (default)
2021-02-20 01:28:42,986 [pool-91-thread-1] INFO  segmented.SegmentedRaftLogWorker (SegmentedRaftLogWorker.java:<init>(181)) - new 06e7b775-0a7d-45dc-8705-eb1795cf2a4d@group-AED50F89A633-SegmentedRaftLogWorker for RaftStorageImpl:Storage Directory /github/workspace/mnt/ozone/hadoop-ozone/integration-test/target/test-dir/MiniOzoneClusterImpl-46d75fb8-28db-4144-ad70-95b93bf7853c/datanode-0/data/ratis/38bd83a5-8a7b-437b-97c5-aed50f89a633
2021-02-20 01:28:42,986 [pool-91-thread-1] INFO  server.RaftServerConfigKeys (ConfUtils.java:logGet(44)) - raft.server.log.queue.byte-limit = 2147483647 (custom)
2021-02-20 01:28:42,986 [pool-91-thread-1] INFO  server.RaftServerConfigKeys (ConfUtils.java:logGet(44)) - raft.server.log.queue.element-limit = 1024 (custom)
2021-02-20 01:28:42,987 [pool-91-thread-1] INFO  server.RaftServerConfigKeys (ConfUtils.java:logGet(44)) - raft.server.log.segment.size.max = 1048576 (custom)
2021-02-20 01:28:42,987 [pool-91-thread-1] INFO  server.RaftServerConfigKeys (ConfUtils.java:logGet(44)) - raft.server.log.preallocated.size = 16384 (custom)
2021-02-20 01:28:42,987 [pool-91-thread-1] INFO  server.RaftServerConfigKeys (ConfUtils.java:logGet(44)) - raft.server.log.force.sync.num = 128 (default)
2021-02-20 01:28:42,987 [pool-91-thread-1] INFO  server.RaftServerConfigKeys (ConfUtils.java:logGet(44)) - raft.server.log.statemachine.data.sync = true (default)
2021-02-20 01:28:42,987 [pool-91-thread-1] INFO  server.RaftServerConfigKeys (ConfUtils.java:logGet(44)) - raft.server.log.statemachine.data.sync.timeout = 10s (default)
2021-02-20 01:28:42,987 [pool-91-thread-1] INFO  server.RaftServerConfigKeys (ConfUtils.java:logGet(44)) - raft.server.log.statemachine.data.sync.timeout.retry = -1 (default)
2021-02-20 01:28:42,991 [pool-91-thread-1] INFO  server.RaftServerConfigKeys (ConfUtils.java:logGet(44)) - raft.server.log.write.buffer.size = 1048576 (custom)
2021-02-20 01:28:42,991 [pool-91-thread-1] INFO  server.RaftServerConfigKeys (ConfUtils.java:logGet(44)) - raft.server.log.statemachine.data.caching.enabled = true (custom)
2021-02-20 01:28:42,992 [pool-91-thread-1] INFO  segmented.SegmentedRaftLogWorker (SegmentedRaftLogWorker.java:lambda$new$0(132)) - 06e7b775-0a7d-45dc-8705-eb1795cf2a4d@group-AED50F89A633-SegmentedRaftLogWorker: flushIndex: setUnconditionally 0 -> -1
2021-02-20 01:28:42,992 [pool-91-thread-1] INFO  segmented.SegmentedRaftLogWorker (SegmentedRaftLogWorker.java:lambda$new$0(132)) - 06e7b775-0a7d-45dc-8705-eb1795cf2a4d@group-AED50F89A633-SegmentedRaftLogWorker: safeCacheEvictIndex: setUnconditionally 0 -> -1
2021-02-20 01:28:42,992 [EventQueue-OpenPipelineForHealthyPipelineSafeModeRule] INFO  safemode.SCMSafeModeManager (HealthyPipelineSafeModeRule.java:process(128)) - SCM in safe mode. Healthy pipelines reported count is 0, required healthy pipeline reported count is 1
2021-02-20 01:28:43,002 [pool-91-thread-1] INFO  server.RaftServerConfigKeys (ConfUtils.java:logGet(44)) - raft.server.snapshot.auto.trigger.enabled = true (custom)
2021-02-20 01:28:43,002 [pool-91-thread-1] INFO  server.RaftServerConfigKeys (ConfUtils.java:logGet(44)) - raft.server.snapshot.auto.trigger.threshold = 10000 (custom)
2021-02-20 01:28:43,003 [pool-91-thread-1] INFO  server.RaftServerConfigKeys (ConfUtils.java:logGet(44)) - raft.server.snapshot.retention.file.num = 5 (custom)
2021-02-20 01:28:43,003 [pool-91-thread-1] INFO  server.RaftServerConfigKeys (ConfUtils.java:logGet(44)) - raft.server.log.purge.upto.snapshot.index = false (default)
2021-02-20 01:28:43,003 [pool-91-thread-1] INFO  server.RaftServerConfigKeys (ConfUtils.java:logGet(44)) - raft.server.retrycache.expirytime = 600000ms (custom)
2021-02-20 01:28:43,003 [pool-91-thread-1] INFO  server.RaftServerConfigKeys (ConfUtils.java:logGet(44)) - raft.server.retrycache.statistics.expirytime = 100?s (default)
2021-02-20 01:28:43,003 [pool-91-thread-1] INFO  metrics.RatisMetrics (RatisMetrics.java:lambda$create$0(36)) - Creating Metrics Registry : ratis.leader_election.06e7b775-0a7d-45dc-8705-eb1795cf2a4d@group-AED50F89A633
2021-02-20 01:28:43,004 [pool-91-thread-1] INFO  metrics.RatisMetrics (RatisMetrics.java:lambda$create$0(36)) - Creating Metrics Registry : ratis.server.06e7b775-0a7d-45dc-8705-eb1795cf2a4d@group-AED50F89A633
2021-02-20 01:28:43,005 [pool-91-thread-1] INFO  server.RaftServer$Division (RaftServerImpl.java:start(295)) - 06e7b775-0a7d-45dc-8705-eb1795cf2a4d@group-AED50F89A633: start as a follower, conf=-1: [06e7b775-0a7d-45dc-8705-eb1795cf2a4d|rpc:172.17.0.2:42403|priority:1], old=null
2021-02-20 01:28:43,005 [pool-91-thread-1] INFO  server.RaftServer$Division (RaftServerImpl.java:setRole(284)) - 06e7b775-0a7d-45dc-8705-eb1795cf2a4d@group-AED50F89A633: changes role from      null to FOLLOWER at term 0 for startAsFollower
2021-02-20 01:28:43,005 [pool-91-thread-1] INFO  impl.RoleInfo (RoleInfo.java:updateAndGet(130)) - 06e7b775-0a7d-45dc-8705-eb1795cf2a4d: start 06e7b775-0a7d-45dc-8705-eb1795cf2a4d@group-AED50F89A633-FollowerState
2021-02-20 01:28:43,010 [pool-91-thread-1] INFO  util.JmxRegister (JmxRegister.java:tryRegister(44)) - Successfully registered JMX Bean with object name Ratis:service=RaftServer,group=group-AED50F89A633,id=06e7b775-0a7d-45dc-8705-eb1795cf2a4d
2021-02-20 01:28:43,010 [pool-91-thread-1] INFO  metrics.RatisMetrics (RatisMetrics.java:lambda$create$0(36)) - Creating Metrics Registry : ratis.state_machine.06e7b775-0a7d-45dc-8705-eb1795cf2a4d@group-AED50F89A633
2021-02-20 01:28:43,011 [Command processor thread] INFO  commandhandler.CreatePipelineCommandHandler (CreatePipelineCommandHandler.java:handle(106)) - Created Pipeline RATIS ONE PipelineID=38bd83a5-8a7b-437b-97c5-aed50f89a633.
2021-02-20 01:28:43,011 [Command processor thread] INFO  server.RaftServer (RaftServerProxy.java:addNew(95)) - 06e7b775-0a7d-45dc-8705-eb1795cf2a4d: addNew group-F71E5E32EC8E:[f236ad39-c3c5-4538-b46e-e838d72f44b7|rpc:172.17.0.2:34705|priority:0, 2d8cb092-44a7-42fa-93c6-2025e443f331|rpc:172.17.0.2:38321|priority:1, 06e7b775-0a7d-45dc-8705-eb1795cf2a4d|rpc:172.17.0.2:42403|priority:0] returns group-F71E5E32EC8E:java.util.concurrent.CompletableFuture@15323855[Not completed]
2021-02-20 01:28:43,013 [pool-91-thread-1] INFO  server.RaftServer$Division (RaftServerImpl.java:<init>(180)) - 06e7b775-0a7d-45dc-8705-eb1795cf2a4d: new RaftServerImpl for group-F71E5E32EC8E:[f236ad39-c3c5-4538-b46e-e838d72f44b7|rpc:172.17.0.2:34705|priority:0, 2d8cb092-44a7-42fa-93c6-2025e443f331|rpc:172.17.0.2:38321|priority:1, 06e7b775-0a7d-45dc-8705-eb1795cf2a4d|rpc:172.17.0.2:42403|priority:0] with ContainerStateMachine:uninitialized
2021-02-20 01:28:43,013 [pool-91-thread-1] INFO  server.RaftServerConfigKeys (ConfUtils.java:logGet(44)) - raft.server.rpc.timeout.min = 5s (custom)
2021-02-20 01:28:43,013 [pool-91-thread-1] INFO  server.RaftServerConfigKeys (ConfUtils.java:logGet(44)) - raft.server.rpc.timeout.max = 5200ms (custom)
2021-02-20 01:28:43,013 [pool-91-thread-1] INFO  server.RaftServerConfigKeys (ConfUtils.java:logGet(44)) - raft.server.rpc.sleep.time = 25ms (default)
2021-02-20 01:28:43,013 [pool-91-thread-1] INFO  server.RaftServerConfigKeys (ConfUtils.java:logGet(44)) - raft.server.rpc.slowness.timeout = 300s (custom)
2021-02-20 01:28:43,013 [pool-91-thread-1] INFO  server.RaftServerConfigKeys (ConfUtils.java:logGet(44)) - raft.server.leaderelection.leader.step-down.wait-time = 10s (default)
2021-02-20 01:28:43,013 [pool-91-thread-1] INFO  server.RaftServerConfigKeys (ConfUtils.java:logGet(44)) - raft.server.sleep.deviation.threshold = 300ms (default)
2021-02-20 01:28:43,013 [pool-91-thread-1] INFO  server.RaftServerConfigKeys (ConfUtils.java:logGet(44)) - raft.server.log.appender.install.snapshot.enabled = false (custom)
2021-02-20 01:28:43,014 [pool-91-thread-1] INFO  server.RaftServer$Division (ServerState.java:<init>(105)) - 06e7b775-0a7d-45dc-8705-eb1795cf2a4d@group-F71E5E32EC8E: ConfigurationManager, init=-1: [f236ad39-c3c5-4538-b46e-e838d72f44b7|rpc:172.17.0.2:34705|priority:0, 2d8cb092-44a7-42fa-93c6-2025e443f331|rpc:172.17.0.2:38321|priority:1, 06e7b775-0a7d-45dc-8705-eb1795cf2a4d|rpc:172.17.0.2:42403|priority:0], old=null, confs=<EMPTY_MAP>
2021-02-20 01:28:43,014 [pool-91-thread-1] INFO  server.RaftServerConfigKeys (ConfUtils.java:logGet(44)) - raft.server.storage.dir = [/github/workspace/mnt/ozone/hadoop-ozone/integration-test/target/test-dir/MiniOzoneClusterImpl-46d75fb8-28db-4144-ad70-95b93bf7853c/datanode-0/data/ratis] (custom)
2021-02-20 01:28:43,014 [pool-91-thread-1] INFO  server.RaftServerConfigKeys (ConfUtils.java:logGet(44)) - raft.server.log.corruption.policy = EXCEPTION (default)
2021-02-20 01:28:43,014 [pool-91-thread-1] INFO  storage.RaftStorageDirectory (RaftStorageDirectoryImpl.java:analyzeStorage(132)) - The storage directory /github/workspace/mnt/ozone/hadoop-ozone/integration-test/target/test-dir/MiniOzoneClusterImpl-46d75fb8-28db-4144-ad70-95b93bf7853c/datanode-0/data/ratis/2f789a6e-c2af-4dcc-b7c5-f71e5e32ec8e does not exist. Creating ...
2021-02-20 01:28:43,016 [pool-91-thread-1] INFO  storage.RaftStorageDirectory (RaftStorageDirectoryImpl.java:tryLock(215)) - Lock on /github/workspace/mnt/ozone/hadoop-ozone/integration-test/target/test-dir/MiniOzoneClusterImpl-46d75fb8-28db-4144-ad70-95b93bf7853c/datanode-0/data/ratis/2f789a6e-c2af-4dcc-b7c5-f71e5e32ec8e/in_use.lock acquired by nodename 499@f72688ae09c2
2021-02-20 01:28:43,017 [pool-91-thread-1] INFO  storage.RaftStorage (RaftStorageImpl.java:format(87)) - Storage directory /github/workspace/mnt/ozone/hadoop-ozone/integration-test/target/test-dir/MiniOzoneClusterImpl-46d75fb8-28db-4144-ad70-95b93bf7853c/datanode-0/data/ratis/2f789a6e-c2af-4dcc-b7c5-f71e5e32ec8e has been successfully formatted.
2021-02-20 01:28:43,020 [pool-91-thread-1] INFO  ratis.ContainerStateMachine (ContainerStateMachine.java:loadSnapshot(223)) - group-F71E5E32EC8E: The snapshot info is null. Setting the last applied indexto:(t:0, i:~)
2021-02-20 01:28:43,021 [EventQueue-PipelineReportForOneReplicaPipelineSafeModeRule] INFO  safemode.SCMSafeModeManager (SCMSafeModeManager.java:validateSafeModeExitRules(214)) - AtleastOneDatanodeReportedRule rule is successfully validated
2021-02-20 01:28:43,021 [EventQueue-OpenPipelineForHealthyPipelineSafeModeRule] INFO  safemode.SCMSafeModeManager (HealthyPipelineSafeModeRule.java:process(128)) - SCM in safe mode. Healthy pipelines reported count is 0, required healthy pipeline reported count is 1
2021-02-20 01:28:43,022 [pool-91-thread-1] ERROR storage.RaftStorage (RaftStorageImpl.java:readRaftConfiguration(147)) - Failed reading configuration from file:/github/workspace/mnt/ozone/hadoop-ozone/integration-test/target/test-dir/MiniOzoneClusterImpl-46d75fb8-28db-4144-ad70-95b93bf7853c/datanode-0/data/ratis/2f789a6e-c2af-4dcc-b7c5-f71e5e32ec8e/current/raft-meta.conf
java.io.FileNotFoundException: /github/workspace/mnt/ozone/hadoop-ozone/integration-test/target/test-dir/MiniOzoneClusterImpl-46d75fb8-28db-4144-ad70-95b93bf7853c/datanode-0/data/ratis/2f789a6e-c2af-4dcc-b7c5-f71e5e32ec8e/current/raft-meta.conf (No such file or directory)
	at java.io.FileInputStream.open0(Native Method)
	at java.io.FileInputStream.open(FileInputStream.java:195)
	at java.io.FileInputStream.<init>(FileInputStream.java:138)
	at org.apache.ratis.server.storage.RaftStorageImpl.readRaftConfiguration(RaftStorageImpl.java:143)
	at org.apache.ratis.server.impl.ServerState.<init>(ServerState.java:122)
	at org.apache.ratis.server.impl.RaftServerImpl.<init>(RaftServerImpl.java:193)
	at org.apache.ratis.server.impl.RaftServerProxy.lambda$newRaftServerImpl$4(RaftServerProxy.java:266)
	at java.util.concurrent.CompletableFuture$AsyncSupply.run(CompletableFuture.java:1604)
	at java.util.concurrent.ThreadPoolExecutor.runWorker(ThreadPoolExecutor.java:1149)
	at java.util.concurrent.ThreadPoolExecutor$Worker.run(ThreadPoolExecutor.java:624)
	at java.lang.Thread.run(Thread.java:748)
2021-02-20 01:28:43,023 [pool-91-thread-1] INFO  server.RaftServerConfigKeys (ConfUtils.java:logGet(44)) - raft.server.notification.no-leader.timeout = 300s (custom)
2021-02-20 01:28:43,023 [pool-91-thread-1] INFO  server.RaftServerConfigKeys (ConfUtils.java:logGet(44)) - raft.server.log.use.memory = false (default)
2021-02-20 01:28:43,023 [pool-91-thread-1] INFO  server.RaftServerConfigKeys (ConfUtils.java:logGet(44)) - raft.server.log.purge.gap = 1000000 (custom)
2021-02-20 01:28:43,023 [pool-91-thread-1] INFO  server.RaftServerConfigKeys (ConfUtils.java:logGet(44)) - raft.server.log.appender.buffer.byte-limit = 33554432 (custom)
2021-02-20 01:28:43,027 [pool-91-thread-1] INFO  metrics.RatisMetrics (RatisMetrics.java:lambda$create$0(36)) - Creating Metrics Registry : ratis.log_worker.06e7b775-0a7d-45dc-8705-eb1795cf2a4d@group-F71E5E32EC8E
2021-02-20 01:28:43,027 [pool-91-thread-1] INFO  server.RaftServerConfigKeys (ConfUtils.java:logGet(44)) - raft.server.log.segment.size.max = 1048576 (custom)
2021-02-20 01:28:43,028 [pool-91-thread-1] INFO  server.RaftServerConfigKeys (ConfUtils.java:logGet(44)) - raft.server.log.segment.cache.num.max = 2 (custom)
2021-02-20 01:28:43,028 [pool-91-thread-1] INFO  server.RaftServerConfigKeys (ConfUtils.java:logGet(44)) - raft.server.log.segment.cache.size.max = 200MB (=209715200) (default)
2021-02-20 01:28:43,028 [pool-91-thread-1] INFO  segmented.SegmentedRaftLogWorker (SegmentedRaftLogWorker.java:<init>(181)) - new 06e7b775-0a7d-45dc-8705-eb1795cf2a4d@group-F71E5E32EC8E-SegmentedRaftLogWorker for RaftStorageImpl:Storage Directory /github/workspace/mnt/ozone/hadoop-ozone/integration-test/target/test-dir/MiniOzoneClusterImpl-46d75fb8-28db-4144-ad70-95b93bf7853c/datanode-0/data/ratis/2f789a6e-c2af-4dcc-b7c5-f71e5e32ec8e
2021-02-20 01:28:43,028 [pool-91-thread-1] INFO  server.RaftServerConfigKeys (ConfUtils.java:logGet(44)) - raft.server.log.queue.byte-limit = 2147483647 (custom)
2021-02-20 01:28:43,028 [pool-91-thread-1] INFO  server.RaftServerConfigKeys (ConfUtils.java:logGet(44)) - raft.server.log.queue.element-limit = 1024 (custom)
2021-02-20 01:28:43,028 [pool-91-thread-1] INFO  server.RaftServerConfigKeys (ConfUtils.java:logGet(44)) - raft.server.log.segment.size.max = 1048576 (custom)
2021-02-20 01:28:43,028 [pool-91-thread-1] INFO  server.RaftServerConfigKeys (ConfUtils.java:logGet(44)) - raft.server.log.preallocated.size = 16384 (custom)
2021-02-20 01:28:43,029 [pool-91-thread-1] INFO  server.RaftServerConfigKeys (ConfUtils.java:logGet(44)) - raft.server.log.force.sync.num = 128 (default)
2021-02-20 01:28:43,029 [pool-91-thread-1] INFO  server.RaftServerConfigKeys (ConfUtils.java:logGet(44)) - raft.server.log.statemachine.data.sync = true (default)
2021-02-20 01:28:43,029 [pool-91-thread-1] INFO  server.RaftServerConfigKeys (ConfUtils.java:logGet(44)) - raft.server.log.statemachine.data.sync.timeout = 10s (default)
2021-02-20 01:28:43,029 [pool-91-thread-1] INFO  server.RaftServerConfigKeys (ConfUtils.java:logGet(44)) - raft.server.log.statemachine.data.sync.timeout.retry = -1 (default)
2021-02-20 01:28:43,030 [pool-91-thread-1] INFO  server.RaftServerConfigKeys (ConfUtils.java:logGet(44)) - raft.server.log.write.buffer.size = 1048576 (custom)
2021-02-20 01:28:43,038 [pool-91-thread-1] INFO  server.RaftServerConfigKeys (ConfUtils.java:logGet(44)) - raft.server.log.statemachine.data.caching.enabled = true (custom)
2021-02-20 01:28:43,038 [pool-91-thread-1] INFO  segmented.SegmentedRaftLogWorker (SegmentedRaftLogWorker.java:lambda$new$0(132)) - 06e7b775-0a7d-45dc-8705-eb1795cf2a4d@group-F71E5E32EC8E-SegmentedRaftLogWorker: flushIndex: setUnconditionally 0 -> -1
2021-02-20 01:28:43,038 [pool-91-thread-1] INFO  segmented.SegmentedRaftLogWorker (SegmentedRaftLogWorker.java:lambda$new$0(132)) - 06e7b775-0a7d-45dc-8705-eb1795cf2a4d@group-F71E5E32EC8E-SegmentedRaftLogWorker: safeCacheEvictIndex: setUnconditionally 0 -> -1
2021-02-20 01:28:43,041 [pool-91-thread-1] INFO  server.RaftServerConfigKeys (ConfUtils.java:logGet(44)) - raft.server.snapshot.auto.trigger.enabled = true (custom)
2021-02-20 01:28:43,041 [pool-91-thread-1] INFO  server.RaftServerConfigKeys (ConfUtils.java:logGet(44)) - raft.server.snapshot.auto.trigger.threshold = 10000 (custom)
2021-02-20 01:28:43,041 [pool-91-thread-1] INFO  server.RaftServerConfigKeys (ConfUtils.java:logGet(44)) - raft.server.snapshot.retention.file.num = 5 (custom)
2021-02-20 01:28:43,041 [pool-91-thread-1] INFO  server.RaftServerConfigKeys (ConfUtils.java:logGet(44)) - raft.server.log.purge.upto.snapshot.index = false (default)
2021-02-20 01:28:43,041 [pool-91-thread-1] INFO  server.RaftServerConfigKeys (ConfUtils.java:logGet(44)) - raft.server.retrycache.expirytime = 600000ms (custom)
2021-02-20 01:28:43,041 [pool-91-thread-1] INFO  server.RaftServerConfigKeys (ConfUtils.java:logGet(44)) - raft.server.retrycache.statistics.expirytime = 100?s (default)
2021-02-20 01:28:43,041 [pool-91-thread-1] INFO  metrics.RatisMetrics (RatisMetrics.java:lambda$create$0(36)) - Creating Metrics Registry : ratis.leader_election.06e7b775-0a7d-45dc-8705-eb1795cf2a4d@group-F71E5E32EC8E
2021-02-20 01:28:43,043 [pool-91-thread-1] INFO  metrics.RatisMetrics (RatisMetrics.java:lambda$create$0(36)) - Creating Metrics Registry : ratis.server.06e7b775-0a7d-45dc-8705-eb1795cf2a4d@group-F71E5E32EC8E
2021-02-20 01:28:43,044 [pool-91-thread-1] INFO  server.RaftServer$Division (RaftServerImpl.java:start(295)) - 06e7b775-0a7d-45dc-8705-eb1795cf2a4d@group-F71E5E32EC8E: start as a follower, conf=-1: [f236ad39-c3c5-4538-b46e-e838d72f44b7|rpc:172.17.0.2:34705|priority:0, 2d8cb092-44a7-42fa-93c6-2025e443f331|rpc:172.17.0.2:38321|priority:1, 06e7b775-0a7d-45dc-8705-eb1795cf2a4d|rpc:172.17.0.2:42403|priority:0], old=null
2021-02-20 01:28:43,044 [pool-91-thread-1] INFO  server.RaftServer$Division (RaftServerImpl.java:setRole(284)) - 06e7b775-0a7d-45dc-8705-eb1795cf2a4d@group-F71E5E32EC8E: changes role from      null to FOLLOWER at term 0 for startAsFollower
2021-02-20 01:28:43,045 [pool-91-thread-1] INFO  impl.RoleInfo (RoleInfo.java:updateAndGet(130)) - 06e7b775-0a7d-45dc-8705-eb1795cf2a4d: start 06e7b775-0a7d-45dc-8705-eb1795cf2a4d@group-F71E5E32EC8E-FollowerState
2021-02-20 01:28:43,045 [pool-91-thread-1] INFO  util.JmxRegister (JmxRegister.java:tryRegister(44)) - Successfully registered JMX Bean with object name Ratis:service=RaftServer,group=group-F71E5E32EC8E,id=06e7b775-0a7d-45dc-8705-eb1795cf2a4d
2021-02-20 01:28:43,045 [pool-91-thread-1] INFO  metrics.RatisMetrics (RatisMetrics.java:lambda$create$0(36)) - Creating Metrics Registry : ratis.state_machine.06e7b775-0a7d-45dc-8705-eb1795cf2a4d@group-F71E5E32EC8E
2021-02-20 01:28:43,079 [Command processor thread] INFO  metrics.RatisMetrics (RatisMetrics.java:lambda$create$0(36)) - Creating Metrics Registry : ratis.client_message_metrics.client-E95F3276343D->2d8cb092-44a7-42fa-93c6-2025e443f331
2021-02-20 01:28:43,207 [Command processor thread] INFO  server.RaftServer (RaftServerProxy.java:addNew(95)) - f236ad39-c3c5-4538-b46e-e838d72f44b7: addNew group-FD5E32AE9570:[f236ad39-c3c5-4538-b46e-e838d72f44b7|rpc:172.17.0.2:34705|priority:1] returns group-FD5E32AE9570:java.util.concurrent.CompletableFuture@f02ae97[Not completed]
2021-02-20 01:28:43,231 [pool-107-thread-1] INFO  server.RaftServer$Division (RaftServerImpl.java:<init>(180)) - f236ad39-c3c5-4538-b46e-e838d72f44b7: new RaftServerImpl for group-FD5E32AE9570:[f236ad39-c3c5-4538-b46e-e838d72f44b7|rpc:172.17.0.2:34705|priority:1] with ContainerStateMachine:uninitialized
2021-02-20 01:28:43,233 [pool-107-thread-1] INFO  server.RaftServerConfigKeys (ConfUtils.java:logGet(44)) - raft.server.rpc.timeout.min = 5s (custom)
2021-02-20 01:28:43,233 [pool-107-thread-1] INFO  server.RaftServerConfigKeys (ConfUtils.java:logGet(44)) - raft.server.rpc.timeout.max = 5200ms (custom)
2021-02-20 01:28:43,233 [pool-107-thread-1] INFO  server.RaftServerConfigKeys (ConfUtils.java:logGet(44)) - raft.server.rpc.sleep.time = 25ms (default)
2021-02-20 01:28:43,233 [pool-107-thread-1] INFO  server.RaftServerConfigKeys (ConfUtils.java:logGet(44)) - raft.server.rpc.slowness.timeout = 300s (custom)
2021-02-20 01:28:43,233 [pool-107-thread-1] INFO  server.RaftServerConfigKeys (ConfUtils.java:logGet(44)) - raft.server.leaderelection.leader.step-down.wait-time = 10s (default)
2021-02-20 01:28:43,233 [pool-107-thread-1] INFO  server.RaftServerConfigKeys (ConfUtils.java:logGet(44)) - raft.server.sleep.deviation.threshold = 300ms (default)
2021-02-20 01:28:43,233 [pool-107-thread-1] INFO  server.RaftServerConfigKeys (ConfUtils.java:logGet(44)) - raft.server.log.appender.install.snapshot.enabled = false (custom)
2021-02-20 01:28:43,233 [pool-107-thread-1] INFO  server.RaftServer$Division (ServerState.java:<init>(105)) - f236ad39-c3c5-4538-b46e-e838d72f44b7@group-FD5E32AE9570: ConfigurationManager, init=-1: [f236ad39-c3c5-4538-b46e-e838d72f44b7|rpc:172.17.0.2:34705|priority:1], old=null, confs=<EMPTY_MAP>
2021-02-20 01:28:43,233 [pool-107-thread-1] INFO  server.RaftServerConfigKeys (ConfUtils.java:logGet(44)) - raft.server.storage.dir = [/github/workspace/mnt/ozone/hadoop-ozone/integration-test/target/test-dir/MiniOzoneClusterImpl-46d75fb8-28db-4144-ad70-95b93bf7853c/datanode-1/data/ratis] (custom)
2021-02-20 01:28:43,233 [pool-107-thread-1] INFO  server.RaftServerConfigKeys (ConfUtils.java:logGet(44)) - raft.server.log.corruption.policy = EXCEPTION (default)
2021-02-20 01:28:43,233 [pool-107-thread-1] INFO  storage.RaftStorageDirectory (RaftStorageDirectoryImpl.java:analyzeStorage(132)) - The storage directory /github/workspace/mnt/ozone/hadoop-ozone/integration-test/target/test-dir/MiniOzoneClusterImpl-46d75fb8-28db-4144-ad70-95b93bf7853c/datanode-1/data/ratis/c5937e09-ebc7-4a31-a8b6-fd5e32ae9570 does not exist. Creating ...
2021-02-20 01:28:43,237 [pool-107-thread-1] INFO  storage.RaftStorageDirectory (RaftStorageDirectoryImpl.java:tryLock(215)) - Lock on /github/workspace/mnt/ozone/hadoop-ozone/integration-test/target/test-dir/MiniOzoneClusterImpl-46d75fb8-28db-4144-ad70-95b93bf7853c/datanode-1/data/ratis/c5937e09-ebc7-4a31-a8b6-fd5e32ae9570/in_use.lock acquired by nodename 499@f72688ae09c2
2021-02-20 01:28:43,243 [pool-107-thread-1] INFO  storage.RaftStorage (RaftStorageImpl.java:format(87)) - Storage directory /github/workspace/mnt/ozone/hadoop-ozone/integration-test/target/test-dir/MiniOzoneClusterImpl-46d75fb8-28db-4144-ad70-95b93bf7853c/datanode-1/data/ratis/c5937e09-ebc7-4a31-a8b6-fd5e32ae9570 has been successfully formatted.
2021-02-20 01:28:43,244 [pool-107-thread-1] INFO  ratis.ContainerStateMachine (ContainerStateMachine.java:loadSnapshot(223)) - group-FD5E32AE9570: The snapshot info is null. Setting the last applied indexto:(t:0, i:~)
2021-02-20 01:28:43,244 [pool-107-thread-1] ERROR storage.RaftStorage (RaftStorageImpl.java:readRaftConfiguration(147)) - Failed reading configuration from file:/github/workspace/mnt/ozone/hadoop-ozone/integration-test/target/test-dir/MiniOzoneClusterImpl-46d75fb8-28db-4144-ad70-95b93bf7853c/datanode-1/data/ratis/c5937e09-ebc7-4a31-a8b6-fd5e32ae9570/current/raft-meta.conf
java.io.FileNotFoundException: /github/workspace/mnt/ozone/hadoop-ozone/integration-test/target/test-dir/MiniOzoneClusterImpl-46d75fb8-28db-4144-ad70-95b93bf7853c/datanode-1/data/ratis/c5937e09-ebc7-4a31-a8b6-fd5e32ae9570/current/raft-meta.conf (No such file or directory)
	at java.io.FileInputStream.open0(Native Method)
	at java.io.FileInputStream.open(FileInputStream.java:195)
	at java.io.FileInputStream.<init>(FileInputStream.java:138)
	at org.apache.ratis.server.storage.RaftStorageImpl.readRaftConfiguration(RaftStorageImpl.java:143)
	at org.apache.ratis.server.impl.ServerState.<init>(ServerState.java:122)
	at org.apache.ratis.server.impl.RaftServerImpl.<init>(RaftServerImpl.java:193)
	at org.apache.ratis.server.impl.RaftServerProxy.lambda$newRaftServerImpl$4(RaftServerProxy.java:266)
	at java.util.concurrent.CompletableFuture$AsyncSupply.run(CompletableFuture.java:1604)
	at java.util.concurrent.ThreadPoolExecutor.runWorker(ThreadPoolExecutor.java:1149)
	at java.util.concurrent.ThreadPoolExecutor$Worker.run(ThreadPoolExecutor.java:624)
	at java.lang.Thread.run(Thread.java:748)
2021-02-20 01:28:43,245 [pool-107-thread-1] INFO  server.RaftServerConfigKeys (ConfUtils.java:logGet(44)) - raft.server.notification.no-leader.timeout = 300s (custom)
2021-02-20 01:28:43,245 [pool-107-thread-1] INFO  server.RaftServerConfigKeys (ConfUtils.java:logGet(44)) - raft.server.log.use.memory = false (default)
2021-02-20 01:28:43,245 [pool-107-thread-1] INFO  server.RaftServerConfigKeys (ConfUtils.java:logGet(44)) - raft.server.log.purge.gap = 1000000 (custom)
2021-02-20 01:28:43,245 [pool-107-thread-1] INFO  server.RaftServerConfigKeys (ConfUtils.java:logGet(44)) - raft.server.log.appender.buffer.byte-limit = 33554432 (custom)
2021-02-20 01:28:43,245 [pool-107-thread-1] INFO  metrics.RatisMetrics (RatisMetrics.java:lambda$create$0(36)) - Creating Metrics Registry : ratis.log_worker.f236ad39-c3c5-4538-b46e-e838d72f44b7@group-FD5E32AE9570
2021-02-20 01:28:43,245 [pool-107-thread-1] INFO  server.RaftServerConfigKeys (ConfUtils.java:logGet(44)) - raft.server.log.segment.size.max = 1048576 (custom)
2021-02-20 01:28:43,248 [pool-107-thread-1] INFO  server.RaftServerConfigKeys (ConfUtils.java:logGet(44)) - raft.server.log.segment.cache.num.max = 2 (custom)
2021-02-20 01:28:43,248 [pool-107-thread-1] INFO  server.RaftServerConfigKeys (ConfUtils.java:logGet(44)) - raft.server.log.segment.cache.size.max = 200MB (=209715200) (default)
2021-02-20 01:28:43,248 [pool-107-thread-1] INFO  segmented.SegmentedRaftLogWorker (SegmentedRaftLogWorker.java:<init>(181)) - new f236ad39-c3c5-4538-b46e-e838d72f44b7@group-FD5E32AE9570-SegmentedRaftLogWorker for RaftStorageImpl:Storage Directory /github/workspace/mnt/ozone/hadoop-ozone/integration-test/target/test-dir/MiniOzoneClusterImpl-46d75fb8-28db-4144-ad70-95b93bf7853c/datanode-1/data/ratis/c5937e09-ebc7-4a31-a8b6-fd5e32ae9570
2021-02-20 01:28:43,248 [pool-107-thread-1] INFO  server.RaftServerConfigKeys (ConfUtils.java:logGet(44)) - raft.server.log.queue.byte-limit = 2147483647 (custom)
2021-02-20 01:28:43,248 [pool-107-thread-1] INFO  server.RaftServerConfigKeys (ConfUtils.java:logGet(44)) - raft.server.log.queue.element-limit = 1024 (custom)
2021-02-20 01:28:43,248 [pool-107-thread-1] INFO  server.RaftServerConfigKeys (ConfUtils.java:logGet(44)) - raft.server.log.segment.size.max = 1048576 (custom)
2021-02-20 01:28:43,248 [pool-107-thread-1] INFO  server.RaftServerConfigKeys (ConfUtils.java:logGet(44)) - raft.server.log.preallocated.size = 16384 (custom)
2021-02-20 01:28:43,248 [pool-107-thread-1] INFO  server.RaftServerConfigKeys (ConfUtils.java:logGet(44)) - raft.server.log.force.sync.num = 128 (default)
2021-02-20 01:28:43,248 [pool-107-thread-1] INFO  server.RaftServerConfigKeys (ConfUtils.java:logGet(44)) - raft.server.log.statemachine.data.sync = true (default)
2021-02-20 01:28:43,248 [pool-107-thread-1] INFO  server.RaftServerConfigKeys (ConfUtils.java:logGet(44)) - raft.server.log.statemachine.data.sync.timeout = 10s (default)
2021-02-20 01:28:43,248 [pool-107-thread-1] INFO  server.RaftServerConfigKeys (ConfUtils.java:logGet(44)) - raft.server.log.statemachine.data.sync.timeout.retry = -1 (default)
2021-02-20 01:28:43,249 [pool-107-thread-1] INFO  server.RaftServerConfigKeys (ConfUtils.java:logGet(44)) - raft.server.log.write.buffer.size = 1048576 (custom)
2021-02-20 01:28:43,250 [pool-107-thread-1] INFO  server.RaftServerConfigKeys (ConfUtils.java:logGet(44)) - raft.server.log.statemachine.data.caching.enabled = true (custom)
2021-02-20 01:28:43,250 [pool-107-thread-1] INFO  segmented.SegmentedRaftLogWorker (SegmentedRaftLogWorker.java:lambda$new$0(132)) - f236ad39-c3c5-4538-b46e-e838d72f44b7@group-FD5E32AE9570-SegmentedRaftLogWorker: flushIndex: setUnconditionally 0 -> -1
2021-02-20 01:28:43,250 [pool-107-thread-1] INFO  segmented.SegmentedRaftLogWorker (SegmentedRaftLogWorker.java:lambda$new$0(132)) - f236ad39-c3c5-4538-b46e-e838d72f44b7@group-FD5E32AE9570-SegmentedRaftLogWorker: safeCacheEvictIndex: setUnconditionally 0 -> -1
2021-02-20 01:28:43,255 [pool-107-thread-1] INFO  server.RaftServerConfigKeys (ConfUtils.java:logGet(44)) - raft.server.snapshot.auto.trigger.enabled = true (custom)
2021-02-20 01:28:43,255 [pool-107-thread-1] INFO  server.RaftServerConfigKeys (ConfUtils.java:logGet(44)) - raft.server.snapshot.auto.trigger.threshold = 10000 (custom)
2021-02-20 01:28:43,255 [pool-107-thread-1] INFO  server.RaftServerConfigKeys (ConfUtils.java:logGet(44)) - raft.server.snapshot.retention.file.num = 5 (custom)
2021-02-20 01:28:43,255 [pool-107-thread-1] INFO  server.RaftServerConfigKeys (ConfUtils.java:logGet(44)) - raft.server.log.purge.upto.snapshot.index = false (default)
2021-02-20 01:28:43,255 [pool-107-thread-1] INFO  server.RaftServerConfigKeys (ConfUtils.java:logGet(44)) - raft.server.retrycache.expirytime = 600000ms (custom)
2021-02-20 01:28:43,255 [pool-107-thread-1] INFO  server.RaftServerConfigKeys (ConfUtils.java:logGet(44)) - raft.server.retrycache.statistics.expirytime = 100?s (default)
2021-02-20 01:28:43,256 [pool-107-thread-1] INFO  metrics.RatisMetrics (RatisMetrics.java:lambda$create$0(36)) - Creating Metrics Registry : ratis.leader_election.f236ad39-c3c5-4538-b46e-e838d72f44b7@group-FD5E32AE9570
2021-02-20 01:28:43,256 [pool-107-thread-1] INFO  metrics.RatisMetrics (RatisMetrics.java:lambda$create$0(36)) - Creating Metrics Registry : ratis.server.f236ad39-c3c5-4538-b46e-e838d72f44b7@group-FD5E32AE9570
2021-02-20 01:28:43,261 [EventQueue-PipelineReportForPipelineReportHandler] INFO  pipeline.PipelineStateManager (PipelineStateManager.java:openPipeline(132)) - Pipeline Pipeline[ Id: c5937e09-ebc7-4a31-a8b6-fd5e32ae9570, Nodes: f236ad39-c3c5-4538-b46e-e838d72f44b7{ip: 172.17.0.2, host: f72688ae09c2, ports: [REPLICATION=38563, RATIS=34705, RATIS_ADMIN=34705, RATIS_SERVER=34705, STANDALONE=45565], networkLocation: /default-rack, certSerialId: null, persistedOpState: IN_SERVICE, persistedOpStateExpiryEpochSec: 0}, Type:RATIS, Factor:ONE, State:ALLOCATED, leaderId:f236ad39-c3c5-4538-b46e-e838d72f44b7, CreationTimestamp2021-02-20T01:28:40.209Z] moved to OPEN state
2021-02-20 01:28:43,261 [EventQueue-PipelineReportForOneReplicaPipelineSafeModeRule] INFO  safemode.SCMSafeModeManager (SCMSafeModeManager.java:validateSafeModeExitRules(214)) - AtleastOneDatanodeReportedRule rule is successfully validated
2021-02-20 01:28:43,262 [pool-107-thread-1] INFO  server.RaftServer$Division (RaftServerImpl.java:start(295)) - f236ad39-c3c5-4538-b46e-e838d72f44b7@group-FD5E32AE9570: start as a follower, conf=-1: [f236ad39-c3c5-4538-b46e-e838d72f44b7|rpc:172.17.0.2:34705|priority:1], old=null
2021-02-20 01:28:43,262 [EventQueue-OpenPipelineForHealthyPipelineSafeModeRule] INFO  safemode.SCMSafeModeManager (HealthyPipelineSafeModeRule.java:process(128)) - SCM in safe mode. Healthy pipelines reported count is 0, required healthy pipeline reported count is 1
2021-02-20 01:28:43,263 [pool-107-thread-1] INFO  server.RaftServer$Division (RaftServerImpl.java:setRole(284)) - f236ad39-c3c5-4538-b46e-e838d72f44b7@group-FD5E32AE9570: changes role from      null to FOLLOWER at term 0 for startAsFollower
2021-02-20 01:28:43,263 [pool-107-thread-1] INFO  impl.RoleInfo (RoleInfo.java:updateAndGet(130)) - f236ad39-c3c5-4538-b46e-e838d72f44b7: start f236ad39-c3c5-4538-b46e-e838d72f44b7@group-FD5E32AE9570-FollowerState
2021-02-20 01:28:43,267 [pool-107-thread-1] INFO  util.JmxRegister (JmxRegister.java:tryRegister(44)) - Successfully registered JMX Bean with object name Ratis:service=RaftServer,group=group-FD5E32AE9570,id=f236ad39-c3c5-4538-b46e-e838d72f44b7
2021-02-20 01:28:43,267 [pool-107-thread-1] INFO  metrics.RatisMetrics (RatisMetrics.java:lambda$create$0(36)) - Creating Metrics Registry : ratis.state_machine.f236ad39-c3c5-4538-b46e-e838d72f44b7@group-FD5E32AE9570
2021-02-20 01:28:43,278 [Command processor thread] INFO  commandhandler.CreatePipelineCommandHandler (CreatePipelineCommandHandler.java:handle(106)) - Created Pipeline RATIS ONE PipelineID=c5937e09-ebc7-4a31-a8b6-fd5e32ae9570.
2021-02-20 01:28:43,282 [Command processor thread] INFO  server.RaftServer (RaftServerProxy.java:addNew(95)) - f236ad39-c3c5-4538-b46e-e838d72f44b7: addNew group-F71E5E32EC8E:[f236ad39-c3c5-4538-b46e-e838d72f44b7|rpc:172.17.0.2:34705|priority:0, 2d8cb092-44a7-42fa-93c6-2025e443f331|rpc:172.17.0.2:38321|priority:1, 06e7b775-0a7d-45dc-8705-eb1795cf2a4d|rpc:172.17.0.2:42403|priority:0] returns group-F71E5E32EC8E:java.util.concurrent.CompletableFuture@b3d2baf[Not completed]
2021-02-20 01:28:43,283 [pool-107-thread-1] INFO  server.RaftServer$Division (RaftServerImpl.java:<init>(180)) - f236ad39-c3c5-4538-b46e-e838d72f44b7: new RaftServerImpl for group-F71E5E32EC8E:[f236ad39-c3c5-4538-b46e-e838d72f44b7|rpc:172.17.0.2:34705|priority:0, 2d8cb092-44a7-42fa-93c6-2025e443f331|rpc:172.17.0.2:38321|priority:1, 06e7b775-0a7d-45dc-8705-eb1795cf2a4d|rpc:172.17.0.2:42403|priority:0] with ContainerStateMachine:uninitialized
2021-02-20 01:28:43,283 [pool-107-thread-1] INFO  server.RaftServerConfigKeys (ConfUtils.java:logGet(44)) - raft.server.rpc.timeout.min = 5s (custom)
2021-02-20 01:28:43,284 [pool-107-thread-1] INFO  server.RaftServerConfigKeys (ConfUtils.java:logGet(44)) - raft.server.rpc.timeout.max = 5200ms (custom)
2021-02-20 01:28:43,284 [pool-107-thread-1] INFO  server.RaftServerConfigKeys (ConfUtils.java:logGet(44)) - raft.server.rpc.sleep.time = 25ms (default)
2021-02-20 01:28:43,284 [pool-107-thread-1] INFO  server.RaftServerConfigKeys (ConfUtils.java:logGet(44)) - raft.server.rpc.slowness.timeout = 300s (custom)
2021-02-20 01:28:43,284 [pool-107-thread-1] INFO  server.RaftServerConfigKeys (ConfUtils.java:logGet(44)) - raft.server.leaderelection.leader.step-down.wait-time = 10s (default)
2021-02-20 01:28:43,284 [pool-107-thread-1] INFO  server.RaftServerConfigKeys (ConfUtils.java:logGet(44)) - raft.server.sleep.deviation.threshold = 300ms (default)
2021-02-20 01:28:43,284 [pool-107-thread-1] INFO  server.RaftServerConfigKeys (ConfUtils.java:logGet(44)) - raft.server.log.appender.install.snapshot.enabled = false (custom)
2021-02-20 01:28:43,284 [pool-107-thread-1] INFO  server.RaftServer$Division (ServerState.java:<init>(105)) - f236ad39-c3c5-4538-b46e-e838d72f44b7@group-F71E5E32EC8E: ConfigurationManager, init=-1: [f236ad39-c3c5-4538-b46e-e838d72f44b7|rpc:172.17.0.2:34705|priority:0, 2d8cb092-44a7-42fa-93c6-2025e443f331|rpc:172.17.0.2:38321|priority:1, 06e7b775-0a7d-45dc-8705-eb1795cf2a4d|rpc:172.17.0.2:42403|priority:0], old=null, confs=<EMPTY_MAP>
2021-02-20 01:28:43,284 [pool-107-thread-1] INFO  server.RaftServerConfigKeys (ConfUtils.java:logGet(44)) - raft.server.storage.dir = [/github/workspace/mnt/ozone/hadoop-ozone/integration-test/target/test-dir/MiniOzoneClusterImpl-46d75fb8-28db-4144-ad70-95b93bf7853c/datanode-1/data/ratis] (custom)
2021-02-20 01:28:43,284 [pool-107-thread-1] INFO  server.RaftServerConfigKeys (ConfUtils.java:logGet(44)) - raft.server.log.corruption.policy = EXCEPTION (default)
2021-02-20 01:28:43,284 [pool-107-thread-1] INFO  storage.RaftStorageDirectory (RaftStorageDirectoryImpl.java:analyzeStorage(132)) - The storage directory /github/workspace/mnt/ozone/hadoop-ozone/integration-test/target/test-dir/MiniOzoneClusterImpl-46d75fb8-28db-4144-ad70-95b93bf7853c/datanode-1/data/ratis/2f789a6e-c2af-4dcc-b7c5-f71e5e32ec8e does not exist. Creating ...
2021-02-20 01:28:43,286 [pool-107-thread-1] INFO  storage.RaftStorageDirectory (RaftStorageDirectoryImpl.java:tryLock(215)) - Lock on /github/workspace/mnt/ozone/hadoop-ozone/integration-test/target/test-dir/MiniOzoneClusterImpl-46d75fb8-28db-4144-ad70-95b93bf7853c/datanode-1/data/ratis/2f789a6e-c2af-4dcc-b7c5-f71e5e32ec8e/in_use.lock acquired by nodename 499@f72688ae09c2
2021-02-20 01:28:43,287 [pool-107-thread-1] INFO  storage.RaftStorage (RaftStorageImpl.java:format(87)) - Storage directory /github/workspace/mnt/ozone/hadoop-ozone/integration-test/target/test-dir/MiniOzoneClusterImpl-46d75fb8-28db-4144-ad70-95b93bf7853c/datanode-1/data/ratis/2f789a6e-c2af-4dcc-b7c5-f71e5e32ec8e has been successfully formatted.
2021-02-20 01:28:43,287 [pool-107-thread-1] INFO  ratis.ContainerStateMachine (ContainerStateMachine.java:loadSnapshot(223)) - group-F71E5E32EC8E: The snapshot info is null. Setting the last applied indexto:(t:0, i:~)
2021-02-20 01:28:43,287 [pool-107-thread-1] ERROR storage.RaftStorage (RaftStorageImpl.java:readRaftConfiguration(147)) - Failed reading configuration from file:/github/workspace/mnt/ozone/hadoop-ozone/integration-test/target/test-dir/MiniOzoneClusterImpl-46d75fb8-28db-4144-ad70-95b93bf7853c/datanode-1/data/ratis/2f789a6e-c2af-4dcc-b7c5-f71e5e32ec8e/current/raft-meta.conf
java.io.FileNotFoundException: /github/workspace/mnt/ozone/hadoop-ozone/integration-test/target/test-dir/MiniOzoneClusterImpl-46d75fb8-28db-4144-ad70-95b93bf7853c/datanode-1/data/ratis/2f789a6e-c2af-4dcc-b7c5-f71e5e32ec8e/current/raft-meta.conf (No such file or directory)
	at java.io.FileInputStream.open0(Native Method)
	at java.io.FileInputStream.open(FileInputStream.java:195)
	at java.io.FileInputStream.<init>(FileInputStream.java:138)
	at org.apache.ratis.server.storage.RaftStorageImpl.readRaftConfiguration(RaftStorageImpl.java:143)
	at org.apache.ratis.server.impl.ServerState.<init>(ServerState.java:122)
	at org.apache.ratis.server.impl.RaftServerImpl.<init>(RaftServerImpl.java:193)
	at org.apache.ratis.server.impl.RaftServerProxy.lambda$newRaftServerImpl$4(RaftServerProxy.java:266)
	at java.util.concurrent.CompletableFuture$AsyncSupply.run(CompletableFuture.java:1604)
	at java.util.concurrent.ThreadPoolExecutor.runWorker(ThreadPoolExecutor.java:1149)
	at java.util.concurrent.ThreadPoolExecutor$Worker.run(ThreadPoolExecutor.java:624)
	at java.lang.Thread.run(Thread.java:748)
2021-02-20 01:28:43,287 [pool-107-thread-1] INFO  server.RaftServerConfigKeys (ConfUtils.java:logGet(44)) - raft.server.notification.no-leader.timeout = 300s (custom)
2021-02-20 01:28:43,287 [pool-107-thread-1] INFO  server.RaftServerConfigKeys (ConfUtils.java:logGet(44)) - raft.server.log.use.memory = false (default)
2021-02-20 01:28:43,287 [pool-107-thread-1] INFO  server.RaftServerConfigKeys (ConfUtils.java:logGet(44)) - raft.server.log.purge.gap = 1000000 (custom)
2021-02-20 01:28:43,288 [pool-107-thread-1] INFO  server.RaftServerConfigKeys (ConfUtils.java:logGet(44)) - raft.server.log.appender.buffer.byte-limit = 33554432 (custom)
2021-02-20 01:28:43,288 [pool-107-thread-1] INFO  metrics.RatisMetrics (RatisMetrics.java:lambda$create$0(36)) - Creating Metrics Registry : ratis.log_worker.f236ad39-c3c5-4538-b46e-e838d72f44b7@group-F71E5E32EC8E
2021-02-20 01:28:43,288 [pool-107-thread-1] INFO  server.RaftServerConfigKeys (ConfUtils.java:logGet(44)) - raft.server.log.segment.size.max = 1048576 (custom)
2021-02-20 01:28:43,288 [pool-107-thread-1] INFO  server.RaftServerConfigKeys (ConfUtils.java:logGet(44)) - raft.server.log.segment.cache.num.max = 2 (custom)
2021-02-20 01:28:43,288 [pool-107-thread-1] INFO  server.RaftServerConfigKeys (ConfUtils.java:logGet(44)) - raft.server.log.segment.cache.size.max = 200MB (=209715200) (default)
2021-02-20 01:28:43,288 [pool-107-thread-1] INFO  segmented.SegmentedRaftLogWorker (SegmentedRaftLogWorker.java:<init>(181)) - new f236ad39-c3c5-4538-b46e-e838d72f44b7@group-F71E5E32EC8E-SegmentedRaftLogWorker for RaftStorageImpl:Storage Directory /github/workspace/mnt/ozone/hadoop-ozone/integration-test/target/test-dir/MiniOzoneClusterImpl-46d75fb8-28db-4144-ad70-95b93bf7853c/datanode-1/data/ratis/2f789a6e-c2af-4dcc-b7c5-f71e5e32ec8e
2021-02-20 01:28:43,289 [pool-107-thread-1] INFO  server.RaftServerConfigKeys (ConfUtils.java:logGet(44)) - raft.server.log.queue.byte-limit = 2147483647 (custom)
2021-02-20 01:28:43,289 [pool-107-thread-1] INFO  server.RaftServerConfigKeys (ConfUtils.java:logGet(44)) - raft.server.log.queue.element-limit = 1024 (custom)
2021-02-20 01:28:43,289 [pool-107-thread-1] INFO  server.RaftServerConfigKeys (ConfUtils.java:logGet(44)) - raft.server.log.segment.size.max = 1048576 (custom)
2021-02-20 01:28:43,289 [pool-107-thread-1] INFO  server.RaftServerConfigKeys (ConfUtils.java:logGet(44)) - raft.server.log.preallocated.size = 16384 (custom)
2021-02-20 01:28:43,289 [pool-107-thread-1] INFO  server.RaftServerConfigKeys (ConfUtils.java:logGet(44)) - raft.server.log.force.sync.num = 128 (default)
2021-02-20 01:28:43,289 [pool-107-thread-1] INFO  server.RaftServerConfigKeys (ConfUtils.java:logGet(44)) - raft.server.log.statemachine.data.sync = true (default)
2021-02-20 01:28:43,289 [pool-107-thread-1] INFO  server.RaftServerConfigKeys (ConfUtils.java:logGet(44)) - raft.server.log.statemachine.data.sync.timeout = 10s (default)
2021-02-20 01:28:43,289 [pool-107-thread-1] INFO  server.RaftServerConfigKeys (ConfUtils.java:logGet(44)) - raft.server.log.statemachine.data.sync.timeout.retry = -1 (default)
2021-02-20 01:28:43,290 [pool-107-thread-1] INFO  server.RaftServerConfigKeys (ConfUtils.java:logGet(44)) - raft.server.log.write.buffer.size = 1048576 (custom)
2021-02-20 01:28:43,291 [pool-107-thread-1] INFO  server.RaftServerConfigKeys (ConfUtils.java:logGet(44)) - raft.server.log.statemachine.data.caching.enabled = true (custom)
2021-02-20 01:28:43,291 [pool-107-thread-1] INFO  segmented.SegmentedRaftLogWorker (SegmentedRaftLogWorker.java:lambda$new$0(132)) - f236ad39-c3c5-4538-b46e-e838d72f44b7@group-F71E5E32EC8E-SegmentedRaftLogWorker: flushIndex: setUnconditionally 0 -> -1
2021-02-20 01:28:43,291 [pool-107-thread-1] INFO  segmented.SegmentedRaftLogWorker (SegmentedRaftLogWorker.java:lambda$new$0(132)) - f236ad39-c3c5-4538-b46e-e838d72f44b7@group-F71E5E32EC8E-SegmentedRaftLogWorker: safeCacheEvictIndex: setUnconditionally 0 -> -1
2021-02-20 01:28:43,298 [pool-107-thread-1] INFO  server.RaftServerConfigKeys (ConfUtils.java:logGet(44)) - raft.server.snapshot.auto.trigger.enabled = true (custom)
2021-02-20 01:28:43,298 [pool-107-thread-1] INFO  server.RaftServerConfigKeys (ConfUtils.java:logGet(44)) - raft.server.snapshot.auto.trigger.threshold = 10000 (custom)
2021-02-20 01:28:43,298 [pool-107-thread-1] INFO  server.RaftServerConfigKeys (ConfUtils.java:logGet(44)) - raft.server.snapshot.retention.file.num = 5 (custom)
2021-02-20 01:28:43,298 [pool-107-thread-1] INFO  server.RaftServerConfigKeys (ConfUtils.java:logGet(44)) - raft.server.log.purge.upto.snapshot.index = false (default)
2021-02-20 01:28:43,298 [pool-107-thread-1] INFO  server.RaftServerConfigKeys (ConfUtils.java:logGet(44)) - raft.server.retrycache.expirytime = 600000ms (custom)
2021-02-20 01:28:43,298 [pool-107-thread-1] INFO  server.RaftServerConfigKeys (ConfUtils.java:logGet(44)) - raft.server.retrycache.statistics.expirytime = 100?s (default)
2021-02-20 01:28:43,298 [pool-107-thread-1] INFO  metrics.RatisMetrics (RatisMetrics.java:lambda$create$0(36)) - Creating Metrics Registry : ratis.leader_election.f236ad39-c3c5-4538-b46e-e838d72f44b7@group-F71E5E32EC8E
2021-02-20 01:28:43,299 [pool-107-thread-1] INFO  metrics.RatisMetrics (RatisMetrics.java:lambda$create$0(36)) - Creating Metrics Registry : ratis.server.f236ad39-c3c5-4538-b46e-e838d72f44b7@group-F71E5E32EC8E
2021-02-20 01:28:43,300 [pool-107-thread-1] INFO  server.RaftServer$Division (RaftServerImpl.java:start(295)) - f236ad39-c3c5-4538-b46e-e838d72f44b7@group-F71E5E32EC8E: start as a follower, conf=-1: [f236ad39-c3c5-4538-b46e-e838d72f44b7|rpc:172.17.0.2:34705|priority:0, 2d8cb092-44a7-42fa-93c6-2025e443f331|rpc:172.17.0.2:38321|priority:1, 06e7b775-0a7d-45dc-8705-eb1795cf2a4d|rpc:172.17.0.2:42403|priority:0], old=null
2021-02-20 01:28:43,300 [pool-107-thread-1] INFO  server.RaftServer$Division (RaftServerImpl.java:setRole(284)) - f236ad39-c3c5-4538-b46e-e838d72f44b7@group-F71E5E32EC8E: changes role from      null to FOLLOWER at term 0 for startAsFollower
2021-02-20 01:28:43,300 [pool-107-thread-1] INFO  impl.RoleInfo (RoleInfo.java:updateAndGet(130)) - f236ad39-c3c5-4538-b46e-e838d72f44b7: start f236ad39-c3c5-4538-b46e-e838d72f44b7@group-F71E5E32EC8E-FollowerState
2021-02-20 01:28:43,310 [pool-107-thread-1] INFO  util.JmxRegister (JmxRegister.java:tryRegister(44)) - Successfully registered JMX Bean with object name Ratis:service=RaftServer,group=group-F71E5E32EC8E,id=f236ad39-c3c5-4538-b46e-e838d72f44b7
2021-02-20 01:28:43,310 [pool-107-thread-1] INFO  metrics.RatisMetrics (RatisMetrics.java:lambda$create$0(36)) - Creating Metrics Registry : ratis.state_machine.f236ad39-c3c5-4538-b46e-e838d72f44b7@group-F71E5E32EC8E
2021-02-20 01:28:43,321 [EventQueue-PipelineReportForOneReplicaPipelineSafeModeRule] INFO  safemode.SCMSafeModeManager (SCMSafeModeManager.java:validateSafeModeExitRules(214)) - AtleastOneDatanodeReportedRule rule is successfully validated
2021-02-20 01:28:43,323 [Command processor thread] INFO  metrics.RatisMetrics (RatisMetrics.java:lambda$create$0(36)) - Creating Metrics Registry : ratis.client_message_metrics.client-8141418100A3->06e7b775-0a7d-45dc-8705-eb1795cf2a4d
2021-02-20 01:28:43,322 [EventQueue-OpenPipelineForHealthyPipelineSafeModeRule] INFO  safemode.SCMSafeModeManager (HealthyPipelineSafeModeRule.java:process(128)) - SCM in safe mode. Healthy pipelines reported count is 0, required healthy pipeline reported count is 1
2021-02-20 01:28:43,428 [Command processor thread] INFO  server.RaftServer (RaftServerProxy.java:addNew(95)) - 2d8cb092-44a7-42fa-93c6-2025e443f331: addNew group-CC6391A33D0F:[2d8cb092-44a7-42fa-93c6-2025e443f331|rpc:172.17.0.2:38321|priority:1] returns group-CC6391A33D0F:java.util.concurrent.CompletableFuture@5f14453f[Not completed]
2021-02-20 01:28:43,429 [Listener at 127.0.0.1/45247] INFO  ozone.MiniOzoneClusterImpl (MiniOzoneClusterImpl.java:lambda$waitForClusterToBeReady$0(187)) - Nodes are ready. Got 3 of 3 DN Heartbeats.
2021-02-20 01:28:43,429 [Listener at 127.0.0.1/45247] INFO  ozone.MiniOzoneClusterImpl (MiniOzoneClusterImpl.java:lambda$waitForClusterToBeReady$0(190)) - Waiting for cluster to exit safe mode
2021-02-20 01:28:43,431 [pool-123-thread-1] INFO  server.RaftServer$Division (RaftServerImpl.java:<init>(180)) - 2d8cb092-44a7-42fa-93c6-2025e443f331: new RaftServerImpl for group-CC6391A33D0F:[2d8cb092-44a7-42fa-93c6-2025e443f331|rpc:172.17.0.2:38321|priority:1] with ContainerStateMachine:uninitialized
2021-02-20 01:28:43,431 [pool-123-thread-1] INFO  server.RaftServerConfigKeys (ConfUtils.java:logGet(44)) - raft.server.rpc.timeout.min = 5s (custom)
2021-02-20 01:28:43,431 [pool-123-thread-1] INFO  server.RaftServerConfigKeys (ConfUtils.java:logGet(44)) - raft.server.rpc.timeout.max = 5200ms (custom)
2021-02-20 01:28:43,431 [pool-123-thread-1] INFO  server.RaftServerConfigKeys (ConfUtils.java:logGet(44)) - raft.server.rpc.sleep.time = 25ms (default)
2021-02-20 01:28:43,432 [pool-123-thread-1] INFO  server.RaftServerConfigKeys (ConfUtils.java:logGet(44)) - raft.server.rpc.slowness.timeout = 300s (custom)
2021-02-20 01:28:43,432 [pool-123-thread-1] INFO  server.RaftServerConfigKeys (ConfUtils.java:logGet(44)) - raft.server.leaderelection.leader.step-down.wait-time = 10s (default)
2021-02-20 01:28:43,432 [pool-123-thread-1] INFO  server.RaftServerConfigKeys (ConfUtils.java:logGet(44)) - raft.server.sleep.deviation.threshold = 300ms (default)
2021-02-20 01:28:43,432 [pool-123-thread-1] INFO  server.RaftServerConfigKeys (ConfUtils.java:logGet(44)) - raft.server.log.appender.install.snapshot.enabled = false (custom)
2021-02-20 01:28:43,432 [pool-123-thread-1] INFO  server.RaftServer$Division (ServerState.java:<init>(105)) - 2d8cb092-44a7-42fa-93c6-2025e443f331@group-CC6391A33D0F: ConfigurationManager, init=-1: [2d8cb092-44a7-42fa-93c6-2025e443f331|rpc:172.17.0.2:38321|priority:1], old=null, confs=<EMPTY_MAP>
2021-02-20 01:28:43,432 [pool-123-thread-1] INFO  server.RaftServerConfigKeys (ConfUtils.java:logGet(44)) - raft.server.storage.dir = [/github/workspace/mnt/ozone/hadoop-ozone/integration-test/target/test-dir/MiniOzoneClusterImpl-46d75fb8-28db-4144-ad70-95b93bf7853c/datanode-2/data/ratis] (custom)
2021-02-20 01:28:43,432 [pool-123-thread-1] INFO  server.RaftServerConfigKeys (ConfUtils.java:logGet(44)) - raft.server.log.corruption.policy = EXCEPTION (default)
2021-02-20 01:28:43,433 [pool-123-thread-1] INFO  storage.RaftStorageDirectory (RaftStorageDirectoryImpl.java:analyzeStorage(132)) - The storage directory /github/workspace/mnt/ozone/hadoop-ozone/integration-test/target/test-dir/MiniOzoneClusterImpl-46d75fb8-28db-4144-ad70-95b93bf7853c/datanode-2/data/ratis/b76a8ffd-9853-4bed-9423-cc6391a33d0f does not exist. Creating ...
2021-02-20 01:28:43,434 [pool-123-thread-1] INFO  storage.RaftStorageDirectory (RaftStorageDirectoryImpl.java:tryLock(215)) - Lock on /github/workspace/mnt/ozone/hadoop-ozone/integration-test/target/test-dir/MiniOzoneClusterImpl-46d75fb8-28db-4144-ad70-95b93bf7853c/datanode-2/data/ratis/b76a8ffd-9853-4bed-9423-cc6391a33d0f/in_use.lock acquired by nodename 499@f72688ae09c2
2021-02-20 01:28:43,435 [pool-123-thread-1] INFO  storage.RaftStorage (RaftStorageImpl.java:format(87)) - Storage directory /github/workspace/mnt/ozone/hadoop-ozone/integration-test/target/test-dir/MiniOzoneClusterImpl-46d75fb8-28db-4144-ad70-95b93bf7853c/datanode-2/data/ratis/b76a8ffd-9853-4bed-9423-cc6391a33d0f has been successfully formatted.
2021-02-20 01:28:43,442 [EventQueue-PipelineReportForPipelineReportHandler] INFO  pipeline.PipelineStateManager (PipelineStateManager.java:openPipeline(132)) - Pipeline Pipeline[ Id: b76a8ffd-9853-4bed-9423-cc6391a33d0f, Nodes: 2d8cb092-44a7-42fa-93c6-2025e443f331{ip: 172.17.0.2, host: f72688ae09c2, ports: [REPLICATION=34611, RATIS=38321, RATIS_ADMIN=38321, RATIS_SERVER=38321, STANDALONE=33657], networkLocation: /default-rack, certSerialId: null, persistedOpState: IN_SERVICE, persistedOpStateExpiryEpochSec: 0}, Type:RATIS, Factor:ONE, State:ALLOCATED, leaderId:2d8cb092-44a7-42fa-93c6-2025e443f331, CreationTimestamp2021-02-20T01:28:40.429Z] moved to OPEN state
2021-02-20 01:28:43,442 [EventQueue-PipelineReportForOneReplicaPipelineSafeModeRule] INFO  safemode.SCMSafeModeManager (SCMSafeModeManager.java:validateSafeModeExitRules(214)) - AtleastOneDatanodeReportedRule rule is successfully validated
2021-02-20 01:28:43,443 [EventQueue-OpenPipelineForHealthyPipelineSafeModeRule] INFO  safemode.SCMSafeModeManager (HealthyPipelineSafeModeRule.java:process(128)) - SCM in safe mode. Healthy pipelines reported count is 0, required healthy pipeline reported count is 1
2021-02-20 01:28:43,448 [pool-123-thread-1] INFO  ratis.ContainerStateMachine (ContainerStateMachine.java:loadSnapshot(223)) - group-CC6391A33D0F: The snapshot info is null. Setting the last applied indexto:(t:0, i:~)
2021-02-20 01:28:43,453 [pool-123-thread-1] ERROR storage.RaftStorage (RaftStorageImpl.java:readRaftConfiguration(147)) - Failed reading configuration from file:/github/workspace/mnt/ozone/hadoop-ozone/integration-test/target/test-dir/MiniOzoneClusterImpl-46d75fb8-28db-4144-ad70-95b93bf7853c/datanode-2/data/ratis/b76a8ffd-9853-4bed-9423-cc6391a33d0f/current/raft-meta.conf
java.io.FileNotFoundException: /github/workspace/mnt/ozone/hadoop-ozone/integration-test/target/test-dir/MiniOzoneClusterImpl-46d75fb8-28db-4144-ad70-95b93bf7853c/datanode-2/data/ratis/b76a8ffd-9853-4bed-9423-cc6391a33d0f/current/raft-meta.conf (No such file or directory)
	at java.io.FileInputStream.open0(Native Method)
	at java.io.FileInputStream.open(FileInputStream.java:195)
	at java.io.FileInputStream.<init>(FileInputStream.java:138)
	at org.apache.ratis.server.storage.RaftStorageImpl.readRaftConfiguration(RaftStorageImpl.java:143)
	at org.apache.ratis.server.impl.ServerState.<init>(ServerState.java:122)
	at org.apache.ratis.server.impl.RaftServerImpl.<init>(RaftServerImpl.java:193)
	at org.apache.ratis.server.impl.RaftServerProxy.lambda$newRaftServerImpl$4(RaftServerProxy.java:266)
	at java.util.concurrent.CompletableFuture$AsyncSupply.run(CompletableFuture.java:1604)
	at java.util.concurrent.ThreadPoolExecutor.runWorker(ThreadPoolExecutor.java:1149)
	at java.util.concurrent.ThreadPoolExecutor$Worker.run(ThreadPoolExecutor.java:624)
	at java.lang.Thread.run(Thread.java:748)
2021-02-20 01:28:43,454 [pool-123-thread-1] INFO  server.RaftServerConfigKeys (ConfUtils.java:logGet(44)) - raft.server.notification.no-leader.timeout = 300s (custom)
2021-02-20 01:28:43,454 [pool-123-thread-1] INFO  server.RaftServerConfigKeys (ConfUtils.java:logGet(44)) - raft.server.log.use.memory = false (default)
2021-02-20 01:28:43,454 [pool-123-thread-1] INFO  server.RaftServerConfigKeys (ConfUtils.java:logGet(44)) - raft.server.log.purge.gap = 1000000 (custom)
2021-02-20 01:28:43,466 [pool-123-thread-1] INFO  server.RaftServerConfigKeys (ConfUtils.java:logGet(44)) - raft.server.log.appender.buffer.byte-limit = 33554432 (custom)
2021-02-20 01:28:43,466 [pool-123-thread-1] INFO  metrics.RatisMetrics (RatisMetrics.java:lambda$create$0(36)) - Creating Metrics Registry : ratis.log_worker.2d8cb092-44a7-42fa-93c6-2025e443f331@group-CC6391A33D0F
2021-02-20 01:28:43,467 [pool-123-thread-1] INFO  server.RaftServerConfigKeys (ConfUtils.java:logGet(44)) - raft.server.log.segment.size.max = 1048576 (custom)
2021-02-20 01:28:43,467 [pool-123-thread-1] INFO  server.RaftServerConfigKeys (ConfUtils.java:logGet(44)) - raft.server.log.segment.cache.num.max = 2 (custom)
2021-02-20 01:28:43,467 [pool-123-thread-1] INFO  server.RaftServerConfigKeys (ConfUtils.java:logGet(44)) - raft.server.log.segment.cache.size.max = 200MB (=209715200) (default)
2021-02-20 01:28:43,467 [pool-123-thread-1] INFO  segmented.SegmentedRaftLogWorker (SegmentedRaftLogWorker.java:<init>(181)) - new 2d8cb092-44a7-42fa-93c6-2025e443f331@group-CC6391A33D0F-SegmentedRaftLogWorker for RaftStorageImpl:Storage Directory /github/workspace/mnt/ozone/hadoop-ozone/integration-test/target/test-dir/MiniOzoneClusterImpl-46d75fb8-28db-4144-ad70-95b93bf7853c/datanode-2/data/ratis/b76a8ffd-9853-4bed-9423-cc6391a33d0f
2021-02-20 01:28:43,467 [pool-123-thread-1] INFO  server.RaftServerConfigKeys (ConfUtils.java:logGet(44)) - raft.server.log.queue.byte-limit = 2147483647 (custom)
2021-02-20 01:28:43,467 [pool-123-thread-1] INFO  server.RaftServerConfigKeys (ConfUtils.java:logGet(44)) - raft.server.log.queue.element-limit = 1024 (custom)
2021-02-20 01:28:43,468 [pool-123-thread-1] INFO  server.RaftServerConfigKeys (ConfUtils.java:logGet(44)) - raft.server.log.segment.size.max = 1048576 (custom)
2021-02-20 01:28:43,468 [pool-123-thread-1] INFO  server.RaftServerConfigKeys (ConfUtils.java:logGet(44)) - raft.server.log.preallocated.size = 16384 (custom)
2021-02-20 01:28:43,468 [pool-123-thread-1] INFO  server.RaftServerConfigKeys (ConfUtils.java:logGet(44)) - raft.server.log.force.sync.num = 128 (default)
2021-02-20 01:28:43,468 [pool-123-thread-1] INFO  server.RaftServerConfigKeys (ConfUtils.java:logGet(44)) - raft.server.log.statemachine.data.sync = true (default)
2021-02-20 01:28:43,468 [pool-123-thread-1] INFO  server.RaftServerConfigKeys (ConfUtils.java:logGet(44)) - raft.server.log.statemachine.data.sync.timeout = 10s (default)
2021-02-20 01:28:43,468 [pool-123-thread-1] INFO  server.RaftServerConfigKeys (ConfUtils.java:logGet(44)) - raft.server.log.statemachine.data.sync.timeout.retry = -1 (default)
2021-02-20 01:28:43,469 [pool-123-thread-1] INFO  server.RaftServerConfigKeys (ConfUtils.java:logGet(44)) - raft.server.log.write.buffer.size = 1048576 (custom)
2021-02-20 01:28:43,471 [pool-123-thread-1] INFO  server.RaftServerConfigKeys (ConfUtils.java:logGet(44)) - raft.server.log.statemachine.data.caching.enabled = true (custom)
2021-02-20 01:28:43,472 [pool-123-thread-1] INFO  segmented.SegmentedRaftLogWorker (SegmentedRaftLogWorker.java:lambda$new$0(132)) - 2d8cb092-44a7-42fa-93c6-2025e443f331@group-CC6391A33D0F-SegmentedRaftLogWorker: flushIndex: setUnconditionally 0 -> -1
2021-02-20 01:28:43,472 [pool-123-thread-1] INFO  segmented.SegmentedRaftLogWorker (SegmentedRaftLogWorker.java:lambda$new$0(132)) - 2d8cb092-44a7-42fa-93c6-2025e443f331@group-CC6391A33D0F-SegmentedRaftLogWorker: safeCacheEvictIndex: setUnconditionally 0 -> -1
2021-02-20 01:28:43,476 [pool-123-thread-1] INFO  server.RaftServerConfigKeys (ConfUtils.java:logGet(44)) - raft.server.snapshot.auto.trigger.enabled = true (custom)
2021-02-20 01:28:43,476 [pool-123-thread-1] INFO  server.RaftServerConfigKeys (ConfUtils.java:logGet(44)) - raft.server.snapshot.auto.trigger.threshold = 10000 (custom)
2021-02-20 01:28:43,476 [pool-123-thread-1] INFO  server.RaftServerConfigKeys (ConfUtils.java:logGet(44)) - raft.server.snapshot.retention.file.num = 5 (custom)
2021-02-20 01:28:43,476 [pool-123-thread-1] INFO  server.RaftServerConfigKeys (ConfUtils.java:logGet(44)) - raft.server.log.purge.upto.snapshot.index = false (default)
2021-02-20 01:28:43,476 [pool-123-thread-1] INFO  server.RaftServerConfigKeys (ConfUtils.java:logGet(44)) - raft.server.retrycache.expirytime = 600000ms (custom)
2021-02-20 01:28:43,476 [pool-123-thread-1] INFO  server.RaftServerConfigKeys (ConfUtils.java:logGet(44)) - raft.server.retrycache.statistics.expirytime = 100?s (default)
2021-02-20 01:28:43,476 [pool-123-thread-1] INFO  metrics.RatisMetrics (RatisMetrics.java:lambda$create$0(36)) - Creating Metrics Registry : ratis.leader_election.2d8cb092-44a7-42fa-93c6-2025e443f331@group-CC6391A33D0F
2021-02-20 01:28:43,482 [grpc-default-executor-0] INFO  metrics.RatisMetrics (RatisMetrics.java:lambda$create$0(36)) - Creating Metrics Registry : ratis.server_message_metrics.2d8cb092-44a7-42fa-93c6-2025e443f331
2021-02-20 01:28:43,483 [pool-123-thread-1] INFO  metrics.RatisMetrics (RatisMetrics.java:lambda$create$0(36)) - Creating Metrics Registry : ratis.server.2d8cb092-44a7-42fa-93c6-2025e443f331@group-CC6391A33D0F
2021-02-20 01:28:43,484 [pool-123-thread-1] INFO  server.RaftServer$Division (RaftServerImpl.java:start(295)) - 2d8cb092-44a7-42fa-93c6-2025e443f331@group-CC6391A33D0F: start as a follower, conf=-1: [2d8cb092-44a7-42fa-93c6-2025e443f331|rpc:172.17.0.2:38321|priority:1], old=null
2021-02-20 01:28:43,484 [pool-123-thread-1] INFO  server.RaftServer$Division (RaftServerImpl.java:setRole(284)) - 2d8cb092-44a7-42fa-93c6-2025e443f331@group-CC6391A33D0F: changes role from      null to FOLLOWER at term 0 for startAsFollower
2021-02-20 01:28:43,485 [pool-123-thread-1] INFO  impl.RoleInfo (RoleInfo.java:updateAndGet(130)) - 2d8cb092-44a7-42fa-93c6-2025e443f331: start 2d8cb092-44a7-42fa-93c6-2025e443f331@group-CC6391A33D0F-FollowerState
2021-02-20 01:28:43,485 [pool-123-thread-1] INFO  util.JmxRegister (JmxRegister.java:tryRegister(44)) - Successfully registered JMX Bean with object name Ratis:service=RaftServer,group=group-CC6391A33D0F,id=2d8cb092-44a7-42fa-93c6-2025e443f331
2021-02-20 01:28:43,485 [pool-123-thread-1] INFO  metrics.RatisMetrics (RatisMetrics.java:lambda$create$0(36)) - Creating Metrics Registry : ratis.state_machine.2d8cb092-44a7-42fa-93c6-2025e443f331@group-CC6391A33D0F
2021-02-20 01:28:43,490 [grpc-default-executor-1] INFO  metrics.RatisMetrics (RatisMetrics.java:lambda$create$0(36)) - Creating Metrics Registry : ratis.server_message_metrics.06e7b775-0a7d-45dc-8705-eb1795cf2a4d
2021-02-20 01:28:43,496 [Command processor thread] INFO  commandhandler.CreatePipelineCommandHandler (CreatePipelineCommandHandler.java:handle(106)) - Created Pipeline RATIS ONE PipelineID=b76a8ffd-9853-4bed-9423-cc6391a33d0f.
2021-02-20 01:28:43,496 [Command processor thread] INFO  server.RaftServer (RaftServerProxy.java:addNew(95)) - 2d8cb092-44a7-42fa-93c6-2025e443f331: addNew group-F71E5E32EC8E:[f236ad39-c3c5-4538-b46e-e838d72f44b7|rpc:172.17.0.2:34705|priority:0, 2d8cb092-44a7-42fa-93c6-2025e443f331|rpc:172.17.0.2:38321|priority:1, 06e7b775-0a7d-45dc-8705-eb1795cf2a4d|rpc:172.17.0.2:42403|priority:0] returns group-F71E5E32EC8E:java.util.concurrent.CompletableFuture@5b2bda05[Not completed]
2021-02-20 01:28:43,497 [pool-123-thread-1] INFO  server.RaftServer$Division (RaftServerImpl.java:<init>(180)) - 2d8cb092-44a7-42fa-93c6-2025e443f331: new RaftServerImpl for group-F71E5E32EC8E:[f236ad39-c3c5-4538-b46e-e838d72f44b7|rpc:172.17.0.2:34705|priority:0, 2d8cb092-44a7-42fa-93c6-2025e443f331|rpc:172.17.0.2:38321|priority:1, 06e7b775-0a7d-45dc-8705-eb1795cf2a4d|rpc:172.17.0.2:42403|priority:0] with ContainerStateMachine:uninitialized
2021-02-20 01:28:43,497 [pool-123-thread-1] INFO  server.RaftServerConfigKeys (ConfUtils.java:logGet(44)) - raft.server.rpc.timeout.min = 5s (custom)
2021-02-20 01:28:43,497 [pool-123-thread-1] INFO  server.RaftServerConfigKeys (ConfUtils.java:logGet(44)) - raft.server.rpc.timeout.max = 5200ms (custom)
2021-02-20 01:28:43,497 [pool-123-thread-1] INFO  server.RaftServerConfigKeys (ConfUtils.java:logGet(44)) - raft.server.rpc.sleep.time = 25ms (default)
2021-02-20 01:28:43,497 [pool-123-thread-1] INFO  server.RaftServerConfigKeys (ConfUtils.java:logGet(44)) - raft.server.rpc.slowness.timeout = 300s (custom)
2021-02-20 01:28:43,497 [pool-123-thread-1] INFO  server.RaftServerConfigKeys (ConfUtils.java:logGet(44)) - raft.server.leaderelection.leader.step-down.wait-time = 10s (default)
2021-02-20 01:28:43,497 [pool-123-thread-1] INFO  server.RaftServerConfigKeys (ConfUtils.java:logGet(44)) - raft.server.sleep.deviation.threshold = 300ms (default)
2021-02-20 01:28:43,497 [pool-123-thread-1] INFO  server.RaftServerConfigKeys (ConfUtils.java:logGet(44)) - raft.server.log.appender.install.snapshot.enabled = false (custom)
2021-02-20 01:28:43,498 [pool-123-thread-1] INFO  server.RaftServer$Division (ServerState.java:<init>(105)) - 2d8cb092-44a7-42fa-93c6-2025e443f331@group-F71E5E32EC8E: ConfigurationManager, init=-1: [f236ad39-c3c5-4538-b46e-e838d72f44b7|rpc:172.17.0.2:34705|priority:0, 2d8cb092-44a7-42fa-93c6-2025e443f331|rpc:172.17.0.2:38321|priority:1, 06e7b775-0a7d-45dc-8705-eb1795cf2a4d|rpc:172.17.0.2:42403|priority:0], old=null, confs=<EMPTY_MAP>
2021-02-20 01:28:43,498 [pool-123-thread-1] INFO  server.RaftServerConfigKeys (ConfUtils.java:logGet(44)) - raft.server.storage.dir = [/github/workspace/mnt/ozone/hadoop-ozone/integration-test/target/test-dir/MiniOzoneClusterImpl-46d75fb8-28db-4144-ad70-95b93bf7853c/datanode-2/data/ratis] (custom)
2021-02-20 01:28:43,498 [pool-123-thread-1] INFO  server.RaftServerConfigKeys (ConfUtils.java:logGet(44)) - raft.server.log.corruption.policy = EXCEPTION (default)
2021-02-20 01:28:43,498 [pool-123-thread-1] INFO  storage.RaftStorageDirectory (RaftStorageDirectoryImpl.java:analyzeStorage(132)) - The storage directory /github/workspace/mnt/ozone/hadoop-ozone/integration-test/target/test-dir/MiniOzoneClusterImpl-46d75fb8-28db-4144-ad70-95b93bf7853c/datanode-2/data/ratis/2f789a6e-c2af-4dcc-b7c5-f71e5e32ec8e does not exist. Creating ...
2021-02-20 01:28:43,499 [pool-123-thread-1] INFO  storage.RaftStorageDirectory (RaftStorageDirectoryImpl.java:tryLock(215)) - Lock on /github/workspace/mnt/ozone/hadoop-ozone/integration-test/target/test-dir/MiniOzoneClusterImpl-46d75fb8-28db-4144-ad70-95b93bf7853c/datanode-2/data/ratis/2f789a6e-c2af-4dcc-b7c5-f71e5e32ec8e/in_use.lock acquired by nodename 499@f72688ae09c2
2021-02-20 01:28:43,500 [pool-123-thread-1] INFO  storage.RaftStorage (RaftStorageImpl.java:format(87)) - Storage directory /github/workspace/mnt/ozone/hadoop-ozone/integration-test/target/test-dir/MiniOzoneClusterImpl-46d75fb8-28db-4144-ad70-95b93bf7853c/datanode-2/data/ratis/2f789a6e-c2af-4dcc-b7c5-f71e5e32ec8e has been successfully formatted.
2021-02-20 01:28:43,501 [pool-123-thread-1] INFO  ratis.ContainerStateMachine (ContainerStateMachine.java:loadSnapshot(223)) - group-F71E5E32EC8E: The snapshot info is null. Setting the last applied indexto:(t:0, i:~)
2021-02-20 01:28:43,501 [pool-123-thread-1] ERROR storage.RaftStorage (RaftStorageImpl.java:readRaftConfiguration(147)) - Failed reading configuration from file:/github/workspace/mnt/ozone/hadoop-ozone/integration-test/target/test-dir/MiniOzoneClusterImpl-46d75fb8-28db-4144-ad70-95b93bf7853c/datanode-2/data/ratis/2f789a6e-c2af-4dcc-b7c5-f71e5e32ec8e/current/raft-meta.conf
java.io.FileNotFoundException: /github/workspace/mnt/ozone/hadoop-ozone/integration-test/target/test-dir/MiniOzoneClusterImpl-46d75fb8-28db-4144-ad70-95b93bf7853c/datanode-2/data/ratis/2f789a6e-c2af-4dcc-b7c5-f71e5e32ec8e/current/raft-meta.conf (No such file or directory)
	at java.io.FileInputStream.open0(Native Method)
	at java.io.FileInputStream.open(FileInputStream.java:195)
	at java.io.FileInputStream.<init>(FileInputStream.java:138)
	at org.apache.ratis.server.storage.RaftStorageImpl.readRaftConfiguration(RaftStorageImpl.java:143)
	at org.apache.ratis.server.impl.ServerState.<init>(ServerState.java:122)
	at org.apache.ratis.server.impl.RaftServerImpl.<init>(RaftServerImpl.java:193)
	at org.apache.ratis.server.impl.RaftServerProxy.lambda$newRaftServerImpl$4(RaftServerProxy.java:266)
	at java.util.concurrent.CompletableFuture$AsyncSupply.run(CompletableFuture.java:1604)
	at java.util.concurrent.ThreadPoolExecutor.runWorker(ThreadPoolExecutor.java:1149)
	at java.util.concurrent.ThreadPoolExecutor$Worker.run(ThreadPoolExecutor.java:624)
	at java.lang.Thread.run(Thread.java:748)
2021-02-20 01:28:43,501 [pool-123-thread-1] INFO  server.RaftServerConfigKeys (ConfUtils.java:logGet(44)) - raft.server.notification.no-leader.timeout = 300s (custom)
2021-02-20 01:28:43,501 [pool-123-thread-1] INFO  server.RaftServerConfigKeys (ConfUtils.java:logGet(44)) - raft.server.log.use.memory = false (default)
2021-02-20 01:28:43,502 [pool-123-thread-1] INFO  server.RaftServerConfigKeys (ConfUtils.java:logGet(44)) - raft.server.log.purge.gap = 1000000 (custom)
2021-02-20 01:28:43,502 [pool-123-thread-1] INFO  server.RaftServerConfigKeys (ConfUtils.java:logGet(44)) - raft.server.log.appender.buffer.byte-limit = 33554432 (custom)
2021-02-20 01:28:43,502 [pool-123-thread-1] INFO  metrics.RatisMetrics (RatisMetrics.java:lambda$create$0(36)) - Creating Metrics Registry : ratis.log_worker.2d8cb092-44a7-42fa-93c6-2025e443f331@group-F71E5E32EC8E
2021-02-20 01:28:43,502 [pool-123-thread-1] INFO  server.RaftServerConfigKeys (ConfUtils.java:logGet(44)) - raft.server.log.segment.size.max = 1048576 (custom)
2021-02-20 01:28:43,510 [EventQueue-OpenPipelineForHealthyPipelineSafeModeRule] INFO  safemode.SCMSafeModeManager (HealthyPipelineSafeModeRule.java:process(128)) - SCM in safe mode. Healthy pipelines reported count is 0, required healthy pipeline reported count is 1
2021-02-20 01:28:43,510 [EventQueue-PipelineReportForOneReplicaPipelineSafeModeRule] INFO  safemode.SCMSafeModeManager (SCMSafeModeManager.java:validateSafeModeExitRules(214)) - AtleastOneDatanodeReportedRule rule is successfully validated
2021-02-20 01:28:43,511 [pool-123-thread-1] INFO  server.RaftServerConfigKeys (ConfUtils.java:logGet(44)) - raft.server.log.segment.cache.num.max = 2 (custom)
2021-02-20 01:28:43,511 [pool-123-thread-1] INFO  server.RaftServerConfigKeys (ConfUtils.java:logGet(44)) - raft.server.log.segment.cache.size.max = 200MB (=209715200) (default)
2021-02-20 01:28:43,511 [pool-123-thread-1] INFO  segmented.SegmentedRaftLogWorker (SegmentedRaftLogWorker.java:<init>(181)) - new 2d8cb092-44a7-42fa-93c6-2025e443f331@group-F71E5E32EC8E-SegmentedRaftLogWorker for RaftStorageImpl:Storage Directory /github/workspace/mnt/ozone/hadoop-ozone/integration-test/target/test-dir/MiniOzoneClusterImpl-46d75fb8-28db-4144-ad70-95b93bf7853c/datanode-2/data/ratis/2f789a6e-c2af-4dcc-b7c5-f71e5e32ec8e
2021-02-20 01:28:43,511 [pool-123-thread-1] INFO  server.RaftServerConfigKeys (ConfUtils.java:logGet(44)) - raft.server.log.queue.byte-limit = 2147483647 (custom)
2021-02-20 01:28:43,511 [pool-123-thread-1] INFO  server.RaftServerConfigKeys (ConfUtils.java:logGet(44)) - raft.server.log.queue.element-limit = 1024 (custom)
2021-02-20 01:28:43,511 [pool-123-thread-1] INFO  server.RaftServerConfigKeys (ConfUtils.java:logGet(44)) - raft.server.log.segment.size.max = 1048576 (custom)
2021-02-20 01:28:43,511 [pool-123-thread-1] INFO  server.RaftServerConfigKeys (ConfUtils.java:logGet(44)) - raft.server.log.preallocated.size = 16384 (custom)
2021-02-20 01:28:43,511 [pool-123-thread-1] INFO  server.RaftServerConfigKeys (ConfUtils.java:logGet(44)) - raft.server.log.force.sync.num = 128 (default)
2021-02-20 01:28:43,511 [pool-123-thread-1] INFO  server.RaftServerConfigKeys (ConfUtils.java:logGet(44)) - raft.server.log.statemachine.data.sync = true (default)
2021-02-20 01:28:43,512 [pool-123-thread-1] INFO  server.RaftServerConfigKeys (ConfUtils.java:logGet(44)) - raft.server.log.statemachine.data.sync.timeout = 10s (default)
2021-02-20 01:28:43,512 [pool-123-thread-1] INFO  server.RaftServerConfigKeys (ConfUtils.java:logGet(44)) - raft.server.log.statemachine.data.sync.timeout.retry = -1 (default)
2021-02-20 01:28:43,512 [pool-123-thread-1] INFO  server.RaftServerConfigKeys (ConfUtils.java:logGet(44)) - raft.server.log.write.buffer.size = 1048576 (custom)
2021-02-20 01:28:43,513 [pool-123-thread-1] INFO  server.RaftServerConfigKeys (ConfUtils.java:logGet(44)) - raft.server.log.statemachine.data.caching.enabled = true (custom)
2021-02-20 01:28:43,513 [pool-123-thread-1] INFO  segmented.SegmentedRaftLogWorker (SegmentedRaftLogWorker.java:lambda$new$0(132)) - 2d8cb092-44a7-42fa-93c6-2025e443f331@group-F71E5E32EC8E-SegmentedRaftLogWorker: flushIndex: setUnconditionally 0 -> -1
2021-02-20 01:28:43,513 [pool-123-thread-1] INFO  segmented.SegmentedRaftLogWorker (SegmentedRaftLogWorker.java:lambda$new$0(132)) - 2d8cb092-44a7-42fa-93c6-2025e443f331@group-F71E5E32EC8E-SegmentedRaftLogWorker: safeCacheEvictIndex: setUnconditionally 0 -> -1
2021-02-20 01:28:43,518 [pool-123-thread-1] INFO  server.RaftServerConfigKeys (ConfUtils.java:logGet(44)) - raft.server.snapshot.auto.trigger.enabled = true (custom)
2021-02-20 01:28:43,518 [pool-123-thread-1] INFO  server.RaftServerConfigKeys (ConfUtils.java:logGet(44)) - raft.server.snapshot.auto.trigger.threshold = 10000 (custom)
2021-02-20 01:28:43,518 [pool-123-thread-1] INFO  server.RaftServerConfigKeys (ConfUtils.java:logGet(44)) - raft.server.snapshot.retention.file.num = 5 (custom)
2021-02-20 01:28:43,518 [pool-123-thread-1] INFO  server.RaftServerConfigKeys (ConfUtils.java:logGet(44)) - raft.server.log.purge.upto.snapshot.index = false (default)
2021-02-20 01:28:43,518 [pool-123-thread-1] INFO  server.RaftServerConfigKeys (ConfUtils.java:logGet(44)) - raft.server.retrycache.expirytime = 600000ms (custom)
2021-02-20 01:28:43,518 [pool-123-thread-1] INFO  server.RaftServerConfigKeys (ConfUtils.java:logGet(44)) - raft.server.retrycache.statistics.expirytime = 100?s (default)
2021-02-20 01:28:43,518 [pool-123-thread-1] INFO  metrics.RatisMetrics (RatisMetrics.java:lambda$create$0(36)) - Creating Metrics Registry : ratis.leader_election.2d8cb092-44a7-42fa-93c6-2025e443f331@group-F71E5E32EC8E
2021-02-20 01:28:43,519 [pool-123-thread-1] INFO  metrics.RatisMetrics (RatisMetrics.java:lambda$create$0(36)) - Creating Metrics Registry : ratis.server.2d8cb092-44a7-42fa-93c6-2025e443f331@group-F71E5E32EC8E
2021-02-20 01:28:43,520 [pool-123-thread-1] INFO  server.RaftServer$Division (RaftServerImpl.java:start(295)) - 2d8cb092-44a7-42fa-93c6-2025e443f331@group-F71E5E32EC8E: start as a follower, conf=-1: [f236ad39-c3c5-4538-b46e-e838d72f44b7|rpc:172.17.0.2:34705|priority:0, 2d8cb092-44a7-42fa-93c6-2025e443f331|rpc:172.17.0.2:38321|priority:1, 06e7b775-0a7d-45dc-8705-eb1795cf2a4d|rpc:172.17.0.2:42403|priority:0], old=null
2021-02-20 01:28:43,520 [pool-123-thread-1] INFO  server.RaftServer$Division (RaftServerImpl.java:setRole(284)) - 2d8cb092-44a7-42fa-93c6-2025e443f331@group-F71E5E32EC8E: changes role from      null to FOLLOWER at term 0 for startAsFollower
2021-02-20 01:28:43,520 [pool-123-thread-1] INFO  impl.RoleInfo (RoleInfo.java:updateAndGet(130)) - 2d8cb092-44a7-42fa-93c6-2025e443f331: start 2d8cb092-44a7-42fa-93c6-2025e443f331@group-F71E5E32EC8E-FollowerState
2021-02-20 01:28:43,522 [pool-123-thread-1] INFO  util.JmxRegister (JmxRegister.java:tryRegister(44)) - Successfully registered JMX Bean with object name Ratis:service=RaftServer,group=group-F71E5E32EC8E,id=2d8cb092-44a7-42fa-93c6-2025e443f331
2021-02-20 01:28:43,522 [pool-123-thread-1] INFO  metrics.RatisMetrics (RatisMetrics.java:lambda$create$0(36)) - Creating Metrics Registry : ratis.state_machine.2d8cb092-44a7-42fa-93c6-2025e443f331@group-F71E5E32EC8E
2021-02-20 01:28:43,527 [Command processor thread] INFO  metrics.RatisMetrics (RatisMetrics.java:lambda$create$0(36)) - Creating Metrics Registry : ratis.client_message_metrics.client-5A55AE78B454->06e7b775-0a7d-45dc-8705-eb1795cf2a4d
2021-02-20 01:28:43,604 [Command processor thread] INFO  metrics.RatisMetrics (RatisMetrics.java:lambda$create$0(36)) - Creating Metrics Registry : ratis.client_message_metrics.client-27F7438C9413->2d8cb092-44a7-42fa-93c6-2025e443f331
2021-02-20 01:28:43,615 [Command processor thread] INFO  metrics.RatisMetrics (RatisMetrics.java:lambda$create$0(36)) - Creating Metrics Registry : ratis.client_message_metrics.client-CE5A075C16D6->f236ad39-c3c5-4538-b46e-e838d72f44b7
2021-02-20 01:28:43,633 [Command processor thread] INFO  metrics.RatisMetrics (RatisMetrics.java:lambda$create$0(36)) - Creating Metrics Registry : ratis.client_message_metrics.client-C936882068D6->f236ad39-c3c5-4538-b46e-e838d72f44b7
2021-02-20 01:28:43,640 [grpc-default-executor-1] INFO  metrics.RatisMetrics (RatisMetrics.java:lambda$create$0(36)) - Creating Metrics Registry : ratis.server_message_metrics.f236ad39-c3c5-4538-b46e-e838d72f44b7
2021-02-20 01:28:43,671 [Command processor thread] INFO  commandhandler.CreatePipelineCommandHandler (CreatePipelineCommandHandler.java:handle(106)) - Created Pipeline RATIS THREE PipelineID=2f789a6e-c2af-4dcc-b7c5-f71e5e32ec8e.
2021-02-20 01:28:43,676 [Command processor thread] INFO  commandhandler.CreatePipelineCommandHandler (CreatePipelineCommandHandler.java:handle(106)) - Created Pipeline RATIS THREE PipelineID=2f789a6e-c2af-4dcc-b7c5-f71e5e32ec8e.
2021-02-20 01:28:43,678 [Command processor thread] INFO  commandhandler.CreatePipelineCommandHandler (CreatePipelineCommandHandler.java:handle(106)) - Created Pipeline RATIS THREE PipelineID=2f789a6e-c2af-4dcc-b7c5-f71e5e32ec8e.
2021-02-20 01:28:44,021 [EventQueue-PipelineReportForOneReplicaPipelineSafeModeRule] INFO  safemode.SCMSafeModeManager (SCMSafeModeManager.java:validateSafeModeExitRules(214)) - AtleastOneDatanodeReportedRule rule is successfully validated
2021-02-20 01:28:44,021 [EventQueue-OpenPipelineForHealthyPipelineSafeModeRule] INFO  safemode.SCMSafeModeManager (HealthyPipelineSafeModeRule.java:process(128)) - SCM in safe mode. Healthy pipelines reported count is 0, required healthy pipeline reported count is 1
2021-02-20 01:28:44,290 [EventQueue-PipelineReportForOneReplicaPipelineSafeModeRule] INFO  safemode.SCMSafeModeManager (SCMSafeModeManager.java:validateSafeModeExitRules(214)) - AtleastOneDatanodeReportedRule rule is successfully validated
2021-02-20 01:28:44,290 [EventQueue-OpenPipelineForHealthyPipelineSafeModeRule] INFO  safemode.SCMSafeModeManager (HealthyPipelineSafeModeRule.java:process(128)) - SCM in safe mode. Healthy pipelines reported count is 0, required healthy pipeline reported count is 1
2021-02-20 01:28:44,429 [Listener at 127.0.0.1/45247] INFO  ozone.MiniOzoneClusterImpl (MiniOzoneClusterImpl.java:lambda$waitForClusterToBeReady$0(187)) - Nodes are ready. Got 3 of 3 DN Heartbeats.
2021-02-20 01:28:44,429 [Listener at 127.0.0.1/45247] INFO  ozone.MiniOzoneClusterImpl (MiniOzoneClusterImpl.java:lambda$waitForClusterToBeReady$0(190)) - Waiting for cluster to exit safe mode
2021-02-20 01:28:44,504 [EventQueue-PipelineReportForOneReplicaPipelineSafeModeRule] INFO  safemode.SCMSafeModeManager (SCMSafeModeManager.java:validateSafeModeExitRules(214)) - AtleastOneDatanodeReportedRule rule is successfully validated
2021-02-20 01:28:44,504 [EventQueue-OpenPipelineForHealthyPipelineSafeModeRule] INFO  safemode.SCMSafeModeManager (HealthyPipelineSafeModeRule.java:process(128)) - SCM in safe mode. Healthy pipelines reported count is 0, required healthy pipeline reported count is 1
2021-02-20 01:28:45,021 [EventQueue-PipelineReportForOneReplicaPipelineSafeModeRule] INFO  safemode.SCMSafeModeManager (SCMSafeModeManager.java:validateSafeModeExitRules(214)) - AtleastOneDatanodeReportedRule rule is successfully validated
2021-02-20 01:28:45,021 [EventQueue-OpenPipelineForHealthyPipelineSafeModeRule] INFO  safemode.SCMSafeModeManager (HealthyPipelineSafeModeRule.java:process(128)) - SCM in safe mode. Healthy pipelines reported count is 0, required healthy pipeline reported count is 1
2021-02-20 01:28:45,290 [EventQueue-PipelineReportForOneReplicaPipelineSafeModeRule] INFO  safemode.SCMSafeModeManager (SCMSafeModeManager.java:validateSafeModeExitRules(214)) - AtleastOneDatanodeReportedRule rule is successfully validated
2021-02-20 01:28:45,291 [EventQueue-OpenPipelineForHealthyPipelineSafeModeRule] INFO  safemode.SCMSafeModeManager (HealthyPipelineSafeModeRule.java:process(128)) - SCM in safe mode. Healthy pipelines reported count is 0, required healthy pipeline reported count is 1
2021-02-20 01:28:45,430 [Listener at 127.0.0.1/45247] INFO  ozone.MiniOzoneClusterImpl (MiniOzoneClusterImpl.java:lambda$waitForClusterToBeReady$0(187)) - Nodes are ready. Got 3 of 3 DN Heartbeats.
2021-02-20 01:28:45,430 [Listener at 127.0.0.1/45247] INFO  ozone.MiniOzoneClusterImpl (MiniOzoneClusterImpl.java:lambda$waitForClusterToBeReady$0(190)) - Waiting for cluster to exit safe mode
2021-02-20 01:28:45,504 [EventQueue-PipelineReportForOneReplicaPipelineSafeModeRule] INFO  safemode.SCMSafeModeManager (SCMSafeModeManager.java:validateSafeModeExitRules(214)) - AtleastOneDatanodeReportedRule rule is successfully validated
2021-02-20 01:28:45,504 [EventQueue-OpenPipelineForHealthyPipelineSafeModeRule] INFO  safemode.SCMSafeModeManager (HealthyPipelineSafeModeRule.java:process(128)) - SCM in safe mode. Healthy pipelines reported count is 0, required healthy pipeline reported count is 1
2021-02-20 01:28:46,021 [EventQueue-OpenPipelineForHealthyPipelineSafeModeRule] INFO  safemode.SCMSafeModeManager (HealthyPipelineSafeModeRule.java:process(128)) - SCM in safe mode. Healthy pipelines reported count is 0, required healthy pipeline reported count is 1
2021-02-20 01:28:46,021 [EventQueue-PipelineReportForOneReplicaPipelineSafeModeRule] INFO  safemode.SCMSafeModeManager (SCMSafeModeManager.java:validateSafeModeExitRules(214)) - AtleastOneDatanodeReportedRule rule is successfully validated
2021-02-20 01:28:46,291 [EventQueue-PipelineReportForOneReplicaPipelineSafeModeRule] INFO  safemode.SCMSafeModeManager (SCMSafeModeManager.java:validateSafeModeExitRules(214)) - AtleastOneDatanodeReportedRule rule is successfully validated
2021-02-20 01:28:46,291 [EventQueue-OpenPipelineForHealthyPipelineSafeModeRule] INFO  safemode.SCMSafeModeManager (HealthyPipelineSafeModeRule.java:process(128)) - SCM in safe mode. Healthy pipelines reported count is 0, required healthy pipeline reported count is 1
2021-02-20 01:28:46,430 [Listener at 127.0.0.1/45247] INFO  ozone.MiniOzoneClusterImpl (MiniOzoneClusterImpl.java:lambda$waitForClusterToBeReady$0(187)) - Nodes are ready. Got 3 of 3 DN Heartbeats.
2021-02-20 01:28:46,430 [Listener at 127.0.0.1/45247] INFO  ozone.MiniOzoneClusterImpl (MiniOzoneClusterImpl.java:lambda$waitForClusterToBeReady$0(190)) - Waiting for cluster to exit safe mode
2021-02-20 01:28:46,505 [EventQueue-PipelineReportForOneReplicaPipelineSafeModeRule] INFO  safemode.SCMSafeModeManager (SCMSafeModeManager.java:validateSafeModeExitRules(214)) - AtleastOneDatanodeReportedRule rule is successfully validated
2021-02-20 01:28:46,505 [EventQueue-OpenPipelineForHealthyPipelineSafeModeRule] INFO  safemode.SCMSafeModeManager (HealthyPipelineSafeModeRule.java:process(128)) - SCM in safe mode. Healthy pipelines reported count is 0, required healthy pipeline reported count is 1
2021-02-20 01:28:47,021 [EventQueue-PipelineReportForOneReplicaPipelineSafeModeRule] INFO  safemode.SCMSafeModeManager (SCMSafeModeManager.java:validateSafeModeExitRules(214)) - AtleastOneDatanodeReportedRule rule is successfully validated
2021-02-20 01:28:47,021 [EventQueue-OpenPipelineForHealthyPipelineSafeModeRule] INFO  safemode.SCMSafeModeManager (HealthyPipelineSafeModeRule.java:process(128)) - SCM in safe mode. Healthy pipelines reported count is 0, required healthy pipeline reported count is 1
2021-02-20 01:28:47,290 [EventQueue-PipelineReportForOneReplicaPipelineSafeModeRule] INFO  safemode.SCMSafeModeManager (SCMSafeModeManager.java:validateSafeModeExitRules(214)) - AtleastOneDatanodeReportedRule rule is successfully validated
2021-02-20 01:28:47,290 [EventQueue-OpenPipelineForHealthyPipelineSafeModeRule] INFO  safemode.SCMSafeModeManager (HealthyPipelineSafeModeRule.java:process(128)) - SCM in safe mode. Healthy pipelines reported count is 0, required healthy pipeline reported count is 1
2021-02-20 01:28:47,431 [Listener at 127.0.0.1/45247] INFO  ozone.MiniOzoneClusterImpl (MiniOzoneClusterImpl.java:lambda$waitForClusterToBeReady$0(187)) - Nodes are ready. Got 3 of 3 DN Heartbeats.
2021-02-20 01:28:47,431 [Listener at 127.0.0.1/45247] INFO  ozone.MiniOzoneClusterImpl (MiniOzoneClusterImpl.java:lambda$waitForClusterToBeReady$0(190)) - Waiting for cluster to exit safe mode
2021-02-20 01:28:47,506 [EventQueue-OpenPipelineForHealthyPipelineSafeModeRule] INFO  safemode.SCMSafeModeManager (HealthyPipelineSafeModeRule.java:process(128)) - SCM in safe mode. Healthy pipelines reported count is 0, required healthy pipeline reported count is 1
2021-02-20 01:28:47,506 [EventQueue-PipelineReportForOneReplicaPipelineSafeModeRule] INFO  safemode.SCMSafeModeManager (SCMSafeModeManager.java:validateSafeModeExitRules(214)) - AtleastOneDatanodeReportedRule rule is successfully validated
2021-02-20 01:28:48,021 [EventQueue-OpenPipelineForHealthyPipelineSafeModeRule] INFO  safemode.SCMSafeModeManager (HealthyPipelineSafeModeRule.java:process(128)) - SCM in safe mode. Healthy pipelines reported count is 0, required healthy pipeline reported count is 1
2021-02-20 01:28:48,021 [EventQueue-PipelineReportForOneReplicaPipelineSafeModeRule] INFO  safemode.SCMSafeModeManager (SCMSafeModeManager.java:validateSafeModeExitRules(214)) - AtleastOneDatanodeReportedRule rule is successfully validated
2021-02-20 01:28:48,166 [Thread-344] INFO  impl.FollowerState (FollowerState.java:run(133)) - 06e7b775-0a7d-45dc-8705-eb1795cf2a4d@group-AED50F89A633-FollowerState: change to CANDIDATE, lastRpcElapsedTime:5160295079ns, electionTimeout:5155ms
2021-02-20 01:28:48,166 [Thread-344] INFO  impl.RoleInfo (RoleInfo.java:shutdownFollowerState(108)) - 06e7b775-0a7d-45dc-8705-eb1795cf2a4d: shutdown 06e7b775-0a7d-45dc-8705-eb1795cf2a4d@group-AED50F89A633-FollowerState
2021-02-20 01:28:48,166 [Thread-344] INFO  server.RaftServer$Division (RaftServerImpl.java:setRole(284)) - 06e7b775-0a7d-45dc-8705-eb1795cf2a4d@group-AED50F89A633: changes role from  FOLLOWER to CANDIDATE at term 0 for changeToCandidate
2021-02-20 01:28:48,166 [Thread-344] INFO  server.RaftServerConfigKeys (ConfUtils.java:logGet(44)) - raft.server.leaderelection.pre-vote = false (custom)
2021-02-20 01:28:48,166 [Thread-344] INFO  impl.RoleInfo (RoleInfo.java:updateAndGet(130)) - 06e7b775-0a7d-45dc-8705-eb1795cf2a4d: start 06e7b775-0a7d-45dc-8705-eb1795cf2a4d@group-AED50F89A633-LeaderElection4
2021-02-20 01:28:48,175 [06e7b775-0a7d-45dc-8705-eb1795cf2a4d@group-AED50F89A633-LeaderElection4] INFO  impl.LeaderElection (LeaderElection.java:askForVotes(307)) - 06e7b775-0a7d-45dc-8705-eb1795cf2a4d@group-AED50F89A633-LeaderElection4 ELECTION round 0: submit vote requests at term 1 for -1: [06e7b775-0a7d-45dc-8705-eb1795cf2a4d|rpc:172.17.0.2:42403|priority:1], old=null
2021-02-20 01:28:48,175 [06e7b775-0a7d-45dc-8705-eb1795cf2a4d@group-AED50F89A633-LeaderElection4] INFO  impl.LeaderElection (LeaderElection.java:askForVotes(309)) - 06e7b775-0a7d-45dc-8705-eb1795cf2a4d@group-AED50F89A633-LeaderElection4 ELECTION round 0: result PASSED (term=1)
2021-02-20 01:28:48,175 [06e7b775-0a7d-45dc-8705-eb1795cf2a4d@group-AED50F89A633-LeaderElection4] INFO  impl.RoleInfo (RoleInfo.java:shutdownLeaderElection(121)) - 06e7b775-0a7d-45dc-8705-eb1795cf2a4d: shutdown 06e7b775-0a7d-45dc-8705-eb1795cf2a4d@group-AED50F89A633-LeaderElection4
2021-02-20 01:28:48,175 [06e7b775-0a7d-45dc-8705-eb1795cf2a4d@group-AED50F89A633-LeaderElection4] INFO  server.RaftServer$Division (RaftServerImpl.java:setRole(284)) - 06e7b775-0a7d-45dc-8705-eb1795cf2a4d@group-AED50F89A633: changes role from CANDIDATE to LEADER at term 1 for changeToLeader
2021-02-20 01:28:48,175 [06e7b775-0a7d-45dc-8705-eb1795cf2a4d@group-AED50F89A633-LeaderElection4] INFO  ratis.XceiverServerRatis (XceiverServerRatis.java:handleLeaderChangedNotification(899)) - Leader change notification received for group: group-AED50F89A633 with new leaderId: 06e7b775-0a7d-45dc-8705-eb1795cf2a4d
2021-02-20 01:28:48,176 [06e7b775-0a7d-45dc-8705-eb1795cf2a4d@group-AED50F89A633-LeaderElection4] INFO  server.RaftServer$Division (ServerState.java:setLeader(271)) - 06e7b775-0a7d-45dc-8705-eb1795cf2a4d@group-AED50F89A633: change Leader from null to 06e7b775-0a7d-45dc-8705-eb1795cf2a4d at term 1 for becomeLeader, leader elected after 5192ms
2021-02-20 01:28:48,176 [06e7b775-0a7d-45dc-8705-eb1795cf2a4d@group-AED50F89A633-LeaderElection4] INFO  server.RaftServerConfigKeys (ConfUtils.java:logGet(44)) - raft.server.staging.catchup.gap = 1000 (default)
2021-02-20 01:28:48,176 [06e7b775-0a7d-45dc-8705-eb1795cf2a4d@group-AED50F89A633-LeaderElection4] INFO  metrics.RatisMetrics (RatisMetrics.java:lambda$create$0(36)) - Creating Metrics Registry : ratis.log_appender.06e7b775-0a7d-45dc-8705-eb1795cf2a4d@group-AED50F89A633
2021-02-20 01:28:48,176 [06e7b775-0a7d-45dc-8705-eb1795cf2a4d@group-AED50F89A633-LeaderElection4] INFO  server.RaftServerConfigKeys (ConfUtils.java:logGet(44)) - raft.server.write.element-limit = 1024 (custom)
2021-02-20 01:28:48,176 [06e7b775-0a7d-45dc-8705-eb1795cf2a4d@group-AED50F89A633-LeaderElection4] INFO  server.RaftServerConfigKeys (ConfUtils.java:logGet(44)) - raft.server.write.byte-limit = 1073741824 (custom)
2021-02-20 01:28:48,177 [06e7b775-0a7d-45dc-8705-eb1795cf2a4d@group-AED50F89A633-LeaderElection4] INFO  server.RaftServerConfigKeys (ConfUtils.java:logGet(44)) - raft.server.watch.timeout = 180s (custom)
2021-02-20 01:28:48,177 [06e7b775-0a7d-45dc-8705-eb1795cf2a4d@group-AED50F89A633-LeaderElection4] INFO  server.RaftServerConfigKeys (ConfUtils.java:logGet(44)) - raft.server.watch.timeout.denomination = 1s (default)
2021-02-20 01:28:48,177 [06e7b775-0a7d-45dc-8705-eb1795cf2a4d@group-AED50F89A633-LeaderElection4] INFO  server.RaftServerConfigKeys (ConfUtils.java:logGet(44)) - raft.server.watch.element-limit = 65536 (default)
2021-02-20 01:28:48,177 [06e7b775-0a7d-45dc-8705-eb1795cf2a4d@group-AED50F89A633-LeaderElection4] INFO  impl.RoleInfo (RoleInfo.java:updateAndGet(130)) - 06e7b775-0a7d-45dc-8705-eb1795cf2a4d: start 06e7b775-0a7d-45dc-8705-eb1795cf2a4d@group-AED50F89A633-LeaderStateImpl
2021-02-20 01:28:48,178 [EventQueue-OpenPipelineForHealthyPipelineSafeModeRule] INFO  safemode.SCMSafeModeManager (HealthyPipelineSafeModeRule.java:process(128)) - SCM in safe mode. Healthy pipelines reported count is 0, required healthy pipeline reported count is 1
2021-02-20 01:28:48,178 [EventQueue-PipelineReportForOneReplicaPipelineSafeModeRule] INFO  safemode.SCMSafeModeManager (SCMSafeModeManager.java:validateSafeModeExitRules(214)) - AtleastOneDatanodeReportedRule rule is successfully validated
2021-02-20 01:28:48,179 [06e7b775-0a7d-45dc-8705-eb1795cf2a4d@group-AED50F89A633-LeaderElection4] INFO  segmented.SegmentedRaftLogWorker (SegmentedRaftLogWorker.java:startLogSegment(392)) - 06e7b775-0a7d-45dc-8705-eb1795cf2a4d@group-AED50F89A633-SegmentedRaftLogWorker: Starting segment from index:0
2021-02-20 01:28:48,180 [06e7b775-0a7d-45dc-8705-eb1795cf2a4d@group-AED50F89A633-SegmentedRaftLogWorker] INFO  segmented.SegmentedRaftLogWorker (SegmentedRaftLogWorker.java:execute(599)) - 06e7b775-0a7d-45dc-8705-eb1795cf2a4d@group-AED50F89A633-SegmentedRaftLogWorker: created new log segment /github/workspace/mnt/ozone/hadoop-ozone/integration-test/target/test-dir/MiniOzoneClusterImpl-46d75fb8-28db-4144-ad70-95b93bf7853c/datanode-0/data/ratis/38bd83a5-8a7b-437b-97c5-aed50f89a633/current/log_inprogress_0
2021-02-20 01:28:48,186 [06e7b775-0a7d-45dc-8705-eb1795cf2a4d@group-AED50F89A633-LeaderElection4] INFO  server.RaftServer$Division (ServerState.java:setRaftConf(373)) - 06e7b775-0a7d-45dc-8705-eb1795cf2a4d@group-AED50F89A633: set configuration 0: [06e7b775-0a7d-45dc-8705-eb1795cf2a4d|rpc:172.17.0.2:42403|dataStream:|priority:1], old=null
2021-02-20 01:28:48,234 [Thread-346] INFO  impl.FollowerState (FollowerState.java:run(133)) - 06e7b775-0a7d-45dc-8705-eb1795cf2a4d@group-F71E5E32EC8E-FollowerState: change to CANDIDATE, lastRpcElapsedTime:5189453491ns, electionTimeout:5188ms
2021-02-20 01:28:48,234 [Thread-346] INFO  impl.RoleInfo (RoleInfo.java:shutdownFollowerState(108)) - 06e7b775-0a7d-45dc-8705-eb1795cf2a4d: shutdown 06e7b775-0a7d-45dc-8705-eb1795cf2a4d@group-F71E5E32EC8E-FollowerState
2021-02-20 01:28:48,234 [Thread-346] INFO  server.RaftServer$Division (RaftServerImpl.java:setRole(284)) - 06e7b775-0a7d-45dc-8705-eb1795cf2a4d@group-F71E5E32EC8E: changes role from  FOLLOWER to CANDIDATE at term 0 for changeToCandidate
2021-02-20 01:28:48,234 [Thread-346] INFO  server.RaftServerConfigKeys (ConfUtils.java:logGet(44)) - raft.server.leaderelection.pre-vote = false (custom)
2021-02-20 01:28:48,235 [Thread-346] INFO  impl.RoleInfo (RoleInfo.java:updateAndGet(130)) - 06e7b775-0a7d-45dc-8705-eb1795cf2a4d: start 06e7b775-0a7d-45dc-8705-eb1795cf2a4d@group-F71E5E32EC8E-LeaderElection5
2021-02-20 01:28:48,244 [06e7b775-0a7d-45dc-8705-eb1795cf2a4d@group-F71E5E32EC8E-LeaderElection5] INFO  impl.LeaderElection (LeaderElection.java:askForVotes(307)) - 06e7b775-0a7d-45dc-8705-eb1795cf2a4d@group-F71E5E32EC8E-LeaderElection5 ELECTION round 0: submit vote requests at term 1 for -1: [f236ad39-c3c5-4538-b46e-e838d72f44b7|rpc:172.17.0.2:34705|priority:0, 2d8cb092-44a7-42fa-93c6-2025e443f331|rpc:172.17.0.2:38321|priority:1, 06e7b775-0a7d-45dc-8705-eb1795cf2a4d|rpc:172.17.0.2:42403|priority:0], old=null
2021-02-20 01:28:48,268 [grpc-default-executor-1] INFO  server.RaftServer$Division (RaftServerImpl.java:requestVote(1025)) - f236ad39-c3c5-4538-b46e-e838d72f44b7@group-F71E5E32EC8E: receive requestVote(ELECTION, 06e7b775-0a7d-45dc-8705-eb1795cf2a4d, group-F71E5E32EC8E, 1, (t:0, i:0))
2021-02-20 01:28:48,271 [grpc-default-executor-1] INFO  impl.VoteContext (VoteContext.java:log(48)) - f236ad39-c3c5-4538-b46e-e838d72f44b7@group-F71E5E32EC8E-FOLLOWER: accept ELECTION from 06e7b775-0a7d-45dc-8705-eb1795cf2a4d: our priority 0 <= candidate's priority 0
2021-02-20 01:28:48,271 [grpc-default-executor-1] INFO  server.RaftServer$Division (RaftServerImpl.java:setRole(284)) - f236ad39-c3c5-4538-b46e-e838d72f44b7@group-F71E5E32EC8E: changes role from  FOLLOWER to FOLLOWER at term 1 for candidate:06e7b775-0a7d-45dc-8705-eb1795cf2a4d
2021-02-20 01:28:48,271 [grpc-default-executor-1] INFO  impl.RoleInfo (RoleInfo.java:shutdownFollowerState(108)) - f236ad39-c3c5-4538-b46e-e838d72f44b7: shutdown f236ad39-c3c5-4538-b46e-e838d72f44b7@group-F71E5E32EC8E-FollowerState
2021-02-20 01:28:48,272 [grpc-default-executor-0] INFO  server.RaftServer$Division (RaftServerImpl.java:requestVote(1025)) - 2d8cb092-44a7-42fa-93c6-2025e443f331@group-F71E5E32EC8E: receive requestVote(ELECTION, 06e7b775-0a7d-45dc-8705-eb1795cf2a4d, group-F71E5E32EC8E, 1, (t:0, i:0))
2021-02-20 01:28:48,272 [Thread-350] INFO  impl.FollowerState (FollowerState.java:run(142)) - f236ad39-c3c5-4538-b46e-e838d72f44b7@group-F71E5E32EC8E-FollowerState was interrupted: {}
java.lang.InterruptedException: sleep interrupted
	at java.lang.Thread.sleep(Native Method)
	at java.lang.Thread.sleep(Thread.java:340)
	at java.util.concurrent.TimeUnit.sleep(TimeUnit.java:386)
	at org.apache.ratis.util.TimeDuration.sleep(TimeDuration.java:324)
	at org.apache.ratis.util.TimeDuration.sleep(TimeDuration.java:309)
	at org.apache.ratis.server.impl.FollowerState.run(FollowerState.java:117)
2021-02-20 01:28:48,273 [grpc-default-executor-1] INFO  impl.RoleInfo (RoleInfo.java:updateAndGet(130)) - f236ad39-c3c5-4538-b46e-e838d72f44b7: start f236ad39-c3c5-4538-b46e-e838d72f44b7@group-F71E5E32EC8E-FollowerState
2021-02-20 01:28:48,272 [grpc-default-executor-0] INFO  impl.VoteContext (VoteContext.java:log(48)) - 2d8cb092-44a7-42fa-93c6-2025e443f331@group-F71E5E32EC8E-FOLLOWER: reject ELECTION from 06e7b775-0a7d-45dc-8705-eb1795cf2a4d: our priority 1 > candidate's priority 0
2021-02-20 01:28:48,278 [grpc-default-executor-0] INFO  server.RaftServer$Division (RaftServerImpl.java:setRole(284)) - 2d8cb092-44a7-42fa-93c6-2025e443f331@group-F71E5E32EC8E: changes role from  FOLLOWER to FOLLOWER at term 1 for candidate:06e7b775-0a7d-45dc-8705-eb1795cf2a4d
2021-02-20 01:28:48,278 [grpc-default-executor-0] INFO  impl.RoleInfo (RoleInfo.java:shutdownFollowerState(108)) - 2d8cb092-44a7-42fa-93c6-2025e443f331: shutdown 2d8cb092-44a7-42fa-93c6-2025e443f331@group-F71E5E32EC8E-FollowerState
2021-02-20 01:28:48,282 [grpc-default-executor-0] INFO  impl.RoleInfo (RoleInfo.java:updateAndGet(130)) - 2d8cb092-44a7-42fa-93c6-2025e443f331: start 2d8cb092-44a7-42fa-93c6-2025e443f331@group-F71E5E32EC8E-FollowerState
2021-02-20 01:28:48,282 [Thread-356] INFO  impl.FollowerState (FollowerState.java:run(142)) - 2d8cb092-44a7-42fa-93c6-2025e443f331@group-F71E5E32EC8E-FollowerState was interrupted: {}
java.lang.InterruptedException: sleep interrupted
	at java.lang.Thread.sleep(Native Method)
	at java.lang.Thread.sleep(Thread.java:340)
	at java.util.concurrent.TimeUnit.sleep(TimeUnit.java:386)
	at org.apache.ratis.util.TimeDuration.sleep(TimeDuration.java:324)
	at org.apache.ratis.util.TimeDuration.sleep(TimeDuration.java:309)
	at org.apache.ratis.server.impl.FollowerState.run(FollowerState.java:117)
2021-02-20 01:28:48,304 [grpc-default-executor-1] INFO  server.RaftServer$Division (RaftServerImpl.java:requestVote(1057)) - f236ad39-c3c5-4538-b46e-e838d72f44b7@group-F71E5E32EC8E replies to ELECTION vote request: 06e7b775-0a7d-45dc-8705-eb1795cf2a4d<-f236ad39-c3c5-4538-b46e-e838d72f44b7#0:OK-t1. Peer's state: f236ad39-c3c5-4538-b46e-e838d72f44b7@group-F71E5E32EC8E:t1, leader=null, voted=06e7b775-0a7d-45dc-8705-eb1795cf2a4d, raftlog=f236ad39-c3c5-4538-b46e-e838d72f44b7@group-F71E5E32EC8E-SegmentedRaftLog:OPENED:c-1,f-1,i0, conf=-1: [f236ad39-c3c5-4538-b46e-e838d72f44b7|rpc:172.17.0.2:34705|priority:0, 2d8cb092-44a7-42fa-93c6-2025e443f331|rpc:172.17.0.2:38321|priority:1, 06e7b775-0a7d-45dc-8705-eb1795cf2a4d|rpc:172.17.0.2:42403|priority:0], old=null
2021-02-20 01:28:48,304 [EventQueue-PipelineReportForOneReplicaPipelineSafeModeRule] INFO  safemode.SCMSafeModeManager (SCMSafeModeManager.java:validateSafeModeExitRules(214)) - AtleastOneDatanodeReportedRule rule is successfully validated
2021-02-20 01:28:48,304 [EventQueue-OpenPipelineForHealthyPipelineSafeModeRule] INFO  safemode.SCMSafeModeManager (HealthyPipelineSafeModeRule.java:process(128)) - SCM in safe mode. Healthy pipelines reported count is 0, required healthy pipeline reported count is 1
2021-02-20 01:28:48,304 [grpc-default-executor-0] INFO  server.RaftServer$Division (RaftServerImpl.java:requestVote(1057)) - 2d8cb092-44a7-42fa-93c6-2025e443f331@group-F71E5E32EC8E replies to ELECTION vote request: 06e7b775-0a7d-45dc-8705-eb1795cf2a4d<-2d8cb092-44a7-42fa-93c6-2025e443f331#0:FAIL-t1. Peer's state: 2d8cb092-44a7-42fa-93c6-2025e443f331@group-F71E5E32EC8E:t1, leader=null, voted=null, raftlog=2d8cb092-44a7-42fa-93c6-2025e443f331@group-F71E5E32EC8E-SegmentedRaftLog:OPENED:c-1,f-1,i0, conf=-1: [f236ad39-c3c5-4538-b46e-e838d72f44b7|rpc:172.17.0.2:34705|priority:0, 2d8cb092-44a7-42fa-93c6-2025e443f331|rpc:172.17.0.2:38321|priority:1, 06e7b775-0a7d-45dc-8705-eb1795cf2a4d|rpc:172.17.0.2:42403|priority:0], old=null
2021-02-20 01:28:48,314 [06e7b775-0a7d-45dc-8705-eb1795cf2a4d@group-F71E5E32EC8E-LeaderElection5] INFO  impl.LeaderElection (LeaderElection.java:logAndReturn(89)) - 06e7b775-0a7d-45dc-8705-eb1795cf2a4d@group-F71E5E32EC8E-LeaderElection5: ELECTION REJECTED received 2 response(s) and 0 exception(s):
2021-02-20 01:28:48,314 [06e7b775-0a7d-45dc-8705-eb1795cf2a4d@group-F71E5E32EC8E-LeaderElection5] INFO  impl.LeaderElection (LeaderElection.java:logAndReturn(93)) -   Response 0: 06e7b775-0a7d-45dc-8705-eb1795cf2a4d<-f236ad39-c3c5-4538-b46e-e838d72f44b7#0:OK-t1
2021-02-20 01:28:48,314 [06e7b775-0a7d-45dc-8705-eb1795cf2a4d@group-F71E5E32EC8E-LeaderElection5] INFO  impl.LeaderElection (LeaderElection.java:logAndReturn(93)) -   Response 1: 06e7b775-0a7d-45dc-8705-eb1795cf2a4d<-2d8cb092-44a7-42fa-93c6-2025e443f331#0:FAIL-t1
2021-02-20 01:28:48,315 [06e7b775-0a7d-45dc-8705-eb1795cf2a4d@group-F71E5E32EC8E-LeaderElection5] INFO  impl.LeaderElection (LeaderElection.java:askForVotes(309)) - 06e7b775-0a7d-45dc-8705-eb1795cf2a4d@group-F71E5E32EC8E-LeaderElection5 ELECTION round 0: result REJECTED
2021-02-20 01:28:48,315 [06e7b775-0a7d-45dc-8705-eb1795cf2a4d@group-F71E5E32EC8E-LeaderElection5] INFO  server.RaftServer$Division (RaftServerImpl.java:setRole(284)) - 06e7b775-0a7d-45dc-8705-eb1795cf2a4d@group-F71E5E32EC8E: changes role from CANDIDATE to FOLLOWER at term 1 for REJECTED
2021-02-20 01:28:48,315 [06e7b775-0a7d-45dc-8705-eb1795cf2a4d@group-F71E5E32EC8E-LeaderElection5] INFO  impl.RoleInfo (RoleInfo.java:shutdownLeaderElection(121)) - 06e7b775-0a7d-45dc-8705-eb1795cf2a4d: shutdown 06e7b775-0a7d-45dc-8705-eb1795cf2a4d@group-F71E5E32EC8E-LeaderElection5
2021-02-20 01:28:48,315 [06e7b775-0a7d-45dc-8705-eb1795cf2a4d@group-F71E5E32EC8E-LeaderElection5] INFO  impl.RoleInfo (RoleInfo.java:updateAndGet(130)) - 06e7b775-0a7d-45dc-8705-eb1795cf2a4d: start 06e7b775-0a7d-45dc-8705-eb1795cf2a4d@group-F71E5E32EC8E-FollowerState
2021-02-20 01:28:48,387 [Thread-348] INFO  impl.FollowerState (FollowerState.java:run(133)) - f236ad39-c3c5-4538-b46e-e838d72f44b7@group-FD5E32AE9570-FollowerState: change to CANDIDATE, lastRpcElapsedTime:5124312217ns, electionTimeout:5114ms
2021-02-20 01:28:48,388 [Thread-348] INFO  impl.RoleInfo (RoleInfo.java:shutdownFollowerState(108)) - f236ad39-c3c5-4538-b46e-e838d72f44b7: shutdown f236ad39-c3c5-4538-b46e-e838d72f44b7@group-FD5E32AE9570-FollowerState
2021-02-20 01:28:48,388 [Thread-348] INFO  server.RaftServer$Division (RaftServerImpl.java:setRole(284)) - f236ad39-c3c5-4538-b46e-e838d72f44b7@group-FD5E32AE9570: changes role from  FOLLOWER to CANDIDATE at term 0 for changeToCandidate
2021-02-20 01:28:48,388 [Thread-348] INFO  server.RaftServerConfigKeys (ConfUtils.java:logGet(44)) - raft.server.leaderelection.pre-vote = false (custom)
2021-02-20 01:28:48,389 [Thread-348] INFO  impl.RoleInfo (RoleInfo.java:updateAndGet(130)) - f236ad39-c3c5-4538-b46e-e838d72f44b7: start f236ad39-c3c5-4538-b46e-e838d72f44b7@group-FD5E32AE9570-LeaderElection6
2021-02-20 01:28:48,392 [f236ad39-c3c5-4538-b46e-e838d72f44b7@group-FD5E32AE9570-LeaderElection6] INFO  impl.LeaderElection (LeaderElection.java:askForVotes(307)) - f236ad39-c3c5-4538-b46e-e838d72f44b7@group-FD5E32AE9570-LeaderElection6 ELECTION round 0: submit vote requests at term 1 for -1: [f236ad39-c3c5-4538-b46e-e838d72f44b7|rpc:172.17.0.2:34705|priority:1], old=null
2021-02-20 01:28:48,392 [f236ad39-c3c5-4538-b46e-e838d72f44b7@group-FD5E32AE9570-LeaderElection6] INFO  impl.LeaderElection (LeaderElection.java:askForVotes(309)) - f236ad39-c3c5-4538-b46e-e838d72f44b7@group-FD5E32AE9570-LeaderElection6 ELECTION round 0: result PASSED (term=1)
2021-02-20 01:28:48,392 [f236ad39-c3c5-4538-b46e-e838d72f44b7@group-FD5E32AE9570-LeaderElection6] INFO  impl.RoleInfo (RoleInfo.java:shutdownLeaderElection(121)) - f236ad39-c3c5-4538-b46e-e838d72f44b7: shutdown f236ad39-c3c5-4538-b46e-e838d72f44b7@group-FD5E32AE9570-LeaderElection6
2021-02-20 01:28:48,393 [f236ad39-c3c5-4538-b46e-e838d72f44b7@group-FD5E32AE9570-LeaderElection6] INFO  server.RaftServer$Division (RaftServerImpl.java:setRole(284)) - f236ad39-c3c5-4538-b46e-e838d72f44b7@group-FD5E32AE9570: changes role from CANDIDATE to LEADER at term 1 for changeToLeader
2021-02-20 01:28:48,393 [f236ad39-c3c5-4538-b46e-e838d72f44b7@group-FD5E32AE9570-LeaderElection6] INFO  ratis.XceiverServerRatis (XceiverServerRatis.java:handleLeaderChangedNotification(899)) - Leader change notification received for group: group-FD5E32AE9570 with new leaderId: f236ad39-c3c5-4538-b46e-e838d72f44b7
2021-02-20 01:28:48,393 [f236ad39-c3c5-4538-b46e-e838d72f44b7@group-FD5E32AE9570-LeaderElection6] INFO  server.RaftServer$Division (ServerState.java:setLeader(271)) - f236ad39-c3c5-4538-b46e-e838d72f44b7@group-FD5E32AE9570: change Leader from null to f236ad39-c3c5-4538-b46e-e838d72f44b7 at term 1 for becomeLeader, leader elected after 5147ms
2021-02-20 01:28:48,393 [f236ad39-c3c5-4538-b46e-e838d72f44b7@group-FD5E32AE9570-LeaderElection6] INFO  server.RaftServerConfigKeys (ConfUtils.java:logGet(44)) - raft.server.staging.catchup.gap = 1000 (default)
2021-02-20 01:28:48,393 [f236ad39-c3c5-4538-b46e-e838d72f44b7@group-FD5E32AE9570-LeaderElection6] INFO  metrics.RatisMetrics (RatisMetrics.java:lambda$create$0(36)) - Creating Metrics Registry : ratis.log_appender.f236ad39-c3c5-4538-b46e-e838d72f44b7@group-FD5E32AE9570
2021-02-20 01:28:48,394 [f236ad39-c3c5-4538-b46e-e838d72f44b7@group-FD5E32AE9570-LeaderElection6] INFO  server.RaftServerConfigKeys (ConfUtils.java:logGet(44)) - raft.server.write.element-limit = 1024 (custom)
2021-02-20 01:28:48,394 [f236ad39-c3c5-4538-b46e-e838d72f44b7@group-FD5E32AE9570-LeaderElection6] INFO  server.RaftServerConfigKeys (ConfUtils.java:logGet(44)) - raft.server.write.byte-limit = 1073741824 (custom)
2021-02-20 01:28:48,394 [f236ad39-c3c5-4538-b46e-e838d72f44b7@group-FD5E32AE9570-LeaderElection6] INFO  server.RaftServerConfigKeys (ConfUtils.java:logGet(44)) - raft.server.watch.timeout = 180s (custom)
2021-02-20 01:28:48,394 [f236ad39-c3c5-4538-b46e-e838d72f44b7@group-FD5E32AE9570-LeaderElection6] INFO  server.RaftServerConfigKeys (ConfUtils.java:logGet(44)) - raft.server.watch.timeout.denomination = 1s (default)
2021-02-20 01:28:48,394 [f236ad39-c3c5-4538-b46e-e838d72f44b7@group-FD5E32AE9570-LeaderElection6] INFO  server.RaftServerConfigKeys (ConfUtils.java:logGet(44)) - raft.server.watch.element-limit = 65536 (default)
2021-02-20 01:28:48,394 [f236ad39-c3c5-4538-b46e-e838d72f44b7@group-FD5E32AE9570-LeaderElection6] INFO  impl.RoleInfo (RoleInfo.java:updateAndGet(130)) - f236ad39-c3c5-4538-b46e-e838d72f44b7: start f236ad39-c3c5-4538-b46e-e838d72f44b7@group-FD5E32AE9570-LeaderStateImpl
2021-02-20 01:28:48,394 [f236ad39-c3c5-4538-b46e-e838d72f44b7@group-FD5E32AE9570-LeaderElection6] INFO  segmented.SegmentedRaftLogWorker (SegmentedRaftLogWorker.java:startLogSegment(392)) - f236ad39-c3c5-4538-b46e-e838d72f44b7@group-FD5E32AE9570-SegmentedRaftLogWorker: Starting segment from index:0
2021-02-20 01:28:48,395 [EventQueue-PipelineReportForOneReplicaPipelineSafeModeRule] INFO  safemode.SCMSafeModeManager (SCMSafeModeManager.java:validateSafeModeExitRules(214)) - AtleastOneDatanodeReportedRule rule is successfully validated
2021-02-20 01:28:48,395 [EventQueue-OpenPipelineForHealthyPipelineSafeModeRule] INFO  safemode.SCMSafeModeManager (HealthyPipelineSafeModeRule.java:process(128)) - SCM in safe mode. Healthy pipelines reported count is 0, required healthy pipeline reported count is 1
2021-02-20 01:28:48,396 [f236ad39-c3c5-4538-b46e-e838d72f44b7@group-FD5E32AE9570-SegmentedRaftLogWorker] INFO  segmented.SegmentedRaftLogWorker (SegmentedRaftLogWorker.java:execute(599)) - f236ad39-c3c5-4538-b46e-e838d72f44b7@group-FD5E32AE9570-SegmentedRaftLogWorker: created new log segment /github/workspace/mnt/ozone/hadoop-ozone/integration-test/target/test-dir/MiniOzoneClusterImpl-46d75fb8-28db-4144-ad70-95b93bf7853c/datanode-1/data/ratis/c5937e09-ebc7-4a31-a8b6-fd5e32ae9570/current/log_inprogress_0
2021-02-20 01:28:48,404 [f236ad39-c3c5-4538-b46e-e838d72f44b7@group-FD5E32AE9570-LeaderElection6] INFO  server.RaftServer$Division (ServerState.java:setRaftConf(373)) - f236ad39-c3c5-4538-b46e-e838d72f44b7@group-FD5E32AE9570: set configuration 0: [f236ad39-c3c5-4538-b46e-e838d72f44b7|rpc:172.17.0.2:34705|dataStream:|priority:1], old=null
2021-02-20 01:28:48,431 [Listener at 127.0.0.1/45247] INFO  ozone.MiniOzoneClusterImpl (MiniOzoneClusterImpl.java:lambda$waitForClusterToBeReady$0(187)) - Nodes are ready. Got 3 of 3 DN Heartbeats.
2021-02-20 01:28:48,431 [Listener at 127.0.0.1/45247] INFO  ozone.MiniOzoneClusterImpl (MiniOzoneClusterImpl.java:lambda$waitForClusterToBeReady$0(190)) - Waiting for cluster to exit safe mode
2021-02-20 01:28:48,503 [EventQueue-PipelineReportForOneReplicaPipelineSafeModeRule] INFO  safemode.SCMSafeModeManager (SCMSafeModeManager.java:validateSafeModeExitRules(214)) - AtleastOneDatanodeReportedRule rule is successfully validated
2021-02-20 01:28:48,504 [EventQueue-OpenPipelineForHealthyPipelineSafeModeRule] INFO  safemode.SCMSafeModeManager (HealthyPipelineSafeModeRule.java:process(128)) - SCM in safe mode. Healthy pipelines reported count is 0, required healthy pipeline reported count is 1
2021-02-20 01:28:48,693 [Thread-352] INFO  impl.FollowerState (FollowerState.java:run(133)) - 2d8cb092-44a7-42fa-93c6-2025e443f331@group-CC6391A33D0F-FollowerState: change to CANDIDATE, lastRpcElapsedTime:5208737541ns, electionTimeout:5198ms
2021-02-20 01:28:48,694 [Thread-352] INFO  impl.RoleInfo (RoleInfo.java:shutdownFollowerState(108)) - 2d8cb092-44a7-42fa-93c6-2025e443f331: shutdown 2d8cb092-44a7-42fa-93c6-2025e443f331@group-CC6391A33D0F-FollowerState
2021-02-20 01:28:48,694 [Thread-352] INFO  server.RaftServer$Division (RaftServerImpl.java:setRole(284)) - 2d8cb092-44a7-42fa-93c6-2025e443f331@group-CC6391A33D0F: changes role from  FOLLOWER to CANDIDATE at term 0 for changeToCandidate
2021-02-20 01:28:48,694 [Thread-352] INFO  server.RaftServerConfigKeys (ConfUtils.java:logGet(44)) - raft.server.leaderelection.pre-vote = false (custom)
2021-02-20 01:28:48,694 [Thread-352] INFO  impl.RoleInfo (RoleInfo.java:updateAndGet(130)) - 2d8cb092-44a7-42fa-93c6-2025e443f331: start 2d8cb092-44a7-42fa-93c6-2025e443f331@group-CC6391A33D0F-LeaderElection7
2021-02-20 01:28:48,696 [2d8cb092-44a7-42fa-93c6-2025e443f331@group-CC6391A33D0F-LeaderElection7] INFO  impl.LeaderElection (LeaderElection.java:askForVotes(307)) - 2d8cb092-44a7-42fa-93c6-2025e443f331@group-CC6391A33D0F-LeaderElection7 ELECTION round 0: submit vote requests at term 1 for -1: [2d8cb092-44a7-42fa-93c6-2025e443f331|rpc:172.17.0.2:38321|priority:1], old=null
2021-02-20 01:28:48,697 [2d8cb092-44a7-42fa-93c6-2025e443f331@group-CC6391A33D0F-LeaderElection7] INFO  impl.LeaderElection (LeaderElection.java:askForVotes(309)) - 2d8cb092-44a7-42fa-93c6-2025e443f331@group-CC6391A33D0F-LeaderElection7 ELECTION round 0: result PASSED (term=1)
2021-02-20 01:28:48,697 [2d8cb092-44a7-42fa-93c6-2025e443f331@group-CC6391A33D0F-LeaderElection7] INFO  impl.RoleInfo (RoleInfo.java:shutdownLeaderElection(121)) - 2d8cb092-44a7-42fa-93c6-2025e443f331: shutdown 2d8cb092-44a7-42fa-93c6-2025e443f331@group-CC6391A33D0F-LeaderElection7
2021-02-20 01:28:48,697 [2d8cb092-44a7-42fa-93c6-2025e443f331@group-CC6391A33D0F-LeaderElection7] INFO  server.RaftServer$Division (RaftServerImpl.java:setRole(284)) - 2d8cb092-44a7-42fa-93c6-2025e443f331@group-CC6391A33D0F: changes role from CANDIDATE to LEADER at term 1 for changeToLeader
2021-02-20 01:28:48,697 [2d8cb092-44a7-42fa-93c6-2025e443f331@group-CC6391A33D0F-LeaderElection7] INFO  ratis.XceiverServerRatis (XceiverServerRatis.java:handleLeaderChangedNotification(899)) - Leader change notification received for group: group-CC6391A33D0F with new leaderId: 2d8cb092-44a7-42fa-93c6-2025e443f331
2021-02-20 01:28:48,697 [2d8cb092-44a7-42fa-93c6-2025e443f331@group-CC6391A33D0F-LeaderElection7] INFO  server.RaftServer$Division (ServerState.java:setLeader(271)) - 2d8cb092-44a7-42fa-93c6-2025e443f331@group-CC6391A33D0F: change Leader from null to 2d8cb092-44a7-42fa-93c6-2025e443f331 at term 1 for becomeLeader, leader elected after 5243ms
2021-02-20 01:28:48,697 [2d8cb092-44a7-42fa-93c6-2025e443f331@group-CC6391A33D0F-LeaderElection7] INFO  server.RaftServerConfigKeys (ConfUtils.java:logGet(44)) - raft.server.staging.catchup.gap = 1000 (default)
2021-02-20 01:28:48,697 [2d8cb092-44a7-42fa-93c6-2025e443f331@group-CC6391A33D0F-LeaderElection7] INFO  metrics.RatisMetrics (RatisMetrics.java:lambda$create$0(36)) - Creating Metrics Registry : ratis.log_appender.2d8cb092-44a7-42fa-93c6-2025e443f331@group-CC6391A33D0F
2021-02-20 01:28:48,698 [2d8cb092-44a7-42fa-93c6-2025e443f331@group-CC6391A33D0F-LeaderElection7] INFO  server.RaftServerConfigKeys (ConfUtils.java:logGet(44)) - raft.server.write.element-limit = 1024 (custom)
2021-02-20 01:28:48,698 [2d8cb092-44a7-42fa-93c6-2025e443f331@group-CC6391A33D0F-LeaderElection7] INFO  server.RaftServerConfigKeys (ConfUtils.java:logGet(44)) - raft.server.write.byte-limit = 1073741824 (custom)
2021-02-20 01:28:48,698 [2d8cb092-44a7-42fa-93c6-2025e443f331@group-CC6391A33D0F-LeaderElection7] INFO  server.RaftServerConfigKeys (ConfUtils.java:logGet(44)) - raft.server.watch.timeout = 180s (custom)
2021-02-20 01:28:48,698 [2d8cb092-44a7-42fa-93c6-2025e443f331@group-CC6391A33D0F-LeaderElection7] INFO  server.RaftServerConfigKeys (ConfUtils.java:logGet(44)) - raft.server.watch.timeout.denomination = 1s (default)
2021-02-20 01:28:48,699 [2d8cb092-44a7-42fa-93c6-2025e443f331@group-CC6391A33D0F-LeaderElection7] INFO  server.RaftServerConfigKeys (ConfUtils.java:logGet(44)) - raft.server.watch.element-limit = 65536 (default)
2021-02-20 01:28:48,699 [EventQueue-OpenPipelineForHealthyPipelineSafeModeRule] INFO  safemode.SCMSafeModeManager (HealthyPipelineSafeModeRule.java:process(128)) - SCM in safe mode. Healthy pipelines reported count is 0, required healthy pipeline reported count is 1
2021-02-20 01:28:48,699 [2d8cb092-44a7-42fa-93c6-2025e443f331@group-CC6391A33D0F-LeaderElection7] INFO  impl.RoleInfo (RoleInfo.java:updateAndGet(130)) - 2d8cb092-44a7-42fa-93c6-2025e443f331: start 2d8cb092-44a7-42fa-93c6-2025e443f331@group-CC6391A33D0F-LeaderStateImpl
2021-02-20 01:28:48,699 [EventQueue-PipelineReportForOneReplicaPipelineSafeModeRule] INFO  safemode.SCMSafeModeManager (SCMSafeModeManager.java:validateSafeModeExitRules(214)) - AtleastOneDatanodeReportedRule rule is successfully validated
2021-02-20 01:28:48,699 [2d8cb092-44a7-42fa-93c6-2025e443f331@group-CC6391A33D0F-LeaderElection7] INFO  segmented.SegmentedRaftLogWorker (SegmentedRaftLogWorker.java:startLogSegment(392)) - 2d8cb092-44a7-42fa-93c6-2025e443f331@group-CC6391A33D0F-SegmentedRaftLogWorker: Starting segment from index:0
2021-02-20 01:28:48,701 [2d8cb092-44a7-42fa-93c6-2025e443f331@group-CC6391A33D0F-SegmentedRaftLogWorker] INFO  segmented.SegmentedRaftLogWorker (SegmentedRaftLogWorker.java:execute(599)) - 2d8cb092-44a7-42fa-93c6-2025e443f331@group-CC6391A33D0F-SegmentedRaftLogWorker: created new log segment /github/workspace/mnt/ozone/hadoop-ozone/integration-test/target/test-dir/MiniOzoneClusterImpl-46d75fb8-28db-4144-ad70-95b93bf7853c/datanode-2/data/ratis/b76a8ffd-9853-4bed-9423-cc6391a33d0f/current/log_inprogress_0
2021-02-20 01:28:48,702 [2d8cb092-44a7-42fa-93c6-2025e443f331@group-CC6391A33D0F-LeaderElection7] INFO  server.RaftServer$Division (ServerState.java:setRaftConf(373)) - 2d8cb092-44a7-42fa-93c6-2025e443f331@group-CC6391A33D0F: set configuration 0: [2d8cb092-44a7-42fa-93c6-2025e443f331|rpc:172.17.0.2:38321|dataStream:|priority:1], old=null
2021-02-20 01:28:49,177 [EventQueue-OpenPipelineForHealthyPipelineSafeModeRule] INFO  safemode.SCMSafeModeManager (HealthyPipelineSafeModeRule.java:process(128)) - SCM in safe mode. Healthy pipelines reported count is 0, required healthy pipeline reported count is 1
2021-02-20 01:28:49,177 [EventQueue-PipelineReportForOneReplicaPipelineSafeModeRule] INFO  safemode.SCMSafeModeManager (SCMSafeModeManager.java:validateSafeModeExitRules(214)) - AtleastOneDatanodeReportedRule rule is successfully validated
2021-02-20 01:28:49,395 [EventQueue-PipelineReportForOneReplicaPipelineSafeModeRule] INFO  safemode.SCMSafeModeManager (SCMSafeModeManager.java:validateSafeModeExitRules(214)) - AtleastOneDatanodeReportedRule rule is successfully validated
2021-02-20 01:28:49,395 [EventQueue-OpenPipelineForHealthyPipelineSafeModeRule] INFO  safemode.SCMSafeModeManager (HealthyPipelineSafeModeRule.java:process(128)) - SCM in safe mode. Healthy pipelines reported count is 0, required healthy pipeline reported count is 1
2021-02-20 01:28:49,431 [Listener at 127.0.0.1/45247] INFO  ozone.MiniOzoneClusterImpl (MiniOzoneClusterImpl.java:lambda$waitForClusterToBeReady$0(187)) - Nodes are ready. Got 3 of 3 DN Heartbeats.
2021-02-20 01:28:49,432 [Listener at 127.0.0.1/45247] INFO  ozone.MiniOzoneClusterImpl (MiniOzoneClusterImpl.java:lambda$waitForClusterToBeReady$0(190)) - Waiting for cluster to exit safe mode
2021-02-20 01:28:49,700 [EventQueue-OpenPipelineForHealthyPipelineSafeModeRule] INFO  safemode.SCMSafeModeManager (HealthyPipelineSafeModeRule.java:process(128)) - SCM in safe mode. Healthy pipelines reported count is 0, required healthy pipeline reported count is 1
2021-02-20 01:28:49,700 [EventQueue-PipelineReportForOneReplicaPipelineSafeModeRule] INFO  safemode.SCMSafeModeManager (SCMSafeModeManager.java:validateSafeModeExitRules(214)) - AtleastOneDatanodeReportedRule rule is successfully validated
2021-02-20 01:28:50,177 [EventQueue-OpenPipelineForHealthyPipelineSafeModeRule] INFO  safemode.SCMSafeModeManager (HealthyPipelineSafeModeRule.java:process(128)) - SCM in safe mode. Healthy pipelines reported count is 0, required healthy pipeline reported count is 1
2021-02-20 01:28:50,178 [EventQueue-PipelineReportForOneReplicaPipelineSafeModeRule] INFO  safemode.SCMSafeModeManager (SCMSafeModeManager.java:validateSafeModeExitRules(214)) - AtleastOneDatanodeReportedRule rule is successfully validated
2021-02-20 01:28:50,396 [EventQueue-PipelineReportForOneReplicaPipelineSafeModeRule] INFO  safemode.SCMSafeModeManager (SCMSafeModeManager.java:validateSafeModeExitRules(214)) - AtleastOneDatanodeReportedRule rule is successfully validated
2021-02-20 01:28:50,396 [EventQueue-OpenPipelineForHealthyPipelineSafeModeRule] INFO  safemode.SCMSafeModeManager (HealthyPipelineSafeModeRule.java:process(128)) - SCM in safe mode. Healthy pipelines reported count is 0, required healthy pipeline reported count is 1
2021-02-20 01:28:50,432 [Listener at 127.0.0.1/45247] INFO  ozone.MiniOzoneClusterImpl (MiniOzoneClusterImpl.java:lambda$waitForClusterToBeReady$0(187)) - Nodes are ready. Got 3 of 3 DN Heartbeats.
2021-02-20 01:28:50,432 [Listener at 127.0.0.1/45247] INFO  ozone.MiniOzoneClusterImpl (MiniOzoneClusterImpl.java:lambda$waitForClusterToBeReady$0(190)) - Waiting for cluster to exit safe mode
2021-02-20 01:28:50,699 [EventQueue-PipelineReportForOneReplicaPipelineSafeModeRule] INFO  safemode.SCMSafeModeManager (SCMSafeModeManager.java:validateSafeModeExitRules(214)) - AtleastOneDatanodeReportedRule rule is successfully validated
2021-02-20 01:28:50,700 [EventQueue-OpenPipelineForHealthyPipelineSafeModeRule] INFO  safemode.SCMSafeModeManager (HealthyPipelineSafeModeRule.java:process(128)) - SCM in safe mode. Healthy pipelines reported count is 0, required healthy pipeline reported count is 1
2021-02-20 01:28:51,177 [EventQueue-OpenPipelineForHealthyPipelineSafeModeRule] INFO  safemode.SCMSafeModeManager (HealthyPipelineSafeModeRule.java:process(128)) - SCM in safe mode. Healthy pipelines reported count is 0, required healthy pipeline reported count is 1
2021-02-20 01:28:51,177 [EventQueue-PipelineReportForOneReplicaPipelineSafeModeRule] INFO  safemode.SCMSafeModeManager (SCMSafeModeManager.java:validateSafeModeExitRules(214)) - AtleastOneDatanodeReportedRule rule is successfully validated
2021-02-20 01:28:51,395 [EventQueue-OpenPipelineForHealthyPipelineSafeModeRule] INFO  safemode.SCMSafeModeManager (HealthyPipelineSafeModeRule.java:process(128)) - SCM in safe mode. Healthy pipelines reported count is 0, required healthy pipeline reported count is 1
2021-02-20 01:28:51,395 [EventQueue-PipelineReportForOneReplicaPipelineSafeModeRule] INFO  safemode.SCMSafeModeManager (SCMSafeModeManager.java:validateSafeModeExitRules(214)) - AtleastOneDatanodeReportedRule rule is successfully validated
2021-02-20 01:28:51,433 [Listener at 127.0.0.1/45247] INFO  ozone.MiniOzoneClusterImpl (MiniOzoneClusterImpl.java:lambda$waitForClusterToBeReady$0(187)) - Nodes are ready. Got 3 of 3 DN Heartbeats.
2021-02-20 01:28:51,433 [Listener at 127.0.0.1/45247] INFO  ozone.MiniOzoneClusterImpl (MiniOzoneClusterImpl.java:lambda$waitForClusterToBeReady$0(190)) - Waiting for cluster to exit safe mode
2021-02-20 01:28:51,700 [EventQueue-OpenPipelineForHealthyPipelineSafeModeRule] INFO  safemode.SCMSafeModeManager (HealthyPipelineSafeModeRule.java:process(128)) - SCM in safe mode. Healthy pipelines reported count is 0, required healthy pipeline reported count is 1
2021-02-20 01:28:51,700 [EventQueue-PipelineReportForOneReplicaPipelineSafeModeRule] INFO  safemode.SCMSafeModeManager (SCMSafeModeManager.java:validateSafeModeExitRules(214)) - AtleastOneDatanodeReportedRule rule is successfully validated
2021-02-20 01:28:52,177 [EventQueue-PipelineReportForOneReplicaPipelineSafeModeRule] INFO  safemode.SCMSafeModeManager (SCMSafeModeManager.java:validateSafeModeExitRules(214)) - AtleastOneDatanodeReportedRule rule is successfully validated
2021-02-20 01:28:52,178 [EventQueue-OpenPipelineForHealthyPipelineSafeModeRule] INFO  safemode.SCMSafeModeManager (HealthyPipelineSafeModeRule.java:process(128)) - SCM in safe mode. Healthy pipelines reported count is 0, required healthy pipeline reported count is 1
2021-02-20 01:28:52,395 [EventQueue-PipelineReportForOneReplicaPipelineSafeModeRule] INFO  safemode.SCMSafeModeManager (SCMSafeModeManager.java:validateSafeModeExitRules(214)) - AtleastOneDatanodeReportedRule rule is successfully validated
2021-02-20 01:28:52,395 [EventQueue-OpenPipelineForHealthyPipelineSafeModeRule] INFO  safemode.SCMSafeModeManager (HealthyPipelineSafeModeRule.java:process(128)) - SCM in safe mode. Healthy pipelines reported count is 0, required healthy pipeline reported count is 1
2021-02-20 01:28:52,433 [Listener at 127.0.0.1/45247] INFO  ozone.MiniOzoneClusterImpl (MiniOzoneClusterImpl.java:lambda$waitForClusterToBeReady$0(187)) - Nodes are ready. Got 3 of 3 DN Heartbeats.
2021-02-20 01:28:52,433 [Listener at 127.0.0.1/45247] INFO  ozone.MiniOzoneClusterImpl (MiniOzoneClusterImpl.java:lambda$waitForClusterToBeReady$0(190)) - Waiting for cluster to exit safe mode
2021-02-20 01:28:52,700 [EventQueue-PipelineReportForOneReplicaPipelineSafeModeRule] INFO  safemode.SCMSafeModeManager (SCMSafeModeManager.java:validateSafeModeExitRules(214)) - AtleastOneDatanodeReportedRule rule is successfully validated
2021-02-20 01:28:52,701 [EventQueue-OpenPipelineForHealthyPipelineSafeModeRule] INFO  safemode.SCMSafeModeManager (HealthyPipelineSafeModeRule.java:process(128)) - SCM in safe mode. Healthy pipelines reported count is 0, required healthy pipeline reported count is 1
2021-02-20 01:28:53,177 [EventQueue-OpenPipelineForHealthyPipelineSafeModeRule] INFO  safemode.SCMSafeModeManager (HealthyPipelineSafeModeRule.java:process(128)) - SCM in safe mode. Healthy pipelines reported count is 0, required healthy pipeline reported count is 1
2021-02-20 01:28:53,177 [EventQueue-PipelineReportForOneReplicaPipelineSafeModeRule] INFO  safemode.SCMSafeModeManager (SCMSafeModeManager.java:validateSafeModeExitRules(214)) - AtleastOneDatanodeReportedRule rule is successfully validated
2021-02-20 01:28:53,396 [EventQueue-OpenPipelineForHealthyPipelineSafeModeRule] INFO  safemode.SCMSafeModeManager (HealthyPipelineSafeModeRule.java:process(128)) - SCM in safe mode. Healthy pipelines reported count is 0, required healthy pipeline reported count is 1
2021-02-20 01:28:53,396 [EventQueue-PipelineReportForOneReplicaPipelineSafeModeRule] INFO  safemode.SCMSafeModeManager (SCMSafeModeManager.java:validateSafeModeExitRules(214)) - AtleastOneDatanodeReportedRule rule is successfully validated
2021-02-20 01:28:53,434 [Listener at 127.0.0.1/45247] INFO  ozone.MiniOzoneClusterImpl (MiniOzoneClusterImpl.java:lambda$waitForClusterToBeReady$0(187)) - Nodes are ready. Got 3 of 3 DN Heartbeats.
2021-02-20 01:28:53,434 [Listener at 127.0.0.1/45247] INFO  ozone.MiniOzoneClusterImpl (MiniOzoneClusterImpl.java:lambda$waitForClusterToBeReady$0(190)) - Waiting for cluster to exit safe mode
2021-02-20 01:28:53,476 [Thread-368] INFO  impl.FollowerState (FollowerState.java:run(133)) - 06e7b775-0a7d-45dc-8705-eb1795cf2a4d@group-F71E5E32EC8E-FollowerState: change to CANDIDATE, lastRpcElapsedTime:5160835148ns, electionTimeout:5160ms
2021-02-20 01:28:53,476 [Thread-368] INFO  impl.RoleInfo (RoleInfo.java:shutdownFollowerState(108)) - 06e7b775-0a7d-45dc-8705-eb1795cf2a4d: shutdown 06e7b775-0a7d-45dc-8705-eb1795cf2a4d@group-F71E5E32EC8E-FollowerState
2021-02-20 01:28:53,476 [Thread-368] INFO  server.RaftServer$Division (RaftServerImpl.java:setRole(284)) - 06e7b775-0a7d-45dc-8705-eb1795cf2a4d@group-F71E5E32EC8E: changes role from  FOLLOWER to CANDIDATE at term 1 for changeToCandidate
2021-02-20 01:28:53,476 [Thread-368] INFO  server.RaftServerConfigKeys (ConfUtils.java:logGet(44)) - raft.server.leaderelection.pre-vote = false (custom)
2021-02-20 01:28:53,476 [Thread-368] INFO  impl.RoleInfo (RoleInfo.java:updateAndGet(130)) - 06e7b775-0a7d-45dc-8705-eb1795cf2a4d: start 06e7b775-0a7d-45dc-8705-eb1795cf2a4d@group-F71E5E32EC8E-LeaderElection8
2021-02-20 01:28:53,479 [06e7b775-0a7d-45dc-8705-eb1795cf2a4d@group-F71E5E32EC8E-LeaderElection8] INFO  impl.LeaderElection (LeaderElection.java:askForVotes(307)) - 06e7b775-0a7d-45dc-8705-eb1795cf2a4d@group-F71E5E32EC8E-LeaderElection8 ELECTION round 0: submit vote requests at term 2 for -1: [f236ad39-c3c5-4538-b46e-e838d72f44b7|rpc:172.17.0.2:34705|priority:0, 2d8cb092-44a7-42fa-93c6-2025e443f331|rpc:172.17.0.2:38321|priority:1, 06e7b775-0a7d-45dc-8705-eb1795cf2a4d|rpc:172.17.0.2:42403|priority:0], old=null
2021-02-20 01:28:53,480 [Thread-367] INFO  impl.FollowerState (FollowerState.java:run(133)) - 2d8cb092-44a7-42fa-93c6-2025e443f331@group-F71E5E32EC8E-FollowerState: change to CANDIDATE, lastRpcElapsedTime:5198552158ns, electionTimeout:5182ms
2021-02-20 01:28:53,480 [Thread-367] INFO  impl.RoleInfo (RoleInfo.java:shutdownFollowerState(108)) - 2d8cb092-44a7-42fa-93c6-2025e443f331: shutdown 2d8cb092-44a7-42fa-93c6-2025e443f331@group-F71E5E32EC8E-FollowerState
2021-02-20 01:28:53,481 [Thread-367] INFO  server.RaftServer$Division (RaftServerImpl.java:setRole(284)) - 2d8cb092-44a7-42fa-93c6-2025e443f331@group-F71E5E32EC8E: changes role from  FOLLOWER to CANDIDATE at term 1 for changeToCandidate
2021-02-20 01:28:53,481 [Thread-367] INFO  server.RaftServerConfigKeys (ConfUtils.java:logGet(44)) - raft.server.leaderelection.pre-vote = false (custom)
2021-02-20 01:28:53,481 [Thread-367] INFO  impl.RoleInfo (RoleInfo.java:updateAndGet(130)) - 2d8cb092-44a7-42fa-93c6-2025e443f331: start 2d8cb092-44a7-42fa-93c6-2025e443f331@group-F71E5E32EC8E-LeaderElection9
2021-02-20 01:28:53,491 [2d8cb092-44a7-42fa-93c6-2025e443f331@group-F71E5E32EC8E-LeaderElection9] INFO  impl.LeaderElection (LeaderElection.java:askForVotes(307)) - 2d8cb092-44a7-42fa-93c6-2025e443f331@group-F71E5E32EC8E-LeaderElection9 ELECTION round 0: submit vote requests at term 2 for -1: [f236ad39-c3c5-4538-b46e-e838d72f44b7|rpc:172.17.0.2:34705|priority:0, 2d8cb092-44a7-42fa-93c6-2025e443f331|rpc:172.17.0.2:38321|priority:1, 06e7b775-0a7d-45dc-8705-eb1795cf2a4d|rpc:172.17.0.2:42403|priority:0], old=null
2021-02-20 01:28:53,496 [grpc-default-executor-1] INFO  server.RaftServer$Division (RaftServerImpl.java:requestVote(1025)) - f236ad39-c3c5-4538-b46e-e838d72f44b7@group-F71E5E32EC8E: receive requestVote(ELECTION, 06e7b775-0a7d-45dc-8705-eb1795cf2a4d, group-F71E5E32EC8E, 2, (t:0, i:0))
2021-02-20 01:28:53,496 [grpc-default-executor-1] INFO  impl.VoteContext (VoteContext.java:log(48)) - f236ad39-c3c5-4538-b46e-e838d72f44b7@group-F71E5E32EC8E-FOLLOWER: accept ELECTION from 06e7b775-0a7d-45dc-8705-eb1795cf2a4d: our priority 0 <= candidate's priority 0
2021-02-20 01:28:53,496 [grpc-default-executor-1] INFO  server.RaftServer$Division (RaftServerImpl.java:setRole(284)) - f236ad39-c3c5-4538-b46e-e838d72f44b7@group-F71E5E32EC8E: changes role from  FOLLOWER to FOLLOWER at term 2 for candidate:06e7b775-0a7d-45dc-8705-eb1795cf2a4d
2021-02-20 01:28:53,496 [grpc-default-executor-1] INFO  impl.RoleInfo (RoleInfo.java:shutdownFollowerState(108)) - f236ad39-c3c5-4538-b46e-e838d72f44b7: shutdown f236ad39-c3c5-4538-b46e-e838d72f44b7@group-F71E5E32EC8E-FollowerState
2021-02-20 01:28:53,498 [Thread-366] INFO  impl.FollowerState (FollowerState.java:run(142)) - f236ad39-c3c5-4538-b46e-e838d72f44b7@group-F71E5E32EC8E-FollowerState was interrupted: {}
java.lang.InterruptedException: sleep interrupted
	at java.lang.Thread.sleep(Native Method)
	at java.lang.Thread.sleep(Thread.java:340)
	at java.util.concurrent.TimeUnit.sleep(TimeUnit.java:386)
	at org.apache.ratis.util.TimeDuration.sleep(TimeDuration.java:324)
	at org.apache.ratis.util.TimeDuration.sleep(TimeDuration.java:309)
	at org.apache.ratis.server.impl.FollowerState.run(FollowerState.java:117)
2021-02-20 01:28:53,502 [grpc-default-executor-1] INFO  impl.RoleInfo (RoleInfo.java:updateAndGet(130)) - f236ad39-c3c5-4538-b46e-e838d72f44b7: start f236ad39-c3c5-4538-b46e-e838d72f44b7@group-F71E5E32EC8E-FollowerState
2021-02-20 01:28:53,498 [grpc-default-executor-0] INFO  server.RaftServer$Division (RaftServerImpl.java:requestVote(1025)) - 2d8cb092-44a7-42fa-93c6-2025e443f331@group-F71E5E32EC8E: receive requestVote(ELECTION, 06e7b775-0a7d-45dc-8705-eb1795cf2a4d, group-F71E5E32EC8E, 2, (t:0, i:0))
2021-02-20 01:28:53,503 [grpc-default-executor-0] INFO  impl.VoteContext (VoteContext.java:log(48)) - 2d8cb092-44a7-42fa-93c6-2025e443f331@group-F71E5E32EC8E-CANDIDATE: reject ELECTION from 06e7b775-0a7d-45dc-8705-eb1795cf2a4d: already has voted for 2d8cb092-44a7-42fa-93c6-2025e443f331 at current term 2
2021-02-20 01:28:53,503 [grpc-default-executor-0] INFO  server.RaftServer$Division (RaftServerImpl.java:requestVote(1057)) - 2d8cb092-44a7-42fa-93c6-2025e443f331@group-F71E5E32EC8E replies to ELECTION vote request: 06e7b775-0a7d-45dc-8705-eb1795cf2a4d<-2d8cb092-44a7-42fa-93c6-2025e443f331#0:FAIL-t2. Peer's state: 2d8cb092-44a7-42fa-93c6-2025e443f331@group-F71E5E32EC8E:t2, leader=null, voted=2d8cb092-44a7-42fa-93c6-2025e443f331, raftlog=2d8cb092-44a7-42fa-93c6-2025e443f331@group-F71E5E32EC8E-SegmentedRaftLog:OPENED:c-1,f-1,i0, conf=-1: [f236ad39-c3c5-4538-b46e-e838d72f44b7|rpc:172.17.0.2:34705|priority:0, 2d8cb092-44a7-42fa-93c6-2025e443f331|rpc:172.17.0.2:38321|priority:1, 06e7b775-0a7d-45dc-8705-eb1795cf2a4d|rpc:172.17.0.2:42403|priority:0], old=null
2021-02-20 01:28:53,505 [06e7b775-0a7d-45dc-8705-eb1795cf2a4d@group-F71E5E32EC8E-LeaderElection8] INFO  impl.LeaderElection (LeaderElection.java:logAndReturn(89)) - 06e7b775-0a7d-45dc-8705-eb1795cf2a4d@group-F71E5E32EC8E-LeaderElection8: ELECTION REJECTED received 1 response(s) and 0 exception(s):
2021-02-20 01:28:53,505 [06e7b775-0a7d-45dc-8705-eb1795cf2a4d@group-F71E5E32EC8E-LeaderElection8] INFO  impl.LeaderElection (LeaderElection.java:logAndReturn(93)) -   Response 0: 06e7b775-0a7d-45dc-8705-eb1795cf2a4d<-2d8cb092-44a7-42fa-93c6-2025e443f331#0:FAIL-t2
2021-02-20 01:28:53,505 [06e7b775-0a7d-45dc-8705-eb1795cf2a4d@group-F71E5E32EC8E-LeaderElection8] INFO  impl.LeaderElection (LeaderElection.java:askForVotes(309)) - 06e7b775-0a7d-45dc-8705-eb1795cf2a4d@group-F71E5E32EC8E-LeaderElection8 ELECTION round 0: result REJECTED
2021-02-20 01:28:53,505 [06e7b775-0a7d-45dc-8705-eb1795cf2a4d@group-F71E5E32EC8E-LeaderElection8] INFO  server.RaftServer$Division (RaftServerImpl.java:setRole(284)) - 06e7b775-0a7d-45dc-8705-eb1795cf2a4d@group-F71E5E32EC8E: changes role from CANDIDATE to FOLLOWER at term 2 for REJECTED
2021-02-20 01:28:53,505 [06e7b775-0a7d-45dc-8705-eb1795cf2a4d@group-F71E5E32EC8E-LeaderElection8] INFO  impl.RoleInfo (RoleInfo.java:shutdownLeaderElection(121)) - 06e7b775-0a7d-45dc-8705-eb1795cf2a4d: shutdown 06e7b775-0a7d-45dc-8705-eb1795cf2a4d@group-F71E5E32EC8E-LeaderElection8
2021-02-20 01:28:53,505 [06e7b775-0a7d-45dc-8705-eb1795cf2a4d@group-F71E5E32EC8E-LeaderElection8] INFO  impl.RoleInfo (RoleInfo.java:updateAndGet(130)) - 06e7b775-0a7d-45dc-8705-eb1795cf2a4d: start 06e7b775-0a7d-45dc-8705-eb1795cf2a4d@group-F71E5E32EC8E-FollowerState
2021-02-20 01:28:53,506 [grpc-default-executor-1] INFO  server.RaftServer$Division (RaftServerImpl.java:requestVote(1057)) - f236ad39-c3c5-4538-b46e-e838d72f44b7@group-F71E5E32EC8E replies to ELECTION vote request: 06e7b775-0a7d-45dc-8705-eb1795cf2a4d<-f236ad39-c3c5-4538-b46e-e838d72f44b7#0:OK-t2. Peer's state: f236ad39-c3c5-4538-b46e-e838d72f44b7@group-F71E5E32EC8E:t2, leader=null, voted=06e7b775-0a7d-45dc-8705-eb1795cf2a4d, raftlog=f236ad39-c3c5-4538-b46e-e838d72f44b7@group-F71E5E32EC8E-SegmentedRaftLog:OPENED:c-1,f-1,i0, conf=-1: [f236ad39-c3c5-4538-b46e-e838d72f44b7|rpc:172.17.0.2:34705|priority:0, 2d8cb092-44a7-42fa-93c6-2025e443f331|rpc:172.17.0.2:38321|priority:1, 06e7b775-0a7d-45dc-8705-eb1795cf2a4d|rpc:172.17.0.2:42403|priority:0], old=null
2021-02-20 01:28:53,523 [grpc-default-executor-0] INFO  server.RaftServer$Division (RaftServerImpl.java:requestVote(1025)) - f236ad39-c3c5-4538-b46e-e838d72f44b7@group-F71E5E32EC8E: receive requestVote(ELECTION, 2d8cb092-44a7-42fa-93c6-2025e443f331, group-F71E5E32EC8E, 2, (t:0, i:0))
2021-02-20 01:28:53,523 [grpc-default-executor-0] INFO  impl.VoteContext (VoteContext.java:log(48)) - f236ad39-c3c5-4538-b46e-e838d72f44b7@group-F71E5E32EC8E-FOLLOWER: reject ELECTION from 2d8cb092-44a7-42fa-93c6-2025e443f331: already has voted for 06e7b775-0a7d-45dc-8705-eb1795cf2a4d at current term 2
2021-02-20 01:28:53,523 [grpc-default-executor-0] INFO  server.RaftServer$Division (RaftServerImpl.java:requestVote(1057)) - f236ad39-c3c5-4538-b46e-e838d72f44b7@group-F71E5E32EC8E replies to ELECTION vote request: 2d8cb092-44a7-42fa-93c6-2025e443f331<-f236ad39-c3c5-4538-b46e-e838d72f44b7#0:FAIL-t2. Peer's state: f236ad39-c3c5-4538-b46e-e838d72f44b7@group-F71E5E32EC8E:t2, leader=null, voted=06e7b775-0a7d-45dc-8705-eb1795cf2a4d, raftlog=f236ad39-c3c5-4538-b46e-e838d72f44b7@group-F71E5E32EC8E-SegmentedRaftLog:OPENED:c-1,f-1,i0, conf=-1: [f236ad39-c3c5-4538-b46e-e838d72f44b7|rpc:172.17.0.2:34705|priority:0, 2d8cb092-44a7-42fa-93c6-2025e443f331|rpc:172.17.0.2:38321|priority:1, 06e7b775-0a7d-45dc-8705-eb1795cf2a4d|rpc:172.17.0.2:42403|priority:0], old=null
2021-02-20 01:28:53,526 [grpc-default-executor-0] INFO  server.RaftServer$Division (RaftServerImpl.java:requestVote(1025)) - 06e7b775-0a7d-45dc-8705-eb1795cf2a4d@group-F71E5E32EC8E: receive requestVote(ELECTION, 2d8cb092-44a7-42fa-93c6-2025e443f331, group-F71E5E32EC8E, 2, (t:0, i:0))
2021-02-20 01:28:53,526 [grpc-default-executor-0] INFO  impl.VoteContext (VoteContext.java:log(48)) - 06e7b775-0a7d-45dc-8705-eb1795cf2a4d@group-F71E5E32EC8E-FOLLOWER: reject ELECTION from 2d8cb092-44a7-42fa-93c6-2025e443f331: already has voted for 06e7b775-0a7d-45dc-8705-eb1795cf2a4d at current term 2
2021-02-20 01:28:53,526 [grpc-default-executor-0] INFO  server.RaftServer$Division (RaftServerImpl.java:requestVote(1057)) - 06e7b775-0a7d-45dc-8705-eb1795cf2a4d@group-F71E5E32EC8E replies to ELECTION vote request: 2d8cb092-44a7-42fa-93c6-2025e443f331<-06e7b775-0a7d-45dc-8705-eb1795cf2a4d#0:FAIL-t2. Peer's state: 06e7b775-0a7d-45dc-8705-eb1795cf2a4d@group-F71E5E32EC8E:t2, leader=null, voted=06e7b775-0a7d-45dc-8705-eb1795cf2a4d, raftlog=06e7b775-0a7d-45dc-8705-eb1795cf2a4d@group-F71E5E32EC8E-SegmentedRaftLog:OPENED:c-1,f-1,i0, conf=-1: [f236ad39-c3c5-4538-b46e-e838d72f44b7|rpc:172.17.0.2:34705|priority:0, 2d8cb092-44a7-42fa-93c6-2025e443f331|rpc:172.17.0.2:38321|priority:1, 06e7b775-0a7d-45dc-8705-eb1795cf2a4d|rpc:172.17.0.2:42403|priority:0], old=null
2021-02-20 01:28:53,528 [2d8cb092-44a7-42fa-93c6-2025e443f331@group-F71E5E32EC8E-LeaderElection9] INFO  impl.LeaderElection (LeaderElection.java:logAndReturn(89)) - 2d8cb092-44a7-42fa-93c6-2025e443f331@group-F71E5E32EC8E-LeaderElection9: ELECTION REJECTED received 2 response(s) and 0 exception(s):
2021-02-20 01:28:53,534 [2d8cb092-44a7-42fa-93c6-2025e443f331@group-F71E5E32EC8E-LeaderElection9] INFO  impl.LeaderElection (LeaderElection.java:logAndReturn(93)) -   Response 0: 2d8cb092-44a7-42fa-93c6-2025e443f331<-f236ad39-c3c5-4538-b46e-e838d72f44b7#0:FAIL-t2
2021-02-20 01:28:53,534 [2d8cb092-44a7-42fa-93c6-2025e443f331@group-F71E5E32EC8E-LeaderElection9] INFO  impl.LeaderElection (LeaderElection.java:logAndReturn(93)) -   Response 1: 2d8cb092-44a7-42fa-93c6-2025e443f331<-06e7b775-0a7d-45dc-8705-eb1795cf2a4d#0:FAIL-t2
2021-02-20 01:28:53,534 [2d8cb092-44a7-42fa-93c6-2025e443f331@group-F71E5E32EC8E-LeaderElection9] INFO  impl.LeaderElection (LeaderElection.java:askForVotes(309)) - 2d8cb092-44a7-42fa-93c6-2025e443f331@group-F71E5E32EC8E-LeaderElection9 ELECTION round 0: result REJECTED
2021-02-20 01:28:53,535 [2d8cb092-44a7-42fa-93c6-2025e443f331@group-F71E5E32EC8E-LeaderElection9] INFO  server.RaftServer$Division (RaftServerImpl.java:setRole(284)) - 2d8cb092-44a7-42fa-93c6-2025e443f331@group-F71E5E32EC8E: changes role from CANDIDATE to FOLLOWER at term 2 for REJECTED
2021-02-20 01:28:53,537 [2d8cb092-44a7-42fa-93c6-2025e443f331@group-F71E5E32EC8E-LeaderElection9] INFO  impl.RoleInfo (RoleInfo.java:shutdownLeaderElection(121)) - 2d8cb092-44a7-42fa-93c6-2025e443f331: shutdown 2d8cb092-44a7-42fa-93c6-2025e443f331@group-F71E5E32EC8E-LeaderElection9
2021-02-20 01:28:53,537 [2d8cb092-44a7-42fa-93c6-2025e443f331@group-F71E5E32EC8E-LeaderElection9] INFO  impl.RoleInfo (RoleInfo.java:updateAndGet(130)) - 2d8cb092-44a7-42fa-93c6-2025e443f331: start 2d8cb092-44a7-42fa-93c6-2025e443f331@group-F71E5E32EC8E-FollowerState
2021-02-20 01:28:53,700 [EventQueue-PipelineReportForOneReplicaPipelineSafeModeRule] INFO  safemode.SCMSafeModeManager (SCMSafeModeManager.java:validateSafeModeExitRules(214)) - AtleastOneDatanodeReportedRule rule is successfully validated
2021-02-20 01:28:53,701 [EventQueue-OpenPipelineForHealthyPipelineSafeModeRule] INFO  safemode.SCMSafeModeManager (HealthyPipelineSafeModeRule.java:process(128)) - SCM in safe mode. Healthy pipelines reported count is 0, required healthy pipeline reported count is 1
2021-02-20 01:28:54,177 [EventQueue-OpenPipelineForHealthyPipelineSafeModeRule] INFO  safemode.SCMSafeModeManager (HealthyPipelineSafeModeRule.java:process(128)) - SCM in safe mode. Healthy pipelines reported count is 0, required healthy pipeline reported count is 1
2021-02-20 01:28:54,177 [EventQueue-PipelineReportForOneReplicaPipelineSafeModeRule] INFO  safemode.SCMSafeModeManager (SCMSafeModeManager.java:validateSafeModeExitRules(214)) - AtleastOneDatanodeReportedRule rule is successfully validated
2021-02-20 01:28:54,396 [EventQueue-PipelineReportForOneReplicaPipelineSafeModeRule] INFO  safemode.SCMSafeModeManager (SCMSafeModeManager.java:validateSafeModeExitRules(214)) - AtleastOneDatanodeReportedRule rule is successfully validated
2021-02-20 01:28:54,396 [EventQueue-OpenPipelineForHealthyPipelineSafeModeRule] INFO  safemode.SCMSafeModeManager (HealthyPipelineSafeModeRule.java:process(128)) - SCM in safe mode. Healthy pipelines reported count is 0, required healthy pipeline reported count is 1
2021-02-20 01:28:54,434 [Listener at 127.0.0.1/45247] INFO  ozone.MiniOzoneClusterImpl (MiniOzoneClusterImpl.java:lambda$waitForClusterToBeReady$0(187)) - Nodes are ready. Got 3 of 3 DN Heartbeats.
2021-02-20 01:28:54,434 [Listener at 127.0.0.1/45247] INFO  ozone.MiniOzoneClusterImpl (MiniOzoneClusterImpl.java:lambda$waitForClusterToBeReady$0(190)) - Waiting for cluster to exit safe mode
2021-02-20 01:28:54,700 [EventQueue-PipelineReportForOneReplicaPipelineSafeModeRule] INFO  safemode.SCMSafeModeManager (SCMSafeModeManager.java:validateSafeModeExitRules(214)) - AtleastOneDatanodeReportedRule rule is successfully validated
2021-02-20 01:28:54,700 [EventQueue-OpenPipelineForHealthyPipelineSafeModeRule] INFO  safemode.SCMSafeModeManager (HealthyPipelineSafeModeRule.java:process(128)) - SCM in safe mode. Healthy pipelines reported count is 0, required healthy pipeline reported count is 1
2021-02-20 01:28:55,178 [EventQueue-PipelineReportForOneReplicaPipelineSafeModeRule] INFO  safemode.SCMSafeModeManager (SCMSafeModeManager.java:validateSafeModeExitRules(214)) - AtleastOneDatanodeReportedRule rule is successfully validated
2021-02-20 01:28:55,178 [EventQueue-OpenPipelineForHealthyPipelineSafeModeRule] INFO  safemode.SCMSafeModeManager (HealthyPipelineSafeModeRule.java:process(128)) - SCM in safe mode. Healthy pipelines reported count is 0, required healthy pipeline reported count is 1
2021-02-20 01:28:55,396 [EventQueue-PipelineReportForOneReplicaPipelineSafeModeRule] INFO  safemode.SCMSafeModeManager (SCMSafeModeManager.java:validateSafeModeExitRules(214)) - AtleastOneDatanodeReportedRule rule is successfully validated
2021-02-20 01:28:55,396 [EventQueue-OpenPipelineForHealthyPipelineSafeModeRule] INFO  safemode.SCMSafeModeManager (HealthyPipelineSafeModeRule.java:process(128)) - SCM in safe mode. Healthy pipelines reported count is 0, required healthy pipeline reported count is 1
2021-02-20 01:28:55,435 [Listener at 127.0.0.1/45247] INFO  ozone.MiniOzoneClusterImpl (MiniOzoneClusterImpl.java:lambda$waitForClusterToBeReady$0(187)) - Nodes are ready. Got 3 of 3 DN Heartbeats.
2021-02-20 01:28:55,435 [Listener at 127.0.0.1/45247] INFO  ozone.MiniOzoneClusterImpl (MiniOzoneClusterImpl.java:lambda$waitForClusterToBeReady$0(190)) - Waiting for cluster to exit safe mode
2021-02-20 01:28:55,700 [EventQueue-OpenPipelineForHealthyPipelineSafeModeRule] INFO  safemode.SCMSafeModeManager (HealthyPipelineSafeModeRule.java:process(128)) - SCM in safe mode. Healthy pipelines reported count is 0, required healthy pipeline reported count is 1
2021-02-20 01:28:55,700 [EventQueue-PipelineReportForOneReplicaPipelineSafeModeRule] INFO  safemode.SCMSafeModeManager (SCMSafeModeManager.java:validateSafeModeExitRules(214)) - AtleastOneDatanodeReportedRule rule is successfully validated
2021-02-20 01:28:56,177 [EventQueue-PipelineReportForOneReplicaPipelineSafeModeRule] INFO  safemode.SCMSafeModeManager (SCMSafeModeManager.java:validateSafeModeExitRules(214)) - AtleastOneDatanodeReportedRule rule is successfully validated
2021-02-20 01:28:56,177 [EventQueue-OpenPipelineForHealthyPipelineSafeModeRule] INFO  safemode.SCMSafeModeManager (HealthyPipelineSafeModeRule.java:process(128)) - SCM in safe mode. Healthy pipelines reported count is 0, required healthy pipeline reported count is 1
2021-02-20 01:28:56,396 [EventQueue-PipelineReportForOneReplicaPipelineSafeModeRule] INFO  safemode.SCMSafeModeManager (SCMSafeModeManager.java:validateSafeModeExitRules(214)) - AtleastOneDatanodeReportedRule rule is successfully validated
2021-02-20 01:28:56,396 [EventQueue-OpenPipelineForHealthyPipelineSafeModeRule] INFO  safemode.SCMSafeModeManager (HealthyPipelineSafeModeRule.java:process(128)) - SCM in safe mode. Healthy pipelines reported count is 0, required healthy pipeline reported count is 1
2021-02-20 01:28:56,435 [Listener at 127.0.0.1/45247] INFO  ozone.MiniOzoneClusterImpl (MiniOzoneClusterImpl.java:lambda$waitForClusterToBeReady$0(187)) - Nodes are ready. Got 3 of 3 DN Heartbeats.
2021-02-20 01:28:56,435 [Listener at 127.0.0.1/45247] INFO  ozone.MiniOzoneClusterImpl (MiniOzoneClusterImpl.java:lambda$waitForClusterToBeReady$0(190)) - Waiting for cluster to exit safe mode
2021-02-20 01:28:56,700 [EventQueue-PipelineReportForOneReplicaPipelineSafeModeRule] INFO  safemode.SCMSafeModeManager (SCMSafeModeManager.java:validateSafeModeExitRules(214)) - AtleastOneDatanodeReportedRule rule is successfully validated
2021-02-20 01:28:56,701 [EventQueue-OpenPipelineForHealthyPipelineSafeModeRule] INFO  safemode.SCMSafeModeManager (HealthyPipelineSafeModeRule.java:process(128)) - SCM in safe mode. Healthy pipelines reported count is 0, required healthy pipeline reported count is 1
2021-02-20 01:28:57,178 [EventQueue-PipelineReportForOneReplicaPipelineSafeModeRule] INFO  safemode.SCMSafeModeManager (SCMSafeModeManager.java:validateSafeModeExitRules(214)) - AtleastOneDatanodeReportedRule rule is successfully validated
2021-02-20 01:28:57,178 [EventQueue-OpenPipelineForHealthyPipelineSafeModeRule] INFO  safemode.SCMSafeModeManager (HealthyPipelineSafeModeRule.java:process(128)) - SCM in safe mode. Healthy pipelines reported count is 0, required healthy pipeline reported count is 1
2021-02-20 01:28:57,396 [EventQueue-OpenPipelineForHealthyPipelineSafeModeRule] INFO  safemode.SCMSafeModeManager (HealthyPipelineSafeModeRule.java:process(128)) - SCM in safe mode. Healthy pipelines reported count is 0, required healthy pipeline reported count is 1
2021-02-20 01:28:57,396 [EventQueue-PipelineReportForOneReplicaPipelineSafeModeRule] INFO  safemode.SCMSafeModeManager (SCMSafeModeManager.java:validateSafeModeExitRules(214)) - AtleastOneDatanodeReportedRule rule is successfully validated
2021-02-20 01:28:57,436 [Listener at 127.0.0.1/45247] INFO  ozone.MiniOzoneClusterImpl (MiniOzoneClusterImpl.java:lambda$waitForClusterToBeReady$0(187)) - Nodes are ready. Got 3 of 3 DN Heartbeats.
2021-02-20 01:28:57,436 [Listener at 127.0.0.1/45247] INFO  ozone.MiniOzoneClusterImpl (MiniOzoneClusterImpl.java:lambda$waitForClusterToBeReady$0(190)) - Waiting for cluster to exit safe mode
2021-02-20 01:28:57,702 [EventQueue-PipelineReportForOneReplicaPipelineSafeModeRule] INFO  safemode.SCMSafeModeManager (SCMSafeModeManager.java:validateSafeModeExitRules(214)) - AtleastOneDatanodeReportedRule rule is successfully validated
2021-02-20 01:28:57,702 [EventQueue-OpenPipelineForHealthyPipelineSafeModeRule] INFO  safemode.SCMSafeModeManager (HealthyPipelineSafeModeRule.java:process(128)) - SCM in safe mode. Healthy pipelines reported count is 0, required healthy pipeline reported count is 1
2021-02-20 01:28:58,178 [EventQueue-OpenPipelineForHealthyPipelineSafeModeRule] INFO  safemode.SCMSafeModeManager (HealthyPipelineSafeModeRule.java:process(128)) - SCM in safe mode. Healthy pipelines reported count is 0, required healthy pipeline reported count is 1
2021-02-20 01:28:58,178 [EventQueue-PipelineReportForOneReplicaPipelineSafeModeRule] INFO  safemode.SCMSafeModeManager (SCMSafeModeManager.java:validateSafeModeExitRules(214)) - AtleastOneDatanodeReportedRule rule is successfully validated
2021-02-20 01:28:58,396 [EventQueue-PipelineReportForOneReplicaPipelineSafeModeRule] INFO  safemode.SCMSafeModeManager (SCMSafeModeManager.java:validateSafeModeExitRules(214)) - AtleastOneDatanodeReportedRule rule is successfully validated
2021-02-20 01:28:58,396 [EventQueue-OpenPipelineForHealthyPipelineSafeModeRule] INFO  safemode.SCMSafeModeManager (HealthyPipelineSafeModeRule.java:process(128)) - SCM in safe mode. Healthy pipelines reported count is 0, required healthy pipeline reported count is 1
2021-02-20 01:28:58,436 [Listener at 127.0.0.1/45247] INFO  ozone.MiniOzoneClusterImpl (MiniOzoneClusterImpl.java:lambda$waitForClusterToBeReady$0(187)) - Nodes are ready. Got 3 of 3 DN Heartbeats.
2021-02-20 01:28:58,436 [Listener at 127.0.0.1/45247] INFO  ozone.MiniOzoneClusterImpl (MiniOzoneClusterImpl.java:lambda$waitForClusterToBeReady$0(190)) - Waiting for cluster to exit safe mode
2021-02-20 01:28:58,593 [Thread-380] INFO  impl.FollowerState (FollowerState.java:run(133)) - 06e7b775-0a7d-45dc-8705-eb1795cf2a4d@group-F71E5E32EC8E-FollowerState: change to CANDIDATE, lastRpcElapsedTime:5087303756ns, electionTimeout:5083ms
2021-02-20 01:28:58,593 [Thread-380] INFO  impl.RoleInfo (RoleInfo.java:shutdownFollowerState(108)) - 06e7b775-0a7d-45dc-8705-eb1795cf2a4d: shutdown 06e7b775-0a7d-45dc-8705-eb1795cf2a4d@group-F71E5E32EC8E-FollowerState
2021-02-20 01:28:58,593 [Thread-380] INFO  server.RaftServer$Division (RaftServerImpl.java:setRole(284)) - 06e7b775-0a7d-45dc-8705-eb1795cf2a4d@group-F71E5E32EC8E: changes role from  FOLLOWER to CANDIDATE at term 2 for changeToCandidate
2021-02-20 01:28:58,593 [Thread-380] INFO  server.RaftServerConfigKeys (ConfUtils.java:logGet(44)) - raft.server.leaderelection.pre-vote = false (custom)
2021-02-20 01:28:58,593 [Thread-380] INFO  impl.RoleInfo (RoleInfo.java:updateAndGet(130)) - 06e7b775-0a7d-45dc-8705-eb1795cf2a4d: start 06e7b775-0a7d-45dc-8705-eb1795cf2a4d@group-F71E5E32EC8E-LeaderElection10
2021-02-20 01:28:58,604 [06e7b775-0a7d-45dc-8705-eb1795cf2a4d@group-F71E5E32EC8E-LeaderElection10] INFO  impl.LeaderElection (LeaderElection.java:askForVotes(307)) - 06e7b775-0a7d-45dc-8705-eb1795cf2a4d@group-F71E5E32EC8E-LeaderElection10 ELECTION round 0: submit vote requests at term 3 for -1: [f236ad39-c3c5-4538-b46e-e838d72f44b7|rpc:172.17.0.2:34705|priority:0, 2d8cb092-44a7-42fa-93c6-2025e443f331|rpc:172.17.0.2:38321|priority:1, 06e7b775-0a7d-45dc-8705-eb1795cf2a4d|rpc:172.17.0.2:42403|priority:0], old=null
2021-02-20 01:28:58,609 [grpc-default-executor-0] INFO  server.RaftServer$Division (RaftServerImpl.java:requestVote(1025)) - f236ad39-c3c5-4538-b46e-e838d72f44b7@group-F71E5E32EC8E: receive requestVote(ELECTION, 06e7b775-0a7d-45dc-8705-eb1795cf2a4d, group-F71E5E32EC8E, 3, (t:0, i:0))
2021-02-20 01:28:58,609 [grpc-default-executor-0] INFO  impl.VoteContext (VoteContext.java:log(48)) - f236ad39-c3c5-4538-b46e-e838d72f44b7@group-F71E5E32EC8E-FOLLOWER: accept ELECTION from 06e7b775-0a7d-45dc-8705-eb1795cf2a4d: our priority 0 <= candidate's priority 0
2021-02-20 01:28:58,609 [grpc-default-executor-0] INFO  server.RaftServer$Division (RaftServerImpl.java:setRole(284)) - f236ad39-c3c5-4538-b46e-e838d72f44b7@group-F71E5E32EC8E: changes role from  FOLLOWER to FOLLOWER at term 3 for candidate:06e7b775-0a7d-45dc-8705-eb1795cf2a4d
2021-02-20 01:28:58,609 [grpc-default-executor-0] INFO  impl.RoleInfo (RoleInfo.java:shutdownFollowerState(108)) - f236ad39-c3c5-4538-b46e-e838d72f44b7: shutdown f236ad39-c3c5-4538-b46e-e838d72f44b7@group-F71E5E32EC8E-FollowerState
2021-02-20 01:28:58,609 [grpc-default-executor-0] INFO  impl.RoleInfo (RoleInfo.java:updateAndGet(130)) - f236ad39-c3c5-4538-b46e-e838d72f44b7: start f236ad39-c3c5-4538-b46e-e838d72f44b7@group-F71E5E32EC8E-FollowerState
2021-02-20 01:28:58,609 [Thread-378] INFO  impl.FollowerState (FollowerState.java:run(142)) - f236ad39-c3c5-4538-b46e-e838d72f44b7@group-F71E5E32EC8E-FollowerState was interrupted: {}
java.lang.InterruptedException: sleep interrupted
	at java.lang.Thread.sleep(Native Method)
	at java.lang.Thread.sleep(Thread.java:340)
	at java.util.concurrent.TimeUnit.sleep(TimeUnit.java:386)
	at org.apache.ratis.util.TimeDuration.sleep(TimeDuration.java:324)
	at org.apache.ratis.util.TimeDuration.sleep(TimeDuration.java:309)
	at org.apache.ratis.server.impl.FollowerState.run(FollowerState.java:117)
2021-02-20 01:28:58,612 [grpc-default-executor-0] INFO  server.RaftServer$Division (RaftServerImpl.java:requestVote(1057)) - f236ad39-c3c5-4538-b46e-e838d72f44b7@group-F71E5E32EC8E replies to ELECTION vote request: 06e7b775-0a7d-45dc-8705-eb1795cf2a4d<-f236ad39-c3c5-4538-b46e-e838d72f44b7#0:OK-t3. Peer's state: f236ad39-c3c5-4538-b46e-e838d72f44b7@group-F71E5E32EC8E:t3, leader=null, voted=06e7b775-0a7d-45dc-8705-eb1795cf2a4d, raftlog=f236ad39-c3c5-4538-b46e-e838d72f44b7@group-F71E5E32EC8E-SegmentedRaftLog:OPENED:c-1,f-1,i0, conf=-1: [f236ad39-c3c5-4538-b46e-e838d72f44b7|rpc:172.17.0.2:34705|priority:0, 2d8cb092-44a7-42fa-93c6-2025e443f331|rpc:172.17.0.2:38321|priority:1, 06e7b775-0a7d-45dc-8705-eb1795cf2a4d|rpc:172.17.0.2:42403|priority:0], old=null
2021-02-20 01:28:58,614 [grpc-default-executor-0] INFO  server.RaftServer$Division (RaftServerImpl.java:requestVote(1025)) - 2d8cb092-44a7-42fa-93c6-2025e443f331@group-F71E5E32EC8E: receive requestVote(ELECTION, 06e7b775-0a7d-45dc-8705-eb1795cf2a4d, group-F71E5E32EC8E, 3, (t:0, i:0))
2021-02-20 01:28:58,614 [grpc-default-executor-0] INFO  impl.VoteContext (VoteContext.java:log(48)) - 2d8cb092-44a7-42fa-93c6-2025e443f331@group-F71E5E32EC8E-FOLLOWER: reject ELECTION from 06e7b775-0a7d-45dc-8705-eb1795cf2a4d: our priority 1 > candidate's priority 0
2021-02-20 01:28:58,615 [grpc-default-executor-0] INFO  server.RaftServer$Division (RaftServerImpl.java:setRole(284)) - 2d8cb092-44a7-42fa-93c6-2025e443f331@group-F71E5E32EC8E: changes role from  FOLLOWER to FOLLOWER at term 3 for candidate:06e7b775-0a7d-45dc-8705-eb1795cf2a4d
2021-02-20 01:28:58,615 [grpc-default-executor-0] INFO  impl.RoleInfo (RoleInfo.java:shutdownFollowerState(108)) - 2d8cb092-44a7-42fa-93c6-2025e443f331: shutdown 2d8cb092-44a7-42fa-93c6-2025e443f331@group-F71E5E32EC8E-FollowerState
2021-02-20 01:28:58,615 [grpc-default-executor-0] INFO  impl.RoleInfo (RoleInfo.java:updateAndGet(130)) - 2d8cb092-44a7-42fa-93c6-2025e443f331: start 2d8cb092-44a7-42fa-93c6-2025e443f331@group-F71E5E32EC8E-FollowerState
2021-02-20 01:28:58,615 [Thread-381] INFO  impl.FollowerState (FollowerState.java:run(142)) - 2d8cb092-44a7-42fa-93c6-2025e443f331@group-F71E5E32EC8E-FollowerState was interrupted: {}
java.lang.InterruptedException: sleep interrupted
	at java.lang.Thread.sleep(Native Method)
	at java.lang.Thread.sleep(Thread.java:340)
	at java.util.concurrent.TimeUnit.sleep(TimeUnit.java:386)
	at org.apache.ratis.util.TimeDuration.sleep(TimeDuration.java:324)
	at org.apache.ratis.util.TimeDuration.sleep(TimeDuration.java:309)
	at org.apache.ratis.server.impl.FollowerState.run(FollowerState.java:117)
2021-02-20 01:28:58,622 [grpc-default-executor-0] INFO  server.RaftServer$Division (RaftServerImpl.java:requestVote(1057)) - 2d8cb092-44a7-42fa-93c6-2025e443f331@group-F71E5E32EC8E replies to ELECTION vote request: 06e7b775-0a7d-45dc-8705-eb1795cf2a4d<-2d8cb092-44a7-42fa-93c6-2025e443f331#0:FAIL-t3. Peer's state: 2d8cb092-44a7-42fa-93c6-2025e443f331@group-F71E5E32EC8E:t3, leader=null, voted=null, raftlog=2d8cb092-44a7-42fa-93c6-2025e443f331@group-F71E5E32EC8E-SegmentedRaftLog:OPENED:c-1,f-1,i0, conf=-1: [f236ad39-c3c5-4538-b46e-e838d72f44b7|rpc:172.17.0.2:34705|priority:0, 2d8cb092-44a7-42fa-93c6-2025e443f331|rpc:172.17.0.2:38321|priority:1, 06e7b775-0a7d-45dc-8705-eb1795cf2a4d|rpc:172.17.0.2:42403|priority:0], old=null
2021-02-20 01:28:58,625 [06e7b775-0a7d-45dc-8705-eb1795cf2a4d@group-F71E5E32EC8E-LeaderElection10] INFO  impl.LeaderElection (LeaderElection.java:logAndReturn(89)) - 06e7b775-0a7d-45dc-8705-eb1795cf2a4d@group-F71E5E32EC8E-LeaderElection10: ELECTION REJECTED received 2 response(s) and 0 exception(s):
2021-02-20 01:28:58,625 [06e7b775-0a7d-45dc-8705-eb1795cf2a4d@group-F71E5E32EC8E-LeaderElection10] INFO  impl.LeaderElection (LeaderElection.java:logAndReturn(93)) -   Response 0: 06e7b775-0a7d-45dc-8705-eb1795cf2a4d<-f236ad39-c3c5-4538-b46e-e838d72f44b7#0:OK-t3
2021-02-20 01:28:58,625 [06e7b775-0a7d-45dc-8705-eb1795cf2a4d@group-F71E5E32EC8E-LeaderElection10] INFO  impl.LeaderElection (LeaderElection.java:logAndReturn(93)) -   Response 1: 06e7b775-0a7d-45dc-8705-eb1795cf2a4d<-2d8cb092-44a7-42fa-93c6-2025e443f331#0:FAIL-t3
2021-02-20 01:28:58,625 [06e7b775-0a7d-45dc-8705-eb1795cf2a4d@group-F71E5E32EC8E-LeaderElection10] INFO  impl.LeaderElection (LeaderElection.java:askForVotes(309)) - 06e7b775-0a7d-45dc-8705-eb1795cf2a4d@group-F71E5E32EC8E-LeaderElection10 ELECTION round 0: result REJECTED
2021-02-20 01:28:58,625 [06e7b775-0a7d-45dc-8705-eb1795cf2a4d@group-F71E5E32EC8E-LeaderElection10] INFO  server.RaftServer$Division (RaftServerImpl.java:setRole(284)) - 06e7b775-0a7d-45dc-8705-eb1795cf2a4d@group-F71E5E32EC8E: changes role from CANDIDATE to FOLLOWER at term 3 for REJECTED
2021-02-20 01:28:58,625 [06e7b775-0a7d-45dc-8705-eb1795cf2a4d@group-F71E5E32EC8E-LeaderElection10] INFO  impl.RoleInfo (RoleInfo.java:shutdownLeaderElection(121)) - 06e7b775-0a7d-45dc-8705-eb1795cf2a4d: shutdown 06e7b775-0a7d-45dc-8705-eb1795cf2a4d@group-F71E5E32EC8E-LeaderElection10
2021-02-20 01:28:58,625 [06e7b775-0a7d-45dc-8705-eb1795cf2a4d@group-F71E5E32EC8E-LeaderElection10] INFO  impl.RoleInfo (RoleInfo.java:updateAndGet(130)) - 06e7b775-0a7d-45dc-8705-eb1795cf2a4d: start 06e7b775-0a7d-45dc-8705-eb1795cf2a4d@group-F71E5E32EC8E-FollowerState
2021-02-20 01:28:58,702 [EventQueue-PipelineReportForOneReplicaPipelineSafeModeRule] INFO  safemode.SCMSafeModeManager (SCMSafeModeManager.java:validateSafeModeExitRules(214)) - AtleastOneDatanodeReportedRule rule is successfully validated
2021-02-20 01:28:58,702 [EventQueue-OpenPipelineForHealthyPipelineSafeModeRule] INFO  safemode.SCMSafeModeManager (HealthyPipelineSafeModeRule.java:process(128)) - SCM in safe mode. Healthy pipelines reported count is 0, required healthy pipeline reported count is 1
2021-02-20 01:28:59,177 [EventQueue-PipelineReportForOneReplicaPipelineSafeModeRule] INFO  safemode.SCMSafeModeManager (SCMSafeModeManager.java:validateSafeModeExitRules(214)) - AtleastOneDatanodeReportedRule rule is successfully validated
2021-02-20 01:28:59,177 [EventQueue-OpenPipelineForHealthyPipelineSafeModeRule] INFO  safemode.SCMSafeModeManager (HealthyPipelineSafeModeRule.java:process(128)) - SCM in safe mode. Healthy pipelines reported count is 0, required healthy pipeline reported count is 1
2021-02-20 01:28:59,396 [EventQueue-PipelineReportForOneReplicaPipelineSafeModeRule] INFO  safemode.SCMSafeModeManager (SCMSafeModeManager.java:validateSafeModeExitRules(214)) - AtleastOneDatanodeReportedRule rule is successfully validated
2021-02-20 01:28:59,396 [EventQueue-OpenPipelineForHealthyPipelineSafeModeRule] INFO  safemode.SCMSafeModeManager (HealthyPipelineSafeModeRule.java:process(128)) - SCM in safe mode. Healthy pipelines reported count is 0, required healthy pipeline reported count is 1
2021-02-20 01:28:59,437 [Listener at 127.0.0.1/45247] INFO  ozone.MiniOzoneClusterImpl (MiniOzoneClusterImpl.java:lambda$waitForClusterToBeReady$0(187)) - Nodes are ready. Got 3 of 3 DN Heartbeats.
2021-02-20 01:28:59,437 [Listener at 127.0.0.1/45247] INFO  ozone.MiniOzoneClusterImpl (MiniOzoneClusterImpl.java:lambda$waitForClusterToBeReady$0(190)) - Waiting for cluster to exit safe mode
2021-02-20 01:28:59,701 [EventQueue-PipelineReportForOneReplicaPipelineSafeModeRule] INFO  safemode.SCMSafeModeManager (SCMSafeModeManager.java:validateSafeModeExitRules(214)) - AtleastOneDatanodeReportedRule rule is successfully validated
2021-02-20 01:28:59,702 [EventQueue-OpenPipelineForHealthyPipelineSafeModeRule] INFO  safemode.SCMSafeModeManager (HealthyPipelineSafeModeRule.java:process(128)) - SCM in safe mode. Healthy pipelines reported count is 0, required healthy pipeline reported count is 1
2021-02-20 01:29:00,178 [EventQueue-PipelineReportForOneReplicaPipelineSafeModeRule] INFO  safemode.SCMSafeModeManager (SCMSafeModeManager.java:validateSafeModeExitRules(214)) - AtleastOneDatanodeReportedRule rule is successfully validated
2021-02-20 01:29:00,178 [EventQueue-OpenPipelineForHealthyPipelineSafeModeRule] INFO  safemode.SCMSafeModeManager (HealthyPipelineSafeModeRule.java:process(128)) - SCM in safe mode. Healthy pipelines reported count is 0, required healthy pipeline reported count is 1
2021-02-20 01:29:00,396 [EventQueue-OpenPipelineForHealthyPipelineSafeModeRule] INFO  safemode.SCMSafeModeManager (HealthyPipelineSafeModeRule.java:process(128)) - SCM in safe mode. Healthy pipelines reported count is 0, required healthy pipeline reported count is 1
2021-02-20 01:29:00,397 [EventQueue-PipelineReportForOneReplicaPipelineSafeModeRule] INFO  safemode.SCMSafeModeManager (SCMSafeModeManager.java:validateSafeModeExitRules(214)) - AtleastOneDatanodeReportedRule rule is successfully validated
2021-02-20 01:29:00,437 [Listener at 127.0.0.1/45247] INFO  ozone.MiniOzoneClusterImpl (MiniOzoneClusterImpl.java:lambda$waitForClusterToBeReady$0(187)) - Nodes are ready. Got 3 of 3 DN Heartbeats.
2021-02-20 01:29:00,437 [Listener at 127.0.0.1/45247] INFO  ozone.MiniOzoneClusterImpl (MiniOzoneClusterImpl.java:lambda$waitForClusterToBeReady$0(190)) - Waiting for cluster to exit safe mode
2021-02-20 01:29:00,701 [EventQueue-PipelineReportForOneReplicaPipelineSafeModeRule] INFO  safemode.SCMSafeModeManager (SCMSafeModeManager.java:validateSafeModeExitRules(214)) - AtleastOneDatanodeReportedRule rule is successfully validated
2021-02-20 01:29:00,702 [EventQueue-OpenPipelineForHealthyPipelineSafeModeRule] INFO  safemode.SCMSafeModeManager (HealthyPipelineSafeModeRule.java:process(128)) - SCM in safe mode. Healthy pipelines reported count is 0, required healthy pipeline reported count is 1
2021-02-20 01:29:01,177 [EventQueue-OpenPipelineForHealthyPipelineSafeModeRule] INFO  safemode.SCMSafeModeManager (HealthyPipelineSafeModeRule.java:process(128)) - SCM in safe mode. Healthy pipelines reported count is 0, required healthy pipeline reported count is 1
2021-02-20 01:29:01,177 [EventQueue-PipelineReportForOneReplicaPipelineSafeModeRule] INFO  safemode.SCMSafeModeManager (SCMSafeModeManager.java:validateSafeModeExitRules(214)) - AtleastOneDatanodeReportedRule rule is successfully validated
2021-02-20 01:29:01,396 [EventQueue-PipelineReportForOneReplicaPipelineSafeModeRule] INFO  safemode.SCMSafeModeManager (SCMSafeModeManager.java:validateSafeModeExitRules(214)) - AtleastOneDatanodeReportedRule rule is successfully validated
2021-02-20 01:29:01,396 [EventQueue-OpenPipelineForHealthyPipelineSafeModeRule] INFO  safemode.SCMSafeModeManager (HealthyPipelineSafeModeRule.java:process(128)) - SCM in safe mode. Healthy pipelines reported count is 0, required healthy pipeline reported count is 1
2021-02-20 01:29:01,438 [Listener at 127.0.0.1/45247] INFO  ozone.MiniOzoneClusterImpl (MiniOzoneClusterImpl.java:lambda$waitForClusterToBeReady$0(187)) - Nodes are ready. Got 3 of 3 DN Heartbeats.
2021-02-20 01:29:01,438 [Listener at 127.0.0.1/45247] INFO  ozone.MiniOzoneClusterImpl (MiniOzoneClusterImpl.java:lambda$waitForClusterToBeReady$0(190)) - Waiting for cluster to exit safe mode
2021-02-20 01:29:01,701 [EventQueue-OpenPipelineForHealthyPipelineSafeModeRule] INFO  safemode.SCMSafeModeManager (HealthyPipelineSafeModeRule.java:process(128)) - SCM in safe mode. Healthy pipelines reported count is 0, required healthy pipeline reported count is 1
2021-02-20 01:29:01,701 [EventQueue-PipelineReportForOneReplicaPipelineSafeModeRule] INFO  safemode.SCMSafeModeManager (SCMSafeModeManager.java:validateSafeModeExitRules(214)) - AtleastOneDatanodeReportedRule rule is successfully validated
2021-02-20 01:29:02,177 [EventQueue-OpenPipelineForHealthyPipelineSafeModeRule] INFO  safemode.SCMSafeModeManager (HealthyPipelineSafeModeRule.java:process(128)) - SCM in safe mode. Healthy pipelines reported count is 0, required healthy pipeline reported count is 1
2021-02-20 01:29:02,178 [EventQueue-PipelineReportForOneReplicaPipelineSafeModeRule] INFO  safemode.SCMSafeModeManager (SCMSafeModeManager.java:validateSafeModeExitRules(214)) - AtleastOneDatanodeReportedRule rule is successfully validated
2021-02-20 01:29:02,396 [EventQueue-OpenPipelineForHealthyPipelineSafeModeRule] INFO  safemode.SCMSafeModeManager (HealthyPipelineSafeModeRule.java:process(128)) - SCM in safe mode. Healthy pipelines reported count is 0, required healthy pipeline reported count is 1
2021-02-20 01:29:02,397 [EventQueue-PipelineReportForOneReplicaPipelineSafeModeRule] INFO  safemode.SCMSafeModeManager (SCMSafeModeManager.java:validateSafeModeExitRules(214)) - AtleastOneDatanodeReportedRule rule is successfully validated
2021-02-20 01:29:02,438 [Listener at 127.0.0.1/45247] INFO  ozone.MiniOzoneClusterImpl (MiniOzoneClusterImpl.java:lambda$waitForClusterToBeReady$0(187)) - Nodes are ready. Got 3 of 3 DN Heartbeats.
2021-02-20 01:29:02,438 [Listener at 127.0.0.1/45247] INFO  ozone.MiniOzoneClusterImpl (MiniOzoneClusterImpl.java:lambda$waitForClusterToBeReady$0(190)) - Waiting for cluster to exit safe mode
2021-02-20 01:29:02,701 [EventQueue-PipelineReportForOneReplicaPipelineSafeModeRule] INFO  safemode.SCMSafeModeManager (SCMSafeModeManager.java:validateSafeModeExitRules(214)) - AtleastOneDatanodeReportedRule rule is successfully validated
2021-02-20 01:29:02,701 [EventQueue-OpenPipelineForHealthyPipelineSafeModeRule] INFO  safemode.SCMSafeModeManager (HealthyPipelineSafeModeRule.java:process(128)) - SCM in safe mode. Healthy pipelines reported count is 0, required healthy pipeline reported count is 1
2021-02-20 01:29:03,178 [EventQueue-OpenPipelineForHealthyPipelineSafeModeRule] INFO  safemode.SCMSafeModeManager (HealthyPipelineSafeModeRule.java:process(128)) - SCM in safe mode. Healthy pipelines reported count is 0, required healthy pipeline reported count is 1
2021-02-20 01:29:03,178 [EventQueue-PipelineReportForOneReplicaPipelineSafeModeRule] INFO  safemode.SCMSafeModeManager (SCMSafeModeManager.java:validateSafeModeExitRules(214)) - AtleastOneDatanodeReportedRule rule is successfully validated
2021-02-20 01:29:03,396 [EventQueue-OpenPipelineForHealthyPipelineSafeModeRule] INFO  safemode.SCMSafeModeManager (HealthyPipelineSafeModeRule.java:process(128)) - SCM in safe mode. Healthy pipelines reported count is 0, required healthy pipeline reported count is 1
2021-02-20 01:29:03,396 [EventQueue-PipelineReportForOneReplicaPipelineSafeModeRule] INFO  safemode.SCMSafeModeManager (SCMSafeModeManager.java:validateSafeModeExitRules(214)) - AtleastOneDatanodeReportedRule rule is successfully validated
2021-02-20 01:29:03,438 [Listener at 127.0.0.1/45247] INFO  ozone.MiniOzoneClusterImpl (MiniOzoneClusterImpl.java:lambda$waitForClusterToBeReady$0(187)) - Nodes are ready. Got 3 of 3 DN Heartbeats.
2021-02-20 01:29:03,439 [Listener at 127.0.0.1/45247] INFO  ozone.MiniOzoneClusterImpl (MiniOzoneClusterImpl.java:lambda$waitForClusterToBeReady$0(190)) - Waiting for cluster to exit safe mode
2021-02-20 01:29:03,648 [Thread-387] INFO  impl.FollowerState (FollowerState.java:run(133)) - 06e7b775-0a7d-45dc-8705-eb1795cf2a4d@group-F71E5E32EC8E-FollowerState: change to CANDIDATE, lastRpcElapsedTime:5022409974ns, electionTimeout:5022ms
2021-02-20 01:29:03,648 [Thread-387] INFO  impl.RoleInfo (RoleInfo.java:shutdownFollowerState(108)) - 06e7b775-0a7d-45dc-8705-eb1795cf2a4d: shutdown 06e7b775-0a7d-45dc-8705-eb1795cf2a4d@group-F71E5E32EC8E-FollowerState
2021-02-20 01:29:03,648 [Thread-387] INFO  server.RaftServer$Division (RaftServerImpl.java:setRole(284)) - 06e7b775-0a7d-45dc-8705-eb1795cf2a4d@group-F71E5E32EC8E: changes role from  FOLLOWER to CANDIDATE at term 3 for changeToCandidate
2021-02-20 01:29:03,648 [Thread-387] INFO  server.RaftServerConfigKeys (ConfUtils.java:logGet(44)) - raft.server.leaderelection.pre-vote = false (custom)
2021-02-20 01:29:03,648 [Thread-387] INFO  impl.RoleInfo (RoleInfo.java:updateAndGet(130)) - 06e7b775-0a7d-45dc-8705-eb1795cf2a4d: start 06e7b775-0a7d-45dc-8705-eb1795cf2a4d@group-F71E5E32EC8E-LeaderElection11
2021-02-20 01:29:03,651 [06e7b775-0a7d-45dc-8705-eb1795cf2a4d@group-F71E5E32EC8E-LeaderElection11] INFO  impl.LeaderElection (LeaderElection.java:askForVotes(307)) - 06e7b775-0a7d-45dc-8705-eb1795cf2a4d@group-F71E5E32EC8E-LeaderElection11 ELECTION round 0: submit vote requests at term 4 for -1: [f236ad39-c3c5-4538-b46e-e838d72f44b7|rpc:172.17.0.2:34705|priority:0, 2d8cb092-44a7-42fa-93c6-2025e443f331|rpc:172.17.0.2:38321|priority:1, 06e7b775-0a7d-45dc-8705-eb1795cf2a4d|rpc:172.17.0.2:42403|priority:0], old=null
2021-02-20 01:29:03,655 [grpc-default-executor-1] INFO  server.RaftServer$Division (RaftServerImpl.java:requestVote(1025)) - f236ad39-c3c5-4538-b46e-e838d72f44b7@group-F71E5E32EC8E: receive requestVote(ELECTION, 06e7b775-0a7d-45dc-8705-eb1795cf2a4d, group-F71E5E32EC8E, 4, (t:0, i:0))
2021-02-20 01:29:03,656 [grpc-default-executor-1] INFO  impl.VoteContext (VoteContext.java:log(48)) - f236ad39-c3c5-4538-b46e-e838d72f44b7@group-F71E5E32EC8E-FOLLOWER: accept ELECTION from 06e7b775-0a7d-45dc-8705-eb1795cf2a4d: our priority 0 <= candidate's priority 0
2021-02-20 01:29:03,656 [grpc-default-executor-1] INFO  server.RaftServer$Division (RaftServerImpl.java:setRole(284)) - f236ad39-c3c5-4538-b46e-e838d72f44b7@group-F71E5E32EC8E: changes role from  FOLLOWER to FOLLOWER at term 4 for candidate:06e7b775-0a7d-45dc-8705-eb1795cf2a4d
2021-02-20 01:29:03,656 [grpc-default-executor-1] INFO  impl.RoleInfo (RoleInfo.java:shutdownFollowerState(108)) - f236ad39-c3c5-4538-b46e-e838d72f44b7: shutdown f236ad39-c3c5-4538-b46e-e838d72f44b7@group-F71E5E32EC8E-FollowerState
2021-02-20 01:29:03,656 [grpc-default-executor-1] INFO  impl.RoleInfo (RoleInfo.java:updateAndGet(130)) - f236ad39-c3c5-4538-b46e-e838d72f44b7: start f236ad39-c3c5-4538-b46e-e838d72f44b7@group-F71E5E32EC8E-FollowerState
2021-02-20 01:29:03,656 [grpc-default-executor-0] INFO  server.RaftServer$Division (RaftServerImpl.java:requestVote(1025)) - 2d8cb092-44a7-42fa-93c6-2025e443f331@group-F71E5E32EC8E: receive requestVote(ELECTION, 06e7b775-0a7d-45dc-8705-eb1795cf2a4d, group-F71E5E32EC8E, 4, (t:0, i:0))
2021-02-20 01:29:03,663 [grpc-default-executor-0] INFO  impl.VoteContext (VoteContext.java:log(48)) - 2d8cb092-44a7-42fa-93c6-2025e443f331@group-F71E5E32EC8E-FOLLOWER: reject ELECTION from 06e7b775-0a7d-45dc-8705-eb1795cf2a4d: our priority 1 > candidate's priority 0
2021-02-20 01:29:03,663 [grpc-default-executor-0] INFO  server.RaftServer$Division (RaftServerImpl.java:setRole(284)) - 2d8cb092-44a7-42fa-93c6-2025e443f331@group-F71E5E32EC8E: changes role from  FOLLOWER to FOLLOWER at term 4 for candidate:06e7b775-0a7d-45dc-8705-eb1795cf2a4d
2021-02-20 01:29:03,663 [grpc-default-executor-0] INFO  impl.RoleInfo (RoleInfo.java:shutdownFollowerState(108)) - 2d8cb092-44a7-42fa-93c6-2025e443f331: shutdown 2d8cb092-44a7-42fa-93c6-2025e443f331@group-F71E5E32EC8E-FollowerState
2021-02-20 01:29:03,663 [grpc-default-executor-1] INFO  server.RaftServer$Division (RaftServerImpl.java:requestVote(1057)) - f236ad39-c3c5-4538-b46e-e838d72f44b7@group-F71E5E32EC8E replies to ELECTION vote request: 06e7b775-0a7d-45dc-8705-eb1795cf2a4d<-f236ad39-c3c5-4538-b46e-e838d72f44b7#0:OK-t4. Peer's state: f236ad39-c3c5-4538-b46e-e838d72f44b7@group-F71E5E32EC8E:t4, leader=null, voted=06e7b775-0a7d-45dc-8705-eb1795cf2a4d, raftlog=f236ad39-c3c5-4538-b46e-e838d72f44b7@group-F71E5E32EC8E-SegmentedRaftLog:OPENED:c-1,f-1,i0, conf=-1: [f236ad39-c3c5-4538-b46e-e838d72f44b7|rpc:172.17.0.2:34705|priority:0, 2d8cb092-44a7-42fa-93c6-2025e443f331|rpc:172.17.0.2:38321|priority:1, 06e7b775-0a7d-45dc-8705-eb1795cf2a4d|rpc:172.17.0.2:42403|priority:0], old=null
2021-02-20 01:29:03,663 [Thread-386] INFO  impl.FollowerState (FollowerState.java:run(142)) - 2d8cb092-44a7-42fa-93c6-2025e443f331@group-F71E5E32EC8E-FollowerState was interrupted: {}
java.lang.InterruptedException: sleep interrupted
	at java.lang.Thread.sleep(Native Method)
	at java.lang.Thread.sleep(Thread.java:340)
	at java.util.concurrent.TimeUnit.sleep(TimeUnit.java:386)
	at org.apache.ratis.util.TimeDuration.sleep(TimeDuration.java:324)
	at org.apache.ratis.util.TimeDuration.sleep(TimeDuration.java:309)
	at org.apache.ratis.server.impl.FollowerState.run(FollowerState.java:117)
2021-02-20 01:29:03,663 [grpc-default-executor-0] INFO  impl.RoleInfo (RoleInfo.java:updateAndGet(130)) - 2d8cb092-44a7-42fa-93c6-2025e443f331: start 2d8cb092-44a7-42fa-93c6-2025e443f331@group-F71E5E32EC8E-FollowerState
2021-02-20 01:29:03,664 [Thread-385] INFO  impl.FollowerState (FollowerState.java:run(142)) - f236ad39-c3c5-4538-b46e-e838d72f44b7@group-F71E5E32EC8E-FollowerState was interrupted: {}
java.lang.InterruptedException: sleep interrupted
	at java.lang.Thread.sleep(Native Method)
	at java.lang.Thread.sleep(Thread.java:340)
	at java.util.concurrent.TimeUnit.sleep(TimeUnit.java:386)
	at org.apache.ratis.util.TimeDuration.sleep(TimeDuration.java:324)
	at org.apache.ratis.util.TimeDuration.sleep(TimeDuration.java:309)
	at org.apache.ratis.server.impl.FollowerState.run(FollowerState.java:117)
2021-02-20 01:29:03,665 [grpc-default-executor-0] INFO  server.RaftServer$Division (RaftServerImpl.java:requestVote(1057)) - 2d8cb092-44a7-42fa-93c6-2025e443f331@group-F71E5E32EC8E replies to ELECTION vote request: 06e7b775-0a7d-45dc-8705-eb1795cf2a4d<-2d8cb092-44a7-42fa-93c6-2025e443f331#0:FAIL-t4. Peer's state: 2d8cb092-44a7-42fa-93c6-2025e443f331@group-F71E5E32EC8E:t4, leader=null, voted=null, raftlog=2d8cb092-44a7-42fa-93c6-2025e443f331@group-F71E5E32EC8E-SegmentedRaftLog:OPENED:c-1,f-1,i0, conf=-1: [f236ad39-c3c5-4538-b46e-e838d72f44b7|rpc:172.17.0.2:34705|priority:0, 2d8cb092-44a7-42fa-93c6-2025e443f331|rpc:172.17.0.2:38321|priority:1, 06e7b775-0a7d-45dc-8705-eb1795cf2a4d|rpc:172.17.0.2:42403|priority:0], old=null
2021-02-20 01:29:03,668 [06e7b775-0a7d-45dc-8705-eb1795cf2a4d@group-F71E5E32EC8E-LeaderElection11] INFO  impl.LeaderElection (LeaderElection.java:logAndReturn(89)) - 06e7b775-0a7d-45dc-8705-eb1795cf2a4d@group-F71E5E32EC8E-LeaderElection11: ELECTION REJECTED received 2 response(s) and 0 exception(s):
2021-02-20 01:29:03,669 [06e7b775-0a7d-45dc-8705-eb1795cf2a4d@group-F71E5E32EC8E-LeaderElection11] INFO  impl.LeaderElection (LeaderElection.java:logAndReturn(93)) -   Response 0: 06e7b775-0a7d-45dc-8705-eb1795cf2a4d<-f236ad39-c3c5-4538-b46e-e838d72f44b7#0:OK-t4
2021-02-20 01:29:03,669 [06e7b775-0a7d-45dc-8705-eb1795cf2a4d@group-F71E5E32EC8E-LeaderElection11] INFO  impl.LeaderElection (LeaderElection.java:logAndReturn(93)) -   Response 1: 06e7b775-0a7d-45dc-8705-eb1795cf2a4d<-2d8cb092-44a7-42fa-93c6-2025e443f331#0:FAIL-t4
2021-02-20 01:29:03,669 [06e7b775-0a7d-45dc-8705-eb1795cf2a4d@group-F71E5E32EC8E-LeaderElection11] INFO  impl.LeaderElection (LeaderElection.java:askForVotes(309)) - 06e7b775-0a7d-45dc-8705-eb1795cf2a4d@group-F71E5E32EC8E-LeaderElection11 ELECTION round 0: result REJECTED
2021-02-20 01:29:03,669 [06e7b775-0a7d-45dc-8705-eb1795cf2a4d@group-F71E5E32EC8E-LeaderElection11] INFO  server.RaftServer$Division (RaftServerImpl.java:setRole(284)) - 06e7b775-0a7d-45dc-8705-eb1795cf2a4d@group-F71E5E32EC8E: changes role from CANDIDATE to FOLLOWER at term 4 for REJECTED
2021-02-20 01:29:03,669 [06e7b775-0a7d-45dc-8705-eb1795cf2a4d@group-F71E5E32EC8E-LeaderElection11] INFO  impl.RoleInfo (RoleInfo.java:shutdownLeaderElection(121)) - 06e7b775-0a7d-45dc-8705-eb1795cf2a4d: shutdown 06e7b775-0a7d-45dc-8705-eb1795cf2a4d@group-F71E5E32EC8E-LeaderElection11
2021-02-20 01:29:03,669 [06e7b775-0a7d-45dc-8705-eb1795cf2a4d@group-F71E5E32EC8E-LeaderElection11] INFO  impl.RoleInfo (RoleInfo.java:updateAndGet(130)) - 06e7b775-0a7d-45dc-8705-eb1795cf2a4d: start 06e7b775-0a7d-45dc-8705-eb1795cf2a4d@group-F71E5E32EC8E-FollowerState
2021-02-20 01:29:03,701 [EventQueue-PipelineReportForOneReplicaPipelineSafeModeRule] INFO  safemode.SCMSafeModeManager (SCMSafeModeManager.java:validateSafeModeExitRules(214)) - AtleastOneDatanodeReportedRule rule is successfully validated
2021-02-20 01:29:03,702 [EventQueue-OpenPipelineForHealthyPipelineSafeModeRule] INFO  safemode.SCMSafeModeManager (HealthyPipelineSafeModeRule.java:process(128)) - SCM in safe mode. Healthy pipelines reported count is 0, required healthy pipeline reported count is 1
2021-02-20 01:29:04,177 [EventQueue-PipelineReportForOneReplicaPipelineSafeModeRule] INFO  safemode.SCMSafeModeManager (SCMSafeModeManager.java:validateSafeModeExitRules(214)) - AtleastOneDatanodeReportedRule rule is successfully validated
2021-02-20 01:29:04,177 [EventQueue-OpenPipelineForHealthyPipelineSafeModeRule] INFO  safemode.SCMSafeModeManager (HealthyPipelineSafeModeRule.java:process(128)) - SCM in safe mode. Healthy pipelines reported count is 0, required healthy pipeline reported count is 1
2021-02-20 01:29:04,396 [EventQueue-PipelineReportForOneReplicaPipelineSafeModeRule] INFO  safemode.SCMSafeModeManager (SCMSafeModeManager.java:validateSafeModeExitRules(214)) - AtleastOneDatanodeReportedRule rule is successfully validated
2021-02-20 01:29:04,396 [EventQueue-OpenPipelineForHealthyPipelineSafeModeRule] INFO  safemode.SCMSafeModeManager (HealthyPipelineSafeModeRule.java:process(128)) - SCM in safe mode. Healthy pipelines reported count is 0, required healthy pipeline reported count is 1
2021-02-20 01:29:04,439 [Listener at 127.0.0.1/45247] INFO  ozone.MiniOzoneClusterImpl (MiniOzoneClusterImpl.java:lambda$waitForClusterToBeReady$0(187)) - Nodes are ready. Got 3 of 3 DN Heartbeats.
2021-02-20 01:29:04,439 [Listener at 127.0.0.1/45247] INFO  ozone.MiniOzoneClusterImpl (MiniOzoneClusterImpl.java:lambda$waitForClusterToBeReady$0(190)) - Waiting for cluster to exit safe mode
2021-02-20 01:29:04,703 [EventQueue-PipelineReportForOneReplicaPipelineSafeModeRule] INFO  safemode.SCMSafeModeManager (SCMSafeModeManager.java:validateSafeModeExitRules(214)) - AtleastOneDatanodeReportedRule rule is successfully validated
2021-02-20 01:29:04,704 [EventQueue-OpenPipelineForHealthyPipelineSafeModeRule] INFO  safemode.SCMSafeModeManager (HealthyPipelineSafeModeRule.java:process(128)) - SCM in safe mode. Healthy pipelines reported count is 0, required healthy pipeline reported count is 1
2021-02-20 01:29:05,178 [EventQueue-PipelineReportForOneReplicaPipelineSafeModeRule] INFO  safemode.SCMSafeModeManager (SCMSafeModeManager.java:validateSafeModeExitRules(214)) - AtleastOneDatanodeReportedRule rule is successfully validated
2021-02-20 01:29:05,178 [EventQueue-OpenPipelineForHealthyPipelineSafeModeRule] INFO  safemode.SCMSafeModeManager (HealthyPipelineSafeModeRule.java:process(128)) - SCM in safe mode. Healthy pipelines reported count is 0, required healthy pipeline reported count is 1
2021-02-20 01:29:05,398 [EventQueue-PipelineReportForOneReplicaPipelineSafeModeRule] INFO  safemode.SCMSafeModeManager (SCMSafeModeManager.java:validateSafeModeExitRules(214)) - AtleastOneDatanodeReportedRule rule is successfully validated
2021-02-20 01:29:05,398 [EventQueue-OpenPipelineForHealthyPipelineSafeModeRule] INFO  safemode.SCMSafeModeManager (HealthyPipelineSafeModeRule.java:process(128)) - SCM in safe mode. Healthy pipelines reported count is 0, required healthy pipeline reported count is 1
2021-02-20 01:29:05,439 [Listener at 127.0.0.1/45247] INFO  ozone.MiniOzoneClusterImpl (MiniOzoneClusterImpl.java:lambda$waitForClusterToBeReady$0(187)) - Nodes are ready. Got 3 of 3 DN Heartbeats.
2021-02-20 01:29:05,439 [Listener at 127.0.0.1/45247] INFO  ozone.MiniOzoneClusterImpl (MiniOzoneClusterImpl.java:lambda$waitForClusterToBeReady$0(190)) - Waiting for cluster to exit safe mode
2021-02-20 01:29:05,703 [EventQueue-PipelineReportForOneReplicaPipelineSafeModeRule] INFO  safemode.SCMSafeModeManager (SCMSafeModeManager.java:validateSafeModeExitRules(214)) - AtleastOneDatanodeReportedRule rule is successfully validated
2021-02-20 01:29:05,704 [EventQueue-OpenPipelineForHealthyPipelineSafeModeRule] INFO  safemode.SCMSafeModeManager (HealthyPipelineSafeModeRule.java:process(128)) - SCM in safe mode. Healthy pipelines reported count is 0, required healthy pipeline reported count is 1
2021-02-20 01:29:06,178 [EventQueue-PipelineReportForOneReplicaPipelineSafeModeRule] INFO  safemode.SCMSafeModeManager (SCMSafeModeManager.java:validateSafeModeExitRules(214)) - AtleastOneDatanodeReportedRule rule is successfully validated
2021-02-20 01:29:06,178 [EventQueue-OpenPipelineForHealthyPipelineSafeModeRule] INFO  safemode.SCMSafeModeManager (HealthyPipelineSafeModeRule.java:process(128)) - SCM in safe mode. Healthy pipelines reported count is 0, required healthy pipeline reported count is 1
2021-02-20 01:29:06,396 [EventQueue-OpenPipelineForHealthyPipelineSafeModeRule] INFO  safemode.SCMSafeModeManager (HealthyPipelineSafeModeRule.java:process(128)) - SCM in safe mode. Healthy pipelines reported count is 0, required healthy pipeline reported count is 1
2021-02-20 01:29:06,396 [EventQueue-PipelineReportForOneReplicaPipelineSafeModeRule] INFO  safemode.SCMSafeModeManager (SCMSafeModeManager.java:validateSafeModeExitRules(214)) - AtleastOneDatanodeReportedRule rule is successfully validated
2021-02-20 01:29:06,440 [Listener at 127.0.0.1/45247] INFO  ozone.MiniOzoneClusterImpl (MiniOzoneClusterImpl.java:lambda$waitForClusterToBeReady$0(187)) - Nodes are ready. Got 3 of 3 DN Heartbeats.
2021-02-20 01:29:06,440 [Listener at 127.0.0.1/45247] INFO  ozone.MiniOzoneClusterImpl (MiniOzoneClusterImpl.java:lambda$waitForClusterToBeReady$0(190)) - Waiting for cluster to exit safe mode
2021-02-20 01:29:06,703 [EventQueue-PipelineReportForOneReplicaPipelineSafeModeRule] INFO  safemode.SCMSafeModeManager (SCMSafeModeManager.java:validateSafeModeExitRules(214)) - AtleastOneDatanodeReportedRule rule is successfully validated
2021-02-20 01:29:06,704 [EventQueue-OpenPipelineForHealthyPipelineSafeModeRule] INFO  safemode.SCMSafeModeManager (HealthyPipelineSafeModeRule.java:process(128)) - SCM in safe mode. Healthy pipelines reported count is 0, required healthy pipeline reported count is 1
2021-02-20 01:29:07,178 [EventQueue-OpenPipelineForHealthyPipelineSafeModeRule] INFO  safemode.SCMSafeModeManager (HealthyPipelineSafeModeRule.java:process(128)) - SCM in safe mode. Healthy pipelines reported count is 0, required healthy pipeline reported count is 1
2021-02-20 01:29:07,178 [EventQueue-PipelineReportForOneReplicaPipelineSafeModeRule] INFO  safemode.SCMSafeModeManager (SCMSafeModeManager.java:validateSafeModeExitRules(214)) - AtleastOneDatanodeReportedRule rule is successfully validated
2021-02-20 01:29:07,396 [EventQueue-OpenPipelineForHealthyPipelineSafeModeRule] INFO  safemode.SCMSafeModeManager (HealthyPipelineSafeModeRule.java:process(128)) - SCM in safe mode. Healthy pipelines reported count is 0, required healthy pipeline reported count is 1
2021-02-20 01:29:07,396 [EventQueue-PipelineReportForOneReplicaPipelineSafeModeRule] INFO  safemode.SCMSafeModeManager (SCMSafeModeManager.java:validateSafeModeExitRules(214)) - AtleastOneDatanodeReportedRule rule is successfully validated
2021-02-20 01:29:07,440 [Listener at 127.0.0.1/45247] INFO  ozone.MiniOzoneClusterImpl (MiniOzoneClusterImpl.java:lambda$waitForClusterToBeReady$0(187)) - Nodes are ready. Got 3 of 3 DN Heartbeats.
2021-02-20 01:29:07,440 [Listener at 127.0.0.1/45247] INFO  ozone.MiniOzoneClusterImpl (MiniOzoneClusterImpl.java:lambda$waitForClusterToBeReady$0(190)) - Waiting for cluster to exit safe mode
2021-02-20 01:29:07,703 [EventQueue-PipelineReportForOneReplicaPipelineSafeModeRule] INFO  safemode.SCMSafeModeManager (SCMSafeModeManager.java:validateSafeModeExitRules(214)) - AtleastOneDatanodeReportedRule rule is successfully validated
2021-02-20 01:29:07,704 [EventQueue-OpenPipelineForHealthyPipelineSafeModeRule] INFO  safemode.SCMSafeModeManager (HealthyPipelineSafeModeRule.java:process(128)) - SCM in safe mode. Healthy pipelines reported count is 0, required healthy pipeline reported count is 1
2021-02-20 01:29:08,178 [EventQueue-OpenPipelineForHealthyPipelineSafeModeRule] INFO  safemode.SCMSafeModeManager (HealthyPipelineSafeModeRule.java:process(128)) - SCM in safe mode. Healthy pipelines reported count is 0, required healthy pipeline reported count is 1
2021-02-20 01:29:08,178 [EventQueue-PipelineReportForOneReplicaPipelineSafeModeRule] INFO  safemode.SCMSafeModeManager (SCMSafeModeManager.java:validateSafeModeExitRules(214)) - AtleastOneDatanodeReportedRule rule is successfully validated
2021-02-20 01:29:08,397 [EventQueue-PipelineReportForOneReplicaPipelineSafeModeRule] INFO  safemode.SCMSafeModeManager (SCMSafeModeManager.java:validateSafeModeExitRules(214)) - AtleastOneDatanodeReportedRule rule is successfully validated
2021-02-20 01:29:08,397 [EventQueue-OpenPipelineForHealthyPipelineSafeModeRule] INFO  safemode.SCMSafeModeManager (HealthyPipelineSafeModeRule.java:process(128)) - SCM in safe mode. Healthy pipelines reported count is 0, required healthy pipeline reported count is 1
2021-02-20 01:29:08,440 [Listener at 127.0.0.1/45247] INFO  ozone.MiniOzoneClusterImpl (MiniOzoneClusterImpl.java:lambda$waitForClusterToBeReady$0(187)) - Nodes are ready. Got 3 of 3 DN Heartbeats.
2021-02-20 01:29:08,440 [Listener at 127.0.0.1/45247] INFO  ozone.MiniOzoneClusterImpl (MiniOzoneClusterImpl.java:lambda$waitForClusterToBeReady$0(190)) - Waiting for cluster to exit safe mode
2021-02-20 01:29:08,673 [Thread-391] INFO  impl.FollowerState (FollowerState.java:run(133)) - f236ad39-c3c5-4538-b46e-e838d72f44b7@group-F71E5E32EC8E-FollowerState: change to CANDIDATE, lastRpcElapsedTime:5009750011ns, electionTimeout:5004ms
2021-02-20 01:29:08,673 [Thread-391] INFO  impl.RoleInfo (RoleInfo.java:shutdownFollowerState(108)) - f236ad39-c3c5-4538-b46e-e838d72f44b7: shutdown f236ad39-c3c5-4538-b46e-e838d72f44b7@group-F71E5E32EC8E-FollowerState
2021-02-20 01:29:08,673 [Thread-391] INFO  server.RaftServer$Division (RaftServerImpl.java:setRole(284)) - f236ad39-c3c5-4538-b46e-e838d72f44b7@group-F71E5E32EC8E: changes role from  FOLLOWER to CANDIDATE at term 4 for changeToCandidate
2021-02-20 01:29:08,673 [Thread-391] INFO  server.RaftServerConfigKeys (ConfUtils.java:logGet(44)) - raft.server.leaderelection.pre-vote = false (custom)
2021-02-20 01:29:08,673 [Thread-391] INFO  impl.RoleInfo (RoleInfo.java:updateAndGet(130)) - f236ad39-c3c5-4538-b46e-e838d72f44b7: start f236ad39-c3c5-4538-b46e-e838d72f44b7@group-F71E5E32EC8E-LeaderElection12
2021-02-20 01:29:08,680 [f236ad39-c3c5-4538-b46e-e838d72f44b7@group-F71E5E32EC8E-LeaderElection12] INFO  impl.LeaderElection (LeaderElection.java:askForVotes(307)) - f236ad39-c3c5-4538-b46e-e838d72f44b7@group-F71E5E32EC8E-LeaderElection12 ELECTION round 0: submit vote requests at term 5 for -1: [f236ad39-c3c5-4538-b46e-e838d72f44b7|rpc:172.17.0.2:34705|priority:0, 2d8cb092-44a7-42fa-93c6-2025e443f331|rpc:172.17.0.2:38321|priority:1, 06e7b775-0a7d-45dc-8705-eb1795cf2a4d|rpc:172.17.0.2:42403|priority:0], old=null
2021-02-20 01:29:08,695 [grpc-default-executor-1] INFO  server.RaftServer$Division (RaftServerImpl.java:requestVote(1025)) - 2d8cb092-44a7-42fa-93c6-2025e443f331@group-F71E5E32EC8E: receive requestVote(ELECTION, f236ad39-c3c5-4538-b46e-e838d72f44b7, group-F71E5E32EC8E, 5, (t:0, i:0))
2021-02-20 01:29:08,695 [grpc-default-executor-1] INFO  impl.VoteContext (VoteContext.java:log(48)) - 2d8cb092-44a7-42fa-93c6-2025e443f331@group-F71E5E32EC8E-FOLLOWER: reject ELECTION from f236ad39-c3c5-4538-b46e-e838d72f44b7: our priority 1 > candidate's priority 0
2021-02-20 01:29:08,695 [grpc-default-executor-1] INFO  server.RaftServer$Division (RaftServerImpl.java:setRole(284)) - 2d8cb092-44a7-42fa-93c6-2025e443f331@group-F71E5E32EC8E: changes role from  FOLLOWER to FOLLOWER at term 5 for candidate:f236ad39-c3c5-4538-b46e-e838d72f44b7
2021-02-20 01:29:08,695 [grpc-default-executor-1] INFO  impl.RoleInfo (RoleInfo.java:shutdownFollowerState(108)) - 2d8cb092-44a7-42fa-93c6-2025e443f331: shutdown 2d8cb092-44a7-42fa-93c6-2025e443f331@group-F71E5E32EC8E-FollowerState
2021-02-20 01:29:08,696 [grpc-default-executor-1] INFO  impl.RoleInfo (RoleInfo.java:updateAndGet(130)) - 2d8cb092-44a7-42fa-93c6-2025e443f331: start 2d8cb092-44a7-42fa-93c6-2025e443f331@group-F71E5E32EC8E-FollowerState
2021-02-20 01:29:08,696 [Thread-392] INFO  impl.FollowerState (FollowerState.java:run(142)) - 2d8cb092-44a7-42fa-93c6-2025e443f331@group-F71E5E32EC8E-FollowerState was interrupted: {}
java.lang.InterruptedException: sleep interrupted
	at java.lang.Thread.sleep(Native Method)
	at java.lang.Thread.sleep(Thread.java:340)
	at java.util.concurrent.TimeUnit.sleep(TimeUnit.java:386)
	at org.apache.ratis.util.TimeDuration.sleep(TimeDuration.java:324)
	at org.apache.ratis.util.TimeDuration.sleep(TimeDuration.java:309)
	at org.apache.ratis.server.impl.FollowerState.run(FollowerState.java:117)
2021-02-20 01:29:08,702 [grpc-default-executor-0] INFO  server.RaftServer$Division (RaftServerImpl.java:requestVote(1025)) - 06e7b775-0a7d-45dc-8705-eb1795cf2a4d@group-F71E5E32EC8E: receive requestVote(ELECTION, f236ad39-c3c5-4538-b46e-e838d72f44b7, group-F71E5E32EC8E, 5, (t:0, i:0))
2021-02-20 01:29:08,702 [grpc-default-executor-0] INFO  impl.VoteContext (VoteContext.java:log(48)) - 06e7b775-0a7d-45dc-8705-eb1795cf2a4d@group-F71E5E32EC8E-FOLLOWER: accept ELECTION from f236ad39-c3c5-4538-b46e-e838d72f44b7: our priority 0 <= candidate's priority 0
2021-02-20 01:29:08,702 [grpc-default-executor-0] INFO  server.RaftServer$Division (RaftServerImpl.java:setRole(284)) - 06e7b775-0a7d-45dc-8705-eb1795cf2a4d@group-F71E5E32EC8E: changes role from  FOLLOWER to FOLLOWER at term 5 for candidate:f236ad39-c3c5-4538-b46e-e838d72f44b7
2021-02-20 01:29:08,702 [grpc-default-executor-0] INFO  impl.RoleInfo (RoleInfo.java:shutdownFollowerState(108)) - 06e7b775-0a7d-45dc-8705-eb1795cf2a4d: shutdown 06e7b775-0a7d-45dc-8705-eb1795cf2a4d@group-F71E5E32EC8E-FollowerState
2021-02-20 01:29:08,702 [grpc-default-executor-0] INFO  impl.RoleInfo (RoleInfo.java:updateAndGet(130)) - 06e7b775-0a7d-45dc-8705-eb1795cf2a4d: start 06e7b775-0a7d-45dc-8705-eb1795cf2a4d@group-F71E5E32EC8E-FollowerState
2021-02-20 01:29:08,703 [Thread-393] INFO  impl.FollowerState (FollowerState.java:run(142)) - 06e7b775-0a7d-45dc-8705-eb1795cf2a4d@group-F71E5E32EC8E-FollowerState was interrupted: {}
java.lang.InterruptedException: sleep interrupted
	at java.lang.Thread.sleep(Native Method)
	at java.lang.Thread.sleep(Thread.java:340)
	at java.util.concurrent.TimeUnit.sleep(TimeUnit.java:386)
	at org.apache.ratis.util.TimeDuration.sleep(TimeDuration.java:324)
	at org.apache.ratis.util.TimeDuration.sleep(TimeDuration.java:309)
	at org.apache.ratis.server.impl.FollowerState.run(FollowerState.java:117)
2021-02-20 01:29:08,704 [grpc-default-executor-0] INFO  server.RaftServer$Division (RaftServerImpl.java:requestVote(1057)) - 06e7b775-0a7d-45dc-8705-eb1795cf2a4d@group-F71E5E32EC8E replies to ELECTION vote request: f236ad39-c3c5-4538-b46e-e838d72f44b7<-06e7b775-0a7d-45dc-8705-eb1795cf2a4d#0:OK-t5. Peer's state: 06e7b775-0a7d-45dc-8705-eb1795cf2a4d@group-F71E5E32EC8E:t5, leader=null, voted=f236ad39-c3c5-4538-b46e-e838d72f44b7, raftlog=06e7b775-0a7d-45dc-8705-eb1795cf2a4d@group-F71E5E32EC8E-SegmentedRaftLog:OPENED:c-1,f-1,i0, conf=-1: [f236ad39-c3c5-4538-b46e-e838d72f44b7|rpc:172.17.0.2:34705|priority:0, 2d8cb092-44a7-42fa-93c6-2025e443f331|rpc:172.17.0.2:38321|priority:1, 06e7b775-0a7d-45dc-8705-eb1795cf2a4d|rpc:172.17.0.2:42403|priority:0], old=null
2021-02-20 01:29:08,710 [grpc-default-executor-1] INFO  server.RaftServer$Division (RaftServerImpl.java:requestVote(1057)) - 2d8cb092-44a7-42fa-93c6-2025e443f331@group-F71E5E32EC8E replies to ELECTION vote request: f236ad39-c3c5-4538-b46e-e838d72f44b7<-2d8cb092-44a7-42fa-93c6-2025e443f331#0:FAIL-t5. Peer's state: 2d8cb092-44a7-42fa-93c6-2025e443f331@group-F71E5E32EC8E:t5, leader=null, voted=null, raftlog=2d8cb092-44a7-42fa-93c6-2025e443f331@group-F71E5E32EC8E-SegmentedRaftLog:OPENED:c-1,f-1,i0, conf=-1: [f236ad39-c3c5-4538-b46e-e838d72f44b7|rpc:172.17.0.2:34705|priority:0, 2d8cb092-44a7-42fa-93c6-2025e443f331|rpc:172.17.0.2:38321|priority:1, 06e7b775-0a7d-45dc-8705-eb1795cf2a4d|rpc:172.17.0.2:42403|priority:0], old=null
2021-02-20 01:29:08,711 [EventQueue-PipelineReportForOneReplicaPipelineSafeModeRule] INFO  safemode.SCMSafeModeManager (SCMSafeModeManager.java:validateSafeModeExitRules(214)) - AtleastOneDatanodeReportedRule rule is successfully validated
2021-02-20 01:29:08,714 [f236ad39-c3c5-4538-b46e-e838d72f44b7@group-F71E5E32EC8E-LeaderElection12] INFO  impl.LeaderElection (LeaderElection.java:logAndReturn(89)) - f236ad39-c3c5-4538-b46e-e838d72f44b7@group-F71E5E32EC8E-LeaderElection12: ELECTION REJECTED received 2 response(s) and 0 exception(s):
2021-02-20 01:29:08,715 [f236ad39-c3c5-4538-b46e-e838d72f44b7@group-F71E5E32EC8E-LeaderElection12] INFO  impl.LeaderElection (LeaderElection.java:logAndReturn(93)) -   Response 0: f236ad39-c3c5-4538-b46e-e838d72f44b7<-2d8cb092-44a7-42fa-93c6-2025e443f331#0:FAIL-t5
2021-02-20 01:29:08,715 [f236ad39-c3c5-4538-b46e-e838d72f44b7@group-F71E5E32EC8E-LeaderElection12] INFO  impl.LeaderElection (LeaderElection.java:logAndReturn(93)) -   Response 1: f236ad39-c3c5-4538-b46e-e838d72f44b7<-06e7b775-0a7d-45dc-8705-eb1795cf2a4d#0:OK-t5
2021-02-20 01:29:08,711 [EventQueue-OpenPipelineForHealthyPipelineSafeModeRule] INFO  safemode.SCMSafeModeManager (HealthyPipelineSafeModeRule.java:process(128)) - SCM in safe mode. Healthy pipelines reported count is 0, required healthy pipeline reported count is 1
2021-02-20 01:29:08,715 [f236ad39-c3c5-4538-b46e-e838d72f44b7@group-F71E5E32EC8E-LeaderElection12] INFO  impl.LeaderElection (LeaderElection.java:askForVotes(309)) - f236ad39-c3c5-4538-b46e-e838d72f44b7@group-F71E5E32EC8E-LeaderElection12 ELECTION round 0: result REJECTED
2021-02-20 01:29:08,715 [f236ad39-c3c5-4538-b46e-e838d72f44b7@group-F71E5E32EC8E-LeaderElection12] INFO  server.RaftServer$Division (RaftServerImpl.java:setRole(284)) - f236ad39-c3c5-4538-b46e-e838d72f44b7@group-F71E5E32EC8E: changes role from CANDIDATE to FOLLOWER at term 5 for REJECTED
2021-02-20 01:29:08,715 [f236ad39-c3c5-4538-b46e-e838d72f44b7@group-F71E5E32EC8E-LeaderElection12] INFO  impl.RoleInfo (RoleInfo.java:shutdownLeaderElection(121)) - f236ad39-c3c5-4538-b46e-e838d72f44b7: shutdown f236ad39-c3c5-4538-b46e-e838d72f44b7@group-F71E5E32EC8E-LeaderElection12
2021-02-20 01:29:08,715 [f236ad39-c3c5-4538-b46e-e838d72f44b7@group-F71E5E32EC8E-LeaderElection12] INFO  impl.RoleInfo (RoleInfo.java:updateAndGet(130)) - f236ad39-c3c5-4538-b46e-e838d72f44b7: start f236ad39-c3c5-4538-b46e-e838d72f44b7@group-F71E5E32EC8E-FollowerState
2021-02-20 01:29:09,178 [EventQueue-PipelineReportForOneReplicaPipelineSafeModeRule] INFO  safemode.SCMSafeModeManager (SCMSafeModeManager.java:validateSafeModeExitRules(214)) - AtleastOneDatanodeReportedRule rule is successfully validated
2021-02-20 01:29:09,179 [EventQueue-OpenPipelineForHealthyPipelineSafeModeRule] INFO  safemode.SCMSafeModeManager (HealthyPipelineSafeModeRule.java:process(128)) - SCM in safe mode. Healthy pipelines reported count is 0, required healthy pipeline reported count is 1
2021-02-20 01:29:09,397 [EventQueue-PipelineReportForOneReplicaPipelineSafeModeRule] INFO  safemode.SCMSafeModeManager (SCMSafeModeManager.java:validateSafeModeExitRules(214)) - AtleastOneDatanodeReportedRule rule is successfully validated
2021-02-20 01:29:09,398 [EventQueue-OpenPipelineForHealthyPipelineSafeModeRule] INFO  safemode.SCMSafeModeManager (HealthyPipelineSafeModeRule.java:process(128)) - SCM in safe mode. Healthy pipelines reported count is 0, required healthy pipeline reported count is 1
2021-02-20 01:29:09,441 [Listener at 127.0.0.1/45247] INFO  ozone.MiniOzoneClusterImpl (MiniOzoneClusterImpl.java:lambda$waitForClusterToBeReady$0(187)) - Nodes are ready. Got 3 of 3 DN Heartbeats.
2021-02-20 01:29:09,441 [Listener at 127.0.0.1/45247] INFO  ozone.MiniOzoneClusterImpl (MiniOzoneClusterImpl.java:lambda$waitForClusterToBeReady$0(190)) - Waiting for cluster to exit safe mode
2021-02-20 01:29:09,711 [EventQueue-PipelineReportForOneReplicaPipelineSafeModeRule] INFO  safemode.SCMSafeModeManager (SCMSafeModeManager.java:validateSafeModeExitRules(214)) - AtleastOneDatanodeReportedRule rule is successfully validated
2021-02-20 01:29:09,711 [EventQueue-OpenPipelineForHealthyPipelineSafeModeRule] INFO  safemode.SCMSafeModeManager (HealthyPipelineSafeModeRule.java:process(128)) - SCM in safe mode. Healthy pipelines reported count is 0, required healthy pipeline reported count is 1
2021-02-20 01:29:10,178 [EventQueue-PipelineReportForOneReplicaPipelineSafeModeRule] INFO  safemode.SCMSafeModeManager (SCMSafeModeManager.java:validateSafeModeExitRules(214)) - AtleastOneDatanodeReportedRule rule is successfully validated
2021-02-20 01:29:10,178 [EventQueue-OpenPipelineForHealthyPipelineSafeModeRule] INFO  safemode.SCMSafeModeManager (HealthyPipelineSafeModeRule.java:process(128)) - SCM in safe mode. Healthy pipelines reported count is 0, required healthy pipeline reported count is 1
2021-02-20 01:29:10,397 [EventQueue-OpenPipelineForHealthyPipelineSafeModeRule] INFO  safemode.SCMSafeModeManager (HealthyPipelineSafeModeRule.java:process(128)) - SCM in safe mode. Healthy pipelines reported count is 0, required healthy pipeline reported count is 1
2021-02-20 01:29:10,397 [EventQueue-PipelineReportForOneReplicaPipelineSafeModeRule] INFO  safemode.SCMSafeModeManager (SCMSafeModeManager.java:validateSafeModeExitRules(214)) - AtleastOneDatanodeReportedRule rule is successfully validated
2021-02-20 01:29:10,441 [Listener at 127.0.0.1/45247] INFO  ozone.MiniOzoneClusterImpl (MiniOzoneClusterImpl.java:lambda$waitForClusterToBeReady$0(187)) - Nodes are ready. Got 3 of 3 DN Heartbeats.
2021-02-20 01:29:10,442 [Listener at 127.0.0.1/45247] INFO  ozone.MiniOzoneClusterImpl (MiniOzoneClusterImpl.java:lambda$waitForClusterToBeReady$0(190)) - Waiting for cluster to exit safe mode
2021-02-20 01:29:10,711 [EventQueue-PipelineReportForOneReplicaPipelineSafeModeRule] INFO  safemode.SCMSafeModeManager (SCMSafeModeManager.java:validateSafeModeExitRules(214)) - AtleastOneDatanodeReportedRule rule is successfully validated
2021-02-20 01:29:10,711 [EventQueue-OpenPipelineForHealthyPipelineSafeModeRule] INFO  safemode.SCMSafeModeManager (HealthyPipelineSafeModeRule.java:process(128)) - SCM in safe mode. Healthy pipelines reported count is 0, required healthy pipeline reported count is 1
2021-02-20 01:29:11,178 [EventQueue-OpenPipelineForHealthyPipelineSafeModeRule] INFO  safemode.SCMSafeModeManager (HealthyPipelineSafeModeRule.java:process(128)) - SCM in safe mode. Healthy pipelines reported count is 0, required healthy pipeline reported count is 1
2021-02-20 01:29:11,179 [EventQueue-PipelineReportForOneReplicaPipelineSafeModeRule] INFO  safemode.SCMSafeModeManager (SCMSafeModeManager.java:validateSafeModeExitRules(214)) - AtleastOneDatanodeReportedRule rule is successfully validated
2021-02-20 01:29:11,397 [EventQueue-PipelineReportForOneReplicaPipelineSafeModeRule] INFO  safemode.SCMSafeModeManager (SCMSafeModeManager.java:validateSafeModeExitRules(214)) - AtleastOneDatanodeReportedRule rule is successfully validated
2021-02-20 01:29:11,397 [EventQueue-OpenPipelineForHealthyPipelineSafeModeRule] INFO  safemode.SCMSafeModeManager (HealthyPipelineSafeModeRule.java:process(128)) - SCM in safe mode. Healthy pipelines reported count is 0, required healthy pipeline reported count is 1
2021-02-20 01:29:11,442 [Listener at 127.0.0.1/45247] INFO  ozone.MiniOzoneClusterImpl (MiniOzoneClusterImpl.java:lambda$waitForClusterToBeReady$0(187)) - Nodes are ready. Got 3 of 3 DN Heartbeats.
2021-02-20 01:29:11,442 [Listener at 127.0.0.1/45247] INFO  ozone.MiniOzoneClusterImpl (MiniOzoneClusterImpl.java:lambda$waitForClusterToBeReady$0(190)) - Waiting for cluster to exit safe mode
2021-02-20 01:29:11,712 [EventQueue-PipelineReportForOneReplicaPipelineSafeModeRule] INFO  safemode.SCMSafeModeManager (SCMSafeModeManager.java:validateSafeModeExitRules(214)) - AtleastOneDatanodeReportedRule rule is successfully validated
2021-02-20 01:29:11,712 [EventQueue-OpenPipelineForHealthyPipelineSafeModeRule] INFO  safemode.SCMSafeModeManager (HealthyPipelineSafeModeRule.java:process(128)) - SCM in safe mode. Healthy pipelines reported count is 0, required healthy pipeline reported count is 1
2021-02-20 01:29:12,178 [EventQueue-PipelineReportForOneReplicaPipelineSafeModeRule] INFO  safemode.SCMSafeModeManager (SCMSafeModeManager.java:validateSafeModeExitRules(214)) - AtleastOneDatanodeReportedRule rule is successfully validated
2021-02-20 01:29:12,178 [EventQueue-OpenPipelineForHealthyPipelineSafeModeRule] INFO  safemode.SCMSafeModeManager (HealthyPipelineSafeModeRule.java:process(128)) - SCM in safe mode. Healthy pipelines reported count is 0, required healthy pipeline reported count is 1
2021-02-20 01:29:12,397 [EventQueue-PipelineReportForOneReplicaPipelineSafeModeRule] INFO  safemode.SCMSafeModeManager (SCMSafeModeManager.java:validateSafeModeExitRules(214)) - AtleastOneDatanodeReportedRule rule is successfully validated
2021-02-20 01:29:12,397 [EventQueue-OpenPipelineForHealthyPipelineSafeModeRule] INFO  safemode.SCMSafeModeManager (HealthyPipelineSafeModeRule.java:process(128)) - SCM in safe mode. Healthy pipelines reported count is 0, required healthy pipeline reported count is 1
2021-02-20 01:29:12,442 [Listener at 127.0.0.1/45247] INFO  ozone.MiniOzoneClusterImpl (MiniOzoneClusterImpl.java:lambda$waitForClusterToBeReady$0(187)) - Nodes are ready. Got 3 of 3 DN Heartbeats.
2021-02-20 01:29:12,443 [Listener at 127.0.0.1/45247] INFO  ozone.MiniOzoneClusterImpl (MiniOzoneClusterImpl.java:lambda$waitForClusterToBeReady$0(190)) - Waiting for cluster to exit safe mode
2021-02-20 01:29:12,711 [EventQueue-PipelineReportForOneReplicaPipelineSafeModeRule] INFO  safemode.SCMSafeModeManager (SCMSafeModeManager.java:validateSafeModeExitRules(214)) - AtleastOneDatanodeReportedRule rule is successfully validated
2021-02-20 01:29:12,712 [EventQueue-OpenPipelineForHealthyPipelineSafeModeRule] INFO  safemode.SCMSafeModeManager (HealthyPipelineSafeModeRule.java:process(128)) - SCM in safe mode. Healthy pipelines reported count is 0, required healthy pipeline reported count is 1
2021-02-20 01:29:13,178 [EventQueue-OpenPipelineForHealthyPipelineSafeModeRule] INFO  safemode.SCMSafeModeManager (HealthyPipelineSafeModeRule.java:process(128)) - SCM in safe mode. Healthy pipelines reported count is 0, required healthy pipeline reported count is 1
2021-02-20 01:29:13,178 [EventQueue-PipelineReportForOneReplicaPipelineSafeModeRule] INFO  safemode.SCMSafeModeManager (SCMSafeModeManager.java:validateSafeModeExitRules(214)) - AtleastOneDatanodeReportedRule rule is successfully validated
2021-02-20 01:29:13,397 [EventQueue-OpenPipelineForHealthyPipelineSafeModeRule] INFO  safemode.SCMSafeModeManager (HealthyPipelineSafeModeRule.java:process(128)) - SCM in safe mode. Healthy pipelines reported count is 0, required healthy pipeline reported count is 1
2021-02-20 01:29:13,398 [EventQueue-PipelineReportForOneReplicaPipelineSafeModeRule] INFO  safemode.SCMSafeModeManager (SCMSafeModeManager.java:validateSafeModeExitRules(214)) - AtleastOneDatanodeReportedRule rule is successfully validated
2021-02-20 01:29:13,443 [Listener at 127.0.0.1/45247] INFO  ozone.MiniOzoneClusterImpl (MiniOzoneClusterImpl.java:lambda$waitForClusterToBeReady$0(187)) - Nodes are ready. Got 3 of 3 DN Heartbeats.
2021-02-20 01:29:13,443 [Listener at 127.0.0.1/45247] INFO  ozone.MiniOzoneClusterImpl (MiniOzoneClusterImpl.java:lambda$waitForClusterToBeReady$0(190)) - Waiting for cluster to exit safe mode
2021-02-20 01:29:13,711 [EventQueue-OpenPipelineForHealthyPipelineSafeModeRule] INFO  safemode.SCMSafeModeManager (HealthyPipelineSafeModeRule.java:process(128)) - SCM in safe mode. Healthy pipelines reported count is 0, required healthy pipeline reported count is 1
2021-02-20 01:29:13,711 [EventQueue-PipelineReportForOneReplicaPipelineSafeModeRule] INFO  safemode.SCMSafeModeManager (SCMSafeModeManager.java:validateSafeModeExitRules(214)) - AtleastOneDatanodeReportedRule rule is successfully validated
2021-02-20 01:29:13,860 [Thread-399] INFO  impl.FollowerState (FollowerState.java:run(133)) - f236ad39-c3c5-4538-b46e-e838d72f44b7@group-F71E5E32EC8E-FollowerState: change to CANDIDATE, lastRpcElapsedTime:5144280633ns, electionTimeout:5138ms
2021-02-20 01:29:13,860 [Thread-399] INFO  impl.RoleInfo (RoleInfo.java:shutdownFollowerState(108)) - f236ad39-c3c5-4538-b46e-e838d72f44b7: shutdown f236ad39-c3c5-4538-b46e-e838d72f44b7@group-F71E5E32EC8E-FollowerState
2021-02-20 01:29:13,860 [Thread-399] INFO  server.RaftServer$Division (RaftServerImpl.java:setRole(284)) - f236ad39-c3c5-4538-b46e-e838d72f44b7@group-F71E5E32EC8E: changes role from  FOLLOWER to CANDIDATE at term 5 for changeToCandidate
2021-02-20 01:29:13,860 [Thread-399] INFO  server.RaftServerConfigKeys (ConfUtils.java:logGet(44)) - raft.server.leaderelection.pre-vote = false (custom)
2021-02-20 01:29:13,860 [Thread-399] INFO  impl.RoleInfo (RoleInfo.java:updateAndGet(130)) - f236ad39-c3c5-4538-b46e-e838d72f44b7: start f236ad39-c3c5-4538-b46e-e838d72f44b7@group-F71E5E32EC8E-LeaderElection13
2021-02-20 01:29:13,861 [Thread-397] INFO  impl.FollowerState (FollowerState.java:run(133)) - 2d8cb092-44a7-42fa-93c6-2025e443f331@group-F71E5E32EC8E-FollowerState: change to CANDIDATE, lastRpcElapsedTime:5164958848ns, electionTimeout:5149ms
2021-02-20 01:29:13,861 [Thread-397] INFO  impl.RoleInfo (RoleInfo.java:shutdownFollowerState(108)) - 2d8cb092-44a7-42fa-93c6-2025e443f331: shutdown 2d8cb092-44a7-42fa-93c6-2025e443f331@group-F71E5E32EC8E-FollowerState
2021-02-20 01:29:13,861 [Thread-397] INFO  server.RaftServer$Division (RaftServerImpl.java:setRole(284)) - 2d8cb092-44a7-42fa-93c6-2025e443f331@group-F71E5E32EC8E: changes role from  FOLLOWER to CANDIDATE at term 5 for changeToCandidate
2021-02-20 01:29:13,861 [Thread-397] INFO  server.RaftServerConfigKeys (ConfUtils.java:logGet(44)) - raft.server.leaderelection.pre-vote = false (custom)
2021-02-20 01:29:13,861 [Thread-397] INFO  impl.RoleInfo (RoleInfo.java:updateAndGet(130)) - 2d8cb092-44a7-42fa-93c6-2025e443f331: start 2d8cb092-44a7-42fa-93c6-2025e443f331@group-F71E5E32EC8E-LeaderElection14
2021-02-20 01:29:13,868 [2d8cb092-44a7-42fa-93c6-2025e443f331@group-F71E5E32EC8E-LeaderElection14] INFO  impl.LeaderElection (LeaderElection.java:askForVotes(307)) - 2d8cb092-44a7-42fa-93c6-2025e443f331@group-F71E5E32EC8E-LeaderElection14 ELECTION round 0: submit vote requests at term 6 for -1: [f236ad39-c3c5-4538-b46e-e838d72f44b7|rpc:172.17.0.2:34705|priority:0, 2d8cb092-44a7-42fa-93c6-2025e443f331|rpc:172.17.0.2:38321|priority:1, 06e7b775-0a7d-45dc-8705-eb1795cf2a4d|rpc:172.17.0.2:42403|priority:0], old=null
2021-02-20 01:29:13,868 [f236ad39-c3c5-4538-b46e-e838d72f44b7@group-F71E5E32EC8E-LeaderElection13] INFO  impl.LeaderElection (LeaderElection.java:askForVotes(307)) - f236ad39-c3c5-4538-b46e-e838d72f44b7@group-F71E5E32EC8E-LeaderElection13 ELECTION round 0: submit vote requests at term 6 for -1: [f236ad39-c3c5-4538-b46e-e838d72f44b7|rpc:172.17.0.2:34705|priority:0, 2d8cb092-44a7-42fa-93c6-2025e443f331|rpc:172.17.0.2:38321|priority:1, 06e7b775-0a7d-45dc-8705-eb1795cf2a4d|rpc:172.17.0.2:42403|priority:0], old=null
2021-02-20 01:29:13,876 [grpc-default-executor-1] INFO  server.RaftServer$Division (RaftServerImpl.java:requestVote(1025)) - 2d8cb092-44a7-42fa-93c6-2025e443f331@group-F71E5E32EC8E: receive requestVote(ELECTION, f236ad39-c3c5-4538-b46e-e838d72f44b7, group-F71E5E32EC8E, 6, (t:0, i:0))
2021-02-20 01:29:13,883 [grpc-default-executor-1] INFO  impl.VoteContext (VoteContext.java:log(48)) - 2d8cb092-44a7-42fa-93c6-2025e443f331@group-F71E5E32EC8E-CANDIDATE: reject ELECTION from f236ad39-c3c5-4538-b46e-e838d72f44b7: already has voted for 2d8cb092-44a7-42fa-93c6-2025e443f331 at current term 6
2021-02-20 01:29:13,883 [grpc-default-executor-1] INFO  server.RaftServer$Division (RaftServerImpl.java:requestVote(1057)) - 2d8cb092-44a7-42fa-93c6-2025e443f331@group-F71E5E32EC8E replies to ELECTION vote request: f236ad39-c3c5-4538-b46e-e838d72f44b7<-2d8cb092-44a7-42fa-93c6-2025e443f331#0:FAIL-t6. Peer's state: 2d8cb092-44a7-42fa-93c6-2025e443f331@group-F71E5E32EC8E:t6, leader=null, voted=2d8cb092-44a7-42fa-93c6-2025e443f331, raftlog=2d8cb092-44a7-42fa-93c6-2025e443f331@group-F71E5E32EC8E-SegmentedRaftLog:OPENED:c-1,f-1,i0, conf=-1: [f236ad39-c3c5-4538-b46e-e838d72f44b7|rpc:172.17.0.2:34705|priority:0, 2d8cb092-44a7-42fa-93c6-2025e443f331|rpc:172.17.0.2:38321|priority:1, 06e7b775-0a7d-45dc-8705-eb1795cf2a4d|rpc:172.17.0.2:42403|priority:0], old=null
2021-02-20 01:29:13,883 [grpc-default-executor-0] INFO  server.RaftServer$Division (RaftServerImpl.java:requestVote(1025)) - 06e7b775-0a7d-45dc-8705-eb1795cf2a4d@group-F71E5E32EC8E: receive requestVote(ELECTION, f236ad39-c3c5-4538-b46e-e838d72f44b7, group-F71E5E32EC8E, 6, (t:0, i:0))
2021-02-20 01:29:13,884 [grpc-default-executor-0] INFO  impl.VoteContext (VoteContext.java:log(48)) - 06e7b775-0a7d-45dc-8705-eb1795cf2a4d@group-F71E5E32EC8E-FOLLOWER: accept ELECTION from f236ad39-c3c5-4538-b46e-e838d72f44b7: our priority 0 <= candidate's priority 0
2021-02-20 01:29:13,884 [grpc-default-executor-0] INFO  server.RaftServer$Division (RaftServerImpl.java:setRole(284)) - 06e7b775-0a7d-45dc-8705-eb1795cf2a4d@group-F71E5E32EC8E: changes role from  FOLLOWER to FOLLOWER at term 6 for candidate:f236ad39-c3c5-4538-b46e-e838d72f44b7
2021-02-20 01:29:13,884 [grpc-default-executor-0] INFO  impl.RoleInfo (RoleInfo.java:shutdownFollowerState(108)) - 06e7b775-0a7d-45dc-8705-eb1795cf2a4d: shutdown 06e7b775-0a7d-45dc-8705-eb1795cf2a4d@group-F71E5E32EC8E-FollowerState
2021-02-20 01:29:13,884 [grpc-default-executor-0] INFO  impl.RoleInfo (RoleInfo.java:updateAndGet(130)) - 06e7b775-0a7d-45dc-8705-eb1795cf2a4d: start 06e7b775-0a7d-45dc-8705-eb1795cf2a4d@group-F71E5E32EC8E-FollowerState
2021-02-20 01:29:13,884 [Thread-398] INFO  impl.FollowerState (FollowerState.java:run(142)) - 06e7b775-0a7d-45dc-8705-eb1795cf2a4d@group-F71E5E32EC8E-FollowerState was interrupted: {}
java.lang.InterruptedException: sleep interrupted
	at java.lang.Thread.sleep(Native Method)
	at java.lang.Thread.sleep(Thread.java:340)
	at java.util.concurrent.TimeUnit.sleep(TimeUnit.java:386)
	at org.apache.ratis.util.TimeDuration.sleep(TimeDuration.java:324)
	at org.apache.ratis.util.TimeDuration.sleep(TimeDuration.java:309)
	at org.apache.ratis.server.impl.FollowerState.run(FollowerState.java:117)
2021-02-20 01:29:13,886 [grpc-default-executor-2] INFO  server.RaftServer$Division (RaftServerImpl.java:requestVote(1025)) - f236ad39-c3c5-4538-b46e-e838d72f44b7@group-F71E5E32EC8E: receive requestVote(ELECTION, 2d8cb092-44a7-42fa-93c6-2025e443f331, group-F71E5E32EC8E, 6, (t:0, i:0))
2021-02-20 01:29:13,886 [f236ad39-c3c5-4538-b46e-e838d72f44b7@group-F71E5E32EC8E-LeaderElection13] INFO  impl.LeaderElection (LeaderElection.java:logAndReturn(89)) - f236ad39-c3c5-4538-b46e-e838d72f44b7@group-F71E5E32EC8E-LeaderElection13: ELECTION REJECTED received 1 response(s) and 0 exception(s):
2021-02-20 01:29:13,886 [f236ad39-c3c5-4538-b46e-e838d72f44b7@group-F71E5E32EC8E-LeaderElection13] INFO  impl.LeaderElection (LeaderElection.java:logAndReturn(93)) -   Response 0: f236ad39-c3c5-4538-b46e-e838d72f44b7<-2d8cb092-44a7-42fa-93c6-2025e443f331#0:FAIL-t6
2021-02-20 01:29:13,886 [f236ad39-c3c5-4538-b46e-e838d72f44b7@group-F71E5E32EC8E-LeaderElection13] INFO  impl.LeaderElection (LeaderElection.java:askForVotes(309)) - f236ad39-c3c5-4538-b46e-e838d72f44b7@group-F71E5E32EC8E-LeaderElection13 ELECTION round 0: result REJECTED
2021-02-20 01:29:13,886 [f236ad39-c3c5-4538-b46e-e838d72f44b7@group-F71E5E32EC8E-LeaderElection13] INFO  server.RaftServer$Division (RaftServerImpl.java:setRole(284)) - f236ad39-c3c5-4538-b46e-e838d72f44b7@group-F71E5E32EC8E: changes role from CANDIDATE to FOLLOWER at term 6 for REJECTED
2021-02-20 01:29:13,886 [f236ad39-c3c5-4538-b46e-e838d72f44b7@group-F71E5E32EC8E-LeaderElection13] INFO  impl.RoleInfo (RoleInfo.java:shutdownLeaderElection(121)) - f236ad39-c3c5-4538-b46e-e838d72f44b7: shutdown f236ad39-c3c5-4538-b46e-e838d72f44b7@group-F71E5E32EC8E-LeaderElection13
2021-02-20 01:29:13,886 [f236ad39-c3c5-4538-b46e-e838d72f44b7@group-F71E5E32EC8E-LeaderElection13] INFO  impl.RoleInfo (RoleInfo.java:updateAndGet(130)) - f236ad39-c3c5-4538-b46e-e838d72f44b7: start f236ad39-c3c5-4538-b46e-e838d72f44b7@group-F71E5E32EC8E-FollowerState
2021-02-20 01:29:13,888 [grpc-default-executor-3] INFO  server.RaftServer$Division (RaftServerImpl.java:requestVote(1025)) - 06e7b775-0a7d-45dc-8705-eb1795cf2a4d@group-F71E5E32EC8E: receive requestVote(ELECTION, 2d8cb092-44a7-42fa-93c6-2025e443f331, group-F71E5E32EC8E, 6, (t:0, i:0))
2021-02-20 01:29:13,889 [grpc-default-executor-2] INFO  impl.VoteContext (VoteContext.java:log(48)) - f236ad39-c3c5-4538-b46e-e838d72f44b7@group-F71E5E32EC8E-FOLLOWER: reject ELECTION from 2d8cb092-44a7-42fa-93c6-2025e443f331: already has voted for f236ad39-c3c5-4538-b46e-e838d72f44b7 at current term 6
2021-02-20 01:29:13,889 [grpc-default-executor-2] INFO  server.RaftServer$Division (RaftServerImpl.java:requestVote(1057)) - f236ad39-c3c5-4538-b46e-e838d72f44b7@group-F71E5E32EC8E replies to ELECTION vote request: 2d8cb092-44a7-42fa-93c6-2025e443f331<-f236ad39-c3c5-4538-b46e-e838d72f44b7#0:FAIL-t6. Peer's state: f236ad39-c3c5-4538-b46e-e838d72f44b7@group-F71E5E32EC8E:t6, leader=null, voted=f236ad39-c3c5-4538-b46e-e838d72f44b7, raftlog=f236ad39-c3c5-4538-b46e-e838d72f44b7@group-F71E5E32EC8E-SegmentedRaftLog:OPENED:c-1,f-1,i0, conf=-1: [f236ad39-c3c5-4538-b46e-e838d72f44b7|rpc:172.17.0.2:34705|priority:0, 2d8cb092-44a7-42fa-93c6-2025e443f331|rpc:172.17.0.2:38321|priority:1, 06e7b775-0a7d-45dc-8705-eb1795cf2a4d|rpc:172.17.0.2:42403|priority:0], old=null
2021-02-20 01:29:13,890 [grpc-default-executor-0] INFO  server.RaftServer$Division (RaftServerImpl.java:requestVote(1057)) - 06e7b775-0a7d-45dc-8705-eb1795cf2a4d@group-F71E5E32EC8E replies to ELECTION vote request: f236ad39-c3c5-4538-b46e-e838d72f44b7<-06e7b775-0a7d-45dc-8705-eb1795cf2a4d#0:OK-t6. Peer's state: 06e7b775-0a7d-45dc-8705-eb1795cf2a4d@group-F71E5E32EC8E:t6, leader=null, voted=f236ad39-c3c5-4538-b46e-e838d72f44b7, raftlog=06e7b775-0a7d-45dc-8705-eb1795cf2a4d@group-F71E5E32EC8E-SegmentedRaftLog:OPENED:c-1,f-1,i0, conf=-1: [f236ad39-c3c5-4538-b46e-e838d72f44b7|rpc:172.17.0.2:34705|priority:0, 2d8cb092-44a7-42fa-93c6-2025e443f331|rpc:172.17.0.2:38321|priority:1, 06e7b775-0a7d-45dc-8705-eb1795cf2a4d|rpc:172.17.0.2:42403|priority:0], old=null
2021-02-20 01:29:13,891 [grpc-default-executor-3] INFO  impl.VoteContext (VoteContext.java:log(48)) - 06e7b775-0a7d-45dc-8705-eb1795cf2a4d@group-F71E5E32EC8E-FOLLOWER: reject ELECTION from 2d8cb092-44a7-42fa-93c6-2025e443f331: already has voted for f236ad39-c3c5-4538-b46e-e838d72f44b7 at current term 6
2021-02-20 01:29:13,891 [grpc-default-executor-3] INFO  server.RaftServer$Division (RaftServerImpl.java:requestVote(1057)) - 06e7b775-0a7d-45dc-8705-eb1795cf2a4d@group-F71E5E32EC8E replies to ELECTION vote request: 2d8cb092-44a7-42fa-93c6-2025e443f331<-06e7b775-0a7d-45dc-8705-eb1795cf2a4d#0:FAIL-t6. Peer's state: 06e7b775-0a7d-45dc-8705-eb1795cf2a4d@group-F71E5E32EC8E:t6, leader=null, voted=f236ad39-c3c5-4538-b46e-e838d72f44b7, raftlog=06e7b775-0a7d-45dc-8705-eb1795cf2a4d@group-F71E5E32EC8E-SegmentedRaftLog:OPENED:c-1,f-1,i0, conf=-1: [f236ad39-c3c5-4538-b46e-e838d72f44b7|rpc:172.17.0.2:34705|priority:0, 2d8cb092-44a7-42fa-93c6-2025e443f331|rpc:172.17.0.2:38321|priority:1, 06e7b775-0a7d-45dc-8705-eb1795cf2a4d|rpc:172.17.0.2:42403|priority:0], old=null
2021-02-20 01:29:13,895 [2d8cb092-44a7-42fa-93c6-2025e443f331@group-F71E5E32EC8E-LeaderElection14] INFO  impl.LeaderElection (LeaderElection.java:logAndReturn(89)) - 2d8cb092-44a7-42fa-93c6-2025e443f331@group-F71E5E32EC8E-LeaderElection14: ELECTION REJECTED received 2 response(s) and 0 exception(s):
2021-02-20 01:29:13,895 [2d8cb092-44a7-42fa-93c6-2025e443f331@group-F71E5E32EC8E-LeaderElection14] INFO  impl.LeaderElection (LeaderElection.java:logAndReturn(93)) -   Response 0: 2d8cb092-44a7-42fa-93c6-2025e443f331<-f236ad39-c3c5-4538-b46e-e838d72f44b7#0:FAIL-t6
2021-02-20 01:29:13,896 [2d8cb092-44a7-42fa-93c6-2025e443f331@group-F71E5E32EC8E-LeaderElection14] INFO  impl.LeaderElection (LeaderElection.java:logAndReturn(93)) -   Response 1: 2d8cb092-44a7-42fa-93c6-2025e443f331<-06e7b775-0a7d-45dc-8705-eb1795cf2a4d#0:FAIL-t6
2021-02-20 01:29:13,896 [2d8cb092-44a7-42fa-93c6-2025e443f331@group-F71E5E32EC8E-LeaderElection14] INFO  impl.LeaderElection (LeaderElection.java:askForVotes(309)) - 2d8cb092-44a7-42fa-93c6-2025e443f331@group-F71E5E32EC8E-LeaderElection14 ELECTION round 0: result REJECTED
2021-02-20 01:29:13,896 [2d8cb092-44a7-42fa-93c6-2025e443f331@group-F71E5E32EC8E-LeaderElection14] INFO  server.RaftServer$Division (RaftServerImpl.java:setRole(284)) - 2d8cb092-44a7-42fa-93c6-2025e443f331@group-F71E5E32EC8E: changes role from CANDIDATE to FOLLOWER at term 6 for REJECTED
2021-02-20 01:29:13,896 [2d8cb092-44a7-42fa-93c6-2025e443f331@group-F71E5E32EC8E-LeaderElection14] INFO  impl.RoleInfo (RoleInfo.java:shutdownLeaderElection(121)) - 2d8cb092-44a7-42fa-93c6-2025e443f331: shutdown 2d8cb092-44a7-42fa-93c6-2025e443f331@group-F71E5E32EC8E-LeaderElection14
2021-02-20 01:29:13,896 [2d8cb092-44a7-42fa-93c6-2025e443f331@group-F71E5E32EC8E-LeaderElection14] INFO  impl.RoleInfo (RoleInfo.java:updateAndGet(130)) - 2d8cb092-44a7-42fa-93c6-2025e443f331: start 2d8cb092-44a7-42fa-93c6-2025e443f331@group-F71E5E32EC8E-FollowerState
2021-02-20 01:29:14,178 [EventQueue-PipelineReportForOneReplicaPipelineSafeModeRule] INFO  safemode.SCMSafeModeManager (SCMSafeModeManager.java:validateSafeModeExitRules(214)) - AtleastOneDatanodeReportedRule rule is successfully validated
2021-02-20 01:29:14,178 [EventQueue-OpenPipelineForHealthyPipelineSafeModeRule] INFO  safemode.SCMSafeModeManager (HealthyPipelineSafeModeRule.java:process(128)) - SCM in safe mode. Healthy pipelines reported count is 0, required healthy pipeline reported count is 1
2021-02-20 01:29:14,398 [EventQueue-PipelineReportForOneReplicaPipelineSafeModeRule] INFO  safemode.SCMSafeModeManager (SCMSafeModeManager.java:validateSafeModeExitRules(214)) - AtleastOneDatanodeReportedRule rule is successfully validated
2021-02-20 01:29:14,398 [EventQueue-OpenPipelineForHealthyPipelineSafeModeRule] INFO  safemode.SCMSafeModeManager (HealthyPipelineSafeModeRule.java:process(128)) - SCM in safe mode. Healthy pipelines reported count is 0, required healthy pipeline reported count is 1
2021-02-20 01:29:14,443 [Listener at 127.0.0.1/45247] INFO  ozone.MiniOzoneClusterImpl (MiniOzoneClusterImpl.java:lambda$waitForClusterToBeReady$0(187)) - Nodes are ready. Got 3 of 3 DN Heartbeats.
2021-02-20 01:29:14,444 [Listener at 127.0.0.1/45247] INFO  ozone.MiniOzoneClusterImpl (MiniOzoneClusterImpl.java:lambda$waitForClusterToBeReady$0(190)) - Waiting for cluster to exit safe mode
2021-02-20 01:29:14,711 [EventQueue-PipelineReportForOneReplicaPipelineSafeModeRule] INFO  safemode.SCMSafeModeManager (SCMSafeModeManager.java:validateSafeModeExitRules(214)) - AtleastOneDatanodeReportedRule rule is successfully validated
2021-02-20 01:29:14,712 [EventQueue-OpenPipelineForHealthyPipelineSafeModeRule] INFO  safemode.SCMSafeModeManager (HealthyPipelineSafeModeRule.java:process(128)) - SCM in safe mode. Healthy pipelines reported count is 0, required healthy pipeline reported count is 1
2021-02-20 01:29:15,178 [EventQueue-PipelineReportForOneReplicaPipelineSafeModeRule] INFO  safemode.SCMSafeModeManager (SCMSafeModeManager.java:validateSafeModeExitRules(214)) - AtleastOneDatanodeReportedRule rule is successfully validated
2021-02-20 01:29:15,179 [EventQueue-OpenPipelineForHealthyPipelineSafeModeRule] INFO  safemode.SCMSafeModeManager (HealthyPipelineSafeModeRule.java:process(128)) - SCM in safe mode. Healthy pipelines reported count is 0, required healthy pipeline reported count is 1
2021-02-20 01:29:15,398 [EventQueue-PipelineReportForOneReplicaPipelineSafeModeRule] INFO  safemode.SCMSafeModeManager (SCMSafeModeManager.java:validateSafeModeExitRules(214)) - AtleastOneDatanodeReportedRule rule is successfully validated
2021-02-20 01:29:15,398 [EventQueue-OpenPipelineForHealthyPipelineSafeModeRule] INFO  safemode.SCMSafeModeManager (HealthyPipelineSafeModeRule.java:process(128)) - SCM in safe mode. Healthy pipelines reported count is 0, required healthy pipeline reported count is 1
2021-02-20 01:29:15,444 [Listener at 127.0.0.1/45247] INFO  ozone.MiniOzoneClusterImpl (MiniOzoneClusterImpl.java:lambda$waitForClusterToBeReady$0(187)) - Nodes are ready. Got 3 of 3 DN Heartbeats.
2021-02-20 01:29:15,444 [Listener at 127.0.0.1/45247] INFO  ozone.MiniOzoneClusterImpl (MiniOzoneClusterImpl.java:lambda$waitForClusterToBeReady$0(190)) - Waiting for cluster to exit safe mode
2021-02-20 01:29:15,712 [EventQueue-PipelineReportForOneReplicaPipelineSafeModeRule] INFO  safemode.SCMSafeModeManager (SCMSafeModeManager.java:validateSafeModeExitRules(214)) - AtleastOneDatanodeReportedRule rule is successfully validated
2021-02-20 01:29:15,712 [EventQueue-OpenPipelineForHealthyPipelineSafeModeRule] INFO  safemode.SCMSafeModeManager (HealthyPipelineSafeModeRule.java:process(128)) - SCM in safe mode. Healthy pipelines reported count is 0, required healthy pipeline reported count is 1
2021-02-20 01:29:16,180 [EventQueue-PipelineReportForOneReplicaPipelineSafeModeRule] INFO  safemode.SCMSafeModeManager (SCMSafeModeManager.java:validateSafeModeExitRules(214)) - AtleastOneDatanodeReportedRule rule is successfully validated
2021-02-20 01:29:16,181 [EventQueue-OpenPipelineForHealthyPipelineSafeModeRule] INFO  safemode.SCMSafeModeManager (HealthyPipelineSafeModeRule.java:process(128)) - SCM in safe mode. Healthy pipelines reported count is 0, required healthy pipeline reported count is 1
2021-02-20 01:29:16,398 [EventQueue-PipelineReportForOneReplicaPipelineSafeModeRule] INFO  safemode.SCMSafeModeManager (SCMSafeModeManager.java:validateSafeModeExitRules(214)) - AtleastOneDatanodeReportedRule rule is successfully validated
2021-02-20 01:29:16,398 [EventQueue-OpenPipelineForHealthyPipelineSafeModeRule] INFO  safemode.SCMSafeModeManager (HealthyPipelineSafeModeRule.java:process(128)) - SCM in safe mode. Healthy pipelines reported count is 0, required healthy pipeline reported count is 1
2021-02-20 01:29:16,444 [Listener at 127.0.0.1/45247] INFO  ozone.MiniOzoneClusterImpl (MiniOzoneClusterImpl.java:lambda$waitForClusterToBeReady$0(187)) - Nodes are ready. Got 3 of 3 DN Heartbeats.
2021-02-20 01:29:16,445 [Listener at 127.0.0.1/45247] INFO  ozone.MiniOzoneClusterImpl (MiniOzoneClusterImpl.java:lambda$waitForClusterToBeReady$0(190)) - Waiting for cluster to exit safe mode
2021-02-20 01:29:16,711 [EventQueue-PipelineReportForOneReplicaPipelineSafeModeRule] INFO  safemode.SCMSafeModeManager (SCMSafeModeManager.java:validateSafeModeExitRules(214)) - AtleastOneDatanodeReportedRule rule is successfully validated
2021-02-20 01:29:16,711 [EventQueue-OpenPipelineForHealthyPipelineSafeModeRule] INFO  safemode.SCMSafeModeManager (HealthyPipelineSafeModeRule.java:process(128)) - SCM in safe mode. Healthy pipelines reported count is 0, required healthy pipeline reported count is 1
2021-02-20 01:29:17,180 [EventQueue-OpenPipelineForHealthyPipelineSafeModeRule] INFO  safemode.SCMSafeModeManager (HealthyPipelineSafeModeRule.java:process(128)) - SCM in safe mode. Healthy pipelines reported count is 0, required healthy pipeline reported count is 1
2021-02-20 01:29:17,181 [EventQueue-PipelineReportForOneReplicaPipelineSafeModeRule] INFO  safemode.SCMSafeModeManager (SCMSafeModeManager.java:validateSafeModeExitRules(214)) - AtleastOneDatanodeReportedRule rule is successfully validated
2021-02-20 01:29:17,398 [EventQueue-OpenPipelineForHealthyPipelineSafeModeRule] INFO  safemode.SCMSafeModeManager (HealthyPipelineSafeModeRule.java:process(128)) - SCM in safe mode. Healthy pipelines reported count is 0, required healthy pipeline reported count is 1
2021-02-20 01:29:17,398 [EventQueue-PipelineReportForOneReplicaPipelineSafeModeRule] INFO  safemode.SCMSafeModeManager (SCMSafeModeManager.java:validateSafeModeExitRules(214)) - AtleastOneDatanodeReportedRule rule is successfully validated
2021-02-20 01:29:17,445 [Listener at 127.0.0.1/45247] INFO  ozone.MiniOzoneClusterImpl (MiniOzoneClusterImpl.java:lambda$waitForClusterToBeReady$0(187)) - Nodes are ready. Got 3 of 3 DN Heartbeats.
2021-02-20 01:29:17,445 [Listener at 127.0.0.1/45247] INFO  ozone.MiniOzoneClusterImpl (MiniOzoneClusterImpl.java:lambda$waitForClusterToBeReady$0(190)) - Waiting for cluster to exit safe mode
2021-02-20 01:29:17,712 [EventQueue-PipelineReportForOneReplicaPipelineSafeModeRule] INFO  safemode.SCMSafeModeManager (SCMSafeModeManager.java:validateSafeModeExitRules(214)) - AtleastOneDatanodeReportedRule rule is successfully validated
2021-02-20 01:29:17,712 [EventQueue-OpenPipelineForHealthyPipelineSafeModeRule] INFO  safemode.SCMSafeModeManager (HealthyPipelineSafeModeRule.java:process(128)) - SCM in safe mode. Healthy pipelines reported count is 0, required healthy pipeline reported count is 1
2021-02-20 01:29:18,180 [EventQueue-PipelineReportForOneReplicaPipelineSafeModeRule] INFO  safemode.SCMSafeModeManager (SCMSafeModeManager.java:validateSafeModeExitRules(214)) - AtleastOneDatanodeReportedRule rule is successfully validated
2021-02-20 01:29:18,180 [EventQueue-OpenPipelineForHealthyPipelineSafeModeRule] INFO  safemode.SCMSafeModeManager (HealthyPipelineSafeModeRule.java:process(128)) - SCM in safe mode. Healthy pipelines reported count is 0, required healthy pipeline reported count is 1
2021-02-20 01:29:18,398 [EventQueue-PipelineReportForOneReplicaPipelineSafeModeRule] INFO  safemode.SCMSafeModeManager (SCMSafeModeManager.java:validateSafeModeExitRules(214)) - AtleastOneDatanodeReportedRule rule is successfully validated
2021-02-20 01:29:18,398 [EventQueue-OpenPipelineForHealthyPipelineSafeModeRule] INFO  safemode.SCMSafeModeManager (HealthyPipelineSafeModeRule.java:process(128)) - SCM in safe mode. Healthy pipelines reported count is 0, required healthy pipeline reported count is 1
2021-02-20 01:29:18,446 [Listener at 127.0.0.1/45247] INFO  ozone.MiniOzoneClusterImpl (MiniOzoneClusterImpl.java:lambda$waitForClusterToBeReady$0(187)) - Nodes are ready. Got 3 of 3 DN Heartbeats.
2021-02-20 01:29:18,446 [Listener at 127.0.0.1/45247] INFO  ozone.MiniOzoneClusterImpl (MiniOzoneClusterImpl.java:lambda$waitForClusterToBeReady$0(190)) - Waiting for cluster to exit safe mode
2021-02-20 01:29:18,711 [EventQueue-PipelineReportForOneReplicaPipelineSafeModeRule] INFO  safemode.SCMSafeModeManager (SCMSafeModeManager.java:validateSafeModeExitRules(214)) - AtleastOneDatanodeReportedRule rule is successfully validated
2021-02-20 01:29:18,711 [EventQueue-OpenPipelineForHealthyPipelineSafeModeRule] INFO  safemode.SCMSafeModeManager (HealthyPipelineSafeModeRule.java:process(128)) - SCM in safe mode. Healthy pipelines reported count is 0, required healthy pipeline reported count is 1
2021-02-20 01:29:18,962 [Thread-407] INFO  impl.FollowerState (FollowerState.java:run(133)) - f236ad39-c3c5-4538-b46e-e838d72f44b7@group-F71E5E32EC8E-FollowerState: change to CANDIDATE, lastRpcElapsedTime:5075609533ns, electionTimeout:5072ms
2021-02-20 01:29:18,962 [Thread-407] INFO  impl.RoleInfo (RoleInfo.java:shutdownFollowerState(108)) - f236ad39-c3c5-4538-b46e-e838d72f44b7: shutdown f236ad39-c3c5-4538-b46e-e838d72f44b7@group-F71E5E32EC8E-FollowerState
2021-02-20 01:29:18,962 [Thread-407] INFO  server.RaftServer$Division (RaftServerImpl.java:setRole(284)) - f236ad39-c3c5-4538-b46e-e838d72f44b7@group-F71E5E32EC8E: changes role from  FOLLOWER to CANDIDATE at term 6 for changeToCandidate
2021-02-20 01:29:18,962 [Thread-407] INFO  server.RaftServerConfigKeys (ConfUtils.java:logGet(44)) - raft.server.leaderelection.pre-vote = false (custom)
2021-02-20 01:29:18,963 [Thread-407] INFO  impl.RoleInfo (RoleInfo.java:updateAndGet(130)) - f236ad39-c3c5-4538-b46e-e838d72f44b7: start f236ad39-c3c5-4538-b46e-e838d72f44b7@group-F71E5E32EC8E-LeaderElection15
2021-02-20 01:29:18,965 [f236ad39-c3c5-4538-b46e-e838d72f44b7@group-F71E5E32EC8E-LeaderElection15] INFO  impl.LeaderElection (LeaderElection.java:askForVotes(307)) - f236ad39-c3c5-4538-b46e-e838d72f44b7@group-F71E5E32EC8E-LeaderElection15 ELECTION round 0: submit vote requests at term 7 for -1: [f236ad39-c3c5-4538-b46e-e838d72f44b7|rpc:172.17.0.2:34705|priority:0, 2d8cb092-44a7-42fa-93c6-2025e443f331|rpc:172.17.0.2:38321|priority:1, 06e7b775-0a7d-45dc-8705-eb1795cf2a4d|rpc:172.17.0.2:42403|priority:0], old=null
2021-02-20 01:29:18,969 [grpc-default-executor-2] INFO  server.RaftServer$Division (RaftServerImpl.java:requestVote(1025)) - 06e7b775-0a7d-45dc-8705-eb1795cf2a4d@group-F71E5E32EC8E: receive requestVote(ELECTION, f236ad39-c3c5-4538-b46e-e838d72f44b7, group-F71E5E32EC8E, 7, (t:0, i:0))
2021-02-20 01:29:18,969 [grpc-default-executor-2] INFO  impl.VoteContext (VoteContext.java:log(48)) - 06e7b775-0a7d-45dc-8705-eb1795cf2a4d@group-F71E5E32EC8E-FOLLOWER: accept ELECTION from f236ad39-c3c5-4538-b46e-e838d72f44b7: our priority 0 <= candidate's priority 0
2021-02-20 01:29:18,970 [grpc-default-executor-2] INFO  server.RaftServer$Division (RaftServerImpl.java:setRole(284)) - 06e7b775-0a7d-45dc-8705-eb1795cf2a4d@group-F71E5E32EC8E: changes role from  FOLLOWER to FOLLOWER at term 7 for candidate:f236ad39-c3c5-4538-b46e-e838d72f44b7
2021-02-20 01:29:18,970 [grpc-default-executor-2] INFO  impl.RoleInfo (RoleInfo.java:shutdownFollowerState(108)) - 06e7b775-0a7d-45dc-8705-eb1795cf2a4d: shutdown 06e7b775-0a7d-45dc-8705-eb1795cf2a4d@group-F71E5E32EC8E-FollowerState
2021-02-20 01:29:18,970 [grpc-default-executor-2] INFO  impl.RoleInfo (RoleInfo.java:updateAndGet(130)) - 06e7b775-0a7d-45dc-8705-eb1795cf2a4d: start 06e7b775-0a7d-45dc-8705-eb1795cf2a4d@group-F71E5E32EC8E-FollowerState
2021-02-20 01:29:18,970 [Thread-406] INFO  impl.FollowerState (FollowerState.java:run(142)) - 06e7b775-0a7d-45dc-8705-eb1795cf2a4d@group-F71E5E32EC8E-FollowerState was interrupted: {}
java.lang.InterruptedException: sleep interrupted
	at java.lang.Thread.sleep(Native Method)
	at java.lang.Thread.sleep(Thread.java:340)
	at java.util.concurrent.TimeUnit.sleep(TimeUnit.java:386)
	at org.apache.ratis.util.TimeDuration.sleep(TimeDuration.java:324)
	at org.apache.ratis.util.TimeDuration.sleep(TimeDuration.java:309)
	at org.apache.ratis.server.impl.FollowerState.run(FollowerState.java:117)
2021-02-20 01:29:18,977 [grpc-default-executor-3] INFO  server.RaftServer$Division (RaftServerImpl.java:requestVote(1025)) - 2d8cb092-44a7-42fa-93c6-2025e443f331@group-F71E5E32EC8E: receive requestVote(ELECTION, f236ad39-c3c5-4538-b46e-e838d72f44b7, group-F71E5E32EC8E, 7, (t:0, i:0))
2021-02-20 01:29:18,977 [grpc-default-executor-2] INFO  server.RaftServer$Division (RaftServerImpl.java:requestVote(1057)) - 06e7b775-0a7d-45dc-8705-eb1795cf2a4d@group-F71E5E32EC8E replies to ELECTION vote request: f236ad39-c3c5-4538-b46e-e838d72f44b7<-06e7b775-0a7d-45dc-8705-eb1795cf2a4d#0:OK-t7. Peer's state: 06e7b775-0a7d-45dc-8705-eb1795cf2a4d@group-F71E5E32EC8E:t7, leader=null, voted=f236ad39-c3c5-4538-b46e-e838d72f44b7, raftlog=06e7b775-0a7d-45dc-8705-eb1795cf2a4d@group-F71E5E32EC8E-SegmentedRaftLog:OPENED:c-1,f-1,i0, conf=-1: [f236ad39-c3c5-4538-b46e-e838d72f44b7|rpc:172.17.0.2:34705|priority:0, 2d8cb092-44a7-42fa-93c6-2025e443f331|rpc:172.17.0.2:38321|priority:1, 06e7b775-0a7d-45dc-8705-eb1795cf2a4d|rpc:172.17.0.2:42403|priority:0], old=null
2021-02-20 01:29:18,977 [grpc-default-executor-3] INFO  impl.VoteContext (VoteContext.java:log(48)) - 2d8cb092-44a7-42fa-93c6-2025e443f331@group-F71E5E32EC8E-FOLLOWER: reject ELECTION from f236ad39-c3c5-4538-b46e-e838d72f44b7: our priority 1 > candidate's priority 0
2021-02-20 01:29:18,977 [grpc-default-executor-3] INFO  server.RaftServer$Division (RaftServerImpl.java:setRole(284)) - 2d8cb092-44a7-42fa-93c6-2025e443f331@group-F71E5E32EC8E: changes role from  FOLLOWER to FOLLOWER at term 7 for candidate:f236ad39-c3c5-4538-b46e-e838d72f44b7
2021-02-20 01:29:18,977 [grpc-default-executor-3] INFO  impl.RoleInfo (RoleInfo.java:shutdownFollowerState(108)) - 2d8cb092-44a7-42fa-93c6-2025e443f331: shutdown 2d8cb092-44a7-42fa-93c6-2025e443f331@group-F71E5E32EC8E-FollowerState
2021-02-20 01:29:18,978 [grpc-default-executor-3] INFO  impl.RoleInfo (RoleInfo.java:updateAndGet(130)) - 2d8cb092-44a7-42fa-93c6-2025e443f331: start 2d8cb092-44a7-42fa-93c6-2025e443f331@group-F71E5E32EC8E-FollowerState
2021-02-20 01:29:18,978 [Thread-408] INFO  impl.FollowerState (FollowerState.java:run(142)) - 2d8cb092-44a7-42fa-93c6-2025e443f331@group-F71E5E32EC8E-FollowerState was interrupted: {}
java.lang.InterruptedException: sleep interrupted
	at java.lang.Thread.sleep(Native Method)
	at java.lang.Thread.sleep(Thread.java:340)
	at java.util.concurrent.TimeUnit.sleep(TimeUnit.java:386)
	at org.apache.ratis.util.TimeDuration.sleep(TimeDuration.java:324)
	at org.apache.ratis.util.TimeDuration.sleep(TimeDuration.java:309)
	at org.apache.ratis.server.impl.FollowerState.run(FollowerState.java:117)
2021-02-20 01:29:18,983 [grpc-default-executor-3] INFO  server.RaftServer$Division (RaftServerImpl.java:requestVote(1057)) - 2d8cb092-44a7-42fa-93c6-2025e443f331@group-F71E5E32EC8E replies to ELECTION vote request: f236ad39-c3c5-4538-b46e-e838d72f44b7<-2d8cb092-44a7-42fa-93c6-2025e443f331#0:FAIL-t7. Peer's state: 2d8cb092-44a7-42fa-93c6-2025e443f331@group-F71E5E32EC8E:t7, leader=null, voted=null, raftlog=2d8cb092-44a7-42fa-93c6-2025e443f331@group-F71E5E32EC8E-SegmentedRaftLog:OPENED:c-1,f-1,i0, conf=-1: [f236ad39-c3c5-4538-b46e-e838d72f44b7|rpc:172.17.0.2:34705|priority:0, 2d8cb092-44a7-42fa-93c6-2025e443f331|rpc:172.17.0.2:38321|priority:1, 06e7b775-0a7d-45dc-8705-eb1795cf2a4d|rpc:172.17.0.2:42403|priority:0], old=null
2021-02-20 01:29:18,985 [f236ad39-c3c5-4538-b46e-e838d72f44b7@group-F71E5E32EC8E-LeaderElection15] INFO  impl.LeaderElection (LeaderElection.java:logAndReturn(89)) - f236ad39-c3c5-4538-b46e-e838d72f44b7@group-F71E5E32EC8E-LeaderElection15: ELECTION REJECTED received 2 response(s) and 0 exception(s):
2021-02-20 01:29:18,985 [f236ad39-c3c5-4538-b46e-e838d72f44b7@group-F71E5E32EC8E-LeaderElection15] INFO  impl.LeaderElection (LeaderElection.java:logAndReturn(93)) -   Response 0: f236ad39-c3c5-4538-b46e-e838d72f44b7<-2d8cb092-44a7-42fa-93c6-2025e443f331#0:FAIL-t7
2021-02-20 01:29:18,986 [f236ad39-c3c5-4538-b46e-e838d72f44b7@group-F71E5E32EC8E-LeaderElection15] INFO  impl.LeaderElection (LeaderElection.java:logAndReturn(93)) -   Response 1: f236ad39-c3c5-4538-b46e-e838d72f44b7<-06e7b775-0a7d-45dc-8705-eb1795cf2a4d#0:OK-t7
2021-02-20 01:29:18,986 [f236ad39-c3c5-4538-b46e-e838d72f44b7@group-F71E5E32EC8E-LeaderElection15] INFO  impl.LeaderElection (LeaderElection.java:askForVotes(309)) - f236ad39-c3c5-4538-b46e-e838d72f44b7@group-F71E5E32EC8E-LeaderElection15 ELECTION round 0: result REJECTED
2021-02-20 01:29:18,986 [f236ad39-c3c5-4538-b46e-e838d72f44b7@group-F71E5E32EC8E-LeaderElection15] INFO  server.RaftServer$Division (RaftServerImpl.java:setRole(284)) - f236ad39-c3c5-4538-b46e-e838d72f44b7@group-F71E5E32EC8E: changes role from CANDIDATE to FOLLOWER at term 7 for REJECTED
2021-02-20 01:29:18,986 [f236ad39-c3c5-4538-b46e-e838d72f44b7@group-F71E5E32EC8E-LeaderElection15] INFO  impl.RoleInfo (RoleInfo.java:shutdownLeaderElection(121)) - f236ad39-c3c5-4538-b46e-e838d72f44b7: shutdown f236ad39-c3c5-4538-b46e-e838d72f44b7@group-F71E5E32EC8E-LeaderElection15
2021-02-20 01:29:18,986 [f236ad39-c3c5-4538-b46e-e838d72f44b7@group-F71E5E32EC8E-LeaderElection15] INFO  impl.RoleInfo (RoleInfo.java:updateAndGet(130)) - f236ad39-c3c5-4538-b46e-e838d72f44b7: start f236ad39-c3c5-4538-b46e-e838d72f44b7@group-F71E5E32EC8E-FollowerState
2021-02-20 01:29:19,180 [EventQueue-OpenPipelineForHealthyPipelineSafeModeRule] INFO  safemode.SCMSafeModeManager (HealthyPipelineSafeModeRule.java:process(128)) - SCM in safe mode. Healthy pipelines reported count is 0, required healthy pipeline reported count is 1
2021-02-20 01:29:19,180 [EventQueue-PipelineReportForOneReplicaPipelineSafeModeRule] INFO  safemode.SCMSafeModeManager (SCMSafeModeManager.java:validateSafeModeExitRules(214)) - AtleastOneDatanodeReportedRule rule is successfully validated
2021-02-20 01:29:19,398 [EventQueue-PipelineReportForOneReplicaPipelineSafeModeRule] INFO  safemode.SCMSafeModeManager (SCMSafeModeManager.java:validateSafeModeExitRules(214)) - AtleastOneDatanodeReportedRule rule is successfully validated
2021-02-20 01:29:19,398 [EventQueue-OpenPipelineForHealthyPipelineSafeModeRule] INFO  safemode.SCMSafeModeManager (HealthyPipelineSafeModeRule.java:process(128)) - SCM in safe mode. Healthy pipelines reported count is 0, required healthy pipeline reported count is 1
2021-02-20 01:29:19,446 [Listener at 127.0.0.1/45247] INFO  ozone.MiniOzoneClusterImpl (MiniOzoneClusterImpl.java:lambda$waitForClusterToBeReady$0(187)) - Nodes are ready. Got 3 of 3 DN Heartbeats.
2021-02-20 01:29:19,446 [Listener at 127.0.0.1/45247] INFO  ozone.MiniOzoneClusterImpl (MiniOzoneClusterImpl.java:lambda$waitForClusterToBeReady$0(190)) - Waiting for cluster to exit safe mode
2021-02-20 01:29:19,711 [EventQueue-OpenPipelineForHealthyPipelineSafeModeRule] INFO  safemode.SCMSafeModeManager (HealthyPipelineSafeModeRule.java:process(128)) - SCM in safe mode. Healthy pipelines reported count is 0, required healthy pipeline reported count is 1
2021-02-20 01:29:19,711 [EventQueue-PipelineReportForOneReplicaPipelineSafeModeRule] INFO  safemode.SCMSafeModeManager (SCMSafeModeManager.java:validateSafeModeExitRules(214)) - AtleastOneDatanodeReportedRule rule is successfully validated
2021-02-20 01:29:20,180 [EventQueue-OpenPipelineForHealthyPipelineSafeModeRule] INFO  safemode.SCMSafeModeManager (HealthyPipelineSafeModeRule.java:process(128)) - SCM in safe mode. Healthy pipelines reported count is 0, required healthy pipeline reported count is 1
2021-02-20 01:29:20,180 [EventQueue-PipelineReportForOneReplicaPipelineSafeModeRule] INFO  safemode.SCMSafeModeManager (SCMSafeModeManager.java:validateSafeModeExitRules(214)) - AtleastOneDatanodeReportedRule rule is successfully validated
2021-02-20 01:29:20,399 [EventQueue-OpenPipelineForHealthyPipelineSafeModeRule] INFO  safemode.SCMSafeModeManager (HealthyPipelineSafeModeRule.java:process(128)) - SCM in safe mode. Healthy pipelines reported count is 0, required healthy pipeline reported count is 1
2021-02-20 01:29:20,400 [EventQueue-PipelineReportForOneReplicaPipelineSafeModeRule] INFO  safemode.SCMSafeModeManager (SCMSafeModeManager.java:validateSafeModeExitRules(214)) - AtleastOneDatanodeReportedRule rule is successfully validated
2021-02-20 01:29:20,447 [Listener at 127.0.0.1/45247] INFO  ozone.MiniOzoneClusterImpl (MiniOzoneClusterImpl.java:lambda$waitForClusterToBeReady$0(187)) - Nodes are ready. Got 3 of 3 DN Heartbeats.
2021-02-20 01:29:20,447 [Listener at 127.0.0.1/45247] INFO  ozone.MiniOzoneClusterImpl (MiniOzoneClusterImpl.java:lambda$waitForClusterToBeReady$0(190)) - Waiting for cluster to exit safe mode
2021-02-20 01:29:20,712 [EventQueue-PipelineReportForOneReplicaPipelineSafeModeRule] INFO  safemode.SCMSafeModeManager (SCMSafeModeManager.java:validateSafeModeExitRules(214)) - AtleastOneDatanodeReportedRule rule is successfully validated
2021-02-20 01:29:20,712 [EventQueue-OpenPipelineForHealthyPipelineSafeModeRule] INFO  safemode.SCMSafeModeManager (HealthyPipelineSafeModeRule.java:process(128)) - SCM in safe mode. Healthy pipelines reported count is 0, required healthy pipeline reported count is 1
2021-02-20 01:29:21,180 [EventQueue-PipelineReportForOneReplicaPipelineSafeModeRule] INFO  safemode.SCMSafeModeManager (SCMSafeModeManager.java:validateSafeModeExitRules(214)) - AtleastOneDatanodeReportedRule rule is successfully validated
2021-02-20 01:29:21,181 [EventQueue-OpenPipelineForHealthyPipelineSafeModeRule] INFO  safemode.SCMSafeModeManager (HealthyPipelineSafeModeRule.java:process(128)) - SCM in safe mode. Healthy pipelines reported count is 0, required healthy pipeline reported count is 1
2021-02-20 01:29:21,400 [EventQueue-OpenPipelineForHealthyPipelineSafeModeRule] INFO  safemode.SCMSafeModeManager (HealthyPipelineSafeModeRule.java:process(128)) - SCM in safe mode. Healthy pipelines reported count is 0, required healthy pipeline reported count is 1
2021-02-20 01:29:21,401 [EventQueue-PipelineReportForOneReplicaPipelineSafeModeRule] INFO  safemode.SCMSafeModeManager (SCMSafeModeManager.java:validateSafeModeExitRules(214)) - AtleastOneDatanodeReportedRule rule is successfully validated
2021-02-20 01:29:21,447 [Listener at 127.0.0.1/45247] INFO  ozone.MiniOzoneClusterImpl (MiniOzoneClusterImpl.java:lambda$waitForClusterToBeReady$0(187)) - Nodes are ready. Got 3 of 3 DN Heartbeats.
2021-02-20 01:29:21,447 [Listener at 127.0.0.1/45247] INFO  ozone.MiniOzoneClusterImpl (MiniOzoneClusterImpl.java:lambda$waitForClusterToBeReady$0(190)) - Waiting for cluster to exit safe mode
2021-02-20 01:29:21,712 [EventQueue-OpenPipelineForHealthyPipelineSafeModeRule] INFO  safemode.SCMSafeModeManager (HealthyPipelineSafeModeRule.java:process(128)) - SCM in safe mode. Healthy pipelines reported count is 0, required healthy pipeline reported count is 1
2021-02-20 01:29:21,712 [EventQueue-PipelineReportForOneReplicaPipelineSafeModeRule] INFO  safemode.SCMSafeModeManager (SCMSafeModeManager.java:validateSafeModeExitRules(214)) - AtleastOneDatanodeReportedRule rule is successfully validated
2021-02-20 01:29:22,180 [EventQueue-OpenPipelineForHealthyPipelineSafeModeRule] INFO  safemode.SCMSafeModeManager (HealthyPipelineSafeModeRule.java:process(128)) - SCM in safe mode. Healthy pipelines reported count is 0, required healthy pipeline reported count is 1
2021-02-20 01:29:22,180 [EventQueue-PipelineReportForOneReplicaPipelineSafeModeRule] INFO  safemode.SCMSafeModeManager (SCMSafeModeManager.java:validateSafeModeExitRules(214)) - AtleastOneDatanodeReportedRule rule is successfully validated
2021-02-20 01:29:22,400 [EventQueue-OpenPipelineForHealthyPipelineSafeModeRule] INFO  safemode.SCMSafeModeManager (HealthyPipelineSafeModeRule.java:process(128)) - SCM in safe mode. Healthy pipelines reported count is 0, required healthy pipeline reported count is 1
2021-02-20 01:29:22,400 [EventQueue-PipelineReportForOneReplicaPipelineSafeModeRule] INFO  safemode.SCMSafeModeManager (SCMSafeModeManager.java:validateSafeModeExitRules(214)) - AtleastOneDatanodeReportedRule rule is successfully validated
2021-02-20 01:29:22,448 [Listener at 127.0.0.1/45247] INFO  ozone.MiniOzoneClusterImpl (MiniOzoneClusterImpl.java:lambda$waitForClusterToBeReady$0(187)) - Nodes are ready. Got 3 of 3 DN Heartbeats.
2021-02-20 01:29:22,448 [Listener at 127.0.0.1/45247] INFO  ozone.MiniOzoneClusterImpl (MiniOzoneClusterImpl.java:lambda$waitForClusterToBeReady$0(190)) - Waiting for cluster to exit safe mode
2021-02-20 01:29:22,712 [EventQueue-PipelineReportForOneReplicaPipelineSafeModeRule] INFO  safemode.SCMSafeModeManager (SCMSafeModeManager.java:validateSafeModeExitRules(214)) - AtleastOneDatanodeReportedRule rule is successfully validated
2021-02-20 01:29:22,712 [EventQueue-OpenPipelineForHealthyPipelineSafeModeRule] INFO  safemode.SCMSafeModeManager (HealthyPipelineSafeModeRule.java:process(128)) - SCM in safe mode. Healthy pipelines reported count is 0, required healthy pipeline reported count is 1
2021-02-20 01:29:23,180 [EventQueue-OpenPipelineForHealthyPipelineSafeModeRule] INFO  safemode.SCMSafeModeManager (HealthyPipelineSafeModeRule.java:process(128)) - SCM in safe mode. Healthy pipelines reported count is 0, required healthy pipeline reported count is 1
2021-02-20 01:29:23,180 [EventQueue-PipelineReportForOneReplicaPipelineSafeModeRule] INFO  safemode.SCMSafeModeManager (SCMSafeModeManager.java:validateSafeModeExitRules(214)) - AtleastOneDatanodeReportedRule rule is successfully validated
2021-02-20 01:29:23,400 [EventQueue-OpenPipelineForHealthyPipelineSafeModeRule] INFO  safemode.SCMSafeModeManager (HealthyPipelineSafeModeRule.java:process(128)) - SCM in safe mode. Healthy pipelines reported count is 0, required healthy pipeline reported count is 1
2021-02-20 01:29:23,400 [EventQueue-PipelineReportForOneReplicaPipelineSafeModeRule] INFO  safemode.SCMSafeModeManager (SCMSafeModeManager.java:validateSafeModeExitRules(214)) - AtleastOneDatanodeReportedRule rule is successfully validated
2021-02-20 01:29:23,448 [Listener at 127.0.0.1/45247] INFO  ozone.MiniOzoneClusterImpl (MiniOzoneClusterImpl.java:lambda$waitForClusterToBeReady$0(187)) - Nodes are ready. Got 3 of 3 DN Heartbeats.
2021-02-20 01:29:23,448 [Listener at 127.0.0.1/45247] INFO  ozone.MiniOzoneClusterImpl (MiniOzoneClusterImpl.java:lambda$waitForClusterToBeReady$0(190)) - Waiting for cluster to exit safe mode
2021-02-20 01:29:23,712 [EventQueue-PipelineReportForOneReplicaPipelineSafeModeRule] INFO  safemode.SCMSafeModeManager (SCMSafeModeManager.java:validateSafeModeExitRules(214)) - AtleastOneDatanodeReportedRule rule is successfully validated
2021-02-20 01:29:23,712 [EventQueue-OpenPipelineForHealthyPipelineSafeModeRule] INFO  safemode.SCMSafeModeManager (HealthyPipelineSafeModeRule.java:process(128)) - SCM in safe mode. Healthy pipelines reported count is 0, required healthy pipeline reported count is 1
2021-02-20 01:29:24,036 [Thread-414] INFO  impl.FollowerState (FollowerState.java:run(133)) - f236ad39-c3c5-4538-b46e-e838d72f44b7@group-F71E5E32EC8E-FollowerState: change to CANDIDATE, lastRpcElapsedTime:5049940925ns, electionTimeout:5045ms
2021-02-20 01:29:24,036 [Thread-414] INFO  impl.RoleInfo (RoleInfo.java:shutdownFollowerState(108)) - f236ad39-c3c5-4538-b46e-e838d72f44b7: shutdown f236ad39-c3c5-4538-b46e-e838d72f44b7@group-F71E5E32EC8E-FollowerState
2021-02-20 01:29:24,036 [Thread-414] INFO  server.RaftServer$Division (RaftServerImpl.java:setRole(284)) - f236ad39-c3c5-4538-b46e-e838d72f44b7@group-F71E5E32EC8E: changes role from  FOLLOWER to CANDIDATE at term 7 for changeToCandidate
2021-02-20 01:29:24,036 [Thread-414] INFO  server.RaftServerConfigKeys (ConfUtils.java:logGet(44)) - raft.server.leaderelection.pre-vote = false (custom)
2021-02-20 01:29:24,036 [Thread-414] INFO  impl.RoleInfo (RoleInfo.java:updateAndGet(130)) - f236ad39-c3c5-4538-b46e-e838d72f44b7: start f236ad39-c3c5-4538-b46e-e838d72f44b7@group-F71E5E32EC8E-LeaderElection16
2021-02-20 01:29:24,039 [f236ad39-c3c5-4538-b46e-e838d72f44b7@group-F71E5E32EC8E-LeaderElection16] INFO  impl.LeaderElection (LeaderElection.java:askForVotes(307)) - f236ad39-c3c5-4538-b46e-e838d72f44b7@group-F71E5E32EC8E-LeaderElection16 ELECTION round 0: submit vote requests at term 8 for -1: [f236ad39-c3c5-4538-b46e-e838d72f44b7|rpc:172.17.0.2:34705|priority:0, 2d8cb092-44a7-42fa-93c6-2025e443f331|rpc:172.17.0.2:38321|priority:1, 06e7b775-0a7d-45dc-8705-eb1795cf2a4d|rpc:172.17.0.2:42403|priority:0], old=null
2021-02-20 01:29:24,062 [Thread-413] INFO  impl.FollowerState (FollowerState.java:run(133)) - 2d8cb092-44a7-42fa-93c6-2025e443f331@group-F71E5E32EC8E-FollowerState: change to CANDIDATE, lastRpcElapsedTime:5084912430ns, electionTimeout:5060ms
2021-02-20 01:29:24,063 [Thread-413] INFO  impl.RoleInfo (RoleInfo.java:shutdownFollowerState(108)) - 2d8cb092-44a7-42fa-93c6-2025e443f331: shutdown 2d8cb092-44a7-42fa-93c6-2025e443f331@group-F71E5E32EC8E-FollowerState
2021-02-20 01:29:24,063 [Thread-413] INFO  server.RaftServer$Division (RaftServerImpl.java:setRole(284)) - 2d8cb092-44a7-42fa-93c6-2025e443f331@group-F71E5E32EC8E: changes role from  FOLLOWER to CANDIDATE at term 7 for changeToCandidate
2021-02-20 01:29:24,063 [Thread-413] INFO  server.RaftServerConfigKeys (ConfUtils.java:logGet(44)) - raft.server.leaderelection.pre-vote = false (custom)
2021-02-20 01:29:24,063 [Thread-413] INFO  impl.RoleInfo (RoleInfo.java:updateAndGet(130)) - 2d8cb092-44a7-42fa-93c6-2025e443f331: start 2d8cb092-44a7-42fa-93c6-2025e443f331@group-F71E5E32EC8E-LeaderElection17
2021-02-20 01:29:24,067 [grpc-default-executor-2] INFO  server.RaftServer$Division (RaftServerImpl.java:requestVote(1025)) - 06e7b775-0a7d-45dc-8705-eb1795cf2a4d@group-F71E5E32EC8E: receive requestVote(ELECTION, f236ad39-c3c5-4538-b46e-e838d72f44b7, group-F71E5E32EC8E, 8, (t:0, i:0))
2021-02-20 01:29:24,068 [grpc-default-executor-2] INFO  impl.VoteContext (VoteContext.java:log(48)) - 06e7b775-0a7d-45dc-8705-eb1795cf2a4d@group-F71E5E32EC8E-FOLLOWER: accept ELECTION from f236ad39-c3c5-4538-b46e-e838d72f44b7: our priority 0 <= candidate's priority 0
2021-02-20 01:29:24,068 [grpc-default-executor-2] INFO  server.RaftServer$Division (RaftServerImpl.java:setRole(284)) - 06e7b775-0a7d-45dc-8705-eb1795cf2a4d@group-F71E5E32EC8E: changes role from  FOLLOWER to FOLLOWER at term 8 for candidate:f236ad39-c3c5-4538-b46e-e838d72f44b7
2021-02-20 01:29:24,068 [grpc-default-executor-2] INFO  impl.RoleInfo (RoleInfo.java:shutdownFollowerState(108)) - 06e7b775-0a7d-45dc-8705-eb1795cf2a4d: shutdown 06e7b775-0a7d-45dc-8705-eb1795cf2a4d@group-F71E5E32EC8E-FollowerState
2021-02-20 01:29:24,068 [grpc-default-executor-2] INFO  impl.RoleInfo (RoleInfo.java:updateAndGet(130)) - 06e7b775-0a7d-45dc-8705-eb1795cf2a4d: start 06e7b775-0a7d-45dc-8705-eb1795cf2a4d@group-F71E5E32EC8E-FollowerState
2021-02-20 01:29:24,067 [grpc-default-executor-3] INFO  server.RaftServer$Division (RaftServerImpl.java:requestVote(1025)) - 2d8cb092-44a7-42fa-93c6-2025e443f331@group-F71E5E32EC8E: receive requestVote(ELECTION, f236ad39-c3c5-4538-b46e-e838d72f44b7, group-F71E5E32EC8E, 8, (t:0, i:0))
2021-02-20 01:29:24,069 [Thread-412] INFO  impl.FollowerState (FollowerState.java:run(142)) - 06e7b775-0a7d-45dc-8705-eb1795cf2a4d@group-F71E5E32EC8E-FollowerState was interrupted: {}
java.lang.InterruptedException: sleep interrupted
	at java.lang.Thread.sleep(Native Method)
	at java.lang.Thread.sleep(Thread.java:340)
	at java.util.concurrent.TimeUnit.sleep(TimeUnit.java:386)
	at org.apache.ratis.util.TimeDuration.sleep(TimeDuration.java:324)
	at org.apache.ratis.util.TimeDuration.sleep(TimeDuration.java:309)
	at org.apache.ratis.server.impl.FollowerState.run(FollowerState.java:117)
2021-02-20 01:29:24,070 [grpc-default-executor-2] INFO  server.RaftServer$Division (RaftServerImpl.java:requestVote(1057)) - 06e7b775-0a7d-45dc-8705-eb1795cf2a4d@group-F71E5E32EC8E replies to ELECTION vote request: f236ad39-c3c5-4538-b46e-e838d72f44b7<-06e7b775-0a7d-45dc-8705-eb1795cf2a4d#0:OK-t8. Peer's state: 06e7b775-0a7d-45dc-8705-eb1795cf2a4d@group-F71E5E32EC8E:t8, leader=null, voted=f236ad39-c3c5-4538-b46e-e838d72f44b7, raftlog=06e7b775-0a7d-45dc-8705-eb1795cf2a4d@group-F71E5E32EC8E-SegmentedRaftLog:OPENED:c-1,f-1,i0, conf=-1: [f236ad39-c3c5-4538-b46e-e838d72f44b7|rpc:172.17.0.2:34705|priority:0, 2d8cb092-44a7-42fa-93c6-2025e443f331|rpc:172.17.0.2:38321|priority:1, 06e7b775-0a7d-45dc-8705-eb1795cf2a4d|rpc:172.17.0.2:42403|priority:0], old=null
2021-02-20 01:29:24,074 [grpc-default-executor-3] INFO  impl.VoteContext (VoteContext.java:log(48)) - 2d8cb092-44a7-42fa-93c6-2025e443f331@group-F71E5E32EC8E-CANDIDATE: reject ELECTION from f236ad39-c3c5-4538-b46e-e838d72f44b7: already has voted for 2d8cb092-44a7-42fa-93c6-2025e443f331 at current term 8
2021-02-20 01:29:24,074 [grpc-default-executor-3] INFO  server.RaftServer$Division (RaftServerImpl.java:requestVote(1057)) - 2d8cb092-44a7-42fa-93c6-2025e443f331@group-F71E5E32EC8E replies to ELECTION vote request: f236ad39-c3c5-4538-b46e-e838d72f44b7<-2d8cb092-44a7-42fa-93c6-2025e443f331#0:FAIL-t8. Peer's state: 2d8cb092-44a7-42fa-93c6-2025e443f331@group-F71E5E32EC8E:t8, leader=null, voted=2d8cb092-44a7-42fa-93c6-2025e443f331, raftlog=2d8cb092-44a7-42fa-93c6-2025e443f331@group-F71E5E32EC8E-SegmentedRaftLog:OPENED:c-1,f-1,i0, conf=-1: [f236ad39-c3c5-4538-b46e-e838d72f44b7|rpc:172.17.0.2:34705|priority:0, 2d8cb092-44a7-42fa-93c6-2025e443f331|rpc:172.17.0.2:38321|priority:1, 06e7b775-0a7d-45dc-8705-eb1795cf2a4d|rpc:172.17.0.2:42403|priority:0], old=null
2021-02-20 01:29:24,076 [2d8cb092-44a7-42fa-93c6-2025e443f331@group-F71E5E32EC8E-LeaderElection17] INFO  impl.LeaderElection (LeaderElection.java:askForVotes(307)) - 2d8cb092-44a7-42fa-93c6-2025e443f331@group-F71E5E32EC8E-LeaderElection17 ELECTION round 0: submit vote requests at term 8 for -1: [f236ad39-c3c5-4538-b46e-e838d72f44b7|rpc:172.17.0.2:34705|priority:0, 2d8cb092-44a7-42fa-93c6-2025e443f331|rpc:172.17.0.2:38321|priority:1, 06e7b775-0a7d-45dc-8705-eb1795cf2a4d|rpc:172.17.0.2:42403|priority:0], old=null
2021-02-20 01:29:24,076 [f236ad39-c3c5-4538-b46e-e838d72f44b7@group-F71E5E32EC8E-LeaderElection16] INFO  impl.LeaderElection (LeaderElection.java:logAndReturn(89)) - f236ad39-c3c5-4538-b46e-e838d72f44b7@group-F71E5E32EC8E-LeaderElection16: ELECTION REJECTED received 2 response(s) and 0 exception(s):
2021-02-20 01:29:24,082 [f236ad39-c3c5-4538-b46e-e838d72f44b7@group-F71E5E32EC8E-LeaderElection16] INFO  impl.LeaderElection (LeaderElection.java:logAndReturn(93)) -   Response 0: f236ad39-c3c5-4538-b46e-e838d72f44b7<-2d8cb092-44a7-42fa-93c6-2025e443f331#0:FAIL-t8
2021-02-20 01:29:24,082 [f236ad39-c3c5-4538-b46e-e838d72f44b7@group-F71E5E32EC8E-LeaderElection16] INFO  impl.LeaderElection (LeaderElection.java:logAndReturn(93)) -   Response 1: f236ad39-c3c5-4538-b46e-e838d72f44b7<-06e7b775-0a7d-45dc-8705-eb1795cf2a4d#0:OK-t8
2021-02-20 01:29:24,082 [f236ad39-c3c5-4538-b46e-e838d72f44b7@group-F71E5E32EC8E-LeaderElection16] INFO  impl.LeaderElection (LeaderElection.java:askForVotes(309)) - f236ad39-c3c5-4538-b46e-e838d72f44b7@group-F71E5E32EC8E-LeaderElection16 ELECTION round 0: result REJECTED
2021-02-20 01:29:24,082 [f236ad39-c3c5-4538-b46e-e838d72f44b7@group-F71E5E32EC8E-LeaderElection16] INFO  server.RaftServer$Division (RaftServerImpl.java:setRole(284)) - f236ad39-c3c5-4538-b46e-e838d72f44b7@group-F71E5E32EC8E: changes role from CANDIDATE to FOLLOWER at term 8 for REJECTED
2021-02-20 01:29:24,082 [f236ad39-c3c5-4538-b46e-e838d72f44b7@group-F71E5E32EC8E-LeaderElection16] INFO  impl.RoleInfo (RoleInfo.java:shutdownLeaderElection(121)) - f236ad39-c3c5-4538-b46e-e838d72f44b7: shutdown f236ad39-c3c5-4538-b46e-e838d72f44b7@group-F71E5E32EC8E-LeaderElection16
2021-02-20 01:29:24,082 [f236ad39-c3c5-4538-b46e-e838d72f44b7@group-F71E5E32EC8E-LeaderElection16] INFO  impl.RoleInfo (RoleInfo.java:updateAndGet(130)) - f236ad39-c3c5-4538-b46e-e838d72f44b7: start f236ad39-c3c5-4538-b46e-e838d72f44b7@group-F71E5E32EC8E-FollowerState
2021-02-20 01:29:24,082 [grpc-default-executor-3] INFO  server.RaftServer$Division (RaftServerImpl.java:requestVote(1025)) - f236ad39-c3c5-4538-b46e-e838d72f44b7@group-F71E5E32EC8E: receive requestVote(ELECTION, 2d8cb092-44a7-42fa-93c6-2025e443f331, group-F71E5E32EC8E, 8, (t:0, i:0))
2021-02-20 01:29:24,091 [grpc-default-executor-3] INFO  impl.VoteContext (VoteContext.java:log(48)) - f236ad39-c3c5-4538-b46e-e838d72f44b7@group-F71E5E32EC8E-FOLLOWER: reject ELECTION from 2d8cb092-44a7-42fa-93c6-2025e443f331: already has voted for f236ad39-c3c5-4538-b46e-e838d72f44b7 at current term 8
2021-02-20 01:29:24,091 [grpc-default-executor-3] INFO  server.RaftServer$Division (RaftServerImpl.java:requestVote(1057)) - f236ad39-c3c5-4538-b46e-e838d72f44b7@group-F71E5E32EC8E replies to ELECTION vote request: 2d8cb092-44a7-42fa-93c6-2025e443f331<-f236ad39-c3c5-4538-b46e-e838d72f44b7#0:FAIL-t8. Peer's state: f236ad39-c3c5-4538-b46e-e838d72f44b7@group-F71E5E32EC8E:t8, leader=null, voted=f236ad39-c3c5-4538-b46e-e838d72f44b7, raftlog=f236ad39-c3c5-4538-b46e-e838d72f44b7@group-F71E5E32EC8E-SegmentedRaftLog:OPENED:c-1,f-1,i0, conf=-1: [f236ad39-c3c5-4538-b46e-e838d72f44b7|rpc:172.17.0.2:34705|priority:0, 2d8cb092-44a7-42fa-93c6-2025e443f331|rpc:172.17.0.2:38321|priority:1, 06e7b775-0a7d-45dc-8705-eb1795cf2a4d|rpc:172.17.0.2:42403|priority:0], old=null
2021-02-20 01:29:24,097 [grpc-default-executor-3] INFO  server.RaftServer$Division (RaftServerImpl.java:requestVote(1025)) - 06e7b775-0a7d-45dc-8705-eb1795cf2a4d@group-F71E5E32EC8E: receive requestVote(ELECTION, 2d8cb092-44a7-42fa-93c6-2025e443f331, group-F71E5E32EC8E, 8, (t:0, i:0))
2021-02-20 01:29:24,097 [grpc-default-executor-3] INFO  impl.VoteContext (VoteContext.java:log(48)) - 06e7b775-0a7d-45dc-8705-eb1795cf2a4d@group-F71E5E32EC8E-FOLLOWER: reject ELECTION from 2d8cb092-44a7-42fa-93c6-2025e443f331: already has voted for f236ad39-c3c5-4538-b46e-e838d72f44b7 at current term 8
2021-02-20 01:29:24,098 [grpc-default-executor-3] INFO  server.RaftServer$Division (RaftServerImpl.java:requestVote(1057)) - 06e7b775-0a7d-45dc-8705-eb1795cf2a4d@group-F71E5E32EC8E replies to ELECTION vote request: 2d8cb092-44a7-42fa-93c6-2025e443f331<-06e7b775-0a7d-45dc-8705-eb1795cf2a4d#0:FAIL-t8. Peer's state: 06e7b775-0a7d-45dc-8705-eb1795cf2a4d@group-F71E5E32EC8E:t8, leader=null, voted=f236ad39-c3c5-4538-b46e-e838d72f44b7, raftlog=06e7b775-0a7d-45dc-8705-eb1795cf2a4d@group-F71E5E32EC8E-SegmentedRaftLog:OPENED:c-1,f-1,i0, conf=-1: [f236ad39-c3c5-4538-b46e-e838d72f44b7|rpc:172.17.0.2:34705|priority:0, 2d8cb092-44a7-42fa-93c6-2025e443f331|rpc:172.17.0.2:38321|priority:1, 06e7b775-0a7d-45dc-8705-eb1795cf2a4d|rpc:172.17.0.2:42403|priority:0], old=null
2021-02-20 01:29:24,101 [2d8cb092-44a7-42fa-93c6-2025e443f331@group-F71E5E32EC8E-LeaderElection17] INFO  impl.LeaderElection (LeaderElection.java:logAndReturn(89)) - 2d8cb092-44a7-42fa-93c6-2025e443f331@group-F71E5E32EC8E-LeaderElection17: ELECTION REJECTED received 2 response(s) and 0 exception(s):
2021-02-20 01:29:24,101 [2d8cb092-44a7-42fa-93c6-2025e443f331@group-F71E5E32EC8E-LeaderElection17] INFO  impl.LeaderElection (LeaderElection.java:logAndReturn(93)) -   Response 0: 2d8cb092-44a7-42fa-93c6-2025e443f331<-f236ad39-c3c5-4538-b46e-e838d72f44b7#0:FAIL-t8
2021-02-20 01:29:24,101 [2d8cb092-44a7-42fa-93c6-2025e443f331@group-F71E5E32EC8E-LeaderElection17] INFO  impl.LeaderElection (LeaderElection.java:logAndReturn(93)) -   Response 1: 2d8cb092-44a7-42fa-93c6-2025e443f331<-06e7b775-0a7d-45dc-8705-eb1795cf2a4d#0:FAIL-t8
2021-02-20 01:29:24,102 [2d8cb092-44a7-42fa-93c6-2025e443f331@group-F71E5E32EC8E-LeaderElection17] INFO  impl.LeaderElection (LeaderElection.java:askForVotes(309)) - 2d8cb092-44a7-42fa-93c6-2025e443f331@group-F71E5E32EC8E-LeaderElection17 ELECTION round 0: result REJECTED
2021-02-20 01:29:24,102 [2d8cb092-44a7-42fa-93c6-2025e443f331@group-F71E5E32EC8E-LeaderElection17] INFO  server.RaftServer$Division (RaftServerImpl.java:setRole(284)) - 2d8cb092-44a7-42fa-93c6-2025e443f331@group-F71E5E32EC8E: changes role from CANDIDATE to FOLLOWER at term 8 for REJECTED
2021-02-20 01:29:24,102 [2d8cb092-44a7-42fa-93c6-2025e443f331@group-F71E5E32EC8E-LeaderElection17] INFO  impl.RoleInfo (RoleInfo.java:shutdownLeaderElection(121)) - 2d8cb092-44a7-42fa-93c6-2025e443f331: shutdown 2d8cb092-44a7-42fa-93c6-2025e443f331@group-F71E5E32EC8E-LeaderElection17
2021-02-20 01:29:24,102 [2d8cb092-44a7-42fa-93c6-2025e443f331@group-F71E5E32EC8E-LeaderElection17] INFO  impl.RoleInfo (RoleInfo.java:updateAndGet(130)) - 2d8cb092-44a7-42fa-93c6-2025e443f331: start 2d8cb092-44a7-42fa-93c6-2025e443f331@group-F71E5E32EC8E-FollowerState
2021-02-20 01:29:24,180 [EventQueue-OpenPipelineForHealthyPipelineSafeModeRule] INFO  safemode.SCMSafeModeManager (HealthyPipelineSafeModeRule.java:process(128)) - SCM in safe mode. Healthy pipelines reported count is 0, required healthy pipeline reported count is 1
2021-02-20 01:29:24,180 [EventQueue-PipelineReportForOneReplicaPipelineSafeModeRule] INFO  safemode.SCMSafeModeManager (SCMSafeModeManager.java:validateSafeModeExitRules(214)) - AtleastOneDatanodeReportedRule rule is successfully validated
2021-02-20 01:29:24,399 [EventQueue-PipelineReportForOneReplicaPipelineSafeModeRule] INFO  safemode.SCMSafeModeManager (SCMSafeModeManager.java:validateSafeModeExitRules(214)) - AtleastOneDatanodeReportedRule rule is successfully validated
2021-02-20 01:29:24,399 [EventQueue-OpenPipelineForHealthyPipelineSafeModeRule] INFO  safemode.SCMSafeModeManager (HealthyPipelineSafeModeRule.java:process(128)) - SCM in safe mode. Healthy pipelines reported count is 0, required healthy pipeline reported count is 1
2021-02-20 01:29:24,449 [Listener at 127.0.0.1/45247] INFO  ozone.MiniOzoneClusterImpl (MiniOzoneClusterImpl.java:lambda$waitForClusterToBeReady$0(187)) - Nodes are ready. Got 3 of 3 DN Heartbeats.
2021-02-20 01:29:24,449 [Listener at 127.0.0.1/45247] INFO  ozone.MiniOzoneClusterImpl (MiniOzoneClusterImpl.java:lambda$waitForClusterToBeReady$0(190)) - Waiting for cluster to exit safe mode
2021-02-20 01:29:24,711 [EventQueue-OpenPipelineForHealthyPipelineSafeModeRule] INFO  safemode.SCMSafeModeManager (HealthyPipelineSafeModeRule.java:process(128)) - SCM in safe mode. Healthy pipelines reported count is 0, required healthy pipeline reported count is 1
2021-02-20 01:29:24,712 [EventQueue-PipelineReportForOneReplicaPipelineSafeModeRule] INFO  safemode.SCMSafeModeManager (SCMSafeModeManager.java:validateSafeModeExitRules(214)) - AtleastOneDatanodeReportedRule rule is successfully validated
2021-02-20 01:29:25,180 [EventQueue-PipelineReportForOneReplicaPipelineSafeModeRule] INFO  safemode.SCMSafeModeManager (SCMSafeModeManager.java:validateSafeModeExitRules(214)) - AtleastOneDatanodeReportedRule rule is successfully validated
2021-02-20 01:29:25,180 [EventQueue-OpenPipelineForHealthyPipelineSafeModeRule] INFO  safemode.SCMSafeModeManager (HealthyPipelineSafeModeRule.java:process(128)) - SCM in safe mode. Healthy pipelines reported count is 0, required healthy pipeline reported count is 1
2021-02-20 01:29:25,400 [EventQueue-PipelineReportForOneReplicaPipelineSafeModeRule] INFO  safemode.SCMSafeModeManager (SCMSafeModeManager.java:validateSafeModeExitRules(214)) - AtleastOneDatanodeReportedRule rule is successfully validated
2021-02-20 01:29:25,400 [EventQueue-OpenPipelineForHealthyPipelineSafeModeRule] INFO  safemode.SCMSafeModeManager (HealthyPipelineSafeModeRule.java:process(128)) - SCM in safe mode. Healthy pipelines reported count is 0, required healthy pipeline reported count is 1
2021-02-20 01:29:25,449 [Listener at 127.0.0.1/45247] INFO  ozone.MiniOzoneClusterImpl (MiniOzoneClusterImpl.java:lambda$waitForClusterToBeReady$0(187)) - Nodes are ready. Got 3 of 3 DN Heartbeats.
2021-02-20 01:29:25,450 [Listener at 127.0.0.1/45247] INFO  ozone.MiniOzoneClusterImpl (MiniOzoneClusterImpl.java:lambda$waitForClusterToBeReady$0(190)) - Waiting for cluster to exit safe mode
2021-02-20 01:29:25,712 [EventQueue-OpenPipelineForHealthyPipelineSafeModeRule] INFO  safemode.SCMSafeModeManager (HealthyPipelineSafeModeRule.java:process(128)) - SCM in safe mode. Healthy pipelines reported count is 0, required healthy pipeline reported count is 1
2021-02-20 01:29:25,712 [EventQueue-PipelineReportForOneReplicaPipelineSafeModeRule] INFO  safemode.SCMSafeModeManager (SCMSafeModeManager.java:validateSafeModeExitRules(214)) - AtleastOneDatanodeReportedRule rule is successfully validated
2021-02-20 01:29:26,180 [EventQueue-OpenPipelineForHealthyPipelineSafeModeRule] INFO  safemode.SCMSafeModeManager (HealthyPipelineSafeModeRule.java:process(128)) - SCM in safe mode. Healthy pipelines reported count is 0, required healthy pipeline reported count is 1
2021-02-20 01:29:26,180 [EventQueue-PipelineReportForOneReplicaPipelineSafeModeRule] INFO  safemode.SCMSafeModeManager (SCMSafeModeManager.java:validateSafeModeExitRules(214)) - AtleastOneDatanodeReportedRule rule is successfully validated
2021-02-20 01:29:26,399 [EventQueue-OpenPipelineForHealthyPipelineSafeModeRule] INFO  safemode.SCMSafeModeManager (HealthyPipelineSafeModeRule.java:process(128)) - SCM in safe mode. Healthy pipelines reported count is 0, required healthy pipeline reported count is 1
2021-02-20 01:29:26,399 [EventQueue-PipelineReportForOneReplicaPipelineSafeModeRule] INFO  safemode.SCMSafeModeManager (SCMSafeModeManager.java:validateSafeModeExitRules(214)) - AtleastOneDatanodeReportedRule rule is successfully validated
2021-02-20 01:29:26,450 [Listener at 127.0.0.1/45247] INFO  ozone.MiniOzoneClusterImpl (MiniOzoneClusterImpl.java:lambda$waitForClusterToBeReady$0(187)) - Nodes are ready. Got 3 of 3 DN Heartbeats.
2021-02-20 01:29:26,450 [Listener at 127.0.0.1/45247] INFO  ozone.MiniOzoneClusterImpl (MiniOzoneClusterImpl.java:lambda$waitForClusterToBeReady$0(190)) - Waiting for cluster to exit safe mode
2021-02-20 01:29:26,711 [EventQueue-PipelineReportForOneReplicaPipelineSafeModeRule] INFO  safemode.SCMSafeModeManager (SCMSafeModeManager.java:validateSafeModeExitRules(214)) - AtleastOneDatanodeReportedRule rule is successfully validated
2021-02-20 01:29:26,711 [EventQueue-OpenPipelineForHealthyPipelineSafeModeRule] INFO  safemode.SCMSafeModeManager (HealthyPipelineSafeModeRule.java:process(128)) - SCM in safe mode. Healthy pipelines reported count is 0, required healthy pipeline reported count is 1
2021-02-20 01:29:27,180 [EventQueue-OpenPipelineForHealthyPipelineSafeModeRule] INFO  safemode.SCMSafeModeManager (HealthyPipelineSafeModeRule.java:process(128)) - SCM in safe mode. Healthy pipelines reported count is 0, required healthy pipeline reported count is 1
2021-02-20 01:29:27,180 [EventQueue-PipelineReportForOneReplicaPipelineSafeModeRule] INFO  safemode.SCMSafeModeManager (SCMSafeModeManager.java:validateSafeModeExitRules(214)) - AtleastOneDatanodeReportedRule rule is successfully validated
2021-02-20 01:29:27,400 [EventQueue-PipelineReportForOneReplicaPipelineSafeModeRule] INFO  safemode.SCMSafeModeManager (SCMSafeModeManager.java:validateSafeModeExitRules(214)) - AtleastOneDatanodeReportedRule rule is successfully validated
2021-02-20 01:29:27,400 [EventQueue-OpenPipelineForHealthyPipelineSafeModeRule] INFO  safemode.SCMSafeModeManager (HealthyPipelineSafeModeRule.java:process(128)) - SCM in safe mode. Healthy pipelines reported count is 0, required healthy pipeline reported count is 1
2021-02-20 01:29:27,450 [Listener at 127.0.0.1/45247] INFO  ozone.MiniOzoneClusterImpl (MiniOzoneClusterImpl.java:lambda$waitForClusterToBeReady$0(187)) - Nodes are ready. Got 3 of 3 DN Heartbeats.
2021-02-20 01:29:27,451 [Listener at 127.0.0.1/45247] INFO  ozone.MiniOzoneClusterImpl (MiniOzoneClusterImpl.java:lambda$waitForClusterToBeReady$0(190)) - Waiting for cluster to exit safe mode
2021-02-20 01:29:27,713 [EventQueue-OpenPipelineForHealthyPipelineSafeModeRule] INFO  safemode.SCMSafeModeManager (HealthyPipelineSafeModeRule.java:process(128)) - SCM in safe mode. Healthy pipelines reported count is 0, required healthy pipeline reported count is 1
2021-02-20 01:29:27,713 [EventQueue-PipelineReportForOneReplicaPipelineSafeModeRule] INFO  safemode.SCMSafeModeManager (SCMSafeModeManager.java:validateSafeModeExitRules(214)) - AtleastOneDatanodeReportedRule rule is successfully validated
2021-02-20 01:29:28,180 [EventQueue-OpenPipelineForHealthyPipelineSafeModeRule] INFO  safemode.SCMSafeModeManager (HealthyPipelineSafeModeRule.java:process(128)) - SCM in safe mode. Healthy pipelines reported count is 0, required healthy pipeline reported count is 1
2021-02-20 01:29:28,180 [EventQueue-PipelineReportForOneReplicaPipelineSafeModeRule] INFO  safemode.SCMSafeModeManager (SCMSafeModeManager.java:validateSafeModeExitRules(214)) - AtleastOneDatanodeReportedRule rule is successfully validated
2021-02-20 01:29:28,400 [EventQueue-OpenPipelineForHealthyPipelineSafeModeRule] INFO  safemode.SCMSafeModeManager (HealthyPipelineSafeModeRule.java:process(128)) - SCM in safe mode. Healthy pipelines reported count is 0, required healthy pipeline reported count is 1
2021-02-20 01:29:28,400 [EventQueue-PipelineReportForOneReplicaPipelineSafeModeRule] INFO  safemode.SCMSafeModeManager (SCMSafeModeManager.java:validateSafeModeExitRules(214)) - AtleastOneDatanodeReportedRule rule is successfully validated
2021-02-20 01:29:28,451 [Listener at 127.0.0.1/45247] INFO  ozone.MiniOzoneClusterImpl (MiniOzoneClusterImpl.java:lambda$waitForClusterToBeReady$0(187)) - Nodes are ready. Got 3 of 3 DN Heartbeats.
2021-02-20 01:29:28,451 [Listener at 127.0.0.1/45247] INFO  ozone.MiniOzoneClusterImpl (MiniOzoneClusterImpl.java:lambda$waitForClusterToBeReady$0(190)) - Waiting for cluster to exit safe mode
2021-02-20 01:29:28,712 [EventQueue-OpenPipelineForHealthyPipelineSafeModeRule] INFO  safemode.SCMSafeModeManager (HealthyPipelineSafeModeRule.java:process(128)) - SCM in safe mode. Healthy pipelines reported count is 0, required healthy pipeline reported count is 1
2021-02-20 01:29:28,712 [EventQueue-PipelineReportForOneReplicaPipelineSafeModeRule] INFO  safemode.SCMSafeModeManager (SCMSafeModeManager.java:validateSafeModeExitRules(214)) - AtleastOneDatanodeReportedRule rule is successfully validated
2021-02-20 01:29:29,122 [Thread-422] INFO  impl.FollowerState (FollowerState.java:run(133)) - f236ad39-c3c5-4538-b46e-e838d72f44b7@group-F71E5E32EC8E-FollowerState: change to CANDIDATE, lastRpcElapsedTime:5039651850ns, electionTimeout:5031ms
2021-02-20 01:29:29,122 [Thread-422] INFO  impl.RoleInfo (RoleInfo.java:shutdownFollowerState(108)) - f236ad39-c3c5-4538-b46e-e838d72f44b7: shutdown f236ad39-c3c5-4538-b46e-e838d72f44b7@group-F71E5E32EC8E-FollowerState
2021-02-20 01:29:29,122 [Thread-422] INFO  server.RaftServer$Division (RaftServerImpl.java:setRole(284)) - f236ad39-c3c5-4538-b46e-e838d72f44b7@group-F71E5E32EC8E: changes role from  FOLLOWER to CANDIDATE at term 8 for changeToCandidate
2021-02-20 01:29:29,122 [Thread-422] INFO  server.RaftServerConfigKeys (ConfUtils.java:logGet(44)) - raft.server.leaderelection.pre-vote = false (custom)
2021-02-20 01:29:29,122 [Thread-422] INFO  impl.RoleInfo (RoleInfo.java:updateAndGet(130)) - f236ad39-c3c5-4538-b46e-e838d72f44b7: start f236ad39-c3c5-4538-b46e-e838d72f44b7@group-F71E5E32EC8E-LeaderElection18
2021-02-20 01:29:29,125 [f236ad39-c3c5-4538-b46e-e838d72f44b7@group-F71E5E32EC8E-LeaderElection18] INFO  impl.LeaderElection (LeaderElection.java:askForVotes(307)) - f236ad39-c3c5-4538-b46e-e838d72f44b7@group-F71E5E32EC8E-LeaderElection18 ELECTION round 0: submit vote requests at term 9 for -1: [f236ad39-c3c5-4538-b46e-e838d72f44b7|rpc:172.17.0.2:34705|priority:0, 2d8cb092-44a7-42fa-93c6-2025e443f331|rpc:172.17.0.2:38321|priority:1, 06e7b775-0a7d-45dc-8705-eb1795cf2a4d|rpc:172.17.0.2:42403|priority:0], old=null
2021-02-20 01:29:29,129 [grpc-default-executor-3] INFO  server.RaftServer$Division (RaftServerImpl.java:requestVote(1025)) - 06e7b775-0a7d-45dc-8705-eb1795cf2a4d@group-F71E5E32EC8E: receive requestVote(ELECTION, f236ad39-c3c5-4538-b46e-e838d72f44b7, group-F71E5E32EC8E, 9, (t:0, i:0))
2021-02-20 01:29:29,129 [grpc-default-executor-3] INFO  impl.VoteContext (VoteContext.java:log(48)) - 06e7b775-0a7d-45dc-8705-eb1795cf2a4d@group-F71E5E32EC8E-FOLLOWER: accept ELECTION from f236ad39-c3c5-4538-b46e-e838d72f44b7: our priority 0 <= candidate's priority 0
2021-02-20 01:29:29,129 [grpc-default-executor-3] INFO  server.RaftServer$Division (RaftServerImpl.java:setRole(284)) - 06e7b775-0a7d-45dc-8705-eb1795cf2a4d@group-F71E5E32EC8E: changes role from  FOLLOWER to FOLLOWER at term 9 for candidate:f236ad39-c3c5-4538-b46e-e838d72f44b7
2021-02-20 01:29:29,129 [grpc-default-executor-3] INFO  impl.RoleInfo (RoleInfo.java:shutdownFollowerState(108)) - 06e7b775-0a7d-45dc-8705-eb1795cf2a4d: shutdown 06e7b775-0a7d-45dc-8705-eb1795cf2a4d@group-F71E5E32EC8E-FollowerState
2021-02-20 01:29:29,129 [grpc-default-executor-3] INFO  impl.RoleInfo (RoleInfo.java:updateAndGet(130)) - 06e7b775-0a7d-45dc-8705-eb1795cf2a4d: start 06e7b775-0a7d-45dc-8705-eb1795cf2a4d@group-F71E5E32EC8E-FollowerState
2021-02-20 01:29:29,130 [Thread-419] INFO  impl.FollowerState (FollowerState.java:run(142)) - 06e7b775-0a7d-45dc-8705-eb1795cf2a4d@group-F71E5E32EC8E-FollowerState was interrupted: {}
java.lang.InterruptedException: sleep interrupted
	at java.lang.Thread.sleep(Native Method)
	at java.lang.Thread.sleep(Thread.java:340)
	at java.util.concurrent.TimeUnit.sleep(TimeUnit.java:386)
	at org.apache.ratis.util.TimeDuration.sleep(TimeDuration.java:324)
	at org.apache.ratis.util.TimeDuration.sleep(TimeDuration.java:309)
	at org.apache.ratis.server.impl.FollowerState.run(FollowerState.java:117)
2021-02-20 01:29:29,134 [grpc-default-executor-3] INFO  server.RaftServer$Division (RaftServerImpl.java:requestVote(1057)) - 06e7b775-0a7d-45dc-8705-eb1795cf2a4d@group-F71E5E32EC8E replies to ELECTION vote request: f236ad39-c3c5-4538-b46e-e838d72f44b7<-06e7b775-0a7d-45dc-8705-eb1795cf2a4d#0:OK-t9. Peer's state: 06e7b775-0a7d-45dc-8705-eb1795cf2a4d@group-F71E5E32EC8E:t9, leader=null, voted=f236ad39-c3c5-4538-b46e-e838d72f44b7, raftlog=06e7b775-0a7d-45dc-8705-eb1795cf2a4d@group-F71E5E32EC8E-SegmentedRaftLog:OPENED:c-1,f-1,i0, conf=-1: [f236ad39-c3c5-4538-b46e-e838d72f44b7|rpc:172.17.0.2:34705|priority:0, 2d8cb092-44a7-42fa-93c6-2025e443f331|rpc:172.17.0.2:38321|priority:1, 06e7b775-0a7d-45dc-8705-eb1795cf2a4d|rpc:172.17.0.2:42403|priority:0], old=null
2021-02-20 01:29:29,139 [grpc-default-executor-3] INFO  server.RaftServer$Division (RaftServerImpl.java:requestVote(1025)) - 2d8cb092-44a7-42fa-93c6-2025e443f331@group-F71E5E32EC8E: receive requestVote(ELECTION, f236ad39-c3c5-4538-b46e-e838d72f44b7, group-F71E5E32EC8E, 9, (t:0, i:0))
2021-02-20 01:29:29,139 [grpc-default-executor-3] INFO  impl.VoteContext (VoteContext.java:log(48)) - 2d8cb092-44a7-42fa-93c6-2025e443f331@group-F71E5E32EC8E-FOLLOWER: reject ELECTION from f236ad39-c3c5-4538-b46e-e838d72f44b7: our priority 1 > candidate's priority 0
2021-02-20 01:29:29,139 [grpc-default-executor-3] INFO  server.RaftServer$Division (RaftServerImpl.java:setRole(284)) - 2d8cb092-44a7-42fa-93c6-2025e443f331@group-F71E5E32EC8E: changes role from  FOLLOWER to FOLLOWER at term 9 for candidate:f236ad39-c3c5-4538-b46e-e838d72f44b7
2021-02-20 01:29:29,139 [grpc-default-executor-3] INFO  impl.RoleInfo (RoleInfo.java:shutdownFollowerState(108)) - 2d8cb092-44a7-42fa-93c6-2025e443f331: shutdown 2d8cb092-44a7-42fa-93c6-2025e443f331@group-F71E5E32EC8E-FollowerState
2021-02-20 01:29:29,139 [grpc-default-executor-3] INFO  impl.RoleInfo (RoleInfo.java:updateAndGet(130)) - 2d8cb092-44a7-42fa-93c6-2025e443f331: start 2d8cb092-44a7-42fa-93c6-2025e443f331@group-F71E5E32EC8E-FollowerState
2021-02-20 01:29:29,139 [Thread-423] INFO  impl.FollowerState (FollowerState.java:run(142)) - 2d8cb092-44a7-42fa-93c6-2025e443f331@group-F71E5E32EC8E-FollowerState was interrupted: {}
java.lang.InterruptedException: sleep interrupted
	at java.lang.Thread.sleep(Native Method)
	at java.lang.Thread.sleep(Thread.java:340)
	at java.util.concurrent.TimeUnit.sleep(TimeUnit.java:386)
	at org.apache.ratis.util.TimeDuration.sleep(TimeDuration.java:324)
	at org.apache.ratis.util.TimeDuration.sleep(TimeDuration.java:309)
	at org.apache.ratis.server.impl.FollowerState.run(FollowerState.java:117)
2021-02-20 01:29:29,146 [grpc-default-executor-3] INFO  server.RaftServer$Division (RaftServerImpl.java:requestVote(1057)) - 2d8cb092-44a7-42fa-93c6-2025e443f331@group-F71E5E32EC8E replies to ELECTION vote request: f236ad39-c3c5-4538-b46e-e838d72f44b7<-2d8cb092-44a7-42fa-93c6-2025e443f331#0:FAIL-t9. Peer's state: 2d8cb092-44a7-42fa-93c6-2025e443f331@group-F71E5E32EC8E:t9, leader=null, voted=null, raftlog=2d8cb092-44a7-42fa-93c6-2025e443f331@group-F71E5E32EC8E-SegmentedRaftLog:OPENED:c-1,f-1,i0, conf=-1: [f236ad39-c3c5-4538-b46e-e838d72f44b7|rpc:172.17.0.2:34705|priority:0, 2d8cb092-44a7-42fa-93c6-2025e443f331|rpc:172.17.0.2:38321|priority:1, 06e7b775-0a7d-45dc-8705-eb1795cf2a4d|rpc:172.17.0.2:42403|priority:0], old=null
2021-02-20 01:29:29,148 [f236ad39-c3c5-4538-b46e-e838d72f44b7@group-F71E5E32EC8E-LeaderElection18] INFO  impl.LeaderElection (LeaderElection.java:logAndReturn(89)) - f236ad39-c3c5-4538-b46e-e838d72f44b7@group-F71E5E32EC8E-LeaderElection18: ELECTION REJECTED received 2 response(s) and 0 exception(s):
2021-02-20 01:29:29,148 [f236ad39-c3c5-4538-b46e-e838d72f44b7@group-F71E5E32EC8E-LeaderElection18] INFO  impl.LeaderElection (LeaderElection.java:logAndReturn(93)) -   Response 0: f236ad39-c3c5-4538-b46e-e838d72f44b7<-2d8cb092-44a7-42fa-93c6-2025e443f331#0:FAIL-t9
2021-02-20 01:29:29,148 [f236ad39-c3c5-4538-b46e-e838d72f44b7@group-F71E5E32EC8E-LeaderElection18] INFO  impl.LeaderElection (LeaderElection.java:logAndReturn(93)) -   Response 1: f236ad39-c3c5-4538-b46e-e838d72f44b7<-06e7b775-0a7d-45dc-8705-eb1795cf2a4d#0:OK-t9
2021-02-20 01:29:29,148 [f236ad39-c3c5-4538-b46e-e838d72f44b7@group-F71E5E32EC8E-LeaderElection18] INFO  impl.LeaderElection (LeaderElection.java:askForVotes(309)) - f236ad39-c3c5-4538-b46e-e838d72f44b7@group-F71E5E32EC8E-LeaderElection18 ELECTION round 0: result REJECTED
2021-02-20 01:29:29,148 [f236ad39-c3c5-4538-b46e-e838d72f44b7@group-F71E5E32EC8E-LeaderElection18] INFO  server.RaftServer$Division (RaftServerImpl.java:setRole(284)) - f236ad39-c3c5-4538-b46e-e838d72f44b7@group-F71E5E32EC8E: changes role from CANDIDATE to FOLLOWER at term 9 for REJECTED
2021-02-20 01:29:29,148 [f236ad39-c3c5-4538-b46e-e838d72f44b7@group-F71E5E32EC8E-LeaderElection18] INFO  impl.RoleInfo (RoleInfo.java:shutdownLeaderElection(121)) - f236ad39-c3c5-4538-b46e-e838d72f44b7: shutdown f236ad39-c3c5-4538-b46e-e838d72f44b7@group-F71E5E32EC8E-LeaderElection18
2021-02-20 01:29:29,148 [f236ad39-c3c5-4538-b46e-e838d72f44b7@group-F71E5E32EC8E-LeaderElection18] INFO  impl.RoleInfo (RoleInfo.java:updateAndGet(130)) - f236ad39-c3c5-4538-b46e-e838d72f44b7: start f236ad39-c3c5-4538-b46e-e838d72f44b7@group-F71E5E32EC8E-FollowerState
2021-02-20 01:29:29,180 [EventQueue-PipelineReportForOneReplicaPipelineSafeModeRule] INFO  safemode.SCMSafeModeManager (SCMSafeModeManager.java:validateSafeModeExitRules(214)) - AtleastOneDatanodeReportedRule rule is successfully validated
2021-02-20 01:29:29,180 [EventQueue-OpenPipelineForHealthyPipelineSafeModeRule] INFO  safemode.SCMSafeModeManager (HealthyPipelineSafeModeRule.java:process(128)) - SCM in safe mode. Healthy pipelines reported count is 0, required healthy pipeline reported count is 1
2021-02-20 01:29:29,400 [EventQueue-PipelineReportForOneReplicaPipelineSafeModeRule] INFO  safemode.SCMSafeModeManager (SCMSafeModeManager.java:validateSafeModeExitRules(214)) - AtleastOneDatanodeReportedRule rule is successfully validated
2021-02-20 01:29:29,400 [EventQueue-OpenPipelineForHealthyPipelineSafeModeRule] INFO  safemode.SCMSafeModeManager (HealthyPipelineSafeModeRule.java:process(128)) - SCM in safe mode. Healthy pipelines reported count is 0, required healthy pipeline reported count is 1
2021-02-20 01:29:29,451 [Listener at 127.0.0.1/45247] INFO  ozone.MiniOzoneClusterImpl (MiniOzoneClusterImpl.java:lambda$waitForClusterToBeReady$0(187)) - Nodes are ready. Got 3 of 3 DN Heartbeats.
2021-02-20 01:29:29,452 [Listener at 127.0.0.1/45247] INFO  ozone.MiniOzoneClusterImpl (MiniOzoneClusterImpl.java:lambda$waitForClusterToBeReady$0(190)) - Waiting for cluster to exit safe mode
2021-02-20 01:29:29,713 [EventQueue-OpenPipelineForHealthyPipelineSafeModeRule] INFO  safemode.SCMSafeModeManager (HealthyPipelineSafeModeRule.java:process(128)) - SCM in safe mode. Healthy pipelines reported count is 0, required healthy pipeline reported count is 1
2021-02-20 01:29:29,713 [EventQueue-PipelineReportForOneReplicaPipelineSafeModeRule] INFO  safemode.SCMSafeModeManager (SCMSafeModeManager.java:validateSafeModeExitRules(214)) - AtleastOneDatanodeReportedRule rule is successfully validated
2021-02-20 01:29:30,180 [EventQueue-PipelineReportForOneReplicaPipelineSafeModeRule] INFO  safemode.SCMSafeModeManager (SCMSafeModeManager.java:validateSafeModeExitRules(214)) - AtleastOneDatanodeReportedRule rule is successfully validated
2021-02-20 01:29:30,180 [EventQueue-OpenPipelineForHealthyPipelineSafeModeRule] INFO  safemode.SCMSafeModeManager (HealthyPipelineSafeModeRule.java:process(128)) - SCM in safe mode. Healthy pipelines reported count is 0, required healthy pipeline reported count is 1
2021-02-20 01:29:30,400 [EventQueue-OpenPipelineForHealthyPipelineSafeModeRule] INFO  safemode.SCMSafeModeManager (HealthyPipelineSafeModeRule.java:process(128)) - SCM in safe mode. Healthy pipelines reported count is 0, required healthy pipeline reported count is 1
2021-02-20 01:29:30,400 [EventQueue-PipelineReportForOneReplicaPipelineSafeModeRule] INFO  safemode.SCMSafeModeManager (SCMSafeModeManager.java:validateSafeModeExitRules(214)) - AtleastOneDatanodeReportedRule rule is successfully validated
2021-02-20 01:29:30,452 [Listener at 127.0.0.1/45247] INFO  ozone.MiniOzoneClusterImpl (MiniOzoneClusterImpl.java:lambda$waitForClusterToBeReady$0(187)) - Nodes are ready. Got 3 of 3 DN Heartbeats.
2021-02-20 01:29:30,452 [Listener at 127.0.0.1/45247] INFO  ozone.MiniOzoneClusterImpl (MiniOzoneClusterImpl.java:lambda$waitForClusterToBeReady$0(190)) - Waiting for cluster to exit safe mode
2021-02-20 01:29:30,713 [EventQueue-OpenPipelineForHealthyPipelineSafeModeRule] INFO  safemode.SCMSafeModeManager (HealthyPipelineSafeModeRule.java:process(128)) - SCM in safe mode. Healthy pipelines reported count is 0, required healthy pipeline reported count is 1
2021-02-20 01:29:30,713 [EventQueue-PipelineReportForOneReplicaPipelineSafeModeRule] INFO  safemode.SCMSafeModeManager (SCMSafeModeManager.java:validateSafeModeExitRules(214)) - AtleastOneDatanodeReportedRule rule is successfully validated
2021-02-20 01:29:31,180 [EventQueue-PipelineReportForOneReplicaPipelineSafeModeRule] INFO  safemode.SCMSafeModeManager (SCMSafeModeManager.java:validateSafeModeExitRules(214)) - AtleastOneDatanodeReportedRule rule is successfully validated
2021-02-20 01:29:31,180 [EventQueue-OpenPipelineForHealthyPipelineSafeModeRule] INFO  safemode.SCMSafeModeManager (HealthyPipelineSafeModeRule.java:process(128)) - SCM in safe mode. Healthy pipelines reported count is 0, required healthy pipeline reported count is 1
2021-02-20 01:29:31,401 [EventQueue-OpenPipelineForHealthyPipelineSafeModeRule] INFO  safemode.SCMSafeModeManager (HealthyPipelineSafeModeRule.java:process(128)) - SCM in safe mode. Healthy pipelines reported count is 0, required healthy pipeline reported count is 1
2021-02-20 01:29:31,401 [EventQueue-PipelineReportForOneReplicaPipelineSafeModeRule] INFO  safemode.SCMSafeModeManager (SCMSafeModeManager.java:validateSafeModeExitRules(214)) - AtleastOneDatanodeReportedRule rule is successfully validated
2021-02-20 01:29:31,452 [Listener at 127.0.0.1/45247] INFO  ozone.MiniOzoneClusterImpl (MiniOzoneClusterImpl.java:lambda$waitForClusterToBeReady$0(187)) - Nodes are ready. Got 3 of 3 DN Heartbeats.
2021-02-20 01:29:31,453 [Listener at 127.0.0.1/45247] INFO  ozone.MiniOzoneClusterImpl (MiniOzoneClusterImpl.java:lambda$waitForClusterToBeReady$0(190)) - Waiting for cluster to exit safe mode
2021-02-20 01:29:31,713 [EventQueue-OpenPipelineForHealthyPipelineSafeModeRule] INFO  safemode.SCMSafeModeManager (HealthyPipelineSafeModeRule.java:process(128)) - SCM in safe mode. Healthy pipelines reported count is 0, required healthy pipeline reported count is 1
2021-02-20 01:29:31,713 [EventQueue-PipelineReportForOneReplicaPipelineSafeModeRule] INFO  safemode.SCMSafeModeManager (SCMSafeModeManager.java:validateSafeModeExitRules(214)) - AtleastOneDatanodeReportedRule rule is successfully validated
2021-02-20 01:29:32,180 [EventQueue-OpenPipelineForHealthyPipelineSafeModeRule] INFO  safemode.SCMSafeModeManager (HealthyPipelineSafeModeRule.java:process(128)) - SCM in safe mode. Healthy pipelines reported count is 0, required healthy pipeline reported count is 1
2021-02-20 01:29:32,180 [EventQueue-PipelineReportForOneReplicaPipelineSafeModeRule] INFO  safemode.SCMSafeModeManager (SCMSafeModeManager.java:validateSafeModeExitRules(214)) - AtleastOneDatanodeReportedRule rule is successfully validated
2021-02-20 01:29:32,400 [EventQueue-OpenPipelineForHealthyPipelineSafeModeRule] INFO  safemode.SCMSafeModeManager (HealthyPipelineSafeModeRule.java:process(128)) - SCM in safe mode. Healthy pipelines reported count is 0, required healthy pipeline reported count is 1
2021-02-20 01:29:32,401 [EventQueue-PipelineReportForOneReplicaPipelineSafeModeRule] INFO  safemode.SCMSafeModeManager (SCMSafeModeManager.java:validateSafeModeExitRules(214)) - AtleastOneDatanodeReportedRule rule is successfully validated
2021-02-20 01:29:32,453 [Listener at 127.0.0.1/45247] INFO  ozone.MiniOzoneClusterImpl (MiniOzoneClusterImpl.java:lambda$waitForClusterToBeReady$0(187)) - Nodes are ready. Got 3 of 3 DN Heartbeats.
2021-02-20 01:29:32,453 [Listener at 127.0.0.1/45247] INFO  ozone.MiniOzoneClusterImpl (MiniOzoneClusterImpl.java:lambda$waitForClusterToBeReady$0(190)) - Waiting for cluster to exit safe mode
2021-02-20 01:29:32,713 [EventQueue-OpenPipelineForHealthyPipelineSafeModeRule] INFO  safemode.SCMSafeModeManager (HealthyPipelineSafeModeRule.java:process(128)) - SCM in safe mode. Healthy pipelines reported count is 0, required healthy pipeline reported count is 1
2021-02-20 01:29:32,714 [EventQueue-PipelineReportForOneReplicaPipelineSafeModeRule] INFO  safemode.SCMSafeModeManager (SCMSafeModeManager.java:validateSafeModeExitRules(214)) - AtleastOneDatanodeReportedRule rule is successfully validated
2021-02-20 01:29:33,180 [EventQueue-OpenPipelineForHealthyPipelineSafeModeRule] INFO  safemode.SCMSafeModeManager (HealthyPipelineSafeModeRule.java:process(128)) - SCM in safe mode. Healthy pipelines reported count is 0, required healthy pipeline reported count is 1
2021-02-20 01:29:33,180 [EventQueue-PipelineReportForOneReplicaPipelineSafeModeRule] INFO  safemode.SCMSafeModeManager (SCMSafeModeManager.java:validateSafeModeExitRules(214)) - AtleastOneDatanodeReportedRule rule is successfully validated
2021-02-20 01:29:33,400 [EventQueue-PipelineReportForOneReplicaPipelineSafeModeRule] INFO  safemode.SCMSafeModeManager (SCMSafeModeManager.java:validateSafeModeExitRules(214)) - AtleastOneDatanodeReportedRule rule is successfully validated
2021-02-20 01:29:33,400 [EventQueue-OpenPipelineForHealthyPipelineSafeModeRule] INFO  safemode.SCMSafeModeManager (HealthyPipelineSafeModeRule.java:process(128)) - SCM in safe mode. Healthy pipelines reported count is 0, required healthy pipeline reported count is 1
2021-02-20 01:29:33,454 [Listener at 127.0.0.1/45247] INFO  ozone.MiniOzoneClusterImpl (MiniOzoneClusterImpl.java:lambda$waitForClusterToBeReady$0(187)) - Nodes are ready. Got 3 of 3 DN Heartbeats.
2021-02-20 01:29:33,454 [Listener at 127.0.0.1/45247] INFO  ozone.MiniOzoneClusterImpl (MiniOzoneClusterImpl.java:lambda$waitForClusterToBeReady$0(190)) - Waiting for cluster to exit safe mode
2021-02-20 01:29:33,713 [EventQueue-OpenPipelineForHealthyPipelineSafeModeRule] INFO  safemode.SCMSafeModeManager (HealthyPipelineSafeModeRule.java:process(128)) - SCM in safe mode. Healthy pipelines reported count is 0, required healthy pipeline reported count is 1
2021-02-20 01:29:33,714 [EventQueue-PipelineReportForOneReplicaPipelineSafeModeRule] INFO  safemode.SCMSafeModeManager (SCMSafeModeManager.java:validateSafeModeExitRules(214)) - AtleastOneDatanodeReportedRule rule is successfully validated
2021-02-20 01:29:34,138 [Thread-427] INFO  impl.FollowerState (FollowerState.java:run(133)) - 06e7b775-0a7d-45dc-8705-eb1795cf2a4d@group-F71E5E32EC8E-FollowerState: change to CANDIDATE, lastRpcElapsedTime:5004116514ns, electionTimeout:5003ms
2021-02-20 01:29:34,138 [Thread-427] INFO  impl.RoleInfo (RoleInfo.java:shutdownFollowerState(108)) - 06e7b775-0a7d-45dc-8705-eb1795cf2a4d: shutdown 06e7b775-0a7d-45dc-8705-eb1795cf2a4d@group-F71E5E32EC8E-FollowerState
2021-02-20 01:29:34,139 [Thread-427] INFO  server.RaftServer$Division (RaftServerImpl.java:setRole(284)) - 06e7b775-0a7d-45dc-8705-eb1795cf2a4d@group-F71E5E32EC8E: changes role from  FOLLOWER to CANDIDATE at term 9 for changeToCandidate
2021-02-20 01:29:34,139 [Thread-427] INFO  server.RaftServerConfigKeys (ConfUtils.java:logGet(44)) - raft.server.leaderelection.pre-vote = false (custom)
2021-02-20 01:29:34,139 [Thread-427] INFO  impl.RoleInfo (RoleInfo.java:updateAndGet(130)) - 06e7b775-0a7d-45dc-8705-eb1795cf2a4d: start 06e7b775-0a7d-45dc-8705-eb1795cf2a4d@group-F71E5E32EC8E-LeaderElection19
2021-02-20 01:29:34,148 [06e7b775-0a7d-45dc-8705-eb1795cf2a4d@group-F71E5E32EC8E-LeaderElection19] INFO  impl.LeaderElection (LeaderElection.java:askForVotes(307)) - 06e7b775-0a7d-45dc-8705-eb1795cf2a4d@group-F71E5E32EC8E-LeaderElection19 ELECTION round 0: submit vote requests at term 10 for -1: [f236ad39-c3c5-4538-b46e-e838d72f44b7|rpc:172.17.0.2:34705|priority:0, 2d8cb092-44a7-42fa-93c6-2025e443f331|rpc:172.17.0.2:38321|priority:1, 06e7b775-0a7d-45dc-8705-eb1795cf2a4d|rpc:172.17.0.2:42403|priority:0], old=null
2021-02-20 01:29:34,152 [grpc-default-executor-3] INFO  server.RaftServer$Division (RaftServerImpl.java:requestVote(1025)) - 2d8cb092-44a7-42fa-93c6-2025e443f331@group-F71E5E32EC8E: receive requestVote(ELECTION, 06e7b775-0a7d-45dc-8705-eb1795cf2a4d, group-F71E5E32EC8E, 10, (t:0, i:0))
2021-02-20 01:29:34,153 [grpc-default-executor-3] INFO  impl.VoteContext (VoteContext.java:log(48)) - 2d8cb092-44a7-42fa-93c6-2025e443f331@group-F71E5E32EC8E-FOLLOWER: reject ELECTION from 06e7b775-0a7d-45dc-8705-eb1795cf2a4d: our priority 1 > candidate's priority 0
2021-02-20 01:29:34,153 [grpc-default-executor-3] INFO  server.RaftServer$Division (RaftServerImpl.java:setRole(284)) - 2d8cb092-44a7-42fa-93c6-2025e443f331@group-F71E5E32EC8E: changes role from  FOLLOWER to FOLLOWER at term 10 for candidate:06e7b775-0a7d-45dc-8705-eb1795cf2a4d
2021-02-20 01:29:34,153 [grpc-default-executor-3] INFO  impl.RoleInfo (RoleInfo.java:shutdownFollowerState(108)) - 2d8cb092-44a7-42fa-93c6-2025e443f331: shutdown 2d8cb092-44a7-42fa-93c6-2025e443f331@group-F71E5E32EC8E-FollowerState
2021-02-20 01:29:34,153 [grpc-default-executor-3] INFO  impl.RoleInfo (RoleInfo.java:updateAndGet(130)) - 2d8cb092-44a7-42fa-93c6-2025e443f331: start 2d8cb092-44a7-42fa-93c6-2025e443f331@group-F71E5E32EC8E-FollowerState
2021-02-20 01:29:34,153 [Thread-428] INFO  impl.FollowerState (FollowerState.java:run(142)) - 2d8cb092-44a7-42fa-93c6-2025e443f331@group-F71E5E32EC8E-FollowerState was interrupted: {}
java.lang.InterruptedException: sleep interrupted
	at java.lang.Thread.sleep(Native Method)
	at java.lang.Thread.sleep(Thread.java:340)
	at java.util.concurrent.TimeUnit.sleep(TimeUnit.java:386)
	at org.apache.ratis.util.TimeDuration.sleep(TimeDuration.java:324)
	at org.apache.ratis.util.TimeDuration.sleep(TimeDuration.java:309)
	at org.apache.ratis.server.impl.FollowerState.run(FollowerState.java:117)
2021-02-20 01:29:34,154 [grpc-default-executor-3] INFO  server.RaftServer$Division (RaftServerImpl.java:requestVote(1057)) - 2d8cb092-44a7-42fa-93c6-2025e443f331@group-F71E5E32EC8E replies to ELECTION vote request: 06e7b775-0a7d-45dc-8705-eb1795cf2a4d<-2d8cb092-44a7-42fa-93c6-2025e443f331#0:FAIL-t10. Peer's state: 2d8cb092-44a7-42fa-93c6-2025e443f331@group-F71E5E32EC8E:t10, leader=null, voted=null, raftlog=2d8cb092-44a7-42fa-93c6-2025e443f331@group-F71E5E32EC8E-SegmentedRaftLog:OPENED:c-1,f-1,i0, conf=-1: [f236ad39-c3c5-4538-b46e-e838d72f44b7|rpc:172.17.0.2:34705|priority:0, 2d8cb092-44a7-42fa-93c6-2025e443f331|rpc:172.17.0.2:38321|priority:1, 06e7b775-0a7d-45dc-8705-eb1795cf2a4d|rpc:172.17.0.2:42403|priority:0], old=null
2021-02-20 01:29:34,154 [grpc-default-executor-2] INFO  server.RaftServer$Division (RaftServerImpl.java:requestVote(1025)) - f236ad39-c3c5-4538-b46e-e838d72f44b7@group-F71E5E32EC8E: receive requestVote(ELECTION, 06e7b775-0a7d-45dc-8705-eb1795cf2a4d, group-F71E5E32EC8E, 10, (t:0, i:0))
2021-02-20 01:29:34,155 [grpc-default-executor-2] INFO  impl.VoteContext (VoteContext.java:log(48)) - f236ad39-c3c5-4538-b46e-e838d72f44b7@group-F71E5E32EC8E-FOLLOWER: accept ELECTION from 06e7b775-0a7d-45dc-8705-eb1795cf2a4d: our priority 0 <= candidate's priority 0
2021-02-20 01:29:34,155 [grpc-default-executor-2] INFO  server.RaftServer$Division (RaftServerImpl.java:setRole(284)) - f236ad39-c3c5-4538-b46e-e838d72f44b7@group-F71E5E32EC8E: changes role from  FOLLOWER to FOLLOWER at term 10 for candidate:06e7b775-0a7d-45dc-8705-eb1795cf2a4d
2021-02-20 01:29:34,155 [grpc-default-executor-2] INFO  impl.RoleInfo (RoleInfo.java:shutdownFollowerState(108)) - f236ad39-c3c5-4538-b46e-e838d72f44b7: shutdown f236ad39-c3c5-4538-b46e-e838d72f44b7@group-F71E5E32EC8E-FollowerState
2021-02-20 01:29:34,155 [grpc-default-executor-2] INFO  impl.RoleInfo (RoleInfo.java:updateAndGet(130)) - f236ad39-c3c5-4538-b46e-e838d72f44b7: start f236ad39-c3c5-4538-b46e-e838d72f44b7@group-F71E5E32EC8E-FollowerState
2021-02-20 01:29:34,155 [Thread-429] INFO  impl.FollowerState (FollowerState.java:run(142)) - f236ad39-c3c5-4538-b46e-e838d72f44b7@group-F71E5E32EC8E-FollowerState was interrupted: {}
java.lang.InterruptedException: sleep interrupted
	at java.lang.Thread.sleep(Native Method)
	at java.lang.Thread.sleep(Thread.java:340)
	at java.util.concurrent.TimeUnit.sleep(TimeUnit.java:386)
	at org.apache.ratis.util.TimeDuration.sleep(TimeDuration.java:324)
	at org.apache.ratis.util.TimeDuration.sleep(TimeDuration.java:309)
	at org.apache.ratis.server.impl.FollowerState.run(FollowerState.java:117)
2021-02-20 01:29:34,162 [grpc-default-executor-2] INFO  server.RaftServer$Division (RaftServerImpl.java:requestVote(1057)) - f236ad39-c3c5-4538-b46e-e838d72f44b7@group-F71E5E32EC8E replies to ELECTION vote request: 06e7b775-0a7d-45dc-8705-eb1795cf2a4d<-f236ad39-c3c5-4538-b46e-e838d72f44b7#0:OK-t10. Peer's state: f236ad39-c3c5-4538-b46e-e838d72f44b7@group-F71E5E32EC8E:t10, leader=null, voted=06e7b775-0a7d-45dc-8705-eb1795cf2a4d, raftlog=f236ad39-c3c5-4538-b46e-e838d72f44b7@group-F71E5E32EC8E-SegmentedRaftLog:OPENED:c-1,f-1,i0, conf=-1: [f236ad39-c3c5-4538-b46e-e838d72f44b7|rpc:172.17.0.2:34705|priority:0, 2d8cb092-44a7-42fa-93c6-2025e443f331|rpc:172.17.0.2:38321|priority:1, 06e7b775-0a7d-45dc-8705-eb1795cf2a4d|rpc:172.17.0.2:42403|priority:0], old=null
2021-02-20 01:29:34,162 [06e7b775-0a7d-45dc-8705-eb1795cf2a4d@group-F71E5E32EC8E-LeaderElection19] INFO  impl.LeaderElection (LeaderElection.java:logAndReturn(89)) - 06e7b775-0a7d-45dc-8705-eb1795cf2a4d@group-F71E5E32EC8E-LeaderElection19: ELECTION REJECTED received 1 response(s) and 0 exception(s):
2021-02-20 01:29:34,162 [06e7b775-0a7d-45dc-8705-eb1795cf2a4d@group-F71E5E32EC8E-LeaderElection19] INFO  impl.LeaderElection (LeaderElection.java:logAndReturn(93)) -   Response 0: 06e7b775-0a7d-45dc-8705-eb1795cf2a4d<-2d8cb092-44a7-42fa-93c6-2025e443f331#0:FAIL-t10
2021-02-20 01:29:34,162 [06e7b775-0a7d-45dc-8705-eb1795cf2a4d@group-F71E5E32EC8E-LeaderElection19] INFO  impl.LeaderElection (LeaderElection.java:askForVotes(309)) - 06e7b775-0a7d-45dc-8705-eb1795cf2a4d@group-F71E5E32EC8E-LeaderElection19 ELECTION round 0: result REJECTED
2021-02-20 01:29:34,163 [06e7b775-0a7d-45dc-8705-eb1795cf2a4d@group-F71E5E32EC8E-LeaderElection19] INFO  server.RaftServer$Division (RaftServerImpl.java:setRole(284)) - 06e7b775-0a7d-45dc-8705-eb1795cf2a4d@group-F71E5E32EC8E: changes role from CANDIDATE to FOLLOWER at term 10 for REJECTED
2021-02-20 01:29:34,163 [06e7b775-0a7d-45dc-8705-eb1795cf2a4d@group-F71E5E32EC8E-LeaderElection19] INFO  impl.RoleInfo (RoleInfo.java:shutdownLeaderElection(121)) - 06e7b775-0a7d-45dc-8705-eb1795cf2a4d: shutdown 06e7b775-0a7d-45dc-8705-eb1795cf2a4d@group-F71E5E32EC8E-LeaderElection19
2021-02-20 01:29:34,163 [06e7b775-0a7d-45dc-8705-eb1795cf2a4d@group-F71E5E32EC8E-LeaderElection19] INFO  impl.RoleInfo (RoleInfo.java:updateAndGet(130)) - 06e7b775-0a7d-45dc-8705-eb1795cf2a4d: start 06e7b775-0a7d-45dc-8705-eb1795cf2a4d@group-F71E5E32EC8E-FollowerState
2021-02-20 01:29:34,181 [EventQueue-OpenPipelineForHealthyPipelineSafeModeRule] INFO  safemode.SCMSafeModeManager (HealthyPipelineSafeModeRule.java:process(128)) - SCM in safe mode. Healthy pipelines reported count is 0, required healthy pipeline reported count is 1
2021-02-20 01:29:34,181 [EventQueue-PipelineReportForOneReplicaPipelineSafeModeRule] INFO  safemode.SCMSafeModeManager (SCMSafeModeManager.java:validateSafeModeExitRules(214)) - AtleastOneDatanodeReportedRule rule is successfully validated
2021-02-20 01:29:34,400 [EventQueue-OpenPipelineForHealthyPipelineSafeModeRule] INFO  safemode.SCMSafeModeManager (HealthyPipelineSafeModeRule.java:process(128)) - SCM in safe mode. Healthy pipelines reported count is 0, required healthy pipeline reported count is 1
2021-02-20 01:29:34,400 [EventQueue-PipelineReportForOneReplicaPipelineSafeModeRule] INFO  safemode.SCMSafeModeManager (SCMSafeModeManager.java:validateSafeModeExitRules(214)) - AtleastOneDatanodeReportedRule rule is successfully validated
2021-02-20 01:29:34,454 [Listener at 127.0.0.1/45247] INFO  ozone.MiniOzoneClusterImpl (MiniOzoneClusterImpl.java:lambda$waitForClusterToBeReady$0(187)) - Nodes are ready. Got 3 of 3 DN Heartbeats.
2021-02-20 01:29:34,455 [Listener at 127.0.0.1/45247] INFO  ozone.MiniOzoneClusterImpl (MiniOzoneClusterImpl.java:lambda$waitForClusterToBeReady$0(190)) - Waiting for cluster to exit safe mode
2021-02-20 01:29:34,714 [EventQueue-PipelineReportForOneReplicaPipelineSafeModeRule] INFO  safemode.SCMSafeModeManager (SCMSafeModeManager.java:validateSafeModeExitRules(214)) - AtleastOneDatanodeReportedRule rule is successfully validated
2021-02-20 01:29:34,714 [EventQueue-OpenPipelineForHealthyPipelineSafeModeRule] INFO  safemode.SCMSafeModeManager (HealthyPipelineSafeModeRule.java:process(128)) - SCM in safe mode. Healthy pipelines reported count is 0, required healthy pipeline reported count is 1
2021-02-20 01:29:35,181 [EventQueue-OpenPipelineForHealthyPipelineSafeModeRule] INFO  safemode.SCMSafeModeManager (HealthyPipelineSafeModeRule.java:process(128)) - SCM in safe mode. Healthy pipelines reported count is 0, required healthy pipeline reported count is 1
2021-02-20 01:29:35,181 [EventQueue-PipelineReportForOneReplicaPipelineSafeModeRule] INFO  safemode.SCMSafeModeManager (SCMSafeModeManager.java:validateSafeModeExitRules(214)) - AtleastOneDatanodeReportedRule rule is successfully validated
2021-02-20 01:29:35,300 [Time-limited test] INFO  ozone.MiniOzoneClusterImpl (MiniOzoneClusterImpl.java:shutdown(400)) - Shutting down the Mini Ozone Cluster
2021-02-20 01:29:35,300 [Time-limited test] INFO  ozone.MiniOzoneClusterImpl (MiniOzoneClusterImpl.java:stop(415)) - Stopping the Mini Ozone Cluster
2021-02-20 01:29:35,300 [Time-limited test] INFO  ozone.MiniOzoneClusterImpl (MiniOzoneClusterImpl.java:stopOM(497)) - Stopping the OzoneManager
2021-02-20 01:29:35,301 [Time-limited test] INFO  ipc.Server (Server.java:stop(3403)) - Stopping server on 45247
2021-02-20 01:29:35,304 [IPC Server listener on 0] INFO  ipc.Server (Server.java:run(1366)) - Stopping IPC Server listener on 0
2021-02-20 01:29:35,304 [IPC Server Responder] INFO  ipc.Server (Server.java:run(1502)) - Stopping IPC Server Responder
2021-02-20 01:29:35,306 [Time-limited test] INFO  server.RaftServer (RaftServerProxy.java:lambda$close$6(391)) - om1: close
2021-02-20 01:29:35,307 [Time-limited test] INFO  server.RaftServer$Division (RaftServerImpl.java:lambda$close$4(406)) - om1@group-C5BA1605619E: shutdown
2021-02-20 01:29:35,307 [Time-limited test] INFO  util.JmxRegister (JmxRegister.java:unregister(73)) - Successfully un-registered JMX Bean with object name Ratis:service=RaftServer,group=group-C5BA1605619E,id=om1
2021-02-20 01:29:35,307 [Time-limited test] INFO  impl.RoleInfo (RoleInfo.java:shutdownLeaderState(91)) - om1: shutdown om1@group-C5BA1605619E-LeaderStateImpl
2021-02-20 01:29:35,307 [Time-limited test] INFO  impl.PendingRequests (PendingRequests.java:sendNotLeaderResponses(249)) - om1@group-C5BA1605619E-PendingRequests: sendNotLeaderResponses
2021-02-20 01:29:35,307 [Time-limited test] INFO  metrics.RatisMetrics (RatisMetrics.java:unregister(43)) - Unregistering Metrics Registry : ratis.log_appender.om1@group-C5BA1605619E
2021-02-20 01:29:35,308 [Time-limited test] INFO  metrics.RatisMetrics (RatisMetrics.java:unregister(43)) - Unregistering Metrics Registry : ratis.server.om1@group-C5BA1605619E
2021-02-20 01:29:35,308 [Time-limited test] INFO  impl.StateMachineUpdater (StateMachineUpdater.java:stopAndJoin(148)) - om1@group-C5BA1605619E-StateMachineUpdater: set stopIndex = 0
2021-02-20 01:29:35,308 [om1@group-C5BA1605619E-StateMachineUpdater] INFO  ratis.OzoneManagerStateMachine (OzoneManagerStateMachine.java:takeSnapshot(345)) - Current Snapshot Index (t:1, i:0)
2021-02-20 01:29:35,310 [om1@group-C5BA1605619E-StateMachineUpdater] INFO  impl.StateMachineUpdater (StateMachineUpdater.java:takeSnapshot(279)) - om1@group-C5BA1605619E-StateMachineUpdater: Took a snapshot at index 0
2021-02-20 01:29:35,310 [om1@group-C5BA1605619E-StateMachineUpdater] INFO  impl.StateMachineUpdater (StateMachineUpdater.java:lambda$new$0(88)) - om1@group-C5BA1605619E-StateMachineUpdater: snapshotIndex: updateIncreasingly -1 -> 0
2021-02-20 01:29:35,310 [om1@group-C5BA1605619E-StateMachineUpdater] INFO  metrics.RatisMetrics (RatisMetrics.java:unregister(43)) - Unregistering Metrics Registry : ratis.state_machine.om1@group-C5BA1605619E
2021-02-20 01:29:35,310 [Time-limited test] INFO  server.RaftServer$Division (ServerState.java:close(405)) - om1@group-C5BA1605619E: closes. applyIndex: 0
2021-02-20 01:29:35,311 [om1@group-C5BA1605619E-SegmentedRaftLogWorker] INFO  segmented.SegmentedRaftLogWorker (SegmentedRaftLogWorker.java:run(326)) - om1@group-C5BA1605619E-SegmentedRaftLogWorker was interrupted, exiting. There are 0 tasks remaining in the queue.
2021-02-20 01:29:35,312 [Time-limited test] INFO  segmented.SegmentedRaftLogWorker (SegmentedRaftLogWorker.java:close(236)) - om1@group-C5BA1605619E-SegmentedRaftLogWorker close()
2021-02-20 01:29:35,312 [Time-limited test] INFO  metrics.RatisMetrics (RatisMetrics.java:unregister(43)) - Unregistering Metrics Registry : ratis.log_worker.om1@group-C5BA1605619E
2021-02-20 01:29:35,312 [Time-limited test] INFO  metrics.RatisMetrics (RatisMetrics.java:unregister(43)) - Unregistering Metrics Registry : ratis.leader_election.om1@group-C5BA1605619E
2021-02-20 01:29:35,312 [Time-limited test] INFO  metrics.RatisMetrics (RatisMetrics.java:unregister(43)) - Unregistering Metrics Registry : ratis.server.om1@group-C5BA1605619E
2021-02-20 01:29:35,313 [Time-limited test] INFO  server.GrpcService (GrpcService.java:closeImpl(262)) - om1: shutdown server with port 9872 now
2021-02-20 01:29:35,313 [Time-limited test] INFO  server.GrpcService (GrpcService.java:closeImpl(271)) - om1: shutdown server with port 9872 successfully
2021-02-20 01:29:35,313 [org.apache.ratis.util.JvmPauseMonitor$$Lambda$504/250053350@265675ed] INFO  util.JvmPauseMonitor (JvmPauseMonitor.java:run(109)) - JvmPauseMonitor-om1: Stopped
2021-02-20 01:29:35,313 [Time-limited test] INFO  ratis.OzoneManagerDoubleBuffer (OzoneManagerDoubleBuffer.java:stop(425)) - Stopping OMDoubleBuffer flush thread
2021-02-20 01:29:35,313 [OMDoubleBufferFlushThread] INFO  ratis.OzoneManagerDoubleBuffer (OzoneManagerDoubleBuffer.java:flushTransactions(352)) - OMDoubleBuffer flush thread OMDoubleBufferFlushThread is interrupted and will exit. OMDoubleBufferFlushThread
2021-02-20 01:29:35,314 [Time-limited test] INFO  ratis.OzoneManagerStateMachine (HadoopExecutors.java:shutdown(118)) - Gracefully shutting down executor service. Waiting max 5 SECONDS
2021-02-20 01:29:35,314 [Time-limited test] INFO  ratis.OzoneManagerStateMachine (HadoopExecutors.java:shutdown(129)) - Succesfully shutdown executor service
2021-02-20 01:29:35,314 [Time-limited test] INFO  ratis.OzoneManagerStateMachine (HadoopExecutors.java:shutdown(118)) - Gracefully shutting down executor service. Waiting max 5 SECONDS
2021-02-20 01:29:35,314 [Time-limited test] INFO  ratis.OzoneManagerStateMachine (HadoopExecutors.java:shutdown(129)) - Succesfully shutdown executor service
2021-02-20 01:29:35,314 [Time-limited test] INFO  utils.BackgroundService (BackgroundService.java:shutdown(132)) - Shutting down service KeyDeletingService
2021-02-20 01:29:35,316 [Time-limited test] INFO  handler.ContextHandler (ContextHandler.java:doStop(1154)) - Stopped o.e.j.w.WebAppContext@62c89d5f{ozoneManager,/,null,STOPPED}{file:/github/workspace/mnt/ozone/hadoop-ozone/integration-test/target/test-classes/webapps/ozoneManager}
2021-02-20 01:29:35,317 [Time-limited test] INFO  server.AbstractConnector (AbstractConnector.java:doStop(381)) - Stopped ServerConnector@5bd2190a{HTTP/1.1, (http/1.1)}{0.0.0.0:0}
2021-02-20 01:29:35,317 [Time-limited test] INFO  server.session (HouseKeeper.java:stopScavenging(149)) - node0 Stopped scavenging
2021-02-20 01:29:35,317 [Time-limited test] INFO  handler.ContextHandler (ContextHandler.java:doStop(1154)) - Stopped o.e.j.s.ServletContextHandler@5d507d76{static,/static,file:///github/workspace/mnt/ozone/hadoop-ozone/integration-test/target/test-classes/webapps/static,STOPPED}
2021-02-20 01:29:35,319 [Time-limited test] INFO  handler.ContextHandler (ContextHandler.java:doStop(1154)) - Stopped o.e.j.s.ServletContextHandler@2f568ad1{logs,/logs,file:///github/workspace/mnt/ozone/hadoop-ozone/integration-test/target/log,STOPPED}
2021-02-20 01:29:35,327 [Time-limited test] INFO  ozone.MiniOzoneClusterImpl (MiniOzoneClusterImpl.java:stopDatanodes(474)) - Stopping the HddsDatanodes
2021-02-20 01:29:35,398 [Datanode State Machine Thread - 0] INFO  statemachine.DatanodeStateMachine (DatanodeStateMachine.java:lambda$startDaemon$0(411)) - Ozone container server started.
2021-02-20 01:29:35,717 [EventQueue-PipelineReportForOneReplicaPipelineSafeModeRule] INFO  safemode.SCMSafeModeManager (SCMSafeModeManager.java:validateSafeModeExitRules(214)) - AtleastOneDatanodeReportedRule rule is successfully validated
2021-02-20 01:29:35,717 [EventQueue-OpenPipelineForHealthyPipelineSafeModeRule] INFO  safemode.SCMSafeModeManager (HealthyPipelineSafeModeRule.java:process(128)) - SCM in safe mode. Healthy pipelines reported count is 0, required healthy pipeline reported count is 1
2021-02-20 01:29:36,179 [Datanode State Machine Thread - 0] INFO  statemachine.DatanodeStateMachine (DatanodeStateMachine.java:lambda$startDaemon$0(411)) - Ozone container server started.
2021-02-20 01:29:36,715 [EventQueue-PipelineReportForOneReplicaPipelineSafeModeRule] INFO  safemode.SCMSafeModeManager (SCMSafeModeManager.java:validateSafeModeExitRules(214)) - AtleastOneDatanodeReportedRule rule is successfully validated
2021-02-20 01:29:36,715 [EventQueue-OpenPipelineForHealthyPipelineSafeModeRule] INFO  safemode.SCMSafeModeManager (HealthyPipelineSafeModeRule.java:process(128)) - SCM in safe mode. Healthy pipelines reported count is 0, required healthy pipeline reported count is 1
2021-02-20 01:29:37,713 [EventQueue-PipelineReportForOneReplicaPipelineSafeModeRule] INFO  safemode.SCMSafeModeManager (SCMSafeModeManager.java:validateSafeModeExitRules(214)) - AtleastOneDatanodeReportedRule rule is successfully validated
2021-02-20 01:29:37,714 [EventQueue-OpenPipelineForHealthyPipelineSafeModeRule] INFO  safemode.SCMSafeModeManager (HealthyPipelineSafeModeRule.java:process(128)) - SCM in safe mode. Healthy pipelines reported count is 0, required healthy pipeline reported count is 1
2021-02-20 01:29:38,714 [EventQueue-OpenPipelineForHealthyPipelineSafeModeRule] INFO  safemode.SCMSafeModeManager (HealthyPipelineSafeModeRule.java:process(128)) - SCM in safe mode. Healthy pipelines reported count is 0, required healthy pipeline reported count is 1
2021-02-20 01:29:38,714 [EventQueue-PipelineReportForOneReplicaPipelineSafeModeRule] INFO  safemode.SCMSafeModeManager (SCMSafeModeManager.java:validateSafeModeExitRules(214)) - AtleastOneDatanodeReportedRule rule is successfully validated
2021-02-20 01:29:39,257 [Thread-434] INFO  impl.FollowerState (FollowerState.java:run(133)) - f236ad39-c3c5-4538-b46e-e838d72f44b7@group-F71E5E32EC8E-FollowerState: change to CANDIDATE, lastRpcElapsedTime:5094917018ns, electionTimeout:5093ms
2021-02-20 01:29:39,257 [Thread-434] INFO  impl.RoleInfo (RoleInfo.java:shutdownFollowerState(108)) - f236ad39-c3c5-4538-b46e-e838d72f44b7: shutdown f236ad39-c3c5-4538-b46e-e838d72f44b7@group-F71E5E32EC8E-FollowerState
2021-02-20 01:29:39,257 [Thread-434] INFO  server.RaftServer$Division (RaftServerImpl.java:setRole(284)) - f236ad39-c3c5-4538-b46e-e838d72f44b7@group-F71E5E32EC8E: changes role from  FOLLOWER to CANDIDATE at term 10 for changeToCandidate
2021-02-20 01:29:39,257 [Thread-434] INFO  server.RaftServerConfigKeys (ConfUtils.java:logGet(44)) - raft.server.leaderelection.pre-vote = false (custom)
2021-02-20 01:29:39,258 [Thread-434] INFO  impl.RoleInfo (RoleInfo.java:updateAndGet(130)) - f236ad39-c3c5-4538-b46e-e838d72f44b7: start f236ad39-c3c5-4538-b46e-e838d72f44b7@group-F71E5E32EC8E-LeaderElection20
2021-02-20 01:29:39,260 [f236ad39-c3c5-4538-b46e-e838d72f44b7@group-F71E5E32EC8E-LeaderElection20] INFO  impl.LeaderElection (LeaderElection.java:askForVotes(307)) - f236ad39-c3c5-4538-b46e-e838d72f44b7@group-F71E5E32EC8E-LeaderElection20 ELECTION round 0: submit vote requests at term 11 for -1: [f236ad39-c3c5-4538-b46e-e838d72f44b7|rpc:172.17.0.2:34705|priority:0, 2d8cb092-44a7-42fa-93c6-2025e443f331|rpc:172.17.0.2:38321|priority:1, 06e7b775-0a7d-45dc-8705-eb1795cf2a4d|rpc:172.17.0.2:42403|priority:0], old=null
2021-02-20 01:29:39,265 [grpc-default-executor-2] INFO  server.RaftServer$Division (RaftServerImpl.java:requestVote(1025)) - 2d8cb092-44a7-42fa-93c6-2025e443f331@group-F71E5E32EC8E: receive requestVote(ELECTION, f236ad39-c3c5-4538-b46e-e838d72f44b7, group-F71E5E32EC8E, 11, (t:0, i:0))
2021-02-20 01:29:39,265 [grpc-default-executor-3] INFO  server.RaftServer$Division (RaftServerImpl.java:requestVote(1025)) - 06e7b775-0a7d-45dc-8705-eb1795cf2a4d@group-F71E5E32EC8E: receive requestVote(ELECTION, f236ad39-c3c5-4538-b46e-e838d72f44b7, group-F71E5E32EC8E, 11, (t:0, i:0))
2021-02-20 01:29:39,265 [grpc-default-executor-2] INFO  impl.VoteContext (VoteContext.java:log(48)) - 2d8cb092-44a7-42fa-93c6-2025e443f331@group-F71E5E32EC8E-FOLLOWER: reject ELECTION from f236ad39-c3c5-4538-b46e-e838d72f44b7: our priority 1 > candidate's priority 0
2021-02-20 01:29:39,266 [grpc-default-executor-2] INFO  server.RaftServer$Division (RaftServerImpl.java:setRole(284)) - 2d8cb092-44a7-42fa-93c6-2025e443f331@group-F71E5E32EC8E: changes role from  FOLLOWER to FOLLOWER at term 11 for candidate:f236ad39-c3c5-4538-b46e-e838d72f44b7
2021-02-20 01:29:39,266 [grpc-default-executor-2] INFO  impl.RoleInfo (RoleInfo.java:shutdownFollowerState(108)) - 2d8cb092-44a7-42fa-93c6-2025e443f331: shutdown 2d8cb092-44a7-42fa-93c6-2025e443f331@group-F71E5E32EC8E-FollowerState
2021-02-20 01:29:39,266 [grpc-default-executor-2] INFO  impl.RoleInfo (RoleInfo.java:updateAndGet(130)) - 2d8cb092-44a7-42fa-93c6-2025e443f331: start 2d8cb092-44a7-42fa-93c6-2025e443f331@group-F71E5E32EC8E-FollowerState
2021-02-20 01:29:39,266 [Thread-433] INFO  impl.FollowerState (FollowerState.java:run(142)) - 2d8cb092-44a7-42fa-93c6-2025e443f331@group-F71E5E32EC8E-FollowerState was interrupted: {}
java.lang.InterruptedException: sleep interrupted
	at java.lang.Thread.sleep(Native Method)
	at java.lang.Thread.sleep(Thread.java:340)
	at java.util.concurrent.TimeUnit.sleep(TimeUnit.java:386)
	at org.apache.ratis.util.TimeDuration.sleep(TimeDuration.java:324)
	at org.apache.ratis.util.TimeDuration.sleep(TimeDuration.java:309)
	at org.apache.ratis.server.impl.FollowerState.run(FollowerState.java:117)
2021-02-20 01:29:39,265 [grpc-default-executor-3] INFO  impl.VoteContext (VoteContext.java:log(48)) - 06e7b775-0a7d-45dc-8705-eb1795cf2a4d@group-F71E5E32EC8E-FOLLOWER: accept ELECTION from f236ad39-c3c5-4538-b46e-e838d72f44b7: our priority 0 <= candidate's priority 0
2021-02-20 01:29:39,266 [grpc-default-executor-3] INFO  server.RaftServer$Division (RaftServerImpl.java:setRole(284)) - 06e7b775-0a7d-45dc-8705-eb1795cf2a4d@group-F71E5E32EC8E: changes role from  FOLLOWER to FOLLOWER at term 11 for candidate:f236ad39-c3c5-4538-b46e-e838d72f44b7
2021-02-20 01:29:39,266 [grpc-default-executor-3] INFO  impl.RoleInfo (RoleInfo.java:shutdownFollowerState(108)) - 06e7b775-0a7d-45dc-8705-eb1795cf2a4d: shutdown 06e7b775-0a7d-45dc-8705-eb1795cf2a4d@group-F71E5E32EC8E-FollowerState
2021-02-20 01:29:39,274 [Thread-435] INFO  impl.FollowerState (FollowerState.java:run(142)) - 06e7b775-0a7d-45dc-8705-eb1795cf2a4d@group-F71E5E32EC8E-FollowerState was interrupted: {}
java.lang.InterruptedException: sleep interrupted
	at java.lang.Thread.sleep(Native Method)
	at java.lang.Thread.sleep(Thread.java:340)
	at java.util.concurrent.TimeUnit.sleep(TimeUnit.java:386)
	at org.apache.ratis.util.TimeDuration.sleep(TimeDuration.java:324)
	at org.apache.ratis.util.TimeDuration.sleep(TimeDuration.java:309)
	at org.apache.ratis.server.impl.FollowerState.run(FollowerState.java:117)
2021-02-20 01:29:39,274 [grpc-default-executor-3] INFO  impl.RoleInfo (RoleInfo.java:updateAndGet(130)) - 06e7b775-0a7d-45dc-8705-eb1795cf2a4d: start 06e7b775-0a7d-45dc-8705-eb1795cf2a4d@group-F71E5E32EC8E-FollowerState
2021-02-20 01:29:39,276 [grpc-default-executor-3] INFO  server.RaftServer$Division (RaftServerImpl.java:requestVote(1057)) - 06e7b775-0a7d-45dc-8705-eb1795cf2a4d@group-F71E5E32EC8E replies to ELECTION vote request: f236ad39-c3c5-4538-b46e-e838d72f44b7<-06e7b775-0a7d-45dc-8705-eb1795cf2a4d#0:OK-t11. Peer's state: 06e7b775-0a7d-45dc-8705-eb1795cf2a4d@group-F71E5E32EC8E:t11, leader=null, voted=f236ad39-c3c5-4538-b46e-e838d72f44b7, raftlog=06e7b775-0a7d-45dc-8705-eb1795cf2a4d@group-F71E5E32EC8E-SegmentedRaftLog:OPENED:c-1,f-1,i0, conf=-1: [f236ad39-c3c5-4538-b46e-e838d72f44b7|rpc:172.17.0.2:34705|priority:0, 2d8cb092-44a7-42fa-93c6-2025e443f331|rpc:172.17.0.2:38321|priority:1, 06e7b775-0a7d-45dc-8705-eb1795cf2a4d|rpc:172.17.0.2:42403|priority:0], old=null
2021-02-20 01:29:39,278 [grpc-default-executor-2] INFO  server.RaftServer$Division (RaftServerImpl.java:requestVote(1057)) - 2d8cb092-44a7-42fa-93c6-2025e443f331@group-F71E5E32EC8E replies to ELECTION vote request: f236ad39-c3c5-4538-b46e-e838d72f44b7<-2d8cb092-44a7-42fa-93c6-2025e443f331#0:FAIL-t11. Peer's state: 2d8cb092-44a7-42fa-93c6-2025e443f331@group-F71E5E32EC8E:t11, leader=null, voted=null, raftlog=2d8cb092-44a7-42fa-93c6-2025e443f331@group-F71E5E32EC8E-SegmentedRaftLog:OPENED:c-1,f-1,i0, conf=-1: [f236ad39-c3c5-4538-b46e-e838d72f44b7|rpc:172.17.0.2:34705|priority:0, 2d8cb092-44a7-42fa-93c6-2025e443f331|rpc:172.17.0.2:38321|priority:1, 06e7b775-0a7d-45dc-8705-eb1795cf2a4d|rpc:172.17.0.2:42403|priority:0], old=null
2021-02-20 01:29:39,279 [f236ad39-c3c5-4538-b46e-e838d72f44b7@group-F71E5E32EC8E-LeaderElection20] INFO  impl.LeaderElection (LeaderElection.java:logAndReturn(89)) - f236ad39-c3c5-4538-b46e-e838d72f44b7@group-F71E5E32EC8E-LeaderElection20: ELECTION REJECTED received 1 response(s) and 0 exception(s):
2021-02-20 01:29:39,282 [f236ad39-c3c5-4538-b46e-e838d72f44b7@group-F71E5E32EC8E-LeaderElection20] INFO  impl.LeaderElection (LeaderElection.java:logAndReturn(93)) -   Response 0: f236ad39-c3c5-4538-b46e-e838d72f44b7<-2d8cb092-44a7-42fa-93c6-2025e443f331#0:FAIL-t11
2021-02-20 01:29:39,282 [f236ad39-c3c5-4538-b46e-e838d72f44b7@group-F71E5E32EC8E-LeaderElection20] INFO  impl.LeaderElection (LeaderElection.java:askForVotes(309)) - f236ad39-c3c5-4538-b46e-e838d72f44b7@group-F71E5E32EC8E-LeaderElection20 ELECTION round 0: result REJECTED
2021-02-20 01:29:39,282 [f236ad39-c3c5-4538-b46e-e838d72f44b7@group-F71E5E32EC8E-LeaderElection20] INFO  server.RaftServer$Division (RaftServerImpl.java:setRole(284)) - f236ad39-c3c5-4538-b46e-e838d72f44b7@group-F71E5E32EC8E: changes role from CANDIDATE to FOLLOWER at term 11 for REJECTED
2021-02-20 01:29:39,282 [f236ad39-c3c5-4538-b46e-e838d72f44b7@group-F71E5E32EC8E-LeaderElection20] INFO  impl.RoleInfo (RoleInfo.java:shutdownLeaderElection(121)) - f236ad39-c3c5-4538-b46e-e838d72f44b7: shutdown f236ad39-c3c5-4538-b46e-e838d72f44b7@group-F71E5E32EC8E-LeaderElection20
2021-02-20 01:29:39,282 [f236ad39-c3c5-4538-b46e-e838d72f44b7@group-F71E5E32EC8E-LeaderElection20] INFO  impl.RoleInfo (RoleInfo.java:updateAndGet(130)) - f236ad39-c3c5-4538-b46e-e838d72f44b7: start f236ad39-c3c5-4538-b46e-e838d72f44b7@group-F71E5E32EC8E-FollowerState
2021-02-20 01:29:39,714 [EventQueue-PipelineReportForOneReplicaPipelineSafeModeRule] INFO  safemode.SCMSafeModeManager (SCMSafeModeManager.java:validateSafeModeExitRules(214)) - AtleastOneDatanodeReportedRule rule is successfully validated
2021-02-20 01:29:39,715 [EventQueue-OpenPipelineForHealthyPipelineSafeModeRule] INFO  safemode.SCMSafeModeManager (HealthyPipelineSafeModeRule.java:process(128)) - SCM in safe mode. Healthy pipelines reported count is 0, required healthy pipeline reported count is 1
2021-02-20 01:29:40,328 [Time-limited test] INFO  ozoneimpl.OzoneContainer (OzoneContainer.java:stop(273)) - Attempting to stop container services.
2021-02-20 01:29:40,328 [ForkJoinPool.commonPool-worker-1] INFO  ozoneimpl.OzoneContainer (OzoneContainer.java:stop(273)) - Attempting to stop container services.
2021-02-20 01:29:40,328 [ForkJoinPool.commonPool-worker-1] INFO  server.RaftServer (RaftServerProxy.java:lambda$close$6(391)) - 06e7b775-0a7d-45dc-8705-eb1795cf2a4d: close
2021-02-20 01:29:40,329 [ForkJoinPool.commonPool-worker-1] INFO  server.RaftServer$Division (RaftServerImpl.java:lambda$close$4(406)) - 06e7b775-0a7d-45dc-8705-eb1795cf2a4d@group-AED50F89A633: shutdown
2021-02-20 01:29:40,329 [ForkJoinPool.commonPool-worker-1] INFO  util.JmxRegister (JmxRegister.java:unregister(73)) - Successfully un-registered JMX Bean with object name Ratis:service=RaftServer,group=group-AED50F89A633,id=06e7b775-0a7d-45dc-8705-eb1795cf2a4d
2021-02-20 01:29:40,329 [ForkJoinPool.commonPool-worker-1] INFO  impl.RoleInfo (RoleInfo.java:shutdownLeaderState(91)) - 06e7b775-0a7d-45dc-8705-eb1795cf2a4d: shutdown 06e7b775-0a7d-45dc-8705-eb1795cf2a4d@group-AED50F89A633-LeaderStateImpl
2021-02-20 01:29:40,329 [Time-limited test] INFO  server.RaftServer (RaftServerProxy.java:lambda$close$6(391)) - f236ad39-c3c5-4538-b46e-e838d72f44b7: close
2021-02-20 01:29:40,329 [ForkJoinPool.commonPool-worker-1] INFO  impl.PendingRequests (PendingRequests.java:sendNotLeaderResponses(249)) - 06e7b775-0a7d-45dc-8705-eb1795cf2a4d@group-AED50F89A633-PendingRequests: sendNotLeaderResponses
2021-02-20 01:29:40,330 [Time-limited test] INFO  server.RaftServer$Division (RaftServerImpl.java:lambda$close$4(406)) - f236ad39-c3c5-4538-b46e-e838d72f44b7@group-F71E5E32EC8E: shutdown
2021-02-20 01:29:40,330 [Time-limited test] INFO  util.JmxRegister (JmxRegister.java:unregister(73)) - Successfully un-registered JMX Bean with object name Ratis:service=RaftServer,group=group-F71E5E32EC8E,id=f236ad39-c3c5-4538-b46e-e838d72f44b7
2021-02-20 01:29:40,330 [Time-limited test] INFO  impl.RoleInfo (RoleInfo.java:shutdownFollowerState(108)) - f236ad39-c3c5-4538-b46e-e838d72f44b7: shutdown f236ad39-c3c5-4538-b46e-e838d72f44b7@group-F71E5E32EC8E-FollowerState
2021-02-20 01:29:40,330 [ForkJoinPool.commonPool-worker-1] INFO  metrics.RatisMetrics (RatisMetrics.java:unregister(43)) - Unregistering Metrics Registry : ratis.log_appender.06e7b775-0a7d-45dc-8705-eb1795cf2a4d@group-AED50F89A633
2021-02-20 01:29:40,330 [Time-limited test] INFO  impl.StateMachineUpdater (StateMachineUpdater.java:stopAndJoin(148)) - f236ad39-c3c5-4538-b46e-e838d72f44b7@group-F71E5E32EC8E-StateMachineUpdater: set stopIndex = -1
2021-02-20 01:29:40,331 [ForkJoinPool.commonPool-worker-1] INFO  metrics.RatisMetrics (RatisMetrics.java:unregister(43)) - Unregistering Metrics Registry : ratis.server.06e7b775-0a7d-45dc-8705-eb1795cf2a4d@group-AED50F89A633
2021-02-20 01:29:40,331 [Thread-445] INFO  impl.FollowerState (FollowerState.java:run(142)) - f236ad39-c3c5-4538-b46e-e838d72f44b7@group-F71E5E32EC8E-FollowerState was interrupted: {}
java.lang.InterruptedException: sleep interrupted
	at java.lang.Thread.sleep(Native Method)
	at java.lang.Thread.sleep(Thread.java:340)
	at java.util.concurrent.TimeUnit.sleep(TimeUnit.java:386)
	at org.apache.ratis.util.TimeDuration.sleep(TimeDuration.java:324)
	at org.apache.ratis.util.TimeDuration.sleep(TimeDuration.java:309)
	at org.apache.ratis.server.impl.FollowerState.run(FollowerState.java:117)
2021-02-20 01:29:40,334 [06e7b775-0a7d-45dc-8705-eb1795cf2a4d@group-AED50F89A633-StateMachineUpdater] INFO  ratis.ContainerStateMachine (ContainerStateMachine.java:takeSnapshot(291)) - group-AED50F89A633: Taking a snapshot at:(t:1, i:0) file /github/workspace/mnt/ozone/hadoop-ozone/integration-test/target/test-dir/MiniOzoneClusterImpl-46d75fb8-28db-4144-ad70-95b93bf7853c/datanode-0/data/ratis/38bd83a5-8a7b-437b-97c5-aed50f89a633/sm/snapshot.1_0
2021-02-20 01:29:40,334 [ForkJoinPool.commonPool-worker-1] INFO  impl.StateMachineUpdater (StateMachineUpdater.java:stopAndJoin(148)) - 06e7b775-0a7d-45dc-8705-eb1795cf2a4d@group-AED50F89A633-StateMachineUpdater: set stopIndex = 0
2021-02-20 01:29:40,332 [f236ad39-c3c5-4538-b46e-e838d72f44b7@group-F71E5E32EC8E-StateMachineUpdater] INFO  metrics.RatisMetrics (RatisMetrics.java:unregister(43)) - Unregistering Metrics Registry : ratis.state_machine.f236ad39-c3c5-4538-b46e-e838d72f44b7@group-F71E5E32EC8E
2021-02-20 01:29:40,336 [Time-limited test] INFO  server.RaftServer$Division (ServerState.java:close(405)) - f236ad39-c3c5-4538-b46e-e838d72f44b7@group-F71E5E32EC8E: closes. applyIndex: -1
2021-02-20 01:29:40,335 [06e7b775-0a7d-45dc-8705-eb1795cf2a4d@group-AED50F89A633-StateMachineUpdater] INFO  ratis.ContainerStateMachine (ContainerStateMachine.java:takeSnapshot(302)) - group-AED50F89A633: Finished taking a snapshot at:(t:1, i:0) file:/github/workspace/mnt/ozone/hadoop-ozone/integration-test/target/test-dir/MiniOzoneClusterImpl-46d75fb8-28db-4144-ad70-95b93bf7853c/datanode-0/data/ratis/38bd83a5-8a7b-437b-97c5-aed50f89a633/sm/snapshot.1_0 took: 1 ms
2021-02-20 01:29:40,336 [f236ad39-c3c5-4538-b46e-e838d72f44b7@group-F71E5E32EC8E-SegmentedRaftLogWorker] INFO  segmented.SegmentedRaftLogWorker (SegmentedRaftLogWorker.java:run(326)) - f236ad39-c3c5-4538-b46e-e838d72f44b7@group-F71E5E32EC8E-SegmentedRaftLogWorker was interrupted, exiting. There are 0 tasks remaining in the queue.
2021-02-20 01:29:40,336 [06e7b775-0a7d-45dc-8705-eb1795cf2a4d@group-AED50F89A633-StateMachineUpdater] INFO  impl.StateMachineUpdater (StateMachineUpdater.java:takeSnapshot(279)) - 06e7b775-0a7d-45dc-8705-eb1795cf2a4d@group-AED50F89A633-StateMachineUpdater: Took a snapshot at index 0
2021-02-20 01:29:40,336 [06e7b775-0a7d-45dc-8705-eb1795cf2a4d@group-AED50F89A633-StateMachineUpdater] INFO  impl.StateMachineUpdater (StateMachineUpdater.java:lambda$new$0(88)) - 06e7b775-0a7d-45dc-8705-eb1795cf2a4d@group-AED50F89A633-StateMachineUpdater: snapshotIndex: updateIncreasingly -1 -> 0
2021-02-20 01:29:40,336 [Time-limited test] INFO  segmented.SegmentedRaftLogWorker (SegmentedRaftLogWorker.java:close(236)) - f236ad39-c3c5-4538-b46e-e838d72f44b7@group-F71E5E32EC8E-SegmentedRaftLogWorker close()
2021-02-20 01:29:40,336 [06e7b775-0a7d-45dc-8705-eb1795cf2a4d@group-AED50F89A633-StateMachineUpdater] INFO  metrics.RatisMetrics (RatisMetrics.java:unregister(43)) - Unregistering Metrics Registry : ratis.state_machine.06e7b775-0a7d-45dc-8705-eb1795cf2a4d@group-AED50F89A633
2021-02-20 01:29:40,338 [ForkJoinPool.commonPool-worker-1] INFO  server.RaftServer$Division (ServerState.java:close(405)) - 06e7b775-0a7d-45dc-8705-eb1795cf2a4d@group-AED50F89A633: closes. applyIndex: 0
2021-02-20 01:29:40,339 [06e7b775-0a7d-45dc-8705-eb1795cf2a4d@group-AED50F89A633-SegmentedRaftLogWorker] INFO  segmented.SegmentedRaftLogWorker (SegmentedRaftLogWorker.java:run(326)) - 06e7b775-0a7d-45dc-8705-eb1795cf2a4d@group-AED50F89A633-SegmentedRaftLogWorker was interrupted, exiting. There are 0 tasks remaining in the queue.
2021-02-20 01:29:40,339 [Time-limited test] INFO  metrics.RatisMetrics (RatisMetrics.java:unregister(43)) - Unregistering Metrics Registry : ratis.log_worker.f236ad39-c3c5-4538-b46e-e838d72f44b7@group-F71E5E32EC8E
2021-02-20 01:29:40,339 [Time-limited test] INFO  metrics.RatisMetrics (RatisMetrics.java:unregister(43)) - Unregistering Metrics Registry : ratis.leader_election.f236ad39-c3c5-4538-b46e-e838d72f44b7@group-F71E5E32EC8E
2021-02-20 01:29:40,339 [Time-limited test] INFO  metrics.RatisMetrics (RatisMetrics.java:unregister(43)) - Unregistering Metrics Registry : ratis.server.f236ad39-c3c5-4538-b46e-e838d72f44b7@group-F71E5E32EC8E
2021-02-20 01:29:40,340 [Time-limited test] INFO  server.RaftServer$Division (RaftServerImpl.java:lambda$close$4(406)) - f236ad39-c3c5-4538-b46e-e838d72f44b7@group-FD5E32AE9570: shutdown
2021-02-20 01:29:40,340 [Time-limited test] INFO  util.JmxRegister (JmxRegister.java:unregister(73)) - Successfully un-registered JMX Bean with object name Ratis:service=RaftServer,group=group-FD5E32AE9570,id=f236ad39-c3c5-4538-b46e-e838d72f44b7
2021-02-20 01:29:40,340 [Time-limited test] INFO  impl.RoleInfo (RoleInfo.java:shutdownLeaderState(91)) - f236ad39-c3c5-4538-b46e-e838d72f44b7: shutdown f236ad39-c3c5-4538-b46e-e838d72f44b7@group-FD5E32AE9570-LeaderStateImpl
2021-02-20 01:29:40,340 [Time-limited test] INFO  impl.PendingRequests (PendingRequests.java:sendNotLeaderResponses(249)) - f236ad39-c3c5-4538-b46e-e838d72f44b7@group-FD5E32AE9570-PendingRequests: sendNotLeaderResponses
2021-02-20 01:29:40,340 [Time-limited test] INFO  metrics.RatisMetrics (RatisMetrics.java:unregister(43)) - Unregistering Metrics Registry : ratis.log_appender.f236ad39-c3c5-4538-b46e-e838d72f44b7@group-FD5E32AE9570
2021-02-20 01:29:40,340 [Time-limited test] INFO  metrics.RatisMetrics (RatisMetrics.java:unregister(43)) - Unregistering Metrics Registry : ratis.server.f236ad39-c3c5-4538-b46e-e838d72f44b7@group-FD5E32AE9570
2021-02-20 01:29:40,341 [Time-limited test] INFO  impl.StateMachineUpdater (StateMachineUpdater.java:stopAndJoin(148)) - f236ad39-c3c5-4538-b46e-e838d72f44b7@group-FD5E32AE9570-StateMachineUpdater: set stopIndex = 0
2021-02-20 01:29:40,341 [f236ad39-c3c5-4538-b46e-e838d72f44b7@group-FD5E32AE9570-StateMachineUpdater] INFO  ratis.ContainerStateMachine (ContainerStateMachine.java:takeSnapshot(291)) - group-FD5E32AE9570: Taking a snapshot at:(t:1, i:0) file /github/workspace/mnt/ozone/hadoop-ozone/integration-test/target/test-dir/MiniOzoneClusterImpl-46d75fb8-28db-4144-ad70-95b93bf7853c/datanode-1/data/ratis/c5937e09-ebc7-4a31-a8b6-fd5e32ae9570/sm/snapshot.1_0
2021-02-20 01:29:40,342 [f236ad39-c3c5-4538-b46e-e838d72f44b7@group-FD5E32AE9570-StateMachineUpdater] INFO  ratis.ContainerStateMachine (ContainerStateMachine.java:takeSnapshot(302)) - group-FD5E32AE9570: Finished taking a snapshot at:(t:1, i:0) file:/github/workspace/mnt/ozone/hadoop-ozone/integration-test/target/test-dir/MiniOzoneClusterImpl-46d75fb8-28db-4144-ad70-95b93bf7853c/datanode-1/data/ratis/c5937e09-ebc7-4a31-a8b6-fd5e32ae9570/sm/snapshot.1_0 took: 0 ms
2021-02-20 01:29:40,342 [f236ad39-c3c5-4538-b46e-e838d72f44b7@group-FD5E32AE9570-StateMachineUpdater] INFO  impl.StateMachineUpdater (StateMachineUpdater.java:takeSnapshot(279)) - f236ad39-c3c5-4538-b46e-e838d72f44b7@group-FD5E32AE9570-StateMachineUpdater: Took a snapshot at index 0
2021-02-20 01:29:40,342 [f236ad39-c3c5-4538-b46e-e838d72f44b7@group-FD5E32AE9570-StateMachineUpdater] INFO  impl.StateMachineUpdater (StateMachineUpdater.java:lambda$new$0(88)) - f236ad39-c3c5-4538-b46e-e838d72f44b7@group-FD5E32AE9570-StateMachineUpdater: snapshotIndex: updateIncreasingly -1 -> 0
2021-02-20 01:29:40,342 [f236ad39-c3c5-4538-b46e-e838d72f44b7@group-FD5E32AE9570-StateMachineUpdater] INFO  metrics.RatisMetrics (RatisMetrics.java:unregister(43)) - Unregistering Metrics Registry : ratis.state_machine.f236ad39-c3c5-4538-b46e-e838d72f44b7@group-FD5E32AE9570
2021-02-20 01:29:40,343 [Time-limited test] INFO  server.RaftServer$Division (ServerState.java:close(405)) - f236ad39-c3c5-4538-b46e-e838d72f44b7@group-FD5E32AE9570: closes. applyIndex: 0
2021-02-20 01:29:40,343 [f236ad39-c3c5-4538-b46e-e838d72f44b7@group-FD5E32AE9570-SegmentedRaftLogWorker] INFO  segmented.SegmentedRaftLogWorker (SegmentedRaftLogWorker.java:run(326)) - f236ad39-c3c5-4538-b46e-e838d72f44b7@group-FD5E32AE9570-SegmentedRaftLogWorker was interrupted, exiting. There are 0 tasks remaining in the queue.
2021-02-20 01:29:40,344 [Time-limited test] INFO  segmented.SegmentedRaftLogWorker (SegmentedRaftLogWorker.java:close(236)) - f236ad39-c3c5-4538-b46e-e838d72f44b7@group-FD5E32AE9570-SegmentedRaftLogWorker close()
2021-02-20 01:29:40,345 [ForkJoinPool.commonPool-worker-1] INFO  segmented.SegmentedRaftLogWorker (SegmentedRaftLogWorker.java:close(236)) - 06e7b775-0a7d-45dc-8705-eb1795cf2a4d@group-AED50F89A633-SegmentedRaftLogWorker close()
2021-02-20 01:29:40,345 [Time-limited test] INFO  metrics.RatisMetrics (RatisMetrics.java:unregister(43)) - Unregistering Metrics Registry : ratis.log_worker.f236ad39-c3c5-4538-b46e-e838d72f44b7@group-FD5E32AE9570
2021-02-20 01:29:40,346 [ForkJoinPool.commonPool-worker-1] INFO  metrics.RatisMetrics (RatisMetrics.java:unregister(43)) - Unregistering Metrics Registry : ratis.log_worker.06e7b775-0a7d-45dc-8705-eb1795cf2a4d@group-AED50F89A633
2021-02-20 01:29:40,346 [ForkJoinPool.commonPool-worker-1] INFO  metrics.RatisMetrics (RatisMetrics.java:unregister(43)) - Unregistering Metrics Registry : ratis.leader_election.06e7b775-0a7d-45dc-8705-eb1795cf2a4d@group-AED50F89A633
2021-02-20 01:29:40,346 [Time-limited test] INFO  metrics.RatisMetrics (RatisMetrics.java:unregister(43)) - Unregistering Metrics Registry : ratis.leader_election.f236ad39-c3c5-4538-b46e-e838d72f44b7@group-FD5E32AE9570
2021-02-20 01:29:40,346 [ForkJoinPool.commonPool-worker-1] INFO  metrics.RatisMetrics (RatisMetrics.java:unregister(43)) - Unregistering Metrics Registry : ratis.server.06e7b775-0a7d-45dc-8705-eb1795cf2a4d@group-AED50F89A633
2021-02-20 01:29:40,346 [Time-limited test] INFO  metrics.RatisMetrics (RatisMetrics.java:unregister(43)) - Unregistering Metrics Registry : ratis.server.f236ad39-c3c5-4538-b46e-e838d72f44b7@group-FD5E32AE9570
2021-02-20 01:29:40,347 [ForkJoinPool.commonPool-worker-1] INFO  server.RaftServer$Division (RaftServerImpl.java:lambda$close$4(406)) - 06e7b775-0a7d-45dc-8705-eb1795cf2a4d@group-F71E5E32EC8E: shutdown
2021-02-20 01:29:40,347 [ForkJoinPool.commonPool-worker-1] INFO  util.JmxRegister (JmxRegister.java:unregister(73)) - Successfully un-registered JMX Bean with object name Ratis:service=RaftServer,group=group-F71E5E32EC8E,id=06e7b775-0a7d-45dc-8705-eb1795cf2a4d
2021-02-20 01:29:40,347 [ForkJoinPool.commonPool-worker-1] INFO  impl.RoleInfo (RoleInfo.java:shutdownFollowerState(108)) - 06e7b775-0a7d-45dc-8705-eb1795cf2a4d: shutdown 06e7b775-0a7d-45dc-8705-eb1795cf2a4d@group-F71E5E32EC8E-FollowerState
2021-02-20 01:29:40,347 [Time-limited test] INFO  server.GrpcService (GrpcService.java:closeImpl(262)) - f236ad39-c3c5-4538-b46e-e838d72f44b7: shutdown server with port 34705 now
2021-02-20 01:29:40,348 [Thread-444] INFO  impl.FollowerState (FollowerState.java:run(142)) - 06e7b775-0a7d-45dc-8705-eb1795cf2a4d@group-F71E5E32EC8E-FollowerState was interrupted: {}
java.lang.InterruptedException: sleep interrupted
	at java.lang.Thread.sleep(Native Method)
	at java.lang.Thread.sleep(Thread.java:340)
	at java.util.concurrent.TimeUnit.sleep(TimeUnit.java:386)
	at org.apache.ratis.util.TimeDuration.sleep(TimeDuration.java:324)
	at org.apache.ratis.util.TimeDuration.sleep(TimeDuration.java:309)
	at org.apache.ratis.server.impl.FollowerState.run(FollowerState.java:117)
2021-02-20 01:29:40,348 [06e7b775-0a7d-45dc-8705-eb1795cf2a4d@group-F71E5E32EC8E-StateMachineUpdater] INFO  metrics.RatisMetrics (RatisMetrics.java:unregister(43)) - Unregistering Metrics Registry : ratis.state_machine.06e7b775-0a7d-45dc-8705-eb1795cf2a4d@group-F71E5E32EC8E
2021-02-20 01:29:40,349 [ForkJoinPool.commonPool-worker-1] INFO  impl.StateMachineUpdater (StateMachineUpdater.java:stopAndJoin(148)) - 06e7b775-0a7d-45dc-8705-eb1795cf2a4d@group-F71E5E32EC8E-StateMachineUpdater: set stopIndex = -1
2021-02-20 01:29:40,351 [ForkJoinPool.commonPool-worker-1] INFO  server.RaftServer$Division (ServerState.java:close(405)) - 06e7b775-0a7d-45dc-8705-eb1795cf2a4d@group-F71E5E32EC8E: closes. applyIndex: -1
2021-02-20 01:29:40,351 [06e7b775-0a7d-45dc-8705-eb1795cf2a4d@group-F71E5E32EC8E-SegmentedRaftLogWorker] INFO  segmented.SegmentedRaftLogWorker (SegmentedRaftLogWorker.java:run(326)) - 06e7b775-0a7d-45dc-8705-eb1795cf2a4d@group-F71E5E32EC8E-SegmentedRaftLogWorker was interrupted, exiting. There are 0 tasks remaining in the queue.
2021-02-20 01:29:40,355 [ForkJoinPool.commonPool-worker-1] INFO  segmented.SegmentedRaftLogWorker (SegmentedRaftLogWorker.java:close(236)) - 06e7b775-0a7d-45dc-8705-eb1795cf2a4d@group-F71E5E32EC8E-SegmentedRaftLogWorker close()
2021-02-20 01:29:40,357 [ForkJoinPool.commonPool-worker-1] INFO  metrics.RatisMetrics (RatisMetrics.java:unregister(43)) - Unregistering Metrics Registry : ratis.log_worker.06e7b775-0a7d-45dc-8705-eb1795cf2a4d@group-F71E5E32EC8E
2021-02-20 01:29:40,358 [ForkJoinPool.commonPool-worker-1] INFO  metrics.RatisMetrics (RatisMetrics.java:unregister(43)) - Unregistering Metrics Registry : ratis.leader_election.06e7b775-0a7d-45dc-8705-eb1795cf2a4d@group-F71E5E32EC8E
2021-02-20 01:29:40,358 [ForkJoinPool.commonPool-worker-1] INFO  metrics.RatisMetrics (RatisMetrics.java:unregister(43)) - Unregistering Metrics Registry : ratis.server.06e7b775-0a7d-45dc-8705-eb1795cf2a4d@group-F71E5E32EC8E
2021-02-20 01:29:40,359 [ForkJoinPool.commonPool-worker-1] INFO  server.GrpcService (GrpcService.java:closeImpl(262)) - 06e7b775-0a7d-45dc-8705-eb1795cf2a4d: shutdown server with port 42403 now
2021-02-20 01:29:40,358 [Time-limited test] INFO  server.GrpcService (GrpcService.java:closeImpl(271)) - f236ad39-c3c5-4538-b46e-e838d72f44b7: shutdown server with port 34705 successfully
2021-02-20 01:29:40,359 [org.apache.ratis.util.JvmPauseMonitor$$Lambda$504/250053350@4eaa86a1] INFO  util.JvmPauseMonitor (JvmPauseMonitor.java:run(109)) - JvmPauseMonitor-f236ad39-c3c5-4538-b46e-e838d72f44b7: Stopped
2021-02-20 01:29:40,362 [Time-limited test] INFO  utils.BackgroundService (BackgroundService.java:shutdown(132)) - Shutting down service BlockDeletingService
2021-02-20 01:29:40,368 [Time-limited test] INFO  statemachine.DatanodeStateMachine (DatanodeStateMachine.java:stopDaemon(469)) - Ozone container server stopped.
2021-02-20 01:29:40,378 [ForkJoinPool.commonPool-worker-1] INFO  server.GrpcService (GrpcService.java:closeImpl(271)) - 06e7b775-0a7d-45dc-8705-eb1795cf2a4d: shutdown server with port 42403 successfully
2021-02-20 01:29:40,378 [org.apache.ratis.util.JvmPauseMonitor$$Lambda$504/250053350@15e0f4e3] INFO  util.JvmPauseMonitor (JvmPauseMonitor.java:run(109)) - JvmPauseMonitor-06e7b775-0a7d-45dc-8705-eb1795cf2a4d: Stopped
2021-02-20 01:29:40,379 [ForkJoinPool.commonPool-worker-1] INFO  utils.BackgroundService (BackgroundService.java:shutdown(132)) - Shutting down service BlockDeletingService
2021-02-20 01:29:40,381 [Time-limited test] INFO  handler.ContextHandler (ContextHandler.java:doStop(1154)) - Stopped o.e.j.w.WebAppContext@21a0b949{hddsDatanode,/,null,STOPPED}{jar:file:/home/user/.m2/repository/org/apache/hadoop/hadoop-hdds-container-service/1.1.0-SNAPSHOT/hadoop-hdds-container-service-1.1.0-SNAPSHOT.jar!/webapps/hddsDatanode}
2021-02-20 01:29:40,382 [ForkJoinPool.commonPool-worker-1] INFO  statemachine.DatanodeStateMachine (DatanodeStateMachine.java:stopDaemon(469)) - Ozone container server stopped.
2021-02-20 01:29:40,382 [Time-limited test] INFO  server.AbstractConnector (AbstractConnector.java:doStop(381)) - Stopped ServerConnector@37df9be6{HTTP/1.1, (http/1.1)}{0.0.0.0:0}
2021-02-20 01:29:40,383 [Time-limited test] INFO  server.session (HouseKeeper.java:stopScavenging(149)) - node0 Stopped scavenging
2021-02-20 01:29:40,391 [Time-limited test] INFO  handler.ContextHandler (ContextHandler.java:doStop(1154)) - Stopped o.e.j.s.ServletContextHandler@75da9a10{static,/static,jar:file:/home/user/.m2/repository/org/apache/hadoop/hadoop-hdds-container-service/1.1.0-SNAPSHOT/hadoop-hdds-container-service-1.1.0-SNAPSHOT.jar!/webapps/static,STOPPED}
2021-02-20 01:29:40,391 [Time-limited test] INFO  handler.ContextHandler (ContextHandler.java:doStop(1154)) - Stopped o.e.j.s.ServletContextHandler@111bfef2{logs,/logs,file:///github/workspace/mnt/ozone/hadoop-ozone/integration-test/target/log,STOPPED}
2021-02-20 01:29:40,400 [ForkJoinPool.commonPool-worker-1] INFO  handler.ContextHandler (ContextHandler.java:doStop(1154)) - Stopped o.e.j.w.WebAppContext@1a06caa9{hddsDatanode,/,null,STOPPED}{jar:file:/home/user/.m2/repository/org/apache/hadoop/hadoop-hdds-container-service/1.1.0-SNAPSHOT/hadoop-hdds-container-service-1.1.0-SNAPSHOT.jar!/webapps/hddsDatanode}
2021-02-20 01:29:40,400 [ForkJoinPool.commonPool-worker-1] INFO  server.AbstractConnector (AbstractConnector.java:doStop(381)) - Stopped ServerConnector@3e11a8a4{HTTP/1.1, (http/1.1)}{0.0.0.0:0}
2021-02-20 01:29:40,400 [ForkJoinPool.commonPool-worker-1] INFO  server.session (HouseKeeper.java:stopScavenging(149)) - node0 Stopped scavenging
2021-02-20 01:29:40,402 [ForkJoinPool.commonPool-worker-1] INFO  handler.ContextHandler (ContextHandler.java:doStop(1154)) - Stopped o.e.j.s.ServletContextHandler@66af5934{static,/static,jar:file:/home/user/.m2/repository/org/apache/hadoop/hadoop-hdds-container-service/1.1.0-SNAPSHOT/hadoop-hdds-container-service-1.1.0-SNAPSHOT.jar!/webapps/static,STOPPED}
2021-02-20 01:29:40,402 [ForkJoinPool.commonPool-worker-1] INFO  handler.ContextHandler (ContextHandler.java:doStop(1154)) - Stopped o.e.j.s.ServletContextHandler@60a3dc02{logs,/logs,file:///github/workspace/mnt/ozone/hadoop-ozone/integration-test/target/log,STOPPED}
2021-02-20 01:29:40,713 [Datanode State Machine Thread - 0] INFO  statemachine.DatanodeStateMachine (DatanodeStateMachine.java:lambda$startDaemon$0(411)) - Ozone container server started.
2021-02-20 01:29:44,369 [Thread-443] INFO  impl.FollowerState (FollowerState.java:run(133)) - 2d8cb092-44a7-42fa-93c6-2025e443f331@group-F71E5E32EC8E-FollowerState: change to CANDIDATE, lastRpcElapsedTime:5103382492ns, electionTimeout:5090ms
2021-02-20 01:29:44,369 [Thread-443] INFO  impl.RoleInfo (RoleInfo.java:shutdownFollowerState(108)) - 2d8cb092-44a7-42fa-93c6-2025e443f331: shutdown 2d8cb092-44a7-42fa-93c6-2025e443f331@group-F71E5E32EC8E-FollowerState
2021-02-20 01:29:44,370 [Thread-443] INFO  server.RaftServer$Division (RaftServerImpl.java:setRole(284)) - 2d8cb092-44a7-42fa-93c6-2025e443f331@group-F71E5E32EC8E: changes role from  FOLLOWER to CANDIDATE at term 11 for changeToCandidate
2021-02-20 01:29:44,370 [Thread-443] INFO  server.RaftServerConfigKeys (ConfUtils.java:logGet(44)) - raft.server.leaderelection.pre-vote = false (custom)
2021-02-20 01:29:44,370 [Thread-443] INFO  impl.RoleInfo (RoleInfo.java:updateAndGet(130)) - 2d8cb092-44a7-42fa-93c6-2025e443f331: start 2d8cb092-44a7-42fa-93c6-2025e443f331@group-F71E5E32EC8E-LeaderElection21
2021-02-20 01:29:44,377 [2d8cb092-44a7-42fa-93c6-2025e443f331@group-F71E5E32EC8E-LeaderElection21] INFO  impl.LeaderElection (LeaderElection.java:askForVotes(307)) - 2d8cb092-44a7-42fa-93c6-2025e443f331@group-F71E5E32EC8E-LeaderElection21 ELECTION round 0: submit vote requests at term 12 for -1: [f236ad39-c3c5-4538-b46e-e838d72f44b7|rpc:172.17.0.2:34705|priority:0, 2d8cb092-44a7-42fa-93c6-2025e443f331|rpc:172.17.0.2:38321|priority:1, 06e7b775-0a7d-45dc-8705-eb1795cf2a4d|rpc:172.17.0.2:42403|priority:0], old=null
2021-02-20 01:29:44,392 [2d8cb092-44a7-42fa-93c6-2025e443f331@group-F71E5E32EC8E-LeaderElection21] INFO  impl.LeaderElection (LogUtils.java:infoOrTrace(137)) - 2d8cb092-44a7-42fa-93c6-2025e443f331@group-F71E5E32EC8E-LeaderElection21 got exception when requesting votes: java.util.concurrent.ExecutionException: org.apache.ratis.thirdparty.io.grpc.StatusRuntimeException: UNAVAILABLE: io exception
2021-02-20 01:29:44,394 [2d8cb092-44a7-42fa-93c6-2025e443f331@group-F71E5E32EC8E-LeaderElection21] INFO  impl.LeaderElection (LogUtils.java:infoOrTrace(137)) - 2d8cb092-44a7-42fa-93c6-2025e443f331@group-F71E5E32EC8E-LeaderElection21 got exception when requesting votes: java.util.concurrent.ExecutionException: org.apache.ratis.thirdparty.io.grpc.StatusRuntimeException: UNAVAILABLE: io exception
2021-02-20 01:29:44,394 [2d8cb092-44a7-42fa-93c6-2025e443f331@group-F71E5E32EC8E-LeaderElection21] INFO  impl.LeaderElection (LeaderElection.java:logAndReturn(89)) - 2d8cb092-44a7-42fa-93c6-2025e443f331@group-F71E5E32EC8E-LeaderElection21: ELECTION REJECTED received 0 response(s) and 2 exception(s):
2021-02-20 01:29:44,394 [2d8cb092-44a7-42fa-93c6-2025e443f331@group-F71E5E32EC8E-LeaderElection21] INFO  impl.LeaderElection (LogUtils.java:infoOrTrace(137)) -   Exception 0: java.util.concurrent.ExecutionException: org.apache.ratis.thirdparty.io.grpc.StatusRuntimeException: UNAVAILABLE: io exception
2021-02-20 01:29:44,394 [2d8cb092-44a7-42fa-93c6-2025e443f331@group-F71E5E32EC8E-LeaderElection21] INFO  impl.LeaderElection (LogUtils.java:infoOrTrace(137)) -   Exception 1: java.util.concurrent.ExecutionException: org.apache.ratis.thirdparty.io.grpc.StatusRuntimeException: UNAVAILABLE: io exception
2021-02-20 01:29:44,394 [2d8cb092-44a7-42fa-93c6-2025e443f331@group-F71E5E32EC8E-LeaderElection21] INFO  impl.LeaderElection (LeaderElection.java:askForVotes(309)) - 2d8cb092-44a7-42fa-93c6-2025e443f331@group-F71E5E32EC8E-LeaderElection21 ELECTION round 0: result REJECTED
2021-02-20 01:29:44,394 [2d8cb092-44a7-42fa-93c6-2025e443f331@group-F71E5E32EC8E-LeaderElection21] INFO  server.RaftServer$Division (RaftServerImpl.java:setRole(284)) - 2d8cb092-44a7-42fa-93c6-2025e443f331@group-F71E5E32EC8E: changes role from CANDIDATE to FOLLOWER at term 12 for REJECTED
2021-02-20 01:29:44,395 [2d8cb092-44a7-42fa-93c6-2025e443f331@group-F71E5E32EC8E-LeaderElection21] INFO  impl.RoleInfo (RoleInfo.java:shutdownLeaderElection(121)) - 2d8cb092-44a7-42fa-93c6-2025e443f331: shutdown 2d8cb092-44a7-42fa-93c6-2025e443f331@group-F71E5E32EC8E-LeaderElection21
2021-02-20 01:29:44,395 [2d8cb092-44a7-42fa-93c6-2025e443f331@group-F71E5E32EC8E-LeaderElection21] INFO  impl.RoleInfo (RoleInfo.java:updateAndGet(130)) - 2d8cb092-44a7-42fa-93c6-2025e443f331: start 2d8cb092-44a7-42fa-93c6-2025e443f331@group-F71E5E32EC8E-FollowerState
2021-02-20 01:29:45,392 [Time-limited test] INFO  ozoneimpl.OzoneContainer (OzoneContainer.java:stop(273)) - Attempting to stop container services.
2021-02-20 01:29:45,393 [Time-limited test] INFO  server.RaftServer (RaftServerProxy.java:lambda$close$6(391)) - 2d8cb092-44a7-42fa-93c6-2025e443f331: close
2021-02-20 01:29:45,401 [Time-limited test] INFO  server.RaftServer$Division (RaftServerImpl.java:lambda$close$4(406)) - 2d8cb092-44a7-42fa-93c6-2025e443f331@group-F71E5E32EC8E: shutdown
2021-02-20 01:29:45,401 [Time-limited test] INFO  util.JmxRegister (JmxRegister.java:unregister(73)) - Successfully un-registered JMX Bean with object name Ratis:service=RaftServer,group=group-F71E5E32EC8E,id=2d8cb092-44a7-42fa-93c6-2025e443f331
2021-02-20 01:29:45,401 [Time-limited test] INFO  impl.RoleInfo (RoleInfo.java:shutdownFollowerState(108)) - 2d8cb092-44a7-42fa-93c6-2025e443f331: shutdown 2d8cb092-44a7-42fa-93c6-2025e443f331@group-F71E5E32EC8E-FollowerState
2021-02-20 01:29:45,401 [Time-limited test] INFO  impl.StateMachineUpdater (StateMachineUpdater.java:stopAndJoin(148)) - 2d8cb092-44a7-42fa-93c6-2025e443f331@group-F71E5E32EC8E-StateMachineUpdater: set stopIndex = -1
2021-02-20 01:29:45,402 [2d8cb092-44a7-42fa-93c6-2025e443f331@group-F71E5E32EC8E-StateMachineUpdater] INFO  metrics.RatisMetrics (RatisMetrics.java:unregister(43)) - Unregistering Metrics Registry : ratis.state_machine.2d8cb092-44a7-42fa-93c6-2025e443f331@group-F71E5E32EC8E
2021-02-20 01:29:45,401 [Thread-449] INFO  impl.FollowerState (FollowerState.java:run(142)) - 2d8cb092-44a7-42fa-93c6-2025e443f331@group-F71E5E32EC8E-FollowerState was interrupted: {}
java.lang.InterruptedException: sleep interrupted
	at java.lang.Thread.sleep(Native Method)
	at java.lang.Thread.sleep(Thread.java:340)
	at java.util.concurrent.TimeUnit.sleep(TimeUnit.java:386)
	at org.apache.ratis.util.TimeDuration.sleep(TimeDuration.java:324)
	at org.apache.ratis.util.TimeDuration.sleep(TimeDuration.java:309)
	at org.apache.ratis.server.impl.FollowerState.run(FollowerState.java:117)
2021-02-20 01:29:45,402 [Time-limited test] INFO  server.RaftServer$Division (ServerState.java:close(405)) - 2d8cb092-44a7-42fa-93c6-2025e443f331@group-F71E5E32EC8E: closes. applyIndex: -1
2021-02-20 01:29:45,403 [2d8cb092-44a7-42fa-93c6-2025e443f331@group-F71E5E32EC8E-SegmentedRaftLogWorker] INFO  segmented.SegmentedRaftLogWorker (SegmentedRaftLogWorker.java:run(326)) - 2d8cb092-44a7-42fa-93c6-2025e443f331@group-F71E5E32EC8E-SegmentedRaftLogWorker was interrupted, exiting. There are 0 tasks remaining in the queue.
2021-02-20 01:29:45,403 [Time-limited test] INFO  segmented.SegmentedRaftLogWorker (SegmentedRaftLogWorker.java:close(236)) - 2d8cb092-44a7-42fa-93c6-2025e443f331@group-F71E5E32EC8E-SegmentedRaftLogWorker close()
2021-02-20 01:29:45,403 [Time-limited test] INFO  metrics.RatisMetrics (RatisMetrics.java:unregister(43)) - Unregistering Metrics Registry : ratis.log_worker.2d8cb092-44a7-42fa-93c6-2025e443f331@group-F71E5E32EC8E
2021-02-20 01:29:45,404 [Time-limited test] INFO  metrics.RatisMetrics (RatisMetrics.java:unregister(43)) - Unregistering Metrics Registry : ratis.leader_election.2d8cb092-44a7-42fa-93c6-2025e443f331@group-F71E5E32EC8E
2021-02-20 01:29:45,404 [Time-limited test] INFO  metrics.RatisMetrics (RatisMetrics.java:unregister(43)) - Unregistering Metrics Registry : ratis.server.2d8cb092-44a7-42fa-93c6-2025e443f331@group-F71E5E32EC8E
2021-02-20 01:29:45,404 [Time-limited test] INFO  server.RaftServer$Division (RaftServerImpl.java:lambda$close$4(406)) - 2d8cb092-44a7-42fa-93c6-2025e443f331@group-CC6391A33D0F: shutdown
2021-02-20 01:29:45,404 [Time-limited test] INFO  util.JmxRegister (JmxRegister.java:unregister(73)) - Successfully un-registered JMX Bean with object name Ratis:service=RaftServer,group=group-CC6391A33D0F,id=2d8cb092-44a7-42fa-93c6-2025e443f331
2021-02-20 01:29:45,404 [Time-limited test] INFO  impl.RoleInfo (RoleInfo.java:shutdownLeaderState(91)) - 2d8cb092-44a7-42fa-93c6-2025e443f331: shutdown 2d8cb092-44a7-42fa-93c6-2025e443f331@group-CC6391A33D0F-LeaderStateImpl
2021-02-20 01:29:45,404 [Time-limited test] INFO  impl.PendingRequests (PendingRequests.java:sendNotLeaderResponses(249)) - 2d8cb092-44a7-42fa-93c6-2025e443f331@group-CC6391A33D0F-PendingRequests: sendNotLeaderResponses
2021-02-20 01:29:45,405 [Time-limited test] INFO  metrics.RatisMetrics (RatisMetrics.java:unregister(43)) - Unregistering Metrics Registry : ratis.log_appender.2d8cb092-44a7-42fa-93c6-2025e443f331@group-CC6391A33D0F
2021-02-20 01:29:45,405 [Time-limited test] INFO  metrics.RatisMetrics (RatisMetrics.java:unregister(43)) - Unregistering Metrics Registry : ratis.server.2d8cb092-44a7-42fa-93c6-2025e443f331@group-CC6391A33D0F
2021-02-20 01:29:45,405 [Time-limited test] INFO  impl.StateMachineUpdater (StateMachineUpdater.java:stopAndJoin(148)) - 2d8cb092-44a7-42fa-93c6-2025e443f331@group-CC6391A33D0F-StateMachineUpdater: set stopIndex = 0
2021-02-20 01:29:45,405 [2d8cb092-44a7-42fa-93c6-2025e443f331@group-CC6391A33D0F-StateMachineUpdater] INFO  ratis.ContainerStateMachine (ContainerStateMachine.java:takeSnapshot(291)) - group-CC6391A33D0F: Taking a snapshot at:(t:1, i:0) file /github/workspace/mnt/ozone/hadoop-ozone/integration-test/target/test-dir/MiniOzoneClusterImpl-46d75fb8-28db-4144-ad70-95b93bf7853c/datanode-2/data/ratis/b76a8ffd-9853-4bed-9423-cc6391a33d0f/sm/snapshot.1_0
2021-02-20 01:29:45,406 [2d8cb092-44a7-42fa-93c6-2025e443f331@group-CC6391A33D0F-StateMachineUpdater] INFO  ratis.ContainerStateMachine (ContainerStateMachine.java:takeSnapshot(302)) - group-CC6391A33D0F: Finished taking a snapshot at:(t:1, i:0) file:/github/workspace/mnt/ozone/hadoop-ozone/integration-test/target/test-dir/MiniOzoneClusterImpl-46d75fb8-28db-4144-ad70-95b93bf7853c/datanode-2/data/ratis/b76a8ffd-9853-4bed-9423-cc6391a33d0f/sm/snapshot.1_0 took: 1 ms
2021-02-20 01:29:45,407 [2d8cb092-44a7-42fa-93c6-2025e443f331@group-CC6391A33D0F-StateMachineUpdater] INFO  impl.StateMachineUpdater (StateMachineUpdater.java:takeSnapshot(279)) - 2d8cb092-44a7-42fa-93c6-2025e443f331@group-CC6391A33D0F-StateMachineUpdater: Took a snapshot at index 0
2021-02-20 01:29:45,407 [2d8cb092-44a7-42fa-93c6-2025e443f331@group-CC6391A33D0F-StateMachineUpdater] INFO  impl.StateMachineUpdater (StateMachineUpdater.java:lambda$new$0(88)) - 2d8cb092-44a7-42fa-93c6-2025e443f331@group-CC6391A33D0F-StateMachineUpdater: snapshotIndex: updateIncreasingly -1 -> 0
2021-02-20 01:29:45,407 [2d8cb092-44a7-42fa-93c6-2025e443f331@group-CC6391A33D0F-StateMachineUpdater] INFO  metrics.RatisMetrics (RatisMetrics.java:unregister(43)) - Unregistering Metrics Registry : ratis.state_machine.2d8cb092-44a7-42fa-93c6-2025e443f331@group-CC6391A33D0F
2021-02-20 01:29:45,407 [Time-limited test] INFO  server.RaftServer$Division (ServerState.java:close(405)) - 2d8cb092-44a7-42fa-93c6-2025e443f331@group-CC6391A33D0F: closes. applyIndex: 0
2021-02-20 01:29:45,407 [2d8cb092-44a7-42fa-93c6-2025e443f331@group-CC6391A33D0F-SegmentedRaftLogWorker] INFO  segmented.SegmentedRaftLogWorker (SegmentedRaftLogWorker.java:run(326)) - 2d8cb092-44a7-42fa-93c6-2025e443f331@group-CC6391A33D0F-SegmentedRaftLogWorker was interrupted, exiting. There are 0 tasks remaining in the queue.
2021-02-20 01:29:45,408 [Time-limited test] INFO  segmented.SegmentedRaftLogWorker (SegmentedRaftLogWorker.java:close(236)) - 2d8cb092-44a7-42fa-93c6-2025e443f331@group-CC6391A33D0F-SegmentedRaftLogWorker close()
2021-02-20 01:29:45,408 [Time-limited test] INFO  metrics.RatisMetrics (RatisMetrics.java:unregister(43)) - Unregistering Metrics Registry : ratis.log_worker.2d8cb092-44a7-42fa-93c6-2025e443f331@group-CC6391A33D0F
2021-02-20 01:29:45,409 [Time-limited test] INFO  metrics.RatisMetrics (RatisMetrics.java:unregister(43)) - Unregistering Metrics Registry : ratis.leader_election.2d8cb092-44a7-42fa-93c6-2025e443f331@group-CC6391A33D0F
2021-02-20 01:29:45,409 [Time-limited test] INFO  metrics.RatisMetrics (RatisMetrics.java:unregister(43)) - Unregistering Metrics Registry : ratis.server.2d8cb092-44a7-42fa-93c6-2025e443f331@group-CC6391A33D0F
2021-02-20 01:29:45,409 [Time-limited test] INFO  server.GrpcService (GrpcService.java:closeImpl(262)) - 2d8cb092-44a7-42fa-93c6-2025e443f331: shutdown server with port 38321 now
2021-02-20 01:29:45,415 [Time-limited test] INFO  server.GrpcService (GrpcService.java:closeImpl(271)) - 2d8cb092-44a7-42fa-93c6-2025e443f331: shutdown server with port 38321 successfully
2021-02-20 01:29:45,415 [org.apache.ratis.util.JvmPauseMonitor$$Lambda$504/250053350@4d3bd084] INFO  util.JvmPauseMonitor (JvmPauseMonitor.java:run(109)) - JvmPauseMonitor-2d8cb092-44a7-42fa-93c6-2025e443f331: Stopped
2021-02-20 01:29:45,417 [Time-limited test] INFO  utils.BackgroundService (BackgroundService.java:shutdown(132)) - Shutting down service BlockDeletingService
2021-02-20 01:29:45,420 [Time-limited test] INFO  statemachine.DatanodeStateMachine (DatanodeStateMachine.java:stopDaemon(469)) - Ozone container server stopped.
2021-02-20 01:29:45,429 [Time-limited test] INFO  handler.ContextHandler (ContextHandler.java:doStop(1154)) - Stopped o.e.j.w.WebAppContext@6e928cd0{hddsDatanode,/,null,STOPPED}{jar:file:/home/user/.m2/repository/org/apache/hadoop/hadoop-hdds-container-service/1.1.0-SNAPSHOT/hadoop-hdds-container-service-1.1.0-SNAPSHOT.jar!/webapps/hddsDatanode}
2021-02-20 01:29:45,429 [Time-limited test] INFO  server.AbstractConnector (AbstractConnector.java:doStop(381)) - Stopped ServerConnector@5ae99b0b{HTTP/1.1, (http/1.1)}{0.0.0.0:0}
2021-02-20 01:29:45,430 [Time-limited test] INFO  server.session (HouseKeeper.java:stopScavenging(149)) - node0 Stopped scavenging
2021-02-20 01:29:45,430 [Time-limited test] INFO  handler.ContextHandler (ContextHandler.java:doStop(1154)) - Stopped o.e.j.s.ServletContextHandler@2b22334f{static,/static,jar:file:/home/user/.m2/repository/org/apache/hadoop/hadoop-hdds-container-service/1.1.0-SNAPSHOT/hadoop-hdds-container-service-1.1.0-SNAPSHOT.jar!/webapps/static,STOPPED}
2021-02-20 01:29:45,431 [Time-limited test] INFO  handler.ContextHandler (ContextHandler.java:doStop(1154)) - Stopped o.e.j.s.ServletContextHandler@2a323edd{logs,/logs,file:///github/workspace/mnt/ozone/hadoop-ozone/integration-test/target/log,STOPPED}
2021-02-20 01:29:45,432 [Time-limited test] INFO  ozone.MiniOzoneClusterImpl (MiniOzoneClusterImpl.java:stopSCM(489)) - Stopping the StorageContainerManager
2021-02-20 01:29:45,432 [Time-limited test] INFO  server.StorageContainerManager (StorageContainerManager.java:stop(852)) - Stopping Replication Manager Service.
2021-02-20 01:29:45,432 [Time-limited test] INFO  container.ReplicationManager (ReplicationManager.java:stop(234)) - Replication Monitor Thread is not running.
2021-02-20 01:29:45,432 [Time-limited test] INFO  server.StorageContainerManager (StorageContainerManager.java:stop(859)) - Stopping the Datanode Admin Monitor.
2021-02-20 01:29:45,432 [Time-limited test] INFO  server.StorageContainerManager (StorageContainerManager.java:stop(866)) - Stopping Lease Manager of the command watchers
2021-02-20 01:29:45,432 [Time-limited test] INFO  server.StorageContainerManager (StorageContainerManager.java:stop(873)) - Stopping datanode service RPC server
2021-02-20 01:29:45,432 [Time-limited test] INFO  server.SCMDatanodeProtocolServer (SCMDatanodeProtocolServer.java:stop(369)) - Stopping the RPC server for DataNodes
2021-02-20 01:29:45,436 [Time-limited test] INFO  ipc.Server (Server.java:stop(3403)) - Stopping server on 39241
2021-02-20 01:29:45,437 [IPC Server listener on 0] INFO  ipc.Server (Server.java:run(1366)) - Stopping IPC Server listener on 0
2021-02-20 01:29:45,442 [IPC Server Responder] INFO  ipc.Server (Server.java:run(1502)) - Stopping IPC Server Responder
2021-02-20 01:29:45,502 [SCM Heartbeat Processing Thread - 0] WARN  node.NodeStateManager (NodeStateManager.java:scheduleNextHealthCheck(688)) - Current Thread is interrupted, shutting down HB processing thread for Node Manager.
2021-02-20 01:29:45,502 [Time-limited test] INFO  server.StorageContainerManager (StorageContainerManager.java:stop(881)) - Stopping block service RPC server
2021-02-20 01:29:45,502 [Time-limited test] INFO  server.SCMBlockProtocolServer (SCMBlockProtocolServer.java:stop(159)) - Stopping the RPC server for Block Protocol
2021-02-20 01:29:45,503 [Time-limited test] INFO  ipc.Server (Server.java:stop(3403)) - Stopping server on 43673
2021-02-20 01:29:45,505 [IPC Server listener on 0] INFO  ipc.Server (Server.java:run(1366)) - Stopping IPC Server listener on 0
2021-02-20 01:29:45,506 [IPC Server Responder] INFO  ipc.Server (Server.java:run(1502)) - Stopping IPC Server Responder
2021-02-20 01:29:45,506 [Time-limited test] INFO  server.StorageContainerManager (StorageContainerManager.java:stop(888)) - Stopping the StorageContainerLocationProtocol RPC server
2021-02-20 01:29:45,506 [Time-limited test] INFO  server.SCMClientProtocolServer (SCMClientProtocolServer.java:stop(168)) - Stopping the RPC server for Client Protocol
2021-02-20 01:29:45,506 [Time-limited test] INFO  ipc.Server (Server.java:stop(3403)) - Stopping server on 35469
2021-02-20 01:29:45,507 [IPC Server listener on 0] INFO  ipc.Server (Server.java:run(1366)) - Stopping IPC Server listener on 0
2021-02-20 01:29:45,509 [IPC Server Responder] INFO  ipc.Server (Server.java:run(1502)) - Stopping IPC Server Responder
2021-02-20 01:29:45,509 [Time-limited test] INFO  server.StorageContainerManager (StorageContainerManager.java:stop(895)) - Stopping Storage Container Manager HTTP server.
2021-02-20 01:29:45,512 [Time-limited test] INFO  handler.ContextHandler (ContextHandler.java:doStop(1154)) - Stopped o.e.j.w.WebAppContext@2b610314{scm,/,null,STOPPED}{file:/github/workspace/mnt/ozone/hadoop-ozone/integration-test/target/test-classes/webapps/scm}
2021-02-20 01:29:45,512 [Time-limited test] INFO  server.AbstractConnector (AbstractConnector.java:doStop(381)) - Stopped ServerConnector@240b45d6{HTTP/1.1, (http/1.1)}{0.0.0.0:0}
2021-02-20 01:29:45,513 [Time-limited test] INFO  server.session (HouseKeeper.java:stopScavenging(149)) - node0 Stopped scavenging
2021-02-20 01:29:45,514 [Time-limited test] INFO  handler.ContextHandler (ContextHandler.java:doStop(1154)) - Stopped o.e.j.s.ServletContextHandler@267192ff{static,/static,file:///github/workspace/mnt/ozone/hadoop-ozone/integration-test/target/test-classes/webapps/static,STOPPED}
2021-02-20 01:29:45,514 [Time-limited test] INFO  handler.ContextHandler (ContextHandler.java:doStop(1154)) - Stopped o.e.j.s.ServletContextHandler@1551aec8{logs,/logs,file:///github/workspace/mnt/ozone/hadoop-ozone/integration-test/target/log,STOPPED}
2021-02-20 01:29:45,514 [Time-limited test] INFO  server.StorageContainerManager (StorageContainerManager.java:stop(906)) - Stopping Block Manager Service.
2021-02-20 01:29:45,515 [Time-limited test] INFO  utils.BackgroundService (BackgroundService.java:shutdown(132)) - Shutting down service SCMBlockDeletingService
2021-02-20 01:29:45,515 [Time-limited test] INFO  utils.BackgroundService (BackgroundService.java:shutdown(132)) - Shutting down service SCMBlockDeletingService
2021-02-20 01:29:45,515 [Time-limited test] INFO  server.StorageContainerManager (StorageContainerManager.java:stop(931)) - Stopping SCM Event Queue.
2021-02-20 01:29:45,518 [Time-limited test] INFO  impl.MetricsSystemImpl (MetricsSystemImpl.java:stop(210)) - Stopping HddsDatanode metrics system...
2021-02-20 01:29:45,519 [prometheus] INFO  impl.MetricsSinkAdapter (MetricsSinkAdapter.java:publishMetricsFromQueue(141)) - prometheus thread interrupted.
2021-02-20 01:29:45,519 [Time-limited test] INFO  impl.MetricsSystemImpl (MetricsSystemImpl.java:stop(216)) - HddsDatanode metrics system stopped.
]]></system-out>
  </testcase>
  <testcase name="testDNstartAfterSCM" classname="org.apache.hadoop.ozone.TestMiniOzoneCluster" time="50.856"/>
  <testcase name="testDatanodeIDPersistent" classname="org.apache.hadoop.ozone.TestMiniOzoneCluster" time="0.024"/>
  <testcase name="testContainerRandomPort" classname="org.apache.hadoop.ozone.TestMiniOzoneCluster" time="0.197"/>
</testsuite>