<?xml version="1.0" encoding="UTF-8"?>
<testsuite xmlns:xsi="http://www.w3.org/2001/XMLSchema-instance" xsi:noNamespaceSchemaLocation="https://maven.apache.org/surefire/maven-surefire-plugin/xsd/surefire-test-report.xsd" name="org.apache.hadoop.ozone.om.TestOzoneManagerPrepare" time="371.073" tests="6" errors="1" skipped="1" failures="0">
  <properties>
    <property name="awt.toolkit" value="sun.awt.X11.XToolkit"/>
    <property name="file.encoding.pkg" value="sun.io"/>
    <property name="java.specification.version" value="1.8"/>
    <property name="sun.cpu.isalist" value=""/>
    <property name="sun.jnu.encoding" value="UTF-8"/>
    <property name="java.class.path" value="/home/runner/work/ozone/ozone/hadoop-ozone/integration-test/target/test-classes:/home/runner/work/ozone/ozone/hadoop-ozone/integration-test/target/classes:/home/runner/.m2/repository/org/apache/ozone/ozone-common/1.2.0-SNAPSHOT/ozone-common-1.2.0-SNAPSHOT.jar:/home/runner/.m2/repository/org/apache/commons/commons-compress/1.20/commons-compress-1.20.jar:/home/runner/.m2/repository/org/apache/ozone/hdds-common/1.2.0-SNAPSHOT/hdds-common-1.2.0-SNAPSHOT.jar:/home/runner/.m2/repository/org/apache/ozone/hdds-client/1.2.0-SNAPSHOT/hdds-client-1.2.0-SNAPSHOT.jar:/home/runner/.m2/repository/org/apache/ozone/ozone-interface-client/1.2.0-SNAPSHOT/ozone-interface-client-1.2.0-SNAPSHOT.jar:/home/runner/.m2/repository/org/apache/ozone/hdds-server-framework/1.2.0-SNAPSHOT/hdds-server-framework-1.2.0-SNAPSHOT.jar:/home/runner/.m2/repository/org/apache/ozone/hdds-interface-server/1.2.0-SNAPSHOT/hdds-interface-server-1.2.0-SNAPSHOT.jar:/home/runner/.m2/repository/org/eclipse/jetty/jetty-servlet/9.4.43.v20210629/jetty-servlet-9.4.43.v20210629.jar:/home/runner/.m2/repository/org/eclipse/jetty/jetty-security/9.4.43.v20210629/jetty-security-9.4.43.v20210629.jar:/home/runner/.m2/repository/org/rocksdb/rocksdbjni/6.20.3/rocksdbjni-6.20.3.jar:/home/runner/.m2/repository/io/prometheus/simpleclient_dropwizard/0.7.0/simpleclient_dropwizard-0.7.0.jar:/home/runner/.m2/repository/io/prometheus/simpleclient/0.7.0/simpleclient-0.7.0.jar:/home/runner/.m2/repository/io/prometheus/simpleclient_common/0.7.0/simpleclient_common-0.7.0.jar:/home/runner/.m2/repository/com/fasterxml/jackson/datatype/jackson-datatype-jsr310/2.12.1/jackson-datatype-jsr310-2.12.1.jar:/home/runner/.m2/repository/org/apache/ozone/hdds-test-utils/1.2.0-SNAPSHOT/hdds-test-utils-1.2.0-SNAPSHOT.jar:/home/runner/.m2/repository/com/google/guava/guava/30.1.1-jre/guava-30.1.1-jre.jar:/home/runner/.m2/repository/com/google/guava/failureaccess/1.0.1/failureaccess-1.0.1.jar:/home/runner/.m2/repository/com/google/guava/listenablefuture/9999.0-empty-to-avoid-conflict-with-guava/listenablefuture-9999.0-empty-to-avoid-conflict-with-guava.jar:/home/runner/.m2/repository/com/google/code/findbugs/jsr305/3.0.0/jsr305-3.0.0.jar:/home/runner/.m2/repository/org/checkerframework/checker-qual/3.8.0/checker-qual-3.8.0.jar:/home/runner/.m2/repository/com/google/errorprone/error_prone_annotations/2.2.0/error_prone_annotations-2.2.0.jar:/home/runner/.m2/repository/com/google/j2objc/j2objc-annotations/1.3/j2objc-annotations-1.3.jar:/home/runner/.m2/repository/commons-io/commons-io/2.8.0/commons-io-2.8.0.jar:/home/runner/.m2/repository/commons-logging/commons-logging/1.2/commons-logging-1.2.jar:/home/runner/.m2/repository/log4j/log4j/1.2.17/log4j-1.2.17.jar:/home/runner/.m2/repository/org/slf4j/slf4j-api/1.7.30/slf4j-api-1.7.30.jar:/home/runner/.m2/repository/org/apache/ozone/hdds-server-scm/1.2.0-SNAPSHOT/hdds-server-scm-1.2.0-SNAPSHOT.jar:/home/runner/.m2/repository/org/apache/ozone/hdds-container-service/1.2.0-SNAPSHOT/hdds-container-service-1.2.0-SNAPSHOT.jar:/home/runner/.m2/repository/org/apache/ozone/hdds-hadoop-dependency-server/1.2.0-SNAPSHOT/hdds-hadoop-dependency-server-1.2.0-SNAPSHOT.jar:/home/runner/.m2/repository/org/apache/hadoop/hadoop-hdfs/3.3.1/hadoop-hdfs-3.3.1.jar:/home/runner/.m2/repository/io/dropwizard/metrics/metrics-core/3.2.4/metrics-core-3.2.4.jar:/home/runner/.m2/repository/org/apache/hadoop/hadoop-hdfs-client/3.3.1/hadoop-hdfs-client-3.3.1.jar:/home/runner/.m2/repository/org/bouncycastle/bcprov-jdk15on/1.67/bcprov-jdk15on-1.67.jar:/home/runner/.m2/repository/com/google/protobuf/protobuf-java/2.5.0/protobuf-java-2.5.0.jar:/home/runner/.m2/repository/org/apache/ozone/ozone-manager/1.2.0-SNAPSHOT/ozone-manager-1.2.0-SNAPSHOT.jar:/home/runner/.m2/repository/org/aspectj/aspectjrt/1.8.9/aspectjrt-1.8.9.jar:/home/runner/.m2/repository/org/aspectj/aspectjweaver/1.8.9/aspectjweaver-1.8.9.jar:/home/runner/.m2/repository/org/apache/ozone/hdds-interface-client/1.2.0-SNAPSHOT/hdds-interface-client-1.2.0-SNAPSHOT.jar:/home/runner/.m2/repository/org/apache/hadoop/thirdparty/hadoop-shaded-protobuf_3_7/1.1.1/hadoop-shaded-protobuf_3_7-1.1.1.jar:/home/runner/.m2/repository/org/apache/ozone/ozone-interface-storage/1.2.0-SNAPSHOT/ozone-interface-storage-1.2.0-SNAPSHOT.jar:/home/runner/.m2/repository/org/reflections/reflections/0.9.11/reflections-0.9.11.jar:/home/runner/.m2/repository/org/apache/hadoop/hadoop-minikdc/3.3.1/hadoop-minikdc-3.3.1.jar:/home/runner/.m2/repository/org/apache/kerby/kerb-simplekdc/1.0.1/kerb-simplekdc-1.0.1.jar:/home/runner/.m2/repository/org/apache/kerby/kerb-client/1.0.1/kerb-client-1.0.1.jar:/home/runner/.m2/repository/org/apache/kerby/kerby-config/1.0.1/kerby-config-1.0.1.jar:/home/runner/.m2/repository/org/apache/kerby/kerb-common/1.0.1/kerb-common-1.0.1.jar:/home/runner/.m2/repository/org/apache/kerby/kerb-crypto/1.0.1/kerb-crypto-1.0.1.jar:/home/runner/.m2/repository/org/apache/kerby/kerb-util/1.0.1/kerb-util-1.0.1.jar:/home/runner/.m2/repository/org/apache/kerby/token-provider/1.0.1/token-provider-1.0.1.jar:/home/runner/.m2/repository/org/apache/kerby/kerb-admin/1.0.1/kerb-admin-1.0.1.jar:/home/runner/.m2/repository/org/apache/kerby/kerb-server/1.0.1/kerb-server-1.0.1.jar:/home/runner/.m2/repository/org/apache/kerby/kerb-identity/1.0.1/kerb-identity-1.0.1.jar:/home/runner/.m2/repository/org/apache/kerby/kerby-xdr/1.0.1/kerby-xdr-1.0.1.jar:/home/runner/.m2/repository/org/slf4j/slf4j-log4j12/1.7.30/slf4j-log4j12-1.7.30.jar:/home/runner/.m2/repository/org/apache/ozone/ozone-s3gateway/1.2.0-SNAPSHOT/ozone-s3gateway-1.2.0-SNAPSHOT.jar:/home/runner/.m2/repository/org/javassist/javassist/3.21.0-GA/javassist-3.21.0-GA.jar:/home/runner/.m2/repository/org/jboss/weld/servlet/weld-servlet/2.4.7.Final/weld-servlet-2.4.7.Final.jar:/home/runner/.m2/repository/org/glassfish/jersey/containers/jersey-container-servlet-core/2.33/jersey-container-servlet-core-2.33.jar:/home/runner/.m2/repository/org/glassfish/hk2/external/jakarta.inject/2.6.1/jakarta.inject-2.6.1.jar:/home/runner/.m2/repository/org/glassfish/jersey/core/jersey-common/2.33/jersey-common-2.33.jar:/home/runner/.m2/repository/jakarta/ws/rs/jakarta.ws.rs-api/2.1.6/jakarta.ws.rs-api-2.1.6.jar:/home/runner/.m2/repository/org/glassfish/jersey/ext/cdi/jersey-cdi1x/2.33/jersey-cdi1x-2.33.jar:/home/runner/.m2/repository/org/glassfish/jersey/inject/jersey-hk2/2.33/jersey-hk2-2.33.jar:/home/runner/.m2/repository/org/glassfish/hk2/hk2-locator/2.6.1/hk2-locator-2.6.1.jar:/home/runner/.m2/repository/org/glassfish/jersey/media/jersey-media-jaxb/2.33/jersey-media-jaxb-2.33.jar:/home/runner/.m2/repository/org/glassfish/hk2/osgi-resource-locator/1.0.3/osgi-resource-locator-1.0.3.jar:/home/runner/.m2/repository/org/glassfish/hk2/hk2-api/2.5.0/hk2-api-2.5.0.jar:/home/runner/.m2/repository/org/glassfish/hk2/hk2-utils/2.5.0/hk2-utils-2.5.0.jar:/home/runner/.m2/repository/org/glassfish/hk2/external/aopalliance-repackaged/2.5.0/aopalliance-repackaged-2.5.0.jar:/home/runner/.m2/repository/com/fasterxml/jackson/dataformat/jackson-dataformat-xml/2.12.1/jackson-dataformat-xml-2.12.1.jar:/home/runner/.m2/repository/com/fasterxml/jackson/core/jackson-core/2.12.1/jackson-core-2.12.1.jar:/home/runner/.m2/repository/com/fasterxml/jackson/module/jackson-module-jaxb-annotations/2.12.1/jackson-module-jaxb-annotations-2.12.1.jar:/home/runner/.m2/repository/jakarta/xml/bind/jakarta.xml.bind-api/2.3.2/jakarta.xml.bind-api-2.3.2.jar:/home/runner/.m2/repository/org/codehaus/woodstox/stax2-api/3.1.4/stax2-api-3.1.4.jar:/home/runner/.m2/repository/com/fasterxml/woodstox/woodstox-core/5.0.3/woodstox-core-5.0.3.jar:/home/runner/.m2/repository/javax/enterprise/cdi-api/1.2/cdi-api-1.2.jar:/home/runner/.m2/repository/javax/el/javax.el-api/3.0.0/javax.el-api-3.0.0.jar:/home/runner/.m2/repository/javax/interceptor/javax.interceptor-api/1.2/javax.interceptor-api-1.2.jar:/home/runner/.m2/repository/javax/inject/javax.inject/1/javax.inject-1.jar:/home/runner/.m2/repository/javax/xml/bind/jaxb-api/2.3.0/jaxb-api-2.3.0.jar:/home/runner/.m2/repository/org/glassfish/jaxb/jaxb-runtime/2.3.0.1/jaxb-runtime-2.3.0.1.jar:/home/runner/.m2/repository/org/glassfish/jaxb/jaxb-core/2.3.0.1/jaxb-core-2.3.0.1.jar:/home/runner/.m2/repository/org/glassfish/jaxb/txw2/2.3.0.1/txw2-2.3.0.1.jar:/home/runner/.m2/repository/com/sun/istack/istack-commons-runtime/3.0.5/istack-commons-runtime-3.0.5.jar:/home/runner/.m2/repository/org/jvnet/staxex/stax-ex/1.7.8/stax-ex-1.7.8.jar:/home/runner/.m2/repository/com/sun/xml/fastinfoset/FastInfoset/1.2.13/FastInfoset-1.2.13.jar:/home/runner/.m2/repository/javax/activation/activation/1.1.1/activation-1.1.1.jar:/home/runner/.m2/repository/org/apache/ozone/ozone-csi/1.2.0-SNAPSHOT/ozone-csi-1.2.0-SNAPSHOT.jar:/home/runner/.m2/repository/com/google/protobuf/protobuf-java-util/3.12.0/protobuf-java-util-3.12.0.jar:/home/runner/.m2/repository/com/google/code/gson/gson/2.2.4/gson-2.2.4.jar:/home/runner/.m2/repository/org/apache/ozone/hdds-config/1.2.0-SNAPSHOT/hdds-config-1.2.0-SNAPSHOT.jar:/home/runner/.m2/repository/io/grpc/grpc-netty/1.33.0/grpc-netty-1.33.0.jar:/home/runner/.m2/repository/io/grpc/grpc-core/1.33.0/grpc-core-1.33.0.jar:/home/runner/.m2/repository/com/google/android/annotations/4.1.1.4/annotations-4.1.1.4.jar:/home/runner/.m2/repository/io/netty/netty-codec-http2/4.1.63.Final/netty-codec-http2-4.1.63.Final.jar:/home/runner/.m2/repository/io/netty/netty-codec-http/4.1.63.Final/netty-codec-http-4.1.63.Final.jar:/home/runner/.m2/repository/io/netty/netty-handler-proxy/4.1.63.Final/netty-handler-proxy-4.1.63.Final.jar:/home/runner/.m2/repository/io/netty/netty-codec-socks/4.1.63.Final/netty-codec-socks-4.1.63.Final.jar:/home/runner/.m2/repository/io/perfmark/perfmark-api/0.19.0/perfmark-api-0.19.0.jar:/home/runner/.m2/repository/org/codehaus/mojo/animal-sniffer-annotations/1.18/animal-sniffer-annotations-1.18.jar:/home/runner/.m2/repository/io/netty/netty-transport-native-epoll/4.1.63.Final/netty-transport-native-epoll-4.1.63.Final.jar:/home/runner/.m2/repository/io/netty/netty-common/4.1.63.Final/netty-common-4.1.63.Final.jar:/home/runner/.m2/repository/io/netty/netty-buffer/4.1.63.Final/netty-buffer-4.1.63.Final.jar:/home/runner/.m2/repository/io/netty/netty-transport-native-unix-common/4.1.63.Final/netty-transport-native-unix-common-4.1.63.Final.jar:/home/runner/.m2/repository/io/grpc/grpc-protobuf/1.33.0/grpc-protobuf-1.33.0.jar:/home/runner/.m2/repository/io/grpc/grpc-api/1.33.0/grpc-api-1.33.0.jar:/home/runner/.m2/repository/io/grpc/grpc-context/1.33.0/grpc-context-1.33.0.jar:/home/runner/.m2/repository/com/google/api/grpc/proto-google-common-protos/1.17.0/proto-google-common-protos-1.17.0.jar:/home/runner/.m2/repository/io/grpc/grpc-protobuf-lite/1.33.0/grpc-protobuf-lite-1.33.0.jar:/home/runner/.m2/repository/io/grpc/grpc-stub/1.33.0/grpc-stub-1.33.0.jar:/home/runner/.m2/repository/org/apache/ozone/ozone-recon/1.2.0-SNAPSHOT/ozone-recon-1.2.0-SNAPSHOT.jar:/home/runner/.m2/repository/org/apache/ozone/ozone-reconcodegen/1.2.0-SNAPSHOT/ozone-reconcodegen-1.2.0-SNAPSHOT.jar:/home/runner/.m2/repository/com/google/inject/extensions/guice-multibindings/4.0/guice-multibindings-4.0.jar:/home/runner/.m2/repository/com/google/inject/guice/4.0/guice-4.0.jar:/home/runner/.m2/repository/aopalliance/aopalliance/1.0/aopalliance-1.0.jar:/home/runner/.m2/repository/com/google/inject/extensions/guice-assistedinject/4.0/guice-assistedinject-4.0.jar:/home/runner/.m2/repository/com/google/inject/extensions/guice-servlet/4.0/guice-servlet-4.0.jar:/home/runner/.m2/repository/org/glassfish/jersey/containers/jersey-container-servlet/2.33/jersey-container-servlet-2.33.jar:/home/runner/.m2/repository/org/glassfish/hk2/guice-bridge/2.5.0/guice-bridge-2.5.0.jar:/home/runner/.m2/repository/org/glassfish/jersey/core/jersey-server/2.33/jersey-server-2.33.jar:/home/runner/.m2/repository/org/glassfish/jersey/core/jersey-client/2.33/jersey-client-2.33.jar:/home/runner/.m2/repository/jakarta/annotation/jakarta.annotation-api/1.3.5/jakarta.annotation-api-1.3.5.jar:/home/runner/.m2/repository/jakarta/validation/jakarta.validation-api/2.0.2/jakarta.validation-api-2.0.2.jar:/home/runner/.m2/repository/org/glassfish/jersey/media/jersey-media-json-jackson/2.33/jersey-media-json-jackson-2.33.jar:/home/runner/.m2/repository/org/glassfish/jersey/ext/jersey-entity-filtering/2.33/jersey-entity-filtering-2.33.jar:/home/runner/.m2/repository/org/jooq/jooq/3.11.10/jooq-3.11.10.jar:/home/runner/.m2/repository/org/jooq/jooq-meta/3.11.10/jooq-meta-3.11.10.jar:/home/runner/.m2/repository/org/jooq/jooq-codegen/3.11.10/jooq-codegen-3.11.10.jar:/home/runner/.m2/repository/com/jolbox/bonecp/0.8.0.RELEASE/bonecp-0.8.0.RELEASE.jar:/home/runner/.m2/repository/org/apache/derby/derby/10.14.2.0/derby-10.14.2.0.jar:/home/runner/.m2/repository/org/xerial/sqlite-jdbc/3.25.2/sqlite-jdbc-3.25.2.jar:/home/runner/.m2/repository/org/springframework/spring-jdbc/5.2.11.RELEASE/spring-jdbc-5.2.11.RELEASE.jar:/home/runner/.m2/repository/org/springframework/spring-beans/5.2.11.RELEASE/spring-beans-5.2.11.RELEASE.jar:/home/runner/.m2/repository/org/springframework/spring-core/5.2.11.RELEASE/spring-core-5.2.11.RELEASE.jar:/home/runner/.m2/repository/org/springframework/spring-jcl/5.2.11.RELEASE/spring-jcl-5.2.11.RELEASE.jar:/home/runner/.m2/repository/org/springframework/spring-tx/5.2.11.RELEASE/spring-tx-5.2.11.RELEASE.jar:/home/runner/.m2/repository/org/apache/ozone/ozone-client/1.2.0-SNAPSHOT/ozone-client-1.2.0-SNAPSHOT.jar:/home/runner/.m2/repository/org/apache/ozone/ozone-filesystem/1.2.0-SNAPSHOT/ozone-filesystem-1.2.0-SNAPSHOT.jar:/home/runner/.m2/repository/org/apache/ozone/ozone-filesystem-common/1.2.0-SNAPSHOT/ozone-filesystem-common-1.2.0-SNAPSHOT.jar:/home/runner/.m2/repository/org/apache/ozone/ozone-tools/1.2.0-SNAPSHOT/ozone-tools-1.2.0-SNAPSHOT.jar:/home/runner/.m2/repository/org/apache/ratis/ratis-tools/2.1.0-03f3b68-SNAPSHOT/ratis-tools-2.1.0-03f3b68-SNAPSHOT.jar:/home/runner/.m2/repository/com/amazonaws/aws-java-sdk-core/1.11.901/aws-java-sdk-core-1.11.901.jar:/home/runner/.m2/repository/org/apache/httpcomponents/httpclient/4.5.13/httpclient-4.5.13.jar:/home/runner/.m2/repository/org/apache/httpcomponents/httpcore/4.4.13/httpcore-4.4.13.jar:/home/runner/.m2/repository/software/amazon/ion/ion-java/1.0.2/ion-java-1.0.2.jar:/home/runner/.m2/repository/com/fasterxml/jackson/dataformat/jackson-dataformat-cbor/2.12.1/jackson-dataformat-cbor-2.12.1.jar:/home/runner/.m2/repository/joda-time/joda-time/2.8.1/joda-time-2.8.1.jar:/home/runner/.m2/repository/com/amazonaws/aws-java-sdk-s3/1.11.901/aws-java-sdk-s3-1.11.901.jar:/home/runner/.m2/repository/com/amazonaws/aws-java-sdk-kms/1.11.901/aws-java-sdk-kms-1.11.901.jar:/home/runner/.m2/repository/com/amazonaws/jmespath-java/1.11.901/jmespath-java-1.11.901.jar:/home/runner/.m2/repository/org/kohsuke/metainf-services/metainf-services/1.8/metainf-services-1.8.jar:/home/runner/.m2/repository/org/apache/ozone/hdds-tools/1.2.0-SNAPSHOT/hdds-tools-1.2.0-SNAPSHOT.jar:/home/runner/.m2/repository/commons-cli/commons-cli/1.2/commons-cli-1.2.jar:/home/runner/.m2/repository/org/apache/commons/commons-lang3/3.7/commons-lang3-3.7.jar:/home/runner/.m2/repository/org/apache/ozone/ozone-manager/1.2.0-SNAPSHOT/ozone-manager-1.2.0-SNAPSHOT-tests.jar:/home/runner/.m2/repository/org/apache/ozone/hdds-common/1.2.0-SNAPSHOT/hdds-common-1.2.0-SNAPSHOT-tests.jar:/home/runner/.m2/repository/org/apache/ozone/hdds-hadoop-dependency-client/1.2.0-SNAPSHOT/hdds-hadoop-dependency-client-1.2.0-SNAPSHOT.jar:/home/runner/.m2/repository/info/picocli/picocli/4.4.0/picocli-4.4.0.jar:/home/runner/.m2/repository/com/fasterxml/jackson/core/jackson-annotations/2.12.1/jackson-annotations-2.12.1.jar:/home/runner/.m2/repository/javax/annotation/javax.annotation-api/1.2/javax.annotation-api-1.2.jar:/home/runner/.m2/repository/org/apache/ratis/ratis-server/2.1.0-03f3b68-SNAPSHOT/ratis-server-2.1.0-03f3b68-SNAPSHOT.jar:/home/runner/.m2/repository/org/apache/ratis/ratis-client/2.1.0-03f3b68-SNAPSHOT/ratis-client-2.1.0-03f3b68-SNAPSHOT.jar:/home/runner/.m2/repository/org/apache/ratis/ratis-server-api/2.1.0-03f3b68-SNAPSHOT/ratis-server-api-2.1.0-03f3b68-SNAPSHOT.jar:/home/runner/.m2/repository/org/apache/ratis/ratis-metrics/2.1.0-03f3b68-SNAPSHOT/ratis-metrics-2.1.0-03f3b68-SNAPSHOT.jar:/home/runner/.m2/repository/org/apache/ratis/ratis-netty/2.1.0-03f3b68-SNAPSHOT/ratis-netty-2.1.0-03f3b68-SNAPSHOT.jar:/home/runner/.m2/repository/org/apache/ratis/ratis-grpc/2.1.0-03f3b68-SNAPSHOT/ratis-grpc-2.1.0-03f3b68-SNAPSHOT.jar:/home/runner/.m2/repository/org/apache/logging/log4j/log4j-api/2.13.3/log4j-api-2.13.3.jar:/home/runner/.m2/repository/org/apache/logging/log4j/log4j-core/2.13.3/log4j-core-2.13.3.jar:/home/runner/.m2/repository/com/lmax/disruptor/3.4.2/disruptor-3.4.2.jar:/home/runner/.m2/repository/org/apache/commons/commons-pool2/2.6.0/commons-pool2-2.6.0.jar:/home/runner/.m2/repository/org/bouncycastle/bcpkix-jdk15on/1.67/bcpkix-jdk15on-1.67.jar:/home/runner/.m2/repository/commons-validator/commons-validator/1.6/commons-validator-1.6.jar:/home/runner/.m2/repository/commons-beanutils/commons-beanutils/1.9.4/commons-beanutils-1.9.4.jar:/home/runner/.m2/repository/commons-digester/commons-digester/1.8.1/commons-digester-1.8.1.jar:/home/runner/.m2/repository/commons-collections/commons-collections/3.2.2/commons-collections-3.2.2.jar:/home/runner/.m2/repository/io/jaegertracing/jaeger-client/1.6.0/jaeger-client-1.6.0.jar:/home/runner/.m2/repository/io/jaegertracing/jaeger-thrift/1.6.0/jaeger-thrift-1.6.0.jar:/home/runner/.m2/repository/org/apache/thrift/libthrift/0.14.1/libthrift-0.14.1.jar:/home/runner/.m2/repository/com/squareup/okhttp3/okhttp/4.9.0/okhttp-4.9.0.jar:/home/runner/.m2/repository/com/squareup/okio/okio/2.8.0/okio-2.8.0.jar:/home/runner/.m2/repository/io/jaegertracing/jaeger-core/1.6.0/jaeger-core-1.6.0.jar:/home/runner/.m2/repository/io/jaegertracing/jaeger-tracerresolver/1.6.0/jaeger-tracerresolver-1.6.0.jar:/home/runner/.m2/repository/io/opentracing/contrib/opentracing-tracerresolver/0.1.8/opentracing-tracerresolver-0.1.8.jar:/home/runner/.m2/repository/org/jetbrains/kotlin/kotlin-stdlib/1.4.31/kotlin-stdlib-1.4.31.jar:/home/runner/.m2/repository/org/jetbrains/kotlin/kotlin-stdlib-common/1.4.31/kotlin-stdlib-common-1.4.31.jar:/home/runner/.m2/repository/org/jetbrains/annotations/13.0/annotations-13.0.jar:/home/runner/.m2/repository/io/opentracing/opentracing-util/0.33.0/opentracing-util-0.33.0.jar:/home/runner/.m2/repository/io/opentracing/opentracing-api/0.33.0/opentracing-api-0.33.0.jar:/home/runner/.m2/repository/io/opentracing/opentracing-noop/0.33.0/opentracing-noop-0.33.0.jar:/home/runner/.m2/repository/org/yaml/snakeyaml/1.26/snakeyaml-1.26.jar:/home/runner/.m2/repository/org/apache/ozone/hdds-interface-admin/1.2.0-SNAPSHOT/hdds-interface-admin-1.2.0-SNAPSHOT.jar:/home/runner/.m2/repository/junit/junit/4.13.1/junit-4.13.1.jar:/home/runner/.m2/repository/org/hamcrest/hamcrest-core/1.3/hamcrest-core-1.3.jar:/home/runner/.m2/repository/org/junit/jupiter/junit-jupiter-api/5.7.0/junit-jupiter-api-5.7.0.jar:/home/runner/.m2/repository/org/apiguardian/apiguardian-api/1.1.0/apiguardian-api-1.1.0.jar:/home/runner/.m2/repository/org/opentest4j/opentest4j/1.2.0/opentest4j-1.2.0.jar:/home/runner/.m2/repository/org/junit/platform/junit-platform-commons/1.7.0/junit-platform-commons-1.7.0.jar:/home/runner/.m2/repository/org/junit/jupiter/junit-jupiter-engine/5.7.0/junit-jupiter-engine-5.7.0.jar:/home/runner/.m2/repository/org/junit/platform/junit-platform-engine/1.7.0/junit-platform-engine-1.7.0.jar:/home/runner/.m2/repository/org/junit/vintage/junit-vintage-engine/5.7.0/junit-vintage-engine-5.7.0.jar:/home/runner/.m2/repository/org/junit/platform/junit-platform-launcher/1.7.0/junit-platform-launcher-1.7.0.jar:/home/runner/.m2/repository/org/openjdk/jmh/jmh-core/1.19/jmh-core-1.19.jar:/home/runner/.m2/repository/net/sf/jopt-simple/jopt-simple/4.6/jopt-simple-4.6.jar:/home/runner/.m2/repository/org/apache/commons/commons-math3/3.1.1/commons-math3-3.1.1.jar:/home/runner/.m2/repository/org/openjdk/jmh/jmh-generator-annprocess/1.19/jmh-generator-annprocess-1.19.jar:/home/runner/.m2/repository/org/mockito/mockito-core/2.28.2/mockito-core-2.28.2.jar:/home/runner/.m2/repository/net/bytebuddy/byte-buddy/1.9.10/byte-buddy-1.9.10.jar:/home/runner/.m2/repository/net/bytebuddy/byte-buddy-agent/1.9.10/byte-buddy-agent-1.9.10.jar:/home/runner/.m2/repository/org/objenesis/objenesis/1.0/objenesis-1.0.jar:/home/runner/.m2/repository/org/apache/hadoop/hadoop-kms/3.3.1/hadoop-kms-3.3.1.jar:/home/runner/.m2/repository/org/apache/hadoop/hadoop-auth/3.3.1/hadoop-auth-3.3.1.jar:/home/runner/.m2/repository/com/nimbusds/nimbus-jose-jwt/7.9/nimbus-jose-jwt-7.9.jar:/home/runner/.m2/repository/com/github/stephenc/jcip/jcip-annotations/1.0-1/jcip-annotations-1.0-1.jar:/home/runner/.m2/repository/net/minidev/json-smart/2.3/json-smart-2.3.jar:/home/runner/.m2/repository/net/minidev/accessors-smart/1.2/accessors-smart-1.2.jar:/home/runner/.m2/repository/org/ow2/asm/asm/5.0.4/asm-5.0.4.jar:/home/runner/.m2/repository/org/apache/zookeeper/zookeeper/3.5.6/zookeeper-3.5.6.jar:/home/runner/.m2/repository/org/apache/zookeeper/zookeeper-jute/3.5.6/zookeeper-jute-3.5.6.jar:/home/runner/.m2/repository/org/apache/yetus/audience-annotations/0.5.0/audience-annotations-0.5.0.jar:/home/runner/.m2/repository/org/apache/curator/curator-framework/4.2.0/curator-framework-4.2.0.jar:/home/runner/.m2/repository/org/apache/hadoop/thirdparty/hadoop-shaded-guava/1.1.1/hadoop-shaded-guava-1.1.1.jar:/home/runner/.m2/repository/com/sun/jersey/jersey-core/1.19/jersey-core-1.19.jar:/home/runner/.m2/repository/javax/ws/rs/jsr311-api/1.1.1/jsr311-api-1.1.1.jar:/home/runner/.m2/repository/com/sun/jersey/jersey-server/1.19/jersey-server-1.19.jar:/home/runner/.m2/repository/javax/servlet/javax.servlet-api/3.1.0/javax.servlet-api-3.1.0.jar:/home/runner/.m2/repository/org/eclipse/jetty/jetty-server/9.4.43.v20210629/jetty-server-9.4.43.v20210629.jar:/home/runner/.m2/repository/org/eclipse/jetty/jetty-http/9.4.43.v20210629/jetty-http-9.4.43.v20210629.jar:/home/runner/.m2/repository/org/eclipse/jetty/jetty-io/9.4.43.v20210629/jetty-io-9.4.43.v20210629.jar:/home/runner/.m2/repository/org/eclipse/jetty/jetty-webapp/9.4.43.v20210629/jetty-webapp-9.4.43.v20210629.jar:/home/runner/.m2/repository/org/eclipse/jetty/jetty-xml/9.4.43.v20210629/jetty-xml-9.4.43.v20210629.jar:/home/runner/.m2/repository/org/apache/hadoop/hadoop-common/3.3.1/hadoop-common-3.3.1.jar:/home/runner/.m2/repository/commons-net/commons-net/3.6/commons-net-3.6.jar:/home/runner/.m2/repository/jakarta/activation/jakarta.activation-api/1.2.1/jakarta.activation-api-1.2.1.jar:/home/runner/.m2/repository/com/sun/jersey/jersey-servlet/1.19/jersey-servlet-1.19.jar:/home/runner/.m2/repository/com/sun/jersey/jersey-json/1.19/jersey-json-1.19.jar:/home/runner/.m2/repository/org/codehaus/jettison/jettison/1.1/jettison-1.1.jar:/home/runner/.m2/repository/com/sun/xml/bind/jaxb-impl/2.2.3-1/jaxb-impl-2.2.3-1.jar:/home/runner/.m2/repository/org/codehaus/jackson/jackson-jaxrs/1.9.2/jackson-jaxrs-1.9.2.jar:/home/runner/.m2/repository/org/codehaus/jackson/jackson-xc/1.9.2/jackson-xc-1.9.2.jar:/home/runner/.m2/repository/org/apache/commons/commons-configuration2/2.1.1/commons-configuration2-2.1.1.jar:/home/runner/.m2/repository/org/apache/commons/commons-text/1.4/commons-text-1.4.jar:/home/runner/.m2/repository/com/google/re2j/re2j/1.1/re2j-1.1.jar:/home/runner/.m2/repository/com/jcraft/jsch/0.1.54/jsch-0.1.54.jar:/home/runner/.m2/repository/org/apache/curator/curator-client/4.2.0/curator-client-4.2.0.jar:/home/runner/.m2/repository/org/apache/curator/curator-recipes/4.2.0/curator-recipes-4.2.0.jar:/home/runner/.m2/repository/org/apache/kerby/kerb-core/1.0.1/kerb-core-1.0.1.jar:/home/runner/.m2/repository/org/apache/kerby/kerby-pkix/1.0.1/kerby-pkix-1.0.1.jar:/home/runner/.m2/repository/org/apache/kerby/kerby-asn1/1.0.1/kerby-asn1-1.0.1.jar:/home/runner/.m2/repository/org/apache/kerby/kerby-util/1.0.1/kerby-util-1.0.1.jar:/home/runner/.m2/repository/dnsjava/dnsjava/2.1.7/dnsjava-2.1.7.jar:/home/runner/.m2/repository/org/xerial/snappy/snappy-java/1.1.8.2/snappy-java-1.1.8.2.jar:/home/runner/.m2/repository/org/slf4j/jul-to-slf4j/1.7.30/jul-to-slf4j-1.7.30.jar:/home/runner/.m2/repository/org/eclipse/jetty/jetty-util/9.4.43.v20210629/jetty-util-9.4.43.v20210629.jar:/home/runner/.m2/repository/com/fasterxml/jackson/core/jackson-databind/2.12.1/jackson-databind-2.12.1.jar:/home/runner/.m2/repository/org/apache/hadoop/hadoop-kms/3.3.1/hadoop-kms-3.3.1-tests.jar:/home/runner/.m2/repository/org/apache/ozone/hdds-server-scm/1.2.0-SNAPSHOT/hdds-server-scm-1.2.0-SNAPSHOT-tests.jar:/home/runner/.m2/repository/org/apache/ozone/hdds-container-service/1.2.0-SNAPSHOT/hdds-container-service-1.2.0-SNAPSHOT-tests.jar:/home/runner/.m2/repository/commons-codec/commons-codec/1.11/commons-codec-1.11.jar:/home/runner/.m2/repository/io/netty/netty-transport/4.1.63.Final/netty-transport-4.1.63.Final.jar:/home/runner/.m2/repository/io/netty/netty-resolver/4.1.63.Final/netty-resolver-4.1.63.Final.jar:/home/runner/.m2/repository/io/netty/netty-codec/4.1.63.Final/netty-codec-4.1.63.Final.jar:/home/runner/.m2/repository/io/netty/netty-handler/4.1.63.Final/netty-handler-4.1.63.Final.jar:/home/runner/.m2/repository/org/apache/ozone/hdds-hadoop-dependency-test/1.2.0-SNAPSHOT/hdds-hadoop-dependency-test-1.2.0-SNAPSHOT.jar:/home/runner/.m2/repository/org/apache/hadoop/hadoop-common/3.3.1/hadoop-common-3.3.1-tests.jar:/home/runner/.m2/repository/org/assertj/assertj-core/3.12.2/assertj-core-3.12.2.jar:/home/runner/.m2/repository/org/apache/hadoop/hadoop-hdfs/3.3.1/hadoop-hdfs-3.3.1-tests.jar:/home/runner/.m2/repository/org/eclipse/jetty/jetty-util-ajax/9.4.43.v20210629/jetty-util-ajax-9.4.43.v20210629.jar:/home/runner/.m2/repository/commons-daemon/commons-daemon/1.0.13/commons-daemon-1.0.13.jar:/home/runner/.m2/repository/io/netty/netty/3.10.6.Final/netty-3.10.6.Final.jar:/home/runner/.m2/repository/io/netty/netty-all/4.1.63.Final/netty-all-4.1.63.Final.jar:/home/runner/.m2/repository/org/apache/htrace/htrace-core4/4.1.0-incubating/htrace-core4-4.1.0-incubating.jar:/home/runner/.m2/repository/org/fusesource/leveldbjni/leveldbjni-all/1.8/leveldbjni-all-1.8.jar:/home/runner/.m2/repository/org/apache/hadoop/hadoop-distcp/3.3.1/hadoop-distcp-3.3.1.jar:/home/runner/.m2/repository/org/apache/hadoop/hadoop-mapreduce-client-jobclient/3.3.1/hadoop-mapreduce-client-jobclient-3.3.1.jar:/home/runner/.m2/repository/org/apache/hadoop/hadoop-mapreduce-client-common/3.3.1/hadoop-mapreduce-client-common-3.3.1.jar:/home/runner/.m2/repository/org/apache/hadoop/hadoop-yarn-common/3.3.1/hadoop-yarn-common-3.3.1.jar:/home/runner/.m2/repository/org/apache/hadoop/hadoop-yarn-api/3.3.1/hadoop-yarn-api-3.3.1.jar:/home/runner/.m2/repository/com/sun/jersey/jersey-client/1.19/jersey-client-1.19.jar:/home/runner/.m2/repository/com/sun/jersey/contribs/jersey-guice/1.19/jersey-guice-1.19.jar:/home/runner/.m2/repository/com/fasterxml/jackson/jaxrs/jackson-jaxrs-json-provider/2.12.1/jackson-jaxrs-json-provider-2.12.1.jar:/home/runner/.m2/repository/com/fasterxml/jackson/jaxrs/jackson-jaxrs-base/2.12.1/jackson-jaxrs-base-2.12.1.jar:/home/runner/.m2/repository/org/apache/hadoop/hadoop-yarn-client/3.3.1/hadoop-yarn-client-3.3.1.jar:/home/runner/.m2/repository/org/eclipse/jetty/websocket/websocket-client/9.4.40.v20210413/websocket-client-9.4.40.v20210413.jar:/home/runner/.m2/repository/org/eclipse/jetty/jetty-client/9.4.40.v20210413/jetty-client-9.4.40.v20210413.jar:/home/runner/.m2/repository/org/eclipse/jetty/websocket/websocket-common/9.4.40.v20210413/websocket-common-9.4.40.v20210413.jar:/home/runner/.m2/repository/org/eclipse/jetty/websocket/websocket-api/9.4.40.v20210413/websocket-api-9.4.40.v20210413.jar:/home/runner/.m2/repository/org/jline/jline/3.9.0/jline-3.9.0.jar:/home/runner/.m2/repository/org/apache/hadoop/hadoop-mapreduce-client-core/3.3.1/hadoop-mapreduce-client-core-3.3.1.jar:/home/runner/.m2/repository/org/apache/avro/avro/1.7.7/avro-1.7.7.jar:/home/runner/.m2/repository/org/codehaus/jackson/jackson-core-asl/1.9.13/jackson-core-asl-1.9.13.jar:/home/runner/.m2/repository/org/codehaus/jackson/jackson-mapper-asl/1.9.13/jackson-mapper-asl-1.9.13.jar:/home/runner/.m2/repository/com/thoughtworks/paranamer/paranamer/2.3/paranamer-2.3.jar:/home/runner/.m2/repository/org/apache/hadoop/hadoop-annotations/3.3.1/hadoop-annotations-3.3.1.jar:/usr/lib/jvm/adoptopenjdk-8-hotspot-amd64/jre/../lib/tools.jar:/home/runner/.m2/repository/org/apache/hadoop/hadoop-distcp/3.3.1/hadoop-distcp-3.3.1-tests.jar:/home/runner/.m2/repository/org/apache/ratis/ratis-common/2.1.0-03f3b68-SNAPSHOT/ratis-common-2.1.0-03f3b68-SNAPSHOT.jar:/home/runner/.m2/repository/org/apache/ratis/ratis-thirdparty-misc/0.7.0/ratis-thirdparty-misc-0.7.0.jar:/home/runner/.m2/repository/org/apache/ratis/ratis-proto/2.1.0-03f3b68-SNAPSHOT/ratis-proto-2.1.0-03f3b68-SNAPSHOT.jar:"/>
    <property name="java.vm.vendor" value="AdoptOpenJDK"/>
    <property name="sun.arch.data.model" value="64"/>
    <property name="test.build.dir" value="/home/runner/work/ozone/ozone/hadoop-ozone/integration-test/target/test-dir"/>
    <property name="test.cache.data" value=""/>
    <property name="java.vendor.url" value="https://adoptopenjdk.net/"/>
    <property name="user.timezone" value=""/>
    <property name="java.vm.specification.version" value="1.8"/>
    <property name="os.name" value="Linux"/>
    <property name="test.build.data" value="/home/runner/work/ozone/ozone/hadoop-ozone/integration-test/target/test-dir"/>
    <property name="sun.java.launcher" value="SUN_STANDARD"/>
    <property name="sun.boot.library.path" value="/usr/lib/jvm/adoptopenjdk-8-hotspot-amd64/jre/lib/amd64"/>
    <property name="sun.java.command" value="/home/runner/work/ozone/ozone/hadoop-ozone/integration-test/target/surefire/surefirebooter8041174754248501661.jar /home/runner/work/ozone/ozone/hadoop-ozone/integration-test/target/surefire 2021-08-21T00-54-29_173-jvmRun1 surefire2300861298472924051tmp surefire_403121737627230597826tmp"/>
    <property name="surefire.test.class.path" value="/home/runner/work/ozone/ozone/hadoop-ozone/integration-test/target/test-classes:/home/runner/work/ozone/ozone/hadoop-ozone/integration-test/target/classes:/home/runner/.m2/repository/org/apache/ozone/ozone-common/1.2.0-SNAPSHOT/ozone-common-1.2.0-SNAPSHOT.jar:/home/runner/.m2/repository/org/apache/commons/commons-compress/1.20/commons-compress-1.20.jar:/home/runner/.m2/repository/org/apache/ozone/hdds-common/1.2.0-SNAPSHOT/hdds-common-1.2.0-SNAPSHOT.jar:/home/runner/.m2/repository/org/apache/ozone/hdds-client/1.2.0-SNAPSHOT/hdds-client-1.2.0-SNAPSHOT.jar:/home/runner/.m2/repository/org/apache/ozone/ozone-interface-client/1.2.0-SNAPSHOT/ozone-interface-client-1.2.0-SNAPSHOT.jar:/home/runner/.m2/repository/org/apache/ozone/hdds-server-framework/1.2.0-SNAPSHOT/hdds-server-framework-1.2.0-SNAPSHOT.jar:/home/runner/.m2/repository/org/apache/ozone/hdds-interface-server/1.2.0-SNAPSHOT/hdds-interface-server-1.2.0-SNAPSHOT.jar:/home/runner/.m2/repository/org/eclipse/jetty/jetty-servlet/9.4.43.v20210629/jetty-servlet-9.4.43.v20210629.jar:/home/runner/.m2/repository/org/eclipse/jetty/jetty-security/9.4.43.v20210629/jetty-security-9.4.43.v20210629.jar:/home/runner/.m2/repository/org/rocksdb/rocksdbjni/6.20.3/rocksdbjni-6.20.3.jar:/home/runner/.m2/repository/io/prometheus/simpleclient_dropwizard/0.7.0/simpleclient_dropwizard-0.7.0.jar:/home/runner/.m2/repository/io/prometheus/simpleclient/0.7.0/simpleclient-0.7.0.jar:/home/runner/.m2/repository/io/prometheus/simpleclient_common/0.7.0/simpleclient_common-0.7.0.jar:/home/runner/.m2/repository/com/fasterxml/jackson/datatype/jackson-datatype-jsr310/2.12.1/jackson-datatype-jsr310-2.12.1.jar:/home/runner/.m2/repository/org/apache/ozone/hdds-test-utils/1.2.0-SNAPSHOT/hdds-test-utils-1.2.0-SNAPSHOT.jar:/home/runner/.m2/repository/com/google/guava/guava/30.1.1-jre/guava-30.1.1-jre.jar:/home/runner/.m2/repository/com/google/guava/failureaccess/1.0.1/failureaccess-1.0.1.jar:/home/runner/.m2/repository/com/google/guava/listenablefuture/9999.0-empty-to-avoid-conflict-with-guava/listenablefuture-9999.0-empty-to-avoid-conflict-with-guava.jar:/home/runner/.m2/repository/com/google/code/findbugs/jsr305/3.0.0/jsr305-3.0.0.jar:/home/runner/.m2/repository/org/checkerframework/checker-qual/3.8.0/checker-qual-3.8.0.jar:/home/runner/.m2/repository/com/google/errorprone/error_prone_annotations/2.2.0/error_prone_annotations-2.2.0.jar:/home/runner/.m2/repository/com/google/j2objc/j2objc-annotations/1.3/j2objc-annotations-1.3.jar:/home/runner/.m2/repository/commons-io/commons-io/2.8.0/commons-io-2.8.0.jar:/home/runner/.m2/repository/commons-logging/commons-logging/1.2/commons-logging-1.2.jar:/home/runner/.m2/repository/log4j/log4j/1.2.17/log4j-1.2.17.jar:/home/runner/.m2/repository/org/slf4j/slf4j-api/1.7.30/slf4j-api-1.7.30.jar:/home/runner/.m2/repository/org/apache/ozone/hdds-server-scm/1.2.0-SNAPSHOT/hdds-server-scm-1.2.0-SNAPSHOT.jar:/home/runner/.m2/repository/org/apache/ozone/hdds-container-service/1.2.0-SNAPSHOT/hdds-container-service-1.2.0-SNAPSHOT.jar:/home/runner/.m2/repository/org/apache/ozone/hdds-hadoop-dependency-server/1.2.0-SNAPSHOT/hdds-hadoop-dependency-server-1.2.0-SNAPSHOT.jar:/home/runner/.m2/repository/org/apache/hadoop/hadoop-hdfs/3.3.1/hadoop-hdfs-3.3.1.jar:/home/runner/.m2/repository/io/dropwizard/metrics/metrics-core/3.2.4/metrics-core-3.2.4.jar:/home/runner/.m2/repository/org/apache/hadoop/hadoop-hdfs-client/3.3.1/hadoop-hdfs-client-3.3.1.jar:/home/runner/.m2/repository/org/bouncycastle/bcprov-jdk15on/1.67/bcprov-jdk15on-1.67.jar:/home/runner/.m2/repository/com/google/protobuf/protobuf-java/2.5.0/protobuf-java-2.5.0.jar:/home/runner/.m2/repository/org/apache/ozone/ozone-manager/1.2.0-SNAPSHOT/ozone-manager-1.2.0-SNAPSHOT.jar:/home/runner/.m2/repository/org/aspectj/aspectjrt/1.8.9/aspectjrt-1.8.9.jar:/home/runner/.m2/repository/org/aspectj/aspectjweaver/1.8.9/aspectjweaver-1.8.9.jar:/home/runner/.m2/repository/org/apache/ozone/hdds-interface-client/1.2.0-SNAPSHOT/hdds-interface-client-1.2.0-SNAPSHOT.jar:/home/runner/.m2/repository/org/apache/hadoop/thirdparty/hadoop-shaded-protobuf_3_7/1.1.1/hadoop-shaded-protobuf_3_7-1.1.1.jar:/home/runner/.m2/repository/org/apache/ozone/ozone-interface-storage/1.2.0-SNAPSHOT/ozone-interface-storage-1.2.0-SNAPSHOT.jar:/home/runner/.m2/repository/org/reflections/reflections/0.9.11/reflections-0.9.11.jar:/home/runner/.m2/repository/org/apache/hadoop/hadoop-minikdc/3.3.1/hadoop-minikdc-3.3.1.jar:/home/runner/.m2/repository/org/apache/kerby/kerb-simplekdc/1.0.1/kerb-simplekdc-1.0.1.jar:/home/runner/.m2/repository/org/apache/kerby/kerb-client/1.0.1/kerb-client-1.0.1.jar:/home/runner/.m2/repository/org/apache/kerby/kerby-config/1.0.1/kerby-config-1.0.1.jar:/home/runner/.m2/repository/org/apache/kerby/kerb-common/1.0.1/kerb-common-1.0.1.jar:/home/runner/.m2/repository/org/apache/kerby/kerb-crypto/1.0.1/kerb-crypto-1.0.1.jar:/home/runner/.m2/repository/org/apache/kerby/kerb-util/1.0.1/kerb-util-1.0.1.jar:/home/runner/.m2/repository/org/apache/kerby/token-provider/1.0.1/token-provider-1.0.1.jar:/home/runner/.m2/repository/org/apache/kerby/kerb-admin/1.0.1/kerb-admin-1.0.1.jar:/home/runner/.m2/repository/org/apache/kerby/kerb-server/1.0.1/kerb-server-1.0.1.jar:/home/runner/.m2/repository/org/apache/kerby/kerb-identity/1.0.1/kerb-identity-1.0.1.jar:/home/runner/.m2/repository/org/apache/kerby/kerby-xdr/1.0.1/kerby-xdr-1.0.1.jar:/home/runner/.m2/repository/org/slf4j/slf4j-log4j12/1.7.30/slf4j-log4j12-1.7.30.jar:/home/runner/.m2/repository/org/apache/ozone/ozone-s3gateway/1.2.0-SNAPSHOT/ozone-s3gateway-1.2.0-SNAPSHOT.jar:/home/runner/.m2/repository/org/javassist/javassist/3.21.0-GA/javassist-3.21.0-GA.jar:/home/runner/.m2/repository/org/jboss/weld/servlet/weld-servlet/2.4.7.Final/weld-servlet-2.4.7.Final.jar:/home/runner/.m2/repository/org/glassfish/jersey/containers/jersey-container-servlet-core/2.33/jersey-container-servlet-core-2.33.jar:/home/runner/.m2/repository/org/glassfish/hk2/external/jakarta.inject/2.6.1/jakarta.inject-2.6.1.jar:/home/runner/.m2/repository/org/glassfish/jersey/core/jersey-common/2.33/jersey-common-2.33.jar:/home/runner/.m2/repository/jakarta/ws/rs/jakarta.ws.rs-api/2.1.6/jakarta.ws.rs-api-2.1.6.jar:/home/runner/.m2/repository/org/glassfish/jersey/ext/cdi/jersey-cdi1x/2.33/jersey-cdi1x-2.33.jar:/home/runner/.m2/repository/org/glassfish/jersey/inject/jersey-hk2/2.33/jersey-hk2-2.33.jar:/home/runner/.m2/repository/org/glassfish/hk2/hk2-locator/2.6.1/hk2-locator-2.6.1.jar:/home/runner/.m2/repository/org/glassfish/jersey/media/jersey-media-jaxb/2.33/jersey-media-jaxb-2.33.jar:/home/runner/.m2/repository/org/glassfish/hk2/osgi-resource-locator/1.0.3/osgi-resource-locator-1.0.3.jar:/home/runner/.m2/repository/org/glassfish/hk2/hk2-api/2.5.0/hk2-api-2.5.0.jar:/home/runner/.m2/repository/org/glassfish/hk2/hk2-utils/2.5.0/hk2-utils-2.5.0.jar:/home/runner/.m2/repository/org/glassfish/hk2/external/aopalliance-repackaged/2.5.0/aopalliance-repackaged-2.5.0.jar:/home/runner/.m2/repository/com/fasterxml/jackson/dataformat/jackson-dataformat-xml/2.12.1/jackson-dataformat-xml-2.12.1.jar:/home/runner/.m2/repository/com/fasterxml/jackson/core/jackson-core/2.12.1/jackson-core-2.12.1.jar:/home/runner/.m2/repository/com/fasterxml/jackson/module/jackson-module-jaxb-annotations/2.12.1/jackson-module-jaxb-annotations-2.12.1.jar:/home/runner/.m2/repository/jakarta/xml/bind/jakarta.xml.bind-api/2.3.2/jakarta.xml.bind-api-2.3.2.jar:/home/runner/.m2/repository/org/codehaus/woodstox/stax2-api/3.1.4/stax2-api-3.1.4.jar:/home/runner/.m2/repository/com/fasterxml/woodstox/woodstox-core/5.0.3/woodstox-core-5.0.3.jar:/home/runner/.m2/repository/javax/enterprise/cdi-api/1.2/cdi-api-1.2.jar:/home/runner/.m2/repository/javax/el/javax.el-api/3.0.0/javax.el-api-3.0.0.jar:/home/runner/.m2/repository/javax/interceptor/javax.interceptor-api/1.2/javax.interceptor-api-1.2.jar:/home/runner/.m2/repository/javax/inject/javax.inject/1/javax.inject-1.jar:/home/runner/.m2/repository/javax/xml/bind/jaxb-api/2.3.0/jaxb-api-2.3.0.jar:/home/runner/.m2/repository/org/glassfish/jaxb/jaxb-runtime/2.3.0.1/jaxb-runtime-2.3.0.1.jar:/home/runner/.m2/repository/org/glassfish/jaxb/jaxb-core/2.3.0.1/jaxb-core-2.3.0.1.jar:/home/runner/.m2/repository/org/glassfish/jaxb/txw2/2.3.0.1/txw2-2.3.0.1.jar:/home/runner/.m2/repository/com/sun/istack/istack-commons-runtime/3.0.5/istack-commons-runtime-3.0.5.jar:/home/runner/.m2/repository/org/jvnet/staxex/stax-ex/1.7.8/stax-ex-1.7.8.jar:/home/runner/.m2/repository/com/sun/xml/fastinfoset/FastInfoset/1.2.13/FastInfoset-1.2.13.jar:/home/runner/.m2/repository/javax/activation/activation/1.1.1/activation-1.1.1.jar:/home/runner/.m2/repository/org/apache/ozone/ozone-csi/1.2.0-SNAPSHOT/ozone-csi-1.2.0-SNAPSHOT.jar:/home/runner/.m2/repository/com/google/protobuf/protobuf-java-util/3.12.0/protobuf-java-util-3.12.0.jar:/home/runner/.m2/repository/com/google/code/gson/gson/2.2.4/gson-2.2.4.jar:/home/runner/.m2/repository/org/apache/ozone/hdds-config/1.2.0-SNAPSHOT/hdds-config-1.2.0-SNAPSHOT.jar:/home/runner/.m2/repository/io/grpc/grpc-netty/1.33.0/grpc-netty-1.33.0.jar:/home/runner/.m2/repository/io/grpc/grpc-core/1.33.0/grpc-core-1.33.0.jar:/home/runner/.m2/repository/com/google/android/annotations/4.1.1.4/annotations-4.1.1.4.jar:/home/runner/.m2/repository/io/netty/netty-codec-http2/4.1.63.Final/netty-codec-http2-4.1.63.Final.jar:/home/runner/.m2/repository/io/netty/netty-codec-http/4.1.63.Final/netty-codec-http-4.1.63.Final.jar:/home/runner/.m2/repository/io/netty/netty-handler-proxy/4.1.63.Final/netty-handler-proxy-4.1.63.Final.jar:/home/runner/.m2/repository/io/netty/netty-codec-socks/4.1.63.Final/netty-codec-socks-4.1.63.Final.jar:/home/runner/.m2/repository/io/perfmark/perfmark-api/0.19.0/perfmark-api-0.19.0.jar:/home/runner/.m2/repository/org/codehaus/mojo/animal-sniffer-annotations/1.18/animal-sniffer-annotations-1.18.jar:/home/runner/.m2/repository/io/netty/netty-transport-native-epoll/4.1.63.Final/netty-transport-native-epoll-4.1.63.Final.jar:/home/runner/.m2/repository/io/netty/netty-common/4.1.63.Final/netty-common-4.1.63.Final.jar:/home/runner/.m2/repository/io/netty/netty-buffer/4.1.63.Final/netty-buffer-4.1.63.Final.jar:/home/runner/.m2/repository/io/netty/netty-transport-native-unix-common/4.1.63.Final/netty-transport-native-unix-common-4.1.63.Final.jar:/home/runner/.m2/repository/io/grpc/grpc-protobuf/1.33.0/grpc-protobuf-1.33.0.jar:/home/runner/.m2/repository/io/grpc/grpc-api/1.33.0/grpc-api-1.33.0.jar:/home/runner/.m2/repository/io/grpc/grpc-context/1.33.0/grpc-context-1.33.0.jar:/home/runner/.m2/repository/com/google/api/grpc/proto-google-common-protos/1.17.0/proto-google-common-protos-1.17.0.jar:/home/runner/.m2/repository/io/grpc/grpc-protobuf-lite/1.33.0/grpc-protobuf-lite-1.33.0.jar:/home/runner/.m2/repository/io/grpc/grpc-stub/1.33.0/grpc-stub-1.33.0.jar:/home/runner/.m2/repository/org/apache/ozone/ozone-recon/1.2.0-SNAPSHOT/ozone-recon-1.2.0-SNAPSHOT.jar:/home/runner/.m2/repository/org/apache/ozone/ozone-reconcodegen/1.2.0-SNAPSHOT/ozone-reconcodegen-1.2.0-SNAPSHOT.jar:/home/runner/.m2/repository/com/google/inject/extensions/guice-multibindings/4.0/guice-multibindings-4.0.jar:/home/runner/.m2/repository/com/google/inject/guice/4.0/guice-4.0.jar:/home/runner/.m2/repository/aopalliance/aopalliance/1.0/aopalliance-1.0.jar:/home/runner/.m2/repository/com/google/inject/extensions/guice-assistedinject/4.0/guice-assistedinject-4.0.jar:/home/runner/.m2/repository/com/google/inject/extensions/guice-servlet/4.0/guice-servlet-4.0.jar:/home/runner/.m2/repository/org/glassfish/jersey/containers/jersey-container-servlet/2.33/jersey-container-servlet-2.33.jar:/home/runner/.m2/repository/org/glassfish/hk2/guice-bridge/2.5.0/guice-bridge-2.5.0.jar:/home/runner/.m2/repository/org/glassfish/jersey/core/jersey-server/2.33/jersey-server-2.33.jar:/home/runner/.m2/repository/org/glassfish/jersey/core/jersey-client/2.33/jersey-client-2.33.jar:/home/runner/.m2/repository/jakarta/annotation/jakarta.annotation-api/1.3.5/jakarta.annotation-api-1.3.5.jar:/home/runner/.m2/repository/jakarta/validation/jakarta.validation-api/2.0.2/jakarta.validation-api-2.0.2.jar:/home/runner/.m2/repository/org/glassfish/jersey/media/jersey-media-json-jackson/2.33/jersey-media-json-jackson-2.33.jar:/home/runner/.m2/repository/org/glassfish/jersey/ext/jersey-entity-filtering/2.33/jersey-entity-filtering-2.33.jar:/home/runner/.m2/repository/org/jooq/jooq/3.11.10/jooq-3.11.10.jar:/home/runner/.m2/repository/org/jooq/jooq-meta/3.11.10/jooq-meta-3.11.10.jar:/home/runner/.m2/repository/org/jooq/jooq-codegen/3.11.10/jooq-codegen-3.11.10.jar:/home/runner/.m2/repository/com/jolbox/bonecp/0.8.0.RELEASE/bonecp-0.8.0.RELEASE.jar:/home/runner/.m2/repository/org/apache/derby/derby/10.14.2.0/derby-10.14.2.0.jar:/home/runner/.m2/repository/org/xerial/sqlite-jdbc/3.25.2/sqlite-jdbc-3.25.2.jar:/home/runner/.m2/repository/org/springframework/spring-jdbc/5.2.11.RELEASE/spring-jdbc-5.2.11.RELEASE.jar:/home/runner/.m2/repository/org/springframework/spring-beans/5.2.11.RELEASE/spring-beans-5.2.11.RELEASE.jar:/home/runner/.m2/repository/org/springframework/spring-core/5.2.11.RELEASE/spring-core-5.2.11.RELEASE.jar:/home/runner/.m2/repository/org/springframework/spring-jcl/5.2.11.RELEASE/spring-jcl-5.2.11.RELEASE.jar:/home/runner/.m2/repository/org/springframework/spring-tx/5.2.11.RELEASE/spring-tx-5.2.11.RELEASE.jar:/home/runner/.m2/repository/org/apache/ozone/ozone-client/1.2.0-SNAPSHOT/ozone-client-1.2.0-SNAPSHOT.jar:/home/runner/.m2/repository/org/apache/ozone/ozone-filesystem/1.2.0-SNAPSHOT/ozone-filesystem-1.2.0-SNAPSHOT.jar:/home/runner/.m2/repository/org/apache/ozone/ozone-filesystem-common/1.2.0-SNAPSHOT/ozone-filesystem-common-1.2.0-SNAPSHOT.jar:/home/runner/.m2/repository/org/apache/ozone/ozone-tools/1.2.0-SNAPSHOT/ozone-tools-1.2.0-SNAPSHOT.jar:/home/runner/.m2/repository/org/apache/ratis/ratis-tools/2.1.0-03f3b68-SNAPSHOT/ratis-tools-2.1.0-03f3b68-SNAPSHOT.jar:/home/runner/.m2/repository/com/amazonaws/aws-java-sdk-core/1.11.901/aws-java-sdk-core-1.11.901.jar:/home/runner/.m2/repository/org/apache/httpcomponents/httpclient/4.5.13/httpclient-4.5.13.jar:/home/runner/.m2/repository/org/apache/httpcomponents/httpcore/4.4.13/httpcore-4.4.13.jar:/home/runner/.m2/repository/software/amazon/ion/ion-java/1.0.2/ion-java-1.0.2.jar:/home/runner/.m2/repository/com/fasterxml/jackson/dataformat/jackson-dataformat-cbor/2.12.1/jackson-dataformat-cbor-2.12.1.jar:/home/runner/.m2/repository/joda-time/joda-time/2.8.1/joda-time-2.8.1.jar:/home/runner/.m2/repository/com/amazonaws/aws-java-sdk-s3/1.11.901/aws-java-sdk-s3-1.11.901.jar:/home/runner/.m2/repository/com/amazonaws/aws-java-sdk-kms/1.11.901/aws-java-sdk-kms-1.11.901.jar:/home/runner/.m2/repository/com/amazonaws/jmespath-java/1.11.901/jmespath-java-1.11.901.jar:/home/runner/.m2/repository/org/kohsuke/metainf-services/metainf-services/1.8/metainf-services-1.8.jar:/home/runner/.m2/repository/org/apache/ozone/hdds-tools/1.2.0-SNAPSHOT/hdds-tools-1.2.0-SNAPSHOT.jar:/home/runner/.m2/repository/commons-cli/commons-cli/1.2/commons-cli-1.2.jar:/home/runner/.m2/repository/org/apache/commons/commons-lang3/3.7/commons-lang3-3.7.jar:/home/runner/.m2/repository/org/apache/ozone/ozone-manager/1.2.0-SNAPSHOT/ozone-manager-1.2.0-SNAPSHOT-tests.jar:/home/runner/.m2/repository/org/apache/ozone/hdds-common/1.2.0-SNAPSHOT/hdds-common-1.2.0-SNAPSHOT-tests.jar:/home/runner/.m2/repository/org/apache/ozone/hdds-hadoop-dependency-client/1.2.0-SNAPSHOT/hdds-hadoop-dependency-client-1.2.0-SNAPSHOT.jar:/home/runner/.m2/repository/info/picocli/picocli/4.4.0/picocli-4.4.0.jar:/home/runner/.m2/repository/com/fasterxml/jackson/core/jackson-annotations/2.12.1/jackson-annotations-2.12.1.jar:/home/runner/.m2/repository/javax/annotation/javax.annotation-api/1.2/javax.annotation-api-1.2.jar:/home/runner/.m2/repository/org/apache/ratis/ratis-server/2.1.0-03f3b68-SNAPSHOT/ratis-server-2.1.0-03f3b68-SNAPSHOT.jar:/home/runner/.m2/repository/org/apache/ratis/ratis-client/2.1.0-03f3b68-SNAPSHOT/ratis-client-2.1.0-03f3b68-SNAPSHOT.jar:/home/runner/.m2/repository/org/apache/ratis/ratis-server-api/2.1.0-03f3b68-SNAPSHOT/ratis-server-api-2.1.0-03f3b68-SNAPSHOT.jar:/home/runner/.m2/repository/org/apache/ratis/ratis-metrics/2.1.0-03f3b68-SNAPSHOT/ratis-metrics-2.1.0-03f3b68-SNAPSHOT.jar:/home/runner/.m2/repository/org/apache/ratis/ratis-netty/2.1.0-03f3b68-SNAPSHOT/ratis-netty-2.1.0-03f3b68-SNAPSHOT.jar:/home/runner/.m2/repository/org/apache/ratis/ratis-grpc/2.1.0-03f3b68-SNAPSHOT/ratis-grpc-2.1.0-03f3b68-SNAPSHOT.jar:/home/runner/.m2/repository/org/apache/logging/log4j/log4j-api/2.13.3/log4j-api-2.13.3.jar:/home/runner/.m2/repository/org/apache/logging/log4j/log4j-core/2.13.3/log4j-core-2.13.3.jar:/home/runner/.m2/repository/com/lmax/disruptor/3.4.2/disruptor-3.4.2.jar:/home/runner/.m2/repository/org/apache/commons/commons-pool2/2.6.0/commons-pool2-2.6.0.jar:/home/runner/.m2/repository/org/bouncycastle/bcpkix-jdk15on/1.67/bcpkix-jdk15on-1.67.jar:/home/runner/.m2/repository/commons-validator/commons-validator/1.6/commons-validator-1.6.jar:/home/runner/.m2/repository/commons-beanutils/commons-beanutils/1.9.4/commons-beanutils-1.9.4.jar:/home/runner/.m2/repository/commons-digester/commons-digester/1.8.1/commons-digester-1.8.1.jar:/home/runner/.m2/repository/commons-collections/commons-collections/3.2.2/commons-collections-3.2.2.jar:/home/runner/.m2/repository/io/jaegertracing/jaeger-client/1.6.0/jaeger-client-1.6.0.jar:/home/runner/.m2/repository/io/jaegertracing/jaeger-thrift/1.6.0/jaeger-thrift-1.6.0.jar:/home/runner/.m2/repository/org/apache/thrift/libthrift/0.14.1/libthrift-0.14.1.jar:/home/runner/.m2/repository/com/squareup/okhttp3/okhttp/4.9.0/okhttp-4.9.0.jar:/home/runner/.m2/repository/com/squareup/okio/okio/2.8.0/okio-2.8.0.jar:/home/runner/.m2/repository/io/jaegertracing/jaeger-core/1.6.0/jaeger-core-1.6.0.jar:/home/runner/.m2/repository/io/jaegertracing/jaeger-tracerresolver/1.6.0/jaeger-tracerresolver-1.6.0.jar:/home/runner/.m2/repository/io/opentracing/contrib/opentracing-tracerresolver/0.1.8/opentracing-tracerresolver-0.1.8.jar:/home/runner/.m2/repository/org/jetbrains/kotlin/kotlin-stdlib/1.4.31/kotlin-stdlib-1.4.31.jar:/home/runner/.m2/repository/org/jetbrains/kotlin/kotlin-stdlib-common/1.4.31/kotlin-stdlib-common-1.4.31.jar:/home/runner/.m2/repository/org/jetbrains/annotations/13.0/annotations-13.0.jar:/home/runner/.m2/repository/io/opentracing/opentracing-util/0.33.0/opentracing-util-0.33.0.jar:/home/runner/.m2/repository/io/opentracing/opentracing-api/0.33.0/opentracing-api-0.33.0.jar:/home/runner/.m2/repository/io/opentracing/opentracing-noop/0.33.0/opentracing-noop-0.33.0.jar:/home/runner/.m2/repository/org/yaml/snakeyaml/1.26/snakeyaml-1.26.jar:/home/runner/.m2/repository/org/apache/ozone/hdds-interface-admin/1.2.0-SNAPSHOT/hdds-interface-admin-1.2.0-SNAPSHOT.jar:/home/runner/.m2/repository/junit/junit/4.13.1/junit-4.13.1.jar:/home/runner/.m2/repository/org/hamcrest/hamcrest-core/1.3/hamcrest-core-1.3.jar:/home/runner/.m2/repository/org/junit/jupiter/junit-jupiter-api/5.7.0/junit-jupiter-api-5.7.0.jar:/home/runner/.m2/repository/org/apiguardian/apiguardian-api/1.1.0/apiguardian-api-1.1.0.jar:/home/runner/.m2/repository/org/opentest4j/opentest4j/1.2.0/opentest4j-1.2.0.jar:/home/runner/.m2/repository/org/junit/platform/junit-platform-commons/1.7.0/junit-platform-commons-1.7.0.jar:/home/runner/.m2/repository/org/junit/jupiter/junit-jupiter-engine/5.7.0/junit-jupiter-engine-5.7.0.jar:/home/runner/.m2/repository/org/junit/platform/junit-platform-engine/1.7.0/junit-platform-engine-1.7.0.jar:/home/runner/.m2/repository/org/junit/vintage/junit-vintage-engine/5.7.0/junit-vintage-engine-5.7.0.jar:/home/runner/.m2/repository/org/junit/platform/junit-platform-launcher/1.7.0/junit-platform-launcher-1.7.0.jar:/home/runner/.m2/repository/org/openjdk/jmh/jmh-core/1.19/jmh-core-1.19.jar:/home/runner/.m2/repository/net/sf/jopt-simple/jopt-simple/4.6/jopt-simple-4.6.jar:/home/runner/.m2/repository/org/apache/commons/commons-math3/3.1.1/commons-math3-3.1.1.jar:/home/runner/.m2/repository/org/openjdk/jmh/jmh-generator-annprocess/1.19/jmh-generator-annprocess-1.19.jar:/home/runner/.m2/repository/org/mockito/mockito-core/2.28.2/mockito-core-2.28.2.jar:/home/runner/.m2/repository/net/bytebuddy/byte-buddy/1.9.10/byte-buddy-1.9.10.jar:/home/runner/.m2/repository/net/bytebuddy/byte-buddy-agent/1.9.10/byte-buddy-agent-1.9.10.jar:/home/runner/.m2/repository/org/objenesis/objenesis/1.0/objenesis-1.0.jar:/home/runner/.m2/repository/org/apache/hadoop/hadoop-kms/3.3.1/hadoop-kms-3.3.1.jar:/home/runner/.m2/repository/org/apache/hadoop/hadoop-auth/3.3.1/hadoop-auth-3.3.1.jar:/home/runner/.m2/repository/com/nimbusds/nimbus-jose-jwt/7.9/nimbus-jose-jwt-7.9.jar:/home/runner/.m2/repository/com/github/stephenc/jcip/jcip-annotations/1.0-1/jcip-annotations-1.0-1.jar:/home/runner/.m2/repository/net/minidev/json-smart/2.3/json-smart-2.3.jar:/home/runner/.m2/repository/net/minidev/accessors-smart/1.2/accessors-smart-1.2.jar:/home/runner/.m2/repository/org/ow2/asm/asm/5.0.4/asm-5.0.4.jar:/home/runner/.m2/repository/org/apache/zookeeper/zookeeper/3.5.6/zookeeper-3.5.6.jar:/home/runner/.m2/repository/org/apache/zookeeper/zookeeper-jute/3.5.6/zookeeper-jute-3.5.6.jar:/home/runner/.m2/repository/org/apache/yetus/audience-annotations/0.5.0/audience-annotations-0.5.0.jar:/home/runner/.m2/repository/org/apache/curator/curator-framework/4.2.0/curator-framework-4.2.0.jar:/home/runner/.m2/repository/org/apache/hadoop/thirdparty/hadoop-shaded-guava/1.1.1/hadoop-shaded-guava-1.1.1.jar:/home/runner/.m2/repository/com/sun/jersey/jersey-core/1.19/jersey-core-1.19.jar:/home/runner/.m2/repository/javax/ws/rs/jsr311-api/1.1.1/jsr311-api-1.1.1.jar:/home/runner/.m2/repository/com/sun/jersey/jersey-server/1.19/jersey-server-1.19.jar:/home/runner/.m2/repository/javax/servlet/javax.servlet-api/3.1.0/javax.servlet-api-3.1.0.jar:/home/runner/.m2/repository/org/eclipse/jetty/jetty-server/9.4.43.v20210629/jetty-server-9.4.43.v20210629.jar:/home/runner/.m2/repository/org/eclipse/jetty/jetty-http/9.4.43.v20210629/jetty-http-9.4.43.v20210629.jar:/home/runner/.m2/repository/org/eclipse/jetty/jetty-io/9.4.43.v20210629/jetty-io-9.4.43.v20210629.jar:/home/runner/.m2/repository/org/eclipse/jetty/jetty-webapp/9.4.43.v20210629/jetty-webapp-9.4.43.v20210629.jar:/home/runner/.m2/repository/org/eclipse/jetty/jetty-xml/9.4.43.v20210629/jetty-xml-9.4.43.v20210629.jar:/home/runner/.m2/repository/org/apache/hadoop/hadoop-common/3.3.1/hadoop-common-3.3.1.jar:/home/runner/.m2/repository/commons-net/commons-net/3.6/commons-net-3.6.jar:/home/runner/.m2/repository/jakarta/activation/jakarta.activation-api/1.2.1/jakarta.activation-api-1.2.1.jar:/home/runner/.m2/repository/com/sun/jersey/jersey-servlet/1.19/jersey-servlet-1.19.jar:/home/runner/.m2/repository/com/sun/jersey/jersey-json/1.19/jersey-json-1.19.jar:/home/runner/.m2/repository/org/codehaus/jettison/jettison/1.1/jettison-1.1.jar:/home/runner/.m2/repository/com/sun/xml/bind/jaxb-impl/2.2.3-1/jaxb-impl-2.2.3-1.jar:/home/runner/.m2/repository/org/codehaus/jackson/jackson-jaxrs/1.9.2/jackson-jaxrs-1.9.2.jar:/home/runner/.m2/repository/org/codehaus/jackson/jackson-xc/1.9.2/jackson-xc-1.9.2.jar:/home/runner/.m2/repository/org/apache/commons/commons-configuration2/2.1.1/commons-configuration2-2.1.1.jar:/home/runner/.m2/repository/org/apache/commons/commons-text/1.4/commons-text-1.4.jar:/home/runner/.m2/repository/com/google/re2j/re2j/1.1/re2j-1.1.jar:/home/runner/.m2/repository/com/jcraft/jsch/0.1.54/jsch-0.1.54.jar:/home/runner/.m2/repository/org/apache/curator/curator-client/4.2.0/curator-client-4.2.0.jar:/home/runner/.m2/repository/org/apache/curator/curator-recipes/4.2.0/curator-recipes-4.2.0.jar:/home/runner/.m2/repository/org/apache/kerby/kerb-core/1.0.1/kerb-core-1.0.1.jar:/home/runner/.m2/repository/org/apache/kerby/kerby-pkix/1.0.1/kerby-pkix-1.0.1.jar:/home/runner/.m2/repository/org/apache/kerby/kerby-asn1/1.0.1/kerby-asn1-1.0.1.jar:/home/runner/.m2/repository/org/apache/kerby/kerby-util/1.0.1/kerby-util-1.0.1.jar:/home/runner/.m2/repository/dnsjava/dnsjava/2.1.7/dnsjava-2.1.7.jar:/home/runner/.m2/repository/org/xerial/snappy/snappy-java/1.1.8.2/snappy-java-1.1.8.2.jar:/home/runner/.m2/repository/org/slf4j/jul-to-slf4j/1.7.30/jul-to-slf4j-1.7.30.jar:/home/runner/.m2/repository/org/eclipse/jetty/jetty-util/9.4.43.v20210629/jetty-util-9.4.43.v20210629.jar:/home/runner/.m2/repository/com/fasterxml/jackson/core/jackson-databind/2.12.1/jackson-databind-2.12.1.jar:/home/runner/.m2/repository/org/apache/hadoop/hadoop-kms/3.3.1/hadoop-kms-3.3.1-tests.jar:/home/runner/.m2/repository/org/apache/ozone/hdds-server-scm/1.2.0-SNAPSHOT/hdds-server-scm-1.2.0-SNAPSHOT-tests.jar:/home/runner/.m2/repository/org/apache/ozone/hdds-container-service/1.2.0-SNAPSHOT/hdds-container-service-1.2.0-SNAPSHOT-tests.jar:/home/runner/.m2/repository/commons-codec/commons-codec/1.11/commons-codec-1.11.jar:/home/runner/.m2/repository/io/netty/netty-transport/4.1.63.Final/netty-transport-4.1.63.Final.jar:/home/runner/.m2/repository/io/netty/netty-resolver/4.1.63.Final/netty-resolver-4.1.63.Final.jar:/home/runner/.m2/repository/io/netty/netty-codec/4.1.63.Final/netty-codec-4.1.63.Final.jar:/home/runner/.m2/repository/io/netty/netty-handler/4.1.63.Final/netty-handler-4.1.63.Final.jar:/home/runner/.m2/repository/org/apache/ozone/hdds-hadoop-dependency-test/1.2.0-SNAPSHOT/hdds-hadoop-dependency-test-1.2.0-SNAPSHOT.jar:/home/runner/.m2/repository/org/apache/hadoop/hadoop-common/3.3.1/hadoop-common-3.3.1-tests.jar:/home/runner/.m2/repository/org/assertj/assertj-core/3.12.2/assertj-core-3.12.2.jar:/home/runner/.m2/repository/org/apache/hadoop/hadoop-hdfs/3.3.1/hadoop-hdfs-3.3.1-tests.jar:/home/runner/.m2/repository/org/eclipse/jetty/jetty-util-ajax/9.4.43.v20210629/jetty-util-ajax-9.4.43.v20210629.jar:/home/runner/.m2/repository/commons-daemon/commons-daemon/1.0.13/commons-daemon-1.0.13.jar:/home/runner/.m2/repository/io/netty/netty/3.10.6.Final/netty-3.10.6.Final.jar:/home/runner/.m2/repository/io/netty/netty-all/4.1.63.Final/netty-all-4.1.63.Final.jar:/home/runner/.m2/repository/org/apache/htrace/htrace-core4/4.1.0-incubating/htrace-core4-4.1.0-incubating.jar:/home/runner/.m2/repository/org/fusesource/leveldbjni/leveldbjni-all/1.8/leveldbjni-all-1.8.jar:/home/runner/.m2/repository/org/apache/hadoop/hadoop-distcp/3.3.1/hadoop-distcp-3.3.1.jar:/home/runner/.m2/repository/org/apache/hadoop/hadoop-mapreduce-client-jobclient/3.3.1/hadoop-mapreduce-client-jobclient-3.3.1.jar:/home/runner/.m2/repository/org/apache/hadoop/hadoop-mapreduce-client-common/3.3.1/hadoop-mapreduce-client-common-3.3.1.jar:/home/runner/.m2/repository/org/apache/hadoop/hadoop-yarn-common/3.3.1/hadoop-yarn-common-3.3.1.jar:/home/runner/.m2/repository/org/apache/hadoop/hadoop-yarn-api/3.3.1/hadoop-yarn-api-3.3.1.jar:/home/runner/.m2/repository/com/sun/jersey/jersey-client/1.19/jersey-client-1.19.jar:/home/runner/.m2/repository/com/sun/jersey/contribs/jersey-guice/1.19/jersey-guice-1.19.jar:/home/runner/.m2/repository/com/fasterxml/jackson/jaxrs/jackson-jaxrs-json-provider/2.12.1/jackson-jaxrs-json-provider-2.12.1.jar:/home/runner/.m2/repository/com/fasterxml/jackson/jaxrs/jackson-jaxrs-base/2.12.1/jackson-jaxrs-base-2.12.1.jar:/home/runner/.m2/repository/org/apache/hadoop/hadoop-yarn-client/3.3.1/hadoop-yarn-client-3.3.1.jar:/home/runner/.m2/repository/org/eclipse/jetty/websocket/websocket-client/9.4.40.v20210413/websocket-client-9.4.40.v20210413.jar:/home/runner/.m2/repository/org/eclipse/jetty/jetty-client/9.4.40.v20210413/jetty-client-9.4.40.v20210413.jar:/home/runner/.m2/repository/org/eclipse/jetty/websocket/websocket-common/9.4.40.v20210413/websocket-common-9.4.40.v20210413.jar:/home/runner/.m2/repository/org/eclipse/jetty/websocket/websocket-api/9.4.40.v20210413/websocket-api-9.4.40.v20210413.jar:/home/runner/.m2/repository/org/jline/jline/3.9.0/jline-3.9.0.jar:/home/runner/.m2/repository/org/apache/hadoop/hadoop-mapreduce-client-core/3.3.1/hadoop-mapreduce-client-core-3.3.1.jar:/home/runner/.m2/repository/org/apache/avro/avro/1.7.7/avro-1.7.7.jar:/home/runner/.m2/repository/org/codehaus/jackson/jackson-core-asl/1.9.13/jackson-core-asl-1.9.13.jar:/home/runner/.m2/repository/org/codehaus/jackson/jackson-mapper-asl/1.9.13/jackson-mapper-asl-1.9.13.jar:/home/runner/.m2/repository/com/thoughtworks/paranamer/paranamer/2.3/paranamer-2.3.jar:/home/runner/.m2/repository/org/apache/hadoop/hadoop-annotations/3.3.1/hadoop-annotations-3.3.1.jar:/usr/lib/jvm/adoptopenjdk-8-hotspot-amd64/jre/../lib/tools.jar:/home/runner/.m2/repository/org/apache/hadoop/hadoop-distcp/3.3.1/hadoop-distcp-3.3.1-tests.jar:/home/runner/.m2/repository/org/apache/ratis/ratis-common/2.1.0-03f3b68-SNAPSHOT/ratis-common-2.1.0-03f3b68-SNAPSHOT.jar:/home/runner/.m2/repository/org/apache/ratis/ratis-thirdparty-misc/0.7.0/ratis-thirdparty-misc-0.7.0.jar:/home/runner/.m2/repository/org/apache/ratis/ratis-proto/2.1.0-03f3b68-SNAPSHOT/ratis-proto-2.1.0-03f3b68-SNAPSHOT.jar:"/>
    <property name="sun.cpu.endian" value="little"/>
    <property name="user.home" value="/home/runner"/>
    <property name="user.language" value="en"/>
    <property name="java.specification.vendor" value="Oracle Corporation"/>
    <property name="java.home" value="/usr/lib/jvm/adoptopenjdk-8-hotspot-amd64/jre"/>
    <property name="java.security.krb5.conf" value="/home/runner/work/ozone/ozone/hadoop-ozone/integration-test/target/test-classes/krb5.conf"/>
    <property name="basedir" value="/home/runner/work/ozone/ozone/hadoop-ozone/integration-test"/>
    <property name="file.separator" value="/"/>
    <property name="line.separator" value="&#10;"/>
    <property name="java.vm.specification.vendor" value="Oracle Corporation"/>
    <property name="java.specification.name" value="Java Platform API Specification"/>
    <property name="java.awt.graphicsenv" value="sun.awt.X11GraphicsEnvironment"/>
    <property name="skip.installnpx" value="true"/>
    <property name="surefire.real.class.path" value="/home/runner/work/ozone/ozone/hadoop-ozone/integration-test/target/surefire/surefirebooter8041174754248501661.jar:/home/runner/.m2/repository/org/jacoco/org.jacoco.agent/0.8.5/org.jacoco.agent-0.8.5-runtime.jar"/>
    <property name="hadoop.log.dir" value="/home/runner/work/ozone/ozone/hadoop-ozone/integration-test/target/log"/>
    <property name="sun.boot.class.path" value="/usr/lib/jvm/adoptopenjdk-8-hotspot-amd64/jre/lib/resources.jar:/usr/lib/jvm/adoptopenjdk-8-hotspot-amd64/jre/lib/rt.jar:/usr/lib/jvm/adoptopenjdk-8-hotspot-amd64/jre/lib/sunrsasign.jar:/usr/lib/jvm/adoptopenjdk-8-hotspot-amd64/jre/lib/jsse.jar:/usr/lib/jvm/adoptopenjdk-8-hotspot-amd64/jre/lib/jce.jar:/usr/lib/jvm/adoptopenjdk-8-hotspot-amd64/jre/lib/charsets.jar:/usr/lib/jvm/adoptopenjdk-8-hotspot-amd64/jre/lib/jfr.jar:/usr/lib/jvm/adoptopenjdk-8-hotspot-amd64/jre/classes"/>
    <property name="sun.management.compiler" value="HotSpot 64-Bit Tiered Compilers"/>
    <property name="skip.npx" value="true"/>
    <property name="java.runtime.version" value="1.8.0_292-b10"/>
    <property name="java.net.preferIPv4Stack" value="true"/>
    <property name="user.name" value="runner"/>
    <property name="path.separator" value=":"/>
    <property name="java.security.egd" value="file:///dev/urandom"/>
    <property name="os.version" value="5.4.0-1055-azure"/>
    <property name="java.endorsed.dirs" value="/usr/lib/jvm/adoptopenjdk-8-hotspot-amd64/jre/lib/endorsed"/>
    <property name="java.runtime.name" value="OpenJDK Runtime Environment"/>
    <property name="file.encoding" value="UTF-8"/>
    <property name="java.vm.name" value="OpenJDK 64-Bit Server VM"/>
    <property name="test.build.webapps" value=""/>
    <property name="localRepository" value="/home/runner/.m2/repository"/>
    <property name="java.vendor.url.bug" value="https://github.com/AdoptOpenJDK/openjdk-support/issues"/>
    <property name="java.io.tmpdir" value="/tmp"/>
    <property name="require.test.libhadoop" value=""/>
    <property name="java.version" value="1.8.0_292"/>
    <property name="user.dir" value="/home/runner/work/ozone/ozone/hadoop-ozone/integration-test"/>
    <property name="os.arch" value="amd64"/>
    <property name="java.vm.specification.name" value="Java Virtual Machine Specification"/>
    <property name="test.build.classes" value="/home/runner/work/ozone/ozone/hadoop-ozone/integration-test/target/test-classes"/>
    <property name="java.awt.printerjob" value="sun.print.PSPrinterJob"/>
    <property name="sun.os.patch.level" value="unknown"/>
    <property name="hadoop.tmp.dir" value="/home/runner/work/ozone/ozone/hadoop-ozone/integration-test/target/tmp"/>
    <property name="java.library.path" value="/usr/java/packages/lib/amd64:/usr/lib64:/lib64:/lib:/usr/lib"/>
    <property name="java.vm.info" value="mixed mode"/>
    <property name="java.vendor" value="AdoptOpenJDK"/>
    <property name="java.vm.version" value="25.292-b10"/>
    <property name="java.ext.dirs" value="/usr/lib/jvm/adoptopenjdk-8-hotspot-amd64/jre/lib/ext:/usr/java/packages/lib/ext"/>
    <property name="sun.io.unicode.encoding" value="UnicodeLittle"/>
    <property name="java.class.version" value="52.0"/>
  </properties>
  <testcase name="testPrepareFailsWhenTwoOmsAreDown" classname="org.apache.hadoop.ozone.om.TestOzoneManagerPrepare" time="0">
    <skipped message="Saving on CI time since this is a pessimistic test. We should not be able to do anything with 2 OMs down."/>
  </testcase>
  <testcase name="testPrepareWithMultipleThreads" classname="org.apache.hadoop.ozone.om.TestOzoneManagerPrepare" time="161.728">
    <error message="timeout: after 120000 millis" type="java.util.concurrent.TimeoutException">java.util.concurrent.TimeoutException: timeout: after 120000 millis
	at org.apache.ozone.test.LambdaTestUtils$GenerateTimeout.evaluate(LambdaTestUtils.java:677)
	at org.apache.ozone.test.LambdaTestUtils.await(LambdaTestUtils.java:154)
	at org.apache.ozone.test.LambdaTestUtils.await(LambdaTestUtils.java:192)
	at org.apache.hadoop.ozone.om.TestOzoneManagerPrepare.assertRatisLogsCleared(TestOzoneManagerPrepare.java:500)
	at org.apache.hadoop.ozone.om.TestOzoneManagerPrepare.assertRatisLogsCleared(TestOzoneManagerPrepare.java:494)
	at org.apache.hadoop.ozone.om.TestOzoneManagerPrepare.testPrepareWithMultipleThreads(TestOzoneManagerPrepare.java:252)
	at sun.reflect.NativeMethodAccessorImpl.invoke0(Native Method)
	at sun.reflect.NativeMethodAccessorImpl.invoke(NativeMethodAccessorImpl.java:62)
	at sun.reflect.DelegatingMethodAccessorImpl.invoke(DelegatingMethodAccessorImpl.java:43)
	at java.lang.reflect.Method.invoke(Method.java:498)
	at org.junit.runners.model.FrameworkMethod$1.runReflectiveCall(FrameworkMethod.java:59)
	at org.junit.internal.runners.model.ReflectiveCallable.run(ReflectiveCallable.java:12)
	at org.junit.runners.model.FrameworkMethod.invokeExplosively(FrameworkMethod.java:56)
	at org.junit.internal.runners.statements.InvokeMethod.evaluate(InvokeMethod.java:17)
	at org.junit.internal.runners.statements.RunBefores.evaluate(RunBefores.java:26)
	at org.junit.internal.runners.statements.RunAfters.evaluate(RunAfters.java:27)
	at org.junit.rules.ExpectedException$ExpectedExceptionStatement.evaluate(ExpectedException.java:258)
	at org.junit.internal.runners.statements.FailOnTimeout$CallableStatement.call(FailOnTimeout.java:288)
	at org.junit.internal.runners.statements.FailOnTimeout$CallableStatement.call(FailOnTimeout.java:282)
	at java.util.concurrent.FutureTask.run(FutureTask.java:266)
	at java.lang.Thread.run(Thread.java:748)
</error>
    <system-out><![CDATA[2021-08-21 01:41:38,140 [Time-limited test] WARN  server.ServerUtils (ServerUtils.java:getScmDbDir(148)) - ozone.scm.db.dirs is not configured. We recommend adding this setting. Falling back to ozone.metadata.dirs instead.
2021-08-21 01:41:38,220 [Time-limited test] INFO  ha.SCMHANodeDetails (SCMHANodeDetails.java:loadSCMHAConfig(157)) - ServiceID for StorageContainerManager is null
2021-08-21 01:41:38,220 [Time-limited test] INFO  ha.SCMHANodeDetails (SCMHANodeDetails.java:loadSCMHAConfig(162)) - ozone.scm.default.service.id is not defined, falling back to ozone.scm.service.ids to find serviceID for StorageContainerManager if it is HA enabled cluster
2021-08-21 01:41:38,312 [Time-limited test] WARN  server.ServerUtils (ServerUtils.java:getScmDbDir(148)) - ozone.scm.db.dirs is not configured. We recommend adding this setting. Falling back to ozone.metadata.dirs instead.
2021-08-21 01:41:38,315 [Time-limited test] INFO  upgrade.AbstractLayoutVersionManager (AbstractLayoutVersionManager.java:init(70)) - Initializing Layout version manager with metadata layout = SCM_HA (version = 2), software layout = SCM_HA (version = 2)
2021-08-21 01:41:38,525 [Time-limited test] INFO  reflections.Reflections (Reflections.java:scan(232)) - Reflections took 138 ms to scan 7 urls, producing 120 keys and 275 values 
2021-08-21 01:41:39,012 [Time-limited test] WARN  utils.HAUtils (HAUtils.java:getMetaDir(342)) - ozone.scm.db.dirs is not configured. We recommend adding this setting. Falling back to ozone.metadata.dirs instead.
2021-08-21 01:41:39,149 [Time-limited test] WARN  db.DBStoreBuilder (DBStoreBuilder.java:applyDBDefinition(145)) - ozone.scm.db.dirs is not configured. We recommend adding this setting. Falling back to ozone.metadata.dirs instead.
2021-08-21 01:41:39,318 [Time-limited test] INFO  net.NodeSchemaLoader (NodeSchemaLoader.java:loadSchemaFromFile(129)) - Loading schema from [jar:file:/home/runner/.m2/repository/org/apache/ozone/hdds-common/1.2.0-SNAPSHOT/hdds-common-1.2.0-SNAPSHOT.jar!/network-topology-default.xml]
2021-08-21 01:41:39,319 [Time-limited test] INFO  net.NodeSchemaLoader (NodeSchemaLoader.java:loadSchema(176)) - Loading network topology layer schema file
2021-08-21 01:41:39,368 [Time-limited test] INFO  ha.SequenceIdGenerator (SequenceIdGenerator.java:upgradeToSequenceId(327)) - upgrade localId to 107544261427200000
2021-08-21 01:41:39,368 [Time-limited test] INFO  ha.SequenceIdGenerator (SequenceIdGenerator.java:upgradeToSequenceId(337)) - upgrade delTxnId to 0
2021-08-21 01:41:39,371 [Time-limited test] INFO  ha.SequenceIdGenerator (SequenceIdGenerator.java:upgradeToSequenceId(351)) - upgrade containerId to 0
2021-08-21 01:41:39,373 [Time-limited test] INFO  ha.SequenceIdGenerator (SequenceIdGenerator.java:<init>(217)) - Init the HA SequenceIdGenerator.
2021-08-21 01:41:39,410 [Time-limited test] WARN  server.ServerUtils (ServerUtils.java:sanitizeUserArgs(73)) - ozone.scm.stale.node.interval value = 300000 is larger than max = 100000 based on the key value of ozone.scm.heartbeat.thread.interval, reset to the max value 100000.
2021-08-21 01:41:39,410 [Time-limited test] WARN  server.ServerUtils (ServerUtils.java:sanitizeUserArgs(73)) - ozone.scm.stale.node.interval value = 300000 is larger than max = 100000 based on the key value of ozone.scm.heartbeat.thread.interval, reset to the max value 100000.
2021-08-21 01:41:39,416 [Time-limited test] INFO  node.SCMNodeManager (SCMNodeManager.java:<init>(145)) - Entering startup safe mode.
2021-08-21 01:41:39,472 [Time-limited test] INFO  algorithms.ContainerPlacementPolicyFactory (ContainerPlacementPolicyFactory.java:getPolicy(60)) - Create container placement policy of type org.apache.hadoop.hdds.scm.container.placement.algorithms.SCMContainerPlacementRandom
2021-08-21 01:41:39,482 [Time-limited test] INFO  pipeline.PipelineStateManager (PipelineStateManagerV2Impl.java:initialize(78)) - No pipeline exists in current db
2021-08-21 01:41:39,514 [Time-limited test] INFO  algorithms.LeaderChoosePolicyFactory (LeaderChoosePolicyFactory.java:getPolicy(57)) - Create leader choose policy of type org.apache.hadoop.hdds.scm.pipeline.leader.choose.algorithms.MinLeaderCountChoosePolicy
2021-08-21 01:41:39,525 [Time-limited test] INFO  ha.SCMServiceManager (SCMServiceManager.java:register(43)) - Registering service BackgroundPipelineCreator.
2021-08-21 01:41:39,525 [Time-limited test] INFO  pipeline.BackgroundPipelineCreator (BackgroundPipelineCreatorV2.java:start(130)) - Starting RatisPipelineUtilsThread.
2021-08-21 01:41:39,555 [Time-limited test] INFO  algorithms.PipelineChoosePolicyFactory (PipelineChoosePolicyFactory.java:createPipelineChoosePolicyFromClass(73)) - Create pipeline choose policy of type org.apache.hadoop.hdds.scm.pipeline.choose.algorithms.RandomPipelineChoosePolicy
2021-08-21 01:41:39,571 [Time-limited test] INFO  ha.SCMServiceManager (SCMServiceManager.java:register(43)) - Registering service SCMBlockDeletingService.
2021-08-21 01:41:39,594 [Time-limited test] INFO  ha.SCMServiceManager (SCMServiceManager.java:register(43)) - Registering service ReplicationManager.
2021-08-21 01:41:39,596 [Time-limited test] INFO  container.ReplicationManager (ReplicationManager.java:start(307)) - Starting Replication Monitor Thread.
2021-08-21 01:41:39,605 [ReplicationMonitor] INFO  container.ReplicationManager (ReplicationManager.java:processAll(359)) - Replication Monitor Thread took 0 milliseconds for processing 0 containers.
2021-08-21 01:41:39,606 [Time-limited test] INFO  safemode.ContainerSafeModeRule (ContainerSafeModeRule.java:<init>(89)) - containers with one replica threshold count 0
2021-08-21 01:41:39,609 [Time-limited test] INFO  safemode.HealthyPipelineSafeModeRule (HealthyPipelineSafeModeRule.java:initializeRule(156)) - Total pipeline count is 0, healthy pipeline threshold count is 1
2021-08-21 01:41:39,612 [Time-limited test] INFO  safemode.OneReplicaPipelineSafeModeRule (OneReplicaPipelineSafeModeRule.java:initializeRule(180)) - Total pipeline count is 0, pipeline's with at least one datanode reported threshold count is 0
2021-08-21 01:41:39,970 [Time-limited test] INFO  ipc.CallQueueManager (CallQueueManager.java:<init>(90)) - Using callQueue: class java.util.concurrent.LinkedBlockingQueue, queueCapacity: 2000, scheduler: class org.apache.hadoop.ipc.DefaultRpcScheduler, ipcBackoff: false.
2021-08-21 01:41:40,010 [Socket Reader #1 for port 0] INFO  ipc.Server (Server.java:run(1265)) - Starting Socket Reader #1 for port 0
2021-08-21 01:41:40,056 [Listener at 0.0.0.0/39161] INFO  ipc.CallQueueManager (CallQueueManager.java:<init>(90)) - Using callQueue: class java.util.concurrent.LinkedBlockingQueue, queueCapacity: 2000, scheduler: class org.apache.hadoop.ipc.DefaultRpcScheduler, ipcBackoff: false.
2021-08-21 01:41:40,057 [Socket Reader #1 for port 0] INFO  ipc.Server (Server.java:run(1265)) - Starting Socket Reader #1 for port 0
2021-08-21 01:41:40,075 [Listener at 0.0.0.0/40913] INFO  ipc.CallQueueManager (CallQueueManager.java:<init>(90)) - Using callQueue: class java.util.concurrent.LinkedBlockingQueue, queueCapacity: 2000, scheduler: class org.apache.hadoop.ipc.DefaultRpcScheduler, ipcBackoff: false.
2021-08-21 01:41:40,076 [Socket Reader #1 for port 0] INFO  ipc.Server (Server.java:run(1265)) - Starting Socket Reader #1 for port 0
2021-08-21 01:41:40,141 [Listener at 0.0.0.0/46239] INFO  algorithms.ContainerPlacementPolicyFactory (ContainerPlacementPolicyFactory.java:getPolicy(60)) - Create container placement policy of type org.apache.hadoop.hdds.scm.container.placement.algorithms.SCMContainerPlacementRandom
2021-08-21 01:41:40,147 [Listener at 0.0.0.0/46239] INFO  server.StorageContainerManager (StorageContainerManager.java:<init>(383)) - 
Container Balancer status:
Key                            Value
Running                        false
Container Balancer Configuration values:
Key                                                Value
Threshold                                          0.1
Max Datanodes to Involve per Iteration(ratio)      0.5
Max Size to Move per Iteration                     10737418240B

2021-08-21 01:41:40,147 [Listener at 0.0.0.0/46239] WARN  events.EventQueue (EventQueue.java:fireEvent(194)) - No event handler registered for event TypedEvent{payloadType=SafeModeStatus, name='Safe mode status'}
2021-08-21 01:41:40,148 [Listener at 0.0.0.0/46239] INFO  ha.SCMContext (SCMContext.java:updateSafeModeStatus(205)) - Update SafeModeStatus from SafeModeStatus{safeModeStatus=true, preCheckPassed=false} to SafeModeStatus{safeModeStatus=true, preCheckPassed=false}.
2021-08-21 01:41:40,152 [Listener at 0.0.0.0/46239] INFO  server.StorageContainerManager (StorageContainerManager.java:start(1251)) - StorageContainerLocationProtocol RPC server is listening at /0.0.0.0:46239
2021-08-21 01:41:40,221 [Listener at 0.0.0.0/46239] WARN  impl.MetricsConfig (MetricsConfig.java:loadFirst(136)) - Cannot locate configuration: tried hadoop-metrics2-storagecontainermanager.properties,hadoop-metrics2.properties
2021-08-21 01:41:40,237 [Listener at 0.0.0.0/46239] INFO  impl.MetricsSystemImpl (MetricsSystemImpl.java:startTimer(378)) - Scheduled Metric snapshot period at 10 second(s).
2021-08-21 01:41:40,239 [Listener at 0.0.0.0/46239] INFO  impl.MetricsSystemImpl (MetricsSystemImpl.java:start(191)) - StorageContainerManager metrics system started
2021-08-21 01:41:40,586 [Listener at 0.0.0.0/46239] INFO  server.SCMClientProtocolServer (SCMClientProtocolServer.java:start(164)) - RPC server for Client  is listening at /0.0.0.0:46239
2021-08-21 01:41:40,588 [IPC Server Responder] INFO  ipc.Server (Server.java:run(1507)) - IPC Server Responder: starting
2021-08-21 01:41:40,593 [IPC Server listener on 0] INFO  ipc.Server (Server.java:run(1344)) - IPC Server listener on 0: starting
2021-08-21 01:41:40,602 [Listener at 0.0.0.0/46239] INFO  server.StorageContainerManager (StorageContainerManager.java:start(1266)) - ScmBlockLocationProtocol RPC server is listening at /0.0.0.0:40913
2021-08-21 01:41:40,603 [Listener at 0.0.0.0/46239] INFO  server.SCMBlockProtocolServer (SCMBlockProtocolServer.java:start(151)) - RPC server for Block Protocol is listening at /0.0.0.0:40913
2021-08-21 01:41:40,603 [IPC Server Responder] INFO  ipc.Server (Server.java:run(1507)) - IPC Server Responder: starting
2021-08-21 01:41:40,604 [IPC Server listener on 0] INFO  ipc.Server (Server.java:run(1344)) - IPC Server listener on 0: starting
2021-08-21 01:41:40,607 [Listener at 0.0.0.0/46239] INFO  server.StorageContainerManager (StorageContainerManager.java:start(1272)) - ScmDatanodeProtocl RPC server is listening at /0.0.0.0:39161
2021-08-21 01:41:40,607 [Listener at 0.0.0.0/46239] INFO  server.SCMDatanodeProtocolServer (SCMDatanodeProtocolServer.java:start(181)) - RPC server for DataNodes is listening at /0.0.0.0:39161
2021-08-21 01:41:40,608 [IPC Server Responder] INFO  ipc.Server (Server.java:run(1507)) - IPC Server Responder: starting
2021-08-21 01:41:40,609 [IPC Server listener on 0] INFO  ipc.Server (Server.java:run(1344)) - IPC Server listener on 0: starting
2021-08-21 01:41:40,626 [org.apache.hadoop.util.JvmPauseMonitor$Monitor@2633db49] INFO  util.JvmPauseMonitor (JvmPauseMonitor.java:run(188)) - Starting JVM pause monitor
2021-08-21 01:41:40,641 [Listener at 0.0.0.0/46239] INFO  http.BaseHttpServer (BaseHttpServer.java:newHttpServer2BuilderForOzone(209)) - Starting Web-server for scm at: http://0.0.0.0:0
2021-08-21 01:41:40,641 [Listener at 0.0.0.0/46239] INFO  http.BaseHttpServer (BaseHttpServer.java:<init>(107)) - Hadoop Security Enabled: false Ozone Security Enabled: false Ozone HTTP Security Enabled: false 
2021-08-21 01:41:40,669 [Listener at 0.0.0.0/46239] INFO  util.log (Log.java:initialized(170)) - Logging initialized @4043ms to org.eclipse.jetty.util.log.Slf4jLog
2021-08-21 01:41:40,777 [Listener at 0.0.0.0/46239] INFO  server.AuthenticationFilter (AuthenticationFilter.java:constructSecretProvider(240)) - Unable to initialize FileSignerSecretProvider, falling back to use random secrets.
2021-08-21 01:41:40,784 [Listener at 0.0.0.0/46239] WARN  http.HttpRequestLog (HttpRequestLog.java:getRequestLog(103)) - Jetty request log can only be enabled using Log4j
2021-08-21 01:41:40,792 [Listener at 0.0.0.0/46239] INFO  http.HttpServer2 (HttpServer2.java:addGlobalFilter(1030)) - Added global filter 'safety' (class=org.apache.hadoop.hdds.server.http.HttpServer2$QuotingInputFilter)
2021-08-21 01:41:40,796 [Listener at 0.0.0.0/46239] INFO  http.HttpServer2 (HttpServer2.java:addFilter(1006)) - Added filter static_user_filter (class=org.apache.hadoop.http.lib.StaticUserWebFilter$StaticUserFilter) to context scm
2021-08-21 01:41:40,796 [Listener at 0.0.0.0/46239] INFO  http.HttpServer2 (HttpServer2.java:addFilter(1014)) - Added filter static_user_filter (class=org.apache.hadoop.http.lib.StaticUserWebFilter$StaticUserFilter) to context logs
2021-08-21 01:41:40,797 [Listener at 0.0.0.0/46239] INFO  http.HttpServer2 (HttpServer2.java:addFilter(1014)) - Added filter static_user_filter (class=org.apache.hadoop.http.lib.StaticUserWebFilter$StaticUserFilter) to context static
2021-08-21 01:41:40,839 [Listener at 0.0.0.0/46239] INFO  http.HttpServer2 (HttpServer2.java:bindListener(1249)) - Jetty bound to port 45815
2021-08-21 01:41:40,841 [Listener at 0.0.0.0/46239] INFO  server.Server (Server.java:doStart(375)) - jetty-9.4.43.v20210629; built: 2021-06-30T11:07:22.254Z; git: 526006ecfa3af7f1a27ef3a288e2bef7ea9dd7e8; jvm 1.8.0_292-b10
2021-08-21 01:41:40,873 [Listener at 0.0.0.0/46239] INFO  server.session (DefaultSessionIdManager.java:doStart(334)) - DefaultSessionIdManager workerName=node0
2021-08-21 01:41:40,873 [Listener at 0.0.0.0/46239] INFO  server.session (DefaultSessionIdManager.java:doStart(339)) - No SessionScavenger set, using defaults
2021-08-21 01:41:40,875 [Listener at 0.0.0.0/46239] INFO  server.session (HouseKeeper.java:startScavenging(132)) - node0 Scavenging every 660000ms
2021-08-21 01:41:40,888 [Listener at 0.0.0.0/46239] INFO  handler.ContextHandler (ContextHandler.java:doStart(915)) - Started o.e.j.s.ServletContextHandler@6644eda1{logs,/logs,file:///home/runner/work/ozone/ozone/hadoop-ozone/integration-test/target/log,AVAILABLE}
2021-08-21 01:41:40,889 [Listener at 0.0.0.0/46239] INFO  handler.ContextHandler (ContextHandler.java:doStart(915)) - Started o.e.j.s.ServletContextHandler@5bd2f7bc{static,/static,file:///home/runner/work/ozone/ozone/hadoop-ozone/integration-test/target/test-classes/webapps/static,AVAILABLE}
2021-08-21 01:41:40,940 [Listener at 0.0.0.0/46239] INFO  handler.ContextHandler (ContextHandler.java:doStart(915)) - Started o.e.j.w.WebAppContext@5fba61c2{scm,/,file:///home/runner/work/ozone/ozone/hadoop-ozone/integration-test/target/test-classes/webapps/scm/,AVAILABLE}{file:/home/runner/work/ozone/ozone/hadoop-ozone/integration-test/target/test-classes/webapps/scm}
2021-08-21 01:41:40,950 [Listener at 0.0.0.0/46239] INFO  server.AbstractConnector (AbstractConnector.java:doStart(331)) - Started ServerConnector@39b35bb3{HTTP/1.1, (http/1.1)}{0.0.0.0:45815}
2021-08-21 01:41:40,950 [Listener at 0.0.0.0/46239] INFO  server.Server (Server.java:doStart(415)) - Started @4325ms
2021-08-21 01:41:40,952 [Listener at 0.0.0.0/46239] INFO  impl.MetricsSinkAdapter (MetricsSinkAdapter.java:start(204)) - Sink prometheus started
2021-08-21 01:41:40,952 [Listener at 0.0.0.0/46239] INFO  impl.MetricsSystemImpl (MetricsSystemImpl.java:registerSink(305)) - Registered sink prometheus
2021-08-21 01:41:40,954 [Listener at 0.0.0.0/46239] INFO  http.BaseHttpServer (BaseHttpServer.java:updateConnectorAddress(329)) - HTTP server of scm listening at http://0.0.0.0:45815
2021-08-21 01:41:41,053 [Listener at 0.0.0.0/46239] INFO  ha.OMHANodeDetails (OMHANodeDetails.java:loadOMHAConfig(118)) - ServiceID for OzoneManager is om-service-test1
2021-08-21 01:41:41,058 [Listener at 0.0.0.0/46239] INFO  ha.OMHANodeDetails (OMHANodeDetails.java:loadOMHAConfig(194)) - Found matching OM address with OMServiceId: om-service-test1, OMNodeId: omNode-1, RPC Address: localhost:11924 and Ratis port: 11928
2021-08-21 01:41:41,058 [Listener at 0.0.0.0/46239] INFO  ha.OMHANodeDetails (ConfUtils.java:setNodeSpecificConfigs(108)) - Setting configuration key ozone.om.http-address with value of key ozone.om.http-address.om-service-test1.omNode-1: 127.0.0.1:11926
2021-08-21 01:41:41,059 [Listener at 0.0.0.0/46239] INFO  ha.OMHANodeDetails (ConfUtils.java:setNodeSpecificConfigs(108)) - Setting configuration key ozone.om.https-address with value of key ozone.om.https-address.om-service-test1.omNode-1: 127.0.0.1:11927
2021-08-21 01:41:41,059 [Listener at 0.0.0.0/46239] INFO  ha.OMHANodeDetails (ConfUtils.java:setNodeSpecificConfigs(108)) - Setting configuration key ozone.om.address with value of key ozone.om.address.om-service-test1.omNode-1: 127.0.0.1:11924
2021-08-21 01:41:41,059 [Listener at 0.0.0.0/46239] WARN  server.ServerUtils (ServerUtils.java:getDBPath(225)) - ozone.om.db.dirs is not configured. We recommend adding this setting. Falling back to ozone.metadata.dirs instead.
OM initialization succeeded.Current cluster id for sd=/home/runner/work/ozone/ozone/hadoop-ozone/integration-test/target/test-dir/MiniOzoneClusterImpl-ac918204-cb9e-461d-be45-7a6421e2bbc3/omNode-1/om;cid=ac918204-cb9e-461d-be45-7a6421e2bbc3;layoutVersion=0
2021-08-21 01:41:41,318 [Listener at 0.0.0.0/46239] INFO  ha.OMHANodeDetails (OMHANodeDetails.java:loadOMHAConfig(118)) - ServiceID for OzoneManager is om-service-test1
2021-08-21 01:41:41,320 [Listener at 0.0.0.0/46239] INFO  ha.OMHANodeDetails (OMHANodeDetails.java:loadOMHAConfig(194)) - Found matching OM address with OMServiceId: om-service-test1, OMNodeId: omNode-1, RPC Address: localhost:11924 and Ratis port: 11928
2021-08-21 01:41:41,322 [Listener at 0.0.0.0/46239] INFO  ha.OMHANodeDetails (ConfUtils.java:setNodeSpecificConfigs(108)) - Setting configuration key ozone.om.http-address with value of key ozone.om.http-address.om-service-test1.omNode-1: 127.0.0.1:11926
2021-08-21 01:41:41,322 [Listener at 0.0.0.0/46239] INFO  ha.OMHANodeDetails (ConfUtils.java:setNodeSpecificConfigs(108)) - Setting configuration key ozone.om.https-address with value of key ozone.om.https-address.om-service-test1.omNode-1: 127.0.0.1:11927
2021-08-21 01:41:41,323 [Listener at 0.0.0.0/46239] INFO  ha.OMHANodeDetails (ConfUtils.java:setNodeSpecificConfigs(108)) - Setting configuration key ozone.om.address with value of key ozone.om.address.om-service-test1.omNode-1: 127.0.0.1:11924
2021-08-21 01:41:41,323 [Listener at 0.0.0.0/46239] WARN  server.ServerUtils (ServerUtils.java:getDBPath(225)) - ozone.om.db.dirs is not configured. We recommend adding this setting. Falling back to ozone.metadata.dirs instead.
2021-08-21 01:41:41,326 [Listener at 0.0.0.0/46239] INFO  upgrade.AbstractLayoutVersionManager (AbstractLayoutVersionManager.java:init(70)) - Initializing Layout version manager with metadata layout = INITIAL_VERSION (version = 0), software layout = INITIAL_VERSION (version = 0)
2021-08-21 01:41:41,418 [Listener at 0.0.0.0/46239] INFO  reflections.Reflections (Reflections.java:scan(232)) - Reflections took 87 ms to scan 2 urls, producing 131 keys and 342 values [using 2 cores]
2021-08-21 01:41:41,426 [Listener at 0.0.0.0/46239] INFO  upgrade.OMLayoutVersionManager (OMLayoutVersionManager.java:lambda$0(116)) - Skipping Upgrade Action MockOmUpgradeAction since it has been finalized.
2021-08-21 01:41:41,429 [Listener at 0.0.0.0/46239] WARN  server.ServerUtils (ServerUtils.java:getDBPath(225)) - ozone.om.db.dirs is not configured. We recommend adding this setting. Falling back to ozone.metadata.dirs instead.
2021-08-21 01:41:41,607 [Listener at 0.0.0.0/46239] WARN  server.ServerUtils (ServerUtils.java:getDBPath(225)) - ozone.om.db.dirs is not configured. We recommend adding this setting. Falling back to ozone.metadata.dirs instead.
2021-08-21 01:41:41,616 [Listener at 0.0.0.0/46239] INFO  codec.OmKeyInfoCodec (OmKeyInfoCodec.java:<init>(51)) - OmKeyInfoCodec ignorePipeline = true
2021-08-21 01:41:41,618 [Listener at 0.0.0.0/46239] INFO  codec.RepeatedOmKeyInfoCodec (RepeatedOmKeyInfoCodec.java:<init>(42)) - RepeatedOmKeyInfoCodec ignorePipeline = true
2021-08-21 01:41:41,857 [Listener at 0.0.0.0/46239] INFO  om.OzoneManager (OzoneManager.java:addS3GVolumeToDB(4115)) - Created Volume s3v With Owner runner required for S3Gateway operations.
2021-08-21 01:41:41,929 [Listener at 0.0.0.0/46239] WARN  server.ServerUtils (ServerUtils.java:getDefaultRatisDirectory(237)) - Storage directory for Ratis is not configured. It is a good idea to map this to an SSD disk. Falling back to ozone.metadata.dirs
2021-08-21 01:41:41,930 [Listener at 0.0.0.0/46239] WARN  utils.OzoneManagerRatisUtils (OzoneManagerRatisUtils.java:getOMRatisSnapshotDirectory(391)) - ozone.om.ratis.snapshot.dir is not configured. Falling back to ozone.metadata.dirs config
2021-08-21 01:41:41,954 [Listener at 0.0.0.0/46239] INFO  snapshot.OzoneManagerSnapshotProvider (OzoneManagerSnapshotProvider.java:<init>(76)) - Initializing OM Snapshot Provider
2021-08-21 01:41:42,091 [Listener at 0.0.0.0/46239] INFO  metrics.MetricRegistries (MetricRegistriesLoader.java:load(64)) - Loaded MetricRegistries class org.apache.ratis.metrics.impl.MetricRegistriesImpl
2021-08-21 01:41:42,103 [Listener at 0.0.0.0/46239] WARN  server.ServerUtils (ServerUtils.java:getDefaultRatisDirectory(237)) - Storage directory for Ratis is not configured. It is a good idea to map this to an SSD disk. Falling back to ozone.metadata.dirs
2021-08-21 01:41:42,132 [Listener at 0.0.0.0/46239] INFO  ratis.OzoneManagerRatisServer (OzoneManagerRatisServer.java:<init>(158)) - Instantiating OM Ratis server with groupID: om-service-test1 and peers: localhost:11928, localhost:11940, localhost:11934
2021-08-21 01:41:42,141 [Listener at 0.0.0.0/46239] INFO  ratis.OzoneManagerStateMachine (OzoneManagerStateMachine.java:loadSnapshotInfoFromDB(605)) - LastAppliedIndex is set from TransactionInfo from OM DB as (t:0, i:~)
2021-08-21 01:41:42,179 [Listener at 0.0.0.0/46239] INFO  server.RaftServer (ConfUtils.java:logGet(44)) - raft.rpc.type = GRPC (default)
2021-08-21 01:41:42,260 [Listener at 0.0.0.0/46239] INFO  grpc.GrpcFactory (GrpcFactory.java:checkPooledByteBufAllocatorUseCacheForAllThreads(48)) - PERFORMANCE WARNING: useCacheForAllThreads is true that may cause Netty to create a lot garbage objects and, as a result, trigger GC.
	It is recommended to disable useCacheForAllThreads by setting -Dorg.apache.ratis.thirdparty.io.netty.allocator.useCacheForAllThreads=false in command line.
2021-08-21 01:41:42,264 [Listener at 0.0.0.0/46239] INFO  grpc.GrpcConfigKeys (ConfUtils.java:logGet(44)) - raft.grpc.admin.port = -1 (default)
2021-08-21 01:41:42,265 [Listener at 0.0.0.0/46239] INFO  grpc.GrpcConfigKeys (ConfUtils.java:logGet(44)) - raft.grpc.server.port = 11928 (custom)
2021-08-21 01:41:42,266 [Listener at 0.0.0.0/46239] INFO  grpc.GrpcConfigKeys (ConfUtils.java:logGet(44)) - raft.grpc.client.port = -1 (default)
2021-08-21 01:41:42,266 [Listener at 0.0.0.0/46239] INFO  grpc.GrpcConfigKeys (ConfUtils.java:logGet(44)) - raft.grpc.server.port = 11928 (custom)
2021-08-21 01:41:42,266 [Listener at 0.0.0.0/46239] INFO  grpc.GrpcConfigKeys (ConfUtils.java:logGet(44)) - raft.grpc.server.port = 11928 (custom)
2021-08-21 01:41:42,267 [Listener at 0.0.0.0/46239] INFO  server.GrpcService (ConfUtils.java:logGet(44)) - raft.grpc.message.size.max = 33554432 (custom)
2021-08-21 01:41:42,279 [Listener at 0.0.0.0/46239] INFO  server.RaftServerConfigKeys (ConfUtils.java:logGet(44)) - raft.server.log.appender.buffer.byte-limit = 33554432 (custom)
2021-08-21 01:41:42,280 [Listener at 0.0.0.0/46239] INFO  server.GrpcService (ConfUtils.java:logGet(44)) - raft.grpc.flow.control.window = 1MB (=1048576) (default)
2021-08-21 01:41:42,281 [Listener at 0.0.0.0/46239] INFO  server.RaftServerConfigKeys (ConfUtils.java:logGet(44)) - raft.server.rpc.request.timeout = 3000ms (default)
2021-08-21 01:41:42,624 [Listener at 0.0.0.0/46239] INFO  impl.DataStreamServerImpl (ConfUtils.java:logGet(44)) - raft.datastream.type = DISABLED (default)
2021-08-21 01:41:42,627 [Listener at 0.0.0.0/46239] INFO  server.RaftServerConfigKeys (ConfUtils.java:logGet(44)) - raft.server.rpc.slowness.timeout = 2s (custom)
2021-08-21 01:41:42,627 [Listener at 0.0.0.0/46239] INFO  server.RaftServerConfigKeys (ConfUtils.java:logGet(44)) - raft.server.leaderelection.leader.step-down.wait-time = 10s (default)
2021-08-21 01:41:42,643 [Listener at 0.0.0.0/46239] INFO  server.RaftServerConfigKeys (ConfUtils.java:logGet(44)) - raft.server.storage.dir = [/home/runner/work/ozone/ozone/hadoop-ozone/integration-test/target/test-dir/MiniOzoneClusterImpl-ac918204-cb9e-461d-be45-7a6421e2bbc3/omNode-1/ratis] (custom)
2021-08-21 01:41:42,653 [Listener at 0.0.0.0/46239] INFO  server.RaftServer (RaftServerProxy.java:addNew(95)) - omNode-1: addNew group-523986131536:[omNode-3|rpc:localhost:11940|priority:0, omNode-1|rpc:localhost:11928|priority:0, omNode-2|rpc:localhost:11934|priority:0] returns group-523986131536:java.util.concurrent.CompletableFuture@57e4909a[Not completed]
2021-08-21 01:41:42,653 [Listener at 0.0.0.0/46239] INFO  om.OzoneManager (OzoneManager.java:initializeRatisServer(1573)) - OzoneManager Ratis server initialized at port 11928
2021-08-21 01:41:42,678 [Listener at 0.0.0.0/46239] INFO  ipc.CallQueueManager (CallQueueManager.java:<init>(90)) - Using callQueue: class java.util.concurrent.LinkedBlockingQueue, queueCapacity: 2000, scheduler: class org.apache.hadoop.ipc.DefaultRpcScheduler, ipcBackoff: false.
2021-08-21 01:41:42,679 [pool-39-thread-1] INFO  server.RaftServer$Division (RaftServerImpl.java:<init>(181)) - omNode-1: new RaftServerImpl for group-523986131536:[omNode-3|rpc:localhost:11940|priority:0, omNode-1|rpc:localhost:11928|priority:0, omNode-2|rpc:localhost:11934|priority:0] with OzoneManagerStateMachine:uninitialized
2021-08-21 01:41:42,682 [pool-39-thread-1] INFO  server.RaftServerConfigKeys (ConfUtils.java:logGet(44)) - raft.server.rpc.timeout.min = 1s (custom)
2021-08-21 01:41:42,697 [pool-39-thread-1] INFO  server.RaftServerConfigKeys (ConfUtils.java:logGet(44)) - raft.server.rpc.timeout.max = 1200ms (custom)
2021-08-21 01:41:42,697 [pool-39-thread-1] INFO  server.RaftServerConfigKeys (ConfUtils.java:logGet(44)) - raft.server.rpc.sleep.time = 25ms (default)
2021-08-21 01:41:42,697 [pool-39-thread-1] INFO  server.RaftServerConfigKeys (ConfUtils.java:logGet(44)) - raft.server.rpc.slowness.timeout = 2s (custom)
2021-08-21 01:41:42,697 [pool-39-thread-1] INFO  server.RaftServerConfigKeys (ConfUtils.java:logGet(44)) - raft.server.leaderelection.leader.step-down.wait-time = 10s (default)
2021-08-21 01:41:42,697 [pool-39-thread-1] INFO  server.RaftServerConfigKeys (ConfUtils.java:logGet(44)) - raft.server.sleep.deviation.threshold = 300ms (default)
2021-08-21 01:41:42,698 [Socket Reader #1 for port 11924] INFO  ipc.Server (Server.java:run(1265)) - Starting Socket Reader #1 for port 11924
2021-08-21 01:41:42,698 [pool-39-thread-1] INFO  server.RaftServerConfigKeys (ConfUtils.java:logGet(44)) - raft.server.log.appender.install.snapshot.enabled = false (custom)
2021-08-21 01:41:42,704 [pool-39-thread-1] INFO  server.RaftServer$Division (ServerState.java:<init>(105)) - omNode-1@group-523986131536: ConfigurationManager, init=-1: [omNode-3|rpc:localhost:11940|priority:0, omNode-1|rpc:localhost:11928|priority:0, omNode-2|rpc:localhost:11934|priority:0], old=null, confs=<EMPTY_MAP>
2021-08-21 01:41:42,712 [pool-39-thread-1] INFO  server.RaftServerConfigKeys (ConfUtils.java:logGet(44)) - raft.server.storage.dir = [/home/runner/work/ozone/ozone/hadoop-ozone/integration-test/target/test-dir/MiniOzoneClusterImpl-ac918204-cb9e-461d-be45-7a6421e2bbc3/omNode-1/ratis] (custom)
2021-08-21 01:41:42,717 [pool-39-thread-1] INFO  server.RaftServerConfigKeys (ConfUtils.java:logGet(44)) - raft.server.log.corruption.policy = EXCEPTION (default)
2021-08-21 01:41:42,717 [pool-39-thread-1] INFO  server.RaftServerConfigKeys (ConfUtils.java:logGet(44)) - raft.server.storage.free-space.min = 0MB (=0) (default)
2021-08-21 01:41:42,718 [pool-39-thread-1] INFO  storage.RaftStorageDirectory (RaftStorageDirectoryImpl.java:analyzeStorage(135)) - The storage directory /home/runner/work/ozone/ozone/hadoop-ozone/integration-test/target/test-dir/MiniOzoneClusterImpl-ac918204-cb9e-461d-be45-7a6421e2bbc3/omNode-1/ratis/c9bc4cf4-3bc3-3c60-a66b-523986131536 does not exist. Creating ...
2021-08-21 01:41:42,732 [Listener at 127.0.0.1/11924] INFO  om.OzoneManager (OzoneManager.java:initFSOLayout(4321)) - Configured ozone.om.metadata.layout=SIMPLE and disabled optimized OM FS operations
2021-08-21 01:41:42,733 [pool-39-thread-1] INFO  storage.RaftStorageDirectory (RaftStorageDirectoryImpl.java:tryLock(230)) - Lock on /home/runner/work/ozone/ozone/hadoop-ozone/integration-test/target/test-dir/MiniOzoneClusterImpl-ac918204-cb9e-461d-be45-7a6421e2bbc3/omNode-1/ratis/c9bc4cf4-3bc3-3c60-a66b-523986131536/in_use.lock acquired by nodename 801@fv-az148-687
2021-08-21 01:41:42,739 [Listener at 127.0.0.1/11924] INFO  impl.MetricsSystemImpl (MetricsSystemImpl.java:init(158)) - OzoneManager metrics system started (again)
2021-08-21 01:41:42,744 [pool-39-thread-1] INFO  storage.RaftStorage (RaftStorageImpl.java:format(89)) - Storage directory /home/runner/work/ozone/ozone/hadoop-ozone/integration-test/target/test-dir/MiniOzoneClusterImpl-ac918204-cb9e-461d-be45-7a6421e2bbc3/omNode-1/ratis/c9bc4cf4-3bc3-3c60-a66b-523986131536 has been successfully formatted.
2021-08-21 01:41:42,747 [pool-39-thread-1] INFO  server.RaftServerConfigKeys (ConfUtils.java:logGet(44)) - raft.server.notification.no-leader.timeout = 2s (custom)
2021-08-21 01:41:42,748 [pool-39-thread-1] INFO  server.RaftServerConfigKeys (ConfUtils.java:logGet(44)) - raft.server.log.use.memory = false (default)
2021-08-21 01:41:42,762 [pool-39-thread-1] INFO  server.RaftServerConfigKeys (ConfUtils.java:logGet(44)) - raft.server.log.purge.gap = 50 (custom)
2021-08-21 01:41:42,764 [pool-39-thread-1] INFO  server.RaftServerConfigKeys (ConfUtils.java:logGet(44)) - raft.server.log.appender.buffer.byte-limit = 33554432 (custom)
2021-08-21 01:41:42,769 [Listener at 127.0.0.1/11924] INFO  om.OzoneManager (OzoneManager.java:start(1270)) - OzoneManager RPC server is listening at localhost/127.0.0.1:11924
2021-08-21 01:41:42,769 [Listener at 127.0.0.1/11924] INFO  ratis.OzoneManagerRatisServer (OzoneManagerRatisServer.java:start(516)) - Starting OzoneManagerRatisServer omNode-1 at port 11928
2021-08-21 01:41:42,785 [pool-39-thread-1] INFO  server.RaftServerConfigKeys (ConfUtils.java:logGet(44)) - raft.server.log.segment.size.max = 4194304 (custom)
2021-08-21 01:41:42,791 [pool-39-thread-1] INFO  server.RaftServerConfigKeys (ConfUtils.java:logGet(44)) - raft.server.log.segment.cache.num.max = 2 (custom)
2021-08-21 01:41:42,792 [pool-39-thread-1] INFO  server.RaftServerConfigKeys (ConfUtils.java:logGet(44)) - raft.server.log.segment.cache.size.max = 200MB (=209715200) (default)
2021-08-21 01:41:42,797 [pool-39-thread-1] INFO  segmented.SegmentedRaftLogWorker (SegmentedRaftLogWorker.java:<init>(182)) - new omNode-1@group-523986131536-SegmentedRaftLogWorker for RaftStorageImpl:Storage Directory /home/runner/work/ozone/ozone/hadoop-ozone/integration-test/target/test-dir/MiniOzoneClusterImpl-ac918204-cb9e-461d-be45-7a6421e2bbc3/omNode-1/ratis/c9bc4cf4-3bc3-3c60-a66b-523986131536
2021-08-21 01:41:42,797 [pool-39-thread-1] INFO  server.RaftServerConfigKeys (ConfUtils.java:logGet(44)) - raft.server.log.queue.byte-limit = 64MB (=67108864) (default)
2021-08-21 01:41:42,798 [pool-39-thread-1] INFO  server.RaftServerConfigKeys (ConfUtils.java:logGet(44)) - raft.server.log.queue.element-limit = 4096 (default)
2021-08-21 01:41:42,799 [pool-39-thread-1] INFO  server.RaftServerConfigKeys (ConfUtils.java:logGet(44)) - raft.server.log.segment.size.max = 4194304 (custom)
2021-08-21 01:41:42,799 [pool-39-thread-1] INFO  server.RaftServerConfigKeys (ConfUtils.java:logGet(44)) - raft.server.log.preallocated.size = 4194304 (custom)
2021-08-21 01:41:42,799 [pool-39-thread-1] INFO  server.RaftServerConfigKeys (ConfUtils.java:logGet(44)) - raft.server.log.force.sync.num = 128 (default)
2021-08-21 01:41:42,801 [pool-39-thread-1] INFO  server.RaftServerConfigKeys (ConfUtils.java:logGet(44)) - raft.server.log.statemachine.data.sync = true (default)
2021-08-21 01:41:42,801 [pool-39-thread-1] INFO  server.RaftServerConfigKeys (ConfUtils.java:logGet(44)) - raft.server.log.statemachine.data.sync.timeout = 10s (default)
2021-08-21 01:41:42,801 [pool-39-thread-1] INFO  server.RaftServerConfigKeys (ConfUtils.java:logGet(44)) - raft.server.log.statemachine.data.sync.timeout.retry = -1 (default)
2021-08-21 01:41:42,809 [pool-39-thread-1] INFO  server.RaftServerConfigKeys (ConfUtils.java:logGet(44)) - raft.server.log.write.buffer.size = 64KB (=65536) (default)
2021-08-21 01:41:42,810 [pool-39-thread-1] INFO  server.RaftServerConfigKeys (ConfUtils.java:logGet(44)) - raft.server.log.statemachine.data.caching.enabled = false (default)
2021-08-21 01:41:42,815 [pool-39-thread-1] INFO  segmented.SegmentedRaftLogWorker (SegmentedRaftLogWorker.java:lambda$new$0(133)) - omNode-1@group-523986131536-SegmentedRaftLogWorker: flushIndex: setUnconditionally 0 -> -1
2021-08-21 01:41:42,815 [pool-39-thread-1] INFO  segmented.SegmentedRaftLogWorker (SegmentedRaftLogWorker.java:lambda$new$0(133)) - omNode-1@group-523986131536-SegmentedRaftLogWorker: safeCacheEvictIndex: setUnconditionally 0 -> -1
2021-08-21 01:41:42,821 [pool-39-thread-1] INFO  server.RaftServerConfigKeys (ConfUtils.java:logGet(44)) - raft.server.snapshot.auto.trigger.enabled = true (custom)
2021-08-21 01:41:42,821 [pool-39-thread-1] INFO  server.RaftServerConfigKeys (ConfUtils.java:logGet(44)) - raft.server.snapshot.auto.trigger.threshold = 50 (custom)
2021-08-21 01:41:42,822 [pool-39-thread-1] INFO  server.RaftServerConfigKeys (ConfUtils.java:logGet(44)) - raft.server.snapshot.retention.file.num = -1 (default)
2021-08-21 01:41:42,822 [pool-39-thread-1] INFO  server.RaftServerConfigKeys (ConfUtils.java:logGet(44)) - raft.server.log.purge.upto.snapshot.index = true (custom)
2021-08-21 01:41:42,823 [pool-39-thread-1] INFO  server.RaftServerConfigKeys (ConfUtils.java:logGet(44)) - raft.server.retrycache.expirytime = 30000ms (custom)
2021-08-21 01:41:42,824 [pool-39-thread-1] INFO  server.RaftServerConfigKeys (ConfUtils.java:logGet(44)) - raft.server.retrycache.statistics.expirytime = 100μs (default)
2021-08-21 01:41:42,861 [Listener at 127.0.0.1/11924] INFO  server.RaftServer$Division (RaftServerImpl.java:start(296)) - omNode-1@group-523986131536: start as a follower, conf=-1: [omNode-3|rpc:localhost:11940|priority:0, omNode-1|rpc:localhost:11928|priority:0, omNode-2|rpc:localhost:11934|priority:0], old=null
2021-08-21 01:41:42,863 [Listener at 127.0.0.1/11924] INFO  server.RaftServer$Division (RaftServerImpl.java:setRole(285)) - omNode-1@group-523986131536: changes role from      null to FOLLOWER at term 0 for startAsFollower
2021-08-21 01:41:42,864 [Listener at 127.0.0.1/11924] INFO  impl.RoleInfo (RoleInfo.java:updateAndGet(130)) - omNode-1: start omNode-1@group-523986131536-FollowerState
2021-08-21 01:41:42,865 [Listener at 127.0.0.1/11924] INFO  util.JmxRegister (JmxRegister.java:tryRegister(44)) - Successfully registered JMX Bean with object name Ratis:service=RaftServer,group=group-523986131536,id=omNode-1
2021-08-21 01:41:42,872 [Listener at 127.0.0.1/11924] INFO  server.RaftServer (RaftServerProxy.java:lambda$start$5(374)) - omNode-1: start RPC server
2021-08-21 01:41:42,933 [Listener at 127.0.0.1/11924] INFO  server.GrpcService (GrpcService.java:startImpl(253)) - omNode-1: GrpcService started, listening on 11928
2021-08-21 01:41:42,936 [Listener at 127.0.0.1/11924] INFO  om.OzoneManager (OzoneManager.java:start(1288)) - Version File has different layout version (0) than OM DB (null). That is expected if this OM has never been finalized to a newer layout version.
2021-08-21 01:41:42,936 [org.apache.ratis.util.JvmPauseMonitor$$Lambda$536/1549433175@e5f6a52] INFO  util.JvmPauseMonitor (JvmPauseMonitor.java:run(103)) - JvmPauseMonitor-omNode-1: Started
2021-08-21 01:41:42,944 [Listener at 127.0.0.1/11924] INFO  http.BaseHttpServer (BaseHttpServer.java:newHttpServer2BuilderForOzone(209)) - Starting Web-server for ozoneManager at: http://0.0.0.0:11926
2021-08-21 01:41:42,944 [Listener at 127.0.0.1/11924] INFO  http.BaseHttpServer (BaseHttpServer.java:<init>(107)) - Hadoop Security Enabled: false Ozone Security Enabled: false Ozone HTTP Security Enabled: false 
2021-08-21 01:41:42,946 [Listener at 127.0.0.1/11924] INFO  server.AuthenticationFilter (AuthenticationFilter.java:constructSecretProvider(240)) - Unable to initialize FileSignerSecretProvider, falling back to use random secrets.
2021-08-21 01:41:42,952 [Listener at 127.0.0.1/11924] WARN  http.HttpRequestLog (HttpRequestLog.java:getRequestLog(103)) - Jetty request log can only be enabled using Log4j
2021-08-21 01:41:42,953 [Listener at 127.0.0.1/11924] INFO  http.HttpServer2 (HttpServer2.java:addGlobalFilter(1030)) - Added global filter 'safety' (class=org.apache.hadoop.hdds.server.http.HttpServer2$QuotingInputFilter)
2021-08-21 01:41:42,955 [Listener at 127.0.0.1/11924] INFO  http.HttpServer2 (HttpServer2.java:addFilter(1006)) - Added filter static_user_filter (class=org.apache.hadoop.http.lib.StaticUserWebFilter$StaticUserFilter) to context ozoneManager
2021-08-21 01:41:42,955 [Listener at 127.0.0.1/11924] INFO  http.HttpServer2 (HttpServer2.java:addFilter(1014)) - Added filter static_user_filter (class=org.apache.hadoop.http.lib.StaticUserWebFilter$StaticUserFilter) to context logs
2021-08-21 01:41:42,955 [Listener at 127.0.0.1/11924] INFO  http.HttpServer2 (HttpServer2.java:addFilter(1014)) - Added filter static_user_filter (class=org.apache.hadoop.http.lib.StaticUserWebFilter$StaticUserFilter) to context static
2021-08-21 01:41:42,958 [Listener at 127.0.0.1/11924] INFO  http.HttpServer2 (HttpServer2.java:bindListener(1249)) - Jetty bound to port 11926
2021-08-21 01:41:42,958 [Listener at 127.0.0.1/11924] INFO  server.Server (Server.java:doStart(375)) - jetty-9.4.43.v20210629; built: 2021-06-30T11:07:22.254Z; git: 526006ecfa3af7f1a27ef3a288e2bef7ea9dd7e8; jvm 1.8.0_292-b10
2021-08-21 01:41:42,969 [Listener at 127.0.0.1/11924] INFO  server.session (DefaultSessionIdManager.java:doStart(334)) - DefaultSessionIdManager workerName=node0
2021-08-21 01:41:42,969 [Listener at 127.0.0.1/11924] INFO  server.session (DefaultSessionIdManager.java:doStart(339)) - No SessionScavenger set, using defaults
2021-08-21 01:41:42,969 [Listener at 127.0.0.1/11924] INFO  server.session (HouseKeeper.java:startScavenging(132)) - node0 Scavenging every 600000ms
2021-08-21 01:41:42,970 [Listener at 127.0.0.1/11924] INFO  handler.ContextHandler (ContextHandler.java:doStart(915)) - Started o.e.j.s.ServletContextHandler@5675da53{logs,/logs,file:///home/runner/work/ozone/ozone/hadoop-ozone/integration-test/target/log,AVAILABLE}
2021-08-21 01:41:42,971 [Listener at 127.0.0.1/11924] INFO  handler.ContextHandler (ContextHandler.java:doStart(915)) - Started o.e.j.s.ServletContextHandler@2855c663{static,/static,file:///home/runner/work/ozone/ozone/hadoop-ozone/integration-test/target/test-classes/webapps/static,AVAILABLE}
2021-08-21 01:41:42,975 [Listener at 127.0.0.1/11924] INFO  handler.ContextHandler (ContextHandler.java:doStart(915)) - Started o.e.j.w.WebAppContext@43b3054c{ozoneManager,/,file:///home/runner/work/ozone/ozone/hadoop-ozone/integration-test/target/test-classes/webapps/ozoneManager/,AVAILABLE}{file:/home/runner/work/ozone/ozone/hadoop-ozone/integration-test/target/test-classes/webapps/ozoneManager}
2021-08-21 01:41:42,977 [Listener at 127.0.0.1/11924] INFO  server.AbstractConnector (AbstractConnector.java:doStart(331)) - Started ServerConnector@5948ed66{HTTP/1.1, (http/1.1)}{0.0.0.0:11926}
2021-08-21 01:41:42,977 [Listener at 127.0.0.1/11924] INFO  server.Server (Server.java:doStart(415)) - Started @6351ms
2021-08-21 01:41:42,977 [Listener at 127.0.0.1/11924] WARN  impl.MetricsSystemImpl (MetricsSystemImpl.java:register(279)) - Sink prometheus already exists!
2021-08-21 01:41:42,978 [Listener at 127.0.0.1/11924] INFO  http.BaseHttpServer (BaseHttpServer.java:updateConnectorAddress(329)) - HTTP server of ozoneManager listening at http://0.0.0.0:11926
2021-08-21 01:41:42,978 [IPC Server Responder] INFO  ipc.Server (Server.java:run(1507)) - IPC Server Responder: starting
2021-08-21 01:41:42,978 [IPC Server listener on 11924] INFO  ipc.Server (Server.java:run(1344)) - IPC Server listener on 11924: starting
2021-08-21 01:41:42,985 [Listener at 127.0.0.1/11924] INFO  om.OzoneManager (OzoneManager.java:startTrashEmptier(1531)) - Trash Interval set to 0. Files deleted will not move to trash
2021-08-21 01:41:42,986 [Listener at 127.0.0.1/11924] INFO  ozone.MiniOzoneHAClusterImpl (MiniOzoneHAClusterImpl.java:createOMService(485)) - Started OzoneManager omNode-1 RPC server at localhost/127.0.0.1:11924
2021-08-21 01:41:42,986 [Listener at 127.0.0.1/11924] INFO  ha.OMHANodeDetails (OMHANodeDetails.java:loadOMHAConfig(118)) - ServiceID for OzoneManager is om-service-test1
2021-08-21 01:41:42,987 [Listener at 127.0.0.1/11924] INFO  ha.OMHANodeDetails (OMHANodeDetails.java:loadOMHAConfig(194)) - Found matching OM address with OMServiceId: om-service-test1, OMNodeId: omNode-2, RPC Address: localhost:11930 and Ratis port: 11934
2021-08-21 01:41:42,987 [Listener at 127.0.0.1/11924] INFO  ha.OMHANodeDetails (ConfUtils.java:setNodeSpecificConfigs(108)) - Setting configuration key ozone.om.http-address with value of key ozone.om.http-address.om-service-test1.omNode-2: 127.0.0.1:11932
2021-08-21 01:41:42,987 [Listener at 127.0.0.1/11924] INFO  ha.OMHANodeDetails (ConfUtils.java:setNodeSpecificConfigs(108)) - Setting configuration key ozone.om.https-address with value of key ozone.om.https-address.om-service-test1.omNode-2: 127.0.0.1:11933
2021-08-21 01:41:42,987 [Listener at 127.0.0.1/11924] INFO  ha.OMHANodeDetails (ConfUtils.java:setNodeSpecificConfigs(108)) - Setting configuration key ozone.om.address with value of key ozone.om.address.om-service-test1.omNode-2: 127.0.0.1:11930
2021-08-21 01:41:42,987 [Listener at 127.0.0.1/11924] WARN  server.ServerUtils (ServerUtils.java:getDBPath(225)) - ozone.om.db.dirs is not configured. We recommend adding this setting. Falling back to ozone.metadata.dirs instead.
2021-08-21 01:41:42,990 [org.apache.hadoop.util.JvmPauseMonitor$Monitor@5994cda] INFO  util.JvmPauseMonitor (JvmPauseMonitor.java:run(188)) - Starting JVM pause monitor
OM initialization succeeded.Current cluster id for sd=/home/runner/work/ozone/ozone/hadoop-ozone/integration-test/target/test-dir/MiniOzoneClusterImpl-ac918204-cb9e-461d-be45-7a6421e2bbc3/omNode-2/om;cid=ac918204-cb9e-461d-be45-7a6421e2bbc3;layoutVersion=0
2021-08-21 01:41:42,999 [Listener at 127.0.0.1/11924] INFO  ha.OMHANodeDetails (OMHANodeDetails.java:loadOMHAConfig(118)) - ServiceID for OzoneManager is om-service-test1
2021-08-21 01:41:43,000 [Listener at 127.0.0.1/11924] INFO  ha.OMHANodeDetails (OMHANodeDetails.java:loadOMHAConfig(194)) - Found matching OM address with OMServiceId: om-service-test1, OMNodeId: omNode-2, RPC Address: localhost:11930 and Ratis port: 11934
2021-08-21 01:41:43,000 [Listener at 127.0.0.1/11924] INFO  ha.OMHANodeDetails (ConfUtils.java:setNodeSpecificConfigs(108)) - Setting configuration key ozone.om.http-address with value of key ozone.om.http-address.om-service-test1.omNode-2: 127.0.0.1:11932
2021-08-21 01:41:43,000 [Listener at 127.0.0.1/11924] INFO  ha.OMHANodeDetails (ConfUtils.java:setNodeSpecificConfigs(108)) - Setting configuration key ozone.om.https-address with value of key ozone.om.https-address.om-service-test1.omNode-2: 127.0.0.1:11933
2021-08-21 01:41:43,000 [Listener at 127.0.0.1/11924] INFO  ha.OMHANodeDetails (ConfUtils.java:setNodeSpecificConfigs(108)) - Setting configuration key ozone.om.address with value of key ozone.om.address.om-service-test1.omNode-2: 127.0.0.1:11930
2021-08-21 01:41:43,000 [Listener at 127.0.0.1/11924] WARN  server.ServerUtils (ServerUtils.java:getDBPath(225)) - ozone.om.db.dirs is not configured. We recommend adding this setting. Falling back to ozone.metadata.dirs instead.
2021-08-21 01:41:43,001 [Listener at 127.0.0.1/11924] INFO  upgrade.AbstractLayoutVersionManager (AbstractLayoutVersionManager.java:init(70)) - Initializing Layout version manager with metadata layout = INITIAL_VERSION (version = 0), software layout = INITIAL_VERSION (version = 0)
2021-08-21 01:41:43,071 [Listener at 127.0.0.1/11924] INFO  reflections.Reflections (Reflections.java:scan(232)) - Reflections took 69 ms to scan 2 urls, producing 131 keys and 342 values [using 2 cores]
2021-08-21 01:41:43,071 [Listener at 127.0.0.1/11924] INFO  upgrade.OMLayoutVersionManager (OMLayoutVersionManager.java:lambda$0(116)) - Skipping Upgrade Action MockOmUpgradeAction since it has been finalized.
2021-08-21 01:41:43,071 [Listener at 127.0.0.1/11924] WARN  server.ServerUtils (ServerUtils.java:getDBPath(225)) - ozone.om.db.dirs is not configured. We recommend adding this setting. Falling back to ozone.metadata.dirs instead.
2021-08-21 01:41:43,082 [Listener at 127.0.0.1/11924] WARN  server.ServerUtils (ServerUtils.java:getDBPath(225)) - ozone.om.db.dirs is not configured. We recommend adding this setting. Falling back to ozone.metadata.dirs instead.
2021-08-21 01:41:43,082 [Listener at 127.0.0.1/11924] INFO  codec.OmKeyInfoCodec (OmKeyInfoCodec.java:<init>(51)) - OmKeyInfoCodec ignorePipeline = true
2021-08-21 01:41:43,083 [Listener at 127.0.0.1/11924] INFO  codec.RepeatedOmKeyInfoCodec (RepeatedOmKeyInfoCodec.java:<init>(42)) - RepeatedOmKeyInfoCodec ignorePipeline = true
2021-08-21 01:41:43,216 [Listener at 127.0.0.1/11924] INFO  om.OzoneManager (OzoneManager.java:addS3GVolumeToDB(4115)) - Created Volume s3v With Owner runner required for S3Gateway operations.
2021-08-21 01:41:43,217 [Listener at 127.0.0.1/11924] WARN  server.ServerUtils (ServerUtils.java:getDefaultRatisDirectory(237)) - Storage directory for Ratis is not configured. It is a good idea to map this to an SSD disk. Falling back to ozone.metadata.dirs
2021-08-21 01:41:43,217 [Listener at 127.0.0.1/11924] WARN  utils.OzoneManagerRatisUtils (OzoneManagerRatisUtils.java:getOMRatisSnapshotDirectory(391)) - ozone.om.ratis.snapshot.dir is not configured. Falling back to ozone.metadata.dirs config
2021-08-21 01:41:43,217 [Listener at 127.0.0.1/11924] INFO  snapshot.OzoneManagerSnapshotProvider (OzoneManagerSnapshotProvider.java:<init>(76)) - Initializing OM Snapshot Provider
2021-08-21 01:41:43,221 [Listener at 127.0.0.1/11924] WARN  impl.MetricRegistriesImpl (MetricRegistriesImpl.java:addReporterRegistration(111)) - New reporters are added after registries were created. Some metrics will be missing from the reporter. Please add reporter before adding any new registry.
2021-08-21 01:41:43,221 [Listener at 127.0.0.1/11924] WARN  impl.MetricRegistriesImpl (MetricRegistriesImpl.java:addReporterRegistration(111)) - New reporters are added after registries were created. Some metrics will be missing from the reporter. Please add reporter before adding any new registry.
2021-08-21 01:41:43,221 [Listener at 127.0.0.1/11924] WARN  server.ServerUtils (ServerUtils.java:getDefaultRatisDirectory(237)) - Storage directory for Ratis is not configured. It is a good idea to map this to an SSD disk. Falling back to ozone.metadata.dirs
2021-08-21 01:41:43,222 [Listener at 127.0.0.1/11924] INFO  ratis.OzoneManagerRatisServer (OzoneManagerRatisServer.java:<init>(158)) - Instantiating OM Ratis server with groupID: om-service-test1 and peers: localhost:11934, localhost:11940, localhost:11928
2021-08-21 01:41:43,223 [Listener at 127.0.0.1/11924] INFO  ratis.OzoneManagerStateMachine (OzoneManagerStateMachine.java:loadSnapshotInfoFromDB(605)) - LastAppliedIndex is set from TransactionInfo from OM DB as (t:0, i:~)
2021-08-21 01:41:43,223 [Listener at 127.0.0.1/11924] INFO  server.RaftServer (ConfUtils.java:logGet(44)) - raft.rpc.type = GRPC (default)
2021-08-21 01:41:43,223 [Listener at 127.0.0.1/11924] INFO  grpc.GrpcFactory (GrpcFactory.java:checkPooledByteBufAllocatorUseCacheForAllThreads(48)) - PERFORMANCE WARNING: useCacheForAllThreads is true that may cause Netty to create a lot garbage objects and, as a result, trigger GC.
	It is recommended to disable useCacheForAllThreads by setting -Dorg.apache.ratis.thirdparty.io.netty.allocator.useCacheForAllThreads=false in command line.
2021-08-21 01:41:43,224 [Listener at 127.0.0.1/11924] INFO  grpc.GrpcConfigKeys (ConfUtils.java:logGet(44)) - raft.grpc.admin.port = -1 (default)
2021-08-21 01:41:43,224 [Listener at 127.0.0.1/11924] INFO  grpc.GrpcConfigKeys (ConfUtils.java:logGet(44)) - raft.grpc.server.port = 11934 (custom)
2021-08-21 01:41:43,224 [Listener at 127.0.0.1/11924] INFO  grpc.GrpcConfigKeys (ConfUtils.java:logGet(44)) - raft.grpc.client.port = -1 (default)
2021-08-21 01:41:43,224 [Listener at 127.0.0.1/11924] INFO  grpc.GrpcConfigKeys (ConfUtils.java:logGet(44)) - raft.grpc.server.port = 11934 (custom)
2021-08-21 01:41:43,224 [Listener at 127.0.0.1/11924] INFO  grpc.GrpcConfigKeys (ConfUtils.java:logGet(44)) - raft.grpc.server.port = 11934 (custom)
2021-08-21 01:41:43,224 [Listener at 127.0.0.1/11924] INFO  server.GrpcService (ConfUtils.java:logGet(44)) - raft.grpc.message.size.max = 33554432 (custom)
2021-08-21 01:41:43,224 [Listener at 127.0.0.1/11924] INFO  server.RaftServerConfigKeys (ConfUtils.java:logGet(44)) - raft.server.log.appender.buffer.byte-limit = 33554432 (custom)
2021-08-21 01:41:43,224 [Listener at 127.0.0.1/11924] INFO  server.GrpcService (ConfUtils.java:logGet(44)) - raft.grpc.flow.control.window = 1MB (=1048576) (default)
2021-08-21 01:41:43,225 [Listener at 127.0.0.1/11924] INFO  server.RaftServerConfigKeys (ConfUtils.java:logGet(44)) - raft.server.rpc.request.timeout = 3000ms (default)
2021-08-21 01:41:43,226 [Listener at 127.0.0.1/11924] INFO  impl.DataStreamServerImpl (ConfUtils.java:logGet(44)) - raft.datastream.type = DISABLED (default)
2021-08-21 01:41:43,227 [Listener at 127.0.0.1/11924] INFO  server.RaftServerConfigKeys (ConfUtils.java:logGet(44)) - raft.server.rpc.slowness.timeout = 2s (custom)
2021-08-21 01:41:43,227 [Listener at 127.0.0.1/11924] INFO  server.RaftServerConfigKeys (ConfUtils.java:logGet(44)) - raft.server.leaderelection.leader.step-down.wait-time = 10s (default)
2021-08-21 01:41:43,228 [Listener at 127.0.0.1/11924] INFO  server.RaftServerConfigKeys (ConfUtils.java:logGet(44)) - raft.server.storage.dir = [/home/runner/work/ozone/ozone/hadoop-ozone/integration-test/target/test-dir/MiniOzoneClusterImpl-ac918204-cb9e-461d-be45-7a6421e2bbc3/omNode-2/ratis] (custom)
2021-08-21 01:41:43,228 [Listener at 127.0.0.1/11924] INFO  server.RaftServer (RaftServerProxy.java:addNew(95)) - omNode-2: addNew group-523986131536:[omNode-3|rpc:localhost:11940|priority:0, omNode-1|rpc:localhost:11928|priority:0, omNode-2|rpc:localhost:11934|priority:0] returns group-523986131536:java.util.concurrent.CompletableFuture@254e32f1[Not completed]
2021-08-21 01:41:43,229 [Listener at 127.0.0.1/11924] INFO  om.OzoneManager (OzoneManager.java:initializeRatisServer(1573)) - OzoneManager Ratis server initialized at port 11934
2021-08-21 01:41:43,231 [Listener at 127.0.0.1/11924] INFO  ipc.CallQueueManager (CallQueueManager.java:<init>(90)) - Using callQueue: class java.util.concurrent.LinkedBlockingQueue, queueCapacity: 2000, scheduler: class org.apache.hadoop.ipc.DefaultRpcScheduler, ipcBackoff: false.
2021-08-21 01:41:43,232 [pool-62-thread-1] INFO  server.RaftServer$Division (RaftServerImpl.java:<init>(181)) - omNode-2: new RaftServerImpl for group-523986131536:[omNode-3|rpc:localhost:11940|priority:0, omNode-1|rpc:localhost:11928|priority:0, omNode-2|rpc:localhost:11934|priority:0] with OzoneManagerStateMachine:uninitialized
2021-08-21 01:41:43,240 [Socket Reader #1 for port 11930] INFO  ipc.Server (Server.java:run(1265)) - Starting Socket Reader #1 for port 11930
2021-08-21 01:41:43,241 [pool-62-thread-1] INFO  server.RaftServerConfigKeys (ConfUtils.java:logGet(44)) - raft.server.rpc.timeout.min = 1s (custom)
2021-08-21 01:41:43,241 [pool-62-thread-1] INFO  server.RaftServerConfigKeys (ConfUtils.java:logGet(44)) - raft.server.rpc.timeout.max = 1200ms (custom)
2021-08-21 01:41:43,241 [pool-62-thread-1] INFO  server.RaftServerConfigKeys (ConfUtils.java:logGet(44)) - raft.server.rpc.sleep.time = 25ms (default)
2021-08-21 01:41:43,241 [pool-62-thread-1] INFO  server.RaftServerConfigKeys (ConfUtils.java:logGet(44)) - raft.server.rpc.slowness.timeout = 2s (custom)
2021-08-21 01:41:43,241 [pool-62-thread-1] INFO  server.RaftServerConfigKeys (ConfUtils.java:logGet(44)) - raft.server.leaderelection.leader.step-down.wait-time = 10s (default)
2021-08-21 01:41:43,241 [pool-62-thread-1] INFO  server.RaftServerConfigKeys (ConfUtils.java:logGet(44)) - raft.server.sleep.deviation.threshold = 300ms (default)
2021-08-21 01:41:43,242 [pool-62-thread-1] INFO  server.RaftServerConfigKeys (ConfUtils.java:logGet(44)) - raft.server.log.appender.install.snapshot.enabled = false (custom)
2021-08-21 01:41:43,242 [pool-62-thread-1] INFO  server.RaftServer$Division (ServerState.java:<init>(105)) - omNode-2@group-523986131536: ConfigurationManager, init=-1: [omNode-3|rpc:localhost:11940|priority:0, omNode-1|rpc:localhost:11928|priority:0, omNode-2|rpc:localhost:11934|priority:0], old=null, confs=<EMPTY_MAP>
2021-08-21 01:41:43,242 [pool-62-thread-1] INFO  server.RaftServerConfigKeys (ConfUtils.java:logGet(44)) - raft.server.storage.dir = [/home/runner/work/ozone/ozone/hadoop-ozone/integration-test/target/test-dir/MiniOzoneClusterImpl-ac918204-cb9e-461d-be45-7a6421e2bbc3/omNode-2/ratis] (custom)
2021-08-21 01:41:43,243 [pool-62-thread-1] INFO  server.RaftServerConfigKeys (ConfUtils.java:logGet(44)) - raft.server.log.corruption.policy = EXCEPTION (default)
2021-08-21 01:41:43,243 [pool-62-thread-1] INFO  server.RaftServerConfigKeys (ConfUtils.java:logGet(44)) - raft.server.storage.free-space.min = 0MB (=0) (default)
2021-08-21 01:41:43,243 [pool-62-thread-1] INFO  storage.RaftStorageDirectory (RaftStorageDirectoryImpl.java:analyzeStorage(135)) - The storage directory /home/runner/work/ozone/ozone/hadoop-ozone/integration-test/target/test-dir/MiniOzoneClusterImpl-ac918204-cb9e-461d-be45-7a6421e2bbc3/omNode-2/ratis/c9bc4cf4-3bc3-3c60-a66b-523986131536 does not exist. Creating ...
2021-08-21 01:41:43,249 [pool-62-thread-1] INFO  storage.RaftStorageDirectory (RaftStorageDirectoryImpl.java:tryLock(230)) - Lock on /home/runner/work/ozone/ozone/hadoop-ozone/integration-test/target/test-dir/MiniOzoneClusterImpl-ac918204-cb9e-461d-be45-7a6421e2bbc3/omNode-2/ratis/c9bc4cf4-3bc3-3c60-a66b-523986131536/in_use.lock acquired by nodename 801@fv-az148-687
2021-08-21 01:41:43,251 [pool-62-thread-1] INFO  storage.RaftStorage (RaftStorageImpl.java:format(89)) - Storage directory /home/runner/work/ozone/ozone/hadoop-ozone/integration-test/target/test-dir/MiniOzoneClusterImpl-ac918204-cb9e-461d-be45-7a6421e2bbc3/omNode-2/ratis/c9bc4cf4-3bc3-3c60-a66b-523986131536 has been successfully formatted.
2021-08-21 01:41:43,251 [pool-62-thread-1] INFO  server.RaftServerConfigKeys (ConfUtils.java:logGet(44)) - raft.server.notification.no-leader.timeout = 2s (custom)
2021-08-21 01:41:43,252 [pool-62-thread-1] INFO  server.RaftServerConfigKeys (ConfUtils.java:logGet(44)) - raft.server.log.use.memory = false (default)
2021-08-21 01:41:43,252 [pool-62-thread-1] INFO  server.RaftServerConfigKeys (ConfUtils.java:logGet(44)) - raft.server.log.purge.gap = 50 (custom)
2021-08-21 01:41:43,252 [pool-62-thread-1] INFO  server.RaftServerConfigKeys (ConfUtils.java:logGet(44)) - raft.server.log.appender.buffer.byte-limit = 33554432 (custom)
2021-08-21 01:41:43,252 [pool-62-thread-1] INFO  server.RaftServerConfigKeys (ConfUtils.java:logGet(44)) - raft.server.log.segment.size.max = 4194304 (custom)
2021-08-21 01:41:43,253 [pool-62-thread-1] INFO  server.RaftServerConfigKeys (ConfUtils.java:logGet(44)) - raft.server.log.segment.cache.num.max = 2 (custom)
2021-08-21 01:41:43,253 [pool-62-thread-1] INFO  server.RaftServerConfigKeys (ConfUtils.java:logGet(44)) - raft.server.log.segment.cache.size.max = 200MB (=209715200) (default)
2021-08-21 01:41:43,253 [pool-62-thread-1] INFO  segmented.SegmentedRaftLogWorker (SegmentedRaftLogWorker.java:<init>(182)) - new omNode-2@group-523986131536-SegmentedRaftLogWorker for RaftStorageImpl:Storage Directory /home/runner/work/ozone/ozone/hadoop-ozone/integration-test/target/test-dir/MiniOzoneClusterImpl-ac918204-cb9e-461d-be45-7a6421e2bbc3/omNode-2/ratis/c9bc4cf4-3bc3-3c60-a66b-523986131536
2021-08-21 01:41:43,254 [pool-62-thread-1] INFO  server.RaftServerConfigKeys (ConfUtils.java:logGet(44)) - raft.server.log.queue.byte-limit = 64MB (=67108864) (default)
2021-08-21 01:41:43,254 [pool-62-thread-1] INFO  server.RaftServerConfigKeys (ConfUtils.java:logGet(44)) - raft.server.log.queue.element-limit = 4096 (default)
2021-08-21 01:41:43,254 [pool-62-thread-1] INFO  server.RaftServerConfigKeys (ConfUtils.java:logGet(44)) - raft.server.log.segment.size.max = 4194304 (custom)
2021-08-21 01:41:43,254 [pool-62-thread-1] INFO  server.RaftServerConfigKeys (ConfUtils.java:logGet(44)) - raft.server.log.preallocated.size = 4194304 (custom)
2021-08-21 01:41:43,254 [pool-62-thread-1] INFO  server.RaftServerConfigKeys (ConfUtils.java:logGet(44)) - raft.server.log.force.sync.num = 128 (default)
2021-08-21 01:41:43,254 [pool-62-thread-1] INFO  server.RaftServerConfigKeys (ConfUtils.java:logGet(44)) - raft.server.log.statemachine.data.sync = true (default)
2021-08-21 01:41:43,254 [pool-62-thread-1] INFO  server.RaftServerConfigKeys (ConfUtils.java:logGet(44)) - raft.server.log.statemachine.data.sync.timeout = 10s (default)
2021-08-21 01:41:43,255 [pool-62-thread-1] INFO  server.RaftServerConfigKeys (ConfUtils.java:logGet(44)) - raft.server.log.statemachine.data.sync.timeout.retry = -1 (default)
2021-08-21 01:41:43,265 [pool-62-thread-1] INFO  server.RaftServerConfigKeys (ConfUtils.java:logGet(44)) - raft.server.log.write.buffer.size = 64KB (=65536) (default)
2021-08-21 01:41:43,265 [pool-62-thread-1] INFO  server.RaftServerConfigKeys (ConfUtils.java:logGet(44)) - raft.server.log.statemachine.data.caching.enabled = false (default)
2021-08-21 01:41:43,265 [pool-62-thread-1] INFO  segmented.SegmentedRaftLogWorker (SegmentedRaftLogWorker.java:lambda$new$0(133)) - omNode-2@group-523986131536-SegmentedRaftLogWorker: flushIndex: setUnconditionally 0 -> -1
2021-08-21 01:41:43,266 [pool-62-thread-1] INFO  segmented.SegmentedRaftLogWorker (SegmentedRaftLogWorker.java:lambda$new$0(133)) - omNode-2@group-523986131536-SegmentedRaftLogWorker: safeCacheEvictIndex: setUnconditionally 0 -> -1
2021-08-21 01:41:43,266 [pool-62-thread-1] INFO  server.RaftServerConfigKeys (ConfUtils.java:logGet(44)) - raft.server.snapshot.auto.trigger.enabled = true (custom)
2021-08-21 01:41:43,267 [pool-62-thread-1] INFO  server.RaftServerConfigKeys (ConfUtils.java:logGet(44)) - raft.server.snapshot.auto.trigger.threshold = 50 (custom)
2021-08-21 01:41:43,267 [pool-62-thread-1] INFO  server.RaftServerConfigKeys (ConfUtils.java:logGet(44)) - raft.server.snapshot.retention.file.num = -1 (default)
2021-08-21 01:41:43,267 [pool-62-thread-1] INFO  server.RaftServerConfigKeys (ConfUtils.java:logGet(44)) - raft.server.log.purge.upto.snapshot.index = true (custom)
2021-08-21 01:41:43,267 [pool-62-thread-1] INFO  server.RaftServerConfigKeys (ConfUtils.java:logGet(44)) - raft.server.retrycache.expirytime = 30000ms (custom)
2021-08-21 01:41:43,267 [pool-62-thread-1] INFO  server.RaftServerConfigKeys (ConfUtils.java:logGet(44)) - raft.server.retrycache.statistics.expirytime = 100μs (default)
2021-08-21 01:41:43,270 [Listener at 127.0.0.1/11930] INFO  om.OzoneManager (OzoneManager.java:initFSOLayout(4321)) - Configured ozone.om.metadata.layout=SIMPLE and disabled optimized OM FS operations
2021-08-21 01:41:43,271 [Listener at 127.0.0.1/11930] INFO  impl.MetricsSystemImpl (MetricsSystemImpl.java:init(158)) - OzoneManager metrics system started (again)
2021-08-21 01:41:43,284 [Listener at 127.0.0.1/11930] INFO  om.OzoneManager (OzoneManager.java:start(1270)) - OzoneManager RPC server is listening at localhost/127.0.0.1:11930
2021-08-21 01:41:43,284 [Listener at 127.0.0.1/11930] INFO  ratis.OzoneManagerRatisServer (OzoneManagerRatisServer.java:start(516)) - Starting OzoneManagerRatisServer omNode-2 at port 11934
2021-08-21 01:41:43,284 [Listener at 127.0.0.1/11930] INFO  server.RaftServer$Division (RaftServerImpl.java:start(296)) - omNode-2@group-523986131536: start as a follower, conf=-1: [omNode-3|rpc:localhost:11940|priority:0, omNode-1|rpc:localhost:11928|priority:0, omNode-2|rpc:localhost:11934|priority:0], old=null
2021-08-21 01:41:43,284 [Listener at 127.0.0.1/11930] INFO  server.RaftServer$Division (RaftServerImpl.java:setRole(285)) - omNode-2@group-523986131536: changes role from      null to FOLLOWER at term 0 for startAsFollower
2021-08-21 01:41:43,285 [Listener at 127.0.0.1/11930] INFO  impl.RoleInfo (RoleInfo.java:updateAndGet(130)) - omNode-2: start omNode-2@group-523986131536-FollowerState
2021-08-21 01:41:43,285 [Listener at 127.0.0.1/11930] INFO  util.JmxRegister (JmxRegister.java:tryRegister(44)) - Successfully registered JMX Bean with object name Ratis:service=RaftServer,group=group-523986131536,id=omNode-2
2021-08-21 01:41:43,287 [Listener at 127.0.0.1/11930] INFO  server.RaftServer (RaftServerProxy.java:lambda$start$5(374)) - omNode-2: start RPC server
2021-08-21 01:41:43,288 [Listener at 127.0.0.1/11930] INFO  server.GrpcService (GrpcService.java:startImpl(253)) - omNode-2: GrpcService started, listening on 11934
2021-08-21 01:41:43,290 [Listener at 127.0.0.1/11930] INFO  om.OzoneManager (OzoneManager.java:start(1288)) - Version File has different layout version (0) than OM DB (null). That is expected if this OM has never been finalized to a newer layout version.
2021-08-21 01:41:43,290 [org.apache.ratis.util.JvmPauseMonitor$$Lambda$536/1549433175@340333bb] INFO  util.JvmPauseMonitor (JvmPauseMonitor.java:run(103)) - JvmPauseMonitor-omNode-2: Started
2021-08-21 01:41:43,293 [Listener at 127.0.0.1/11930] INFO  http.BaseHttpServer (BaseHttpServer.java:newHttpServer2BuilderForOzone(209)) - Starting Web-server for ozoneManager at: http://0.0.0.0:11932
2021-08-21 01:41:43,294 [Listener at 127.0.0.1/11930] INFO  http.BaseHttpServer (BaseHttpServer.java:<init>(107)) - Hadoop Security Enabled: false Ozone Security Enabled: false Ozone HTTP Security Enabled: false 
2021-08-21 01:41:43,295 [Listener at 127.0.0.1/11930] INFO  server.AuthenticationFilter (AuthenticationFilter.java:constructSecretProvider(240)) - Unable to initialize FileSignerSecretProvider, falling back to use random secrets.
2021-08-21 01:41:43,301 [Listener at 127.0.0.1/11930] WARN  http.HttpRequestLog (HttpRequestLog.java:getRequestLog(103)) - Jetty request log can only be enabled using Log4j
2021-08-21 01:41:43,302 [Listener at 127.0.0.1/11930] INFO  http.HttpServer2 (HttpServer2.java:addGlobalFilter(1030)) - Added global filter 'safety' (class=org.apache.hadoop.hdds.server.http.HttpServer2$QuotingInputFilter)
2021-08-21 01:41:43,302 [Listener at 127.0.0.1/11930] INFO  http.HttpServer2 (HttpServer2.java:addFilter(1006)) - Added filter static_user_filter (class=org.apache.hadoop.http.lib.StaticUserWebFilter$StaticUserFilter) to context ozoneManager
2021-08-21 01:41:43,303 [Listener at 127.0.0.1/11930] INFO  http.HttpServer2 (HttpServer2.java:addFilter(1014)) - Added filter static_user_filter (class=org.apache.hadoop.http.lib.StaticUserWebFilter$StaticUserFilter) to context static
2021-08-21 01:41:43,303 [Listener at 127.0.0.1/11930] INFO  http.HttpServer2 (HttpServer2.java:addFilter(1014)) - Added filter static_user_filter (class=org.apache.hadoop.http.lib.StaticUserWebFilter$StaticUserFilter) to context logs
2021-08-21 01:41:43,303 [Listener at 127.0.0.1/11930] INFO  http.HttpServer2 (HttpServer2.java:bindListener(1249)) - Jetty bound to port 11932
2021-08-21 01:41:43,303 [Listener at 127.0.0.1/11930] INFO  server.Server (Server.java:doStart(375)) - jetty-9.4.43.v20210629; built: 2021-06-30T11:07:22.254Z; git: 526006ecfa3af7f1a27ef3a288e2bef7ea9dd7e8; jvm 1.8.0_292-b10
2021-08-21 01:41:43,313 [Listener at 127.0.0.1/11930] INFO  server.session (DefaultSessionIdManager.java:doStart(334)) - DefaultSessionIdManager workerName=node0
2021-08-21 01:41:43,313 [Listener at 127.0.0.1/11930] INFO  server.session (DefaultSessionIdManager.java:doStart(339)) - No SessionScavenger set, using defaults
2021-08-21 01:41:43,313 [Listener at 127.0.0.1/11930] INFO  server.session (HouseKeeper.java:startScavenging(132)) - node0 Scavenging every 600000ms
2021-08-21 01:41:43,314 [Listener at 127.0.0.1/11930] INFO  handler.ContextHandler (ContextHandler.java:doStart(915)) - Started o.e.j.s.ServletContextHandler@18610c5c{logs,/logs,file:///home/runner/work/ozone/ozone/hadoop-ozone/integration-test/target/log,AVAILABLE}
2021-08-21 01:41:43,315 [Listener at 127.0.0.1/11930] INFO  handler.ContextHandler (ContextHandler.java:doStart(915)) - Started o.e.j.s.ServletContextHandler@2e422c13{static,/static,file:///home/runner/work/ozone/ozone/hadoop-ozone/integration-test/target/test-classes/webapps/static,AVAILABLE}
2021-08-21 01:41:43,318 [Listener at 127.0.0.1/11930] INFO  handler.ContextHandler (ContextHandler.java:doStart(915)) - Started o.e.j.w.WebAppContext@22ee8bd4{ozoneManager,/,file:///home/runner/work/ozone/ozone/hadoop-ozone/integration-test/target/test-classes/webapps/ozoneManager/,AVAILABLE}{file:/home/runner/work/ozone/ozone/hadoop-ozone/integration-test/target/test-classes/webapps/ozoneManager}
2021-08-21 01:41:43,320 [Listener at 127.0.0.1/11930] INFO  server.AbstractConnector (AbstractConnector.java:doStart(331)) - Started ServerConnector@71434bf0{HTTP/1.1, (http/1.1)}{0.0.0.0:11932}
2021-08-21 01:41:43,321 [Listener at 127.0.0.1/11930] INFO  server.Server (Server.java:doStart(415)) - Started @6695ms
2021-08-21 01:41:43,321 [Listener at 127.0.0.1/11930] WARN  impl.MetricsSystemImpl (MetricsSystemImpl.java:register(279)) - Sink prometheus already exists!
2021-08-21 01:41:43,321 [Listener at 127.0.0.1/11930] INFO  http.BaseHttpServer (BaseHttpServer.java:updateConnectorAddress(329)) - HTTP server of ozoneManager listening at http://0.0.0.0:11932
2021-08-21 01:41:43,322 [IPC Server Responder] INFO  ipc.Server (Server.java:run(1507)) - IPC Server Responder: starting
2021-08-21 01:41:43,324 [IPC Server listener on 11930] INFO  ipc.Server (Server.java:run(1344)) - IPC Server listener on 11930: starting
2021-08-21 01:41:43,331 [Listener at 127.0.0.1/11930] INFO  om.OzoneManager (OzoneManager.java:startTrashEmptier(1531)) - Trash Interval set to 0. Files deleted will not move to trash
2021-08-21 01:41:43,332 [Listener at 127.0.0.1/11930] INFO  ozone.MiniOzoneHAClusterImpl (MiniOzoneHAClusterImpl.java:createOMService(485)) - Started OzoneManager omNode-2 RPC server at localhost/127.0.0.1:11930
2021-08-21 01:41:43,332 [org.apache.hadoop.util.JvmPauseMonitor$Monitor@18dd520b] INFO  util.JvmPauseMonitor (JvmPauseMonitor.java:run(188)) - Starting JVM pause monitor
2021-08-21 01:41:43,332 [Listener at 127.0.0.1/11930] INFO  ha.OMHANodeDetails (OMHANodeDetails.java:loadOMHAConfig(118)) - ServiceID for OzoneManager is om-service-test1
2021-08-21 01:41:43,337 [Listener at 127.0.0.1/11930] INFO  ha.OMHANodeDetails (OMHANodeDetails.java:loadOMHAConfig(194)) - Found matching OM address with OMServiceId: om-service-test1, OMNodeId: omNode-3, RPC Address: localhost:11936 and Ratis port: 11940
2021-08-21 01:41:43,337 [Listener at 127.0.0.1/11930] INFO  ha.OMHANodeDetails (ConfUtils.java:setNodeSpecificConfigs(108)) - Setting configuration key ozone.om.http-address with value of key ozone.om.http-address.om-service-test1.omNode-3: 127.0.0.1:11938
2021-08-21 01:41:43,337 [Listener at 127.0.0.1/11930] INFO  ha.OMHANodeDetails (ConfUtils.java:setNodeSpecificConfigs(108)) - Setting configuration key ozone.om.https-address with value of key ozone.om.https-address.om-service-test1.omNode-3: 127.0.0.1:11939
2021-08-21 01:41:43,337 [Listener at 127.0.0.1/11930] INFO  ha.OMHANodeDetails (ConfUtils.java:setNodeSpecificConfigs(108)) - Setting configuration key ozone.om.address with value of key ozone.om.address.om-service-test1.omNode-3: 127.0.0.1:11936
2021-08-21 01:41:43,337 [Listener at 127.0.0.1/11930] WARN  server.ServerUtils (ServerUtils.java:getDBPath(225)) - ozone.om.db.dirs is not configured. We recommend adding this setting. Falling back to ozone.metadata.dirs instead.
OM initialization succeeded.Current cluster id for sd=/home/runner/work/ozone/ozone/hadoop-ozone/integration-test/target/test-dir/MiniOzoneClusterImpl-ac918204-cb9e-461d-be45-7a6421e2bbc3/omNode-3/om;cid=ac918204-cb9e-461d-be45-7a6421e2bbc3;layoutVersion=0
2021-08-21 01:41:43,348 [Listener at 127.0.0.1/11930] INFO  ha.OMHANodeDetails (OMHANodeDetails.java:loadOMHAConfig(118)) - ServiceID for OzoneManager is om-service-test1
2021-08-21 01:41:43,349 [Listener at 127.0.0.1/11930] INFO  ha.OMHANodeDetails (OMHANodeDetails.java:loadOMHAConfig(194)) - Found matching OM address with OMServiceId: om-service-test1, OMNodeId: omNode-3, RPC Address: localhost:11936 and Ratis port: 11940
2021-08-21 01:41:43,349 [Listener at 127.0.0.1/11930] INFO  ha.OMHANodeDetails (ConfUtils.java:setNodeSpecificConfigs(108)) - Setting configuration key ozone.om.http-address with value of key ozone.om.http-address.om-service-test1.omNode-3: 127.0.0.1:11938
2021-08-21 01:41:43,349 [Listener at 127.0.0.1/11930] INFO  ha.OMHANodeDetails (ConfUtils.java:setNodeSpecificConfigs(108)) - Setting configuration key ozone.om.https-address with value of key ozone.om.https-address.om-service-test1.omNode-3: 127.0.0.1:11939
2021-08-21 01:41:43,349 [Listener at 127.0.0.1/11930] INFO  ha.OMHANodeDetails (ConfUtils.java:setNodeSpecificConfigs(108)) - Setting configuration key ozone.om.address with value of key ozone.om.address.om-service-test1.omNode-3: 127.0.0.1:11936
2021-08-21 01:41:43,350 [Listener at 127.0.0.1/11930] WARN  server.ServerUtils (ServerUtils.java:getDBPath(225)) - ozone.om.db.dirs is not configured. We recommend adding this setting. Falling back to ozone.metadata.dirs instead.
2021-08-21 01:41:43,350 [Listener at 127.0.0.1/11930] INFO  upgrade.AbstractLayoutVersionManager (AbstractLayoutVersionManager.java:init(70)) - Initializing Layout version manager with metadata layout = INITIAL_VERSION (version = 0), software layout = INITIAL_VERSION (version = 0)
2021-08-21 01:41:43,403 [Listener at 127.0.0.1/11930] INFO  reflections.Reflections (Reflections.java:scan(232)) - Reflections took 52 ms to scan 2 urls, producing 131 keys and 342 values [using 2 cores]
2021-08-21 01:41:43,404 [Listener at 127.0.0.1/11930] INFO  upgrade.OMLayoutVersionManager (OMLayoutVersionManager.java:lambda$0(116)) - Skipping Upgrade Action MockOmUpgradeAction since it has been finalized.
2021-08-21 01:41:43,404 [Listener at 127.0.0.1/11930] WARN  server.ServerUtils (ServerUtils.java:getDBPath(225)) - ozone.om.db.dirs is not configured. We recommend adding this setting. Falling back to ozone.metadata.dirs instead.
2021-08-21 01:41:43,420 [Listener at 127.0.0.1/11930] WARN  server.ServerUtils (ServerUtils.java:getDBPath(225)) - ozone.om.db.dirs is not configured. We recommend adding this setting. Falling back to ozone.metadata.dirs instead.
2021-08-21 01:41:43,420 [Listener at 127.0.0.1/11930] INFO  codec.OmKeyInfoCodec (OmKeyInfoCodec.java:<init>(51)) - OmKeyInfoCodec ignorePipeline = true
2021-08-21 01:41:43,421 [Listener at 127.0.0.1/11930] INFO  codec.RepeatedOmKeyInfoCodec (RepeatedOmKeyInfoCodec.java:<init>(42)) - RepeatedOmKeyInfoCodec ignorePipeline = true
2021-08-21 01:41:43,537 [Listener at 127.0.0.1/11930] INFO  om.OzoneManager (OzoneManager.java:addS3GVolumeToDB(4115)) - Created Volume s3v With Owner runner required for S3Gateway operations.
2021-08-21 01:41:43,537 [Listener at 127.0.0.1/11930] WARN  server.ServerUtils (ServerUtils.java:getDefaultRatisDirectory(237)) - Storage directory for Ratis is not configured. It is a good idea to map this to an SSD disk. Falling back to ozone.metadata.dirs
2021-08-21 01:41:43,537 [Listener at 127.0.0.1/11930] WARN  utils.OzoneManagerRatisUtils (OzoneManagerRatisUtils.java:getOMRatisSnapshotDirectory(391)) - ozone.om.ratis.snapshot.dir is not configured. Falling back to ozone.metadata.dirs config
2021-08-21 01:41:43,537 [Listener at 127.0.0.1/11930] INFO  snapshot.OzoneManagerSnapshotProvider (OzoneManagerSnapshotProvider.java:<init>(76)) - Initializing OM Snapshot Provider
2021-08-21 01:41:43,538 [Listener at 127.0.0.1/11930] WARN  impl.MetricRegistriesImpl (MetricRegistriesImpl.java:addReporterRegistration(111)) - New reporters are added after registries were created. Some metrics will be missing from the reporter. Please add reporter before adding any new registry.
2021-08-21 01:41:43,539 [Listener at 127.0.0.1/11930] WARN  impl.MetricRegistriesImpl (MetricRegistriesImpl.java:addReporterRegistration(111)) - New reporters are added after registries were created. Some metrics will be missing from the reporter. Please add reporter before adding any new registry.
2021-08-21 01:41:43,539 [Listener at 127.0.0.1/11930] WARN  server.ServerUtils (ServerUtils.java:getDefaultRatisDirectory(237)) - Storage directory for Ratis is not configured. It is a good idea to map this to an SSD disk. Falling back to ozone.metadata.dirs
2021-08-21 01:41:43,540 [Listener at 127.0.0.1/11930] INFO  ratis.OzoneManagerRatisServer (OzoneManagerRatisServer.java:<init>(158)) - Instantiating OM Ratis server with groupID: om-service-test1 and peers: localhost:11940, localhost:11928, localhost:11934
2021-08-21 01:41:43,540 [Listener at 127.0.0.1/11930] INFO  ratis.OzoneManagerStateMachine (OzoneManagerStateMachine.java:loadSnapshotInfoFromDB(605)) - LastAppliedIndex is set from TransactionInfo from OM DB as (t:0, i:~)
2021-08-21 01:41:43,541 [Listener at 127.0.0.1/11930] INFO  server.RaftServer (ConfUtils.java:logGet(44)) - raft.rpc.type = GRPC (default)
2021-08-21 01:41:43,541 [Listener at 127.0.0.1/11930] INFO  grpc.GrpcFactory (GrpcFactory.java:checkPooledByteBufAllocatorUseCacheForAllThreads(48)) - PERFORMANCE WARNING: useCacheForAllThreads is true that may cause Netty to create a lot garbage objects and, as a result, trigger GC.
	It is recommended to disable useCacheForAllThreads by setting -Dorg.apache.ratis.thirdparty.io.netty.allocator.useCacheForAllThreads=false in command line.
2021-08-21 01:41:43,541 [Listener at 127.0.0.1/11930] INFO  grpc.GrpcConfigKeys (ConfUtils.java:logGet(44)) - raft.grpc.admin.port = -1 (default)
2021-08-21 01:41:43,541 [Listener at 127.0.0.1/11930] INFO  grpc.GrpcConfigKeys (ConfUtils.java:logGet(44)) - raft.grpc.server.port = 11940 (custom)
2021-08-21 01:41:43,541 [Listener at 127.0.0.1/11930] INFO  grpc.GrpcConfigKeys (ConfUtils.java:logGet(44)) - raft.grpc.client.port = -1 (default)
2021-08-21 01:41:43,541 [Listener at 127.0.0.1/11930] INFO  grpc.GrpcConfigKeys (ConfUtils.java:logGet(44)) - raft.grpc.server.port = 11940 (custom)
2021-08-21 01:41:43,541 [Listener at 127.0.0.1/11930] INFO  grpc.GrpcConfigKeys (ConfUtils.java:logGet(44)) - raft.grpc.server.port = 11940 (custom)
2021-08-21 01:41:43,542 [Listener at 127.0.0.1/11930] INFO  server.GrpcService (ConfUtils.java:logGet(44)) - raft.grpc.message.size.max = 33554432 (custom)
2021-08-21 01:41:43,542 [Listener at 127.0.0.1/11930] INFO  server.RaftServerConfigKeys (ConfUtils.java:logGet(44)) - raft.server.log.appender.buffer.byte-limit = 33554432 (custom)
2021-08-21 01:41:43,542 [Listener at 127.0.0.1/11930] INFO  server.GrpcService (ConfUtils.java:logGet(44)) - raft.grpc.flow.control.window = 1MB (=1048576) (default)
2021-08-21 01:41:43,542 [Listener at 127.0.0.1/11930] INFO  server.RaftServerConfigKeys (ConfUtils.java:logGet(44)) - raft.server.rpc.request.timeout = 3000ms (default)
2021-08-21 01:41:43,543 [Listener at 127.0.0.1/11930] INFO  impl.DataStreamServerImpl (ConfUtils.java:logGet(44)) - raft.datastream.type = DISABLED (default)
2021-08-21 01:41:43,543 [Listener at 127.0.0.1/11930] INFO  server.RaftServerConfigKeys (ConfUtils.java:logGet(44)) - raft.server.rpc.slowness.timeout = 2s (custom)
2021-08-21 01:41:43,543 [Listener at 127.0.0.1/11930] INFO  server.RaftServerConfigKeys (ConfUtils.java:logGet(44)) - raft.server.leaderelection.leader.step-down.wait-time = 10s (default)
2021-08-21 01:41:43,544 [Listener at 127.0.0.1/11930] INFO  server.RaftServerConfigKeys (ConfUtils.java:logGet(44)) - raft.server.storage.dir = [/home/runner/work/ozone/ozone/hadoop-ozone/integration-test/target/test-dir/MiniOzoneClusterImpl-ac918204-cb9e-461d-be45-7a6421e2bbc3/omNode-3/ratis] (custom)
2021-08-21 01:41:43,544 [Listener at 127.0.0.1/11930] INFO  server.RaftServer (RaftServerProxy.java:addNew(95)) - omNode-3: addNew group-523986131536:[omNode-3|rpc:localhost:11940|priority:0, omNode-1|rpc:localhost:11928|priority:0, omNode-2|rpc:localhost:11934|priority:0] returns group-523986131536:java.util.concurrent.CompletableFuture@75f61973[Not completed]
2021-08-21 01:41:43,544 [Listener at 127.0.0.1/11930] INFO  om.OzoneManager (OzoneManager.java:initializeRatisServer(1573)) - OzoneManager Ratis server initialized at port 11940
2021-08-21 01:41:43,544 [pool-83-thread-1] INFO  server.RaftServer$Division (RaftServerImpl.java:<init>(181)) - omNode-3: new RaftServerImpl for group-523986131536:[omNode-3|rpc:localhost:11940|priority:0, omNode-1|rpc:localhost:11928|priority:0, omNode-2|rpc:localhost:11934|priority:0] with OzoneManagerStateMachine:uninitialized
2021-08-21 01:41:43,546 [pool-83-thread-1] INFO  server.RaftServerConfigKeys (ConfUtils.java:logGet(44)) - raft.server.rpc.timeout.min = 1s (custom)
2021-08-21 01:41:43,548 [pool-83-thread-1] INFO  server.RaftServerConfigKeys (ConfUtils.java:logGet(44)) - raft.server.rpc.timeout.max = 1200ms (custom)
2021-08-21 01:41:43,549 [pool-83-thread-1] INFO  server.RaftServerConfigKeys (ConfUtils.java:logGet(44)) - raft.server.rpc.sleep.time = 25ms (default)
2021-08-21 01:41:43,549 [pool-83-thread-1] INFO  server.RaftServerConfigKeys (ConfUtils.java:logGet(44)) - raft.server.rpc.slowness.timeout = 2s (custom)
2021-08-21 01:41:43,549 [pool-83-thread-1] INFO  server.RaftServerConfigKeys (ConfUtils.java:logGet(44)) - raft.server.leaderelection.leader.step-down.wait-time = 10s (default)
2021-08-21 01:41:43,549 [pool-83-thread-1] INFO  server.RaftServerConfigKeys (ConfUtils.java:logGet(44)) - raft.server.sleep.deviation.threshold = 300ms (default)
2021-08-21 01:41:43,550 [pool-83-thread-1] INFO  server.RaftServerConfigKeys (ConfUtils.java:logGet(44)) - raft.server.log.appender.install.snapshot.enabled = false (custom)
2021-08-21 01:41:43,547 [Listener at 127.0.0.1/11930] INFO  ipc.CallQueueManager (CallQueueManager.java:<init>(90)) - Using callQueue: class java.util.concurrent.LinkedBlockingQueue, queueCapacity: 2000, scheduler: class org.apache.hadoop.ipc.DefaultRpcScheduler, ipcBackoff: false.
2021-08-21 01:41:43,557 [Socket Reader #1 for port 11936] INFO  ipc.Server (Server.java:run(1265)) - Starting Socket Reader #1 for port 11936
2021-08-21 01:41:43,557 [pool-83-thread-1] INFO  server.RaftServer$Division (ServerState.java:<init>(105)) - omNode-3@group-523986131536: ConfigurationManager, init=-1: [omNode-3|rpc:localhost:11940|priority:0, omNode-1|rpc:localhost:11928|priority:0, omNode-2|rpc:localhost:11934|priority:0], old=null, confs=<EMPTY_MAP>
2021-08-21 01:41:43,558 [pool-83-thread-1] INFO  server.RaftServerConfigKeys (ConfUtils.java:logGet(44)) - raft.server.storage.dir = [/home/runner/work/ozone/ozone/hadoop-ozone/integration-test/target/test-dir/MiniOzoneClusterImpl-ac918204-cb9e-461d-be45-7a6421e2bbc3/omNode-3/ratis] (custom)
2021-08-21 01:41:43,558 [pool-83-thread-1] INFO  server.RaftServerConfigKeys (ConfUtils.java:logGet(44)) - raft.server.log.corruption.policy = EXCEPTION (default)
2021-08-21 01:41:43,560 [pool-83-thread-1] INFO  server.RaftServerConfigKeys (ConfUtils.java:logGet(44)) - raft.server.storage.free-space.min = 0MB (=0) (default)
2021-08-21 01:41:43,560 [pool-83-thread-1] INFO  storage.RaftStorageDirectory (RaftStorageDirectoryImpl.java:analyzeStorage(135)) - The storage directory /home/runner/work/ozone/ozone/hadoop-ozone/integration-test/target/test-dir/MiniOzoneClusterImpl-ac918204-cb9e-461d-be45-7a6421e2bbc3/omNode-3/ratis/c9bc4cf4-3bc3-3c60-a66b-523986131536 does not exist. Creating ...
2021-08-21 01:41:43,581 [pool-83-thread-1] INFO  storage.RaftStorageDirectory (RaftStorageDirectoryImpl.java:tryLock(230)) - Lock on /home/runner/work/ozone/ozone/hadoop-ozone/integration-test/target/test-dir/MiniOzoneClusterImpl-ac918204-cb9e-461d-be45-7a6421e2bbc3/omNode-3/ratis/c9bc4cf4-3bc3-3c60-a66b-523986131536/in_use.lock acquired by nodename 801@fv-az148-687
2021-08-21 01:41:43,583 [pool-83-thread-1] INFO  storage.RaftStorage (RaftStorageImpl.java:format(89)) - Storage directory /home/runner/work/ozone/ozone/hadoop-ozone/integration-test/target/test-dir/MiniOzoneClusterImpl-ac918204-cb9e-461d-be45-7a6421e2bbc3/omNode-3/ratis/c9bc4cf4-3bc3-3c60-a66b-523986131536 has been successfully formatted.
2021-08-21 01:41:43,583 [pool-83-thread-1] INFO  server.RaftServerConfigKeys (ConfUtils.java:logGet(44)) - raft.server.notification.no-leader.timeout = 2s (custom)
2021-08-21 01:41:43,583 [pool-83-thread-1] INFO  server.RaftServerConfigKeys (ConfUtils.java:logGet(44)) - raft.server.log.use.memory = false (default)
2021-08-21 01:41:43,584 [pool-83-thread-1] INFO  server.RaftServerConfigKeys (ConfUtils.java:logGet(44)) - raft.server.log.purge.gap = 50 (custom)
2021-08-21 01:41:43,584 [pool-83-thread-1] INFO  server.RaftServerConfigKeys (ConfUtils.java:logGet(44)) - raft.server.log.appender.buffer.byte-limit = 33554432 (custom)
2021-08-21 01:41:43,584 [pool-83-thread-1] INFO  server.RaftServerConfigKeys (ConfUtils.java:logGet(44)) - raft.server.log.segment.size.max = 4194304 (custom)
2021-08-21 01:41:43,585 [pool-83-thread-1] INFO  server.RaftServerConfigKeys (ConfUtils.java:logGet(44)) - raft.server.log.segment.cache.num.max = 2 (custom)
2021-08-21 01:41:43,585 [pool-83-thread-1] INFO  server.RaftServerConfigKeys (ConfUtils.java:logGet(44)) - raft.server.log.segment.cache.size.max = 200MB (=209715200) (default)
2021-08-21 01:41:43,585 [pool-83-thread-1] INFO  segmented.SegmentedRaftLogWorker (SegmentedRaftLogWorker.java:<init>(182)) - new omNode-3@group-523986131536-SegmentedRaftLogWorker for RaftStorageImpl:Storage Directory /home/runner/work/ozone/ozone/hadoop-ozone/integration-test/target/test-dir/MiniOzoneClusterImpl-ac918204-cb9e-461d-be45-7a6421e2bbc3/omNode-3/ratis/c9bc4cf4-3bc3-3c60-a66b-523986131536
2021-08-21 01:41:43,585 [pool-83-thread-1] INFO  server.RaftServerConfigKeys (ConfUtils.java:logGet(44)) - raft.server.log.queue.byte-limit = 64MB (=67108864) (default)
2021-08-21 01:41:43,586 [pool-83-thread-1] INFO  server.RaftServerConfigKeys (ConfUtils.java:logGet(44)) - raft.server.log.queue.element-limit = 4096 (default)
2021-08-21 01:41:43,586 [pool-83-thread-1] INFO  server.RaftServerConfigKeys (ConfUtils.java:logGet(44)) - raft.server.log.segment.size.max = 4194304 (custom)
2021-08-21 01:41:43,586 [pool-83-thread-1] INFO  server.RaftServerConfigKeys (ConfUtils.java:logGet(44)) - raft.server.log.preallocated.size = 4194304 (custom)
2021-08-21 01:41:43,586 [pool-83-thread-1] INFO  server.RaftServerConfigKeys (ConfUtils.java:logGet(44)) - raft.server.log.force.sync.num = 128 (default)
2021-08-21 01:41:43,586 [pool-83-thread-1] INFO  server.RaftServerConfigKeys (ConfUtils.java:logGet(44)) - raft.server.log.statemachine.data.sync = true (default)
2021-08-21 01:41:43,586 [pool-83-thread-1] INFO  server.RaftServerConfigKeys (ConfUtils.java:logGet(44)) - raft.server.log.statemachine.data.sync.timeout = 10s (default)
2021-08-21 01:41:43,586 [pool-83-thread-1] INFO  server.RaftServerConfigKeys (ConfUtils.java:logGet(44)) - raft.server.log.statemachine.data.sync.timeout.retry = -1 (default)
2021-08-21 01:41:43,588 [pool-83-thread-1] INFO  server.RaftServerConfigKeys (ConfUtils.java:logGet(44)) - raft.server.log.write.buffer.size = 64KB (=65536) (default)
2021-08-21 01:41:43,588 [pool-83-thread-1] INFO  server.RaftServerConfigKeys (ConfUtils.java:logGet(44)) - raft.server.log.statemachine.data.caching.enabled = false (default)
2021-08-21 01:41:43,588 [pool-83-thread-1] INFO  segmented.SegmentedRaftLogWorker (SegmentedRaftLogWorker.java:lambda$new$0(133)) - omNode-3@group-523986131536-SegmentedRaftLogWorker: flushIndex: setUnconditionally 0 -> -1
2021-08-21 01:41:43,589 [pool-83-thread-1] INFO  segmented.SegmentedRaftLogWorker (SegmentedRaftLogWorker.java:lambda$new$0(133)) - omNode-3@group-523986131536-SegmentedRaftLogWorker: safeCacheEvictIndex: setUnconditionally 0 -> -1
2021-08-21 01:41:43,589 [pool-83-thread-1] INFO  server.RaftServerConfigKeys (ConfUtils.java:logGet(44)) - raft.server.snapshot.auto.trigger.enabled = true (custom)
2021-08-21 01:41:43,589 [pool-83-thread-1] INFO  server.RaftServerConfigKeys (ConfUtils.java:logGet(44)) - raft.server.snapshot.auto.trigger.threshold = 50 (custom)
2021-08-21 01:41:43,589 [pool-83-thread-1] INFO  server.RaftServerConfigKeys (ConfUtils.java:logGet(44)) - raft.server.snapshot.retention.file.num = -1 (default)
2021-08-21 01:41:43,589 [pool-83-thread-1] INFO  server.RaftServerConfigKeys (ConfUtils.java:logGet(44)) - raft.server.log.purge.upto.snapshot.index = true (custom)
2021-08-21 01:41:43,589 [pool-83-thread-1] INFO  server.RaftServerConfigKeys (ConfUtils.java:logGet(44)) - raft.server.retrycache.expirytime = 30000ms (custom)
2021-08-21 01:41:43,590 [pool-83-thread-1] INFO  server.RaftServerConfigKeys (ConfUtils.java:logGet(44)) - raft.server.retrycache.statistics.expirytime = 100μs (default)
2021-08-21 01:41:43,602 [Listener at 127.0.0.1/11936] INFO  om.OzoneManager (OzoneManager.java:initFSOLayout(4321)) - Configured ozone.om.metadata.layout=SIMPLE and disabled optimized OM FS operations
2021-08-21 01:41:43,603 [Listener at 127.0.0.1/11936] INFO  impl.MetricsSystemImpl (MetricsSystemImpl.java:init(158)) - OzoneManager metrics system started (again)
2021-08-21 01:41:43,640 [Listener at 127.0.0.1/11936] INFO  om.OzoneManager (OzoneManager.java:start(1270)) - OzoneManager RPC server is listening at localhost/127.0.0.1:11936
2021-08-21 01:41:43,640 [Listener at 127.0.0.1/11936] INFO  ratis.OzoneManagerRatisServer (OzoneManagerRatisServer.java:start(516)) - Starting OzoneManagerRatisServer omNode-3 at port 11940
2021-08-21 01:41:43,641 [Listener at 127.0.0.1/11936] INFO  server.RaftServer$Division (RaftServerImpl.java:start(296)) - omNode-3@group-523986131536: start as a follower, conf=-1: [omNode-3|rpc:localhost:11940|priority:0, omNode-1|rpc:localhost:11928|priority:0, omNode-2|rpc:localhost:11934|priority:0], old=null
2021-08-21 01:41:43,641 [Listener at 127.0.0.1/11936] INFO  server.RaftServer$Division (RaftServerImpl.java:setRole(285)) - omNode-3@group-523986131536: changes role from      null to FOLLOWER at term 0 for startAsFollower
2021-08-21 01:41:43,641 [Listener at 127.0.0.1/11936] INFO  impl.RoleInfo (RoleInfo.java:updateAndGet(130)) - omNode-3: start omNode-3@group-523986131536-FollowerState
2021-08-21 01:41:43,641 [Listener at 127.0.0.1/11936] INFO  util.JmxRegister (JmxRegister.java:tryRegister(44)) - Successfully registered JMX Bean with object name Ratis:service=RaftServer,group=group-523986131536,id=omNode-3
2021-08-21 01:41:43,650 [Listener at 127.0.0.1/11936] INFO  server.RaftServer (RaftServerProxy.java:lambda$start$5(374)) - omNode-3: start RPC server
2021-08-21 01:41:43,657 [Listener at 127.0.0.1/11936] INFO  server.GrpcService (GrpcService.java:startImpl(253)) - omNode-3: GrpcService started, listening on 11940
2021-08-21 01:41:43,657 [Listener at 127.0.0.1/11936] INFO  om.OzoneManager (OzoneManager.java:start(1288)) - Version File has different layout version (0) than OM DB (null). That is expected if this OM has never been finalized to a newer layout version.
2021-08-21 01:41:43,658 [org.apache.ratis.util.JvmPauseMonitor$$Lambda$536/1549433175@4667691c] INFO  util.JvmPauseMonitor (JvmPauseMonitor.java:run(103)) - JvmPauseMonitor-omNode-3: Started
2021-08-21 01:41:43,662 [Listener at 127.0.0.1/11936] INFO  http.BaseHttpServer (BaseHttpServer.java:newHttpServer2BuilderForOzone(209)) - Starting Web-server for ozoneManager at: http://0.0.0.0:11938
2021-08-21 01:41:43,662 [Listener at 127.0.0.1/11936] INFO  http.BaseHttpServer (BaseHttpServer.java:<init>(107)) - Hadoop Security Enabled: false Ozone Security Enabled: false Ozone HTTP Security Enabled: false 
2021-08-21 01:41:43,664 [Listener at 127.0.0.1/11936] INFO  server.AuthenticationFilter (AuthenticationFilter.java:constructSecretProvider(240)) - Unable to initialize FileSignerSecretProvider, falling back to use random secrets.
2021-08-21 01:41:43,677 [Listener at 127.0.0.1/11936] WARN  http.HttpRequestLog (HttpRequestLog.java:getRequestLog(103)) - Jetty request log can only be enabled using Log4j
2021-08-21 01:41:43,678 [Listener at 127.0.0.1/11936] INFO  http.HttpServer2 (HttpServer2.java:addGlobalFilter(1030)) - Added global filter 'safety' (class=org.apache.hadoop.hdds.server.http.HttpServer2$QuotingInputFilter)
2021-08-21 01:41:43,678 [Listener at 127.0.0.1/11936] INFO  http.HttpServer2 (HttpServer2.java:addFilter(1006)) - Added filter static_user_filter (class=org.apache.hadoop.http.lib.StaticUserWebFilter$StaticUserFilter) to context ozoneManager
2021-08-21 01:41:43,678 [Listener at 127.0.0.1/11936] INFO  http.HttpServer2 (HttpServer2.java:addFilter(1014)) - Added filter static_user_filter (class=org.apache.hadoop.http.lib.StaticUserWebFilter$StaticUserFilter) to context logs
2021-08-21 01:41:43,678 [Listener at 127.0.0.1/11936] INFO  http.HttpServer2 (HttpServer2.java:addFilter(1014)) - Added filter static_user_filter (class=org.apache.hadoop.http.lib.StaticUserWebFilter$StaticUserFilter) to context static
2021-08-21 01:41:43,679 [Listener at 127.0.0.1/11936] INFO  http.HttpServer2 (HttpServer2.java:bindListener(1249)) - Jetty bound to port 11938
2021-08-21 01:41:43,680 [Listener at 127.0.0.1/11936] INFO  server.Server (Server.java:doStart(375)) - jetty-9.4.43.v20210629; built: 2021-06-30T11:07:22.254Z; git: 526006ecfa3af7f1a27ef3a288e2bef7ea9dd7e8; jvm 1.8.0_292-b10
2021-08-21 01:41:43,683 [Listener at 127.0.0.1/11936] INFO  server.session (DefaultSessionIdManager.java:doStart(334)) - DefaultSessionIdManager workerName=node0
2021-08-21 01:41:43,683 [Listener at 127.0.0.1/11936] INFO  server.session (DefaultSessionIdManager.java:doStart(339)) - No SessionScavenger set, using defaults
2021-08-21 01:41:43,683 [Listener at 127.0.0.1/11936] INFO  server.session (HouseKeeper.java:startScavenging(132)) - node0 Scavenging every 600000ms
2021-08-21 01:41:43,685 [Listener at 127.0.0.1/11936] INFO  handler.ContextHandler (ContextHandler.java:doStart(915)) - Started o.e.j.s.ServletContextHandler@5b6bd7fb{logs,/logs,file:///home/runner/work/ozone/ozone/hadoop-ozone/integration-test/target/log,AVAILABLE}
2021-08-21 01:41:43,685 [Listener at 127.0.0.1/11936] INFO  handler.ContextHandler (ContextHandler.java:doStart(915)) - Started o.e.j.s.ServletContextHandler@3344f919{static,/static,file:///home/runner/work/ozone/ozone/hadoop-ozone/integration-test/target/test-classes/webapps/static,AVAILABLE}
2021-08-21 01:41:43,695 [Listener at 127.0.0.1/11936] INFO  handler.ContextHandler (ContextHandler.java:doStart(915)) - Started o.e.j.w.WebAppContext@2cce4bb0{ozoneManager,/,file:///home/runner/work/ozone/ozone/hadoop-ozone/integration-test/target/test-classes/webapps/ozoneManager/,AVAILABLE}{file:/home/runner/work/ozone/ozone/hadoop-ozone/integration-test/target/test-classes/webapps/ozoneManager}
2021-08-21 01:41:43,697 [Listener at 127.0.0.1/11936] INFO  server.AbstractConnector (AbstractConnector.java:doStart(331)) - Started ServerConnector@202c4f10{HTTP/1.1, (http/1.1)}{0.0.0.0:11938}
2021-08-21 01:41:43,697 [Listener at 127.0.0.1/11936] INFO  server.Server (Server.java:doStart(415)) - Started @7071ms
2021-08-21 01:41:43,697 [Listener at 127.0.0.1/11936] WARN  impl.MetricsSystemImpl (MetricsSystemImpl.java:register(279)) - Sink prometheus already exists!
2021-08-21 01:41:43,698 [Listener at 127.0.0.1/11936] INFO  http.BaseHttpServer (BaseHttpServer.java:updateConnectorAddress(329)) - HTTP server of ozoneManager listening at http://0.0.0.0:11938
2021-08-21 01:41:43,698 [IPC Server Responder] INFO  ipc.Server (Server.java:run(1507)) - IPC Server Responder: starting
2021-08-21 01:41:43,703 [IPC Server listener on 11936] INFO  ipc.Server (Server.java:run(1344)) - IPC Server listener on 11936: starting
2021-08-21 01:41:43,710 [Listener at 127.0.0.1/11936] INFO  om.OzoneManager (OzoneManager.java:startTrashEmptier(1531)) - Trash Interval set to 0. Files deleted will not move to trash
2021-08-21 01:41:43,711 [Listener at 127.0.0.1/11936] INFO  ozone.MiniOzoneHAClusterImpl (MiniOzoneHAClusterImpl.java:createOMService(485)) - Started OzoneManager omNode-3 RPC server at localhost/127.0.0.1:11936
2021-08-21 01:41:43,711 [org.apache.hadoop.util.JvmPauseMonitor$Monitor@3c94672] INFO  util.JvmPauseMonitor (JvmPauseMonitor.java:run(188)) - Starting JVM pause monitor
2021-08-21 01:41:43,851 [Listener at 127.0.0.1/11936] WARN  impl.MetricRegistriesImpl (MetricRegistriesImpl.java:addReporterRegistration(111)) - New reporters are added after registries were created. Some metrics will be missing from the reporter. Please add reporter before adding any new registry.
2021-08-21 01:41:43,851 [Listener at 127.0.0.1/11936] WARN  impl.MetricRegistriesImpl (MetricRegistriesImpl.java:addReporterRegistration(111)) - New reporters are added after registries were created. Some metrics will be missing from the reporter. Please add reporter before adding any new registry.
2021-08-21 01:41:43,851 [Listener at 127.0.0.1/11936] INFO  impl.MetricsSystemImpl (MetricsSystemImpl.java:init(158)) - HddsDatanode metrics system started (again)
2021-08-21 01:41:43,866 [Listener at 127.0.0.1/11936] INFO  ozone.HddsDatanodeService (HddsDatanodeService.java:start(234)) - HddsDatanodeService host:fv-az148-687 ip:10.1.0.26
2021-08-21 01:41:43,900 [Listener at 127.0.0.1/11936] INFO  upgrade.AbstractLayoutVersionManager (AbstractLayoutVersionManager.java:init(70)) - Initializing Layout version manager with metadata layout = SCM_HA (version = 2), software layout = SCM_HA (version = 2)
2021-08-21 01:41:43,949 [Listener at 127.0.0.1/11936] INFO  reflections.Reflections (Reflections.java:scan(232)) - Reflections took 47 ms to scan 7 urls, producing 120 keys and 275 values 
2021-08-21 01:41:44,002 [Listener at 127.0.0.1/11936] INFO  volume.HddsVolume (HddsVolume.java:<init>(120)) - Creating HddsVolume: /home/runner/work/ozone/ozone/hadoop-ozone/integration-test/target/test-dir/MiniOzoneClusterImpl-ac918204-cb9e-461d-be45-7a6421e2bbc3/datanode-0/data-0/containers/hdds of storage type : DISK capacity : 9223372036854775807
2021-08-21 01:41:44,004 [Listener at 127.0.0.1/11936] INFO  volume.MutableVolumeSet (MutableVolumeSet.java:initializeVolumeSet(181)) - Added Volume : /home/runner/work/ozone/ozone/hadoop-ozone/integration-test/target/test-dir/MiniOzoneClusterImpl-ac918204-cb9e-461d-be45-7a6421e2bbc3/datanode-0/data-0/containers/hdds to VolumeSet
2021-08-21 01:41:44,005 [Listener at 127.0.0.1/11936] INFO  volume.ThrottledAsyncChecker (ThrottledAsyncChecker.java:schedule(141)) - Scheduling a check for /home/runner/work/ozone/ozone/hadoop-ozone/integration-test/target/test-dir/MiniOzoneClusterImpl-ac918204-cb9e-461d-be45-7a6421e2bbc3/datanode-0/data-0/containers/hdds
2021-08-21 01:41:44,023 [Listener at 127.0.0.1/11936] INFO  volume.StorageVolumeChecker (StorageVolumeChecker.java:checkAllVolumes(202)) - Scheduled health check for volume /home/runner/work/ozone/ozone/hadoop-ozone/integration-test/target/test-dir/MiniOzoneClusterImpl-ac918204-cb9e-461d-be45-7a6421e2bbc3/datanode-0/data-0/containers/hdds
2021-08-21 01:41:44,043 [Listener at 127.0.0.1/11936] INFO  volume.MutableVolumeSet (MutableVolumeSet.java:initializeVolumeSet(181)) - Added Volume : /home/runner/work/ozone/ozone/hadoop-ozone/integration-test/target/test-dir/MiniOzoneClusterImpl-ac918204-cb9e-461d-be45-7a6421e2bbc3/datanode-0/data/ratis to VolumeSet
2021-08-21 01:41:44,043 [Listener at 127.0.0.1/11936] INFO  volume.ThrottledAsyncChecker (ThrottledAsyncChecker.java:schedule(141)) - Scheduling a check for /home/runner/work/ozone/ozone/hadoop-ozone/integration-test/target/test-dir/MiniOzoneClusterImpl-ac918204-cb9e-461d-be45-7a6421e2bbc3/datanode-0/data/ratis
2021-08-21 01:41:44,043 [Listener at 127.0.0.1/11936] INFO  volume.StorageVolumeChecker (StorageVolumeChecker.java:checkAllVolumes(202)) - Scheduled health check for volume /home/runner/work/ozone/ozone/hadoop-ozone/integration-test/target/test-dir/MiniOzoneClusterImpl-ac918204-cb9e-461d-be45-7a6421e2bbc3/datanode-0/data/ratis
2021-08-21 01:41:44,048 [omNode-1@group-523986131536-FollowerState] INFO  impl.FollowerState (FollowerState.java:run(134)) - omNode-1@group-523986131536-FollowerState: change to CANDIDATE, lastRpcElapsedTime:1184248871ns, electionTimeout:1175ms
2021-08-21 01:41:44,049 [omNode-1@group-523986131536-FollowerState] INFO  impl.RoleInfo (RoleInfo.java:shutdownFollowerState(108)) - omNode-1: shutdown omNode-1@group-523986131536-FollowerState
2021-08-21 01:41:44,049 [omNode-1@group-523986131536-FollowerState] INFO  server.RaftServer$Division (RaftServerImpl.java:setRole(285)) - omNode-1@group-523986131536: changes role from  FOLLOWER to CANDIDATE at term 0 for changeToCandidate
2021-08-21 01:41:44,051 [omNode-1@group-523986131536-FollowerState] INFO  server.RaftServerConfigKeys (ConfUtils.java:logGet(44)) - raft.server.leaderelection.pre-vote = false (custom)
2021-08-21 01:41:44,052 [omNode-1@group-523986131536-FollowerState] INFO  impl.RoleInfo (RoleInfo.java:updateAndGet(130)) - omNode-1: start omNode-1@group-523986131536-LeaderElection1
2021-08-21 01:41:44,074 [Listener at 127.0.0.1/11936] INFO  ozoneimpl.ContainerReader (ContainerReader.java:<init>(98)) - Running in upgrade mode:true
2021-08-21 01:41:44,075 [Thread-213] INFO  ozoneimpl.ContainerReader (ContainerReader.java:readVolume(142)) - Start to verify containers on volume /home/runner/work/ozone/ozone/hadoop-ozone/integration-test/target/test-dir/MiniOzoneClusterImpl-ac918204-cb9e-461d-be45-7a6421e2bbc3/datanode-0/data-0/containers/hdds
2021-08-21 01:41:44,075 [Thread-213] INFO  ozoneimpl.ContainerReader (ContainerReader.java:readVolume(174)) - Finish verifying containers on volume /home/runner/work/ozone/ozone/hadoop-ozone/integration-test/target/test-dir/MiniOzoneClusterImpl-ac918204-cb9e-461d-be45-7a6421e2bbc3/datanode-0/data-0/containers/hdds
2021-08-21 01:41:44,075 [Listener at 127.0.0.1/11936] INFO  ozoneimpl.OzoneContainer (OzoneContainer.java:buildContainerSet(237)) - Build ContainerSet costs 0s
2021-08-21 01:41:44,076 [omNode-1@group-523986131536-LeaderElection1] INFO  impl.LeaderElection (LeaderElection.java:askForVotes(306)) - omNode-1@group-523986131536-LeaderElection1 ELECTION round 0: submit vote requests at term 1 for -1: [omNode-3|rpc:localhost:11940|priority:0, omNode-1|rpc:localhost:11928|priority:0, omNode-2|rpc:localhost:11934|priority:0], old=null
2021-08-21 01:41:44,295 [omNode-2@group-523986131536-FollowerState] INFO  impl.FollowerState (FollowerState.java:run(134)) - omNode-2@group-523986131536-FollowerState: change to CANDIDATE, lastRpcElapsedTime:1010626275ns, electionTimeout:1010ms
2021-08-21 01:41:44,299 [omNode-2@group-523986131536-FollowerState] INFO  impl.RoleInfo (RoleInfo.java:shutdownFollowerState(108)) - omNode-2: shutdown omNode-2@group-523986131536-FollowerState
2021-08-21 01:41:44,299 [omNode-2@group-523986131536-FollowerState] INFO  server.RaftServer$Division (RaftServerImpl.java:setRole(285)) - omNode-2@group-523986131536: changes role from  FOLLOWER to CANDIDATE at term 0 for changeToCandidate
2021-08-21 01:41:44,299 [omNode-2@group-523986131536-FollowerState] INFO  server.RaftServerConfigKeys (ConfUtils.java:logGet(44)) - raft.server.leaderelection.pre-vote = false (custom)
2021-08-21 01:41:44,300 [omNode-2@group-523986131536-FollowerState] INFO  impl.RoleInfo (RoleInfo.java:updateAndGet(130)) - omNode-2: start omNode-2@group-523986131536-LeaderElection2
2021-08-21 01:41:44,327 [Listener at 127.0.0.1/11936] INFO  server.RaftServer (ConfUtils.java:logGet(44)) - raft.rpc.type = GRPC (default)
2021-08-21 01:41:44,327 [Listener at 127.0.0.1/11936] INFO  grpc.GrpcFactory (GrpcFactory.java:checkPooledByteBufAllocatorUseCacheForAllThreads(48)) - PERFORMANCE WARNING: useCacheForAllThreads is true that may cause Netty to create a lot garbage objects and, as a result, trigger GC.
	It is recommended to disable useCacheForAllThreads by setting -Dorg.apache.ratis.thirdparty.io.netty.allocator.useCacheForAllThreads=false in command line.
2021-08-21 01:41:44,327 [Listener at 127.0.0.1/11936] INFO  grpc.GrpcConfigKeys (ConfUtils.java:logGet(44)) - raft.grpc.admin.port = 0 (custom)
2021-08-21 01:41:44,327 [Listener at 127.0.0.1/11936] INFO  grpc.GrpcConfigKeys (ConfUtils.java:logGet(44)) - raft.grpc.client.port = 0 (custom)
2021-08-21 01:41:44,327 [Listener at 127.0.0.1/11936] INFO  grpc.GrpcConfigKeys (ConfUtils.java:logGet(44)) - raft.grpc.server.port = 0 (default)
2021-08-21 01:41:44,328 [Listener at 127.0.0.1/11936] INFO  server.GrpcService (ConfUtils.java:logGet(44)) - raft.grpc.message.size.max = 32MB (=33554432) (custom)
2021-08-21 01:41:44,328 [Listener at 127.0.0.1/11936] INFO  server.RaftServerConfigKeys (ConfUtils.java:logGet(44)) - raft.server.log.appender.buffer.byte-limit = 33554432 (custom)
2021-08-21 01:41:44,328 [Listener at 127.0.0.1/11936] INFO  server.GrpcService (ConfUtils.java:logGet(44)) - raft.grpc.flow.control.window = 5MB (=5242880) (custom)
2021-08-21 01:41:44,337 [Listener at 127.0.0.1/11936] INFO  server.RaftServerConfigKeys (ConfUtils.java:logGet(44)) - raft.server.rpc.request.timeout = 60s (custom)
2021-08-21 01:41:44,326 [omNode-2@group-523986131536-LeaderElection2] INFO  impl.LeaderElection (LeaderElection.java:askForVotes(306)) - omNode-2@group-523986131536-LeaderElection2 ELECTION round 0: submit vote requests at term 1 for -1: [omNode-3|rpc:localhost:11940|priority:0, omNode-1|rpc:localhost:11928|priority:0, omNode-2|rpc:localhost:11934|priority:0], old=null
2021-08-21 01:41:44,340 [Listener at 127.0.0.1/11936] INFO  impl.DataStreamServerImpl (ConfUtils.java:logGet(44)) - raft.datastream.type = DISABLED (default)
2021-08-21 01:41:44,340 [Listener at 127.0.0.1/11936] INFO  server.RaftServerConfigKeys (ConfUtils.java:logGet(44)) - raft.server.rpc.slowness.timeout = 300s (custom)
2021-08-21 01:41:44,341 [Listener at 127.0.0.1/11936] INFO  server.RaftServerConfigKeys (ConfUtils.java:logGet(44)) - raft.server.leaderelection.leader.step-down.wait-time = 10s (default)
2021-08-21 01:41:44,341 [Listener at 127.0.0.1/11936] INFO  server.RaftServerConfigKeys (ConfUtils.java:logGet(44)) - raft.server.storage.dir = [/home/runner/work/ozone/ozone/hadoop-ozone/integration-test/target/test-dir/MiniOzoneClusterImpl-ac918204-cb9e-461d-be45-7a6421e2bbc3/datanode-0/data/ratis] (custom)
2021-08-21 01:41:44,503 [Listener at 127.0.0.1/11936] INFO  http.BaseHttpServer (BaseHttpServer.java:newHttpServer2BuilderForOzone(209)) - Starting Web-server for hddsDatanode at: http://0.0.0.0:0
2021-08-21 01:41:44,503 [Listener at 127.0.0.1/11936] INFO  http.BaseHttpServer (BaseHttpServer.java:<init>(107)) - Hadoop Security Enabled: false Ozone Security Enabled: false Ozone HTTP Security Enabled: false 
2021-08-21 01:41:44,505 [Listener at 127.0.0.1/11936] INFO  server.AuthenticationFilter (AuthenticationFilter.java:constructSecretProvider(240)) - Unable to initialize FileSignerSecretProvider, falling back to use random secrets.
2021-08-21 01:41:44,506 [Listener at 127.0.0.1/11936] WARN  http.HttpRequestLog (HttpRequestLog.java:getRequestLog(103)) - Jetty request log can only be enabled using Log4j
2021-08-21 01:41:44,507 [Listener at 127.0.0.1/11936] INFO  http.HttpServer2 (HttpServer2.java:addGlobalFilter(1030)) - Added global filter 'safety' (class=org.apache.hadoop.hdds.server.http.HttpServer2$QuotingInputFilter)
2021-08-21 01:41:44,508 [Listener at 127.0.0.1/11936] INFO  http.HttpServer2 (HttpServer2.java:addFilter(1006)) - Added filter static_user_filter (class=org.apache.hadoop.http.lib.StaticUserWebFilter$StaticUserFilter) to context hddsDatanode
2021-08-21 01:41:44,508 [Listener at 127.0.0.1/11936] INFO  http.HttpServer2 (HttpServer2.java:addFilter(1014)) - Added filter static_user_filter (class=org.apache.hadoop.http.lib.StaticUserWebFilter$StaticUserFilter) to context static
2021-08-21 01:41:44,508 [Listener at 127.0.0.1/11936] INFO  http.HttpServer2 (HttpServer2.java:addFilter(1014)) - Added filter static_user_filter (class=org.apache.hadoop.http.lib.StaticUserWebFilter$StaticUserFilter) to context logs
2021-08-21 01:41:44,510 [Listener at 127.0.0.1/11936] INFO  http.HttpServer2 (HttpServer2.java:bindListener(1249)) - Jetty bound to port 34729
2021-08-21 01:41:44,511 [Listener at 127.0.0.1/11936] INFO  server.Server (Server.java:doStart(375)) - jetty-9.4.43.v20210629; built: 2021-06-30T11:07:22.254Z; git: 526006ecfa3af7f1a27ef3a288e2bef7ea9dd7e8; jvm 1.8.0_292-b10
2021-08-21 01:41:44,593 [Listener at 127.0.0.1/11936] INFO  server.session (DefaultSessionIdManager.java:doStart(334)) - DefaultSessionIdManager workerName=node0
2021-08-21 01:41:44,594 [Listener at 127.0.0.1/11936] INFO  server.session (DefaultSessionIdManager.java:doStart(339)) - No SessionScavenger set, using defaults
2021-08-21 01:41:44,594 [Listener at 127.0.0.1/11936] INFO  server.session (HouseKeeper.java:startScavenging(132)) - node0 Scavenging every 660000ms
2021-08-21 01:41:44,595 [Listener at 127.0.0.1/11936] INFO  handler.ContextHandler (ContextHandler.java:doStart(915)) - Started o.e.j.s.ServletContextHandler@7ff2380a{logs,/logs,file:///home/runner/work/ozone/ozone/hadoop-ozone/integration-test/target/log,AVAILABLE}
2021-08-21 01:41:44,595 [Listener at 127.0.0.1/11936] INFO  handler.ContextHandler (ContextHandler.java:doStart(915)) - Started o.e.j.s.ServletContextHandler@4d5026b1{static,/static,jar:file:/home/runner/.m2/repository/org/apache/ozone/hdds-container-service/1.2.0-SNAPSHOT/hdds-container-service-1.2.0-SNAPSHOT.jar!/webapps/static,AVAILABLE}
2021-08-21 01:41:44,740 [Listener at 127.0.0.1/11936] INFO  handler.ContextHandler (ContextHandler.java:doStart(915)) - Started o.e.j.w.WebAppContext@56b847d8{hddsDatanode,/,file:///tmp/jetty-0_0_0_0-34729-hdds-container-service-1_2_0-SNAPSHOT_jar-_-any-2238057680270783862/webapp/,AVAILABLE}{jar:file:/home/runner/.m2/repository/org/apache/ozone/hdds-container-service/1.2.0-SNAPSHOT/hdds-container-service-1.2.0-SNAPSHOT.jar!/webapps/hddsDatanode}
2021-08-21 01:41:44,745 [Listener at 127.0.0.1/11936] INFO  server.AbstractConnector (AbstractConnector.java:doStart(331)) - Started ServerConnector@76a893c1{HTTP/1.1, (http/1.1)}{0.0.0.0:34729}
2021-08-21 01:41:44,745 [Listener at 127.0.0.1/11936] INFO  server.Server (Server.java:doStart(415)) - Started @8119ms
2021-08-21 01:41:44,750 [Listener at 127.0.0.1/11936] WARN  impl.MetricsSystemImpl (MetricsSystemImpl.java:register(279)) - Sink prometheus already exists!
2021-08-21 01:41:44,752 [Listener at 127.0.0.1/11936] INFO  http.BaseHttpServer (BaseHttpServer.java:updateConnectorAddress(329)) - HTTP server of hddsDatanode listening at http://0.0.0.0:34729
2021-08-21 01:41:44,765 [Listener at 127.0.0.1/11936] WARN  impl.MetricRegistriesImpl (MetricRegistriesImpl.java:addReporterRegistration(111)) - New reporters are added after registries were created. Some metrics will be missing from the reporter. Please add reporter before adding any new registry.
2021-08-21 01:41:44,766 [Listener at 127.0.0.1/11936] WARN  impl.MetricRegistriesImpl (MetricRegistriesImpl.java:addReporterRegistration(111)) - New reporters are added after registries were created. Some metrics will be missing from the reporter. Please add reporter before adding any new registry.
2021-08-21 01:41:44,770 [Listener at 127.0.0.1/11936] INFO  impl.MetricsSystemImpl (MetricsSystemImpl.java:init(158)) - HddsDatanode metrics system started (again)
2021-08-21 01:41:44,810 [org.apache.hadoop.util.JvmPauseMonitor$Monitor@5989f30b] INFO  util.JvmPauseMonitor (JvmPauseMonitor.java:run(188)) - Starting JVM pause monitor
2021-08-21 01:41:44,816 [Listener at 127.0.0.1/11936] INFO  ozone.HddsDatanodeService (HddsDatanodeService.java:start(234)) - HddsDatanodeService host:fv-az148-687 ip:10.1.0.26
2021-08-21 01:41:44,835 [omNode-3@group-523986131536-FollowerState] INFO  impl.FollowerState (FollowerState.java:run(134)) - omNode-3@group-523986131536-FollowerState: change to CANDIDATE, lastRpcElapsedTime:1193942732ns, electionTimeout:1193ms
2021-08-21 01:41:44,835 [omNode-3@group-523986131536-FollowerState] INFO  impl.RoleInfo (RoleInfo.java:shutdownFollowerState(108)) - omNode-3: shutdown omNode-3@group-523986131536-FollowerState
2021-08-21 01:41:44,835 [omNode-3@group-523986131536-FollowerState] INFO  server.RaftServer$Division (RaftServerImpl.java:setRole(285)) - omNode-3@group-523986131536: changes role from  FOLLOWER to CANDIDATE at term 0 for changeToCandidate
2021-08-21 01:41:44,835 [omNode-3@group-523986131536-FollowerState] INFO  server.RaftServerConfigKeys (ConfUtils.java:logGet(44)) - raft.server.leaderelection.pre-vote = false (custom)
2021-08-21 01:41:44,835 [omNode-3@group-523986131536-FollowerState] INFO  impl.RoleInfo (RoleInfo.java:updateAndGet(130)) - omNode-3: start omNode-3@group-523986131536-LeaderElection3
2021-08-21 01:41:44,856 [omNode-3@group-523986131536-LeaderElection3] INFO  impl.LeaderElection (LeaderElection.java:askForVotes(306)) - omNode-3@group-523986131536-LeaderElection3 ELECTION round 0: submit vote requests at term 1 for -1: [omNode-3|rpc:localhost:11940|priority:0, omNode-1|rpc:localhost:11928|priority:0, omNode-2|rpc:localhost:11934|priority:0], old=null
2021-08-21 01:41:44,877 [Listener at 127.0.0.1/11936] INFO  upgrade.AbstractLayoutVersionManager (AbstractLayoutVersionManager.java:init(70)) - Initializing Layout version manager with metadata layout = SCM_HA (version = 2), software layout = SCM_HA (version = 2)
2021-08-21 01:41:44,978 [grpc-default-executor-0] INFO  server.RaftServer$Division (RaftServerImpl.java:requestVote(1043)) - omNode-3@group-523986131536: receive requestVote(ELECTION, omNode-2, group-523986131536, 1, (t:0, i:~))
2021-08-21 01:41:44,979 [grpc-default-executor-3] INFO  server.RaftServer$Division (RaftServerImpl.java:requestVote(1043)) - omNode-2@group-523986131536: receive requestVote(ELECTION, omNode-1, group-523986131536, 1, (t:0, i:~))
2021-08-21 01:41:44,981 [grpc-default-executor-1] INFO  server.RaftServer$Division (RaftServerImpl.java:requestVote(1043)) - omNode-1@group-523986131536: receive requestVote(ELECTION, omNode-2, group-523986131536, 1, (t:0, i:~))
2021-08-21 01:41:44,981 [grpc-default-executor-2] INFO  server.RaftServer$Division (RaftServerImpl.java:requestVote(1043)) - omNode-3@group-523986131536: receive requestVote(ELECTION, omNode-1, group-523986131536, 1, (t:0, i:~))
2021-08-21 01:41:44,992 [grpc-default-executor-3] INFO  impl.VoteContext (VoteContext.java:log(48)) - omNode-2@group-523986131536-CANDIDATE: reject ELECTION from omNode-1: already has voted for omNode-2 at current term 1
2021-08-21 01:41:45,000 [Listener at 127.0.0.1/11936] INFO  reflections.Reflections (Reflections.java:scan(232)) - Reflections took 122 ms to scan 7 urls, producing 120 keys and 275 values 
2021-08-21 01:41:45,005 [grpc-default-executor-3] INFO  server.RaftServer$Division (RaftServerImpl.java:requestVote(1075)) - omNode-2@group-523986131536 replies to ELECTION vote request: omNode-1<-omNode-2#0:FAIL-t1. Peer's state: omNode-2@group-523986131536:t1, leader=null, voted=omNode-2, raftlog=omNode-2@group-523986131536-SegmentedRaftLog:OPENED:c-1,f-1,i0, conf=-1: [omNode-3|rpc:localhost:11940|priority:0, omNode-1|rpc:localhost:11928|priority:0, omNode-2|rpc:localhost:11934|priority:0], old=null
2021-08-21 01:41:45,015 [Datanode State Machine Task Thread - 0] INFO  datanode.InitDatanodeState (InitDatanodeState.java:persistContainerDatanodeDetails(145)) - DatanodeDetails is persisted to /home/runner/work/ozone/ozone/hadoop-ozone/integration-test/target/test-dir/MiniOzoneClusterImpl-ac918204-cb9e-461d-be45-7a6421e2bbc3/datanode-0/meta/datanode.id
2021-08-21 01:41:44,998 [grpc-default-executor-0] INFO  impl.VoteContext (VoteContext.java:log(48)) - omNode-3@group-523986131536-CANDIDATE: reject ELECTION from omNode-2: already has voted for omNode-3 at current term 1
2021-08-21 01:41:45,026 [grpc-default-executor-0] INFO  server.RaftServer$Division (RaftServerImpl.java:requestVote(1075)) - omNode-3@group-523986131536 replies to ELECTION vote request: omNode-2<-omNode-3#0:FAIL-t1. Peer's state: omNode-3@group-523986131536:t1, leader=null, voted=omNode-3, raftlog=omNode-3@group-523986131536-SegmentedRaftLog:OPENED:c-1,f-1,i0, conf=-1: [omNode-3|rpc:localhost:11940|priority:0, omNode-1|rpc:localhost:11928|priority:0, omNode-2|rpc:localhost:11934|priority:0], old=null
2021-08-21 01:41:45,027 [grpc-default-executor-2] INFO  impl.VoteContext (VoteContext.java:log(48)) - omNode-3@group-523986131536-CANDIDATE: reject ELECTION from omNode-1: already has voted for omNode-3 at current term 1
2021-08-21 01:41:45,027 [grpc-default-executor-2] INFO  server.RaftServer$Division (RaftServerImpl.java:requestVote(1075)) - omNode-3@group-523986131536 replies to ELECTION vote request: omNode-1<-omNode-3#0:FAIL-t1. Peer's state: omNode-3@group-523986131536:t1, leader=null, voted=omNode-3, raftlog=omNode-3@group-523986131536-SegmentedRaftLog:OPENED:c-1,f-1,i0, conf=-1: [omNode-3|rpc:localhost:11940|priority:0, omNode-1|rpc:localhost:11928|priority:0, omNode-2|rpc:localhost:11934|priority:0], old=null
2021-08-21 01:41:44,996 [grpc-default-executor-1] INFO  impl.VoteContext (VoteContext.java:log(48)) - omNode-1@group-523986131536-CANDIDATE: reject ELECTION from omNode-2: already has voted for omNode-1 at current term 1
2021-08-21 01:41:45,028 [grpc-default-executor-1] INFO  server.RaftServer$Division (RaftServerImpl.java:requestVote(1075)) - omNode-1@group-523986131536 replies to ELECTION vote request: omNode-2<-omNode-1#0:FAIL-t1. Peer's state: omNode-1@group-523986131536:t1, leader=null, voted=omNode-1, raftlog=omNode-1@group-523986131536-SegmentedRaftLog:OPENED:c-1,f-1,i0, conf=-1: [omNode-3|rpc:localhost:11940|priority:0, omNode-1|rpc:localhost:11928|priority:0, omNode-2|rpc:localhost:11934|priority:0], old=null
2021-08-21 01:41:45,029 [Listener at 127.0.0.1/11936] INFO  volume.HddsVolume (HddsVolume.java:<init>(120)) - Creating HddsVolume: /home/runner/work/ozone/ozone/hadoop-ozone/integration-test/target/test-dir/MiniOzoneClusterImpl-ac918204-cb9e-461d-be45-7a6421e2bbc3/datanode-1/data-0/containers/hdds of storage type : DISK capacity : 9223372036854775807
2021-08-21 01:41:45,030 [Listener at 127.0.0.1/11936] INFO  volume.MutableVolumeSet (MutableVolumeSet.java:initializeVolumeSet(181)) - Added Volume : /home/runner/work/ozone/ozone/hadoop-ozone/integration-test/target/test-dir/MiniOzoneClusterImpl-ac918204-cb9e-461d-be45-7a6421e2bbc3/datanode-1/data-0/containers/hdds to VolumeSet
2021-08-21 01:41:45,030 [Listener at 127.0.0.1/11936] INFO  volume.ThrottledAsyncChecker (ThrottledAsyncChecker.java:schedule(141)) - Scheduling a check for /home/runner/work/ozone/ozone/hadoop-ozone/integration-test/target/test-dir/MiniOzoneClusterImpl-ac918204-cb9e-461d-be45-7a6421e2bbc3/datanode-1/data-0/containers/hdds
2021-08-21 01:41:45,051 [Listener at 127.0.0.1/11936] INFO  volume.StorageVolumeChecker (StorageVolumeChecker.java:checkAllVolumes(202)) - Scheduled health check for volume /home/runner/work/ozone/ozone/hadoop-ozone/integration-test/target/test-dir/MiniOzoneClusterImpl-ac918204-cb9e-461d-be45-7a6421e2bbc3/datanode-1/data-0/containers/hdds
2021-08-21 01:41:45,060 [grpc-default-executor-2] INFO  server.RaftServer$Division (RaftServerImpl.java:requestVote(1043)) - omNode-2@group-523986131536: receive requestVote(ELECTION, omNode-3, group-523986131536, 1, (t:0, i:~))
2021-08-21 01:41:45,060 [omNode-1@group-523986131536-LeaderElection1] INFO  impl.LeaderElection (LeaderElection.java:logAndReturn(89)) - omNode-1@group-523986131536-LeaderElection1: ELECTION REJECTED received 2 response(s) and 0 exception(s):
2021-08-21 01:41:45,060 [omNode-2@group-523986131536-LeaderElection2] INFO  impl.LeaderElection (LeaderElection.java:logAndReturn(89)) - omNode-2@group-523986131536-LeaderElection2: ELECTION REJECTED received 2 response(s) and 0 exception(s):
2021-08-21 01:41:45,060 [omNode-2@group-523986131536-LeaderElection2] INFO  impl.LeaderElection (LeaderElection.java:logAndReturn(93)) -   Response 0: omNode-2<-omNode-3#0:FAIL-t1
2021-08-21 01:41:45,060 [omNode-2@group-523986131536-LeaderElection2] INFO  impl.LeaderElection (LeaderElection.java:logAndReturn(93)) -   Response 1: omNode-2<-omNode-1#0:FAIL-t1
2021-08-21 01:41:45,060 [omNode-2@group-523986131536-LeaderElection2] INFO  impl.LeaderElection (LeaderElection.java:askForVotes(308)) - omNode-2@group-523986131536-LeaderElection2 ELECTION round 0: result REJECTED
2021-08-21 01:41:45,060 [grpc-default-executor-2] INFO  impl.VoteContext (VoteContext.java:log(48)) - omNode-2@group-523986131536-CANDIDATE: reject ELECTION from omNode-3: already has voted for omNode-2 at current term 1
2021-08-21 01:41:45,061 [grpc-default-executor-2] INFO  server.RaftServer$Division (RaftServerImpl.java:requestVote(1075)) - omNode-2@group-523986131536 replies to ELECTION vote request: omNode-3<-omNode-2#0:FAIL-t1. Peer's state: omNode-2@group-523986131536:t1, leader=null, voted=omNode-2, raftlog=omNode-2@group-523986131536-SegmentedRaftLog:OPENED:c-1,f-1,i0, conf=-1: [omNode-3|rpc:localhost:11940|priority:0, omNode-1|rpc:localhost:11928|priority:0, omNode-2|rpc:localhost:11934|priority:0], old=null
2021-08-21 01:41:45,061 [grpc-default-executor-3] INFO  server.RaftServer$Division (RaftServerImpl.java:requestVote(1043)) - omNode-1@group-523986131536: receive requestVote(ELECTION, omNode-3, group-523986131536, 1, (t:0, i:~))
2021-08-21 01:41:45,061 [grpc-default-executor-3] INFO  impl.VoteContext (VoteContext.java:log(48)) - omNode-1@group-523986131536-CANDIDATE: reject ELECTION from omNode-3: already has voted for omNode-1 at current term 1
2021-08-21 01:41:45,061 [grpc-default-executor-3] INFO  server.RaftServer$Division (RaftServerImpl.java:requestVote(1075)) - omNode-1@group-523986131536 replies to ELECTION vote request: omNode-3<-omNode-1#0:FAIL-t1. Peer's state: omNode-1@group-523986131536:t1, leader=null, voted=omNode-1, raftlog=omNode-1@group-523986131536-SegmentedRaftLog:OPENED:c-1,f-1,i0, conf=-1: [omNode-3|rpc:localhost:11940|priority:0, omNode-1|rpc:localhost:11928|priority:0, omNode-2|rpc:localhost:11934|priority:0], old=null
2021-08-21 01:41:45,060 [omNode-1@group-523986131536-LeaderElection1] INFO  impl.LeaderElection (LeaderElection.java:logAndReturn(93)) -   Response 0: omNode-1<-omNode-3#0:FAIL-t1
2021-08-21 01:41:45,061 [omNode-1@group-523986131536-LeaderElection1] INFO  impl.LeaderElection (LeaderElection.java:logAndReturn(93)) -   Response 1: omNode-1<-omNode-2#0:FAIL-t1
2021-08-21 01:41:45,061 [omNode-1@group-523986131536-LeaderElection1] INFO  impl.LeaderElection (LeaderElection.java:askForVotes(308)) - omNode-1@group-523986131536-LeaderElection1 ELECTION round 0: result REJECTED
2021-08-21 01:41:45,061 [omNode-2@group-523986131536-LeaderElection2] INFO  server.RaftServer$Division (RaftServerImpl.java:setRole(285)) - omNode-2@group-523986131536: changes role from CANDIDATE to FOLLOWER at term 1 for REJECTED
2021-08-21 01:41:45,061 [omNode-1@group-523986131536-LeaderElection1] INFO  server.RaftServer$Division (RaftServerImpl.java:setRole(285)) - omNode-1@group-523986131536: changes role from CANDIDATE to FOLLOWER at term 1 for REJECTED
2021-08-21 01:41:45,062 [omNode-1@group-523986131536-LeaderElection1] INFO  impl.RoleInfo (RoleInfo.java:shutdownLeaderElection(121)) - omNode-1: shutdown omNode-1@group-523986131536-LeaderElection1
2021-08-21 01:41:45,061 [omNode-2@group-523986131536-LeaderElection2] INFO  impl.RoleInfo (RoleInfo.java:shutdownLeaderElection(121)) - omNode-2: shutdown omNode-2@group-523986131536-LeaderElection2
2021-08-21 01:41:45,062 [omNode-2@group-523986131536-LeaderElection2] INFO  impl.RoleInfo (RoleInfo.java:updateAndGet(130)) - omNode-2: start omNode-2@group-523986131536-FollowerState
2021-08-21 01:41:45,062 [omNode-1@group-523986131536-LeaderElection1] INFO  impl.RoleInfo (RoleInfo.java:updateAndGet(130)) - omNode-1: start omNode-1@group-523986131536-FollowerState
2021-08-21 01:41:45,076 [omNode-3@group-523986131536-LeaderElection3] INFO  impl.LeaderElection (LeaderElection.java:logAndReturn(89)) - omNode-3@group-523986131536-LeaderElection3: ELECTION REJECTED received 2 response(s) and 0 exception(s):
2021-08-21 01:41:45,076 [omNode-3@group-523986131536-LeaderElection3] INFO  impl.LeaderElection (LeaderElection.java:logAndReturn(93)) -   Response 0: omNode-3<-omNode-1#0:FAIL-t1
2021-08-21 01:41:45,076 [omNode-3@group-523986131536-LeaderElection3] INFO  impl.LeaderElection (LeaderElection.java:logAndReturn(93)) -   Response 1: omNode-3<-omNode-2#0:FAIL-t1
2021-08-21 01:41:45,076 [omNode-3@group-523986131536-LeaderElection3] INFO  impl.LeaderElection (LeaderElection.java:askForVotes(308)) - omNode-3@group-523986131536-LeaderElection3 ELECTION round 0: result REJECTED
2021-08-21 01:41:45,076 [omNode-3@group-523986131536-LeaderElection3] INFO  server.RaftServer$Division (RaftServerImpl.java:setRole(285)) - omNode-3@group-523986131536: changes role from CANDIDATE to FOLLOWER at term 1 for REJECTED
2021-08-21 01:41:45,077 [omNode-3@group-523986131536-LeaderElection3] INFO  impl.RoleInfo (RoleInfo.java:shutdownLeaderElection(121)) - omNode-3: shutdown omNode-3@group-523986131536-LeaderElection3
2021-08-21 01:41:45,077 [omNode-3@group-523986131536-LeaderElection3] INFO  impl.RoleInfo (RoleInfo.java:updateAndGet(130)) - omNode-3: start omNode-3@group-523986131536-FollowerState
2021-08-21 01:41:45,078 [Listener at 127.0.0.1/11936] INFO  volume.MutableVolumeSet (MutableVolumeSet.java:initializeVolumeSet(181)) - Added Volume : /home/runner/work/ozone/ozone/hadoop-ozone/integration-test/target/test-dir/MiniOzoneClusterImpl-ac918204-cb9e-461d-be45-7a6421e2bbc3/datanode-1/data/ratis to VolumeSet
2021-08-21 01:41:45,078 [Listener at 127.0.0.1/11936] INFO  volume.ThrottledAsyncChecker (ThrottledAsyncChecker.java:schedule(141)) - Scheduling a check for /home/runner/work/ozone/ozone/hadoop-ozone/integration-test/target/test-dir/MiniOzoneClusterImpl-ac918204-cb9e-461d-be45-7a6421e2bbc3/datanode-1/data/ratis
2021-08-21 01:41:45,079 [Listener at 127.0.0.1/11936] INFO  volume.StorageVolumeChecker (StorageVolumeChecker.java:checkAllVolumes(202)) - Scheduled health check for volume /home/runner/work/ozone/ozone/hadoop-ozone/integration-test/target/test-dir/MiniOzoneClusterImpl-ac918204-cb9e-461d-be45-7a6421e2bbc3/datanode-1/data/ratis
2021-08-21 01:41:45,092 [Listener at 127.0.0.1/11936] INFO  ozoneimpl.ContainerReader (ContainerReader.java:<init>(98)) - Running in upgrade mode:true
2021-08-21 01:41:45,093 [Thread-236] INFO  ozoneimpl.ContainerReader (ContainerReader.java:readVolume(142)) - Start to verify containers on volume /home/runner/work/ozone/ozone/hadoop-ozone/integration-test/target/test-dir/MiniOzoneClusterImpl-ac918204-cb9e-461d-be45-7a6421e2bbc3/datanode-1/data-0/containers/hdds
2021-08-21 01:41:45,093 [Thread-236] INFO  ozoneimpl.ContainerReader (ContainerReader.java:readVolume(174)) - Finish verifying containers on volume /home/runner/work/ozone/ozone/hadoop-ozone/integration-test/target/test-dir/MiniOzoneClusterImpl-ac918204-cb9e-461d-be45-7a6421e2bbc3/datanode-1/data-0/containers/hdds
2021-08-21 01:41:45,093 [Listener at 127.0.0.1/11936] INFO  ozoneimpl.OzoneContainer (OzoneContainer.java:buildContainerSet(237)) - Build ContainerSet costs 0s
2021-08-21 01:41:45,096 [Listener at 127.0.0.1/11936] INFO  server.RaftServer (ConfUtils.java:logGet(44)) - raft.rpc.type = GRPC (default)
2021-08-21 01:41:45,096 [Listener at 127.0.0.1/11936] INFO  grpc.GrpcFactory (GrpcFactory.java:checkPooledByteBufAllocatorUseCacheForAllThreads(48)) - PERFORMANCE WARNING: useCacheForAllThreads is true that may cause Netty to create a lot garbage objects and, as a result, trigger GC.
	It is recommended to disable useCacheForAllThreads by setting -Dorg.apache.ratis.thirdparty.io.netty.allocator.useCacheForAllThreads=false in command line.
2021-08-21 01:41:45,096 [Listener at 127.0.0.1/11936] INFO  grpc.GrpcConfigKeys (ConfUtils.java:logGet(44)) - raft.grpc.admin.port = 0 (custom)
2021-08-21 01:41:45,097 [Listener at 127.0.0.1/11936] INFO  grpc.GrpcConfigKeys (ConfUtils.java:logGet(44)) - raft.grpc.client.port = 0 (custom)
2021-08-21 01:41:45,097 [Listener at 127.0.0.1/11936] INFO  grpc.GrpcConfigKeys (ConfUtils.java:logGet(44)) - raft.grpc.server.port = 0 (default)
2021-08-21 01:41:45,097 [Listener at 127.0.0.1/11936] INFO  server.GrpcService (ConfUtils.java:logGet(44)) - raft.grpc.message.size.max = 32MB (=33554432) (custom)
2021-08-21 01:41:45,097 [Listener at 127.0.0.1/11936] INFO  server.RaftServerConfigKeys (ConfUtils.java:logGet(44)) - raft.server.log.appender.buffer.byte-limit = 33554432 (custom)
2021-08-21 01:41:45,097 [Listener at 127.0.0.1/11936] INFO  server.GrpcService (ConfUtils.java:logGet(44)) - raft.grpc.flow.control.window = 5MB (=5242880) (custom)
2021-08-21 01:41:45,097 [Listener at 127.0.0.1/11936] INFO  server.RaftServerConfigKeys (ConfUtils.java:logGet(44)) - raft.server.rpc.request.timeout = 60s (custom)
2021-08-21 01:41:45,098 [Listener at 127.0.0.1/11936] INFO  impl.DataStreamServerImpl (ConfUtils.java:logGet(44)) - raft.datastream.type = DISABLED (default)
2021-08-21 01:41:45,098 [Listener at 127.0.0.1/11936] INFO  server.RaftServerConfigKeys (ConfUtils.java:logGet(44)) - raft.server.rpc.slowness.timeout = 300s (custom)
2021-08-21 01:41:45,098 [Listener at 127.0.0.1/11936] INFO  server.RaftServerConfigKeys (ConfUtils.java:logGet(44)) - raft.server.leaderelection.leader.step-down.wait-time = 10s (default)
2021-08-21 01:41:45,099 [Listener at 127.0.0.1/11936] INFO  server.RaftServerConfigKeys (ConfUtils.java:logGet(44)) - raft.server.storage.dir = [/home/runner/work/ozone/ozone/hadoop-ozone/integration-test/target/test-dir/MiniOzoneClusterImpl-ac918204-cb9e-461d-be45-7a6421e2bbc3/datanode-1/data/ratis] (custom)
2021-08-21 01:41:45,102 [Listener at 127.0.0.1/11936] INFO  http.BaseHttpServer (BaseHttpServer.java:newHttpServer2BuilderForOzone(209)) - Starting Web-server for hddsDatanode at: http://0.0.0.0:0
2021-08-21 01:41:45,103 [Listener at 127.0.0.1/11936] INFO  http.BaseHttpServer (BaseHttpServer.java:<init>(107)) - Hadoop Security Enabled: false Ozone Security Enabled: false Ozone HTTP Security Enabled: false 
2021-08-21 01:41:45,104 [Listener at 127.0.0.1/11936] INFO  server.AuthenticationFilter (AuthenticationFilter.java:constructSecretProvider(240)) - Unable to initialize FileSignerSecretProvider, falling back to use random secrets.
2021-08-21 01:41:45,104 [Listener at 127.0.0.1/11936] WARN  http.HttpRequestLog (HttpRequestLog.java:getRequestLog(103)) - Jetty request log can only be enabled using Log4j
2021-08-21 01:41:45,105 [Listener at 127.0.0.1/11936] INFO  http.HttpServer2 (HttpServer2.java:addGlobalFilter(1030)) - Added global filter 'safety' (class=org.apache.hadoop.hdds.server.http.HttpServer2$QuotingInputFilter)
2021-08-21 01:41:45,105 [Listener at 127.0.0.1/11936] INFO  http.HttpServer2 (HttpServer2.java:addFilter(1006)) - Added filter static_user_filter (class=org.apache.hadoop.http.lib.StaticUserWebFilter$StaticUserFilter) to context hddsDatanode
2021-08-21 01:41:45,106 [Listener at 127.0.0.1/11936] INFO  http.HttpServer2 (HttpServer2.java:addFilter(1014)) - Added filter static_user_filter (class=org.apache.hadoop.http.lib.StaticUserWebFilter$StaticUserFilter) to context static
2021-08-21 01:41:45,106 [Listener at 127.0.0.1/11936] INFO  http.HttpServer2 (HttpServer2.java:addFilter(1014)) - Added filter static_user_filter (class=org.apache.hadoop.http.lib.StaticUserWebFilter$StaticUserFilter) to context logs
2021-08-21 01:41:45,106 [Listener at 127.0.0.1/11936] INFO  http.HttpServer2 (HttpServer2.java:bindListener(1249)) - Jetty bound to port 33329
2021-08-21 01:41:45,106 [Listener at 127.0.0.1/11936] INFO  server.Server (Server.java:doStart(375)) - jetty-9.4.43.v20210629; built: 2021-06-30T11:07:22.254Z; git: 526006ecfa3af7f1a27ef3a288e2bef7ea9dd7e8; jvm 1.8.0_292-b10
2021-08-21 01:41:45,111 [Listener at 127.0.0.1/11936] INFO  server.session (DefaultSessionIdManager.java:doStart(334)) - DefaultSessionIdManager workerName=node0
2021-08-21 01:41:45,111 [Listener at 127.0.0.1/11936] INFO  server.session (DefaultSessionIdManager.java:doStart(339)) - No SessionScavenger set, using defaults
2021-08-21 01:41:45,111 [Listener at 127.0.0.1/11936] INFO  server.session (HouseKeeper.java:startScavenging(132)) - node0 Scavenging every 600000ms
2021-08-21 01:41:45,112 [Listener at 127.0.0.1/11936] INFO  handler.ContextHandler (ContextHandler.java:doStart(915)) - Started o.e.j.s.ServletContextHandler@56361dab{logs,/logs,file:///home/runner/work/ozone/ozone/hadoop-ozone/integration-test/target/log,AVAILABLE}
2021-08-21 01:41:45,112 [Listener at 127.0.0.1/11936] INFO  handler.ContextHandler (ContextHandler.java:doStart(915)) - Started o.e.j.s.ServletContextHandler@6ebebe3a{static,/static,jar:file:/home/runner/.m2/repository/org/apache/ozone/hdds-container-service/1.2.0-SNAPSHOT/hdds-container-service-1.2.0-SNAPSHOT.jar!/webapps/static,AVAILABLE}
2021-08-21 01:41:45,151 [Listener at 127.0.0.1/11936] INFO  handler.ContextHandler (ContextHandler.java:doStart(915)) - Started o.e.j.w.WebAppContext@404ecccf{hddsDatanode,/,file:///tmp/jetty-0_0_0_0-33329-hdds-container-service-1_2_0-SNAPSHOT_jar-_-any-6821864919575543512/webapp/,AVAILABLE}{jar:file:/home/runner/.m2/repository/org/apache/ozone/hdds-container-service/1.2.0-SNAPSHOT/hdds-container-service-1.2.0-SNAPSHOT.jar!/webapps/hddsDatanode}
2021-08-21 01:41:45,152 [Listener at 127.0.0.1/11936] INFO  server.AbstractConnector (AbstractConnector.java:doStart(331)) - Started ServerConnector@30770b04{HTTP/1.1, (http/1.1)}{0.0.0.0:33329}
2021-08-21 01:41:45,152 [Listener at 127.0.0.1/11936] INFO  server.Server (Server.java:doStart(415)) - Started @8527ms
2021-08-21 01:41:45,152 [Listener at 127.0.0.1/11936] WARN  impl.MetricsSystemImpl (MetricsSystemImpl.java:register(279)) - Sink prometheus already exists!
2021-08-21 01:41:45,153 [Listener at 127.0.0.1/11936] INFO  http.BaseHttpServer (BaseHttpServer.java:updateConnectorAddress(329)) - HTTP server of hddsDatanode listening at http://0.0.0.0:33329
2021-08-21 01:41:45,153 [Listener at 127.0.0.1/11936] WARN  impl.MetricRegistriesImpl (MetricRegistriesImpl.java:addReporterRegistration(111)) - New reporters are added after registries were created. Some metrics will be missing from the reporter. Please add reporter before adding any new registry.
2021-08-21 01:41:45,154 [Listener at 127.0.0.1/11936] WARN  impl.MetricRegistriesImpl (MetricRegistriesImpl.java:addReporterRegistration(111)) - New reporters are added after registries were created. Some metrics will be missing from the reporter. Please add reporter before adding any new registry.
2021-08-21 01:41:45,154 [Listener at 127.0.0.1/11936] INFO  impl.MetricsSystemImpl (MetricsSystemImpl.java:init(158)) - HddsDatanode metrics system started (again)
2021-08-21 01:41:45,168 [Listener at 127.0.0.1/11936] INFO  ozone.HddsDatanodeService (HddsDatanodeService.java:start(234)) - HddsDatanodeService host:fv-az148-687 ip:10.1.0.26
2021-08-21 01:41:45,179 [org.apache.hadoop.util.JvmPauseMonitor$Monitor@66fd7a25] INFO  util.JvmPauseMonitor (JvmPauseMonitor.java:run(188)) - Starting JVM pause monitor
2021-08-21 01:41:45,191 [Listener at 127.0.0.1/11936] INFO  upgrade.AbstractLayoutVersionManager (AbstractLayoutVersionManager.java:init(70)) - Initializing Layout version manager with metadata layout = SCM_HA (version = 2), software layout = SCM_HA (version = 2)
2021-08-21 01:41:45,194 [Datanode State Machine Task Thread - 0] INFO  datanode.InitDatanodeState (InitDatanodeState.java:persistContainerDatanodeDetails(145)) - DatanodeDetails is persisted to /home/runner/work/ozone/ozone/hadoop-ozone/integration-test/target/test-dir/MiniOzoneClusterImpl-ac918204-cb9e-461d-be45-7a6421e2bbc3/datanode-1/meta/datanode.id
2021-08-21 01:41:45,252 [Listener at 127.0.0.1/11936] INFO  reflections.Reflections (Reflections.java:scan(232)) - Reflections took 59 ms to scan 7 urls, producing 120 keys and 275 values 
2021-08-21 01:41:45,255 [Listener at 127.0.0.1/11936] INFO  volume.HddsVolume (HddsVolume.java:<init>(120)) - Creating HddsVolume: /home/runner/work/ozone/ozone/hadoop-ozone/integration-test/target/test-dir/MiniOzoneClusterImpl-ac918204-cb9e-461d-be45-7a6421e2bbc3/datanode-2/data-0/containers/hdds of storage type : DISK capacity : 9223372036854775807
2021-08-21 01:41:45,255 [Listener at 127.0.0.1/11936] INFO  volume.MutableVolumeSet (MutableVolumeSet.java:initializeVolumeSet(181)) - Added Volume : /home/runner/work/ozone/ozone/hadoop-ozone/integration-test/target/test-dir/MiniOzoneClusterImpl-ac918204-cb9e-461d-be45-7a6421e2bbc3/datanode-2/data-0/containers/hdds to VolumeSet
2021-08-21 01:41:45,255 [Listener at 127.0.0.1/11936] INFO  volume.ThrottledAsyncChecker (ThrottledAsyncChecker.java:schedule(141)) - Scheduling a check for /home/runner/work/ozone/ozone/hadoop-ozone/integration-test/target/test-dir/MiniOzoneClusterImpl-ac918204-cb9e-461d-be45-7a6421e2bbc3/datanode-2/data-0/containers/hdds
2021-08-21 01:41:45,255 [Listener at 127.0.0.1/11936] INFO  volume.StorageVolumeChecker (StorageVolumeChecker.java:checkAllVolumes(202)) - Scheduled health check for volume /home/runner/work/ozone/ozone/hadoop-ozone/integration-test/target/test-dir/MiniOzoneClusterImpl-ac918204-cb9e-461d-be45-7a6421e2bbc3/datanode-2/data-0/containers/hdds
2021-08-21 01:41:45,269 [Listener at 127.0.0.1/11936] INFO  volume.MutableVolumeSet (MutableVolumeSet.java:initializeVolumeSet(181)) - Added Volume : /home/runner/work/ozone/ozone/hadoop-ozone/integration-test/target/test-dir/MiniOzoneClusterImpl-ac918204-cb9e-461d-be45-7a6421e2bbc3/datanode-2/data/ratis to VolumeSet
2021-08-21 01:41:45,269 [Listener at 127.0.0.1/11936] INFO  volume.ThrottledAsyncChecker (ThrottledAsyncChecker.java:schedule(141)) - Scheduling a check for /home/runner/work/ozone/ozone/hadoop-ozone/integration-test/target/test-dir/MiniOzoneClusterImpl-ac918204-cb9e-461d-be45-7a6421e2bbc3/datanode-2/data/ratis
2021-08-21 01:41:45,269 [Listener at 127.0.0.1/11936] INFO  volume.StorageVolumeChecker (StorageVolumeChecker.java:checkAllVolumes(202)) - Scheduled health check for volume /home/runner/work/ozone/ozone/hadoop-ozone/integration-test/target/test-dir/MiniOzoneClusterImpl-ac918204-cb9e-461d-be45-7a6421e2bbc3/datanode-2/data/ratis
2021-08-21 01:41:45,281 [Listener at 127.0.0.1/11936] INFO  ozoneimpl.ContainerReader (ContainerReader.java:<init>(98)) - Running in upgrade mode:true
2021-08-21 01:41:45,281 [Thread-248] INFO  ozoneimpl.ContainerReader (ContainerReader.java:readVolume(142)) - Start to verify containers on volume /home/runner/work/ozone/ozone/hadoop-ozone/integration-test/target/test-dir/MiniOzoneClusterImpl-ac918204-cb9e-461d-be45-7a6421e2bbc3/datanode-2/data-0/containers/hdds
2021-08-21 01:41:45,281 [Thread-248] INFO  ozoneimpl.ContainerReader (ContainerReader.java:readVolume(174)) - Finish verifying containers on volume /home/runner/work/ozone/ozone/hadoop-ozone/integration-test/target/test-dir/MiniOzoneClusterImpl-ac918204-cb9e-461d-be45-7a6421e2bbc3/datanode-2/data-0/containers/hdds
2021-08-21 01:41:45,281 [Listener at 127.0.0.1/11936] INFO  ozoneimpl.OzoneContainer (OzoneContainer.java:buildContainerSet(237)) - Build ContainerSet costs 0s
2021-08-21 01:41:45,284 [Listener at 127.0.0.1/11936] INFO  server.RaftServer (ConfUtils.java:logGet(44)) - raft.rpc.type = GRPC (default)
2021-08-21 01:41:45,284 [Listener at 127.0.0.1/11936] INFO  grpc.GrpcFactory (GrpcFactory.java:checkPooledByteBufAllocatorUseCacheForAllThreads(48)) - PERFORMANCE WARNING: useCacheForAllThreads is true that may cause Netty to create a lot garbage objects and, as a result, trigger GC.
	It is recommended to disable useCacheForAllThreads by setting -Dorg.apache.ratis.thirdparty.io.netty.allocator.useCacheForAllThreads=false in command line.
2021-08-21 01:41:45,284 [Listener at 127.0.0.1/11936] INFO  grpc.GrpcConfigKeys (ConfUtils.java:logGet(44)) - raft.grpc.admin.port = 0 (custom)
2021-08-21 01:41:45,284 [Listener at 127.0.0.1/11936] INFO  grpc.GrpcConfigKeys (ConfUtils.java:logGet(44)) - raft.grpc.client.port = 0 (custom)
2021-08-21 01:41:45,285 [Listener at 127.0.0.1/11936] INFO  grpc.GrpcConfigKeys (ConfUtils.java:logGet(44)) - raft.grpc.server.port = 0 (default)
2021-08-21 01:41:45,285 [Listener at 127.0.0.1/11936] INFO  server.GrpcService (ConfUtils.java:logGet(44)) - raft.grpc.message.size.max = 32MB (=33554432) (custom)
2021-08-21 01:41:45,285 [Listener at 127.0.0.1/11936] INFO  server.RaftServerConfigKeys (ConfUtils.java:logGet(44)) - raft.server.log.appender.buffer.byte-limit = 33554432 (custom)
2021-08-21 01:41:45,285 [Listener at 127.0.0.1/11936] INFO  server.GrpcService (ConfUtils.java:logGet(44)) - raft.grpc.flow.control.window = 5MB (=5242880) (custom)
2021-08-21 01:41:45,285 [Listener at 127.0.0.1/11936] INFO  server.RaftServerConfigKeys (ConfUtils.java:logGet(44)) - raft.server.rpc.request.timeout = 60s (custom)
2021-08-21 01:41:45,286 [Listener at 127.0.0.1/11936] INFO  impl.DataStreamServerImpl (ConfUtils.java:logGet(44)) - raft.datastream.type = DISABLED (default)
2021-08-21 01:41:45,286 [Listener at 127.0.0.1/11936] INFO  server.RaftServerConfigKeys (ConfUtils.java:logGet(44)) - raft.server.rpc.slowness.timeout = 300s (custom)
2021-08-21 01:41:45,286 [Listener at 127.0.0.1/11936] INFO  server.RaftServerConfigKeys (ConfUtils.java:logGet(44)) - raft.server.leaderelection.leader.step-down.wait-time = 10s (default)
2021-08-21 01:41:45,286 [Listener at 127.0.0.1/11936] INFO  server.RaftServerConfigKeys (ConfUtils.java:logGet(44)) - raft.server.storage.dir = [/home/runner/work/ozone/ozone/hadoop-ozone/integration-test/target/test-dir/MiniOzoneClusterImpl-ac918204-cb9e-461d-be45-7a6421e2bbc3/datanode-2/data/ratis] (custom)
2021-08-21 01:41:45,289 [Listener at 127.0.0.1/11936] INFO  http.BaseHttpServer (BaseHttpServer.java:newHttpServer2BuilderForOzone(209)) - Starting Web-server for hddsDatanode at: http://0.0.0.0:0
2021-08-21 01:41:45,289 [Listener at 127.0.0.1/11936] INFO  http.BaseHttpServer (BaseHttpServer.java:<init>(107)) - Hadoop Security Enabled: false Ozone Security Enabled: false Ozone HTTP Security Enabled: false 
2021-08-21 01:41:45,291 [Listener at 127.0.0.1/11936] INFO  server.AuthenticationFilter (AuthenticationFilter.java:constructSecretProvider(240)) - Unable to initialize FileSignerSecretProvider, falling back to use random secrets.
2021-08-21 01:41:45,292 [Listener at 127.0.0.1/11936] WARN  http.HttpRequestLog (HttpRequestLog.java:getRequestLog(103)) - Jetty request log can only be enabled using Log4j
2021-08-21 01:41:45,293 [Listener at 127.0.0.1/11936] INFO  http.HttpServer2 (HttpServer2.java:addGlobalFilter(1030)) - Added global filter 'safety' (class=org.apache.hadoop.hdds.server.http.HttpServer2$QuotingInputFilter)
2021-08-21 01:41:45,294 [Listener at 127.0.0.1/11936] INFO  http.HttpServer2 (HttpServer2.java:addFilter(1006)) - Added filter static_user_filter (class=org.apache.hadoop.http.lib.StaticUserWebFilter$StaticUserFilter) to context hddsDatanode
2021-08-21 01:41:45,294 [Listener at 127.0.0.1/11936] INFO  http.HttpServer2 (HttpServer2.java:addFilter(1014)) - Added filter static_user_filter (class=org.apache.hadoop.http.lib.StaticUserWebFilter$StaticUserFilter) to context logs
2021-08-21 01:41:45,294 [Listener at 127.0.0.1/11936] INFO  http.HttpServer2 (HttpServer2.java:addFilter(1014)) - Added filter static_user_filter (class=org.apache.hadoop.http.lib.StaticUserWebFilter$StaticUserFilter) to context static
2021-08-21 01:41:45,294 [Listener at 127.0.0.1/11936] INFO  http.HttpServer2 (HttpServer2.java:bindListener(1249)) - Jetty bound to port 33199
2021-08-21 01:41:45,294 [Listener at 127.0.0.1/11936] INFO  server.Server (Server.java:doStart(375)) - jetty-9.4.43.v20210629; built: 2021-06-30T11:07:22.254Z; git: 526006ecfa3af7f1a27ef3a288e2bef7ea9dd7e8; jvm 1.8.0_292-b10
2021-08-21 01:41:45,295 [Listener at 127.0.0.1/11936] INFO  server.session (DefaultSessionIdManager.java:doStart(334)) - DefaultSessionIdManager workerName=node0
2021-08-21 01:41:45,296 [Listener at 127.0.0.1/11936] INFO  server.session (DefaultSessionIdManager.java:doStart(339)) - No SessionScavenger set, using defaults
2021-08-21 01:41:45,296 [Listener at 127.0.0.1/11936] INFO  server.session (HouseKeeper.java:startScavenging(132)) - node0 Scavenging every 660000ms
2021-08-21 01:41:45,296 [Listener at 127.0.0.1/11936] INFO  handler.ContextHandler (ContextHandler.java:doStart(915)) - Started o.e.j.s.ServletContextHandler@eb8dcd5{logs,/logs,file:///home/runner/work/ozone/ozone/hadoop-ozone/integration-test/target/log,AVAILABLE}
2021-08-21 01:41:45,297 [Listener at 127.0.0.1/11936] INFO  handler.ContextHandler (ContextHandler.java:doStart(915)) - Started o.e.j.s.ServletContextHandler@687b5485{static,/static,jar:file:/home/runner/.m2/repository/org/apache/ozone/hdds-container-service/1.2.0-SNAPSHOT/hdds-container-service-1.2.0-SNAPSHOT.jar!/webapps/static,AVAILABLE}
2021-08-21 01:41:45,336 [Listener at 127.0.0.1/11936] INFO  handler.ContextHandler (ContextHandler.java:doStart(915)) - Started o.e.j.w.WebAppContext@5fef8033{hddsDatanode,/,file:///tmp/jetty-0_0_0_0-33199-hdds-container-service-1_2_0-SNAPSHOT_jar-_-any-9025696971390362010/webapp/,AVAILABLE}{jar:file:/home/runner/.m2/repository/org/apache/ozone/hdds-container-service/1.2.0-SNAPSHOT/hdds-container-service-1.2.0-SNAPSHOT.jar!/webapps/hddsDatanode}
2021-08-21 01:41:45,338 [Listener at 127.0.0.1/11936] INFO  server.AbstractConnector (AbstractConnector.java:doStart(331)) - Started ServerConnector@4262e8d2{HTTP/1.1, (http/1.1)}{0.0.0.0:33199}
2021-08-21 01:41:45,338 [Listener at 127.0.0.1/11936] INFO  server.Server (Server.java:doStart(415)) - Started @8712ms
2021-08-21 01:41:45,338 [Listener at 127.0.0.1/11936] WARN  impl.MetricsSystemImpl (MetricsSystemImpl.java:register(279)) - Sink prometheus already exists!
2021-08-21 01:41:45,339 [Listener at 127.0.0.1/11936] INFO  http.BaseHttpServer (BaseHttpServer.java:updateConnectorAddress(329)) - HTTP server of hddsDatanode listening at http://0.0.0.0:33199
2021-08-21 01:41:45,346 [Listener at 127.0.0.1/11936] INFO  ozone.MiniOzoneClusterImpl (MiniOzoneClusterImpl.java:lambda$waitForClusterToBeReady$0(235)) - Waiting for nodes to be ready. Got 0 of 3 DN Heartbeats.
2021-08-21 01:41:45,348 [Listener at 127.0.0.1/11936] INFO  ozone.MiniOzoneClusterImpl (MiniOzoneClusterImpl.java:lambda$waitForClusterToBeReady$0(238)) - Waiting for cluster to exit safe mode
2021-08-21 01:41:45,348 [Listener at 127.0.0.1/11936] INFO  ozone.MiniOzoneClusterImpl (MiniOzoneClusterImpl.java:lambda$waitForClusterToBeReady$0(240)) - SCM became leader
2021-08-21 01:41:45,360 [org.apache.hadoop.util.JvmPauseMonitor$Monitor@aa196aa] INFO  util.JvmPauseMonitor (JvmPauseMonitor.java:run(188)) - Starting JVM pause monitor
2021-08-21 01:41:45,362 [Datanode State Machine Task Thread - 0] INFO  datanode.InitDatanodeState (InitDatanodeState.java:persistContainerDatanodeDetails(145)) - DatanodeDetails is persisted to /home/runner/work/ozone/ozone/hadoop-ozone/integration-test/target/test-dir/MiniOzoneClusterImpl-ac918204-cb9e-461d-be45-7a6421e2bbc3/datanode-2/meta/datanode.id
2021-08-21 01:41:46,068 [omNode-2@group-523986131536-FollowerState] INFO  impl.FollowerState (FollowerState.java:run(134)) - omNode-2@group-523986131536-FollowerState: change to CANDIDATE, lastRpcElapsedTime:1005890644ns, electionTimeout:1002ms
2021-08-21 01:41:46,068 [omNode-2@group-523986131536-FollowerState] INFO  impl.RoleInfo (RoleInfo.java:shutdownFollowerState(108)) - omNode-2: shutdown omNode-2@group-523986131536-FollowerState
2021-08-21 01:41:46,068 [omNode-2@group-523986131536-FollowerState] INFO  server.RaftServer$Division (RaftServerImpl.java:setRole(285)) - omNode-2@group-523986131536: changes role from  FOLLOWER to CANDIDATE at term 1 for changeToCandidate
2021-08-21 01:41:46,081 [omNode-2@group-523986131536-FollowerState] INFO  server.RaftServerConfigKeys (ConfUtils.java:logGet(44)) - raft.server.leaderelection.pre-vote = false (custom)
2021-08-21 01:41:46,081 [omNode-2@group-523986131536-FollowerState] INFO  impl.RoleInfo (RoleInfo.java:updateAndGet(130)) - omNode-2: start omNode-2@group-523986131536-LeaderElection4
2021-08-21 01:41:46,083 [omNode-2@group-523986131536-LeaderElection4] INFO  impl.LeaderElection (LeaderElection.java:askForVotes(306)) - omNode-2@group-523986131536-LeaderElection4 ELECTION round 0: submit vote requests at term 2 for -1: [omNode-3|rpc:localhost:11940|priority:0, omNode-1|rpc:localhost:11928|priority:0, omNode-2|rpc:localhost:11934|priority:0], old=null
2021-08-21 01:41:46,088 [grpc-default-executor-2] INFO  server.RaftServer$Division (RaftServerImpl.java:requestVote(1043)) - omNode-1@group-523986131536: receive requestVote(ELECTION, omNode-2, group-523986131536, 2, (t:0, i:~))
2021-08-21 01:41:46,089 [grpc-default-executor-2] INFO  impl.VoteContext (VoteContext.java:log(48)) - omNode-1@group-523986131536-FOLLOWER: accept ELECTION from omNode-2: our priority 0 <= candidate's priority 0
2021-08-21 01:41:46,089 [grpc-default-executor-2] INFO  server.RaftServer$Division (RaftServerImpl.java:setRole(285)) - omNode-1@group-523986131536: changes role from  FOLLOWER to FOLLOWER at term 2 for candidate:omNode-2
2021-08-21 01:41:46,089 [grpc-default-executor-2] INFO  impl.RoleInfo (RoleInfo.java:shutdownFollowerState(108)) - omNode-1: shutdown omNode-1@group-523986131536-FollowerState
2021-08-21 01:41:46,090 [omNode-1@group-523986131536-FollowerState] INFO  impl.FollowerState (FollowerState.java:run(143)) - omNode-1@group-523986131536-FollowerState was interrupted: {}
java.lang.InterruptedException: sleep interrupted
	at java.lang.Thread.sleep(Native Method)
	at java.lang.Thread.sleep(Thread.java:340)
	at java.util.concurrent.TimeUnit.sleep(TimeUnit.java:386)
	at org.apache.ratis.util.TimeDuration.sleep(TimeDuration.java:324)
	at org.apache.ratis.util.TimeDuration.sleep(TimeDuration.java:309)
	at org.apache.ratis.server.impl.FollowerState.run(FollowerState.java:118)
2021-08-21 01:41:46,091 [grpc-default-executor-2] INFO  impl.RoleInfo (RoleInfo.java:updateAndGet(130)) - omNode-1: start omNode-1@group-523986131536-FollowerState
2021-08-21 01:41:46,101 [grpc-default-executor-3] INFO  server.RaftServer$Division (RaftServerImpl.java:requestVote(1043)) - omNode-3@group-523986131536: receive requestVote(ELECTION, omNode-2, group-523986131536, 2, (t:0, i:~))
2021-08-21 01:41:46,101 [grpc-default-executor-3] INFO  impl.VoteContext (VoteContext.java:log(48)) - omNode-3@group-523986131536-FOLLOWER: accept ELECTION from omNode-2: our priority 0 <= candidate's priority 0
2021-08-21 01:41:46,101 [grpc-default-executor-3] INFO  server.RaftServer$Division (RaftServerImpl.java:setRole(285)) - omNode-3@group-523986131536: changes role from  FOLLOWER to FOLLOWER at term 2 for candidate:omNode-2
2021-08-21 01:41:46,101 [grpc-default-executor-3] INFO  impl.RoleInfo (RoleInfo.java:shutdownFollowerState(108)) - omNode-3: shutdown omNode-3@group-523986131536-FollowerState
2021-08-21 01:41:46,101 [grpc-default-executor-3] INFO  impl.RoleInfo (RoleInfo.java:updateAndGet(130)) - omNode-3: start omNode-3@group-523986131536-FollowerState
2021-08-21 01:41:46,101 [omNode-3@group-523986131536-FollowerState] INFO  impl.FollowerState (FollowerState.java:run(143)) - omNode-3@group-523986131536-FollowerState was interrupted: {}
java.lang.InterruptedException: sleep interrupted
	at java.lang.Thread.sleep(Native Method)
	at java.lang.Thread.sleep(Thread.java:340)
	at java.util.concurrent.TimeUnit.sleep(TimeUnit.java:386)
	at org.apache.ratis.util.TimeDuration.sleep(TimeDuration.java:324)
	at org.apache.ratis.util.TimeDuration.sleep(TimeDuration.java:309)
	at org.apache.ratis.server.impl.FollowerState.run(FollowerState.java:118)
2021-08-21 01:41:46,104 [grpc-default-executor-2] INFO  server.RaftServer$Division (RaftServerImpl.java:requestVote(1075)) - omNode-1@group-523986131536 replies to ELECTION vote request: omNode-2<-omNode-1#0:OK-t2. Peer's state: omNode-1@group-523986131536:t2, leader=null, voted=omNode-2, raftlog=omNode-1@group-523986131536-SegmentedRaftLog:OPENED:c-1,f-1,i0, conf=-1: [omNode-3|rpc:localhost:11940|priority:0, omNode-1|rpc:localhost:11928|priority:0, omNode-2|rpc:localhost:11934|priority:0], old=null
2021-08-21 01:41:46,104 [grpc-default-executor-3] INFO  server.RaftServer$Division (RaftServerImpl.java:requestVote(1075)) - omNode-3@group-523986131536 replies to ELECTION vote request: omNode-2<-omNode-3#0:OK-t2. Peer's state: omNode-3@group-523986131536:t2, leader=null, voted=omNode-2, raftlog=omNode-3@group-523986131536-SegmentedRaftLog:OPENED:c-1,f-1,i0, conf=-1: [omNode-3|rpc:localhost:11940|priority:0, omNode-1|rpc:localhost:11928|priority:0, omNode-2|rpc:localhost:11934|priority:0], old=null
2021-08-21 01:41:46,106 [omNode-2@group-523986131536-LeaderElection4] INFO  impl.LeaderElection (LeaderElection.java:logAndReturn(89)) - omNode-2@group-523986131536-LeaderElection4: ELECTION PASSED received 1 response(s) and 0 exception(s):
2021-08-21 01:41:46,106 [omNode-2@group-523986131536-LeaderElection4] INFO  impl.LeaderElection (LeaderElection.java:logAndReturn(93)) -   Response 0: omNode-2<-omNode-1#0:OK-t2
2021-08-21 01:41:46,106 [omNode-2@group-523986131536-LeaderElection4] INFO  impl.LeaderElection (LeaderElection.java:askForVotes(308)) - omNode-2@group-523986131536-LeaderElection4 ELECTION round 0: result PASSED
2021-08-21 01:41:46,107 [omNode-2@group-523986131536-LeaderElection4] INFO  impl.RoleInfo (RoleInfo.java:shutdownLeaderElection(121)) - omNode-2: shutdown omNode-2@group-523986131536-LeaderElection4
2021-08-21 01:41:46,107 [omNode-2@group-523986131536-LeaderElection4] INFO  server.RaftServer$Division (RaftServerImpl.java:setRole(285)) - omNode-2@group-523986131536: changes role from CANDIDATE to LEADER at term 2 for changeToLeader
2021-08-21 01:41:46,107 [omNode-2@group-523986131536-LeaderElection4] INFO  server.RaftServer$Division (ServerState.java:setLeader(285)) - omNode-2@group-523986131536: change Leader from null to omNode-2 at term 2 for becomeLeader, leader elected after 2855ms
2021-08-21 01:41:46,112 [omNode-2@group-523986131536-LeaderElection4] INFO  server.RaftServerConfigKeys (ConfUtils.java:logGet(44)) - raft.server.staging.catchup.gap = 1000 (default)
2021-08-21 01:41:46,116 [omNode-2@group-523986131536-LeaderElection4] INFO  server.RaftServerConfigKeys (ConfUtils.java:logGet(44)) - raft.server.write.element-limit = 4096 (default)
2021-08-21 01:41:46,117 [omNode-2@group-523986131536-LeaderElection4] INFO  server.RaftServerConfigKeys (ConfUtils.java:logGet(44)) - raft.server.write.byte-limit = 64MB (=67108864) (default)
2021-08-21 01:41:46,122 [omNode-2@group-523986131536-LeaderElection4] INFO  server.RaftServerConfigKeys (ConfUtils.java:logGet(44)) - raft.server.watch.timeout = 10s (default)
2021-08-21 01:41:46,123 [omNode-2@group-523986131536-LeaderElection4] INFO  server.RaftServerConfigKeys (ConfUtils.java:logGet(44)) - raft.server.watch.timeout.denomination = 1s (default)
2021-08-21 01:41:46,123 [omNode-2@group-523986131536-LeaderElection4] INFO  server.RaftServerConfigKeys (ConfUtils.java:logGet(44)) - raft.server.watch.element-limit = 65536 (default)
2021-08-21 01:41:46,132 [omNode-2@group-523986131536-LeaderElection4] INFO  server.RaftServerConfigKeys (ConfUtils.java:logGet(44)) - raft.server.log.appender.snapshot.chunk.size.max = 16MB (=16777216) (default)
2021-08-21 01:41:46,132 [omNode-2@group-523986131536-LeaderElection4] INFO  server.RaftServerConfigKeys (ConfUtils.java:logGet(44)) - raft.server.log.appender.buffer.byte-limit = 33554432 (custom)
2021-08-21 01:41:46,133 [omNode-2@group-523986131536-LeaderElection4] INFO  server.RaftServerConfigKeys (ConfUtils.java:logGet(44)) - raft.server.log.appender.buffer.element-limit = 1024 (custom)
2021-08-21 01:41:46,136 [omNode-2@group-523986131536-LeaderElection4] INFO  grpc.GrpcConfigKeys (ConfUtils.java:logGet(44)) - raft.grpc.server.leader.outstanding.appends.max = 128 (default)
2021-08-21 01:41:46,136 [omNode-2@group-523986131536-LeaderElection4] INFO  server.RaftServerConfigKeys (ConfUtils.java:logGet(44)) - raft.server.rpc.request.timeout = 3000ms (default)
2021-08-21 01:41:46,136 [omNode-2@group-523986131536-LeaderElection4] INFO  server.RaftServerConfigKeys (ConfUtils.java:logGet(44)) - raft.server.log.appender.install.snapshot.enabled = false (custom)
2021-08-21 01:41:46,141 [omNode-2@group-523986131536-LeaderElection4] INFO  server.RaftServerConfigKeys (ConfUtils.java:logGet(44)) - raft.server.log.appender.snapshot.chunk.size.max = 16MB (=16777216) (default)
2021-08-21 01:41:46,141 [omNode-2@group-523986131536-LeaderElection4] INFO  server.RaftServerConfigKeys (ConfUtils.java:logGet(44)) - raft.server.log.appender.buffer.byte-limit = 33554432 (custom)
2021-08-21 01:41:46,141 [omNode-2@group-523986131536-LeaderElection4] INFO  server.RaftServerConfigKeys (ConfUtils.java:logGet(44)) - raft.server.log.appender.buffer.element-limit = 1024 (custom)
2021-08-21 01:41:46,141 [omNode-2@group-523986131536-LeaderElection4] INFO  grpc.GrpcConfigKeys (ConfUtils.java:logGet(44)) - raft.grpc.server.leader.outstanding.appends.max = 128 (default)
2021-08-21 01:41:46,141 [omNode-2@group-523986131536-LeaderElection4] INFO  server.RaftServerConfigKeys (ConfUtils.java:logGet(44)) - raft.server.rpc.request.timeout = 3000ms (default)
2021-08-21 01:41:46,141 [omNode-2@group-523986131536-LeaderElection4] INFO  server.RaftServerConfigKeys (ConfUtils.java:logGet(44)) - raft.server.log.appender.install.snapshot.enabled = false (custom)
2021-08-21 01:41:46,144 [omNode-2@group-523986131536-LeaderElection4] INFO  impl.RoleInfo (RoleInfo.java:updateAndGet(130)) - omNode-2: start omNode-2@group-523986131536-LeaderStateImpl
2021-08-21 01:41:46,161 [omNode-2@group-523986131536-LeaderElection4] INFO  segmented.SegmentedRaftLogWorker (SegmentedRaftLogWorker.java:startLogSegment(394)) - omNode-2@group-523986131536-SegmentedRaftLogWorker: Starting segment from index:0
2021-08-21 01:41:46,200 [omNode-2@group-523986131536-LeaderElection4] INFO  server.RaftServer$Division (ServerState.java:setRaftConf(387)) - omNode-2@group-523986131536: set configuration 0: [omNode-3|rpc:localhost:11940|admin:|client:|dataStream:|priority:0, omNode-1|rpc:localhost:11928|admin:|client:|dataStream:|priority:0, omNode-2|rpc:localhost:11934|admin:|client:|dataStream:|priority:0], old=null
2021-08-21 01:41:46,226 [grpc-default-executor-2] INFO  server.RaftServer$Division (ServerState.java:setLeader(285)) - omNode-3@group-523986131536: change Leader from null to omNode-2 at term 2 for appendEntries, leader elected after 2642ms
2021-08-21 01:41:46,245 [grpc-default-executor-3] INFO  server.RaftServer$Division (ServerState.java:setLeader(285)) - omNode-1@group-523986131536: change Leader from null to omNode-2 at term 2 for appendEntries, leader elected after 3498ms
2021-08-21 01:41:46,254 [grpc-default-executor-2] INFO  server.RaftServer$Division (ServerState.java:setRaftConf(387)) - omNode-3@group-523986131536: set configuration 0: [omNode-3|rpc:localhost:11940|admin:|client:|dataStream:|priority:0, omNode-1|rpc:localhost:11928|admin:|client:|dataStream:|priority:0, omNode-2|rpc:localhost:11934|admin:|client:|dataStream:|priority:0], old=null
2021-08-21 01:41:46,254 [grpc-default-executor-2] INFO  segmented.SegmentedRaftLogWorker (SegmentedRaftLogWorker.java:startLogSegment(394)) - omNode-3@group-523986131536-SegmentedRaftLogWorker: Starting segment from index:0
2021-08-21 01:41:46,254 [grpc-default-executor-3] INFO  server.RaftServer$Division (ServerState.java:setRaftConf(387)) - omNode-1@group-523986131536: set configuration 0: [omNode-3|rpc:localhost:11940|admin:|client:|dataStream:|priority:0, omNode-1|rpc:localhost:11928|admin:|client:|dataStream:|priority:0, omNode-2|rpc:localhost:11934|admin:|client:|dataStream:|priority:0], old=null
2021-08-21 01:41:46,255 [grpc-default-executor-3] INFO  segmented.SegmentedRaftLogWorker (SegmentedRaftLogWorker.java:startLogSegment(394)) - omNode-1@group-523986131536-SegmentedRaftLogWorker: Starting segment from index:0
2021-08-21 01:41:46,341 [omNode-1@group-523986131536-SegmentedRaftLogWorker] INFO  segmented.SegmentedRaftLogWorker (SegmentedRaftLogWorker.java:execute(601)) - omNode-1@group-523986131536-SegmentedRaftLogWorker: created new log segment /home/runner/work/ozone/ozone/hadoop-ozone/integration-test/target/test-dir/MiniOzoneClusterImpl-ac918204-cb9e-461d-be45-7a6421e2bbc3/omNode-1/ratis/c9bc4cf4-3bc3-3c60-a66b-523986131536/current/log_inprogress_0
2021-08-21 01:41:46,341 [omNode-3@group-523986131536-SegmentedRaftLogWorker] INFO  segmented.SegmentedRaftLogWorker (SegmentedRaftLogWorker.java:execute(601)) - omNode-3@group-523986131536-SegmentedRaftLogWorker: created new log segment /home/runner/work/ozone/ozone/hadoop-ozone/integration-test/target/test-dir/MiniOzoneClusterImpl-ac918204-cb9e-461d-be45-7a6421e2bbc3/omNode-3/ratis/c9bc4cf4-3bc3-3c60-a66b-523986131536/current/log_inprogress_0
2021-08-21 01:41:46,356 [omNode-2@group-523986131536-SegmentedRaftLogWorker] INFO  segmented.SegmentedRaftLogWorker (SegmentedRaftLogWorker.java:execute(601)) - omNode-2@group-523986131536-SegmentedRaftLogWorker: created new log segment /home/runner/work/ozone/ozone/hadoop-ozone/integration-test/target/test-dir/MiniOzoneClusterImpl-ac918204-cb9e-461d-be45-7a6421e2bbc3/omNode-2/ratis/c9bc4cf4-3bc3-3c60-a66b-523986131536/current/log_inprogress_0
2021-08-21 01:41:46,356 [Listener at 127.0.0.1/11936] INFO  ozone.MiniOzoneClusterImpl (MiniOzoneClusterImpl.java:lambda$waitForClusterToBeReady$0(235)) - Waiting for nodes to be ready. Got 0 of 3 DN Heartbeats.
2021-08-21 01:41:46,356 [Listener at 127.0.0.1/11936] INFO  ozone.MiniOzoneClusterImpl (MiniOzoneClusterImpl.java:lambda$waitForClusterToBeReady$0(238)) - Waiting for cluster to exit safe mode
2021-08-21 01:41:46,356 [Listener at 127.0.0.1/11936] INFO  ozone.MiniOzoneClusterImpl (MiniOzoneClusterImpl.java:lambda$waitForClusterToBeReady$0(240)) - SCM became leader
2021-08-21 01:41:46,441 [omNode-2@group-523986131536-StateMachineUpdater] INFO  ratis.OzoneManagerStateMachine (OzoneManagerStateMachine.java:notifyConfigurationChanged(188)) - Received Configuration change notification from Ratis. New Peer list:
[id: "omNode-3"
address: "localhost:11940"
, id: "omNode-1"
address: "localhost:11928"
, id: "omNode-2"
address: "localhost:11934"
]
2021-08-21 01:41:46,861 [EndpointStateMachine task thread for /0.0.0.0:39161 - 0 ] INFO  ozoneimpl.OzoneContainer (OzoneContainer.java:start(305)) - Attempting to start container services.
2021-08-21 01:41:46,863 [omNode-1@group-523986131536-StateMachineUpdater] INFO  ratis.OzoneManagerStateMachine (OzoneManagerStateMachine.java:notifyConfigurationChanged(188)) - Received Configuration change notification from Ratis. New Peer list:
[id: "omNode-3"
address: "localhost:11940"
, id: "omNode-1"
address: "localhost:11928"
, id: "omNode-2"
address: "localhost:11934"
]
2021-08-21 01:41:46,864 [EndpointStateMachine task thread for /0.0.0.0:39161 - 0 ] INFO  ozoneimpl.OzoneContainer (OzoneContainer.java:startContainerScrub(250)) - Background container scanner has been disabled.
2021-08-21 01:41:46,867 [omNode-3@group-523986131536-StateMachineUpdater] INFO  ratis.OzoneManagerStateMachine (OzoneManagerStateMachine.java:notifyConfigurationChanged(188)) - Received Configuration change notification from Ratis. New Peer list:
[id: "omNode-3"
address: "localhost:11940"
, id: "omNode-1"
address: "localhost:11928"
, id: "omNode-2"
address: "localhost:11934"
]
2021-08-21 01:41:46,876 [EndpointStateMachine task thread for /0.0.0.0:39161 - 0 ] INFO  replication.ReplicationServer (ReplicationServer.java:start(106)) - ReplicationServer is started using port 46739
2021-08-21 01:41:46,880 [EndpointStateMachine task thread for /0.0.0.0:39161 - 0 ] INFO  ratis.XceiverServerRatis (XceiverServerRatis.java:start(482)) - Starting XceiverServerRatis eb4e2853-1640-4057-8e90-7cd4a46526af
2021-08-21 01:41:46,881 [EndpointStateMachine task thread for /0.0.0.0:39161 - 0 ] INFO  server.RaftServer (RaftServerProxy.java:lambda$start$5(374)) - eb4e2853-1640-4057-8e90-7cd4a46526af: start RPC server
2021-08-21 01:41:46,885 [EndpointStateMachine task thread for /0.0.0.0:39161 - 0 ] INFO  server.GrpcService (GrpcService.java:startImpl(253)) - eb4e2853-1640-4057-8e90-7cd4a46526af: GrpcService started, listening on 38129
2021-08-21 01:41:46,886 [EndpointStateMachine task thread for /0.0.0.0:39161 - 0 ] INFO  ratis.XceiverServerRatis (XceiverServerRatis.java:getRealPort(503)) - XceiverServerRatis eb4e2853-1640-4057-8e90-7cd4a46526af is started using port 38129 for RATIS
2021-08-21 01:41:46,886 [EndpointStateMachine task thread for /0.0.0.0:39161 - 0 ] INFO  ratis.XceiverServerRatis (XceiverServerRatis.java:getRealPort(503)) - XceiverServerRatis eb4e2853-1640-4057-8e90-7cd4a46526af is started using port 38129 for RATIS_ADMIN
2021-08-21 01:41:46,886 [EndpointStateMachine task thread for /0.0.0.0:39161 - 0 ] INFO  ratis.XceiverServerRatis (XceiverServerRatis.java:getRealPort(503)) - XceiverServerRatis eb4e2853-1640-4057-8e90-7cd4a46526af is started using port 38129 for RATIS_SERVER
2021-08-21 01:41:46,893 [EndpointStateMachine task thread for /0.0.0.0:39161 - 0 ] INFO  server.XceiverServerGrpc (XceiverServerGrpc.java:start(135)) - XceiverServerGrpc eb4e2853-1640-4057-8e90-7cd4a46526af is started using port 42611
2021-08-21 01:41:46,893 [org.apache.ratis.util.JvmPauseMonitor$$Lambda$536/1549433175@4a0f369b] INFO  util.JvmPauseMonitor (JvmPauseMonitor.java:run(103)) - JvmPauseMonitor-eb4e2853-1640-4057-8e90-7cd4a46526af: Started
2021-08-21 01:41:47,184 [EndpointStateMachine task thread for /0.0.0.0:39161 - 0 ] INFO  ozoneimpl.OzoneContainer (OzoneContainer.java:start(305)) - Attempting to start container services.
2021-08-21 01:41:47,185 [EndpointStateMachine task thread for /0.0.0.0:39161 - 0 ] INFO  ozoneimpl.OzoneContainer (OzoneContainer.java:startContainerScrub(250)) - Background container scanner has been disabled.
2021-08-21 01:41:47,186 [EndpointStateMachine task thread for /0.0.0.0:39161 - 0 ] INFO  replication.ReplicationServer (ReplicationServer.java:start(106)) - ReplicationServer is started using port 42171
2021-08-21 01:41:47,187 [EndpointStateMachine task thread for /0.0.0.0:39161 - 0 ] INFO  ratis.XceiverServerRatis (XceiverServerRatis.java:start(482)) - Starting XceiverServerRatis 6d4f4a2b-908a-44c0-8dce-7a4ce83b0e89
2021-08-21 01:41:47,190 [EndpointStateMachine task thread for /0.0.0.0:39161 - 0 ] INFO  server.RaftServer (RaftServerProxy.java:lambda$start$5(374)) - 6d4f4a2b-908a-44c0-8dce-7a4ce83b0e89: start RPC server
2021-08-21 01:41:47,192 [EndpointStateMachine task thread for /0.0.0.0:39161 - 0 ] INFO  server.GrpcService (GrpcService.java:startImpl(253)) - 6d4f4a2b-908a-44c0-8dce-7a4ce83b0e89: GrpcService started, listening on 45247
2021-08-21 01:41:47,192 [EndpointStateMachine task thread for /0.0.0.0:39161 - 0 ] INFO  ratis.XceiverServerRatis (XceiverServerRatis.java:getRealPort(503)) - XceiverServerRatis 6d4f4a2b-908a-44c0-8dce-7a4ce83b0e89 is started using port 45247 for RATIS
2021-08-21 01:41:47,192 [EndpointStateMachine task thread for /0.0.0.0:39161 - 0 ] INFO  ratis.XceiverServerRatis (XceiverServerRatis.java:getRealPort(503)) - XceiverServerRatis 6d4f4a2b-908a-44c0-8dce-7a4ce83b0e89 is started using port 45247 for RATIS_ADMIN
2021-08-21 01:41:47,192 [EndpointStateMachine task thread for /0.0.0.0:39161 - 0 ] INFO  ratis.XceiverServerRatis (XceiverServerRatis.java:getRealPort(503)) - XceiverServerRatis 6d4f4a2b-908a-44c0-8dce-7a4ce83b0e89 is started using port 45247 for RATIS_SERVER
2021-08-21 01:41:47,192 [org.apache.ratis.util.JvmPauseMonitor$$Lambda$536/1549433175@6bbc49b9] INFO  util.JvmPauseMonitor (JvmPauseMonitor.java:run(103)) - JvmPauseMonitor-6d4f4a2b-908a-44c0-8dce-7a4ce83b0e89: Started
2021-08-21 01:41:47,194 [EndpointStateMachine task thread for /0.0.0.0:39161 - 0 ] INFO  server.XceiverServerGrpc (XceiverServerGrpc.java:start(135)) - XceiverServerGrpc 6d4f4a2b-908a-44c0-8dce-7a4ce83b0e89 is started using port 33521
2021-08-21 01:41:47,357 [Listener at 127.0.0.1/11936] INFO  ozone.MiniOzoneClusterImpl (MiniOzoneClusterImpl.java:lambda$waitForClusterToBeReady$0(235)) - Waiting for nodes to be ready. Got 0 of 3 DN Heartbeats.
2021-08-21 01:41:47,357 [Listener at 127.0.0.1/11936] INFO  ozone.MiniOzoneClusterImpl (MiniOzoneClusterImpl.java:lambda$waitForClusterToBeReady$0(238)) - Waiting for cluster to exit safe mode
2021-08-21 01:41:47,357 [Listener at 127.0.0.1/11936] INFO  ozone.MiniOzoneClusterImpl (MiniOzoneClusterImpl.java:lambda$waitForClusterToBeReady$0(240)) - SCM became leader
2021-08-21 01:41:47,365 [EndpointStateMachine task thread for /0.0.0.0:39161 - 0 ] INFO  ozoneimpl.OzoneContainer (OzoneContainer.java:start(305)) - Attempting to start container services.
2021-08-21 01:41:47,365 [EndpointStateMachine task thread for /0.0.0.0:39161 - 0 ] INFO  ozoneimpl.OzoneContainer (OzoneContainer.java:startContainerScrub(250)) - Background container scanner has been disabled.
2021-08-21 01:41:47,369 [EndpointStateMachine task thread for /0.0.0.0:39161 - 0 ] INFO  replication.ReplicationServer (ReplicationServer.java:start(106)) - ReplicationServer is started using port 36241
2021-08-21 01:41:47,371 [EndpointStateMachine task thread for /0.0.0.0:39161 - 0 ] INFO  ratis.XceiverServerRatis (XceiverServerRatis.java:start(482)) - Starting XceiverServerRatis 4a0ceec5-2fcf-430e-9ae7-7442e0b596cf
2021-08-21 01:41:47,374 [EndpointStateMachine task thread for /0.0.0.0:39161 - 0 ] INFO  server.RaftServer (RaftServerProxy.java:lambda$start$5(374)) - 4a0ceec5-2fcf-430e-9ae7-7442e0b596cf: start RPC server
2021-08-21 01:41:47,375 [EndpointStateMachine task thread for /0.0.0.0:39161 - 0 ] INFO  server.GrpcService (GrpcService.java:startImpl(253)) - 4a0ceec5-2fcf-430e-9ae7-7442e0b596cf: GrpcService started, listening on 38401
2021-08-21 01:41:47,375 [EndpointStateMachine task thread for /0.0.0.0:39161 - 0 ] INFO  ratis.XceiverServerRatis (XceiverServerRatis.java:getRealPort(503)) - XceiverServerRatis 4a0ceec5-2fcf-430e-9ae7-7442e0b596cf is started using port 38401 for RATIS
2021-08-21 01:41:47,375 [EndpointStateMachine task thread for /0.0.0.0:39161 - 0 ] INFO  ratis.XceiverServerRatis (XceiverServerRatis.java:getRealPort(503)) - XceiverServerRatis 4a0ceec5-2fcf-430e-9ae7-7442e0b596cf is started using port 38401 for RATIS_ADMIN
2021-08-21 01:41:47,375 [EndpointStateMachine task thread for /0.0.0.0:39161 - 0 ] INFO  ratis.XceiverServerRatis (XceiverServerRatis.java:getRealPort(503)) - XceiverServerRatis 4a0ceec5-2fcf-430e-9ae7-7442e0b596cf is started using port 38401 for RATIS_SERVER
2021-08-21 01:41:47,376 [org.apache.ratis.util.JvmPauseMonitor$$Lambda$536/1549433175@3644b567] INFO  util.JvmPauseMonitor (JvmPauseMonitor.java:run(103)) - JvmPauseMonitor-4a0ceec5-2fcf-430e-9ae7-7442e0b596cf: Started
2021-08-21 01:41:47,378 [EndpointStateMachine task thread for /0.0.0.0:39161 - 0 ] INFO  server.XceiverServerGrpc (XceiverServerGrpc.java:start(135)) - XceiverServerGrpc 4a0ceec5-2fcf-430e-9ae7-7442e0b596cf is started using port 43547
2021-08-21 01:41:48,357 [Listener at 127.0.0.1/11936] INFO  ozone.MiniOzoneClusterImpl (MiniOzoneClusterImpl.java:lambda$waitForClusterToBeReady$0(235)) - Waiting for nodes to be ready. Got 0 of 3 DN Heartbeats.
2021-08-21 01:41:48,357 [Listener at 127.0.0.1/11936] INFO  ozone.MiniOzoneClusterImpl (MiniOzoneClusterImpl.java:lambda$waitForClusterToBeReady$0(238)) - Waiting for cluster to exit safe mode
2021-08-21 01:41:48,357 [Listener at 127.0.0.1/11936] INFO  ozone.MiniOzoneClusterImpl (MiniOzoneClusterImpl.java:lambda$waitForClusterToBeReady$0(240)) - SCM became leader
2021-08-21 01:41:48,840 [IPC Server handler 0 on default port 39161] INFO  net.NetworkTopologyImpl (NetworkTopologyImpl.java:add(112)) - Added a new node: /default-rack/eb4e2853-1640-4057-8e90-7cd4a46526af
2021-08-21 01:41:48,843 [IPC Server handler 0 on default port 39161] INFO  node.SCMNodeManager (SCMNodeManager.java:register(390)) - Registered Data node : eb4e2853-1640-4057-8e90-7cd4a46526af{ip: 10.1.0.26, host: fv-az148-687, ports: [REPLICATION=46739, RATIS=38129, RATIS_ADMIN=38129, RATIS_SERVER=38129, STANDALONE=42611], networkLocation: /default-rack, certSerialId: null, persistedOpState: null, persistedOpStateExpiryEpochSec: 0}
2021-08-21 01:41:48,848 [EventQueue-NewNodeForNewNodeHandler] INFO  pipeline.BackgroundPipelineCreator (BackgroundPipelineCreatorV2.java:notifyEventTriggered(285)) - trigger a one-shot run on RatisPipelineUtilsThread.
2021-08-21 01:41:48,858 [RatisPipelineUtilsThread - 0] INFO  pipeline.RatisPipelineProvider (RatisPipelineProvider.java:lambda$create$0(183)) - Sending CreatePipelineCommand for pipeline:PipelineID=c27ea837-9390-4885-8c65-2a1f55711acd to datanode:eb4e2853-1640-4057-8e90-7cd4a46526af
2021-08-21 01:41:48,861 [EventQueue-NodeRegistrationContainerReportForDataNodeSafeModeRule] INFO  safemode.SCMSafeModeManager (DataNodeSafeModeRule.java:process(71)) - SCM in safe mode. 1 DataNodes registered, 3 required.
2021-08-21 01:41:48,862 [EventQueue-NodeRegistrationContainerReportForContainerSafeModeRule] INFO  safemode.SCMSafeModeManager (SCMSafeModeManager.java:validateSafeModeExitRules(204)) - ContainerSafeModeRule rule is successfully validated
2021-08-21 01:41:48,864 [EventQueue-PipelineReportForOneReplicaPipelineSafeModeRule] INFO  safemode.SCMSafeModeManager (SCMSafeModeManager.java:validateSafeModeExitRules(204)) - AtleastOneDatanodeReportedRule rule is successfully validated
2021-08-21 01:41:48,872 [RatisPipelineUtilsThread - 0] INFO  pipeline.PipelineStateManager (PipelineStateManagerV2Impl.java:addPipeline(101)) - Created pipeline Pipeline[ Id: c27ea837-9390-4885-8c65-2a1f55711acd, Nodes: eb4e2853-1640-4057-8e90-7cd4a46526af{ip: 10.1.0.26, host: fv-az148-687, ports: [REPLICATION=46739, RATIS=38129, RATIS_ADMIN=38129, RATIS_SERVER=38129, STANDALONE=42611], networkLocation: /default-rack, certSerialId: null, persistedOpState: IN_SERVICE, persistedOpStateExpiryEpochSec: 0}, ReplicationConfig: RATIS/ONE, State:ALLOCATED, leaderId:, CreationTimestamp2021-08-21T01:41:48.856Z[Etc/UTC]].
2021-08-21 01:41:49,182 [IPC Server handler 1 on default port 39161] INFO  net.NetworkTopologyImpl (NetworkTopologyImpl.java:add(112)) - Added a new node: /default-rack/6d4f4a2b-908a-44c0-8dce-7a4ce83b0e89
2021-08-21 01:41:49,182 [IPC Server handler 1 on default port 39161] INFO  node.SCMNodeManager (SCMNodeManager.java:register(390)) - Registered Data node : 6d4f4a2b-908a-44c0-8dce-7a4ce83b0e89{ip: 10.1.0.26, host: fv-az148-687, ports: [REPLICATION=42171, RATIS=45247, RATIS_ADMIN=45247, RATIS_SERVER=45247, STANDALONE=33521], networkLocation: /default-rack, certSerialId: null, persistedOpState: null, persistedOpStateExpiryEpochSec: 0}
2021-08-21 01:41:49,182 [EventQueue-NewNodeForNewNodeHandler] INFO  pipeline.BackgroundPipelineCreator (BackgroundPipelineCreatorV2.java:notifyEventTriggered(285)) - trigger a one-shot run on RatisPipelineUtilsThread.
2021-08-21 01:41:49,183 [EventQueue-NodeRegistrationContainerReportForDataNodeSafeModeRule] INFO  safemode.SCMSafeModeManager (DataNodeSafeModeRule.java:process(71)) - SCM in safe mode. 2 DataNodes registered, 3 required.
2021-08-21 01:41:49,184 [RatisPipelineUtilsThread - 0] INFO  pipeline.RatisPipelineProvider (RatisPipelineProvider.java:lambda$create$0(183)) - Sending CreatePipelineCommand for pipeline:PipelineID=60e3d6a4-e67b-4d32-8fe0-0d3987690834 to datanode:6d4f4a2b-908a-44c0-8dce-7a4ce83b0e89
2021-08-21 01:41:49,185 [RatisPipelineUtilsThread - 0] INFO  pipeline.PipelineStateManager (PipelineStateManagerV2Impl.java:addPipeline(101)) - Created pipeline Pipeline[ Id: 60e3d6a4-e67b-4d32-8fe0-0d3987690834, Nodes: 6d4f4a2b-908a-44c0-8dce-7a4ce83b0e89{ip: 10.1.0.26, host: fv-az148-687, ports: [REPLICATION=42171, RATIS=45247, RATIS_ADMIN=45247, RATIS_SERVER=45247, STANDALONE=33521], networkLocation: /default-rack, certSerialId: null, persistedOpState: IN_SERVICE, persistedOpStateExpiryEpochSec: 0}, ReplicationConfig: RATIS/ONE, State:ALLOCATED, leaderId:, CreationTimestamp2021-08-21T01:41:49.184Z[Etc/UTC]].
2021-08-21 01:41:49,358 [Listener at 127.0.0.1/11936] INFO  ozone.MiniOzoneClusterImpl (MiniOzoneClusterImpl.java:lambda$waitForClusterToBeReady$0(235)) - Waiting for nodes to be ready. Got 2 of 3 DN Heartbeats.
2021-08-21 01:41:49,358 [Listener at 127.0.0.1/11936] INFO  ozone.MiniOzoneClusterImpl (MiniOzoneClusterImpl.java:lambda$waitForClusterToBeReady$0(238)) - Waiting for cluster to exit safe mode
2021-08-21 01:41:49,358 [Listener at 127.0.0.1/11936] INFO  ozone.MiniOzoneClusterImpl (MiniOzoneClusterImpl.java:lambda$waitForClusterToBeReady$0(240)) - SCM became leader
2021-08-21 01:41:49,362 [IPC Server handler 2 on default port 39161] INFO  net.NetworkTopologyImpl (NetworkTopologyImpl.java:add(112)) - Added a new node: /default-rack/4a0ceec5-2fcf-430e-9ae7-7442e0b596cf
2021-08-21 01:41:49,363 [IPC Server handler 2 on default port 39161] INFO  node.SCMNodeManager (SCMNodeManager.java:register(390)) - Registered Data node : 4a0ceec5-2fcf-430e-9ae7-7442e0b596cf{ip: 10.1.0.26, host: fv-az148-687, ports: [REPLICATION=36241, RATIS=38401, RATIS_ADMIN=38401, RATIS_SERVER=38401, STANDALONE=43547], networkLocation: /default-rack, certSerialId: null, persistedOpState: null, persistedOpStateExpiryEpochSec: 0}
2021-08-21 01:41:49,363 [EventQueue-NewNodeForNewNodeHandler] INFO  pipeline.BackgroundPipelineCreator (BackgroundPipelineCreatorV2.java:notifyEventTriggered(285)) - trigger a one-shot run on RatisPipelineUtilsThread.
2021-08-21 01:41:49,364 [EventQueue-NodeRegistrationContainerReportForDataNodeSafeModeRule] INFO  safemode.SCMSafeModeManager (DataNodeSafeModeRule.java:process(71)) - SCM in safe mode. 3 DataNodes registered, 3 required.
2021-08-21 01:41:49,364 [EventQueue-NodeRegistrationContainerReportForDataNodeSafeModeRule] INFO  safemode.SCMSafeModeManager (SCMSafeModeManager.java:validateSafeModeExitRules(204)) - DataNodeSafeModeRule rule is successfully validated
2021-08-21 01:41:49,364 [EventQueue-NodeRegistrationContainerReportForDataNodeSafeModeRule] INFO  safemode.SCMSafeModeManager (SCMSafeModeManager.java:completePreCheck(233)) - All SCM safe mode pre check rules have passed
2021-08-21 01:41:49,364 [EventQueue-NodeRegistrationContainerReportForDataNodeSafeModeRule] WARN  events.EventQueue (EventQueue.java:fireEvent(194)) - No event handler registered for event TypedEvent{payloadType=SafeModeStatus, name='Safe mode status'}
2021-08-21 01:41:49,364 [EventQueue-NodeRegistrationContainerReportForDataNodeSafeModeRule] INFO  ha.SCMContext (SCMContext.java:updateSafeModeStatus(205)) - Update SafeModeStatus from SafeModeStatus{safeModeStatus=true, preCheckPassed=false} to SafeModeStatus{safeModeStatus=true, preCheckPassed=true}.
2021-08-21 01:41:49,364 [EventQueue-NodeRegistrationContainerReportForDataNodeSafeModeRule] INFO  pipeline.BackgroundPipelineCreator (BackgroundPipelineCreatorV2.java:notifyEventTriggered(285)) - trigger a one-shot run on RatisPipelineUtilsThread.
2021-08-21 01:41:49,365 [RatisPipelineUtilsThread - 0] INFO  pipeline.RatisPipelineProvider (RatisPipelineProvider.java:lambda$create$0(183)) - Sending CreatePipelineCommand for pipeline:PipelineID=d9326555-7564-4ef0-b534-de38657f5bb1 to datanode:4a0ceec5-2fcf-430e-9ae7-7442e0b596cf
2021-08-21 01:41:49,365 [RatisPipelineUtilsThread - 0] INFO  pipeline.PipelineStateManager (PipelineStateManagerV2Impl.java:addPipeline(101)) - Created pipeline Pipeline[ Id: d9326555-7564-4ef0-b534-de38657f5bb1, Nodes: 4a0ceec5-2fcf-430e-9ae7-7442e0b596cf{ip: 10.1.0.26, host: fv-az148-687, ports: [REPLICATION=36241, RATIS=38401, RATIS_ADMIN=38401, RATIS_SERVER=38401, STANDALONE=43547], networkLocation: /default-rack, certSerialId: null, persistedOpState: IN_SERVICE, persistedOpStateExpiryEpochSec: 0}, ReplicationConfig: RATIS/ONE, State:ALLOCATED, leaderId:, CreationTimestamp2021-08-21T01:41:49.365Z[Etc/UTC]].
2021-08-21 01:41:49,368 [RatisPipelineUtilsThread - 0] INFO  pipeline.RatisPipelineProvider (RatisPipelineProvider.java:lambda$create$0(183)) - Sending CreatePipelineCommand for pipeline:PipelineID=c76c38ee-75ae-4700-bf4e-2ead7310da65 to datanode:eb4e2853-1640-4057-8e90-7cd4a46526af
2021-08-21 01:41:49,368 [RatisPipelineUtilsThread - 0] INFO  pipeline.RatisPipelineProvider (RatisPipelineProvider.java:lambda$create$0(183)) - Sending CreatePipelineCommand for pipeline:PipelineID=c76c38ee-75ae-4700-bf4e-2ead7310da65 to datanode:4a0ceec5-2fcf-430e-9ae7-7442e0b596cf
2021-08-21 01:41:49,368 [RatisPipelineUtilsThread - 0] INFO  pipeline.RatisPipelineProvider (RatisPipelineProvider.java:lambda$create$0(183)) - Sending CreatePipelineCommand for pipeline:PipelineID=c76c38ee-75ae-4700-bf4e-2ead7310da65 to datanode:6d4f4a2b-908a-44c0-8dce-7a4ce83b0e89
2021-08-21 01:41:49,369 [RatisPipelineUtilsThread - 0] INFO  pipeline.PipelineStateManager (PipelineStateManagerV2Impl.java:addPipeline(101)) - Created pipeline Pipeline[ Id: c76c38ee-75ae-4700-bf4e-2ead7310da65, Nodes: eb4e2853-1640-4057-8e90-7cd4a46526af{ip: 10.1.0.26, host: fv-az148-687, ports: [REPLICATION=46739, RATIS=38129, RATIS_ADMIN=38129, RATIS_SERVER=38129, STANDALONE=42611], networkLocation: /default-rack, certSerialId: null, persistedOpState: IN_SERVICE, persistedOpStateExpiryEpochSec: 0}4a0ceec5-2fcf-430e-9ae7-7442e0b596cf{ip: 10.1.0.26, host: fv-az148-687, ports: [REPLICATION=36241, RATIS=38401, RATIS_ADMIN=38401, RATIS_SERVER=38401, STANDALONE=43547], networkLocation: /default-rack, certSerialId: null, persistedOpState: IN_SERVICE, persistedOpStateExpiryEpochSec: 0}6d4f4a2b-908a-44c0-8dce-7a4ce83b0e89{ip: 10.1.0.26, host: fv-az148-687, ports: [REPLICATION=42171, RATIS=45247, RATIS_ADMIN=45247, RATIS_SERVER=45247, STANDALONE=33521], networkLocation: /default-rack, certSerialId: null, persistedOpState: IN_SERVICE, persistedOpStateExpiryEpochSec: 0}, ReplicationConfig: RATIS/THREE, State:ALLOCATED, leaderId:, CreationTimestamp2021-08-21T01:41:49.368Z[Etc/UTC]].
2021-08-21 01:41:49,370 [RatisPipelineUtilsThread - 0] INFO  pipeline.RatisPipelineProvider (RatisPipelineProvider.java:lambda$create$0(183)) - Sending CreatePipelineCommand for pipeline:PipelineID=d7c149e0-3109-418c-8553-27cbbbe1e3f9 to datanode:6d4f4a2b-908a-44c0-8dce-7a4ce83b0e89
2021-08-21 01:41:49,370 [RatisPipelineUtilsThread - 0] INFO  pipeline.RatisPipelineProvider (RatisPipelineProvider.java:lambda$create$0(183)) - Sending CreatePipelineCommand for pipeline:PipelineID=d7c149e0-3109-418c-8553-27cbbbe1e3f9 to datanode:eb4e2853-1640-4057-8e90-7cd4a46526af
2021-08-21 01:41:49,370 [RatisPipelineUtilsThread - 0] INFO  pipeline.RatisPipelineProvider (RatisPipelineProvider.java:lambda$create$0(183)) - Sending CreatePipelineCommand for pipeline:PipelineID=d7c149e0-3109-418c-8553-27cbbbe1e3f9 to datanode:4a0ceec5-2fcf-430e-9ae7-7442e0b596cf
2021-08-21 01:41:49,371 [RatisPipelineUtilsThread - 0] INFO  pipeline.PipelineStateManager (PipelineStateManagerV2Impl.java:addPipeline(101)) - Created pipeline Pipeline[ Id: d7c149e0-3109-418c-8553-27cbbbe1e3f9, Nodes: 6d4f4a2b-908a-44c0-8dce-7a4ce83b0e89{ip: 10.1.0.26, host: fv-az148-687, ports: [REPLICATION=42171, RATIS=45247, RATIS_ADMIN=45247, RATIS_SERVER=45247, STANDALONE=33521], networkLocation: /default-rack, certSerialId: null, persistedOpState: IN_SERVICE, persistedOpStateExpiryEpochSec: 0}eb4e2853-1640-4057-8e90-7cd4a46526af{ip: 10.1.0.26, host: fv-az148-687, ports: [REPLICATION=46739, RATIS=38129, RATIS_ADMIN=38129, RATIS_SERVER=38129, STANDALONE=42611], networkLocation: /default-rack, certSerialId: null, persistedOpState: IN_SERVICE, persistedOpStateExpiryEpochSec: 0}4a0ceec5-2fcf-430e-9ae7-7442e0b596cf{ip: 10.1.0.26, host: fv-az148-687, ports: [REPLICATION=36241, RATIS=38401, RATIS_ADMIN=38401, RATIS_SERVER=38401, STANDALONE=43547], networkLocation: /default-rack, certSerialId: null, persistedOpState: IN_SERVICE, persistedOpStateExpiryEpochSec: 0}, ReplicationConfig: RATIS/THREE, State:ALLOCATED, leaderId:, CreationTimestamp2021-08-21T01:41:49.370Z[Etc/UTC]].
2021-08-21 01:41:49,371 [RatisPipelineUtilsThread - 0] INFO  pipeline.PipelineManagerImpl (PipelineManagerImpl.java:recordMetricsForPipeline(614)) - Pipeline: PipelineID=d7c149e0-3109-418c-8553-27cbbbe1e3f9 contains same datanodes as previous pipelines: PipelineID=c76c38ee-75ae-4700-bf4e-2ead7310da65 nodeIds: 6d4f4a2b-908a-44c0-8dce-7a4ce83b0e89, eb4e2853-1640-4057-8e90-7cd4a46526af, 4a0ceec5-2fcf-430e-9ae7-7442e0b596cf
2021-08-21 01:41:50,358 [Listener at 127.0.0.1/11936] INFO  ozone.MiniOzoneClusterImpl (MiniOzoneClusterImpl.java:lambda$waitForClusterToBeReady$0(235)) - Nodes are ready. Got 3 of 3 DN Heartbeats.
2021-08-21 01:41:50,359 [Listener at 127.0.0.1/11936] INFO  ozone.MiniOzoneClusterImpl (MiniOzoneClusterImpl.java:lambda$waitForClusterToBeReady$0(238)) - Waiting for cluster to exit safe mode
2021-08-21 01:41:50,359 [Listener at 127.0.0.1/11936] INFO  ozone.MiniOzoneClusterImpl (MiniOzoneClusterImpl.java:lambda$waitForClusterToBeReady$0(240)) - SCM became leader
2021-08-21 01:41:51,359 [Listener at 127.0.0.1/11936] INFO  ozone.MiniOzoneClusterImpl (MiniOzoneClusterImpl.java:lambda$waitForClusterToBeReady$0(235)) - Nodes are ready. Got 3 of 3 DN Heartbeats.
2021-08-21 01:41:51,359 [Listener at 127.0.0.1/11936] INFO  ozone.MiniOzoneClusterImpl (MiniOzoneClusterImpl.java:lambda$waitForClusterToBeReady$0(238)) - Waiting for cluster to exit safe mode
2021-08-21 01:41:51,359 [Listener at 127.0.0.1/11936] INFO  ozone.MiniOzoneClusterImpl (MiniOzoneClusterImpl.java:lambda$waitForClusterToBeReady$0(240)) - SCM became leader
2021-08-21 01:41:51,825 [Command processor thread] INFO  server.RaftServer (RaftServerProxy.java:addNew(95)) - eb4e2853-1640-4057-8e90-7cd4a46526af: addNew group-2A1F55711ACD:[eb4e2853-1640-4057-8e90-7cd4a46526af|rpc:10.1.0.26:38129|priority:1] returns group-2A1F55711ACD:java.util.concurrent.CompletableFuture@27b3c55f[Not completed]
2021-08-21 01:41:51,832 [pool-97-thread-1] INFO  server.RaftServer$Division (RaftServerImpl.java:<init>(181)) - eb4e2853-1640-4057-8e90-7cd4a46526af: new RaftServerImpl for group-2A1F55711ACD:[eb4e2853-1640-4057-8e90-7cd4a46526af|rpc:10.1.0.26:38129|priority:1] with ContainerStateMachine:uninitialized
2021-08-21 01:41:51,832 [pool-97-thread-1] INFO  server.RaftServerConfigKeys (ConfUtils.java:logGet(44)) - raft.server.rpc.timeout.min = 5s (custom)
2021-08-21 01:41:51,833 [pool-97-thread-1] INFO  server.RaftServerConfigKeys (ConfUtils.java:logGet(44)) - raft.server.rpc.timeout.max = 5200ms (custom)
2021-08-21 01:41:51,833 [pool-97-thread-1] INFO  server.RaftServerConfigKeys (ConfUtils.java:logGet(44)) - raft.server.rpc.sleep.time = 25ms (default)
2021-08-21 01:41:51,833 [pool-97-thread-1] INFO  server.RaftServerConfigKeys (ConfUtils.java:logGet(44)) - raft.server.rpc.slowness.timeout = 300s (custom)
2021-08-21 01:41:51,833 [pool-97-thread-1] INFO  server.RaftServerConfigKeys (ConfUtils.java:logGet(44)) - raft.server.leaderelection.leader.step-down.wait-time = 10s (default)
2021-08-21 01:41:51,833 [pool-97-thread-1] INFO  server.RaftServerConfigKeys (ConfUtils.java:logGet(44)) - raft.server.sleep.deviation.threshold = 300ms (default)
2021-08-21 01:41:51,833 [pool-97-thread-1] INFO  server.RaftServerConfigKeys (ConfUtils.java:logGet(44)) - raft.server.log.appender.install.snapshot.enabled = false (custom)
2021-08-21 01:41:51,833 [pool-97-thread-1] INFO  server.RaftServer$Division (ServerState.java:<init>(105)) - eb4e2853-1640-4057-8e90-7cd4a46526af@group-2A1F55711ACD: ConfigurationManager, init=-1: [eb4e2853-1640-4057-8e90-7cd4a46526af|rpc:10.1.0.26:38129|priority:1], old=null, confs=<EMPTY_MAP>
2021-08-21 01:41:51,833 [pool-97-thread-1] INFO  server.RaftServerConfigKeys (ConfUtils.java:logGet(44)) - raft.server.storage.dir = [/home/runner/work/ozone/ozone/hadoop-ozone/integration-test/target/test-dir/MiniOzoneClusterImpl-ac918204-cb9e-461d-be45-7a6421e2bbc3/datanode-0/data/ratis] (custom)
2021-08-21 01:41:51,834 [pool-97-thread-1] INFO  server.RaftServerConfigKeys (ConfUtils.java:logGet(44)) - raft.server.log.corruption.policy = EXCEPTION (default)
2021-08-21 01:41:51,834 [pool-97-thread-1] INFO  server.RaftServerConfigKeys (ConfUtils.java:logGet(44)) - raft.server.storage.free-space.min = 0MB (=0) (default)
2021-08-21 01:41:51,834 [pool-97-thread-1] INFO  storage.RaftStorageDirectory (RaftStorageDirectoryImpl.java:analyzeStorage(135)) - The storage directory /home/runner/work/ozone/ozone/hadoop-ozone/integration-test/target/test-dir/MiniOzoneClusterImpl-ac918204-cb9e-461d-be45-7a6421e2bbc3/datanode-0/data/ratis/c27ea837-9390-4885-8c65-2a1f55711acd does not exist. Creating ...
2021-08-21 01:41:51,836 [pool-97-thread-1] INFO  storage.RaftStorageDirectory (RaftStorageDirectoryImpl.java:tryLock(230)) - Lock on /home/runner/work/ozone/ozone/hadoop-ozone/integration-test/target/test-dir/MiniOzoneClusterImpl-ac918204-cb9e-461d-be45-7a6421e2bbc3/datanode-0/data/ratis/c27ea837-9390-4885-8c65-2a1f55711acd/in_use.lock acquired by nodename 801@fv-az148-687
2021-08-21 01:41:51,838 [pool-97-thread-1] INFO  storage.RaftStorage (RaftStorageImpl.java:format(89)) - Storage directory /home/runner/work/ozone/ozone/hadoop-ozone/integration-test/target/test-dir/MiniOzoneClusterImpl-ac918204-cb9e-461d-be45-7a6421e2bbc3/datanode-0/data/ratis/c27ea837-9390-4885-8c65-2a1f55711acd has been successfully formatted.
2021-08-21 01:41:51,841 [pool-97-thread-1] INFO  ratis.ContainerStateMachine (ContainerStateMachine.java:loadSnapshot(225)) - group-2A1F55711ACD: The snapshot info is null. Setting the last applied indexto:(t:0, i:~)
2021-08-21 01:41:51,841 [pool-97-thread-1] INFO  server.RaftServerConfigKeys (ConfUtils.java:logGet(44)) - raft.server.notification.no-leader.timeout = 300s (custom)
2021-08-21 01:41:51,841 [Datanode State Machine Thread - 0] WARN  statemachine.StateContext (StateContext.java:execute(621)) - No available thread in pool for past 1 seconds.
2021-08-21 01:41:51,842 [pool-97-thread-1] INFO  server.RaftServerConfigKeys (ConfUtils.java:logGet(44)) - raft.server.log.use.memory = false (default)
2021-08-21 01:41:51,842 [pool-97-thread-1] INFO  server.RaftServerConfigKeys (ConfUtils.java:logGet(44)) - raft.server.log.purge.gap = 1000000 (custom)
2021-08-21 01:41:51,842 [pool-97-thread-1] INFO  server.RaftServerConfigKeys (ConfUtils.java:logGet(44)) - raft.server.log.appender.buffer.byte-limit = 33554432 (custom)
2021-08-21 01:41:51,842 [pool-97-thread-1] INFO  server.RaftServerConfigKeys (ConfUtils.java:logGet(44)) - raft.server.log.segment.size.max = 1048576 (custom)
2021-08-21 01:41:51,843 [pool-97-thread-1] INFO  server.RaftServerConfigKeys (ConfUtils.java:logGet(44)) - raft.server.log.segment.cache.num.max = 2 (custom)
2021-08-21 01:41:51,843 [pool-97-thread-1] INFO  server.RaftServerConfigKeys (ConfUtils.java:logGet(44)) - raft.server.log.segment.cache.size.max = 200MB (=209715200) (default)
2021-08-21 01:41:51,843 [pool-97-thread-1] INFO  segmented.SegmentedRaftLogWorker (SegmentedRaftLogWorker.java:<init>(182)) - new eb4e2853-1640-4057-8e90-7cd4a46526af@group-2A1F55711ACD-SegmentedRaftLogWorker for RaftStorageImpl:Storage Directory /home/runner/work/ozone/ozone/hadoop-ozone/integration-test/target/test-dir/MiniOzoneClusterImpl-ac918204-cb9e-461d-be45-7a6421e2bbc3/datanode-0/data/ratis/c27ea837-9390-4885-8c65-2a1f55711acd
2021-08-21 01:41:51,843 [pool-97-thread-1] INFO  server.RaftServerConfigKeys (ConfUtils.java:logGet(44)) - raft.server.log.queue.byte-limit = 2147483647 (custom)
2021-08-21 01:41:51,843 [pool-97-thread-1] INFO  server.RaftServerConfigKeys (ConfUtils.java:logGet(44)) - raft.server.log.queue.element-limit = 1024 (custom)
2021-08-21 01:41:51,843 [pool-97-thread-1] INFO  server.RaftServerConfigKeys (ConfUtils.java:logGet(44)) - raft.server.log.segment.size.max = 1048576 (custom)
2021-08-21 01:41:51,843 [pool-97-thread-1] INFO  server.RaftServerConfigKeys (ConfUtils.java:logGet(44)) - raft.server.log.preallocated.size = 16384 (custom)
2021-08-21 01:41:51,844 [pool-97-thread-1] INFO  server.RaftServerConfigKeys (ConfUtils.java:logGet(44)) - raft.server.log.force.sync.num = 128 (default)
2021-08-21 01:41:51,844 [pool-97-thread-1] INFO  server.RaftServerConfigKeys (ConfUtils.java:logGet(44)) - raft.server.log.statemachine.data.sync = true (default)
2021-08-21 01:41:51,844 [pool-97-thread-1] INFO  server.RaftServerConfigKeys (ConfUtils.java:logGet(44)) - raft.server.log.statemachine.data.sync.timeout = 10s (default)
2021-08-21 01:41:51,844 [pool-97-thread-1] INFO  server.RaftServerConfigKeys (ConfUtils.java:logGet(44)) - raft.server.log.statemachine.data.sync.timeout.retry = -1 (default)
2021-08-21 01:41:51,846 [pool-97-thread-1] INFO  server.RaftServerConfigKeys (ConfUtils.java:logGet(44)) - raft.server.log.write.buffer.size = 1048576 (custom)
2021-08-21 01:41:51,846 [pool-97-thread-1] INFO  server.RaftServerConfigKeys (ConfUtils.java:logGet(44)) - raft.server.log.statemachine.data.caching.enabled = true (custom)
2021-08-21 01:41:51,846 [pool-97-thread-1] INFO  segmented.SegmentedRaftLogWorker (SegmentedRaftLogWorker.java:lambda$new$0(133)) - eb4e2853-1640-4057-8e90-7cd4a46526af@group-2A1F55711ACD-SegmentedRaftLogWorker: flushIndex: setUnconditionally 0 -> -1
2021-08-21 01:41:51,846 [pool-97-thread-1] INFO  segmented.SegmentedRaftLogWorker (SegmentedRaftLogWorker.java:lambda$new$0(133)) - eb4e2853-1640-4057-8e90-7cd4a46526af@group-2A1F55711ACD-SegmentedRaftLogWorker: safeCacheEvictIndex: setUnconditionally 0 -> -1
2021-08-21 01:41:51,856 [pool-97-thread-1] INFO  server.RaftServerConfigKeys (ConfUtils.java:logGet(44)) - raft.server.snapshot.auto.trigger.enabled = true (custom)
2021-08-21 01:41:51,856 [pool-97-thread-1] INFO  server.RaftServerConfigKeys (ConfUtils.java:logGet(44)) - raft.server.snapshot.auto.trigger.threshold = 10000 (custom)
2021-08-21 01:41:51,856 [pool-97-thread-1] INFO  server.RaftServerConfigKeys (ConfUtils.java:logGet(44)) - raft.server.snapshot.retention.file.num = 5 (custom)
2021-08-21 01:41:51,856 [pool-97-thread-1] INFO  server.RaftServerConfigKeys (ConfUtils.java:logGet(44)) - raft.server.log.purge.upto.snapshot.index = false (default)
2021-08-21 01:41:51,856 [pool-97-thread-1] INFO  server.RaftServerConfigKeys (ConfUtils.java:logGet(44)) - raft.server.retrycache.expirytime = 600000ms (custom)
2021-08-21 01:41:51,856 [pool-97-thread-1] INFO  server.RaftServerConfigKeys (ConfUtils.java:logGet(44)) - raft.server.retrycache.statistics.expirytime = 100μs (default)
2021-08-21 01:41:51,858 [pool-97-thread-1] INFO  server.RaftServer$Division (RaftServerImpl.java:start(296)) - eb4e2853-1640-4057-8e90-7cd4a46526af@group-2A1F55711ACD: start as a follower, conf=-1: [eb4e2853-1640-4057-8e90-7cd4a46526af|rpc:10.1.0.26:38129|priority:1], old=null
2021-08-21 01:41:51,860 [pool-97-thread-1] INFO  server.RaftServer$Division (RaftServerImpl.java:setRole(285)) - eb4e2853-1640-4057-8e90-7cd4a46526af@group-2A1F55711ACD: changes role from      null to FOLLOWER at term 0 for startAsFollower
2021-08-21 01:41:51,860 [pool-97-thread-1] INFO  impl.RoleInfo (RoleInfo.java:updateAndGet(130)) - eb4e2853-1640-4057-8e90-7cd4a46526af: start eb4e2853-1640-4057-8e90-7cd4a46526af@group-2A1F55711ACD-FollowerState
2021-08-21 01:41:51,861 [pool-97-thread-1] INFO  util.JmxRegister (JmxRegister.java:tryRegister(44)) - Successfully registered JMX Bean with object name Ratis:service=RaftServer,group=group-2A1F55711ACD,id=eb4e2853-1640-4057-8e90-7cd4a46526af
2021-08-21 01:41:51,862 [EventQueue-PipelineReportForPipelineReportHandler] INFO  pipeline.PipelineManagerImpl (PipelineManagerImpl.java:openPipeline(283)) - Pipeline Pipeline[ Id: c27ea837-9390-4885-8c65-2a1f55711acd, Nodes: eb4e2853-1640-4057-8e90-7cd4a46526af{ip: 10.1.0.26, host: fv-az148-687, ports: [REPLICATION=46739, RATIS=38129, RATIS_ADMIN=38129, RATIS_SERVER=38129, STANDALONE=42611], networkLocation: /default-rack, certSerialId: null, persistedOpState: IN_SERVICE, persistedOpStateExpiryEpochSec: 0}, ReplicationConfig: RATIS/ONE, State:ALLOCATED, leaderId:eb4e2853-1640-4057-8e90-7cd4a46526af, CreationTimestamp2021-08-21T01:41:48.856Z[Etc/UTC]] moved to OPEN state
2021-08-21 01:41:51,866 [EventQueue-OpenPipelineForHealthyPipelineSafeModeRule] INFO  safemode.SCMSafeModeManager (HealthyPipelineSafeModeRule.java:process(124)) - SCM in safe mode. Healthy pipelines reported count is 0, required healthy pipeline reported count is 1
2021-08-21 01:41:51,868 [Command processor thread] INFO  ratis.XceiverServerRatis (XceiverServerRatis.java:addGroup(763)) - Created group PipelineID=c27ea837-9390-4885-8c65-2a1f55711acd
2021-08-21 01:41:51,869 [Command processor thread] INFO  commandhandler.CreatePipelineCommandHandler (CreatePipelineCommandHandler.java:handle(106)) - Created Pipeline RATIS ONE PipelineID=c27ea837-9390-4885-8c65-2a1f55711acd.
2021-08-21 01:41:51,869 [Command processor thread] INFO  server.RaftServer (RaftServerProxy.java:addNew(95)) - eb4e2853-1640-4057-8e90-7cd4a46526af: addNew group-2EAD7310DA65:[6d4f4a2b-908a-44c0-8dce-7a4ce83b0e89|rpc:10.1.0.26:45247|priority:0, eb4e2853-1640-4057-8e90-7cd4a46526af|rpc:10.1.0.26:38129|priority:1, 4a0ceec5-2fcf-430e-9ae7-7442e0b596cf|rpc:10.1.0.26:38401|priority:0] returns group-2EAD7310DA65:java.util.concurrent.CompletableFuture@64ce0a62[Not completed]
2021-08-21 01:41:51,870 [pool-97-thread-1] INFO  server.RaftServer$Division (RaftServerImpl.java:<init>(181)) - eb4e2853-1640-4057-8e90-7cd4a46526af: new RaftServerImpl for group-2EAD7310DA65:[6d4f4a2b-908a-44c0-8dce-7a4ce83b0e89|rpc:10.1.0.26:45247|priority:0, eb4e2853-1640-4057-8e90-7cd4a46526af|rpc:10.1.0.26:38129|priority:1, 4a0ceec5-2fcf-430e-9ae7-7442e0b596cf|rpc:10.1.0.26:38401|priority:0] with ContainerStateMachine:uninitialized
2021-08-21 01:41:51,870 [pool-97-thread-1] INFO  server.RaftServerConfigKeys (ConfUtils.java:logGet(44)) - raft.server.rpc.timeout.min = 5s (custom)
2021-08-21 01:41:51,871 [pool-97-thread-1] INFO  server.RaftServerConfigKeys (ConfUtils.java:logGet(44)) - raft.server.rpc.timeout.max = 5200ms (custom)
2021-08-21 01:41:51,871 [pool-97-thread-1] INFO  server.RaftServerConfigKeys (ConfUtils.java:logGet(44)) - raft.server.rpc.sleep.time = 25ms (default)
2021-08-21 01:41:51,871 [pool-97-thread-1] INFO  server.RaftServerConfigKeys (ConfUtils.java:logGet(44)) - raft.server.rpc.slowness.timeout = 300s (custom)
2021-08-21 01:41:51,871 [pool-97-thread-1] INFO  server.RaftServerConfigKeys (ConfUtils.java:logGet(44)) - raft.server.leaderelection.leader.step-down.wait-time = 10s (default)
2021-08-21 01:41:51,871 [pool-97-thread-1] INFO  server.RaftServerConfigKeys (ConfUtils.java:logGet(44)) - raft.server.sleep.deviation.threshold = 300ms (default)
2021-08-21 01:41:51,871 [pool-97-thread-1] INFO  server.RaftServerConfigKeys (ConfUtils.java:logGet(44)) - raft.server.log.appender.install.snapshot.enabled = false (custom)
2021-08-21 01:41:51,871 [pool-97-thread-1] INFO  server.RaftServer$Division (ServerState.java:<init>(105)) - eb4e2853-1640-4057-8e90-7cd4a46526af@group-2EAD7310DA65: ConfigurationManager, init=-1: [6d4f4a2b-908a-44c0-8dce-7a4ce83b0e89|rpc:10.1.0.26:45247|priority:0, eb4e2853-1640-4057-8e90-7cd4a46526af|rpc:10.1.0.26:38129|priority:1, 4a0ceec5-2fcf-430e-9ae7-7442e0b596cf|rpc:10.1.0.26:38401|priority:0], old=null, confs=<EMPTY_MAP>
2021-08-21 01:41:51,871 [pool-97-thread-1] INFO  server.RaftServerConfigKeys (ConfUtils.java:logGet(44)) - raft.server.storage.dir = [/home/runner/work/ozone/ozone/hadoop-ozone/integration-test/target/test-dir/MiniOzoneClusterImpl-ac918204-cb9e-461d-be45-7a6421e2bbc3/datanode-0/data/ratis] (custom)
2021-08-21 01:41:51,871 [pool-97-thread-1] INFO  server.RaftServerConfigKeys (ConfUtils.java:logGet(44)) - raft.server.log.corruption.policy = EXCEPTION (default)
2021-08-21 01:41:51,871 [pool-97-thread-1] INFO  server.RaftServerConfigKeys (ConfUtils.java:logGet(44)) - raft.server.storage.free-space.min = 0MB (=0) (default)
2021-08-21 01:41:51,872 [pool-97-thread-1] INFO  storage.RaftStorageDirectory (RaftStorageDirectoryImpl.java:analyzeStorage(135)) - The storage directory /home/runner/work/ozone/ozone/hadoop-ozone/integration-test/target/test-dir/MiniOzoneClusterImpl-ac918204-cb9e-461d-be45-7a6421e2bbc3/datanode-0/data/ratis/c76c38ee-75ae-4700-bf4e-2ead7310da65 does not exist. Creating ...
2021-08-21 01:41:51,873 [pool-97-thread-1] INFO  storage.RaftStorageDirectory (RaftStorageDirectoryImpl.java:tryLock(230)) - Lock on /home/runner/work/ozone/ozone/hadoop-ozone/integration-test/target/test-dir/MiniOzoneClusterImpl-ac918204-cb9e-461d-be45-7a6421e2bbc3/datanode-0/data/ratis/c76c38ee-75ae-4700-bf4e-2ead7310da65/in_use.lock acquired by nodename 801@fv-az148-687
2021-08-21 01:41:51,874 [pool-97-thread-1] INFO  storage.RaftStorage (RaftStorageImpl.java:format(89)) - Storage directory /home/runner/work/ozone/ozone/hadoop-ozone/integration-test/target/test-dir/MiniOzoneClusterImpl-ac918204-cb9e-461d-be45-7a6421e2bbc3/datanode-0/data/ratis/c76c38ee-75ae-4700-bf4e-2ead7310da65 has been successfully formatted.
2021-08-21 01:41:51,875 [pool-97-thread-1] INFO  ratis.ContainerStateMachine (ContainerStateMachine.java:loadSnapshot(225)) - group-2EAD7310DA65: The snapshot info is null. Setting the last applied indexto:(t:0, i:~)
2021-08-21 01:41:51,875 [pool-97-thread-1] INFO  server.RaftServerConfigKeys (ConfUtils.java:logGet(44)) - raft.server.notification.no-leader.timeout = 300s (custom)
2021-08-21 01:41:51,875 [pool-97-thread-1] INFO  server.RaftServerConfigKeys (ConfUtils.java:logGet(44)) - raft.server.log.use.memory = false (default)
2021-08-21 01:41:51,875 [pool-97-thread-1] INFO  server.RaftServerConfigKeys (ConfUtils.java:logGet(44)) - raft.server.log.purge.gap = 1000000 (custom)
2021-08-21 01:41:51,876 [pool-97-thread-1] INFO  server.RaftServerConfigKeys (ConfUtils.java:logGet(44)) - raft.server.log.appender.buffer.byte-limit = 33554432 (custom)
2021-08-21 01:41:51,876 [pool-97-thread-1] INFO  server.RaftServerConfigKeys (ConfUtils.java:logGet(44)) - raft.server.log.segment.size.max = 1048576 (custom)
2021-08-21 01:41:51,882 [EventQueue-OpenPipelineForHealthyPipelineSafeModeRule] INFO  safemode.SCMSafeModeManager (HealthyPipelineSafeModeRule.java:process(124)) - SCM in safe mode. Healthy pipelines reported count is 0, required healthy pipeline reported count is 1
2021-08-21 01:41:51,882 [pool-97-thread-1] INFO  server.RaftServerConfigKeys (ConfUtils.java:logGet(44)) - raft.server.log.segment.cache.num.max = 2 (custom)
2021-08-21 01:41:51,882 [pool-97-thread-1] INFO  server.RaftServerConfigKeys (ConfUtils.java:logGet(44)) - raft.server.log.segment.cache.size.max = 200MB (=209715200) (default)
2021-08-21 01:41:51,882 [pool-97-thread-1] INFO  segmented.SegmentedRaftLogWorker (SegmentedRaftLogWorker.java:<init>(182)) - new eb4e2853-1640-4057-8e90-7cd4a46526af@group-2EAD7310DA65-SegmentedRaftLogWorker for RaftStorageImpl:Storage Directory /home/runner/work/ozone/ozone/hadoop-ozone/integration-test/target/test-dir/MiniOzoneClusterImpl-ac918204-cb9e-461d-be45-7a6421e2bbc3/datanode-0/data/ratis/c76c38ee-75ae-4700-bf4e-2ead7310da65
2021-08-21 01:41:51,883 [pool-97-thread-1] INFO  server.RaftServerConfigKeys (ConfUtils.java:logGet(44)) - raft.server.log.queue.byte-limit = 2147483647 (custom)
2021-08-21 01:41:51,883 [pool-97-thread-1] INFO  server.RaftServerConfigKeys (ConfUtils.java:logGet(44)) - raft.server.log.queue.element-limit = 1024 (custom)
2021-08-21 01:41:51,883 [pool-97-thread-1] INFO  server.RaftServerConfigKeys (ConfUtils.java:logGet(44)) - raft.server.log.segment.size.max = 1048576 (custom)
2021-08-21 01:41:51,883 [pool-97-thread-1] INFO  server.RaftServerConfigKeys (ConfUtils.java:logGet(44)) - raft.server.log.preallocated.size = 16384 (custom)
2021-08-21 01:41:51,883 [pool-97-thread-1] INFO  server.RaftServerConfigKeys (ConfUtils.java:logGet(44)) - raft.server.log.force.sync.num = 128 (default)
2021-08-21 01:41:51,883 [pool-97-thread-1] INFO  server.RaftServerConfigKeys (ConfUtils.java:logGet(44)) - raft.server.log.statemachine.data.sync = true (default)
2021-08-21 01:41:51,883 [pool-97-thread-1] INFO  server.RaftServerConfigKeys (ConfUtils.java:logGet(44)) - raft.server.log.statemachine.data.sync.timeout = 10s (default)
2021-08-21 01:41:51,883 [pool-97-thread-1] INFO  server.RaftServerConfigKeys (ConfUtils.java:logGet(44)) - raft.server.log.statemachine.data.sync.timeout.retry = -1 (default)
2021-08-21 01:41:51,885 [pool-97-thread-1] INFO  server.RaftServerConfigKeys (ConfUtils.java:logGet(44)) - raft.server.log.write.buffer.size = 1048576 (custom)
2021-08-21 01:41:51,886 [pool-97-thread-1] INFO  server.RaftServerConfigKeys (ConfUtils.java:logGet(44)) - raft.server.log.statemachine.data.caching.enabled = true (custom)
2021-08-21 01:41:51,886 [pool-97-thread-1] INFO  segmented.SegmentedRaftLogWorker (SegmentedRaftLogWorker.java:lambda$new$0(133)) - eb4e2853-1640-4057-8e90-7cd4a46526af@group-2EAD7310DA65-SegmentedRaftLogWorker: flushIndex: setUnconditionally 0 -> -1
2021-08-21 01:41:51,886 [pool-97-thread-1] INFO  segmented.SegmentedRaftLogWorker (SegmentedRaftLogWorker.java:lambda$new$0(133)) - eb4e2853-1640-4057-8e90-7cd4a46526af@group-2EAD7310DA65-SegmentedRaftLogWorker: safeCacheEvictIndex: setUnconditionally 0 -> -1
2021-08-21 01:41:51,887 [pool-97-thread-1] INFO  server.RaftServerConfigKeys (ConfUtils.java:logGet(44)) - raft.server.snapshot.auto.trigger.enabled = true (custom)
2021-08-21 01:41:51,887 [pool-97-thread-1] INFO  server.RaftServerConfigKeys (ConfUtils.java:logGet(44)) - raft.server.snapshot.auto.trigger.threshold = 10000 (custom)
2021-08-21 01:41:51,887 [pool-97-thread-1] INFO  server.RaftServerConfigKeys (ConfUtils.java:logGet(44)) - raft.server.snapshot.retention.file.num = 5 (custom)
2021-08-21 01:41:51,887 [pool-97-thread-1] INFO  server.RaftServerConfigKeys (ConfUtils.java:logGet(44)) - raft.server.log.purge.upto.snapshot.index = false (default)
2021-08-21 01:41:51,888 [pool-97-thread-1] INFO  server.RaftServerConfigKeys (ConfUtils.java:logGet(44)) - raft.server.retrycache.expirytime = 600000ms (custom)
2021-08-21 01:41:51,888 [pool-97-thread-1] INFO  server.RaftServerConfigKeys (ConfUtils.java:logGet(44)) - raft.server.retrycache.statistics.expirytime = 100μs (default)
2021-08-21 01:41:51,889 [pool-97-thread-1] INFO  server.RaftServer$Division (RaftServerImpl.java:start(296)) - eb4e2853-1640-4057-8e90-7cd4a46526af@group-2EAD7310DA65: start as a follower, conf=-1: [6d4f4a2b-908a-44c0-8dce-7a4ce83b0e89|rpc:10.1.0.26:45247|priority:0, eb4e2853-1640-4057-8e90-7cd4a46526af|rpc:10.1.0.26:38129|priority:1, 4a0ceec5-2fcf-430e-9ae7-7442e0b596cf|rpc:10.1.0.26:38401|priority:0], old=null
2021-08-21 01:41:51,889 [pool-97-thread-1] INFO  server.RaftServer$Division (RaftServerImpl.java:setRole(285)) - eb4e2853-1640-4057-8e90-7cd4a46526af@group-2EAD7310DA65: changes role from      null to FOLLOWER at term 0 for startAsFollower
2021-08-21 01:41:51,891 [pool-97-thread-1] INFO  impl.RoleInfo (RoleInfo.java:updateAndGet(130)) - eb4e2853-1640-4057-8e90-7cd4a46526af: start eb4e2853-1640-4057-8e90-7cd4a46526af@group-2EAD7310DA65-FollowerState
2021-08-21 01:41:51,892 [pool-97-thread-1] INFO  util.JmxRegister (JmxRegister.java:tryRegister(44)) - Successfully registered JMX Bean with object name Ratis:service=RaftServer,group=group-2EAD7310DA65,id=eb4e2853-1640-4057-8e90-7cd4a46526af
2021-08-21 01:41:51,893 [Command processor thread] INFO  ratis.XceiverServerRatis (XceiverServerRatis.java:addGroup(763)) - Created group PipelineID=c76c38ee-75ae-4700-bf4e-2ead7310da65
2021-08-21 01:41:51,949 [grpc-default-executor-2] INFO  server.RaftServer (RaftServerProxy.java:addNew(95)) - 4a0ceec5-2fcf-430e-9ae7-7442e0b596cf: addNew group-2EAD7310DA65:[6d4f4a2b-908a-44c0-8dce-7a4ce83b0e89|rpc:10.1.0.26:45247|dataStream:|priority:0, eb4e2853-1640-4057-8e90-7cd4a46526af|rpc:10.1.0.26:38129|dataStream:|priority:1, 4a0ceec5-2fcf-430e-9ae7-7442e0b596cf|rpc:10.1.0.26:38401|dataStream:|priority:0] returns group-2EAD7310DA65:java.util.concurrent.CompletableFuture@1c2dd6c9[Not completed]
2021-08-21 01:41:51,950 [pool-135-thread-1] INFO  server.RaftServer$Division (RaftServerImpl.java:<init>(181)) - 4a0ceec5-2fcf-430e-9ae7-7442e0b596cf: new RaftServerImpl for group-2EAD7310DA65:[6d4f4a2b-908a-44c0-8dce-7a4ce83b0e89|rpc:10.1.0.26:45247|dataStream:|priority:0, eb4e2853-1640-4057-8e90-7cd4a46526af|rpc:10.1.0.26:38129|dataStream:|priority:1, 4a0ceec5-2fcf-430e-9ae7-7442e0b596cf|rpc:10.1.0.26:38401|dataStream:|priority:0] with ContainerStateMachine:uninitialized
2021-08-21 01:41:51,951 [pool-135-thread-1] INFO  server.RaftServerConfigKeys (ConfUtils.java:logGet(44)) - raft.server.rpc.timeout.min = 5s (custom)
2021-08-21 01:41:51,951 [pool-135-thread-1] INFO  server.RaftServerConfigKeys (ConfUtils.java:logGet(44)) - raft.server.rpc.timeout.max = 5200ms (custom)
2021-08-21 01:41:51,951 [pool-135-thread-1] INFO  server.RaftServerConfigKeys (ConfUtils.java:logGet(44)) - raft.server.rpc.sleep.time = 25ms (default)
2021-08-21 01:41:51,951 [pool-135-thread-1] INFO  server.RaftServerConfigKeys (ConfUtils.java:logGet(44)) - raft.server.rpc.slowness.timeout = 300s (custom)
2021-08-21 01:41:51,952 [pool-135-thread-1] INFO  server.RaftServerConfigKeys (ConfUtils.java:logGet(44)) - raft.server.leaderelection.leader.step-down.wait-time = 10s (default)
2021-08-21 01:41:51,952 [pool-135-thread-1] INFO  server.RaftServerConfigKeys (ConfUtils.java:logGet(44)) - raft.server.sleep.deviation.threshold = 300ms (default)
2021-08-21 01:41:51,952 [pool-135-thread-1] INFO  server.RaftServerConfigKeys (ConfUtils.java:logGet(44)) - raft.server.log.appender.install.snapshot.enabled = false (custom)
2021-08-21 01:41:51,952 [pool-135-thread-1] INFO  server.RaftServer$Division (ServerState.java:<init>(105)) - 4a0ceec5-2fcf-430e-9ae7-7442e0b596cf@group-2EAD7310DA65: ConfigurationManager, init=-1: [6d4f4a2b-908a-44c0-8dce-7a4ce83b0e89|rpc:10.1.0.26:45247|dataStream:|priority:0, eb4e2853-1640-4057-8e90-7cd4a46526af|rpc:10.1.0.26:38129|dataStream:|priority:1, 4a0ceec5-2fcf-430e-9ae7-7442e0b596cf|rpc:10.1.0.26:38401|dataStream:|priority:0], old=null, confs=<EMPTY_MAP>
2021-08-21 01:41:51,952 [pool-135-thread-1] INFO  server.RaftServerConfigKeys (ConfUtils.java:logGet(44)) - raft.server.storage.dir = [/home/runner/work/ozone/ozone/hadoop-ozone/integration-test/target/test-dir/MiniOzoneClusterImpl-ac918204-cb9e-461d-be45-7a6421e2bbc3/datanode-2/data/ratis] (custom)
2021-08-21 01:41:51,952 [pool-135-thread-1] INFO  server.RaftServerConfigKeys (ConfUtils.java:logGet(44)) - raft.server.log.corruption.policy = EXCEPTION (default)
2021-08-21 01:41:51,952 [pool-135-thread-1] INFO  server.RaftServerConfigKeys (ConfUtils.java:logGet(44)) - raft.server.storage.free-space.min = 0MB (=0) (default)
2021-08-21 01:41:51,953 [pool-135-thread-1] INFO  storage.RaftStorageDirectory (RaftStorageDirectoryImpl.java:analyzeStorage(135)) - The storage directory /home/runner/work/ozone/ozone/hadoop-ozone/integration-test/target/test-dir/MiniOzoneClusterImpl-ac918204-cb9e-461d-be45-7a6421e2bbc3/datanode-2/data/ratis/c76c38ee-75ae-4700-bf4e-2ead7310da65 does not exist. Creating ...
2021-08-21 01:41:51,954 [pool-135-thread-1] INFO  storage.RaftStorageDirectory (RaftStorageDirectoryImpl.java:tryLock(230)) - Lock on /home/runner/work/ozone/ozone/hadoop-ozone/integration-test/target/test-dir/MiniOzoneClusterImpl-ac918204-cb9e-461d-be45-7a6421e2bbc3/datanode-2/data/ratis/c76c38ee-75ae-4700-bf4e-2ead7310da65/in_use.lock acquired by nodename 801@fv-az148-687
2021-08-21 01:41:51,955 [pool-135-thread-1] INFO  storage.RaftStorage (RaftStorageImpl.java:format(89)) - Storage directory /home/runner/work/ozone/ozone/hadoop-ozone/integration-test/target/test-dir/MiniOzoneClusterImpl-ac918204-cb9e-461d-be45-7a6421e2bbc3/datanode-2/data/ratis/c76c38ee-75ae-4700-bf4e-2ead7310da65 has been successfully formatted.
2021-08-21 01:41:51,956 [pool-135-thread-1] INFO  ratis.ContainerStateMachine (ContainerStateMachine.java:loadSnapshot(225)) - group-2EAD7310DA65: The snapshot info is null. Setting the last applied indexto:(t:0, i:~)
2021-08-21 01:41:51,957 [pool-135-thread-1] INFO  server.RaftServerConfigKeys (ConfUtils.java:logGet(44)) - raft.server.notification.no-leader.timeout = 300s (custom)
2021-08-21 01:41:51,957 [pool-135-thread-1] INFO  server.RaftServerConfigKeys (ConfUtils.java:logGet(44)) - raft.server.log.use.memory = false (default)
2021-08-21 01:41:51,957 [pool-135-thread-1] INFO  server.RaftServerConfigKeys (ConfUtils.java:logGet(44)) - raft.server.log.purge.gap = 1000000 (custom)
2021-08-21 01:41:51,957 [pool-135-thread-1] INFO  server.RaftServerConfigKeys (ConfUtils.java:logGet(44)) - raft.server.log.appender.buffer.byte-limit = 33554432 (custom)
2021-08-21 01:41:51,957 [Datanode State Machine Thread - 0] WARN  statemachine.StateContext (StateContext.java:execute(621)) - No available thread in pool for past 1 seconds.
2021-08-21 01:41:51,960 [pool-135-thread-1] INFO  server.RaftServerConfigKeys (ConfUtils.java:logGet(44)) - raft.server.log.segment.size.max = 1048576 (custom)
2021-08-21 01:41:51,960 [pool-135-thread-1] INFO  server.RaftServerConfigKeys (ConfUtils.java:logGet(44)) - raft.server.log.segment.cache.num.max = 2 (custom)
2021-08-21 01:41:51,960 [pool-135-thread-1] INFO  server.RaftServerConfigKeys (ConfUtils.java:logGet(44)) - raft.server.log.segment.cache.size.max = 200MB (=209715200) (default)
2021-08-21 01:41:51,960 [pool-135-thread-1] INFO  segmented.SegmentedRaftLogWorker (SegmentedRaftLogWorker.java:<init>(182)) - new 4a0ceec5-2fcf-430e-9ae7-7442e0b596cf@group-2EAD7310DA65-SegmentedRaftLogWorker for RaftStorageImpl:Storage Directory /home/runner/work/ozone/ozone/hadoop-ozone/integration-test/target/test-dir/MiniOzoneClusterImpl-ac918204-cb9e-461d-be45-7a6421e2bbc3/datanode-2/data/ratis/c76c38ee-75ae-4700-bf4e-2ead7310da65
2021-08-21 01:41:51,960 [pool-135-thread-1] INFO  server.RaftServerConfigKeys (ConfUtils.java:logGet(44)) - raft.server.log.queue.byte-limit = 2147483647 (custom)
2021-08-21 01:41:51,961 [pool-135-thread-1] INFO  server.RaftServerConfigKeys (ConfUtils.java:logGet(44)) - raft.server.log.queue.element-limit = 1024 (custom)
2021-08-21 01:41:51,961 [pool-135-thread-1] INFO  server.RaftServerConfigKeys (ConfUtils.java:logGet(44)) - raft.server.log.segment.size.max = 1048576 (custom)
2021-08-21 01:41:51,961 [pool-135-thread-1] INFO  server.RaftServerConfigKeys (ConfUtils.java:logGet(44)) - raft.server.log.preallocated.size = 16384 (custom)
2021-08-21 01:41:51,961 [pool-135-thread-1] INFO  server.RaftServerConfigKeys (ConfUtils.java:logGet(44)) - raft.server.log.force.sync.num = 128 (default)
2021-08-21 01:41:51,961 [pool-135-thread-1] INFO  server.RaftServerConfigKeys (ConfUtils.java:logGet(44)) - raft.server.log.statemachine.data.sync = true (default)
2021-08-21 01:41:51,961 [pool-135-thread-1] INFO  server.RaftServerConfigKeys (ConfUtils.java:logGet(44)) - raft.server.log.statemachine.data.sync.timeout = 10s (default)
2021-08-21 01:41:51,961 [pool-135-thread-1] INFO  server.RaftServerConfigKeys (ConfUtils.java:logGet(44)) - raft.server.log.statemachine.data.sync.timeout.retry = -1 (default)
2021-08-21 01:41:51,962 [pool-135-thread-1] INFO  server.RaftServerConfigKeys (ConfUtils.java:logGet(44)) - raft.server.log.write.buffer.size = 1048576 (custom)
2021-08-21 01:41:51,963 [pool-135-thread-1] INFO  server.RaftServerConfigKeys (ConfUtils.java:logGet(44)) - raft.server.log.statemachine.data.caching.enabled = true (custom)
2021-08-21 01:41:51,963 [pool-135-thread-1] INFO  segmented.SegmentedRaftLogWorker (SegmentedRaftLogWorker.java:lambda$new$0(133)) - 4a0ceec5-2fcf-430e-9ae7-7442e0b596cf@group-2EAD7310DA65-SegmentedRaftLogWorker: flushIndex: setUnconditionally 0 -> -1
2021-08-21 01:41:51,963 [pool-135-thread-1] INFO  segmented.SegmentedRaftLogWorker (SegmentedRaftLogWorker.java:lambda$new$0(133)) - 4a0ceec5-2fcf-430e-9ae7-7442e0b596cf@group-2EAD7310DA65-SegmentedRaftLogWorker: safeCacheEvictIndex: setUnconditionally 0 -> -1
2021-08-21 01:41:51,972 [pool-135-thread-1] INFO  server.RaftServerConfigKeys (ConfUtils.java:logGet(44)) - raft.server.snapshot.auto.trigger.enabled = true (custom)
2021-08-21 01:41:51,972 [pool-135-thread-1] INFO  server.RaftServerConfigKeys (ConfUtils.java:logGet(44)) - raft.server.snapshot.auto.trigger.threshold = 10000 (custom)
2021-08-21 01:41:51,972 [pool-135-thread-1] INFO  server.RaftServerConfigKeys (ConfUtils.java:logGet(44)) - raft.server.snapshot.retention.file.num = 5 (custom)
2021-08-21 01:41:51,972 [pool-135-thread-1] INFO  server.RaftServerConfigKeys (ConfUtils.java:logGet(44)) - raft.server.log.purge.upto.snapshot.index = false (default)
2021-08-21 01:41:51,972 [pool-135-thread-1] INFO  server.RaftServerConfigKeys (ConfUtils.java:logGet(44)) - raft.server.retrycache.expirytime = 600000ms (custom)
2021-08-21 01:41:51,972 [pool-135-thread-1] INFO  server.RaftServerConfigKeys (ConfUtils.java:logGet(44)) - raft.server.retrycache.statistics.expirytime = 100μs (default)
2021-08-21 01:41:51,974 [pool-135-thread-1] INFO  server.RaftServer$Division (RaftServerImpl.java:start(296)) - 4a0ceec5-2fcf-430e-9ae7-7442e0b596cf@group-2EAD7310DA65: start as a follower, conf=-1: [6d4f4a2b-908a-44c0-8dce-7a4ce83b0e89|rpc:10.1.0.26:45247|dataStream:|priority:0, eb4e2853-1640-4057-8e90-7cd4a46526af|rpc:10.1.0.26:38129|dataStream:|priority:1, 4a0ceec5-2fcf-430e-9ae7-7442e0b596cf|rpc:10.1.0.26:38401|dataStream:|priority:0], old=null
2021-08-21 01:41:51,974 [pool-135-thread-1] INFO  server.RaftServer$Division (RaftServerImpl.java:setRole(285)) - 4a0ceec5-2fcf-430e-9ae7-7442e0b596cf@group-2EAD7310DA65: changes role from      null to FOLLOWER at term 0 for startAsFollower
2021-08-21 01:41:51,974 [pool-135-thread-1] INFO  impl.RoleInfo (RoleInfo.java:updateAndGet(130)) - 4a0ceec5-2fcf-430e-9ae7-7442e0b596cf: start 4a0ceec5-2fcf-430e-9ae7-7442e0b596cf@group-2EAD7310DA65-FollowerState
2021-08-21 01:41:51,975 [pool-135-thread-1] INFO  util.JmxRegister (JmxRegister.java:tryRegister(44)) - Successfully registered JMX Bean with object name Ratis:service=RaftServer,group=group-2EAD7310DA65,id=4a0ceec5-2fcf-430e-9ae7-7442e0b596cf
2021-08-21 01:41:52,023 [grpc-default-executor-2] INFO  server.RaftServer (RaftServerProxy.java:addNew(95)) - 6d4f4a2b-908a-44c0-8dce-7a4ce83b0e89: addNew group-2EAD7310DA65:[6d4f4a2b-908a-44c0-8dce-7a4ce83b0e89|rpc:10.1.0.26:45247|dataStream:|priority:0, eb4e2853-1640-4057-8e90-7cd4a46526af|rpc:10.1.0.26:38129|dataStream:|priority:1, 4a0ceec5-2fcf-430e-9ae7-7442e0b596cf|rpc:10.1.0.26:38401|dataStream:|priority:0] returns group-2EAD7310DA65:java.util.concurrent.CompletableFuture@37e5602f[Not completed]
2021-08-21 01:41:52,024 [pool-116-thread-1] INFO  server.RaftServer$Division (RaftServerImpl.java:<init>(181)) - 6d4f4a2b-908a-44c0-8dce-7a4ce83b0e89: new RaftServerImpl for group-2EAD7310DA65:[6d4f4a2b-908a-44c0-8dce-7a4ce83b0e89|rpc:10.1.0.26:45247|dataStream:|priority:0, eb4e2853-1640-4057-8e90-7cd4a46526af|rpc:10.1.0.26:38129|dataStream:|priority:1, 4a0ceec5-2fcf-430e-9ae7-7442e0b596cf|rpc:10.1.0.26:38401|dataStream:|priority:0] with ContainerStateMachine:uninitialized
2021-08-21 01:41:52,026 [pool-116-thread-1] INFO  server.RaftServerConfigKeys (ConfUtils.java:logGet(44)) - raft.server.rpc.timeout.min = 5s (custom)
2021-08-21 01:41:52,026 [pool-116-thread-1] INFO  server.RaftServerConfigKeys (ConfUtils.java:logGet(44)) - raft.server.rpc.timeout.max = 5200ms (custom)
2021-08-21 01:41:52,026 [pool-116-thread-1] INFO  server.RaftServerConfigKeys (ConfUtils.java:logGet(44)) - raft.server.rpc.sleep.time = 25ms (default)
2021-08-21 01:41:52,026 [pool-116-thread-1] INFO  server.RaftServerConfigKeys (ConfUtils.java:logGet(44)) - raft.server.rpc.slowness.timeout = 300s (custom)
2021-08-21 01:41:52,026 [pool-116-thread-1] INFO  server.RaftServerConfigKeys (ConfUtils.java:logGet(44)) - raft.server.leaderelection.leader.step-down.wait-time = 10s (default)
2021-08-21 01:41:52,026 [pool-116-thread-1] INFO  server.RaftServerConfigKeys (ConfUtils.java:logGet(44)) - raft.server.sleep.deviation.threshold = 300ms (default)
2021-08-21 01:41:52,026 [pool-116-thread-1] INFO  server.RaftServerConfigKeys (ConfUtils.java:logGet(44)) - raft.server.log.appender.install.snapshot.enabled = false (custom)
2021-08-21 01:41:52,026 [pool-116-thread-1] INFO  server.RaftServer$Division (ServerState.java:<init>(105)) - 6d4f4a2b-908a-44c0-8dce-7a4ce83b0e89@group-2EAD7310DA65: ConfigurationManager, init=-1: [6d4f4a2b-908a-44c0-8dce-7a4ce83b0e89|rpc:10.1.0.26:45247|dataStream:|priority:0, eb4e2853-1640-4057-8e90-7cd4a46526af|rpc:10.1.0.26:38129|dataStream:|priority:1, 4a0ceec5-2fcf-430e-9ae7-7442e0b596cf|rpc:10.1.0.26:38401|dataStream:|priority:0], old=null, confs=<EMPTY_MAP>
2021-08-21 01:41:52,027 [pool-116-thread-1] INFO  server.RaftServerConfigKeys (ConfUtils.java:logGet(44)) - raft.server.storage.dir = [/home/runner/work/ozone/ozone/hadoop-ozone/integration-test/target/test-dir/MiniOzoneClusterImpl-ac918204-cb9e-461d-be45-7a6421e2bbc3/datanode-1/data/ratis] (custom)
2021-08-21 01:41:52,027 [pool-116-thread-1] INFO  server.RaftServerConfigKeys (ConfUtils.java:logGet(44)) - raft.server.log.corruption.policy = EXCEPTION (default)
2021-08-21 01:41:52,027 [pool-116-thread-1] INFO  server.RaftServerConfigKeys (ConfUtils.java:logGet(44)) - raft.server.storage.free-space.min = 0MB (=0) (default)
2021-08-21 01:41:52,027 [pool-116-thread-1] INFO  storage.RaftStorageDirectory (RaftStorageDirectoryImpl.java:analyzeStorage(135)) - The storage directory /home/runner/work/ozone/ozone/hadoop-ozone/integration-test/target/test-dir/MiniOzoneClusterImpl-ac918204-cb9e-461d-be45-7a6421e2bbc3/datanode-1/data/ratis/c76c38ee-75ae-4700-bf4e-2ead7310da65 does not exist. Creating ...
2021-08-21 01:41:52,029 [pool-116-thread-1] INFO  storage.RaftStorageDirectory (RaftStorageDirectoryImpl.java:tryLock(230)) - Lock on /home/runner/work/ozone/ozone/hadoop-ozone/integration-test/target/test-dir/MiniOzoneClusterImpl-ac918204-cb9e-461d-be45-7a6421e2bbc3/datanode-1/data/ratis/c76c38ee-75ae-4700-bf4e-2ead7310da65/in_use.lock acquired by nodename 801@fv-az148-687
2021-08-21 01:41:52,030 [pool-116-thread-1] INFO  storage.RaftStorage (RaftStorageImpl.java:format(89)) - Storage directory /home/runner/work/ozone/ozone/hadoop-ozone/integration-test/target/test-dir/MiniOzoneClusterImpl-ac918204-cb9e-461d-be45-7a6421e2bbc3/datanode-1/data/ratis/c76c38ee-75ae-4700-bf4e-2ead7310da65 has been successfully formatted.
2021-08-21 01:41:52,031 [pool-116-thread-1] INFO  ratis.ContainerStateMachine (ContainerStateMachine.java:loadSnapshot(225)) - group-2EAD7310DA65: The snapshot info is null. Setting the last applied indexto:(t:0, i:~)
2021-08-21 01:41:52,032 [pool-116-thread-1] INFO  server.RaftServerConfigKeys (ConfUtils.java:logGet(44)) - raft.server.notification.no-leader.timeout = 300s (custom)
2021-08-21 01:41:52,032 [pool-116-thread-1] INFO  server.RaftServerConfigKeys (ConfUtils.java:logGet(44)) - raft.server.log.use.memory = false (default)
2021-08-21 01:41:52,032 [pool-116-thread-1] INFO  server.RaftServerConfigKeys (ConfUtils.java:logGet(44)) - raft.server.log.purge.gap = 1000000 (custom)
2021-08-21 01:41:52,033 [pool-116-thread-1] INFO  server.RaftServerConfigKeys (ConfUtils.java:logGet(44)) - raft.server.log.appender.buffer.byte-limit = 33554432 (custom)
2021-08-21 01:41:52,033 [pool-116-thread-1] INFO  server.RaftServerConfigKeys (ConfUtils.java:logGet(44)) - raft.server.log.segment.size.max = 1048576 (custom)
2021-08-21 01:41:52,034 [pool-116-thread-1] INFO  server.RaftServerConfigKeys (ConfUtils.java:logGet(44)) - raft.server.log.segment.cache.num.max = 2 (custom)
2021-08-21 01:41:52,034 [pool-116-thread-1] INFO  server.RaftServerConfigKeys (ConfUtils.java:logGet(44)) - raft.server.log.segment.cache.size.max = 200MB (=209715200) (default)
2021-08-21 01:41:52,034 [pool-116-thread-1] INFO  segmented.SegmentedRaftLogWorker (SegmentedRaftLogWorker.java:<init>(182)) - new 6d4f4a2b-908a-44c0-8dce-7a4ce83b0e89@group-2EAD7310DA65-SegmentedRaftLogWorker for RaftStorageImpl:Storage Directory /home/runner/work/ozone/ozone/hadoop-ozone/integration-test/target/test-dir/MiniOzoneClusterImpl-ac918204-cb9e-461d-be45-7a6421e2bbc3/datanode-1/data/ratis/c76c38ee-75ae-4700-bf4e-2ead7310da65
2021-08-21 01:41:52,034 [pool-116-thread-1] INFO  server.RaftServerConfigKeys (ConfUtils.java:logGet(44)) - raft.server.log.queue.byte-limit = 2147483647 (custom)
2021-08-21 01:41:52,035 [pool-116-thread-1] INFO  server.RaftServerConfigKeys (ConfUtils.java:logGet(44)) - raft.server.log.queue.element-limit = 1024 (custom)
2021-08-21 01:41:52,035 [pool-116-thread-1] INFO  server.RaftServerConfigKeys (ConfUtils.java:logGet(44)) - raft.server.log.segment.size.max = 1048576 (custom)
2021-08-21 01:41:52,035 [pool-116-thread-1] INFO  server.RaftServerConfigKeys (ConfUtils.java:logGet(44)) - raft.server.log.preallocated.size = 16384 (custom)
2021-08-21 01:41:52,035 [pool-116-thread-1] INFO  server.RaftServerConfigKeys (ConfUtils.java:logGet(44)) - raft.server.log.force.sync.num = 128 (default)
2021-08-21 01:41:52,035 [pool-116-thread-1] INFO  server.RaftServerConfigKeys (ConfUtils.java:logGet(44)) - raft.server.log.statemachine.data.sync = true (default)
2021-08-21 01:41:52,035 [pool-116-thread-1] INFO  server.RaftServerConfigKeys (ConfUtils.java:logGet(44)) - raft.server.log.statemachine.data.sync.timeout = 10s (default)
2021-08-21 01:41:52,035 [pool-116-thread-1] INFO  server.RaftServerConfigKeys (ConfUtils.java:logGet(44)) - raft.server.log.statemachine.data.sync.timeout.retry = -1 (default)
2021-08-21 01:41:52,038 [pool-116-thread-1] INFO  server.RaftServerConfigKeys (ConfUtils.java:logGet(44)) - raft.server.log.write.buffer.size = 1048576 (custom)
2021-08-21 01:41:52,038 [pool-116-thread-1] INFO  server.RaftServerConfigKeys (ConfUtils.java:logGet(44)) - raft.server.log.statemachine.data.caching.enabled = true (custom)
2021-08-21 01:41:52,039 [pool-116-thread-1] INFO  segmented.SegmentedRaftLogWorker (SegmentedRaftLogWorker.java:lambda$new$0(133)) - 6d4f4a2b-908a-44c0-8dce-7a4ce83b0e89@group-2EAD7310DA65-SegmentedRaftLogWorker: flushIndex: setUnconditionally 0 -> -1
2021-08-21 01:41:52,039 [pool-116-thread-1] INFO  segmented.SegmentedRaftLogWorker (SegmentedRaftLogWorker.java:lambda$new$0(133)) - 6d4f4a2b-908a-44c0-8dce-7a4ce83b0e89@group-2EAD7310DA65-SegmentedRaftLogWorker: safeCacheEvictIndex: setUnconditionally 0 -> -1
2021-08-21 01:41:52,040 [pool-116-thread-1] INFO  server.RaftServerConfigKeys (ConfUtils.java:logGet(44)) - raft.server.snapshot.auto.trigger.enabled = true (custom)
2021-08-21 01:41:52,040 [pool-116-thread-1] INFO  server.RaftServerConfigKeys (ConfUtils.java:logGet(44)) - raft.server.snapshot.auto.trigger.threshold = 10000 (custom)
2021-08-21 01:41:52,040 [pool-116-thread-1] INFO  server.RaftServerConfigKeys (ConfUtils.java:logGet(44)) - raft.server.snapshot.retention.file.num = 5 (custom)
2021-08-21 01:41:52,040 [pool-116-thread-1] INFO  server.RaftServerConfigKeys (ConfUtils.java:logGet(44)) - raft.server.log.purge.upto.snapshot.index = false (default)
2021-08-21 01:41:52,041 [pool-116-thread-1] INFO  server.RaftServerConfigKeys (ConfUtils.java:logGet(44)) - raft.server.retrycache.expirytime = 600000ms (custom)
2021-08-21 01:41:52,041 [pool-116-thread-1] INFO  server.RaftServerConfigKeys (ConfUtils.java:logGet(44)) - raft.server.retrycache.statistics.expirytime = 100μs (default)
2021-08-21 01:41:52,042 [pool-116-thread-1] INFO  server.RaftServer$Division (RaftServerImpl.java:start(296)) - 6d4f4a2b-908a-44c0-8dce-7a4ce83b0e89@group-2EAD7310DA65: start as a follower, conf=-1: [6d4f4a2b-908a-44c0-8dce-7a4ce83b0e89|rpc:10.1.0.26:45247|dataStream:|priority:0, eb4e2853-1640-4057-8e90-7cd4a46526af|rpc:10.1.0.26:38129|dataStream:|priority:1, 4a0ceec5-2fcf-430e-9ae7-7442e0b596cf|rpc:10.1.0.26:38401|dataStream:|priority:0], old=null
2021-08-21 01:41:52,042 [pool-116-thread-1] INFO  server.RaftServer$Division (RaftServerImpl.java:setRole(285)) - 6d4f4a2b-908a-44c0-8dce-7a4ce83b0e89@group-2EAD7310DA65: changes role from      null to FOLLOWER at term 0 for startAsFollower
2021-08-21 01:41:52,042 [pool-116-thread-1] INFO  impl.RoleInfo (RoleInfo.java:updateAndGet(130)) - 6d4f4a2b-908a-44c0-8dce-7a4ce83b0e89: start 6d4f4a2b-908a-44c0-8dce-7a4ce83b0e89@group-2EAD7310DA65-FollowerState
2021-08-21 01:41:52,043 [pool-116-thread-1] INFO  util.JmxRegister (JmxRegister.java:tryRegister(44)) - Successfully registered JMX Bean with object name Ratis:service=RaftServer,group=group-2EAD7310DA65,id=6d4f4a2b-908a-44c0-8dce-7a4ce83b0e89
2021-08-21 01:41:52,049 [Command processor thread] INFO  commandhandler.CreatePipelineCommandHandler (CreatePipelineCommandHandler.java:handle(106)) - Created Pipeline RATIS THREE PipelineID=c76c38ee-75ae-4700-bf4e-2ead7310da65.
2021-08-21 01:41:52,049 [Command processor thread] INFO  server.RaftServer (RaftServerProxy.java:addNew(95)) - eb4e2853-1640-4057-8e90-7cd4a46526af: addNew group-27CBBBE1E3F9:[6d4f4a2b-908a-44c0-8dce-7a4ce83b0e89|rpc:10.1.0.26:45247|priority:0, eb4e2853-1640-4057-8e90-7cd4a46526af|rpc:10.1.0.26:38129|priority:0, 4a0ceec5-2fcf-430e-9ae7-7442e0b596cf|rpc:10.1.0.26:38401|priority:1] returns group-27CBBBE1E3F9:java.util.concurrent.CompletableFuture@6d8a34e9[Not completed]
2021-08-21 01:41:52,050 [pool-97-thread-1] INFO  server.RaftServer$Division (RaftServerImpl.java:<init>(181)) - eb4e2853-1640-4057-8e90-7cd4a46526af: new RaftServerImpl for group-27CBBBE1E3F9:[6d4f4a2b-908a-44c0-8dce-7a4ce83b0e89|rpc:10.1.0.26:45247|priority:0, eb4e2853-1640-4057-8e90-7cd4a46526af|rpc:10.1.0.26:38129|priority:0, 4a0ceec5-2fcf-430e-9ae7-7442e0b596cf|rpc:10.1.0.26:38401|priority:1] with ContainerStateMachine:uninitialized
2021-08-21 01:41:52,050 [pool-97-thread-1] INFO  server.RaftServerConfigKeys (ConfUtils.java:logGet(44)) - raft.server.rpc.timeout.min = 5s (custom)
2021-08-21 01:41:52,050 [pool-97-thread-1] INFO  server.RaftServerConfigKeys (ConfUtils.java:logGet(44)) - raft.server.rpc.timeout.max = 5200ms (custom)
2021-08-21 01:41:52,050 [pool-97-thread-1] INFO  server.RaftServerConfigKeys (ConfUtils.java:logGet(44)) - raft.server.rpc.sleep.time = 25ms (default)
2021-08-21 01:41:52,050 [pool-97-thread-1] INFO  server.RaftServerConfigKeys (ConfUtils.java:logGet(44)) - raft.server.rpc.slowness.timeout = 300s (custom)
2021-08-21 01:41:52,050 [pool-97-thread-1] INFO  server.RaftServerConfigKeys (ConfUtils.java:logGet(44)) - raft.server.leaderelection.leader.step-down.wait-time = 10s (default)
2021-08-21 01:41:52,050 [pool-97-thread-1] INFO  server.RaftServerConfigKeys (ConfUtils.java:logGet(44)) - raft.server.sleep.deviation.threshold = 300ms (default)
2021-08-21 01:41:52,051 [pool-97-thread-1] INFO  server.RaftServerConfigKeys (ConfUtils.java:logGet(44)) - raft.server.log.appender.install.snapshot.enabled = false (custom)
2021-08-21 01:41:52,051 [pool-97-thread-1] INFO  server.RaftServer$Division (ServerState.java:<init>(105)) - eb4e2853-1640-4057-8e90-7cd4a46526af@group-27CBBBE1E3F9: ConfigurationManager, init=-1: [6d4f4a2b-908a-44c0-8dce-7a4ce83b0e89|rpc:10.1.0.26:45247|priority:0, eb4e2853-1640-4057-8e90-7cd4a46526af|rpc:10.1.0.26:38129|priority:0, 4a0ceec5-2fcf-430e-9ae7-7442e0b596cf|rpc:10.1.0.26:38401|priority:1], old=null, confs=<EMPTY_MAP>
2021-08-21 01:41:52,051 [pool-97-thread-1] INFO  server.RaftServerConfigKeys (ConfUtils.java:logGet(44)) - raft.server.storage.dir = [/home/runner/work/ozone/ozone/hadoop-ozone/integration-test/target/test-dir/MiniOzoneClusterImpl-ac918204-cb9e-461d-be45-7a6421e2bbc3/datanode-0/data/ratis] (custom)
2021-08-21 01:41:52,051 [pool-97-thread-1] INFO  server.RaftServerConfigKeys (ConfUtils.java:logGet(44)) - raft.server.log.corruption.policy = EXCEPTION (default)
2021-08-21 01:41:52,051 [pool-97-thread-1] INFO  server.RaftServerConfigKeys (ConfUtils.java:logGet(44)) - raft.server.storage.free-space.min = 0MB (=0) (default)
2021-08-21 01:41:52,051 [pool-97-thread-1] INFO  storage.RaftStorageDirectory (RaftStorageDirectoryImpl.java:analyzeStorage(135)) - The storage directory /home/runner/work/ozone/ozone/hadoop-ozone/integration-test/target/test-dir/MiniOzoneClusterImpl-ac918204-cb9e-461d-be45-7a6421e2bbc3/datanode-0/data/ratis/d7c149e0-3109-418c-8553-27cbbbe1e3f9 does not exist. Creating ...
2021-08-21 01:41:52,056 [pool-97-thread-1] INFO  storage.RaftStorageDirectory (RaftStorageDirectoryImpl.java:tryLock(230)) - Lock on /home/runner/work/ozone/ozone/hadoop-ozone/integration-test/target/test-dir/MiniOzoneClusterImpl-ac918204-cb9e-461d-be45-7a6421e2bbc3/datanode-0/data/ratis/d7c149e0-3109-418c-8553-27cbbbe1e3f9/in_use.lock acquired by nodename 801@fv-az148-687
2021-08-21 01:41:52,060 [pool-97-thread-1] INFO  storage.RaftStorage (RaftStorageImpl.java:format(89)) - Storage directory /home/runner/work/ozone/ozone/hadoop-ozone/integration-test/target/test-dir/MiniOzoneClusterImpl-ac918204-cb9e-461d-be45-7a6421e2bbc3/datanode-0/data/ratis/d7c149e0-3109-418c-8553-27cbbbe1e3f9 has been successfully formatted.
2021-08-21 01:41:52,061 [Datanode State Machine Thread - 0] WARN  statemachine.StateContext (StateContext.java:execute(621)) - No available thread in pool for past 1 seconds.
2021-08-21 01:41:52,062 [pool-97-thread-1] INFO  ratis.ContainerStateMachine (ContainerStateMachine.java:loadSnapshot(225)) - group-27CBBBE1E3F9: The snapshot info is null. Setting the last applied indexto:(t:0, i:~)
2021-08-21 01:41:52,063 [pool-97-thread-1] INFO  server.RaftServerConfigKeys (ConfUtils.java:logGet(44)) - raft.server.notification.no-leader.timeout = 300s (custom)
2021-08-21 01:41:52,063 [pool-97-thread-1] INFO  server.RaftServerConfigKeys (ConfUtils.java:logGet(44)) - raft.server.log.use.memory = false (default)
2021-08-21 01:41:52,063 [EventQueue-OpenPipelineForHealthyPipelineSafeModeRule] INFO  safemode.SCMSafeModeManager (HealthyPipelineSafeModeRule.java:process(124)) - SCM in safe mode. Healthy pipelines reported count is 0, required healthy pipeline reported count is 1
2021-08-21 01:41:52,063 [pool-97-thread-1] INFO  server.RaftServerConfigKeys (ConfUtils.java:logGet(44)) - raft.server.log.purge.gap = 1000000 (custom)
2021-08-21 01:41:52,064 [pool-97-thread-1] INFO  server.RaftServerConfigKeys (ConfUtils.java:logGet(44)) - raft.server.log.appender.buffer.byte-limit = 33554432 (custom)
2021-08-21 01:41:52,064 [pool-97-thread-1] INFO  server.RaftServerConfigKeys (ConfUtils.java:logGet(44)) - raft.server.log.segment.size.max = 1048576 (custom)
2021-08-21 01:41:52,064 [pool-97-thread-1] INFO  server.RaftServerConfigKeys (ConfUtils.java:logGet(44)) - raft.server.log.segment.cache.num.max = 2 (custom)
2021-08-21 01:41:52,065 [pool-97-thread-1] INFO  server.RaftServerConfigKeys (ConfUtils.java:logGet(44)) - raft.server.log.segment.cache.size.max = 200MB (=209715200) (default)
2021-08-21 01:41:52,065 [pool-97-thread-1] INFO  segmented.SegmentedRaftLogWorker (SegmentedRaftLogWorker.java:<init>(182)) - new eb4e2853-1640-4057-8e90-7cd4a46526af@group-27CBBBE1E3F9-SegmentedRaftLogWorker for RaftStorageImpl:Storage Directory /home/runner/work/ozone/ozone/hadoop-ozone/integration-test/target/test-dir/MiniOzoneClusterImpl-ac918204-cb9e-461d-be45-7a6421e2bbc3/datanode-0/data/ratis/d7c149e0-3109-418c-8553-27cbbbe1e3f9
2021-08-21 01:41:52,065 [pool-97-thread-1] INFO  server.RaftServerConfigKeys (ConfUtils.java:logGet(44)) - raft.server.log.queue.byte-limit = 2147483647 (custom)
2021-08-21 01:41:52,065 [pool-97-thread-1] INFO  server.RaftServerConfigKeys (ConfUtils.java:logGet(44)) - raft.server.log.queue.element-limit = 1024 (custom)
2021-08-21 01:41:52,065 [pool-97-thread-1] INFO  server.RaftServerConfigKeys (ConfUtils.java:logGet(44)) - raft.server.log.segment.size.max = 1048576 (custom)
2021-08-21 01:41:52,065 [pool-97-thread-1] INFO  server.RaftServerConfigKeys (ConfUtils.java:logGet(44)) - raft.server.log.preallocated.size = 16384 (custom)
2021-08-21 01:41:52,065 [pool-97-thread-1] INFO  server.RaftServerConfigKeys (ConfUtils.java:logGet(44)) - raft.server.log.force.sync.num = 128 (default)
2021-08-21 01:41:52,065 [pool-97-thread-1] INFO  server.RaftServerConfigKeys (ConfUtils.java:logGet(44)) - raft.server.log.statemachine.data.sync = true (default)
2021-08-21 01:41:52,065 [pool-97-thread-1] INFO  server.RaftServerConfigKeys (ConfUtils.java:logGet(44)) - raft.server.log.statemachine.data.sync.timeout = 10s (default)
2021-08-21 01:41:52,065 [pool-97-thread-1] INFO  server.RaftServerConfigKeys (ConfUtils.java:logGet(44)) - raft.server.log.statemachine.data.sync.timeout.retry = -1 (default)
2021-08-21 01:41:52,066 [pool-97-thread-1] INFO  server.RaftServerConfigKeys (ConfUtils.java:logGet(44)) - raft.server.log.write.buffer.size = 1048576 (custom)
2021-08-21 01:41:52,067 [pool-97-thread-1] INFO  server.RaftServerConfigKeys (ConfUtils.java:logGet(44)) - raft.server.log.statemachine.data.caching.enabled = true (custom)
2021-08-21 01:41:52,068 [pool-97-thread-1] INFO  segmented.SegmentedRaftLogWorker (SegmentedRaftLogWorker.java:lambda$new$0(133)) - eb4e2853-1640-4057-8e90-7cd4a46526af@group-27CBBBE1E3F9-SegmentedRaftLogWorker: flushIndex: setUnconditionally 0 -> -1
2021-08-21 01:41:52,068 [pool-97-thread-1] INFO  segmented.SegmentedRaftLogWorker (SegmentedRaftLogWorker.java:lambda$new$0(133)) - eb4e2853-1640-4057-8e90-7cd4a46526af@group-27CBBBE1E3F9-SegmentedRaftLogWorker: safeCacheEvictIndex: setUnconditionally 0 -> -1
2021-08-21 01:41:52,068 [pool-97-thread-1] INFO  server.RaftServerConfigKeys (ConfUtils.java:logGet(44)) - raft.server.snapshot.auto.trigger.enabled = true (custom)
2021-08-21 01:41:52,068 [pool-97-thread-1] INFO  server.RaftServerConfigKeys (ConfUtils.java:logGet(44)) - raft.server.snapshot.auto.trigger.threshold = 10000 (custom)
2021-08-21 01:41:52,068 [pool-97-thread-1] INFO  server.RaftServerConfigKeys (ConfUtils.java:logGet(44)) - raft.server.snapshot.retention.file.num = 5 (custom)
2021-08-21 01:41:52,068 [pool-97-thread-1] INFO  server.RaftServerConfigKeys (ConfUtils.java:logGet(44)) - raft.server.log.purge.upto.snapshot.index = false (default)
2021-08-21 01:41:52,072 [pool-97-thread-1] INFO  server.RaftServerConfigKeys (ConfUtils.java:logGet(44)) - raft.server.retrycache.expirytime = 600000ms (custom)
2021-08-21 01:41:52,072 [pool-97-thread-1] INFO  server.RaftServerConfigKeys (ConfUtils.java:logGet(44)) - raft.server.retrycache.statistics.expirytime = 100μs (default)
2021-08-21 01:41:52,073 [pool-97-thread-1] INFO  server.RaftServer$Division (RaftServerImpl.java:start(296)) - eb4e2853-1640-4057-8e90-7cd4a46526af@group-27CBBBE1E3F9: start as a follower, conf=-1: [6d4f4a2b-908a-44c0-8dce-7a4ce83b0e89|rpc:10.1.0.26:45247|priority:0, eb4e2853-1640-4057-8e90-7cd4a46526af|rpc:10.1.0.26:38129|priority:0, 4a0ceec5-2fcf-430e-9ae7-7442e0b596cf|rpc:10.1.0.26:38401|priority:1], old=null
2021-08-21 01:41:52,074 [pool-97-thread-1] INFO  server.RaftServer$Division (RaftServerImpl.java:setRole(285)) - eb4e2853-1640-4057-8e90-7cd4a46526af@group-27CBBBE1E3F9: changes role from      null to FOLLOWER at term 0 for startAsFollower
2021-08-21 01:41:52,074 [pool-97-thread-1] INFO  impl.RoleInfo (RoleInfo.java:updateAndGet(130)) - eb4e2853-1640-4057-8e90-7cd4a46526af: start eb4e2853-1640-4057-8e90-7cd4a46526af@group-27CBBBE1E3F9-FollowerState
2021-08-21 01:41:52,075 [pool-97-thread-1] INFO  util.JmxRegister (JmxRegister.java:tryRegister(44)) - Successfully registered JMX Bean with object name Ratis:service=RaftServer,group=group-27CBBBE1E3F9,id=eb4e2853-1640-4057-8e90-7cd4a46526af
2021-08-21 01:41:52,077 [Command processor thread] INFO  ratis.XceiverServerRatis (XceiverServerRatis.java:addGroup(763)) - Created group PipelineID=d7c149e0-3109-418c-8553-27cbbbe1e3f9
2021-08-21 01:41:52,088 [grpc-default-executor-2] INFO  server.RaftServer (RaftServerProxy.java:addNew(95)) - 6d4f4a2b-908a-44c0-8dce-7a4ce83b0e89: addNew group-27CBBBE1E3F9:[6d4f4a2b-908a-44c0-8dce-7a4ce83b0e89|rpc:10.1.0.26:45247|dataStream:|priority:0, eb4e2853-1640-4057-8e90-7cd4a46526af|rpc:10.1.0.26:38129|dataStream:|priority:0, 4a0ceec5-2fcf-430e-9ae7-7442e0b596cf|rpc:10.1.0.26:38401|dataStream:|priority:1] returns group-27CBBBE1E3F9:java.util.concurrent.CompletableFuture@26070338[Not completed]
2021-08-21 01:41:52,089 [pool-116-thread-1] INFO  server.RaftServer$Division (RaftServerImpl.java:<init>(181)) - 6d4f4a2b-908a-44c0-8dce-7a4ce83b0e89: new RaftServerImpl for group-27CBBBE1E3F9:[6d4f4a2b-908a-44c0-8dce-7a4ce83b0e89|rpc:10.1.0.26:45247|dataStream:|priority:0, eb4e2853-1640-4057-8e90-7cd4a46526af|rpc:10.1.0.26:38129|dataStream:|priority:0, 4a0ceec5-2fcf-430e-9ae7-7442e0b596cf|rpc:10.1.0.26:38401|dataStream:|priority:1] with ContainerStateMachine:uninitialized
2021-08-21 01:41:52,089 [pool-116-thread-1] INFO  server.RaftServerConfigKeys (ConfUtils.java:logGet(44)) - raft.server.rpc.timeout.min = 5s (custom)
2021-08-21 01:41:52,089 [pool-116-thread-1] INFO  server.RaftServerConfigKeys (ConfUtils.java:logGet(44)) - raft.server.rpc.timeout.max = 5200ms (custom)
2021-08-21 01:41:52,089 [pool-116-thread-1] INFO  server.RaftServerConfigKeys (ConfUtils.java:logGet(44)) - raft.server.rpc.sleep.time = 25ms (default)
2021-08-21 01:41:52,089 [pool-116-thread-1] INFO  server.RaftServerConfigKeys (ConfUtils.java:logGet(44)) - raft.server.rpc.slowness.timeout = 300s (custom)
2021-08-21 01:41:52,089 [pool-116-thread-1] INFO  server.RaftServerConfigKeys (ConfUtils.java:logGet(44)) - raft.server.leaderelection.leader.step-down.wait-time = 10s (default)
2021-08-21 01:41:52,089 [pool-116-thread-1] INFO  server.RaftServerConfigKeys (ConfUtils.java:logGet(44)) - raft.server.sleep.deviation.threshold = 300ms (default)
2021-08-21 01:41:52,089 [pool-116-thread-1] INFO  server.RaftServerConfigKeys (ConfUtils.java:logGet(44)) - raft.server.log.appender.install.snapshot.enabled = false (custom)
2021-08-21 01:41:52,089 [pool-116-thread-1] INFO  server.RaftServer$Division (ServerState.java:<init>(105)) - 6d4f4a2b-908a-44c0-8dce-7a4ce83b0e89@group-27CBBBE1E3F9: ConfigurationManager, init=-1: [6d4f4a2b-908a-44c0-8dce-7a4ce83b0e89|rpc:10.1.0.26:45247|dataStream:|priority:0, eb4e2853-1640-4057-8e90-7cd4a46526af|rpc:10.1.0.26:38129|dataStream:|priority:0, 4a0ceec5-2fcf-430e-9ae7-7442e0b596cf|rpc:10.1.0.26:38401|dataStream:|priority:1], old=null, confs=<EMPTY_MAP>
2021-08-21 01:41:52,090 [pool-116-thread-1] INFO  server.RaftServerConfigKeys (ConfUtils.java:logGet(44)) - raft.server.storage.dir = [/home/runner/work/ozone/ozone/hadoop-ozone/integration-test/target/test-dir/MiniOzoneClusterImpl-ac918204-cb9e-461d-be45-7a6421e2bbc3/datanode-1/data/ratis] (custom)
2021-08-21 01:41:52,090 [pool-116-thread-1] INFO  server.RaftServerConfigKeys (ConfUtils.java:logGet(44)) - raft.server.log.corruption.policy = EXCEPTION (default)
2021-08-21 01:41:52,090 [pool-116-thread-1] INFO  server.RaftServerConfigKeys (ConfUtils.java:logGet(44)) - raft.server.storage.free-space.min = 0MB (=0) (default)
2021-08-21 01:41:52,090 [pool-116-thread-1] INFO  storage.RaftStorageDirectory (RaftStorageDirectoryImpl.java:analyzeStorage(135)) - The storage directory /home/runner/work/ozone/ozone/hadoop-ozone/integration-test/target/test-dir/MiniOzoneClusterImpl-ac918204-cb9e-461d-be45-7a6421e2bbc3/datanode-1/data/ratis/d7c149e0-3109-418c-8553-27cbbbe1e3f9 does not exist. Creating ...
2021-08-21 01:41:52,091 [pool-116-thread-1] INFO  storage.RaftStorageDirectory (RaftStorageDirectoryImpl.java:tryLock(230)) - Lock on /home/runner/work/ozone/ozone/hadoop-ozone/integration-test/target/test-dir/MiniOzoneClusterImpl-ac918204-cb9e-461d-be45-7a6421e2bbc3/datanode-1/data/ratis/d7c149e0-3109-418c-8553-27cbbbe1e3f9/in_use.lock acquired by nodename 801@fv-az148-687
2021-08-21 01:41:52,092 [pool-116-thread-1] INFO  storage.RaftStorage (RaftStorageImpl.java:format(89)) - Storage directory /home/runner/work/ozone/ozone/hadoop-ozone/integration-test/target/test-dir/MiniOzoneClusterImpl-ac918204-cb9e-461d-be45-7a6421e2bbc3/datanode-1/data/ratis/d7c149e0-3109-418c-8553-27cbbbe1e3f9 has been successfully formatted.
2021-08-21 01:41:52,092 [Datanode State Machine Thread - 0] WARN  statemachine.StateContext (StateContext.java:execute(621)) - No available thread in pool for past 1 seconds.
2021-08-21 01:41:52,093 [pool-116-thread-1] INFO  ratis.ContainerStateMachine (ContainerStateMachine.java:loadSnapshot(225)) - group-27CBBBE1E3F9: The snapshot info is null. Setting the last applied indexto:(t:0, i:~)
2021-08-21 01:41:52,094 [pool-116-thread-1] INFO  server.RaftServerConfigKeys (ConfUtils.java:logGet(44)) - raft.server.notification.no-leader.timeout = 300s (custom)
2021-08-21 01:41:52,094 [pool-116-thread-1] INFO  server.RaftServerConfigKeys (ConfUtils.java:logGet(44)) - raft.server.log.use.memory = false (default)
2021-08-21 01:41:52,094 [pool-116-thread-1] INFO  server.RaftServerConfigKeys (ConfUtils.java:logGet(44)) - raft.server.log.purge.gap = 1000000 (custom)
2021-08-21 01:41:52,094 [pool-116-thread-1] INFO  server.RaftServerConfigKeys (ConfUtils.java:logGet(44)) - raft.server.log.appender.buffer.byte-limit = 33554432 (custom)
2021-08-21 01:41:52,094 [pool-116-thread-1] INFO  server.RaftServerConfigKeys (ConfUtils.java:logGet(44)) - raft.server.log.segment.size.max = 1048576 (custom)
2021-08-21 01:41:52,095 [pool-116-thread-1] INFO  server.RaftServerConfigKeys (ConfUtils.java:logGet(44)) - raft.server.log.segment.cache.num.max = 2 (custom)
2021-08-21 01:41:52,095 [pool-116-thread-1] INFO  server.RaftServerConfigKeys (ConfUtils.java:logGet(44)) - raft.server.log.segment.cache.size.max = 200MB (=209715200) (default)
2021-08-21 01:41:52,095 [pool-116-thread-1] INFO  segmented.SegmentedRaftLogWorker (SegmentedRaftLogWorker.java:<init>(182)) - new 6d4f4a2b-908a-44c0-8dce-7a4ce83b0e89@group-27CBBBE1E3F9-SegmentedRaftLogWorker for RaftStorageImpl:Storage Directory /home/runner/work/ozone/ozone/hadoop-ozone/integration-test/target/test-dir/MiniOzoneClusterImpl-ac918204-cb9e-461d-be45-7a6421e2bbc3/datanode-1/data/ratis/d7c149e0-3109-418c-8553-27cbbbe1e3f9
2021-08-21 01:41:52,095 [pool-116-thread-1] INFO  server.RaftServerConfigKeys (ConfUtils.java:logGet(44)) - raft.server.log.queue.byte-limit = 2147483647 (custom)
2021-08-21 01:41:52,095 [pool-116-thread-1] INFO  server.RaftServerConfigKeys (ConfUtils.java:logGet(44)) - raft.server.log.queue.element-limit = 1024 (custom)
2021-08-21 01:41:52,095 [pool-116-thread-1] INFO  server.RaftServerConfigKeys (ConfUtils.java:logGet(44)) - raft.server.log.segment.size.max = 1048576 (custom)
2021-08-21 01:41:52,095 [pool-116-thread-1] INFO  server.RaftServerConfigKeys (ConfUtils.java:logGet(44)) - raft.server.log.preallocated.size = 16384 (custom)
2021-08-21 01:41:52,095 [pool-116-thread-1] INFO  server.RaftServerConfigKeys (ConfUtils.java:logGet(44)) - raft.server.log.force.sync.num = 128 (default)
2021-08-21 01:41:52,096 [pool-116-thread-1] INFO  server.RaftServerConfigKeys (ConfUtils.java:logGet(44)) - raft.server.log.statemachine.data.sync = true (default)
2021-08-21 01:41:52,096 [pool-116-thread-1] INFO  server.RaftServerConfigKeys (ConfUtils.java:logGet(44)) - raft.server.log.statemachine.data.sync.timeout = 10s (default)
2021-08-21 01:41:52,096 [pool-116-thread-1] INFO  server.RaftServerConfigKeys (ConfUtils.java:logGet(44)) - raft.server.log.statemachine.data.sync.timeout.retry = -1 (default)
2021-08-21 01:41:52,097 [pool-116-thread-1] INFO  server.RaftServerConfigKeys (ConfUtils.java:logGet(44)) - raft.server.log.write.buffer.size = 1048576 (custom)
2021-08-21 01:41:52,098 [pool-116-thread-1] INFO  server.RaftServerConfigKeys (ConfUtils.java:logGet(44)) - raft.server.log.statemachine.data.caching.enabled = true (custom)
2021-08-21 01:41:52,098 [pool-116-thread-1] INFO  segmented.SegmentedRaftLogWorker (SegmentedRaftLogWorker.java:lambda$new$0(133)) - 6d4f4a2b-908a-44c0-8dce-7a4ce83b0e89@group-27CBBBE1E3F9-SegmentedRaftLogWorker: flushIndex: setUnconditionally 0 -> -1
2021-08-21 01:41:52,098 [pool-116-thread-1] INFO  segmented.SegmentedRaftLogWorker (SegmentedRaftLogWorker.java:lambda$new$0(133)) - 6d4f4a2b-908a-44c0-8dce-7a4ce83b0e89@group-27CBBBE1E3F9-SegmentedRaftLogWorker: safeCacheEvictIndex: setUnconditionally 0 -> -1
2021-08-21 01:41:52,098 [pool-116-thread-1] INFO  server.RaftServerConfigKeys (ConfUtils.java:logGet(44)) - raft.server.snapshot.auto.trigger.enabled = true (custom)
2021-08-21 01:41:52,098 [pool-116-thread-1] INFO  server.RaftServerConfigKeys (ConfUtils.java:logGet(44)) - raft.server.snapshot.auto.trigger.threshold = 10000 (custom)
2021-08-21 01:41:52,098 [pool-116-thread-1] INFO  server.RaftServerConfigKeys (ConfUtils.java:logGet(44)) - raft.server.snapshot.retention.file.num = 5 (custom)
2021-08-21 01:41:52,099 [pool-116-thread-1] INFO  server.RaftServerConfigKeys (ConfUtils.java:logGet(44)) - raft.server.log.purge.upto.snapshot.index = false (default)
2021-08-21 01:41:52,099 [pool-116-thread-1] INFO  server.RaftServerConfigKeys (ConfUtils.java:logGet(44)) - raft.server.retrycache.expirytime = 600000ms (custom)
2021-08-21 01:41:52,099 [pool-116-thread-1] INFO  server.RaftServerConfigKeys (ConfUtils.java:logGet(44)) - raft.server.retrycache.statistics.expirytime = 100μs (default)
2021-08-21 01:41:52,100 [pool-116-thread-1] INFO  server.RaftServer$Division (RaftServerImpl.java:start(296)) - 6d4f4a2b-908a-44c0-8dce-7a4ce83b0e89@group-27CBBBE1E3F9: start as a follower, conf=-1: [6d4f4a2b-908a-44c0-8dce-7a4ce83b0e89|rpc:10.1.0.26:45247|dataStream:|priority:0, eb4e2853-1640-4057-8e90-7cd4a46526af|rpc:10.1.0.26:38129|dataStream:|priority:0, 4a0ceec5-2fcf-430e-9ae7-7442e0b596cf|rpc:10.1.0.26:38401|dataStream:|priority:1], old=null
2021-08-21 01:41:52,100 [pool-116-thread-1] INFO  server.RaftServer$Division (RaftServerImpl.java:setRole(285)) - 6d4f4a2b-908a-44c0-8dce-7a4ce83b0e89@group-27CBBBE1E3F9: changes role from      null to FOLLOWER at term 0 for startAsFollower
2021-08-21 01:41:52,100 [pool-116-thread-1] INFO  impl.RoleInfo (RoleInfo.java:updateAndGet(130)) - 6d4f4a2b-908a-44c0-8dce-7a4ce83b0e89: start 6d4f4a2b-908a-44c0-8dce-7a4ce83b0e89@group-27CBBBE1E3F9-FollowerState
2021-08-21 01:41:52,100 [pool-116-thread-1] INFO  util.JmxRegister (JmxRegister.java:tryRegister(44)) - Successfully registered JMX Bean with object name Ratis:service=RaftServer,group=group-27CBBBE1E3F9,id=6d4f4a2b-908a-44c0-8dce-7a4ce83b0e89
2021-08-21 01:41:52,119 [grpc-default-executor-3] INFO  server.RaftServer (RaftServerProxy.java:addNew(95)) - 4a0ceec5-2fcf-430e-9ae7-7442e0b596cf: addNew group-27CBBBE1E3F9:[6d4f4a2b-908a-44c0-8dce-7a4ce83b0e89|rpc:10.1.0.26:45247|dataStream:|priority:0, eb4e2853-1640-4057-8e90-7cd4a46526af|rpc:10.1.0.26:38129|dataStream:|priority:0, 4a0ceec5-2fcf-430e-9ae7-7442e0b596cf|rpc:10.1.0.26:38401|dataStream:|priority:1] returns group-27CBBBE1E3F9:java.util.concurrent.CompletableFuture@35cea4f3[Not completed]
2021-08-21 01:41:52,120 [pool-135-thread-1] INFO  server.RaftServer$Division (RaftServerImpl.java:<init>(181)) - 4a0ceec5-2fcf-430e-9ae7-7442e0b596cf: new RaftServerImpl for group-27CBBBE1E3F9:[6d4f4a2b-908a-44c0-8dce-7a4ce83b0e89|rpc:10.1.0.26:45247|dataStream:|priority:0, eb4e2853-1640-4057-8e90-7cd4a46526af|rpc:10.1.0.26:38129|dataStream:|priority:0, 4a0ceec5-2fcf-430e-9ae7-7442e0b596cf|rpc:10.1.0.26:38401|dataStream:|priority:1] with ContainerStateMachine:uninitialized
2021-08-21 01:41:52,120 [pool-135-thread-1] INFO  server.RaftServerConfigKeys (ConfUtils.java:logGet(44)) - raft.server.rpc.timeout.min = 5s (custom)
2021-08-21 01:41:52,120 [pool-135-thread-1] INFO  server.RaftServerConfigKeys (ConfUtils.java:logGet(44)) - raft.server.rpc.timeout.max = 5200ms (custom)
2021-08-21 01:41:52,120 [pool-135-thread-1] INFO  server.RaftServerConfigKeys (ConfUtils.java:logGet(44)) - raft.server.rpc.sleep.time = 25ms (default)
2021-08-21 01:41:52,120 [pool-135-thread-1] INFO  server.RaftServerConfigKeys (ConfUtils.java:logGet(44)) - raft.server.rpc.slowness.timeout = 300s (custom)
2021-08-21 01:41:52,120 [pool-135-thread-1] INFO  server.RaftServerConfigKeys (ConfUtils.java:logGet(44)) - raft.server.leaderelection.leader.step-down.wait-time = 10s (default)
2021-08-21 01:41:52,120 [pool-135-thread-1] INFO  server.RaftServerConfigKeys (ConfUtils.java:logGet(44)) - raft.server.sleep.deviation.threshold = 300ms (default)
2021-08-21 01:41:52,120 [pool-135-thread-1] INFO  server.RaftServerConfigKeys (ConfUtils.java:logGet(44)) - raft.server.log.appender.install.snapshot.enabled = false (custom)
2021-08-21 01:41:52,121 [pool-135-thread-1] INFO  server.RaftServer$Division (ServerState.java:<init>(105)) - 4a0ceec5-2fcf-430e-9ae7-7442e0b596cf@group-27CBBBE1E3F9: ConfigurationManager, init=-1: [6d4f4a2b-908a-44c0-8dce-7a4ce83b0e89|rpc:10.1.0.26:45247|dataStream:|priority:0, eb4e2853-1640-4057-8e90-7cd4a46526af|rpc:10.1.0.26:38129|dataStream:|priority:0, 4a0ceec5-2fcf-430e-9ae7-7442e0b596cf|rpc:10.1.0.26:38401|dataStream:|priority:1], old=null, confs=<EMPTY_MAP>
2021-08-21 01:41:52,121 [pool-135-thread-1] INFO  server.RaftServerConfigKeys (ConfUtils.java:logGet(44)) - raft.server.storage.dir = [/home/runner/work/ozone/ozone/hadoop-ozone/integration-test/target/test-dir/MiniOzoneClusterImpl-ac918204-cb9e-461d-be45-7a6421e2bbc3/datanode-2/data/ratis] (custom)
2021-08-21 01:41:52,121 [pool-135-thread-1] INFO  server.RaftServerConfigKeys (ConfUtils.java:logGet(44)) - raft.server.log.corruption.policy = EXCEPTION (default)
2021-08-21 01:41:52,121 [pool-135-thread-1] INFO  server.RaftServerConfigKeys (ConfUtils.java:logGet(44)) - raft.server.storage.free-space.min = 0MB (=0) (default)
2021-08-21 01:41:52,121 [pool-135-thread-1] INFO  storage.RaftStorageDirectory (RaftStorageDirectoryImpl.java:analyzeStorage(135)) - The storage directory /home/runner/work/ozone/ozone/hadoop-ozone/integration-test/target/test-dir/MiniOzoneClusterImpl-ac918204-cb9e-461d-be45-7a6421e2bbc3/datanode-2/data/ratis/d7c149e0-3109-418c-8553-27cbbbe1e3f9 does not exist. Creating ...
2021-08-21 01:41:52,122 [pool-135-thread-1] INFO  storage.RaftStorageDirectory (RaftStorageDirectoryImpl.java:tryLock(230)) - Lock on /home/runner/work/ozone/ozone/hadoop-ozone/integration-test/target/test-dir/MiniOzoneClusterImpl-ac918204-cb9e-461d-be45-7a6421e2bbc3/datanode-2/data/ratis/d7c149e0-3109-418c-8553-27cbbbe1e3f9/in_use.lock acquired by nodename 801@fv-az148-687
2021-08-21 01:41:52,123 [pool-135-thread-1] INFO  storage.RaftStorage (RaftStorageImpl.java:format(89)) - Storage directory /home/runner/work/ozone/ozone/hadoop-ozone/integration-test/target/test-dir/MiniOzoneClusterImpl-ac918204-cb9e-461d-be45-7a6421e2bbc3/datanode-2/data/ratis/d7c149e0-3109-418c-8553-27cbbbe1e3f9 has been successfully formatted.
2021-08-21 01:41:52,123 [pool-135-thread-1] INFO  ratis.ContainerStateMachine (ContainerStateMachine.java:loadSnapshot(225)) - group-27CBBBE1E3F9: The snapshot info is null. Setting the last applied indexto:(t:0, i:~)
2021-08-21 01:41:52,123 [pool-135-thread-1] INFO  server.RaftServerConfigKeys (ConfUtils.java:logGet(44)) - raft.server.notification.no-leader.timeout = 300s (custom)
2021-08-21 01:41:52,123 [Datanode State Machine Thread - 0] WARN  statemachine.StateContext (StateContext.java:execute(621)) - No available thread in pool for past 1 seconds.
2021-08-21 01:41:52,123 [pool-135-thread-1] INFO  server.RaftServerConfigKeys (ConfUtils.java:logGet(44)) - raft.server.log.use.memory = false (default)
2021-08-21 01:41:52,124 [pool-135-thread-1] INFO  server.RaftServerConfigKeys (ConfUtils.java:logGet(44)) - raft.server.log.purge.gap = 1000000 (custom)
2021-08-21 01:41:52,124 [pool-135-thread-1] INFO  server.RaftServerConfigKeys (ConfUtils.java:logGet(44)) - raft.server.log.appender.buffer.byte-limit = 33554432 (custom)
2021-08-21 01:41:52,124 [pool-135-thread-1] INFO  server.RaftServerConfigKeys (ConfUtils.java:logGet(44)) - raft.server.log.segment.size.max = 1048576 (custom)
2021-08-21 01:41:52,125 [pool-135-thread-1] INFO  server.RaftServerConfigKeys (ConfUtils.java:logGet(44)) - raft.server.log.segment.cache.num.max = 2 (custom)
2021-08-21 01:41:52,125 [pool-135-thread-1] INFO  server.RaftServerConfigKeys (ConfUtils.java:logGet(44)) - raft.server.log.segment.cache.size.max = 200MB (=209715200) (default)
2021-08-21 01:41:52,125 [pool-135-thread-1] INFO  segmented.SegmentedRaftLogWorker (SegmentedRaftLogWorker.java:<init>(182)) - new 4a0ceec5-2fcf-430e-9ae7-7442e0b596cf@group-27CBBBE1E3F9-SegmentedRaftLogWorker for RaftStorageImpl:Storage Directory /home/runner/work/ozone/ozone/hadoop-ozone/integration-test/target/test-dir/MiniOzoneClusterImpl-ac918204-cb9e-461d-be45-7a6421e2bbc3/datanode-2/data/ratis/d7c149e0-3109-418c-8553-27cbbbe1e3f9
2021-08-21 01:41:52,125 [pool-135-thread-1] INFO  server.RaftServerConfigKeys (ConfUtils.java:logGet(44)) - raft.server.log.queue.byte-limit = 2147483647 (custom)
2021-08-21 01:41:52,125 [pool-135-thread-1] INFO  server.RaftServerConfigKeys (ConfUtils.java:logGet(44)) - raft.server.log.queue.element-limit = 1024 (custom)
2021-08-21 01:41:52,125 [pool-135-thread-1] INFO  server.RaftServerConfigKeys (ConfUtils.java:logGet(44)) - raft.server.log.segment.size.max = 1048576 (custom)
2021-08-21 01:41:52,125 [pool-135-thread-1] INFO  server.RaftServerConfigKeys (ConfUtils.java:logGet(44)) - raft.server.log.preallocated.size = 16384 (custom)
2021-08-21 01:41:52,125 [pool-135-thread-1] INFO  server.RaftServerConfigKeys (ConfUtils.java:logGet(44)) - raft.server.log.force.sync.num = 128 (default)
2021-08-21 01:41:52,125 [pool-135-thread-1] INFO  server.RaftServerConfigKeys (ConfUtils.java:logGet(44)) - raft.server.log.statemachine.data.sync = true (default)
2021-08-21 01:41:52,125 [pool-135-thread-1] INFO  server.RaftServerConfigKeys (ConfUtils.java:logGet(44)) - raft.server.log.statemachine.data.sync.timeout = 10s (default)
2021-08-21 01:41:52,125 [pool-135-thread-1] INFO  server.RaftServerConfigKeys (ConfUtils.java:logGet(44)) - raft.server.log.statemachine.data.sync.timeout.retry = -1 (default)
2021-08-21 01:41:52,126 [pool-135-thread-1] INFO  server.RaftServerConfigKeys (ConfUtils.java:logGet(44)) - raft.server.log.write.buffer.size = 1048576 (custom)
2021-08-21 01:41:52,127 [pool-135-thread-1] INFO  server.RaftServerConfigKeys (ConfUtils.java:logGet(44)) - raft.server.log.statemachine.data.caching.enabled = true (custom)
2021-08-21 01:41:52,127 [pool-135-thread-1] INFO  segmented.SegmentedRaftLogWorker (SegmentedRaftLogWorker.java:lambda$new$0(133)) - 4a0ceec5-2fcf-430e-9ae7-7442e0b596cf@group-27CBBBE1E3F9-SegmentedRaftLogWorker: flushIndex: setUnconditionally 0 -> -1
2021-08-21 01:41:52,127 [pool-135-thread-1] INFO  segmented.SegmentedRaftLogWorker (SegmentedRaftLogWorker.java:lambda$new$0(133)) - 4a0ceec5-2fcf-430e-9ae7-7442e0b596cf@group-27CBBBE1E3F9-SegmentedRaftLogWorker: safeCacheEvictIndex: setUnconditionally 0 -> -1
2021-08-21 01:41:52,137 [pool-135-thread-1] INFO  server.RaftServerConfigKeys (ConfUtils.java:logGet(44)) - raft.server.snapshot.auto.trigger.enabled = true (custom)
2021-08-21 01:41:52,137 [pool-135-thread-1] INFO  server.RaftServerConfigKeys (ConfUtils.java:logGet(44)) - raft.server.snapshot.auto.trigger.threshold = 10000 (custom)
2021-08-21 01:41:52,137 [pool-135-thread-1] INFO  server.RaftServerConfigKeys (ConfUtils.java:logGet(44)) - raft.server.snapshot.retention.file.num = 5 (custom)
2021-08-21 01:41:52,137 [pool-135-thread-1] INFO  server.RaftServerConfigKeys (ConfUtils.java:logGet(44)) - raft.server.log.purge.upto.snapshot.index = false (default)
2021-08-21 01:41:52,137 [pool-135-thread-1] INFO  server.RaftServerConfigKeys (ConfUtils.java:logGet(44)) - raft.server.retrycache.expirytime = 600000ms (custom)
2021-08-21 01:41:52,137 [pool-135-thread-1] INFO  server.RaftServerConfigKeys (ConfUtils.java:logGet(44)) - raft.server.retrycache.statistics.expirytime = 100μs (default)
2021-08-21 01:41:52,139 [pool-135-thread-1] INFO  server.RaftServer$Division (RaftServerImpl.java:start(296)) - 4a0ceec5-2fcf-430e-9ae7-7442e0b596cf@group-27CBBBE1E3F9: start as a follower, conf=-1: [6d4f4a2b-908a-44c0-8dce-7a4ce83b0e89|rpc:10.1.0.26:45247|dataStream:|priority:0, eb4e2853-1640-4057-8e90-7cd4a46526af|rpc:10.1.0.26:38129|dataStream:|priority:0, 4a0ceec5-2fcf-430e-9ae7-7442e0b596cf|rpc:10.1.0.26:38401|dataStream:|priority:1], old=null
2021-08-21 01:41:52,139 [pool-135-thread-1] INFO  server.RaftServer$Division (RaftServerImpl.java:setRole(285)) - 4a0ceec5-2fcf-430e-9ae7-7442e0b596cf@group-27CBBBE1E3F9: changes role from      null to FOLLOWER at term 0 for startAsFollower
2021-08-21 01:41:52,139 [pool-135-thread-1] INFO  impl.RoleInfo (RoleInfo.java:updateAndGet(130)) - 4a0ceec5-2fcf-430e-9ae7-7442e0b596cf: start 4a0ceec5-2fcf-430e-9ae7-7442e0b596cf@group-27CBBBE1E3F9-FollowerState
2021-08-21 01:41:52,139 [pool-135-thread-1] INFO  util.JmxRegister (JmxRegister.java:tryRegister(44)) - Successfully registered JMX Bean with object name Ratis:service=RaftServer,group=group-27CBBBE1E3F9,id=4a0ceec5-2fcf-430e-9ae7-7442e0b596cf
2021-08-21 01:41:52,151 [Command processor thread] INFO  commandhandler.CreatePipelineCommandHandler (CreatePipelineCommandHandler.java:handle(106)) - Created Pipeline RATIS THREE PipelineID=d7c149e0-3109-418c-8553-27cbbbe1e3f9.
2021-08-21 01:41:52,180 [Command processor thread] INFO  server.RaftServer (RaftServerProxy.java:addNew(95)) - 6d4f4a2b-908a-44c0-8dce-7a4ce83b0e89: addNew group-0D3987690834:[6d4f4a2b-908a-44c0-8dce-7a4ce83b0e89|rpc:10.1.0.26:45247|priority:1] returns group-0D3987690834:java.util.concurrent.CompletableFuture@75307741[Not completed]
2021-08-21 01:41:52,181 [pool-116-thread-1] INFO  server.RaftServer$Division (RaftServerImpl.java:<init>(181)) - 6d4f4a2b-908a-44c0-8dce-7a4ce83b0e89: new RaftServerImpl for group-0D3987690834:[6d4f4a2b-908a-44c0-8dce-7a4ce83b0e89|rpc:10.1.0.26:45247|priority:1] with ContainerStateMachine:uninitialized
2021-08-21 01:41:52,181 [pool-116-thread-1] INFO  server.RaftServerConfigKeys (ConfUtils.java:logGet(44)) - raft.server.rpc.timeout.min = 5s (custom)
2021-08-21 01:41:52,181 [pool-116-thread-1] INFO  server.RaftServerConfigKeys (ConfUtils.java:logGet(44)) - raft.server.rpc.timeout.max = 5200ms (custom)
2021-08-21 01:41:52,181 [pool-116-thread-1] INFO  server.RaftServerConfigKeys (ConfUtils.java:logGet(44)) - raft.server.rpc.sleep.time = 25ms (default)
2021-08-21 01:41:52,181 [pool-116-thread-1] INFO  server.RaftServerConfigKeys (ConfUtils.java:logGet(44)) - raft.server.rpc.slowness.timeout = 300s (custom)
2021-08-21 01:41:52,181 [pool-116-thread-1] INFO  server.RaftServerConfigKeys (ConfUtils.java:logGet(44)) - raft.server.leaderelection.leader.step-down.wait-time = 10s (default)
2021-08-21 01:41:52,181 [pool-116-thread-1] INFO  server.RaftServerConfigKeys (ConfUtils.java:logGet(44)) - raft.server.sleep.deviation.threshold = 300ms (default)
2021-08-21 01:41:52,181 [pool-116-thread-1] INFO  server.RaftServerConfigKeys (ConfUtils.java:logGet(44)) - raft.server.log.appender.install.snapshot.enabled = false (custom)
2021-08-21 01:41:52,181 [pool-116-thread-1] INFO  server.RaftServer$Division (ServerState.java:<init>(105)) - 6d4f4a2b-908a-44c0-8dce-7a4ce83b0e89@group-0D3987690834: ConfigurationManager, init=-1: [6d4f4a2b-908a-44c0-8dce-7a4ce83b0e89|rpc:10.1.0.26:45247|priority:1], old=null, confs=<EMPTY_MAP>
2021-08-21 01:41:52,181 [pool-116-thread-1] INFO  server.RaftServerConfigKeys (ConfUtils.java:logGet(44)) - raft.server.storage.dir = [/home/runner/work/ozone/ozone/hadoop-ozone/integration-test/target/test-dir/MiniOzoneClusterImpl-ac918204-cb9e-461d-be45-7a6421e2bbc3/datanode-1/data/ratis] (custom)
2021-08-21 01:41:52,182 [pool-116-thread-1] INFO  server.RaftServerConfigKeys (ConfUtils.java:logGet(44)) - raft.server.log.corruption.policy = EXCEPTION (default)
2021-08-21 01:41:52,182 [pool-116-thread-1] INFO  server.RaftServerConfigKeys (ConfUtils.java:logGet(44)) - raft.server.storage.free-space.min = 0MB (=0) (default)
2021-08-21 01:41:52,182 [pool-116-thread-1] INFO  storage.RaftStorageDirectory (RaftStorageDirectoryImpl.java:analyzeStorage(135)) - The storage directory /home/runner/work/ozone/ozone/hadoop-ozone/integration-test/target/test-dir/MiniOzoneClusterImpl-ac918204-cb9e-461d-be45-7a6421e2bbc3/datanode-1/data/ratis/60e3d6a4-e67b-4d32-8fe0-0d3987690834 does not exist. Creating ...
2021-08-21 01:41:52,183 [pool-116-thread-1] INFO  storage.RaftStorageDirectory (RaftStorageDirectoryImpl.java:tryLock(230)) - Lock on /home/runner/work/ozone/ozone/hadoop-ozone/integration-test/target/test-dir/MiniOzoneClusterImpl-ac918204-cb9e-461d-be45-7a6421e2bbc3/datanode-1/data/ratis/60e3d6a4-e67b-4d32-8fe0-0d3987690834/in_use.lock acquired by nodename 801@fv-az148-687
2021-08-21 01:41:52,185 [pool-116-thread-1] INFO  storage.RaftStorage (RaftStorageImpl.java:format(89)) - Storage directory /home/runner/work/ozone/ozone/hadoop-ozone/integration-test/target/test-dir/MiniOzoneClusterImpl-ac918204-cb9e-461d-be45-7a6421e2bbc3/datanode-1/data/ratis/60e3d6a4-e67b-4d32-8fe0-0d3987690834 has been successfully formatted.
2021-08-21 01:41:52,185 [pool-116-thread-1] INFO  ratis.ContainerStateMachine (ContainerStateMachine.java:loadSnapshot(225)) - group-0D3987690834: The snapshot info is null. Setting the last applied indexto:(t:0, i:~)
2021-08-21 01:41:52,185 [pool-116-thread-1] INFO  server.RaftServerConfigKeys (ConfUtils.java:logGet(44)) - raft.server.notification.no-leader.timeout = 300s (custom)
2021-08-21 01:41:52,185 [Datanode State Machine Thread - 0] WARN  statemachine.StateContext (StateContext.java:execute(621)) - No available thread in pool for past 1 seconds.
2021-08-21 01:41:52,185 [pool-116-thread-1] INFO  server.RaftServerConfigKeys (ConfUtils.java:logGet(44)) - raft.server.log.use.memory = false (default)
2021-08-21 01:41:52,186 [pool-116-thread-1] INFO  server.RaftServerConfigKeys (ConfUtils.java:logGet(44)) - raft.server.log.purge.gap = 1000000 (custom)
2021-08-21 01:41:52,186 [pool-116-thread-1] INFO  server.RaftServerConfigKeys (ConfUtils.java:logGet(44)) - raft.server.log.appender.buffer.byte-limit = 33554432 (custom)
2021-08-21 01:41:52,188 [pool-116-thread-1] INFO  server.RaftServerConfigKeys (ConfUtils.java:logGet(44)) - raft.server.log.segment.size.max = 1048576 (custom)
2021-08-21 01:41:52,188 [pool-116-thread-1] INFO  server.RaftServerConfigKeys (ConfUtils.java:logGet(44)) - raft.server.log.segment.cache.num.max = 2 (custom)
2021-08-21 01:41:52,188 [pool-116-thread-1] INFO  server.RaftServerConfigKeys (ConfUtils.java:logGet(44)) - raft.server.log.segment.cache.size.max = 200MB (=209715200) (default)
2021-08-21 01:41:52,188 [pool-116-thread-1] INFO  segmented.SegmentedRaftLogWorker (SegmentedRaftLogWorker.java:<init>(182)) - new 6d4f4a2b-908a-44c0-8dce-7a4ce83b0e89@group-0D3987690834-SegmentedRaftLogWorker for RaftStorageImpl:Storage Directory /home/runner/work/ozone/ozone/hadoop-ozone/integration-test/target/test-dir/MiniOzoneClusterImpl-ac918204-cb9e-461d-be45-7a6421e2bbc3/datanode-1/data/ratis/60e3d6a4-e67b-4d32-8fe0-0d3987690834
2021-08-21 01:41:52,188 [pool-116-thread-1] INFO  server.RaftServerConfigKeys (ConfUtils.java:logGet(44)) - raft.server.log.queue.byte-limit = 2147483647 (custom)
2021-08-21 01:41:52,188 [pool-116-thread-1] INFO  server.RaftServerConfigKeys (ConfUtils.java:logGet(44)) - raft.server.log.queue.element-limit = 1024 (custom)
2021-08-21 01:41:52,188 [pool-116-thread-1] INFO  server.RaftServerConfigKeys (ConfUtils.java:logGet(44)) - raft.server.log.segment.size.max = 1048576 (custom)
2021-08-21 01:41:52,188 [pool-116-thread-1] INFO  server.RaftServerConfigKeys (ConfUtils.java:logGet(44)) - raft.server.log.preallocated.size = 16384 (custom)
2021-08-21 01:41:52,188 [pool-116-thread-1] INFO  server.RaftServerConfigKeys (ConfUtils.java:logGet(44)) - raft.server.log.force.sync.num = 128 (default)
2021-08-21 01:41:52,189 [pool-116-thread-1] INFO  server.RaftServerConfigKeys (ConfUtils.java:logGet(44)) - raft.server.log.statemachine.data.sync = true (default)
2021-08-21 01:41:52,189 [pool-116-thread-1] INFO  server.RaftServerConfigKeys (ConfUtils.java:logGet(44)) - raft.server.log.statemachine.data.sync.timeout = 10s (default)
2021-08-21 01:41:52,189 [pool-116-thread-1] INFO  server.RaftServerConfigKeys (ConfUtils.java:logGet(44)) - raft.server.log.statemachine.data.sync.timeout.retry = -1 (default)
2021-08-21 01:41:52,189 [pool-116-thread-1] INFO  server.RaftServerConfigKeys (ConfUtils.java:logGet(44)) - raft.server.log.write.buffer.size = 1048576 (custom)
2021-08-21 01:41:52,190 [pool-116-thread-1] INFO  server.RaftServerConfigKeys (ConfUtils.java:logGet(44)) - raft.server.log.statemachine.data.caching.enabled = true (custom)
2021-08-21 01:41:52,190 [pool-116-thread-1] INFO  segmented.SegmentedRaftLogWorker (SegmentedRaftLogWorker.java:lambda$new$0(133)) - 6d4f4a2b-908a-44c0-8dce-7a4ce83b0e89@group-0D3987690834-SegmentedRaftLogWorker: flushIndex: setUnconditionally 0 -> -1
2021-08-21 01:41:52,190 [pool-116-thread-1] INFO  segmented.SegmentedRaftLogWorker (SegmentedRaftLogWorker.java:lambda$new$0(133)) - 6d4f4a2b-908a-44c0-8dce-7a4ce83b0e89@group-0D3987690834-SegmentedRaftLogWorker: safeCacheEvictIndex: setUnconditionally 0 -> -1
2021-08-21 01:41:52,192 [pool-116-thread-1] INFO  server.RaftServerConfigKeys (ConfUtils.java:logGet(44)) - raft.server.snapshot.auto.trigger.enabled = true (custom)
2021-08-21 01:41:52,192 [pool-116-thread-1] INFO  server.RaftServerConfigKeys (ConfUtils.java:logGet(44)) - raft.server.snapshot.auto.trigger.threshold = 10000 (custom)
2021-08-21 01:41:52,192 [pool-116-thread-1] INFO  server.RaftServerConfigKeys (ConfUtils.java:logGet(44)) - raft.server.snapshot.retention.file.num = 5 (custom)
2021-08-21 01:41:52,192 [pool-116-thread-1] INFO  server.RaftServerConfigKeys (ConfUtils.java:logGet(44)) - raft.server.log.purge.upto.snapshot.index = false (default)
2021-08-21 01:41:52,192 [pool-116-thread-1] INFO  server.RaftServerConfigKeys (ConfUtils.java:logGet(44)) - raft.server.retrycache.expirytime = 600000ms (custom)
2021-08-21 01:41:52,192 [pool-116-thread-1] INFO  server.RaftServerConfigKeys (ConfUtils.java:logGet(44)) - raft.server.retrycache.statistics.expirytime = 100μs (default)
2021-08-21 01:41:52,195 [EventQueue-PipelineReportForPipelineReportHandler] INFO  pipeline.PipelineManagerImpl (PipelineManagerImpl.java:openPipeline(283)) - Pipeline Pipeline[ Id: 60e3d6a4-e67b-4d32-8fe0-0d3987690834, Nodes: 6d4f4a2b-908a-44c0-8dce-7a4ce83b0e89{ip: 10.1.0.26, host: fv-az148-687, ports: [REPLICATION=42171, RATIS=45247, RATIS_ADMIN=45247, RATIS_SERVER=45247, STANDALONE=33521], networkLocation: /default-rack, certSerialId: null, persistedOpState: IN_SERVICE, persistedOpStateExpiryEpochSec: 0}, ReplicationConfig: RATIS/ONE, State:ALLOCATED, leaderId:6d4f4a2b-908a-44c0-8dce-7a4ce83b0e89, CreationTimestamp2021-08-21T01:41:49.184Z[Etc/UTC]] moved to OPEN state
2021-08-21 01:41:52,196 [EventQueue-OpenPipelineForHealthyPipelineSafeModeRule] INFO  safemode.SCMSafeModeManager (HealthyPipelineSafeModeRule.java:process(124)) - SCM in safe mode. Healthy pipelines reported count is 0, required healthy pipeline reported count is 1
2021-08-21 01:41:52,200 [pool-116-thread-1] INFO  server.RaftServer$Division (RaftServerImpl.java:start(296)) - 6d4f4a2b-908a-44c0-8dce-7a4ce83b0e89@group-0D3987690834: start as a follower, conf=-1: [6d4f4a2b-908a-44c0-8dce-7a4ce83b0e89|rpc:10.1.0.26:45247|priority:1], old=null
2021-08-21 01:41:52,200 [pool-116-thread-1] INFO  server.RaftServer$Division (RaftServerImpl.java:setRole(285)) - 6d4f4a2b-908a-44c0-8dce-7a4ce83b0e89@group-0D3987690834: changes role from      null to FOLLOWER at term 0 for startAsFollower
2021-08-21 01:41:52,200 [pool-116-thread-1] INFO  impl.RoleInfo (RoleInfo.java:updateAndGet(130)) - 6d4f4a2b-908a-44c0-8dce-7a4ce83b0e89: start 6d4f4a2b-908a-44c0-8dce-7a4ce83b0e89@group-0D3987690834-FollowerState
2021-08-21 01:41:52,201 [pool-116-thread-1] INFO  util.JmxRegister (JmxRegister.java:tryRegister(44)) - Successfully registered JMX Bean with object name Ratis:service=RaftServer,group=group-0D3987690834,id=6d4f4a2b-908a-44c0-8dce-7a4ce83b0e89
2021-08-21 01:41:52,201 [Command processor thread] INFO  ratis.XceiverServerRatis (XceiverServerRatis.java:addGroup(763)) - Created group PipelineID=60e3d6a4-e67b-4d32-8fe0-0d3987690834
2021-08-21 01:41:52,201 [Command processor thread] INFO  commandhandler.CreatePipelineCommandHandler (CreatePipelineCommandHandler.java:handle(106)) - Created Pipeline RATIS ONE PipelineID=60e3d6a4-e67b-4d32-8fe0-0d3987690834.
2021-08-21 01:41:52,360 [Listener at 127.0.0.1/11936] INFO  ozone.MiniOzoneClusterImpl (MiniOzoneClusterImpl.java:lambda$waitForClusterToBeReady$0(235)) - Nodes are ready. Got 3 of 3 DN Heartbeats.
2021-08-21 01:41:52,360 [Listener at 127.0.0.1/11936] INFO  ozone.MiniOzoneClusterImpl (MiniOzoneClusterImpl.java:lambda$waitForClusterToBeReady$0(238)) - Waiting for cluster to exit safe mode
2021-08-21 01:41:52,360 [Listener at 127.0.0.1/11936] INFO  ozone.MiniOzoneClusterImpl (MiniOzoneClusterImpl.java:lambda$waitForClusterToBeReady$0(240)) - SCM became leader
2021-08-21 01:41:52,360 [Command processor thread] INFO  server.RaftServer (RaftServerProxy.java:addNew(95)) - 4a0ceec5-2fcf-430e-9ae7-7442e0b596cf: addNew group-DE38657F5BB1:[4a0ceec5-2fcf-430e-9ae7-7442e0b596cf|rpc:10.1.0.26:38401|priority:1] returns group-DE38657F5BB1:java.util.concurrent.CompletableFuture@4893dead[Not completed]
2021-08-21 01:41:52,361 [pool-135-thread-1] INFO  server.RaftServer$Division (RaftServerImpl.java:<init>(181)) - 4a0ceec5-2fcf-430e-9ae7-7442e0b596cf: new RaftServerImpl for group-DE38657F5BB1:[4a0ceec5-2fcf-430e-9ae7-7442e0b596cf|rpc:10.1.0.26:38401|priority:1] with ContainerStateMachine:uninitialized
2021-08-21 01:41:52,361 [pool-135-thread-1] INFO  server.RaftServerConfigKeys (ConfUtils.java:logGet(44)) - raft.server.rpc.timeout.min = 5s (custom)
2021-08-21 01:41:52,361 [pool-135-thread-1] INFO  server.RaftServerConfigKeys (ConfUtils.java:logGet(44)) - raft.server.rpc.timeout.max = 5200ms (custom)
2021-08-21 01:41:52,361 [pool-135-thread-1] INFO  server.RaftServerConfigKeys (ConfUtils.java:logGet(44)) - raft.server.rpc.sleep.time = 25ms (default)
2021-08-21 01:41:52,361 [pool-135-thread-1] INFO  server.RaftServerConfigKeys (ConfUtils.java:logGet(44)) - raft.server.rpc.slowness.timeout = 300s (custom)
2021-08-21 01:41:52,362 [pool-135-thread-1] INFO  server.RaftServerConfigKeys (ConfUtils.java:logGet(44)) - raft.server.leaderelection.leader.step-down.wait-time = 10s (default)
2021-08-21 01:41:52,362 [pool-135-thread-1] INFO  server.RaftServerConfigKeys (ConfUtils.java:logGet(44)) - raft.server.sleep.deviation.threshold = 300ms (default)
2021-08-21 01:41:52,362 [pool-135-thread-1] INFO  server.RaftServerConfigKeys (ConfUtils.java:logGet(44)) - raft.server.log.appender.install.snapshot.enabled = false (custom)
2021-08-21 01:41:52,362 [pool-135-thread-1] INFO  server.RaftServer$Division (ServerState.java:<init>(105)) - 4a0ceec5-2fcf-430e-9ae7-7442e0b596cf@group-DE38657F5BB1: ConfigurationManager, init=-1: [4a0ceec5-2fcf-430e-9ae7-7442e0b596cf|rpc:10.1.0.26:38401|priority:1], old=null, confs=<EMPTY_MAP>
2021-08-21 01:41:52,362 [pool-135-thread-1] INFO  server.RaftServerConfigKeys (ConfUtils.java:logGet(44)) - raft.server.storage.dir = [/home/runner/work/ozone/ozone/hadoop-ozone/integration-test/target/test-dir/MiniOzoneClusterImpl-ac918204-cb9e-461d-be45-7a6421e2bbc3/datanode-2/data/ratis] (custom)
2021-08-21 01:41:52,362 [pool-135-thread-1] INFO  server.RaftServerConfigKeys (ConfUtils.java:logGet(44)) - raft.server.log.corruption.policy = EXCEPTION (default)
2021-08-21 01:41:52,362 [pool-135-thread-1] INFO  server.RaftServerConfigKeys (ConfUtils.java:logGet(44)) - raft.server.storage.free-space.min = 0MB (=0) (default)
2021-08-21 01:41:52,362 [pool-135-thread-1] INFO  storage.RaftStorageDirectory (RaftStorageDirectoryImpl.java:analyzeStorage(135)) - The storage directory /home/runner/work/ozone/ozone/hadoop-ozone/integration-test/target/test-dir/MiniOzoneClusterImpl-ac918204-cb9e-461d-be45-7a6421e2bbc3/datanode-2/data/ratis/d9326555-7564-4ef0-b534-de38657f5bb1 does not exist. Creating ...
2021-08-21 01:41:52,368 [pool-135-thread-1] INFO  storage.RaftStorageDirectory (RaftStorageDirectoryImpl.java:tryLock(230)) - Lock on /home/runner/work/ozone/ozone/hadoop-ozone/integration-test/target/test-dir/MiniOzoneClusterImpl-ac918204-cb9e-461d-be45-7a6421e2bbc3/datanode-2/data/ratis/d9326555-7564-4ef0-b534-de38657f5bb1/in_use.lock acquired by nodename 801@fv-az148-687
2021-08-21 01:41:52,369 [pool-135-thread-1] INFO  storage.RaftStorage (RaftStorageImpl.java:format(89)) - Storage directory /home/runner/work/ozone/ozone/hadoop-ozone/integration-test/target/test-dir/MiniOzoneClusterImpl-ac918204-cb9e-461d-be45-7a6421e2bbc3/datanode-2/data/ratis/d9326555-7564-4ef0-b534-de38657f5bb1 has been successfully formatted.
2021-08-21 01:41:52,370 [pool-135-thread-1] INFO  ratis.ContainerStateMachine (ContainerStateMachine.java:loadSnapshot(225)) - group-DE38657F5BB1: The snapshot info is null. Setting the last applied indexto:(t:0, i:~)
2021-08-21 01:41:52,370 [pool-135-thread-1] INFO  server.RaftServerConfigKeys (ConfUtils.java:logGet(44)) - raft.server.notification.no-leader.timeout = 300s (custom)
2021-08-21 01:41:52,370 [Datanode State Machine Thread - 0] WARN  statemachine.StateContext (StateContext.java:execute(621)) - No available thread in pool for past 1 seconds.
2021-08-21 01:41:52,370 [pool-135-thread-1] INFO  server.RaftServerConfigKeys (ConfUtils.java:logGet(44)) - raft.server.log.use.memory = false (default)
2021-08-21 01:41:52,370 [pool-135-thread-1] INFO  server.RaftServerConfigKeys (ConfUtils.java:logGet(44)) - raft.server.log.purge.gap = 1000000 (custom)
2021-08-21 01:41:52,370 [pool-135-thread-1] INFO  server.RaftServerConfigKeys (ConfUtils.java:logGet(44)) - raft.server.log.appender.buffer.byte-limit = 33554432 (custom)
2021-08-21 01:41:52,370 [pool-135-thread-1] INFO  server.RaftServerConfigKeys (ConfUtils.java:logGet(44)) - raft.server.log.segment.size.max = 1048576 (custom)
2021-08-21 01:41:52,372 [EventQueue-PipelineReportForPipelineReportHandler] INFO  pipeline.PipelineManagerImpl (PipelineManagerImpl.java:openPipeline(283)) - Pipeline Pipeline[ Id: d9326555-7564-4ef0-b534-de38657f5bb1, Nodes: 4a0ceec5-2fcf-430e-9ae7-7442e0b596cf{ip: 10.1.0.26, host: fv-az148-687, ports: [REPLICATION=36241, RATIS=38401, RATIS_ADMIN=38401, RATIS_SERVER=38401, STANDALONE=43547], networkLocation: /default-rack, certSerialId: null, persistedOpState: IN_SERVICE, persistedOpStateExpiryEpochSec: 0}, ReplicationConfig: RATIS/ONE, State:ALLOCATED, leaderId:4a0ceec5-2fcf-430e-9ae7-7442e0b596cf, CreationTimestamp2021-08-21T01:41:49.365Z[Etc/UTC]] moved to OPEN state
2021-08-21 01:41:52,372 [pool-135-thread-1] INFO  server.RaftServerConfigKeys (ConfUtils.java:logGet(44)) - raft.server.log.segment.cache.num.max = 2 (custom)
2021-08-21 01:41:52,372 [pool-135-thread-1] INFO  server.RaftServerConfigKeys (ConfUtils.java:logGet(44)) - raft.server.log.segment.cache.size.max = 200MB (=209715200) (default)
2021-08-21 01:41:52,372 [pool-135-thread-1] INFO  segmented.SegmentedRaftLogWorker (SegmentedRaftLogWorker.java:<init>(182)) - new 4a0ceec5-2fcf-430e-9ae7-7442e0b596cf@group-DE38657F5BB1-SegmentedRaftLogWorker for RaftStorageImpl:Storage Directory /home/runner/work/ozone/ozone/hadoop-ozone/integration-test/target/test-dir/MiniOzoneClusterImpl-ac918204-cb9e-461d-be45-7a6421e2bbc3/datanode-2/data/ratis/d9326555-7564-4ef0-b534-de38657f5bb1
2021-08-21 01:41:52,372 [pool-135-thread-1] INFO  server.RaftServerConfigKeys (ConfUtils.java:logGet(44)) - raft.server.log.queue.byte-limit = 2147483647 (custom)
2021-08-21 01:41:52,372 [pool-135-thread-1] INFO  server.RaftServerConfigKeys (ConfUtils.java:logGet(44)) - raft.server.log.queue.element-limit = 1024 (custom)
2021-08-21 01:41:52,372 [pool-135-thread-1] INFO  server.RaftServerConfigKeys (ConfUtils.java:logGet(44)) - raft.server.log.segment.size.max = 1048576 (custom)
2021-08-21 01:41:52,372 [pool-135-thread-1] INFO  server.RaftServerConfigKeys (ConfUtils.java:logGet(44)) - raft.server.log.preallocated.size = 16384 (custom)
2021-08-21 01:41:52,372 [pool-135-thread-1] INFO  server.RaftServerConfigKeys (ConfUtils.java:logGet(44)) - raft.server.log.force.sync.num = 128 (default)
2021-08-21 01:41:52,372 [EventQueue-OpenPipelineForHealthyPipelineSafeModeRule] INFO  safemode.SCMSafeModeManager (HealthyPipelineSafeModeRule.java:process(124)) - SCM in safe mode. Healthy pipelines reported count is 0, required healthy pipeline reported count is 1
2021-08-21 01:41:52,373 [pool-135-thread-1] INFO  server.RaftServerConfigKeys (ConfUtils.java:logGet(44)) - raft.server.log.statemachine.data.sync = true (default)
2021-08-21 01:41:52,373 [pool-135-thread-1] INFO  server.RaftServerConfigKeys (ConfUtils.java:logGet(44)) - raft.server.log.statemachine.data.sync.timeout = 10s (default)
2021-08-21 01:41:52,373 [pool-135-thread-1] INFO  server.RaftServerConfigKeys (ConfUtils.java:logGet(44)) - raft.server.log.statemachine.data.sync.timeout.retry = -1 (default)
2021-08-21 01:41:52,374 [pool-135-thread-1] INFO  server.RaftServerConfigKeys (ConfUtils.java:logGet(44)) - raft.server.log.write.buffer.size = 1048576 (custom)
2021-08-21 01:41:52,375 [pool-135-thread-1] INFO  server.RaftServerConfigKeys (ConfUtils.java:logGet(44)) - raft.server.log.statemachine.data.caching.enabled = true (custom)
2021-08-21 01:41:52,375 [pool-135-thread-1] INFO  segmented.SegmentedRaftLogWorker (SegmentedRaftLogWorker.java:lambda$new$0(133)) - 4a0ceec5-2fcf-430e-9ae7-7442e0b596cf@group-DE38657F5BB1-SegmentedRaftLogWorker: flushIndex: setUnconditionally 0 -> -1
2021-08-21 01:41:52,375 [pool-135-thread-1] INFO  segmented.SegmentedRaftLogWorker (SegmentedRaftLogWorker.java:lambda$new$0(133)) - 4a0ceec5-2fcf-430e-9ae7-7442e0b596cf@group-DE38657F5BB1-SegmentedRaftLogWorker: safeCacheEvictIndex: setUnconditionally 0 -> -1
2021-08-21 01:41:52,375 [pool-135-thread-1] INFO  server.RaftServerConfigKeys (ConfUtils.java:logGet(44)) - raft.server.snapshot.auto.trigger.enabled = true (custom)
2021-08-21 01:41:52,375 [pool-135-thread-1] INFO  server.RaftServerConfigKeys (ConfUtils.java:logGet(44)) - raft.server.snapshot.auto.trigger.threshold = 10000 (custom)
2021-08-21 01:41:52,375 [pool-135-thread-1] INFO  server.RaftServerConfigKeys (ConfUtils.java:logGet(44)) - raft.server.snapshot.retention.file.num = 5 (custom)
2021-08-21 01:41:52,375 [pool-135-thread-1] INFO  server.RaftServerConfigKeys (ConfUtils.java:logGet(44)) - raft.server.log.purge.upto.snapshot.index = false (default)
2021-08-21 01:41:52,375 [pool-135-thread-1] INFO  server.RaftServerConfigKeys (ConfUtils.java:logGet(44)) - raft.server.retrycache.expirytime = 600000ms (custom)
2021-08-21 01:41:52,375 [pool-135-thread-1] INFO  server.RaftServerConfigKeys (ConfUtils.java:logGet(44)) - raft.server.retrycache.statistics.expirytime = 100μs (default)
2021-08-21 01:41:52,377 [pool-135-thread-1] INFO  server.RaftServer$Division (RaftServerImpl.java:start(296)) - 4a0ceec5-2fcf-430e-9ae7-7442e0b596cf@group-DE38657F5BB1: start as a follower, conf=-1: [4a0ceec5-2fcf-430e-9ae7-7442e0b596cf|rpc:10.1.0.26:38401|priority:1], old=null
2021-08-21 01:41:52,377 [pool-135-thread-1] INFO  server.RaftServer$Division (RaftServerImpl.java:setRole(285)) - 4a0ceec5-2fcf-430e-9ae7-7442e0b596cf@group-DE38657F5BB1: changes role from      null to FOLLOWER at term 0 for startAsFollower
2021-08-21 01:41:52,377 [pool-135-thread-1] INFO  impl.RoleInfo (RoleInfo.java:updateAndGet(130)) - 4a0ceec5-2fcf-430e-9ae7-7442e0b596cf: start 4a0ceec5-2fcf-430e-9ae7-7442e0b596cf@group-DE38657F5BB1-FollowerState
2021-08-21 01:41:52,377 [pool-135-thread-1] INFO  util.JmxRegister (JmxRegister.java:tryRegister(44)) - Successfully registered JMX Bean with object name Ratis:service=RaftServer,group=group-DE38657F5BB1,id=4a0ceec5-2fcf-430e-9ae7-7442e0b596cf
2021-08-21 01:41:52,378 [Command processor thread] INFO  ratis.XceiverServerRatis (XceiverServerRatis.java:addGroup(763)) - Created group PipelineID=d9326555-7564-4ef0-b534-de38657f5bb1
2021-08-21 01:41:52,378 [Command processor thread] INFO  commandhandler.CreatePipelineCommandHandler (CreatePipelineCommandHandler.java:handle(106)) - Created Pipeline RATIS ONE PipelineID=d9326555-7564-4ef0-b534-de38657f5bb1.
2021-08-21 01:41:53,360 [Listener at 127.0.0.1/11936] INFO  ozone.MiniOzoneClusterImpl (MiniOzoneClusterImpl.java:lambda$waitForClusterToBeReady$0(235)) - Nodes are ready. Got 3 of 3 DN Heartbeats.
2021-08-21 01:41:53,360 [Listener at 127.0.0.1/11936] INFO  ozone.MiniOzoneClusterImpl (MiniOzoneClusterImpl.java:lambda$waitForClusterToBeReady$0(238)) - Waiting for cluster to exit safe mode
2021-08-21 01:41:53,360 [Listener at 127.0.0.1/11936] INFO  ozone.MiniOzoneClusterImpl (MiniOzoneClusterImpl.java:lambda$waitForClusterToBeReady$0(240)) - SCM became leader
2021-08-21 01:41:54,361 [Listener at 127.0.0.1/11936] INFO  ozone.MiniOzoneClusterImpl (MiniOzoneClusterImpl.java:lambda$waitForClusterToBeReady$0(235)) - Nodes are ready. Got 3 of 3 DN Heartbeats.
2021-08-21 01:41:54,361 [Listener at 127.0.0.1/11936] INFO  ozone.MiniOzoneClusterImpl (MiniOzoneClusterImpl.java:lambda$waitForClusterToBeReady$0(238)) - Waiting for cluster to exit safe mode
2021-08-21 01:41:54,361 [Listener at 127.0.0.1/11936] INFO  ozone.MiniOzoneClusterImpl (MiniOzoneClusterImpl.java:lambda$waitForClusterToBeReady$0(240)) - SCM became leader
2021-08-21 01:41:55,361 [Listener at 127.0.0.1/11936] INFO  ozone.MiniOzoneClusterImpl (MiniOzoneClusterImpl.java:lambda$waitForClusterToBeReady$0(235)) - Nodes are ready. Got 3 of 3 DN Heartbeats.
2021-08-21 01:41:55,361 [Listener at 127.0.0.1/11936] INFO  ozone.MiniOzoneClusterImpl (MiniOzoneClusterImpl.java:lambda$waitForClusterToBeReady$0(238)) - Waiting for cluster to exit safe mode
2021-08-21 01:41:55,361 [Listener at 127.0.0.1/11936] INFO  ozone.MiniOzoneClusterImpl (MiniOzoneClusterImpl.java:lambda$waitForClusterToBeReady$0(240)) - SCM became leader
2021-08-21 01:41:56,362 [Listener at 127.0.0.1/11936] INFO  ozone.MiniOzoneClusterImpl (MiniOzoneClusterImpl.java:lambda$waitForClusterToBeReady$0(235)) - Nodes are ready. Got 3 of 3 DN Heartbeats.
2021-08-21 01:41:56,362 [Listener at 127.0.0.1/11936] INFO  ozone.MiniOzoneClusterImpl (MiniOzoneClusterImpl.java:lambda$waitForClusterToBeReady$0(238)) - Waiting for cluster to exit safe mode
2021-08-21 01:41:56,362 [Listener at 127.0.0.1/11936] INFO  ozone.MiniOzoneClusterImpl (MiniOzoneClusterImpl.java:lambda$waitForClusterToBeReady$0(240)) - SCM became leader
2021-08-21 01:41:57,046 [eb4e2853-1640-4057-8e90-7cd4a46526af@group-2A1F55711ACD-FollowerState] INFO  impl.FollowerState (FollowerState.java:run(134)) - eb4e2853-1640-4057-8e90-7cd4a46526af@group-2A1F55711ACD-FollowerState: change to CANDIDATE, lastRpcElapsedTime:5185111168ns, electionTimeout:5180ms
2021-08-21 01:41:57,046 [eb4e2853-1640-4057-8e90-7cd4a46526af@group-2A1F55711ACD-FollowerState] INFO  impl.RoleInfo (RoleInfo.java:shutdownFollowerState(108)) - eb4e2853-1640-4057-8e90-7cd4a46526af: shutdown eb4e2853-1640-4057-8e90-7cd4a46526af@group-2A1F55711ACD-FollowerState
2021-08-21 01:41:57,046 [eb4e2853-1640-4057-8e90-7cd4a46526af@group-2A1F55711ACD-FollowerState] INFO  server.RaftServer$Division (RaftServerImpl.java:setRole(285)) - eb4e2853-1640-4057-8e90-7cd4a46526af@group-2A1F55711ACD: changes role from  FOLLOWER to CANDIDATE at term 0 for changeToCandidate
2021-08-21 01:41:57,046 [eb4e2853-1640-4057-8e90-7cd4a46526af@group-2A1F55711ACD-FollowerState] INFO  server.RaftServerConfigKeys (ConfUtils.java:logGet(44)) - raft.server.leaderelection.pre-vote = false (custom)
2021-08-21 01:41:57,046 [eb4e2853-1640-4057-8e90-7cd4a46526af@group-2A1F55711ACD-FollowerState] INFO  impl.RoleInfo (RoleInfo.java:updateAndGet(130)) - eb4e2853-1640-4057-8e90-7cd4a46526af: start eb4e2853-1640-4057-8e90-7cd4a46526af@group-2A1F55711ACD-LeaderElection5
2021-08-21 01:41:57,048 [eb4e2853-1640-4057-8e90-7cd4a46526af@group-2EAD7310DA65-FollowerState] INFO  impl.FollowerState (FollowerState.java:run(134)) - eb4e2853-1640-4057-8e90-7cd4a46526af@group-2EAD7310DA65-FollowerState: change to CANDIDATE, lastRpcElapsedTime:5157214593ns, electionTimeout:5156ms
2021-08-21 01:41:57,049 [eb4e2853-1640-4057-8e90-7cd4a46526af@group-2EAD7310DA65-FollowerState] INFO  impl.RoleInfo (RoleInfo.java:shutdownFollowerState(108)) - eb4e2853-1640-4057-8e90-7cd4a46526af: shutdown eb4e2853-1640-4057-8e90-7cd4a46526af@group-2EAD7310DA65-FollowerState
2021-08-21 01:41:57,049 [eb4e2853-1640-4057-8e90-7cd4a46526af@group-2EAD7310DA65-FollowerState] INFO  server.RaftServer$Division (RaftServerImpl.java:setRole(285)) - eb4e2853-1640-4057-8e90-7cd4a46526af@group-2EAD7310DA65: changes role from  FOLLOWER to CANDIDATE at term 0 for changeToCandidate
2021-08-21 01:41:57,049 [eb4e2853-1640-4057-8e90-7cd4a46526af@group-2EAD7310DA65-FollowerState] INFO  server.RaftServerConfigKeys (ConfUtils.java:logGet(44)) - raft.server.leaderelection.pre-vote = false (custom)
2021-08-21 01:41:57,049 [eb4e2853-1640-4057-8e90-7cd4a46526af@group-2EAD7310DA65-FollowerState] INFO  impl.RoleInfo (RoleInfo.java:updateAndGet(130)) - eb4e2853-1640-4057-8e90-7cd4a46526af: start eb4e2853-1640-4057-8e90-7cd4a46526af@group-2EAD7310DA65-LeaderElection6
2021-08-21 01:41:57,049 [eb4e2853-1640-4057-8e90-7cd4a46526af@group-2A1F55711ACD-LeaderElection5] INFO  impl.LeaderElection (LeaderElection.java:askForVotes(306)) - eb4e2853-1640-4057-8e90-7cd4a46526af@group-2A1F55711ACD-LeaderElection5 ELECTION round 0: submit vote requests at term 1 for -1: [eb4e2853-1640-4057-8e90-7cd4a46526af|rpc:10.1.0.26:38129|priority:1], old=null
2021-08-21 01:41:57,049 [eb4e2853-1640-4057-8e90-7cd4a46526af@group-2A1F55711ACD-LeaderElection5] INFO  impl.LeaderElection (LeaderElection.java:askForVotes(308)) - eb4e2853-1640-4057-8e90-7cd4a46526af@group-2A1F55711ACD-LeaderElection5 ELECTION round 0: result PASSED (term=1)
2021-08-21 01:41:57,054 [eb4e2853-1640-4057-8e90-7cd4a46526af@group-2A1F55711ACD-LeaderElection5] INFO  impl.RoleInfo (RoleInfo.java:shutdownLeaderElection(121)) - eb4e2853-1640-4057-8e90-7cd4a46526af: shutdown eb4e2853-1640-4057-8e90-7cd4a46526af@group-2A1F55711ACD-LeaderElection5
2021-08-21 01:41:57,054 [eb4e2853-1640-4057-8e90-7cd4a46526af@group-2A1F55711ACD-LeaderElection5] INFO  server.RaftServer$Division (RaftServerImpl.java:setRole(285)) - eb4e2853-1640-4057-8e90-7cd4a46526af@group-2A1F55711ACD: changes role from CANDIDATE to LEADER at term 1 for changeToLeader
2021-08-21 01:41:57,054 [eb4e2853-1640-4057-8e90-7cd4a46526af@group-2A1F55711ACD-LeaderElection5] INFO  ratis.XceiverServerRatis (XceiverServerRatis.java:handleLeaderChangedNotification(861)) - Leader change notification received for group: group-2A1F55711ACD with new leaderId: eb4e2853-1640-4057-8e90-7cd4a46526af
2021-08-21 01:41:57,055 [eb4e2853-1640-4057-8e90-7cd4a46526af@group-2A1F55711ACD-LeaderElection5] INFO  server.RaftServer$Division (ServerState.java:setLeader(285)) - eb4e2853-1640-4057-8e90-7cd4a46526af@group-2A1F55711ACD: change Leader from null to eb4e2853-1640-4057-8e90-7cd4a46526af at term 1 for becomeLeader, leader elected after 5212ms
2021-08-21 01:41:57,055 [eb4e2853-1640-4057-8e90-7cd4a46526af@group-2A1F55711ACD-LeaderElection5] INFO  server.RaftServerConfigKeys (ConfUtils.java:logGet(44)) - raft.server.staging.catchup.gap = 1000 (default)
2021-08-21 01:41:57,055 [Datanode State Machine Thread - 0] WARN  statemachine.StateContext (StateContext.java:execute(621)) - No available thread in pool for past 1 seconds.
2021-08-21 01:41:57,055 [eb4e2853-1640-4057-8e90-7cd4a46526af@group-2A1F55711ACD-LeaderElection5] INFO  server.RaftServerConfigKeys (ConfUtils.java:logGet(44)) - raft.server.write.element-limit = 1024 (custom)
2021-08-21 01:41:57,055 [eb4e2853-1640-4057-8e90-7cd4a46526af@group-2A1F55711ACD-LeaderElection5] INFO  server.RaftServerConfigKeys (ConfUtils.java:logGet(44)) - raft.server.write.byte-limit = 1024 M (=1073741824) (custom)
2021-08-21 01:41:57,055 [eb4e2853-1640-4057-8e90-7cd4a46526af@group-2A1F55711ACD-LeaderElection5] INFO  server.RaftServerConfigKeys (ConfUtils.java:logGet(44)) - raft.server.watch.timeout = 180s (custom)
2021-08-21 01:41:57,055 [eb4e2853-1640-4057-8e90-7cd4a46526af@group-2A1F55711ACD-LeaderElection5] INFO  server.RaftServerConfigKeys (ConfUtils.java:logGet(44)) - raft.server.watch.timeout.denomination = 1s (default)
2021-08-21 01:41:57,056 [eb4e2853-1640-4057-8e90-7cd4a46526af@group-2A1F55711ACD-LeaderElection5] INFO  server.RaftServerConfigKeys (ConfUtils.java:logGet(44)) - raft.server.watch.element-limit = 65536 (default)
2021-08-21 01:41:57,056 [eb4e2853-1640-4057-8e90-7cd4a46526af@group-2A1F55711ACD-LeaderElection5] INFO  impl.RoleInfo (RoleInfo.java:updateAndGet(130)) - eb4e2853-1640-4057-8e90-7cd4a46526af: start eb4e2853-1640-4057-8e90-7cd4a46526af@group-2A1F55711ACD-LeaderStateImpl
2021-08-21 01:41:57,056 [eb4e2853-1640-4057-8e90-7cd4a46526af@group-2A1F55711ACD-LeaderElection5] INFO  segmented.SegmentedRaftLogWorker (SegmentedRaftLogWorker.java:startLogSegment(394)) - eb4e2853-1640-4057-8e90-7cd4a46526af@group-2A1F55711ACD-SegmentedRaftLogWorker: Starting segment from index:0
2021-08-21 01:41:57,057 [eb4e2853-1640-4057-8e90-7cd4a46526af@group-2A1F55711ACD-SegmentedRaftLogWorker] INFO  segmented.SegmentedRaftLogWorker (SegmentedRaftLogWorker.java:execute(601)) - eb4e2853-1640-4057-8e90-7cd4a46526af@group-2A1F55711ACD-SegmentedRaftLogWorker: created new log segment /home/runner/work/ozone/ozone/hadoop-ozone/integration-test/target/test-dir/MiniOzoneClusterImpl-ac918204-cb9e-461d-be45-7a6421e2bbc3/datanode-0/data/ratis/c27ea837-9390-4885-8c65-2a1f55711acd/current/log_inprogress_0
2021-08-21 01:41:57,068 [eb4e2853-1640-4057-8e90-7cd4a46526af@group-2A1F55711ACD-LeaderElection5] INFO  server.RaftServer$Division (ServerState.java:setRaftConf(387)) - eb4e2853-1640-4057-8e90-7cd4a46526af@group-2A1F55711ACD: set configuration 0: [eb4e2853-1640-4057-8e90-7cd4a46526af|rpc:10.1.0.26:38129|dataStream:|priority:1], old=null
2021-08-21 01:41:57,069 [eb4e2853-1640-4057-8e90-7cd4a46526af@group-2EAD7310DA65-LeaderElection6] INFO  impl.LeaderElection (LeaderElection.java:askForVotes(306)) - eb4e2853-1640-4057-8e90-7cd4a46526af@group-2EAD7310DA65-LeaderElection6 ELECTION round 0: submit vote requests at term 1 for -1: [6d4f4a2b-908a-44c0-8dce-7a4ce83b0e89|rpc:10.1.0.26:45247|priority:0, eb4e2853-1640-4057-8e90-7cd4a46526af|rpc:10.1.0.26:38129|priority:1, 4a0ceec5-2fcf-430e-9ae7-7442e0b596cf|rpc:10.1.0.26:38401|priority:0], old=null
2021-08-21 01:41:57,073 [EventQueue-OpenPipelineForHealthyPipelineSafeModeRule] INFO  safemode.SCMSafeModeManager (HealthyPipelineSafeModeRule.java:process(124)) - SCM in safe mode. Healthy pipelines reported count is 0, required healthy pipeline reported count is 1
2021-08-21 01:41:57,084 [grpc-default-executor-2] INFO  server.RaftServer$Division (RaftServerImpl.java:requestVote(1043)) - 6d4f4a2b-908a-44c0-8dce-7a4ce83b0e89@group-2EAD7310DA65: receive requestVote(ELECTION, eb4e2853-1640-4057-8e90-7cd4a46526af, group-2EAD7310DA65, 1, (t:0, i:0))
2021-08-21 01:41:57,084 [grpc-default-executor-2] INFO  impl.VoteContext (VoteContext.java:log(48)) - 6d4f4a2b-908a-44c0-8dce-7a4ce83b0e89@group-2EAD7310DA65-FOLLOWER: accept ELECTION from eb4e2853-1640-4057-8e90-7cd4a46526af: our priority 0 <= candidate's priority 1
2021-08-21 01:41:57,085 [grpc-default-executor-2] INFO  server.RaftServer$Division (RaftServerImpl.java:setRole(285)) - 6d4f4a2b-908a-44c0-8dce-7a4ce83b0e89@group-2EAD7310DA65: changes role from  FOLLOWER to FOLLOWER at term 1 for candidate:eb4e2853-1640-4057-8e90-7cd4a46526af
2021-08-21 01:41:57,085 [grpc-default-executor-2] INFO  impl.RoleInfo (RoleInfo.java:shutdownFollowerState(108)) - 6d4f4a2b-908a-44c0-8dce-7a4ce83b0e89: shutdown 6d4f4a2b-908a-44c0-8dce-7a4ce83b0e89@group-2EAD7310DA65-FollowerState
2021-08-21 01:41:57,085 [grpc-default-executor-2] INFO  impl.RoleInfo (RoleInfo.java:updateAndGet(130)) - 6d4f4a2b-908a-44c0-8dce-7a4ce83b0e89: start 6d4f4a2b-908a-44c0-8dce-7a4ce83b0e89@group-2EAD7310DA65-FollowerState
2021-08-21 01:41:57,085 [6d4f4a2b-908a-44c0-8dce-7a4ce83b0e89@group-2EAD7310DA65-FollowerState] INFO  impl.FollowerState (FollowerState.java:run(143)) - 6d4f4a2b-908a-44c0-8dce-7a4ce83b0e89@group-2EAD7310DA65-FollowerState was interrupted: {}
java.lang.InterruptedException: sleep interrupted
	at java.lang.Thread.sleep(Native Method)
	at java.lang.Thread.sleep(Thread.java:340)
	at java.util.concurrent.TimeUnit.sleep(TimeUnit.java:386)
	at org.apache.ratis.util.TimeDuration.sleep(TimeDuration.java:324)
	at org.apache.ratis.util.TimeDuration.sleep(TimeDuration.java:309)
	at org.apache.ratis.server.impl.FollowerState.run(FollowerState.java:118)
2021-08-21 01:41:57,085 [grpc-default-executor-3] INFO  server.RaftServer$Division (RaftServerImpl.java:requestVote(1043)) - 4a0ceec5-2fcf-430e-9ae7-7442e0b596cf@group-2EAD7310DA65: receive requestVote(ELECTION, eb4e2853-1640-4057-8e90-7cd4a46526af, group-2EAD7310DA65, 1, (t:0, i:0))
2021-08-21 01:41:57,085 [grpc-default-executor-3] INFO  impl.VoteContext (VoteContext.java:log(48)) - 4a0ceec5-2fcf-430e-9ae7-7442e0b596cf@group-2EAD7310DA65-FOLLOWER: accept ELECTION from eb4e2853-1640-4057-8e90-7cd4a46526af: our priority 0 <= candidate's priority 1
2021-08-21 01:41:57,085 [grpc-default-executor-3] INFO  server.RaftServer$Division (RaftServerImpl.java:setRole(285)) - 4a0ceec5-2fcf-430e-9ae7-7442e0b596cf@group-2EAD7310DA65: changes role from  FOLLOWER to FOLLOWER at term 1 for candidate:eb4e2853-1640-4057-8e90-7cd4a46526af
2021-08-21 01:41:57,085 [grpc-default-executor-3] INFO  impl.RoleInfo (RoleInfo.java:shutdownFollowerState(108)) - 4a0ceec5-2fcf-430e-9ae7-7442e0b596cf: shutdown 4a0ceec5-2fcf-430e-9ae7-7442e0b596cf@group-2EAD7310DA65-FollowerState
2021-08-21 01:41:57,093 [grpc-default-executor-3] INFO  impl.RoleInfo (RoleInfo.java:updateAndGet(130)) - 4a0ceec5-2fcf-430e-9ae7-7442e0b596cf: start 4a0ceec5-2fcf-430e-9ae7-7442e0b596cf@group-2EAD7310DA65-FollowerState
2021-08-21 01:41:57,093 [4a0ceec5-2fcf-430e-9ae7-7442e0b596cf@group-2EAD7310DA65-FollowerState] INFO  impl.FollowerState (FollowerState.java:run(143)) - 4a0ceec5-2fcf-430e-9ae7-7442e0b596cf@group-2EAD7310DA65-FollowerState was interrupted: {}
java.lang.InterruptedException: sleep interrupted
	at java.lang.Thread.sleep(Native Method)
	at java.lang.Thread.sleep(Thread.java:340)
	at java.util.concurrent.TimeUnit.sleep(TimeUnit.java:386)
	at org.apache.ratis.util.TimeDuration.sleep(TimeDuration.java:324)
	at org.apache.ratis.util.TimeDuration.sleep(TimeDuration.java:309)
	at org.apache.ratis.server.impl.FollowerState.run(FollowerState.java:118)
2021-08-21 01:41:57,094 [grpc-default-executor-2] INFO  server.RaftServer$Division (RaftServerImpl.java:requestVote(1075)) - 6d4f4a2b-908a-44c0-8dce-7a4ce83b0e89@group-2EAD7310DA65 replies to ELECTION vote request: eb4e2853-1640-4057-8e90-7cd4a46526af<-6d4f4a2b-908a-44c0-8dce-7a4ce83b0e89#0:OK-t1. Peer's state: 6d4f4a2b-908a-44c0-8dce-7a4ce83b0e89@group-2EAD7310DA65:t1, leader=null, voted=eb4e2853-1640-4057-8e90-7cd4a46526af, raftlog=6d4f4a2b-908a-44c0-8dce-7a4ce83b0e89@group-2EAD7310DA65-SegmentedRaftLog:OPENED:c-1,f-1,i0, conf=-1: [6d4f4a2b-908a-44c0-8dce-7a4ce83b0e89|rpc:10.1.0.26:45247|dataStream:|priority:0, eb4e2853-1640-4057-8e90-7cd4a46526af|rpc:10.1.0.26:38129|dataStream:|priority:1, 4a0ceec5-2fcf-430e-9ae7-7442e0b596cf|rpc:10.1.0.26:38401|dataStream:|priority:0], old=null
2021-08-21 01:41:57,095 [grpc-default-executor-3] INFO  server.RaftServer$Division (RaftServerImpl.java:requestVote(1075)) - 4a0ceec5-2fcf-430e-9ae7-7442e0b596cf@group-2EAD7310DA65 replies to ELECTION vote request: eb4e2853-1640-4057-8e90-7cd4a46526af<-4a0ceec5-2fcf-430e-9ae7-7442e0b596cf#0:OK-t1. Peer's state: 4a0ceec5-2fcf-430e-9ae7-7442e0b596cf@group-2EAD7310DA65:t1, leader=null, voted=eb4e2853-1640-4057-8e90-7cd4a46526af, raftlog=4a0ceec5-2fcf-430e-9ae7-7442e0b596cf@group-2EAD7310DA65-SegmentedRaftLog:OPENED:c-1,f-1,i0, conf=-1: [6d4f4a2b-908a-44c0-8dce-7a4ce83b0e89|rpc:10.1.0.26:45247|dataStream:|priority:0, eb4e2853-1640-4057-8e90-7cd4a46526af|rpc:10.1.0.26:38129|dataStream:|priority:1, 4a0ceec5-2fcf-430e-9ae7-7442e0b596cf|rpc:10.1.0.26:38401|dataStream:|priority:0], old=null
2021-08-21 01:41:57,100 [eb4e2853-1640-4057-8e90-7cd4a46526af@group-2EAD7310DA65-LeaderElection6] INFO  impl.LeaderElection (LeaderElection.java:logAndReturn(89)) - eb4e2853-1640-4057-8e90-7cd4a46526af@group-2EAD7310DA65-LeaderElection6: ELECTION PASSED received 1 response(s) and 0 exception(s):
2021-08-21 01:41:57,102 [eb4e2853-1640-4057-8e90-7cd4a46526af@group-2EAD7310DA65-LeaderElection6] INFO  impl.LeaderElection (LeaderElection.java:logAndReturn(93)) -   Response 0: eb4e2853-1640-4057-8e90-7cd4a46526af<-6d4f4a2b-908a-44c0-8dce-7a4ce83b0e89#0:OK-t1
2021-08-21 01:41:57,102 [eb4e2853-1640-4057-8e90-7cd4a46526af@group-2EAD7310DA65-LeaderElection6] INFO  impl.LeaderElection (LeaderElection.java:askForVotes(308)) - eb4e2853-1640-4057-8e90-7cd4a46526af@group-2EAD7310DA65-LeaderElection6 ELECTION round 0: result PASSED
2021-08-21 01:41:57,102 [eb4e2853-1640-4057-8e90-7cd4a46526af@group-2EAD7310DA65-LeaderElection6] INFO  impl.RoleInfo (RoleInfo.java:shutdownLeaderElection(121)) - eb4e2853-1640-4057-8e90-7cd4a46526af: shutdown eb4e2853-1640-4057-8e90-7cd4a46526af@group-2EAD7310DA65-LeaderElection6
2021-08-21 01:41:57,102 [eb4e2853-1640-4057-8e90-7cd4a46526af@group-2EAD7310DA65-LeaderElection6] INFO  server.RaftServer$Division (RaftServerImpl.java:setRole(285)) - eb4e2853-1640-4057-8e90-7cd4a46526af@group-2EAD7310DA65: changes role from CANDIDATE to LEADER at term 1 for changeToLeader
2021-08-21 01:41:57,102 [eb4e2853-1640-4057-8e90-7cd4a46526af@group-2EAD7310DA65-LeaderElection6] INFO  ratis.XceiverServerRatis (XceiverServerRatis.java:handleLeaderChangedNotification(861)) - Leader change notification received for group: group-2EAD7310DA65 with new leaderId: eb4e2853-1640-4057-8e90-7cd4a46526af
2021-08-21 01:41:57,102 [eb4e2853-1640-4057-8e90-7cd4a46526af@group-2EAD7310DA65-LeaderElection6] INFO  server.RaftServer$Division (ServerState.java:setLeader(285)) - eb4e2853-1640-4057-8e90-7cd4a46526af@group-2EAD7310DA65: change Leader from null to eb4e2853-1640-4057-8e90-7cd4a46526af at term 1 for becomeLeader, leader elected after 5227ms
2021-08-21 01:41:57,103 [eb4e2853-1640-4057-8e90-7cd4a46526af@group-2EAD7310DA65-LeaderElection6] INFO  server.RaftServerConfigKeys (ConfUtils.java:logGet(44)) - raft.server.staging.catchup.gap = 1000 (default)
2021-08-21 01:41:57,103 [eb4e2853-1640-4057-8e90-7cd4a46526af@group-2EAD7310DA65-LeaderElection6] INFO  server.RaftServerConfigKeys (ConfUtils.java:logGet(44)) - raft.server.write.element-limit = 1024 (custom)
2021-08-21 01:41:57,103 [Datanode State Machine Thread - 0] WARN  statemachine.StateContext (StateContext.java:execute(621)) - No available thread in pool for past 1 seconds.
2021-08-21 01:41:57,103 [eb4e2853-1640-4057-8e90-7cd4a46526af@group-2EAD7310DA65-LeaderElection6] INFO  server.RaftServerConfigKeys (ConfUtils.java:logGet(44)) - raft.server.write.byte-limit = 1024 M (=1073741824) (custom)
2021-08-21 01:41:57,104 [eb4e2853-1640-4057-8e90-7cd4a46526af@group-2EAD7310DA65-LeaderElection6] INFO  server.RaftServerConfigKeys (ConfUtils.java:logGet(44)) - raft.server.watch.timeout = 180s (custom)
2021-08-21 01:41:57,104 [eb4e2853-1640-4057-8e90-7cd4a46526af@group-2EAD7310DA65-LeaderElection6] INFO  server.RaftServerConfigKeys (ConfUtils.java:logGet(44)) - raft.server.watch.timeout.denomination = 1s (default)
2021-08-21 01:41:57,104 [eb4e2853-1640-4057-8e90-7cd4a46526af@group-2EAD7310DA65-LeaderElection6] INFO  server.RaftServerConfigKeys (ConfUtils.java:logGet(44)) - raft.server.watch.element-limit = 65536 (default)
2021-08-21 01:41:57,104 [eb4e2853-1640-4057-8e90-7cd4a46526af@group-2EAD7310DA65-LeaderElection6] INFO  server.RaftServerConfigKeys (ConfUtils.java:logGet(44)) - raft.server.log.appender.snapshot.chunk.size.max = 16MB (=16777216) (default)
2021-08-21 01:41:57,104 [eb4e2853-1640-4057-8e90-7cd4a46526af@group-2EAD7310DA65-LeaderElection6] INFO  server.RaftServerConfigKeys (ConfUtils.java:logGet(44)) - raft.server.log.appender.buffer.byte-limit = 33554432 (custom)
2021-08-21 01:41:57,104 [eb4e2853-1640-4057-8e90-7cd4a46526af@group-2EAD7310DA65-LeaderElection6] INFO  server.RaftServerConfigKeys (ConfUtils.java:logGet(44)) - raft.server.log.appender.buffer.element-limit = 1 (custom)
2021-08-21 01:41:57,104 [eb4e2853-1640-4057-8e90-7cd4a46526af@group-2EAD7310DA65-LeaderElection6] INFO  grpc.GrpcConfigKeys (ConfUtils.java:logGet(44)) - raft.grpc.server.leader.outstanding.appends.max = 128 (default)
2021-08-21 01:41:57,104 [eb4e2853-1640-4057-8e90-7cd4a46526af@group-2EAD7310DA65-LeaderElection6] INFO  server.RaftServerConfigKeys (ConfUtils.java:logGet(44)) - raft.server.rpc.request.timeout = 60s (custom)
2021-08-21 01:41:57,105 [eb4e2853-1640-4057-8e90-7cd4a46526af@group-2EAD7310DA65-LeaderElection6] INFO  server.RaftServerConfigKeys (ConfUtils.java:logGet(44)) - raft.server.log.appender.install.snapshot.enabled = false (custom)
2021-08-21 01:41:57,105 [EventQueue-PipelineReportForPipelineReportHandler] INFO  pipeline.PipelineManagerImpl (PipelineManagerImpl.java:openPipeline(283)) - Pipeline Pipeline[ Id: c76c38ee-75ae-4700-bf4e-2ead7310da65, Nodes: eb4e2853-1640-4057-8e90-7cd4a46526af{ip: 10.1.0.26, host: fv-az148-687, ports: [REPLICATION=46739, RATIS=38129, RATIS_ADMIN=38129, RATIS_SERVER=38129, STANDALONE=42611], networkLocation: /default-rack, certSerialId: null, persistedOpState: IN_SERVICE, persistedOpStateExpiryEpochSec: 0}4a0ceec5-2fcf-430e-9ae7-7442e0b596cf{ip: 10.1.0.26, host: fv-az148-687, ports: [REPLICATION=36241, RATIS=38401, RATIS_ADMIN=38401, RATIS_SERVER=38401, STANDALONE=43547], networkLocation: /default-rack, certSerialId: null, persistedOpState: IN_SERVICE, persistedOpStateExpiryEpochSec: 0}6d4f4a2b-908a-44c0-8dce-7a4ce83b0e89{ip: 10.1.0.26, host: fv-az148-687, ports: [REPLICATION=42171, RATIS=45247, RATIS_ADMIN=45247, RATIS_SERVER=45247, STANDALONE=33521], networkLocation: /default-rack, certSerialId: null, persistedOpState: IN_SERVICE, persistedOpStateExpiryEpochSec: 0}, ReplicationConfig: RATIS/THREE, State:ALLOCATED, leaderId:eb4e2853-1640-4057-8e90-7cd4a46526af, CreationTimestamp2021-08-21T01:41:49.368Z[Etc/UTC]] moved to OPEN state
2021-08-21 01:41:57,105 [EventQueue-OpenPipelineForHealthyPipelineSafeModeRule] INFO  safemode.SCMSafeModeManager (HealthyPipelineSafeModeRule.java:process(124)) - SCM in safe mode. Healthy pipelines reported count is 0, required healthy pipeline reported count is 1
2021-08-21 01:41:57,105 [eb4e2853-1640-4057-8e90-7cd4a46526af@group-2EAD7310DA65-LeaderElection6] INFO  server.RaftServerConfigKeys (ConfUtils.java:logGet(44)) - raft.server.log.appender.snapshot.chunk.size.max = 16MB (=16777216) (default)
2021-08-21 01:41:57,105 [EventQueue-OpenPipelineForHealthyPipelineSafeModeRule] INFO  safemode.SCMSafeModeManager (HealthyPipelineSafeModeRule.java:process(124)) - SCM in safe mode. Healthy pipelines reported count is 1, required healthy pipeline reported count is 1
2021-08-21 01:41:57,107 [eb4e2853-1640-4057-8e90-7cd4a46526af@group-2EAD7310DA65-LeaderElection6] INFO  server.RaftServerConfigKeys (ConfUtils.java:logGet(44)) - raft.server.log.appender.buffer.byte-limit = 33554432 (custom)
2021-08-21 01:41:57,107 [EventQueue-OpenPipelineForHealthyPipelineSafeModeRule] INFO  safemode.SCMSafeModeManager (SCMSafeModeManager.java:validateSafeModeExitRules(204)) - HealthyPipelineSafeModeRule rule is successfully validated
2021-08-21 01:41:57,107 [eb4e2853-1640-4057-8e90-7cd4a46526af@group-2EAD7310DA65-LeaderElection6] INFO  server.RaftServerConfigKeys (ConfUtils.java:logGet(44)) - raft.server.log.appender.buffer.element-limit = 1 (custom)
2021-08-21 01:41:57,107 [EventQueue-OpenPipelineForHealthyPipelineSafeModeRule] INFO  safemode.SCMSafeModeManager (SCMSafeModeManager.java:validateSafeModeExitRules(219)) - ScmSafeModeManager, all rules are successfully validated
2021-08-21 01:41:57,107 [eb4e2853-1640-4057-8e90-7cd4a46526af@group-2EAD7310DA65-LeaderElection6] INFO  grpc.GrpcConfigKeys (ConfUtils.java:logGet(44)) - raft.grpc.server.leader.outstanding.appends.max = 128 (default)
2021-08-21 01:41:57,107 [EventQueue-OpenPipelineForHealthyPipelineSafeModeRule] INFO  safemode.SCMSafeModeManager (SCMSafeModeManager.java:exitSafeMode(248)) - SCM exiting safe mode.
2021-08-21 01:41:57,108 [eb4e2853-1640-4057-8e90-7cd4a46526af@group-2EAD7310DA65-LeaderElection6] INFO  server.RaftServerConfigKeys (ConfUtils.java:logGet(44)) - raft.server.rpc.request.timeout = 60s (custom)
2021-08-21 01:41:57,108 [EventQueue-OpenPipelineForHealthyPipelineSafeModeRule] WARN  events.EventQueue (EventQueue.java:fireEvent(194)) - No event handler registered for event TypedEvent{payloadType=SafeModeStatus, name='Safe mode status'}
2021-08-21 01:41:57,108 [eb4e2853-1640-4057-8e90-7cd4a46526af@group-2EAD7310DA65-LeaderElection6] INFO  server.RaftServerConfigKeys (ConfUtils.java:logGet(44)) - raft.server.log.appender.install.snapshot.enabled = false (custom)
2021-08-21 01:41:57,108 [EventQueue-OpenPipelineForHealthyPipelineSafeModeRule] INFO  ha.SCMContext (SCMContext.java:updateSafeModeStatus(205)) - Update SafeModeStatus from SafeModeStatus{safeModeStatus=true, preCheckPassed=true} to SafeModeStatus{safeModeStatus=false, preCheckPassed=true}.
2021-08-21 01:41:57,108 [EventQueue-OpenPipelineForHealthyPipelineSafeModeRule] INFO  pipeline.BackgroundPipelineCreator (BackgroundPipelineCreatorV2.java:notifyStatusChanged(264)) - Service BackgroundPipelineCreator transitions to RUNNING.
2021-08-21 01:41:57,108 [EventQueue-OpenPipelineForHealthyPipelineSafeModeRule] INFO  container.ReplicationManager (ReplicationManager.java:notifyStatusChanged(1722)) - Service ReplicationManager transitions to RUNNING.
2021-08-21 01:41:57,108 [eb4e2853-1640-4057-8e90-7cd4a46526af@group-2EAD7310DA65-LeaderElection6] INFO  impl.RoleInfo (RoleInfo.java:updateAndGet(130)) - eb4e2853-1640-4057-8e90-7cd4a46526af: start eb4e2853-1640-4057-8e90-7cd4a46526af@group-2EAD7310DA65-LeaderStateImpl
2021-08-21 01:41:57,109 [eb4e2853-1640-4057-8e90-7cd4a46526af@group-2EAD7310DA65-LeaderElection6] INFO  segmented.SegmentedRaftLogWorker (SegmentedRaftLogWorker.java:startLogSegment(394)) - eb4e2853-1640-4057-8e90-7cd4a46526af@group-2EAD7310DA65-SegmentedRaftLogWorker: Starting segment from index:0
2021-08-21 01:41:57,110 [eb4e2853-1640-4057-8e90-7cd4a46526af@group-2EAD7310DA65-SegmentedRaftLogWorker] INFO  segmented.SegmentedRaftLogWorker (SegmentedRaftLogWorker.java:execute(601)) - eb4e2853-1640-4057-8e90-7cd4a46526af@group-2EAD7310DA65-SegmentedRaftLogWorker: created new log segment /home/runner/work/ozone/ozone/hadoop-ozone/integration-test/target/test-dir/MiniOzoneClusterImpl-ac918204-cb9e-461d-be45-7a6421e2bbc3/datanode-0/data/ratis/c76c38ee-75ae-4700-bf4e-2ead7310da65/current/log_inprogress_0
2021-08-21 01:41:57,118 [grpc-default-executor-2] INFO  ratis.XceiverServerRatis (XceiverServerRatis.java:handleLeaderChangedNotification(861)) - Leader change notification received for group: group-2EAD7310DA65 with new leaderId: eb4e2853-1640-4057-8e90-7cd4a46526af
2021-08-21 01:41:57,119 [grpc-default-executor-2] INFO  server.RaftServer$Division (ServerState.java:setLeader(285)) - 6d4f4a2b-908a-44c0-8dce-7a4ce83b0e89@group-2EAD7310DA65: change Leader from null to eb4e2853-1640-4057-8e90-7cd4a46526af at term 1 for appendEntries, leader elected after 5087ms
2021-08-21 01:41:57,125 [eb4e2853-1640-4057-8e90-7cd4a46526af@group-2EAD7310DA65-LeaderElection6] INFO  server.RaftServer$Division (ServerState.java:setRaftConf(387)) - eb4e2853-1640-4057-8e90-7cd4a46526af@group-2EAD7310DA65: set configuration 0: [6d4f4a2b-908a-44c0-8dce-7a4ce83b0e89|rpc:10.1.0.26:45247|dataStream:|priority:0, eb4e2853-1640-4057-8e90-7cd4a46526af|rpc:10.1.0.26:38129|dataStream:|priority:1, 4a0ceec5-2fcf-430e-9ae7-7442e0b596cf|rpc:10.1.0.26:38401|dataStream:|priority:0], old=null
2021-08-21 01:41:57,127 [6d4f4a2b-908a-44c0-8dce-7a4ce83b0e89@group-27CBBBE1E3F9-FollowerState] INFO  impl.FollowerState (FollowerState.java:run(134)) - 6d4f4a2b-908a-44c0-8dce-7a4ce83b0e89@group-27CBBBE1E3F9-FollowerState: change to CANDIDATE, lastRpcElapsedTime:5027496774ns, electionTimeout:5026ms
2021-08-21 01:41:57,128 [6d4f4a2b-908a-44c0-8dce-7a4ce83b0e89@group-27CBBBE1E3F9-FollowerState] INFO  impl.RoleInfo (RoleInfo.java:shutdownFollowerState(108)) - 6d4f4a2b-908a-44c0-8dce-7a4ce83b0e89: shutdown 6d4f4a2b-908a-44c0-8dce-7a4ce83b0e89@group-27CBBBE1E3F9-FollowerState
2021-08-21 01:41:57,128 [6d4f4a2b-908a-44c0-8dce-7a4ce83b0e89@group-27CBBBE1E3F9-FollowerState] INFO  server.RaftServer$Division (RaftServerImpl.java:setRole(285)) - 6d4f4a2b-908a-44c0-8dce-7a4ce83b0e89@group-27CBBBE1E3F9: changes role from  FOLLOWER to CANDIDATE at term 0 for changeToCandidate
2021-08-21 01:41:57,128 [6d4f4a2b-908a-44c0-8dce-7a4ce83b0e89@group-27CBBBE1E3F9-FollowerState] INFO  server.RaftServerConfigKeys (ConfUtils.java:logGet(44)) - raft.server.leaderelection.pre-vote = false (custom)
2021-08-21 01:41:57,128 [6d4f4a2b-908a-44c0-8dce-7a4ce83b0e89@group-27CBBBE1E3F9-FollowerState] INFO  impl.RoleInfo (RoleInfo.java:updateAndGet(130)) - 6d4f4a2b-908a-44c0-8dce-7a4ce83b0e89: start 6d4f4a2b-908a-44c0-8dce-7a4ce83b0e89@group-27CBBBE1E3F9-LeaderElection7
2021-08-21 01:41:57,133 [grpc-default-executor-0] INFO  ratis.XceiverServerRatis (XceiverServerRatis.java:handleLeaderChangedNotification(861)) - Leader change notification received for group: group-2EAD7310DA65 with new leaderId: eb4e2853-1640-4057-8e90-7cd4a46526af
2021-08-21 01:41:57,133 [grpc-default-executor-0] INFO  server.RaftServer$Division (ServerState.java:setLeader(285)) - 4a0ceec5-2fcf-430e-9ae7-7442e0b596cf@group-2EAD7310DA65: change Leader from null to eb4e2853-1640-4057-8e90-7cd4a46526af at term 1 for appendEntries, leader elected after 5176ms
2021-08-21 01:41:57,137 [grpc-default-executor-0] INFO  server.RaftServer$Division (ServerState.java:setRaftConf(387)) - 4a0ceec5-2fcf-430e-9ae7-7442e0b596cf@group-2EAD7310DA65: set configuration 0: [6d4f4a2b-908a-44c0-8dce-7a4ce83b0e89|rpc:10.1.0.26:45247|dataStream:|priority:0, eb4e2853-1640-4057-8e90-7cd4a46526af|rpc:10.1.0.26:38129|dataStream:|priority:1, 4a0ceec5-2fcf-430e-9ae7-7442e0b596cf|rpc:10.1.0.26:38401|dataStream:|priority:0], old=null
2021-08-21 01:41:57,138 [grpc-default-executor-0] INFO  segmented.SegmentedRaftLogWorker (SegmentedRaftLogWorker.java:startLogSegment(394)) - 4a0ceec5-2fcf-430e-9ae7-7442e0b596cf@group-2EAD7310DA65-SegmentedRaftLogWorker: Starting segment from index:0
2021-08-21 01:41:57,139 [grpc-default-executor-2] INFO  server.RaftServer$Division (ServerState.java:setRaftConf(387)) - 6d4f4a2b-908a-44c0-8dce-7a4ce83b0e89@group-2EAD7310DA65: set configuration 0: [6d4f4a2b-908a-44c0-8dce-7a4ce83b0e89|rpc:10.1.0.26:45247|dataStream:|priority:0, eb4e2853-1640-4057-8e90-7cd4a46526af|rpc:10.1.0.26:38129|dataStream:|priority:1, 4a0ceec5-2fcf-430e-9ae7-7442e0b596cf|rpc:10.1.0.26:38401|dataStream:|priority:0], old=null
2021-08-21 01:41:57,140 [grpc-default-executor-2] INFO  segmented.SegmentedRaftLogWorker (SegmentedRaftLogWorker.java:startLogSegment(394)) - 6d4f4a2b-908a-44c0-8dce-7a4ce83b0e89@group-2EAD7310DA65-SegmentedRaftLogWorker: Starting segment from index:0
2021-08-21 01:41:57,140 [4a0ceec5-2fcf-430e-9ae7-7442e0b596cf@group-2EAD7310DA65-SegmentedRaftLogWorker] INFO  segmented.SegmentedRaftLogWorker (SegmentedRaftLogWorker.java:execute(601)) - 4a0ceec5-2fcf-430e-9ae7-7442e0b596cf@group-2EAD7310DA65-SegmentedRaftLogWorker: created new log segment /home/runner/work/ozone/ozone/hadoop-ozone/integration-test/target/test-dir/MiniOzoneClusterImpl-ac918204-cb9e-461d-be45-7a6421e2bbc3/datanode-2/data/ratis/c76c38ee-75ae-4700-bf4e-2ead7310da65/current/log_inprogress_0
2021-08-21 01:41:57,141 [eb4e2853-1640-4057-8e90-7cd4a46526af@group-27CBBBE1E3F9-FollowerState] INFO  impl.FollowerState (FollowerState.java:run(134)) - eb4e2853-1640-4057-8e90-7cd4a46526af@group-27CBBBE1E3F9-FollowerState: change to CANDIDATE, lastRpcElapsedTime:5067125424ns, electionTimeout:5063ms
2021-08-21 01:41:57,141 [eb4e2853-1640-4057-8e90-7cd4a46526af@group-27CBBBE1E3F9-FollowerState] INFO  impl.RoleInfo (RoleInfo.java:shutdownFollowerState(108)) - eb4e2853-1640-4057-8e90-7cd4a46526af: shutdown eb4e2853-1640-4057-8e90-7cd4a46526af@group-27CBBBE1E3F9-FollowerState
2021-08-21 01:41:57,141 [eb4e2853-1640-4057-8e90-7cd4a46526af@group-27CBBBE1E3F9-FollowerState] INFO  server.RaftServer$Division (RaftServerImpl.java:setRole(285)) - eb4e2853-1640-4057-8e90-7cd4a46526af@group-27CBBBE1E3F9: changes role from  FOLLOWER to CANDIDATE at term 0 for changeToCandidate
2021-08-21 01:41:57,142 [eb4e2853-1640-4057-8e90-7cd4a46526af@group-27CBBBE1E3F9-FollowerState] INFO  server.RaftServerConfigKeys (ConfUtils.java:logGet(44)) - raft.server.leaderelection.pre-vote = false (custom)
2021-08-21 01:41:57,142 [eb4e2853-1640-4057-8e90-7cd4a46526af@group-27CBBBE1E3F9-FollowerState] INFO  impl.RoleInfo (RoleInfo.java:updateAndGet(130)) - eb4e2853-1640-4057-8e90-7cd4a46526af: start eb4e2853-1640-4057-8e90-7cd4a46526af@group-27CBBBE1E3F9-LeaderElection8
2021-08-21 01:41:57,143 [6d4f4a2b-908a-44c0-8dce-7a4ce83b0e89@group-27CBBBE1E3F9-LeaderElection7] INFO  impl.LeaderElection (LeaderElection.java:askForVotes(306)) - 6d4f4a2b-908a-44c0-8dce-7a4ce83b0e89@group-27CBBBE1E3F9-LeaderElection7 ELECTION round 0: submit vote requests at term 1 for -1: [6d4f4a2b-908a-44c0-8dce-7a4ce83b0e89|rpc:10.1.0.26:45247|dataStream:|priority:0, eb4e2853-1640-4057-8e90-7cd4a46526af|rpc:10.1.0.26:38129|dataStream:|priority:0, 4a0ceec5-2fcf-430e-9ae7-7442e0b596cf|rpc:10.1.0.26:38401|dataStream:|priority:1], old=null
2021-08-21 01:41:57,144 [6d4f4a2b-908a-44c0-8dce-7a4ce83b0e89@group-2EAD7310DA65-SegmentedRaftLogWorker] INFO  segmented.SegmentedRaftLogWorker (SegmentedRaftLogWorker.java:execute(601)) - 6d4f4a2b-908a-44c0-8dce-7a4ce83b0e89@group-2EAD7310DA65-SegmentedRaftLogWorker: created new log segment /home/runner/work/ozone/ozone/hadoop-ozone/integration-test/target/test-dir/MiniOzoneClusterImpl-ac918204-cb9e-461d-be45-7a6421e2bbc3/datanode-1/data/ratis/c76c38ee-75ae-4700-bf4e-2ead7310da65/current/log_inprogress_0
2021-08-21 01:41:57,159 [eb4e2853-1640-4057-8e90-7cd4a46526af@group-27CBBBE1E3F9-LeaderElection8] INFO  impl.LeaderElection (LeaderElection.java:askForVotes(306)) - eb4e2853-1640-4057-8e90-7cd4a46526af@group-27CBBBE1E3F9-LeaderElection8 ELECTION round 0: submit vote requests at term 1 for -1: [6d4f4a2b-908a-44c0-8dce-7a4ce83b0e89|rpc:10.1.0.26:45247|priority:0, eb4e2853-1640-4057-8e90-7cd4a46526af|rpc:10.1.0.26:38129|priority:0, 4a0ceec5-2fcf-430e-9ae7-7442e0b596cf|rpc:10.1.0.26:38401|priority:1], old=null
2021-08-21 01:41:57,162 [grpc-default-executor-2] INFO  server.RaftServer$Division (RaftServerImpl.java:requestVote(1043)) - eb4e2853-1640-4057-8e90-7cd4a46526af@group-27CBBBE1E3F9: receive requestVote(ELECTION, 6d4f4a2b-908a-44c0-8dce-7a4ce83b0e89, group-27CBBBE1E3F9, 1, (t:0, i:0))
2021-08-21 01:41:57,163 [grpc-default-executor-2] INFO  impl.VoteContext (VoteContext.java:log(48)) - eb4e2853-1640-4057-8e90-7cd4a46526af@group-27CBBBE1E3F9-CANDIDATE: reject ELECTION from 6d4f4a2b-908a-44c0-8dce-7a4ce83b0e89: already has voted for eb4e2853-1640-4057-8e90-7cd4a46526af at current term 1
2021-08-21 01:41:57,163 [grpc-default-executor-2] INFO  server.RaftServer$Division (RaftServerImpl.java:requestVote(1075)) - eb4e2853-1640-4057-8e90-7cd4a46526af@group-27CBBBE1E3F9 replies to ELECTION vote request: 6d4f4a2b-908a-44c0-8dce-7a4ce83b0e89<-eb4e2853-1640-4057-8e90-7cd4a46526af#0:FAIL-t1. Peer's state: eb4e2853-1640-4057-8e90-7cd4a46526af@group-27CBBBE1E3F9:t1, leader=null, voted=eb4e2853-1640-4057-8e90-7cd4a46526af, raftlog=eb4e2853-1640-4057-8e90-7cd4a46526af@group-27CBBBE1E3F9-SegmentedRaftLog:OPENED:c-1,f-1,i0, conf=-1: [6d4f4a2b-908a-44c0-8dce-7a4ce83b0e89|rpc:10.1.0.26:45247|priority:0, eb4e2853-1640-4057-8e90-7cd4a46526af|rpc:10.1.0.26:38129|priority:0, 4a0ceec5-2fcf-430e-9ae7-7442e0b596cf|rpc:10.1.0.26:38401|priority:1], old=null
2021-08-21 01:41:57,167 [grpc-default-executor-2] INFO  server.RaftServer$Division (RaftServerImpl.java:requestVote(1043)) - 6d4f4a2b-908a-44c0-8dce-7a4ce83b0e89@group-27CBBBE1E3F9: receive requestVote(ELECTION, eb4e2853-1640-4057-8e90-7cd4a46526af, group-27CBBBE1E3F9, 1, (t:0, i:0))
2021-08-21 01:41:57,168 [grpc-default-executor-2] INFO  impl.VoteContext (VoteContext.java:log(48)) - 6d4f4a2b-908a-44c0-8dce-7a4ce83b0e89@group-27CBBBE1E3F9-CANDIDATE: reject ELECTION from eb4e2853-1640-4057-8e90-7cd4a46526af: already has voted for 6d4f4a2b-908a-44c0-8dce-7a4ce83b0e89 at current term 1
2021-08-21 01:41:57,168 [grpc-default-executor-2] INFO  server.RaftServer$Division (RaftServerImpl.java:requestVote(1075)) - 6d4f4a2b-908a-44c0-8dce-7a4ce83b0e89@group-27CBBBE1E3F9 replies to ELECTION vote request: eb4e2853-1640-4057-8e90-7cd4a46526af<-6d4f4a2b-908a-44c0-8dce-7a4ce83b0e89#0:FAIL-t1. Peer's state: 6d4f4a2b-908a-44c0-8dce-7a4ce83b0e89@group-27CBBBE1E3F9:t1, leader=null, voted=6d4f4a2b-908a-44c0-8dce-7a4ce83b0e89, raftlog=6d4f4a2b-908a-44c0-8dce-7a4ce83b0e89@group-27CBBBE1E3F9-SegmentedRaftLog:OPENED:c-1,f-1,i0, conf=-1: [6d4f4a2b-908a-44c0-8dce-7a4ce83b0e89|rpc:10.1.0.26:45247|dataStream:|priority:0, eb4e2853-1640-4057-8e90-7cd4a46526af|rpc:10.1.0.26:38129|dataStream:|priority:0, 4a0ceec5-2fcf-430e-9ae7-7442e0b596cf|rpc:10.1.0.26:38401|dataStream:|priority:1], old=null
2021-08-21 01:41:57,170 [grpc-default-executor-2] INFO  server.RaftServer$Division (RaftServerImpl.java:requestVote(1043)) - 4a0ceec5-2fcf-430e-9ae7-7442e0b596cf@group-27CBBBE1E3F9: receive requestVote(ELECTION, 6d4f4a2b-908a-44c0-8dce-7a4ce83b0e89, group-27CBBBE1E3F9, 1, (t:0, i:0))
2021-08-21 01:41:57,171 [grpc-default-executor-2] INFO  impl.VoteContext (VoteContext.java:log(48)) - 4a0ceec5-2fcf-430e-9ae7-7442e0b596cf@group-27CBBBE1E3F9-FOLLOWER: reject ELECTION from 6d4f4a2b-908a-44c0-8dce-7a4ce83b0e89: our priority 1 > candidate's priority 0
2021-08-21 01:41:57,171 [grpc-default-executor-2] INFO  server.RaftServer$Division (RaftServerImpl.java:setRole(285)) - 4a0ceec5-2fcf-430e-9ae7-7442e0b596cf@group-27CBBBE1E3F9: changes role from  FOLLOWER to FOLLOWER at term 1 for candidate:6d4f4a2b-908a-44c0-8dce-7a4ce83b0e89
2021-08-21 01:41:57,171 [grpc-default-executor-2] INFO  impl.RoleInfo (RoleInfo.java:shutdownFollowerState(108)) - 4a0ceec5-2fcf-430e-9ae7-7442e0b596cf: shutdown 4a0ceec5-2fcf-430e-9ae7-7442e0b596cf@group-27CBBBE1E3F9-FollowerState
2021-08-21 01:41:57,171 [grpc-default-executor-2] INFO  impl.RoleInfo (RoleInfo.java:updateAndGet(130)) - 4a0ceec5-2fcf-430e-9ae7-7442e0b596cf: start 4a0ceec5-2fcf-430e-9ae7-7442e0b596cf@group-27CBBBE1E3F9-FollowerState
2021-08-21 01:41:57,171 [4a0ceec5-2fcf-430e-9ae7-7442e0b596cf@group-27CBBBE1E3F9-FollowerState] INFO  impl.FollowerState (FollowerState.java:run(143)) - 4a0ceec5-2fcf-430e-9ae7-7442e0b596cf@group-27CBBBE1E3F9-FollowerState was interrupted: {}
java.lang.InterruptedException: sleep interrupted
	at java.lang.Thread.sleep(Native Method)
	at java.lang.Thread.sleep(Thread.java:340)
	at java.util.concurrent.TimeUnit.sleep(TimeUnit.java:386)
	at org.apache.ratis.util.TimeDuration.sleep(TimeDuration.java:324)
	at org.apache.ratis.util.TimeDuration.sleep(TimeDuration.java:309)
	at org.apache.ratis.server.impl.FollowerState.run(FollowerState.java:118)
2021-08-21 01:41:57,174 [grpc-default-executor-2] INFO  server.RaftServer$Division (RaftServerImpl.java:requestVote(1075)) - 4a0ceec5-2fcf-430e-9ae7-7442e0b596cf@group-27CBBBE1E3F9 replies to ELECTION vote request: 6d4f4a2b-908a-44c0-8dce-7a4ce83b0e89<-4a0ceec5-2fcf-430e-9ae7-7442e0b596cf#0:FAIL-t1. Peer's state: 4a0ceec5-2fcf-430e-9ae7-7442e0b596cf@group-27CBBBE1E3F9:t1, leader=null, voted=null, raftlog=4a0ceec5-2fcf-430e-9ae7-7442e0b596cf@group-27CBBBE1E3F9-SegmentedRaftLog:OPENED:c-1,f-1,i0, conf=-1: [6d4f4a2b-908a-44c0-8dce-7a4ce83b0e89|rpc:10.1.0.26:45247|dataStream:|priority:0, eb4e2853-1640-4057-8e90-7cd4a46526af|rpc:10.1.0.26:38129|dataStream:|priority:0, 4a0ceec5-2fcf-430e-9ae7-7442e0b596cf|rpc:10.1.0.26:38401|dataStream:|priority:1], old=null
2021-08-21 01:41:57,176 [6d4f4a2b-908a-44c0-8dce-7a4ce83b0e89@group-27CBBBE1E3F9-LeaderElection7] INFO  impl.LeaderElection (LeaderElection.java:logAndReturn(89)) - 6d4f4a2b-908a-44c0-8dce-7a4ce83b0e89@group-27CBBBE1E3F9-LeaderElection7: ELECTION REJECTED received 2 response(s) and 0 exception(s):
2021-08-21 01:41:57,176 [6d4f4a2b-908a-44c0-8dce-7a4ce83b0e89@group-27CBBBE1E3F9-LeaderElection7] INFO  impl.LeaderElection (LeaderElection.java:logAndReturn(93)) -   Response 0: 6d4f4a2b-908a-44c0-8dce-7a4ce83b0e89<-eb4e2853-1640-4057-8e90-7cd4a46526af#0:FAIL-t1
2021-08-21 01:41:57,176 [6d4f4a2b-908a-44c0-8dce-7a4ce83b0e89@group-27CBBBE1E3F9-LeaderElection7] INFO  impl.LeaderElection (LeaderElection.java:logAndReturn(93)) -   Response 1: 6d4f4a2b-908a-44c0-8dce-7a4ce83b0e89<-4a0ceec5-2fcf-430e-9ae7-7442e0b596cf#0:FAIL-t1
2021-08-21 01:41:57,176 [6d4f4a2b-908a-44c0-8dce-7a4ce83b0e89@group-27CBBBE1E3F9-LeaderElection7] INFO  impl.LeaderElection (LeaderElection.java:askForVotes(308)) - 6d4f4a2b-908a-44c0-8dce-7a4ce83b0e89@group-27CBBBE1E3F9-LeaderElection7 ELECTION round 0: result REJECTED
2021-08-21 01:41:57,176 [6d4f4a2b-908a-44c0-8dce-7a4ce83b0e89@group-27CBBBE1E3F9-LeaderElection7] INFO  server.RaftServer$Division (RaftServerImpl.java:setRole(285)) - 6d4f4a2b-908a-44c0-8dce-7a4ce83b0e89@group-27CBBBE1E3F9: changes role from CANDIDATE to FOLLOWER at term 1 for REJECTED
2021-08-21 01:41:57,177 [6d4f4a2b-908a-44c0-8dce-7a4ce83b0e89@group-27CBBBE1E3F9-LeaderElection7] INFO  impl.RoleInfo (RoleInfo.java:shutdownLeaderElection(121)) - 6d4f4a2b-908a-44c0-8dce-7a4ce83b0e89: shutdown 6d4f4a2b-908a-44c0-8dce-7a4ce83b0e89@group-27CBBBE1E3F9-LeaderElection7
2021-08-21 01:41:57,177 [6d4f4a2b-908a-44c0-8dce-7a4ce83b0e89@group-27CBBBE1E3F9-LeaderElection7] INFO  impl.RoleInfo (RoleInfo.java:updateAndGet(130)) - 6d4f4a2b-908a-44c0-8dce-7a4ce83b0e89: start 6d4f4a2b-908a-44c0-8dce-7a4ce83b0e89@group-27CBBBE1E3F9-FollowerState
2021-08-21 01:41:57,177 [grpc-default-executor-2] INFO  server.RaftServer$Division (RaftServerImpl.java:requestVote(1043)) - 4a0ceec5-2fcf-430e-9ae7-7442e0b596cf@group-27CBBBE1E3F9: receive requestVote(ELECTION, eb4e2853-1640-4057-8e90-7cd4a46526af, group-27CBBBE1E3F9, 1, (t:0, i:0))
2021-08-21 01:41:57,185 [grpc-default-executor-2] INFO  impl.VoteContext (VoteContext.java:log(48)) - 4a0ceec5-2fcf-430e-9ae7-7442e0b596cf@group-27CBBBE1E3F9-FOLLOWER: reject ELECTION from eb4e2853-1640-4057-8e90-7cd4a46526af: our priority 1 > candidate's priority 0
2021-08-21 01:41:57,185 [grpc-default-executor-2] INFO  server.RaftServer$Division (RaftServerImpl.java:setRole(285)) - 4a0ceec5-2fcf-430e-9ae7-7442e0b596cf@group-27CBBBE1E3F9: changes role from  FOLLOWER to FOLLOWER at term 1 for candidate:eb4e2853-1640-4057-8e90-7cd4a46526af
2021-08-21 01:41:57,185 [grpc-default-executor-2] INFO  impl.RoleInfo (RoleInfo.java:shutdownFollowerState(108)) - 4a0ceec5-2fcf-430e-9ae7-7442e0b596cf: shutdown 4a0ceec5-2fcf-430e-9ae7-7442e0b596cf@group-27CBBBE1E3F9-FollowerState
2021-08-21 01:41:57,185 [grpc-default-executor-2] INFO  impl.RoleInfo (RoleInfo.java:updateAndGet(130)) - 4a0ceec5-2fcf-430e-9ae7-7442e0b596cf: start 4a0ceec5-2fcf-430e-9ae7-7442e0b596cf@group-27CBBBE1E3F9-FollowerState
2021-08-21 01:41:57,185 [4a0ceec5-2fcf-430e-9ae7-7442e0b596cf@group-27CBBBE1E3F9-FollowerState] INFO  impl.FollowerState (FollowerState.java:run(143)) - 4a0ceec5-2fcf-430e-9ae7-7442e0b596cf@group-27CBBBE1E3F9-FollowerState was interrupted: {}
java.lang.InterruptedException: sleep interrupted
	at java.lang.Thread.sleep(Native Method)
	at java.lang.Thread.sleep(Thread.java:340)
	at java.util.concurrent.TimeUnit.sleep(TimeUnit.java:386)
	at org.apache.ratis.util.TimeDuration.sleep(TimeDuration.java:324)
	at org.apache.ratis.util.TimeDuration.sleep(TimeDuration.java:309)
	at org.apache.ratis.server.impl.FollowerState.run(FollowerState.java:118)
2021-08-21 01:41:57,185 [grpc-default-executor-2] INFO  server.RaftServer$Division (RaftServerImpl.java:requestVote(1075)) - 4a0ceec5-2fcf-430e-9ae7-7442e0b596cf@group-27CBBBE1E3F9 replies to ELECTION vote request: eb4e2853-1640-4057-8e90-7cd4a46526af<-4a0ceec5-2fcf-430e-9ae7-7442e0b596cf#0:FAIL-t1. Peer's state: 4a0ceec5-2fcf-430e-9ae7-7442e0b596cf@group-27CBBBE1E3F9:t1, leader=null, voted=null, raftlog=4a0ceec5-2fcf-430e-9ae7-7442e0b596cf@group-27CBBBE1E3F9-SegmentedRaftLog:OPENED:c-1,f-1,i0, conf=-1: [6d4f4a2b-908a-44c0-8dce-7a4ce83b0e89|rpc:10.1.0.26:45247|dataStream:|priority:0, eb4e2853-1640-4057-8e90-7cd4a46526af|rpc:10.1.0.26:38129|dataStream:|priority:0, 4a0ceec5-2fcf-430e-9ae7-7442e0b596cf|rpc:10.1.0.26:38401|dataStream:|priority:1], old=null
2021-08-21 01:41:57,187 [eb4e2853-1640-4057-8e90-7cd4a46526af@group-27CBBBE1E3F9-LeaderElection8] INFO  impl.LeaderElection (LeaderElection.java:logAndReturn(89)) - eb4e2853-1640-4057-8e90-7cd4a46526af@group-27CBBBE1E3F9-LeaderElection8: ELECTION REJECTED received 2 response(s) and 0 exception(s):
2021-08-21 01:41:57,187 [eb4e2853-1640-4057-8e90-7cd4a46526af@group-27CBBBE1E3F9-LeaderElection8] INFO  impl.LeaderElection (LeaderElection.java:logAndReturn(93)) -   Response 0: eb4e2853-1640-4057-8e90-7cd4a46526af<-6d4f4a2b-908a-44c0-8dce-7a4ce83b0e89#0:FAIL-t1
2021-08-21 01:41:57,187 [eb4e2853-1640-4057-8e90-7cd4a46526af@group-27CBBBE1E3F9-LeaderElection8] INFO  impl.LeaderElection (LeaderElection.java:logAndReturn(93)) -   Response 1: eb4e2853-1640-4057-8e90-7cd4a46526af<-4a0ceec5-2fcf-430e-9ae7-7442e0b596cf#0:FAIL-t1
2021-08-21 01:41:57,187 [eb4e2853-1640-4057-8e90-7cd4a46526af@group-27CBBBE1E3F9-LeaderElection8] INFO  impl.LeaderElection (LeaderElection.java:askForVotes(308)) - eb4e2853-1640-4057-8e90-7cd4a46526af@group-27CBBBE1E3F9-LeaderElection8 ELECTION round 0: result REJECTED
2021-08-21 01:41:57,188 [eb4e2853-1640-4057-8e90-7cd4a46526af@group-27CBBBE1E3F9-LeaderElection8] INFO  server.RaftServer$Division (RaftServerImpl.java:setRole(285)) - eb4e2853-1640-4057-8e90-7cd4a46526af@group-27CBBBE1E3F9: changes role from CANDIDATE to FOLLOWER at term 1 for REJECTED
2021-08-21 01:41:57,188 [eb4e2853-1640-4057-8e90-7cd4a46526af@group-27CBBBE1E3F9-LeaderElection8] INFO  impl.RoleInfo (RoleInfo.java:shutdownLeaderElection(121)) - eb4e2853-1640-4057-8e90-7cd4a46526af: shutdown eb4e2853-1640-4057-8e90-7cd4a46526af@group-27CBBBE1E3F9-LeaderElection8
2021-08-21 01:41:57,188 [eb4e2853-1640-4057-8e90-7cd4a46526af@group-27CBBBE1E3F9-LeaderElection8] INFO  impl.RoleInfo (RoleInfo.java:updateAndGet(130)) - eb4e2853-1640-4057-8e90-7cd4a46526af: start eb4e2853-1640-4057-8e90-7cd4a46526af@group-27CBBBE1E3F9-FollowerState
2021-08-21 01:41:57,234 [6d4f4a2b-908a-44c0-8dce-7a4ce83b0e89@group-0D3987690834-FollowerState] INFO  impl.FollowerState (FollowerState.java:run(134)) - 6d4f4a2b-908a-44c0-8dce-7a4ce83b0e89@group-0D3987690834-FollowerState: change to CANDIDATE, lastRpcElapsedTime:5033397811ns, electionTimeout:5033ms
2021-08-21 01:41:57,234 [6d4f4a2b-908a-44c0-8dce-7a4ce83b0e89@group-0D3987690834-FollowerState] INFO  impl.RoleInfo (RoleInfo.java:shutdownFollowerState(108)) - 6d4f4a2b-908a-44c0-8dce-7a4ce83b0e89: shutdown 6d4f4a2b-908a-44c0-8dce-7a4ce83b0e89@group-0D3987690834-FollowerState
2021-08-21 01:41:57,234 [6d4f4a2b-908a-44c0-8dce-7a4ce83b0e89@group-0D3987690834-FollowerState] INFO  server.RaftServer$Division (RaftServerImpl.java:setRole(285)) - 6d4f4a2b-908a-44c0-8dce-7a4ce83b0e89@group-0D3987690834: changes role from  FOLLOWER to CANDIDATE at term 0 for changeToCandidate
2021-08-21 01:41:57,234 [6d4f4a2b-908a-44c0-8dce-7a4ce83b0e89@group-0D3987690834-FollowerState] INFO  server.RaftServerConfigKeys (ConfUtils.java:logGet(44)) - raft.server.leaderelection.pre-vote = false (custom)
2021-08-21 01:41:57,235 [6d4f4a2b-908a-44c0-8dce-7a4ce83b0e89@group-0D3987690834-FollowerState] INFO  impl.RoleInfo (RoleInfo.java:updateAndGet(130)) - 6d4f4a2b-908a-44c0-8dce-7a4ce83b0e89: start 6d4f4a2b-908a-44c0-8dce-7a4ce83b0e89@group-0D3987690834-LeaderElection9
2021-08-21 01:41:57,237 [6d4f4a2b-908a-44c0-8dce-7a4ce83b0e89@group-0D3987690834-LeaderElection9] INFO  impl.LeaderElection (LeaderElection.java:askForVotes(306)) - 6d4f4a2b-908a-44c0-8dce-7a4ce83b0e89@group-0D3987690834-LeaderElection9 ELECTION round 0: submit vote requests at term 1 for -1: [6d4f4a2b-908a-44c0-8dce-7a4ce83b0e89|rpc:10.1.0.26:45247|priority:1], old=null
2021-08-21 01:41:57,237 [6d4f4a2b-908a-44c0-8dce-7a4ce83b0e89@group-0D3987690834-LeaderElection9] INFO  impl.LeaderElection (LeaderElection.java:askForVotes(308)) - 6d4f4a2b-908a-44c0-8dce-7a4ce83b0e89@group-0D3987690834-LeaderElection9 ELECTION round 0: result PASSED (term=1)
2021-08-21 01:41:57,237 [6d4f4a2b-908a-44c0-8dce-7a4ce83b0e89@group-0D3987690834-LeaderElection9] INFO  impl.RoleInfo (RoleInfo.java:shutdownLeaderElection(121)) - 6d4f4a2b-908a-44c0-8dce-7a4ce83b0e89: shutdown 6d4f4a2b-908a-44c0-8dce-7a4ce83b0e89@group-0D3987690834-LeaderElection9
2021-08-21 01:41:57,237 [6d4f4a2b-908a-44c0-8dce-7a4ce83b0e89@group-0D3987690834-LeaderElection9] INFO  server.RaftServer$Division (RaftServerImpl.java:setRole(285)) - 6d4f4a2b-908a-44c0-8dce-7a4ce83b0e89@group-0D3987690834: changes role from CANDIDATE to LEADER at term 1 for changeToLeader
2021-08-21 01:41:57,237 [6d4f4a2b-908a-44c0-8dce-7a4ce83b0e89@group-0D3987690834-LeaderElection9] INFO  ratis.XceiverServerRatis (XceiverServerRatis.java:handleLeaderChangedNotification(861)) - Leader change notification received for group: group-0D3987690834 with new leaderId: 6d4f4a2b-908a-44c0-8dce-7a4ce83b0e89
2021-08-21 01:41:57,238 [6d4f4a2b-908a-44c0-8dce-7a4ce83b0e89@group-0D3987690834-LeaderElection9] INFO  server.RaftServer$Division (ServerState.java:setLeader(285)) - 6d4f4a2b-908a-44c0-8dce-7a4ce83b0e89@group-0D3987690834: change Leader from null to 6d4f4a2b-908a-44c0-8dce-7a4ce83b0e89 at term 1 for becomeLeader, leader elected after 5052ms
2021-08-21 01:41:57,238 [6d4f4a2b-908a-44c0-8dce-7a4ce83b0e89@group-0D3987690834-LeaderElection9] INFO  server.RaftServerConfigKeys (ConfUtils.java:logGet(44)) - raft.server.staging.catchup.gap = 1000 (default)
2021-08-21 01:41:57,238 [6d4f4a2b-908a-44c0-8dce-7a4ce83b0e89@group-0D3987690834-LeaderElection9] INFO  server.RaftServerConfigKeys (ConfUtils.java:logGet(44)) - raft.server.write.element-limit = 1024 (custom)
2021-08-21 01:41:57,238 [6d4f4a2b-908a-44c0-8dce-7a4ce83b0e89@group-0D3987690834-LeaderElection9] INFO  server.RaftServerConfigKeys (ConfUtils.java:logGet(44)) - raft.server.write.byte-limit = 1024 M (=1073741824) (custom)
2021-08-21 01:41:57,238 [6d4f4a2b-908a-44c0-8dce-7a4ce83b0e89@group-0D3987690834-LeaderElection9] INFO  server.RaftServerConfigKeys (ConfUtils.java:logGet(44)) - raft.server.watch.timeout = 180s (custom)
2021-08-21 01:41:57,238 [6d4f4a2b-908a-44c0-8dce-7a4ce83b0e89@group-0D3987690834-LeaderElection9] INFO  server.RaftServerConfigKeys (ConfUtils.java:logGet(44)) - raft.server.watch.timeout.denomination = 1s (default)
2021-08-21 01:41:57,238 [6d4f4a2b-908a-44c0-8dce-7a4ce83b0e89@group-0D3987690834-LeaderElection9] INFO  server.RaftServerConfigKeys (ConfUtils.java:logGet(44)) - raft.server.watch.element-limit = 65536 (default)
2021-08-21 01:41:57,239 [6d4f4a2b-908a-44c0-8dce-7a4ce83b0e89@group-0D3987690834-LeaderElection9] INFO  impl.RoleInfo (RoleInfo.java:updateAndGet(130)) - 6d4f4a2b-908a-44c0-8dce-7a4ce83b0e89: start 6d4f4a2b-908a-44c0-8dce-7a4ce83b0e89@group-0D3987690834-LeaderStateImpl
2021-08-21 01:41:57,239 [6d4f4a2b-908a-44c0-8dce-7a4ce83b0e89@group-0D3987690834-LeaderElection9] INFO  segmented.SegmentedRaftLogWorker (SegmentedRaftLogWorker.java:startLogSegment(394)) - 6d4f4a2b-908a-44c0-8dce-7a4ce83b0e89@group-0D3987690834-SegmentedRaftLogWorker: Starting segment from index:0
2021-08-21 01:41:57,240 [6d4f4a2b-908a-44c0-8dce-7a4ce83b0e89@group-0D3987690834-SegmentedRaftLogWorker] INFO  segmented.SegmentedRaftLogWorker (SegmentedRaftLogWorker.java:execute(601)) - 6d4f4a2b-908a-44c0-8dce-7a4ce83b0e89@group-0D3987690834-SegmentedRaftLogWorker: created new log segment /home/runner/work/ozone/ozone/hadoop-ozone/integration-test/target/test-dir/MiniOzoneClusterImpl-ac918204-cb9e-461d-be45-7a6421e2bbc3/datanode-1/data/ratis/60e3d6a4-e67b-4d32-8fe0-0d3987690834/current/log_inprogress_0
2021-08-21 01:41:57,254 [6d4f4a2b-908a-44c0-8dce-7a4ce83b0e89@group-0D3987690834-LeaderElection9] INFO  server.RaftServer$Division (ServerState.java:setRaftConf(387)) - 6d4f4a2b-908a-44c0-8dce-7a4ce83b0e89@group-0D3987690834: set configuration 0: [6d4f4a2b-908a-44c0-8dce-7a4ce83b0e89|rpc:10.1.0.26:45247|dataStream:|priority:1], old=null
2021-08-21 01:41:57,362 [Listener at 127.0.0.1/11936] INFO  ozone.MiniOzoneClusterImpl (MiniOzoneClusterImpl.java:lambda$waitForClusterToBeReady$0(235)) - Nodes are ready. Got 3 of 3 DN Heartbeats.
2021-08-21 01:41:57,362 [Listener at 127.0.0.1/11936] INFO  ozone.MiniOzoneClusterImpl (MiniOzoneClusterImpl.java:lambda$waitForClusterToBeReady$0(238)) - Cluster exits safe mode
2021-08-21 01:41:57,362 [Listener at 127.0.0.1/11936] INFO  ozone.MiniOzoneClusterImpl (MiniOzoneClusterImpl.java:lambda$waitForClusterToBeReady$0(240)) - SCM became leader
2021-08-21 01:41:57,471 [4a0ceec5-2fcf-430e-9ae7-7442e0b596cf@group-DE38657F5BB1-FollowerState] INFO  impl.FollowerState (FollowerState.java:run(134)) - 4a0ceec5-2fcf-430e-9ae7-7442e0b596cf@group-DE38657F5BB1-FollowerState: change to CANDIDATE, lastRpcElapsedTime:5094215493ns, electionTimeout:5093ms
2021-08-21 01:41:57,471 [4a0ceec5-2fcf-430e-9ae7-7442e0b596cf@group-DE38657F5BB1-FollowerState] INFO  impl.RoleInfo (RoleInfo.java:shutdownFollowerState(108)) - 4a0ceec5-2fcf-430e-9ae7-7442e0b596cf: shutdown 4a0ceec5-2fcf-430e-9ae7-7442e0b596cf@group-DE38657F5BB1-FollowerState
2021-08-21 01:41:57,471 [4a0ceec5-2fcf-430e-9ae7-7442e0b596cf@group-DE38657F5BB1-FollowerState] INFO  server.RaftServer$Division (RaftServerImpl.java:setRole(285)) - 4a0ceec5-2fcf-430e-9ae7-7442e0b596cf@group-DE38657F5BB1: changes role from  FOLLOWER to CANDIDATE at term 0 for changeToCandidate
2021-08-21 01:41:57,471 [4a0ceec5-2fcf-430e-9ae7-7442e0b596cf@group-DE38657F5BB1-FollowerState] INFO  server.RaftServerConfigKeys (ConfUtils.java:logGet(44)) - raft.server.leaderelection.pre-vote = false (custom)
2021-08-21 01:41:57,471 [4a0ceec5-2fcf-430e-9ae7-7442e0b596cf@group-DE38657F5BB1-FollowerState] INFO  impl.RoleInfo (RoleInfo.java:updateAndGet(130)) - 4a0ceec5-2fcf-430e-9ae7-7442e0b596cf: start 4a0ceec5-2fcf-430e-9ae7-7442e0b596cf@group-DE38657F5BB1-LeaderElection10
2021-08-21 01:41:57,481 [4a0ceec5-2fcf-430e-9ae7-7442e0b596cf@group-DE38657F5BB1-LeaderElection10] INFO  impl.LeaderElection (LeaderElection.java:askForVotes(306)) - 4a0ceec5-2fcf-430e-9ae7-7442e0b596cf@group-DE38657F5BB1-LeaderElection10 ELECTION round 0: submit vote requests at term 1 for -1: [4a0ceec5-2fcf-430e-9ae7-7442e0b596cf|rpc:10.1.0.26:38401|priority:1], old=null
2021-08-21 01:41:57,482 [4a0ceec5-2fcf-430e-9ae7-7442e0b596cf@group-DE38657F5BB1-LeaderElection10] INFO  impl.LeaderElection (LeaderElection.java:askForVotes(308)) - 4a0ceec5-2fcf-430e-9ae7-7442e0b596cf@group-DE38657F5BB1-LeaderElection10 ELECTION round 0: result PASSED (term=1)
2021-08-21 01:41:57,482 [4a0ceec5-2fcf-430e-9ae7-7442e0b596cf@group-DE38657F5BB1-LeaderElection10] INFO  impl.RoleInfo (RoleInfo.java:shutdownLeaderElection(121)) - 4a0ceec5-2fcf-430e-9ae7-7442e0b596cf: shutdown 4a0ceec5-2fcf-430e-9ae7-7442e0b596cf@group-DE38657F5BB1-LeaderElection10
2021-08-21 01:41:57,482 [4a0ceec5-2fcf-430e-9ae7-7442e0b596cf@group-DE38657F5BB1-LeaderElection10] INFO  server.RaftServer$Division (RaftServerImpl.java:setRole(285)) - 4a0ceec5-2fcf-430e-9ae7-7442e0b596cf@group-DE38657F5BB1: changes role from CANDIDATE to LEADER at term 1 for changeToLeader
2021-08-21 01:41:57,482 [4a0ceec5-2fcf-430e-9ae7-7442e0b596cf@group-DE38657F5BB1-LeaderElection10] INFO  ratis.XceiverServerRatis (XceiverServerRatis.java:handleLeaderChangedNotification(861)) - Leader change notification received for group: group-DE38657F5BB1 with new leaderId: 4a0ceec5-2fcf-430e-9ae7-7442e0b596cf
2021-08-21 01:41:57,483 [Datanode State Machine Thread - 0] WARN  statemachine.StateContext (StateContext.java:execute(621)) - No available thread in pool for past 1 seconds.
2021-08-21 01:41:57,483 [4a0ceec5-2fcf-430e-9ae7-7442e0b596cf@group-DE38657F5BB1-LeaderElection10] INFO  server.RaftServer$Division (ServerState.java:setLeader(285)) - 4a0ceec5-2fcf-430e-9ae7-7442e0b596cf@group-DE38657F5BB1: change Leader from null to 4a0ceec5-2fcf-430e-9ae7-7442e0b596cf at term 1 for becomeLeader, leader elected after 5112ms
2021-08-21 01:41:57,484 [4a0ceec5-2fcf-430e-9ae7-7442e0b596cf@group-DE38657F5BB1-LeaderElection10] INFO  server.RaftServerConfigKeys (ConfUtils.java:logGet(44)) - raft.server.staging.catchup.gap = 1000 (default)
2021-08-21 01:41:57,484 [4a0ceec5-2fcf-430e-9ae7-7442e0b596cf@group-DE38657F5BB1-LeaderElection10] INFO  server.RaftServerConfigKeys (ConfUtils.java:logGet(44)) - raft.server.write.element-limit = 1024 (custom)
2021-08-21 01:41:57,484 [4a0ceec5-2fcf-430e-9ae7-7442e0b596cf@group-DE38657F5BB1-LeaderElection10] INFO  server.RaftServerConfigKeys (ConfUtils.java:logGet(44)) - raft.server.write.byte-limit = 1024 M (=1073741824) (custom)
2021-08-21 01:41:57,484 [4a0ceec5-2fcf-430e-9ae7-7442e0b596cf@group-DE38657F5BB1-LeaderElection10] INFO  server.RaftServerConfigKeys (ConfUtils.java:logGet(44)) - raft.server.watch.timeout = 180s (custom)
2021-08-21 01:41:57,485 [4a0ceec5-2fcf-430e-9ae7-7442e0b596cf@group-DE38657F5BB1-LeaderElection10] INFO  server.RaftServerConfigKeys (ConfUtils.java:logGet(44)) - raft.server.watch.timeout.denomination = 1s (default)
2021-08-21 01:41:57,485 [4a0ceec5-2fcf-430e-9ae7-7442e0b596cf@group-DE38657F5BB1-LeaderElection10] INFO  server.RaftServerConfigKeys (ConfUtils.java:logGet(44)) - raft.server.watch.element-limit = 65536 (default)
2021-08-21 01:41:57,485 [4a0ceec5-2fcf-430e-9ae7-7442e0b596cf@group-DE38657F5BB1-LeaderElection10] INFO  impl.RoleInfo (RoleInfo.java:updateAndGet(130)) - 4a0ceec5-2fcf-430e-9ae7-7442e0b596cf: start 4a0ceec5-2fcf-430e-9ae7-7442e0b596cf@group-DE38657F5BB1-LeaderStateImpl
2021-08-21 01:41:57,485 [4a0ceec5-2fcf-430e-9ae7-7442e0b596cf@group-DE38657F5BB1-LeaderElection10] INFO  segmented.SegmentedRaftLogWorker (SegmentedRaftLogWorker.java:startLogSegment(394)) - 4a0ceec5-2fcf-430e-9ae7-7442e0b596cf@group-DE38657F5BB1-SegmentedRaftLogWorker: Starting segment from index:0
2021-08-21 01:41:57,487 [4a0ceec5-2fcf-430e-9ae7-7442e0b596cf@group-DE38657F5BB1-SegmentedRaftLogWorker] INFO  segmented.SegmentedRaftLogWorker (SegmentedRaftLogWorker.java:execute(601)) - 4a0ceec5-2fcf-430e-9ae7-7442e0b596cf@group-DE38657F5BB1-SegmentedRaftLogWorker: created new log segment /home/runner/work/ozone/ozone/hadoop-ozone/integration-test/target/test-dir/MiniOzoneClusterImpl-ac918204-cb9e-461d-be45-7a6421e2bbc3/datanode-2/data/ratis/d9326555-7564-4ef0-b534-de38657f5bb1/current/log_inprogress_0
2021-08-21 01:41:57,497 [4a0ceec5-2fcf-430e-9ae7-7442e0b596cf@group-DE38657F5BB1-LeaderElection10] INFO  server.RaftServer$Division (ServerState.java:setRaftConf(387)) - 4a0ceec5-2fcf-430e-9ae7-7442e0b596cf@group-DE38657F5BB1: set configuration 0: [4a0ceec5-2fcf-430e-9ae7-7442e0b596cf|rpc:10.1.0.26:38401|dataStream:|priority:1], old=null
2021-08-21 01:41:57,892 [pool-152-thread-2] INFO  rpc.RpcClient (RpcClient.java:createVolume(342)) - Creating Volume: volume1, with runner as owner and space quota set to -1 bytes, counts quota set to -1
2021-08-21 01:41:57,892 [pool-152-thread-1] INFO  rpc.RpcClient (RpcClient.java:createVolume(342)) - Creating Volume: volume0, with runner as owner and space quota set to -1 bytes, counts quota set to -1
2021-08-21 01:41:57,899 [pool-152-thread-10] INFO  rpc.RpcClient (RpcClient.java:createVolume(342)) - Creating Volume: volume9, with runner as owner and space quota set to -1 bytes, counts quota set to -1
2021-08-21 01:41:57,893 [pool-152-thread-5] INFO  rpc.RpcClient (RpcClient.java:createVolume(342)) - Creating Volume: volume4, with runner as owner and space quota set to -1 bytes, counts quota set to -1
2021-08-21 01:41:57,893 [pool-152-thread-4] INFO  rpc.RpcClient (RpcClient.java:createVolume(342)) - Creating Volume: volume3, with runner as owner and space quota set to -1 bytes, counts quota set to -1
2021-08-21 01:41:57,893 [pool-152-thread-7] INFO  rpc.RpcClient (RpcClient.java:createVolume(342)) - Creating Volume: volume6, with runner as owner and space quota set to -1 bytes, counts quota set to -1
2021-08-21 01:41:57,892 [pool-152-thread-3] INFO  rpc.RpcClient (RpcClient.java:createVolume(342)) - Creating Volume: volume2, with runner as owner and space quota set to -1 bytes, counts quota set to -1
2021-08-21 01:41:57,896 [pool-152-thread-8] INFO  rpc.RpcClient (RpcClient.java:createVolume(342)) - Creating Volume: volume7, with runner as owner and space quota set to -1 bytes, counts quota set to -1
2021-08-21 01:41:57,897 [pool-152-thread-9] INFO  rpc.RpcClient (RpcClient.java:createVolume(342)) - Creating Volume: volume8, with runner as owner and space quota set to -1 bytes, counts quota set to -1
2021-08-21 01:41:58,005 [OM StateMachine ApplyTransaction Thread - 0] INFO  volume.OMVolumeCreateRequest (OMVolumeCreateRequest.java:validateAndUpdateCache(195)) - created volume:volume3 for user:runner
2021-08-21 01:41:58,009 [OM StateMachine ApplyTransaction Thread - 0] INFO  volume.OMVolumeCreateRequest (OMVolumeCreateRequest.java:validateAndUpdateCache(195)) - created volume:volume3 for user:runner
2021-08-21 01:41:58,008 [OM StateMachine ApplyTransaction Thread - 0] INFO  volume.OMVolumeCreateRequest (OMVolumeCreateRequest.java:validateAndUpdateCache(195)) - created volume:volume3 for user:runner
2021-08-21 01:41:58,012 [OM StateMachine ApplyTransaction Thread - 0] INFO  upgrade.OMPrepareRequest (OMPrepareRequest.java:validateAndUpdateCache(66)) - OM omNode-1 Received prepare request with log index 2
2021-08-21 01:41:58,014 [OM StateMachine ApplyTransaction Thread - 0] INFO  upgrade.OMPrepareRequest (OMPrepareRequest.java:waitForLogIndex(172)) - omNode-1 waiting for index 2 to flush to OM DB and index 3 to flush to Ratis state machine.
2021-08-21 01:41:58,015 [OM StateMachine ApplyTransaction Thread - 0] INFO  upgrade.OMPrepareRequest (OMPrepareRequest.java:validateAndUpdateCache(66)) - OM omNode-2 Received prepare request with log index 2
2021-08-21 01:41:58,017 [OM StateMachine ApplyTransaction Thread - 0] INFO  upgrade.OMPrepareRequest (OMPrepareRequest.java:waitForLogIndex(172)) - omNode-2 waiting for index 2 to flush to OM DB and index 3 to flush to Ratis state machine.
2021-08-21 01:41:58,023 [OM StateMachine ApplyTransaction Thread - 0] INFO  upgrade.OMPrepareRequest (OMPrepareRequest.java:validateAndUpdateCache(66)) - OM omNode-3 Received prepare request with log index 2
2021-08-21 01:41:58,023 [OM StateMachine ApplyTransaction Thread - 0] INFO  upgrade.OMPrepareRequest (OMPrepareRequest.java:waitForLogIndex(172)) - omNode-3 waiting for index 2 to flush to OM DB and index 3 to flush to Ratis state machine.
2021-08-21 01:41:58,025 [OM StateMachine ApplyTransaction Thread - 0] INFO  ratis.OzoneManagerStateMachine (OzoneManagerStateMachine.java:takeSnapshot(417)) - Current Snapshot Index (t:2, i:3)
2021-08-21 01:41:58,026 [OM StateMachine ApplyTransaction Thread - 0] INFO  segmented.SegmentedRaftLogWorker (SegmentedRaftLogWorker.java:lambda$new$0(133)) - omNode-3@group-523986131536-SegmentedRaftLogWorker: flushIndex: setUnconditionally 4 -> 3
2021-08-21 01:41:58,026 [OM StateMachine ApplyTransaction Thread - 0] INFO  segmented.SegmentedRaftLogWorker (SegmentedRaftLogWorker.java:lambda$new$0(133)) - omNode-3@group-523986131536-SegmentedRaftLogWorker: safeCacheEvictIndex: setUnconditionally -1 -> 3
2021-08-21 01:41:58,026 [OM StateMachine ApplyTransaction Thread - 0] INFO  raftlog.RaftLog (RaftLogBase.java:lambda$new$0(53)) - omNode-3@group-523986131536-SegmentedRaftLog: snapshotIndex: updateIncreasingly -1 -> 3
2021-08-21 01:41:58,029 [OM StateMachine ApplyTransaction Thread - 0] INFO  om.OzoneManagerPrepareState (OzoneManagerPrepareState.java:writePrepareMarkerFile(262)) - Prepare marker file written with log index 2 to file /home/runner/work/ozone/ozone/hadoop-ozone/integration-test/target/test-dir/MiniOzoneClusterImpl-ac918204-cb9e-461d-be45-7a6421e2bbc3/omNode-3/current/prepareMarker
2021-08-21 01:41:58,030 [OM StateMachine ApplyTransaction Thread - 0] INFO  upgrade.OMPrepareRequest (OMPrepareRequest.java:validateAndUpdateCache(119)) - OM omNode-3 prepared at log index 2. Returning response txnID: 2
 with log index 2
2021-08-21 01:42:02,215 [6d4f4a2b-908a-44c0-8dce-7a4ce83b0e89@group-27CBBBE1E3F9-FollowerState] INFO  impl.FollowerState (FollowerState.java:run(134)) - 6d4f4a2b-908a-44c0-8dce-7a4ce83b0e89@group-27CBBBE1E3F9-FollowerState: change to CANDIDATE, lastRpcElapsedTime:5038371324ns, electionTimeout:5029ms
2021-08-21 01:42:02,215 [6d4f4a2b-908a-44c0-8dce-7a4ce83b0e89@group-27CBBBE1E3F9-FollowerState] INFO  impl.RoleInfo (RoleInfo.java:shutdownFollowerState(108)) - 6d4f4a2b-908a-44c0-8dce-7a4ce83b0e89: shutdown 6d4f4a2b-908a-44c0-8dce-7a4ce83b0e89@group-27CBBBE1E3F9-FollowerState
2021-08-21 01:42:02,215 [6d4f4a2b-908a-44c0-8dce-7a4ce83b0e89@group-27CBBBE1E3F9-FollowerState] INFO  server.RaftServer$Division (RaftServerImpl.java:setRole(285)) - 6d4f4a2b-908a-44c0-8dce-7a4ce83b0e89@group-27CBBBE1E3F9: changes role from  FOLLOWER to CANDIDATE at term 1 for changeToCandidate
2021-08-21 01:42:02,215 [6d4f4a2b-908a-44c0-8dce-7a4ce83b0e89@group-27CBBBE1E3F9-FollowerState] INFO  server.RaftServerConfigKeys (ConfUtils.java:logGet(44)) - raft.server.leaderelection.pre-vote = false (custom)
2021-08-21 01:42:02,215 [6d4f4a2b-908a-44c0-8dce-7a4ce83b0e89@group-27CBBBE1E3F9-FollowerState] INFO  impl.RoleInfo (RoleInfo.java:updateAndGet(130)) - 6d4f4a2b-908a-44c0-8dce-7a4ce83b0e89: start 6d4f4a2b-908a-44c0-8dce-7a4ce83b0e89@group-27CBBBE1E3F9-LeaderElection11
2021-08-21 01:42:02,218 [6d4f4a2b-908a-44c0-8dce-7a4ce83b0e89@group-27CBBBE1E3F9-LeaderElection11] INFO  impl.LeaderElection (LeaderElection.java:askForVotes(306)) - 6d4f4a2b-908a-44c0-8dce-7a4ce83b0e89@group-27CBBBE1E3F9-LeaderElection11 ELECTION round 0: submit vote requests at term 2 for -1: [6d4f4a2b-908a-44c0-8dce-7a4ce83b0e89|rpc:10.1.0.26:45247|dataStream:|priority:0, eb4e2853-1640-4057-8e90-7cd4a46526af|rpc:10.1.0.26:38129|dataStream:|priority:0, 4a0ceec5-2fcf-430e-9ae7-7442e0b596cf|rpc:10.1.0.26:38401|dataStream:|priority:1], old=null
2021-08-21 01:42:02,229 [grpc-default-executor-0] INFO  server.RaftServer$Division (RaftServerImpl.java:requestVote(1043)) - eb4e2853-1640-4057-8e90-7cd4a46526af@group-27CBBBE1E3F9: receive requestVote(ELECTION, 6d4f4a2b-908a-44c0-8dce-7a4ce83b0e89, group-27CBBBE1E3F9, 2, (t:0, i:0))
2021-08-21 01:42:02,229 [grpc-default-executor-0] INFO  impl.VoteContext (VoteContext.java:log(48)) - eb4e2853-1640-4057-8e90-7cd4a46526af@group-27CBBBE1E3F9-FOLLOWER: accept ELECTION from 6d4f4a2b-908a-44c0-8dce-7a4ce83b0e89: our priority 0 <= candidate's priority 0
2021-08-21 01:42:02,229 [grpc-default-executor-0] INFO  server.RaftServer$Division (RaftServerImpl.java:setRole(285)) - eb4e2853-1640-4057-8e90-7cd4a46526af@group-27CBBBE1E3F9: changes role from  FOLLOWER to FOLLOWER at term 2 for candidate:6d4f4a2b-908a-44c0-8dce-7a4ce83b0e89
2021-08-21 01:42:02,229 [grpc-default-executor-0] INFO  impl.RoleInfo (RoleInfo.java:shutdownFollowerState(108)) - eb4e2853-1640-4057-8e90-7cd4a46526af: shutdown eb4e2853-1640-4057-8e90-7cd4a46526af@group-27CBBBE1E3F9-FollowerState
2021-08-21 01:42:02,229 [grpc-default-executor-0] INFO  impl.RoleInfo (RoleInfo.java:updateAndGet(130)) - eb4e2853-1640-4057-8e90-7cd4a46526af: start eb4e2853-1640-4057-8e90-7cd4a46526af@group-27CBBBE1E3F9-FollowerState
2021-08-21 01:42:02,229 [eb4e2853-1640-4057-8e90-7cd4a46526af@group-27CBBBE1E3F9-FollowerState] INFO  impl.FollowerState (FollowerState.java:run(143)) - eb4e2853-1640-4057-8e90-7cd4a46526af@group-27CBBBE1E3F9-FollowerState was interrupted: {}
java.lang.InterruptedException: sleep interrupted
	at java.lang.Thread.sleep(Native Method)
	at java.lang.Thread.sleep(Thread.java:340)
	at java.util.concurrent.TimeUnit.sleep(TimeUnit.java:386)
	at org.apache.ratis.util.TimeDuration.sleep(TimeDuration.java:324)
	at org.apache.ratis.util.TimeDuration.sleep(TimeDuration.java:309)
	at org.apache.ratis.server.impl.FollowerState.run(FollowerState.java:118)
2021-08-21 01:42:02,229 [grpc-default-executor-2] INFO  server.RaftServer$Division (RaftServerImpl.java:requestVote(1043)) - 4a0ceec5-2fcf-430e-9ae7-7442e0b596cf@group-27CBBBE1E3F9: receive requestVote(ELECTION, 6d4f4a2b-908a-44c0-8dce-7a4ce83b0e89, group-27CBBBE1E3F9, 2, (t:0, i:0))
2021-08-21 01:42:02,232 [grpc-default-executor-2] INFO  impl.VoteContext (VoteContext.java:log(48)) - 4a0ceec5-2fcf-430e-9ae7-7442e0b596cf@group-27CBBBE1E3F9-FOLLOWER: reject ELECTION from 6d4f4a2b-908a-44c0-8dce-7a4ce83b0e89: our priority 1 > candidate's priority 0
2021-08-21 01:42:02,232 [grpc-default-executor-2] INFO  server.RaftServer$Division (RaftServerImpl.java:setRole(285)) - 4a0ceec5-2fcf-430e-9ae7-7442e0b596cf@group-27CBBBE1E3F9: changes role from  FOLLOWER to FOLLOWER at term 2 for candidate:6d4f4a2b-908a-44c0-8dce-7a4ce83b0e89
2021-08-21 01:42:02,232 [grpc-default-executor-2] INFO  impl.RoleInfo (RoleInfo.java:shutdownFollowerState(108)) - 4a0ceec5-2fcf-430e-9ae7-7442e0b596cf: shutdown 4a0ceec5-2fcf-430e-9ae7-7442e0b596cf@group-27CBBBE1E3F9-FollowerState
2021-08-21 01:42:02,232 [grpc-default-executor-2] INFO  impl.RoleInfo (RoleInfo.java:updateAndGet(130)) - 4a0ceec5-2fcf-430e-9ae7-7442e0b596cf: start 4a0ceec5-2fcf-430e-9ae7-7442e0b596cf@group-27CBBBE1E3F9-FollowerState
2021-08-21 01:42:02,231 [grpc-default-executor-0] INFO  server.RaftServer$Division (RaftServerImpl.java:requestVote(1075)) - eb4e2853-1640-4057-8e90-7cd4a46526af@group-27CBBBE1E3F9 replies to ELECTION vote request: 6d4f4a2b-908a-44c0-8dce-7a4ce83b0e89<-eb4e2853-1640-4057-8e90-7cd4a46526af#0:OK-t2. Peer's state: eb4e2853-1640-4057-8e90-7cd4a46526af@group-27CBBBE1E3F9:t2, leader=null, voted=6d4f4a2b-908a-44c0-8dce-7a4ce83b0e89, raftlog=eb4e2853-1640-4057-8e90-7cd4a46526af@group-27CBBBE1E3F9-SegmentedRaftLog:OPENED:c-1,f-1,i0, conf=-1: [6d4f4a2b-908a-44c0-8dce-7a4ce83b0e89|rpc:10.1.0.26:45247|priority:0, eb4e2853-1640-4057-8e90-7cd4a46526af|rpc:10.1.0.26:38129|priority:0, 4a0ceec5-2fcf-430e-9ae7-7442e0b596cf|rpc:10.1.0.26:38401|priority:1], old=null
2021-08-21 01:42:02,232 [4a0ceec5-2fcf-430e-9ae7-7442e0b596cf@group-27CBBBE1E3F9-FollowerState] INFO  impl.FollowerState (FollowerState.java:run(143)) - 4a0ceec5-2fcf-430e-9ae7-7442e0b596cf@group-27CBBBE1E3F9-FollowerState was interrupted: {}
java.lang.InterruptedException: sleep interrupted
	at java.lang.Thread.sleep(Native Method)
	at java.lang.Thread.sleep(Thread.java:340)
	at java.util.concurrent.TimeUnit.sleep(TimeUnit.java:386)
	at org.apache.ratis.util.TimeDuration.sleep(TimeDuration.java:324)
	at org.apache.ratis.util.TimeDuration.sleep(TimeDuration.java:309)
	at org.apache.ratis.server.impl.FollowerState.run(FollowerState.java:118)
2021-08-21 01:42:02,242 [grpc-default-executor-2] INFO  server.RaftServer$Division (RaftServerImpl.java:requestVote(1075)) - 4a0ceec5-2fcf-430e-9ae7-7442e0b596cf@group-27CBBBE1E3F9 replies to ELECTION vote request: 6d4f4a2b-908a-44c0-8dce-7a4ce83b0e89<-4a0ceec5-2fcf-430e-9ae7-7442e0b596cf#0:FAIL-t2. Peer's state: 4a0ceec5-2fcf-430e-9ae7-7442e0b596cf@group-27CBBBE1E3F9:t2, leader=null, voted=null, raftlog=4a0ceec5-2fcf-430e-9ae7-7442e0b596cf@group-27CBBBE1E3F9-SegmentedRaftLog:OPENED:c-1,f-1,i0, conf=-1: [6d4f4a2b-908a-44c0-8dce-7a4ce83b0e89|rpc:10.1.0.26:45247|dataStream:|priority:0, eb4e2853-1640-4057-8e90-7cd4a46526af|rpc:10.1.0.26:38129|dataStream:|priority:0, 4a0ceec5-2fcf-430e-9ae7-7442e0b596cf|rpc:10.1.0.26:38401|dataStream:|priority:1], old=null
2021-08-21 01:42:02,250 [6d4f4a2b-908a-44c0-8dce-7a4ce83b0e89@group-27CBBBE1E3F9-LeaderElection11] INFO  impl.LeaderElection (LeaderElection.java:logAndReturn(89)) - 6d4f4a2b-908a-44c0-8dce-7a4ce83b0e89@group-27CBBBE1E3F9-LeaderElection11: ELECTION REJECTED received 2 response(s) and 0 exception(s):
2021-08-21 01:42:02,250 [6d4f4a2b-908a-44c0-8dce-7a4ce83b0e89@group-27CBBBE1E3F9-LeaderElection11] INFO  impl.LeaderElection (LeaderElection.java:logAndReturn(93)) -   Response 0: 6d4f4a2b-908a-44c0-8dce-7a4ce83b0e89<-eb4e2853-1640-4057-8e90-7cd4a46526af#0:OK-t2
2021-08-21 01:42:02,250 [6d4f4a2b-908a-44c0-8dce-7a4ce83b0e89@group-27CBBBE1E3F9-LeaderElection11] INFO  impl.LeaderElection (LeaderElection.java:logAndReturn(93)) -   Response 1: 6d4f4a2b-908a-44c0-8dce-7a4ce83b0e89<-4a0ceec5-2fcf-430e-9ae7-7442e0b596cf#0:FAIL-t2
2021-08-21 01:42:02,250 [6d4f4a2b-908a-44c0-8dce-7a4ce83b0e89@group-27CBBBE1E3F9-LeaderElection11] INFO  impl.LeaderElection (LeaderElection.java:askForVotes(308)) - 6d4f4a2b-908a-44c0-8dce-7a4ce83b0e89@group-27CBBBE1E3F9-LeaderElection11 ELECTION round 0: result REJECTED
2021-08-21 01:42:02,250 [6d4f4a2b-908a-44c0-8dce-7a4ce83b0e89@group-27CBBBE1E3F9-LeaderElection11] INFO  server.RaftServer$Division (RaftServerImpl.java:setRole(285)) - 6d4f4a2b-908a-44c0-8dce-7a4ce83b0e89@group-27CBBBE1E3F9: changes role from CANDIDATE to FOLLOWER at term 2 for REJECTED
2021-08-21 01:42:02,251 [6d4f4a2b-908a-44c0-8dce-7a4ce83b0e89@group-27CBBBE1E3F9-LeaderElection11] INFO  impl.RoleInfo (RoleInfo.java:shutdownLeaderElection(121)) - 6d4f4a2b-908a-44c0-8dce-7a4ce83b0e89: shutdown 6d4f4a2b-908a-44c0-8dce-7a4ce83b0e89@group-27CBBBE1E3F9-LeaderElection11
2021-08-21 01:42:02,251 [6d4f4a2b-908a-44c0-8dce-7a4ce83b0e89@group-27CBBBE1E3F9-LeaderElection11] INFO  impl.RoleInfo (RoleInfo.java:updateAndGet(130)) - 6d4f4a2b-908a-44c0-8dce-7a4ce83b0e89: start 6d4f4a2b-908a-44c0-8dce-7a4ce83b0e89@group-27CBBBE1E3F9-FollowerState
2021-08-21 01:42:03,015 [OM StateMachine ApplyTransaction Thread - 0] INFO  ratis.OzoneManagerStateMachine (OzoneManagerStateMachine.java:takeSnapshot(417)) - Current Snapshot Index (t:2, i:4)
2021-08-21 01:42:03,016 [OM StateMachine ApplyTransaction Thread - 0] INFO  segmented.SegmentedRaftLogWorker (SegmentedRaftLogWorker.java:lambda$new$0(133)) - omNode-1@group-523986131536-SegmentedRaftLogWorker: flushIndex: setUnconditionally 4 -> 4
2021-08-21 01:42:03,016 [OM StateMachine ApplyTransaction Thread - 0] INFO  segmented.SegmentedRaftLogWorker (SegmentedRaftLogWorker.java:lambda$new$0(133)) - omNode-1@group-523986131536-SegmentedRaftLogWorker: safeCacheEvictIndex: setUnconditionally -1 -> 4
2021-08-21 01:42:03,016 [OM StateMachine ApplyTransaction Thread - 0] INFO  segmented.SegmentedRaftLogWorker (SegmentedRaftLogWorker.java:closeLogSegment(415)) - omNode-1@group-523986131536-SegmentedRaftLogWorker: Closing segment log_inprogress_0 to index: 4
2021-08-21 01:42:03,018 [OM StateMachine ApplyTransaction Thread - 0] INFO  ratis.OzoneManagerStateMachine (OzoneManagerStateMachine.java:takeSnapshot(417)) - Current Snapshot Index (t:2, i:4)
2021-08-21 01:42:03,018 [OM StateMachine ApplyTransaction Thread - 0] INFO  segmented.SegmentedRaftLogWorker (SegmentedRaftLogWorker.java:lambda$new$0(133)) - omNode-2@group-523986131536-SegmentedRaftLogWorker: flushIndex: setUnconditionally 4 -> 4
2021-08-21 01:42:03,018 [OM StateMachine ApplyTransaction Thread - 0] INFO  segmented.SegmentedRaftLogWorker (SegmentedRaftLogWorker.java:lambda$new$0(133)) - omNode-2@group-523986131536-SegmentedRaftLogWorker: safeCacheEvictIndex: setUnconditionally -1 -> 4
2021-08-21 01:42:03,018 [OM StateMachine ApplyTransaction Thread - 0] INFO  segmented.SegmentedRaftLogWorker (SegmentedRaftLogWorker.java:closeLogSegment(415)) - omNode-2@group-523986131536-SegmentedRaftLogWorker: Closing segment log_inprogress_0 to index: 4
2021-08-21 01:42:03,018 [omNode-1@group-523986131536-SegmentedRaftLogWorker] INFO  segmented.SegmentedRaftLogWorker (SegmentedRaftLogWorker.java:execute(558)) - omNode-1@group-523986131536-SegmentedRaftLogWorker: Rolled log segment from /home/runner/work/ozone/ozone/hadoop-ozone/integration-test/target/test-dir/MiniOzoneClusterImpl-ac918204-cb9e-461d-be45-7a6421e2bbc3/omNode-1/ratis/c9bc4cf4-3bc3-3c60-a66b-523986131536/current/log_inprogress_0 to /home/runner/work/ozone/ozone/hadoop-ozone/integration-test/target/test-dir/MiniOzoneClusterImpl-ac918204-cb9e-461d-be45-7a6421e2bbc3/omNode-1/ratis/c9bc4cf4-3bc3-3c60-a66b-523986131536/current/log_0-4
2021-08-21 01:42:03,019 [omNode-2@group-523986131536-SegmentedRaftLogWorker] INFO  segmented.SegmentedRaftLogWorker (SegmentedRaftLogWorker.java:execute(558)) - omNode-2@group-523986131536-SegmentedRaftLogWorker: Rolled log segment from /home/runner/work/ozone/ozone/hadoop-ozone/integration-test/target/test-dir/MiniOzoneClusterImpl-ac918204-cb9e-461d-be45-7a6421e2bbc3/omNode-2/ratis/c9bc4cf4-3bc3-3c60-a66b-523986131536/current/log_inprogress_0 to /home/runner/work/ozone/ozone/hadoop-ozone/integration-test/target/test-dir/MiniOzoneClusterImpl-ac918204-cb9e-461d-be45-7a6421e2bbc3/omNode-2/ratis/c9bc4cf4-3bc3-3c60-a66b-523986131536/current/log_0-4
2021-08-21 01:42:03,019 [OM StateMachine ApplyTransaction Thread - 0] INFO  raftlog.RaftLog (RaftLogBase.java:lambda$new$0(53)) - omNode-1@group-523986131536-SegmentedRaftLog: snapshotIndex: updateIncreasingly -1 -> 4
2021-08-21 01:42:03,019 [OM StateMachine ApplyTransaction Thread - 0] INFO  raftlog.RaftLog (RaftLogBase.java:lambda$new$0(53)) - omNode-2@group-523986131536-SegmentedRaftLog: snapshotIndex: updateIncreasingly -1 -> 4
2021-08-21 01:42:03,021 [OM StateMachine ApplyTransaction Thread - 0] INFO  om.OzoneManagerPrepareState (OzoneManagerPrepareState.java:writePrepareMarkerFile(262)) - Prepare marker file written with log index 2 to file /home/runner/work/ozone/ozone/hadoop-ozone/integration-test/target/test-dir/MiniOzoneClusterImpl-ac918204-cb9e-461d-be45-7a6421e2bbc3/omNode-2/current/prepareMarker
2021-08-21 01:42:03,022 [OM StateMachine ApplyTransaction Thread - 0] INFO  upgrade.OMPrepareRequest (OMPrepareRequest.java:validateAndUpdateCache(119)) - OM omNode-2 prepared at log index 2. Returning response txnID: 2
 with log index 2
2021-08-21 01:42:03,021 [OM StateMachine ApplyTransaction Thread - 0] INFO  om.OzoneManagerPrepareState (OzoneManagerPrepareState.java:writePrepareMarkerFile(262)) - Prepare marker file written with log index 2 to file /home/runner/work/ozone/ozone/hadoop-ozone/integration-test/target/test-dir/MiniOzoneClusterImpl-ac918204-cb9e-461d-be45-7a6421e2bbc3/omNode-1/current/prepareMarker
2021-08-21 01:42:03,022 [OM StateMachine ApplyTransaction Thread - 0] INFO  upgrade.OMPrepareRequest (OMPrepareRequest.java:validateAndUpdateCache(119)) - OM omNode-1 prepared at log index 2. Returning response txnID: 2
 with log index 2
2021-08-21 01:42:03,027 [Listener at 127.0.0.1/11936] INFO  om.TestOzoneManagerPrepare (TestOzoneManagerPrepare.java:lambda$assertClusterPrepared$6(444)) - omNode-3 has prepare status: PREPARE_COMPLETED prepare index: 2.
2021-08-21 01:42:03,028 [Listener at 127.0.0.1/11936] INFO  om.TestOzoneManagerPrepare (TestOzoneManagerPrepare.java:lambda$assertClusterPrepared$6(444)) - omNode-1 has prepare status: PREPARE_COMPLETED prepare index: 2.
2021-08-21 01:42:03,028 [Listener at 127.0.0.1/11936] INFO  om.TestOzoneManagerPrepare (TestOzoneManagerPrepare.java:lambda$assertClusterPrepared$6(444)) - omNode-2 has prepare status: PREPARE_COMPLETED prepare index: 2.
2021-08-21 01:42:03,030 [Listener at 127.0.0.1/11936] INFO  rpc.RpcClient (RpcClient.java:createVolume(342)) - Creating Volume: vol, with runner as owner and space quota set to -1 bytes, counts quota set to -1
2021-08-21 01:42:03,031 [IPC Server handler 0 on default port 11930] INFO  ratis.OzoneManagerRatisServer (OzoneManagerRatisServer.java:submitRequest(249)) - Rejecting write request on OM omNode-2 because it is in prepare mode: CreateVolume
2021-08-21 01:42:07,286 [6d4f4a2b-908a-44c0-8dce-7a4ce83b0e89@group-27CBBBE1E3F9-FollowerState] INFO  impl.FollowerState (FollowerState.java:run(134)) - 6d4f4a2b-908a-44c0-8dce-7a4ce83b0e89@group-27CBBBE1E3F9-FollowerState: change to CANDIDATE, lastRpcElapsedTime:5035028284ns, electionTimeout:5030ms
2021-08-21 01:42:07,286 [6d4f4a2b-908a-44c0-8dce-7a4ce83b0e89@group-27CBBBE1E3F9-FollowerState] INFO  impl.RoleInfo (RoleInfo.java:shutdownFollowerState(108)) - 6d4f4a2b-908a-44c0-8dce-7a4ce83b0e89: shutdown 6d4f4a2b-908a-44c0-8dce-7a4ce83b0e89@group-27CBBBE1E3F9-FollowerState
2021-08-21 01:42:07,286 [6d4f4a2b-908a-44c0-8dce-7a4ce83b0e89@group-27CBBBE1E3F9-FollowerState] INFO  server.RaftServer$Division (RaftServerImpl.java:setRole(285)) - 6d4f4a2b-908a-44c0-8dce-7a4ce83b0e89@group-27CBBBE1E3F9: changes role from  FOLLOWER to CANDIDATE at term 2 for changeToCandidate
2021-08-21 01:42:07,286 [6d4f4a2b-908a-44c0-8dce-7a4ce83b0e89@group-27CBBBE1E3F9-FollowerState] INFO  server.RaftServerConfigKeys (ConfUtils.java:logGet(44)) - raft.server.leaderelection.pre-vote = false (custom)
2021-08-21 01:42:07,286 [6d4f4a2b-908a-44c0-8dce-7a4ce83b0e89@group-27CBBBE1E3F9-FollowerState] INFO  impl.RoleInfo (RoleInfo.java:updateAndGet(130)) - 6d4f4a2b-908a-44c0-8dce-7a4ce83b0e89: start 6d4f4a2b-908a-44c0-8dce-7a4ce83b0e89@group-27CBBBE1E3F9-LeaderElection12
2021-08-21 01:42:07,296 [6d4f4a2b-908a-44c0-8dce-7a4ce83b0e89@group-27CBBBE1E3F9-LeaderElection12] INFO  impl.LeaderElection (LeaderElection.java:askForVotes(306)) - 6d4f4a2b-908a-44c0-8dce-7a4ce83b0e89@group-27CBBBE1E3F9-LeaderElection12 ELECTION round 0: submit vote requests at term 3 for -1: [6d4f4a2b-908a-44c0-8dce-7a4ce83b0e89|rpc:10.1.0.26:45247|dataStream:|priority:0, eb4e2853-1640-4057-8e90-7cd4a46526af|rpc:10.1.0.26:38129|dataStream:|priority:0, 4a0ceec5-2fcf-430e-9ae7-7442e0b596cf|rpc:10.1.0.26:38401|dataStream:|priority:1], old=null
2021-08-21 01:42:07,305 [grpc-default-executor-2] INFO  server.RaftServer$Division (RaftServerImpl.java:requestVote(1043)) - eb4e2853-1640-4057-8e90-7cd4a46526af@group-27CBBBE1E3F9: receive requestVote(ELECTION, 6d4f4a2b-908a-44c0-8dce-7a4ce83b0e89, group-27CBBBE1E3F9, 3, (t:0, i:0))
2021-08-21 01:42:07,305 [grpc-default-executor-2] INFO  impl.VoteContext (VoteContext.java:log(48)) - eb4e2853-1640-4057-8e90-7cd4a46526af@group-27CBBBE1E3F9-FOLLOWER: accept ELECTION from 6d4f4a2b-908a-44c0-8dce-7a4ce83b0e89: our priority 0 <= candidate's priority 0
2021-08-21 01:42:07,305 [grpc-default-executor-2] INFO  server.RaftServer$Division (RaftServerImpl.java:setRole(285)) - eb4e2853-1640-4057-8e90-7cd4a46526af@group-27CBBBE1E3F9: changes role from  FOLLOWER to FOLLOWER at term 3 for candidate:6d4f4a2b-908a-44c0-8dce-7a4ce83b0e89
2021-08-21 01:42:07,305 [grpc-default-executor-2] INFO  impl.RoleInfo (RoleInfo.java:shutdownFollowerState(108)) - eb4e2853-1640-4057-8e90-7cd4a46526af: shutdown eb4e2853-1640-4057-8e90-7cd4a46526af@group-27CBBBE1E3F9-FollowerState
2021-08-21 01:42:07,305 [grpc-default-executor-2] INFO  impl.RoleInfo (RoleInfo.java:updateAndGet(130)) - eb4e2853-1640-4057-8e90-7cd4a46526af: start eb4e2853-1640-4057-8e90-7cd4a46526af@group-27CBBBE1E3F9-FollowerState
2021-08-21 01:42:07,305 [eb4e2853-1640-4057-8e90-7cd4a46526af@group-27CBBBE1E3F9-FollowerState] INFO  impl.FollowerState (FollowerState.java:run(143)) - eb4e2853-1640-4057-8e90-7cd4a46526af@group-27CBBBE1E3F9-FollowerState was interrupted: {}
java.lang.InterruptedException: sleep interrupted
	at java.lang.Thread.sleep(Native Method)
	at java.lang.Thread.sleep(Thread.java:340)
	at java.util.concurrent.TimeUnit.sleep(TimeUnit.java:386)
	at org.apache.ratis.util.TimeDuration.sleep(TimeDuration.java:324)
	at org.apache.ratis.util.TimeDuration.sleep(TimeDuration.java:309)
	at org.apache.ratis.server.impl.FollowerState.run(FollowerState.java:118)
2021-08-21 01:42:07,307 [grpc-default-executor-0] INFO  server.RaftServer$Division (RaftServerImpl.java:requestVote(1043)) - 4a0ceec5-2fcf-430e-9ae7-7442e0b596cf@group-27CBBBE1E3F9: receive requestVote(ELECTION, 6d4f4a2b-908a-44c0-8dce-7a4ce83b0e89, group-27CBBBE1E3F9, 3, (t:0, i:0))
2021-08-21 01:42:07,307 [grpc-default-executor-2] INFO  server.RaftServer$Division (RaftServerImpl.java:requestVote(1075)) - eb4e2853-1640-4057-8e90-7cd4a46526af@group-27CBBBE1E3F9 replies to ELECTION vote request: 6d4f4a2b-908a-44c0-8dce-7a4ce83b0e89<-eb4e2853-1640-4057-8e90-7cd4a46526af#0:OK-t3. Peer's state: eb4e2853-1640-4057-8e90-7cd4a46526af@group-27CBBBE1E3F9:t3, leader=null, voted=6d4f4a2b-908a-44c0-8dce-7a4ce83b0e89, raftlog=eb4e2853-1640-4057-8e90-7cd4a46526af@group-27CBBBE1E3F9-SegmentedRaftLog:OPENED:c-1,f-1,i0, conf=-1: [6d4f4a2b-908a-44c0-8dce-7a4ce83b0e89|rpc:10.1.0.26:45247|priority:0, eb4e2853-1640-4057-8e90-7cd4a46526af|rpc:10.1.0.26:38129|priority:0, 4a0ceec5-2fcf-430e-9ae7-7442e0b596cf|rpc:10.1.0.26:38401|priority:1], old=null
2021-08-21 01:42:07,309 [grpc-default-executor-0] INFO  impl.VoteContext (VoteContext.java:log(48)) - 4a0ceec5-2fcf-430e-9ae7-7442e0b596cf@group-27CBBBE1E3F9-FOLLOWER: reject ELECTION from 6d4f4a2b-908a-44c0-8dce-7a4ce83b0e89: our priority 1 > candidate's priority 0
2021-08-21 01:42:07,309 [grpc-default-executor-0] INFO  server.RaftServer$Division (RaftServerImpl.java:setRole(285)) - 4a0ceec5-2fcf-430e-9ae7-7442e0b596cf@group-27CBBBE1E3F9: changes role from  FOLLOWER to FOLLOWER at term 3 for candidate:6d4f4a2b-908a-44c0-8dce-7a4ce83b0e89
2021-08-21 01:42:07,309 [grpc-default-executor-0] INFO  impl.RoleInfo (RoleInfo.java:shutdownFollowerState(108)) - 4a0ceec5-2fcf-430e-9ae7-7442e0b596cf: shutdown 4a0ceec5-2fcf-430e-9ae7-7442e0b596cf@group-27CBBBE1E3F9-FollowerState
2021-08-21 01:42:07,309 [grpc-default-executor-0] INFO  impl.RoleInfo (RoleInfo.java:updateAndGet(130)) - 4a0ceec5-2fcf-430e-9ae7-7442e0b596cf: start 4a0ceec5-2fcf-430e-9ae7-7442e0b596cf@group-27CBBBE1E3F9-FollowerState
2021-08-21 01:42:07,309 [4a0ceec5-2fcf-430e-9ae7-7442e0b596cf@group-27CBBBE1E3F9-FollowerState] INFO  impl.FollowerState (FollowerState.java:run(143)) - 4a0ceec5-2fcf-430e-9ae7-7442e0b596cf@group-27CBBBE1E3F9-FollowerState was interrupted: {}
java.lang.InterruptedException: sleep interrupted
	at java.lang.Thread.sleep(Native Method)
	at java.lang.Thread.sleep(Thread.java:340)
	at java.util.concurrent.TimeUnit.sleep(TimeUnit.java:386)
	at org.apache.ratis.util.TimeDuration.sleep(TimeDuration.java:324)
	at org.apache.ratis.util.TimeDuration.sleep(TimeDuration.java:309)
	at org.apache.ratis.server.impl.FollowerState.run(FollowerState.java:118)
2021-08-21 01:42:07,311 [grpc-default-executor-0] INFO  server.RaftServer$Division (RaftServerImpl.java:requestVote(1075)) - 4a0ceec5-2fcf-430e-9ae7-7442e0b596cf@group-27CBBBE1E3F9 replies to ELECTION vote request: 6d4f4a2b-908a-44c0-8dce-7a4ce83b0e89<-4a0ceec5-2fcf-430e-9ae7-7442e0b596cf#0:FAIL-t3. Peer's state: 4a0ceec5-2fcf-430e-9ae7-7442e0b596cf@group-27CBBBE1E3F9:t3, leader=null, voted=null, raftlog=4a0ceec5-2fcf-430e-9ae7-7442e0b596cf@group-27CBBBE1E3F9-SegmentedRaftLog:OPENED:c-1,f-1,i0, conf=-1: [6d4f4a2b-908a-44c0-8dce-7a4ce83b0e89|rpc:10.1.0.26:45247|dataStream:|priority:0, eb4e2853-1640-4057-8e90-7cd4a46526af|rpc:10.1.0.26:38129|dataStream:|priority:0, 4a0ceec5-2fcf-430e-9ae7-7442e0b596cf|rpc:10.1.0.26:38401|dataStream:|priority:1], old=null
2021-08-21 01:42:07,313 [6d4f4a2b-908a-44c0-8dce-7a4ce83b0e89@group-27CBBBE1E3F9-LeaderElection12] INFO  impl.LeaderElection (LeaderElection.java:logAndReturn(89)) - 6d4f4a2b-908a-44c0-8dce-7a4ce83b0e89@group-27CBBBE1E3F9-LeaderElection12: ELECTION REJECTED received 2 response(s) and 0 exception(s):
2021-08-21 01:42:07,313 [6d4f4a2b-908a-44c0-8dce-7a4ce83b0e89@group-27CBBBE1E3F9-LeaderElection12] INFO  impl.LeaderElection (LeaderElection.java:logAndReturn(93)) -   Response 0: 6d4f4a2b-908a-44c0-8dce-7a4ce83b0e89<-eb4e2853-1640-4057-8e90-7cd4a46526af#0:OK-t3
2021-08-21 01:42:07,313 [6d4f4a2b-908a-44c0-8dce-7a4ce83b0e89@group-27CBBBE1E3F9-LeaderElection12] INFO  impl.LeaderElection (LeaderElection.java:logAndReturn(93)) -   Response 1: 6d4f4a2b-908a-44c0-8dce-7a4ce83b0e89<-4a0ceec5-2fcf-430e-9ae7-7442e0b596cf#0:FAIL-t3
2021-08-21 01:42:07,313 [6d4f4a2b-908a-44c0-8dce-7a4ce83b0e89@group-27CBBBE1E3F9-LeaderElection12] INFO  impl.LeaderElection (LeaderElection.java:askForVotes(308)) - 6d4f4a2b-908a-44c0-8dce-7a4ce83b0e89@group-27CBBBE1E3F9-LeaderElection12 ELECTION round 0: result REJECTED
2021-08-21 01:42:07,313 [6d4f4a2b-908a-44c0-8dce-7a4ce83b0e89@group-27CBBBE1E3F9-LeaderElection12] INFO  server.RaftServer$Division (RaftServerImpl.java:setRole(285)) - 6d4f4a2b-908a-44c0-8dce-7a4ce83b0e89@group-27CBBBE1E3F9: changes role from CANDIDATE to FOLLOWER at term 3 for REJECTED
2021-08-21 01:42:07,313 [6d4f4a2b-908a-44c0-8dce-7a4ce83b0e89@group-27CBBBE1E3F9-LeaderElection12] INFO  impl.RoleInfo (RoleInfo.java:shutdownLeaderElection(121)) - 6d4f4a2b-908a-44c0-8dce-7a4ce83b0e89: shutdown 6d4f4a2b-908a-44c0-8dce-7a4ce83b0e89@group-27CBBBE1E3F9-LeaderElection12
2021-08-21 01:42:07,313 [6d4f4a2b-908a-44c0-8dce-7a4ce83b0e89@group-27CBBBE1E3F9-LeaderElection12] INFO  impl.RoleInfo (RoleInfo.java:updateAndGet(130)) - 6d4f4a2b-908a-44c0-8dce-7a4ce83b0e89: start 6d4f4a2b-908a-44c0-8dce-7a4ce83b0e89@group-27CBBBE1E3F9-FollowerState
2021-08-21 01:42:12,344 [6d4f4a2b-908a-44c0-8dce-7a4ce83b0e89@group-27CBBBE1E3F9-FollowerState] INFO  impl.FollowerState (FollowerState.java:run(134)) - 6d4f4a2b-908a-44c0-8dce-7a4ce83b0e89@group-27CBBBE1E3F9-FollowerState: change to CANDIDATE, lastRpcElapsedTime:5030463437ns, electionTimeout:5025ms
2021-08-21 01:42:12,345 [6d4f4a2b-908a-44c0-8dce-7a4ce83b0e89@group-27CBBBE1E3F9-FollowerState] INFO  impl.RoleInfo (RoleInfo.java:shutdownFollowerState(108)) - 6d4f4a2b-908a-44c0-8dce-7a4ce83b0e89: shutdown 6d4f4a2b-908a-44c0-8dce-7a4ce83b0e89@group-27CBBBE1E3F9-FollowerState
2021-08-21 01:42:12,345 [6d4f4a2b-908a-44c0-8dce-7a4ce83b0e89@group-27CBBBE1E3F9-FollowerState] INFO  server.RaftServer$Division (RaftServerImpl.java:setRole(285)) - 6d4f4a2b-908a-44c0-8dce-7a4ce83b0e89@group-27CBBBE1E3F9: changes role from  FOLLOWER to CANDIDATE at term 3 for changeToCandidate
2021-08-21 01:42:12,345 [6d4f4a2b-908a-44c0-8dce-7a4ce83b0e89@group-27CBBBE1E3F9-FollowerState] INFO  server.RaftServerConfigKeys (ConfUtils.java:logGet(44)) - raft.server.leaderelection.pre-vote = false (custom)
2021-08-21 01:42:12,345 [6d4f4a2b-908a-44c0-8dce-7a4ce83b0e89@group-27CBBBE1E3F9-FollowerState] INFO  impl.RoleInfo (RoleInfo.java:updateAndGet(130)) - 6d4f4a2b-908a-44c0-8dce-7a4ce83b0e89: start 6d4f4a2b-908a-44c0-8dce-7a4ce83b0e89@group-27CBBBE1E3F9-LeaderElection13
2021-08-21 01:42:12,348 [6d4f4a2b-908a-44c0-8dce-7a4ce83b0e89@group-27CBBBE1E3F9-LeaderElection13] INFO  impl.LeaderElection (LeaderElection.java:askForVotes(306)) - 6d4f4a2b-908a-44c0-8dce-7a4ce83b0e89@group-27CBBBE1E3F9-LeaderElection13 ELECTION round 0: submit vote requests at term 4 for -1: [6d4f4a2b-908a-44c0-8dce-7a4ce83b0e89|rpc:10.1.0.26:45247|dataStream:|priority:0, eb4e2853-1640-4057-8e90-7cd4a46526af|rpc:10.1.0.26:38129|dataStream:|priority:0, 4a0ceec5-2fcf-430e-9ae7-7442e0b596cf|rpc:10.1.0.26:38401|dataStream:|priority:1], old=null
2021-08-21 01:42:12,350 [grpc-default-executor-0] INFO  server.RaftServer$Division (RaftServerImpl.java:requestVote(1043)) - eb4e2853-1640-4057-8e90-7cd4a46526af@group-27CBBBE1E3F9: receive requestVote(ELECTION, 6d4f4a2b-908a-44c0-8dce-7a4ce83b0e89, group-27CBBBE1E3F9, 4, (t:0, i:0))
2021-08-21 01:42:12,350 [grpc-default-executor-0] INFO  impl.VoteContext (VoteContext.java:log(48)) - eb4e2853-1640-4057-8e90-7cd4a46526af@group-27CBBBE1E3F9-FOLLOWER: accept ELECTION from 6d4f4a2b-908a-44c0-8dce-7a4ce83b0e89: our priority 0 <= candidate's priority 0
2021-08-21 01:42:12,350 [grpc-default-executor-0] INFO  server.RaftServer$Division (RaftServerImpl.java:setRole(285)) - eb4e2853-1640-4057-8e90-7cd4a46526af@group-27CBBBE1E3F9: changes role from  FOLLOWER to FOLLOWER at term 4 for candidate:6d4f4a2b-908a-44c0-8dce-7a4ce83b0e89
2021-08-21 01:42:12,350 [grpc-default-executor-0] INFO  impl.RoleInfo (RoleInfo.java:shutdownFollowerState(108)) - eb4e2853-1640-4057-8e90-7cd4a46526af: shutdown eb4e2853-1640-4057-8e90-7cd4a46526af@group-27CBBBE1E3F9-FollowerState
2021-08-21 01:42:12,350 [grpc-default-executor-0] INFO  impl.RoleInfo (RoleInfo.java:updateAndGet(130)) - eb4e2853-1640-4057-8e90-7cd4a46526af: start eb4e2853-1640-4057-8e90-7cd4a46526af@group-27CBBBE1E3F9-FollowerState
2021-08-21 01:42:12,350 [eb4e2853-1640-4057-8e90-7cd4a46526af@group-27CBBBE1E3F9-FollowerState] INFO  impl.FollowerState (FollowerState.java:run(143)) - eb4e2853-1640-4057-8e90-7cd4a46526af@group-27CBBBE1E3F9-FollowerState was interrupted: {}
java.lang.InterruptedException: sleep interrupted
	at java.lang.Thread.sleep(Native Method)
	at java.lang.Thread.sleep(Thread.java:340)
	at java.util.concurrent.TimeUnit.sleep(TimeUnit.java:386)
	at org.apache.ratis.util.TimeDuration.sleep(TimeDuration.java:324)
	at org.apache.ratis.util.TimeDuration.sleep(TimeDuration.java:309)
	at org.apache.ratis.server.impl.FollowerState.run(FollowerState.java:118)
2021-08-21 01:42:12,356 [grpc-default-executor-0] INFO  server.RaftServer$Division (RaftServerImpl.java:requestVote(1075)) - eb4e2853-1640-4057-8e90-7cd4a46526af@group-27CBBBE1E3F9 replies to ELECTION vote request: 6d4f4a2b-908a-44c0-8dce-7a4ce83b0e89<-eb4e2853-1640-4057-8e90-7cd4a46526af#0:OK-t4. Peer's state: eb4e2853-1640-4057-8e90-7cd4a46526af@group-27CBBBE1E3F9:t4, leader=null, voted=6d4f4a2b-908a-44c0-8dce-7a4ce83b0e89, raftlog=eb4e2853-1640-4057-8e90-7cd4a46526af@group-27CBBBE1E3F9-SegmentedRaftLog:OPENED:c-1,f-1,i0, conf=-1: [6d4f4a2b-908a-44c0-8dce-7a4ce83b0e89|rpc:10.1.0.26:45247|priority:0, eb4e2853-1640-4057-8e90-7cd4a46526af|rpc:10.1.0.26:38129|priority:0, 4a0ceec5-2fcf-430e-9ae7-7442e0b596cf|rpc:10.1.0.26:38401|priority:1], old=null
2021-08-21 01:42:12,364 [grpc-default-executor-0] INFO  server.RaftServer$Division (RaftServerImpl.java:requestVote(1043)) - 4a0ceec5-2fcf-430e-9ae7-7442e0b596cf@group-27CBBBE1E3F9: receive requestVote(ELECTION, 6d4f4a2b-908a-44c0-8dce-7a4ce83b0e89, group-27CBBBE1E3F9, 4, (t:0, i:0))
2021-08-21 01:42:12,364 [grpc-default-executor-0] INFO  impl.VoteContext (VoteContext.java:log(48)) - 4a0ceec5-2fcf-430e-9ae7-7442e0b596cf@group-27CBBBE1E3F9-FOLLOWER: reject ELECTION from 6d4f4a2b-908a-44c0-8dce-7a4ce83b0e89: our priority 1 > candidate's priority 0
2021-08-21 01:42:12,365 [grpc-default-executor-0] INFO  server.RaftServer$Division (RaftServerImpl.java:setRole(285)) - 4a0ceec5-2fcf-430e-9ae7-7442e0b596cf@group-27CBBBE1E3F9: changes role from  FOLLOWER to FOLLOWER at term 4 for candidate:6d4f4a2b-908a-44c0-8dce-7a4ce83b0e89
2021-08-21 01:42:12,365 [grpc-default-executor-0] INFO  impl.RoleInfo (RoleInfo.java:shutdownFollowerState(108)) - 4a0ceec5-2fcf-430e-9ae7-7442e0b596cf: shutdown 4a0ceec5-2fcf-430e-9ae7-7442e0b596cf@group-27CBBBE1E3F9-FollowerState
2021-08-21 01:42:12,365 [grpc-default-executor-0] INFO  impl.RoleInfo (RoleInfo.java:updateAndGet(130)) - 4a0ceec5-2fcf-430e-9ae7-7442e0b596cf: start 4a0ceec5-2fcf-430e-9ae7-7442e0b596cf@group-27CBBBE1E3F9-FollowerState
2021-08-21 01:42:12,365 [4a0ceec5-2fcf-430e-9ae7-7442e0b596cf@group-27CBBBE1E3F9-FollowerState] INFO  impl.FollowerState (FollowerState.java:run(143)) - 4a0ceec5-2fcf-430e-9ae7-7442e0b596cf@group-27CBBBE1E3F9-FollowerState was interrupted: {}
java.lang.InterruptedException: sleep interrupted
	at java.lang.Thread.sleep(Native Method)
	at java.lang.Thread.sleep(Thread.java:340)
	at java.util.concurrent.TimeUnit.sleep(TimeUnit.java:386)
	at org.apache.ratis.util.TimeDuration.sleep(TimeDuration.java:324)
	at org.apache.ratis.util.TimeDuration.sleep(TimeDuration.java:309)
	at org.apache.ratis.server.impl.FollowerState.run(FollowerState.java:118)
2021-08-21 01:42:12,370 [grpc-default-executor-0] INFO  server.RaftServer$Division (RaftServerImpl.java:requestVote(1075)) - 4a0ceec5-2fcf-430e-9ae7-7442e0b596cf@group-27CBBBE1E3F9 replies to ELECTION vote request: 6d4f4a2b-908a-44c0-8dce-7a4ce83b0e89<-4a0ceec5-2fcf-430e-9ae7-7442e0b596cf#0:FAIL-t4. Peer's state: 4a0ceec5-2fcf-430e-9ae7-7442e0b596cf@group-27CBBBE1E3F9:t4, leader=null, voted=null, raftlog=4a0ceec5-2fcf-430e-9ae7-7442e0b596cf@group-27CBBBE1E3F9-SegmentedRaftLog:OPENED:c-1,f-1,i0, conf=-1: [6d4f4a2b-908a-44c0-8dce-7a4ce83b0e89|rpc:10.1.0.26:45247|dataStream:|priority:0, eb4e2853-1640-4057-8e90-7cd4a46526af|rpc:10.1.0.26:38129|dataStream:|priority:0, 4a0ceec5-2fcf-430e-9ae7-7442e0b596cf|rpc:10.1.0.26:38401|dataStream:|priority:1], old=null
2021-08-21 01:42:12,373 [6d4f4a2b-908a-44c0-8dce-7a4ce83b0e89@group-27CBBBE1E3F9-LeaderElection13] INFO  impl.LeaderElection (LeaderElection.java:logAndReturn(89)) - 6d4f4a2b-908a-44c0-8dce-7a4ce83b0e89@group-27CBBBE1E3F9-LeaderElection13: ELECTION REJECTED received 2 response(s) and 0 exception(s):
2021-08-21 01:42:12,373 [6d4f4a2b-908a-44c0-8dce-7a4ce83b0e89@group-27CBBBE1E3F9-LeaderElection13] INFO  impl.LeaderElection (LeaderElection.java:logAndReturn(93)) -   Response 0: 6d4f4a2b-908a-44c0-8dce-7a4ce83b0e89<-eb4e2853-1640-4057-8e90-7cd4a46526af#0:OK-t4
2021-08-21 01:42:12,373 [6d4f4a2b-908a-44c0-8dce-7a4ce83b0e89@group-27CBBBE1E3F9-LeaderElection13] INFO  impl.LeaderElection (LeaderElection.java:logAndReturn(93)) -   Response 1: 6d4f4a2b-908a-44c0-8dce-7a4ce83b0e89<-4a0ceec5-2fcf-430e-9ae7-7442e0b596cf#0:FAIL-t4
2021-08-21 01:42:12,373 [6d4f4a2b-908a-44c0-8dce-7a4ce83b0e89@group-27CBBBE1E3F9-LeaderElection13] INFO  impl.LeaderElection (LeaderElection.java:askForVotes(308)) - 6d4f4a2b-908a-44c0-8dce-7a4ce83b0e89@group-27CBBBE1E3F9-LeaderElection13 ELECTION round 0: result REJECTED
2021-08-21 01:42:12,373 [6d4f4a2b-908a-44c0-8dce-7a4ce83b0e89@group-27CBBBE1E3F9-LeaderElection13] INFO  server.RaftServer$Division (RaftServerImpl.java:setRole(285)) - 6d4f4a2b-908a-44c0-8dce-7a4ce83b0e89@group-27CBBBE1E3F9: changes role from CANDIDATE to FOLLOWER at term 4 for REJECTED
2021-08-21 01:42:12,373 [6d4f4a2b-908a-44c0-8dce-7a4ce83b0e89@group-27CBBBE1E3F9-LeaderElection13] INFO  impl.RoleInfo (RoleInfo.java:shutdownLeaderElection(121)) - 6d4f4a2b-908a-44c0-8dce-7a4ce83b0e89: shutdown 6d4f4a2b-908a-44c0-8dce-7a4ce83b0e89@group-27CBBBE1E3F9-LeaderElection13
2021-08-21 01:42:12,373 [6d4f4a2b-908a-44c0-8dce-7a4ce83b0e89@group-27CBBBE1E3F9-LeaderElection13] INFO  impl.RoleInfo (RoleInfo.java:updateAndGet(130)) - 6d4f4a2b-908a-44c0-8dce-7a4ce83b0e89: start 6d4f4a2b-908a-44c0-8dce-7a4ce83b0e89@group-27CBBBE1E3F9-FollowerState
2021-08-21 01:42:17,452 [4a0ceec5-2fcf-430e-9ae7-7442e0b596cf@group-27CBBBE1E3F9-FollowerState] INFO  impl.FollowerState (FollowerState.java:run(134)) - 4a0ceec5-2fcf-430e-9ae7-7442e0b596cf@group-27CBBBE1E3F9-FollowerState: change to CANDIDATE, lastRpcElapsedTime:5087195975ns, electionTimeout:5083ms
2021-08-21 01:42:17,453 [4a0ceec5-2fcf-430e-9ae7-7442e0b596cf@group-27CBBBE1E3F9-FollowerState] INFO  impl.RoleInfo (RoleInfo.java:shutdownFollowerState(108)) - 4a0ceec5-2fcf-430e-9ae7-7442e0b596cf: shutdown 4a0ceec5-2fcf-430e-9ae7-7442e0b596cf@group-27CBBBE1E3F9-FollowerState
2021-08-21 01:42:17,453 [4a0ceec5-2fcf-430e-9ae7-7442e0b596cf@group-27CBBBE1E3F9-FollowerState] INFO  server.RaftServer$Division (RaftServerImpl.java:setRole(285)) - 4a0ceec5-2fcf-430e-9ae7-7442e0b596cf@group-27CBBBE1E3F9: changes role from  FOLLOWER to CANDIDATE at term 4 for changeToCandidate
2021-08-21 01:42:17,453 [4a0ceec5-2fcf-430e-9ae7-7442e0b596cf@group-27CBBBE1E3F9-FollowerState] INFO  server.RaftServerConfigKeys (ConfUtils.java:logGet(44)) - raft.server.leaderelection.pre-vote = false (custom)
2021-08-21 01:42:17,453 [4a0ceec5-2fcf-430e-9ae7-7442e0b596cf@group-27CBBBE1E3F9-FollowerState] INFO  impl.RoleInfo (RoleInfo.java:updateAndGet(130)) - 4a0ceec5-2fcf-430e-9ae7-7442e0b596cf: start 4a0ceec5-2fcf-430e-9ae7-7442e0b596cf@group-27CBBBE1E3F9-LeaderElection14
2021-08-21 01:42:17,456 [4a0ceec5-2fcf-430e-9ae7-7442e0b596cf@group-27CBBBE1E3F9-LeaderElection14] INFO  impl.LeaderElection (LeaderElection.java:askForVotes(306)) - 4a0ceec5-2fcf-430e-9ae7-7442e0b596cf@group-27CBBBE1E3F9-LeaderElection14 ELECTION round 0: submit vote requests at term 5 for -1: [6d4f4a2b-908a-44c0-8dce-7a4ce83b0e89|rpc:10.1.0.26:45247|dataStream:|priority:0, eb4e2853-1640-4057-8e90-7cd4a46526af|rpc:10.1.0.26:38129|dataStream:|priority:0, 4a0ceec5-2fcf-430e-9ae7-7442e0b596cf|rpc:10.1.0.26:38401|dataStream:|priority:1], old=null
2021-08-21 01:42:17,459 [6d4f4a2b-908a-44c0-8dce-7a4ce83b0e89@group-27CBBBE1E3F9-FollowerState] INFO  impl.FollowerState (FollowerState.java:run(134)) - 6d4f4a2b-908a-44c0-8dce-7a4ce83b0e89@group-27CBBBE1E3F9-FollowerState: change to CANDIDATE, lastRpcElapsedTime:5085294863ns, electionTimeout:5079ms
2021-08-21 01:42:17,459 [6d4f4a2b-908a-44c0-8dce-7a4ce83b0e89@group-27CBBBE1E3F9-FollowerState] INFO  impl.RoleInfo (RoleInfo.java:shutdownFollowerState(108)) - 6d4f4a2b-908a-44c0-8dce-7a4ce83b0e89: shutdown 6d4f4a2b-908a-44c0-8dce-7a4ce83b0e89@group-27CBBBE1E3F9-FollowerState
2021-08-21 01:42:17,459 [6d4f4a2b-908a-44c0-8dce-7a4ce83b0e89@group-27CBBBE1E3F9-FollowerState] INFO  server.RaftServer$Division (RaftServerImpl.java:setRole(285)) - 6d4f4a2b-908a-44c0-8dce-7a4ce83b0e89@group-27CBBBE1E3F9: changes role from  FOLLOWER to CANDIDATE at term 4 for changeToCandidate
2021-08-21 01:42:17,459 [6d4f4a2b-908a-44c0-8dce-7a4ce83b0e89@group-27CBBBE1E3F9-FollowerState] INFO  server.RaftServerConfigKeys (ConfUtils.java:logGet(44)) - raft.server.leaderelection.pre-vote = false (custom)
2021-08-21 01:42:17,459 [6d4f4a2b-908a-44c0-8dce-7a4ce83b0e89@group-27CBBBE1E3F9-FollowerState] INFO  impl.RoleInfo (RoleInfo.java:updateAndGet(130)) - 6d4f4a2b-908a-44c0-8dce-7a4ce83b0e89: start 6d4f4a2b-908a-44c0-8dce-7a4ce83b0e89@group-27CBBBE1E3F9-LeaderElection15
2021-08-21 01:42:17,464 [grpc-default-executor-2] INFO  server.RaftServer$Division (RaftServerImpl.java:requestVote(1043)) - 6d4f4a2b-908a-44c0-8dce-7a4ce83b0e89@group-27CBBBE1E3F9: receive requestVote(ELECTION, 4a0ceec5-2fcf-430e-9ae7-7442e0b596cf, group-27CBBBE1E3F9, 5, (t:0, i:0))
2021-08-21 01:42:17,464 [grpc-default-executor-2] INFO  impl.VoteContext (VoteContext.java:log(48)) - 6d4f4a2b-908a-44c0-8dce-7a4ce83b0e89@group-27CBBBE1E3F9-CANDIDATE: accept ELECTION from 4a0ceec5-2fcf-430e-9ae7-7442e0b596cf: our priority 0 <= candidate's priority 1
2021-08-21 01:42:17,465 [grpc-default-executor-2] INFO  server.RaftServer$Division (RaftServerImpl.java:setRole(285)) - 6d4f4a2b-908a-44c0-8dce-7a4ce83b0e89@group-27CBBBE1E3F9: changes role from CANDIDATE to FOLLOWER at term 5 for candidate:4a0ceec5-2fcf-430e-9ae7-7442e0b596cf
2021-08-21 01:42:17,465 [grpc-default-executor-2] INFO  impl.RoleInfo (RoleInfo.java:shutdownLeaderElection(121)) - 6d4f4a2b-908a-44c0-8dce-7a4ce83b0e89: shutdown 6d4f4a2b-908a-44c0-8dce-7a4ce83b0e89@group-27CBBBE1E3F9-LeaderElection15
2021-08-21 01:42:17,465 [grpc-default-executor-2] INFO  impl.RoleInfo (RoleInfo.java:updateAndGet(130)) - 6d4f4a2b-908a-44c0-8dce-7a4ce83b0e89: start 6d4f4a2b-908a-44c0-8dce-7a4ce83b0e89@group-27CBBBE1E3F9-FollowerState
2021-08-21 01:42:17,466 [grpc-default-executor-2] INFO  server.RaftServer$Division (RaftServerImpl.java:requestVote(1075)) - 6d4f4a2b-908a-44c0-8dce-7a4ce83b0e89@group-27CBBBE1E3F9 replies to ELECTION vote request: 4a0ceec5-2fcf-430e-9ae7-7442e0b596cf<-6d4f4a2b-908a-44c0-8dce-7a4ce83b0e89#0:OK-t5. Peer's state: 6d4f4a2b-908a-44c0-8dce-7a4ce83b0e89@group-27CBBBE1E3F9:t5, leader=null, voted=4a0ceec5-2fcf-430e-9ae7-7442e0b596cf, raftlog=6d4f4a2b-908a-44c0-8dce-7a4ce83b0e89@group-27CBBBE1E3F9-SegmentedRaftLog:OPENED:c-1,f-1,i0, conf=-1: [6d4f4a2b-908a-44c0-8dce-7a4ce83b0e89|rpc:10.1.0.26:45247|dataStream:|priority:0, eb4e2853-1640-4057-8e90-7cd4a46526af|rpc:10.1.0.26:38129|dataStream:|priority:0, 4a0ceec5-2fcf-430e-9ae7-7442e0b596cf|rpc:10.1.0.26:38401|dataStream:|priority:1], old=null
2021-08-21 01:42:17,467 [4a0ceec5-2fcf-430e-9ae7-7442e0b596cf@group-27CBBBE1E3F9-LeaderElection14] INFO  impl.LeaderElection (LeaderElection.java:logAndReturn(89)) - 4a0ceec5-2fcf-430e-9ae7-7442e0b596cf@group-27CBBBE1E3F9-LeaderElection14: ELECTION PASSED received 1 response(s) and 0 exception(s):
2021-08-21 01:42:17,467 [4a0ceec5-2fcf-430e-9ae7-7442e0b596cf@group-27CBBBE1E3F9-LeaderElection14] INFO  impl.LeaderElection (LeaderElection.java:logAndReturn(93)) -   Response 0: 4a0ceec5-2fcf-430e-9ae7-7442e0b596cf<-6d4f4a2b-908a-44c0-8dce-7a4ce83b0e89#0:OK-t5
2021-08-21 01:42:17,467 [4a0ceec5-2fcf-430e-9ae7-7442e0b596cf@group-27CBBBE1E3F9-LeaderElection14] INFO  impl.LeaderElection (LeaderElection.java:askForVotes(308)) - 4a0ceec5-2fcf-430e-9ae7-7442e0b596cf@group-27CBBBE1E3F9-LeaderElection14 ELECTION round 0: result PASSED
2021-08-21 01:42:17,469 [6d4f4a2b-908a-44c0-8dce-7a4ce83b0e89@group-27CBBBE1E3F9-LeaderElection15] INFO  impl.LeaderElection (LeaderElection.java:run(230)) - 6d4f4a2b-908a-44c0-8dce-7a4ce83b0e89@group-27CBBBE1E3F9-LeaderElection15: skip running since this is already CLOSING
2021-08-21 01:42:17,469 [4a0ceec5-2fcf-430e-9ae7-7442e0b596cf@group-27CBBBE1E3F9-LeaderElection14] INFO  impl.RoleInfo (RoleInfo.java:shutdownLeaderElection(121)) - 4a0ceec5-2fcf-430e-9ae7-7442e0b596cf: shutdown 4a0ceec5-2fcf-430e-9ae7-7442e0b596cf@group-27CBBBE1E3F9-LeaderElection14
2021-08-21 01:42:17,471 [4a0ceec5-2fcf-430e-9ae7-7442e0b596cf@group-27CBBBE1E3F9-LeaderElection14] INFO  server.RaftServer$Division (RaftServerImpl.java:setRole(285)) - 4a0ceec5-2fcf-430e-9ae7-7442e0b596cf@group-27CBBBE1E3F9: changes role from CANDIDATE to LEADER at term 5 for changeToLeader
2021-08-21 01:42:17,471 [4a0ceec5-2fcf-430e-9ae7-7442e0b596cf@group-27CBBBE1E3F9-LeaderElection14] INFO  ratis.XceiverServerRatis (XceiverServerRatis.java:handleLeaderChangedNotification(861)) - Leader change notification received for group: group-27CBBBE1E3F9 with new leaderId: 4a0ceec5-2fcf-430e-9ae7-7442e0b596cf
2021-08-21 01:42:17,471 [4a0ceec5-2fcf-430e-9ae7-7442e0b596cf@group-27CBBBE1E3F9-LeaderElection14] INFO  server.RaftServer$Division (ServerState.java:setLeader(285)) - 4a0ceec5-2fcf-430e-9ae7-7442e0b596cf@group-27CBBBE1E3F9: change Leader from null to 4a0ceec5-2fcf-430e-9ae7-7442e0b596cf at term 5 for becomeLeader, leader elected after 25347ms
2021-08-21 01:42:17,471 [4a0ceec5-2fcf-430e-9ae7-7442e0b596cf@group-27CBBBE1E3F9-LeaderElection14] INFO  server.RaftServerConfigKeys (ConfUtils.java:logGet(44)) - raft.server.staging.catchup.gap = 1000 (default)
2021-08-21 01:42:17,471 [Datanode State Machine Thread - 0] WARN  statemachine.StateContext (StateContext.java:execute(621)) - No available thread in pool for past 1 seconds.
2021-08-21 01:42:17,471 [4a0ceec5-2fcf-430e-9ae7-7442e0b596cf@group-27CBBBE1E3F9-LeaderElection14] INFO  server.RaftServerConfigKeys (ConfUtils.java:logGet(44)) - raft.server.write.element-limit = 1024 (custom)
2021-08-21 01:42:17,472 [4a0ceec5-2fcf-430e-9ae7-7442e0b596cf@group-27CBBBE1E3F9-LeaderElection14] INFO  server.RaftServerConfigKeys (ConfUtils.java:logGet(44)) - raft.server.write.byte-limit = 1024 M (=1073741824) (custom)
2021-08-21 01:42:17,472 [4a0ceec5-2fcf-430e-9ae7-7442e0b596cf@group-27CBBBE1E3F9-LeaderElection14] INFO  server.RaftServerConfigKeys (ConfUtils.java:logGet(44)) - raft.server.watch.timeout = 180s (custom)
2021-08-21 01:42:17,472 [4a0ceec5-2fcf-430e-9ae7-7442e0b596cf@group-27CBBBE1E3F9-LeaderElection14] INFO  server.RaftServerConfigKeys (ConfUtils.java:logGet(44)) - raft.server.watch.timeout.denomination = 1s (default)
2021-08-21 01:42:17,472 [4a0ceec5-2fcf-430e-9ae7-7442e0b596cf@group-27CBBBE1E3F9-LeaderElection14] INFO  server.RaftServerConfigKeys (ConfUtils.java:logGet(44)) - raft.server.watch.element-limit = 65536 (default)
2021-08-21 01:42:17,472 [4a0ceec5-2fcf-430e-9ae7-7442e0b596cf@group-27CBBBE1E3F9-LeaderElection14] INFO  server.RaftServerConfigKeys (ConfUtils.java:logGet(44)) - raft.server.log.appender.snapshot.chunk.size.max = 16MB (=16777216) (default)
2021-08-21 01:42:17,472 [4a0ceec5-2fcf-430e-9ae7-7442e0b596cf@group-27CBBBE1E3F9-LeaderElection14] INFO  server.RaftServerConfigKeys (ConfUtils.java:logGet(44)) - raft.server.log.appender.buffer.byte-limit = 33554432 (custom)
2021-08-21 01:42:17,472 [4a0ceec5-2fcf-430e-9ae7-7442e0b596cf@group-27CBBBE1E3F9-LeaderElection14] INFO  server.RaftServerConfigKeys (ConfUtils.java:logGet(44)) - raft.server.log.appender.buffer.element-limit = 1 (custom)
2021-08-21 01:42:17,473 [4a0ceec5-2fcf-430e-9ae7-7442e0b596cf@group-27CBBBE1E3F9-LeaderElection14] INFO  grpc.GrpcConfigKeys (ConfUtils.java:logGet(44)) - raft.grpc.server.leader.outstanding.appends.max = 128 (default)
2021-08-21 01:42:17,473 [4a0ceec5-2fcf-430e-9ae7-7442e0b596cf@group-27CBBBE1E3F9-LeaderElection14] INFO  server.RaftServerConfigKeys (ConfUtils.java:logGet(44)) - raft.server.rpc.request.timeout = 60s (custom)
2021-08-21 01:42:17,473 [4a0ceec5-2fcf-430e-9ae7-7442e0b596cf@group-27CBBBE1E3F9-LeaderElection14] INFO  server.RaftServerConfigKeys (ConfUtils.java:logGet(44)) - raft.server.log.appender.install.snapshot.enabled = false (custom)
2021-08-21 01:42:17,473 [4a0ceec5-2fcf-430e-9ae7-7442e0b596cf@group-27CBBBE1E3F9-LeaderElection14] INFO  server.RaftServerConfigKeys (ConfUtils.java:logGet(44)) - raft.server.log.appender.snapshot.chunk.size.max = 16MB (=16777216) (default)
2021-08-21 01:42:17,474 [4a0ceec5-2fcf-430e-9ae7-7442e0b596cf@group-27CBBBE1E3F9-LeaderElection14] INFO  server.RaftServerConfigKeys (ConfUtils.java:logGet(44)) - raft.server.log.appender.buffer.byte-limit = 33554432 (custom)
2021-08-21 01:42:17,474 [4a0ceec5-2fcf-430e-9ae7-7442e0b596cf@group-27CBBBE1E3F9-LeaderElection14] INFO  server.RaftServerConfigKeys (ConfUtils.java:logGet(44)) - raft.server.log.appender.buffer.element-limit = 1 (custom)
2021-08-21 01:42:17,474 [4a0ceec5-2fcf-430e-9ae7-7442e0b596cf@group-27CBBBE1E3F9-LeaderElection14] INFO  grpc.GrpcConfigKeys (ConfUtils.java:logGet(44)) - raft.grpc.server.leader.outstanding.appends.max = 128 (default)
2021-08-21 01:42:17,474 [4a0ceec5-2fcf-430e-9ae7-7442e0b596cf@group-27CBBBE1E3F9-LeaderElection14] INFO  server.RaftServerConfigKeys (ConfUtils.java:logGet(44)) - raft.server.rpc.request.timeout = 60s (custom)
2021-08-21 01:42:17,474 [4a0ceec5-2fcf-430e-9ae7-7442e0b596cf@group-27CBBBE1E3F9-LeaderElection14] INFO  server.RaftServerConfigKeys (ConfUtils.java:logGet(44)) - raft.server.log.appender.install.snapshot.enabled = false (custom)
2021-08-21 01:42:17,474 [4a0ceec5-2fcf-430e-9ae7-7442e0b596cf@group-27CBBBE1E3F9-LeaderElection14] INFO  impl.RoleInfo (RoleInfo.java:updateAndGet(130)) - 4a0ceec5-2fcf-430e-9ae7-7442e0b596cf: start 4a0ceec5-2fcf-430e-9ae7-7442e0b596cf@group-27CBBBE1E3F9-LeaderStateImpl
2021-08-21 01:42:17,475 [EventQueue-PipelineReportForPipelineReportHandler] INFO  pipeline.PipelineManagerImpl (PipelineManagerImpl.java:openPipeline(283)) - Pipeline Pipeline[ Id: d7c149e0-3109-418c-8553-27cbbbe1e3f9, Nodes: 6d4f4a2b-908a-44c0-8dce-7a4ce83b0e89{ip: 10.1.0.26, host: fv-az148-687, ports: [REPLICATION=42171, RATIS=45247, RATIS_ADMIN=45247, RATIS_SERVER=45247, STANDALONE=33521], networkLocation: /default-rack, certSerialId: null, persistedOpState: IN_SERVICE, persistedOpStateExpiryEpochSec: 0}eb4e2853-1640-4057-8e90-7cd4a46526af{ip: 10.1.0.26, host: fv-az148-687, ports: [REPLICATION=46739, RATIS=38129, RATIS_ADMIN=38129, RATIS_SERVER=38129, STANDALONE=42611], networkLocation: /default-rack, certSerialId: null, persistedOpState: IN_SERVICE, persistedOpStateExpiryEpochSec: 0}4a0ceec5-2fcf-430e-9ae7-7442e0b596cf{ip: 10.1.0.26, host: fv-az148-687, ports: [REPLICATION=36241, RATIS=38401, RATIS_ADMIN=38401, RATIS_SERVER=38401, STANDALONE=43547], networkLocation: /default-rack, certSerialId: null, persistedOpState: IN_SERVICE, persistedOpStateExpiryEpochSec: 0}, ReplicationConfig: RATIS/THREE, State:ALLOCATED, leaderId:4a0ceec5-2fcf-430e-9ae7-7442e0b596cf, CreationTimestamp2021-08-21T01:41:49.370Z[Etc/UTC]] moved to OPEN state
2021-08-21 01:42:17,475 [4a0ceec5-2fcf-430e-9ae7-7442e0b596cf@group-27CBBBE1E3F9-LeaderElection14] INFO  segmented.SegmentedRaftLogWorker (SegmentedRaftLogWorker.java:startLogSegment(394)) - 4a0ceec5-2fcf-430e-9ae7-7442e0b596cf@group-27CBBBE1E3F9-SegmentedRaftLogWorker: Starting segment from index:0
2021-08-21 01:42:17,477 [4a0ceec5-2fcf-430e-9ae7-7442e0b596cf@group-27CBBBE1E3F9-SegmentedRaftLogWorker] INFO  segmented.SegmentedRaftLogWorker (SegmentedRaftLogWorker.java:execute(601)) - 4a0ceec5-2fcf-430e-9ae7-7442e0b596cf@group-27CBBBE1E3F9-SegmentedRaftLogWorker: created new log segment /home/runner/work/ozone/ozone/hadoop-ozone/integration-test/target/test-dir/MiniOzoneClusterImpl-ac918204-cb9e-461d-be45-7a6421e2bbc3/datanode-2/data/ratis/d7c149e0-3109-418c-8553-27cbbbe1e3f9/current/log_inprogress_0
2021-08-21 01:42:17,481 [4a0ceec5-2fcf-430e-9ae7-7442e0b596cf@group-27CBBBE1E3F9-LeaderElection14] INFO  server.RaftServer$Division (ServerState.java:setRaftConf(387)) - 4a0ceec5-2fcf-430e-9ae7-7442e0b596cf@group-27CBBBE1E3F9: set configuration 0: [6d4f4a2b-908a-44c0-8dce-7a4ce83b0e89|rpc:10.1.0.26:45247|dataStream:|priority:0, eb4e2853-1640-4057-8e90-7cd4a46526af|rpc:10.1.0.26:38129|dataStream:|priority:0, 4a0ceec5-2fcf-430e-9ae7-7442e0b596cf|rpc:10.1.0.26:38401|dataStream:|priority:1], old=null
2021-08-21 01:42:17,486 [grpc-default-executor-0] INFO  ratis.XceiverServerRatis (XceiverServerRatis.java:handleLeaderChangedNotification(861)) - Leader change notification received for group: group-27CBBBE1E3F9 with new leaderId: 4a0ceec5-2fcf-430e-9ae7-7442e0b596cf
2021-08-21 01:42:17,486 [grpc-default-executor-0] INFO  server.RaftServer$Division (ServerState.java:setLeader(285)) - eb4e2853-1640-4057-8e90-7cd4a46526af@group-27CBBBE1E3F9: change Leader from null to 4a0ceec5-2fcf-430e-9ae7-7442e0b596cf at term 5 for appendEntries, leader elected after 25423ms
2021-08-21 01:42:17,487 [grpc-default-executor-2] INFO  server.RaftServer$Division (RaftServerImpl.java:requestVote(1043)) - eb4e2853-1640-4057-8e90-7cd4a46526af@group-27CBBBE1E3F9: receive requestVote(ELECTION, 4a0ceec5-2fcf-430e-9ae7-7442e0b596cf, group-27CBBBE1E3F9, 5, (t:0, i:0))
2021-08-21 01:42:17,487 [grpc-default-executor-2] INFO  impl.VoteContext (VoteContext.java:log(48)) - eb4e2853-1640-4057-8e90-7cd4a46526af@group-27CBBBE1E3F9-FOLLOWER: reject ELECTION from 4a0ceec5-2fcf-430e-9ae7-7442e0b596cf: this server is a follower and still has a valid leader 4a0ceec5-2fcf-430e-9ae7-7442e0b596cf
2021-08-21 01:42:17,487 [grpc-default-executor-2] INFO  server.RaftServer$Division (RaftServerImpl.java:requestVote(1075)) - eb4e2853-1640-4057-8e90-7cd4a46526af@group-27CBBBE1E3F9 replies to ELECTION vote request: 4a0ceec5-2fcf-430e-9ae7-7442e0b596cf<-eb4e2853-1640-4057-8e90-7cd4a46526af#0:FAIL-t5. Peer's state: eb4e2853-1640-4057-8e90-7cd4a46526af@group-27CBBBE1E3F9:t5, leader=4a0ceec5-2fcf-430e-9ae7-7442e0b596cf, voted=null, raftlog=eb4e2853-1640-4057-8e90-7cd4a46526af@group-27CBBBE1E3F9-SegmentedRaftLog:OPENED:c-1,f-1,i0, conf=-1: [6d4f4a2b-908a-44c0-8dce-7a4ce83b0e89|rpc:10.1.0.26:45247|priority:0, eb4e2853-1640-4057-8e90-7cd4a46526af|rpc:10.1.0.26:38129|priority:0, 4a0ceec5-2fcf-430e-9ae7-7442e0b596cf|rpc:10.1.0.26:38401|priority:1], old=null
2021-08-21 01:42:17,488 [grpc-default-executor-0] INFO  server.RaftServer$Division (ServerState.java:setRaftConf(387)) - eb4e2853-1640-4057-8e90-7cd4a46526af@group-27CBBBE1E3F9: set configuration 0: [6d4f4a2b-908a-44c0-8dce-7a4ce83b0e89|rpc:10.1.0.26:45247|dataStream:|priority:0, eb4e2853-1640-4057-8e90-7cd4a46526af|rpc:10.1.0.26:38129|dataStream:|priority:0, 4a0ceec5-2fcf-430e-9ae7-7442e0b596cf|rpc:10.1.0.26:38401|dataStream:|priority:1], old=null
2021-08-21 01:42:17,488 [grpc-default-executor-0] INFO  segmented.SegmentedRaftLogWorker (SegmentedRaftLogWorker.java:startLogSegment(394)) - eb4e2853-1640-4057-8e90-7cd4a46526af@group-27CBBBE1E3F9-SegmentedRaftLogWorker: Starting segment from index:0
2021-08-21 01:42:17,490 [eb4e2853-1640-4057-8e90-7cd4a46526af@group-27CBBBE1E3F9-SegmentedRaftLogWorker] INFO  segmented.SegmentedRaftLogWorker (SegmentedRaftLogWorker.java:execute(601)) - eb4e2853-1640-4057-8e90-7cd4a46526af@group-27CBBBE1E3F9-SegmentedRaftLogWorker: created new log segment /home/runner/work/ozone/ozone/hadoop-ozone/integration-test/target/test-dir/MiniOzoneClusterImpl-ac918204-cb9e-461d-be45-7a6421e2bbc3/datanode-0/data/ratis/d7c149e0-3109-418c-8553-27cbbbe1e3f9/current/log_inprogress_0
2021-08-21 01:42:17,499 [grpc-default-executor-3] INFO  ratis.XceiverServerRatis (XceiverServerRatis.java:handleLeaderChangedNotification(861)) - Leader change notification received for group: group-27CBBBE1E3F9 with new leaderId: 4a0ceec5-2fcf-430e-9ae7-7442e0b596cf
2021-08-21 01:42:17,499 [grpc-default-executor-3] INFO  server.RaftServer$Division (ServerState.java:setLeader(285)) - 6d4f4a2b-908a-44c0-8dce-7a4ce83b0e89@group-27CBBBE1E3F9: change Leader from null to 4a0ceec5-2fcf-430e-9ae7-7442e0b596cf at term 5 for appendEntries, leader elected after 25405ms
2021-08-21 01:42:17,513 [grpc-default-executor-0] INFO  server.RaftServer$Division (ServerState.java:setRaftConf(387)) - 6d4f4a2b-908a-44c0-8dce-7a4ce83b0e89@group-27CBBBE1E3F9: set configuration 0: [6d4f4a2b-908a-44c0-8dce-7a4ce83b0e89|rpc:10.1.0.26:45247|dataStream:|priority:0, eb4e2853-1640-4057-8e90-7cd4a46526af|rpc:10.1.0.26:38129|dataStream:|priority:0, 4a0ceec5-2fcf-430e-9ae7-7442e0b596cf|rpc:10.1.0.26:38401|dataStream:|priority:1], old=null
2021-08-21 01:42:17,513 [grpc-default-executor-0] INFO  segmented.SegmentedRaftLogWorker (SegmentedRaftLogWorker.java:startLogSegment(394)) - 6d4f4a2b-908a-44c0-8dce-7a4ce83b0e89@group-27CBBBE1E3F9-SegmentedRaftLogWorker: Starting segment from index:0
2021-08-21 01:42:17,515 [6d4f4a2b-908a-44c0-8dce-7a4ce83b0e89@group-27CBBBE1E3F9-SegmentedRaftLogWorker] INFO  segmented.SegmentedRaftLogWorker (SegmentedRaftLogWorker.java:execute(601)) - 6d4f4a2b-908a-44c0-8dce-7a4ce83b0e89@group-27CBBBE1E3F9-SegmentedRaftLogWorker: created new log segment /home/runner/work/ozone/ozone/hadoop-ozone/integration-test/target/test-dir/MiniOzoneClusterImpl-ac918204-cb9e-461d-be45-7a6421e2bbc3/datanode-1/data/ratis/d7c149e0-3109-418c-8553-27cbbbe1e3f9/current/log_inprogress_0
2021-08-21 01:43:50,537 [org.apache.ratis.util.JvmPauseMonitor$$Lambda$536/1549433175@4a0f369b] WARN  util.JvmPauseMonitor (JvmPauseMonitor.java:detectPause(124)) - JvmPauseMonitor-eb4e2853-1640-4057-8e90-7cd4a46526af: Detected pause in JVM or host machine (eg GC): pause of approximately 110375399ns.
GC pool 'PS MarkSweep' had collection(s): count=1 time=202ms
GC pool 'PS Scavenge' had collection(s): count=1 time=81ms
2021-08-21 01:43:50,538 [org.apache.ratis.util.JvmPauseMonitor$$Lambda$536/1549433175@340333bb] WARN  util.JvmPauseMonitor (JvmPauseMonitor.java:detectPause(124)) - JvmPauseMonitor-omNode-2: Detected pause in JVM or host machine (eg GC): pause of approximately 204329584ns.
GC pool 'PS MarkSweep' had collection(s): count=1 time=202ms
GC pool 'PS Scavenge' had collection(s): count=1 time=81ms
2021-08-21 01:43:50,538 [org.apache.ratis.util.JvmPauseMonitor$$Lambda$536/1549433175@4667691c] WARN  util.JvmPauseMonitor (JvmPauseMonitor.java:detectPause(124)) - JvmPauseMonitor-omNode-3: Detected pause in JVM or host machine (eg GC): pause of approximately 253397189ns.
GC pool 'PS MarkSweep' had collection(s): count=1 time=202ms
GC pool 'PS Scavenge' had collection(s): count=1 time=81ms
2021-08-21 01:43:50,538 [org.apache.ratis.util.JvmPauseMonitor$$Lambda$536/1549433175@3644b567] WARN  util.JvmPauseMonitor (JvmPauseMonitor.java:detectPause(124)) - JvmPauseMonitor-4a0ceec5-2fcf-430e-9ae7-7442e0b596cf: Detected pause in JVM or host machine (eg GC): pause of approximately 127375104ns.
GC pool 'PS MarkSweep' had collection(s): count=1 time=202ms
GC pool 'PS Scavenge' had collection(s): count=1 time=81ms
2021-08-21 01:44:03,062 [Listener at 127.0.0.1/11936] INFO  ozone.MiniOzoneClusterImpl (MiniOzoneClusterImpl.java:shutdown(453)) - Shutting down the Mini Ozone Cluster
2021-08-21 01:44:03,063 [Listener at 127.0.0.1/11936] INFO  ozone.MiniOzoneHAClusterImpl (MiniOzoneHAClusterImpl.java:stop(298)) - Stopping the OzoneManager omNode-3
2021-08-21 01:44:03,063 [Listener at 127.0.0.1/11936] INFO  om.OzoneManager (OzoneManager.java:stop(1632)) - Stopping Ozone Manager
2021-08-21 01:44:03,063 [Listener at 127.0.0.1/11936] INFO  ipc.Server (Server.java:stop(3414)) - Stopping server on 11936
2021-08-21 01:44:03,069 [IPC Server listener on 11936] INFO  ipc.Server (Server.java:run(1376)) - Stopping IPC Server listener on 11936
2021-08-21 01:44:03,069 [IPC Server Responder] INFO  ipc.Server (Server.java:run(1512)) - Stopping IPC Server Responder
2021-08-21 01:44:03,070 [Listener at 127.0.0.1/11936] INFO  server.RaftServer (RaftServerProxy.java:lambda$close$6(391)) - omNode-3: close
2021-08-21 01:44:03,071 [Listener at 127.0.0.1/11936] INFO  server.RaftServer$Division (RaftServerImpl.java:lambda$close$4(407)) - omNode-3@group-523986131536: shutdown
2021-08-21 01:44:03,071 [Listener at 127.0.0.1/11936] INFO  util.JmxRegister (JmxRegister.java:unregister(73)) - Successfully un-registered JMX Bean with object name Ratis:service=RaftServer,group=group-523986131536,id=omNode-3
2021-08-21 01:44:03,071 [Listener at 127.0.0.1/11936] INFO  impl.RoleInfo (RoleInfo.java:shutdownFollowerState(108)) - omNode-3: shutdown omNode-3@group-523986131536-FollowerState
2021-08-21 01:44:03,071 [omNode-3@group-523986131536-FollowerState] INFO  impl.FollowerState (FollowerState.java:run(143)) - omNode-3@group-523986131536-FollowerState was interrupted: {}
java.lang.InterruptedException: sleep interrupted
	at java.lang.Thread.sleep(Native Method)
	at java.lang.Thread.sleep(Thread.java:340)
	at java.util.concurrent.TimeUnit.sleep(TimeUnit.java:386)
	at org.apache.ratis.util.TimeDuration.sleep(TimeDuration.java:324)
	at org.apache.ratis.util.TimeDuration.sleep(TimeDuration.java:309)
	at org.apache.ratis.server.impl.FollowerState.run(FollowerState.java:118)
2021-08-21 01:44:03,071 [Listener at 127.0.0.1/11936] INFO  impl.StateMachineUpdater (StateMachineUpdater.java:stopAndJoin(149)) - omNode-3@group-523986131536-StateMachineUpdater: set stopIndex = 3
2021-08-21 01:44:03,071 [omNode-3@group-523986131536-StateMachineUpdater] INFO  ratis.OzoneManagerStateMachine (OzoneManagerStateMachine.java:takeSnapshot(417)) - Current Snapshot Index (t:2, i:3)
2021-08-21 01:44:03,073 [omNode-3@group-523986131536-StateMachineUpdater] INFO  impl.StateMachineUpdater (StateMachineUpdater.java:takeSnapshot(281)) - omNode-3@group-523986131536-StateMachineUpdater: Took a snapshot at index 3
2021-08-21 01:44:03,073 [omNode-3@group-523986131536-StateMachineUpdater] INFO  impl.StateMachineUpdater (StateMachineUpdater.java:lambda$new$0(89)) - omNode-3@group-523986131536-StateMachineUpdater: snapshotIndex: updateIncreasingly -1 -> 3
2021-08-21 01:44:03,073 [omNode-3@group-523986131536-StateMachineUpdater] INFO  ratis.OzoneManagerStateMachine (OzoneManagerStateMachine.java:close(471)) - StateMachine has shutdown. Shutdown OzoneManager if not already shutdown.
2021-08-21 01:44:03,073 [Listener at 127.0.0.1/11936] INFO  server.RaftServer$Division (ServerState.java:close(419)) - omNode-3@group-523986131536: closes. applyIndex: 3
2021-08-21 01:44:03,074 [omNode-3@group-523986131536-SegmentedRaftLogWorker] INFO  segmented.SegmentedRaftLogWorker (SegmentedRaftLogWorker.java:run(327)) - omNode-3@group-523986131536-SegmentedRaftLogWorker was interrupted, exiting. There are 0 tasks remaining in the queue.
2021-08-21 01:44:03,076 [Listener at 127.0.0.1/11936] INFO  segmented.SegmentedRaftLogWorker (SegmentedRaftLogWorker.java:close(237)) - omNode-3@group-523986131536-SegmentedRaftLogWorker close()
2021-08-21 01:44:03,077 [Listener at 127.0.0.1/11936] INFO  server.GrpcService (GrpcService.java:closeImpl(262)) - omNode-3: shutdown server with port 11940 now
2021-08-21 01:44:03,091 [grpc-default-executor-3] WARN  server.GrpcServerProtocolService (LogUtils.java:warn(122)) - omNode-3: installSnapshot onError, lastRequest: omNode-2->omNode-3#77-t2,previous=(t:2, i:3),leaderCommit=3,initializing? true,entries: size=1, first=(t:2, i:4), METADATAENTRY(c:2): org.apache.ratis.thirdparty.io.grpc.StatusRuntimeException: CANCELLED: client cancelled
2021-08-21 01:44:03,094 [grpc-default-executor-3] WARN  server.GrpcLogAppender (LogUtils.java:warn(122)) - omNode-2@group-523986131536->omNode-3-AppendLogResponseHandler: Failed appendEntries: org.apache.ratis.thirdparty.io.grpc.StatusRuntimeException: CANCELLED: HTTP/2 error code: CANCEL
Received Rst Stream
2021-08-21 01:44:03,096 [grpc-default-executor-3] INFO  leader.FollowerInfo (FollowerInfoImpl.java:lambda$new$0(46)) - omNode-2@group-523986131536->omNode-3: nextIndex: updateUnconditionally 5 -> 4
2021-08-21 01:44:03,099 [Listener at 127.0.0.1/11936] INFO  server.GrpcService (GrpcService.java:closeImpl(271)) - omNode-3: shutdown server with port 11940 successfully
2021-08-21 01:44:03,100 [org.apache.ratis.util.JvmPauseMonitor$$Lambda$536/1549433175@4667691c] INFO  util.JvmPauseMonitor (JvmPauseMonitor.java:run(109)) - JvmPauseMonitor-omNode-3: Stopped
2021-08-21 01:44:03,100 [Listener at 127.0.0.1/11936] INFO  ratis.OzoneManagerDoubleBuffer (OzoneManagerDoubleBuffer.java:stop(437)) - Stopping OMDoubleBuffer flush thread
2021-08-21 01:44:03,099 [omNode-2@group-523986131536->omNode-3-GrpcLogAppender-LogAppenderDaemon] INFO  server.GrpcLogAppender (GrpcLogAppender.java:installSnapshot(524)) - omNode-2@group-523986131536->omNode-3-GrpcLogAppender: followerNextIndex = 4 but logStartIndex = -1, notify follower to install snapshot-(t:2, i:5)
2021-08-21 01:44:03,100 [OMDoubleBufferFlushThread] INFO  ratis.OzoneManagerDoubleBuffer (OzoneManagerDoubleBuffer.java:flushTransactions(356)) - OMDoubleBuffer flush thread OMDoubleBufferFlushThread is interrupted and will exit. OMDoubleBufferFlushThread
2021-08-21 01:44:03,104 [Listener at 127.0.0.1/11936] INFO  utils.BackgroundService (BackgroundService.java:shutdown(132)) - Shutting down service KeyDeletingService
2021-08-21 01:44:03,107 [Listener at 127.0.0.1/11936] INFO  handler.ContextHandler (ContextHandler.java:doStop(1153)) - Stopped o.e.j.w.WebAppContext@2cce4bb0{ozoneManager,/,null,STOPPED}{file:/home/runner/work/ozone/ozone/hadoop-ozone/integration-test/target/test-classes/webapps/ozoneManager}
2021-08-21 01:44:03,109 [omNode-2@group-523986131536->omNode-3-GrpcLogAppender-LogAppenderDaemon] INFO  server.GrpcLogAppender (GrpcLogAppender.java:installSnapshot(532)) - omNode-2@group-523986131536->omNode-3-GrpcLogAppender: send omNode-2->omNode-3#0-t2,notify:(t:2, i:5)
2021-08-21 01:44:03,120 [Listener at 127.0.0.1/11936] INFO  server.AbstractConnector (AbstractConnector.java:doStop(381)) - Stopped ServerConnector@202c4f10{HTTP/1.1, (http/1.1)}{0.0.0.0:11938}
2021-08-21 01:44:03,120 [Listener at 127.0.0.1/11936] INFO  server.session (HouseKeeper.java:stopScavenging(149)) - node0 Stopped scavenging
2021-08-21 01:44:03,120 [Listener at 127.0.0.1/11936] INFO  handler.ContextHandler (ContextHandler.java:doStop(1153)) - Stopped o.e.j.s.ServletContextHandler@3344f919{static,/static,file:///home/runner/work/ozone/ozone/hadoop-ozone/integration-test/target/test-classes/webapps/static,STOPPED}
2021-08-21 01:44:03,120 [Listener at 127.0.0.1/11936] INFO  handler.ContextHandler (ContextHandler.java:doStop(1153)) - Stopped o.e.j.s.ServletContextHandler@5b6bd7fb{logs,/logs,file:///home/runner/work/ozone/ozone/hadoop-ozone/integration-test/target/log,STOPPED}
2021-08-21 01:44:03,125 [Listener at 127.0.0.1/11936] INFO  ozone.MiniOzoneHAClusterImpl (MiniOzoneHAClusterImpl.java:stop(298)) - Stopping the OzoneManager omNode-1
2021-08-21 01:44:03,125 [Listener at 127.0.0.1/11936] INFO  om.OzoneManager (OzoneManager.java:stop(1632)) - Stopping Ozone Manager
2021-08-21 01:44:03,126 [Listener at 127.0.0.1/11936] INFO  ipc.Server (Server.java:stop(3414)) - Stopping server on 11924
2021-08-21 01:44:03,126 [grpc-default-executor-0] WARN  server.GrpcLogAppender (LogUtils.java:warn(122)) - omNode-2@group-523986131536->omNode-3-InstallSnapshotResponseHandler: Failed InstallSnapshot: org.apache.ratis.thirdparty.io.grpc.StatusRuntimeException: UNAVAILABLE: io exception
2021-08-21 01:44:03,126 [IPC Server listener on 11924] INFO  ipc.Server (Server.java:run(1376)) - Stopping IPC Server listener on 11924
2021-08-21 01:44:03,127 [IPC Server Responder] INFO  ipc.Server (Server.java:run(1512)) - Stopping IPC Server Responder
2021-08-21 01:44:03,127 [grpc-default-executor-0] INFO  leader.FollowerInfo (FollowerInfoImpl.java:lambda$new$0(46)) - omNode-2@group-523986131536->omNode-3: nextIndex: updateUnconditionally 4 -> 3
2021-08-21 01:44:03,130 [omNode-2@group-523986131536->omNode-3-GrpcLogAppender-LogAppenderDaemon] INFO  server.GrpcLogAppender (GrpcLogAppender.java:installSnapshot(524)) - omNode-2@group-523986131536->omNode-3-GrpcLogAppender: followerNextIndex = 3 but logStartIndex = -1, notify follower to install snapshot-(t:2, i:5)
2021-08-21 01:44:03,130 [omNode-2@group-523986131536->omNode-3-GrpcLogAppender-LogAppenderDaemon] INFO  server.GrpcLogAppender (GrpcLogAppender.java:installSnapshot(532)) - omNode-2@group-523986131536->omNode-3-GrpcLogAppender: send omNode-2->omNode-3#0-t2,notify:(t:2, i:5)
2021-08-21 01:44:03,132 [grpc-default-executor-3] WARN  server.GrpcLogAppender (LogUtils.java:warn(122)) - omNode-2@group-523986131536->omNode-3-AppendLogResponseHandler: Failed appendEntries: org.apache.ratis.thirdparty.io.grpc.StatusRuntimeException: UNAVAILABLE: io exception
2021-08-21 01:44:03,132 [grpc-default-executor-0] WARN  server.GrpcLogAppender (LogUtils.java:warn(122)) - omNode-2@group-523986131536->omNode-3-InstallSnapshotResponseHandler: Failed InstallSnapshot: org.apache.ratis.thirdparty.io.grpc.StatusRuntimeException: UNAVAILABLE: io exception
2021-08-21 01:44:03,133 [grpc-default-executor-3] INFO  leader.FollowerInfo (FollowerInfoImpl.java:lambda$new$0(46)) - omNode-2@group-523986131536->omNode-3: nextIndex: updateUnconditionally 3 -> 2
2021-08-21 01:44:03,131 [Listener at 127.0.0.1/11936] INFO  server.RaftServer (RaftServerProxy.java:lambda$close$6(391)) - omNode-1: close
2021-08-21 01:44:03,133 [Listener at 127.0.0.1/11936] INFO  server.RaftServer$Division (RaftServerImpl.java:lambda$close$4(407)) - omNode-1@group-523986131536: shutdown
2021-08-21 01:44:03,133 [Listener at 127.0.0.1/11936] INFO  util.JmxRegister (JmxRegister.java:unregister(73)) - Successfully un-registered JMX Bean with object name Ratis:service=RaftServer,group=group-523986131536,id=omNode-1
2021-08-21 01:44:03,133 [Listener at 127.0.0.1/11936] INFO  impl.RoleInfo (RoleInfo.java:shutdownFollowerState(108)) - omNode-1: shutdown omNode-1@group-523986131536-FollowerState
2021-08-21 01:44:03,133 [Listener at 127.0.0.1/11936] INFO  impl.StateMachineUpdater (StateMachineUpdater.java:stopAndJoin(149)) - omNode-1@group-523986131536-StateMachineUpdater: set stopIndex = 4
2021-08-21 01:44:03,134 [omNode-1@group-523986131536-FollowerState] INFO  impl.FollowerState (FollowerState.java:run(143)) - omNode-1@group-523986131536-FollowerState was interrupted: {}
java.lang.InterruptedException: sleep interrupted
	at java.lang.Thread.sleep(Native Method)
	at java.lang.Thread.sleep(Thread.java:340)
	at java.util.concurrent.TimeUnit.sleep(TimeUnit.java:386)
	at org.apache.ratis.util.TimeDuration.sleep(TimeDuration.java:324)
	at org.apache.ratis.util.TimeDuration.sleep(TimeDuration.java:309)
	at org.apache.ratis.server.impl.FollowerState.run(FollowerState.java:118)
2021-08-21 01:44:03,134 [omNode-1@group-523986131536-StateMachineUpdater] INFO  ratis.OzoneManagerStateMachine (OzoneManagerStateMachine.java:takeSnapshot(417)) - Current Snapshot Index (t:2, i:4)
2021-08-21 01:44:03,134 [omNode-1@group-523986131536-StateMachineUpdater] INFO  impl.StateMachineUpdater (StateMachineUpdater.java:takeSnapshot(281)) - omNode-1@group-523986131536-StateMachineUpdater: Took a snapshot at index 4
2021-08-21 01:44:03,134 [omNode-1@group-523986131536-StateMachineUpdater] INFO  impl.StateMachineUpdater (StateMachineUpdater.java:lambda$new$0(89)) - omNode-1@group-523986131536-StateMachineUpdater: snapshotIndex: updateIncreasingly -1 -> 4
2021-08-21 01:44:03,134 [omNode-1@group-523986131536-StateMachineUpdater] INFO  ratis.OzoneManagerStateMachine (OzoneManagerStateMachine.java:close(471)) - StateMachine has shutdown. Shutdown OzoneManager if not already shutdown.
2021-08-21 01:44:03,135 [Listener at 127.0.0.1/11936] INFO  server.RaftServer$Division (ServerState.java:close(419)) - omNode-1@group-523986131536: closes. applyIndex: 4
2021-08-21 01:44:03,135 [omNode-1@group-523986131536-SegmentedRaftLogWorker] INFO  segmented.SegmentedRaftLogWorker (SegmentedRaftLogWorker.java:run(327)) - omNode-1@group-523986131536-SegmentedRaftLogWorker was interrupted, exiting. There are 0 tasks remaining in the queue.
2021-08-21 01:44:03,135 [Listener at 127.0.0.1/11936] INFO  segmented.SegmentedRaftLogWorker (SegmentedRaftLogWorker.java:close(237)) - omNode-1@group-523986131536-SegmentedRaftLogWorker close()
2021-08-21 01:44:03,135 [grpc-default-executor-0] INFO  leader.FollowerInfo (FollowerInfoImpl.java:lambda$new$0(46)) - omNode-2@group-523986131536->omNode-3: nextIndex: updateUnconditionally 2 -> 1
2021-08-21 01:44:03,138 [Listener at 127.0.0.1/11936] INFO  server.GrpcService (GrpcService.java:closeImpl(262)) - omNode-1: shutdown server with port 11928 now
2021-08-21 01:44:03,143 [grpc-default-executor-3] WARN  server.GrpcServerProtocolService (LogUtils.java:warn(122)) - omNode-1: installSnapshot onError, lastRequest: omNode-2->omNode-1#77-t2,previous=(t:2, i:3),leaderCommit=3,initializing? true,entries: size=1, first=(t:2, i:4), METADATAENTRY(c:2): org.apache.ratis.thirdparty.io.grpc.StatusRuntimeException: CANCELLED: client cancelled
2021-08-21 01:44:03,143 [omNode-2@group-523986131536->omNode-3-GrpcLogAppender-LogAppenderDaemon] INFO  server.GrpcLogAppender (GrpcLogAppender.java:installSnapshot(524)) - omNode-2@group-523986131536->omNode-3-GrpcLogAppender: followerNextIndex = 1 but logStartIndex = -1, notify follower to install snapshot-(t:2, i:5)
2021-08-21 01:44:03,143 [grpc-default-executor-0] WARN  server.GrpcLogAppender (LogUtils.java:warn(122)) - omNode-2@group-523986131536->omNode-3-AppendLogResponseHandler: Failed appendEntries: org.apache.ratis.thirdparty.io.grpc.StatusRuntimeException: UNAVAILABLE: io exception
2021-08-21 01:44:03,145 [omNode-2@group-523986131536->omNode-3-GrpcLogAppender-LogAppenderDaemon] INFO  server.GrpcLogAppender (GrpcLogAppender.java:installSnapshot(532)) - omNode-2@group-523986131536->omNode-3-GrpcLogAppender: send omNode-2->omNode-3#0-t2,notify:(t:2, i:5)
2021-08-21 01:44:03,145 [grpc-default-executor-3] WARN  server.GrpcLogAppender (LogUtils.java:warn(122)) - omNode-2@group-523986131536->omNode-3-InstallSnapshotResponseHandler: Failed InstallSnapshot: org.apache.ratis.thirdparty.io.grpc.StatusRuntimeException: UNAVAILABLE: io exception
2021-08-21 01:44:03,145 [Listener at 127.0.0.1/11936] INFO  server.GrpcService (GrpcService.java:closeImpl(271)) - omNode-1: shutdown server with port 11928 successfully
2021-08-21 01:44:03,145 [grpc-default-executor-0] INFO  leader.FollowerInfo (FollowerInfoImpl.java:lambda$new$0(46)) - omNode-2@group-523986131536->omNode-3: nextIndex: updateUnconditionally 1 -> 0
2021-08-21 01:44:03,145 [org.apache.ratis.util.JvmPauseMonitor$$Lambda$536/1549433175@e5f6a52] INFO  util.JvmPauseMonitor (JvmPauseMonitor.java:run(109)) - JvmPauseMonitor-omNode-1: Stopped
2021-08-21 01:44:03,145 [grpc-default-executor-3] INFO  leader.FollowerInfo (FollowerInfoImpl.java:lambda$new$0(46)) - omNode-2@group-523986131536->omNode-3: nextIndex: updateUnconditionally 0 -> 0
2021-08-21 01:44:03,145 [Listener at 127.0.0.1/11936] INFO  ratis.OzoneManagerDoubleBuffer (OzoneManagerDoubleBuffer.java:stop(437)) - Stopping OMDoubleBuffer flush thread
2021-08-21 01:44:03,146 [omNode-2@group-523986131536->omNode-3-GrpcLogAppender-LogAppenderDaemon] INFO  server.GrpcLogAppender (GrpcLogAppender.java:installSnapshot(524)) - omNode-2@group-523986131536->omNode-3-GrpcLogAppender: followerNextIndex = 0 but logStartIndex = -1, notify follower to install snapshot-(t:2, i:5)
2021-08-21 01:44:03,146 [OMDoubleBufferFlushThread] INFO  ratis.OzoneManagerDoubleBuffer (OzoneManagerDoubleBuffer.java:flushTransactions(356)) - OMDoubleBuffer flush thread OMDoubleBufferFlushThread is interrupted and will exit. OMDoubleBufferFlushThread
2021-08-21 01:44:03,146 [omNode-2@group-523986131536->omNode-3-GrpcLogAppender-LogAppenderDaemon] INFO  server.GrpcLogAppender (GrpcLogAppender.java:installSnapshot(532)) - omNode-2@group-523986131536->omNode-3-GrpcLogAppender: send omNode-2->omNode-3#0-t2,notify:(t:2, i:5)
2021-08-21 01:44:03,146 [Listener at 127.0.0.1/11936] INFO  utils.BackgroundService (BackgroundService.java:shutdown(132)) - Shutting down service KeyDeletingService
2021-08-21 01:44:03,148 [Listener at 127.0.0.1/11936] INFO  handler.ContextHandler (ContextHandler.java:doStop(1153)) - Stopped o.e.j.w.WebAppContext@43b3054c{ozoneManager,/,null,STOPPED}{file:/home/runner/work/ozone/ozone/hadoop-ozone/integration-test/target/test-classes/webapps/ozoneManager}
2021-08-21 01:44:03,149 [Listener at 127.0.0.1/11936] INFO  server.AbstractConnector (AbstractConnector.java:doStop(381)) - Stopped ServerConnector@5948ed66{HTTP/1.1, (http/1.1)}{0.0.0.0:11926}
2021-08-21 01:44:03,149 [Listener at 127.0.0.1/11936] INFO  server.session (HouseKeeper.java:stopScavenging(149)) - node0 Stopped scavenging
2021-08-21 01:44:03,150 [Listener at 127.0.0.1/11936] INFO  handler.ContextHandler (ContextHandler.java:doStop(1153)) - Stopped o.e.j.s.ServletContextHandler@2855c663{static,/static,file:///home/runner/work/ozone/ozone/hadoop-ozone/integration-test/target/test-classes/webapps/static,STOPPED}
2021-08-21 01:44:03,150 [Listener at 127.0.0.1/11936] INFO  handler.ContextHandler (ContextHandler.java:doStop(1153)) - Stopped o.e.j.s.ServletContextHandler@5675da53{logs,/logs,file:///home/runner/work/ozone/ozone/hadoop-ozone/integration-test/target/log,STOPPED}
2021-08-21 01:44:03,152 [grpc-default-executor-4] WARN  server.GrpcLogAppender (LogUtils.java:warn(122)) - omNode-2@group-523986131536->omNode-1-AppendLogResponseHandler: Failed appendEntries: org.apache.ratis.thirdparty.io.grpc.StatusRuntimeException: CANCELLED: HTTP/2 error code: CANCEL
Received Rst Stream
2021-08-21 01:44:03,152 [grpc-default-executor-4] INFO  leader.FollowerInfo (FollowerInfoImpl.java:lambda$new$0(46)) - omNode-2@group-523986131536->omNode-1: nextIndex: updateUnconditionally 5 -> 4
2021-08-21 01:44:03,152 [grpc-default-executor-0] WARN  server.GrpcLogAppender (LogUtils.java:warn(122)) - omNode-2@group-523986131536->omNode-3-InstallSnapshotResponseHandler: Failed InstallSnapshot: org.apache.ratis.thirdparty.io.grpc.StatusRuntimeException: UNAVAILABLE: io exception
2021-08-21 01:44:03,152 [grpc-default-executor-0] INFO  leader.FollowerInfo (FollowerInfoImpl.java:lambda$new$0(46)) - omNode-2@group-523986131536->omNode-3: nextIndex: updateUnconditionally 0 -> 0
2021-08-21 01:44:03,152 [grpc-default-executor-0] WARN  server.GrpcLogAppender (LogUtils.java:warn(122)) - omNode-2@group-523986131536->omNode-3-AppendLogResponseHandler: Failed appendEntries: org.apache.ratis.thirdparty.io.grpc.StatusRuntimeException: UNAVAILABLE: io exception
2021-08-21 01:44:03,152 [omNode-2@group-523986131536->omNode-3-GrpcLogAppender-LogAppenderDaemon] INFO  server.GrpcLogAppender (GrpcLogAppender.java:installSnapshot(524)) - omNode-2@group-523986131536->omNode-3-GrpcLogAppender: followerNextIndex = 0 but logStartIndex = -1, notify follower to install snapshot-(t:2, i:5)
2021-08-21 01:44:03,153 [grpc-default-executor-0] INFO  leader.FollowerInfo (FollowerInfoImpl.java:lambda$new$0(46)) - omNode-2@group-523986131536->omNode-3: nextIndex: updateUnconditionally 0 -> 0
2021-08-21 01:44:03,153 [omNode-2@group-523986131536->omNode-3-GrpcLogAppender-LogAppenderDaemon] INFO  server.GrpcLogAppender (GrpcLogAppender.java:installSnapshot(532)) - omNode-2@group-523986131536->omNode-3-GrpcLogAppender: send omNode-2->omNode-3#0-t2,notify:(t:2, i:5)
2021-08-21 01:44:03,153 [grpc-default-executor-0] WARN  server.GrpcLogAppender (LogUtils.java:warn(122)) - omNode-2@group-523986131536->omNode-3-InstallSnapshotResponseHandler: Failed InstallSnapshot: org.apache.ratis.thirdparty.io.grpc.StatusRuntimeException: UNAVAILABLE: io exception
2021-08-21 01:44:03,153 [grpc-default-executor-0] INFO  leader.FollowerInfo (FollowerInfoImpl.java:lambda$new$0(46)) - omNode-2@group-523986131536->omNode-3: nextIndex: updateUnconditionally 0 -> 0
2021-08-21 01:44:03,153 [grpc-default-executor-0] WARN  server.GrpcLogAppender (LogUtils.java:warn(122)) - omNode-2@group-523986131536->omNode-3-AppendLogResponseHandler: Failed appendEntries: org.apache.ratis.thirdparty.io.grpc.StatusRuntimeException: UNAVAILABLE: io exception
2021-08-21 01:44:03,153 [omNode-2@group-523986131536->omNode-3-GrpcLogAppender-LogAppenderDaemon] INFO  server.GrpcLogAppender (GrpcLogAppender.java:installSnapshot(524)) - omNode-2@group-523986131536->omNode-3-GrpcLogAppender: followerNextIndex = 0 but logStartIndex = -1, notify follower to install snapshot-(t:2, i:5)
2021-08-21 01:44:03,153 [grpc-default-executor-0] INFO  leader.FollowerInfo (FollowerInfoImpl.java:lambda$new$0(46)) - omNode-2@group-523986131536->omNode-3: nextIndex: updateUnconditionally 0 -> 0
2021-08-21 01:44:03,153 [omNode-2@group-523986131536->omNode-3-GrpcLogAppender-LogAppenderDaemon] INFO  server.GrpcLogAppender (GrpcLogAppender.java:installSnapshot(532)) - omNode-2@group-523986131536->omNode-3-GrpcLogAppender: send omNode-2->omNode-3#0-t2,notify:(t:2, i:5)
2021-08-21 01:44:03,153 [grpc-default-executor-0] WARN  server.GrpcLogAppender (LogUtils.java:warn(122)) - omNode-2@group-523986131536->omNode-3-InstallSnapshotResponseHandler: Failed InstallSnapshot: org.apache.ratis.thirdparty.io.grpc.StatusRuntimeException: UNAVAILABLE: io exception
2021-08-21 01:44:03,154 [grpc-default-executor-0] INFO  leader.FollowerInfo (FollowerInfoImpl.java:lambda$new$0(46)) - omNode-2@group-523986131536->omNode-3: nextIndex: updateUnconditionally 0 -> 0
2021-08-21 01:44:03,154 [omNode-2@group-523986131536->omNode-3-GrpcLogAppender-LogAppenderDaemon] INFO  server.GrpcLogAppender (GrpcLogAppender.java:installSnapshot(524)) - omNode-2@group-523986131536->omNode-3-GrpcLogAppender: followerNextIndex = 0 but logStartIndex = -1, notify follower to install snapshot-(t:2, i:5)
2021-08-21 01:44:03,154 [grpc-default-executor-0] WARN  server.GrpcLogAppender (LogUtils.java:warn(122)) - omNode-2@group-523986131536->omNode-3-AppendLogResponseHandler: Failed appendEntries: org.apache.ratis.thirdparty.io.grpc.StatusRuntimeException: UNAVAILABLE: io exception
2021-08-21 01:44:03,154 [omNode-2@group-523986131536->omNode-3-GrpcLogAppender-LogAppenderDaemon] INFO  server.GrpcLogAppender (GrpcLogAppender.java:installSnapshot(532)) - omNode-2@group-523986131536->omNode-3-GrpcLogAppender: send omNode-2->omNode-3#0-t2,notify:(t:2, i:5)
2021-08-21 01:44:03,154 [grpc-default-executor-0] INFO  leader.FollowerInfo (FollowerInfoImpl.java:lambda$new$0(46)) - omNode-2@group-523986131536->omNode-3: nextIndex: updateUnconditionally 0 -> 0
2021-08-21 01:44:03,154 [grpc-default-executor-3] WARN  server.GrpcLogAppender (LogUtils.java:warn(122)) - omNode-2@group-523986131536->omNode-3-InstallSnapshotResponseHandler: Failed InstallSnapshot: org.apache.ratis.thirdparty.io.grpc.StatusRuntimeException: UNAVAILABLE: io exception
2021-08-21 01:44:03,154 [grpc-default-executor-3] INFO  leader.FollowerInfo (FollowerInfoImpl.java:lambda$new$0(46)) - omNode-2@group-523986131536->omNode-3: nextIndex: updateUnconditionally 0 -> 0
2021-08-21 01:44:03,154 [grpc-default-executor-3] WARN  server.GrpcLogAppender (LogUtils.java:warn(122)) - omNode-2@group-523986131536->omNode-3-AppendLogResponseHandler: Failed appendEntries: org.apache.ratis.thirdparty.io.grpc.StatusRuntimeException: UNAVAILABLE: io exception
2021-08-21 01:44:03,154 [omNode-2@group-523986131536->omNode-3-GrpcLogAppender-LogAppenderDaemon] INFO  server.GrpcLogAppender (GrpcLogAppender.java:installSnapshot(524)) - omNode-2@group-523986131536->omNode-3-GrpcLogAppender: followerNextIndex = 0 but logStartIndex = -1, notify follower to install snapshot-(t:2, i:5)
2021-08-21 01:44:03,154 [grpc-default-executor-3] INFO  leader.FollowerInfo (FollowerInfoImpl.java:lambda$new$0(46)) - omNode-2@group-523986131536->omNode-3: nextIndex: updateUnconditionally 0 -> 0
2021-08-21 01:44:03,154 [omNode-2@group-523986131536->omNode-3-GrpcLogAppender-LogAppenderDaemon] INFO  server.GrpcLogAppender (GrpcLogAppender.java:installSnapshot(532)) - omNode-2@group-523986131536->omNode-3-GrpcLogAppender: send omNode-2->omNode-3#0-t2,notify:(t:2, i:5)
2021-08-21 01:44:03,160 [omNode-2@group-523986131536->omNode-1-GrpcLogAppender-LogAppenderDaemon] INFO  server.GrpcLogAppender (GrpcLogAppender.java:installSnapshot(524)) - omNode-2@group-523986131536->omNode-1-GrpcLogAppender: followerNextIndex = 4 but logStartIndex = -1, notify follower to install snapshot-(t:2, i:5)
2021-08-21 01:44:03,160 [grpc-default-executor-3] WARN  server.GrpcLogAppender (LogUtils.java:warn(122)) - omNode-2@group-523986131536->omNode-3-InstallSnapshotResponseHandler: Failed InstallSnapshot: org.apache.ratis.thirdparty.io.grpc.StatusRuntimeException: UNAVAILABLE: io exception
2021-08-21 01:44:03,161 [grpc-default-executor-3] INFO  leader.FollowerInfo (FollowerInfoImpl.java:lambda$new$0(46)) - omNode-2@group-523986131536->omNode-3: nextIndex: updateUnconditionally 0 -> 0
2021-08-21 01:44:03,161 [omNode-2@group-523986131536->omNode-3-GrpcLogAppender-LogAppenderDaemon] INFO  server.GrpcLogAppender (GrpcLogAppender.java:installSnapshot(524)) - omNode-2@group-523986131536->omNode-3-GrpcLogAppender: followerNextIndex = 0 but logStartIndex = -1, notify follower to install snapshot-(t:2, i:5)
2021-08-21 01:44:03,161 [omNode-2@group-523986131536->omNode-3-GrpcLogAppender-LogAppenderDaemon] INFO  server.GrpcLogAppender (GrpcLogAppender.java:installSnapshot(532)) - omNode-2@group-523986131536->omNode-3-GrpcLogAppender: send omNode-2->omNode-3#0-t2,notify:(t:2, i:5)
2021-08-21 01:44:03,162 [grpc-default-executor-3] WARN  server.GrpcLogAppender (LogUtils.java:warn(122)) - omNode-2@group-523986131536->omNode-3-AppendLogResponseHandler: Failed appendEntries: org.apache.ratis.thirdparty.io.grpc.StatusRuntimeException: UNAVAILABLE: io exception
2021-08-21 01:44:03,156 [Listener at 127.0.0.1/11936] INFO  ozone.MiniOzoneHAClusterImpl (MiniOzoneHAClusterImpl.java:stop(298)) - Stopping the OzoneManager omNode-2
2021-08-21 01:44:03,162 [Listener at 127.0.0.1/11936] INFO  om.OzoneManager (OzoneManager.java:stop(1632)) - Stopping Ozone Manager
2021-08-21 01:44:03,162 [grpc-default-executor-3] INFO  leader.FollowerInfo (FollowerInfoImpl.java:lambda$new$0(46)) - omNode-2@group-523986131536->omNode-3: nextIndex: updateUnconditionally 0 -> 0
2021-08-21 01:44:03,160 [omNode-2@group-523986131536->omNode-1-GrpcLogAppender-LogAppenderDaemon] INFO  server.GrpcLogAppender (GrpcLogAppender.java:installSnapshot(532)) - omNode-2@group-523986131536->omNode-1-GrpcLogAppender: send omNode-2->omNode-1#0-t2,notify:(t:2, i:5)
2021-08-21 01:44:03,164 [grpc-default-executor-0] WARN  server.GrpcLogAppender (LogUtils.java:warn(122)) - omNode-2@group-523986131536->omNode-3-AppendLogResponseHandler: Failed appendEntries: org.apache.ratis.thirdparty.io.grpc.StatusRuntimeException: UNAVAILABLE: io exception
2021-08-21 01:44:03,165 [grpc-default-executor-0] INFO  leader.FollowerInfo (FollowerInfoImpl.java:lambda$new$0(46)) - omNode-2@group-523986131536->omNode-3: nextIndex: updateUnconditionally 0 -> 0
2021-08-21 01:44:03,165 [grpc-default-executor-0] WARN  server.GrpcLogAppender (LogUtils.java:warn(122)) - omNode-2@group-523986131536->omNode-3-InstallSnapshotResponseHandler: Failed InstallSnapshot: org.apache.ratis.thirdparty.io.grpc.StatusRuntimeException: UNAVAILABLE: io exception
2021-08-21 01:44:03,165 [grpc-default-executor-0] INFO  leader.FollowerInfo (FollowerInfoImpl.java:lambda$new$0(46)) - omNode-2@group-523986131536->omNode-3: nextIndex: updateUnconditionally 0 -> 0
2021-08-21 01:44:03,165 [omNode-2@group-523986131536->omNode-3-GrpcLogAppender-LogAppenderDaemon] INFO  server.GrpcLogAppender (GrpcLogAppender.java:installSnapshot(524)) - omNode-2@group-523986131536->omNode-3-GrpcLogAppender: followerNextIndex = 0 but logStartIndex = -1, notify follower to install snapshot-(t:2, i:5)
2021-08-21 01:44:03,165 [omNode-2@group-523986131536->omNode-3-GrpcLogAppender-LogAppenderDaemon] INFO  server.GrpcLogAppender (GrpcLogAppender.java:installSnapshot(532)) - omNode-2@group-523986131536->omNode-3-GrpcLogAppender: send omNode-2->omNode-3#0-t2,notify:(t:2, i:5)
2021-08-21 01:44:03,166 [grpc-default-executor-3] WARN  server.GrpcLogAppender (LogUtils.java:warn(122)) - omNode-2@group-523986131536->omNode-3-AppendLogResponseHandler: Failed appendEntries: org.apache.ratis.thirdparty.io.grpc.StatusRuntimeException: UNAVAILABLE: io exception
2021-08-21 01:44:03,166 [grpc-default-executor-3] INFO  leader.FollowerInfo (FollowerInfoImpl.java:lambda$new$0(46)) - omNode-2@group-523986131536->omNode-3: nextIndex: updateUnconditionally 0 -> 0
2021-08-21 01:44:03,166 [grpc-default-executor-3] WARN  server.GrpcLogAppender (LogUtils.java:warn(122)) - omNode-2@group-523986131536->omNode-3-InstallSnapshotResponseHandler: Failed InstallSnapshot: org.apache.ratis.thirdparty.io.grpc.StatusRuntimeException: UNAVAILABLE: io exception
2021-08-21 01:44:03,166 [grpc-default-executor-3] INFO  leader.FollowerInfo (FollowerInfoImpl.java:lambda$new$0(46)) - omNode-2@group-523986131536->omNode-3: nextIndex: updateUnconditionally 0 -> 0
2021-08-21 01:44:03,166 [omNode-2@group-523986131536->omNode-3-GrpcLogAppender-LogAppenderDaemon] INFO  server.GrpcLogAppender (GrpcLogAppender.java:installSnapshot(524)) - omNode-2@group-523986131536->omNode-3-GrpcLogAppender: followerNextIndex = 0 but logStartIndex = -1, notify follower to install snapshot-(t:2, i:5)
2021-08-21 01:44:03,166 [omNode-2@group-523986131536->omNode-3-GrpcLogAppender-LogAppenderDaemon] INFO  server.GrpcLogAppender (GrpcLogAppender.java:installSnapshot(532)) - omNode-2@group-523986131536->omNode-3-GrpcLogAppender: send omNode-2->omNode-3#0-t2,notify:(t:2, i:5)
2021-08-21 01:44:03,167 [grpc-default-executor-4] WARN  server.GrpcLogAppender (LogUtils.java:warn(122)) - omNode-2@group-523986131536->omNode-1-InstallSnapshotResponseHandler: Failed InstallSnapshot: org.apache.ratis.thirdparty.io.grpc.StatusRuntimeException: UNAVAILABLE: io exception
2021-08-21 01:44:03,168 [grpc-default-executor-4] INFO  leader.FollowerInfo (FollowerInfoImpl.java:lambda$new$0(46)) - omNode-2@group-523986131536->omNode-1: nextIndex: updateUnconditionally 4 -> 3
2021-08-21 01:44:03,168 [omNode-2@group-523986131536->omNode-1-GrpcLogAppender-LogAppenderDaemon] INFO  server.GrpcLogAppender (GrpcLogAppender.java:installSnapshot(524)) - omNode-2@group-523986131536->omNode-1-GrpcLogAppender: followerNextIndex = 3 but logStartIndex = -1, notify follower to install snapshot-(t:2, i:5)
2021-08-21 01:44:03,168 [omNode-2@group-523986131536->omNode-1-GrpcLogAppender-LogAppenderDaemon] INFO  server.GrpcLogAppender (GrpcLogAppender.java:installSnapshot(532)) - omNode-2@group-523986131536->omNode-1-GrpcLogAppender: send omNode-2->omNode-1#0-t2,notify:(t:2, i:5)
2021-08-21 01:44:03,171 [grpc-default-executor-0] WARN  server.GrpcLogAppender (LogUtils.java:warn(122)) - omNode-2@group-523986131536->omNode-1-AppendLogResponseHandler: Failed appendEntries: org.apache.ratis.thirdparty.io.grpc.StatusRuntimeException: UNAVAILABLE: io exception
2021-08-21 01:44:03,171 [grpc-default-executor-0] INFO  leader.FollowerInfo (FollowerInfoImpl.java:lambda$new$0(46)) - omNode-2@group-523986131536->omNode-1: nextIndex: updateUnconditionally 3 -> 2
2021-08-21 01:44:03,162 [Listener at 127.0.0.1/11936] INFO  ipc.Server (Server.java:stop(3414)) - Stopping server on 11930
2021-08-21 01:44:03,171 [grpc-default-executor-4] WARN  server.GrpcLogAppender (LogUtils.java:warn(122)) - omNode-2@group-523986131536->omNode-1-InstallSnapshotResponseHandler: Failed InstallSnapshot: org.apache.ratis.thirdparty.io.grpc.StatusRuntimeException: UNAVAILABLE: io exception
2021-08-21 01:44:03,171 [grpc-default-executor-4] INFO  leader.FollowerInfo (FollowerInfoImpl.java:lambda$new$0(46)) - omNode-2@group-523986131536->omNode-1: nextIndex: updateUnconditionally 2 -> 1
2021-08-21 01:44:03,172 [omNode-2@group-523986131536->omNode-1-GrpcLogAppender-LogAppenderDaemon] INFO  server.GrpcLogAppender (GrpcLogAppender.java:installSnapshot(524)) - omNode-2@group-523986131536->omNode-1-GrpcLogAppender: followerNextIndex = 1 but logStartIndex = -1, notify follower to install snapshot-(t:2, i:5)
2021-08-21 01:44:03,172 [omNode-2@group-523986131536->omNode-1-GrpcLogAppender-LogAppenderDaemon] INFO  server.GrpcLogAppender (GrpcLogAppender.java:installSnapshot(532)) - omNode-2@group-523986131536->omNode-1-GrpcLogAppender: send omNode-2->omNode-1#0-t2,notify:(t:2, i:5)
2021-08-21 01:44:03,174 [grpc-default-executor-3] WARN  server.GrpcLogAppender (LogUtils.java:warn(122)) - omNode-2@group-523986131536->omNode-3-AppendLogResponseHandler: Failed appendEntries: org.apache.ratis.thirdparty.io.grpc.StatusRuntimeException: UNAVAILABLE: io exception
2021-08-21 01:44:03,174 [grpc-default-executor-3] INFO  leader.FollowerInfo (FollowerInfoImpl.java:lambda$new$0(46)) - omNode-2@group-523986131536->omNode-3: nextIndex: updateUnconditionally 0 -> 0
2021-08-21 01:44:03,175 [grpc-default-executor-4] WARN  server.GrpcLogAppender (LogUtils.java:warn(122)) - omNode-2@group-523986131536->omNode-3-InstallSnapshotResponseHandler: Failed InstallSnapshot: org.apache.ratis.thirdparty.io.grpc.StatusRuntimeException: UNAVAILABLE: io exception
2021-08-21 01:44:03,175 [grpc-default-executor-4] INFO  leader.FollowerInfo (FollowerInfoImpl.java:lambda$new$0(46)) - omNode-2@group-523986131536->omNode-3: nextIndex: updateUnconditionally 0 -> 0
2021-08-21 01:44:03,175 [omNode-2@group-523986131536->omNode-3-GrpcLogAppender-LogAppenderDaemon] INFO  server.GrpcLogAppender (GrpcLogAppender.java:installSnapshot(524)) - omNode-2@group-523986131536->omNode-3-GrpcLogAppender: followerNextIndex = 0 but logStartIndex = -1, notify follower to install snapshot-(t:2, i:5)
2021-08-21 01:44:03,175 [omNode-2@group-523986131536->omNode-3-GrpcLogAppender-LogAppenderDaemon] INFO  server.GrpcLogAppender (GrpcLogAppender.java:installSnapshot(532)) - omNode-2@group-523986131536->omNode-3-GrpcLogAppender: send omNode-2->omNode-3#0-t2,notify:(t:2, i:5)
2021-08-21 01:44:03,176 [grpc-default-executor-0] WARN  server.GrpcLogAppender (LogUtils.java:warn(122)) - omNode-2@group-523986131536->omNode-1-AppendLogResponseHandler: Failed appendEntries: org.apache.ratis.thirdparty.io.grpc.StatusRuntimeException: UNAVAILABLE: io exception
2021-08-21 01:44:03,176 [grpc-default-executor-0] INFO  leader.FollowerInfo (FollowerInfoImpl.java:lambda$new$0(46)) - omNode-2@group-523986131536->omNode-1: nextIndex: updateUnconditionally 1 -> 0
2021-08-21 01:44:03,176 [grpc-default-executor-4] WARN  server.GrpcLogAppender (LogUtils.java:warn(122)) - omNode-2@group-523986131536->omNode-1-InstallSnapshotResponseHandler: Failed InstallSnapshot: org.apache.ratis.thirdparty.io.grpc.StatusRuntimeException: UNAVAILABLE: io exception
2021-08-21 01:44:03,176 [grpc-default-executor-4] INFO  leader.FollowerInfo (FollowerInfoImpl.java:lambda$new$0(46)) - omNode-2@group-523986131536->omNode-1: nextIndex: updateUnconditionally 0 -> 0
2021-08-21 01:44:03,177 [omNode-2@group-523986131536->omNode-1-GrpcLogAppender-LogAppenderDaemon] INFO  server.GrpcLogAppender (GrpcLogAppender.java:installSnapshot(524)) - omNode-2@group-523986131536->omNode-1-GrpcLogAppender: followerNextIndex = 0 but logStartIndex = -1, notify follower to install snapshot-(t:2, i:5)
2021-08-21 01:44:03,177 [omNode-2@group-523986131536->omNode-1-GrpcLogAppender-LogAppenderDaemon] INFO  server.GrpcLogAppender (GrpcLogAppender.java:installSnapshot(532)) - omNode-2@group-523986131536->omNode-1-GrpcLogAppender: send omNode-2->omNode-1#0-t2,notify:(t:2, i:5)
2021-08-21 01:44:03,178 [grpc-default-executor-3] WARN  server.GrpcLogAppender (LogUtils.java:warn(122)) - omNode-2@group-523986131536->omNode-3-AppendLogResponseHandler: Failed appendEntries: org.apache.ratis.thirdparty.io.grpc.StatusRuntimeException: UNAVAILABLE: io exception
2021-08-21 01:44:03,178 [grpc-default-executor-3] INFO  leader.FollowerInfo (FollowerInfoImpl.java:lambda$new$0(46)) - omNode-2@group-523986131536->omNode-3: nextIndex: updateUnconditionally 0 -> 0
2021-08-21 01:44:03,178 [grpc-default-executor-4] WARN  server.GrpcLogAppender (LogUtils.java:warn(122)) - omNode-2@group-523986131536->omNode-3-InstallSnapshotResponseHandler: Failed InstallSnapshot: org.apache.ratis.thirdparty.io.grpc.StatusRuntimeException: UNAVAILABLE: io exception
2021-08-21 01:44:03,178 [grpc-default-executor-4] INFO  leader.FollowerInfo (FollowerInfoImpl.java:lambda$new$0(46)) - omNode-2@group-523986131536->omNode-3: nextIndex: updateUnconditionally 0 -> 0
2021-08-21 01:44:03,178 [omNode-2@group-523986131536->omNode-3-GrpcLogAppender-LogAppenderDaemon] INFO  server.GrpcLogAppender (GrpcLogAppender.java:installSnapshot(524)) - omNode-2@group-523986131536->omNode-3-GrpcLogAppender: followerNextIndex = 0 but logStartIndex = -1, notify follower to install snapshot-(t:2, i:5)
2021-08-21 01:44:03,178 [omNode-2@group-523986131536->omNode-3-GrpcLogAppender-LogAppenderDaemon] INFO  server.GrpcLogAppender (GrpcLogAppender.java:installSnapshot(532)) - omNode-2@group-523986131536->omNode-3-GrpcLogAppender: send omNode-2->omNode-3#0-t2,notify:(t:2, i:5)
2021-08-21 01:44:03,179 [grpc-default-executor-0] WARN  server.GrpcLogAppender (LogUtils.java:warn(122)) - omNode-2@group-523986131536->omNode-1-AppendLogResponseHandler: Failed appendEntries: org.apache.ratis.thirdparty.io.grpc.StatusRuntimeException: UNAVAILABLE: io exception
2021-08-21 01:44:03,179 [grpc-default-executor-0] INFO  leader.FollowerInfo (FollowerInfoImpl.java:lambda$new$0(46)) - omNode-2@group-523986131536->omNode-1: nextIndex: updateUnconditionally 0 -> 0
2021-08-21 01:44:03,184 [grpc-default-executor-0] WARN  server.GrpcLogAppender (LogUtils.java:warn(122)) - omNode-2@group-523986131536->omNode-1-InstallSnapshotResponseHandler: Failed InstallSnapshot: org.apache.ratis.thirdparty.io.grpc.StatusRuntimeException: UNAVAILABLE: io exception
2021-08-21 01:44:03,184 [grpc-default-executor-0] INFO  leader.FollowerInfo (FollowerInfoImpl.java:lambda$new$0(46)) - omNode-2@group-523986131536->omNode-1: nextIndex: updateUnconditionally 0 -> 0
2021-08-21 01:44:03,184 [omNode-2@group-523986131536->omNode-1-GrpcLogAppender-LogAppenderDaemon] INFO  server.GrpcLogAppender (GrpcLogAppender.java:installSnapshot(524)) - omNode-2@group-523986131536->omNode-1-GrpcLogAppender: followerNextIndex = 0 but logStartIndex = -1, notify follower to install snapshot-(t:2, i:5)
2021-08-21 01:44:03,184 [omNode-2@group-523986131536->omNode-1-GrpcLogAppender-LogAppenderDaemon] INFO  server.GrpcLogAppender (GrpcLogAppender.java:installSnapshot(532)) - omNode-2@group-523986131536->omNode-1-GrpcLogAppender: send omNode-2->omNode-1#0-t2,notify:(t:2, i:5)
2021-08-21 01:44:03,184 [grpc-default-executor-0] WARN  server.GrpcLogAppender (LogUtils.java:warn(122)) - omNode-2@group-523986131536->omNode-1-AppendLogResponseHandler: Failed appendEntries: org.apache.ratis.thirdparty.io.grpc.StatusRuntimeException: UNAVAILABLE: io exception
2021-08-21 01:44:03,185 [grpc-default-executor-0] INFO  leader.FollowerInfo (FollowerInfoImpl.java:lambda$new$0(46)) - omNode-2@group-523986131536->omNode-1: nextIndex: updateUnconditionally 0 -> 0
2021-08-21 01:44:03,185 [grpc-default-executor-3] WARN  server.GrpcLogAppender (LogUtils.java:warn(122)) - omNode-2@group-523986131536->omNode-1-InstallSnapshotResponseHandler: Failed InstallSnapshot: org.apache.ratis.thirdparty.io.grpc.StatusRuntimeException: UNAVAILABLE: io exception
2021-08-21 01:44:03,185 [grpc-default-executor-3] INFO  leader.FollowerInfo (FollowerInfoImpl.java:lambda$new$0(46)) - omNode-2@group-523986131536->omNode-1: nextIndex: updateUnconditionally 0 -> 0
2021-08-21 01:44:03,185 [IPC Server listener on 11930] INFO  ipc.Server (Server.java:run(1376)) - Stopping IPC Server listener on 11930
2021-08-21 01:44:03,185 [omNode-2@group-523986131536->omNode-1-GrpcLogAppender-LogAppenderDaemon] INFO  server.GrpcLogAppender (GrpcLogAppender.java:installSnapshot(524)) - omNode-2@group-523986131536->omNode-1-GrpcLogAppender: followerNextIndex = 0 but logStartIndex = -1, notify follower to install snapshot-(t:2, i:5)
2021-08-21 01:44:03,185 [omNode-2@group-523986131536->omNode-1-GrpcLogAppender-LogAppenderDaemon] INFO  server.GrpcLogAppender (GrpcLogAppender.java:installSnapshot(532)) - omNode-2@group-523986131536->omNode-1-GrpcLogAppender: send omNode-2->omNode-1#0-t2,notify:(t:2, i:5)
2021-08-21 01:44:03,185 [grpc-default-executor-3] WARN  server.GrpcLogAppender (LogUtils.java:warn(122)) - omNode-2@group-523986131536->omNode-1-AppendLogResponseHandler: Failed appendEntries: org.apache.ratis.thirdparty.io.grpc.StatusRuntimeException: UNAVAILABLE: io exception
2021-08-21 01:44:03,185 [grpc-default-executor-3] INFO  leader.FollowerInfo (FollowerInfoImpl.java:lambda$new$0(46)) - omNode-2@group-523986131536->omNode-1: nextIndex: updateUnconditionally 0 -> 0
2021-08-21 01:44:03,185 [grpc-default-executor-0] WARN  server.GrpcLogAppender (LogUtils.java:warn(122)) - omNode-2@group-523986131536->omNode-1-InstallSnapshotResponseHandler: Failed InstallSnapshot: org.apache.ratis.thirdparty.io.grpc.StatusRuntimeException: UNAVAILABLE: io exception
2021-08-21 01:44:03,185 [grpc-default-executor-0] INFO  leader.FollowerInfo (FollowerInfoImpl.java:lambda$new$0(46)) - omNode-2@group-523986131536->omNode-1: nextIndex: updateUnconditionally 0 -> 0
2021-08-21 01:44:03,186 [omNode-2@group-523986131536->omNode-1-GrpcLogAppender-LogAppenderDaemon] INFO  server.GrpcLogAppender (GrpcLogAppender.java:installSnapshot(524)) - omNode-2@group-523986131536->omNode-1-GrpcLogAppender: followerNextIndex = 0 but logStartIndex = -1, notify follower to install snapshot-(t:2, i:5)
2021-08-21 01:44:03,186 [omNode-2@group-523986131536->omNode-1-GrpcLogAppender-LogAppenderDaemon] INFO  server.GrpcLogAppender (GrpcLogAppender.java:installSnapshot(532)) - omNode-2@group-523986131536->omNode-1-GrpcLogAppender: send omNode-2->omNode-1#0-t2,notify:(t:2, i:5)
2021-08-21 01:44:03,186 [grpc-default-executor-0] WARN  server.GrpcLogAppender (LogUtils.java:warn(122)) - omNode-2@group-523986131536->omNode-1-AppendLogResponseHandler: Failed appendEntries: org.apache.ratis.thirdparty.io.grpc.StatusRuntimeException: UNAVAILABLE: io exception
2021-08-21 01:44:03,186 [grpc-default-executor-0] INFO  leader.FollowerInfo (FollowerInfoImpl.java:lambda$new$0(46)) - omNode-2@group-523986131536->omNode-1: nextIndex: updateUnconditionally 0 -> 0
2021-08-21 01:44:03,186 [grpc-default-executor-3] WARN  server.GrpcLogAppender (LogUtils.java:warn(122)) - omNode-2@group-523986131536->omNode-1-InstallSnapshotResponseHandler: Failed InstallSnapshot: org.apache.ratis.thirdparty.io.grpc.StatusRuntimeException: UNAVAILABLE: io exception
2021-08-21 01:44:03,186 [grpc-default-executor-3] INFO  leader.FollowerInfo (FollowerInfoImpl.java:lambda$new$0(46)) - omNode-2@group-523986131536->omNode-1: nextIndex: updateUnconditionally 0 -> 0
2021-08-21 01:44:03,186 [omNode-2@group-523986131536->omNode-1-GrpcLogAppender-LogAppenderDaemon] INFO  server.GrpcLogAppender (GrpcLogAppender.java:installSnapshot(524)) - omNode-2@group-523986131536->omNode-1-GrpcLogAppender: followerNextIndex = 0 but logStartIndex = -1, notify follower to install snapshot-(t:2, i:5)
2021-08-21 01:44:03,186 [grpc-default-executor-3] WARN  server.GrpcLogAppender (LogUtils.java:warn(122)) - omNode-2@group-523986131536->omNode-1-AppendLogResponseHandler: Failed appendEntries: org.apache.ratis.thirdparty.io.grpc.StatusRuntimeException: UNAVAILABLE: io exception
2021-08-21 01:44:03,186 [omNode-2@group-523986131536->omNode-1-GrpcLogAppender-LogAppenderDaemon] INFO  server.GrpcLogAppender (GrpcLogAppender.java:installSnapshot(532)) - omNode-2@group-523986131536->omNode-1-GrpcLogAppender: send omNode-2->omNode-1#0-t2,notify:(t:2, i:5)
2021-08-21 01:44:03,186 [grpc-default-executor-3] INFO  leader.FollowerInfo (FollowerInfoImpl.java:lambda$new$0(46)) - omNode-2@group-523986131536->omNode-1: nextIndex: updateUnconditionally 0 -> 0
2021-08-21 01:44:03,187 [grpc-default-executor-0] WARN  server.GrpcLogAppender (LogUtils.java:warn(122)) - omNode-2@group-523986131536->omNode-1-InstallSnapshotResponseHandler: Failed InstallSnapshot: org.apache.ratis.thirdparty.io.grpc.StatusRuntimeException: UNAVAILABLE: io exception
2021-08-21 01:44:03,187 [grpc-default-executor-0] INFO  leader.FollowerInfo (FollowerInfoImpl.java:lambda$new$0(46)) - omNode-2@group-523986131536->omNode-1: nextIndex: updateUnconditionally 0 -> 0
2021-08-21 01:44:03,187 [omNode-2@group-523986131536->omNode-1-GrpcLogAppender-LogAppenderDaemon] INFO  server.GrpcLogAppender (GrpcLogAppender.java:installSnapshot(524)) - omNode-2@group-523986131536->omNode-1-GrpcLogAppender: followerNextIndex = 0 but logStartIndex = -1, notify follower to install snapshot-(t:2, i:5)
2021-08-21 01:44:03,187 [omNode-2@group-523986131536->omNode-1-GrpcLogAppender-LogAppenderDaemon] INFO  server.GrpcLogAppender (GrpcLogAppender.java:installSnapshot(532)) - omNode-2@group-523986131536->omNode-1-GrpcLogAppender: send omNode-2->omNode-1#0-t2,notify:(t:2, i:5)
2021-08-21 01:44:03,187 [grpc-default-executor-0] WARN  server.GrpcLogAppender (LogUtils.java:warn(122)) - omNode-2@group-523986131536->omNode-1-AppendLogResponseHandler: Failed appendEntries: org.apache.ratis.thirdparty.io.grpc.StatusRuntimeException: UNAVAILABLE: io exception
2021-08-21 01:44:03,187 [grpc-default-executor-0] INFO  leader.FollowerInfo (FollowerInfoImpl.java:lambda$new$0(46)) - omNode-2@group-523986131536->omNode-1: nextIndex: updateUnconditionally 0 -> 0
2021-08-21 01:44:03,187 [grpc-default-executor-3] WARN  server.GrpcLogAppender (LogUtils.java:warn(122)) - omNode-2@group-523986131536->omNode-1-InstallSnapshotResponseHandler: Failed InstallSnapshot: org.apache.ratis.thirdparty.io.grpc.StatusRuntimeException: UNAVAILABLE: io exception
2021-08-21 01:44:03,187 [grpc-default-executor-3] INFO  leader.FollowerInfo (FollowerInfoImpl.java:lambda$new$0(46)) - omNode-2@group-523986131536->omNode-1: nextIndex: updateUnconditionally 0 -> 0
2021-08-21 01:44:03,187 [grpc-default-executor-3] WARN  server.GrpcLogAppender (LogUtils.java:warn(122)) - omNode-2@group-523986131536->omNode-1-AppendLogResponseHandler: Failed appendEntries: org.apache.ratis.thirdparty.io.grpc.StatusRuntimeException: UNAVAILABLE: io exception
2021-08-21 01:44:03,187 [omNode-2@group-523986131536->omNode-1-GrpcLogAppender-LogAppenderDaemon] INFO  server.GrpcLogAppender (GrpcLogAppender.java:installSnapshot(524)) - omNode-2@group-523986131536->omNode-1-GrpcLogAppender: followerNextIndex = 0 but logStartIndex = -1, notify follower to install snapshot-(t:2, i:5)
2021-08-21 01:44:03,187 [grpc-default-executor-3] INFO  leader.FollowerInfo (FollowerInfoImpl.java:lambda$new$0(46)) - omNode-2@group-523986131536->omNode-1: nextIndex: updateUnconditionally 0 -> 0
2021-08-21 01:44:03,187 [omNode-2@group-523986131536->omNode-1-GrpcLogAppender-LogAppenderDaemon] INFO  server.GrpcLogAppender (GrpcLogAppender.java:installSnapshot(532)) - omNode-2@group-523986131536->omNode-1-GrpcLogAppender: send omNode-2->omNode-1#0-t2,notify:(t:2, i:5)
2021-08-21 01:44:03,188 [grpc-default-executor-3] WARN  server.GrpcLogAppender (LogUtils.java:warn(122)) - omNode-2@group-523986131536->omNode-1-InstallSnapshotResponseHandler: Failed InstallSnapshot: org.apache.ratis.thirdparty.io.grpc.StatusRuntimeException: UNAVAILABLE: io exception
2021-08-21 01:44:03,188 [grpc-default-executor-3] INFO  leader.FollowerInfo (FollowerInfoImpl.java:lambda$new$0(46)) - omNode-2@group-523986131536->omNode-1: nextIndex: updateUnconditionally 0 -> 0
2021-08-21 01:44:03,188 [omNode-2@group-523986131536->omNode-1-GrpcLogAppender-LogAppenderDaemon] INFO  server.GrpcLogAppender (GrpcLogAppender.java:installSnapshot(524)) - omNode-2@group-523986131536->omNode-1-GrpcLogAppender: followerNextIndex = 0 but logStartIndex = -1, notify follower to install snapshot-(t:2, i:5)
2021-08-21 01:44:03,188 [omNode-2@group-523986131536->omNode-1-GrpcLogAppender-LogAppenderDaemon] INFO  server.GrpcLogAppender (GrpcLogAppender.java:installSnapshot(532)) - omNode-2@group-523986131536->omNode-1-GrpcLogAppender: send omNode-2->omNode-1#0-t2,notify:(t:2, i:5)
2021-08-21 01:44:03,193 [IPC Server Responder] INFO  ipc.Server (Server.java:run(1512)) - Stopping IPC Server Responder
2021-08-21 01:44:03,193 [Listener at 127.0.0.1/11936] INFO  server.RaftServer (RaftServerProxy.java:lambda$close$6(391)) - omNode-2: close
2021-08-21 01:44:03,193 [Listener at 127.0.0.1/11936] INFO  server.RaftServer$Division (RaftServerImpl.java:lambda$close$4(407)) - omNode-2@group-523986131536: shutdown
2021-08-21 01:44:03,193 [Listener at 127.0.0.1/11936] INFO  util.JmxRegister (JmxRegister.java:unregister(73)) - Successfully un-registered JMX Bean with object name Ratis:service=RaftServer,group=group-523986131536,id=omNode-2
2021-08-21 01:44:03,193 [Listener at 127.0.0.1/11936] INFO  impl.RoleInfo (RoleInfo.java:shutdownLeaderState(91)) - omNode-2: shutdown omNode-2@group-523986131536-LeaderStateImpl
2021-08-21 01:44:03,194 [grpc-default-executor-6] INFO  server.GrpcLogAppender (GrpcLogAppender.java:onError(448)) - omNode-2@group-523986131536->omNode-3-GrpcLogAppender is stopped
2021-08-21 01:44:03,196 [grpc-default-executor-5] INFO  server.GrpcLogAppender (GrpcLogAppender.java:onError(333)) - omNode-2@group-523986131536->omNode-3-GrpcLogAppender is stopped
2021-08-21 01:44:03,195 [grpc-default-executor-3] INFO  server.GrpcLogAppender (GrpcLogAppender.java:onError(333)) - omNode-2@group-523986131536->omNode-1-GrpcLogAppender is stopped
2021-08-21 01:44:03,194 [grpc-default-executor-0] INFO  server.GrpcLogAppender (GrpcLogAppender.java:onError(448)) - omNode-2@group-523986131536->omNode-1-GrpcLogAppender is stopped
2021-08-21 01:44:03,194 [Listener at 127.0.0.1/11936] INFO  impl.PendingRequests (PendingRequests.java:sendNotLeaderResponses(282)) - omNode-2@group-523986131536-PendingRequests: sendNotLeaderResponses
2021-08-21 01:44:03,198 [Listener at 127.0.0.1/11936] INFO  impl.StateMachineUpdater (StateMachineUpdater.java:stopAndJoin(149)) - omNode-2@group-523986131536-StateMachineUpdater: set stopIndex = 4
2021-08-21 01:44:03,198 [omNode-2@group-523986131536-StateMachineUpdater] INFO  ratis.OzoneManagerStateMachine (OzoneManagerStateMachine.java:takeSnapshot(417)) - Current Snapshot Index (t:2, i:4)
2021-08-21 01:44:03,198 [omNode-2@group-523986131536-StateMachineUpdater] INFO  impl.StateMachineUpdater (StateMachineUpdater.java:takeSnapshot(281)) - omNode-2@group-523986131536-StateMachineUpdater: Took a snapshot at index 4
2021-08-21 01:44:03,198 [omNode-2@group-523986131536-StateMachineUpdater] INFO  impl.StateMachineUpdater (StateMachineUpdater.java:lambda$new$0(89)) - omNode-2@group-523986131536-StateMachineUpdater: snapshotIndex: updateIncreasingly -1 -> 4
2021-08-21 01:44:03,199 [omNode-2@group-523986131536-StateMachineUpdater] INFO  ratis.OzoneManagerStateMachine (OzoneManagerStateMachine.java:close(471)) - StateMachine has shutdown. Shutdown OzoneManager if not already shutdown.
2021-08-21 01:44:03,199 [Listener at 127.0.0.1/11936] INFO  server.RaftServer$Division (ServerState.java:close(419)) - omNode-2@group-523986131536: closes. applyIndex: 4
2021-08-21 01:44:03,199 [omNode-2@group-523986131536-SegmentedRaftLogWorker] INFO  segmented.SegmentedRaftLogWorker (SegmentedRaftLogWorker.java:run(327)) - omNode-2@group-523986131536-SegmentedRaftLogWorker was interrupted, exiting. There are 0 tasks remaining in the queue.
2021-08-21 01:44:03,199 [Listener at 127.0.0.1/11936] INFO  segmented.SegmentedRaftLogWorker (SegmentedRaftLogWorker.java:close(237)) - omNode-2@group-523986131536-SegmentedRaftLogWorker close()
2021-08-21 01:44:03,200 [Listener at 127.0.0.1/11936] INFO  server.GrpcService (GrpcService.java:closeImpl(262)) - omNode-2: shutdown server with port 11934 now
2021-08-21 01:44:03,201 [Listener at 127.0.0.1/11936] INFO  server.GrpcService (GrpcService.java:closeImpl(271)) - omNode-2: shutdown server with port 11934 successfully
2021-08-21 01:44:03,202 [org.apache.ratis.util.JvmPauseMonitor$$Lambda$536/1549433175@340333bb] INFO  util.JvmPauseMonitor (JvmPauseMonitor.java:run(109)) - JvmPauseMonitor-omNode-2: Stopped
2021-08-21 01:44:03,202 [Listener at 127.0.0.1/11936] INFO  ratis.OzoneManagerDoubleBuffer (OzoneManagerDoubleBuffer.java:stop(437)) - Stopping OMDoubleBuffer flush thread
2021-08-21 01:44:03,202 [OMDoubleBufferFlushThread] INFO  ratis.OzoneManagerDoubleBuffer (OzoneManagerDoubleBuffer.java:flushTransactions(356)) - OMDoubleBuffer flush thread OMDoubleBufferFlushThread is interrupted and will exit. OMDoubleBufferFlushThread
2021-08-21 01:44:03,202 [Listener at 127.0.0.1/11936] INFO  utils.BackgroundService (BackgroundService.java:shutdown(132)) - Shutting down service KeyDeletingService
2021-08-21 01:44:03,203 [Listener at 127.0.0.1/11936] INFO  handler.ContextHandler (ContextHandler.java:doStop(1153)) - Stopped o.e.j.w.WebAppContext@22ee8bd4{ozoneManager,/,null,STOPPED}{file:/home/runner/work/ozone/ozone/hadoop-ozone/integration-test/target/test-classes/webapps/ozoneManager}
2021-08-21 01:44:03,204 [Listener at 127.0.0.1/11936] INFO  server.AbstractConnector (AbstractConnector.java:doStop(381)) - Stopped ServerConnector@71434bf0{HTTP/1.1, (http/1.1)}{0.0.0.0:11932}
2021-08-21 01:44:03,204 [Listener at 127.0.0.1/11936] INFO  server.session (HouseKeeper.java:stopScavenging(149)) - node0 Stopped scavenging
2021-08-21 01:44:03,204 [Listener at 127.0.0.1/11936] INFO  handler.ContextHandler (ContextHandler.java:doStop(1153)) - Stopped o.e.j.s.ServletContextHandler@2e422c13{static,/static,file:///home/runner/work/ozone/ozone/hadoop-ozone/integration-test/target/test-classes/webapps/static,STOPPED}
2021-08-21 01:44:03,204 [Listener at 127.0.0.1/11936] INFO  handler.ContextHandler (ContextHandler.java:doStop(1153)) - Stopped o.e.j.s.ServletContextHandler@18610c5c{logs,/logs,file:///home/runner/work/ozone/ozone/hadoop-ozone/integration-test/target/log,STOPPED}
2021-08-21 01:44:03,206 [Listener at 127.0.0.1/11936] INFO  ozone.MiniOzoneHAClusterImpl (MiniOzoneHAClusterImpl.java:stop(306)) - Stopping the StorageContainerManager 33e19b2b-e24c-4531-b3ff-99d9ed363ece
2021-08-21 01:44:03,206 [Listener at 127.0.0.1/11936] INFO  server.StorageContainerManager (StorageContainerManager.java:stop(1343)) - Stopping Container Balancer service.
2021-08-21 01:44:03,207 [Listener at 127.0.0.1/11936] INFO  balancer.ContainerBalancer (ContainerBalancer.java:stop(720)) - Container Balancer is not running.
2021-08-21 01:44:03,207 [Listener at 127.0.0.1/11936] INFO  server.StorageContainerManager (StorageContainerManager.java:stop(1350)) - Stopping Replication Manager Service.
2021-08-21 01:44:03,207 [Listener at 127.0.0.1/11936] INFO  container.ReplicationManager (ReplicationManager.java:stop(338)) - Stopping Replication Monitor Thread.
2021-08-21 01:44:03,207 [Listener at 127.0.0.1/11936] INFO  server.StorageContainerManager (StorageContainerManager.java:stop(1357)) - Stopping the Datanode Admin Monitor.
2021-08-21 01:44:03,207 [Listener at 127.0.0.1/11936] INFO  server.StorageContainerManager (StorageContainerManager.java:stop(1364)) - Stopping Lease Manager of the command watchers
2021-08-21 01:44:03,207 [Listener at 127.0.0.1/11936] INFO  server.StorageContainerManager (StorageContainerManager.java:stop(1371)) - Stopping datanode service RPC server
2021-08-21 01:44:03,207 [Listener at 127.0.0.1/11936] INFO  server.SCMDatanodeProtocolServer (SCMDatanodeProtocolServer.java:stop(389)) - Stopping the RPC server for DataNodes
2021-08-21 01:44:03,207 [Listener at 127.0.0.1/11936] INFO  ipc.Server (Server.java:stop(3414)) - Stopping server on 39161
2021-08-21 01:44:03,209 [IPC Server listener on 0] INFO  ipc.Server (Server.java:run(1376)) - Stopping IPC Server listener on 0
2021-08-21 01:44:03,210 [IPC Server Responder] INFO  ipc.Server (Server.java:run(1512)) - Stopping IPC Server Responder
2021-08-21 01:44:03,255 [SCM Heartbeat Processing Thread - 0] WARN  node.NodeStateManager (NodeStateManager.java:scheduleNextHealthCheck(799)) - Current Thread is interrupted, shutting down HB processing thread for Node Manager.
2021-08-21 01:44:03,255 [Listener at 127.0.0.1/11936] INFO  server.StorageContainerManager (StorageContainerManager.java:stop(1379)) - Stopping block service RPC server
2021-08-21 01:44:03,255 [Listener at 127.0.0.1/11936] INFO  server.SCMBlockProtocolServer (SCMBlockProtocolServer.java:stop(160)) - Stopping the RPC server for Block Protocol
2021-08-21 01:44:03,256 [Listener at 127.0.0.1/11936] INFO  ipc.Server (Server.java:stop(3414)) - Stopping server on 40913
2021-08-21 01:44:03,256 [IPC Server listener on 0] INFO  ipc.Server (Server.java:run(1376)) - Stopping IPC Server listener on 0
2021-08-21 01:44:03,256 [IPC Server Responder] INFO  ipc.Server (Server.java:run(1512)) - Stopping IPC Server Responder
2021-08-21 01:44:03,257 [Listener at 127.0.0.1/11936] INFO  server.StorageContainerManager (StorageContainerManager.java:stop(1386)) - Stopping the StorageContainerLocationProtocol RPC server
2021-08-21 01:44:03,257 [Listener at 127.0.0.1/11936] INFO  server.SCMClientProtocolServer (SCMClientProtocolServer.java:stop(173)) - Stopping the RPC server for Client Protocol
2021-08-21 01:44:03,257 [Listener at 127.0.0.1/11936] INFO  ipc.Server (Server.java:stop(3414)) - Stopping server on 46239
2021-08-21 01:44:03,257 [IPC Server listener on 0] INFO  ipc.Server (Server.java:run(1376)) - Stopping IPC Server listener on 0
2021-08-21 01:44:03,259 [IPC Server Responder] INFO  ipc.Server (Server.java:run(1512)) - Stopping IPC Server Responder
2021-08-21 01:44:03,259 [Listener at 127.0.0.1/11936] INFO  server.StorageContainerManager (StorageContainerManager.java:stop(1393)) - Stopping Storage Container Manager HTTP server.
2021-08-21 01:44:03,260 [Listener at 127.0.0.1/11936] INFO  handler.ContextHandler (ContextHandler.java:doStop(1153)) - Stopped o.e.j.w.WebAppContext@5fba61c2{scm,/,null,STOPPED}{file:/home/runner/work/ozone/ozone/hadoop-ozone/integration-test/target/test-classes/webapps/scm}
2021-08-21 01:44:03,261 [Listener at 127.0.0.1/11936] INFO  server.AbstractConnector (AbstractConnector.java:doStop(381)) - Stopped ServerConnector@39b35bb3{HTTP/1.1, (http/1.1)}{0.0.0.0:0}
2021-08-21 01:44:03,261 [Listener at 127.0.0.1/11936] INFO  server.session (HouseKeeper.java:stopScavenging(149)) - node0 Stopped scavenging
2021-08-21 01:44:03,262 [Listener at 127.0.0.1/11936] INFO  handler.ContextHandler (ContextHandler.java:doStop(1153)) - Stopped o.e.j.s.ServletContextHandler@5bd2f7bc{static,/static,file:///home/runner/work/ozone/ozone/hadoop-ozone/integration-test/target/test-classes/webapps/static,STOPPED}
2021-08-21 01:44:03,262 [Listener at 127.0.0.1/11936] INFO  handler.ContextHandler (ContextHandler.java:doStop(1153)) - Stopped o.e.j.s.ServletContextHandler@6644eda1{logs,/logs,file:///home/runner/work/ozone/ozone/hadoop-ozone/integration-test/target/log,STOPPED}
2021-08-21 01:44:03,263 [Listener at 127.0.0.1/11936] INFO  server.StorageContainerManager (StorageContainerManager.java:stop(1404)) - Stopping Block Manager Service.
2021-08-21 01:44:03,263 [Listener at 127.0.0.1/11936] INFO  utils.BackgroundService (BackgroundService.java:shutdown(132)) - Shutting down service SCMBlockDeletingService
2021-08-21 01:44:03,263 [Listener at 127.0.0.1/11936] INFO  utils.BackgroundService (BackgroundService.java:shutdown(132)) - Shutting down service SCMBlockDeletingService
2021-08-21 01:44:03,263 [Listener at 127.0.0.1/11936] INFO  server.StorageContainerManager (StorageContainerManager.java:stop(1431)) - Stopping SCM Event Queue.
2021-08-21 01:44:03,267 [Listener at 127.0.0.1/11936] INFO  server.StorageContainerManager (StorageContainerManager.java:stop(1442)) - Stopping SCM HA services.
2021-08-21 01:44:03,267 [Listener at 127.0.0.1/11936] INFO  pipeline.BackgroundPipelineCreator (BackgroundPipelineCreatorV2.java:stop(158)) - Stopping RatisPipelineUtilsThread.
2021-08-21 01:44:03,268 [Listener at 127.0.0.1/11936] INFO  server.StorageContainerManager (StorageContainerManager.java:stop(1452)) - Stopping SCM MetadataStore.
2021-08-21 01:44:03,269 [Listener at 127.0.0.1/11936] INFO  impl.MetricsSystemImpl (MetricsSystemImpl.java:stop(210)) - Stopping HddsDatanode metrics system...
2021-08-21 01:44:03,275 [prometheus] INFO  impl.MetricsSinkAdapter (MetricsSinkAdapter.java:publishMetricsFromQueue(141)) - prometheus thread interrupted.
2021-08-21 01:44:03,275 [Listener at 127.0.0.1/11936] INFO  impl.MetricsSystemImpl (MetricsSystemImpl.java:stop(216)) - HddsDatanode metrics system stopped.
2021-08-21 01:44:03,276 [Listener at 127.0.0.1/11936] INFO  ozone.MiniOzoneClusterImpl (MiniOzoneClusterImpl.java:stop(468)) - Stopping the Mini Ozone Cluster
2021-08-21 01:44:03,276 [Listener at 127.0.0.1/11936] INFO  ozone.MiniOzoneClusterImpl (MiniOzoneClusterImpl.java:stopDatanodes(527)) - Stopping the HddsDatanodes
2021-08-21 01:44:03,540 [Datanode State Machine Thread - 0] INFO  statemachine.DatanodeStateMachine (DatanodeStateMachine.java:lambda$startDaemon$0(457)) - Ozone container server started.
2021-08-21 01:44:03,541 [EndpointStateMachine task thread for /0.0.0.0:39161 - 0 ] WARN  statemachine.EndpointStateMachine (EndpointStateMachine.java:logIfNeeded(236)) - Unable to communicate to SCM server at 0.0.0.0:39161 for past 0 seconds.
java.io.EOFException: End of File Exception between local host is: "fv-az148-687/10.1.0.26"; destination host is: "0.0.0.0":39161; : java.io.EOFException; For more details see:  http://wiki.apache.org/hadoop/EOFException
	at sun.reflect.NativeConstructorAccessorImpl.newInstance0(Native Method)
	at sun.reflect.NativeConstructorAccessorImpl.newInstance(NativeConstructorAccessorImpl.java:62)
	at sun.reflect.DelegatingConstructorAccessorImpl.newInstance(DelegatingConstructorAccessorImpl.java:45)
	at java.lang.reflect.Constructor.newInstance(Constructor.java:423)
	at org.apache.hadoop.net.NetUtils.wrapWithMessage(NetUtils.java:913)
	at org.apache.hadoop.net.NetUtils.wrapException(NetUtils.java:862)
	at org.apache.hadoop.ipc.Client.getRpcResponse(Client.java:1577)
	at org.apache.hadoop.ipc.Client.call(Client.java:1519)
	at org.apache.hadoop.ipc.Client.call(Client.java:1416)
	at org.apache.hadoop.ipc.ProtobufRpcEngine$Invoker.invoke(ProtobufRpcEngine.java:236)
	at org.apache.hadoop.ipc.ProtobufRpcEngine$Invoker.invoke(ProtobufRpcEngine.java:123)
	at com.sun.proxy.$Proxy49.submitRequest(Unknown Source)
	at org.apache.hadoop.ozone.protocolPB.StorageContainerDatanodeProtocolClientSideTranslatorPB.submitRequest(StorageContainerDatanodeProtocolClientSideTranslatorPB.java:117)
	at org.apache.hadoop.ozone.protocolPB.StorageContainerDatanodeProtocolClientSideTranslatorPB.sendHeartbeat(StorageContainerDatanodeProtocolClientSideTranslatorPB.java:149)
	at org.apache.hadoop.ozone.container.common.states.endpoint.HeartbeatEndpointTask.call(HeartbeatEndpointTask.java:179)
	at org.apache.hadoop.ozone.container.common.states.endpoint.HeartbeatEndpointTask.call(HeartbeatEndpointTask.java:82)
	at java.util.concurrent.FutureTask.run(FutureTask.java:266)
	at java.util.concurrent.ThreadPoolExecutor.runWorker(ThreadPoolExecutor.java:1149)
	at java.util.concurrent.ThreadPoolExecutor$Worker.run(ThreadPoolExecutor.java:624)
	at java.lang.Thread.run(Thread.java:748)
Caused by: java.io.EOFException
	at java.io.DataInputStream.readInt(DataInputStream.java:392)
	at org.apache.hadoop.ipc.Client$IpcStreams.readResponse(Client.java:1892)
	at org.apache.hadoop.ipc.Client$Connection.receiveRpcResponse(Client.java:1202)
	at org.apache.hadoop.ipc.Client$Connection.run(Client.java:1098)
2021-08-21 01:44:04,120 [Datanode State Machine Thread - 0] INFO  statemachine.DatanodeStateMachine (DatanodeStateMachine.java:lambda$startDaemon$0(457)) - Ozone container server started.
2021-08-21 01:44:05,540 [EndpointStateMachine task thread for /0.0.0.0:39161 - 0 ] INFO  ipc.Client (Client.java:handleConnectionFailure(977)) - Retrying connect to server: 0.0.0.0/0.0.0.0:39161. Already tried 0 time(s); retry policy is RetryUpToMaximumCountWithFixedSleep(maxRetries=15, sleepTime=1000 MILLISECONDS)
2021-08-21 01:44:06,179 [java.util.concurrent.ThreadPoolExecutor$Worker@605d08cf[State = -1, empty queue]] WARN  server.GrpcLogAppender (GrpcLogAppender.java:timeoutAppendRequest(244)) - omNode-2@group-523986131536->omNode-3-GrpcLogAppender: HEARTBEAT appendEntries Timeout, request=AppendEntriesRequest:cid=12757,entriesCount=0,lastEntry=null
2021-08-21 01:44:06,188 [java.util.concurrent.ThreadPoolExecutor$Worker@605d08cf[State = -1, empty queue]] WARN  server.GrpcLogAppender (GrpcLogAppender.java:timeoutAppendRequest(244)) - omNode-2@group-523986131536->omNode-1-GrpcLogAppender: HEARTBEAT appendEntries Timeout, request=AppendEntriesRequest:cid=387,entriesCount=0,lastEntry=null
2021-08-21 01:44:06,541 [EndpointStateMachine task thread for /0.0.0.0:39161 - 0 ] INFO  ipc.Client (Client.java:handleConnectionFailure(977)) - Retrying connect to server: 0.0.0.0/0.0.0.0:39161. Already tried 1 time(s); retry policy is RetryUpToMaximumCountWithFixedSleep(maxRetries=15, sleepTime=1000 MILLISECONDS)
2021-08-21 01:44:07,539 [Datanode State Machine Thread - 0] ERROR datanode.RunningDatanodeState (RunningDatanodeState.java:computeNextContainerState(199)) - Error in executing end point task.
java.util.concurrent.ExecutionException: java.util.concurrent.TimeoutException
	at java.util.concurrent.FutureTask.report(FutureTask.java:122)
	at java.util.concurrent.FutureTask.get(FutureTask.java:192)
	at org.apache.hadoop.ozone.container.common.states.datanode.RunningDatanodeState.computeNextContainerState(RunningDatanodeState.java:191)
	at org.apache.hadoop.ozone.container.common.states.datanode.RunningDatanodeState.await(RunningDatanodeState.java:231)
	at org.apache.hadoop.ozone.container.common.states.datanode.RunningDatanodeState.await(RunningDatanodeState.java:50)
	at org.apache.hadoop.ozone.container.common.statemachine.StateContext.execute(StateContext.java:629)
	at org.apache.hadoop.ozone.container.common.statemachine.DatanodeStateMachine.start(DatanodeStateMachine.java:270)
	at org.apache.hadoop.ozone.container.common.statemachine.DatanodeStateMachine.lambda$startDaemon$0(DatanodeStateMachine.java:456)
	at java.lang.Thread.run(Thread.java:748)
Caused by: java.util.concurrent.TimeoutException
	at java.util.concurrent.FutureTask.get(FutureTask.java:205)
	at org.apache.hadoop.ozone.container.common.states.datanode.RunningDatanodeState.lambda$execute$0(RunningDatanodeState.java:149)
	at java.util.concurrent.FutureTask.run(FutureTask.java:266)
	at java.util.concurrent.Executors$RunnableAdapter.call(Executors.java:511)
	at java.util.concurrent.FutureTask.run(FutureTask.java:266)
	at java.util.concurrent.ThreadPoolExecutor.runWorker(ThreadPoolExecutor.java:1149)
	at java.util.concurrent.ThreadPoolExecutor$Worker.run(ThreadPoolExecutor.java:624)
	... 1 more
2021-08-21 01:44:07,541 [EndpointStateMachine task thread for /0.0.0.0:39161 - 0 ] INFO  ipc.Client (Client.java:handleConnectionFailure(977)) - Retrying connect to server: 0.0.0.0/0.0.0.0:39161. Already tried 2 time(s); retry policy is RetryUpToMaximumCountWithFixedSleep(maxRetries=15, sleepTime=1000 MILLISECONDS)
2021-08-21 01:44:08,277 [Listener at 127.0.0.1/11936] INFO  ozoneimpl.OzoneContainer (OzoneContainer.java:stop(326)) - Attempting to stop container services.
2021-08-21 01:44:08,277 [ForkJoinPool.commonPool-worker-0] INFO  ozoneimpl.OzoneContainer (OzoneContainer.java:stop(326)) - Attempting to stop container services.
2021-08-21 01:44:08,278 [Listener at 127.0.0.1/11936] INFO  server.RaftServer (RaftServerProxy.java:lambda$close$6(391)) - 6d4f4a2b-908a-44c0-8dce-7a4ce83b0e89: close
2021-08-21 01:44:08,278 [Listener at 127.0.0.1/11936] INFO  server.RaftServer$Division (RaftServerImpl.java:lambda$close$4(407)) - 6d4f4a2b-908a-44c0-8dce-7a4ce83b0e89@group-27CBBBE1E3F9: shutdown
2021-08-21 01:44:08,278 [Listener at 127.0.0.1/11936] INFO  util.JmxRegister (JmxRegister.java:unregister(73)) - Successfully un-registered JMX Bean with object name Ratis:service=RaftServer,group=group-27CBBBE1E3F9,id=6d4f4a2b-908a-44c0-8dce-7a4ce83b0e89
2021-08-21 01:44:08,278 [Listener at 127.0.0.1/11936] INFO  impl.RoleInfo (RoleInfo.java:shutdownFollowerState(108)) - 6d4f4a2b-908a-44c0-8dce-7a4ce83b0e89: shutdown 6d4f4a2b-908a-44c0-8dce-7a4ce83b0e89@group-27CBBBE1E3F9-FollowerState
2021-08-21 01:44:08,279 [Listener at 127.0.0.1/11936] INFO  impl.StateMachineUpdater (StateMachineUpdater.java:stopAndJoin(149)) - 6d4f4a2b-908a-44c0-8dce-7a4ce83b0e89@group-27CBBBE1E3F9-StateMachineUpdater: set stopIndex = 0
2021-08-21 01:44:08,279 [6d4f4a2b-908a-44c0-8dce-7a4ce83b0e89@group-27CBBBE1E3F9-FollowerState] INFO  impl.FollowerState (FollowerState.java:run(143)) - 6d4f4a2b-908a-44c0-8dce-7a4ce83b0e89@group-27CBBBE1E3F9-FollowerState was interrupted: {}
java.lang.InterruptedException: sleep interrupted
	at java.lang.Thread.sleep(Native Method)
	at java.lang.Thread.sleep(Thread.java:340)
	at java.util.concurrent.TimeUnit.sleep(TimeUnit.java:386)
	at org.apache.ratis.util.TimeDuration.sleep(TimeDuration.java:324)
	at org.apache.ratis.util.TimeDuration.sleep(TimeDuration.java:309)
	at org.apache.ratis.server.impl.FollowerState.run(FollowerState.java:118)
2021-08-21 01:44:08,279 [6d4f4a2b-908a-44c0-8dce-7a4ce83b0e89@group-27CBBBE1E3F9-StateMachineUpdater] INFO  ratis.ContainerStateMachine (ContainerStateMachine.java:takeSnapshot(293)) - group-27CBBBE1E3F9: Taking a snapshot at:(t:5, i:0) file /home/runner/work/ozone/ozone/hadoop-ozone/integration-test/target/test-dir/MiniOzoneClusterImpl-ac918204-cb9e-461d-be45-7a6421e2bbc3/datanode-1/data/ratis/d7c149e0-3109-418c-8553-27cbbbe1e3f9/sm/snapshot.5_0
2021-08-21 01:44:08,280 [ForkJoinPool.commonPool-worker-0] INFO  server.RaftServer (RaftServerProxy.java:lambda$close$6(391)) - eb4e2853-1640-4057-8e90-7cd4a46526af: close
2021-08-21 01:44:08,280 [ForkJoinPool.commonPool-worker-0] INFO  server.RaftServer$Division (RaftServerImpl.java:lambda$close$4(407)) - eb4e2853-1640-4057-8e90-7cd4a46526af@group-27CBBBE1E3F9: shutdown
2021-08-21 01:44:08,280 [ForkJoinPool.commonPool-worker-0] INFO  util.JmxRegister (JmxRegister.java:unregister(73)) - Successfully un-registered JMX Bean with object name Ratis:service=RaftServer,group=group-27CBBBE1E3F9,id=eb4e2853-1640-4057-8e90-7cd4a46526af
2021-08-21 01:44:08,280 [ForkJoinPool.commonPool-worker-0] INFO  impl.RoleInfo (RoleInfo.java:shutdownFollowerState(108)) - eb4e2853-1640-4057-8e90-7cd4a46526af: shutdown eb4e2853-1640-4057-8e90-7cd4a46526af@group-27CBBBE1E3F9-FollowerState
2021-08-21 01:44:08,280 [ForkJoinPool.commonPool-worker-0] INFO  impl.StateMachineUpdater (StateMachineUpdater.java:stopAndJoin(149)) - eb4e2853-1640-4057-8e90-7cd4a46526af@group-27CBBBE1E3F9-StateMachineUpdater: set stopIndex = 0
2021-08-21 01:44:08,280 [eb4e2853-1640-4057-8e90-7cd4a46526af@group-27CBBBE1E3F9-StateMachineUpdater] INFO  ratis.ContainerStateMachine (ContainerStateMachine.java:takeSnapshot(293)) - group-27CBBBE1E3F9: Taking a snapshot at:(t:5, i:0) file /home/runner/work/ozone/ozone/hadoop-ozone/integration-test/target/test-dir/MiniOzoneClusterImpl-ac918204-cb9e-461d-be45-7a6421e2bbc3/datanode-0/data/ratis/d7c149e0-3109-418c-8553-27cbbbe1e3f9/sm/snapshot.5_0
2021-08-21 01:44:08,281 [eb4e2853-1640-4057-8e90-7cd4a46526af@group-27CBBBE1E3F9-FollowerState] INFO  impl.FollowerState (FollowerState.java:run(143)) - eb4e2853-1640-4057-8e90-7cd4a46526af@group-27CBBBE1E3F9-FollowerState was interrupted: {}
java.lang.InterruptedException: sleep interrupted
	at java.lang.Thread.sleep(Native Method)
	at java.lang.Thread.sleep(Thread.java:340)
	at java.util.concurrent.TimeUnit.sleep(TimeUnit.java:386)
	at org.apache.ratis.util.TimeDuration.sleep(TimeDuration.java:324)
	at org.apache.ratis.util.TimeDuration.sleep(TimeDuration.java:309)
	at org.apache.ratis.server.impl.FollowerState.run(FollowerState.java:118)
2021-08-21 01:44:08,325 [eb4e2853-1640-4057-8e90-7cd4a46526af@group-27CBBBE1E3F9-StateMachineUpdater] INFO  ratis.ContainerStateMachine (ContainerStateMachine.java:takeSnapshot(304)) - group-27CBBBE1E3F9: Finished taking a snapshot at:(t:5, i:0) file:/home/runner/work/ozone/ozone/hadoop-ozone/integration-test/target/test-dir/MiniOzoneClusterImpl-ac918204-cb9e-461d-be45-7a6421e2bbc3/datanode-0/data/ratis/d7c149e0-3109-418c-8553-27cbbbe1e3f9/sm/snapshot.5_0 took: 45 ms
2021-08-21 01:44:08,325 [6d4f4a2b-908a-44c0-8dce-7a4ce83b0e89@group-27CBBBE1E3F9-StateMachineUpdater] INFO  ratis.ContainerStateMachine (ContainerStateMachine.java:takeSnapshot(304)) - group-27CBBBE1E3F9: Finished taking a snapshot at:(t:5, i:0) file:/home/runner/work/ozone/ozone/hadoop-ozone/integration-test/target/test-dir/MiniOzoneClusterImpl-ac918204-cb9e-461d-be45-7a6421e2bbc3/datanode-1/data/ratis/d7c149e0-3109-418c-8553-27cbbbe1e3f9/sm/snapshot.5_0 took: 46 ms
2021-08-21 01:44:08,326 [eb4e2853-1640-4057-8e90-7cd4a46526af@group-27CBBBE1E3F9-StateMachineUpdater] INFO  impl.StateMachineUpdater (StateMachineUpdater.java:takeSnapshot(281)) - eb4e2853-1640-4057-8e90-7cd4a46526af@group-27CBBBE1E3F9-StateMachineUpdater: Took a snapshot at index 0
2021-08-21 01:44:08,327 [eb4e2853-1640-4057-8e90-7cd4a46526af@group-27CBBBE1E3F9-StateMachineUpdater] INFO  impl.StateMachineUpdater (StateMachineUpdater.java:lambda$new$0(89)) - eb4e2853-1640-4057-8e90-7cd4a46526af@group-27CBBBE1E3F9-StateMachineUpdater: snapshotIndex: updateIncreasingly -1 -> 0
2021-08-21 01:44:08,326 [6d4f4a2b-908a-44c0-8dce-7a4ce83b0e89@group-27CBBBE1E3F9-StateMachineUpdater] INFO  impl.StateMachineUpdater (StateMachineUpdater.java:takeSnapshot(281)) - 6d4f4a2b-908a-44c0-8dce-7a4ce83b0e89@group-27CBBBE1E3F9-StateMachineUpdater: Took a snapshot at index 0
2021-08-21 01:44:08,327 [6d4f4a2b-908a-44c0-8dce-7a4ce83b0e89@group-27CBBBE1E3F9-StateMachineUpdater] INFO  impl.StateMachineUpdater (StateMachineUpdater.java:lambda$new$0(89)) - 6d4f4a2b-908a-44c0-8dce-7a4ce83b0e89@group-27CBBBE1E3F9-StateMachineUpdater: snapshotIndex: updateIncreasingly -1 -> 0
2021-08-21 01:44:08,331 [ForkJoinPool.commonPool-worker-0] INFO  server.RaftServer$Division (ServerState.java:close(419)) - eb4e2853-1640-4057-8e90-7cd4a46526af@group-27CBBBE1E3F9: closes. applyIndex: 0
2021-08-21 01:44:08,331 [eb4e2853-1640-4057-8e90-7cd4a46526af@group-27CBBBE1E3F9-SegmentedRaftLogWorker] INFO  segmented.SegmentedRaftLogWorker (SegmentedRaftLogWorker.java:run(327)) - eb4e2853-1640-4057-8e90-7cd4a46526af@group-27CBBBE1E3F9-SegmentedRaftLogWorker was interrupted, exiting. There are 0 tasks remaining in the queue.
2021-08-21 01:44:08,331 [Listener at 127.0.0.1/11936] INFO  server.RaftServer$Division (ServerState.java:close(419)) - 6d4f4a2b-908a-44c0-8dce-7a4ce83b0e89@group-27CBBBE1E3F9: closes. applyIndex: 0
2021-08-21 01:44:08,331 [ForkJoinPool.commonPool-worker-0] INFO  segmented.SegmentedRaftLogWorker (SegmentedRaftLogWorker.java:close(237)) - eb4e2853-1640-4057-8e90-7cd4a46526af@group-27CBBBE1E3F9-SegmentedRaftLogWorker close()
2021-08-21 01:44:08,332 [6d4f4a2b-908a-44c0-8dce-7a4ce83b0e89@group-27CBBBE1E3F9-SegmentedRaftLogWorker] INFO  segmented.SegmentedRaftLogWorker (SegmentedRaftLogWorker.java:run(327)) - 6d4f4a2b-908a-44c0-8dce-7a4ce83b0e89@group-27CBBBE1E3F9-SegmentedRaftLogWorker was interrupted, exiting. There are 0 tasks remaining in the queue.
2021-08-21 01:44:08,332 [Listener at 127.0.0.1/11936] INFO  segmented.SegmentedRaftLogWorker (SegmentedRaftLogWorker.java:close(237)) - 6d4f4a2b-908a-44c0-8dce-7a4ce83b0e89@group-27CBBBE1E3F9-SegmentedRaftLogWorker close()
2021-08-21 01:44:08,333 [Listener at 127.0.0.1/11936] INFO  server.RaftServer$Division (RaftServerImpl.java:lambda$close$4(407)) - 6d4f4a2b-908a-44c0-8dce-7a4ce83b0e89@group-2EAD7310DA65: shutdown
2021-08-21 01:44:08,333 [ForkJoinPool.commonPool-worker-0] INFO  server.RaftServer$Division (RaftServerImpl.java:lambda$close$4(407)) - eb4e2853-1640-4057-8e90-7cd4a46526af@group-2A1F55711ACD: shutdown
2021-08-21 01:44:08,333 [Listener at 127.0.0.1/11936] INFO  util.JmxRegister (JmxRegister.java:unregister(73)) - Successfully un-registered JMX Bean with object name Ratis:service=RaftServer,group=group-2EAD7310DA65,id=6d4f4a2b-908a-44c0-8dce-7a4ce83b0e89
2021-08-21 01:44:08,333 [Listener at 127.0.0.1/11936] INFO  impl.RoleInfo (RoleInfo.java:shutdownFollowerState(108)) - 6d4f4a2b-908a-44c0-8dce-7a4ce83b0e89: shutdown 6d4f4a2b-908a-44c0-8dce-7a4ce83b0e89@group-2EAD7310DA65-FollowerState
2021-08-21 01:44:08,333 [ForkJoinPool.commonPool-worker-0] INFO  util.JmxRegister (JmxRegister.java:unregister(73)) - Successfully un-registered JMX Bean with object name Ratis:service=RaftServer,group=group-2A1F55711ACD,id=eb4e2853-1640-4057-8e90-7cd4a46526af
2021-08-21 01:44:08,334 [ForkJoinPool.commonPool-worker-0] INFO  impl.RoleInfo (RoleInfo.java:shutdownLeaderState(91)) - eb4e2853-1640-4057-8e90-7cd4a46526af: shutdown eb4e2853-1640-4057-8e90-7cd4a46526af@group-2A1F55711ACD-LeaderStateImpl
2021-08-21 01:44:08,334 [Listener at 127.0.0.1/11936] INFO  impl.StateMachineUpdater (StateMachineUpdater.java:stopAndJoin(149)) - 6d4f4a2b-908a-44c0-8dce-7a4ce83b0e89@group-2EAD7310DA65-StateMachineUpdater: set stopIndex = 0
2021-08-21 01:44:08,334 [6d4f4a2b-908a-44c0-8dce-7a4ce83b0e89@group-2EAD7310DA65-FollowerState] INFO  impl.FollowerState (FollowerState.java:run(143)) - 6d4f4a2b-908a-44c0-8dce-7a4ce83b0e89@group-2EAD7310DA65-FollowerState was interrupted: {}
java.lang.InterruptedException: sleep interrupted
	at java.lang.Thread.sleep(Native Method)
	at java.lang.Thread.sleep(Thread.java:340)
	at java.util.concurrent.TimeUnit.sleep(TimeUnit.java:386)
	at org.apache.ratis.util.TimeDuration.sleep(TimeDuration.java:324)
	at org.apache.ratis.util.TimeDuration.sleep(TimeDuration.java:309)
	at org.apache.ratis.server.impl.FollowerState.run(FollowerState.java:118)
2021-08-21 01:44:08,335 [6d4f4a2b-908a-44c0-8dce-7a4ce83b0e89@group-2EAD7310DA65-StateMachineUpdater] INFO  ratis.ContainerStateMachine (ContainerStateMachine.java:takeSnapshot(293)) - group-2EAD7310DA65: Taking a snapshot at:(t:1, i:0) file /home/runner/work/ozone/ozone/hadoop-ozone/integration-test/target/test-dir/MiniOzoneClusterImpl-ac918204-cb9e-461d-be45-7a6421e2bbc3/datanode-1/data/ratis/c76c38ee-75ae-4700-bf4e-2ead7310da65/sm/snapshot.1_0
2021-08-21 01:44:08,334 [ForkJoinPool.commonPool-worker-0] INFO  impl.PendingRequests (PendingRequests.java:sendNotLeaderResponses(282)) - eb4e2853-1640-4057-8e90-7cd4a46526af@group-2A1F55711ACD-PendingRequests: sendNotLeaderResponses
2021-08-21 01:44:08,335 [ForkJoinPool.commonPool-worker-0] INFO  impl.StateMachineUpdater (StateMachineUpdater.java:stopAndJoin(149)) - eb4e2853-1640-4057-8e90-7cd4a46526af@group-2A1F55711ACD-StateMachineUpdater: set stopIndex = 0
2021-08-21 01:44:08,335 [6d4f4a2b-908a-44c0-8dce-7a4ce83b0e89@group-2EAD7310DA65-StateMachineUpdater] INFO  ratis.ContainerStateMachine (ContainerStateMachine.java:takeSnapshot(304)) - group-2EAD7310DA65: Finished taking a snapshot at:(t:1, i:0) file:/home/runner/work/ozone/ozone/hadoop-ozone/integration-test/target/test-dir/MiniOzoneClusterImpl-ac918204-cb9e-461d-be45-7a6421e2bbc3/datanode-1/data/ratis/c76c38ee-75ae-4700-bf4e-2ead7310da65/sm/snapshot.1_0 took: 1 ms
2021-08-21 01:44:08,336 [eb4e2853-1640-4057-8e90-7cd4a46526af@group-2A1F55711ACD-StateMachineUpdater] INFO  ratis.ContainerStateMachine (ContainerStateMachine.java:takeSnapshot(293)) - group-2A1F55711ACD: Taking a snapshot at:(t:1, i:0) file /home/runner/work/ozone/ozone/hadoop-ozone/integration-test/target/test-dir/MiniOzoneClusterImpl-ac918204-cb9e-461d-be45-7a6421e2bbc3/datanode-0/data/ratis/c27ea837-9390-4885-8c65-2a1f55711acd/sm/snapshot.1_0
2021-08-21 01:44:08,336 [6d4f4a2b-908a-44c0-8dce-7a4ce83b0e89@group-2EAD7310DA65-StateMachineUpdater] INFO  impl.StateMachineUpdater (StateMachineUpdater.java:takeSnapshot(281)) - 6d4f4a2b-908a-44c0-8dce-7a4ce83b0e89@group-2EAD7310DA65-StateMachineUpdater: Took a snapshot at index 0
2021-08-21 01:44:08,336 [6d4f4a2b-908a-44c0-8dce-7a4ce83b0e89@group-2EAD7310DA65-StateMachineUpdater] INFO  impl.StateMachineUpdater (StateMachineUpdater.java:lambda$new$0(89)) - 6d4f4a2b-908a-44c0-8dce-7a4ce83b0e89@group-2EAD7310DA65-StateMachineUpdater: snapshotIndex: updateIncreasingly -1 -> 0
2021-08-21 01:44:08,336 [Listener at 127.0.0.1/11936] INFO  server.RaftServer$Division (ServerState.java:close(419)) - 6d4f4a2b-908a-44c0-8dce-7a4ce83b0e89@group-2EAD7310DA65: closes. applyIndex: 0
2021-08-21 01:44:08,336 [eb4e2853-1640-4057-8e90-7cd4a46526af@group-2A1F55711ACD-StateMachineUpdater] INFO  ratis.ContainerStateMachine (ContainerStateMachine.java:takeSnapshot(304)) - group-2A1F55711ACD: Finished taking a snapshot at:(t:1, i:0) file:/home/runner/work/ozone/ozone/hadoop-ozone/integration-test/target/test-dir/MiniOzoneClusterImpl-ac918204-cb9e-461d-be45-7a6421e2bbc3/datanode-0/data/ratis/c27ea837-9390-4885-8c65-2a1f55711acd/sm/snapshot.1_0 took: 1 ms
2021-08-21 01:44:08,336 [eb4e2853-1640-4057-8e90-7cd4a46526af@group-2A1F55711ACD-StateMachineUpdater] INFO  impl.StateMachineUpdater (StateMachineUpdater.java:takeSnapshot(281)) - eb4e2853-1640-4057-8e90-7cd4a46526af@group-2A1F55711ACD-StateMachineUpdater: Took a snapshot at index 0
2021-08-21 01:44:08,336 [eb4e2853-1640-4057-8e90-7cd4a46526af@group-2A1F55711ACD-StateMachineUpdater] INFO  impl.StateMachineUpdater (StateMachineUpdater.java:lambda$new$0(89)) - eb4e2853-1640-4057-8e90-7cd4a46526af@group-2A1F55711ACD-StateMachineUpdater: snapshotIndex: updateIncreasingly -1 -> 0
2021-08-21 01:44:08,337 [ForkJoinPool.commonPool-worker-0] INFO  server.RaftServer$Division (ServerState.java:close(419)) - eb4e2853-1640-4057-8e90-7cd4a46526af@group-2A1F55711ACD: closes. applyIndex: 0
2021-08-21 01:44:08,337 [6d4f4a2b-908a-44c0-8dce-7a4ce83b0e89@group-2EAD7310DA65-SegmentedRaftLogWorker] INFO  segmented.SegmentedRaftLogWorker (SegmentedRaftLogWorker.java:run(327)) - 6d4f4a2b-908a-44c0-8dce-7a4ce83b0e89@group-2EAD7310DA65-SegmentedRaftLogWorker was interrupted, exiting. There are 0 tasks remaining in the queue.
2021-08-21 01:44:08,337 [Listener at 127.0.0.1/11936] INFO  segmented.SegmentedRaftLogWorker (SegmentedRaftLogWorker.java:close(237)) - 6d4f4a2b-908a-44c0-8dce-7a4ce83b0e89@group-2EAD7310DA65-SegmentedRaftLogWorker close()
2021-08-21 01:44:08,338 [eb4e2853-1640-4057-8e90-7cd4a46526af@group-2A1F55711ACD-SegmentedRaftLogWorker] INFO  segmented.SegmentedRaftLogWorker (SegmentedRaftLogWorker.java:run(327)) - eb4e2853-1640-4057-8e90-7cd4a46526af@group-2A1F55711ACD-SegmentedRaftLogWorker was interrupted, exiting. There are 0 tasks remaining in the queue.
2021-08-21 01:44:08,338 [ForkJoinPool.commonPool-worker-0] INFO  segmented.SegmentedRaftLogWorker (SegmentedRaftLogWorker.java:close(237)) - eb4e2853-1640-4057-8e90-7cd4a46526af@group-2A1F55711ACD-SegmentedRaftLogWorker close()
2021-08-21 01:44:08,338 [Listener at 127.0.0.1/11936] INFO  server.RaftServer$Division (RaftServerImpl.java:lambda$close$4(407)) - 6d4f4a2b-908a-44c0-8dce-7a4ce83b0e89@group-0D3987690834: shutdown
2021-08-21 01:44:08,339 [Listener at 127.0.0.1/11936] INFO  util.JmxRegister (JmxRegister.java:unregister(73)) - Successfully un-registered JMX Bean with object name Ratis:service=RaftServer,group=group-0D3987690834,id=6d4f4a2b-908a-44c0-8dce-7a4ce83b0e89
2021-08-21 01:44:08,339 [Listener at 127.0.0.1/11936] INFO  impl.RoleInfo (RoleInfo.java:shutdownLeaderState(91)) - 6d4f4a2b-908a-44c0-8dce-7a4ce83b0e89: shutdown 6d4f4a2b-908a-44c0-8dce-7a4ce83b0e89@group-0D3987690834-LeaderStateImpl
2021-08-21 01:44:08,339 [Listener at 127.0.0.1/11936] INFO  impl.PendingRequests (PendingRequests.java:sendNotLeaderResponses(282)) - 6d4f4a2b-908a-44c0-8dce-7a4ce83b0e89@group-0D3987690834-PendingRequests: sendNotLeaderResponses
2021-08-21 01:44:08,340 [Listener at 127.0.0.1/11936] INFO  impl.StateMachineUpdater (StateMachineUpdater.java:stopAndJoin(149)) - 6d4f4a2b-908a-44c0-8dce-7a4ce83b0e89@group-0D3987690834-StateMachineUpdater: set stopIndex = 0
2021-08-21 01:44:08,340 [6d4f4a2b-908a-44c0-8dce-7a4ce83b0e89@group-0D3987690834-StateMachineUpdater] INFO  ratis.ContainerStateMachine (ContainerStateMachine.java:takeSnapshot(293)) - group-0D3987690834: Taking a snapshot at:(t:1, i:0) file /home/runner/work/ozone/ozone/hadoop-ozone/integration-test/target/test-dir/MiniOzoneClusterImpl-ac918204-cb9e-461d-be45-7a6421e2bbc3/datanode-1/data/ratis/60e3d6a4-e67b-4d32-8fe0-0d3987690834/sm/snapshot.1_0
2021-08-21 01:44:08,342 [ForkJoinPool.commonPool-worker-0] INFO  server.RaftServer$Division (RaftServerImpl.java:lambda$close$4(407)) - eb4e2853-1640-4057-8e90-7cd4a46526af@group-2EAD7310DA65: shutdown
2021-08-21 01:44:08,342 [ForkJoinPool.commonPool-worker-0] INFO  util.JmxRegister (JmxRegister.java:unregister(73)) - Successfully un-registered JMX Bean with object name Ratis:service=RaftServer,group=group-2EAD7310DA65,id=eb4e2853-1640-4057-8e90-7cd4a46526af
2021-08-21 01:44:08,342 [ForkJoinPool.commonPool-worker-0] INFO  impl.RoleInfo (RoleInfo.java:shutdownLeaderState(91)) - eb4e2853-1640-4057-8e90-7cd4a46526af: shutdown eb4e2853-1640-4057-8e90-7cd4a46526af@group-2EAD7310DA65-LeaderStateImpl
2021-08-21 01:44:08,343 [6d4f4a2b-908a-44c0-8dce-7a4ce83b0e89@group-0D3987690834-StateMachineUpdater] INFO  ratis.ContainerStateMachine (ContainerStateMachine.java:takeSnapshot(304)) - group-0D3987690834: Finished taking a snapshot at:(t:1, i:0) file:/home/runner/work/ozone/ozone/hadoop-ozone/integration-test/target/test-dir/MiniOzoneClusterImpl-ac918204-cb9e-461d-be45-7a6421e2bbc3/datanode-1/data/ratis/60e3d6a4-e67b-4d32-8fe0-0d3987690834/sm/snapshot.1_0 took: 2 ms
2021-08-21 01:44:08,343 [6d4f4a2b-908a-44c0-8dce-7a4ce83b0e89@group-0D3987690834-StateMachineUpdater] INFO  impl.StateMachineUpdater (StateMachineUpdater.java:takeSnapshot(281)) - 6d4f4a2b-908a-44c0-8dce-7a4ce83b0e89@group-0D3987690834-StateMachineUpdater: Took a snapshot at index 0
2021-08-21 01:44:08,343 [6d4f4a2b-908a-44c0-8dce-7a4ce83b0e89@group-0D3987690834-StateMachineUpdater] INFO  impl.StateMachineUpdater (StateMachineUpdater.java:lambda$new$0(89)) - 6d4f4a2b-908a-44c0-8dce-7a4ce83b0e89@group-0D3987690834-StateMachineUpdater: snapshotIndex: updateIncreasingly -1 -> 0
2021-08-21 01:44:08,343 [Listener at 127.0.0.1/11936] INFO  server.RaftServer$Division (ServerState.java:close(419)) - 6d4f4a2b-908a-44c0-8dce-7a4ce83b0e89@group-0D3987690834: closes. applyIndex: 0
2021-08-21 01:44:08,344 [eb4e2853-1640-4057-8e90-7cd4a46526af@group-2EAD7310DA65->4a0ceec5-2fcf-430e-9ae7-7442e0b596cf-GrpcLogAppender-LogAppenderDaemon] WARN  server.GrpcLogAppender (GrpcLogAppender.java:mayWait(175)) - eb4e2853-1640-4057-8e90-7cd4a46526af@group-2EAD7310DA65->4a0ceec5-2fcf-430e-9ae7-7442e0b596cf-GrpcLogAppender: Wait interrupted by java.lang.InterruptedException
2021-08-21 01:44:08,343 [eb4e2853-1640-4057-8e90-7cd4a46526af@group-2EAD7310DA65->6d4f4a2b-908a-44c0-8dce-7a4ce83b0e89-GrpcLogAppender-LogAppenderDaemon] WARN  server.GrpcLogAppender (GrpcLogAppender.java:mayWait(175)) - eb4e2853-1640-4057-8e90-7cd4a46526af@group-2EAD7310DA65->6d4f4a2b-908a-44c0-8dce-7a4ce83b0e89-GrpcLogAppender: Wait interrupted by java.lang.InterruptedException
2021-08-21 01:44:08,343 [ForkJoinPool.commonPool-worker-0] INFO  impl.PendingRequests (PendingRequests.java:sendNotLeaderResponses(282)) - eb4e2853-1640-4057-8e90-7cd4a46526af@group-2EAD7310DA65-PendingRequests: sendNotLeaderResponses
2021-08-21 01:44:08,345 [6d4f4a2b-908a-44c0-8dce-7a4ce83b0e89@group-0D3987690834-SegmentedRaftLogWorker] INFO  segmented.SegmentedRaftLogWorker (SegmentedRaftLogWorker.java:run(327)) - 6d4f4a2b-908a-44c0-8dce-7a4ce83b0e89@group-0D3987690834-SegmentedRaftLogWorker was interrupted, exiting. There are 0 tasks remaining in the queue.
2021-08-21 01:44:08,344 [grpc-default-executor-3] INFO  server.GrpcServerProtocolService (GrpcServerProtocolService.java:onCompleted(140)) - 4a0ceec5-2fcf-430e-9ae7-7442e0b596cf: Completed APPEND_ENTRIES, lastRequest: eb4e2853-1640-4057-8e90-7cd4a46526af->4a0ceec5-2fcf-430e-9ae7-7442e0b596cf#1-t1,previous=(t:0, i:0),leaderCommit=-1,initializing? true,entries: size=1, first=(t:1, i:0), CONFIGURATIONENTRY
2021-08-21 01:44:08,346 [eb4e2853-1640-4057-8e90-7cd4a46526af@group-2EAD7310DA65-StateMachineUpdater] INFO  ratis.ContainerStateMachine (ContainerStateMachine.java:takeSnapshot(293)) - group-2EAD7310DA65: Taking a snapshot at:(t:1, i:0) file /home/runner/work/ozone/ozone/hadoop-ozone/integration-test/target/test-dir/MiniOzoneClusterImpl-ac918204-cb9e-461d-be45-7a6421e2bbc3/datanode-0/data/ratis/c76c38ee-75ae-4700-bf4e-2ead7310da65/sm/snapshot.1_0
2021-08-21 01:44:08,346 [ForkJoinPool.commonPool-worker-0] INFO  impl.StateMachineUpdater (StateMachineUpdater.java:stopAndJoin(149)) - eb4e2853-1640-4057-8e90-7cd4a46526af@group-2EAD7310DA65-StateMachineUpdater: set stopIndex = 0
2021-08-21 01:44:08,346 [grpc-default-executor-3] INFO  server.GrpcLogAppender (GrpcLogAppender.java:onCompleted(344)) - eb4e2853-1640-4057-8e90-7cd4a46526af@group-2EAD7310DA65->4a0ceec5-2fcf-430e-9ae7-7442e0b596cf-AppendLogResponseHandler: follower responses appendEntries COMPLETED
2021-08-21 01:44:08,346 [grpc-default-executor-3] INFO  leader.FollowerInfo (FollowerInfoImpl.java:lambda$new$0(46)) - eb4e2853-1640-4057-8e90-7cd4a46526af@group-2EAD7310DA65->4a0ceec5-2fcf-430e-9ae7-7442e0b596cf: nextIndex: updateUnconditionally 1 -> 0
2021-08-21 01:44:08,346 [eb4e2853-1640-4057-8e90-7cd4a46526af@group-2EAD7310DA65-StateMachineUpdater] INFO  ratis.ContainerStateMachine (ContainerStateMachine.java:takeSnapshot(304)) - group-2EAD7310DA65: Finished taking a snapshot at:(t:1, i:0) file:/home/runner/work/ozone/ozone/hadoop-ozone/integration-test/target/test-dir/MiniOzoneClusterImpl-ac918204-cb9e-461d-be45-7a6421e2bbc3/datanode-0/data/ratis/c76c38ee-75ae-4700-bf4e-2ead7310da65/sm/snapshot.1_0 took: 1 ms
2021-08-21 01:44:08,345 [grpc-default-executor-0] INFO  server.GrpcServerProtocolService (GrpcServerProtocolService.java:onCompleted(140)) - 6d4f4a2b-908a-44c0-8dce-7a4ce83b0e89: Completed APPEND_ENTRIES, lastRequest: eb4e2853-1640-4057-8e90-7cd4a46526af->6d4f4a2b-908a-44c0-8dce-7a4ce83b0e89#1-t1,previous=(t:0, i:0),leaderCommit=0,initializing? true,entries: size=1, first=(t:1, i:0), CONFIGURATIONENTRY
2021-08-21 01:44:08,346 [eb4e2853-1640-4057-8e90-7cd4a46526af@group-2EAD7310DA65-StateMachineUpdater] INFO  impl.StateMachineUpdater (StateMachineUpdater.java:takeSnapshot(281)) - eb4e2853-1640-4057-8e90-7cd4a46526af@group-2EAD7310DA65-StateMachineUpdater: Took a snapshot at index 0
2021-08-21 01:44:08,346 [eb4e2853-1640-4057-8e90-7cd4a46526af@group-2EAD7310DA65-StateMachineUpdater] INFO  impl.StateMachineUpdater (StateMachineUpdater.java:lambda$new$0(89)) - eb4e2853-1640-4057-8e90-7cd4a46526af@group-2EAD7310DA65-StateMachineUpdater: snapshotIndex: updateIncreasingly -1 -> 0
2021-08-21 01:44:08,347 [ForkJoinPool.commonPool-worker-0] INFO  server.RaftServer$Division (ServerState.java:close(419)) - eb4e2853-1640-4057-8e90-7cd4a46526af@group-2EAD7310DA65: closes. applyIndex: 0
2021-08-21 01:44:08,347 [eb4e2853-1640-4057-8e90-7cd4a46526af@group-2EAD7310DA65-SegmentedRaftLogWorker] INFO  segmented.SegmentedRaftLogWorker (SegmentedRaftLogWorker.java:run(327)) - eb4e2853-1640-4057-8e90-7cd4a46526af@group-2EAD7310DA65-SegmentedRaftLogWorker was interrupted, exiting. There are 0 tasks remaining in the queue.
2021-08-21 01:44:08,347 [grpc-default-executor-3] INFO  server.GrpcLogAppender (GrpcLogAppender.java:onCompleted(344)) - eb4e2853-1640-4057-8e90-7cd4a46526af@group-2EAD7310DA65->6d4f4a2b-908a-44c0-8dce-7a4ce83b0e89-AppendLogResponseHandler: follower responses appendEntries COMPLETED
2021-08-21 01:44:08,347 [ForkJoinPool.commonPool-worker-0] INFO  segmented.SegmentedRaftLogWorker (SegmentedRaftLogWorker.java:close(237)) - eb4e2853-1640-4057-8e90-7cd4a46526af@group-2EAD7310DA65-SegmentedRaftLogWorker close()
2021-08-21 01:44:08,347 [Listener at 127.0.0.1/11936] INFO  segmented.SegmentedRaftLogWorker (SegmentedRaftLogWorker.java:close(237)) - 6d4f4a2b-908a-44c0-8dce-7a4ce83b0e89@group-0D3987690834-SegmentedRaftLogWorker close()
2021-08-21 01:44:08,347 [grpc-default-executor-3] INFO  leader.FollowerInfo (FollowerInfoImpl.java:lambda$new$0(46)) - eb4e2853-1640-4057-8e90-7cd4a46526af@group-2EAD7310DA65->6d4f4a2b-908a-44c0-8dce-7a4ce83b0e89: nextIndex: updateUnconditionally 1 -> 0
2021-08-21 01:44:08,348 [ForkJoinPool.commonPool-worker-0] INFO  server.GrpcService (GrpcService.java:closeImpl(262)) - eb4e2853-1640-4057-8e90-7cd4a46526af: shutdown server with port 38129 now
2021-08-21 01:44:08,351 [grpc-default-executor-0] WARN  server.GrpcServerProtocolService (LogUtils.java:warn(122)) - eb4e2853-1640-4057-8e90-7cd4a46526af: installSnapshot onError, lastRequest: 4a0ceec5-2fcf-430e-9ae7-7442e0b596cf->eb4e2853-1640-4057-8e90-7cd4a46526af#1-t5,previous=(t:0, i:0),leaderCommit=-1,initializing? true,entries: size=1, first=(t:5, i:0), CONFIGURATIONENTRY: org.apache.ratis.thirdparty.io.grpc.StatusRuntimeException: CANCELLED: client cancelled
2021-08-21 01:44:08,352 [Listener at 127.0.0.1/11936] INFO  server.GrpcService (GrpcService.java:closeImpl(262)) - 6d4f4a2b-908a-44c0-8dce-7a4ce83b0e89: shutdown server with port 45247 now
2021-08-21 01:44:08,354 [grpc-default-executor-3] WARN  server.GrpcLogAppender (LogUtils.java:warn(122)) - 4a0ceec5-2fcf-430e-9ae7-7442e0b596cf@group-27CBBBE1E3F9->eb4e2853-1640-4057-8e90-7cd4a46526af-AppendLogResponseHandler: Failed appendEntries: org.apache.ratis.thirdparty.io.grpc.StatusRuntimeException: CANCELLED: HTTP/2 error code: CANCEL
Received Rst Stream
2021-08-21 01:44:08,354 [grpc-default-executor-3] WARN  server.GrpcLogAppender (GrpcLogAppender.java:resetClient(111)) - 4a0ceec5-2fcf-430e-9ae7-7442e0b596cf@group-27CBBBE1E3F9->eb4e2853-1640-4057-8e90-7cd4a46526af-GrpcLogAppender: Leader has not got in touch with Follower 4a0ceec5-2fcf-430e-9ae7-7442e0b596cf@group-27CBBBE1E3F9->eb4e2853-1640-4057-8e90-7cd4a46526af(c0,m0,n1, attendVote=true, lastRpcSendTime=756, lastRpcResponseTime=755) yet, just keep nextIndex unchanged and retry.
2021-08-21 01:44:08,355 [ForkJoinPool.commonPool-worker-0] INFO  server.GrpcService (GrpcService.java:closeImpl(271)) - eb4e2853-1640-4057-8e90-7cd4a46526af: shutdown server with port 38129 successfully
2021-08-21 01:44:08,355 [org.apache.ratis.util.JvmPauseMonitor$$Lambda$536/1549433175@4a0f369b] INFO  util.JvmPauseMonitor (JvmPauseMonitor.java:run(109)) - JvmPauseMonitor-eb4e2853-1640-4057-8e90-7cd4a46526af: Stopped
2021-08-21 01:44:08,356 [grpc-default-executor-5] WARN  server.GrpcServerProtocolService (LogUtils.java:warn(122)) - 6d4f4a2b-908a-44c0-8dce-7a4ce83b0e89: installSnapshot onError, lastRequest: 4a0ceec5-2fcf-430e-9ae7-7442e0b596cf->6d4f4a2b-908a-44c0-8dce-7a4ce83b0e89#1-t5,previous=(t:0, i:0),leaderCommit=-1,initializing? true,entries: size=1, first=(t:5, i:0), CONFIGURATIONENTRY: org.apache.ratis.thirdparty.io.grpc.StatusRuntimeException: CANCELLED: client cancelled
2021-08-21 01:44:08,357 [ForkJoinPool.commonPool-worker-0] INFO  utils.BackgroundService (BackgroundService.java:shutdown(132)) - Shutting down service BlockDeletingService
2021-08-21 01:44:08,359 [grpc-default-executor-5] WARN  server.GrpcLogAppender (LogUtils.java:warn(122)) - 4a0ceec5-2fcf-430e-9ae7-7442e0b596cf@group-27CBBBE1E3F9->6d4f4a2b-908a-44c0-8dce-7a4ce83b0e89-AppendLogResponseHandler: Failed appendEntries: org.apache.ratis.thirdparty.io.grpc.StatusRuntimeException: CANCELLED: HTTP/2 error code: CANCEL
Received Rst Stream
2021-08-21 01:44:08,359 [grpc-default-executor-5] WARN  server.GrpcLogAppender (GrpcLogAppender.java:resetClient(111)) - 4a0ceec5-2fcf-430e-9ae7-7442e0b596cf@group-27CBBBE1E3F9->6d4f4a2b-908a-44c0-8dce-7a4ce83b0e89-GrpcLogAppender: Leader has not got in touch with Follower 4a0ceec5-2fcf-430e-9ae7-7442e0b596cf@group-27CBBBE1E3F9->6d4f4a2b-908a-44c0-8dce-7a4ce83b0e89(c0,m0,n1, attendVote=true, lastRpcSendTime=749, lastRpcResponseTime=749) yet, just keep nextIndex unchanged and retry.
2021-08-21 01:44:08,389 [Listener at 127.0.0.1/11936] INFO  server.GrpcService (GrpcService.java:closeImpl(271)) - 6d4f4a2b-908a-44c0-8dce-7a4ce83b0e89: shutdown server with port 45247 successfully
2021-08-21 01:44:08,389 [org.apache.ratis.util.JvmPauseMonitor$$Lambda$536/1549433175@6bbc49b9] INFO  util.JvmPauseMonitor (JvmPauseMonitor.java:run(109)) - JvmPauseMonitor-6d4f4a2b-908a-44c0-8dce-7a4ce83b0e89: Stopped
2021-08-21 01:44:08,390 [Listener at 127.0.0.1/11936] INFO  utils.BackgroundService (BackgroundService.java:shutdown(132)) - Shutting down service BlockDeletingService
2021-08-21 01:44:08,542 [EndpointStateMachine task thread for /0.0.0.0:39161 - 0 ] INFO  ipc.Client (Client.java:handleConnectionFailure(977)) - Retrying connect to server: 0.0.0.0/0.0.0.0:39161. Already tried 3 time(s); retry policy is RetryUpToMaximumCountWithFixedSleep(maxRetries=15, sleepTime=1000 MILLISECONDS)
2021-08-21 01:44:09,542 [EndpointStateMachine task thread for /0.0.0.0:39161 - 0 ] INFO  ipc.Client (Client.java:handleConnectionFailure(977)) - Retrying connect to server: 0.0.0.0/0.0.0.0:39161. Already tried 4 time(s); retry policy is RetryUpToMaximumCountWithFixedSleep(maxRetries=15, sleepTime=1000 MILLISECONDS)
2021-08-21 01:44:10,129 [grpc-default-executor-5] WARN  server.GrpcLogAppender (LogUtils.java:warn(122)) - 4a0ceec5-2fcf-430e-9ae7-7442e0b596cf@group-27CBBBE1E3F9->eb4e2853-1640-4057-8e90-7cd4a46526af-AppendLogResponseHandler: Failed appendEntries: org.apache.ratis.thirdparty.io.grpc.StatusRuntimeException: UNAVAILABLE: io exception
2021-08-21 01:44:10,129 [grpc-default-executor-5] WARN  server.GrpcLogAppender (GrpcLogAppender.java:resetClient(111)) - 4a0ceec5-2fcf-430e-9ae7-7442e0b596cf@group-27CBBBE1E3F9->eb4e2853-1640-4057-8e90-7cd4a46526af-GrpcLogAppender: Leader has not got in touch with Follower 4a0ceec5-2fcf-430e-9ae7-7442e0b596cf@group-27CBBBE1E3F9->eb4e2853-1640-4057-8e90-7cd4a46526af(c0,m0,n1, attendVote=true, lastRpcSendTime=1, lastRpcResponseTime=2530) yet, just keep nextIndex unchanged and retry.
2021-08-21 01:44:10,130 [grpc-default-executor-5] WARN  server.GrpcLogAppender (LogUtils.java:warn(122)) - 4a0ceec5-2fcf-430e-9ae7-7442e0b596cf@group-27CBBBE1E3F9->6d4f4a2b-908a-44c0-8dce-7a4ce83b0e89-AppendLogResponseHandler: Failed appendEntries: org.apache.ratis.thirdparty.io.grpc.StatusRuntimeException: UNAVAILABLE: io exception
2021-08-21 01:44:10,131 [grpc-default-executor-5] WARN  server.GrpcLogAppender (GrpcLogAppender.java:resetClient(111)) - 4a0ceec5-2fcf-430e-9ae7-7442e0b596cf@group-27CBBBE1E3F9->6d4f4a2b-908a-44c0-8dce-7a4ce83b0e89-GrpcLogAppender: Leader has not got in touch with Follower 4a0ceec5-2fcf-430e-9ae7-7442e0b596cf@group-27CBBBE1E3F9->6d4f4a2b-908a-44c0-8dce-7a4ce83b0e89(c0,m0,n1, attendVote=true, lastRpcSendTime=0, lastRpcResponseTime=2520) yet, just keep nextIndex unchanged and retry.
2021-08-21 01:44:10,543 [EndpointStateMachine task thread for /0.0.0.0:39161 - 0 ] INFO  ipc.Client (Client.java:handleConnectionFailure(977)) - Retrying connect to server: 0.0.0.0/0.0.0.0:39161. Already tried 5 time(s); retry policy is RetryUpToMaximumCountWithFixedSleep(maxRetries=15, sleepTime=1000 MILLISECONDS)
2021-08-21 01:44:11,364 [ForkJoinPool.commonPool-worker-0] INFO  statemachine.DatanodeStateMachine (DatanodeStateMachine.java:stopDaemon(515)) - Ozone container server stopped.
2021-08-21 01:44:11,370 [ForkJoinPool.commonPool-worker-0] INFO  handler.ContextHandler (ContextHandler.java:doStop(1153)) - Stopped o.e.j.w.WebAppContext@56b847d8{hddsDatanode,/,null,STOPPED}{jar:file:/home/runner/.m2/repository/org/apache/ozone/hdds-container-service/1.2.0-SNAPSHOT/hdds-container-service-1.2.0-SNAPSHOT.jar!/webapps/hddsDatanode}
2021-08-21 01:44:11,370 [ForkJoinPool.commonPool-worker-0] INFO  server.AbstractConnector (AbstractConnector.java:doStop(381)) - Stopped ServerConnector@76a893c1{HTTP/1.1, (http/1.1)}{0.0.0.0:0}
2021-08-21 01:44:11,370 [ForkJoinPool.commonPool-worker-0] INFO  server.session (HouseKeeper.java:stopScavenging(149)) - node0 Stopped scavenging
2021-08-21 01:44:11,371 [ForkJoinPool.commonPool-worker-0] INFO  handler.ContextHandler (ContextHandler.java:doStop(1153)) - Stopped o.e.j.s.ServletContextHandler@4d5026b1{static,/static,jar:file:/home/runner/.m2/repository/org/apache/ozone/hdds-container-service/1.2.0-SNAPSHOT/hdds-container-service-1.2.0-SNAPSHOT.jar!/webapps/static,STOPPED}
2021-08-21 01:44:11,372 [ForkJoinPool.commonPool-worker-0] INFO  handler.ContextHandler (ContextHandler.java:doStop(1153)) - Stopped o.e.j.s.ServletContextHandler@7ff2380a{logs,/logs,file:///home/runner/work/ozone/ozone/hadoop-ozone/integration-test/target/log,STOPPED}
2021-08-21 01:44:11,397 [Listener at 127.0.0.1/11936] INFO  statemachine.DatanodeStateMachine (DatanodeStateMachine.java:stopDaemon(515)) - Ozone container server stopped.
2021-08-21 01:44:11,398 [Listener at 127.0.0.1/11936] INFO  handler.ContextHandler (ContextHandler.java:doStop(1153)) - Stopped o.e.j.w.WebAppContext@404ecccf{hddsDatanode,/,null,STOPPED}{jar:file:/home/runner/.m2/repository/org/apache/ozone/hdds-container-service/1.2.0-SNAPSHOT/hdds-container-service-1.2.0-SNAPSHOT.jar!/webapps/hddsDatanode}
2021-08-21 01:44:11,398 [Listener at 127.0.0.1/11936] INFO  server.AbstractConnector (AbstractConnector.java:doStop(381)) - Stopped ServerConnector@30770b04{HTTP/1.1, (http/1.1)}{0.0.0.0:0}
2021-08-21 01:44:11,398 [Listener at 127.0.0.1/11936] INFO  server.session (HouseKeeper.java:stopScavenging(149)) - node0 Stopped scavenging
2021-08-21 01:44:11,399 [Listener at 127.0.0.1/11936] INFO  handler.ContextHandler (ContextHandler.java:doStop(1153)) - Stopped o.e.j.s.ServletContextHandler@6ebebe3a{static,/static,jar:file:/home/runner/.m2/repository/org/apache/ozone/hdds-container-service/1.2.0-SNAPSHOT/hdds-container-service-1.2.0-SNAPSHOT.jar!/webapps/static,STOPPED}
2021-08-21 01:44:11,399 [Listener at 127.0.0.1/11936] INFO  handler.ContextHandler (ContextHandler.java:doStop(1153)) - Stopped o.e.j.s.ServletContextHandler@56361dab{logs,/logs,file:///home/runner/work/ozone/ozone/hadoop-ozone/integration-test/target/log,STOPPED}
2021-08-21 01:44:11,543 [Datanode State Machine Thread - 0] WARN  statemachine.StateContext (StateContext.java:setState(246)) - Ignore disallowed transition from SHUTDOWN to RUNNING
2021-08-21 01:44:11,543 [Datanode State Machine Thread - 0] INFO  statemachine.DatanodeStateMachine (DatanodeStateMachine.java:lambda$startDaemon$0(457)) - Ozone container server started.
2021-08-21 01:44:11,544 [EndpointStateMachine task thread for /0.0.0.0:39161 - 0 ] INFO  ipc.Client (Client.java:handleConnectionFailure(977)) - Retrying connect to server: 0.0.0.0/0.0.0.0:39161. Already tried 6 time(s); retry policy is RetryUpToMaximumCountWithFixedSleep(maxRetries=15, sleepTime=1000 MILLISECONDS)
2021-08-21 01:44:12,544 [EndpointStateMachine task thread for /0.0.0.0:39161 - 0 ] INFO  ipc.Client (Client.java:handleConnectionFailure(977)) - Retrying connect to server: 0.0.0.0/0.0.0.0:39161. Already tried 7 time(s); retry policy is RetryUpToMaximumCountWithFixedSleep(maxRetries=15, sleepTime=1000 MILLISECONDS)
2021-08-21 01:44:12,632 [grpc-default-executor-5] WARN  server.GrpcLogAppender (LogUtils.java:warn(122)) - 4a0ceec5-2fcf-430e-9ae7-7442e0b596cf@group-27CBBBE1E3F9->eb4e2853-1640-4057-8e90-7cd4a46526af-AppendLogResponseHandler: Failed appendEntries: org.apache.ratis.thirdparty.io.grpc.StatusRuntimeException: UNAVAILABLE: io exception
2021-08-21 01:44:12,633 [grpc-default-executor-0] WARN  server.GrpcLogAppender (LogUtils.java:warn(122)) - 4a0ceec5-2fcf-430e-9ae7-7442e0b596cf@group-27CBBBE1E3F9->6d4f4a2b-908a-44c0-8dce-7a4ce83b0e89-AppendLogResponseHandler: Failed appendEntries: org.apache.ratis.thirdparty.io.grpc.StatusRuntimeException: UNAVAILABLE: io exception
2021-08-21 01:44:12,633 [grpc-default-executor-0] WARN  server.GrpcLogAppender (GrpcLogAppender.java:resetClient(111)) - 4a0ceec5-2fcf-430e-9ae7-7442e0b596cf@group-27CBBBE1E3F9->6d4f4a2b-908a-44c0-8dce-7a4ce83b0e89-GrpcLogAppender: Leader has not got in touch with Follower 4a0ceec5-2fcf-430e-9ae7-7442e0b596cf@group-27CBBBE1E3F9->6d4f4a2b-908a-44c0-8dce-7a4ce83b0e89(c0,m0,n1, attendVote=true, lastRpcSendTime=2502, lastRpcResponseTime=5023) yet, just keep nextIndex unchanged and retry.
2021-08-21 01:44:12,633 [grpc-default-executor-5] WARN  server.GrpcLogAppender (GrpcLogAppender.java:resetClient(111)) - 4a0ceec5-2fcf-430e-9ae7-7442e0b596cf@group-27CBBBE1E3F9->eb4e2853-1640-4057-8e90-7cd4a46526af-GrpcLogAppender: Leader has not got in touch with Follower 4a0ceec5-2fcf-430e-9ae7-7442e0b596cf@group-27CBBBE1E3F9->eb4e2853-1640-4057-8e90-7cd4a46526af(c0,m0,n1, attendVote=true, lastRpcSendTime=2504, lastRpcResponseTime=5034) yet, just keep nextIndex unchanged and retry.
2021-08-21 01:44:13,545 [EndpointStateMachine task thread for /0.0.0.0:39161 - 0 ] INFO  ipc.Client (Client.java:handleConnectionFailure(977)) - Retrying connect to server: 0.0.0.0/0.0.0.0:39161. Already tried 8 time(s); retry policy is RetryUpToMaximumCountWithFixedSleep(maxRetries=15, sleepTime=1000 MILLISECONDS)
2021-08-21 01:44:14,546 [EndpointStateMachine task thread for /0.0.0.0:39161 - 0 ] INFO  ipc.Client (Client.java:handleConnectionFailure(977)) - Retrying connect to server: 0.0.0.0/0.0.0.0:39161. Already tried 9 time(s); retry policy is RetryUpToMaximumCountWithFixedSleep(maxRetries=15, sleepTime=1000 MILLISECONDS)
2021-08-21 01:44:14,960 [4a0ceec5-2fcf-430e-9ae7-7442e0b596cf@group-2EAD7310DA65-FollowerState] INFO  impl.FollowerState (FollowerState.java:run(134)) - 4a0ceec5-2fcf-430e-9ae7-7442e0b596cf@group-2EAD7310DA65-FollowerState: change to CANDIDATE, lastRpcElapsedTime:7695500898ns, electionTimeout:5182ms
2021-08-21 01:44:14,960 [4a0ceec5-2fcf-430e-9ae7-7442e0b596cf@group-2EAD7310DA65-FollowerState] INFO  impl.RoleInfo (RoleInfo.java:shutdownFollowerState(108)) - 4a0ceec5-2fcf-430e-9ae7-7442e0b596cf: shutdown 4a0ceec5-2fcf-430e-9ae7-7442e0b596cf@group-2EAD7310DA65-FollowerState
2021-08-21 01:44:14,960 [4a0ceec5-2fcf-430e-9ae7-7442e0b596cf@group-2EAD7310DA65-FollowerState] INFO  server.RaftServer$Division (RaftServerImpl.java:setRole(285)) - 4a0ceec5-2fcf-430e-9ae7-7442e0b596cf@group-2EAD7310DA65: changes role from  FOLLOWER to CANDIDATE at term 1 for changeToCandidate
2021-08-21 01:44:14,960 [4a0ceec5-2fcf-430e-9ae7-7442e0b596cf@group-2EAD7310DA65-FollowerState] INFO  server.RaftServerConfigKeys (ConfUtils.java:logGet(44)) - raft.server.leaderelection.pre-vote = false (custom)
2021-08-21 01:44:14,960 [4a0ceec5-2fcf-430e-9ae7-7442e0b596cf@group-2EAD7310DA65-FollowerState] INFO  impl.RoleInfo (RoleInfo.java:updateAndGet(130)) - 4a0ceec5-2fcf-430e-9ae7-7442e0b596cf: start 4a0ceec5-2fcf-430e-9ae7-7442e0b596cf@group-2EAD7310DA65-LeaderElection16
2021-08-21 01:44:14,977 [4a0ceec5-2fcf-430e-9ae7-7442e0b596cf@group-2EAD7310DA65-LeaderElection16] INFO  server.RaftServer$Division (ServerState.java:setLeader(285)) - 4a0ceec5-2fcf-430e-9ae7-7442e0b596cf@group-2EAD7310DA65: change Leader from eb4e2853-1640-4057-8e90-7cd4a46526af to null at term 1 for ELECTION
2021-08-21 01:44:14,979 [4a0ceec5-2fcf-430e-9ae7-7442e0b596cf@group-2EAD7310DA65-LeaderElection16] INFO  impl.LeaderElection (LeaderElection.java:askForVotes(306)) - 4a0ceec5-2fcf-430e-9ae7-7442e0b596cf@group-2EAD7310DA65-LeaderElection16 ELECTION round 0: submit vote requests at term 2 for 0: [6d4f4a2b-908a-44c0-8dce-7a4ce83b0e89|rpc:10.1.0.26:45247|dataStream:|priority:0, eb4e2853-1640-4057-8e90-7cd4a46526af|rpc:10.1.0.26:38129|dataStream:|priority:1, 4a0ceec5-2fcf-430e-9ae7-7442e0b596cf|rpc:10.1.0.26:38401|dataStream:|priority:0], old=null
2021-08-21 01:44:15,001 [4a0ceec5-2fcf-430e-9ae7-7442e0b596cf@group-2EAD7310DA65-LeaderElection16] INFO  impl.LeaderElection (LogUtils.java:infoOrTrace(137)) - 4a0ceec5-2fcf-430e-9ae7-7442e0b596cf@group-2EAD7310DA65-LeaderElection16 got exception when requesting votes: java.util.concurrent.ExecutionException: org.apache.ratis.thirdparty.io.grpc.StatusRuntimeException: UNAVAILABLE: io exception
2021-08-21 01:44:15,001 [4a0ceec5-2fcf-430e-9ae7-7442e0b596cf@group-2EAD7310DA65-LeaderElection16] INFO  impl.LeaderElection (LogUtils.java:infoOrTrace(137)) - 4a0ceec5-2fcf-430e-9ae7-7442e0b596cf@group-2EAD7310DA65-LeaderElection16 got exception when requesting votes: java.util.concurrent.ExecutionException: org.apache.ratis.thirdparty.io.grpc.StatusRuntimeException: UNAVAILABLE: io exception
2021-08-21 01:44:15,001 [4a0ceec5-2fcf-430e-9ae7-7442e0b596cf@group-2EAD7310DA65-LeaderElection16] INFO  impl.LeaderElection (LeaderElection.java:logAndReturn(89)) - 4a0ceec5-2fcf-430e-9ae7-7442e0b596cf@group-2EAD7310DA65-LeaderElection16: ELECTION REJECTED received 0 response(s) and 2 exception(s):
2021-08-21 01:44:15,002 [4a0ceec5-2fcf-430e-9ae7-7442e0b596cf@group-2EAD7310DA65-LeaderElection16] INFO  impl.LeaderElection (LogUtils.java:infoOrTrace(137)) -   Exception 0: java.util.concurrent.ExecutionException: org.apache.ratis.thirdparty.io.grpc.StatusRuntimeException: UNAVAILABLE: io exception
2021-08-21 01:44:15,002 [4a0ceec5-2fcf-430e-9ae7-7442e0b596cf@group-2EAD7310DA65-LeaderElection16] INFO  impl.LeaderElection (LogUtils.java:infoOrTrace(137)) -   Exception 1: java.util.concurrent.ExecutionException: org.apache.ratis.thirdparty.io.grpc.StatusRuntimeException: UNAVAILABLE: io exception
2021-08-21 01:44:15,002 [4a0ceec5-2fcf-430e-9ae7-7442e0b596cf@group-2EAD7310DA65-LeaderElection16] INFO  impl.LeaderElection (LeaderElection.java:askForVotes(308)) - 4a0ceec5-2fcf-430e-9ae7-7442e0b596cf@group-2EAD7310DA65-LeaderElection16 ELECTION round 0: result REJECTED
2021-08-21 01:44:15,002 [4a0ceec5-2fcf-430e-9ae7-7442e0b596cf@group-2EAD7310DA65-LeaderElection16] INFO  server.RaftServer$Division (RaftServerImpl.java:setRole(285)) - 4a0ceec5-2fcf-430e-9ae7-7442e0b596cf@group-2EAD7310DA65: changes role from CANDIDATE to FOLLOWER at term 2 for REJECTED
2021-08-21 01:44:15,002 [4a0ceec5-2fcf-430e-9ae7-7442e0b596cf@group-2EAD7310DA65-LeaderElection16] INFO  impl.RoleInfo (RoleInfo.java:shutdownLeaderElection(121)) - 4a0ceec5-2fcf-430e-9ae7-7442e0b596cf: shutdown 4a0ceec5-2fcf-430e-9ae7-7442e0b596cf@group-2EAD7310DA65-LeaderElection16
2021-08-21 01:44:15,002 [4a0ceec5-2fcf-430e-9ae7-7442e0b596cf@group-2EAD7310DA65-LeaderElection16] INFO  impl.RoleInfo (RoleInfo.java:updateAndGet(130)) - 4a0ceec5-2fcf-430e-9ae7-7442e0b596cf: start 4a0ceec5-2fcf-430e-9ae7-7442e0b596cf@group-2EAD7310DA65-FollowerState
2021-08-21 01:44:15,136 [grpc-default-executor-5] WARN  server.GrpcLogAppender (LogUtils.java:warn(122)) - 4a0ceec5-2fcf-430e-9ae7-7442e0b596cf@group-27CBBBE1E3F9->eb4e2853-1640-4057-8e90-7cd4a46526af-AppendLogResponseHandler: Failed appendEntries: org.apache.ratis.thirdparty.io.grpc.StatusRuntimeException: UNAVAILABLE: io exception
2021-08-21 01:44:15,138 [grpc-default-executor-5] WARN  server.GrpcLogAppender (GrpcLogAppender.java:resetClient(111)) - 4a0ceec5-2fcf-430e-9ae7-7442e0b596cf@group-27CBBBE1E3F9->eb4e2853-1640-4057-8e90-7cd4a46526af-GrpcLogAppender: Leader has not got in touch with Follower 4a0ceec5-2fcf-430e-9ae7-7442e0b596cf@group-27CBBBE1E3F9->eb4e2853-1640-4057-8e90-7cd4a46526af(c0,m0,n1, attendVote=true, lastRpcSendTime=2503, lastRpcResponseTime=7539) yet, just keep nextIndex unchanged and retry.
2021-08-21 01:44:15,140 [grpc-default-executor-5] WARN  server.GrpcLogAppender (LogUtils.java:warn(122)) - 4a0ceec5-2fcf-430e-9ae7-7442e0b596cf@group-27CBBBE1E3F9->6d4f4a2b-908a-44c0-8dce-7a4ce83b0e89-AppendLogResponseHandler: Failed appendEntries: org.apache.ratis.thirdparty.io.grpc.StatusRuntimeException: UNAVAILABLE: io exception
2021-08-21 01:44:15,141 [grpc-default-executor-5] WARN  server.GrpcLogAppender (GrpcLogAppender.java:resetClient(111)) - 4a0ceec5-2fcf-430e-9ae7-7442e0b596cf@group-27CBBBE1E3F9->6d4f4a2b-908a-44c0-8dce-7a4ce83b0e89-GrpcLogAppender: Leader has not got in touch with Follower 4a0ceec5-2fcf-430e-9ae7-7442e0b596cf@group-27CBBBE1E3F9->6d4f4a2b-908a-44c0-8dce-7a4ce83b0e89(c0,m0,n1, attendVote=true, lastRpcSendTime=0, lastRpcResponseTime=7530) yet, just keep nextIndex unchanged and retry.
2021-08-21 01:44:15,546 [EndpointStateMachine task thread for /0.0.0.0:39161 - 0 ] INFO  ipc.Client (Client.java:handleConnectionFailure(977)) - Retrying connect to server: 0.0.0.0/0.0.0.0:39161. Already tried 10 time(s); retry policy is RetryUpToMaximumCountWithFixedSleep(maxRetries=15, sleepTime=1000 MILLISECONDS)
2021-08-21 01:44:16,378 [ForkJoinPool.commonPool-worker-0] INFO  ozoneimpl.OzoneContainer (OzoneContainer.java:stop(326)) - Attempting to stop container services.
2021-08-21 01:44:16,378 [ForkJoinPool.commonPool-worker-0] INFO  server.RaftServer (RaftServerProxy.java:lambda$close$6(391)) - 4a0ceec5-2fcf-430e-9ae7-7442e0b596cf: close
2021-08-21 01:44:16,379 [ForkJoinPool.commonPool-worker-0] INFO  server.RaftServer$Division (RaftServerImpl.java:lambda$close$4(407)) - 4a0ceec5-2fcf-430e-9ae7-7442e0b596cf@group-DE38657F5BB1: shutdown
2021-08-21 01:44:16,379 [ForkJoinPool.commonPool-worker-0] INFO  util.JmxRegister (JmxRegister.java:unregister(73)) - Successfully un-registered JMX Bean with object name Ratis:service=RaftServer,group=group-DE38657F5BB1,id=4a0ceec5-2fcf-430e-9ae7-7442e0b596cf
2021-08-21 01:44:16,379 [ForkJoinPool.commonPool-worker-0] INFO  impl.RoleInfo (RoleInfo.java:shutdownLeaderState(91)) - 4a0ceec5-2fcf-430e-9ae7-7442e0b596cf: shutdown 4a0ceec5-2fcf-430e-9ae7-7442e0b596cf@group-DE38657F5BB1-LeaderStateImpl
2021-08-21 01:44:16,379 [ForkJoinPool.commonPool-worker-0] INFO  impl.PendingRequests (PendingRequests.java:sendNotLeaderResponses(282)) - 4a0ceec5-2fcf-430e-9ae7-7442e0b596cf@group-DE38657F5BB1-PendingRequests: sendNotLeaderResponses
2021-08-21 01:44:16,379 [ForkJoinPool.commonPool-worker-0] INFO  impl.StateMachineUpdater (StateMachineUpdater.java:stopAndJoin(149)) - 4a0ceec5-2fcf-430e-9ae7-7442e0b596cf@group-DE38657F5BB1-StateMachineUpdater: set stopIndex = 0
2021-08-21 01:44:16,380 [4a0ceec5-2fcf-430e-9ae7-7442e0b596cf@group-DE38657F5BB1-StateMachineUpdater] INFO  ratis.ContainerStateMachine (ContainerStateMachine.java:takeSnapshot(293)) - group-DE38657F5BB1: Taking a snapshot at:(t:1, i:0) file /home/runner/work/ozone/ozone/hadoop-ozone/integration-test/target/test-dir/MiniOzoneClusterImpl-ac918204-cb9e-461d-be45-7a6421e2bbc3/datanode-2/data/ratis/d9326555-7564-4ef0-b534-de38657f5bb1/sm/snapshot.1_0
2021-08-21 01:44:16,381 [4a0ceec5-2fcf-430e-9ae7-7442e0b596cf@group-DE38657F5BB1-StateMachineUpdater] INFO  ratis.ContainerStateMachine (ContainerStateMachine.java:takeSnapshot(304)) - group-DE38657F5BB1: Finished taking a snapshot at:(t:1, i:0) file:/home/runner/work/ozone/ozone/hadoop-ozone/integration-test/target/test-dir/MiniOzoneClusterImpl-ac918204-cb9e-461d-be45-7a6421e2bbc3/datanode-2/data/ratis/d9326555-7564-4ef0-b534-de38657f5bb1/sm/snapshot.1_0 took: 1 ms
2021-08-21 01:44:16,381 [4a0ceec5-2fcf-430e-9ae7-7442e0b596cf@group-DE38657F5BB1-StateMachineUpdater] INFO  impl.StateMachineUpdater (StateMachineUpdater.java:takeSnapshot(281)) - 4a0ceec5-2fcf-430e-9ae7-7442e0b596cf@group-DE38657F5BB1-StateMachineUpdater: Took a snapshot at index 0
2021-08-21 01:44:16,381 [4a0ceec5-2fcf-430e-9ae7-7442e0b596cf@group-DE38657F5BB1-StateMachineUpdater] INFO  impl.StateMachineUpdater (StateMachineUpdater.java:lambda$new$0(89)) - 4a0ceec5-2fcf-430e-9ae7-7442e0b596cf@group-DE38657F5BB1-StateMachineUpdater: snapshotIndex: updateIncreasingly -1 -> 0
2021-08-21 01:44:16,382 [ForkJoinPool.commonPool-worker-0] INFO  server.RaftServer$Division (ServerState.java:close(419)) - 4a0ceec5-2fcf-430e-9ae7-7442e0b596cf@group-DE38657F5BB1: closes. applyIndex: 0
2021-08-21 01:44:16,382 [4a0ceec5-2fcf-430e-9ae7-7442e0b596cf@group-DE38657F5BB1-SegmentedRaftLogWorker] INFO  segmented.SegmentedRaftLogWorker (SegmentedRaftLogWorker.java:run(327)) - 4a0ceec5-2fcf-430e-9ae7-7442e0b596cf@group-DE38657F5BB1-SegmentedRaftLogWorker was interrupted, exiting. There are 0 tasks remaining in the queue.
2021-08-21 01:44:16,385 [ForkJoinPool.commonPool-worker-0] INFO  segmented.SegmentedRaftLogWorker (SegmentedRaftLogWorker.java:close(237)) - 4a0ceec5-2fcf-430e-9ae7-7442e0b596cf@group-DE38657F5BB1-SegmentedRaftLogWorker close()
2021-08-21 01:44:16,385 [ForkJoinPool.commonPool-worker-0] INFO  server.RaftServer$Division (RaftServerImpl.java:lambda$close$4(407)) - 4a0ceec5-2fcf-430e-9ae7-7442e0b596cf@group-27CBBBE1E3F9: shutdown
2021-08-21 01:44:16,385 [ForkJoinPool.commonPool-worker-0] INFO  util.JmxRegister (JmxRegister.java:unregister(73)) - Successfully un-registered JMX Bean with object name Ratis:service=RaftServer,group=group-27CBBBE1E3F9,id=4a0ceec5-2fcf-430e-9ae7-7442e0b596cf
2021-08-21 01:44:16,385 [ForkJoinPool.commonPool-worker-0] INFO  impl.RoleInfo (RoleInfo.java:shutdownLeaderState(91)) - 4a0ceec5-2fcf-430e-9ae7-7442e0b596cf: shutdown 4a0ceec5-2fcf-430e-9ae7-7442e0b596cf@group-27CBBBE1E3F9-LeaderStateImpl
2021-08-21 01:44:16,385 [ForkJoinPool.commonPool-worker-0] INFO  impl.PendingRequests (PendingRequests.java:sendNotLeaderResponses(282)) - 4a0ceec5-2fcf-430e-9ae7-7442e0b596cf@group-27CBBBE1E3F9-PendingRequests: sendNotLeaderResponses
2021-08-21 01:44:16,386 [ForkJoinPool.commonPool-worker-0] INFO  impl.StateMachineUpdater (StateMachineUpdater.java:stopAndJoin(149)) - 4a0ceec5-2fcf-430e-9ae7-7442e0b596cf@group-27CBBBE1E3F9-StateMachineUpdater: set stopIndex = 0
2021-08-21 01:44:16,386 [4a0ceec5-2fcf-430e-9ae7-7442e0b596cf@group-27CBBBE1E3F9-StateMachineUpdater] INFO  ratis.ContainerStateMachine (ContainerStateMachine.java:takeSnapshot(293)) - group-27CBBBE1E3F9: Taking a snapshot at:(t:5, i:0) file /home/runner/work/ozone/ozone/hadoop-ozone/integration-test/target/test-dir/MiniOzoneClusterImpl-ac918204-cb9e-461d-be45-7a6421e2bbc3/datanode-2/data/ratis/d7c149e0-3109-418c-8553-27cbbbe1e3f9/sm/snapshot.5_0
2021-08-21 01:44:16,387 [4a0ceec5-2fcf-430e-9ae7-7442e0b596cf@group-27CBBBE1E3F9-StateMachineUpdater] INFO  ratis.ContainerStateMachine (ContainerStateMachine.java:takeSnapshot(304)) - group-27CBBBE1E3F9: Finished taking a snapshot at:(t:5, i:0) file:/home/runner/work/ozone/ozone/hadoop-ozone/integration-test/target/test-dir/MiniOzoneClusterImpl-ac918204-cb9e-461d-be45-7a6421e2bbc3/datanode-2/data/ratis/d7c149e0-3109-418c-8553-27cbbbe1e3f9/sm/snapshot.5_0 took: 0 ms
2021-08-21 01:44:16,387 [4a0ceec5-2fcf-430e-9ae7-7442e0b596cf@group-27CBBBE1E3F9-StateMachineUpdater] INFO  impl.StateMachineUpdater (StateMachineUpdater.java:takeSnapshot(281)) - 4a0ceec5-2fcf-430e-9ae7-7442e0b596cf@group-27CBBBE1E3F9-StateMachineUpdater: Took a snapshot at index 0
2021-08-21 01:44:16,387 [4a0ceec5-2fcf-430e-9ae7-7442e0b596cf@group-27CBBBE1E3F9-StateMachineUpdater] INFO  impl.StateMachineUpdater (StateMachineUpdater.java:lambda$new$0(89)) - 4a0ceec5-2fcf-430e-9ae7-7442e0b596cf@group-27CBBBE1E3F9-StateMachineUpdater: snapshotIndex: updateIncreasingly -1 -> 0
2021-08-21 01:44:16,388 [ForkJoinPool.commonPool-worker-0] INFO  server.RaftServer$Division (ServerState.java:close(419)) - 4a0ceec5-2fcf-430e-9ae7-7442e0b596cf@group-27CBBBE1E3F9: closes. applyIndex: 0
2021-08-21 01:44:16,388 [4a0ceec5-2fcf-430e-9ae7-7442e0b596cf@group-27CBBBE1E3F9-SegmentedRaftLogWorker] INFO  segmented.SegmentedRaftLogWorker (SegmentedRaftLogWorker.java:run(327)) - 4a0ceec5-2fcf-430e-9ae7-7442e0b596cf@group-27CBBBE1E3F9-SegmentedRaftLogWorker was interrupted, exiting. There are 0 tasks remaining in the queue.
2021-08-21 01:44:16,388 [ForkJoinPool.commonPool-worker-0] INFO  segmented.SegmentedRaftLogWorker (SegmentedRaftLogWorker.java:close(237)) - 4a0ceec5-2fcf-430e-9ae7-7442e0b596cf@group-27CBBBE1E3F9-SegmentedRaftLogWorker close()
2021-08-21 01:44:16,391 [ForkJoinPool.commonPool-worker-0] INFO  server.RaftServer$Division (RaftServerImpl.java:lambda$close$4(407)) - 4a0ceec5-2fcf-430e-9ae7-7442e0b596cf@group-2EAD7310DA65: shutdown
2021-08-21 01:44:16,391 [ForkJoinPool.commonPool-worker-0] INFO  util.JmxRegister (JmxRegister.java:unregister(73)) - Successfully un-registered JMX Bean with object name Ratis:service=RaftServer,group=group-2EAD7310DA65,id=4a0ceec5-2fcf-430e-9ae7-7442e0b596cf
2021-08-21 01:44:16,392 [ForkJoinPool.commonPool-worker-0] INFO  impl.RoleInfo (RoleInfo.java:shutdownFollowerState(108)) - 4a0ceec5-2fcf-430e-9ae7-7442e0b596cf: shutdown 4a0ceec5-2fcf-430e-9ae7-7442e0b596cf@group-2EAD7310DA65-FollowerState
2021-08-21 01:44:16,392 [ForkJoinPool.commonPool-worker-0] INFO  impl.StateMachineUpdater (StateMachineUpdater.java:stopAndJoin(149)) - 4a0ceec5-2fcf-430e-9ae7-7442e0b596cf@group-2EAD7310DA65-StateMachineUpdater: set stopIndex = 0
2021-08-21 01:44:16,392 [4a0ceec5-2fcf-430e-9ae7-7442e0b596cf@group-2EAD7310DA65-StateMachineUpdater] INFO  ratis.ContainerStateMachine (ContainerStateMachine.java:takeSnapshot(293)) - group-2EAD7310DA65: Taking a snapshot at:(t:1, i:0) file /home/runner/work/ozone/ozone/hadoop-ozone/integration-test/target/test-dir/MiniOzoneClusterImpl-ac918204-cb9e-461d-be45-7a6421e2bbc3/datanode-2/data/ratis/c76c38ee-75ae-4700-bf4e-2ead7310da65/sm/snapshot.1_0
2021-08-21 01:44:16,392 [4a0ceec5-2fcf-430e-9ae7-7442e0b596cf@group-2EAD7310DA65-FollowerState] INFO  impl.FollowerState (FollowerState.java:run(143)) - 4a0ceec5-2fcf-430e-9ae7-7442e0b596cf@group-2EAD7310DA65-FollowerState was interrupted: {}
java.lang.InterruptedException: sleep interrupted
	at java.lang.Thread.sleep(Native Method)
	at java.lang.Thread.sleep(Thread.java:340)
	at java.util.concurrent.TimeUnit.sleep(TimeUnit.java:386)
	at org.apache.ratis.util.TimeDuration.sleep(TimeDuration.java:324)
	at org.apache.ratis.util.TimeDuration.sleep(TimeDuration.java:309)
	at org.apache.ratis.server.impl.FollowerState.run(FollowerState.java:118)
2021-08-21 01:44:16,396 [4a0ceec5-2fcf-430e-9ae7-7442e0b596cf@group-2EAD7310DA65-StateMachineUpdater] INFO  ratis.ContainerStateMachine (ContainerStateMachine.java:takeSnapshot(304)) - group-2EAD7310DA65: Finished taking a snapshot at:(t:1, i:0) file:/home/runner/work/ozone/ozone/hadoop-ozone/integration-test/target/test-dir/MiniOzoneClusterImpl-ac918204-cb9e-461d-be45-7a6421e2bbc3/datanode-2/data/ratis/c76c38ee-75ae-4700-bf4e-2ead7310da65/sm/snapshot.1_0 took: 4 ms
2021-08-21 01:44:16,396 [4a0ceec5-2fcf-430e-9ae7-7442e0b596cf@group-2EAD7310DA65-StateMachineUpdater] INFO  impl.StateMachineUpdater (StateMachineUpdater.java:takeSnapshot(281)) - 4a0ceec5-2fcf-430e-9ae7-7442e0b596cf@group-2EAD7310DA65-StateMachineUpdater: Took a snapshot at index 0
2021-08-21 01:44:16,396 [4a0ceec5-2fcf-430e-9ae7-7442e0b596cf@group-2EAD7310DA65-StateMachineUpdater] INFO  impl.StateMachineUpdater (StateMachineUpdater.java:lambda$new$0(89)) - 4a0ceec5-2fcf-430e-9ae7-7442e0b596cf@group-2EAD7310DA65-StateMachineUpdater: snapshotIndex: updateIncreasingly -1 -> 0
2021-08-21 01:44:16,397 [ForkJoinPool.commonPool-worker-0] INFO  server.RaftServer$Division (ServerState.java:close(419)) - 4a0ceec5-2fcf-430e-9ae7-7442e0b596cf@group-2EAD7310DA65: closes. applyIndex: 0
2021-08-21 01:44:16,397 [4a0ceec5-2fcf-430e-9ae7-7442e0b596cf@group-2EAD7310DA65-SegmentedRaftLogWorker] INFO  segmented.SegmentedRaftLogWorker (SegmentedRaftLogWorker.java:run(327)) - 4a0ceec5-2fcf-430e-9ae7-7442e0b596cf@group-2EAD7310DA65-SegmentedRaftLogWorker was interrupted, exiting. There are 0 tasks remaining in the queue.
2021-08-21 01:44:16,397 [ForkJoinPool.commonPool-worker-0] INFO  segmented.SegmentedRaftLogWorker (SegmentedRaftLogWorker.java:close(237)) - 4a0ceec5-2fcf-430e-9ae7-7442e0b596cf@group-2EAD7310DA65-SegmentedRaftLogWorker close()
2021-08-21 01:44:16,397 [ForkJoinPool.commonPool-worker-0] INFO  server.GrpcService (GrpcService.java:closeImpl(262)) - 4a0ceec5-2fcf-430e-9ae7-7442e0b596cf: shutdown server with port 38401 now
2021-08-21 01:44:16,401 [ForkJoinPool.commonPool-worker-0] INFO  server.GrpcService (GrpcService.java:closeImpl(271)) - 4a0ceec5-2fcf-430e-9ae7-7442e0b596cf: shutdown server with port 38401 successfully
2021-08-21 01:44:16,401 [org.apache.ratis.util.JvmPauseMonitor$$Lambda$536/1549433175@3644b567] INFO  util.JvmPauseMonitor (JvmPauseMonitor.java:run(109)) - JvmPauseMonitor-4a0ceec5-2fcf-430e-9ae7-7442e0b596cf: Stopped
2021-08-21 01:44:16,408 [ForkJoinPool.commonPool-worker-0] INFO  utils.BackgroundService (BackgroundService.java:shutdown(132)) - Shutting down service BlockDeletingService
2021-08-21 01:44:16,547 [EndpointStateMachine task thread for /0.0.0.0:39161 - 0 ] INFO  ipc.Client (Client.java:handleConnectionFailure(977)) - Retrying connect to server: 0.0.0.0/0.0.0.0:39161. Already tried 11 time(s); retry policy is RetryUpToMaximumCountWithFixedSleep(maxRetries=15, sleepTime=1000 MILLISECONDS)
2021-08-21 01:44:17,547 [EndpointStateMachine task thread for /0.0.0.0:39161 - 0 ] INFO  ipc.Client (Client.java:handleConnectionFailure(977)) - Retrying connect to server: 0.0.0.0/0.0.0.0:39161. Already tried 12 time(s); retry policy is RetryUpToMaximumCountWithFixedSleep(maxRetries=15, sleepTime=1000 MILLISECONDS)
2021-08-21 01:44:18,548 [EndpointStateMachine task thread for /0.0.0.0:39161 - 0 ] INFO  ipc.Client (Client.java:handleConnectionFailure(977)) - Retrying connect to server: 0.0.0.0/0.0.0.0:39161. Already tried 13 time(s); retry policy is RetryUpToMaximumCountWithFixedSleep(maxRetries=15, sleepTime=1000 MILLISECONDS)
2021-08-21 01:44:19,412 [ForkJoinPool.commonPool-worker-0] INFO  statemachine.DatanodeStateMachine (DatanodeStateMachine.java:stopDaemon(515)) - Ozone container server stopped.
2021-08-21 01:44:19,418 [ForkJoinPool.commonPool-worker-0] INFO  handler.ContextHandler (ContextHandler.java:doStop(1153)) - Stopped o.e.j.w.WebAppContext@5fef8033{hddsDatanode,/,null,STOPPED}{jar:file:/home/runner/.m2/repository/org/apache/ozone/hdds-container-service/1.2.0-SNAPSHOT/hdds-container-service-1.2.0-SNAPSHOT.jar!/webapps/hddsDatanode}
2021-08-21 01:44:19,419 [ForkJoinPool.commonPool-worker-0] INFO  server.AbstractConnector (AbstractConnector.java:doStop(381)) - Stopped ServerConnector@4262e8d2{HTTP/1.1, (http/1.1)}{0.0.0.0:0}
2021-08-21 01:44:19,419 [ForkJoinPool.commonPool-worker-0] INFO  server.session (HouseKeeper.java:stopScavenging(149)) - node0 Stopped scavenging
2021-08-21 01:44:19,423 [ForkJoinPool.commonPool-worker-0] INFO  handler.ContextHandler (ContextHandler.java:doStop(1153)) - Stopped o.e.j.s.ServletContextHandler@687b5485{static,/static,jar:file:/home/runner/.m2/repository/org/apache/ozone/hdds-container-service/1.2.0-SNAPSHOT/hdds-container-service-1.2.0-SNAPSHOT.jar!/webapps/static,STOPPED}
2021-08-21 01:44:19,423 [ForkJoinPool.commonPool-worker-0] INFO  handler.ContextHandler (ContextHandler.java:doStop(1153)) - Stopped o.e.j.s.ServletContextHandler@eb8dcd5{logs,/logs,file:///home/runner/work/ozone/ozone/hadoop-ozone/integration-test/target/log,STOPPED}
]]></system-out>
  </testcase>
  <testcase name="testCancelPrepare" classname="org.apache.hadoop.ozone.om.TestOzoneManagerPrepare" time="47.158"/>
  <testcase name="testPrepareWithTransactions" classname="org.apache.hadoop.ozone.om.TestOzoneManagerPrepare" time="66.376"/>
  <testcase name="testPrepareDownedOM" classname="org.apache.hadoop.ozone.om.TestOzoneManagerPrepare" time="51.636"/>
  <testcase name="testPrepareWithRestart" classname="org.apache.hadoop.ozone.om.TestOzoneManagerPrepare" time="44.154"/>
</testsuite>