<?xml version="1.0" encoding="UTF-8"?>
<testsuite xmlns:xsi="http://www.w3.org/2001/XMLSchema-instance" xsi:noNamespaceSchemaLocation="https://maven.apache.org/surefire/maven-surefire-plugin/xsd/surefire-test-report-3.0.xsd" version="3.0" name="org.apache.hadoop.ozone.TestContainerStateMachineIdempotency" time="324.358" tests="1" errors="1" skipped="0" failures="0">
  <properties>
    <property name="awt.toolkit" value="sun.awt.X11.XToolkit"/>
    <property name="file.encoding.pkg" value="sun.io"/>
    <property name="java.specification.version" value="1.8"/>
    <property name="sun.cpu.isalist" value=""/>
    <property name="sun.jnu.encoding" value="UTF-8"/>
    <property name="java.class.path" value="/home/runner/work/ozone/ozone/hadoop-ozone/integration-test/target/test-classes:/home/runner/work/ozone/ozone/hadoop-ozone/integration-test/target/classes:/home/runner/.m2/repository/org/apache/ozone/ozone-common/1.4.0-SNAPSHOT/ozone-common-1.4.0-SNAPSHOT.jar:/home/runner/.m2/repository/io/grpc/grpc-netty/1.51.1/grpc-netty-1.51.1.jar:/home/runner/.m2/repository/io/grpc/grpc-core/1.51.1/grpc-core-1.51.1.jar:/home/runner/.m2/repository/com/google/android/annotations/4.1.1.4/annotations-4.1.1.4.jar:/home/runner/.m2/repository/org/codehaus/mojo/animal-sniffer-annotations/1.21/animal-sniffer-annotations-1.21.jar:/home/runner/.m2/repository/com/google/errorprone/error_prone_annotations/2.2.0/error_prone_annotations-2.2.0.jar:/home/runner/.m2/repository/io/perfmark/perfmark-api/0.25.0/perfmark-api-0.25.0.jar:/home/runner/.m2/repository/io/netty/netty-codec-http2/4.1.86.Final/netty-codec-http2-4.1.86.Final.jar:/home/runner/.m2/repository/io/netty/netty-common/4.1.86.Final/netty-common-4.1.86.Final.jar:/home/runner/.m2/repository/io/netty/netty-buffer/4.1.86.Final/netty-buffer-4.1.86.Final.jar:/home/runner/.m2/repository/io/netty/netty-codec-http/4.1.86.Final/netty-codec-http-4.1.86.Final.jar:/home/runner/.m2/repository/io/netty/netty-handler-proxy/4.1.86.Final/netty-handler-proxy-4.1.86.Final.jar:/home/runner/.m2/repository/io/netty/netty-codec-socks/4.1.86.Final/netty-codec-socks-4.1.86.Final.jar:/home/runner/.m2/repository/io/netty/netty-tcnative-boringssl-static/2.0.54.Final/netty-tcnative-boringssl-static-2.0.54.Final.jar:/home/runner/.m2/repository/io/netty/netty-tcnative-classes/2.0.54.Final/netty-tcnative-classes-2.0.54.Final.jar:/home/runner/.m2/repository/io/netty/netty-tcnative-boringssl-static/2.0.54.Final/netty-tcnative-boringssl-static-2.0.54.Final-linux-x86_64.jar:/home/runner/.m2/repository/io/netty/netty-tcnative-boringssl-static/2.0.54.Final/netty-tcnative-boringssl-static-2.0.54.Final-linux-aarch_64.jar:/home/runner/.m2/repository/io/netty/netty-tcnative-boringssl-static/2.0.54.Final/netty-tcnative-boringssl-static-2.0.54.Final-osx-x86_64.jar:/home/runner/.m2/repository/io/netty/netty-tcnative-boringssl-static/2.0.54.Final/netty-tcnative-boringssl-static-2.0.54.Final-osx-aarch_64.jar:/home/runner/.m2/repository/io/netty/netty-tcnative-boringssl-static/2.0.54.Final/netty-tcnative-boringssl-static-2.0.54.Final-windows-x86_64.jar:/home/runner/.m2/repository/org/apache/commons/commons-compress/1.21/commons-compress-1.21.jar:/home/runner/.m2/repository/org/apache/ozone/hdds-common/1.4.0-SNAPSHOT/hdds-common-1.4.0-SNAPSHOT.jar:/home/runner/.m2/repository/org/apache/ozone/hdds-client/1.4.0-SNAPSHOT/hdds-client-1.4.0-SNAPSHOT.jar:/home/runner/.m2/repository/org/apache/ozone/ozone-interface-client/1.4.0-SNAPSHOT/ozone-interface-client-1.4.0-SNAPSHOT.jar:/home/runner/.m2/repository/org/apache/hadoop/hadoop-hdfs-client/3.3.5/hadoop-hdfs-client-3.3.5.jar:/home/runner/.m2/repository/com/squareup/okhttp3/okhttp/4.9.3/okhttp-4.9.3.jar:/home/runner/.m2/repository/com/squareup/okio/okio/2.8.0/okio-2.8.0.jar:/home/runner/.m2/repository/org/jetbrains/kotlin/kotlin-stdlib-common/1.6.21/kotlin-stdlib-common-1.6.21.jar:/home/runner/.m2/repository/org/apache/ozone/hdds-test-utils/1.4.0-SNAPSHOT/hdds-test-utils-1.4.0-SNAPSHOT.jar:/home/runner/.m2/repository/com/google/guava/guava/31.1-jre/guava-31.1-jre.jar:/home/runner/.m2/repository/com/google/guava/failureaccess/1.0.1/failureaccess-1.0.1.jar:/home/runner/.m2/repository/com/google/guava/listenablefuture/9999.0-empty-to-avoid-conflict-with-guava/listenablefuture-9999.0-empty-to-avoid-conflict-with-guava.jar:/home/runner/.m2/repository/com/google/code/findbugs/jsr305/3.0.0/jsr305-3.0.0.jar:/home/runner/.m2/repository/org/checkerframework/checker-qual/3.12.0/checker-qual-3.12.0.jar:/home/runner/.m2/repository/com/google/j2objc/j2objc-annotations/1.3/j2objc-annotations-1.3.jar:/home/runner/.m2/repository/commons-io/commons-io/2.11.0/commons-io-2.11.0.jar:/home/runner/.m2/repository/commons-logging/commons-logging/1.2/commons-logging-1.2.jar:/home/runner/.m2/repository/ch/qos/reload4j/reload4j/1.2.22/reload4j-1.2.22.jar:/home/runner/.m2/repository/org/slf4j/slf4j-api/1.7.36/slf4j-api-1.7.36.jar:/home/runner/.m2/repository/org/apache/ozone/hdds-server-scm/1.4.0-SNAPSHOT/hdds-server-scm-1.4.0-SNAPSHOT.jar:/home/runner/.m2/repository/org/apache/ozone/hdds-container-service/1.4.0-SNAPSHOT/hdds-container-service-1.4.0-SNAPSHOT.jar:/home/runner/.m2/repository/org/apache/ozone/hdds-hadoop-dependency-server/1.4.0-SNAPSHOT/hdds-hadoop-dependency-server-1.4.0-SNAPSHOT.jar:/home/runner/.m2/repository/org/apache/hadoop/hadoop-hdfs/3.3.5/hadoop-hdfs-3.3.5.jar:/home/runner/.m2/repository/commons-daemon/commons-daemon/1.0.13/commons-daemon-1.0.13.jar:/home/runner/.m2/repository/org/apache/ozone/hdds-server-framework/1.4.0-SNAPSHOT/hdds-server-framework-1.4.0-SNAPSHOT.jar:/home/runner/.m2/repository/io/dropwizard/metrics/metrics-core/3.2.4/metrics-core-3.2.4.jar:/home/runner/.m2/repository/org/apache/commons/commons-text/1.4/commons-text-1.4.jar:/home/runner/.m2/repository/org/bouncycastle/bcprov-jdk15on/1.67/bcprov-jdk15on-1.67.jar:/home/runner/.m2/repository/com/google/protobuf/protobuf-java/2.5.0/protobuf-java-2.5.0.jar:/home/runner/.m2/repository/org/apache/ozone/hdds-server-framework/1.4.0-SNAPSHOT/hdds-server-framework-1.4.0-SNAPSHOT-tests.jar:/home/runner/.m2/repository/org/apache/ozone/hdds-interface-server/1.4.0-SNAPSHOT/hdds-interface-server-1.4.0-SNAPSHOT.jar:/home/runner/.m2/repository/org/apache/ozone/hdds-interface-admin/1.4.0-SNAPSHOT/hdds-interface-admin-1.4.0-SNAPSHOT.jar:/home/runner/.m2/repository/org/apache/ozone/hdds-managed-rocksdb/1.4.0-SNAPSHOT/hdds-managed-rocksdb-1.4.0-SNAPSHOT.jar:/home/runner/.m2/repository/org/rocksdb/rocksdbjni/7.7.3/rocksdbjni-7.7.3.jar:/home/runner/.m2/repository/org/slf4j/slf4j-reload4j/1.7.36/slf4j-reload4j-1.7.36.jar:/home/runner/.m2/repository/org/apache/commons/commons-configuration2/2.1.1/commons-configuration2-2.1.1.jar:/home/runner/.m2/repository/org/apache/logging/log4j/log4j-core/2.17.1/log4j-core-2.17.1.jar:/home/runner/.m2/repository/com/lmax/disruptor/3.4.2/disruptor-3.4.2.jar:/home/runner/.m2/repository/org/eclipse/jetty/jetty-util/9.4.51.v20230217/jetty-util-9.4.51.v20230217.jar:/home/runner/.m2/repository/org/eclipse/jetty/jetty-server/9.4.51.v20230217/jetty-server-9.4.51.v20230217.jar:/home/runner/.m2/repository/org/eclipse/jetty/jetty-http/9.4.51.v20230217/jetty-http-9.4.51.v20230217.jar:/home/runner/.m2/repository/org/eclipse/jetty/jetty-io/9.4.51.v20230217/jetty-io-9.4.51.v20230217.jar:/home/runner/.m2/repository/org/eclipse/jetty/jetty-servlet/9.4.51.v20230217/jetty-servlet-9.4.51.v20230217.jar:/home/runner/.m2/repository/org/eclipse/jetty/jetty-security/9.4.51.v20230217/jetty-security-9.4.51.v20230217.jar:/home/runner/.m2/repository/org/eclipse/jetty/jetty-util-ajax/9.4.51.v20230217/jetty-util-ajax-9.4.51.v20230217.jar:/home/runner/.m2/repository/org/eclipse/jetty/jetty-webapp/9.4.51.v20230217/jetty-webapp-9.4.51.v20230217.jar:/home/runner/.m2/repository/org/eclipse/jetty/jetty-xml/9.4.51.v20230217/jetty-xml-9.4.51.v20230217.jar:/home/runner/.m2/repository/org/apache/ratis/ratis-server/2.5.1/ratis-server-2.5.1.jar:/home/runner/.m2/repository/org/apache/ratis/ratis-thirdparty-misc/1.0.4/ratis-thirdparty-misc-1.0.4.jar:/home/runner/.m2/repository/org/apache/ratis/ratis-proto/2.5.1/ratis-proto-2.5.1.jar:/home/runner/.m2/repository/org/apache/ratis/ratis-common/2.5.1/ratis-common-2.5.1.jar:/home/runner/.m2/repository/org/apache/ratis/ratis-client/2.5.1/ratis-client-2.5.1.jar:/home/runner/.m2/repository/org/apache/ratis/ratis-server-api/2.5.1/ratis-server-api-2.5.1.jar:/home/runner/.m2/repository/org/apache/ratis/ratis-metrics/2.5.1/ratis-metrics-2.5.1.jar:/home/runner/.m2/repository/io/prometheus/simpleclient_dropwizard/0.7.0/simpleclient_dropwizard-0.7.0.jar:/home/runner/.m2/repository/io/prometheus/simpleclient/0.7.0/simpleclient-0.7.0.jar:/home/runner/.m2/repository/io/prometheus/simpleclient_common/0.7.0/simpleclient_common-0.7.0.jar:/home/runner/.m2/repository/com/fasterxml/jackson/datatype/jackson-datatype-jsr310/2.13.4/jackson-datatype-jsr310-2.13.4.jar:/home/runner/.m2/repository/com/fasterxml/jackson/core/jackson-core/2.13.4/jackson-core-2.13.4.jar:/home/runner/.m2/repository/com/github/spotbugs/spotbugs-annotations/3.1.12/spotbugs-annotations-3.1.12.jar:/home/runner/.m2/repository/org/apache/ozone/rocksdb-checkpoint-differ/1.4.0-SNAPSHOT/rocksdb-checkpoint-differ-1.4.0-SNAPSHOT.jar:/home/runner/.m2/repository/org/awaitility/awaitility/4.2.0/awaitility-4.2.0.jar:/home/runner/.m2/repository/org/hamcrest/hamcrest/2.1/hamcrest-2.1.jar:/home/runner/.m2/repository/org/apache/ozone/ozone-manager/1.4.0-SNAPSHOT/ozone-manager-1.4.0-SNAPSHOT.jar:/home/runner/.m2/repository/org/aspectj/aspectjrt/1.9.7/aspectjrt-1.9.7.jar:/home/runner/.m2/repository/org/aspectj/aspectjweaver/1.9.7/aspectjweaver-1.9.7.jar:/home/runner/.m2/repository/org/apache/ozone/hdds-interface-client/1.4.0-SNAPSHOT/hdds-interface-client-1.4.0-SNAPSHOT.jar:/home/runner/.m2/repository/org/apache/hadoop/thirdparty/hadoop-shaded-protobuf_3_7/1.1.1/hadoop-shaded-protobuf_3_7-1.1.1.jar:/home/runner/.m2/repository/org/apache/ozone/ozone-interface-storage/1.4.0-SNAPSHOT/ozone-interface-storage-1.4.0-SNAPSHOT.jar:/home/runner/.m2/repository/org/reflections/reflections/0.9.11/reflections-0.9.11.jar:/home/runner/.m2/repository/com/sun/jersey/jersey-client/1.19/jersey-client-1.19.jar:/home/runner/.m2/repository/org/codehaus/jackson/jackson-core-asl/1.9.13/jackson-core-asl-1.9.13.jar:/home/runner/.m2/repository/org/codehaus/jackson/jackson-mapper-asl/1.9.13/jackson-mapper-asl-1.9.13.jar:/home/runner/.m2/repository/org/codehaus/jackson/jackson-jaxrs/1.9.13/jackson-jaxrs-1.9.13.jar:/home/runner/.m2/repository/org/apache/ranger/ranger-intg/2.3.0/ranger-intg-2.3.0.jar:/home/runner/.m2/repository/org/apache/ranger/ranger-plugins-common/2.3.0/ranger-plugins-common-2.3.0.jar:/home/runner/.m2/repository/commons-lang/commons-lang/2.6/commons-lang-2.6.jar:/home/runner/.m2/repository/org/apache/ranger/ranger-plugins-cred/2.3.0/ranger-plugins-cred-2.3.0.jar:/home/runner/.m2/repository/org/apache/ranger/ranger-plugins-audit/2.3.0/ranger-plugins-audit-2.3.0.jar:/home/runner/.m2/repository/org/eclipse/jetty/jetty-client/9.4.51.v20230217/jetty-client-9.4.51.v20230217.jar:/home/runner/.m2/repository/org/apache/httpcomponents/httpmime/4.5.6/httpmime-4.5.6.jar:/home/runner/.m2/repository/org/apache/httpcomponents/httpcore-nio/4.4.13/httpcore-nio-4.4.13.jar:/home/runner/.m2/repository/org/apache/httpcomponents/httpasyncclient/4.1.3/httpasyncclient-4.1.3.jar:/home/runner/.m2/repository/com/carrotsearch/hppc/0.8.0/hppc-0.8.0.jar:/home/runner/.m2/repository/org/apache/orc/orc-core/1.5.8/orc-core-1.5.8.jar:/home/runner/.m2/repository/net/java/dev/jna/jna/5.2.0/jna-5.2.0.jar:/home/runner/.m2/repository/net/java/dev/jna/jna-platform/5.2.0/jna-platform-5.2.0.jar:/home/runner/.m2/repository/com/kstruct/gethostname4j/0.0.2/gethostname4j-0.0.2.jar:/home/runner/.m2/repository/org/apache/ranger/ranger-plugin-classloader/2.3.0/ranger-plugin-classloader-2.3.0.jar:/home/runner/.m2/repository/org/apache/ozone/hdds-rocks-native/1.4.0-SNAPSHOT/hdds-rocks-native-1.4.0-SNAPSHOT.jar:/home/runner/.m2/repository/org/apache/hadoop/hadoop-minikdc/3.3.5/hadoop-minikdc-3.3.5.jar:/home/runner/.m2/repository/org/apache/kerby/kerb-simplekdc/1.0.1/kerb-simplekdc-1.0.1.jar:/home/runner/.m2/repository/org/apache/kerby/kerb-client/1.0.1/kerb-client-1.0.1.jar:/home/runner/.m2/repository/org/apache/kerby/kerby-config/1.0.1/kerby-config-1.0.1.jar:/home/runner/.m2/repository/org/apache/kerby/kerb-common/1.0.1/kerb-common-1.0.1.jar:/home/runner/.m2/repository/org/apache/kerby/kerb-crypto/1.0.1/kerb-crypto-1.0.1.jar:/home/runner/.m2/repository/org/apache/kerby/kerb-util/1.0.1/kerb-util-1.0.1.jar:/home/runner/.m2/repository/org/apache/kerby/token-provider/1.0.1/token-provider-1.0.1.jar:/home/runner/.m2/repository/org/apache/kerby/kerb-admin/1.0.1/kerb-admin-1.0.1.jar:/home/runner/.m2/repository/org/apache/kerby/kerb-server/1.0.1/kerb-server-1.0.1.jar:/home/runner/.m2/repository/org/apache/kerby/kerb-identity/1.0.1/kerb-identity-1.0.1.jar:/home/runner/.m2/repository/org/apache/kerby/kerby-xdr/1.0.1/kerby-xdr-1.0.1.jar:/home/runner/.m2/repository/org/apache/ozone/ozone-s3gateway/1.4.0-SNAPSHOT/ozone-s3gateway-1.4.0-SNAPSHOT.jar:/home/runner/.m2/repository/org/javassist/javassist/3.21.0-GA/javassist-3.21.0-GA.jar:/home/runner/.m2/repository/org/jboss/weld/servlet/weld-servlet-shaded/3.1.9.Final/weld-servlet-shaded-3.1.9.Final.jar:/home/runner/.m2/repository/org/glassfish/jersey/containers/jersey-container-servlet-core/2.34/jersey-container-servlet-core-2.34.jar:/home/runner/.m2/repository/org/glassfish/hk2/external/jakarta.inject/2.6.1/jakarta.inject-2.6.1.jar:/home/runner/.m2/repository/org/glassfish/jersey/core/jersey-common/2.34/jersey-common-2.34.jar:/home/runner/.m2/repository/jakarta/ws/rs/jakarta.ws.rs-api/2.1.6/jakarta.ws.rs-api-2.1.6.jar:/home/runner/.m2/repository/org/glassfish/jersey/ext/cdi/jersey-cdi1x/2.34/jersey-cdi1x-2.34.jar:/home/runner/.m2/repository/org/glassfish/jersey/inject/jersey-hk2/2.34/jersey-hk2-2.34.jar:/home/runner/.m2/repository/org/glassfish/hk2/hk2-locator/2.6.1/hk2-locator-2.6.1.jar:/home/runner/.m2/repository/org/glassfish/jersey/media/jersey-media-jaxb/2.34/jersey-media-jaxb-2.34.jar:/home/runner/.m2/repository/org/glassfish/hk2/osgi-resource-locator/1.0.3/osgi-resource-locator-1.0.3.jar:/home/runner/.m2/repository/org/glassfish/hk2/hk2-api/2.5.0/hk2-api-2.5.0.jar:/home/runner/.m2/repository/org/glassfish/hk2/hk2-utils/2.5.0/hk2-utils-2.5.0.jar:/home/runner/.m2/repository/org/glassfish/hk2/external/aopalliance-repackaged/2.5.0/aopalliance-repackaged-2.5.0.jar:/home/runner/.m2/repository/com/fasterxml/jackson/dataformat/jackson-dataformat-xml/2.13.4/jackson-dataformat-xml-2.13.4.jar:/home/runner/.m2/repository/org/codehaus/woodstox/stax2-api/4.2.1/stax2-api-4.2.1.jar:/home/runner/.m2/repository/com/fasterxml/woodstox/woodstox-core/5.4.0/woodstox-core-5.4.0.jar:/home/runner/.m2/repository/com/fasterxml/jackson/module/jackson-module-jaxb-annotations/2.13.4/jackson-module-jaxb-annotations-2.13.4.jar:/home/runner/.m2/repository/jakarta/xml/bind/jakarta.xml.bind-api/2.3.3/jakarta.xml.bind-api-2.3.3.jar:/home/runner/.m2/repository/jakarta/activation/jakarta.activation-api/1.2.2/jakarta.activation-api-1.2.2.jar:/home/runner/.m2/repository/javax/enterprise/cdi-api/2.0/cdi-api-2.0.jar:/home/runner/.m2/repository/javax/el/javax.el-api/3.0.0/javax.el-api-3.0.0.jar:/home/runner/.m2/repository/javax/interceptor/javax.interceptor-api/1.2/javax.interceptor-api-1.2.jar:/home/runner/.m2/repository/javax/inject/javax.inject/1/javax.inject-1.jar:/home/runner/.m2/repository/javax/xml/bind/jaxb-api/2.3.0/jaxb-api-2.3.0.jar:/home/runner/.m2/repository/org/glassfish/jaxb/jaxb-runtime/2.3.0.1/jaxb-runtime-2.3.0.1.jar:/home/runner/.m2/repository/org/glassfish/jaxb/jaxb-core/2.3.0.1/jaxb-core-2.3.0.1.jar:/home/runner/.m2/repository/org/glassfish/jaxb/txw2/2.3.0.1/txw2-2.3.0.1.jar:/home/runner/.m2/repository/com/sun/istack/istack-commons-runtime/3.0.5/istack-commons-runtime-3.0.5.jar:/home/runner/.m2/repository/org/jvnet/staxex/stax-ex/1.7.8/stax-ex-1.7.8.jar:/home/runner/.m2/repository/com/sun/xml/fastinfoset/FastInfoset/1.2.13/FastInfoset-1.2.13.jar:/home/runner/.m2/repository/javax/activation/activation/1.1.1/activation-1.1.1.jar:/home/runner/.m2/repository/io/grpc/grpc-protobuf/1.51.1/grpc-protobuf-1.51.1.jar:/home/runner/.m2/repository/io/grpc/grpc-api/1.51.1/grpc-api-1.51.1.jar:/home/runner/.m2/repository/io/grpc/grpc-context/1.51.1/grpc-context-1.51.1.jar:/home/runner/.m2/repository/com/google/api/grpc/proto-google-common-protos/2.9.0/proto-google-common-protos-2.9.0.jar:/home/runner/.m2/repository/io/grpc/grpc-protobuf-lite/1.51.1/grpc-protobuf-lite-1.51.1.jar:/home/runner/.m2/repository/io/grpc/grpc-stub/1.51.1/grpc-stub-1.51.1.jar:/home/runner/.m2/repository/io/netty/netty-transport/4.1.86.Final/netty-transport-4.1.86.Final.jar:/home/runner/.m2/repository/io/netty/netty-resolver/4.1.86.Final/netty-resolver-4.1.86.Final.jar:/home/runner/.m2/repository/org/apache/ozone/ozone-csi/1.4.0-SNAPSHOT/ozone-csi-1.4.0-SNAPSHOT.jar:/home/runner/.m2/repository/com/google/protobuf/protobuf-java-util/3.19.6/protobuf-java-util-3.19.6.jar:/home/runner/.m2/repository/com/google/code/gson/gson/2.9.0/gson-2.9.0.jar:/home/runner/.m2/repository/org/apache/ozone/hdds-config/1.4.0-SNAPSHOT/hdds-config-1.4.0-SNAPSHOT.jar:/home/runner/.m2/repository/io/netty/netty-transport-native-epoll/4.1.86.Final/netty-transport-native-epoll-4.1.86.Final-linux-x86_64.jar:/home/runner/.m2/repository/io/netty/netty-transport-classes-epoll/4.1.86.Final/netty-transport-classes-epoll-4.1.86.Final.jar:/home/runner/.m2/repository/io/netty/netty-transport-native-unix-common/4.1.86.Final/netty-transport-native-unix-common-4.1.86.Final.jar:/home/runner/.m2/repository/org/apache/ozone/ozone-recon/1.4.0-SNAPSHOT/ozone-recon-1.4.0-SNAPSHOT.jar:/home/runner/.m2/repository/org/apache/ozone/ozone-reconcodegen/1.4.0-SNAPSHOT/ozone-reconcodegen-1.4.0-SNAPSHOT.jar:/home/runner/.m2/repository/com/google/inject/guice/5.1.0/guice-5.1.0.jar:/home/runner/.m2/repository/aopalliance/aopalliance/1.0/aopalliance-1.0.jar:/home/runner/.m2/repository/com/google/inject/extensions/guice-assistedinject/5.1.0/guice-assistedinject-5.1.0.jar:/home/runner/.m2/repository/com/google/inject/extensions/guice-servlet/5.1.0/guice-servlet-5.1.0.jar:/home/runner/.m2/repository/org/glassfish/jersey/containers/jersey-container-servlet/2.34/jersey-container-servlet-2.34.jar:/home/runner/.m2/repository/org/glassfish/hk2/guice-bridge/2.5.0/guice-bridge-2.5.0.jar:/home/runner/.m2/repository/org/glassfish/jersey/core/jersey-server/2.34/jersey-server-2.34.jar:/home/runner/.m2/repository/org/glassfish/jersey/core/jersey-client/2.34/jersey-client-2.34.jar:/home/runner/.m2/repository/jakarta/annotation/jakarta.annotation-api/1.3.5/jakarta.annotation-api-1.3.5.jar:/home/runner/.m2/repository/jakarta/validation/jakarta.validation-api/2.0.2/jakarta.validation-api-2.0.2.jar:/home/runner/.m2/repository/org/glassfish/jersey/media/jersey-media-json-jackson/2.34/jersey-media-json-jackson-2.34.jar:/home/runner/.m2/repository/org/glassfish/jersey/ext/jersey-entity-filtering/2.34/jersey-entity-filtering-2.34.jar:/home/runner/.m2/repository/org/jooq/jooq/3.11.10/jooq-3.11.10.jar:/home/runner/.m2/repository/org/jooq/jooq-meta/3.11.10/jooq-meta-3.11.10.jar:/home/runner/.m2/repository/org/jooq/jooq-codegen/3.11.10/jooq-codegen-3.11.10.jar:/home/runner/.m2/repository/com/jolbox/bonecp/0.8.0.RELEASE/bonecp-0.8.0.RELEASE.jar:/home/runner/.m2/repository/org/apache/derby/derby/10.14.2.0/derby-10.14.2.0.jar:/home/runner/.m2/repository/org/xerial/sqlite-jdbc/3.25.2/sqlite-jdbc-3.25.2.jar:/home/runner/.m2/repository/org/springframework/spring-jdbc/5.3.27/spring-jdbc-5.3.27.jar:/home/runner/.m2/repository/org/springframework/spring-beans/5.3.27/spring-beans-5.3.27.jar:/home/runner/.m2/repository/org/springframework/spring-core/5.3.27/spring-core-5.3.27.jar:/home/runner/.m2/repository/org/springframework/spring-tx/5.3.27/spring-tx-5.3.27.jar:/home/runner/.m2/repository/org/apache/ozone/ozone-client/1.4.0-SNAPSHOT/ozone-client-1.4.0-SNAPSHOT.jar:/home/runner/.m2/repository/org/apache/ozone/hdds-erasurecode/1.4.0-SNAPSHOT/hdds-erasurecode-1.4.0-SNAPSHOT.jar:/home/runner/.m2/repository/org/apache/ozone/ozone-filesystem/1.4.0-SNAPSHOT/ozone-filesystem-1.4.0-SNAPSHOT.jar:/home/runner/.m2/repository/org/apache/ozone/ozone-filesystem-common/1.4.0-SNAPSHOT/ozone-filesystem-common-1.4.0-SNAPSHOT.jar:/home/runner/.m2/repository/org/apache/ozone/ozone-tools/1.4.0-SNAPSHOT/ozone-tools-1.4.0-SNAPSHOT.jar:/home/runner/.m2/repository/com/amazonaws/aws-java-sdk-core/1.12.261/aws-java-sdk-core-1.12.261.jar:/home/runner/.m2/repository/org/apache/httpcomponents/httpclient/4.5.13/httpclient-4.5.13.jar:/home/runner/.m2/repository/org/apache/httpcomponents/httpcore/4.4.13/httpcore-4.4.13.jar:/home/runner/.m2/repository/software/amazon/ion/ion-java/1.0.2/ion-java-1.0.2.jar:/home/runner/.m2/repository/com/fasterxml/jackson/dataformat/jackson-dataformat-cbor/2.13.4/jackson-dataformat-cbor-2.13.4.jar:/home/runner/.m2/repository/joda-time/joda-time/2.10.6/joda-time-2.10.6.jar:/home/runner/.m2/repository/com/amazonaws/aws-java-sdk-s3/1.12.261/aws-java-sdk-s3-1.12.261.jar:/home/runner/.m2/repository/com/amazonaws/aws-java-sdk-kms/1.12.261/aws-java-sdk-kms-1.12.261.jar:/home/runner/.m2/repository/com/amazonaws/jmespath-java/1.12.261/jmespath-java-1.12.261.jar:/home/runner/.m2/repository/org/kohsuke/metainf-services/metainf-services/1.8/metainf-services-1.8.jar:/home/runner/.m2/repository/org/apache/ozone/hdds-tools/1.4.0-SNAPSHOT/hdds-tools-1.4.0-SNAPSHOT.jar:/home/runner/.m2/repository/org/apache/ratis/ratis-tools/2.5.1/ratis-tools-2.5.1.jar:/home/runner/.m2/repository/commons-cli/commons-cli/1.2/commons-cli-1.2.jar:/home/runner/.m2/repository/org/apache/commons/commons-lang3/3.7/commons-lang3-3.7.jar:/home/runner/.m2/repository/org/apache/ozone/ozone-manager/1.4.0-SNAPSHOT/ozone-manager-1.4.0-SNAPSHOT-tests.jar:/home/runner/.m2/repository/org/apache/ozone/hdds-common/1.4.0-SNAPSHOT/hdds-common-1.4.0-SNAPSHOT-tests.jar:/home/runner/.m2/repository/org/apache/ozone/hdds-hadoop-dependency-client/1.4.0-SNAPSHOT/hdds-hadoop-dependency-client-1.4.0-SNAPSHOT.jar:/home/runner/.m2/repository/info/picocli/picocli/4.6.1/picocli-4.6.1.jar:/home/runner/.m2/repository/com/fasterxml/jackson/core/jackson-annotations/2.13.4/jackson-annotations-2.13.4.jar:/home/runner/.m2/repository/org/apache/ozone/hdds-annotation-processing/1.4.0-SNAPSHOT/hdds-annotation-processing-1.4.0-SNAPSHOT.jar:/home/runner/.m2/repository/javax/annotation/javax.annotation-api/1.2/javax.annotation-api-1.2.jar:/home/runner/.m2/repository/org/apache/ratis/ratis-netty/2.5.1/ratis-netty-2.5.1.jar:/home/runner/.m2/repository/org/apache/ratis/ratis-grpc/2.5.1/ratis-grpc-2.5.1.jar:/home/runner/.m2/repository/org/apache/logging/log4j/log4j-api/2.17.1/log4j-api-2.17.1.jar:/home/runner/.m2/repository/org/apache/commons/commons-pool2/2.6.0/commons-pool2-2.6.0.jar:/home/runner/.m2/repository/org/bouncycastle/bcpkix-jdk15on/1.67/bcpkix-jdk15on-1.67.jar:/home/runner/.m2/repository/commons-validator/commons-validator/1.6/commons-validator-1.6.jar:/home/runner/.m2/repository/commons-beanutils/commons-beanutils/1.9.4/commons-beanutils-1.9.4.jar:/home/runner/.m2/repository/commons-digester/commons-digester/1.8.1/commons-digester-1.8.1.jar:/home/runner/.m2/repository/commons-collections/commons-collections/3.2.2/commons-collections-3.2.2.jar:/home/runner/.m2/repository/io/jaegertracing/jaeger-client/1.6.0/jaeger-client-1.6.0.jar:/home/runner/.m2/repository/io/jaegertracing/jaeger-thrift/1.6.0/jaeger-thrift-1.6.0.jar:/home/runner/.m2/repository/org/apache/thrift/libthrift/0.14.1/libthrift-0.14.1.jar:/home/runner/.m2/repository/io/jaegertracing/jaeger-core/1.6.0/jaeger-core-1.6.0.jar:/home/runner/.m2/repository/io/jaegertracing/jaeger-tracerresolver/1.6.0/jaeger-tracerresolver-1.6.0.jar:/home/runner/.m2/repository/io/opentracing/contrib/opentracing-tracerresolver/0.1.8/opentracing-tracerresolver-0.1.8.jar:/home/runner/.m2/repository/org/jetbrains/kotlin/kotlin-stdlib/1.6.21/kotlin-stdlib-1.6.21.jar:/home/runner/.m2/repository/org/jetbrains/annotations/13.0/annotations-13.0.jar:/home/runner/.m2/repository/io/opentracing/opentracing-util/0.33.0/opentracing-util-0.33.0.jar:/home/runner/.m2/repository/io/opentracing/opentracing-api/0.33.0/opentracing-api-0.33.0.jar:/home/runner/.m2/repository/io/opentracing/opentracing-noop/0.33.0/opentracing-noop-0.33.0.jar:/home/runner/.m2/repository/org/yaml/snakeyaml/2.0/snakeyaml-2.0.jar:/home/runner/.m2/repository/junit/junit/4.13.1/junit-4.13.1.jar:/home/runner/.m2/repository/org/hamcrest/hamcrest-core/1.3/hamcrest-core-1.3.jar:/home/runner/.m2/repository/org/junit/jupiter/junit-jupiter-api/5.8.2/junit-jupiter-api-5.8.2.jar:/home/runner/.m2/repository/org/opentest4j/opentest4j/1.2.0/opentest4j-1.2.0.jar:/home/runner/.m2/repository/org/junit/platform/junit-platform-commons/1.8.2/junit-platform-commons-1.8.2.jar:/home/runner/.m2/repository/org/apiguardian/apiguardian-api/1.1.2/apiguardian-api-1.1.2.jar:/home/runner/.m2/repository/org/junit/jupiter/junit-jupiter-params/5.8.2/junit-jupiter-params-5.8.2.jar:/home/runner/.m2/repository/org/junit/jupiter/junit-jupiter-migrationsupport/5.8.2/junit-jupiter-migrationsupport-5.8.2.jar:/home/runner/.m2/repository/org/junit/jupiter/junit-jupiter-engine/5.8.2/junit-jupiter-engine-5.8.2.jar:/home/runner/.m2/repository/org/junit/platform/junit-platform-engine/1.8.2/junit-platform-engine-1.8.2.jar:/home/runner/.m2/repository/org/junit/vintage/junit-vintage-engine/5.8.2/junit-vintage-engine-5.8.2.jar:/home/runner/.m2/repository/org/junit/platform/junit-platform-launcher/1.8.2/junit-platform-launcher-1.8.2.jar:/home/runner/.m2/repository/org/mockito/mockito-core/2.28.2/mockito-core-2.28.2.jar:/home/runner/.m2/repository/net/bytebuddy/byte-buddy/1.9.10/byte-buddy-1.9.10.jar:/home/runner/.m2/repository/net/bytebuddy/byte-buddy-agent/1.9.10/byte-buddy-agent-1.9.10.jar:/home/runner/.m2/repository/org/objenesis/objenesis/1.0/objenesis-1.0.jar:/home/runner/.m2/repository/org/apache/hadoop/hadoop-kms/3.3.5/hadoop-kms-3.3.5.jar:/home/runner/.m2/repository/org/apache/hadoop/hadoop-auth/3.3.5/hadoop-auth-3.3.5.jar:/home/runner/.m2/repository/com/nimbusds/nimbus-jose-jwt/9.8.1/nimbus-jose-jwt-9.8.1.jar:/home/runner/.m2/repository/com/github/stephenc/jcip/jcip-annotations/1.0-1/jcip-annotations-1.0-1.jar:/home/runner/.m2/repository/net/minidev/json-smart/2.4.7/json-smart-2.4.7.jar:/home/runner/.m2/repository/net/minidev/accessors-smart/2.4.7/accessors-smart-2.4.7.jar:/home/runner/.m2/repository/org/ow2/asm/asm/5.0.4/asm-5.0.4.jar:/home/runner/.m2/repository/org/apache/zookeeper/zookeeper/3.5.6/zookeeper-3.5.6.jar:/home/runner/.m2/repository/org/apache/zookeeper/zookeeper-jute/3.5.6/zookeeper-jute-3.5.6.jar:/home/runner/.m2/repository/org/apache/yetus/audience-annotations/0.5.0/audience-annotations-0.5.0.jar:/home/runner/.m2/repository/org/apache/curator/curator-framework/4.2.0/curator-framework-4.2.0.jar:/home/runner/.m2/repository/org/apache/hadoop/thirdparty/hadoop-shaded-guava/1.1.1/hadoop-shaded-guava-1.1.1.jar:/home/runner/.m2/repository/com/sun/jersey/jersey-core/1.19/jersey-core-1.19.jar:/home/runner/.m2/repository/javax/ws/rs/jsr311-api/1.1.1/jsr311-api-1.1.1.jar:/home/runner/.m2/repository/com/sun/jersey/jersey-server/1.19/jersey-server-1.19.jar:/home/runner/.m2/repository/javax/servlet/javax.servlet-api/3.1.0/javax.servlet-api-3.1.0.jar:/home/runner/.m2/repository/org/apache/hadoop/hadoop-common/3.3.5/hadoop-common-3.3.5.jar:/home/runner/.m2/repository/org/apache/commons/commons-math3/3.1.1/commons-math3-3.1.1.jar:/home/runner/.m2/repository/commons-net/commons-net/3.9.0/commons-net-3.9.0.jar:/home/runner/.m2/repository/com/sun/jersey/jersey-servlet/1.19/jersey-servlet-1.19.jar:/home/runner/.m2/repository/com/github/pjfanning/jersey-json/1.20/jersey-json-1.20.jar:/home/runner/.m2/repository/org/codehaus/jettison/jettison/1.1/jettison-1.1.jar:/home/runner/.m2/repository/com/sun/xml/bind/jaxb-impl/2.2.3-1/jaxb-impl-2.2.3-1.jar:/home/runner/.m2/repository/com/google/re2j/re2j/1.1/re2j-1.1.jar:/home/runner/.m2/repository/com/jcraft/jsch/0.1.54/jsch-0.1.54.jar:/home/runner/.m2/repository/org/apache/curator/curator-client/4.2.0/curator-client-4.2.0.jar:/home/runner/.m2/repository/org/apache/curator/curator-recipes/4.2.0/curator-recipes-4.2.0.jar:/home/runner/.m2/repository/org/apache/kerby/kerb-core/1.0.1/kerb-core-1.0.1.jar:/home/runner/.m2/repository/org/apache/kerby/kerby-pkix/1.0.1/kerby-pkix-1.0.1.jar:/home/runner/.m2/repository/org/apache/kerby/kerby-asn1/1.0.1/kerby-asn1-1.0.1.jar:/home/runner/.m2/repository/org/apache/kerby/kerby-util/1.0.1/kerby-util-1.0.1.jar:/home/runner/.m2/repository/dnsjava/dnsjava/2.1.7/dnsjava-2.1.7.jar:/home/runner/.m2/repository/org/xerial/snappy/snappy-java/1.1.8.2/snappy-java-1.1.8.2.jar:/home/runner/.m2/repository/com/fasterxml/jackson/core/jackson-databind/2.13.4.2/jackson-databind-2.13.4.2.jar:/home/runner/.m2/repository/org/apache/hadoop/hadoop-kms/3.3.5/hadoop-kms-3.3.5-tests.jar:/home/runner/.m2/repository/org/apache/ozone/hdds-server-scm/1.4.0-SNAPSHOT/hdds-server-scm-1.4.0-SNAPSHOT-tests.jar:/home/runner/.m2/repository/org/apache/ozone/hdds-container-service/1.4.0-SNAPSHOT/hdds-container-service-1.4.0-SNAPSHOT-tests.jar:/home/runner/.m2/repository/com/github/luben/zstd-jni/1.5.2-5/zstd-jni-1.5.2-5.jar:/home/runner/.m2/repository/commons-codec/commons-codec/1.15/commons-codec-1.15.jar:/home/runner/.m2/repository/io/netty/netty-codec/4.1.86.Final/netty-codec-4.1.86.Final.jar:/home/runner/.m2/repository/io/netty/netty-handler/4.1.86.Final/netty-handler-4.1.86.Final.jar:/home/runner/.m2/repository/org/apache/ozone/hdds-hadoop-dependency-test/1.4.0-SNAPSHOT/hdds-hadoop-dependency-test-1.4.0-SNAPSHOT.jar:/home/runner/.m2/repository/org/apache/hadoop/hadoop-common/3.3.5/hadoop-common-3.3.5-tests.jar:/home/runner/.m2/repository/org/apache/hadoop/hadoop-hdfs/3.3.5/hadoop-hdfs-3.3.5-tests.jar:/home/runner/.m2/repository/org/assertj/assertj-core/3.12.2/assertj-core-3.12.2.jar:/home/runner/.m2/repository/org/apache/hadoop/hadoop-distcp/3.3.5/hadoop-distcp-3.3.5.jar:/home/runner/.m2/repository/org/apache/hadoop/hadoop-mapreduce-client-jobclient/3.3.5/hadoop-mapreduce-client-jobclient-3.3.5.jar:/home/runner/.m2/repository/org/apache/hadoop/hadoop-mapreduce-client-common/3.3.5/hadoop-mapreduce-client-common-3.3.5.jar:/home/runner/.m2/repository/org/apache/hadoop/hadoop-yarn-common/3.3.5/hadoop-yarn-common-3.3.5.jar:/home/runner/.m2/repository/org/apache/hadoop/hadoop-yarn-api/3.3.5/hadoop-yarn-api-3.3.5.jar:/home/runner/.m2/repository/com/sun/jersey/contribs/jersey-guice/1.19/jersey-guice-1.19.jar:/home/runner/.m2/repository/com/fasterxml/jackson/jaxrs/jackson-jaxrs-json-provider/2.13.4/jackson-jaxrs-json-provider-2.13.4.jar:/home/runner/.m2/repository/com/fasterxml/jackson/jaxrs/jackson-jaxrs-base/2.13.4/jackson-jaxrs-base-2.13.4.jar:/home/runner/.m2/repository/org/apache/hadoop/hadoop-yarn-client/3.3.5/hadoop-yarn-client-3.3.5.jar:/home/runner/.m2/repository/org/eclipse/jetty/websocket/websocket-client/9.4.48.v20220622/websocket-client-9.4.48.v20220622.jar:/home/runner/.m2/repository/org/eclipse/jetty/websocket/websocket-common/9.4.48.v20220622/websocket-common-9.4.48.v20220622.jar:/home/runner/.m2/repository/org/eclipse/jetty/websocket/websocket-api/9.4.48.v20220622/websocket-api-9.4.48.v20220622.jar:/home/runner/.m2/repository/org/jline/jline/3.9.0/jline-3.9.0.jar:/home/runner/.m2/repository/org/apache/hadoop/hadoop-mapreduce-client-core/3.3.5/hadoop-mapreduce-client-core-3.3.5.jar:/home/runner/.m2/repository/org/apache/avro/avro/1.7.7/avro-1.7.7.jar:/home/runner/.m2/repository/com/thoughtworks/paranamer/paranamer/2.3/paranamer-2.3.jar:/home/runner/.m2/repository/org/apache/hadoop/hadoop-annotations/3.3.5/hadoop-annotations-3.3.5.jar:/usr/lib/jvm/temurin-8-jdk-amd64/jre/../lib/tools.jar:/home/runner/.m2/repository/io/netty/netty/3.10.6.Final/netty-3.10.6.Final.jar:/home/runner/.m2/repository/org/apache/hadoop/hadoop-distcp/3.3.5/hadoop-distcp-3.3.5-tests.jar:/home/runner/.m2/repository/org/slf4j/jul-to-slf4j/1.7.36/jul-to-slf4j-1.7.36.jar:"/>
    <property name="java.vm.vendor" value="Temurin"/>
    <property name="sun.arch.data.model" value="64"/>
    <property name="test.build.dir" value="/home/runner/work/ozone/ozone/hadoop-ozone/integration-test/target/test-dir"/>
    <property name="test.cache.data" value=""/>
    <property name="java.vendor.url" value="https://adoptium.net/"/>
    <property name="user.timezone" value="Etc/UTC"/>
    <property name="java.vm.specification.version" value="1.8"/>
    <property name="os.name" value="Linux"/>
    <property name="test.build.data" value="/home/runner/work/ozone/ozone/hadoop-ozone/integration-test/target/test-dir"/>
    <property name="sun.java.launcher" value="SUN_STANDARD"/>
    <property name="sun.boot.library.path" value="/usr/lib/jvm/temurin-8-jdk-amd64/jre/lib/amd64"/>
    <property name="sun.java.command" value="/home/runner/work/ozone/ozone/hadoop-ozone/integration-test/target/surefire/surefirebooter218515707153073153.jar /home/runner/work/ozone/ozone/hadoop-ozone/integration-test/target/surefire 2023-05-09T20-53-15_286-jvmRun1 surefire1666794235964466709tmp surefire_392535714064875115365tmp"/>
    <property name="surefire.test.class.path" value="/home/runner/work/ozone/ozone/hadoop-ozone/integration-test/target/test-classes:/home/runner/work/ozone/ozone/hadoop-ozone/integration-test/target/classes:/home/runner/.m2/repository/org/apache/ozone/ozone-common/1.4.0-SNAPSHOT/ozone-common-1.4.0-SNAPSHOT.jar:/home/runner/.m2/repository/io/grpc/grpc-netty/1.51.1/grpc-netty-1.51.1.jar:/home/runner/.m2/repository/io/grpc/grpc-core/1.51.1/grpc-core-1.51.1.jar:/home/runner/.m2/repository/com/google/android/annotations/4.1.1.4/annotations-4.1.1.4.jar:/home/runner/.m2/repository/org/codehaus/mojo/animal-sniffer-annotations/1.21/animal-sniffer-annotations-1.21.jar:/home/runner/.m2/repository/com/google/errorprone/error_prone_annotations/2.2.0/error_prone_annotations-2.2.0.jar:/home/runner/.m2/repository/io/perfmark/perfmark-api/0.25.0/perfmark-api-0.25.0.jar:/home/runner/.m2/repository/io/netty/netty-codec-http2/4.1.86.Final/netty-codec-http2-4.1.86.Final.jar:/home/runner/.m2/repository/io/netty/netty-common/4.1.86.Final/netty-common-4.1.86.Final.jar:/home/runner/.m2/repository/io/netty/netty-buffer/4.1.86.Final/netty-buffer-4.1.86.Final.jar:/home/runner/.m2/repository/io/netty/netty-codec-http/4.1.86.Final/netty-codec-http-4.1.86.Final.jar:/home/runner/.m2/repository/io/netty/netty-handler-proxy/4.1.86.Final/netty-handler-proxy-4.1.86.Final.jar:/home/runner/.m2/repository/io/netty/netty-codec-socks/4.1.86.Final/netty-codec-socks-4.1.86.Final.jar:/home/runner/.m2/repository/io/netty/netty-tcnative-boringssl-static/2.0.54.Final/netty-tcnative-boringssl-static-2.0.54.Final.jar:/home/runner/.m2/repository/io/netty/netty-tcnative-classes/2.0.54.Final/netty-tcnative-classes-2.0.54.Final.jar:/home/runner/.m2/repository/io/netty/netty-tcnative-boringssl-static/2.0.54.Final/netty-tcnative-boringssl-static-2.0.54.Final-linux-x86_64.jar:/home/runner/.m2/repository/io/netty/netty-tcnative-boringssl-static/2.0.54.Final/netty-tcnative-boringssl-static-2.0.54.Final-linux-aarch_64.jar:/home/runner/.m2/repository/io/netty/netty-tcnative-boringssl-static/2.0.54.Final/netty-tcnative-boringssl-static-2.0.54.Final-osx-x86_64.jar:/home/runner/.m2/repository/io/netty/netty-tcnative-boringssl-static/2.0.54.Final/netty-tcnative-boringssl-static-2.0.54.Final-osx-aarch_64.jar:/home/runner/.m2/repository/io/netty/netty-tcnative-boringssl-static/2.0.54.Final/netty-tcnative-boringssl-static-2.0.54.Final-windows-x86_64.jar:/home/runner/.m2/repository/org/apache/commons/commons-compress/1.21/commons-compress-1.21.jar:/home/runner/.m2/repository/org/apache/ozone/hdds-common/1.4.0-SNAPSHOT/hdds-common-1.4.0-SNAPSHOT.jar:/home/runner/.m2/repository/org/apache/ozone/hdds-client/1.4.0-SNAPSHOT/hdds-client-1.4.0-SNAPSHOT.jar:/home/runner/.m2/repository/org/apache/ozone/ozone-interface-client/1.4.0-SNAPSHOT/ozone-interface-client-1.4.0-SNAPSHOT.jar:/home/runner/.m2/repository/org/apache/hadoop/hadoop-hdfs-client/3.3.5/hadoop-hdfs-client-3.3.5.jar:/home/runner/.m2/repository/com/squareup/okhttp3/okhttp/4.9.3/okhttp-4.9.3.jar:/home/runner/.m2/repository/com/squareup/okio/okio/2.8.0/okio-2.8.0.jar:/home/runner/.m2/repository/org/jetbrains/kotlin/kotlin-stdlib-common/1.6.21/kotlin-stdlib-common-1.6.21.jar:/home/runner/.m2/repository/org/apache/ozone/hdds-test-utils/1.4.0-SNAPSHOT/hdds-test-utils-1.4.0-SNAPSHOT.jar:/home/runner/.m2/repository/com/google/guava/guava/31.1-jre/guava-31.1-jre.jar:/home/runner/.m2/repository/com/google/guava/failureaccess/1.0.1/failureaccess-1.0.1.jar:/home/runner/.m2/repository/com/google/guava/listenablefuture/9999.0-empty-to-avoid-conflict-with-guava/listenablefuture-9999.0-empty-to-avoid-conflict-with-guava.jar:/home/runner/.m2/repository/com/google/code/findbugs/jsr305/3.0.0/jsr305-3.0.0.jar:/home/runner/.m2/repository/org/checkerframework/checker-qual/3.12.0/checker-qual-3.12.0.jar:/home/runner/.m2/repository/com/google/j2objc/j2objc-annotations/1.3/j2objc-annotations-1.3.jar:/home/runner/.m2/repository/commons-io/commons-io/2.11.0/commons-io-2.11.0.jar:/home/runner/.m2/repository/commons-logging/commons-logging/1.2/commons-logging-1.2.jar:/home/runner/.m2/repository/ch/qos/reload4j/reload4j/1.2.22/reload4j-1.2.22.jar:/home/runner/.m2/repository/org/slf4j/slf4j-api/1.7.36/slf4j-api-1.7.36.jar:/home/runner/.m2/repository/org/apache/ozone/hdds-server-scm/1.4.0-SNAPSHOT/hdds-server-scm-1.4.0-SNAPSHOT.jar:/home/runner/.m2/repository/org/apache/ozone/hdds-container-service/1.4.0-SNAPSHOT/hdds-container-service-1.4.0-SNAPSHOT.jar:/home/runner/.m2/repository/org/apache/ozone/hdds-hadoop-dependency-server/1.4.0-SNAPSHOT/hdds-hadoop-dependency-server-1.4.0-SNAPSHOT.jar:/home/runner/.m2/repository/org/apache/hadoop/hadoop-hdfs/3.3.5/hadoop-hdfs-3.3.5.jar:/home/runner/.m2/repository/commons-daemon/commons-daemon/1.0.13/commons-daemon-1.0.13.jar:/home/runner/.m2/repository/org/apache/ozone/hdds-server-framework/1.4.0-SNAPSHOT/hdds-server-framework-1.4.0-SNAPSHOT.jar:/home/runner/.m2/repository/io/dropwizard/metrics/metrics-core/3.2.4/metrics-core-3.2.4.jar:/home/runner/.m2/repository/org/apache/commons/commons-text/1.4/commons-text-1.4.jar:/home/runner/.m2/repository/org/bouncycastle/bcprov-jdk15on/1.67/bcprov-jdk15on-1.67.jar:/home/runner/.m2/repository/com/google/protobuf/protobuf-java/2.5.0/protobuf-java-2.5.0.jar:/home/runner/.m2/repository/org/apache/ozone/hdds-server-framework/1.4.0-SNAPSHOT/hdds-server-framework-1.4.0-SNAPSHOT-tests.jar:/home/runner/.m2/repository/org/apache/ozone/hdds-interface-server/1.4.0-SNAPSHOT/hdds-interface-server-1.4.0-SNAPSHOT.jar:/home/runner/.m2/repository/org/apache/ozone/hdds-interface-admin/1.4.0-SNAPSHOT/hdds-interface-admin-1.4.0-SNAPSHOT.jar:/home/runner/.m2/repository/org/apache/ozone/hdds-managed-rocksdb/1.4.0-SNAPSHOT/hdds-managed-rocksdb-1.4.0-SNAPSHOT.jar:/home/runner/.m2/repository/org/rocksdb/rocksdbjni/7.7.3/rocksdbjni-7.7.3.jar:/home/runner/.m2/repository/org/slf4j/slf4j-reload4j/1.7.36/slf4j-reload4j-1.7.36.jar:/home/runner/.m2/repository/org/apache/commons/commons-configuration2/2.1.1/commons-configuration2-2.1.1.jar:/home/runner/.m2/repository/org/apache/logging/log4j/log4j-core/2.17.1/log4j-core-2.17.1.jar:/home/runner/.m2/repository/com/lmax/disruptor/3.4.2/disruptor-3.4.2.jar:/home/runner/.m2/repository/org/eclipse/jetty/jetty-util/9.4.51.v20230217/jetty-util-9.4.51.v20230217.jar:/home/runner/.m2/repository/org/eclipse/jetty/jetty-server/9.4.51.v20230217/jetty-server-9.4.51.v20230217.jar:/home/runner/.m2/repository/org/eclipse/jetty/jetty-http/9.4.51.v20230217/jetty-http-9.4.51.v20230217.jar:/home/runner/.m2/repository/org/eclipse/jetty/jetty-io/9.4.51.v20230217/jetty-io-9.4.51.v20230217.jar:/home/runner/.m2/repository/org/eclipse/jetty/jetty-servlet/9.4.51.v20230217/jetty-servlet-9.4.51.v20230217.jar:/home/runner/.m2/repository/org/eclipse/jetty/jetty-security/9.4.51.v20230217/jetty-security-9.4.51.v20230217.jar:/home/runner/.m2/repository/org/eclipse/jetty/jetty-util-ajax/9.4.51.v20230217/jetty-util-ajax-9.4.51.v20230217.jar:/home/runner/.m2/repository/org/eclipse/jetty/jetty-webapp/9.4.51.v20230217/jetty-webapp-9.4.51.v20230217.jar:/home/runner/.m2/repository/org/eclipse/jetty/jetty-xml/9.4.51.v20230217/jetty-xml-9.4.51.v20230217.jar:/home/runner/.m2/repository/org/apache/ratis/ratis-server/2.5.1/ratis-server-2.5.1.jar:/home/runner/.m2/repository/org/apache/ratis/ratis-thirdparty-misc/1.0.4/ratis-thirdparty-misc-1.0.4.jar:/home/runner/.m2/repository/org/apache/ratis/ratis-proto/2.5.1/ratis-proto-2.5.1.jar:/home/runner/.m2/repository/org/apache/ratis/ratis-common/2.5.1/ratis-common-2.5.1.jar:/home/runner/.m2/repository/org/apache/ratis/ratis-client/2.5.1/ratis-client-2.5.1.jar:/home/runner/.m2/repository/org/apache/ratis/ratis-server-api/2.5.1/ratis-server-api-2.5.1.jar:/home/runner/.m2/repository/org/apache/ratis/ratis-metrics/2.5.1/ratis-metrics-2.5.1.jar:/home/runner/.m2/repository/io/prometheus/simpleclient_dropwizard/0.7.0/simpleclient_dropwizard-0.7.0.jar:/home/runner/.m2/repository/io/prometheus/simpleclient/0.7.0/simpleclient-0.7.0.jar:/home/runner/.m2/repository/io/prometheus/simpleclient_common/0.7.0/simpleclient_common-0.7.0.jar:/home/runner/.m2/repository/com/fasterxml/jackson/datatype/jackson-datatype-jsr310/2.13.4/jackson-datatype-jsr310-2.13.4.jar:/home/runner/.m2/repository/com/fasterxml/jackson/core/jackson-core/2.13.4/jackson-core-2.13.4.jar:/home/runner/.m2/repository/com/github/spotbugs/spotbugs-annotations/3.1.12/spotbugs-annotations-3.1.12.jar:/home/runner/.m2/repository/org/apache/ozone/rocksdb-checkpoint-differ/1.4.0-SNAPSHOT/rocksdb-checkpoint-differ-1.4.0-SNAPSHOT.jar:/home/runner/.m2/repository/org/awaitility/awaitility/4.2.0/awaitility-4.2.0.jar:/home/runner/.m2/repository/org/hamcrest/hamcrest/2.1/hamcrest-2.1.jar:/home/runner/.m2/repository/org/apache/ozone/ozone-manager/1.4.0-SNAPSHOT/ozone-manager-1.4.0-SNAPSHOT.jar:/home/runner/.m2/repository/org/aspectj/aspectjrt/1.9.7/aspectjrt-1.9.7.jar:/home/runner/.m2/repository/org/aspectj/aspectjweaver/1.9.7/aspectjweaver-1.9.7.jar:/home/runner/.m2/repository/org/apache/ozone/hdds-interface-client/1.4.0-SNAPSHOT/hdds-interface-client-1.4.0-SNAPSHOT.jar:/home/runner/.m2/repository/org/apache/hadoop/thirdparty/hadoop-shaded-protobuf_3_7/1.1.1/hadoop-shaded-protobuf_3_7-1.1.1.jar:/home/runner/.m2/repository/org/apache/ozone/ozone-interface-storage/1.4.0-SNAPSHOT/ozone-interface-storage-1.4.0-SNAPSHOT.jar:/home/runner/.m2/repository/org/reflections/reflections/0.9.11/reflections-0.9.11.jar:/home/runner/.m2/repository/com/sun/jersey/jersey-client/1.19/jersey-client-1.19.jar:/home/runner/.m2/repository/org/codehaus/jackson/jackson-core-asl/1.9.13/jackson-core-asl-1.9.13.jar:/home/runner/.m2/repository/org/codehaus/jackson/jackson-mapper-asl/1.9.13/jackson-mapper-asl-1.9.13.jar:/home/runner/.m2/repository/org/codehaus/jackson/jackson-jaxrs/1.9.13/jackson-jaxrs-1.9.13.jar:/home/runner/.m2/repository/org/apache/ranger/ranger-intg/2.3.0/ranger-intg-2.3.0.jar:/home/runner/.m2/repository/org/apache/ranger/ranger-plugins-common/2.3.0/ranger-plugins-common-2.3.0.jar:/home/runner/.m2/repository/commons-lang/commons-lang/2.6/commons-lang-2.6.jar:/home/runner/.m2/repository/org/apache/ranger/ranger-plugins-cred/2.3.0/ranger-plugins-cred-2.3.0.jar:/home/runner/.m2/repository/org/apache/ranger/ranger-plugins-audit/2.3.0/ranger-plugins-audit-2.3.0.jar:/home/runner/.m2/repository/org/eclipse/jetty/jetty-client/9.4.51.v20230217/jetty-client-9.4.51.v20230217.jar:/home/runner/.m2/repository/org/apache/httpcomponents/httpmime/4.5.6/httpmime-4.5.6.jar:/home/runner/.m2/repository/org/apache/httpcomponents/httpcore-nio/4.4.13/httpcore-nio-4.4.13.jar:/home/runner/.m2/repository/org/apache/httpcomponents/httpasyncclient/4.1.3/httpasyncclient-4.1.3.jar:/home/runner/.m2/repository/com/carrotsearch/hppc/0.8.0/hppc-0.8.0.jar:/home/runner/.m2/repository/org/apache/orc/orc-core/1.5.8/orc-core-1.5.8.jar:/home/runner/.m2/repository/net/java/dev/jna/jna/5.2.0/jna-5.2.0.jar:/home/runner/.m2/repository/net/java/dev/jna/jna-platform/5.2.0/jna-platform-5.2.0.jar:/home/runner/.m2/repository/com/kstruct/gethostname4j/0.0.2/gethostname4j-0.0.2.jar:/home/runner/.m2/repository/org/apache/ranger/ranger-plugin-classloader/2.3.0/ranger-plugin-classloader-2.3.0.jar:/home/runner/.m2/repository/org/apache/ozone/hdds-rocks-native/1.4.0-SNAPSHOT/hdds-rocks-native-1.4.0-SNAPSHOT.jar:/home/runner/.m2/repository/org/apache/hadoop/hadoop-minikdc/3.3.5/hadoop-minikdc-3.3.5.jar:/home/runner/.m2/repository/org/apache/kerby/kerb-simplekdc/1.0.1/kerb-simplekdc-1.0.1.jar:/home/runner/.m2/repository/org/apache/kerby/kerb-client/1.0.1/kerb-client-1.0.1.jar:/home/runner/.m2/repository/org/apache/kerby/kerby-config/1.0.1/kerby-config-1.0.1.jar:/home/runner/.m2/repository/org/apache/kerby/kerb-common/1.0.1/kerb-common-1.0.1.jar:/home/runner/.m2/repository/org/apache/kerby/kerb-crypto/1.0.1/kerb-crypto-1.0.1.jar:/home/runner/.m2/repository/org/apache/kerby/kerb-util/1.0.1/kerb-util-1.0.1.jar:/home/runner/.m2/repository/org/apache/kerby/token-provider/1.0.1/token-provider-1.0.1.jar:/home/runner/.m2/repository/org/apache/kerby/kerb-admin/1.0.1/kerb-admin-1.0.1.jar:/home/runner/.m2/repository/org/apache/kerby/kerb-server/1.0.1/kerb-server-1.0.1.jar:/home/runner/.m2/repository/org/apache/kerby/kerb-identity/1.0.1/kerb-identity-1.0.1.jar:/home/runner/.m2/repository/org/apache/kerby/kerby-xdr/1.0.1/kerby-xdr-1.0.1.jar:/home/runner/.m2/repository/org/apache/ozone/ozone-s3gateway/1.4.0-SNAPSHOT/ozone-s3gateway-1.4.0-SNAPSHOT.jar:/home/runner/.m2/repository/org/javassist/javassist/3.21.0-GA/javassist-3.21.0-GA.jar:/home/runner/.m2/repository/org/jboss/weld/servlet/weld-servlet-shaded/3.1.9.Final/weld-servlet-shaded-3.1.9.Final.jar:/home/runner/.m2/repository/org/glassfish/jersey/containers/jersey-container-servlet-core/2.34/jersey-container-servlet-core-2.34.jar:/home/runner/.m2/repository/org/glassfish/hk2/external/jakarta.inject/2.6.1/jakarta.inject-2.6.1.jar:/home/runner/.m2/repository/org/glassfish/jersey/core/jersey-common/2.34/jersey-common-2.34.jar:/home/runner/.m2/repository/jakarta/ws/rs/jakarta.ws.rs-api/2.1.6/jakarta.ws.rs-api-2.1.6.jar:/home/runner/.m2/repository/org/glassfish/jersey/ext/cdi/jersey-cdi1x/2.34/jersey-cdi1x-2.34.jar:/home/runner/.m2/repository/org/glassfish/jersey/inject/jersey-hk2/2.34/jersey-hk2-2.34.jar:/home/runner/.m2/repository/org/glassfish/hk2/hk2-locator/2.6.1/hk2-locator-2.6.1.jar:/home/runner/.m2/repository/org/glassfish/jersey/media/jersey-media-jaxb/2.34/jersey-media-jaxb-2.34.jar:/home/runner/.m2/repository/org/glassfish/hk2/osgi-resource-locator/1.0.3/osgi-resource-locator-1.0.3.jar:/home/runner/.m2/repository/org/glassfish/hk2/hk2-api/2.5.0/hk2-api-2.5.0.jar:/home/runner/.m2/repository/org/glassfish/hk2/hk2-utils/2.5.0/hk2-utils-2.5.0.jar:/home/runner/.m2/repository/org/glassfish/hk2/external/aopalliance-repackaged/2.5.0/aopalliance-repackaged-2.5.0.jar:/home/runner/.m2/repository/com/fasterxml/jackson/dataformat/jackson-dataformat-xml/2.13.4/jackson-dataformat-xml-2.13.4.jar:/home/runner/.m2/repository/org/codehaus/woodstox/stax2-api/4.2.1/stax2-api-4.2.1.jar:/home/runner/.m2/repository/com/fasterxml/woodstox/woodstox-core/5.4.0/woodstox-core-5.4.0.jar:/home/runner/.m2/repository/com/fasterxml/jackson/module/jackson-module-jaxb-annotations/2.13.4/jackson-module-jaxb-annotations-2.13.4.jar:/home/runner/.m2/repository/jakarta/xml/bind/jakarta.xml.bind-api/2.3.3/jakarta.xml.bind-api-2.3.3.jar:/home/runner/.m2/repository/jakarta/activation/jakarta.activation-api/1.2.2/jakarta.activation-api-1.2.2.jar:/home/runner/.m2/repository/javax/enterprise/cdi-api/2.0/cdi-api-2.0.jar:/home/runner/.m2/repository/javax/el/javax.el-api/3.0.0/javax.el-api-3.0.0.jar:/home/runner/.m2/repository/javax/interceptor/javax.interceptor-api/1.2/javax.interceptor-api-1.2.jar:/home/runner/.m2/repository/javax/inject/javax.inject/1/javax.inject-1.jar:/home/runner/.m2/repository/javax/xml/bind/jaxb-api/2.3.0/jaxb-api-2.3.0.jar:/home/runner/.m2/repository/org/glassfish/jaxb/jaxb-runtime/2.3.0.1/jaxb-runtime-2.3.0.1.jar:/home/runner/.m2/repository/org/glassfish/jaxb/jaxb-core/2.3.0.1/jaxb-core-2.3.0.1.jar:/home/runner/.m2/repository/org/glassfish/jaxb/txw2/2.3.0.1/txw2-2.3.0.1.jar:/home/runner/.m2/repository/com/sun/istack/istack-commons-runtime/3.0.5/istack-commons-runtime-3.0.5.jar:/home/runner/.m2/repository/org/jvnet/staxex/stax-ex/1.7.8/stax-ex-1.7.8.jar:/home/runner/.m2/repository/com/sun/xml/fastinfoset/FastInfoset/1.2.13/FastInfoset-1.2.13.jar:/home/runner/.m2/repository/javax/activation/activation/1.1.1/activation-1.1.1.jar:/home/runner/.m2/repository/io/grpc/grpc-protobuf/1.51.1/grpc-protobuf-1.51.1.jar:/home/runner/.m2/repository/io/grpc/grpc-api/1.51.1/grpc-api-1.51.1.jar:/home/runner/.m2/repository/io/grpc/grpc-context/1.51.1/grpc-context-1.51.1.jar:/home/runner/.m2/repository/com/google/api/grpc/proto-google-common-protos/2.9.0/proto-google-common-protos-2.9.0.jar:/home/runner/.m2/repository/io/grpc/grpc-protobuf-lite/1.51.1/grpc-protobuf-lite-1.51.1.jar:/home/runner/.m2/repository/io/grpc/grpc-stub/1.51.1/grpc-stub-1.51.1.jar:/home/runner/.m2/repository/io/netty/netty-transport/4.1.86.Final/netty-transport-4.1.86.Final.jar:/home/runner/.m2/repository/io/netty/netty-resolver/4.1.86.Final/netty-resolver-4.1.86.Final.jar:/home/runner/.m2/repository/org/apache/ozone/ozone-csi/1.4.0-SNAPSHOT/ozone-csi-1.4.0-SNAPSHOT.jar:/home/runner/.m2/repository/com/google/protobuf/protobuf-java-util/3.19.6/protobuf-java-util-3.19.6.jar:/home/runner/.m2/repository/com/google/code/gson/gson/2.9.0/gson-2.9.0.jar:/home/runner/.m2/repository/org/apache/ozone/hdds-config/1.4.0-SNAPSHOT/hdds-config-1.4.0-SNAPSHOT.jar:/home/runner/.m2/repository/io/netty/netty-transport-native-epoll/4.1.86.Final/netty-transport-native-epoll-4.1.86.Final-linux-x86_64.jar:/home/runner/.m2/repository/io/netty/netty-transport-classes-epoll/4.1.86.Final/netty-transport-classes-epoll-4.1.86.Final.jar:/home/runner/.m2/repository/io/netty/netty-transport-native-unix-common/4.1.86.Final/netty-transport-native-unix-common-4.1.86.Final.jar:/home/runner/.m2/repository/org/apache/ozone/ozone-recon/1.4.0-SNAPSHOT/ozone-recon-1.4.0-SNAPSHOT.jar:/home/runner/.m2/repository/org/apache/ozone/ozone-reconcodegen/1.4.0-SNAPSHOT/ozone-reconcodegen-1.4.0-SNAPSHOT.jar:/home/runner/.m2/repository/com/google/inject/guice/5.1.0/guice-5.1.0.jar:/home/runner/.m2/repository/aopalliance/aopalliance/1.0/aopalliance-1.0.jar:/home/runner/.m2/repository/com/google/inject/extensions/guice-assistedinject/5.1.0/guice-assistedinject-5.1.0.jar:/home/runner/.m2/repository/com/google/inject/extensions/guice-servlet/5.1.0/guice-servlet-5.1.0.jar:/home/runner/.m2/repository/org/glassfish/jersey/containers/jersey-container-servlet/2.34/jersey-container-servlet-2.34.jar:/home/runner/.m2/repository/org/glassfish/hk2/guice-bridge/2.5.0/guice-bridge-2.5.0.jar:/home/runner/.m2/repository/org/glassfish/jersey/core/jersey-server/2.34/jersey-server-2.34.jar:/home/runner/.m2/repository/org/glassfish/jersey/core/jersey-client/2.34/jersey-client-2.34.jar:/home/runner/.m2/repository/jakarta/annotation/jakarta.annotation-api/1.3.5/jakarta.annotation-api-1.3.5.jar:/home/runner/.m2/repository/jakarta/validation/jakarta.validation-api/2.0.2/jakarta.validation-api-2.0.2.jar:/home/runner/.m2/repository/org/glassfish/jersey/media/jersey-media-json-jackson/2.34/jersey-media-json-jackson-2.34.jar:/home/runner/.m2/repository/org/glassfish/jersey/ext/jersey-entity-filtering/2.34/jersey-entity-filtering-2.34.jar:/home/runner/.m2/repository/org/jooq/jooq/3.11.10/jooq-3.11.10.jar:/home/runner/.m2/repository/org/jooq/jooq-meta/3.11.10/jooq-meta-3.11.10.jar:/home/runner/.m2/repository/org/jooq/jooq-codegen/3.11.10/jooq-codegen-3.11.10.jar:/home/runner/.m2/repository/com/jolbox/bonecp/0.8.0.RELEASE/bonecp-0.8.0.RELEASE.jar:/home/runner/.m2/repository/org/apache/derby/derby/10.14.2.0/derby-10.14.2.0.jar:/home/runner/.m2/repository/org/xerial/sqlite-jdbc/3.25.2/sqlite-jdbc-3.25.2.jar:/home/runner/.m2/repository/org/springframework/spring-jdbc/5.3.27/spring-jdbc-5.3.27.jar:/home/runner/.m2/repository/org/springframework/spring-beans/5.3.27/spring-beans-5.3.27.jar:/home/runner/.m2/repository/org/springframework/spring-core/5.3.27/spring-core-5.3.27.jar:/home/runner/.m2/repository/org/springframework/spring-tx/5.3.27/spring-tx-5.3.27.jar:/home/runner/.m2/repository/org/apache/ozone/ozone-client/1.4.0-SNAPSHOT/ozone-client-1.4.0-SNAPSHOT.jar:/home/runner/.m2/repository/org/apache/ozone/hdds-erasurecode/1.4.0-SNAPSHOT/hdds-erasurecode-1.4.0-SNAPSHOT.jar:/home/runner/.m2/repository/org/apache/ozone/ozone-filesystem/1.4.0-SNAPSHOT/ozone-filesystem-1.4.0-SNAPSHOT.jar:/home/runner/.m2/repository/org/apache/ozone/ozone-filesystem-common/1.4.0-SNAPSHOT/ozone-filesystem-common-1.4.0-SNAPSHOT.jar:/home/runner/.m2/repository/org/apache/ozone/ozone-tools/1.4.0-SNAPSHOT/ozone-tools-1.4.0-SNAPSHOT.jar:/home/runner/.m2/repository/com/amazonaws/aws-java-sdk-core/1.12.261/aws-java-sdk-core-1.12.261.jar:/home/runner/.m2/repository/org/apache/httpcomponents/httpclient/4.5.13/httpclient-4.5.13.jar:/home/runner/.m2/repository/org/apache/httpcomponents/httpcore/4.4.13/httpcore-4.4.13.jar:/home/runner/.m2/repository/software/amazon/ion/ion-java/1.0.2/ion-java-1.0.2.jar:/home/runner/.m2/repository/com/fasterxml/jackson/dataformat/jackson-dataformat-cbor/2.13.4/jackson-dataformat-cbor-2.13.4.jar:/home/runner/.m2/repository/joda-time/joda-time/2.10.6/joda-time-2.10.6.jar:/home/runner/.m2/repository/com/amazonaws/aws-java-sdk-s3/1.12.261/aws-java-sdk-s3-1.12.261.jar:/home/runner/.m2/repository/com/amazonaws/aws-java-sdk-kms/1.12.261/aws-java-sdk-kms-1.12.261.jar:/home/runner/.m2/repository/com/amazonaws/jmespath-java/1.12.261/jmespath-java-1.12.261.jar:/home/runner/.m2/repository/org/kohsuke/metainf-services/metainf-services/1.8/metainf-services-1.8.jar:/home/runner/.m2/repository/org/apache/ozone/hdds-tools/1.4.0-SNAPSHOT/hdds-tools-1.4.0-SNAPSHOT.jar:/home/runner/.m2/repository/org/apache/ratis/ratis-tools/2.5.1/ratis-tools-2.5.1.jar:/home/runner/.m2/repository/commons-cli/commons-cli/1.2/commons-cli-1.2.jar:/home/runner/.m2/repository/org/apache/commons/commons-lang3/3.7/commons-lang3-3.7.jar:/home/runner/.m2/repository/org/apache/ozone/ozone-manager/1.4.0-SNAPSHOT/ozone-manager-1.4.0-SNAPSHOT-tests.jar:/home/runner/.m2/repository/org/apache/ozone/hdds-common/1.4.0-SNAPSHOT/hdds-common-1.4.0-SNAPSHOT-tests.jar:/home/runner/.m2/repository/org/apache/ozone/hdds-hadoop-dependency-client/1.4.0-SNAPSHOT/hdds-hadoop-dependency-client-1.4.0-SNAPSHOT.jar:/home/runner/.m2/repository/info/picocli/picocli/4.6.1/picocli-4.6.1.jar:/home/runner/.m2/repository/com/fasterxml/jackson/core/jackson-annotations/2.13.4/jackson-annotations-2.13.4.jar:/home/runner/.m2/repository/org/apache/ozone/hdds-annotation-processing/1.4.0-SNAPSHOT/hdds-annotation-processing-1.4.0-SNAPSHOT.jar:/home/runner/.m2/repository/javax/annotation/javax.annotation-api/1.2/javax.annotation-api-1.2.jar:/home/runner/.m2/repository/org/apache/ratis/ratis-netty/2.5.1/ratis-netty-2.5.1.jar:/home/runner/.m2/repository/org/apache/ratis/ratis-grpc/2.5.1/ratis-grpc-2.5.1.jar:/home/runner/.m2/repository/org/apache/logging/log4j/log4j-api/2.17.1/log4j-api-2.17.1.jar:/home/runner/.m2/repository/org/apache/commons/commons-pool2/2.6.0/commons-pool2-2.6.0.jar:/home/runner/.m2/repository/org/bouncycastle/bcpkix-jdk15on/1.67/bcpkix-jdk15on-1.67.jar:/home/runner/.m2/repository/commons-validator/commons-validator/1.6/commons-validator-1.6.jar:/home/runner/.m2/repository/commons-beanutils/commons-beanutils/1.9.4/commons-beanutils-1.9.4.jar:/home/runner/.m2/repository/commons-digester/commons-digester/1.8.1/commons-digester-1.8.1.jar:/home/runner/.m2/repository/commons-collections/commons-collections/3.2.2/commons-collections-3.2.2.jar:/home/runner/.m2/repository/io/jaegertracing/jaeger-client/1.6.0/jaeger-client-1.6.0.jar:/home/runner/.m2/repository/io/jaegertracing/jaeger-thrift/1.6.0/jaeger-thrift-1.6.0.jar:/home/runner/.m2/repository/org/apache/thrift/libthrift/0.14.1/libthrift-0.14.1.jar:/home/runner/.m2/repository/io/jaegertracing/jaeger-core/1.6.0/jaeger-core-1.6.0.jar:/home/runner/.m2/repository/io/jaegertracing/jaeger-tracerresolver/1.6.0/jaeger-tracerresolver-1.6.0.jar:/home/runner/.m2/repository/io/opentracing/contrib/opentracing-tracerresolver/0.1.8/opentracing-tracerresolver-0.1.8.jar:/home/runner/.m2/repository/org/jetbrains/kotlin/kotlin-stdlib/1.6.21/kotlin-stdlib-1.6.21.jar:/home/runner/.m2/repository/org/jetbrains/annotations/13.0/annotations-13.0.jar:/home/runner/.m2/repository/io/opentracing/opentracing-util/0.33.0/opentracing-util-0.33.0.jar:/home/runner/.m2/repository/io/opentracing/opentracing-api/0.33.0/opentracing-api-0.33.0.jar:/home/runner/.m2/repository/io/opentracing/opentracing-noop/0.33.0/opentracing-noop-0.33.0.jar:/home/runner/.m2/repository/org/yaml/snakeyaml/2.0/snakeyaml-2.0.jar:/home/runner/.m2/repository/junit/junit/4.13.1/junit-4.13.1.jar:/home/runner/.m2/repository/org/hamcrest/hamcrest-core/1.3/hamcrest-core-1.3.jar:/home/runner/.m2/repository/org/junit/jupiter/junit-jupiter-api/5.8.2/junit-jupiter-api-5.8.2.jar:/home/runner/.m2/repository/org/opentest4j/opentest4j/1.2.0/opentest4j-1.2.0.jar:/home/runner/.m2/repository/org/junit/platform/junit-platform-commons/1.8.2/junit-platform-commons-1.8.2.jar:/home/runner/.m2/repository/org/apiguardian/apiguardian-api/1.1.2/apiguardian-api-1.1.2.jar:/home/runner/.m2/repository/org/junit/jupiter/junit-jupiter-params/5.8.2/junit-jupiter-params-5.8.2.jar:/home/runner/.m2/repository/org/junit/jupiter/junit-jupiter-migrationsupport/5.8.2/junit-jupiter-migrationsupport-5.8.2.jar:/home/runner/.m2/repository/org/junit/jupiter/junit-jupiter-engine/5.8.2/junit-jupiter-engine-5.8.2.jar:/home/runner/.m2/repository/org/junit/platform/junit-platform-engine/1.8.2/junit-platform-engine-1.8.2.jar:/home/runner/.m2/repository/org/junit/vintage/junit-vintage-engine/5.8.2/junit-vintage-engine-5.8.2.jar:/home/runner/.m2/repository/org/junit/platform/junit-platform-launcher/1.8.2/junit-platform-launcher-1.8.2.jar:/home/runner/.m2/repository/org/mockito/mockito-core/2.28.2/mockito-core-2.28.2.jar:/home/runner/.m2/repository/net/bytebuddy/byte-buddy/1.9.10/byte-buddy-1.9.10.jar:/home/runner/.m2/repository/net/bytebuddy/byte-buddy-agent/1.9.10/byte-buddy-agent-1.9.10.jar:/home/runner/.m2/repository/org/objenesis/objenesis/1.0/objenesis-1.0.jar:/home/runner/.m2/repository/org/apache/hadoop/hadoop-kms/3.3.5/hadoop-kms-3.3.5.jar:/home/runner/.m2/repository/org/apache/hadoop/hadoop-auth/3.3.5/hadoop-auth-3.3.5.jar:/home/runner/.m2/repository/com/nimbusds/nimbus-jose-jwt/9.8.1/nimbus-jose-jwt-9.8.1.jar:/home/runner/.m2/repository/com/github/stephenc/jcip/jcip-annotations/1.0-1/jcip-annotations-1.0-1.jar:/home/runner/.m2/repository/net/minidev/json-smart/2.4.7/json-smart-2.4.7.jar:/home/runner/.m2/repository/net/minidev/accessors-smart/2.4.7/accessors-smart-2.4.7.jar:/home/runner/.m2/repository/org/ow2/asm/asm/5.0.4/asm-5.0.4.jar:/home/runner/.m2/repository/org/apache/zookeeper/zookeeper/3.5.6/zookeeper-3.5.6.jar:/home/runner/.m2/repository/org/apache/zookeeper/zookeeper-jute/3.5.6/zookeeper-jute-3.5.6.jar:/home/runner/.m2/repository/org/apache/yetus/audience-annotations/0.5.0/audience-annotations-0.5.0.jar:/home/runner/.m2/repository/org/apache/curator/curator-framework/4.2.0/curator-framework-4.2.0.jar:/home/runner/.m2/repository/org/apache/hadoop/thirdparty/hadoop-shaded-guava/1.1.1/hadoop-shaded-guava-1.1.1.jar:/home/runner/.m2/repository/com/sun/jersey/jersey-core/1.19/jersey-core-1.19.jar:/home/runner/.m2/repository/javax/ws/rs/jsr311-api/1.1.1/jsr311-api-1.1.1.jar:/home/runner/.m2/repository/com/sun/jersey/jersey-server/1.19/jersey-server-1.19.jar:/home/runner/.m2/repository/javax/servlet/javax.servlet-api/3.1.0/javax.servlet-api-3.1.0.jar:/home/runner/.m2/repository/org/apache/hadoop/hadoop-common/3.3.5/hadoop-common-3.3.5.jar:/home/runner/.m2/repository/org/apache/commons/commons-math3/3.1.1/commons-math3-3.1.1.jar:/home/runner/.m2/repository/commons-net/commons-net/3.9.0/commons-net-3.9.0.jar:/home/runner/.m2/repository/com/sun/jersey/jersey-servlet/1.19/jersey-servlet-1.19.jar:/home/runner/.m2/repository/com/github/pjfanning/jersey-json/1.20/jersey-json-1.20.jar:/home/runner/.m2/repository/org/codehaus/jettison/jettison/1.1/jettison-1.1.jar:/home/runner/.m2/repository/com/sun/xml/bind/jaxb-impl/2.2.3-1/jaxb-impl-2.2.3-1.jar:/home/runner/.m2/repository/com/google/re2j/re2j/1.1/re2j-1.1.jar:/home/runner/.m2/repository/com/jcraft/jsch/0.1.54/jsch-0.1.54.jar:/home/runner/.m2/repository/org/apache/curator/curator-client/4.2.0/curator-client-4.2.0.jar:/home/runner/.m2/repository/org/apache/curator/curator-recipes/4.2.0/curator-recipes-4.2.0.jar:/home/runner/.m2/repository/org/apache/kerby/kerb-core/1.0.1/kerb-core-1.0.1.jar:/home/runner/.m2/repository/org/apache/kerby/kerby-pkix/1.0.1/kerby-pkix-1.0.1.jar:/home/runner/.m2/repository/org/apache/kerby/kerby-asn1/1.0.1/kerby-asn1-1.0.1.jar:/home/runner/.m2/repository/org/apache/kerby/kerby-util/1.0.1/kerby-util-1.0.1.jar:/home/runner/.m2/repository/dnsjava/dnsjava/2.1.7/dnsjava-2.1.7.jar:/home/runner/.m2/repository/org/xerial/snappy/snappy-java/1.1.8.2/snappy-java-1.1.8.2.jar:/home/runner/.m2/repository/com/fasterxml/jackson/core/jackson-databind/2.13.4.2/jackson-databind-2.13.4.2.jar:/home/runner/.m2/repository/org/apache/hadoop/hadoop-kms/3.3.5/hadoop-kms-3.3.5-tests.jar:/home/runner/.m2/repository/org/apache/ozone/hdds-server-scm/1.4.0-SNAPSHOT/hdds-server-scm-1.4.0-SNAPSHOT-tests.jar:/home/runner/.m2/repository/org/apache/ozone/hdds-container-service/1.4.0-SNAPSHOT/hdds-container-service-1.4.0-SNAPSHOT-tests.jar:/home/runner/.m2/repository/com/github/luben/zstd-jni/1.5.2-5/zstd-jni-1.5.2-5.jar:/home/runner/.m2/repository/commons-codec/commons-codec/1.15/commons-codec-1.15.jar:/home/runner/.m2/repository/io/netty/netty-codec/4.1.86.Final/netty-codec-4.1.86.Final.jar:/home/runner/.m2/repository/io/netty/netty-handler/4.1.86.Final/netty-handler-4.1.86.Final.jar:/home/runner/.m2/repository/org/apache/ozone/hdds-hadoop-dependency-test/1.4.0-SNAPSHOT/hdds-hadoop-dependency-test-1.4.0-SNAPSHOT.jar:/home/runner/.m2/repository/org/apache/hadoop/hadoop-common/3.3.5/hadoop-common-3.3.5-tests.jar:/home/runner/.m2/repository/org/apache/hadoop/hadoop-hdfs/3.3.5/hadoop-hdfs-3.3.5-tests.jar:/home/runner/.m2/repository/org/assertj/assertj-core/3.12.2/assertj-core-3.12.2.jar:/home/runner/.m2/repository/org/apache/hadoop/hadoop-distcp/3.3.5/hadoop-distcp-3.3.5.jar:/home/runner/.m2/repository/org/apache/hadoop/hadoop-mapreduce-client-jobclient/3.3.5/hadoop-mapreduce-client-jobclient-3.3.5.jar:/home/runner/.m2/repository/org/apache/hadoop/hadoop-mapreduce-client-common/3.3.5/hadoop-mapreduce-client-common-3.3.5.jar:/home/runner/.m2/repository/org/apache/hadoop/hadoop-yarn-common/3.3.5/hadoop-yarn-common-3.3.5.jar:/home/runner/.m2/repository/org/apache/hadoop/hadoop-yarn-api/3.3.5/hadoop-yarn-api-3.3.5.jar:/home/runner/.m2/repository/com/sun/jersey/contribs/jersey-guice/1.19/jersey-guice-1.19.jar:/home/runner/.m2/repository/com/fasterxml/jackson/jaxrs/jackson-jaxrs-json-provider/2.13.4/jackson-jaxrs-json-provider-2.13.4.jar:/home/runner/.m2/repository/com/fasterxml/jackson/jaxrs/jackson-jaxrs-base/2.13.4/jackson-jaxrs-base-2.13.4.jar:/home/runner/.m2/repository/org/apache/hadoop/hadoop-yarn-client/3.3.5/hadoop-yarn-client-3.3.5.jar:/home/runner/.m2/repository/org/eclipse/jetty/websocket/websocket-client/9.4.48.v20220622/websocket-client-9.4.48.v20220622.jar:/home/runner/.m2/repository/org/eclipse/jetty/websocket/websocket-common/9.4.48.v20220622/websocket-common-9.4.48.v20220622.jar:/home/runner/.m2/repository/org/eclipse/jetty/websocket/websocket-api/9.4.48.v20220622/websocket-api-9.4.48.v20220622.jar:/home/runner/.m2/repository/org/jline/jline/3.9.0/jline-3.9.0.jar:/home/runner/.m2/repository/org/apache/hadoop/hadoop-mapreduce-client-core/3.3.5/hadoop-mapreduce-client-core-3.3.5.jar:/home/runner/.m2/repository/org/apache/avro/avro/1.7.7/avro-1.7.7.jar:/home/runner/.m2/repository/com/thoughtworks/paranamer/paranamer/2.3/paranamer-2.3.jar:/home/runner/.m2/repository/org/apache/hadoop/hadoop-annotations/3.3.5/hadoop-annotations-3.3.5.jar:/usr/lib/jvm/temurin-8-jdk-amd64/jre/../lib/tools.jar:/home/runner/.m2/repository/io/netty/netty/3.10.6.Final/netty-3.10.6.Final.jar:/home/runner/.m2/repository/org/apache/hadoop/hadoop-distcp/3.3.5/hadoop-distcp-3.3.5-tests.jar:/home/runner/.m2/repository/org/slf4j/jul-to-slf4j/1.7.36/jul-to-slf4j-1.7.36.jar:"/>
    <property name="sun.cpu.endian" value="little"/>
    <property name="user.home" value="/home/runner"/>
    <property name="user.language" value="en"/>
    <property name="java.specification.vendor" value="Oracle Corporation"/>
    <property name="java.home" value="/usr/lib/jvm/temurin-8-jdk-amd64/jre"/>
    <property name="java.security.krb5.conf" value="/home/runner/work/ozone/ozone/hadoop-ozone/integration-test/target/test-classes/krb5.conf"/>
    <property name="basedir" value="/home/runner/work/ozone/ozone/hadoop-ozone/integration-test"/>
    <property name="file.separator" value="/"/>
    <property name="line.separator" value="&#10;"/>
    <property name="java.vm.specification.vendor" value="Oracle Corporation"/>
    <property name="java.specification.name" value="Java Platform API Specification"/>
    <property name="java.awt.graphicsenv" value="sun.awt.X11GraphicsEnvironment"/>
    <property name="skip.installnpx" value="true"/>
    <property name="surefire.real.class.path" value="/home/runner/work/ozone/ozone/hadoop-ozone/integration-test/target/surefire/surefirebooter218515707153073153.jar:/home/runner/.m2/repository/org/jacoco/org.jacoco.agent/0.8.5/org.jacoco.agent-0.8.5-runtime.jar"/>
    <property name="hadoop.log.dir" value="/home/runner/work/ozone/ozone/hadoop-ozone/integration-test/target/log"/>
    <property name="sun.boot.class.path" value="/usr/lib/jvm/temurin-8-jdk-amd64/jre/lib/resources.jar:/usr/lib/jvm/temurin-8-jdk-amd64/jre/lib/rt.jar:/usr/lib/jvm/temurin-8-jdk-amd64/jre/lib/sunrsasign.jar:/usr/lib/jvm/temurin-8-jdk-amd64/jre/lib/jsse.jar:/usr/lib/jvm/temurin-8-jdk-amd64/jre/lib/jce.jar:/usr/lib/jvm/temurin-8-jdk-amd64/jre/lib/charsets.jar:/usr/lib/jvm/temurin-8-jdk-amd64/jre/lib/jfr.jar:/usr/lib/jvm/temurin-8-jdk-amd64/jre/classes"/>
    <property name="sun.management.compiler" value="HotSpot 64-Bit Tiered Compilers"/>
    <property name="skip.npx" value="true"/>
    <property name="java.runtime.version" value="1.8.0_362-b09"/>
    <property name="java.net.preferIPv4Stack" value="true"/>
    <property name="user.name" value="runner"/>
    <property name="path.separator" value=":"/>
    <property name="java.security.egd" value="file:///dev/urandom"/>
    <property name="os.version" value="5.15.0-1036-azure"/>
    <property name="java.endorsed.dirs" value="/usr/lib/jvm/temurin-8-jdk-amd64/jre/lib/endorsed"/>
    <property name="java.runtime.name" value="OpenJDK Runtime Environment"/>
    <property name="file.encoding" value="UTF-8"/>
    <property name="java.vm.name" value="OpenJDK 64-Bit Server VM"/>
    <property name="test.build.webapps" value=""/>
    <property name="localRepository" value="/home/runner/.m2/repository"/>
    <property name="jetty.git.hash" value="b45c405e4544384de066f814ed42ae3dceacdd49"/>
    <property name="java.vendor.url.bug" value="https://github.com/adoptium/adoptium-support/issues"/>
    <property name="java.io.tmpdir" value="/tmp"/>
    <property name="require.test.libhadoop" value=""/>
    <property name="java.version" value="1.8.0_362"/>
    <property name="user.dir" value="/home/runner/work/ozone/ozone/hadoop-ozone/integration-test"/>
    <property name="os.arch" value="amd64"/>
    <property name="java.vm.specification.name" value="Java Virtual Machine Specification"/>
    <property name="test.build.classes" value="/home/runner/work/ozone/ozone/hadoop-ozone/integration-test/target/test-classes"/>
    <property name="java.awt.printerjob" value="sun.print.PSPrinterJob"/>
    <property name="sun.os.patch.level" value="unknown"/>
    <property name="org.apache.ratis.thirdparty.io.netty.allocator.useCacheForAllThreads" value="false"/>
    <property name="hadoop.tmp.dir" value="/home/runner/work/ozone/ozone/hadoop-ozone/integration-test/target/tmp"/>
    <property name="java.library.path" value="/usr/java/packages/lib/amd64:/usr/lib64:/lib64:/lib:/usr/lib"/>
    <property name="java.vm.info" value="mixed mode"/>
    <property name="java.vendor" value="Temurin"/>
    <property name="java.vm.version" value="25.362-b09"/>
    <property name="java.specification.maintenance.version" value="4"/>
    <property name="java.ext.dirs" value="/usr/lib/jvm/temurin-8-jdk-amd64/jre/lib/ext:/usr/java/packages/lib/ext"/>
    <property name="sun.io.unicode.encoding" value="UnicodeLittle"/>
    <property name="java.class.version" value="52.0"/>
  </properties>
  <testcase name="testContainerStateMachineIdempotency" classname="org.apache.hadoop.ozone.TestContainerStateMachineIdempotency" time="300.015">
    <error type="org.junit.runners.model.TestTimedOutException"><![CDATA[org.junit.runners.model.TestTimedOutException: test timed out after 300 seconds
	at sun.misc.Unsafe.park(Native Method)
	at java.util.concurrent.locks.LockSupport.park(LockSupport.java:175)
	at java.util.concurrent.CompletableFuture$Signaller.block(CompletableFuture.java:1707)
	at java.util.concurrent.ForkJoinPool.managedBlock(ForkJoinPool.java:3323)
	at java.util.concurrent.CompletableFuture.waitingGet(CompletableFuture.java:1742)
	at java.util.concurrent.CompletableFuture.get(CompletableFuture.java:1908)
	at org.apache.hadoop.hdds.scm.XceiverClientSpi.sendCommand(XceiverClientSpi.java:113)
	at org.apache.hadoop.ozone.TestContainerStateMachineIdempotency.testContainerStateMachineIdempotency(TestContainerStateMachineIdempotency.java:109)
	at sun.reflect.NativeMethodAccessorImpl.invoke0(Native Method)
	at sun.reflect.NativeMethodAccessorImpl.invoke(NativeMethodAccessorImpl.java:62)
	at sun.reflect.DelegatingMethodAccessorImpl.invoke(DelegatingMethodAccessorImpl.java:43)
	at java.lang.reflect.Method.invoke(Method.java:498)
	at org.junit.runners.model.FrameworkMethod$1.runReflectiveCall(FrameworkMethod.java:59)
	at org.junit.internal.runners.model.ReflectiveCallable.run(ReflectiveCallable.java:12)
	at org.junit.runners.model.FrameworkMethod.invokeExplosively(FrameworkMethod.java:56)
	at org.junit.internal.runners.statements.InvokeMethod.evaluate(InvokeMethod.java:17)
	at org.junit.internal.runners.statements.FailOnTimeout$CallableStatement.call(FailOnTimeout.java:288)
	at org.junit.internal.runners.statements.FailOnTimeout$CallableStatement.call(FailOnTimeout.java:282)
	at java.util.concurrent.FutureTask.run(FutureTask.java:266)
	at java.lang.Thread.run(Thread.java:750)
]]></error>
    <system-out><![CDATA[2023-05-09 21:31:13,747 [main] WARN  server.ServerUtils (ServerUtils.java:getScmDbDir(148)) - ozone.scm.db.dirs is not configured. We recommend adding this setting. Falling back to ozone.metadata.dirs instead.
2023-05-09 21:31:13,886 [main] WARN  server.ServerUtils (ServerUtils.java:getScmDbDir(148)) - ozone.scm.db.dirs is not configured. We recommend adding this setting. Falling back to ozone.metadata.dirs instead.
2023-05-09 21:31:13,890 [main] INFO  ha.SCMHANodeDetails (SCMHANodeDetails.java:loadSCMHAConfig(209)) - ServiceID for StorageContainerManager is null
2023-05-09 21:31:13,895 [main] WARN  ha.SCMHANodeDetails (SCMHANodeDetails.java:validateSCMHAConfig(182)) - Invalid config ozone.scm.ratis.enable. The config was not specified, but the default value true conflicts with the expected config value false. Falling back to the expected value. Current State of SCM: SCM is running in Non-HA without Ratis Ratis SCM -> Non Ratis SCM or Non HA SCM -> HA SCM is not supported
2023-05-09 21:31:13,896 [main] INFO  ha.SCMHANodeDetails (SCMHANodeDetails.java:loadSCMHAConfig(214)) - ozone.scm.default.service.id is not defined, falling back to ozone.scm.service.ids to find serviceID for StorageContainerManager if it is HA enabled cluster
2023-05-09 21:31:14,403 [main] WARN  utils.HAUtils (HAUtils.java:getMetaDir(350)) - ozone.scm.db.dirs is not configured. We recommend adding this setting. Falling back to ozone.metadata.dirs instead.
2023-05-09 21:31:14,610 [main] WARN  db.DBStoreBuilder (DBStoreBuilder.java:applyDBDefinition(164)) - ozone.scm.db.dirs is not configured. We recommend adding this setting. Falling back to ozone.metadata.dirs instead.
2023-05-09 21:31:14,818 [main] INFO  net.NodeSchemaLoader (NodeSchemaLoader.java:loadSchemaFromFile(129)) - Loading schema from [jar:file:/home/runner/.m2/repository/org/apache/ozone/hdds-common/1.4.0-SNAPSHOT/hdds-common-1.4.0-SNAPSHOT.jar!/network-topology-default.xml]
2023-05-09 21:31:14,820 [main] INFO  net.NodeSchemaLoader (NodeSchemaLoader.java:loadSchema(176)) - Loading network topology layer schema file
2023-05-09 21:31:14,867 [main] INFO  metrics.MetricRegistries (MetricRegistriesLoader.java:load(64)) - Loaded MetricRegistries class org.apache.ratis.metrics.impl.MetricRegistriesImpl
2023-05-09 21:31:14,882 [main] INFO  upgrade.AbstractLayoutVersionManager (AbstractLayoutVersionManager.java:init(83)) - Initializing Layout version manager with metadata layout = WEBUI_PORTS_IN_DATANODEDETAILS (version = 6), software layout = WEBUI_PORTS_IN_DATANODEDETAILS (version = 6)
2023-05-09 21:31:15,086 [main] INFO  reflections.Reflections (Reflections.java:scan(232)) - Reflections took 135 ms to scan 7 urls, producing 156 keys and 369 values 
2023-05-09 21:31:15,270 [main] INFO  ha.SequenceIdGenerator (SequenceIdGenerator.java:upgradeToSequenceId(349)) - upgrade localId to 111677748019200000
2023-05-09 21:31:15,271 [main] INFO  ha.SequenceIdGenerator (SequenceIdGenerator.java:upgradeToSequenceId(359)) - upgrade delTxnId to 0
2023-05-09 21:31:15,275 [main] INFO  ha.SequenceIdGenerator (SequenceIdGenerator.java:upgradeToSequenceId(376)) - upgrade containerId to 0
2023-05-09 21:31:15,277 [main] INFO  ha.SequenceIdGenerator (SequenceIdGenerator.java:<init>(220)) - Init the HA SequenceIdGenerator.
2023-05-09 21:31:15,327 [main] WARN  server.ServerUtils (ServerUtils.java:sanitizeUserArgs(73)) - ozone.scm.stale.node.interval value = 300000 is larger than max = 100000 based on the key value of ozone.scm.heartbeat.thread.interval, reset to the max value 100000.
2023-05-09 21:31:15,327 [main] WARN  server.ServerUtils (ServerUtils.java:sanitizeUserArgs(73)) - ozone.scm.stale.node.interval value = 300000 is larger than max = 100000 based on the key value of ozone.scm.heartbeat.thread.interval, reset to the max value 100000.
2023-05-09 21:31:15,333 [main] INFO  node.SCMNodeManager (SCMNodeManager.java:<init>(159)) - Entering startup safe mode.
2023-05-09 21:31:15,344 [main] INFO  algorithms.ContainerPlacementPolicyFactory (ContainerPlacementPolicyFactory.java:getPolicyInternal(86)) - Create container placement policy of type org.apache.hadoop.hdds.scm.container.placement.algorithms.SCMContainerPlacementCapacity
2023-05-09 21:31:15,347 [main] INFO  algorithms.ContainerPlacementPolicyFactory (ContainerPlacementPolicyFactory.java:getPolicyInternal(86)) - Create container placement policy of type org.apache.hadoop.hdds.scm.container.placement.algorithms.SCMContainerPlacementRackScatter
2023-05-09 21:31:15,357 [main] INFO  pipeline.PipelineStateManagerImpl (PipelineStateManagerImpl.java:initialize(78)) - No pipeline exists in current db
2023-05-09 21:31:15,392 [main] INFO  algorithms.LeaderChoosePolicyFactory (LeaderChoosePolicyFactory.java:getPolicy(57)) - Create leader choose policy of type org.apache.hadoop.hdds.scm.pipeline.leader.choose.algorithms.MinLeaderCountChoosePolicy
2023-05-09 21:31:15,393 [main] INFO  algorithms.ContainerPlacementPolicyFactory (ContainerPlacementPolicyFactory.java:getPolicyInternal(86)) - Create container placement policy of type org.apache.hadoop.hdds.scm.container.placement.algorithms.SCMContainerPlacementRackScatter
2023-05-09 21:31:15,401 [main] INFO  ha.SCMServiceManager (SCMServiceManager.java:register(42)) - Registering service BackgroundPipelineCreator.
2023-05-09 21:31:15,401 [main] INFO  pipeline.BackgroundPipelineCreator (BackgroundPipelineCreator.java:start(124)) - Starting RatisPipelineUtilsThread.
2023-05-09 21:31:15,404 [main] INFO  BackgroundPipelineScrubber (BackgroundSCMService.java:start(68)) - Starting BackgroundPipelineScrubber Service.
2023-05-09 21:31:15,405 [main] INFO  ha.SCMServiceManager (SCMServiceManager.java:register(42)) - Registering service BackgroundPipelineScrubber.
2023-05-09 21:31:15,410 [main] INFO  ExpiredContainerReplicaOpScrubber (BackgroundSCMService.java:start(68)) - Starting ExpiredContainerReplicaOpScrubber Service.
2023-05-09 21:31:15,411 [main] INFO  ha.SCMServiceManager (SCMServiceManager.java:register(42)) - Registering service ExpiredContainerReplicaOpScrubber.
2023-05-09 21:31:15,458 [main] INFO  algorithms.PipelineChoosePolicyFactory (PipelineChoosePolicyFactory.java:createPipelineChoosePolicyFromClass(73)) - Create pipeline choose policy of type org.apache.hadoop.hdds.scm.pipeline.choose.algorithms.RandomPipelineChoosePolicy
2023-05-09 21:31:15,479 [main] INFO  ha.SCMServiceManager (SCMServiceManager.java:register(42)) - Registering service SCMBlockDeletingService.
2023-05-09 21:31:15,544 [main] INFO  replication.ReplicationManager (ReplicationManager.java:start(300)) - Starting Replication Monitor Thread.
2023-05-09 21:31:15,554 [main] INFO  ha.SCMServiceManager (SCMServiceManager.java:register(42)) - Registering service ReplicationManager.
2023-05-09 21:31:15,557 [ReplicationMonitor] INFO  replication.ReplicationManager (ReplicationManager.java:processAll(375)) - Replication Manager is not ready to run until 3000ms after safemode exit
2023-05-09 21:31:15,568 [main] INFO  safemode.ContainerSafeModeRule (ContainerSafeModeRule.java:<init>(89)) - containers with one replica threshold count 0
2023-05-09 21:31:15,572 [main] INFO  safemode.HealthyPipelineSafeModeRule (HealthyPipelineSafeModeRule.java:initializeRule(169)) - Total pipeline count is 0, healthy pipeline threshold count is 1
2023-05-09 21:31:15,574 [main] INFO  safemode.OneReplicaPipelineSafeModeRule (OneReplicaPipelineSafeModeRule.java:initializeRule(180)) - Total pipeline count is 0, pipeline's with at least one datanode reported threshold count is 0
2023-05-09 21:31:15,619 [main] INFO  server.StorageContainerManager (StorageContainerManager.java:<init>(403)) - SCM start with adminUsers: [runner]
2023-05-09 21:31:15,858 [main] INFO  audit.AuditLogger (AuditLogger.java:refreshDebugCmdSet(126)) - Refresh DebugCmdSet for SCMAudit to [].
2023-05-09 21:31:15,962 [main] INFO  ipc.CallQueueManager (CallQueueManager.java:<init>(90)) - Using callQueue: class java.util.concurrent.LinkedBlockingQueue, queueCapacity: 2000, scheduler: class org.apache.hadoop.ipc.DefaultRpcScheduler, ipcBackoff: false.
2023-05-09 21:31:15,999 [Socket Reader #1 for port 0] INFO  ipc.Server (Server.java:run(1319)) - Starting Socket Reader #1 for port 0
2023-05-09 21:31:16,053 [Listener at 0.0.0.0/45375] INFO  audit.AuditLogger (AuditLogger.java:refreshDebugCmdSet(126)) - Refresh DebugCmdSet for SCMAudit to [].
2023-05-09 21:31:16,058 [Listener at 0.0.0.0/45375] INFO  ipc.CallQueueManager (CallQueueManager.java:<init>(90)) - Using callQueue: class java.util.concurrent.LinkedBlockingQueue, queueCapacity: 2000, scheduler: class org.apache.hadoop.ipc.DefaultRpcScheduler, ipcBackoff: false.
2023-05-09 21:31:16,059 [Socket Reader #1 for port 0] INFO  ipc.Server (Server.java:run(1319)) - Starting Socket Reader #1 for port 0
2023-05-09 21:31:16,092 [Listener at 0.0.0.0/46741] INFO  audit.AuditLogger (AuditLogger.java:refreshDebugCmdSet(126)) - Refresh DebugCmdSet for SCMAudit to [].
2023-05-09 21:31:16,103 [Listener at 0.0.0.0/46741] INFO  ipc.CallQueueManager (CallQueueManager.java:<init>(90)) - Using callQueue: class java.util.concurrent.LinkedBlockingQueue, queueCapacity: 2000, scheduler: class org.apache.hadoop.ipc.DefaultRpcScheduler, ipcBackoff: false.
2023-05-09 21:31:16,104 [Socket Reader #1 for port 0] INFO  ipc.Server (Server.java:run(1319)) - Starting Socket Reader #1 for port 0
2023-05-09 21:31:16,159 [Listener at 0.0.0.0/39209] INFO  ha.SCMServiceManager (SCMServiceManager.java:register(42)) - Registering service ContainerBalancer.
2023-05-09 21:31:16,160 [Listener at 0.0.0.0/39209] INFO  server.StorageContainerManager (StorageContainerManager.java:<init>(420)) - 
Container Balancer status:
Key                            Value
Running                        false
Container Balancer Configuration values:
Key                                                Value
Threshold                                          10
Max Datanodes to Involve per Iteration(percent)    20
Max Size to Move per Iteration                     500GB
Max Size Entering Target per Iteration             26GB
Max Size Leaving Source per Iteration              26GB

2023-05-09 21:31:16,160 [Listener at 0.0.0.0/39209] INFO  ha.SCMContext (SCMContext.java:updateSafeModeStatus(228)) - Update SafeModeStatus from SafeModeStatus{safeModeStatus=true, preCheckPassed=false} to SafeModeStatus{safeModeStatus=true, preCheckPassed=false}.
2023-05-09 21:31:16,174 [Listener at 0.0.0.0/39209] INFO  server.StorageContainerManager (StorageContainerManager.java:start(1477)) - StorageContainerLocationProtocol RPC server is listening at /0.0.0.0:39209
2023-05-09 21:31:16,239 [Listener at 0.0.0.0/39209] WARN  impl.MetricsConfig (MetricsConfig.java:loadFirst(136)) - Cannot locate configuration: tried hadoop-metrics2-storagecontainermanager.properties,hadoop-metrics2.properties
2023-05-09 21:31:16,251 [Listener at 0.0.0.0/39209] INFO  impl.MetricsSystemImpl (MetricsSystemImpl.java:startTimer(378)) - Scheduled Metric snapshot period at 10 second(s).
2023-05-09 21:31:16,251 [Listener at 0.0.0.0/39209] INFO  impl.MetricsSystemImpl (MetricsSystemImpl.java:start(191)) - StorageContainerManager metrics system started
2023-05-09 21:31:16,487 [Listener at 0.0.0.0/39209] INFO  server.SCMClientProtocolServer (SCMClientProtocolServer.java:start(199)) - RPC server for Client  is listening at /0.0.0.0:39209
2023-05-09 21:31:16,487 [IPC Server Responder] INFO  ipc.Server (Server.java:run(1558)) - IPC Server Responder: starting
2023-05-09 21:31:16,492 [IPC Server listener on 0] INFO  ipc.Server (Server.java:run(1398)) - IPC Server listener on 0: starting
2023-05-09 21:31:16,503 [Listener at 0.0.0.0/39209] INFO  server.StorageContainerManager (StorageContainerManager.java:start(1491)) - ScmBlockLocationProtocol RPC server is listening at /0.0.0.0:46741
2023-05-09 21:31:16,503 [Listener at 0.0.0.0/39209] INFO  server.SCMBlockProtocolServer (SCMBlockProtocolServer.java:start(152)) - RPC server for Block Protocol is listening at /0.0.0.0:46741
2023-05-09 21:31:16,505 [IPC Server listener on 0] INFO  ipc.Server (Server.java:run(1398)) - IPC Server listener on 0: starting
2023-05-09 21:31:16,505 [IPC Server Responder] INFO  ipc.Server (Server.java:run(1558)) - IPC Server Responder: starting
2023-05-09 21:31:16,512 [Listener at 0.0.0.0/39209] INFO  server.SCMDatanodeProtocolServer (SCMDatanodeProtocolServer.java:start(193)) - ScmDatanodeProtocol RPC server for DataNodes is listening at /0.0.0.0:45375
2023-05-09 21:31:16,515 [IPC Server Responder] INFO  ipc.Server (Server.java:run(1558)) - IPC Server Responder: starting
2023-05-09 21:31:16,516 [IPC Server listener on 0] INFO  ipc.Server (Server.java:run(1398)) - IPC Server listener on 0: starting
2023-05-09 21:31:16,545 [org.apache.hadoop.util.JvmPauseMonitor$Monitor@e7ddf8d] INFO  util.JvmPauseMonitor (JvmPauseMonitor.java:run(188)) - Starting JVM pause monitor
2023-05-09 21:31:16,561 [Listener at 0.0.0.0/39209] INFO  http.BaseHttpServer (BaseHttpServer.java:newHttpServer2BuilderForOzone(224)) - Starting Web-server for scm at: http://0.0.0.0:0
2023-05-09 21:31:16,561 [Listener at 0.0.0.0/39209] INFO  http.BaseHttpServer (BaseHttpServer.java:<init>(111)) - Hadoop Security Enabled: false Ozone Security Enabled: false Ozone HTTP Security Enabled: false 
2023-05-09 21:31:16,588 [Listener at 0.0.0.0/39209] INFO  util.log (Log.java:initialized(170)) - Logging initialized @4239ms to org.eclipse.jetty.util.log.Slf4jLog
2023-05-09 21:31:16,670 [Listener at 0.0.0.0/39209] WARN  server.AuthenticationFilter (AuthenticationFilter.java:constructSecretProvider(240)) - Unable to initialize FileSignerSecretProvider, falling back to use random secrets. Reason: Could not read signature secret file: /home/runner/hadoop-http-auth-signature-secret
2023-05-09 21:31:16,675 [Listener at 0.0.0.0/39209] INFO  http.HttpRequestLog (HttpRequestLog.java:getRequestLog(86)) - Http request log for http.requests.scm is not defined
2023-05-09 21:31:16,680 [Listener at 0.0.0.0/39209] INFO  http.HttpServer2 (HttpServer2.java:addGlobalFilter(1031)) - Added global filter 'safety' (class=org.apache.hadoop.hdds.server.http.HttpServer2$QuotingInputFilter)
2023-05-09 21:31:16,682 [Listener at 0.0.0.0/39209] INFO  http.HttpServer2 (HttpServer2.java:addFilter(1007)) - Added filter static_user_filter (class=org.apache.hadoop.http.lib.StaticUserWebFilter$StaticUserFilter) to context scm
2023-05-09 21:31:16,683 [Listener at 0.0.0.0/39209] INFO  http.HttpServer2 (HttpServer2.java:addFilter(1015)) - Added filter static_user_filter (class=org.apache.hadoop.http.lib.StaticUserWebFilter$StaticUserFilter) to context static
2023-05-09 21:31:16,683 [Listener at 0.0.0.0/39209] INFO  http.HttpServer2 (HttpServer2.java:addFilter(1015)) - Added filter static_user_filter (class=org.apache.hadoop.http.lib.StaticUserWebFilter$StaticUserFilter) to context logs
2023-05-09 21:31:16,713 [Listener at 0.0.0.0/39209] INFO  http.BaseHttpServer (BaseHttpServer.java:<init>(190)) - HTTP server of scm uses base directory /home/runner/work/ozone/ozone/hadoop-ozone/integration-test/target/test-dir/MiniOzoneClusterImpl-3cbee31e-3440-4d49-b20a-1005a6e66246/ozone-meta/webserver
2023-05-09 21:31:16,713 [Listener at 0.0.0.0/39209] INFO  http.HttpServer2 (HttpServer2.java:bindListener(1250)) - Jetty bound to port 44279
2023-05-09 21:31:16,715 [Listener at 0.0.0.0/39209] INFO  server.Server (Server.java:doStart(375)) - jetty-9.4.51.v20230217; built: 2023-02-17T08:19:37.309Z; git: b45c405e4544384de066f814ed42ae3dceacdd49; jvm 1.8.0_362-b09
2023-05-09 21:31:16,742 [Listener at 0.0.0.0/39209] INFO  server.session (DefaultSessionIdManager.java:doStart(334)) - DefaultSessionIdManager workerName=node0
2023-05-09 21:31:16,743 [Listener at 0.0.0.0/39209] INFO  server.session (DefaultSessionIdManager.java:doStart(339)) - No SessionScavenger set, using defaults
2023-05-09 21:31:16,744 [Listener at 0.0.0.0/39209] INFO  server.session (HouseKeeper.java:startScavenging(132)) - node0 Scavenging every 600000ms
2023-05-09 21:31:16,756 [Listener at 0.0.0.0/39209] INFO  handler.ContextHandler (ContextHandler.java:doStart(921)) - Started o.e.j.s.ServletContextHandler@27260f9c{logs,/logs,file:///home/runner/work/ozone/ozone/hadoop-ozone/integration-test/target/log,AVAILABLE}
2023-05-09 21:31:16,757 [Listener at 0.0.0.0/39209] INFO  handler.ContextHandler (ContextHandler.java:doStart(921)) - Started o.e.j.s.ServletContextHandler@1e205025{static,/static,file:///home/runner/work/ozone/ozone/hadoop-ozone/integration-test/target/test-classes/webapps/static,AVAILABLE}
2023-05-09 21:31:16,820 [Listener at 0.0.0.0/39209] INFO  handler.ContextHandler (ContextHandler.java:doStart(921)) - Started o.e.j.w.WebAppContext@122a6078{scm,/,file:///home/runner/work/ozone/ozone/hadoop-ozone/integration-test/target/test-classes/webapps/scm/,AVAILABLE}{file:/home/runner/work/ozone/ozone/hadoop-ozone/integration-test/target/test-classes/webapps/scm}
2023-05-09 21:31:16,831 [Listener at 0.0.0.0/39209] INFO  server.AbstractConnector (AbstractConnector.java:doStart(333)) - Started ServerConnector@7bfedfb7{HTTP/1.1, (http/1.1)}{0.0.0.0:44279}
2023-05-09 21:31:16,832 [Listener at 0.0.0.0/39209] INFO  server.Server (Server.java:doStart(415)) - Started @4483ms
2023-05-09 21:31:16,834 [Listener at 0.0.0.0/39209] INFO  impl.MetricsSinkAdapter (MetricsSinkAdapter.java:start(204)) - Sink prometheus started
2023-05-09 21:31:16,834 [Listener at 0.0.0.0/39209] INFO  impl.MetricsSystemImpl (MetricsSystemImpl.java:registerSink(305)) - Registered sink prometheus
2023-05-09 21:31:16,835 [Listener at 0.0.0.0/39209] INFO  http.BaseHttpServer (BaseHttpServer.java:updateConnectorAddress(344)) - HTTP server of scm listening at http://0.0.0.0:44279
2023-05-09 21:31:16,841 [Listener at 0.0.0.0/39209] WARN  server.ServerUtils (ServerUtils.java:getDBPath(225)) - ozone.om.db.dirs is not configured. We recommend adding this setting. Falling back to ozone.metadata.dirs instead.
2023-05-09 21:31:16,896 [Listener at 0.0.0.0/39209] INFO  audit.AuditLogger (AuditLogger.java:refreshDebugCmdSet(126)) - Refresh DebugCmdSet for OMAudit to [].
2023-05-09 21:31:16,973 [Listener at 0.0.0.0/39209] INFO  ha.OMHANodeDetails (OMHANodeDetails.java:loadOMHAConfig(115)) - ozone.om.internal.service.id is not defined, falling back to ozone.om.service.ids to find serviceID for OzoneManager if it is HA enabled cluster
2023-05-09 21:31:16,976 [Listener at 0.0.0.0/39209] INFO  ha.OMHANodeDetails (OMHANodeDetails.java:loadOMHAConfig(226)) - Configuration does not have ozone.om.address set. Falling back to the default OM address /127.0.0.1:0
2023-05-09 21:31:16,976 [Listener at 0.0.0.0/39209] INFO  ha.OMHANodeDetails (OMHANodeDetails.java:getOMNodeDetailsForNonHA(254)) - OM Service ID is not set. Setting it to the default ID: omServiceIdDefault
2023-05-09 21:31:16,976 [Listener at 0.0.0.0/39209] INFO  ha.OMHANodeDetails (OMHANodeDetails.java:getOMNodeDetailsForNonHA(261)) - OM Node ID is not set. Setting it to the default ID: om1
2023-05-09 21:31:16,980 [Listener at 0.0.0.0/39209] WARN  server.ServerUtils (ServerUtils.java:getDBPath(225)) - ozone.om.db.dirs is not configured. We recommend adding this setting. Falling back to ozone.metadata.dirs instead.
2023-05-09 21:31:16,983 [Listener at 0.0.0.0/39209] INFO  upgrade.AbstractLayoutVersionManager (AbstractLayoutVersionManager.java:init(83)) - Initializing Layout version manager with metadata layout = HSYNC (version = 4), software layout = HSYNC (version = 4)
2023-05-09 21:31:17,075 [Listener at 0.0.0.0/39209] INFO  reflections.Reflections (Reflections.java:scan(232)) - Reflections took 89 ms to scan 2 urls, producing 172 keys and 479 values [using 2 cores]
2023-05-09 21:31:17,080 [Listener at 0.0.0.0/39209] INFO  upgrade.OMLayoutVersionManager (OMLayoutVersionManager.java:lambda$0(115)) - Skipping Upgrade Action MockOmUpgradeAction since it has been finalized.
2023-05-09 21:31:17,082 [Listener at 0.0.0.0/39209] WARN  server.ServerUtils (ServerUtils.java:getDBPath(225)) - ozone.om.db.dirs is not configured. We recommend adding this setting. Falling back to ozone.metadata.dirs instead.
2023-05-09 21:31:17,226 [Listener at 0.0.0.0/39209] INFO  proxy.SCMBlockLocationFailoverProxyProvider (SCMBlockLocationFailoverProxyProvider.java:<init>(114)) - Created block location fail-over proxy with 1 nodes: [nodeId=scmNodeId,nodeAddress=/0.0.0.0:46741]
2023-05-09 21:31:17,258 [Listener at 0.0.0.0/39209] INFO  proxy.SCMBlockLocationFailoverProxyProvider (SCMBlockLocationFailoverProxyProvider.java:<init>(114)) - Created block location fail-over proxy with 1 nodes: [nodeId=scmNodeId,nodeAddress=/0.0.0.0:46741]
2023-05-09 21:31:17,491 [Listener at 0.0.0.0/39209] INFO  om.OzoneManager (OzoneManager.java:<init>(644)) - OM start with adminUsers: [runner]
2023-05-09 21:31:17,504 [Listener at 0.0.0.0/39209] WARN  server.ServerUtils (ServerUtils.java:getDBPath(225)) - ozone.om.db.dirs is not configured. We recommend adding this setting. Falling back to ozone.metadata.dirs instead.
2023-05-09 21:31:17,513 [Listener at 0.0.0.0/39209] INFO  codec.OmKeyInfoCodec (OmKeyInfoCodec.java:<init>(49)) - OmKeyInfoCodec ignorePipeline = true
2023-05-09 21:31:17,514 [Listener at 0.0.0.0/39209] INFO  codec.RepeatedOmKeyInfoCodec (RepeatedOmKeyInfoCodec.java:<init>(41)) - RepeatedOmKeyInfoCodec ignorePipeline = true
2023-05-09 21:31:17,726 [Listener at 0.0.0.0/39209] INFO  om.OzoneManager (OzoneManager.java:instantiateServices(774)) - S3 Multi-Tenancy is disabled
2023-05-09 21:31:17,766 [Listener at 0.0.0.0/39209] INFO  om.OmSnapshotManager (OmSnapshotManager.java:<init>(171)) - Ozone filesystem snapshot feature is enabled.
2023-05-09 21:31:17,768 [Listener at 0.0.0.0/39209] WARN  server.ServerUtils (ServerUtils.java:getDBPath(225)) - ozone.om.snapshot.diff.db.dir is not configured. We recommend adding this setting. Falling back to ozone.metadata.dirs instead.
2023-05-09 21:31:17,869 [Listener at 0.0.0.0/39209] INFO  om.OzoneManager (OzoneManager.java:addS3GVolumeToDB(4301)) - Created Volume s3v With Owner runner required for S3Gateway operations.
2023-05-09 21:31:17,927 [Listener at 0.0.0.0/39209] WARN  server.ServerUtils (ServerUtils.java:getDefaultRatisDirectory(237)) - Storage directory for Ratis is not configured. It is a good idea to map this to an SSD disk. Falling back to ozone.metadata.dirs
2023-05-09 21:31:17,927 [Listener at 0.0.0.0/39209] WARN  utils.OzoneManagerRatisUtils (OzoneManagerRatisUtils.java:getOMRatisSnapshotDirectory(456)) - ozone.om.ratis.snapshot.dir is not configured. Falling back to ozone.metadata.dirs config
2023-05-09 21:31:17,944 [Listener at 0.0.0.0/39209] WARN  server.ServerUtils (ServerUtils.java:getDefaultRatisDirectory(237)) - Storage directory for Ratis is not configured. It is a good idea to map this to an SSD disk. Falling back to ozone.metadata.dirs
2023-05-09 21:31:17,983 [Listener at 0.0.0.0/39209] INFO  ratis.OzoneManagerRatisServer (OzoneManagerRatisServer.java:<init>(163)) - Instantiating OM Ratis server with groupID: omServiceIdDefault and peers: localhost:9872
2023-05-09 21:31:17,992 [Listener at 0.0.0.0/39209] INFO  ratis.OzoneManagerStateMachine (OzoneManagerStateMachine.java:loadSnapshotInfoFromDB(670)) - LastAppliedIndex is set from TransactionInfo from OM DB as (t:0, i:~)
2023-05-09 21:31:18,047 [Listener at 0.0.0.0/39209] INFO  server.RaftServer (ConfUtils.java:logGet(46)) - raft.rpc.type = GRPC (default)
2023-05-09 21:31:18,055 [Listener at 0.0.0.0/39209] INFO  grpc.GrpcConfigKeys (ConfUtils.java:logFallback(53)) - raft.grpc.admin.host = null (fallback to raft.grpc.server.host)
2023-05-09 21:31:18,057 [Listener at 0.0.0.0/39209] INFO  grpc.GrpcConfigKeys (ConfUtils.java:logFallback(53)) - raft.grpc.admin.port = 9872 (fallback to raft.grpc.server.port)
2023-05-09 21:31:18,057 [Listener at 0.0.0.0/39209] INFO  grpc.GrpcConfigKeys (ConfUtils.java:logFallback(53)) - raft.grpc.client.host = null (fallback to raft.grpc.server.host)
2023-05-09 21:31:18,058 [Listener at 0.0.0.0/39209] INFO  grpc.GrpcConfigKeys (ConfUtils.java:logFallback(53)) - raft.grpc.client.port = 9872 (fallback to raft.grpc.server.port)
2023-05-09 21:31:18,058 [Listener at 0.0.0.0/39209] INFO  grpc.GrpcConfigKeys (ConfUtils.java:logGet(46)) - raft.grpc.server.host = null (default)
2023-05-09 21:31:18,058 [Listener at 0.0.0.0/39209] INFO  grpc.GrpcConfigKeys (ConfUtils.java:logGet(46)) - raft.grpc.server.port = 9872 (custom)
2023-05-09 21:31:18,059 [Listener at 0.0.0.0/39209] INFO  server.GrpcService (ConfUtils.java:logGet(46)) - raft.grpc.message.size.max = 33554432 (custom)
2023-05-09 21:31:18,060 [Listener at 0.0.0.0/39209] INFO  server.RaftServerConfigKeys (ConfUtils.java:logGet(46)) - raft.server.log.appender.buffer.byte-limit = 33554432 (custom)
2023-05-09 21:31:18,061 [Listener at 0.0.0.0/39209] INFO  server.GrpcService (ConfUtils.java:logGet(46)) - raft.grpc.flow.control.window = 1MB (=1048576) (default)
2023-05-09 21:31:18,062 [Listener at 0.0.0.0/39209] INFO  server.RaftServerConfigKeys (ConfUtils.java:logGet(46)) - raft.server.rpc.request.timeout = 3000ms (default)
2023-05-09 21:31:18,073 [Listener at 0.0.0.0/39209] INFO  grpc.GrpcConfigKeys (ConfUtils.java:logGet(46)) - raft.grpc.server.heartbeat.channel = true (default)
2023-05-09 21:31:18,076 [Listener at 0.0.0.0/39209] INFO  grpc.GrpcConfigKeys (ConfUtils.java:logGet(46)) - raft.grpc.server.async.request.thread.pool.cached = true (default)
2023-05-09 21:31:18,080 [Listener at 0.0.0.0/39209] INFO  grpc.GrpcConfigKeys (ConfUtils.java:logGet(46)) - raft.grpc.server.async.request.thread.pool.size = 32 (default)
2023-05-09 21:31:18,283 [Listener at 0.0.0.0/39209] INFO  impl.DataStreamServerImpl (ConfUtils.java:logGet(46)) - raft.datastream.type = DISABLED (default)
2023-05-09 21:31:18,285 [Listener at 0.0.0.0/39209] INFO  server.RaftServerConfigKeys (ConfUtils.java:logGet(46)) - raft.server.threadpool.proxy.cached = true (default)
2023-05-09 21:31:18,286 [Listener at 0.0.0.0/39209] INFO  server.RaftServerConfigKeys (ConfUtils.java:logGet(46)) - raft.server.threadpool.proxy.size = 0 (default)
2023-05-09 21:31:18,287 [Listener at 0.0.0.0/39209] INFO  server.RaftServerConfigKeys (ConfUtils.java:logGet(46)) - raft.server.rpc.slowness.timeout = 120s (custom)
2023-05-09 21:31:18,287 [Listener at 0.0.0.0/39209] INFO  server.RaftServerConfigKeys (ConfUtils.java:logGet(46)) - raft.server.leaderelection.leader.step-down.wait-time = 10s (default)
2023-05-09 21:31:18,294 [Listener at 0.0.0.0/39209] INFO  server.RaftServerConfigKeys (ConfUtils.java:logGet(46)) - raft.server.storage.dir = [/home/runner/work/ozone/ozone/hadoop-ozone/integration-test/target/test-dir/MiniOzoneClusterImpl-3cbee31e-3440-4d49-b20a-1005a6e66246/ozone-meta/ratis] (custom)
2023-05-09 21:31:18,303 [Listener at 0.0.0.0/39209] INFO  server.RaftServer (RaftServerProxy.java:addNew(98)) - om1: addNew group-C5BA1605619E:[om1|rpc:localhost:9872|priority:0|startupRole:FOLLOWER] returns group-C5BA1605619E:java.util.concurrent.CompletableFuture@5b218570[Not completed]
2023-05-09 21:31:18,303 [Listener at 0.0.0.0/39209] INFO  om.OzoneManager (OzoneManager.java:initializeRatisServer(2137)) - OzoneManager Ratis server initialized at port 9872
2023-05-09 21:31:18,308 [Listener at 0.0.0.0/39209] INFO  om.OzoneManager (OzoneManager.java:getRpcServer(1184)) - Creating RPC Server
2023-05-09 21:31:18,346 [om1-groupManagement] INFO  server.RaftServer$Division (RaftServerImpl.java:<init>(198)) - om1: new RaftServerImpl for group-C5BA1605619E:[om1|rpc:localhost:9872|priority:0|startupRole:FOLLOWER] with OzoneManagerStateMachine:uninitialized
2023-05-09 21:31:18,348 [om1-groupManagement] INFO  server.RaftServerConfigKeys (ConfUtils.java:logGet(46)) - raft.server.rpc.timeout.min = 1s (custom)
2023-05-09 21:31:18,349 [om1-groupManagement] INFO  server.RaftServerConfigKeys (ConfUtils.java:logGet(46)) - raft.server.rpc.timeout.max = 1200ms (custom)
2023-05-09 21:31:18,349 [om1-groupManagement] INFO  server.RaftServerConfigKeys (ConfUtils.java:logGet(46)) - raft.server.rpc.sleep.time = 25ms (default)
2023-05-09 21:31:18,349 [om1-groupManagement] INFO  server.RaftServerConfigKeys (ConfUtils.java:logGet(46)) - raft.server.rpc.slowness.timeout = 120s (custom)
2023-05-09 21:31:18,349 [om1-groupManagement] INFO  server.RaftServerConfigKeys (ConfUtils.java:logGet(46)) - raft.server.leaderelection.leader.step-down.wait-time = 10s (default)
2023-05-09 21:31:18,349 [om1-groupManagement] INFO  server.RaftServerConfigKeys (ConfUtils.java:logGet(46)) - raft.server.sleep.deviation.threshold = 300ms (default)
2023-05-09 21:31:18,358 [om1-groupManagement] INFO  server.RaftServer$Division (ServerState.java:<init>(120)) - om1@group-C5BA1605619E: ConfigurationManager, init=-1: peers:[om1|rpc:localhost:9872|priority:0|startupRole:FOLLOWER]|listeners:[], old=null, confs=<EMPTY_MAP>
2023-05-09 21:31:18,358 [om1-groupManagement] INFO  server.RaftServerConfigKeys (ConfUtils.java:logGet(46)) - raft.server.storage.dir = [/home/runner/work/ozone/ozone/hadoop-ozone/integration-test/target/test-dir/MiniOzoneClusterImpl-3cbee31e-3440-4d49-b20a-1005a6e66246/ozone-meta/ratis] (custom)
2023-05-09 21:31:18,365 [om1-groupManagement] INFO  server.RaftServerConfigKeys (ConfUtils.java:logGet(46)) - raft.server.log.corruption.policy = EXCEPTION (default)
2023-05-09 21:31:18,367 [om1-groupManagement] INFO  server.RaftServerConfigKeys (ConfUtils.java:logGet(46)) - raft.server.storage.free-space.min = 0MB (=0) (default)
2023-05-09 21:31:18,374 [om1-groupManagement] INFO  server.RaftServerConfigKeys (ConfUtils.java:logGet(46)) - raft.server.notification.no-leader.timeout = 120s (custom)
2023-05-09 21:31:18,378 [om1-groupManagement] INFO  server.RaftServerConfigKeys (ConfUtils.java:logGet(46)) - raft.server.read.timeout = 10s (default)
2023-05-09 21:31:18,381 [om1-groupManagement] INFO  server.RaftServerConfigKeys (ConfUtils.java:logGet(46)) - raft.server.retrycache.expirytime = 300s (custom)
2023-05-09 21:31:18,381 [om1-groupManagement] INFO  server.RaftServerConfigKeys (ConfUtils.java:logGet(46)) - raft.server.retrycache.statistics.expirytime = 100μs (default)
2023-05-09 21:31:18,426 [om1-groupManagement] INFO  server.RaftServerConfigKeys (ConfUtils.java:logGet(46)) - raft.server.read.option = DEFAULT (default)
2023-05-09 21:31:18,492 [om1-groupManagement] INFO  server.RaftServerConfigKeys (ConfUtils.java:logGet(46)) - raft.server.rpc.request.timeout = 3000ms (default)
2023-05-09 21:31:18,494 [om1-groupManagement] INFO  server.RaftServerConfigKeys (ConfUtils.java:logGet(46)) - raft.server.log.appender.install.snapshot.enabled = false (custom)
2023-05-09 21:31:18,495 [om1-groupManagement] INFO  server.RaftServerConfigKeys (ConfUtils.java:logGet(46)) - raft.server.threadpool.server.cached = true (default)
2023-05-09 21:31:18,495 [om1-groupManagement] INFO  server.RaftServerConfigKeys (ConfUtils.java:logGet(46)) - raft.server.threadpool.server.size = 0 (default)
2023-05-09 21:31:18,495 [om1-groupManagement] INFO  server.RaftServerConfigKeys (ConfUtils.java:logGet(46)) - raft.server.threadpool.client.cached = true (default)
2023-05-09 21:31:18,497 [om1-groupManagement] INFO  server.RaftServerConfigKeys (ConfUtils.java:logGet(46)) - raft.server.threadpool.client.size = 0 (default)
2023-05-09 21:31:18,984 [Listener at 0.0.0.0/39209] INFO  reflections.Reflections (Reflections.java:scan(232)) - Reflections took 606 ms to scan 19 urls, producing 69 keys and 5171 values [using 2 cores]
2023-05-09 21:31:19,312 [Listener at 0.0.0.0/39209] INFO  ipc.CallQueueManager (CallQueueManager.java:<init>(90)) - Using callQueue: class java.util.concurrent.LinkedBlockingQueue, queueCapacity: 2000, scheduler: class org.apache.hadoop.ipc.DefaultRpcScheduler, ipcBackoff: false.
2023-05-09 21:31:19,313 [Socket Reader #1 for port 0] INFO  ipc.Server (Server.java:run(1319)) - Starting Socket Reader #1 for port 0
2023-05-09 21:31:19,340 [Listener at 127.0.0.1/44485] INFO  impl.MetricsSystemImpl (MetricsSystemImpl.java:init(158)) - OzoneManager metrics system started (again)
2023-05-09 21:31:19,352 [Listener at 127.0.0.1/44485] INFO  om.OzoneManager (OzoneManager.java:start(1605)) - OzoneManager RPC server is listening at localhost/127.0.0.1:44485
2023-05-09 21:31:19,352 [Listener at 127.0.0.1/44485] INFO  ratis.OzoneManagerRatisServer (OzoneManagerRatisServer.java:start(558)) - Starting OzoneManagerRatisServer om1 at port 9872
2023-05-09 21:31:19,354 [om1-impl-thread1] INFO  storage.RaftStorageDirectory (RaftStorageDirectoryImpl.java:analyzeStorage(137)) - The storage directory /home/runner/work/ozone/ozone/hadoop-ozone/integration-test/target/test-dir/MiniOzoneClusterImpl-3cbee31e-3440-4d49-b20a-1005a6e66246/ozone-meta/ratis/bf265839-605b-3f16-9796-c5ba1605619e does not exist. Creating ...
2023-05-09 21:31:19,359 [om1-impl-thread1] INFO  storage.RaftStorageDirectory (RaftStorageDirectoryImpl.java:tryLock(231)) - Lock on /home/runner/work/ozone/ozone/hadoop-ozone/integration-test/target/test-dir/MiniOzoneClusterImpl-3cbee31e-3440-4d49-b20a-1005a6e66246/ozone-meta/ratis/bf265839-605b-3f16-9796-c5ba1605619e/in_use.lock acquired by nodename 52473@fv-az72-49
2023-05-09 21:31:19,363 [om1-impl-thread1] INFO  storage.RaftStorage (RaftStorageImpl.java:format(96)) - Storage directory /home/runner/work/ozone/ozone/hadoop-ozone/integration-test/target/test-dir/MiniOzoneClusterImpl-3cbee31e-3440-4d49-b20a-1005a6e66246/ozone-meta/ratis/bf265839-605b-3f16-9796-c5ba1605619e has been successfully formatted.
2023-05-09 21:31:19,366 [om1-impl-thread1] INFO  server.RaftServerConfigKeys (ConfUtils.java:logGet(46)) - raft.server.log.use.memory = false (default)
2023-05-09 21:31:19,373 [om1-impl-thread1] INFO  server.RaftServerConfigKeys (ConfUtils.java:logGet(46)) - raft.server.log.purge.gap = 1000000 (custom)
2023-05-09 21:31:19,373 [om1-impl-thread1] INFO  server.RaftServerConfigKeys (ConfUtils.java:logGet(46)) - raft.server.log.appender.buffer.byte-limit = 33554432 (custom)
2023-05-09 21:31:19,375 [om1-impl-thread1] INFO  server.RaftServerConfigKeys (ConfUtils.java:logGet(46)) - raft.server.log.statemachine.data.read.timeout = 1000ms (default)
2023-05-09 21:31:19,375 [om1-impl-thread1] INFO  server.RaftServerConfigKeys (ConfUtils.java:logGet(46)) - raft.server.log.purge.preservation.log.num = 0 (default)
2023-05-09 21:31:19,377 [om1-impl-thread1] INFO  server.RaftServerConfigKeys (ConfUtils.java:logGet(46)) - raft.server.log.segment.size.max = 4194304 (custom)
2023-05-09 21:31:19,383 [om1-impl-thread1] INFO  server.RaftServerConfigKeys (ConfUtils.java:logGet(46)) - raft.server.log.segment.cache.num.max = 2 (custom)
2023-05-09 21:31:19,383 [om1-impl-thread1] INFO  server.RaftServerConfigKeys (ConfUtils.java:logGet(46)) - raft.server.log.segment.cache.size.max = 200MB (=209715200) (default)
2023-05-09 21:31:19,383 [om1-impl-thread1] INFO  server.RaftServerConfigKeys (ConfUtils.java:logGet(46)) - raft.server.log.appender.buffer.byte-limit = 33554432 (custom)
2023-05-09 21:31:19,388 [om1-impl-thread1] INFO  segmented.SegmentedRaftLogWorker (SegmentedRaftLogWorker.java:<init>(188)) - new om1@group-C5BA1605619E-SegmentedRaftLogWorker for RaftStorageImpl:Storage Directory /home/runner/work/ozone/ozone/hadoop-ozone/integration-test/target/test-dir/MiniOzoneClusterImpl-3cbee31e-3440-4d49-b20a-1005a6e66246/ozone-meta/ratis/bf265839-605b-3f16-9796-c5ba1605619e
2023-05-09 21:31:19,389 [om1-impl-thread1] INFO  server.RaftServerConfigKeys (ConfUtils.java:logGet(46)) - raft.server.log.queue.byte-limit = 64MB (=67108864) (default)
2023-05-09 21:31:19,389 [om1-impl-thread1] INFO  server.RaftServerConfigKeys (ConfUtils.java:logGet(46)) - raft.server.log.queue.element-limit = 4096 (default)
2023-05-09 21:31:19,390 [om1-impl-thread1] INFO  server.RaftServerConfigKeys (ConfUtils.java:logGet(46)) - raft.server.log.segment.size.max = 4194304 (custom)
2023-05-09 21:31:19,390 [om1-impl-thread1] INFO  server.RaftServerConfigKeys (ConfUtils.java:logGet(46)) - raft.server.log.preallocated.size = 4194304 (custom)
2023-05-09 21:31:19,390 [om1-impl-thread1] INFO  server.RaftServerConfigKeys (ConfUtils.java:logGet(46)) - raft.server.log.force.sync.num = 128 (default)
2023-05-09 21:31:19,391 [om1-impl-thread1] INFO  server.RaftServerConfigKeys (ConfUtils.java:logGet(46)) - raft.server.log.statemachine.data.sync = true (default)
2023-05-09 21:31:19,391 [om1-impl-thread1] INFO  server.RaftServerConfigKeys (ConfUtils.java:logGet(46)) - raft.server.log.statemachine.data.sync.timeout = 10s (default)
2023-05-09 21:31:19,392 [om1-impl-thread1] INFO  server.RaftServerConfigKeys (ConfUtils.java:logGet(46)) - raft.server.log.statemachine.data.sync.timeout.retry = -1 (default)
2023-05-09 21:31:19,400 [om1-impl-thread1] INFO  server.RaftServerConfigKeys (ConfUtils.java:logGet(46)) - raft.server.log.write.buffer.size = 64KB (=65536) (default)
2023-05-09 21:31:19,400 [om1-impl-thread1] INFO  server.RaftServerConfigKeys (ConfUtils.java:logGet(46)) - raft.server.log.appender.buffer.byte-limit = 33554432 (custom)
2023-05-09 21:31:19,405 [om1-impl-thread1] INFO  server.RaftServerConfigKeys (ConfUtils.java:logGet(46)) - raft.server.log.unsafe-flush.enabled = false (default)
2023-05-09 21:31:19,405 [om1-impl-thread1] INFO  server.RaftServerConfigKeys (ConfUtils.java:logGet(46)) - raft.server.log.async-flush.enabled = false (default)
2023-05-09 21:31:19,406 [om1-impl-thread1] INFO  server.RaftServerConfigKeys (ConfUtils.java:logGet(46)) - raft.server.log.statemachine.data.caching.enabled = false (default)
2023-05-09 21:31:19,411 [om1-impl-thread1] INFO  segmented.SegmentedRaftLogWorker (SegmentedRaftLogWorker.java:lambda$new$0(135)) - om1@group-C5BA1605619E-SegmentedRaftLogWorker: flushIndex: setUnconditionally 0 -> -1
2023-05-09 21:31:19,411 [om1-impl-thread1] INFO  segmented.SegmentedRaftLogWorker (SegmentedRaftLogWorker.java:lambda$new$0(135)) - om1@group-C5BA1605619E-SegmentedRaftLogWorker: safeCacheEvictIndex: setUnconditionally 0 -> -1
2023-05-09 21:31:19,413 [om1-impl-thread1] INFO  server.RaftServer$Division (RaftServerImpl.java:start(342)) - om1@group-C5BA1605619E: start as a follower, conf=-1: peers:[om1|rpc:localhost:9872|priority:0|startupRole:FOLLOWER]|listeners:[], old=null
2023-05-09 21:31:19,414 [om1-impl-thread1] INFO  server.RaftServer$Division (RaftServerImpl.java:setRole(329)) - om1@group-C5BA1605619E: changes role from      null to FOLLOWER at term 0 for startAsFollower
2023-05-09 21:31:19,416 [om1-impl-thread1] INFO  impl.RoleInfo (RoleInfo.java:updateAndGet(139)) - om1: start om1@group-C5BA1605619E-FollowerState
2023-05-09 21:31:19,423 [om1-impl-thread1] INFO  util.JmxRegister (JmxRegister.java:tryRegister(44)) - Successfully registered JMX Bean with object name Ratis:service=RaftServer,group=group-C5BA1605619E,id=om1
2023-05-09 21:31:19,424 [om1@group-C5BA1605619E-FollowerState] INFO  server.RaftServerConfigKeys (ConfUtils.java:logFallback(53)) - raft.server.rpc.first-election.timeout.min = 1s (fallback to raft.server.rpc.timeout.min)
2023-05-09 21:31:19,424 [om1@group-C5BA1605619E-FollowerState] INFO  server.RaftServerConfigKeys (ConfUtils.java:logFallback(53)) - raft.server.rpc.first-election.timeout.max = 1200ms (fallback to raft.server.rpc.timeout.max)
2023-05-09 21:31:19,425 [om1-impl-thread1] INFO  server.RaftServerConfigKeys (ConfUtils.java:logGet(46)) - raft.server.snapshot.auto.trigger.enabled = true (custom)
2023-05-09 21:31:19,425 [om1-impl-thread1] INFO  server.RaftServerConfigKeys (ConfUtils.java:logGet(46)) - raft.server.snapshot.auto.trigger.threshold = 400000 (default)
2023-05-09 21:31:19,426 [om1-impl-thread1] INFO  server.RaftServerConfigKeys (ConfUtils.java:logGet(46)) - raft.server.snapshot.retention.file.num = -1 (default)
2023-05-09 21:31:19,426 [om1-impl-thread1] INFO  server.RaftServerConfigKeys (ConfUtils.java:logGet(46)) - raft.server.log.purge.upto.snapshot.index = true (custom)
2023-05-09 21:31:19,429 [Listener at 127.0.0.1/44485] INFO  server.RaftServer (RaftServerProxy.java:startImpl(400)) - om1: start RPC server
2023-05-09 21:31:19,473 [Listener at 127.0.0.1/44485] INFO  server.GrpcService (GrpcService.java:startImpl(302)) - om1: GrpcService started, listening on 9872
2023-05-09 21:31:19,479 [Listener at 127.0.0.1/44485] INFO  om.OzoneManager (OzoneManager.java:start(1621)) - Version File has different layout version (4) than OM DB (null). That is expected if this OM has never been finalized to a newer layout version.
2023-05-09 21:31:19,482 [JvmPauseMonitor0] INFO  util.JvmPauseMonitor (JvmPauseMonitor.java:run(103)) - JvmPauseMonitor-om1: Started
2023-05-09 21:31:19,508 [Listener at 127.0.0.1/44485] INFO  http.BaseHttpServer (BaseHttpServer.java:newHttpServer2BuilderForOzone(224)) - Starting Web-server for ozoneManager at: http://0.0.0.0:0
2023-05-09 21:31:19,508 [Listener at 127.0.0.1/44485] INFO  http.BaseHttpServer (BaseHttpServer.java:<init>(111)) - Hadoop Security Enabled: false Ozone Security Enabled: false Ozone HTTP Security Enabled: false 
2023-05-09 21:31:19,509 [Listener at 127.0.0.1/44485] WARN  server.AuthenticationFilter (AuthenticationFilter.java:constructSecretProvider(240)) - Unable to initialize FileSignerSecretProvider, falling back to use random secrets. Reason: Could not read signature secret file: /home/runner/hadoop-http-auth-signature-secret
2023-05-09 21:31:19,514 [Listener at 127.0.0.1/44485] INFO  http.HttpRequestLog (HttpRequestLog.java:getRequestLog(86)) - Http request log for http.requests.ozoneManager is not defined
2023-05-09 21:31:19,516 [Listener at 127.0.0.1/44485] INFO  http.HttpServer2 (HttpServer2.java:addGlobalFilter(1031)) - Added global filter 'safety' (class=org.apache.hadoop.hdds.server.http.HttpServer2$QuotingInputFilter)
2023-05-09 21:31:19,517 [Listener at 127.0.0.1/44485] INFO  http.HttpServer2 (HttpServer2.java:addFilter(1007)) - Added filter static_user_filter (class=org.apache.hadoop.http.lib.StaticUserWebFilter$StaticUserFilter) to context ozoneManager
2023-05-09 21:31:19,517 [Listener at 127.0.0.1/44485] INFO  http.HttpServer2 (HttpServer2.java:addFilter(1015)) - Added filter static_user_filter (class=org.apache.hadoop.http.lib.StaticUserWebFilter$StaticUserFilter) to context logs
2023-05-09 21:31:19,517 [Listener at 127.0.0.1/44485] INFO  http.HttpServer2 (HttpServer2.java:addFilter(1015)) - Added filter static_user_filter (class=org.apache.hadoop.http.lib.StaticUserWebFilter$StaticUserFilter) to context static
2023-05-09 21:31:19,522 [Listener at 127.0.0.1/44485] INFO  http.BaseHttpServer (BaseHttpServer.java:<init>(190)) - HTTP server of ozoneManager uses base directory /home/runner/work/ozone/ozone/hadoop-ozone/integration-test/target/test-dir/MiniOzoneClusterImpl-3cbee31e-3440-4d49-b20a-1005a6e66246/ozone-meta/webserver
2023-05-09 21:31:19,525 [Listener at 127.0.0.1/44485] INFO  http.HttpServer2 (HttpServer2.java:bindListener(1250)) - Jetty bound to port 36499
2023-05-09 21:31:19,525 [Listener at 127.0.0.1/44485] INFO  server.Server (Server.java:doStart(375)) - jetty-9.4.51.v20230217; built: 2023-02-17T08:19:37.309Z; git: b45c405e4544384de066f814ed42ae3dceacdd49; jvm 1.8.0_362-b09
2023-05-09 21:31:19,530 [Listener at 127.0.0.1/44485] INFO  server.session (DefaultSessionIdManager.java:doStart(334)) - DefaultSessionIdManager workerName=node0
2023-05-09 21:31:19,530 [Listener at 127.0.0.1/44485] INFO  server.session (DefaultSessionIdManager.java:doStart(339)) - No SessionScavenger set, using defaults
2023-05-09 21:31:19,530 [Listener at 127.0.0.1/44485] INFO  server.session (HouseKeeper.java:startScavenging(132)) - node0 Scavenging every 660000ms
2023-05-09 21:31:19,531 [Listener at 127.0.0.1/44485] INFO  handler.ContextHandler (ContextHandler.java:doStart(921)) - Started o.e.j.s.ServletContextHandler@5af33196{logs,/logs,file:///home/runner/work/ozone/ozone/hadoop-ozone/integration-test/target/log,AVAILABLE}
2023-05-09 21:31:19,532 [Listener at 127.0.0.1/44485] INFO  handler.ContextHandler (ContextHandler.java:doStart(921)) - Started o.e.j.s.ServletContextHandler@7ae5a4ca{static,/static,file:///home/runner/work/ozone/ozone/hadoop-ozone/integration-test/target/test-classes/webapps/static,AVAILABLE}
2023-05-09 21:31:19,538 [Listener at 127.0.0.1/44485] INFO  handler.ContextHandler (ContextHandler.java:doStart(921)) - Started o.e.j.w.WebAppContext@234d2916{ozoneManager,/,file:///home/runner/work/ozone/ozone/hadoop-ozone/integration-test/target/test-classes/webapps/ozoneManager/,AVAILABLE}{file:/home/runner/work/ozone/ozone/hadoop-ozone/integration-test/target/test-classes/webapps/ozoneManager}
2023-05-09 21:31:19,543 [Listener at 127.0.0.1/44485] INFO  server.AbstractConnector (AbstractConnector.java:doStart(333)) - Started ServerConnector@7462f6a0{HTTP/1.1, (http/1.1)}{0.0.0.0:36499}
2023-05-09 21:31:19,544 [Listener at 127.0.0.1/44485] INFO  server.Server (Server.java:doStart(415)) - Started @7195ms
2023-05-09 21:31:19,544 [Listener at 127.0.0.1/44485] WARN  impl.MetricsSystemImpl (MetricsSystemImpl.java:register(279)) - Sink prometheus already exists!
2023-05-09 21:31:19,545 [Listener at 127.0.0.1/44485] INFO  http.BaseHttpServer (BaseHttpServer.java:updateConnectorAddress(344)) - HTTP server of ozoneManager listening at http://0.0.0.0:36499
2023-05-09 21:31:19,545 [IPC Server Responder] INFO  ipc.Server (Server.java:run(1558)) - IPC Server Responder: starting
2023-05-09 21:31:19,546 [IPC Server listener on 0] INFO  ipc.Server (Server.java:run(1398)) - IPC Server listener on 0: starting
2023-05-09 21:31:19,560 [Listener at 127.0.0.1/44485] INFO  om.OzoneManager (OzoneManager.java:startTrashEmptier(2081)) - Trash Interval set to 0. Files deleted won't move to trash
2023-05-09 21:31:19,567 [org.apache.hadoop.util.JvmPauseMonitor$Monitor@26825fbb] INFO  util.JvmPauseMonitor (JvmPauseMonitor.java:run(188)) - Starting JVM pause monitor
2023-05-09 21:31:19,702 [Listener at 127.0.0.1/44485] WARN  impl.MetricRegistriesImpl (MetricRegistriesImpl.java:addReporterRegistration(111)) - New reporters are added after registries were created. Some metrics will be missing from the reporter. Please add reporter before adding any new registry.
2023-05-09 21:31:19,702 [Listener at 127.0.0.1/44485] WARN  impl.MetricRegistriesImpl (MetricRegistriesImpl.java:addReporterRegistration(111)) - New reporters are added after registries were created. Some metrics will be missing from the reporter. Please add reporter before adding any new registry.
2023-05-09 21:31:19,702 [Listener at 127.0.0.1/44485] INFO  impl.MetricsSystemImpl (MetricsSystemImpl.java:init(158)) - HddsDatanode metrics system started (again)
2023-05-09 21:31:19,722 [Listener at 127.0.0.1/44485] INFO  ozone.HddsDatanodeService (HddsDatanodeService.java:start(252)) - HddsDatanodeService host:fv-az72-49.paxcb4zidlwe3mfrpko3itqnmd.bx.internal.cloudapp.net ip:10.1.0.10
2023-05-09 21:31:19,762 [Listener at 127.0.0.1/44485] INFO  upgrade.AbstractLayoutVersionManager (AbstractLayoutVersionManager.java:init(83)) - Initializing Layout version manager with metadata layout = WEBUI_PORTS_IN_DATANODEDETAILS (version = 6), software layout = WEBUI_PORTS_IN_DATANODEDETAILS (version = 6)
2023-05-09 21:31:19,822 [Listener at 127.0.0.1/44485] INFO  reflections.Reflections (Reflections.java:scan(232)) - Reflections took 56 ms to scan 7 urls, producing 156 keys and 369 values 
2023-05-09 21:31:19,830 [Listener at 127.0.0.1/44485] INFO  statemachine.DatanodeStateMachine (DatanodeStateMachine.java:getEndPointTaskThreadPoolSize(267)) - Datanode State Machine Task Thread Pool size 2
2023-05-09 21:31:19,898 [Listener at 127.0.0.1/44485] INFO  volume.HddsVolume (HddsVolume.java:<init>(130)) - Creating HddsVolume: /home/runner/work/ozone/ozone/hadoop-ozone/integration-test/target/test-dir/MiniOzoneClusterImpl-3cbee31e-3440-4d49-b20a-1005a6e66246/datanode-0/data-0/containers/hdds of storage type : DISK capacity : 9223372036854775807
2023-05-09 21:31:19,900 [Listener at 127.0.0.1/44485] INFO  volume.MutableVolumeSet (MutableVolumeSet.java:initializeVolumeSet(175)) - Added Volume : /home/runner/work/ozone/ozone/hadoop-ozone/integration-test/target/test-dir/MiniOzoneClusterImpl-3cbee31e-3440-4d49-b20a-1005a6e66246/datanode-0/data-0/containers/hdds to VolumeSet
2023-05-09 21:31:19,901 [Listener at 127.0.0.1/44485] INFO  volume.ThrottledAsyncChecker (ThrottledAsyncChecker.java:schedule(141)) - Scheduling a check for /home/runner/work/ozone/ozone/hadoop-ozone/integration-test/target/test-dir/MiniOzoneClusterImpl-3cbee31e-3440-4d49-b20a-1005a6e66246/datanode-0/data-0/containers/hdds
2023-05-09 21:31:19,914 [Listener at 127.0.0.1/44485] INFO  volume.StorageVolumeChecker (StorageVolumeChecker.java:checkAllVolumes(202)) - Scheduled health check for volume /home/runner/work/ozone/ozone/hadoop-ozone/integration-test/target/test-dir/MiniOzoneClusterImpl-3cbee31e-3440-4d49-b20a-1005a6e66246/datanode-0/data-0/containers/hdds
2023-05-09 21:31:19,930 [Listener at 127.0.0.1/44485] INFO  volume.MutableVolumeSet (MutableVolumeSet.java:initializeVolumeSet(175)) - Added Volume : /home/runner/work/ozone/ozone/hadoop-ozone/integration-test/target/test-dir/MiniOzoneClusterImpl-3cbee31e-3440-4d49-b20a-1005a6e66246/datanode-0/data/ratis to VolumeSet
2023-05-09 21:31:19,931 [Listener at 127.0.0.1/44485] INFO  volume.ThrottledAsyncChecker (ThrottledAsyncChecker.java:schedule(141)) - Scheduling a check for /home/runner/work/ozone/ozone/hadoop-ozone/integration-test/target/test-dir/MiniOzoneClusterImpl-3cbee31e-3440-4d49-b20a-1005a6e66246/datanode-0/data/ratis
2023-05-09 21:31:19,931 [Listener at 127.0.0.1/44485] INFO  volume.StorageVolumeChecker (StorageVolumeChecker.java:checkAllVolumes(202)) - Scheduled health check for volume /home/runner/work/ozone/ozone/hadoop-ozone/integration-test/target/test-dir/MiniOzoneClusterImpl-3cbee31e-3440-4d49-b20a-1005a6e66246/datanode-0/data/ratis
2023-05-09 21:31:19,953 [Thread-141] INFO  ozoneimpl.ContainerReader (ContainerReader.java:readVolume(175)) - Finish verifying containers on volume /home/runner/work/ozone/ozone/hadoop-ozone/integration-test/target/test-dir/MiniOzoneClusterImpl-3cbee31e-3440-4d49-b20a-1005a6e66246/datanode-0/data-0/containers/hdds
2023-05-09 21:31:19,953 [Listener at 127.0.0.1/44485] INFO  ozoneimpl.OzoneContainer (OzoneContainer.java:buildContainerSet(303)) - Build ContainerSet costs 0s
2023-05-09 21:31:19,999 [Listener at 127.0.0.1/44485] INFO  audit.AuditLogger (AuditLogger.java:refreshDebugCmdSet(126)) - Refresh DebugCmdSet for DNAudit to [].
2023-05-09 21:31:20,025 [Listener at 127.0.0.1/44485] INFO  server.RaftServer (ConfUtils.java:logGet(46)) - raft.rpc.type = GRPC (default)
2023-05-09 21:31:20,025 [Listener at 127.0.0.1/44485] INFO  grpc.GrpcConfigKeys (ConfUtils.java:logFallback(53)) - raft.grpc.admin.host = null (fallback to raft.grpc.server.host)
2023-05-09 21:31:20,026 [Listener at 127.0.0.1/44485] INFO  grpc.GrpcConfigKeys (ConfUtils.java:logGet(46)) - raft.grpc.admin.port = 0 (custom)
2023-05-09 21:31:20,026 [Listener at 127.0.0.1/44485] INFO  grpc.GrpcConfigKeys (ConfUtils.java:logFallback(53)) - raft.grpc.client.host = null (fallback to raft.grpc.server.host)
2023-05-09 21:31:20,026 [Listener at 127.0.0.1/44485] INFO  grpc.GrpcConfigKeys (ConfUtils.java:logGet(46)) - raft.grpc.client.port = 0 (custom)
2023-05-09 21:31:20,026 [Listener at 127.0.0.1/44485] INFO  grpc.GrpcConfigKeys (ConfUtils.java:logGet(46)) - raft.grpc.server.host = null (default)
2023-05-09 21:31:20,026 [Listener at 127.0.0.1/44485] INFO  grpc.GrpcConfigKeys (ConfUtils.java:logGet(46)) - raft.grpc.server.port = 0 (default)
2023-05-09 21:31:20,026 [Listener at 127.0.0.1/44485] INFO  server.GrpcService (ConfUtils.java:logGet(46)) - raft.grpc.message.size.max = 32MB (=33554432) (custom)
2023-05-09 21:31:20,026 [Listener at 127.0.0.1/44485] INFO  server.RaftServerConfigKeys (ConfUtils.java:logGet(46)) - raft.server.log.appender.buffer.byte-limit = 33554432 (custom)
2023-05-09 21:31:20,027 [Listener at 127.0.0.1/44485] INFO  server.GrpcService (ConfUtils.java:logGet(46)) - raft.grpc.flow.control.window = 5MB (=5242880) (custom)
2023-05-09 21:31:20,027 [Listener at 127.0.0.1/44485] INFO  server.RaftServerConfigKeys (ConfUtils.java:logGet(46)) - raft.server.rpc.request.timeout = 60s (custom)
2023-05-09 21:31:20,027 [Listener at 127.0.0.1/44485] INFO  grpc.GrpcConfigKeys (ConfUtils.java:logGet(46)) - raft.grpc.server.heartbeat.channel = true (default)
2023-05-09 21:31:20,027 [Listener at 127.0.0.1/44485] INFO  grpc.GrpcConfigKeys (ConfUtils.java:logGet(46)) - raft.grpc.server.async.request.thread.pool.cached = true (default)
2023-05-09 21:31:20,027 [Listener at 127.0.0.1/44485] INFO  grpc.GrpcConfigKeys (ConfUtils.java:logGet(46)) - raft.grpc.server.async.request.thread.pool.size = 32 (default)
2023-05-09 21:31:20,028 [Listener at 127.0.0.1/44485] INFO  impl.DataStreamServerImpl (ConfUtils.java:logGet(46)) - raft.datastream.type = NETTY (custom)
2023-05-09 21:31:20,037 [Listener at 127.0.0.1/44485] INFO  server.RaftServerConfigKeys (ConfUtils.java:logGet(46)) - raft.server.data-stream.async.request.thread.pool.cached = false (default)
2023-05-09 21:31:20,037 [Listener at 127.0.0.1/44485] INFO  server.RaftServerConfigKeys (ConfUtils.java:logGet(46)) - raft.server.data-stream.async.request.thread.pool.size = 20 (custom)
2023-05-09 21:31:20,037 [Listener at 127.0.0.1/44485] INFO  server.RaftServerConfigKeys (ConfUtils.java:logGet(46)) - raft.server.data-stream.async.write.thread.pool.size = 16 (default)
2023-05-09 21:31:20,038 [Listener at 127.0.0.1/44485] INFO  server.RaftServerConfigKeys (ConfUtils.java:logGet(46)) - raft.server.data-stream.client.pool.size = 10 (default)
2023-05-09 21:31:20,041 [Listener at 127.0.0.1/44485] INFO  netty.NettyConfigKeys$DataStream (ConfUtils.java:logGet(46)) - raft.netty.dataStream.server.use-epoll = false (default)
2023-05-09 21:31:20,041 [Listener at 127.0.0.1/44485] INFO  netty.NettyConfigKeys$DataStream (ConfUtils.java:logGet(46)) - raft.netty.dataStream.server.boss-group.size = 0 (default)
2023-05-09 21:31:20,047 [Listener at 127.0.0.1/44485] INFO  netty.NettyConfigKeys$DataStream (ConfUtils.java:logGet(46)) - raft.netty.dataStream.server.worker-group.size = 0 (default)
2023-05-09 21:31:20,048 [Listener at 127.0.0.1/44485] INFO  netty.NettyConfigKeys$DataStream (ConfUtils.java:logGet(46)) - raft.netty.dataStream.server.tls.conf = null (default)
2023-05-09 21:31:20,049 [Listener at 127.0.0.1/44485] INFO  netty.NettyConfigKeys$DataStream (ConfUtils.java:logGet(46)) - raft.netty.dataStream.host = null (default)
2023-05-09 21:31:20,049 [Listener at 127.0.0.1/44485] INFO  netty.NettyConfigKeys$DataStream (ConfUtils.java:logGet(46)) - raft.netty.dataStream.port = 0 (default)
2023-05-09 21:31:20,057 [Listener at 127.0.0.1/44485] INFO  server.RaftServerConfigKeys (ConfUtils.java:logGet(46)) - raft.server.threadpool.proxy.cached = true (default)
2023-05-09 21:31:20,057 [Listener at 127.0.0.1/44485] INFO  server.RaftServerConfigKeys (ConfUtils.java:logGet(46)) - raft.server.threadpool.proxy.size = 0 (default)
2023-05-09 21:31:20,057 [Listener at 127.0.0.1/44485] INFO  server.RaftServerConfigKeys (ConfUtils.java:logGet(46)) - raft.server.rpc.slowness.timeout = 300s (custom)
2023-05-09 21:31:20,057 [Listener at 127.0.0.1/44485] INFO  server.RaftServerConfigKeys (ConfUtils.java:logGet(46)) - raft.server.leaderelection.leader.step-down.wait-time = 10s (default)
2023-05-09 21:31:20,058 [Listener at 127.0.0.1/44485] INFO  server.RaftServerConfigKeys (ConfUtils.java:logGet(46)) - raft.server.storage.dir = [/home/runner/work/ozone/ozone/hadoop-ozone/integration-test/target/test-dir/MiniOzoneClusterImpl-3cbee31e-3440-4d49-b20a-1005a6e66246/datanode-0/data/ratis] (custom)
2023-05-09 21:31:20,073 [54e5972d-e1e1-478c-8095-3c6b64428aec-NettyServerStreamRpc-bossGroup--thread1] INFO  logging.LoggingHandler (AbstractInternalLogger.java:log(148)) - [id: 0x6b2a4ea7] REGISTERED
2023-05-09 21:31:20,073 [54e5972d-e1e1-478c-8095-3c6b64428aec-NettyServerStreamRpc-bossGroup--thread1] INFO  logging.LoggingHandler (AbstractInternalLogger.java:log(148)) - [id: 0x6b2a4ea7] BIND: 0.0.0.0/0.0.0.0:0
2023-05-09 21:31:20,074 [54e5972d-e1e1-478c-8095-3c6b64428aec-NettyServerStreamRpc-bossGroup--thread1] INFO  logging.LoggingHandler (AbstractInternalLogger.java:log(148)) - [id: 0x6b2a4ea7, L:/0:0:0:0:0:0:0:0:46409] ACTIVE
2023-05-09 21:31:20,088 [Listener at 127.0.0.1/44485] INFO  server.XceiverServerGrpc (XceiverServerGrpc.java:<init>(132)) - GrpcServer channel type EpollServerSocketChannel
2023-05-09 21:31:20,120 [Listener at 127.0.0.1/44485] INFO  replication.ReplicationSupervisor (ReplicationSupervisor.java:nodeStateUpdated(296)) - Node state updated to IN_SERVICE, scaling executor pool size to 10
2023-05-09 21:31:20,160 [Listener at 127.0.0.1/44485] INFO  http.BaseHttpServer (BaseHttpServer.java:newHttpServer2BuilderForOzone(224)) - Starting Web-server for hddsDatanode at: http://0.0.0.0:0
2023-05-09 21:31:20,161 [Listener at 127.0.0.1/44485] INFO  http.BaseHttpServer (BaseHttpServer.java:<init>(111)) - Hadoop Security Enabled: false Ozone Security Enabled: false Ozone HTTP Security Enabled: false 
2023-05-09 21:31:20,162 [Listener at 127.0.0.1/44485] WARN  server.AuthenticationFilter (AuthenticationFilter.java:constructSecretProvider(240)) - Unable to initialize FileSignerSecretProvider, falling back to use random secrets. Reason: Could not read signature secret file: /home/runner/hadoop-http-auth-signature-secret
2023-05-09 21:31:20,163 [Listener at 127.0.0.1/44485] INFO  http.HttpRequestLog (HttpRequestLog.java:getRequestLog(86)) - Http request log for http.requests.hddsDatanode is not defined
2023-05-09 21:31:20,164 [Listener at 127.0.0.1/44485] INFO  http.HttpServer2 (HttpServer2.java:addGlobalFilter(1031)) - Added global filter 'safety' (class=org.apache.hadoop.hdds.server.http.HttpServer2$QuotingInputFilter)
2023-05-09 21:31:20,165 [Listener at 127.0.0.1/44485] INFO  http.HttpServer2 (HttpServer2.java:addFilter(1007)) - Added filter static_user_filter (class=org.apache.hadoop.http.lib.StaticUserWebFilter$StaticUserFilter) to context hddsDatanode
2023-05-09 21:31:20,165 [Listener at 127.0.0.1/44485] INFO  http.HttpServer2 (HttpServer2.java:addFilter(1015)) - Added filter static_user_filter (class=org.apache.hadoop.http.lib.StaticUserWebFilter$StaticUserFilter) to context static
2023-05-09 21:31:20,166 [Listener at 127.0.0.1/44485] INFO  http.HttpServer2 (HttpServer2.java:addFilter(1015)) - Added filter static_user_filter (class=org.apache.hadoop.http.lib.StaticUserWebFilter$StaticUserFilter) to context logs
2023-05-09 21:31:20,166 [Listener at 127.0.0.1/44485] INFO  http.BaseHttpServer (BaseHttpServer.java:<init>(190)) - HTTP server of hddsDatanode uses base directory /home/runner/work/ozone/ozone/hadoop-ozone/integration-test/target/test-dir/MiniOzoneClusterImpl-3cbee31e-3440-4d49-b20a-1005a6e66246/datanode-0/meta/webserver
2023-05-09 21:31:20,167 [Listener at 127.0.0.1/44485] INFO  http.HttpServer2 (HttpServer2.java:bindListener(1250)) - Jetty bound to port 36333
2023-05-09 21:31:20,167 [Listener at 127.0.0.1/44485] INFO  server.Server (Server.java:doStart(375)) - jetty-9.4.51.v20230217; built: 2023-02-17T08:19:37.309Z; git: b45c405e4544384de066f814ed42ae3dceacdd49; jvm 1.8.0_362-b09
2023-05-09 21:31:20,177 [Listener at 127.0.0.1/44485] INFO  server.session (DefaultSessionIdManager.java:doStart(334)) - DefaultSessionIdManager workerName=node0
2023-05-09 21:31:20,177 [Listener at 127.0.0.1/44485] INFO  server.session (DefaultSessionIdManager.java:doStart(339)) - No SessionScavenger set, using defaults
2023-05-09 21:31:20,177 [Listener at 127.0.0.1/44485] INFO  server.session (HouseKeeper.java:startScavenging(132)) - node0 Scavenging every 600000ms
2023-05-09 21:31:20,178 [Listener at 127.0.0.1/44485] INFO  handler.ContextHandler (ContextHandler.java:doStart(921)) - Started o.e.j.s.ServletContextHandler@6d8a53a2{logs,/logs,file:///home/runner/work/ozone/ozone/hadoop-ozone/integration-test/target/log,AVAILABLE}
2023-05-09 21:31:20,179 [Listener at 127.0.0.1/44485] INFO  handler.ContextHandler (ContextHandler.java:doStart(921)) - Started o.e.j.s.ServletContextHandler@48a537f5{static,/static,jar:file:/home/runner/.m2/repository/org/apache/ozone/hdds-container-service/1.4.0-SNAPSHOT/hdds-container-service-1.4.0-SNAPSHOT.jar!/webapps/static,AVAILABLE}
2023-05-09 21:31:20,418 [Listener at 127.0.0.1/44485] INFO  handler.ContextHandler (ContextHandler.java:doStart(921)) - Started o.e.j.w.WebAppContext@7fde7452{hddsDatanode,/,file:///home/runner/work/ozone/ozone/hadoop-ozone/integration-test/target/test-dir/MiniOzoneClusterImpl-3cbee31e-3440-4d49-b20a-1005a6e66246/datanode-0/meta/webserver/jetty-0_0_0_0-36333-hdds-container-service-1_4_0-SNAPSHOT_jar-_-any-4937136951844754712/webapp/,AVAILABLE}{jar:file:/home/runner/.m2/repository/org/apache/ozone/hdds-container-service/1.4.0-SNAPSHOT/hdds-container-service-1.4.0-SNAPSHOT.jar!/webapps/hddsDatanode}
2023-05-09 21:31:20,419 [Listener at 127.0.0.1/44485] INFO  server.AbstractConnector (AbstractConnector.java:doStart(333)) - Started ServerConnector@788577d3{HTTP/1.1, (http/1.1)}{0.0.0.0:36333}
2023-05-09 21:31:20,420 [Listener at 127.0.0.1/44485] INFO  server.Server (Server.java:doStart(415)) - Started @8071ms
2023-05-09 21:31:20,420 [Listener at 127.0.0.1/44485] WARN  impl.MetricsSystemImpl (MetricsSystemImpl.java:register(279)) - Sink prometheus already exists!
2023-05-09 21:31:20,421 [Listener at 127.0.0.1/44485] INFO  http.BaseHttpServer (BaseHttpServer.java:updateConnectorAddress(344)) - HTTP server of hddsDatanode listening at http://0.0.0.0:36333
2023-05-09 21:31:20,425 [Listener at 127.0.0.1/44485] WARN  impl.MetricRegistriesImpl (MetricRegistriesImpl.java:addReporterRegistration(111)) - New reporters are added after registries were created. Some metrics will be missing from the reporter. Please add reporter before adding any new registry.
2023-05-09 21:31:20,425 [Listener at 127.0.0.1/44485] WARN  impl.MetricRegistriesImpl (MetricRegistriesImpl.java:addReporterRegistration(111)) - New reporters are added after registries were created. Some metrics will be missing from the reporter. Please add reporter before adding any new registry.
2023-05-09 21:31:20,426 [Listener at 127.0.0.1/44485] INFO  impl.MetricsSystemImpl (MetricsSystemImpl.java:init(158)) - HddsDatanode metrics system started (again)
2023-05-09 21:31:20,426 [om1@group-C5BA1605619E-FollowerState] INFO  impl.FollowerState (FollowerState.java:run(143)) - om1@group-C5BA1605619E-FollowerState: change to CANDIDATE, lastRpcElapsedTime:1010162550ns, electionTimeout:1000ms
2023-05-09 21:31:20,428 [om1@group-C5BA1605619E-FollowerState] INFO  impl.RoleInfo (RoleInfo.java:shutdownFollowerState(110)) - om1: shutdown om1@group-C5BA1605619E-FollowerState
2023-05-09 21:31:20,428 [om1@group-C5BA1605619E-FollowerState] INFO  server.RaftServer$Division (RaftServerImpl.java:setRole(329)) - om1@group-C5BA1605619E: changes role from  FOLLOWER to CANDIDATE at term 0 for changeToCandidate
2023-05-09 21:31:20,431 [om1@group-C5BA1605619E-FollowerState] INFO  server.RaftServerConfigKeys (ConfUtils.java:logGet(46)) - raft.server.leaderelection.pre-vote = true (default)
2023-05-09 21:31:20,432 [om1@group-C5BA1605619E-FollowerState] INFO  impl.RoleInfo (RoleInfo.java:updateAndGet(139)) - om1: start om1@group-C5BA1605619E-LeaderElection1
2023-05-09 21:31:20,432 [Datanode State Machine Daemon Thread] INFO  statemachine.DatanodeStateMachine (DatanodeStateMachine.java:lambda$startDaemon$0(524)) - Ozone container server started.
2023-05-09 21:31:20,445 [om1@group-C5BA1605619E-LeaderElection1] INFO  impl.LeaderElection (LeaderElection.java:askForVotes(321)) - om1@group-C5BA1605619E-LeaderElection1 PRE_VOTE round 0: submit vote requests at term 0 for -1: peers:[om1|rpc:localhost:9872|priority:0|startupRole:FOLLOWER]|listeners:[], old=null
2023-05-09 21:31:20,445 [om1@group-C5BA1605619E-LeaderElection1] INFO  impl.LeaderElection (LeaderElection.java:askForVotes(323)) - om1@group-C5BA1605619E-LeaderElection1 PRE_VOTE round 0: result PASSED (term=0)
2023-05-09 21:31:20,448 [om1@group-C5BA1605619E-LeaderElection1] INFO  impl.LeaderElection (LeaderElection.java:askForVotes(321)) - om1@group-C5BA1605619E-LeaderElection1 ELECTION round 0: submit vote requests at term 1 for -1: peers:[om1|rpc:localhost:9872|priority:0|startupRole:FOLLOWER]|listeners:[], old=null
2023-05-09 21:31:20,448 [om1@group-C5BA1605619E-LeaderElection1] INFO  impl.LeaderElection (LeaderElection.java:askForVotes(323)) - om1@group-C5BA1605619E-LeaderElection1 ELECTION round 0: result PASSED (term=1)
2023-05-09 21:31:20,448 [om1@group-C5BA1605619E-LeaderElection1] INFO  impl.RoleInfo (RoleInfo.java:shutdownLeaderElection(130)) - om1: shutdown om1@group-C5BA1605619E-LeaderElection1
2023-05-09 21:31:20,448 [om1@group-C5BA1605619E-LeaderElection1] INFO  server.RaftServer$Division (RaftServerImpl.java:setRole(329)) - om1@group-C5BA1605619E: changes role from CANDIDATE to LEADER at term 1 for changeToLeader
2023-05-09 21:31:20,451 [Listener at 127.0.0.1/44485] INFO  ozone.HddsDatanodeService (HddsDatanodeService.java:start(252)) - HddsDatanodeService host:fv-az72-49.paxcb4zidlwe3mfrpko3itqnmd.bx.internal.cloudapp.net ip:10.1.0.10
2023-05-09 21:31:20,458 [om1@group-C5BA1605619E-LeaderElection1] INFO  server.RaftServer$Division (ServerState.java:setLeader(317)) - om1@group-C5BA1605619E: change Leader from null to om1 at term 1 for becomeLeader, leader elected after 2074ms
2023-05-09 21:31:20,469 [org.apache.hadoop.util.JvmPauseMonitor$Monitor@3684cd7b] INFO  util.JvmPauseMonitor (JvmPauseMonitor.java:run(188)) - Starting JVM pause monitor
2023-05-09 21:31:20,473 [om1@group-C5BA1605619E-LeaderElection1] INFO  server.RaftServerConfigKeys (ConfUtils.java:logGet(46)) - raft.server.staging.catchup.gap = 1000 (default)
2023-05-09 21:31:20,483 [Listener at 127.0.0.1/44485] INFO  upgrade.AbstractLayoutVersionManager (AbstractLayoutVersionManager.java:init(83)) - Initializing Layout version manager with metadata layout = WEBUI_PORTS_IN_DATANODEDETAILS (version = 6), software layout = WEBUI_PORTS_IN_DATANODEDETAILS (version = 6)
2023-05-09 21:31:20,485 [om1@group-C5BA1605619E-LeaderElection1] INFO  server.RaftServerConfigKeys (ConfUtils.java:logGet(46)) - raft.server.write.element-limit = 4096 (default)
2023-05-09 21:31:20,487 [om1@group-C5BA1605619E-LeaderElection1] INFO  server.RaftServerConfigKeys (ConfUtils.java:logGet(46)) - raft.server.write.byte-limit = 64MB (=67108864) (default)
2023-05-09 21:31:20,495 [om1@group-C5BA1605619E-LeaderElection1] INFO  server.RaftServerConfigKeys (ConfUtils.java:logGet(46)) - raft.server.watch.timeout = 10s (default)
2023-05-09 21:31:20,496 [om1@group-C5BA1605619E-LeaderElection1] INFO  server.RaftServerConfigKeys (ConfUtils.java:logGet(46)) - raft.server.watch.timeout.denomination = 1s (default)
2023-05-09 21:31:20,496 [om1@group-C5BA1605619E-LeaderElection1] INFO  server.RaftServerConfigKeys (ConfUtils.java:logGet(46)) - raft.server.watch.element-limit = 65536 (default)
2023-05-09 21:31:20,512 [om1@group-C5BA1605619E-LeaderElection1] INFO  server.RaftServerConfigKeys (ConfUtils.java:logGet(46)) - raft.server.write.element-limit = 4096 (default)
2023-05-09 21:31:20,521 [om1@group-C5BA1605619E-LeaderElection1] INFO  server.RaftServerConfigKeys (ConfUtils.java:logGet(46)) - raft.server.write.follower.gap.ratio.max = -1.0 (default)
2023-05-09 21:31:20,550 [om1@group-C5BA1605619E-LeaderElection1] INFO  impl.RoleInfo (RoleInfo.java:updateAndGet(139)) - om1: start om1@group-C5BA1605619E-LeaderStateImpl
2023-05-09 21:31:20,596 [om1@group-C5BA1605619E-LeaderElection1] INFO  segmented.SegmentedRaftLogWorker (SegmentedRaftLogWorker.java:startLogSegment(447)) - om1@group-C5BA1605619E-SegmentedRaftLogWorker: Starting segment from index:0
2023-05-09 21:31:20,599 [Listener at 127.0.0.1/44485] INFO  reflections.Reflections (Reflections.java:scan(232)) - Reflections took 115 ms to scan 7 urls, producing 156 keys and 369 values 
2023-05-09 21:31:20,601 [Listener at 127.0.0.1/44485] INFO  statemachine.DatanodeStateMachine (DatanodeStateMachine.java:getEndPointTaskThreadPoolSize(267)) - Datanode State Machine Task Thread Pool size 2
2023-05-09 21:31:20,603 [Listener at 127.0.0.1/44485] INFO  volume.HddsVolume (HddsVolume.java:<init>(130)) - Creating HddsVolume: /home/runner/work/ozone/ozone/hadoop-ozone/integration-test/target/test-dir/MiniOzoneClusterImpl-3cbee31e-3440-4d49-b20a-1005a6e66246/datanode-1/data-0/containers/hdds of storage type : DISK capacity : 9223372036854775807
2023-05-09 21:31:20,604 [Listener at 127.0.0.1/44485] INFO  volume.MutableVolumeSet (MutableVolumeSet.java:initializeVolumeSet(175)) - Added Volume : /home/runner/work/ozone/ozone/hadoop-ozone/integration-test/target/test-dir/MiniOzoneClusterImpl-3cbee31e-3440-4d49-b20a-1005a6e66246/datanode-1/data-0/containers/hdds to VolumeSet
2023-05-09 21:31:20,604 [Listener at 127.0.0.1/44485] INFO  volume.ThrottledAsyncChecker (ThrottledAsyncChecker.java:schedule(141)) - Scheduling a check for /home/runner/work/ozone/ozone/hadoop-ozone/integration-test/target/test-dir/MiniOzoneClusterImpl-3cbee31e-3440-4d49-b20a-1005a6e66246/datanode-1/data-0/containers/hdds
2023-05-09 21:31:20,604 [Listener at 127.0.0.1/44485] INFO  volume.StorageVolumeChecker (StorageVolumeChecker.java:checkAllVolumes(202)) - Scheduled health check for volume /home/runner/work/ozone/ozone/hadoop-ozone/integration-test/target/test-dir/MiniOzoneClusterImpl-3cbee31e-3440-4d49-b20a-1005a6e66246/datanode-1/data-0/containers/hdds
2023-05-09 21:31:20,616 [Listener at 127.0.0.1/44485] INFO  volume.MutableVolumeSet (MutableVolumeSet.java:initializeVolumeSet(175)) - Added Volume : /home/runner/work/ozone/ozone/hadoop-ozone/integration-test/target/test-dir/MiniOzoneClusterImpl-3cbee31e-3440-4d49-b20a-1005a6e66246/datanode-1/data/ratis to VolumeSet
2023-05-09 21:31:20,616 [Listener at 127.0.0.1/44485] INFO  volume.ThrottledAsyncChecker (ThrottledAsyncChecker.java:schedule(141)) - Scheduling a check for /home/runner/work/ozone/ozone/hadoop-ozone/integration-test/target/test-dir/MiniOzoneClusterImpl-3cbee31e-3440-4d49-b20a-1005a6e66246/datanode-1/data/ratis
2023-05-09 21:31:20,616 [Listener at 127.0.0.1/44485] INFO  volume.StorageVolumeChecker (StorageVolumeChecker.java:checkAllVolumes(202)) - Scheduled health check for volume /home/runner/work/ozone/ozone/hadoop-ozone/integration-test/target/test-dir/MiniOzoneClusterImpl-3cbee31e-3440-4d49-b20a-1005a6e66246/datanode-1/data/ratis
2023-05-09 21:31:20,653 [Thread-157] INFO  ozoneimpl.ContainerReader (ContainerReader.java:readVolume(175)) - Finish verifying containers on volume /home/runner/work/ozone/ozone/hadoop-ozone/integration-test/target/test-dir/MiniOzoneClusterImpl-3cbee31e-3440-4d49-b20a-1005a6e66246/datanode-1/data-0/containers/hdds
2023-05-09 21:31:20,656 [Listener at 127.0.0.1/44485] INFO  ozoneimpl.OzoneContainer (OzoneContainer.java:buildContainerSet(303)) - Build ContainerSet costs 0s
2023-05-09 21:31:20,661 [Listener at 127.0.0.1/44485] INFO  server.RaftServer (ConfUtils.java:logGet(46)) - raft.rpc.type = GRPC (default)
2023-05-09 21:31:20,662 [Listener at 127.0.0.1/44485] INFO  grpc.GrpcConfigKeys (ConfUtils.java:logFallback(53)) - raft.grpc.admin.host = null (fallback to raft.grpc.server.host)
2023-05-09 21:31:20,662 [Listener at 127.0.0.1/44485] INFO  grpc.GrpcConfigKeys (ConfUtils.java:logGet(46)) - raft.grpc.admin.port = 0 (custom)
2023-05-09 21:31:20,662 [Listener at 127.0.0.1/44485] INFO  grpc.GrpcConfigKeys (ConfUtils.java:logFallback(53)) - raft.grpc.client.host = null (fallback to raft.grpc.server.host)
2023-05-09 21:31:20,663 [Listener at 127.0.0.1/44485] INFO  grpc.GrpcConfigKeys (ConfUtils.java:logGet(46)) - raft.grpc.client.port = 0 (custom)
2023-05-09 21:31:20,663 [Listener at 127.0.0.1/44485] INFO  grpc.GrpcConfigKeys (ConfUtils.java:logGet(46)) - raft.grpc.server.host = null (default)
2023-05-09 21:31:20,663 [Listener at 127.0.0.1/44485] INFO  grpc.GrpcConfigKeys (ConfUtils.java:logGet(46)) - raft.grpc.server.port = 0 (default)
2023-05-09 21:31:20,664 [Listener at 127.0.0.1/44485] INFO  server.GrpcService (ConfUtils.java:logGet(46)) - raft.grpc.message.size.max = 32MB (=33554432) (custom)
2023-05-09 21:31:20,666 [Listener at 127.0.0.1/44485] INFO  server.RaftServerConfigKeys (ConfUtils.java:logGet(46)) - raft.server.log.appender.buffer.byte-limit = 33554432 (custom)
2023-05-09 21:31:20,666 [Listener at 127.0.0.1/44485] INFO  server.GrpcService (ConfUtils.java:logGet(46)) - raft.grpc.flow.control.window = 5MB (=5242880) (custom)
2023-05-09 21:31:20,666 [Listener at 127.0.0.1/44485] INFO  server.RaftServerConfigKeys (ConfUtils.java:logGet(46)) - raft.server.rpc.request.timeout = 60s (custom)
2023-05-09 21:31:20,666 [Listener at 127.0.0.1/44485] INFO  grpc.GrpcConfigKeys (ConfUtils.java:logGet(46)) - raft.grpc.server.heartbeat.channel = true (default)
2023-05-09 21:31:20,666 [Listener at 127.0.0.1/44485] INFO  grpc.GrpcConfigKeys (ConfUtils.java:logGet(46)) - raft.grpc.server.async.request.thread.pool.cached = true (default)
2023-05-09 21:31:20,666 [Listener at 127.0.0.1/44485] INFO  grpc.GrpcConfigKeys (ConfUtils.java:logGet(46)) - raft.grpc.server.async.request.thread.pool.size = 32 (default)
2023-05-09 21:31:20,670 [Listener at 127.0.0.1/44485] INFO  impl.DataStreamServerImpl (ConfUtils.java:logGet(46)) - raft.datastream.type = NETTY (custom)
2023-05-09 21:31:20,678 [Listener at 127.0.0.1/44485] INFO  server.RaftServerConfigKeys (ConfUtils.java:logGet(46)) - raft.server.data-stream.async.request.thread.pool.cached = false (default)
2023-05-09 21:31:20,678 [Listener at 127.0.0.1/44485] INFO  server.RaftServerConfigKeys (ConfUtils.java:logGet(46)) - raft.server.data-stream.async.request.thread.pool.size = 20 (custom)
2023-05-09 21:31:20,678 [Listener at 127.0.0.1/44485] INFO  server.RaftServerConfigKeys (ConfUtils.java:logGet(46)) - raft.server.data-stream.async.write.thread.pool.size = 16 (default)
2023-05-09 21:31:20,678 [Listener at 127.0.0.1/44485] INFO  server.RaftServerConfigKeys (ConfUtils.java:logGet(46)) - raft.server.data-stream.client.pool.size = 10 (default)
2023-05-09 21:31:20,678 [Listener at 127.0.0.1/44485] INFO  netty.NettyConfigKeys$DataStream (ConfUtils.java:logGet(46)) - raft.netty.dataStream.server.use-epoll = false (default)
2023-05-09 21:31:20,678 [Listener at 127.0.0.1/44485] INFO  netty.NettyConfigKeys$DataStream (ConfUtils.java:logGet(46)) - raft.netty.dataStream.server.boss-group.size = 0 (default)
2023-05-09 21:31:20,683 [Listener at 127.0.0.1/44485] INFO  netty.NettyConfigKeys$DataStream (ConfUtils.java:logGet(46)) - raft.netty.dataStream.server.worker-group.size = 0 (default)
2023-05-09 21:31:20,685 [Listener at 127.0.0.1/44485] INFO  netty.NettyConfigKeys$DataStream (ConfUtils.java:logGet(46)) - raft.netty.dataStream.server.tls.conf = null (default)
2023-05-09 21:31:20,685 [Listener at 127.0.0.1/44485] INFO  netty.NettyConfigKeys$DataStream (ConfUtils.java:logGet(46)) - raft.netty.dataStream.host = null (default)
2023-05-09 21:31:20,685 [Listener at 127.0.0.1/44485] INFO  netty.NettyConfigKeys$DataStream (ConfUtils.java:logGet(46)) - raft.netty.dataStream.port = 0 (default)
2023-05-09 21:31:20,687 [Listener at 127.0.0.1/44485] INFO  server.RaftServerConfigKeys (ConfUtils.java:logGet(46)) - raft.server.threadpool.proxy.cached = true (default)
2023-05-09 21:31:20,687 [Listener at 127.0.0.1/44485] INFO  server.RaftServerConfigKeys (ConfUtils.java:logGet(46)) - raft.server.threadpool.proxy.size = 0 (default)
2023-05-09 21:31:20,688 [Listener at 127.0.0.1/44485] INFO  server.RaftServerConfigKeys (ConfUtils.java:logGet(46)) - raft.server.rpc.slowness.timeout = 300s (custom)
2023-05-09 21:31:20,688 [Listener at 127.0.0.1/44485] INFO  server.RaftServerConfigKeys (ConfUtils.java:logGet(46)) - raft.server.leaderelection.leader.step-down.wait-time = 10s (default)
2023-05-09 21:31:20,688 [Listener at 127.0.0.1/44485] INFO  server.RaftServerConfigKeys (ConfUtils.java:logGet(46)) - raft.server.storage.dir = [/home/runner/work/ozone/ozone/hadoop-ozone/integration-test/target/test-dir/MiniOzoneClusterImpl-3cbee31e-3440-4d49-b20a-1005a6e66246/datanode-1/data/ratis] (custom)
2023-05-09 21:31:20,694 [Listener at 127.0.0.1/44485] INFO  server.XceiverServerGrpc (XceiverServerGrpc.java:<init>(132)) - GrpcServer channel type EpollServerSocketChannel
2023-05-09 21:31:20,697 [e8fa68c0-203e-4eaa-86d9-3a0844c4a260-NettyServerStreamRpc-bossGroup--thread1] INFO  logging.LoggingHandler (AbstractInternalLogger.java:log(148)) - [id: 0xc2ad6c24] REGISTERED
2023-05-09 21:31:20,697 [e8fa68c0-203e-4eaa-86d9-3a0844c4a260-NettyServerStreamRpc-bossGroup--thread1] INFO  logging.LoggingHandler (AbstractInternalLogger.java:log(148)) - [id: 0xc2ad6c24] BIND: 0.0.0.0/0.0.0.0:0
2023-05-09 21:31:20,698 [e8fa68c0-203e-4eaa-86d9-3a0844c4a260-NettyServerStreamRpc-bossGroup--thread1] INFO  logging.LoggingHandler (AbstractInternalLogger.java:log(148)) - [id: 0xc2ad6c24, L:/0:0:0:0:0:0:0:0:35003] ACTIVE
2023-05-09 21:31:20,699 [om1@group-C5BA1605619E-LeaderElection1] INFO  server.RaftServer$Division (ServerState.java:setRaftConf(434)) - om1@group-C5BA1605619E: set configuration 0: peers:[om1|rpc:localhost:9872|admin:|client:|dataStream:|priority:0|startupRole:FOLLOWER]|listeners:[], old=null
2023-05-09 21:31:20,700 [Listener at 127.0.0.1/44485] INFO  replication.ReplicationSupervisor (ReplicationSupervisor.java:nodeStateUpdated(296)) - Node state updated to IN_SERVICE, scaling executor pool size to 10
2023-05-09 21:31:20,726 [Listener at 127.0.0.1/44485] INFO  http.BaseHttpServer (BaseHttpServer.java:newHttpServer2BuilderForOzone(224)) - Starting Web-server for hddsDatanode at: http://0.0.0.0:0
2023-05-09 21:31:20,726 [Listener at 127.0.0.1/44485] INFO  http.BaseHttpServer (BaseHttpServer.java:<init>(111)) - Hadoop Security Enabled: false Ozone Security Enabled: false Ozone HTTP Security Enabled: false 
2023-05-09 21:31:20,730 [Listener at 127.0.0.1/44485] WARN  server.AuthenticationFilter (AuthenticationFilter.java:constructSecretProvider(240)) - Unable to initialize FileSignerSecretProvider, falling back to use random secrets. Reason: Could not read signature secret file: /home/runner/hadoop-http-auth-signature-secret
2023-05-09 21:31:20,735 [Listener at 127.0.0.1/44485] INFO  http.HttpRequestLog (HttpRequestLog.java:getRequestLog(86)) - Http request log for http.requests.hddsDatanode is not defined
2023-05-09 21:31:20,737 [Listener at 127.0.0.1/44485] INFO  http.HttpServer2 (HttpServer2.java:addGlobalFilter(1031)) - Added global filter 'safety' (class=org.apache.hadoop.hdds.server.http.HttpServer2$QuotingInputFilter)
2023-05-09 21:31:20,738 [Listener at 127.0.0.1/44485] INFO  http.HttpServer2 (HttpServer2.java:addFilter(1007)) - Added filter static_user_filter (class=org.apache.hadoop.http.lib.StaticUserWebFilter$StaticUserFilter) to context hddsDatanode
2023-05-09 21:31:20,739 [Listener at 127.0.0.1/44485] INFO  http.HttpServer2 (HttpServer2.java:addFilter(1015)) - Added filter static_user_filter (class=org.apache.hadoop.http.lib.StaticUserWebFilter$StaticUserFilter) to context static
2023-05-09 21:31:20,739 [Listener at 127.0.0.1/44485] INFO  http.HttpServer2 (HttpServer2.java:addFilter(1015)) - Added filter static_user_filter (class=org.apache.hadoop.http.lib.StaticUserWebFilter$StaticUserFilter) to context logs
2023-05-09 21:31:20,740 [Listener at 127.0.0.1/44485] INFO  http.BaseHttpServer (BaseHttpServer.java:<init>(190)) - HTTP server of hddsDatanode uses base directory /home/runner/work/ozone/ozone/hadoop-ozone/integration-test/target/test-dir/MiniOzoneClusterImpl-3cbee31e-3440-4d49-b20a-1005a6e66246/datanode-1/meta/webserver
2023-05-09 21:31:20,740 [Listener at 127.0.0.1/44485] INFO  http.HttpServer2 (HttpServer2.java:bindListener(1250)) - Jetty bound to port 40115
2023-05-09 21:31:20,741 [Listener at 127.0.0.1/44485] INFO  server.Server (Server.java:doStart(375)) - jetty-9.4.51.v20230217; built: 2023-02-17T08:19:37.309Z; git: b45c405e4544384de066f814ed42ae3dceacdd49; jvm 1.8.0_362-b09
2023-05-09 21:31:20,747 [Listener at 127.0.0.1/44485] INFO  server.session (DefaultSessionIdManager.java:doStart(334)) - DefaultSessionIdManager workerName=node0
2023-05-09 21:31:20,747 [Listener at 127.0.0.1/44485] INFO  server.session (DefaultSessionIdManager.java:doStart(339)) - No SessionScavenger set, using defaults
2023-05-09 21:31:20,747 [Listener at 127.0.0.1/44485] INFO  server.session (HouseKeeper.java:startScavenging(132)) - node0 Scavenging every 600000ms
2023-05-09 21:31:20,752 [Listener at 127.0.0.1/44485] INFO  handler.ContextHandler (ContextHandler.java:doStart(921)) - Started o.e.j.s.ServletContextHandler@a9313af{logs,/logs,file:///home/runner/work/ozone/ozone/hadoop-ozone/integration-test/target/log,AVAILABLE}
2023-05-09 21:31:20,752 [Listener at 127.0.0.1/44485] INFO  handler.ContextHandler (ContextHandler.java:doStart(921)) - Started o.e.j.s.ServletContextHandler@3fea0a52{static,/static,jar:file:/home/runner/.m2/repository/org/apache/ozone/hdds-container-service/1.4.0-SNAPSHOT/hdds-container-service-1.4.0-SNAPSHOT.jar!/webapps/static,AVAILABLE}
2023-05-09 21:31:20,769 [om1@group-C5BA1605619E-SegmentedRaftLogWorker] INFO  segmented.SegmentedRaftLogWorker (SegmentedRaftLogWorker.java:execute(651)) - om1@group-C5BA1605619E-SegmentedRaftLogWorker: created new log segment /home/runner/work/ozone/ozone/hadoop-ozone/integration-test/target/test-dir/MiniOzoneClusterImpl-3cbee31e-3440-4d49-b20a-1005a6e66246/ozone-meta/ratis/bf265839-605b-3f16-9796-c5ba1605619e/current/log_inprogress_0
2023-05-09 21:31:20,796 [Datanode State Machine Task Thread - 0] INFO  datanode.InitDatanodeState (InitDatanodeState.java:persistContainerDatanodeDetails(138)) - DatanodeDetails is persisted to /home/runner/work/ozone/ozone/hadoop-ozone/integration-test/target/test-dir/MiniOzoneClusterImpl-3cbee31e-3440-4d49-b20a-1005a6e66246/datanode-0/meta/datanode.id
2023-05-09 21:31:20,923 [om1@group-C5BA1605619E-StateMachineUpdater] INFO  ratis.OzoneManagerStateMachine (OzoneManagerStateMachine.java:notifyConfigurationChanged(201)) - Received Configuration change notification from Ratis. New Peer list:
[id: "om1"
address: "localhost:9872"
startupRole: FOLLOWER
]
2023-05-09 21:31:20,996 [Listener at 127.0.0.1/44485] INFO  handler.ContextHandler (ContextHandler.java:doStart(921)) - Started o.e.j.w.WebAppContext@4257b876{hddsDatanode,/,file:///home/runner/work/ozone/ozone/hadoop-ozone/integration-test/target/test-dir/MiniOzoneClusterImpl-3cbee31e-3440-4d49-b20a-1005a6e66246/datanode-1/meta/webserver/jetty-0_0_0_0-40115-hdds-container-service-1_4_0-SNAPSHOT_jar-_-any-6349848203404623122/webapp/,AVAILABLE}{jar:file:/home/runner/.m2/repository/org/apache/ozone/hdds-container-service/1.4.0-SNAPSHOT/hdds-container-service-1.4.0-SNAPSHOT.jar!/webapps/hddsDatanode}
2023-05-09 21:31:20,997 [Listener at 127.0.0.1/44485] INFO  server.AbstractConnector (AbstractConnector.java:doStart(333)) - Started ServerConnector@18e20fa8{HTTP/1.1, (http/1.1)}{0.0.0.0:40115}
2023-05-09 21:31:20,998 [Listener at 127.0.0.1/44485] INFO  server.Server (Server.java:doStart(415)) - Started @8649ms
2023-05-09 21:31:20,998 [Listener at 127.0.0.1/44485] WARN  impl.MetricsSystemImpl (MetricsSystemImpl.java:register(279)) - Sink prometheus already exists!
2023-05-09 21:31:20,998 [Listener at 127.0.0.1/44485] INFO  http.BaseHttpServer (BaseHttpServer.java:updateConnectorAddress(344)) - HTTP server of hddsDatanode listening at http://0.0.0.0:40115
2023-05-09 21:31:20,999 [Datanode State Machine Daemon Thread] INFO  statemachine.DatanodeStateMachine (DatanodeStateMachine.java:lambda$startDaemon$0(524)) - Ozone container server started.
2023-05-09 21:31:21,004 [Listener at 127.0.0.1/44485] WARN  impl.MetricRegistriesImpl (MetricRegistriesImpl.java:addReporterRegistration(111)) - New reporters are added after registries were created. Some metrics will be missing from the reporter. Please add reporter before adding any new registry.
2023-05-09 21:31:21,004 [Listener at 127.0.0.1/44485] WARN  impl.MetricRegistriesImpl (MetricRegistriesImpl.java:addReporterRegistration(111)) - New reporters are added after registries were created. Some metrics will be missing from the reporter. Please add reporter before adding any new registry.
2023-05-09 21:31:21,004 [Listener at 127.0.0.1/44485] INFO  impl.MetricsSystemImpl (MetricsSystemImpl.java:init(158)) - HddsDatanode metrics system started (again)
2023-05-09 21:31:21,017 [Listener at 127.0.0.1/44485] INFO  ozone.HddsDatanodeService (HddsDatanodeService.java:start(252)) - HddsDatanodeService host:fv-az72-49.paxcb4zidlwe3mfrpko3itqnmd.bx.internal.cloudapp.net ip:10.1.0.10
2023-05-09 21:31:21,023 [org.apache.hadoop.util.JvmPauseMonitor$Monitor@aa3597c] INFO  util.JvmPauseMonitor (JvmPauseMonitor.java:run(188)) - Starting JVM pause monitor
2023-05-09 21:31:21,034 [Datanode State Machine Task Thread - 0] INFO  datanode.InitDatanodeState (InitDatanodeState.java:persistContainerDatanodeDetails(138)) - DatanodeDetails is persisted to /home/runner/work/ozone/ozone/hadoop-ozone/integration-test/target/test-dir/MiniOzoneClusterImpl-3cbee31e-3440-4d49-b20a-1005a6e66246/datanode-1/meta/datanode.id
2023-05-09 21:31:21,044 [Listener at 127.0.0.1/44485] INFO  upgrade.AbstractLayoutVersionManager (AbstractLayoutVersionManager.java:init(83)) - Initializing Layout version manager with metadata layout = WEBUI_PORTS_IN_DATANODEDETAILS (version = 6), software layout = WEBUI_PORTS_IN_DATANODEDETAILS (version = 6)
2023-05-09 21:31:21,102 [Listener at 127.0.0.1/44485] INFO  reflections.Reflections (Reflections.java:scan(232)) - Reflections took 55 ms to scan 7 urls, producing 156 keys and 369 values 
2023-05-09 21:31:21,104 [Listener at 127.0.0.1/44485] INFO  statemachine.DatanodeStateMachine (DatanodeStateMachine.java:getEndPointTaskThreadPoolSize(267)) - Datanode State Machine Task Thread Pool size 2
2023-05-09 21:31:21,114 [Listener at 127.0.0.1/44485] INFO  volume.HddsVolume (HddsVolume.java:<init>(130)) - Creating HddsVolume: /home/runner/work/ozone/ozone/hadoop-ozone/integration-test/target/test-dir/MiniOzoneClusterImpl-3cbee31e-3440-4d49-b20a-1005a6e66246/datanode-2/data-0/containers/hdds of storage type : DISK capacity : 9223372036854775807
2023-05-09 21:31:21,115 [Listener at 127.0.0.1/44485] INFO  volume.MutableVolumeSet (MutableVolumeSet.java:initializeVolumeSet(175)) - Added Volume : /home/runner/work/ozone/ozone/hadoop-ozone/integration-test/target/test-dir/MiniOzoneClusterImpl-3cbee31e-3440-4d49-b20a-1005a6e66246/datanode-2/data-0/containers/hdds to VolumeSet
2023-05-09 21:31:21,115 [Listener at 127.0.0.1/44485] INFO  volume.ThrottledAsyncChecker (ThrottledAsyncChecker.java:schedule(141)) - Scheduling a check for /home/runner/work/ozone/ozone/hadoop-ozone/integration-test/target/test-dir/MiniOzoneClusterImpl-3cbee31e-3440-4d49-b20a-1005a6e66246/datanode-2/data-0/containers/hdds
2023-05-09 21:31:21,117 [Listener at 127.0.0.1/44485] INFO  volume.StorageVolumeChecker (StorageVolumeChecker.java:checkAllVolumes(202)) - Scheduled health check for volume /home/runner/work/ozone/ozone/hadoop-ozone/integration-test/target/test-dir/MiniOzoneClusterImpl-3cbee31e-3440-4d49-b20a-1005a6e66246/datanode-2/data-0/containers/hdds
2023-05-09 21:31:21,130 [Listener at 127.0.0.1/44485] INFO  volume.MutableVolumeSet (MutableVolumeSet.java:initializeVolumeSet(175)) - Added Volume : /home/runner/work/ozone/ozone/hadoop-ozone/integration-test/target/test-dir/MiniOzoneClusterImpl-3cbee31e-3440-4d49-b20a-1005a6e66246/datanode-2/data/ratis to VolumeSet
2023-05-09 21:31:21,131 [Listener at 127.0.0.1/44485] INFO  volume.ThrottledAsyncChecker (ThrottledAsyncChecker.java:schedule(141)) - Scheduling a check for /home/runner/work/ozone/ozone/hadoop-ozone/integration-test/target/test-dir/MiniOzoneClusterImpl-3cbee31e-3440-4d49-b20a-1005a6e66246/datanode-2/data/ratis
2023-05-09 21:31:21,131 [Listener at 127.0.0.1/44485] INFO  volume.StorageVolumeChecker (StorageVolumeChecker.java:checkAllVolumes(202)) - Scheduled health check for volume /home/runner/work/ozone/ozone/hadoop-ozone/integration-test/target/test-dir/MiniOzoneClusterImpl-3cbee31e-3440-4d49-b20a-1005a6e66246/datanode-2/data/ratis
2023-05-09 21:31:21,142 [Thread-171] INFO  ozoneimpl.ContainerReader (ContainerReader.java:readVolume(175)) - Finish verifying containers on volume /home/runner/work/ozone/ozone/hadoop-ozone/integration-test/target/test-dir/MiniOzoneClusterImpl-3cbee31e-3440-4d49-b20a-1005a6e66246/datanode-2/data-0/containers/hdds
2023-05-09 21:31:21,142 [Listener at 127.0.0.1/44485] INFO  ozoneimpl.OzoneContainer (OzoneContainer.java:buildContainerSet(303)) - Build ContainerSet costs 0s
2023-05-09 21:31:21,145 [Listener at 127.0.0.1/44485] INFO  server.RaftServer (ConfUtils.java:logGet(46)) - raft.rpc.type = GRPC (default)
2023-05-09 21:31:21,145 [Listener at 127.0.0.1/44485] INFO  grpc.GrpcConfigKeys (ConfUtils.java:logFallback(53)) - raft.grpc.admin.host = null (fallback to raft.grpc.server.host)
2023-05-09 21:31:21,146 [Listener at 127.0.0.1/44485] INFO  grpc.GrpcConfigKeys (ConfUtils.java:logGet(46)) - raft.grpc.admin.port = 0 (custom)
2023-05-09 21:31:21,146 [Listener at 127.0.0.1/44485] INFO  grpc.GrpcConfigKeys (ConfUtils.java:logFallback(53)) - raft.grpc.client.host = null (fallback to raft.grpc.server.host)
2023-05-09 21:31:21,146 [Listener at 127.0.0.1/44485] INFO  grpc.GrpcConfigKeys (ConfUtils.java:logGet(46)) - raft.grpc.client.port = 0 (custom)
2023-05-09 21:31:21,146 [Listener at 127.0.0.1/44485] INFO  grpc.GrpcConfigKeys (ConfUtils.java:logGet(46)) - raft.grpc.server.host = null (default)
2023-05-09 21:31:21,146 [Listener at 127.0.0.1/44485] INFO  grpc.GrpcConfigKeys (ConfUtils.java:logGet(46)) - raft.grpc.server.port = 0 (default)
2023-05-09 21:31:21,146 [Listener at 127.0.0.1/44485] INFO  server.GrpcService (ConfUtils.java:logGet(46)) - raft.grpc.message.size.max = 32MB (=33554432) (custom)
2023-05-09 21:31:21,146 [Listener at 127.0.0.1/44485] INFO  server.RaftServerConfigKeys (ConfUtils.java:logGet(46)) - raft.server.log.appender.buffer.byte-limit = 33554432 (custom)
2023-05-09 21:31:21,146 [Listener at 127.0.0.1/44485] INFO  server.GrpcService (ConfUtils.java:logGet(46)) - raft.grpc.flow.control.window = 5MB (=5242880) (custom)
2023-05-09 21:31:21,146 [Listener at 127.0.0.1/44485] INFO  server.RaftServerConfigKeys (ConfUtils.java:logGet(46)) - raft.server.rpc.request.timeout = 60s (custom)
2023-05-09 21:31:21,147 [Listener at 127.0.0.1/44485] INFO  grpc.GrpcConfigKeys (ConfUtils.java:logGet(46)) - raft.grpc.server.heartbeat.channel = true (default)
2023-05-09 21:31:21,147 [Listener at 127.0.0.1/44485] INFO  grpc.GrpcConfigKeys (ConfUtils.java:logGet(46)) - raft.grpc.server.async.request.thread.pool.cached = true (default)
2023-05-09 21:31:21,147 [Listener at 127.0.0.1/44485] INFO  grpc.GrpcConfigKeys (ConfUtils.java:logGet(46)) - raft.grpc.server.async.request.thread.pool.size = 32 (default)
2023-05-09 21:31:21,148 [Listener at 127.0.0.1/44485] INFO  impl.DataStreamServerImpl (ConfUtils.java:logGet(46)) - raft.datastream.type = NETTY (custom)
2023-05-09 21:31:21,148 [Listener at 127.0.0.1/44485] INFO  server.RaftServerConfigKeys (ConfUtils.java:logGet(46)) - raft.server.data-stream.async.request.thread.pool.cached = false (default)
2023-05-09 21:31:21,149 [Listener at 127.0.0.1/44485] INFO  server.RaftServerConfigKeys (ConfUtils.java:logGet(46)) - raft.server.data-stream.async.request.thread.pool.size = 20 (custom)
2023-05-09 21:31:21,149 [Listener at 127.0.0.1/44485] INFO  server.RaftServerConfigKeys (ConfUtils.java:logGet(46)) - raft.server.data-stream.async.write.thread.pool.size = 16 (default)
2023-05-09 21:31:21,149 [Listener at 127.0.0.1/44485] INFO  server.RaftServerConfigKeys (ConfUtils.java:logGet(46)) - raft.server.data-stream.client.pool.size = 10 (default)
2023-05-09 21:31:21,149 [Listener at 127.0.0.1/44485] INFO  netty.NettyConfigKeys$DataStream (ConfUtils.java:logGet(46)) - raft.netty.dataStream.server.use-epoll = false (default)
2023-05-09 21:31:21,149 [Listener at 127.0.0.1/44485] INFO  netty.NettyConfigKeys$DataStream (ConfUtils.java:logGet(46)) - raft.netty.dataStream.server.boss-group.size = 0 (default)
2023-05-09 21:31:21,149 [Listener at 127.0.0.1/44485] INFO  netty.NettyConfigKeys$DataStream (ConfUtils.java:logGet(46)) - raft.netty.dataStream.server.worker-group.size = 0 (default)
2023-05-09 21:31:21,150 [Listener at 127.0.0.1/44485] INFO  netty.NettyConfigKeys$DataStream (ConfUtils.java:logGet(46)) - raft.netty.dataStream.server.tls.conf = null (default)
2023-05-09 21:31:21,150 [Listener at 127.0.0.1/44485] INFO  netty.NettyConfigKeys$DataStream (ConfUtils.java:logGet(46)) - raft.netty.dataStream.host = null (default)
2023-05-09 21:31:21,150 [Listener at 127.0.0.1/44485] INFO  netty.NettyConfigKeys$DataStream (ConfUtils.java:logGet(46)) - raft.netty.dataStream.port = 0 (default)
2023-05-09 21:31:21,150 [Listener at 127.0.0.1/44485] INFO  server.RaftServerConfigKeys (ConfUtils.java:logGet(46)) - raft.server.threadpool.proxy.cached = true (default)
2023-05-09 21:31:21,151 [Listener at 127.0.0.1/44485] INFO  server.RaftServerConfigKeys (ConfUtils.java:logGet(46)) - raft.server.threadpool.proxy.size = 0 (default)
2023-05-09 21:31:21,151 [Listener at 127.0.0.1/44485] INFO  server.RaftServerConfigKeys (ConfUtils.java:logGet(46)) - raft.server.rpc.slowness.timeout = 300s (custom)
2023-05-09 21:31:21,151 [Listener at 127.0.0.1/44485] INFO  server.RaftServerConfigKeys (ConfUtils.java:logGet(46)) - raft.server.leaderelection.leader.step-down.wait-time = 10s (default)
2023-05-09 21:31:21,151 [Listener at 127.0.0.1/44485] INFO  server.RaftServerConfigKeys (ConfUtils.java:logGet(46)) - raft.server.storage.dir = [/home/runner/work/ozone/ozone/hadoop-ozone/integration-test/target/test-dir/MiniOzoneClusterImpl-3cbee31e-3440-4d49-b20a-1005a6e66246/datanode-2/data/ratis] (custom)
2023-05-09 21:31:21,160 [eed6c27f-a5c3-4b8c-be7b-d7ec899a1df9-NettyServerStreamRpc-bossGroup--thread1] INFO  logging.LoggingHandler (AbstractInternalLogger.java:log(148)) - [id: 0xba582f6a] REGISTERED
2023-05-09 21:31:21,160 [eed6c27f-a5c3-4b8c-be7b-d7ec899a1df9-NettyServerStreamRpc-bossGroup--thread1] INFO  logging.LoggingHandler (AbstractInternalLogger.java:log(148)) - [id: 0xba582f6a] BIND: 0.0.0.0/0.0.0.0:0
2023-05-09 21:31:21,160 [eed6c27f-a5c3-4b8c-be7b-d7ec899a1df9-NettyServerStreamRpc-bossGroup--thread1] INFO  logging.LoggingHandler (AbstractInternalLogger.java:log(148)) - [id: 0xba582f6a, L:/0:0:0:0:0:0:0:0:34121] ACTIVE
2023-05-09 21:31:21,162 [Listener at 127.0.0.1/44485] INFO  server.XceiverServerGrpc (XceiverServerGrpc.java:<init>(132)) - GrpcServer channel type EpollServerSocketChannel
2023-05-09 21:31:21,164 [Listener at 127.0.0.1/44485] INFO  replication.ReplicationSupervisor (ReplicationSupervisor.java:nodeStateUpdated(296)) - Node state updated to IN_SERVICE, scaling executor pool size to 10
2023-05-09 21:31:21,167 [Listener at 127.0.0.1/44485] INFO  http.BaseHttpServer (BaseHttpServer.java:newHttpServer2BuilderForOzone(224)) - Starting Web-server for hddsDatanode at: http://0.0.0.0:0
2023-05-09 21:31:21,167 [Listener at 127.0.0.1/44485] INFO  http.BaseHttpServer (BaseHttpServer.java:<init>(111)) - Hadoop Security Enabled: false Ozone Security Enabled: false Ozone HTTP Security Enabled: false 
2023-05-09 21:31:21,168 [Listener at 127.0.0.1/44485] WARN  server.AuthenticationFilter (AuthenticationFilter.java:constructSecretProvider(240)) - Unable to initialize FileSignerSecretProvider, falling back to use random secrets. Reason: Could not read signature secret file: /home/runner/hadoop-http-auth-signature-secret
2023-05-09 21:31:21,169 [Listener at 127.0.0.1/44485] INFO  http.HttpRequestLog (HttpRequestLog.java:getRequestLog(86)) - Http request log for http.requests.hddsDatanode is not defined
2023-05-09 21:31:21,170 [Listener at 127.0.0.1/44485] INFO  http.HttpServer2 (HttpServer2.java:addGlobalFilter(1031)) - Added global filter 'safety' (class=org.apache.hadoop.hdds.server.http.HttpServer2$QuotingInputFilter)
2023-05-09 21:31:21,171 [Listener at 127.0.0.1/44485] INFO  http.HttpServer2 (HttpServer2.java:addFilter(1007)) - Added filter static_user_filter (class=org.apache.hadoop.http.lib.StaticUserWebFilter$StaticUserFilter) to context hddsDatanode
2023-05-09 21:31:21,172 [Listener at 127.0.0.1/44485] INFO  http.HttpServer2 (HttpServer2.java:addFilter(1015)) - Added filter static_user_filter (class=org.apache.hadoop.http.lib.StaticUserWebFilter$StaticUserFilter) to context static
2023-05-09 21:31:21,172 [Listener at 127.0.0.1/44485] INFO  http.HttpServer2 (HttpServer2.java:addFilter(1015)) - Added filter static_user_filter (class=org.apache.hadoop.http.lib.StaticUserWebFilter$StaticUserFilter) to context logs
2023-05-09 21:31:21,173 [Listener at 127.0.0.1/44485] INFO  http.BaseHttpServer (BaseHttpServer.java:<init>(190)) - HTTP server of hddsDatanode uses base directory /home/runner/work/ozone/ozone/hadoop-ozone/integration-test/target/test-dir/MiniOzoneClusterImpl-3cbee31e-3440-4d49-b20a-1005a6e66246/datanode-2/meta/webserver
2023-05-09 21:31:21,173 [Listener at 127.0.0.1/44485] INFO  http.HttpServer2 (HttpServer2.java:bindListener(1250)) - Jetty bound to port 44527
2023-05-09 21:31:21,173 [Listener at 127.0.0.1/44485] INFO  server.Server (Server.java:doStart(375)) - jetty-9.4.51.v20230217; built: 2023-02-17T08:19:37.309Z; git: b45c405e4544384de066f814ed42ae3dceacdd49; jvm 1.8.0_362-b09
2023-05-09 21:31:21,182 [Listener at 127.0.0.1/44485] INFO  server.session (DefaultSessionIdManager.java:doStart(334)) - DefaultSessionIdManager workerName=node0
2023-05-09 21:31:21,182 [Listener at 127.0.0.1/44485] INFO  server.session (DefaultSessionIdManager.java:doStart(339)) - No SessionScavenger set, using defaults
2023-05-09 21:31:21,182 [Listener at 127.0.0.1/44485] INFO  server.session (HouseKeeper.java:startScavenging(132)) - node0 Scavenging every 660000ms
2023-05-09 21:31:21,184 [Listener at 127.0.0.1/44485] INFO  handler.ContextHandler (ContextHandler.java:doStart(921)) - Started o.e.j.s.ServletContextHandler@6fcd3bc9{logs,/logs,file:///home/runner/work/ozone/ozone/hadoop-ozone/integration-test/target/log,AVAILABLE}
2023-05-09 21:31:21,184 [Listener at 127.0.0.1/44485] INFO  handler.ContextHandler (ContextHandler.java:doStart(921)) - Started o.e.j.s.ServletContextHandler@304b2629{static,/static,jar:file:/home/runner/.m2/repository/org/apache/ozone/hdds-container-service/1.4.0-SNAPSHOT/hdds-container-service-1.4.0-SNAPSHOT.jar!/webapps/static,AVAILABLE}
2023-05-09 21:31:21,378 [Listener at 127.0.0.1/44485] INFO  handler.ContextHandler (ContextHandler.java:doStart(921)) - Started o.e.j.w.WebAppContext@57cd6e24{hddsDatanode,/,file:///home/runner/work/ozone/ozone/hadoop-ozone/integration-test/target/test-dir/MiniOzoneClusterImpl-3cbee31e-3440-4d49-b20a-1005a6e66246/datanode-2/meta/webserver/jetty-0_0_0_0-44527-hdds-container-service-1_4_0-SNAPSHOT_jar-_-any-4026786079504879887/webapp/,AVAILABLE}{jar:file:/home/runner/.m2/repository/org/apache/ozone/hdds-container-service/1.4.0-SNAPSHOT/hdds-container-service-1.4.0-SNAPSHOT.jar!/webapps/hddsDatanode}
2023-05-09 21:31:21,380 [Listener at 127.0.0.1/44485] INFO  server.AbstractConnector (AbstractConnector.java:doStart(333)) - Started ServerConnector@72866288{HTTP/1.1, (http/1.1)}{0.0.0.0:44527}
2023-05-09 21:31:21,380 [Listener at 127.0.0.1/44485] INFO  server.Server (Server.java:doStart(415)) - Started @9032ms
2023-05-09 21:31:21,380 [Listener at 127.0.0.1/44485] WARN  impl.MetricsSystemImpl (MetricsSystemImpl.java:register(279)) - Sink prometheus already exists!
2023-05-09 21:31:21,382 [Listener at 127.0.0.1/44485] INFO  http.BaseHttpServer (BaseHttpServer.java:updateConnectorAddress(344)) - HTTP server of hddsDatanode listening at http://0.0.0.0:44527
2023-05-09 21:31:21,382 [Datanode State Machine Daemon Thread] INFO  statemachine.DatanodeStateMachine (DatanodeStateMachine.java:lambda$startDaemon$0(524)) - Ozone container server started.
2023-05-09 21:31:21,385 [Listener at 127.0.0.1/44485] INFO  ozone.MiniOzoneClusterImpl (MiniOzoneClusterImpl.java:lambda$waitForClusterToBeReady$0(225)) - Waiting for nodes to be ready. Got 0 of 3 DN Heartbeats.
2023-05-09 21:31:21,385 [Listener at 127.0.0.1/44485] INFO  ozone.MiniOzoneClusterImpl (MiniOzoneClusterImpl.java:lambda$waitForClusterToBeReady$0(228)) - Waiting for cluster to exit safe mode
2023-05-09 21:31:21,385 [Listener at 127.0.0.1/44485] INFO  ozone.MiniOzoneClusterImpl (MiniOzoneClusterImpl.java:lambda$waitForClusterToBeReady$0(230)) - SCM became leader
2023-05-09 21:31:21,389 [org.apache.hadoop.util.JvmPauseMonitor$Monitor@4120296] INFO  util.JvmPauseMonitor (JvmPauseMonitor.java:run(188)) - Starting JVM pause monitor
2023-05-09 21:31:21,392 [Datanode State Machine Task Thread - 0] INFO  datanode.InitDatanodeState (InitDatanodeState.java:persistContainerDatanodeDetails(138)) - DatanodeDetails is persisted to /home/runner/work/ozone/ozone/hadoop-ozone/integration-test/target/test-dir/MiniOzoneClusterImpl-3cbee31e-3440-4d49-b20a-1005a6e66246/datanode-2/meta/datanode.id
2023-05-09 21:31:22,385 [Listener at 127.0.0.1/44485] INFO  ozone.MiniOzoneClusterImpl (MiniOzoneClusterImpl.java:lambda$waitForClusterToBeReady$0(225)) - Waiting for nodes to be ready. Got 0 of 3 DN Heartbeats.
2023-05-09 21:31:22,385 [Listener at 127.0.0.1/44485] INFO  ozone.MiniOzoneClusterImpl (MiniOzoneClusterImpl.java:lambda$waitForClusterToBeReady$0(228)) - Waiting for cluster to exit safe mode
2023-05-09 21:31:22,386 [Listener at 127.0.0.1/44485] INFO  ozone.MiniOzoneClusterImpl (MiniOzoneClusterImpl.java:lambda$waitForClusterToBeReady$0(230)) - SCM became leader
2023-05-09 21:31:22,574 [EndpointStateMachine task thread for /0.0.0.0:45375 - 0 ] INFO  utils.DatanodeStoreCache (DatanodeStoreCache.java:addDB(66)) - Added db /home/runner/work/ozone/ozone/hadoop-ozone/integration-test/target/test-dir/MiniOzoneClusterImpl-3cbee31e-3440-4d49-b20a-1005a6e66246/datanode-0/data-0/containers/hdds/3cbee31e-3440-4d49-b20a-1005a6e66246/DS-817fb9c6-8a26-4a8f-941e-c17aa1063446/container.db to cache
2023-05-09 21:31:22,574 [EndpointStateMachine task thread for /0.0.0.0:45375 - 0 ] INFO  volume.HddsVolume (HddsVolume.java:createDbStore(350)) - SchemaV3 db is created and loaded at /home/runner/work/ozone/ozone/hadoop-ozone/integration-test/target/test-dir/MiniOzoneClusterImpl-3cbee31e-3440-4d49-b20a-1005a6e66246/datanode-0/data-0/containers/hdds/3cbee31e-3440-4d49-b20a-1005a6e66246/DS-817fb9c6-8a26-4a8f-941e-c17aa1063446/container.db for volume DS-817fb9c6-8a26-4a8f-941e-c17aa1063446
2023-05-09 21:31:22,576 [EndpointStateMachine task thread for /0.0.0.0:45375 - 0 ] INFO  ozoneimpl.OzoneContainer (OzoneContainer.java:start(397)) - Attempting to start container services.
2023-05-09 21:31:22,579 [EndpointStateMachine task thread for /0.0.0.0:45375 - 0 ] INFO  ozoneimpl.OzoneContainer (OzoneContainer.java:startContainerScrub(314)) - Scheduled background container scanners and the on-demand container scanner have been disabled.
2023-05-09 21:31:22,581 [EndpointStateMachine task thread for /0.0.0.0:45375 - 0 ] INFO  replication.ReplicationServer (ReplicationServer.java:start(110)) - ReplicationServer is started using port 40699
2023-05-09 21:31:22,581 [EndpointStateMachine task thread for /0.0.0.0:45375 - 0 ] INFO  ratis.XceiverServerRatis (XceiverServerRatis.java:start(517)) - Starting XceiverServerRatis 54e5972d-e1e1-478c-8095-3c6b64428aec
2023-05-09 21:31:22,582 [EndpointStateMachine task thread for /0.0.0.0:45375 - 0 ] INFO  server.RaftServer (RaftServerProxy.java:startImpl(400)) - 54e5972d-e1e1-478c-8095-3c6b64428aec: start RPC server
2023-05-09 21:31:22,585 [EndpointStateMachine task thread for /0.0.0.0:45375 - 0 ] INFO  server.GrpcService (GrpcService.java:startImpl(302)) - 54e5972d-e1e1-478c-8095-3c6b64428aec: GrpcService started, listening on 41587
2023-05-09 21:31:22,585 [EndpointStateMachine task thread for /0.0.0.0:45375 - 0 ] INFO  ratis.XceiverServerRatis (XceiverServerRatis.java:getRealPort(543)) - XceiverServerRatis 54e5972d-e1e1-478c-8095-3c6b64428aec is started using port 41587 for RATIS
2023-05-09 21:31:22,585 [JvmPauseMonitor1] INFO  util.JvmPauseMonitor (JvmPauseMonitor.java:run(103)) - JvmPauseMonitor-54e5972d-e1e1-478c-8095-3c6b64428aec: Started
2023-05-09 21:31:22,586 [EndpointStateMachine task thread for /0.0.0.0:45375 - 0 ] INFO  ratis.XceiverServerRatis (XceiverServerRatis.java:getRealPort(543)) - XceiverServerRatis 54e5972d-e1e1-478c-8095-3c6b64428aec is started using port 41587 for RATIS_ADMIN
2023-05-09 21:31:22,586 [EndpointStateMachine task thread for /0.0.0.0:45375 - 0 ] INFO  ratis.XceiverServerRatis (XceiverServerRatis.java:getRealPort(543)) - XceiverServerRatis 54e5972d-e1e1-478c-8095-3c6b64428aec is started using port 41587 for RATIS_SERVER
2023-05-09 21:31:22,586 [EndpointStateMachine task thread for /0.0.0.0:45375 - 0 ] INFO  ratis.XceiverServerRatis (XceiverServerRatis.java:getRealPort(543)) - XceiverServerRatis 54e5972d-e1e1-478c-8095-3c6b64428aec is started using port 46409 for RATIS_DATASTREAM
2023-05-09 21:31:22,587 [EndpointStateMachine task thread for /0.0.0.0:45375 - 0 ] INFO  server.XceiverServerGrpc (XceiverServerGrpc.java:start(180)) - XceiverServerGrpc 54e5972d-e1e1-478c-8095-3c6b64428aec is started using port 46769
2023-05-09 21:31:22,594 [BlockDeletingService#0] INFO  interfaces.ContainerDeletionChoosingPolicyTemplate (ContainerDeletionChoosingPolicyTemplate.java:chooseContainerForBlockDeletion(83)) - Chosen 0/5000 blocks from 0 candidate containers.
2023-05-09 21:31:23,053 [EndpointStateMachine task thread for /0.0.0.0:45375 - 0 ] INFO  utils.DatanodeStoreCache (DatanodeStoreCache.java:addDB(66)) - Added db /home/runner/work/ozone/ozone/hadoop-ozone/integration-test/target/test-dir/MiniOzoneClusterImpl-3cbee31e-3440-4d49-b20a-1005a6e66246/datanode-1/data-0/containers/hdds/3cbee31e-3440-4d49-b20a-1005a6e66246/DS-8e825866-6137-4a6a-95e8-e3ee0055f947/container.db to cache
2023-05-09 21:31:23,053 [EndpointStateMachine task thread for /0.0.0.0:45375 - 0 ] INFO  volume.HddsVolume (HddsVolume.java:createDbStore(350)) - SchemaV3 db is created and loaded at /home/runner/work/ozone/ozone/hadoop-ozone/integration-test/target/test-dir/MiniOzoneClusterImpl-3cbee31e-3440-4d49-b20a-1005a6e66246/datanode-1/data-0/containers/hdds/3cbee31e-3440-4d49-b20a-1005a6e66246/DS-8e825866-6137-4a6a-95e8-e3ee0055f947/container.db for volume DS-8e825866-6137-4a6a-95e8-e3ee0055f947
2023-05-09 21:31:23,056 [EndpointStateMachine task thread for /0.0.0.0:45375 - 0 ] INFO  ozoneimpl.OzoneContainer (OzoneContainer.java:start(397)) - Attempting to start container services.
2023-05-09 21:31:23,056 [EndpointStateMachine task thread for /0.0.0.0:45375 - 0 ] INFO  ozoneimpl.OzoneContainer (OzoneContainer.java:startContainerScrub(314)) - Scheduled background container scanners and the on-demand container scanner have been disabled.
2023-05-09 21:31:23,057 [EndpointStateMachine task thread for /0.0.0.0:45375 - 0 ] INFO  replication.ReplicationServer (ReplicationServer.java:start(110)) - ReplicationServer is started using port 42419
2023-05-09 21:31:23,058 [EndpointStateMachine task thread for /0.0.0.0:45375 - 0 ] INFO  ratis.XceiverServerRatis (XceiverServerRatis.java:start(517)) - Starting XceiverServerRatis e8fa68c0-203e-4eaa-86d9-3a0844c4a260
2023-05-09 21:31:23,062 [EndpointStateMachine task thread for /0.0.0.0:45375 - 0 ] INFO  server.RaftServer (RaftServerProxy.java:startImpl(400)) - e8fa68c0-203e-4eaa-86d9-3a0844c4a260: start RPC server
2023-05-09 21:31:23,064 [EndpointStateMachine task thread for /0.0.0.0:45375 - 0 ] INFO  server.GrpcService (GrpcService.java:startImpl(302)) - e8fa68c0-203e-4eaa-86d9-3a0844c4a260: GrpcService started, listening on 39103
2023-05-09 21:31:23,067 [EndpointStateMachine task thread for /0.0.0.0:45375 - 0 ] INFO  ratis.XceiverServerRatis (XceiverServerRatis.java:getRealPort(543)) - XceiverServerRatis e8fa68c0-203e-4eaa-86d9-3a0844c4a260 is started using port 39103 for RATIS
2023-05-09 21:31:23,067 [JvmPauseMonitor2] INFO  util.JvmPauseMonitor (JvmPauseMonitor.java:run(103)) - JvmPauseMonitor-e8fa68c0-203e-4eaa-86d9-3a0844c4a260: Started
2023-05-09 21:31:23,067 [EndpointStateMachine task thread for /0.0.0.0:45375 - 0 ] INFO  ratis.XceiverServerRatis (XceiverServerRatis.java:getRealPort(543)) - XceiverServerRatis e8fa68c0-203e-4eaa-86d9-3a0844c4a260 is started using port 39103 for RATIS_ADMIN
2023-05-09 21:31:23,067 [EndpointStateMachine task thread for /0.0.0.0:45375 - 0 ] INFO  ratis.XceiverServerRatis (XceiverServerRatis.java:getRealPort(543)) - XceiverServerRatis e8fa68c0-203e-4eaa-86d9-3a0844c4a260 is started using port 39103 for RATIS_SERVER
2023-05-09 21:31:23,067 [EndpointStateMachine task thread for /0.0.0.0:45375 - 0 ] INFO  ratis.XceiverServerRatis (XceiverServerRatis.java:getRealPort(543)) - XceiverServerRatis e8fa68c0-203e-4eaa-86d9-3a0844c4a260 is started using port 35003 for RATIS_DATASTREAM
2023-05-09 21:31:23,070 [EndpointStateMachine task thread for /0.0.0.0:45375 - 0 ] INFO  server.XceiverServerGrpc (XceiverServerGrpc.java:start(180)) - XceiverServerGrpc e8fa68c0-203e-4eaa-86d9-3a0844c4a260 is started using port 41533
2023-05-09 21:31:23,076 [BlockDeletingService#0] INFO  interfaces.ContainerDeletionChoosingPolicyTemplate (ContainerDeletionChoosingPolicyTemplate.java:chooseContainerForBlockDeletion(83)) - Chosen 0/5000 blocks from 0 candidate containers.
2023-05-09 21:31:23,386 [Listener at 127.0.0.1/44485] INFO  ozone.MiniOzoneClusterImpl (MiniOzoneClusterImpl.java:lambda$waitForClusterToBeReady$0(225)) - Waiting for nodes to be ready. Got 0 of 3 DN Heartbeats.
2023-05-09 21:31:23,386 [Listener at 127.0.0.1/44485] INFO  ozone.MiniOzoneClusterImpl (MiniOzoneClusterImpl.java:lambda$waitForClusterToBeReady$0(228)) - Waiting for cluster to exit safe mode
2023-05-09 21:31:23,386 [Listener at 127.0.0.1/44485] INFO  ozone.MiniOzoneClusterImpl (MiniOzoneClusterImpl.java:lambda$waitForClusterToBeReady$0(230)) - SCM became leader
2023-05-09 21:31:23,424 [EndpointStateMachine task thread for /0.0.0.0:45375 - 0 ] INFO  utils.DatanodeStoreCache (DatanodeStoreCache.java:addDB(66)) - Added db /home/runner/work/ozone/ozone/hadoop-ozone/integration-test/target/test-dir/MiniOzoneClusterImpl-3cbee31e-3440-4d49-b20a-1005a6e66246/datanode-2/data-0/containers/hdds/3cbee31e-3440-4d49-b20a-1005a6e66246/DS-3611f3c6-3b24-4b80-b375-09ff224829ec/container.db to cache
2023-05-09 21:31:23,425 [EndpointStateMachine task thread for /0.0.0.0:45375 - 0 ] INFO  volume.HddsVolume (HddsVolume.java:createDbStore(350)) - SchemaV3 db is created and loaded at /home/runner/work/ozone/ozone/hadoop-ozone/integration-test/target/test-dir/MiniOzoneClusterImpl-3cbee31e-3440-4d49-b20a-1005a6e66246/datanode-2/data-0/containers/hdds/3cbee31e-3440-4d49-b20a-1005a6e66246/DS-3611f3c6-3b24-4b80-b375-09ff224829ec/container.db for volume DS-3611f3c6-3b24-4b80-b375-09ff224829ec
2023-05-09 21:31:23,425 [EndpointStateMachine task thread for /0.0.0.0:45375 - 0 ] INFO  ozoneimpl.OzoneContainer (OzoneContainer.java:start(397)) - Attempting to start container services.
2023-05-09 21:31:23,425 [EndpointStateMachine task thread for /0.0.0.0:45375 - 0 ] INFO  ozoneimpl.OzoneContainer (OzoneContainer.java:startContainerScrub(314)) - Scheduled background container scanners and the on-demand container scanner have been disabled.
2023-05-09 21:31:23,427 [EndpointStateMachine task thread for /0.0.0.0:45375 - 0 ] INFO  replication.ReplicationServer (ReplicationServer.java:start(110)) - ReplicationServer is started using port 39593
2023-05-09 21:31:23,427 [EndpointStateMachine task thread for /0.0.0.0:45375 - 0 ] INFO  ratis.XceiverServerRatis (XceiverServerRatis.java:start(517)) - Starting XceiverServerRatis eed6c27f-a5c3-4b8c-be7b-d7ec899a1df9
2023-05-09 21:31:23,428 [EndpointStateMachine task thread for /0.0.0.0:45375 - 0 ] INFO  server.RaftServer (RaftServerProxy.java:startImpl(400)) - eed6c27f-a5c3-4b8c-be7b-d7ec899a1df9: start RPC server
2023-05-09 21:31:23,429 [EndpointStateMachine task thread for /0.0.0.0:45375 - 0 ] INFO  server.GrpcService (GrpcService.java:startImpl(302)) - eed6c27f-a5c3-4b8c-be7b-d7ec899a1df9: GrpcService started, listening on 40555
2023-05-09 21:31:23,430 [EndpointStateMachine task thread for /0.0.0.0:45375 - 0 ] INFO  ratis.XceiverServerRatis (XceiverServerRatis.java:getRealPort(543)) - XceiverServerRatis eed6c27f-a5c3-4b8c-be7b-d7ec899a1df9 is started using port 40555 for RATIS
2023-05-09 21:31:23,430 [JvmPauseMonitor3] INFO  util.JvmPauseMonitor (JvmPauseMonitor.java:run(103)) - JvmPauseMonitor-eed6c27f-a5c3-4b8c-be7b-d7ec899a1df9: Started
2023-05-09 21:31:23,430 [EndpointStateMachine task thread for /0.0.0.0:45375 - 0 ] INFO  ratis.XceiverServerRatis (XceiverServerRatis.java:getRealPort(543)) - XceiverServerRatis eed6c27f-a5c3-4b8c-be7b-d7ec899a1df9 is started using port 40555 for RATIS_ADMIN
2023-05-09 21:31:23,430 [EndpointStateMachine task thread for /0.0.0.0:45375 - 0 ] INFO  ratis.XceiverServerRatis (XceiverServerRatis.java:getRealPort(543)) - XceiverServerRatis eed6c27f-a5c3-4b8c-be7b-d7ec899a1df9 is started using port 40555 for RATIS_SERVER
2023-05-09 21:31:23,430 [EndpointStateMachine task thread for /0.0.0.0:45375 - 0 ] INFO  ratis.XceiverServerRatis (XceiverServerRatis.java:getRealPort(543)) - XceiverServerRatis eed6c27f-a5c3-4b8c-be7b-d7ec899a1df9 is started using port 34121 for RATIS_DATASTREAM
2023-05-09 21:31:23,433 [EndpointStateMachine task thread for /0.0.0.0:45375 - 0 ] INFO  server.XceiverServerGrpc (XceiverServerGrpc.java:start(180)) - XceiverServerGrpc eed6c27f-a5c3-4b8c-be7b-d7ec899a1df9 is started using port 38001
2023-05-09 21:31:23,436 [BlockDeletingService#0] INFO  interfaces.ContainerDeletionChoosingPolicyTemplate (ContainerDeletionChoosingPolicyTemplate.java:chooseContainerForBlockDeletion(83)) - Chosen 0/5000 blocks from 0 candidate containers.
2023-05-09 21:31:24,386 [Listener at 127.0.0.1/44485] INFO  ozone.MiniOzoneClusterImpl (MiniOzoneClusterImpl.java:lambda$waitForClusterToBeReady$0(225)) - Waiting for nodes to be ready. Got 0 of 3 DN Heartbeats.
2023-05-09 21:31:24,387 [Listener at 127.0.0.1/44485] INFO  ozone.MiniOzoneClusterImpl (MiniOzoneClusterImpl.java:lambda$waitForClusterToBeReady$0(228)) - Waiting for cluster to exit safe mode
2023-05-09 21:31:24,387 [Listener at 127.0.0.1/44485] INFO  ozone.MiniOzoneClusterImpl (MiniOzoneClusterImpl.java:lambda$waitForClusterToBeReady$0(230)) - SCM became leader
2023-05-09 21:31:24,500 [IPC Server handler 6 on default port 45375] INFO  net.NetworkTopologyImpl (NetworkTopologyImpl.java:add(112)) - Added a new node: /default-rack/54e5972d-e1e1-478c-8095-3c6b64428aec
2023-05-09 21:31:24,502 [IPC Server handler 6 on default port 45375] INFO  node.SCMNodeManager (SCMNodeManager.java:register(407)) - Registered Data node : 54e5972d-e1e1-478c-8095-3c6b64428aec{ip: 10.1.0.10, host: fv-az72-49.paxcb4zidlwe3mfrpko3itqnmd.bx.internal.cloudapp.net, ports: [HTTP=36333, REPLICATION=40699, RATIS=41587, RATIS_ADMIN=41587, RATIS_SERVER=41587, RATIS_DATASTREAM=46409, STANDALONE=46769], networkLocation: /default-rack, certSerialId: null, persistedOpState: null, persistedOpStateExpiryEpochSec: 0}
2023-05-09 21:31:24,507 [EventQueue-NewNodeForNewNodeHandler] INFO  pipeline.BackgroundPipelineCreator (BackgroundPipelineCreator.java:notifyEventTriggered(276)) - trigger a one-shot run on RatisPipelineUtilsThread.
2023-05-09 21:31:24,508 [EventQueue-NodeRegistrationContainerReportForDataNodeSafeModeRule] INFO  safemode.SCMSafeModeManager (DataNodeSafeModeRule.java:process(71)) - SCM in safe mode. 1 DataNodes registered, 3 required.
2023-05-09 21:31:24,508 [EventQueue-NodeRegistrationContainerReportForContainerSafeModeRule] INFO  safemode.SCMSafeModeManager (SCMSafeModeManager.java:validateSafeModeExitRules(200)) - ContainerSafeModeRule rule is successfully validated
2023-05-09 21:31:24,515 [EventQueue-PipelineReportForOneReplicaPipelineSafeModeRule] INFO  safemode.SCMSafeModeManager (SCMSafeModeManager.java:validateSafeModeExitRules(200)) - AtleastOneDatanodeReportedRule rule is successfully validated
2023-05-09 21:31:24,517 [RatisPipelineUtilsThread - 0] INFO  pipeline.RatisPipelineProvider (RatisPipelineProvider.java:lambda$create$0(206)) - Sending CreatePipelineCommand for pipeline:PipelineID=4ecb875a-82e8-4823-a906-4c6fdde420db to datanode:54e5972d-e1e1-478c-8095-3c6b64428aec
2023-05-09 21:31:24,527 [RatisPipelineUtilsThread - 0] INFO  pipeline.PipelineStateManagerImpl (PipelineStateManagerImpl.java:addPipeline(103)) - Created pipeline Pipeline[ Id: 4ecb875a-82e8-4823-a906-4c6fdde420db, Nodes: 54e5972d-e1e1-478c-8095-3c6b64428aec(fv-az72-49.paxcb4zidlwe3mfrpko3itqnmd.bx.internal.cloudapp.net/10.1.0.10), ReplicationConfig: RATIS/ONE, State:ALLOCATED, leaderId:, CreationTimestamp2023-05-09T21:31:24.516Z[Etc/UTC]].
2023-05-09 21:31:25,027 [IPC Server handler 13 on default port 45375] INFO  net.NetworkTopologyImpl (NetworkTopologyImpl.java:add(112)) - Added a new node: /default-rack/e8fa68c0-203e-4eaa-86d9-3a0844c4a260
2023-05-09 21:31:25,027 [IPC Server handler 13 on default port 45375] INFO  node.SCMNodeManager (SCMNodeManager.java:register(407)) - Registered Data node : e8fa68c0-203e-4eaa-86d9-3a0844c4a260{ip: 10.1.0.10, host: fv-az72-49.paxcb4zidlwe3mfrpko3itqnmd.bx.internal.cloudapp.net, ports: [HTTP=40115, REPLICATION=42419, RATIS=39103, RATIS_ADMIN=39103, RATIS_SERVER=39103, RATIS_DATASTREAM=35003, STANDALONE=41533], networkLocation: /default-rack, certSerialId: null, persistedOpState: null, persistedOpStateExpiryEpochSec: 0}
2023-05-09 21:31:25,028 [EventQueue-NodeRegistrationContainerReportForDataNodeSafeModeRule] INFO  safemode.SCMSafeModeManager (DataNodeSafeModeRule.java:process(71)) - SCM in safe mode. 2 DataNodes registered, 3 required.
2023-05-09 21:31:25,028 [EventQueue-NewNodeForNewNodeHandler] INFO  pipeline.BackgroundPipelineCreator (BackgroundPipelineCreator.java:notifyEventTriggered(276)) - trigger a one-shot run on RatisPipelineUtilsThread.
2023-05-09 21:31:25,030 [RatisPipelineUtilsThread - 0] INFO  pipeline.RatisPipelineProvider (RatisPipelineProvider.java:lambda$create$0(206)) - Sending CreatePipelineCommand for pipeline:PipelineID=9b46e067-99f5-48da-9e45-300e66e51c4e to datanode:e8fa68c0-203e-4eaa-86d9-3a0844c4a260
2023-05-09 21:31:25,030 [RatisPipelineUtilsThread - 0] INFO  pipeline.PipelineStateManagerImpl (PipelineStateManagerImpl.java:addPipeline(103)) - Created pipeline Pipeline[ Id: 9b46e067-99f5-48da-9e45-300e66e51c4e, Nodes: e8fa68c0-203e-4eaa-86d9-3a0844c4a260(fv-az72-49.paxcb4zidlwe3mfrpko3itqnmd.bx.internal.cloudapp.net/10.1.0.10), ReplicationConfig: RATIS/ONE, State:ALLOCATED, leaderId:, CreationTimestamp2023-05-09T21:31:25.030Z[Etc/UTC]].
2023-05-09 21:31:25,387 [Listener at 127.0.0.1/44485] INFO  ozone.MiniOzoneClusterImpl (MiniOzoneClusterImpl.java:lambda$waitForClusterToBeReady$0(225)) - Waiting for nodes to be ready. Got 2 of 3 DN Heartbeats.
2023-05-09 21:31:25,387 [Listener at 127.0.0.1/44485] INFO  ozone.MiniOzoneClusterImpl (MiniOzoneClusterImpl.java:lambda$waitForClusterToBeReady$0(228)) - Waiting for cluster to exit safe mode
2023-05-09 21:31:25,387 [Listener at 127.0.0.1/44485] INFO  ozone.MiniOzoneClusterImpl (MiniOzoneClusterImpl.java:lambda$waitForClusterToBeReady$0(230)) - SCM became leader
2023-05-09 21:31:25,391 [IPC Server handler 12 on default port 45375] INFO  net.NetworkTopologyImpl (NetworkTopologyImpl.java:add(112)) - Added a new node: /default-rack/eed6c27f-a5c3-4b8c-be7b-d7ec899a1df9
2023-05-09 21:31:25,391 [IPC Server handler 12 on default port 45375] INFO  node.SCMNodeManager (SCMNodeManager.java:register(407)) - Registered Data node : eed6c27f-a5c3-4b8c-be7b-d7ec899a1df9{ip: 10.1.0.10, host: fv-az72-49.paxcb4zidlwe3mfrpko3itqnmd.bx.internal.cloudapp.net, ports: [HTTP=44527, REPLICATION=39593, RATIS=40555, RATIS_ADMIN=40555, RATIS_SERVER=40555, RATIS_DATASTREAM=34121, STANDALONE=38001], networkLocation: /default-rack, certSerialId: null, persistedOpState: null, persistedOpStateExpiryEpochSec: 0}
2023-05-09 21:31:25,392 [EventQueue-NewNodeForNewNodeHandler] INFO  pipeline.BackgroundPipelineCreator (BackgroundPipelineCreator.java:notifyEventTriggered(276)) - trigger a one-shot run on RatisPipelineUtilsThread.
2023-05-09 21:31:25,392 [EventQueue-NodeRegistrationContainerReportForDataNodeSafeModeRule] INFO  safemode.SCMSafeModeManager (DataNodeSafeModeRule.java:process(71)) - SCM in safe mode. 3 DataNodes registered, 3 required.
2023-05-09 21:31:25,393 [RatisPipelineUtilsThread - 0] INFO  pipeline.RatisPipelineProvider (RatisPipelineProvider.java:lambda$create$0(206)) - Sending CreatePipelineCommand for pipeline:PipelineID=ff31899f-9680-4783-8ff6-95d780e5a3e9 to datanode:eed6c27f-a5c3-4b8c-be7b-d7ec899a1df9
2023-05-09 21:31:25,393 [EventQueue-NodeRegistrationContainerReportForDataNodeSafeModeRule] INFO  safemode.SCMSafeModeManager (SCMSafeModeManager.java:validateSafeModeExitRules(200)) - DataNodeSafeModeRule rule is successfully validated
2023-05-09 21:31:25,393 [EventQueue-NodeRegistrationContainerReportForDataNodeSafeModeRule] INFO  safemode.SCMSafeModeManager (SCMSafeModeManager.java:completePreCheck(229)) - All SCM safe mode pre check rules have passed
2023-05-09 21:31:25,393 [EventQueue-NodeRegistrationContainerReportForDataNodeSafeModeRule] INFO  ha.SCMContext (SCMContext.java:updateSafeModeStatus(228)) - Update SafeModeStatus from SafeModeStatus{safeModeStatus=true, preCheckPassed=false} to SafeModeStatus{safeModeStatus=true, preCheckPassed=true}.
2023-05-09 21:31:25,393 [EventQueue-NodeRegistrationContainerReportForDataNodeSafeModeRule] INFO  pipeline.BackgroundPipelineCreator (BackgroundPipelineCreator.java:notifyEventTriggered(276)) - trigger a one-shot run on RatisPipelineUtilsThread.
2023-05-09 21:31:25,393 [RatisPipelineUtilsThread - 0] INFO  pipeline.PipelineStateManagerImpl (PipelineStateManagerImpl.java:addPipeline(103)) - Created pipeline Pipeline[ Id: ff31899f-9680-4783-8ff6-95d780e5a3e9, Nodes: eed6c27f-a5c3-4b8c-be7b-d7ec899a1df9(fv-az72-49.paxcb4zidlwe3mfrpko3itqnmd.bx.internal.cloudapp.net/10.1.0.10), ReplicationConfig: RATIS/ONE, State:ALLOCATED, leaderId:, CreationTimestamp2023-05-09T21:31:25.392Z[Etc/UTC]].
2023-05-09 21:31:25,399 [RatisPipelineUtilsThread - 0] INFO  pipeline.RatisPipelineProvider (RatisPipelineProvider.java:lambda$create$0(206)) - Sending CreatePipelineCommand for pipeline:PipelineID=28219639-ae17-435b-b361-0c517e8810d7 to datanode:eed6c27f-a5c3-4b8c-be7b-d7ec899a1df9
2023-05-09 21:31:25,400 [RatisPipelineUtilsThread - 0] INFO  pipeline.RatisPipelineProvider (RatisPipelineProvider.java:lambda$create$0(206)) - Sending CreatePipelineCommand for pipeline:PipelineID=28219639-ae17-435b-b361-0c517e8810d7 to datanode:54e5972d-e1e1-478c-8095-3c6b64428aec
2023-05-09 21:31:25,400 [RatisPipelineUtilsThread - 0] INFO  pipeline.RatisPipelineProvider (RatisPipelineProvider.java:lambda$create$0(206)) - Sending CreatePipelineCommand for pipeline:PipelineID=28219639-ae17-435b-b361-0c517e8810d7 to datanode:e8fa68c0-203e-4eaa-86d9-3a0844c4a260
2023-05-09 21:31:25,401 [RatisPipelineUtilsThread - 0] INFO  pipeline.PipelineStateManagerImpl (PipelineStateManagerImpl.java:addPipeline(103)) - Created pipeline Pipeline[ Id: 28219639-ae17-435b-b361-0c517e8810d7, Nodes: eed6c27f-a5c3-4b8c-be7b-d7ec899a1df9(fv-az72-49.paxcb4zidlwe3mfrpko3itqnmd.bx.internal.cloudapp.net/10.1.0.10)54e5972d-e1e1-478c-8095-3c6b64428aec(fv-az72-49.paxcb4zidlwe3mfrpko3itqnmd.bx.internal.cloudapp.net/10.1.0.10)e8fa68c0-203e-4eaa-86d9-3a0844c4a260(fv-az72-49.paxcb4zidlwe3mfrpko3itqnmd.bx.internal.cloudapp.net/10.1.0.10), ReplicationConfig: RATIS/THREE, State:ALLOCATED, leaderId:, CreationTimestamp2023-05-09T21:31:25.399Z[Etc/UTC]].
2023-05-09 21:31:25,402 [RatisPipelineUtilsThread - 0] INFO  pipeline.RatisPipelineProvider (RatisPipelineProvider.java:lambda$create$0(206)) - Sending CreatePipelineCommand for pipeline:PipelineID=efa920ad-21ff-469f-8149-175ed9196343 to datanode:e8fa68c0-203e-4eaa-86d9-3a0844c4a260
2023-05-09 21:31:25,403 [RatisPipelineUtilsThread - 0] INFO  pipeline.RatisPipelineProvider (RatisPipelineProvider.java:lambda$create$0(206)) - Sending CreatePipelineCommand for pipeline:PipelineID=efa920ad-21ff-469f-8149-175ed9196343 to datanode:54e5972d-e1e1-478c-8095-3c6b64428aec
2023-05-09 21:31:25,403 [RatisPipelineUtilsThread - 0] INFO  pipeline.RatisPipelineProvider (RatisPipelineProvider.java:lambda$create$0(206)) - Sending CreatePipelineCommand for pipeline:PipelineID=efa920ad-21ff-469f-8149-175ed9196343 to datanode:eed6c27f-a5c3-4b8c-be7b-d7ec899a1df9
2023-05-09 21:31:25,404 [RatisPipelineUtilsThread - 0] INFO  pipeline.PipelineStateManagerImpl (PipelineStateManagerImpl.java:addPipeline(103)) - Created pipeline Pipeline[ Id: efa920ad-21ff-469f-8149-175ed9196343, Nodes: e8fa68c0-203e-4eaa-86d9-3a0844c4a260(fv-az72-49.paxcb4zidlwe3mfrpko3itqnmd.bx.internal.cloudapp.net/10.1.0.10)54e5972d-e1e1-478c-8095-3c6b64428aec(fv-az72-49.paxcb4zidlwe3mfrpko3itqnmd.bx.internal.cloudapp.net/10.1.0.10)eed6c27f-a5c3-4b8c-be7b-d7ec899a1df9(fv-az72-49.paxcb4zidlwe3mfrpko3itqnmd.bx.internal.cloudapp.net/10.1.0.10), ReplicationConfig: RATIS/THREE, State:ALLOCATED, leaderId:, CreationTimestamp2023-05-09T21:31:25.402Z[Etc/UTC]].
2023-05-09 21:31:25,405 [RatisPipelineUtilsThread - 0] INFO  pipeline.PipelineManagerImpl (PipelineManagerImpl.java:recordMetricsForPipeline(826)) - Pipeline: PipelineID=efa920ad-21ff-469f-8149-175ed9196343 contains same datanodes as previous pipelines: PipelineID=28219639-ae17-435b-b361-0c517e8810d7 nodeIds: e8fa68c0-203e-4eaa-86d9-3a0844c4a260, 54e5972d-e1e1-478c-8095-3c6b64428aec, eed6c27f-a5c3-4b8c-be7b-d7ec899a1df9
2023-05-09 21:31:25,406 [RatisPipelineUtilsThread - 0] WARN  pipeline.PipelinePlacementPolicy (PipelinePlacementPolicy.java:filterViableNodes(160)) - Pipeline creation failed due to no sufficient healthy datanodes. Required 3. Found 0. Excluded 3.
2023-05-09 21:31:25,407 [RatisPipelineUtilsThread - 0] WARN  pipeline.PipelinePlacementPolicy (PipelinePlacementPolicy.java:filterViableNodes(160)) - Pipeline creation failed due to no sufficient healthy datanodes. Required 3. Found 0. Excluded 3.
2023-05-09 21:31:26,388 [Listener at 127.0.0.1/44485] INFO  ozone.MiniOzoneClusterImpl (MiniOzoneClusterImpl.java:lambda$waitForClusterToBeReady$0(225)) - Nodes are ready. Got 3 of 3 DN Heartbeats.
2023-05-09 21:31:26,388 [Listener at 127.0.0.1/44485] INFO  ozone.MiniOzoneClusterImpl (MiniOzoneClusterImpl.java:lambda$waitForClusterToBeReady$0(228)) - Waiting for cluster to exit safe mode
2023-05-09 21:31:26,389 [Listener at 127.0.0.1/44485] INFO  ozone.MiniOzoneClusterImpl (MiniOzoneClusterImpl.java:lambda$waitForClusterToBeReady$0(230)) - SCM became leader
2023-05-09 21:31:27,389 [Listener at 127.0.0.1/44485] INFO  ozone.MiniOzoneClusterImpl (MiniOzoneClusterImpl.java:lambda$waitForClusterToBeReady$0(225)) - Nodes are ready. Got 3 of 3 DN Heartbeats.
2023-05-09 21:31:27,389 [Listener at 127.0.0.1/44485] INFO  ozone.MiniOzoneClusterImpl (MiniOzoneClusterImpl.java:lambda$waitForClusterToBeReady$0(228)) - Waiting for cluster to exit safe mode
2023-05-09 21:31:27,389 [Listener at 127.0.0.1/44485] INFO  ozone.MiniOzoneClusterImpl (MiniOzoneClusterImpl.java:lambda$waitForClusterToBeReady$0(230)) - SCM became leader
2023-05-09 21:31:27,504 [Command processor thread] INFO  server.RaftServer (RaftServerProxy.java:addNew(98)) - 54e5972d-e1e1-478c-8095-3c6b64428aec: addNew group-4C6FDDE420DB:[54e5972d-e1e1-478c-8095-3c6b64428aec|rpc:10.1.0.10:41587|dataStream:10.1.0.10:46409|priority:1|startupRole:FOLLOWER] returns group-4C6FDDE420DB:java.util.concurrent.CompletableFuture@429c3527[Not completed]
2023-05-09 21:31:27,522 [54e5972d-e1e1-478c-8095-3c6b64428aec-groupManagement] INFO  server.RaftServer$Division (RaftServerImpl.java:<init>(198)) - 54e5972d-e1e1-478c-8095-3c6b64428aec: new RaftServerImpl for group-4C6FDDE420DB:[54e5972d-e1e1-478c-8095-3c6b64428aec|rpc:10.1.0.10:41587|dataStream:10.1.0.10:46409|priority:1|startupRole:FOLLOWER] with ContainerStateMachine:uninitialized
2023-05-09 21:31:27,522 [54e5972d-e1e1-478c-8095-3c6b64428aec-groupManagement] INFO  server.RaftServerConfigKeys (ConfUtils.java:logGet(46)) - raft.server.rpc.timeout.min = 5s (custom)
2023-05-09 21:31:27,522 [54e5972d-e1e1-478c-8095-3c6b64428aec-groupManagement] INFO  server.RaftServerConfigKeys (ConfUtils.java:logGet(46)) - raft.server.rpc.timeout.max = 5200ms (custom)
2023-05-09 21:31:27,522 [54e5972d-e1e1-478c-8095-3c6b64428aec-groupManagement] INFO  server.RaftServerConfigKeys (ConfUtils.java:logGet(46)) - raft.server.rpc.sleep.time = 25ms (default)
2023-05-09 21:31:27,522 [54e5972d-e1e1-478c-8095-3c6b64428aec-groupManagement] INFO  server.RaftServerConfigKeys (ConfUtils.java:logGet(46)) - raft.server.rpc.slowness.timeout = 300s (custom)
2023-05-09 21:31:27,522 [54e5972d-e1e1-478c-8095-3c6b64428aec-groupManagement] INFO  server.RaftServerConfigKeys (ConfUtils.java:logGet(46)) - raft.server.leaderelection.leader.step-down.wait-time = 10s (default)
2023-05-09 21:31:27,522 [54e5972d-e1e1-478c-8095-3c6b64428aec-groupManagement] INFO  server.RaftServerConfigKeys (ConfUtils.java:logGet(46)) - raft.server.sleep.deviation.threshold = 300ms (default)
2023-05-09 21:31:27,523 [54e5972d-e1e1-478c-8095-3c6b64428aec-groupManagement] INFO  server.RaftServer$Division (ServerState.java:<init>(120)) - 54e5972d-e1e1-478c-8095-3c6b64428aec@group-4C6FDDE420DB: ConfigurationManager, init=-1: peers:[54e5972d-e1e1-478c-8095-3c6b64428aec|rpc:10.1.0.10:41587|dataStream:10.1.0.10:46409|priority:1|startupRole:FOLLOWER]|listeners:[], old=null, confs=<EMPTY_MAP>
2023-05-09 21:31:27,523 [54e5972d-e1e1-478c-8095-3c6b64428aec-groupManagement] INFO  server.RaftServerConfigKeys (ConfUtils.java:logGet(46)) - raft.server.storage.dir = [/home/runner/work/ozone/ozone/hadoop-ozone/integration-test/target/test-dir/MiniOzoneClusterImpl-3cbee31e-3440-4d49-b20a-1005a6e66246/datanode-0/data/ratis] (custom)
2023-05-09 21:31:27,523 [54e5972d-e1e1-478c-8095-3c6b64428aec-groupManagement] INFO  server.RaftServerConfigKeys (ConfUtils.java:logGet(46)) - raft.server.log.corruption.policy = EXCEPTION (default)
2023-05-09 21:31:27,523 [54e5972d-e1e1-478c-8095-3c6b64428aec-groupManagement] INFO  server.RaftServerConfigKeys (ConfUtils.java:logGet(46)) - raft.server.storage.free-space.min = 0MB (=0) (default)
2023-05-09 21:31:27,523 [54e5972d-e1e1-478c-8095-3c6b64428aec-groupManagement] INFO  server.RaftServerConfigKeys (ConfUtils.java:logGet(46)) - raft.server.notification.no-leader.timeout = 300s (custom)
2023-05-09 21:31:27,529 [54e5972d-e1e1-478c-8095-3c6b64428aec-groupManagement] INFO  server.RaftServerConfigKeys (ConfUtils.java:logGet(46)) - raft.server.read.timeout = 10s (default)
2023-05-09 21:31:27,529 [54e5972d-e1e1-478c-8095-3c6b64428aec-groupManagement] INFO  server.RaftServerConfigKeys (ConfUtils.java:logGet(46)) - raft.server.retrycache.expirytime = 600000ms (custom)
2023-05-09 21:31:27,529 [54e5972d-e1e1-478c-8095-3c6b64428aec-groupManagement] INFO  server.RaftServerConfigKeys (ConfUtils.java:logGet(46)) - raft.server.retrycache.statistics.expirytime = 100μs (default)
2023-05-09 21:31:27,529 [54e5972d-e1e1-478c-8095-3c6b64428aec-groupManagement] INFO  server.RaftServerConfigKeys (ConfUtils.java:logGet(46)) - raft.server.read.option = DEFAULT (default)
2023-05-09 21:31:27,535 [54e5972d-e1e1-478c-8095-3c6b64428aec-groupManagement] INFO  server.RaftServerConfigKeys (ConfUtils.java:logGet(46)) - raft.server.rpc.request.timeout = 60s (custom)
2023-05-09 21:31:27,535 [54e5972d-e1e1-478c-8095-3c6b64428aec-groupManagement] INFO  server.RaftServerConfigKeys (ConfUtils.java:logGet(46)) - raft.server.log.appender.install.snapshot.enabled = false (custom)
2023-05-09 21:31:27,535 [54e5972d-e1e1-478c-8095-3c6b64428aec-groupManagement] INFO  server.RaftServerConfigKeys (ConfUtils.java:logGet(46)) - raft.server.threadpool.server.cached = true (default)
2023-05-09 21:31:27,535 [54e5972d-e1e1-478c-8095-3c6b64428aec-groupManagement] INFO  server.RaftServerConfigKeys (ConfUtils.java:logGet(46)) - raft.server.threadpool.server.size = 0 (default)
2023-05-09 21:31:27,535 [54e5972d-e1e1-478c-8095-3c6b64428aec-groupManagement] INFO  server.RaftServerConfigKeys (ConfUtils.java:logGet(46)) - raft.server.threadpool.client.cached = true (default)
2023-05-09 21:31:27,535 [54e5972d-e1e1-478c-8095-3c6b64428aec-groupManagement] INFO  server.RaftServerConfigKeys (ConfUtils.java:logGet(46)) - raft.server.threadpool.client.size = 0 (default)
2023-05-09 21:31:27,537 [54e5972d-e1e1-478c-8095-3c6b64428aec-groupManagement] INFO  storage.RaftStorageDirectory (RaftStorageDirectoryImpl.java:analyzeStorage(137)) - The storage directory /home/runner/work/ozone/ozone/hadoop-ozone/integration-test/target/test-dir/MiniOzoneClusterImpl-3cbee31e-3440-4d49-b20a-1005a6e66246/datanode-0/data/ratis/4ecb875a-82e8-4823-a906-4c6fdde420db does not exist. Creating ...
2023-05-09 21:31:27,538 [54e5972d-e1e1-478c-8095-3c6b64428aec-groupManagement] INFO  storage.RaftStorageDirectory (RaftStorageDirectoryImpl.java:tryLock(231)) - Lock on /home/runner/work/ozone/ozone/hadoop-ozone/integration-test/target/test-dir/MiniOzoneClusterImpl-3cbee31e-3440-4d49-b20a-1005a6e66246/datanode-0/data/ratis/4ecb875a-82e8-4823-a906-4c6fdde420db/in_use.lock acquired by nodename 52473@fv-az72-49
2023-05-09 21:31:27,539 [54e5972d-e1e1-478c-8095-3c6b64428aec-groupManagement] INFO  storage.RaftStorage (RaftStorageImpl.java:format(96)) - Storage directory /home/runner/work/ozone/ozone/hadoop-ozone/integration-test/target/test-dir/MiniOzoneClusterImpl-3cbee31e-3440-4d49-b20a-1005a6e66246/datanode-0/data/ratis/4ecb875a-82e8-4823-a906-4c6fdde420db has been successfully formatted.
2023-05-09 21:31:27,545 [54e5972d-e1e1-478c-8095-3c6b64428aec-groupManagement] INFO  ratis.ContainerStateMachine (ContainerStateMachine.java:loadSnapshot(262)) - group-4C6FDDE420DB: The snapshot info is null. Setting the last applied indexto:(t:0, i:~)
2023-05-09 21:31:27,545 [54e5972d-e1e1-478c-8095-3c6b64428aec-groupManagement] INFO  server.RaftServerConfigKeys (ConfUtils.java:logGet(46)) - raft.server.log.use.memory = false (default)
2023-05-09 21:31:27,546 [54e5972d-e1e1-478c-8095-3c6b64428aec-groupManagement] INFO  server.RaftServerConfigKeys (ConfUtils.java:logGet(46)) - raft.server.log.purge.gap = 1000000 (custom)
2023-05-09 21:31:27,546 [54e5972d-e1e1-478c-8095-3c6b64428aec-groupManagement] INFO  server.RaftServerConfigKeys (ConfUtils.java:logGet(46)) - raft.server.log.appender.buffer.byte-limit = 33554432 (custom)
2023-05-09 21:31:27,546 [54e5972d-e1e1-478c-8095-3c6b64428aec-groupManagement] INFO  server.RaftServerConfigKeys (ConfUtils.java:logGet(46)) - raft.server.log.statemachine.data.read.timeout = 1000ms (default)
2023-05-09 21:31:27,546 [54e5972d-e1e1-478c-8095-3c6b64428aec-groupManagement] INFO  server.RaftServerConfigKeys (ConfUtils.java:logGet(46)) - raft.server.log.purge.preservation.log.num = 0 (default)
2023-05-09 21:31:27,546 [54e5972d-e1e1-478c-8095-3c6b64428aec-groupManagement] INFO  server.RaftServerConfigKeys (ConfUtils.java:logGet(46)) - raft.server.log.segment.size.max = 1048576 (custom)
2023-05-09 21:31:27,552 [54e5972d-e1e1-478c-8095-3c6b64428aec-groupManagement] INFO  server.RaftServerConfigKeys (ConfUtils.java:logGet(46)) - raft.server.log.segment.cache.num.max = 2 (custom)
2023-05-09 21:31:27,552 [54e5972d-e1e1-478c-8095-3c6b64428aec-groupManagement] INFO  server.RaftServerConfigKeys (ConfUtils.java:logGet(46)) - raft.server.log.segment.cache.size.max = 200MB (=209715200) (default)
2023-05-09 21:31:27,552 [54e5972d-e1e1-478c-8095-3c6b64428aec-groupManagement] INFO  server.RaftServerConfigKeys (ConfUtils.java:logGet(46)) - raft.server.log.appender.buffer.byte-limit = 33554432 (custom)
2023-05-09 21:31:27,552 [54e5972d-e1e1-478c-8095-3c6b64428aec-groupManagement] INFO  segmented.SegmentedRaftLogWorker (SegmentedRaftLogWorker.java:<init>(188)) - new 54e5972d-e1e1-478c-8095-3c6b64428aec@group-4C6FDDE420DB-SegmentedRaftLogWorker for RaftStorageImpl:Storage Directory /home/runner/work/ozone/ozone/hadoop-ozone/integration-test/target/test-dir/MiniOzoneClusterImpl-3cbee31e-3440-4d49-b20a-1005a6e66246/datanode-0/data/ratis/4ecb875a-82e8-4823-a906-4c6fdde420db
2023-05-09 21:31:27,552 [54e5972d-e1e1-478c-8095-3c6b64428aec-groupManagement] INFO  server.RaftServerConfigKeys (ConfUtils.java:logGet(46)) - raft.server.log.queue.byte-limit = 4294967296 (custom)
2023-05-09 21:31:27,552 [54e5972d-e1e1-478c-8095-3c6b64428aec-groupManagement] INFO  server.RaftServerConfigKeys (ConfUtils.java:logGet(46)) - raft.server.log.queue.element-limit = 1024 (custom)
2023-05-09 21:31:27,552 [54e5972d-e1e1-478c-8095-3c6b64428aec-groupManagement] INFO  server.RaftServerConfigKeys (ConfUtils.java:logGet(46)) - raft.server.log.segment.size.max = 1048576 (custom)
2023-05-09 21:31:27,552 [54e5972d-e1e1-478c-8095-3c6b64428aec-groupManagement] INFO  server.RaftServerConfigKeys (ConfUtils.java:logGet(46)) - raft.server.log.preallocated.size = 16384 (custom)
2023-05-09 21:31:27,552 [54e5972d-e1e1-478c-8095-3c6b64428aec-groupManagement] INFO  server.RaftServerConfigKeys (ConfUtils.java:logGet(46)) - raft.server.log.force.sync.num = 128 (default)
2023-05-09 21:31:27,552 [54e5972d-e1e1-478c-8095-3c6b64428aec-groupManagement] INFO  server.RaftServerConfigKeys (ConfUtils.java:logGet(46)) - raft.server.log.statemachine.data.sync = true (default)
2023-05-09 21:31:27,552 [54e5972d-e1e1-478c-8095-3c6b64428aec-groupManagement] INFO  server.RaftServerConfigKeys (ConfUtils.java:logGet(46)) - raft.server.log.statemachine.data.sync.timeout = 10s (default)
2023-05-09 21:31:27,552 [54e5972d-e1e1-478c-8095-3c6b64428aec-groupManagement] INFO  server.RaftServerConfigKeys (ConfUtils.java:logGet(46)) - raft.server.log.statemachine.data.sync.timeout.retry = -1 (default)
2023-05-09 21:31:27,556 [54e5972d-e1e1-478c-8095-3c6b64428aec-groupManagement] INFO  server.RaftServerConfigKeys (ConfUtils.java:logGet(46)) - raft.server.log.write.buffer.size = 1048576 (custom)
2023-05-09 21:31:27,556 [54e5972d-e1e1-478c-8095-3c6b64428aec-groupManagement] INFO  server.RaftServerConfigKeys (ConfUtils.java:logGet(46)) - raft.server.log.appender.buffer.byte-limit = 33554432 (custom)
2023-05-09 21:31:27,563 [54e5972d-e1e1-478c-8095-3c6b64428aec-groupManagement] INFO  server.RaftServerConfigKeys (ConfUtils.java:logGet(46)) - raft.server.log.unsafe-flush.enabled = false (default)
2023-05-09 21:31:27,563 [54e5972d-e1e1-478c-8095-3c6b64428aec-groupManagement] INFO  server.RaftServerConfigKeys (ConfUtils.java:logGet(46)) - raft.server.log.async-flush.enabled = false (default)
2023-05-09 21:31:27,563 [54e5972d-e1e1-478c-8095-3c6b64428aec-groupManagement] INFO  server.RaftServerConfigKeys (ConfUtils.java:logGet(46)) - raft.server.log.statemachine.data.caching.enabled = true (custom)
2023-05-09 21:31:27,564 [54e5972d-e1e1-478c-8095-3c6b64428aec-groupManagement] INFO  segmented.SegmentedRaftLogWorker (SegmentedRaftLogWorker.java:lambda$new$0(135)) - 54e5972d-e1e1-478c-8095-3c6b64428aec@group-4C6FDDE420DB-SegmentedRaftLogWorker: flushIndex: setUnconditionally 0 -> -1
2023-05-09 21:31:27,564 [54e5972d-e1e1-478c-8095-3c6b64428aec-groupManagement] INFO  segmented.SegmentedRaftLogWorker (SegmentedRaftLogWorker.java:lambda$new$0(135)) - 54e5972d-e1e1-478c-8095-3c6b64428aec@group-4C6FDDE420DB-SegmentedRaftLogWorker: safeCacheEvictIndex: setUnconditionally 0 -> -1
2023-05-09 21:31:27,564 [54e5972d-e1e1-478c-8095-3c6b64428aec-groupManagement] INFO  server.RaftServer$Division (RaftServerImpl.java:start(342)) - 54e5972d-e1e1-478c-8095-3c6b64428aec@group-4C6FDDE420DB: start as a follower, conf=-1: peers:[54e5972d-e1e1-478c-8095-3c6b64428aec|rpc:10.1.0.10:41587|dataStream:10.1.0.10:46409|priority:1|startupRole:FOLLOWER]|listeners:[], old=null
2023-05-09 21:31:27,564 [54e5972d-e1e1-478c-8095-3c6b64428aec-groupManagement] INFO  server.RaftServer$Division (RaftServerImpl.java:setRole(329)) - 54e5972d-e1e1-478c-8095-3c6b64428aec@group-4C6FDDE420DB: changes role from      null to FOLLOWER at term 0 for startAsFollower
2023-05-09 21:31:27,564 [54e5972d-e1e1-478c-8095-3c6b64428aec-groupManagement] INFO  impl.RoleInfo (RoleInfo.java:updateAndGet(139)) - 54e5972d-e1e1-478c-8095-3c6b64428aec: start 54e5972d-e1e1-478c-8095-3c6b64428aec@group-4C6FDDE420DB-FollowerState
2023-05-09 21:31:27,569 [54e5972d-e1e1-478c-8095-3c6b64428aec-groupManagement] INFO  util.JmxRegister (JmxRegister.java:tryRegister(44)) - Successfully registered JMX Bean with object name Ratis:service=RaftServer,group=group-4C6FDDE420DB,id=54e5972d-e1e1-478c-8095-3c6b64428aec
2023-05-09 21:31:27,570 [54e5972d-e1e1-478c-8095-3c6b64428aec-groupManagement] INFO  server.RaftServerConfigKeys (ConfUtils.java:logGet(46)) - raft.server.snapshot.auto.trigger.enabled = true (custom)
2023-05-09 21:31:27,570 [54e5972d-e1e1-478c-8095-3c6b64428aec-groupManagement] INFO  server.RaftServerConfigKeys (ConfUtils.java:logGet(46)) - raft.server.snapshot.auto.trigger.threshold = 10000 (custom)
2023-05-09 21:31:27,570 [54e5972d-e1e1-478c-8095-3c6b64428aec-groupManagement] INFO  server.RaftServerConfigKeys (ConfUtils.java:logGet(46)) - raft.server.snapshot.retention.file.num = 5 (custom)
2023-05-09 21:31:27,570 [54e5972d-e1e1-478c-8095-3c6b64428aec-groupManagement] INFO  server.RaftServerConfigKeys (ConfUtils.java:logGet(46)) - raft.server.log.purge.upto.snapshot.index = false (default)
2023-05-09 21:31:27,572 [EventQueue-PipelineReportForPipelineReportHandler] INFO  pipeline.PipelineManagerImpl (PipelineManagerImpl.java:openPipeline(367)) - Pipeline Pipeline[ Id: 4ecb875a-82e8-4823-a906-4c6fdde420db, Nodes: 54e5972d-e1e1-478c-8095-3c6b64428aec(fv-az72-49.paxcb4zidlwe3mfrpko3itqnmd.bx.internal.cloudapp.net/10.1.0.10), ReplicationConfig: RATIS/ONE, State:ALLOCATED, leaderId:54e5972d-e1e1-478c-8095-3c6b64428aec, CreationTimestamp2023-05-09T21:31:24.516Z[Etc/UTC]] moved to OPEN state
2023-05-09 21:31:27,581 [Command processor thread] INFO  ratis.XceiverServerRatis (XceiverServerRatis.java:addGroup(806)) - Created group PipelineID=4ecb875a-82e8-4823-a906-4c6fdde420db
2023-05-09 21:31:27,581 [54e5972d-e1e1-478c-8095-3c6b64428aec@group-4C6FDDE420DB-FollowerState] INFO  server.RaftServerConfigKeys (ConfUtils.java:logFallback(53)) - raft.server.rpc.first-election.timeout.min = 5s (fallback to raft.server.rpc.timeout.min)
2023-05-09 21:31:27,581 [54e5972d-e1e1-478c-8095-3c6b64428aec@group-4C6FDDE420DB-FollowerState] INFO  server.RaftServerConfigKeys (ConfUtils.java:logFallback(53)) - raft.server.rpc.first-election.timeout.max = 5200ms (fallback to raft.server.rpc.timeout.max)
2023-05-09 21:31:27,582 [Command processor thread] INFO  commandhandler.CreatePipelineCommandHandler (CreatePipelineCommandHandler.java:handle(113)) - Created Pipeline RATIS ONE PipelineID=4ecb875a-82e8-4823-a906-4c6fdde420db.
2023-05-09 21:31:27,582 [Command processor thread] INFO  server.RaftServer (RaftServerProxy.java:addNew(98)) - 54e5972d-e1e1-478c-8095-3c6b64428aec: addNew group-0C517E8810D7:[e8fa68c0-203e-4eaa-86d9-3a0844c4a260|rpc:10.1.0.10:39103|dataStream:10.1.0.10:35003|priority:0|startupRole:FOLLOWER, eed6c27f-a5c3-4b8c-be7b-d7ec899a1df9|rpc:10.1.0.10:40555|dataStream:10.1.0.10:34121|priority:1|startupRole:FOLLOWER, 54e5972d-e1e1-478c-8095-3c6b64428aec|rpc:10.1.0.10:41587|dataStream:10.1.0.10:46409|priority:0|startupRole:FOLLOWER] returns group-0C517E8810D7:java.util.concurrent.CompletableFuture@2cb5cfaf[Not completed]
2023-05-09 21:31:27,584 [54e5972d-e1e1-478c-8095-3c6b64428aec-groupManagement] INFO  server.RaftServer$Division (RaftServerImpl.java:<init>(198)) - 54e5972d-e1e1-478c-8095-3c6b64428aec: new RaftServerImpl for group-0C517E8810D7:[e8fa68c0-203e-4eaa-86d9-3a0844c4a260|rpc:10.1.0.10:39103|dataStream:10.1.0.10:35003|priority:0|startupRole:FOLLOWER, eed6c27f-a5c3-4b8c-be7b-d7ec899a1df9|rpc:10.1.0.10:40555|dataStream:10.1.0.10:34121|priority:1|startupRole:FOLLOWER, 54e5972d-e1e1-478c-8095-3c6b64428aec|rpc:10.1.0.10:41587|dataStream:10.1.0.10:46409|priority:0|startupRole:FOLLOWER] with ContainerStateMachine:uninitialized
2023-05-09 21:31:27,584 [54e5972d-e1e1-478c-8095-3c6b64428aec-groupManagement] INFO  server.RaftServerConfigKeys (ConfUtils.java:logGet(46)) - raft.server.rpc.timeout.min = 5s (custom)
2023-05-09 21:31:27,584 [54e5972d-e1e1-478c-8095-3c6b64428aec-groupManagement] INFO  server.RaftServerConfigKeys (ConfUtils.java:logGet(46)) - raft.server.rpc.timeout.max = 5200ms (custom)
2023-05-09 21:31:27,584 [54e5972d-e1e1-478c-8095-3c6b64428aec-groupManagement] INFO  server.RaftServerConfigKeys (ConfUtils.java:logGet(46)) - raft.server.rpc.sleep.time = 25ms (default)
2023-05-09 21:31:27,584 [54e5972d-e1e1-478c-8095-3c6b64428aec-groupManagement] INFO  server.RaftServerConfigKeys (ConfUtils.java:logGet(46)) - raft.server.rpc.slowness.timeout = 300s (custom)
2023-05-09 21:31:27,584 [54e5972d-e1e1-478c-8095-3c6b64428aec-groupManagement] INFO  server.RaftServerConfigKeys (ConfUtils.java:logGet(46)) - raft.server.leaderelection.leader.step-down.wait-time = 10s (default)
2023-05-09 21:31:27,584 [54e5972d-e1e1-478c-8095-3c6b64428aec-groupManagement] INFO  server.RaftServerConfigKeys (ConfUtils.java:logGet(46)) - raft.server.sleep.deviation.threshold = 300ms (default)
2023-05-09 21:31:27,584 [54e5972d-e1e1-478c-8095-3c6b64428aec-groupManagement] INFO  server.RaftServer$Division (ServerState.java:<init>(120)) - 54e5972d-e1e1-478c-8095-3c6b64428aec@group-0C517E8810D7: ConfigurationManager, init=-1: peers:[e8fa68c0-203e-4eaa-86d9-3a0844c4a260|rpc:10.1.0.10:39103|dataStream:10.1.0.10:35003|priority:0|startupRole:FOLLOWER, eed6c27f-a5c3-4b8c-be7b-d7ec899a1df9|rpc:10.1.0.10:40555|dataStream:10.1.0.10:34121|priority:1|startupRole:FOLLOWER, 54e5972d-e1e1-478c-8095-3c6b64428aec|rpc:10.1.0.10:41587|dataStream:10.1.0.10:46409|priority:0|startupRole:FOLLOWER]|listeners:[], old=null, confs=<EMPTY_MAP>
2023-05-09 21:31:27,584 [54e5972d-e1e1-478c-8095-3c6b64428aec-groupManagement] INFO  server.RaftServerConfigKeys (ConfUtils.java:logGet(46)) - raft.server.storage.dir = [/home/runner/work/ozone/ozone/hadoop-ozone/integration-test/target/test-dir/MiniOzoneClusterImpl-3cbee31e-3440-4d49-b20a-1005a6e66246/datanode-0/data/ratis] (custom)
2023-05-09 21:31:27,585 [54e5972d-e1e1-478c-8095-3c6b64428aec-groupManagement] INFO  server.RaftServerConfigKeys (ConfUtils.java:logGet(46)) - raft.server.log.corruption.policy = EXCEPTION (default)
2023-05-09 21:31:27,585 [54e5972d-e1e1-478c-8095-3c6b64428aec-groupManagement] INFO  server.RaftServerConfigKeys (ConfUtils.java:logGet(46)) - raft.server.storage.free-space.min = 0MB (=0) (default)
2023-05-09 21:31:27,585 [54e5972d-e1e1-478c-8095-3c6b64428aec-groupManagement] INFO  server.RaftServerConfigKeys (ConfUtils.java:logGet(46)) - raft.server.notification.no-leader.timeout = 300s (custom)
2023-05-09 21:31:27,585 [54e5972d-e1e1-478c-8095-3c6b64428aec-groupManagement] INFO  server.RaftServerConfigKeys (ConfUtils.java:logGet(46)) - raft.server.read.timeout = 10s (default)
2023-05-09 21:31:27,585 [54e5972d-e1e1-478c-8095-3c6b64428aec-groupManagement] INFO  server.RaftServerConfigKeys (ConfUtils.java:logGet(46)) - raft.server.retrycache.expirytime = 600000ms (custom)
2023-05-09 21:31:27,585 [54e5972d-e1e1-478c-8095-3c6b64428aec-groupManagement] INFO  server.RaftServerConfigKeys (ConfUtils.java:logGet(46)) - raft.server.retrycache.statistics.expirytime = 100μs (default)
2023-05-09 21:31:27,585 [54e5972d-e1e1-478c-8095-3c6b64428aec-groupManagement] INFO  server.RaftServerConfigKeys (ConfUtils.java:logGet(46)) - raft.server.read.option = DEFAULT (default)
2023-05-09 21:31:27,586 [54e5972d-e1e1-478c-8095-3c6b64428aec-groupManagement] INFO  server.RaftServerConfigKeys (ConfUtils.java:logGet(46)) - raft.server.rpc.request.timeout = 60s (custom)
2023-05-09 21:31:27,586 [54e5972d-e1e1-478c-8095-3c6b64428aec-groupManagement] INFO  server.RaftServerConfigKeys (ConfUtils.java:logGet(46)) - raft.server.log.appender.install.snapshot.enabled = false (custom)
2023-05-09 21:31:27,587 [54e5972d-e1e1-478c-8095-3c6b64428aec-groupManagement] INFO  server.RaftServerConfigKeys (ConfUtils.java:logGet(46)) - raft.server.threadpool.server.cached = true (default)
2023-05-09 21:31:27,587 [54e5972d-e1e1-478c-8095-3c6b64428aec-groupManagement] INFO  server.RaftServerConfigKeys (ConfUtils.java:logGet(46)) - raft.server.threadpool.server.size = 0 (default)
2023-05-09 21:31:27,587 [54e5972d-e1e1-478c-8095-3c6b64428aec-groupManagement] INFO  server.RaftServerConfigKeys (ConfUtils.java:logGet(46)) - raft.server.threadpool.client.cached = true (default)
2023-05-09 21:31:27,587 [54e5972d-e1e1-478c-8095-3c6b64428aec-groupManagement] INFO  server.RaftServerConfigKeys (ConfUtils.java:logGet(46)) - raft.server.threadpool.client.size = 0 (default)
2023-05-09 21:31:27,587 [54e5972d-e1e1-478c-8095-3c6b64428aec-groupManagement] INFO  storage.RaftStorageDirectory (RaftStorageDirectoryImpl.java:analyzeStorage(137)) - The storage directory /home/runner/work/ozone/ozone/hadoop-ozone/integration-test/target/test-dir/MiniOzoneClusterImpl-3cbee31e-3440-4d49-b20a-1005a6e66246/datanode-0/data/ratis/28219639-ae17-435b-b361-0c517e8810d7 does not exist. Creating ...
2023-05-09 21:31:27,590 [EventQueue-OpenPipelineForHealthyPipelineSafeModeRule] INFO  safemode.SCMSafeModeManager (HealthyPipelineSafeModeRule.java:process(137)) - SCM in safe mode. Healthy pipelines reported count is 0, required healthy pipeline reported count is 1
2023-05-09 21:31:27,590 [54e5972d-e1e1-478c-8095-3c6b64428aec-groupManagement] INFO  storage.RaftStorageDirectory (RaftStorageDirectoryImpl.java:tryLock(231)) - Lock on /home/runner/work/ozone/ozone/hadoop-ozone/integration-test/target/test-dir/MiniOzoneClusterImpl-3cbee31e-3440-4d49-b20a-1005a6e66246/datanode-0/data/ratis/28219639-ae17-435b-b361-0c517e8810d7/in_use.lock acquired by nodename 52473@fv-az72-49
2023-05-09 21:31:27,591 [54e5972d-e1e1-478c-8095-3c6b64428aec-groupManagement] INFO  storage.RaftStorage (RaftStorageImpl.java:format(96)) - Storage directory /home/runner/work/ozone/ozone/hadoop-ozone/integration-test/target/test-dir/MiniOzoneClusterImpl-3cbee31e-3440-4d49-b20a-1005a6e66246/datanode-0/data/ratis/28219639-ae17-435b-b361-0c517e8810d7 has been successfully formatted.
2023-05-09 21:31:27,594 [EventQueue-OpenPipelineForHealthyPipelineSafeModeRule] INFO  safemode.SCMSafeModeManager (HealthyPipelineSafeModeRule.java:process(137)) - SCM in safe mode. Healthy pipelines reported count is 0, required healthy pipeline reported count is 1
2023-05-09 21:31:27,594 [54e5972d-e1e1-478c-8095-3c6b64428aec-groupManagement] INFO  ratis.ContainerStateMachine (ContainerStateMachine.java:loadSnapshot(262)) - group-0C517E8810D7: The snapshot info is null. Setting the last applied indexto:(t:0, i:~)
2023-05-09 21:31:27,594 [54e5972d-e1e1-478c-8095-3c6b64428aec-groupManagement] INFO  server.RaftServerConfigKeys (ConfUtils.java:logGet(46)) - raft.server.log.use.memory = false (default)
2023-05-09 21:31:27,595 [54e5972d-e1e1-478c-8095-3c6b64428aec-groupManagement] INFO  server.RaftServerConfigKeys (ConfUtils.java:logGet(46)) - raft.server.log.purge.gap = 1000000 (custom)
2023-05-09 21:31:27,595 [54e5972d-e1e1-478c-8095-3c6b64428aec-groupManagement] INFO  server.RaftServerConfigKeys (ConfUtils.java:logGet(46)) - raft.server.log.appender.buffer.byte-limit = 33554432 (custom)
2023-05-09 21:31:27,595 [54e5972d-e1e1-478c-8095-3c6b64428aec-groupManagement] INFO  server.RaftServerConfigKeys (ConfUtils.java:logGet(46)) - raft.server.log.statemachine.data.read.timeout = 1000ms (default)
2023-05-09 21:31:27,595 [54e5972d-e1e1-478c-8095-3c6b64428aec-groupManagement] INFO  server.RaftServerConfigKeys (ConfUtils.java:logGet(46)) - raft.server.log.purge.preservation.log.num = 0 (default)
2023-05-09 21:31:27,595 [54e5972d-e1e1-478c-8095-3c6b64428aec-groupManagement] INFO  server.RaftServerConfigKeys (ConfUtils.java:logGet(46)) - raft.server.log.segment.size.max = 1048576 (custom)
2023-05-09 21:31:27,597 [54e5972d-e1e1-478c-8095-3c6b64428aec-groupManagement] INFO  server.RaftServerConfigKeys (ConfUtils.java:logGet(46)) - raft.server.log.segment.cache.num.max = 2 (custom)
2023-05-09 21:31:27,597 [54e5972d-e1e1-478c-8095-3c6b64428aec-groupManagement] INFO  server.RaftServerConfigKeys (ConfUtils.java:logGet(46)) - raft.server.log.segment.cache.size.max = 200MB (=209715200) (default)
2023-05-09 21:31:27,597 [54e5972d-e1e1-478c-8095-3c6b64428aec-groupManagement] INFO  server.RaftServerConfigKeys (ConfUtils.java:logGet(46)) - raft.server.log.appender.buffer.byte-limit = 33554432 (custom)
2023-05-09 21:31:27,597 [54e5972d-e1e1-478c-8095-3c6b64428aec-groupManagement] INFO  segmented.SegmentedRaftLogWorker (SegmentedRaftLogWorker.java:<init>(188)) - new 54e5972d-e1e1-478c-8095-3c6b64428aec@group-0C517E8810D7-SegmentedRaftLogWorker for RaftStorageImpl:Storage Directory /home/runner/work/ozone/ozone/hadoop-ozone/integration-test/target/test-dir/MiniOzoneClusterImpl-3cbee31e-3440-4d49-b20a-1005a6e66246/datanode-0/data/ratis/28219639-ae17-435b-b361-0c517e8810d7
2023-05-09 21:31:27,597 [54e5972d-e1e1-478c-8095-3c6b64428aec-groupManagement] INFO  server.RaftServerConfigKeys (ConfUtils.java:logGet(46)) - raft.server.log.queue.byte-limit = 4294967296 (custom)
2023-05-09 21:31:27,598 [54e5972d-e1e1-478c-8095-3c6b64428aec-groupManagement] INFO  server.RaftServerConfigKeys (ConfUtils.java:logGet(46)) - raft.server.log.queue.element-limit = 1024 (custom)
2023-05-09 21:31:27,598 [54e5972d-e1e1-478c-8095-3c6b64428aec-groupManagement] INFO  server.RaftServerConfigKeys (ConfUtils.java:logGet(46)) - raft.server.log.segment.size.max = 1048576 (custom)
2023-05-09 21:31:27,598 [54e5972d-e1e1-478c-8095-3c6b64428aec-groupManagement] INFO  server.RaftServerConfigKeys (ConfUtils.java:logGet(46)) - raft.server.log.preallocated.size = 16384 (custom)
2023-05-09 21:31:27,598 [54e5972d-e1e1-478c-8095-3c6b64428aec-groupManagement] INFO  server.RaftServerConfigKeys (ConfUtils.java:logGet(46)) - raft.server.log.force.sync.num = 128 (default)
2023-05-09 21:31:27,598 [54e5972d-e1e1-478c-8095-3c6b64428aec-groupManagement] INFO  server.RaftServerConfigKeys (ConfUtils.java:logGet(46)) - raft.server.log.statemachine.data.sync = true (default)
2023-05-09 21:31:27,598 [54e5972d-e1e1-478c-8095-3c6b64428aec-groupManagement] INFO  server.RaftServerConfigKeys (ConfUtils.java:logGet(46)) - raft.server.log.statemachine.data.sync.timeout = 10s (default)
2023-05-09 21:31:27,598 [54e5972d-e1e1-478c-8095-3c6b64428aec-groupManagement] INFO  server.RaftServerConfigKeys (ConfUtils.java:logGet(46)) - raft.server.log.statemachine.data.sync.timeout.retry = -1 (default)
2023-05-09 21:31:27,599 [54e5972d-e1e1-478c-8095-3c6b64428aec-groupManagement] INFO  server.RaftServerConfigKeys (ConfUtils.java:logGet(46)) - raft.server.log.write.buffer.size = 1048576 (custom)
2023-05-09 21:31:27,599 [54e5972d-e1e1-478c-8095-3c6b64428aec-groupManagement] INFO  server.RaftServerConfigKeys (ConfUtils.java:logGet(46)) - raft.server.log.appender.buffer.byte-limit = 33554432 (custom)
2023-05-09 21:31:27,612 [54e5972d-e1e1-478c-8095-3c6b64428aec-groupManagement] INFO  server.RaftServerConfigKeys (ConfUtils.java:logGet(46)) - raft.server.log.unsafe-flush.enabled = false (default)
2023-05-09 21:31:27,612 [54e5972d-e1e1-478c-8095-3c6b64428aec-groupManagement] INFO  server.RaftServerConfigKeys (ConfUtils.java:logGet(46)) - raft.server.log.async-flush.enabled = false (default)
2023-05-09 21:31:27,612 [54e5972d-e1e1-478c-8095-3c6b64428aec-groupManagement] INFO  server.RaftServerConfigKeys (ConfUtils.java:logGet(46)) - raft.server.log.statemachine.data.caching.enabled = true (custom)
2023-05-09 21:31:27,613 [54e5972d-e1e1-478c-8095-3c6b64428aec-groupManagement] INFO  segmented.SegmentedRaftLogWorker (SegmentedRaftLogWorker.java:lambda$new$0(135)) - 54e5972d-e1e1-478c-8095-3c6b64428aec@group-0C517E8810D7-SegmentedRaftLogWorker: flushIndex: setUnconditionally 0 -> -1
2023-05-09 21:31:27,613 [54e5972d-e1e1-478c-8095-3c6b64428aec-groupManagement] INFO  segmented.SegmentedRaftLogWorker (SegmentedRaftLogWorker.java:lambda$new$0(135)) - 54e5972d-e1e1-478c-8095-3c6b64428aec@group-0C517E8810D7-SegmentedRaftLogWorker: safeCacheEvictIndex: setUnconditionally 0 -> -1
2023-05-09 21:31:27,613 [54e5972d-e1e1-478c-8095-3c6b64428aec-groupManagement] INFO  server.RaftServer$Division (RaftServerImpl.java:start(342)) - 54e5972d-e1e1-478c-8095-3c6b64428aec@group-0C517E8810D7: start as a follower, conf=-1: peers:[e8fa68c0-203e-4eaa-86d9-3a0844c4a260|rpc:10.1.0.10:39103|dataStream:10.1.0.10:35003|priority:0|startupRole:FOLLOWER, eed6c27f-a5c3-4b8c-be7b-d7ec899a1df9|rpc:10.1.0.10:40555|dataStream:10.1.0.10:34121|priority:1|startupRole:FOLLOWER, 54e5972d-e1e1-478c-8095-3c6b64428aec|rpc:10.1.0.10:41587|dataStream:10.1.0.10:46409|priority:0|startupRole:FOLLOWER]|listeners:[], old=null
2023-05-09 21:31:27,613 [54e5972d-e1e1-478c-8095-3c6b64428aec-groupManagement] INFO  server.RaftServer$Division (RaftServerImpl.java:setRole(329)) - 54e5972d-e1e1-478c-8095-3c6b64428aec@group-0C517E8810D7: changes role from      null to FOLLOWER at term 0 for startAsFollower
2023-05-09 21:31:27,613 [54e5972d-e1e1-478c-8095-3c6b64428aec-groupManagement] INFO  impl.RoleInfo (RoleInfo.java:updateAndGet(139)) - 54e5972d-e1e1-478c-8095-3c6b64428aec: start 54e5972d-e1e1-478c-8095-3c6b64428aec@group-0C517E8810D7-FollowerState
2023-05-09 21:31:27,614 [54e5972d-e1e1-478c-8095-3c6b64428aec@group-0C517E8810D7-FollowerState] INFO  server.RaftServerConfigKeys (ConfUtils.java:logFallback(53)) - raft.server.rpc.first-election.timeout.min = 5s (fallback to raft.server.rpc.timeout.min)
2023-05-09 21:31:27,614 [54e5972d-e1e1-478c-8095-3c6b64428aec@group-0C517E8810D7-FollowerState] INFO  server.RaftServerConfigKeys (ConfUtils.java:logFallback(53)) - raft.server.rpc.first-election.timeout.max = 5200ms (fallback to raft.server.rpc.timeout.max)
2023-05-09 21:31:27,615 [54e5972d-e1e1-478c-8095-3c6b64428aec-groupManagement] INFO  util.JmxRegister (JmxRegister.java:tryRegister(44)) - Successfully registered JMX Bean with object name Ratis:service=RaftServer,group=group-0C517E8810D7,id=54e5972d-e1e1-478c-8095-3c6b64428aec
2023-05-09 21:31:27,615 [54e5972d-e1e1-478c-8095-3c6b64428aec-groupManagement] INFO  server.RaftServerConfigKeys (ConfUtils.java:logGet(46)) - raft.server.snapshot.auto.trigger.enabled = true (custom)
2023-05-09 21:31:27,616 [54e5972d-e1e1-478c-8095-3c6b64428aec-groupManagement] INFO  server.RaftServerConfigKeys (ConfUtils.java:logGet(46)) - raft.server.snapshot.auto.trigger.threshold = 10000 (custom)
2023-05-09 21:31:27,616 [54e5972d-e1e1-478c-8095-3c6b64428aec-groupManagement] INFO  server.RaftServerConfigKeys (ConfUtils.java:logGet(46)) - raft.server.snapshot.retention.file.num = 5 (custom)
2023-05-09 21:31:27,617 [54e5972d-e1e1-478c-8095-3c6b64428aec-groupManagement] INFO  server.RaftServerConfigKeys (ConfUtils.java:logGet(46)) - raft.server.log.purge.upto.snapshot.index = false (default)
2023-05-09 21:31:27,621 [Command processor thread] INFO  ratis.XceiverServerRatis (XceiverServerRatis.java:addGroup(806)) - Created group PipelineID=28219639-ae17-435b-b361-0c517e8810d7
2023-05-09 21:31:28,028 [Command processor thread] INFO  server.RaftServer (RaftServerProxy.java:addNew(98)) - e8fa68c0-203e-4eaa-86d9-3a0844c4a260: addNew group-300E66E51C4E:[e8fa68c0-203e-4eaa-86d9-3a0844c4a260|rpc:10.1.0.10:39103|dataStream:10.1.0.10:35003|priority:1|startupRole:FOLLOWER] returns group-300E66E51C4E:java.util.concurrent.CompletableFuture@623dd28c[Not completed]
2023-05-09 21:31:28,031 [e8fa68c0-203e-4eaa-86d9-3a0844c4a260-groupManagement] INFO  server.RaftServer$Division (RaftServerImpl.java:<init>(198)) - e8fa68c0-203e-4eaa-86d9-3a0844c4a260: new RaftServerImpl for group-300E66E51C4E:[e8fa68c0-203e-4eaa-86d9-3a0844c4a260|rpc:10.1.0.10:39103|dataStream:10.1.0.10:35003|priority:1|startupRole:FOLLOWER] with ContainerStateMachine:uninitialized
2023-05-09 21:31:28,032 [e8fa68c0-203e-4eaa-86d9-3a0844c4a260-groupManagement] INFO  server.RaftServerConfigKeys (ConfUtils.java:logGet(46)) - raft.server.rpc.timeout.min = 5s (custom)
2023-05-09 21:31:28,032 [e8fa68c0-203e-4eaa-86d9-3a0844c4a260-groupManagement] INFO  server.RaftServerConfigKeys (ConfUtils.java:logGet(46)) - raft.server.rpc.timeout.max = 5200ms (custom)
2023-05-09 21:31:28,032 [e8fa68c0-203e-4eaa-86d9-3a0844c4a260-groupManagement] INFO  server.RaftServerConfigKeys (ConfUtils.java:logGet(46)) - raft.server.rpc.sleep.time = 25ms (default)
2023-05-09 21:31:28,032 [e8fa68c0-203e-4eaa-86d9-3a0844c4a260-groupManagement] INFO  server.RaftServerConfigKeys (ConfUtils.java:logGet(46)) - raft.server.rpc.slowness.timeout = 300s (custom)
2023-05-09 21:31:28,032 [e8fa68c0-203e-4eaa-86d9-3a0844c4a260-groupManagement] INFO  server.RaftServerConfigKeys (ConfUtils.java:logGet(46)) - raft.server.leaderelection.leader.step-down.wait-time = 10s (default)
2023-05-09 21:31:28,032 [e8fa68c0-203e-4eaa-86d9-3a0844c4a260-groupManagement] INFO  server.RaftServerConfigKeys (ConfUtils.java:logGet(46)) - raft.server.sleep.deviation.threshold = 300ms (default)
2023-05-09 21:31:28,032 [e8fa68c0-203e-4eaa-86d9-3a0844c4a260-groupManagement] INFO  server.RaftServer$Division (ServerState.java:<init>(120)) - e8fa68c0-203e-4eaa-86d9-3a0844c4a260@group-300E66E51C4E: ConfigurationManager, init=-1: peers:[e8fa68c0-203e-4eaa-86d9-3a0844c4a260|rpc:10.1.0.10:39103|dataStream:10.1.0.10:35003|priority:1|startupRole:FOLLOWER]|listeners:[], old=null, confs=<EMPTY_MAP>
2023-05-09 21:31:28,032 [e8fa68c0-203e-4eaa-86d9-3a0844c4a260-groupManagement] INFO  server.RaftServerConfigKeys (ConfUtils.java:logGet(46)) - raft.server.storage.dir = [/home/runner/work/ozone/ozone/hadoop-ozone/integration-test/target/test-dir/MiniOzoneClusterImpl-3cbee31e-3440-4d49-b20a-1005a6e66246/datanode-1/data/ratis] (custom)
2023-05-09 21:31:28,033 [e8fa68c0-203e-4eaa-86d9-3a0844c4a260-groupManagement] INFO  server.RaftServerConfigKeys (ConfUtils.java:logGet(46)) - raft.server.log.corruption.policy = EXCEPTION (default)
2023-05-09 21:31:28,033 [e8fa68c0-203e-4eaa-86d9-3a0844c4a260-groupManagement] INFO  server.RaftServerConfigKeys (ConfUtils.java:logGet(46)) - raft.server.storage.free-space.min = 0MB (=0) (default)
2023-05-09 21:31:28,034 [e8fa68c0-203e-4eaa-86d9-3a0844c4a260-groupManagement] INFO  server.RaftServerConfigKeys (ConfUtils.java:logGet(46)) - raft.server.notification.no-leader.timeout = 300s (custom)
2023-05-09 21:31:28,034 [e8fa68c0-203e-4eaa-86d9-3a0844c4a260-groupManagement] INFO  server.RaftServerConfigKeys (ConfUtils.java:logGet(46)) - raft.server.read.timeout = 10s (default)
2023-05-09 21:31:28,034 [e8fa68c0-203e-4eaa-86d9-3a0844c4a260-groupManagement] INFO  server.RaftServerConfigKeys (ConfUtils.java:logGet(46)) - raft.server.retrycache.expirytime = 600000ms (custom)
2023-05-09 21:31:28,034 [e8fa68c0-203e-4eaa-86d9-3a0844c4a260-groupManagement] INFO  server.RaftServerConfigKeys (ConfUtils.java:logGet(46)) - raft.server.retrycache.statistics.expirytime = 100μs (default)
2023-05-09 21:31:28,034 [e8fa68c0-203e-4eaa-86d9-3a0844c4a260-groupManagement] INFO  server.RaftServerConfigKeys (ConfUtils.java:logGet(46)) - raft.server.read.option = DEFAULT (default)
2023-05-09 21:31:28,038 [e8fa68c0-203e-4eaa-86d9-3a0844c4a260-groupManagement] INFO  server.RaftServerConfigKeys (ConfUtils.java:logGet(46)) - raft.server.rpc.request.timeout = 60s (custom)
2023-05-09 21:31:28,038 [e8fa68c0-203e-4eaa-86d9-3a0844c4a260-groupManagement] INFO  server.RaftServerConfigKeys (ConfUtils.java:logGet(46)) - raft.server.log.appender.install.snapshot.enabled = false (custom)
2023-05-09 21:31:28,038 [e8fa68c0-203e-4eaa-86d9-3a0844c4a260-groupManagement] INFO  server.RaftServerConfigKeys (ConfUtils.java:logGet(46)) - raft.server.threadpool.server.cached = true (default)
2023-05-09 21:31:28,039 [e8fa68c0-203e-4eaa-86d9-3a0844c4a260-groupManagement] INFO  server.RaftServerConfigKeys (ConfUtils.java:logGet(46)) - raft.server.threadpool.server.size = 0 (default)
2023-05-09 21:31:28,039 [e8fa68c0-203e-4eaa-86d9-3a0844c4a260-groupManagement] INFO  server.RaftServerConfigKeys (ConfUtils.java:logGet(46)) - raft.server.threadpool.client.cached = true (default)
2023-05-09 21:31:28,042 [e8fa68c0-203e-4eaa-86d9-3a0844c4a260-groupManagement] INFO  server.RaftServerConfigKeys (ConfUtils.java:logGet(46)) - raft.server.threadpool.client.size = 0 (default)
2023-05-09 21:31:28,043 [e8fa68c0-203e-4eaa-86d9-3a0844c4a260-groupManagement] INFO  storage.RaftStorageDirectory (RaftStorageDirectoryImpl.java:analyzeStorage(137)) - The storage directory /home/runner/work/ozone/ozone/hadoop-ozone/integration-test/target/test-dir/MiniOzoneClusterImpl-3cbee31e-3440-4d49-b20a-1005a6e66246/datanode-1/data/ratis/9b46e067-99f5-48da-9e45-300e66e51c4e does not exist. Creating ...
2023-05-09 21:31:28,044 [e8fa68c0-203e-4eaa-86d9-3a0844c4a260-groupManagement] INFO  storage.RaftStorageDirectory (RaftStorageDirectoryImpl.java:tryLock(231)) - Lock on /home/runner/work/ozone/ozone/hadoop-ozone/integration-test/target/test-dir/MiniOzoneClusterImpl-3cbee31e-3440-4d49-b20a-1005a6e66246/datanode-1/data/ratis/9b46e067-99f5-48da-9e45-300e66e51c4e/in_use.lock acquired by nodename 52473@fv-az72-49
2023-05-09 21:31:28,045 [e8fa68c0-203e-4eaa-86d9-3a0844c4a260-groupManagement] INFO  storage.RaftStorage (RaftStorageImpl.java:format(96)) - Storage directory /home/runner/work/ozone/ozone/hadoop-ozone/integration-test/target/test-dir/MiniOzoneClusterImpl-3cbee31e-3440-4d49-b20a-1005a6e66246/datanode-1/data/ratis/9b46e067-99f5-48da-9e45-300e66e51c4e has been successfully formatted.
2023-05-09 21:31:28,051 [e8fa68c0-203e-4eaa-86d9-3a0844c4a260-groupManagement] INFO  ratis.ContainerStateMachine (ContainerStateMachine.java:loadSnapshot(262)) - group-300E66E51C4E: The snapshot info is null. Setting the last applied indexto:(t:0, i:~)
2023-05-09 21:31:28,055 [e8fa68c0-203e-4eaa-86d9-3a0844c4a260-groupManagement] INFO  server.RaftServerConfigKeys (ConfUtils.java:logGet(46)) - raft.server.log.use.memory = false (default)
2023-05-09 21:31:28,055 [e8fa68c0-203e-4eaa-86d9-3a0844c4a260-groupManagement] INFO  server.RaftServerConfigKeys (ConfUtils.java:logGet(46)) - raft.server.log.purge.gap = 1000000 (custom)
2023-05-09 21:31:28,055 [e8fa68c0-203e-4eaa-86d9-3a0844c4a260-groupManagement] INFO  server.RaftServerConfigKeys (ConfUtils.java:logGet(46)) - raft.server.log.appender.buffer.byte-limit = 33554432 (custom)
2023-05-09 21:31:28,055 [e8fa68c0-203e-4eaa-86d9-3a0844c4a260-groupManagement] INFO  server.RaftServerConfigKeys (ConfUtils.java:logGet(46)) - raft.server.log.statemachine.data.read.timeout = 1000ms (default)
2023-05-09 21:31:28,055 [e8fa68c0-203e-4eaa-86d9-3a0844c4a260-groupManagement] INFO  server.RaftServerConfigKeys (ConfUtils.java:logGet(46)) - raft.server.log.purge.preservation.log.num = 0 (default)
2023-05-09 21:31:28,056 [e8fa68c0-203e-4eaa-86d9-3a0844c4a260-groupManagement] INFO  server.RaftServerConfigKeys (ConfUtils.java:logGet(46)) - raft.server.log.segment.size.max = 1048576 (custom)
2023-05-09 21:31:28,056 [EventQueue-PipelineReportForPipelineReportHandler] INFO  pipeline.PipelineManagerImpl (PipelineManagerImpl.java:openPipeline(367)) - Pipeline Pipeline[ Id: 9b46e067-99f5-48da-9e45-300e66e51c4e, Nodes: e8fa68c0-203e-4eaa-86d9-3a0844c4a260(fv-az72-49.paxcb4zidlwe3mfrpko3itqnmd.bx.internal.cloudapp.net/10.1.0.10), ReplicationConfig: RATIS/ONE, State:ALLOCATED, leaderId:e8fa68c0-203e-4eaa-86d9-3a0844c4a260, CreationTimestamp2023-05-09T21:31:25.030Z[Etc/UTC]] moved to OPEN state
2023-05-09 21:31:28,057 [EventQueue-OpenPipelineForHealthyPipelineSafeModeRule] INFO  safemode.SCMSafeModeManager (HealthyPipelineSafeModeRule.java:process(137)) - SCM in safe mode. Healthy pipelines reported count is 0, required healthy pipeline reported count is 1
2023-05-09 21:31:28,059 [e8fa68c0-203e-4eaa-86d9-3a0844c4a260-groupManagement] INFO  server.RaftServerConfigKeys (ConfUtils.java:logGet(46)) - raft.server.log.segment.cache.num.max = 2 (custom)
2023-05-09 21:31:28,059 [e8fa68c0-203e-4eaa-86d9-3a0844c4a260-groupManagement] INFO  server.RaftServerConfigKeys (ConfUtils.java:logGet(46)) - raft.server.log.segment.cache.size.max = 200MB (=209715200) (default)
2023-05-09 21:31:28,059 [e8fa68c0-203e-4eaa-86d9-3a0844c4a260-groupManagement] INFO  server.RaftServerConfigKeys (ConfUtils.java:logGet(46)) - raft.server.log.appender.buffer.byte-limit = 33554432 (custom)
2023-05-09 21:31:28,059 [e8fa68c0-203e-4eaa-86d9-3a0844c4a260-groupManagement] INFO  segmented.SegmentedRaftLogWorker (SegmentedRaftLogWorker.java:<init>(188)) - new e8fa68c0-203e-4eaa-86d9-3a0844c4a260@group-300E66E51C4E-SegmentedRaftLogWorker for RaftStorageImpl:Storage Directory /home/runner/work/ozone/ozone/hadoop-ozone/integration-test/target/test-dir/MiniOzoneClusterImpl-3cbee31e-3440-4d49-b20a-1005a6e66246/datanode-1/data/ratis/9b46e067-99f5-48da-9e45-300e66e51c4e
2023-05-09 21:31:28,059 [e8fa68c0-203e-4eaa-86d9-3a0844c4a260-groupManagement] INFO  server.RaftServerConfigKeys (ConfUtils.java:logGet(46)) - raft.server.log.queue.byte-limit = 4294967296 (custom)
2023-05-09 21:31:28,059 [e8fa68c0-203e-4eaa-86d9-3a0844c4a260-groupManagement] INFO  server.RaftServerConfigKeys (ConfUtils.java:logGet(46)) - raft.server.log.queue.element-limit = 1024 (custom)
2023-05-09 21:31:28,059 [e8fa68c0-203e-4eaa-86d9-3a0844c4a260-groupManagement] INFO  server.RaftServerConfigKeys (ConfUtils.java:logGet(46)) - raft.server.log.segment.size.max = 1048576 (custom)
2023-05-09 21:31:28,059 [e8fa68c0-203e-4eaa-86d9-3a0844c4a260-groupManagement] INFO  server.RaftServerConfigKeys (ConfUtils.java:logGet(46)) - raft.server.log.preallocated.size = 16384 (custom)
2023-05-09 21:31:28,059 [e8fa68c0-203e-4eaa-86d9-3a0844c4a260-groupManagement] INFO  server.RaftServerConfigKeys (ConfUtils.java:logGet(46)) - raft.server.log.force.sync.num = 128 (default)
2023-05-09 21:31:28,059 [e8fa68c0-203e-4eaa-86d9-3a0844c4a260-groupManagement] INFO  server.RaftServerConfigKeys (ConfUtils.java:logGet(46)) - raft.server.log.statemachine.data.sync = true (default)
2023-05-09 21:31:28,059 [e8fa68c0-203e-4eaa-86d9-3a0844c4a260-groupManagement] INFO  server.RaftServerConfigKeys (ConfUtils.java:logGet(46)) - raft.server.log.statemachine.data.sync.timeout = 10s (default)
2023-05-09 21:31:28,059 [e8fa68c0-203e-4eaa-86d9-3a0844c4a260-groupManagement] INFO  server.RaftServerConfigKeys (ConfUtils.java:logGet(46)) - raft.server.log.statemachine.data.sync.timeout.retry = -1 (default)
2023-05-09 21:31:28,064 [e8fa68c0-203e-4eaa-86d9-3a0844c4a260-groupManagement] INFO  server.RaftServerConfigKeys (ConfUtils.java:logGet(46)) - raft.server.log.write.buffer.size = 1048576 (custom)
2023-05-09 21:31:28,065 [e8fa68c0-203e-4eaa-86d9-3a0844c4a260-groupManagement] INFO  server.RaftServerConfigKeys (ConfUtils.java:logGet(46)) - raft.server.log.appender.buffer.byte-limit = 33554432 (custom)
2023-05-09 21:31:28,077 [e8fa68c0-203e-4eaa-86d9-3a0844c4a260-groupManagement] INFO  server.RaftServerConfigKeys (ConfUtils.java:logGet(46)) - raft.server.log.unsafe-flush.enabled = false (default)
2023-05-09 21:31:28,077 [e8fa68c0-203e-4eaa-86d9-3a0844c4a260-groupManagement] INFO  server.RaftServerConfigKeys (ConfUtils.java:logGet(46)) - raft.server.log.async-flush.enabled = false (default)
2023-05-09 21:31:28,077 [e8fa68c0-203e-4eaa-86d9-3a0844c4a260-groupManagement] INFO  server.RaftServerConfigKeys (ConfUtils.java:logGet(46)) - raft.server.log.statemachine.data.caching.enabled = true (custom)
2023-05-09 21:31:28,077 [e8fa68c0-203e-4eaa-86d9-3a0844c4a260-groupManagement] INFO  segmented.SegmentedRaftLogWorker (SegmentedRaftLogWorker.java:lambda$new$0(135)) - e8fa68c0-203e-4eaa-86d9-3a0844c4a260@group-300E66E51C4E-SegmentedRaftLogWorker: flushIndex: setUnconditionally 0 -> -1
2023-05-09 21:31:28,079 [e8fa68c0-203e-4eaa-86d9-3a0844c4a260-groupManagement] INFO  segmented.SegmentedRaftLogWorker (SegmentedRaftLogWorker.java:lambda$new$0(135)) - e8fa68c0-203e-4eaa-86d9-3a0844c4a260@group-300E66E51C4E-SegmentedRaftLogWorker: safeCacheEvictIndex: setUnconditionally 0 -> -1
2023-05-09 21:31:28,090 [e8fa68c0-203e-4eaa-86d9-3a0844c4a260-groupManagement] INFO  server.RaftServer$Division (RaftServerImpl.java:start(342)) - e8fa68c0-203e-4eaa-86d9-3a0844c4a260@group-300E66E51C4E: start as a follower, conf=-1: peers:[e8fa68c0-203e-4eaa-86d9-3a0844c4a260|rpc:10.1.0.10:39103|dataStream:10.1.0.10:35003|priority:1|startupRole:FOLLOWER]|listeners:[], old=null
2023-05-09 21:31:28,090 [e8fa68c0-203e-4eaa-86d9-3a0844c4a260-groupManagement] INFO  server.RaftServer$Division (RaftServerImpl.java:setRole(329)) - e8fa68c0-203e-4eaa-86d9-3a0844c4a260@group-300E66E51C4E: changes role from      null to FOLLOWER at term 0 for startAsFollower
2023-05-09 21:31:28,090 [e8fa68c0-203e-4eaa-86d9-3a0844c4a260-groupManagement] INFO  impl.RoleInfo (RoleInfo.java:updateAndGet(139)) - e8fa68c0-203e-4eaa-86d9-3a0844c4a260: start e8fa68c0-203e-4eaa-86d9-3a0844c4a260@group-300E66E51C4E-FollowerState
2023-05-09 21:31:28,097 [e8fa68c0-203e-4eaa-86d9-3a0844c4a260-groupManagement] INFO  util.JmxRegister (JmxRegister.java:tryRegister(44)) - Successfully registered JMX Bean with object name Ratis:service=RaftServer,group=group-300E66E51C4E,id=e8fa68c0-203e-4eaa-86d9-3a0844c4a260
2023-05-09 21:31:28,100 [e8fa68c0-203e-4eaa-86d9-3a0844c4a260-groupManagement] INFO  server.RaftServerConfigKeys (ConfUtils.java:logGet(46)) - raft.server.snapshot.auto.trigger.enabled = true (custom)
2023-05-09 21:31:28,100 [e8fa68c0-203e-4eaa-86d9-3a0844c4a260-groupManagement] INFO  server.RaftServerConfigKeys (ConfUtils.java:logGet(46)) - raft.server.snapshot.auto.trigger.threshold = 10000 (custom)
2023-05-09 21:31:28,100 [e8fa68c0-203e-4eaa-86d9-3a0844c4a260-groupManagement] INFO  server.RaftServerConfigKeys (ConfUtils.java:logGet(46)) - raft.server.snapshot.retention.file.num = 5 (custom)
2023-05-09 21:31:28,100 [e8fa68c0-203e-4eaa-86d9-3a0844c4a260-groupManagement] INFO  server.RaftServerConfigKeys (ConfUtils.java:logGet(46)) - raft.server.log.purge.upto.snapshot.index = false (default)
2023-05-09 21:31:28,101 [e8fa68c0-203e-4eaa-86d9-3a0844c4a260@group-300E66E51C4E-FollowerState] INFO  server.RaftServerConfigKeys (ConfUtils.java:logFallback(53)) - raft.server.rpc.first-election.timeout.min = 5s (fallback to raft.server.rpc.timeout.min)
2023-05-09 21:31:28,101 [e8fa68c0-203e-4eaa-86d9-3a0844c4a260@group-300E66E51C4E-FollowerState] INFO  server.RaftServerConfigKeys (ConfUtils.java:logFallback(53)) - raft.server.rpc.first-election.timeout.max = 5200ms (fallback to raft.server.rpc.timeout.max)
2023-05-09 21:31:28,101 [Command processor thread] INFO  ratis.XceiverServerRatis (XceiverServerRatis.java:addGroup(806)) - Created group PipelineID=9b46e067-99f5-48da-9e45-300e66e51c4e
2023-05-09 21:31:28,101 [Command processor thread] INFO  commandhandler.CreatePipelineCommandHandler (CreatePipelineCommandHandler.java:handle(113)) - Created Pipeline RATIS ONE PipelineID=9b46e067-99f5-48da-9e45-300e66e51c4e.
2023-05-09 21:31:28,107 [Command processor thread] INFO  server.RaftServer (RaftServerProxy.java:addNew(98)) - e8fa68c0-203e-4eaa-86d9-3a0844c4a260: addNew group-0C517E8810D7:[e8fa68c0-203e-4eaa-86d9-3a0844c4a260|rpc:10.1.0.10:39103|dataStream:10.1.0.10:35003|priority:0|startupRole:FOLLOWER, eed6c27f-a5c3-4b8c-be7b-d7ec899a1df9|rpc:10.1.0.10:40555|dataStream:10.1.0.10:34121|priority:1|startupRole:FOLLOWER, 54e5972d-e1e1-478c-8095-3c6b64428aec|rpc:10.1.0.10:41587|dataStream:10.1.0.10:46409|priority:0|startupRole:FOLLOWER] returns group-0C517E8810D7:java.util.concurrent.CompletableFuture@66025a13[Not completed]
2023-05-09 21:31:28,110 [e8fa68c0-203e-4eaa-86d9-3a0844c4a260-groupManagement] INFO  server.RaftServer$Division (RaftServerImpl.java:<init>(198)) - e8fa68c0-203e-4eaa-86d9-3a0844c4a260: new RaftServerImpl for group-0C517E8810D7:[e8fa68c0-203e-4eaa-86d9-3a0844c4a260|rpc:10.1.0.10:39103|dataStream:10.1.0.10:35003|priority:0|startupRole:FOLLOWER, eed6c27f-a5c3-4b8c-be7b-d7ec899a1df9|rpc:10.1.0.10:40555|dataStream:10.1.0.10:34121|priority:1|startupRole:FOLLOWER, 54e5972d-e1e1-478c-8095-3c6b64428aec|rpc:10.1.0.10:41587|dataStream:10.1.0.10:46409|priority:0|startupRole:FOLLOWER] with ContainerStateMachine:uninitialized
2023-05-09 21:31:28,110 [e8fa68c0-203e-4eaa-86d9-3a0844c4a260-groupManagement] INFO  server.RaftServerConfigKeys (ConfUtils.java:logGet(46)) - raft.server.rpc.timeout.min = 5s (custom)
2023-05-09 21:31:28,110 [e8fa68c0-203e-4eaa-86d9-3a0844c4a260-groupManagement] INFO  server.RaftServerConfigKeys (ConfUtils.java:logGet(46)) - raft.server.rpc.timeout.max = 5200ms (custom)
2023-05-09 21:31:28,110 [e8fa68c0-203e-4eaa-86d9-3a0844c4a260-groupManagement] INFO  server.RaftServerConfigKeys (ConfUtils.java:logGet(46)) - raft.server.rpc.sleep.time = 25ms (default)
2023-05-09 21:31:28,110 [e8fa68c0-203e-4eaa-86d9-3a0844c4a260-groupManagement] INFO  server.RaftServerConfigKeys (ConfUtils.java:logGet(46)) - raft.server.rpc.slowness.timeout = 300s (custom)
2023-05-09 21:31:28,110 [e8fa68c0-203e-4eaa-86d9-3a0844c4a260-groupManagement] INFO  server.RaftServerConfigKeys (ConfUtils.java:logGet(46)) - raft.server.leaderelection.leader.step-down.wait-time = 10s (default)
2023-05-09 21:31:28,110 [e8fa68c0-203e-4eaa-86d9-3a0844c4a260-groupManagement] INFO  server.RaftServerConfigKeys (ConfUtils.java:logGet(46)) - raft.server.sleep.deviation.threshold = 300ms (default)
2023-05-09 21:31:28,110 [e8fa68c0-203e-4eaa-86d9-3a0844c4a260-groupManagement] INFO  server.RaftServer$Division (ServerState.java:<init>(120)) - e8fa68c0-203e-4eaa-86d9-3a0844c4a260@group-0C517E8810D7: ConfigurationManager, init=-1: peers:[e8fa68c0-203e-4eaa-86d9-3a0844c4a260|rpc:10.1.0.10:39103|dataStream:10.1.0.10:35003|priority:0|startupRole:FOLLOWER, eed6c27f-a5c3-4b8c-be7b-d7ec899a1df9|rpc:10.1.0.10:40555|dataStream:10.1.0.10:34121|priority:1|startupRole:FOLLOWER, 54e5972d-e1e1-478c-8095-3c6b64428aec|rpc:10.1.0.10:41587|dataStream:10.1.0.10:46409|priority:0|startupRole:FOLLOWER]|listeners:[], old=null, confs=<EMPTY_MAP>
2023-05-09 21:31:28,110 [e8fa68c0-203e-4eaa-86d9-3a0844c4a260-groupManagement] INFO  server.RaftServerConfigKeys (ConfUtils.java:logGet(46)) - raft.server.storage.dir = [/home/runner/work/ozone/ozone/hadoop-ozone/integration-test/target/test-dir/MiniOzoneClusterImpl-3cbee31e-3440-4d49-b20a-1005a6e66246/datanode-1/data/ratis] (custom)
2023-05-09 21:31:28,110 [e8fa68c0-203e-4eaa-86d9-3a0844c4a260-groupManagement] INFO  server.RaftServerConfigKeys (ConfUtils.java:logGet(46)) - raft.server.log.corruption.policy = EXCEPTION (default)
2023-05-09 21:31:28,110 [e8fa68c0-203e-4eaa-86d9-3a0844c4a260-groupManagement] INFO  server.RaftServerConfigKeys (ConfUtils.java:logGet(46)) - raft.server.storage.free-space.min = 0MB (=0) (default)
2023-05-09 21:31:28,111 [e8fa68c0-203e-4eaa-86d9-3a0844c4a260-groupManagement] INFO  server.RaftServerConfigKeys (ConfUtils.java:logGet(46)) - raft.server.notification.no-leader.timeout = 300s (custom)
2023-05-09 21:31:28,111 [e8fa68c0-203e-4eaa-86d9-3a0844c4a260-groupManagement] INFO  server.RaftServerConfigKeys (ConfUtils.java:logGet(46)) - raft.server.read.timeout = 10s (default)
2023-05-09 21:31:28,111 [e8fa68c0-203e-4eaa-86d9-3a0844c4a260-groupManagement] INFO  server.RaftServerConfigKeys (ConfUtils.java:logGet(46)) - raft.server.retrycache.expirytime = 600000ms (custom)
2023-05-09 21:31:28,111 [e8fa68c0-203e-4eaa-86d9-3a0844c4a260-groupManagement] INFO  server.RaftServerConfigKeys (ConfUtils.java:logGet(46)) - raft.server.retrycache.statistics.expirytime = 100μs (default)
2023-05-09 21:31:28,111 [e8fa68c0-203e-4eaa-86d9-3a0844c4a260-groupManagement] INFO  server.RaftServerConfigKeys (ConfUtils.java:logGet(46)) - raft.server.read.option = DEFAULT (default)
2023-05-09 21:31:28,112 [e8fa68c0-203e-4eaa-86d9-3a0844c4a260-groupManagement] INFO  server.RaftServerConfigKeys (ConfUtils.java:logGet(46)) - raft.server.rpc.request.timeout = 60s (custom)
2023-05-09 21:31:28,112 [e8fa68c0-203e-4eaa-86d9-3a0844c4a260-groupManagement] INFO  server.RaftServerConfigKeys (ConfUtils.java:logGet(46)) - raft.server.log.appender.install.snapshot.enabled = false (custom)
2023-05-09 21:31:28,112 [e8fa68c0-203e-4eaa-86d9-3a0844c4a260-groupManagement] INFO  server.RaftServerConfigKeys (ConfUtils.java:logGet(46)) - raft.server.threadpool.server.cached = true (default)
2023-05-09 21:31:28,112 [e8fa68c0-203e-4eaa-86d9-3a0844c4a260-groupManagement] INFO  server.RaftServerConfigKeys (ConfUtils.java:logGet(46)) - raft.server.threadpool.server.size = 0 (default)
2023-05-09 21:31:28,112 [e8fa68c0-203e-4eaa-86d9-3a0844c4a260-groupManagement] INFO  server.RaftServerConfigKeys (ConfUtils.java:logGet(46)) - raft.server.threadpool.client.cached = true (default)
2023-05-09 21:31:28,112 [e8fa68c0-203e-4eaa-86d9-3a0844c4a260-groupManagement] INFO  server.RaftServerConfigKeys (ConfUtils.java:logGet(46)) - raft.server.threadpool.client.size = 0 (default)
2023-05-09 21:31:28,112 [e8fa68c0-203e-4eaa-86d9-3a0844c4a260-groupManagement] INFO  storage.RaftStorageDirectory (RaftStorageDirectoryImpl.java:analyzeStorage(137)) - The storage directory /home/runner/work/ozone/ozone/hadoop-ozone/integration-test/target/test-dir/MiniOzoneClusterImpl-3cbee31e-3440-4d49-b20a-1005a6e66246/datanode-1/data/ratis/28219639-ae17-435b-b361-0c517e8810d7 does not exist. Creating ...
2023-05-09 21:31:28,116 [e8fa68c0-203e-4eaa-86d9-3a0844c4a260-groupManagement] INFO  storage.RaftStorageDirectory (RaftStorageDirectoryImpl.java:tryLock(231)) - Lock on /home/runner/work/ozone/ozone/hadoop-ozone/integration-test/target/test-dir/MiniOzoneClusterImpl-3cbee31e-3440-4d49-b20a-1005a6e66246/datanode-1/data/ratis/28219639-ae17-435b-b361-0c517e8810d7/in_use.lock acquired by nodename 52473@fv-az72-49
2023-05-09 21:31:28,117 [e8fa68c0-203e-4eaa-86d9-3a0844c4a260-groupManagement] INFO  storage.RaftStorage (RaftStorageImpl.java:format(96)) - Storage directory /home/runner/work/ozone/ozone/hadoop-ozone/integration-test/target/test-dir/MiniOzoneClusterImpl-3cbee31e-3440-4d49-b20a-1005a6e66246/datanode-1/data/ratis/28219639-ae17-435b-b361-0c517e8810d7 has been successfully formatted.
2023-05-09 21:31:28,120 [e8fa68c0-203e-4eaa-86d9-3a0844c4a260-groupManagement] INFO  ratis.ContainerStateMachine (ContainerStateMachine.java:loadSnapshot(262)) - group-0C517E8810D7: The snapshot info is null. Setting the last applied indexto:(t:0, i:~)
2023-05-09 21:31:28,121 [e8fa68c0-203e-4eaa-86d9-3a0844c4a260-groupManagement] INFO  server.RaftServerConfigKeys (ConfUtils.java:logGet(46)) - raft.server.log.use.memory = false (default)
2023-05-09 21:31:28,121 [e8fa68c0-203e-4eaa-86d9-3a0844c4a260-groupManagement] INFO  server.RaftServerConfigKeys (ConfUtils.java:logGet(46)) - raft.server.log.purge.gap = 1000000 (custom)
2023-05-09 21:31:28,121 [e8fa68c0-203e-4eaa-86d9-3a0844c4a260-groupManagement] INFO  server.RaftServerConfigKeys (ConfUtils.java:logGet(46)) - raft.server.log.appender.buffer.byte-limit = 33554432 (custom)
2023-05-09 21:31:28,121 [e8fa68c0-203e-4eaa-86d9-3a0844c4a260-groupManagement] INFO  server.RaftServerConfigKeys (ConfUtils.java:logGet(46)) - raft.server.log.statemachine.data.read.timeout = 1000ms (default)
2023-05-09 21:31:28,121 [e8fa68c0-203e-4eaa-86d9-3a0844c4a260-groupManagement] INFO  server.RaftServerConfigKeys (ConfUtils.java:logGet(46)) - raft.server.log.purge.preservation.log.num = 0 (default)
2023-05-09 21:31:28,121 [e8fa68c0-203e-4eaa-86d9-3a0844c4a260-groupManagement] INFO  server.RaftServerConfigKeys (ConfUtils.java:logGet(46)) - raft.server.log.segment.size.max = 1048576 (custom)
2023-05-09 21:31:28,123 [e8fa68c0-203e-4eaa-86d9-3a0844c4a260-groupManagement] INFO  server.RaftServerConfigKeys (ConfUtils.java:logGet(46)) - raft.server.log.segment.cache.num.max = 2 (custom)
2023-05-09 21:31:28,123 [e8fa68c0-203e-4eaa-86d9-3a0844c4a260-groupManagement] INFO  server.RaftServerConfigKeys (ConfUtils.java:logGet(46)) - raft.server.log.segment.cache.size.max = 200MB (=209715200) (default)
2023-05-09 21:31:28,123 [e8fa68c0-203e-4eaa-86d9-3a0844c4a260-groupManagement] INFO  server.RaftServerConfigKeys (ConfUtils.java:logGet(46)) - raft.server.log.appender.buffer.byte-limit = 33554432 (custom)
2023-05-09 21:31:28,123 [e8fa68c0-203e-4eaa-86d9-3a0844c4a260-groupManagement] INFO  segmented.SegmentedRaftLogWorker (SegmentedRaftLogWorker.java:<init>(188)) - new e8fa68c0-203e-4eaa-86d9-3a0844c4a260@group-0C517E8810D7-SegmentedRaftLogWorker for RaftStorageImpl:Storage Directory /home/runner/work/ozone/ozone/hadoop-ozone/integration-test/target/test-dir/MiniOzoneClusterImpl-3cbee31e-3440-4d49-b20a-1005a6e66246/datanode-1/data/ratis/28219639-ae17-435b-b361-0c517e8810d7
2023-05-09 21:31:28,124 [e8fa68c0-203e-4eaa-86d9-3a0844c4a260-groupManagement] INFO  server.RaftServerConfigKeys (ConfUtils.java:logGet(46)) - raft.server.log.queue.byte-limit = 4294967296 (custom)
2023-05-09 21:31:28,124 [e8fa68c0-203e-4eaa-86d9-3a0844c4a260-groupManagement] INFO  server.RaftServerConfigKeys (ConfUtils.java:logGet(46)) - raft.server.log.queue.element-limit = 1024 (custom)
2023-05-09 21:31:28,124 [e8fa68c0-203e-4eaa-86d9-3a0844c4a260-groupManagement] INFO  server.RaftServerConfigKeys (ConfUtils.java:logGet(46)) - raft.server.log.segment.size.max = 1048576 (custom)
2023-05-09 21:31:28,124 [e8fa68c0-203e-4eaa-86d9-3a0844c4a260-groupManagement] INFO  server.RaftServerConfigKeys (ConfUtils.java:logGet(46)) - raft.server.log.preallocated.size = 16384 (custom)
2023-05-09 21:31:28,124 [e8fa68c0-203e-4eaa-86d9-3a0844c4a260-groupManagement] INFO  server.RaftServerConfigKeys (ConfUtils.java:logGet(46)) - raft.server.log.force.sync.num = 128 (default)
2023-05-09 21:31:28,124 [e8fa68c0-203e-4eaa-86d9-3a0844c4a260-groupManagement] INFO  server.RaftServerConfigKeys (ConfUtils.java:logGet(46)) - raft.server.log.statemachine.data.sync = true (default)
2023-05-09 21:31:28,124 [e8fa68c0-203e-4eaa-86d9-3a0844c4a260-groupManagement] INFO  server.RaftServerConfigKeys (ConfUtils.java:logGet(46)) - raft.server.log.statemachine.data.sync.timeout = 10s (default)
2023-05-09 21:31:28,124 [e8fa68c0-203e-4eaa-86d9-3a0844c4a260-groupManagement] INFO  server.RaftServerConfigKeys (ConfUtils.java:logGet(46)) - raft.server.log.statemachine.data.sync.timeout.retry = -1 (default)
2023-05-09 21:31:28,129 [EventQueue-OpenPipelineForHealthyPipelineSafeModeRule] INFO  safemode.SCMSafeModeManager (HealthyPipelineSafeModeRule.java:process(137)) - SCM in safe mode. Healthy pipelines reported count is 0, required healthy pipeline reported count is 1
2023-05-09 21:31:28,139 [e8fa68c0-203e-4eaa-86d9-3a0844c4a260-groupManagement] INFO  server.RaftServerConfigKeys (ConfUtils.java:logGet(46)) - raft.server.log.write.buffer.size = 1048576 (custom)
2023-05-09 21:31:28,140 [e8fa68c0-203e-4eaa-86d9-3a0844c4a260-groupManagement] INFO  server.RaftServerConfigKeys (ConfUtils.java:logGet(46)) - raft.server.log.appender.buffer.byte-limit = 33554432 (custom)
2023-05-09 21:31:28,156 [e8fa68c0-203e-4eaa-86d9-3a0844c4a260-groupManagement] INFO  server.RaftServerConfigKeys (ConfUtils.java:logGet(46)) - raft.server.log.unsafe-flush.enabled = false (default)
2023-05-09 21:31:28,157 [e8fa68c0-203e-4eaa-86d9-3a0844c4a260-groupManagement] INFO  server.RaftServerConfigKeys (ConfUtils.java:logGet(46)) - raft.server.log.async-flush.enabled = false (default)
2023-05-09 21:31:28,157 [e8fa68c0-203e-4eaa-86d9-3a0844c4a260-groupManagement] INFO  server.RaftServerConfigKeys (ConfUtils.java:logGet(46)) - raft.server.log.statemachine.data.caching.enabled = true (custom)
2023-05-09 21:31:28,157 [e8fa68c0-203e-4eaa-86d9-3a0844c4a260-groupManagement] INFO  segmented.SegmentedRaftLogWorker (SegmentedRaftLogWorker.java:lambda$new$0(135)) - e8fa68c0-203e-4eaa-86d9-3a0844c4a260@group-0C517E8810D7-SegmentedRaftLogWorker: flushIndex: setUnconditionally 0 -> -1
2023-05-09 21:31:28,157 [e8fa68c0-203e-4eaa-86d9-3a0844c4a260-groupManagement] INFO  segmented.SegmentedRaftLogWorker (SegmentedRaftLogWorker.java:lambda$new$0(135)) - e8fa68c0-203e-4eaa-86d9-3a0844c4a260@group-0C517E8810D7-SegmentedRaftLogWorker: safeCacheEvictIndex: setUnconditionally 0 -> -1
2023-05-09 21:31:28,159 [e8fa68c0-203e-4eaa-86d9-3a0844c4a260-groupManagement] INFO  server.RaftServer$Division (RaftServerImpl.java:start(342)) - e8fa68c0-203e-4eaa-86d9-3a0844c4a260@group-0C517E8810D7: start as a follower, conf=-1: peers:[e8fa68c0-203e-4eaa-86d9-3a0844c4a260|rpc:10.1.0.10:39103|dataStream:10.1.0.10:35003|priority:0|startupRole:FOLLOWER, eed6c27f-a5c3-4b8c-be7b-d7ec899a1df9|rpc:10.1.0.10:40555|dataStream:10.1.0.10:34121|priority:1|startupRole:FOLLOWER, 54e5972d-e1e1-478c-8095-3c6b64428aec|rpc:10.1.0.10:41587|dataStream:10.1.0.10:46409|priority:0|startupRole:FOLLOWER]|listeners:[], old=null
2023-05-09 21:31:28,159 [e8fa68c0-203e-4eaa-86d9-3a0844c4a260-groupManagement] INFO  server.RaftServer$Division (RaftServerImpl.java:setRole(329)) - e8fa68c0-203e-4eaa-86d9-3a0844c4a260@group-0C517E8810D7: changes role from      null to FOLLOWER at term 0 for startAsFollower
2023-05-09 21:31:28,159 [e8fa68c0-203e-4eaa-86d9-3a0844c4a260-groupManagement] INFO  impl.RoleInfo (RoleInfo.java:updateAndGet(139)) - e8fa68c0-203e-4eaa-86d9-3a0844c4a260: start e8fa68c0-203e-4eaa-86d9-3a0844c4a260@group-0C517E8810D7-FollowerState
2023-05-09 21:31:28,160 [e8fa68c0-203e-4eaa-86d9-3a0844c4a260-groupManagement] INFO  util.JmxRegister (JmxRegister.java:tryRegister(44)) - Successfully registered JMX Bean with object name Ratis:service=RaftServer,group=group-0C517E8810D7,id=e8fa68c0-203e-4eaa-86d9-3a0844c4a260
2023-05-09 21:31:28,160 [e8fa68c0-203e-4eaa-86d9-3a0844c4a260-groupManagement] INFO  server.RaftServerConfigKeys (ConfUtils.java:logGet(46)) - raft.server.snapshot.auto.trigger.enabled = true (custom)
2023-05-09 21:31:28,160 [e8fa68c0-203e-4eaa-86d9-3a0844c4a260-groupManagement] INFO  server.RaftServerConfigKeys (ConfUtils.java:logGet(46)) - raft.server.snapshot.auto.trigger.threshold = 10000 (custom)
2023-05-09 21:31:28,160 [e8fa68c0-203e-4eaa-86d9-3a0844c4a260-groupManagement] INFO  server.RaftServerConfigKeys (ConfUtils.java:logGet(46)) - raft.server.snapshot.retention.file.num = 5 (custom)
2023-05-09 21:31:28,160 [e8fa68c0-203e-4eaa-86d9-3a0844c4a260-groupManagement] INFO  server.RaftServerConfigKeys (ConfUtils.java:logGet(46)) - raft.server.log.purge.upto.snapshot.index = false (default)
2023-05-09 21:31:28,161 [e8fa68c0-203e-4eaa-86d9-3a0844c4a260@group-0C517E8810D7-FollowerState] INFO  server.RaftServerConfigKeys (ConfUtils.java:logFallback(53)) - raft.server.rpc.first-election.timeout.min = 5s (fallback to raft.server.rpc.timeout.min)
2023-05-09 21:31:28,161 [Command processor thread] INFO  ratis.XceiverServerRatis (XceiverServerRatis.java:addGroup(806)) - Created group PipelineID=28219639-ae17-435b-b361-0c517e8810d7
2023-05-09 21:31:28,167 [e8fa68c0-203e-4eaa-86d9-3a0844c4a260@group-0C517E8810D7-FollowerState] INFO  server.RaftServerConfigKeys (ConfUtils.java:logFallback(53)) - raft.server.rpc.first-election.timeout.max = 5200ms (fallback to raft.server.rpc.timeout.max)
2023-05-09 21:31:28,173 [grpc-default-executor-0] INFO  server.RaftServer (RaftServerProxy.java:addNew(98)) - eed6c27f-a5c3-4b8c-be7b-d7ec899a1df9: addNew group-0C517E8810D7:[e8fa68c0-203e-4eaa-86d9-3a0844c4a260|rpc:10.1.0.10:39103|dataStream:10.1.0.10:35003|priority:0|startupRole:FOLLOWER, eed6c27f-a5c3-4b8c-be7b-d7ec899a1df9|rpc:10.1.0.10:40555|dataStream:10.1.0.10:34121|priority:1|startupRole:FOLLOWER, 54e5972d-e1e1-478c-8095-3c6b64428aec|rpc:10.1.0.10:41587|dataStream:10.1.0.10:46409|priority:0|startupRole:FOLLOWER] returns group-0C517E8810D7:java.util.concurrent.CompletableFuture@5f1dc750[Not completed]
2023-05-09 21:31:28,175 [eed6c27f-a5c3-4b8c-be7b-d7ec899a1df9-groupManagement] INFO  server.RaftServer$Division (RaftServerImpl.java:<init>(198)) - eed6c27f-a5c3-4b8c-be7b-d7ec899a1df9: new RaftServerImpl for group-0C517E8810D7:[e8fa68c0-203e-4eaa-86d9-3a0844c4a260|rpc:10.1.0.10:39103|dataStream:10.1.0.10:35003|priority:0|startupRole:FOLLOWER, eed6c27f-a5c3-4b8c-be7b-d7ec899a1df9|rpc:10.1.0.10:40555|dataStream:10.1.0.10:34121|priority:1|startupRole:FOLLOWER, 54e5972d-e1e1-478c-8095-3c6b64428aec|rpc:10.1.0.10:41587|dataStream:10.1.0.10:46409|priority:0|startupRole:FOLLOWER] with ContainerStateMachine:uninitialized
2023-05-09 21:31:28,175 [eed6c27f-a5c3-4b8c-be7b-d7ec899a1df9-groupManagement] INFO  server.RaftServerConfigKeys (ConfUtils.java:logGet(46)) - raft.server.rpc.timeout.min = 5s (custom)
2023-05-09 21:31:28,176 [eed6c27f-a5c3-4b8c-be7b-d7ec899a1df9-groupManagement] INFO  server.RaftServerConfigKeys (ConfUtils.java:logGet(46)) - raft.server.rpc.timeout.max = 5200ms (custom)
2023-05-09 21:31:28,176 [eed6c27f-a5c3-4b8c-be7b-d7ec899a1df9-groupManagement] INFO  server.RaftServerConfigKeys (ConfUtils.java:logGet(46)) - raft.server.rpc.sleep.time = 25ms (default)
2023-05-09 21:31:28,176 [eed6c27f-a5c3-4b8c-be7b-d7ec899a1df9-groupManagement] INFO  server.RaftServerConfigKeys (ConfUtils.java:logGet(46)) - raft.server.rpc.slowness.timeout = 300s (custom)
2023-05-09 21:31:28,176 [eed6c27f-a5c3-4b8c-be7b-d7ec899a1df9-groupManagement] INFO  server.RaftServerConfigKeys (ConfUtils.java:logGet(46)) - raft.server.leaderelection.leader.step-down.wait-time = 10s (default)
2023-05-09 21:31:28,176 [eed6c27f-a5c3-4b8c-be7b-d7ec899a1df9-groupManagement] INFO  server.RaftServerConfigKeys (ConfUtils.java:logGet(46)) - raft.server.sleep.deviation.threshold = 300ms (default)
2023-05-09 21:31:28,176 [eed6c27f-a5c3-4b8c-be7b-d7ec899a1df9-groupManagement] INFO  server.RaftServer$Division (ServerState.java:<init>(120)) - eed6c27f-a5c3-4b8c-be7b-d7ec899a1df9@group-0C517E8810D7: ConfigurationManager, init=-1: peers:[e8fa68c0-203e-4eaa-86d9-3a0844c4a260|rpc:10.1.0.10:39103|dataStream:10.1.0.10:35003|priority:0|startupRole:FOLLOWER, eed6c27f-a5c3-4b8c-be7b-d7ec899a1df9|rpc:10.1.0.10:40555|dataStream:10.1.0.10:34121|priority:1|startupRole:FOLLOWER, 54e5972d-e1e1-478c-8095-3c6b64428aec|rpc:10.1.0.10:41587|dataStream:10.1.0.10:46409|priority:0|startupRole:FOLLOWER]|listeners:[], old=null, confs=<EMPTY_MAP>
2023-05-09 21:31:28,176 [eed6c27f-a5c3-4b8c-be7b-d7ec899a1df9-groupManagement] INFO  server.RaftServerConfigKeys (ConfUtils.java:logGet(46)) - raft.server.storage.dir = [/home/runner/work/ozone/ozone/hadoop-ozone/integration-test/target/test-dir/MiniOzoneClusterImpl-3cbee31e-3440-4d49-b20a-1005a6e66246/datanode-2/data/ratis] (custom)
2023-05-09 21:31:28,176 [eed6c27f-a5c3-4b8c-be7b-d7ec899a1df9-groupManagement] INFO  server.RaftServerConfigKeys (ConfUtils.java:logGet(46)) - raft.server.log.corruption.policy = EXCEPTION (default)
2023-05-09 21:31:28,176 [eed6c27f-a5c3-4b8c-be7b-d7ec899a1df9-groupManagement] INFO  server.RaftServerConfigKeys (ConfUtils.java:logGet(46)) - raft.server.storage.free-space.min = 0MB (=0) (default)
2023-05-09 21:31:28,176 [eed6c27f-a5c3-4b8c-be7b-d7ec899a1df9-groupManagement] INFO  server.RaftServerConfigKeys (ConfUtils.java:logGet(46)) - raft.server.notification.no-leader.timeout = 300s (custom)
2023-05-09 21:31:28,176 [eed6c27f-a5c3-4b8c-be7b-d7ec899a1df9-groupManagement] INFO  server.RaftServerConfigKeys (ConfUtils.java:logGet(46)) - raft.server.read.timeout = 10s (default)
2023-05-09 21:31:28,176 [eed6c27f-a5c3-4b8c-be7b-d7ec899a1df9-groupManagement] INFO  server.RaftServerConfigKeys (ConfUtils.java:logGet(46)) - raft.server.retrycache.expirytime = 600000ms (custom)
2023-05-09 21:31:28,176 [eed6c27f-a5c3-4b8c-be7b-d7ec899a1df9-groupManagement] INFO  server.RaftServerConfigKeys (ConfUtils.java:logGet(46)) - raft.server.retrycache.statistics.expirytime = 100μs (default)
2023-05-09 21:31:28,176 [eed6c27f-a5c3-4b8c-be7b-d7ec899a1df9-groupManagement] INFO  server.RaftServerConfigKeys (ConfUtils.java:logGet(46)) - raft.server.read.option = DEFAULT (default)
2023-05-09 21:31:28,184 [eed6c27f-a5c3-4b8c-be7b-d7ec899a1df9-groupManagement] INFO  server.RaftServerConfigKeys (ConfUtils.java:logGet(46)) - raft.server.rpc.request.timeout = 60s (custom)
2023-05-09 21:31:28,184 [eed6c27f-a5c3-4b8c-be7b-d7ec899a1df9-groupManagement] INFO  server.RaftServerConfigKeys (ConfUtils.java:logGet(46)) - raft.server.log.appender.install.snapshot.enabled = false (custom)
2023-05-09 21:31:28,184 [eed6c27f-a5c3-4b8c-be7b-d7ec899a1df9-groupManagement] INFO  server.RaftServerConfigKeys (ConfUtils.java:logGet(46)) - raft.server.threadpool.server.cached = true (default)
2023-05-09 21:31:28,184 [eed6c27f-a5c3-4b8c-be7b-d7ec899a1df9-groupManagement] INFO  server.RaftServerConfigKeys (ConfUtils.java:logGet(46)) - raft.server.threadpool.server.size = 0 (default)
2023-05-09 21:31:28,184 [eed6c27f-a5c3-4b8c-be7b-d7ec899a1df9-groupManagement] INFO  server.RaftServerConfigKeys (ConfUtils.java:logGet(46)) - raft.server.threadpool.client.cached = true (default)
2023-05-09 21:31:28,184 [eed6c27f-a5c3-4b8c-be7b-d7ec899a1df9-groupManagement] INFO  server.RaftServerConfigKeys (ConfUtils.java:logGet(46)) - raft.server.threadpool.client.size = 0 (default)
2023-05-09 21:31:28,184 [eed6c27f-a5c3-4b8c-be7b-d7ec899a1df9-groupManagement] INFO  storage.RaftStorageDirectory (RaftStorageDirectoryImpl.java:analyzeStorage(137)) - The storage directory /home/runner/work/ozone/ozone/hadoop-ozone/integration-test/target/test-dir/MiniOzoneClusterImpl-3cbee31e-3440-4d49-b20a-1005a6e66246/datanode-2/data/ratis/28219639-ae17-435b-b361-0c517e8810d7 does not exist. Creating ...
2023-05-09 21:31:28,187 [eed6c27f-a5c3-4b8c-be7b-d7ec899a1df9-groupManagement] INFO  storage.RaftStorageDirectory (RaftStorageDirectoryImpl.java:tryLock(231)) - Lock on /home/runner/work/ozone/ozone/hadoop-ozone/integration-test/target/test-dir/MiniOzoneClusterImpl-3cbee31e-3440-4d49-b20a-1005a6e66246/datanode-2/data/ratis/28219639-ae17-435b-b361-0c517e8810d7/in_use.lock acquired by nodename 52473@fv-az72-49
2023-05-09 21:31:28,189 [eed6c27f-a5c3-4b8c-be7b-d7ec899a1df9-groupManagement] INFO  storage.RaftStorage (RaftStorageImpl.java:format(96)) - Storage directory /home/runner/work/ozone/ozone/hadoop-ozone/integration-test/target/test-dir/MiniOzoneClusterImpl-3cbee31e-3440-4d49-b20a-1005a6e66246/datanode-2/data/ratis/28219639-ae17-435b-b361-0c517e8810d7 has been successfully formatted.
2023-05-09 21:31:28,192 [eed6c27f-a5c3-4b8c-be7b-d7ec899a1df9-groupManagement] INFO  ratis.ContainerStateMachine (ContainerStateMachine.java:loadSnapshot(262)) - group-0C517E8810D7: The snapshot info is null. Setting the last applied indexto:(t:0, i:~)
2023-05-09 21:31:28,192 [eed6c27f-a5c3-4b8c-be7b-d7ec899a1df9-groupManagement] INFO  server.RaftServerConfigKeys (ConfUtils.java:logGet(46)) - raft.server.log.use.memory = false (default)
2023-05-09 21:31:28,193 [eed6c27f-a5c3-4b8c-be7b-d7ec899a1df9-groupManagement] INFO  server.RaftServerConfigKeys (ConfUtils.java:logGet(46)) - raft.server.log.purge.gap = 1000000 (custom)
2023-05-09 21:31:28,193 [eed6c27f-a5c3-4b8c-be7b-d7ec899a1df9-groupManagement] INFO  server.RaftServerConfigKeys (ConfUtils.java:logGet(46)) - raft.server.log.appender.buffer.byte-limit = 33554432 (custom)
2023-05-09 21:31:28,193 [eed6c27f-a5c3-4b8c-be7b-d7ec899a1df9-groupManagement] INFO  server.RaftServerConfigKeys (ConfUtils.java:logGet(46)) - raft.server.log.statemachine.data.read.timeout = 1000ms (default)
2023-05-09 21:31:28,193 [eed6c27f-a5c3-4b8c-be7b-d7ec899a1df9-groupManagement] INFO  server.RaftServerConfigKeys (ConfUtils.java:logGet(46)) - raft.server.log.purge.preservation.log.num = 0 (default)
2023-05-09 21:31:28,193 [eed6c27f-a5c3-4b8c-be7b-d7ec899a1df9-groupManagement] INFO  server.RaftServerConfigKeys (ConfUtils.java:logGet(46)) - raft.server.log.segment.size.max = 1048576 (custom)
2023-05-09 21:31:28,194 [eed6c27f-a5c3-4b8c-be7b-d7ec899a1df9-groupManagement] INFO  server.RaftServerConfigKeys (ConfUtils.java:logGet(46)) - raft.server.log.segment.cache.num.max = 2 (custom)
2023-05-09 21:31:28,194 [eed6c27f-a5c3-4b8c-be7b-d7ec899a1df9-groupManagement] INFO  server.RaftServerConfigKeys (ConfUtils.java:logGet(46)) - raft.server.log.segment.cache.size.max = 200MB (=209715200) (default)
2023-05-09 21:31:28,196 [eed6c27f-a5c3-4b8c-be7b-d7ec899a1df9-groupManagement] INFO  server.RaftServerConfigKeys (ConfUtils.java:logGet(46)) - raft.server.log.appender.buffer.byte-limit = 33554432 (custom)
2023-05-09 21:31:28,196 [eed6c27f-a5c3-4b8c-be7b-d7ec899a1df9-groupManagement] INFO  segmented.SegmentedRaftLogWorker (SegmentedRaftLogWorker.java:<init>(188)) - new eed6c27f-a5c3-4b8c-be7b-d7ec899a1df9@group-0C517E8810D7-SegmentedRaftLogWorker for RaftStorageImpl:Storage Directory /home/runner/work/ozone/ozone/hadoop-ozone/integration-test/target/test-dir/MiniOzoneClusterImpl-3cbee31e-3440-4d49-b20a-1005a6e66246/datanode-2/data/ratis/28219639-ae17-435b-b361-0c517e8810d7
2023-05-09 21:31:28,196 [eed6c27f-a5c3-4b8c-be7b-d7ec899a1df9-groupManagement] INFO  server.RaftServerConfigKeys (ConfUtils.java:logGet(46)) - raft.server.log.queue.byte-limit = 4294967296 (custom)
2023-05-09 21:31:28,196 [eed6c27f-a5c3-4b8c-be7b-d7ec899a1df9-groupManagement] INFO  server.RaftServerConfigKeys (ConfUtils.java:logGet(46)) - raft.server.log.queue.element-limit = 1024 (custom)
2023-05-09 21:31:28,196 [eed6c27f-a5c3-4b8c-be7b-d7ec899a1df9-groupManagement] INFO  server.RaftServerConfigKeys (ConfUtils.java:logGet(46)) - raft.server.log.segment.size.max = 1048576 (custom)
2023-05-09 21:31:28,197 [eed6c27f-a5c3-4b8c-be7b-d7ec899a1df9-groupManagement] INFO  server.RaftServerConfigKeys (ConfUtils.java:logGet(46)) - raft.server.log.preallocated.size = 16384 (custom)
2023-05-09 21:31:28,197 [eed6c27f-a5c3-4b8c-be7b-d7ec899a1df9-groupManagement] INFO  server.RaftServerConfigKeys (ConfUtils.java:logGet(46)) - raft.server.log.force.sync.num = 128 (default)
2023-05-09 21:31:28,197 [eed6c27f-a5c3-4b8c-be7b-d7ec899a1df9-groupManagement] INFO  server.RaftServerConfigKeys (ConfUtils.java:logGet(46)) - raft.server.log.statemachine.data.sync = true (default)
2023-05-09 21:31:28,197 [eed6c27f-a5c3-4b8c-be7b-d7ec899a1df9-groupManagement] INFO  server.RaftServerConfigKeys (ConfUtils.java:logGet(46)) - raft.server.log.statemachine.data.sync.timeout = 10s (default)
2023-05-09 21:31:28,197 [eed6c27f-a5c3-4b8c-be7b-d7ec899a1df9-groupManagement] INFO  server.RaftServerConfigKeys (ConfUtils.java:logGet(46)) - raft.server.log.statemachine.data.sync.timeout.retry = -1 (default)
2023-05-09 21:31:28,199 [eed6c27f-a5c3-4b8c-be7b-d7ec899a1df9-groupManagement] INFO  server.RaftServerConfigKeys (ConfUtils.java:logGet(46)) - raft.server.log.write.buffer.size = 1048576 (custom)
2023-05-09 21:31:28,203 [eed6c27f-a5c3-4b8c-be7b-d7ec899a1df9-groupManagement] INFO  server.RaftServerConfigKeys (ConfUtils.java:logGet(46)) - raft.server.log.appender.buffer.byte-limit = 33554432 (custom)
2023-05-09 21:31:28,208 [eed6c27f-a5c3-4b8c-be7b-d7ec899a1df9-groupManagement] INFO  server.RaftServerConfigKeys (ConfUtils.java:logGet(46)) - raft.server.log.unsafe-flush.enabled = false (default)
2023-05-09 21:31:28,208 [eed6c27f-a5c3-4b8c-be7b-d7ec899a1df9-groupManagement] INFO  server.RaftServerConfigKeys (ConfUtils.java:logGet(46)) - raft.server.log.async-flush.enabled = false (default)
2023-05-09 21:31:28,214 [eed6c27f-a5c3-4b8c-be7b-d7ec899a1df9-groupManagement] INFO  server.RaftServerConfigKeys (ConfUtils.java:logGet(46)) - raft.server.log.statemachine.data.caching.enabled = true (custom)
2023-05-09 21:31:28,215 [eed6c27f-a5c3-4b8c-be7b-d7ec899a1df9-groupManagement] INFO  segmented.SegmentedRaftLogWorker (SegmentedRaftLogWorker.java:lambda$new$0(135)) - eed6c27f-a5c3-4b8c-be7b-d7ec899a1df9@group-0C517E8810D7-SegmentedRaftLogWorker: flushIndex: setUnconditionally 0 -> -1
2023-05-09 21:31:28,215 [eed6c27f-a5c3-4b8c-be7b-d7ec899a1df9-groupManagement] INFO  segmented.SegmentedRaftLogWorker (SegmentedRaftLogWorker.java:lambda$new$0(135)) - eed6c27f-a5c3-4b8c-be7b-d7ec899a1df9@group-0C517E8810D7-SegmentedRaftLogWorker: safeCacheEvictIndex: setUnconditionally 0 -> -1
2023-05-09 21:31:28,215 [eed6c27f-a5c3-4b8c-be7b-d7ec899a1df9-groupManagement] INFO  server.RaftServer$Division (RaftServerImpl.java:start(342)) - eed6c27f-a5c3-4b8c-be7b-d7ec899a1df9@group-0C517E8810D7: start as a follower, conf=-1: peers:[e8fa68c0-203e-4eaa-86d9-3a0844c4a260|rpc:10.1.0.10:39103|dataStream:10.1.0.10:35003|priority:0|startupRole:FOLLOWER, eed6c27f-a5c3-4b8c-be7b-d7ec899a1df9|rpc:10.1.0.10:40555|dataStream:10.1.0.10:34121|priority:1|startupRole:FOLLOWER, 54e5972d-e1e1-478c-8095-3c6b64428aec|rpc:10.1.0.10:41587|dataStream:10.1.0.10:46409|priority:0|startupRole:FOLLOWER]|listeners:[], old=null
2023-05-09 21:31:28,216 [eed6c27f-a5c3-4b8c-be7b-d7ec899a1df9-groupManagement] INFO  server.RaftServer$Division (RaftServerImpl.java:setRole(329)) - eed6c27f-a5c3-4b8c-be7b-d7ec899a1df9@group-0C517E8810D7: changes role from      null to FOLLOWER at term 0 for startAsFollower
2023-05-09 21:31:28,216 [eed6c27f-a5c3-4b8c-be7b-d7ec899a1df9-groupManagement] INFO  impl.RoleInfo (RoleInfo.java:updateAndGet(139)) - eed6c27f-a5c3-4b8c-be7b-d7ec899a1df9: start eed6c27f-a5c3-4b8c-be7b-d7ec899a1df9@group-0C517E8810D7-FollowerState
2023-05-09 21:31:28,216 [eed6c27f-a5c3-4b8c-be7b-d7ec899a1df9-groupManagement] INFO  util.JmxRegister (JmxRegister.java:tryRegister(44)) - Successfully registered JMX Bean with object name Ratis:service=RaftServer,group=group-0C517E8810D7,id=eed6c27f-a5c3-4b8c-be7b-d7ec899a1df9
2023-05-09 21:31:28,216 [eed6c27f-a5c3-4b8c-be7b-d7ec899a1df9@group-0C517E8810D7-FollowerState] INFO  server.RaftServerConfigKeys (ConfUtils.java:logFallback(53)) - raft.server.rpc.first-election.timeout.min = 5s (fallback to raft.server.rpc.timeout.min)
2023-05-09 21:31:28,220 [eed6c27f-a5c3-4b8c-be7b-d7ec899a1df9@group-0C517E8810D7-FollowerState] INFO  server.RaftServerConfigKeys (ConfUtils.java:logFallback(53)) - raft.server.rpc.first-election.timeout.max = 5200ms (fallback to raft.server.rpc.timeout.max)
2023-05-09 21:31:28,219 [eed6c27f-a5c3-4b8c-be7b-d7ec899a1df9-groupManagement] INFO  server.RaftServerConfigKeys (ConfUtils.java:logGet(46)) - raft.server.snapshot.auto.trigger.enabled = true (custom)
2023-05-09 21:31:28,224 [eed6c27f-a5c3-4b8c-be7b-d7ec899a1df9-groupManagement] INFO  server.RaftServerConfigKeys (ConfUtils.java:logGet(46)) - raft.server.snapshot.auto.trigger.threshold = 10000 (custom)
2023-05-09 21:31:28,224 [eed6c27f-a5c3-4b8c-be7b-d7ec899a1df9-groupManagement] INFO  server.RaftServerConfigKeys (ConfUtils.java:logGet(46)) - raft.server.snapshot.retention.file.num = 5 (custom)
2023-05-09 21:31:28,224 [eed6c27f-a5c3-4b8c-be7b-d7ec899a1df9-groupManagement] INFO  server.RaftServerConfigKeys (ConfUtils.java:logGet(46)) - raft.server.log.purge.upto.snapshot.index = false (default)
2023-05-09 21:31:28,344 [Command processor thread] INFO  commandhandler.CreatePipelineCommandHandler (CreatePipelineCommandHandler.java:handle(113)) - Created Pipeline RATIS THREE PipelineID=28219639-ae17-435b-b361-0c517e8810d7.
2023-05-09 21:31:28,344 [Command processor thread] INFO  server.RaftServer (RaftServerProxy.java:addNew(98)) - 54e5972d-e1e1-478c-8095-3c6b64428aec: addNew group-175ED9196343:[e8fa68c0-203e-4eaa-86d9-3a0844c4a260|rpc:10.1.0.10:39103|dataStream:10.1.0.10:35003|priority:0|startupRole:FOLLOWER, eed6c27f-a5c3-4b8c-be7b-d7ec899a1df9|rpc:10.1.0.10:40555|dataStream:10.1.0.10:34121|priority:0|startupRole:FOLLOWER, 54e5972d-e1e1-478c-8095-3c6b64428aec|rpc:10.1.0.10:41587|dataStream:10.1.0.10:46409|priority:1|startupRole:FOLLOWER] returns group-175ED9196343:java.util.concurrent.CompletableFuture@7f0ae2bd[Not completed]
2023-05-09 21:31:28,345 [54e5972d-e1e1-478c-8095-3c6b64428aec-groupManagement] INFO  server.RaftServer$Division (RaftServerImpl.java:<init>(198)) - 54e5972d-e1e1-478c-8095-3c6b64428aec: new RaftServerImpl for group-175ED9196343:[e8fa68c0-203e-4eaa-86d9-3a0844c4a260|rpc:10.1.0.10:39103|dataStream:10.1.0.10:35003|priority:0|startupRole:FOLLOWER, eed6c27f-a5c3-4b8c-be7b-d7ec899a1df9|rpc:10.1.0.10:40555|dataStream:10.1.0.10:34121|priority:0|startupRole:FOLLOWER, 54e5972d-e1e1-478c-8095-3c6b64428aec|rpc:10.1.0.10:41587|dataStream:10.1.0.10:46409|priority:1|startupRole:FOLLOWER] with ContainerStateMachine:uninitialized
2023-05-09 21:31:28,345 [54e5972d-e1e1-478c-8095-3c6b64428aec-groupManagement] INFO  server.RaftServerConfigKeys (ConfUtils.java:logGet(46)) - raft.server.rpc.timeout.min = 5s (custom)
2023-05-09 21:31:28,345 [54e5972d-e1e1-478c-8095-3c6b64428aec-groupManagement] INFO  server.RaftServerConfigKeys (ConfUtils.java:logGet(46)) - raft.server.rpc.timeout.max = 5200ms (custom)
2023-05-09 21:31:28,345 [54e5972d-e1e1-478c-8095-3c6b64428aec-groupManagement] INFO  server.RaftServerConfigKeys (ConfUtils.java:logGet(46)) - raft.server.rpc.sleep.time = 25ms (default)
2023-05-09 21:31:28,345 [54e5972d-e1e1-478c-8095-3c6b64428aec-groupManagement] INFO  server.RaftServerConfigKeys (ConfUtils.java:logGet(46)) - raft.server.rpc.slowness.timeout = 300s (custom)
2023-05-09 21:31:28,345 [54e5972d-e1e1-478c-8095-3c6b64428aec-groupManagement] INFO  server.RaftServerConfigKeys (ConfUtils.java:logGet(46)) - raft.server.leaderelection.leader.step-down.wait-time = 10s (default)
2023-05-09 21:31:28,345 [54e5972d-e1e1-478c-8095-3c6b64428aec-groupManagement] INFO  server.RaftServerConfigKeys (ConfUtils.java:logGet(46)) - raft.server.sleep.deviation.threshold = 300ms (default)
2023-05-09 21:31:28,345 [54e5972d-e1e1-478c-8095-3c6b64428aec-groupManagement] INFO  server.RaftServer$Division (ServerState.java:<init>(120)) - 54e5972d-e1e1-478c-8095-3c6b64428aec@group-175ED9196343: ConfigurationManager, init=-1: peers:[e8fa68c0-203e-4eaa-86d9-3a0844c4a260|rpc:10.1.0.10:39103|dataStream:10.1.0.10:35003|priority:0|startupRole:FOLLOWER, eed6c27f-a5c3-4b8c-be7b-d7ec899a1df9|rpc:10.1.0.10:40555|dataStream:10.1.0.10:34121|priority:0|startupRole:FOLLOWER, 54e5972d-e1e1-478c-8095-3c6b64428aec|rpc:10.1.0.10:41587|dataStream:10.1.0.10:46409|priority:1|startupRole:FOLLOWER]|listeners:[], old=null, confs=<EMPTY_MAP>
2023-05-09 21:31:28,346 [54e5972d-e1e1-478c-8095-3c6b64428aec-groupManagement] INFO  server.RaftServerConfigKeys (ConfUtils.java:logGet(46)) - raft.server.storage.dir = [/home/runner/work/ozone/ozone/hadoop-ozone/integration-test/target/test-dir/MiniOzoneClusterImpl-3cbee31e-3440-4d49-b20a-1005a6e66246/datanode-0/data/ratis] (custom)
2023-05-09 21:31:28,346 [54e5972d-e1e1-478c-8095-3c6b64428aec-groupManagement] INFO  server.RaftServerConfigKeys (ConfUtils.java:logGet(46)) - raft.server.log.corruption.policy = EXCEPTION (default)
2023-05-09 21:31:28,346 [54e5972d-e1e1-478c-8095-3c6b64428aec-groupManagement] INFO  server.RaftServerConfigKeys (ConfUtils.java:logGet(46)) - raft.server.storage.free-space.min = 0MB (=0) (default)
2023-05-09 21:31:28,346 [54e5972d-e1e1-478c-8095-3c6b64428aec-groupManagement] INFO  server.RaftServerConfigKeys (ConfUtils.java:logGet(46)) - raft.server.notification.no-leader.timeout = 300s (custom)
2023-05-09 21:31:28,346 [54e5972d-e1e1-478c-8095-3c6b64428aec-groupManagement] INFO  server.RaftServerConfigKeys (ConfUtils.java:logGet(46)) - raft.server.read.timeout = 10s (default)
2023-05-09 21:31:28,346 [54e5972d-e1e1-478c-8095-3c6b64428aec-groupManagement] INFO  server.RaftServerConfigKeys (ConfUtils.java:logGet(46)) - raft.server.retrycache.expirytime = 600000ms (custom)
2023-05-09 21:31:28,346 [54e5972d-e1e1-478c-8095-3c6b64428aec-groupManagement] INFO  server.RaftServerConfigKeys (ConfUtils.java:logGet(46)) - raft.server.retrycache.statistics.expirytime = 100μs (default)
2023-05-09 21:31:28,347 [54e5972d-e1e1-478c-8095-3c6b64428aec-groupManagement] INFO  server.RaftServerConfigKeys (ConfUtils.java:logGet(46)) - raft.server.read.option = DEFAULT (default)
2023-05-09 21:31:28,347 [54e5972d-e1e1-478c-8095-3c6b64428aec-groupManagement] INFO  server.RaftServerConfigKeys (ConfUtils.java:logGet(46)) - raft.server.rpc.request.timeout = 60s (custom)
2023-05-09 21:31:28,348 [54e5972d-e1e1-478c-8095-3c6b64428aec-groupManagement] INFO  server.RaftServerConfigKeys (ConfUtils.java:logGet(46)) - raft.server.log.appender.install.snapshot.enabled = false (custom)
2023-05-09 21:31:28,348 [54e5972d-e1e1-478c-8095-3c6b64428aec-groupManagement] INFO  server.RaftServerConfigKeys (ConfUtils.java:logGet(46)) - raft.server.threadpool.server.cached = true (default)
2023-05-09 21:31:28,348 [54e5972d-e1e1-478c-8095-3c6b64428aec-groupManagement] INFO  server.RaftServerConfigKeys (ConfUtils.java:logGet(46)) - raft.server.threadpool.server.size = 0 (default)
2023-05-09 21:31:28,348 [54e5972d-e1e1-478c-8095-3c6b64428aec-groupManagement] INFO  server.RaftServerConfigKeys (ConfUtils.java:logGet(46)) - raft.server.threadpool.client.cached = true (default)
2023-05-09 21:31:28,348 [54e5972d-e1e1-478c-8095-3c6b64428aec-groupManagement] INFO  server.RaftServerConfigKeys (ConfUtils.java:logGet(46)) - raft.server.threadpool.client.size = 0 (default)
2023-05-09 21:31:28,348 [54e5972d-e1e1-478c-8095-3c6b64428aec-groupManagement] INFO  storage.RaftStorageDirectory (RaftStorageDirectoryImpl.java:analyzeStorage(137)) - The storage directory /home/runner/work/ozone/ozone/hadoop-ozone/integration-test/target/test-dir/MiniOzoneClusterImpl-3cbee31e-3440-4d49-b20a-1005a6e66246/datanode-0/data/ratis/efa920ad-21ff-469f-8149-175ed9196343 does not exist. Creating ...
2023-05-09 21:31:28,349 [54e5972d-e1e1-478c-8095-3c6b64428aec-groupManagement] INFO  storage.RaftStorageDirectory (RaftStorageDirectoryImpl.java:tryLock(231)) - Lock on /home/runner/work/ozone/ozone/hadoop-ozone/integration-test/target/test-dir/MiniOzoneClusterImpl-3cbee31e-3440-4d49-b20a-1005a6e66246/datanode-0/data/ratis/efa920ad-21ff-469f-8149-175ed9196343/in_use.lock acquired by nodename 52473@fv-az72-49
2023-05-09 21:31:28,350 [54e5972d-e1e1-478c-8095-3c6b64428aec-groupManagement] INFO  storage.RaftStorage (RaftStorageImpl.java:format(96)) - Storage directory /home/runner/work/ozone/ozone/hadoop-ozone/integration-test/target/test-dir/MiniOzoneClusterImpl-3cbee31e-3440-4d49-b20a-1005a6e66246/datanode-0/data/ratis/efa920ad-21ff-469f-8149-175ed9196343 has been successfully formatted.
2023-05-09 21:31:28,353 [EventQueue-OpenPipelineForHealthyPipelineSafeModeRule] INFO  safemode.SCMSafeModeManager (HealthyPipelineSafeModeRule.java:process(137)) - SCM in safe mode. Healthy pipelines reported count is 0, required healthy pipeline reported count is 1
2023-05-09 21:31:28,357 [Command processor thread] INFO  commandhandler.CreatePipelineCommandHandler (CreatePipelineCommandHandler.java:handle(113)) - Created Pipeline RATIS THREE PipelineID=28219639-ae17-435b-b361-0c517e8810d7.
2023-05-09 21:31:28,357 [Command processor thread] INFO  server.RaftServer (RaftServerProxy.java:addNew(98)) - e8fa68c0-203e-4eaa-86d9-3a0844c4a260: addNew group-175ED9196343:[e8fa68c0-203e-4eaa-86d9-3a0844c4a260|rpc:10.1.0.10:39103|dataStream:10.1.0.10:35003|priority:0|startupRole:FOLLOWER, eed6c27f-a5c3-4b8c-be7b-d7ec899a1df9|rpc:10.1.0.10:40555|dataStream:10.1.0.10:34121|priority:0|startupRole:FOLLOWER, 54e5972d-e1e1-478c-8095-3c6b64428aec|rpc:10.1.0.10:41587|dataStream:10.1.0.10:46409|priority:1|startupRole:FOLLOWER] returns group-175ED9196343:java.util.concurrent.CompletableFuture@74c19076[Not completed]
2023-05-09 21:31:28,358 [e8fa68c0-203e-4eaa-86d9-3a0844c4a260-groupManagement] INFO  server.RaftServer$Division (RaftServerImpl.java:<init>(198)) - e8fa68c0-203e-4eaa-86d9-3a0844c4a260: new RaftServerImpl for group-175ED9196343:[e8fa68c0-203e-4eaa-86d9-3a0844c4a260|rpc:10.1.0.10:39103|dataStream:10.1.0.10:35003|priority:0|startupRole:FOLLOWER, eed6c27f-a5c3-4b8c-be7b-d7ec899a1df9|rpc:10.1.0.10:40555|dataStream:10.1.0.10:34121|priority:0|startupRole:FOLLOWER, 54e5972d-e1e1-478c-8095-3c6b64428aec|rpc:10.1.0.10:41587|dataStream:10.1.0.10:46409|priority:1|startupRole:FOLLOWER] with ContainerStateMachine:uninitialized
2023-05-09 21:31:28,358 [e8fa68c0-203e-4eaa-86d9-3a0844c4a260-groupManagement] INFO  server.RaftServerConfigKeys (ConfUtils.java:logGet(46)) - raft.server.rpc.timeout.min = 5s (custom)
2023-05-09 21:31:28,358 [e8fa68c0-203e-4eaa-86d9-3a0844c4a260-groupManagement] INFO  server.RaftServerConfigKeys (ConfUtils.java:logGet(46)) - raft.server.rpc.timeout.max = 5200ms (custom)
2023-05-09 21:31:28,359 [e8fa68c0-203e-4eaa-86d9-3a0844c4a260-groupManagement] INFO  server.RaftServerConfigKeys (ConfUtils.java:logGet(46)) - raft.server.rpc.sleep.time = 25ms (default)
2023-05-09 21:31:28,359 [e8fa68c0-203e-4eaa-86d9-3a0844c4a260-groupManagement] INFO  server.RaftServerConfigKeys (ConfUtils.java:logGet(46)) - raft.server.rpc.slowness.timeout = 300s (custom)
2023-05-09 21:31:28,359 [e8fa68c0-203e-4eaa-86d9-3a0844c4a260-groupManagement] INFO  server.RaftServerConfigKeys (ConfUtils.java:logGet(46)) - raft.server.leaderelection.leader.step-down.wait-time = 10s (default)
2023-05-09 21:31:28,359 [e8fa68c0-203e-4eaa-86d9-3a0844c4a260-groupManagement] INFO  server.RaftServerConfigKeys (ConfUtils.java:logGet(46)) - raft.server.sleep.deviation.threshold = 300ms (default)
2023-05-09 21:31:28,359 [e8fa68c0-203e-4eaa-86d9-3a0844c4a260-groupManagement] INFO  server.RaftServer$Division (ServerState.java:<init>(120)) - e8fa68c0-203e-4eaa-86d9-3a0844c4a260@group-175ED9196343: ConfigurationManager, init=-1: peers:[e8fa68c0-203e-4eaa-86d9-3a0844c4a260|rpc:10.1.0.10:39103|dataStream:10.1.0.10:35003|priority:0|startupRole:FOLLOWER, eed6c27f-a5c3-4b8c-be7b-d7ec899a1df9|rpc:10.1.0.10:40555|dataStream:10.1.0.10:34121|priority:0|startupRole:FOLLOWER, 54e5972d-e1e1-478c-8095-3c6b64428aec|rpc:10.1.0.10:41587|dataStream:10.1.0.10:46409|priority:1|startupRole:FOLLOWER]|listeners:[], old=null, confs=<EMPTY_MAP>
2023-05-09 21:31:28,359 [e8fa68c0-203e-4eaa-86d9-3a0844c4a260-groupManagement] INFO  server.RaftServerConfigKeys (ConfUtils.java:logGet(46)) - raft.server.storage.dir = [/home/runner/work/ozone/ozone/hadoop-ozone/integration-test/target/test-dir/MiniOzoneClusterImpl-3cbee31e-3440-4d49-b20a-1005a6e66246/datanode-1/data/ratis] (custom)
2023-05-09 21:31:28,359 [e8fa68c0-203e-4eaa-86d9-3a0844c4a260-groupManagement] INFO  server.RaftServerConfigKeys (ConfUtils.java:logGet(46)) - raft.server.log.corruption.policy = EXCEPTION (default)
2023-05-09 21:31:28,359 [e8fa68c0-203e-4eaa-86d9-3a0844c4a260-groupManagement] INFO  server.RaftServerConfigKeys (ConfUtils.java:logGet(46)) - raft.server.storage.free-space.min = 0MB (=0) (default)
2023-05-09 21:31:28,359 [e8fa68c0-203e-4eaa-86d9-3a0844c4a260-groupManagement] INFO  server.RaftServerConfigKeys (ConfUtils.java:logGet(46)) - raft.server.notification.no-leader.timeout = 300s (custom)
2023-05-09 21:31:28,359 [e8fa68c0-203e-4eaa-86d9-3a0844c4a260-groupManagement] INFO  server.RaftServerConfigKeys (ConfUtils.java:logGet(46)) - raft.server.read.timeout = 10s (default)
2023-05-09 21:31:28,359 [e8fa68c0-203e-4eaa-86d9-3a0844c4a260-groupManagement] INFO  server.RaftServerConfigKeys (ConfUtils.java:logGet(46)) - raft.server.retrycache.expirytime = 600000ms (custom)
2023-05-09 21:31:28,359 [e8fa68c0-203e-4eaa-86d9-3a0844c4a260-groupManagement] INFO  server.RaftServerConfigKeys (ConfUtils.java:logGet(46)) - raft.server.retrycache.statistics.expirytime = 100μs (default)
2023-05-09 21:31:28,359 [e8fa68c0-203e-4eaa-86d9-3a0844c4a260-groupManagement] INFO  server.RaftServerConfigKeys (ConfUtils.java:logGet(46)) - raft.server.read.option = DEFAULT (default)
2023-05-09 21:31:28,360 [e8fa68c0-203e-4eaa-86d9-3a0844c4a260-groupManagement] INFO  server.RaftServerConfigKeys (ConfUtils.java:logGet(46)) - raft.server.rpc.request.timeout = 60s (custom)
2023-05-09 21:31:28,360 [e8fa68c0-203e-4eaa-86d9-3a0844c4a260-groupManagement] INFO  server.RaftServerConfigKeys (ConfUtils.java:logGet(46)) - raft.server.log.appender.install.snapshot.enabled = false (custom)
2023-05-09 21:31:28,360 [e8fa68c0-203e-4eaa-86d9-3a0844c4a260-groupManagement] INFO  server.RaftServerConfigKeys (ConfUtils.java:logGet(46)) - raft.server.threadpool.server.cached = true (default)
2023-05-09 21:31:28,360 [e8fa68c0-203e-4eaa-86d9-3a0844c4a260-groupManagement] INFO  server.RaftServerConfigKeys (ConfUtils.java:logGet(46)) - raft.server.threadpool.server.size = 0 (default)
2023-05-09 21:31:28,360 [e8fa68c0-203e-4eaa-86d9-3a0844c4a260-groupManagement] INFO  server.RaftServerConfigKeys (ConfUtils.java:logGet(46)) - raft.server.threadpool.client.cached = true (default)
2023-05-09 21:31:28,360 [e8fa68c0-203e-4eaa-86d9-3a0844c4a260-groupManagement] INFO  server.RaftServerConfigKeys (ConfUtils.java:logGet(46)) - raft.server.threadpool.client.size = 0 (default)
2023-05-09 21:31:28,361 [e8fa68c0-203e-4eaa-86d9-3a0844c4a260-groupManagement] INFO  storage.RaftStorageDirectory (RaftStorageDirectoryImpl.java:analyzeStorage(137)) - The storage directory /home/runner/work/ozone/ozone/hadoop-ozone/integration-test/target/test-dir/MiniOzoneClusterImpl-3cbee31e-3440-4d49-b20a-1005a6e66246/datanode-1/data/ratis/efa920ad-21ff-469f-8149-175ed9196343 does not exist. Creating ...
2023-05-09 21:31:28,361 [54e5972d-e1e1-478c-8095-3c6b64428aec-groupManagement] INFO  ratis.ContainerStateMachine (ContainerStateMachine.java:loadSnapshot(262)) - group-175ED9196343: The snapshot info is null. Setting the last applied indexto:(t:0, i:~)
2023-05-09 21:31:28,362 [54e5972d-e1e1-478c-8095-3c6b64428aec-groupManagement] INFO  server.RaftServerConfigKeys (ConfUtils.java:logGet(46)) - raft.server.log.use.memory = false (default)
2023-05-09 21:31:28,362 [54e5972d-e1e1-478c-8095-3c6b64428aec-groupManagement] INFO  server.RaftServerConfigKeys (ConfUtils.java:logGet(46)) - raft.server.log.purge.gap = 1000000 (custom)
2023-05-09 21:31:28,362 [54e5972d-e1e1-478c-8095-3c6b64428aec-groupManagement] INFO  server.RaftServerConfigKeys (ConfUtils.java:logGet(46)) - raft.server.log.appender.buffer.byte-limit = 33554432 (custom)
2023-05-09 21:31:28,362 [54e5972d-e1e1-478c-8095-3c6b64428aec-groupManagement] INFO  server.RaftServerConfigKeys (ConfUtils.java:logGet(46)) - raft.server.log.statemachine.data.read.timeout = 1000ms (default)
2023-05-09 21:31:28,362 [54e5972d-e1e1-478c-8095-3c6b64428aec-groupManagement] INFO  server.RaftServerConfigKeys (ConfUtils.java:logGet(46)) - raft.server.log.purge.preservation.log.num = 0 (default)
2023-05-09 21:31:28,362 [54e5972d-e1e1-478c-8095-3c6b64428aec-groupManagement] INFO  server.RaftServerConfigKeys (ConfUtils.java:logGet(46)) - raft.server.log.segment.size.max = 1048576 (custom)
2023-05-09 21:31:28,363 [54e5972d-e1e1-478c-8095-3c6b64428aec-groupManagement] INFO  server.RaftServerConfigKeys (ConfUtils.java:logGet(46)) - raft.server.log.segment.cache.num.max = 2 (custom)
2023-05-09 21:31:28,363 [54e5972d-e1e1-478c-8095-3c6b64428aec-groupManagement] INFO  server.RaftServerConfigKeys (ConfUtils.java:logGet(46)) - raft.server.log.segment.cache.size.max = 200MB (=209715200) (default)
2023-05-09 21:31:28,363 [54e5972d-e1e1-478c-8095-3c6b64428aec-groupManagement] INFO  server.RaftServerConfigKeys (ConfUtils.java:logGet(46)) - raft.server.log.appender.buffer.byte-limit = 33554432 (custom)
2023-05-09 21:31:28,363 [54e5972d-e1e1-478c-8095-3c6b64428aec-groupManagement] INFO  segmented.SegmentedRaftLogWorker (SegmentedRaftLogWorker.java:<init>(188)) - new 54e5972d-e1e1-478c-8095-3c6b64428aec@group-175ED9196343-SegmentedRaftLogWorker for RaftStorageImpl:Storage Directory /home/runner/work/ozone/ozone/hadoop-ozone/integration-test/target/test-dir/MiniOzoneClusterImpl-3cbee31e-3440-4d49-b20a-1005a6e66246/datanode-0/data/ratis/efa920ad-21ff-469f-8149-175ed9196343
2023-05-09 21:31:28,363 [54e5972d-e1e1-478c-8095-3c6b64428aec-groupManagement] INFO  server.RaftServerConfigKeys (ConfUtils.java:logGet(46)) - raft.server.log.queue.byte-limit = 4294967296 (custom)
2023-05-09 21:31:28,363 [54e5972d-e1e1-478c-8095-3c6b64428aec-groupManagement] INFO  server.RaftServerConfigKeys (ConfUtils.java:logGet(46)) - raft.server.log.queue.element-limit = 1024 (custom)
2023-05-09 21:31:28,363 [54e5972d-e1e1-478c-8095-3c6b64428aec-groupManagement] INFO  server.RaftServerConfigKeys (ConfUtils.java:logGet(46)) - raft.server.log.segment.size.max = 1048576 (custom)
2023-05-09 21:31:28,363 [54e5972d-e1e1-478c-8095-3c6b64428aec-groupManagement] INFO  server.RaftServerConfigKeys (ConfUtils.java:logGet(46)) - raft.server.log.preallocated.size = 16384 (custom)
2023-05-09 21:31:28,363 [54e5972d-e1e1-478c-8095-3c6b64428aec-groupManagement] INFO  server.RaftServerConfigKeys (ConfUtils.java:logGet(46)) - raft.server.log.force.sync.num = 128 (default)
2023-05-09 21:31:28,363 [54e5972d-e1e1-478c-8095-3c6b64428aec-groupManagement] INFO  server.RaftServerConfigKeys (ConfUtils.java:logGet(46)) - raft.server.log.statemachine.data.sync = true (default)
2023-05-09 21:31:28,363 [54e5972d-e1e1-478c-8095-3c6b64428aec-groupManagement] INFO  server.RaftServerConfigKeys (ConfUtils.java:logGet(46)) - raft.server.log.statemachine.data.sync.timeout = 10s (default)
2023-05-09 21:31:28,363 [54e5972d-e1e1-478c-8095-3c6b64428aec-groupManagement] INFO  server.RaftServerConfigKeys (ConfUtils.java:logGet(46)) - raft.server.log.statemachine.data.sync.timeout.retry = -1 (default)
2023-05-09 21:31:28,364 [54e5972d-e1e1-478c-8095-3c6b64428aec-groupManagement] INFO  server.RaftServerConfigKeys (ConfUtils.java:logGet(46)) - raft.server.log.write.buffer.size = 1048576 (custom)
2023-05-09 21:31:28,364 [54e5972d-e1e1-478c-8095-3c6b64428aec-groupManagement] INFO  server.RaftServerConfigKeys (ConfUtils.java:logGet(46)) - raft.server.log.appender.buffer.byte-limit = 33554432 (custom)
2023-05-09 21:31:28,362 [e8fa68c0-203e-4eaa-86d9-3a0844c4a260-groupManagement] INFO  storage.RaftStorageDirectory (RaftStorageDirectoryImpl.java:tryLock(231)) - Lock on /home/runner/work/ozone/ozone/hadoop-ozone/integration-test/target/test-dir/MiniOzoneClusterImpl-3cbee31e-3440-4d49-b20a-1005a6e66246/datanode-1/data/ratis/efa920ad-21ff-469f-8149-175ed9196343/in_use.lock acquired by nodename 52473@fv-az72-49
2023-05-09 21:31:28,366 [e8fa68c0-203e-4eaa-86d9-3a0844c4a260-groupManagement] INFO  storage.RaftStorage (RaftStorageImpl.java:format(96)) - Storage directory /home/runner/work/ozone/ozone/hadoop-ozone/integration-test/target/test-dir/MiniOzoneClusterImpl-3cbee31e-3440-4d49-b20a-1005a6e66246/datanode-1/data/ratis/efa920ad-21ff-469f-8149-175ed9196343 has been successfully formatted.
2023-05-09 21:31:28,366 [e8fa68c0-203e-4eaa-86d9-3a0844c4a260-groupManagement] INFO  ratis.ContainerStateMachine (ContainerStateMachine.java:loadSnapshot(262)) - group-175ED9196343: The snapshot info is null. Setting the last applied indexto:(t:0, i:~)
2023-05-09 21:31:28,366 [e8fa68c0-203e-4eaa-86d9-3a0844c4a260-groupManagement] INFO  server.RaftServerConfigKeys (ConfUtils.java:logGet(46)) - raft.server.log.use.memory = false (default)
2023-05-09 21:31:28,366 [e8fa68c0-203e-4eaa-86d9-3a0844c4a260-groupManagement] INFO  server.RaftServerConfigKeys (ConfUtils.java:logGet(46)) - raft.server.log.purge.gap = 1000000 (custom)
2023-05-09 21:31:28,367 [e8fa68c0-203e-4eaa-86d9-3a0844c4a260-groupManagement] INFO  server.RaftServerConfigKeys (ConfUtils.java:logGet(46)) - raft.server.log.appender.buffer.byte-limit = 33554432 (custom)
2023-05-09 21:31:28,367 [e8fa68c0-203e-4eaa-86d9-3a0844c4a260-groupManagement] INFO  server.RaftServerConfigKeys (ConfUtils.java:logGet(46)) - raft.server.log.statemachine.data.read.timeout = 1000ms (default)
2023-05-09 21:31:28,367 [e8fa68c0-203e-4eaa-86d9-3a0844c4a260-groupManagement] INFO  server.RaftServerConfigKeys (ConfUtils.java:logGet(46)) - raft.server.log.purge.preservation.log.num = 0 (default)
2023-05-09 21:31:28,367 [e8fa68c0-203e-4eaa-86d9-3a0844c4a260-groupManagement] INFO  server.RaftServerConfigKeys (ConfUtils.java:logGet(46)) - raft.server.log.segment.size.max = 1048576 (custom)
2023-05-09 21:31:28,371 [54e5972d-e1e1-478c-8095-3c6b64428aec-groupManagement] INFO  server.RaftServerConfigKeys (ConfUtils.java:logGet(46)) - raft.server.log.unsafe-flush.enabled = false (default)
2023-05-09 21:31:28,371 [54e5972d-e1e1-478c-8095-3c6b64428aec-groupManagement] INFO  server.RaftServerConfigKeys (ConfUtils.java:logGet(46)) - raft.server.log.async-flush.enabled = false (default)
2023-05-09 21:31:28,373 [e8fa68c0-203e-4eaa-86d9-3a0844c4a260-groupManagement] INFO  server.RaftServerConfigKeys (ConfUtils.java:logGet(46)) - raft.server.log.segment.cache.num.max = 2 (custom)
2023-05-09 21:31:28,373 [EventQueue-OpenPipelineForHealthyPipelineSafeModeRule] INFO  safemode.SCMSafeModeManager (HealthyPipelineSafeModeRule.java:process(137)) - SCM in safe mode. Healthy pipelines reported count is 0, required healthy pipeline reported count is 1
2023-05-09 21:31:28,374 [e8fa68c0-203e-4eaa-86d9-3a0844c4a260-groupManagement] INFO  server.RaftServerConfigKeys (ConfUtils.java:logGet(46)) - raft.server.log.segment.cache.size.max = 200MB (=209715200) (default)
2023-05-09 21:31:28,374 [e8fa68c0-203e-4eaa-86d9-3a0844c4a260-groupManagement] INFO  server.RaftServerConfigKeys (ConfUtils.java:logGet(46)) - raft.server.log.appender.buffer.byte-limit = 33554432 (custom)
2023-05-09 21:31:28,374 [e8fa68c0-203e-4eaa-86d9-3a0844c4a260-groupManagement] INFO  segmented.SegmentedRaftLogWorker (SegmentedRaftLogWorker.java:<init>(188)) - new e8fa68c0-203e-4eaa-86d9-3a0844c4a260@group-175ED9196343-SegmentedRaftLogWorker for RaftStorageImpl:Storage Directory /home/runner/work/ozone/ozone/hadoop-ozone/integration-test/target/test-dir/MiniOzoneClusterImpl-3cbee31e-3440-4d49-b20a-1005a6e66246/datanode-1/data/ratis/efa920ad-21ff-469f-8149-175ed9196343
2023-05-09 21:31:28,374 [e8fa68c0-203e-4eaa-86d9-3a0844c4a260-groupManagement] INFO  server.RaftServerConfigKeys (ConfUtils.java:logGet(46)) - raft.server.log.queue.byte-limit = 4294967296 (custom)
2023-05-09 21:31:28,374 [e8fa68c0-203e-4eaa-86d9-3a0844c4a260-groupManagement] INFO  server.RaftServerConfigKeys (ConfUtils.java:logGet(46)) - raft.server.log.queue.element-limit = 1024 (custom)
2023-05-09 21:31:28,374 [e8fa68c0-203e-4eaa-86d9-3a0844c4a260-groupManagement] INFO  server.RaftServerConfigKeys (ConfUtils.java:logGet(46)) - raft.server.log.segment.size.max = 1048576 (custom)
2023-05-09 21:31:28,374 [e8fa68c0-203e-4eaa-86d9-3a0844c4a260-groupManagement] INFO  server.RaftServerConfigKeys (ConfUtils.java:logGet(46)) - raft.server.log.preallocated.size = 16384 (custom)
2023-05-09 21:31:28,374 [e8fa68c0-203e-4eaa-86d9-3a0844c4a260-groupManagement] INFO  server.RaftServerConfigKeys (ConfUtils.java:logGet(46)) - raft.server.log.force.sync.num = 128 (default)
2023-05-09 21:31:28,374 [e8fa68c0-203e-4eaa-86d9-3a0844c4a260-groupManagement] INFO  server.RaftServerConfigKeys (ConfUtils.java:logGet(46)) - raft.server.log.statemachine.data.sync = true (default)
2023-05-09 21:31:28,375 [e8fa68c0-203e-4eaa-86d9-3a0844c4a260-groupManagement] INFO  server.RaftServerConfigKeys (ConfUtils.java:logGet(46)) - raft.server.log.statemachine.data.sync.timeout = 10s (default)
2023-05-09 21:31:28,375 [e8fa68c0-203e-4eaa-86d9-3a0844c4a260-groupManagement] INFO  server.RaftServerConfigKeys (ConfUtils.java:logGet(46)) - raft.server.log.statemachine.data.sync.timeout.retry = -1 (default)
2023-05-09 21:31:28,375 [e8fa68c0-203e-4eaa-86d9-3a0844c4a260-groupManagement] INFO  server.RaftServerConfigKeys (ConfUtils.java:logGet(46)) - raft.server.log.write.buffer.size = 1048576 (custom)
2023-05-09 21:31:28,376 [e8fa68c0-203e-4eaa-86d9-3a0844c4a260-groupManagement] INFO  server.RaftServerConfigKeys (ConfUtils.java:logGet(46)) - raft.server.log.appender.buffer.byte-limit = 33554432 (custom)
2023-05-09 21:31:28,374 [54e5972d-e1e1-478c-8095-3c6b64428aec-groupManagement] INFO  server.RaftServerConfigKeys (ConfUtils.java:logGet(46)) - raft.server.log.statemachine.data.caching.enabled = true (custom)
2023-05-09 21:31:28,381 [54e5972d-e1e1-478c-8095-3c6b64428aec-groupManagement] INFO  segmented.SegmentedRaftLogWorker (SegmentedRaftLogWorker.java:lambda$new$0(135)) - 54e5972d-e1e1-478c-8095-3c6b64428aec@group-175ED9196343-SegmentedRaftLogWorker: flushIndex: setUnconditionally 0 -> -1
2023-05-09 21:31:28,381 [54e5972d-e1e1-478c-8095-3c6b64428aec-groupManagement] INFO  segmented.SegmentedRaftLogWorker (SegmentedRaftLogWorker.java:lambda$new$0(135)) - 54e5972d-e1e1-478c-8095-3c6b64428aec@group-175ED9196343-SegmentedRaftLogWorker: safeCacheEvictIndex: setUnconditionally 0 -> -1
2023-05-09 21:31:28,381 [e8fa68c0-203e-4eaa-86d9-3a0844c4a260-groupManagement] INFO  server.RaftServerConfigKeys (ConfUtils.java:logGet(46)) - raft.server.log.unsafe-flush.enabled = false (default)
2023-05-09 21:31:28,382 [e8fa68c0-203e-4eaa-86d9-3a0844c4a260-groupManagement] INFO  server.RaftServerConfigKeys (ConfUtils.java:logGet(46)) - raft.server.log.async-flush.enabled = false (default)
2023-05-09 21:31:28,382 [e8fa68c0-203e-4eaa-86d9-3a0844c4a260-groupManagement] INFO  server.RaftServerConfigKeys (ConfUtils.java:logGet(46)) - raft.server.log.statemachine.data.caching.enabled = true (custom)
2023-05-09 21:31:28,382 [e8fa68c0-203e-4eaa-86d9-3a0844c4a260-groupManagement] INFO  segmented.SegmentedRaftLogWorker (SegmentedRaftLogWorker.java:lambda$new$0(135)) - e8fa68c0-203e-4eaa-86d9-3a0844c4a260@group-175ED9196343-SegmentedRaftLogWorker: flushIndex: setUnconditionally 0 -> -1
2023-05-09 21:31:28,382 [e8fa68c0-203e-4eaa-86d9-3a0844c4a260-groupManagement] INFO  segmented.SegmentedRaftLogWorker (SegmentedRaftLogWorker.java:lambda$new$0(135)) - e8fa68c0-203e-4eaa-86d9-3a0844c4a260@group-175ED9196343-SegmentedRaftLogWorker: safeCacheEvictIndex: setUnconditionally 0 -> -1
2023-05-09 21:31:28,382 [54e5972d-e1e1-478c-8095-3c6b64428aec-groupManagement] INFO  server.RaftServer$Division (RaftServerImpl.java:start(342)) - 54e5972d-e1e1-478c-8095-3c6b64428aec@group-175ED9196343: start as a follower, conf=-1: peers:[e8fa68c0-203e-4eaa-86d9-3a0844c4a260|rpc:10.1.0.10:39103|dataStream:10.1.0.10:35003|priority:0|startupRole:FOLLOWER, eed6c27f-a5c3-4b8c-be7b-d7ec899a1df9|rpc:10.1.0.10:40555|dataStream:10.1.0.10:34121|priority:0|startupRole:FOLLOWER, 54e5972d-e1e1-478c-8095-3c6b64428aec|rpc:10.1.0.10:41587|dataStream:10.1.0.10:46409|priority:1|startupRole:FOLLOWER]|listeners:[], old=null
2023-05-09 21:31:28,382 [54e5972d-e1e1-478c-8095-3c6b64428aec-groupManagement] INFO  server.RaftServer$Division (RaftServerImpl.java:setRole(329)) - 54e5972d-e1e1-478c-8095-3c6b64428aec@group-175ED9196343: changes role from      null to FOLLOWER at term 0 for startAsFollower
2023-05-09 21:31:28,382 [54e5972d-e1e1-478c-8095-3c6b64428aec-groupManagement] INFO  impl.RoleInfo (RoleInfo.java:updateAndGet(139)) - 54e5972d-e1e1-478c-8095-3c6b64428aec: start 54e5972d-e1e1-478c-8095-3c6b64428aec@group-175ED9196343-FollowerState
2023-05-09 21:31:28,383 [54e5972d-e1e1-478c-8095-3c6b64428aec-groupManagement] INFO  util.JmxRegister (JmxRegister.java:tryRegister(44)) - Successfully registered JMX Bean with object name Ratis:service=RaftServer,group=group-175ED9196343,id=54e5972d-e1e1-478c-8095-3c6b64428aec
2023-05-09 21:31:28,383 [54e5972d-e1e1-478c-8095-3c6b64428aec-groupManagement] INFO  server.RaftServerConfigKeys (ConfUtils.java:logGet(46)) - raft.server.snapshot.auto.trigger.enabled = true (custom)
2023-05-09 21:31:28,383 [54e5972d-e1e1-478c-8095-3c6b64428aec-groupManagement] INFO  server.RaftServerConfigKeys (ConfUtils.java:logGet(46)) - raft.server.snapshot.auto.trigger.threshold = 10000 (custom)
2023-05-09 21:31:28,383 [54e5972d-e1e1-478c-8095-3c6b64428aec-groupManagement] INFO  server.RaftServerConfigKeys (ConfUtils.java:logGet(46)) - raft.server.snapshot.retention.file.num = 5 (custom)
2023-05-09 21:31:28,383 [54e5972d-e1e1-478c-8095-3c6b64428aec-groupManagement] INFO  server.RaftServerConfigKeys (ConfUtils.java:logGet(46)) - raft.server.log.purge.upto.snapshot.index = false (default)
2023-05-09 21:31:28,384 [54e5972d-e1e1-478c-8095-3c6b64428aec@group-175ED9196343-FollowerState] INFO  server.RaftServerConfigKeys (ConfUtils.java:logFallback(53)) - raft.server.rpc.first-election.timeout.min = 5s (fallback to raft.server.rpc.timeout.min)
2023-05-09 21:31:28,385 [e8fa68c0-203e-4eaa-86d9-3a0844c4a260-groupManagement] INFO  server.RaftServer$Division (RaftServerImpl.java:start(342)) - e8fa68c0-203e-4eaa-86d9-3a0844c4a260@group-175ED9196343: start as a follower, conf=-1: peers:[e8fa68c0-203e-4eaa-86d9-3a0844c4a260|rpc:10.1.0.10:39103|dataStream:10.1.0.10:35003|priority:0|startupRole:FOLLOWER, eed6c27f-a5c3-4b8c-be7b-d7ec899a1df9|rpc:10.1.0.10:40555|dataStream:10.1.0.10:34121|priority:0|startupRole:FOLLOWER, 54e5972d-e1e1-478c-8095-3c6b64428aec|rpc:10.1.0.10:41587|dataStream:10.1.0.10:46409|priority:1|startupRole:FOLLOWER]|listeners:[], old=null
2023-05-09 21:31:28,385 [e8fa68c0-203e-4eaa-86d9-3a0844c4a260-groupManagement] INFO  server.RaftServer$Division (RaftServerImpl.java:setRole(329)) - e8fa68c0-203e-4eaa-86d9-3a0844c4a260@group-175ED9196343: changes role from      null to FOLLOWER at term 0 for startAsFollower
2023-05-09 21:31:28,385 [e8fa68c0-203e-4eaa-86d9-3a0844c4a260-groupManagement] INFO  impl.RoleInfo (RoleInfo.java:updateAndGet(139)) - e8fa68c0-203e-4eaa-86d9-3a0844c4a260: start e8fa68c0-203e-4eaa-86d9-3a0844c4a260@group-175ED9196343-FollowerState
2023-05-09 21:31:28,384 [Command processor thread] INFO  ratis.XceiverServerRatis (XceiverServerRatis.java:addGroup(806)) - Created group PipelineID=efa920ad-21ff-469f-8149-175ed9196343
2023-05-09 21:31:28,386 [e8fa68c0-203e-4eaa-86d9-3a0844c4a260-groupManagement] INFO  util.JmxRegister (JmxRegister.java:tryRegister(44)) - Successfully registered JMX Bean with object name Ratis:service=RaftServer,group=group-175ED9196343,id=e8fa68c0-203e-4eaa-86d9-3a0844c4a260
2023-05-09 21:31:28,385 [54e5972d-e1e1-478c-8095-3c6b64428aec@group-175ED9196343-FollowerState] INFO  server.RaftServerConfigKeys (ConfUtils.java:logFallback(53)) - raft.server.rpc.first-election.timeout.max = 5200ms (fallback to raft.server.rpc.timeout.max)
2023-05-09 21:31:28,396 [e8fa68c0-203e-4eaa-86d9-3a0844c4a260-groupManagement] INFO  server.RaftServerConfigKeys (ConfUtils.java:logGet(46)) - raft.server.snapshot.auto.trigger.enabled = true (custom)
2023-05-09 21:31:28,396 [e8fa68c0-203e-4eaa-86d9-3a0844c4a260-groupManagement] INFO  server.RaftServerConfigKeys (ConfUtils.java:logGet(46)) - raft.server.snapshot.auto.trigger.threshold = 10000 (custom)
2023-05-09 21:31:28,396 [e8fa68c0-203e-4eaa-86d9-3a0844c4a260-groupManagement] INFO  server.RaftServerConfigKeys (ConfUtils.java:logGet(46)) - raft.server.snapshot.retention.file.num = 5 (custom)
2023-05-09 21:31:28,396 [e8fa68c0-203e-4eaa-86d9-3a0844c4a260-groupManagement] INFO  server.RaftServerConfigKeys (ConfUtils.java:logGet(46)) - raft.server.log.purge.upto.snapshot.index = false (default)
2023-05-09 21:31:28,398 [Command processor thread] INFO  ratis.XceiverServerRatis (XceiverServerRatis.java:addGroup(806)) - Created group PipelineID=efa920ad-21ff-469f-8149-175ed9196343
2023-05-09 21:31:28,401 [Command processor thread] INFO  server.RaftServer (RaftServerProxy.java:addNew(98)) - eed6c27f-a5c3-4b8c-be7b-d7ec899a1df9: addNew group-95D780E5A3E9:[eed6c27f-a5c3-4b8c-be7b-d7ec899a1df9|rpc:10.1.0.10:40555|dataStream:10.1.0.10:34121|priority:1|startupRole:FOLLOWER] returns group-95D780E5A3E9:java.util.concurrent.CompletableFuture@52e49dc4[Not completed]
2023-05-09 21:31:28,402 [Listener at 127.0.0.1/44485] INFO  ozone.MiniOzoneClusterImpl (MiniOzoneClusterImpl.java:lambda$waitForClusterToBeReady$0(225)) - Nodes are ready. Got 3 of 3 DN Heartbeats.
2023-05-09 21:31:28,402 [Listener at 127.0.0.1/44485] INFO  ozone.MiniOzoneClusterImpl (MiniOzoneClusterImpl.java:lambda$waitForClusterToBeReady$0(228)) - Waiting for cluster to exit safe mode
2023-05-09 21:31:28,402 [Listener at 127.0.0.1/44485] INFO  ozone.MiniOzoneClusterImpl (MiniOzoneClusterImpl.java:lambda$waitForClusterToBeReady$0(230)) - SCM became leader
2023-05-09 21:31:28,403 [eed6c27f-a5c3-4b8c-be7b-d7ec899a1df9-groupManagement] INFO  server.RaftServer$Division (RaftServerImpl.java:<init>(198)) - eed6c27f-a5c3-4b8c-be7b-d7ec899a1df9: new RaftServerImpl for group-95D780E5A3E9:[eed6c27f-a5c3-4b8c-be7b-d7ec899a1df9|rpc:10.1.0.10:40555|dataStream:10.1.0.10:34121|priority:1|startupRole:FOLLOWER] with ContainerStateMachine:uninitialized
2023-05-09 21:31:28,403 [eed6c27f-a5c3-4b8c-be7b-d7ec899a1df9-groupManagement] INFO  server.RaftServerConfigKeys (ConfUtils.java:logGet(46)) - raft.server.rpc.timeout.min = 5s (custom)
2023-05-09 21:31:28,403 [eed6c27f-a5c3-4b8c-be7b-d7ec899a1df9-groupManagement] INFO  server.RaftServerConfigKeys (ConfUtils.java:logGet(46)) - raft.server.rpc.timeout.max = 5200ms (custom)
2023-05-09 21:31:28,403 [eed6c27f-a5c3-4b8c-be7b-d7ec899a1df9-groupManagement] INFO  server.RaftServerConfigKeys (ConfUtils.java:logGet(46)) - raft.server.rpc.sleep.time = 25ms (default)
2023-05-09 21:31:28,403 [eed6c27f-a5c3-4b8c-be7b-d7ec899a1df9-groupManagement] INFO  server.RaftServerConfigKeys (ConfUtils.java:logGet(46)) - raft.server.rpc.slowness.timeout = 300s (custom)
2023-05-09 21:31:28,403 [eed6c27f-a5c3-4b8c-be7b-d7ec899a1df9-groupManagement] INFO  server.RaftServerConfigKeys (ConfUtils.java:logGet(46)) - raft.server.leaderelection.leader.step-down.wait-time = 10s (default)
2023-05-09 21:31:28,403 [eed6c27f-a5c3-4b8c-be7b-d7ec899a1df9-groupManagement] INFO  server.RaftServerConfigKeys (ConfUtils.java:logGet(46)) - raft.server.sleep.deviation.threshold = 300ms (default)
2023-05-09 21:31:28,403 [eed6c27f-a5c3-4b8c-be7b-d7ec899a1df9-groupManagement] INFO  server.RaftServer$Division (ServerState.java:<init>(120)) - eed6c27f-a5c3-4b8c-be7b-d7ec899a1df9@group-95D780E5A3E9: ConfigurationManager, init=-1: peers:[eed6c27f-a5c3-4b8c-be7b-d7ec899a1df9|rpc:10.1.0.10:40555|dataStream:10.1.0.10:34121|priority:1|startupRole:FOLLOWER]|listeners:[], old=null, confs=<EMPTY_MAP>
2023-05-09 21:31:28,404 [eed6c27f-a5c3-4b8c-be7b-d7ec899a1df9-groupManagement] INFO  server.RaftServerConfigKeys (ConfUtils.java:logGet(46)) - raft.server.storage.dir = [/home/runner/work/ozone/ozone/hadoop-ozone/integration-test/target/test-dir/MiniOzoneClusterImpl-3cbee31e-3440-4d49-b20a-1005a6e66246/datanode-2/data/ratis] (custom)
2023-05-09 21:31:28,404 [eed6c27f-a5c3-4b8c-be7b-d7ec899a1df9-groupManagement] INFO  server.RaftServerConfigKeys (ConfUtils.java:logGet(46)) - raft.server.log.corruption.policy = EXCEPTION (default)
2023-05-09 21:31:28,404 [eed6c27f-a5c3-4b8c-be7b-d7ec899a1df9-groupManagement] INFO  server.RaftServerConfigKeys (ConfUtils.java:logGet(46)) - raft.server.storage.free-space.min = 0MB (=0) (default)
2023-05-09 21:31:28,404 [eed6c27f-a5c3-4b8c-be7b-d7ec899a1df9-groupManagement] INFO  server.RaftServerConfigKeys (ConfUtils.java:logGet(46)) - raft.server.notification.no-leader.timeout = 300s (custom)
2023-05-09 21:31:28,404 [eed6c27f-a5c3-4b8c-be7b-d7ec899a1df9-groupManagement] INFO  server.RaftServerConfigKeys (ConfUtils.java:logGet(46)) - raft.server.read.timeout = 10s (default)
2023-05-09 21:31:28,404 [eed6c27f-a5c3-4b8c-be7b-d7ec899a1df9-groupManagement] INFO  server.RaftServerConfigKeys (ConfUtils.java:logGet(46)) - raft.server.retrycache.expirytime = 600000ms (custom)
2023-05-09 21:31:28,404 [eed6c27f-a5c3-4b8c-be7b-d7ec899a1df9-groupManagement] INFO  server.RaftServerConfigKeys (ConfUtils.java:logGet(46)) - raft.server.retrycache.statistics.expirytime = 100μs (default)
2023-05-09 21:31:28,404 [eed6c27f-a5c3-4b8c-be7b-d7ec899a1df9-groupManagement] INFO  server.RaftServerConfigKeys (ConfUtils.java:logGet(46)) - raft.server.read.option = DEFAULT (default)
2023-05-09 21:31:28,405 [eed6c27f-a5c3-4b8c-be7b-d7ec899a1df9-groupManagement] INFO  server.RaftServerConfigKeys (ConfUtils.java:logGet(46)) - raft.server.rpc.request.timeout = 60s (custom)
2023-05-09 21:31:28,405 [eed6c27f-a5c3-4b8c-be7b-d7ec899a1df9-groupManagement] INFO  server.RaftServerConfigKeys (ConfUtils.java:logGet(46)) - raft.server.log.appender.install.snapshot.enabled = false (custom)
2023-05-09 21:31:28,405 [eed6c27f-a5c3-4b8c-be7b-d7ec899a1df9-groupManagement] INFO  server.RaftServerConfigKeys (ConfUtils.java:logGet(46)) - raft.server.threadpool.server.cached = true (default)
2023-05-09 21:31:28,405 [eed6c27f-a5c3-4b8c-be7b-d7ec899a1df9-groupManagement] INFO  server.RaftServerConfigKeys (ConfUtils.java:logGet(46)) - raft.server.threadpool.server.size = 0 (default)
2023-05-09 21:31:28,405 [eed6c27f-a5c3-4b8c-be7b-d7ec899a1df9-groupManagement] INFO  server.RaftServerConfigKeys (ConfUtils.java:logGet(46)) - raft.server.threadpool.client.cached = true (default)
2023-05-09 21:31:28,405 [eed6c27f-a5c3-4b8c-be7b-d7ec899a1df9-groupManagement] INFO  server.RaftServerConfigKeys (ConfUtils.java:logGet(46)) - raft.server.threadpool.client.size = 0 (default)
2023-05-09 21:31:28,405 [eed6c27f-a5c3-4b8c-be7b-d7ec899a1df9-groupManagement] INFO  storage.RaftStorageDirectory (RaftStorageDirectoryImpl.java:analyzeStorage(137)) - The storage directory /home/runner/work/ozone/ozone/hadoop-ozone/integration-test/target/test-dir/MiniOzoneClusterImpl-3cbee31e-3440-4d49-b20a-1005a6e66246/datanode-2/data/ratis/ff31899f-9680-4783-8ff6-95d780e5a3e9 does not exist. Creating ...
2023-05-09 21:31:28,406 [e8fa68c0-203e-4eaa-86d9-3a0844c4a260@group-175ED9196343-FollowerState] INFO  server.RaftServerConfigKeys (ConfUtils.java:logFallback(53)) - raft.server.rpc.first-election.timeout.min = 5s (fallback to raft.server.rpc.timeout.min)
2023-05-09 21:31:28,406 [e8fa68c0-203e-4eaa-86d9-3a0844c4a260@group-175ED9196343-FollowerState] INFO  server.RaftServerConfigKeys (ConfUtils.java:logFallback(53)) - raft.server.rpc.first-election.timeout.max = 5200ms (fallback to raft.server.rpc.timeout.max)
2023-05-09 21:31:28,406 [eed6c27f-a5c3-4b8c-be7b-d7ec899a1df9-groupManagement] INFO  storage.RaftStorageDirectory (RaftStorageDirectoryImpl.java:tryLock(231)) - Lock on /home/runner/work/ozone/ozone/hadoop-ozone/integration-test/target/test-dir/MiniOzoneClusterImpl-3cbee31e-3440-4d49-b20a-1005a6e66246/datanode-2/data/ratis/ff31899f-9680-4783-8ff6-95d780e5a3e9/in_use.lock acquired by nodename 52473@fv-az72-49
2023-05-09 21:31:28,408 [eed6c27f-a5c3-4b8c-be7b-d7ec899a1df9-groupManagement] INFO  storage.RaftStorage (RaftStorageImpl.java:format(96)) - Storage directory /home/runner/work/ozone/ozone/hadoop-ozone/integration-test/target/test-dir/MiniOzoneClusterImpl-3cbee31e-3440-4d49-b20a-1005a6e66246/datanode-2/data/ratis/ff31899f-9680-4783-8ff6-95d780e5a3e9 has been successfully formatted.
2023-05-09 21:31:28,408 [eed6c27f-a5c3-4b8c-be7b-d7ec899a1df9-groupManagement] INFO  ratis.ContainerStateMachine (ContainerStateMachine.java:loadSnapshot(262)) - group-95D780E5A3E9: The snapshot info is null. Setting the last applied indexto:(t:0, i:~)
2023-05-09 21:31:28,408 [eed6c27f-a5c3-4b8c-be7b-d7ec899a1df9-groupManagement] INFO  server.RaftServerConfigKeys (ConfUtils.java:logGet(46)) - raft.server.log.use.memory = false (default)
2023-05-09 21:31:28,408 [eed6c27f-a5c3-4b8c-be7b-d7ec899a1df9-groupManagement] INFO  server.RaftServerConfigKeys (ConfUtils.java:logGet(46)) - raft.server.log.purge.gap = 1000000 (custom)
2023-05-09 21:31:28,408 [eed6c27f-a5c3-4b8c-be7b-d7ec899a1df9-groupManagement] INFO  server.RaftServerConfigKeys (ConfUtils.java:logGet(46)) - raft.server.log.appender.buffer.byte-limit = 33554432 (custom)
2023-05-09 21:31:28,408 [eed6c27f-a5c3-4b8c-be7b-d7ec899a1df9-groupManagement] INFO  server.RaftServerConfigKeys (ConfUtils.java:logGet(46)) - raft.server.log.statemachine.data.read.timeout = 1000ms (default)
2023-05-09 21:31:28,408 [eed6c27f-a5c3-4b8c-be7b-d7ec899a1df9-groupManagement] INFO  server.RaftServerConfigKeys (ConfUtils.java:logGet(46)) - raft.server.log.purge.preservation.log.num = 0 (default)
2023-05-09 21:31:28,409 [eed6c27f-a5c3-4b8c-be7b-d7ec899a1df9-groupManagement] INFO  server.RaftServerConfigKeys (ConfUtils.java:logGet(46)) - raft.server.log.segment.size.max = 1048576 (custom)
2023-05-09 21:31:28,409 [eed6c27f-a5c3-4b8c-be7b-d7ec899a1df9-groupManagement] INFO  server.RaftServerConfigKeys (ConfUtils.java:logGet(46)) - raft.server.log.segment.cache.num.max = 2 (custom)
2023-05-09 21:31:28,409 [eed6c27f-a5c3-4b8c-be7b-d7ec899a1df9-groupManagement] INFO  server.RaftServerConfigKeys (ConfUtils.java:logGet(46)) - raft.server.log.segment.cache.size.max = 200MB (=209715200) (default)
2023-05-09 21:31:28,409 [eed6c27f-a5c3-4b8c-be7b-d7ec899a1df9-groupManagement] INFO  server.RaftServerConfigKeys (ConfUtils.java:logGet(46)) - raft.server.log.appender.buffer.byte-limit = 33554432 (custom)
2023-05-09 21:31:28,409 [eed6c27f-a5c3-4b8c-be7b-d7ec899a1df9-groupManagement] INFO  segmented.SegmentedRaftLogWorker (SegmentedRaftLogWorker.java:<init>(188)) - new eed6c27f-a5c3-4b8c-be7b-d7ec899a1df9@group-95D780E5A3E9-SegmentedRaftLogWorker for RaftStorageImpl:Storage Directory /home/runner/work/ozone/ozone/hadoop-ozone/integration-test/target/test-dir/MiniOzoneClusterImpl-3cbee31e-3440-4d49-b20a-1005a6e66246/datanode-2/data/ratis/ff31899f-9680-4783-8ff6-95d780e5a3e9
2023-05-09 21:31:28,409 [eed6c27f-a5c3-4b8c-be7b-d7ec899a1df9-groupManagement] INFO  server.RaftServerConfigKeys (ConfUtils.java:logGet(46)) - raft.server.log.queue.byte-limit = 4294967296 (custom)
2023-05-09 21:31:28,409 [eed6c27f-a5c3-4b8c-be7b-d7ec899a1df9-groupManagement] INFO  server.RaftServerConfigKeys (ConfUtils.java:logGet(46)) - raft.server.log.queue.element-limit = 1024 (custom)
2023-05-09 21:31:28,409 [eed6c27f-a5c3-4b8c-be7b-d7ec899a1df9-groupManagement] INFO  server.RaftServerConfigKeys (ConfUtils.java:logGet(46)) - raft.server.log.segment.size.max = 1048576 (custom)
2023-05-09 21:31:28,409 [eed6c27f-a5c3-4b8c-be7b-d7ec899a1df9-groupManagement] INFO  server.RaftServerConfigKeys (ConfUtils.java:logGet(46)) - raft.server.log.preallocated.size = 16384 (custom)
2023-05-09 21:31:28,409 [eed6c27f-a5c3-4b8c-be7b-d7ec899a1df9-groupManagement] INFO  server.RaftServerConfigKeys (ConfUtils.java:logGet(46)) - raft.server.log.force.sync.num = 128 (default)
2023-05-09 21:31:28,409 [eed6c27f-a5c3-4b8c-be7b-d7ec899a1df9-groupManagement] INFO  server.RaftServerConfigKeys (ConfUtils.java:logGet(46)) - raft.server.log.statemachine.data.sync = true (default)
2023-05-09 21:31:28,410 [eed6c27f-a5c3-4b8c-be7b-d7ec899a1df9-groupManagement] INFO  server.RaftServerConfigKeys (ConfUtils.java:logGet(46)) - raft.server.log.statemachine.data.sync.timeout = 10s (default)
2023-05-09 21:31:28,410 [eed6c27f-a5c3-4b8c-be7b-d7ec899a1df9-groupManagement] INFO  server.RaftServerConfigKeys (ConfUtils.java:logGet(46)) - raft.server.log.statemachine.data.sync.timeout.retry = -1 (default)
2023-05-09 21:31:28,411 [eed6c27f-a5c3-4b8c-be7b-d7ec899a1df9-groupManagement] INFO  server.RaftServerConfigKeys (ConfUtils.java:logGet(46)) - raft.server.log.write.buffer.size = 1048576 (custom)
2023-05-09 21:31:28,414 [eed6c27f-a5c3-4b8c-be7b-d7ec899a1df9-groupManagement] INFO  server.RaftServerConfigKeys (ConfUtils.java:logGet(46)) - raft.server.log.appender.buffer.byte-limit = 33554432 (custom)
2023-05-09 21:31:28,427 [eed6c27f-a5c3-4b8c-be7b-d7ec899a1df9-groupManagement] INFO  server.RaftServerConfigKeys (ConfUtils.java:logGet(46)) - raft.server.log.unsafe-flush.enabled = false (default)
2023-05-09 21:31:28,427 [eed6c27f-a5c3-4b8c-be7b-d7ec899a1df9-groupManagement] INFO  server.RaftServerConfigKeys (ConfUtils.java:logGet(46)) - raft.server.log.async-flush.enabled = false (default)
2023-05-09 21:31:28,427 [eed6c27f-a5c3-4b8c-be7b-d7ec899a1df9-groupManagement] INFO  server.RaftServerConfigKeys (ConfUtils.java:logGet(46)) - raft.server.log.statemachine.data.caching.enabled = true (custom)
2023-05-09 21:31:28,427 [eed6c27f-a5c3-4b8c-be7b-d7ec899a1df9-groupManagement] INFO  segmented.SegmentedRaftLogWorker (SegmentedRaftLogWorker.java:lambda$new$0(135)) - eed6c27f-a5c3-4b8c-be7b-d7ec899a1df9@group-95D780E5A3E9-SegmentedRaftLogWorker: flushIndex: setUnconditionally 0 -> -1
2023-05-09 21:31:28,428 [eed6c27f-a5c3-4b8c-be7b-d7ec899a1df9-groupManagement] INFO  segmented.SegmentedRaftLogWorker (SegmentedRaftLogWorker.java:lambda$new$0(135)) - eed6c27f-a5c3-4b8c-be7b-d7ec899a1df9@group-95D780E5A3E9-SegmentedRaftLogWorker: safeCacheEvictIndex: setUnconditionally 0 -> -1
2023-05-09 21:31:28,429 [EventQueue-PipelineReportForPipelineReportHandler] INFO  pipeline.PipelineManagerImpl (PipelineManagerImpl.java:openPipeline(367)) - Pipeline Pipeline[ Id: ff31899f-9680-4783-8ff6-95d780e5a3e9, Nodes: eed6c27f-a5c3-4b8c-be7b-d7ec899a1df9(fv-az72-49.paxcb4zidlwe3mfrpko3itqnmd.bx.internal.cloudapp.net/10.1.0.10), ReplicationConfig: RATIS/ONE, State:ALLOCATED, leaderId:eed6c27f-a5c3-4b8c-be7b-d7ec899a1df9, CreationTimestamp2023-05-09T21:31:25.392Z[Etc/UTC]] moved to OPEN state
2023-05-09 21:31:28,430 [EventQueue-OpenPipelineForHealthyPipelineSafeModeRule] INFO  safemode.SCMSafeModeManager (HealthyPipelineSafeModeRule.java:process(137)) - SCM in safe mode. Healthy pipelines reported count is 0, required healthy pipeline reported count is 1
2023-05-09 21:31:28,435 [eed6c27f-a5c3-4b8c-be7b-d7ec899a1df9-groupManagement] INFO  server.RaftServer$Division (RaftServerImpl.java:start(342)) - eed6c27f-a5c3-4b8c-be7b-d7ec899a1df9@group-95D780E5A3E9: start as a follower, conf=-1: peers:[eed6c27f-a5c3-4b8c-be7b-d7ec899a1df9|rpc:10.1.0.10:40555|dataStream:10.1.0.10:34121|priority:1|startupRole:FOLLOWER]|listeners:[], old=null
2023-05-09 21:31:28,436 [eed6c27f-a5c3-4b8c-be7b-d7ec899a1df9-groupManagement] INFO  server.RaftServer$Division (RaftServerImpl.java:setRole(329)) - eed6c27f-a5c3-4b8c-be7b-d7ec899a1df9@group-95D780E5A3E9: changes role from      null to FOLLOWER at term 0 for startAsFollower
2023-05-09 21:31:28,436 [eed6c27f-a5c3-4b8c-be7b-d7ec899a1df9-groupManagement] INFO  impl.RoleInfo (RoleInfo.java:updateAndGet(139)) - eed6c27f-a5c3-4b8c-be7b-d7ec899a1df9: start eed6c27f-a5c3-4b8c-be7b-d7ec899a1df9@group-95D780E5A3E9-FollowerState
2023-05-09 21:31:28,438 [eed6c27f-a5c3-4b8c-be7b-d7ec899a1df9-groupManagement] INFO  util.JmxRegister (JmxRegister.java:tryRegister(44)) - Successfully registered JMX Bean with object name Ratis:service=RaftServer,group=group-95D780E5A3E9,id=eed6c27f-a5c3-4b8c-be7b-d7ec899a1df9
2023-05-09 21:31:28,438 [eed6c27f-a5c3-4b8c-be7b-d7ec899a1df9@group-95D780E5A3E9-FollowerState] INFO  server.RaftServerConfigKeys (ConfUtils.java:logFallback(53)) - raft.server.rpc.first-election.timeout.min = 5s (fallback to raft.server.rpc.timeout.min)
2023-05-09 21:31:28,438 [eed6c27f-a5c3-4b8c-be7b-d7ec899a1df9-groupManagement] INFO  server.RaftServerConfigKeys (ConfUtils.java:logGet(46)) - raft.server.snapshot.auto.trigger.enabled = true (custom)
2023-05-09 21:31:28,438 [eed6c27f-a5c3-4b8c-be7b-d7ec899a1df9-groupManagement] INFO  server.RaftServerConfigKeys (ConfUtils.java:logGet(46)) - raft.server.snapshot.auto.trigger.threshold = 10000 (custom)
2023-05-09 21:31:28,438 [eed6c27f-a5c3-4b8c-be7b-d7ec899a1df9-groupManagement] INFO  server.RaftServerConfigKeys (ConfUtils.java:logGet(46)) - raft.server.snapshot.retention.file.num = 5 (custom)
2023-05-09 21:31:28,438 [eed6c27f-a5c3-4b8c-be7b-d7ec899a1df9-groupManagement] INFO  server.RaftServerConfigKeys (ConfUtils.java:logGet(46)) - raft.server.log.purge.upto.snapshot.index = false (default)
2023-05-09 21:31:28,441 [eed6c27f-a5c3-4b8c-be7b-d7ec899a1df9@group-95D780E5A3E9-FollowerState] INFO  server.RaftServerConfigKeys (ConfUtils.java:logFallback(53)) - raft.server.rpc.first-election.timeout.max = 5200ms (fallback to raft.server.rpc.timeout.max)
2023-05-09 21:31:28,443 [Command processor thread] INFO  ratis.XceiverServerRatis (XceiverServerRatis.java:addGroup(806)) - Created group PipelineID=ff31899f-9680-4783-8ff6-95d780e5a3e9
2023-05-09 21:31:28,443 [Command processor thread] INFO  commandhandler.CreatePipelineCommandHandler (CreatePipelineCommandHandler.java:handle(113)) - Created Pipeline RATIS ONE PipelineID=ff31899f-9680-4783-8ff6-95d780e5a3e9.
2023-05-09 21:31:28,444 [Command processor thread] INFO  server.RaftServer (RaftServerProxy.java:addNew(98)) - eed6c27f-a5c3-4b8c-be7b-d7ec899a1df9: addNew group-175ED9196343:[e8fa68c0-203e-4eaa-86d9-3a0844c4a260|rpc:10.1.0.10:39103|dataStream:10.1.0.10:35003|priority:0|startupRole:FOLLOWER, eed6c27f-a5c3-4b8c-be7b-d7ec899a1df9|rpc:10.1.0.10:40555|dataStream:10.1.0.10:34121|priority:0|startupRole:FOLLOWER, 54e5972d-e1e1-478c-8095-3c6b64428aec|rpc:10.1.0.10:41587|dataStream:10.1.0.10:46409|priority:1|startupRole:FOLLOWER] returns group-175ED9196343:java.util.concurrent.CompletableFuture@5c2379e8[Not completed]
2023-05-09 21:31:28,448 [eed6c27f-a5c3-4b8c-be7b-d7ec899a1df9-groupManagement] INFO  server.RaftServer$Division (RaftServerImpl.java:<init>(198)) - eed6c27f-a5c3-4b8c-be7b-d7ec899a1df9: new RaftServerImpl for group-175ED9196343:[e8fa68c0-203e-4eaa-86d9-3a0844c4a260|rpc:10.1.0.10:39103|dataStream:10.1.0.10:35003|priority:0|startupRole:FOLLOWER, eed6c27f-a5c3-4b8c-be7b-d7ec899a1df9|rpc:10.1.0.10:40555|dataStream:10.1.0.10:34121|priority:0|startupRole:FOLLOWER, 54e5972d-e1e1-478c-8095-3c6b64428aec|rpc:10.1.0.10:41587|dataStream:10.1.0.10:46409|priority:1|startupRole:FOLLOWER] with ContainerStateMachine:uninitialized
2023-05-09 21:31:28,448 [eed6c27f-a5c3-4b8c-be7b-d7ec899a1df9-groupManagement] INFO  server.RaftServerConfigKeys (ConfUtils.java:logGet(46)) - raft.server.rpc.timeout.min = 5s (custom)
2023-05-09 21:31:28,448 [eed6c27f-a5c3-4b8c-be7b-d7ec899a1df9-groupManagement] INFO  server.RaftServerConfigKeys (ConfUtils.java:logGet(46)) - raft.server.rpc.timeout.max = 5200ms (custom)
2023-05-09 21:31:28,448 [eed6c27f-a5c3-4b8c-be7b-d7ec899a1df9-groupManagement] INFO  server.RaftServerConfigKeys (ConfUtils.java:logGet(46)) - raft.server.rpc.sleep.time = 25ms (default)
2023-05-09 21:31:28,448 [eed6c27f-a5c3-4b8c-be7b-d7ec899a1df9-groupManagement] INFO  server.RaftServerConfigKeys (ConfUtils.java:logGet(46)) - raft.server.rpc.slowness.timeout = 300s (custom)
2023-05-09 21:31:28,448 [eed6c27f-a5c3-4b8c-be7b-d7ec899a1df9-groupManagement] INFO  server.RaftServerConfigKeys (ConfUtils.java:logGet(46)) - raft.server.leaderelection.leader.step-down.wait-time = 10s (default)
2023-05-09 21:31:28,448 [eed6c27f-a5c3-4b8c-be7b-d7ec899a1df9-groupManagement] INFO  server.RaftServerConfigKeys (ConfUtils.java:logGet(46)) - raft.server.sleep.deviation.threshold = 300ms (default)
2023-05-09 21:31:28,448 [eed6c27f-a5c3-4b8c-be7b-d7ec899a1df9-groupManagement] INFO  server.RaftServer$Division (ServerState.java:<init>(120)) - eed6c27f-a5c3-4b8c-be7b-d7ec899a1df9@group-175ED9196343: ConfigurationManager, init=-1: peers:[e8fa68c0-203e-4eaa-86d9-3a0844c4a260|rpc:10.1.0.10:39103|dataStream:10.1.0.10:35003|priority:0|startupRole:FOLLOWER, eed6c27f-a5c3-4b8c-be7b-d7ec899a1df9|rpc:10.1.0.10:40555|dataStream:10.1.0.10:34121|priority:0|startupRole:FOLLOWER, 54e5972d-e1e1-478c-8095-3c6b64428aec|rpc:10.1.0.10:41587|dataStream:10.1.0.10:46409|priority:1|startupRole:FOLLOWER]|listeners:[], old=null, confs=<EMPTY_MAP>
2023-05-09 21:31:28,448 [eed6c27f-a5c3-4b8c-be7b-d7ec899a1df9-groupManagement] INFO  server.RaftServerConfigKeys (ConfUtils.java:logGet(46)) - raft.server.storage.dir = [/home/runner/work/ozone/ozone/hadoop-ozone/integration-test/target/test-dir/MiniOzoneClusterImpl-3cbee31e-3440-4d49-b20a-1005a6e66246/datanode-2/data/ratis] (custom)
2023-05-09 21:31:28,448 [eed6c27f-a5c3-4b8c-be7b-d7ec899a1df9-groupManagement] INFO  server.RaftServerConfigKeys (ConfUtils.java:logGet(46)) - raft.server.log.corruption.policy = EXCEPTION (default)
2023-05-09 21:31:28,448 [eed6c27f-a5c3-4b8c-be7b-d7ec899a1df9-groupManagement] INFO  server.RaftServerConfigKeys (ConfUtils.java:logGet(46)) - raft.server.storage.free-space.min = 0MB (=0) (default)
2023-05-09 21:31:28,448 [eed6c27f-a5c3-4b8c-be7b-d7ec899a1df9-groupManagement] INFO  server.RaftServerConfigKeys (ConfUtils.java:logGet(46)) - raft.server.notification.no-leader.timeout = 300s (custom)
2023-05-09 21:31:28,449 [eed6c27f-a5c3-4b8c-be7b-d7ec899a1df9-groupManagement] INFO  server.RaftServerConfigKeys (ConfUtils.java:logGet(46)) - raft.server.read.timeout = 10s (default)
2023-05-09 21:31:28,449 [eed6c27f-a5c3-4b8c-be7b-d7ec899a1df9-groupManagement] INFO  server.RaftServerConfigKeys (ConfUtils.java:logGet(46)) - raft.server.retrycache.expirytime = 600000ms (custom)
2023-05-09 21:31:28,449 [eed6c27f-a5c3-4b8c-be7b-d7ec899a1df9-groupManagement] INFO  server.RaftServerConfigKeys (ConfUtils.java:logGet(46)) - raft.server.retrycache.statistics.expirytime = 100μs (default)
2023-05-09 21:31:28,449 [eed6c27f-a5c3-4b8c-be7b-d7ec899a1df9-groupManagement] INFO  server.RaftServerConfigKeys (ConfUtils.java:logGet(46)) - raft.server.read.option = DEFAULT (default)
2023-05-09 21:31:28,449 [eed6c27f-a5c3-4b8c-be7b-d7ec899a1df9-groupManagement] INFO  server.RaftServerConfigKeys (ConfUtils.java:logGet(46)) - raft.server.rpc.request.timeout = 60s (custom)
2023-05-09 21:31:28,449 [eed6c27f-a5c3-4b8c-be7b-d7ec899a1df9-groupManagement] INFO  server.RaftServerConfigKeys (ConfUtils.java:logGet(46)) - raft.server.log.appender.install.snapshot.enabled = false (custom)
2023-05-09 21:31:28,451 [eed6c27f-a5c3-4b8c-be7b-d7ec899a1df9-groupManagement] INFO  server.RaftServerConfigKeys (ConfUtils.java:logGet(46)) - raft.server.threadpool.server.cached = true (default)
2023-05-09 21:31:28,451 [eed6c27f-a5c3-4b8c-be7b-d7ec899a1df9-groupManagement] INFO  server.RaftServerConfigKeys (ConfUtils.java:logGet(46)) - raft.server.threadpool.server.size = 0 (default)
2023-05-09 21:31:28,451 [eed6c27f-a5c3-4b8c-be7b-d7ec899a1df9-groupManagement] INFO  server.RaftServerConfigKeys (ConfUtils.java:logGet(46)) - raft.server.threadpool.client.cached = true (default)
2023-05-09 21:31:28,451 [eed6c27f-a5c3-4b8c-be7b-d7ec899a1df9-groupManagement] INFO  server.RaftServerConfigKeys (ConfUtils.java:logGet(46)) - raft.server.threadpool.client.size = 0 (default)
2023-05-09 21:31:28,452 [eed6c27f-a5c3-4b8c-be7b-d7ec899a1df9-groupManagement] INFO  storage.RaftStorageDirectory (RaftStorageDirectoryImpl.java:analyzeStorage(137)) - The storage directory /home/runner/work/ozone/ozone/hadoop-ozone/integration-test/target/test-dir/MiniOzoneClusterImpl-3cbee31e-3440-4d49-b20a-1005a6e66246/datanode-2/data/ratis/efa920ad-21ff-469f-8149-175ed9196343 does not exist. Creating ...
2023-05-09 21:31:28,460 [eed6c27f-a5c3-4b8c-be7b-d7ec899a1df9-groupManagement] INFO  storage.RaftStorageDirectory (RaftStorageDirectoryImpl.java:tryLock(231)) - Lock on /home/runner/work/ozone/ozone/hadoop-ozone/integration-test/target/test-dir/MiniOzoneClusterImpl-3cbee31e-3440-4d49-b20a-1005a6e66246/datanode-2/data/ratis/efa920ad-21ff-469f-8149-175ed9196343/in_use.lock acquired by nodename 52473@fv-az72-49
2023-05-09 21:31:28,462 [eed6c27f-a5c3-4b8c-be7b-d7ec899a1df9-groupManagement] INFO  storage.RaftStorage (RaftStorageImpl.java:format(96)) - Storage directory /home/runner/work/ozone/ozone/hadoop-ozone/integration-test/target/test-dir/MiniOzoneClusterImpl-3cbee31e-3440-4d49-b20a-1005a6e66246/datanode-2/data/ratis/efa920ad-21ff-469f-8149-175ed9196343 has been successfully formatted.
2023-05-09 21:31:28,463 [eed6c27f-a5c3-4b8c-be7b-d7ec899a1df9-groupManagement] INFO  ratis.ContainerStateMachine (ContainerStateMachine.java:loadSnapshot(262)) - group-175ED9196343: The snapshot info is null. Setting the last applied indexto:(t:0, i:~)
2023-05-09 21:31:28,463 [eed6c27f-a5c3-4b8c-be7b-d7ec899a1df9-groupManagement] INFO  server.RaftServerConfigKeys (ConfUtils.java:logGet(46)) - raft.server.log.use.memory = false (default)
2023-05-09 21:31:28,464 [eed6c27f-a5c3-4b8c-be7b-d7ec899a1df9-groupManagement] INFO  server.RaftServerConfigKeys (ConfUtils.java:logGet(46)) - raft.server.log.purge.gap = 1000000 (custom)
2023-05-09 21:31:28,464 [eed6c27f-a5c3-4b8c-be7b-d7ec899a1df9-groupManagement] INFO  server.RaftServerConfigKeys (ConfUtils.java:logGet(46)) - raft.server.log.appender.buffer.byte-limit = 33554432 (custom)
2023-05-09 21:31:28,464 [eed6c27f-a5c3-4b8c-be7b-d7ec899a1df9-groupManagement] INFO  server.RaftServerConfigKeys (ConfUtils.java:logGet(46)) - raft.server.log.statemachine.data.read.timeout = 1000ms (default)
2023-05-09 21:31:28,464 [eed6c27f-a5c3-4b8c-be7b-d7ec899a1df9-groupManagement] INFO  server.RaftServerConfigKeys (ConfUtils.java:logGet(46)) - raft.server.log.purge.preservation.log.num = 0 (default)
2023-05-09 21:31:28,464 [eed6c27f-a5c3-4b8c-be7b-d7ec899a1df9-groupManagement] INFO  server.RaftServerConfigKeys (ConfUtils.java:logGet(46)) - raft.server.log.segment.size.max = 1048576 (custom)
2023-05-09 21:31:28,464 [eed6c27f-a5c3-4b8c-be7b-d7ec899a1df9-groupManagement] INFO  server.RaftServerConfigKeys (ConfUtils.java:logGet(46)) - raft.server.log.segment.cache.num.max = 2 (custom)
2023-05-09 21:31:28,464 [eed6c27f-a5c3-4b8c-be7b-d7ec899a1df9-groupManagement] INFO  server.RaftServerConfigKeys (ConfUtils.java:logGet(46)) - raft.server.log.segment.cache.size.max = 200MB (=209715200) (default)
2023-05-09 21:31:28,464 [eed6c27f-a5c3-4b8c-be7b-d7ec899a1df9-groupManagement] INFO  server.RaftServerConfigKeys (ConfUtils.java:logGet(46)) - raft.server.log.appender.buffer.byte-limit = 33554432 (custom)
2023-05-09 21:31:28,464 [eed6c27f-a5c3-4b8c-be7b-d7ec899a1df9-groupManagement] INFO  segmented.SegmentedRaftLogWorker (SegmentedRaftLogWorker.java:<init>(188)) - new eed6c27f-a5c3-4b8c-be7b-d7ec899a1df9@group-175ED9196343-SegmentedRaftLogWorker for RaftStorageImpl:Storage Directory /home/runner/work/ozone/ozone/hadoop-ozone/integration-test/target/test-dir/MiniOzoneClusterImpl-3cbee31e-3440-4d49-b20a-1005a6e66246/datanode-2/data/ratis/efa920ad-21ff-469f-8149-175ed9196343
2023-05-09 21:31:28,465 [eed6c27f-a5c3-4b8c-be7b-d7ec899a1df9-groupManagement] INFO  server.RaftServerConfigKeys (ConfUtils.java:logGet(46)) - raft.server.log.queue.byte-limit = 4294967296 (custom)
2023-05-09 21:31:28,465 [eed6c27f-a5c3-4b8c-be7b-d7ec899a1df9-groupManagement] INFO  server.RaftServerConfigKeys (ConfUtils.java:logGet(46)) - raft.server.log.queue.element-limit = 1024 (custom)
2023-05-09 21:31:28,465 [eed6c27f-a5c3-4b8c-be7b-d7ec899a1df9-groupManagement] INFO  server.RaftServerConfigKeys (ConfUtils.java:logGet(46)) - raft.server.log.segment.size.max = 1048576 (custom)
2023-05-09 21:31:28,465 [eed6c27f-a5c3-4b8c-be7b-d7ec899a1df9-groupManagement] INFO  server.RaftServerConfigKeys (ConfUtils.java:logGet(46)) - raft.server.log.preallocated.size = 16384 (custom)
2023-05-09 21:31:28,465 [eed6c27f-a5c3-4b8c-be7b-d7ec899a1df9-groupManagement] INFO  server.RaftServerConfigKeys (ConfUtils.java:logGet(46)) - raft.server.log.force.sync.num = 128 (default)
2023-05-09 21:31:28,465 [eed6c27f-a5c3-4b8c-be7b-d7ec899a1df9-groupManagement] INFO  server.RaftServerConfigKeys (ConfUtils.java:logGet(46)) - raft.server.log.statemachine.data.sync = true (default)
2023-05-09 21:31:28,465 [eed6c27f-a5c3-4b8c-be7b-d7ec899a1df9-groupManagement] INFO  server.RaftServerConfigKeys (ConfUtils.java:logGet(46)) - raft.server.log.statemachine.data.sync.timeout = 10s (default)
2023-05-09 21:31:28,465 [eed6c27f-a5c3-4b8c-be7b-d7ec899a1df9-groupManagement] INFO  server.RaftServerConfigKeys (ConfUtils.java:logGet(46)) - raft.server.log.statemachine.data.sync.timeout.retry = -1 (default)
2023-05-09 21:31:28,465 [eed6c27f-a5c3-4b8c-be7b-d7ec899a1df9-groupManagement] INFO  server.RaftServerConfigKeys (ConfUtils.java:logGet(46)) - raft.server.log.write.buffer.size = 1048576 (custom)
2023-05-09 21:31:28,466 [eed6c27f-a5c3-4b8c-be7b-d7ec899a1df9-groupManagement] INFO  server.RaftServerConfigKeys (ConfUtils.java:logGet(46)) - raft.server.log.appender.buffer.byte-limit = 33554432 (custom)
2023-05-09 21:31:28,476 [eed6c27f-a5c3-4b8c-be7b-d7ec899a1df9-groupManagement] INFO  server.RaftServerConfigKeys (ConfUtils.java:logGet(46)) - raft.server.log.unsafe-flush.enabled = false (default)
2023-05-09 21:31:28,479 [eed6c27f-a5c3-4b8c-be7b-d7ec899a1df9-groupManagement] INFO  server.RaftServerConfigKeys (ConfUtils.java:logGet(46)) - raft.server.log.async-flush.enabled = false (default)
2023-05-09 21:31:28,490 [eed6c27f-a5c3-4b8c-be7b-d7ec899a1df9-groupManagement] INFO  server.RaftServerConfigKeys (ConfUtils.java:logGet(46)) - raft.server.log.statemachine.data.caching.enabled = true (custom)
2023-05-09 21:31:28,491 [eed6c27f-a5c3-4b8c-be7b-d7ec899a1df9-groupManagement] INFO  segmented.SegmentedRaftLogWorker (SegmentedRaftLogWorker.java:lambda$new$0(135)) - eed6c27f-a5c3-4b8c-be7b-d7ec899a1df9@group-175ED9196343-SegmentedRaftLogWorker: flushIndex: setUnconditionally 0 -> -1
2023-05-09 21:31:28,491 [eed6c27f-a5c3-4b8c-be7b-d7ec899a1df9-groupManagement] INFO  segmented.SegmentedRaftLogWorker (SegmentedRaftLogWorker.java:lambda$new$0(135)) - eed6c27f-a5c3-4b8c-be7b-d7ec899a1df9@group-175ED9196343-SegmentedRaftLogWorker: safeCacheEvictIndex: setUnconditionally 0 -> -1
2023-05-09 21:31:28,477 [EventQueue-OpenPipelineForHealthyPipelineSafeModeRule] INFO  safemode.SCMSafeModeManager (HealthyPipelineSafeModeRule.java:process(137)) - SCM in safe mode. Healthy pipelines reported count is 0, required healthy pipeline reported count is 1
2023-05-09 21:31:28,493 [eed6c27f-a5c3-4b8c-be7b-d7ec899a1df9-groupManagement] INFO  server.RaftServer$Division (RaftServerImpl.java:start(342)) - eed6c27f-a5c3-4b8c-be7b-d7ec899a1df9@group-175ED9196343: start as a follower, conf=-1: peers:[e8fa68c0-203e-4eaa-86d9-3a0844c4a260|rpc:10.1.0.10:39103|dataStream:10.1.0.10:35003|priority:0|startupRole:FOLLOWER, eed6c27f-a5c3-4b8c-be7b-d7ec899a1df9|rpc:10.1.0.10:40555|dataStream:10.1.0.10:34121|priority:0|startupRole:FOLLOWER, 54e5972d-e1e1-478c-8095-3c6b64428aec|rpc:10.1.0.10:41587|dataStream:10.1.0.10:46409|priority:1|startupRole:FOLLOWER]|listeners:[], old=null
2023-05-09 21:31:28,497 [eed6c27f-a5c3-4b8c-be7b-d7ec899a1df9-groupManagement] INFO  server.RaftServer$Division (RaftServerImpl.java:setRole(329)) - eed6c27f-a5c3-4b8c-be7b-d7ec899a1df9@group-175ED9196343: changes role from      null to FOLLOWER at term 0 for startAsFollower
2023-05-09 21:31:28,499 [eed6c27f-a5c3-4b8c-be7b-d7ec899a1df9-groupManagement] INFO  impl.RoleInfo (RoleInfo.java:updateAndGet(139)) - eed6c27f-a5c3-4b8c-be7b-d7ec899a1df9: start eed6c27f-a5c3-4b8c-be7b-d7ec899a1df9@group-175ED9196343-FollowerState
2023-05-09 21:31:28,505 [eed6c27f-a5c3-4b8c-be7b-d7ec899a1df9-groupManagement] INFO  util.JmxRegister (JmxRegister.java:tryRegister(44)) - Successfully registered JMX Bean with object name Ratis:service=RaftServer,group=group-175ED9196343,id=eed6c27f-a5c3-4b8c-be7b-d7ec899a1df9
2023-05-09 21:31:28,505 [eed6c27f-a5c3-4b8c-be7b-d7ec899a1df9-groupManagement] INFO  server.RaftServerConfigKeys (ConfUtils.java:logGet(46)) - raft.server.snapshot.auto.trigger.enabled = true (custom)
2023-05-09 21:31:28,505 [eed6c27f-a5c3-4b8c-be7b-d7ec899a1df9-groupManagement] INFO  server.RaftServerConfigKeys (ConfUtils.java:logGet(46)) - raft.server.snapshot.auto.trigger.threshold = 10000 (custom)
2023-05-09 21:31:28,505 [eed6c27f-a5c3-4b8c-be7b-d7ec899a1df9-groupManagement] INFO  server.RaftServerConfigKeys (ConfUtils.java:logGet(46)) - raft.server.snapshot.retention.file.num = 5 (custom)
2023-05-09 21:31:28,505 [eed6c27f-a5c3-4b8c-be7b-d7ec899a1df9-groupManagement] INFO  server.RaftServerConfigKeys (ConfUtils.java:logGet(46)) - raft.server.log.purge.upto.snapshot.index = false (default)
2023-05-09 21:31:28,505 [eed6c27f-a5c3-4b8c-be7b-d7ec899a1df9@group-175ED9196343-FollowerState] INFO  server.RaftServerConfigKeys (ConfUtils.java:logFallback(53)) - raft.server.rpc.first-election.timeout.min = 5s (fallback to raft.server.rpc.timeout.min)
2023-05-09 21:31:28,507 [Command processor thread] INFO  ratis.XceiverServerRatis (XceiverServerRatis.java:addGroup(806)) - Created group PipelineID=efa920ad-21ff-469f-8149-175ed9196343
2023-05-09 21:31:28,513 [eed6c27f-a5c3-4b8c-be7b-d7ec899a1df9@group-175ED9196343-FollowerState] INFO  server.RaftServerConfigKeys (ConfUtils.java:logFallback(53)) - raft.server.rpc.first-election.timeout.max = 5200ms (fallback to raft.server.rpc.timeout.max)
2023-05-09 21:31:28,538 [Command processor thread] INFO  commandhandler.CreatePipelineCommandHandler (CreatePipelineCommandHandler.java:handle(113)) - Created Pipeline RATIS THREE PipelineID=efa920ad-21ff-469f-8149-175ed9196343.
2023-05-09 21:31:28,571 [Command processor thread] INFO  commandhandler.CreatePipelineCommandHandler (CreatePipelineCommandHandler.java:handle(113)) - Created Pipeline RATIS THREE PipelineID=efa920ad-21ff-469f-8149-175ed9196343.
2023-05-09 21:31:28,589 [Command processor thread] INFO  commandhandler.CreatePipelineCommandHandler (CreatePipelineCommandHandler.java:handle(113)) - Created Pipeline RATIS THREE PipelineID=efa920ad-21ff-469f-8149-175ed9196343.
2023-05-09 21:31:29,402 [Listener at 127.0.0.1/44485] INFO  ozone.MiniOzoneClusterImpl (MiniOzoneClusterImpl.java:lambda$waitForClusterToBeReady$0(225)) - Nodes are ready. Got 3 of 3 DN Heartbeats.
2023-05-09 21:31:29,402 [Listener at 127.0.0.1/44485] INFO  ozone.MiniOzoneClusterImpl (MiniOzoneClusterImpl.java:lambda$waitForClusterToBeReady$0(228)) - Waiting for cluster to exit safe mode
2023-05-09 21:31:29,402 [Listener at 127.0.0.1/44485] INFO  ozone.MiniOzoneClusterImpl (MiniOzoneClusterImpl.java:lambda$waitForClusterToBeReady$0(230)) - SCM became leader
2023-05-09 21:31:30,403 [Listener at 127.0.0.1/44485] INFO  ozone.MiniOzoneClusterImpl (MiniOzoneClusterImpl.java:lambda$waitForClusterToBeReady$0(225)) - Nodes are ready. Got 3 of 3 DN Heartbeats.
2023-05-09 21:31:30,403 [Listener at 127.0.0.1/44485] INFO  ozone.MiniOzoneClusterImpl (MiniOzoneClusterImpl.java:lambda$waitForClusterToBeReady$0(228)) - Waiting for cluster to exit safe mode
2023-05-09 21:31:30,403 [Listener at 127.0.0.1/44485] INFO  ozone.MiniOzoneClusterImpl (MiniOzoneClusterImpl.java:lambda$waitForClusterToBeReady$0(230)) - SCM became leader
2023-05-09 21:31:31,403 [Listener at 127.0.0.1/44485] INFO  ozone.MiniOzoneClusterImpl (MiniOzoneClusterImpl.java:lambda$waitForClusterToBeReady$0(225)) - Nodes are ready. Got 3 of 3 DN Heartbeats.
2023-05-09 21:31:31,403 [Listener at 127.0.0.1/44485] INFO  ozone.MiniOzoneClusterImpl (MiniOzoneClusterImpl.java:lambda$waitForClusterToBeReady$0(228)) - Waiting for cluster to exit safe mode
2023-05-09 21:31:31,403 [Listener at 127.0.0.1/44485] INFO  ozone.MiniOzoneClusterImpl (MiniOzoneClusterImpl.java:lambda$waitForClusterToBeReady$0(230)) - SCM became leader
2023-05-09 21:31:32,404 [Listener at 127.0.0.1/44485] INFO  ozone.MiniOzoneClusterImpl (MiniOzoneClusterImpl.java:lambda$waitForClusterToBeReady$0(225)) - Nodes are ready. Got 3 of 3 DN Heartbeats.
2023-05-09 21:31:32,404 [Listener at 127.0.0.1/44485] INFO  ozone.MiniOzoneClusterImpl (MiniOzoneClusterImpl.java:lambda$waitForClusterToBeReady$0(228)) - Waiting for cluster to exit safe mode
2023-05-09 21:31:32,404 [Listener at 127.0.0.1/44485] INFO  ozone.MiniOzoneClusterImpl (MiniOzoneClusterImpl.java:lambda$waitForClusterToBeReady$0(230)) - SCM became leader
2023-05-09 21:31:32,635 [54e5972d-e1e1-478c-8095-3c6b64428aec@group-4C6FDDE420DB-FollowerState] INFO  impl.FollowerState (FollowerState.java:run(143)) - 54e5972d-e1e1-478c-8095-3c6b64428aec@group-4C6FDDE420DB-FollowerState: change to CANDIDATE, lastRpcElapsedTime:5071259630ns, electionTimeout:5054ms
2023-05-09 21:31:32,636 [54e5972d-e1e1-478c-8095-3c6b64428aec@group-4C6FDDE420DB-FollowerState] INFO  impl.RoleInfo (RoleInfo.java:shutdownFollowerState(110)) - 54e5972d-e1e1-478c-8095-3c6b64428aec: shutdown 54e5972d-e1e1-478c-8095-3c6b64428aec@group-4C6FDDE420DB-FollowerState
2023-05-09 21:31:32,636 [54e5972d-e1e1-478c-8095-3c6b64428aec@group-4C6FDDE420DB-FollowerState] INFO  server.RaftServer$Division (RaftServerImpl.java:setRole(329)) - 54e5972d-e1e1-478c-8095-3c6b64428aec@group-4C6FDDE420DB: changes role from  FOLLOWER to CANDIDATE at term 0 for changeToCandidate
2023-05-09 21:31:32,637 [54e5972d-e1e1-478c-8095-3c6b64428aec@group-4C6FDDE420DB-FollowerState] INFO  server.RaftServerConfigKeys (ConfUtils.java:logGet(46)) - raft.server.leaderelection.pre-vote = true (default)
2023-05-09 21:31:32,637 [54e5972d-e1e1-478c-8095-3c6b64428aec@group-4C6FDDE420DB-FollowerState] INFO  impl.RoleInfo (RoleInfo.java:updateAndGet(139)) - 54e5972d-e1e1-478c-8095-3c6b64428aec: start 54e5972d-e1e1-478c-8095-3c6b64428aec@group-4C6FDDE420DB-LeaderElection2
2023-05-09 21:31:32,638 [54e5972d-e1e1-478c-8095-3c6b64428aec@group-4C6FDDE420DB-LeaderElection2] INFO  impl.LeaderElection (LeaderElection.java:askForVotes(321)) - 54e5972d-e1e1-478c-8095-3c6b64428aec@group-4C6FDDE420DB-LeaderElection2 PRE_VOTE round 0: submit vote requests at term 0 for -1: peers:[54e5972d-e1e1-478c-8095-3c6b64428aec|rpc:10.1.0.10:41587|dataStream:10.1.0.10:46409|priority:1|startupRole:FOLLOWER]|listeners:[], old=null
2023-05-09 21:31:32,638 [54e5972d-e1e1-478c-8095-3c6b64428aec@group-4C6FDDE420DB-LeaderElection2] INFO  impl.LeaderElection (LeaderElection.java:askForVotes(323)) - 54e5972d-e1e1-478c-8095-3c6b64428aec@group-4C6FDDE420DB-LeaderElection2 PRE_VOTE round 0: result PASSED (term=0)
2023-05-09 21:31:32,640 [54e5972d-e1e1-478c-8095-3c6b64428aec@group-4C6FDDE420DB-LeaderElection2] INFO  impl.LeaderElection (LeaderElection.java:askForVotes(321)) - 54e5972d-e1e1-478c-8095-3c6b64428aec@group-4C6FDDE420DB-LeaderElection2 ELECTION round 0: submit vote requests at term 1 for -1: peers:[54e5972d-e1e1-478c-8095-3c6b64428aec|rpc:10.1.0.10:41587|dataStream:10.1.0.10:46409|priority:1|startupRole:FOLLOWER]|listeners:[], old=null
2023-05-09 21:31:32,640 [54e5972d-e1e1-478c-8095-3c6b64428aec@group-4C6FDDE420DB-LeaderElection2] INFO  impl.LeaderElection (LeaderElection.java:askForVotes(323)) - 54e5972d-e1e1-478c-8095-3c6b64428aec@group-4C6FDDE420DB-LeaderElection2 ELECTION round 0: result PASSED (term=1)
2023-05-09 21:31:32,640 [54e5972d-e1e1-478c-8095-3c6b64428aec@group-4C6FDDE420DB-LeaderElection2] INFO  impl.RoleInfo (RoleInfo.java:shutdownLeaderElection(130)) - 54e5972d-e1e1-478c-8095-3c6b64428aec: shutdown 54e5972d-e1e1-478c-8095-3c6b64428aec@group-4C6FDDE420DB-LeaderElection2
2023-05-09 21:31:32,640 [54e5972d-e1e1-478c-8095-3c6b64428aec@group-4C6FDDE420DB-LeaderElection2] INFO  server.RaftServer$Division (RaftServerImpl.java:setRole(329)) - 54e5972d-e1e1-478c-8095-3c6b64428aec@group-4C6FDDE420DB: changes role from CANDIDATE to LEADER at term 1 for changeToLeader
2023-05-09 21:31:32,640 [54e5972d-e1e1-478c-8095-3c6b64428aec@group-4C6FDDE420DB-LeaderElection2] INFO  ratis.XceiverServerRatis (XceiverServerRatis.java:handleLeaderChangedNotification(904)) - Leader change notification received for group: group-4C6FDDE420DB with new leaderId: 54e5972d-e1e1-478c-8095-3c6b64428aec
2023-05-09 21:31:32,640 [54e5972d-e1e1-478c-8095-3c6b64428aec@group-4C6FDDE420DB-LeaderElection2] INFO  server.RaftServer$Division (ServerState.java:setLeader(317)) - 54e5972d-e1e1-478c-8095-3c6b64428aec@group-4C6FDDE420DB: change Leader from null to 54e5972d-e1e1-478c-8095-3c6b64428aec at term 1 for becomeLeader, leader elected after 5117ms
2023-05-09 21:31:32,641 [54e5972d-e1e1-478c-8095-3c6b64428aec@group-4C6FDDE420DB-LeaderElection2] INFO  server.RaftServerConfigKeys (ConfUtils.java:logGet(46)) - raft.server.staging.catchup.gap = 1000 (default)
2023-05-09 21:31:32,643 [EventQueue-OpenPipelineForHealthyPipelineSafeModeRule] INFO  safemode.SCMSafeModeManager (HealthyPipelineSafeModeRule.java:process(137)) - SCM in safe mode. Healthy pipelines reported count is 0, required healthy pipeline reported count is 1
2023-05-09 21:31:32,643 [54e5972d-e1e1-478c-8095-3c6b64428aec@group-4C6FDDE420DB-LeaderElection2] INFO  server.RaftServerConfigKeys (ConfUtils.java:logGet(46)) - raft.server.write.element-limit = 1024 (custom)
2023-05-09 21:31:32,643 [54e5972d-e1e1-478c-8095-3c6b64428aec@group-4C6FDDE420DB-LeaderElection2] INFO  server.RaftServerConfigKeys (ConfUtils.java:logGet(46)) - raft.server.write.byte-limit = 1024 M (=1073741824) (custom)
2023-05-09 21:31:32,643 [54e5972d-e1e1-478c-8095-3c6b64428aec@group-4C6FDDE420DB-LeaderElection2] INFO  server.RaftServerConfigKeys (ConfUtils.java:logGet(46)) - raft.server.watch.timeout = 180s (custom)
2023-05-09 21:31:32,643 [54e5972d-e1e1-478c-8095-3c6b64428aec@group-4C6FDDE420DB-LeaderElection2] INFO  server.RaftServerConfigKeys (ConfUtils.java:logGet(46)) - raft.server.watch.timeout.denomination = 1s (default)
2023-05-09 21:31:32,643 [54e5972d-e1e1-478c-8095-3c6b64428aec@group-4C6FDDE420DB-LeaderElection2] INFO  server.RaftServerConfigKeys (ConfUtils.java:logGet(46)) - raft.server.watch.element-limit = 65536 (default)
2023-05-09 21:31:32,643 [54e5972d-e1e1-478c-8095-3c6b64428aec@group-4C6FDDE420DB-LeaderElection2] INFO  server.RaftServerConfigKeys (ConfUtils.java:logGet(46)) - raft.server.write.element-limit = 1024 (custom)
2023-05-09 21:31:32,643 [54e5972d-e1e1-478c-8095-3c6b64428aec@group-4C6FDDE420DB-LeaderElection2] INFO  server.RaftServerConfigKeys (ConfUtils.java:logGet(46)) - raft.server.write.follower.gap.ratio.max = -1.0 (default)
2023-05-09 21:31:32,644 [54e5972d-e1e1-478c-8095-3c6b64428aec@group-4C6FDDE420DB-LeaderElection2] INFO  impl.RoleInfo (RoleInfo.java:updateAndGet(139)) - 54e5972d-e1e1-478c-8095-3c6b64428aec: start 54e5972d-e1e1-478c-8095-3c6b64428aec@group-4C6FDDE420DB-LeaderStateImpl
2023-05-09 21:31:32,644 [54e5972d-e1e1-478c-8095-3c6b64428aec@group-4C6FDDE420DB-LeaderElection2] INFO  segmented.SegmentedRaftLogWorker (SegmentedRaftLogWorker.java:startLogSegment(447)) - 54e5972d-e1e1-478c-8095-3c6b64428aec@group-4C6FDDE420DB-SegmentedRaftLogWorker: Starting segment from index:0
2023-05-09 21:31:32,645 [54e5972d-e1e1-478c-8095-3c6b64428aec@group-4C6FDDE420DB-SegmentedRaftLogWorker] INFO  segmented.SegmentedRaftLogWorker (SegmentedRaftLogWorker.java:execute(651)) - 54e5972d-e1e1-478c-8095-3c6b64428aec@group-4C6FDDE420DB-SegmentedRaftLogWorker: created new log segment /home/runner/work/ozone/ozone/hadoop-ozone/integration-test/target/test-dir/MiniOzoneClusterImpl-3cbee31e-3440-4d49-b20a-1005a6e66246/datanode-0/data/ratis/4ecb875a-82e8-4823-a906-4c6fdde420db/current/log_inprogress_0
2023-05-09 21:31:32,647 [54e5972d-e1e1-478c-8095-3c6b64428aec@group-4C6FDDE420DB-LeaderElection2] INFO  server.RaftServer$Division (ServerState.java:setRaftConf(434)) - 54e5972d-e1e1-478c-8095-3c6b64428aec@group-4C6FDDE420DB: set configuration 0: peers:[54e5972d-e1e1-478c-8095-3c6b64428aec|rpc:10.1.0.10:41587|dataStream:10.1.0.10:46409|priority:1|startupRole:FOLLOWER]|listeners:[], old=null
2023-05-09 21:31:32,708 [54e5972d-e1e1-478c-8095-3c6b64428aec@group-0C517E8810D7-FollowerState] INFO  impl.FollowerState (FollowerState.java:run(143)) - 54e5972d-e1e1-478c-8095-3c6b64428aec@group-0C517E8810D7-FollowerState: change to CANDIDATE, lastRpcElapsedTime:5094281232ns, electionTimeout:5093ms
2023-05-09 21:31:32,709 [54e5972d-e1e1-478c-8095-3c6b64428aec@group-0C517E8810D7-FollowerState] INFO  impl.RoleInfo (RoleInfo.java:shutdownFollowerState(110)) - 54e5972d-e1e1-478c-8095-3c6b64428aec: shutdown 54e5972d-e1e1-478c-8095-3c6b64428aec@group-0C517E8810D7-FollowerState
2023-05-09 21:31:32,709 [54e5972d-e1e1-478c-8095-3c6b64428aec@group-0C517E8810D7-FollowerState] INFO  server.RaftServer$Division (RaftServerImpl.java:setRole(329)) - 54e5972d-e1e1-478c-8095-3c6b64428aec@group-0C517E8810D7: changes role from  FOLLOWER to CANDIDATE at term 0 for changeToCandidate
2023-05-09 21:31:32,709 [54e5972d-e1e1-478c-8095-3c6b64428aec@group-0C517E8810D7-FollowerState] INFO  server.RaftServerConfigKeys (ConfUtils.java:logGet(46)) - raft.server.leaderelection.pre-vote = true (default)
2023-05-09 21:31:32,709 [54e5972d-e1e1-478c-8095-3c6b64428aec@group-0C517E8810D7-FollowerState] INFO  impl.RoleInfo (RoleInfo.java:updateAndGet(139)) - 54e5972d-e1e1-478c-8095-3c6b64428aec: start 54e5972d-e1e1-478c-8095-3c6b64428aec@group-0C517E8810D7-LeaderElection3
2023-05-09 21:31:32,712 [54e5972d-e1e1-478c-8095-3c6b64428aec@group-0C517E8810D7-LeaderElection3] INFO  impl.LeaderElection (LeaderElection.java:askForVotes(321)) - 54e5972d-e1e1-478c-8095-3c6b64428aec@group-0C517E8810D7-LeaderElection3 PRE_VOTE round 0: submit vote requests at term 0 for -1: peers:[e8fa68c0-203e-4eaa-86d9-3a0844c4a260|rpc:10.1.0.10:39103|dataStream:10.1.0.10:35003|priority:0|startupRole:FOLLOWER, eed6c27f-a5c3-4b8c-be7b-d7ec899a1df9|rpc:10.1.0.10:40555|dataStream:10.1.0.10:34121|priority:1|startupRole:FOLLOWER, 54e5972d-e1e1-478c-8095-3c6b64428aec|rpc:10.1.0.10:41587|dataStream:10.1.0.10:46409|priority:0|startupRole:FOLLOWER]|listeners:[], old=null
2023-05-09 21:31:32,723 [54e5972d-e1e1-478c-8095-3c6b64428aec@group-0C517E8810D7-LeaderElection3-1] INFO  server.GrpcServerProtocolClient (GrpcServerProtocolClient.java:<init>(65)) - Build channel for e8fa68c0-203e-4eaa-86d9-3a0844c4a260
2023-05-09 21:31:32,723 [54e5972d-e1e1-478c-8095-3c6b64428aec@group-0C517E8810D7-LeaderElection3] INFO  server.RaftServerConfigKeys (ConfUtils.java:logFallback(53)) - raft.server.rpc.first-election.timeout.min = 5s (fallback to raft.server.rpc.timeout.min)
2023-05-09 21:31:32,725 [54e5972d-e1e1-478c-8095-3c6b64428aec@group-0C517E8810D7-LeaderElection3] INFO  server.RaftServerConfigKeys (ConfUtils.java:logFallback(53)) - raft.server.rpc.first-election.timeout.max = 5200ms (fallback to raft.server.rpc.timeout.max)
2023-05-09 21:31:32,724 [54e5972d-e1e1-478c-8095-3c6b64428aec@group-0C517E8810D7-LeaderElection3-2] INFO  server.GrpcServerProtocolClient (GrpcServerProtocolClient.java:<init>(65)) - Build channel for eed6c27f-a5c3-4b8c-be7b-d7ec899a1df9
2023-05-09 21:31:32,744 [grpc-default-executor-1] INFO  server.RaftServer$Division (RaftServerImpl.java:requestVote(1302)) - eed6c27f-a5c3-4b8c-be7b-d7ec899a1df9@group-0C517E8810D7: receive requestVote(PRE_VOTE, 54e5972d-e1e1-478c-8095-3c6b64428aec, group-0C517E8810D7, 0, (t:0, i:0))
2023-05-09 21:31:32,745 [grpc-default-executor-1] INFO  impl.VoteContext (VoteContext.java:log(49)) - eed6c27f-a5c3-4b8c-be7b-d7ec899a1df9@group-0C517E8810D7-FOLLOWER: reject PRE_VOTE from 54e5972d-e1e1-478c-8095-3c6b64428aec: our priority 1 > candidate's priority 0
2023-05-09 21:31:32,747 [grpc-default-executor-0] INFO  server.RaftServer$Division (RaftServerImpl.java:requestVote(1302)) - e8fa68c0-203e-4eaa-86d9-3a0844c4a260@group-0C517E8810D7: receive requestVote(PRE_VOTE, 54e5972d-e1e1-478c-8095-3c6b64428aec, group-0C517E8810D7, 0, (t:0, i:0))
2023-05-09 21:31:32,747 [grpc-default-executor-1] INFO  server.RaftServer$Division (RaftServerImpl.java:requestVote(1335)) - eed6c27f-a5c3-4b8c-be7b-d7ec899a1df9@group-0C517E8810D7 replies to PRE_VOTE vote request: 54e5972d-e1e1-478c-8095-3c6b64428aec<-eed6c27f-a5c3-4b8c-be7b-d7ec899a1df9#0:FAIL-t0. Peer's state: eed6c27f-a5c3-4b8c-be7b-d7ec899a1df9@group-0C517E8810D7:t0, leader=null, voted=, raftlog=Memoized:eed6c27f-a5c3-4b8c-be7b-d7ec899a1df9@group-0C517E8810D7-SegmentedRaftLog:OPENED:c-1, conf=-1: peers:[e8fa68c0-203e-4eaa-86d9-3a0844c4a260|rpc:10.1.0.10:39103|dataStream:10.1.0.10:35003|priority:0|startupRole:FOLLOWER, eed6c27f-a5c3-4b8c-be7b-d7ec899a1df9|rpc:10.1.0.10:40555|dataStream:10.1.0.10:34121|priority:1|startupRole:FOLLOWER, 54e5972d-e1e1-478c-8095-3c6b64428aec|rpc:10.1.0.10:41587|dataStream:10.1.0.10:46409|priority:0|startupRole:FOLLOWER]|listeners:[], old=null
2023-05-09 21:31:32,747 [grpc-default-executor-0] INFO  impl.VoteContext (VoteContext.java:log(49)) - e8fa68c0-203e-4eaa-86d9-3a0844c4a260@group-0C517E8810D7-FOLLOWER: accept PRE_VOTE from 54e5972d-e1e1-478c-8095-3c6b64428aec: our priority 0 <= candidate's priority 0
2023-05-09 21:31:32,750 [grpc-default-executor-0] INFO  server.RaftServer$Division (RaftServerImpl.java:requestVote(1335)) - e8fa68c0-203e-4eaa-86d9-3a0844c4a260@group-0C517E8810D7 replies to PRE_VOTE vote request: 54e5972d-e1e1-478c-8095-3c6b64428aec<-e8fa68c0-203e-4eaa-86d9-3a0844c4a260#0:OK-t0. Peer's state: e8fa68c0-203e-4eaa-86d9-3a0844c4a260@group-0C517E8810D7:t0, leader=null, voted=, raftlog=Memoized:e8fa68c0-203e-4eaa-86d9-3a0844c4a260@group-0C517E8810D7-SegmentedRaftLog:OPENED:c-1, conf=-1: peers:[e8fa68c0-203e-4eaa-86d9-3a0844c4a260|rpc:10.1.0.10:39103|dataStream:10.1.0.10:35003|priority:0|startupRole:FOLLOWER, eed6c27f-a5c3-4b8c-be7b-d7ec899a1df9|rpc:10.1.0.10:40555|dataStream:10.1.0.10:34121|priority:1|startupRole:FOLLOWER, 54e5972d-e1e1-478c-8095-3c6b64428aec|rpc:10.1.0.10:41587|dataStream:10.1.0.10:46409|priority:0|startupRole:FOLLOWER]|listeners:[], old=null
2023-05-09 21:31:32,751 [54e5972d-e1e1-478c-8095-3c6b64428aec@group-0C517E8810D7-LeaderElection3] INFO  impl.LeaderElection (LeaderElection.java:logAndReturn(90)) - 54e5972d-e1e1-478c-8095-3c6b64428aec@group-0C517E8810D7-LeaderElection3: PRE_VOTE REJECTED received 1 response(s) and 0 exception(s):
2023-05-09 21:31:32,753 [54e5972d-e1e1-478c-8095-3c6b64428aec@group-0C517E8810D7-LeaderElection3] INFO  impl.LeaderElection (LeaderElection.java:logAndReturn(94)) -   Response 0: 54e5972d-e1e1-478c-8095-3c6b64428aec<-eed6c27f-a5c3-4b8c-be7b-d7ec899a1df9#0:FAIL-t0
2023-05-09 21:31:32,753 [54e5972d-e1e1-478c-8095-3c6b64428aec@group-0C517E8810D7-LeaderElection3] INFO  impl.LeaderElection (LeaderElection.java:askForVotes(323)) - 54e5972d-e1e1-478c-8095-3c6b64428aec@group-0C517E8810D7-LeaderElection3 PRE_VOTE round 0: result REJECTED
2023-05-09 21:31:32,753 [54e5972d-e1e1-478c-8095-3c6b64428aec@group-0C517E8810D7-LeaderElection3] INFO  server.RaftServer$Division (RaftServerImpl.java:setRole(329)) - 54e5972d-e1e1-478c-8095-3c6b64428aec@group-0C517E8810D7: changes role from CANDIDATE to FOLLOWER at term 0 for REJECTED
2023-05-09 21:31:32,753 [54e5972d-e1e1-478c-8095-3c6b64428aec@group-0C517E8810D7-LeaderElection3] INFO  impl.RoleInfo (RoleInfo.java:shutdownLeaderElection(130)) - 54e5972d-e1e1-478c-8095-3c6b64428aec: shutdown 54e5972d-e1e1-478c-8095-3c6b64428aec@group-0C517E8810D7-LeaderElection3
2023-05-09 21:31:32,754 [54e5972d-e1e1-478c-8095-3c6b64428aec@group-0C517E8810D7-LeaderElection3] INFO  impl.RoleInfo (RoleInfo.java:updateAndGet(139)) - 54e5972d-e1e1-478c-8095-3c6b64428aec: start 54e5972d-e1e1-478c-8095-3c6b64428aec@group-0C517E8810D7-FollowerState
2023-05-09 21:31:33,217 [e8fa68c0-203e-4eaa-86d9-3a0844c4a260@group-300E66E51C4E-FollowerState] INFO  impl.FollowerState (FollowerState.java:run(143)) - e8fa68c0-203e-4eaa-86d9-3a0844c4a260@group-300E66E51C4E-FollowerState: change to CANDIDATE, lastRpcElapsedTime:5127363024ns, electionTimeout:5116ms
2023-05-09 21:31:33,218 [e8fa68c0-203e-4eaa-86d9-3a0844c4a260@group-300E66E51C4E-FollowerState] INFO  impl.RoleInfo (RoleInfo.java:shutdownFollowerState(110)) - e8fa68c0-203e-4eaa-86d9-3a0844c4a260: shutdown e8fa68c0-203e-4eaa-86d9-3a0844c4a260@group-300E66E51C4E-FollowerState
2023-05-09 21:31:33,218 [e8fa68c0-203e-4eaa-86d9-3a0844c4a260@group-300E66E51C4E-FollowerState] INFO  server.RaftServer$Division (RaftServerImpl.java:setRole(329)) - e8fa68c0-203e-4eaa-86d9-3a0844c4a260@group-300E66E51C4E: changes role from  FOLLOWER to CANDIDATE at term 0 for changeToCandidate
2023-05-09 21:31:33,220 [e8fa68c0-203e-4eaa-86d9-3a0844c4a260@group-300E66E51C4E-FollowerState] INFO  server.RaftServerConfigKeys (ConfUtils.java:logGet(46)) - raft.server.leaderelection.pre-vote = true (default)
2023-05-09 21:31:33,221 [e8fa68c0-203e-4eaa-86d9-3a0844c4a260@group-300E66E51C4E-FollowerState] INFO  impl.RoleInfo (RoleInfo.java:updateAndGet(139)) - e8fa68c0-203e-4eaa-86d9-3a0844c4a260: start e8fa68c0-203e-4eaa-86d9-3a0844c4a260@group-300E66E51C4E-LeaderElection4
2023-05-09 21:31:33,222 [e8fa68c0-203e-4eaa-86d9-3a0844c4a260@group-300E66E51C4E-LeaderElection4] INFO  impl.LeaderElection (LeaderElection.java:askForVotes(321)) - e8fa68c0-203e-4eaa-86d9-3a0844c4a260@group-300E66E51C4E-LeaderElection4 PRE_VOTE round 0: submit vote requests at term 0 for -1: peers:[e8fa68c0-203e-4eaa-86d9-3a0844c4a260|rpc:10.1.0.10:39103|dataStream:10.1.0.10:35003|priority:1|startupRole:FOLLOWER]|listeners:[], old=null
2023-05-09 21:31:33,222 [e8fa68c0-203e-4eaa-86d9-3a0844c4a260@group-300E66E51C4E-LeaderElection4] INFO  impl.LeaderElection (LeaderElection.java:askForVotes(323)) - e8fa68c0-203e-4eaa-86d9-3a0844c4a260@group-300E66E51C4E-LeaderElection4 PRE_VOTE round 0: result PASSED (term=0)
2023-05-09 21:31:33,224 [e8fa68c0-203e-4eaa-86d9-3a0844c4a260@group-300E66E51C4E-LeaderElection4] INFO  impl.LeaderElection (LeaderElection.java:askForVotes(321)) - e8fa68c0-203e-4eaa-86d9-3a0844c4a260@group-300E66E51C4E-LeaderElection4 ELECTION round 0: submit vote requests at term 1 for -1: peers:[e8fa68c0-203e-4eaa-86d9-3a0844c4a260|rpc:10.1.0.10:39103|dataStream:10.1.0.10:35003|priority:1|startupRole:FOLLOWER]|listeners:[], old=null
2023-05-09 21:31:33,224 [e8fa68c0-203e-4eaa-86d9-3a0844c4a260@group-300E66E51C4E-LeaderElection4] INFO  impl.LeaderElection (LeaderElection.java:askForVotes(323)) - e8fa68c0-203e-4eaa-86d9-3a0844c4a260@group-300E66E51C4E-LeaderElection4 ELECTION round 0: result PASSED (term=1)
2023-05-09 21:31:33,224 [e8fa68c0-203e-4eaa-86d9-3a0844c4a260@group-300E66E51C4E-LeaderElection4] INFO  impl.RoleInfo (RoleInfo.java:shutdownLeaderElection(130)) - e8fa68c0-203e-4eaa-86d9-3a0844c4a260: shutdown e8fa68c0-203e-4eaa-86d9-3a0844c4a260@group-300E66E51C4E-LeaderElection4
2023-05-09 21:31:33,224 [e8fa68c0-203e-4eaa-86d9-3a0844c4a260@group-300E66E51C4E-LeaderElection4] INFO  server.RaftServer$Division (RaftServerImpl.java:setRole(329)) - e8fa68c0-203e-4eaa-86d9-3a0844c4a260@group-300E66E51C4E: changes role from CANDIDATE to LEADER at term 1 for changeToLeader
2023-05-09 21:31:33,224 [e8fa68c0-203e-4eaa-86d9-3a0844c4a260@group-300E66E51C4E-LeaderElection4] INFO  ratis.XceiverServerRatis (XceiverServerRatis.java:handleLeaderChangedNotification(904)) - Leader change notification received for group: group-300E66E51C4E with new leaderId: e8fa68c0-203e-4eaa-86d9-3a0844c4a260
2023-05-09 21:31:33,224 [e8fa68c0-203e-4eaa-86d9-3a0844c4a260@group-300E66E51C4E-LeaderElection4] INFO  server.RaftServer$Division (ServerState.java:setLeader(317)) - e8fa68c0-203e-4eaa-86d9-3a0844c4a260@group-300E66E51C4E: change Leader from null to e8fa68c0-203e-4eaa-86d9-3a0844c4a260 at term 1 for becomeLeader, leader elected after 5190ms
2023-05-09 21:31:33,224 [e8fa68c0-203e-4eaa-86d9-3a0844c4a260@group-300E66E51C4E-LeaderElection4] INFO  server.RaftServerConfigKeys (ConfUtils.java:logGet(46)) - raft.server.staging.catchup.gap = 1000 (default)
2023-05-09 21:31:33,225 [e8fa68c0-203e-4eaa-86d9-3a0844c4a260@group-300E66E51C4E-LeaderElection4] INFO  server.RaftServerConfigKeys (ConfUtils.java:logGet(46)) - raft.server.write.element-limit = 1024 (custom)
2023-05-09 21:31:33,225 [e8fa68c0-203e-4eaa-86d9-3a0844c4a260@group-300E66E51C4E-LeaderElection4] INFO  server.RaftServerConfigKeys (ConfUtils.java:logGet(46)) - raft.server.write.byte-limit = 1024 M (=1073741824) (custom)
2023-05-09 21:31:33,225 [e8fa68c0-203e-4eaa-86d9-3a0844c4a260@group-300E66E51C4E-LeaderElection4] INFO  server.RaftServerConfigKeys (ConfUtils.java:logGet(46)) - raft.server.watch.timeout = 180s (custom)
2023-05-09 21:31:33,225 [e8fa68c0-203e-4eaa-86d9-3a0844c4a260@group-300E66E51C4E-LeaderElection4] INFO  server.RaftServerConfigKeys (ConfUtils.java:logGet(46)) - raft.server.watch.timeout.denomination = 1s (default)
2023-05-09 21:31:33,225 [e8fa68c0-203e-4eaa-86d9-3a0844c4a260@group-300E66E51C4E-LeaderElection4] INFO  server.RaftServerConfigKeys (ConfUtils.java:logGet(46)) - raft.server.watch.element-limit = 65536 (default)
2023-05-09 21:31:33,225 [e8fa68c0-203e-4eaa-86d9-3a0844c4a260@group-300E66E51C4E-LeaderElection4] INFO  server.RaftServerConfigKeys (ConfUtils.java:logGet(46)) - raft.server.write.element-limit = 1024 (custom)
2023-05-09 21:31:33,225 [e8fa68c0-203e-4eaa-86d9-3a0844c4a260@group-300E66E51C4E-LeaderElection4] INFO  server.RaftServerConfigKeys (ConfUtils.java:logGet(46)) - raft.server.write.follower.gap.ratio.max = -1.0 (default)
2023-05-09 21:31:33,226 [e8fa68c0-203e-4eaa-86d9-3a0844c4a260@group-300E66E51C4E-LeaderElection4] INFO  impl.RoleInfo (RoleInfo.java:updateAndGet(139)) - e8fa68c0-203e-4eaa-86d9-3a0844c4a260: start e8fa68c0-203e-4eaa-86d9-3a0844c4a260@group-300E66E51C4E-LeaderStateImpl
2023-05-09 21:31:33,226 [e8fa68c0-203e-4eaa-86d9-3a0844c4a260@group-300E66E51C4E-LeaderElection4] INFO  segmented.SegmentedRaftLogWorker (SegmentedRaftLogWorker.java:startLogSegment(447)) - e8fa68c0-203e-4eaa-86d9-3a0844c4a260@group-300E66E51C4E-SegmentedRaftLogWorker: Starting segment from index:0
2023-05-09 21:31:33,227 [e8fa68c0-203e-4eaa-86d9-3a0844c4a260@group-300E66E51C4E-LeaderElection4] INFO  server.RaftServer$Division (ServerState.java:setRaftConf(434)) - e8fa68c0-203e-4eaa-86d9-3a0844c4a260@group-300E66E51C4E: set configuration 0: peers:[e8fa68c0-203e-4eaa-86d9-3a0844c4a260|rpc:10.1.0.10:39103|dataStream:10.1.0.10:35003|priority:1|startupRole:FOLLOWER]|listeners:[], old=null
2023-05-09 21:31:33,228 [EventQueue-OpenPipelineForHealthyPipelineSafeModeRule] INFO  safemode.SCMSafeModeManager (HealthyPipelineSafeModeRule.java:process(137)) - SCM in safe mode. Healthy pipelines reported count is 0, required healthy pipeline reported count is 1
2023-05-09 21:31:33,228 [e8fa68c0-203e-4eaa-86d9-3a0844c4a260@group-300E66E51C4E-SegmentedRaftLogWorker] INFO  segmented.SegmentedRaftLogWorker (SegmentedRaftLogWorker.java:execute(651)) - e8fa68c0-203e-4eaa-86d9-3a0844c4a260@group-300E66E51C4E-SegmentedRaftLogWorker: created new log segment /home/runner/work/ozone/ozone/hadoop-ozone/integration-test/target/test-dir/MiniOzoneClusterImpl-3cbee31e-3440-4d49-b20a-1005a6e66246/datanode-1/data/ratis/9b46e067-99f5-48da-9e45-300e66e51c4e/current/log_inprogress_0
2023-05-09 21:31:33,229 [e8fa68c0-203e-4eaa-86d9-3a0844c4a260@group-0C517E8810D7-FollowerState] INFO  server.RaftServerConfigKeys (ConfUtils.java:logFallback(53)) - raft.server.rpc.first-election.timeout.min = 5s (fallback to raft.server.rpc.timeout.min)
2023-05-09 21:31:33,229 [e8fa68c0-203e-4eaa-86d9-3a0844c4a260@group-0C517E8810D7-FollowerState] INFO  server.RaftServerConfigKeys (ConfUtils.java:logFallback(53)) - raft.server.rpc.first-election.timeout.max = 5200ms (fallback to raft.server.rpc.timeout.max)
2023-05-09 21:31:33,377 [eed6c27f-a5c3-4b8c-be7b-d7ec899a1df9@group-0C517E8810D7-FollowerState] INFO  impl.FollowerState (FollowerState.java:run(143)) - eed6c27f-a5c3-4b8c-be7b-d7ec899a1df9@group-0C517E8810D7-FollowerState: change to CANDIDATE, lastRpcElapsedTime:5161121427ns, electionTimeout:5156ms
2023-05-09 21:31:33,377 [eed6c27f-a5c3-4b8c-be7b-d7ec899a1df9@group-0C517E8810D7-FollowerState] INFO  impl.RoleInfo (RoleInfo.java:shutdownFollowerState(110)) - eed6c27f-a5c3-4b8c-be7b-d7ec899a1df9: shutdown eed6c27f-a5c3-4b8c-be7b-d7ec899a1df9@group-0C517E8810D7-FollowerState
2023-05-09 21:31:33,377 [eed6c27f-a5c3-4b8c-be7b-d7ec899a1df9@group-0C517E8810D7-FollowerState] INFO  server.RaftServer$Division (RaftServerImpl.java:setRole(329)) - eed6c27f-a5c3-4b8c-be7b-d7ec899a1df9@group-0C517E8810D7: changes role from  FOLLOWER to CANDIDATE at term 0 for changeToCandidate
2023-05-09 21:31:33,377 [eed6c27f-a5c3-4b8c-be7b-d7ec899a1df9@group-0C517E8810D7-FollowerState] INFO  server.RaftServerConfigKeys (ConfUtils.java:logGet(46)) - raft.server.leaderelection.pre-vote = true (default)
2023-05-09 21:31:33,377 [eed6c27f-a5c3-4b8c-be7b-d7ec899a1df9@group-0C517E8810D7-FollowerState] INFO  impl.RoleInfo (RoleInfo.java:updateAndGet(139)) - eed6c27f-a5c3-4b8c-be7b-d7ec899a1df9: start eed6c27f-a5c3-4b8c-be7b-d7ec899a1df9@group-0C517E8810D7-LeaderElection5
2023-05-09 21:31:33,378 [eed6c27f-a5c3-4b8c-be7b-d7ec899a1df9@group-0C517E8810D7-LeaderElection5] INFO  impl.LeaderElection (LeaderElection.java:askForVotes(321)) - eed6c27f-a5c3-4b8c-be7b-d7ec899a1df9@group-0C517E8810D7-LeaderElection5 PRE_VOTE round 0: submit vote requests at term 0 for -1: peers:[e8fa68c0-203e-4eaa-86d9-3a0844c4a260|rpc:10.1.0.10:39103|dataStream:10.1.0.10:35003|priority:0|startupRole:FOLLOWER, eed6c27f-a5c3-4b8c-be7b-d7ec899a1df9|rpc:10.1.0.10:40555|dataStream:10.1.0.10:34121|priority:1|startupRole:FOLLOWER, 54e5972d-e1e1-478c-8095-3c6b64428aec|rpc:10.1.0.10:41587|dataStream:10.1.0.10:46409|priority:0|startupRole:FOLLOWER]|listeners:[], old=null
2023-05-09 21:31:33,381 [eed6c27f-a5c3-4b8c-be7b-d7ec899a1df9@group-0C517E8810D7-LeaderElection5] INFO  server.RaftServerConfigKeys (ConfUtils.java:logFallback(53)) - raft.server.rpc.first-election.timeout.min = 5s (fallback to raft.server.rpc.timeout.min)
2023-05-09 21:31:33,381 [eed6c27f-a5c3-4b8c-be7b-d7ec899a1df9@group-0C517E8810D7-LeaderElection5] INFO  server.RaftServerConfigKeys (ConfUtils.java:logFallback(53)) - raft.server.rpc.first-election.timeout.max = 5200ms (fallback to raft.server.rpc.timeout.max)
2023-05-09 21:31:33,381 [eed6c27f-a5c3-4b8c-be7b-d7ec899a1df9@group-0C517E8810D7-LeaderElection5-2] INFO  server.GrpcServerProtocolClient (GrpcServerProtocolClient.java:<init>(65)) - Build channel for 54e5972d-e1e1-478c-8095-3c6b64428aec
2023-05-09 21:31:33,384 [eed6c27f-a5c3-4b8c-be7b-d7ec899a1df9@group-0C517E8810D7-LeaderElection5-1] INFO  server.GrpcServerProtocolClient (GrpcServerProtocolClient.java:<init>(65)) - Build channel for e8fa68c0-203e-4eaa-86d9-3a0844c4a260
2023-05-09 21:31:33,403 [grpc-default-executor-0] INFO  server.RaftServer$Division (RaftServerImpl.java:requestVote(1302)) - e8fa68c0-203e-4eaa-86d9-3a0844c4a260@group-0C517E8810D7: receive requestVote(PRE_VOTE, eed6c27f-a5c3-4b8c-be7b-d7ec899a1df9, group-0C517E8810D7, 0, (t:0, i:0))
2023-05-09 21:31:33,404 [grpc-default-executor-0] INFO  impl.VoteContext (VoteContext.java:log(49)) - e8fa68c0-203e-4eaa-86d9-3a0844c4a260@group-0C517E8810D7-FOLLOWER: accept PRE_VOTE from eed6c27f-a5c3-4b8c-be7b-d7ec899a1df9: our priority 0 <= candidate's priority 1
2023-05-09 21:31:33,404 [grpc-default-executor-0] INFO  server.RaftServer$Division (RaftServerImpl.java:requestVote(1335)) - e8fa68c0-203e-4eaa-86d9-3a0844c4a260@group-0C517E8810D7 replies to PRE_VOTE vote request: eed6c27f-a5c3-4b8c-be7b-d7ec899a1df9<-e8fa68c0-203e-4eaa-86d9-3a0844c4a260#0:OK-t0. Peer's state: e8fa68c0-203e-4eaa-86d9-3a0844c4a260@group-0C517E8810D7:t0, leader=null, voted=, raftlog=Memoized:e8fa68c0-203e-4eaa-86d9-3a0844c4a260@group-0C517E8810D7-SegmentedRaftLog:OPENED:c-1, conf=-1: peers:[e8fa68c0-203e-4eaa-86d9-3a0844c4a260|rpc:10.1.0.10:39103|dataStream:10.1.0.10:35003|priority:0|startupRole:FOLLOWER, eed6c27f-a5c3-4b8c-be7b-d7ec899a1df9|rpc:10.1.0.10:40555|dataStream:10.1.0.10:34121|priority:1|startupRole:FOLLOWER, 54e5972d-e1e1-478c-8095-3c6b64428aec|rpc:10.1.0.10:41587|dataStream:10.1.0.10:46409|priority:0|startupRole:FOLLOWER]|listeners:[], old=null
2023-05-09 21:31:33,404 [Listener at 127.0.0.1/44485] INFO  ozone.MiniOzoneClusterImpl (MiniOzoneClusterImpl.java:lambda$waitForClusterToBeReady$0(225)) - Nodes are ready. Got 3 of 3 DN Heartbeats.
2023-05-09 21:31:33,404 [Listener at 127.0.0.1/44485] INFO  ozone.MiniOzoneClusterImpl (MiniOzoneClusterImpl.java:lambda$waitForClusterToBeReady$0(228)) - Waiting for cluster to exit safe mode
2023-05-09 21:31:33,404 [Listener at 127.0.0.1/44485] INFO  ozone.MiniOzoneClusterImpl (MiniOzoneClusterImpl.java:lambda$waitForClusterToBeReady$0(230)) - SCM became leader
2023-05-09 21:31:33,406 [eed6c27f-a5c3-4b8c-be7b-d7ec899a1df9@group-0C517E8810D7-LeaderElection5] INFO  impl.LeaderElection (LeaderElection.java:logAndReturn(90)) - eed6c27f-a5c3-4b8c-be7b-d7ec899a1df9@group-0C517E8810D7-LeaderElection5: PRE_VOTE PASSED received 1 response(s) and 0 exception(s):
2023-05-09 21:31:33,408 [eed6c27f-a5c3-4b8c-be7b-d7ec899a1df9@group-0C517E8810D7-LeaderElection5] INFO  impl.LeaderElection (LeaderElection.java:logAndReturn(94)) -   Response 0: eed6c27f-a5c3-4b8c-be7b-d7ec899a1df9<-e8fa68c0-203e-4eaa-86d9-3a0844c4a260#0:OK-t0
2023-05-09 21:31:33,408 [eed6c27f-a5c3-4b8c-be7b-d7ec899a1df9@group-0C517E8810D7-LeaderElection5] INFO  impl.LeaderElection (LeaderElection.java:askForVotes(323)) - eed6c27f-a5c3-4b8c-be7b-d7ec899a1df9@group-0C517E8810D7-LeaderElection5 PRE_VOTE round 0: result PASSED
2023-05-09 21:31:33,408 [grpc-default-executor-0] INFO  server.RaftServer$Division (RaftServerImpl.java:requestVote(1302)) - 54e5972d-e1e1-478c-8095-3c6b64428aec@group-0C517E8810D7: receive requestVote(PRE_VOTE, eed6c27f-a5c3-4b8c-be7b-d7ec899a1df9, group-0C517E8810D7, 0, (t:0, i:0))
2023-05-09 21:31:33,409 [grpc-default-executor-0] INFO  impl.VoteContext (VoteContext.java:log(49)) - 54e5972d-e1e1-478c-8095-3c6b64428aec@group-0C517E8810D7-FOLLOWER: accept PRE_VOTE from eed6c27f-a5c3-4b8c-be7b-d7ec899a1df9: our priority 0 <= candidate's priority 1
2023-05-09 21:31:33,409 [grpc-default-executor-0] INFO  server.RaftServer$Division (RaftServerImpl.java:requestVote(1335)) - 54e5972d-e1e1-478c-8095-3c6b64428aec@group-0C517E8810D7 replies to PRE_VOTE vote request: eed6c27f-a5c3-4b8c-be7b-d7ec899a1df9<-54e5972d-e1e1-478c-8095-3c6b64428aec#0:OK-t0. Peer's state: 54e5972d-e1e1-478c-8095-3c6b64428aec@group-0C517E8810D7:t0, leader=null, voted=, raftlog=Memoized:54e5972d-e1e1-478c-8095-3c6b64428aec@group-0C517E8810D7-SegmentedRaftLog:OPENED:c-1, conf=-1: peers:[e8fa68c0-203e-4eaa-86d9-3a0844c4a260|rpc:10.1.0.10:39103|dataStream:10.1.0.10:35003|priority:0|startupRole:FOLLOWER, eed6c27f-a5c3-4b8c-be7b-d7ec899a1df9|rpc:10.1.0.10:40555|dataStream:10.1.0.10:34121|priority:1|startupRole:FOLLOWER, 54e5972d-e1e1-478c-8095-3c6b64428aec|rpc:10.1.0.10:41587|dataStream:10.1.0.10:46409|priority:0|startupRole:FOLLOWER]|listeners:[], old=null
2023-05-09 21:31:33,409 [eed6c27f-a5c3-4b8c-be7b-d7ec899a1df9@group-0C517E8810D7-LeaderElection5] INFO  impl.LeaderElection (LeaderElection.java:askForVotes(321)) - eed6c27f-a5c3-4b8c-be7b-d7ec899a1df9@group-0C517E8810D7-LeaderElection5 ELECTION round 0: submit vote requests at term 1 for -1: peers:[e8fa68c0-203e-4eaa-86d9-3a0844c4a260|rpc:10.1.0.10:39103|dataStream:10.1.0.10:35003|priority:0|startupRole:FOLLOWER, eed6c27f-a5c3-4b8c-be7b-d7ec899a1df9|rpc:10.1.0.10:40555|dataStream:10.1.0.10:34121|priority:1|startupRole:FOLLOWER, 54e5972d-e1e1-478c-8095-3c6b64428aec|rpc:10.1.0.10:41587|dataStream:10.1.0.10:46409|priority:0|startupRole:FOLLOWER]|listeners:[], old=null
2023-05-09 21:31:33,420 [eed6c27f-a5c3-4b8c-be7b-d7ec899a1df9@group-0C517E8810D7-LeaderElection5] INFO  server.RaftServerConfigKeys (ConfUtils.java:logFallback(53)) - raft.server.rpc.first-election.timeout.min = 5s (fallback to raft.server.rpc.timeout.min)
2023-05-09 21:31:33,420 [eed6c27f-a5c3-4b8c-be7b-d7ec899a1df9@group-0C517E8810D7-LeaderElection5] INFO  server.RaftServerConfigKeys (ConfUtils.java:logFallback(53)) - raft.server.rpc.first-election.timeout.max = 5200ms (fallback to raft.server.rpc.timeout.max)
2023-05-09 21:31:33,425 [grpc-default-executor-0] INFO  server.RaftServer$Division (RaftServerImpl.java:requestVote(1302)) - e8fa68c0-203e-4eaa-86d9-3a0844c4a260@group-0C517E8810D7: receive requestVote(ELECTION, eed6c27f-a5c3-4b8c-be7b-d7ec899a1df9, group-0C517E8810D7, 1, (t:0, i:0))
2023-05-09 21:31:33,426 [grpc-default-executor-0] INFO  impl.VoteContext (VoteContext.java:log(49)) - e8fa68c0-203e-4eaa-86d9-3a0844c4a260@group-0C517E8810D7-FOLLOWER: accept ELECTION from eed6c27f-a5c3-4b8c-be7b-d7ec899a1df9: our priority 0 <= candidate's priority 1
2023-05-09 21:31:33,426 [grpc-default-executor-0] INFO  server.RaftServer$Division (RaftServerImpl.java:setRole(329)) - e8fa68c0-203e-4eaa-86d9-3a0844c4a260@group-0C517E8810D7: changes role from  FOLLOWER to FOLLOWER at term 1 for candidate:eed6c27f-a5c3-4b8c-be7b-d7ec899a1df9
2023-05-09 21:31:33,426 [grpc-default-executor-0] INFO  impl.RoleInfo (RoleInfo.java:shutdownFollowerState(110)) - e8fa68c0-203e-4eaa-86d9-3a0844c4a260: shutdown e8fa68c0-203e-4eaa-86d9-3a0844c4a260@group-0C517E8810D7-FollowerState
2023-05-09 21:31:33,426 [grpc-default-executor-0] INFO  impl.RoleInfo (RoleInfo.java:updateAndGet(139)) - e8fa68c0-203e-4eaa-86d9-3a0844c4a260: start e8fa68c0-203e-4eaa-86d9-3a0844c4a260@group-0C517E8810D7-FollowerState
2023-05-09 21:31:33,427 [e8fa68c0-203e-4eaa-86d9-3a0844c4a260@group-0C517E8810D7-FollowerState] INFO  impl.FollowerState (FollowerState.java:run(152)) - e8fa68c0-203e-4eaa-86d9-3a0844c4a260@group-0C517E8810D7-FollowerState was interrupted
2023-05-09 21:31:33,425 [grpc-default-executor-1] INFO  server.RaftServer$Division (RaftServerImpl.java:requestVote(1302)) - 54e5972d-e1e1-478c-8095-3c6b64428aec@group-0C517E8810D7: receive requestVote(ELECTION, eed6c27f-a5c3-4b8c-be7b-d7ec899a1df9, group-0C517E8810D7, 1, (t:0, i:0))
2023-05-09 21:31:33,427 [grpc-default-executor-1] INFO  impl.VoteContext (VoteContext.java:log(49)) - 54e5972d-e1e1-478c-8095-3c6b64428aec@group-0C517E8810D7-FOLLOWER: accept ELECTION from eed6c27f-a5c3-4b8c-be7b-d7ec899a1df9: our priority 0 <= candidate's priority 1
2023-05-09 21:31:33,427 [grpc-default-executor-1] INFO  server.RaftServer$Division (RaftServerImpl.java:setRole(329)) - 54e5972d-e1e1-478c-8095-3c6b64428aec@group-0C517E8810D7: changes role from  FOLLOWER to FOLLOWER at term 1 for candidate:eed6c27f-a5c3-4b8c-be7b-d7ec899a1df9
2023-05-09 21:31:33,427 [grpc-default-executor-1] INFO  impl.RoleInfo (RoleInfo.java:shutdownFollowerState(110)) - 54e5972d-e1e1-478c-8095-3c6b64428aec: shutdown 54e5972d-e1e1-478c-8095-3c6b64428aec@group-0C517E8810D7-FollowerState
2023-05-09 21:31:33,428 [grpc-default-executor-1] INFO  impl.RoleInfo (RoleInfo.java:updateAndGet(139)) - 54e5972d-e1e1-478c-8095-3c6b64428aec: start 54e5972d-e1e1-478c-8095-3c6b64428aec@group-0C517E8810D7-FollowerState
2023-05-09 21:31:33,428 [54e5972d-e1e1-478c-8095-3c6b64428aec@group-0C517E8810D7-FollowerState] INFO  impl.FollowerState (FollowerState.java:run(152)) - 54e5972d-e1e1-478c-8095-3c6b64428aec@group-0C517E8810D7-FollowerState was interrupted
2023-05-09 21:31:33,429 [grpc-default-executor-0] INFO  server.RaftServer$Division (RaftServerImpl.java:requestVote(1335)) - e8fa68c0-203e-4eaa-86d9-3a0844c4a260@group-0C517E8810D7 replies to ELECTION vote request: eed6c27f-a5c3-4b8c-be7b-d7ec899a1df9<-e8fa68c0-203e-4eaa-86d9-3a0844c4a260#0:OK-t1. Peer's state: e8fa68c0-203e-4eaa-86d9-3a0844c4a260@group-0C517E8810D7:t1, leader=null, voted=eed6c27f-a5c3-4b8c-be7b-d7ec899a1df9, raftlog=Memoized:e8fa68c0-203e-4eaa-86d9-3a0844c4a260@group-0C517E8810D7-SegmentedRaftLog:OPENED:c-1, conf=-1: peers:[e8fa68c0-203e-4eaa-86d9-3a0844c4a260|rpc:10.1.0.10:39103|dataStream:10.1.0.10:35003|priority:0|startupRole:FOLLOWER, eed6c27f-a5c3-4b8c-be7b-d7ec899a1df9|rpc:10.1.0.10:40555|dataStream:10.1.0.10:34121|priority:1|startupRole:FOLLOWER, 54e5972d-e1e1-478c-8095-3c6b64428aec|rpc:10.1.0.10:41587|dataStream:10.1.0.10:46409|priority:0|startupRole:FOLLOWER]|listeners:[], old=null
2023-05-09 21:31:33,431 [eed6c27f-a5c3-4b8c-be7b-d7ec899a1df9@group-0C517E8810D7-LeaderElection5] INFO  impl.LeaderElection (LeaderElection.java:logAndReturn(90)) - eed6c27f-a5c3-4b8c-be7b-d7ec899a1df9@group-0C517E8810D7-LeaderElection5: ELECTION PASSED received 1 response(s) and 0 exception(s):
2023-05-09 21:31:33,431 [eed6c27f-a5c3-4b8c-be7b-d7ec899a1df9@group-0C517E8810D7-LeaderElection5] INFO  impl.LeaderElection (LeaderElection.java:logAndReturn(94)) -   Response 0: eed6c27f-a5c3-4b8c-be7b-d7ec899a1df9<-e8fa68c0-203e-4eaa-86d9-3a0844c4a260#0:OK-t1
2023-05-09 21:31:33,431 [eed6c27f-a5c3-4b8c-be7b-d7ec899a1df9@group-0C517E8810D7-LeaderElection5] INFO  impl.LeaderElection (LeaderElection.java:askForVotes(323)) - eed6c27f-a5c3-4b8c-be7b-d7ec899a1df9@group-0C517E8810D7-LeaderElection5 ELECTION round 0: result PASSED
2023-05-09 21:31:33,431 [eed6c27f-a5c3-4b8c-be7b-d7ec899a1df9@group-0C517E8810D7-LeaderElection5] INFO  impl.RoleInfo (RoleInfo.java:shutdownLeaderElection(130)) - eed6c27f-a5c3-4b8c-be7b-d7ec899a1df9: shutdown eed6c27f-a5c3-4b8c-be7b-d7ec899a1df9@group-0C517E8810D7-LeaderElection5
2023-05-09 21:31:33,431 [eed6c27f-a5c3-4b8c-be7b-d7ec899a1df9@group-0C517E8810D7-LeaderElection5] INFO  server.RaftServer$Division (RaftServerImpl.java:setRole(329)) - eed6c27f-a5c3-4b8c-be7b-d7ec899a1df9@group-0C517E8810D7: changes role from CANDIDATE to LEADER at term 1 for changeToLeader
2023-05-09 21:31:33,431 [eed6c27f-a5c3-4b8c-be7b-d7ec899a1df9@group-0C517E8810D7-LeaderElection5] INFO  ratis.XceiverServerRatis (XceiverServerRatis.java:handleLeaderChangedNotification(904)) - Leader change notification received for group: group-0C517E8810D7 with new leaderId: eed6c27f-a5c3-4b8c-be7b-d7ec899a1df9
2023-05-09 21:31:33,431 [eed6c27f-a5c3-4b8c-be7b-d7ec899a1df9@group-0C517E8810D7-LeaderElection5] INFO  server.RaftServer$Division (ServerState.java:setLeader(317)) - eed6c27f-a5c3-4b8c-be7b-d7ec899a1df9@group-0C517E8810D7: change Leader from null to eed6c27f-a5c3-4b8c-be7b-d7ec899a1df9 at term 1 for becomeLeader, leader elected after 5254ms
2023-05-09 21:31:33,431 [eed6c27f-a5c3-4b8c-be7b-d7ec899a1df9@group-0C517E8810D7-LeaderElection5] INFO  server.RaftServerConfigKeys (ConfUtils.java:logGet(46)) - raft.server.staging.catchup.gap = 1000 (default)
2023-05-09 21:31:33,431 [eed6c27f-a5c3-4b8c-be7b-d7ec899a1df9@group-0C517E8810D7-LeaderElection5] INFO  server.RaftServerConfigKeys (ConfUtils.java:logGet(46)) - raft.server.write.element-limit = 1024 (custom)
2023-05-09 21:31:33,431 [eed6c27f-a5c3-4b8c-be7b-d7ec899a1df9@group-0C517E8810D7-LeaderElection5] INFO  server.RaftServerConfigKeys (ConfUtils.java:logGet(46)) - raft.server.write.byte-limit = 1024 M (=1073741824) (custom)
2023-05-09 21:31:33,432 [eed6c27f-a5c3-4b8c-be7b-d7ec899a1df9@group-0C517E8810D7-LeaderElection5] INFO  server.RaftServerConfigKeys (ConfUtils.java:logGet(46)) - raft.server.watch.timeout = 180s (custom)
2023-05-09 21:31:33,432 [eed6c27f-a5c3-4b8c-be7b-d7ec899a1df9@group-0C517E8810D7-LeaderElection5] INFO  server.RaftServerConfigKeys (ConfUtils.java:logGet(46)) - raft.server.watch.timeout.denomination = 1s (default)
2023-05-09 21:31:33,432 [eed6c27f-a5c3-4b8c-be7b-d7ec899a1df9@group-0C517E8810D7-LeaderElection5] INFO  server.RaftServerConfigKeys (ConfUtils.java:logGet(46)) - raft.server.watch.element-limit = 65536 (default)
2023-05-09 21:31:33,432 [eed6c27f-a5c3-4b8c-be7b-d7ec899a1df9@group-0C517E8810D7-LeaderElection5] INFO  server.RaftServerConfigKeys (ConfUtils.java:logGet(46)) - raft.server.write.element-limit = 1024 (custom)
2023-05-09 21:31:33,432 [eed6c27f-a5c3-4b8c-be7b-d7ec899a1df9@group-0C517E8810D7-LeaderElection5] INFO  server.RaftServerConfigKeys (ConfUtils.java:logGet(46)) - raft.server.write.follower.gap.ratio.max = -1.0 (default)
2023-05-09 21:31:33,435 [grpc-default-executor-1] INFO  server.RaftServer$Division (RaftServerImpl.java:requestVote(1335)) - 54e5972d-e1e1-478c-8095-3c6b64428aec@group-0C517E8810D7 replies to ELECTION vote request: eed6c27f-a5c3-4b8c-be7b-d7ec899a1df9<-54e5972d-e1e1-478c-8095-3c6b64428aec#0:OK-t1. Peer's state: 54e5972d-e1e1-478c-8095-3c6b64428aec@group-0C517E8810D7:t1, leader=null, voted=eed6c27f-a5c3-4b8c-be7b-d7ec899a1df9, raftlog=Memoized:54e5972d-e1e1-478c-8095-3c6b64428aec@group-0C517E8810D7-SegmentedRaftLog:OPENED:c-1, conf=-1: peers:[e8fa68c0-203e-4eaa-86d9-3a0844c4a260|rpc:10.1.0.10:39103|dataStream:10.1.0.10:35003|priority:0|startupRole:FOLLOWER, eed6c27f-a5c3-4b8c-be7b-d7ec899a1df9|rpc:10.1.0.10:40555|dataStream:10.1.0.10:34121|priority:1|startupRole:FOLLOWER, 54e5972d-e1e1-478c-8095-3c6b64428aec|rpc:10.1.0.10:41587|dataStream:10.1.0.10:46409|priority:0|startupRole:FOLLOWER]|listeners:[], old=null
2023-05-09 21:31:33,440 [EventQueue-OpenPipelineForHealthyPipelineSafeModeRule] INFO  safemode.SCMSafeModeManager (HealthyPipelineSafeModeRule.java:process(137)) - SCM in safe mode. Healthy pipelines reported count is 0, required healthy pipeline reported count is 1
2023-05-09 21:31:33,441 [EventQueue-PipelineReportForPipelineReportHandler] INFO  pipeline.PipelineManagerImpl (PipelineManagerImpl.java:openPipeline(367)) - Pipeline Pipeline[ Id: 28219639-ae17-435b-b361-0c517e8810d7, Nodes: eed6c27f-a5c3-4b8c-be7b-d7ec899a1df9(fv-az72-49.paxcb4zidlwe3mfrpko3itqnmd.bx.internal.cloudapp.net/10.1.0.10)54e5972d-e1e1-478c-8095-3c6b64428aec(fv-az72-49.paxcb4zidlwe3mfrpko3itqnmd.bx.internal.cloudapp.net/10.1.0.10)e8fa68c0-203e-4eaa-86d9-3a0844c4a260(fv-az72-49.paxcb4zidlwe3mfrpko3itqnmd.bx.internal.cloudapp.net/10.1.0.10), ReplicationConfig: RATIS/THREE, State:ALLOCATED, leaderId:eed6c27f-a5c3-4b8c-be7b-d7ec899a1df9, CreationTimestamp2023-05-09T21:31:25.399Z[Etc/UTC]] moved to OPEN state
2023-05-09 21:31:33,443 [EventQueue-OpenPipelineForHealthyPipelineSafeModeRule] INFO  safemode.SCMSafeModeManager (HealthyPipelineSafeModeRule.java:process(137)) - SCM in safe mode. Healthy pipelines reported count is 1, required healthy pipeline reported count is 1
2023-05-09 21:31:33,443 [EventQueue-OpenPipelineForHealthyPipelineSafeModeRule] INFO  safemode.SCMSafeModeManager (SCMSafeModeManager.java:validateSafeModeExitRules(200)) - HealthyPipelineSafeModeRule rule is successfully validated
2023-05-09 21:31:33,443 [EventQueue-OpenPipelineForHealthyPipelineSafeModeRule] INFO  safemode.SCMSafeModeManager (SCMSafeModeManager.java:validateSafeModeExitRules(215)) - ScmSafeModeManager, all rules are successfully validated
2023-05-09 21:31:33,443 [EventQueue-OpenPipelineForHealthyPipelineSafeModeRule] INFO  safemode.SCMSafeModeManager (SCMSafeModeManager.java:exitSafeMode(244)) - SCM exiting safe mode.
2023-05-09 21:31:33,443 [EventQueue-OpenPipelineForHealthyPipelineSafeModeRule] INFO  ha.SCMContext (SCMContext.java:updateSafeModeStatus(228)) - Update SafeModeStatus from SafeModeStatus{safeModeStatus=true, preCheckPassed=true} to SafeModeStatus{safeModeStatus=false, preCheckPassed=true}.
2023-05-09 21:31:33,443 [EventQueue-OpenPipelineForHealthyPipelineSafeModeRule] INFO  pipeline.BackgroundPipelineCreator (BackgroundPipelineCreator.java:notifyStatusChanged(254)) - Service BackgroundPipelineCreator transitions to RUNNING.
2023-05-09 21:31:33,443 [EventQueue-OpenPipelineForHealthyPipelineSafeModeRule] INFO  BackgroundPipelineScrubber (BackgroundSCMService.java:notifyStatusChanged(82)) - Service BackgroundPipelineScrubber transitions to RUNNING.
2023-05-09 21:31:33,443 [EventQueue-OpenPipelineForHealthyPipelineSafeModeRule] INFO  ExpiredContainerReplicaOpScrubber (BackgroundSCMService.java:notifyStatusChanged(82)) - Service ExpiredContainerReplicaOpScrubber transitions to RUNNING.
2023-05-09 21:31:33,443 [EventQueue-OpenPipelineForHealthyPipelineSafeModeRule] INFO  replication.ReplicationManager (ReplicationManager.java:notifyStatusChanged(1377)) - Service ReplicationManager transitions to RUNNING.
2023-05-09 21:31:33,446 [EventQueue-OpenPipelineForHealthyPipelineSafeModeRule] WARN  balancer.ContainerBalancer (ContainerBalancer.java:shouldRun(132)) - Could not find persisted configuration for ContainerBalancer when checking if ContainerBalancer should run. ContainerBalancer should not run now.
2023-05-09 21:31:33,450 [eed6c27f-a5c3-4b8c-be7b-d7ec899a1df9@group-0C517E8810D7-LeaderElection5] INFO  server.RaftServerConfigKeys (ConfUtils.java:logGet(46)) - raft.server.log.appender.snapshot.chunk.size.max = 16MB (=16777216) (default)
2023-05-09 21:31:33,450 [eed6c27f-a5c3-4b8c-be7b-d7ec899a1df9@group-0C517E8810D7-LeaderElection5] INFO  server.RaftServerConfigKeys (ConfUtils.java:logGet(46)) - raft.server.log.appender.buffer.byte-limit = 33554432 (custom)
2023-05-09 21:31:33,450 [eed6c27f-a5c3-4b8c-be7b-d7ec899a1df9@group-0C517E8810D7-LeaderElection5] INFO  server.RaftServerConfigKeys (ConfUtils.java:logGet(46)) - raft.server.log.appender.buffer.element-limit = 1 (custom)
2023-05-09 21:31:33,452 [eed6c27f-a5c3-4b8c-be7b-d7ec899a1df9@group-95D780E5A3E9-FollowerState] INFO  impl.FollowerState (FollowerState.java:run(143)) - eed6c27f-a5c3-4b8c-be7b-d7ec899a1df9@group-95D780E5A3E9-FollowerState: change to CANDIDATE, lastRpcElapsedTime:5015893323ns, electionTimeout:5010ms
2023-05-09 21:31:33,452 [eed6c27f-a5c3-4b8c-be7b-d7ec899a1df9@group-95D780E5A3E9-FollowerState] INFO  impl.RoleInfo (RoleInfo.java:shutdownFollowerState(110)) - eed6c27f-a5c3-4b8c-be7b-d7ec899a1df9: shutdown eed6c27f-a5c3-4b8c-be7b-d7ec899a1df9@group-95D780E5A3E9-FollowerState
2023-05-09 21:31:33,452 [eed6c27f-a5c3-4b8c-be7b-d7ec899a1df9@group-95D780E5A3E9-FollowerState] INFO  server.RaftServer$Division (RaftServerImpl.java:setRole(329)) - eed6c27f-a5c3-4b8c-be7b-d7ec899a1df9@group-95D780E5A3E9: changes role from  FOLLOWER to CANDIDATE at term 0 for changeToCandidate
2023-05-09 21:31:33,452 [eed6c27f-a5c3-4b8c-be7b-d7ec899a1df9@group-95D780E5A3E9-FollowerState] INFO  server.RaftServerConfigKeys (ConfUtils.java:logGet(46)) - raft.server.leaderelection.pre-vote = true (default)
2023-05-09 21:31:33,452 [eed6c27f-a5c3-4b8c-be7b-d7ec899a1df9@group-95D780E5A3E9-FollowerState] INFO  impl.RoleInfo (RoleInfo.java:updateAndGet(139)) - eed6c27f-a5c3-4b8c-be7b-d7ec899a1df9: start eed6c27f-a5c3-4b8c-be7b-d7ec899a1df9@group-95D780E5A3E9-LeaderElection6
2023-05-09 21:31:33,456 [eed6c27f-a5c3-4b8c-be7b-d7ec899a1df9@group-0C517E8810D7-LeaderElection5] INFO  server.RaftServerConfigKeys (ConfUtils.java:logGet(46)) - raft.server.log.appender.wait-time.min = 10ms (default)
2023-05-09 21:31:33,457 [eed6c27f-a5c3-4b8c-be7b-d7ec899a1df9@group-0C517E8810D7-LeaderElection5] INFO  grpc.GrpcConfigKeys (ConfUtils.java:logGet(46)) - raft.grpc.server.leader.outstanding.appends.max = 128 (default)
2023-05-09 21:31:33,457 [eed6c27f-a5c3-4b8c-be7b-d7ec899a1df9@group-0C517E8810D7-LeaderElection5] INFO  server.RaftServerConfigKeys (ConfUtils.java:logGet(46)) - raft.server.rpc.request.timeout = 60s (custom)
2023-05-09 21:31:33,457 [eed6c27f-a5c3-4b8c-be7b-d7ec899a1df9@group-0C517E8810D7-LeaderElection5] INFO  grpc.GrpcConfigKeys (ConfUtils.java:logGet(46)) - raft.grpc.server.install_snapshot.request.element-limit = 8 (default)
2023-05-09 21:31:33,457 [eed6c27f-a5c3-4b8c-be7b-d7ec899a1df9@group-0C517E8810D7-LeaderElection5] INFO  grpc.GrpcConfigKeys (ConfUtils.java:logGet(46)) - raft.grpc.server.install_snapshot.request.timeout = 3000ms (default)
2023-05-09 21:31:33,457 [eed6c27f-a5c3-4b8c-be7b-d7ec899a1df9@group-0C517E8810D7-LeaderElection5] INFO  server.RaftServerConfigKeys (ConfUtils.java:logGet(46)) - raft.server.log.appender.install.snapshot.enabled = false (custom)
2023-05-09 21:31:33,457 [eed6c27f-a5c3-4b8c-be7b-d7ec899a1df9@group-0C517E8810D7-LeaderElection5] INFO  grpc.GrpcConfigKeys (ConfUtils.java:logGet(46)) - raft.grpc.server.heartbeat.channel = true (default)
2023-05-09 21:31:33,459 [eed6c27f-a5c3-4b8c-be7b-d7ec899a1df9@group-95D780E5A3E9-LeaderElection6] INFO  impl.LeaderElection (LeaderElection.java:askForVotes(321)) - eed6c27f-a5c3-4b8c-be7b-d7ec899a1df9@group-95D780E5A3E9-LeaderElection6 PRE_VOTE round 0: submit vote requests at term 0 for -1: peers:[eed6c27f-a5c3-4b8c-be7b-d7ec899a1df9|rpc:10.1.0.10:40555|dataStream:10.1.0.10:34121|priority:1|startupRole:FOLLOWER]|listeners:[], old=null
2023-05-09 21:31:33,459 [eed6c27f-a5c3-4b8c-be7b-d7ec899a1df9@group-95D780E5A3E9-LeaderElection6] INFO  impl.LeaderElection (LeaderElection.java:askForVotes(323)) - eed6c27f-a5c3-4b8c-be7b-d7ec899a1df9@group-95D780E5A3E9-LeaderElection6 PRE_VOTE round 0: result PASSED (term=0)
2023-05-09 21:31:33,460 [eed6c27f-a5c3-4b8c-be7b-d7ec899a1df9@group-95D780E5A3E9-LeaderElection6] INFO  impl.LeaderElection (LeaderElection.java:askForVotes(321)) - eed6c27f-a5c3-4b8c-be7b-d7ec899a1df9@group-95D780E5A3E9-LeaderElection6 ELECTION round 0: submit vote requests at term 1 for -1: peers:[eed6c27f-a5c3-4b8c-be7b-d7ec899a1df9|rpc:10.1.0.10:40555|dataStream:10.1.0.10:34121|priority:1|startupRole:FOLLOWER]|listeners:[], old=null
2023-05-09 21:31:33,460 [eed6c27f-a5c3-4b8c-be7b-d7ec899a1df9@group-95D780E5A3E9-LeaderElection6] INFO  impl.LeaderElection (LeaderElection.java:askForVotes(323)) - eed6c27f-a5c3-4b8c-be7b-d7ec899a1df9@group-95D780E5A3E9-LeaderElection6 ELECTION round 0: result PASSED (term=1)
2023-05-09 21:31:33,460 [eed6c27f-a5c3-4b8c-be7b-d7ec899a1df9@group-95D780E5A3E9-LeaderElection6] INFO  impl.RoleInfo (RoleInfo.java:shutdownLeaderElection(130)) - eed6c27f-a5c3-4b8c-be7b-d7ec899a1df9: shutdown eed6c27f-a5c3-4b8c-be7b-d7ec899a1df9@group-95D780E5A3E9-LeaderElection6
2023-05-09 21:31:33,461 [eed6c27f-a5c3-4b8c-be7b-d7ec899a1df9@group-95D780E5A3E9-LeaderElection6] INFO  server.RaftServer$Division (RaftServerImpl.java:setRole(329)) - eed6c27f-a5c3-4b8c-be7b-d7ec899a1df9@group-95D780E5A3E9: changes role from CANDIDATE to LEADER at term 1 for changeToLeader
2023-05-09 21:31:33,461 [eed6c27f-a5c3-4b8c-be7b-d7ec899a1df9@group-95D780E5A3E9-LeaderElection6] INFO  ratis.XceiverServerRatis (XceiverServerRatis.java:handleLeaderChangedNotification(904)) - Leader change notification received for group: group-95D780E5A3E9 with new leaderId: eed6c27f-a5c3-4b8c-be7b-d7ec899a1df9
2023-05-09 21:31:33,461 [eed6c27f-a5c3-4b8c-be7b-d7ec899a1df9@group-0C517E8810D7-LeaderElection5] INFO  server.RaftServerConfigKeys (ConfUtils.java:logGet(46)) - raft.server.log.appender.snapshot.chunk.size.max = 16MB (=16777216) (default)
2023-05-09 21:31:33,461 [eed6c27f-a5c3-4b8c-be7b-d7ec899a1df9@group-0C517E8810D7-LeaderElection5] INFO  server.RaftServerConfigKeys (ConfUtils.java:logGet(46)) - raft.server.log.appender.buffer.byte-limit = 33554432 (custom)
2023-05-09 21:31:33,461 [eed6c27f-a5c3-4b8c-be7b-d7ec899a1df9@group-0C517E8810D7-LeaderElection5] INFO  server.RaftServerConfigKeys (ConfUtils.java:logGet(46)) - raft.server.log.appender.buffer.element-limit = 1 (custom)
2023-05-09 21:31:33,462 [eed6c27f-a5c3-4b8c-be7b-d7ec899a1df9@group-0C517E8810D7-LeaderElection5] INFO  server.RaftServerConfigKeys (ConfUtils.java:logGet(46)) - raft.server.log.appender.wait-time.min = 10ms (default)
2023-05-09 21:31:33,465 [eed6c27f-a5c3-4b8c-be7b-d7ec899a1df9@group-0C517E8810D7-LeaderElection5] INFO  grpc.GrpcConfigKeys (ConfUtils.java:logGet(46)) - raft.grpc.server.leader.outstanding.appends.max = 128 (default)
2023-05-09 21:31:33,465 [eed6c27f-a5c3-4b8c-be7b-d7ec899a1df9@group-0C517E8810D7-LeaderElection5] INFO  server.RaftServerConfigKeys (ConfUtils.java:logGet(46)) - raft.server.rpc.request.timeout = 60s (custom)
2023-05-09 21:31:33,465 [eed6c27f-a5c3-4b8c-be7b-d7ec899a1df9@group-0C517E8810D7-LeaderElection5] INFO  grpc.GrpcConfigKeys (ConfUtils.java:logGet(46)) - raft.grpc.server.install_snapshot.request.element-limit = 8 (default)
2023-05-09 21:31:33,465 [eed6c27f-a5c3-4b8c-be7b-d7ec899a1df9@group-0C517E8810D7-LeaderElection5] INFO  grpc.GrpcConfigKeys (ConfUtils.java:logGet(46)) - raft.grpc.server.install_snapshot.request.timeout = 3000ms (default)
2023-05-09 21:31:33,465 [eed6c27f-a5c3-4b8c-be7b-d7ec899a1df9@group-0C517E8810D7-LeaderElection5] INFO  server.RaftServerConfigKeys (ConfUtils.java:logGet(46)) - raft.server.log.appender.install.snapshot.enabled = false (custom)
2023-05-09 21:31:33,465 [eed6c27f-a5c3-4b8c-be7b-d7ec899a1df9@group-0C517E8810D7-LeaderElection5] INFO  grpc.GrpcConfigKeys (ConfUtils.java:logGet(46)) - raft.grpc.server.heartbeat.channel = true (default)
2023-05-09 21:31:33,466 [eed6c27f-a5c3-4b8c-be7b-d7ec899a1df9@group-0C517E8810D7-LeaderElection5] INFO  impl.RoleInfo (RoleInfo.java:updateAndGet(139)) - eed6c27f-a5c3-4b8c-be7b-d7ec899a1df9: start eed6c27f-a5c3-4b8c-be7b-d7ec899a1df9@group-0C517E8810D7-LeaderStateImpl
2023-05-09 21:31:33,467 [eed6c27f-a5c3-4b8c-be7b-d7ec899a1df9@group-0C517E8810D7-LeaderElection5] INFO  segmented.SegmentedRaftLogWorker (SegmentedRaftLogWorker.java:startLogSegment(447)) - eed6c27f-a5c3-4b8c-be7b-d7ec899a1df9@group-0C517E8810D7-SegmentedRaftLogWorker: Starting segment from index:0
2023-05-09 21:31:33,467 [eed6c27f-a5c3-4b8c-be7b-d7ec899a1df9@group-95D780E5A3E9-LeaderElection6] INFO  server.RaftServer$Division (ServerState.java:setLeader(317)) - eed6c27f-a5c3-4b8c-be7b-d7ec899a1df9@group-95D780E5A3E9: change Leader from null to eed6c27f-a5c3-4b8c-be7b-d7ec899a1df9 at term 1 for becomeLeader, leader elected after 5056ms
2023-05-09 21:31:33,467 [eed6c27f-a5c3-4b8c-be7b-d7ec899a1df9@group-95D780E5A3E9-LeaderElection6] INFO  server.RaftServerConfigKeys (ConfUtils.java:logGet(46)) - raft.server.staging.catchup.gap = 1000 (default)
2023-05-09 21:31:33,472 [eed6c27f-a5c3-4b8c-be7b-d7ec899a1df9@group-95D780E5A3E9-LeaderElection6] INFO  server.RaftServerConfigKeys (ConfUtils.java:logGet(46)) - raft.server.write.element-limit = 1024 (custom)
2023-05-09 21:31:33,472 [eed6c27f-a5c3-4b8c-be7b-d7ec899a1df9@group-95D780E5A3E9-LeaderElection6] INFO  server.RaftServerConfigKeys (ConfUtils.java:logGet(46)) - raft.server.write.byte-limit = 1024 M (=1073741824) (custom)
2023-05-09 21:31:33,472 [eed6c27f-a5c3-4b8c-be7b-d7ec899a1df9@group-95D780E5A3E9-LeaderElection6] INFO  server.RaftServerConfigKeys (ConfUtils.java:logGet(46)) - raft.server.watch.timeout = 180s (custom)
2023-05-09 21:31:33,472 [eed6c27f-a5c3-4b8c-be7b-d7ec899a1df9@group-95D780E5A3E9-LeaderElection6] INFO  server.RaftServerConfigKeys (ConfUtils.java:logGet(46)) - raft.server.watch.timeout.denomination = 1s (default)
2023-05-09 21:31:33,472 [eed6c27f-a5c3-4b8c-be7b-d7ec899a1df9@group-95D780E5A3E9-LeaderElection6] INFO  server.RaftServerConfigKeys (ConfUtils.java:logGet(46)) - raft.server.watch.element-limit = 65536 (default)
2023-05-09 21:31:33,472 [eed6c27f-a5c3-4b8c-be7b-d7ec899a1df9@group-95D780E5A3E9-LeaderElection6] INFO  server.RaftServerConfigKeys (ConfUtils.java:logGet(46)) - raft.server.write.element-limit = 1024 (custom)
2023-05-09 21:31:33,472 [eed6c27f-a5c3-4b8c-be7b-d7ec899a1df9@group-95D780E5A3E9-LeaderElection6] INFO  server.RaftServerConfigKeys (ConfUtils.java:logGet(46)) - raft.server.write.follower.gap.ratio.max = -1.0 (default)
2023-05-09 21:31:33,472 [eed6c27f-a5c3-4b8c-be7b-d7ec899a1df9@group-95D780E5A3E9-LeaderElection6] INFO  impl.RoleInfo (RoleInfo.java:updateAndGet(139)) - eed6c27f-a5c3-4b8c-be7b-d7ec899a1df9: start eed6c27f-a5c3-4b8c-be7b-d7ec899a1df9@group-95D780E5A3E9-LeaderStateImpl
2023-05-09 21:31:33,472 [eed6c27f-a5c3-4b8c-be7b-d7ec899a1df9@group-95D780E5A3E9-LeaderElection6] INFO  segmented.SegmentedRaftLogWorker (SegmentedRaftLogWorker.java:startLogSegment(447)) - eed6c27f-a5c3-4b8c-be7b-d7ec899a1df9@group-95D780E5A3E9-SegmentedRaftLogWorker: Starting segment from index:0
2023-05-09 21:31:33,473 [eed6c27f-a5c3-4b8c-be7b-d7ec899a1df9@group-0C517E8810D7-SegmentedRaftLogWorker] INFO  segmented.SegmentedRaftLogWorker (SegmentedRaftLogWorker.java:execute(651)) - eed6c27f-a5c3-4b8c-be7b-d7ec899a1df9@group-0C517E8810D7-SegmentedRaftLogWorker: created new log segment /home/runner/work/ozone/ozone/hadoop-ozone/integration-test/target/test-dir/MiniOzoneClusterImpl-3cbee31e-3440-4d49-b20a-1005a6e66246/datanode-2/data/ratis/28219639-ae17-435b-b361-0c517e8810d7/current/log_inprogress_0
2023-05-09 21:31:33,474 [eed6c27f-a5c3-4b8c-be7b-d7ec899a1df9@group-95D780E5A3E9-SegmentedRaftLogWorker] INFO  segmented.SegmentedRaftLogWorker (SegmentedRaftLogWorker.java:execute(651)) - eed6c27f-a5c3-4b8c-be7b-d7ec899a1df9@group-95D780E5A3E9-SegmentedRaftLogWorker: created new log segment /home/runner/work/ozone/ozone/hadoop-ozone/integration-test/target/test-dir/MiniOzoneClusterImpl-3cbee31e-3440-4d49-b20a-1005a6e66246/datanode-2/data/ratis/ff31899f-9680-4783-8ff6-95d780e5a3e9/current/log_inprogress_0
2023-05-09 21:31:33,481 [eed6c27f-a5c3-4b8c-be7b-d7ec899a1df9@group-95D780E5A3E9-LeaderElection6] INFO  server.RaftServer$Division (ServerState.java:setRaftConf(434)) - eed6c27f-a5c3-4b8c-be7b-d7ec899a1df9@group-95D780E5A3E9: set configuration 0: peers:[eed6c27f-a5c3-4b8c-be7b-d7ec899a1df9|rpc:10.1.0.10:40555|dataStream:10.1.0.10:34121|priority:1|startupRole:FOLLOWER]|listeners:[], old=null
2023-05-09 21:31:33,482 [eed6c27f-a5c3-4b8c-be7b-d7ec899a1df9@group-0C517E8810D7-LeaderElection5] INFO  server.RaftServer$Division (ServerState.java:setRaftConf(434)) - eed6c27f-a5c3-4b8c-be7b-d7ec899a1df9@group-0C517E8810D7: set configuration 0: peers:[e8fa68c0-203e-4eaa-86d9-3a0844c4a260|rpc:10.1.0.10:39103|dataStream:10.1.0.10:35003|priority:0|startupRole:FOLLOWER, eed6c27f-a5c3-4b8c-be7b-d7ec899a1df9|rpc:10.1.0.10:40555|dataStream:10.1.0.10:34121|priority:1|startupRole:FOLLOWER, 54e5972d-e1e1-478c-8095-3c6b64428aec|rpc:10.1.0.10:41587|dataStream:10.1.0.10:46409|priority:0|startupRole:FOLLOWER]|listeners:[], old=null
2023-05-09 21:31:33,524 [e8fa68c0-203e-4eaa-86d9-3a0844c4a260-server-thread1] INFO  ratis.XceiverServerRatis (XceiverServerRatis.java:handleLeaderChangedNotification(904)) - Leader change notification received for group: group-0C517E8810D7 with new leaderId: eed6c27f-a5c3-4b8c-be7b-d7ec899a1df9
2023-05-09 21:31:33,524 [e8fa68c0-203e-4eaa-86d9-3a0844c4a260-server-thread1] INFO  server.RaftServer$Division (ServerState.java:setLeader(317)) - e8fa68c0-203e-4eaa-86d9-3a0844c4a260@group-0C517E8810D7: change Leader from null to eed6c27f-a5c3-4b8c-be7b-d7ec899a1df9 at term 1 for appendEntries, leader elected after 5413ms
2023-05-09 21:31:33,527 [54e5972d-e1e1-478c-8095-3c6b64428aec-server-thread1] INFO  ratis.XceiverServerRatis (XceiverServerRatis.java:handleLeaderChangedNotification(904)) - Leader change notification received for group: group-0C517E8810D7 with new leaderId: eed6c27f-a5c3-4b8c-be7b-d7ec899a1df9
2023-05-09 21:31:33,528 [54e5972d-e1e1-478c-8095-3c6b64428aec-server-thread1] INFO  server.RaftServer$Division (ServerState.java:setLeader(317)) - 54e5972d-e1e1-478c-8095-3c6b64428aec@group-0C517E8810D7: change Leader from null to eed6c27f-a5c3-4b8c-be7b-d7ec899a1df9 at term 1 for appendEntries, leader elected after 5942ms
2023-05-09 21:31:33,547 [54e5972d-e1e1-478c-8095-3c6b64428aec-server-thread1] INFO  server.RaftServer$Division (ServerState.java:setRaftConf(434)) - 54e5972d-e1e1-478c-8095-3c6b64428aec@group-0C517E8810D7: set configuration 0: peers:[e8fa68c0-203e-4eaa-86d9-3a0844c4a260|rpc:10.1.0.10:39103|dataStream:10.1.0.10:35003|priority:0|startupRole:FOLLOWER, eed6c27f-a5c3-4b8c-be7b-d7ec899a1df9|rpc:10.1.0.10:40555|dataStream:10.1.0.10:34121|priority:1|startupRole:FOLLOWER, 54e5972d-e1e1-478c-8095-3c6b64428aec|rpc:10.1.0.10:41587|dataStream:10.1.0.10:46409|priority:0|startupRole:FOLLOWER]|listeners:[], old=null
2023-05-09 21:31:33,547 [54e5972d-e1e1-478c-8095-3c6b64428aec-server-thread1] INFO  segmented.SegmentedRaftLogWorker (SegmentedRaftLogWorker.java:startLogSegment(447)) - 54e5972d-e1e1-478c-8095-3c6b64428aec@group-0C517E8810D7-SegmentedRaftLogWorker: Starting segment from index:0
2023-05-09 21:31:33,548 [e8fa68c0-203e-4eaa-86d9-3a0844c4a260-server-thread2] INFO  server.RaftServer$Division (ServerState.java:setRaftConf(434)) - e8fa68c0-203e-4eaa-86d9-3a0844c4a260@group-0C517E8810D7: set configuration 0: peers:[e8fa68c0-203e-4eaa-86d9-3a0844c4a260|rpc:10.1.0.10:39103|dataStream:10.1.0.10:35003|priority:0|startupRole:FOLLOWER, eed6c27f-a5c3-4b8c-be7b-d7ec899a1df9|rpc:10.1.0.10:40555|dataStream:10.1.0.10:34121|priority:1|startupRole:FOLLOWER, 54e5972d-e1e1-478c-8095-3c6b64428aec|rpc:10.1.0.10:41587|dataStream:10.1.0.10:46409|priority:0|startupRole:FOLLOWER]|listeners:[], old=null
2023-05-09 21:31:33,548 [e8fa68c0-203e-4eaa-86d9-3a0844c4a260-server-thread2] INFO  segmented.SegmentedRaftLogWorker (SegmentedRaftLogWorker.java:startLogSegment(447)) - e8fa68c0-203e-4eaa-86d9-3a0844c4a260@group-0C517E8810D7-SegmentedRaftLogWorker: Starting segment from index:0
2023-05-09 21:31:33,549 [54e5972d-e1e1-478c-8095-3c6b64428aec@group-0C517E8810D7-SegmentedRaftLogWorker] INFO  segmented.SegmentedRaftLogWorker (SegmentedRaftLogWorker.java:execute(651)) - 54e5972d-e1e1-478c-8095-3c6b64428aec@group-0C517E8810D7-SegmentedRaftLogWorker: created new log segment /home/runner/work/ozone/ozone/hadoop-ozone/integration-test/target/test-dir/MiniOzoneClusterImpl-3cbee31e-3440-4d49-b20a-1005a6e66246/datanode-0/data/ratis/28219639-ae17-435b-b361-0c517e8810d7/current/log_inprogress_0
2023-05-09 21:31:33,549 [e8fa68c0-203e-4eaa-86d9-3a0844c4a260@group-0C517E8810D7-SegmentedRaftLogWorker] INFO  segmented.SegmentedRaftLogWorker (SegmentedRaftLogWorker.java:execute(651)) - e8fa68c0-203e-4eaa-86d9-3a0844c4a260@group-0C517E8810D7-SegmentedRaftLogWorker: created new log segment /home/runner/work/ozone/ozone/hadoop-ozone/integration-test/target/test-dir/MiniOzoneClusterImpl-3cbee31e-3440-4d49-b20a-1005a6e66246/datanode-1/data/ratis/28219639-ae17-435b-b361-0c517e8810d7/current/log_inprogress_0
2023-05-09 21:31:33,555 [54e5972d-e1e1-478c-8095-3c6b64428aec@group-175ED9196343-FollowerState] INFO  impl.FollowerState (FollowerState.java:run(143)) - 54e5972d-e1e1-478c-8095-3c6b64428aec@group-175ED9196343-FollowerState: change to CANDIDATE, lastRpcElapsedTime:5172788940ns, electionTimeout:5158ms
2023-05-09 21:31:33,555 [54e5972d-e1e1-478c-8095-3c6b64428aec@group-175ED9196343-FollowerState] INFO  impl.RoleInfo (RoleInfo.java:shutdownFollowerState(110)) - 54e5972d-e1e1-478c-8095-3c6b64428aec: shutdown 54e5972d-e1e1-478c-8095-3c6b64428aec@group-175ED9196343-FollowerState
2023-05-09 21:31:33,555 [54e5972d-e1e1-478c-8095-3c6b64428aec@group-175ED9196343-FollowerState] INFO  server.RaftServer$Division (RaftServerImpl.java:setRole(329)) - 54e5972d-e1e1-478c-8095-3c6b64428aec@group-175ED9196343: changes role from  FOLLOWER to CANDIDATE at term 0 for changeToCandidate
2023-05-09 21:31:33,555 [54e5972d-e1e1-478c-8095-3c6b64428aec@group-175ED9196343-FollowerState] INFO  server.RaftServerConfigKeys (ConfUtils.java:logGet(46)) - raft.server.leaderelection.pre-vote = true (default)
2023-05-09 21:31:33,555 [54e5972d-e1e1-478c-8095-3c6b64428aec@group-175ED9196343-FollowerState] INFO  impl.RoleInfo (RoleInfo.java:updateAndGet(139)) - 54e5972d-e1e1-478c-8095-3c6b64428aec: start 54e5972d-e1e1-478c-8095-3c6b64428aec@group-175ED9196343-LeaderElection7
2023-05-09 21:31:33,563 [54e5972d-e1e1-478c-8095-3c6b64428aec@group-175ED9196343-LeaderElection7] INFO  impl.LeaderElection (LeaderElection.java:askForVotes(321)) - 54e5972d-e1e1-478c-8095-3c6b64428aec@group-175ED9196343-LeaderElection7 PRE_VOTE round 0: submit vote requests at term 0 for -1: peers:[e8fa68c0-203e-4eaa-86d9-3a0844c4a260|rpc:10.1.0.10:39103|dataStream:10.1.0.10:35003|priority:0|startupRole:FOLLOWER, eed6c27f-a5c3-4b8c-be7b-d7ec899a1df9|rpc:10.1.0.10:40555|dataStream:10.1.0.10:34121|priority:0|startupRole:FOLLOWER, 54e5972d-e1e1-478c-8095-3c6b64428aec|rpc:10.1.0.10:41587|dataStream:10.1.0.10:46409|priority:1|startupRole:FOLLOWER]|listeners:[], old=null
2023-05-09 21:31:33,568 [54e5972d-e1e1-478c-8095-3c6b64428aec@group-175ED9196343-LeaderElection7] INFO  server.RaftServerConfigKeys (ConfUtils.java:logFallback(53)) - raft.server.rpc.first-election.timeout.min = 5s (fallback to raft.server.rpc.timeout.min)
2023-05-09 21:31:33,569 [54e5972d-e1e1-478c-8095-3c6b64428aec@group-175ED9196343-LeaderElection7] INFO  server.RaftServerConfigKeys (ConfUtils.java:logFallback(53)) - raft.server.rpc.first-election.timeout.max = 5200ms (fallback to raft.server.rpc.timeout.max)
2023-05-09 21:31:33,575 [grpc-default-executor-3] INFO  server.RaftServer$Division (RaftServerImpl.java:requestVote(1302)) - e8fa68c0-203e-4eaa-86d9-3a0844c4a260@group-175ED9196343: receive requestVote(PRE_VOTE, 54e5972d-e1e1-478c-8095-3c6b64428aec, group-175ED9196343, 0, (t:0, i:0))
2023-05-09 21:31:33,576 [grpc-default-executor-3] INFO  impl.VoteContext (VoteContext.java:log(49)) - e8fa68c0-203e-4eaa-86d9-3a0844c4a260@group-175ED9196343-FOLLOWER: accept PRE_VOTE from 54e5972d-e1e1-478c-8095-3c6b64428aec: our priority 0 <= candidate's priority 1
2023-05-09 21:31:33,576 [grpc-default-executor-3] INFO  server.RaftServer$Division (RaftServerImpl.java:requestVote(1335)) - e8fa68c0-203e-4eaa-86d9-3a0844c4a260@group-175ED9196343 replies to PRE_VOTE vote request: 54e5972d-e1e1-478c-8095-3c6b64428aec<-e8fa68c0-203e-4eaa-86d9-3a0844c4a260#0:OK-t0. Peer's state: e8fa68c0-203e-4eaa-86d9-3a0844c4a260@group-175ED9196343:t0, leader=null, voted=, raftlog=Memoized:e8fa68c0-203e-4eaa-86d9-3a0844c4a260@group-175ED9196343-SegmentedRaftLog:OPENED:c-1, conf=-1: peers:[e8fa68c0-203e-4eaa-86d9-3a0844c4a260|rpc:10.1.0.10:39103|dataStream:10.1.0.10:35003|priority:0|startupRole:FOLLOWER, eed6c27f-a5c3-4b8c-be7b-d7ec899a1df9|rpc:10.1.0.10:40555|dataStream:10.1.0.10:34121|priority:0|startupRole:FOLLOWER, 54e5972d-e1e1-478c-8095-3c6b64428aec|rpc:10.1.0.10:41587|dataStream:10.1.0.10:46409|priority:1|startupRole:FOLLOWER]|listeners:[], old=null
2023-05-09 21:31:33,580 [54e5972d-e1e1-478c-8095-3c6b64428aec@group-175ED9196343-LeaderElection7] INFO  impl.LeaderElection (LeaderElection.java:logAndReturn(90)) - 54e5972d-e1e1-478c-8095-3c6b64428aec@group-175ED9196343-LeaderElection7: PRE_VOTE PASSED received 1 response(s) and 0 exception(s):
2023-05-09 21:31:33,580 [54e5972d-e1e1-478c-8095-3c6b64428aec@group-175ED9196343-LeaderElection7] INFO  impl.LeaderElection (LeaderElection.java:logAndReturn(94)) -   Response 0: 54e5972d-e1e1-478c-8095-3c6b64428aec<-e8fa68c0-203e-4eaa-86d9-3a0844c4a260#0:OK-t0
2023-05-09 21:31:33,580 [54e5972d-e1e1-478c-8095-3c6b64428aec@group-175ED9196343-LeaderElection7] INFO  impl.LeaderElection (LeaderElection.java:askForVotes(323)) - 54e5972d-e1e1-478c-8095-3c6b64428aec@group-175ED9196343-LeaderElection7 PRE_VOTE round 0: result PASSED
2023-05-09 21:31:33,581 [54e5972d-e1e1-478c-8095-3c6b64428aec@group-175ED9196343-LeaderElection7] INFO  impl.LeaderElection (LeaderElection.java:askForVotes(321)) - 54e5972d-e1e1-478c-8095-3c6b64428aec@group-175ED9196343-LeaderElection7 ELECTION round 0: submit vote requests at term 1 for -1: peers:[e8fa68c0-203e-4eaa-86d9-3a0844c4a260|rpc:10.1.0.10:39103|dataStream:10.1.0.10:35003|priority:0|startupRole:FOLLOWER, eed6c27f-a5c3-4b8c-be7b-d7ec899a1df9|rpc:10.1.0.10:40555|dataStream:10.1.0.10:34121|priority:0|startupRole:FOLLOWER, 54e5972d-e1e1-478c-8095-3c6b64428aec|rpc:10.1.0.10:41587|dataStream:10.1.0.10:46409|priority:1|startupRole:FOLLOWER]|listeners:[], old=null
2023-05-09 21:31:33,582 [grpc-default-executor-3] INFO  server.RaftServer$Division (RaftServerImpl.java:requestVote(1302)) - eed6c27f-a5c3-4b8c-be7b-d7ec899a1df9@group-175ED9196343: receive requestVote(PRE_VOTE, 54e5972d-e1e1-478c-8095-3c6b64428aec, group-175ED9196343, 0, (t:0, i:0))
2023-05-09 21:31:33,583 [grpc-default-executor-5] INFO  server.RaftServer$Division (RaftServerImpl.java:requestVote(1302)) - e8fa68c0-203e-4eaa-86d9-3a0844c4a260@group-175ED9196343: receive requestVote(ELECTION, 54e5972d-e1e1-478c-8095-3c6b64428aec, group-175ED9196343, 1, (t:0, i:0))
2023-05-09 21:31:33,583 [54e5972d-e1e1-478c-8095-3c6b64428aec@group-175ED9196343-LeaderElection7] INFO  server.RaftServerConfigKeys (ConfUtils.java:logFallback(53)) - raft.server.rpc.first-election.timeout.min = 5s (fallback to raft.server.rpc.timeout.min)
2023-05-09 21:31:33,584 [grpc-default-executor-5] INFO  impl.VoteContext (VoteContext.java:log(49)) - e8fa68c0-203e-4eaa-86d9-3a0844c4a260@group-175ED9196343-FOLLOWER: accept ELECTION from 54e5972d-e1e1-478c-8095-3c6b64428aec: our priority 0 <= candidate's priority 1
2023-05-09 21:31:33,584 [grpc-default-executor-3] INFO  impl.VoteContext (VoteContext.java:log(49)) - eed6c27f-a5c3-4b8c-be7b-d7ec899a1df9@group-175ED9196343-FOLLOWER: accept PRE_VOTE from 54e5972d-e1e1-478c-8095-3c6b64428aec: our priority 0 <= candidate's priority 1
2023-05-09 21:31:33,585 [grpc-default-executor-5] INFO  server.RaftServer$Division (RaftServerImpl.java:setRole(329)) - e8fa68c0-203e-4eaa-86d9-3a0844c4a260@group-175ED9196343: changes role from  FOLLOWER to FOLLOWER at term 1 for candidate:54e5972d-e1e1-478c-8095-3c6b64428aec
2023-05-09 21:31:33,585 [grpc-default-executor-3] INFO  server.RaftServer$Division (RaftServerImpl.java:requestVote(1335)) - eed6c27f-a5c3-4b8c-be7b-d7ec899a1df9@group-175ED9196343 replies to PRE_VOTE vote request: 54e5972d-e1e1-478c-8095-3c6b64428aec<-eed6c27f-a5c3-4b8c-be7b-d7ec899a1df9#0:OK-t0. Peer's state: eed6c27f-a5c3-4b8c-be7b-d7ec899a1df9@group-175ED9196343:t0, leader=null, voted=, raftlog=Memoized:eed6c27f-a5c3-4b8c-be7b-d7ec899a1df9@group-175ED9196343-SegmentedRaftLog:OPENED:c-1, conf=-1: peers:[e8fa68c0-203e-4eaa-86d9-3a0844c4a260|rpc:10.1.0.10:39103|dataStream:10.1.0.10:35003|priority:0|startupRole:FOLLOWER, eed6c27f-a5c3-4b8c-be7b-d7ec899a1df9|rpc:10.1.0.10:40555|dataStream:10.1.0.10:34121|priority:0|startupRole:FOLLOWER, 54e5972d-e1e1-478c-8095-3c6b64428aec|rpc:10.1.0.10:41587|dataStream:10.1.0.10:46409|priority:1|startupRole:FOLLOWER]|listeners:[], old=null
2023-05-09 21:31:33,585 [54e5972d-e1e1-478c-8095-3c6b64428aec@group-175ED9196343-LeaderElection7] INFO  server.RaftServerConfigKeys (ConfUtils.java:logFallback(53)) - raft.server.rpc.first-election.timeout.max = 5200ms (fallback to raft.server.rpc.timeout.max)
2023-05-09 21:31:33,585 [grpc-default-executor-5] INFO  impl.RoleInfo (RoleInfo.java:shutdownFollowerState(110)) - e8fa68c0-203e-4eaa-86d9-3a0844c4a260: shutdown e8fa68c0-203e-4eaa-86d9-3a0844c4a260@group-175ED9196343-FollowerState
2023-05-09 21:31:33,587 [grpc-default-executor-5] INFO  impl.RoleInfo (RoleInfo.java:updateAndGet(139)) - e8fa68c0-203e-4eaa-86d9-3a0844c4a260: start e8fa68c0-203e-4eaa-86d9-3a0844c4a260@group-175ED9196343-FollowerState
2023-05-09 21:31:33,587 [e8fa68c0-203e-4eaa-86d9-3a0844c4a260@group-175ED9196343-FollowerState] INFO  impl.FollowerState (FollowerState.java:run(152)) - e8fa68c0-203e-4eaa-86d9-3a0844c4a260@group-175ED9196343-FollowerState was interrupted
2023-05-09 21:31:33,597 [grpc-default-executor-5] INFO  server.RaftServer$Division (RaftServerImpl.java:requestVote(1335)) - e8fa68c0-203e-4eaa-86d9-3a0844c4a260@group-175ED9196343 replies to ELECTION vote request: 54e5972d-e1e1-478c-8095-3c6b64428aec<-e8fa68c0-203e-4eaa-86d9-3a0844c4a260#0:OK-t1. Peer's state: e8fa68c0-203e-4eaa-86d9-3a0844c4a260@group-175ED9196343:t1, leader=null, voted=54e5972d-e1e1-478c-8095-3c6b64428aec, raftlog=Memoized:e8fa68c0-203e-4eaa-86d9-3a0844c4a260@group-175ED9196343-SegmentedRaftLog:OPENED:c-1, conf=-1: peers:[e8fa68c0-203e-4eaa-86d9-3a0844c4a260|rpc:10.1.0.10:39103|dataStream:10.1.0.10:35003|priority:0|startupRole:FOLLOWER, eed6c27f-a5c3-4b8c-be7b-d7ec899a1df9|rpc:10.1.0.10:40555|dataStream:10.1.0.10:34121|priority:0|startupRole:FOLLOWER, 54e5972d-e1e1-478c-8095-3c6b64428aec|rpc:10.1.0.10:41587|dataStream:10.1.0.10:46409|priority:1|startupRole:FOLLOWER]|listeners:[], old=null
2023-05-09 21:31:33,598 [54e5972d-e1e1-478c-8095-3c6b64428aec@group-175ED9196343-LeaderElection7] INFO  impl.LeaderElection (LeaderElection.java:logAndReturn(90)) - 54e5972d-e1e1-478c-8095-3c6b64428aec@group-175ED9196343-LeaderElection7: ELECTION PASSED received 1 response(s) and 0 exception(s):
2023-05-09 21:31:33,598 [54e5972d-e1e1-478c-8095-3c6b64428aec@group-175ED9196343-LeaderElection7] INFO  impl.LeaderElection (LeaderElection.java:logAndReturn(94)) -   Response 0: 54e5972d-e1e1-478c-8095-3c6b64428aec<-e8fa68c0-203e-4eaa-86d9-3a0844c4a260#0:OK-t1
2023-05-09 21:31:33,598 [54e5972d-e1e1-478c-8095-3c6b64428aec@group-175ED9196343-LeaderElection7] INFO  impl.LeaderElection (LeaderElection.java:askForVotes(323)) - 54e5972d-e1e1-478c-8095-3c6b64428aec@group-175ED9196343-LeaderElection7 ELECTION round 0: result PASSED
2023-05-09 21:31:33,598 [54e5972d-e1e1-478c-8095-3c6b64428aec@group-175ED9196343-LeaderElection7] INFO  impl.RoleInfo (RoleInfo.java:shutdownLeaderElection(130)) - 54e5972d-e1e1-478c-8095-3c6b64428aec: shutdown 54e5972d-e1e1-478c-8095-3c6b64428aec@group-175ED9196343-LeaderElection7
2023-05-09 21:31:33,599 [54e5972d-e1e1-478c-8095-3c6b64428aec@group-175ED9196343-LeaderElection7] INFO  server.RaftServer$Division (RaftServerImpl.java:setRole(329)) - 54e5972d-e1e1-478c-8095-3c6b64428aec@group-175ED9196343: changes role from CANDIDATE to LEADER at term 1 for changeToLeader
2023-05-09 21:31:33,599 [54e5972d-e1e1-478c-8095-3c6b64428aec@group-175ED9196343-LeaderElection7] INFO  ratis.XceiverServerRatis (XceiverServerRatis.java:handleLeaderChangedNotification(904)) - Leader change notification received for group: group-175ED9196343 with new leaderId: 54e5972d-e1e1-478c-8095-3c6b64428aec
2023-05-09 21:31:33,599 [54e5972d-e1e1-478c-8095-3c6b64428aec@group-175ED9196343-LeaderElection7] INFO  server.RaftServer$Division (ServerState.java:setLeader(317)) - 54e5972d-e1e1-478c-8095-3c6b64428aec@group-175ED9196343: change Leader from null to 54e5972d-e1e1-478c-8095-3c6b64428aec at term 1 for becomeLeader, leader elected after 5252ms
2023-05-09 21:31:33,599 [54e5972d-e1e1-478c-8095-3c6b64428aec@group-175ED9196343-LeaderElection7] INFO  server.RaftServerConfigKeys (ConfUtils.java:logGet(46)) - raft.server.staging.catchup.gap = 1000 (default)
2023-05-09 21:31:33,599 [54e5972d-e1e1-478c-8095-3c6b64428aec@group-175ED9196343-LeaderElection7] INFO  server.RaftServerConfigKeys (ConfUtils.java:logGet(46)) - raft.server.write.element-limit = 1024 (custom)
2023-05-09 21:31:33,599 [54e5972d-e1e1-478c-8095-3c6b64428aec@group-175ED9196343-LeaderElection7] INFO  server.RaftServerConfigKeys (ConfUtils.java:logGet(46)) - raft.server.write.byte-limit = 1024 M (=1073741824) (custom)
2023-05-09 21:31:33,600 [54e5972d-e1e1-478c-8095-3c6b64428aec@group-175ED9196343-LeaderElection7] INFO  server.RaftServerConfigKeys (ConfUtils.java:logGet(46)) - raft.server.watch.timeout = 180s (custom)
2023-05-09 21:31:33,600 [54e5972d-e1e1-478c-8095-3c6b64428aec@group-175ED9196343-LeaderElection7] INFO  server.RaftServerConfigKeys (ConfUtils.java:logGet(46)) - raft.server.watch.timeout.denomination = 1s (default)
2023-05-09 21:31:33,600 [54e5972d-e1e1-478c-8095-3c6b64428aec@group-175ED9196343-LeaderElection7] INFO  server.RaftServerConfigKeys (ConfUtils.java:logGet(46)) - raft.server.watch.element-limit = 65536 (default)
2023-05-09 21:31:33,600 [54e5972d-e1e1-478c-8095-3c6b64428aec@group-175ED9196343-LeaderElection7] INFO  server.RaftServerConfigKeys (ConfUtils.java:logGet(46)) - raft.server.write.element-limit = 1024 (custom)
2023-05-09 21:31:33,600 [54e5972d-e1e1-478c-8095-3c6b64428aec@group-175ED9196343-LeaderElection7] INFO  server.RaftServerConfigKeys (ConfUtils.java:logGet(46)) - raft.server.write.follower.gap.ratio.max = -1.0 (default)
2023-05-09 21:31:33,600 [54e5972d-e1e1-478c-8095-3c6b64428aec@group-175ED9196343-LeaderElection7] INFO  server.RaftServerConfigKeys (ConfUtils.java:logGet(46)) - raft.server.log.appender.snapshot.chunk.size.max = 16MB (=16777216) (default)
2023-05-09 21:31:33,600 [54e5972d-e1e1-478c-8095-3c6b64428aec@group-175ED9196343-LeaderElection7] INFO  server.RaftServerConfigKeys (ConfUtils.java:logGet(46)) - raft.server.log.appender.buffer.byte-limit = 33554432 (custom)
2023-05-09 21:31:33,600 [54e5972d-e1e1-478c-8095-3c6b64428aec@group-175ED9196343-LeaderElection7] INFO  server.RaftServerConfigKeys (ConfUtils.java:logGet(46)) - raft.server.log.appender.buffer.element-limit = 1 (custom)
2023-05-09 21:31:33,600 [54e5972d-e1e1-478c-8095-3c6b64428aec@group-175ED9196343-LeaderElection7] INFO  server.RaftServerConfigKeys (ConfUtils.java:logGet(46)) - raft.server.log.appender.wait-time.min = 10ms (default)
2023-05-09 21:31:33,601 [grpc-default-executor-3] INFO  server.RaftServer$Division (RaftServerImpl.java:requestVote(1302)) - eed6c27f-a5c3-4b8c-be7b-d7ec899a1df9@group-175ED9196343: receive requestVote(ELECTION, 54e5972d-e1e1-478c-8095-3c6b64428aec, group-175ED9196343, 1, (t:0, i:0))
2023-05-09 21:31:33,607 [grpc-default-executor-3] INFO  impl.VoteContext (VoteContext.java:log(49)) - eed6c27f-a5c3-4b8c-be7b-d7ec899a1df9@group-175ED9196343-FOLLOWER: accept ELECTION from 54e5972d-e1e1-478c-8095-3c6b64428aec: our priority 0 <= candidate's priority 1
2023-05-09 21:31:33,607 [grpc-default-executor-3] INFO  server.RaftServer$Division (RaftServerImpl.java:setRole(329)) - eed6c27f-a5c3-4b8c-be7b-d7ec899a1df9@group-175ED9196343: changes role from  FOLLOWER to FOLLOWER at term 1 for candidate:54e5972d-e1e1-478c-8095-3c6b64428aec
2023-05-09 21:31:33,607 [grpc-default-executor-3] INFO  impl.RoleInfo (RoleInfo.java:shutdownFollowerState(110)) - eed6c27f-a5c3-4b8c-be7b-d7ec899a1df9: shutdown eed6c27f-a5c3-4b8c-be7b-d7ec899a1df9@group-175ED9196343-FollowerState
2023-05-09 21:31:33,607 [grpc-default-executor-3] INFO  impl.RoleInfo (RoleInfo.java:updateAndGet(139)) - eed6c27f-a5c3-4b8c-be7b-d7ec899a1df9: start eed6c27f-a5c3-4b8c-be7b-d7ec899a1df9@group-175ED9196343-FollowerState
2023-05-09 21:31:33,600 [54e5972d-e1e1-478c-8095-3c6b64428aec@group-175ED9196343-LeaderElection7] INFO  grpc.GrpcConfigKeys (ConfUtils.java:logGet(46)) - raft.grpc.server.leader.outstanding.appends.max = 128 (default)
2023-05-09 21:31:33,607 [54e5972d-e1e1-478c-8095-3c6b64428aec@group-175ED9196343-LeaderElection7] INFO  server.RaftServerConfigKeys (ConfUtils.java:logGet(46)) - raft.server.rpc.request.timeout = 60s (custom)
2023-05-09 21:31:33,607 [54e5972d-e1e1-478c-8095-3c6b64428aec@group-175ED9196343-LeaderElection7] INFO  grpc.GrpcConfigKeys (ConfUtils.java:logGet(46)) - raft.grpc.server.install_snapshot.request.element-limit = 8 (default)
2023-05-09 21:31:33,607 [54e5972d-e1e1-478c-8095-3c6b64428aec@group-175ED9196343-LeaderElection7] INFO  grpc.GrpcConfigKeys (ConfUtils.java:logGet(46)) - raft.grpc.server.install_snapshot.request.timeout = 3000ms (default)
2023-05-09 21:31:33,607 [54e5972d-e1e1-478c-8095-3c6b64428aec@group-175ED9196343-LeaderElection7] INFO  server.RaftServerConfigKeys (ConfUtils.java:logGet(46)) - raft.server.log.appender.install.snapshot.enabled = false (custom)
2023-05-09 21:31:33,607 [54e5972d-e1e1-478c-8095-3c6b64428aec@group-175ED9196343-LeaderElection7] INFO  grpc.GrpcConfigKeys (ConfUtils.java:logGet(46)) - raft.grpc.server.heartbeat.channel = true (default)
2023-05-09 21:31:33,607 [eed6c27f-a5c3-4b8c-be7b-d7ec899a1df9@group-175ED9196343-FollowerState] INFO  impl.FollowerState (FollowerState.java:run(152)) - eed6c27f-a5c3-4b8c-be7b-d7ec899a1df9@group-175ED9196343-FollowerState was interrupted
2023-05-09 21:31:33,608 [54e5972d-e1e1-478c-8095-3c6b64428aec@group-175ED9196343-LeaderElection7] INFO  server.RaftServerConfigKeys (ConfUtils.java:logGet(46)) - raft.server.log.appender.snapshot.chunk.size.max = 16MB (=16777216) (default)
2023-05-09 21:31:33,608 [EventQueue-PipelineReportForPipelineReportHandler] INFO  pipeline.PipelineManagerImpl (PipelineManagerImpl.java:openPipeline(367)) - Pipeline Pipeline[ Id: efa920ad-21ff-469f-8149-175ed9196343, Nodes: e8fa68c0-203e-4eaa-86d9-3a0844c4a260(fv-az72-49.paxcb4zidlwe3mfrpko3itqnmd.bx.internal.cloudapp.net/10.1.0.10)54e5972d-e1e1-478c-8095-3c6b64428aec(fv-az72-49.paxcb4zidlwe3mfrpko3itqnmd.bx.internal.cloudapp.net/10.1.0.10)eed6c27f-a5c3-4b8c-be7b-d7ec899a1df9(fv-az72-49.paxcb4zidlwe3mfrpko3itqnmd.bx.internal.cloudapp.net/10.1.0.10), ReplicationConfig: RATIS/THREE, State:ALLOCATED, leaderId:54e5972d-e1e1-478c-8095-3c6b64428aec, CreationTimestamp2023-05-09T21:31:25.402Z[Etc/UTC]] moved to OPEN state
2023-05-09 21:31:33,608 [54e5972d-e1e1-478c-8095-3c6b64428aec@group-175ED9196343-LeaderElection7] INFO  server.RaftServerConfigKeys (ConfUtils.java:logGet(46)) - raft.server.log.appender.buffer.byte-limit = 33554432 (custom)
2023-05-09 21:31:33,609 [54e5972d-e1e1-478c-8095-3c6b64428aec@group-175ED9196343-LeaderElection7] INFO  server.RaftServerConfigKeys (ConfUtils.java:logGet(46)) - raft.server.log.appender.buffer.element-limit = 1 (custom)
2023-05-09 21:31:33,612 [54e5972d-e1e1-478c-8095-3c6b64428aec@group-175ED9196343-LeaderElection7] INFO  server.RaftServerConfigKeys (ConfUtils.java:logGet(46)) - raft.server.log.appender.wait-time.min = 10ms (default)
2023-05-09 21:31:33,612 [54e5972d-e1e1-478c-8095-3c6b64428aec@group-175ED9196343-LeaderElection7] INFO  grpc.GrpcConfigKeys (ConfUtils.java:logGet(46)) - raft.grpc.server.leader.outstanding.appends.max = 128 (default)
2023-05-09 21:31:33,612 [54e5972d-e1e1-478c-8095-3c6b64428aec@group-175ED9196343-LeaderElection7] INFO  server.RaftServerConfigKeys (ConfUtils.java:logGet(46)) - raft.server.rpc.request.timeout = 60s (custom)
2023-05-09 21:31:33,612 [54e5972d-e1e1-478c-8095-3c6b64428aec@group-175ED9196343-LeaderElection7] INFO  grpc.GrpcConfigKeys (ConfUtils.java:logGet(46)) - raft.grpc.server.install_snapshot.request.element-limit = 8 (default)
2023-05-09 21:31:33,612 [54e5972d-e1e1-478c-8095-3c6b64428aec@group-175ED9196343-LeaderElection7] INFO  grpc.GrpcConfigKeys (ConfUtils.java:logGet(46)) - raft.grpc.server.install_snapshot.request.timeout = 3000ms (default)
2023-05-09 21:31:33,613 [54e5972d-e1e1-478c-8095-3c6b64428aec@group-175ED9196343-LeaderElection7] INFO  server.RaftServerConfigKeys (ConfUtils.java:logGet(46)) - raft.server.log.appender.install.snapshot.enabled = false (custom)
2023-05-09 21:31:33,613 [54e5972d-e1e1-478c-8095-3c6b64428aec@group-175ED9196343-LeaderElection7] INFO  grpc.GrpcConfigKeys (ConfUtils.java:logGet(46)) - raft.grpc.server.heartbeat.channel = true (default)
2023-05-09 21:31:33,613 [54e5972d-e1e1-478c-8095-3c6b64428aec@group-175ED9196343-LeaderElection7] INFO  impl.RoleInfo (RoleInfo.java:updateAndGet(139)) - 54e5972d-e1e1-478c-8095-3c6b64428aec: start 54e5972d-e1e1-478c-8095-3c6b64428aec@group-175ED9196343-LeaderStateImpl
2023-05-09 21:31:33,613 [54e5972d-e1e1-478c-8095-3c6b64428aec@group-175ED9196343-LeaderElection7] INFO  segmented.SegmentedRaftLogWorker (SegmentedRaftLogWorker.java:startLogSegment(447)) - 54e5972d-e1e1-478c-8095-3c6b64428aec@group-175ED9196343-SegmentedRaftLogWorker: Starting segment from index:0
2023-05-09 21:31:33,614 [grpc-default-executor-3] INFO  server.RaftServer$Division (RaftServerImpl.java:requestVote(1335)) - eed6c27f-a5c3-4b8c-be7b-d7ec899a1df9@group-175ED9196343 replies to ELECTION vote request: 54e5972d-e1e1-478c-8095-3c6b64428aec<-eed6c27f-a5c3-4b8c-be7b-d7ec899a1df9#0:OK-t1. Peer's state: eed6c27f-a5c3-4b8c-be7b-d7ec899a1df9@group-175ED9196343:t1, leader=null, voted=54e5972d-e1e1-478c-8095-3c6b64428aec, raftlog=Memoized:eed6c27f-a5c3-4b8c-be7b-d7ec899a1df9@group-175ED9196343-SegmentedRaftLog:OPENED:c-1, conf=-1: peers:[e8fa68c0-203e-4eaa-86d9-3a0844c4a260|rpc:10.1.0.10:39103|dataStream:10.1.0.10:35003|priority:0|startupRole:FOLLOWER, eed6c27f-a5c3-4b8c-be7b-d7ec899a1df9|rpc:10.1.0.10:40555|dataStream:10.1.0.10:34121|priority:0|startupRole:FOLLOWER, 54e5972d-e1e1-478c-8095-3c6b64428aec|rpc:10.1.0.10:41587|dataStream:10.1.0.10:46409|priority:1|startupRole:FOLLOWER]|listeners:[], old=null
2023-05-09 21:31:33,615 [54e5972d-e1e1-478c-8095-3c6b64428aec@group-175ED9196343-SegmentedRaftLogWorker] INFO  segmented.SegmentedRaftLogWorker (SegmentedRaftLogWorker.java:execute(651)) - 54e5972d-e1e1-478c-8095-3c6b64428aec@group-175ED9196343-SegmentedRaftLogWorker: created new log segment /home/runner/work/ozone/ozone/hadoop-ozone/integration-test/target/test-dir/MiniOzoneClusterImpl-3cbee31e-3440-4d49-b20a-1005a6e66246/datanode-0/data/ratis/efa920ad-21ff-469f-8149-175ed9196343/current/log_inprogress_0
2023-05-09 21:31:33,624 [54e5972d-e1e1-478c-8095-3c6b64428aec@group-175ED9196343-LeaderElection7] INFO  server.RaftServer$Division (ServerState.java:setRaftConf(434)) - 54e5972d-e1e1-478c-8095-3c6b64428aec@group-175ED9196343: set configuration 0: peers:[e8fa68c0-203e-4eaa-86d9-3a0844c4a260|rpc:10.1.0.10:39103|dataStream:10.1.0.10:35003|priority:0|startupRole:FOLLOWER, eed6c27f-a5c3-4b8c-be7b-d7ec899a1df9|rpc:10.1.0.10:40555|dataStream:10.1.0.10:34121|priority:0|startupRole:FOLLOWER, 54e5972d-e1e1-478c-8095-3c6b64428aec|rpc:10.1.0.10:41587|dataStream:10.1.0.10:46409|priority:1|startupRole:FOLLOWER]|listeners:[], old=null
2023-05-09 21:31:33,643 [e8fa68c0-203e-4eaa-86d9-3a0844c4a260-server-thread1] INFO  ratis.XceiverServerRatis (XceiverServerRatis.java:handleLeaderChangedNotification(904)) - Leader change notification received for group: group-175ED9196343 with new leaderId: 54e5972d-e1e1-478c-8095-3c6b64428aec
2023-05-09 21:31:33,643 [e8fa68c0-203e-4eaa-86d9-3a0844c4a260-server-thread1] INFO  server.RaftServer$Division (ServerState.java:setLeader(317)) - e8fa68c0-203e-4eaa-86d9-3a0844c4a260@group-175ED9196343: change Leader from null to 54e5972d-e1e1-478c-8095-3c6b64428aec at term 1 for appendEntries, leader elected after 5283ms
2023-05-09 21:31:33,650 [e8fa68c0-203e-4eaa-86d9-3a0844c4a260-server-thread2] INFO  server.RaftServer$Division (ServerState.java:setRaftConf(434)) - e8fa68c0-203e-4eaa-86d9-3a0844c4a260@group-175ED9196343: set configuration 0: peers:[e8fa68c0-203e-4eaa-86d9-3a0844c4a260|rpc:10.1.0.10:39103|dataStream:10.1.0.10:35003|priority:0|startupRole:FOLLOWER, eed6c27f-a5c3-4b8c-be7b-d7ec899a1df9|rpc:10.1.0.10:40555|dataStream:10.1.0.10:34121|priority:0|startupRole:FOLLOWER, 54e5972d-e1e1-478c-8095-3c6b64428aec|rpc:10.1.0.10:41587|dataStream:10.1.0.10:46409|priority:1|startupRole:FOLLOWER]|listeners:[], old=null
2023-05-09 21:31:33,652 [e8fa68c0-203e-4eaa-86d9-3a0844c4a260-server-thread2] INFO  segmented.SegmentedRaftLogWorker (SegmentedRaftLogWorker.java:startLogSegment(447)) - e8fa68c0-203e-4eaa-86d9-3a0844c4a260@group-175ED9196343-SegmentedRaftLogWorker: Starting segment from index:0
2023-05-09 21:31:33,650 [eed6c27f-a5c3-4b8c-be7b-d7ec899a1df9-server-thread2] INFO  ratis.XceiverServerRatis (XceiverServerRatis.java:handleLeaderChangedNotification(904)) - Leader change notification received for group: group-175ED9196343 with new leaderId: 54e5972d-e1e1-478c-8095-3c6b64428aec
2023-05-09 21:31:33,654 [eed6c27f-a5c3-4b8c-be7b-d7ec899a1df9-server-thread2] INFO  server.RaftServer$Division (ServerState.java:setLeader(317)) - eed6c27f-a5c3-4b8c-be7b-d7ec899a1df9@group-175ED9196343: change Leader from null to 54e5972d-e1e1-478c-8095-3c6b64428aec at term 1 for appendEntries, leader elected after 5201ms
2023-05-09 21:31:33,655 [eed6c27f-a5c3-4b8c-be7b-d7ec899a1df9-server-thread2] INFO  server.RaftServer$Division (ServerState.java:setRaftConf(434)) - eed6c27f-a5c3-4b8c-be7b-d7ec899a1df9@group-175ED9196343: set configuration 0: peers:[e8fa68c0-203e-4eaa-86d9-3a0844c4a260|rpc:10.1.0.10:39103|dataStream:10.1.0.10:35003|priority:0|startupRole:FOLLOWER, eed6c27f-a5c3-4b8c-be7b-d7ec899a1df9|rpc:10.1.0.10:40555|dataStream:10.1.0.10:34121|priority:0|startupRole:FOLLOWER, 54e5972d-e1e1-478c-8095-3c6b64428aec|rpc:10.1.0.10:41587|dataStream:10.1.0.10:46409|priority:1|startupRole:FOLLOWER]|listeners:[], old=null
2023-05-09 21:31:33,655 [eed6c27f-a5c3-4b8c-be7b-d7ec899a1df9-server-thread2] INFO  segmented.SegmentedRaftLogWorker (SegmentedRaftLogWorker.java:startLogSegment(447)) - eed6c27f-a5c3-4b8c-be7b-d7ec899a1df9@group-175ED9196343-SegmentedRaftLogWorker: Starting segment from index:0
2023-05-09 21:31:33,659 [e8fa68c0-203e-4eaa-86d9-3a0844c4a260@group-175ED9196343-SegmentedRaftLogWorker] INFO  segmented.SegmentedRaftLogWorker (SegmentedRaftLogWorker.java:execute(651)) - e8fa68c0-203e-4eaa-86d9-3a0844c4a260@group-175ED9196343-SegmentedRaftLogWorker: created new log segment /home/runner/work/ozone/ozone/hadoop-ozone/integration-test/target/test-dir/MiniOzoneClusterImpl-3cbee31e-3440-4d49-b20a-1005a6e66246/datanode-1/data/ratis/efa920ad-21ff-469f-8149-175ed9196343/current/log_inprogress_0
2023-05-09 21:31:33,659 [eed6c27f-a5c3-4b8c-be7b-d7ec899a1df9@group-175ED9196343-SegmentedRaftLogWorker] INFO  segmented.SegmentedRaftLogWorker (SegmentedRaftLogWorker.java:execute(651)) - eed6c27f-a5c3-4b8c-be7b-d7ec899a1df9@group-175ED9196343-SegmentedRaftLogWorker: created new log segment /home/runner/work/ozone/ozone/hadoop-ozone/integration-test/target/test-dir/MiniOzoneClusterImpl-3cbee31e-3440-4d49-b20a-1005a6e66246/datanode-2/data/ratis/efa920ad-21ff-469f-8149-175ed9196343/current/log_inprogress_0
2023-05-09 21:31:34,405 [Listener at 127.0.0.1/44485] INFO  ozone.MiniOzoneClusterImpl (MiniOzoneClusterImpl.java:lambda$waitForClusterToBeReady$0(225)) - Nodes are ready. Got 3 of 3 DN Heartbeats.
2023-05-09 21:31:34,405 [Listener at 127.0.0.1/44485] INFO  ozone.MiniOzoneClusterImpl (MiniOzoneClusterImpl.java:lambda$waitForClusterToBeReady$0(228)) - Cluster exits safe mode
2023-05-09 21:31:34,405 [Listener at 127.0.0.1/44485] INFO  ozone.MiniOzoneClusterImpl (MiniOzoneClusterImpl.java:lambda$waitForClusterToBeReady$0(230)) - SCM became leader
2023-05-09 21:31:34,838 [JvmPauseMonitor1] WARN  util.JvmPauseMonitor (JvmPauseMonitor.java:detectPause(124)) - JvmPauseMonitor-54e5972d-e1e1-478c-8095-3c6b64428aec: Detected pause in JVM or host machine approximately 0.246s with 0.274s GC time.
GC pool 'PS MarkSweep' had collection(s): count=1 time=208ms
GC pool 'PS Scavenge' had collection(s): count=1 time=66ms
2023-05-09 21:31:34,838 [JvmPauseMonitor2] WARN  util.JvmPauseMonitor (JvmPauseMonitor.java:detectPause(124)) - JvmPauseMonitor-e8fa68c0-203e-4eaa-86d9-3a0844c4a260: Detected pause in JVM or host machine approximately 0.260s with 0.274s GC time.
GC pool 'PS MarkSweep' had collection(s): count=1 time=208ms
GC pool 'PS Scavenge' had collection(s): count=1 time=66ms
2023-05-09 21:31:34,869 [IPC Server handler 0 on default port 39209] INFO  ha.SequenceIdGenerator (SequenceIdGenerator.java:getNextId(128)) - Allocate a batch for containerId, change lastId from 0 to 1000.
2023-05-09 21:31:34,895 [Time-limited test] INFO  impl.MetricsSystemImpl (MetricsSystemImpl.java:init(158)) - XceiverClientMetrics metrics system started (again)
2023-05-09 21:31:34,896 [Time-limited test] INFO  lib.Interns (Interns.java:removeEldestEntry(50)) - Metrics intern cache overflow at 2011 for MetricsSystem={MetricsSystem=MetricsInfoImpl{name=MetricsSystem, description=MetricsSystem}, MetricsSystem record=MetricsInfoImpl{name=MetricsSystem, description=MetricsSystem record}}
2023-05-09 21:32:22,594 [BlockDeletingService#0] INFO  interfaces.ContainerDeletionChoosingPolicyTemplate (ContainerDeletionChoosingPolicyTemplate.java:chooseContainerForBlockDeletion(83)) - Chosen 0/5000 blocks from 0 candidate containers.
2023-05-09 21:32:23,078 [BlockDeletingService#0] INFO  interfaces.ContainerDeletionChoosingPolicyTemplate (ContainerDeletionChoosingPolicyTemplate.java:chooseContainerForBlockDeletion(83)) - Chosen 0/5000 blocks from 0 candidate containers.
2023-05-09 21:32:23,442 [BlockDeletingService#0] INFO  interfaces.ContainerDeletionChoosingPolicyTemplate (ContainerDeletionChoosingPolicyTemplate.java:chooseContainerForBlockDeletion(83)) - Chosen 0/5000 blocks from 0 candidate containers.
2023-05-09 21:33:22,595 [BlockDeletingService#1] INFO  interfaces.ContainerDeletionChoosingPolicyTemplate (ContainerDeletionChoosingPolicyTemplate.java:chooseContainerForBlockDeletion(83)) - Chosen 0/5000 blocks from 0 candidate containers.
2023-05-09 21:33:23,079 [BlockDeletingService#1] INFO  interfaces.ContainerDeletionChoosingPolicyTemplate (ContainerDeletionChoosingPolicyTemplate.java:chooseContainerForBlockDeletion(83)) - Chosen 0/5000 blocks from 0 candidate containers.
2023-05-09 21:33:23,443 [BlockDeletingService#1] INFO  interfaces.ContainerDeletionChoosingPolicyTemplate (ContainerDeletionChoosingPolicyTemplate.java:chooseContainerForBlockDeletion(83)) - Chosen 0/5000 blocks from 0 candidate containers.
2023-05-09 21:33:25,408 [RatisPipelineUtilsThread - 0] WARN  pipeline.PipelinePlacementPolicy (PipelinePlacementPolicy.java:filterViableNodes(160)) - Pipeline creation failed due to no sufficient healthy datanodes. Required 3. Found 0. Excluded 3.
2023-05-09 21:34:22,595 [BlockDeletingService#0] INFO  interfaces.ContainerDeletionChoosingPolicyTemplate (ContainerDeletionChoosingPolicyTemplate.java:chooseContainerForBlockDeletion(83)) - Chosen 0/5000 blocks from 0 candidate containers.
2023-05-09 21:34:23,079 [BlockDeletingService#0] INFO  interfaces.ContainerDeletionChoosingPolicyTemplate (ContainerDeletionChoosingPolicyTemplate.java:chooseContainerForBlockDeletion(83)) - Chosen 0/5000 blocks from 0 candidate containers.
2023-05-09 21:34:23,443 [BlockDeletingService#0] INFO  interfaces.ContainerDeletionChoosingPolicyTemplate (ContainerDeletionChoosingPolicyTemplate.java:chooseContainerForBlockDeletion(83)) - Chosen 0/5000 blocks from 0 candidate containers.
2023-05-09 21:35:22,596 [BlockDeletingService#2] INFO  interfaces.ContainerDeletionChoosingPolicyTemplate (ContainerDeletionChoosingPolicyTemplate.java:chooseContainerForBlockDeletion(83)) - Chosen 0/5000 blocks from 0 candidate containers.
2023-05-09 21:35:23,079 [BlockDeletingService#2] INFO  interfaces.ContainerDeletionChoosingPolicyTemplate (ContainerDeletionChoosingPolicyTemplate.java:chooseContainerForBlockDeletion(83)) - Chosen 0/5000 blocks from 0 candidate containers.
2023-05-09 21:35:23,443 [BlockDeletingService#2] INFO  interfaces.ContainerDeletionChoosingPolicyTemplate (ContainerDeletionChoosingPolicyTemplate.java:chooseContainerForBlockDeletion(83)) - Chosen 0/5000 blocks from 0 candidate containers.
2023-05-09 21:35:25,410 [RatisPipelineUtilsThread - 0] WARN  pipeline.PipelinePlacementPolicy (PipelinePlacementPolicy.java:filterViableNodes(160)) - Pipeline creation failed due to no sufficient healthy datanodes. Required 3. Found 0. Excluded 3.
2023-05-09 21:36:15,561 [ReplicationMonitor] INFO  replication.ReplicationManager (ReplicationManager.java:processAll(403)) - Replication Monitor Thread took 4 milliseconds for processing 1 containers.
2023-05-09 21:36:22,596 [BlockDeletingService#1] INFO  interfaces.ContainerDeletionChoosingPolicyTemplate (ContainerDeletionChoosingPolicyTemplate.java:chooseContainerForBlockDeletion(83)) - Chosen 0/5000 blocks from 0 candidate containers.
2023-05-09 21:36:23,080 [BlockDeletingService#1] INFO  interfaces.ContainerDeletionChoosingPolicyTemplate (ContainerDeletionChoosingPolicyTemplate.java:chooseContainerForBlockDeletion(83)) - Chosen 0/5000 blocks from 0 candidate containers.
2023-05-09 21:36:23,444 [BlockDeletingService#1] INFO  interfaces.ContainerDeletionChoosingPolicyTemplate (ContainerDeletionChoosingPolicyTemplate.java:chooseContainerForBlockDeletion(83)) - Chosen 0/5000 blocks from 0 candidate containers.
]]></system-out>
  </testcase>
</testsuite>