<?xml version="1.0" encoding="UTF-8"?>
<testsuite xmlns:xsi="http://www.w3.org/2001/XMLSchema-instance" xsi:noNamespaceSchemaLocation="https://maven.apache.org/surefire/maven-surefire-plugin/xsd/surefire-test-report.xsd" version="3.0.2" name="org.apache.ozone.test.NonHATests$ContainerOperations" time="2.602" tests="10" errors="0" skipped="0" failures="1">
  <properties>
    <property name="java.specification.version" value="21"/>
    <property name="sun.jnu.encoding" value="UTF-8"/>
    <property name="java.class.path" value="/home/runner/work/ozone/ozone/hadoop-ozone/integration-test/target/test-classes:/home/runner/work/ozone/ozone/hadoop-ozone/integration-test/target/classes:/home/runner/.m2/repository/ch/qos/reload4j/reload4j/1.2.26/reload4j-1.2.26.jar:/home/runner/.m2/repository/com/fasterxml/jackson/core/jackson-core/2.16.2/jackson-core-2.16.2.jar:/home/runner/.m2/repository/com/fasterxml/jackson/core/jackson-databind/2.16.2/jackson-databind-2.16.2.jar:/home/runner/.m2/repository/com/fasterxml/jackson/core/jackson-annotations/2.16.2/jackson-annotations-2.16.2.jar:/home/runner/.m2/repository/com/github/stephenc/jcip/jcip-annotations/1.0-1/jcip-annotations-1.0-1.jar:/home/runner/.m2/repository/com/google/guava/guava/32.1.3-jre/guava-32.1.3-jre.jar:/home/runner/.m2/repository/com/google/guava/failureaccess/1.0.1/failureaccess-1.0.1.jar:/home/runner/.m2/repository/com/google/guava/listenablefuture/9999.0-empty-to-avoid-conflict-with-guava/listenablefuture-9999.0-empty-to-avoid-conflict-with-guava.jar:/home/runner/.m2/repository/org/checkerframework/checker-qual/3.37.0/checker-qual-3.37.0.jar:/home/runner/.m2/repository/com/google/errorprone/error_prone_annotations/2.29.2/error_prone_annotations-2.29.2.jar:/home/runner/.m2/repository/com/google/j2objc/j2objc-annotations/2.8/j2objc-annotations-2.8.jar:/home/runner/.m2/repository/com/google/protobuf/protobuf-java/2.5.0/protobuf-java-2.5.0.jar:/home/runner/.m2/repository/com/squareup/okhttp3/okhttp/4.12.0/okhttp-4.12.0.jar:/home/runner/.m2/repository/com/squareup/okio/okio/3.6.0/okio-3.6.0.jar:/home/runner/.m2/repository/com/squareup/okio/okio-jvm/3.6.0/okio-jvm-3.6.0.jar:/home/runner/.m2/repository/org/jetbrains/kotlin/kotlin-stdlib-common/1.9.25/kotlin-stdlib-common-1.9.25.jar:/home/runner/.m2/repository/org/jetbrains/kotlin/kotlin-stdlib-jdk8/1.9.25/kotlin-stdlib-jdk8-1.9.25.jar:/home/runner/.m2/repository/org/jetbrains/kotlin/kotlin-stdlib/1.9.25/kotlin-stdlib-1.9.25.jar:/home/runner/.m2/repository/org/jetbrains/annotations/13.0/annotations-13.0.jar:/home/runner/.m2/repository/org/jetbrains/kotlin/kotlin-stdlib-jdk7/1.9.25/kotlin-stdlib-jdk7-1.9.25.jar:/home/runner/.m2/repository/commons-codec/commons-codec/1.17.1/commons-codec-1.17.1.jar:/home/runner/.m2/repository/commons-io/commons-io/2.18.0/commons-io-2.18.0.jar:/home/runner/.m2/repository/commons-validator/commons-validator/1.6/commons-validator-1.6.jar:/home/runner/.m2/repository/commons-beanutils/commons-beanutils/1.11.0/commons-beanutils-1.11.0.jar:/home/runner/.m2/repository/commons-digester/commons-digester/1.8.1/commons-digester-1.8.1.jar:/home/runner/.m2/repository/commons-collections/commons-collections/3.2.2/commons-collections-3.2.2.jar:/home/runner/.m2/repository/info/picocli/picocli/4.7.7/picocli-4.7.7.jar:/home/runner/.m2/repository/jakarta/annotation/jakarta.annotation-api/2.1.1/jakarta.annotation-api-2.1.1.jar:/home/runner/.m2/repository/jakarta/xml/bind/jakarta.xml.bind-api/2.3.3/jakarta.xml.bind-api-2.3.3.jar:/home/runner/.m2/repository/jakarta/activation/jakarta.activation-api/1.2.2/jakarta.activation-api-1.2.2.jar:/home/runner/.m2/repository/javax/servlet/javax.servlet-api/3.1.0/javax.servlet-api-3.1.0.jar:/home/runner/.m2/repository/javax/ws/rs/jsr311-api/1.1.1/jsr311-api-1.1.1.jar:/home/runner/.m2/repository/org/apache/commons/commons-compress/1.27.1/commons-compress-1.27.1.jar:/home/runner/.m2/repository/org/apache/commons/commons-lang3/3.17.0/commons-lang3-3.17.0.jar:/home/runner/.m2/repository/org/apache/commons/commons-text/1.12.0/commons-text-1.12.0.jar:/home/runner/.m2/repository/org/apache/hadoop/hadoop-auth/3.4.1/hadoop-auth-3.4.1.jar:/home/runner/.m2/repository/com/nimbusds/nimbus-jose-jwt/9.40/nimbus-jose-jwt-9.40.jar:/home/runner/.m2/repository/io/dropwizard/metrics/metrics-core/3.2.6/metrics-core-3.2.6.jar:/home/runner/.m2/repository/org/apache/kerby/kerb-core/1.0.1/kerb-core-1.0.1.jar:/home/runner/.m2/repository/org/apache/kerby/kerby-pkix/1.0.1/kerby-pkix-1.0.1.jar:/home/runner/.m2/repository/org/apache/kerby/kerby-asn1/1.0.1/kerby-asn1-1.0.1.jar:/home/runner/.m2/repository/org/apache/kerby/kerb-util/1.0.1/kerb-util-1.0.1.jar:/home/runner/.m2/repository/org/apache/kerby/kerby-config/1.0.1/kerby-config-1.0.1.jar:/home/runner/.m2/repository/org/apache/kerby/kerb-crypto/1.0.1/kerb-crypto-1.0.1.jar:/home/runner/.m2/repository/org/apache/hadoop/thirdparty/hadoop-shaded-guava/1.3.0/hadoop-shaded-guava-1.3.0.jar:/home/runner/.m2/repository/org/apache/hadoop/hadoop-common/3.4.1/hadoop-common-3.4.1.jar:/home/runner/.m2/repository/org/apache/hadoop/thirdparty/hadoop-shaded-protobuf_3_25/1.4.0/hadoop-shaded-protobuf_3_25-1.4.0.jar:/home/runner/.m2/repository/org/apache/hadoop/hadoop-annotations/3.4.1/hadoop-annotations-3.4.1.jar:/home/runner/.m2/repository/commons-cli/commons-cli/1.8.0/commons-cli-1.8.0.jar:/home/runner/.m2/repository/commons-net/commons-net/3.11.1/commons-net-3.11.1.jar:/home/runner/.m2/repository/org/eclipse/jetty/jetty-server/9.4.57.v20241219/jetty-server-9.4.57.v20241219.jar:/home/runner/.m2/repository/org/eclipse/jetty/jetty-io/9.4.57.v20241219/jetty-io-9.4.57.v20241219.jar:/home/runner/.m2/repository/org/eclipse/jetty/jetty-util/9.4.57.v20241219/jetty-util-9.4.57.v20241219.jar:/home/runner/.m2/repository/org/eclipse/jetty/jetty-servlet/9.4.57.v20241219/jetty-servlet-9.4.57.v20241219.jar:/home/runner/.m2/repository/org/eclipse/jetty/jetty-security/9.4.57.v20241219/jetty-security-9.4.57.v20241219.jar:/home/runner/.m2/repository/org/eclipse/jetty/jetty-webapp/9.4.57.v20241219/jetty-webapp-9.4.57.v20241219.jar:/home/runner/.m2/repository/org/eclipse/jetty/jetty-xml/9.4.57.v20241219/jetty-xml-9.4.57.v20241219.jar:/home/runner/.m2/repository/javax/servlet/jsp/jsp-api/2.1/jsp-api-2.1.jar:/home/runner/.m2/repository/org/codehaus/jettison/jettison/1.5.4/jettison-1.5.4.jar:/home/runner/.m2/repository/org/apache/commons/commons-configuration2/2.11.0/commons-configuration2-2.11.0.jar:/home/runner/.m2/repository/com/google/re2j/re2j/1.7/re2j-1.7.jar:/home/runner/.m2/repository/com/google/code/gson/gson/2.10.1/gson-2.10.1.jar:/home/runner/.m2/repository/com/jcraft/jsch/0.1.55/jsch-0.1.55.jar:/home/runner/.m2/repository/io/netty/netty-handler/4.1.109.Final/netty-handler-4.1.109.Final.jar:/home/runner/.m2/repository/io/netty/netty-resolver/4.1.109.Final/netty-resolver-4.1.109.Final.jar:/home/runner/.m2/repository/io/netty/netty-transport-native-epoll/4.1.109.Final/netty-transport-native-epoll-4.1.109.Final.jar:/home/runner/.m2/repository/org/bouncycastle/bcprov-jdk18on/1.81/bcprov-jdk18on-1.81.jar:/home/runner/.m2/repository/org/codehaus/woodstox/stax2-api/4.2.1/stax2-api-4.2.1.jar:/home/runner/.m2/repository/com/fasterxml/woodstox/woodstox-core/5.4.0/woodstox-core-5.4.0.jar:/home/runner/.m2/repository/dnsjava/dnsjava/3.6.1/dnsjava-3.6.1.jar:/home/runner/.m2/repository/org/apache/hadoop/hadoop-common/3.4.1/hadoop-common-3.4.1-tests.jar:/home/runner/.m2/repository/org/apache/commons/commons-math3/3.6.1/commons-math3-3.6.1.jar:/home/runner/.m2/repository/com/sun/jersey/jersey-core/1.19.4/jersey-core-1.19.4.jar:/home/runner/.m2/repository/com/sun/jersey/jersey-servlet/1.19.4/jersey-servlet-1.19.4.jar:/home/runner/.m2/repository/com/github/pjfanning/jersey-json/1.22.0/jersey-json-1.22.0.jar:/home/runner/.m2/repository/com/sun/xml/bind/jaxb-impl/2.2.3-1/jaxb-impl-2.2.3-1.jar:/home/runner/.m2/repository/com/sun/jersey/jersey-server/1.19.4/jersey-server-1.19.4.jar:/home/runner/.m2/repository/org/slf4j/slf4j-reload4j/2.0.17/slf4j-reload4j-2.0.17.jar:/home/runner/.m2/repository/org/apache/avro/avro/1.9.2/avro-1.9.2.jar:/home/runner/.m2/repository/org/apache/curator/curator-client/4.2.0/curator-client-4.2.0.jar:/home/runner/.m2/repository/org/apache/curator/curator-recipes/5.2.0/curator-recipes-5.2.0.jar:/home/runner/.m2/repository/org/apache/curator/curator-framework/4.2.0/curator-framework-4.2.0.jar:/home/runner/.m2/repository/com/google/code/findbugs/jsr305/3.0.2/jsr305-3.0.2.jar:/home/runner/.m2/repository/org/apache/zookeeper/zookeeper/3.8.4/zookeeper-3.8.4.jar:/home/runner/.m2/repository/org/apache/zookeeper/zookeeper-jute/3.8.4/zookeeper-jute-3.8.4.jar:/home/runner/.m2/repository/org/apache/yetus/audience-annotations/0.12.0/audience-annotations-0.12.0.jar:/home/runner/.m2/repository/org/xerial/snappy/snappy-java/1.1.10.7/snappy-java-1.1.10.7.jar:/home/runner/.m2/repository/org/apache/hadoop/hadoop-distcp/3.4.1/hadoop-distcp-3.4.1.jar:/home/runner/.m2/repository/org/apache/hadoop/hadoop-distcp/3.4.1/hadoop-distcp-3.4.1-tests.jar:/home/runner/.m2/repository/org/apache/hadoop/hadoop-hdfs/3.4.1/hadoop-hdfs-3.4.1.jar:/home/runner/.m2/repository/org/eclipse/jetty/jetty-util-ajax/9.4.57.v20241219/jetty-util-ajax-9.4.57.v20241219.jar:/home/runner/.m2/repository/commons-daemon/commons-daemon/1.4.0/commons-daemon-1.4.0.jar:/home/runner/.m2/repository/org/apache/hadoop/hadoop-hdfs/3.4.1/hadoop-hdfs-3.4.1-tests.jar:/home/runner/.m2/repository/io/netty/netty-all/4.1.109.Final/netty-all-4.1.109.Final.jar:/home/runner/.m2/repository/io/netty/netty-codec-dns/4.1.109.Final/netty-codec-dns-4.1.109.Final.jar:/home/runner/.m2/repository/io/netty/netty-codec-haproxy/4.1.109.Final/netty-codec-haproxy-4.1.109.Final.jar:/home/runner/.m2/repository/io/netty/netty-codec-http/4.1.109.Final/netty-codec-http-4.1.109.Final.jar:/home/runner/.m2/repository/io/netty/netty-codec-memcache/4.1.109.Final/netty-codec-memcache-4.1.109.Final.jar:/home/runner/.m2/repository/io/netty/netty-codec-mqtt/4.1.109.Final/netty-codec-mqtt-4.1.109.Final.jar:/home/runner/.m2/repository/io/netty/netty-codec-redis/4.1.109.Final/netty-codec-redis-4.1.109.Final.jar:/home/runner/.m2/repository/io/netty/netty-codec-smtp/4.1.109.Final/netty-codec-smtp-4.1.109.Final.jar:/home/runner/.m2/repository/io/netty/netty-codec-socks/4.1.109.Final/netty-codec-socks-4.1.109.Final.jar:/home/runner/.m2/repository/io/netty/netty-codec-stomp/4.1.109.Final/netty-codec-stomp-4.1.109.Final.jar:/home/runner/.m2/repository/io/netty/netty-codec-xml/4.1.109.Final/netty-codec-xml-4.1.109.Final.jar:/home/runner/.m2/repository/io/netty/netty-handler-ssl-ocsp/4.1.109.Final/netty-handler-ssl-ocsp-4.1.109.Final.jar:/home/runner/.m2/repository/io/netty/netty-resolver-dns/4.1.109.Final/netty-resolver-dns-4.1.109.Final.jar:/home/runner/.m2/repository/io/netty/netty-transport-rxtx/4.1.109.Final/netty-transport-rxtx-4.1.109.Final.jar:/home/runner/.m2/repository/io/netty/netty-transport-sctp/4.1.109.Final/netty-transport-sctp-4.1.109.Final.jar:/home/runner/.m2/repository/io/netty/netty-transport-udt/4.1.109.Final/netty-transport-udt-4.1.109.Final.jar:/home/runner/.m2/repository/io/netty/netty-transport-classes-kqueue/4.1.109.Final/netty-transport-classes-kqueue-4.1.109.Final.jar:/home/runner/.m2/repository/io/netty/netty-resolver-dns-classes-macos/4.1.109.Final/netty-resolver-dns-classes-macos-4.1.109.Final.jar:/home/runner/.m2/repository/io/netty/netty-transport-native-epoll/4.1.109.Final/netty-transport-native-epoll-4.1.109.Final-linux-aarch_64.jar:/home/runner/.m2/repository/io/netty/netty-transport-native-epoll/4.1.109.Final/netty-transport-native-epoll-4.1.109.Final-linux-riscv64.jar:/home/runner/.m2/repository/io/netty/netty-transport-native-kqueue/4.1.109.Final/netty-transport-native-kqueue-4.1.109.Final-osx-x86_64.jar:/home/runner/.m2/repository/io/netty/netty-transport-native-kqueue/4.1.109.Final/netty-transport-native-kqueue-4.1.109.Final-osx-aarch_64.jar:/home/runner/.m2/repository/io/netty/netty-resolver-dns-native-macos/4.1.109.Final/netty-resolver-dns-native-macos-4.1.109.Final-osx-x86_64.jar:/home/runner/.m2/repository/io/netty/netty-resolver-dns-native-macos/4.1.109.Final/netty-resolver-dns-native-macos-4.1.109.Final-osx-aarch_64.jar:/home/runner/.m2/repository/org/fusesource/leveldbjni/leveldbjni-all/1.8/leveldbjni-all-1.8.jar:/home/runner/.m2/repository/org/apache/hadoop/hadoop-hdfs-client/3.4.1/hadoop-hdfs-client-3.4.1.jar:/home/runner/.m2/repository/org/apache/hadoop/hadoop-kms/3.4.1/hadoop-kms-3.4.1.jar:/home/runner/.m2/repository/org/apache/hadoop/hadoop-kms/3.4.1/hadoop-kms-3.4.1-tests.jar:/home/runner/.m2/repository/org/apache/hadoop/hadoop-mapreduce-client-core/3.4.1/hadoop-mapreduce-client-core-3.4.1.jar:/home/runner/.m2/repository/org/apache/hadoop/hadoop-yarn-client/3.4.1/hadoop-yarn-client-3.4.1.jar:/home/runner/.m2/repository/org/eclipse/jetty/websocket/websocket-client/9.4.53.v20231009/websocket-client-9.4.53.v20231009.jar:/home/runner/.m2/repository/org/eclipse/jetty/jetty-client/9.4.57.v20241219/jetty-client-9.4.57.v20241219.jar:/home/runner/.m2/repository/org/eclipse/jetty/websocket/websocket-common/9.4.53.v20231009/websocket-common-9.4.53.v20231009.jar:/home/runner/.m2/repository/org/eclipse/jetty/websocket/websocket-api/9.4.53.v20231009/websocket-api-9.4.53.v20231009.jar:/home/runner/.m2/repository/org/apache/hadoop/hadoop-yarn-api/3.4.1/hadoop-yarn-api-3.4.1.jar:/home/runner/.m2/repository/org/apache/hadoop/hadoop-yarn-common/3.4.1/hadoop-yarn-common-3.4.1.jar:/home/runner/.m2/repository/javax/xml/bind/jaxb-api/2.2.11/jaxb-api-2.2.11.jar:/home/runner/.m2/repository/com/sun/jersey/contribs/jersey-guice/1.19.4/jersey-guice-1.19.4.jar:/home/runner/.m2/repository/com/fasterxml/jackson/module/jackson-module-jaxb-annotations/2.16.2/jackson-module-jaxb-annotations-2.16.2.jar:/home/runner/.m2/repository/com/fasterxml/jackson/jaxrs/jackson-jaxrs-json-provider/2.16.2/jackson-jaxrs-json-provider-2.16.2.jar:/home/runner/.m2/repository/com/google/inject/extensions/guice-servlet/6.0.0/guice-servlet-6.0.0.jar:/home/runner/.m2/repository/org/apache/hadoop/hadoop-mapreduce-client-jobclient/3.4.1/hadoop-mapreduce-client-jobclient-3.4.1.jar:/home/runner/.m2/repository/org/apache/hadoop/hadoop-mapreduce-client-common/3.4.1/hadoop-mapreduce-client-common-3.4.1.jar:/home/runner/.m2/repository/org/apache/hadoop/hadoop-minikdc/3.4.1/hadoop-minikdc-3.4.1.jar:/home/runner/.m2/repository/org/apache/kerby/kerb-simplekdc/2.0.3/kerb-simplekdc-2.0.3.jar:/home/runner/.m2/repository/org/apache/kerby/kerb-client/2.0.3/kerb-client-2.0.3.jar:/home/runner/.m2/repository/org/apache/kerby/kerb-common/2.0.3/kerb-common-2.0.3.jar:/home/runner/.m2/repository/org/apache/kerby/token-provider/2.0.3/token-provider-2.0.3.jar:/home/runner/.m2/repository/org/apache/kerby/kerb-admin/2.0.3/kerb-admin-2.0.3.jar:/home/runner/.m2/repository/org/apache/kerby/kerb-server/2.0.3/kerb-server-2.0.3.jar:/home/runner/.m2/repository/org/apache/kerby/kerb-identity/2.0.3/kerb-identity-2.0.3.jar:/home/runner/.m2/repository/org/apache/kerby/kerby-xdr/2.0.3/kerby-xdr-2.0.3.jar:/home/runner/.m2/repository/junit/junit/4.13.2/junit-4.13.2.jar:/home/runner/.m2/repository/org/hamcrest/hamcrest-core/1.3/hamcrest-core-1.3.jar:/home/runner/.m2/repository/org/apache/httpcomponents/httpclient/4.5.14/httpclient-4.5.14.jar:/home/runner/.m2/repository/org/apache/httpcomponents/httpcore/4.4.16/httpcore-4.4.16.jar:/home/runner/.m2/repository/org/apache/kerby/kerby-util/1.0.1/kerby-util-1.0.1.jar:/home/runner/work/ozone/ozone/hadoop-hdds/client/target/hdds-client-2.1.0-SNAPSHOT.jar:/home/runner/.m2/repository/io/opentracing/opentracing-api/0.33.0/opentracing-api-0.33.0.jar:/home/runner/.m2/repository/io/opentracing/opentracing-util/0.33.0/opentracing-util-0.33.0.jar:/home/runner/.m2/repository/io/opentracing/opentracing-noop/0.33.0/opentracing-noop-0.33.0.jar:/home/runner/work/ozone/ozone/hadoop-hdds/erasurecode/target/hdds-erasurecode-2.1.0-SNAPSHOT.jar:/home/runner/work/ozone/ozone/hadoop-hdds/common/target/hdds-common-2.1.0-SNAPSHOT.jar:/home/runner/.m2/repository/com/fasterxml/jackson/datatype/jackson-datatype-jsr310/2.16.2/jackson-datatype-jsr310-2.16.2.jar:/home/runner/.m2/repository/io/jaegertracing/jaeger-core/1.8.1/jaeger-core-1.8.1.jar:/home/runner/.m2/repository/org/apache/ratis/ratis-netty/3.1.2/ratis-netty-3.1.2.jar:/home/runner/.m2/repository/org/yaml/snakeyaml/2.0/snakeyaml-2.0.jar:/home/runner/.m2/repository/io/jaegertracing/jaeger-client/1.8.1/jaeger-client-1.8.1.jar:/home/runner/.m2/repository/io/jaegertracing/jaeger-thrift/1.8.1/jaeger-thrift-1.8.1.jar:/home/runner/.m2/repository/org/apache/thrift/libthrift/0.15.0/libthrift-0.15.0.jar:/home/runner/.m2/repository/io/jaegertracing/jaeger-tracerresolver/1.8.1/jaeger-tracerresolver-1.8.1.jar:/home/runner/.m2/repository/io/opentracing/contrib/opentracing-tracerresolver/0.1.8/opentracing-tracerresolver-0.1.8.jar:/home/runner/.m2/repository/org/apache/ratis/ratis-metrics-dropwizard3/3.1.2/ratis-metrics-dropwizard3-3.1.2.jar:/home/runner/.m2/repository/org/slf4j/jcl-over-slf4j/2.0.17/jcl-over-slf4j-2.0.17.jar:/home/runner/work/ozone/ozone/hadoop-hdds/common/target/hdds-common-2.1.0-SNAPSHOT-tests.jar:/home/runner/work/ozone/ozone/hadoop-hdds/config/target/hdds-config-2.1.0-SNAPSHOT.jar:/home/runner/work/ozone/ozone/hadoop-hdds/container-service/target/hdds-container-service-2.1.0-SNAPSHOT.jar:/home/runner/.m2/repository/io/netty/netty-buffer/4.1.109.Final/netty-buffer-4.1.109.Final.jar:/home/runner/.m2/repository/io/netty/netty-codec/4.1.109.Final/netty-codec-4.1.109.Final.jar:/home/runner/.m2/repository/io/netty/netty-common/4.1.109.Final/netty-common-4.1.109.Final.jar:/home/runner/.m2/repository/io/netty/netty-transport/4.1.109.Final/netty-transport-4.1.109.Final.jar:/home/runner/.m2/repository/org/apache/logging/log4j/log4j-api/2.24.2/log4j-api-2.24.2.jar:/home/runner/.m2/repository/com/github/luben/zstd-jni/1.5.7-3/zstd-jni-1.5.7-3.jar:/home/runner/.m2/repository/log4j/apache-log4j-extras/1.2.17/apache-log4j-extras-1.2.17.jar:/home/runner/.m2/repository/org/glassfish/jaxb/jaxb-runtime/2.3.9/jaxb-runtime-2.3.9.jar:/home/runner/.m2/repository/org/glassfish/jaxb/txw2/2.3.9/txw2-2.3.9.jar:/home/runner/.m2/repository/com/sun/istack/istack-commons-runtime/3.0.12/istack-commons-runtime-3.0.12.jar:/home/runner/.m2/repository/com/sun/activation/jakarta.activation/1.2.2/jakarta.activation-1.2.2.jar:/home/runner/work/ozone/ozone/hadoop-hdds/container-service/target/hdds-container-service-2.1.0-SNAPSHOT-tests.jar:/home/runner/work/ozone/ozone/hadoop-hdds/interface-admin/target/hdds-interface-admin-2.1.0-SNAPSHOT.jar:/home/runner/work/ozone/ozone/hadoop-hdds/interface-client/target/hdds-interface-client-2.1.0-SNAPSHOT.jar:/home/runner/work/ozone/ozone/hadoop-hdds/interface-server/target/hdds-interface-server-2.1.0-SNAPSHOT.jar:/home/runner/work/ozone/ozone/hadoop-hdds/managed-rocksdb/target/hdds-managed-rocksdb-2.1.0-SNAPSHOT.jar:/home/runner/work/ozone/ozone/hadoop-hdds/rocks-native/target/hdds-rocks-native-2.1.0-SNAPSHOT.jar:/home/runner/work/ozone/ozone/hadoop-hdds/framework/target/hdds-server-framework-2.1.0-SNAPSHOT.jar:/home/runner/.m2/repository/com/github/jnr/jnr-constants/0.10.4/jnr-constants-0.10.4.jar:/home/runner/.m2/repository/com/github/jnr/jnr-posix/3.1.20/jnr-posix-3.1.20.jar:/home/runner/.m2/repository/com/github/jnr/jnr-ffi/2.2.17/jnr-ffi-2.2.17.jar:/home/runner/.m2/repository/com/github/jnr/jffi/1.3.13/jffi-1.3.13.jar:/home/runner/.m2/repository/com/github/jnr/jffi/1.3.13/jffi-1.3.13-native.jar:/home/runner/.m2/repository/org/ow2/asm/asm/9.7.1/asm-9.7.1.jar:/home/runner/.m2/repository/org/ow2/asm/asm-commons/9.7.1/asm-commons-9.7.1.jar:/home/runner/.m2/repository/org/ow2/asm/asm-analysis/9.7.1/asm-analysis-9.7.1.jar:/home/runner/.m2/repository/org/ow2/asm/asm-tree/9.7.1/asm-tree-9.7.1.jar:/home/runner/.m2/repository/org/ow2/asm/asm-util/9.7.1/asm-util-9.7.1.jar:/home/runner/.m2/repository/com/github/jnr/jnr-a64asm/1.0.0/jnr-a64asm-1.0.0.jar:/home/runner/.m2/repository/com/github/jnr/jnr-x86asm/1.0.2/jnr-x86asm-1.0.2.jar:/home/runner/.m2/repository/commons-fileupload/commons-fileupload/1.5/commons-fileupload-1.5.jar:/home/runner/.m2/repository/io/grpc/grpc-api/1.58.0/grpc-api-1.58.0.jar:/home/runner/.m2/repository/io/prometheus/simpleclient/0.16.0/simpleclient-0.16.0.jar:/home/runner/.m2/repository/io/prometheus/simpleclient_common/0.16.0/simpleclient_common-0.16.0.jar:/home/runner/.m2/repository/io/prometheus/simpleclient_dropwizard/0.16.0/simpleclient_dropwizard-0.16.0.jar:/home/runner/.m2/repository/jakarta/ws/rs/jakarta.ws.rs-api/2.1.6/jakarta.ws.rs-api-2.1.6.jar:/home/runner/.m2/repository/org/eclipse/jetty/jetty-http/9.4.57.v20241219/jetty-http-9.4.57.v20241219.jar:/home/runner/.m2/repository/org/glassfish/jersey/containers/jersey-container-servlet-core/2.47/jersey-container-servlet-core-2.47.jar:/home/runner/.m2/repository/org/glassfish/jersey/core/jersey-server/2.47/jersey-server-2.47.jar:/home/runner/.m2/repository/org/glassfish/jersey/core/jersey-client/2.47/jersey-client-2.47.jar:/home/runner/.m2/repository/com/lmax/disruptor/3.4.4/disruptor-3.4.4.jar:/home/runner/.m2/repository/org/apache/logging/log4j/log4j-core/2.24.2/log4j-core-2.24.2.jar:/home/runner/work/ozone/ozone/hadoop-hdds/framework/target/hdds-server-framework-2.1.0-SNAPSHOT-tests.jar:/home/runner/work/ozone/ozone/hadoop-hdds/server-scm/target/hdds-server-scm-2.1.0-SNAPSHOT.jar:/home/runner/work/ozone/ozone/hadoop-hdds/server-scm/target/hdds-server-scm-2.1.0-SNAPSHOT-tests.jar:/home/runner/work/ozone/ozone/hadoop-hdds/test-utils/target/hdds-test-utils-2.1.0-SNAPSHOT-tests.jar:/home/runner/work/ozone/ozone/hadoop-ozone/cli-admin/target/ozone-cli-admin-2.1.0-SNAPSHOT.jar:/home/runner/work/ozone/ozone/hadoop-ozone/cli-shell/target/ozone-cli-shell-2.1.0-SNAPSHOT.jar:/home/runner/.m2/repository/info/picocli/picocli-shell-jline3/4.7.7/picocli-shell-jline3-4.7.7.jar:/home/runner/.m2/repository/org/jline/jline/3.30.4/jline-3.30.4.jar:/home/runner/work/ozone/ozone/hadoop-ozone/client/target/ozone-client-2.1.0-SNAPSHOT.jar:/home/runner/work/ozone/ozone/hadoop-ozone/common/target/ozone-common-2.1.0-SNAPSHOT.jar:/home/runner/.m2/repository/io/grpc/grpc-netty/1.58.0/grpc-netty-1.58.0.jar:/home/runner/.m2/repository/io/grpc/grpc-core/1.58.0/grpc-core-1.58.0.jar:/home/runner/.m2/repository/com/google/android/annotations/4.1.1.4/annotations-4.1.1.4.jar:/home/runner/.m2/repository/org/codehaus/mojo/animal-sniffer-annotations/1.23/animal-sniffer-annotations-1.23.jar:/home/runner/.m2/repository/io/grpc/grpc-context/1.58.0/grpc-context-1.58.0.jar:/home/runner/.m2/repository/io/grpc/grpc-util/1.58.0/grpc-util-1.58.0.jar:/home/runner/.m2/repository/io/perfmark/perfmark-api/0.26.0/perfmark-api-0.26.0.jar:/home/runner/.m2/repository/io/netty/netty-codec-http2/4.1.109.Final/netty-codec-http2-4.1.109.Final.jar:/home/runner/.m2/repository/io/netty/netty-handler-proxy/4.1.109.Final/netty-handler-proxy-4.1.109.Final.jar:/home/runner/.m2/repository/io/netty/netty-tcnative-boringssl-static/2.0.65.Final/netty-tcnative-boringssl-static-2.0.65.Final.jar:/home/runner/.m2/repository/io/netty/netty-tcnative-classes/2.0.65.Final/netty-tcnative-classes-2.0.65.Final.jar:/home/runner/.m2/repository/io/netty/netty-tcnative-boringssl-static/2.0.65.Final/netty-tcnative-boringssl-static-2.0.65.Final-linux-x86_64.jar:/home/runner/.m2/repository/io/netty/netty-tcnative-boringssl-static/2.0.65.Final/netty-tcnative-boringssl-static-2.0.65.Final-linux-aarch_64.jar:/home/runner/.m2/repository/io/netty/netty-tcnative-boringssl-static/2.0.65.Final/netty-tcnative-boringssl-static-2.0.65.Final-osx-x86_64.jar:/home/runner/.m2/repository/io/netty/netty-tcnative-boringssl-static/2.0.65.Final/netty-tcnative-boringssl-static-2.0.65.Final-osx-aarch_64.jar:/home/runner/.m2/repository/io/netty/netty-tcnative-boringssl-static/2.0.65.Final/netty-tcnative-boringssl-static-2.0.65.Final-windows-x86_64.jar:/home/runner/work/ozone/ozone/hadoop-ozone/csi/target/ozone-csi-2.1.0-SNAPSHOT.jar:/home/runner/.m2/repository/io/grpc/grpc-protobuf/1.58.0/grpc-protobuf-1.58.0.jar:/home/runner/.m2/repository/com/google/api/grpc/proto-google-common-protos/2.22.0/proto-google-common-protos-2.22.0.jar:/home/runner/.m2/repository/io/grpc/grpc-protobuf-lite/1.58.0/grpc-protobuf-lite-1.58.0.jar:/home/runner/.m2/repository/io/grpc/grpc-stub/1.58.0/grpc-stub-1.58.0.jar:/home/runner/.m2/repository/io/netty/netty-transport-classes-epoll/4.1.109.Final/netty-transport-classes-epoll-4.1.109.Final.jar:/home/runner/.m2/repository/io/netty/netty-transport-native-unix-common/4.1.109.Final/netty-transport-native-unix-common-4.1.109.Final.jar:/home/runner/.m2/repository/io/netty/netty-transport-native-epoll/4.1.109.Final/netty-transport-native-epoll-4.1.109.Final-linux-x86_64.jar:/home/runner/work/ozone/ozone/hadoop-ozone/ozonefs/target/ozone-filesystem-2.1.0-SNAPSHOT.jar:/home/runner/work/ozone/ozone/hadoop-ozone/ozonefs-common/target/ozone-filesystem-common-2.1.0-SNAPSHOT.jar:/home/runner/work/ozone/ozone/hadoop-ozone/freon/target/ozone-freon-2.1.0-SNAPSHOT.jar:/home/runner/.m2/repository/com/amazonaws/aws-java-sdk-core/1.12.661/aws-java-sdk-core-1.12.661.jar:/home/runner/.m2/repository/com/fasterxml/jackson/dataformat/jackson-dataformat-cbor/2.16.2/jackson-dataformat-cbor-2.16.2.jar:/home/runner/.m2/repository/joda-time/joda-time/2.12.7/joda-time-2.12.7.jar:/home/runner/.m2/repository/com/amazonaws/aws-java-sdk-s3/1.12.661/aws-java-sdk-s3-1.12.661.jar:/home/runner/.m2/repository/com/amazonaws/aws-java-sdk-kms/1.12.661/aws-java-sdk-kms-1.12.661.jar:/home/runner/.m2/repository/com/amazonaws/jmespath-java/1.12.661/jmespath-java-1.12.661.jar:/home/runner/work/ozone/ozone/hadoop-ozone/interface-client/target/ozone-interface-client-2.1.0-SNAPSHOT.jar:/home/runner/work/ozone/ozone/hadoop-ozone/interface-storage/target/ozone-interface-storage-2.1.0-SNAPSHOT.jar:/home/runner/work/ozone/ozone/hadoop-ozone/ozone-manager/target/ozone-manager-2.1.0-SNAPSHOT.jar:/home/runner/.m2/repository/com/sun/jersey/jersey-client/1.19.4/jersey-client-1.19.4.jar:/home/runner/.m2/repository/org/apache/ranger/ranger-plugins-common/2.6.0/ranger-plugins-common-2.6.0.jar:/home/runner/.m2/repository/com/fasterxml/jackson/jaxrs/jackson-jaxrs-base/2.16.2/jackson-jaxrs-base-2.16.2.jar:/home/runner/.m2/repository/com/kstruct/gethostname4j/1.0.0/gethostname4j-1.0.0.jar:/home/runner/.m2/repository/commons-lang/commons-lang/2.6/commons-lang-2.6.jar:/home/runner/.m2/repository/net/java/dev/jna/jna/5.2.0/jna-5.2.0.jar:/home/runner/.m2/repository/net/java/dev/jna/jna-platform/5.2.0/jna-platform-5.2.0.jar:/home/runner/.m2/repository/org/apache/ranger/ranger-plugin-classloader/2.6.0/ranger-plugin-classloader-2.6.0.jar:/home/runner/.m2/repository/org/apache/ranger/ranger-plugins-audit/2.6.0/ranger-plugins-audit-2.6.0.jar:/home/runner/.m2/repository/com/amazonaws/aws-java-sdk-logs/1.12.765/aws-java-sdk-logs-1.12.765.jar:/home/runner/.m2/repository/com/carrotsearch/hppc/0.8.0/hppc-0.8.0.jar:/home/runner/.m2/repository/io/airlift/aircompressor/0.27/aircompressor-0.27.jar:/home/runner/.m2/repository/org/apache/httpcomponents/httpasyncclient/4.1.4/httpasyncclient-4.1.4.jar:/home/runner/.m2/repository/org/apache/httpcomponents/httpcore-nio/4.4.16/httpcore-nio-4.4.16.jar:/home/runner/.m2/repository/org/apache/httpcomponents/httpmime/4.5.13/httpmime-4.5.13.jar:/home/runner/.m2/repository/org/apache/orc/orc-core/1.5.8/orc-core-1.5.8.jar:/home/runner/.m2/repository/org/apache/orc/orc-shims/1.5.8/orc-shims-1.5.8.jar:/home/runner/.m2/repository/org/apache/ranger/ranger-plugins-cred/2.6.0/ranger-plugins-cred-2.6.0.jar:/home/runner/.m2/repository/org/aspectj/aspectjrt/1.9.7/aspectjrt-1.9.7.jar:/home/runner/work/ozone/ozone/hadoop-ozone/ozone-manager/target/ozone-manager-2.1.0-SNAPSHOT-tests.jar:/home/runner/work/ozone/ozone/hadoop-ozone/mini-cluster/target/ozone-mini-cluster-2.1.0-SNAPSHOT.jar:/home/runner/work/ozone/ozone/hadoop-ozone/recon/target/ozone-recon-2.1.0-SNAPSHOT.jar:/home/runner/.m2/repository/aopalliance/aopalliance/1.0/aopalliance-1.0.jar:/home/runner/.m2/repository/com/google/inject/guice/6.0.0/guice-6.0.0.jar:/home/runner/.m2/repository/jakarta/inject/jakarta.inject-api/2.0.1/jakarta.inject-api-2.0.1.jar:/home/runner/.m2/repository/com/jolbox/bonecp/0.8.0.RELEASE/bonecp-0.8.0.RELEASE.jar:/home/runner/.m2/repository/jakarta/validation/jakarta.validation-api/2.0.2/jakarta.validation-api-2.0.2.jar:/home/runner/.m2/repository/javax/annotation/javax.annotation-api/1.3.2/javax.annotation-api-1.3.2.jar:/home/runner/.m2/repository/javax/inject/javax.inject/1/javax.inject-1.jar:/home/runner/.m2/repository/org/apache/derby/derby/10.14.2.0/derby-10.14.2.0.jar:/home/runner/.m2/repository/org/glassfish/hk2/guice-bridge/2.6.1/guice-bridge-2.6.1.jar:/home/runner/.m2/repository/org/glassfish/hk2/hk2-api/2.6.1/hk2-api-2.6.1.jar:/home/runner/.m2/repository/org/glassfish/hk2/hk2-utils/2.6.1/hk2-utils-2.6.1.jar:/home/runner/.m2/repository/org/glassfish/hk2/external/aopalliance-repackaged/2.6.1/aopalliance-repackaged-2.6.1.jar:/home/runner/.m2/repository/org/glassfish/jersey/core/jersey-common/2.47/jersey-common-2.47.jar:/home/runner/.m2/repository/org/glassfish/hk2/osgi-resource-locator/1.0.3/osgi-resource-locator-1.0.3.jar:/home/runner/.m2/repository/org/jooq/jooq/3.11.10/jooq-3.11.10.jar:/home/runner/.m2/repository/org/springframework/spring-core/5.3.39/spring-core-5.3.39.jar:/home/runner/.m2/repository/org/springframework/spring-jdbc/5.3.39/spring-jdbc-5.3.39.jar:/home/runner/.m2/repository/org/springframework/spring-beans/5.3.39/spring-beans-5.3.39.jar:/home/runner/.m2/repository/org/springframework/spring-tx/5.3.39/spring-tx-5.3.39.jar:/home/runner/.m2/repository/org/xerial/sqlite-jdbc/3.50.1.0/sqlite-jdbc-3.50.1.0.jar:/home/runner/.m2/repository/com/google/inject/extensions/guice-assistedinject/6.0.0/guice-assistedinject-6.0.0.jar:/home/runner/.m2/repository/org/glassfish/hk2/external/jakarta.inject/2.6.1/jakarta.inject-2.6.1.jar:/home/runner/.m2/repository/org/glassfish/jersey/inject/jersey-hk2/2.47/jersey-hk2-2.47.jar:/home/runner/.m2/repository/org/glassfish/hk2/hk2-locator/2.6.1/hk2-locator-2.6.1.jar:/home/runner/.m2/repository/org/glassfish/jersey/media/jersey-media-jaxb/2.47/jersey-media-jaxb-2.47.jar:/home/runner/.m2/repository/org/glassfish/jersey/media/jersey-media-json-jackson/2.47/jersey-media-json-jackson-2.47.jar:/home/runner/.m2/repository/org/glassfish/jersey/ext/jersey-entity-filtering/2.47/jersey-entity-filtering-2.47.jar:/home/runner/work/ozone/ozone/hadoop-ozone/recon-codegen/target/ozone-reconcodegen-2.1.0-SNAPSHOT.jar:/home/runner/.m2/repository/org/jooq/jooq-codegen/3.11.10/jooq-codegen-3.11.10.jar:/home/runner/.m2/repository/org/jooq/jooq-meta/3.11.10/jooq-meta-3.11.10.jar:/home/runner/work/ozone/ozone/hadoop-ozone/s3gateway/target/ozone-s3gateway-2.1.0-SNAPSHOT.jar:/home/runner/work/ozone/ozone/hadoop-ozone/tools/target/ozone-tools-2.1.0-SNAPSHOT.jar:/home/runner/.m2/repository/com/github/vlsi/mxgraph/jgraphx/3.9.12/jgraphx-3.9.12.jar:/home/runner/.m2/repository/org/apache/ratis/ratis-shell/3.1.2/ratis-shell-3.1.2.jar:/home/runner/.m2/repository/org/apache/ratis/ratis-tools/3.1.2/ratis-tools-3.1.2.jar:/home/runner/.m2/repository/org/jgrapht/jgrapht-core/1.4.0/jgrapht-core-1.4.0.jar:/home/runner/.m2/repository/org/jheaps/jheaps/0.11/jheaps-0.11.jar:/home/runner/.m2/repository/org/jgrapht/jgrapht-ext/1.4.0/jgrapht-ext-1.4.0.jar:/home/runner/work/ozone/ozone/hadoop-hdds/rocksdb-checkpoint-differ/target/rocksdb-checkpoint-differ-2.1.0-SNAPSHOT.jar:/home/runner/.m2/repository/org/apache/ranger/ranger-intg/2.6.0/ranger-intg-2.6.0.jar:/home/runner/.m2/repository/org/apache/ratis/ratis-client/3.1.2/ratis-client-3.1.2.jar:/home/runner/.m2/repository/org/apache/ratis/ratis-common/3.1.2/ratis-common-3.1.2.jar:/home/runner/.m2/repository/org/apache/ratis/ratis-grpc/3.1.2/ratis-grpc-3.1.2.jar:/home/runner/.m2/repository/org/apache/ratis/ratis-metrics-api/3.1.2/ratis-metrics-api-3.1.2.jar:/home/runner/.m2/repository/org/apache/ratis/ratis-proto/3.1.2/ratis-proto-3.1.2.jar:/home/runner/.m2/repository/org/apache/ratis/ratis-server/3.1.2/ratis-server-3.1.2.jar:/home/runner/.m2/repository/org/apache/ratis/ratis-server-api/3.1.2/ratis-server-api-3.1.2.jar:/home/runner/.m2/repository/org/apache/ratis/ratis-thirdparty-misc/1.0.6/ratis-thirdparty-misc-1.0.6.jar:/home/runner/.m2/repository/org/bouncycastle/bcpkix-jdk18on/1.81/bcpkix-jdk18on-1.81.jar:/home/runner/.m2/repository/org/bouncycastle/bcutil-jdk18on/1.81/bcutil-jdk18on-1.81.jar:/home/runner/.m2/repository/org/hamcrest/hamcrest/2.2/hamcrest-2.2.jar:/home/runner/.m2/repository/org/reflections/reflections/0.10.2/reflections-0.10.2.jar:/home/runner/.m2/repository/org/javassist/javassist/3.30.2-GA/javassist-3.30.2-GA.jar:/home/runner/.m2/repository/org/rocksdb/rocksdbjni/7.7.3/rocksdbjni-7.7.3.jar:/home/runner/.m2/repository/org/slf4j/jul-to-slf4j/2.0.17/jul-to-slf4j-2.0.17.jar:/home/runner/.m2/repository/org/slf4j/slf4j-api/2.0.17/slf4j-api-2.0.17.jar:/home/runner/.m2/repository/org/assertj/assertj-core/3.27.3/assertj-core-3.27.3.jar:/home/runner/.m2/repository/net/bytebuddy/byte-buddy/1.15.11/byte-buddy-1.15.11.jar:/home/runner/.m2/repository/org/junit/jupiter/junit-jupiter-api/5.13.1/junit-jupiter-api-5.13.1.jar:/home/runner/.m2/repository/org/opentest4j/opentest4j/1.3.0/opentest4j-1.3.0.jar:/home/runner/.m2/repository/org/junit/platform/junit-platform-commons/1.13.1/junit-platform-commons-1.13.1.jar:/home/runner/.m2/repository/org/apiguardian/apiguardian-api/1.1.2/apiguardian-api-1.1.2.jar:/home/runner/.m2/repository/org/junit/jupiter/junit-jupiter-params/5.13.1/junit-jupiter-params-5.13.1.jar:/home/runner/.m2/repository/org/mockito/mockito-core/4.11.0/mockito-core-4.11.0.jar:/home/runner/.m2/repository/net/bytebuddy/byte-buddy-agent/1.12.19/byte-buddy-agent-1.12.19.jar:/home/runner/.m2/repository/org/objenesis/objenesis/3.3/objenesis-3.3.jar:/home/runner/.m2/repository/org/mockito/mockito-inline/4.11.0/mockito-inline-4.11.0.jar:/home/runner/.m2/repository/org/mockito/mockito-junit-jupiter/4.11.0/mockito-junit-jupiter-4.11.0.jar:/home/runner/work/ozone/ozone/hadoop-ozone/integration-test/target/gradle-enterprise/test-listeners.jar:"/>
    <property name="java.vm.vendor" value="Eclipse Adoptium"/>
    <property name="sun.arch.data.model" value="64"/>
    <property name="test.build.dir" value="/home/runner/work/ozone/ozone/hadoop-ozone/integration-test/target/test-dir"/>
    <property name="test.cache.data" value=""/>
    <property name="java.vendor.url" value="https://adoptium.net/"/>
    <property name="user.timezone" value="Etc/UTC"/>
    <property name="maven-surefire-plugin.argLineAccessArgs" value=" --add-opens java.management/com.sun.jmx.mbeanserver=ALL-UNNAMED --add-exports java.management/com.sun.jmx.mbeanserver=ALL-UNNAMED --add-opens java.base/java.nio=ALL-UNNAMED --add-opens java.base/java.lang=ALL-UNNAMED --add-opens java.base/java.lang.reflect=ALL-UNNAMED"/>
    <property name="os.name" value="Linux"/>
    <property name="java.vm.specification.version" value="21"/>
    <property name="test.build.data" value="/home/runner/work/ozone/ozone/hadoop-ozone/integration-test/target/test-dir"/>
    <property name="sun.java.launcher" value="SUN_STANDARD"/>
    <property name="sun.boot.library.path" value="/usr/lib/jvm/temurin-21-jdk-amd64/lib"/>
    <property name="sun.java.command" value="/home/runner/work/ozone/ozone/hadoop-ozone/integration-test/target/surefire/surefirebooter-20250620181341073_1066.jar /home/runner/work/ozone/ozone/hadoop-ozone/integration-test/target/surefire 2025-06-20T18-04-51_123-jvmRun1 surefire-20250620181341073_1064tmp surefire_156-20250620181341073_1065tmp"/>
    <property name="jdk.debug" value="release"/>
    <property name="native.lib.tmp.dir" value="/tmp"/>
    <property name="surefire.test.class.path" value="/home/runner/work/ozone/ozone/hadoop-ozone/integration-test/target/test-classes:/home/runner/work/ozone/ozone/hadoop-ozone/integration-test/target/classes:/home/runner/.m2/repository/ch/qos/reload4j/reload4j/1.2.26/reload4j-1.2.26.jar:/home/runner/.m2/repository/com/fasterxml/jackson/core/jackson-core/2.16.2/jackson-core-2.16.2.jar:/home/runner/.m2/repository/com/fasterxml/jackson/core/jackson-databind/2.16.2/jackson-databind-2.16.2.jar:/home/runner/.m2/repository/com/fasterxml/jackson/core/jackson-annotations/2.16.2/jackson-annotations-2.16.2.jar:/home/runner/.m2/repository/com/github/stephenc/jcip/jcip-annotations/1.0-1/jcip-annotations-1.0-1.jar:/home/runner/.m2/repository/com/google/guava/guava/32.1.3-jre/guava-32.1.3-jre.jar:/home/runner/.m2/repository/com/google/guava/failureaccess/1.0.1/failureaccess-1.0.1.jar:/home/runner/.m2/repository/com/google/guava/listenablefuture/9999.0-empty-to-avoid-conflict-with-guava/listenablefuture-9999.0-empty-to-avoid-conflict-with-guava.jar:/home/runner/.m2/repository/org/checkerframework/checker-qual/3.37.0/checker-qual-3.37.0.jar:/home/runner/.m2/repository/com/google/errorprone/error_prone_annotations/2.29.2/error_prone_annotations-2.29.2.jar:/home/runner/.m2/repository/com/google/j2objc/j2objc-annotations/2.8/j2objc-annotations-2.8.jar:/home/runner/.m2/repository/com/google/protobuf/protobuf-java/2.5.0/protobuf-java-2.5.0.jar:/home/runner/.m2/repository/com/squareup/okhttp3/okhttp/4.12.0/okhttp-4.12.0.jar:/home/runner/.m2/repository/com/squareup/okio/okio/3.6.0/okio-3.6.0.jar:/home/runner/.m2/repository/com/squareup/okio/okio-jvm/3.6.0/okio-jvm-3.6.0.jar:/home/runner/.m2/repository/org/jetbrains/kotlin/kotlin-stdlib-common/1.9.25/kotlin-stdlib-common-1.9.25.jar:/home/runner/.m2/repository/org/jetbrains/kotlin/kotlin-stdlib-jdk8/1.9.25/kotlin-stdlib-jdk8-1.9.25.jar:/home/runner/.m2/repository/org/jetbrains/kotlin/kotlin-stdlib/1.9.25/kotlin-stdlib-1.9.25.jar:/home/runner/.m2/repository/org/jetbrains/annotations/13.0/annotations-13.0.jar:/home/runner/.m2/repository/org/jetbrains/kotlin/kotlin-stdlib-jdk7/1.9.25/kotlin-stdlib-jdk7-1.9.25.jar:/home/runner/.m2/repository/commons-codec/commons-codec/1.17.1/commons-codec-1.17.1.jar:/home/runner/.m2/repository/commons-io/commons-io/2.18.0/commons-io-2.18.0.jar:/home/runner/.m2/repository/commons-validator/commons-validator/1.6/commons-validator-1.6.jar:/home/runner/.m2/repository/commons-beanutils/commons-beanutils/1.11.0/commons-beanutils-1.11.0.jar:/home/runner/.m2/repository/commons-digester/commons-digester/1.8.1/commons-digester-1.8.1.jar:/home/runner/.m2/repository/commons-collections/commons-collections/3.2.2/commons-collections-3.2.2.jar:/home/runner/.m2/repository/info/picocli/picocli/4.7.7/picocli-4.7.7.jar:/home/runner/.m2/repository/jakarta/annotation/jakarta.annotation-api/2.1.1/jakarta.annotation-api-2.1.1.jar:/home/runner/.m2/repository/jakarta/xml/bind/jakarta.xml.bind-api/2.3.3/jakarta.xml.bind-api-2.3.3.jar:/home/runner/.m2/repository/jakarta/activation/jakarta.activation-api/1.2.2/jakarta.activation-api-1.2.2.jar:/home/runner/.m2/repository/javax/servlet/javax.servlet-api/3.1.0/javax.servlet-api-3.1.0.jar:/home/runner/.m2/repository/javax/ws/rs/jsr311-api/1.1.1/jsr311-api-1.1.1.jar:/home/runner/.m2/repository/org/apache/commons/commons-compress/1.27.1/commons-compress-1.27.1.jar:/home/runner/.m2/repository/org/apache/commons/commons-lang3/3.17.0/commons-lang3-3.17.0.jar:/home/runner/.m2/repository/org/apache/commons/commons-text/1.12.0/commons-text-1.12.0.jar:/home/runner/.m2/repository/org/apache/hadoop/hadoop-auth/3.4.1/hadoop-auth-3.4.1.jar:/home/runner/.m2/repository/com/nimbusds/nimbus-jose-jwt/9.40/nimbus-jose-jwt-9.40.jar:/home/runner/.m2/repository/io/dropwizard/metrics/metrics-core/3.2.6/metrics-core-3.2.6.jar:/home/runner/.m2/repository/org/apache/kerby/kerb-core/1.0.1/kerb-core-1.0.1.jar:/home/runner/.m2/repository/org/apache/kerby/kerby-pkix/1.0.1/kerby-pkix-1.0.1.jar:/home/runner/.m2/repository/org/apache/kerby/kerby-asn1/1.0.1/kerby-asn1-1.0.1.jar:/home/runner/.m2/repository/org/apache/kerby/kerb-util/1.0.1/kerb-util-1.0.1.jar:/home/runner/.m2/repository/org/apache/kerby/kerby-config/1.0.1/kerby-config-1.0.1.jar:/home/runner/.m2/repository/org/apache/kerby/kerb-crypto/1.0.1/kerb-crypto-1.0.1.jar:/home/runner/.m2/repository/org/apache/hadoop/thirdparty/hadoop-shaded-guava/1.3.0/hadoop-shaded-guava-1.3.0.jar:/home/runner/.m2/repository/org/apache/hadoop/hadoop-common/3.4.1/hadoop-common-3.4.1.jar:/home/runner/.m2/repository/org/apache/hadoop/thirdparty/hadoop-shaded-protobuf_3_25/1.4.0/hadoop-shaded-protobuf_3_25-1.4.0.jar:/home/runner/.m2/repository/org/apache/hadoop/hadoop-annotations/3.4.1/hadoop-annotations-3.4.1.jar:/home/runner/.m2/repository/commons-cli/commons-cli/1.8.0/commons-cli-1.8.0.jar:/home/runner/.m2/repository/commons-net/commons-net/3.11.1/commons-net-3.11.1.jar:/home/runner/.m2/repository/org/eclipse/jetty/jetty-server/9.4.57.v20241219/jetty-server-9.4.57.v20241219.jar:/home/runner/.m2/repository/org/eclipse/jetty/jetty-io/9.4.57.v20241219/jetty-io-9.4.57.v20241219.jar:/home/runner/.m2/repository/org/eclipse/jetty/jetty-util/9.4.57.v20241219/jetty-util-9.4.57.v20241219.jar:/home/runner/.m2/repository/org/eclipse/jetty/jetty-servlet/9.4.57.v20241219/jetty-servlet-9.4.57.v20241219.jar:/home/runner/.m2/repository/org/eclipse/jetty/jetty-security/9.4.57.v20241219/jetty-security-9.4.57.v20241219.jar:/home/runner/.m2/repository/org/eclipse/jetty/jetty-webapp/9.4.57.v20241219/jetty-webapp-9.4.57.v20241219.jar:/home/runner/.m2/repository/org/eclipse/jetty/jetty-xml/9.4.57.v20241219/jetty-xml-9.4.57.v20241219.jar:/home/runner/.m2/repository/javax/servlet/jsp/jsp-api/2.1/jsp-api-2.1.jar:/home/runner/.m2/repository/org/codehaus/jettison/jettison/1.5.4/jettison-1.5.4.jar:/home/runner/.m2/repository/org/apache/commons/commons-configuration2/2.11.0/commons-configuration2-2.11.0.jar:/home/runner/.m2/repository/com/google/re2j/re2j/1.7/re2j-1.7.jar:/home/runner/.m2/repository/com/google/code/gson/gson/2.10.1/gson-2.10.1.jar:/home/runner/.m2/repository/com/jcraft/jsch/0.1.55/jsch-0.1.55.jar:/home/runner/.m2/repository/io/netty/netty-handler/4.1.109.Final/netty-handler-4.1.109.Final.jar:/home/runner/.m2/repository/io/netty/netty-resolver/4.1.109.Final/netty-resolver-4.1.109.Final.jar:/home/runner/.m2/repository/io/netty/netty-transport-native-epoll/4.1.109.Final/netty-transport-native-epoll-4.1.109.Final.jar:/home/runner/.m2/repository/org/bouncycastle/bcprov-jdk18on/1.81/bcprov-jdk18on-1.81.jar:/home/runner/.m2/repository/org/codehaus/woodstox/stax2-api/4.2.1/stax2-api-4.2.1.jar:/home/runner/.m2/repository/com/fasterxml/woodstox/woodstox-core/5.4.0/woodstox-core-5.4.0.jar:/home/runner/.m2/repository/dnsjava/dnsjava/3.6.1/dnsjava-3.6.1.jar:/home/runner/.m2/repository/org/apache/hadoop/hadoop-common/3.4.1/hadoop-common-3.4.1-tests.jar:/home/runner/.m2/repository/org/apache/commons/commons-math3/3.6.1/commons-math3-3.6.1.jar:/home/runner/.m2/repository/com/sun/jersey/jersey-core/1.19.4/jersey-core-1.19.4.jar:/home/runner/.m2/repository/com/sun/jersey/jersey-servlet/1.19.4/jersey-servlet-1.19.4.jar:/home/runner/.m2/repository/com/github/pjfanning/jersey-json/1.22.0/jersey-json-1.22.0.jar:/home/runner/.m2/repository/com/sun/xml/bind/jaxb-impl/2.2.3-1/jaxb-impl-2.2.3-1.jar:/home/runner/.m2/repository/com/sun/jersey/jersey-server/1.19.4/jersey-server-1.19.4.jar:/home/runner/.m2/repository/org/slf4j/slf4j-reload4j/2.0.17/slf4j-reload4j-2.0.17.jar:/home/runner/.m2/repository/org/apache/avro/avro/1.9.2/avro-1.9.2.jar:/home/runner/.m2/repository/org/apache/curator/curator-client/4.2.0/curator-client-4.2.0.jar:/home/runner/.m2/repository/org/apache/curator/curator-recipes/5.2.0/curator-recipes-5.2.0.jar:/home/runner/.m2/repository/org/apache/curator/curator-framework/4.2.0/curator-framework-4.2.0.jar:/home/runner/.m2/repository/com/google/code/findbugs/jsr305/3.0.2/jsr305-3.0.2.jar:/home/runner/.m2/repository/org/apache/zookeeper/zookeeper/3.8.4/zookeeper-3.8.4.jar:/home/runner/.m2/repository/org/apache/zookeeper/zookeeper-jute/3.8.4/zookeeper-jute-3.8.4.jar:/home/runner/.m2/repository/org/apache/yetus/audience-annotations/0.12.0/audience-annotations-0.12.0.jar:/home/runner/.m2/repository/org/xerial/snappy/snappy-java/1.1.10.7/snappy-java-1.1.10.7.jar:/home/runner/.m2/repository/org/apache/hadoop/hadoop-distcp/3.4.1/hadoop-distcp-3.4.1.jar:/home/runner/.m2/repository/org/apache/hadoop/hadoop-distcp/3.4.1/hadoop-distcp-3.4.1-tests.jar:/home/runner/.m2/repository/org/apache/hadoop/hadoop-hdfs/3.4.1/hadoop-hdfs-3.4.1.jar:/home/runner/.m2/repository/org/eclipse/jetty/jetty-util-ajax/9.4.57.v20241219/jetty-util-ajax-9.4.57.v20241219.jar:/home/runner/.m2/repository/commons-daemon/commons-daemon/1.4.0/commons-daemon-1.4.0.jar:/home/runner/.m2/repository/org/apache/hadoop/hadoop-hdfs/3.4.1/hadoop-hdfs-3.4.1-tests.jar:/home/runner/.m2/repository/io/netty/netty-all/4.1.109.Final/netty-all-4.1.109.Final.jar:/home/runner/.m2/repository/io/netty/netty-codec-dns/4.1.109.Final/netty-codec-dns-4.1.109.Final.jar:/home/runner/.m2/repository/io/netty/netty-codec-haproxy/4.1.109.Final/netty-codec-haproxy-4.1.109.Final.jar:/home/runner/.m2/repository/io/netty/netty-codec-http/4.1.109.Final/netty-codec-http-4.1.109.Final.jar:/home/runner/.m2/repository/io/netty/netty-codec-memcache/4.1.109.Final/netty-codec-memcache-4.1.109.Final.jar:/home/runner/.m2/repository/io/netty/netty-codec-mqtt/4.1.109.Final/netty-codec-mqtt-4.1.109.Final.jar:/home/runner/.m2/repository/io/netty/netty-codec-redis/4.1.109.Final/netty-codec-redis-4.1.109.Final.jar:/home/runner/.m2/repository/io/netty/netty-codec-smtp/4.1.109.Final/netty-codec-smtp-4.1.109.Final.jar:/home/runner/.m2/repository/io/netty/netty-codec-socks/4.1.109.Final/netty-codec-socks-4.1.109.Final.jar:/home/runner/.m2/repository/io/netty/netty-codec-stomp/4.1.109.Final/netty-codec-stomp-4.1.109.Final.jar:/home/runner/.m2/repository/io/netty/netty-codec-xml/4.1.109.Final/netty-codec-xml-4.1.109.Final.jar:/home/runner/.m2/repository/io/netty/netty-handler-ssl-ocsp/4.1.109.Final/netty-handler-ssl-ocsp-4.1.109.Final.jar:/home/runner/.m2/repository/io/netty/netty-resolver-dns/4.1.109.Final/netty-resolver-dns-4.1.109.Final.jar:/home/runner/.m2/repository/io/netty/netty-transport-rxtx/4.1.109.Final/netty-transport-rxtx-4.1.109.Final.jar:/home/runner/.m2/repository/io/netty/netty-transport-sctp/4.1.109.Final/netty-transport-sctp-4.1.109.Final.jar:/home/runner/.m2/repository/io/netty/netty-transport-udt/4.1.109.Final/netty-transport-udt-4.1.109.Final.jar:/home/runner/.m2/repository/io/netty/netty-transport-classes-kqueue/4.1.109.Final/netty-transport-classes-kqueue-4.1.109.Final.jar:/home/runner/.m2/repository/io/netty/netty-resolver-dns-classes-macos/4.1.109.Final/netty-resolver-dns-classes-macos-4.1.109.Final.jar:/home/runner/.m2/repository/io/netty/netty-transport-native-epoll/4.1.109.Final/netty-transport-native-epoll-4.1.109.Final-linux-aarch_64.jar:/home/runner/.m2/repository/io/netty/netty-transport-native-epoll/4.1.109.Final/netty-transport-native-epoll-4.1.109.Final-linux-riscv64.jar:/home/runner/.m2/repository/io/netty/netty-transport-native-kqueue/4.1.109.Final/netty-transport-native-kqueue-4.1.109.Final-osx-x86_64.jar:/home/runner/.m2/repository/io/netty/netty-transport-native-kqueue/4.1.109.Final/netty-transport-native-kqueue-4.1.109.Final-osx-aarch_64.jar:/home/runner/.m2/repository/io/netty/netty-resolver-dns-native-macos/4.1.109.Final/netty-resolver-dns-native-macos-4.1.109.Final-osx-x86_64.jar:/home/runner/.m2/repository/io/netty/netty-resolver-dns-native-macos/4.1.109.Final/netty-resolver-dns-native-macos-4.1.109.Final-osx-aarch_64.jar:/home/runner/.m2/repository/org/fusesource/leveldbjni/leveldbjni-all/1.8/leveldbjni-all-1.8.jar:/home/runner/.m2/repository/org/apache/hadoop/hadoop-hdfs-client/3.4.1/hadoop-hdfs-client-3.4.1.jar:/home/runner/.m2/repository/org/apache/hadoop/hadoop-kms/3.4.1/hadoop-kms-3.4.1.jar:/home/runner/.m2/repository/org/apache/hadoop/hadoop-kms/3.4.1/hadoop-kms-3.4.1-tests.jar:/home/runner/.m2/repository/org/apache/hadoop/hadoop-mapreduce-client-core/3.4.1/hadoop-mapreduce-client-core-3.4.1.jar:/home/runner/.m2/repository/org/apache/hadoop/hadoop-yarn-client/3.4.1/hadoop-yarn-client-3.4.1.jar:/home/runner/.m2/repository/org/eclipse/jetty/websocket/websocket-client/9.4.53.v20231009/websocket-client-9.4.53.v20231009.jar:/home/runner/.m2/repository/org/eclipse/jetty/jetty-client/9.4.57.v20241219/jetty-client-9.4.57.v20241219.jar:/home/runner/.m2/repository/org/eclipse/jetty/websocket/websocket-common/9.4.53.v20231009/websocket-common-9.4.53.v20231009.jar:/home/runner/.m2/repository/org/eclipse/jetty/websocket/websocket-api/9.4.53.v20231009/websocket-api-9.4.53.v20231009.jar:/home/runner/.m2/repository/org/apache/hadoop/hadoop-yarn-api/3.4.1/hadoop-yarn-api-3.4.1.jar:/home/runner/.m2/repository/org/apache/hadoop/hadoop-yarn-common/3.4.1/hadoop-yarn-common-3.4.1.jar:/home/runner/.m2/repository/javax/xml/bind/jaxb-api/2.2.11/jaxb-api-2.2.11.jar:/home/runner/.m2/repository/com/sun/jersey/contribs/jersey-guice/1.19.4/jersey-guice-1.19.4.jar:/home/runner/.m2/repository/com/fasterxml/jackson/module/jackson-module-jaxb-annotations/2.16.2/jackson-module-jaxb-annotations-2.16.2.jar:/home/runner/.m2/repository/com/fasterxml/jackson/jaxrs/jackson-jaxrs-json-provider/2.16.2/jackson-jaxrs-json-provider-2.16.2.jar:/home/runner/.m2/repository/com/google/inject/extensions/guice-servlet/6.0.0/guice-servlet-6.0.0.jar:/home/runner/.m2/repository/org/apache/hadoop/hadoop-mapreduce-client-jobclient/3.4.1/hadoop-mapreduce-client-jobclient-3.4.1.jar:/home/runner/.m2/repository/org/apache/hadoop/hadoop-mapreduce-client-common/3.4.1/hadoop-mapreduce-client-common-3.4.1.jar:/home/runner/.m2/repository/org/apache/hadoop/hadoop-minikdc/3.4.1/hadoop-minikdc-3.4.1.jar:/home/runner/.m2/repository/org/apache/kerby/kerb-simplekdc/2.0.3/kerb-simplekdc-2.0.3.jar:/home/runner/.m2/repository/org/apache/kerby/kerb-client/2.0.3/kerb-client-2.0.3.jar:/home/runner/.m2/repository/org/apache/kerby/kerb-common/2.0.3/kerb-common-2.0.3.jar:/home/runner/.m2/repository/org/apache/kerby/token-provider/2.0.3/token-provider-2.0.3.jar:/home/runner/.m2/repository/org/apache/kerby/kerb-admin/2.0.3/kerb-admin-2.0.3.jar:/home/runner/.m2/repository/org/apache/kerby/kerb-server/2.0.3/kerb-server-2.0.3.jar:/home/runner/.m2/repository/org/apache/kerby/kerb-identity/2.0.3/kerb-identity-2.0.3.jar:/home/runner/.m2/repository/org/apache/kerby/kerby-xdr/2.0.3/kerby-xdr-2.0.3.jar:/home/runner/.m2/repository/junit/junit/4.13.2/junit-4.13.2.jar:/home/runner/.m2/repository/org/hamcrest/hamcrest-core/1.3/hamcrest-core-1.3.jar:/home/runner/.m2/repository/org/apache/httpcomponents/httpclient/4.5.14/httpclient-4.5.14.jar:/home/runner/.m2/repository/org/apache/httpcomponents/httpcore/4.4.16/httpcore-4.4.16.jar:/home/runner/.m2/repository/org/apache/kerby/kerby-util/1.0.1/kerby-util-1.0.1.jar:/home/runner/work/ozone/ozone/hadoop-hdds/client/target/hdds-client-2.1.0-SNAPSHOT.jar:/home/runner/.m2/repository/io/opentracing/opentracing-api/0.33.0/opentracing-api-0.33.0.jar:/home/runner/.m2/repository/io/opentracing/opentracing-util/0.33.0/opentracing-util-0.33.0.jar:/home/runner/.m2/repository/io/opentracing/opentracing-noop/0.33.0/opentracing-noop-0.33.0.jar:/home/runner/work/ozone/ozone/hadoop-hdds/erasurecode/target/hdds-erasurecode-2.1.0-SNAPSHOT.jar:/home/runner/work/ozone/ozone/hadoop-hdds/common/target/hdds-common-2.1.0-SNAPSHOT.jar:/home/runner/.m2/repository/com/fasterxml/jackson/datatype/jackson-datatype-jsr310/2.16.2/jackson-datatype-jsr310-2.16.2.jar:/home/runner/.m2/repository/io/jaegertracing/jaeger-core/1.8.1/jaeger-core-1.8.1.jar:/home/runner/.m2/repository/org/apache/ratis/ratis-netty/3.1.2/ratis-netty-3.1.2.jar:/home/runner/.m2/repository/org/yaml/snakeyaml/2.0/snakeyaml-2.0.jar:/home/runner/.m2/repository/io/jaegertracing/jaeger-client/1.8.1/jaeger-client-1.8.1.jar:/home/runner/.m2/repository/io/jaegertracing/jaeger-thrift/1.8.1/jaeger-thrift-1.8.1.jar:/home/runner/.m2/repository/org/apache/thrift/libthrift/0.15.0/libthrift-0.15.0.jar:/home/runner/.m2/repository/io/jaegertracing/jaeger-tracerresolver/1.8.1/jaeger-tracerresolver-1.8.1.jar:/home/runner/.m2/repository/io/opentracing/contrib/opentracing-tracerresolver/0.1.8/opentracing-tracerresolver-0.1.8.jar:/home/runner/.m2/repository/org/apache/ratis/ratis-metrics-dropwizard3/3.1.2/ratis-metrics-dropwizard3-3.1.2.jar:/home/runner/.m2/repository/org/slf4j/jcl-over-slf4j/2.0.17/jcl-over-slf4j-2.0.17.jar:/home/runner/work/ozone/ozone/hadoop-hdds/common/target/hdds-common-2.1.0-SNAPSHOT-tests.jar:/home/runner/work/ozone/ozone/hadoop-hdds/config/target/hdds-config-2.1.0-SNAPSHOT.jar:/home/runner/work/ozone/ozone/hadoop-hdds/container-service/target/hdds-container-service-2.1.0-SNAPSHOT.jar:/home/runner/.m2/repository/io/netty/netty-buffer/4.1.109.Final/netty-buffer-4.1.109.Final.jar:/home/runner/.m2/repository/io/netty/netty-codec/4.1.109.Final/netty-codec-4.1.109.Final.jar:/home/runner/.m2/repository/io/netty/netty-common/4.1.109.Final/netty-common-4.1.109.Final.jar:/home/runner/.m2/repository/io/netty/netty-transport/4.1.109.Final/netty-transport-4.1.109.Final.jar:/home/runner/.m2/repository/org/apache/logging/log4j/log4j-api/2.24.2/log4j-api-2.24.2.jar:/home/runner/.m2/repository/com/github/luben/zstd-jni/1.5.7-3/zstd-jni-1.5.7-3.jar:/home/runner/.m2/repository/log4j/apache-log4j-extras/1.2.17/apache-log4j-extras-1.2.17.jar:/home/runner/.m2/repository/org/glassfish/jaxb/jaxb-runtime/2.3.9/jaxb-runtime-2.3.9.jar:/home/runner/.m2/repository/org/glassfish/jaxb/txw2/2.3.9/txw2-2.3.9.jar:/home/runner/.m2/repository/com/sun/istack/istack-commons-runtime/3.0.12/istack-commons-runtime-3.0.12.jar:/home/runner/.m2/repository/com/sun/activation/jakarta.activation/1.2.2/jakarta.activation-1.2.2.jar:/home/runner/work/ozone/ozone/hadoop-hdds/container-service/target/hdds-container-service-2.1.0-SNAPSHOT-tests.jar:/home/runner/work/ozone/ozone/hadoop-hdds/interface-admin/target/hdds-interface-admin-2.1.0-SNAPSHOT.jar:/home/runner/work/ozone/ozone/hadoop-hdds/interface-client/target/hdds-interface-client-2.1.0-SNAPSHOT.jar:/home/runner/work/ozone/ozone/hadoop-hdds/interface-server/target/hdds-interface-server-2.1.0-SNAPSHOT.jar:/home/runner/work/ozone/ozone/hadoop-hdds/managed-rocksdb/target/hdds-managed-rocksdb-2.1.0-SNAPSHOT.jar:/home/runner/work/ozone/ozone/hadoop-hdds/rocks-native/target/hdds-rocks-native-2.1.0-SNAPSHOT.jar:/home/runner/work/ozone/ozone/hadoop-hdds/framework/target/hdds-server-framework-2.1.0-SNAPSHOT.jar:/home/runner/.m2/repository/com/github/jnr/jnr-constants/0.10.4/jnr-constants-0.10.4.jar:/home/runner/.m2/repository/com/github/jnr/jnr-posix/3.1.20/jnr-posix-3.1.20.jar:/home/runner/.m2/repository/com/github/jnr/jnr-ffi/2.2.17/jnr-ffi-2.2.17.jar:/home/runner/.m2/repository/com/github/jnr/jffi/1.3.13/jffi-1.3.13.jar:/home/runner/.m2/repository/com/github/jnr/jffi/1.3.13/jffi-1.3.13-native.jar:/home/runner/.m2/repository/org/ow2/asm/asm/9.7.1/asm-9.7.1.jar:/home/runner/.m2/repository/org/ow2/asm/asm-commons/9.7.1/asm-commons-9.7.1.jar:/home/runner/.m2/repository/org/ow2/asm/asm-analysis/9.7.1/asm-analysis-9.7.1.jar:/home/runner/.m2/repository/org/ow2/asm/asm-tree/9.7.1/asm-tree-9.7.1.jar:/home/runner/.m2/repository/org/ow2/asm/asm-util/9.7.1/asm-util-9.7.1.jar:/home/runner/.m2/repository/com/github/jnr/jnr-a64asm/1.0.0/jnr-a64asm-1.0.0.jar:/home/runner/.m2/repository/com/github/jnr/jnr-x86asm/1.0.2/jnr-x86asm-1.0.2.jar:/home/runner/.m2/repository/commons-fileupload/commons-fileupload/1.5/commons-fileupload-1.5.jar:/home/runner/.m2/repository/io/grpc/grpc-api/1.58.0/grpc-api-1.58.0.jar:/home/runner/.m2/repository/io/prometheus/simpleclient/0.16.0/simpleclient-0.16.0.jar:/home/runner/.m2/repository/io/prometheus/simpleclient_common/0.16.0/simpleclient_common-0.16.0.jar:/home/runner/.m2/repository/io/prometheus/simpleclient_dropwizard/0.16.0/simpleclient_dropwizard-0.16.0.jar:/home/runner/.m2/repository/jakarta/ws/rs/jakarta.ws.rs-api/2.1.6/jakarta.ws.rs-api-2.1.6.jar:/home/runner/.m2/repository/org/eclipse/jetty/jetty-http/9.4.57.v20241219/jetty-http-9.4.57.v20241219.jar:/home/runner/.m2/repository/org/glassfish/jersey/containers/jersey-container-servlet-core/2.47/jersey-container-servlet-core-2.47.jar:/home/runner/.m2/repository/org/glassfish/jersey/core/jersey-server/2.47/jersey-server-2.47.jar:/home/runner/.m2/repository/org/glassfish/jersey/core/jersey-client/2.47/jersey-client-2.47.jar:/home/runner/.m2/repository/com/lmax/disruptor/3.4.4/disruptor-3.4.4.jar:/home/runner/.m2/repository/org/apache/logging/log4j/log4j-core/2.24.2/log4j-core-2.24.2.jar:/home/runner/work/ozone/ozone/hadoop-hdds/framework/target/hdds-server-framework-2.1.0-SNAPSHOT-tests.jar:/home/runner/work/ozone/ozone/hadoop-hdds/server-scm/target/hdds-server-scm-2.1.0-SNAPSHOT.jar:/home/runner/work/ozone/ozone/hadoop-hdds/server-scm/target/hdds-server-scm-2.1.0-SNAPSHOT-tests.jar:/home/runner/work/ozone/ozone/hadoop-hdds/test-utils/target/hdds-test-utils-2.1.0-SNAPSHOT-tests.jar:/home/runner/work/ozone/ozone/hadoop-ozone/cli-admin/target/ozone-cli-admin-2.1.0-SNAPSHOT.jar:/home/runner/work/ozone/ozone/hadoop-ozone/cli-shell/target/ozone-cli-shell-2.1.0-SNAPSHOT.jar:/home/runner/.m2/repository/info/picocli/picocli-shell-jline3/4.7.7/picocli-shell-jline3-4.7.7.jar:/home/runner/.m2/repository/org/jline/jline/3.30.4/jline-3.30.4.jar:/home/runner/work/ozone/ozone/hadoop-ozone/client/target/ozone-client-2.1.0-SNAPSHOT.jar:/home/runner/work/ozone/ozone/hadoop-ozone/common/target/ozone-common-2.1.0-SNAPSHOT.jar:/home/runner/.m2/repository/io/grpc/grpc-netty/1.58.0/grpc-netty-1.58.0.jar:/home/runner/.m2/repository/io/grpc/grpc-core/1.58.0/grpc-core-1.58.0.jar:/home/runner/.m2/repository/com/google/android/annotations/4.1.1.4/annotations-4.1.1.4.jar:/home/runner/.m2/repository/org/codehaus/mojo/animal-sniffer-annotations/1.23/animal-sniffer-annotations-1.23.jar:/home/runner/.m2/repository/io/grpc/grpc-context/1.58.0/grpc-context-1.58.0.jar:/home/runner/.m2/repository/io/grpc/grpc-util/1.58.0/grpc-util-1.58.0.jar:/home/runner/.m2/repository/io/perfmark/perfmark-api/0.26.0/perfmark-api-0.26.0.jar:/home/runner/.m2/repository/io/netty/netty-codec-http2/4.1.109.Final/netty-codec-http2-4.1.109.Final.jar:/home/runner/.m2/repository/io/netty/netty-handler-proxy/4.1.109.Final/netty-handler-proxy-4.1.109.Final.jar:/home/runner/.m2/repository/io/netty/netty-tcnative-boringssl-static/2.0.65.Final/netty-tcnative-boringssl-static-2.0.65.Final.jar:/home/runner/.m2/repository/io/netty/netty-tcnative-classes/2.0.65.Final/netty-tcnative-classes-2.0.65.Final.jar:/home/runner/.m2/repository/io/netty/netty-tcnative-boringssl-static/2.0.65.Final/netty-tcnative-boringssl-static-2.0.65.Final-linux-x86_64.jar:/home/runner/.m2/repository/io/netty/netty-tcnative-boringssl-static/2.0.65.Final/netty-tcnative-boringssl-static-2.0.65.Final-linux-aarch_64.jar:/home/runner/.m2/repository/io/netty/netty-tcnative-boringssl-static/2.0.65.Final/netty-tcnative-boringssl-static-2.0.65.Final-osx-x86_64.jar:/home/runner/.m2/repository/io/netty/netty-tcnative-boringssl-static/2.0.65.Final/netty-tcnative-boringssl-static-2.0.65.Final-osx-aarch_64.jar:/home/runner/.m2/repository/io/netty/netty-tcnative-boringssl-static/2.0.65.Final/netty-tcnative-boringssl-static-2.0.65.Final-windows-x86_64.jar:/home/runner/work/ozone/ozone/hadoop-ozone/csi/target/ozone-csi-2.1.0-SNAPSHOT.jar:/home/runner/.m2/repository/io/grpc/grpc-protobuf/1.58.0/grpc-protobuf-1.58.0.jar:/home/runner/.m2/repository/com/google/api/grpc/proto-google-common-protos/2.22.0/proto-google-common-protos-2.22.0.jar:/home/runner/.m2/repository/io/grpc/grpc-protobuf-lite/1.58.0/grpc-protobuf-lite-1.58.0.jar:/home/runner/.m2/repository/io/grpc/grpc-stub/1.58.0/grpc-stub-1.58.0.jar:/home/runner/.m2/repository/io/netty/netty-transport-classes-epoll/4.1.109.Final/netty-transport-classes-epoll-4.1.109.Final.jar:/home/runner/.m2/repository/io/netty/netty-transport-native-unix-common/4.1.109.Final/netty-transport-native-unix-common-4.1.109.Final.jar:/home/runner/.m2/repository/io/netty/netty-transport-native-epoll/4.1.109.Final/netty-transport-native-epoll-4.1.109.Final-linux-x86_64.jar:/home/runner/work/ozone/ozone/hadoop-ozone/ozonefs/target/ozone-filesystem-2.1.0-SNAPSHOT.jar:/home/runner/work/ozone/ozone/hadoop-ozone/ozonefs-common/target/ozone-filesystem-common-2.1.0-SNAPSHOT.jar:/home/runner/work/ozone/ozone/hadoop-ozone/freon/target/ozone-freon-2.1.0-SNAPSHOT.jar:/home/runner/.m2/repository/com/amazonaws/aws-java-sdk-core/1.12.661/aws-java-sdk-core-1.12.661.jar:/home/runner/.m2/repository/com/fasterxml/jackson/dataformat/jackson-dataformat-cbor/2.16.2/jackson-dataformat-cbor-2.16.2.jar:/home/runner/.m2/repository/joda-time/joda-time/2.12.7/joda-time-2.12.7.jar:/home/runner/.m2/repository/com/amazonaws/aws-java-sdk-s3/1.12.661/aws-java-sdk-s3-1.12.661.jar:/home/runner/.m2/repository/com/amazonaws/aws-java-sdk-kms/1.12.661/aws-java-sdk-kms-1.12.661.jar:/home/runner/.m2/repository/com/amazonaws/jmespath-java/1.12.661/jmespath-java-1.12.661.jar:/home/runner/work/ozone/ozone/hadoop-ozone/interface-client/target/ozone-interface-client-2.1.0-SNAPSHOT.jar:/home/runner/work/ozone/ozone/hadoop-ozone/interface-storage/target/ozone-interface-storage-2.1.0-SNAPSHOT.jar:/home/runner/work/ozone/ozone/hadoop-ozone/ozone-manager/target/ozone-manager-2.1.0-SNAPSHOT.jar:/home/runner/.m2/repository/com/sun/jersey/jersey-client/1.19.4/jersey-client-1.19.4.jar:/home/runner/.m2/repository/org/apache/ranger/ranger-plugins-common/2.6.0/ranger-plugins-common-2.6.0.jar:/home/runner/.m2/repository/com/fasterxml/jackson/jaxrs/jackson-jaxrs-base/2.16.2/jackson-jaxrs-base-2.16.2.jar:/home/runner/.m2/repository/com/kstruct/gethostname4j/1.0.0/gethostname4j-1.0.0.jar:/home/runner/.m2/repository/commons-lang/commons-lang/2.6/commons-lang-2.6.jar:/home/runner/.m2/repository/net/java/dev/jna/jna/5.2.0/jna-5.2.0.jar:/home/runner/.m2/repository/net/java/dev/jna/jna-platform/5.2.0/jna-platform-5.2.0.jar:/home/runner/.m2/repository/org/apache/ranger/ranger-plugin-classloader/2.6.0/ranger-plugin-classloader-2.6.0.jar:/home/runner/.m2/repository/org/apache/ranger/ranger-plugins-audit/2.6.0/ranger-plugins-audit-2.6.0.jar:/home/runner/.m2/repository/com/amazonaws/aws-java-sdk-logs/1.12.765/aws-java-sdk-logs-1.12.765.jar:/home/runner/.m2/repository/com/carrotsearch/hppc/0.8.0/hppc-0.8.0.jar:/home/runner/.m2/repository/io/airlift/aircompressor/0.27/aircompressor-0.27.jar:/home/runner/.m2/repository/org/apache/httpcomponents/httpasyncclient/4.1.4/httpasyncclient-4.1.4.jar:/home/runner/.m2/repository/org/apache/httpcomponents/httpcore-nio/4.4.16/httpcore-nio-4.4.16.jar:/home/runner/.m2/repository/org/apache/httpcomponents/httpmime/4.5.13/httpmime-4.5.13.jar:/home/runner/.m2/repository/org/apache/orc/orc-core/1.5.8/orc-core-1.5.8.jar:/home/runner/.m2/repository/org/apache/orc/orc-shims/1.5.8/orc-shims-1.5.8.jar:/home/runner/.m2/repository/org/apache/ranger/ranger-plugins-cred/2.6.0/ranger-plugins-cred-2.6.0.jar:/home/runner/.m2/repository/org/aspectj/aspectjrt/1.9.7/aspectjrt-1.9.7.jar:/home/runner/work/ozone/ozone/hadoop-ozone/ozone-manager/target/ozone-manager-2.1.0-SNAPSHOT-tests.jar:/home/runner/work/ozone/ozone/hadoop-ozone/mini-cluster/target/ozone-mini-cluster-2.1.0-SNAPSHOT.jar:/home/runner/work/ozone/ozone/hadoop-ozone/recon/target/ozone-recon-2.1.0-SNAPSHOT.jar:/home/runner/.m2/repository/aopalliance/aopalliance/1.0/aopalliance-1.0.jar:/home/runner/.m2/repository/com/google/inject/guice/6.0.0/guice-6.0.0.jar:/home/runner/.m2/repository/jakarta/inject/jakarta.inject-api/2.0.1/jakarta.inject-api-2.0.1.jar:/home/runner/.m2/repository/com/jolbox/bonecp/0.8.0.RELEASE/bonecp-0.8.0.RELEASE.jar:/home/runner/.m2/repository/jakarta/validation/jakarta.validation-api/2.0.2/jakarta.validation-api-2.0.2.jar:/home/runner/.m2/repository/javax/annotation/javax.annotation-api/1.3.2/javax.annotation-api-1.3.2.jar:/home/runner/.m2/repository/javax/inject/javax.inject/1/javax.inject-1.jar:/home/runner/.m2/repository/org/apache/derby/derby/10.14.2.0/derby-10.14.2.0.jar:/home/runner/.m2/repository/org/glassfish/hk2/guice-bridge/2.6.1/guice-bridge-2.6.1.jar:/home/runner/.m2/repository/org/glassfish/hk2/hk2-api/2.6.1/hk2-api-2.6.1.jar:/home/runner/.m2/repository/org/glassfish/hk2/hk2-utils/2.6.1/hk2-utils-2.6.1.jar:/home/runner/.m2/repository/org/glassfish/hk2/external/aopalliance-repackaged/2.6.1/aopalliance-repackaged-2.6.1.jar:/home/runner/.m2/repository/org/glassfish/jersey/core/jersey-common/2.47/jersey-common-2.47.jar:/home/runner/.m2/repository/org/glassfish/hk2/osgi-resource-locator/1.0.3/osgi-resource-locator-1.0.3.jar:/home/runner/.m2/repository/org/jooq/jooq/3.11.10/jooq-3.11.10.jar:/home/runner/.m2/repository/org/springframework/spring-core/5.3.39/spring-core-5.3.39.jar:/home/runner/.m2/repository/org/springframework/spring-jdbc/5.3.39/spring-jdbc-5.3.39.jar:/home/runner/.m2/repository/org/springframework/spring-beans/5.3.39/spring-beans-5.3.39.jar:/home/runner/.m2/repository/org/springframework/spring-tx/5.3.39/spring-tx-5.3.39.jar:/home/runner/.m2/repository/org/xerial/sqlite-jdbc/3.50.1.0/sqlite-jdbc-3.50.1.0.jar:/home/runner/.m2/repository/com/google/inject/extensions/guice-assistedinject/6.0.0/guice-assistedinject-6.0.0.jar:/home/runner/.m2/repository/org/glassfish/hk2/external/jakarta.inject/2.6.1/jakarta.inject-2.6.1.jar:/home/runner/.m2/repository/org/glassfish/jersey/inject/jersey-hk2/2.47/jersey-hk2-2.47.jar:/home/runner/.m2/repository/org/glassfish/hk2/hk2-locator/2.6.1/hk2-locator-2.6.1.jar:/home/runner/.m2/repository/org/glassfish/jersey/media/jersey-media-jaxb/2.47/jersey-media-jaxb-2.47.jar:/home/runner/.m2/repository/org/glassfish/jersey/media/jersey-media-json-jackson/2.47/jersey-media-json-jackson-2.47.jar:/home/runner/.m2/repository/org/glassfish/jersey/ext/jersey-entity-filtering/2.47/jersey-entity-filtering-2.47.jar:/home/runner/work/ozone/ozone/hadoop-ozone/recon-codegen/target/ozone-reconcodegen-2.1.0-SNAPSHOT.jar:/home/runner/.m2/repository/org/jooq/jooq-codegen/3.11.10/jooq-codegen-3.11.10.jar:/home/runner/.m2/repository/org/jooq/jooq-meta/3.11.10/jooq-meta-3.11.10.jar:/home/runner/work/ozone/ozone/hadoop-ozone/s3gateway/target/ozone-s3gateway-2.1.0-SNAPSHOT.jar:/home/runner/work/ozone/ozone/hadoop-ozone/tools/target/ozone-tools-2.1.0-SNAPSHOT.jar:/home/runner/.m2/repository/com/github/vlsi/mxgraph/jgraphx/3.9.12/jgraphx-3.9.12.jar:/home/runner/.m2/repository/org/apache/ratis/ratis-shell/3.1.2/ratis-shell-3.1.2.jar:/home/runner/.m2/repository/org/apache/ratis/ratis-tools/3.1.2/ratis-tools-3.1.2.jar:/home/runner/.m2/repository/org/jgrapht/jgrapht-core/1.4.0/jgrapht-core-1.4.0.jar:/home/runner/.m2/repository/org/jheaps/jheaps/0.11/jheaps-0.11.jar:/home/runner/.m2/repository/org/jgrapht/jgrapht-ext/1.4.0/jgrapht-ext-1.4.0.jar:/home/runner/work/ozone/ozone/hadoop-hdds/rocksdb-checkpoint-differ/target/rocksdb-checkpoint-differ-2.1.0-SNAPSHOT.jar:/home/runner/.m2/repository/org/apache/ranger/ranger-intg/2.6.0/ranger-intg-2.6.0.jar:/home/runner/.m2/repository/org/apache/ratis/ratis-client/3.1.2/ratis-client-3.1.2.jar:/home/runner/.m2/repository/org/apache/ratis/ratis-common/3.1.2/ratis-common-3.1.2.jar:/home/runner/.m2/repository/org/apache/ratis/ratis-grpc/3.1.2/ratis-grpc-3.1.2.jar:/home/runner/.m2/repository/org/apache/ratis/ratis-metrics-api/3.1.2/ratis-metrics-api-3.1.2.jar:/home/runner/.m2/repository/org/apache/ratis/ratis-proto/3.1.2/ratis-proto-3.1.2.jar:/home/runner/.m2/repository/org/apache/ratis/ratis-server/3.1.2/ratis-server-3.1.2.jar:/home/runner/.m2/repository/org/apache/ratis/ratis-server-api/3.1.2/ratis-server-api-3.1.2.jar:/home/runner/.m2/repository/org/apache/ratis/ratis-thirdparty-misc/1.0.6/ratis-thirdparty-misc-1.0.6.jar:/home/runner/.m2/repository/org/bouncycastle/bcpkix-jdk18on/1.81/bcpkix-jdk18on-1.81.jar:/home/runner/.m2/repository/org/bouncycastle/bcutil-jdk18on/1.81/bcutil-jdk18on-1.81.jar:/home/runner/.m2/repository/org/hamcrest/hamcrest/2.2/hamcrest-2.2.jar:/home/runner/.m2/repository/org/reflections/reflections/0.10.2/reflections-0.10.2.jar:/home/runner/.m2/repository/org/javassist/javassist/3.30.2-GA/javassist-3.30.2-GA.jar:/home/runner/.m2/repository/org/rocksdb/rocksdbjni/7.7.3/rocksdbjni-7.7.3.jar:/home/runner/.m2/repository/org/slf4j/jul-to-slf4j/2.0.17/jul-to-slf4j-2.0.17.jar:/home/runner/.m2/repository/org/slf4j/slf4j-api/2.0.17/slf4j-api-2.0.17.jar:/home/runner/.m2/repository/org/assertj/assertj-core/3.27.3/assertj-core-3.27.3.jar:/home/runner/.m2/repository/net/bytebuddy/byte-buddy/1.15.11/byte-buddy-1.15.11.jar:/home/runner/.m2/repository/org/junit/jupiter/junit-jupiter-api/5.13.1/junit-jupiter-api-5.13.1.jar:/home/runner/.m2/repository/org/opentest4j/opentest4j/1.3.0/opentest4j-1.3.0.jar:/home/runner/.m2/repository/org/junit/platform/junit-platform-commons/1.13.1/junit-platform-commons-1.13.1.jar:/home/runner/.m2/repository/org/apiguardian/apiguardian-api/1.1.2/apiguardian-api-1.1.2.jar:/home/runner/.m2/repository/org/junit/jupiter/junit-jupiter-params/5.13.1/junit-jupiter-params-5.13.1.jar:/home/runner/.m2/repository/org/mockito/mockito-core/4.11.0/mockito-core-4.11.0.jar:/home/runner/.m2/repository/net/bytebuddy/byte-buddy-agent/1.12.19/byte-buddy-agent-1.12.19.jar:/home/runner/.m2/repository/org/objenesis/objenesis/3.3/objenesis-3.3.jar:/home/runner/.m2/repository/org/mockito/mockito-inline/4.11.0/mockito-inline-4.11.0.jar:/home/runner/.m2/repository/org/mockito/mockito-junit-jupiter/4.11.0/mockito-junit-jupiter-4.11.0.jar:/home/runner/work/ozone/ozone/hadoop-ozone/integration-test/target/gradle-enterprise/test-listeners.jar:"/>
    <property name="sun.cpu.endian" value="little"/>
    <property name="user.home" value="/home/runner"/>
    <property name="user.language" value="en"/>
    <property name="java.specification.vendor" value="Oracle Corporation"/>
    <property name="skipRecon" value="true"/>
    <property name="java.version.date" value="2025-04-15"/>
    <property name="java.home" value="/usr/lib/jvm/temurin-21-jdk-amd64"/>
    <property name="java.security.krb5.conf" value="/home/runner/work/ozone/ozone/hadoop-ozone/integration-test/target/test-classes/krb5.conf"/>
    <property name="file.separator" value="/"/>
    <property name="basedir" value="/home/runner/work/ozone/ozone/hadoop-ozone/integration-test"/>
    <property name="java.vm.compressedOopsMode" value="Zero based"/>
    <property name="line.separator" value="&#10;"/>
    <property name="java.vm.specification.vendor" value="Oracle Corporation"/>
    <property name="java.specification.name" value="Java Platform API Specification"/>
    <property name="surefire.real.class.path" value="/home/runner/work/ozone/ozone/hadoop-ozone/integration-test/target/surefire/surefirebooter-20250620181341073_1066.jar"/>
    <property name="hadoop.log.dir" value="/home/runner/work/ozone/ozone/hadoop-ozone/integration-test/target/log"/>
    <property name="sun.management.compiler" value="HotSpot 64-Bit Tiered Compilers"/>
    <property name="skipShade" value="true"/>
    <property name="java.runtime.version" value="21.0.7+6-LTS"/>
    <property name="user.name" value="runner"/>
    <property name="java.net.preferIPv4Stack" value="true"/>
    <property name="stdout.encoding" value="UTF-8"/>
    <property name="path.separator" value=":"/>
    <property name="java.security.egd" value="file:///dev/urandom"/>
    <property name="os.version" value="6.11.0-1015-azure"/>
    <property name="java.runtime.name" value="OpenJDK Runtime Environment"/>
    <property name="com.gradle.maven.scan.extension.test.listener.junitplatform.NestedExecutionSafeDelegatingTestExecutionListener" value="50fe837a"/>
    <property name="file.encoding" value="UTF-8"/>
    <property name="java.vm.name" value="OpenJDK 64-Bit Server VM"/>
    <property name="rocks_tools_native" value="true"/>
    <property name="java.vendor.version" value="Temurin-21.0.7+6"/>
    <property name="test.build.webapps" value=""/>
    <property name="develocity.listener.surefire.forkId" value="1"/>
    <property name="localRepository" value="/home/runner/.m2/repository"/>
    <property name="java.vendor.url.bug" value="https://github.com/adoptium/adoptium-support/issues"/>
    <property name="jetty.git.hash" value="df524e6b29271c2e09ba9aea83c18dc9db464a31"/>
    <property name="java.io.tmpdir" value="/tmp"/>
    <property name="require.test.libhadoop" value=""/>
    <property name="java.version" value="21.0.7"/>
    <property name="user.dir" value="/home/runner/work/ozone/ozone/hadoop-ozone/integration-test"/>
    <property name="os.arch" value="amd64"/>
    <property name="java.vm.specification.name" value="Java Virtual Machine Specification"/>
    <property name="test.build.classes" value="/home/runner/work/ozone/ozone/hadoop-ozone/integration-test/target/test-classes"/>
    <property name="org.apache.ratis.thirdparty.io.netty.allocator.useCacheForAllThreads" value="false"/>
    <property name="native.encoding" value="UTF-8"/>
    <property name="hadoop.tmp.dir" value="/home/runner/work/ozone/ozone/hadoop-ozone/integration-test/target/tmp"/>
    <property name="java.library.path" value="/usr/java/packages/lib:/usr/lib64:/lib64:/lib:/usr/lib"/>
    <property name="java.vm.info" value="mixed mode, sharing"/>
    <property name="stderr.encoding" value="UTF-8"/>
    <property name="java.vendor" value="Eclipse Adoptium"/>
    <property name="java.vm.version" value="21.0.7+6-LTS"/>
    <property name="sun.io.unicode.encoding" value="UnicodeLittle"/>
    <property name="develocity.listener.port" value="42775"/>
    <property name="java.class.version" value="65.0"/>
  </properties>
  <testcase name="testCreateEC" classname="org.apache.ozone.test.NonHATests$ContainerOperations" time="0.021">
    <system-out><![CDATA[2025-06-20 18:38:13,497 [main] INFO  proxy.SCMContainerLocationFailoverProxyProvider (SCMFailoverProxyProviderBase.java:<init>(120)) - Created fail-over proxy for protocol StorageContainerLocationProtocolPB with 1 nodes: [nodeId=scmNodeId,nodeAddress=/0.0.0.0:15000]
2025-06-20 18:38:13,497 [main] INFO  proxy.SecretKeyProtocolFailoverProxyProvider (SCMFailoverProxyProviderBase.java:<init>(120)) - Created fail-over proxy for protocol SecretKeyProtocolScmPB with 1 nodes: [nodeId=scmNodeId,nodeAddress=/0.0.0.0:9961]
2025-06-20 18:38:13,510 [3cab457f-cc31-40cf-a0db-ee4cad3622f9-ChunkReader-9] WARN  statemachine.DatanodeConfiguration (DatanodeConfiguration.java:validateMinFreeSpace(689)) - hdds.datanode.volume.min.free.space.percent = -1.0 is invalid, should be between 0 and 1
2025-06-20 18:38:13,510 [3cab457f-cc31-40cf-a0db-ee4cad3622f9-ChunkReader-9] WARN  statemachine.DatanodeConfiguration (DatanodeConfiguration.java:validateMinFreeSpace(689)) - hdds.datanode.volume.min.free.space.percent = -1.0 is invalid, should be between 0 and 1
2025-06-20 18:38:13,517 [FixedThreadPoolWithAffinityExecutor-1-0] ERROR report.ContainerReportValidator$ECReplicaValidator (ContainerReportValidator.java:validate(71)) - ContainerReplicaReport for ContainerID: 65 in Datanode: 3cab457f-cc31-40cf-a0db-ee4cad3622f9(localhost/127.0.0.1) failed. Replica Index should be between 1 and 5. Given Replica Index: 0
]]></system-out>
  </testcase>
  <testcase name="testCreateRatis" classname="org.apache.ozone.test.NonHATests$ContainerOperations" time="2.442">
    <system-out><![CDATA[2025-06-20 18:38:13,521 [IPC Server handler 20 on default port 15000] INFO  pipeline.RatisPipelineProvider (RatisPipelineProvider.java:lambda$create$0(208)) - Sending CreatePipelineCommand for pipeline:Pipeline-8086a8cf-9933-4fe5-b45d-5302ad8a22c1 to datanode:3cab457f-cc31-40cf-a0db-ee4cad3622f9(localhost/127.0.0.1)
2025-06-20 18:38:13,521 [IPC Server handler 20 on default port 15000] INFO  pipeline.RatisPipelineProvider (RatisPipelineProvider.java:lambda$create$0(208)) - Sending CreatePipelineCommand for pipeline:Pipeline-8086a8cf-9933-4fe5-b45d-5302ad8a22c1 to datanode:abc7d4c8-1db0-40e6-92af-439d9e6bec86(localhost/127.0.0.1)
2025-06-20 18:38:13,521 [IPC Server handler 20 on default port 15000] INFO  pipeline.RatisPipelineProvider (RatisPipelineProvider.java:lambda$create$0(208)) - Sending CreatePipelineCommand for pipeline:Pipeline-8086a8cf-9933-4fe5-b45d-5302ad8a22c1 to datanode:c4b831bc-9c29-451c-b376-cfce513d7e6a(localhost/127.0.0.1)
2025-06-20 18:38:14,362 [grpc-default-executor-2] INFO  segmented.SegmentedRaftLogWorker (SegmentedRaftLogWorker.java:close(252)) - 3cab457f-cc31-40cf-a0db-ee4cad3622f9@group-EA060A1EA1AB-SegmentedRaftLogWorker close()
2025-06-20 18:38:14,367 [grpc-default-executor-2] INFO  keyvalue.KeyValueContainer (KeyValueContainer.java:flushAndSyncDB(512)) - Synced container: KeyValueContainerData #27 (CLOSING, non-empty, ri=0, origin=[dn_3cab457f-cc31-40cf-a0db-ee4cad3622f9, pipeline_4b180ae0-a6c3-4a91-962b-ea060a1ea1ab])
2025-06-20 18:38:14,367 [grpc-default-executor-2] INFO  keyvalue.KeyValueContainer (KeyValueContainer.java:flushAndSyncDB(512)) - Synced container: KeyValueContainerData #27 (CLOSING, non-empty, ri=0, origin=[dn_3cab457f-cc31-40cf-a0db-ee4cad3622f9, pipeline_4b180ae0-a6c3-4a91-962b-ea060a1ea1ab])
2025-06-20 18:38:14,371 [grpc-default-executor-2] INFO  server.RaftServer$Division (RaftServerImpl.java:groupRemove(483)) - 3cab457f-cc31-40cf-a0db-ee4cad3622f9@group-EA060A1EA1AB: Succeed to remove RaftStorageDirectory Storage Directory /home/runner/work/ozone/ozone/hadoop-ozone/integration-test/target/test-dir/MiniOzoneClusterImpl-91634b24-6a44-479b-9678-da9570c0d1c0/ozone-meta/datanode-1/ratis/4b180ae0-a6c3-4a91-962b-ea060a1ea1ab
2025-06-20 18:38:14,374 [558bf82a-5633-4517-a5d7-94badcdd12f8-PipelineCommandHandlerThread-0] INFO  server.RaftServer (RaftServerProxy.java:remove(111)) - 558bf82a-5633-4517-a5d7-94badcdd12f8: remove    LEADER 558bf82a-5633-4517-a5d7-94badcdd12f8@group-EA060A1EA1AB:t1, leader=558bf82a-5633-4517-a5d7-94badcdd12f8, voted=558bf82a-5633-4517-a5d7-94badcdd12f8, raftlog=Memoized:558bf82a-5633-4517-a5d7-94badcdd12f8@group-EA060A1EA1AB-SegmentedRaftLog:OPENED:c787:last(t:1, i:787), conf=conf: {index: 0, cur=peers:[c4b831bc-9c29-451c-b376-cfce513d7e6a|127.0.0.1:15023, 3cab457f-cc31-40cf-a0db-ee4cad3622f9|127.0.0.1:15015, 558bf82a-5633-4517-a5d7-94badcdd12f8|127.0.0.1:15031]|listeners:[], old=null} RUNNING
2025-06-20 18:38:14,375 [558bf82a-5633-4517-a5d7-94badcdd12f8-PipelineCommandHandlerThread-0] INFO  server.RaftServer$Division (RaftServerImpl.java:lambda$close$1(513)) - 558bf82a-5633-4517-a5d7-94badcdd12f8@group-EA060A1EA1AB: shutdown
2025-06-20 18:38:14,375 [558bf82a-5633-4517-a5d7-94badcdd12f8-PipelineCommandHandlerThread-0] INFO  util.JmxRegister (JmxRegister.java:unregister(74)) - Successfully un-registered JMX Bean with object name Ratis:service=RaftServer,group=group-EA060A1EA1AB,id=558bf82a-5633-4517-a5d7-94badcdd12f8
2025-06-20 18:38:14,375 [558bf82a-5633-4517-a5d7-94badcdd12f8-PipelineCommandHandlerThread-0] INFO  impl.RoleInfo (RoleInfo.java:shutdownLeaderState(103)) - 558bf82a-5633-4517-a5d7-94badcdd12f8: shutdown 558bf82a-5633-4517-a5d7-94badcdd12f8@group-EA060A1EA1AB-LeaderStateImpl
2025-06-20 18:38:14,375 [558bf82a-5633-4517-a5d7-94badcdd12f8@group-EA060A1EA1AB->c4b831bc-9c29-451c-b376-cfce513d7e6a-GrpcLogAppender-LogAppenderDaemon] WARN  server.GrpcLogAppender (GrpcLogAppender.java:mayWait(293)) - 558bf82a-5633-4517-a5d7-94badcdd12f8@group-EA060A1EA1AB->c4b831bc-9c29-451c-b376-cfce513d7e6a-GrpcLogAppender: Wait interrupted by java.lang.InterruptedException
2025-06-20 18:38:14,376 [558bf82a-5633-4517-a5d7-94badcdd12f8@group-EA060A1EA1AB->3cab457f-cc31-40cf-a0db-ee4cad3622f9-GrpcLogAppender-LogAppenderDaemon] WARN  server.GrpcLogAppender (GrpcLogAppender.java:mayWait(293)) - 558bf82a-5633-4517-a5d7-94badcdd12f8@group-EA060A1EA1AB->3cab457f-cc31-40cf-a0db-ee4cad3622f9-GrpcLogAppender: Wait interrupted by java.lang.InterruptedException
2025-06-20 18:38:14,377 [558bf82a-5633-4517-a5d7-94badcdd12f8-PipelineCommandHandlerThread-0] INFO  impl.PendingRequests (PendingRequests.java:sendNotLeaderResponses(287)) - 558bf82a-5633-4517-a5d7-94badcdd12f8@group-EA060A1EA1AB-PendingRequests: sendNotLeaderResponses
2025-06-20 18:38:14,380 [grpc-default-executor-1] INFO  server.GrpcServerProtocolService (GrpcServerProtocolService.java:onCompleted(157)) - c4b831bc-9c29-451c-b376-cfce513d7e6a: Completed APPEND_ENTRIES, lastRequest: 558bf82a-5633-4517-a5d7-94badcdd12f8->c4b831bc-9c29-451c-b376-cfce513d7e6a#1794-t1,previous=(t:1, i:786),leaderCommit=785,initializing? false,entries: size=1, first=(t:1, i:787), METADATAENTRY(c:785)
2025-06-20 18:38:14,381 [558bf82a-5633-4517-a5d7-94badcdd12f8-PipelineCommandHandlerThread-0] INFO  impl.StateMachineUpdater (StateMachineUpdater.java:stopAndJoin(164)) - 558bf82a-5633-4517-a5d7-94badcdd12f8@group-EA060A1EA1AB-StateMachineUpdater: set stopIndex = 787
2025-06-20 18:38:14,380 [558bf82a-5633-4517-a5d7-94badcdd12f8@group-EA060A1EA1AB-StateMachineUpdater] INFO  ratis.ContainerStateMachine (ContainerStateMachine.java:takeSnapshot(427)) - group-EA060A1EA1AB: Taking a snapshot at:(t:1, i:787) file /home/runner/work/ozone/ozone/hadoop-ozone/integration-test/target/test-dir/MiniOzoneClusterImpl-91634b24-6a44-479b-9678-da9570c0d1c0/ozone-meta/datanode-3/ratis/4b180ae0-a6c3-4a91-962b-ea060a1ea1ab/sm/snapshot.1_787
2025-06-20 18:38:14,380 [grpc-default-executor-3] INFO  server.GrpcServerProtocolService (GrpcServerProtocolService.java:onCompleted(157)) - 3cab457f-cc31-40cf-a0db-ee4cad3622f9: Completed APPEND_ENTRIES, lastRequest: null
2025-06-20 18:38:14,381 [grpc-default-executor-1] INFO  server.GrpcServerProtocolService (GrpcServerProtocolService.java:lambda$onCompleted$5(159)) - c4b831bc-9c29-451c-b376-cfce513d7e6a: Completed APPEND_ENTRIES, lastReply: null
2025-06-20 18:38:14,380 [grpc-default-executor-2] INFO  server.GrpcServerProtocolService (GrpcServerProtocolService.java:onCompleted(157)) - 3cab457f-cc31-40cf-a0db-ee4cad3622f9: Completed APPEND_ENTRIES, lastRequest: 558bf82a-5633-4517-a5d7-94badcdd12f8->3cab457f-cc31-40cf-a0db-ee4cad3622f9#1802-t1,previous=(t:1, i:786),leaderCommit=785,initializing? false,entries: size=1, first=(t:1, i:787), METADATAENTRY(c:785)
2025-06-20 18:38:14,383 [grpc-default-executor-2] INFO  server.GrpcServerProtocolService (GrpcServerProtocolService.java:lambda$onCompleted$5(159)) - 3cab457f-cc31-40cf-a0db-ee4cad3622f9: Completed APPEND_ENTRIES, lastReply: null
2025-06-20 18:38:14,383 [grpc-default-executor-5] INFO  server.GrpcLogAppender (GrpcLogAppender.java:onCompleted(550)) - 558bf82a-5633-4517-a5d7-94badcdd12f8@group-EA060A1EA1AB->3cab457f-cc31-40cf-a0db-ee4cad3622f9-AppendLogResponseHandler: follower responses appendEntries COMPLETED
2025-06-20 18:38:14,380 [grpc-default-executor-0] INFO  server.GrpcServerProtocolService (GrpcServerProtocolService.java:onCompleted(157)) - c4b831bc-9c29-451c-b376-cfce513d7e6a: Completed APPEND_ENTRIES, lastRequest: null
2025-06-20 18:38:14,384 [grpc-default-executor-2] INFO  server.GrpcLogAppender (GrpcLogAppender.java:onCompleted(550)) - 558bf82a-5633-4517-a5d7-94badcdd12f8@group-EA060A1EA1AB->c4b831bc-9c29-451c-b376-cfce513d7e6a-AppendLogResponseHandler: follower responses appendEntries COMPLETED
2025-06-20 18:38:14,384 [558bf82a-5633-4517-a5d7-94badcdd12f8@group-EA060A1EA1AB-StateMachineUpdater] INFO  ratis.ContainerStateMachine (ContainerStateMachine.java:takeSnapshot(436)) - group-EA060A1EA1AB: Finished taking a snapshot at:(t:1, i:787) file:/home/runner/work/ozone/ozone/hadoop-ozone/integration-test/target/test-dir/MiniOzoneClusterImpl-91634b24-6a44-479b-9678-da9570c0d1c0/ozone-meta/datanode-3/ratis/4b180ae0-a6c3-4a91-962b-ea060a1ea1ab/sm/snapshot.1_787 took: 4 ms
2025-06-20 18:38:14,385 [558bf82a-5633-4517-a5d7-94badcdd12f8@group-EA060A1EA1AB-StateMachineUpdater] INFO  impl.StateMachineUpdater (StateMachineUpdater.java:takeSnapshot(303)) - 558bf82a-5633-4517-a5d7-94badcdd12f8@group-EA060A1EA1AB-StateMachineUpdater: Took a snapshot at index 787
2025-06-20 18:38:14,385 [558bf82a-5633-4517-a5d7-94badcdd12f8@group-EA060A1EA1AB-StateMachineUpdater] INFO  impl.StateMachineUpdater (StateMachineUpdater.java:lambda$new$0(102)) - 558bf82a-5633-4517-a5d7-94badcdd12f8@group-EA060A1EA1AB-StateMachineUpdater: snapshotIndex: updateIncreasingly -1 -> 787
2025-06-20 18:38:14,385 [558bf82a-5633-4517-a5d7-94badcdd12f8@group-EA060A1EA1AB-StateMachineUpdater] INFO  impl.StateMachineUpdater (StateMachineUpdater.java:stop(141)) - 558bf82a-5633-4517-a5d7-94badcdd12f8@group-EA060A1EA1AB-StateMachineUpdater: closing ContainerStateMachine, lastApplied=(t:1, i:787)
2025-06-20 18:38:14,386 [558bf82a-5633-4517-a5d7-94badcdd12f8@group-EA060A1EA1AB-cacheEviction-AwaitToRun] INFO  util.AwaitToRun (AwaitToRun.java:run(49)) - 558bf82a-5633-4517-a5d7-94badcdd12f8@group-EA060A1EA1AB-cacheEviction-AwaitToRun-AwaitForSignal is interrupted
2025-06-20 18:38:14,395 [grpc-default-executor-3] INFO  server.GrpcServerProtocolService (GrpcServerProtocolService.java:lambda$onCompleted$5(159)) - 3cab457f-cc31-40cf-a0db-ee4cad3622f9: Completed APPEND_ENTRIES, lastReply: serverReply {
  requestorId: "558bf82a-5633-4517-a5d7-94badcdd12f8"
  replyId: "3cab457f-cc31-40cf-a0db-ee4cad3622f9"
  raftGroupId {
    id: "K\030\n\340\246\303J\221\226+\352\006\n\036\241\253"
  }
  callId: 1809
  success: true
}
term: 1
nextIndex: 788
followerCommit: 787
matchIndex: 18446744073709551615
isHearbeat: true

2025-06-20 18:38:14,395 [grpc-default-executor-0] INFO  server.GrpcServerProtocolService (GrpcServerProtocolService.java:lambda$onCompleted$5(159)) - c4b831bc-9c29-451c-b376-cfce513d7e6a: Completed APPEND_ENTRIES, lastReply: serverReply {
  requestorId: "558bf82a-5633-4517-a5d7-94badcdd12f8"
  replyId: "c4b831bc-9c29-451c-b376-cfce513d7e6a"
  raftGroupId {
    id: "K\030\n\340\246\303J\221\226+\352\006\n\036\241\253"
  }
  callId: 1801
  success: true
}
term: 1
nextIndex: 788
followerCommit: 787
matchIndex: 18446744073709551615
isHearbeat: true

2025-06-20 18:38:14,397 [grpc-default-executor-5] INFO  server.GrpcLogAppender (GrpcLogAppender.java:onCompleted(550)) - 558bf82a-5633-4517-a5d7-94badcdd12f8@group-EA060A1EA1AB->3cab457f-cc31-40cf-a0db-ee4cad3622f9-AppendLogResponseHandler: follower responses appendEntries COMPLETED
2025-06-20 18:38:14,397 [grpc-default-executor-0] INFO  server.GrpcLogAppender (GrpcLogAppender.java:onCompleted(550)) - 558bf82a-5633-4517-a5d7-94badcdd12f8@group-EA060A1EA1AB->c4b831bc-9c29-451c-b376-cfce513d7e6a-AppendLogResponseHandler: follower responses appendEntries COMPLETED
2025-06-20 18:38:14,721 [3cab457f-cc31-40cf-a0db-ee4cad3622f9-CloseContainerThread-2] INFO  commandhandler.CloseContainerCommandHandler (CloseContainerCommandHandler.java:lambda$handle$0(105)) - Container #7 does not exist in datanode. Its pipeline may have closed before it was created. Container close failed.
2025-06-20 18:38:14,721 [3cab457f-cc31-40cf-a0db-ee4cad3622f9-CloseContainerThread-0] INFO  commandhandler.CloseContainerCommandHandler (CloseContainerCommandHandler.java:lambda$handle$0(105)) - Container #8 does not exist in datanode. Its pipeline may have closed before it was created. Container close failed.
2025-06-20 18:38:14,721 [3cab457f-cc31-40cf-a0db-ee4cad3622f9-CloseContainerThread-0] INFO  commandhandler.CloseContainerCommandHandler (CloseContainerCommandHandler.java:lambda$handle$0(105)) - Container #31 does not exist in datanode. Its pipeline may have closed before it was created. Container close failed.
2025-06-20 18:38:14,721 [3cab457f-cc31-40cf-a0db-ee4cad3622f9-CloseContainerThread-0] INFO  commandhandler.CloseContainerCommandHandler (CloseContainerCommandHandler.java:lambda$handle$0(105)) - Container #32 does not exist in datanode. Its pipeline may have closed before it was created. Container close failed.
2025-06-20 18:38:14,721 [3cab457f-cc31-40cf-a0db-ee4cad3622f9-CloseContainerThread-0] INFO  commandhandler.CloseContainerCommandHandler (CloseContainerCommandHandler.java:lambda$handle$0(105)) - Container #33 does not exist in datanode. Its pipeline may have closed before it was created. Container close failed.
2025-06-20 18:38:14,721 [3cab457f-cc31-40cf-a0db-ee4cad3622f9-CloseContainerThread-2] INFO  commandhandler.CloseContainerCommandHandler (CloseContainerCommandHandler.java:lambda$handle$0(105)) - Container #30 does not exist in datanode. Its pipeline may have closed before it was created. Container close failed.
2025-06-20 18:38:14,722 [3cab457f-cc31-40cf-a0db-ee4cad3622f9-PipelineCommandHandlerThread-0] INFO  server.RaftServer (RaftServerProxy.java:addNew(100)) - 3cab457f-cc31-40cf-a0db-ee4cad3622f9: addNew group-5302AD8A22C1:[abc7d4c8-1db0-40e6-92af-439d9e6bec86|127.0.0.1:15047, c4b831bc-9c29-451c-b376-cfce513d7e6a|127.0.0.1:15023, 3cab457f-cc31-40cf-a0db-ee4cad3622f9|127.0.0.1:15015] returns group-5302AD8A22C1:java.util.concurrent.CompletableFuture@5544358d[Not completed]
2025-06-20 18:38:14,726 [3cab457f-cc31-40cf-a0db-ee4cad3622f9-groupManagement] WARN  statemachine.DatanodeConfiguration (DatanodeConfiguration.java:validateMinFreeSpace(689)) - hdds.datanode.volume.min.free.space.percent = -1.0 is invalid, should be between 0 and 1
2025-06-20 18:38:14,726 [3cab457f-cc31-40cf-a0db-ee4cad3622f9-CloseContainerThread-1] INFO  keyvalue.KeyValueContainer (KeyValueContainer.java:flushAndSyncDB(512)) - Synced container: KeyValueContainerData #4 (CLOSING, non-empty, ri=3, origin=[dn_3cab457f-cc31-40cf-a0db-ee4cad3622f9, pipeline_])
2025-06-20 18:38:14,726 [3cab457f-cc31-40cf-a0db-ee4cad3622f9-groupManagement] INFO  server.RaftServer$Division (RaftServerImpl.java:<init>(255)) - 3cab457f-cc31-40cf-a0db-ee4cad3622f9: new RaftServerImpl for group-5302AD8A22C1:[abc7d4c8-1db0-40e6-92af-439d9e6bec86|127.0.0.1:15047, c4b831bc-9c29-451c-b376-cfce513d7e6a|127.0.0.1:15023, 3cab457f-cc31-40cf-a0db-ee4cad3622f9|127.0.0.1:15015] with ContainerStateMachine:uninitialized
2025-06-20 18:38:14,726 [3cab457f-cc31-40cf-a0db-ee4cad3622f9-CloseContainerThread-1] INFO  keyvalue.KeyValueContainer (KeyValueContainer.java:flushAndSyncDB(512)) - Synced container: KeyValueContainerData #4 (CLOSING, non-empty, ri=3, origin=[dn_3cab457f-cc31-40cf-a0db-ee4cad3622f9, pipeline_])
2025-06-20 18:38:14,727 [3cab457f-cc31-40cf-a0db-ee4cad3622f9-groupManagement] INFO  server.RaftServerConfigKeys (ConfUtils.java:logGet(46)) - raft.server.rpc.timeout.min = 5s (custom)
2025-06-20 18:38:14,727 [3cab457f-cc31-40cf-a0db-ee4cad3622f9-groupManagement] INFO  server.RaftServerConfigKeys (ConfUtils.java:logGet(46)) - raft.server.rpc.timeout.max = 5200ms (custom)
2025-06-20 18:38:14,727 [3cab457f-cc31-40cf-a0db-ee4cad3622f9-groupManagement] INFO  server.RaftServerConfigKeys (ConfUtils.java:logGet(46)) - raft.server.rpc.sleep.time = 25ms (default)
2025-06-20 18:38:14,727 [3cab457f-cc31-40cf-a0db-ee4cad3622f9-groupManagement] INFO  server.RaftServerConfigKeys (ConfUtils.java:logGet(46)) - raft.server.rpc.slowness.timeout = 300000ms (custom)
2025-06-20 18:38:14,727 [3cab457f-cc31-40cf-a0db-ee4cad3622f9-groupManagement] INFO  server.RaftServerConfigKeys (ConfUtils.java:logGet(46)) - raft.server.leaderelection.leader.step-down.wait-time = 10s (default)
2025-06-20 18:38:14,727 [3cab457f-cc31-40cf-a0db-ee4cad3622f9-groupManagement] INFO  server.RaftServerConfigKeys (ConfUtils.java:logGet(46)) - raft.server.leaderelection.member.majority-add = false (default)
2025-06-20 18:38:14,727 [3cab457f-cc31-40cf-a0db-ee4cad3622f9-groupManagement] INFO  server.RaftServerConfigKeys (ConfUtils.java:logGet(46)) - raft.server.sleep.deviation.threshold = 300ms (default)
2025-06-20 18:38:14,728 [3cab457f-cc31-40cf-a0db-ee4cad3622f9-groupManagement] INFO  server.RaftServer$Division (ServerState.java:<init>(114)) - 3cab457f-cc31-40cf-a0db-ee4cad3622f9@group-5302AD8A22C1: ConfigurationManager, init=conf: {index: -1, cur=peers:[abc7d4c8-1db0-40e6-92af-439d9e6bec86|127.0.0.1:15047, c4b831bc-9c29-451c-b376-cfce513d7e6a|127.0.0.1:15023, 3cab457f-cc31-40cf-a0db-ee4cad3622f9|127.0.0.1:15015]|listeners:[], old=null}, confs=<EMPTY_MAP>
2025-06-20 18:38:14,728 [3cab457f-cc31-40cf-a0db-ee4cad3622f9-groupManagement] INFO  server.RaftServerConfigKeys (ConfUtils.java:logGet(46)) - raft.server.notification.no-leader.timeout = 300000ms (custom)
2025-06-20 18:38:14,728 [3cab457f-cc31-40cf-a0db-ee4cad3622f9-groupManagement] INFO  server.RaftServerConfigKeys (ConfUtils.java:logGet(46)) - raft.server.read.timeout = 10s (default)
2025-06-20 18:38:14,728 [3cab457f-cc31-40cf-a0db-ee4cad3622f9-groupManagement] INFO  server.RaftServerConfigKeys (ConfUtils.java:logGet(46)) - raft.server.retrycache.expirytime = 600000ms (custom)
2025-06-20 18:38:14,728 [3cab457f-cc31-40cf-a0db-ee4cad3622f9-groupManagement] INFO  server.RaftServerConfigKeys (ConfUtils.java:logGet(46)) - raft.server.retrycache.statistics.expirytime = 100ms (default)
2025-06-20 18:38:14,728 [3cab457f-cc31-40cf-a0db-ee4cad3622f9-groupManagement] INFO  server.RaftServerConfigKeys (ConfUtils.java:logGet(46)) - raft.server.read.option = DEFAULT (default)
2025-06-20 18:38:14,728 [3cab457f-cc31-40cf-a0db-ee4cad3622f9-groupManagement] INFO  server.RaftServerConfigKeys (ConfUtils.java:logGet(46)) - raft.server.read.read-after-write-consistent.write-index-cache.expiry-time = 60s (default)
2025-06-20 18:38:14,732 [3cab457f-cc31-40cf-a0db-ee4cad3622f9-CloseContainerThread-1] INFO  keyvalue.KeyValueContainer (KeyValueContainer.java:close(428)) - Closed container: KeyValueContainerData #4 (CLOSED, non-empty, ri=3, origin=[dn_3cab457f-cc31-40cf-a0db-ee4cad3622f9, pipeline_])
2025-06-20 18:38:14,737 [3cab457f-cc31-40cf-a0db-ee4cad3622f9-groupManagement] INFO  server.RaftServerConfigKeys (ConfUtils.java:logGet(46)) - raft.server.rpc.request.timeout = 3000ms (default)
2025-06-20 18:38:14,737 [3cab457f-cc31-40cf-a0db-ee4cad3622f9-groupManagement] INFO  server.RaftServerConfigKeys (ConfUtils.java:logGet(46)) - raft.server.log.appender.install.snapshot.enabled = false (custom)
2025-06-20 18:38:14,737 [3cab457f-cc31-40cf-a0db-ee4cad3622f9-groupManagement] INFO  server.RaftServerConfigKeys (ConfUtils.java:logGet(46)) - raft.server.threadpool.server.cached = true (default)
2025-06-20 18:38:14,737 [3cab457f-cc31-40cf-a0db-ee4cad3622f9-groupManagement] INFO  server.RaftServerConfigKeys (ConfUtils.java:logGet(46)) - raft.server.threadpool.server.size = 0 (default)
2025-06-20 18:38:14,737 [3cab457f-cc31-40cf-a0db-ee4cad3622f9-groupManagement] INFO  server.RaftServerConfigKeys (ConfUtils.java:logGet(46)) - raft.server.threadpool.client.cached = true (default)
2025-06-20 18:38:14,737 [3cab457f-cc31-40cf-a0db-ee4cad3622f9-groupManagement] INFO  server.RaftServerConfigKeys (ConfUtils.java:logGet(46)) - raft.server.threadpool.client.size = 0 (default)
2025-06-20 18:38:14,737 [3cab457f-cc31-40cf-a0db-ee4cad3622f9-groupManagement] INFO  server.RaftServerConfigKeys (ConfUtils.java:logGet(46)) - raft.server.storage.free-space.min = 0MB (=0) (default)
2025-06-20 18:38:14,738 [3cab457f-cc31-40cf-a0db-ee4cad3622f9-groupManagement] INFO  server.RaftServerConfigKeys (ConfUtils.java:logGet(46)) - raft.server.log.corruption.policy = EXCEPTION (default)
2025-06-20 18:38:14,738 [3cab457f-cc31-40cf-a0db-ee4cad3622f9-groupManagement] INFO  server.RaftServerConfigKeys (ConfUtils.java:logGet(46)) - raft.server.storage.dir = [/home/runner/work/ozone/ozone/hadoop-ozone/integration-test/target/test-dir/MiniOzoneClusterImpl-91634b24-6a44-479b-9678-da9570c0d1c0/ozone-meta/datanode-1/ratis] (custom)
2025-06-20 18:38:14,738 [3cab457f-cc31-40cf-a0db-ee4cad3622f9-groupManagement] INFO  storage.RaftStorageDirectory (RaftStorageDirectoryImpl.java:analyzeStorage(138)) - The storage directory /home/runner/work/ozone/ozone/hadoop-ozone/integration-test/target/test-dir/MiniOzoneClusterImpl-91634b24-6a44-479b-9678-da9570c0d1c0/ozone-meta/datanode-1/ratis/8086a8cf-9933-4fe5-b45d-5302ad8a22c1 does not exist. Creating ...
2025-06-20 18:38:14,739 [3cab457f-cc31-40cf-a0db-ee4cad3622f9-groupManagement] INFO  storage.RaftStorageDirectory (RaftStorageDirectoryImpl.java:tryLock(229)) - Lock on /home/runner/work/ozone/ozone/hadoop-ozone/integration-test/target/test-dir/MiniOzoneClusterImpl-91634b24-6a44-479b-9678-da9570c0d1c0/ozone-meta/datanode-1/ratis/8086a8cf-9933-4fe5-b45d-5302ad8a22c1/in_use.lock acquired by nodename 91313@localhost
2025-06-20 18:38:14,740 [3cab457f-cc31-40cf-a0db-ee4cad3622f9-groupManagement] INFO  storage.RaftStorage (RaftStorageImpl.java:format(98)) - Storage directory /home/runner/work/ozone/ozone/hadoop-ozone/integration-test/target/test-dir/MiniOzoneClusterImpl-91634b24-6a44-479b-9678-da9570c0d1c0/ozone-meta/datanode-1/ratis/8086a8cf-9933-4fe5-b45d-5302ad8a22c1 has been successfully formatted.
2025-06-20 18:38:14,741 [3cab457f-cc31-40cf-a0db-ee4cad3622f9-groupManagement] INFO  ratis.ContainerStateMachine (ContainerStateMachine.java:initialize(339)) - 3cab457f-cc31-40cf-a0db-ee4cad3622f9: initialize group-5302AD8A22C1
2025-06-20 18:38:14,741 [3cab457f-cc31-40cf-a0db-ee4cad3622f9-groupManagement] INFO  ratis.ContainerStateMachine (ContainerStateMachine.java:loadSnapshot(347)) - group-5302AD8A22C1: The snapshot info is null. Setting the last applied index to:(t:0, i:~)
2025-06-20 18:38:14,741 [3cab457f-cc31-40cf-a0db-ee4cad3622f9-groupManagement] INFO  server.RaftServerConfigKeys (ConfUtils.java:logGet(46)) - raft.server.log.use.memory = false (default)
2025-06-20 18:38:14,741 [3cab457f-cc31-40cf-a0db-ee4cad3622f9-groupManagement] INFO  server.RaftServerConfigKeys (ConfUtils.java:logGet(46)) - raft.server.log.purge.gap = 1000000 (custom)
2025-06-20 18:38:14,741 [3cab457f-cc31-40cf-a0db-ee4cad3622f9-groupManagement] INFO  server.RaftServerConfigKeys (ConfUtils.java:logGet(46)) - raft.server.log.appender.buffer.byte-limit = 33554432 (custom)
2025-06-20 18:38:14,741 [3cab457f-cc31-40cf-a0db-ee4cad3622f9-groupManagement] INFO  server.RaftServerConfigKeys (ConfUtils.java:logGet(46)) - raft.server.log.statemachine.data.read.timeout = 1000ms (default)
2025-06-20 18:38:14,741 [3cab457f-cc31-40cf-a0db-ee4cad3622f9-groupManagement] INFO  server.RaftServerConfigKeys (ConfUtils.java:logGet(46)) - raft.server.log.purge.preservation.log.num = 0 (default)
2025-06-20 18:38:14,743 [3cab457f-cc31-40cf-a0db-ee4cad3622f9-groupManagement] INFO  server.RaftServerConfigKeys (ConfUtils.java:logGet(46)) - raft.server.log.segment.size.max = 67108864 (custom)
2025-06-20 18:38:14,744 [3cab457f-cc31-40cf-a0db-ee4cad3622f9-groupManagement] INFO  server.RaftServerConfigKeys (ConfUtils.java:logGet(46)) - raft.server.log.segment.cache.num.max = 2 (custom)
2025-06-20 18:38:14,744 [3cab457f-cc31-40cf-a0db-ee4cad3622f9-groupManagement] INFO  server.RaftServerConfigKeys (ConfUtils.java:logGet(46)) - raft.server.log.segment.cache.size.max = 200MB (=209715200) (default)
2025-06-20 18:38:14,744 [3cab457f-cc31-40cf-a0db-ee4cad3622f9-groupManagement] INFO  server.RaftServerConfigKeys (ConfUtils.java:logGet(46)) - raft.server.log.appender.buffer.byte-limit = 33554432 (custom)
2025-06-20 18:38:14,744 [3cab457f-cc31-40cf-a0db-ee4cad3622f9-groupManagement] INFO  util.AwaitToRun (AwaitToRun.java:start(81)) - Thread[#2182,3cab457f-cc31-40cf-a0db-ee4cad3622f9@group-5302AD8A22C1-cacheEviction-AwaitToRun,5,main] started
2025-06-20 18:38:14,745 [3cab457f-cc31-40cf-a0db-ee4cad3622f9-groupManagement] INFO  segmented.SegmentedRaftLogWorker (SegmentedRaftLogWorker.java:<init>(188)) - new 3cab457f-cc31-40cf-a0db-ee4cad3622f9@group-5302AD8A22C1-SegmentedRaftLogWorker for RaftStorageImpl:Storage Directory /home/runner/work/ozone/ozone/hadoop-ozone/integration-test/target/test-dir/MiniOzoneClusterImpl-91634b24-6a44-479b-9678-da9570c0d1c0/ozone-meta/datanode-1/ratis/8086a8cf-9933-4fe5-b45d-5302ad8a22c1
2025-06-20 18:38:14,745 [3cab457f-cc31-40cf-a0db-ee4cad3622f9-groupManagement] INFO  server.RaftServerConfigKeys (ConfUtils.java:logGet(46)) - raft.server.log.queue.byte-limit = 4294967296 (custom)
2025-06-20 18:38:14,745 [3cab457f-cc31-40cf-a0db-ee4cad3622f9-groupManagement] INFO  server.RaftServerConfigKeys (ConfUtils.java:logGet(46)) - raft.server.log.queue.element-limit = 1024 (custom)
2025-06-20 18:38:14,745 [3cab457f-cc31-40cf-a0db-ee4cad3622f9-groupManagement] INFO  server.RaftServerConfigKeys (ConfUtils.java:logGet(46)) - raft.server.log.segment.size.max = 67108864 (custom)
2025-06-20 18:38:14,745 [3cab457f-cc31-40cf-a0db-ee4cad3622f9-groupManagement] INFO  server.RaftServerConfigKeys (ConfUtils.java:logGet(46)) - raft.server.log.preallocated.size = 4194304 (custom)
2025-06-20 18:38:14,745 [3cab457f-cc31-40cf-a0db-ee4cad3622f9-groupManagement] INFO  server.RaftServerConfigKeys (ConfUtils.java:logGet(46)) - raft.server.log.force.sync.num = 128 (default)
2025-06-20 18:38:14,745 [3cab457f-cc31-40cf-a0db-ee4cad3622f9-groupManagement] INFO  server.RaftServerConfigKeys (ConfUtils.java:logGet(46)) - raft.server.log.statemachine.data.sync = true (default)
2025-06-20 18:38:14,745 [3cab457f-cc31-40cf-a0db-ee4cad3622f9-groupManagement] INFO  server.RaftServerConfigKeys (ConfUtils.java:logGet(46)) - raft.server.log.statemachine.data.sync.timeout = 10s (default)
2025-06-20 18:38:14,745 [3cab457f-cc31-40cf-a0db-ee4cad3622f9-groupManagement] INFO  server.RaftServerConfigKeys (ConfUtils.java:logGet(46)) - raft.server.log.statemachine.data.sync.timeout.retry = 30 (custom)
2025-06-20 18:38:14,746 [3cab457f-cc31-40cf-a0db-ee4cad3622f9-groupManagement] INFO  server.RaftServerConfigKeys (ConfUtils.java:logGet(46)) - raft.server.log.write.buffer.size = 33554440 (custom)
2025-06-20 18:38:14,752 [3cab457f-cc31-40cf-a0db-ee4cad3622f9-groupManagement] INFO  server.RaftServerConfigKeys (ConfUtils.java:logGet(46)) - raft.server.log.appender.buffer.byte-limit = 33554432 (custom)
2025-06-20 18:38:14,752 [3cab457f-cc31-40cf-a0db-ee4cad3622f9-groupManagement] INFO  server.RaftServerConfigKeys (ConfUtils.java:logGet(46)) - raft.server.log.unsafe-flush.enabled = false (default)
2025-06-20 18:38:14,752 [3cab457f-cc31-40cf-a0db-ee4cad3622f9-groupManagement] INFO  server.RaftServerConfigKeys (ConfUtils.java:logGet(46)) - raft.server.log.async-flush.enabled = false (default)
2025-06-20 18:38:14,752 [3cab457f-cc31-40cf-a0db-ee4cad3622f9-groupManagement] INFO  server.RaftServerConfigKeys (ConfUtils.java:logGet(46)) - raft.server.log.statemachine.data.caching.enabled = true (custom)
2025-06-20 18:38:14,752 [3cab457f-cc31-40cf-a0db-ee4cad3622f9-groupManagement] INFO  segmented.SegmentedRaftLogWorker (SegmentedRaftLogWorker.java:lambda$new$0(139)) - 3cab457f-cc31-40cf-a0db-ee4cad3622f9@group-5302AD8A22C1-SegmentedRaftLogWorker: flushIndex: setUnconditionally 0 -> -1
2025-06-20 18:38:14,753 [3cab457f-cc31-40cf-a0db-ee4cad3622f9-groupManagement] INFO  segmented.SegmentedRaftLogWorker (SegmentedRaftLogWorker.java:lambda$new$0(139)) - 3cab457f-cc31-40cf-a0db-ee4cad3622f9@group-5302AD8A22C1-SegmentedRaftLogWorker: safeCacheEvictIndex: setUnconditionally 0 -> -1
2025-06-20 18:38:14,753 [3cab457f-cc31-40cf-a0db-ee4cad3622f9-groupManagement] INFO  server.RaftServer$Division (RaftServerImpl.java:start(391)) - 3cab457f-cc31-40cf-a0db-ee4cad3622f9@group-5302AD8A22C1: start as a follower, conf=conf: {index: -1, cur=peers:[abc7d4c8-1db0-40e6-92af-439d9e6bec86|127.0.0.1:15047, c4b831bc-9c29-451c-b376-cfce513d7e6a|127.0.0.1:15023, 3cab457f-cc31-40cf-a0db-ee4cad3622f9|127.0.0.1:15015]|listeners:[], old=null}
2025-06-20 18:38:14,753 [3cab457f-cc31-40cf-a0db-ee4cad3622f9-groupManagement] INFO  server.RaftServer$Division (RaftServerImpl.java:setRole(378)) - 3cab457f-cc31-40cf-a0db-ee4cad3622f9@group-5302AD8A22C1: changes role from      null to FOLLOWER at term 0 for startAsFollower
2025-06-20 18:38:14,753 [3cab457f-cc31-40cf-a0db-ee4cad3622f9-groupManagement] INFO  impl.RoleInfo (RoleInfo.java:updateAndGet(148)) - 3cab457f-cc31-40cf-a0db-ee4cad3622f9: start 3cab457f-cc31-40cf-a0db-ee4cad3622f9@group-5302AD8A22C1-FollowerState
2025-06-20 18:38:14,753 [3cab457f-cc31-40cf-a0db-ee4cad3622f9@group-5302AD8A22C1-FollowerState] INFO  server.RaftServerConfigKeys (ConfUtils.java:logGet(46)) - raft.server.rpc.first-election.timeout.min = 1000ms (custom)
2025-06-20 18:38:14,754 [3cab457f-cc31-40cf-a0db-ee4cad3622f9@group-5302AD8A22C1-FollowerState] INFO  server.RaftServerConfigKeys (ConfUtils.java:logGet(46)) - raft.server.rpc.first-election.timeout.max = 1200ms (custom)
2025-06-20 18:38:14,754 [3cab457f-cc31-40cf-a0db-ee4cad3622f9-groupManagement] INFO  util.JmxRegister (JmxRegister.java:tryRegister(44)) - Successfully registered JMX Bean with object name Ratis:service=RaftServer,group=group-5302AD8A22C1,id=3cab457f-cc31-40cf-a0db-ee4cad3622f9
2025-06-20 18:38:14,754 [3cab457f-cc31-40cf-a0db-ee4cad3622f9-groupManagement] INFO  util.JmxRegister (JmxRegister.java:register(58)) - register mxBean class org.apache.ratis.server.impl.RaftServerJmxAdapter as Ratis:service=RaftServer,group=group-5302AD8A22C1,id=3cab457f-cc31-40cf-a0db-ee4cad3622f9
2025-06-20 18:38:14,754 [3cab457f-cc31-40cf-a0db-ee4cad3622f9-groupManagement] INFO  server.RaftServerConfigKeys (ConfUtils.java:logGet(46)) - raft.server.snapshot.trigger-when-stop.enabled = true (default)
2025-06-20 18:38:14,754 [3cab457f-cc31-40cf-a0db-ee4cad3622f9-groupManagement] INFO  server.RaftServerConfigKeys (ConfUtils.java:logGet(46)) - raft.server.snapshot.trigger-when-remove.enabled = true (default)
2025-06-20 18:38:14,754 [3cab457f-cc31-40cf-a0db-ee4cad3622f9-groupManagement] INFO  server.RaftServerConfigKeys (ConfUtils.java:logGet(46)) - raft.server.snapshot.auto.trigger.enabled = true (custom)
2025-06-20 18:38:14,754 [3cab457f-cc31-40cf-a0db-ee4cad3622f9-groupManagement] INFO  server.RaftServerConfigKeys (ConfUtils.java:logGet(46)) - raft.server.snapshot.auto.trigger.threshold = 100000 (custom)
2025-06-20 18:38:14,754 [3cab457f-cc31-40cf-a0db-ee4cad3622f9-groupManagement] INFO  server.RaftServerConfigKeys (ConfUtils.java:logGet(46)) - raft.server.snapshot.retention.file.num = 5 (custom)
2025-06-20 18:38:14,754 [3cab457f-cc31-40cf-a0db-ee4cad3622f9-groupManagement] INFO  server.RaftServerConfigKeys (ConfUtils.java:logGet(46)) - raft.server.log.purge.upto.snapshot.index = false (default)
2025-06-20 18:38:14,755 [3cab457f-cc31-40cf-a0db-ee4cad3622f9-groupManagement] INFO  server.RaftServer$Division (RaftServerImpl.java:start(405)) - 3cab457f-cc31-40cf-a0db-ee4cad3622f9@group-5302AD8A22C1: Successfully started.
2025-06-20 18:38:14,756 [3cab457f-cc31-40cf-a0db-ee4cad3622f9-PipelineCommandHandlerThread-0] INFO  ratis.XceiverServerRatis (XceiverServerRatis.java:addGroup(843)) - Created group Pipeline-8086a8cf-9933-4fe5-b45d-5302ad8a22c1
2025-06-20 18:38:14,763 [grpc-default-executor-0] INFO  server.RaftServer (RaftServerProxy.java:addNew(100)) - abc7d4c8-1db0-40e6-92af-439d9e6bec86: addNew group-5302AD8A22C1:[abc7d4c8-1db0-40e6-92af-439d9e6bec86|127.0.0.1:15047, c4b831bc-9c29-451c-b376-cfce513d7e6a|127.0.0.1:15023, 3cab457f-cc31-40cf-a0db-ee4cad3622f9|127.0.0.1:15015] returns group-5302AD8A22C1:java.util.concurrent.CompletableFuture@245064a4[Not completed]
2025-06-20 18:38:14,765 [abc7d4c8-1db0-40e6-92af-439d9e6bec86-groupManagement] WARN  statemachine.DatanodeConfiguration (DatanodeConfiguration.java:validateMinFreeSpace(689)) - hdds.datanode.volume.min.free.space.percent = -1.0 is invalid, should be between 0 and 1
2025-06-20 18:38:14,766 [abc7d4c8-1db0-40e6-92af-439d9e6bec86-groupManagement] INFO  server.RaftServer$Division (RaftServerImpl.java:<init>(255)) - abc7d4c8-1db0-40e6-92af-439d9e6bec86: new RaftServerImpl for group-5302AD8A22C1:[abc7d4c8-1db0-40e6-92af-439d9e6bec86|127.0.0.1:15047, c4b831bc-9c29-451c-b376-cfce513d7e6a|127.0.0.1:15023, 3cab457f-cc31-40cf-a0db-ee4cad3622f9|127.0.0.1:15015] with ContainerStateMachine:uninitialized
2025-06-20 18:38:14,766 [abc7d4c8-1db0-40e6-92af-439d9e6bec86-groupManagement] INFO  server.RaftServerConfigKeys (ConfUtils.java:logGet(46)) - raft.server.rpc.timeout.min = 5s (custom)
2025-06-20 18:38:14,767 [abc7d4c8-1db0-40e6-92af-439d9e6bec86-groupManagement] INFO  server.RaftServerConfigKeys (ConfUtils.java:logGet(46)) - raft.server.rpc.timeout.max = 5200ms (custom)
2025-06-20 18:38:14,767 [abc7d4c8-1db0-40e6-92af-439d9e6bec86-groupManagement] INFO  server.RaftServerConfigKeys (ConfUtils.java:logGet(46)) - raft.server.rpc.sleep.time = 25ms (default)
2025-06-20 18:38:14,767 [abc7d4c8-1db0-40e6-92af-439d9e6bec86-groupManagement] INFO  server.RaftServerConfigKeys (ConfUtils.java:logGet(46)) - raft.server.rpc.slowness.timeout = 300000ms (custom)
2025-06-20 18:38:14,768 [abc7d4c8-1db0-40e6-92af-439d9e6bec86-groupManagement] INFO  server.RaftServerConfigKeys (ConfUtils.java:logGet(46)) - raft.server.leaderelection.leader.step-down.wait-time = 10s (default)
2025-06-20 18:38:14,768 [abc7d4c8-1db0-40e6-92af-439d9e6bec86-groupManagement] INFO  server.RaftServerConfigKeys (ConfUtils.java:logGet(46)) - raft.server.leaderelection.member.majority-add = false (default)
2025-06-20 18:38:14,768 [abc7d4c8-1db0-40e6-92af-439d9e6bec86-groupManagement] INFO  server.RaftServerConfigKeys (ConfUtils.java:logGet(46)) - raft.server.sleep.deviation.threshold = 300ms (default)
2025-06-20 18:38:14,768 [abc7d4c8-1db0-40e6-92af-439d9e6bec86-groupManagement] INFO  server.RaftServer$Division (ServerState.java:<init>(114)) - abc7d4c8-1db0-40e6-92af-439d9e6bec86@group-5302AD8A22C1: ConfigurationManager, init=conf: {index: -1, cur=peers:[abc7d4c8-1db0-40e6-92af-439d9e6bec86|127.0.0.1:15047, c4b831bc-9c29-451c-b376-cfce513d7e6a|127.0.0.1:15023, 3cab457f-cc31-40cf-a0db-ee4cad3622f9|127.0.0.1:15015]|listeners:[], old=null}, confs=<EMPTY_MAP>
2025-06-20 18:38:14,769 [abc7d4c8-1db0-40e6-92af-439d9e6bec86-groupManagement] INFO  server.RaftServerConfigKeys (ConfUtils.java:logGet(46)) - raft.server.notification.no-leader.timeout = 300000ms (custom)
2025-06-20 18:38:14,769 [abc7d4c8-1db0-40e6-92af-439d9e6bec86-groupManagement] INFO  server.RaftServerConfigKeys (ConfUtils.java:logGet(46)) - raft.server.read.timeout = 10s (default)
2025-06-20 18:38:14,769 [abc7d4c8-1db0-40e6-92af-439d9e6bec86-groupManagement] INFO  server.RaftServerConfigKeys (ConfUtils.java:logGet(46)) - raft.server.retrycache.expirytime = 600000ms (custom)
2025-06-20 18:38:14,770 [abc7d4c8-1db0-40e6-92af-439d9e6bec86-groupManagement] INFO  server.RaftServerConfigKeys (ConfUtils.java:logGet(46)) - raft.server.retrycache.statistics.expirytime = 100ms (default)
2025-06-20 18:38:14,771 [abc7d4c8-1db0-40e6-92af-439d9e6bec86-groupManagement] INFO  server.RaftServerConfigKeys (ConfUtils.java:logGet(46)) - raft.server.read.option = DEFAULT (default)
2025-06-20 18:38:14,771 [abc7d4c8-1db0-40e6-92af-439d9e6bec86-groupManagement] INFO  server.RaftServerConfigKeys (ConfUtils.java:logGet(46)) - raft.server.read.read-after-write-consistent.write-index-cache.expiry-time = 60s (default)
2025-06-20 18:38:14,780 [abc7d4c8-1db0-40e6-92af-439d9e6bec86-groupManagement] INFO  server.RaftServerConfigKeys (ConfUtils.java:logGet(46)) - raft.server.rpc.request.timeout = 3000ms (default)
2025-06-20 18:38:14,781 [abc7d4c8-1db0-40e6-92af-439d9e6bec86-groupManagement] INFO  server.RaftServerConfigKeys (ConfUtils.java:logGet(46)) - raft.server.log.appender.install.snapshot.enabled = false (custom)
2025-06-20 18:38:14,781 [abc7d4c8-1db0-40e6-92af-439d9e6bec86-groupManagement] INFO  server.RaftServerConfigKeys (ConfUtils.java:logGet(46)) - raft.server.threadpool.server.cached = true (default)
2025-06-20 18:38:14,781 [abc7d4c8-1db0-40e6-92af-439d9e6bec86-groupManagement] INFO  server.RaftServerConfigKeys (ConfUtils.java:logGet(46)) - raft.server.threadpool.server.size = 0 (default)
2025-06-20 18:38:14,781 [abc7d4c8-1db0-40e6-92af-439d9e6bec86-groupManagement] INFO  server.RaftServerConfigKeys (ConfUtils.java:logGet(46)) - raft.server.threadpool.client.cached = true (default)
2025-06-20 18:38:14,781 [abc7d4c8-1db0-40e6-92af-439d9e6bec86-groupManagement] INFO  server.RaftServerConfigKeys (ConfUtils.java:logGet(46)) - raft.server.threadpool.client.size = 0 (default)
2025-06-20 18:38:14,781 [abc7d4c8-1db0-40e6-92af-439d9e6bec86-groupManagement] INFO  server.RaftServerConfigKeys (ConfUtils.java:logGet(46)) - raft.server.storage.free-space.min = 0MB (=0) (default)
2025-06-20 18:38:14,781 [abc7d4c8-1db0-40e6-92af-439d9e6bec86-groupManagement] INFO  server.RaftServerConfigKeys (ConfUtils.java:logGet(46)) - raft.server.log.corruption.policy = EXCEPTION (default)
2025-06-20 18:38:14,782 [abc7d4c8-1db0-40e6-92af-439d9e6bec86-groupManagement] INFO  server.RaftServerConfigKeys (ConfUtils.java:logGet(46)) - raft.server.storage.dir = [/home/runner/work/ozone/ozone/hadoop-ozone/integration-test/target/test-dir/MiniOzoneClusterImpl-91634b24-6a44-479b-9678-da9570c0d1c0/ozone-meta/datanode-5/ratis] (custom)
2025-06-20 18:38:14,782 [abc7d4c8-1db0-40e6-92af-439d9e6bec86-groupManagement] INFO  storage.RaftStorageDirectory (RaftStorageDirectoryImpl.java:analyzeStorage(138)) - The storage directory /home/runner/work/ozone/ozone/hadoop-ozone/integration-test/target/test-dir/MiniOzoneClusterImpl-91634b24-6a44-479b-9678-da9570c0d1c0/ozone-meta/datanode-5/ratis/8086a8cf-9933-4fe5-b45d-5302ad8a22c1 does not exist. Creating ...
2025-06-20 18:38:14,787 [abc7d4c8-1db0-40e6-92af-439d9e6bec86-groupManagement] INFO  storage.RaftStorageDirectory (RaftStorageDirectoryImpl.java:tryLock(229)) - Lock on /home/runner/work/ozone/ozone/hadoop-ozone/integration-test/target/test-dir/MiniOzoneClusterImpl-91634b24-6a44-479b-9678-da9570c0d1c0/ozone-meta/datanode-5/ratis/8086a8cf-9933-4fe5-b45d-5302ad8a22c1/in_use.lock acquired by nodename 91313@localhost
2025-06-20 18:38:14,788 [abc7d4c8-1db0-40e6-92af-439d9e6bec86-groupManagement] INFO  storage.RaftStorage (RaftStorageImpl.java:format(98)) - Storage directory /home/runner/work/ozone/ozone/hadoop-ozone/integration-test/target/test-dir/MiniOzoneClusterImpl-91634b24-6a44-479b-9678-da9570c0d1c0/ozone-meta/datanode-5/ratis/8086a8cf-9933-4fe5-b45d-5302ad8a22c1 has been successfully formatted.
2025-06-20 18:38:14,790 [abc7d4c8-1db0-40e6-92af-439d9e6bec86-groupManagement] INFO  ratis.ContainerStateMachine (ContainerStateMachine.java:initialize(339)) - abc7d4c8-1db0-40e6-92af-439d9e6bec86: initialize group-5302AD8A22C1
2025-06-20 18:38:14,790 [abc7d4c8-1db0-40e6-92af-439d9e6bec86-groupManagement] INFO  ratis.ContainerStateMachine (ContainerStateMachine.java:loadSnapshot(347)) - group-5302AD8A22C1: The snapshot info is null. Setting the last applied index to:(t:0, i:~)
2025-06-20 18:38:14,790 [abc7d4c8-1db0-40e6-92af-439d9e6bec86-groupManagement] INFO  server.RaftServerConfigKeys (ConfUtils.java:logGet(46)) - raft.server.log.use.memory = false (default)
2025-06-20 18:38:14,790 [abc7d4c8-1db0-40e6-92af-439d9e6bec86-groupManagement] INFO  server.RaftServerConfigKeys (ConfUtils.java:logGet(46)) - raft.server.log.purge.gap = 1000000 (custom)
2025-06-20 18:38:14,790 [abc7d4c8-1db0-40e6-92af-439d9e6bec86-groupManagement] INFO  server.RaftServerConfigKeys (ConfUtils.java:logGet(46)) - raft.server.log.appender.buffer.byte-limit = 33554432 (custom)
2025-06-20 18:38:14,790 [abc7d4c8-1db0-40e6-92af-439d9e6bec86-groupManagement] INFO  server.RaftServerConfigKeys (ConfUtils.java:logGet(46)) - raft.server.log.statemachine.data.read.timeout = 1000ms (default)
2025-06-20 18:38:14,790 [abc7d4c8-1db0-40e6-92af-439d9e6bec86-groupManagement] INFO  server.RaftServerConfigKeys (ConfUtils.java:logGet(46)) - raft.server.log.purge.preservation.log.num = 0 (default)
2025-06-20 18:38:14,795 [abc7d4c8-1db0-40e6-92af-439d9e6bec86-groupManagement] INFO  server.RaftServerConfigKeys (ConfUtils.java:logGet(46)) - raft.server.log.segment.size.max = 67108864 (custom)
2025-06-20 18:38:14,795 [abc7d4c8-1db0-40e6-92af-439d9e6bec86-groupManagement] INFO  server.RaftServerConfigKeys (ConfUtils.java:logGet(46)) - raft.server.log.segment.cache.num.max = 2 (custom)
2025-06-20 18:38:14,795 [abc7d4c8-1db0-40e6-92af-439d9e6bec86-groupManagement] INFO  server.RaftServerConfigKeys (ConfUtils.java:logGet(46)) - raft.server.log.segment.cache.size.max = 200MB (=209715200) (default)
2025-06-20 18:38:14,795 [abc7d4c8-1db0-40e6-92af-439d9e6bec86-groupManagement] INFO  server.RaftServerConfigKeys (ConfUtils.java:logGet(46)) - raft.server.log.appender.buffer.byte-limit = 33554432 (custom)
2025-06-20 18:38:14,797 [abc7d4c8-1db0-40e6-92af-439d9e6bec86-groupManagement] INFO  util.AwaitToRun (AwaitToRun.java:start(81)) - Thread[#2186,abc7d4c8-1db0-40e6-92af-439d9e6bec86@group-5302AD8A22C1-cacheEviction-AwaitToRun,5,main] started
2025-06-20 18:38:14,797 [abc7d4c8-1db0-40e6-92af-439d9e6bec86-groupManagement] INFO  segmented.SegmentedRaftLogWorker (SegmentedRaftLogWorker.java:<init>(188)) - new abc7d4c8-1db0-40e6-92af-439d9e6bec86@group-5302AD8A22C1-SegmentedRaftLogWorker for RaftStorageImpl:Storage Directory /home/runner/work/ozone/ozone/hadoop-ozone/integration-test/target/test-dir/MiniOzoneClusterImpl-91634b24-6a44-479b-9678-da9570c0d1c0/ozone-meta/datanode-5/ratis/8086a8cf-9933-4fe5-b45d-5302ad8a22c1
2025-06-20 18:38:14,797 [abc7d4c8-1db0-40e6-92af-439d9e6bec86-groupManagement] INFO  server.RaftServerConfigKeys (ConfUtils.java:logGet(46)) - raft.server.log.queue.byte-limit = 4294967296 (custom)
2025-06-20 18:38:14,797 [abc7d4c8-1db0-40e6-92af-439d9e6bec86-groupManagement] INFO  server.RaftServerConfigKeys (ConfUtils.java:logGet(46)) - raft.server.log.queue.element-limit = 1024 (custom)
2025-06-20 18:38:14,797 [abc7d4c8-1db0-40e6-92af-439d9e6bec86-groupManagement] INFO  server.RaftServerConfigKeys (ConfUtils.java:logGet(46)) - raft.server.log.segment.size.max = 67108864 (custom)
2025-06-20 18:38:14,797 [abc7d4c8-1db0-40e6-92af-439d9e6bec86-groupManagement] INFO  server.RaftServerConfigKeys (ConfUtils.java:logGet(46)) - raft.server.log.preallocated.size = 4194304 (custom)
2025-06-20 18:38:14,797 [abc7d4c8-1db0-40e6-92af-439d9e6bec86-groupManagement] INFO  server.RaftServerConfigKeys (ConfUtils.java:logGet(46)) - raft.server.log.force.sync.num = 128 (default)
2025-06-20 18:38:14,797 [abc7d4c8-1db0-40e6-92af-439d9e6bec86-groupManagement] INFO  server.RaftServerConfigKeys (ConfUtils.java:logGet(46)) - raft.server.log.statemachine.data.sync = true (default)
2025-06-20 18:38:14,797 [abc7d4c8-1db0-40e6-92af-439d9e6bec86-groupManagement] INFO  server.RaftServerConfigKeys (ConfUtils.java:logGet(46)) - raft.server.log.statemachine.data.sync.timeout = 10s (default)
2025-06-20 18:38:14,797 [abc7d4c8-1db0-40e6-92af-439d9e6bec86-groupManagement] INFO  server.RaftServerConfigKeys (ConfUtils.java:logGet(46)) - raft.server.log.statemachine.data.sync.timeout.retry = 30 (custom)
2025-06-20 18:38:14,798 [abc7d4c8-1db0-40e6-92af-439d9e6bec86-groupManagement] INFO  server.RaftServerConfigKeys (ConfUtils.java:logGet(46)) - raft.server.log.write.buffer.size = 33554440 (custom)
2025-06-20 18:38:14,805 [abc7d4c8-1db0-40e6-92af-439d9e6bec86-groupManagement] INFO  server.RaftServerConfigKeys (ConfUtils.java:logGet(46)) - raft.server.log.appender.buffer.byte-limit = 33554432 (custom)
2025-06-20 18:38:14,805 [abc7d4c8-1db0-40e6-92af-439d9e6bec86-groupManagement] INFO  server.RaftServerConfigKeys (ConfUtils.java:logGet(46)) - raft.server.log.unsafe-flush.enabled = false (default)
2025-06-20 18:38:14,806 [abc7d4c8-1db0-40e6-92af-439d9e6bec86-groupManagement] INFO  server.RaftServerConfigKeys (ConfUtils.java:logGet(46)) - raft.server.log.async-flush.enabled = false (default)
2025-06-20 18:38:14,806 [abc7d4c8-1db0-40e6-92af-439d9e6bec86-groupManagement] INFO  server.RaftServerConfigKeys (ConfUtils.java:logGet(46)) - raft.server.log.statemachine.data.caching.enabled = true (custom)
2025-06-20 18:38:14,807 [abc7d4c8-1db0-40e6-92af-439d9e6bec86-groupManagement] INFO  segmented.SegmentedRaftLogWorker (SegmentedRaftLogWorker.java:lambda$new$0(139)) - abc7d4c8-1db0-40e6-92af-439d9e6bec86@group-5302AD8A22C1-SegmentedRaftLogWorker: flushIndex: setUnconditionally 0 -> -1
2025-06-20 18:38:14,807 [abc7d4c8-1db0-40e6-92af-439d9e6bec86-groupManagement] INFO  segmented.SegmentedRaftLogWorker (SegmentedRaftLogWorker.java:lambda$new$0(139)) - abc7d4c8-1db0-40e6-92af-439d9e6bec86@group-5302AD8A22C1-SegmentedRaftLogWorker: safeCacheEvictIndex: setUnconditionally 0 -> -1
2025-06-20 18:38:14,808 [abc7d4c8-1db0-40e6-92af-439d9e6bec86-groupManagement] INFO  server.RaftServer$Division (RaftServerImpl.java:start(391)) - abc7d4c8-1db0-40e6-92af-439d9e6bec86@group-5302AD8A22C1: start as a follower, conf=conf: {index: -1, cur=peers:[abc7d4c8-1db0-40e6-92af-439d9e6bec86|127.0.0.1:15047, c4b831bc-9c29-451c-b376-cfce513d7e6a|127.0.0.1:15023, 3cab457f-cc31-40cf-a0db-ee4cad3622f9|127.0.0.1:15015]|listeners:[], old=null}
2025-06-20 18:38:14,808 [abc7d4c8-1db0-40e6-92af-439d9e6bec86-groupManagement] INFO  server.RaftServer$Division (RaftServerImpl.java:setRole(378)) - abc7d4c8-1db0-40e6-92af-439d9e6bec86@group-5302AD8A22C1: changes role from      null to FOLLOWER at term 0 for startAsFollower
2025-06-20 18:38:14,809 [abc7d4c8-1db0-40e6-92af-439d9e6bec86-groupManagement] INFO  impl.RoleInfo (RoleInfo.java:updateAndGet(148)) - abc7d4c8-1db0-40e6-92af-439d9e6bec86: start abc7d4c8-1db0-40e6-92af-439d9e6bec86@group-5302AD8A22C1-FollowerState
2025-06-20 18:38:14,809 [abc7d4c8-1db0-40e6-92af-439d9e6bec86-groupManagement] INFO  util.JmxRegister (JmxRegister.java:tryRegister(44)) - Successfully registered JMX Bean with object name Ratis:service=RaftServer,group=group-5302AD8A22C1,id=abc7d4c8-1db0-40e6-92af-439d9e6bec86
2025-06-20 18:38:14,810 [abc7d4c8-1db0-40e6-92af-439d9e6bec86@group-5302AD8A22C1-FollowerState] INFO  server.RaftServerConfigKeys (ConfUtils.java:logGet(46)) - raft.server.rpc.first-election.timeout.min = 1000ms (custom)
2025-06-20 18:38:14,810 [abc7d4c8-1db0-40e6-92af-439d9e6bec86-groupManagement] INFO  util.JmxRegister (JmxRegister.java:register(58)) - register mxBean class org.apache.ratis.server.impl.RaftServerJmxAdapter as Ratis:service=RaftServer,group=group-5302AD8A22C1,id=abc7d4c8-1db0-40e6-92af-439d9e6bec86
2025-06-20 18:38:14,810 [abc7d4c8-1db0-40e6-92af-439d9e6bec86-groupManagement] INFO  server.RaftServerConfigKeys (ConfUtils.java:logGet(46)) - raft.server.snapshot.trigger-when-stop.enabled = true (default)
2025-06-20 18:38:14,811 [abc7d4c8-1db0-40e6-92af-439d9e6bec86-groupManagement] INFO  server.RaftServerConfigKeys (ConfUtils.java:logGet(46)) - raft.server.snapshot.trigger-when-remove.enabled = true (default)
2025-06-20 18:38:14,811 [abc7d4c8-1db0-40e6-92af-439d9e6bec86-groupManagement] INFO  server.RaftServerConfigKeys (ConfUtils.java:logGet(46)) - raft.server.snapshot.auto.trigger.enabled = true (custom)
2025-06-20 18:38:14,811 [abc7d4c8-1db0-40e6-92af-439d9e6bec86-groupManagement] INFO  server.RaftServerConfigKeys (ConfUtils.java:logGet(46)) - raft.server.snapshot.auto.trigger.threshold = 100000 (custom)
2025-06-20 18:38:14,811 [abc7d4c8-1db0-40e6-92af-439d9e6bec86-groupManagement] INFO  server.RaftServerConfigKeys (ConfUtils.java:logGet(46)) - raft.server.snapshot.retention.file.num = 5 (custom)
2025-06-20 18:38:14,811 [abc7d4c8-1db0-40e6-92af-439d9e6bec86-groupManagement] INFO  server.RaftServerConfigKeys (ConfUtils.java:logGet(46)) - raft.server.log.purge.upto.snapshot.index = false (default)
2025-06-20 18:38:14,810 [abc7d4c8-1db0-40e6-92af-439d9e6bec86@group-5302AD8A22C1-FollowerState] INFO  server.RaftServerConfigKeys (ConfUtils.java:logGet(46)) - raft.server.rpc.first-election.timeout.max = 1200ms (custom)
2025-06-20 18:38:14,813 [abc7d4c8-1db0-40e6-92af-439d9e6bec86-groupManagement] INFO  server.RaftServer$Division (RaftServerImpl.java:start(405)) - abc7d4c8-1db0-40e6-92af-439d9e6bec86@group-5302AD8A22C1: Successfully started.
2025-06-20 18:38:14,822 [grpc-default-executor-0] INFO  server.RaftServer (RaftServerProxy.java:addNew(100)) - c4b831bc-9c29-451c-b376-cfce513d7e6a: addNew group-5302AD8A22C1:[abc7d4c8-1db0-40e6-92af-439d9e6bec86|127.0.0.1:15047, c4b831bc-9c29-451c-b376-cfce513d7e6a|127.0.0.1:15023, 3cab457f-cc31-40cf-a0db-ee4cad3622f9|127.0.0.1:15015] returns group-5302AD8A22C1:java.util.concurrent.CompletableFuture@7059a4fb[Not completed]
2025-06-20 18:38:14,825 [c4b831bc-9c29-451c-b376-cfce513d7e6a-groupManagement] WARN  statemachine.DatanodeConfiguration (DatanodeConfiguration.java:validateMinFreeSpace(689)) - hdds.datanode.volume.min.free.space.percent = -1.0 is invalid, should be between 0 and 1
2025-06-20 18:38:14,826 [c4b831bc-9c29-451c-b376-cfce513d7e6a-groupManagement] INFO  server.RaftServer$Division (RaftServerImpl.java:<init>(255)) - c4b831bc-9c29-451c-b376-cfce513d7e6a: new RaftServerImpl for group-5302AD8A22C1:[abc7d4c8-1db0-40e6-92af-439d9e6bec86|127.0.0.1:15047, c4b831bc-9c29-451c-b376-cfce513d7e6a|127.0.0.1:15023, 3cab457f-cc31-40cf-a0db-ee4cad3622f9|127.0.0.1:15015] with ContainerStateMachine:uninitialized
2025-06-20 18:38:14,826 [c4b831bc-9c29-451c-b376-cfce513d7e6a-groupManagement] INFO  server.RaftServerConfigKeys (ConfUtils.java:logGet(46)) - raft.server.rpc.timeout.min = 5s (custom)
2025-06-20 18:38:14,826 [c4b831bc-9c29-451c-b376-cfce513d7e6a-groupManagement] INFO  server.RaftServerConfigKeys (ConfUtils.java:logGet(46)) - raft.server.rpc.timeout.max = 5200ms (custom)
2025-06-20 18:38:14,827 [c4b831bc-9c29-451c-b376-cfce513d7e6a-groupManagement] INFO  server.RaftServerConfigKeys (ConfUtils.java:logGet(46)) - raft.server.rpc.sleep.time = 25ms (default)
2025-06-20 18:38:14,827 [c4b831bc-9c29-451c-b376-cfce513d7e6a-groupManagement] INFO  server.RaftServerConfigKeys (ConfUtils.java:logGet(46)) - raft.server.rpc.slowness.timeout = 300000ms (custom)
2025-06-20 18:38:14,827 [c4b831bc-9c29-451c-b376-cfce513d7e6a-groupManagement] INFO  server.RaftServerConfigKeys (ConfUtils.java:logGet(46)) - raft.server.leaderelection.leader.step-down.wait-time = 10s (default)
2025-06-20 18:38:14,827 [c4b831bc-9c29-451c-b376-cfce513d7e6a-groupManagement] INFO  server.RaftServerConfigKeys (ConfUtils.java:logGet(46)) - raft.server.leaderelection.member.majority-add = false (default)
2025-06-20 18:38:14,827 [c4b831bc-9c29-451c-b376-cfce513d7e6a-groupManagement] INFO  server.RaftServerConfigKeys (ConfUtils.java:logGet(46)) - raft.server.sleep.deviation.threshold = 300ms (default)
2025-06-20 18:38:14,827 [c4b831bc-9c29-451c-b376-cfce513d7e6a-groupManagement] INFO  server.RaftServer$Division (ServerState.java:<init>(114)) - c4b831bc-9c29-451c-b376-cfce513d7e6a@group-5302AD8A22C1: ConfigurationManager, init=conf: {index: -1, cur=peers:[abc7d4c8-1db0-40e6-92af-439d9e6bec86|127.0.0.1:15047, c4b831bc-9c29-451c-b376-cfce513d7e6a|127.0.0.1:15023, 3cab457f-cc31-40cf-a0db-ee4cad3622f9|127.0.0.1:15015]|listeners:[], old=null}, confs=<EMPTY_MAP>
2025-06-20 18:38:14,828 [c4b831bc-9c29-451c-b376-cfce513d7e6a-groupManagement] INFO  server.RaftServerConfigKeys (ConfUtils.java:logGet(46)) - raft.server.notification.no-leader.timeout = 300000ms (custom)
2025-06-20 18:38:14,828 [c4b831bc-9c29-451c-b376-cfce513d7e6a-groupManagement] INFO  server.RaftServerConfigKeys (ConfUtils.java:logGet(46)) - raft.server.read.timeout = 10s (default)
2025-06-20 18:38:14,828 [c4b831bc-9c29-451c-b376-cfce513d7e6a-groupManagement] INFO  server.RaftServerConfigKeys (ConfUtils.java:logGet(46)) - raft.server.retrycache.expirytime = 600000ms (custom)
2025-06-20 18:38:14,828 [c4b831bc-9c29-451c-b376-cfce513d7e6a-groupManagement] INFO  server.RaftServerConfigKeys (ConfUtils.java:logGet(46)) - raft.server.retrycache.statistics.expirytime = 100ms (default)
2025-06-20 18:38:14,828 [c4b831bc-9c29-451c-b376-cfce513d7e6a-groupManagement] INFO  server.RaftServerConfigKeys (ConfUtils.java:logGet(46)) - raft.server.read.option = DEFAULT (default)
2025-06-20 18:38:14,828 [c4b831bc-9c29-451c-b376-cfce513d7e6a-groupManagement] INFO  server.RaftServerConfigKeys (ConfUtils.java:logGet(46)) - raft.server.read.read-after-write-consistent.write-index-cache.expiry-time = 60s (default)
2025-06-20 18:38:14,832 [c4b831bc-9c29-451c-b376-cfce513d7e6a-groupManagement] INFO  server.RaftServerConfigKeys (ConfUtils.java:logGet(46)) - raft.server.rpc.request.timeout = 3000ms (default)
2025-06-20 18:38:14,832 [c4b831bc-9c29-451c-b376-cfce513d7e6a-groupManagement] INFO  server.RaftServerConfigKeys (ConfUtils.java:logGet(46)) - raft.server.log.appender.install.snapshot.enabled = false (custom)
2025-06-20 18:38:14,832 [c4b831bc-9c29-451c-b376-cfce513d7e6a-groupManagement] INFO  server.RaftServerConfigKeys (ConfUtils.java:logGet(46)) - raft.server.threadpool.server.cached = true (default)
2025-06-20 18:38:14,832 [c4b831bc-9c29-451c-b376-cfce513d7e6a-groupManagement] INFO  server.RaftServerConfigKeys (ConfUtils.java:logGet(46)) - raft.server.threadpool.server.size = 0 (default)
2025-06-20 18:38:14,832 [c4b831bc-9c29-451c-b376-cfce513d7e6a-groupManagement] INFO  server.RaftServerConfigKeys (ConfUtils.java:logGet(46)) - raft.server.threadpool.client.cached = true (default)
2025-06-20 18:38:14,832 [c4b831bc-9c29-451c-b376-cfce513d7e6a-groupManagement] INFO  server.RaftServerConfigKeys (ConfUtils.java:logGet(46)) - raft.server.threadpool.client.size = 0 (default)
2025-06-20 18:38:14,832 [c4b831bc-9c29-451c-b376-cfce513d7e6a-groupManagement] INFO  server.RaftServerConfigKeys (ConfUtils.java:logGet(46)) - raft.server.storage.free-space.min = 0MB (=0) (default)
2025-06-20 18:38:14,832 [c4b831bc-9c29-451c-b376-cfce513d7e6a-groupManagement] INFO  server.RaftServerConfigKeys (ConfUtils.java:logGet(46)) - raft.server.log.corruption.policy = EXCEPTION (default)
2025-06-20 18:38:14,832 [c4b831bc-9c29-451c-b376-cfce513d7e6a-groupManagement] INFO  server.RaftServerConfigKeys (ConfUtils.java:logGet(46)) - raft.server.storage.dir = [/home/runner/work/ozone/ozone/hadoop-ozone/integration-test/target/test-dir/MiniOzoneClusterImpl-91634b24-6a44-479b-9678-da9570c0d1c0/ozone-meta/datanode-2/ratis] (custom)
2025-06-20 18:38:14,833 [c4b831bc-9c29-451c-b376-cfce513d7e6a-groupManagement] INFO  storage.RaftStorageDirectory (RaftStorageDirectoryImpl.java:analyzeStorage(138)) - The storage directory /home/runner/work/ozone/ozone/hadoop-ozone/integration-test/target/test-dir/MiniOzoneClusterImpl-91634b24-6a44-479b-9678-da9570c0d1c0/ozone-meta/datanode-2/ratis/8086a8cf-9933-4fe5-b45d-5302ad8a22c1 does not exist. Creating ...
2025-06-20 18:38:14,834 [c4b831bc-9c29-451c-b376-cfce513d7e6a-groupManagement] INFO  storage.RaftStorageDirectory (RaftStorageDirectoryImpl.java:tryLock(229)) - Lock on /home/runner/work/ozone/ozone/hadoop-ozone/integration-test/target/test-dir/MiniOzoneClusterImpl-91634b24-6a44-479b-9678-da9570c0d1c0/ozone-meta/datanode-2/ratis/8086a8cf-9933-4fe5-b45d-5302ad8a22c1/in_use.lock acquired by nodename 91313@localhost
2025-06-20 18:38:14,835 [c4b831bc-9c29-451c-b376-cfce513d7e6a-groupManagement] INFO  storage.RaftStorage (RaftStorageImpl.java:format(98)) - Storage directory /home/runner/work/ozone/ozone/hadoop-ozone/integration-test/target/test-dir/MiniOzoneClusterImpl-91634b24-6a44-479b-9678-da9570c0d1c0/ozone-meta/datanode-2/ratis/8086a8cf-9933-4fe5-b45d-5302ad8a22c1 has been successfully formatted.
2025-06-20 18:38:14,835 [c4b831bc-9c29-451c-b376-cfce513d7e6a-groupManagement] INFO  ratis.ContainerStateMachine (ContainerStateMachine.java:initialize(339)) - c4b831bc-9c29-451c-b376-cfce513d7e6a: initialize group-5302AD8A22C1
2025-06-20 18:38:14,836 [c4b831bc-9c29-451c-b376-cfce513d7e6a-groupManagement] INFO  ratis.ContainerStateMachine (ContainerStateMachine.java:loadSnapshot(347)) - group-5302AD8A22C1: The snapshot info is null. Setting the last applied index to:(t:0, i:~)
2025-06-20 18:38:14,836 [c4b831bc-9c29-451c-b376-cfce513d7e6a-groupManagement] INFO  server.RaftServerConfigKeys (ConfUtils.java:logGet(46)) - raft.server.log.use.memory = false (default)
2025-06-20 18:38:14,836 [c4b831bc-9c29-451c-b376-cfce513d7e6a-groupManagement] INFO  server.RaftServerConfigKeys (ConfUtils.java:logGet(46)) - raft.server.log.purge.gap = 1000000 (custom)
2025-06-20 18:38:14,836 [c4b831bc-9c29-451c-b376-cfce513d7e6a-groupManagement] INFO  server.RaftServerConfigKeys (ConfUtils.java:logGet(46)) - raft.server.log.appender.buffer.byte-limit = 33554432 (custom)
2025-06-20 18:38:14,836 [c4b831bc-9c29-451c-b376-cfce513d7e6a-groupManagement] INFO  server.RaftServerConfigKeys (ConfUtils.java:logGet(46)) - raft.server.log.statemachine.data.read.timeout = 1000ms (default)
2025-06-20 18:38:14,836 [c4b831bc-9c29-451c-b376-cfce513d7e6a-groupManagement] INFO  server.RaftServerConfigKeys (ConfUtils.java:logGet(46)) - raft.server.log.purge.preservation.log.num = 0 (default)
2025-06-20 18:38:14,839 [c4b831bc-9c29-451c-b376-cfce513d7e6a-groupManagement] INFO  server.RaftServerConfigKeys (ConfUtils.java:logGet(46)) - raft.server.log.segment.size.max = 67108864 (custom)
2025-06-20 18:38:14,840 [c4b831bc-9c29-451c-b376-cfce513d7e6a-groupManagement] INFO  server.RaftServerConfigKeys (ConfUtils.java:logGet(46)) - raft.server.log.segment.cache.num.max = 2 (custom)
2025-06-20 18:38:14,840 [c4b831bc-9c29-451c-b376-cfce513d7e6a-groupManagement] INFO  server.RaftServerConfigKeys (ConfUtils.java:logGet(46)) - raft.server.log.segment.cache.size.max = 200MB (=209715200) (default)
2025-06-20 18:38:14,841 [c4b831bc-9c29-451c-b376-cfce513d7e6a-groupManagement] INFO  server.RaftServerConfigKeys (ConfUtils.java:logGet(46)) - raft.server.log.appender.buffer.byte-limit = 33554432 (custom)
2025-06-20 18:38:14,841 [c4b831bc-9c29-451c-b376-cfce513d7e6a-groupManagement] INFO  util.AwaitToRun (AwaitToRun.java:start(81)) - Thread[#2193,c4b831bc-9c29-451c-b376-cfce513d7e6a@group-5302AD8A22C1-cacheEviction-AwaitToRun,5,main] started
2025-06-20 18:38:14,841 [c4b831bc-9c29-451c-b376-cfce513d7e6a-groupManagement] INFO  segmented.SegmentedRaftLogWorker (SegmentedRaftLogWorker.java:<init>(188)) - new c4b831bc-9c29-451c-b376-cfce513d7e6a@group-5302AD8A22C1-SegmentedRaftLogWorker for RaftStorageImpl:Storage Directory /home/runner/work/ozone/ozone/hadoop-ozone/integration-test/target/test-dir/MiniOzoneClusterImpl-91634b24-6a44-479b-9678-da9570c0d1c0/ozone-meta/datanode-2/ratis/8086a8cf-9933-4fe5-b45d-5302ad8a22c1
2025-06-20 18:38:14,841 [c4b831bc-9c29-451c-b376-cfce513d7e6a-groupManagement] INFO  server.RaftServerConfigKeys (ConfUtils.java:logGet(46)) - raft.server.log.queue.byte-limit = 4294967296 (custom)
2025-06-20 18:38:14,841 [c4b831bc-9c29-451c-b376-cfce513d7e6a-groupManagement] INFO  server.RaftServerConfigKeys (ConfUtils.java:logGet(46)) - raft.server.log.queue.element-limit = 1024 (custom)
2025-06-20 18:38:14,841 [c4b831bc-9c29-451c-b376-cfce513d7e6a-groupManagement] INFO  server.RaftServerConfigKeys (ConfUtils.java:logGet(46)) - raft.server.log.segment.size.max = 67108864 (custom)
2025-06-20 18:38:14,841 [c4b831bc-9c29-451c-b376-cfce513d7e6a-groupManagement] INFO  server.RaftServerConfigKeys (ConfUtils.java:logGet(46)) - raft.server.log.preallocated.size = 4194304 (custom)
2025-06-20 18:38:14,841 [c4b831bc-9c29-451c-b376-cfce513d7e6a-groupManagement] INFO  server.RaftServerConfigKeys (ConfUtils.java:logGet(46)) - raft.server.log.force.sync.num = 128 (default)
2025-06-20 18:38:14,842 [c4b831bc-9c29-451c-b376-cfce513d7e6a-groupManagement] INFO  server.RaftServerConfigKeys (ConfUtils.java:logGet(46)) - raft.server.log.statemachine.data.sync = true (default)
2025-06-20 18:38:14,842 [c4b831bc-9c29-451c-b376-cfce513d7e6a-groupManagement] INFO  server.RaftServerConfigKeys (ConfUtils.java:logGet(46)) - raft.server.log.statemachine.data.sync.timeout = 10s (default)
2025-06-20 18:38:14,842 [c4b831bc-9c29-451c-b376-cfce513d7e6a-groupManagement] INFO  server.RaftServerConfigKeys (ConfUtils.java:logGet(46)) - raft.server.log.statemachine.data.sync.timeout.retry = 30 (custom)
2025-06-20 18:38:14,843 [c4b831bc-9c29-451c-b376-cfce513d7e6a-groupManagement] INFO  server.RaftServerConfigKeys (ConfUtils.java:logGet(46)) - raft.server.log.write.buffer.size = 33554440 (custom)
2025-06-20 18:38:14,848 [c4b831bc-9c29-451c-b376-cfce513d7e6a-groupManagement] INFO  server.RaftServerConfigKeys (ConfUtils.java:logGet(46)) - raft.server.log.appender.buffer.byte-limit = 33554432 (custom)
2025-06-20 18:38:14,848 [c4b831bc-9c29-451c-b376-cfce513d7e6a-groupManagement] INFO  server.RaftServerConfigKeys (ConfUtils.java:logGet(46)) - raft.server.log.unsafe-flush.enabled = false (default)
2025-06-20 18:38:14,848 [c4b831bc-9c29-451c-b376-cfce513d7e6a-groupManagement] INFO  server.RaftServerConfigKeys (ConfUtils.java:logGet(46)) - raft.server.log.async-flush.enabled = false (default)
2025-06-20 18:38:14,848 [c4b831bc-9c29-451c-b376-cfce513d7e6a-groupManagement] INFO  server.RaftServerConfigKeys (ConfUtils.java:logGet(46)) - raft.server.log.statemachine.data.caching.enabled = true (custom)
2025-06-20 18:38:14,848 [c4b831bc-9c29-451c-b376-cfce513d7e6a-groupManagement] INFO  segmented.SegmentedRaftLogWorker (SegmentedRaftLogWorker.java:lambda$new$0(139)) - c4b831bc-9c29-451c-b376-cfce513d7e6a@group-5302AD8A22C1-SegmentedRaftLogWorker: flushIndex: setUnconditionally 0 -> -1
2025-06-20 18:38:14,848 [c4b831bc-9c29-451c-b376-cfce513d7e6a-groupManagement] INFO  segmented.SegmentedRaftLogWorker (SegmentedRaftLogWorker.java:lambda$new$0(139)) - c4b831bc-9c29-451c-b376-cfce513d7e6a@group-5302AD8A22C1-SegmentedRaftLogWorker: safeCacheEvictIndex: setUnconditionally 0 -> -1
2025-06-20 18:38:14,850 [c4b831bc-9c29-451c-b376-cfce513d7e6a-groupManagement] INFO  server.RaftServer$Division (RaftServerImpl.java:start(391)) - c4b831bc-9c29-451c-b376-cfce513d7e6a@group-5302AD8A22C1: start as a follower, conf=conf: {index: -1, cur=peers:[abc7d4c8-1db0-40e6-92af-439d9e6bec86|127.0.0.1:15047, c4b831bc-9c29-451c-b376-cfce513d7e6a|127.0.0.1:15023, 3cab457f-cc31-40cf-a0db-ee4cad3622f9|127.0.0.1:15015]|listeners:[], old=null}
2025-06-20 18:38:14,850 [c4b831bc-9c29-451c-b376-cfce513d7e6a-groupManagement] INFO  server.RaftServer$Division (RaftServerImpl.java:setRole(378)) - c4b831bc-9c29-451c-b376-cfce513d7e6a@group-5302AD8A22C1: changes role from      null to FOLLOWER at term 0 for startAsFollower
2025-06-20 18:38:14,850 [c4b831bc-9c29-451c-b376-cfce513d7e6a-groupManagement] INFO  impl.RoleInfo (RoleInfo.java:updateAndGet(148)) - c4b831bc-9c29-451c-b376-cfce513d7e6a: start c4b831bc-9c29-451c-b376-cfce513d7e6a@group-5302AD8A22C1-FollowerState
2025-06-20 18:38:14,850 [c4b831bc-9c29-451c-b376-cfce513d7e6a-groupManagement] INFO  util.JmxRegister (JmxRegister.java:tryRegister(44)) - Successfully registered JMX Bean with object name Ratis:service=RaftServer,group=group-5302AD8A22C1,id=c4b831bc-9c29-451c-b376-cfce513d7e6a
2025-06-20 18:38:14,850 [c4b831bc-9c29-451c-b376-cfce513d7e6a-groupManagement] INFO  util.JmxRegister (JmxRegister.java:register(58)) - register mxBean class org.apache.ratis.server.impl.RaftServerJmxAdapter as Ratis:service=RaftServer,group=group-5302AD8A22C1,id=c4b831bc-9c29-451c-b376-cfce513d7e6a
2025-06-20 18:38:14,850 [c4b831bc-9c29-451c-b376-cfce513d7e6a-groupManagement] INFO  server.RaftServerConfigKeys (ConfUtils.java:logGet(46)) - raft.server.snapshot.trigger-when-stop.enabled = true (default)
2025-06-20 18:38:14,851 [c4b831bc-9c29-451c-b376-cfce513d7e6a-groupManagement] INFO  server.RaftServerConfigKeys (ConfUtils.java:logGet(46)) - raft.server.snapshot.trigger-when-remove.enabled = true (default)
2025-06-20 18:38:14,851 [c4b831bc-9c29-451c-b376-cfce513d7e6a-groupManagement] INFO  server.RaftServerConfigKeys (ConfUtils.java:logGet(46)) - raft.server.snapshot.auto.trigger.enabled = true (custom)
2025-06-20 18:38:14,851 [c4b831bc-9c29-451c-b376-cfce513d7e6a@group-5302AD8A22C1-FollowerState] INFO  server.RaftServerConfigKeys (ConfUtils.java:logGet(46)) - raft.server.rpc.first-election.timeout.min = 1000ms (custom)
2025-06-20 18:38:14,851 [c4b831bc-9c29-451c-b376-cfce513d7e6a@group-5302AD8A22C1-FollowerState] INFO  server.RaftServerConfigKeys (ConfUtils.java:logGet(46)) - raft.server.rpc.first-election.timeout.max = 1200ms (custom)
2025-06-20 18:38:14,851 [c4b831bc-9c29-451c-b376-cfce513d7e6a-groupManagement] INFO  server.RaftServerConfigKeys (ConfUtils.java:logGet(46)) - raft.server.snapshot.auto.trigger.threshold = 100000 (custom)
2025-06-20 18:38:14,851 [c4b831bc-9c29-451c-b376-cfce513d7e6a-groupManagement] INFO  server.RaftServerConfigKeys (ConfUtils.java:logGet(46)) - raft.server.snapshot.retention.file.num = 5 (custom)
2025-06-20 18:38:14,851 [c4b831bc-9c29-451c-b376-cfce513d7e6a-groupManagement] INFO  server.RaftServerConfigKeys (ConfUtils.java:logGet(46)) - raft.server.log.purge.upto.snapshot.index = false (default)
2025-06-20 18:38:14,852 [c4b831bc-9c29-451c-b376-cfce513d7e6a-groupManagement] INFO  server.RaftServer$Division (RaftServerImpl.java:start(405)) - c4b831bc-9c29-451c-b376-cfce513d7e6a@group-5302AD8A22C1: Successfully started.
2025-06-20 18:38:14,855 [3cab457f-cc31-40cf-a0db-ee4cad3622f9-PipelineCommandHandlerThread-0] INFO  commandhandler.CreatePipelineCommandHandler (CreatePipelineCommandHandler.java:lambda$handle$2(127)) - Created Pipeline RATIS THREE Pipeline-8086a8cf-9933-4fe5-b45d-5302ad8a22c1.
2025-06-20 18:38:15,223 [558bf82a-5633-4517-a5d7-94badcdd12f8-CloseContainerThread-1] ERROR commandhandler.CloseContainerCommandHandler (CloseContainerCommandHandler.java:lambda$handle$0(156)) - Can't close container #27
java.io.IOException: org.apache.ratis.protocol.exceptions.GroupMismatchException: 558bf82a-5633-4517-a5d7-94badcdd12f8: group-EA060A1EA1AB not found.
	at org.apache.hadoop.ozone.container.common.transport.server.ratis.XceiverServerRatis.submitRequest(XceiverServerRatis.java:674)
	at org.apache.hadoop.ozone.container.common.statemachine.commandhandler.CloseContainerCommandHandler.lambda$handle$0(CloseContainerCommandHandler.java:126)
	at java.base/java.util.concurrent.CompletableFuture$AsyncRun.run(CompletableFuture.java:1804)
	at java.base/java.util.concurrent.ThreadPoolExecutor.runWorker(ThreadPoolExecutor.java:1144)
	at java.base/java.util.concurrent.ThreadPoolExecutor$Worker.run(ThreadPoolExecutor.java:642)
	at java.base/java.lang.Thread.run(Thread.java:1583)
Caused by: java.util.concurrent.ExecutionException: org.apache.ratis.protocol.exceptions.GroupMismatchException: 558bf82a-5633-4517-a5d7-94badcdd12f8: group-EA060A1EA1AB not found.
	at java.base/java.util.concurrent.CompletableFuture.reportGet(CompletableFuture.java:396)
	at java.base/java.util.concurrent.CompletableFuture.get(CompletableFuture.java:2096)
	at org.apache.hadoop.ozone.container.common.transport.server.ratis.XceiverServerRatis.submitRequest(XceiverServerRatis.java:672)
	... 5 more
Caused by: org.apache.ratis.protocol.exceptions.GroupMismatchException: 558bf82a-5633-4517-a5d7-94badcdd12f8: group-EA060A1EA1AB not found.
	at org.apache.ratis.server.impl.RaftServerProxy$ImplMap.get(RaftServerProxy.java:155)
	at org.apache.ratis.server.impl.RaftServerProxy.getImplFuture(RaftServerProxy.java:365)
	at org.apache.ratis.server.impl.RaftServerProxy.submitClientRequestAsync(RaftServerProxy.java:449)
	at org.apache.hadoop.ozone.container.common.transport.server.ratis.XceiverServerRatis.submitRequest(XceiverServerRatis.java:671)
	... 5 more
2025-06-20 18:38:15,224 [558bf82a-5633-4517-a5d7-94badcdd12f8-CloseContainerThread-0] INFO  keyvalue.KeyValueContainer (KeyValueContainer.java:flushAndSyncDB(512)) - Synced container: KeyValueContainerData #4 (CLOSING, non-empty, ri=5, origin=[dn_558bf82a-5633-4517-a5d7-94badcdd12f8, pipeline_])
2025-06-20 18:38:15,228 [558bf82a-5633-4517-a5d7-94badcdd12f8-CloseContainerThread-0] INFO  keyvalue.KeyValueContainer (KeyValueContainer.java:flushAndSyncDB(512)) - Synced container: KeyValueContainerData #4 (CLOSING, non-empty, ri=5, origin=[dn_558bf82a-5633-4517-a5d7-94badcdd12f8, pipeline_])
2025-06-20 18:38:15,229 [558bf82a-5633-4517-a5d7-94badcdd12f8-ContainerOp-c963b7fb-816a-42d2-8c39-8bc0774bbc34-4] INFO  keyvalue.KeyValueContainer (KeyValueContainer.java:flushAndSyncDB(512)) - Synced container: KeyValueContainerData #15 (CLOSING, non-empty, ri=0, origin=[dn_558bf82a-5633-4517-a5d7-94badcdd12f8, pipeline_c963b7fb-816a-42d2-8c39-8bc0774bbc34])
2025-06-20 18:38:15,229 [558bf82a-5633-4517-a5d7-94badcdd12f8-ContainerOp-c963b7fb-816a-42d2-8c39-8bc0774bbc34-4] INFO  keyvalue.KeyValueContainer (KeyValueContainer.java:flushAndSyncDB(512)) - Synced container: KeyValueContainerData #15 (CLOSING, non-empty, ri=0, origin=[dn_558bf82a-5633-4517-a5d7-94badcdd12f8, pipeline_c963b7fb-816a-42d2-8c39-8bc0774bbc34])
2025-06-20 18:38:15,232 [558bf82a-5633-4517-a5d7-94badcdd12f8-CloseContainerThread-0] INFO  keyvalue.KeyValueContainer (KeyValueContainer.java:close(428)) - Closed container: KeyValueContainerData #4 (CLOSED, non-empty, ri=5, origin=[dn_558bf82a-5633-4517-a5d7-94badcdd12f8, pipeline_])
2025-06-20 18:38:15,233 [558bf82a-5633-4517-a5d7-94badcdd12f8-ContainerOp-c963b7fb-816a-42d2-8c39-8bc0774bbc34-5] INFO  keyvalue.KeyValueContainer (KeyValueContainer.java:flushAndSyncDB(512)) - Synced container: KeyValueContainerData #16 (CLOSING, non-empty, ri=0, origin=[dn_558bf82a-5633-4517-a5d7-94badcdd12f8, pipeline_c963b7fb-816a-42d2-8c39-8bc0774bbc34])
2025-06-20 18:38:15,233 [558bf82a-5633-4517-a5d7-94badcdd12f8-ContainerOp-c963b7fb-816a-42d2-8c39-8bc0774bbc34-5] INFO  keyvalue.KeyValueContainer (KeyValueContainer.java:flushAndSyncDB(512)) - Synced container: KeyValueContainerData #16 (CLOSING, non-empty, ri=0, origin=[dn_558bf82a-5633-4517-a5d7-94badcdd12f8, pipeline_c963b7fb-816a-42d2-8c39-8bc0774bbc34])
2025-06-20 18:38:15,233 [558bf82a-5633-4517-a5d7-94badcdd12f8-ContainerOp-c963b7fb-816a-42d2-8c39-8bc0774bbc34-4] INFO  keyvalue.KeyValueContainer (KeyValueContainer.java:close(428)) - Closed container: KeyValueContainerData #15 (CLOSED, non-empty, ri=0, origin=[dn_558bf82a-5633-4517-a5d7-94badcdd12f8, pipeline_c963b7fb-816a-42d2-8c39-8bc0774bbc34])
2025-06-20 18:38:15,233 [558bf82a-5633-4517-a5d7-94badcdd12f8-CloseContainerThread-0] INFO  commandhandler.CloseContainerCommandHandler (CloseContainerCommandHandler.java:lambda$handle$0(105)) - Container #30 does not exist in datanode. Its pipeline may have closed before it was created. Container close failed.
2025-06-20 18:38:15,234 [FixedThreadPoolWithAffinityExecutor-9-0] INFO  container.IncrementalContainerReportHandler (AbstractContainerReportHandler.java:updateContainerState(289)) - CLOSE Container #4 (CLOSING, sid=0) r5 (CLOSED, bcsid=0, origin=558bf82a-5633-4517-a5d7-94badcdd12f8, non-empty) from dn 558bf82a-5633-4517-a5d7-94badcdd12f8(localhost/127.0.0.1)
2025-06-20 18:38:15,235 [558bf82a-5633-4517-a5d7-94badcdd12f8-CloseContainerThread-0] INFO  commandhandler.CloseContainerCommandHandler (CloseContainerCommandHandler.java:lambda$handle$0(105)) - Container #31 does not exist in datanode. Its pipeline may have closed before it was created. Container close failed.
2025-06-20 18:38:15,235 [558bf82a-5633-4517-a5d7-94badcdd12f8-CloseContainerThread-0] INFO  commandhandler.CloseContainerCommandHandler (CloseContainerCommandHandler.java:lambda$handle$0(105)) - Container #32 does not exist in datanode. Its pipeline may have closed before it was created. Container close failed.
2025-06-20 18:38:15,235 [558bf82a-5633-4517-a5d7-94badcdd12f8-CloseContainerThread-0] INFO  commandhandler.CloseContainerCommandHandler (CloseContainerCommandHandler.java:lambda$handle$0(105)) - Container #33 does not exist in datanode. Its pipeline may have closed before it was created. Container close failed.
2025-06-20 18:38:15,237 [FixedThreadPoolWithAffinityExecutor-9-0] INFO  container.IncrementalContainerReportHandler (AbstractContainerReportHandler.java:updateContainerState(289)) - CLOSE Container #15 (CLOSING, sid=2) r0 (CLOSED, bcsid=2, origin=558bf82a-5633-4517-a5d7-94badcdd12f8, non-empty) from dn 558bf82a-5633-4517-a5d7-94badcdd12f8(localhost/127.0.0.1)
2025-06-20 18:38:15,239 [558bf82a-5633-4517-a5d7-94badcdd12f8-ContainerOp-c963b7fb-816a-42d2-8c39-8bc0774bbc34-5] INFO  keyvalue.KeyValueContainer (KeyValueContainer.java:close(428)) - Closed container: KeyValueContainerData #16 (CLOSED, non-empty, ri=0, origin=[dn_558bf82a-5633-4517-a5d7-94badcdd12f8, pipeline_c963b7fb-816a-42d2-8c39-8bc0774bbc34])
2025-06-20 18:38:15,241 [FixedThreadPoolWithAffinityExecutor-9-0] INFO  container.IncrementalContainerReportHandler (AbstractContainerReportHandler.java:updateContainerState(289)) - CLOSE Container #16 (CLOSING, sid=5) r0 (CLOSED, bcsid=5, origin=558bf82a-5633-4517-a5d7-94badcdd12f8, non-empty) from dn 558bf82a-5633-4517-a5d7-94badcdd12f8(localhost/127.0.0.1)
2025-06-20 18:38:15,362 [558bf82a-5633-4517-a5d7-94badcdd12f8-PipelineCommandHandlerThread-0] INFO  segmented.SegmentedRaftLogWorker (SegmentedRaftLogWorker.java:close(252)) - 558bf82a-5633-4517-a5d7-94badcdd12f8@group-EA060A1EA1AB-SegmentedRaftLogWorker close()
2025-06-20 18:38:15,363 [558bf82a-5633-4517-a5d7-94badcdd12f8-PipelineCommandHandlerThread-0] INFO  keyvalue.KeyValueContainer (KeyValueContainer.java:flushAndSyncDB(512)) - Synced container: KeyValueContainerData #27 (CLOSING, non-empty, ri=0, origin=[dn_558bf82a-5633-4517-a5d7-94badcdd12f8, pipeline_4b180ae0-a6c3-4a91-962b-ea060a1ea1ab])
2025-06-20 18:38:15,363 [558bf82a-5633-4517-a5d7-94badcdd12f8-PipelineCommandHandlerThread-0] INFO  keyvalue.KeyValueContainer (KeyValueContainer.java:flushAndSyncDB(512)) - Synced container: KeyValueContainerData #27 (CLOSING, non-empty, ri=0, origin=[dn_558bf82a-5633-4517-a5d7-94badcdd12f8, pipeline_4b180ae0-a6c3-4a91-962b-ea060a1ea1ab])
2025-06-20 18:38:15,368 [558bf82a-5633-4517-a5d7-94badcdd12f8-PipelineCommandHandlerThread-0] INFO  server.RaftServer$Division (RaftServerImpl.java:groupRemove(483)) - 558bf82a-5633-4517-a5d7-94badcdd12f8@group-EA060A1EA1AB: Succeed to remove RaftStorageDirectory Storage Directory /home/runner/work/ozone/ozone/hadoop-ozone/integration-test/target/test-dir/MiniOzoneClusterImpl-91634b24-6a44-479b-9678-da9570c0d1c0/ozone-meta/datanode-3/ratis/4b180ae0-a6c3-4a91-962b-ea060a1ea1ab
2025-06-20 18:38:15,368 [558bf82a-5633-4517-a5d7-94badcdd12f8-PipelineCommandHandlerThread-0] INFO  commandhandler.ClosePipelineCommandHandler (ClosePipelineCommandHandler.java:lambda$handle$2(142)) - Close Pipeline Pipeline-4b180ae0-a6c3-4a91-962b-ea060a1ea1ab command on datanode 558bf82a-5633-4517-a5d7-94badcdd12f8(localhost/127.0.0.1).
2025-06-20 18:38:15,375 [c4b831bc-9c29-451c-b376-cfce513d7e6a-CloseContainerThread-2] INFO  commandhandler.CloseContainerCommandHandler (CloseContainerCommandHandler.java:lambda$handle$0(105)) - Container #28 does not exist in datanode. Its pipeline may have closed before it was created. Container close failed.
2025-06-20 18:38:15,375 [c4b831bc-9c29-451c-b376-cfce513d7e6a-CloseContainerThread-2] INFO  commandhandler.CloseContainerCommandHandler (CloseContainerCommandHandler.java:lambda$handle$0(105)) - Container #31 does not exist in datanode. Its pipeline may have closed before it was created. Container close failed.
2025-06-20 18:38:15,375 [c4b831bc-9c29-451c-b376-cfce513d7e6a-CloseContainerThread-2] INFO  commandhandler.CloseContainerCommandHandler (CloseContainerCommandHandler.java:lambda$handle$0(105)) - Container #32 does not exist in datanode. Its pipeline may have closed before it was created. Container close failed.
2025-06-20 18:38:15,375 [c4b831bc-9c29-451c-b376-cfce513d7e6a-CloseContainerThread-2] INFO  commandhandler.CloseContainerCommandHandler (CloseContainerCommandHandler.java:lambda$handle$0(105)) - Container #33 does not exist in datanode. Its pipeline may have closed before it was created. Container close failed.
2025-06-20 18:38:15,375 [c4b831bc-9c29-451c-b376-cfce513d7e6a-CloseContainerThread-0] INFO  commandhandler.CloseContainerCommandHandler (CloseContainerCommandHandler.java:lambda$handle$0(105)) - Container #30 does not exist in datanode. Its pipeline may have closed before it was created. Container close failed.
2025-06-20 18:38:15,378 [c4b831bc-9c29-451c-b376-cfce513d7e6a-CloseContainerThread-1] INFO  keyvalue.KeyValueContainer (KeyValueContainer.java:flushAndSyncDB(512)) - Synced container: KeyValueContainerData #4 (CLOSING, non-empty, ri=1, origin=[dn_c4b831bc-9c29-451c-b376-cfce513d7e6a, pipeline_])
2025-06-20 18:38:15,379 [c4b831bc-9c29-451c-b376-cfce513d7e6a-CloseContainerThread-1] INFO  keyvalue.KeyValueContainer (KeyValueContainer.java:flushAndSyncDB(512)) - Synced container: KeyValueContainerData #4 (CLOSING, non-empty, ri=1, origin=[dn_c4b831bc-9c29-451c-b376-cfce513d7e6a, pipeline_])
2025-06-20 18:38:15,383 [c4b831bc-9c29-451c-b376-cfce513d7e6a-CloseContainerThread-1] INFO  keyvalue.KeyValueContainer (KeyValueContainer.java:close(428)) - Closed container: KeyValueContainerData #4 (CLOSED, non-empty, ri=1, origin=[dn_c4b831bc-9c29-451c-b376-cfce513d7e6a, pipeline_])
2025-06-20 18:38:15,755 [abc7d4c8-1db0-40e6-92af-439d9e6bec86-CloseContainerThread-1] INFO  keyvalue.KeyValueContainer (KeyValueContainer.java:flushAndSyncDB(512)) - Synced container: KeyValueContainerData #4 (CLOSING, non-empty, ri=2, origin=[dn_abc7d4c8-1db0-40e6-92af-439d9e6bec86, pipeline_])
2025-06-20 18:38:15,755 [abc7d4c8-1db0-40e6-92af-439d9e6bec86-CloseContainerThread-1] INFO  keyvalue.KeyValueContainer (KeyValueContainer.java:flushAndSyncDB(512)) - Synced container: KeyValueContainerData #4 (CLOSING, non-empty, ri=2, origin=[dn_abc7d4c8-1db0-40e6-92af-439d9e6bec86, pipeline_])
2025-06-20 18:38:15,757 [abc7d4c8-1db0-40e6-92af-439d9e6bec86-ContainerOp-c5933b05-6442-4a61-9b51-01f71cf8f198-6] INFO  keyvalue.KeyValueContainer (KeyValueContainer.java:flushAndSyncDB(512)) - Synced container: KeyValueContainerData #13 (CLOSING, non-empty, ri=0, origin=[dn_abc7d4c8-1db0-40e6-92af-439d9e6bec86, pipeline_c5933b05-6442-4a61-9b51-01f71cf8f198])
2025-06-20 18:38:15,757 [abc7d4c8-1db0-40e6-92af-439d9e6bec86-ContainerOp-c5933b05-6442-4a61-9b51-01f71cf8f198-6] INFO  keyvalue.KeyValueContainer (KeyValueContainer.java:flushAndSyncDB(512)) - Synced container: KeyValueContainerData #13 (CLOSING, non-empty, ri=0, origin=[dn_abc7d4c8-1db0-40e6-92af-439d9e6bec86, pipeline_c5933b05-6442-4a61-9b51-01f71cf8f198])
2025-06-20 18:38:15,759 [abc7d4c8-1db0-40e6-92af-439d9e6bec86-ContainerOp-c5933b05-6442-4a61-9b51-01f71cf8f198-7] INFO  keyvalue.KeyValueContainer (KeyValueContainer.java:flushAndSyncDB(512)) - Synced container: KeyValueContainerData #14 (CLOSING, non-empty, ri=0, origin=[dn_abc7d4c8-1db0-40e6-92af-439d9e6bec86, pipeline_c5933b05-6442-4a61-9b51-01f71cf8f198])
2025-06-20 18:38:15,759 [abc7d4c8-1db0-40e6-92af-439d9e6bec86-ContainerOp-c5933b05-6442-4a61-9b51-01f71cf8f198-7] INFO  keyvalue.KeyValueContainer (KeyValueContainer.java:flushAndSyncDB(512)) - Synced container: KeyValueContainerData #14 (CLOSING, non-empty, ri=0, origin=[dn_abc7d4c8-1db0-40e6-92af-439d9e6bec86, pipeline_c5933b05-6442-4a61-9b51-01f71cf8f198])
2025-06-20 18:38:15,759 [abc7d4c8-1db0-40e6-92af-439d9e6bec86-CloseContainerThread-1] INFO  keyvalue.KeyValueContainer (KeyValueContainer.java:close(428)) - Closed container: KeyValueContainerData #4 (CLOSED, non-empty, ri=2, origin=[dn_abc7d4c8-1db0-40e6-92af-439d9e6bec86, pipeline_])
2025-06-20 18:38:15,759 [abc7d4c8-1db0-40e6-92af-439d9e6bec86-CloseContainerThread-1] INFO  commandhandler.CloseContainerCommandHandler (CloseContainerCommandHandler.java:lambda$handle$0(105)) - Container #30 does not exist in datanode. Its pipeline may have closed before it was created. Container close failed.
2025-06-20 18:38:15,759 [abc7d4c8-1db0-40e6-92af-439d9e6bec86-CloseContainerThread-1] INFO  commandhandler.CloseContainerCommandHandler (CloseContainerCommandHandler.java:lambda$handle$0(105)) - Container #31 does not exist in datanode. Its pipeline may have closed before it was created. Container close failed.
2025-06-20 18:38:15,759 [abc7d4c8-1db0-40e6-92af-439d9e6bec86-CloseContainerThread-1] INFO  commandhandler.CloseContainerCommandHandler (CloseContainerCommandHandler.java:lambda$handle$0(105)) - Container #32 does not exist in datanode. Its pipeline may have closed before it was created. Container close failed.
2025-06-20 18:38:15,759 [abc7d4c8-1db0-40e6-92af-439d9e6bec86-CloseContainerThread-1] INFO  commandhandler.CloseContainerCommandHandler (CloseContainerCommandHandler.java:lambda$handle$0(105)) - Container #33 does not exist in datanode. Its pipeline may have closed before it was created. Container close failed.
2025-06-20 18:38:15,761 [abc7d4c8-1db0-40e6-92af-439d9e6bec86-ContainerOp-c5933b05-6442-4a61-9b51-01f71cf8f198-6] INFO  keyvalue.KeyValueContainer (KeyValueContainer.java:close(428)) - Closed container: KeyValueContainerData #13 (CLOSED, non-empty, ri=0, origin=[dn_abc7d4c8-1db0-40e6-92af-439d9e6bec86, pipeline_c5933b05-6442-4a61-9b51-01f71cf8f198])
2025-06-20 18:38:15,764 [FixedThreadPoolWithAffinityExecutor-1-0] INFO  container.IncrementalContainerReportHandler (AbstractContainerReportHandler.java:updateContainerState(289)) - CLOSE Container #13 (CLOSING, sid=8) r0 (CLOSED, bcsid=8, origin=abc7d4c8-1db0-40e6-92af-439d9e6bec86, non-empty) from dn abc7d4c8-1db0-40e6-92af-439d9e6bec86(localhost/127.0.0.1)
2025-06-20 18:38:15,764 [abc7d4c8-1db0-40e6-92af-439d9e6bec86-ContainerOp-c5933b05-6442-4a61-9b51-01f71cf8f198-7] INFO  keyvalue.KeyValueContainer (KeyValueContainer.java:close(428)) - Closed container: KeyValueContainerData #14 (CLOSED, non-empty, ri=0, origin=[dn_abc7d4c8-1db0-40e6-92af-439d9e6bec86, pipeline_c5933b05-6442-4a61-9b51-01f71cf8f198])
2025-06-20 18:38:15,765 [FixedThreadPoolWithAffinityExecutor-1-0] INFO  container.IncrementalContainerReportHandler (AbstractContainerReportHandler.java:updateContainerState(289)) - CLOSE Container #14 (CLOSING, sid=5) r0 (CLOSED, bcsid=5, origin=abc7d4c8-1db0-40e6-92af-439d9e6bec86, non-empty) from dn abc7d4c8-1db0-40e6-92af-439d9e6bec86(localhost/127.0.0.1)
2025-06-20 18:38:15,810 [3cab457f-cc31-40cf-a0db-ee4cad3622f9@group-5302AD8A22C1-FollowerState] INFO  impl.FollowerState (FollowerState.java:runImpl(161)) - 3cab457f-cc31-40cf-a0db-ee4cad3622f9@group-5302AD8A22C1-FollowerState: change to CANDIDATE, lastRpcElapsedTime:1056702843ns, electionTimeout:1056ms
2025-06-20 18:38:15,810 [3cab457f-cc31-40cf-a0db-ee4cad3622f9@group-5302AD8A22C1-FollowerState] INFO  impl.RoleInfo (RoleInfo.java:shutdownFollowerState(121)) - 3cab457f-cc31-40cf-a0db-ee4cad3622f9: shutdown 3cab457f-cc31-40cf-a0db-ee4cad3622f9@group-5302AD8A22C1-FollowerState
2025-06-20 18:38:15,810 [3cab457f-cc31-40cf-a0db-ee4cad3622f9@group-5302AD8A22C1-FollowerState] INFO  server.RaftServer$Division (RaftServerImpl.java:setRole(378)) - 3cab457f-cc31-40cf-a0db-ee4cad3622f9@group-5302AD8A22C1: changes role from  FOLLOWER to CANDIDATE at term 0 for changeToCandidate
2025-06-20 18:38:15,810 [3cab457f-cc31-40cf-a0db-ee4cad3622f9@group-5302AD8A22C1-FollowerState] INFO  server.RaftServerConfigKeys (ConfUtils.java:logGet(46)) - raft.server.leaderelection.pre-vote = true (default)
2025-06-20 18:38:15,810 [3cab457f-cc31-40cf-a0db-ee4cad3622f9@group-5302AD8A22C1-FollowerState] INFO  impl.RoleInfo (RoleInfo.java:updateAndGet(148)) - 3cab457f-cc31-40cf-a0db-ee4cad3622f9: start 3cab457f-cc31-40cf-a0db-ee4cad3622f9@group-5302AD8A22C1-LeaderElection13
2025-06-20 18:38:15,811 [3cab457f-cc31-40cf-a0db-ee4cad3622f9@group-5302AD8A22C1-LeaderElection13] INFO  impl.LeaderElection (LeaderElection.java:askForVotes(332)) - 3cab457f-cc31-40cf-a0db-ee4cad3622f9@group-5302AD8A22C1-LeaderElection13 PRE_VOTE round 0: submit vote requests at term 0 for conf: {index: -1, cur=peers:[abc7d4c8-1db0-40e6-92af-439d9e6bec86|127.0.0.1:15047, c4b831bc-9c29-451c-b376-cfce513d7e6a|127.0.0.1:15023, 3cab457f-cc31-40cf-a0db-ee4cad3622f9|127.0.0.1:15015]|listeners:[], old=null}
2025-06-20 18:38:15,811 [3cab457f-cc31-40cf-a0db-ee4cad3622f9@group-5302AD8A22C1-LeaderElection13-1] INFO  server.GrpcServerProtocolClient (GrpcServerProtocolClient.java:<init>(65)) - Build channel for abc7d4c8-1db0-40e6-92af-439d9e6bec86|127.0.0.1:15047
2025-06-20 18:38:15,812 [3cab457f-cc31-40cf-a0db-ee4cad3622f9@group-5302AD8A22C1-LeaderElection13] INFO  server.RaftServerConfigKeys (ConfUtils.java:logGet(46)) - raft.server.rpc.first-election.timeout.min = 1000ms (custom)
2025-06-20 18:38:15,812 [3cab457f-cc31-40cf-a0db-ee4cad3622f9@group-5302AD8A22C1-LeaderElection13] INFO  server.RaftServerConfigKeys (ConfUtils.java:logGet(46)) - raft.server.rpc.first-election.timeout.max = 1200ms (custom)
2025-06-20 18:38:15,813 [grpc-default-executor-0] INFO  server.RaftServer$Division (RaftServerImpl.java:requestVote(1407)) - c4b831bc-9c29-451c-b376-cfce513d7e6a@group-5302AD8A22C1: receive requestVote(PRE_VOTE, 3cab457f-cc31-40cf-a0db-ee4cad3622f9, group-5302AD8A22C1, 0, (t:0, i:0))
2025-06-20 18:38:15,814 [grpc-default-executor-0] INFO  impl.VoteContext (VoteContext.java:log(49)) - c4b831bc-9c29-451c-b376-cfce513d7e6a@group-5302AD8A22C1-FOLLOWER: accept PRE_VOTE from 3cab457f-cc31-40cf-a0db-ee4cad3622f9: our priority 0 <= candidate's priority 1
2025-06-20 18:38:15,814 [grpc-default-executor-0] INFO  server.RaftServer$Division (RaftServerImpl.java:requestVote(1441)) - c4b831bc-9c29-451c-b376-cfce513d7e6a@group-5302AD8A22C1 replies to PRE_VOTE vote request: 3cab457f-cc31-40cf-a0db-ee4cad3622f9<-c4b831bc-9c29-451c-b376-cfce513d7e6a#0:OK-t0. Peer's state: c4b831bc-9c29-451c-b376-cfce513d7e6a@group-5302AD8A22C1:t0, leader=null, voted=, raftlog=Memoized:c4b831bc-9c29-451c-b376-cfce513d7e6a@group-5302AD8A22C1-SegmentedRaftLog:OPENED:c-1:lastnull, conf=conf: {index: -1, cur=peers:[abc7d4c8-1db0-40e6-92af-439d9e6bec86|127.0.0.1:15047, c4b831bc-9c29-451c-b376-cfce513d7e6a|127.0.0.1:15023, 3cab457f-cc31-40cf-a0db-ee4cad3622f9|127.0.0.1:15015]|listeners:[], old=null}
2025-06-20 18:38:15,815 [3cab457f-cc31-40cf-a0db-ee4cad3622f9@group-5302AD8A22C1-LeaderElection13] INFO  impl.LeaderElection (LeaderElection.java:logAndReturn(90)) - 3cab457f-cc31-40cf-a0db-ee4cad3622f9@group-5302AD8A22C1-LeaderElection13: PRE_VOTE PASSED received 1 response(s) and 0 exception(s):
2025-06-20 18:38:15,815 [3cab457f-cc31-40cf-a0db-ee4cad3622f9@group-5302AD8A22C1-LeaderElection13] INFO  impl.LeaderElection (LeaderElection.java:logAndReturn(94)) -   Response 0: 3cab457f-cc31-40cf-a0db-ee4cad3622f9<-c4b831bc-9c29-451c-b376-cfce513d7e6a#0:OK-t0
2025-06-20 18:38:15,815 [3cab457f-cc31-40cf-a0db-ee4cad3622f9@group-5302AD8A22C1-LeaderElection13] INFO  impl.LeaderElection (LeaderElection.java:askForVotes(334)) - 3cab457f-cc31-40cf-a0db-ee4cad3622f9@group-5302AD8A22C1-LeaderElection13 PRE_VOTE round 0: result PASSED
2025-06-20 18:38:15,817 [3cab457f-cc31-40cf-a0db-ee4cad3622f9@group-5302AD8A22C1-LeaderElection13] INFO  impl.LeaderElection (LeaderElection.java:askForVotes(332)) - 3cab457f-cc31-40cf-a0db-ee4cad3622f9@group-5302AD8A22C1-LeaderElection13 ELECTION round 0: submit vote requests at term 1 for conf: {index: -1, cur=peers:[abc7d4c8-1db0-40e6-92af-439d9e6bec86|127.0.0.1:15047, c4b831bc-9c29-451c-b376-cfce513d7e6a|127.0.0.1:15023, 3cab457f-cc31-40cf-a0db-ee4cad3622f9|127.0.0.1:15015]|listeners:[], old=null}
2025-06-20 18:38:15,819 [3cab457f-cc31-40cf-a0db-ee4cad3622f9@group-5302AD8A22C1-LeaderElection13] INFO  server.RaftServerConfigKeys (ConfUtils.java:logGet(46)) - raft.server.rpc.first-election.timeout.min = 1000ms (custom)
2025-06-20 18:38:15,819 [3cab457f-cc31-40cf-a0db-ee4cad3622f9@group-5302AD8A22C1-LeaderElection13] INFO  server.RaftServerConfigKeys (ConfUtils.java:logGet(46)) - raft.server.rpc.first-election.timeout.max = 1200ms (custom)
2025-06-20 18:38:15,820 [grpc-default-executor-3] INFO  server.RaftServer$Division (RaftServerImpl.java:requestVote(1407)) - c4b831bc-9c29-451c-b376-cfce513d7e6a@group-5302AD8A22C1: receive requestVote(ELECTION, 3cab457f-cc31-40cf-a0db-ee4cad3622f9, group-5302AD8A22C1, 1, (t:0, i:0))
2025-06-20 18:38:15,820 [grpc-default-executor-3] INFO  impl.VoteContext (VoteContext.java:log(49)) - c4b831bc-9c29-451c-b376-cfce513d7e6a@group-5302AD8A22C1-FOLLOWER: accept ELECTION from 3cab457f-cc31-40cf-a0db-ee4cad3622f9: our priority 0 <= candidate's priority 1
2025-06-20 18:38:15,820 [grpc-default-executor-3] INFO  server.RaftServer$Division (RaftServerImpl.java:setRole(378)) - c4b831bc-9c29-451c-b376-cfce513d7e6a@group-5302AD8A22C1: changes role from  FOLLOWER to FOLLOWER at term 0 for candidate:3cab457f-cc31-40cf-a0db-ee4cad3622f9
2025-06-20 18:38:15,820 [grpc-default-executor-3] INFO  impl.RoleInfo (RoleInfo.java:shutdownFollowerState(121)) - c4b831bc-9c29-451c-b376-cfce513d7e6a: shutdown c4b831bc-9c29-451c-b376-cfce513d7e6a@group-5302AD8A22C1-FollowerState
2025-06-20 18:38:15,820 [grpc-default-executor-3] INFO  impl.RoleInfo (RoleInfo.java:updateAndGet(148)) - c4b831bc-9c29-451c-b376-cfce513d7e6a: start c4b831bc-9c29-451c-b376-cfce513d7e6a@group-5302AD8A22C1-FollowerState
2025-06-20 18:38:15,821 [c4b831bc-9c29-451c-b376-cfce513d7e6a@group-5302AD8A22C1-FollowerState] INFO  impl.FollowerState (FollowerState.java:runImpl(170)) - c4b831bc-9c29-451c-b376-cfce513d7e6a@group-5302AD8A22C1-FollowerState was interrupted
2025-06-20 18:38:15,821 [grpc-default-executor-3] INFO  server.RaftServer$Division (RaftServerImpl.java:setFirstElection(562)) - c4b831bc-9c29-451c-b376-cfce513d7e6a@group-5302AD8A22C1: set firstElectionSinceStartup to false for candidate:3cab457f-cc31-40cf-a0db-ee4cad3622f9
2025-06-20 18:38:15,821 [grpc-default-executor-0] INFO  server.RaftServer$Division (RaftServerImpl.java:requestVote(1407)) - abc7d4c8-1db0-40e6-92af-439d9e6bec86@group-5302AD8A22C1: receive requestVote(ELECTION, 3cab457f-cc31-40cf-a0db-ee4cad3622f9, group-5302AD8A22C1, 1, (t:0, i:0))
2025-06-20 18:38:15,822 [grpc-default-executor-0] INFO  impl.VoteContext (VoteContext.java:log(49)) - abc7d4c8-1db0-40e6-92af-439d9e6bec86@group-5302AD8A22C1-FOLLOWER: accept ELECTION from 3cab457f-cc31-40cf-a0db-ee4cad3622f9: our priority 0 <= candidate's priority 1
2025-06-20 18:38:15,822 [grpc-default-executor-0] INFO  server.RaftServer$Division (RaftServerImpl.java:setRole(378)) - abc7d4c8-1db0-40e6-92af-439d9e6bec86@group-5302AD8A22C1: changes role from  FOLLOWER to FOLLOWER at term 0 for candidate:3cab457f-cc31-40cf-a0db-ee4cad3622f9
2025-06-20 18:38:15,822 [grpc-default-executor-0] INFO  impl.RoleInfo (RoleInfo.java:shutdownFollowerState(121)) - abc7d4c8-1db0-40e6-92af-439d9e6bec86: shutdown abc7d4c8-1db0-40e6-92af-439d9e6bec86@group-5302AD8A22C1-FollowerState
2025-06-20 18:38:15,822 [abc7d4c8-1db0-40e6-92af-439d9e6bec86@group-5302AD8A22C1-FollowerState] INFO  impl.FollowerState (FollowerState.java:runImpl(170)) - abc7d4c8-1db0-40e6-92af-439d9e6bec86@group-5302AD8A22C1-FollowerState was interrupted
2025-06-20 18:38:15,822 [grpc-default-executor-0] INFO  impl.RoleInfo (RoleInfo.java:updateAndGet(148)) - abc7d4c8-1db0-40e6-92af-439d9e6bec86: start abc7d4c8-1db0-40e6-92af-439d9e6bec86@group-5302AD8A22C1-FollowerState
2025-06-20 18:38:15,822 [grpc-default-executor-3] INFO  server.RaftServer$Division (RaftServerImpl.java:requestVote(1441)) - c4b831bc-9c29-451c-b376-cfce513d7e6a@group-5302AD8A22C1 replies to ELECTION vote request: 3cab457f-cc31-40cf-a0db-ee4cad3622f9<-c4b831bc-9c29-451c-b376-cfce513d7e6a#0:OK-t1. Peer's state: c4b831bc-9c29-451c-b376-cfce513d7e6a@group-5302AD8A22C1:t1, leader=null, voted=3cab457f-cc31-40cf-a0db-ee4cad3622f9, raftlog=Memoized:c4b831bc-9c29-451c-b376-cfce513d7e6a@group-5302AD8A22C1-SegmentedRaftLog:OPENED:c-1:lastnull, conf=conf: {index: -1, cur=peers:[abc7d4c8-1db0-40e6-92af-439d9e6bec86|127.0.0.1:15047, c4b831bc-9c29-451c-b376-cfce513d7e6a|127.0.0.1:15023, 3cab457f-cc31-40cf-a0db-ee4cad3622f9|127.0.0.1:15015]|listeners:[], old=null}
2025-06-20 18:38:15,823 [3cab457f-cc31-40cf-a0db-ee4cad3622f9@group-5302AD8A22C1-LeaderElection13] INFO  impl.LeaderElection (LeaderElection.java:logAndReturn(90)) - 3cab457f-cc31-40cf-a0db-ee4cad3622f9@group-5302AD8A22C1-LeaderElection13: ELECTION PASSED received 1 response(s) and 0 exception(s):
2025-06-20 18:38:15,823 [3cab457f-cc31-40cf-a0db-ee4cad3622f9@group-5302AD8A22C1-LeaderElection13] INFO  impl.LeaderElection (LeaderElection.java:logAndReturn(94)) -   Response 0: 3cab457f-cc31-40cf-a0db-ee4cad3622f9<-c4b831bc-9c29-451c-b376-cfce513d7e6a#0:OK-t1
2025-06-20 18:38:15,823 [3cab457f-cc31-40cf-a0db-ee4cad3622f9@group-5302AD8A22C1-LeaderElection13] INFO  impl.LeaderElection (LeaderElection.java:askForVotes(334)) - 3cab457f-cc31-40cf-a0db-ee4cad3622f9@group-5302AD8A22C1-LeaderElection13 ELECTION round 0: result PASSED
2025-06-20 18:38:15,823 [3cab457f-cc31-40cf-a0db-ee4cad3622f9@group-5302AD8A22C1-LeaderElection13] INFO  impl.RoleInfo (RoleInfo.java:shutdownLeaderElection(141)) - 3cab457f-cc31-40cf-a0db-ee4cad3622f9: shutdown 3cab457f-cc31-40cf-a0db-ee4cad3622f9@group-5302AD8A22C1-LeaderElection13
2025-06-20 18:38:15,823 [abc7d4c8-1db0-40e6-92af-439d9e6bec86@group-5302AD8A22C1-FollowerState] INFO  server.RaftServerConfigKeys (ConfUtils.java:logGet(46)) - raft.server.rpc.first-election.timeout.min = 1000ms (custom)
2025-06-20 18:38:15,823 [abc7d4c8-1db0-40e6-92af-439d9e6bec86@group-5302AD8A22C1-FollowerState] INFO  server.RaftServerConfigKeys (ConfUtils.java:logGet(46)) - raft.server.rpc.first-election.timeout.max = 1200ms (custom)
2025-06-20 18:38:15,823 [grpc-default-executor-0] INFO  server.RaftServer$Division (RaftServerImpl.java:setFirstElection(562)) - abc7d4c8-1db0-40e6-92af-439d9e6bec86@group-5302AD8A22C1: set firstElectionSinceStartup to false for candidate:3cab457f-cc31-40cf-a0db-ee4cad3622f9
2025-06-20 18:38:15,823 [3cab457f-cc31-40cf-a0db-ee4cad3622f9@group-5302AD8A22C1-LeaderElection13] INFO  server.RaftServer$Division (RaftServerImpl.java:setRole(378)) - 3cab457f-cc31-40cf-a0db-ee4cad3622f9@group-5302AD8A22C1: changes role from CANDIDATE to LEADER at term 1 for changeToLeader
2025-06-20 18:38:15,824 [3cab457f-cc31-40cf-a0db-ee4cad3622f9@group-5302AD8A22C1-LeaderElection13] INFO  server.RaftServerConfigKeys (ConfUtils.java:logGet(46)) - raft.server.staging.catchup.gap = 1000 (default)
2025-06-20 18:38:15,824 [3cab457f-cc31-40cf-a0db-ee4cad3622f9@group-5302AD8A22C1-LeaderElection13] INFO  server.RaftServerConfigKeys (ConfUtils.java:logGet(46)) - raft.server.write.element-limit = 1024 (custom)
2025-06-20 18:38:15,824 [3cab457f-cc31-40cf-a0db-ee4cad3622f9@group-5302AD8A22C1-LeaderElection13] INFO  server.RaftServerConfigKeys (ConfUtils.java:logGet(46)) - raft.server.write.byte-limit = 1024 M (=1073741824) (custom)
2025-06-20 18:38:15,824 [3cab457f-cc31-40cf-a0db-ee4cad3622f9@group-5302AD8A22C1-LeaderElection13] INFO  server.RaftServerConfigKeys (ConfUtils.java:logGet(46)) - raft.server.watch.timeout = 10000ms (default)
2025-06-20 18:38:15,824 [3cab457f-cc31-40cf-a0db-ee4cad3622f9@group-5302AD8A22C1-LeaderElection13] INFO  server.RaftServerConfigKeys (ConfUtils.java:logGet(46)) - raft.server.watch.timeout.denomination = 1s (default)
2025-06-20 18:38:15,825 [3cab457f-cc31-40cf-a0db-ee4cad3622f9@group-5302AD8A22C1-LeaderElection13] INFO  server.RaftServerConfigKeys (ConfUtils.java:logGet(46)) - raft.server.watch.element-limit = 65536 (default)
2025-06-20 18:38:15,825 [3cab457f-cc31-40cf-a0db-ee4cad3622f9@group-5302AD8A22C1-LeaderElection13] INFO  server.RaftServerConfigKeys (ConfUtils.java:logGet(46)) - raft.server.read.leader.lease.enabled = false (default)
2025-06-20 18:38:15,825 [3cab457f-cc31-40cf-a0db-ee4cad3622f9@group-5302AD8A22C1-LeaderElection13] INFO  server.RaftServerConfigKeys (ConfUtils.java:logGet(46)) - raft.server.read.leader.lease.timeout.ratio = 0.9 (default)
2025-06-20 18:38:15,825 [3cab457f-cc31-40cf-a0db-ee4cad3622f9@group-5302AD8A22C1-LeaderElection13] INFO  server.RaftServerConfigKeys (ConfUtils.java:logGet(46)) - raft.server.rpc.timeout.min = 5s (custom)
2025-06-20 18:38:15,825 [3cab457f-cc31-40cf-a0db-ee4cad3622f9@group-5302AD8A22C1-LeaderElection13] INFO  server.RaftServerConfigKeys (ConfUtils.java:logGet(46)) - raft.server.log.log-metadata.enabled = true (default)
2025-06-20 18:38:15,827 [grpc-default-executor-0] INFO  server.RaftServer$Division (RaftServerImpl.java:requestVote(1441)) - abc7d4c8-1db0-40e6-92af-439d9e6bec86@group-5302AD8A22C1 replies to ELECTION vote request: 3cab457f-cc31-40cf-a0db-ee4cad3622f9<-abc7d4c8-1db0-40e6-92af-439d9e6bec86#0:OK-t1. Peer's state: abc7d4c8-1db0-40e6-92af-439d9e6bec86@group-5302AD8A22C1:t1, leader=null, voted=3cab457f-cc31-40cf-a0db-ee4cad3622f9, raftlog=Memoized:abc7d4c8-1db0-40e6-92af-439d9e6bec86@group-5302AD8A22C1-SegmentedRaftLog:OPENED:c-1:lastnull, conf=conf: {index: -1, cur=peers:[abc7d4c8-1db0-40e6-92af-439d9e6bec86|127.0.0.1:15047, c4b831bc-9c29-451c-b376-cfce513d7e6a|127.0.0.1:15023, 3cab457f-cc31-40cf-a0db-ee4cad3622f9|127.0.0.1:15015]|listeners:[], old=null}
2025-06-20 18:38:15,827 [3cab457f-cc31-40cf-a0db-ee4cad3622f9@group-5302AD8A22C1-LeaderElection13] INFO  server.RaftServerConfigKeys (ConfUtils.java:logGet(46)) - raft.server.write.element-limit = 1024 (custom)
2025-06-20 18:38:15,827 [3cab457f-cc31-40cf-a0db-ee4cad3622f9@group-5302AD8A22C1-LeaderElection13] INFO  server.RaftServerConfigKeys (ConfUtils.java:logGet(46)) - raft.server.write.follower.gap.ratio.max = -1.0 (default)
2025-06-20 18:38:15,828 [3cab457f-cc31-40cf-a0db-ee4cad3622f9@group-5302AD8A22C1-LeaderElection13] INFO  server.RaftServerConfigKeys (ConfUtils.java:logGet(46)) - raft.server.log.appender.snapshot.chunk.size.max = 16MB (=16777216) (default)
2025-06-20 18:38:15,828 [3cab457f-cc31-40cf-a0db-ee4cad3622f9@group-5302AD8A22C1-LeaderElection13] INFO  server.RaftServerConfigKeys (ConfUtils.java:logGet(46)) - raft.server.log.appender.buffer.byte-limit = 33554432 (custom)
2025-06-20 18:38:15,828 [3cab457f-cc31-40cf-a0db-ee4cad3622f9@group-5302AD8A22C1-LeaderElection13] INFO  server.RaftServerConfigKeys (ConfUtils.java:logGet(46)) - raft.server.log.appender.buffer.element-limit = 1024 (custom)
2025-06-20 18:38:15,828 [3cab457f-cc31-40cf-a0db-ee4cad3622f9@group-5302AD8A22C1-LeaderElection13] INFO  server.RaftServerConfigKeys (ConfUtils.java:logGet(46)) - raft.server.log.appender.wait-time.min = 0ms (custom)
2025-06-20 18:38:15,828 [3cab457f-cc31-40cf-a0db-ee4cad3622f9@group-5302AD8A22C1-LeaderElection13] INFO  grpc.GrpcConfigKeys (ConfUtils.java:logGet(46)) - raft.grpc.server.leader.outstanding.appends.max = 8 (default)
2025-06-20 18:38:15,828 [3cab457f-cc31-40cf-a0db-ee4cad3622f9@group-5302AD8A22C1-LeaderElection13] INFO  server.RaftServerConfigKeys (ConfUtils.java:logGet(46)) - raft.server.rpc.request.timeout = 3000ms (default)
2025-06-20 18:38:15,828 [3cab457f-cc31-40cf-a0db-ee4cad3622f9@group-5302AD8A22C1-LeaderElection13] INFO  grpc.GrpcConfigKeys (ConfUtils.java:logGet(46)) - raft.grpc.server.install_snapshot.request.element-limit = 8 (default)
2025-06-20 18:38:15,829 [3cab457f-cc31-40cf-a0db-ee4cad3622f9@group-5302AD8A22C1-LeaderElection13] INFO  grpc.GrpcConfigKeys (ConfUtils.java:logGet(46)) - raft.grpc.server.install_snapshot.request.timeout = 3000ms (default)
2025-06-20 18:38:15,829 [3cab457f-cc31-40cf-a0db-ee4cad3622f9@group-5302AD8A22C1-LeaderElection13] INFO  grpc.GrpcConfigKeys (ConfUtils.java:logGet(46)) - raft.grpc.server.log-message.batch.duration = 5s (default)
2025-06-20 18:38:15,829 [3cab457f-cc31-40cf-a0db-ee4cad3622f9@group-5302AD8A22C1-LeaderElection13] INFO  server.RaftServerConfigKeys (ConfUtils.java:logGet(46)) - raft.server.log.appender.install.snapshot.enabled = false (custom)
2025-06-20 18:38:15,829 [3cab457f-cc31-40cf-a0db-ee4cad3622f9@group-5302AD8A22C1-LeaderElection13] INFO  grpc.GrpcConfigKeys (ConfUtils.java:logGet(46)) - raft.grpc.server.heartbeat.channel = true (default)
2025-06-20 18:38:15,830 [3cab457f-cc31-40cf-a0db-ee4cad3622f9@group-5302AD8A22C1-LeaderElection13] INFO  server.RaftServerConfigKeys (ConfUtils.java:logGet(46)) - raft.server.log.appender.snapshot.chunk.size.max = 16MB (=16777216) (default)
2025-06-20 18:38:15,830 [3cab457f-cc31-40cf-a0db-ee4cad3622f9@group-5302AD8A22C1-LeaderElection13] INFO  server.RaftServerConfigKeys (ConfUtils.java:logGet(46)) - raft.server.log.appender.buffer.byte-limit = 33554432 (custom)
2025-06-20 18:38:15,830 [3cab457f-cc31-40cf-a0db-ee4cad3622f9@group-5302AD8A22C1-LeaderElection13] INFO  server.RaftServerConfigKeys (ConfUtils.java:logGet(46)) - raft.server.log.appender.buffer.element-limit = 1024 (custom)
2025-06-20 18:38:15,830 [3cab457f-cc31-40cf-a0db-ee4cad3622f9@group-5302AD8A22C1-LeaderElection13] INFO  server.RaftServerConfigKeys (ConfUtils.java:logGet(46)) - raft.server.log.appender.wait-time.min = 0ms (custom)
2025-06-20 18:38:15,830 [3cab457f-cc31-40cf-a0db-ee4cad3622f9@group-5302AD8A22C1-LeaderElection13] INFO  grpc.GrpcConfigKeys (ConfUtils.java:logGet(46)) - raft.grpc.server.leader.outstanding.appends.max = 8 (default)
2025-06-20 18:38:15,830 [3cab457f-cc31-40cf-a0db-ee4cad3622f9@group-5302AD8A22C1-LeaderElection13] INFO  server.RaftServerConfigKeys (ConfUtils.java:logGet(46)) - raft.server.rpc.request.timeout = 3000ms (default)
2025-06-20 18:38:15,830 [3cab457f-cc31-40cf-a0db-ee4cad3622f9@group-5302AD8A22C1-LeaderElection13] INFO  grpc.GrpcConfigKeys (ConfUtils.java:logGet(46)) - raft.grpc.server.install_snapshot.request.element-limit = 8 (default)
2025-06-20 18:38:15,830 [3cab457f-cc31-40cf-a0db-ee4cad3622f9@group-5302AD8A22C1-LeaderElection13] INFO  grpc.GrpcConfigKeys (ConfUtils.java:logGet(46)) - raft.grpc.server.install_snapshot.request.timeout = 3000ms (default)
2025-06-20 18:38:15,830 [3cab457f-cc31-40cf-a0db-ee4cad3622f9@group-5302AD8A22C1-LeaderElection13] INFO  grpc.GrpcConfigKeys (ConfUtils.java:logGet(46)) - raft.grpc.server.log-message.batch.duration = 5s (default)
2025-06-20 18:38:15,830 [3cab457f-cc31-40cf-a0db-ee4cad3622f9@group-5302AD8A22C1-LeaderElection13] INFO  server.RaftServerConfigKeys (ConfUtils.java:logGet(46)) - raft.server.log.appender.install.snapshot.enabled = false (custom)
2025-06-20 18:38:15,831 [3cab457f-cc31-40cf-a0db-ee4cad3622f9@group-5302AD8A22C1-LeaderElection13] INFO  grpc.GrpcConfigKeys (ConfUtils.java:logGet(46)) - raft.grpc.server.heartbeat.channel = true (default)
2025-06-20 18:38:15,831 [3cab457f-cc31-40cf-a0db-ee4cad3622f9@group-5302AD8A22C1-LeaderElection13] INFO  impl.RoleInfo (RoleInfo.java:updateAndGet(148)) - 3cab457f-cc31-40cf-a0db-ee4cad3622f9: start 3cab457f-cc31-40cf-a0db-ee4cad3622f9@group-5302AD8A22C1-LeaderStateImpl
2025-06-20 18:38:15,831 [3cab457f-cc31-40cf-a0db-ee4cad3622f9@group-5302AD8A22C1-LeaderElection13] INFO  server.RaftServer$Division (RaftServerImpl.java:setFirstElection(562)) - 3cab457f-cc31-40cf-a0db-ee4cad3622f9@group-5302AD8A22C1: set firstElectionSinceStartup to false for becomeLeader
2025-06-20 18:38:15,831 [3cab457f-cc31-40cf-a0db-ee4cad3622f9@group-5302AD8A22C1-LeaderElection13] INFO  ratis.XceiverServerRatis (XceiverServerRatis.java:handleLeaderChangedNotification(944)) - Leader change notification received for group: group-5302AD8A22C1 with new leaderId: 3cab457f-cc31-40cf-a0db-ee4cad3622f9
2025-06-20 18:38:15,831 [3cab457f-cc31-40cf-a0db-ee4cad3622f9@group-5302AD8A22C1-LeaderElection13] INFO  server.RaftServer$Division (ServerState.java:setLeader(272)) - 3cab457f-cc31-40cf-a0db-ee4cad3622f9@group-5302AD8A22C1: change Leader from null to 3cab457f-cc31-40cf-a0db-ee4cad3622f9 at term 1 for becomeLeader, leader elected after 1103ms
2025-06-20 18:38:15,831 [3cab457f-cc31-40cf-a0db-ee4cad3622f9@group-5302AD8A22C1-LeaderElection13] INFO  segmented.SegmentedRaftLogWorker (SegmentedRaftLogWorker.java:startLogSegment(438)) - 3cab457f-cc31-40cf-a0db-ee4cad3622f9@group-5302AD8A22C1-SegmentedRaftLogWorker: Starting segment from index:0
2025-06-20 18:38:15,832 [3cab457f-cc31-40cf-a0db-ee4cad3622f9@group-5302AD8A22C1-LeaderElection13] INFO  server.RaftServer$Division (ServerState.java:setRaftConf(386)) - 3cab457f-cc31-40cf-a0db-ee4cad3622f9@group-5302AD8A22C1: set configuration conf: {index: 0, cur=peers:[abc7d4c8-1db0-40e6-92af-439d9e6bec86|127.0.0.1:15047, c4b831bc-9c29-451c-b376-cfce513d7e6a|127.0.0.1:15023, 3cab457f-cc31-40cf-a0db-ee4cad3622f9|127.0.0.1:15015]|listeners:[], old=null}
2025-06-20 18:38:15,833 [3cab457f-cc31-40cf-a0db-ee4cad3622f9@group-5302AD8A22C1-SegmentedRaftLogWorker] INFO  segmented.BufferedWriteChannel (BufferedWriteChannel.java:open(61)) - open log_inprogress_0 at position 0
2025-06-20 18:38:15,839 [c4b831bc-9c29-451c-b376-cfce513d7e6a-server-thread1] INFO  ratis.XceiverServerRatis (XceiverServerRatis.java:handleLeaderChangedNotification(944)) - Leader change notification received for group: group-5302AD8A22C1 with new leaderId: 3cab457f-cc31-40cf-a0db-ee4cad3622f9
2025-06-20 18:38:15,839 [c4b831bc-9c29-451c-b376-cfce513d7e6a-server-thread1] INFO  server.RaftServer$Division (ServerState.java:setLeader(272)) - c4b831bc-9c29-451c-b376-cfce513d7e6a@group-5302AD8A22C1: change Leader from null to 3cab457f-cc31-40cf-a0db-ee4cad3622f9 at term 1 for appendEntries, leader elected after 1010ms
2025-06-20 18:38:15,841 [c4b831bc-9c29-451c-b376-cfce513d7e6a-server-thread1] INFO  server.RaftServer$Division (ServerState.java:setRaftConf(386)) - c4b831bc-9c29-451c-b376-cfce513d7e6a@group-5302AD8A22C1: set configuration conf: {index: 0, cur=peers:[abc7d4c8-1db0-40e6-92af-439d9e6bec86|127.0.0.1:15047, c4b831bc-9c29-451c-b376-cfce513d7e6a|127.0.0.1:15023, 3cab457f-cc31-40cf-a0db-ee4cad3622f9|127.0.0.1:15015]|listeners:[], old=null}
2025-06-20 18:38:15,841 [c4b831bc-9c29-451c-b376-cfce513d7e6a-server-thread1] INFO  segmented.SegmentedRaftLogWorker (SegmentedRaftLogWorker.java:startLogSegment(438)) - c4b831bc-9c29-451c-b376-cfce513d7e6a@group-5302AD8A22C1-SegmentedRaftLogWorker: Starting segment from index:0
2025-06-20 18:38:15,841 [c4b831bc-9c29-451c-b376-cfce513d7e6a@group-5302AD8A22C1-SegmentedRaftLogWorker] INFO  segmented.BufferedWriteChannel (BufferedWriteChannel.java:open(61)) - open log_inprogress_0 at position 0
2025-06-20 18:38:15,843 [abc7d4c8-1db0-40e6-92af-439d9e6bec86-server-thread1] INFO  ratis.XceiverServerRatis (XceiverServerRatis.java:handleLeaderChangedNotification(944)) - Leader change notification received for group: group-5302AD8A22C1 with new leaderId: 3cab457f-cc31-40cf-a0db-ee4cad3622f9
2025-06-20 18:38:15,843 [abc7d4c8-1db0-40e6-92af-439d9e6bec86-server-thread1] INFO  server.RaftServer$Division (ServerState.java:setLeader(272)) - abc7d4c8-1db0-40e6-92af-439d9e6bec86@group-5302AD8A22C1: change Leader from null to 3cab457f-cc31-40cf-a0db-ee4cad3622f9 at term 1 for appendEntries, leader elected after 1073ms
2025-06-20 18:38:15,844 [EventQueue-PipelineReportForPipelineReportHandler] INFO  pipeline.PipelineReportHandler (PipelineReportHandler.java:processPipelineReport(134)) - Opened pipeline Pipeline-8086a8cf-9933-4fe5-b45d-5302ad8a22c1
2025-06-20 18:38:15,844 [abc7d4c8-1db0-40e6-92af-439d9e6bec86-server-thread2] INFO  server.RaftServer$Division (ServerState.java:setRaftConf(386)) - abc7d4c8-1db0-40e6-92af-439d9e6bec86@group-5302AD8A22C1: set configuration conf: {index: 0, cur=peers:[abc7d4c8-1db0-40e6-92af-439d9e6bec86|127.0.0.1:15047, c4b831bc-9c29-451c-b376-cfce513d7e6a|127.0.0.1:15023, 3cab457f-cc31-40cf-a0db-ee4cad3622f9|127.0.0.1:15015]|listeners:[], old=null}
2025-06-20 18:38:15,844 [3cab457f-cc31-40cf-a0db-ee4cad3622f9@group-5302AD8A22C1-SegmentedRaftLogWorker] INFO  segmented.SegmentedRaftLogWorker (SegmentedRaftLogWorker.java:execute(644)) - 3cab457f-cc31-40cf-a0db-ee4cad3622f9@group-5302AD8A22C1-SegmentedRaftLogWorker: created new log segment /home/runner/work/ozone/ozone/hadoop-ozone/integration-test/target/test-dir/MiniOzoneClusterImpl-91634b24-6a44-479b-9678-da9570c0d1c0/ozone-meta/datanode-1/ratis/8086a8cf-9933-4fe5-b45d-5302ad8a22c1/current/log_inprogress_0
2025-06-20 18:38:15,846 [abc7d4c8-1db0-40e6-92af-439d9e6bec86-server-thread2] INFO  segmented.SegmentedRaftLogWorker (SegmentedRaftLogWorker.java:startLogSegment(438)) - abc7d4c8-1db0-40e6-92af-439d9e6bec86@group-5302AD8A22C1-SegmentedRaftLogWorker: Starting segment from index:0
2025-06-20 18:38:15,846 [abc7d4c8-1db0-40e6-92af-439d9e6bec86@group-5302AD8A22C1-SegmentedRaftLogWorker] INFO  segmented.BufferedWriteChannel (BufferedWriteChannel.java:open(61)) - open log_inprogress_0 at position 0
2025-06-20 18:38:15,854 [c4b831bc-9c29-451c-b376-cfce513d7e6a@group-5302AD8A22C1-SegmentedRaftLogWorker] INFO  segmented.SegmentedRaftLogWorker (SegmentedRaftLogWorker.java:execute(644)) - c4b831bc-9c29-451c-b376-cfce513d7e6a@group-5302AD8A22C1-SegmentedRaftLogWorker: created new log segment /home/runner/work/ozone/ozone/hadoop-ozone/integration-test/target/test-dir/MiniOzoneClusterImpl-91634b24-6a44-479b-9678-da9570c0d1c0/ozone-meta/datanode-2/ratis/8086a8cf-9933-4fe5-b45d-5302ad8a22c1/current/log_inprogress_0
2025-06-20 18:38:15,855 [abc7d4c8-1db0-40e6-92af-439d9e6bec86@group-5302AD8A22C1-SegmentedRaftLogWorker] INFO  segmented.SegmentedRaftLogWorker (SegmentedRaftLogWorker.java:execute(644)) - abc7d4c8-1db0-40e6-92af-439d9e6bec86@group-5302AD8A22C1-SegmentedRaftLogWorker: created new log segment /home/runner/work/ozone/ozone/hadoop-ozone/integration-test/target/test-dir/MiniOzoneClusterImpl-91634b24-6a44-479b-9678-da9570c0d1c0/ozone-meta/datanode-5/ratis/8086a8cf-9933-4fe5-b45d-5302ad8a22c1/current/log_inprogress_0
2025-06-20 18:38:15,858 [3cab457f-cc31-40cf-a0db-ee4cad3622f9@group-5302AD8A22C1-StateMachineUpdater] INFO  server.RaftServer$Division (LeaderStateImpl.java:checkStartIndex(313)) - Leader 3cab457f-cc31-40cf-a0db-ee4cad3622f9@group-5302AD8A22C1-LeaderStateImpl is ready since appliedIndex == startIndex == 0
2025-06-20 18:38:15,902 [cf583eaf-636d-4dd4-825e-fc8bd78c305e-CloseContainerThread-1] INFO  keyvalue.KeyValueContainer (KeyValueContainer.java:flushAndSyncDB(512)) - Synced container: KeyValueContainerData #4 (CLOSING, non-empty, ri=4, origin=[dn_cf583eaf-636d-4dd4-825e-fc8bd78c305e, pipeline_])
2025-06-20 18:38:15,902 [cf583eaf-636d-4dd4-825e-fc8bd78c305e-CloseContainerThread-1] INFO  keyvalue.KeyValueContainer (KeyValueContainer.java:flushAndSyncDB(512)) - Synced container: KeyValueContainerData #4 (CLOSING, non-empty, ri=4, origin=[dn_cf583eaf-636d-4dd4-825e-fc8bd78c305e, pipeline_])
2025-06-20 18:38:15,908 [cf583eaf-636d-4dd4-825e-fc8bd78c305e-CloseContainerThread-1] INFO  keyvalue.KeyValueContainer (KeyValueContainer.java:close(428)) - Closed container: KeyValueContainerData #4 (CLOSED, non-empty, ri=4, origin=[dn_cf583eaf-636d-4dd4-825e-fc8bd78c305e, pipeline_])
2025-06-20 18:38:15,908 [cf583eaf-636d-4dd4-825e-fc8bd78c305e-CloseContainerThread-1] INFO  commandhandler.CloseContainerCommandHandler (CloseContainerCommandHandler.java:lambda$handle$0(105)) - Container #30 does not exist in datanode. Its pipeline may have closed before it was created. Container close failed.
2025-06-20 18:38:15,908 [cf583eaf-636d-4dd4-825e-fc8bd78c305e-CloseContainerThread-1] INFO  commandhandler.CloseContainerCommandHandler (CloseContainerCommandHandler.java:lambda$handle$0(105)) - Container #31 does not exist in datanode. Its pipeline may have closed before it was created. Container close failed.
2025-06-20 18:38:15,908 [cf583eaf-636d-4dd4-825e-fc8bd78c305e-CloseContainerThread-1] INFO  commandhandler.CloseContainerCommandHandler (CloseContainerCommandHandler.java:lambda$handle$0(105)) - Container #32 does not exist in datanode. Its pipeline may have closed before it was created. Container close failed.
2025-06-20 18:38:15,908 [cf583eaf-636d-4dd4-825e-fc8bd78c305e-CloseContainerThread-1] INFO  commandhandler.CloseContainerCommandHandler (CloseContainerCommandHandler.java:lambda$handle$0(105)) - Container #33 does not exist in datanode. Its pipeline may have closed before it was created. Container close failed.
2025-06-20 18:38:15,911 [cf583eaf-636d-4dd4-825e-fc8bd78c305e-ContainerOp-05b72cfa-8db5-4723-b05e-ec6c35110f7e-6] INFO  keyvalue.KeyValueContainer (KeyValueContainer.java:flushAndSyncDB(512)) - Synced container: KeyValueContainerData #11 (CLOSING, non-empty, ri=0, origin=[dn_cf583eaf-636d-4dd4-825e-fc8bd78c305e, pipeline_05b72cfa-8db5-4723-b05e-ec6c35110f7e])
2025-06-20 18:38:15,911 [cf583eaf-636d-4dd4-825e-fc8bd78c305e-ContainerOp-05b72cfa-8db5-4723-b05e-ec6c35110f7e-6] INFO  keyvalue.KeyValueContainer (KeyValueContainer.java:flushAndSyncDB(512)) - Synced container: KeyValueContainerData #11 (CLOSING, non-empty, ri=0, origin=[dn_cf583eaf-636d-4dd4-825e-fc8bd78c305e, pipeline_05b72cfa-8db5-4723-b05e-ec6c35110f7e])
2025-06-20 18:38:15,914 [cf583eaf-636d-4dd4-825e-fc8bd78c305e-ContainerOp-05b72cfa-8db5-4723-b05e-ec6c35110f7e-7] INFO  keyvalue.KeyValueContainer (KeyValueContainer.java:flushAndSyncDB(512)) - Synced container: KeyValueContainerData #10 (CLOSING, non-empty, ri=0, origin=[dn_cf583eaf-636d-4dd4-825e-fc8bd78c305e, pipeline_05b72cfa-8db5-4723-b05e-ec6c35110f7e])
2025-06-20 18:38:15,914 [cf583eaf-636d-4dd4-825e-fc8bd78c305e-ContainerOp-05b72cfa-8db5-4723-b05e-ec6c35110f7e-7] INFO  keyvalue.KeyValueContainer (KeyValueContainer.java:flushAndSyncDB(512)) - Synced container: KeyValueContainerData #10 (CLOSING, non-empty, ri=0, origin=[dn_cf583eaf-636d-4dd4-825e-fc8bd78c305e, pipeline_05b72cfa-8db5-4723-b05e-ec6c35110f7e])
2025-06-20 18:38:15,916 [cf583eaf-636d-4dd4-825e-fc8bd78c305e-ContainerOp-05b72cfa-8db5-4723-b05e-ec6c35110f7e-6] INFO  keyvalue.KeyValueContainer (KeyValueContainer.java:close(428)) - Closed container: KeyValueContainerData #11 (CLOSED, non-empty, ri=0, origin=[dn_cf583eaf-636d-4dd4-825e-fc8bd78c305e, pipeline_05b72cfa-8db5-4723-b05e-ec6c35110f7e])
2025-06-20 18:38:15,917 [cf583eaf-636d-4dd4-825e-fc8bd78c305e-ContainerOp-05b72cfa-8db5-4723-b05e-ec6c35110f7e-7] INFO  keyvalue.KeyValueContainer (KeyValueContainer.java:close(428)) - Closed container: KeyValueContainerData #10 (CLOSED, non-empty, ri=0, origin=[dn_cf583eaf-636d-4dd4-825e-fc8bd78c305e, pipeline_05b72cfa-8db5-4723-b05e-ec6c35110f7e])
2025-06-20 18:38:15,917 [FixedThreadPoolWithAffinityExecutor-8-0] INFO  container.IncrementalContainerReportHandler (AbstractContainerReportHandler.java:updateContainerState(289)) - CLOSE Container #11 (CLOSING, sid=5) r0 (CLOSED, bcsid=5, origin=cf583eaf-636d-4dd4-825e-fc8bd78c305e, non-empty) from dn cf583eaf-636d-4dd4-825e-fc8bd78c305e(localhost/127.0.0.1)
2025-06-20 18:38:15,919 [FixedThreadPoolWithAffinityExecutor-8-0] INFO  container.IncrementalContainerReportHandler (AbstractContainerReportHandler.java:updateContainerState(289)) - CLOSE Container #10 (CLOSING, sid=8) r0 (CLOSED, bcsid=8, origin=cf583eaf-636d-4dd4-825e-fc8bd78c305e, non-empty) from dn cf583eaf-636d-4dd4-825e-fc8bd78c305e(localhost/127.0.0.1)
2025-06-20 18:38:15,948 [3cab457f-cc31-40cf-a0db-ee4cad3622f9-ContainerOp-8086a8cf-9933-4fe5-b45d-5302ad8a22c1-0] WARN  statemachine.DatanodeConfiguration (DatanodeConfiguration.java:validateMinFreeSpace(689)) - hdds.datanode.volume.min.free.space.percent = -1.0 is invalid, should be between 0 and 1
2025-06-20 18:38:15,949 [3cab457f-cc31-40cf-a0db-ee4cad3622f9-ContainerOp-8086a8cf-9933-4fe5-b45d-5302ad8a22c1-0] WARN  statemachine.DatanodeConfiguration (DatanodeConfiguration.java:validateMinFreeSpace(689)) - hdds.datanode.volume.min.free.space.percent = -1.0 is invalid, should be between 0 and 1
2025-06-20 18:38:15,951 [abc7d4c8-1db0-40e6-92af-439d9e6bec86-ContainerOp-8086a8cf-9933-4fe5-b45d-5302ad8a22c1-0] WARN  statemachine.DatanodeConfiguration (DatanodeConfiguration.java:validateMinFreeSpace(689)) - hdds.datanode.volume.min.free.space.percent = -1.0 is invalid, should be between 0 and 1
2025-06-20 18:38:15,951 [abc7d4c8-1db0-40e6-92af-439d9e6bec86-ContainerOp-8086a8cf-9933-4fe5-b45d-5302ad8a22c1-0] WARN  statemachine.DatanodeConfiguration (DatanodeConfiguration.java:validateMinFreeSpace(689)) - hdds.datanode.volume.min.free.space.percent = -1.0 is invalid, should be between 0 and 1
2025-06-20 18:38:15,954 [c4b831bc-9c29-451c-b376-cfce513d7e6a-ContainerOp-8086a8cf-9933-4fe5-b45d-5302ad8a22c1-0] WARN  statemachine.DatanodeConfiguration (DatanodeConfiguration.java:validateMinFreeSpace(689)) - hdds.datanode.volume.min.free.space.percent = -1.0 is invalid, should be between 0 and 1
2025-06-20 18:38:15,956 [c4b831bc-9c29-451c-b376-cfce513d7e6a-ContainerOp-8086a8cf-9933-4fe5-b45d-5302ad8a22c1-0] WARN  statemachine.DatanodeConfiguration (DatanodeConfiguration.java:validateMinFreeSpace(689)) - hdds.datanode.volume.min.free.space.percent = -1.0 is invalid, should be between 0 and 1
]]></system-out>
  </testcase>
  <testcase name="testDatanodeUsageInfoContainerCount" classname="org.apache.ozone.test.NonHATests$ContainerOperations" time="0.013">
    <failure message="expected: &lt;27&gt; but was: &lt;28&gt;" type="org.opentest4j.AssertionFailedError"><![CDATA[org.opentest4j.AssertionFailedError: expected: <27> but was: <28>
	at org.apache.hadoop.hdds.scm.TestContainerOperations.testDatanodeUsageInfoContainerCount(TestContainerOperations.java:206)
	at java.base/java.lang.reflect.Method.invoke(Method.java:580)
	at java.base/java.util.ArrayList.forEach(ArrayList.java:1596)
	at java.base/java.util.ArrayList.forEach(ArrayList.java:1596)
	at java.base/java.util.ArrayList.forEach(ArrayList.java:1596)
]]></failure>
  </testcase>
  <testcase name="testListContainerExceedMaxAllowedCountOperations" classname="org.apache.ozone.test.NonHATests$ContainerOperations" time="0.03">
    <system-out><![CDATA[2025-06-20 18:38:15,984 [3cab457f-cc31-40cf-a0db-ee4cad3622f9-ChunkReader-2] WARN  statemachine.DatanodeConfiguration (DatanodeConfiguration.java:validateMinFreeSpace(689)) - hdds.datanode.volume.min.free.space.percent = -1.0 is invalid, should be between 0 and 1
2025-06-20 18:38:15,984 [3cab457f-cc31-40cf-a0db-ee4cad3622f9-ChunkReader-2] WARN  statemachine.DatanodeConfiguration (DatanodeConfiguration.java:validateMinFreeSpace(689)) - hdds.datanode.volume.min.free.space.percent = -1.0 is invalid, should be between 0 and 1
2025-06-20 18:38:15,993 [3cab457f-cc31-40cf-a0db-ee4cad3622f9-ChunkReader-7] WARN  statemachine.DatanodeConfiguration (DatanodeConfiguration.java:validateMinFreeSpace(689)) - hdds.datanode.volume.min.free.space.percent = -1.0 is invalid, should be between 0 and 1
2025-06-20 18:38:15,994 [3cab457f-cc31-40cf-a0db-ee4cad3622f9-ChunkReader-7] WARN  statemachine.DatanodeConfiguration (DatanodeConfiguration.java:validateMinFreeSpace(689)) - hdds.datanode.volume.min.free.space.percent = -1.0 is invalid, should be between 0 and 1
2025-06-20 18:38:15,999 [main] WARN  cli.ContainerOperationClient (ContainerOperationClient.java:listContainer(354)) - Attempting to list 2 containers. However, this exceeds the cluster's current limit of 1. The results will be capped at the maximum allowed count.
]]></system-out>
  </testcase>
  <testcase name="testHealthyNodesCount" classname="org.apache.ozone.test.NonHATests$ContainerOperations" time="0.002"/>
  <testcase name="testNodeOperationalStates" classname="org.apache.ozone.test.NonHATests$ContainerOperations" time="0.014">
    <system-out><![CDATA[2025-06-20 18:38:16,009 [EventQueue-HealthyReadonlyToHealthyNodeForReadOnlyHealthyToHealthyNodeHandler] INFO  node.ReadOnlyHealthyToHealthyNodeHandler (ReadOnlyHealthyToHealthyNodeHandler.java:onMessage(46)) - Datanode 3cab457f-cc31-40cf-a0db-ee4cad3622f9(localhost/127.0.0.1) moved to HEALTHY state.
2025-06-20 18:38:16,010 [EventQueue-HealthyReadonlyToHealthyNodeForReadOnlyHealthyToHealthyNodeHandler] INFO  pipeline.BackgroundPipelineCreator (BackgroundPipelineCreator.java:notifyEventTriggered(290)) - trigger a one-shot run on RatisPipelineUtilsThread.
2025-06-20 18:38:16,010 [RatisPipelineUtilsThread-0] INFO  pipeline.RatisPipelineProvider (RatisPipelineProvider.java:lambda$create$0(208)) - Sending CreatePipelineCommand for pipeline:Pipeline-8add7dc2-a025-4fd4-8c3f-9de9ba90127d to datanode:c4b831bc-9c29-451c-b376-cfce513d7e6a(localhost/127.0.0.1)
2025-06-20 18:38:16,012 [RatisPipelineUtilsThread-0] INFO  pipeline.BackgroundPipelineCreator (BackgroundPipelineCreator.java:createPipelines(246)) - Created new pipeline Pipeline{ Id: 8add7dc2-a025-4fd4-8c3f-9de9ba90127d, Nodes: [ {c4b831bc-9c29-451c-b376-cfce513d7e6a(localhost/127.0.0.1), ReplicaIndex: 0},], ReplicationConfig: RATIS/ONE, State:ALLOCATED, leaderId:, CreationTimestamp2025-06-20T18:38:16.010572085Z[Etc/UTC]}
2025-06-20 18:38:16,013 [RatisPipelineUtilsThread-0] INFO  pipeline.RatisPipelineProvider (RatisPipelineProvider.java:lambda$create$0(208)) - Sending CreatePipelineCommand for pipeline:Pipeline-3f73bb37-8fd5-445e-8cab-d6d00020ef6c to datanode:cf583eaf-636d-4dd4-825e-fc8bd78c305e(localhost/127.0.0.1)
2025-06-20 18:38:16,013 [RatisPipelineUtilsThread-0] INFO  pipeline.RatisPipelineProvider (RatisPipelineProvider.java:lambda$create$0(208)) - Sending CreatePipelineCommand for pipeline:Pipeline-3f73bb37-8fd5-445e-8cab-d6d00020ef6c to datanode:abc7d4c8-1db0-40e6-92af-439d9e6bec86(localhost/127.0.0.1)
2025-06-20 18:38:16,013 [RatisPipelineUtilsThread-0] INFO  pipeline.RatisPipelineProvider (RatisPipelineProvider.java:lambda$create$0(208)) - Sending CreatePipelineCommand for pipeline:Pipeline-3f73bb37-8fd5-445e-8cab-d6d00020ef6c to datanode:558bf82a-5633-4517-a5d7-94badcdd12f8(localhost/127.0.0.1)
2025-06-20 18:38:16,014 [RatisPipelineUtilsThread-0] INFO  pipeline.BackgroundPipelineCreator (BackgroundPipelineCreator.java:createPipelines(246)) - Created new pipeline Pipeline{ Id: 3f73bb37-8fd5-445e-8cab-d6d00020ef6c, Nodes: [ {cf583eaf-636d-4dd4-825e-fc8bd78c305e(localhost/127.0.0.1), ReplicaIndex: 0}, {abc7d4c8-1db0-40e6-92af-439d9e6bec86(localhost/127.0.0.1), ReplicaIndex: 0}, {558bf82a-5633-4517-a5d7-94badcdd12f8(localhost/127.0.0.1), ReplicaIndex: 0},], ReplicationConfig: RATIS/THREE, State:ALLOCATED, leaderId:, CreationTimestamp2025-06-20T18:38:16.013017873Z[Etc/UTC]}
2025-06-20 18:38:16,016 [EventQueue-HealthyReadonlyToHealthyNodeForReadOnlyHealthyToHealthyNodeHandler] INFO  node.ReadOnlyHealthyToHealthyNodeHandler (ReadOnlyHealthyToHealthyNodeHandler.java:onMessage(46)) - Datanode 3cab457f-cc31-40cf-a0db-ee4cad3622f9(localhost/127.0.0.1) moved to HEALTHY state.
2025-06-20 18:38:16,016 [EventQueue-HealthyReadonlyToHealthyNodeForReadOnlyHealthyToHealthyNodeHandler] INFO  pipeline.BackgroundPipelineCreator (BackgroundPipelineCreator.java:notifyEventTriggered(290)) - trigger a one-shot run on RatisPipelineUtilsThread.
2025-06-20 18:38:16,017 [RatisPipelineUtilsThread-0] INFO  pipeline.RatisPipelineProvider (RatisPipelineProvider.java:lambda$create$0(208)) - Sending CreatePipelineCommand for pipeline:Pipeline-6cd70395-da8d-45ac-b05b-80ee5ec9c592 to datanode:3cab457f-cc31-40cf-a0db-ee4cad3622f9(localhost/127.0.0.1)
2025-06-20 18:38:16,018 [EventQueue-HealthyReadonlyToHealthyNodeForReadOnlyHealthyToHealthyNodeHandler] INFO  node.ReadOnlyHealthyToHealthyNodeHandler (ReadOnlyHealthyToHealthyNodeHandler.java:onMessage(46)) - Datanode 3cab457f-cc31-40cf-a0db-ee4cad3622f9(localhost/127.0.0.1) moved to HEALTHY state.
2025-06-20 18:38:16,019 [EventQueue-HealthyReadonlyToHealthyNodeForReadOnlyHealthyToHealthyNodeHandler] INFO  pipeline.BackgroundPipelineCreator (BackgroundPipelineCreator.java:notifyEventTriggered(290)) - trigger a one-shot run on RatisPipelineUtilsThread.
2025-06-20 18:38:16,019 [EventQueue-HealthyReadonlyToHealthyNodeForReadOnlyHealthyToHealthyNodeHandler] INFO  node.ReadOnlyHealthyToHealthyNodeHandler (ReadOnlyHealthyToHealthyNodeHandler.java:onMessage(46)) - Datanode 3cab457f-cc31-40cf-a0db-ee4cad3622f9(localhost/127.0.0.1) moved to HEALTHY state.
2025-06-20 18:38:16,020 [EventQueue-HealthyReadonlyToHealthyNodeForReadOnlyHealthyToHealthyNodeHandler] INFO  pipeline.BackgroundPipelineCreator (BackgroundPipelineCreator.java:notifyEventTriggered(290)) - trigger a one-shot run on RatisPipelineUtilsThread.
2025-06-20 18:38:16,020 [RatisPipelineUtilsThread-0] INFO  pipeline.BackgroundPipelineCreator (BackgroundPipelineCreator.java:createPipelines(246)) - Created new pipeline Pipeline{ Id: 6cd70395-da8d-45ac-b05b-80ee5ec9c592, Nodes: [ {3cab457f-cc31-40cf-a0db-ee4cad3622f9(localhost/127.0.0.1), ReplicaIndex: 0},], ReplicationConfig: RATIS/ONE, State:ALLOCATED, leaderId:, CreationTimestamp2025-06-20T18:38:16.017399449Z[Etc/UTC]}
2025-06-20 18:38:16,021 [EventQueue-HealthyReadonlyToHealthyNodeForReadOnlyHealthyToHealthyNodeHandler] INFO  node.ReadOnlyHealthyToHealthyNodeHandler (ReadOnlyHealthyToHealthyNodeHandler.java:onMessage(46)) - Datanode 3cab457f-cc31-40cf-a0db-ee4cad3622f9(localhost/127.0.0.1) moved to HEALTHY state.
2025-06-20 18:38:16,021 [EventQueue-HealthyReadonlyToHealthyNodeForReadOnlyHealthyToHealthyNodeHandler] INFO  pipeline.BackgroundPipelineCreator (BackgroundPipelineCreator.java:notifyEventTriggered(290)) - trigger a one-shot run on RatisPipelineUtilsThread.
2025-06-20 18:38:16,022 [EventQueue-HealthyReadonlyToHealthyNodeForReadOnlyHealthyToHealthyNodeHandler] INFO  node.ReadOnlyHealthyToHealthyNodeHandler (ReadOnlyHealthyToHealthyNodeHandler.java:onMessage(46)) - Datanode 3cab457f-cc31-40cf-a0db-ee4cad3622f9(localhost/127.0.0.1) moved to HEALTHY state.
2025-06-20 18:38:16,022 [EventQueue-HealthyReadonlyToHealthyNodeForReadOnlyHealthyToHealthyNodeHandler] INFO  pipeline.BackgroundPipelineCreator (BackgroundPipelineCreator.java:notifyEventTriggered(290)) - trigger a one-shot run on RatisPipelineUtilsThread.
2025-06-20 18:38:16,023 [EventQueue-HealthyReadonlyToHealthyNodeForReadOnlyHealthyToHealthyNodeHandler] INFO  node.ReadOnlyHealthyToHealthyNodeHandler (ReadOnlyHealthyToHealthyNodeHandler.java:onMessage(46)) - Datanode 3cab457f-cc31-40cf-a0db-ee4cad3622f9(localhost/127.0.0.1) moved to HEALTHY state.
2025-06-20 18:38:16,023 [EventQueue-HealthyReadonlyToHealthyNodeForReadOnlyHealthyToHealthyNodeHandler] INFO  pipeline.BackgroundPipelineCreator (BackgroundPipelineCreator.java:notifyEventTriggered(290)) - trigger a one-shot run on RatisPipelineUtilsThread.
]]></system-out>
  </testcase>
  <testcase name="testDatanodeUsageInfoCompatibility" classname="org.apache.ozone.test.NonHATests$ContainerOperations" time="0.006">
    <system-out><![CDATA[2025-06-20 18:38:16,025 [RatisPipelineUtilsThread-0] INFO  pipeline.RatisPipelineProvider (RatisPipelineProvider.java:lambda$create$0(208)) - Sending CreatePipelineCommand for pipeline:Pipeline-4616b3bc-599a-49bd-8f4f-516f5fcdd3e1 to datanode:3cab457f-cc31-40cf-a0db-ee4cad3622f9(localhost/127.0.0.1)
2025-06-20 18:38:16,025 [RatisPipelineUtilsThread-0] INFO  pipeline.RatisPipelineProvider (RatisPipelineProvider.java:lambda$create$0(208)) - Sending CreatePipelineCommand for pipeline:Pipeline-4616b3bc-599a-49bd-8f4f-516f5fcdd3e1 to datanode:c4b831bc-9c29-451c-b376-cfce513d7e6a(localhost/127.0.0.1)
2025-06-20 18:38:16,025 [RatisPipelineUtilsThread-0] INFO  pipeline.RatisPipelineProvider (RatisPipelineProvider.java:lambda$create$0(208)) - Sending CreatePipelineCommand for pipeline:Pipeline-4616b3bc-599a-49bd-8f4f-516f5fcdd3e1 to datanode:cf583eaf-636d-4dd4-825e-fc8bd78c305e(localhost/127.0.0.1)
2025-06-20 18:38:16,028 [RatisPipelineUtilsThread-0] INFO  pipeline.BackgroundPipelineCreator (BackgroundPipelineCreator.java:createPipelines(246)) - Created new pipeline Pipeline{ Id: 4616b3bc-599a-49bd-8f4f-516f5fcdd3e1, Nodes: [ {3cab457f-cc31-40cf-a0db-ee4cad3622f9(localhost/127.0.0.1), ReplicaIndex: 0}, {c4b831bc-9c29-451c-b376-cfce513d7e6a(localhost/127.0.0.1), ReplicaIndex: 0}, {cf583eaf-636d-4dd4-825e-fc8bd78c305e(localhost/127.0.0.1), ReplicaIndex: 0},], ReplicationConfig: RATIS/THREE, State:ALLOCATED, leaderId:, CreationTimestamp2025-06-20T18:38:16.025111728Z[Etc/UTC]}
]]></system-out>
  </testcase>
  <testcase name="testGetPipeline" classname="org.apache.ozone.test.NonHATests$ContainerOperations" time="0.013">
    <system-out><![CDATA[18:38:16.035 [IPC Server handler 59 on default port 15000] ERROR SCMAudit - user=runner | ip=127.0.0.1 | op=GET_PIPELINE {pipelineID=4de08b15-52fc-4be3-9e61-a46c9b760b61} | ret=FAILURE
org.apache.hadoop.hdds.scm.pipeline.PipelineNotFoundException: Pipeline-4de08b15-52fc-4be3-9e61-a46c9b760b61 not found
	at org.apache.hadoop.hdds.scm.pipeline.PipelineStateMap.getPipeline(PipelineStateMap.java:150) ~[hdds-server-scm-2.1.0-SNAPSHOT.jar:?]
	at org.apache.hadoop.hdds.scm.pipeline.PipelineStateManagerImpl.getPipeline(PipelineStateManagerImpl.java:134) ~[hdds-server-scm-2.1.0-SNAPSHOT.jar:?]
	at java.base/jdk.internal.reflect.DirectMethodHandleAccessor.invoke(DirectMethodHandleAccessor.java:103) ~[?:?]
	at java.base/java.lang.reflect.Method.invoke(Method.java:580) ~[?:?]
	at org.apache.hadoop.hdds.scm.ha.SCMHAInvocationHandler.invokeLocal(SCMHAInvocationHandler.java:90) ~[hdds-server-scm-2.1.0-SNAPSHOT.jar:?]
	at org.apache.hadoop.hdds.scm.ha.SCMHAInvocationHandler.invoke(SCMHAInvocationHandler.java:73) ~[hdds-server-scm-2.1.0-SNAPSHOT.jar:?]
	at jdk.proxy2/jdk.proxy2.$Proxy51.getPipeline(Unknown Source) ~[?:?]
	at org.apache.hadoop.hdds.scm.pipeline.PipelineManagerImpl.getPipeline(PipelineManagerImpl.java:334) ~[hdds-server-scm-2.1.0-SNAPSHOT.jar:?]
	at org.apache.hadoop.hdds.scm.server.SCMClientProtocolServer.getPipeline(SCMClientProtocolServer.java:832) ~[hdds-server-scm-2.1.0-SNAPSHOT.jar:?]
	at org.apache.hadoop.hdds.scm.protocol.StorageContainerLocationProtocolServerSideTranslatorPB.getPipeline(StorageContainerLocationProtocolServerSideTranslatorPB.java:971) ~[hdds-server-scm-2.1.0-SNAPSHOT.jar:?]
	at org.apache.hadoop.hdds.scm.protocol.StorageContainerLocationProtocolServerSideTranslatorPB.processRequest(StorageContainerLocationProtocolServerSideTranslatorPB.java:616) ~[hdds-server-scm-2.1.0-SNAPSHOT.jar:?]
	at org.apache.hadoop.hdds.server.OzoneProtocolMessageDispatcher.processRequest(OzoneProtocolMessageDispatcher.java:87) ~[hdds-server-framework-2.1.0-SNAPSHOT.jar:?]
	at org.apache.hadoop.hdds.scm.protocol.StorageContainerLocationProtocolServerSideTranslatorPB.submitRequest(StorageContainerLocationProtocolServerSideTranslatorPB.java:234) ~[hdds-server-scm-2.1.0-SNAPSHOT.jar:?]
	at org.apache.hadoop.hdds.protocol.proto.StorageContainerLocationProtocolProtos$StorageContainerLocationProtocolService$2.callBlockingMethod(StorageContainerLocationProtocolProtos.java) ~[hdds-interface-admin-2.1.0-SNAPSHOT.jar:?]
	at org.apache.hadoop.ipc.ProtobufRpcEngine$Server.processCall(ProtobufRpcEngine.java:484) ~[hadoop-common-3.4.1.jar:?]
	at org.apache.hadoop.ipc.ProtobufRpcEngine2$Server$ProtoBufRpcInvoker.call(ProtobufRpcEngine2.java:595) ~[hadoop-common-3.4.1.jar:?]
	at org.apache.hadoop.ipc.ProtobufRpcEngine2$Server$ProtoBufRpcInvoker.call(ProtobufRpcEngine2.java:573) ~[hadoop-common-3.4.1.jar:?]
	at org.apache.hadoop.ipc.RPC$Server.call(RPC.java:1227) ~[hadoop-common-3.4.1.jar:?]
	at org.apache.hadoop.ipc.Server$RpcCall.run(Server.java:1246) ~[hadoop-common-3.4.1.jar:?]
	at org.apache.hadoop.ipc.Server$RpcCall.run(Server.java:1169) ~[hadoop-common-3.4.1.jar:?]
	at java.base/java.security.AccessController.doPrivileged(AccessController.java:714) [?:?]
	at java.base/javax.security.auth.Subject.doAs(Subject.java:525) [?:?]
	at org.apache.hadoop.security.UserGroupInformation.doAs(UserGroupInformation.java:1953) [hadoop-common-3.4.1.jar:?]
	at org.apache.hadoop.ipc.Server$Handler.run(Server.java:3198) [hadoop-common-3.4.1.jar:?]
2025-06-20 18:38:16,036 [IPC Server handler 59 on default port 15000] INFO  ipc.Server (Server.java:logException(3260)) - IPC Server handler 59 on default port 15000, call Call#3854 Retry#0 org.apache.hadoop.hdds.scm.protocol.StorageContainerLocationProtocol.submitRequest from 127.0.0.1:40032
org.apache.hadoop.hdds.scm.pipeline.PipelineNotFoundException: Pipeline-4de08b15-52fc-4be3-9e61-a46c9b760b61 not found
	at org.apache.hadoop.hdds.scm.pipeline.PipelineStateMap.getPipeline(PipelineStateMap.java:150)
	at org.apache.hadoop.hdds.scm.pipeline.PipelineStateManagerImpl.getPipeline(PipelineStateManagerImpl.java:134)
	at java.base/jdk.internal.reflect.DirectMethodHandleAccessor.invoke(DirectMethodHandleAccessor.java:103)
	at java.base/java.lang.reflect.Method.invoke(Method.java:580)
	at org.apache.hadoop.hdds.scm.ha.SCMHAInvocationHandler.invokeLocal(SCMHAInvocationHandler.java:90)
	at org.apache.hadoop.hdds.scm.ha.SCMHAInvocationHandler.invoke(SCMHAInvocationHandler.java:73)
	at jdk.proxy2/jdk.proxy2.$Proxy51.getPipeline(Unknown Source)
	at org.apache.hadoop.hdds.scm.pipeline.PipelineManagerImpl.getPipeline(PipelineManagerImpl.java:334)
	at org.apache.hadoop.hdds.scm.server.SCMClientProtocolServer.getPipeline(SCMClientProtocolServer.java:832)
	at org.apache.hadoop.hdds.scm.protocol.StorageContainerLocationProtocolServerSideTranslatorPB.getPipeline(StorageContainerLocationProtocolServerSideTranslatorPB.java:971)
	at org.apache.hadoop.hdds.scm.protocol.StorageContainerLocationProtocolServerSideTranslatorPB.processRequest(StorageContainerLocationProtocolServerSideTranslatorPB.java:616)
	at org.apache.hadoop.hdds.server.OzoneProtocolMessageDispatcher.processRequest(OzoneProtocolMessageDispatcher.java:87)
	at org.apache.hadoop.hdds.scm.protocol.StorageContainerLocationProtocolServerSideTranslatorPB.submitRequest(StorageContainerLocationProtocolServerSideTranslatorPB.java:234)
	at org.apache.hadoop.hdds.protocol.proto.StorageContainerLocationProtocolProtos$StorageContainerLocationProtocolService$2.callBlockingMethod(StorageContainerLocationProtocolProtos.java)
	at org.apache.hadoop.ipc.ProtobufRpcEngine$Server.processCall(ProtobufRpcEngine.java:484)
	at org.apache.hadoop.ipc.ProtobufRpcEngine2$Server$ProtoBufRpcInvoker.call(ProtobufRpcEngine2.java:595)
	at org.apache.hadoop.ipc.ProtobufRpcEngine2$Server$ProtoBufRpcInvoker.call(ProtobufRpcEngine2.java:573)
	at org.apache.hadoop.ipc.RPC$Server.call(RPC.java:1227)
	at org.apache.hadoop.ipc.Server$RpcCall.run(Server.java:1246)
	at org.apache.hadoop.ipc.Server$RpcCall.run(Server.java:1169)
	at java.base/java.security.AccessController.doPrivileged(AccessController.java:714)
	at java.base/javax.security.auth.Subject.doAs(Subject.java:525)
	at org.apache.hadoop.security.UserGroupInformation.doAs(UserGroupInformation.java:1953)
	at org.apache.hadoop.ipc.Server$Handler.run(Server.java:3198)
]]></system-out>
  </testcase>
  <testcase name="testCreate" classname="org.apache.ozone.test.NonHATests$ContainerOperations" time="0.012">
    <system-out><![CDATA[2025-06-20 18:38:16,050 [3cab457f-cc31-40cf-a0db-ee4cad3622f9-ChunkReader-6] WARN  statemachine.DatanodeConfiguration (DatanodeConfiguration.java:validateMinFreeSpace(689)) - hdds.datanode.volume.min.free.space.percent = -1.0 is invalid, should be between 0 and 1
2025-06-20 18:38:16,050 [3cab457f-cc31-40cf-a0db-ee4cad3622f9-ChunkReader-6] WARN  statemachine.DatanodeConfiguration (DatanodeConfiguration.java:validateMinFreeSpace(689)) - hdds.datanode.volume.min.free.space.percent = -1.0 is invalid, should be between 0 and 1
]]></system-out>
  </testcase>
  <testcase name="testContainerStateMachineIdempotency" classname="org.apache.ozone.test.NonHATests$ContainerOperations" time="0.039">
    <system-out><![CDATA[2025-06-20 18:38:16,061 [3cab457f-cc31-40cf-a0db-ee4cad3622f9-ChunkReader-1] WARN  statemachine.DatanodeConfiguration (DatanodeConfiguration.java:validateMinFreeSpace(689)) - hdds.datanode.volume.min.free.space.percent = -1.0 is invalid, should be between 0 and 1
2025-06-20 18:38:16,062 [3cab457f-cc31-40cf-a0db-ee4cad3622f9-ChunkReader-1] WARN  statemachine.DatanodeConfiguration (DatanodeConfiguration.java:validateMinFreeSpace(689)) - hdds.datanode.volume.min.free.space.percent = -1.0 is invalid, should be between 0 and 1
2025-06-20 18:38:16,075 [3cab457f-cc31-40cf-a0db-ee4cad3622f9-ChunkReader-8] WARN  helpers.ChunkUtils (ChunkUtils.java:validateChunkForOverwrite(378)) - Duplicate write chunk request. Chunk overwrite without explicit request. ChunkInfo{chunkName='114717143601447178.data.0, offset=0, len=1891}
2025-06-20 18:38:16,087 [3cab457f-cc31-40cf-a0db-ee4cad3622f9-ChunkReader-5] INFO  keyvalue.KeyValueContainer (KeyValueContainer.java:flushAndSyncDB(512)) - Synced container: KeyValueContainerData #70 (CLOSING, non-empty, ri=0, origin=[dn_3cab457f-cc31-40cf-a0db-ee4cad3622f9, pipeline_])
2025-06-20 18:38:16,087 [FixedThreadPoolWithAffinityExecutor-1-0] INFO  container.IncrementalContainerReportHandler (AbstractContainerReportHandler.java:updateContainerState(253)) - FINALIZE (i.e. CLOSING) Container #70 (OPEN, sid=0) r0 (CLOSING, bcsid=0, origin=3cab457f-cc31-40cf-a0db-ee4cad3622f9, non-empty) from dn 3cab457f-cc31-40cf-a0db-ee4cad3622f9(localhost/127.0.0.1)
2025-06-20 18:38:16,087 [3cab457f-cc31-40cf-a0db-ee4cad3622f9-ChunkReader-5] INFO  keyvalue.KeyValueContainer (KeyValueContainer.java:flushAndSyncDB(512)) - Synced container: KeyValueContainerData #70 (CLOSING, non-empty, ri=0, origin=[dn_3cab457f-cc31-40cf-a0db-ee4cad3622f9, pipeline_])
2025-06-20 18:38:16,091 [3cab457f-cc31-40cf-a0db-ee4cad3622f9-ChunkReader-5] INFO  keyvalue.KeyValueContainer (KeyValueContainer.java:close(428)) - Closed container: KeyValueContainerData #70 (CLOSED, non-empty, ri=0, origin=[dn_3cab457f-cc31-40cf-a0db-ee4cad3622f9, pipeline_])
2025-06-20 18:38:16,092 [FixedThreadPoolWithAffinityExecutor-1-0] INFO  container.IncrementalContainerReportHandler (AbstractContainerReportHandler.java:updateContainerState(289)) - CLOSE Container #70 (CLOSING, sid=0) r0 (CLOSED, bcsid=0, origin=3cab457f-cc31-40cf-a0db-ee4cad3622f9, non-empty) from dn 3cab457f-cc31-40cf-a0db-ee4cad3622f9(localhost/127.0.0.1)
]]></system-out>
  </testcase>
</testsuite>