<?xml version="1.0" encoding="UTF-8"?>
<testsuite xmlns:xsi="http://www.w3.org/2001/XMLSchema-instance" xsi:noNamespaceSchemaLocation="https://maven.apache.org/surefire/maven-surefire-plugin/xsd/surefire-test-report.xsd" name="org.apache.hadoop.ozone.client.rpc.Test2WayCommitInRatis" time="97.496" tests="1" errors="1" skipped="0" failures="0">
  <properties>
    <property name="awt.toolkit" value="sun.awt.X11.XToolkit"/>
    <property name="file.encoding.pkg" value="sun.io"/>
    <property name="java.specification.version" value="1.8"/>
    <property name="sun.cpu.isalist" value=""/>
    <property name="sun.jnu.encoding" value="ANSI_X3.4-1968"/>
    <property name="java.class.path" value="/github/workspace/mnt/ozone/hadoop-ozone/integration-test/target/test-classes:/github/workspace/mnt/ozone/hadoop-ozone/integration-test/target/classes:/home/user/.m2/repository/org/apache/hadoop/hadoop-ozone-common/0.6.0-SNAPSHOT/hadoop-ozone-common-0.6.0-SNAPSHOT.jar:/home/user/.m2/repository/org/apache/commons/commons-compress/1.4.1/commons-compress-1.4.1.jar:/home/user/.m2/repository/org/tukaani/xz/1.0/xz-1.0.jar:/home/user/.m2/repository/org/apache/hadoop/hadoop-hdds-common/0.6.0-SNAPSHOT/hadoop-hdds-common-0.6.0-SNAPSHOT.jar:/home/user/.m2/repository/info/picocli/picocli/3.9.6/picocli-3.9.6.jar:/home/user/.m2/repository/com/fasterxml/jackson/core/jackson-annotations/2.10.3/jackson-annotations-2.10.3.jar:/home/user/.m2/repository/javax/annotation/javax.annotation-api/1.2/javax.annotation-api-1.2.jar:/home/user/.m2/repository/org/apache/ratis/ratis-server/0.6.0-cac3336-SNAPSHOT/ratis-server-0.6.0-cac3336-SNAPSHOT.jar:/home/user/.m2/repository/org/apache/ratis/ratis-thirdparty-misc/0.4.0/ratis-thirdparty-misc-0.4.0.jar:/home/user/.m2/repository/org/apache/ratis/ratis-client/0.6.0-cac3336-SNAPSHOT/ratis-client-0.6.0-cac3336-SNAPSHOT.jar:/home/user/.m2/repository/org/apache/ratis/ratis-metrics/0.6.0-cac3336-SNAPSHOT/ratis-metrics-0.6.0-cac3336-SNAPSHOT.jar:/home/user/.m2/repository/org/apache/ratis/ratis-netty/0.6.0-cac3336-SNAPSHOT/ratis-netty-0.6.0-cac3336-SNAPSHOT.jar:/home/user/.m2/repository/org/apache/ratis/ratis-grpc/0.6.0-cac3336-SNAPSHOT/ratis-grpc-0.6.0-cac3336-SNAPSHOT.jar:/home/user/.m2/repository/org/apache/logging/log4j/log4j-api/2.11.0/log4j-api-2.11.0.jar:/home/user/.m2/repository/org/apache/logging/log4j/log4j-core/2.11.0/log4j-core-2.11.0.jar:/home/user/.m2/repository/com/lmax/disruptor/3.4.2/disruptor-3.4.2.jar:/home/user/.m2/repository/org/apache/commons/commons-pool2/2.6.0/commons-pool2-2.6.0.jar:/home/user/.m2/repository/org/bouncycastle/bcpkix-jdk15on/1.60/bcpkix-jdk15on-1.60.jar:/home/user/.m2/repository/commons-validator/commons-validator/1.6/commons-validator-1.6.jar:/home/user/.m2/repository/commons-digester/commons-digester/1.8.1/commons-digester-1.8.1.jar:/home/user/.m2/repository/io/jaegertracing/jaeger-client/1.2.0/jaeger-client-1.2.0.jar:/home/user/.m2/repository/io/jaegertracing/jaeger-thrift/1.2.0/jaeger-thrift-1.2.0.jar:/home/user/.m2/repository/org/apache/thrift/libthrift/0.13.0/libthrift-0.13.0.jar:/home/user/.m2/repository/com/squareup/okhttp3/okhttp/4.2.2/okhttp-4.2.2.jar:/home/user/.m2/repository/com/squareup/okio/okio/2.2.2/okio-2.2.2.jar:/home/user/.m2/repository/org/jetbrains/kotlin/kotlin-stdlib/1.3.50/kotlin-stdlib-1.3.50.jar:/home/user/.m2/repository/org/jetbrains/kotlin/kotlin-stdlib-common/1.3.50/kotlin-stdlib-common-1.3.50.jar:/home/user/.m2/repository/org/jetbrains/annotations/13.0/annotations-13.0.jar:/home/user/.m2/repository/io/jaegertracing/jaeger-core/1.2.0/jaeger-core-1.2.0.jar:/home/user/.m2/repository/io/jaegertracing/jaeger-tracerresolver/1.2.0/jaeger-tracerresolver-1.2.0.jar:/home/user/.m2/repository/io/opentracing/contrib/opentracing-tracerresolver/0.1.8/opentracing-tracerresolver-0.1.8.jar:/home/user/.m2/repository/io/opentracing/opentracing-util/0.33.0/opentracing-util-0.33.0.jar:/home/user/.m2/repository/io/opentracing/opentracing-api/0.33.0/opentracing-api-0.33.0.jar:/home/user/.m2/repository/io/opentracing/opentracing-noop/0.33.0/opentracing-noop-0.33.0.jar:/home/user/.m2/repository/org/apache/hadoop/hadoop-hdds-client/0.6.0-SNAPSHOT/hadoop-hdds-client-0.6.0-SNAPSHOT.jar:/home/user/.m2/repository/org/apache/hadoop/hadoop-hdds-test-utils/0.6.0-SNAPSHOT/hadoop-hdds-test-utils-0.6.0-SNAPSHOT.jar:/home/user/.m2/repository/com/google/guava/guava/28.2-jre/guava-28.2-jre.jar:/home/user/.m2/repository/com/google/guava/failureaccess/1.0.1/failureaccess-1.0.1.jar:/home/user/.m2/repository/com/google/guava/listenablefuture/9999.0-empty-to-avoid-conflict-with-guava/listenablefuture-9999.0-empty-to-avoid-conflict-with-guava.jar:/home/user/.m2/repository/com/google/code/findbugs/jsr305/3.0.0/jsr305-3.0.0.jar:/home/user/.m2/repository/org/checkerframework/checker-qual/2.10.0/checker-qual-2.10.0.jar:/home/user/.m2/repository/com/google/errorprone/error_prone_annotations/2.2.0/error_prone_annotations-2.2.0.jar:/home/user/.m2/repository/com/google/j2objc/j2objc-annotations/1.3/j2objc-annotations-1.3.jar:/home/user/.m2/repository/commons-io/commons-io/2.5/commons-io-2.5.jar:/home/user/.m2/repository/commons-logging/commons-logging/1.2/commons-logging-1.2.jar:/home/user/.m2/repository/log4j/log4j/1.2.17/log4j-1.2.17.jar:/home/user/.m2/repository/org/slf4j/slf4j-api/1.7.25/slf4j-api-1.7.25.jar:/home/user/.m2/repository/org/apache/hadoop/hadoop-hdds-server-scm/0.6.0-SNAPSHOT/hadoop-hdds-server-scm-0.6.0-SNAPSHOT.jar:/home/user/.m2/repository/org/apache/hadoop/hadoop-hdds-container-service/0.6.0-SNAPSHOT/hadoop-hdds-container-service-0.6.0-SNAPSHOT.jar:/home/user/.m2/repository/org/apache/hadoop/hadoop-hdds-hadoop-dependency-server/0.6.0-SNAPSHOT/hadoop-hdds-hadoop-dependency-server-0.6.0-SNAPSHOT.jar:/home/user/.m2/repository/org/apache/hadoop/hadoop-hdds-server-framework/0.6.0-SNAPSHOT/hadoop-hdds-server-framework-0.6.0-SNAPSHOT.jar:/home/user/.m2/repository/org/rocksdb/rocksdbjni/6.6.4/rocksdbjni-6.6.4.jar:/home/user/.m2/repository/io/prometheus/simpleclient_dropwizard/0.7.0/simpleclient_dropwizard-0.7.0.jar:/home/user/.m2/repository/io/prometheus/simpleclient/0.7.0/simpleclient-0.7.0.jar:/home/user/.m2/repository/io/prometheus/simpleclient_common/0.7.0/simpleclient_common-0.7.0.jar:/home/user/.m2/repository/com/fasterxml/jackson/datatype/jackson-datatype-jsr310/2.10.3/jackson-datatype-jsr310-2.10.3.jar:/home/user/.m2/repository/org/apache/hadoop/hadoop-hdds-docs/0.6.0-SNAPSHOT/hadoop-hdds-docs-0.6.0-SNAPSHOT.jar:/home/user/.m2/repository/io/dropwizard/metrics/metrics-core/3.2.4/metrics-core-3.2.4.jar:/home/user/.m2/repository/org/apache/hadoop/hadoop-hdfs-client/3.2.1/hadoop-hdfs-client-3.2.1.jar:/home/user/.m2/repository/org/bouncycastle/bcprov-jdk15on/1.60/bcprov-jdk15on-1.60.jar:/home/user/.m2/repository/org/apache/hadoop/hadoop-ozone-ozone-manager/0.6.0-SNAPSHOT/hadoop-ozone-ozone-manager-0.6.0-SNAPSHOT.jar:/home/user/.m2/repository/org/apache/hadoop/hadoop-minikdc/3.2.1/hadoop-minikdc-3.2.1.jar:/home/user/.m2/repository/org/apache/kerby/kerb-simplekdc/1.0.1/kerb-simplekdc-1.0.1.jar:/home/user/.m2/repository/org/apache/kerby/kerb-client/1.0.1/kerb-client-1.0.1.jar:/home/user/.m2/repository/org/apache/kerby/kerby-config/1.0.1/kerby-config-1.0.1.jar:/home/user/.m2/repository/org/apache/kerby/kerb-core/1.0.1/kerb-core-1.0.1.jar:/home/user/.m2/repository/org/apache/kerby/kerby-pkix/1.0.1/kerby-pkix-1.0.1.jar:/home/user/.m2/repository/org/apache/kerby/kerby-asn1/1.0.1/kerby-asn1-1.0.1.jar:/home/user/.m2/repository/org/apache/kerby/kerby-util/1.0.1/kerby-util-1.0.1.jar:/home/user/.m2/repository/org/apache/kerby/kerb-common/1.0.1/kerb-common-1.0.1.jar:/home/user/.m2/repository/org/apache/kerby/kerb-crypto/1.0.1/kerb-crypto-1.0.1.jar:/home/user/.m2/repository/org/apache/kerby/kerb-util/1.0.1/kerb-util-1.0.1.jar:/home/user/.m2/repository/org/apache/kerby/token-provider/1.0.1/token-provider-1.0.1.jar:/home/user/.m2/repository/org/apache/kerby/kerb-admin/1.0.1/kerb-admin-1.0.1.jar:/home/user/.m2/repository/org/apache/kerby/kerb-server/1.0.1/kerb-server-1.0.1.jar:/home/user/.m2/repository/org/apache/kerby/kerb-identity/1.0.1/kerb-identity-1.0.1.jar:/home/user/.m2/repository/org/apache/kerby/kerby-xdr/1.0.1/kerby-xdr-1.0.1.jar:/home/user/.m2/repository/org/slf4j/slf4j-log4j12/1.7.25/slf4j-log4j12-1.7.25.jar:/home/user/.m2/repository/org/apache/hadoop/hadoop-ozone-s3gateway/0.6.0-SNAPSHOT/hadoop-ozone-s3gateway-0.6.0-SNAPSHOT.jar:/home/user/.m2/repository/org/jboss/weld/servlet/weld-servlet/2.4.7.Final/weld-servlet-2.4.7.Final.jar:/home/user/.m2/repository/org/glassfish/jersey/containers/jersey-container-servlet-core/2.27/jersey-container-servlet-core-2.27.jar:/home/user/.m2/repository/org/glassfish/hk2/external/javax.inject/2.5.0-b42/javax.inject-2.5.0-b42.jar:/home/user/.m2/repository/org/glassfish/jersey/core/jersey-common/2.27/jersey-common-2.27.jar:/home/user/.m2/repository/org/glassfish/hk2/osgi-resource-locator/1.0.1/osgi-resource-locator-1.0.1.jar:/home/user/.m2/repository/javax/ws/rs/javax.ws.rs-api/2.1/javax.ws.rs-api-2.1.jar:/home/user/.m2/repository/org/glassfish/jersey/ext/cdi/jersey-cdi1x/2.27/jersey-cdi1x-2.27.jar:/home/user/.m2/repository/org/glassfish/jersey/inject/jersey-hk2/2.27/jersey-hk2-2.27.jar:/home/user/.m2/repository/org/glassfish/hk2/hk2-locator/2.5.0-b42/hk2-locator-2.5.0-b42.jar:/home/user/.m2/repository/org/javassist/javassist/3.22.0-CR2/javassist-3.22.0-CR2.jar:/home/user/.m2/repository/org/glassfish/hk2/hk2-api/2.5.0/hk2-api-2.5.0.jar:/home/user/.m2/repository/org/glassfish/hk2/external/jakarta.inject/2.5.0/jakarta.inject-2.5.0.jar:/home/user/.m2/repository/org/glassfish/hk2/hk2-utils/2.5.0/hk2-utils-2.5.0.jar:/home/user/.m2/repository/jakarta/annotation/jakarta.annotation-api/1.3.4/jakarta.annotation-api-1.3.4.jar:/home/user/.m2/repository/org/glassfish/hk2/external/aopalliance-repackaged/2.5.0/aopalliance-repackaged-2.5.0.jar:/home/user/.m2/repository/com/fasterxml/jackson/dataformat/jackson-dataformat-xml/2.10.3/jackson-dataformat-xml-2.10.3.jar:/home/user/.m2/repository/com/fasterxml/jackson/core/jackson-core/2.10.3/jackson-core-2.10.3.jar:/home/user/.m2/repository/com/fasterxml/jackson/module/jackson-module-jaxb-annotations/2.10.3/jackson-module-jaxb-annotations-2.10.3.jar:/home/user/.m2/repository/jakarta/xml/bind/jakarta.xml.bind-api/2.3.2/jakarta.xml.bind-api-2.3.2.jar:/home/user/.m2/repository/jakarta/activation/jakarta.activation-api/1.2.1/jakarta.activation-api-1.2.1.jar:/home/user/.m2/repository/org/codehaus/woodstox/stax2-api/3.1.4/stax2-api-3.1.4.jar:/home/user/.m2/repository/com/fasterxml/woodstox/woodstox-core/5.0.3/woodstox-core-5.0.3.jar:/home/user/.m2/repository/javax/enterprise/cdi-api/1.2/cdi-api-1.2.jar:/home/user/.m2/repository/javax/el/javax.el-api/3.0.0/javax.el-api-3.0.0.jar:/home/user/.m2/repository/javax/interceptor/javax.interceptor-api/1.2/javax.interceptor-api-1.2.jar:/home/user/.m2/repository/javax/inject/javax.inject/1/javax.inject-1.jar:/home/user/.m2/repository/com/sun/xml/bind/jaxb-impl/2.3.0.1/jaxb-impl-2.3.0.1.jar:/home/user/.m2/repository/com/sun/xml/bind/jaxb-core/2.3.0.1/jaxb-core-2.3.0.1.jar:/home/user/.m2/repository/javax/xml/bind/jaxb-api/2.3.0/jaxb-api-2.3.0.jar:/home/user/.m2/repository/javax/activation/activation/1.1.1/activation-1.1.1.jar:/home/user/.m2/repository/org/apache/hadoop/hadoop-ozone-csi/0.6.0-SNAPSHOT/hadoop-ozone-csi-0.6.0-SNAPSHOT.jar:/home/user/.m2/repository/com/google/protobuf/protobuf-java-util/3.11.0/protobuf-java-util-3.11.0.jar:/home/user/.m2/repository/com/google/code/gson/gson/2.2.4/gson-2.2.4.jar:/home/user/.m2/repository/org/apache/hadoop/hadoop-hdds-config/0.6.0-SNAPSHOT/hadoop-hdds-config-0.6.0-SNAPSHOT.jar:/home/user/.m2/repository/com/google/protobuf/protobuf-java/2.5.0/protobuf-java-2.5.0.jar:/home/user/.m2/repository/io/grpc/grpc-netty/1.28.1/grpc-netty-1.28.1.jar:/home/user/.m2/repository/io/grpc/grpc-core/1.28.1/grpc-core-1.28.1.jar:/home/user/.m2/repository/com/google/android/annotations/4.1.1.4/annotations-4.1.1.4.jar:/home/user/.m2/repository/io/perfmark/perfmark-api/0.19.0/perfmark-api-0.19.0.jar:/home/user/.m2/repository/io/netty/netty-codec-http2/4.1.45.Final/netty-codec-http2-4.1.45.Final.jar:/home/user/.m2/repository/io/netty/netty-codec/4.1.45.Final/netty-codec-4.1.45.Final.jar:/home/user/.m2/repository/io/netty/netty-handler/4.1.45.Final/netty-handler-4.1.45.Final.jar:/home/user/.m2/repository/io/netty/netty-codec-http/4.1.45.Final/netty-codec-http-4.1.45.Final.jar:/home/user/.m2/repository/io/netty/netty-handler-proxy/4.1.45.Final/netty-handler-proxy-4.1.45.Final.jar:/home/user/.m2/repository/io/netty/netty-codec-socks/4.1.45.Final/netty-codec-socks-4.1.45.Final.jar:/home/user/.m2/repository/io/netty/netty-transport-native-epoll/4.1.48.Final/netty-transport-native-epoll-4.1.48.Final.jar:/home/user/.m2/repository/io/netty/netty-common/4.1.48.Final/netty-common-4.1.48.Final.jar:/home/user/.m2/repository/io/netty/netty-buffer/4.1.48.Final/netty-buffer-4.1.48.Final.jar:/home/user/.m2/repository/io/netty/netty-transport/4.1.48.Final/netty-transport-4.1.48.Final.jar:/home/user/.m2/repository/io/netty/netty-resolver/4.1.48.Final/netty-resolver-4.1.48.Final.jar:/home/user/.m2/repository/io/netty/netty-transport-native-unix-common/4.1.48.Final/netty-transport-native-unix-common-4.1.48.Final.jar:/home/user/.m2/repository/io/grpc/grpc-protobuf/1.28.1/grpc-protobuf-1.28.1.jar:/home/user/.m2/repository/io/grpc/grpc-api/1.28.1/grpc-api-1.28.1.jar:/home/user/.m2/repository/io/grpc/grpc-context/1.28.1/grpc-context-1.28.1.jar:/home/user/.m2/repository/org/codehaus/mojo/animal-sniffer-annotations/1.18/animal-sniffer-annotations-1.18.jar:/home/user/.m2/repository/com/google/api/grpc/proto-google-common-protos/1.17.0/proto-google-common-protos-1.17.0.jar:/home/user/.m2/repository/io/grpc/grpc-protobuf-lite/1.28.1/grpc-protobuf-lite-1.28.1.jar:/home/user/.m2/repository/io/grpc/grpc-stub/1.28.1/grpc-stub-1.28.1.jar:/home/user/.m2/repository/org/apache/hadoop/hadoop-ozone-recon/0.6.0-SNAPSHOT/hadoop-ozone-recon-0.6.0-SNAPSHOT.jar:/home/user/.m2/repository/org/apache/hadoop/hadoop-ozone-reconcodegen/0.6.0-SNAPSHOT/hadoop-ozone-reconcodegen-0.6.0-SNAPSHOT.jar:/home/user/.m2/repository/com/google/inject/extensions/guice-multibindings/4.0/guice-multibindings-4.0.jar:/home/user/.m2/repository/com/google/inject/guice/4.0/guice-4.0.jar:/home/user/.m2/repository/aopalliance/aopalliance/1.0/aopalliance-1.0.jar:/home/user/.m2/repository/com/google/inject/extensions/guice-assistedinject/4.0/guice-assistedinject-4.0.jar:/home/user/.m2/repository/com/google/inject/extensions/guice-servlet/4.0/guice-servlet-4.0.jar:/home/user/.m2/repository/org/glassfish/jersey/containers/jersey-container-servlet/2.27/jersey-container-servlet-2.27.jar:/home/user/.m2/repository/org/glassfish/hk2/guice-bridge/2.5.0/guice-bridge-2.5.0.jar:/home/user/.m2/repository/org/glassfish/jersey/core/jersey-server/2.27/jersey-server-2.27.jar:/home/user/.m2/repository/org/glassfish/jersey/core/jersey-client/2.27/jersey-client-2.27.jar:/home/user/.m2/repository/org/glassfish/jersey/media/jersey-media-jaxb/2.27/jersey-media-jaxb-2.27.jar:/home/user/.m2/repository/javax/validation/validation-api/1.1.0.Final/validation-api-1.1.0.Final.jar:/home/user/.m2/repository/org/glassfish/jersey/media/jersey-media-json-jackson/2.27/jersey-media-json-jackson-2.27.jar:/home/user/.m2/repository/org/glassfish/jersey/ext/jersey-entity-filtering/2.27/jersey-entity-filtering-2.27.jar:/home/user/.m2/repository/org/jooq/jooq/3.11.10/jooq-3.11.10.jar:/home/user/.m2/repository/org/jooq/jooq-meta/3.11.10/jooq-meta-3.11.10.jar:/home/user/.m2/repository/org/jooq/jooq-codegen/3.11.10/jooq-codegen-3.11.10.jar:/home/user/.m2/repository/com/jolbox/bonecp/0.8.0.RELEASE/bonecp-0.8.0.RELEASE.jar:/home/user/.m2/repository/org/apache/derby/derby/10.14.2.0/derby-10.14.2.0.jar:/home/user/.m2/repository/org/xerial/sqlite-jdbc/3.25.2/sqlite-jdbc-3.25.2.jar:/home/user/.m2/repository/org/springframework/spring-jdbc/5.2.5.RELEASE/spring-jdbc-5.2.5.RELEASE.jar:/home/user/.m2/repository/org/springframework/spring-beans/5.2.5.RELEASE/spring-beans-5.2.5.RELEASE.jar:/home/user/.m2/repository/org/springframework/spring-core/5.2.5.RELEASE/spring-core-5.2.5.RELEASE.jar:/home/user/.m2/repository/org/springframework/spring-jcl/5.2.5.RELEASE/spring-jcl-5.2.5.RELEASE.jar:/home/user/.m2/repository/org/springframework/spring-tx/5.2.5.RELEASE/spring-tx-5.2.5.RELEASE.jar:/home/user/.m2/repository/org/apache/hadoop/hadoop-ozone-client/0.6.0-SNAPSHOT/hadoop-ozone-client-0.6.0-SNAPSHOT.jar:/home/user/.m2/repository/org/apache/hadoop/hadoop-ozone-filesystem/0.6.0-SNAPSHOT/hadoop-ozone-filesystem-0.6.0-SNAPSHOT.jar:/home/user/.m2/repository/org/apache/hadoop/hadoop-hdds-hadoop-dependency-client/0.6.0-SNAPSHOT/hadoop-hdds-hadoop-dependency-client-0.6.0-SNAPSHOT.jar:/home/user/.m2/repository/org/apache/hadoop/hadoop-ozone-tools/0.6.0-SNAPSHOT/hadoop-ozone-tools-0.6.0-SNAPSHOT.jar:/home/user/.m2/repository/org/apache/hadoop/hadoop-hdfs/3.2.1/hadoop-hdfs-3.2.1.jar:/home/user/.m2/repository/org/apache/ratis/ratis-tools/0.6.0-cac3336-SNAPSHOT/ratis-tools-0.6.0-cac3336-SNAPSHOT.jar:/home/user/.m2/repository/org/apache/ratis/ratis-proto/0.6.0-cac3336-SNAPSHOT/ratis-proto-0.6.0-cac3336-SNAPSHOT.jar:/home/user/.m2/repository/org/apache/ratis/ratis-common/0.6.0-cac3336-SNAPSHOT/ratis-common-0.6.0-cac3336-SNAPSHOT.jar:/home/user/.m2/repository/com/amazonaws/aws-java-sdk-core/1.11.615/aws-java-sdk-core-1.11.615.jar:/home/user/.m2/repository/org/apache/httpcomponents/httpclient/4.5.2/httpclient-4.5.2.jar:/home/user/.m2/repository/org/apache/httpcomponents/httpcore/4.4.4/httpcore-4.4.4.jar:/home/user/.m2/repository/software/amazon/ion/ion-java/1.0.2/ion-java-1.0.2.jar:/home/user/.m2/repository/com/fasterxml/jackson/dataformat/jackson-dataformat-cbor/2.10.3/jackson-dataformat-cbor-2.10.3.jar:/home/user/.m2/repository/joda-time/joda-time/2.8.1/joda-time-2.8.1.jar:/home/user/.m2/repository/com/amazonaws/aws-java-sdk-s3/1.11.615/aws-java-sdk-s3-1.11.615.jar:/home/user/.m2/repository/com/amazonaws/aws-java-sdk-kms/1.11.615/aws-java-sdk-kms-1.11.615.jar:/home/user/.m2/repository/com/amazonaws/jmespath-java/1.11.615/jmespath-java-1.11.615.jar:/home/user/.m2/repository/org/apache/hadoop/hadoop-hdds-tools/0.6.0-SNAPSHOT/hadoop-hdds-tools-0.6.0-SNAPSHOT.jar:/home/user/.m2/repository/commons-cli/commons-cli/1.2/commons-cli-1.2.jar:/home/user/.m2/repository/org/apache/commons/commons-lang3/3.7/commons-lang3-3.7.jar:/home/user/.m2/repository/org/apache/hadoop/hadoop-ozone-ozone-manager/0.6.0-SNAPSHOT/hadoop-ozone-ozone-manager-0.6.0-SNAPSHOT-tests.jar:/home/user/.m2/repository/junit/junit/4.11/junit-4.11.jar:/home/user/.m2/repository/org/hamcrest/hamcrest-core/1.3/hamcrest-core-1.3.jar:/home/user/.m2/repository/org/openjdk/jmh/jmh-core/1.19/jmh-core-1.19.jar:/home/user/.m2/repository/net/sf/jopt-simple/jopt-simple/4.6/jopt-simple-4.6.jar:/home/user/.m2/repository/org/apache/commons/commons-math3/3.1.1/commons-math3-3.1.1.jar:/home/user/.m2/repository/org/openjdk/jmh/jmh-generator-annprocess/1.19/jmh-generator-annprocess-1.19.jar:/home/user/.m2/repository/org/mockito/mockito-all/1.8.5/mockito-all-1.8.5.jar:/home/user/.m2/repository/org/apache/hadoop/hadoop-kms/3.2.1/hadoop-kms-3.2.1.jar:/home/user/.m2/repository/org/apache/hadoop/hadoop-auth/3.2.1/hadoop-auth-3.2.1.jar:/home/user/.m2/repository/com/nimbusds/nimbus-jose-jwt/7.9/nimbus-jose-jwt-7.9.jar:/home/user/.m2/repository/com/github/stephenc/jcip/jcip-annotations/1.0-1/jcip-annotations-1.0-1.jar:/home/user/.m2/repository/net/minidev/json-smart/2.3/json-smart-2.3.jar:/home/user/.m2/repository/net/minidev/accessors-smart/1.2/accessors-smart-1.2.jar:/home/user/.m2/repository/org/ow2/asm/asm/5.0.4/asm-5.0.4.jar:/home/user/.m2/repository/org/apache/zookeeper/zookeeper/3.4.13/zookeeper-3.4.13.jar:/home/user/.m2/repository/org/apache/yetus/audience-annotations/0.5.0/audience-annotations-0.5.0.jar:/home/user/.m2/repository/org/apache/curator/curator-framework/2.13.0/curator-framework-2.13.0.jar:/home/user/.m2/repository/com/sun/jersey/jersey-core/1.19/jersey-core-1.19.jar:/home/user/.m2/repository/javax/ws/rs/jsr311-api/1.1.1/jsr311-api-1.1.1.jar:/home/user/.m2/repository/com/sun/jersey/jersey-server/1.19/jersey-server-1.19.jar:/home/user/.m2/repository/javax/servlet/javax.servlet-api/3.1.0/javax.servlet-api-3.1.0.jar:/home/user/.m2/repository/org/eclipse/jetty/jetty-server/9.4.26.v20200117/jetty-server-9.4.26.v20200117.jar:/home/user/.m2/repository/org/eclipse/jetty/jetty-http/9.4.26.v20200117/jetty-http-9.4.26.v20200117.jar:/home/user/.m2/repository/org/eclipse/jetty/jetty-io/9.4.26.v20200117/jetty-io-9.4.26.v20200117.jar:/home/user/.m2/repository/org/eclipse/jetty/jetty-webapp/9.4.26.v20200117/jetty-webapp-9.4.26.v20200117.jar:/home/user/.m2/repository/org/eclipse/jetty/jetty-xml/9.4.26.v20200117/jetty-xml-9.4.26.v20200117.jar:/home/user/.m2/repository/org/eclipse/jetty/jetty-servlet/9.4.26.v20200117/jetty-servlet-9.4.26.v20200117.jar:/home/user/.m2/repository/org/eclipse/jetty/jetty-security/9.4.26.v20200117/jetty-security-9.4.26.v20200117.jar:/home/user/.m2/repository/org/apache/hadoop/hadoop-common/3.2.1/hadoop-common-3.2.1.jar:/home/user/.m2/repository/commons-net/commons-net/3.6/commons-net-3.6.jar:/home/user/.m2/repository/commons-collections/commons-collections/3.2.2/commons-collections-3.2.2.jar:/home/user/.m2/repository/com/sun/jersey/jersey-servlet/1.19/jersey-servlet-1.19.jar:/home/user/.m2/repository/com/sun/jersey/jersey-json/1.19/jersey-json-1.19.jar:/home/user/.m2/repository/org/codehaus/jettison/jettison/1.1/jettison-1.1.jar:/home/user/.m2/repository/org/codehaus/jackson/jackson-jaxrs/1.9.2/jackson-jaxrs-1.9.2.jar:/home/user/.m2/repository/org/codehaus/jackson/jackson-xc/1.9.2/jackson-xc-1.9.2.jar:/home/user/.m2/repository/commons-beanutils/commons-beanutils/1.9.4/commons-beanutils-1.9.4.jar:/home/user/.m2/repository/org/apache/commons/commons-configuration2/2.1.1/commons-configuration2-2.1.1.jar:/home/user/.m2/repository/org/apache/commons/commons-text/1.4/commons-text-1.4.jar:/home/user/.m2/repository/com/google/re2j/re2j/1.1/re2j-1.1.jar:/home/user/.m2/repository/com/jcraft/jsch/0.1.54/jsch-0.1.54.jar:/home/user/.m2/repository/org/apache/curator/curator-client/2.13.0/curator-client-2.13.0.jar:/home/user/.m2/repository/org/apache/curator/curator-recipes/2.13.0/curator-recipes-2.13.0.jar:/home/user/.m2/repository/dnsjava/dnsjava/2.1.7/dnsjava-2.1.7.jar:/home/user/.m2/repository/org/slf4j/jul-to-slf4j/1.7.25/jul-to-slf4j-1.7.25.jar:/home/user/.m2/repository/org/eclipse/jetty/jetty-util/9.4.26.v20200117/jetty-util-9.4.26.v20200117.jar:/home/user/.m2/repository/com/fasterxml/jackson/core/jackson-databind/2.10.3/jackson-databind-2.10.3.jar:/home/user/.m2/repository/org/apache/hadoop/hadoop-kms/3.2.1/hadoop-kms-3.2.1-tests.jar:/home/user/.m2/repository/org/apache/hadoop/hadoop-hdds-server-scm/0.6.0-SNAPSHOT/hadoop-hdds-server-scm-0.6.0-SNAPSHOT-tests.jar:/home/user/.m2/repository/org/apache/hadoop/hadoop-hdds-container-service/0.6.0-SNAPSHOT/hadoop-hdds-container-service-0.6.0-SNAPSHOT-tests.jar:/home/user/.m2/repository/org/apache/hadoop/hadoop-hdds-common/0.6.0-SNAPSHOT/hadoop-hdds-common-0.6.0-SNAPSHOT-tests.jar:/home/user/.m2/repository/org/yaml/snakeyaml/1.16/snakeyaml-1.16.jar:/home/user/.m2/repository/org/apache/hadoop/hadoop-hdds-hadoop-dependency-test/0.6.0-SNAPSHOT/hadoop-hdds-hadoop-dependency-test-0.6.0-SNAPSHOT.jar:/home/user/.m2/repository/org/apache/hadoop/hadoop-common/3.2.1/hadoop-common-3.2.1-tests.jar:/home/user/.m2/repository/javax/servlet/jsp/jsp-api/2.1/jsp-api-2.1.jar:/home/user/.m2/repository/org/apache/hadoop/hadoop-hdfs/3.2.1/hadoop-hdfs-3.2.1-tests.jar:/home/user/.m2/repository/org/eclipse/jetty/jetty-util-ajax/9.4.26.v20200117/jetty-util-ajax-9.4.26.v20200117.jar:/home/user/.m2/repository/commons-codec/commons-codec/1.11/commons-codec-1.11.jar:/home/user/.m2/repository/commons-daemon/commons-daemon/1.0.13/commons-daemon-1.0.13.jar:/home/user/.m2/repository/io/netty/netty/3.10.5.Final/netty-3.10.5.Final.jar:/home/user/.m2/repository/io/netty/netty-all/4.1.48.Final/netty-all-4.1.48.Final.jar:/home/user/.m2/repository/org/apache/htrace/htrace-core4/4.1.0-incubating/htrace-core4-4.1.0-incubating.jar:/home/user/.m2/repository/org/fusesource/leveldbjni/leveldbjni-all/1.8/leveldbjni-all-1.8.jar:/home/user/.m2/repository/org/apache/hadoop/hadoop-distcp/3.2.1/hadoop-distcp-3.2.1.jar:/home/user/.m2/repository/org/apache/hadoop/hadoop-mapreduce-client-jobclient/3.2.1/hadoop-mapreduce-client-jobclient-3.2.1.jar:/home/user/.m2/repository/org/apache/hadoop/hadoop-mapreduce-client-common/3.2.1/hadoop-mapreduce-client-common-3.2.1.jar:/home/user/.m2/repository/org/apache/hadoop/hadoop-yarn-common/3.2.1/hadoop-yarn-common-3.2.1.jar:/home/user/.m2/repository/org/apache/hadoop/hadoop-yarn-api/3.2.1/hadoop-yarn-api-3.2.1.jar:/home/user/.m2/repository/com/sun/jersey/jersey-client/1.19/jersey-client-1.19.jar:/home/user/.m2/repository/com/sun/jersey/contribs/jersey-guice/1.19/jersey-guice-1.19.jar:/home/user/.m2/repository/com/fasterxml/jackson/jaxrs/jackson-jaxrs-json-provider/2.10.3/jackson-jaxrs-json-provider-2.10.3.jar:/home/user/.m2/repository/com/fasterxml/jackson/jaxrs/jackson-jaxrs-base/2.10.3/jackson-jaxrs-base-2.10.3.jar:/home/user/.m2/repository/org/apache/hadoop/hadoop-yarn-client/3.2.1/hadoop-yarn-client-3.2.1.jar:/home/user/.m2/repository/org/apache/hadoop/hadoop-mapreduce-client-core/3.2.1/hadoop-mapreduce-client-core-3.2.1.jar:/home/user/.m2/repository/org/apache/avro/avro/1.7.7/avro-1.7.7.jar:/home/user/.m2/repository/org/codehaus/jackson/jackson-core-asl/1.9.13/jackson-core-asl-1.9.13.jar:/home/user/.m2/repository/org/codehaus/jackson/jackson-mapper-asl/1.9.13/jackson-mapper-asl-1.9.13.jar:/home/user/.m2/repository/com/thoughtworks/paranamer/paranamer/2.3/paranamer-2.3.jar:/home/user/.m2/repository/org/xerial/snappy/snappy-java/1.0.5/snappy-java-1.0.5.jar:/home/user/.m2/repository/org/apache/hadoop/hadoop-annotations/3.2.1/hadoop-annotations-3.2.1.jar:/usr/lib/jvm/java-1.8.0-openjdk-1.8.0.232.b09-0.el7_7.x86_64/jre/../lib/tools.jar:/home/user/.m2/repository/org/apache/hadoop/hadoop-distcp/3.2.1/hadoop-distcp-3.2.1-tests.jar:"/>
    <property name="java.vm.vendor" value="Oracle Corporation"/>
    <property name="sun.arch.data.model" value="64"/>
    <property name="test.build.dir" value="/github/workspace/mnt/ozone/hadoop-ozone/integration-test/target/test-dir"/>
    <property name="test.cache.data" value=""/>
    <property name="java.vendor.url" value="http://java.oracle.com/"/>
    <property name="user.timezone" value=""/>
    <property name="java.vm.specification.version" value="1.8"/>
    <property name="os.name" value="Linux"/>
    <property name="test.build.data" value="/github/workspace/mnt/ozone/hadoop-ozone/integration-test/target/test-dir"/>
    <property name="user.country" value="US"/>
    <property name="sun.java.launcher" value="SUN_STANDARD"/>
    <property name="sun.boot.library.path" value="/usr/lib/jvm/java-1.8.0-openjdk-1.8.0.232.b09-0.el7_7.x86_64/jre/lib/amd64"/>
    <property name="sun.java.command" value="/github/workspace/mnt/ozone/hadoop-ozone/integration-test/target/surefire/surefirebooter1382371766997782936.jar /github/workspace/mnt/ozone/hadoop-ozone/integration-test/target/surefire 2020-05-19T10-53-42_947-jvmRun1 surefire5450328389906105230tmp surefire_122370526987886114600tmp"/>
    <property name="surefire.test.class.path" value="/github/workspace/mnt/ozone/hadoop-ozone/integration-test/target/test-classes:/github/workspace/mnt/ozone/hadoop-ozone/integration-test/target/classes:/home/user/.m2/repository/org/apache/hadoop/hadoop-ozone-common/0.6.0-SNAPSHOT/hadoop-ozone-common-0.6.0-SNAPSHOT.jar:/home/user/.m2/repository/org/apache/commons/commons-compress/1.4.1/commons-compress-1.4.1.jar:/home/user/.m2/repository/org/tukaani/xz/1.0/xz-1.0.jar:/home/user/.m2/repository/org/apache/hadoop/hadoop-hdds-common/0.6.0-SNAPSHOT/hadoop-hdds-common-0.6.0-SNAPSHOT.jar:/home/user/.m2/repository/info/picocli/picocli/3.9.6/picocli-3.9.6.jar:/home/user/.m2/repository/com/fasterxml/jackson/core/jackson-annotations/2.10.3/jackson-annotations-2.10.3.jar:/home/user/.m2/repository/javax/annotation/javax.annotation-api/1.2/javax.annotation-api-1.2.jar:/home/user/.m2/repository/org/apache/ratis/ratis-server/0.6.0-cac3336-SNAPSHOT/ratis-server-0.6.0-cac3336-SNAPSHOT.jar:/home/user/.m2/repository/org/apache/ratis/ratis-thirdparty-misc/0.4.0/ratis-thirdparty-misc-0.4.0.jar:/home/user/.m2/repository/org/apache/ratis/ratis-client/0.6.0-cac3336-SNAPSHOT/ratis-client-0.6.0-cac3336-SNAPSHOT.jar:/home/user/.m2/repository/org/apache/ratis/ratis-metrics/0.6.0-cac3336-SNAPSHOT/ratis-metrics-0.6.0-cac3336-SNAPSHOT.jar:/home/user/.m2/repository/org/apache/ratis/ratis-netty/0.6.0-cac3336-SNAPSHOT/ratis-netty-0.6.0-cac3336-SNAPSHOT.jar:/home/user/.m2/repository/org/apache/ratis/ratis-grpc/0.6.0-cac3336-SNAPSHOT/ratis-grpc-0.6.0-cac3336-SNAPSHOT.jar:/home/user/.m2/repository/org/apache/logging/log4j/log4j-api/2.11.0/log4j-api-2.11.0.jar:/home/user/.m2/repository/org/apache/logging/log4j/log4j-core/2.11.0/log4j-core-2.11.0.jar:/home/user/.m2/repository/com/lmax/disruptor/3.4.2/disruptor-3.4.2.jar:/home/user/.m2/repository/org/apache/commons/commons-pool2/2.6.0/commons-pool2-2.6.0.jar:/home/user/.m2/repository/org/bouncycastle/bcpkix-jdk15on/1.60/bcpkix-jdk15on-1.60.jar:/home/user/.m2/repository/commons-validator/commons-validator/1.6/commons-validator-1.6.jar:/home/user/.m2/repository/commons-digester/commons-digester/1.8.1/commons-digester-1.8.1.jar:/home/user/.m2/repository/io/jaegertracing/jaeger-client/1.2.0/jaeger-client-1.2.0.jar:/home/user/.m2/repository/io/jaegertracing/jaeger-thrift/1.2.0/jaeger-thrift-1.2.0.jar:/home/user/.m2/repository/org/apache/thrift/libthrift/0.13.0/libthrift-0.13.0.jar:/home/user/.m2/repository/com/squareup/okhttp3/okhttp/4.2.2/okhttp-4.2.2.jar:/home/user/.m2/repository/com/squareup/okio/okio/2.2.2/okio-2.2.2.jar:/home/user/.m2/repository/org/jetbrains/kotlin/kotlin-stdlib/1.3.50/kotlin-stdlib-1.3.50.jar:/home/user/.m2/repository/org/jetbrains/kotlin/kotlin-stdlib-common/1.3.50/kotlin-stdlib-common-1.3.50.jar:/home/user/.m2/repository/org/jetbrains/annotations/13.0/annotations-13.0.jar:/home/user/.m2/repository/io/jaegertracing/jaeger-core/1.2.0/jaeger-core-1.2.0.jar:/home/user/.m2/repository/io/jaegertracing/jaeger-tracerresolver/1.2.0/jaeger-tracerresolver-1.2.0.jar:/home/user/.m2/repository/io/opentracing/contrib/opentracing-tracerresolver/0.1.8/opentracing-tracerresolver-0.1.8.jar:/home/user/.m2/repository/io/opentracing/opentracing-util/0.33.0/opentracing-util-0.33.0.jar:/home/user/.m2/repository/io/opentracing/opentracing-api/0.33.0/opentracing-api-0.33.0.jar:/home/user/.m2/repository/io/opentracing/opentracing-noop/0.33.0/opentracing-noop-0.33.0.jar:/home/user/.m2/repository/org/apache/hadoop/hadoop-hdds-client/0.6.0-SNAPSHOT/hadoop-hdds-client-0.6.0-SNAPSHOT.jar:/home/user/.m2/repository/org/apache/hadoop/hadoop-hdds-test-utils/0.6.0-SNAPSHOT/hadoop-hdds-test-utils-0.6.0-SNAPSHOT.jar:/home/user/.m2/repository/com/google/guava/guava/28.2-jre/guava-28.2-jre.jar:/home/user/.m2/repository/com/google/guava/failureaccess/1.0.1/failureaccess-1.0.1.jar:/home/user/.m2/repository/com/google/guava/listenablefuture/9999.0-empty-to-avoid-conflict-with-guava/listenablefuture-9999.0-empty-to-avoid-conflict-with-guava.jar:/home/user/.m2/repository/com/google/code/findbugs/jsr305/3.0.0/jsr305-3.0.0.jar:/home/user/.m2/repository/org/checkerframework/checker-qual/2.10.0/checker-qual-2.10.0.jar:/home/user/.m2/repository/com/google/errorprone/error_prone_annotations/2.2.0/error_prone_annotations-2.2.0.jar:/home/user/.m2/repository/com/google/j2objc/j2objc-annotations/1.3/j2objc-annotations-1.3.jar:/home/user/.m2/repository/commons-io/commons-io/2.5/commons-io-2.5.jar:/home/user/.m2/repository/commons-logging/commons-logging/1.2/commons-logging-1.2.jar:/home/user/.m2/repository/log4j/log4j/1.2.17/log4j-1.2.17.jar:/home/user/.m2/repository/org/slf4j/slf4j-api/1.7.25/slf4j-api-1.7.25.jar:/home/user/.m2/repository/org/apache/hadoop/hadoop-hdds-server-scm/0.6.0-SNAPSHOT/hadoop-hdds-server-scm-0.6.0-SNAPSHOT.jar:/home/user/.m2/repository/org/apache/hadoop/hadoop-hdds-container-service/0.6.0-SNAPSHOT/hadoop-hdds-container-service-0.6.0-SNAPSHOT.jar:/home/user/.m2/repository/org/apache/hadoop/hadoop-hdds-hadoop-dependency-server/0.6.0-SNAPSHOT/hadoop-hdds-hadoop-dependency-server-0.6.0-SNAPSHOT.jar:/home/user/.m2/repository/org/apache/hadoop/hadoop-hdds-server-framework/0.6.0-SNAPSHOT/hadoop-hdds-server-framework-0.6.0-SNAPSHOT.jar:/home/user/.m2/repository/org/rocksdb/rocksdbjni/6.6.4/rocksdbjni-6.6.4.jar:/home/user/.m2/repository/io/prometheus/simpleclient_dropwizard/0.7.0/simpleclient_dropwizard-0.7.0.jar:/home/user/.m2/repository/io/prometheus/simpleclient/0.7.0/simpleclient-0.7.0.jar:/home/user/.m2/repository/io/prometheus/simpleclient_common/0.7.0/simpleclient_common-0.7.0.jar:/home/user/.m2/repository/com/fasterxml/jackson/datatype/jackson-datatype-jsr310/2.10.3/jackson-datatype-jsr310-2.10.3.jar:/home/user/.m2/repository/org/apache/hadoop/hadoop-hdds-docs/0.6.0-SNAPSHOT/hadoop-hdds-docs-0.6.0-SNAPSHOT.jar:/home/user/.m2/repository/io/dropwizard/metrics/metrics-core/3.2.4/metrics-core-3.2.4.jar:/home/user/.m2/repository/org/apache/hadoop/hadoop-hdfs-client/3.2.1/hadoop-hdfs-client-3.2.1.jar:/home/user/.m2/repository/org/bouncycastle/bcprov-jdk15on/1.60/bcprov-jdk15on-1.60.jar:/home/user/.m2/repository/org/apache/hadoop/hadoop-ozone-ozone-manager/0.6.0-SNAPSHOT/hadoop-ozone-ozone-manager-0.6.0-SNAPSHOT.jar:/home/user/.m2/repository/org/apache/hadoop/hadoop-minikdc/3.2.1/hadoop-minikdc-3.2.1.jar:/home/user/.m2/repository/org/apache/kerby/kerb-simplekdc/1.0.1/kerb-simplekdc-1.0.1.jar:/home/user/.m2/repository/org/apache/kerby/kerb-client/1.0.1/kerb-client-1.0.1.jar:/home/user/.m2/repository/org/apache/kerby/kerby-config/1.0.1/kerby-config-1.0.1.jar:/home/user/.m2/repository/org/apache/kerby/kerb-core/1.0.1/kerb-core-1.0.1.jar:/home/user/.m2/repository/org/apache/kerby/kerby-pkix/1.0.1/kerby-pkix-1.0.1.jar:/home/user/.m2/repository/org/apache/kerby/kerby-asn1/1.0.1/kerby-asn1-1.0.1.jar:/home/user/.m2/repository/org/apache/kerby/kerby-util/1.0.1/kerby-util-1.0.1.jar:/home/user/.m2/repository/org/apache/kerby/kerb-common/1.0.1/kerb-common-1.0.1.jar:/home/user/.m2/repository/org/apache/kerby/kerb-crypto/1.0.1/kerb-crypto-1.0.1.jar:/home/user/.m2/repository/org/apache/kerby/kerb-util/1.0.1/kerb-util-1.0.1.jar:/home/user/.m2/repository/org/apache/kerby/token-provider/1.0.1/token-provider-1.0.1.jar:/home/user/.m2/repository/org/apache/kerby/kerb-admin/1.0.1/kerb-admin-1.0.1.jar:/home/user/.m2/repository/org/apache/kerby/kerb-server/1.0.1/kerb-server-1.0.1.jar:/home/user/.m2/repository/org/apache/kerby/kerb-identity/1.0.1/kerb-identity-1.0.1.jar:/home/user/.m2/repository/org/apache/kerby/kerby-xdr/1.0.1/kerby-xdr-1.0.1.jar:/home/user/.m2/repository/org/slf4j/slf4j-log4j12/1.7.25/slf4j-log4j12-1.7.25.jar:/home/user/.m2/repository/org/apache/hadoop/hadoop-ozone-s3gateway/0.6.0-SNAPSHOT/hadoop-ozone-s3gateway-0.6.0-SNAPSHOT.jar:/home/user/.m2/repository/org/jboss/weld/servlet/weld-servlet/2.4.7.Final/weld-servlet-2.4.7.Final.jar:/home/user/.m2/repository/org/glassfish/jersey/containers/jersey-container-servlet-core/2.27/jersey-container-servlet-core-2.27.jar:/home/user/.m2/repository/org/glassfish/hk2/external/javax.inject/2.5.0-b42/javax.inject-2.5.0-b42.jar:/home/user/.m2/repository/org/glassfish/jersey/core/jersey-common/2.27/jersey-common-2.27.jar:/home/user/.m2/repository/org/glassfish/hk2/osgi-resource-locator/1.0.1/osgi-resource-locator-1.0.1.jar:/home/user/.m2/repository/javax/ws/rs/javax.ws.rs-api/2.1/javax.ws.rs-api-2.1.jar:/home/user/.m2/repository/org/glassfish/jersey/ext/cdi/jersey-cdi1x/2.27/jersey-cdi1x-2.27.jar:/home/user/.m2/repository/org/glassfish/jersey/inject/jersey-hk2/2.27/jersey-hk2-2.27.jar:/home/user/.m2/repository/org/glassfish/hk2/hk2-locator/2.5.0-b42/hk2-locator-2.5.0-b42.jar:/home/user/.m2/repository/org/javassist/javassist/3.22.0-CR2/javassist-3.22.0-CR2.jar:/home/user/.m2/repository/org/glassfish/hk2/hk2-api/2.5.0/hk2-api-2.5.0.jar:/home/user/.m2/repository/org/glassfish/hk2/external/jakarta.inject/2.5.0/jakarta.inject-2.5.0.jar:/home/user/.m2/repository/org/glassfish/hk2/hk2-utils/2.5.0/hk2-utils-2.5.0.jar:/home/user/.m2/repository/jakarta/annotation/jakarta.annotation-api/1.3.4/jakarta.annotation-api-1.3.4.jar:/home/user/.m2/repository/org/glassfish/hk2/external/aopalliance-repackaged/2.5.0/aopalliance-repackaged-2.5.0.jar:/home/user/.m2/repository/com/fasterxml/jackson/dataformat/jackson-dataformat-xml/2.10.3/jackson-dataformat-xml-2.10.3.jar:/home/user/.m2/repository/com/fasterxml/jackson/core/jackson-core/2.10.3/jackson-core-2.10.3.jar:/home/user/.m2/repository/com/fasterxml/jackson/module/jackson-module-jaxb-annotations/2.10.3/jackson-module-jaxb-annotations-2.10.3.jar:/home/user/.m2/repository/jakarta/xml/bind/jakarta.xml.bind-api/2.3.2/jakarta.xml.bind-api-2.3.2.jar:/home/user/.m2/repository/jakarta/activation/jakarta.activation-api/1.2.1/jakarta.activation-api-1.2.1.jar:/home/user/.m2/repository/org/codehaus/woodstox/stax2-api/3.1.4/stax2-api-3.1.4.jar:/home/user/.m2/repository/com/fasterxml/woodstox/woodstox-core/5.0.3/woodstox-core-5.0.3.jar:/home/user/.m2/repository/javax/enterprise/cdi-api/1.2/cdi-api-1.2.jar:/home/user/.m2/repository/javax/el/javax.el-api/3.0.0/javax.el-api-3.0.0.jar:/home/user/.m2/repository/javax/interceptor/javax.interceptor-api/1.2/javax.interceptor-api-1.2.jar:/home/user/.m2/repository/javax/inject/javax.inject/1/javax.inject-1.jar:/home/user/.m2/repository/com/sun/xml/bind/jaxb-impl/2.3.0.1/jaxb-impl-2.3.0.1.jar:/home/user/.m2/repository/com/sun/xml/bind/jaxb-core/2.3.0.1/jaxb-core-2.3.0.1.jar:/home/user/.m2/repository/javax/xml/bind/jaxb-api/2.3.0/jaxb-api-2.3.0.jar:/home/user/.m2/repository/javax/activation/activation/1.1.1/activation-1.1.1.jar:/home/user/.m2/repository/org/apache/hadoop/hadoop-ozone-csi/0.6.0-SNAPSHOT/hadoop-ozone-csi-0.6.0-SNAPSHOT.jar:/home/user/.m2/repository/com/google/protobuf/protobuf-java-util/3.11.0/protobuf-java-util-3.11.0.jar:/home/user/.m2/repository/com/google/code/gson/gson/2.2.4/gson-2.2.4.jar:/home/user/.m2/repository/org/apache/hadoop/hadoop-hdds-config/0.6.0-SNAPSHOT/hadoop-hdds-config-0.6.0-SNAPSHOT.jar:/home/user/.m2/repository/com/google/protobuf/protobuf-java/2.5.0/protobuf-java-2.5.0.jar:/home/user/.m2/repository/io/grpc/grpc-netty/1.28.1/grpc-netty-1.28.1.jar:/home/user/.m2/repository/io/grpc/grpc-core/1.28.1/grpc-core-1.28.1.jar:/home/user/.m2/repository/com/google/android/annotations/4.1.1.4/annotations-4.1.1.4.jar:/home/user/.m2/repository/io/perfmark/perfmark-api/0.19.0/perfmark-api-0.19.0.jar:/home/user/.m2/repository/io/netty/netty-codec-http2/4.1.45.Final/netty-codec-http2-4.1.45.Final.jar:/home/user/.m2/repository/io/netty/netty-codec/4.1.45.Final/netty-codec-4.1.45.Final.jar:/home/user/.m2/repository/io/netty/netty-handler/4.1.45.Final/netty-handler-4.1.45.Final.jar:/home/user/.m2/repository/io/netty/netty-codec-http/4.1.45.Final/netty-codec-http-4.1.45.Final.jar:/home/user/.m2/repository/io/netty/netty-handler-proxy/4.1.45.Final/netty-handler-proxy-4.1.45.Final.jar:/home/user/.m2/repository/io/netty/netty-codec-socks/4.1.45.Final/netty-codec-socks-4.1.45.Final.jar:/home/user/.m2/repository/io/netty/netty-transport-native-epoll/4.1.48.Final/netty-transport-native-epoll-4.1.48.Final.jar:/home/user/.m2/repository/io/netty/netty-common/4.1.48.Final/netty-common-4.1.48.Final.jar:/home/user/.m2/repository/io/netty/netty-buffer/4.1.48.Final/netty-buffer-4.1.48.Final.jar:/home/user/.m2/repository/io/netty/netty-transport/4.1.48.Final/netty-transport-4.1.48.Final.jar:/home/user/.m2/repository/io/netty/netty-resolver/4.1.48.Final/netty-resolver-4.1.48.Final.jar:/home/user/.m2/repository/io/netty/netty-transport-native-unix-common/4.1.48.Final/netty-transport-native-unix-common-4.1.48.Final.jar:/home/user/.m2/repository/io/grpc/grpc-protobuf/1.28.1/grpc-protobuf-1.28.1.jar:/home/user/.m2/repository/io/grpc/grpc-api/1.28.1/grpc-api-1.28.1.jar:/home/user/.m2/repository/io/grpc/grpc-context/1.28.1/grpc-context-1.28.1.jar:/home/user/.m2/repository/org/codehaus/mojo/animal-sniffer-annotations/1.18/animal-sniffer-annotations-1.18.jar:/home/user/.m2/repository/com/google/api/grpc/proto-google-common-protos/1.17.0/proto-google-common-protos-1.17.0.jar:/home/user/.m2/repository/io/grpc/grpc-protobuf-lite/1.28.1/grpc-protobuf-lite-1.28.1.jar:/home/user/.m2/repository/io/grpc/grpc-stub/1.28.1/grpc-stub-1.28.1.jar:/home/user/.m2/repository/org/apache/hadoop/hadoop-ozone-recon/0.6.0-SNAPSHOT/hadoop-ozone-recon-0.6.0-SNAPSHOT.jar:/home/user/.m2/repository/org/apache/hadoop/hadoop-ozone-reconcodegen/0.6.0-SNAPSHOT/hadoop-ozone-reconcodegen-0.6.0-SNAPSHOT.jar:/home/user/.m2/repository/com/google/inject/extensions/guice-multibindings/4.0/guice-multibindings-4.0.jar:/home/user/.m2/repository/com/google/inject/guice/4.0/guice-4.0.jar:/home/user/.m2/repository/aopalliance/aopalliance/1.0/aopalliance-1.0.jar:/home/user/.m2/repository/com/google/inject/extensions/guice-assistedinject/4.0/guice-assistedinject-4.0.jar:/home/user/.m2/repository/com/google/inject/extensions/guice-servlet/4.0/guice-servlet-4.0.jar:/home/user/.m2/repository/org/glassfish/jersey/containers/jersey-container-servlet/2.27/jersey-container-servlet-2.27.jar:/home/user/.m2/repository/org/glassfish/hk2/guice-bridge/2.5.0/guice-bridge-2.5.0.jar:/home/user/.m2/repository/org/glassfish/jersey/core/jersey-server/2.27/jersey-server-2.27.jar:/home/user/.m2/repository/org/glassfish/jersey/core/jersey-client/2.27/jersey-client-2.27.jar:/home/user/.m2/repository/org/glassfish/jersey/media/jersey-media-jaxb/2.27/jersey-media-jaxb-2.27.jar:/home/user/.m2/repository/javax/validation/validation-api/1.1.0.Final/validation-api-1.1.0.Final.jar:/home/user/.m2/repository/org/glassfish/jersey/media/jersey-media-json-jackson/2.27/jersey-media-json-jackson-2.27.jar:/home/user/.m2/repository/org/glassfish/jersey/ext/jersey-entity-filtering/2.27/jersey-entity-filtering-2.27.jar:/home/user/.m2/repository/org/jooq/jooq/3.11.10/jooq-3.11.10.jar:/home/user/.m2/repository/org/jooq/jooq-meta/3.11.10/jooq-meta-3.11.10.jar:/home/user/.m2/repository/org/jooq/jooq-codegen/3.11.10/jooq-codegen-3.11.10.jar:/home/user/.m2/repository/com/jolbox/bonecp/0.8.0.RELEASE/bonecp-0.8.0.RELEASE.jar:/home/user/.m2/repository/org/apache/derby/derby/10.14.2.0/derby-10.14.2.0.jar:/home/user/.m2/repository/org/xerial/sqlite-jdbc/3.25.2/sqlite-jdbc-3.25.2.jar:/home/user/.m2/repository/org/springframework/spring-jdbc/5.2.5.RELEASE/spring-jdbc-5.2.5.RELEASE.jar:/home/user/.m2/repository/org/springframework/spring-beans/5.2.5.RELEASE/spring-beans-5.2.5.RELEASE.jar:/home/user/.m2/repository/org/springframework/spring-core/5.2.5.RELEASE/spring-core-5.2.5.RELEASE.jar:/home/user/.m2/repository/org/springframework/spring-jcl/5.2.5.RELEASE/spring-jcl-5.2.5.RELEASE.jar:/home/user/.m2/repository/org/springframework/spring-tx/5.2.5.RELEASE/spring-tx-5.2.5.RELEASE.jar:/home/user/.m2/repository/org/apache/hadoop/hadoop-ozone-client/0.6.0-SNAPSHOT/hadoop-ozone-client-0.6.0-SNAPSHOT.jar:/home/user/.m2/repository/org/apache/hadoop/hadoop-ozone-filesystem/0.6.0-SNAPSHOT/hadoop-ozone-filesystem-0.6.0-SNAPSHOT.jar:/home/user/.m2/repository/org/apache/hadoop/hadoop-hdds-hadoop-dependency-client/0.6.0-SNAPSHOT/hadoop-hdds-hadoop-dependency-client-0.6.0-SNAPSHOT.jar:/home/user/.m2/repository/org/apache/hadoop/hadoop-ozone-tools/0.6.0-SNAPSHOT/hadoop-ozone-tools-0.6.0-SNAPSHOT.jar:/home/user/.m2/repository/org/apache/hadoop/hadoop-hdfs/3.2.1/hadoop-hdfs-3.2.1.jar:/home/user/.m2/repository/org/apache/ratis/ratis-tools/0.6.0-cac3336-SNAPSHOT/ratis-tools-0.6.0-cac3336-SNAPSHOT.jar:/home/user/.m2/repository/org/apache/ratis/ratis-proto/0.6.0-cac3336-SNAPSHOT/ratis-proto-0.6.0-cac3336-SNAPSHOT.jar:/home/user/.m2/repository/org/apache/ratis/ratis-common/0.6.0-cac3336-SNAPSHOT/ratis-common-0.6.0-cac3336-SNAPSHOT.jar:/home/user/.m2/repository/com/amazonaws/aws-java-sdk-core/1.11.615/aws-java-sdk-core-1.11.615.jar:/home/user/.m2/repository/org/apache/httpcomponents/httpclient/4.5.2/httpclient-4.5.2.jar:/home/user/.m2/repository/org/apache/httpcomponents/httpcore/4.4.4/httpcore-4.4.4.jar:/home/user/.m2/repository/software/amazon/ion/ion-java/1.0.2/ion-java-1.0.2.jar:/home/user/.m2/repository/com/fasterxml/jackson/dataformat/jackson-dataformat-cbor/2.10.3/jackson-dataformat-cbor-2.10.3.jar:/home/user/.m2/repository/joda-time/joda-time/2.8.1/joda-time-2.8.1.jar:/home/user/.m2/repository/com/amazonaws/aws-java-sdk-s3/1.11.615/aws-java-sdk-s3-1.11.615.jar:/home/user/.m2/repository/com/amazonaws/aws-java-sdk-kms/1.11.615/aws-java-sdk-kms-1.11.615.jar:/home/user/.m2/repository/com/amazonaws/jmespath-java/1.11.615/jmespath-java-1.11.615.jar:/home/user/.m2/repository/org/apache/hadoop/hadoop-hdds-tools/0.6.0-SNAPSHOT/hadoop-hdds-tools-0.6.0-SNAPSHOT.jar:/home/user/.m2/repository/commons-cli/commons-cli/1.2/commons-cli-1.2.jar:/home/user/.m2/repository/org/apache/commons/commons-lang3/3.7/commons-lang3-3.7.jar:/home/user/.m2/repository/org/apache/hadoop/hadoop-ozone-ozone-manager/0.6.0-SNAPSHOT/hadoop-ozone-ozone-manager-0.6.0-SNAPSHOT-tests.jar:/home/user/.m2/repository/junit/junit/4.11/junit-4.11.jar:/home/user/.m2/repository/org/hamcrest/hamcrest-core/1.3/hamcrest-core-1.3.jar:/home/user/.m2/repository/org/openjdk/jmh/jmh-core/1.19/jmh-core-1.19.jar:/home/user/.m2/repository/net/sf/jopt-simple/jopt-simple/4.6/jopt-simple-4.6.jar:/home/user/.m2/repository/org/apache/commons/commons-math3/3.1.1/commons-math3-3.1.1.jar:/home/user/.m2/repository/org/openjdk/jmh/jmh-generator-annprocess/1.19/jmh-generator-annprocess-1.19.jar:/home/user/.m2/repository/org/mockito/mockito-all/1.8.5/mockito-all-1.8.5.jar:/home/user/.m2/repository/org/apache/hadoop/hadoop-kms/3.2.1/hadoop-kms-3.2.1.jar:/home/user/.m2/repository/org/apache/hadoop/hadoop-auth/3.2.1/hadoop-auth-3.2.1.jar:/home/user/.m2/repository/com/nimbusds/nimbus-jose-jwt/7.9/nimbus-jose-jwt-7.9.jar:/home/user/.m2/repository/com/github/stephenc/jcip/jcip-annotations/1.0-1/jcip-annotations-1.0-1.jar:/home/user/.m2/repository/net/minidev/json-smart/2.3/json-smart-2.3.jar:/home/user/.m2/repository/net/minidev/accessors-smart/1.2/accessors-smart-1.2.jar:/home/user/.m2/repository/org/ow2/asm/asm/5.0.4/asm-5.0.4.jar:/home/user/.m2/repository/org/apache/zookeeper/zookeeper/3.4.13/zookeeper-3.4.13.jar:/home/user/.m2/repository/org/apache/yetus/audience-annotations/0.5.0/audience-annotations-0.5.0.jar:/home/user/.m2/repository/org/apache/curator/curator-framework/2.13.0/curator-framework-2.13.0.jar:/home/user/.m2/repository/com/sun/jersey/jersey-core/1.19/jersey-core-1.19.jar:/home/user/.m2/repository/javax/ws/rs/jsr311-api/1.1.1/jsr311-api-1.1.1.jar:/home/user/.m2/repository/com/sun/jersey/jersey-server/1.19/jersey-server-1.19.jar:/home/user/.m2/repository/javax/servlet/javax.servlet-api/3.1.0/javax.servlet-api-3.1.0.jar:/home/user/.m2/repository/org/eclipse/jetty/jetty-server/9.4.26.v20200117/jetty-server-9.4.26.v20200117.jar:/home/user/.m2/repository/org/eclipse/jetty/jetty-http/9.4.26.v20200117/jetty-http-9.4.26.v20200117.jar:/home/user/.m2/repository/org/eclipse/jetty/jetty-io/9.4.26.v20200117/jetty-io-9.4.26.v20200117.jar:/home/user/.m2/repository/org/eclipse/jetty/jetty-webapp/9.4.26.v20200117/jetty-webapp-9.4.26.v20200117.jar:/home/user/.m2/repository/org/eclipse/jetty/jetty-xml/9.4.26.v20200117/jetty-xml-9.4.26.v20200117.jar:/home/user/.m2/repository/org/eclipse/jetty/jetty-servlet/9.4.26.v20200117/jetty-servlet-9.4.26.v20200117.jar:/home/user/.m2/repository/org/eclipse/jetty/jetty-security/9.4.26.v20200117/jetty-security-9.4.26.v20200117.jar:/home/user/.m2/repository/org/apache/hadoop/hadoop-common/3.2.1/hadoop-common-3.2.1.jar:/home/user/.m2/repository/commons-net/commons-net/3.6/commons-net-3.6.jar:/home/user/.m2/repository/commons-collections/commons-collections/3.2.2/commons-collections-3.2.2.jar:/home/user/.m2/repository/com/sun/jersey/jersey-servlet/1.19/jersey-servlet-1.19.jar:/home/user/.m2/repository/com/sun/jersey/jersey-json/1.19/jersey-json-1.19.jar:/home/user/.m2/repository/org/codehaus/jettison/jettison/1.1/jettison-1.1.jar:/home/user/.m2/repository/org/codehaus/jackson/jackson-jaxrs/1.9.2/jackson-jaxrs-1.9.2.jar:/home/user/.m2/repository/org/codehaus/jackson/jackson-xc/1.9.2/jackson-xc-1.9.2.jar:/home/user/.m2/repository/commons-beanutils/commons-beanutils/1.9.4/commons-beanutils-1.9.4.jar:/home/user/.m2/repository/org/apache/commons/commons-configuration2/2.1.1/commons-configuration2-2.1.1.jar:/home/user/.m2/repository/org/apache/commons/commons-text/1.4/commons-text-1.4.jar:/home/user/.m2/repository/com/google/re2j/re2j/1.1/re2j-1.1.jar:/home/user/.m2/repository/com/jcraft/jsch/0.1.54/jsch-0.1.54.jar:/home/user/.m2/repository/org/apache/curator/curator-client/2.13.0/curator-client-2.13.0.jar:/home/user/.m2/repository/org/apache/curator/curator-recipes/2.13.0/curator-recipes-2.13.0.jar:/home/user/.m2/repository/dnsjava/dnsjava/2.1.7/dnsjava-2.1.7.jar:/home/user/.m2/repository/org/slf4j/jul-to-slf4j/1.7.25/jul-to-slf4j-1.7.25.jar:/home/user/.m2/repository/org/eclipse/jetty/jetty-util/9.4.26.v20200117/jetty-util-9.4.26.v20200117.jar:/home/user/.m2/repository/com/fasterxml/jackson/core/jackson-databind/2.10.3/jackson-databind-2.10.3.jar:/home/user/.m2/repository/org/apache/hadoop/hadoop-kms/3.2.1/hadoop-kms-3.2.1-tests.jar:/home/user/.m2/repository/org/apache/hadoop/hadoop-hdds-server-scm/0.6.0-SNAPSHOT/hadoop-hdds-server-scm-0.6.0-SNAPSHOT-tests.jar:/home/user/.m2/repository/org/apache/hadoop/hadoop-hdds-container-service/0.6.0-SNAPSHOT/hadoop-hdds-container-service-0.6.0-SNAPSHOT-tests.jar:/home/user/.m2/repository/org/apache/hadoop/hadoop-hdds-common/0.6.0-SNAPSHOT/hadoop-hdds-common-0.6.0-SNAPSHOT-tests.jar:/home/user/.m2/repository/org/yaml/snakeyaml/1.16/snakeyaml-1.16.jar:/home/user/.m2/repository/org/apache/hadoop/hadoop-hdds-hadoop-dependency-test/0.6.0-SNAPSHOT/hadoop-hdds-hadoop-dependency-test-0.6.0-SNAPSHOT.jar:/home/user/.m2/repository/org/apache/hadoop/hadoop-common/3.2.1/hadoop-common-3.2.1-tests.jar:/home/user/.m2/repository/javax/servlet/jsp/jsp-api/2.1/jsp-api-2.1.jar:/home/user/.m2/repository/org/apache/hadoop/hadoop-hdfs/3.2.1/hadoop-hdfs-3.2.1-tests.jar:/home/user/.m2/repository/org/eclipse/jetty/jetty-util-ajax/9.4.26.v20200117/jetty-util-ajax-9.4.26.v20200117.jar:/home/user/.m2/repository/commons-codec/commons-codec/1.11/commons-codec-1.11.jar:/home/user/.m2/repository/commons-daemon/commons-daemon/1.0.13/commons-daemon-1.0.13.jar:/home/user/.m2/repository/io/netty/netty/3.10.5.Final/netty-3.10.5.Final.jar:/home/user/.m2/repository/io/netty/netty-all/4.1.48.Final/netty-all-4.1.48.Final.jar:/home/user/.m2/repository/org/apache/htrace/htrace-core4/4.1.0-incubating/htrace-core4-4.1.0-incubating.jar:/home/user/.m2/repository/org/fusesource/leveldbjni/leveldbjni-all/1.8/leveldbjni-all-1.8.jar:/home/user/.m2/repository/org/apache/hadoop/hadoop-distcp/3.2.1/hadoop-distcp-3.2.1.jar:/home/user/.m2/repository/org/apache/hadoop/hadoop-mapreduce-client-jobclient/3.2.1/hadoop-mapreduce-client-jobclient-3.2.1.jar:/home/user/.m2/repository/org/apache/hadoop/hadoop-mapreduce-client-common/3.2.1/hadoop-mapreduce-client-common-3.2.1.jar:/home/user/.m2/repository/org/apache/hadoop/hadoop-yarn-common/3.2.1/hadoop-yarn-common-3.2.1.jar:/home/user/.m2/repository/org/apache/hadoop/hadoop-yarn-api/3.2.1/hadoop-yarn-api-3.2.1.jar:/home/user/.m2/repository/com/sun/jersey/jersey-client/1.19/jersey-client-1.19.jar:/home/user/.m2/repository/com/sun/jersey/contribs/jersey-guice/1.19/jersey-guice-1.19.jar:/home/user/.m2/repository/com/fasterxml/jackson/jaxrs/jackson-jaxrs-json-provider/2.10.3/jackson-jaxrs-json-provider-2.10.3.jar:/home/user/.m2/repository/com/fasterxml/jackson/jaxrs/jackson-jaxrs-base/2.10.3/jackson-jaxrs-base-2.10.3.jar:/home/user/.m2/repository/org/apache/hadoop/hadoop-yarn-client/3.2.1/hadoop-yarn-client-3.2.1.jar:/home/user/.m2/repository/org/apache/hadoop/hadoop-mapreduce-client-core/3.2.1/hadoop-mapreduce-client-core-3.2.1.jar:/home/user/.m2/repository/org/apache/avro/avro/1.7.7/avro-1.7.7.jar:/home/user/.m2/repository/org/codehaus/jackson/jackson-core-asl/1.9.13/jackson-core-asl-1.9.13.jar:/home/user/.m2/repository/org/codehaus/jackson/jackson-mapper-asl/1.9.13/jackson-mapper-asl-1.9.13.jar:/home/user/.m2/repository/com/thoughtworks/paranamer/paranamer/2.3/paranamer-2.3.jar:/home/user/.m2/repository/org/xerial/snappy/snappy-java/1.0.5/snappy-java-1.0.5.jar:/home/user/.m2/repository/org/apache/hadoop/hadoop-annotations/3.2.1/hadoop-annotations-3.2.1.jar:/usr/lib/jvm/java-1.8.0-openjdk-1.8.0.232.b09-0.el7_7.x86_64/jre/../lib/tools.jar:/home/user/.m2/repository/org/apache/hadoop/hadoop-distcp/3.2.1/hadoop-distcp-3.2.1-tests.jar:"/>
    <property name="sun.cpu.endian" value="little"/>
    <property name="user.home" value="/home/user"/>
    <property name="user.language" value="en"/>
    <property name="java.specification.vendor" value="Oracle Corporation"/>
    <property name="java.home" value="/usr/lib/jvm/java-1.8.0-openjdk-1.8.0.232.b09-0.el7_7.x86_64/jre"/>
    <property name="java.security.krb5.conf" value="/github/workspace/mnt/ozone/hadoop-ozone/integration-test/target/test-classes/krb5.conf"/>
    <property name="basedir" value="/github/workspace/mnt/ozone/hadoop-ozone/integration-test"/>
    <property name="file.separator" value="/"/>
    <property name="line.separator" value="&#10;"/>
    <property name="java.vm.specification.vendor" value="Oracle Corporation"/>
    <property name="java.specification.name" value="Java Platform API Specification"/>
    <property name="java.awt.graphicsenv" value="sun.awt.X11GraphicsEnvironment"/>
    <property name="surefire.real.class.path" value="/github/workspace/mnt/ozone/hadoop-ozone/integration-test/target/surefire/surefirebooter1382371766997782936.jar:/home/user/.m2/repository/org/jacoco/org.jacoco.agent/0.8.3/org.jacoco.agent-0.8.3-runtime.jar"/>
    <property name="hadoop.log.dir" value="/github/workspace/mnt/ozone/hadoop-ozone/integration-test/target/log"/>
    <property name="sun.boot.class.path" value="/usr/lib/jvm/java-1.8.0-openjdk-1.8.0.232.b09-0.el7_7.x86_64/jre/lib/resources.jar:/usr/lib/jvm/java-1.8.0-openjdk-1.8.0.232.b09-0.el7_7.x86_64/jre/lib/rt.jar:/usr/lib/jvm/java-1.8.0-openjdk-1.8.0.232.b09-0.el7_7.x86_64/jre/lib/sunrsasign.jar:/usr/lib/jvm/java-1.8.0-openjdk-1.8.0.232.b09-0.el7_7.x86_64/jre/lib/jsse.jar:/usr/lib/jvm/java-1.8.0-openjdk-1.8.0.232.b09-0.el7_7.x86_64/jre/lib/jce.jar:/usr/lib/jvm/java-1.8.0-openjdk-1.8.0.232.b09-0.el7_7.x86_64/jre/lib/charsets.jar:/usr/lib/jvm/java-1.8.0-openjdk-1.8.0.232.b09-0.el7_7.x86_64/jre/lib/jfr.jar:/usr/lib/jvm/java-1.8.0-openjdk-1.8.0.232.b09-0.el7_7.x86_64/jre/classes"/>
    <property name="sun.management.compiler" value="HotSpot 64-Bit Tiered Compilers"/>
    <property name="java.runtime.version" value="1.8.0_232-b09"/>
    <property name="java.net.preferIPv4Stack" value="true"/>
    <property name="user.name" value="jenkins1001"/>
    <property name="path.separator" value=":"/>
    <property name="java.security.egd" value="file:///dev/urandom"/>
    <property name="os.version" value="5.3.0-1020-azure"/>
    <property name="java.endorsed.dirs" value="/usr/lib/jvm/java-1.8.0-openjdk-1.8.0.232.b09-0.el7_7.x86_64/jre/lib/endorsed"/>
    <property name="java.runtime.name" value="OpenJDK Runtime Environment"/>
    <property name="file.encoding" value="ANSI_X3.4-1968"/>
    <property name="java.vm.name" value="OpenJDK 64-Bit Server VM"/>
    <property name="test.build.webapps" value=""/>
    <property name="localRepository" value="/home/user/.m2/repository"/>
    <property name="java.vendor.url.bug" value="http://bugreport.sun.com/bugreport/"/>
    <property name="java.io.tmpdir" value="/tmp"/>
    <property name="require.test.libhadoop" value=""/>
    <property name="java.version" value="1.8.0_232"/>
    <property name="user.dir" value="/github/workspace/mnt/ozone/hadoop-ozone/integration-test"/>
    <property name="os.arch" value="amd64"/>
    <property name="java.vm.specification.name" value="Java Virtual Machine Specification"/>
    <property name="test.build.classes" value="/github/workspace/mnt/ozone/hadoop-ozone/integration-test/target/test-classes"/>
    <property name="java.awt.printerjob" value="sun.print.PSPrinterJob"/>
    <property name="sun.os.patch.level" value="unknown"/>
    <property name="hadoop.tmp.dir" value="/github/workspace/mnt/ozone/hadoop-ozone/integration-test/target/tmp"/>
    <property name="java.library.path" value="/usr/lib:/usr/java/packages/lib/amd64:/usr/lib64:/lib64:/lib:/usr/lib"/>
    <property name="java.vm.info" value="mixed mode"/>
    <property name="java.vendor" value="Oracle Corporation"/>
    <property name="java.vm.version" value="25.232-b09"/>
    <property name="java.ext.dirs" value="/usr/lib/jvm/java-1.8.0-openjdk-1.8.0.232.b09-0.el7_7.x86_64/jre/lib/ext:/usr/java/packages/lib/ext"/>
    <property name="sun.io.unicode.encoding" value="UnicodeLittle"/>
    <property name="java.class.version" value="52.0"/>
  </properties>
  <testcase name="test2WayCommitForRetryfailure" classname="org.apache.hadoop.ozone.client.rpc.Test2WayCommitInRatis" time="97.367">
    <error message="org.apache.ratis.protocol.RaftRetryFailureException: Failed RaftClientRequest:client-5A37BC12A84C-&gt;61f480d7-b341-430b-a013-8e50b22c389b@group-F21A3269C2D6, cid=9, seq=3*, RW, cmdType: CloseContainer&#10;traceID: &quot;&quot;&#10;containerID: 1&#10;datanodeUuid: &quot;c7f9f9ae-13db-4a4f-b6b5-da79ea29c525&quot;&#10;closeContainer {&#10;}&#10;, data.size=0 for 15 attempts with RetryLimited(maxAttempts=15, sleepTime=1000ms)" type="java.util.concurrent.ExecutionException">java.util.concurrent.ExecutionException: 
org.apache.ratis.protocol.RaftRetryFailureException: Failed RaftClientRequest:client-5A37BC12A84C->61f480d7-b341-430b-a013-8e50b22c389b@group-F21A3269C2D6, cid=9, seq=3*, RW, cmdType: CloseContainer
traceID: ""
containerID: 1
datanodeUuid: "c7f9f9ae-13db-4a4f-b6b5-da79ea29c525"
closeContainer {
}
, data.size=0 for 15 attempts with RetryLimited(maxAttempts=15, sleepTime=1000ms)
	at java.util.concurrent.CompletableFuture.reportGet(CompletableFuture.java:357)
	at java.util.concurrent.CompletableFuture.get(CompletableFuture.java:1908)
	at org.apache.hadoop.ozone.client.rpc.Test2WayCommitInRatis.test2WayCommitForRetryfailure(Test2WayCommitInRatis.java:178)
	at sun.reflect.NativeMethodAccessorImpl.invoke0(Native Method)
	at sun.reflect.NativeMethodAccessorImpl.invoke(NativeMethodAccessorImpl.java:62)
	at sun.reflect.DelegatingMethodAccessorImpl.invoke(DelegatingMethodAccessorImpl.java:43)
	at java.lang.reflect.Method.invoke(Method.java:498)
	at org.junit.runners.model.FrameworkMethod$1.runReflectiveCall(FrameworkMethod.java:47)
	at org.junit.internal.runners.model.ReflectiveCallable.run(ReflectiveCallable.java:12)
	at org.junit.runners.model.FrameworkMethod.invokeExplosively(FrameworkMethod.java:44)
	at org.junit.internal.runners.statements.InvokeMethod.evaluate(InvokeMethod.java:17)
	at org.junit.runners.ParentRunner.runLeaf(ParentRunner.java:271)
	at org.junit.runners.BlockJUnit4ClassRunner.runChild(BlockJUnit4ClassRunner.java:70)
	at org.junit.runners.BlockJUnit4ClassRunner.runChild(BlockJUnit4ClassRunner.java:50)
	at org.junit.runners.ParentRunner$3.run(ParentRunner.java:238)
	at org.junit.runners.ParentRunner$1.schedule(ParentRunner.java:63)
	at org.junit.runners.ParentRunner.runChildren(ParentRunner.java:236)
	at org.junit.runners.ParentRunner.access$000(ParentRunner.java:53)
	at org.junit.runners.ParentRunner$2.evaluate(ParentRunner.java:229)
	at org.junit.runners.ParentRunner.run(ParentRunner.java:309)
	at org.apache.maven.surefire.junit4.JUnit4Provider.execute(JUnit4Provider.java:365)
	at org.apache.maven.surefire.junit4.JUnit4Provider.executeWithRerun(JUnit4Provider.java:273)
	at org.apache.maven.surefire.junit4.JUnit4Provider.executeTestSet(JUnit4Provider.java:238)
	at org.apache.maven.surefire.junit4.JUnit4Provider.invoke(JUnit4Provider.java:159)
	at org.apache.maven.surefire.booter.ForkedBooter.invokeProviderInSameClassLoader(ForkedBooter.java:384)
	at org.apache.maven.surefire.booter.ForkedBooter.runSuitesInProcess(ForkedBooter.java:345)
	at org.apache.maven.surefire.booter.ForkedBooter.execute(ForkedBooter.java:126)
	at org.apache.maven.surefire.booter.ForkedBooter.main(ForkedBooter.java:418)
Caused by: org.apache.ratis.protocol.RaftRetryFailureException: Failed RaftClientRequest:client-5A37BC12A84C->61f480d7-b341-430b-a013-8e50b22c389b@group-F21A3269C2D6, cid=9, seq=3*, RW, cmdType: CloseContainer
traceID: ""
containerID: 1
datanodeUuid: "c7f9f9ae-13db-4a4f-b6b5-da79ea29c525"
closeContainer {
}
, data.size=0 for 15 attempts with RetryLimited(maxAttempts=15, sleepTime=1000ms)
	at org.apache.ratis.client.impl.RaftClientImpl.noMoreRetries(RaftClientImpl.java:330)
	at org.apache.ratis.client.impl.OrderedAsync.handleAsyncRetryFailure(OrderedAsync.java:151)
	at org.apache.ratis.client.impl.OrderedAsync.lambda$sendRequest$10(OrderedAsync.java:250)
	at java.util.concurrent.CompletableFuture.uniExceptionally(CompletableFuture.java:884)
	at java.util.concurrent.CompletableFuture.uniExceptionallyStage(CompletableFuture.java:898)
	at java.util.concurrent.CompletableFuture.exceptionally(CompletableFuture.java:2209)
	at org.apache.ratis.client.impl.OrderedAsync.sendRequest(OrderedAsync.java:239)
	at org.apache.ratis.client.impl.OrderedAsync.sendRequestWithRetry(OrderedAsync.java:187)
	at org.apache.ratis.util.SlidingWindow$Client.sendOrDelayRequest(SlidingWindow.java:278)
	at org.apache.ratis.util.SlidingWindow$Client.retry(SlidingWindow.java:294)
	at org.apache.ratis.client.impl.OrderedAsync.lambda$scheduleWithTimeout$7(OrderedAsync.java:220)
	at org.apache.ratis.util.TimeoutScheduler.lambda$onTimeout$0(TimeoutScheduler.java:141)
	at org.apache.ratis.util.TimeoutScheduler.lambda$onTimeout$1(TimeoutScheduler.java:155)
	at org.apache.ratis.util.LogUtils.runAndLog(LogUtils.java:38)
	at org.apache.ratis.util.LogUtils$1.run(LogUtils.java:79)
	at java.util.concurrent.Executors$RunnableAdapter.call(Executors.java:511)
	at java.util.concurrent.FutureTask.run(FutureTask.java:266)
	at java.util.concurrent.ScheduledThreadPoolExecutor$ScheduledFutureTask.access$201(ScheduledThreadPoolExecutor.java:180)
	at java.util.concurrent.ScheduledThreadPoolExecutor$ScheduledFutureTask.run(ScheduledThreadPoolExecutor.java:293)
	at java.util.concurrent.ThreadPoolExecutor.runWorker(ThreadPoolExecutor.java:1149)
	at java.util.concurrent.ThreadPoolExecutor$Worker.run(ThreadPoolExecutor.java:624)
	at java.lang.Thread.run(Thread.java:748)
Caused by: org.apache.ratis.protocol.AlreadyClosedException: client-5A37BC12A84C->61f480d7-b341-430b-a013-8e50b22c389b is closed.
	at org.apache.ratis.grpc.client.GrpcClientProtocolClient$AsyncStreamObservers.onNext(GrpcClientProtocolClient.java:313)
	at org.apache.ratis.grpc.client.GrpcClientRpc.sendRequestAsync(GrpcClientRpc.java:68)
	at org.apache.ratis.client.impl.OrderedAsync.sendRequest(OrderedAsync.java:233)
	... 15 more
</error>
    <system-out><![CDATA[2020-05-19 11:14:04,900 [main] WARN  server.ServerUtils (ServerUtils.java:getScmDbDir(148)) - ozone.scm.db.dirs is not configured. We recommend adding this setting. Falling back to ozone.metadata.dirs instead.
2020-05-19 11:14:05,024 [main] WARN  server.ServerUtils (ServerUtils.java:getScmDbDir(148)) - ozone.scm.db.dirs is not configured. We recommend adding this setting. Falling back to ozone.metadata.dirs instead.
2020-05-19 11:14:05,160 [main] WARN  db.DBStoreBuilder (DBStoreBuilder.java:createDBStoreBuilder(277)) - ozone.scm.db.dirs is not configured. We recommend adding this setting. Falling back to ozone.metadata.dirs instead.
2020-05-19 11:14:05,321 [main] INFO  net.NodeSchemaLoader (NodeSchemaLoader.java:loadSchemaFromFile(126)) - Loading file from sun.misc.CompoundEnumeration@5bf7f15f
2020-05-19 11:14:05,324 [main] INFO  net.NodeSchemaLoader (NodeSchemaLoader.java:loadSchema(172)) - Loading network topology layer schema file
2020-05-19 11:14:05,407 [main] WARN  server.ServerUtils (ServerUtils.java:sanitizeUserArgs(73)) - ozone.scm.stale.node.interval value = 60000000 is larger than max = 100000 based on the key value of ozone.scm.heartbeat.thread.interval, reset to the max value 100000.
2020-05-19 11:14:05,408 [main] WARN  server.ServerUtils (ServerUtils.java:sanitizeUserArgs(73)) - ozone.scm.stale.node.interval value = 60000000 is larger than max = 100000 based on the key value of ozone.scm.heartbeat.thread.interval, reset to the max value 100000.
2020-05-19 11:14:05,414 [main] INFO  node.SCMNodeManager (SCMNodeManager.java:<init>(116)) - Entering startup safe mode.
2020-05-19 11:14:05,540 [main] INFO  algorithms.ContainerPlacementPolicyFactory (ContainerPlacementPolicyFactory.java:getPolicy(60)) - Create container placement policy of type org.apache.hadoop.hdds.scm.container.placement.algorithms.SCMContainerPlacementRandom
2020-05-19 11:14:05,563 [main] INFO  pipeline.SCMPipelineManager (SCMPipelineManager.java:initializePipelineState(158)) - No pipeline exists in current db
2020-05-19 11:14:05,631 [main] INFO  safemode.HealthyPipelineSafeModeRule (HealthyPipelineSafeModeRule.java:<init>(89)) - Total pipeline count is 0, healthy pipeline threshold count is 0
2020-05-19 11:14:05,634 [main] INFO  safemode.OneReplicaPipelineSafeModeRule (OneReplicaPipelineSafeModeRule.java:<init>(79)) - Total pipeline count is 0, pipeline's with at least one datanode reported threshold count is 0
2020-05-19 11:14:05,691 [RatisPipelineUtilsThread] ERROR pipeline.SCMPipelineManager (SCMPipelineManager.java:createPipeline(222)) - Failed to create pipeline of type RATIS and factor ONE. Exception: Cannot create pipeline of factor 1 using 0 nodes. Used 0 nodes. Healthy nodes 0
2020-05-19 11:14:06,219 [main] INFO  ipc.CallQueueManager (CallQueueManager.java:<init>(84)) - Using callQueue: class java.util.concurrent.LinkedBlockingQueue, queueCapacity: 2000, scheduler: class org.apache.hadoop.ipc.DefaultRpcScheduler, ipcBackoff: false.
2020-05-19 11:14:06,257 [Socket Reader #1 for port 0] INFO  ipc.Server (Server.java:run(1219)) - Starting Socket Reader #1 for port 0
2020-05-19 11:14:06,306 [Listener at 0.0.0.0/38977] INFO  ipc.CallQueueManager (CallQueueManager.java:<init>(84)) - Using callQueue: class java.util.concurrent.LinkedBlockingQueue, queueCapacity: 2000, scheduler: class org.apache.hadoop.ipc.DefaultRpcScheduler, ipcBackoff: false.
2020-05-19 11:14:06,309 [Socket Reader #1 for port 0] INFO  ipc.Server (Server.java:run(1219)) - Starting Socket Reader #1 for port 0
2020-05-19 11:14:06,320 [Listener at 0.0.0.0/38699] INFO  ipc.CallQueueManager (CallQueueManager.java:<init>(84)) - Using callQueue: class java.util.concurrent.LinkedBlockingQueue, queueCapacity: 2000, scheduler: class org.apache.hadoop.ipc.DefaultRpcScheduler, ipcBackoff: false.
2020-05-19 11:14:06,321 [Socket Reader #1 for port 0] INFO  ipc.Server (Server.java:run(1219)) - Starting Socket Reader #1 for port 0
2020-05-19 11:14:06,350 [Listener at 0.0.0.0/35989] INFO  http.BaseHttpServer (BaseHttpServer.java:newHttpServer2BuilderForOzone(205)) - Starting Web-server for scm at: http://0.0.0.0:0
2020-05-19 11:14:06,350 [Listener at 0.0.0.0/35989] INFO  http.BaseHttpServer (BaseHttpServer.java:<init>(106)) - Hadoop Security Enabled: false Ozone Security Enabled: false Ozone HTTP Security Enabled: false 
2020-05-19 11:14:06,399 [Listener at 0.0.0.0/35989] INFO  util.log (Log.java:initialized(169)) - Logging initialized @2956ms to org.eclipse.jetty.util.log.Slf4jLog
2020-05-19 11:14:06,651 [Listener at 0.0.0.0/35989] INFO  server.AuthenticationFilter (AuthenticationFilter.java:constructSecretProvider(240)) - Unable to initialize FileSignerSecretProvider, falling back to use random secrets.
2020-05-19 11:14:06,685 [Listener at 0.0.0.0/35989] WARN  http.HttpRequestLog (HttpRequestLog.java:getRequestLog(103)) - Jetty request log can only be enabled using Log4j
2020-05-19 11:14:06,692 [Listener at 0.0.0.0/35989] INFO  http.HttpServer2 (HttpServer2.java:addGlobalFilter(993)) - Added global filter 'safety' (class=org.apache.hadoop.hdds.server.http.HttpServer2$QuotingInputFilter)
2020-05-19 11:14:06,694 [Listener at 0.0.0.0/35989] INFO  http.HttpServer2 (HttpServer2.java:addFilter(969)) - Added filter authentication (class=org.apache.hadoop.security.authentication.server.AuthenticationFilter) to context scm
2020-05-19 11:14:06,695 [Listener at 0.0.0.0/35989] INFO  http.HttpServer2 (HttpServer2.java:addFilter(977)) - Added filter authentication (class=org.apache.hadoop.security.authentication.server.AuthenticationFilter) to context logs
2020-05-19 11:14:06,696 [Listener at 0.0.0.0/35989] INFO  http.HttpServer2 (HttpServer2.java:addFilter(977)) - Added filter authentication (class=org.apache.hadoop.security.authentication.server.AuthenticationFilter) to context static
2020-05-19 11:14:06,779 [Listener at 0.0.0.0/35989] INFO  server.StorageContainerManager (StorageContainerManager.java:start(781)) - StorageContainerLocationProtocol RPC server is listening at /0.0.0.0:35989
2020-05-19 11:14:06,866 [Listener at 0.0.0.0/35989] WARN  impl.MetricsConfig (MetricsConfig.java:loadFirst(134)) - Cannot locate configuration: tried hadoop-metrics2-storagecontainermanager.properties,hadoop-metrics2.properties
2020-05-19 11:14:06,887 [Listener at 0.0.0.0/35989] INFO  impl.MetricsSystemImpl (MetricsSystemImpl.java:startTimer(374)) - Scheduled Metric snapshot period at 10 second(s).
2020-05-19 11:14:06,887 [Listener at 0.0.0.0/35989] INFO  impl.MetricsSystemImpl (MetricsSystemImpl.java:start(191)) - StorageContainerManager metrics system started
2020-05-19 11:14:07,314 [Listener at 0.0.0.0/35989] INFO  server.SCMClientProtocolServer (SCMClientProtocolServer.java:start(157)) - RPC server for Client  is listening at /0.0.0.0:35989
2020-05-19 11:14:07,316 [IPC Server Responder] INFO  ipc.Server (Server.java:run(1460)) - IPC Server Responder: starting
2020-05-19 11:14:07,318 [IPC Server listener on 0] INFO  ipc.Server (Server.java:run(1298)) - IPC Server listener on 0: starting
2020-05-19 11:14:07,325 [Listener at 0.0.0.0/35989] INFO  server.StorageContainerManager (StorageContainerManager.java:start(793)) - ScmBlockLocationProtocol RPC server is listening at /0.0.0.0:38699
2020-05-19 11:14:07,326 [Listener at 0.0.0.0/35989] INFO  server.SCMBlockProtocolServer (SCMBlockProtocolServer.java:start(149)) - RPC server for Block Protocol is listening at /0.0.0.0:38699
2020-05-19 11:14:07,327 [IPC Server Responder] INFO  ipc.Server (Server.java:run(1460)) - IPC Server Responder: starting
2020-05-19 11:14:07,327 [IPC Server listener on 0] INFO  ipc.Server (Server.java:run(1298)) - IPC Server listener on 0: starting
2020-05-19 11:14:07,330 [Listener at 0.0.0.0/35989] INFO  server.StorageContainerManager (StorageContainerManager.java:start(799)) - ScmDatanodeProtocl RPC server is listening at /0.0.0.0:38977
2020-05-19 11:14:07,331 [Listener at 0.0.0.0/35989] INFO  server.SCMDatanodeProtocolServer (SCMDatanodeProtocolServer.java:start(172)) - RPC server for DataNodes is listening at /0.0.0.0:38977
2020-05-19 11:14:07,331 [IPC Server Responder] INFO  ipc.Server (Server.java:run(1460)) - IPC Server Responder: starting
2020-05-19 11:14:07,332 [IPC Server listener on 0] INFO  ipc.Server (Server.java:run(1298)) - IPC Server listener on 0: starting
2020-05-19 11:14:07,336 [Listener at 0.0.0.0/35989] INFO  http.HttpServer2 (HttpServer2.java:bindListener(1211)) - Jetty bound to port 41313
2020-05-19 11:14:07,339 [Listener at 0.0.0.0/35989] INFO  server.Server (Server.java:doStart(359)) - jetty-9.4.26.v20200117; built: 2020-01-17T12:35:33.676Z; git: 7b38981d25d14afb4a12ff1f2596756144edf695; jvm 1.8.0_232-b09
2020-05-19 11:14:07,389 [Listener at 0.0.0.0/35989] INFO  server.session (DefaultSessionIdManager.java:doStart(333)) - DefaultSessionIdManager workerName=node0
2020-05-19 11:14:07,390 [Listener at 0.0.0.0/35989] INFO  server.session (DefaultSessionIdManager.java:doStart(338)) - No SessionScavenger set, using defaults
2020-05-19 11:14:07,392 [Listener at 0.0.0.0/35989] INFO  server.session (HouseKeeper.java:startScavenging(140)) - node0 Scavenging every 600000ms
2020-05-19 11:14:07,409 [Listener at 0.0.0.0/35989] INFO  server.AuthenticationFilter (AuthenticationFilter.java:constructSecretProvider(240)) - Unable to initialize FileSignerSecretProvider, falling back to use random secrets.
2020-05-19 11:14:07,413 [Listener at 0.0.0.0/35989] INFO  handler.ContextHandler (ContextHandler.java:doStart(825)) - Started o.e.j.s.ServletContextHandler@207b440f{logs,/logs,file:///github/workspace/mnt/ozone/hadoop-ozone/integration-test/target/log,AVAILABLE}
2020-05-19 11:14:07,414 [Listener at 0.0.0.0/35989] INFO  handler.ContextHandler (ContextHandler.java:doStart(825)) - Started o.e.j.s.ServletContextHandler@1569e9d7{static,/static,file:///github/workspace/mnt/ozone/hadoop-ozone/integration-test/target/test-classes/webapps/static,AVAILABLE}
2020-05-19 11:14:07,479 [Listener at 0.0.0.0/35989] INFO  handler.ContextHandler (ContextHandler.java:doStart(825)) - Started o.e.j.w.WebAppContext@10c4eb9a{scm,/,file:///github/workspace/mnt/ozone/hadoop-ozone/integration-test/target/test-classes/webapps/scm/,AVAILABLE}{file:/github/workspace/mnt/ozone/hadoop-ozone/integration-test/target/test-classes/webapps/scm}
2020-05-19 11:14:07,492 [Listener at 0.0.0.0/35989] INFO  server.AbstractConnector (AbstractConnector.java:doStart(330)) - Started ServerConnector@4bd47b75{HTTP/1.1,[http/1.1]}{0.0.0.0:41313}
2020-05-19 11:14:07,493 [Listener at 0.0.0.0/35989] INFO  server.Server (Server.java:doStart(399)) - Started @4049ms
2020-05-19 11:14:07,495 [Listener at 0.0.0.0/35989] INFO  impl.MetricsSinkAdapter (MetricsSinkAdapter.java:start(204)) - Sink prometheus started
2020-05-19 11:14:07,496 [Listener at 0.0.0.0/35989] INFO  impl.MetricsSystemImpl (MetricsSystemImpl.java:registerSink(301)) - Registered sink prometheus
2020-05-19 11:14:07,502 [Listener at 0.0.0.0/35989] INFO  http.BaseHttpServer (BaseHttpServer.java:updateConnectorAddress(325)) - HTTP server of scm listening at http://0.0.0.0:41313
2020-05-19 11:14:07,512 [Listener at 0.0.0.0/35989] WARN  server.ServerUtils (ServerUtils.java:getDBPath(225)) - ozone.om.db.dirs is not configured. We recommend adding this setting. Falling back to ozone.metadata.dirs instead.
2020-05-19 11:14:07,524 [org.apache.hadoop.util.JvmPauseMonitor$Monitor@14f8e7fd] INFO  util.JvmPauseMonitor (JvmPauseMonitor.java:run(188)) - Starting JVM pause monitor
2020-05-19 11:14:07,672 [Listener at 0.0.0.0/35989] INFO  ha.OMHANodeDetails (OMHANodeDetails.java:loadOMHAConfig(104)) - ozone.om.internal.service.id is not defined, falling back to ozone.om.service.ids to find serviceID for OzoneManager if it is HA enabled cluster
2020-05-19 11:14:07,677 [Listener at 0.0.0.0/35989] INFO  ha.OMHANodeDetails (OMHANodeDetails.java:loadOMHAConfig(207)) - Configuration either no ozone.om.address set. Falling back to the default OM address /127.0.0.1:0
2020-05-19 11:14:07,677 [Listener at 0.0.0.0/35989] INFO  ha.OMHANodeDetails (OMHANodeDetails.java:getOMNodeDetails(237)) - OM Service ID is not set. Setting it to the default ID: omServiceIdDefault
2020-05-19 11:14:07,680 [Listener at 0.0.0.0/35989] WARN  server.ServerUtils (ServerUtils.java:getDBPath(225)) - ozone.om.db.dirs is not configured. We recommend adding this setting. Falling back to ozone.metadata.dirs instead.
2020-05-19 11:14:07,682 [Listener at 0.0.0.0/35989] WARN  server.ServerUtils (ServerUtils.java:getDBPath(225)) - ozone.om.db.dirs is not configured. We recommend adding this setting. Falling back to ozone.metadata.dirs instead.
2020-05-19 11:14:08,447 [Listener at 0.0.0.0/35989] WARN  server.ServerUtils (ServerUtils.java:getDBPath(225)) - ozone.om.db.dirs is not configured. We recommend adding this setting. Falling back to ozone.metadata.dirs instead.
2020-05-19 11:14:08,566 [Listener at 0.0.0.0/35989] INFO  ipc.CallQueueManager (CallQueueManager.java:<init>(84)) - Using callQueue: class java.util.concurrent.LinkedBlockingQueue, queueCapacity: 2000, scheduler: class org.apache.hadoop.ipc.DefaultRpcScheduler, ipcBackoff: false.
2020-05-19 11:14:08,569 [Socket Reader #1 for port 0] INFO  ipc.Server (Server.java:run(1219)) - Starting Socket Reader #1 for port 0
2020-05-19 11:14:08,623 [Listener at 127.0.0.1/37943] INFO  impl.MetricsSystemImpl (MetricsSystemImpl.java:init(158)) - OzoneManager metrics system started (again)
2020-05-19 11:14:08,626 [Listener at 127.0.0.1/37943] INFO  om.OzoneManager (OzoneManager.java:start(1100)) - OzoneManager RPC server is listening at localhost/127.0.0.1:37943
2020-05-19 11:14:08,652 [IPC Server Responder] INFO  ipc.Server (Server.java:run(1460)) - IPC Server Responder: starting
2020-05-19 11:14:08,653 [IPC Server listener on 0] INFO  ipc.Server (Server.java:run(1298)) - IPC Server listener on 0: starting
2020-05-19 11:14:08,665 [Listener at 127.0.0.1/37943] INFO  http.BaseHttpServer (BaseHttpServer.java:newHttpServer2BuilderForOzone(205)) - Starting Web-server for ozoneManager at: http://0.0.0.0:0
2020-05-19 11:14:08,666 [Listener at 127.0.0.1/37943] INFO  http.BaseHttpServer (BaseHttpServer.java:<init>(106)) - Hadoop Security Enabled: false Ozone Security Enabled: false Ozone HTTP Security Enabled: false 
2020-05-19 11:14:08,667 [Listener at 127.0.0.1/37943] INFO  server.AuthenticationFilter (AuthenticationFilter.java:constructSecretProvider(240)) - Unable to initialize FileSignerSecretProvider, falling back to use random secrets.
2020-05-19 11:14:08,668 [Listener at 127.0.0.1/37943] WARN  http.HttpRequestLog (HttpRequestLog.java:getRequestLog(103)) - Jetty request log can only be enabled using Log4j
2020-05-19 11:14:08,670 [Listener at 127.0.0.1/37943] INFO  http.HttpServer2 (HttpServer2.java:addGlobalFilter(993)) - Added global filter 'safety' (class=org.apache.hadoop.hdds.server.http.HttpServer2$QuotingInputFilter)
2020-05-19 11:14:08,671 [Listener at 127.0.0.1/37943] INFO  http.HttpServer2 (HttpServer2.java:addFilter(969)) - Added filter authentication (class=org.apache.hadoop.security.authentication.server.AuthenticationFilter) to context ozoneManager
2020-05-19 11:14:08,671 [Listener at 127.0.0.1/37943] INFO  http.HttpServer2 (HttpServer2.java:addFilter(977)) - Added filter authentication (class=org.apache.hadoop.security.authentication.server.AuthenticationFilter) to context logs
2020-05-19 11:14:08,671 [Listener at 127.0.0.1/37943] INFO  http.HttpServer2 (HttpServer2.java:addFilter(977)) - Added filter authentication (class=org.apache.hadoop.security.authentication.server.AuthenticationFilter) to context static
2020-05-19 11:14:08,675 [Listener at 127.0.0.1/37943] INFO  http.HttpServer2 (HttpServer2.java:bindListener(1211)) - Jetty bound to port 44219
2020-05-19 11:14:08,675 [Listener at 127.0.0.1/37943] INFO  server.Server (Server.java:doStart(359)) - jetty-9.4.26.v20200117; built: 2020-01-17T12:35:33.676Z; git: 7b38981d25d14afb4a12ff1f2596756144edf695; jvm 1.8.0_232-b09
2020-05-19 11:14:08,677 [Listener at 127.0.0.1/37943] INFO  server.session (DefaultSessionIdManager.java:doStart(333)) - DefaultSessionIdManager workerName=node0
2020-05-19 11:14:08,677 [Listener at 127.0.0.1/37943] INFO  server.session (DefaultSessionIdManager.java:doStart(338)) - No SessionScavenger set, using defaults
2020-05-19 11:14:08,677 [Listener at 127.0.0.1/37943] INFO  server.session (HouseKeeper.java:startScavenging(140)) - node0 Scavenging every 600000ms
2020-05-19 11:14:08,678 [Listener at 127.0.0.1/37943] INFO  server.AuthenticationFilter (AuthenticationFilter.java:constructSecretProvider(240)) - Unable to initialize FileSignerSecretProvider, falling back to use random secrets.
2020-05-19 11:14:08,680 [Listener at 127.0.0.1/37943] INFO  handler.ContextHandler (ContextHandler.java:doStart(825)) - Started o.e.j.s.ServletContextHandler@4559f51a{logs,/logs,file:///github/workspace/mnt/ozone/hadoop-ozone/integration-test/target/log,AVAILABLE}
2020-05-19 11:14:08,680 [Listener at 127.0.0.1/37943] INFO  handler.ContextHandler (ContextHandler.java:doStart(825)) - Started o.e.j.s.ServletContextHandler@50b460ad{static,/static,file:///github/workspace/mnt/ozone/hadoop-ozone/integration-test/target/test-classes/webapps/static,AVAILABLE}
2020-05-19 11:14:08,685 [Listener at 127.0.0.1/37943] INFO  handler.ContextHandler (ContextHandler.java:doStart(825)) - Started o.e.j.w.WebAppContext@58105ba0{ozoneManager,/,file:///github/workspace/mnt/ozone/hadoop-ozone/integration-test/target/test-classes/webapps/ozoneManager/,AVAILABLE}{file:/github/workspace/mnt/ozone/hadoop-ozone/integration-test/target/test-classes/webapps/ozoneManager}
2020-05-19 11:14:08,688 [Listener at 127.0.0.1/37943] INFO  server.AbstractConnector (AbstractConnector.java:doStart(330)) - Started ServerConnector@1f1d8f8{HTTP/1.1,[http/1.1]}{0.0.0.0:44219}
2020-05-19 11:14:08,688 [Listener at 127.0.0.1/37943] INFO  server.Server (Server.java:doStart(399)) - Started @5245ms
2020-05-19 11:14:08,689 [Listener at 127.0.0.1/37943] WARN  impl.MetricsSystemImpl (MetricsSystemImpl.java:register(276)) - Sink prometheus already exists!
2020-05-19 11:14:08,706 [Listener at 127.0.0.1/37943] INFO  http.BaseHttpServer (BaseHttpServer.java:updateConnectorAddress(325)) - HTTP server of ozoneManager listening at http://0.0.0.0:44219
2020-05-19 11:14:08,717 [org.apache.hadoop.util.JvmPauseMonitor$Monitor@5e0bed5a] INFO  util.JvmPauseMonitor (JvmPauseMonitor.java:run(188)) - Starting JVM pause monitor
2020-05-19 11:14:08,858 [Listener at 127.0.0.1/37943] INFO  metrics.MetricRegistries (MetricRegistriesLoader.java:load(64)) - Loaded MetricRegistries class org.apache.ratis.metrics.impl.MetricRegistriesImpl
2020-05-19 11:14:08,862 [Listener at 127.0.0.1/37943] INFO  impl.MetricsSystemImpl (MetricsSystemImpl.java:init(158)) - HddsDatanode metrics system started (again)
2020-05-19 11:14:08,869 [Listener at 127.0.0.1/37943] INFO  ozone.HddsDatanodeService (HddsDatanodeService.java:start(204)) - HddsDatanodeService host:1485036e3d27 ip:172.17.0.2
2020-05-19 11:14:08,915 [Listener at 127.0.0.1/37943] INFO  volume.HddsVolume (HddsVolume.java:<init>(176)) - Creating Volume: /github/workspace/mnt/ozone/hadoop-ozone/integration-test/target/test-dir/MiniOzoneClusterImpl-d714e1e1-ed47-4185-a09b-7372fd6773c3/datanode-0/data-0/containers/hdds of storage type : DISK and capacity : 9223372036854775807
2020-05-19 11:14:08,917 [Listener at 127.0.0.1/37943] INFO  volume.MutableVolumeSet (MutableVolumeSet.java:initializeVolumeSet(181)) - Added Volume : /github/workspace/mnt/ozone/hadoop-ozone/integration-test/target/test-dir/MiniOzoneClusterImpl-d714e1e1-ed47-4185-a09b-7372fd6773c3/datanode-0/data-0/containers/hdds to VolumeSet
2020-05-19 11:14:08,918 [Listener at 127.0.0.1/37943] INFO  volume.ThrottledAsyncChecker (ThrottledAsyncChecker.java:schedule(141)) - Scheduling a check for /github/workspace/mnt/ozone/hadoop-ozone/integration-test/target/test-dir/MiniOzoneClusterImpl-d714e1e1-ed47-4185-a09b-7372fd6773c3/datanode-0/data-0/containers/hdds
2020-05-19 11:14:08,940 [Listener at 127.0.0.1/37943] INFO  volume.HddsVolumeChecker (HddsVolumeChecker.java:checkAllVolumes(200)) - Scheduled health check for volume /github/workspace/mnt/ozone/hadoop-ozone/integration-test/target/test-dir/MiniOzoneClusterImpl-d714e1e1-ed47-4185-a09b-7372fd6773c3/datanode-0/data-0/containers/hdds
2020-05-19 11:14:09,121 [Listener at 127.0.0.1/37943] INFO  impl.RaftServerProxy (ConfUtils.java:logGet(44)) - raft.rpc.type = GRPC (default)
2020-05-19 11:14:09,249 [Listener at 127.0.0.1/37943] INFO  grpc.GrpcFactory (GrpcFactory.java:checkPooledByteBufAllocatorUseCacheForAllThreads(45)) - PERFORMANCE WARNING: useCacheForAllThreads is true that may cause Netty to create a lot garbage objects and, as a result, trigger GC.
	It is recommended to disable useCacheForAllThreads by setting -Dorg.apache.ratis.thirdparty.io.netty.allocator.useCacheForAllThreads=false in command line.
2020-05-19 11:14:09,254 [Listener at 127.0.0.1/37943] INFO  grpc.GrpcConfigKeys (ConfUtils.java:logGet(44)) - raft.grpc.server.port = 0 (default)
2020-05-19 11:14:09,255 [Listener at 127.0.0.1/37943] INFO  server.GrpcService (ConfUtils.java:logGet(44)) - raft.grpc.message.size.max = 32MB (=33554432) (custom)
2020-05-19 11:14:09,256 [Listener at 127.0.0.1/37943] INFO  server.RaftServerConfigKeys (ConfUtils.java:logGet(44)) - raft.server.log.appender.buffer.byte-limit = 33554432 (custom)
2020-05-19 11:14:09,256 [Listener at 127.0.0.1/37943] INFO  server.GrpcService (ConfUtils.java:logGet(44)) - raft.grpc.flow.control.window = 5MB (=5242880) (custom)
2020-05-19 11:14:09,257 [Listener at 127.0.0.1/37943] INFO  server.RaftServerConfigKeys (ConfUtils.java:logGet(44)) - raft.server.rpc.request.timeout = 3s (default)
2020-05-19 11:14:09,533 [Listener at 127.0.0.1/37943] INFO  server.RaftServerConfigKeys (ConfUtils.java:logGet(44)) - raft.server.storage.dir = [/github/workspace/mnt/ozone/hadoop-ozone/integration-test/target/test-dir/MiniOzoneClusterImpl-d714e1e1-ed47-4185-a09b-7372fd6773c3/datanode-0/data/ratis] (custom)
2020-05-19 11:14:09,604 [Listener at 127.0.0.1/37943] INFO  http.BaseHttpServer (BaseHttpServer.java:newHttpServer2BuilderForOzone(205)) - Starting Web-server for hddsDatanode at: http://0.0.0.0:0
2020-05-19 11:14:09,604 [Listener at 127.0.0.1/37943] INFO  http.BaseHttpServer (BaseHttpServer.java:<init>(106)) - Hadoop Security Enabled: false Ozone Security Enabled: false Ozone HTTP Security Enabled: false 
2020-05-19 11:14:09,606 [Listener at 127.0.0.1/37943] INFO  server.AuthenticationFilter (AuthenticationFilter.java:constructSecretProvider(240)) - Unable to initialize FileSignerSecretProvider, falling back to use random secrets.
2020-05-19 11:14:09,606 [Listener at 127.0.0.1/37943] WARN  http.HttpRequestLog (HttpRequestLog.java:getRequestLog(103)) - Jetty request log can only be enabled using Log4j
2020-05-19 11:14:09,607 [Listener at 127.0.0.1/37943] INFO  http.HttpServer2 (HttpServer2.java:addGlobalFilter(993)) - Added global filter 'safety' (class=org.apache.hadoop.hdds.server.http.HttpServer2$QuotingInputFilter)
2020-05-19 11:14:09,608 [Listener at 127.0.0.1/37943] INFO  http.HttpServer2 (HttpServer2.java:addFilter(969)) - Added filter authentication (class=org.apache.hadoop.security.authentication.server.AuthenticationFilter) to context hddsDatanode
2020-05-19 11:14:09,608 [Listener at 127.0.0.1/37943] INFO  http.HttpServer2 (HttpServer2.java:addFilter(977)) - Added filter authentication (class=org.apache.hadoop.security.authentication.server.AuthenticationFilter) to context logs
2020-05-19 11:14:09,609 [Listener at 127.0.0.1/37943] INFO  http.HttpServer2 (HttpServer2.java:addFilter(977)) - Added filter authentication (class=org.apache.hadoop.security.authentication.server.AuthenticationFilter) to context static
2020-05-19 11:14:09,609 [Listener at 127.0.0.1/37943] INFO  http.HttpServer2 (HttpServer2.java:bindListener(1211)) - Jetty bound to port 39423
2020-05-19 11:14:09,610 [Listener at 127.0.0.1/37943] INFO  server.Server (Server.java:doStart(359)) - jetty-9.4.26.v20200117; built: 2020-01-17T12:35:33.676Z; git: 7b38981d25d14afb4a12ff1f2596756144edf695; jvm 1.8.0_232-b09
2020-05-19 11:14:09,613 [Listener at 127.0.0.1/37943] INFO  server.session (DefaultSessionIdManager.java:doStart(333)) - DefaultSessionIdManager workerName=node0
2020-05-19 11:14:09,614 [Listener at 127.0.0.1/37943] INFO  server.session (DefaultSessionIdManager.java:doStart(338)) - No SessionScavenger set, using defaults
2020-05-19 11:14:09,614 [Listener at 127.0.0.1/37943] INFO  server.session (HouseKeeper.java:startScavenging(140)) - node0 Scavenging every 660000ms
2020-05-19 11:14:09,617 [Listener at 127.0.0.1/37943] INFO  server.AuthenticationFilter (AuthenticationFilter.java:constructSecretProvider(240)) - Unable to initialize FileSignerSecretProvider, falling back to use random secrets.
2020-05-19 11:14:09,618 [Listener at 127.0.0.1/37943] INFO  handler.ContextHandler (ContextHandler.java:doStart(825)) - Started o.e.j.s.ServletContextHandler@1f60af92{logs,/logs,file:///github/workspace/mnt/ozone/hadoop-ozone/integration-test/target/log,AVAILABLE}
2020-05-19 11:14:09,618 [Listener at 127.0.0.1/37943] INFO  handler.ContextHandler (ContextHandler.java:doStart(825)) - Started o.e.j.s.ServletContextHandler@63bf2169{static,/static,jar:file:/home/user/.m2/repository/org/apache/hadoop/hadoop-hdds-container-service/0.6.0-SNAPSHOT/hadoop-hdds-container-service-0.6.0-SNAPSHOT.jar!/webapps/static,AVAILABLE}
2020-05-19 11:14:09,665 [Listener at 127.0.0.1/37943] INFO  handler.ContextHandler (ContextHandler.java:doStart(825)) - Started o.e.j.w.WebAppContext@478f7762{hddsDatanode,/,file:///tmp/jetty-0_0_0_0-39423-hadoop-hdds-container-service-0_6_0-SNAPSHOT_jar-_-any-2537230465736087312.dir/webapp/,AVAILABLE}{jar:file:/home/user/.m2/repository/org/apache/hadoop/hadoop-hdds-container-service/0.6.0-SNAPSHOT/hadoop-hdds-container-service-0.6.0-SNAPSHOT.jar!/webapps/hddsDatanode}
2020-05-19 11:14:09,666 [Listener at 127.0.0.1/37943] INFO  server.AbstractConnector (AbstractConnector.java:doStart(330)) - Started ServerConnector@631f8fdd{HTTP/1.1,[http/1.1]}{0.0.0.0:39423}
2020-05-19 11:14:09,672 [Listener at 127.0.0.1/37943] INFO  server.Server (Server.java:doStart(399)) - Started @6228ms
2020-05-19 11:14:09,672 [Listener at 127.0.0.1/37943] WARN  impl.MetricsSystemImpl (MetricsSystemImpl.java:register(276)) - Sink prometheus already exists!
2020-05-19 11:14:09,678 [Listener at 127.0.0.1/37943] INFO  http.BaseHttpServer (BaseHttpServer.java:updateConnectorAddress(325)) - HTTP server of hddsDatanode listening at http://0.0.0.0:39423
2020-05-19 11:14:09,679 [Listener at 127.0.0.1/37943] INFO  impl.MetricsSystemImpl (MetricsSystemImpl.java:init(158)) - HddsDatanode metrics system started (again)
2020-05-19 11:14:09,680 [Listener at 127.0.0.1/37943] INFO  ozone.HddsDatanodeService (HddsDatanodeService.java:start(204)) - HddsDatanodeService host:1485036e3d27 ip:172.17.0.2
2020-05-19 11:14:09,684 [Listener at 127.0.0.1/37943] INFO  volume.HddsVolume (HddsVolume.java:<init>(176)) - Creating Volume: /github/workspace/mnt/ozone/hadoop-ozone/integration-test/target/test-dir/MiniOzoneClusterImpl-d714e1e1-ed47-4185-a09b-7372fd6773c3/datanode-1/data-0/containers/hdds of storage type : DISK and capacity : 9223372036854775807
2020-05-19 11:14:09,684 [Listener at 127.0.0.1/37943] INFO  volume.MutableVolumeSet (MutableVolumeSet.java:initializeVolumeSet(181)) - Added Volume : /github/workspace/mnt/ozone/hadoop-ozone/integration-test/target/test-dir/MiniOzoneClusterImpl-d714e1e1-ed47-4185-a09b-7372fd6773c3/datanode-1/data-0/containers/hdds to VolumeSet
2020-05-19 11:14:09,684 [Listener at 127.0.0.1/37943] INFO  volume.ThrottledAsyncChecker (ThrottledAsyncChecker.java:schedule(141)) - Scheduling a check for /github/workspace/mnt/ozone/hadoop-ozone/integration-test/target/test-dir/MiniOzoneClusterImpl-d714e1e1-ed47-4185-a09b-7372fd6773c3/datanode-1/data-0/containers/hdds
2020-05-19 11:14:09,690 [Listener at 127.0.0.1/37943] INFO  volume.HddsVolumeChecker (HddsVolumeChecker.java:checkAllVolumes(200)) - Scheduled health check for volume /github/workspace/mnt/ozone/hadoop-ozone/integration-test/target/test-dir/MiniOzoneClusterImpl-d714e1e1-ed47-4185-a09b-7372fd6773c3/datanode-1/data-0/containers/hdds
2020-05-19 11:14:09,706 [org.apache.hadoop.util.JvmPauseMonitor$Monitor@7be49020] INFO  util.JvmPauseMonitor (JvmPauseMonitor.java:run(188)) - Starting JVM pause monitor
2020-05-19 11:14:09,764 [Listener at 127.0.0.1/37943] INFO  impl.RaftServerProxy (ConfUtils.java:logGet(44)) - raft.rpc.type = GRPC (default)
2020-05-19 11:14:09,764 [Listener at 127.0.0.1/37943] INFO  grpc.GrpcFactory (GrpcFactory.java:checkPooledByteBufAllocatorUseCacheForAllThreads(45)) - PERFORMANCE WARNING: useCacheForAllThreads is true that may cause Netty to create a lot garbage objects and, as a result, trigger GC.
	It is recommended to disable useCacheForAllThreads by setting -Dorg.apache.ratis.thirdparty.io.netty.allocator.useCacheForAllThreads=false in command line.
2020-05-19 11:14:09,766 [Listener at 127.0.0.1/37943] INFO  grpc.GrpcConfigKeys (ConfUtils.java:logGet(44)) - raft.grpc.server.port = 0 (default)
2020-05-19 11:14:09,766 [Listener at 127.0.0.1/37943] INFO  server.GrpcService (ConfUtils.java:logGet(44)) - raft.grpc.message.size.max = 32MB (=33554432) (custom)
2020-05-19 11:14:09,766 [Listener at 127.0.0.1/37943] INFO  server.RaftServerConfigKeys (ConfUtils.java:logGet(44)) - raft.server.log.appender.buffer.byte-limit = 33554432 (custom)
2020-05-19 11:14:09,767 [Listener at 127.0.0.1/37943] INFO  server.GrpcService (ConfUtils.java:logGet(44)) - raft.grpc.flow.control.window = 5MB (=5242880) (custom)
2020-05-19 11:14:09,767 [Listener at 127.0.0.1/37943] INFO  server.RaftServerConfigKeys (ConfUtils.java:logGet(44)) - raft.server.rpc.request.timeout = 3s (default)
2020-05-19 11:14:09,769 [Listener at 127.0.0.1/37943] INFO  server.RaftServerConfigKeys (ConfUtils.java:logGet(44)) - raft.server.storage.dir = [/github/workspace/mnt/ozone/hadoop-ozone/integration-test/target/test-dir/MiniOzoneClusterImpl-d714e1e1-ed47-4185-a09b-7372fd6773c3/datanode-1/data/ratis] (custom)
2020-05-19 11:14:09,780 [Listener at 127.0.0.1/37943] INFO  http.BaseHttpServer (BaseHttpServer.java:newHttpServer2BuilderForOzone(205)) - Starting Web-server for hddsDatanode at: http://0.0.0.0:0
2020-05-19 11:14:09,780 [Listener at 127.0.0.1/37943] INFO  http.BaseHttpServer (BaseHttpServer.java:<init>(106)) - Hadoop Security Enabled: false Ozone Security Enabled: false Ozone HTTP Security Enabled: false 
2020-05-19 11:14:09,781 [Listener at 127.0.0.1/37943] INFO  server.AuthenticationFilter (AuthenticationFilter.java:constructSecretProvider(240)) - Unable to initialize FileSignerSecretProvider, falling back to use random secrets.
2020-05-19 11:14:09,793 [Listener at 127.0.0.1/37943] WARN  http.HttpRequestLog (HttpRequestLog.java:getRequestLog(103)) - Jetty request log can only be enabled using Log4j
2020-05-19 11:14:09,794 [Listener at 127.0.0.1/37943] INFO  http.HttpServer2 (HttpServer2.java:addGlobalFilter(993)) - Added global filter 'safety' (class=org.apache.hadoop.hdds.server.http.HttpServer2$QuotingInputFilter)
2020-05-19 11:14:09,795 [Listener at 127.0.0.1/37943] INFO  http.HttpServer2 (HttpServer2.java:addFilter(969)) - Added filter authentication (class=org.apache.hadoop.security.authentication.server.AuthenticationFilter) to context hddsDatanode
2020-05-19 11:14:09,795 [Listener at 127.0.0.1/37943] INFO  http.HttpServer2 (HttpServer2.java:addFilter(977)) - Added filter authentication (class=org.apache.hadoop.security.authentication.server.AuthenticationFilter) to context logs
2020-05-19 11:14:09,795 [Listener at 127.0.0.1/37943] INFO  http.HttpServer2 (HttpServer2.java:addFilter(977)) - Added filter authentication (class=org.apache.hadoop.security.authentication.server.AuthenticationFilter) to context static
2020-05-19 11:14:09,796 [Listener at 127.0.0.1/37943] INFO  http.HttpServer2 (HttpServer2.java:bindListener(1211)) - Jetty bound to port 45619
2020-05-19 11:14:09,796 [Listener at 127.0.0.1/37943] INFO  server.Server (Server.java:doStart(359)) - jetty-9.4.26.v20200117; built: 2020-01-17T12:35:33.676Z; git: 7b38981d25d14afb4a12ff1f2596756144edf695; jvm 1.8.0_232-b09
2020-05-19 11:14:09,840 [Listener at 127.0.0.1/37943] INFO  server.session (DefaultSessionIdManager.java:doStart(333)) - DefaultSessionIdManager workerName=node0
2020-05-19 11:14:09,841 [Listener at 127.0.0.1/37943] INFO  server.session (DefaultSessionIdManager.java:doStart(338)) - No SessionScavenger set, using defaults
2020-05-19 11:14:09,841 [Listener at 127.0.0.1/37943] INFO  server.session (HouseKeeper.java:startScavenging(140)) - node0 Scavenging every 600000ms
2020-05-19 11:14:09,843 [Listener at 127.0.0.1/37943] INFO  server.AuthenticationFilter (AuthenticationFilter.java:constructSecretProvider(240)) - Unable to initialize FileSignerSecretProvider, falling back to use random secrets.
2020-05-19 11:14:09,844 [Listener at 127.0.0.1/37943] INFO  handler.ContextHandler (ContextHandler.java:doStart(825)) - Started o.e.j.s.ServletContextHandler@67c19ae2{logs,/logs,file:///github/workspace/mnt/ozone/hadoop-ozone/integration-test/target/log,AVAILABLE}
2020-05-19 11:14:09,844 [Listener at 127.0.0.1/37943] INFO  handler.ContextHandler (ContextHandler.java:doStart(825)) - Started o.e.j.s.ServletContextHandler@7ec765cd{static,/static,jar:file:/home/user/.m2/repository/org/apache/hadoop/hadoop-hdds-container-service/0.6.0-SNAPSHOT/hadoop-hdds-container-service-0.6.0-SNAPSHOT.jar!/webapps/static,AVAILABLE}
2020-05-19 11:14:09,863 [Datanode State Machine Thread - 0] INFO  datanode.InitDatanodeState (InitDatanodeState.java:persistContainerDatanodeDetails(145)) - DatanodeDetails is persisted to /github/workspace/mnt/ozone/hadoop-ozone/integration-test/target/test-dir/MiniOzoneClusterImpl-d714e1e1-ed47-4185-a09b-7372fd6773c3/datanode-0/meta/datanode.id
2020-05-19 11:14:09,879 [Listener at 127.0.0.1/37943] INFO  handler.ContextHandler (ContextHandler.java:doStart(825)) - Started o.e.j.w.WebAppContext@26993032{hddsDatanode,/,file:///tmp/jetty-0_0_0_0-45619-hadoop-hdds-container-service-0_6_0-SNAPSHOT_jar-_-any-3033314061066777692.dir/webapp/,AVAILABLE}{jar:file:/home/user/.m2/repository/org/apache/hadoop/hadoop-hdds-container-service/0.6.0-SNAPSHOT/hadoop-hdds-container-service-0.6.0-SNAPSHOT.jar!/webapps/hddsDatanode}
2020-05-19 11:14:09,881 [Listener at 127.0.0.1/37943] INFO  server.AbstractConnector (AbstractConnector.java:doStart(330)) - Started ServerConnector@4912e06e{HTTP/1.1,[http/1.1]}{0.0.0.0:45619}
2020-05-19 11:14:09,882 [Listener at 127.0.0.1/37943] INFO  server.Server (Server.java:doStart(399)) - Started @6438ms
2020-05-19 11:14:09,882 [Listener at 127.0.0.1/37943] WARN  impl.MetricsSystemImpl (MetricsSystemImpl.java:register(276)) - Sink prometheus already exists!
2020-05-19 11:14:09,886 [Listener at 127.0.0.1/37943] INFO  http.BaseHttpServer (BaseHttpServer.java:updateConnectorAddress(325)) - HTTP server of hddsDatanode listening at http://0.0.0.0:45619
2020-05-19 11:14:09,887 [Listener at 127.0.0.1/37943] INFO  impl.MetricsSystemImpl (MetricsSystemImpl.java:init(158)) - HddsDatanode metrics system started (again)
2020-05-19 11:14:09,888 [Listener at 127.0.0.1/37943] INFO  ozone.HddsDatanodeService (HddsDatanodeService.java:start(204)) - HddsDatanodeService host:1485036e3d27 ip:172.17.0.2
2020-05-19 11:14:09,890 [Listener at 127.0.0.1/37943] INFO  volume.HddsVolume (HddsVolume.java:<init>(176)) - Creating Volume: /github/workspace/mnt/ozone/hadoop-ozone/integration-test/target/test-dir/MiniOzoneClusterImpl-d714e1e1-ed47-4185-a09b-7372fd6773c3/datanode-2/data-0/containers/hdds of storage type : DISK and capacity : 9223372036854775807
2020-05-19 11:14:09,890 [Listener at 127.0.0.1/37943] INFO  volume.MutableVolumeSet (MutableVolumeSet.java:initializeVolumeSet(181)) - Added Volume : /github/workspace/mnt/ozone/hadoop-ozone/integration-test/target/test-dir/MiniOzoneClusterImpl-d714e1e1-ed47-4185-a09b-7372fd6773c3/datanode-2/data-0/containers/hdds to VolumeSet
2020-05-19 11:14:09,891 [Listener at 127.0.0.1/37943] INFO  volume.ThrottledAsyncChecker (ThrottledAsyncChecker.java:schedule(141)) - Scheduling a check for /github/workspace/mnt/ozone/hadoop-ozone/integration-test/target/test-dir/MiniOzoneClusterImpl-d714e1e1-ed47-4185-a09b-7372fd6773c3/datanode-2/data-0/containers/hdds
2020-05-19 11:14:09,894 [Listener at 127.0.0.1/37943] INFO  volume.HddsVolumeChecker (HddsVolumeChecker.java:checkAllVolumes(200)) - Scheduled health check for volume /github/workspace/mnt/ozone/hadoop-ozone/integration-test/target/test-dir/MiniOzoneClusterImpl-d714e1e1-ed47-4185-a09b-7372fd6773c3/datanode-2/data-0/containers/hdds
2020-05-19 11:14:09,905 [org.apache.hadoop.util.JvmPauseMonitor$Monitor@450f46de] INFO  util.JvmPauseMonitor (JvmPauseMonitor.java:run(188)) - Starting JVM pause monitor
2020-05-19 11:14:09,925 [Datanode State Machine Thread - 0] INFO  datanode.InitDatanodeState (InitDatanodeState.java:persistContainerDatanodeDetails(145)) - DatanodeDetails is persisted to /github/workspace/mnt/ozone/hadoop-ozone/integration-test/target/test-dir/MiniOzoneClusterImpl-d714e1e1-ed47-4185-a09b-7372fd6773c3/datanode-1/meta/datanode.id
2020-05-19 11:14:09,937 [Listener at 127.0.0.1/37943] INFO  impl.RaftServerProxy (ConfUtils.java:logGet(44)) - raft.rpc.type = GRPC (default)
2020-05-19 11:14:09,939 [Listener at 127.0.0.1/37943] INFO  grpc.GrpcFactory (GrpcFactory.java:checkPooledByteBufAllocatorUseCacheForAllThreads(45)) - PERFORMANCE WARNING: useCacheForAllThreads is true that may cause Netty to create a lot garbage objects and, as a result, trigger GC.
	It is recommended to disable useCacheForAllThreads by setting -Dorg.apache.ratis.thirdparty.io.netty.allocator.useCacheForAllThreads=false in command line.
2020-05-19 11:14:09,940 [Listener at 127.0.0.1/37943] INFO  grpc.GrpcConfigKeys (ConfUtils.java:logGet(44)) - raft.grpc.server.port = 0 (default)
2020-05-19 11:14:09,940 [Listener at 127.0.0.1/37943] INFO  server.GrpcService (ConfUtils.java:logGet(44)) - raft.grpc.message.size.max = 32MB (=33554432) (custom)
2020-05-19 11:14:09,940 [Listener at 127.0.0.1/37943] INFO  server.RaftServerConfigKeys (ConfUtils.java:logGet(44)) - raft.server.log.appender.buffer.byte-limit = 33554432 (custom)
2020-05-19 11:14:09,940 [Listener at 127.0.0.1/37943] INFO  server.GrpcService (ConfUtils.java:logGet(44)) - raft.grpc.flow.control.window = 5MB (=5242880) (custom)
2020-05-19 11:14:09,941 [Listener at 127.0.0.1/37943] INFO  server.RaftServerConfigKeys (ConfUtils.java:logGet(44)) - raft.server.rpc.request.timeout = 3s (default)
2020-05-19 11:14:09,942 [Listener at 127.0.0.1/37943] INFO  server.RaftServerConfigKeys (ConfUtils.java:logGet(44)) - raft.server.storage.dir = [/github/workspace/mnt/ozone/hadoop-ozone/integration-test/target/test-dir/MiniOzoneClusterImpl-d714e1e1-ed47-4185-a09b-7372fd6773c3/datanode-2/data/ratis] (custom)
2020-05-19 11:14:09,950 [Listener at 127.0.0.1/37943] INFO  http.BaseHttpServer (BaseHttpServer.java:newHttpServer2BuilderForOzone(205)) - Starting Web-server for hddsDatanode at: http://0.0.0.0:0
2020-05-19 11:14:09,950 [Listener at 127.0.0.1/37943] INFO  http.BaseHttpServer (BaseHttpServer.java:<init>(106)) - Hadoop Security Enabled: false Ozone Security Enabled: false Ozone HTTP Security Enabled: false 
2020-05-19 11:14:09,953 [Listener at 127.0.0.1/37943] INFO  server.AuthenticationFilter (AuthenticationFilter.java:constructSecretProvider(240)) - Unable to initialize FileSignerSecretProvider, falling back to use random secrets.
2020-05-19 11:14:09,954 [Listener at 127.0.0.1/37943] WARN  http.HttpRequestLog (HttpRequestLog.java:getRequestLog(103)) - Jetty request log can only be enabled using Log4j
2020-05-19 11:14:09,955 [Listener at 127.0.0.1/37943] INFO  http.HttpServer2 (HttpServer2.java:addGlobalFilter(993)) - Added global filter 'safety' (class=org.apache.hadoop.hdds.server.http.HttpServer2$QuotingInputFilter)
2020-05-19 11:14:09,955 [Listener at 127.0.0.1/37943] INFO  http.HttpServer2 (HttpServer2.java:addFilter(969)) - Added filter authentication (class=org.apache.hadoop.security.authentication.server.AuthenticationFilter) to context hddsDatanode
2020-05-19 11:14:09,956 [Listener at 127.0.0.1/37943] INFO  http.HttpServer2 (HttpServer2.java:addFilter(977)) - Added filter authentication (class=org.apache.hadoop.security.authentication.server.AuthenticationFilter) to context logs
2020-05-19 11:14:09,956 [Listener at 127.0.0.1/37943] INFO  http.HttpServer2 (HttpServer2.java:addFilter(977)) - Added filter authentication (class=org.apache.hadoop.security.authentication.server.AuthenticationFilter) to context static
2020-05-19 11:14:09,956 [Listener at 127.0.0.1/37943] INFO  http.HttpServer2 (HttpServer2.java:bindListener(1211)) - Jetty bound to port 43873
2020-05-19 11:14:09,956 [Listener at 127.0.0.1/37943] INFO  server.Server (Server.java:doStart(359)) - jetty-9.4.26.v20200117; built: 2020-01-17T12:35:33.676Z; git: 7b38981d25d14afb4a12ff1f2596756144edf695; jvm 1.8.0_232-b09
2020-05-19 11:14:09,960 [Listener at 127.0.0.1/37943] INFO  server.session (DefaultSessionIdManager.java:doStart(333)) - DefaultSessionIdManager workerName=node0
2020-05-19 11:14:09,961 [Listener at 127.0.0.1/37943] INFO  server.session (DefaultSessionIdManager.java:doStart(338)) - No SessionScavenger set, using defaults
2020-05-19 11:14:09,961 [Listener at 127.0.0.1/37943] INFO  server.session (HouseKeeper.java:startScavenging(140)) - node0 Scavenging every 600000ms
2020-05-19 11:14:09,962 [Listener at 127.0.0.1/37943] INFO  server.AuthenticationFilter (AuthenticationFilter.java:constructSecretProvider(240)) - Unable to initialize FileSignerSecretProvider, falling back to use random secrets.
2020-05-19 11:14:09,962 [Listener at 127.0.0.1/37943] INFO  handler.ContextHandler (ContextHandler.java:doStart(825)) - Started o.e.j.s.ServletContextHandler@2fe05456{logs,/logs,file:///github/workspace/mnt/ozone/hadoop-ozone/integration-test/target/log,AVAILABLE}
2020-05-19 11:14:09,963 [Listener at 127.0.0.1/37943] INFO  handler.ContextHandler (ContextHandler.java:doStart(825)) - Started o.e.j.s.ServletContextHandler@7f057a5e{static,/static,jar:file:/home/user/.m2/repository/org/apache/hadoop/hadoop-hdds-container-service/0.6.0-SNAPSHOT/hadoop-hdds-container-service-0.6.0-SNAPSHOT.jar!/webapps/static,AVAILABLE}
2020-05-19 11:14:09,993 [Listener at 127.0.0.1/37943] INFO  handler.ContextHandler (ContextHandler.java:doStart(825)) - Started o.e.j.w.WebAppContext@f29ef9f{hddsDatanode,/,file:///tmp/jetty-0_0_0_0-43873-hadoop-hdds-container-service-0_6_0-SNAPSHOT_jar-_-any-6641394564876424840.dir/webapp/,AVAILABLE}{jar:file:/home/user/.m2/repository/org/apache/hadoop/hadoop-hdds-container-service/0.6.0-SNAPSHOT/hadoop-hdds-container-service-0.6.0-SNAPSHOT.jar!/webapps/hddsDatanode}
2020-05-19 11:14:09,998 [Listener at 127.0.0.1/37943] INFO  server.AbstractConnector (AbstractConnector.java:doStart(330)) - Started ServerConnector@19dd6237{HTTP/1.1,[http/1.1]}{0.0.0.0:43873}
2020-05-19 11:14:09,998 [Listener at 127.0.0.1/37943] INFO  server.Server (Server.java:doStart(399)) - Started @6554ms
2020-05-19 11:14:09,998 [Listener at 127.0.0.1/37943] WARN  impl.MetricsSystemImpl (MetricsSystemImpl.java:register(276)) - Sink prometheus already exists!
2020-05-19 11:14:10,004 [Listener at 127.0.0.1/37943] INFO  http.BaseHttpServer (BaseHttpServer.java:updateConnectorAddress(325)) - HTTP server of hddsDatanode listening at http://0.0.0.0:43873
2020-05-19 11:14:10,005 [Listener at 127.0.0.1/37943] INFO  ozone.MiniOzoneClusterImpl (MiniOzoneClusterImpl.java:lambda$waitForClusterToBeReady$0(177)) - Waiting for nodes to be ready. Got 0 of 3 DN Heartbeats.
2020-05-19 11:14:10,005 [Listener at 127.0.0.1/37943] INFO  ozone.MiniOzoneClusterImpl (MiniOzoneClusterImpl.java:lambda$waitForClusterToBeReady$0(180)) - Waiting for cluster to exit safe mode
2020-05-19 11:14:10,022 [org.apache.hadoop.util.JvmPauseMonitor$Monitor@47a71744] INFO  util.JvmPauseMonitor (JvmPauseMonitor.java:run(188)) - Starting JVM pause monitor
2020-05-19 11:14:10,027 [Datanode State Machine Thread - 0] INFO  datanode.InitDatanodeState (InitDatanodeState.java:persistContainerDatanodeDetails(145)) - DatanodeDetails is persisted to /github/workspace/mnt/ozone/hadoop-ozone/integration-test/target/test-dir/MiniOzoneClusterImpl-d714e1e1-ed47-4185-a09b-7372fd6773c3/datanode-2/meta/datanode.id
2020-05-19 11:14:11,006 [Listener at 127.0.0.1/37943] INFO  ozone.MiniOzoneClusterImpl (MiniOzoneClusterImpl.java:lambda$waitForClusterToBeReady$0(177)) - Waiting for nodes to be ready. Got 0 of 3 DN Heartbeats.
2020-05-19 11:14:11,006 [Listener at 127.0.0.1/37943] INFO  ozone.MiniOzoneClusterImpl (MiniOzoneClusterImpl.java:lambda$waitForClusterToBeReady$0(180)) - Waiting for cluster to exit safe mode
2020-05-19 11:14:11,760 [Datanode State Machine Thread - 0] INFO  ozoneimpl.OzoneContainer (OzoneContainer.java:start(232)) - Attempting to start container services.
2020-05-19 11:14:11,761 [Datanode State Machine Thread - 0] INFO  ozoneimpl.OzoneContainer (OzoneContainer.java:startContainerScrub(196)) - Background container scanner has been disabled.
2020-05-19 11:14:11,761 [Datanode State Machine Thread - 0] INFO  ratis.XceiverServerRatis (XceiverServerRatis.java:start(425)) - Starting XceiverServerRatis b222990a-b011-47ff-ab7a-a224028f082b at port 0
2020-05-19 11:14:11,777 [Datanode State Machine Thread - 0] INFO  impl.RaftServerProxy (RaftServerProxy.java:lambda$start$3(299)) - b222990a-b011-47ff-ab7a-a224028f082b: start RPC server
2020-05-19 11:14:11,861 [Datanode State Machine Thread - 0] INFO  server.GrpcService (GrpcService.java:startImpl(159)) - b222990a-b011-47ff-ab7a-a224028f082b: GrpcService started, listening on 0.0.0.0/0.0.0.0:41823
2020-05-19 11:14:11,861 [Datanode State Machine Thread - 0] INFO  ratis.XceiverServerRatis (XceiverServerRatis.java:start(437)) - XceiverServerRatis b222990a-b011-47ff-ab7a-a224028f082b is started using port 41823
2020-05-19 11:14:11,865 [Datanode State Machine Thread - 0] INFO  server.XceiverServerGrpc (XceiverServerGrpc.java:start(145)) - XceiverServerGrpc b222990a-b011-47ff-ab7a-a224028f082b is started using port 41091
2020-05-19 11:14:11,911 [Datanode State Machine Thread - 0] INFO  ozoneimpl.OzoneContainer (OzoneContainer.java:start(232)) - Attempting to start container services.
2020-05-19 11:14:11,915 [Datanode State Machine Thread - 0] INFO  ozoneimpl.OzoneContainer (OzoneContainer.java:startContainerScrub(196)) - Background container scanner has been disabled.
2020-05-19 11:14:11,915 [Datanode State Machine Thread - 0] INFO  ratis.XceiverServerRatis (XceiverServerRatis.java:start(425)) - Starting XceiverServerRatis 61f480d7-b341-430b-a013-8e50b22c389b at port 0
2020-05-19 11:14:11,917 [Datanode State Machine Thread - 0] INFO  impl.RaftServerProxy (RaftServerProxy.java:lambda$start$3(299)) - 61f480d7-b341-430b-a013-8e50b22c389b: start RPC server
2020-05-19 11:14:11,921 [Datanode State Machine Thread - 0] INFO  server.GrpcService (GrpcService.java:startImpl(159)) - 61f480d7-b341-430b-a013-8e50b22c389b: GrpcService started, listening on 0.0.0.0/0.0.0.0:34885
2020-05-19 11:14:11,921 [Datanode State Machine Thread - 0] INFO  ratis.XceiverServerRatis (XceiverServerRatis.java:start(437)) - XceiverServerRatis 61f480d7-b341-430b-a013-8e50b22c389b is started using port 34885
2020-05-19 11:14:11,923 [Datanode State Machine Thread - 0] INFO  server.XceiverServerGrpc (XceiverServerGrpc.java:start(145)) - XceiverServerGrpc 61f480d7-b341-430b-a013-8e50b22c389b is started using port 40569
2020-05-19 11:14:12,007 [Listener at 127.0.0.1/37943] INFO  ozone.MiniOzoneClusterImpl (MiniOzoneClusterImpl.java:lambda$waitForClusterToBeReady$0(177)) - Waiting for nodes to be ready. Got 0 of 3 DN Heartbeats.
2020-05-19 11:14:12,007 [Listener at 127.0.0.1/37943] INFO  ozone.MiniOzoneClusterImpl (MiniOzoneClusterImpl.java:lambda$waitForClusterToBeReady$0(180)) - Waiting for cluster to exit safe mode
2020-05-19 11:14:12,025 [Datanode State Machine Thread - 0] INFO  ozoneimpl.OzoneContainer (OzoneContainer.java:start(232)) - Attempting to start container services.
2020-05-19 11:14:12,026 [Datanode State Machine Thread - 0] INFO  ozoneimpl.OzoneContainer (OzoneContainer.java:startContainerScrub(196)) - Background container scanner has been disabled.
2020-05-19 11:14:12,026 [Datanode State Machine Thread - 0] INFO  ratis.XceiverServerRatis (XceiverServerRatis.java:start(425)) - Starting XceiverServerRatis c7f9f9ae-13db-4a4f-b6b5-da79ea29c525 at port 0
2020-05-19 11:14:12,027 [Datanode State Machine Thread - 0] INFO  impl.RaftServerProxy (RaftServerProxy.java:lambda$start$3(299)) - c7f9f9ae-13db-4a4f-b6b5-da79ea29c525: start RPC server
2020-05-19 11:14:12,035 [Datanode State Machine Thread - 0] INFO  server.GrpcService (GrpcService.java:startImpl(159)) - c7f9f9ae-13db-4a4f-b6b5-da79ea29c525: GrpcService started, listening on 0.0.0.0/0.0.0.0:45791
2020-05-19 11:14:12,035 [Datanode State Machine Thread - 0] INFO  ratis.XceiverServerRatis (XceiverServerRatis.java:start(437)) - XceiverServerRatis c7f9f9ae-13db-4a4f-b6b5-da79ea29c525 is started using port 45791
2020-05-19 11:14:12,038 [Datanode State Machine Thread - 0] INFO  server.XceiverServerGrpc (XceiverServerGrpc.java:start(145)) - XceiverServerGrpc c7f9f9ae-13db-4a4f-b6b5-da79ea29c525 is started using port 42329
2020-05-19 11:14:13,008 [Listener at 127.0.0.1/37943] INFO  ozone.MiniOzoneClusterImpl (MiniOzoneClusterImpl.java:lambda$waitForClusterToBeReady$0(177)) - Waiting for nodes to be ready. Got 0 of 3 DN Heartbeats.
2020-05-19 11:14:13,008 [Listener at 127.0.0.1/37943] INFO  ozone.MiniOzoneClusterImpl (MiniOzoneClusterImpl.java:lambda$waitForClusterToBeReady$0(180)) - Waiting for cluster to exit safe mode
2020-05-19 11:14:13,727 [IPC Server handler 0 on default port 38977] INFO  net.NetworkTopology (NetworkTopologyImpl.java:add(111)) - Added a new node: /default-rack/b222990a-b011-47ff-ab7a-a224028f082b
2020-05-19 11:14:13,727 [IPC Server handler 0 on default port 38977] INFO  node.SCMNodeManager (SCMNodeManager.java:register(268)) - Registered Data node : b222990a-b011-47ff-ab7a-a224028f082b{ip: 172.17.0.2, host: 1485036e3d27, networkLocation: /default-rack, certSerialId: null}
2020-05-19 11:14:13,732 [EventQueue-NodeRegistrationContainerReportForContainerSafeModeRule] INFO  safemode.SCMSafeModeManager (SCMSafeModeManager.java:validateSafeModeExitRules(213)) - ContainerSafeModeRule rule is successfully validated
2020-05-19 11:14:13,733 [EventQueue-NodeRegistrationContainerReportForDataNodeSafeModeRule] INFO  safemode.SCMSafeModeManager (DataNodeSafeModeRule.java:process(71)) - SCM in safe mode. 1 DataNodes registered, 1 required.
2020-05-19 11:14:13,733 [EventQueue-NodeRegistrationContainerReportForDataNodeSafeModeRule] INFO  safemode.SCMSafeModeManager (SCMSafeModeManager.java:validateSafeModeExitRules(213)) - DataNodeSafeModeRule rule is successfully validated
2020-05-19 11:14:13,734 [EventQueue-NodeRegistrationContainerReportForDataNodeSafeModeRule] INFO  safemode.SCMSafeModeManager (SCMSafeModeManager.java:completePreCheck(241)) - All SCM safe mode pre check rules have passed
2020-05-19 11:14:13,747 [RatisPipelineUtilsThread] INFO  pipeline.RatisPipelineProvider (RatisPipelineProvider.java:lambda$create$0(138)) - Sending CreatePipelineCommand for pipeline:PipelineID=04e1b709-492a-45d4-9ba1-aa3711eba1cf to datanode:b222990a-b011-47ff-ab7a-a224028f082b
2020-05-19 11:14:13,762 [RatisPipelineUtilsThread] INFO  pipeline.PipelineStateManager (PipelineStateManager.java:addPipeline(54)) - Created pipeline Pipeline[ Id: 04e1b709-492a-45d4-9ba1-aa3711eba1cf, Nodes: b222990a-b011-47ff-ab7a-a224028f082b{ip: 172.17.0.2, host: 1485036e3d27, networkLocation: /default-rack, certSerialId: null}, Type:RATIS, Factor:ONE, State:ALLOCATED, leaderId:null, CreationTimestamp2020-05-19T11:14:13.744Z]
2020-05-19 11:14:13,764 [RatisPipelineUtilsThread] ERROR pipeline.SCMPipelineManager (SCMPipelineManager.java:createPipeline(222)) - Failed to create pipeline of type RATIS and factor ONE. Exception: Cannot create pipeline of factor 1 using 0 nodes. Used 1 nodes. Healthy nodes 1
2020-05-19 11:14:13,765 [RatisPipelineUtilsThread] WARN  pipeline.PipelinePlacementPolicy (PipelinePlacementPolicy.java:filterViableNodes(133)) - Pipeline creation failed due to no sufficient healthy datanodes. Required 3. Found 1.
2020-05-19 11:14:13,765 [RatisPipelineUtilsThread] ERROR pipeline.SCMPipelineManager (SCMPipelineManager.java:createPipeline(222)) - Failed to create pipeline of type RATIS and factor THREE. Exception: Pipeline creation failed due to no sufficient healthy datanodes. Required 3. Found 1.
2020-05-19 11:14:13,909 [IPC Server handler 1 on default port 38977] INFO  net.NetworkTopology (NetworkTopologyImpl.java:add(111)) - Added a new node: /default-rack/61f480d7-b341-430b-a013-8e50b22c389b
2020-05-19 11:14:13,909 [IPC Server handler 1 on default port 38977] INFO  node.SCMNodeManager (SCMNodeManager.java:register(268)) - Registered Data node : 61f480d7-b341-430b-a013-8e50b22c389b{ip: 172.17.0.2, host: 1485036e3d27, networkLocation: /default-rack, certSerialId: null}
2020-05-19 11:14:13,910 [EventQueue-NodeRegistrationContainerReportForContainerSafeModeRule] INFO  safemode.SCMSafeModeManager (SCMSafeModeManager.java:validateSafeModeExitRules(213)) - ContainerSafeModeRule rule is successfully validated
2020-05-19 11:14:13,910 [EventQueue-NodeRegistrationContainerReportForDataNodeSafeModeRule] INFO  safemode.SCMSafeModeManager (SCMSafeModeManager.java:validateSafeModeExitRules(213)) - DataNodeSafeModeRule rule is successfully validated
2020-05-19 11:14:13,912 [RatisPipelineUtilsThread] INFO  pipeline.RatisPipelineProvider (RatisPipelineProvider.java:lambda$create$0(138)) - Sending CreatePipelineCommand for pipeline:PipelineID=7e817f20-0fbb-4984-9a64-a8c627fe8a13 to datanode:61f480d7-b341-430b-a013-8e50b22c389b
2020-05-19 11:14:13,913 [RatisPipelineUtilsThread] INFO  pipeline.PipelineStateManager (PipelineStateManager.java:addPipeline(54)) - Created pipeline Pipeline[ Id: 7e817f20-0fbb-4984-9a64-a8c627fe8a13, Nodes: 61f480d7-b341-430b-a013-8e50b22c389b{ip: 172.17.0.2, host: 1485036e3d27, networkLocation: /default-rack, certSerialId: null}, Type:RATIS, Factor:ONE, State:ALLOCATED, leaderId:null, CreationTimestamp2020-05-19T11:14:13.912Z]
2020-05-19 11:14:13,915 [RatisPipelineUtilsThread] ERROR pipeline.SCMPipelineManager (SCMPipelineManager.java:createPipeline(222)) - Failed to create pipeline of type RATIS and factor ONE. Exception: Cannot create pipeline of factor 1 using 0 nodes. Used 2 nodes. Healthy nodes 2
2020-05-19 11:14:13,915 [RatisPipelineUtilsThread] WARN  pipeline.PipelinePlacementPolicy (PipelinePlacementPolicy.java:filterViableNodes(133)) - Pipeline creation failed due to no sufficient healthy datanodes. Required 3. Found 2.
2020-05-19 11:14:13,915 [RatisPipelineUtilsThread] ERROR pipeline.SCMPipelineManager (SCMPipelineManager.java:createPipeline(222)) - Failed to create pipeline of type RATIS and factor THREE. Exception: Pipeline creation failed due to no sufficient healthy datanodes. Required 3. Found 2.
2020-05-19 11:14:14,008 [Listener at 127.0.0.1/37943] INFO  ozone.MiniOzoneClusterImpl (MiniOzoneClusterImpl.java:lambda$waitForClusterToBeReady$0(177)) - Waiting for nodes to be ready. Got 2 of 3 DN Heartbeats.
2020-05-19 11:14:14,009 [Listener at 127.0.0.1/37943] INFO  ozone.MiniOzoneClusterImpl (MiniOzoneClusterImpl.java:lambda$waitForClusterToBeReady$0(180)) - Waiting for cluster to exit safe mode
2020-05-19 11:14:14,024 [IPC Server handler 2 on default port 38977] INFO  net.NetworkTopology (NetworkTopologyImpl.java:add(111)) - Added a new node: /default-rack/c7f9f9ae-13db-4a4f-b6b5-da79ea29c525
2020-05-19 11:14:14,025 [IPC Server handler 2 on default port 38977] INFO  node.SCMNodeManager (SCMNodeManager.java:register(268)) - Registered Data node : c7f9f9ae-13db-4a4f-b6b5-da79ea29c525{ip: 172.17.0.2, host: 1485036e3d27, networkLocation: /default-rack, certSerialId: null}
2020-05-19 11:14:14,025 [EventQueue-NodeRegistrationContainerReportForContainerSafeModeRule] INFO  safemode.SCMSafeModeManager (SCMSafeModeManager.java:validateSafeModeExitRules(213)) - ContainerSafeModeRule rule is successfully validated
2020-05-19 11:14:14,025 [EventQueue-NodeRegistrationContainerReportForDataNodeSafeModeRule] INFO  safemode.SCMSafeModeManager (SCMSafeModeManager.java:validateSafeModeExitRules(213)) - DataNodeSafeModeRule rule is successfully validated
2020-05-19 11:14:14,026 [RatisPipelineUtilsThread] INFO  pipeline.RatisPipelineProvider (RatisPipelineProvider.java:lambda$create$0(138)) - Sending CreatePipelineCommand for pipeline:PipelineID=906b598a-94eb-4aa2-b175-ddc27975956f to datanode:c7f9f9ae-13db-4a4f-b6b5-da79ea29c525
2020-05-19 11:14:14,027 [RatisPipelineUtilsThread] INFO  pipeline.PipelineStateManager (PipelineStateManager.java:addPipeline(54)) - Created pipeline Pipeline[ Id: 906b598a-94eb-4aa2-b175-ddc27975956f, Nodes: c7f9f9ae-13db-4a4f-b6b5-da79ea29c525{ip: 172.17.0.2, host: 1485036e3d27, networkLocation: /default-rack, certSerialId: null}, Type:RATIS, Factor:ONE, State:ALLOCATED, leaderId:null, CreationTimestamp2020-05-19T11:14:14.026Z]
2020-05-19 11:14:14,028 [RatisPipelineUtilsThread] ERROR pipeline.SCMPipelineManager (SCMPipelineManager.java:createPipeline(222)) - Failed to create pipeline of type RATIS and factor ONE. Exception: Cannot create pipeline of factor 1 using 0 nodes. Used 3 nodes. Healthy nodes 3
2020-05-19 11:14:14,031 [RatisPipelineUtilsThread] INFO  pipeline.RatisPipelineProvider (RatisPipelineProvider.java:lambda$create$0(138)) - Sending CreatePipelineCommand for pipeline:PipelineID=788144e9-ecc5-4570-b3fd-f21a3269c2d6 to datanode:c7f9f9ae-13db-4a4f-b6b5-da79ea29c525
2020-05-19 11:14:14,032 [RatisPipelineUtilsThread] INFO  pipeline.RatisPipelineProvider (RatisPipelineProvider.java:lambda$create$0(138)) - Sending CreatePipelineCommand for pipeline:PipelineID=788144e9-ecc5-4570-b3fd-f21a3269c2d6 to datanode:b222990a-b011-47ff-ab7a-a224028f082b
2020-05-19 11:14:14,032 [RatisPipelineUtilsThread] INFO  pipeline.RatisPipelineProvider (RatisPipelineProvider.java:lambda$create$0(138)) - Sending CreatePipelineCommand for pipeline:PipelineID=788144e9-ecc5-4570-b3fd-f21a3269c2d6 to datanode:61f480d7-b341-430b-a013-8e50b22c389b
2020-05-19 11:14:14,032 [RatisPipelineUtilsThread] INFO  pipeline.PipelineStateManager (PipelineStateManager.java:addPipeline(54)) - Created pipeline Pipeline[ Id: 788144e9-ecc5-4570-b3fd-f21a3269c2d6, Nodes: c7f9f9ae-13db-4a4f-b6b5-da79ea29c525{ip: 172.17.0.2, host: 1485036e3d27, networkLocation: /default-rack, certSerialId: null}b222990a-b011-47ff-ab7a-a224028f082b{ip: 172.17.0.2, host: 1485036e3d27, networkLocation: /default-rack, certSerialId: null}61f480d7-b341-430b-a013-8e50b22c389b{ip: 172.17.0.2, host: 1485036e3d27, networkLocation: /default-rack, certSerialId: null}, Type:RATIS, Factor:THREE, State:ALLOCATED, leaderId:null, CreationTimestamp2020-05-19T11:14:14.031Z]
2020-05-19 11:14:14,033 [RatisPipelineUtilsThread] ERROR pipeline.SCMPipelineManager (SCMPipelineManager.java:createPipeline(222)) - Failed to create pipeline of type RATIS and factor THREE. Exception: Pipeline creation failed because nodes are engaged in other pipelines and every node can only be engaged in max 2 pipelines. Required 3. Found 0
2020-05-19 11:14:15,009 [Listener at 127.0.0.1/37943] INFO  ozone.MiniOzoneClusterImpl (MiniOzoneClusterImpl.java:lambda$waitForClusterToBeReady$0(177)) - Nodes are ready. Got 3 of 3 DN Heartbeats.
2020-05-19 11:14:15,010 [Listener at 127.0.0.1/37943] INFO  ozone.MiniOzoneClusterImpl (MiniOzoneClusterImpl.java:lambda$waitForClusterToBeReady$0(180)) - Waiting for cluster to exit safe mode
2020-05-19 11:14:16,011 [Listener at 127.0.0.1/37943] INFO  ozone.MiniOzoneClusterImpl (MiniOzoneClusterImpl.java:lambda$waitForClusterToBeReady$0(177)) - Nodes are ready. Got 3 of 3 DN Heartbeats.
2020-05-19 11:14:16,011 [Listener at 127.0.0.1/37943] INFO  ozone.MiniOzoneClusterImpl (MiniOzoneClusterImpl.java:lambda$waitForClusterToBeReady$0(180)) - Waiting for cluster to exit safe mode
2020-05-19 11:14:16,754 [Command processor thread] INFO  impl.RaftServerProxy (RaftServerProxy.java:addNew(89)) - b222990a-b011-47ff-ab7a-a224028f082b: addNew group-AA3711EBA1CF:[b222990a-b011-47ff-ab7a-a224028f082b:172.17.0.2:41823] returns group-AA3711EBA1CF:java.util.concurrent.CompletableFuture@2cdfda86[Not completed]
2020-05-19 11:14:16,789 [pool-35-thread-1] INFO  impl.RaftServerImpl (RaftServerImpl.java:<init>(98)) - b222990a-b011-47ff-ab7a-a224028f082b: new RaftServerImpl for group-AA3711EBA1CF:[b222990a-b011-47ff-ab7a-a224028f082b:172.17.0.2:41823] with ContainerStateMachine:uninitialized
2020-05-19 11:14:16,791 [pool-35-thread-1] INFO  server.RaftServerConfigKeys (ConfUtils.java:logGet(44)) - raft.server.rpc.timeout.min = 5s (custom)
2020-05-19 11:14:16,792 [pool-35-thread-1] INFO  server.RaftServerConfigKeys (ConfUtils.java:logGet(44)) - raft.server.rpc.timeout.max = 5200ms (custom)
2020-05-19 11:14:16,793 [pool-35-thread-1] INFO  server.RaftServerConfigKeys (ConfUtils.java:logGet(44)) - raft.server.rpcslowness.timeout = 300s (custom)
2020-05-19 11:14:16,795 [pool-35-thread-1] INFO  server.RaftServerConfigKeys (ConfUtils.java:logGet(44)) - raft.server.sleep.deviation.threshold = 300 (default)
2020-05-19 11:14:16,796 [pool-35-thread-1] INFO  server.RaftServerConfigKeys (ConfUtils.java:logGet(44)) - raft.server.log.appender.install.snapshot.enabled = false (custom)
2020-05-19 11:14:16,809 [pool-35-thread-1] INFO  impl.RaftServerImpl (ServerState.java:<init>(103)) - b222990a-b011-47ff-ab7a-a224028f082b@group-AA3711EBA1CF: ConfigurationManager, init=-1: [b222990a-b011-47ff-ab7a-a224028f082b:172.17.0.2:41823], old=null, confs=<EMPTY_MAP>
2020-05-19 11:14:16,810 [pool-35-thread-1] INFO  server.RaftServerConfigKeys (ConfUtils.java:logGet(44)) - raft.server.storage.dir = [/github/workspace/mnt/ozone/hadoop-ozone/integration-test/target/test-dir/MiniOzoneClusterImpl-d714e1e1-ed47-4185-a09b-7372fd6773c3/datanode-0/data/ratis] (custom)
2020-05-19 11:14:16,814 [pool-35-thread-1] INFO  server.RaftServerConfigKeys (ConfUtils.java:logGet(44)) - raft.server.log.corruption.policy = EXCEPTION (default)
2020-05-19 11:14:16,816 [pool-35-thread-1] INFO  storage.RaftStorageDirectory (RaftStorageDirectory.java:analyzeStorage(261)) - The storage directory /github/workspace/mnt/ozone/hadoop-ozone/integration-test/target/test-dir/MiniOzoneClusterImpl-d714e1e1-ed47-4185-a09b-7372fd6773c3/datanode-0/data/ratis/04e1b709-492a-45d4-9ba1-aa3711eba1cf does not exist. Creating ...
2020-05-19 11:14:16,821 [pool-35-thread-1] INFO  storage.RaftStorageDirectory (RaftStorageDirectory.java:tryLock(343)) - Lock on /github/workspace/mnt/ozone/hadoop-ozone/integration-test/target/test-dir/MiniOzoneClusterImpl-d714e1e1-ed47-4185-a09b-7372fd6773c3/datanode-0/data/ratis/04e1b709-492a-45d4-9ba1-aa3711eba1cf/in_use.lock acquired by nodename 23400@1485036e3d27
2020-05-19 11:14:16,825 [pool-35-thread-1] INFO  storage.RaftStorage (RaftStorage.java:format(84)) - Storage directory /github/workspace/mnt/ozone/hadoop-ozone/integration-test/target/test-dir/MiniOzoneClusterImpl-d714e1e1-ed47-4185-a09b-7372fd6773c3/datanode-0/data/ratis/04e1b709-492a-45d4-9ba1-aa3711eba1cf has been successfully formatted.
2020-05-19 11:14:16,835 [pool-35-thread-1] INFO  ratis.ContainerStateMachine (ContainerStateMachine.java:loadSnapshot(226)) - group-AA3711EBA1CF: The snapshot info is null. Setting the last applied indexto:(t:0, i:~)
2020-05-19 11:14:16,842 [pool-35-thread-1] INFO  server.RaftServerConfigKeys (ConfUtils.java:logGet(44)) - raft.server.notification.no-leader.timeout = 60s (default)
2020-05-19 11:14:16,845 [pool-35-thread-1] INFO  server.RaftServerConfigKeys (ConfUtils.java:logGet(44)) - raft.server.log.use.memory = false (default)
2020-05-19 11:14:16,850 [pool-35-thread-1] INFO  server.RaftServerConfigKeys (ConfUtils.java:logGet(44)) - raft.server.log.purge.gap = 1000000 (custom)
2020-05-19 11:14:16,850 [pool-35-thread-1] INFO  server.RaftServerConfigKeys (ConfUtils.java:logGet(44)) - raft.server.log.appender.buffer.byte-limit = 33554432 (custom)
2020-05-19 11:14:16,853 [pool-35-thread-1] INFO  server.RaftServerConfigKeys (ConfUtils.java:logGet(44)) - raft.server.log.segment.size.max = 1048576 (custom)
2020-05-19 11:14:16,858 [pool-35-thread-1] INFO  metrics.RatisMetrics (RatisMetrics.java:lambda$create$0(39)) - Creating Metrics Registry : ratis.log_worker.b222990a-b011-47ff-ab7a-a224028f082b
2020-05-19 11:14:16,863 [EventQueue-PipelineReportForPipelineReportHandler] INFO  pipeline.PipelineStateManager (PipelineStateManager.java:openPipeline(131)) - Pipeline Pipeline[ Id: 04e1b709-492a-45d4-9ba1-aa3711eba1cf, Nodes: b222990a-b011-47ff-ab7a-a224028f082b{ip: 172.17.0.2, host: 1485036e3d27, networkLocation: /default-rack, certSerialId: null}, Type:RATIS, Factor:ONE, State:ALLOCATED, leaderId:b222990a-b011-47ff-ab7a-a224028f082b, CreationTimestamp2020-05-19T11:14:13.744Z] moved to OPEN state
2020-05-19 11:14:16,865 [EventQueue-OpenPipelineForHealthyPipelineSafeModeRule] INFO  safemode.SCMSafeModeManager (HealthyPipelineSafeModeRule.java:process(132)) - SCM in safe mode. Healthy pipelines reported count is 0, required healthy pipeline reported count is 1
2020-05-19 11:14:16,873 [EventQueue-OpenPipelineForOneReplicaPipelineSafeModeRule] INFO  safemode.SCMSafeModeManager (SCMSafeModeManager.java:validateSafeModeExitRules(213)) - AtleastOneDatanodeReportedRule rule is successfully validated
2020-05-19 11:14:16,875 [pool-35-thread-1] INFO  server.RaftServerConfigKeys (ConfUtils.java:logGet(44)) - raft.server.log.segment.cache.num.max = 2 (custom)
2020-05-19 11:14:16,883 [pool-35-thread-1] INFO  segmented.SegmentedRaftLogWorker (SegmentedRaftLogWorker.java:<init>(176)) - new b222990a-b011-47ff-ab7a-a224028f082b@group-AA3711EBA1CF-SegmentedRaftLogWorker for RaftStorage:Storage Directory /github/workspace/mnt/ozone/hadoop-ozone/integration-test/target/test-dir/MiniOzoneClusterImpl-d714e1e1-ed47-4185-a09b-7372fd6773c3/datanode-0/data/ratis/04e1b709-492a-45d4-9ba1-aa3711eba1cf
2020-05-19 11:14:16,883 [pool-35-thread-1] INFO  server.RaftServerConfigKeys (ConfUtils.java:logGet(44)) - raft.server.log.queue.byte-limit = 2147483647 (custom)
2020-05-19 11:14:16,884 [pool-35-thread-1] INFO  server.RaftServerConfigKeys (ConfUtils.java:logGet(44)) - raft.server.log.queue.element-limit = 1024 (custom)
2020-05-19 11:14:16,885 [pool-35-thread-1] INFO  server.RaftServerConfigKeys (ConfUtils.java:logGet(44)) - raft.server.log.segment.size.max = 1048576 (custom)
2020-05-19 11:14:16,885 [pool-35-thread-1] INFO  server.RaftServerConfigKeys (ConfUtils.java:logGet(44)) - raft.server.log.preallocated.size = 16384 (custom)
2020-05-19 11:14:16,885 [pool-35-thread-1] INFO  server.RaftServerConfigKeys (ConfUtils.java:logGet(44)) - raft.server.log.write.buffer.size = 1048576 (custom)
2020-05-19 11:14:16,886 [pool-35-thread-1] INFO  server.RaftServerConfigKeys (ConfUtils.java:logGet(44)) - raft.server.log.force.sync.num = 128 (default)
2020-05-19 11:14:16,887 [pool-35-thread-1] INFO  server.RaftServerConfigKeys (ConfUtils.java:logGet(44)) - raft.server.log.statemachine.data.sync = true (default)
2020-05-19 11:14:16,887 [pool-35-thread-1] INFO  server.RaftServerConfigKeys (ConfUtils.java:logGet(44)) - raft.server.log.statemachine.data.sync.timeout = 10s (default)
2020-05-19 11:14:16,891 [pool-35-thread-1] INFO  server.RaftServerConfigKeys (ConfUtils.java:logGet(44)) - raft.server.log.statemachine.data.sync.timeout.retry = -1 (default)
2020-05-19 11:14:16,913 [Command processor thread] INFO  impl.RaftServerProxy (RaftServerProxy.java:addNew(89)) - 61f480d7-b341-430b-a013-8e50b22c389b: addNew group-A8C627FE8A13:[61f480d7-b341-430b-a013-8e50b22c389b:172.17.0.2:34885] returns group-A8C627FE8A13:java.util.concurrent.CompletableFuture@522b1687[Not completed]
2020-05-19 11:14:16,923 [pool-35-thread-1] INFO  server.RaftServerConfigKeys (ConfUtils.java:logGet(44)) - raft.server.log.statemachine.data.caching.enabled = true (custom)
2020-05-19 11:14:16,947 [pool-35-thread-1] INFO  segmented.SegmentedRaftLogWorker (SegmentedRaftLogWorker.java:lambda$new$0(129)) - b222990a-b011-47ff-ab7a-a224028f082b@group-AA3711EBA1CF-SegmentedRaftLogWorker: flushIndex: setUnconditionally 0 -> -1
2020-05-19 11:14:16,951 [pool-51-thread-1] INFO  impl.RaftServerImpl (RaftServerImpl.java:<init>(98)) - 61f480d7-b341-430b-a013-8e50b22c389b: new RaftServerImpl for group-A8C627FE8A13:[61f480d7-b341-430b-a013-8e50b22c389b:172.17.0.2:34885] with ContainerStateMachine:uninitialized
2020-05-19 11:14:16,966 [pool-35-thread-1] INFO  server.RaftServerConfigKeys (ConfUtils.java:logGet(44)) - raft.server.snapshot.auto.trigger.enabled = true (custom)
2020-05-19 11:14:16,970 [pool-51-thread-1] INFO  server.RaftServerConfigKeys (ConfUtils.java:logGet(44)) - raft.server.rpc.timeout.min = 5s (custom)
2020-05-19 11:14:16,970 [pool-51-thread-1] INFO  server.RaftServerConfigKeys (ConfUtils.java:logGet(44)) - raft.server.rpc.timeout.max = 5200ms (custom)
2020-05-19 11:14:16,970 [pool-51-thread-1] INFO  server.RaftServerConfigKeys (ConfUtils.java:logGet(44)) - raft.server.rpcslowness.timeout = 300s (custom)
2020-05-19 11:14:16,970 [pool-51-thread-1] INFO  server.RaftServerConfigKeys (ConfUtils.java:logGet(44)) - raft.server.sleep.deviation.threshold = 300 (default)
2020-05-19 11:14:16,971 [pool-51-thread-1] INFO  server.RaftServerConfigKeys (ConfUtils.java:logGet(44)) - raft.server.log.appender.install.snapshot.enabled = false (custom)
2020-05-19 11:14:16,971 [pool-51-thread-1] INFO  impl.RaftServerImpl (ServerState.java:<init>(103)) - 61f480d7-b341-430b-a013-8e50b22c389b@group-A8C627FE8A13: ConfigurationManager, init=-1: [61f480d7-b341-430b-a013-8e50b22c389b:172.17.0.2:34885], old=null, confs=<EMPTY_MAP>
2020-05-19 11:14:16,971 [pool-51-thread-1] INFO  server.RaftServerConfigKeys (ConfUtils.java:logGet(44)) - raft.server.storage.dir = [/github/workspace/mnt/ozone/hadoop-ozone/integration-test/target/test-dir/MiniOzoneClusterImpl-d714e1e1-ed47-4185-a09b-7372fd6773c3/datanode-1/data/ratis] (custom)
2020-05-19 11:14:16,971 [pool-51-thread-1] INFO  server.RaftServerConfigKeys (ConfUtils.java:logGet(44)) - raft.server.log.corruption.policy = EXCEPTION (default)
2020-05-19 11:14:16,971 [pool-51-thread-1] INFO  storage.RaftStorageDirectory (RaftStorageDirectory.java:analyzeStorage(261)) - The storage directory /github/workspace/mnt/ozone/hadoop-ozone/integration-test/target/test-dir/MiniOzoneClusterImpl-d714e1e1-ed47-4185-a09b-7372fd6773c3/datanode-1/data/ratis/7e817f20-0fbb-4984-9a64-a8c627fe8a13 does not exist. Creating ...
2020-05-19 11:14:16,979 [pool-51-thread-1] INFO  storage.RaftStorageDirectory (RaftStorageDirectory.java:tryLock(343)) - Lock on /github/workspace/mnt/ozone/hadoop-ozone/integration-test/target/test-dir/MiniOzoneClusterImpl-d714e1e1-ed47-4185-a09b-7372fd6773c3/datanode-1/data/ratis/7e817f20-0fbb-4984-9a64-a8c627fe8a13/in_use.lock acquired by nodename 23400@1485036e3d27
2020-05-19 11:14:16,981 [pool-35-thread-1] INFO  server.RaftServerConfigKeys (ConfUtils.java:logGet(44)) - raft.server.snapshot.auto.trigger.threshold = 10000 (custom)
2020-05-19 11:14:16,981 [pool-35-thread-1] INFO  server.RaftServerConfigKeys (ConfUtils.java:logGet(44)) - raft.server.snapshot.retention.file.num = 5 (custom)
2020-05-19 11:14:16,982 [pool-35-thread-1] INFO  server.RaftServerConfigKeys (ConfUtils.java:logGet(44)) - raft.server.log.purge.upto.snapshot.index = false (default)
2020-05-19 11:14:16,983 [pool-35-thread-1] INFO  server.RaftServerConfigKeys (ConfUtils.java:logGet(44)) - raft.server.retrycache.expirytime = 600000ms (custom)
2020-05-19 11:14:16,980 [pool-51-thread-1] INFO  storage.RaftStorage (RaftStorage.java:format(84)) - Storage directory /github/workspace/mnt/ozone/hadoop-ozone/integration-test/target/test-dir/MiniOzoneClusterImpl-d714e1e1-ed47-4185-a09b-7372fd6773c3/datanode-1/data/ratis/7e817f20-0fbb-4984-9a64-a8c627fe8a13 has been successfully formatted.
2020-05-19 11:14:16,990 [pool-51-thread-1] INFO  ratis.ContainerStateMachine (ContainerStateMachine.java:loadSnapshot(226)) - group-A8C627FE8A13: The snapshot info is null. Setting the last applied indexto:(t:0, i:~)
2020-05-19 11:14:16,991 [pool-51-thread-1] INFO  server.RaftServerConfigKeys (ConfUtils.java:logGet(44)) - raft.server.notification.no-leader.timeout = 60s (default)
2020-05-19 11:14:16,991 [pool-51-thread-1] INFO  server.RaftServerConfigKeys (ConfUtils.java:logGet(44)) - raft.server.log.use.memory = false (default)
2020-05-19 11:14:16,991 [pool-51-thread-1] INFO  server.RaftServerConfigKeys (ConfUtils.java:logGet(44)) - raft.server.log.purge.gap = 1000000 (custom)
2020-05-19 11:14:16,991 [pool-51-thread-1] INFO  server.RaftServerConfigKeys (ConfUtils.java:logGet(44)) - raft.server.log.appender.buffer.byte-limit = 33554432 (custom)
2020-05-19 11:14:16,991 [pool-51-thread-1] INFO  server.RaftServerConfigKeys (ConfUtils.java:logGet(44)) - raft.server.log.segment.size.max = 1048576 (custom)
2020-05-19 11:14:16,993 [EventQueue-PipelineReportForPipelineReportHandler] INFO  pipeline.PipelineStateManager (PipelineStateManager.java:openPipeline(131)) - Pipeline Pipeline[ Id: 7e817f20-0fbb-4984-9a64-a8c627fe8a13, Nodes: 61f480d7-b341-430b-a013-8e50b22c389b{ip: 172.17.0.2, host: 1485036e3d27, networkLocation: /default-rack, certSerialId: null}, Type:RATIS, Factor:ONE, State:ALLOCATED, leaderId:61f480d7-b341-430b-a013-8e50b22c389b, CreationTimestamp2020-05-19T11:14:13.912Z] moved to OPEN state
2020-05-19 11:14:16,993 [EventQueue-OpenPipelineForHealthyPipelineSafeModeRule] INFO  safemode.SCMSafeModeManager (HealthyPipelineSafeModeRule.java:process(132)) - SCM in safe mode. Healthy pipelines reported count is 0, required healthy pipeline reported count is 1
2020-05-19 11:14:16,993 [EventQueue-OpenPipelineForOneReplicaPipelineSafeModeRule] INFO  safemode.SCMSafeModeManager (SCMSafeModeManager.java:validateSafeModeExitRules(213)) - AtleastOneDatanodeReportedRule rule is successfully validated
2020-05-19 11:14:16,991 [pool-51-thread-1] INFO  metrics.RatisMetrics (RatisMetrics.java:lambda$create$0(39)) - Creating Metrics Registry : ratis.log_worker.61f480d7-b341-430b-a013-8e50b22c389b
2020-05-19 11:14:16,994 [pool-51-thread-1] INFO  server.RaftServerConfigKeys (ConfUtils.java:logGet(44)) - raft.server.log.segment.cache.num.max = 2 (custom)
2020-05-19 11:14:16,994 [pool-51-thread-1] INFO  segmented.SegmentedRaftLogWorker (SegmentedRaftLogWorker.java:<init>(176)) - new 61f480d7-b341-430b-a013-8e50b22c389b@group-A8C627FE8A13-SegmentedRaftLogWorker for RaftStorage:Storage Directory /github/workspace/mnt/ozone/hadoop-ozone/integration-test/target/test-dir/MiniOzoneClusterImpl-d714e1e1-ed47-4185-a09b-7372fd6773c3/datanode-1/data/ratis/7e817f20-0fbb-4984-9a64-a8c627fe8a13
2020-05-19 11:14:16,997 [pool-51-thread-1] INFO  server.RaftServerConfigKeys (ConfUtils.java:logGet(44)) - raft.server.log.queue.byte-limit = 2147483647 (custom)
2020-05-19 11:14:16,997 [pool-51-thread-1] INFO  server.RaftServerConfigKeys (ConfUtils.java:logGet(44)) - raft.server.log.queue.element-limit = 1024 (custom)
2020-05-19 11:14:16,997 [pool-51-thread-1] INFO  server.RaftServerConfigKeys (ConfUtils.java:logGet(44)) - raft.server.log.segment.size.max = 1048576 (custom)
2020-05-19 11:14:16,997 [pool-51-thread-1] INFO  server.RaftServerConfigKeys (ConfUtils.java:logGet(44)) - raft.server.log.preallocated.size = 16384 (custom)
2020-05-19 11:14:16,997 [pool-51-thread-1] INFO  server.RaftServerConfigKeys (ConfUtils.java:logGet(44)) - raft.server.log.write.buffer.size = 1048576 (custom)
2020-05-19 11:14:16,997 [pool-51-thread-1] INFO  server.RaftServerConfigKeys (ConfUtils.java:logGet(44)) - raft.server.log.force.sync.num = 128 (default)
2020-05-19 11:14:16,997 [pool-51-thread-1] INFO  server.RaftServerConfigKeys (ConfUtils.java:logGet(44)) - raft.server.log.statemachine.data.sync = true (default)
2020-05-19 11:14:16,997 [pool-51-thread-1] INFO  server.RaftServerConfigKeys (ConfUtils.java:logGet(44)) - raft.server.log.statemachine.data.sync.timeout = 10s (default)
2020-05-19 11:14:16,997 [pool-51-thread-1] INFO  server.RaftServerConfigKeys (ConfUtils.java:logGet(44)) - raft.server.log.statemachine.data.sync.timeout.retry = -1 (default)
2020-05-19 11:14:16,999 [pool-51-thread-1] INFO  server.RaftServerConfigKeys (ConfUtils.java:logGet(44)) - raft.server.log.statemachine.data.caching.enabled = true (custom)
2020-05-19 11:14:16,999 [pool-51-thread-1] INFO  segmented.SegmentedRaftLogWorker (SegmentedRaftLogWorker.java:lambda$new$0(129)) - 61f480d7-b341-430b-a013-8e50b22c389b@group-A8C627FE8A13-SegmentedRaftLogWorker: flushIndex: setUnconditionally 0 -> -1
2020-05-19 11:14:17,000 [pool-51-thread-1] INFO  server.RaftServerConfigKeys (ConfUtils.java:logGet(44)) - raft.server.snapshot.auto.trigger.enabled = true (custom)
2020-05-19 11:14:17,000 [pool-51-thread-1] INFO  server.RaftServerConfigKeys (ConfUtils.java:logGet(44)) - raft.server.snapshot.auto.trigger.threshold = 10000 (custom)
2020-05-19 11:14:17,000 [pool-51-thread-1] INFO  server.RaftServerConfigKeys (ConfUtils.java:logGet(44)) - raft.server.snapshot.retention.file.num = 5 (custom)
2020-05-19 11:14:17,000 [pool-51-thread-1] INFO  server.RaftServerConfigKeys (ConfUtils.java:logGet(44)) - raft.server.log.purge.upto.snapshot.index = false (default)
2020-05-19 11:14:17,000 [pool-51-thread-1] INFO  server.RaftServerConfigKeys (ConfUtils.java:logGet(44)) - raft.server.retrycache.expirytime = 600000ms (custom)
2020-05-19 11:14:17,011 [Listener at 127.0.0.1/37943] INFO  ozone.MiniOzoneClusterImpl (MiniOzoneClusterImpl.java:lambda$waitForClusterToBeReady$0(177)) - Nodes are ready. Got 3 of 3 DN Heartbeats.
2020-05-19 11:14:17,012 [Listener at 127.0.0.1/37943] INFO  ozone.MiniOzoneClusterImpl (MiniOzoneClusterImpl.java:lambda$waitForClusterToBeReady$0(180)) - Waiting for cluster to exit safe mode
2020-05-19 11:14:17,024 [Command processor thread] INFO  impl.RaftServerProxy (RaftServerProxy.java:addNew(89)) - c7f9f9ae-13db-4a4f-b6b5-da79ea29c525: addNew group-DDC27975956F:[c7f9f9ae-13db-4a4f-b6b5-da79ea29c525:172.17.0.2:45791] returns group-DDC27975956F:java.util.concurrent.CompletableFuture@1fbb1432[Not completed]
2020-05-19 11:14:17,028 [pool-35-thread-1] INFO  metrics.RatisMetrics (RatisMetrics.java:lambda$create$0(39)) - Creating Metrics Registry : ratis.leader_election.b222990a-b011-47ff-ab7a-a224028f082b@group-AA3711EBA1CF
2020-05-19 11:14:17,029 [pool-51-thread-1] INFO  metrics.RatisMetrics (RatisMetrics.java:lambda$create$0(39)) - Creating Metrics Registry : ratis.leader_election.61f480d7-b341-430b-a013-8e50b22c389b@group-A8C627FE8A13
2020-05-19 11:14:17,031 [pool-35-thread-1] INFO  metrics.RatisMetrics (RatisMetrics.java:lambda$create$0(39)) - Creating Metrics Registry : ratis.server.b222990a-b011-47ff-ab7a-a224028f082b@group-AA3711EBA1CF
2020-05-19 11:14:17,031 [pool-51-thread-1] INFO  metrics.RatisMetrics (RatisMetrics.java:lambda$create$0(39)) - Creating Metrics Registry : ratis.server.61f480d7-b341-430b-a013-8e50b22c389b@group-A8C627FE8A13
2020-05-19 11:14:17,045 [pool-51-thread-1] INFO  impl.RaftServerImpl (RaftServerImpl.java:start(184)) - 61f480d7-b341-430b-a013-8e50b22c389b@group-A8C627FE8A13: start as a follower, conf=-1: [61f480d7-b341-430b-a013-8e50b22c389b:172.17.0.2:34885], old=null
2020-05-19 11:14:17,047 [pool-51-thread-1] INFO  impl.RaftServerImpl (RaftServerImpl.java:setRole(173)) - 61f480d7-b341-430b-a013-8e50b22c389b@group-A8C627FE8A13: changes role from      null to FOLLOWER at term 0 for startAsFollower
2020-05-19 11:14:17,048 [pool-51-thread-1] INFO  impl.RoleInfo (RoleInfo.java:updateAndGet(143)) - 61f480d7-b341-430b-a013-8e50b22c389b: start FollowerState
2020-05-19 11:14:17,049 [pool-35-thread-1] INFO  impl.RaftServerImpl (RaftServerImpl.java:start(184)) - b222990a-b011-47ff-ab7a-a224028f082b@group-AA3711EBA1CF: start as a follower, conf=-1: [b222990a-b011-47ff-ab7a-a224028f082b:172.17.0.2:41823], old=null
2020-05-19 11:14:17,049 [pool-35-thread-1] INFO  impl.RaftServerImpl (RaftServerImpl.java:setRole(173)) - b222990a-b011-47ff-ab7a-a224028f082b@group-AA3711EBA1CF: changes role from      null to FOLLOWER at term 0 for startAsFollower
2020-05-19 11:14:17,053 [pool-35-thread-1] INFO  impl.RoleInfo (RoleInfo.java:updateAndGet(143)) - b222990a-b011-47ff-ab7a-a224028f082b: start FollowerState
2020-05-19 11:14:17,057 [pool-51-thread-1] INFO  util.JmxRegister (JmxRegister.java:tryRegister(44)) - Successfully registered JMX Bean with object name Ratis:service=RaftServer,group=group-A8C627FE8A13,id=61f480d7-b341-430b-a013-8e50b22c389b
2020-05-19 11:14:17,064 [pool-51-thread-1] INFO  metrics.RatisMetrics (RatisMetrics.java:lambda$create$0(39)) - Creating Metrics Registry : ratis.state_machine.61f480d7-b341-430b-a013-8e50b22c389b@group-A8C627FE8A13
2020-05-19 11:14:17,064 [pool-67-thread-1] INFO  impl.RaftServerImpl (RaftServerImpl.java:<init>(98)) - c7f9f9ae-13db-4a4f-b6b5-da79ea29c525: new RaftServerImpl for group-DDC27975956F:[c7f9f9ae-13db-4a4f-b6b5-da79ea29c525:172.17.0.2:45791] with ContainerStateMachine:uninitialized
2020-05-19 11:14:17,063 [pool-35-thread-1] INFO  util.JmxRegister (JmxRegister.java:tryRegister(44)) - Successfully registered JMX Bean with object name Ratis:service=RaftServer,group=group-AA3711EBA1CF,id=b222990a-b011-47ff-ab7a-a224028f082b
2020-05-19 11:14:17,065 [pool-67-thread-1] INFO  server.RaftServerConfigKeys (ConfUtils.java:logGet(44)) - raft.server.rpc.timeout.min = 5s (custom)
2020-05-19 11:14:17,065 [pool-35-thread-1] INFO  metrics.RatisMetrics (RatisMetrics.java:lambda$create$0(39)) - Creating Metrics Registry : ratis.state_machine.b222990a-b011-47ff-ab7a-a224028f082b@group-AA3711EBA1CF
2020-05-19 11:14:17,065 [pool-67-thread-1] INFO  server.RaftServerConfigKeys (ConfUtils.java:logGet(44)) - raft.server.rpc.timeout.max = 5200ms (custom)
2020-05-19 11:14:17,067 [pool-67-thread-1] INFO  server.RaftServerConfigKeys (ConfUtils.java:logGet(44)) - raft.server.rpcslowness.timeout = 300s (custom)
2020-05-19 11:14:17,067 [pool-67-thread-1] INFO  server.RaftServerConfigKeys (ConfUtils.java:logGet(44)) - raft.server.sleep.deviation.threshold = 300 (default)
2020-05-19 11:14:17,067 [pool-67-thread-1] INFO  server.RaftServerConfigKeys (ConfUtils.java:logGet(44)) - raft.server.log.appender.install.snapshot.enabled = false (custom)
2020-05-19 11:14:17,067 [pool-67-thread-1] INFO  impl.RaftServerImpl (ServerState.java:<init>(103)) - c7f9f9ae-13db-4a4f-b6b5-da79ea29c525@group-DDC27975956F: ConfigurationManager, init=-1: [c7f9f9ae-13db-4a4f-b6b5-da79ea29c525:172.17.0.2:45791], old=null, confs=<EMPTY_MAP>
2020-05-19 11:14:17,067 [pool-67-thread-1] INFO  server.RaftServerConfigKeys (ConfUtils.java:logGet(44)) - raft.server.storage.dir = [/github/workspace/mnt/ozone/hadoop-ozone/integration-test/target/test-dir/MiniOzoneClusterImpl-d714e1e1-ed47-4185-a09b-7372fd6773c3/datanode-2/data/ratis] (custom)
2020-05-19 11:14:17,067 [pool-67-thread-1] INFO  server.RaftServerConfigKeys (ConfUtils.java:logGet(44)) - raft.server.log.corruption.policy = EXCEPTION (default)
2020-05-19 11:14:17,067 [pool-67-thread-1] INFO  storage.RaftStorageDirectory (RaftStorageDirectory.java:analyzeStorage(261)) - The storage directory /github/workspace/mnt/ozone/hadoop-ozone/integration-test/target/test-dir/MiniOzoneClusterImpl-d714e1e1-ed47-4185-a09b-7372fd6773c3/datanode-2/data/ratis/906b598a-94eb-4aa2-b175-ddc27975956f does not exist. Creating ...
2020-05-19 11:14:17,071 [pool-67-thread-1] INFO  storage.RaftStorageDirectory (RaftStorageDirectory.java:tryLock(343)) - Lock on /github/workspace/mnt/ozone/hadoop-ozone/integration-test/target/test-dir/MiniOzoneClusterImpl-d714e1e1-ed47-4185-a09b-7372fd6773c3/datanode-2/data/ratis/906b598a-94eb-4aa2-b175-ddc27975956f/in_use.lock acquired by nodename 23400@1485036e3d27
2020-05-19 11:14:17,072 [pool-67-thread-1] INFO  storage.RaftStorage (RaftStorage.java:format(84)) - Storage directory /github/workspace/mnt/ozone/hadoop-ozone/integration-test/target/test-dir/MiniOzoneClusterImpl-d714e1e1-ed47-4185-a09b-7372fd6773c3/datanode-2/data/ratis/906b598a-94eb-4aa2-b175-ddc27975956f has been successfully formatted.
2020-05-19 11:14:17,078 [pool-67-thread-1] INFO  ratis.ContainerStateMachine (ContainerStateMachine.java:loadSnapshot(226)) - group-DDC27975956F: The snapshot info is null. Setting the last applied indexto:(t:0, i:~)
2020-05-19 11:14:17,078 [pool-67-thread-1] INFO  server.RaftServerConfigKeys (ConfUtils.java:logGet(44)) - raft.server.notification.no-leader.timeout = 60s (default)
2020-05-19 11:14:17,078 [pool-67-thread-1] INFO  server.RaftServerConfigKeys (ConfUtils.java:logGet(44)) - raft.server.log.use.memory = false (default)
2020-05-19 11:14:17,078 [pool-67-thread-1] INFO  server.RaftServerConfigKeys (ConfUtils.java:logGet(44)) - raft.server.log.purge.gap = 1000000 (custom)
2020-05-19 11:14:17,078 [pool-67-thread-1] INFO  server.RaftServerConfigKeys (ConfUtils.java:logGet(44)) - raft.server.log.appender.buffer.byte-limit = 33554432 (custom)
2020-05-19 11:14:17,078 [pool-67-thread-1] INFO  server.RaftServerConfigKeys (ConfUtils.java:logGet(44)) - raft.server.log.segment.size.max = 1048576 (custom)
2020-05-19 11:14:17,078 [pool-67-thread-1] INFO  metrics.RatisMetrics (RatisMetrics.java:lambda$create$0(39)) - Creating Metrics Registry : ratis.log_worker.c7f9f9ae-13db-4a4f-b6b5-da79ea29c525
2020-05-19 11:14:17,079 [pool-67-thread-1] INFO  server.RaftServerConfigKeys (ConfUtils.java:logGet(44)) - raft.server.log.segment.cache.num.max = 2 (custom)
2020-05-19 11:14:17,079 [pool-67-thread-1] INFO  segmented.SegmentedRaftLogWorker (SegmentedRaftLogWorker.java:<init>(176)) - new c7f9f9ae-13db-4a4f-b6b5-da79ea29c525@group-DDC27975956F-SegmentedRaftLogWorker for RaftStorage:Storage Directory /github/workspace/mnt/ozone/hadoop-ozone/integration-test/target/test-dir/MiniOzoneClusterImpl-d714e1e1-ed47-4185-a09b-7372fd6773c3/datanode-2/data/ratis/906b598a-94eb-4aa2-b175-ddc27975956f
2020-05-19 11:14:17,079 [pool-67-thread-1] INFO  server.RaftServerConfigKeys (ConfUtils.java:logGet(44)) - raft.server.log.queue.byte-limit = 2147483647 (custom)
2020-05-19 11:14:17,079 [pool-67-thread-1] INFO  server.RaftServerConfigKeys (ConfUtils.java:logGet(44)) - raft.server.log.queue.element-limit = 1024 (custom)
2020-05-19 11:14:17,079 [pool-67-thread-1] INFO  server.RaftServerConfigKeys (ConfUtils.java:logGet(44)) - raft.server.log.segment.size.max = 1048576 (custom)
2020-05-19 11:14:17,079 [pool-67-thread-1] INFO  server.RaftServerConfigKeys (ConfUtils.java:logGet(44)) - raft.server.log.preallocated.size = 16384 (custom)
2020-05-19 11:14:17,079 [pool-67-thread-1] INFO  server.RaftServerConfigKeys (ConfUtils.java:logGet(44)) - raft.server.log.write.buffer.size = 1048576 (custom)
2020-05-19 11:14:17,079 [pool-67-thread-1] INFO  server.RaftServerConfigKeys (ConfUtils.java:logGet(44)) - raft.server.log.force.sync.num = 128 (default)
2020-05-19 11:14:17,079 [pool-67-thread-1] INFO  server.RaftServerConfigKeys (ConfUtils.java:logGet(44)) - raft.server.log.statemachine.data.sync = true (default)
2020-05-19 11:14:17,079 [pool-67-thread-1] INFO  server.RaftServerConfigKeys (ConfUtils.java:logGet(44)) - raft.server.log.statemachine.data.sync.timeout = 10s (default)
2020-05-19 11:14:17,079 [pool-67-thread-1] INFO  server.RaftServerConfigKeys (ConfUtils.java:logGet(44)) - raft.server.log.statemachine.data.sync.timeout.retry = -1 (default)
2020-05-19 11:14:17,082 [pool-67-thread-1] INFO  server.RaftServerConfigKeys (ConfUtils.java:logGet(44)) - raft.server.log.statemachine.data.caching.enabled = true (custom)
2020-05-19 11:14:17,086 [EventQueue-PipelineReportForPipelineReportHandler] INFO  pipeline.PipelineStateManager (PipelineStateManager.java:openPipeline(131)) - Pipeline Pipeline[ Id: 906b598a-94eb-4aa2-b175-ddc27975956f, Nodes: c7f9f9ae-13db-4a4f-b6b5-da79ea29c525{ip: 172.17.0.2, host: 1485036e3d27, networkLocation: /default-rack, certSerialId: null}, Type:RATIS, Factor:ONE, State:ALLOCATED, leaderId:c7f9f9ae-13db-4a4f-b6b5-da79ea29c525, CreationTimestamp2020-05-19T11:14:14.026Z] moved to OPEN state
2020-05-19 11:14:17,086 [pool-67-thread-1] INFO  segmented.SegmentedRaftLogWorker (SegmentedRaftLogWorker.java:lambda$new$0(129)) - c7f9f9ae-13db-4a4f-b6b5-da79ea29c525@group-DDC27975956F-SegmentedRaftLogWorker: flushIndex: setUnconditionally 0 -> -1
2020-05-19 11:14:17,086 [EventQueue-OpenPipelineForOneReplicaPipelineSafeModeRule] INFO  safemode.SCMSafeModeManager (SCMSafeModeManager.java:validateSafeModeExitRules(213)) - AtleastOneDatanodeReportedRule rule is successfully validated
2020-05-19 11:14:17,086 [EventQueue-OpenPipelineForHealthyPipelineSafeModeRule] INFO  safemode.SCMSafeModeManager (HealthyPipelineSafeModeRule.java:process(132)) - SCM in safe mode. Healthy pipelines reported count is 0, required healthy pipeline reported count is 1
2020-05-19 11:14:17,093 [pool-67-thread-1] INFO  server.RaftServerConfigKeys (ConfUtils.java:logGet(44)) - raft.server.snapshot.auto.trigger.enabled = true (custom)
2020-05-19 11:14:17,093 [pool-67-thread-1] INFO  server.RaftServerConfigKeys (ConfUtils.java:logGet(44)) - raft.server.snapshot.auto.trigger.threshold = 10000 (custom)
2020-05-19 11:14:17,094 [pool-67-thread-1] INFO  server.RaftServerConfigKeys (ConfUtils.java:logGet(44)) - raft.server.snapshot.retention.file.num = 5 (custom)
2020-05-19 11:14:17,094 [pool-67-thread-1] INFO  server.RaftServerConfigKeys (ConfUtils.java:logGet(44)) - raft.server.log.purge.upto.snapshot.index = false (default)
2020-05-19 11:14:17,094 [pool-67-thread-1] INFO  server.RaftServerConfigKeys (ConfUtils.java:logGet(44)) - raft.server.retrycache.expirytime = 600000ms (custom)
2020-05-19 11:14:17,094 [pool-67-thread-1] INFO  metrics.RatisMetrics (RatisMetrics.java:lambda$create$0(39)) - Creating Metrics Registry : ratis.leader_election.c7f9f9ae-13db-4a4f-b6b5-da79ea29c525@group-DDC27975956F
2020-05-19 11:14:17,094 [pool-67-thread-1] INFO  metrics.RatisMetrics (RatisMetrics.java:lambda$create$0(39)) - Creating Metrics Registry : ratis.server.c7f9f9ae-13db-4a4f-b6b5-da79ea29c525@group-DDC27975956F
2020-05-19 11:14:17,095 [pool-67-thread-1] INFO  impl.RaftServerImpl (RaftServerImpl.java:start(184)) - c7f9f9ae-13db-4a4f-b6b5-da79ea29c525@group-DDC27975956F: start as a follower, conf=-1: [c7f9f9ae-13db-4a4f-b6b5-da79ea29c525:172.17.0.2:45791], old=null
2020-05-19 11:14:17,096 [pool-67-thread-1] INFO  impl.RaftServerImpl (RaftServerImpl.java:setRole(173)) - c7f9f9ae-13db-4a4f-b6b5-da79ea29c525@group-DDC27975956F: changes role from      null to FOLLOWER at term 0 for startAsFollower
2020-05-19 11:14:17,096 [pool-67-thread-1] INFO  impl.RoleInfo (RoleInfo.java:updateAndGet(143)) - c7f9f9ae-13db-4a4f-b6b5-da79ea29c525: start FollowerState
2020-05-19 11:14:17,096 [Command processor thread] INFO  commandhandler.CreatePipelineCommandHandler (CreatePipelineCommandHandler.java:handle(109)) - Created Pipeline RATIS ONE #id: "04e1b709-492a-45d4-9ba1-aa3711eba1cf"
.
2020-05-19 11:14:17,098 [pool-67-thread-1] INFO  util.JmxRegister (JmxRegister.java:tryRegister(44)) - Successfully registered JMX Bean with object name Ratis:service=RaftServer,group=group-DDC27975956F,id=c7f9f9ae-13db-4a4f-b6b5-da79ea29c525
2020-05-19 11:14:17,098 [Command processor thread] INFO  impl.RaftServerProxy (RaftServerProxy.java:addNew(89)) - b222990a-b011-47ff-ab7a-a224028f082b: addNew group-F21A3269C2D6:[c7f9f9ae-13db-4a4f-b6b5-da79ea29c525:172.17.0.2:45791, b222990a-b011-47ff-ab7a-a224028f082b:172.17.0.2:41823, 61f480d7-b341-430b-a013-8e50b22c389b:172.17.0.2:34885] returns group-F21A3269C2D6:java.util.concurrent.CompletableFuture@6f1734a1[Not completed]
2020-05-19 11:14:17,099 [pool-67-thread-1] INFO  metrics.RatisMetrics (RatisMetrics.java:lambda$create$0(39)) - Creating Metrics Registry : ratis.state_machine.c7f9f9ae-13db-4a4f-b6b5-da79ea29c525@group-DDC27975956F
2020-05-19 11:14:17,100 [pool-35-thread-1] INFO  impl.RaftServerImpl (RaftServerImpl.java:<init>(98)) - b222990a-b011-47ff-ab7a-a224028f082b: new RaftServerImpl for group-F21A3269C2D6:[c7f9f9ae-13db-4a4f-b6b5-da79ea29c525:172.17.0.2:45791, b222990a-b011-47ff-ab7a-a224028f082b:172.17.0.2:41823, 61f480d7-b341-430b-a013-8e50b22c389b:172.17.0.2:34885] with ContainerStateMachine:uninitialized
2020-05-19 11:14:17,100 [pool-35-thread-1] INFO  server.RaftServerConfigKeys (ConfUtils.java:logGet(44)) - raft.server.rpc.timeout.min = 5s (custom)
2020-05-19 11:14:17,100 [pool-35-thread-1] INFO  server.RaftServerConfigKeys (ConfUtils.java:logGet(44)) - raft.server.rpc.timeout.max = 5200ms (custom)
2020-05-19 11:14:17,100 [pool-35-thread-1] INFO  server.RaftServerConfigKeys (ConfUtils.java:logGet(44)) - raft.server.rpcslowness.timeout = 300s (custom)
2020-05-19 11:14:17,100 [pool-35-thread-1] INFO  server.RaftServerConfigKeys (ConfUtils.java:logGet(44)) - raft.server.sleep.deviation.threshold = 300 (default)
2020-05-19 11:14:17,100 [pool-35-thread-1] INFO  server.RaftServerConfigKeys (ConfUtils.java:logGet(44)) - raft.server.log.appender.install.snapshot.enabled = false (custom)
2020-05-19 11:14:17,100 [pool-35-thread-1] INFO  impl.RaftServerImpl (ServerState.java:<init>(103)) - b222990a-b011-47ff-ab7a-a224028f082b@group-F21A3269C2D6: ConfigurationManager, init=-1: [c7f9f9ae-13db-4a4f-b6b5-da79ea29c525:172.17.0.2:45791, b222990a-b011-47ff-ab7a-a224028f082b:172.17.0.2:41823, 61f480d7-b341-430b-a013-8e50b22c389b:172.17.0.2:34885], old=null, confs=<EMPTY_MAP>
2020-05-19 11:14:17,100 [pool-35-thread-1] INFO  server.RaftServerConfigKeys (ConfUtils.java:logGet(44)) - raft.server.storage.dir = [/github/workspace/mnt/ozone/hadoop-ozone/integration-test/target/test-dir/MiniOzoneClusterImpl-d714e1e1-ed47-4185-a09b-7372fd6773c3/datanode-0/data/ratis] (custom)
2020-05-19 11:14:17,101 [pool-35-thread-1] INFO  server.RaftServerConfigKeys (ConfUtils.java:logGet(44)) - raft.server.log.corruption.policy = EXCEPTION (default)
2020-05-19 11:14:17,101 [pool-35-thread-1] INFO  storage.RaftStorageDirectory (RaftStorageDirectory.java:analyzeStorage(261)) - The storage directory /github/workspace/mnt/ozone/hadoop-ozone/integration-test/target/test-dir/MiniOzoneClusterImpl-d714e1e1-ed47-4185-a09b-7372fd6773c3/datanode-0/data/ratis/788144e9-ecc5-4570-b3fd-f21a3269c2d6 does not exist. Creating ...
2020-05-19 11:14:17,101 [Command processor thread] INFO  commandhandler.CreatePipelineCommandHandler (CreatePipelineCommandHandler.java:handle(109)) - Created Pipeline RATIS ONE #id: "7e817f20-0fbb-4984-9a64-a8c627fe8a13"
.
2020-05-19 11:14:17,105 [pool-35-thread-1] INFO  storage.RaftStorageDirectory (RaftStorageDirectory.java:tryLock(343)) - Lock on /github/workspace/mnt/ozone/hadoop-ozone/integration-test/target/test-dir/MiniOzoneClusterImpl-d714e1e1-ed47-4185-a09b-7372fd6773c3/datanode-0/data/ratis/788144e9-ecc5-4570-b3fd-f21a3269c2d6/in_use.lock acquired by nodename 23400@1485036e3d27
2020-05-19 11:14:17,106 [Command processor thread] INFO  impl.RaftServerProxy (RaftServerProxy.java:addNew(89)) - 61f480d7-b341-430b-a013-8e50b22c389b: addNew group-F21A3269C2D6:[c7f9f9ae-13db-4a4f-b6b5-da79ea29c525:172.17.0.2:45791, b222990a-b011-47ff-ab7a-a224028f082b:172.17.0.2:41823, 61f480d7-b341-430b-a013-8e50b22c389b:172.17.0.2:34885] returns group-F21A3269C2D6:java.util.concurrent.CompletableFuture@5614981a[Not completed]
2020-05-19 11:14:17,106 [Command processor thread] INFO  commandhandler.CreatePipelineCommandHandler (CreatePipelineCommandHandler.java:handle(109)) - Created Pipeline RATIS ONE #id: "906b598a-94eb-4aa2-b175-ddc27975956f"
.
2020-05-19 11:14:17,107 [Command processor thread] INFO  impl.RaftServerProxy (RaftServerProxy.java:addNew(89)) - c7f9f9ae-13db-4a4f-b6b5-da79ea29c525: addNew group-F21A3269C2D6:[c7f9f9ae-13db-4a4f-b6b5-da79ea29c525:172.17.0.2:45791, b222990a-b011-47ff-ab7a-a224028f082b:172.17.0.2:41823, 61f480d7-b341-430b-a013-8e50b22c389b:172.17.0.2:34885] returns group-F21A3269C2D6:java.util.concurrent.CompletableFuture@1b84931d[Not completed]
2020-05-19 11:14:17,107 [pool-35-thread-1] INFO  storage.RaftStorage (RaftStorage.java:format(84)) - Storage directory /github/workspace/mnt/ozone/hadoop-ozone/integration-test/target/test-dir/MiniOzoneClusterImpl-d714e1e1-ed47-4185-a09b-7372fd6773c3/datanode-0/data/ratis/788144e9-ecc5-4570-b3fd-f21a3269c2d6 has been successfully formatted.
2020-05-19 11:14:17,108 [pool-35-thread-1] INFO  ratis.ContainerStateMachine (ContainerStateMachine.java:loadSnapshot(226)) - group-F21A3269C2D6: The snapshot info is null. Setting the last applied indexto:(t:0, i:~)
2020-05-19 11:14:17,111 [pool-35-thread-1] INFO  server.RaftServerConfigKeys (ConfUtils.java:logGet(44)) - raft.server.notification.no-leader.timeout = 60s (default)
2020-05-19 11:14:17,110 [pool-67-thread-1] INFO  impl.RaftServerImpl (RaftServerImpl.java:<init>(98)) - c7f9f9ae-13db-4a4f-b6b5-da79ea29c525: new RaftServerImpl for group-F21A3269C2D6:[c7f9f9ae-13db-4a4f-b6b5-da79ea29c525:172.17.0.2:45791, b222990a-b011-47ff-ab7a-a224028f082b:172.17.0.2:41823, 61f480d7-b341-430b-a013-8e50b22c389b:172.17.0.2:34885] with ContainerStateMachine:uninitialized
2020-05-19 11:14:17,108 [pool-51-thread-1] INFO  impl.RaftServerImpl (RaftServerImpl.java:<init>(98)) - 61f480d7-b341-430b-a013-8e50b22c389b: new RaftServerImpl for group-F21A3269C2D6:[c7f9f9ae-13db-4a4f-b6b5-da79ea29c525:172.17.0.2:45791, b222990a-b011-47ff-ab7a-a224028f082b:172.17.0.2:41823, 61f480d7-b341-430b-a013-8e50b22c389b:172.17.0.2:34885] with ContainerStateMachine:uninitialized
2020-05-19 11:14:17,112 [pool-67-thread-1] INFO  server.RaftServerConfigKeys (ConfUtils.java:logGet(44)) - raft.server.rpc.timeout.min = 5s (custom)
2020-05-19 11:14:17,111 [pool-35-thread-1] INFO  server.RaftServerConfigKeys (ConfUtils.java:logGet(44)) - raft.server.log.use.memory = false (default)
2020-05-19 11:14:17,112 [pool-67-thread-1] INFO  server.RaftServerConfigKeys (ConfUtils.java:logGet(44)) - raft.server.rpc.timeout.max = 5200ms (custom)
2020-05-19 11:14:17,112 [pool-51-thread-1] INFO  server.RaftServerConfigKeys (ConfUtils.java:logGet(44)) - raft.server.rpc.timeout.min = 5s (custom)
2020-05-19 11:14:17,112 [pool-67-thread-1] INFO  server.RaftServerConfigKeys (ConfUtils.java:logGet(44)) - raft.server.rpcslowness.timeout = 300s (custom)
2020-05-19 11:14:17,112 [pool-67-thread-1] INFO  server.RaftServerConfigKeys (ConfUtils.java:logGet(44)) - raft.server.sleep.deviation.threshold = 300 (default)
2020-05-19 11:14:17,112 [pool-67-thread-1] INFO  server.RaftServerConfigKeys (ConfUtils.java:logGet(44)) - raft.server.log.appender.install.snapshot.enabled = false (custom)
2020-05-19 11:14:17,112 [pool-67-thread-1] INFO  impl.RaftServerImpl (ServerState.java:<init>(103)) - c7f9f9ae-13db-4a4f-b6b5-da79ea29c525@group-F21A3269C2D6: ConfigurationManager, init=-1: [c7f9f9ae-13db-4a4f-b6b5-da79ea29c525:172.17.0.2:45791, b222990a-b011-47ff-ab7a-a224028f082b:172.17.0.2:41823, 61f480d7-b341-430b-a013-8e50b22c389b:172.17.0.2:34885], old=null, confs=<EMPTY_MAP>
2020-05-19 11:14:17,112 [pool-67-thread-1] INFO  server.RaftServerConfigKeys (ConfUtils.java:logGet(44)) - raft.server.storage.dir = [/github/workspace/mnt/ozone/hadoop-ozone/integration-test/target/test-dir/MiniOzoneClusterImpl-d714e1e1-ed47-4185-a09b-7372fd6773c3/datanode-2/data/ratis] (custom)
2020-05-19 11:14:17,112 [pool-67-thread-1] INFO  server.RaftServerConfigKeys (ConfUtils.java:logGet(44)) - raft.server.log.corruption.policy = EXCEPTION (default)
2020-05-19 11:14:17,113 [pool-67-thread-1] INFO  storage.RaftStorageDirectory (RaftStorageDirectory.java:analyzeStorage(261)) - The storage directory /github/workspace/mnt/ozone/hadoop-ozone/integration-test/target/test-dir/MiniOzoneClusterImpl-d714e1e1-ed47-4185-a09b-7372fd6773c3/datanode-2/data/ratis/788144e9-ecc5-4570-b3fd-f21a3269c2d6 does not exist. Creating ...
2020-05-19 11:14:17,112 [pool-35-thread-1] INFO  server.RaftServerConfigKeys (ConfUtils.java:logGet(44)) - raft.server.log.purge.gap = 1000000 (custom)
2020-05-19 11:14:17,112 [pool-51-thread-1] INFO  server.RaftServerConfigKeys (ConfUtils.java:logGet(44)) - raft.server.rpc.timeout.max = 5200ms (custom)
2020-05-19 11:14:17,114 [pool-67-thread-1] INFO  storage.RaftStorageDirectory (RaftStorageDirectory.java:tryLock(343)) - Lock on /github/workspace/mnt/ozone/hadoop-ozone/integration-test/target/test-dir/MiniOzoneClusterImpl-d714e1e1-ed47-4185-a09b-7372fd6773c3/datanode-2/data/ratis/788144e9-ecc5-4570-b3fd-f21a3269c2d6/in_use.lock acquired by nodename 23400@1485036e3d27
2020-05-19 11:14:17,114 [pool-35-thread-1] INFO  server.RaftServerConfigKeys (ConfUtils.java:logGet(44)) - raft.server.log.appender.buffer.byte-limit = 33554432 (custom)
2020-05-19 11:14:17,114 [pool-35-thread-1] INFO  server.RaftServerConfigKeys (ConfUtils.java:logGet(44)) - raft.server.log.segment.size.max = 1048576 (custom)
2020-05-19 11:14:17,114 [pool-35-thread-1] INFO  server.RaftServerConfigKeys (ConfUtils.java:logGet(44)) - raft.server.log.segment.cache.num.max = 2 (custom)
2020-05-19 11:14:17,114 [pool-35-thread-1] INFO  segmented.SegmentedRaftLogWorker (SegmentedRaftLogWorker.java:<init>(176)) - new b222990a-b011-47ff-ab7a-a224028f082b@group-F21A3269C2D6-SegmentedRaftLogWorker for RaftStorage:Storage Directory /github/workspace/mnt/ozone/hadoop-ozone/integration-test/target/test-dir/MiniOzoneClusterImpl-d714e1e1-ed47-4185-a09b-7372fd6773c3/datanode-0/data/ratis/788144e9-ecc5-4570-b3fd-f21a3269c2d6
2020-05-19 11:14:17,115 [pool-35-thread-1] INFO  server.RaftServerConfigKeys (ConfUtils.java:logGet(44)) - raft.server.log.queue.byte-limit = 2147483647 (custom)
2020-05-19 11:14:17,115 [pool-35-thread-1] INFO  server.RaftServerConfigKeys (ConfUtils.java:logGet(44)) - raft.server.log.queue.element-limit = 1024 (custom)
2020-05-19 11:14:17,115 [pool-35-thread-1] INFO  server.RaftServerConfigKeys (ConfUtils.java:logGet(44)) - raft.server.log.segment.size.max = 1048576 (custom)
2020-05-19 11:14:17,115 [pool-35-thread-1] INFO  server.RaftServerConfigKeys (ConfUtils.java:logGet(44)) - raft.server.log.preallocated.size = 16384 (custom)
2020-05-19 11:14:17,115 [pool-35-thread-1] INFO  server.RaftServerConfigKeys (ConfUtils.java:logGet(44)) - raft.server.log.write.buffer.size = 1048576 (custom)
2020-05-19 11:14:17,115 [pool-35-thread-1] INFO  server.RaftServerConfigKeys (ConfUtils.java:logGet(44)) - raft.server.log.force.sync.num = 128 (default)
2020-05-19 11:14:17,115 [pool-35-thread-1] INFO  server.RaftServerConfigKeys (ConfUtils.java:logGet(44)) - raft.server.log.statemachine.data.sync = true (default)
2020-05-19 11:14:17,115 [pool-35-thread-1] INFO  server.RaftServerConfigKeys (ConfUtils.java:logGet(44)) - raft.server.log.statemachine.data.sync.timeout = 10s (default)
2020-05-19 11:14:17,116 [pool-35-thread-1] INFO  server.RaftServerConfigKeys (ConfUtils.java:logGet(44)) - raft.server.log.statemachine.data.sync.timeout.retry = -1 (default)
2020-05-19 11:14:17,116 [pool-35-thread-1] INFO  server.RaftServerConfigKeys (ConfUtils.java:logGet(44)) - raft.server.log.statemachine.data.caching.enabled = true (custom)
2020-05-19 11:14:17,116 [pool-35-thread-1] INFO  segmented.SegmentedRaftLogWorker (SegmentedRaftLogWorker.java:lambda$new$0(129)) - b222990a-b011-47ff-ab7a-a224028f082b@group-F21A3269C2D6-SegmentedRaftLogWorker: flushIndex: setUnconditionally 0 -> -1
2020-05-19 11:14:17,114 [pool-51-thread-1] INFO  server.RaftServerConfigKeys (ConfUtils.java:logGet(44)) - raft.server.rpcslowness.timeout = 300s (custom)
2020-05-19 11:14:17,115 [pool-67-thread-1] INFO  storage.RaftStorage (RaftStorage.java:format(84)) - Storage directory /github/workspace/mnt/ozone/hadoop-ozone/integration-test/target/test-dir/MiniOzoneClusterImpl-d714e1e1-ed47-4185-a09b-7372fd6773c3/datanode-2/data/ratis/788144e9-ecc5-4570-b3fd-f21a3269c2d6 has been successfully formatted.
2020-05-19 11:14:17,116 [pool-51-thread-1] INFO  server.RaftServerConfigKeys (ConfUtils.java:logGet(44)) - raft.server.sleep.deviation.threshold = 300 (default)
2020-05-19 11:14:17,117 [pool-51-thread-1] INFO  server.RaftServerConfigKeys (ConfUtils.java:logGet(44)) - raft.server.log.appender.install.snapshot.enabled = false (custom)
2020-05-19 11:14:17,117 [pool-51-thread-1] INFO  impl.RaftServerImpl (ServerState.java:<init>(103)) - 61f480d7-b341-430b-a013-8e50b22c389b@group-F21A3269C2D6: ConfigurationManager, init=-1: [c7f9f9ae-13db-4a4f-b6b5-da79ea29c525:172.17.0.2:45791, b222990a-b011-47ff-ab7a-a224028f082b:172.17.0.2:41823, 61f480d7-b341-430b-a013-8e50b22c389b:172.17.0.2:34885], old=null, confs=<EMPTY_MAP>
2020-05-19 11:14:17,117 [pool-51-thread-1] INFO  server.RaftServerConfigKeys (ConfUtils.java:logGet(44)) - raft.server.storage.dir = [/github/workspace/mnt/ozone/hadoop-ozone/integration-test/target/test-dir/MiniOzoneClusterImpl-d714e1e1-ed47-4185-a09b-7372fd6773c3/datanode-1/data/ratis] (custom)
2020-05-19 11:14:17,117 [pool-51-thread-1] INFO  server.RaftServerConfigKeys (ConfUtils.java:logGet(44)) - raft.server.log.corruption.policy = EXCEPTION (default)
2020-05-19 11:14:17,117 [pool-51-thread-1] INFO  storage.RaftStorageDirectory (RaftStorageDirectory.java:analyzeStorage(261)) - The storage directory /github/workspace/mnt/ozone/hadoop-ozone/integration-test/target/test-dir/MiniOzoneClusterImpl-d714e1e1-ed47-4185-a09b-7372fd6773c3/datanode-1/data/ratis/788144e9-ecc5-4570-b3fd-f21a3269c2d6 does not exist. Creating ...
2020-05-19 11:14:17,121 [pool-51-thread-1] INFO  storage.RaftStorageDirectory (RaftStorageDirectory.java:tryLock(343)) - Lock on /github/workspace/mnt/ozone/hadoop-ozone/integration-test/target/test-dir/MiniOzoneClusterImpl-d714e1e1-ed47-4185-a09b-7372fd6773c3/datanode-1/data/ratis/788144e9-ecc5-4570-b3fd-f21a3269c2d6/in_use.lock acquired by nodename 23400@1485036e3d27
2020-05-19 11:14:17,122 [pool-67-thread-1] INFO  ratis.ContainerStateMachine (ContainerStateMachine.java:loadSnapshot(226)) - group-F21A3269C2D6: The snapshot info is null. Setting the last applied indexto:(t:0, i:~)
2020-05-19 11:14:17,122 [pool-67-thread-1] INFO  server.RaftServerConfigKeys (ConfUtils.java:logGet(44)) - raft.server.notification.no-leader.timeout = 60s (default)
2020-05-19 11:14:17,122 [pool-67-thread-1] INFO  server.RaftServerConfigKeys (ConfUtils.java:logGet(44)) - raft.server.log.use.memory = false (default)
2020-05-19 11:14:17,122 [pool-67-thread-1] INFO  server.RaftServerConfigKeys (ConfUtils.java:logGet(44)) - raft.server.log.purge.gap = 1000000 (custom)
2020-05-19 11:14:17,122 [pool-67-thread-1] INFO  server.RaftServerConfigKeys (ConfUtils.java:logGet(44)) - raft.server.log.appender.buffer.byte-limit = 33554432 (custom)
2020-05-19 11:14:17,122 [pool-67-thread-1] INFO  server.RaftServerConfigKeys (ConfUtils.java:logGet(44)) - raft.server.log.segment.size.max = 1048576 (custom)
2020-05-19 11:14:17,122 [pool-35-thread-1] INFO  server.RaftServerConfigKeys (ConfUtils.java:logGet(44)) - raft.server.snapshot.auto.trigger.enabled = true (custom)
2020-05-19 11:14:17,123 [pool-35-thread-1] INFO  server.RaftServerConfigKeys (ConfUtils.java:logGet(44)) - raft.server.snapshot.auto.trigger.threshold = 10000 (custom)
2020-05-19 11:14:17,123 [pool-35-thread-1] INFO  server.RaftServerConfigKeys (ConfUtils.java:logGet(44)) - raft.server.snapshot.retention.file.num = 5 (custom)
2020-05-19 11:14:17,123 [pool-35-thread-1] INFO  server.RaftServerConfigKeys (ConfUtils.java:logGet(44)) - raft.server.log.purge.upto.snapshot.index = false (default)
2020-05-19 11:14:17,123 [pool-35-thread-1] INFO  server.RaftServerConfigKeys (ConfUtils.java:logGet(44)) - raft.server.retrycache.expirytime = 600000ms (custom)
2020-05-19 11:14:17,123 [pool-67-thread-1] INFO  server.RaftServerConfigKeys (ConfUtils.java:logGet(44)) - raft.server.log.segment.cache.num.max = 2 (custom)
2020-05-19 11:14:17,123 [pool-67-thread-1] INFO  segmented.SegmentedRaftLogWorker (SegmentedRaftLogWorker.java:<init>(176)) - new c7f9f9ae-13db-4a4f-b6b5-da79ea29c525@group-F21A3269C2D6-SegmentedRaftLogWorker for RaftStorage:Storage Directory /github/workspace/mnt/ozone/hadoop-ozone/integration-test/target/test-dir/MiniOzoneClusterImpl-d714e1e1-ed47-4185-a09b-7372fd6773c3/datanode-2/data/ratis/788144e9-ecc5-4570-b3fd-f21a3269c2d6
2020-05-19 11:14:17,123 [pool-67-thread-1] INFO  server.RaftServerConfigKeys (ConfUtils.java:logGet(44)) - raft.server.log.queue.byte-limit = 2147483647 (custom)
2020-05-19 11:14:17,123 [pool-67-thread-1] INFO  server.RaftServerConfigKeys (ConfUtils.java:logGet(44)) - raft.server.log.queue.element-limit = 1024 (custom)
2020-05-19 11:14:17,124 [pool-67-thread-1] INFO  server.RaftServerConfigKeys (ConfUtils.java:logGet(44)) - raft.server.log.segment.size.max = 1048576 (custom)
2020-05-19 11:14:17,124 [pool-51-thread-1] INFO  storage.RaftStorage (RaftStorage.java:format(84)) - Storage directory /github/workspace/mnt/ozone/hadoop-ozone/integration-test/target/test-dir/MiniOzoneClusterImpl-d714e1e1-ed47-4185-a09b-7372fd6773c3/datanode-1/data/ratis/788144e9-ecc5-4570-b3fd-f21a3269c2d6 has been successfully formatted.
2020-05-19 11:14:17,124 [pool-67-thread-1] INFO  server.RaftServerConfigKeys (ConfUtils.java:logGet(44)) - raft.server.log.preallocated.size = 16384 (custom)
2020-05-19 11:14:17,124 [pool-67-thread-1] INFO  server.RaftServerConfigKeys (ConfUtils.java:logGet(44)) - raft.server.log.write.buffer.size = 1048576 (custom)
2020-05-19 11:14:17,124 [pool-67-thread-1] INFO  server.RaftServerConfigKeys (ConfUtils.java:logGet(44)) - raft.server.log.force.sync.num = 128 (default)
2020-05-19 11:14:17,124 [pool-67-thread-1] INFO  server.RaftServerConfigKeys (ConfUtils.java:logGet(44)) - raft.server.log.statemachine.data.sync = true (default)
2020-05-19 11:14:17,124 [pool-51-thread-1] INFO  ratis.ContainerStateMachine (ContainerStateMachine.java:loadSnapshot(226)) - group-F21A3269C2D6: The snapshot info is null. Setting the last applied indexto:(t:0, i:~)
2020-05-19 11:14:17,124 [pool-51-thread-1] INFO  server.RaftServerConfigKeys (ConfUtils.java:logGet(44)) - raft.server.notification.no-leader.timeout = 60s (default)
2020-05-19 11:14:17,125 [pool-51-thread-1] INFO  server.RaftServerConfigKeys (ConfUtils.java:logGet(44)) - raft.server.log.use.memory = false (default)
2020-05-19 11:14:17,125 [pool-51-thread-1] INFO  server.RaftServerConfigKeys (ConfUtils.java:logGet(44)) - raft.server.log.purge.gap = 1000000 (custom)
2020-05-19 11:14:17,125 [pool-51-thread-1] INFO  server.RaftServerConfigKeys (ConfUtils.java:logGet(44)) - raft.server.log.appender.buffer.byte-limit = 33554432 (custom)
2020-05-19 11:14:17,125 [pool-51-thread-1] INFO  server.RaftServerConfigKeys (ConfUtils.java:logGet(44)) - raft.server.log.segment.size.max = 1048576 (custom)
2020-05-19 11:14:17,125 [pool-51-thread-1] INFO  server.RaftServerConfigKeys (ConfUtils.java:logGet(44)) - raft.server.log.segment.cache.num.max = 2 (custom)
2020-05-19 11:14:17,124 [pool-67-thread-1] INFO  server.RaftServerConfigKeys (ConfUtils.java:logGet(44)) - raft.server.log.statemachine.data.sync.timeout = 10s (default)
2020-05-19 11:14:17,127 [pool-67-thread-1] INFO  server.RaftServerConfigKeys (ConfUtils.java:logGet(44)) - raft.server.log.statemachine.data.sync.timeout.retry = -1 (default)
2020-05-19 11:14:17,128 [pool-67-thread-1] INFO  server.RaftServerConfigKeys (ConfUtils.java:logGet(44)) - raft.server.log.statemachine.data.caching.enabled = true (custom)
2020-05-19 11:14:17,128 [pool-67-thread-1] INFO  segmented.SegmentedRaftLogWorker (SegmentedRaftLogWorker.java:lambda$new$0(129)) - c7f9f9ae-13db-4a4f-b6b5-da79ea29c525@group-F21A3269C2D6-SegmentedRaftLogWorker: flushIndex: setUnconditionally 0 -> -1
2020-05-19 11:14:17,125 [pool-51-thread-1] INFO  segmented.SegmentedRaftLogWorker (SegmentedRaftLogWorker.java:<init>(176)) - new 61f480d7-b341-430b-a013-8e50b22c389b@group-F21A3269C2D6-SegmentedRaftLogWorker for RaftStorage:Storage Directory /github/workspace/mnt/ozone/hadoop-ozone/integration-test/target/test-dir/MiniOzoneClusterImpl-d714e1e1-ed47-4185-a09b-7372fd6773c3/datanode-1/data/ratis/788144e9-ecc5-4570-b3fd-f21a3269c2d6
2020-05-19 11:14:17,129 [pool-35-thread-1] INFO  metrics.RatisMetrics (RatisMetrics.java:lambda$create$0(39)) - Creating Metrics Registry : ratis.leader_election.b222990a-b011-47ff-ab7a-a224028f082b@group-F21A3269C2D6
2020-05-19 11:14:17,135 [pool-35-thread-1] INFO  metrics.RatisMetrics (RatisMetrics.java:lambda$create$0(39)) - Creating Metrics Registry : ratis.server.b222990a-b011-47ff-ab7a-a224028f082b@group-F21A3269C2D6
2020-05-19 11:14:17,136 [pool-35-thread-1] INFO  impl.RaftServerImpl (RaftServerImpl.java:start(184)) - b222990a-b011-47ff-ab7a-a224028f082b@group-F21A3269C2D6: start as a follower, conf=-1: [c7f9f9ae-13db-4a4f-b6b5-da79ea29c525:172.17.0.2:45791, b222990a-b011-47ff-ab7a-a224028f082b:172.17.0.2:41823, 61f480d7-b341-430b-a013-8e50b22c389b:172.17.0.2:34885], old=null
2020-05-19 11:14:17,136 [pool-35-thread-1] INFO  impl.RaftServerImpl (RaftServerImpl.java:setRole(173)) - b222990a-b011-47ff-ab7a-a224028f082b@group-F21A3269C2D6: changes role from      null to FOLLOWER at term 0 for startAsFollower
2020-05-19 11:14:17,136 [pool-35-thread-1] INFO  impl.RoleInfo (RoleInfo.java:updateAndGet(143)) - b222990a-b011-47ff-ab7a-a224028f082b: start FollowerState
2020-05-19 11:14:17,129 [pool-67-thread-1] INFO  server.RaftServerConfigKeys (ConfUtils.java:logGet(44)) - raft.server.snapshot.auto.trigger.enabled = true (custom)
2020-05-19 11:14:17,134 [pool-51-thread-1] INFO  server.RaftServerConfigKeys (ConfUtils.java:logGet(44)) - raft.server.log.queue.byte-limit = 2147483647 (custom)
2020-05-19 11:14:17,136 [pool-51-thread-1] INFO  server.RaftServerConfigKeys (ConfUtils.java:logGet(44)) - raft.server.log.queue.element-limit = 1024 (custom)
2020-05-19 11:14:17,136 [pool-35-thread-1] INFO  util.JmxRegister (JmxRegister.java:tryRegister(44)) - Successfully registered JMX Bean with object name Ratis:service=RaftServer,group=group-F21A3269C2D6,id=b222990a-b011-47ff-ab7a-a224028f082b
2020-05-19 11:14:17,136 [pool-35-thread-1] INFO  metrics.RatisMetrics (RatisMetrics.java:lambda$create$0(39)) - Creating Metrics Registry : ratis.state_machine.b222990a-b011-47ff-ab7a-a224028f082b@group-F21A3269C2D6
2020-05-19 11:14:17,136 [pool-67-thread-1] INFO  server.RaftServerConfigKeys (ConfUtils.java:logGet(44)) - raft.server.snapshot.auto.trigger.threshold = 10000 (custom)
2020-05-19 11:14:17,136 [pool-51-thread-1] INFO  server.RaftServerConfigKeys (ConfUtils.java:logGet(44)) - raft.server.log.segment.size.max = 1048576 (custom)
2020-05-19 11:14:17,137 [pool-67-thread-1] INFO  server.RaftServerConfigKeys (ConfUtils.java:logGet(44)) - raft.server.snapshot.retention.file.num = 5 (custom)
2020-05-19 11:14:17,137 [pool-51-thread-1] INFO  server.RaftServerConfigKeys (ConfUtils.java:logGet(44)) - raft.server.log.preallocated.size = 16384 (custom)
2020-05-19 11:14:17,137 [pool-67-thread-1] INFO  server.RaftServerConfigKeys (ConfUtils.java:logGet(44)) - raft.server.log.purge.upto.snapshot.index = false (default)
2020-05-19 11:14:17,137 [pool-51-thread-1] INFO  server.RaftServerConfigKeys (ConfUtils.java:logGet(44)) - raft.server.log.write.buffer.size = 1048576 (custom)
2020-05-19 11:14:17,138 [pool-51-thread-1] INFO  server.RaftServerConfigKeys (ConfUtils.java:logGet(44)) - raft.server.log.force.sync.num = 128 (default)
2020-05-19 11:14:17,138 [pool-51-thread-1] INFO  server.RaftServerConfigKeys (ConfUtils.java:logGet(44)) - raft.server.log.statemachine.data.sync = true (default)
2020-05-19 11:14:17,138 [pool-67-thread-1] INFO  server.RaftServerConfigKeys (ConfUtils.java:logGet(44)) - raft.server.retrycache.expirytime = 600000ms (custom)
2020-05-19 11:14:17,138 [pool-67-thread-1] INFO  metrics.RatisMetrics (RatisMetrics.java:lambda$create$0(39)) - Creating Metrics Registry : ratis.leader_election.c7f9f9ae-13db-4a4f-b6b5-da79ea29c525@group-F21A3269C2D6
2020-05-19 11:14:17,139 [pool-67-thread-1] INFO  metrics.RatisMetrics (RatisMetrics.java:lambda$create$0(39)) - Creating Metrics Registry : ratis.server.c7f9f9ae-13db-4a4f-b6b5-da79ea29c525@group-F21A3269C2D6
2020-05-19 11:14:17,139 [pool-67-thread-1] INFO  impl.RaftServerImpl (RaftServerImpl.java:start(184)) - c7f9f9ae-13db-4a4f-b6b5-da79ea29c525@group-F21A3269C2D6: start as a follower, conf=-1: [c7f9f9ae-13db-4a4f-b6b5-da79ea29c525:172.17.0.2:45791, b222990a-b011-47ff-ab7a-a224028f082b:172.17.0.2:41823, 61f480d7-b341-430b-a013-8e50b22c389b:172.17.0.2:34885], old=null
2020-05-19 11:14:17,140 [pool-67-thread-1] INFO  impl.RaftServerImpl (RaftServerImpl.java:setRole(173)) - c7f9f9ae-13db-4a4f-b6b5-da79ea29c525@group-F21A3269C2D6: changes role from      null to FOLLOWER at term 0 for startAsFollower
2020-05-19 11:14:17,140 [pool-67-thread-1] INFO  impl.RoleInfo (RoleInfo.java:updateAndGet(143)) - c7f9f9ae-13db-4a4f-b6b5-da79ea29c525: start FollowerState
2020-05-19 11:14:17,138 [pool-51-thread-1] INFO  server.RaftServerConfigKeys (ConfUtils.java:logGet(44)) - raft.server.log.statemachine.data.sync.timeout = 10s (default)
2020-05-19 11:14:17,140 [pool-51-thread-1] INFO  server.RaftServerConfigKeys (ConfUtils.java:logGet(44)) - raft.server.log.statemachine.data.sync.timeout.retry = -1 (default)
2020-05-19 11:14:17,140 [pool-67-thread-1] INFO  util.JmxRegister (JmxRegister.java:tryRegister(44)) - Successfully registered JMX Bean with object name Ratis:service=RaftServer,group=group-F21A3269C2D6,id=c7f9f9ae-13db-4a4f-b6b5-da79ea29c525
2020-05-19 11:14:17,140 [pool-67-thread-1] INFO  metrics.RatisMetrics (RatisMetrics.java:lambda$create$0(39)) - Creating Metrics Registry : ratis.state_machine.c7f9f9ae-13db-4a4f-b6b5-da79ea29c525@group-F21A3269C2D6
2020-05-19 11:14:17,142 [pool-51-thread-1] INFO  server.RaftServerConfigKeys (ConfUtils.java:logGet(44)) - raft.server.log.statemachine.data.caching.enabled = true (custom)
2020-05-19 11:14:17,142 [pool-51-thread-1] INFO  segmented.SegmentedRaftLogWorker (SegmentedRaftLogWorker.java:lambda$new$0(129)) - 61f480d7-b341-430b-a013-8e50b22c389b@group-F21A3269C2D6-SegmentedRaftLogWorker: flushIndex: setUnconditionally 0 -> -1
2020-05-19 11:14:17,147 [pool-51-thread-1] INFO  server.RaftServerConfigKeys (ConfUtils.java:logGet(44)) - raft.server.snapshot.auto.trigger.enabled = true (custom)
2020-05-19 11:14:17,147 [pool-51-thread-1] INFO  server.RaftServerConfigKeys (ConfUtils.java:logGet(44)) - raft.server.snapshot.auto.trigger.threshold = 10000 (custom)
2020-05-19 11:14:17,147 [pool-51-thread-1] INFO  server.RaftServerConfigKeys (ConfUtils.java:logGet(44)) - raft.server.snapshot.retention.file.num = 5 (custom)
2020-05-19 11:14:17,147 [pool-51-thread-1] INFO  server.RaftServerConfigKeys (ConfUtils.java:logGet(44)) - raft.server.log.purge.upto.snapshot.index = false (default)
2020-05-19 11:14:17,147 [pool-51-thread-1] INFO  server.RaftServerConfigKeys (ConfUtils.java:logGet(44)) - raft.server.retrycache.expirytime = 600000ms (custom)
2020-05-19 11:14:17,147 [pool-51-thread-1] INFO  metrics.RatisMetrics (RatisMetrics.java:lambda$create$0(39)) - Creating Metrics Registry : ratis.leader_election.61f480d7-b341-430b-a013-8e50b22c389b@group-F21A3269C2D6
2020-05-19 11:14:17,148 [pool-51-thread-1] INFO  metrics.RatisMetrics (RatisMetrics.java:lambda$create$0(39)) - Creating Metrics Registry : ratis.server.61f480d7-b341-430b-a013-8e50b22c389b@group-F21A3269C2D6
2020-05-19 11:14:17,149 [pool-51-thread-1] INFO  impl.RaftServerImpl (RaftServerImpl.java:start(184)) - 61f480d7-b341-430b-a013-8e50b22c389b@group-F21A3269C2D6: start as a follower, conf=-1: [c7f9f9ae-13db-4a4f-b6b5-da79ea29c525:172.17.0.2:45791, b222990a-b011-47ff-ab7a-a224028f082b:172.17.0.2:41823, 61f480d7-b341-430b-a013-8e50b22c389b:172.17.0.2:34885], old=null
2020-05-19 11:14:17,149 [pool-51-thread-1] INFO  impl.RaftServerImpl (RaftServerImpl.java:setRole(173)) - 61f480d7-b341-430b-a013-8e50b22c389b@group-F21A3269C2D6: changes role from      null to FOLLOWER at term 0 for startAsFollower
2020-05-19 11:14:17,151 [pool-51-thread-1] INFO  impl.RoleInfo (RoleInfo.java:updateAndGet(143)) - 61f480d7-b341-430b-a013-8e50b22c389b: start FollowerState
2020-05-19 11:14:17,156 [pool-51-thread-1] INFO  util.JmxRegister (JmxRegister.java:tryRegister(44)) - Successfully registered JMX Bean with object name Ratis:service=RaftServer,group=group-F21A3269C2D6,id=61f480d7-b341-430b-a013-8e50b22c389b
2020-05-19 11:14:17,156 [pool-51-thread-1] INFO  metrics.RatisMetrics (RatisMetrics.java:lambda$create$0(39)) - Creating Metrics Registry : ratis.state_machine.61f480d7-b341-430b-a013-8e50b22c389b@group-F21A3269C2D6
2020-05-19 11:14:17,981 [Command processor thread] INFO  commandhandler.CreatePipelineCommandHandler (CreatePipelineCommandHandler.java:handle(109)) - Created Pipeline RATIS THREE #id: "788144e9-ecc5-4570-b3fd-f21a3269c2d6"
.
2020-05-19 11:14:17,982 [Command processor thread] INFO  commandhandler.CreatePipelineCommandHandler (CreatePipelineCommandHandler.java:handle(109)) - Created Pipeline RATIS THREE #id: "788144e9-ecc5-4570-b3fd-f21a3269c2d6"
.
2020-05-19 11:14:17,983 [Command processor thread] INFO  commandhandler.CreatePipelineCommandHandler (CreatePipelineCommandHandler.java:handle(109)) - Created Pipeline RATIS THREE #id: "788144e9-ecc5-4570-b3fd-f21a3269c2d6"
.
2020-05-19 11:14:18,012 [Listener at 127.0.0.1/37943] INFO  ozone.MiniOzoneClusterImpl (MiniOzoneClusterImpl.java:lambda$waitForClusterToBeReady$0(177)) - Nodes are ready. Got 3 of 3 DN Heartbeats.
2020-05-19 11:14:18,012 [Listener at 127.0.0.1/37943] INFO  ozone.MiniOzoneClusterImpl (MiniOzoneClusterImpl.java:lambda$waitForClusterToBeReady$0(180)) - Waiting for cluster to exit safe mode
2020-05-19 11:14:19,012 [Listener at 127.0.0.1/37943] INFO  ozone.MiniOzoneClusterImpl (MiniOzoneClusterImpl.java:lambda$waitForClusterToBeReady$0(177)) - Nodes are ready. Got 3 of 3 DN Heartbeats.
2020-05-19 11:14:19,013 [Listener at 127.0.0.1/37943] INFO  ozone.MiniOzoneClusterImpl (MiniOzoneClusterImpl.java:lambda$waitForClusterToBeReady$0(180)) - Waiting for cluster to exit safe mode
2020-05-19 11:14:20,013 [Listener at 127.0.0.1/37943] INFO  ozone.MiniOzoneClusterImpl (MiniOzoneClusterImpl.java:lambda$waitForClusterToBeReady$0(177)) - Nodes are ready. Got 3 of 3 DN Heartbeats.
2020-05-19 11:14:20,014 [Listener at 127.0.0.1/37943] INFO  ozone.MiniOzoneClusterImpl (MiniOzoneClusterImpl.java:lambda$waitForClusterToBeReady$0(180)) - Waiting for cluster to exit safe mode
2020-05-19 11:14:21,014 [Listener at 127.0.0.1/37943] INFO  ozone.MiniOzoneClusterImpl (MiniOzoneClusterImpl.java:lambda$waitForClusterToBeReady$0(177)) - Nodes are ready. Got 3 of 3 DN Heartbeats.
2020-05-19 11:14:21,014 [Listener at 127.0.0.1/37943] INFO  ozone.MiniOzoneClusterImpl (MiniOzoneClusterImpl.java:lambda$waitForClusterToBeReady$0(180)) - Waiting for cluster to exit safe mode
2020-05-19 11:14:22,015 [Listener at 127.0.0.1/37943] INFO  ozone.MiniOzoneClusterImpl (MiniOzoneClusterImpl.java:lambda$waitForClusterToBeReady$0(177)) - Nodes are ready. Got 3 of 3 DN Heartbeats.
2020-05-19 11:14:22,015 [Listener at 127.0.0.1/37943] INFO  ozone.MiniOzoneClusterImpl (MiniOzoneClusterImpl.java:lambda$waitForClusterToBeReady$0(180)) - Waiting for cluster to exit safe mode
2020-05-19 11:14:22,140 [Thread-179] INFO  impl.FollowerState (FollowerState.java:run(108)) - 61f480d7-b341-430b-a013-8e50b22c389b@group-A8C627FE8A13-FollowerState: change to CANDIDATE, lastRpcTime:5091ms, electionTimeout:5085ms
2020-05-19 11:14:22,142 [Thread-179] INFO  impl.RoleInfo (RoleInfo.java:shutdownFollowerState(121)) - 61f480d7-b341-430b-a013-8e50b22c389b: shutdown FollowerState
2020-05-19 11:14:22,142 [Thread-179] INFO  impl.RaftServerImpl (RaftServerImpl.java:setRole(173)) - 61f480d7-b341-430b-a013-8e50b22c389b@group-A8C627FE8A13: changes role from  FOLLOWER to CANDIDATE at term 0 for changeToCandidate
2020-05-19 11:14:22,145 [Thread-179] INFO  impl.RoleInfo (RoleInfo.java:updateAndGet(143)) - 61f480d7-b341-430b-a013-8e50b22c389b: start LeaderElection
2020-05-19 11:14:22,147 [61f480d7-b341-430b-a013-8e50b22c389b@group-A8C627FE8A13-LeaderElection1] INFO  impl.LeaderElection (LeaderElection.java:askForVotes(206)) - 61f480d7-b341-430b-a013-8e50b22c389b@group-A8C627FE8A13-LeaderElection1: begin an election at term 1 for -1: [61f480d7-b341-430b-a013-8e50b22c389b:172.17.0.2:34885], old=null
2020-05-19 11:14:22,149 [61f480d7-b341-430b-a013-8e50b22c389b@group-A8C627FE8A13-LeaderElection1] INFO  impl.RoleInfo (RoleInfo.java:shutdownLeaderElection(134)) - 61f480d7-b341-430b-a013-8e50b22c389b: shutdown LeaderElection
2020-05-19 11:14:22,149 [61f480d7-b341-430b-a013-8e50b22c389b@group-A8C627FE8A13-LeaderElection1] INFO  impl.RaftServerImpl (RaftServerImpl.java:setRole(173)) - 61f480d7-b341-430b-a013-8e50b22c389b@group-A8C627FE8A13: changes role from CANDIDATE to LEADER at term 1 for changeToLeader
2020-05-19 11:14:22,149 [61f480d7-b341-430b-a013-8e50b22c389b@group-A8C627FE8A13-LeaderElection1] INFO  ratis.XceiverServerRatis (XceiverServerRatis.java:handleLeaderChangedNotification(762)) - Leader change notification received for group: group-A8C627FE8A13 with new leaderId: 61f480d7-b341-430b-a013-8e50b22c389b
2020-05-19 11:14:22,150 [61f480d7-b341-430b-a013-8e50b22c389b@group-A8C627FE8A13-LeaderElection1] INFO  impl.RaftServerImpl (ServerState.java:setLeader(255)) - 61f480d7-b341-430b-a013-8e50b22c389b@group-A8C627FE8A13: change Leader from null to 61f480d7-b341-430b-a013-8e50b22c389b at term 1 for becomeLeader, leader elected after 5158ms
2020-05-19 11:14:22,157 [61f480d7-b341-430b-a013-8e50b22c389b@group-A8C627FE8A13-LeaderElection1] INFO  server.RaftServerConfigKeys (ConfUtils.java:logGet(44)) - raft.server.staging.catchup.gap = 1000 (default)
2020-05-19 11:14:22,157 [61f480d7-b341-430b-a013-8e50b22c389b@group-A8C627FE8A13-LeaderElection1] INFO  server.RaftServerConfigKeys (ConfUtils.java:logGet(44)) - raft.server.rpc.sleep.time = 25ms (default)
2020-05-19 11:14:22,160 [61f480d7-b341-430b-a013-8e50b22c389b@group-A8C627FE8A13-LeaderElection1] INFO  metrics.RatisMetrics (RatisMetrics.java:lambda$create$0(39)) - Creating Metrics Registry : ratis.log_appender.61f480d7-b341-430b-a013-8e50b22c389b@group-A8C627FE8A13
2020-05-19 11:14:22,163 [61f480d7-b341-430b-a013-8e50b22c389b@group-A8C627FE8A13-LeaderElection1] INFO  server.RaftServerConfigKeys (ConfUtils.java:logGet(44)) - raft.server.write.element-limit = 1024 (custom)
2020-05-19 11:14:22,163 [61f480d7-b341-430b-a013-8e50b22c389b@group-A8C627FE8A13-LeaderElection1] INFO  server.RaftServerConfigKeys (ConfUtils.java:logGet(44)) - raft.server.write.byte-limit = 1073741824 (custom)
2020-05-19 11:14:22,166 [Thread-180] INFO  impl.FollowerState (FollowerState.java:run(108)) - b222990a-b011-47ff-ab7a-a224028f082b@group-AA3711EBA1CF-FollowerState: change to CANDIDATE, lastRpcTime:5112ms, electionTimeout:5102ms
2020-05-19 11:14:22,172 [Thread-180] INFO  impl.RoleInfo (RoleInfo.java:shutdownFollowerState(121)) - b222990a-b011-47ff-ab7a-a224028f082b: shutdown FollowerState
2020-05-19 11:14:22,172 [Thread-180] INFO  impl.RaftServerImpl (RaftServerImpl.java:setRole(173)) - b222990a-b011-47ff-ab7a-a224028f082b@group-AA3711EBA1CF: changes role from  FOLLOWER to CANDIDATE at term 0 for changeToCandidate
2020-05-19 11:14:22,172 [Thread-180] INFO  impl.RoleInfo (RoleInfo.java:updateAndGet(143)) - b222990a-b011-47ff-ab7a-a224028f082b: start LeaderElection
2020-05-19 11:14:22,178 [61f480d7-b341-430b-a013-8e50b22c389b@group-A8C627FE8A13-LeaderElection1] INFO  server.RaftServerConfigKeys (ConfUtils.java:logGet(44)) - raft.server.watch.timeout = 10s (default)
2020-05-19 11:14:22,179 [61f480d7-b341-430b-a013-8e50b22c389b@group-A8C627FE8A13-LeaderElection1] INFO  server.RaftServerConfigKeys (ConfUtils.java:logGet(44)) - raft.server.watch.timeout.denomination = 1s (default)
2020-05-19 11:14:22,179 [61f480d7-b341-430b-a013-8e50b22c389b@group-A8C627FE8A13-LeaderElection1] INFO  server.RaftServerConfigKeys (ConfUtils.java:logGet(44)) - raft.server.watch.element-limit = 65536 (default)
2020-05-19 11:14:22,187 [b222990a-b011-47ff-ab7a-a224028f082b@group-AA3711EBA1CF-LeaderElection2] INFO  impl.LeaderElection (LeaderElection.java:askForVotes(206)) - b222990a-b011-47ff-ab7a-a224028f082b@group-AA3711EBA1CF-LeaderElection2: begin an election at term 1 for -1: [b222990a-b011-47ff-ab7a-a224028f082b:172.17.0.2:41823], old=null
2020-05-19 11:14:22,187 [b222990a-b011-47ff-ab7a-a224028f082b@group-AA3711EBA1CF-LeaderElection2] INFO  impl.RoleInfo (RoleInfo.java:shutdownLeaderElection(134)) - b222990a-b011-47ff-ab7a-a224028f082b: shutdown LeaderElection
2020-05-19 11:14:22,188 [b222990a-b011-47ff-ab7a-a224028f082b@group-AA3711EBA1CF-LeaderElection2] INFO  impl.RaftServerImpl (RaftServerImpl.java:setRole(173)) - b222990a-b011-47ff-ab7a-a224028f082b@group-AA3711EBA1CF: changes role from CANDIDATE to LEADER at term 1 for changeToLeader
2020-05-19 11:14:22,188 [b222990a-b011-47ff-ab7a-a224028f082b@group-AA3711EBA1CF-LeaderElection2] INFO  ratis.XceiverServerRatis (XceiverServerRatis.java:handleLeaderChangedNotification(762)) - Leader change notification received for group: group-AA3711EBA1CF with new leaderId: b222990a-b011-47ff-ab7a-a224028f082b
2020-05-19 11:14:22,188 [b222990a-b011-47ff-ab7a-a224028f082b@group-AA3711EBA1CF-LeaderElection2] INFO  impl.RaftServerImpl (ServerState.java:setLeader(255)) - b222990a-b011-47ff-ab7a-a224028f082b@group-AA3711EBA1CF: change Leader from null to b222990a-b011-47ff-ab7a-a224028f082b at term 1 for becomeLeader, leader elected after 5350ms
2020-05-19 11:14:22,188 [b222990a-b011-47ff-ab7a-a224028f082b@group-AA3711EBA1CF-LeaderElection2] INFO  server.RaftServerConfigKeys (ConfUtils.java:logGet(44)) - raft.server.staging.catchup.gap = 1000 (default)
2020-05-19 11:14:22,188 [b222990a-b011-47ff-ab7a-a224028f082b@group-AA3711EBA1CF-LeaderElection2] INFO  server.RaftServerConfigKeys (ConfUtils.java:logGet(44)) - raft.server.rpc.sleep.time = 25ms (default)
2020-05-19 11:14:22,188 [b222990a-b011-47ff-ab7a-a224028f082b@group-AA3711EBA1CF-LeaderElection2] INFO  metrics.RatisMetrics (RatisMetrics.java:lambda$create$0(39)) - Creating Metrics Registry : ratis.log_appender.b222990a-b011-47ff-ab7a-a224028f082b@group-AA3711EBA1CF
2020-05-19 11:14:22,188 [b222990a-b011-47ff-ab7a-a224028f082b@group-AA3711EBA1CF-LeaderElection2] INFO  server.RaftServerConfigKeys (ConfUtils.java:logGet(44)) - raft.server.write.element-limit = 1024 (custom)
2020-05-19 11:14:22,189 [b222990a-b011-47ff-ab7a-a224028f082b@group-AA3711EBA1CF-LeaderElection2] INFO  server.RaftServerConfigKeys (ConfUtils.java:logGet(44)) - raft.server.write.byte-limit = 1073741824 (custom)
2020-05-19 11:14:22,191 [b222990a-b011-47ff-ab7a-a224028f082b@group-AA3711EBA1CF-LeaderElection2] INFO  server.RaftServerConfigKeys (ConfUtils.java:logGet(44)) - raft.server.watch.timeout = 10s (default)
2020-05-19 11:14:22,191 [b222990a-b011-47ff-ab7a-a224028f082b@group-AA3711EBA1CF-LeaderElection2] INFO  server.RaftServerConfigKeys (ConfUtils.java:logGet(44)) - raft.server.watch.timeout.denomination = 1s (default)
2020-05-19 11:14:22,191 [b222990a-b011-47ff-ab7a-a224028f082b@group-AA3711EBA1CF-LeaderElection2] INFO  server.RaftServerConfigKeys (ConfUtils.java:logGet(44)) - raft.server.watch.element-limit = 65536 (default)
2020-05-19 11:14:22,196 [61f480d7-b341-430b-a013-8e50b22c389b@group-A8C627FE8A13-LeaderElection1] INFO  impl.RoleInfo (RoleInfo.java:updateAndGet(143)) - 61f480d7-b341-430b-a013-8e50b22c389b: start LeaderState
2020-05-19 11:14:22,197 [b222990a-b011-47ff-ab7a-a224028f082b@group-AA3711EBA1CF-LeaderElection2] INFO  impl.RoleInfo (RoleInfo.java:updateAndGet(143)) - b222990a-b011-47ff-ab7a-a224028f082b: start LeaderState
2020-05-19 11:14:22,199 [Thread-188] INFO  impl.FollowerState (FollowerState.java:run(108)) - 61f480d7-b341-430b-a013-8e50b22c389b@group-F21A3269C2D6-FollowerState: change to CANDIDATE, lastRpcTime:5048ms, electionTimeout:5042ms
2020-05-19 11:14:22,199 [Thread-188] INFO  impl.RoleInfo (RoleInfo.java:shutdownFollowerState(121)) - 61f480d7-b341-430b-a013-8e50b22c389b: shutdown FollowerState
2020-05-19 11:14:22,199 [Thread-188] INFO  impl.RaftServerImpl (RaftServerImpl.java:setRole(173)) - 61f480d7-b341-430b-a013-8e50b22c389b@group-F21A3269C2D6: changes role from  FOLLOWER to CANDIDATE at term 0 for changeToCandidate
2020-05-19 11:14:22,199 [Thread-188] INFO  impl.RoleInfo (RoleInfo.java:updateAndGet(143)) - 61f480d7-b341-430b-a013-8e50b22c389b: start LeaderElection
2020-05-19 11:14:22,213 [61f480d7-b341-430b-a013-8e50b22c389b@group-F21A3269C2D6-LeaderElection3] INFO  impl.LeaderElection (LeaderElection.java:askForVotes(206)) - 61f480d7-b341-430b-a013-8e50b22c389b@group-F21A3269C2D6-LeaderElection3: begin an election at term 1 for -1: [c7f9f9ae-13db-4a4f-b6b5-da79ea29c525:172.17.0.2:45791, b222990a-b011-47ff-ab7a-a224028f082b:172.17.0.2:41823, 61f480d7-b341-430b-a013-8e50b22c389b:172.17.0.2:34885], old=null
2020-05-19 11:14:22,225 [61f480d7-b341-430b-a013-8e50b22c389b@group-A8C627FE8A13-LeaderElection1] INFO  segmented.SegmentedRaftLogWorker (SegmentedRaftLogWorker.java:startLogSegment(391)) - 61f480d7-b341-430b-a013-8e50b22c389b@group-A8C627FE8A13-SegmentedRaftLogWorker: Starting segment from index:0
2020-05-19 11:14:22,227 [b222990a-b011-47ff-ab7a-a224028f082b@group-AA3711EBA1CF-LeaderElection2] INFO  segmented.SegmentedRaftLogWorker (SegmentedRaftLogWorker.java:startLogSegment(391)) - b222990a-b011-47ff-ab7a-a224028f082b@group-AA3711EBA1CF-SegmentedRaftLogWorker: Starting segment from index:0
2020-05-19 11:14:22,242 [Thread-186] INFO  impl.FollowerState (FollowerState.java:run(108)) - c7f9f9ae-13db-4a4f-b6b5-da79ea29c525@group-F21A3269C2D6-FollowerState: change to CANDIDATE, lastRpcTime:5102ms, electionTimeout:5101ms
2020-05-19 11:14:22,242 [Thread-186] INFO  impl.RoleInfo (RoleInfo.java:shutdownFollowerState(121)) - c7f9f9ae-13db-4a4f-b6b5-da79ea29c525: shutdown FollowerState
2020-05-19 11:14:22,242 [Thread-186] INFO  impl.RaftServerImpl (RaftServerImpl.java:setRole(173)) - c7f9f9ae-13db-4a4f-b6b5-da79ea29c525@group-F21A3269C2D6: changes role from  FOLLOWER to CANDIDATE at term 0 for changeToCandidate
2020-05-19 11:14:22,254 [61f480d7-b341-430b-a013-8e50b22c389b@group-A8C627FE8A13-LeaderElection1] INFO  impl.RaftServerImpl (ServerState.java:setRaftConf(356)) - 61f480d7-b341-430b-a013-8e50b22c389b@group-A8C627FE8A13: set configuration 0: [61f480d7-b341-430b-a013-8e50b22c389b:172.17.0.2:34885], old=null at 0
2020-05-19 11:14:22,255 [Thread-186] INFO  impl.RoleInfo (RoleInfo.java:updateAndGet(143)) - c7f9f9ae-13db-4a4f-b6b5-da79ea29c525: start LeaderElection
2020-05-19 11:14:22,258 [b222990a-b011-47ff-ab7a-a224028f082b@group-AA3711EBA1CF-LeaderElection2] INFO  impl.RaftServerImpl (ServerState.java:setRaftConf(356)) - b222990a-b011-47ff-ab7a-a224028f082b@group-AA3711EBA1CF: set configuration 0: [b222990a-b011-47ff-ab7a-a224028f082b:172.17.0.2:41823], old=null at 0
2020-05-19 11:14:22,271 [Thread-184] INFO  impl.FollowerState (FollowerState.java:run(108)) - b222990a-b011-47ff-ab7a-a224028f082b@group-F21A3269C2D6-FollowerState: change to CANDIDATE, lastRpcTime:5135ms, electionTimeout:5133ms
2020-05-19 11:14:22,272 [Thread-184] INFO  impl.RoleInfo (RoleInfo.java:shutdownFollowerState(121)) - b222990a-b011-47ff-ab7a-a224028f082b: shutdown FollowerState
2020-05-19 11:14:22,272 [Thread-184] INFO  impl.RaftServerImpl (RaftServerImpl.java:setRole(173)) - b222990a-b011-47ff-ab7a-a224028f082b@group-F21A3269C2D6: changes role from  FOLLOWER to CANDIDATE at term 0 for changeToCandidate
2020-05-19 11:14:22,272 [Thread-184] INFO  impl.RoleInfo (RoleInfo.java:updateAndGet(143)) - b222990a-b011-47ff-ab7a-a224028f082b: start LeaderElection
2020-05-19 11:14:22,272 [c7f9f9ae-13db-4a4f-b6b5-da79ea29c525@group-F21A3269C2D6-LeaderElection4] INFO  impl.LeaderElection (LeaderElection.java:askForVotes(206)) - c7f9f9ae-13db-4a4f-b6b5-da79ea29c525@group-F21A3269C2D6-LeaderElection4: begin an election at term 1 for -1: [c7f9f9ae-13db-4a4f-b6b5-da79ea29c525:172.17.0.2:45791, b222990a-b011-47ff-ab7a-a224028f082b:172.17.0.2:41823, 61f480d7-b341-430b-a013-8e50b22c389b:172.17.0.2:34885], old=null
2020-05-19 11:14:22,281 [Thread-182] INFO  impl.FollowerState (FollowerState.java:run(108)) - c7f9f9ae-13db-4a4f-b6b5-da79ea29c525@group-DDC27975956F-FollowerState: change to CANDIDATE, lastRpcTime:5185ms, electionTimeout:5172ms
2020-05-19 11:14:22,281 [Thread-182] INFO  impl.RoleInfo (RoleInfo.java:shutdownFollowerState(121)) - c7f9f9ae-13db-4a4f-b6b5-da79ea29c525: shutdown FollowerState
2020-05-19 11:14:22,282 [Thread-182] INFO  impl.RaftServerImpl (RaftServerImpl.java:setRole(173)) - c7f9f9ae-13db-4a4f-b6b5-da79ea29c525@group-DDC27975956F: changes role from  FOLLOWER to CANDIDATE at term 0 for changeToCandidate
2020-05-19 11:14:22,282 [Thread-182] INFO  impl.RoleInfo (RoleInfo.java:updateAndGet(143)) - c7f9f9ae-13db-4a4f-b6b5-da79ea29c525: start LeaderElection
2020-05-19 11:14:22,289 [grpc-default-executor-2] INFO  impl.RaftServerImpl (RaftServerImpl.java:setRole(173)) - b222990a-b011-47ff-ab7a-a224028f082b@group-F21A3269C2D6: changes role from CANDIDATE to FOLLOWER at term 1 for recognizeCandidate:61f480d7-b341-430b-a013-8e50b22c389b
2020-05-19 11:14:22,289 [grpc-default-executor-2] INFO  impl.RoleInfo (RoleInfo.java:shutdownLeaderElection(134)) - b222990a-b011-47ff-ab7a-a224028f082b: shutdown LeaderElection
2020-05-19 11:14:22,290 [grpc-default-executor-2] INFO  impl.RoleInfo (RoleInfo.java:updateAndGet(143)) - b222990a-b011-47ff-ab7a-a224028f082b: start FollowerState
2020-05-19 11:14:22,304 [b222990a-b011-47ff-ab7a-a224028f082b@group-F21A3269C2D6-LeaderElection5] INFO  impl.LeaderElection (LeaderElection.java:askForVotes(206)) - b222990a-b011-47ff-ab7a-a224028f082b@group-F21A3269C2D6-LeaderElection5: begin an election at term 2 for -1: [c7f9f9ae-13db-4a4f-b6b5-da79ea29c525:172.17.0.2:45791, b222990a-b011-47ff-ab7a-a224028f082b:172.17.0.2:41823, 61f480d7-b341-430b-a013-8e50b22c389b:172.17.0.2:34885], old=null
2020-05-19 11:14:22,306 [b222990a-b011-47ff-ab7a-a224028f082b@group-F21A3269C2D6-LeaderElection5] INFO  impl.LeaderElection (LeaderElection.java:logAndReturn(61)) - b222990a-b011-47ff-ab7a-a224028f082b@group-F21A3269C2D6-LeaderElection5: Election REJECTED; received 0 response(s) [] and 0 exception(s); b222990a-b011-47ff-ab7a-a224028f082b@group-F21A3269C2D6:t2, leader=null, voted=b222990a-b011-47ff-ab7a-a224028f082b, raftlog=b222990a-b011-47ff-ab7a-a224028f082b@group-F21A3269C2D6-SegmentedRaftLog:OPENED:c-1,f-1,i0, conf=-1: [c7f9f9ae-13db-4a4f-b6b5-da79ea29c525:172.17.0.2:45791, b222990a-b011-47ff-ab7a-a224028f082b:172.17.0.2:41823, 61f480d7-b341-430b-a013-8e50b22c389b:172.17.0.2:34885], old=null
2020-05-19 11:14:22,312 [c7f9f9ae-13db-4a4f-b6b5-da79ea29c525@group-DDC27975956F-LeaderElection6] INFO  impl.LeaderElection (LeaderElection.java:askForVotes(206)) - c7f9f9ae-13db-4a4f-b6b5-da79ea29c525@group-DDC27975956F-LeaderElection6: begin an election at term 1 for -1: [c7f9f9ae-13db-4a4f-b6b5-da79ea29c525:172.17.0.2:45791], old=null
2020-05-19 11:14:22,312 [c7f9f9ae-13db-4a4f-b6b5-da79ea29c525@group-DDC27975956F-LeaderElection6] INFO  impl.RoleInfo (RoleInfo.java:shutdownLeaderElection(134)) - c7f9f9ae-13db-4a4f-b6b5-da79ea29c525: shutdown LeaderElection
2020-05-19 11:14:22,312 [c7f9f9ae-13db-4a4f-b6b5-da79ea29c525@group-DDC27975956F-LeaderElection6] INFO  impl.RaftServerImpl (RaftServerImpl.java:setRole(173)) - c7f9f9ae-13db-4a4f-b6b5-da79ea29c525@group-DDC27975956F: changes role from CANDIDATE to LEADER at term 1 for changeToLeader
2020-05-19 11:14:22,312 [c7f9f9ae-13db-4a4f-b6b5-da79ea29c525@group-DDC27975956F-LeaderElection6] INFO  ratis.XceiverServerRatis (XceiverServerRatis.java:handleLeaderChangedNotification(762)) - Leader change notification received for group: group-DDC27975956F with new leaderId: c7f9f9ae-13db-4a4f-b6b5-da79ea29c525
2020-05-19 11:14:22,312 [c7f9f9ae-13db-4a4f-b6b5-da79ea29c525@group-DDC27975956F-LeaderElection6] INFO  impl.RaftServerImpl (ServerState.java:setLeader(255)) - c7f9f9ae-13db-4a4f-b6b5-da79ea29c525@group-DDC27975956F: change Leader from null to c7f9f9ae-13db-4a4f-b6b5-da79ea29c525 at term 1 for becomeLeader, leader elected after 5234ms
2020-05-19 11:14:22,314 [c7f9f9ae-13db-4a4f-b6b5-da79ea29c525@group-DDC27975956F-LeaderElection6] INFO  server.RaftServerConfigKeys (ConfUtils.java:logGet(44)) - raft.server.staging.catchup.gap = 1000 (default)
2020-05-19 11:14:22,314 [c7f9f9ae-13db-4a4f-b6b5-da79ea29c525@group-DDC27975956F-LeaderElection6] INFO  server.RaftServerConfigKeys (ConfUtils.java:logGet(44)) - raft.server.rpc.sleep.time = 25ms (default)
2020-05-19 11:14:22,314 [c7f9f9ae-13db-4a4f-b6b5-da79ea29c525@group-DDC27975956F-LeaderElection6] INFO  metrics.RatisMetrics (RatisMetrics.java:lambda$create$0(39)) - Creating Metrics Registry : ratis.log_appender.c7f9f9ae-13db-4a4f-b6b5-da79ea29c525@group-DDC27975956F
2020-05-19 11:14:22,314 [c7f9f9ae-13db-4a4f-b6b5-da79ea29c525@group-DDC27975956F-LeaderElection6] INFO  server.RaftServerConfigKeys (ConfUtils.java:logGet(44)) - raft.server.write.element-limit = 1024 (custom)
2020-05-19 11:14:22,314 [c7f9f9ae-13db-4a4f-b6b5-da79ea29c525@group-DDC27975956F-LeaderElection6] INFO  server.RaftServerConfigKeys (ConfUtils.java:logGet(44)) - raft.server.write.byte-limit = 1073741824 (custom)
2020-05-19 11:14:22,315 [c7f9f9ae-13db-4a4f-b6b5-da79ea29c525@group-DDC27975956F-LeaderElection6] INFO  server.RaftServerConfigKeys (ConfUtils.java:logGet(44)) - raft.server.watch.timeout = 10s (default)
2020-05-19 11:14:22,315 [c7f9f9ae-13db-4a4f-b6b5-da79ea29c525@group-DDC27975956F-LeaderElection6] INFO  server.RaftServerConfigKeys (ConfUtils.java:logGet(44)) - raft.server.watch.timeout.denomination = 1s (default)
2020-05-19 11:14:22,315 [c7f9f9ae-13db-4a4f-b6b5-da79ea29c525@group-DDC27975956F-LeaderElection6] INFO  server.RaftServerConfigKeys (ConfUtils.java:logGet(44)) - raft.server.watch.element-limit = 65536 (default)
2020-05-19 11:14:22,315 [c7f9f9ae-13db-4a4f-b6b5-da79ea29c525@group-DDC27975956F-LeaderElection6] INFO  impl.RoleInfo (RoleInfo.java:updateAndGet(143)) - c7f9f9ae-13db-4a4f-b6b5-da79ea29c525: start LeaderState
2020-05-19 11:14:22,315 [c7f9f9ae-13db-4a4f-b6b5-da79ea29c525@group-DDC27975956F-LeaderElection6] INFO  segmented.SegmentedRaftLogWorker (SegmentedRaftLogWorker.java:startLogSegment(391)) - c7f9f9ae-13db-4a4f-b6b5-da79ea29c525@group-DDC27975956F-SegmentedRaftLogWorker: Starting segment from index:0
2020-05-19 11:14:22,321 [c7f9f9ae-13db-4a4f-b6b5-da79ea29c525@group-DDC27975956F-LeaderElection6] INFO  impl.RaftServerImpl (ServerState.java:setRaftConf(356)) - c7f9f9ae-13db-4a4f-b6b5-da79ea29c525@group-DDC27975956F: set configuration 0: [c7f9f9ae-13db-4a4f-b6b5-da79ea29c525:172.17.0.2:45791], old=null at 0
2020-05-19 11:14:22,331 [61f480d7-b341-430b-a013-8e50b22c389b@group-F21A3269C2D6-LeaderElection3] INFO  impl.LeaderElection (LeaderElection.java:logAndReturn(61)) - 61f480d7-b341-430b-a013-8e50b22c389b@group-F21A3269C2D6-LeaderElection3: Election REJECTED; received 2 response(s) [61f480d7-b341-430b-a013-8e50b22c389b<-c7f9f9ae-13db-4a4f-b6b5-da79ea29c525#0:FAIL-t1, 61f480d7-b341-430b-a013-8e50b22c389b<-b222990a-b011-47ff-ab7a-a224028f082b#0:FAIL-t1] and 0 exception(s); 61f480d7-b341-430b-a013-8e50b22c389b@group-F21A3269C2D6:t1, leader=null, voted=61f480d7-b341-430b-a013-8e50b22c389b, raftlog=61f480d7-b341-430b-a013-8e50b22c389b@group-F21A3269C2D6-SegmentedRaftLog:OPENED:c-1,f-1,i0, conf=-1: [c7f9f9ae-13db-4a4f-b6b5-da79ea29c525:172.17.0.2:45791, b222990a-b011-47ff-ab7a-a224028f082b:172.17.0.2:41823, 61f480d7-b341-430b-a013-8e50b22c389b:172.17.0.2:34885], old=null
2020-05-19 11:14:22,336 [61f480d7-b341-430b-a013-8e50b22c389b@group-F21A3269C2D6-LeaderElection3] INFO  impl.RaftServerImpl (RaftServerImpl.java:setRole(173)) - 61f480d7-b341-430b-a013-8e50b22c389b@group-F21A3269C2D6: changes role from CANDIDATE to FOLLOWER at term 1 for DISCOVERED_A_NEW_TERM
2020-05-19 11:14:22,336 [61f480d7-b341-430b-a013-8e50b22c389b@group-F21A3269C2D6-LeaderElection3] INFO  impl.RoleInfo (RoleInfo.java:shutdownLeaderElection(134)) - 61f480d7-b341-430b-a013-8e50b22c389b: shutdown LeaderElection
2020-05-19 11:14:22,336 [61f480d7-b341-430b-a013-8e50b22c389b@group-F21A3269C2D6-LeaderElection3] INFO  impl.RoleInfo (RoleInfo.java:updateAndGet(143)) - 61f480d7-b341-430b-a013-8e50b22c389b: start FollowerState
2020-05-19 11:14:22,350 [c7f9f9ae-13db-4a4f-b6b5-da79ea29c525@group-F21A3269C2D6-LeaderElection4] INFO  impl.LeaderElection (LeaderElection.java:logAndReturn(61)) - c7f9f9ae-13db-4a4f-b6b5-da79ea29c525@group-F21A3269C2D6-LeaderElection4: Election DISCOVERED_A_NEW_TERM; received 1 response(s) [c7f9f9ae-13db-4a4f-b6b5-da79ea29c525<-b222990a-b011-47ff-ab7a-a224028f082b#0:FAIL-t2] and 0 exception(s); c7f9f9ae-13db-4a4f-b6b5-da79ea29c525@group-F21A3269C2D6:t1, leader=null, voted=c7f9f9ae-13db-4a4f-b6b5-da79ea29c525, raftlog=c7f9f9ae-13db-4a4f-b6b5-da79ea29c525@group-F21A3269C2D6-SegmentedRaftLog:OPENED:c-1,f-1,i0, conf=-1: [c7f9f9ae-13db-4a4f-b6b5-da79ea29c525:172.17.0.2:45791, b222990a-b011-47ff-ab7a-a224028f082b:172.17.0.2:41823, 61f480d7-b341-430b-a013-8e50b22c389b:172.17.0.2:34885], old=null
2020-05-19 11:14:22,351 [c7f9f9ae-13db-4a4f-b6b5-da79ea29c525@group-F21A3269C2D6-LeaderElection4] INFO  impl.RaftServerImpl (RaftServerImpl.java:setRole(173)) - c7f9f9ae-13db-4a4f-b6b5-da79ea29c525@group-F21A3269C2D6: changes role from CANDIDATE to FOLLOWER at term 2 for DISCOVERED_A_NEW_TERM
2020-05-19 11:14:22,351 [c7f9f9ae-13db-4a4f-b6b5-da79ea29c525@group-F21A3269C2D6-LeaderElection4] INFO  impl.RoleInfo (RoleInfo.java:shutdownLeaderElection(134)) - c7f9f9ae-13db-4a4f-b6b5-da79ea29c525: shutdown LeaderElection
2020-05-19 11:14:22,351 [c7f9f9ae-13db-4a4f-b6b5-da79ea29c525@group-F21A3269C2D6-LeaderElection4] INFO  impl.RoleInfo (RoleInfo.java:updateAndGet(143)) - c7f9f9ae-13db-4a4f-b6b5-da79ea29c525: start FollowerState
2020-05-19 11:14:22,364 [grpc-default-executor-1] INFO  impl.RaftServerImpl (RaftServerImpl.java:setRole(173)) - 61f480d7-b341-430b-a013-8e50b22c389b@group-F21A3269C2D6: changes role from  FOLLOWER to FOLLOWER at term 2 for recognizeCandidate:b222990a-b011-47ff-ab7a-a224028f082b
2020-05-19 11:14:22,365 [grpc-default-executor-1] INFO  impl.RoleInfo (RoleInfo.java:shutdownFollowerState(121)) - 61f480d7-b341-430b-a013-8e50b22c389b: shutdown FollowerState
2020-05-19 11:14:22,365 [grpc-default-executor-1] INFO  impl.RoleInfo (RoleInfo.java:updateAndGet(143)) - 61f480d7-b341-430b-a013-8e50b22c389b: start FollowerState
2020-05-19 11:14:22,366 [Thread-211] INFO  impl.FollowerState (FollowerState.java:run(117)) - 61f480d7-b341-430b-a013-8e50b22c389b@group-F21A3269C2D6-FollowerState was interrupted: java.lang.InterruptedException: sleep interrupted
2020-05-19 11:14:22,374 [grpc-default-executor-2] INFO  impl.RaftServerImpl (RaftServerImpl.java:setRole(173)) - c7f9f9ae-13db-4a4f-b6b5-da79ea29c525@group-F21A3269C2D6: changes role from  FOLLOWER to FOLLOWER at term 2 for recognizeCandidate:b222990a-b011-47ff-ab7a-a224028f082b
2020-05-19 11:14:22,374 [grpc-default-executor-2] INFO  impl.RoleInfo (RoleInfo.java:shutdownFollowerState(121)) - c7f9f9ae-13db-4a4f-b6b5-da79ea29c525: shutdown FollowerState
2020-05-19 11:14:22,374 [grpc-default-executor-2] INFO  impl.RoleInfo (RoleInfo.java:updateAndGet(143)) - c7f9f9ae-13db-4a4f-b6b5-da79ea29c525: start FollowerState
2020-05-19 11:14:22,374 [Thread-212] INFO  impl.FollowerState (FollowerState.java:run(117)) - c7f9f9ae-13db-4a4f-b6b5-da79ea29c525@group-F21A3269C2D6-FollowerState was interrupted: java.lang.InterruptedException: sleep interrupted
2020-05-19 11:14:22,424 [61f480d7-b341-430b-a013-8e50b22c389b@group-A8C627FE8A13-SegmentedRaftLogWorker] INFO  segmented.SegmentedRaftLogWorker (SegmentedRaftLogWorker.java:execute(583)) - 61f480d7-b341-430b-a013-8e50b22c389b@group-A8C627FE8A13-SegmentedRaftLogWorker: created new log segment /github/workspace/mnt/ozone/hadoop-ozone/integration-test/target/test-dir/MiniOzoneClusterImpl-d714e1e1-ed47-4185-a09b-7372fd6773c3/datanode-1/data/ratis/7e817f20-0fbb-4984-9a64-a8c627fe8a13/current/log_inprogress_0
2020-05-19 11:14:22,424 [b222990a-b011-47ff-ab7a-a224028f082b@group-AA3711EBA1CF-SegmentedRaftLogWorker] INFO  segmented.SegmentedRaftLogWorker (SegmentedRaftLogWorker.java:execute(583)) - b222990a-b011-47ff-ab7a-a224028f082b@group-AA3711EBA1CF-SegmentedRaftLogWorker: created new log segment /github/workspace/mnt/ozone/hadoop-ozone/integration-test/target/test-dir/MiniOzoneClusterImpl-d714e1e1-ed47-4185-a09b-7372fd6773c3/datanode-0/data/ratis/04e1b709-492a-45d4-9ba1-aa3711eba1cf/current/log_inprogress_0
2020-05-19 11:14:22,424 [c7f9f9ae-13db-4a4f-b6b5-da79ea29c525@group-DDC27975956F-SegmentedRaftLogWorker] INFO  segmented.SegmentedRaftLogWorker (SegmentedRaftLogWorker.java:execute(583)) - c7f9f9ae-13db-4a4f-b6b5-da79ea29c525@group-DDC27975956F-SegmentedRaftLogWorker: created new log segment /github/workspace/mnt/ozone/hadoop-ozone/integration-test/target/test-dir/MiniOzoneClusterImpl-d714e1e1-ed47-4185-a09b-7372fd6773c3/datanode-2/data/ratis/906b598a-94eb-4aa2-b175-ddc27975956f/current/log_inprogress_0
2020-05-19 11:14:23,016 [Listener at 127.0.0.1/37943] INFO  ozone.MiniOzoneClusterImpl (MiniOzoneClusterImpl.java:lambda$waitForClusterToBeReady$0(177)) - Nodes are ready. Got 3 of 3 DN Heartbeats.
2020-05-19 11:14:23,016 [Listener at 127.0.0.1/37943] INFO  ozone.MiniOzoneClusterImpl (MiniOzoneClusterImpl.java:lambda$waitForClusterToBeReady$0(180)) - Waiting for cluster to exit safe mode
2020-05-19 11:14:24,016 [Listener at 127.0.0.1/37943] INFO  ozone.MiniOzoneClusterImpl (MiniOzoneClusterImpl.java:lambda$waitForClusterToBeReady$0(177)) - Nodes are ready. Got 3 of 3 DN Heartbeats.
2020-05-19 11:14:24,016 [Listener at 127.0.0.1/37943] INFO  ozone.MiniOzoneClusterImpl (MiniOzoneClusterImpl.java:lambda$waitForClusterToBeReady$0(180)) - Waiting for cluster to exit safe mode
2020-05-19 11:14:25,017 [Listener at 127.0.0.1/37943] INFO  ozone.MiniOzoneClusterImpl (MiniOzoneClusterImpl.java:lambda$waitForClusterToBeReady$0(177)) - Nodes are ready. Got 3 of 3 DN Heartbeats.
2020-05-19 11:14:25,017 [Listener at 127.0.0.1/37943] INFO  ozone.MiniOzoneClusterImpl (MiniOzoneClusterImpl.java:lambda$waitForClusterToBeReady$0(180)) - Waiting for cluster to exit safe mode
2020-05-19 11:14:26,017 [Listener at 127.0.0.1/37943] INFO  ozone.MiniOzoneClusterImpl (MiniOzoneClusterImpl.java:lambda$waitForClusterToBeReady$0(177)) - Nodes are ready. Got 3 of 3 DN Heartbeats.
2020-05-19 11:14:26,018 [Listener at 127.0.0.1/37943] INFO  ozone.MiniOzoneClusterImpl (MiniOzoneClusterImpl.java:lambda$waitForClusterToBeReady$0(180)) - Waiting for cluster to exit safe mode
2020-05-19 11:14:27,018 [Listener at 127.0.0.1/37943] INFO  ozone.MiniOzoneClusterImpl (MiniOzoneClusterImpl.java:lambda$waitForClusterToBeReady$0(177)) - Nodes are ready. Got 3 of 3 DN Heartbeats.
2020-05-19 11:14:27,018 [Listener at 127.0.0.1/37943] INFO  ozone.MiniOzoneClusterImpl (MiniOzoneClusterImpl.java:lambda$waitForClusterToBeReady$0(180)) - Waiting for cluster to exit safe mode
2020-05-19 11:14:27,374 [Thread-207] INFO  impl.FollowerState (FollowerState.java:run(108)) - b222990a-b011-47ff-ab7a-a224028f082b@group-F21A3269C2D6-FollowerState: change to CANDIDATE, lastRpcTime:5084ms, electionTimeout:5077ms
2020-05-19 11:14:27,374 [Thread-207] INFO  impl.RoleInfo (RoleInfo.java:shutdownFollowerState(121)) - b222990a-b011-47ff-ab7a-a224028f082b: shutdown FollowerState
2020-05-19 11:14:27,374 [Thread-207] INFO  impl.RaftServerImpl (RaftServerImpl.java:setRole(173)) - b222990a-b011-47ff-ab7a-a224028f082b@group-F21A3269C2D6: changes role from  FOLLOWER to CANDIDATE at term 2 for changeToCandidate
2020-05-19 11:14:27,374 [Thread-207] INFO  impl.RoleInfo (RoleInfo.java:updateAndGet(143)) - b222990a-b011-47ff-ab7a-a224028f082b: start LeaderElection
2020-05-19 11:14:27,377 [b222990a-b011-47ff-ab7a-a224028f082b@group-F21A3269C2D6-LeaderElection7] INFO  impl.LeaderElection (LeaderElection.java:askForVotes(206)) - b222990a-b011-47ff-ab7a-a224028f082b@group-F21A3269C2D6-LeaderElection7: begin an election at term 3 for -1: [c7f9f9ae-13db-4a4f-b6b5-da79ea29c525:172.17.0.2:45791, b222990a-b011-47ff-ab7a-a224028f082b:172.17.0.2:41823, 61f480d7-b341-430b-a013-8e50b22c389b:172.17.0.2:34885], old=null
2020-05-19 11:14:27,391 [grpc-default-executor-2] INFO  impl.RaftServerImpl (RaftServerImpl.java:setRole(173)) - c7f9f9ae-13db-4a4f-b6b5-da79ea29c525@group-F21A3269C2D6: changes role from  FOLLOWER to FOLLOWER at term 3 for recognizeCandidate:b222990a-b011-47ff-ab7a-a224028f082b
2020-05-19 11:14:27,391 [grpc-default-executor-2] INFO  impl.RoleInfo (RoleInfo.java:shutdownFollowerState(121)) - c7f9f9ae-13db-4a4f-b6b5-da79ea29c525: shutdown FollowerState
2020-05-19 11:14:27,392 [grpc-default-executor-2] INFO  impl.RoleInfo (RoleInfo.java:updateAndGet(143)) - c7f9f9ae-13db-4a4f-b6b5-da79ea29c525: start FollowerState
2020-05-19 11:14:27,392 [Thread-214] INFO  impl.FollowerState (FollowerState.java:run(117)) - c7f9f9ae-13db-4a4f-b6b5-da79ea29c525@group-F21A3269C2D6-FollowerState was interrupted: java.lang.InterruptedException: sleep interrupted
2020-05-19 11:14:27,399 [grpc-default-executor-2] INFO  impl.RaftServerImpl (RaftServerImpl.java:setRole(173)) - 61f480d7-b341-430b-a013-8e50b22c389b@group-F21A3269C2D6: changes role from  FOLLOWER to FOLLOWER at term 3 for recognizeCandidate:b222990a-b011-47ff-ab7a-a224028f082b
2020-05-19 11:14:27,399 [grpc-default-executor-2] INFO  impl.RoleInfo (RoleInfo.java:shutdownFollowerState(121)) - 61f480d7-b341-430b-a013-8e50b22c389b: shutdown FollowerState
2020-05-19 11:14:27,400 [grpc-default-executor-2] INFO  impl.RoleInfo (RoleInfo.java:updateAndGet(143)) - 61f480d7-b341-430b-a013-8e50b22c389b: start FollowerState
2020-05-19 11:14:27,400 [Thread-213] INFO  impl.FollowerState (FollowerState.java:run(117)) - 61f480d7-b341-430b-a013-8e50b22c389b@group-F21A3269C2D6-FollowerState was interrupted: java.lang.InterruptedException: sleep interrupted
2020-05-19 11:14:27,400 [b222990a-b011-47ff-ab7a-a224028f082b@group-F21A3269C2D6-LeaderElection7] INFO  impl.LeaderElection (LeaderElection.java:logAndReturn(61)) - b222990a-b011-47ff-ab7a-a224028f082b@group-F21A3269C2D6-LeaderElection7: Election PASSED; received 1 response(s) [b222990a-b011-47ff-ab7a-a224028f082b<-c7f9f9ae-13db-4a4f-b6b5-da79ea29c525#0:OK-t3] and 0 exception(s); b222990a-b011-47ff-ab7a-a224028f082b@group-F21A3269C2D6:t3, leader=null, voted=b222990a-b011-47ff-ab7a-a224028f082b, raftlog=b222990a-b011-47ff-ab7a-a224028f082b@group-F21A3269C2D6-SegmentedRaftLog:OPENED:c-1,f-1,i0, conf=-1: [c7f9f9ae-13db-4a4f-b6b5-da79ea29c525:172.17.0.2:45791, b222990a-b011-47ff-ab7a-a224028f082b:172.17.0.2:41823, 61f480d7-b341-430b-a013-8e50b22c389b:172.17.0.2:34885], old=null
2020-05-19 11:14:27,401 [b222990a-b011-47ff-ab7a-a224028f082b@group-F21A3269C2D6-LeaderElection7] INFO  impl.RoleInfo (RoleInfo.java:shutdownLeaderElection(134)) - b222990a-b011-47ff-ab7a-a224028f082b: shutdown LeaderElection
2020-05-19 11:14:27,401 [b222990a-b011-47ff-ab7a-a224028f082b@group-F21A3269C2D6-LeaderElection7] INFO  impl.RaftServerImpl (RaftServerImpl.java:setRole(173)) - b222990a-b011-47ff-ab7a-a224028f082b@group-F21A3269C2D6: changes role from CANDIDATE to LEADER at term 3 for changeToLeader
2020-05-19 11:14:27,401 [b222990a-b011-47ff-ab7a-a224028f082b@group-F21A3269C2D6-LeaderElection7] INFO  ratis.XceiverServerRatis (XceiverServerRatis.java:handleLeaderChangedNotification(762)) - Leader change notification received for group: group-F21A3269C2D6 with new leaderId: b222990a-b011-47ff-ab7a-a224028f082b
2020-05-19 11:14:27,401 [b222990a-b011-47ff-ab7a-a224028f082b@group-F21A3269C2D6-LeaderElection7] INFO  impl.RaftServerImpl (ServerState.java:setLeader(255)) - b222990a-b011-47ff-ab7a-a224028f082b@group-F21A3269C2D6: change Leader from null to b222990a-b011-47ff-ab7a-a224028f082b at term 3 for becomeLeader, leader elected after 10290ms
2020-05-19 11:14:27,401 [b222990a-b011-47ff-ab7a-a224028f082b@group-F21A3269C2D6-LeaderElection7] INFO  server.RaftServerConfigKeys (ConfUtils.java:logGet(44)) - raft.server.staging.catchup.gap = 1000 (default)
2020-05-19 11:14:27,402 [b222990a-b011-47ff-ab7a-a224028f082b@group-F21A3269C2D6-LeaderElection7] INFO  server.RaftServerConfigKeys (ConfUtils.java:logGet(44)) - raft.server.rpc.sleep.time = 25ms (default)
2020-05-19 11:14:27,402 [b222990a-b011-47ff-ab7a-a224028f082b@group-F21A3269C2D6-LeaderElection7] INFO  metrics.RatisMetrics (RatisMetrics.java:lambda$create$0(39)) - Creating Metrics Registry : ratis.log_appender.b222990a-b011-47ff-ab7a-a224028f082b@group-F21A3269C2D6
2020-05-19 11:14:27,402 [b222990a-b011-47ff-ab7a-a224028f082b@group-F21A3269C2D6-LeaderElection7] INFO  server.RaftServerConfigKeys (ConfUtils.java:logGet(44)) - raft.server.write.element-limit = 1024 (custom)
2020-05-19 11:14:27,402 [b222990a-b011-47ff-ab7a-a224028f082b@group-F21A3269C2D6-LeaderElection7] INFO  server.RaftServerConfigKeys (ConfUtils.java:logGet(44)) - raft.server.write.byte-limit = 1073741824 (custom)
2020-05-19 11:14:27,403 [b222990a-b011-47ff-ab7a-a224028f082b@group-F21A3269C2D6-LeaderElection7] INFO  server.RaftServerConfigKeys (ConfUtils.java:logGet(44)) - raft.server.watch.timeout = 10s (default)
2020-05-19 11:14:27,403 [b222990a-b011-47ff-ab7a-a224028f082b@group-F21A3269C2D6-LeaderElection7] INFO  server.RaftServerConfigKeys (ConfUtils.java:logGet(44)) - raft.server.watch.timeout.denomination = 1s (default)
2020-05-19 11:14:27,403 [b222990a-b011-47ff-ab7a-a224028f082b@group-F21A3269C2D6-LeaderElection7] INFO  server.RaftServerConfigKeys (ConfUtils.java:logGet(44)) - raft.server.watch.element-limit = 65536 (default)
2020-05-19 11:14:27,406 [b222990a-b011-47ff-ab7a-a224028f082b@group-F21A3269C2D6-LeaderElection7] INFO  server.RaftServerConfigKeys (ConfUtils.java:logGet(44)) - raft.server.log.appender.snapshot.chunk.size.max = 16MB (=16777216) (default)
2020-05-19 11:14:27,406 [EventQueue-PipelineReportForPipelineReportHandler] INFO  pipeline.PipelineStateManager (PipelineStateManager.java:openPipeline(131)) - Pipeline Pipeline[ Id: 788144e9-ecc5-4570-b3fd-f21a3269c2d6, Nodes: c7f9f9ae-13db-4a4f-b6b5-da79ea29c525{ip: 172.17.0.2, host: 1485036e3d27, networkLocation: /default-rack, certSerialId: null}b222990a-b011-47ff-ab7a-a224028f082b{ip: 172.17.0.2, host: 1485036e3d27, networkLocation: /default-rack, certSerialId: null}61f480d7-b341-430b-a013-8e50b22c389b{ip: 172.17.0.2, host: 1485036e3d27, networkLocation: /default-rack, certSerialId: null}, Type:RATIS, Factor:THREE, State:ALLOCATED, leaderId:b222990a-b011-47ff-ab7a-a224028f082b, CreationTimestamp2020-05-19T11:14:14.031Z] moved to OPEN state
2020-05-19 11:14:27,412 [b222990a-b011-47ff-ab7a-a224028f082b@group-F21A3269C2D6-LeaderElection7] INFO  server.RaftServerConfigKeys (ConfUtils.java:logGet(44)) - raft.server.log.appender.buffer.byte-limit = 33554432 (custom)
2020-05-19 11:14:27,413 [EventQueue-OpenPipelineForHealthyPipelineSafeModeRule] INFO  safemode.SCMSafeModeManager (HealthyPipelineSafeModeRule.java:process(132)) - SCM in safe mode. Healthy pipelines reported count is 1, required healthy pipeline reported count is 1
2020-05-19 11:14:27,413 [EventQueue-OpenPipelineForOneReplicaPipelineSafeModeRule] INFO  safemode.SCMSafeModeManager (SCMSafeModeManager.java:validateSafeModeExitRules(213)) - AtleastOneDatanodeReportedRule rule is successfully validated
2020-05-19 11:14:27,413 [EventQueue-OpenPipelineForHealthyPipelineSafeModeRule] INFO  safemode.SCMSafeModeManager (SCMSafeModeManager.java:validateSafeModeExitRules(213)) - HealthyPipelineSafeModeRule rule is successfully validated
2020-05-19 11:14:27,413 [EventQueue-OpenPipelineForHealthyPipelineSafeModeRule] INFO  safemode.SCMSafeModeManager (SCMSafeModeManager.java:validateSafeModeExitRules(227)) - ScmSafeModeManager, all rules are successfully validated
2020-05-19 11:14:27,413 [EventQueue-OpenPipelineForHealthyPipelineSafeModeRule] INFO  safemode.SCMSafeModeManager (SCMSafeModeManager.java:exitSafeMode(256)) - SCM exiting safe mode.
2020-05-19 11:14:27,414 [b222990a-b011-47ff-ab7a-a224028f082b@group-F21A3269C2D6-LeaderElection7] INFO  server.RaftServerConfigKeys (ConfUtils.java:logGet(44)) - raft.server.log.appender.buffer.element-limit = 1 (custom)
2020-05-19 11:14:27,418 [b222990a-b011-47ff-ab7a-a224028f082b@group-F21A3269C2D6-LeaderElection7] INFO  grpc.GrpcConfigKeys (ConfUtils.java:logGet(44)) - raft.grpc.server.leader.outstanding.appends.max = 128 (default)
2020-05-19 11:14:27,425 [b222990a-b011-47ff-ab7a-a224028f082b@group-F21A3269C2D6-LeaderElection7] INFO  server.RaftServerConfigKeys (ConfUtils.java:logGet(44)) - raft.server.rpc.request.timeout = 3s (default)
2020-05-19 11:14:27,425 [b222990a-b011-47ff-ab7a-a224028f082b@group-F21A3269C2D6-LeaderElection7] INFO  server.RaftServerConfigKeys (ConfUtils.java:logGet(44)) - raft.server.log.appender.install.snapshot.enabled = false (custom)
2020-05-19 11:14:27,429 [b222990a-b011-47ff-ab7a-a224028f082b@group-F21A3269C2D6-LeaderElection7] INFO  server.RaftServerConfigKeys (ConfUtils.java:logGet(44)) - raft.server.log.appender.snapshot.chunk.size.max = 16MB (=16777216) (default)
2020-05-19 11:14:27,429 [b222990a-b011-47ff-ab7a-a224028f082b@group-F21A3269C2D6-LeaderElection7] INFO  server.RaftServerConfigKeys (ConfUtils.java:logGet(44)) - raft.server.log.appender.buffer.byte-limit = 33554432 (custom)
2020-05-19 11:14:27,429 [b222990a-b011-47ff-ab7a-a224028f082b@group-F21A3269C2D6-LeaderElection7] INFO  server.RaftServerConfigKeys (ConfUtils.java:logGet(44)) - raft.server.log.appender.buffer.element-limit = 1 (custom)
2020-05-19 11:14:27,430 [b222990a-b011-47ff-ab7a-a224028f082b@group-F21A3269C2D6-LeaderElection7] INFO  grpc.GrpcConfigKeys (ConfUtils.java:logGet(44)) - raft.grpc.server.leader.outstanding.appends.max = 128 (default)
2020-05-19 11:14:27,430 [b222990a-b011-47ff-ab7a-a224028f082b@group-F21A3269C2D6-LeaderElection7] INFO  server.RaftServerConfigKeys (ConfUtils.java:logGet(44)) - raft.server.rpc.request.timeout = 3s (default)
2020-05-19 11:14:27,430 [b222990a-b011-47ff-ab7a-a224028f082b@group-F21A3269C2D6-LeaderElection7] INFO  server.RaftServerConfigKeys (ConfUtils.java:logGet(44)) - raft.server.log.appender.install.snapshot.enabled = false (custom)
2020-05-19 11:14:27,432 [b222990a-b011-47ff-ab7a-a224028f082b@group-F21A3269C2D6-LeaderElection7] INFO  impl.RoleInfo (RoleInfo.java:updateAndGet(143)) - b222990a-b011-47ff-ab7a-a224028f082b: start LeaderState
2020-05-19 11:14:27,432 [b222990a-b011-47ff-ab7a-a224028f082b@group-F21A3269C2D6-LeaderElection7] INFO  segmented.SegmentedRaftLogWorker (SegmentedRaftLogWorker.java:startLogSegment(391)) - b222990a-b011-47ff-ab7a-a224028f082b@group-F21A3269C2D6-SegmentedRaftLogWorker: Starting segment from index:0
2020-05-19 11:14:27,433 [b222990a-b011-47ff-ab7a-a224028f082b@group-F21A3269C2D6-SegmentedRaftLogWorker] INFO  segmented.SegmentedRaftLogWorker (SegmentedRaftLogWorker.java:execute(583)) - b222990a-b011-47ff-ab7a-a224028f082b@group-F21A3269C2D6-SegmentedRaftLogWorker: created new log segment /github/workspace/mnt/ozone/hadoop-ozone/integration-test/target/test-dir/MiniOzoneClusterImpl-d714e1e1-ed47-4185-a09b-7372fd6773c3/datanode-0/data/ratis/788144e9-ecc5-4570-b3fd-f21a3269c2d6/current/log_inprogress_0
2020-05-19 11:14:27,433 [b222990a-b011-47ff-ab7a-a224028f082b@group-F21A3269C2D6-LeaderElection7] INFO  impl.RaftServerImpl (ServerState.java:setRaftConf(356)) - b222990a-b011-47ff-ab7a-a224028f082b@group-F21A3269C2D6: set configuration 0: [c7f9f9ae-13db-4a4f-b6b5-da79ea29c525:172.17.0.2:45791, b222990a-b011-47ff-ab7a-a224028f082b:172.17.0.2:41823, 61f480d7-b341-430b-a013-8e50b22c389b:172.17.0.2:34885], old=null at 0
2020-05-19 11:14:27,460 [grpc-default-executor-2] INFO  ratis.XceiverServerRatis (XceiverServerRatis.java:handleLeaderChangedNotification(762)) - Leader change notification received for group: group-F21A3269C2D6 with new leaderId: b222990a-b011-47ff-ab7a-a224028f082b
2020-05-19 11:14:27,460 [grpc-default-executor-2] INFO  impl.RaftServerImpl (ServerState.java:setLeader(255)) - 61f480d7-b341-430b-a013-8e50b22c389b@group-F21A3269C2D6: change Leader from null to b222990a-b011-47ff-ab7a-a224028f082b at term 3 for appendEntries, leader elected after 10335ms
2020-05-19 11:14:27,469 [grpc-default-executor-1] INFO  ratis.XceiverServerRatis (XceiverServerRatis.java:handleLeaderChangedNotification(762)) - Leader change notification received for group: group-F21A3269C2D6 with new leaderId: b222990a-b011-47ff-ab7a-a224028f082b
2020-05-19 11:14:27,469 [grpc-default-executor-1] INFO  impl.RaftServerImpl (ServerState.java:setLeader(255)) - c7f9f9ae-13db-4a4f-b6b5-da79ea29c525@group-F21A3269C2D6: change Leader from null to b222990a-b011-47ff-ab7a-a224028f082b at term 3 for appendEntries, leader elected after 10347ms
2020-05-19 11:14:27,486 [grpc-default-executor-2] INFO  impl.RaftServerImpl (ServerState.java:setRaftConf(356)) - 61f480d7-b341-430b-a013-8e50b22c389b@group-F21A3269C2D6: set configuration 0: [c7f9f9ae-13db-4a4f-b6b5-da79ea29c525:172.17.0.2:45791, b222990a-b011-47ff-ab7a-a224028f082b:172.17.0.2:41823, 61f480d7-b341-430b-a013-8e50b22c389b:172.17.0.2:34885], old=null at 0
2020-05-19 11:14:27,486 [grpc-default-executor-2] INFO  segmented.SegmentedRaftLogWorker (SegmentedRaftLogWorker.java:startLogSegment(391)) - 61f480d7-b341-430b-a013-8e50b22c389b@group-F21A3269C2D6-SegmentedRaftLogWorker: Starting segment from index:0
2020-05-19 11:14:27,487 [grpc-default-executor-1] INFO  impl.RaftServerImpl (ServerState.java:setRaftConf(356)) - c7f9f9ae-13db-4a4f-b6b5-da79ea29c525@group-F21A3269C2D6: set configuration 0: [c7f9f9ae-13db-4a4f-b6b5-da79ea29c525:172.17.0.2:45791, b222990a-b011-47ff-ab7a-a224028f082b:172.17.0.2:41823, 61f480d7-b341-430b-a013-8e50b22c389b:172.17.0.2:34885], old=null at 0
2020-05-19 11:14:27,487 [grpc-default-executor-1] INFO  segmented.SegmentedRaftLogWorker (SegmentedRaftLogWorker.java:startLogSegment(391)) - c7f9f9ae-13db-4a4f-b6b5-da79ea29c525@group-F21A3269C2D6-SegmentedRaftLogWorker: Starting segment from index:0
2020-05-19 11:14:27,489 [c7f9f9ae-13db-4a4f-b6b5-da79ea29c525@group-F21A3269C2D6-SegmentedRaftLogWorker] INFO  segmented.SegmentedRaftLogWorker (SegmentedRaftLogWorker.java:execute(583)) - c7f9f9ae-13db-4a4f-b6b5-da79ea29c525@group-F21A3269C2D6-SegmentedRaftLogWorker: created new log segment /github/workspace/mnt/ozone/hadoop-ozone/integration-test/target/test-dir/MiniOzoneClusterImpl-d714e1e1-ed47-4185-a09b-7372fd6773c3/datanode-2/data/ratis/788144e9-ecc5-4570-b3fd-f21a3269c2d6/current/log_inprogress_0
2020-05-19 11:14:27,489 [61f480d7-b341-430b-a013-8e50b22c389b@group-F21A3269C2D6-SegmentedRaftLogWorker] INFO  segmented.SegmentedRaftLogWorker (SegmentedRaftLogWorker.java:execute(583)) - 61f480d7-b341-430b-a013-8e50b22c389b@group-F21A3269C2D6-SegmentedRaftLogWorker: created new log segment /github/workspace/mnt/ozone/hadoop-ozone/integration-test/target/test-dir/MiniOzoneClusterImpl-d714e1e1-ed47-4185-a09b-7372fd6773c3/datanode-1/data/ratis/788144e9-ecc5-4570-b3fd-f21a3269c2d6/current/log_inprogress_0
2020-05-19 11:14:28,019 [Listener at 127.0.0.1/37943] INFO  ozone.MiniOzoneClusterImpl (MiniOzoneClusterImpl.java:lambda$waitForClusterToBeReady$0(177)) - Nodes are ready. Got 3 of 3 DN Heartbeats.
2020-05-19 11:14:28,019 [Listener at 127.0.0.1/37943] INFO  ozone.MiniOzoneClusterImpl (MiniOzoneClusterImpl.java:lambda$waitForClusterToBeReady$0(180)) - Cluster exits safe mode
2020-05-19 11:14:28,542 [Listener at 127.0.0.1/37943] INFO  rpc.RpcClient (RpcClient.java:createVolume(308)) - Creating Volume: watchforcommithandlingtest, with jenkins1001 as owner.
2020-05-19 11:14:28,607 [IPC Server handler 16 on default port 37943] INFO  volume.OMVolumeCreateRequest (OMVolumeCreateRequest.java:validateAndUpdateCache(204)) - created volume:watchforcommithandlingtest for user:jenkins1001
2020-05-19 11:14:28,632 [Listener at 127.0.0.1/37943] INFO  rpc.RpcClient (RpcClient.java:createBucket(448)) - Creating Bucket: watchforcommithandlingtest/watchforcommithandlingtest, with Versioning false and Storage Type set to DISK and Encryption set to false 
2020-05-19 11:14:28,645 [Listener at 127.0.0.1/37943] INFO  ozone.MiniOzoneClusterImpl (MiniOzoneClusterImpl.java:getStorageContainerLocationClient(289)) - Creating StorageContainerLocationProtocol RPC client with address /0.0.0.0:35989
2020-05-19 11:14:28,672 [Listener at 127.0.0.1/37943] INFO  impl.MetricsSystemImpl (MetricsSystemImpl.java:init(158)) - XceiverClientMetrics metrics system started (again)
2020-05-19 11:14:30,417 [EventQueue-Delayed safe mode statusForReplicationManager] INFO  container.ReplicationManager (ReplicationManager.java:start(167)) - Starting Replication Monitor Thread.
2020-05-19 11:14:30,421 [ReplicationMonitor] INFO  container.ReplicationManager (ReplicationManager.java:run(230)) - Replication Monitor Thread took 4 milliseconds for processing 1 containers.
2020-05-19 11:14:30,481 [java.util.concurrent.ThreadPoolExecutor$Worker@55d97825[State = -1, empty queue]] WARN  server.GrpcLogAppender (GrpcLogAppender.java:timeoutAppendRequest(213)) - b222990a-b011-47ff-ab7a-a224028f082b@group-F21A3269C2D6->c7f9f9ae-13db-4a4f-b6b5-da79ea29c525-GrpcLogAppender:  appendEntries Timeout, request=AppendEntriesRequest:cid=1,entriesCount=1,lastEntry=(t:3, i:0)
2020-05-19 11:14:31,811 [java.util.concurrent.ThreadPoolExecutor$Worker@55d97825[State = -1, empty queue]] WARN  server.GrpcLogAppender (GrpcLogAppender.java:timeoutAppendRequest(213)) - b222990a-b011-47ff-ab7a-a224028f082b@group-F21A3269C2D6->c7f9f9ae-13db-4a4f-b6b5-da79ea29c525-GrpcLogAppender:  appendEntries Timeout, request=AppendEntriesRequest:cid=2,entriesCount=1,lastEntry=(t:3, i:1)
2020-05-19 11:14:31,819 [java.util.concurrent.ThreadPoolExecutor$Worker@55d97825[State = -1, empty queue]] WARN  server.GrpcLogAppender (GrpcLogAppender.java:timeoutAppendRequest(213)) - b222990a-b011-47ff-ab7a-a224028f082b@group-F21A3269C2D6->c7f9f9ae-13db-4a4f-b6b5-da79ea29c525-GrpcLogAppender:  appendEntries Timeout, request=AppendEntriesRequest:cid=3,entriesCount=1,lastEntry=(t:3, i:2)
2020-05-19 11:14:31,945 [Datanode State Machine Thread - 0] INFO  statemachine.DatanodeStateMachine (DatanodeStateMachine.java:lambda$startDaemon$0(376)) - Ozone container server started.
2020-05-19 11:14:36,339 [Listener at 127.0.0.1/37943] INFO  ozoneimpl.OzoneContainer (OzoneContainer.java:stop(246)) - Attempting to stop container services.
2020-05-19 11:14:36,340 [Listener at 127.0.0.1/37943] INFO  impl.RaftServerProxy (RaftServerProxy.java:lambda$close$4(314)) - 61f480d7-b341-430b-a013-8e50b22c389b: close
2020-05-19 11:14:36,343 [Listener at 127.0.0.1/37943] INFO  impl.RaftServerImpl (RaftServerImpl.java:lambda$shutdown$3(250)) - 61f480d7-b341-430b-a013-8e50b22c389b@group-A8C627FE8A13: shutdown
2020-05-19 11:14:36,343 [Listener at 127.0.0.1/37943] INFO  util.JmxRegister (JmxRegister.java:unregister(73)) - Successfully un-registered JMX Bean with object name Ratis:service=RaftServer,group=group-A8C627FE8A13,id=61f480d7-b341-430b-a013-8e50b22c389b
2020-05-19 11:14:36,343 [Listener at 127.0.0.1/37943] INFO  impl.RoleInfo (RoleInfo.java:shutdownLeaderState(104)) - 61f480d7-b341-430b-a013-8e50b22c389b: shutdown LeaderState
2020-05-19 11:14:36,344 [Listener at 127.0.0.1/37943] INFO  impl.PendingRequests (PendingRequests.java:sendNotLeaderResponses(242)) - 61f480d7-b341-430b-a013-8e50b22c389b@group-A8C627FE8A13-PendingRequests: sendNotLeaderResponses
2020-05-19 11:14:36,345 [Listener at 127.0.0.1/37943] INFO  metrics.RatisMetrics (RatisMetrics.java:unregister(46)) - Unregistering Metrics Registry : ratis.log_appender.61f480d7-b341-430b-a013-8e50b22c389b@group-A8C627FE8A13
2020-05-19 11:14:36,346 [Listener at 127.0.0.1/37943] INFO  impl.StateMachineUpdater (StateMachineUpdater.java:stopAndJoin(142)) - 61f480d7-b341-430b-a013-8e50b22c389b@group-A8C627FE8A13-StateMachineUpdater: set stopIndex = 0
2020-05-19 11:14:36,346 [61f480d7-b341-430b-a013-8e50b22c389b@group-A8C627FE8A13-StateMachineUpdater] INFO  ratis.ContainerStateMachine (ContainerStateMachine.java:takeSnapshot(288)) - group-A8C627FE8A13: Taking a snapshot at:(t:1, i:0) file /github/workspace/mnt/ozone/hadoop-ozone/integration-test/target/test-dir/MiniOzoneClusterImpl-d714e1e1-ed47-4185-a09b-7372fd6773c3/datanode-1/data/ratis/7e817f20-0fbb-4984-9a64-a8c627fe8a13/sm/snapshot.1_0
2020-05-19 11:14:36,466 [61f480d7-b341-430b-a013-8e50b22c389b@group-A8C627FE8A13-StateMachineUpdater] INFO  ratis.ContainerStateMachine (ContainerStateMachine.java:takeSnapshot(299)) - group-A8C627FE8A13: Finished taking a snapshot at:(t:1, i:0) file:/github/workspace/mnt/ozone/hadoop-ozone/integration-test/target/test-dir/MiniOzoneClusterImpl-d714e1e1-ed47-4185-a09b-7372fd6773c3/datanode-1/data/ratis/7e817f20-0fbb-4984-9a64-a8c627fe8a13/sm/snapshot.1_0 time:119
2020-05-19 11:14:36,467 [61f480d7-b341-430b-a013-8e50b22c389b@group-A8C627FE8A13-StateMachineUpdater] INFO  impl.StateMachineUpdater (StateMachineUpdater.java:takeSnapshot(277)) - 61f480d7-b341-430b-a013-8e50b22c389b@group-A8C627FE8A13-StateMachineUpdater: Took a snapshot at index 0
2020-05-19 11:14:36,469 [61f480d7-b341-430b-a013-8e50b22c389b@group-A8C627FE8A13-StateMachineUpdater] INFO  impl.StateMachineUpdater (StateMachineUpdater.java:lambda$new$0(87)) - 61f480d7-b341-430b-a013-8e50b22c389b@group-A8C627FE8A13-StateMachineUpdater: snapshotIndex: updateIncreasingly -1 -> 0
2020-05-19 11:14:36,471 [61f480d7-b341-430b-a013-8e50b22c389b@group-A8C627FE8A13-StateMachineUpdater] INFO  metrics.RatisMetrics (RatisMetrics.java:unregister(46)) - Unregistering Metrics Registry : ratis.state_machine.61f480d7-b341-430b-a013-8e50b22c389b@group-A8C627FE8A13
2020-05-19 11:14:36,471 [Listener at 127.0.0.1/37943] INFO  impl.RaftServerImpl (ServerState.java:close(387)) - 61f480d7-b341-430b-a013-8e50b22c389b@group-A8C627FE8A13: closes. applyIndex: 0
2020-05-19 11:14:36,473 [61f480d7-b341-430b-a013-8e50b22c389b@group-A8C627FE8A13-SegmentedRaftLogWorker] INFO  segmented.SegmentedRaftLogWorker (SegmentedRaftLogWorker.java:run(321)) - 61f480d7-b341-430b-a013-8e50b22c389b@group-A8C627FE8A13-SegmentedRaftLogWorker was interrupted, exiting. There are 0 tasks remaining in the queue.
2020-05-19 11:14:36,474 [Listener at 127.0.0.1/37943] INFO  segmented.SegmentedRaftLogWorker (SegmentedRaftLogWorker.java:close(229)) - 61f480d7-b341-430b-a013-8e50b22c389b@group-A8C627FE8A13-SegmentedRaftLogWorker close()
2020-05-19 11:14:36,475 [Listener at 127.0.0.1/37943] INFO  metrics.RatisMetrics (RatisMetrics.java:unregister(46)) - Unregistering Metrics Registry : ratis.log_worker.61f480d7-b341-430b-a013-8e50b22c389b
2020-05-19 11:14:36,475 [Listener at 127.0.0.1/37943] INFO  metrics.RatisMetrics (RatisMetrics.java:unregister(46)) - Unregistering Metrics Registry : ratis.leader_election.61f480d7-b341-430b-a013-8e50b22c389b@group-A8C627FE8A13
2020-05-19 11:14:36,475 [Listener at 127.0.0.1/37943] INFO  metrics.RatisMetrics (RatisMetrics.java:unregister(46)) - Unregistering Metrics Registry : ratis.server.61f480d7-b341-430b-a013-8e50b22c389b@group-A8C627FE8A13
2020-05-19 11:14:36,475 [Listener at 127.0.0.1/37943] INFO  impl.RaftServerImpl (RaftServerImpl.java:lambda$shutdown$3(250)) - 61f480d7-b341-430b-a013-8e50b22c389b@group-F21A3269C2D6: shutdown
2020-05-19 11:14:36,475 [Listener at 127.0.0.1/37943] INFO  util.JmxRegister (JmxRegister.java:unregister(73)) - Successfully un-registered JMX Bean with object name Ratis:service=RaftServer,group=group-F21A3269C2D6,id=61f480d7-b341-430b-a013-8e50b22c389b
2020-05-19 11:14:36,476 [Listener at 127.0.0.1/37943] INFO  impl.RoleInfo (RoleInfo.java:shutdownFollowerState(121)) - 61f480d7-b341-430b-a013-8e50b22c389b: shutdown FollowerState
2020-05-19 11:14:36,476 [Thread-219] INFO  impl.FollowerState (FollowerState.java:run(117)) - 61f480d7-b341-430b-a013-8e50b22c389b@group-F21A3269C2D6-FollowerState was interrupted: java.lang.InterruptedException: sleep interrupted
2020-05-19 11:14:36,476 [61f480d7-b341-430b-a013-8e50b22c389b@group-F21A3269C2D6-StateMachineUpdater] INFO  ratis.ContainerStateMachine (ContainerStateMachine.java:takeSnapshot(288)) - group-F21A3269C2D6: Taking a snapshot at:(t:3, i:2) file /github/workspace/mnt/ozone/hadoop-ozone/integration-test/target/test-dir/MiniOzoneClusterImpl-d714e1e1-ed47-4185-a09b-7372fd6773c3/datanode-1/data/ratis/788144e9-ecc5-4570-b3fd-f21a3269c2d6/sm/snapshot.3_2
2020-05-19 11:14:36,480 [Listener at 127.0.0.1/37943] INFO  impl.StateMachineUpdater (StateMachineUpdater.java:stopAndJoin(142)) - 61f480d7-b341-430b-a013-8e50b22c389b@group-F21A3269C2D6-StateMachineUpdater: set stopIndex = 2
2020-05-19 11:14:36,480 [61f480d7-b341-430b-a013-8e50b22c389b@group-F21A3269C2D6-StateMachineUpdater] INFO  ratis.ContainerStateMachine (ContainerStateMachine.java:takeSnapshot(299)) - group-F21A3269C2D6: Finished taking a snapshot at:(t:3, i:2) file:/github/workspace/mnt/ozone/hadoop-ozone/integration-test/target/test-dir/MiniOzoneClusterImpl-d714e1e1-ed47-4185-a09b-7372fd6773c3/datanode-1/data/ratis/788144e9-ecc5-4570-b3fd-f21a3269c2d6/sm/snapshot.3_2 time:4
2020-05-19 11:14:36,480 [61f480d7-b341-430b-a013-8e50b22c389b@group-F21A3269C2D6-StateMachineUpdater] INFO  impl.StateMachineUpdater (StateMachineUpdater.java:takeSnapshot(277)) - 61f480d7-b341-430b-a013-8e50b22c389b@group-F21A3269C2D6-StateMachineUpdater: Took a snapshot at index 2
2020-05-19 11:14:36,481 [61f480d7-b341-430b-a013-8e50b22c389b@group-F21A3269C2D6-StateMachineUpdater] INFO  impl.StateMachineUpdater (StateMachineUpdater.java:lambda$new$0(87)) - 61f480d7-b341-430b-a013-8e50b22c389b@group-F21A3269C2D6-StateMachineUpdater: snapshotIndex: updateIncreasingly -1 -> 2
2020-05-19 11:14:36,481 [61f480d7-b341-430b-a013-8e50b22c389b@group-F21A3269C2D6-StateMachineUpdater] INFO  metrics.RatisMetrics (RatisMetrics.java:unregister(46)) - Unregistering Metrics Registry : ratis.state_machine.61f480d7-b341-430b-a013-8e50b22c389b@group-F21A3269C2D6
2020-05-19 11:14:36,482 [Listener at 127.0.0.1/37943] INFO  impl.RaftServerImpl (ServerState.java:close(387)) - 61f480d7-b341-430b-a013-8e50b22c389b@group-F21A3269C2D6: closes. applyIndex: 2
2020-05-19 11:14:36,482 [61f480d7-b341-430b-a013-8e50b22c389b@group-F21A3269C2D6-SegmentedRaftLogWorker] INFO  segmented.SegmentedRaftLogWorker (SegmentedRaftLogWorker.java:run(321)) - 61f480d7-b341-430b-a013-8e50b22c389b@group-F21A3269C2D6-SegmentedRaftLogWorker was interrupted, exiting. There are 0 tasks remaining in the queue.
2020-05-19 11:14:36,482 [Listener at 127.0.0.1/37943] INFO  segmented.SegmentedRaftLogWorker (SegmentedRaftLogWorker.java:close(229)) - 61f480d7-b341-430b-a013-8e50b22c389b@group-F21A3269C2D6-SegmentedRaftLogWorker close()
2020-05-19 11:14:36,483 [Listener at 127.0.0.1/37943] INFO  metrics.RatisMetrics (RatisMetrics.java:unregister(46)) - Unregistering Metrics Registry : ratis.log_worker.61f480d7-b341-430b-a013-8e50b22c389b
2020-05-19 11:14:36,484 [Listener at 127.0.0.1/37943] INFO  metrics.RatisMetrics (RatisMetrics.java:unregister(46)) - Unregistering Metrics Registry : ratis.leader_election.61f480d7-b341-430b-a013-8e50b22c389b@group-F21A3269C2D6
2020-05-19 11:14:36,484 [Listener at 127.0.0.1/37943] INFO  metrics.RatisMetrics (RatisMetrics.java:unregister(46)) - Unregistering Metrics Registry : ratis.server.61f480d7-b341-430b-a013-8e50b22c389b@group-F21A3269C2D6
2020-05-19 11:14:36,484 [Listener at 127.0.0.1/37943] INFO  server.GrpcService (GrpcService.java:closeImpl(165)) - 61f480d7-b341-430b-a013-8e50b22c389b: shutdown server with port 34885 now
2020-05-19 11:14:36,496 [grpc-default-executor-2] WARN  server.GrpcServerProtocolService (LogUtils.java:warn(122)) - 61f480d7-b341-430b-a013-8e50b22c389b: installSnapshot onError, lastRequest: b222990a-b011-47ff-ab7a-a224028f082b->61f480d7-b341-430b-a013-8e50b22c389b#3-t3, previous=(t:3, i:1), leaderCommit=1, initializing? false, entries: size=1, first=(t:3, i:2), METADATAENTRY(c:1): org.apache.ratis.thirdparty.io.grpc.StatusRuntimeException: CANCELLED: cancelled before receiving half close
2020-05-19 11:14:36,501 [grpc-default-executor-1] WARN  server.GrpcLogAppender (LogUtils.java:warn(122)) - b222990a-b011-47ff-ab7a-a224028f082b@group-F21A3269C2D6->61f480d7-b341-430b-a013-8e50b22c389b-AppendLogResponseHandler: Failed appendEntries: org.apache.ratis.thirdparty.io.grpc.StatusRuntimeException: CANCELLED: HTTP/2 error code: CANCEL
Received Rst Stream
2020-05-19 11:14:36,511 [grpc-default-executor-1] INFO  impl.FollowerInfo (FollowerInfo.java:lambda$new$0(50)) - b222990a-b011-47ff-ab7a-a224028f082b@group-F21A3269C2D6->61f480d7-b341-430b-a013-8e50b22c389b: nextIndex: updateUnconditionally 3 -> 2
2020-05-19 11:14:36,514 [Listener at 127.0.0.1/37943] INFO  server.GrpcService (GrpcService.java:closeImpl(173)) - 61f480d7-b341-430b-a013-8e50b22c389b: shutdown server with port 34885 successfully
2020-05-19 11:14:36,515 [Listener at 127.0.0.1/37943] INFO  utils.BackgroundService (BackgroundService.java:shutdown(157)) - Shutting down service BlockDeletingService
2020-05-19 11:14:36,517 [Listener at 127.0.0.1/37943] INFO  statemachine.DatanodeStateMachine (DatanodeStateMachine.java:stopDaemon(424)) - Ozone container server stopped.
2020-05-19 11:14:36,521 [Listener at 127.0.0.1/37943] INFO  handler.ContextHandler (ContextHandler.java:doStop(1016)) - Stopped o.e.j.w.WebAppContext@26993032{hddsDatanode,/,null,UNAVAILABLE}{jar:file:/home/user/.m2/repository/org/apache/hadoop/hadoop-hdds-container-service/0.6.0-SNAPSHOT/hadoop-hdds-container-service-0.6.0-SNAPSHOT.jar!/webapps/hddsDatanode}
2020-05-19 11:14:36,526 [Listener at 127.0.0.1/37943] INFO  server.AbstractConnector (AbstractConnector.java:doStop(380)) - Stopped ServerConnector@4912e06e{HTTP/1.1,[http/1.1]}{0.0.0.0:0}
2020-05-19 11:14:36,526 [Listener at 127.0.0.1/37943] INFO  server.session (HouseKeeper.java:stopScavenging(158)) - node0 Stopped scavenging
2020-05-19 11:14:36,526 [Listener at 127.0.0.1/37943] INFO  handler.ContextHandler (ContextHandler.java:doStop(1016)) - Stopped o.e.j.s.ServletContextHandler@7ec765cd{static,/static,jar:file:/home/user/.m2/repository/org/apache/hadoop/hadoop-hdds-container-service/0.6.0-SNAPSHOT/hadoop-hdds-container-service-0.6.0-SNAPSHOT.jar!/webapps/static,UNAVAILABLE}
2020-05-19 11:14:36,527 [Listener at 127.0.0.1/37943] INFO  handler.ContextHandler (ContextHandler.java:doStop(1016)) - Stopped o.e.j.s.ServletContextHandler@67c19ae2{logs,/logs,file:///github/workspace/mnt/ozone/hadoop-ozone/integration-test/target/log,UNAVAILABLE}
2020-05-19 11:14:36,551 [grpc-default-executor-2] WARN  server.GrpcLogAppender (LogUtils.java:warn(122)) - b222990a-b011-47ff-ab7a-a224028f082b@group-F21A3269C2D6->61f480d7-b341-430b-a013-8e50b22c389b-AppendLogResponseHandler: Failed appendEntries: org.apache.ratis.thirdparty.io.grpc.StatusRuntimeException: UNAVAILABLE: io exception
2020-05-19 11:14:36,553 [grpc-default-executor-2] INFO  impl.FollowerInfo (FollowerInfo.java:lambda$new$0(50)) - b222990a-b011-47ff-ab7a-a224028f082b@group-F21A3269C2D6->61f480d7-b341-430b-a013-8e50b22c389b: nextIndex: updateUnconditionally 3 -> 2
2020-05-19 11:14:39,040 [grpc-default-executor-2] WARN  server.GrpcLogAppender (LogUtils.java:warn(122)) - b222990a-b011-47ff-ab7a-a224028f082b@group-F21A3269C2D6->61f480d7-b341-430b-a013-8e50b22c389b-AppendLogResponseHandler: Failed appendEntries: org.apache.ratis.thirdparty.io.grpc.StatusRuntimeException: UNAVAILABLE: io exception
2020-05-19 11:14:39,042 [grpc-default-executor-2] INFO  impl.FollowerInfo (FollowerInfo.java:lambda$new$0(50)) - b222990a-b011-47ff-ab7a-a224028f082b@group-F21A3269C2D6->61f480d7-b341-430b-a013-8e50b22c389b: nextIndex: updateUnconditionally 3 -> 2
2020-05-19 11:14:41,543 [grpc-default-executor-1] WARN  server.GrpcLogAppender (LogUtils.java:warn(122)) - b222990a-b011-47ff-ab7a-a224028f082b@group-F21A3269C2D6->61f480d7-b341-430b-a013-8e50b22c389b-AppendLogResponseHandler: Failed appendEntries: org.apache.ratis.thirdparty.io.grpc.StatusRuntimeException: UNAVAILABLE: io exception
2020-05-19 11:14:41,549 [grpc-default-executor-1] INFO  impl.FollowerInfo (FollowerInfo.java:lambda$new$0(50)) - b222990a-b011-47ff-ab7a-a224028f082b@group-F21A3269C2D6->61f480d7-b341-430b-a013-8e50b22c389b: nextIndex: updateUnconditionally 3 -> 2
2020-05-19 11:14:44,047 [grpc-default-executor-2] WARN  server.GrpcLogAppender (LogUtils.java:warn(122)) - b222990a-b011-47ff-ab7a-a224028f082b@group-F21A3269C2D6->61f480d7-b341-430b-a013-8e50b22c389b-AppendLogResponseHandler: Failed appendEntries: org.apache.ratis.thirdparty.io.grpc.StatusRuntimeException: UNAVAILABLE: io exception
2020-05-19 11:14:44,049 [grpc-default-executor-2] INFO  impl.FollowerInfo (FollowerInfo.java:lambda$new$0(50)) - b222990a-b011-47ff-ab7a-a224028f082b@group-F21A3269C2D6->61f480d7-b341-430b-a013-8e50b22c389b: nextIndex: updateUnconditionally 3 -> 2
2020-05-19 11:14:44,537 [java.util.concurrent.ThreadPoolExecutor$Worker@55d97825[State = -1, empty queue]] WARN  server.GrpcLogAppender (GrpcLogAppender.java:timeoutAppendRequest(213)) - b222990a-b011-47ff-ab7a-a224028f082b@group-F21A3269C2D6->c7f9f9ae-13db-4a4f-b6b5-da79ea29c525-GrpcLogAppender:  appendEntries Timeout, request=AppendEntriesRequest:cid=7,entriesCount=1,lastEntry=(t:3, i:3)
2020-05-19 11:14:46,551 [grpc-default-executor-1] WARN  server.GrpcLogAppender (LogUtils.java:warn(122)) - b222990a-b011-47ff-ab7a-a224028f082b@group-F21A3269C2D6->61f480d7-b341-430b-a013-8e50b22c389b-AppendLogResponseHandler: Failed appendEntries: org.apache.ratis.thirdparty.io.grpc.StatusRuntimeException: UNAVAILABLE: io exception
2020-05-19 11:14:46,552 [grpc-default-executor-1] INFO  impl.FollowerInfo (FollowerInfo.java:lambda$new$0(50)) - b222990a-b011-47ff-ab7a-a224028f082b@group-F21A3269C2D6->61f480d7-b341-430b-a013-8e50b22c389b: nextIndex: updateUnconditionally 3 -> 2
2020-05-19 11:14:49,052 [grpc-default-executor-2] WARN  server.GrpcLogAppender (LogUtils.java:warn(122)) - b222990a-b011-47ff-ab7a-a224028f082b@group-F21A3269C2D6->61f480d7-b341-430b-a013-8e50b22c389b-AppendLogResponseHandler: Failed appendEntries: org.apache.ratis.thirdparty.io.grpc.StatusRuntimeException: UNAVAILABLE: io exception
2020-05-19 11:14:49,053 [grpc-default-executor-2] INFO  impl.FollowerInfo (FollowerInfo.java:lambda$new$0(50)) - b222990a-b011-47ff-ab7a-a224028f082b@group-F21A3269C2D6->61f480d7-b341-430b-a013-8e50b22c389b: nextIndex: updateUnconditionally 3 -> 2
2020-05-19 11:14:51,555 [grpc-default-executor-1] WARN  server.GrpcLogAppender (LogUtils.java:warn(122)) - b222990a-b011-47ff-ab7a-a224028f082b@group-F21A3269C2D6->61f480d7-b341-430b-a013-8e50b22c389b-AppendLogResponseHandler: Failed appendEntries: org.apache.ratis.thirdparty.io.grpc.StatusRuntimeException: UNAVAILABLE: io exception
2020-05-19 11:14:51,556 [grpc-default-executor-1] INFO  impl.FollowerInfo (FollowerInfo.java:lambda$new$0(50)) - b222990a-b011-47ff-ab7a-a224028f082b@group-F21A3269C2D6->61f480d7-b341-430b-a013-8e50b22c389b: nextIndex: updateUnconditionally 3 -> 2
2020-05-19 11:14:54,060 [grpc-default-executor-2] WARN  server.GrpcLogAppender (LogUtils.java:warn(122)) - b222990a-b011-47ff-ab7a-a224028f082b@group-F21A3269C2D6->61f480d7-b341-430b-a013-8e50b22c389b-AppendLogResponseHandler: Failed appendEntries: org.apache.ratis.thirdparty.io.grpc.StatusRuntimeException: UNAVAILABLE: io exception
2020-05-19 11:14:54,062 [grpc-default-executor-2] INFO  impl.FollowerInfo (FollowerInfo.java:lambda$new$0(50)) - b222990a-b011-47ff-ab7a-a224028f082b@group-F21A3269C2D6->61f480d7-b341-430b-a013-8e50b22c389b: nextIndex: updateUnconditionally 3 -> 2
2020-05-19 11:14:56,563 [grpc-default-executor-2] WARN  server.GrpcLogAppender (LogUtils.java:warn(122)) - b222990a-b011-47ff-ab7a-a224028f082b@group-F21A3269C2D6->61f480d7-b341-430b-a013-8e50b22c389b-AppendLogResponseHandler: Failed appendEntries: org.apache.ratis.thirdparty.io.grpc.StatusRuntimeException: UNAVAILABLE: io exception
2020-05-19 11:14:56,566 [grpc-default-executor-2] INFO  impl.FollowerInfo (FollowerInfo.java:lambda$new$0(50)) - b222990a-b011-47ff-ab7a-a224028f082b@group-F21A3269C2D6->61f480d7-b341-430b-a013-8e50b22c389b: nextIndex: updateUnconditionally 3 -> 2
2020-05-19 11:14:59,065 [grpc-default-executor-1] WARN  server.GrpcLogAppender (LogUtils.java:warn(122)) - b222990a-b011-47ff-ab7a-a224028f082b@group-F21A3269C2D6->61f480d7-b341-430b-a013-8e50b22c389b-AppendLogResponseHandler: Failed appendEntries: org.apache.ratis.thirdparty.io.grpc.StatusRuntimeException: UNAVAILABLE: io exception
2020-05-19 11:14:59,066 [grpc-default-executor-1] INFO  impl.FollowerInfo (FollowerInfo.java:lambda$new$0(50)) - b222990a-b011-47ff-ab7a-a224028f082b@group-F21A3269C2D6->61f480d7-b341-430b-a013-8e50b22c389b: nextIndex: updateUnconditionally 3 -> 2
2020-05-19 11:15:01,568 [grpc-default-executor-2] WARN  server.GrpcLogAppender (LogUtils.java:warn(122)) - b222990a-b011-47ff-ab7a-a224028f082b@group-F21A3269C2D6->61f480d7-b341-430b-a013-8e50b22c389b-AppendLogResponseHandler: Failed appendEntries: org.apache.ratis.thirdparty.io.grpc.StatusRuntimeException: UNAVAILABLE: io exception
2020-05-19 11:15:01,570 [grpc-default-executor-2] INFO  impl.FollowerInfo (FollowerInfo.java:lambda$new$0(50)) - b222990a-b011-47ff-ab7a-a224028f082b@group-F21A3269C2D6->61f480d7-b341-430b-a013-8e50b22c389b: nextIndex: updateUnconditionally 3 -> 2
2020-05-19 11:15:04,071 [grpc-default-executor-2] WARN  server.GrpcLogAppender (LogUtils.java:warn(122)) - b222990a-b011-47ff-ab7a-a224028f082b@group-F21A3269C2D6->61f480d7-b341-430b-a013-8e50b22c389b-AppendLogResponseHandler: Failed appendEntries: org.apache.ratis.thirdparty.io.grpc.StatusRuntimeException: UNAVAILABLE: io exception
2020-05-19 11:15:04,072 [grpc-default-executor-2] INFO  impl.FollowerInfo (FollowerInfo.java:lambda$new$0(50)) - b222990a-b011-47ff-ab7a-a224028f082b@group-F21A3269C2D6->61f480d7-b341-430b-a013-8e50b22c389b: nextIndex: updateUnconditionally 3 -> 2
2020-05-19 11:15:06,574 [grpc-default-executor-1] WARN  server.GrpcLogAppender (LogUtils.java:warn(122)) - b222990a-b011-47ff-ab7a-a224028f082b@group-F21A3269C2D6->61f480d7-b341-430b-a013-8e50b22c389b-AppendLogResponseHandler: Failed appendEntries: org.apache.ratis.thirdparty.io.grpc.StatusRuntimeException: UNAVAILABLE: io exception
2020-05-19 11:15:06,576 [grpc-default-executor-1] INFO  impl.FollowerInfo (FollowerInfo.java:lambda$new$0(50)) - b222990a-b011-47ff-ab7a-a224028f082b@group-F21A3269C2D6->61f480d7-b341-430b-a013-8e50b22c389b: nextIndex: updateUnconditionally 3 -> 2
2020-05-19 11:15:09,078 [grpc-default-executor-2] WARN  server.GrpcLogAppender (LogUtils.java:warn(122)) - b222990a-b011-47ff-ab7a-a224028f082b@group-F21A3269C2D6->61f480d7-b341-430b-a013-8e50b22c389b-AppendLogResponseHandler: Failed appendEntries: org.apache.ratis.thirdparty.io.grpc.StatusRuntimeException: UNAVAILABLE: io exception
2020-05-19 11:15:09,079 [grpc-default-executor-2] INFO  impl.FollowerInfo (FollowerInfo.java:lambda$new$0(50)) - b222990a-b011-47ff-ab7a-a224028f082b@group-F21A3269C2D6->61f480d7-b341-430b-a013-8e50b22c389b: nextIndex: updateUnconditionally 3 -> 2
2020-05-19 11:15:11,581 [grpc-default-executor-1] WARN  server.GrpcLogAppender (LogUtils.java:warn(122)) - b222990a-b011-47ff-ab7a-a224028f082b@group-F21A3269C2D6->61f480d7-b341-430b-a013-8e50b22c389b-AppendLogResponseHandler: Failed appendEntries: org.apache.ratis.thirdparty.io.grpc.StatusRuntimeException: UNAVAILABLE: io exception
2020-05-19 11:15:11,583 [grpc-default-executor-1] INFO  impl.FollowerInfo (FollowerInfo.java:lambda$new$0(50)) - b222990a-b011-47ff-ab7a-a224028f082b@group-F21A3269C2D6->61f480d7-b341-430b-a013-8e50b22c389b: nextIndex: updateUnconditionally 3 -> 2
2020-05-19 11:15:14,085 [grpc-default-executor-2] WARN  server.GrpcLogAppender (LogUtils.java:warn(122)) - b222990a-b011-47ff-ab7a-a224028f082b@group-F21A3269C2D6->61f480d7-b341-430b-a013-8e50b22c389b-AppendLogResponseHandler: Failed appendEntries: org.apache.ratis.thirdparty.io.grpc.StatusRuntimeException: UNAVAILABLE: io exception
2020-05-19 11:15:14,087 [grpc-default-executor-2] INFO  impl.FollowerInfo (FollowerInfo.java:lambda$new$0(50)) - b222990a-b011-47ff-ab7a-a224028f082b@group-F21A3269C2D6->61f480d7-b341-430b-a013-8e50b22c389b: nextIndex: updateUnconditionally 3 -> 2
2020-05-19 11:15:16,589 [grpc-default-executor-1] WARN  server.GrpcLogAppender (LogUtils.java:warn(122)) - b222990a-b011-47ff-ab7a-a224028f082b@group-F21A3269C2D6->61f480d7-b341-430b-a013-8e50b22c389b-AppendLogResponseHandler: Failed appendEntries: org.apache.ratis.thirdparty.io.grpc.StatusRuntimeException: UNAVAILABLE: io exception
2020-05-19 11:15:16,590 [grpc-default-executor-1] INFO  impl.FollowerInfo (FollowerInfo.java:lambda$new$0(50)) - b222990a-b011-47ff-ab7a-a224028f082b@group-F21A3269C2D6->61f480d7-b341-430b-a013-8e50b22c389b: nextIndex: updateUnconditionally 3 -> 2
2020-05-19 11:15:19,091 [grpc-default-executor-2] WARN  server.GrpcLogAppender (LogUtils.java:warn(122)) - b222990a-b011-47ff-ab7a-a224028f082b@group-F21A3269C2D6->61f480d7-b341-430b-a013-8e50b22c389b-AppendLogResponseHandler: Failed appendEntries: org.apache.ratis.thirdparty.io.grpc.StatusRuntimeException: UNAVAILABLE: io exception
2020-05-19 11:15:19,093 [grpc-default-executor-2] INFO  impl.FollowerInfo (FollowerInfo.java:lambda$new$0(50)) - b222990a-b011-47ff-ab7a-a224028f082b@group-F21A3269C2D6->61f480d7-b341-430b-a013-8e50b22c389b: nextIndex: updateUnconditionally 3 -> 2
2020-05-19 11:15:21,597 [grpc-default-executor-1] WARN  server.GrpcLogAppender (LogUtils.java:warn(122)) - b222990a-b011-47ff-ab7a-a224028f082b@group-F21A3269C2D6->61f480d7-b341-430b-a013-8e50b22c389b-AppendLogResponseHandler: Failed appendEntries: org.apache.ratis.thirdparty.io.grpc.StatusRuntimeException: UNAVAILABLE: io exception
2020-05-19 11:15:21,599 [grpc-default-executor-1] INFO  impl.FollowerInfo (FollowerInfo.java:lambda$new$0(50)) - b222990a-b011-47ff-ab7a-a224028f082b@group-F21A3269C2D6->61f480d7-b341-430b-a013-8e50b22c389b: nextIndex: updateUnconditionally 3 -> 2
2020-05-19 11:15:24,098 [grpc-default-executor-1] WARN  server.GrpcLogAppender (LogUtils.java:warn(122)) - b222990a-b011-47ff-ab7a-a224028f082b@group-F21A3269C2D6->61f480d7-b341-430b-a013-8e50b22c389b-AppendLogResponseHandler: Failed appendEntries: org.apache.ratis.thirdparty.io.grpc.StatusRuntimeException: UNAVAILABLE: io exception
2020-05-19 11:15:24,099 [grpc-default-executor-1] INFO  impl.FollowerInfo (FollowerInfo.java:lambda$new$0(50)) - b222990a-b011-47ff-ab7a-a224028f082b@group-F21A3269C2D6->61f480d7-b341-430b-a013-8e50b22c389b: nextIndex: updateUnconditionally 3 -> 2
2020-05-19 11:15:26,599 [grpc-default-executor-2] WARN  server.GrpcLogAppender (LogUtils.java:warn(122)) - b222990a-b011-47ff-ab7a-a224028f082b@group-F21A3269C2D6->61f480d7-b341-430b-a013-8e50b22c389b-AppendLogResponseHandler: Failed appendEntries: org.apache.ratis.thirdparty.io.grpc.StatusRuntimeException: UNAVAILABLE: io exception
2020-05-19 11:15:26,600 [grpc-default-executor-2] INFO  impl.FollowerInfo (FollowerInfo.java:lambda$new$0(50)) - b222990a-b011-47ff-ab7a-a224028f082b@group-F21A3269C2D6->61f480d7-b341-430b-a013-8e50b22c389b: nextIndex: updateUnconditionally 3 -> 2
2020-05-19 11:15:29,102 [grpc-default-executor-1] WARN  server.GrpcLogAppender (LogUtils.java:warn(122)) - b222990a-b011-47ff-ab7a-a224028f082b@group-F21A3269C2D6->61f480d7-b341-430b-a013-8e50b22c389b-AppendLogResponseHandler: Failed appendEntries: org.apache.ratis.thirdparty.io.grpc.StatusRuntimeException: UNAVAILABLE: io exception
2020-05-19 11:15:29,104 [grpc-default-executor-1] INFO  impl.FollowerInfo (FollowerInfo.java:lambda$new$0(50)) - b222990a-b011-47ff-ab7a-a224028f082b@group-F21A3269C2D6->61f480d7-b341-430b-a013-8e50b22c389b: nextIndex: updateUnconditionally 3 -> 2
2020-05-19 11:15:31,606 [grpc-default-executor-2] WARN  server.GrpcLogAppender (LogUtils.java:warn(122)) - b222990a-b011-47ff-ab7a-a224028f082b@group-F21A3269C2D6->61f480d7-b341-430b-a013-8e50b22c389b-AppendLogResponseHandler: Failed appendEntries: org.apache.ratis.thirdparty.io.grpc.StatusRuntimeException: UNAVAILABLE: io exception
2020-05-19 11:15:31,608 [grpc-default-executor-2] INFO  impl.FollowerInfo (FollowerInfo.java:lambda$new$0(50)) - b222990a-b011-47ff-ab7a-a224028f082b@group-F21A3269C2D6->61f480d7-b341-430b-a013-8e50b22c389b: nextIndex: updateUnconditionally 3 -> 2
2020-05-19 11:15:34,112 [grpc-default-executor-2] WARN  server.GrpcLogAppender (LogUtils.java:warn(122)) - b222990a-b011-47ff-ab7a-a224028f082b@group-F21A3269C2D6->61f480d7-b341-430b-a013-8e50b22c389b-AppendLogResponseHandler: Failed appendEntries: org.apache.ratis.thirdparty.io.grpc.StatusRuntimeException: UNAVAILABLE: io exception
2020-05-19 11:15:34,113 [grpc-default-executor-2] INFO  impl.FollowerInfo (FollowerInfo.java:lambda$new$0(50)) - b222990a-b011-47ff-ab7a-a224028f082b@group-F21A3269C2D6->61f480d7-b341-430b-a013-8e50b22c389b: nextIndex: updateUnconditionally 2 -> 1
2020-05-19 11:15:34,119 [grpc-default-executor-2] WARN  server.GrpcLogAppender (LogUtils.java:warn(122)) - b222990a-b011-47ff-ab7a-a224028f082b@group-F21A3269C2D6->61f480d7-b341-430b-a013-8e50b22c389b-AppendLogResponseHandler: Failed appendEntries: org.apache.ratis.thirdparty.io.grpc.StatusRuntimeException: UNAVAILABLE: io exception
2020-05-19 11:15:34,120 [grpc-default-executor-2] INFO  impl.FollowerInfo (FollowerInfo.java:lambda$new$0(50)) - b222990a-b011-47ff-ab7a-a224028f082b@group-F21A3269C2D6->61f480d7-b341-430b-a013-8e50b22c389b: nextIndex: updateUnconditionally 2 -> 1
2020-05-19 11:15:36,625 [grpc-default-executor-2] WARN  server.GrpcLogAppender (LogUtils.java:warn(122)) - b222990a-b011-47ff-ab7a-a224028f082b@group-F21A3269C2D6->61f480d7-b341-430b-a013-8e50b22c389b-AppendLogResponseHandler: Failed appendEntries: org.apache.ratis.thirdparty.io.grpc.StatusRuntimeException: UNAVAILABLE: io exception
2020-05-19 11:15:36,626 [grpc-default-executor-2] INFO  impl.FollowerInfo (FollowerInfo.java:lambda$new$0(50)) - b222990a-b011-47ff-ab7a-a224028f082b@group-F21A3269C2D6->61f480d7-b341-430b-a013-8e50b22c389b: nextIndex: updateUnconditionally 1 -> 0
2020-05-19 11:15:36,629 [grpc-default-executor-1] WARN  server.GrpcLogAppender (LogUtils.java:warn(122)) - b222990a-b011-47ff-ab7a-a224028f082b@group-F21A3269C2D6->61f480d7-b341-430b-a013-8e50b22c389b-AppendLogResponseHandler: Failed appendEntries: org.apache.ratis.thirdparty.io.grpc.StatusRuntimeException: UNAVAILABLE: io exception
2020-05-19 11:15:36,630 [grpc-default-executor-1] INFO  impl.FollowerInfo (FollowerInfo.java:lambda$new$0(50)) - b222990a-b011-47ff-ab7a-a224028f082b@group-F21A3269C2D6->61f480d7-b341-430b-a013-8e50b22c389b: nextIndex: updateUnconditionally 1 -> 0
2020-05-19 11:15:39,132 [grpc-default-executor-2] WARN  server.GrpcLogAppender (LogUtils.java:warn(122)) - b222990a-b011-47ff-ab7a-a224028f082b@group-F21A3269C2D6->61f480d7-b341-430b-a013-8e50b22c389b-AppendLogResponseHandler: Failed appendEntries: org.apache.ratis.thirdparty.io.grpc.StatusRuntimeException: UNAVAILABLE: io exception
2020-05-19 11:15:39,134 [grpc-default-executor-2] INFO  impl.FollowerInfo (FollowerInfo.java:lambda$new$0(50)) - b222990a-b011-47ff-ab7a-a224028f082b@group-F21A3269C2D6->61f480d7-b341-430b-a013-8e50b22c389b: nextIndex: updateUnconditionally 1 -> 0
2020-05-19 11:15:41,637 [grpc-default-executor-1] WARN  server.GrpcLogAppender (LogUtils.java:warn(122)) - b222990a-b011-47ff-ab7a-a224028f082b@group-F21A3269C2D6->61f480d7-b341-430b-a013-8e50b22c389b-AppendLogResponseHandler: Failed appendEntries: org.apache.ratis.thirdparty.io.grpc.StatusRuntimeException: UNAVAILABLE: io exception
2020-05-19 11:15:41,639 [grpc-default-executor-1] INFO  impl.FollowerInfo (FollowerInfo.java:lambda$new$0(50)) - b222990a-b011-47ff-ab7a-a224028f082b@group-F21A3269C2D6->61f480d7-b341-430b-a013-8e50b22c389b: nextIndex: updateUnconditionally 1 -> 0
]]></system-out>
    <system-err><![CDATA[ERROR StatusLogger No Log4j 2 configuration file found. Using default configuration (logging only errors to the console), or user programmatically provided configurations. Set system property 'log4j2.debug' to show Log4j 2 internal initialization logging. See https://logging.apache.org/log4j/2.x/manual/configuration.html for instructions on how to configure Log4j 2
May 19, 2020 11:14:36 AM org.apache.ratis.thirdparty.io.grpc.internal.SerializingExecutor run
SEVERE: Exception while executing runnable org.apache.ratis.thirdparty.io.grpc.internal.ServerImpl$JumpToApplicationThreadServerStreamListener$1Closed@48ff8895
org.apache.ratis.thirdparty.io.grpc.StatusRuntimeException: CANCELLED: call already cancelled
	at org.apache.ratis.thirdparty.io.grpc.Status.asRuntimeException(Status.java:524)
	at org.apache.ratis.thirdparty.io.grpc.stub.ServerCalls$ServerCallStreamObserverImpl.onCompleted(ServerCalls.java:368)
	at org.apache.ratis.grpc.server.GrpcServerProtocolService$ServerRequestStreamObserver.onError(GrpcServerProtocolService.java:145)
	at org.apache.ratis.thirdparty.io.grpc.stub.ServerCalls$StreamingServerCallHandler$StreamingServerCallListener.onCancel(ServerCalls.java:272)
	at org.apache.ratis.thirdparty.io.grpc.internal.ServerCallImpl$ServerStreamListenerImpl.closedInternal(ServerCallImpl.java:353)
	at org.apache.ratis.thirdparty.io.grpc.internal.ServerCallImpl$ServerStreamListenerImpl.closed(ServerCallImpl.java:341)
	at org.apache.ratis.thirdparty.io.grpc.internal.ServerImpl$JumpToApplicationThreadServerStreamListener$1Closed.runInContext(ServerImpl.java:867)
	at org.apache.ratis.thirdparty.io.grpc.internal.ContextRunnable.run(ContextRunnable.java:37)
	at org.apache.ratis.thirdparty.io.grpc.internal.SerializingExecutor.run(SerializingExecutor.java:123)
	at java.util.concurrent.ThreadPoolExecutor.runWorker(ThreadPoolExecutor.java:1149)
	at java.util.concurrent.ThreadPoolExecutor$Worker.run(ThreadPoolExecutor.java:624)
	at java.lang.Thread.run(Thread.java:748)

]]></system-err>
  </testcase>
</testsuite>