<?xml version="1.0" encoding="UTF-8"?>
<testsuite xmlns:xsi="http://www.w3.org/2001/XMLSchema-instance" xsi:noNamespaceSchemaLocation="https://maven.apache.org/surefire/maven-surefire-plugin/xsd/surefire-test-report.xsd" name="org.apache.hadoop.ozone.om.TestOzoneManagerBootstrap" time="141.542" tests="3" errors="1" skipped="0" failures="0">
  <properties>
    <property name="awt.toolkit" value="sun.awt.X11.XToolkit"/>
    <property name="file.encoding.pkg" value="sun.io"/>
    <property name="java.specification.version" value="1.8"/>
    <property name="sun.cpu.isalist" value=""/>
    <property name="sun.jnu.encoding" value="UTF-8"/>
    <property name="java.class.path" value="/home/runner/work/ozone/ozone/hadoop-ozone/integration-test/target/test-classes:/home/runner/work/ozone/ozone/hadoop-ozone/integration-test/target/classes:/home/runner/.m2/repository/org/apache/ozone/ozone-common/1.2.0-SNAPSHOT/ozone-common-1.2.0-SNAPSHOT.jar:/home/runner/.m2/repository/org/apache/commons/commons-compress/1.20/commons-compress-1.20.jar:/home/runner/.m2/repository/org/apache/ozone/hdds-common/1.2.0-SNAPSHOT/hdds-common-1.2.0-SNAPSHOT.jar:/home/runner/.m2/repository/org/apache/ozone/hdds-client/1.2.0-SNAPSHOT/hdds-client-1.2.0-SNAPSHOT.jar:/home/runner/.m2/repository/org/apache/ozone/ozone-interface-client/1.2.0-SNAPSHOT/ozone-interface-client-1.2.0-SNAPSHOT.jar:/home/runner/.m2/repository/org/apache/ozone/hdds-server-framework/1.2.0-SNAPSHOT/hdds-server-framework-1.2.0-SNAPSHOT.jar:/home/runner/.m2/repository/org/apache/ozone/hdds-interface-server/1.2.0-SNAPSHOT/hdds-interface-server-1.2.0-SNAPSHOT.jar:/home/runner/.m2/repository/org/eclipse/jetty/jetty-servlet/9.4.43.v20210629/jetty-servlet-9.4.43.v20210629.jar:/home/runner/.m2/repository/org/eclipse/jetty/jetty-security/9.4.43.v20210629/jetty-security-9.4.43.v20210629.jar:/home/runner/.m2/repository/org/rocksdb/rocksdbjni/6.20.3/rocksdbjni-6.20.3.jar:/home/runner/.m2/repository/io/prometheus/simpleclient_dropwizard/0.7.0/simpleclient_dropwizard-0.7.0.jar:/home/runner/.m2/repository/io/prometheus/simpleclient/0.7.0/simpleclient-0.7.0.jar:/home/runner/.m2/repository/io/prometheus/simpleclient_common/0.7.0/simpleclient_common-0.7.0.jar:/home/runner/.m2/repository/com/fasterxml/jackson/datatype/jackson-datatype-jsr310/2.12.1/jackson-datatype-jsr310-2.12.1.jar:/home/runner/.m2/repository/org/apache/ozone/hdds-test-utils/1.2.0-SNAPSHOT/hdds-test-utils-1.2.0-SNAPSHOT.jar:/home/runner/.m2/repository/com/google/guava/guava/30.1.1-jre/guava-30.1.1-jre.jar:/home/runner/.m2/repository/com/google/guava/failureaccess/1.0.1/failureaccess-1.0.1.jar:/home/runner/.m2/repository/com/google/guava/listenablefuture/9999.0-empty-to-avoid-conflict-with-guava/listenablefuture-9999.0-empty-to-avoid-conflict-with-guava.jar:/home/runner/.m2/repository/com/google/code/findbugs/jsr305/3.0.0/jsr305-3.0.0.jar:/home/runner/.m2/repository/org/checkerframework/checker-qual/3.8.0/checker-qual-3.8.0.jar:/home/runner/.m2/repository/com/google/errorprone/error_prone_annotations/2.2.0/error_prone_annotations-2.2.0.jar:/home/runner/.m2/repository/com/google/j2objc/j2objc-annotations/1.3/j2objc-annotations-1.3.jar:/home/runner/.m2/repository/commons-io/commons-io/2.8.0/commons-io-2.8.0.jar:/home/runner/.m2/repository/commons-logging/commons-logging/1.2/commons-logging-1.2.jar:/home/runner/.m2/repository/log4j/log4j/1.2.17/log4j-1.2.17.jar:/home/runner/.m2/repository/org/slf4j/slf4j-api/1.7.30/slf4j-api-1.7.30.jar:/home/runner/.m2/repository/org/apache/ozone/hdds-server-scm/1.2.0-SNAPSHOT/hdds-server-scm-1.2.0-SNAPSHOT.jar:/home/runner/.m2/repository/org/apache/ozone/hdds-container-service/1.2.0-SNAPSHOT/hdds-container-service-1.2.0-SNAPSHOT.jar:/home/runner/.m2/repository/org/apache/ozone/hdds-hadoop-dependency-server/1.2.0-SNAPSHOT/hdds-hadoop-dependency-server-1.2.0-SNAPSHOT.jar:/home/runner/.m2/repository/org/apache/hadoop/hadoop-hdfs/3.3.1/hadoop-hdfs-3.3.1.jar:/home/runner/.m2/repository/io/dropwizard/metrics/metrics-core/3.2.4/metrics-core-3.2.4.jar:/home/runner/.m2/repository/org/apache/hadoop/hadoop-hdfs-client/3.3.1/hadoop-hdfs-client-3.3.1.jar:/home/runner/.m2/repository/org/bouncycastle/bcprov-jdk15on/1.67/bcprov-jdk15on-1.67.jar:/home/runner/.m2/repository/com/google/protobuf/protobuf-java/2.5.0/protobuf-java-2.5.0.jar:/home/runner/.m2/repository/org/apache/ozone/ozone-manager/1.2.0-SNAPSHOT/ozone-manager-1.2.0-SNAPSHOT.jar:/home/runner/.m2/repository/org/aspectj/aspectjrt/1.8.9/aspectjrt-1.8.9.jar:/home/runner/.m2/repository/org/aspectj/aspectjweaver/1.8.9/aspectjweaver-1.8.9.jar:/home/runner/.m2/repository/org/apache/ozone/hdds-interface-client/1.2.0-SNAPSHOT/hdds-interface-client-1.2.0-SNAPSHOT.jar:/home/runner/.m2/repository/org/apache/hadoop/thirdparty/hadoop-shaded-protobuf_3_7/1.1.1/hadoop-shaded-protobuf_3_7-1.1.1.jar:/home/runner/.m2/repository/org/apache/ratis/ratis-thirdparty-misc/0.7.0/ratis-thirdparty-misc-0.7.0.jar:/home/runner/.m2/repository/org/apache/ozone/ozone-interface-storage/1.2.0-SNAPSHOT/ozone-interface-storage-1.2.0-SNAPSHOT.jar:/home/runner/.m2/repository/org/reflections/reflections/0.9.11/reflections-0.9.11.jar:/home/runner/.m2/repository/org/apache/hadoop/hadoop-minikdc/3.3.1/hadoop-minikdc-3.3.1.jar:/home/runner/.m2/repository/org/apache/kerby/kerb-simplekdc/1.0.1/kerb-simplekdc-1.0.1.jar:/home/runner/.m2/repository/org/apache/kerby/kerb-client/1.0.1/kerb-client-1.0.1.jar:/home/runner/.m2/repository/org/apache/kerby/kerby-config/1.0.1/kerby-config-1.0.1.jar:/home/runner/.m2/repository/org/apache/kerby/kerb-common/1.0.1/kerb-common-1.0.1.jar:/home/runner/.m2/repository/org/apache/kerby/kerb-crypto/1.0.1/kerb-crypto-1.0.1.jar:/home/runner/.m2/repository/org/apache/kerby/kerb-util/1.0.1/kerb-util-1.0.1.jar:/home/runner/.m2/repository/org/apache/kerby/token-provider/1.0.1/token-provider-1.0.1.jar:/home/runner/.m2/repository/org/apache/kerby/kerb-admin/1.0.1/kerb-admin-1.0.1.jar:/home/runner/.m2/repository/org/apache/kerby/kerb-server/1.0.1/kerb-server-1.0.1.jar:/home/runner/.m2/repository/org/apache/kerby/kerb-identity/1.0.1/kerb-identity-1.0.1.jar:/home/runner/.m2/repository/org/apache/kerby/kerby-xdr/1.0.1/kerby-xdr-1.0.1.jar:/home/runner/.m2/repository/org/slf4j/slf4j-log4j12/1.7.30/slf4j-log4j12-1.7.30.jar:/home/runner/.m2/repository/org/apache/ozone/ozone-s3gateway/1.2.0-SNAPSHOT/ozone-s3gateway-1.2.0-SNAPSHOT.jar:/home/runner/.m2/repository/org/javassist/javassist/3.21.0-GA/javassist-3.21.0-GA.jar:/home/runner/.m2/repository/org/jboss/weld/servlet/weld-servlet/2.4.7.Final/weld-servlet-2.4.7.Final.jar:/home/runner/.m2/repository/org/glassfish/jersey/containers/jersey-container-servlet-core/2.33/jersey-container-servlet-core-2.33.jar:/home/runner/.m2/repository/org/glassfish/hk2/external/jakarta.inject/2.6.1/jakarta.inject-2.6.1.jar:/home/runner/.m2/repository/org/glassfish/jersey/core/jersey-common/2.33/jersey-common-2.33.jar:/home/runner/.m2/repository/jakarta/ws/rs/jakarta.ws.rs-api/2.1.6/jakarta.ws.rs-api-2.1.6.jar:/home/runner/.m2/repository/org/glassfish/jersey/ext/cdi/jersey-cdi1x/2.33/jersey-cdi1x-2.33.jar:/home/runner/.m2/repository/org/glassfish/jersey/inject/jersey-hk2/2.33/jersey-hk2-2.33.jar:/home/runner/.m2/repository/org/glassfish/hk2/hk2-locator/2.6.1/hk2-locator-2.6.1.jar:/home/runner/.m2/repository/org/glassfish/jersey/media/jersey-media-jaxb/2.33/jersey-media-jaxb-2.33.jar:/home/runner/.m2/repository/org/glassfish/hk2/osgi-resource-locator/1.0.3/osgi-resource-locator-1.0.3.jar:/home/runner/.m2/repository/org/glassfish/hk2/hk2-api/2.5.0/hk2-api-2.5.0.jar:/home/runner/.m2/repository/org/glassfish/hk2/hk2-utils/2.5.0/hk2-utils-2.5.0.jar:/home/runner/.m2/repository/org/glassfish/hk2/external/aopalliance-repackaged/2.5.0/aopalliance-repackaged-2.5.0.jar:/home/runner/.m2/repository/com/fasterxml/jackson/dataformat/jackson-dataformat-xml/2.12.1/jackson-dataformat-xml-2.12.1.jar:/home/runner/.m2/repository/com/fasterxml/jackson/core/jackson-core/2.12.1/jackson-core-2.12.1.jar:/home/runner/.m2/repository/com/fasterxml/jackson/module/jackson-module-jaxb-annotations/2.12.1/jackson-module-jaxb-annotations-2.12.1.jar:/home/runner/.m2/repository/jakarta/xml/bind/jakarta.xml.bind-api/2.3.2/jakarta.xml.bind-api-2.3.2.jar:/home/runner/.m2/repository/org/codehaus/woodstox/stax2-api/3.1.4/stax2-api-3.1.4.jar:/home/runner/.m2/repository/com/fasterxml/woodstox/woodstox-core/5.0.3/woodstox-core-5.0.3.jar:/home/runner/.m2/repository/javax/enterprise/cdi-api/1.2/cdi-api-1.2.jar:/home/runner/.m2/repository/javax/el/javax.el-api/3.0.0/javax.el-api-3.0.0.jar:/home/runner/.m2/repository/javax/interceptor/javax.interceptor-api/1.2/javax.interceptor-api-1.2.jar:/home/runner/.m2/repository/javax/inject/javax.inject/1/javax.inject-1.jar:/home/runner/.m2/repository/javax/xml/bind/jaxb-api/2.3.0/jaxb-api-2.3.0.jar:/home/runner/.m2/repository/org/glassfish/jaxb/jaxb-runtime/2.3.0.1/jaxb-runtime-2.3.0.1.jar:/home/runner/.m2/repository/org/glassfish/jaxb/jaxb-core/2.3.0.1/jaxb-core-2.3.0.1.jar:/home/runner/.m2/repository/org/glassfish/jaxb/txw2/2.3.0.1/txw2-2.3.0.1.jar:/home/runner/.m2/repository/com/sun/istack/istack-commons-runtime/3.0.5/istack-commons-runtime-3.0.5.jar:/home/runner/.m2/repository/org/jvnet/staxex/stax-ex/1.7.8/stax-ex-1.7.8.jar:/home/runner/.m2/repository/com/sun/xml/fastinfoset/FastInfoset/1.2.13/FastInfoset-1.2.13.jar:/home/runner/.m2/repository/javax/activation/activation/1.1.1/activation-1.1.1.jar:/home/runner/.m2/repository/org/apache/ozone/ozone-csi/1.2.0-SNAPSHOT/ozone-csi-1.2.0-SNAPSHOT.jar:/home/runner/.m2/repository/com/google/protobuf/protobuf-java-util/3.12.0/protobuf-java-util-3.12.0.jar:/home/runner/.m2/repository/com/google/code/gson/gson/2.2.4/gson-2.2.4.jar:/home/runner/.m2/repository/org/apache/ozone/hdds-config/1.2.0-SNAPSHOT/hdds-config-1.2.0-SNAPSHOT.jar:/home/runner/.m2/repository/io/grpc/grpc-netty/1.33.0/grpc-netty-1.33.0.jar:/home/runner/.m2/repository/io/grpc/grpc-core/1.33.0/grpc-core-1.33.0.jar:/home/runner/.m2/repository/com/google/android/annotations/4.1.1.4/annotations-4.1.1.4.jar:/home/runner/.m2/repository/io/netty/netty-codec-http2/4.1.63.Final/netty-codec-http2-4.1.63.Final.jar:/home/runner/.m2/repository/io/netty/netty-codec-http/4.1.63.Final/netty-codec-http-4.1.63.Final.jar:/home/runner/.m2/repository/io/netty/netty-handler-proxy/4.1.63.Final/netty-handler-proxy-4.1.63.Final.jar:/home/runner/.m2/repository/io/netty/netty-codec-socks/4.1.63.Final/netty-codec-socks-4.1.63.Final.jar:/home/runner/.m2/repository/io/perfmark/perfmark-api/0.19.0/perfmark-api-0.19.0.jar:/home/runner/.m2/repository/org/codehaus/mojo/animal-sniffer-annotations/1.18/animal-sniffer-annotations-1.18.jar:/home/runner/.m2/repository/io/netty/netty-transport-native-epoll/4.1.63.Final/netty-transport-native-epoll-4.1.63.Final.jar:/home/runner/.m2/repository/io/netty/netty-common/4.1.63.Final/netty-common-4.1.63.Final.jar:/home/runner/.m2/repository/io/netty/netty-buffer/4.1.63.Final/netty-buffer-4.1.63.Final.jar:/home/runner/.m2/repository/io/netty/netty-transport-native-unix-common/4.1.63.Final/netty-transport-native-unix-common-4.1.63.Final.jar:/home/runner/.m2/repository/io/grpc/grpc-protobuf/1.33.0/grpc-protobuf-1.33.0.jar:/home/runner/.m2/repository/io/grpc/grpc-api/1.33.0/grpc-api-1.33.0.jar:/home/runner/.m2/repository/io/grpc/grpc-context/1.33.0/grpc-context-1.33.0.jar:/home/runner/.m2/repository/com/google/api/grpc/proto-google-common-protos/1.17.0/proto-google-common-protos-1.17.0.jar:/home/runner/.m2/repository/io/grpc/grpc-protobuf-lite/1.33.0/grpc-protobuf-lite-1.33.0.jar:/home/runner/.m2/repository/io/grpc/grpc-stub/1.33.0/grpc-stub-1.33.0.jar:/home/runner/.m2/repository/org/apache/ozone/ozone-recon/1.2.0-SNAPSHOT/ozone-recon-1.2.0-SNAPSHOT.jar:/home/runner/.m2/repository/org/apache/ozone/ozone-reconcodegen/1.2.0-SNAPSHOT/ozone-reconcodegen-1.2.0-SNAPSHOT.jar:/home/runner/.m2/repository/com/google/inject/extensions/guice-multibindings/4.0/guice-multibindings-4.0.jar:/home/runner/.m2/repository/com/google/inject/guice/4.0/guice-4.0.jar:/home/runner/.m2/repository/aopalliance/aopalliance/1.0/aopalliance-1.0.jar:/home/runner/.m2/repository/com/google/inject/extensions/guice-assistedinject/4.0/guice-assistedinject-4.0.jar:/home/runner/.m2/repository/com/google/inject/extensions/guice-servlet/4.0/guice-servlet-4.0.jar:/home/runner/.m2/repository/org/glassfish/jersey/containers/jersey-container-servlet/2.33/jersey-container-servlet-2.33.jar:/home/runner/.m2/repository/org/glassfish/hk2/guice-bridge/2.5.0/guice-bridge-2.5.0.jar:/home/runner/.m2/repository/org/glassfish/jersey/core/jersey-server/2.33/jersey-server-2.33.jar:/home/runner/.m2/repository/org/glassfish/jersey/core/jersey-client/2.33/jersey-client-2.33.jar:/home/runner/.m2/repository/jakarta/annotation/jakarta.annotation-api/1.3.5/jakarta.annotation-api-1.3.5.jar:/home/runner/.m2/repository/jakarta/validation/jakarta.validation-api/2.0.2/jakarta.validation-api-2.0.2.jar:/home/runner/.m2/repository/org/glassfish/jersey/media/jersey-media-json-jackson/2.33/jersey-media-json-jackson-2.33.jar:/home/runner/.m2/repository/org/glassfish/jersey/ext/jersey-entity-filtering/2.33/jersey-entity-filtering-2.33.jar:/home/runner/.m2/repository/org/jooq/jooq/3.11.10/jooq-3.11.10.jar:/home/runner/.m2/repository/org/jooq/jooq-meta/3.11.10/jooq-meta-3.11.10.jar:/home/runner/.m2/repository/org/jooq/jooq-codegen/3.11.10/jooq-codegen-3.11.10.jar:/home/runner/.m2/repository/com/jolbox/bonecp/0.8.0.RELEASE/bonecp-0.8.0.RELEASE.jar:/home/runner/.m2/repository/org/apache/derby/derby/10.14.2.0/derby-10.14.2.0.jar:/home/runner/.m2/repository/org/xerial/sqlite-jdbc/3.25.2/sqlite-jdbc-3.25.2.jar:/home/runner/.m2/repository/org/springframework/spring-jdbc/5.2.11.RELEASE/spring-jdbc-5.2.11.RELEASE.jar:/home/runner/.m2/repository/org/springframework/spring-beans/5.2.11.RELEASE/spring-beans-5.2.11.RELEASE.jar:/home/runner/.m2/repository/org/springframework/spring-core/5.2.11.RELEASE/spring-core-5.2.11.RELEASE.jar:/home/runner/.m2/repository/org/springframework/spring-jcl/5.2.11.RELEASE/spring-jcl-5.2.11.RELEASE.jar:/home/runner/.m2/repository/org/springframework/spring-tx/5.2.11.RELEASE/spring-tx-5.2.11.RELEASE.jar:/home/runner/.m2/repository/org/apache/ozone/ozone-client/1.2.0-SNAPSHOT/ozone-client-1.2.0-SNAPSHOT.jar:/home/runner/.m2/repository/org/apache/ozone/ozone-filesystem/1.2.0-SNAPSHOT/ozone-filesystem-1.2.0-SNAPSHOT.jar:/home/runner/.m2/repository/org/apache/ozone/ozone-filesystem-common/1.2.0-SNAPSHOT/ozone-filesystem-common-1.2.0-SNAPSHOT.jar:/home/runner/.m2/repository/org/apache/ozone/ozone-tools/1.2.0-SNAPSHOT/ozone-tools-1.2.0-SNAPSHOT.jar:/home/runner/.m2/repository/org/apache/ratis/ratis-tools/2.1.0/ratis-tools-2.1.0.jar:/home/runner/.m2/repository/org/apache/ratis/ratis-proto/2.1.0/ratis-proto-2.1.0.jar:/home/runner/.m2/repository/org/apache/ratis/ratis-common/2.1.0/ratis-common-2.1.0.jar:/home/runner/.m2/repository/com/amazonaws/aws-java-sdk-core/1.11.901/aws-java-sdk-core-1.11.901.jar:/home/runner/.m2/repository/org/apache/httpcomponents/httpclient/4.5.13/httpclient-4.5.13.jar:/home/runner/.m2/repository/org/apache/httpcomponents/httpcore/4.4.13/httpcore-4.4.13.jar:/home/runner/.m2/repository/software/amazon/ion/ion-java/1.0.2/ion-java-1.0.2.jar:/home/runner/.m2/repository/com/fasterxml/jackson/dataformat/jackson-dataformat-cbor/2.12.1/jackson-dataformat-cbor-2.12.1.jar:/home/runner/.m2/repository/joda-time/joda-time/2.8.1/joda-time-2.8.1.jar:/home/runner/.m2/repository/com/amazonaws/aws-java-sdk-s3/1.11.901/aws-java-sdk-s3-1.11.901.jar:/home/runner/.m2/repository/com/amazonaws/aws-java-sdk-kms/1.11.901/aws-java-sdk-kms-1.11.901.jar:/home/runner/.m2/repository/com/amazonaws/jmespath-java/1.11.901/jmespath-java-1.11.901.jar:/home/runner/.m2/repository/org/kohsuke/metainf-services/metainf-services/1.8/metainf-services-1.8.jar:/home/runner/.m2/repository/org/apache/ozone/hdds-tools/1.2.0-SNAPSHOT/hdds-tools-1.2.0-SNAPSHOT.jar:/home/runner/.m2/repository/commons-cli/commons-cli/1.2/commons-cli-1.2.jar:/home/runner/.m2/repository/org/apache/commons/commons-lang3/3.7/commons-lang3-3.7.jar:/home/runner/.m2/repository/org/apache/ozone/ozone-manager/1.2.0-SNAPSHOT/ozone-manager-1.2.0-SNAPSHOT-tests.jar:/home/runner/.m2/repository/org/apache/ozone/hdds-common/1.2.0-SNAPSHOT/hdds-common-1.2.0-SNAPSHOT-tests.jar:/home/runner/.m2/repository/org/apache/ozone/hdds-hadoop-dependency-client/1.2.0-SNAPSHOT/hdds-hadoop-dependency-client-1.2.0-SNAPSHOT.jar:/home/runner/.m2/repository/info/picocli/picocli/4.4.0/picocli-4.4.0.jar:/home/runner/.m2/repository/com/fasterxml/jackson/core/jackson-annotations/2.12.1/jackson-annotations-2.12.1.jar:/home/runner/.m2/repository/javax/annotation/javax.annotation-api/1.2/javax.annotation-api-1.2.jar:/home/runner/.m2/repository/org/apache/ratis/ratis-server/2.1.0/ratis-server-2.1.0.jar:/home/runner/.m2/repository/org/apache/ratis/ratis-client/2.1.0/ratis-client-2.1.0.jar:/home/runner/.m2/repository/org/apache/ratis/ratis-server-api/2.1.0/ratis-server-api-2.1.0.jar:/home/runner/.m2/repository/org/apache/ratis/ratis-metrics/2.1.0/ratis-metrics-2.1.0.jar:/home/runner/.m2/repository/org/apache/ratis/ratis-netty/2.1.0/ratis-netty-2.1.0.jar:/home/runner/.m2/repository/org/apache/ratis/ratis-grpc/2.1.0/ratis-grpc-2.1.0.jar:/home/runner/.m2/repository/org/apache/logging/log4j/log4j-api/2.13.3/log4j-api-2.13.3.jar:/home/runner/.m2/repository/org/apache/logging/log4j/log4j-core/2.13.3/log4j-core-2.13.3.jar:/home/runner/.m2/repository/com/lmax/disruptor/3.4.2/disruptor-3.4.2.jar:/home/runner/.m2/repository/org/apache/commons/commons-pool2/2.6.0/commons-pool2-2.6.0.jar:/home/runner/.m2/repository/org/bouncycastle/bcpkix-jdk15on/1.67/bcpkix-jdk15on-1.67.jar:/home/runner/.m2/repository/commons-validator/commons-validator/1.6/commons-validator-1.6.jar:/home/runner/.m2/repository/commons-beanutils/commons-beanutils/1.9.4/commons-beanutils-1.9.4.jar:/home/runner/.m2/repository/commons-digester/commons-digester/1.8.1/commons-digester-1.8.1.jar:/home/runner/.m2/repository/commons-collections/commons-collections/3.2.2/commons-collections-3.2.2.jar:/home/runner/.m2/repository/io/jaegertracing/jaeger-client/1.6.0/jaeger-client-1.6.0.jar:/home/runner/.m2/repository/io/jaegertracing/jaeger-thrift/1.6.0/jaeger-thrift-1.6.0.jar:/home/runner/.m2/repository/org/apache/thrift/libthrift/0.14.1/libthrift-0.14.1.jar:/home/runner/.m2/repository/com/squareup/okhttp3/okhttp/4.9.0/okhttp-4.9.0.jar:/home/runner/.m2/repository/com/squareup/okio/okio/2.8.0/okio-2.8.0.jar:/home/runner/.m2/repository/io/jaegertracing/jaeger-core/1.6.0/jaeger-core-1.6.0.jar:/home/runner/.m2/repository/io/jaegertracing/jaeger-tracerresolver/1.6.0/jaeger-tracerresolver-1.6.0.jar:/home/runner/.m2/repository/io/opentracing/contrib/opentracing-tracerresolver/0.1.8/opentracing-tracerresolver-0.1.8.jar:/home/runner/.m2/repository/org/jetbrains/kotlin/kotlin-stdlib/1.4.31/kotlin-stdlib-1.4.31.jar:/home/runner/.m2/repository/org/jetbrains/kotlin/kotlin-stdlib-common/1.4.31/kotlin-stdlib-common-1.4.31.jar:/home/runner/.m2/repository/org/jetbrains/annotations/13.0/annotations-13.0.jar:/home/runner/.m2/repository/io/opentracing/opentracing-util/0.33.0/opentracing-util-0.33.0.jar:/home/runner/.m2/repository/io/opentracing/opentracing-api/0.33.0/opentracing-api-0.33.0.jar:/home/runner/.m2/repository/io/opentracing/opentracing-noop/0.33.0/opentracing-noop-0.33.0.jar:/home/runner/.m2/repository/org/yaml/snakeyaml/1.26/snakeyaml-1.26.jar:/home/runner/.m2/repository/org/apache/ozone/hdds-interface-admin/1.2.0-SNAPSHOT/hdds-interface-admin-1.2.0-SNAPSHOT.jar:/home/runner/.m2/repository/junit/junit/4.13.1/junit-4.13.1.jar:/home/runner/.m2/repository/org/hamcrest/hamcrest-core/1.3/hamcrest-core-1.3.jar:/home/runner/.m2/repository/org/junit/jupiter/junit-jupiter-api/5.7.0/junit-jupiter-api-5.7.0.jar:/home/runner/.m2/repository/org/apiguardian/apiguardian-api/1.1.0/apiguardian-api-1.1.0.jar:/home/runner/.m2/repository/org/opentest4j/opentest4j/1.2.0/opentest4j-1.2.0.jar:/home/runner/.m2/repository/org/junit/platform/junit-platform-commons/1.7.0/junit-platform-commons-1.7.0.jar:/home/runner/.m2/repository/org/junit/jupiter/junit-jupiter-engine/5.7.0/junit-jupiter-engine-5.7.0.jar:/home/runner/.m2/repository/org/junit/platform/junit-platform-engine/1.7.0/junit-platform-engine-1.7.0.jar:/home/runner/.m2/repository/org/junit/vintage/junit-vintage-engine/5.7.0/junit-vintage-engine-5.7.0.jar:/home/runner/.m2/repository/org/junit/platform/junit-platform-launcher/1.7.0/junit-platform-launcher-1.7.0.jar:/home/runner/.m2/repository/org/openjdk/jmh/jmh-core/1.19/jmh-core-1.19.jar:/home/runner/.m2/repository/net/sf/jopt-simple/jopt-simple/4.6/jopt-simple-4.6.jar:/home/runner/.m2/repository/org/apache/commons/commons-math3/3.1.1/commons-math3-3.1.1.jar:/home/runner/.m2/repository/org/openjdk/jmh/jmh-generator-annprocess/1.19/jmh-generator-annprocess-1.19.jar:/home/runner/.m2/repository/org/mockito/mockito-core/2.28.2/mockito-core-2.28.2.jar:/home/runner/.m2/repository/net/bytebuddy/byte-buddy/1.9.10/byte-buddy-1.9.10.jar:/home/runner/.m2/repository/net/bytebuddy/byte-buddy-agent/1.9.10/byte-buddy-agent-1.9.10.jar:/home/runner/.m2/repository/org/objenesis/objenesis/1.0/objenesis-1.0.jar:/home/runner/.m2/repository/org/apache/hadoop/hadoop-kms/3.3.1/hadoop-kms-3.3.1.jar:/home/runner/.m2/repository/org/apache/hadoop/hadoop-auth/3.3.1/hadoop-auth-3.3.1.jar:/home/runner/.m2/repository/com/nimbusds/nimbus-jose-jwt/7.9/nimbus-jose-jwt-7.9.jar:/home/runner/.m2/repository/com/github/stephenc/jcip/jcip-annotations/1.0-1/jcip-annotations-1.0-1.jar:/home/runner/.m2/repository/net/minidev/json-smart/2.3/json-smart-2.3.jar:/home/runner/.m2/repository/net/minidev/accessors-smart/1.2/accessors-smart-1.2.jar:/home/runner/.m2/repository/org/ow2/asm/asm/5.0.4/asm-5.0.4.jar:/home/runner/.m2/repository/org/apache/zookeeper/zookeeper/3.5.6/zookeeper-3.5.6.jar:/home/runner/.m2/repository/org/apache/zookeeper/zookeeper-jute/3.5.6/zookeeper-jute-3.5.6.jar:/home/runner/.m2/repository/org/apache/yetus/audience-annotations/0.5.0/audience-annotations-0.5.0.jar:/home/runner/.m2/repository/org/apache/curator/curator-framework/4.2.0/curator-framework-4.2.0.jar:/home/runner/.m2/repository/org/apache/hadoop/thirdparty/hadoop-shaded-guava/1.1.1/hadoop-shaded-guava-1.1.1.jar:/home/runner/.m2/repository/com/sun/jersey/jersey-core/1.19/jersey-core-1.19.jar:/home/runner/.m2/repository/javax/ws/rs/jsr311-api/1.1.1/jsr311-api-1.1.1.jar:/home/runner/.m2/repository/com/sun/jersey/jersey-server/1.19/jersey-server-1.19.jar:/home/runner/.m2/repository/javax/servlet/javax.servlet-api/3.1.0/javax.servlet-api-3.1.0.jar:/home/runner/.m2/repository/org/eclipse/jetty/jetty-server/9.4.43.v20210629/jetty-server-9.4.43.v20210629.jar:/home/runner/.m2/repository/org/eclipse/jetty/jetty-http/9.4.43.v20210629/jetty-http-9.4.43.v20210629.jar:/home/runner/.m2/repository/org/eclipse/jetty/jetty-io/9.4.43.v20210629/jetty-io-9.4.43.v20210629.jar:/home/runner/.m2/repository/org/eclipse/jetty/jetty-webapp/9.4.43.v20210629/jetty-webapp-9.4.43.v20210629.jar:/home/runner/.m2/repository/org/eclipse/jetty/jetty-xml/9.4.43.v20210629/jetty-xml-9.4.43.v20210629.jar:/home/runner/.m2/repository/org/apache/hadoop/hadoop-common/3.3.1/hadoop-common-3.3.1.jar:/home/runner/.m2/repository/commons-net/commons-net/3.6/commons-net-3.6.jar:/home/runner/.m2/repository/jakarta/activation/jakarta.activation-api/1.2.1/jakarta.activation-api-1.2.1.jar:/home/runner/.m2/repository/com/sun/jersey/jersey-servlet/1.19/jersey-servlet-1.19.jar:/home/runner/.m2/repository/com/sun/jersey/jersey-json/1.19/jersey-json-1.19.jar:/home/runner/.m2/repository/org/codehaus/jettison/jettison/1.1/jettison-1.1.jar:/home/runner/.m2/repository/com/sun/xml/bind/jaxb-impl/2.2.3-1/jaxb-impl-2.2.3-1.jar:/home/runner/.m2/repository/org/codehaus/jackson/jackson-jaxrs/1.9.2/jackson-jaxrs-1.9.2.jar:/home/runner/.m2/repository/org/codehaus/jackson/jackson-xc/1.9.2/jackson-xc-1.9.2.jar:/home/runner/.m2/repository/org/apache/commons/commons-configuration2/2.1.1/commons-configuration2-2.1.1.jar:/home/runner/.m2/repository/org/apache/commons/commons-text/1.4/commons-text-1.4.jar:/home/runner/.m2/repository/com/google/re2j/re2j/1.1/re2j-1.1.jar:/home/runner/.m2/repository/com/jcraft/jsch/0.1.54/jsch-0.1.54.jar:/home/runner/.m2/repository/org/apache/curator/curator-client/4.2.0/curator-client-4.2.0.jar:/home/runner/.m2/repository/org/apache/curator/curator-recipes/4.2.0/curator-recipes-4.2.0.jar:/home/runner/.m2/repository/org/apache/kerby/kerb-core/1.0.1/kerb-core-1.0.1.jar:/home/runner/.m2/repository/org/apache/kerby/kerby-pkix/1.0.1/kerby-pkix-1.0.1.jar:/home/runner/.m2/repository/org/apache/kerby/kerby-asn1/1.0.1/kerby-asn1-1.0.1.jar:/home/runner/.m2/repository/org/apache/kerby/kerby-util/1.0.1/kerby-util-1.0.1.jar:/home/runner/.m2/repository/dnsjava/dnsjava/2.1.7/dnsjava-2.1.7.jar:/home/runner/.m2/repository/org/xerial/snappy/snappy-java/1.1.8.2/snappy-java-1.1.8.2.jar:/home/runner/.m2/repository/org/slf4j/jul-to-slf4j/1.7.30/jul-to-slf4j-1.7.30.jar:/home/runner/.m2/repository/org/eclipse/jetty/jetty-util/9.4.43.v20210629/jetty-util-9.4.43.v20210629.jar:/home/runner/.m2/repository/com/fasterxml/jackson/core/jackson-databind/2.12.1/jackson-databind-2.12.1.jar:/home/runner/.m2/repository/org/apache/hadoop/hadoop-kms/3.3.1/hadoop-kms-3.3.1-tests.jar:/home/runner/.m2/repository/org/apache/ozone/hdds-server-scm/1.2.0-SNAPSHOT/hdds-server-scm-1.2.0-SNAPSHOT-tests.jar:/home/runner/.m2/repository/org/apache/ozone/hdds-container-service/1.2.0-SNAPSHOT/hdds-container-service-1.2.0-SNAPSHOT-tests.jar:/home/runner/.m2/repository/commons-codec/commons-codec/1.11/commons-codec-1.11.jar:/home/runner/.m2/repository/io/netty/netty-transport/4.1.63.Final/netty-transport-4.1.63.Final.jar:/home/runner/.m2/repository/io/netty/netty-resolver/4.1.63.Final/netty-resolver-4.1.63.Final.jar:/home/runner/.m2/repository/io/netty/netty-codec/4.1.63.Final/netty-codec-4.1.63.Final.jar:/home/runner/.m2/repository/io/netty/netty-handler/4.1.63.Final/netty-handler-4.1.63.Final.jar:/home/runner/.m2/repository/org/apache/ozone/hdds-hadoop-dependency-test/1.2.0-SNAPSHOT/hdds-hadoop-dependency-test-1.2.0-SNAPSHOT.jar:/home/runner/.m2/repository/org/apache/hadoop/hadoop-common/3.3.1/hadoop-common-3.3.1-tests.jar:/home/runner/.m2/repository/org/assertj/assertj-core/3.12.2/assertj-core-3.12.2.jar:/home/runner/.m2/repository/org/apache/hadoop/hadoop-hdfs/3.3.1/hadoop-hdfs-3.3.1-tests.jar:/home/runner/.m2/repository/org/eclipse/jetty/jetty-util-ajax/9.4.43.v20210629/jetty-util-ajax-9.4.43.v20210629.jar:/home/runner/.m2/repository/commons-daemon/commons-daemon/1.0.13/commons-daemon-1.0.13.jar:/home/runner/.m2/repository/io/netty/netty/3.10.6.Final/netty-3.10.6.Final.jar:/home/runner/.m2/repository/io/netty/netty-all/4.1.63.Final/netty-all-4.1.63.Final.jar:/home/runner/.m2/repository/org/apache/htrace/htrace-core4/4.1.0-incubating/htrace-core4-4.1.0-incubating.jar:/home/runner/.m2/repository/org/fusesource/leveldbjni/leveldbjni-all/1.8/leveldbjni-all-1.8.jar:/home/runner/.m2/repository/org/apache/hadoop/hadoop-distcp/3.3.1/hadoop-distcp-3.3.1.jar:/home/runner/.m2/repository/org/apache/hadoop/hadoop-mapreduce-client-jobclient/3.3.1/hadoop-mapreduce-client-jobclient-3.3.1.jar:/home/runner/.m2/repository/org/apache/hadoop/hadoop-mapreduce-client-common/3.3.1/hadoop-mapreduce-client-common-3.3.1.jar:/home/runner/.m2/repository/org/apache/hadoop/hadoop-yarn-common/3.3.1/hadoop-yarn-common-3.3.1.jar:/home/runner/.m2/repository/org/apache/hadoop/hadoop-yarn-api/3.3.1/hadoop-yarn-api-3.3.1.jar:/home/runner/.m2/repository/com/sun/jersey/jersey-client/1.19/jersey-client-1.19.jar:/home/runner/.m2/repository/com/sun/jersey/contribs/jersey-guice/1.19/jersey-guice-1.19.jar:/home/runner/.m2/repository/com/fasterxml/jackson/jaxrs/jackson-jaxrs-json-provider/2.12.1/jackson-jaxrs-json-provider-2.12.1.jar:/home/runner/.m2/repository/com/fasterxml/jackson/jaxrs/jackson-jaxrs-base/2.12.1/jackson-jaxrs-base-2.12.1.jar:/home/runner/.m2/repository/org/apache/hadoop/hadoop-yarn-client/3.3.1/hadoop-yarn-client-3.3.1.jar:/home/runner/.m2/repository/org/eclipse/jetty/websocket/websocket-client/9.4.40.v20210413/websocket-client-9.4.40.v20210413.jar:/home/runner/.m2/repository/org/eclipse/jetty/jetty-client/9.4.40.v20210413/jetty-client-9.4.40.v20210413.jar:/home/runner/.m2/repository/org/eclipse/jetty/websocket/websocket-common/9.4.40.v20210413/websocket-common-9.4.40.v20210413.jar:/home/runner/.m2/repository/org/eclipse/jetty/websocket/websocket-api/9.4.40.v20210413/websocket-api-9.4.40.v20210413.jar:/home/runner/.m2/repository/org/jline/jline/3.9.0/jline-3.9.0.jar:/home/runner/.m2/repository/org/apache/hadoop/hadoop-mapreduce-client-core/3.3.1/hadoop-mapreduce-client-core-3.3.1.jar:/home/runner/.m2/repository/org/apache/avro/avro/1.7.7/avro-1.7.7.jar:/home/runner/.m2/repository/org/codehaus/jackson/jackson-core-asl/1.9.13/jackson-core-asl-1.9.13.jar:/home/runner/.m2/repository/org/codehaus/jackson/jackson-mapper-asl/1.9.13/jackson-mapper-asl-1.9.13.jar:/home/runner/.m2/repository/com/thoughtworks/paranamer/paranamer/2.3/paranamer-2.3.jar:/home/runner/.m2/repository/org/apache/hadoop/hadoop-annotations/3.3.1/hadoop-annotations-3.3.1.jar:/usr/lib/jvm/adoptopenjdk-8-hotspot-amd64/jre/../lib/tools.jar:/home/runner/.m2/repository/org/apache/hadoop/hadoop-distcp/3.3.1/hadoop-distcp-3.3.1-tests.jar:"/>
    <property name="java.vm.vendor" value="AdoptOpenJDK"/>
    <property name="sun.arch.data.model" value="64"/>
    <property name="test.build.dir" value="/home/runner/work/ozone/ozone/hadoop-ozone/integration-test/target/test-dir"/>
    <property name="test.cache.data" value=""/>
    <property name="java.vendor.url" value="https://adoptopenjdk.net/"/>
    <property name="user.timezone" value=""/>
    <property name="java.vm.specification.version" value="1.8"/>
    <property name="os.name" value="Linux"/>
    <property name="test.build.data" value="/home/runner/work/ozone/ozone/hadoop-ozone/integration-test/target/test-dir"/>
    <property name="sun.java.launcher" value="SUN_STANDARD"/>
    <property name="sun.boot.library.path" value="/usr/lib/jvm/adoptopenjdk-8-hotspot-amd64/jre/lib/amd64"/>
    <property name="sun.java.command" value="/home/runner/work/ozone/ozone/hadoop-ozone/integration-test/target/surefire/surefirebooter1954446329291455006.jar /home/runner/work/ozone/ozone/hadoop-ozone/integration-test/target/surefire 2021-08-10T06-46-45_090-jvmRun1 surefire4216991281766014713tmp surefire_368224508027494596518tmp"/>
    <property name="surefire.test.class.path" value="/home/runner/work/ozone/ozone/hadoop-ozone/integration-test/target/test-classes:/home/runner/work/ozone/ozone/hadoop-ozone/integration-test/target/classes:/home/runner/.m2/repository/org/apache/ozone/ozone-common/1.2.0-SNAPSHOT/ozone-common-1.2.0-SNAPSHOT.jar:/home/runner/.m2/repository/org/apache/commons/commons-compress/1.20/commons-compress-1.20.jar:/home/runner/.m2/repository/org/apache/ozone/hdds-common/1.2.0-SNAPSHOT/hdds-common-1.2.0-SNAPSHOT.jar:/home/runner/.m2/repository/org/apache/ozone/hdds-client/1.2.0-SNAPSHOT/hdds-client-1.2.0-SNAPSHOT.jar:/home/runner/.m2/repository/org/apache/ozone/ozone-interface-client/1.2.0-SNAPSHOT/ozone-interface-client-1.2.0-SNAPSHOT.jar:/home/runner/.m2/repository/org/apache/ozone/hdds-server-framework/1.2.0-SNAPSHOT/hdds-server-framework-1.2.0-SNAPSHOT.jar:/home/runner/.m2/repository/org/apache/ozone/hdds-interface-server/1.2.0-SNAPSHOT/hdds-interface-server-1.2.0-SNAPSHOT.jar:/home/runner/.m2/repository/org/eclipse/jetty/jetty-servlet/9.4.43.v20210629/jetty-servlet-9.4.43.v20210629.jar:/home/runner/.m2/repository/org/eclipse/jetty/jetty-security/9.4.43.v20210629/jetty-security-9.4.43.v20210629.jar:/home/runner/.m2/repository/org/rocksdb/rocksdbjni/6.20.3/rocksdbjni-6.20.3.jar:/home/runner/.m2/repository/io/prometheus/simpleclient_dropwizard/0.7.0/simpleclient_dropwizard-0.7.0.jar:/home/runner/.m2/repository/io/prometheus/simpleclient/0.7.0/simpleclient-0.7.0.jar:/home/runner/.m2/repository/io/prometheus/simpleclient_common/0.7.0/simpleclient_common-0.7.0.jar:/home/runner/.m2/repository/com/fasterxml/jackson/datatype/jackson-datatype-jsr310/2.12.1/jackson-datatype-jsr310-2.12.1.jar:/home/runner/.m2/repository/org/apache/ozone/hdds-test-utils/1.2.0-SNAPSHOT/hdds-test-utils-1.2.0-SNAPSHOT.jar:/home/runner/.m2/repository/com/google/guava/guava/30.1.1-jre/guava-30.1.1-jre.jar:/home/runner/.m2/repository/com/google/guava/failureaccess/1.0.1/failureaccess-1.0.1.jar:/home/runner/.m2/repository/com/google/guava/listenablefuture/9999.0-empty-to-avoid-conflict-with-guava/listenablefuture-9999.0-empty-to-avoid-conflict-with-guava.jar:/home/runner/.m2/repository/com/google/code/findbugs/jsr305/3.0.0/jsr305-3.0.0.jar:/home/runner/.m2/repository/org/checkerframework/checker-qual/3.8.0/checker-qual-3.8.0.jar:/home/runner/.m2/repository/com/google/errorprone/error_prone_annotations/2.2.0/error_prone_annotations-2.2.0.jar:/home/runner/.m2/repository/com/google/j2objc/j2objc-annotations/1.3/j2objc-annotations-1.3.jar:/home/runner/.m2/repository/commons-io/commons-io/2.8.0/commons-io-2.8.0.jar:/home/runner/.m2/repository/commons-logging/commons-logging/1.2/commons-logging-1.2.jar:/home/runner/.m2/repository/log4j/log4j/1.2.17/log4j-1.2.17.jar:/home/runner/.m2/repository/org/slf4j/slf4j-api/1.7.30/slf4j-api-1.7.30.jar:/home/runner/.m2/repository/org/apache/ozone/hdds-server-scm/1.2.0-SNAPSHOT/hdds-server-scm-1.2.0-SNAPSHOT.jar:/home/runner/.m2/repository/org/apache/ozone/hdds-container-service/1.2.0-SNAPSHOT/hdds-container-service-1.2.0-SNAPSHOT.jar:/home/runner/.m2/repository/org/apache/ozone/hdds-hadoop-dependency-server/1.2.0-SNAPSHOT/hdds-hadoop-dependency-server-1.2.0-SNAPSHOT.jar:/home/runner/.m2/repository/org/apache/hadoop/hadoop-hdfs/3.3.1/hadoop-hdfs-3.3.1.jar:/home/runner/.m2/repository/io/dropwizard/metrics/metrics-core/3.2.4/metrics-core-3.2.4.jar:/home/runner/.m2/repository/org/apache/hadoop/hadoop-hdfs-client/3.3.1/hadoop-hdfs-client-3.3.1.jar:/home/runner/.m2/repository/org/bouncycastle/bcprov-jdk15on/1.67/bcprov-jdk15on-1.67.jar:/home/runner/.m2/repository/com/google/protobuf/protobuf-java/2.5.0/protobuf-java-2.5.0.jar:/home/runner/.m2/repository/org/apache/ozone/ozone-manager/1.2.0-SNAPSHOT/ozone-manager-1.2.0-SNAPSHOT.jar:/home/runner/.m2/repository/org/aspectj/aspectjrt/1.8.9/aspectjrt-1.8.9.jar:/home/runner/.m2/repository/org/aspectj/aspectjweaver/1.8.9/aspectjweaver-1.8.9.jar:/home/runner/.m2/repository/org/apache/ozone/hdds-interface-client/1.2.0-SNAPSHOT/hdds-interface-client-1.2.0-SNAPSHOT.jar:/home/runner/.m2/repository/org/apache/hadoop/thirdparty/hadoop-shaded-protobuf_3_7/1.1.1/hadoop-shaded-protobuf_3_7-1.1.1.jar:/home/runner/.m2/repository/org/apache/ratis/ratis-thirdparty-misc/0.7.0/ratis-thirdparty-misc-0.7.0.jar:/home/runner/.m2/repository/org/apache/ozone/ozone-interface-storage/1.2.0-SNAPSHOT/ozone-interface-storage-1.2.0-SNAPSHOT.jar:/home/runner/.m2/repository/org/reflections/reflections/0.9.11/reflections-0.9.11.jar:/home/runner/.m2/repository/org/apache/hadoop/hadoop-minikdc/3.3.1/hadoop-minikdc-3.3.1.jar:/home/runner/.m2/repository/org/apache/kerby/kerb-simplekdc/1.0.1/kerb-simplekdc-1.0.1.jar:/home/runner/.m2/repository/org/apache/kerby/kerb-client/1.0.1/kerb-client-1.0.1.jar:/home/runner/.m2/repository/org/apache/kerby/kerby-config/1.0.1/kerby-config-1.0.1.jar:/home/runner/.m2/repository/org/apache/kerby/kerb-common/1.0.1/kerb-common-1.0.1.jar:/home/runner/.m2/repository/org/apache/kerby/kerb-crypto/1.0.1/kerb-crypto-1.0.1.jar:/home/runner/.m2/repository/org/apache/kerby/kerb-util/1.0.1/kerb-util-1.0.1.jar:/home/runner/.m2/repository/org/apache/kerby/token-provider/1.0.1/token-provider-1.0.1.jar:/home/runner/.m2/repository/org/apache/kerby/kerb-admin/1.0.1/kerb-admin-1.0.1.jar:/home/runner/.m2/repository/org/apache/kerby/kerb-server/1.0.1/kerb-server-1.0.1.jar:/home/runner/.m2/repository/org/apache/kerby/kerb-identity/1.0.1/kerb-identity-1.0.1.jar:/home/runner/.m2/repository/org/apache/kerby/kerby-xdr/1.0.1/kerby-xdr-1.0.1.jar:/home/runner/.m2/repository/org/slf4j/slf4j-log4j12/1.7.30/slf4j-log4j12-1.7.30.jar:/home/runner/.m2/repository/org/apache/ozone/ozone-s3gateway/1.2.0-SNAPSHOT/ozone-s3gateway-1.2.0-SNAPSHOT.jar:/home/runner/.m2/repository/org/javassist/javassist/3.21.0-GA/javassist-3.21.0-GA.jar:/home/runner/.m2/repository/org/jboss/weld/servlet/weld-servlet/2.4.7.Final/weld-servlet-2.4.7.Final.jar:/home/runner/.m2/repository/org/glassfish/jersey/containers/jersey-container-servlet-core/2.33/jersey-container-servlet-core-2.33.jar:/home/runner/.m2/repository/org/glassfish/hk2/external/jakarta.inject/2.6.1/jakarta.inject-2.6.1.jar:/home/runner/.m2/repository/org/glassfish/jersey/core/jersey-common/2.33/jersey-common-2.33.jar:/home/runner/.m2/repository/jakarta/ws/rs/jakarta.ws.rs-api/2.1.6/jakarta.ws.rs-api-2.1.6.jar:/home/runner/.m2/repository/org/glassfish/jersey/ext/cdi/jersey-cdi1x/2.33/jersey-cdi1x-2.33.jar:/home/runner/.m2/repository/org/glassfish/jersey/inject/jersey-hk2/2.33/jersey-hk2-2.33.jar:/home/runner/.m2/repository/org/glassfish/hk2/hk2-locator/2.6.1/hk2-locator-2.6.1.jar:/home/runner/.m2/repository/org/glassfish/jersey/media/jersey-media-jaxb/2.33/jersey-media-jaxb-2.33.jar:/home/runner/.m2/repository/org/glassfish/hk2/osgi-resource-locator/1.0.3/osgi-resource-locator-1.0.3.jar:/home/runner/.m2/repository/org/glassfish/hk2/hk2-api/2.5.0/hk2-api-2.5.0.jar:/home/runner/.m2/repository/org/glassfish/hk2/hk2-utils/2.5.0/hk2-utils-2.5.0.jar:/home/runner/.m2/repository/org/glassfish/hk2/external/aopalliance-repackaged/2.5.0/aopalliance-repackaged-2.5.0.jar:/home/runner/.m2/repository/com/fasterxml/jackson/dataformat/jackson-dataformat-xml/2.12.1/jackson-dataformat-xml-2.12.1.jar:/home/runner/.m2/repository/com/fasterxml/jackson/core/jackson-core/2.12.1/jackson-core-2.12.1.jar:/home/runner/.m2/repository/com/fasterxml/jackson/module/jackson-module-jaxb-annotations/2.12.1/jackson-module-jaxb-annotations-2.12.1.jar:/home/runner/.m2/repository/jakarta/xml/bind/jakarta.xml.bind-api/2.3.2/jakarta.xml.bind-api-2.3.2.jar:/home/runner/.m2/repository/org/codehaus/woodstox/stax2-api/3.1.4/stax2-api-3.1.4.jar:/home/runner/.m2/repository/com/fasterxml/woodstox/woodstox-core/5.0.3/woodstox-core-5.0.3.jar:/home/runner/.m2/repository/javax/enterprise/cdi-api/1.2/cdi-api-1.2.jar:/home/runner/.m2/repository/javax/el/javax.el-api/3.0.0/javax.el-api-3.0.0.jar:/home/runner/.m2/repository/javax/interceptor/javax.interceptor-api/1.2/javax.interceptor-api-1.2.jar:/home/runner/.m2/repository/javax/inject/javax.inject/1/javax.inject-1.jar:/home/runner/.m2/repository/javax/xml/bind/jaxb-api/2.3.0/jaxb-api-2.3.0.jar:/home/runner/.m2/repository/org/glassfish/jaxb/jaxb-runtime/2.3.0.1/jaxb-runtime-2.3.0.1.jar:/home/runner/.m2/repository/org/glassfish/jaxb/jaxb-core/2.3.0.1/jaxb-core-2.3.0.1.jar:/home/runner/.m2/repository/org/glassfish/jaxb/txw2/2.3.0.1/txw2-2.3.0.1.jar:/home/runner/.m2/repository/com/sun/istack/istack-commons-runtime/3.0.5/istack-commons-runtime-3.0.5.jar:/home/runner/.m2/repository/org/jvnet/staxex/stax-ex/1.7.8/stax-ex-1.7.8.jar:/home/runner/.m2/repository/com/sun/xml/fastinfoset/FastInfoset/1.2.13/FastInfoset-1.2.13.jar:/home/runner/.m2/repository/javax/activation/activation/1.1.1/activation-1.1.1.jar:/home/runner/.m2/repository/org/apache/ozone/ozone-csi/1.2.0-SNAPSHOT/ozone-csi-1.2.0-SNAPSHOT.jar:/home/runner/.m2/repository/com/google/protobuf/protobuf-java-util/3.12.0/protobuf-java-util-3.12.0.jar:/home/runner/.m2/repository/com/google/code/gson/gson/2.2.4/gson-2.2.4.jar:/home/runner/.m2/repository/org/apache/ozone/hdds-config/1.2.0-SNAPSHOT/hdds-config-1.2.0-SNAPSHOT.jar:/home/runner/.m2/repository/io/grpc/grpc-netty/1.33.0/grpc-netty-1.33.0.jar:/home/runner/.m2/repository/io/grpc/grpc-core/1.33.0/grpc-core-1.33.0.jar:/home/runner/.m2/repository/com/google/android/annotations/4.1.1.4/annotations-4.1.1.4.jar:/home/runner/.m2/repository/io/netty/netty-codec-http2/4.1.63.Final/netty-codec-http2-4.1.63.Final.jar:/home/runner/.m2/repository/io/netty/netty-codec-http/4.1.63.Final/netty-codec-http-4.1.63.Final.jar:/home/runner/.m2/repository/io/netty/netty-handler-proxy/4.1.63.Final/netty-handler-proxy-4.1.63.Final.jar:/home/runner/.m2/repository/io/netty/netty-codec-socks/4.1.63.Final/netty-codec-socks-4.1.63.Final.jar:/home/runner/.m2/repository/io/perfmark/perfmark-api/0.19.0/perfmark-api-0.19.0.jar:/home/runner/.m2/repository/org/codehaus/mojo/animal-sniffer-annotations/1.18/animal-sniffer-annotations-1.18.jar:/home/runner/.m2/repository/io/netty/netty-transport-native-epoll/4.1.63.Final/netty-transport-native-epoll-4.1.63.Final.jar:/home/runner/.m2/repository/io/netty/netty-common/4.1.63.Final/netty-common-4.1.63.Final.jar:/home/runner/.m2/repository/io/netty/netty-buffer/4.1.63.Final/netty-buffer-4.1.63.Final.jar:/home/runner/.m2/repository/io/netty/netty-transport-native-unix-common/4.1.63.Final/netty-transport-native-unix-common-4.1.63.Final.jar:/home/runner/.m2/repository/io/grpc/grpc-protobuf/1.33.0/grpc-protobuf-1.33.0.jar:/home/runner/.m2/repository/io/grpc/grpc-api/1.33.0/grpc-api-1.33.0.jar:/home/runner/.m2/repository/io/grpc/grpc-context/1.33.0/grpc-context-1.33.0.jar:/home/runner/.m2/repository/com/google/api/grpc/proto-google-common-protos/1.17.0/proto-google-common-protos-1.17.0.jar:/home/runner/.m2/repository/io/grpc/grpc-protobuf-lite/1.33.0/grpc-protobuf-lite-1.33.0.jar:/home/runner/.m2/repository/io/grpc/grpc-stub/1.33.0/grpc-stub-1.33.0.jar:/home/runner/.m2/repository/org/apache/ozone/ozone-recon/1.2.0-SNAPSHOT/ozone-recon-1.2.0-SNAPSHOT.jar:/home/runner/.m2/repository/org/apache/ozone/ozone-reconcodegen/1.2.0-SNAPSHOT/ozone-reconcodegen-1.2.0-SNAPSHOT.jar:/home/runner/.m2/repository/com/google/inject/extensions/guice-multibindings/4.0/guice-multibindings-4.0.jar:/home/runner/.m2/repository/com/google/inject/guice/4.0/guice-4.0.jar:/home/runner/.m2/repository/aopalliance/aopalliance/1.0/aopalliance-1.0.jar:/home/runner/.m2/repository/com/google/inject/extensions/guice-assistedinject/4.0/guice-assistedinject-4.0.jar:/home/runner/.m2/repository/com/google/inject/extensions/guice-servlet/4.0/guice-servlet-4.0.jar:/home/runner/.m2/repository/org/glassfish/jersey/containers/jersey-container-servlet/2.33/jersey-container-servlet-2.33.jar:/home/runner/.m2/repository/org/glassfish/hk2/guice-bridge/2.5.0/guice-bridge-2.5.0.jar:/home/runner/.m2/repository/org/glassfish/jersey/core/jersey-server/2.33/jersey-server-2.33.jar:/home/runner/.m2/repository/org/glassfish/jersey/core/jersey-client/2.33/jersey-client-2.33.jar:/home/runner/.m2/repository/jakarta/annotation/jakarta.annotation-api/1.3.5/jakarta.annotation-api-1.3.5.jar:/home/runner/.m2/repository/jakarta/validation/jakarta.validation-api/2.0.2/jakarta.validation-api-2.0.2.jar:/home/runner/.m2/repository/org/glassfish/jersey/media/jersey-media-json-jackson/2.33/jersey-media-json-jackson-2.33.jar:/home/runner/.m2/repository/org/glassfish/jersey/ext/jersey-entity-filtering/2.33/jersey-entity-filtering-2.33.jar:/home/runner/.m2/repository/org/jooq/jooq/3.11.10/jooq-3.11.10.jar:/home/runner/.m2/repository/org/jooq/jooq-meta/3.11.10/jooq-meta-3.11.10.jar:/home/runner/.m2/repository/org/jooq/jooq-codegen/3.11.10/jooq-codegen-3.11.10.jar:/home/runner/.m2/repository/com/jolbox/bonecp/0.8.0.RELEASE/bonecp-0.8.0.RELEASE.jar:/home/runner/.m2/repository/org/apache/derby/derby/10.14.2.0/derby-10.14.2.0.jar:/home/runner/.m2/repository/org/xerial/sqlite-jdbc/3.25.2/sqlite-jdbc-3.25.2.jar:/home/runner/.m2/repository/org/springframework/spring-jdbc/5.2.11.RELEASE/spring-jdbc-5.2.11.RELEASE.jar:/home/runner/.m2/repository/org/springframework/spring-beans/5.2.11.RELEASE/spring-beans-5.2.11.RELEASE.jar:/home/runner/.m2/repository/org/springframework/spring-core/5.2.11.RELEASE/spring-core-5.2.11.RELEASE.jar:/home/runner/.m2/repository/org/springframework/spring-jcl/5.2.11.RELEASE/spring-jcl-5.2.11.RELEASE.jar:/home/runner/.m2/repository/org/springframework/spring-tx/5.2.11.RELEASE/spring-tx-5.2.11.RELEASE.jar:/home/runner/.m2/repository/org/apache/ozone/ozone-client/1.2.0-SNAPSHOT/ozone-client-1.2.0-SNAPSHOT.jar:/home/runner/.m2/repository/org/apache/ozone/ozone-filesystem/1.2.0-SNAPSHOT/ozone-filesystem-1.2.0-SNAPSHOT.jar:/home/runner/.m2/repository/org/apache/ozone/ozone-filesystem-common/1.2.0-SNAPSHOT/ozone-filesystem-common-1.2.0-SNAPSHOT.jar:/home/runner/.m2/repository/org/apache/ozone/ozone-tools/1.2.0-SNAPSHOT/ozone-tools-1.2.0-SNAPSHOT.jar:/home/runner/.m2/repository/org/apache/ratis/ratis-tools/2.1.0/ratis-tools-2.1.0.jar:/home/runner/.m2/repository/org/apache/ratis/ratis-proto/2.1.0/ratis-proto-2.1.0.jar:/home/runner/.m2/repository/org/apache/ratis/ratis-common/2.1.0/ratis-common-2.1.0.jar:/home/runner/.m2/repository/com/amazonaws/aws-java-sdk-core/1.11.901/aws-java-sdk-core-1.11.901.jar:/home/runner/.m2/repository/org/apache/httpcomponents/httpclient/4.5.13/httpclient-4.5.13.jar:/home/runner/.m2/repository/org/apache/httpcomponents/httpcore/4.4.13/httpcore-4.4.13.jar:/home/runner/.m2/repository/software/amazon/ion/ion-java/1.0.2/ion-java-1.0.2.jar:/home/runner/.m2/repository/com/fasterxml/jackson/dataformat/jackson-dataformat-cbor/2.12.1/jackson-dataformat-cbor-2.12.1.jar:/home/runner/.m2/repository/joda-time/joda-time/2.8.1/joda-time-2.8.1.jar:/home/runner/.m2/repository/com/amazonaws/aws-java-sdk-s3/1.11.901/aws-java-sdk-s3-1.11.901.jar:/home/runner/.m2/repository/com/amazonaws/aws-java-sdk-kms/1.11.901/aws-java-sdk-kms-1.11.901.jar:/home/runner/.m2/repository/com/amazonaws/jmespath-java/1.11.901/jmespath-java-1.11.901.jar:/home/runner/.m2/repository/org/kohsuke/metainf-services/metainf-services/1.8/metainf-services-1.8.jar:/home/runner/.m2/repository/org/apache/ozone/hdds-tools/1.2.0-SNAPSHOT/hdds-tools-1.2.0-SNAPSHOT.jar:/home/runner/.m2/repository/commons-cli/commons-cli/1.2/commons-cli-1.2.jar:/home/runner/.m2/repository/org/apache/commons/commons-lang3/3.7/commons-lang3-3.7.jar:/home/runner/.m2/repository/org/apache/ozone/ozone-manager/1.2.0-SNAPSHOT/ozone-manager-1.2.0-SNAPSHOT-tests.jar:/home/runner/.m2/repository/org/apache/ozone/hdds-common/1.2.0-SNAPSHOT/hdds-common-1.2.0-SNAPSHOT-tests.jar:/home/runner/.m2/repository/org/apache/ozone/hdds-hadoop-dependency-client/1.2.0-SNAPSHOT/hdds-hadoop-dependency-client-1.2.0-SNAPSHOT.jar:/home/runner/.m2/repository/info/picocli/picocli/4.4.0/picocli-4.4.0.jar:/home/runner/.m2/repository/com/fasterxml/jackson/core/jackson-annotations/2.12.1/jackson-annotations-2.12.1.jar:/home/runner/.m2/repository/javax/annotation/javax.annotation-api/1.2/javax.annotation-api-1.2.jar:/home/runner/.m2/repository/org/apache/ratis/ratis-server/2.1.0/ratis-server-2.1.0.jar:/home/runner/.m2/repository/org/apache/ratis/ratis-client/2.1.0/ratis-client-2.1.0.jar:/home/runner/.m2/repository/org/apache/ratis/ratis-server-api/2.1.0/ratis-server-api-2.1.0.jar:/home/runner/.m2/repository/org/apache/ratis/ratis-metrics/2.1.0/ratis-metrics-2.1.0.jar:/home/runner/.m2/repository/org/apache/ratis/ratis-netty/2.1.0/ratis-netty-2.1.0.jar:/home/runner/.m2/repository/org/apache/ratis/ratis-grpc/2.1.0/ratis-grpc-2.1.0.jar:/home/runner/.m2/repository/org/apache/logging/log4j/log4j-api/2.13.3/log4j-api-2.13.3.jar:/home/runner/.m2/repository/org/apache/logging/log4j/log4j-core/2.13.3/log4j-core-2.13.3.jar:/home/runner/.m2/repository/com/lmax/disruptor/3.4.2/disruptor-3.4.2.jar:/home/runner/.m2/repository/org/apache/commons/commons-pool2/2.6.0/commons-pool2-2.6.0.jar:/home/runner/.m2/repository/org/bouncycastle/bcpkix-jdk15on/1.67/bcpkix-jdk15on-1.67.jar:/home/runner/.m2/repository/commons-validator/commons-validator/1.6/commons-validator-1.6.jar:/home/runner/.m2/repository/commons-beanutils/commons-beanutils/1.9.4/commons-beanutils-1.9.4.jar:/home/runner/.m2/repository/commons-digester/commons-digester/1.8.1/commons-digester-1.8.1.jar:/home/runner/.m2/repository/commons-collections/commons-collections/3.2.2/commons-collections-3.2.2.jar:/home/runner/.m2/repository/io/jaegertracing/jaeger-client/1.6.0/jaeger-client-1.6.0.jar:/home/runner/.m2/repository/io/jaegertracing/jaeger-thrift/1.6.0/jaeger-thrift-1.6.0.jar:/home/runner/.m2/repository/org/apache/thrift/libthrift/0.14.1/libthrift-0.14.1.jar:/home/runner/.m2/repository/com/squareup/okhttp3/okhttp/4.9.0/okhttp-4.9.0.jar:/home/runner/.m2/repository/com/squareup/okio/okio/2.8.0/okio-2.8.0.jar:/home/runner/.m2/repository/io/jaegertracing/jaeger-core/1.6.0/jaeger-core-1.6.0.jar:/home/runner/.m2/repository/io/jaegertracing/jaeger-tracerresolver/1.6.0/jaeger-tracerresolver-1.6.0.jar:/home/runner/.m2/repository/io/opentracing/contrib/opentracing-tracerresolver/0.1.8/opentracing-tracerresolver-0.1.8.jar:/home/runner/.m2/repository/org/jetbrains/kotlin/kotlin-stdlib/1.4.31/kotlin-stdlib-1.4.31.jar:/home/runner/.m2/repository/org/jetbrains/kotlin/kotlin-stdlib-common/1.4.31/kotlin-stdlib-common-1.4.31.jar:/home/runner/.m2/repository/org/jetbrains/annotations/13.0/annotations-13.0.jar:/home/runner/.m2/repository/io/opentracing/opentracing-util/0.33.0/opentracing-util-0.33.0.jar:/home/runner/.m2/repository/io/opentracing/opentracing-api/0.33.0/opentracing-api-0.33.0.jar:/home/runner/.m2/repository/io/opentracing/opentracing-noop/0.33.0/opentracing-noop-0.33.0.jar:/home/runner/.m2/repository/org/yaml/snakeyaml/1.26/snakeyaml-1.26.jar:/home/runner/.m2/repository/org/apache/ozone/hdds-interface-admin/1.2.0-SNAPSHOT/hdds-interface-admin-1.2.0-SNAPSHOT.jar:/home/runner/.m2/repository/junit/junit/4.13.1/junit-4.13.1.jar:/home/runner/.m2/repository/org/hamcrest/hamcrest-core/1.3/hamcrest-core-1.3.jar:/home/runner/.m2/repository/org/junit/jupiter/junit-jupiter-api/5.7.0/junit-jupiter-api-5.7.0.jar:/home/runner/.m2/repository/org/apiguardian/apiguardian-api/1.1.0/apiguardian-api-1.1.0.jar:/home/runner/.m2/repository/org/opentest4j/opentest4j/1.2.0/opentest4j-1.2.0.jar:/home/runner/.m2/repository/org/junit/platform/junit-platform-commons/1.7.0/junit-platform-commons-1.7.0.jar:/home/runner/.m2/repository/org/junit/jupiter/junit-jupiter-engine/5.7.0/junit-jupiter-engine-5.7.0.jar:/home/runner/.m2/repository/org/junit/platform/junit-platform-engine/1.7.0/junit-platform-engine-1.7.0.jar:/home/runner/.m2/repository/org/junit/vintage/junit-vintage-engine/5.7.0/junit-vintage-engine-5.7.0.jar:/home/runner/.m2/repository/org/junit/platform/junit-platform-launcher/1.7.0/junit-platform-launcher-1.7.0.jar:/home/runner/.m2/repository/org/openjdk/jmh/jmh-core/1.19/jmh-core-1.19.jar:/home/runner/.m2/repository/net/sf/jopt-simple/jopt-simple/4.6/jopt-simple-4.6.jar:/home/runner/.m2/repository/org/apache/commons/commons-math3/3.1.1/commons-math3-3.1.1.jar:/home/runner/.m2/repository/org/openjdk/jmh/jmh-generator-annprocess/1.19/jmh-generator-annprocess-1.19.jar:/home/runner/.m2/repository/org/mockito/mockito-core/2.28.2/mockito-core-2.28.2.jar:/home/runner/.m2/repository/net/bytebuddy/byte-buddy/1.9.10/byte-buddy-1.9.10.jar:/home/runner/.m2/repository/net/bytebuddy/byte-buddy-agent/1.9.10/byte-buddy-agent-1.9.10.jar:/home/runner/.m2/repository/org/objenesis/objenesis/1.0/objenesis-1.0.jar:/home/runner/.m2/repository/org/apache/hadoop/hadoop-kms/3.3.1/hadoop-kms-3.3.1.jar:/home/runner/.m2/repository/org/apache/hadoop/hadoop-auth/3.3.1/hadoop-auth-3.3.1.jar:/home/runner/.m2/repository/com/nimbusds/nimbus-jose-jwt/7.9/nimbus-jose-jwt-7.9.jar:/home/runner/.m2/repository/com/github/stephenc/jcip/jcip-annotations/1.0-1/jcip-annotations-1.0-1.jar:/home/runner/.m2/repository/net/minidev/json-smart/2.3/json-smart-2.3.jar:/home/runner/.m2/repository/net/minidev/accessors-smart/1.2/accessors-smart-1.2.jar:/home/runner/.m2/repository/org/ow2/asm/asm/5.0.4/asm-5.0.4.jar:/home/runner/.m2/repository/org/apache/zookeeper/zookeeper/3.5.6/zookeeper-3.5.6.jar:/home/runner/.m2/repository/org/apache/zookeeper/zookeeper-jute/3.5.6/zookeeper-jute-3.5.6.jar:/home/runner/.m2/repository/org/apache/yetus/audience-annotations/0.5.0/audience-annotations-0.5.0.jar:/home/runner/.m2/repository/org/apache/curator/curator-framework/4.2.0/curator-framework-4.2.0.jar:/home/runner/.m2/repository/org/apache/hadoop/thirdparty/hadoop-shaded-guava/1.1.1/hadoop-shaded-guava-1.1.1.jar:/home/runner/.m2/repository/com/sun/jersey/jersey-core/1.19/jersey-core-1.19.jar:/home/runner/.m2/repository/javax/ws/rs/jsr311-api/1.1.1/jsr311-api-1.1.1.jar:/home/runner/.m2/repository/com/sun/jersey/jersey-server/1.19/jersey-server-1.19.jar:/home/runner/.m2/repository/javax/servlet/javax.servlet-api/3.1.0/javax.servlet-api-3.1.0.jar:/home/runner/.m2/repository/org/eclipse/jetty/jetty-server/9.4.43.v20210629/jetty-server-9.4.43.v20210629.jar:/home/runner/.m2/repository/org/eclipse/jetty/jetty-http/9.4.43.v20210629/jetty-http-9.4.43.v20210629.jar:/home/runner/.m2/repository/org/eclipse/jetty/jetty-io/9.4.43.v20210629/jetty-io-9.4.43.v20210629.jar:/home/runner/.m2/repository/org/eclipse/jetty/jetty-webapp/9.4.43.v20210629/jetty-webapp-9.4.43.v20210629.jar:/home/runner/.m2/repository/org/eclipse/jetty/jetty-xml/9.4.43.v20210629/jetty-xml-9.4.43.v20210629.jar:/home/runner/.m2/repository/org/apache/hadoop/hadoop-common/3.3.1/hadoop-common-3.3.1.jar:/home/runner/.m2/repository/commons-net/commons-net/3.6/commons-net-3.6.jar:/home/runner/.m2/repository/jakarta/activation/jakarta.activation-api/1.2.1/jakarta.activation-api-1.2.1.jar:/home/runner/.m2/repository/com/sun/jersey/jersey-servlet/1.19/jersey-servlet-1.19.jar:/home/runner/.m2/repository/com/sun/jersey/jersey-json/1.19/jersey-json-1.19.jar:/home/runner/.m2/repository/org/codehaus/jettison/jettison/1.1/jettison-1.1.jar:/home/runner/.m2/repository/com/sun/xml/bind/jaxb-impl/2.2.3-1/jaxb-impl-2.2.3-1.jar:/home/runner/.m2/repository/org/codehaus/jackson/jackson-jaxrs/1.9.2/jackson-jaxrs-1.9.2.jar:/home/runner/.m2/repository/org/codehaus/jackson/jackson-xc/1.9.2/jackson-xc-1.9.2.jar:/home/runner/.m2/repository/org/apache/commons/commons-configuration2/2.1.1/commons-configuration2-2.1.1.jar:/home/runner/.m2/repository/org/apache/commons/commons-text/1.4/commons-text-1.4.jar:/home/runner/.m2/repository/com/google/re2j/re2j/1.1/re2j-1.1.jar:/home/runner/.m2/repository/com/jcraft/jsch/0.1.54/jsch-0.1.54.jar:/home/runner/.m2/repository/org/apache/curator/curator-client/4.2.0/curator-client-4.2.0.jar:/home/runner/.m2/repository/org/apache/curator/curator-recipes/4.2.0/curator-recipes-4.2.0.jar:/home/runner/.m2/repository/org/apache/kerby/kerb-core/1.0.1/kerb-core-1.0.1.jar:/home/runner/.m2/repository/org/apache/kerby/kerby-pkix/1.0.1/kerby-pkix-1.0.1.jar:/home/runner/.m2/repository/org/apache/kerby/kerby-asn1/1.0.1/kerby-asn1-1.0.1.jar:/home/runner/.m2/repository/org/apache/kerby/kerby-util/1.0.1/kerby-util-1.0.1.jar:/home/runner/.m2/repository/dnsjava/dnsjava/2.1.7/dnsjava-2.1.7.jar:/home/runner/.m2/repository/org/xerial/snappy/snappy-java/1.1.8.2/snappy-java-1.1.8.2.jar:/home/runner/.m2/repository/org/slf4j/jul-to-slf4j/1.7.30/jul-to-slf4j-1.7.30.jar:/home/runner/.m2/repository/org/eclipse/jetty/jetty-util/9.4.43.v20210629/jetty-util-9.4.43.v20210629.jar:/home/runner/.m2/repository/com/fasterxml/jackson/core/jackson-databind/2.12.1/jackson-databind-2.12.1.jar:/home/runner/.m2/repository/org/apache/hadoop/hadoop-kms/3.3.1/hadoop-kms-3.3.1-tests.jar:/home/runner/.m2/repository/org/apache/ozone/hdds-server-scm/1.2.0-SNAPSHOT/hdds-server-scm-1.2.0-SNAPSHOT-tests.jar:/home/runner/.m2/repository/org/apache/ozone/hdds-container-service/1.2.0-SNAPSHOT/hdds-container-service-1.2.0-SNAPSHOT-tests.jar:/home/runner/.m2/repository/commons-codec/commons-codec/1.11/commons-codec-1.11.jar:/home/runner/.m2/repository/io/netty/netty-transport/4.1.63.Final/netty-transport-4.1.63.Final.jar:/home/runner/.m2/repository/io/netty/netty-resolver/4.1.63.Final/netty-resolver-4.1.63.Final.jar:/home/runner/.m2/repository/io/netty/netty-codec/4.1.63.Final/netty-codec-4.1.63.Final.jar:/home/runner/.m2/repository/io/netty/netty-handler/4.1.63.Final/netty-handler-4.1.63.Final.jar:/home/runner/.m2/repository/org/apache/ozone/hdds-hadoop-dependency-test/1.2.0-SNAPSHOT/hdds-hadoop-dependency-test-1.2.0-SNAPSHOT.jar:/home/runner/.m2/repository/org/apache/hadoop/hadoop-common/3.3.1/hadoop-common-3.3.1-tests.jar:/home/runner/.m2/repository/org/assertj/assertj-core/3.12.2/assertj-core-3.12.2.jar:/home/runner/.m2/repository/org/apache/hadoop/hadoop-hdfs/3.3.1/hadoop-hdfs-3.3.1-tests.jar:/home/runner/.m2/repository/org/eclipse/jetty/jetty-util-ajax/9.4.43.v20210629/jetty-util-ajax-9.4.43.v20210629.jar:/home/runner/.m2/repository/commons-daemon/commons-daemon/1.0.13/commons-daemon-1.0.13.jar:/home/runner/.m2/repository/io/netty/netty/3.10.6.Final/netty-3.10.6.Final.jar:/home/runner/.m2/repository/io/netty/netty-all/4.1.63.Final/netty-all-4.1.63.Final.jar:/home/runner/.m2/repository/org/apache/htrace/htrace-core4/4.1.0-incubating/htrace-core4-4.1.0-incubating.jar:/home/runner/.m2/repository/org/fusesource/leveldbjni/leveldbjni-all/1.8/leveldbjni-all-1.8.jar:/home/runner/.m2/repository/org/apache/hadoop/hadoop-distcp/3.3.1/hadoop-distcp-3.3.1.jar:/home/runner/.m2/repository/org/apache/hadoop/hadoop-mapreduce-client-jobclient/3.3.1/hadoop-mapreduce-client-jobclient-3.3.1.jar:/home/runner/.m2/repository/org/apache/hadoop/hadoop-mapreduce-client-common/3.3.1/hadoop-mapreduce-client-common-3.3.1.jar:/home/runner/.m2/repository/org/apache/hadoop/hadoop-yarn-common/3.3.1/hadoop-yarn-common-3.3.1.jar:/home/runner/.m2/repository/org/apache/hadoop/hadoop-yarn-api/3.3.1/hadoop-yarn-api-3.3.1.jar:/home/runner/.m2/repository/com/sun/jersey/jersey-client/1.19/jersey-client-1.19.jar:/home/runner/.m2/repository/com/sun/jersey/contribs/jersey-guice/1.19/jersey-guice-1.19.jar:/home/runner/.m2/repository/com/fasterxml/jackson/jaxrs/jackson-jaxrs-json-provider/2.12.1/jackson-jaxrs-json-provider-2.12.1.jar:/home/runner/.m2/repository/com/fasterxml/jackson/jaxrs/jackson-jaxrs-base/2.12.1/jackson-jaxrs-base-2.12.1.jar:/home/runner/.m2/repository/org/apache/hadoop/hadoop-yarn-client/3.3.1/hadoop-yarn-client-3.3.1.jar:/home/runner/.m2/repository/org/eclipse/jetty/websocket/websocket-client/9.4.40.v20210413/websocket-client-9.4.40.v20210413.jar:/home/runner/.m2/repository/org/eclipse/jetty/jetty-client/9.4.40.v20210413/jetty-client-9.4.40.v20210413.jar:/home/runner/.m2/repository/org/eclipse/jetty/websocket/websocket-common/9.4.40.v20210413/websocket-common-9.4.40.v20210413.jar:/home/runner/.m2/repository/org/eclipse/jetty/websocket/websocket-api/9.4.40.v20210413/websocket-api-9.4.40.v20210413.jar:/home/runner/.m2/repository/org/jline/jline/3.9.0/jline-3.9.0.jar:/home/runner/.m2/repository/org/apache/hadoop/hadoop-mapreduce-client-core/3.3.1/hadoop-mapreduce-client-core-3.3.1.jar:/home/runner/.m2/repository/org/apache/avro/avro/1.7.7/avro-1.7.7.jar:/home/runner/.m2/repository/org/codehaus/jackson/jackson-core-asl/1.9.13/jackson-core-asl-1.9.13.jar:/home/runner/.m2/repository/org/codehaus/jackson/jackson-mapper-asl/1.9.13/jackson-mapper-asl-1.9.13.jar:/home/runner/.m2/repository/com/thoughtworks/paranamer/paranamer/2.3/paranamer-2.3.jar:/home/runner/.m2/repository/org/apache/hadoop/hadoop-annotations/3.3.1/hadoop-annotations-3.3.1.jar:/usr/lib/jvm/adoptopenjdk-8-hotspot-amd64/jre/../lib/tools.jar:/home/runner/.m2/repository/org/apache/hadoop/hadoop-distcp/3.3.1/hadoop-distcp-3.3.1-tests.jar:"/>
    <property name="sun.cpu.endian" value="little"/>
    <property name="user.home" value="/home/runner"/>
    <property name="user.language" value="en"/>
    <property name="java.specification.vendor" value="Oracle Corporation"/>
    <property name="java.home" value="/usr/lib/jvm/adoptopenjdk-8-hotspot-amd64/jre"/>
    <property name="java.security.krb5.conf" value="/home/runner/work/ozone/ozone/hadoop-ozone/integration-test/target/test-classes/krb5.conf"/>
    <property name="basedir" value="/home/runner/work/ozone/ozone/hadoop-ozone/integration-test"/>
    <property name="file.separator" value="/"/>
    <property name="line.separator" value="&#10;"/>
    <property name="java.vm.specification.vendor" value="Oracle Corporation"/>
    <property name="java.specification.name" value="Java Platform API Specification"/>
    <property name="java.awt.graphicsenv" value="sun.awt.X11GraphicsEnvironment"/>
    <property name="skip.installnpx" value="true"/>
    <property name="surefire.real.class.path" value="/home/runner/work/ozone/ozone/hadoop-ozone/integration-test/target/surefire/surefirebooter1954446329291455006.jar:/home/runner/.m2/repository/org/jacoco/org.jacoco.agent/0.8.5/org.jacoco.agent-0.8.5-runtime.jar"/>
    <property name="hadoop.log.dir" value="/home/runner/work/ozone/ozone/hadoop-ozone/integration-test/target/log"/>
    <property name="sun.boot.class.path" value="/usr/lib/jvm/adoptopenjdk-8-hotspot-amd64/jre/lib/resources.jar:/usr/lib/jvm/adoptopenjdk-8-hotspot-amd64/jre/lib/rt.jar:/usr/lib/jvm/adoptopenjdk-8-hotspot-amd64/jre/lib/sunrsasign.jar:/usr/lib/jvm/adoptopenjdk-8-hotspot-amd64/jre/lib/jsse.jar:/usr/lib/jvm/adoptopenjdk-8-hotspot-amd64/jre/lib/jce.jar:/usr/lib/jvm/adoptopenjdk-8-hotspot-amd64/jre/lib/charsets.jar:/usr/lib/jvm/adoptopenjdk-8-hotspot-amd64/jre/lib/jfr.jar:/usr/lib/jvm/adoptopenjdk-8-hotspot-amd64/jre/classes"/>
    <property name="sun.management.compiler" value="HotSpot 64-Bit Tiered Compilers"/>
    <property name="skip.npx" value="true"/>
    <property name="java.runtime.version" value="1.8.0_292-b10"/>
    <property name="java.net.preferIPv4Stack" value="true"/>
    <property name="user.name" value="runner"/>
    <property name="path.separator" value=":"/>
    <property name="java.security.egd" value="file:///dev/urandom"/>
    <property name="os.version" value="5.4.0-1055-azure"/>
    <property name="java.endorsed.dirs" value="/usr/lib/jvm/adoptopenjdk-8-hotspot-amd64/jre/lib/endorsed"/>
    <property name="java.runtime.name" value="OpenJDK Runtime Environment"/>
    <property name="file.encoding" value="UTF-8"/>
    <property name="java.vm.name" value="OpenJDK 64-Bit Server VM"/>
    <property name="test.build.webapps" value=""/>
    <property name="localRepository" value="/home/runner/.m2/repository"/>
    <property name="java.vendor.url.bug" value="https://github.com/AdoptOpenJDK/openjdk-support/issues"/>
    <property name="java.io.tmpdir" value="/tmp"/>
    <property name="require.test.libhadoop" value=""/>
    <property name="java.version" value="1.8.0_292"/>
    <property name="user.dir" value="/home/runner/work/ozone/ozone/hadoop-ozone/integration-test"/>
    <property name="os.arch" value="amd64"/>
    <property name="java.vm.specification.name" value="Java Virtual Machine Specification"/>
    <property name="test.build.classes" value="/home/runner/work/ozone/ozone/hadoop-ozone/integration-test/target/test-classes"/>
    <property name="java.awt.printerjob" value="sun.print.PSPrinterJob"/>
    <property name="sun.os.patch.level" value="unknown"/>
    <property name="hadoop.tmp.dir" value="/home/runner/work/ozone/ozone/hadoop-ozone/integration-test/target/tmp"/>
    <property name="java.library.path" value="/usr/java/packages/lib/amd64:/usr/lib64:/lib64:/lib:/usr/lib"/>
    <property name="java.vm.info" value="mixed mode"/>
    <property name="java.vendor" value="AdoptOpenJDK"/>
    <property name="java.vm.version" value="25.292-b10"/>
    <property name="java.ext.dirs" value="/usr/lib/jvm/adoptopenjdk-8-hotspot-amd64/jre/lib/ext:/usr/java/packages/lib/ext"/>
    <property name="sun.io.unicode.encoding" value="UnicodeLittle"/>
    <property name="java.class.version" value="52.0"/>
  </properties>
  <testcase name="testBootstrapTwoNewOMs" classname="org.apache.hadoop.ozone.om.TestOzoneManagerBootstrap" time="48.221"/>
  <testcase name="testBootstrapOneNewOM" classname="org.apache.hadoop.ozone.om.TestOzoneManagerBootstrap" time="46.666"/>
  <testcase name="testLeaderChangeToNewOM" classname="org.apache.hadoop.ozone.om.TestOzoneManagerBootstrap" time="46.649">
    <error message="Failed init RocksDB, db path : /home/runner/work/ozone/ozone/hadoop-ozone/integration-test/target/test-dir/MiniOzoneClusterImpl-4c935f51-a36a-4569-b515-a26f7be21e7f/omNode-bootstrap-2/om.db, exception :org.rocksdb.RocksDBException lock hold by current process, acquire time 1628580538 acquiring thread 139987977996032: /home/runner/work/ozone/ozone/hadoop-ozone/integration-test/target/test-dir/MiniOzoneClusterImpl-4c935f51-a36a-4569-b515-a26f7be21e7f/omNode-bootstrap-2/om.db/LOCK: No locks available; status : IOError; message : lock hold by current process, acquire time 1628580538 acquiring thread 139987977996032: /home/runner/work/ozone/ozone/hadoop-ozone/integration-test/target/test-dir/MiniOzoneClusterImpl-4c935f51-a36a-4569-b515-a26f7be21e7f/omNode-bootstrap-2/om.db/LOCK: No locks available" type="java.io.IOException"><![CDATA[java.io.IOException: Failed init RocksDB, db path : /home/runner/work/ozone/ozone/hadoop-ozone/integration-test/target/test-dir/MiniOzoneClusterImpl-4c935f51-a36a-4569-b515-a26f7be21e7f/omNode-bootstrap-2/om.db, exception :org.rocksdb.RocksDBException lock hold by current process, acquire time 1628580538 acquiring thread 139987977996032: /home/runner/work/ozone/ozone/hadoop-ozone/integration-test/target/test-dir/MiniOzoneClusterImpl-4c935f51-a36a-4569-b515-a26f7be21e7f/omNode-bootstrap-2/om.db/LOCK: No locks available; status : IOError; message : lock hold by current process, acquire time 1628580538 acquiring thread 139987977996032: /home/runner/work/ozone/ozone/hadoop-ozone/integration-test/target/test-dir/MiniOzoneClusterImpl-4c935f51-a36a-4569-b515-a26f7be21e7f/omNode-bootstrap-2/om.db/LOCK: No locks available
	at org.apache.hadoop.hdds.utils.HddsServerUtil.toIOException(HddsServerUtil.java:564)
	at org.apache.hadoop.hdds.utils.db.RDBStore.<init>(RDBStore.java:164)
	at org.apache.hadoop.hdds.utils.db.DBStoreBuilder.build(DBStoreBuilder.java:191)
	at org.apache.hadoop.ozone.om.OmMetadataManagerImpl.loadDB(OmMetadataManagerImpl.java:397)
	at org.apache.hadoop.ozone.om.OmMetadataManagerImpl.loadDB(OmMetadataManagerImpl.java:387)
	at org.apache.hadoop.ozone.om.OmMetadataManagerImpl.start(OmMetadataManagerImpl.java:379)
	at org.apache.hadoop.ozone.om.OmMetadataManagerImpl.<init>(OmMetadataManagerImpl.java:246)
	at org.apache.hadoop.ozone.om.OzoneManager.instantiateServices(OzoneManager.java:581)
	at org.apache.hadoop.ozone.om.OzoneManager.<init>(OzoneManager.java:505)
	at org.apache.hadoop.ozone.om.OzoneManager.createOm(OzoneManager.java:552)
	at org.apache.hadoop.ozone.MiniOzoneHAClusterImpl.bootstrapNewOM(MiniOzoneHAClusterImpl.java:791)
	at org.apache.hadoop.ozone.MiniOzoneHAClusterImpl.bootstrapOzoneManager(MiniOzoneHAClusterImpl.java:706)
	at org.apache.hadoop.ozone.om.TestOzoneManagerBootstrap.testBootstrapOMs(TestOzoneManagerBootstrap.java:156)
	at org.apache.hadoop.ozone.om.TestOzoneManagerBootstrap.testLeaderChangeToNewOM(TestOzoneManagerBootstrap.java:191)
	at sun.reflect.NativeMethodAccessorImpl.invoke0(Native Method)
	at sun.reflect.NativeMethodAccessorImpl.invoke(NativeMethodAccessorImpl.java:62)
	at sun.reflect.DelegatingMethodAccessorImpl.invoke(DelegatingMethodAccessorImpl.java:43)
	at java.lang.reflect.Method.invoke(Method.java:498)
	at org.junit.runners.model.FrameworkMethod$1.runReflectiveCall(FrameworkMethod.java:59)
	at org.junit.internal.runners.model.ReflectiveCallable.run(ReflectiveCallable.java:12)
	at org.junit.runners.model.FrameworkMethod.invokeExplosively(FrameworkMethod.java:56)
	at org.junit.internal.runners.statements.InvokeMethod.evaluate(InvokeMethod.java:17)
	at org.junit.internal.runners.statements.RunAfters.evaluate(RunAfters.java:27)
	at org.junit.rules.ExpectedException$ExpectedExceptionStatement.evaluate(ExpectedException.java:258)
	at org.junit.internal.runners.statements.FailOnTimeout$CallableStatement.call(FailOnTimeout.java:288)
	at org.junit.internal.runners.statements.FailOnTimeout$CallableStatement.call(FailOnTimeout.java:282)
	at java.util.concurrent.FutureTask.run(FutureTask.java:266)
	at java.lang.Thread.run(Thread.java:748)
Caused by: org.rocksdb.RocksDBException: lock hold by current process, acquire time 1628580538 acquiring thread 139987977996032: /home/runner/work/ozone/ozone/hadoop-ozone/integration-test/target/test-dir/MiniOzoneClusterImpl-4c935f51-a36a-4569-b515-a26f7be21e7f/omNode-bootstrap-2/om.db/LOCK: No locks available
	at org.rocksdb.RocksDB.open(Native Method)
	at org.rocksdb.RocksDB.open(RocksDB.java:306)
	at org.apache.hadoop.hdds.utils.db.RDBStore.<init>(RDBStore.java:119)
	... 26 more
]]></error>
    <system-out><![CDATA[2021-08-10 07:28:30,562 [EndpointStateMachine task thread for /127.0.0.1:13049 - 0 ] INFO  ipc.Client (Client.java:handleConnectionFailure(977)) - Retrying connect to server: localhost/127.0.0.1:13049. Already tried 1 time(s); retry policy is RetryUpToMaximumCountWithFixedSleep(maxRetries=15, sleepTime=1000 MILLISECONDS)
2021-08-10 07:28:30,596 [Time-limited test] WARN  server.ServerUtils (ServerUtils.java:getScmDbDir(148)) - ozone.scm.db.dirs is not configured. We recommend adding this setting. Falling back to ozone.metadata.dirs instead.
2021-08-10 07:28:30,597 [Time-limited test] INFO  ha.SCMHANodeDetails (SCMHANodeDetails.java:loadSCMHAConfig(157)) - ServiceID for StorageContainerManager is scmServiceId
2021-08-10 07:28:30,597 [Time-limited test] INFO  ha.SCMHANodeDetails (SCMHANodeDetails.java:loadSCMHAConfig(168)) - ServiceID for StorageContainerManager is scmServiceId
2021-08-10 07:28:30,597 [Time-limited test] INFO  ha.SCMHANodeDetails (SCMHANodeDetails.java:loadSCMHAConfig(250)) - Found matching SCM address with SCMServiceId: scmServiceId, SCMNodeId: scmNode-1, RPC Address: localhost:14020 and Ratis port: 14020
2021-08-10 07:28:30,597 [Time-limited test] INFO  ha.SCMHANodeDetails (ConfUtils.java:setNodeSpecificConfigs(108)) - Setting configuration key ozone.scm.datanode.address with value of key ozone.scm.datanode.address.scmServiceId.scmNode-1: 127.0.0.1:14021
2021-08-10 07:28:30,597 [Time-limited test] INFO  ha.SCMHANodeDetails (ConfUtils.java:setNodeSpecificConfigs(108)) - Setting configuration key ozone.scm.block.client.address with value of key ozone.scm.block.client.address.scmServiceId.scmNode-1: 127.0.0.1:14022
2021-08-10 07:28:30,597 [Time-limited test] INFO  ha.SCMHANodeDetails (ConfUtils.java:setNodeSpecificConfigs(108)) - Setting configuration key ozone.scm.client.address with value of key ozone.scm.client.address.scmServiceId.scmNode-1: 127.0.0.1:14023
2021-08-10 07:28:30,597 [Time-limited test] INFO  ha.SCMHANodeDetails (ConfUtils.java:setNodeSpecificConfigs(108)) - Setting configuration key ozone.scm.ratis.port with value of key ozone.scm.ratis.port.scmServiceId.scmNode-1: 14020
2021-08-10 07:28:30,597 [Time-limited test] INFO  ha.SCMHANodeDetails (ConfUtils.java:setNodeSpecificConfigs(108)) - Setting configuration key ozone.scm.grpc.port with value of key ozone.scm.grpc.port.scmServiceId.scmNode-1: 14024
2021-08-10 07:28:30,597 [Time-limited test] INFO  ha.SCMHANodeDetails (ConfUtils.java:setNodeSpecificConfigs(108)) - Setting configuration key ozone.scm.http-address with value of key ozone.scm.http-address.scmServiceId.scmNode-1: 127.0.0.1:14018
2021-08-10 07:28:30,597 [Time-limited test] INFO  ha.SCMHANodeDetails (ConfUtils.java:setNodeSpecificConfigs(108)) - Setting configuration key ozone.scm.https-address with value of key ozone.scm.https-address.scmServiceId.scmNode-1: 127.0.0.1:14019
2021-08-10 07:28:30,597 [Time-limited test] INFO  ha.SCMHANodeDetails (ConfUtils.java:setNodeSpecificConfigs(108)) - Setting configuration key ozone.scm.address with value of key ozone.scm.address.scmServiceId.scmNode-1: 127.0.0.1
2021-08-10 07:28:30,598 [Time-limited test] WARN  scm.ScmUtils (ScmUtils.java:logWarn(179)) - ConfigKey ozone.scm.block.client.address is deprecated, For configuring different ports for each SCM use PortConfigKey ozone.scm.block.client.port appended with serviceId and nodeId. If want to configure same port configure ozone.scm.block.client.port
2021-08-10 07:28:30,598 [Time-limited test] WARN  scm.ScmUtils (ScmUtils.java:logWarn(179)) - ConfigKey ozone.scm.client.address is deprecated, For configuring different ports for each SCM use PortConfigKey ozone.scm.client.port appended with serviceId and nodeId. If want to configure same port configure ozone.scm.client.port
2021-08-10 07:28:30,598 [Time-limited test] WARN  scm.ScmUtils (ScmUtils.java:logWarn(179)) - ConfigKey ozone.scm.datanode.address is deprecated, For configuring different ports for each SCM use PortConfigKey ozone.scm.datanode.port appended with serviceId and nodeId. If want to configure same port configure ozone.scm.datanode.port
2021-08-10 07:28:30,606 [Time-limited test] INFO  server.RaftServer (ConfUtils.java:logGet(44)) - raft.rpc.type = GRPC (default)
2021-08-10 07:28:30,606 [Time-limited test] INFO  grpc.GrpcFactory (GrpcFactory.java:checkPooledByteBufAllocatorUseCacheForAllThreads(48)) - PERFORMANCE WARNING: useCacheForAllThreads is true that may cause Netty to create a lot garbage objects and, as a result, trigger GC.
	It is recommended to disable useCacheForAllThreads by setting -Dorg.apache.ratis.thirdparty.io.netty.allocator.useCacheForAllThreads=false in command line.
2021-08-10 07:28:30,607 [Time-limited test] INFO  grpc.GrpcConfigKeys (ConfUtils.java:logGet(44)) - raft.grpc.admin.port = -1 (default)
2021-08-10 07:28:30,607 [Time-limited test] INFO  grpc.GrpcConfigKeys (ConfUtils.java:logGet(44)) - raft.grpc.server.port = 14020 (custom)
2021-08-10 07:28:30,607 [Time-limited test] INFO  grpc.GrpcConfigKeys (ConfUtils.java:logGet(44)) - raft.grpc.client.port = -1 (default)
2021-08-10 07:28:30,607 [Time-limited test] INFO  grpc.GrpcConfigKeys (ConfUtils.java:logGet(44)) - raft.grpc.server.port = 14020 (custom)
2021-08-10 07:28:30,607 [Time-limited test] INFO  grpc.GrpcConfigKeys (ConfUtils.java:logGet(44)) - raft.grpc.server.port = 14020 (custom)
2021-08-10 07:28:30,607 [Time-limited test] INFO  server.GrpcService (ConfUtils.java:logGet(44)) - raft.grpc.message.size.max = 32m (=33554432) (custom)
2021-08-10 07:28:30,607 [Time-limited test] INFO  server.RaftServerConfigKeys (ConfUtils.java:logGet(44)) - raft.server.log.appender.buffer.byte-limit = 33554432 (custom)
2021-08-10 07:28:30,607 [Time-limited test] INFO  server.GrpcService (ConfUtils.java:logGet(44)) - raft.grpc.flow.control.window = 1MB (=1048576) (default)
2021-08-10 07:28:30,607 [Time-limited test] INFO  server.RaftServerConfigKeys (ConfUtils.java:logGet(44)) - raft.server.rpc.request.timeout = 30000ms (custom)
2021-08-10 07:28:30,608 [Time-limited test] INFO  impl.DataStreamServerImpl (ConfUtils.java:logGet(44)) - raft.datastream.type = DISABLED (default)
2021-08-10 07:28:30,608 [Time-limited test] INFO  server.RaftServerConfigKeys (ConfUtils.java:logGet(44)) - raft.server.rpc.slowness.timeout = 120000ms (custom)
2021-08-10 07:28:30,608 [Time-limited test] INFO  server.RaftServerConfigKeys (ConfUtils.java:logGet(44)) - raft.server.leaderelection.leader.step-down.wait-time = 10s (default)
2021-08-10 07:28:30,608 [Time-limited test] INFO  server.RaftServerConfigKeys (ConfUtils.java:logGet(44)) - raft.server.storage.dir = [/home/runner/work/ozone/ozone/hadoop-ozone/integration-test/target/test-dir/MiniOzoneClusterImpl-4c935f51-a36a-4569-b515-a26f7be21e7f/scmNode-1/scm-ha] (custom)
2021-08-10 07:28:30,609 [Time-limited test] INFO  server.RaftServer (RaftServerProxy.java:addNew(95)) - 8ca6ee1f-9342-4413-9dac-77381ef541ed: addNew group-A26F7BE21E7F:[8ca6ee1f-9342-4413-9dac-77381ef541ed|rpc:localhost:14020|priority:0] returns group-A26F7BE21E7F:java.util.concurrent.CompletableFuture@21cca5bd[Not completed]
2021-08-10 07:28:30,609 [pool-377-thread-1] INFO  server.RaftServer$Division (RaftServerImpl.java:<init>(181)) - 8ca6ee1f-9342-4413-9dac-77381ef541ed: new RaftServerImpl for group-A26F7BE21E7F:[8ca6ee1f-9342-4413-9dac-77381ef541ed|rpc:localhost:14020|priority:0] with SCMStateMachine:uninitialized
2021-08-10 07:28:30,617 [pool-377-thread-1] INFO  server.RaftServerConfigKeys (ConfUtils.java:logGet(44)) - raft.server.rpc.timeout.min = 5000ms (custom)
2021-08-10 07:28:30,617 [pool-377-thread-1] INFO  server.RaftServerConfigKeys (ConfUtils.java:logGet(44)) - raft.server.rpc.timeout.max = 5200ms (custom)
2021-08-10 07:28:30,617 [pool-377-thread-1] INFO  server.RaftServerConfigKeys (ConfUtils.java:logGet(44)) - raft.server.rpc.sleep.time = 25ms (default)
2021-08-10 07:28:30,617 [pool-377-thread-1] INFO  server.RaftServerConfigKeys (ConfUtils.java:logGet(44)) - raft.server.rpc.slowness.timeout = 120000ms (custom)
2021-08-10 07:28:30,618 [pool-377-thread-1] INFO  server.RaftServerConfigKeys (ConfUtils.java:logGet(44)) - raft.server.leaderelection.leader.step-down.wait-time = 10s (default)
2021-08-10 07:28:30,618 [pool-377-thread-1] INFO  server.RaftServerConfigKeys (ConfUtils.java:logGet(44)) - raft.server.sleep.deviation.threshold = 300ms (default)
2021-08-10 07:28:30,618 [pool-377-thread-1] INFO  server.RaftServerConfigKeys (ConfUtils.java:logGet(44)) - raft.server.log.appender.install.snapshot.enabled = false (custom)
2021-08-10 07:28:30,618 [pool-377-thread-1] INFO  server.RaftServer$Division (ServerState.java:<init>(105)) - 8ca6ee1f-9342-4413-9dac-77381ef541ed@group-A26F7BE21E7F: ConfigurationManager, init=-1: [8ca6ee1f-9342-4413-9dac-77381ef541ed|rpc:localhost:14020|priority:0], old=null, confs=<EMPTY_MAP>
2021-08-10 07:28:30,618 [pool-377-thread-1] INFO  server.RaftServerConfigKeys (ConfUtils.java:logGet(44)) - raft.server.storage.dir = [/home/runner/work/ozone/ozone/hadoop-ozone/integration-test/target/test-dir/MiniOzoneClusterImpl-4c935f51-a36a-4569-b515-a26f7be21e7f/scmNode-1/scm-ha] (custom)
2021-08-10 07:28:30,618 [pool-377-thread-1] INFO  server.RaftServerConfigKeys (ConfUtils.java:logGet(44)) - raft.server.log.corruption.policy = EXCEPTION (default)
2021-08-10 07:28:30,618 [pool-377-thread-1] INFO  server.RaftServerConfigKeys (ConfUtils.java:logGet(44)) - raft.server.storage.free-space.min = 0MB (=0) (default)
2021-08-10 07:28:30,618 [pool-377-thread-1] INFO  storage.RaftStorageDirectory (RaftStorageDirectoryImpl.java:analyzeStorage(135)) - The storage directory /home/runner/work/ozone/ozone/hadoop-ozone/integration-test/target/test-dir/MiniOzoneClusterImpl-4c935f51-a36a-4569-b515-a26f7be21e7f/scmNode-1/scm-ha/4c935f51-a36a-4569-b515-a26f7be21e7f does not exist. Creating ...
2021-08-10 07:28:30,619 [pool-377-thread-1] INFO  storage.RaftStorageDirectory (RaftStorageDirectoryImpl.java:tryLock(230)) - Lock on /home/runner/work/ozone/ozone/hadoop-ozone/integration-test/target/test-dir/MiniOzoneClusterImpl-4c935f51-a36a-4569-b515-a26f7be21e7f/scmNode-1/scm-ha/4c935f51-a36a-4569-b515-a26f7be21e7f/in_use.lock acquired by nodename 25326@fv-az270-250
2021-08-10 07:28:30,620 [pool-377-thread-1] INFO  storage.RaftStorage (RaftStorageImpl.java:format(89)) - Storage directory /home/runner/work/ozone/ozone/hadoop-ozone/integration-test/target/test-dir/MiniOzoneClusterImpl-4c935f51-a36a-4569-b515-a26f7be21e7f/scmNode-1/scm-ha/4c935f51-a36a-4569-b515-a26f7be21e7f has been successfully formatted.
2021-08-10 07:28:30,620 [pool-377-thread-1] INFO  server.RaftServerConfigKeys (ConfUtils.java:logGet(44)) - raft.server.notification.no-leader.timeout = 60s (default)
2021-08-10 07:28:30,620 [pool-377-thread-1] INFO  server.RaftServerConfigKeys (ConfUtils.java:logGet(44)) - raft.server.log.use.memory = false (default)
2021-08-10 07:28:30,620 [pool-377-thread-1] INFO  server.RaftServerConfigKeys (ConfUtils.java:logGet(44)) - raft.server.log.purge.gap = 1000000 (custom)
2021-08-10 07:28:30,620 [pool-377-thread-1] INFO  server.RaftServerConfigKeys (ConfUtils.java:logGet(44)) - raft.server.log.appender.buffer.byte-limit = 33554432 (custom)
2021-08-10 07:28:30,620 [pool-377-thread-1] INFO  server.RaftServerConfigKeys (ConfUtils.java:logGet(44)) - raft.server.log.segment.size.max = 16384 (custom)
2021-08-10 07:28:30,621 [pool-377-thread-1] INFO  server.RaftServerConfigKeys (ConfUtils.java:logGet(44)) - raft.server.log.segment.cache.num.max = 2 (custom)
2021-08-10 07:28:30,621 [pool-377-thread-1] INFO  server.RaftServerConfigKeys (ConfUtils.java:logGet(44)) - raft.server.log.segment.cache.size.max = 200MB (=209715200) (default)
2021-08-10 07:28:30,621 [pool-377-thread-1] INFO  segmented.SegmentedRaftLogWorker (SegmentedRaftLogWorker.java:<init>(182)) - new 8ca6ee1f-9342-4413-9dac-77381ef541ed@group-A26F7BE21E7F-SegmentedRaftLogWorker for RaftStorageImpl:Storage Directory /home/runner/work/ozone/ozone/hadoop-ozone/integration-test/target/test-dir/MiniOzoneClusterImpl-4c935f51-a36a-4569-b515-a26f7be21e7f/scmNode-1/scm-ha/4c935f51-a36a-4569-b515-a26f7be21e7f
2021-08-10 07:28:30,621 [pool-377-thread-1] INFO  server.RaftServerConfigKeys (ConfUtils.java:logGet(44)) - raft.server.log.queue.byte-limit = 64MB (=67108864) (default)
2021-08-10 07:28:30,621 [pool-377-thread-1] INFO  server.RaftServerConfigKeys (ConfUtils.java:logGet(44)) - raft.server.log.queue.element-limit = 4096 (default)
2021-08-10 07:28:30,621 [pool-377-thread-1] INFO  server.RaftServerConfigKeys (ConfUtils.java:logGet(44)) - raft.server.log.segment.size.max = 16384 (custom)
2021-08-10 07:28:30,621 [pool-377-thread-1] INFO  server.RaftServerConfigKeys (ConfUtils.java:logGet(44)) - raft.server.log.preallocated.size = 16384 (custom)
2021-08-10 07:28:30,621 [pool-377-thread-1] INFO  server.RaftServerConfigKeys (ConfUtils.java:logGet(44)) - raft.server.log.force.sync.num = 128 (default)
2021-08-10 07:28:30,621 [pool-377-thread-1] INFO  server.RaftServerConfigKeys (ConfUtils.java:logGet(44)) - raft.server.log.statemachine.data.sync = true (default)
2021-08-10 07:28:30,621 [pool-377-thread-1] INFO  server.RaftServerConfigKeys (ConfUtils.java:logGet(44)) - raft.server.log.statemachine.data.sync.timeout = 10s (default)
2021-08-10 07:28:30,621 [pool-377-thread-1] INFO  server.RaftServerConfigKeys (ConfUtils.java:logGet(44)) - raft.server.log.statemachine.data.sync.timeout.retry = -1 (default)
2021-08-10 07:28:30,621 [pool-377-thread-1] INFO  server.RaftServerConfigKeys (ConfUtils.java:logGet(44)) - raft.server.log.write.buffer.size = 64KB (=65536) (default)
2021-08-10 07:28:30,621 [pool-377-thread-1] INFO  server.RaftServerConfigKeys (ConfUtils.java:logGet(44)) - raft.server.log.statemachine.data.caching.enabled = false (default)
2021-08-10 07:28:30,622 [pool-377-thread-1] INFO  segmented.SegmentedRaftLogWorker (SegmentedRaftLogWorker.java:lambda$new$0(133)) - 8ca6ee1f-9342-4413-9dac-77381ef541ed@group-A26F7BE21E7F-SegmentedRaftLogWorker: flushIndex: setUnconditionally 0 -> -1
2021-08-10 07:28:30,622 [pool-377-thread-1] INFO  segmented.SegmentedRaftLogWorker (SegmentedRaftLogWorker.java:lambda$new$0(133)) - 8ca6ee1f-9342-4413-9dac-77381ef541ed@group-A26F7BE21E7F-SegmentedRaftLogWorker: safeCacheEvictIndex: setUnconditionally 0 -> -1
2021-08-10 07:28:30,625 [pool-377-thread-1] INFO  server.RaftServerConfigKeys (ConfUtils.java:logGet(44)) - raft.server.snapshot.auto.trigger.enabled = true (custom)
2021-08-10 07:28:30,625 [pool-377-thread-1] INFO  server.RaftServerConfigKeys (ConfUtils.java:logGet(44)) - raft.server.snapshot.auto.trigger.threshold = 1000 (custom)
2021-08-10 07:28:30,625 [pool-377-thread-1] INFO  server.RaftServerConfigKeys (ConfUtils.java:logGet(44)) - raft.server.snapshot.retention.file.num = -1 (default)
2021-08-10 07:28:30,625 [pool-377-thread-1] INFO  server.RaftServerConfigKeys (ConfUtils.java:logGet(44)) - raft.server.log.purge.upto.snapshot.index = false (default)
2021-08-10 07:28:30,625 [pool-377-thread-1] INFO  server.RaftServerConfigKeys (ConfUtils.java:logGet(44)) - raft.server.retrycache.expirytime = 60000ms (default)
2021-08-10 07:28:30,625 [pool-377-thread-1] INFO  server.RaftServerConfigKeys (ConfUtils.java:logGet(44)) - raft.server.retrycache.statistics.expirytime = 100μs (default)
2021-08-10 07:28:30,626 [Time-limited test] INFO  server.RaftServer$Division (RaftServerImpl.java:start(296)) - 8ca6ee1f-9342-4413-9dac-77381ef541ed@group-A26F7BE21E7F: start as a follower, conf=-1: [8ca6ee1f-9342-4413-9dac-77381ef541ed|rpc:localhost:14020|priority:0], old=null
2021-08-10 07:28:30,626 [Time-limited test] INFO  server.RaftServer$Division (RaftServerImpl.java:setRole(285)) - 8ca6ee1f-9342-4413-9dac-77381ef541ed@group-A26F7BE21E7F: changes role from      null to FOLLOWER at term 0 for startAsFollower
2021-08-10 07:28:30,626 [Time-limited test] INFO  impl.RoleInfo (RoleInfo.java:updateAndGet(130)) - 8ca6ee1f-9342-4413-9dac-77381ef541ed: start 8ca6ee1f-9342-4413-9dac-77381ef541ed@group-A26F7BE21E7F-FollowerState
2021-08-10 07:28:30,627 [Time-limited test] INFO  util.JmxRegister (JmxRegister.java:tryRegister(44)) - Successfully registered JMX Bean with object name Ratis:service=RaftServer,group=group-A26F7BE21E7F,id=8ca6ee1f-9342-4413-9dac-77381ef541ed
2021-08-10 07:28:30,627 [Time-limited test] INFO  server.RaftServer (RaftServerProxy.java:lambda$start$5(374)) - 8ca6ee1f-9342-4413-9dac-77381ef541ed: start RPC server
2021-08-10 07:28:30,628 [Time-limited test] INFO  server.GrpcService (GrpcService.java:startImpl(253)) - 8ca6ee1f-9342-4413-9dac-77381ef541ed: GrpcService started, listening on 14020
2021-08-10 07:28:30,628 [org.apache.ratis.util.JvmPauseMonitor$$Lambda$430/1002246805@21384b57] INFO  util.JvmPauseMonitor (JvmPauseMonitor.java:run(103)) - JvmPauseMonitor-8ca6ee1f-9342-4413-9dac-77381ef541ed: Started
2021-08-10 07:28:31,508 [EndpointStateMachine task thread for /127.0.0.1:15917 - 0 ] INFO  ipc.Client (Client.java:handleConnectionFailure(977)) - Retrying connect to server: localhost/127.0.0.1:15917. Already tried 3 time(s); retry policy is RetryUpToMaximumCountWithFixedSleep(maxRetries=15, sleepTime=1000 MILLISECONDS)
2021-08-10 07:28:31,563 [EndpointStateMachine task thread for /127.0.0.1:13049 - 0 ] INFO  ipc.Client (Client.java:handleConnectionFailure(977)) - Retrying connect to server: localhost/127.0.0.1:13049. Already tried 2 time(s); retry policy is RetryUpToMaximumCountWithFixedSleep(maxRetries=15, sleepTime=1000 MILLISECONDS)
2021-08-10 07:28:32,509 [EndpointStateMachine task thread for /127.0.0.1:15917 - 0 ] INFO  ipc.Client (Client.java:handleConnectionFailure(977)) - Retrying connect to server: localhost/127.0.0.1:15917. Already tried 4 time(s); retry policy is RetryUpToMaximumCountWithFixedSleep(maxRetries=15, sleepTime=1000 MILLISECONDS)
2021-08-10 07:28:32,565 [EndpointStateMachine task thread for /127.0.0.1:13049 - 0 ] INFO  ipc.Client (Client.java:handleConnectionFailure(977)) - Retrying connect to server: localhost/127.0.0.1:13049. Already tried 3 time(s); retry policy is RetryUpToMaximumCountWithFixedSleep(maxRetries=15, sleepTime=1000 MILLISECONDS)
2021-08-10 07:28:33,510 [EndpointStateMachine task thread for /127.0.0.1:15917 - 0 ] INFO  ipc.Client (Client.java:handleConnectionFailure(977)) - Retrying connect to server: localhost/127.0.0.1:15917. Already tried 5 time(s); retry policy is RetryUpToMaximumCountWithFixedSleep(maxRetries=15, sleepTime=1000 MILLISECONDS)
2021-08-10 07:28:33,565 [EndpointStateMachine task thread for /127.0.0.1:13049 - 0 ] INFO  ipc.Client (Client.java:handleConnectionFailure(977)) - Retrying connect to server: localhost/127.0.0.1:13049. Already tried 4 time(s); retry policy is RetryUpToMaximumCountWithFixedSleep(maxRetries=15, sleepTime=1000 MILLISECONDS)
2021-08-10 07:28:34,511 [EndpointStateMachine task thread for /127.0.0.1:15917 - 0 ] INFO  ipc.Client (Client.java:handleConnectionFailure(977)) - Retrying connect to server: localhost/127.0.0.1:15917. Already tried 6 time(s); retry policy is RetryUpToMaximumCountWithFixedSleep(maxRetries=15, sleepTime=1000 MILLISECONDS)
2021-08-10 07:28:34,569 [EndpointStateMachine task thread for /127.0.0.1:13049 - 0 ] INFO  ipc.Client (Client.java:handleConnectionFailure(977)) - Retrying connect to server: localhost/127.0.0.1:13049. Already tried 5 time(s); retry policy is RetryUpToMaximumCountWithFixedSleep(maxRetries=15, sleepTime=1000 MILLISECONDS)
2021-08-10 07:28:35,511 [EndpointStateMachine task thread for /127.0.0.1:15917 - 0 ] INFO  ipc.Client (Client.java:handleConnectionFailure(977)) - Retrying connect to server: localhost/127.0.0.1:15917. Already tried 7 time(s); retry policy is RetryUpToMaximumCountWithFixedSleep(maxRetries=15, sleepTime=1000 MILLISECONDS)
2021-08-10 07:28:35,570 [EndpointStateMachine task thread for /127.0.0.1:13049 - 0 ] INFO  ipc.Client (Client.java:handleConnectionFailure(977)) - Retrying connect to server: localhost/127.0.0.1:13049. Already tried 6 time(s); retry policy is RetryUpToMaximumCountWithFixedSleep(maxRetries=15, sleepTime=1000 MILLISECONDS)
2021-08-10 07:28:35,730 [8ca6ee1f-9342-4413-9dac-77381ef541ed@group-A26F7BE21E7F-FollowerState] INFO  impl.FollowerState (FollowerState.java:run(134)) - 8ca6ee1f-9342-4413-9dac-77381ef541ed@group-A26F7BE21E7F-FollowerState: change to CANDIDATE, lastRpcElapsedTime:5104168302ns, electionTimeout:5103ms
2021-08-10 07:28:35,731 [8ca6ee1f-9342-4413-9dac-77381ef541ed@group-A26F7BE21E7F-FollowerState] INFO  impl.RoleInfo (RoleInfo.java:shutdownFollowerState(108)) - 8ca6ee1f-9342-4413-9dac-77381ef541ed: shutdown 8ca6ee1f-9342-4413-9dac-77381ef541ed@group-A26F7BE21E7F-FollowerState
2021-08-10 07:28:35,731 [8ca6ee1f-9342-4413-9dac-77381ef541ed@group-A26F7BE21E7F-FollowerState] INFO  server.RaftServer$Division (RaftServerImpl.java:setRole(285)) - 8ca6ee1f-9342-4413-9dac-77381ef541ed@group-A26F7BE21E7F: changes role from  FOLLOWER to CANDIDATE at term 0 for changeToCandidate
2021-08-10 07:28:35,731 [8ca6ee1f-9342-4413-9dac-77381ef541ed@group-A26F7BE21E7F-FollowerState] INFO  server.RaftServerConfigKeys (ConfUtils.java:logGet(44)) - raft.server.leaderelection.pre-vote = false (custom)
2021-08-10 07:28:35,731 [8ca6ee1f-9342-4413-9dac-77381ef541ed@group-A26F7BE21E7F-FollowerState] INFO  impl.RoleInfo (RoleInfo.java:updateAndGet(130)) - 8ca6ee1f-9342-4413-9dac-77381ef541ed: start 8ca6ee1f-9342-4413-9dac-77381ef541ed@group-A26F7BE21E7F-LeaderElection25
2021-08-10 07:28:35,754 [8ca6ee1f-9342-4413-9dac-77381ef541ed@group-A26F7BE21E7F-LeaderElection25] INFO  impl.LeaderElection (LeaderElection.java:askForVotes(306)) - 8ca6ee1f-9342-4413-9dac-77381ef541ed@group-A26F7BE21E7F-LeaderElection25 ELECTION round 0: submit vote requests at term 1 for -1: [8ca6ee1f-9342-4413-9dac-77381ef541ed|rpc:localhost:14020|priority:0], old=null
2021-08-10 07:28:35,754 [8ca6ee1f-9342-4413-9dac-77381ef541ed@group-A26F7BE21E7F-LeaderElection25] INFO  impl.LeaderElection (LeaderElection.java:askForVotes(308)) - 8ca6ee1f-9342-4413-9dac-77381ef541ed@group-A26F7BE21E7F-LeaderElection25 ELECTION round 0: result PASSED (term=1)
2021-08-10 07:28:35,754 [8ca6ee1f-9342-4413-9dac-77381ef541ed@group-A26F7BE21E7F-LeaderElection25] INFO  impl.RoleInfo (RoleInfo.java:shutdownLeaderElection(121)) - 8ca6ee1f-9342-4413-9dac-77381ef541ed: shutdown 8ca6ee1f-9342-4413-9dac-77381ef541ed@group-A26F7BE21E7F-LeaderElection25
2021-08-10 07:28:35,754 [8ca6ee1f-9342-4413-9dac-77381ef541ed@group-A26F7BE21E7F-LeaderElection25] INFO  server.RaftServer$Division (RaftServerImpl.java:setRole(285)) - 8ca6ee1f-9342-4413-9dac-77381ef541ed@group-A26F7BE21E7F: changes role from CANDIDATE to LEADER at term 1 for changeToLeader
2021-08-10 07:28:35,754 [8ca6ee1f-9342-4413-9dac-77381ef541ed@group-A26F7BE21E7F-LeaderElection25] INFO  server.RaftServer$Division (ServerState.java:setLeader(285)) - 8ca6ee1f-9342-4413-9dac-77381ef541ed@group-A26F7BE21E7F: change Leader from null to 8ca6ee1f-9342-4413-9dac-77381ef541ed at term 1 for becomeLeader, leader elected after 5134ms
2021-08-10 07:28:35,754 [8ca6ee1f-9342-4413-9dac-77381ef541ed@group-A26F7BE21E7F-LeaderElection25] INFO  server.RaftServerConfigKeys (ConfUtils.java:logGet(44)) - raft.server.staging.catchup.gap = 1000 (default)
2021-08-10 07:28:35,754 [8ca6ee1f-9342-4413-9dac-77381ef541ed@group-A26F7BE21E7F-LeaderElection25] INFO  server.RaftServerConfigKeys (ConfUtils.java:logGet(44)) - raft.server.write.element-limit = 4096 (default)
2021-08-10 07:28:35,754 [8ca6ee1f-9342-4413-9dac-77381ef541ed@group-A26F7BE21E7F-LeaderElection25] INFO  server.RaftServerConfigKeys (ConfUtils.java:logGet(44)) - raft.server.write.byte-limit = 64MB (=67108864) (default)
2021-08-10 07:28:35,755 [8ca6ee1f-9342-4413-9dac-77381ef541ed@group-A26F7BE21E7F-LeaderElection25] INFO  server.RaftServerConfigKeys (ConfUtils.java:logGet(44)) - raft.server.watch.timeout = 10s (default)
2021-08-10 07:28:35,755 [8ca6ee1f-9342-4413-9dac-77381ef541ed@group-A26F7BE21E7F-LeaderElection25] INFO  server.RaftServerConfigKeys (ConfUtils.java:logGet(44)) - raft.server.watch.timeout.denomination = 1s (default)
2021-08-10 07:28:35,755 [8ca6ee1f-9342-4413-9dac-77381ef541ed@group-A26F7BE21E7F-LeaderElection25] INFO  server.RaftServerConfigKeys (ConfUtils.java:logGet(44)) - raft.server.watch.element-limit = 65536 (default)
2021-08-10 07:28:35,757 [8ca6ee1f-9342-4413-9dac-77381ef541ed@group-A26F7BE21E7F-LeaderElection25] INFO  impl.RoleInfo (RoleInfo.java:updateAndGet(130)) - 8ca6ee1f-9342-4413-9dac-77381ef541ed: start 8ca6ee1f-9342-4413-9dac-77381ef541ed@group-A26F7BE21E7F-LeaderStateImpl
2021-08-10 07:28:35,757 [8ca6ee1f-9342-4413-9dac-77381ef541ed@group-A26F7BE21E7F-LeaderElection25] INFO  segmented.SegmentedRaftLogWorker (SegmentedRaftLogWorker.java:startLogSegment(394)) - 8ca6ee1f-9342-4413-9dac-77381ef541ed@group-A26F7BE21E7F-SegmentedRaftLogWorker: Starting segment from index:0
2021-08-10 07:28:35,759 [8ca6ee1f-9342-4413-9dac-77381ef541ed@group-A26F7BE21E7F-LeaderElection25] INFO  server.RaftServer$Division (ServerState.java:setRaftConf(387)) - 8ca6ee1f-9342-4413-9dac-77381ef541ed@group-A26F7BE21E7F: set configuration 0: [8ca6ee1f-9342-4413-9dac-77381ef541ed|rpc:localhost:14020|admin:|client:|dataStream:|priority:0], old=null
2021-08-10 07:28:35,765 [8ca6ee1f-9342-4413-9dac-77381ef541ed@group-A26F7BE21E7F-SegmentedRaftLogWorker] INFO  segmented.SegmentedRaftLogWorker (SegmentedRaftLogWorker.java:execute(601)) - 8ca6ee1f-9342-4413-9dac-77381ef541ed@group-A26F7BE21E7F-SegmentedRaftLogWorker: created new log segment /home/runner/work/ozone/ozone/hadoop-ozone/integration-test/target/test-dir/MiniOzoneClusterImpl-4c935f51-a36a-4569-b515-a26f7be21e7f/scmNode-1/scm-ha/4c935f51-a36a-4569-b515-a26f7be21e7f/current/log_inprogress_0
2021-08-10 07:28:36,512 [EndpointStateMachine task thread for /127.0.0.1:15917 - 0 ] INFO  ipc.Client (Client.java:handleConnectionFailure(977)) - Retrying connect to server: localhost/127.0.0.1:15917. Already tried 8 time(s); retry policy is RetryUpToMaximumCountWithFixedSleep(maxRetries=15, sleepTime=1000 MILLISECONDS)
2021-08-10 07:28:36,570 [EndpointStateMachine task thread for /127.0.0.1:13049 - 0 ] INFO  ipc.Client (Client.java:handleConnectionFailure(977)) - Retrying connect to server: localhost/127.0.0.1:13049. Already tried 7 time(s); retry policy is RetryUpToMaximumCountWithFixedSleep(maxRetries=15, sleepTime=1000 MILLISECONDS)
2021-08-10 07:28:36,629 [Time-limited test] INFO  server.RaftServer (RaftServerProxy.java:lambda$close$6(391)) - 8ca6ee1f-9342-4413-9dac-77381ef541ed: close
2021-08-10 07:28:36,629 [Time-limited test] INFO  server.RaftServer$Division (RaftServerImpl.java:lambda$close$4(407)) - 8ca6ee1f-9342-4413-9dac-77381ef541ed@group-A26F7BE21E7F: shutdown
2021-08-10 07:28:36,629 [Time-limited test] INFO  util.JmxRegister (JmxRegister.java:unregister(73)) - Successfully un-registered JMX Bean with object name Ratis:service=RaftServer,group=group-A26F7BE21E7F,id=8ca6ee1f-9342-4413-9dac-77381ef541ed
2021-08-10 07:28:36,629 [Time-limited test] INFO  impl.RoleInfo (RoleInfo.java:shutdownLeaderState(91)) - 8ca6ee1f-9342-4413-9dac-77381ef541ed: shutdown 8ca6ee1f-9342-4413-9dac-77381ef541ed@group-A26F7BE21E7F-LeaderStateImpl
2021-08-10 07:28:36,629 [Time-limited test] INFO  impl.PendingRequests (PendingRequests.java:sendNotLeaderResponses(249)) - 8ca6ee1f-9342-4413-9dac-77381ef541ed@group-A26F7BE21E7F-PendingRequests: sendNotLeaderResponses
2021-08-10 07:28:36,630 [Time-limited test] INFO  impl.StateMachineUpdater (StateMachineUpdater.java:stopAndJoin(149)) - 8ca6ee1f-9342-4413-9dac-77381ef541ed@group-A26F7BE21E7F-StateMachineUpdater: set stopIndex = 0
2021-08-10 07:28:36,630 [8ca6ee1f-9342-4413-9dac-77381ef541ed@group-A26F7BE21E7F-StateMachineUpdater] INFO  impl.StateMachineUpdater (StateMachineUpdater.java:takeSnapshot(281)) - 8ca6ee1f-9342-4413-9dac-77381ef541ed@group-A26F7BE21E7F-StateMachineUpdater: Took a snapshot at index 0
2021-08-10 07:28:36,630 [8ca6ee1f-9342-4413-9dac-77381ef541ed@group-A26F7BE21E7F-StateMachineUpdater] INFO  impl.StateMachineUpdater (StateMachineUpdater.java:lambda$new$0(89)) - 8ca6ee1f-9342-4413-9dac-77381ef541ed@group-A26F7BE21E7F-StateMachineUpdater: snapshotIndex: updateIncreasingly -1 -> 0
2021-08-10 07:28:36,632 [Time-limited test] INFO  server.RaftServer$Division (ServerState.java:close(419)) - 8ca6ee1f-9342-4413-9dac-77381ef541ed@group-A26F7BE21E7F: closes. applyIndex: 0
2021-08-10 07:28:36,632 [8ca6ee1f-9342-4413-9dac-77381ef541ed@group-A26F7BE21E7F-SegmentedRaftLogWorker] INFO  segmented.SegmentedRaftLogWorker (SegmentedRaftLogWorker.java:run(327)) - 8ca6ee1f-9342-4413-9dac-77381ef541ed@group-A26F7BE21E7F-SegmentedRaftLogWorker was interrupted, exiting. There are 0 tasks remaining in the queue.
2021-08-10 07:28:36,633 [Time-limited test] INFO  segmented.SegmentedRaftLogWorker (SegmentedRaftLogWorker.java:close(237)) - 8ca6ee1f-9342-4413-9dac-77381ef541ed@group-A26F7BE21E7F-SegmentedRaftLogWorker close()
2021-08-10 07:28:36,633 [Time-limited test] INFO  server.GrpcService (GrpcService.java:closeImpl(262)) - 8ca6ee1f-9342-4413-9dac-77381ef541ed: shutdown server with port 14020 now
2021-08-10 07:28:36,634 [Time-limited test] INFO  server.GrpcService (GrpcService.java:closeImpl(271)) - 8ca6ee1f-9342-4413-9dac-77381ef541ed: shutdown server with port 14020 successfully
2021-08-10 07:28:36,634 [org.apache.ratis.util.JvmPauseMonitor$$Lambda$430/1002246805@21384b57] INFO  util.JvmPauseMonitor (JvmPauseMonitor.java:run(109)) - JvmPauseMonitor-8ca6ee1f-9342-4413-9dac-77381ef541ed: Stopped
2021-08-10 07:28:36,635 [Time-limited test] WARN  server.ServerUtils (ServerUtils.java:getScmDbDir(148)) - ozone.scm.db.dirs is not configured. We recommend adding this setting. Falling back to ozone.metadata.dirs instead.
2021-08-10 07:28:36,644 [Time-limited test] INFO  server.StorageContainerManager (StorageContainerManager.java:scmInit(1018)) - SCM initialization succeeded. Current cluster id for sd=/home/runner/work/ozone/ozone/hadoop-ozone/integration-test/target/test-dir/MiniOzoneClusterImpl-4c935f51-a36a-4569-b515-a26f7be21e7f/scmNode-1/scm; cid=4c935f51-a36a-4569-b515-a26f7be21e7f; layoutVersion=2; scmId=8ca6ee1f-9342-4413-9dac-77381ef541ed
2021-08-10 07:28:36,644 [Time-limited test] INFO  ha.SCMHANodeDetails (SCMHANodeDetails.java:loadSCMHAConfig(157)) - ServiceID for StorageContainerManager is scmServiceId
2021-08-10 07:28:36,644 [Time-limited test] INFO  ha.SCMHANodeDetails (SCMHANodeDetails.java:loadSCMHAConfig(168)) - ServiceID for StorageContainerManager is scmServiceId
2021-08-10 07:28:36,644 [Time-limited test] INFO  ha.SCMHANodeDetails (SCMHANodeDetails.java:loadSCMHAConfig(250)) - Found matching SCM address with SCMServiceId: scmServiceId, SCMNodeId: scmNode-1, RPC Address: localhost:14020 and Ratis port: 14020
2021-08-10 07:28:36,644 [Time-limited test] INFO  ha.SCMHANodeDetails (ConfUtils.java:setNodeSpecificConfigs(108)) - Setting configuration key ozone.scm.datanode.address with value of key ozone.scm.datanode.address.scmServiceId.scmNode-1: 127.0.0.1:14021
2021-08-10 07:28:36,644 [Time-limited test] INFO  ha.SCMHANodeDetails (ConfUtils.java:setNodeSpecificConfigs(108)) - Setting configuration key ozone.scm.block.client.address with value of key ozone.scm.block.client.address.scmServiceId.scmNode-1: 127.0.0.1:14022
2021-08-10 07:28:36,644 [Time-limited test] INFO  ha.SCMHANodeDetails (ConfUtils.java:setNodeSpecificConfigs(108)) - Setting configuration key ozone.scm.client.address with value of key ozone.scm.client.address.scmServiceId.scmNode-1: 127.0.0.1:14023
2021-08-10 07:28:36,644 [Time-limited test] INFO  ha.SCMHANodeDetails (ConfUtils.java:setNodeSpecificConfigs(108)) - Setting configuration key ozone.scm.ratis.port with value of key ozone.scm.ratis.port.scmServiceId.scmNode-1: 14020
2021-08-10 07:28:36,644 [Time-limited test] INFO  ha.SCMHANodeDetails (ConfUtils.java:setNodeSpecificConfigs(108)) - Setting configuration key ozone.scm.grpc.port with value of key ozone.scm.grpc.port.scmServiceId.scmNode-1: 14024
2021-08-10 07:28:36,644 [Time-limited test] INFO  ha.SCMHANodeDetails (ConfUtils.java:setNodeSpecificConfigs(108)) - Setting configuration key ozone.scm.http-address with value of key ozone.scm.http-address.scmServiceId.scmNode-1: 127.0.0.1:14018
2021-08-10 07:28:36,644 [Time-limited test] INFO  ha.SCMHANodeDetails (ConfUtils.java:setNodeSpecificConfigs(108)) - Setting configuration key ozone.scm.https-address with value of key ozone.scm.https-address.scmServiceId.scmNode-1: 127.0.0.1:14019
2021-08-10 07:28:36,644 [Time-limited test] INFO  ha.SCMHANodeDetails (ConfUtils.java:setNodeSpecificConfigs(108)) - Setting configuration key ozone.scm.address with value of key ozone.scm.address.scmServiceId.scmNode-1: 127.0.0.1
2021-08-10 07:28:36,645 [Time-limited test] WARN  scm.ScmUtils (ScmUtils.java:logWarn(179)) - ConfigKey ozone.scm.block.client.address is deprecated, For configuring different ports for each SCM use PortConfigKey ozone.scm.block.client.port appended with serviceId and nodeId. If want to configure same port configure ozone.scm.block.client.port
2021-08-10 07:28:36,645 [Time-limited test] WARN  scm.ScmUtils (ScmUtils.java:logWarn(179)) - ConfigKey ozone.scm.client.address is deprecated, For configuring different ports for each SCM use PortConfigKey ozone.scm.client.port appended with serviceId and nodeId. If want to configure same port configure ozone.scm.client.port
2021-08-10 07:28:36,645 [Time-limited test] WARN  scm.ScmUtils (ScmUtils.java:logWarn(179)) - ConfigKey ozone.scm.datanode.address is deprecated, For configuring different ports for each SCM use PortConfigKey ozone.scm.datanode.port appended with serviceId and nodeId. If want to configure same port configure ozone.scm.datanode.port
2021-08-10 07:28:36,645 [Time-limited test] WARN  server.ServerUtils (ServerUtils.java:getScmDbDir(148)) - ozone.scm.db.dirs is not configured. We recommend adding this setting. Falling back to ozone.metadata.dirs instead.
2021-08-10 07:28:36,645 [Time-limited test] INFO  upgrade.AbstractLayoutVersionManager (AbstractLayoutVersionManager.java:init(70)) - Initializing Layout version manager with metadata layout = SCM_HA (version = 2), software layout = SCM_HA (version = 2)
2021-08-10 07:28:36,725 [Time-limited test] INFO  reflections.Reflections (Reflections.java:scan(232)) - Reflections took 79 ms to scan 7 urls, producing 120 keys and 275 values 
2021-08-10 07:28:36,735 [Time-limited test] WARN  utils.HAUtils (HAUtils.java:getMetaDir(342)) - ozone.scm.db.dirs is not configured. We recommend adding this setting. Falling back to ozone.metadata.dirs instead.
2021-08-10 07:28:36,742 [Time-limited test] WARN  db.DBStoreBuilder (DBStoreBuilder.java:applyDBDefinition(145)) - ozone.scm.db.dirs is not configured. We recommend adding this setting. Falling back to ozone.metadata.dirs instead.
2021-08-10 07:28:36,861 [Time-limited test] INFO  net.NodeSchemaLoader (NodeSchemaLoader.java:loadSchemaFromFile(129)) - Loading schema from [jar:file:/home/runner/.m2/repository/org/apache/ozone/hdds-common/1.2.0-SNAPSHOT/hdds-common-1.2.0-SNAPSHOT.jar!/network-topology-default.xml]
2021-08-10 07:28:36,861 [Time-limited test] INFO  net.NodeSchemaLoader (NodeSchemaLoader.java:loadSchema(176)) - Loading network topology layer schema file
2021-08-10 07:28:36,878 [Time-limited test] INFO  ha.SCMRatisServerImpl (SCMRatisServerImpl.java:<init>(85)) - starting Raft server for scm:8ca6ee1f-9342-4413-9dac-77381ef541ed
2021-08-10 07:28:36,878 [Time-limited test] INFO  server.RaftServer (ConfUtils.java:logGet(44)) - raft.rpc.type = GRPC (default)
2021-08-10 07:28:36,879 [Time-limited test] INFO  grpc.GrpcFactory (GrpcFactory.java:checkPooledByteBufAllocatorUseCacheForAllThreads(48)) - PERFORMANCE WARNING: useCacheForAllThreads is true that may cause Netty to create a lot garbage objects and, as a result, trigger GC.
	It is recommended to disable useCacheForAllThreads by setting -Dorg.apache.ratis.thirdparty.io.netty.allocator.useCacheForAllThreads=false in command line.
2021-08-10 07:28:36,879 [Time-limited test] INFO  grpc.GrpcConfigKeys (ConfUtils.java:logGet(44)) - raft.grpc.admin.port = -1 (default)
2021-08-10 07:28:36,879 [Time-limited test] INFO  grpc.GrpcConfigKeys (ConfUtils.java:logGet(44)) - raft.grpc.server.port = 14020 (custom)
2021-08-10 07:28:36,879 [Time-limited test] INFO  grpc.GrpcConfigKeys (ConfUtils.java:logGet(44)) - raft.grpc.client.port = -1 (default)
2021-08-10 07:28:36,879 [Time-limited test] INFO  grpc.GrpcConfigKeys (ConfUtils.java:logGet(44)) - raft.grpc.server.port = 14020 (custom)
2021-08-10 07:28:36,879 [Time-limited test] INFO  grpc.GrpcConfigKeys (ConfUtils.java:logGet(44)) - raft.grpc.server.port = 14020 (custom)
2021-08-10 07:28:36,879 [Time-limited test] INFO  server.GrpcService (ConfUtils.java:logGet(44)) - raft.grpc.message.size.max = 32m (=33554432) (custom)
2021-08-10 07:28:36,879 [Time-limited test] INFO  server.RaftServerConfigKeys (ConfUtils.java:logGet(44)) - raft.server.log.appender.buffer.byte-limit = 33554432 (custom)
2021-08-10 07:28:36,879 [Time-limited test] INFO  server.GrpcService (ConfUtils.java:logGet(44)) - raft.grpc.flow.control.window = 1MB (=1048576) (default)
2021-08-10 07:28:36,879 [Time-limited test] INFO  server.RaftServerConfigKeys (ConfUtils.java:logGet(44)) - raft.server.rpc.request.timeout = 30000ms (custom)
2021-08-10 07:28:36,880 [Time-limited test] INFO  impl.DataStreamServerImpl (ConfUtils.java:logGet(44)) - raft.datastream.type = DISABLED (default)
2021-08-10 07:28:36,881 [Time-limited test] INFO  server.RaftServerConfigKeys (ConfUtils.java:logGet(44)) - raft.server.rpc.slowness.timeout = 120000ms (custom)
2021-08-10 07:28:36,881 [Time-limited test] INFO  server.RaftServerConfigKeys (ConfUtils.java:logGet(44)) - raft.server.leaderelection.leader.step-down.wait-time = 10s (default)
2021-08-10 07:28:36,881 [Time-limited test] INFO  server.RaftServerConfigKeys (ConfUtils.java:logGet(44)) - raft.server.storage.dir = [/home/runner/work/ozone/ozone/hadoop-ozone/integration-test/target/test-dir/MiniOzoneClusterImpl-4c935f51-a36a-4569-b515-a26f7be21e7f/scmNode-1/scm-ha] (custom)
2021-08-10 07:28:36,881 [Time-limited test] INFO  server.RaftServer (RaftServerProxy.java:lambda$null$1(235)) - 8ca6ee1f-9342-4413-9dac-77381ef541ed: found a subdirectory /home/runner/work/ozone/ozone/hadoop-ozone/integration-test/target/test-dir/MiniOzoneClusterImpl-4c935f51-a36a-4569-b515-a26f7be21e7f/scmNode-1/scm-ha/4c935f51-a36a-4569-b515-a26f7be21e7f
2021-08-10 07:28:36,889 [Time-limited test] INFO  server.RaftServer (RaftServerProxy.java:addNew(95)) - 8ca6ee1f-9342-4413-9dac-77381ef541ed: addNew group-A26F7BE21E7F:[] returns group-A26F7BE21E7F:java.util.concurrent.CompletableFuture@28b07481[Not completed]
2021-08-10 07:28:36,889 [pool-389-thread-1] INFO  server.RaftServer$Division (RaftServerImpl.java:<init>(181)) - 8ca6ee1f-9342-4413-9dac-77381ef541ed: new RaftServerImpl for group-A26F7BE21E7F:[] with SCMStateMachine:uninitialized
2021-08-10 07:28:36,889 [pool-389-thread-1] INFO  server.RaftServerConfigKeys (ConfUtils.java:logGet(44)) - raft.server.rpc.timeout.min = 5000ms (custom)
2021-08-10 07:28:36,907 [pool-389-thread-1] INFO  server.RaftServerConfigKeys (ConfUtils.java:logGet(44)) - raft.server.rpc.timeout.max = 5200ms (custom)
2021-08-10 07:28:36,907 [pool-389-thread-1] INFO  server.RaftServerConfigKeys (ConfUtils.java:logGet(44)) - raft.server.rpc.sleep.time = 25ms (default)
2021-08-10 07:28:36,907 [pool-389-thread-1] INFO  server.RaftServerConfigKeys (ConfUtils.java:logGet(44)) - raft.server.rpc.slowness.timeout = 120000ms (custom)
2021-08-10 07:28:36,907 [pool-389-thread-1] INFO  server.RaftServerConfigKeys (ConfUtils.java:logGet(44)) - raft.server.leaderelection.leader.step-down.wait-time = 10s (default)
2021-08-10 07:28:36,907 [pool-389-thread-1] INFO  server.RaftServerConfigKeys (ConfUtils.java:logGet(44)) - raft.server.sleep.deviation.threshold = 300ms (default)
2021-08-10 07:28:36,907 [pool-389-thread-1] INFO  server.RaftServerConfigKeys (ConfUtils.java:logGet(44)) - raft.server.log.appender.install.snapshot.enabled = false (custom)
2021-08-10 07:28:36,907 [pool-389-thread-1] INFO  server.RaftServer$Division (ServerState.java:<init>(105)) - 8ca6ee1f-9342-4413-9dac-77381ef541ed@group-A26F7BE21E7F: ConfigurationManager, init=-1: [], old=null, confs=<EMPTY_MAP>
2021-08-10 07:28:36,907 [pool-389-thread-1] INFO  server.RaftServerConfigKeys (ConfUtils.java:logGet(44)) - raft.server.storage.dir = [/home/runner/work/ozone/ozone/hadoop-ozone/integration-test/target/test-dir/MiniOzoneClusterImpl-4c935f51-a36a-4569-b515-a26f7be21e7f/scmNode-1/scm-ha] (custom)
2021-08-10 07:28:36,907 [pool-389-thread-1] INFO  server.RaftServerConfigKeys (ConfUtils.java:logGet(44)) - raft.server.log.corruption.policy = EXCEPTION (default)
2021-08-10 07:28:36,907 [pool-389-thread-1] INFO  server.RaftServerConfigKeys (ConfUtils.java:logGet(44)) - raft.server.storage.free-space.min = 0MB (=0) (default)
2021-08-10 07:28:36,908 [pool-389-thread-1] INFO  storage.RaftStorageDirectory (RaftStorageDirectoryImpl.java:tryLock(230)) - Lock on /home/runner/work/ozone/ozone/hadoop-ozone/integration-test/target/test-dir/MiniOzoneClusterImpl-4c935f51-a36a-4569-b515-a26f7be21e7f/scmNode-1/scm-ha/4c935f51-a36a-4569-b515-a26f7be21e7f/in_use.lock acquired by nodename 25326@fv-az270-250
2021-08-10 07:28:36,908 [pool-389-thread-1] INFO  storage.RaftStorage (RaftStorageImpl.java:analyzeAndRecoverStorage(110)) - Read RaftStorageMetadata{term=1, votedFor=8ca6ee1f-9342-4413-9dac-77381ef541ed} from /home/runner/work/ozone/ozone/hadoop-ozone/integration-test/target/test-dir/MiniOzoneClusterImpl-4c935f51-a36a-4569-b515-a26f7be21e7f/scmNode-1/scm-ha/4c935f51-a36a-4569-b515-a26f7be21e7f/current/raft-meta
2021-08-10 07:28:36,909 [pool-389-thread-1] INFO  server.RaftServer$Division (ServerState.java:setRaftConf(387)) - 8ca6ee1f-9342-4413-9dac-77381ef541ed@group-A26F7BE21E7F: set configuration 0: [8ca6ee1f-9342-4413-9dac-77381ef541ed|rpc:localhost:14020|admin:|client:|dataStream:|priority:0], old=null
2021-08-10 07:28:36,909 [pool-389-thread-1] INFO  server.RaftServerConfigKeys (ConfUtils.java:logGet(44)) - raft.server.notification.no-leader.timeout = 60s (default)
2021-08-10 07:28:36,909 [pool-389-thread-1] INFO  server.RaftServerConfigKeys (ConfUtils.java:logGet(44)) - raft.server.log.use.memory = false (default)
2021-08-10 07:28:36,909 [pool-389-thread-1] INFO  server.RaftServerConfigKeys (ConfUtils.java:logGet(44)) - raft.server.log.purge.gap = 1000000 (custom)
2021-08-10 07:28:36,909 [pool-389-thread-1] INFO  server.RaftServerConfigKeys (ConfUtils.java:logGet(44)) - raft.server.log.appender.buffer.byte-limit = 33554432 (custom)
2021-08-10 07:28:36,909 [pool-389-thread-1] INFO  server.RaftServerConfigKeys (ConfUtils.java:logGet(44)) - raft.server.log.segment.size.max = 16384 (custom)
2021-08-10 07:28:36,909 [pool-389-thread-1] INFO  server.RaftServerConfigKeys (ConfUtils.java:logGet(44)) - raft.server.log.segment.cache.num.max = 2 (custom)
2021-08-10 07:28:36,909 [pool-389-thread-1] INFO  server.RaftServerConfigKeys (ConfUtils.java:logGet(44)) - raft.server.log.segment.cache.size.max = 200MB (=209715200) (default)
2021-08-10 07:28:36,909 [pool-389-thread-1] INFO  segmented.SegmentedRaftLogWorker (SegmentedRaftLogWorker.java:<init>(182)) - new 8ca6ee1f-9342-4413-9dac-77381ef541ed@group-A26F7BE21E7F-SegmentedRaftLogWorker for RaftStorageImpl:Storage Directory /home/runner/work/ozone/ozone/hadoop-ozone/integration-test/target/test-dir/MiniOzoneClusterImpl-4c935f51-a36a-4569-b515-a26f7be21e7f/scmNode-1/scm-ha/4c935f51-a36a-4569-b515-a26f7be21e7f
2021-08-10 07:28:36,909 [pool-389-thread-1] INFO  server.RaftServerConfigKeys (ConfUtils.java:logGet(44)) - raft.server.log.queue.byte-limit = 64MB (=67108864) (default)
2021-08-10 07:28:36,910 [pool-389-thread-1] INFO  server.RaftServerConfigKeys (ConfUtils.java:logGet(44)) - raft.server.log.queue.element-limit = 4096 (default)
2021-08-10 07:28:36,910 [pool-389-thread-1] INFO  server.RaftServerConfigKeys (ConfUtils.java:logGet(44)) - raft.server.log.segment.size.max = 16384 (custom)
2021-08-10 07:28:36,910 [pool-389-thread-1] INFO  server.RaftServerConfigKeys (ConfUtils.java:logGet(44)) - raft.server.log.preallocated.size = 16384 (custom)
2021-08-10 07:28:36,910 [pool-389-thread-1] INFO  server.RaftServerConfigKeys (ConfUtils.java:logGet(44)) - raft.server.log.force.sync.num = 128 (default)
2021-08-10 07:28:36,910 [pool-389-thread-1] INFO  server.RaftServerConfigKeys (ConfUtils.java:logGet(44)) - raft.server.log.statemachine.data.sync = true (default)
2021-08-10 07:28:36,910 [pool-389-thread-1] INFO  server.RaftServerConfigKeys (ConfUtils.java:logGet(44)) - raft.server.log.statemachine.data.sync.timeout = 10s (default)
2021-08-10 07:28:36,910 [pool-389-thread-1] INFO  server.RaftServerConfigKeys (ConfUtils.java:logGet(44)) - raft.server.log.statemachine.data.sync.timeout.retry = -1 (default)
2021-08-10 07:28:36,911 [pool-389-thread-1] INFO  server.RaftServerConfigKeys (ConfUtils.java:logGet(44)) - raft.server.log.write.buffer.size = 64KB (=65536) (default)
2021-08-10 07:28:36,911 [pool-389-thread-1] INFO  server.RaftServerConfigKeys (ConfUtils.java:logGet(44)) - raft.server.log.statemachine.data.caching.enabled = false (default)
2021-08-10 07:28:36,911 [pool-389-thread-1] INFO  server.RaftServer$Division (ServerState.java:setRaftConf(387)) - 8ca6ee1f-9342-4413-9dac-77381ef541ed@group-A26F7BE21E7F: set configuration 0: [8ca6ee1f-9342-4413-9dac-77381ef541ed|rpc:localhost:14020|admin:|client:|dataStream:|priority:0], old=null
2021-08-10 07:28:36,912 [pool-389-thread-1] INFO  segmented.LogSegment (LogSegment.java:loadSegment(173)) - Successfully read 1 entries from segment file /home/runner/work/ozone/ozone/hadoop-ozone/integration-test/target/test-dir/MiniOzoneClusterImpl-4c935f51-a36a-4569-b515-a26f7be21e7f/scmNode-1/scm-ha/4c935f51-a36a-4569-b515-a26f7be21e7f/current/log_inprogress_0
2021-08-10 07:28:36,912 [pool-389-thread-1] INFO  segmented.SegmentedRaftLogWorker (SegmentedRaftLogWorker.java:lambda$new$0(133)) - 8ca6ee1f-9342-4413-9dac-77381ef541ed@group-A26F7BE21E7F-SegmentedRaftLogWorker: flushIndex: setUnconditionally 0 -> 0
2021-08-10 07:28:36,912 [pool-389-thread-1] INFO  segmented.SegmentedRaftLogWorker (SegmentedRaftLogWorker.java:lambda$new$0(133)) - 8ca6ee1f-9342-4413-9dac-77381ef541ed@group-A26F7BE21E7F-SegmentedRaftLogWorker: safeCacheEvictIndex: setUnconditionally 0 -> -1
2021-08-10 07:28:36,917 [pool-389-thread-1] INFO  server.RaftServerConfigKeys (ConfUtils.java:logGet(44)) - raft.server.snapshot.auto.trigger.enabled = true (custom)
2021-08-10 07:28:36,917 [pool-389-thread-1] INFO  server.RaftServerConfigKeys (ConfUtils.java:logGet(44)) - raft.server.snapshot.auto.trigger.threshold = 1000 (custom)
2021-08-10 07:28:36,917 [pool-389-thread-1] INFO  server.RaftServerConfigKeys (ConfUtils.java:logGet(44)) - raft.server.snapshot.retention.file.num = -1 (default)
2021-08-10 07:28:36,917 [pool-389-thread-1] INFO  server.RaftServerConfigKeys (ConfUtils.java:logGet(44)) - raft.server.log.purge.upto.snapshot.index = false (default)
2021-08-10 07:28:36,917 [pool-389-thread-1] INFO  server.RaftServerConfigKeys (ConfUtils.java:logGet(44)) - raft.server.retrycache.expirytime = 60000ms (default)
2021-08-10 07:28:36,917 [pool-389-thread-1] INFO  server.RaftServerConfigKeys (ConfUtils.java:logGet(44)) - raft.server.retrycache.statistics.expirytime = 100μs (default)
2021-08-10 07:28:36,918 [Time-limited test] INFO  ha.SCMSnapshotProvider (SCMSnapshotProvider.java:<init>(66)) - Initializing SCM Snapshot Provider
2021-08-10 07:28:36,918 [Time-limited test] WARN  server.ServerUtils (ServerUtils.java:getDefaultRatisDirectory(237)) - Storage directory for Ratis is not configured. It is a good idea to map this to an SSD disk. Falling back to ozone.metadata.dirs
2021-08-10 07:28:36,918 [Time-limited test] WARN  ha.SCMHAUtils (SCMHAUtils.java:getSCMRatisSnapshotDirectory(144)) - SCM snapshot dir is not configured. Falling back to ozone.metadata.dirs config
2021-08-10 07:28:36,919 [Time-limited test] INFO  ha.SequenceIdGenerator (SequenceIdGenerator.java:upgradeToSequenceId(327)) - upgrade localId to 107544261427200000
2021-08-10 07:28:36,919 [Time-limited test] INFO  ha.SequenceIdGenerator (SequenceIdGenerator.java:upgradeToSequenceId(337)) - upgrade delTxnId to 0
2021-08-10 07:28:36,919 [Time-limited test] INFO  ha.SequenceIdGenerator (SequenceIdGenerator.java:upgradeToSequenceId(351)) - upgrade containerId to 0
2021-08-10 07:28:36,919 [Time-limited test] INFO  ha.SequenceIdGenerator (SequenceIdGenerator.java:<init>(217)) - Init the HA SequenceIdGenerator.
2021-08-10 07:28:36,920 [Time-limited test] INFO  node.SCMNodeManager (SCMNodeManager.java:<init>(145)) - Entering startup safe mode.
2021-08-10 07:28:36,920 [Time-limited test] INFO  algorithms.ContainerPlacementPolicyFactory (ContainerPlacementPolicyFactory.java:getPolicy(60)) - Create container placement policy of type org.apache.hadoop.hdds.scm.container.placement.algorithms.SCMContainerPlacementRandom
2021-08-10 07:28:36,921 [Time-limited test] INFO  pipeline.PipelineStateManager (PipelineStateManagerV2Impl.java:initialize(78)) - No pipeline exists in current db
2021-08-10 07:28:36,925 [Time-limited test] INFO  algorithms.LeaderChoosePolicyFactory (LeaderChoosePolicyFactory.java:getPolicy(57)) - Create leader choose policy of type org.apache.hadoop.hdds.scm.pipeline.leader.choose.algorithms.MinLeaderCountChoosePolicy
2021-08-10 07:28:36,925 [Time-limited test] INFO  ha.SCMServiceManager (SCMServiceManager.java:register(43)) - Registering service BackgroundPipelineCreator.
2021-08-10 07:28:36,925 [Time-limited test] INFO  pipeline.BackgroundPipelineCreator (BackgroundPipelineCreatorV2.java:start(130)) - Starting RatisPipelineUtilsThread.
2021-08-10 07:28:36,938 [Time-limited test] INFO  algorithms.PipelineChoosePolicyFactory (PipelineChoosePolicyFactory.java:createPipelineChoosePolicyFromClass(73)) - Create pipeline choose policy of type org.apache.hadoop.hdds.scm.pipeline.choose.algorithms.RandomPipelineChoosePolicy
2021-08-10 07:28:36,938 [Time-limited test] INFO  ha.SCMServiceManager (SCMServiceManager.java:register(43)) - Registering service SCMBlockDeletingService.
2021-08-10 07:28:36,938 [Time-limited test] INFO  ha.SCMServiceManager (SCMServiceManager.java:register(43)) - Registering service ReplicationManager.
2021-08-10 07:28:36,938 [Time-limited test] INFO  container.ReplicationManager (ReplicationManager.java:start(286)) - Starting Replication Monitor Thread.
2021-08-10 07:28:36,940 [Time-limited test] INFO  safemode.ContainerSafeModeRule (ContainerSafeModeRule.java:<init>(89)) - containers with one replica threshold count 0
2021-08-10 07:28:36,940 [Time-limited test] INFO  safemode.HealthyPipelineSafeModeRule (HealthyPipelineSafeModeRule.java:initializeRule(156)) - Total pipeline count is 0, healthy pipeline threshold count is 1
2021-08-10 07:28:36,940 [Time-limited test] INFO  safemode.OneReplicaPipelineSafeModeRule (OneReplicaPipelineSafeModeRule.java:initializeRule(180)) - Total pipeline count is 0, pipeline's with at least one datanode reported threshold count is 0
2021-08-10 07:28:36,969 [ReplicationMonitor] INFO  container.ReplicationManager (ReplicationManager.java:processAll(341)) - Replication Monitor Thread took 0 milliseconds for processing 0 containers.
2021-08-10 07:28:36,980 [Time-limited test] INFO  ipc.CallQueueManager (CallQueueManager.java:<init>(90)) - Using callQueue: class java.util.concurrent.LinkedBlockingQueue, queueCapacity: 10000, scheduler: class org.apache.hadoop.ipc.DefaultRpcScheduler, ipcBackoff: false.
2021-08-10 07:28:36,981 [Socket Reader #1 for port 14021] INFO  ipc.Server (Server.java:run(1265)) - Starting Socket Reader #1 for port 14021
2021-08-10 07:28:36,982 [Listener at 0.0.0.0/14021] INFO  ipc.CallQueueManager (CallQueueManager.java:<init>(90)) - Using callQueue: class java.util.concurrent.LinkedBlockingQueue, queueCapacity: 10000, scheduler: class org.apache.hadoop.ipc.DefaultRpcScheduler, ipcBackoff: false.
2021-08-10 07:28:36,988 [Socket Reader #1 for port 14022] INFO  ipc.Server (Server.java:run(1265)) - Starting Socket Reader #1 for port 14022
2021-08-10 07:28:37,005 [Listener at 0.0.0.0/14022] INFO  ipc.CallQueueManager (CallQueueManager.java:<init>(90)) - Using callQueue: class java.util.concurrent.LinkedBlockingQueue, queueCapacity: 10000, scheduler: class org.apache.hadoop.ipc.DefaultRpcScheduler, ipcBackoff: false.
2021-08-10 07:28:37,007 [Socket Reader #1 for port 14023] INFO  ipc.Server (Server.java:run(1265)) - Starting Socket Reader #1 for port 14023
2021-08-10 07:28:37,050 [Listener at 0.0.0.0/14023] INFO  server.StorageContainerManager (StorageContainerManager.java:<init>(380)) - 
Container Balancer status:
Key                            Value
Running                        true
Container Balancer Configuration values:
Key                            Value
Threshold                      0.1
Max Datanodes to Balance       5
Max Size to Move               10737418240B

2021-08-10 07:28:37,050 [Listener at 0.0.0.0/14023] WARN  events.EventQueue (EventQueue.java:fireEvent(194)) - No event handler registered for event TypedEvent{payloadType=SafeModeStatus, name='Safe mode status'}
2021-08-10 07:28:37,050 [Listener at 0.0.0.0/14023] INFO  ha.SCMContext (SCMContext.java:updateSafeModeStatus(205)) - Update SafeModeStatus from SafeModeStatus{safeModeStatus=true, preCheckPassed=false} to SafeModeStatus{safeModeStatus=true, preCheckPassed=false}.
2021-08-10 07:28:37,051 [Listener at 0.0.0.0/14023] INFO  server.StorageContainerManager (StorageContainerManager.java:start(1246)) - StorageContainerLocationProtocol RPC server is listening at /0.0.0.0:14023
2021-08-10 07:28:37,051 [Listener at 0.0.0.0/14023] INFO  ha.SCMRatisServerImpl (SCMRatisServerImpl.java:start(170)) - starting ratis server 0.0.0.0:14020
2021-08-10 07:28:37,051 [Listener at 0.0.0.0/14023] INFO  server.RaftServer$Division (RaftServerImpl.java:start(296)) - 8ca6ee1f-9342-4413-9dac-77381ef541ed@group-A26F7BE21E7F: start as a follower, conf=0: [8ca6ee1f-9342-4413-9dac-77381ef541ed|rpc:localhost:14020|admin:|client:|dataStream:|priority:0], old=null
2021-08-10 07:28:37,051 [Listener at 0.0.0.0/14023] INFO  server.RaftServer$Division (RaftServerImpl.java:setRole(285)) - 8ca6ee1f-9342-4413-9dac-77381ef541ed@group-A26F7BE21E7F: changes role from      null to FOLLOWER at term 1 for startAsFollower
2021-08-10 07:28:37,051 [Listener at 0.0.0.0/14023] INFO  impl.RoleInfo (RoleInfo.java:updateAndGet(130)) - 8ca6ee1f-9342-4413-9dac-77381ef541ed: start 8ca6ee1f-9342-4413-9dac-77381ef541ed@group-A26F7BE21E7F-FollowerState
2021-08-10 07:28:37,065 [Listener at 0.0.0.0/14023] INFO  util.JmxRegister (JmxRegister.java:tryRegister(44)) - Successfully registered JMX Bean with object name Ratis:service=RaftServer,group=group-A26F7BE21E7F,id=8ca6ee1f-9342-4413-9dac-77381ef541ed
2021-08-10 07:28:37,066 [Listener at 0.0.0.0/14023] INFO  server.RaftServer (RaftServerProxy.java:lambda$start$5(374)) - 8ca6ee1f-9342-4413-9dac-77381ef541ed: start RPC server
2021-08-10 07:28:37,066 [Listener at 0.0.0.0/14023] INFO  server.GrpcService (GrpcService.java:startImpl(253)) - 8ca6ee1f-9342-4413-9dac-77381ef541ed: GrpcService started, listening on 14020
2021-08-10 07:28:37,066 [Listener at 0.0.0.0/14023] INFO  ha.SCMHAManagerImpl (SCMHAManagerImpl.java:start(120)) -  scm role is FOLLOWER peers [8ca6ee1f-9342-4413-9dac-77381ef541ed|rpc:localhost:14020|admin:|client:|dataStream:|priority:0]
2021-08-10 07:28:37,067 [Listener at 0.0.0.0/14023] INFO  ha.InterSCMGrpcService (InterSCMGrpcProtocolService.java:start(94)) - Starting SCM Grpc Service at port 14024
2021-08-10 07:28:37,068 [Listener at 0.0.0.0/14023] WARN  impl.MetricsConfig (MetricsConfig.java:loadFirst(136)) - Cannot locate configuration: tried hadoop-metrics2-storagecontainermanager.properties,hadoop-metrics2.properties
2021-08-10 07:28:37,068 [org.apache.ratis.util.JvmPauseMonitor$$Lambda$430/1002246805@4c3b159c] INFO  util.JvmPauseMonitor (JvmPauseMonitor.java:run(103)) - JvmPauseMonitor-8ca6ee1f-9342-4413-9dac-77381ef541ed: Started
2021-08-10 07:28:37,071 [Listener at 0.0.0.0/14023] INFO  impl.MetricsSystemImpl (MetricsSystemImpl.java:startTimer(378)) - Scheduled Metric snapshot period at 10 second(s).
2021-08-10 07:28:37,071 [Listener at 0.0.0.0/14023] INFO  impl.MetricsSystemImpl (MetricsSystemImpl.java:start(191)) - StorageContainerManager metrics system started
2021-08-10 07:28:37,149 [Listener at 0.0.0.0/14023] INFO  impl.MetricsSinkAdapter (MetricsSinkAdapter.java:start(204)) - Sink prometheus started
2021-08-10 07:28:37,149 [Listener at 0.0.0.0/14023] INFO  impl.MetricsSystemImpl (MetricsSystemImpl.java:registerSink(305)) - Registered sink prometheus
2021-08-10 07:28:37,171 [Listener at 0.0.0.0/14023] INFO  server.SCMClientProtocolServer (SCMClientProtocolServer.java:start(165)) - RPC server for Client  is listening at /0.0.0.0:14023
2021-08-10 07:28:37,175 [IPC Server Responder] INFO  ipc.Server (Server.java:run(1507)) - IPC Server Responder: starting
2021-08-10 07:28:37,185 [IPC Server listener on 14023] INFO  ipc.Server (Server.java:run(1344)) - IPC Server listener on 14023: starting
2021-08-10 07:28:37,309 [Listener at 0.0.0.0/14023] INFO  server.StorageContainerManager (StorageContainerManager.java:start(1261)) - ScmBlockLocationProtocol RPC server is listening at /0.0.0.0:14022
2021-08-10 07:28:37,310 [Listener at 0.0.0.0/14023] INFO  server.SCMBlockProtocolServer (SCMBlockProtocolServer.java:start(151)) - RPC server for Block Protocol is listening at /0.0.0.0:14022
2021-08-10 07:28:37,310 [IPC Server Responder] INFO  ipc.Server (Server.java:run(1507)) - IPC Server Responder: starting
2021-08-10 07:28:37,310 [IPC Server listener on 14022] INFO  ipc.Server (Server.java:run(1344)) - IPC Server listener on 14022: starting
2021-08-10 07:28:37,357 [Listener at 0.0.0.0/14023] INFO  server.StorageContainerManager (StorageContainerManager.java:start(1267)) - ScmDatanodeProtocl RPC server is listening at /0.0.0.0:14021
2021-08-10 07:28:37,378 [Listener at 0.0.0.0/14023] INFO  http.BaseHttpServer (BaseHttpServer.java:newHttpServer2BuilderForOzone(209)) - Starting Web-server for scm at: http://0.0.0.0:14018
2021-08-10 07:28:37,378 [Listener at 0.0.0.0/14023] INFO  http.BaseHttpServer (BaseHttpServer.java:<init>(107)) - Hadoop Security Enabled: false Ozone Security Enabled: false Ozone HTTP Security Enabled: false 
2021-08-10 07:28:37,379 [Listener at 0.0.0.0/14023] INFO  server.AuthenticationFilter (AuthenticationFilter.java:constructSecretProvider(240)) - Unable to initialize FileSignerSecretProvider, falling back to use random secrets.
2021-08-10 07:28:37,380 [org.apache.hadoop.util.JvmPauseMonitor$Monitor@7be10b5e] INFO  util.JvmPauseMonitor (JvmPauseMonitor.java:run(188)) - Starting JVM pause monitor
2021-08-10 07:28:37,385 [Listener at 0.0.0.0/14023] WARN  http.HttpRequestLog (HttpRequestLog.java:getRequestLog(103)) - Jetty request log can only be enabled using Log4j
2021-08-10 07:28:37,385 [Listener at 0.0.0.0/14023] INFO  http.HttpServer2 (HttpServer2.java:addGlobalFilter(1020)) - Added global filter 'safety' (class=org.apache.hadoop.hdds.server.http.HttpServer2$QuotingInputFilter)
2021-08-10 07:28:37,386 [Listener at 0.0.0.0/14023] INFO  http.HttpServer2 (HttpServer2.java:addFilter(996)) - Added filter static_user_filter (class=org.apache.hadoop.http.lib.StaticUserWebFilter$StaticUserFilter) to context scm
2021-08-10 07:28:37,386 [Listener at 0.0.0.0/14023] INFO  http.HttpServer2 (HttpServer2.java:addFilter(1004)) - Added filter static_user_filter (class=org.apache.hadoop.http.lib.StaticUserWebFilter$StaticUserFilter) to context logs
2021-08-10 07:28:37,386 [Listener at 0.0.0.0/14023] INFO  http.HttpServer2 (HttpServer2.java:addFilter(1004)) - Added filter static_user_filter (class=org.apache.hadoop.http.lib.StaticUserWebFilter$StaticUserFilter) to context static
2021-08-10 07:28:37,386 [Listener at 0.0.0.0/14023] INFO  http.HttpServer2 (HttpServer2.java:bindListener(1239)) - Jetty bound to port 14018
2021-08-10 07:28:37,386 [Listener at 0.0.0.0/14023] INFO  server.Server (Server.java:doStart(375)) - jetty-9.4.43.v20210629; built: 2021-06-30T11:07:22.254Z; git: 526006ecfa3af7f1a27ef3a288e2bef7ea9dd7e8; jvm 1.8.0_292-b10
2021-08-10 07:28:37,433 [Listener at 0.0.0.0/14023] INFO  server.session (DefaultSessionIdManager.java:doStart(334)) - DefaultSessionIdManager workerName=node0
2021-08-10 07:28:37,433 [Listener at 0.0.0.0/14023] INFO  server.session (DefaultSessionIdManager.java:doStart(339)) - No SessionScavenger set, using defaults
2021-08-10 07:28:37,433 [Listener at 0.0.0.0/14023] INFO  server.session (HouseKeeper.java:startScavenging(132)) - node0 Scavenging every 600000ms
2021-08-10 07:28:37,434 [Listener at 0.0.0.0/14023] INFO  handler.ContextHandler (ContextHandler.java:doStart(915)) - Started o.e.j.s.ServletContextHandler@6e60f74{logs,/logs,file:///home/runner/work/ozone/ozone/hadoop-ozone/integration-test/target/log,AVAILABLE}
2021-08-10 07:28:37,434 [Listener at 0.0.0.0/14023] INFO  handler.ContextHandler (ContextHandler.java:doStart(915)) - Started o.e.j.s.ServletContextHandler@18932597{static,/static,file:///home/runner/work/ozone/ozone/hadoop-ozone/integration-test/target/test-classes/webapps/static,AVAILABLE}
2021-08-10 07:28:37,436 [Listener at 0.0.0.0/14023] INFO  handler.ContextHandler (ContextHandler.java:doStart(915)) - Started o.e.j.w.WebAppContext@4f1138aa{scm,/,file:///home/runner/work/ozone/ozone/hadoop-ozone/integration-test/target/test-classes/webapps/scm/,AVAILABLE}{file:/home/runner/work/ozone/ozone/hadoop-ozone/integration-test/target/test-classes/webapps/scm}
2021-08-10 07:28:37,437 [Listener at 0.0.0.0/14023] INFO  server.AbstractConnector (AbstractConnector.java:doStart(331)) - Started ServerConnector@611184fd{HTTP/1.1, (http/1.1)}{0.0.0.0:14018}
2021-08-10 07:28:37,438 [Listener at 0.0.0.0/14023] INFO  server.Server (Server.java:doStart(415)) - Started @102623ms
2021-08-10 07:28:37,438 [Listener at 0.0.0.0/14023] WARN  impl.MetricsSystemImpl (MetricsSystemImpl.java:register(279)) - Sink prometheus already exists!
2021-08-10 07:28:37,438 [Listener at 0.0.0.0/14023] INFO  http.BaseHttpServer (BaseHttpServer.java:updateConnectorAddress(329)) - HTTP server of scm listening at http://0.0.0.0:14018
2021-08-10 07:28:37,442 [Listener at 0.0.0.0/14023] INFO  ozone.MiniOzoneHAClusterImpl (MiniOzoneHAClusterImpl.java:createSCMService(563)) - Started SCM RPC server at org.apache.hadoop.hdds.scm.server.SCMClientProtocolServer@56746fac
2021-08-10 07:28:37,443 [Listener at 0.0.0.0/14023] INFO  ha.OMHANodeDetails (OMHANodeDetails.java:loadOMHAConfig(118)) - ServiceID for OzoneManager is om-bootstrap
2021-08-10 07:28:37,443 [Listener at 0.0.0.0/14023] INFO  ha.OMHANodeDetails (OMHANodeDetails.java:loadOMHAConfig(194)) - Found matching OM address with OMServiceId: om-bootstrap, OMNodeId: omNode-1, RPC Address: localhost:11816 and Ratis port: 11820
2021-08-10 07:28:37,443 [Listener at 0.0.0.0/14023] INFO  ha.OMHANodeDetails (ConfUtils.java:setNodeSpecificConfigs(108)) - Setting configuration key ozone.om.http-address with value of key ozone.om.http-address.om-bootstrap.omNode-1: 127.0.0.1:11818
2021-08-10 07:28:37,443 [Listener at 0.0.0.0/14023] INFO  ha.OMHANodeDetails (ConfUtils.java:setNodeSpecificConfigs(108)) - Setting configuration key ozone.om.https-address with value of key ozone.om.https-address.om-bootstrap.omNode-1: 127.0.0.1:11819
2021-08-10 07:28:37,443 [Listener at 0.0.0.0/14023] INFO  ha.OMHANodeDetails (ConfUtils.java:setNodeSpecificConfigs(108)) - Setting configuration key ozone.om.address with value of key ozone.om.address.om-bootstrap.omNode-1: 127.0.0.1:11816
2021-08-10 07:28:37,443 [Listener at 0.0.0.0/14023] WARN  server.ServerUtils (ServerUtils.java:getDBPath(225)) - ozone.om.db.dirs is not configured. We recommend adding this setting. Falling back to ozone.metadata.dirs instead.
2021-08-10 07:28:37,444 [Listener at 0.0.0.0/14023] INFO  ha.SCMNodeInfo (SCMNodeInfo.java:getPort(197)) - ConfigKey ozone.scm.client.address is deprecated, For configuring different ports for each SCM use PortConfigKey ozone.scm.client.port appended with serviceId and nodeId
2021-08-10 07:28:37,444 [Listener at 0.0.0.0/14023] INFO  ha.SCMNodeInfo (SCMNodeInfo.java:getPort(197)) - ConfigKey ozone.scm.block.client.address is deprecated, For configuring different ports for each SCM use PortConfigKey ozone.scm.block.client.port appended with serviceId and nodeId
2021-08-10 07:28:37,444 [Listener at 0.0.0.0/14023] INFO  ha.SCMNodeInfo (SCMNodeInfo.java:getPort(197)) - ConfigKey ozone.scm.datanode.address is deprecated, For configuring different ports for each SCM use PortConfigKey ozone.scm.datanode.port appended with serviceId and nodeId
2021-08-10 07:28:37,512 [EndpointStateMachine task thread for /127.0.0.1:15917 - 0 ] INFO  ipc.Client (Client.java:handleConnectionFailure(977)) - Retrying connect to server: localhost/127.0.0.1:15917. Already tried 9 time(s); retry policy is RetryUpToMaximumCountWithFixedSleep(maxRetries=15, sleepTime=1000 MILLISECONDS)
2021-08-10 07:28:37,571 [EndpointStateMachine task thread for /127.0.0.1:13049 - 0 ] INFO  ipc.Client (Client.java:handleConnectionFailure(977)) - Retrying connect to server: localhost/127.0.0.1:13049. Already tried 8 time(s); retry policy is RetryUpToMaximumCountWithFixedSleep(maxRetries=15, sleepTime=1000 MILLISECONDS)
2021-08-10 07:28:38,513 [EndpointStateMachine task thread for /127.0.0.1:15917 - 0 ] INFO  ipc.Client (Client.java:handleConnectionFailure(977)) - Retrying connect to server: localhost/127.0.0.1:15917. Already tried 10 time(s); retry policy is RetryUpToMaximumCountWithFixedSleep(maxRetries=15, sleepTime=1000 MILLISECONDS)
2021-08-10 07:28:38,571 [EndpointStateMachine task thread for /127.0.0.1:13049 - 0 ] INFO  ipc.Client (Client.java:handleConnectionFailure(977)) - Retrying connect to server: localhost/127.0.0.1:13049. Already tried 9 time(s); retry policy is RetryUpToMaximumCountWithFixedSleep(maxRetries=15, sleepTime=1000 MILLISECONDS)
2021-08-10 07:28:39,482 [Listener at 0.0.0.0/14023] INFO  retry.RetryInvocationHandler (RetryInvocationHandler.java:log(411)) - com.google.protobuf.ServiceException: org.apache.hadoop.ipc.RemoteException(org.apache.hadoop.hdds.ratis.ServerNotLeaderException): Server:8ca6ee1f-9342-4413-9dac-77381ef541ed is not the leader. Could not determine the leader node.
	at org.apache.hadoop.hdds.ratis.ServerNotLeaderException.convertToNotLeaderException(ServerNotLeaderException.java:109)
	at org.apache.hadoop.hdds.scm.ha.RatisUtil.checkRatisException(RatisUtil.java:196)
	at org.apache.hadoop.hdds.scm.protocol.ScmBlockLocationProtocolServerSideTranslatorPB.send(ScmBlockLocationProtocolServerSideTranslatorPB.java:108)
	at org.apache.hadoop.hdds.protocol.proto.ScmBlockLocationProtocolProtos$ScmBlockLocationProtocolService$2.callBlockingMethod(ScmBlockLocationProtocolProtos.java:13937)
	at org.apache.hadoop.ipc.ProtobufRpcEngine$Server.processCall(ProtobufRpcEngine.java:466)
	at org.apache.hadoop.ipc.ProtobufRpcEngine2$Server$ProtoBufRpcInvoker.call(ProtobufRpcEngine2.java:574)
	at org.apache.hadoop.ipc.ProtobufRpcEngine2$Server$ProtoBufRpcInvoker.call(ProtobufRpcEngine2.java:552)
	at org.apache.hadoop.ipc.RPC$Server.call(RPC.java:1093)
	at org.apache.hadoop.ipc.Server$RpcCall.run(Server.java:1035)
	at org.apache.hadoop.ipc.Server$RpcCall.run(Server.java:963)
	at java.security.AccessController.doPrivileged(Native Method)
	at javax.security.auth.Subject.doAs(Subject.java:422)
	at org.apache.hadoop.security.UserGroupInformation.doAs(UserGroupInformation.java:1878)
	at org.apache.hadoop.ipc.Server$Handler.run(Server.java:2966)
, while invoking $Proxy39.send over nodeId=scmNode-1,nodeAddress=/127.0.0.1:14022 after 1 failover attempts. Trying to failover after sleeping for 2000ms.
2021-08-10 07:28:39,513 [EndpointStateMachine task thread for /127.0.0.1:15917 - 0 ] INFO  ipc.Client (Client.java:handleConnectionFailure(977)) - Retrying connect to server: localhost/127.0.0.1:15917. Already tried 11 time(s); retry policy is RetryUpToMaximumCountWithFixedSleep(maxRetries=15, sleepTime=1000 MILLISECONDS)
2021-08-10 07:28:39,572 [EndpointStateMachine task thread for /127.0.0.1:13049 - 0 ] INFO  ipc.Client (Client.java:handleConnectionFailure(977)) - Retrying connect to server: localhost/127.0.0.1:13049. Already tried 10 time(s); retry policy is RetryUpToMaximumCountWithFixedSleep(maxRetries=15, sleepTime=1000 MILLISECONDS)
2021-08-10 07:28:40,514 [EndpointStateMachine task thread for /127.0.0.1:15917 - 0 ] INFO  ipc.Client (Client.java:handleConnectionFailure(977)) - Retrying connect to server: localhost/127.0.0.1:15917. Already tried 12 time(s); retry policy is RetryUpToMaximumCountWithFixedSleep(maxRetries=15, sleepTime=1000 MILLISECONDS)
2021-08-10 07:28:40,573 [EndpointStateMachine task thread for /127.0.0.1:13049 - 0 ] INFO  ipc.Client (Client.java:handleConnectionFailure(977)) - Retrying connect to server: localhost/127.0.0.1:13049. Already tried 11 time(s); retry policy is RetryUpToMaximumCountWithFixedSleep(maxRetries=15, sleepTime=1000 MILLISECONDS)
2021-08-10 07:28:41,488 [Listener at 0.0.0.0/14023] INFO  retry.RetryInvocationHandler (RetryInvocationHandler.java:log(411)) - com.google.protobuf.ServiceException: org.apache.hadoop.ipc.RemoteException(org.apache.hadoop.hdds.ratis.ServerNotLeaderException): Server:8ca6ee1f-9342-4413-9dac-77381ef541ed is not the leader. Could not determine the leader node.
	at org.apache.hadoop.hdds.ratis.ServerNotLeaderException.convertToNotLeaderException(ServerNotLeaderException.java:109)
	at org.apache.hadoop.hdds.scm.ha.RatisUtil.checkRatisException(RatisUtil.java:196)
	at org.apache.hadoop.hdds.scm.protocol.ScmBlockLocationProtocolServerSideTranslatorPB.send(ScmBlockLocationProtocolServerSideTranslatorPB.java:108)
	at org.apache.hadoop.hdds.protocol.proto.ScmBlockLocationProtocolProtos$ScmBlockLocationProtocolService$2.callBlockingMethod(ScmBlockLocationProtocolProtos.java:13937)
	at org.apache.hadoop.ipc.ProtobufRpcEngine$Server.processCall(ProtobufRpcEngine.java:466)
	at org.apache.hadoop.ipc.ProtobufRpcEngine2$Server$ProtoBufRpcInvoker.call(ProtobufRpcEngine2.java:574)
	at org.apache.hadoop.ipc.ProtobufRpcEngine2$Server$ProtoBufRpcInvoker.call(ProtobufRpcEngine2.java:552)
	at org.apache.hadoop.ipc.RPC$Server.call(RPC.java:1093)
	at org.apache.hadoop.ipc.Server$RpcCall.run(Server.java:1035)
	at org.apache.hadoop.ipc.Server$RpcCall.run(Server.java:963)
	at java.security.AccessController.doPrivileged(Native Method)
	at javax.security.auth.Subject.doAs(Subject.java:422)
	at org.apache.hadoop.security.UserGroupInformation.doAs(UserGroupInformation.java:1878)
	at org.apache.hadoop.ipc.Server$Handler.run(Server.java:2966)
, while invoking $Proxy39.send over nodeId=scmNode-1,nodeAddress=/127.0.0.1:14022 after 2 failover attempts. Trying to failover after sleeping for 2000ms.
2021-08-10 07:28:41,514 [EndpointStateMachine task thread for /127.0.0.1:15917 - 0 ] INFO  ipc.Client (Client.java:handleConnectionFailure(977)) - Retrying connect to server: localhost/127.0.0.1:15917. Already tried 13 time(s); retry policy is RetryUpToMaximumCountWithFixedSleep(maxRetries=15, sleepTime=1000 MILLISECONDS)
2021-08-10 07:28:41,577 [EndpointStateMachine task thread for /127.0.0.1:13049 - 0 ] INFO  ipc.Client (Client.java:handleConnectionFailure(977)) - Retrying connect to server: localhost/127.0.0.1:13049. Already tried 12 time(s); retry policy is RetryUpToMaximumCountWithFixedSleep(maxRetries=15, sleepTime=1000 MILLISECONDS)
2021-08-10 07:28:42,096 [8ca6ee1f-9342-4413-9dac-77381ef541ed@group-A26F7BE21E7F-FollowerState] INFO  impl.FollowerState (FollowerState.java:run(134)) - 8ca6ee1f-9342-4413-9dac-77381ef541ed@group-A26F7BE21E7F-FollowerState: change to CANDIDATE, lastRpcElapsedTime:5044708871ns, electionTimeout:5030ms
2021-08-10 07:28:42,096 [8ca6ee1f-9342-4413-9dac-77381ef541ed@group-A26F7BE21E7F-FollowerState] INFO  impl.RoleInfo (RoleInfo.java:shutdownFollowerState(108)) - 8ca6ee1f-9342-4413-9dac-77381ef541ed: shutdown 8ca6ee1f-9342-4413-9dac-77381ef541ed@group-A26F7BE21E7F-FollowerState
2021-08-10 07:28:42,096 [8ca6ee1f-9342-4413-9dac-77381ef541ed@group-A26F7BE21E7F-FollowerState] INFO  server.RaftServer$Division (RaftServerImpl.java:setRole(285)) - 8ca6ee1f-9342-4413-9dac-77381ef541ed@group-A26F7BE21E7F: changes role from  FOLLOWER to CANDIDATE at term 1 for changeToCandidate
2021-08-10 07:28:42,096 [8ca6ee1f-9342-4413-9dac-77381ef541ed@group-A26F7BE21E7F-FollowerState] INFO  server.RaftServerConfigKeys (ConfUtils.java:logGet(44)) - raft.server.leaderelection.pre-vote = false (custom)
2021-08-10 07:28:42,096 [8ca6ee1f-9342-4413-9dac-77381ef541ed@group-A26F7BE21E7F-FollowerState] INFO  impl.RoleInfo (RoleInfo.java:updateAndGet(130)) - 8ca6ee1f-9342-4413-9dac-77381ef541ed: start 8ca6ee1f-9342-4413-9dac-77381ef541ed@group-A26F7BE21E7F-LeaderElection26
2021-08-10 07:28:42,126 [8ca6ee1f-9342-4413-9dac-77381ef541ed@group-A26F7BE21E7F-LeaderElection26] INFO  impl.LeaderElection (LeaderElection.java:askForVotes(306)) - 8ca6ee1f-9342-4413-9dac-77381ef541ed@group-A26F7BE21E7F-LeaderElection26 ELECTION round 0: submit vote requests at term 2 for 0: [8ca6ee1f-9342-4413-9dac-77381ef541ed|rpc:localhost:14020|admin:|client:|dataStream:|priority:0], old=null
2021-08-10 07:28:42,126 [8ca6ee1f-9342-4413-9dac-77381ef541ed@group-A26F7BE21E7F-LeaderElection26] INFO  impl.LeaderElection (LeaderElection.java:askForVotes(308)) - 8ca6ee1f-9342-4413-9dac-77381ef541ed@group-A26F7BE21E7F-LeaderElection26 ELECTION round 0: result PASSED (term=2)
2021-08-10 07:28:42,126 [8ca6ee1f-9342-4413-9dac-77381ef541ed@group-A26F7BE21E7F-LeaderElection26] INFO  impl.RoleInfo (RoleInfo.java:shutdownLeaderElection(121)) - 8ca6ee1f-9342-4413-9dac-77381ef541ed: shutdown 8ca6ee1f-9342-4413-9dac-77381ef541ed@group-A26F7BE21E7F-LeaderElection26
2021-08-10 07:28:42,126 [8ca6ee1f-9342-4413-9dac-77381ef541ed@group-A26F7BE21E7F-LeaderElection26] INFO  server.RaftServer$Division (RaftServerImpl.java:setRole(285)) - 8ca6ee1f-9342-4413-9dac-77381ef541ed@group-A26F7BE21E7F: changes role from CANDIDATE to LEADER at term 2 for changeToLeader
2021-08-10 07:28:42,126 [8ca6ee1f-9342-4413-9dac-77381ef541ed@group-A26F7BE21E7F-LeaderElection26] INFO  ha.SCMStateMachine (SCMStateMachine.java:notifyLeaderChanged(252)) - current SCM becomes leader of term 2.
2021-08-10 07:28:42,126 [8ca6ee1f-9342-4413-9dac-77381ef541ed@group-A26F7BE21E7F-LeaderElection26] INFO  ha.SCMContext (SCMContext.java:updateLeaderAndTerm(88)) - update <isLeader,term> from <false,0> to <true,2>
2021-08-10 07:28:42,126 [8ca6ee1f-9342-4413-9dac-77381ef541ed@group-A26F7BE21E7F-LeaderElection26] INFO  server.RaftServer$Division (ServerState.java:setLeader(285)) - 8ca6ee1f-9342-4413-9dac-77381ef541ed@group-A26F7BE21E7F: change Leader from null to 8ca6ee1f-9342-4413-9dac-77381ef541ed at term 2 for becomeLeader, leader elected after 5217ms
2021-08-10 07:28:42,126 [8ca6ee1f-9342-4413-9dac-77381ef541ed@group-A26F7BE21E7F-LeaderElection26] INFO  server.RaftServerConfigKeys (ConfUtils.java:logGet(44)) - raft.server.staging.catchup.gap = 1000 (default)
2021-08-10 07:28:42,127 [8ca6ee1f-9342-4413-9dac-77381ef541ed@group-A26F7BE21E7F-LeaderElection26] INFO  server.RaftServerConfigKeys (ConfUtils.java:logGet(44)) - raft.server.write.element-limit = 4096 (default)
2021-08-10 07:28:42,127 [8ca6ee1f-9342-4413-9dac-77381ef541ed@group-A26F7BE21E7F-LeaderElection26] INFO  server.RaftServerConfigKeys (ConfUtils.java:logGet(44)) - raft.server.write.byte-limit = 64MB (=67108864) (default)
2021-08-10 07:28:42,127 [8ca6ee1f-9342-4413-9dac-77381ef541ed@group-A26F7BE21E7F-LeaderElection26] INFO  server.RaftServerConfigKeys (ConfUtils.java:logGet(44)) - raft.server.watch.timeout = 10s (default)
2021-08-10 07:28:42,127 [8ca6ee1f-9342-4413-9dac-77381ef541ed@group-A26F7BE21E7F-LeaderElection26] INFO  server.RaftServerConfigKeys (ConfUtils.java:logGet(44)) - raft.server.watch.timeout.denomination = 1s (default)
2021-08-10 07:28:42,127 [8ca6ee1f-9342-4413-9dac-77381ef541ed@group-A26F7BE21E7F-LeaderElection26] INFO  server.RaftServerConfigKeys (ConfUtils.java:logGet(44)) - raft.server.watch.element-limit = 65536 (default)
2021-08-10 07:28:42,127 [8ca6ee1f-9342-4413-9dac-77381ef541ed@group-A26F7BE21E7F-LeaderElection26] INFO  impl.RoleInfo (RoleInfo.java:updateAndGet(130)) - 8ca6ee1f-9342-4413-9dac-77381ef541ed: start 8ca6ee1f-9342-4413-9dac-77381ef541ed@group-A26F7BE21E7F-LeaderStateImpl
2021-08-10 07:28:42,127 [8ca6ee1f-9342-4413-9dac-77381ef541ed@group-A26F7BE21E7F-LeaderElection26] INFO  segmented.SegmentedRaftLogWorker (SegmentedRaftLogWorker.java:rollLogSegment(399)) - 8ca6ee1f-9342-4413-9dac-77381ef541ed@group-A26F7BE21E7F-SegmentedRaftLogWorker: Rolling segment log-0_0 to index:0
2021-08-10 07:28:42,141 [8ca6ee1f-9342-4413-9dac-77381ef541ed@group-A26F7BE21E7F-LeaderElection26] INFO  server.RaftServer$Division (ServerState.java:setRaftConf(387)) - 8ca6ee1f-9342-4413-9dac-77381ef541ed@group-A26F7BE21E7F: set configuration 1: [8ca6ee1f-9342-4413-9dac-77381ef541ed|rpc:localhost:14020|admin:|client:|dataStream:|priority:0], old=null
2021-08-10 07:28:42,141 [8ca6ee1f-9342-4413-9dac-77381ef541ed@group-A26F7BE21E7F-SegmentedRaftLogWorker] INFO  segmented.SegmentedRaftLogWorker (SegmentedRaftLogWorker.java:execute(558)) - 8ca6ee1f-9342-4413-9dac-77381ef541ed@group-A26F7BE21E7F-SegmentedRaftLogWorker: Rolled log segment from /home/runner/work/ozone/ozone/hadoop-ozone/integration-test/target/test-dir/MiniOzoneClusterImpl-4c935f51-a36a-4569-b515-a26f7be21e7f/scmNode-1/scm-ha/4c935f51-a36a-4569-b515-a26f7be21e7f/current/log_inprogress_0 to /home/runner/work/ozone/ozone/hadoop-ozone/integration-test/target/test-dir/MiniOzoneClusterImpl-4c935f51-a36a-4569-b515-a26f7be21e7f/scmNode-1/scm-ha/4c935f51-a36a-4569-b515-a26f7be21e7f/current/log_0-0
2021-08-10 07:28:42,144 [8ca6ee1f-9342-4413-9dac-77381ef541ed@group-A26F7BE21E7F-SegmentedRaftLogWorker] INFO  segmented.SegmentedRaftLogWorker (SegmentedRaftLogWorker.java:execute(601)) - 8ca6ee1f-9342-4413-9dac-77381ef541ed@group-A26F7BE21E7F-SegmentedRaftLogWorker: created new log segment /home/runner/work/ozone/ozone/hadoop-ozone/integration-test/target/test-dir/MiniOzoneClusterImpl-4c935f51-a36a-4569-b515-a26f7be21e7f/scmNode-1/scm-ha/4c935f51-a36a-4569-b515-a26f7be21e7f/current/log_inprogress_1
2021-08-10 07:28:42,150 [8ca6ee1f-9342-4413-9dac-77381ef541ed@group-A26F7BE21E7F-StateMachineUpdater] INFO  ha.SCMContext (SCMContext.java:setLeaderReady(115)) - update <isLeaderReady> from <false> to <true>
2021-08-10 07:28:42,151 [8ca6ee1f-9342-4413-9dac-77381ef541ed@group-A26F7BE21E7F-StateMachineUpdater] INFO  pipeline.BackgroundPipelineCreator (BackgroundPipelineCreatorV2.java:notifyStatusChanged(264)) - Service BackgroundPipelineCreator transitions to RUNNING.
2021-08-10 07:28:42,152 [8ca6ee1f-9342-4413-9dac-77381ef541ed@group-A26F7BE21E7F-StateMachineUpdater] INFO  safemode.HealthyPipelineSafeModeRule (HealthyPipelineSafeModeRule.java:initializeRule(152)) - Refreshed total pipeline count is 0, healthy pipeline threshold count is 1
2021-08-10 07:28:42,152 [8ca6ee1f-9342-4413-9dac-77381ef541ed@group-A26F7BE21E7F-StateMachineUpdater] INFO  safemode.ContainerSafeModeRule (ContainerSafeModeRule.java:reInitializeRule(177)) - Refreshed one replica container threshold 0, currentThreshold 0
2021-08-10 07:28:42,152 [8ca6ee1f-9342-4413-9dac-77381ef541ed@group-A26F7BE21E7F-StateMachineUpdater] INFO  safemode.OneReplicaPipelineSafeModeRule (OneReplicaPipelineSafeModeRule.java:initializeRule(176)) - Refreshed Total pipeline count is 0, pipeline's with at least one datanode reported threshold count is 0
2021-08-10 07:28:42,152 [8ca6ee1f-9342-4413-9dac-77381ef541ed@group-A26F7BE21E7F-StateMachineUpdater] INFO  server.SCMDatanodeProtocolServer (SCMDatanodeProtocolServer.java:start(181)) - RPC server for DataNodes is listening at /0.0.0.0:14021
2021-08-10 07:28:42,161 [IPC Server listener on 14021] INFO  ipc.Server (Server.java:run(1344)) - IPC Server listener on 14021: starting
2021-08-10 07:28:42,177 [IPC Server Responder] INFO  ipc.Server (Server.java:run(1507)) - IPC Server Responder: starting
2021-08-10 07:28:42,515 [EndpointStateMachine task thread for /127.0.0.1:15917 - 0 ] INFO  ipc.Client (Client.java:handleConnectionFailure(977)) - Retrying connect to server: localhost/127.0.0.1:15917. Already tried 14 time(s); retry policy is RetryUpToMaximumCountWithFixedSleep(maxRetries=15, sleepTime=1000 MILLISECONDS)
2021-08-10 07:28:42,578 [EndpointStateMachine task thread for /127.0.0.1:13049 - 0 ] INFO  ipc.Client (Client.java:handleConnectionFailure(977)) - Retrying connect to server: localhost/127.0.0.1:13049. Already tried 13 time(s); retry policy is RetryUpToMaximumCountWithFixedSleep(maxRetries=15, sleepTime=1000 MILLISECONDS)
OM initialization succeeded.Current cluster id for sd=/home/runner/work/ozone/ozone/hadoop-ozone/integration-test/target/test-dir/MiniOzoneClusterImpl-4c935f51-a36a-4569-b515-a26f7be21e7f/omNode-1/om;cid=4c935f51-a36a-4569-b515-a26f7be21e7f;layoutVersion=0
2021-08-10 07:28:43,490 [Listener at 0.0.0.0/14023] INFO  ha.OMHANodeDetails (OMHANodeDetails.java:loadOMHAConfig(118)) - ServiceID for OzoneManager is om-bootstrap
2021-08-10 07:28:43,490 [Listener at 0.0.0.0/14023] INFO  ha.OMHANodeDetails (OMHANodeDetails.java:loadOMHAConfig(194)) - Found matching OM address with OMServiceId: om-bootstrap, OMNodeId: omNode-1, RPC Address: localhost:11816 and Ratis port: 11820
2021-08-10 07:28:43,490 [Listener at 0.0.0.0/14023] INFO  ha.OMHANodeDetails (ConfUtils.java:setNodeSpecificConfigs(108)) - Setting configuration key ozone.om.http-address with value of key ozone.om.http-address.om-bootstrap.omNode-1: 127.0.0.1:11818
2021-08-10 07:28:43,490 [Listener at 0.0.0.0/14023] INFO  ha.OMHANodeDetails (ConfUtils.java:setNodeSpecificConfigs(108)) - Setting configuration key ozone.om.https-address with value of key ozone.om.https-address.om-bootstrap.omNode-1: 127.0.0.1:11819
2021-08-10 07:28:43,490 [Listener at 0.0.0.0/14023] INFO  ha.OMHANodeDetails (ConfUtils.java:setNodeSpecificConfigs(108)) - Setting configuration key ozone.om.address with value of key ozone.om.address.om-bootstrap.omNode-1: 127.0.0.1:11816
2021-08-10 07:28:43,490 [Listener at 0.0.0.0/14023] WARN  server.ServerUtils (ServerUtils.java:getDBPath(225)) - ozone.om.db.dirs is not configured. We recommend adding this setting. Falling back to ozone.metadata.dirs instead.
2021-08-10 07:28:43,491 [Listener at 0.0.0.0/14023] INFO  upgrade.AbstractLayoutVersionManager (AbstractLayoutVersionManager.java:init(70)) - Initializing Layout version manager with metadata layout = INITIAL_VERSION (version = 0), software layout = INITIAL_VERSION (version = 0)
2021-08-10 07:28:43,516 [EndpointStateMachine task thread for /127.0.0.1:15917 - 0 ] INFO  ipc.Client (Client.java:handleConnectionFailure(977)) - Retrying connect to server: localhost/127.0.0.1:15917. Already tried 0 time(s); retry policy is RetryUpToMaximumCountWithFixedSleep(maxRetries=15, sleepTime=1000 MILLISECONDS)
2021-08-10 07:28:43,563 [Listener at 0.0.0.0/14023] INFO  reflections.Reflections (Reflections.java:scan(232)) - Reflections took 71 ms to scan 2 urls, producing 131 keys and 342 values [using 2 cores]
2021-08-10 07:28:43,563 [Listener at 0.0.0.0/14023] INFO  upgrade.OMLayoutVersionManager (OMLayoutVersionManager.java:lambda$0(116)) - Skipping Upgrade Action MockOmUpgradeAction since it has been finalized.
2021-08-10 07:28:43,563 [Listener at 0.0.0.0/14023] WARN  server.ServerUtils (ServerUtils.java:getDBPath(225)) - ozone.om.db.dirs is not configured. We recommend adding this setting. Falling back to ozone.metadata.dirs instead.
2021-08-10 07:28:43,563 [Listener at 0.0.0.0/14023] INFO  ha.SCMNodeInfo (SCMNodeInfo.java:getPort(197)) - ConfigKey ozone.scm.client.address is deprecated, For configuring different ports for each SCM use PortConfigKey ozone.scm.client.port appended with serviceId and nodeId
2021-08-10 07:28:43,563 [Listener at 0.0.0.0/14023] INFO  ha.SCMNodeInfo (SCMNodeInfo.java:getPort(197)) - ConfigKey ozone.scm.block.client.address is deprecated, For configuring different ports for each SCM use PortConfigKey ozone.scm.block.client.port appended with serviceId and nodeId
2021-08-10 07:28:43,563 [Listener at 0.0.0.0/14023] INFO  ha.SCMNodeInfo (SCMNodeInfo.java:getPort(197)) - ConfigKey ozone.scm.datanode.address is deprecated, For configuring different ports for each SCM use PortConfigKey ozone.scm.datanode.port appended with serviceId and nodeId
2021-08-10 07:28:43,564 [Listener at 0.0.0.0/14023] INFO  ha.SCMNodeInfo (SCMNodeInfo.java:getPort(197)) - ConfigKey ozone.scm.client.address is deprecated, For configuring different ports for each SCM use PortConfigKey ozone.scm.client.port appended with serviceId and nodeId
2021-08-10 07:28:43,564 [Listener at 0.0.0.0/14023] INFO  ha.SCMNodeInfo (SCMNodeInfo.java:getPort(197)) - ConfigKey ozone.scm.block.client.address is deprecated, For configuring different ports for each SCM use PortConfigKey ozone.scm.block.client.port appended with serviceId and nodeId
2021-08-10 07:28:43,564 [Listener at 0.0.0.0/14023] INFO  ha.SCMNodeInfo (SCMNodeInfo.java:getPort(197)) - ConfigKey ozone.scm.datanode.address is deprecated, For configuring different ports for each SCM use PortConfigKey ozone.scm.datanode.port appended with serviceId and nodeId
2021-08-10 07:28:43,564 [Listener at 0.0.0.0/14023] INFO  ha.SCMNodeInfo (SCMNodeInfo.java:getPort(197)) - ConfigKey ozone.scm.client.address is deprecated, For configuring different ports for each SCM use PortConfigKey ozone.scm.client.port appended with serviceId and nodeId
2021-08-10 07:28:43,564 [Listener at 0.0.0.0/14023] INFO  ha.SCMNodeInfo (SCMNodeInfo.java:getPort(197)) - ConfigKey ozone.scm.block.client.address is deprecated, For configuring different ports for each SCM use PortConfigKey ozone.scm.block.client.port appended with serviceId and nodeId
2021-08-10 07:28:43,564 [Listener at 0.0.0.0/14023] INFO  ha.SCMNodeInfo (SCMNodeInfo.java:getPort(197)) - ConfigKey ozone.scm.datanode.address is deprecated, For configuring different ports for each SCM use PortConfigKey ozone.scm.datanode.port appended with serviceId and nodeId
2021-08-10 07:28:43,578 [EndpointStateMachine task thread for /127.0.0.1:13049 - 0 ] INFO  ipc.Client (Client.java:handleConnectionFailure(977)) - Retrying connect to server: localhost/127.0.0.1:13049. Already tried 14 time(s); retry policy is RetryUpToMaximumCountWithFixedSleep(maxRetries=15, sleepTime=1000 MILLISECONDS)
2021-08-10 07:28:43,593 [Listener at 0.0.0.0/14023] WARN  server.ServerUtils (ServerUtils.java:getDBPath(225)) - ozone.om.db.dirs is not configured. We recommend adding this setting. Falling back to ozone.metadata.dirs instead.
2021-08-10 07:28:43,593 [Listener at 0.0.0.0/14023] INFO  codec.OmKeyInfoCodec (OmKeyInfoCodec.java:<init>(51)) - OmKeyInfoCodec ignorePipeline = true
2021-08-10 07:28:43,593 [Listener at 0.0.0.0/14023] INFO  codec.RepeatedOmKeyInfoCodec (RepeatedOmKeyInfoCodec.java:<init>(42)) - RepeatedOmKeyInfoCodec ignorePipeline = true
2021-08-10 07:28:43,764 [Listener at 0.0.0.0/14023] INFO  om.OzoneManager (OzoneManager.java:addS3GVolumeToDB(4115)) - Created Volume s3v With Owner runner required for S3Gateway operations.
2021-08-10 07:28:43,764 [Listener at 0.0.0.0/14023] WARN  server.ServerUtils (ServerUtils.java:getDefaultRatisDirectory(237)) - Storage directory for Ratis is not configured. It is a good idea to map this to an SSD disk. Falling back to ozone.metadata.dirs
2021-08-10 07:28:43,764 [Listener at 0.0.0.0/14023] WARN  utils.OzoneManagerRatisUtils (OzoneManagerRatisUtils.java:getOMRatisSnapshotDirectory(391)) - ozone.om.ratis.snapshot.dir is not configured. Falling back to ozone.metadata.dirs config
2021-08-10 07:28:43,765 [Listener at 0.0.0.0/14023] WARN  impl.MetricRegistriesImpl (MetricRegistriesImpl.java:addReporterRegistration(111)) - New reporters are added after registries were created. Some metrics will be missing from the reporter. Please add reporter before adding any new registry.
2021-08-10 07:28:43,765 [Listener at 0.0.0.0/14023] WARN  impl.MetricRegistriesImpl (MetricRegistriesImpl.java:addReporterRegistration(111)) - New reporters are added after registries were created. Some metrics will be missing from the reporter. Please add reporter before adding any new registry.
2021-08-10 07:28:43,765 [Listener at 0.0.0.0/14023] WARN  server.ServerUtils (ServerUtils.java:getDefaultRatisDirectory(237)) - Storage directory for Ratis is not configured. It is a good idea to map this to an SSD disk. Falling back to ozone.metadata.dirs
2021-08-10 07:28:43,801 [Listener at 0.0.0.0/14023] INFO  ratis.OzoneManagerRatisServer (OzoneManagerRatisServer.java:<init>(158)) - Instantiating OM Ratis server with groupID: om-bootstrap and peers: localhost:11820
2021-08-10 07:28:43,802 [Listener at 0.0.0.0/14023] INFO  ratis.OzoneManagerStateMachine (OzoneManagerStateMachine.java:loadSnapshotInfoFromDB(605)) - LastAppliedIndex is set from TransactionInfo from OM DB as (t:0, i:~)
2021-08-10 07:28:43,819 [Listener at 0.0.0.0/14023] INFO  server.RaftServer (ConfUtils.java:logGet(44)) - raft.rpc.type = GRPC (default)
2021-08-10 07:28:43,819 [Listener at 0.0.0.0/14023] INFO  grpc.GrpcFactory (GrpcFactory.java:checkPooledByteBufAllocatorUseCacheForAllThreads(48)) - PERFORMANCE WARNING: useCacheForAllThreads is true that may cause Netty to create a lot garbage objects and, as a result, trigger GC.
	It is recommended to disable useCacheForAllThreads by setting -Dorg.apache.ratis.thirdparty.io.netty.allocator.useCacheForAllThreads=false in command line.
2021-08-10 07:28:43,819 [Listener at 0.0.0.0/14023] INFO  grpc.GrpcConfigKeys (ConfUtils.java:logGet(44)) - raft.grpc.admin.port = -1 (default)
2021-08-10 07:28:43,819 [Listener at 0.0.0.0/14023] INFO  grpc.GrpcConfigKeys (ConfUtils.java:logGet(44)) - raft.grpc.server.port = 11820 (custom)
2021-08-10 07:28:43,819 [Listener at 0.0.0.0/14023] INFO  grpc.GrpcConfigKeys (ConfUtils.java:logGet(44)) - raft.grpc.client.port = -1 (default)
2021-08-10 07:28:43,820 [Listener at 0.0.0.0/14023] INFO  grpc.GrpcConfigKeys (ConfUtils.java:logGet(44)) - raft.grpc.server.port = 11820 (custom)
2021-08-10 07:28:43,820 [Listener at 0.0.0.0/14023] INFO  grpc.GrpcConfigKeys (ConfUtils.java:logGet(44)) - raft.grpc.server.port = 11820 (custom)
2021-08-10 07:28:43,820 [Listener at 0.0.0.0/14023] INFO  server.GrpcService (ConfUtils.java:logGet(44)) - raft.grpc.message.size.max = 33554432 (custom)
2021-08-10 07:28:43,820 [Listener at 0.0.0.0/14023] INFO  server.RaftServerConfigKeys (ConfUtils.java:logGet(44)) - raft.server.log.appender.buffer.byte-limit = 33554432 (custom)
2021-08-10 07:28:43,820 [Listener at 0.0.0.0/14023] INFO  server.GrpcService (ConfUtils.java:logGet(44)) - raft.grpc.flow.control.window = 1MB (=1048576) (default)
2021-08-10 07:28:43,820 [Listener at 0.0.0.0/14023] INFO  server.RaftServerConfigKeys (ConfUtils.java:logGet(44)) - raft.server.rpc.request.timeout = 3000ms (default)
2021-08-10 07:28:43,821 [Listener at 0.0.0.0/14023] INFO  impl.DataStreamServerImpl (ConfUtils.java:logGet(44)) - raft.datastream.type = DISABLED (default)
2021-08-10 07:28:43,821 [Listener at 0.0.0.0/14023] INFO  server.RaftServerConfigKeys (ConfUtils.java:logGet(44)) - raft.server.rpc.slowness.timeout = 2s (custom)
2021-08-10 07:28:43,821 [Listener at 0.0.0.0/14023] INFO  server.RaftServerConfigKeys (ConfUtils.java:logGet(44)) - raft.server.leaderelection.leader.step-down.wait-time = 10s (default)
2021-08-10 07:28:43,821 [Listener at 0.0.0.0/14023] INFO  server.RaftServerConfigKeys (ConfUtils.java:logGet(44)) - raft.server.storage.dir = [/home/runner/work/ozone/ozone/hadoop-ozone/integration-test/target/test-dir/MiniOzoneClusterImpl-4c935f51-a36a-4569-b515-a26f7be21e7f/omNode-1/ratis] (custom)
2021-08-10 07:28:43,825 [Listener at 0.0.0.0/14023] INFO  server.RaftServer (RaftServerProxy.java:addNew(95)) - omNode-1: addNew group-33FC8B15A7E9:[omNode-1|rpc:localhost:11820|priority:0] returns group-33FC8B15A7E9:java.util.concurrent.CompletableFuture@64863fc3[Not completed]
2021-08-10 07:28:43,825 [Listener at 0.0.0.0/14023] INFO  om.OzoneManager (OzoneManager.java:initializeRatisServer(1573)) - OzoneManager Ratis server initialized at port 11820
2021-08-10 07:28:43,826 [Listener at 0.0.0.0/14023] INFO  ipc.CallQueueManager (CallQueueManager.java:<init>(90)) - Using callQueue: class java.util.concurrent.LinkedBlockingQueue, queueCapacity: 2000, scheduler: class org.apache.hadoop.ipc.DefaultRpcScheduler, ipcBackoff: false.
2021-08-10 07:28:43,826 [pool-415-thread-1] INFO  server.RaftServer$Division (RaftServerImpl.java:<init>(181)) - omNode-1: new RaftServerImpl for group-33FC8B15A7E9:[omNode-1|rpc:localhost:11820|priority:0] with OzoneManagerStateMachine:uninitialized
2021-08-10 07:28:43,827 [Socket Reader #1 for port 11816] INFO  ipc.Server (Server.java:run(1265)) - Starting Socket Reader #1 for port 11816
2021-08-10 07:28:43,838 [pool-415-thread-1] INFO  server.RaftServerConfigKeys (ConfUtils.java:logGet(44)) - raft.server.rpc.timeout.min = 1s (custom)
2021-08-10 07:28:43,838 [pool-415-thread-1] INFO  server.RaftServerConfigKeys (ConfUtils.java:logGet(44)) - raft.server.rpc.timeout.max = 1200ms (custom)
2021-08-10 07:28:43,838 [pool-415-thread-1] INFO  server.RaftServerConfigKeys (ConfUtils.java:logGet(44)) - raft.server.rpc.sleep.time = 25ms (default)
2021-08-10 07:28:43,838 [pool-415-thread-1] INFO  server.RaftServerConfigKeys (ConfUtils.java:logGet(44)) - raft.server.rpc.slowness.timeout = 2s (custom)
2021-08-10 07:28:43,838 [pool-415-thread-1] INFO  server.RaftServerConfigKeys (ConfUtils.java:logGet(44)) - raft.server.leaderelection.leader.step-down.wait-time = 10s (default)
2021-08-10 07:28:43,838 [pool-415-thread-1] INFO  server.RaftServerConfigKeys (ConfUtils.java:logGet(44)) - raft.server.sleep.deviation.threshold = 300ms (default)
2021-08-10 07:28:43,838 [pool-415-thread-1] INFO  server.RaftServerConfigKeys (ConfUtils.java:logGet(44)) - raft.server.log.appender.install.snapshot.enabled = false (custom)
2021-08-10 07:28:43,838 [pool-415-thread-1] INFO  server.RaftServer$Division (ServerState.java:<init>(105)) - omNode-1@group-33FC8B15A7E9: ConfigurationManager, init=-1: [omNode-1|rpc:localhost:11820|priority:0], old=null, confs=<EMPTY_MAP>
2021-08-10 07:28:43,838 [pool-415-thread-1] INFO  server.RaftServerConfigKeys (ConfUtils.java:logGet(44)) - raft.server.storage.dir = [/home/runner/work/ozone/ozone/hadoop-ozone/integration-test/target/test-dir/MiniOzoneClusterImpl-4c935f51-a36a-4569-b515-a26f7be21e7f/omNode-1/ratis] (custom)
2021-08-10 07:28:43,838 [pool-415-thread-1] INFO  server.RaftServerConfigKeys (ConfUtils.java:logGet(44)) - raft.server.log.corruption.policy = EXCEPTION (default)
2021-08-10 07:28:43,838 [pool-415-thread-1] INFO  server.RaftServerConfigKeys (ConfUtils.java:logGet(44)) - raft.server.storage.free-space.min = 0MB (=0) (default)
2021-08-10 07:28:43,838 [pool-415-thread-1] INFO  storage.RaftStorageDirectory (RaftStorageDirectoryImpl.java:analyzeStorage(135)) - The storage directory /home/runner/work/ozone/ozone/hadoop-ozone/integration-test/target/test-dir/MiniOzoneClusterImpl-4c935f51-a36a-4569-b515-a26f7be21e7f/omNode-1/ratis/a5a8c63e-4922-3a03-b163-33fc8b15a7e9 does not exist. Creating ...
2021-08-10 07:28:43,839 [pool-415-thread-1] INFO  storage.RaftStorageDirectory (RaftStorageDirectoryImpl.java:tryLock(230)) - Lock on /home/runner/work/ozone/ozone/hadoop-ozone/integration-test/target/test-dir/MiniOzoneClusterImpl-4c935f51-a36a-4569-b515-a26f7be21e7f/omNode-1/ratis/a5a8c63e-4922-3a03-b163-33fc8b15a7e9/in_use.lock acquired by nodename 25326@fv-az270-250
2021-08-10 07:28:43,840 [pool-415-thread-1] INFO  storage.RaftStorage (RaftStorageImpl.java:format(89)) - Storage directory /home/runner/work/ozone/ozone/hadoop-ozone/integration-test/target/test-dir/MiniOzoneClusterImpl-4c935f51-a36a-4569-b515-a26f7be21e7f/omNode-1/ratis/a5a8c63e-4922-3a03-b163-33fc8b15a7e9 has been successfully formatted.
2021-08-10 07:28:43,841 [pool-415-thread-1] INFO  server.RaftServerConfigKeys (ConfUtils.java:logGet(44)) - raft.server.notification.no-leader.timeout = 2s (custom)
2021-08-10 07:28:43,841 [pool-415-thread-1] INFO  server.RaftServerConfigKeys (ConfUtils.java:logGet(44)) - raft.server.log.use.memory = false (default)
2021-08-10 07:28:43,841 [pool-415-thread-1] INFO  server.RaftServerConfigKeys (ConfUtils.java:logGet(44)) - raft.server.log.purge.gap = 1000000 (custom)
2021-08-10 07:28:43,841 [pool-415-thread-1] INFO  server.RaftServerConfigKeys (ConfUtils.java:logGet(44)) - raft.server.log.appender.buffer.byte-limit = 33554432 (custom)
2021-08-10 07:28:43,841 [pool-415-thread-1] INFO  server.RaftServerConfigKeys (ConfUtils.java:logGet(44)) - raft.server.log.segment.size.max = 4194304 (custom)
2021-08-10 07:28:43,841 [pool-415-thread-1] INFO  server.RaftServerConfigKeys (ConfUtils.java:logGet(44)) - raft.server.log.segment.cache.num.max = 2 (custom)
2021-08-10 07:28:43,841 [pool-415-thread-1] INFO  server.RaftServerConfigKeys (ConfUtils.java:logGet(44)) - raft.server.log.segment.cache.size.max = 200MB (=209715200) (default)
2021-08-10 07:28:43,841 [pool-415-thread-1] INFO  segmented.SegmentedRaftLogWorker (SegmentedRaftLogWorker.java:<init>(182)) - new omNode-1@group-33FC8B15A7E9-SegmentedRaftLogWorker for RaftStorageImpl:Storage Directory /home/runner/work/ozone/ozone/hadoop-ozone/integration-test/target/test-dir/MiniOzoneClusterImpl-4c935f51-a36a-4569-b515-a26f7be21e7f/omNode-1/ratis/a5a8c63e-4922-3a03-b163-33fc8b15a7e9
2021-08-10 07:28:43,841 [pool-415-thread-1] INFO  server.RaftServerConfigKeys (ConfUtils.java:logGet(44)) - raft.server.log.queue.byte-limit = 64MB (=67108864) (default)
2021-08-10 07:28:43,841 [pool-415-thread-1] INFO  server.RaftServerConfigKeys (ConfUtils.java:logGet(44)) - raft.server.log.queue.element-limit = 4096 (default)
2021-08-10 07:28:43,841 [pool-415-thread-1] INFO  server.RaftServerConfigKeys (ConfUtils.java:logGet(44)) - raft.server.log.segment.size.max = 4194304 (custom)
2021-08-10 07:28:43,841 [pool-415-thread-1] INFO  server.RaftServerConfigKeys (ConfUtils.java:logGet(44)) - raft.server.log.preallocated.size = 4194304 (custom)
2021-08-10 07:28:43,841 [pool-415-thread-1] INFO  server.RaftServerConfigKeys (ConfUtils.java:logGet(44)) - raft.server.log.force.sync.num = 128 (default)
2021-08-10 07:28:43,841 [pool-415-thread-1] INFO  server.RaftServerConfigKeys (ConfUtils.java:logGet(44)) - raft.server.log.statemachine.data.sync = true (default)
2021-08-10 07:28:43,841 [pool-415-thread-1] INFO  server.RaftServerConfigKeys (ConfUtils.java:logGet(44)) - raft.server.log.statemachine.data.sync.timeout = 10s (default)
2021-08-10 07:28:43,841 [pool-415-thread-1] INFO  server.RaftServerConfigKeys (ConfUtils.java:logGet(44)) - raft.server.log.statemachine.data.sync.timeout.retry = -1 (default)
2021-08-10 07:28:43,842 [pool-415-thread-1] INFO  server.RaftServerConfigKeys (ConfUtils.java:logGet(44)) - raft.server.log.write.buffer.size = 64KB (=65536) (default)
2021-08-10 07:28:43,842 [pool-415-thread-1] INFO  server.RaftServerConfigKeys (ConfUtils.java:logGet(44)) - raft.server.log.statemachine.data.caching.enabled = false (default)
2021-08-10 07:28:43,842 [pool-415-thread-1] INFO  segmented.SegmentedRaftLogWorker (SegmentedRaftLogWorker.java:lambda$new$0(133)) - omNode-1@group-33FC8B15A7E9-SegmentedRaftLogWorker: flushIndex: setUnconditionally 0 -> -1
2021-08-10 07:28:43,842 [pool-415-thread-1] INFO  segmented.SegmentedRaftLogWorker (SegmentedRaftLogWorker.java:lambda$new$0(133)) - omNode-1@group-33FC8B15A7E9-SegmentedRaftLogWorker: safeCacheEvictIndex: setUnconditionally 0 -> -1
2021-08-10 07:28:43,846 [pool-415-thread-1] INFO  server.RaftServerConfigKeys (ConfUtils.java:logGet(44)) - raft.server.snapshot.auto.trigger.enabled = true (custom)
2021-08-10 07:28:43,846 [pool-415-thread-1] INFO  server.RaftServerConfigKeys (ConfUtils.java:logGet(44)) - raft.server.snapshot.auto.trigger.threshold = 400000 (default)
2021-08-10 07:28:43,846 [pool-415-thread-1] INFO  server.RaftServerConfigKeys (ConfUtils.java:logGet(44)) - raft.server.snapshot.retention.file.num = -1 (default)
2021-08-10 07:28:43,846 [pool-415-thread-1] INFO  server.RaftServerConfigKeys (ConfUtils.java:logGet(44)) - raft.server.log.purge.upto.snapshot.index = true (custom)
2021-08-10 07:28:43,846 [pool-415-thread-1] INFO  server.RaftServerConfigKeys (ConfUtils.java:logGet(44)) - raft.server.retrycache.expirytime = 300s (custom)
2021-08-10 07:28:43,846 [pool-415-thread-1] INFO  server.RaftServerConfigKeys (ConfUtils.java:logGet(44)) - raft.server.retrycache.statistics.expirytime = 100μs (default)
2021-08-10 07:28:43,890 [Listener at 127.0.0.1/11816] INFO  om.OzoneManager (OzoneManager.java:initFSOLayout(4321)) - Configured ozone.om.metadata.layout=SIMPLE and disabled optimized OM FS operations
2021-08-10 07:28:43,890 [Listener at 127.0.0.1/11816] INFO  impl.MetricsSystemImpl (MetricsSystemImpl.java:init(158)) - OzoneManager metrics system started (again)
2021-08-10 07:28:43,908 [Listener at 127.0.0.1/11816] INFO  om.OzoneManager (OzoneManager.java:start(1270)) - OzoneManager RPC server is listening at localhost/127.0.0.1:11816
2021-08-10 07:28:43,909 [Listener at 127.0.0.1/11816] INFO  ratis.OzoneManagerRatisServer (OzoneManagerRatisServer.java:start(516)) - Starting OzoneManagerRatisServer omNode-1 at port 11820
2021-08-10 07:28:43,909 [Listener at 127.0.0.1/11816] INFO  server.RaftServer$Division (RaftServerImpl.java:start(296)) - omNode-1@group-33FC8B15A7E9: start as a follower, conf=-1: [omNode-1|rpc:localhost:11820|priority:0], old=null
2021-08-10 07:28:43,909 [Listener at 127.0.0.1/11816] INFO  server.RaftServer$Division (RaftServerImpl.java:setRole(285)) - omNode-1@group-33FC8B15A7E9: changes role from      null to FOLLOWER at term 0 for startAsFollower
2021-08-10 07:28:43,917 [Listener at 127.0.0.1/11816] INFO  impl.RoleInfo (RoleInfo.java:updateAndGet(130)) - omNode-1: start omNode-1@group-33FC8B15A7E9-FollowerState
2021-08-10 07:28:43,935 [Listener at 127.0.0.1/11816] INFO  util.JmxRegister (JmxRegister.java:tryRegister(44)) - Successfully registered JMX Bean with object name Ratis:service=RaftServer,group=group-33FC8B15A7E9,id=omNode-1
2021-08-10 07:28:43,957 [Listener at 127.0.0.1/11816] INFO  server.RaftServer (RaftServerProxy.java:lambda$start$5(374)) - omNode-1: start RPC server
2021-08-10 07:28:43,958 [Listener at 127.0.0.1/11816] INFO  server.GrpcService (GrpcService.java:startImpl(253)) - omNode-1: GrpcService started, listening on 11820
2021-08-10 07:28:43,969 [Listener at 127.0.0.1/11816] INFO  om.OzoneManager (OzoneManager.java:start(1288)) - Version File has different layout version (0) than OM DB (null). That is expected if this OM has never been finalized to a newer layout version.
2021-08-10 07:28:43,969 [org.apache.ratis.util.JvmPauseMonitor$$Lambda$430/1002246805@42d82d70] INFO  util.JvmPauseMonitor (JvmPauseMonitor.java:run(103)) - JvmPauseMonitor-omNode-1: Started
2021-08-10 07:28:43,977 [Listener at 127.0.0.1/11816] INFO  http.BaseHttpServer (BaseHttpServer.java:newHttpServer2BuilderForOzone(209)) - Starting Web-server for ozoneManager at: http://0.0.0.0:11818
2021-08-10 07:28:43,977 [Listener at 127.0.0.1/11816] INFO  http.BaseHttpServer (BaseHttpServer.java:<init>(107)) - Hadoop Security Enabled: false Ozone Security Enabled: false Ozone HTTP Security Enabled: false 
2021-08-10 07:28:43,978 [Listener at 127.0.0.1/11816] INFO  server.AuthenticationFilter (AuthenticationFilter.java:constructSecretProvider(240)) - Unable to initialize FileSignerSecretProvider, falling back to use random secrets.
2021-08-10 07:28:44,001 [Listener at 127.0.0.1/11816] WARN  http.HttpRequestLog (HttpRequestLog.java:getRequestLog(103)) - Jetty request log can only be enabled using Log4j
2021-08-10 07:28:44,002 [Listener at 127.0.0.1/11816] INFO  http.HttpServer2 (HttpServer2.java:addGlobalFilter(1020)) - Added global filter 'safety' (class=org.apache.hadoop.hdds.server.http.HttpServer2$QuotingInputFilter)
2021-08-10 07:28:44,002 [Listener at 127.0.0.1/11816] INFO  http.HttpServer2 (HttpServer2.java:addFilter(996)) - Added filter static_user_filter (class=org.apache.hadoop.http.lib.StaticUserWebFilter$StaticUserFilter) to context ozoneManager
2021-08-10 07:28:44,002 [Listener at 127.0.0.1/11816] INFO  http.HttpServer2 (HttpServer2.java:addFilter(1004)) - Added filter static_user_filter (class=org.apache.hadoop.http.lib.StaticUserWebFilter$StaticUserFilter) to context static
2021-08-10 07:28:44,002 [Listener at 127.0.0.1/11816] INFO  http.HttpServer2 (HttpServer2.java:addFilter(1004)) - Added filter static_user_filter (class=org.apache.hadoop.http.lib.StaticUserWebFilter$StaticUserFilter) to context logs
2021-08-10 07:28:44,003 [Listener at 127.0.0.1/11816] INFO  http.HttpServer2 (HttpServer2.java:bindListener(1239)) - Jetty bound to port 11818
2021-08-10 07:28:44,003 [Listener at 127.0.0.1/11816] INFO  server.Server (Server.java:doStart(375)) - jetty-9.4.43.v20210629; built: 2021-06-30T11:07:22.254Z; git: 526006ecfa3af7f1a27ef3a288e2bef7ea9dd7e8; jvm 1.8.0_292-b10
2021-08-10 07:28:44,010 [Listener at 127.0.0.1/11816] INFO  server.session (DefaultSessionIdManager.java:doStart(334)) - DefaultSessionIdManager workerName=node0
2021-08-10 07:28:44,010 [Listener at 127.0.0.1/11816] INFO  server.session (DefaultSessionIdManager.java:doStart(339)) - No SessionScavenger set, using defaults
2021-08-10 07:28:44,010 [Listener at 127.0.0.1/11816] INFO  server.session (HouseKeeper.java:startScavenging(132)) - node0 Scavenging every 660000ms
2021-08-10 07:28:44,037 [Listener at 127.0.0.1/11816] INFO  handler.ContextHandler (ContextHandler.java:doStart(915)) - Started o.e.j.s.ServletContextHandler@2a755d60{logs,/logs,file:///home/runner/work/ozone/ozone/hadoop-ozone/integration-test/target/log,AVAILABLE}
2021-08-10 07:28:44,037 [Listener at 127.0.0.1/11816] INFO  handler.ContextHandler (ContextHandler.java:doStart(915)) - Started o.e.j.s.ServletContextHandler@290db74f{static,/static,file:///home/runner/work/ozone/ozone/hadoop-ozone/integration-test/target/test-classes/webapps/static,AVAILABLE}
2021-08-10 07:28:44,039 [Listener at 127.0.0.1/11816] INFO  handler.ContextHandler (ContextHandler.java:doStart(915)) - Started o.e.j.w.WebAppContext@6f4126{ozoneManager,/,file:///home/runner/work/ozone/ozone/hadoop-ozone/integration-test/target/test-classes/webapps/ozoneManager/,AVAILABLE}{file:/home/runner/work/ozone/ozone/hadoop-ozone/integration-test/target/test-classes/webapps/ozoneManager}
2021-08-10 07:28:44,042 [Listener at 127.0.0.1/11816] INFO  server.AbstractConnector (AbstractConnector.java:doStart(331)) - Started ServerConnector@42300107{HTTP/1.1, (http/1.1)}{0.0.0.0:11818}
2021-08-10 07:28:44,042 [Listener at 127.0.0.1/11816] INFO  server.Server (Server.java:doStart(415)) - Started @109227ms
2021-08-10 07:28:44,042 [Listener at 127.0.0.1/11816] WARN  impl.MetricsSystemImpl (MetricsSystemImpl.java:register(279)) - Sink prometheus already exists!
2021-08-10 07:28:44,042 [Listener at 127.0.0.1/11816] INFO  http.BaseHttpServer (BaseHttpServer.java:updateConnectorAddress(329)) - HTTP server of ozoneManager listening at http://0.0.0.0:11818
2021-08-10 07:28:44,043 [IPC Server Responder] INFO  ipc.Server (Server.java:run(1507)) - IPC Server Responder: starting
2021-08-10 07:28:44,043 [IPC Server listener on 11816] INFO  ipc.Server (Server.java:run(1344)) - IPC Server listener on 11816: starting
2021-08-10 07:28:44,049 [Listener at 127.0.0.1/11816] INFO  om.OzoneManager (OzoneManager.java:startTrashEmptier(1531)) - Trash Interval set to 0. Files deleted will not move to trash
2021-08-10 07:28:44,050 [Listener at 127.0.0.1/11816] INFO  ozone.MiniOzoneHAClusterImpl (MiniOzoneHAClusterImpl.java:createOMService(484)) - Started OzoneManager omNode-1 RPC server at localhost/127.0.0.1:11816
2021-08-10 07:28:44,072 [Listener at 127.0.0.1/11816] WARN  impl.MetricRegistriesImpl (MetricRegistriesImpl.java:addReporterRegistration(111)) - New reporters are added after registries were created. Some metrics will be missing from the reporter. Please add reporter before adding any new registry.
2021-08-10 07:28:44,080 [Listener at 127.0.0.1/11816] WARN  impl.MetricRegistriesImpl (MetricRegistriesImpl.java:addReporterRegistration(111)) - New reporters are added after registries were created. Some metrics will be missing from the reporter. Please add reporter before adding any new registry.
2021-08-10 07:28:44,081 [Listener at 127.0.0.1/11816] INFO  impl.MetricsSystemImpl (MetricsSystemImpl.java:init(158)) - HddsDatanode metrics system started (again)
2021-08-10 07:28:44,080 [org.apache.hadoop.util.JvmPauseMonitor$Monitor@4140e3f5] INFO  util.JvmPauseMonitor (JvmPauseMonitor.java:run(188)) - Starting JVM pause monitor
2021-08-10 07:28:44,117 [Listener at 127.0.0.1/11816] INFO  ozone.HddsDatanodeService (HddsDatanodeService.java:start(234)) - HddsDatanodeService host:fv-az270-250.tacnzluakwdehk1hpragurqkma.bx.internal.cloudapp.net ip:10.1.0.29
2021-08-10 07:28:44,142 [Listener at 127.0.0.1/11816] INFO  upgrade.AbstractLayoutVersionManager (AbstractLayoutVersionManager.java:init(70)) - Initializing Layout version manager with metadata layout = SCM_HA (version = 2), software layout = SCM_HA (version = 2)
2021-08-10 07:28:44,190 [Listener at 127.0.0.1/11816] INFO  reflections.Reflections (Reflections.java:scan(232)) - Reflections took 47 ms to scan 7 urls, producing 120 keys and 275 values 
2021-08-10 07:28:44,192 [Listener at 127.0.0.1/11816] INFO  ha.SCMNodeInfo (SCMNodeInfo.java:getPort(197)) - ConfigKey ozone.scm.client.address is deprecated, For configuring different ports for each SCM use PortConfigKey ozone.scm.client.port appended with serviceId and nodeId
2021-08-10 07:28:44,192 [Listener at 127.0.0.1/11816] INFO  ha.SCMNodeInfo (SCMNodeInfo.java:getPort(197)) - ConfigKey ozone.scm.block.client.address is deprecated, For configuring different ports for each SCM use PortConfigKey ozone.scm.block.client.port appended with serviceId and nodeId
2021-08-10 07:28:44,192 [Listener at 127.0.0.1/11816] INFO  ha.SCMNodeInfo (SCMNodeInfo.java:getPort(197)) - ConfigKey ozone.scm.datanode.address is deprecated, For configuring different ports for each SCM use PortConfigKey ozone.scm.datanode.port appended with serviceId and nodeId
2021-08-10 07:28:44,194 [Listener at 127.0.0.1/11816] INFO  volume.HddsVolume (HddsVolume.java:<init>(120)) - Creating HddsVolume: /home/runner/work/ozone/ozone/hadoop-ozone/integration-test/target/test-dir/MiniOzoneClusterImpl-4c935f51-a36a-4569-b515-a26f7be21e7f/datanode-0/data-0/containers/hdds of storage type : DISK capacity : 9223372036854775807
2021-08-10 07:28:44,194 [Listener at 127.0.0.1/11816] INFO  volume.MutableVolumeSet (MutableVolumeSet.java:initializeVolumeSet(181)) - Added Volume : /home/runner/work/ozone/ozone/hadoop-ozone/integration-test/target/test-dir/MiniOzoneClusterImpl-4c935f51-a36a-4569-b515-a26f7be21e7f/datanode-0/data-0/containers/hdds to VolumeSet
2021-08-10 07:28:44,194 [Listener at 127.0.0.1/11816] INFO  volume.ThrottledAsyncChecker (ThrottledAsyncChecker.java:schedule(141)) - Scheduling a check for /home/runner/work/ozone/ozone/hadoop-ozone/integration-test/target/test-dir/MiniOzoneClusterImpl-4c935f51-a36a-4569-b515-a26f7be21e7f/datanode-0/data-0/containers/hdds
2021-08-10 07:28:44,217 [Listener at 127.0.0.1/11816] INFO  volume.StorageVolumeChecker (StorageVolumeChecker.java:checkAllVolumes(202)) - Scheduled health check for volume /home/runner/work/ozone/ozone/hadoop-ozone/integration-test/target/test-dir/MiniOzoneClusterImpl-4c935f51-a36a-4569-b515-a26f7be21e7f/datanode-0/data-0/containers/hdds
2021-08-10 07:28:44,227 [Listener at 127.0.0.1/11816] INFO  volume.MutableVolumeSet (MutableVolumeSet.java:initializeVolumeSet(181)) - Added Volume : /home/runner/work/ozone/ozone/hadoop-ozone/integration-test/target/test-dir/MiniOzoneClusterImpl-4c935f51-a36a-4569-b515-a26f7be21e7f/datanode-0/data/ratis to VolumeSet
2021-08-10 07:28:44,228 [Listener at 127.0.0.1/11816] INFO  volume.ThrottledAsyncChecker (ThrottledAsyncChecker.java:schedule(141)) - Scheduling a check for /home/runner/work/ozone/ozone/hadoop-ozone/integration-test/target/test-dir/MiniOzoneClusterImpl-4c935f51-a36a-4569-b515-a26f7be21e7f/datanode-0/data/ratis
2021-08-10 07:28:44,237 [Listener at 127.0.0.1/11816] INFO  volume.StorageVolumeChecker (StorageVolumeChecker.java:checkAllVolumes(202)) - Scheduled health check for volume /home/runner/work/ozone/ozone/hadoop-ozone/integration-test/target/test-dir/MiniOzoneClusterImpl-4c935f51-a36a-4569-b515-a26f7be21e7f/datanode-0/data/ratis
2021-08-10 07:28:44,257 [Listener at 127.0.0.1/11816] INFO  ozoneimpl.ContainerReader (ContainerReader.java:<init>(98)) - Running in upgrade mode:true
2021-08-10 07:28:44,265 [Thread-1902] INFO  ozoneimpl.ContainerReader (ContainerReader.java:readVolume(142)) - Start to verify containers on volume /home/runner/work/ozone/ozone/hadoop-ozone/integration-test/target/test-dir/MiniOzoneClusterImpl-4c935f51-a36a-4569-b515-a26f7be21e7f/datanode-0/data-0/containers/hdds
2021-08-10 07:28:44,265 [Thread-1902] INFO  ozoneimpl.ContainerReader (ContainerReader.java:readVolume(174)) - Finish verifying containers on volume /home/runner/work/ozone/ozone/hadoop-ozone/integration-test/target/test-dir/MiniOzoneClusterImpl-4c935f51-a36a-4569-b515-a26f7be21e7f/datanode-0/data-0/containers/hdds
2021-08-10 07:28:44,265 [Listener at 127.0.0.1/11816] INFO  ozoneimpl.OzoneContainer (OzoneContainer.java:buildContainerSet(237)) - Build ContainerSet costs 0s
2021-08-10 07:28:44,267 [Listener at 127.0.0.1/11816] INFO  server.RaftServer (ConfUtils.java:logGet(44)) - raft.rpc.type = GRPC (default)
2021-08-10 07:28:44,267 [Listener at 127.0.0.1/11816] INFO  grpc.GrpcFactory (GrpcFactory.java:checkPooledByteBufAllocatorUseCacheForAllThreads(48)) - PERFORMANCE WARNING: useCacheForAllThreads is true that may cause Netty to create a lot garbage objects and, as a result, trigger GC.
	It is recommended to disable useCacheForAllThreads by setting -Dorg.apache.ratis.thirdparty.io.netty.allocator.useCacheForAllThreads=false in command line.
2021-08-10 07:28:44,267 [Listener at 127.0.0.1/11816] INFO  grpc.GrpcConfigKeys (ConfUtils.java:logGet(44)) - raft.grpc.admin.port = 0 (custom)
2021-08-10 07:28:44,267 [Listener at 127.0.0.1/11816] INFO  grpc.GrpcConfigKeys (ConfUtils.java:logGet(44)) - raft.grpc.client.port = 0 (custom)
2021-08-10 07:28:44,267 [Listener at 127.0.0.1/11816] INFO  grpc.GrpcConfigKeys (ConfUtils.java:logGet(44)) - raft.grpc.server.port = 0 (default)
2021-08-10 07:28:44,267 [Listener at 127.0.0.1/11816] INFO  server.GrpcService (ConfUtils.java:logGet(44)) - raft.grpc.message.size.max = 32MB (=33554432) (custom)
2021-08-10 07:28:44,267 [Listener at 127.0.0.1/11816] INFO  server.RaftServerConfigKeys (ConfUtils.java:logGet(44)) - raft.server.log.appender.buffer.byte-limit = 33554432 (custom)
2021-08-10 07:28:44,267 [Listener at 127.0.0.1/11816] INFO  server.GrpcService (ConfUtils.java:logGet(44)) - raft.grpc.flow.control.window = 5MB (=5242880) (custom)
2021-08-10 07:28:44,267 [Listener at 127.0.0.1/11816] INFO  server.RaftServerConfigKeys (ConfUtils.java:logGet(44)) - raft.server.rpc.request.timeout = 60s (custom)
2021-08-10 07:28:44,268 [Listener at 127.0.0.1/11816] INFO  impl.DataStreamServerImpl (ConfUtils.java:logGet(44)) - raft.datastream.type = DISABLED (default)
2021-08-10 07:28:44,268 [Listener at 127.0.0.1/11816] INFO  server.RaftServerConfigKeys (ConfUtils.java:logGet(44)) - raft.server.rpc.slowness.timeout = 300s (custom)
2021-08-10 07:28:44,268 [Listener at 127.0.0.1/11816] INFO  server.RaftServerConfigKeys (ConfUtils.java:logGet(44)) - raft.server.leaderelection.leader.step-down.wait-time = 10s (default)
2021-08-10 07:28:44,268 [Listener at 127.0.0.1/11816] INFO  server.RaftServerConfigKeys (ConfUtils.java:logGet(44)) - raft.server.storage.dir = [/home/runner/work/ozone/ozone/hadoop-ozone/integration-test/target/test-dir/MiniOzoneClusterImpl-4c935f51-a36a-4569-b515-a26f7be21e7f/datanode-0/data/ratis] (custom)
2021-08-10 07:28:44,286 [Listener at 127.0.0.1/11816] INFO  http.BaseHttpServer (BaseHttpServer.java:newHttpServer2BuilderForOzone(209)) - Starting Web-server for hddsDatanode at: http://0.0.0.0:0
2021-08-10 07:28:44,286 [Listener at 127.0.0.1/11816] INFO  http.BaseHttpServer (BaseHttpServer.java:<init>(107)) - Hadoop Security Enabled: false Ozone Security Enabled: false Ozone HTTP Security Enabled: false 
2021-08-10 07:28:44,291 [Listener at 127.0.0.1/11816] INFO  server.AuthenticationFilter (AuthenticationFilter.java:constructSecretProvider(240)) - Unable to initialize FileSignerSecretProvider, falling back to use random secrets.
2021-08-10 07:28:44,301 [Listener at 127.0.0.1/11816] WARN  http.HttpRequestLog (HttpRequestLog.java:getRequestLog(103)) - Jetty request log can only be enabled using Log4j
2021-08-10 07:28:44,301 [Listener at 127.0.0.1/11816] INFO  http.HttpServer2 (HttpServer2.java:addGlobalFilter(1020)) - Added global filter 'safety' (class=org.apache.hadoop.hdds.server.http.HttpServer2$QuotingInputFilter)
2021-08-10 07:28:44,302 [Listener at 127.0.0.1/11816] INFO  http.HttpServer2 (HttpServer2.java:addFilter(996)) - Added filter static_user_filter (class=org.apache.hadoop.http.lib.StaticUserWebFilter$StaticUserFilter) to context hddsDatanode
2021-08-10 07:28:44,302 [Listener at 127.0.0.1/11816] INFO  http.HttpServer2 (HttpServer2.java:addFilter(1004)) - Added filter static_user_filter (class=org.apache.hadoop.http.lib.StaticUserWebFilter$StaticUserFilter) to context logs
2021-08-10 07:28:44,302 [Listener at 127.0.0.1/11816] INFO  http.HttpServer2 (HttpServer2.java:addFilter(1004)) - Added filter static_user_filter (class=org.apache.hadoop.http.lib.StaticUserWebFilter$StaticUserFilter) to context static
2021-08-10 07:28:44,302 [Listener at 127.0.0.1/11816] INFO  http.HttpServer2 (HttpServer2.java:bindListener(1239)) - Jetty bound to port 45787
2021-08-10 07:28:44,302 [Listener at 127.0.0.1/11816] INFO  server.Server (Server.java:doStart(375)) - jetty-9.4.43.v20210629; built: 2021-06-30T11:07:22.254Z; git: 526006ecfa3af7f1a27ef3a288e2bef7ea9dd7e8; jvm 1.8.0_292-b10
2021-08-10 07:28:44,337 [Listener at 127.0.0.1/11816] INFO  server.session (DefaultSessionIdManager.java:doStart(334)) - DefaultSessionIdManager workerName=node0
2021-08-10 07:28:44,337 [Listener at 127.0.0.1/11816] INFO  server.session (DefaultSessionIdManager.java:doStart(339)) - No SessionScavenger set, using defaults
2021-08-10 07:28:44,341 [Listener at 127.0.0.1/11816] INFO  server.session (HouseKeeper.java:startScavenging(132)) - node0 Scavenging every 600000ms
2021-08-10 07:28:44,344 [Listener at 127.0.0.1/11816] INFO  handler.ContextHandler (ContextHandler.java:doStart(915)) - Started o.e.j.s.ServletContextHandler@77361584{logs,/logs,file:///home/runner/work/ozone/ozone/hadoop-ozone/integration-test/target/log,AVAILABLE}
2021-08-10 07:28:44,344 [Listener at 127.0.0.1/11816] INFO  handler.ContextHandler (ContextHandler.java:doStart(915)) - Started o.e.j.s.ServletContextHandler@74d31b96{static,/static,jar:file:/home/runner/.m2/repository/org/apache/ozone/hdds-container-service/1.2.0-SNAPSHOT/hdds-container-service-1.2.0-SNAPSHOT.jar!/webapps/static,AVAILABLE}
2021-08-10 07:28:44,482 [Listener at 127.0.0.1/11816] INFO  handler.ContextHandler (ContextHandler.java:doStart(915)) - Started o.e.j.w.WebAppContext@5140366b{hddsDatanode,/,file:///tmp/jetty-0_0_0_0-45787-hdds-container-service-1_2_0-SNAPSHOT_jar-_-any-3059257209912033151/webapp/,AVAILABLE}{jar:file:/home/runner/.m2/repository/org/apache/ozone/hdds-container-service/1.2.0-SNAPSHOT/hdds-container-service-1.2.0-SNAPSHOT.jar!/webapps/hddsDatanode}
2021-08-10 07:28:44,494 [Listener at 127.0.0.1/11816] INFO  server.AbstractConnector (AbstractConnector.java:doStart(331)) - Started ServerConnector@3fd964b8{HTTP/1.1, (http/1.1)}{0.0.0.0:45787}
2021-08-10 07:28:44,494 [Listener at 127.0.0.1/11816] INFO  server.Server (Server.java:doStart(415)) - Started @109679ms
2021-08-10 07:28:44,494 [Listener at 127.0.0.1/11816] WARN  impl.MetricsSystemImpl (MetricsSystemImpl.java:register(279)) - Sink prometheus already exists!
2021-08-10 07:28:44,494 [Listener at 127.0.0.1/11816] INFO  http.BaseHttpServer (BaseHttpServer.java:updateConnectorAddress(329)) - HTTP server of hddsDatanode listening at http://0.0.0.0:45787
2021-08-10 07:28:44,498 [Listener at 127.0.0.1/11816] WARN  impl.MetricRegistriesImpl (MetricRegistriesImpl.java:addReporterRegistration(111)) - New reporters are added after registries were created. Some metrics will be missing from the reporter. Please add reporter before adding any new registry.
2021-08-10 07:28:44,498 [Listener at 127.0.0.1/11816] WARN  impl.MetricRegistriesImpl (MetricRegistriesImpl.java:addReporterRegistration(111)) - New reporters are added after registries were created. Some metrics will be missing from the reporter. Please add reporter before adding any new registry.
2021-08-10 07:28:44,498 [Listener at 127.0.0.1/11816] INFO  impl.MetricsSystemImpl (MetricsSystemImpl.java:init(158)) - HddsDatanode metrics system started (again)
2021-08-10 07:28:44,578 [EndpointStateMachine task thread for /127.0.0.1:15917 - 0 ] INFO  ipc.Client (Client.java:handleConnectionFailure(977)) - Retrying connect to server: localhost/127.0.0.1:15917. Already tried 1 time(s); retry policy is RetryUpToMaximumCountWithFixedSleep(maxRetries=15, sleepTime=1000 MILLISECONDS)
2021-08-10 07:28:44,582 [EndpointStateMachine task thread for /127.0.0.1:13049 - 0 ] INFO  ipc.Client (Client.java:handleConnectionFailure(977)) - Retrying connect to server: localhost/127.0.0.1:13049. Already tried 0 time(s); retry policy is RetryUpToMaximumCountWithFixedSleep(maxRetries=15, sleepTime=1000 MILLISECONDS)
2021-08-10 07:28:44,594 [Listener at 127.0.0.1/11816] INFO  ozone.HddsDatanodeService (HddsDatanodeService.java:start(234)) - HddsDatanodeService host:fv-az270-250.tacnzluakwdehk1hpragurqkma.bx.internal.cloudapp.net ip:10.1.0.29
2021-08-10 07:28:44,602 [org.apache.hadoop.util.JvmPauseMonitor$Monitor@400e0651] INFO  util.JvmPauseMonitor (JvmPauseMonitor.java:run(188)) - Starting JVM pause monitor
2021-08-10 07:28:44,603 [Datanode State Machine Task Thread - 0] INFO  ha.SCMNodeInfo (SCMNodeInfo.java:getPort(197)) - ConfigKey ozone.scm.client.address is deprecated, For configuring different ports for each SCM use PortConfigKey ozone.scm.client.port appended with serviceId and nodeId
2021-08-10 07:28:44,609 [Datanode State Machine Task Thread - 0] INFO  ha.SCMNodeInfo (SCMNodeInfo.java:getPort(197)) - ConfigKey ozone.scm.block.client.address is deprecated, For configuring different ports for each SCM use PortConfigKey ozone.scm.block.client.port appended with serviceId and nodeId
2021-08-10 07:28:44,609 [Datanode State Machine Task Thread - 0] INFO  ha.SCMNodeInfo (SCMNodeInfo.java:getPort(197)) - ConfigKey ozone.scm.datanode.address is deprecated, For configuring different ports for each SCM use PortConfigKey ozone.scm.datanode.port appended with serviceId and nodeId
2021-08-10 07:28:44,612 [Datanode State Machine Task Thread - 0] INFO  datanode.InitDatanodeState (InitDatanodeState.java:persistContainerDatanodeDetails(145)) - DatanodeDetails is persisted to /home/runner/work/ozone/ozone/hadoop-ozone/integration-test/target/test-dir/MiniOzoneClusterImpl-4c935f51-a36a-4569-b515-a26f7be21e7f/datanode-0/meta/datanode.id
2021-08-10 07:28:44,623 [Listener at 127.0.0.1/11816] INFO  upgrade.AbstractLayoutVersionManager (AbstractLayoutVersionManager.java:init(70)) - Initializing Layout version manager with metadata layout = SCM_HA (version = 2), software layout = SCM_HA (version = 2)
2021-08-10 07:28:44,715 [Listener at 127.0.0.1/11816] INFO  reflections.Reflections (Reflections.java:scan(232)) - Reflections took 91 ms to scan 7 urls, producing 120 keys and 275 values 
2021-08-10 07:28:44,717 [Listener at 127.0.0.1/11816] INFO  ha.SCMNodeInfo (SCMNodeInfo.java:getPort(197)) - ConfigKey ozone.scm.client.address is deprecated, For configuring different ports for each SCM use PortConfigKey ozone.scm.client.port appended with serviceId and nodeId
2021-08-10 07:28:44,717 [Listener at 127.0.0.1/11816] INFO  ha.SCMNodeInfo (SCMNodeInfo.java:getPort(197)) - ConfigKey ozone.scm.block.client.address is deprecated, For configuring different ports for each SCM use PortConfigKey ozone.scm.block.client.port appended with serviceId and nodeId
2021-08-10 07:28:44,717 [Listener at 127.0.0.1/11816] INFO  ha.SCMNodeInfo (SCMNodeInfo.java:getPort(197)) - ConfigKey ozone.scm.datanode.address is deprecated, For configuring different ports for each SCM use PortConfigKey ozone.scm.datanode.port appended with serviceId and nodeId
2021-08-10 07:28:44,718 [Listener at 127.0.0.1/11816] INFO  volume.HddsVolume (HddsVolume.java:<init>(120)) - Creating HddsVolume: /home/runner/work/ozone/ozone/hadoop-ozone/integration-test/target/test-dir/MiniOzoneClusterImpl-4c935f51-a36a-4569-b515-a26f7be21e7f/datanode-1/data-0/containers/hdds of storage type : DISK capacity : 9223372036854775807
2021-08-10 07:28:44,718 [Listener at 127.0.0.1/11816] INFO  volume.MutableVolumeSet (MutableVolumeSet.java:initializeVolumeSet(181)) - Added Volume : /home/runner/work/ozone/ozone/hadoop-ozone/integration-test/target/test-dir/MiniOzoneClusterImpl-4c935f51-a36a-4569-b515-a26f7be21e7f/datanode-1/data-0/containers/hdds to VolumeSet
2021-08-10 07:28:44,718 [Listener at 127.0.0.1/11816] INFO  volume.ThrottledAsyncChecker (ThrottledAsyncChecker.java:schedule(141)) - Scheduling a check for /home/runner/work/ozone/ozone/hadoop-ozone/integration-test/target/test-dir/MiniOzoneClusterImpl-4c935f51-a36a-4569-b515-a26f7be21e7f/datanode-1/data-0/containers/hdds
2021-08-10 07:28:44,719 [Listener at 127.0.0.1/11816] INFO  volume.StorageVolumeChecker (StorageVolumeChecker.java:checkAllVolumes(202)) - Scheduled health check for volume /home/runner/work/ozone/ozone/hadoop-ozone/integration-test/target/test-dir/MiniOzoneClusterImpl-4c935f51-a36a-4569-b515-a26f7be21e7f/datanode-1/data-0/containers/hdds
2021-08-10 07:28:44,732 [Listener at 127.0.0.1/11816] INFO  volume.MutableVolumeSet (MutableVolumeSet.java:initializeVolumeSet(181)) - Added Volume : /home/runner/work/ozone/ozone/hadoop-ozone/integration-test/target/test-dir/MiniOzoneClusterImpl-4c935f51-a36a-4569-b515-a26f7be21e7f/datanode-1/data/ratis to VolumeSet
2021-08-10 07:28:44,734 [Listener at 127.0.0.1/11816] INFO  volume.ThrottledAsyncChecker (ThrottledAsyncChecker.java:schedule(141)) - Scheduling a check for /home/runner/work/ozone/ozone/hadoop-ozone/integration-test/target/test-dir/MiniOzoneClusterImpl-4c935f51-a36a-4569-b515-a26f7be21e7f/datanode-1/data/ratis
2021-08-10 07:28:44,734 [Listener at 127.0.0.1/11816] INFO  volume.StorageVolumeChecker (StorageVolumeChecker.java:checkAllVolumes(202)) - Scheduled health check for volume /home/runner/work/ozone/ozone/hadoop-ozone/integration-test/target/test-dir/MiniOzoneClusterImpl-4c935f51-a36a-4569-b515-a26f7be21e7f/datanode-1/data/ratis
2021-08-10 07:28:44,751 [Listener at 127.0.0.1/11816] INFO  ozoneimpl.ContainerReader (ContainerReader.java:<init>(98)) - Running in upgrade mode:true
2021-08-10 07:28:44,770 [Thread-1914] INFO  ozoneimpl.ContainerReader (ContainerReader.java:readVolume(142)) - Start to verify containers on volume /home/runner/work/ozone/ozone/hadoop-ozone/integration-test/target/test-dir/MiniOzoneClusterImpl-4c935f51-a36a-4569-b515-a26f7be21e7f/datanode-1/data-0/containers/hdds
2021-08-10 07:28:44,770 [Thread-1914] INFO  ozoneimpl.ContainerReader (ContainerReader.java:readVolume(174)) - Finish verifying containers on volume /home/runner/work/ozone/ozone/hadoop-ozone/integration-test/target/test-dir/MiniOzoneClusterImpl-4c935f51-a36a-4569-b515-a26f7be21e7f/datanode-1/data-0/containers/hdds
2021-08-10 07:28:44,770 [Listener at 127.0.0.1/11816] INFO  ozoneimpl.OzoneContainer (OzoneContainer.java:buildContainerSet(237)) - Build ContainerSet costs 0s
2021-08-10 07:28:44,771 [Listener at 127.0.0.1/11816] INFO  server.RaftServer (ConfUtils.java:logGet(44)) - raft.rpc.type = GRPC (default)
2021-08-10 07:28:44,771 [Listener at 127.0.0.1/11816] INFO  grpc.GrpcFactory (GrpcFactory.java:checkPooledByteBufAllocatorUseCacheForAllThreads(48)) - PERFORMANCE WARNING: useCacheForAllThreads is true that may cause Netty to create a lot garbage objects and, as a result, trigger GC.
	It is recommended to disable useCacheForAllThreads by setting -Dorg.apache.ratis.thirdparty.io.netty.allocator.useCacheForAllThreads=false in command line.
2021-08-10 07:28:44,771 [Listener at 127.0.0.1/11816] INFO  grpc.GrpcConfigKeys (ConfUtils.java:logGet(44)) - raft.grpc.admin.port = 0 (custom)
2021-08-10 07:28:44,771 [Listener at 127.0.0.1/11816] INFO  grpc.GrpcConfigKeys (ConfUtils.java:logGet(44)) - raft.grpc.client.port = 0 (custom)
2021-08-10 07:28:44,772 [Listener at 127.0.0.1/11816] INFO  grpc.GrpcConfigKeys (ConfUtils.java:logGet(44)) - raft.grpc.server.port = 0 (default)
2021-08-10 07:28:44,772 [Listener at 127.0.0.1/11816] INFO  server.GrpcService (ConfUtils.java:logGet(44)) - raft.grpc.message.size.max = 32MB (=33554432) (custom)
2021-08-10 07:28:44,772 [Listener at 127.0.0.1/11816] INFO  server.RaftServerConfigKeys (ConfUtils.java:logGet(44)) - raft.server.log.appender.buffer.byte-limit = 33554432 (custom)
2021-08-10 07:28:44,772 [Listener at 127.0.0.1/11816] INFO  server.GrpcService (ConfUtils.java:logGet(44)) - raft.grpc.flow.control.window = 5MB (=5242880) (custom)
2021-08-10 07:28:44,772 [Listener at 127.0.0.1/11816] INFO  server.RaftServerConfigKeys (ConfUtils.java:logGet(44)) - raft.server.rpc.request.timeout = 60s (custom)
2021-08-10 07:28:44,772 [Listener at 127.0.0.1/11816] INFO  impl.DataStreamServerImpl (ConfUtils.java:logGet(44)) - raft.datastream.type = DISABLED (default)
2021-08-10 07:28:44,773 [Listener at 127.0.0.1/11816] INFO  server.RaftServerConfigKeys (ConfUtils.java:logGet(44)) - raft.server.rpc.slowness.timeout = 300s (custom)
2021-08-10 07:28:44,773 [Listener at 127.0.0.1/11816] INFO  server.RaftServerConfigKeys (ConfUtils.java:logGet(44)) - raft.server.leaderelection.leader.step-down.wait-time = 10s (default)
2021-08-10 07:28:44,773 [Listener at 127.0.0.1/11816] INFO  server.RaftServerConfigKeys (ConfUtils.java:logGet(44)) - raft.server.storage.dir = [/home/runner/work/ozone/ozone/hadoop-ozone/integration-test/target/test-dir/MiniOzoneClusterImpl-4c935f51-a36a-4569-b515-a26f7be21e7f/datanode-1/data/ratis] (custom)
2021-08-10 07:28:44,778 [Listener at 127.0.0.1/11816] INFO  http.BaseHttpServer (BaseHttpServer.java:newHttpServer2BuilderForOzone(209)) - Starting Web-server for hddsDatanode at: http://0.0.0.0:0
2021-08-10 07:28:44,778 [Listener at 127.0.0.1/11816] INFO  http.BaseHttpServer (BaseHttpServer.java:<init>(107)) - Hadoop Security Enabled: false Ozone Security Enabled: false Ozone HTTP Security Enabled: false 
2021-08-10 07:28:44,779 [Listener at 127.0.0.1/11816] INFO  server.AuthenticationFilter (AuthenticationFilter.java:constructSecretProvider(240)) - Unable to initialize FileSignerSecretProvider, falling back to use random secrets.
2021-08-10 07:28:44,785 [Listener at 127.0.0.1/11816] WARN  http.HttpRequestLog (HttpRequestLog.java:getRequestLog(103)) - Jetty request log can only be enabled using Log4j
2021-08-10 07:28:44,785 [Listener at 127.0.0.1/11816] INFO  http.HttpServer2 (HttpServer2.java:addGlobalFilter(1020)) - Added global filter 'safety' (class=org.apache.hadoop.hdds.server.http.HttpServer2$QuotingInputFilter)
2021-08-10 07:28:44,786 [Listener at 127.0.0.1/11816] INFO  http.HttpServer2 (HttpServer2.java:addFilter(996)) - Added filter static_user_filter (class=org.apache.hadoop.http.lib.StaticUserWebFilter$StaticUserFilter) to context hddsDatanode
2021-08-10 07:28:44,786 [Listener at 127.0.0.1/11816] INFO  http.HttpServer2 (HttpServer2.java:addFilter(1004)) - Added filter static_user_filter (class=org.apache.hadoop.http.lib.StaticUserWebFilter$StaticUserFilter) to context static
2021-08-10 07:28:44,786 [Listener at 127.0.0.1/11816] INFO  http.HttpServer2 (HttpServer2.java:addFilter(1004)) - Added filter static_user_filter (class=org.apache.hadoop.http.lib.StaticUserWebFilter$StaticUserFilter) to context logs
2021-08-10 07:28:44,786 [Listener at 127.0.0.1/11816] INFO  http.HttpServer2 (HttpServer2.java:bindListener(1239)) - Jetty bound to port 37095
2021-08-10 07:28:44,786 [Listener at 127.0.0.1/11816] INFO  server.Server (Server.java:doStart(375)) - jetty-9.4.43.v20210629; built: 2021-06-30T11:07:22.254Z; git: 526006ecfa3af7f1a27ef3a288e2bef7ea9dd7e8; jvm 1.8.0_292-b10
2021-08-10 07:28:44,789 [Listener at 127.0.0.1/11816] INFO  server.session (DefaultSessionIdManager.java:doStart(334)) - DefaultSessionIdManager workerName=node0
2021-08-10 07:28:44,789 [Listener at 127.0.0.1/11816] INFO  server.session (DefaultSessionIdManager.java:doStart(339)) - No SessionScavenger set, using defaults
2021-08-10 07:28:44,789 [Listener at 127.0.0.1/11816] INFO  server.session (HouseKeeper.java:startScavenging(132)) - node0 Scavenging every 600000ms
2021-08-10 07:28:44,790 [Listener at 127.0.0.1/11816] INFO  handler.ContextHandler (ContextHandler.java:doStart(915)) - Started o.e.j.s.ServletContextHandler@77655f7f{logs,/logs,file:///home/runner/work/ozone/ozone/hadoop-ozone/integration-test/target/log,AVAILABLE}
2021-08-10 07:28:44,790 [Listener at 127.0.0.1/11816] INFO  handler.ContextHandler (ContextHandler.java:doStart(915)) - Started o.e.j.s.ServletContextHandler@36d5baf0{static,/static,jar:file:/home/runner/.m2/repository/org/apache/ozone/hdds-container-service/1.2.0-SNAPSHOT/hdds-container-service-1.2.0-SNAPSHOT.jar!/webapps/static,AVAILABLE}
2021-08-10 07:28:44,873 [Listener at 127.0.0.1/11816] INFO  handler.ContextHandler (ContextHandler.java:doStart(915)) - Started o.e.j.w.WebAppContext@543b00d2{hddsDatanode,/,file:///tmp/jetty-0_0_0_0-37095-hdds-container-service-1_2_0-SNAPSHOT_jar-_-any-5051336231122197187/webapp/,AVAILABLE}{jar:file:/home/runner/.m2/repository/org/apache/ozone/hdds-container-service/1.2.0-SNAPSHOT/hdds-container-service-1.2.0-SNAPSHOT.jar!/webapps/hddsDatanode}
2021-08-10 07:28:44,889 [Listener at 127.0.0.1/11816] INFO  server.AbstractConnector (AbstractConnector.java:doStart(331)) - Started ServerConnector@114fc8dd{HTTP/1.1, (http/1.1)}{0.0.0.0:37095}
2021-08-10 07:28:44,897 [Listener at 127.0.0.1/11816] INFO  server.Server (Server.java:doStart(415)) - Started @110082ms
2021-08-10 07:28:44,897 [Listener at 127.0.0.1/11816] WARN  impl.MetricsSystemImpl (MetricsSystemImpl.java:register(279)) - Sink prometheus already exists!
2021-08-10 07:28:44,897 [Listener at 127.0.0.1/11816] INFO  http.BaseHttpServer (BaseHttpServer.java:updateConnectorAddress(329)) - HTTP server of hddsDatanode listening at http://0.0.0.0:37095
2021-08-10 07:28:44,907 [Listener at 127.0.0.1/11816] WARN  impl.MetricRegistriesImpl (MetricRegistriesImpl.java:addReporterRegistration(111)) - New reporters are added after registries were created. Some metrics will be missing from the reporter. Please add reporter before adding any new registry.
2021-08-10 07:28:44,907 [Listener at 127.0.0.1/11816] WARN  impl.MetricRegistriesImpl (MetricRegistriesImpl.java:addReporterRegistration(111)) - New reporters are added after registries were created. Some metrics will be missing from the reporter. Please add reporter before adding any new registry.
2021-08-10 07:28:44,907 [Listener at 127.0.0.1/11816] INFO  impl.MetricsSystemImpl (MetricsSystemImpl.java:init(158)) - HddsDatanode metrics system started (again)
2021-08-10 07:28:44,933 [org.apache.hadoop.util.JvmPauseMonitor$Monitor@5a7b3415] INFO  util.JvmPauseMonitor (JvmPauseMonitor.java:run(188)) - Starting JVM pause monitor
2021-08-10 07:28:44,951 [Listener at 127.0.0.1/11816] INFO  ozone.HddsDatanodeService (HddsDatanodeService.java:start(234)) - HddsDatanodeService host:fv-az270-250.tacnzluakwdehk1hpragurqkma.bx.internal.cloudapp.net ip:10.1.0.29
2021-08-10 07:28:44,957 [Datanode State Machine Task Thread - 0] INFO  ha.SCMNodeInfo (SCMNodeInfo.java:getPort(197)) - ConfigKey ozone.scm.client.address is deprecated, For configuring different ports for each SCM use PortConfigKey ozone.scm.client.port appended with serviceId and nodeId
2021-08-10 07:28:44,957 [Datanode State Machine Task Thread - 0] INFO  ha.SCMNodeInfo (SCMNodeInfo.java:getPort(197)) - ConfigKey ozone.scm.block.client.address is deprecated, For configuring different ports for each SCM use PortConfigKey ozone.scm.block.client.port appended with serviceId and nodeId
2021-08-10 07:28:44,957 [Datanode State Machine Task Thread - 0] INFO  ha.SCMNodeInfo (SCMNodeInfo.java:getPort(197)) - ConfigKey ozone.scm.datanode.address is deprecated, For configuring different ports for each SCM use PortConfigKey ozone.scm.datanode.port appended with serviceId and nodeId
2021-08-10 07:28:44,966 [omNode-1@group-33FC8B15A7E9-FollowerState] INFO  impl.FollowerState (FollowerState.java:run(134)) - omNode-1@group-33FC8B15A7E9-FollowerState: change to CANDIDATE, lastRpcElapsedTime:1057687928ns, electionTimeout:1026ms
2021-08-10 07:28:44,967 [omNode-1@group-33FC8B15A7E9-FollowerState] INFO  impl.RoleInfo (RoleInfo.java:shutdownFollowerState(108)) - omNode-1: shutdown omNode-1@group-33FC8B15A7E9-FollowerState
2021-08-10 07:28:44,967 [omNode-1@group-33FC8B15A7E9-FollowerState] INFO  server.RaftServer$Division (RaftServerImpl.java:setRole(285)) - omNode-1@group-33FC8B15A7E9: changes role from  FOLLOWER to CANDIDATE at term 0 for changeToCandidate
2021-08-10 07:28:44,967 [omNode-1@group-33FC8B15A7E9-FollowerState] INFO  server.RaftServerConfigKeys (ConfUtils.java:logGet(44)) - raft.server.leaderelection.pre-vote = false (custom)
2021-08-10 07:28:44,967 [omNode-1@group-33FC8B15A7E9-FollowerState] INFO  impl.RoleInfo (RoleInfo.java:updateAndGet(130)) - omNode-1: start omNode-1@group-33FC8B15A7E9-LeaderElection27
2021-08-10 07:28:44,968 [Datanode State Machine Task Thread - 0] INFO  datanode.InitDatanodeState (InitDatanodeState.java:persistContainerDatanodeDetails(145)) - DatanodeDetails is persisted to /home/runner/work/ozone/ozone/hadoop-ozone/integration-test/target/test-dir/MiniOzoneClusterImpl-4c935f51-a36a-4569-b515-a26f7be21e7f/datanode-1/meta/datanode.id
2021-08-10 07:28:44,982 [Listener at 127.0.0.1/11816] INFO  upgrade.AbstractLayoutVersionManager (AbstractLayoutVersionManager.java:init(70)) - Initializing Layout version manager with metadata layout = SCM_HA (version = 2), software layout = SCM_HA (version = 2)
2021-08-10 07:28:44,998 [omNode-1@group-33FC8B15A7E9-LeaderElection27] INFO  impl.LeaderElection (LeaderElection.java:askForVotes(306)) - omNode-1@group-33FC8B15A7E9-LeaderElection27 ELECTION round 0: submit vote requests at term 1 for -1: [omNode-1|rpc:localhost:11820|priority:0], old=null
2021-08-10 07:28:44,998 [omNode-1@group-33FC8B15A7E9-LeaderElection27] INFO  impl.LeaderElection (LeaderElection.java:askForVotes(308)) - omNode-1@group-33FC8B15A7E9-LeaderElection27 ELECTION round 0: result PASSED (term=1)
2021-08-10 07:28:44,998 [omNode-1@group-33FC8B15A7E9-LeaderElection27] INFO  impl.RoleInfo (RoleInfo.java:shutdownLeaderElection(121)) - omNode-1: shutdown omNode-1@group-33FC8B15A7E9-LeaderElection27
2021-08-10 07:28:44,998 [omNode-1@group-33FC8B15A7E9-LeaderElection27] INFO  server.RaftServer$Division (RaftServerImpl.java:setRole(285)) - omNode-1@group-33FC8B15A7E9: changes role from CANDIDATE to LEADER at term 1 for changeToLeader
2021-08-10 07:28:44,998 [omNode-1@group-33FC8B15A7E9-LeaderElection27] INFO  server.RaftServer$Division (ServerState.java:setLeader(285)) - omNode-1@group-33FC8B15A7E9: change Leader from null to omNode-1 at term 1 for becomeLeader, leader elected after 1157ms
2021-08-10 07:28:44,998 [omNode-1@group-33FC8B15A7E9-LeaderElection27] INFO  server.RaftServerConfigKeys (ConfUtils.java:logGet(44)) - raft.server.staging.catchup.gap = 1000 (default)
2021-08-10 07:28:45,001 [omNode-1@group-33FC8B15A7E9-LeaderElection27] INFO  server.RaftServerConfigKeys (ConfUtils.java:logGet(44)) - raft.server.write.element-limit = 4096 (default)
2021-08-10 07:28:45,002 [omNode-1@group-33FC8B15A7E9-LeaderElection27] INFO  server.RaftServerConfigKeys (ConfUtils.java:logGet(44)) - raft.server.write.byte-limit = 64MB (=67108864) (default)
2021-08-10 07:28:45,002 [omNode-1@group-33FC8B15A7E9-LeaderElection27] INFO  server.RaftServerConfigKeys (ConfUtils.java:logGet(44)) - raft.server.watch.timeout = 10s (default)
2021-08-10 07:28:45,002 [omNode-1@group-33FC8B15A7E9-LeaderElection27] INFO  server.RaftServerConfigKeys (ConfUtils.java:logGet(44)) - raft.server.watch.timeout.denomination = 1s (default)
2021-08-10 07:28:45,002 [omNode-1@group-33FC8B15A7E9-LeaderElection27] INFO  server.RaftServerConfigKeys (ConfUtils.java:logGet(44)) - raft.server.watch.element-limit = 65536 (default)
2021-08-10 07:28:45,002 [omNode-1@group-33FC8B15A7E9-LeaderElection27] INFO  impl.RoleInfo (RoleInfo.java:updateAndGet(130)) - omNode-1: start omNode-1@group-33FC8B15A7E9-LeaderStateImpl
2021-08-10 07:28:45,002 [omNode-1@group-33FC8B15A7E9-LeaderElection27] INFO  segmented.SegmentedRaftLogWorker (SegmentedRaftLogWorker.java:startLogSegment(394)) - omNode-1@group-33FC8B15A7E9-SegmentedRaftLogWorker: Starting segment from index:0
2021-08-10 07:28:45,009 [omNode-1@group-33FC8B15A7E9-SegmentedRaftLogWorker] INFO  segmented.SegmentedRaftLogWorker (SegmentedRaftLogWorker.java:execute(601)) - omNode-1@group-33FC8B15A7E9-SegmentedRaftLogWorker: created new log segment /home/runner/work/ozone/ozone/hadoop-ozone/integration-test/target/test-dir/MiniOzoneClusterImpl-4c935f51-a36a-4569-b515-a26f7be21e7f/omNode-1/ratis/a5a8c63e-4922-3a03-b163-33fc8b15a7e9/current/log_inprogress_0
2021-08-10 07:28:45,022 [omNode-1@group-33FC8B15A7E9-LeaderElection27] INFO  server.RaftServer$Division (ServerState.java:setRaftConf(387)) - omNode-1@group-33FC8B15A7E9: set configuration 0: [omNode-1|rpc:localhost:11820|admin:|client:|dataStream:|priority:0], old=null
2021-08-10 07:28:45,033 [omNode-1@group-33FC8B15A7E9-StateMachineUpdater] INFO  ratis.OzoneManagerStateMachine (OzoneManagerStateMachine.java:notifyConfigurationChanged(188)) - Received Configuration change notification from Ratis. New Peer list:
[id: "omNode-1"
address: "localhost:11820"
]
2021-08-10 07:28:45,071 [Listener at 127.0.0.1/11816] INFO  reflections.Reflections (Reflections.java:scan(232)) - Reflections took 88 ms to scan 7 urls, producing 120 keys and 275 values 
2021-08-10 07:28:45,085 [Listener at 127.0.0.1/11816] INFO  ha.SCMNodeInfo (SCMNodeInfo.java:getPort(197)) - ConfigKey ozone.scm.client.address is deprecated, For configuring different ports for each SCM use PortConfigKey ozone.scm.client.port appended with serviceId and nodeId
2021-08-10 07:28:45,087 [Listener at 127.0.0.1/11816] INFO  ha.SCMNodeInfo (SCMNodeInfo.java:getPort(197)) - ConfigKey ozone.scm.block.client.address is deprecated, For configuring different ports for each SCM use PortConfigKey ozone.scm.block.client.port appended with serviceId and nodeId
2021-08-10 07:28:45,087 [Listener at 127.0.0.1/11816] INFO  ha.SCMNodeInfo (SCMNodeInfo.java:getPort(197)) - ConfigKey ozone.scm.datanode.address is deprecated, For configuring different ports for each SCM use PortConfigKey ozone.scm.datanode.port appended with serviceId and nodeId
2021-08-10 07:28:45,093 [Listener at 127.0.0.1/11816] INFO  volume.HddsVolume (HddsVolume.java:<init>(120)) - Creating HddsVolume: /home/runner/work/ozone/ozone/hadoop-ozone/integration-test/target/test-dir/MiniOzoneClusterImpl-4c935f51-a36a-4569-b515-a26f7be21e7f/datanode-2/data-0/containers/hdds of storage type : DISK capacity : 9223372036854775807
2021-08-10 07:28:45,094 [Listener at 127.0.0.1/11816] INFO  volume.MutableVolumeSet (MutableVolumeSet.java:initializeVolumeSet(181)) - Added Volume : /home/runner/work/ozone/ozone/hadoop-ozone/integration-test/target/test-dir/MiniOzoneClusterImpl-4c935f51-a36a-4569-b515-a26f7be21e7f/datanode-2/data-0/containers/hdds to VolumeSet
2021-08-10 07:28:45,094 [Listener at 127.0.0.1/11816] INFO  volume.ThrottledAsyncChecker (ThrottledAsyncChecker.java:schedule(141)) - Scheduling a check for /home/runner/work/ozone/ozone/hadoop-ozone/integration-test/target/test-dir/MiniOzoneClusterImpl-4c935f51-a36a-4569-b515-a26f7be21e7f/datanode-2/data-0/containers/hdds
2021-08-10 07:28:45,108 [Listener at 127.0.0.1/11816] INFO  volume.StorageVolumeChecker (StorageVolumeChecker.java:checkAllVolumes(202)) - Scheduled health check for volume /home/runner/work/ozone/ozone/hadoop-ozone/integration-test/target/test-dir/MiniOzoneClusterImpl-4c935f51-a36a-4569-b515-a26f7be21e7f/datanode-2/data-0/containers/hdds
2021-08-10 07:28:45,130 [Listener at 127.0.0.1/11816] INFO  volume.MutableVolumeSet (MutableVolumeSet.java:initializeVolumeSet(181)) - Added Volume : /home/runner/work/ozone/ozone/hadoop-ozone/integration-test/target/test-dir/MiniOzoneClusterImpl-4c935f51-a36a-4569-b515-a26f7be21e7f/datanode-2/data/ratis to VolumeSet
2021-08-10 07:28:45,133 [Listener at 127.0.0.1/11816] INFO  volume.ThrottledAsyncChecker (ThrottledAsyncChecker.java:schedule(141)) - Scheduling a check for /home/runner/work/ozone/ozone/hadoop-ozone/integration-test/target/test-dir/MiniOzoneClusterImpl-4c935f51-a36a-4569-b515-a26f7be21e7f/datanode-2/data/ratis
2021-08-10 07:28:45,137 [Listener at 127.0.0.1/11816] INFO  volume.StorageVolumeChecker (StorageVolumeChecker.java:checkAllVolumes(202)) - Scheduled health check for volume /home/runner/work/ozone/ozone/hadoop-ozone/integration-test/target/test-dir/MiniOzoneClusterImpl-4c935f51-a36a-4569-b515-a26f7be21e7f/datanode-2/data/ratis
2021-08-10 07:28:45,173 [Listener at 127.0.0.1/11816] INFO  ozoneimpl.ContainerReader (ContainerReader.java:<init>(98)) - Running in upgrade mode:true
2021-08-10 07:28:45,183 [Thread-1928] INFO  ozoneimpl.ContainerReader (ContainerReader.java:readVolume(142)) - Start to verify containers on volume /home/runner/work/ozone/ozone/hadoop-ozone/integration-test/target/test-dir/MiniOzoneClusterImpl-4c935f51-a36a-4569-b515-a26f7be21e7f/datanode-2/data-0/containers/hdds
2021-08-10 07:28:45,183 [Thread-1928] INFO  ozoneimpl.ContainerReader (ContainerReader.java:readVolume(174)) - Finish verifying containers on volume /home/runner/work/ozone/ozone/hadoop-ozone/integration-test/target/test-dir/MiniOzoneClusterImpl-4c935f51-a36a-4569-b515-a26f7be21e7f/datanode-2/data-0/containers/hdds
2021-08-10 07:28:45,183 [Listener at 127.0.0.1/11816] INFO  ozoneimpl.OzoneContainer (OzoneContainer.java:buildContainerSet(237)) - Build ContainerSet costs 0s
2021-08-10 07:28:45,184 [Listener at 127.0.0.1/11816] INFO  server.RaftServer (ConfUtils.java:logGet(44)) - raft.rpc.type = GRPC (default)
2021-08-10 07:28:45,184 [Listener at 127.0.0.1/11816] INFO  grpc.GrpcFactory (GrpcFactory.java:checkPooledByteBufAllocatorUseCacheForAllThreads(48)) - PERFORMANCE WARNING: useCacheForAllThreads is true that may cause Netty to create a lot garbage objects and, as a result, trigger GC.
	It is recommended to disable useCacheForAllThreads by setting -Dorg.apache.ratis.thirdparty.io.netty.allocator.useCacheForAllThreads=false in command line.
2021-08-10 07:28:45,185 [Listener at 127.0.0.1/11816] INFO  grpc.GrpcConfigKeys (ConfUtils.java:logGet(44)) - raft.grpc.admin.port = 0 (custom)
2021-08-10 07:28:45,185 [Listener at 127.0.0.1/11816] INFO  grpc.GrpcConfigKeys (ConfUtils.java:logGet(44)) - raft.grpc.client.port = 0 (custom)
2021-08-10 07:28:45,185 [Listener at 127.0.0.1/11816] INFO  grpc.GrpcConfigKeys (ConfUtils.java:logGet(44)) - raft.grpc.server.port = 0 (default)
2021-08-10 07:28:45,185 [Listener at 127.0.0.1/11816] INFO  server.GrpcService (ConfUtils.java:logGet(44)) - raft.grpc.message.size.max = 32MB (=33554432) (custom)
2021-08-10 07:28:45,185 [Listener at 127.0.0.1/11816] INFO  server.RaftServerConfigKeys (ConfUtils.java:logGet(44)) - raft.server.log.appender.buffer.byte-limit = 33554432 (custom)
2021-08-10 07:28:45,185 [Listener at 127.0.0.1/11816] INFO  server.GrpcService (ConfUtils.java:logGet(44)) - raft.grpc.flow.control.window = 5MB (=5242880) (custom)
2021-08-10 07:28:45,185 [Listener at 127.0.0.1/11816] INFO  server.RaftServerConfigKeys (ConfUtils.java:logGet(44)) - raft.server.rpc.request.timeout = 60s (custom)
2021-08-10 07:28:45,186 [Listener at 127.0.0.1/11816] INFO  impl.DataStreamServerImpl (ConfUtils.java:logGet(44)) - raft.datastream.type = DISABLED (default)
2021-08-10 07:28:45,186 [Listener at 127.0.0.1/11816] INFO  server.RaftServerConfigKeys (ConfUtils.java:logGet(44)) - raft.server.rpc.slowness.timeout = 300s (custom)
2021-08-10 07:28:45,186 [Listener at 127.0.0.1/11816] INFO  server.RaftServerConfigKeys (ConfUtils.java:logGet(44)) - raft.server.leaderelection.leader.step-down.wait-time = 10s (default)
2021-08-10 07:28:45,186 [Listener at 127.0.0.1/11816] INFO  server.RaftServerConfigKeys (ConfUtils.java:logGet(44)) - raft.server.storage.dir = [/home/runner/work/ozone/ozone/hadoop-ozone/integration-test/target/test-dir/MiniOzoneClusterImpl-4c935f51-a36a-4569-b515-a26f7be21e7f/datanode-2/data/ratis] (custom)
2021-08-10 07:28:45,197 [Listener at 127.0.0.1/11816] INFO  http.BaseHttpServer (BaseHttpServer.java:newHttpServer2BuilderForOzone(209)) - Starting Web-server for hddsDatanode at: http://0.0.0.0:0
2021-08-10 07:28:45,197 [Listener at 127.0.0.1/11816] INFO  http.BaseHttpServer (BaseHttpServer.java:<init>(107)) - Hadoop Security Enabled: false Ozone Security Enabled: false Ozone HTTP Security Enabled: false 
2021-08-10 07:28:45,201 [Listener at 127.0.0.1/11816] INFO  server.AuthenticationFilter (AuthenticationFilter.java:constructSecretProvider(240)) - Unable to initialize FileSignerSecretProvider, falling back to use random secrets.
2021-08-10 07:28:45,212 [Listener at 127.0.0.1/11816] WARN  http.HttpRequestLog (HttpRequestLog.java:getRequestLog(103)) - Jetty request log can only be enabled using Log4j
2021-08-10 07:28:45,212 [Listener at 127.0.0.1/11816] INFO  http.HttpServer2 (HttpServer2.java:addGlobalFilter(1020)) - Added global filter 'safety' (class=org.apache.hadoop.hdds.server.http.HttpServer2$QuotingInputFilter)
2021-08-10 07:28:45,213 [Listener at 127.0.0.1/11816] INFO  http.HttpServer2 (HttpServer2.java:addFilter(996)) - Added filter static_user_filter (class=org.apache.hadoop.http.lib.StaticUserWebFilter$StaticUserFilter) to context hddsDatanode
2021-08-10 07:28:45,213 [Listener at 127.0.0.1/11816] INFO  http.HttpServer2 (HttpServer2.java:addFilter(1004)) - Added filter static_user_filter (class=org.apache.hadoop.http.lib.StaticUserWebFilter$StaticUserFilter) to context static
2021-08-10 07:28:45,213 [Listener at 127.0.0.1/11816] INFO  http.HttpServer2 (HttpServer2.java:addFilter(1004)) - Added filter static_user_filter (class=org.apache.hadoop.http.lib.StaticUserWebFilter$StaticUserFilter) to context logs
2021-08-10 07:28:45,213 [Listener at 127.0.0.1/11816] INFO  http.HttpServer2 (HttpServer2.java:bindListener(1239)) - Jetty bound to port 33705
2021-08-10 07:28:45,213 [Listener at 127.0.0.1/11816] INFO  server.Server (Server.java:doStart(375)) - jetty-9.4.43.v20210629; built: 2021-06-30T11:07:22.254Z; git: 526006ecfa3af7f1a27ef3a288e2bef7ea9dd7e8; jvm 1.8.0_292-b10
2021-08-10 07:28:45,277 [Listener at 127.0.0.1/11816] INFO  server.session (DefaultSessionIdManager.java:doStart(334)) - DefaultSessionIdManager workerName=node0
2021-08-10 07:28:45,277 [Listener at 127.0.0.1/11816] INFO  server.session (DefaultSessionIdManager.java:doStart(339)) - No SessionScavenger set, using defaults
2021-08-10 07:28:45,277 [Listener at 127.0.0.1/11816] INFO  server.session (HouseKeeper.java:startScavenging(132)) - node0 Scavenging every 600000ms
2021-08-10 07:28:45,278 [Listener at 127.0.0.1/11816] INFO  handler.ContextHandler (ContextHandler.java:doStart(915)) - Started o.e.j.s.ServletContextHandler@314a16c0{logs,/logs,file:///home/runner/work/ozone/ozone/hadoop-ozone/integration-test/target/log,AVAILABLE}
2021-08-10 07:28:45,278 [Listener at 127.0.0.1/11816] INFO  handler.ContextHandler (ContextHandler.java:doStart(915)) - Started o.e.j.s.ServletContextHandler@64603b35{static,/static,jar:file:/home/runner/.m2/repository/org/apache/ozone/hdds-container-service/1.2.0-SNAPSHOT/hdds-container-service-1.2.0-SNAPSHOT.jar!/webapps/static,AVAILABLE}
2021-08-10 07:28:45,387 [Listener at 127.0.0.1/11816] INFO  handler.ContextHandler (ContextHandler.java:doStart(915)) - Started o.e.j.w.WebAppContext@72185cbe{hddsDatanode,/,file:///tmp/jetty-0_0_0_0-33705-hdds-container-service-1_2_0-SNAPSHOT_jar-_-any-3044496367879003838/webapp/,AVAILABLE}{jar:file:/home/runner/.m2/repository/org/apache/ozone/hdds-container-service/1.2.0-SNAPSHOT/hdds-container-service-1.2.0-SNAPSHOT.jar!/webapps/hddsDatanode}
2021-08-10 07:28:45,401 [Listener at 127.0.0.1/11816] INFO  server.AbstractConnector (AbstractConnector.java:doStart(331)) - Started ServerConnector@3230e4e5{HTTP/1.1, (http/1.1)}{0.0.0.0:33705}
2021-08-10 07:28:45,401 [Listener at 127.0.0.1/11816] INFO  server.Server (Server.java:doStart(415)) - Started @110587ms
2021-08-10 07:28:45,401 [Listener at 127.0.0.1/11816] WARN  impl.MetricsSystemImpl (MetricsSystemImpl.java:register(279)) - Sink prometheus already exists!
2021-08-10 07:28:45,402 [Listener at 127.0.0.1/11816] INFO  http.BaseHttpServer (BaseHttpServer.java:updateConnectorAddress(329)) - HTTP server of hddsDatanode listening at http://0.0.0.0:33705
2021-08-10 07:28:45,413 [Listener at 127.0.0.1/11816] INFO  ozone.MiniOzoneClusterImpl (MiniOzoneClusterImpl.java:lambda$waitForClusterToBeReady$0(235)) - Waiting for nodes to be ready. Got 0 of 3 DN Heartbeats.
2021-08-10 07:28:45,413 [Listener at 127.0.0.1/11816] INFO  ozone.MiniOzoneClusterImpl (MiniOzoneClusterImpl.java:lambda$waitForClusterToBeReady$0(238)) - Waiting for cluster to exit safe mode
2021-08-10 07:28:45,413 [Listener at 127.0.0.1/11816] INFO  ozone.MiniOzoneClusterImpl (MiniOzoneClusterImpl.java:lambda$waitForClusterToBeReady$0(240)) - SCM became leader
2021-08-10 07:28:45,477 [org.apache.hadoop.util.JvmPauseMonitor$Monitor@44848a5e] INFO  util.JvmPauseMonitor (JvmPauseMonitor.java:run(188)) - Starting JVM pause monitor
2021-08-10 07:28:45,483 [Datanode State Machine Task Thread - 0] INFO  ha.SCMNodeInfo (SCMNodeInfo.java:getPort(197)) - ConfigKey ozone.scm.client.address is deprecated, For configuring different ports for each SCM use PortConfigKey ozone.scm.client.port appended with serviceId and nodeId
2021-08-10 07:28:45,483 [Datanode State Machine Task Thread - 0] INFO  ha.SCMNodeInfo (SCMNodeInfo.java:getPort(197)) - ConfigKey ozone.scm.block.client.address is deprecated, For configuring different ports for each SCM use PortConfigKey ozone.scm.block.client.port appended with serviceId and nodeId
2021-08-10 07:28:45,483 [Datanode State Machine Task Thread - 0] INFO  ha.SCMNodeInfo (SCMNodeInfo.java:getPort(197)) - ConfigKey ozone.scm.datanode.address is deprecated, For configuring different ports for each SCM use PortConfigKey ozone.scm.datanode.port appended with serviceId and nodeId
2021-08-10 07:28:45,486 [Datanode State Machine Task Thread - 0] INFO  datanode.InitDatanodeState (InitDatanodeState.java:persistContainerDatanodeDetails(145)) - DatanodeDetails is persisted to /home/runner/work/ozone/ozone/hadoop-ozone/integration-test/target/test-dir/MiniOzoneClusterImpl-4c935f51-a36a-4569-b515-a26f7be21e7f/datanode-2/meta/datanode.id
2021-08-10 07:28:45,578 [EndpointStateMachine task thread for /127.0.0.1:15917 - 0 ] INFO  ipc.Client (Client.java:handleConnectionFailure(977)) - Retrying connect to server: localhost/127.0.0.1:15917. Already tried 2 time(s); retry policy is RetryUpToMaximumCountWithFixedSleep(maxRetries=15, sleepTime=1000 MILLISECONDS)
2021-08-10 07:28:45,582 [EndpointStateMachine task thread for /127.0.0.1:13049 - 0 ] INFO  ipc.Client (Client.java:handleConnectionFailure(977)) - Retrying connect to server: localhost/127.0.0.1:13049. Already tried 1 time(s); retry policy is RetryUpToMaximumCountWithFixedSleep(maxRetries=15, sleepTime=1000 MILLISECONDS)
2021-08-10 07:28:46,414 [Listener at 127.0.0.1/11816] INFO  ozone.MiniOzoneClusterImpl (MiniOzoneClusterImpl.java:lambda$waitForClusterToBeReady$0(235)) - Waiting for nodes to be ready. Got 0 of 3 DN Heartbeats.
2021-08-10 07:28:46,414 [Listener at 127.0.0.1/11816] INFO  ozone.MiniOzoneClusterImpl (MiniOzoneClusterImpl.java:lambda$waitForClusterToBeReady$0(238)) - Waiting for cluster to exit safe mode
2021-08-10 07:28:46,414 [Listener at 127.0.0.1/11816] INFO  ozone.MiniOzoneClusterImpl (MiniOzoneClusterImpl.java:lambda$waitForClusterToBeReady$0(240)) - SCM became leader
2021-08-10 07:28:46,578 [EndpointStateMachine task thread for /127.0.0.1:15917 - 0 ] INFO  ipc.Client (Client.java:handleConnectionFailure(977)) - Retrying connect to server: localhost/127.0.0.1:15917. Already tried 3 time(s); retry policy is RetryUpToMaximumCountWithFixedSleep(maxRetries=15, sleepTime=1000 MILLISECONDS)
2021-08-10 07:28:46,582 [EndpointStateMachine task thread for /127.0.0.1:13049 - 0 ] INFO  ipc.Client (Client.java:handleConnectionFailure(977)) - Retrying connect to server: localhost/127.0.0.1:13049. Already tried 2 time(s); retry policy is RetryUpToMaximumCountWithFixedSleep(maxRetries=15, sleepTime=1000 MILLISECONDS)
2021-08-10 07:28:46,614 [EndpointStateMachine task thread for /127.0.0.1:14021 - 0 ] INFO  ozoneimpl.OzoneContainer (OzoneContainer.java:start(305)) - Attempting to start container services.
2021-08-10 07:28:46,614 [EndpointStateMachine task thread for /127.0.0.1:14021 - 0 ] INFO  ozoneimpl.OzoneContainer (OzoneContainer.java:startContainerScrub(250)) - Background container scanner has been disabled.
2021-08-10 07:28:46,615 [EndpointStateMachine task thread for /127.0.0.1:14021 - 0 ] INFO  replication.ReplicationServer (ReplicationServer.java:start(106)) - ReplicationServer is started using port 42165
2021-08-10 07:28:46,615 [EndpointStateMachine task thread for /127.0.0.1:14021 - 0 ] INFO  ratis.XceiverServerRatis (XceiverServerRatis.java:start(478)) - Starting XceiverServerRatis 2d05a1a5-0e76-4538-833f-cc5b981b73a0
2021-08-10 07:28:46,617 [EndpointStateMachine task thread for /127.0.0.1:14021 - 0 ] INFO  server.RaftServer (RaftServerProxy.java:lambda$start$5(374)) - 2d05a1a5-0e76-4538-833f-cc5b981b73a0: start RPC server
2021-08-10 07:28:46,624 [EndpointStateMachine task thread for /127.0.0.1:14021 - 0 ] INFO  server.GrpcService (GrpcService.java:startImpl(253)) - 2d05a1a5-0e76-4538-833f-cc5b981b73a0: GrpcService started, listening on 45315
2021-08-10 07:28:46,624 [EndpointStateMachine task thread for /127.0.0.1:14021 - 0 ] INFO  ratis.XceiverServerRatis (XceiverServerRatis.java:getRealPort(499)) - XceiverServerRatis 2d05a1a5-0e76-4538-833f-cc5b981b73a0 is started using port 45315 for RATIS
2021-08-10 07:28:46,624 [EndpointStateMachine task thread for /127.0.0.1:14021 - 0 ] INFO  ratis.XceiverServerRatis (XceiverServerRatis.java:getRealPort(499)) - XceiverServerRatis 2d05a1a5-0e76-4538-833f-cc5b981b73a0 is started using port 45315 for RATIS_ADMIN
2021-08-10 07:28:46,624 [EndpointStateMachine task thread for /127.0.0.1:14021 - 0 ] INFO  ratis.XceiverServerRatis (XceiverServerRatis.java:getRealPort(499)) - XceiverServerRatis 2d05a1a5-0e76-4538-833f-cc5b981b73a0 is started using port 45315 for RATIS_SERVER
2021-08-10 07:28:46,625 [EndpointStateMachine task thread for /127.0.0.1:14021 - 0 ] INFO  server.XceiverServerGrpc (XceiverServerGrpc.java:start(135)) - XceiverServerGrpc 2d05a1a5-0e76-4538-833f-cc5b981b73a0 is started using port 39631
2021-08-10 07:28:46,651 [org.apache.ratis.util.JvmPauseMonitor$$Lambda$430/1002246805@6053d088] INFO  util.JvmPauseMonitor (JvmPauseMonitor.java:run(103)) - JvmPauseMonitor-2d05a1a5-0e76-4538-833f-cc5b981b73a0: Started
2021-08-10 07:28:46,961 [EndpointStateMachine task thread for /127.0.0.1:14021 - 0 ] INFO  ozoneimpl.OzoneContainer (OzoneContainer.java:start(305)) - Attempting to start container services.
2021-08-10 07:28:46,961 [EndpointStateMachine task thread for /127.0.0.1:14021 - 0 ] INFO  ozoneimpl.OzoneContainer (OzoneContainer.java:startContainerScrub(250)) - Background container scanner has been disabled.
2021-08-10 07:28:46,961 [EndpointStateMachine task thread for /127.0.0.1:14021 - 0 ] INFO  replication.ReplicationServer (ReplicationServer.java:start(106)) - ReplicationServer is started using port 41501
2021-08-10 07:28:46,965 [EndpointStateMachine task thread for /127.0.0.1:14021 - 0 ] INFO  ratis.XceiverServerRatis (XceiverServerRatis.java:start(478)) - Starting XceiverServerRatis 8c87d662-2c82-4859-8c2c-fb3d4a5a22d5
2021-08-10 07:28:46,997 [EndpointStateMachine task thread for /127.0.0.1:14021 - 0 ] INFO  server.RaftServer (RaftServerProxy.java:lambda$start$5(374)) - 8c87d662-2c82-4859-8c2c-fb3d4a5a22d5: start RPC server
2021-08-10 07:28:46,997 [EndpointStateMachine task thread for /127.0.0.1:14021 - 0 ] INFO  server.GrpcService (GrpcService.java:startImpl(253)) - 8c87d662-2c82-4859-8c2c-fb3d4a5a22d5: GrpcService started, listening on 34623
2021-08-10 07:28:47,009 [EndpointStateMachine task thread for /127.0.0.1:14021 - 0 ] INFO  ratis.XceiverServerRatis (XceiverServerRatis.java:getRealPort(499)) - XceiverServerRatis 8c87d662-2c82-4859-8c2c-fb3d4a5a22d5 is started using port 34623 for RATIS
2021-08-10 07:28:47,009 [EndpointStateMachine task thread for /127.0.0.1:14021 - 0 ] INFO  ratis.XceiverServerRatis (XceiverServerRatis.java:getRealPort(499)) - XceiverServerRatis 8c87d662-2c82-4859-8c2c-fb3d4a5a22d5 is started using port 34623 for RATIS_ADMIN
2021-08-10 07:28:47,009 [EndpointStateMachine task thread for /127.0.0.1:14021 - 0 ] INFO  ratis.XceiverServerRatis (XceiverServerRatis.java:getRealPort(499)) - XceiverServerRatis 8c87d662-2c82-4859-8c2c-fb3d4a5a22d5 is started using port 34623 for RATIS_SERVER
2021-08-10 07:28:47,009 [EndpointStateMachine task thread for /127.0.0.1:14021 - 0 ] INFO  server.XceiverServerGrpc (XceiverServerGrpc.java:start(135)) - XceiverServerGrpc 8c87d662-2c82-4859-8c2c-fb3d4a5a22d5 is started using port 44325
2021-08-10 07:28:47,010 [org.apache.ratis.util.JvmPauseMonitor$$Lambda$430/1002246805@7bee946d] INFO  util.JvmPauseMonitor (JvmPauseMonitor.java:run(103)) - JvmPauseMonitor-8c87d662-2c82-4859-8c2c-fb3d4a5a22d5: Started
2021-08-10 07:28:47,415 [Listener at 127.0.0.1/11816] INFO  ozone.MiniOzoneClusterImpl (MiniOzoneClusterImpl.java:lambda$waitForClusterToBeReady$0(235)) - Waiting for nodes to be ready. Got 0 of 3 DN Heartbeats.
2021-08-10 07:28:47,415 [Listener at 127.0.0.1/11816] INFO  ozone.MiniOzoneClusterImpl (MiniOzoneClusterImpl.java:lambda$waitForClusterToBeReady$0(238)) - Waiting for cluster to exit safe mode
2021-08-10 07:28:47,415 [Listener at 127.0.0.1/11816] INFO  ozone.MiniOzoneClusterImpl (MiniOzoneClusterImpl.java:lambda$waitForClusterToBeReady$0(240)) - SCM became leader
2021-08-10 07:28:47,481 [EndpointStateMachine task thread for /127.0.0.1:14021 - 0 ] INFO  ozoneimpl.OzoneContainer (OzoneContainer.java:start(305)) - Attempting to start container services.
2021-08-10 07:28:47,481 [EndpointStateMachine task thread for /127.0.0.1:14021 - 0 ] INFO  ozoneimpl.OzoneContainer (OzoneContainer.java:startContainerScrub(250)) - Background container scanner has been disabled.
2021-08-10 07:28:47,482 [EndpointStateMachine task thread for /127.0.0.1:14021 - 0 ] INFO  replication.ReplicationServer (ReplicationServer.java:start(106)) - ReplicationServer is started using port 44813
2021-08-10 07:28:47,489 [EndpointStateMachine task thread for /127.0.0.1:14021 - 0 ] INFO  ratis.XceiverServerRatis (XceiverServerRatis.java:start(478)) - Starting XceiverServerRatis ffb733bb-4214-438b-9ff2-a6b3cef337b6
2021-08-10 07:28:47,501 [EndpointStateMachine task thread for /127.0.0.1:14021 - 0 ] INFO  server.RaftServer (RaftServerProxy.java:lambda$start$5(374)) - ffb733bb-4214-438b-9ff2-a6b3cef337b6: start RPC server
2021-08-10 07:28:47,502 [EndpointStateMachine task thread for /127.0.0.1:14021 - 0 ] INFO  server.GrpcService (GrpcService.java:startImpl(253)) - ffb733bb-4214-438b-9ff2-a6b3cef337b6: GrpcService started, listening on 41683
2021-08-10 07:28:47,505 [EndpointStateMachine task thread for /127.0.0.1:14021 - 0 ] INFO  ratis.XceiverServerRatis (XceiverServerRatis.java:getRealPort(499)) - XceiverServerRatis ffb733bb-4214-438b-9ff2-a6b3cef337b6 is started using port 41683 for RATIS
2021-08-10 07:28:47,505 [EndpointStateMachine task thread for /127.0.0.1:14021 - 0 ] INFO  ratis.XceiverServerRatis (XceiverServerRatis.java:getRealPort(499)) - XceiverServerRatis ffb733bb-4214-438b-9ff2-a6b3cef337b6 is started using port 41683 for RATIS_ADMIN
2021-08-10 07:28:47,505 [EndpointStateMachine task thread for /127.0.0.1:14021 - 0 ] INFO  ratis.XceiverServerRatis (XceiverServerRatis.java:getRealPort(499)) - XceiverServerRatis ffb733bb-4214-438b-9ff2-a6b3cef337b6 is started using port 41683 for RATIS_SERVER
2021-08-10 07:28:47,505 [EndpointStateMachine task thread for /127.0.0.1:14021 - 0 ] INFO  server.XceiverServerGrpc (XceiverServerGrpc.java:start(135)) - XceiverServerGrpc ffb733bb-4214-438b-9ff2-a6b3cef337b6 is started using port 34575
2021-08-10 07:28:47,506 [org.apache.ratis.util.JvmPauseMonitor$$Lambda$430/1002246805@3d63ae3d] INFO  util.JvmPauseMonitor (JvmPauseMonitor.java:run(103)) - JvmPauseMonitor-ffb733bb-4214-438b-9ff2-a6b3cef337b6: Started
2021-08-10 07:28:47,579 [EndpointStateMachine task thread for /127.0.0.1:15917 - 0 ] INFO  ipc.Client (Client.java:handleConnectionFailure(977)) - Retrying connect to server: localhost/127.0.0.1:15917. Already tried 4 time(s); retry policy is RetryUpToMaximumCountWithFixedSleep(maxRetries=15, sleepTime=1000 MILLISECONDS)
2021-08-10 07:28:47,582 [EndpointStateMachine task thread for /127.0.0.1:13049 - 0 ] INFO  ipc.Client (Client.java:handleConnectionFailure(977)) - Retrying connect to server: localhost/127.0.0.1:13049. Already tried 3 time(s); retry policy is RetryUpToMaximumCountWithFixedSleep(maxRetries=15, sleepTime=1000 MILLISECONDS)
2021-08-10 07:28:48,416 [Listener at 127.0.0.1/11816] INFO  ozone.MiniOzoneClusterImpl (MiniOzoneClusterImpl.java:lambda$waitForClusterToBeReady$0(235)) - Waiting for nodes to be ready. Got 0 of 3 DN Heartbeats.
2021-08-10 07:28:48,416 [Listener at 127.0.0.1/11816] INFO  ozone.MiniOzoneClusterImpl (MiniOzoneClusterImpl.java:lambda$waitForClusterToBeReady$0(238)) - Waiting for cluster to exit safe mode
2021-08-10 07:28:48,416 [Listener at 127.0.0.1/11816] INFO  ozone.MiniOzoneClusterImpl (MiniOzoneClusterImpl.java:lambda$waitForClusterToBeReady$0(240)) - SCM became leader
2021-08-10 07:28:48,579 [EndpointStateMachine task thread for /127.0.0.1:15917 - 0 ] INFO  ipc.Client (Client.java:handleConnectionFailure(977)) - Retrying connect to server: localhost/127.0.0.1:15917. Already tried 5 time(s); retry policy is RetryUpToMaximumCountWithFixedSleep(maxRetries=15, sleepTime=1000 MILLISECONDS)
2021-08-10 07:28:48,583 [EndpointStateMachine task thread for /127.0.0.1:13049 - 0 ] INFO  ipc.Client (Client.java:handleConnectionFailure(977)) - Retrying connect to server: localhost/127.0.0.1:13049. Already tried 4 time(s); retry policy is RetryUpToMaximumCountWithFixedSleep(maxRetries=15, sleepTime=1000 MILLISECONDS)
2021-08-10 07:28:48,593 [IPC Server handler 1 on default port 14021] INFO  net.NetworkTopologyImpl (NetworkTopologyImpl.java:add(112)) - Added a new node: /default-rack/2d05a1a5-0e76-4538-833f-cc5b981b73a0
2021-08-10 07:28:48,593 [IPC Server handler 1 on default port 14021] INFO  node.SCMNodeManager (SCMNodeManager.java:register(390)) - Registered Data node : 2d05a1a5-0e76-4538-833f-cc5b981b73a0{ip: 127.0.0.1, host: localhost, ports: [REPLICATION=42165, RATIS=45315, RATIS_ADMIN=45315, RATIS_SERVER=45315, STANDALONE=39631], networkLocation: /default-rack, certSerialId: null, persistedOpState: null, persistedOpStateExpiryEpochSec: 0}
2021-08-10 07:28:48,595 [EventQueue-NewNodeForNewNodeHandler] INFO  pipeline.BackgroundPipelineCreator (BackgroundPipelineCreatorV2.java:notifyEventTriggered(285)) - trigger a one-shot run on RatisPipelineUtilsThread.
2021-08-10 07:28:48,596 [RatisPipelineUtilsThread - 0] INFO  pipeline.RatisPipelineProvider (RatisPipelineProvider.java:lambda$create$0(183)) - Sending CreatePipelineCommand for pipeline:PipelineID=46bc84d1-34ec-47a8-b46e-f789553e3107 to datanode:2d05a1a5-0e76-4538-833f-cc5b981b73a0
2021-08-10 07:28:48,598 [EventQueue-NodeRegistrationContainerReportForDataNodeSafeModeRule] INFO  safemode.SCMSafeModeManager (DataNodeSafeModeRule.java:process(71)) - SCM in safe mode. 1 DataNodes registered, 3 required.
2021-08-10 07:28:48,603 [EventQueue-NodeRegistrationContainerReportForContainerSafeModeRule] INFO  safemode.SCMSafeModeManager (SCMSafeModeManager.java:validateSafeModeExitRules(204)) - ContainerSafeModeRule rule is successfully validated
2021-08-10 07:28:48,609 [8ca6ee1f-9342-4413-9dac-77381ef541ed@group-A26F7BE21E7F-StateMachineUpdater] INFO  pipeline.PipelineStateManager (PipelineStateManagerV2Impl.java:addPipeline(101)) - Created pipeline Pipeline[ Id: 46bc84d1-34ec-47a8-b46e-f789553e3107, Nodes: 2d05a1a5-0e76-4538-833f-cc5b981b73a0{ip: 127.0.0.1, host: localhost, ports: [REPLICATION=42165, RATIS=45315, RATIS_ADMIN=45315, RATIS_SERVER=45315, STANDALONE=39631], networkLocation: /default-rack, certSerialId: null, persistedOpState: IN_SERVICE, persistedOpStateExpiryEpochSec: 0}, ReplicationConfig: RATIS/ONE, State:ALLOCATED, leaderId:, CreationTimestamp2021-08-10T07:28:48.596Z[Etc/UTC]].
2021-08-10 07:28:48,609 [8ca6ee1f-9342-4413-9dac-77381ef541ed@group-A26F7BE21E7F-StateMachineUpdater] INFO  safemode.HealthyPipelineSafeModeRule (HealthyPipelineSafeModeRule.java:initializeRule(152)) - Refreshed total pipeline count is 0, healthy pipeline threshold count is 1
2021-08-10 07:28:48,620 [8ca6ee1f-9342-4413-9dac-77381ef541ed@group-A26F7BE21E7F-StateMachineUpdater] INFO  safemode.SCMSafeModeManager (SCMSafeModeManager.java:validateSafeModeExitRules(204)) - AtleastOneDatanodeReportedRule rule is successfully validated
2021-08-10 07:28:48,620 [RatisPipelineUtilsThread - 0] INFO  ha.SCMHAInvocationHandler (SCMHAInvocationHandler.java:invokeRatis(113)) - Invoking method public abstract void org.apache.hadoop.hdds.scm.pipeline.StateManager.addPipeline(org.apache.hadoop.hdds.protocol.proto.HddsProtos$Pipeline) throws java.io.IOException on target org.apache.hadoop.hdds.scm.ha.SCMRatisServerImpl@2d62c3c0, cost 16733.632us
2021-08-10 07:28:48,935 [IPC Server handler 2 on default port 14021] INFO  net.NetworkTopologyImpl (NetworkTopologyImpl.java:add(112)) - Added a new node: /default-rack/8c87d662-2c82-4859-8c2c-fb3d4a5a22d5
2021-08-10 07:28:48,936 [IPC Server handler 2 on default port 14021] INFO  node.SCMNodeManager (SCMNodeManager.java:register(390)) - Registered Data node : 8c87d662-2c82-4859-8c2c-fb3d4a5a22d5{ip: 127.0.0.1, host: localhost, ports: [REPLICATION=41501, RATIS=34623, RATIS_ADMIN=34623, RATIS_SERVER=34623, STANDALONE=44325], networkLocation: /default-rack, certSerialId: null, persistedOpState: null, persistedOpStateExpiryEpochSec: 0}
2021-08-10 07:28:48,936 [EventQueue-NewNodeForNewNodeHandler] INFO  pipeline.BackgroundPipelineCreator (BackgroundPipelineCreatorV2.java:notifyEventTriggered(285)) - trigger a one-shot run on RatisPipelineUtilsThread.
2021-08-10 07:28:48,949 [RatisPipelineUtilsThread - 0] INFO  pipeline.RatisPipelineProvider (RatisPipelineProvider.java:lambda$create$0(183)) - Sending CreatePipelineCommand for pipeline:PipelineID=b7efb7e1-d518-498b-be7f-850764818030 to datanode:8c87d662-2c82-4859-8c2c-fb3d4a5a22d5
2021-08-10 07:28:48,950 [EventQueue-NodeRegistrationContainerReportForDataNodeSafeModeRule] INFO  safemode.SCMSafeModeManager (DataNodeSafeModeRule.java:process(71)) - SCM in safe mode. 2 DataNodes registered, 3 required.
2021-08-10 07:28:48,953 [8ca6ee1f-9342-4413-9dac-77381ef541ed@group-A26F7BE21E7F-StateMachineUpdater] INFO  pipeline.PipelineStateManager (PipelineStateManagerV2Impl.java:addPipeline(101)) - Created pipeline Pipeline[ Id: b7efb7e1-d518-498b-be7f-850764818030, Nodes: 8c87d662-2c82-4859-8c2c-fb3d4a5a22d5{ip: 127.0.0.1, host: localhost, ports: [REPLICATION=41501, RATIS=34623, RATIS_ADMIN=34623, RATIS_SERVER=34623, STANDALONE=44325], networkLocation: /default-rack, certSerialId: null, persistedOpState: IN_SERVICE, persistedOpStateExpiryEpochSec: 0}, ReplicationConfig: RATIS/ONE, State:ALLOCATED, leaderId:, CreationTimestamp2021-08-10T07:28:48.949Z[Etc/UTC]].
2021-08-10 07:28:48,953 [8ca6ee1f-9342-4413-9dac-77381ef541ed@group-A26F7BE21E7F-StateMachineUpdater] INFO  safemode.HealthyPipelineSafeModeRule (HealthyPipelineSafeModeRule.java:initializeRule(152)) - Refreshed total pipeline count is 0, healthy pipeline threshold count is 1
2021-08-10 07:28:48,953 [RatisPipelineUtilsThread - 0] INFO  ha.SCMHAInvocationHandler (SCMHAInvocationHandler.java:invokeRatis(113)) - Invoking method public abstract void org.apache.hadoop.hdds.scm.pipeline.StateManager.addPipeline(org.apache.hadoop.hdds.protocol.proto.HddsProtos$Pipeline) throws java.io.IOException on target org.apache.hadoop.hdds.scm.ha.SCMRatisServerImpl@2d62c3c0, cost 4154.832us
2021-08-10 07:28:49,416 [Listener at 127.0.0.1/11816] INFO  ozone.MiniOzoneClusterImpl (MiniOzoneClusterImpl.java:lambda$waitForClusterToBeReady$0(235)) - Waiting for nodes to be ready. Got 2 of 3 DN Heartbeats.
2021-08-10 07:28:49,416 [Listener at 127.0.0.1/11816] INFO  ozone.MiniOzoneClusterImpl (MiniOzoneClusterImpl.java:lambda$waitForClusterToBeReady$0(238)) - Waiting for cluster to exit safe mode
2021-08-10 07:28:49,416 [Listener at 127.0.0.1/11816] INFO  ozone.MiniOzoneClusterImpl (MiniOzoneClusterImpl.java:lambda$waitForClusterToBeReady$0(240)) - SCM became leader
2021-08-10 07:28:49,479 [IPC Server handler 0 on default port 14021] INFO  net.NetworkTopologyImpl (NetworkTopologyImpl.java:add(112)) - Added a new node: /default-rack/ffb733bb-4214-438b-9ff2-a6b3cef337b6
2021-08-10 07:28:49,479 [IPC Server handler 0 on default port 14021] INFO  node.SCMNodeManager (SCMNodeManager.java:register(390)) - Registered Data node : ffb733bb-4214-438b-9ff2-a6b3cef337b6{ip: 127.0.0.1, host: localhost, ports: [REPLICATION=44813, RATIS=41683, RATIS_ADMIN=41683, RATIS_SERVER=41683, STANDALONE=34575], networkLocation: /default-rack, certSerialId: null, persistedOpState: null, persistedOpStateExpiryEpochSec: 0}
2021-08-10 07:28:49,479 [EventQueue-NewNodeForNewNodeHandler] INFO  pipeline.BackgroundPipelineCreator (BackgroundPipelineCreatorV2.java:notifyEventTriggered(285)) - trigger a one-shot run on RatisPipelineUtilsThread.
2021-08-10 07:28:49,483 [RatisPipelineUtilsThread - 0] INFO  pipeline.RatisPipelineProvider (RatisPipelineProvider.java:lambda$create$0(183)) - Sending CreatePipelineCommand for pipeline:PipelineID=df47f92d-d853-4816-b5de-01b3767aab5d to datanode:ffb733bb-4214-438b-9ff2-a6b3cef337b6
2021-08-10 07:28:49,484 [EventQueue-NodeRegistrationContainerReportForDataNodeSafeModeRule] INFO  safemode.SCMSafeModeManager (DataNodeSafeModeRule.java:process(71)) - SCM in safe mode. 3 DataNodes registered, 3 required.
2021-08-10 07:28:49,484 [EventQueue-NodeRegistrationContainerReportForDataNodeSafeModeRule] INFO  safemode.SCMSafeModeManager (SCMSafeModeManager.java:validateSafeModeExitRules(204)) - DataNodeSafeModeRule rule is successfully validated
2021-08-10 07:28:49,484 [EventQueue-NodeRegistrationContainerReportForDataNodeSafeModeRule] INFO  safemode.SCMSafeModeManager (SCMSafeModeManager.java:completePreCheck(233)) - All SCM safe mode pre check rules have passed
2021-08-10 07:28:49,484 [EventQueue-NodeRegistrationContainerReportForDataNodeSafeModeRule] WARN  events.EventQueue (EventQueue.java:fireEvent(194)) - No event handler registered for event TypedEvent{payloadType=SafeModeStatus, name='Safe mode status'}
2021-08-10 07:28:49,484 [EventQueue-NodeRegistrationContainerReportForDataNodeSafeModeRule] INFO  ha.SCMContext (SCMContext.java:updateSafeModeStatus(205)) - Update SafeModeStatus from SafeModeStatus{safeModeStatus=true, preCheckPassed=false} to SafeModeStatus{safeModeStatus=true, preCheckPassed=true}.
2021-08-10 07:28:49,484 [EventQueue-NodeRegistrationContainerReportForDataNodeSafeModeRule] INFO  pipeline.BackgroundPipelineCreator (BackgroundPipelineCreatorV2.java:notifyEventTriggered(285)) - trigger a one-shot run on RatisPipelineUtilsThread.
2021-08-10 07:28:49,485 [8ca6ee1f-9342-4413-9dac-77381ef541ed@group-A26F7BE21E7F-StateMachineUpdater] INFO  pipeline.PipelineStateManager (PipelineStateManagerV2Impl.java:addPipeline(101)) - Created pipeline Pipeline[ Id: df47f92d-d853-4816-b5de-01b3767aab5d, Nodes: ffb733bb-4214-438b-9ff2-a6b3cef337b6{ip: 127.0.0.1, host: localhost, ports: [REPLICATION=44813, RATIS=41683, RATIS_ADMIN=41683, RATIS_SERVER=41683, STANDALONE=34575], networkLocation: /default-rack, certSerialId: null, persistedOpState: IN_SERVICE, persistedOpStateExpiryEpochSec: 0}, ReplicationConfig: RATIS/ONE, State:ALLOCATED, leaderId:, CreationTimestamp2021-08-10T07:28:49.483Z[Etc/UTC]].
2021-08-10 07:28:49,485 [8ca6ee1f-9342-4413-9dac-77381ef541ed@group-A26F7BE21E7F-StateMachineUpdater] INFO  safemode.HealthyPipelineSafeModeRule (HealthyPipelineSafeModeRule.java:initializeRule(152)) - Refreshed total pipeline count is 0, healthy pipeline threshold count is 1
2021-08-10 07:28:49,486 [RatisPipelineUtilsThread - 0] INFO  ha.SCMHAInvocationHandler (SCMHAInvocationHandler.java:invokeRatis(113)) - Invoking method public abstract void org.apache.hadoop.hdds.scm.pipeline.StateManager.addPipeline(org.apache.hadoop.hdds.protocol.proto.HddsProtos$Pipeline) throws java.io.IOException on target org.apache.hadoop.hdds.scm.ha.SCMRatisServerImpl@2d62c3c0, cost 2511.82us
2021-08-10 07:28:49,490 [RatisPipelineUtilsThread - 0] INFO  pipeline.RatisPipelineProvider (RatisPipelineProvider.java:lambda$create$0(183)) - Sending CreatePipelineCommand for pipeline:PipelineID=07c14fd0-c64c-4ca7-b6cd-68bfcd394efa to datanode:8c87d662-2c82-4859-8c2c-fb3d4a5a22d5
2021-08-10 07:28:49,490 [RatisPipelineUtilsThread - 0] INFO  pipeline.RatisPipelineProvider (RatisPipelineProvider.java:lambda$create$0(183)) - Sending CreatePipelineCommand for pipeline:PipelineID=07c14fd0-c64c-4ca7-b6cd-68bfcd394efa to datanode:2d05a1a5-0e76-4538-833f-cc5b981b73a0
2021-08-10 07:28:49,490 [RatisPipelineUtilsThread - 0] INFO  pipeline.RatisPipelineProvider (RatisPipelineProvider.java:lambda$create$0(183)) - Sending CreatePipelineCommand for pipeline:PipelineID=07c14fd0-c64c-4ca7-b6cd-68bfcd394efa to datanode:ffb733bb-4214-438b-9ff2-a6b3cef337b6
2021-08-10 07:28:49,499 [8ca6ee1f-9342-4413-9dac-77381ef541ed@group-A26F7BE21E7F-StateMachineUpdater] INFO  pipeline.PipelineStateManager (PipelineStateManagerV2Impl.java:addPipeline(101)) - Created pipeline Pipeline[ Id: 07c14fd0-c64c-4ca7-b6cd-68bfcd394efa, Nodes: 8c87d662-2c82-4859-8c2c-fb3d4a5a22d5{ip: 127.0.0.1, host: localhost, ports: [REPLICATION=41501, RATIS=34623, RATIS_ADMIN=34623, RATIS_SERVER=34623, STANDALONE=44325], networkLocation: /default-rack, certSerialId: null, persistedOpState: IN_SERVICE, persistedOpStateExpiryEpochSec: 0}2d05a1a5-0e76-4538-833f-cc5b981b73a0{ip: 127.0.0.1, host: localhost, ports: [REPLICATION=42165, RATIS=45315, RATIS_ADMIN=45315, RATIS_SERVER=45315, STANDALONE=39631], networkLocation: /default-rack, certSerialId: null, persistedOpState: IN_SERVICE, persistedOpStateExpiryEpochSec: 0}ffb733bb-4214-438b-9ff2-a6b3cef337b6{ip: 127.0.0.1, host: localhost, ports: [REPLICATION=44813, RATIS=41683, RATIS_ADMIN=41683, RATIS_SERVER=41683, STANDALONE=34575], networkLocation: /default-rack, certSerialId: null, persistedOpState: IN_SERVICE, persistedOpStateExpiryEpochSec: 0}, ReplicationConfig: RATIS/THREE, State:ALLOCATED, leaderId:, CreationTimestamp2021-08-10T07:28:49.490Z[Etc/UTC]].
2021-08-10 07:28:49,499 [8ca6ee1f-9342-4413-9dac-77381ef541ed@group-A26F7BE21E7F-StateMachineUpdater] INFO  safemode.HealthyPipelineSafeModeRule (HealthyPipelineSafeModeRule.java:initializeRule(152)) - Refreshed total pipeline count is 0, healthy pipeline threshold count is 1
2021-08-10 07:28:49,505 [RatisPipelineUtilsThread - 0] INFO  ha.SCMHAInvocationHandler (SCMHAInvocationHandler.java:invokeRatis(113)) - Invoking method public abstract void org.apache.hadoop.hdds.scm.pipeline.StateManager.addPipeline(org.apache.hadoop.hdds.protocol.proto.HddsProtos$Pipeline) throws java.io.IOException on target org.apache.hadoop.hdds.scm.ha.SCMRatisServerImpl@2d62c3c0, cost 14722.616us
2021-08-10 07:28:49,506 [RatisPipelineUtilsThread - 0] INFO  pipeline.RatisPipelineProvider (RatisPipelineProvider.java:lambda$create$0(183)) - Sending CreatePipelineCommand for pipeline:PipelineID=2e5e5323-1d73-4411-bc65-6741513528a8 to datanode:2d05a1a5-0e76-4538-833f-cc5b981b73a0
2021-08-10 07:28:49,506 [RatisPipelineUtilsThread - 0] INFO  pipeline.RatisPipelineProvider (RatisPipelineProvider.java:lambda$create$0(183)) - Sending CreatePipelineCommand for pipeline:PipelineID=2e5e5323-1d73-4411-bc65-6741513528a8 to datanode:8c87d662-2c82-4859-8c2c-fb3d4a5a22d5
2021-08-10 07:28:49,506 [RatisPipelineUtilsThread - 0] INFO  pipeline.RatisPipelineProvider (RatisPipelineProvider.java:lambda$create$0(183)) - Sending CreatePipelineCommand for pipeline:PipelineID=2e5e5323-1d73-4411-bc65-6741513528a8 to datanode:ffb733bb-4214-438b-9ff2-a6b3cef337b6
2021-08-10 07:28:49,526 [8ca6ee1f-9342-4413-9dac-77381ef541ed@group-A26F7BE21E7F-StateMachineUpdater] INFO  pipeline.PipelineStateManager (PipelineStateManagerV2Impl.java:addPipeline(101)) - Created pipeline Pipeline[ Id: 2e5e5323-1d73-4411-bc65-6741513528a8, Nodes: 2d05a1a5-0e76-4538-833f-cc5b981b73a0{ip: 127.0.0.1, host: localhost, ports: [REPLICATION=42165, RATIS=45315, RATIS_ADMIN=45315, RATIS_SERVER=45315, STANDALONE=39631], networkLocation: /default-rack, certSerialId: null, persistedOpState: IN_SERVICE, persistedOpStateExpiryEpochSec: 0}8c87d662-2c82-4859-8c2c-fb3d4a5a22d5{ip: 127.0.0.1, host: localhost, ports: [REPLICATION=41501, RATIS=34623, RATIS_ADMIN=34623, RATIS_SERVER=34623, STANDALONE=44325], networkLocation: /default-rack, certSerialId: null, persistedOpState: IN_SERVICE, persistedOpStateExpiryEpochSec: 0}ffb733bb-4214-438b-9ff2-a6b3cef337b6{ip: 127.0.0.1, host: localhost, ports: [REPLICATION=44813, RATIS=41683, RATIS_ADMIN=41683, RATIS_SERVER=41683, STANDALONE=34575], networkLocation: /default-rack, certSerialId: null, persistedOpState: IN_SERVICE, persistedOpStateExpiryEpochSec: 0}, ReplicationConfig: RATIS/THREE, State:ALLOCATED, leaderId:, CreationTimestamp2021-08-10T07:28:49.506Z[Etc/UTC]].
2021-08-10 07:28:49,527 [8ca6ee1f-9342-4413-9dac-77381ef541ed@group-A26F7BE21E7F-StateMachineUpdater] INFO  safemode.HealthyPipelineSafeModeRule (HealthyPipelineSafeModeRule.java:initializeRule(152)) - Refreshed total pipeline count is 0, healthy pipeline threshold count is 1
2021-08-10 07:28:49,527 [RatisPipelineUtilsThread - 0] INFO  ha.SCMHAInvocationHandler (SCMHAInvocationHandler.java:invokeRatis(113)) - Invoking method public abstract void org.apache.hadoop.hdds.scm.pipeline.StateManager.addPipeline(org.apache.hadoop.hdds.protocol.proto.HddsProtos$Pipeline) throws java.io.IOException on target org.apache.hadoop.hdds.scm.ha.SCMRatisServerImpl@2d62c3c0, cost 20440.96us
2021-08-10 07:28:49,528 [RatisPipelineUtilsThread - 0] INFO  pipeline.PipelineManagerV2Impl (PipelineManagerV2Impl.java:recordMetricsForPipeline(614)) - Pipeline: PipelineID=2e5e5323-1d73-4411-bc65-6741513528a8 contains same datanodes as previous pipelines: PipelineID=07c14fd0-c64c-4ca7-b6cd-68bfcd394efa nodeIds: 2d05a1a5-0e76-4538-833f-cc5b981b73a0, 8c87d662-2c82-4859-8c2c-fb3d4a5a22d5, ffb733bb-4214-438b-9ff2-a6b3cef337b6
2021-08-10 07:28:49,580 [EndpointStateMachine task thread for /127.0.0.1:15917 - 0 ] INFO  ipc.Client (Client.java:handleConnectionFailure(977)) - Retrying connect to server: localhost/127.0.0.1:15917. Already tried 6 time(s); retry policy is RetryUpToMaximumCountWithFixedSleep(maxRetries=15, sleepTime=1000 MILLISECONDS)
2021-08-10 07:28:49,583 [EndpointStateMachine task thread for /127.0.0.1:13049 - 0 ] INFO  ipc.Client (Client.java:handleConnectionFailure(977)) - Retrying connect to server: localhost/127.0.0.1:13049. Already tried 5 time(s); retry policy is RetryUpToMaximumCountWithFixedSleep(maxRetries=15, sleepTime=1000 MILLISECONDS)
2021-08-10 07:28:50,417 [Listener at 127.0.0.1/11816] INFO  ozone.MiniOzoneClusterImpl (MiniOzoneClusterImpl.java:lambda$waitForClusterToBeReady$0(235)) - Nodes are ready. Got 3 of 3 DN Heartbeats.
2021-08-10 07:28:50,417 [Listener at 127.0.0.1/11816] INFO  ozone.MiniOzoneClusterImpl (MiniOzoneClusterImpl.java:lambda$waitForClusterToBeReady$0(238)) - Waiting for cluster to exit safe mode
2021-08-10 07:28:50,417 [Listener at 127.0.0.1/11816] INFO  ozone.MiniOzoneClusterImpl (MiniOzoneClusterImpl.java:lambda$waitForClusterToBeReady$0(240)) - SCM became leader
2021-08-10 07:28:50,580 [EndpointStateMachine task thread for /127.0.0.1:15917 - 0 ] INFO  ipc.Client (Client.java:handleConnectionFailure(977)) - Retrying connect to server: localhost/127.0.0.1:15917. Already tried 7 time(s); retry policy is RetryUpToMaximumCountWithFixedSleep(maxRetries=15, sleepTime=1000 MILLISECONDS)
2021-08-10 07:28:50,584 [EndpointStateMachine task thread for /127.0.0.1:13049 - 0 ] INFO  ipc.Client (Client.java:handleConnectionFailure(977)) - Retrying connect to server: localhost/127.0.0.1:13049. Already tried 6 time(s); retry policy is RetryUpToMaximumCountWithFixedSleep(maxRetries=15, sleepTime=1000 MILLISECONDS)
2021-08-10 07:28:51,417 [Listener at 127.0.0.1/11816] INFO  ozone.MiniOzoneClusterImpl (MiniOzoneClusterImpl.java:lambda$waitForClusterToBeReady$0(235)) - Nodes are ready. Got 3 of 3 DN Heartbeats.
2021-08-10 07:28:51,417 [Listener at 127.0.0.1/11816] INFO  ozone.MiniOzoneClusterImpl (MiniOzoneClusterImpl.java:lambda$waitForClusterToBeReady$0(238)) - Waiting for cluster to exit safe mode
2021-08-10 07:28:51,417 [Listener at 127.0.0.1/11816] INFO  ozone.MiniOzoneClusterImpl (MiniOzoneClusterImpl.java:lambda$waitForClusterToBeReady$0(240)) - SCM became leader
2021-08-10 07:28:51,581 [EndpointStateMachine task thread for /127.0.0.1:15917 - 0 ] INFO  ipc.Client (Client.java:handleConnectionFailure(977)) - Retrying connect to server: localhost/127.0.0.1:15917. Already tried 8 time(s); retry policy is RetryUpToMaximumCountWithFixedSleep(maxRetries=15, sleepTime=1000 MILLISECONDS)
2021-08-10 07:28:51,584 [EndpointStateMachine task thread for /127.0.0.1:13049 - 0 ] INFO  ipc.Client (Client.java:handleConnectionFailure(977)) - Retrying connect to server: localhost/127.0.0.1:13049. Already tried 7 time(s); retry policy is RetryUpToMaximumCountWithFixedSleep(maxRetries=15, sleepTime=1000 MILLISECONDS)
2021-08-10 07:28:51,592 [Command processor thread] INFO  server.RaftServer (RaftServerProxy.java:addNew(95)) - 2d05a1a5-0e76-4538-833f-cc5b981b73a0: addNew group-F789553E3107:[2d05a1a5-0e76-4538-833f-cc5b981b73a0|rpc:127.0.0.1:45315|priority:1] returns group-F789553E3107:java.util.concurrent.CompletableFuture@20824ad6[Not completed]
2021-08-10 07:28:51,595 [pool-428-thread-1] INFO  server.RaftServer$Division (RaftServerImpl.java:<init>(181)) - 2d05a1a5-0e76-4538-833f-cc5b981b73a0: new RaftServerImpl for group-F789553E3107:[2d05a1a5-0e76-4538-833f-cc5b981b73a0|rpc:127.0.0.1:45315|priority:1] with ContainerStateMachine:uninitialized
2021-08-10 07:28:51,605 [pool-428-thread-1] INFO  server.RaftServerConfigKeys (ConfUtils.java:logGet(44)) - raft.server.rpc.timeout.min = 5s (custom)
2021-08-10 07:28:51,605 [pool-428-thread-1] INFO  server.RaftServerConfigKeys (ConfUtils.java:logGet(44)) - raft.server.rpc.timeout.max = 5200ms (custom)
2021-08-10 07:28:51,605 [pool-428-thread-1] INFO  server.RaftServerConfigKeys (ConfUtils.java:logGet(44)) - raft.server.rpc.sleep.time = 25ms (default)
2021-08-10 07:28:51,605 [pool-428-thread-1] INFO  server.RaftServerConfigKeys (ConfUtils.java:logGet(44)) - raft.server.rpc.slowness.timeout = 300s (custom)
2021-08-10 07:28:51,605 [pool-428-thread-1] INFO  server.RaftServerConfigKeys (ConfUtils.java:logGet(44)) - raft.server.leaderelection.leader.step-down.wait-time = 10s (default)
2021-08-10 07:28:51,605 [pool-428-thread-1] INFO  server.RaftServerConfigKeys (ConfUtils.java:logGet(44)) - raft.server.sleep.deviation.threshold = 300ms (default)
2021-08-10 07:28:51,605 [pool-428-thread-1] INFO  server.RaftServerConfigKeys (ConfUtils.java:logGet(44)) - raft.server.log.appender.install.snapshot.enabled = false (custom)
2021-08-10 07:28:51,605 [pool-428-thread-1] INFO  server.RaftServer$Division (ServerState.java:<init>(105)) - 2d05a1a5-0e76-4538-833f-cc5b981b73a0@group-F789553E3107: ConfigurationManager, init=-1: [2d05a1a5-0e76-4538-833f-cc5b981b73a0|rpc:127.0.0.1:45315|priority:1], old=null, confs=<EMPTY_MAP>
2021-08-10 07:28:51,605 [pool-428-thread-1] INFO  server.RaftServerConfigKeys (ConfUtils.java:logGet(44)) - raft.server.storage.dir = [/home/runner/work/ozone/ozone/hadoop-ozone/integration-test/target/test-dir/MiniOzoneClusterImpl-4c935f51-a36a-4569-b515-a26f7be21e7f/datanode-0/data/ratis] (custom)
2021-08-10 07:28:51,606 [pool-428-thread-1] INFO  server.RaftServerConfigKeys (ConfUtils.java:logGet(44)) - raft.server.log.corruption.policy = EXCEPTION (default)
2021-08-10 07:28:51,606 [pool-428-thread-1] INFO  server.RaftServerConfigKeys (ConfUtils.java:logGet(44)) - raft.server.storage.free-space.min = 0MB (=0) (default)
2021-08-10 07:28:51,606 [pool-428-thread-1] INFO  storage.RaftStorageDirectory (RaftStorageDirectoryImpl.java:analyzeStorage(135)) - The storage directory /home/runner/work/ozone/ozone/hadoop-ozone/integration-test/target/test-dir/MiniOzoneClusterImpl-4c935f51-a36a-4569-b515-a26f7be21e7f/datanode-0/data/ratis/46bc84d1-34ec-47a8-b46e-f789553e3107 does not exist. Creating ...
2021-08-10 07:28:51,607 [pool-428-thread-1] INFO  storage.RaftStorageDirectory (RaftStorageDirectoryImpl.java:tryLock(230)) - Lock on /home/runner/work/ozone/ozone/hadoop-ozone/integration-test/target/test-dir/MiniOzoneClusterImpl-4c935f51-a36a-4569-b515-a26f7be21e7f/datanode-0/data/ratis/46bc84d1-34ec-47a8-b46e-f789553e3107/in_use.lock acquired by nodename 25326@fv-az270-250
2021-08-10 07:28:51,608 [pool-428-thread-1] INFO  storage.RaftStorage (RaftStorageImpl.java:format(89)) - Storage directory /home/runner/work/ozone/ozone/hadoop-ozone/integration-test/target/test-dir/MiniOzoneClusterImpl-4c935f51-a36a-4569-b515-a26f7be21e7f/datanode-0/data/ratis/46bc84d1-34ec-47a8-b46e-f789553e3107 has been successfully formatted.
2021-08-10 07:28:51,611 [pool-428-thread-1] INFO  ratis.ContainerStateMachine (ContainerStateMachine.java:loadSnapshot(223)) - group-F789553E3107: The snapshot info is null. Setting the last applied indexto:(t:0, i:~)
2021-08-10 07:28:51,611 [pool-428-thread-1] INFO  server.RaftServerConfigKeys (ConfUtils.java:logGet(44)) - raft.server.notification.no-leader.timeout = 300s (custom)
2021-08-10 07:28:51,611 [pool-428-thread-1] INFO  server.RaftServerConfigKeys (ConfUtils.java:logGet(44)) - raft.server.log.use.memory = false (default)
2021-08-10 07:28:51,611 [pool-428-thread-1] INFO  server.RaftServerConfigKeys (ConfUtils.java:logGet(44)) - raft.server.log.purge.gap = 1000000 (custom)
2021-08-10 07:28:51,611 [pool-428-thread-1] INFO  server.RaftServerConfigKeys (ConfUtils.java:logGet(44)) - raft.server.log.appender.buffer.byte-limit = 33554432 (custom)
2021-08-10 07:28:51,611 [pool-428-thread-1] INFO  server.RaftServerConfigKeys (ConfUtils.java:logGet(44)) - raft.server.log.segment.size.max = 1048576 (custom)
2021-08-10 07:28:51,611 [pool-428-thread-1] INFO  server.RaftServerConfigKeys (ConfUtils.java:logGet(44)) - raft.server.log.segment.cache.num.max = 2 (custom)
2021-08-10 07:28:51,611 [pool-428-thread-1] INFO  server.RaftServerConfigKeys (ConfUtils.java:logGet(44)) - raft.server.log.segment.cache.size.max = 200MB (=209715200) (default)
2021-08-10 07:28:51,611 [pool-428-thread-1] INFO  segmented.SegmentedRaftLogWorker (SegmentedRaftLogWorker.java:<init>(182)) - new 2d05a1a5-0e76-4538-833f-cc5b981b73a0@group-F789553E3107-SegmentedRaftLogWorker for RaftStorageImpl:Storage Directory /home/runner/work/ozone/ozone/hadoop-ozone/integration-test/target/test-dir/MiniOzoneClusterImpl-4c935f51-a36a-4569-b515-a26f7be21e7f/datanode-0/data/ratis/46bc84d1-34ec-47a8-b46e-f789553e3107
2021-08-10 07:28:51,612 [pool-428-thread-1] INFO  server.RaftServerConfigKeys (ConfUtils.java:logGet(44)) - raft.server.log.queue.byte-limit = 2147483647 (custom)
2021-08-10 07:28:51,612 [pool-428-thread-1] INFO  server.RaftServerConfigKeys (ConfUtils.java:logGet(44)) - raft.server.log.queue.element-limit = 1024 (custom)
2021-08-10 07:28:51,612 [pool-428-thread-1] INFO  server.RaftServerConfigKeys (ConfUtils.java:logGet(44)) - raft.server.log.segment.size.max = 1048576 (custom)
2021-08-10 07:28:51,612 [pool-428-thread-1] INFO  server.RaftServerConfigKeys (ConfUtils.java:logGet(44)) - raft.server.log.preallocated.size = 16384 (custom)
2021-08-10 07:28:51,612 [pool-428-thread-1] INFO  server.RaftServerConfigKeys (ConfUtils.java:logGet(44)) - raft.server.log.force.sync.num = 128 (default)
2021-08-10 07:28:51,612 [pool-428-thread-1] INFO  server.RaftServerConfigKeys (ConfUtils.java:logGet(44)) - raft.server.log.statemachine.data.sync = true (default)
2021-08-10 07:28:51,612 [pool-428-thread-1] INFO  server.RaftServerConfigKeys (ConfUtils.java:logGet(44)) - raft.server.log.statemachine.data.sync.timeout = 10s (default)
2021-08-10 07:28:51,612 [pool-428-thread-1] INFO  server.RaftServerConfigKeys (ConfUtils.java:logGet(44)) - raft.server.log.statemachine.data.sync.timeout.retry = -1 (default)
2021-08-10 07:28:51,613 [pool-428-thread-1] INFO  server.RaftServerConfigKeys (ConfUtils.java:logGet(44)) - raft.server.log.write.buffer.size = 1048576 (custom)
2021-08-10 07:28:51,612 [Datanode State Machine Thread - 0] WARN  statemachine.StateContext (StateContext.java:execute(621)) - No available thread in pool for past 1 seconds.
2021-08-10 07:28:51,615 [EventQueue-PipelineReportForPipelineReportHandler] INFO  pipeline.PipelineManagerV2Impl (PipelineManagerV2Impl.java:openPipeline(283)) - Pipeline Pipeline[ Id: 46bc84d1-34ec-47a8-b46e-f789553e3107, Nodes: 2d05a1a5-0e76-4538-833f-cc5b981b73a0{ip: 127.0.0.1, host: localhost, ports: [REPLICATION=42165, RATIS=45315, RATIS_ADMIN=45315, RATIS_SERVER=45315, STANDALONE=39631], networkLocation: /default-rack, certSerialId: null, persistedOpState: IN_SERVICE, persistedOpStateExpiryEpochSec: 0}, ReplicationConfig: RATIS/ONE, State:ALLOCATED, leaderId:2d05a1a5-0e76-4538-833f-cc5b981b73a0, CreationTimestamp2021-08-10T07:28:48.596Z[Etc/UTC]] moved to OPEN state
2021-08-10 07:28:51,625 [8ca6ee1f-9342-4413-9dac-77381ef541ed@group-A26F7BE21E7F-StateMachineUpdater] INFO  safemode.HealthyPipelineSafeModeRule (HealthyPipelineSafeModeRule.java:initializeRule(152)) - Refreshed total pipeline count is 0, healthy pipeline threshold count is 1
2021-08-10 07:28:51,625 [EventQueue-PipelineReportForPipelineReportHandler] INFO  ha.SCMHAInvocationHandler (SCMHAInvocationHandler.java:invokeRatis(113)) - Invoking method public abstract void org.apache.hadoop.hdds.scm.pipeline.StateManager.updatePipelineState(org.apache.hadoop.hdds.protocol.proto.HddsProtos$PipelineID,org.apache.hadoop.hdds.protocol.proto.HddsProtos$PipelineState) throws java.io.IOException on target org.apache.hadoop.hdds.scm.ha.SCMRatisServerImpl@2d62c3c0, cost 7640.36us
2021-08-10 07:28:51,627 [EventQueue-OpenPipelineForHealthyPipelineSafeModeRule] INFO  safemode.SCMSafeModeManager (HealthyPipelineSafeModeRule.java:process(124)) - SCM in safe mode. Healthy pipelines reported count is 0, required healthy pipeline reported count is 1
2021-08-10 07:28:51,629 [pool-428-thread-1] INFO  server.RaftServerConfigKeys (ConfUtils.java:logGet(44)) - raft.server.log.statemachine.data.caching.enabled = true (custom)
2021-08-10 07:28:51,629 [pool-428-thread-1] INFO  segmented.SegmentedRaftLogWorker (SegmentedRaftLogWorker.java:lambda$new$0(133)) - 2d05a1a5-0e76-4538-833f-cc5b981b73a0@group-F789553E3107-SegmentedRaftLogWorker: flushIndex: setUnconditionally 0 -> -1
2021-08-10 07:28:51,629 [pool-428-thread-1] INFO  segmented.SegmentedRaftLogWorker (SegmentedRaftLogWorker.java:lambda$new$0(133)) - 2d05a1a5-0e76-4538-833f-cc5b981b73a0@group-F789553E3107-SegmentedRaftLogWorker: safeCacheEvictIndex: setUnconditionally 0 -> -1
2021-08-10 07:28:51,630 [pool-428-thread-1] INFO  server.RaftServerConfigKeys (ConfUtils.java:logGet(44)) - raft.server.snapshot.auto.trigger.enabled = true (custom)
2021-08-10 07:28:51,630 [pool-428-thread-1] INFO  server.RaftServerConfigKeys (ConfUtils.java:logGet(44)) - raft.server.snapshot.auto.trigger.threshold = 10000 (custom)
2021-08-10 07:28:51,630 [pool-428-thread-1] INFO  server.RaftServerConfigKeys (ConfUtils.java:logGet(44)) - raft.server.snapshot.retention.file.num = 5 (custom)
2021-08-10 07:28:51,630 [pool-428-thread-1] INFO  server.RaftServerConfigKeys (ConfUtils.java:logGet(44)) - raft.server.log.purge.upto.snapshot.index = false (default)
2021-08-10 07:28:51,630 [pool-428-thread-1] INFO  server.RaftServerConfigKeys (ConfUtils.java:logGet(44)) - raft.server.retrycache.expirytime = 600000ms (custom)
2021-08-10 07:28:51,630 [pool-428-thread-1] INFO  server.RaftServerConfigKeys (ConfUtils.java:logGet(44)) - raft.server.retrycache.statistics.expirytime = 100μs (default)
2021-08-10 07:28:51,631 [pool-428-thread-1] INFO  server.RaftServer$Division (RaftServerImpl.java:start(296)) - 2d05a1a5-0e76-4538-833f-cc5b981b73a0@group-F789553E3107: start as a follower, conf=-1: [2d05a1a5-0e76-4538-833f-cc5b981b73a0|rpc:127.0.0.1:45315|priority:1], old=null
2021-08-10 07:28:51,631 [pool-428-thread-1] INFO  server.RaftServer$Division (RaftServerImpl.java:setRole(285)) - 2d05a1a5-0e76-4538-833f-cc5b981b73a0@group-F789553E3107: changes role from      null to FOLLOWER at term 0 for startAsFollower
2021-08-10 07:28:51,631 [pool-428-thread-1] INFO  impl.RoleInfo (RoleInfo.java:updateAndGet(130)) - 2d05a1a5-0e76-4538-833f-cc5b981b73a0: start 2d05a1a5-0e76-4538-833f-cc5b981b73a0@group-F789553E3107-FollowerState
2021-08-10 07:28:51,645 [pool-428-thread-1] INFO  util.JmxRegister (JmxRegister.java:tryRegister(44)) - Successfully registered JMX Bean with object name Ratis:service=RaftServer,group=group-F789553E3107,id=2d05a1a5-0e76-4538-833f-cc5b981b73a0
2021-08-10 07:28:51,652 [Command processor thread] INFO  ratis.XceiverServerRatis (XceiverServerRatis.java:addGroup(759)) - Created group PipelineID=46bc84d1-34ec-47a8-b46e-f789553e3107
2021-08-10 07:28:51,652 [Command processor thread] INFO  commandhandler.CreatePipelineCommandHandler (CreatePipelineCommandHandler.java:handle(106)) - Created Pipeline RATIS ONE PipelineID=46bc84d1-34ec-47a8-b46e-f789553e3107.
2021-08-10 07:28:51,652 [Command processor thread] INFO  server.RaftServer (RaftServerProxy.java:addNew(95)) - 2d05a1a5-0e76-4538-833f-cc5b981b73a0: addNew group-68BFCD394EFA:[2d05a1a5-0e76-4538-833f-cc5b981b73a0|rpc:127.0.0.1:45315|priority:0, ffb733bb-4214-438b-9ff2-a6b3cef337b6|rpc:127.0.0.1:41683|priority:0, 8c87d662-2c82-4859-8c2c-fb3d4a5a22d5|rpc:127.0.0.1:34623|priority:1] returns group-68BFCD394EFA:java.util.concurrent.CompletableFuture@24bdda1e[Not completed]
2021-08-10 07:28:51,653 [pool-428-thread-1] INFO  server.RaftServer$Division (RaftServerImpl.java:<init>(181)) - 2d05a1a5-0e76-4538-833f-cc5b981b73a0: new RaftServerImpl for group-68BFCD394EFA:[2d05a1a5-0e76-4538-833f-cc5b981b73a0|rpc:127.0.0.1:45315|priority:0, ffb733bb-4214-438b-9ff2-a6b3cef337b6|rpc:127.0.0.1:41683|priority:0, 8c87d662-2c82-4859-8c2c-fb3d4a5a22d5|rpc:127.0.0.1:34623|priority:1] with ContainerStateMachine:uninitialized
2021-08-10 07:28:51,653 [pool-428-thread-1] INFO  server.RaftServerConfigKeys (ConfUtils.java:logGet(44)) - raft.server.rpc.timeout.min = 5s (custom)
2021-08-10 07:28:51,653 [pool-428-thread-1] INFO  server.RaftServerConfigKeys (ConfUtils.java:logGet(44)) - raft.server.rpc.timeout.max = 5200ms (custom)
2021-08-10 07:28:51,653 [pool-428-thread-1] INFO  server.RaftServerConfigKeys (ConfUtils.java:logGet(44)) - raft.server.rpc.sleep.time = 25ms (default)
2021-08-10 07:28:51,653 [pool-428-thread-1] INFO  server.RaftServerConfigKeys (ConfUtils.java:logGet(44)) - raft.server.rpc.slowness.timeout = 300s (custom)
2021-08-10 07:28:51,653 [pool-428-thread-1] INFO  server.RaftServerConfigKeys (ConfUtils.java:logGet(44)) - raft.server.leaderelection.leader.step-down.wait-time = 10s (default)
2021-08-10 07:28:51,653 [pool-428-thread-1] INFO  server.RaftServerConfigKeys (ConfUtils.java:logGet(44)) - raft.server.sleep.deviation.threshold = 300ms (default)
2021-08-10 07:28:51,653 [pool-428-thread-1] INFO  server.RaftServerConfigKeys (ConfUtils.java:logGet(44)) - raft.server.log.appender.install.snapshot.enabled = false (custom)
2021-08-10 07:28:51,653 [pool-428-thread-1] INFO  server.RaftServer$Division (ServerState.java:<init>(105)) - 2d05a1a5-0e76-4538-833f-cc5b981b73a0@group-68BFCD394EFA: ConfigurationManager, init=-1: [2d05a1a5-0e76-4538-833f-cc5b981b73a0|rpc:127.0.0.1:45315|priority:0, ffb733bb-4214-438b-9ff2-a6b3cef337b6|rpc:127.0.0.1:41683|priority:0, 8c87d662-2c82-4859-8c2c-fb3d4a5a22d5|rpc:127.0.0.1:34623|priority:1], old=null, confs=<EMPTY_MAP>
2021-08-10 07:28:51,653 [pool-428-thread-1] INFO  server.RaftServerConfigKeys (ConfUtils.java:logGet(44)) - raft.server.storage.dir = [/home/runner/work/ozone/ozone/hadoop-ozone/integration-test/target/test-dir/MiniOzoneClusterImpl-4c935f51-a36a-4569-b515-a26f7be21e7f/datanode-0/data/ratis] (custom)
2021-08-10 07:28:51,654 [pool-428-thread-1] INFO  server.RaftServerConfigKeys (ConfUtils.java:logGet(44)) - raft.server.log.corruption.policy = EXCEPTION (default)
2021-08-10 07:28:51,654 [pool-428-thread-1] INFO  server.RaftServerConfigKeys (ConfUtils.java:logGet(44)) - raft.server.storage.free-space.min = 0MB (=0) (default)
2021-08-10 07:28:51,654 [pool-428-thread-1] INFO  storage.RaftStorageDirectory (RaftStorageDirectoryImpl.java:analyzeStorage(135)) - The storage directory /home/runner/work/ozone/ozone/hadoop-ozone/integration-test/target/test-dir/MiniOzoneClusterImpl-4c935f51-a36a-4569-b515-a26f7be21e7f/datanode-0/data/ratis/07c14fd0-c64c-4ca7-b6cd-68bfcd394efa does not exist. Creating ...
2021-08-10 07:28:51,654 [pool-428-thread-1] INFO  storage.RaftStorageDirectory (RaftStorageDirectoryImpl.java:tryLock(230)) - Lock on /home/runner/work/ozone/ozone/hadoop-ozone/integration-test/target/test-dir/MiniOzoneClusterImpl-4c935f51-a36a-4569-b515-a26f7be21e7f/datanode-0/data/ratis/07c14fd0-c64c-4ca7-b6cd-68bfcd394efa/in_use.lock acquired by nodename 25326@fv-az270-250
2021-08-10 07:28:51,665 [pool-428-thread-1] INFO  storage.RaftStorage (RaftStorageImpl.java:format(89)) - Storage directory /home/runner/work/ozone/ozone/hadoop-ozone/integration-test/target/test-dir/MiniOzoneClusterImpl-4c935f51-a36a-4569-b515-a26f7be21e7f/datanode-0/data/ratis/07c14fd0-c64c-4ca7-b6cd-68bfcd394efa has been successfully formatted.
2021-08-10 07:28:51,665 [pool-428-thread-1] INFO  ratis.ContainerStateMachine (ContainerStateMachine.java:loadSnapshot(223)) - group-68BFCD394EFA: The snapshot info is null. Setting the last applied indexto:(t:0, i:~)
2021-08-10 07:28:51,666 [pool-428-thread-1] INFO  server.RaftServerConfigKeys (ConfUtils.java:logGet(44)) - raft.server.notification.no-leader.timeout = 300s (custom)
2021-08-10 07:28:51,666 [pool-428-thread-1] INFO  server.RaftServerConfigKeys (ConfUtils.java:logGet(44)) - raft.server.log.use.memory = false (default)
2021-08-10 07:28:51,666 [pool-428-thread-1] INFO  server.RaftServerConfigKeys (ConfUtils.java:logGet(44)) - raft.server.log.purge.gap = 1000000 (custom)
2021-08-10 07:28:51,666 [pool-428-thread-1] INFO  server.RaftServerConfigKeys (ConfUtils.java:logGet(44)) - raft.server.log.appender.buffer.byte-limit = 33554432 (custom)
2021-08-10 07:28:51,666 [pool-428-thread-1] INFO  server.RaftServerConfigKeys (ConfUtils.java:logGet(44)) - raft.server.log.segment.size.max = 1048576 (custom)
2021-08-10 07:28:51,666 [pool-428-thread-1] INFO  server.RaftServerConfigKeys (ConfUtils.java:logGet(44)) - raft.server.log.segment.cache.num.max = 2 (custom)
2021-08-10 07:28:51,666 [pool-428-thread-1] INFO  server.RaftServerConfigKeys (ConfUtils.java:logGet(44)) - raft.server.log.segment.cache.size.max = 200MB (=209715200) (default)
2021-08-10 07:28:51,666 [pool-428-thread-1] INFO  segmented.SegmentedRaftLogWorker (SegmentedRaftLogWorker.java:<init>(182)) - new 2d05a1a5-0e76-4538-833f-cc5b981b73a0@group-68BFCD394EFA-SegmentedRaftLogWorker for RaftStorageImpl:Storage Directory /home/runner/work/ozone/ozone/hadoop-ozone/integration-test/target/test-dir/MiniOzoneClusterImpl-4c935f51-a36a-4569-b515-a26f7be21e7f/datanode-0/data/ratis/07c14fd0-c64c-4ca7-b6cd-68bfcd394efa
2021-08-10 07:28:51,666 [pool-428-thread-1] INFO  server.RaftServerConfigKeys (ConfUtils.java:logGet(44)) - raft.server.log.queue.byte-limit = 2147483647 (custom)
2021-08-10 07:28:51,666 [pool-428-thread-1] INFO  server.RaftServerConfigKeys (ConfUtils.java:logGet(44)) - raft.server.log.queue.element-limit = 1024 (custom)
2021-08-10 07:28:51,666 [pool-428-thread-1] INFO  server.RaftServerConfigKeys (ConfUtils.java:logGet(44)) - raft.server.log.segment.size.max = 1048576 (custom)
2021-08-10 07:28:51,666 [pool-428-thread-1] INFO  server.RaftServerConfigKeys (ConfUtils.java:logGet(44)) - raft.server.log.preallocated.size = 16384 (custom)
2021-08-10 07:28:51,666 [pool-428-thread-1] INFO  server.RaftServerConfigKeys (ConfUtils.java:logGet(44)) - raft.server.log.force.sync.num = 128 (default)
2021-08-10 07:28:51,666 [pool-428-thread-1] INFO  server.RaftServerConfigKeys (ConfUtils.java:logGet(44)) - raft.server.log.statemachine.data.sync = true (default)
2021-08-10 07:28:51,666 [pool-428-thread-1] INFO  server.RaftServerConfigKeys (ConfUtils.java:logGet(44)) - raft.server.log.statemachine.data.sync.timeout = 10s (default)
2021-08-10 07:28:51,666 [pool-428-thread-1] INFO  server.RaftServerConfigKeys (ConfUtils.java:logGet(44)) - raft.server.log.statemachine.data.sync.timeout.retry = -1 (default)
2021-08-10 07:28:51,667 [pool-428-thread-1] INFO  server.RaftServerConfigKeys (ConfUtils.java:logGet(44)) - raft.server.log.write.buffer.size = 1048576 (custom)
2021-08-10 07:28:51,668 [pool-428-thread-1] INFO  server.RaftServerConfigKeys (ConfUtils.java:logGet(44)) - raft.server.log.statemachine.data.caching.enabled = true (custom)
2021-08-10 07:28:51,668 [pool-428-thread-1] INFO  segmented.SegmentedRaftLogWorker (SegmentedRaftLogWorker.java:lambda$new$0(133)) - 2d05a1a5-0e76-4538-833f-cc5b981b73a0@group-68BFCD394EFA-SegmentedRaftLogWorker: flushIndex: setUnconditionally 0 -> -1
2021-08-10 07:28:51,668 [pool-428-thread-1] INFO  segmented.SegmentedRaftLogWorker (SegmentedRaftLogWorker.java:lambda$new$0(133)) - 2d05a1a5-0e76-4538-833f-cc5b981b73a0@group-68BFCD394EFA-SegmentedRaftLogWorker: safeCacheEvictIndex: setUnconditionally 0 -> -1
2021-08-10 07:28:51,669 [pool-428-thread-1] INFO  server.RaftServerConfigKeys (ConfUtils.java:logGet(44)) - raft.server.snapshot.auto.trigger.enabled = true (custom)
2021-08-10 07:28:51,669 [pool-428-thread-1] INFO  server.RaftServerConfigKeys (ConfUtils.java:logGet(44)) - raft.server.snapshot.auto.trigger.threshold = 10000 (custom)
2021-08-10 07:28:51,670 [pool-428-thread-1] INFO  server.RaftServerConfigKeys (ConfUtils.java:logGet(44)) - raft.server.snapshot.retention.file.num = 5 (custom)
2021-08-10 07:28:51,670 [pool-428-thread-1] INFO  server.RaftServerConfigKeys (ConfUtils.java:logGet(44)) - raft.server.log.purge.upto.snapshot.index = false (default)
2021-08-10 07:28:51,670 [pool-428-thread-1] INFO  server.RaftServerConfigKeys (ConfUtils.java:logGet(44)) - raft.server.retrycache.expirytime = 600000ms (custom)
2021-08-10 07:28:51,670 [pool-428-thread-1] INFO  server.RaftServerConfigKeys (ConfUtils.java:logGet(44)) - raft.server.retrycache.statistics.expirytime = 100μs (default)
2021-08-10 07:28:51,670 [pool-428-thread-1] INFO  server.RaftServer$Division (RaftServerImpl.java:start(296)) - 2d05a1a5-0e76-4538-833f-cc5b981b73a0@group-68BFCD394EFA: start as a follower, conf=-1: [2d05a1a5-0e76-4538-833f-cc5b981b73a0|rpc:127.0.0.1:45315|priority:0, ffb733bb-4214-438b-9ff2-a6b3cef337b6|rpc:127.0.0.1:41683|priority:0, 8c87d662-2c82-4859-8c2c-fb3d4a5a22d5|rpc:127.0.0.1:34623|priority:1], old=null
2021-08-10 07:28:51,671 [pool-428-thread-1] INFO  server.RaftServer$Division (RaftServerImpl.java:setRole(285)) - 2d05a1a5-0e76-4538-833f-cc5b981b73a0@group-68BFCD394EFA: changes role from      null to FOLLOWER at term 0 for startAsFollower
2021-08-10 07:28:51,671 [pool-428-thread-1] INFO  impl.RoleInfo (RoleInfo.java:updateAndGet(130)) - 2d05a1a5-0e76-4538-833f-cc5b981b73a0: start 2d05a1a5-0e76-4538-833f-cc5b981b73a0@group-68BFCD394EFA-FollowerState
2021-08-10 07:28:51,671 [pool-428-thread-1] INFO  util.JmxRegister (JmxRegister.java:tryRegister(44)) - Successfully registered JMX Bean with object name Ratis:service=RaftServer,group=group-68BFCD394EFA,id=2d05a1a5-0e76-4538-833f-cc5b981b73a0
2021-08-10 07:28:51,671 [Command processor thread] INFO  ratis.XceiverServerRatis (XceiverServerRatis.java:addGroup(759)) - Created group PipelineID=07c14fd0-c64c-4ca7-b6cd-68bfcd394efa
2021-08-10 07:28:51,674 [EventQueue-OpenPipelineForHealthyPipelineSafeModeRule] INFO  safemode.SCMSafeModeManager (HealthyPipelineSafeModeRule.java:process(124)) - SCM in safe mode. Healthy pipelines reported count is 0, required healthy pipeline reported count is 1
2021-08-10 07:28:51,682 [grpc-default-executor-2] INFO  server.RaftServer (RaftServerProxy.java:addNew(95)) - 8c87d662-2c82-4859-8c2c-fb3d4a5a22d5: addNew group-68BFCD394EFA:[2d05a1a5-0e76-4538-833f-cc5b981b73a0|rpc:127.0.0.1:45315|dataStream:|priority:0, ffb733bb-4214-438b-9ff2-a6b3cef337b6|rpc:127.0.0.1:41683|dataStream:|priority:0, 8c87d662-2c82-4859-8c2c-fb3d4a5a22d5|rpc:127.0.0.1:34623|dataStream:|priority:1] returns group-68BFCD394EFA:java.util.concurrent.CompletableFuture@6677e3e0[Not completed]
2021-08-10 07:28:51,693 [pool-447-thread-1] INFO  server.RaftServer$Division (RaftServerImpl.java:<init>(181)) - 8c87d662-2c82-4859-8c2c-fb3d4a5a22d5: new RaftServerImpl for group-68BFCD394EFA:[2d05a1a5-0e76-4538-833f-cc5b981b73a0|rpc:127.0.0.1:45315|dataStream:|priority:0, ffb733bb-4214-438b-9ff2-a6b3cef337b6|rpc:127.0.0.1:41683|dataStream:|priority:0, 8c87d662-2c82-4859-8c2c-fb3d4a5a22d5|rpc:127.0.0.1:34623|dataStream:|priority:1] with ContainerStateMachine:uninitialized
2021-08-10 07:28:51,707 [pool-447-thread-1] INFO  server.RaftServerConfigKeys (ConfUtils.java:logGet(44)) - raft.server.rpc.timeout.min = 5s (custom)
2021-08-10 07:28:51,707 [pool-447-thread-1] INFO  server.RaftServerConfigKeys (ConfUtils.java:logGet(44)) - raft.server.rpc.timeout.max = 5200ms (custom)
2021-08-10 07:28:51,707 [pool-447-thread-1] INFO  server.RaftServerConfigKeys (ConfUtils.java:logGet(44)) - raft.server.rpc.sleep.time = 25ms (default)
2021-08-10 07:28:51,707 [pool-447-thread-1] INFO  server.RaftServerConfigKeys (ConfUtils.java:logGet(44)) - raft.server.rpc.slowness.timeout = 300s (custom)
2021-08-10 07:28:51,707 [pool-447-thread-1] INFO  server.RaftServerConfigKeys (ConfUtils.java:logGet(44)) - raft.server.leaderelection.leader.step-down.wait-time = 10s (default)
2021-08-10 07:28:51,707 [pool-447-thread-1] INFO  server.RaftServerConfigKeys (ConfUtils.java:logGet(44)) - raft.server.sleep.deviation.threshold = 300ms (default)
2021-08-10 07:28:51,707 [pool-447-thread-1] INFO  server.RaftServerConfigKeys (ConfUtils.java:logGet(44)) - raft.server.log.appender.install.snapshot.enabled = false (custom)
2021-08-10 07:28:51,707 [pool-447-thread-1] INFO  server.RaftServer$Division (ServerState.java:<init>(105)) - 8c87d662-2c82-4859-8c2c-fb3d4a5a22d5@group-68BFCD394EFA: ConfigurationManager, init=-1: [2d05a1a5-0e76-4538-833f-cc5b981b73a0|rpc:127.0.0.1:45315|dataStream:|priority:0, ffb733bb-4214-438b-9ff2-a6b3cef337b6|rpc:127.0.0.1:41683|dataStream:|priority:0, 8c87d662-2c82-4859-8c2c-fb3d4a5a22d5|rpc:127.0.0.1:34623|dataStream:|priority:1], old=null, confs=<EMPTY_MAP>
2021-08-10 07:28:51,707 [pool-447-thread-1] INFO  server.RaftServerConfigKeys (ConfUtils.java:logGet(44)) - raft.server.storage.dir = [/home/runner/work/ozone/ozone/hadoop-ozone/integration-test/target/test-dir/MiniOzoneClusterImpl-4c935f51-a36a-4569-b515-a26f7be21e7f/datanode-1/data/ratis] (custom)
2021-08-10 07:28:51,707 [pool-447-thread-1] INFO  server.RaftServerConfigKeys (ConfUtils.java:logGet(44)) - raft.server.log.corruption.policy = EXCEPTION (default)
2021-08-10 07:28:51,707 [pool-447-thread-1] INFO  server.RaftServerConfigKeys (ConfUtils.java:logGet(44)) - raft.server.storage.free-space.min = 0MB (=0) (default)
2021-08-10 07:28:51,707 [pool-447-thread-1] INFO  storage.RaftStorageDirectory (RaftStorageDirectoryImpl.java:analyzeStorage(135)) - The storage directory /home/runner/work/ozone/ozone/hadoop-ozone/integration-test/target/test-dir/MiniOzoneClusterImpl-4c935f51-a36a-4569-b515-a26f7be21e7f/datanode-1/data/ratis/07c14fd0-c64c-4ca7-b6cd-68bfcd394efa does not exist. Creating ...
2021-08-10 07:28:51,709 [pool-447-thread-1] INFO  storage.RaftStorageDirectory (RaftStorageDirectoryImpl.java:tryLock(230)) - Lock on /home/runner/work/ozone/ozone/hadoop-ozone/integration-test/target/test-dir/MiniOzoneClusterImpl-4c935f51-a36a-4569-b515-a26f7be21e7f/datanode-1/data/ratis/07c14fd0-c64c-4ca7-b6cd-68bfcd394efa/in_use.lock acquired by nodename 25326@fv-az270-250
2021-08-10 07:28:51,710 [pool-447-thread-1] INFO  storage.RaftStorage (RaftStorageImpl.java:format(89)) - Storage directory /home/runner/work/ozone/ozone/hadoop-ozone/integration-test/target/test-dir/MiniOzoneClusterImpl-4c935f51-a36a-4569-b515-a26f7be21e7f/datanode-1/data/ratis/07c14fd0-c64c-4ca7-b6cd-68bfcd394efa has been successfully formatted.
2021-08-10 07:28:51,711 [pool-447-thread-1] INFO  ratis.ContainerStateMachine (ContainerStateMachine.java:loadSnapshot(223)) - group-68BFCD394EFA: The snapshot info is null. Setting the last applied indexto:(t:0, i:~)
2021-08-10 07:28:51,711 [pool-447-thread-1] INFO  server.RaftServerConfigKeys (ConfUtils.java:logGet(44)) - raft.server.notification.no-leader.timeout = 300s (custom)
2021-08-10 07:28:51,711 [Datanode State Machine Thread - 0] WARN  statemachine.StateContext (StateContext.java:execute(621)) - No available thread in pool for past 1 seconds.
2021-08-10 07:28:51,711 [pool-447-thread-1] INFO  server.RaftServerConfigKeys (ConfUtils.java:logGet(44)) - raft.server.log.use.memory = false (default)
2021-08-10 07:28:51,713 [pool-447-thread-1] INFO  server.RaftServerConfigKeys (ConfUtils.java:logGet(44)) - raft.server.log.purge.gap = 1000000 (custom)
2021-08-10 07:28:51,713 [pool-447-thread-1] INFO  server.RaftServerConfigKeys (ConfUtils.java:logGet(44)) - raft.server.log.appender.buffer.byte-limit = 33554432 (custom)
2021-08-10 07:28:51,713 [pool-447-thread-1] INFO  server.RaftServerConfigKeys (ConfUtils.java:logGet(44)) - raft.server.log.segment.size.max = 1048576 (custom)
2021-08-10 07:28:51,713 [pool-447-thread-1] INFO  server.RaftServerConfigKeys (ConfUtils.java:logGet(44)) - raft.server.log.segment.cache.num.max = 2 (custom)
2021-08-10 07:28:51,714 [pool-447-thread-1] INFO  server.RaftServerConfigKeys (ConfUtils.java:logGet(44)) - raft.server.log.segment.cache.size.max = 200MB (=209715200) (default)
2021-08-10 07:28:51,714 [pool-447-thread-1] INFO  segmented.SegmentedRaftLogWorker (SegmentedRaftLogWorker.java:<init>(182)) - new 8c87d662-2c82-4859-8c2c-fb3d4a5a22d5@group-68BFCD394EFA-SegmentedRaftLogWorker for RaftStorageImpl:Storage Directory /home/runner/work/ozone/ozone/hadoop-ozone/integration-test/target/test-dir/MiniOzoneClusterImpl-4c935f51-a36a-4569-b515-a26f7be21e7f/datanode-1/data/ratis/07c14fd0-c64c-4ca7-b6cd-68bfcd394efa
2021-08-10 07:28:51,714 [pool-447-thread-1] INFO  server.RaftServerConfigKeys (ConfUtils.java:logGet(44)) - raft.server.log.queue.byte-limit = 2147483647 (custom)
2021-08-10 07:28:51,714 [pool-447-thread-1] INFO  server.RaftServerConfigKeys (ConfUtils.java:logGet(44)) - raft.server.log.queue.element-limit = 1024 (custom)
2021-08-10 07:28:51,714 [pool-447-thread-1] INFO  server.RaftServerConfigKeys (ConfUtils.java:logGet(44)) - raft.server.log.segment.size.max = 1048576 (custom)
2021-08-10 07:28:51,714 [pool-447-thread-1] INFO  server.RaftServerConfigKeys (ConfUtils.java:logGet(44)) - raft.server.log.preallocated.size = 16384 (custom)
2021-08-10 07:28:51,714 [pool-447-thread-1] INFO  server.RaftServerConfigKeys (ConfUtils.java:logGet(44)) - raft.server.log.force.sync.num = 128 (default)
2021-08-10 07:28:51,714 [pool-447-thread-1] INFO  server.RaftServerConfigKeys (ConfUtils.java:logGet(44)) - raft.server.log.statemachine.data.sync = true (default)
2021-08-10 07:28:51,714 [pool-447-thread-1] INFO  server.RaftServerConfigKeys (ConfUtils.java:logGet(44)) - raft.server.log.statemachine.data.sync.timeout = 10s (default)
2021-08-10 07:28:51,714 [pool-447-thread-1] INFO  server.RaftServerConfigKeys (ConfUtils.java:logGet(44)) - raft.server.log.statemachine.data.sync.timeout.retry = -1 (default)
2021-08-10 07:28:51,714 [pool-447-thread-1] INFO  server.RaftServerConfigKeys (ConfUtils.java:logGet(44)) - raft.server.log.write.buffer.size = 1048576 (custom)
2021-08-10 07:28:51,715 [pool-447-thread-1] INFO  server.RaftServerConfigKeys (ConfUtils.java:logGet(44)) - raft.server.log.statemachine.data.caching.enabled = true (custom)
2021-08-10 07:28:51,715 [pool-447-thread-1] INFO  segmented.SegmentedRaftLogWorker (SegmentedRaftLogWorker.java:lambda$new$0(133)) - 8c87d662-2c82-4859-8c2c-fb3d4a5a22d5@group-68BFCD394EFA-SegmentedRaftLogWorker: flushIndex: setUnconditionally 0 -> -1
2021-08-10 07:28:51,715 [pool-447-thread-1] INFO  segmented.SegmentedRaftLogWorker (SegmentedRaftLogWorker.java:lambda$new$0(133)) - 8c87d662-2c82-4859-8c2c-fb3d4a5a22d5@group-68BFCD394EFA-SegmentedRaftLogWorker: safeCacheEvictIndex: setUnconditionally 0 -> -1
2021-08-10 07:28:51,717 [pool-447-thread-1] INFO  server.RaftServerConfigKeys (ConfUtils.java:logGet(44)) - raft.server.snapshot.auto.trigger.enabled = true (custom)
2021-08-10 07:28:51,717 [pool-447-thread-1] INFO  server.RaftServerConfigKeys (ConfUtils.java:logGet(44)) - raft.server.snapshot.auto.trigger.threshold = 10000 (custom)
2021-08-10 07:28:51,717 [pool-447-thread-1] INFO  server.RaftServerConfigKeys (ConfUtils.java:logGet(44)) - raft.server.snapshot.retention.file.num = 5 (custom)
2021-08-10 07:28:51,717 [pool-447-thread-1] INFO  server.RaftServerConfigKeys (ConfUtils.java:logGet(44)) - raft.server.log.purge.upto.snapshot.index = false (default)
2021-08-10 07:28:51,717 [pool-447-thread-1] INFO  server.RaftServerConfigKeys (ConfUtils.java:logGet(44)) - raft.server.retrycache.expirytime = 600000ms (custom)
2021-08-10 07:28:51,717 [pool-447-thread-1] INFO  server.RaftServerConfigKeys (ConfUtils.java:logGet(44)) - raft.server.retrycache.statistics.expirytime = 100μs (default)
2021-08-10 07:28:51,718 [pool-447-thread-1] INFO  server.RaftServer$Division (RaftServerImpl.java:start(296)) - 8c87d662-2c82-4859-8c2c-fb3d4a5a22d5@group-68BFCD394EFA: start as a follower, conf=-1: [2d05a1a5-0e76-4538-833f-cc5b981b73a0|rpc:127.0.0.1:45315|dataStream:|priority:0, ffb733bb-4214-438b-9ff2-a6b3cef337b6|rpc:127.0.0.1:41683|dataStream:|priority:0, 8c87d662-2c82-4859-8c2c-fb3d4a5a22d5|rpc:127.0.0.1:34623|dataStream:|priority:1], old=null
2021-08-10 07:28:51,718 [pool-447-thread-1] INFO  server.RaftServer$Division (RaftServerImpl.java:setRole(285)) - 8c87d662-2c82-4859-8c2c-fb3d4a5a22d5@group-68BFCD394EFA: changes role from      null to FOLLOWER at term 0 for startAsFollower
2021-08-10 07:28:51,718 [pool-447-thread-1] INFO  impl.RoleInfo (RoleInfo.java:updateAndGet(130)) - 8c87d662-2c82-4859-8c2c-fb3d4a5a22d5: start 8c87d662-2c82-4859-8c2c-fb3d4a5a22d5@group-68BFCD394EFA-FollowerState
2021-08-10 07:28:51,721 [pool-447-thread-1] INFO  util.JmxRegister (JmxRegister.java:tryRegister(44)) - Successfully registered JMX Bean with object name Ratis:service=RaftServer,group=group-68BFCD394EFA,id=8c87d662-2c82-4859-8c2c-fb3d4a5a22d5
2021-08-10 07:28:51,780 [grpc-default-executor-2] INFO  server.RaftServer (RaftServerProxy.java:addNew(95)) - ffb733bb-4214-438b-9ff2-a6b3cef337b6: addNew group-68BFCD394EFA:[2d05a1a5-0e76-4538-833f-cc5b981b73a0|rpc:127.0.0.1:45315|dataStream:|priority:0, ffb733bb-4214-438b-9ff2-a6b3cef337b6|rpc:127.0.0.1:41683|dataStream:|priority:0, 8c87d662-2c82-4859-8c2c-fb3d4a5a22d5|rpc:127.0.0.1:34623|dataStream:|priority:1] returns group-68BFCD394EFA:java.util.concurrent.CompletableFuture@69c3b88d[Not completed]
2021-08-10 07:28:51,780 [pool-466-thread-1] INFO  server.RaftServer$Division (RaftServerImpl.java:<init>(181)) - ffb733bb-4214-438b-9ff2-a6b3cef337b6: new RaftServerImpl for group-68BFCD394EFA:[2d05a1a5-0e76-4538-833f-cc5b981b73a0|rpc:127.0.0.1:45315|dataStream:|priority:0, ffb733bb-4214-438b-9ff2-a6b3cef337b6|rpc:127.0.0.1:41683|dataStream:|priority:0, 8c87d662-2c82-4859-8c2c-fb3d4a5a22d5|rpc:127.0.0.1:34623|dataStream:|priority:1] with ContainerStateMachine:uninitialized
2021-08-10 07:28:51,795 [pool-466-thread-1] INFO  server.RaftServerConfigKeys (ConfUtils.java:logGet(44)) - raft.server.rpc.timeout.min = 5s (custom)
2021-08-10 07:28:51,795 [pool-466-thread-1] INFO  server.RaftServerConfigKeys (ConfUtils.java:logGet(44)) - raft.server.rpc.timeout.max = 5200ms (custom)
2021-08-10 07:28:51,799 [pool-466-thread-1] INFO  server.RaftServerConfigKeys (ConfUtils.java:logGet(44)) - raft.server.rpc.sleep.time = 25ms (default)
2021-08-10 07:28:51,799 [pool-466-thread-1] INFO  server.RaftServerConfigKeys (ConfUtils.java:logGet(44)) - raft.server.rpc.slowness.timeout = 300s (custom)
2021-08-10 07:28:51,799 [pool-466-thread-1] INFO  server.RaftServerConfigKeys (ConfUtils.java:logGet(44)) - raft.server.leaderelection.leader.step-down.wait-time = 10s (default)
2021-08-10 07:28:51,799 [pool-466-thread-1] INFO  server.RaftServerConfigKeys (ConfUtils.java:logGet(44)) - raft.server.sleep.deviation.threshold = 300ms (default)
2021-08-10 07:28:51,800 [pool-466-thread-1] INFO  server.RaftServerConfigKeys (ConfUtils.java:logGet(44)) - raft.server.log.appender.install.snapshot.enabled = false (custom)
2021-08-10 07:28:51,800 [pool-466-thread-1] INFO  server.RaftServer$Division (ServerState.java:<init>(105)) - ffb733bb-4214-438b-9ff2-a6b3cef337b6@group-68BFCD394EFA: ConfigurationManager, init=-1: [2d05a1a5-0e76-4538-833f-cc5b981b73a0|rpc:127.0.0.1:45315|dataStream:|priority:0, ffb733bb-4214-438b-9ff2-a6b3cef337b6|rpc:127.0.0.1:41683|dataStream:|priority:0, 8c87d662-2c82-4859-8c2c-fb3d4a5a22d5|rpc:127.0.0.1:34623|dataStream:|priority:1], old=null, confs=<EMPTY_MAP>
2021-08-10 07:28:51,800 [pool-466-thread-1] INFO  server.RaftServerConfigKeys (ConfUtils.java:logGet(44)) - raft.server.storage.dir = [/home/runner/work/ozone/ozone/hadoop-ozone/integration-test/target/test-dir/MiniOzoneClusterImpl-4c935f51-a36a-4569-b515-a26f7be21e7f/datanode-2/data/ratis] (custom)
2021-08-10 07:28:51,800 [pool-466-thread-1] INFO  server.RaftServerConfigKeys (ConfUtils.java:logGet(44)) - raft.server.log.corruption.policy = EXCEPTION (default)
2021-08-10 07:28:51,800 [pool-466-thread-1] INFO  server.RaftServerConfigKeys (ConfUtils.java:logGet(44)) - raft.server.storage.free-space.min = 0MB (=0) (default)
2021-08-10 07:28:51,800 [pool-466-thread-1] INFO  storage.RaftStorageDirectory (RaftStorageDirectoryImpl.java:analyzeStorage(135)) - The storage directory /home/runner/work/ozone/ozone/hadoop-ozone/integration-test/target/test-dir/MiniOzoneClusterImpl-4c935f51-a36a-4569-b515-a26f7be21e7f/datanode-2/data/ratis/07c14fd0-c64c-4ca7-b6cd-68bfcd394efa does not exist. Creating ...
2021-08-10 07:28:51,805 [pool-466-thread-1] INFO  storage.RaftStorageDirectory (RaftStorageDirectoryImpl.java:tryLock(230)) - Lock on /home/runner/work/ozone/ozone/hadoop-ozone/integration-test/target/test-dir/MiniOzoneClusterImpl-4c935f51-a36a-4569-b515-a26f7be21e7f/datanode-2/data/ratis/07c14fd0-c64c-4ca7-b6cd-68bfcd394efa/in_use.lock acquired by nodename 25326@fv-az270-250
2021-08-10 07:28:51,806 [pool-466-thread-1] INFO  storage.RaftStorage (RaftStorageImpl.java:format(89)) - Storage directory /home/runner/work/ozone/ozone/hadoop-ozone/integration-test/target/test-dir/MiniOzoneClusterImpl-4c935f51-a36a-4569-b515-a26f7be21e7f/datanode-2/data/ratis/07c14fd0-c64c-4ca7-b6cd-68bfcd394efa has been successfully formatted.
2021-08-10 07:28:51,824 [pool-466-thread-1] INFO  ratis.ContainerStateMachine (ContainerStateMachine.java:loadSnapshot(223)) - group-68BFCD394EFA: The snapshot info is null. Setting the last applied indexto:(t:0, i:~)
2021-08-10 07:28:51,825 [pool-466-thread-1] INFO  server.RaftServerConfigKeys (ConfUtils.java:logGet(44)) - raft.server.notification.no-leader.timeout = 300s (custom)
2021-08-10 07:28:51,825 [pool-466-thread-1] INFO  server.RaftServerConfigKeys (ConfUtils.java:logGet(44)) - raft.server.log.use.memory = false (default)
2021-08-10 07:28:51,825 [pool-466-thread-1] INFO  server.RaftServerConfigKeys (ConfUtils.java:logGet(44)) - raft.server.log.purge.gap = 1000000 (custom)
2021-08-10 07:28:51,825 [pool-466-thread-1] INFO  server.RaftServerConfigKeys (ConfUtils.java:logGet(44)) - raft.server.log.appender.buffer.byte-limit = 33554432 (custom)
2021-08-10 07:28:51,825 [pool-466-thread-1] INFO  server.RaftServerConfigKeys (ConfUtils.java:logGet(44)) - raft.server.log.segment.size.max = 1048576 (custom)
2021-08-10 07:28:51,825 [pool-466-thread-1] INFO  server.RaftServerConfigKeys (ConfUtils.java:logGet(44)) - raft.server.log.segment.cache.num.max = 2 (custom)
2021-08-10 07:28:51,825 [pool-466-thread-1] INFO  server.RaftServerConfigKeys (ConfUtils.java:logGet(44)) - raft.server.log.segment.cache.size.max = 200MB (=209715200) (default)
2021-08-10 07:28:51,825 [pool-466-thread-1] INFO  segmented.SegmentedRaftLogWorker (SegmentedRaftLogWorker.java:<init>(182)) - new ffb733bb-4214-438b-9ff2-a6b3cef337b6@group-68BFCD394EFA-SegmentedRaftLogWorker for RaftStorageImpl:Storage Directory /home/runner/work/ozone/ozone/hadoop-ozone/integration-test/target/test-dir/MiniOzoneClusterImpl-4c935f51-a36a-4569-b515-a26f7be21e7f/datanode-2/data/ratis/07c14fd0-c64c-4ca7-b6cd-68bfcd394efa
2021-08-10 07:28:51,825 [pool-466-thread-1] INFO  server.RaftServerConfigKeys (ConfUtils.java:logGet(44)) - raft.server.log.queue.byte-limit = 2147483647 (custom)
2021-08-10 07:28:51,825 [pool-466-thread-1] INFO  server.RaftServerConfigKeys (ConfUtils.java:logGet(44)) - raft.server.log.queue.element-limit = 1024 (custom)
2021-08-10 07:28:51,825 [pool-466-thread-1] INFO  server.RaftServerConfigKeys (ConfUtils.java:logGet(44)) - raft.server.log.segment.size.max = 1048576 (custom)
2021-08-10 07:28:51,825 [pool-466-thread-1] INFO  server.RaftServerConfigKeys (ConfUtils.java:logGet(44)) - raft.server.log.preallocated.size = 16384 (custom)
2021-08-10 07:28:51,825 [pool-466-thread-1] INFO  server.RaftServerConfigKeys (ConfUtils.java:logGet(44)) - raft.server.log.force.sync.num = 128 (default)
2021-08-10 07:28:51,825 [pool-466-thread-1] INFO  server.RaftServerConfigKeys (ConfUtils.java:logGet(44)) - raft.server.log.statemachine.data.sync = true (default)
2021-08-10 07:28:51,825 [pool-466-thread-1] INFO  server.RaftServerConfigKeys (ConfUtils.java:logGet(44)) - raft.server.log.statemachine.data.sync.timeout = 10s (default)
2021-08-10 07:28:51,825 [pool-466-thread-1] INFO  server.RaftServerConfigKeys (ConfUtils.java:logGet(44)) - raft.server.log.statemachine.data.sync.timeout.retry = -1 (default)
2021-08-10 07:28:51,826 [pool-466-thread-1] INFO  server.RaftServerConfigKeys (ConfUtils.java:logGet(44)) - raft.server.log.write.buffer.size = 1048576 (custom)
2021-08-10 07:28:51,826 [pool-466-thread-1] INFO  server.RaftServerConfigKeys (ConfUtils.java:logGet(44)) - raft.server.log.statemachine.data.caching.enabled = true (custom)
2021-08-10 07:28:51,826 [pool-466-thread-1] INFO  segmented.SegmentedRaftLogWorker (SegmentedRaftLogWorker.java:lambda$new$0(133)) - ffb733bb-4214-438b-9ff2-a6b3cef337b6@group-68BFCD394EFA-SegmentedRaftLogWorker: flushIndex: setUnconditionally 0 -> -1
2021-08-10 07:28:51,826 [pool-466-thread-1] INFO  segmented.SegmentedRaftLogWorker (SegmentedRaftLogWorker.java:lambda$new$0(133)) - ffb733bb-4214-438b-9ff2-a6b3cef337b6@group-68BFCD394EFA-SegmentedRaftLogWorker: safeCacheEvictIndex: setUnconditionally 0 -> -1
2021-08-10 07:28:51,827 [pool-466-thread-1] INFO  server.RaftServerConfigKeys (ConfUtils.java:logGet(44)) - raft.server.snapshot.auto.trigger.enabled = true (custom)
2021-08-10 07:28:51,827 [pool-466-thread-1] INFO  server.RaftServerConfigKeys (ConfUtils.java:logGet(44)) - raft.server.snapshot.auto.trigger.threshold = 10000 (custom)
2021-08-10 07:28:51,827 [pool-466-thread-1] INFO  server.RaftServerConfigKeys (ConfUtils.java:logGet(44)) - raft.server.snapshot.retention.file.num = 5 (custom)
2021-08-10 07:28:51,827 [pool-466-thread-1] INFO  server.RaftServerConfigKeys (ConfUtils.java:logGet(44)) - raft.server.log.purge.upto.snapshot.index = false (default)
2021-08-10 07:28:51,827 [pool-466-thread-1] INFO  server.RaftServerConfigKeys (ConfUtils.java:logGet(44)) - raft.server.retrycache.expirytime = 600000ms (custom)
2021-08-10 07:28:51,827 [pool-466-thread-1] INFO  server.RaftServerConfigKeys (ConfUtils.java:logGet(44)) - raft.server.retrycache.statistics.expirytime = 100μs (default)
2021-08-10 07:28:51,828 [pool-466-thread-1] INFO  server.RaftServer$Division (RaftServerImpl.java:start(296)) - ffb733bb-4214-438b-9ff2-a6b3cef337b6@group-68BFCD394EFA: start as a follower, conf=-1: [2d05a1a5-0e76-4538-833f-cc5b981b73a0|rpc:127.0.0.1:45315|dataStream:|priority:0, ffb733bb-4214-438b-9ff2-a6b3cef337b6|rpc:127.0.0.1:41683|dataStream:|priority:0, 8c87d662-2c82-4859-8c2c-fb3d4a5a22d5|rpc:127.0.0.1:34623|dataStream:|priority:1], old=null
2021-08-10 07:28:51,828 [pool-466-thread-1] INFO  server.RaftServer$Division (RaftServerImpl.java:setRole(285)) - ffb733bb-4214-438b-9ff2-a6b3cef337b6@group-68BFCD394EFA: changes role from      null to FOLLOWER at term 0 for startAsFollower
2021-08-10 07:28:51,828 [pool-466-thread-1] INFO  impl.RoleInfo (RoleInfo.java:updateAndGet(130)) - ffb733bb-4214-438b-9ff2-a6b3cef337b6: start ffb733bb-4214-438b-9ff2-a6b3cef337b6@group-68BFCD394EFA-FollowerState
2021-08-10 07:28:51,828 [pool-466-thread-1] INFO  util.JmxRegister (JmxRegister.java:tryRegister(44)) - Successfully registered JMX Bean with object name Ratis:service=RaftServer,group=group-68BFCD394EFA,id=ffb733bb-4214-438b-9ff2-a6b3cef337b6
2021-08-10 07:28:51,829 [Datanode State Machine Thread - 0] WARN  statemachine.StateContext (StateContext.java:execute(621)) - No available thread in pool for past 1 seconds.
2021-08-10 07:28:51,850 [Command processor thread] INFO  commandhandler.CreatePipelineCommandHandler (CreatePipelineCommandHandler.java:handle(106)) - Created Pipeline RATIS THREE PipelineID=07c14fd0-c64c-4ca7-b6cd-68bfcd394efa.
2021-08-10 07:28:51,850 [Command processor thread] INFO  server.RaftServer (RaftServerProxy.java:addNew(95)) - 2d05a1a5-0e76-4538-833f-cc5b981b73a0: addNew group-6741513528A8:[2d05a1a5-0e76-4538-833f-cc5b981b73a0|rpc:127.0.0.1:45315|priority:1, ffb733bb-4214-438b-9ff2-a6b3cef337b6|rpc:127.0.0.1:41683|priority:0, 8c87d662-2c82-4859-8c2c-fb3d4a5a22d5|rpc:127.0.0.1:34623|priority:0] returns group-6741513528A8:java.util.concurrent.CompletableFuture@f49f0bf[Not completed]
2021-08-10 07:28:51,850 [pool-428-thread-1] INFO  server.RaftServer$Division (RaftServerImpl.java:<init>(181)) - 2d05a1a5-0e76-4538-833f-cc5b981b73a0: new RaftServerImpl for group-6741513528A8:[2d05a1a5-0e76-4538-833f-cc5b981b73a0|rpc:127.0.0.1:45315|priority:1, ffb733bb-4214-438b-9ff2-a6b3cef337b6|rpc:127.0.0.1:41683|priority:0, 8c87d662-2c82-4859-8c2c-fb3d4a5a22d5|rpc:127.0.0.1:34623|priority:0] with ContainerStateMachine:uninitialized
2021-08-10 07:28:51,850 [pool-428-thread-1] INFO  server.RaftServerConfigKeys (ConfUtils.java:logGet(44)) - raft.server.rpc.timeout.min = 5s (custom)
2021-08-10 07:28:51,850 [pool-428-thread-1] INFO  server.RaftServerConfigKeys (ConfUtils.java:logGet(44)) - raft.server.rpc.timeout.max = 5200ms (custom)
2021-08-10 07:28:51,850 [pool-428-thread-1] INFO  server.RaftServerConfigKeys (ConfUtils.java:logGet(44)) - raft.server.rpc.sleep.time = 25ms (default)
2021-08-10 07:28:51,850 [pool-428-thread-1] INFO  server.RaftServerConfigKeys (ConfUtils.java:logGet(44)) - raft.server.rpc.slowness.timeout = 300s (custom)
2021-08-10 07:28:51,850 [pool-428-thread-1] INFO  server.RaftServerConfigKeys (ConfUtils.java:logGet(44)) - raft.server.leaderelection.leader.step-down.wait-time = 10s (default)
2021-08-10 07:28:51,851 [pool-428-thread-1] INFO  server.RaftServerConfigKeys (ConfUtils.java:logGet(44)) - raft.server.sleep.deviation.threshold = 300ms (default)
2021-08-10 07:28:51,851 [pool-428-thread-1] INFO  server.RaftServerConfigKeys (ConfUtils.java:logGet(44)) - raft.server.log.appender.install.snapshot.enabled = false (custom)
2021-08-10 07:28:51,851 [pool-428-thread-1] INFO  server.RaftServer$Division (ServerState.java:<init>(105)) - 2d05a1a5-0e76-4538-833f-cc5b981b73a0@group-6741513528A8: ConfigurationManager, init=-1: [2d05a1a5-0e76-4538-833f-cc5b981b73a0|rpc:127.0.0.1:45315|priority:1, ffb733bb-4214-438b-9ff2-a6b3cef337b6|rpc:127.0.0.1:41683|priority:0, 8c87d662-2c82-4859-8c2c-fb3d4a5a22d5|rpc:127.0.0.1:34623|priority:0], old=null, confs=<EMPTY_MAP>
2021-08-10 07:28:51,851 [pool-428-thread-1] INFO  server.RaftServerConfigKeys (ConfUtils.java:logGet(44)) - raft.server.storage.dir = [/home/runner/work/ozone/ozone/hadoop-ozone/integration-test/target/test-dir/MiniOzoneClusterImpl-4c935f51-a36a-4569-b515-a26f7be21e7f/datanode-0/data/ratis] (custom)
2021-08-10 07:28:51,851 [pool-428-thread-1] INFO  server.RaftServerConfigKeys (ConfUtils.java:logGet(44)) - raft.server.log.corruption.policy = EXCEPTION (default)
2021-08-10 07:28:51,851 [pool-428-thread-1] INFO  server.RaftServerConfigKeys (ConfUtils.java:logGet(44)) - raft.server.storage.free-space.min = 0MB (=0) (default)
2021-08-10 07:28:51,851 [pool-428-thread-1] INFO  storage.RaftStorageDirectory (RaftStorageDirectoryImpl.java:analyzeStorage(135)) - The storage directory /home/runner/work/ozone/ozone/hadoop-ozone/integration-test/target/test-dir/MiniOzoneClusterImpl-4c935f51-a36a-4569-b515-a26f7be21e7f/datanode-0/data/ratis/2e5e5323-1d73-4411-bc65-6741513528a8 does not exist. Creating ...
2021-08-10 07:28:51,852 [pool-428-thread-1] INFO  storage.RaftStorageDirectory (RaftStorageDirectoryImpl.java:tryLock(230)) - Lock on /home/runner/work/ozone/ozone/hadoop-ozone/integration-test/target/test-dir/MiniOzoneClusterImpl-4c935f51-a36a-4569-b515-a26f7be21e7f/datanode-0/data/ratis/2e5e5323-1d73-4411-bc65-6741513528a8/in_use.lock acquired by nodename 25326@fv-az270-250
2021-08-10 07:28:51,853 [pool-428-thread-1] INFO  storage.RaftStorage (RaftStorageImpl.java:format(89)) - Storage directory /home/runner/work/ozone/ozone/hadoop-ozone/integration-test/target/test-dir/MiniOzoneClusterImpl-4c935f51-a36a-4569-b515-a26f7be21e7f/datanode-0/data/ratis/2e5e5323-1d73-4411-bc65-6741513528a8 has been successfully formatted.
2021-08-10 07:28:51,854 [pool-428-thread-1] INFO  ratis.ContainerStateMachine (ContainerStateMachine.java:loadSnapshot(223)) - group-6741513528A8: The snapshot info is null. Setting the last applied indexto:(t:0, i:~)
2021-08-10 07:28:51,854 [pool-428-thread-1] INFO  server.RaftServerConfigKeys (ConfUtils.java:logGet(44)) - raft.server.notification.no-leader.timeout = 300s (custom)
2021-08-10 07:28:51,854 [pool-428-thread-1] INFO  server.RaftServerConfigKeys (ConfUtils.java:logGet(44)) - raft.server.log.use.memory = false (default)
2021-08-10 07:28:51,854 [pool-428-thread-1] INFO  server.RaftServerConfigKeys (ConfUtils.java:logGet(44)) - raft.server.log.purge.gap = 1000000 (custom)
2021-08-10 07:28:51,854 [pool-428-thread-1] INFO  server.RaftServerConfigKeys (ConfUtils.java:logGet(44)) - raft.server.log.appender.buffer.byte-limit = 33554432 (custom)
2021-08-10 07:28:51,854 [pool-428-thread-1] INFO  server.RaftServerConfigKeys (ConfUtils.java:logGet(44)) - raft.server.log.segment.size.max = 1048576 (custom)
2021-08-10 07:28:51,855 [pool-428-thread-1] INFO  server.RaftServerConfigKeys (ConfUtils.java:logGet(44)) - raft.server.log.segment.cache.num.max = 2 (custom)
2021-08-10 07:28:51,855 [pool-428-thread-1] INFO  server.RaftServerConfigKeys (ConfUtils.java:logGet(44)) - raft.server.log.segment.cache.size.max = 200MB (=209715200) (default)
2021-08-10 07:28:51,855 [pool-428-thread-1] INFO  segmented.SegmentedRaftLogWorker (SegmentedRaftLogWorker.java:<init>(182)) - new 2d05a1a5-0e76-4538-833f-cc5b981b73a0@group-6741513528A8-SegmentedRaftLogWorker for RaftStorageImpl:Storage Directory /home/runner/work/ozone/ozone/hadoop-ozone/integration-test/target/test-dir/MiniOzoneClusterImpl-4c935f51-a36a-4569-b515-a26f7be21e7f/datanode-0/data/ratis/2e5e5323-1d73-4411-bc65-6741513528a8
2021-08-10 07:28:51,855 [pool-428-thread-1] INFO  server.RaftServerConfigKeys (ConfUtils.java:logGet(44)) - raft.server.log.queue.byte-limit = 2147483647 (custom)
2021-08-10 07:28:51,855 [pool-428-thread-1] INFO  server.RaftServerConfigKeys (ConfUtils.java:logGet(44)) - raft.server.log.queue.element-limit = 1024 (custom)
2021-08-10 07:28:51,855 [pool-428-thread-1] INFO  server.RaftServerConfigKeys (ConfUtils.java:logGet(44)) - raft.server.log.segment.size.max = 1048576 (custom)
2021-08-10 07:28:51,855 [pool-428-thread-1] INFO  server.RaftServerConfigKeys (ConfUtils.java:logGet(44)) - raft.server.log.preallocated.size = 16384 (custom)
2021-08-10 07:28:51,855 [pool-428-thread-1] INFO  server.RaftServerConfigKeys (ConfUtils.java:logGet(44)) - raft.server.log.force.sync.num = 128 (default)
2021-08-10 07:28:51,856 [pool-428-thread-1] INFO  server.RaftServerConfigKeys (ConfUtils.java:logGet(44)) - raft.server.log.statemachine.data.sync = true (default)
2021-08-10 07:28:51,856 [pool-428-thread-1] INFO  server.RaftServerConfigKeys (ConfUtils.java:logGet(44)) - raft.server.log.statemachine.data.sync.timeout = 10s (default)
2021-08-10 07:28:51,856 [pool-428-thread-1] INFO  server.RaftServerConfigKeys (ConfUtils.java:logGet(44)) - raft.server.log.statemachine.data.sync.timeout.retry = -1 (default)
2021-08-10 07:28:51,856 [EventQueue-OpenPipelineForHealthyPipelineSafeModeRule] INFO  safemode.SCMSafeModeManager (HealthyPipelineSafeModeRule.java:process(124)) - SCM in safe mode. Healthy pipelines reported count is 0, required healthy pipeline reported count is 1
2021-08-10 07:28:51,856 [pool-428-thread-1] INFO  server.RaftServerConfigKeys (ConfUtils.java:logGet(44)) - raft.server.log.write.buffer.size = 1048576 (custom)
2021-08-10 07:28:51,857 [pool-428-thread-1] INFO  server.RaftServerConfigKeys (ConfUtils.java:logGet(44)) - raft.server.log.statemachine.data.caching.enabled = true (custom)
2021-08-10 07:28:51,857 [pool-428-thread-1] INFO  segmented.SegmentedRaftLogWorker (SegmentedRaftLogWorker.java:lambda$new$0(133)) - 2d05a1a5-0e76-4538-833f-cc5b981b73a0@group-6741513528A8-SegmentedRaftLogWorker: flushIndex: setUnconditionally 0 -> -1
2021-08-10 07:28:51,857 [pool-428-thread-1] INFO  segmented.SegmentedRaftLogWorker (SegmentedRaftLogWorker.java:lambda$new$0(133)) - 2d05a1a5-0e76-4538-833f-cc5b981b73a0@group-6741513528A8-SegmentedRaftLogWorker: safeCacheEvictIndex: setUnconditionally 0 -> -1
2021-08-10 07:28:51,860 [pool-428-thread-1] INFO  server.RaftServerConfigKeys (ConfUtils.java:logGet(44)) - raft.server.snapshot.auto.trigger.enabled = true (custom)
2021-08-10 07:28:51,860 [pool-428-thread-1] INFO  server.RaftServerConfigKeys (ConfUtils.java:logGet(44)) - raft.server.snapshot.auto.trigger.threshold = 10000 (custom)
2021-08-10 07:28:51,860 [pool-428-thread-1] INFO  server.RaftServerConfigKeys (ConfUtils.java:logGet(44)) - raft.server.snapshot.retention.file.num = 5 (custom)
2021-08-10 07:28:51,860 [pool-428-thread-1] INFO  server.RaftServerConfigKeys (ConfUtils.java:logGet(44)) - raft.server.log.purge.upto.snapshot.index = false (default)
2021-08-10 07:28:51,860 [pool-428-thread-1] INFO  server.RaftServerConfigKeys (ConfUtils.java:logGet(44)) - raft.server.retrycache.expirytime = 600000ms (custom)
2021-08-10 07:28:51,860 [pool-428-thread-1] INFO  server.RaftServerConfigKeys (ConfUtils.java:logGet(44)) - raft.server.retrycache.statistics.expirytime = 100μs (default)
2021-08-10 07:28:51,861 [pool-428-thread-1] INFO  server.RaftServer$Division (RaftServerImpl.java:start(296)) - 2d05a1a5-0e76-4538-833f-cc5b981b73a0@group-6741513528A8: start as a follower, conf=-1: [2d05a1a5-0e76-4538-833f-cc5b981b73a0|rpc:127.0.0.1:45315|priority:1, ffb733bb-4214-438b-9ff2-a6b3cef337b6|rpc:127.0.0.1:41683|priority:0, 8c87d662-2c82-4859-8c2c-fb3d4a5a22d5|rpc:127.0.0.1:34623|priority:0], old=null
2021-08-10 07:28:51,861 [pool-428-thread-1] INFO  server.RaftServer$Division (RaftServerImpl.java:setRole(285)) - 2d05a1a5-0e76-4538-833f-cc5b981b73a0@group-6741513528A8: changes role from      null to FOLLOWER at term 0 for startAsFollower
2021-08-10 07:28:51,861 [pool-428-thread-1] INFO  impl.RoleInfo (RoleInfo.java:updateAndGet(130)) - 2d05a1a5-0e76-4538-833f-cc5b981b73a0: start 2d05a1a5-0e76-4538-833f-cc5b981b73a0@group-6741513528A8-FollowerState
2021-08-10 07:28:51,861 [pool-428-thread-1] INFO  util.JmxRegister (JmxRegister.java:tryRegister(44)) - Successfully registered JMX Bean with object name Ratis:service=RaftServer,group=group-6741513528A8,id=2d05a1a5-0e76-4538-833f-cc5b981b73a0
2021-08-10 07:28:51,862 [Command processor thread] INFO  ratis.XceiverServerRatis (XceiverServerRatis.java:addGroup(759)) - Created group PipelineID=2e5e5323-1d73-4411-bc65-6741513528a8
2021-08-10 07:28:51,887 [grpc-default-executor-2] INFO  server.RaftServer (RaftServerProxy.java:addNew(95)) - 8c87d662-2c82-4859-8c2c-fb3d4a5a22d5: addNew group-6741513528A8:[2d05a1a5-0e76-4538-833f-cc5b981b73a0|rpc:127.0.0.1:45315|dataStream:|priority:1, ffb733bb-4214-438b-9ff2-a6b3cef337b6|rpc:127.0.0.1:41683|dataStream:|priority:0, 8c87d662-2c82-4859-8c2c-fb3d4a5a22d5|rpc:127.0.0.1:34623|dataStream:|priority:0] returns group-6741513528A8:java.util.concurrent.CompletableFuture@4d75df6c[Not completed]
2021-08-10 07:28:51,888 [pool-447-thread-1] INFO  server.RaftServer$Division (RaftServerImpl.java:<init>(181)) - 8c87d662-2c82-4859-8c2c-fb3d4a5a22d5: new RaftServerImpl for group-6741513528A8:[2d05a1a5-0e76-4538-833f-cc5b981b73a0|rpc:127.0.0.1:45315|dataStream:|priority:1, ffb733bb-4214-438b-9ff2-a6b3cef337b6|rpc:127.0.0.1:41683|dataStream:|priority:0, 8c87d662-2c82-4859-8c2c-fb3d4a5a22d5|rpc:127.0.0.1:34623|dataStream:|priority:0] with ContainerStateMachine:uninitialized
2021-08-10 07:28:51,888 [pool-447-thread-1] INFO  server.RaftServerConfigKeys (ConfUtils.java:logGet(44)) - raft.server.rpc.timeout.min = 5s (custom)
2021-08-10 07:28:51,888 [pool-447-thread-1] INFO  server.RaftServerConfigKeys (ConfUtils.java:logGet(44)) - raft.server.rpc.timeout.max = 5200ms (custom)
2021-08-10 07:28:51,888 [pool-447-thread-1] INFO  server.RaftServerConfigKeys (ConfUtils.java:logGet(44)) - raft.server.rpc.sleep.time = 25ms (default)
2021-08-10 07:28:51,888 [pool-447-thread-1] INFO  server.RaftServerConfigKeys (ConfUtils.java:logGet(44)) - raft.server.rpc.slowness.timeout = 300s (custom)
2021-08-10 07:28:51,888 [pool-447-thread-1] INFO  server.RaftServerConfigKeys (ConfUtils.java:logGet(44)) - raft.server.leaderelection.leader.step-down.wait-time = 10s (default)
2021-08-10 07:28:51,888 [pool-447-thread-1] INFO  server.RaftServerConfigKeys (ConfUtils.java:logGet(44)) - raft.server.sleep.deviation.threshold = 300ms (default)
2021-08-10 07:28:51,888 [pool-447-thread-1] INFO  server.RaftServerConfigKeys (ConfUtils.java:logGet(44)) - raft.server.log.appender.install.snapshot.enabled = false (custom)
2021-08-10 07:28:51,888 [pool-447-thread-1] INFO  server.RaftServer$Division (ServerState.java:<init>(105)) - 8c87d662-2c82-4859-8c2c-fb3d4a5a22d5@group-6741513528A8: ConfigurationManager, init=-1: [2d05a1a5-0e76-4538-833f-cc5b981b73a0|rpc:127.0.0.1:45315|dataStream:|priority:1, ffb733bb-4214-438b-9ff2-a6b3cef337b6|rpc:127.0.0.1:41683|dataStream:|priority:0, 8c87d662-2c82-4859-8c2c-fb3d4a5a22d5|rpc:127.0.0.1:34623|dataStream:|priority:0], old=null, confs=<EMPTY_MAP>
2021-08-10 07:28:51,888 [pool-447-thread-1] INFO  server.RaftServerConfigKeys (ConfUtils.java:logGet(44)) - raft.server.storage.dir = [/home/runner/work/ozone/ozone/hadoop-ozone/integration-test/target/test-dir/MiniOzoneClusterImpl-4c935f51-a36a-4569-b515-a26f7be21e7f/datanode-1/data/ratis] (custom)
2021-08-10 07:28:51,888 [pool-447-thread-1] INFO  server.RaftServerConfigKeys (ConfUtils.java:logGet(44)) - raft.server.log.corruption.policy = EXCEPTION (default)
2021-08-10 07:28:51,888 [pool-447-thread-1] INFO  server.RaftServerConfigKeys (ConfUtils.java:logGet(44)) - raft.server.storage.free-space.min = 0MB (=0) (default)
2021-08-10 07:28:51,888 [pool-447-thread-1] INFO  storage.RaftStorageDirectory (RaftStorageDirectoryImpl.java:analyzeStorage(135)) - The storage directory /home/runner/work/ozone/ozone/hadoop-ozone/integration-test/target/test-dir/MiniOzoneClusterImpl-4c935f51-a36a-4569-b515-a26f7be21e7f/datanode-1/data/ratis/2e5e5323-1d73-4411-bc65-6741513528a8 does not exist. Creating ...
2021-08-10 07:28:51,889 [pool-447-thread-1] INFO  storage.RaftStorageDirectory (RaftStorageDirectoryImpl.java:tryLock(230)) - Lock on /home/runner/work/ozone/ozone/hadoop-ozone/integration-test/target/test-dir/MiniOzoneClusterImpl-4c935f51-a36a-4569-b515-a26f7be21e7f/datanode-1/data/ratis/2e5e5323-1d73-4411-bc65-6741513528a8/in_use.lock acquired by nodename 25326@fv-az270-250
2021-08-10 07:28:51,890 [pool-447-thread-1] INFO  storage.RaftStorage (RaftStorageImpl.java:format(89)) - Storage directory /home/runner/work/ozone/ozone/hadoop-ozone/integration-test/target/test-dir/MiniOzoneClusterImpl-4c935f51-a36a-4569-b515-a26f7be21e7f/datanode-1/data/ratis/2e5e5323-1d73-4411-bc65-6741513528a8 has been successfully formatted.
2021-08-10 07:28:51,890 [pool-447-thread-1] INFO  ratis.ContainerStateMachine (ContainerStateMachine.java:loadSnapshot(223)) - group-6741513528A8: The snapshot info is null. Setting the last applied indexto:(t:0, i:~)
2021-08-10 07:28:51,890 [pool-447-thread-1] INFO  server.RaftServerConfigKeys (ConfUtils.java:logGet(44)) - raft.server.notification.no-leader.timeout = 300s (custom)
2021-08-10 07:28:51,890 [pool-447-thread-1] INFO  server.RaftServerConfigKeys (ConfUtils.java:logGet(44)) - raft.server.log.use.memory = false (default)
2021-08-10 07:28:51,890 [pool-447-thread-1] INFO  server.RaftServerConfigKeys (ConfUtils.java:logGet(44)) - raft.server.log.purge.gap = 1000000 (custom)
2021-08-10 07:28:51,890 [pool-447-thread-1] INFO  server.RaftServerConfigKeys (ConfUtils.java:logGet(44)) - raft.server.log.appender.buffer.byte-limit = 33554432 (custom)
2021-08-10 07:28:51,890 [pool-447-thread-1] INFO  server.RaftServerConfigKeys (ConfUtils.java:logGet(44)) - raft.server.log.segment.size.max = 1048576 (custom)
2021-08-10 07:28:51,891 [pool-447-thread-1] INFO  server.RaftServerConfigKeys (ConfUtils.java:logGet(44)) - raft.server.log.segment.cache.num.max = 2 (custom)
2021-08-10 07:28:51,891 [pool-447-thread-1] INFO  server.RaftServerConfigKeys (ConfUtils.java:logGet(44)) - raft.server.log.segment.cache.size.max = 200MB (=209715200) (default)
2021-08-10 07:28:51,891 [pool-447-thread-1] INFO  segmented.SegmentedRaftLogWorker (SegmentedRaftLogWorker.java:<init>(182)) - new 8c87d662-2c82-4859-8c2c-fb3d4a5a22d5@group-6741513528A8-SegmentedRaftLogWorker for RaftStorageImpl:Storage Directory /home/runner/work/ozone/ozone/hadoop-ozone/integration-test/target/test-dir/MiniOzoneClusterImpl-4c935f51-a36a-4569-b515-a26f7be21e7f/datanode-1/data/ratis/2e5e5323-1d73-4411-bc65-6741513528a8
2021-08-10 07:28:51,891 [pool-447-thread-1] INFO  server.RaftServerConfigKeys (ConfUtils.java:logGet(44)) - raft.server.log.queue.byte-limit = 2147483647 (custom)
2021-08-10 07:28:51,891 [pool-447-thread-1] INFO  server.RaftServerConfigKeys (ConfUtils.java:logGet(44)) - raft.server.log.queue.element-limit = 1024 (custom)
2021-08-10 07:28:51,891 [pool-447-thread-1] INFO  server.RaftServerConfigKeys (ConfUtils.java:logGet(44)) - raft.server.log.segment.size.max = 1048576 (custom)
2021-08-10 07:28:51,891 [pool-447-thread-1] INFO  server.RaftServerConfigKeys (ConfUtils.java:logGet(44)) - raft.server.log.preallocated.size = 16384 (custom)
2021-08-10 07:28:51,891 [pool-447-thread-1] INFO  server.RaftServerConfigKeys (ConfUtils.java:logGet(44)) - raft.server.log.force.sync.num = 128 (default)
2021-08-10 07:28:51,891 [pool-447-thread-1] INFO  server.RaftServerConfigKeys (ConfUtils.java:logGet(44)) - raft.server.log.statemachine.data.sync = true (default)
2021-08-10 07:28:51,891 [pool-447-thread-1] INFO  server.RaftServerConfigKeys (ConfUtils.java:logGet(44)) - raft.server.log.statemachine.data.sync.timeout = 10s (default)
2021-08-10 07:28:51,891 [pool-447-thread-1] INFO  server.RaftServerConfigKeys (ConfUtils.java:logGet(44)) - raft.server.log.statemachine.data.sync.timeout.retry = -1 (default)
2021-08-10 07:28:51,892 [pool-447-thread-1] INFO  server.RaftServerConfigKeys (ConfUtils.java:logGet(44)) - raft.server.log.write.buffer.size = 1048576 (custom)
2021-08-10 07:28:51,892 [pool-447-thread-1] INFO  server.RaftServerConfigKeys (ConfUtils.java:logGet(44)) - raft.server.log.statemachine.data.caching.enabled = true (custom)
2021-08-10 07:28:51,892 [pool-447-thread-1] INFO  segmented.SegmentedRaftLogWorker (SegmentedRaftLogWorker.java:lambda$new$0(133)) - 8c87d662-2c82-4859-8c2c-fb3d4a5a22d5@group-6741513528A8-SegmentedRaftLogWorker: flushIndex: setUnconditionally 0 -> -1
2021-08-10 07:28:51,892 [pool-447-thread-1] INFO  segmented.SegmentedRaftLogWorker (SegmentedRaftLogWorker.java:lambda$new$0(133)) - 8c87d662-2c82-4859-8c2c-fb3d4a5a22d5@group-6741513528A8-SegmentedRaftLogWorker: safeCacheEvictIndex: setUnconditionally 0 -> -1
2021-08-10 07:28:51,892 [Datanode State Machine Thread - 0] WARN  statemachine.StateContext (StateContext.java:execute(621)) - No available thread in pool for past 1 seconds.
2021-08-10 07:28:51,910 [pool-447-thread-1] INFO  server.RaftServerConfigKeys (ConfUtils.java:logGet(44)) - raft.server.snapshot.auto.trigger.enabled = true (custom)
2021-08-10 07:28:51,910 [pool-447-thread-1] INFO  server.RaftServerConfigKeys (ConfUtils.java:logGet(44)) - raft.server.snapshot.auto.trigger.threshold = 10000 (custom)
2021-08-10 07:28:51,910 [pool-447-thread-1] INFO  server.RaftServerConfigKeys (ConfUtils.java:logGet(44)) - raft.server.snapshot.retention.file.num = 5 (custom)
2021-08-10 07:28:51,910 [pool-447-thread-1] INFO  server.RaftServerConfigKeys (ConfUtils.java:logGet(44)) - raft.server.log.purge.upto.snapshot.index = false (default)
2021-08-10 07:28:51,910 [pool-447-thread-1] INFO  server.RaftServerConfigKeys (ConfUtils.java:logGet(44)) - raft.server.retrycache.expirytime = 600000ms (custom)
2021-08-10 07:28:51,910 [pool-447-thread-1] INFO  server.RaftServerConfigKeys (ConfUtils.java:logGet(44)) - raft.server.retrycache.statistics.expirytime = 100μs (default)
2021-08-10 07:28:51,911 [pool-447-thread-1] INFO  server.RaftServer$Division (RaftServerImpl.java:start(296)) - 8c87d662-2c82-4859-8c2c-fb3d4a5a22d5@group-6741513528A8: start as a follower, conf=-1: [2d05a1a5-0e76-4538-833f-cc5b981b73a0|rpc:127.0.0.1:45315|dataStream:|priority:1, ffb733bb-4214-438b-9ff2-a6b3cef337b6|rpc:127.0.0.1:41683|dataStream:|priority:0, 8c87d662-2c82-4859-8c2c-fb3d4a5a22d5|rpc:127.0.0.1:34623|dataStream:|priority:0], old=null
2021-08-10 07:28:51,911 [pool-447-thread-1] INFO  server.RaftServer$Division (RaftServerImpl.java:setRole(285)) - 8c87d662-2c82-4859-8c2c-fb3d4a5a22d5@group-6741513528A8: changes role from      null to FOLLOWER at term 0 for startAsFollower
2021-08-10 07:28:51,911 [pool-447-thread-1] INFO  impl.RoleInfo (RoleInfo.java:updateAndGet(130)) - 8c87d662-2c82-4859-8c2c-fb3d4a5a22d5: start 8c87d662-2c82-4859-8c2c-fb3d4a5a22d5@group-6741513528A8-FollowerState
2021-08-10 07:28:51,920 [pool-447-thread-1] INFO  util.JmxRegister (JmxRegister.java:tryRegister(44)) - Successfully registered JMX Bean with object name Ratis:service=RaftServer,group=group-6741513528A8,id=8c87d662-2c82-4859-8c2c-fb3d4a5a22d5
2021-08-10 07:28:51,934 [Command processor thread] INFO  server.RaftServer (RaftServerProxy.java:addNew(95)) - 8c87d662-2c82-4859-8c2c-fb3d4a5a22d5: addNew group-850764818030:[8c87d662-2c82-4859-8c2c-fb3d4a5a22d5|rpc:127.0.0.1:34623|priority:1] returns group-850764818030:java.util.concurrent.CompletableFuture@2fab8e16[Not completed]
2021-08-10 07:28:51,940 [pool-447-thread-1] INFO  server.RaftServer$Division (RaftServerImpl.java:<init>(181)) - 8c87d662-2c82-4859-8c2c-fb3d4a5a22d5: new RaftServerImpl for group-850764818030:[8c87d662-2c82-4859-8c2c-fb3d4a5a22d5|rpc:127.0.0.1:34623|priority:1] with ContainerStateMachine:uninitialized
2021-08-10 07:28:51,940 [pool-447-thread-1] INFO  server.RaftServerConfigKeys (ConfUtils.java:logGet(44)) - raft.server.rpc.timeout.min = 5s (custom)
2021-08-10 07:28:51,940 [pool-447-thread-1] INFO  server.RaftServerConfigKeys (ConfUtils.java:logGet(44)) - raft.server.rpc.timeout.max = 5200ms (custom)
2021-08-10 07:28:51,940 [pool-447-thread-1] INFO  server.RaftServerConfigKeys (ConfUtils.java:logGet(44)) - raft.server.rpc.sleep.time = 25ms (default)
2021-08-10 07:28:51,940 [pool-447-thread-1] INFO  server.RaftServerConfigKeys (ConfUtils.java:logGet(44)) - raft.server.rpc.slowness.timeout = 300s (custom)
2021-08-10 07:28:51,940 [pool-447-thread-1] INFO  server.RaftServerConfigKeys (ConfUtils.java:logGet(44)) - raft.server.leaderelection.leader.step-down.wait-time = 10s (default)
2021-08-10 07:28:51,941 [pool-447-thread-1] INFO  server.RaftServerConfigKeys (ConfUtils.java:logGet(44)) - raft.server.sleep.deviation.threshold = 300ms (default)
2021-08-10 07:28:51,941 [pool-447-thread-1] INFO  server.RaftServerConfigKeys (ConfUtils.java:logGet(44)) - raft.server.log.appender.install.snapshot.enabled = false (custom)
2021-08-10 07:28:51,941 [pool-447-thread-1] INFO  server.RaftServer$Division (ServerState.java:<init>(105)) - 8c87d662-2c82-4859-8c2c-fb3d4a5a22d5@group-850764818030: ConfigurationManager, init=-1: [8c87d662-2c82-4859-8c2c-fb3d4a5a22d5|rpc:127.0.0.1:34623|priority:1], old=null, confs=<EMPTY_MAP>
2021-08-10 07:28:51,941 [pool-447-thread-1] INFO  server.RaftServerConfigKeys (ConfUtils.java:logGet(44)) - raft.server.storage.dir = [/home/runner/work/ozone/ozone/hadoop-ozone/integration-test/target/test-dir/MiniOzoneClusterImpl-4c935f51-a36a-4569-b515-a26f7be21e7f/datanode-1/data/ratis] (custom)
2021-08-10 07:28:51,941 [pool-447-thread-1] INFO  server.RaftServerConfigKeys (ConfUtils.java:logGet(44)) - raft.server.log.corruption.policy = EXCEPTION (default)
2021-08-10 07:28:51,941 [pool-447-thread-1] INFO  server.RaftServerConfigKeys (ConfUtils.java:logGet(44)) - raft.server.storage.free-space.min = 0MB (=0) (default)
2021-08-10 07:28:51,941 [pool-447-thread-1] INFO  storage.RaftStorageDirectory (RaftStorageDirectoryImpl.java:analyzeStorage(135)) - The storage directory /home/runner/work/ozone/ozone/hadoop-ozone/integration-test/target/test-dir/MiniOzoneClusterImpl-4c935f51-a36a-4569-b515-a26f7be21e7f/datanode-1/data/ratis/b7efb7e1-d518-498b-be7f-850764818030 does not exist. Creating ...
2021-08-10 07:28:51,942 [pool-447-thread-1] INFO  storage.RaftStorageDirectory (RaftStorageDirectoryImpl.java:tryLock(230)) - Lock on /home/runner/work/ozone/ozone/hadoop-ozone/integration-test/target/test-dir/MiniOzoneClusterImpl-4c935f51-a36a-4569-b515-a26f7be21e7f/datanode-1/data/ratis/b7efb7e1-d518-498b-be7f-850764818030/in_use.lock acquired by nodename 25326@fv-az270-250
2021-08-10 07:28:51,944 [pool-447-thread-1] INFO  storage.RaftStorage (RaftStorageImpl.java:format(89)) - Storage directory /home/runner/work/ozone/ozone/hadoop-ozone/integration-test/target/test-dir/MiniOzoneClusterImpl-4c935f51-a36a-4569-b515-a26f7be21e7f/datanode-1/data/ratis/b7efb7e1-d518-498b-be7f-850764818030 has been successfully formatted.
2021-08-10 07:28:51,944 [Datanode State Machine Thread - 0] WARN  statemachine.StateContext (StateContext.java:execute(621)) - No available thread in pool for past 1 seconds.
2021-08-10 07:28:51,944 [pool-447-thread-1] INFO  ratis.ContainerStateMachine (ContainerStateMachine.java:loadSnapshot(223)) - group-850764818030: The snapshot info is null. Setting the last applied indexto:(t:0, i:~)
2021-08-10 07:28:51,944 [pool-447-thread-1] INFO  server.RaftServerConfigKeys (ConfUtils.java:logGet(44)) - raft.server.notification.no-leader.timeout = 300s (custom)
2021-08-10 07:28:51,944 [pool-447-thread-1] INFO  server.RaftServerConfigKeys (ConfUtils.java:logGet(44)) - raft.server.log.use.memory = false (default)
2021-08-10 07:28:51,944 [pool-447-thread-1] INFO  server.RaftServerConfigKeys (ConfUtils.java:logGet(44)) - raft.server.log.purge.gap = 1000000 (custom)
2021-08-10 07:28:51,944 [pool-447-thread-1] INFO  server.RaftServerConfigKeys (ConfUtils.java:logGet(44)) - raft.server.log.appender.buffer.byte-limit = 33554432 (custom)
2021-08-10 07:28:51,944 [pool-447-thread-1] INFO  server.RaftServerConfigKeys (ConfUtils.java:logGet(44)) - raft.server.log.segment.size.max = 1048576 (custom)
2021-08-10 07:28:51,945 [EventQueue-PipelineReportForPipelineReportHandler] INFO  pipeline.PipelineManagerV2Impl (PipelineManagerV2Impl.java:openPipeline(283)) - Pipeline Pipeline[ Id: b7efb7e1-d518-498b-be7f-850764818030, Nodes: 8c87d662-2c82-4859-8c2c-fb3d4a5a22d5{ip: 127.0.0.1, host: localhost, ports: [REPLICATION=41501, RATIS=34623, RATIS_ADMIN=34623, RATIS_SERVER=34623, STANDALONE=44325], networkLocation: /default-rack, certSerialId: null, persistedOpState: IN_SERVICE, persistedOpStateExpiryEpochSec: 0}, ReplicationConfig: RATIS/ONE, State:ALLOCATED, leaderId:8c87d662-2c82-4859-8c2c-fb3d4a5a22d5, CreationTimestamp2021-08-10T07:28:48.949Z[Etc/UTC]] moved to OPEN state
2021-08-10 07:28:51,945 [pool-447-thread-1] INFO  server.RaftServerConfigKeys (ConfUtils.java:logGet(44)) - raft.server.log.segment.cache.num.max = 2 (custom)
2021-08-10 07:28:51,945 [pool-447-thread-1] INFO  server.RaftServerConfigKeys (ConfUtils.java:logGet(44)) - raft.server.log.segment.cache.size.max = 200MB (=209715200) (default)
2021-08-10 07:28:51,945 [pool-447-thread-1] INFO  segmented.SegmentedRaftLogWorker (SegmentedRaftLogWorker.java:<init>(182)) - new 8c87d662-2c82-4859-8c2c-fb3d4a5a22d5@group-850764818030-SegmentedRaftLogWorker for RaftStorageImpl:Storage Directory /home/runner/work/ozone/ozone/hadoop-ozone/integration-test/target/test-dir/MiniOzoneClusterImpl-4c935f51-a36a-4569-b515-a26f7be21e7f/datanode-1/data/ratis/b7efb7e1-d518-498b-be7f-850764818030
2021-08-10 07:28:51,945 [pool-447-thread-1] INFO  server.RaftServerConfigKeys (ConfUtils.java:logGet(44)) - raft.server.log.queue.byte-limit = 2147483647 (custom)
2021-08-10 07:28:51,945 [pool-447-thread-1] INFO  server.RaftServerConfigKeys (ConfUtils.java:logGet(44)) - raft.server.log.queue.element-limit = 1024 (custom)
2021-08-10 07:28:51,945 [pool-447-thread-1] INFO  server.RaftServerConfigKeys (ConfUtils.java:logGet(44)) - raft.server.log.segment.size.max = 1048576 (custom)
2021-08-10 07:28:51,945 [pool-447-thread-1] INFO  server.RaftServerConfigKeys (ConfUtils.java:logGet(44)) - raft.server.log.preallocated.size = 16384 (custom)
2021-08-10 07:28:51,945 [pool-447-thread-1] INFO  server.RaftServerConfigKeys (ConfUtils.java:logGet(44)) - raft.server.log.force.sync.num = 128 (default)
2021-08-10 07:28:51,945 [pool-447-thread-1] INFO  server.RaftServerConfigKeys (ConfUtils.java:logGet(44)) - raft.server.log.statemachine.data.sync = true (default)
2021-08-10 07:28:51,945 [pool-447-thread-1] INFO  server.RaftServerConfigKeys (ConfUtils.java:logGet(44)) - raft.server.log.statemachine.data.sync.timeout = 10s (default)
2021-08-10 07:28:51,946 [pool-447-thread-1] INFO  server.RaftServerConfigKeys (ConfUtils.java:logGet(44)) - raft.server.log.statemachine.data.sync.timeout.retry = -1 (default)
2021-08-10 07:28:51,946 [pool-447-thread-1] INFO  server.RaftServerConfigKeys (ConfUtils.java:logGet(44)) - raft.server.log.write.buffer.size = 1048576 (custom)
2021-08-10 07:28:51,946 [8ca6ee1f-9342-4413-9dac-77381ef541ed@group-A26F7BE21E7F-StateMachineUpdater] INFO  safemode.HealthyPipelineSafeModeRule (HealthyPipelineSafeModeRule.java:initializeRule(152)) - Refreshed total pipeline count is 0, healthy pipeline threshold count is 1
2021-08-10 07:28:51,950 [EventQueue-PipelineReportForPipelineReportHandler] INFO  ha.SCMHAInvocationHandler (SCMHAInvocationHandler.java:invokeRatis(113)) - Invoking method public abstract void org.apache.hadoop.hdds.scm.pipeline.StateManager.updatePipelineState(org.apache.hadoop.hdds.protocol.proto.HddsProtos$PipelineID,org.apache.hadoop.hdds.protocol.proto.HddsProtos$PipelineState) throws java.io.IOException on target org.apache.hadoop.hdds.scm.ha.SCMRatisServerImpl@2d62c3c0, cost 4901.938us
2021-08-10 07:28:51,950 [EventQueue-OpenPipelineForHealthyPipelineSafeModeRule] INFO  safemode.SCMSafeModeManager (HealthyPipelineSafeModeRule.java:process(124)) - SCM in safe mode. Healthy pipelines reported count is 0, required healthy pipeline reported count is 1
2021-08-10 07:28:51,950 [pool-447-thread-1] INFO  server.RaftServerConfigKeys (ConfUtils.java:logGet(44)) - raft.server.log.statemachine.data.caching.enabled = true (custom)
2021-08-10 07:28:51,950 [pool-447-thread-1] INFO  segmented.SegmentedRaftLogWorker (SegmentedRaftLogWorker.java:lambda$new$0(133)) - 8c87d662-2c82-4859-8c2c-fb3d4a5a22d5@group-850764818030-SegmentedRaftLogWorker: flushIndex: setUnconditionally 0 -> -1
2021-08-10 07:28:51,950 [pool-447-thread-1] INFO  segmented.SegmentedRaftLogWorker (SegmentedRaftLogWorker.java:lambda$new$0(133)) - 8c87d662-2c82-4859-8c2c-fb3d4a5a22d5@group-850764818030-SegmentedRaftLogWorker: safeCacheEvictIndex: setUnconditionally 0 -> -1
2021-08-10 07:28:51,961 [pool-447-thread-1] INFO  server.RaftServerConfigKeys (ConfUtils.java:logGet(44)) - raft.server.snapshot.auto.trigger.enabled = true (custom)
2021-08-10 07:28:51,961 [pool-447-thread-1] INFO  server.RaftServerConfigKeys (ConfUtils.java:logGet(44)) - raft.server.snapshot.auto.trigger.threshold = 10000 (custom)
2021-08-10 07:28:51,961 [pool-447-thread-1] INFO  server.RaftServerConfigKeys (ConfUtils.java:logGet(44)) - raft.server.snapshot.retention.file.num = 5 (custom)
2021-08-10 07:28:51,961 [pool-447-thread-1] INFO  server.RaftServerConfigKeys (ConfUtils.java:logGet(44)) - raft.server.log.purge.upto.snapshot.index = false (default)
2021-08-10 07:28:51,961 [pool-447-thread-1] INFO  server.RaftServerConfigKeys (ConfUtils.java:logGet(44)) - raft.server.retrycache.expirytime = 600000ms (custom)
2021-08-10 07:28:51,961 [pool-447-thread-1] INFO  server.RaftServerConfigKeys (ConfUtils.java:logGet(44)) - raft.server.retrycache.statistics.expirytime = 100μs (default)
2021-08-10 07:28:51,962 [pool-447-thread-1] INFO  server.RaftServer$Division (RaftServerImpl.java:start(296)) - 8c87d662-2c82-4859-8c2c-fb3d4a5a22d5@group-850764818030: start as a follower, conf=-1: [8c87d662-2c82-4859-8c2c-fb3d4a5a22d5|rpc:127.0.0.1:34623|priority:1], old=null
2021-08-10 07:28:51,962 [pool-447-thread-1] INFO  server.RaftServer$Division (RaftServerImpl.java:setRole(285)) - 8c87d662-2c82-4859-8c2c-fb3d4a5a22d5@group-850764818030: changes role from      null to FOLLOWER at term 0 for startAsFollower
2021-08-10 07:28:51,962 [pool-447-thread-1] INFO  impl.RoleInfo (RoleInfo.java:updateAndGet(130)) - 8c87d662-2c82-4859-8c2c-fb3d4a5a22d5: start 8c87d662-2c82-4859-8c2c-fb3d4a5a22d5@group-850764818030-FollowerState
2021-08-10 07:28:51,986 [pool-447-thread-1] INFO  util.JmxRegister (JmxRegister.java:tryRegister(44)) - Successfully registered JMX Bean with object name Ratis:service=RaftServer,group=group-850764818030,id=8c87d662-2c82-4859-8c2c-fb3d4a5a22d5
2021-08-10 07:28:52,002 [Command processor thread] INFO  ratis.XceiverServerRatis (XceiverServerRatis.java:addGroup(759)) - Created group PipelineID=b7efb7e1-d518-498b-be7f-850764818030
2021-08-10 07:28:52,002 [Command processor thread] INFO  commandhandler.CreatePipelineCommandHandler (CreatePipelineCommandHandler.java:handle(106)) - Created Pipeline RATIS ONE PipelineID=b7efb7e1-d518-498b-be7f-850764818030.
2021-08-10 07:28:52,057 [grpc-default-executor-2] INFO  server.RaftServer (RaftServerProxy.java:addNew(95)) - ffb733bb-4214-438b-9ff2-a6b3cef337b6: addNew group-6741513528A8:[2d05a1a5-0e76-4538-833f-cc5b981b73a0|rpc:127.0.0.1:45315|dataStream:|priority:1, ffb733bb-4214-438b-9ff2-a6b3cef337b6|rpc:127.0.0.1:41683|dataStream:|priority:0, 8c87d662-2c82-4859-8c2c-fb3d4a5a22d5|rpc:127.0.0.1:34623|dataStream:|priority:0] returns group-6741513528A8:java.util.concurrent.CompletableFuture@6ecf5b47[Not completed]
2021-08-10 07:28:52,059 [pool-466-thread-1] INFO  server.RaftServer$Division (RaftServerImpl.java:<init>(181)) - ffb733bb-4214-438b-9ff2-a6b3cef337b6: new RaftServerImpl for group-6741513528A8:[2d05a1a5-0e76-4538-833f-cc5b981b73a0|rpc:127.0.0.1:45315|dataStream:|priority:1, ffb733bb-4214-438b-9ff2-a6b3cef337b6|rpc:127.0.0.1:41683|dataStream:|priority:0, 8c87d662-2c82-4859-8c2c-fb3d4a5a22d5|rpc:127.0.0.1:34623|dataStream:|priority:0] with ContainerStateMachine:uninitialized
2021-08-10 07:28:52,059 [pool-466-thread-1] INFO  server.RaftServerConfigKeys (ConfUtils.java:logGet(44)) - raft.server.rpc.timeout.min = 5s (custom)
2021-08-10 07:28:52,059 [pool-466-thread-1] INFO  server.RaftServerConfigKeys (ConfUtils.java:logGet(44)) - raft.server.rpc.timeout.max = 5200ms (custom)
2021-08-10 07:28:52,059 [pool-466-thread-1] INFO  server.RaftServerConfigKeys (ConfUtils.java:logGet(44)) - raft.server.rpc.sleep.time = 25ms (default)
2021-08-10 07:28:52,059 [pool-466-thread-1] INFO  server.RaftServerConfigKeys (ConfUtils.java:logGet(44)) - raft.server.rpc.slowness.timeout = 300s (custom)
2021-08-10 07:28:52,059 [pool-466-thread-1] INFO  server.RaftServerConfigKeys (ConfUtils.java:logGet(44)) - raft.server.leaderelection.leader.step-down.wait-time = 10s (default)
2021-08-10 07:28:52,060 [pool-466-thread-1] INFO  server.RaftServerConfigKeys (ConfUtils.java:logGet(44)) - raft.server.sleep.deviation.threshold = 300ms (default)
2021-08-10 07:28:52,060 [pool-466-thread-1] INFO  server.RaftServerConfigKeys (ConfUtils.java:logGet(44)) - raft.server.log.appender.install.snapshot.enabled = false (custom)
2021-08-10 07:28:52,060 [pool-466-thread-1] INFO  server.RaftServer$Division (ServerState.java:<init>(105)) - ffb733bb-4214-438b-9ff2-a6b3cef337b6@group-6741513528A8: ConfigurationManager, init=-1: [2d05a1a5-0e76-4538-833f-cc5b981b73a0|rpc:127.0.0.1:45315|dataStream:|priority:1, ffb733bb-4214-438b-9ff2-a6b3cef337b6|rpc:127.0.0.1:41683|dataStream:|priority:0, 8c87d662-2c82-4859-8c2c-fb3d4a5a22d5|rpc:127.0.0.1:34623|dataStream:|priority:0], old=null, confs=<EMPTY_MAP>
2021-08-10 07:28:52,060 [pool-466-thread-1] INFO  server.RaftServerConfigKeys (ConfUtils.java:logGet(44)) - raft.server.storage.dir = [/home/runner/work/ozone/ozone/hadoop-ozone/integration-test/target/test-dir/MiniOzoneClusterImpl-4c935f51-a36a-4569-b515-a26f7be21e7f/datanode-2/data/ratis] (custom)
2021-08-10 07:28:52,060 [pool-466-thread-1] INFO  server.RaftServerConfigKeys (ConfUtils.java:logGet(44)) - raft.server.log.corruption.policy = EXCEPTION (default)
2021-08-10 07:28:52,060 [pool-466-thread-1] INFO  server.RaftServerConfigKeys (ConfUtils.java:logGet(44)) - raft.server.storage.free-space.min = 0MB (=0) (default)
2021-08-10 07:28:52,060 [pool-466-thread-1] INFO  storage.RaftStorageDirectory (RaftStorageDirectoryImpl.java:analyzeStorage(135)) - The storage directory /home/runner/work/ozone/ozone/hadoop-ozone/integration-test/target/test-dir/MiniOzoneClusterImpl-4c935f51-a36a-4569-b515-a26f7be21e7f/datanode-2/data/ratis/2e5e5323-1d73-4411-bc65-6741513528a8 does not exist. Creating ...
2021-08-10 07:28:52,061 [pool-466-thread-1] INFO  storage.RaftStorageDirectory (RaftStorageDirectoryImpl.java:tryLock(230)) - Lock on /home/runner/work/ozone/ozone/hadoop-ozone/integration-test/target/test-dir/MiniOzoneClusterImpl-4c935f51-a36a-4569-b515-a26f7be21e7f/datanode-2/data/ratis/2e5e5323-1d73-4411-bc65-6741513528a8/in_use.lock acquired by nodename 25326@fv-az270-250
2021-08-10 07:28:52,067 [pool-466-thread-1] INFO  storage.RaftStorage (RaftStorageImpl.java:format(89)) - Storage directory /home/runner/work/ozone/ozone/hadoop-ozone/integration-test/target/test-dir/MiniOzoneClusterImpl-4c935f51-a36a-4569-b515-a26f7be21e7f/datanode-2/data/ratis/2e5e5323-1d73-4411-bc65-6741513528a8 has been successfully formatted.
2021-08-10 07:28:52,067 [pool-466-thread-1] INFO  ratis.ContainerStateMachine (ContainerStateMachine.java:loadSnapshot(223)) - group-6741513528A8: The snapshot info is null. Setting the last applied indexto:(t:0, i:~)
2021-08-10 07:28:52,067 [pool-466-thread-1] INFO  server.RaftServerConfigKeys (ConfUtils.java:logGet(44)) - raft.server.notification.no-leader.timeout = 300s (custom)
2021-08-10 07:28:52,067 [Datanode State Machine Thread - 0] WARN  statemachine.StateContext (StateContext.java:execute(621)) - No available thread in pool for past 1 seconds.
2021-08-10 07:28:52,067 [pool-466-thread-1] INFO  server.RaftServerConfigKeys (ConfUtils.java:logGet(44)) - raft.server.log.use.memory = false (default)
2021-08-10 07:28:52,067 [pool-466-thread-1] INFO  server.RaftServerConfigKeys (ConfUtils.java:logGet(44)) - raft.server.log.purge.gap = 1000000 (custom)
2021-08-10 07:28:52,067 [pool-466-thread-1] INFO  server.RaftServerConfigKeys (ConfUtils.java:logGet(44)) - raft.server.log.appender.buffer.byte-limit = 33554432 (custom)
2021-08-10 07:28:52,068 [pool-466-thread-1] INFO  server.RaftServerConfigKeys (ConfUtils.java:logGet(44)) - raft.server.log.segment.size.max = 1048576 (custom)
2021-08-10 07:28:52,069 [pool-466-thread-1] INFO  server.RaftServerConfigKeys (ConfUtils.java:logGet(44)) - raft.server.log.segment.cache.num.max = 2 (custom)
2021-08-10 07:28:52,069 [pool-466-thread-1] INFO  server.RaftServerConfigKeys (ConfUtils.java:logGet(44)) - raft.server.log.segment.cache.size.max = 200MB (=209715200) (default)
2021-08-10 07:28:52,069 [pool-466-thread-1] INFO  segmented.SegmentedRaftLogWorker (SegmentedRaftLogWorker.java:<init>(182)) - new ffb733bb-4214-438b-9ff2-a6b3cef337b6@group-6741513528A8-SegmentedRaftLogWorker for RaftStorageImpl:Storage Directory /home/runner/work/ozone/ozone/hadoop-ozone/integration-test/target/test-dir/MiniOzoneClusterImpl-4c935f51-a36a-4569-b515-a26f7be21e7f/datanode-2/data/ratis/2e5e5323-1d73-4411-bc65-6741513528a8
2021-08-10 07:28:52,069 [pool-466-thread-1] INFO  server.RaftServerConfigKeys (ConfUtils.java:logGet(44)) - raft.server.log.queue.byte-limit = 2147483647 (custom)
2021-08-10 07:28:52,069 [pool-466-thread-1] INFO  server.RaftServerConfigKeys (ConfUtils.java:logGet(44)) - raft.server.log.queue.element-limit = 1024 (custom)
2021-08-10 07:28:52,069 [pool-466-thread-1] INFO  server.RaftServerConfigKeys (ConfUtils.java:logGet(44)) - raft.server.log.segment.size.max = 1048576 (custom)
2021-08-10 07:28:52,069 [pool-466-thread-1] INFO  server.RaftServerConfigKeys (ConfUtils.java:logGet(44)) - raft.server.log.preallocated.size = 16384 (custom)
2021-08-10 07:28:52,069 [pool-466-thread-1] INFO  server.RaftServerConfigKeys (ConfUtils.java:logGet(44)) - raft.server.log.force.sync.num = 128 (default)
2021-08-10 07:28:52,069 [pool-466-thread-1] INFO  server.RaftServerConfigKeys (ConfUtils.java:logGet(44)) - raft.server.log.statemachine.data.sync = true (default)
2021-08-10 07:28:52,069 [pool-466-thread-1] INFO  server.RaftServerConfigKeys (ConfUtils.java:logGet(44)) - raft.server.log.statemachine.data.sync.timeout = 10s (default)
2021-08-10 07:28:52,069 [pool-466-thread-1] INFO  server.RaftServerConfigKeys (ConfUtils.java:logGet(44)) - raft.server.log.statemachine.data.sync.timeout.retry = -1 (default)
2021-08-10 07:28:52,070 [pool-466-thread-1] INFO  server.RaftServerConfigKeys (ConfUtils.java:logGet(44)) - raft.server.log.write.buffer.size = 1048576 (custom)
2021-08-10 07:28:52,075 [pool-466-thread-1] INFO  server.RaftServerConfigKeys (ConfUtils.java:logGet(44)) - raft.server.log.statemachine.data.caching.enabled = true (custom)
2021-08-10 07:28:52,075 [pool-466-thread-1] INFO  segmented.SegmentedRaftLogWorker (SegmentedRaftLogWorker.java:lambda$new$0(133)) - ffb733bb-4214-438b-9ff2-a6b3cef337b6@group-6741513528A8-SegmentedRaftLogWorker: flushIndex: setUnconditionally 0 -> -1
2021-08-10 07:28:52,075 [pool-466-thread-1] INFO  segmented.SegmentedRaftLogWorker (SegmentedRaftLogWorker.java:lambda$new$0(133)) - ffb733bb-4214-438b-9ff2-a6b3cef337b6@group-6741513528A8-SegmentedRaftLogWorker: safeCacheEvictIndex: setUnconditionally 0 -> -1
2021-08-10 07:28:52,087 [pool-466-thread-1] INFO  server.RaftServerConfigKeys (ConfUtils.java:logGet(44)) - raft.server.snapshot.auto.trigger.enabled = true (custom)
2021-08-10 07:28:52,087 [pool-466-thread-1] INFO  server.RaftServerConfigKeys (ConfUtils.java:logGet(44)) - raft.server.snapshot.auto.trigger.threshold = 10000 (custom)
2021-08-10 07:28:52,087 [pool-466-thread-1] INFO  server.RaftServerConfigKeys (ConfUtils.java:logGet(44)) - raft.server.snapshot.retention.file.num = 5 (custom)
2021-08-10 07:28:52,087 [pool-466-thread-1] INFO  server.RaftServerConfigKeys (ConfUtils.java:logGet(44)) - raft.server.log.purge.upto.snapshot.index = false (default)
2021-08-10 07:28:52,087 [pool-466-thread-1] INFO  server.RaftServerConfigKeys (ConfUtils.java:logGet(44)) - raft.server.retrycache.expirytime = 600000ms (custom)
2021-08-10 07:28:52,087 [pool-466-thread-1] INFO  server.RaftServerConfigKeys (ConfUtils.java:logGet(44)) - raft.server.retrycache.statistics.expirytime = 100μs (default)
2021-08-10 07:28:52,088 [pool-466-thread-1] INFO  server.RaftServer$Division (RaftServerImpl.java:start(296)) - ffb733bb-4214-438b-9ff2-a6b3cef337b6@group-6741513528A8: start as a follower, conf=-1: [2d05a1a5-0e76-4538-833f-cc5b981b73a0|rpc:127.0.0.1:45315|dataStream:|priority:1, ffb733bb-4214-438b-9ff2-a6b3cef337b6|rpc:127.0.0.1:41683|dataStream:|priority:0, 8c87d662-2c82-4859-8c2c-fb3d4a5a22d5|rpc:127.0.0.1:34623|dataStream:|priority:0], old=null
2021-08-10 07:28:52,088 [pool-466-thread-1] INFO  server.RaftServer$Division (RaftServerImpl.java:setRole(285)) - ffb733bb-4214-438b-9ff2-a6b3cef337b6@group-6741513528A8: changes role from      null to FOLLOWER at term 0 for startAsFollower
2021-08-10 07:28:52,088 [pool-466-thread-1] INFO  impl.RoleInfo (RoleInfo.java:updateAndGet(130)) - ffb733bb-4214-438b-9ff2-a6b3cef337b6: start ffb733bb-4214-438b-9ff2-a6b3cef337b6@group-6741513528A8-FollowerState
2021-08-10 07:28:52,095 [pool-466-thread-1] INFO  util.JmxRegister (JmxRegister.java:tryRegister(44)) - Successfully registered JMX Bean with object name Ratis:service=RaftServer,group=group-6741513528A8,id=ffb733bb-4214-438b-9ff2-a6b3cef337b6
2021-08-10 07:28:52,120 [Command processor thread] INFO  commandhandler.CreatePipelineCommandHandler (CreatePipelineCommandHandler.java:handle(106)) - Created Pipeline RATIS THREE PipelineID=2e5e5323-1d73-4411-bc65-6741513528a8.
2021-08-10 07:28:52,417 [Listener at 127.0.0.1/11816] INFO  ozone.MiniOzoneClusterImpl (MiniOzoneClusterImpl.java:lambda$waitForClusterToBeReady$0(235)) - Nodes are ready. Got 3 of 3 DN Heartbeats.
2021-08-10 07:28:52,418 [Listener at 127.0.0.1/11816] INFO  ozone.MiniOzoneClusterImpl (MiniOzoneClusterImpl.java:lambda$waitForClusterToBeReady$0(238)) - Waiting for cluster to exit safe mode
2021-08-10 07:28:52,418 [Listener at 127.0.0.1/11816] INFO  ozone.MiniOzoneClusterImpl (MiniOzoneClusterImpl.java:lambda$waitForClusterToBeReady$0(240)) - SCM became leader
2021-08-10 07:28:52,478 [Command processor thread] INFO  server.RaftServer (RaftServerProxy.java:addNew(95)) - ffb733bb-4214-438b-9ff2-a6b3cef337b6: addNew group-01B3767AAB5D:[ffb733bb-4214-438b-9ff2-a6b3cef337b6|rpc:127.0.0.1:41683|priority:1] returns group-01B3767AAB5D:java.util.concurrent.CompletableFuture@21abfb85[Not completed]
2021-08-10 07:28:52,479 [pool-466-thread-1] INFO  server.RaftServer$Division (RaftServerImpl.java:<init>(181)) - ffb733bb-4214-438b-9ff2-a6b3cef337b6: new RaftServerImpl for group-01B3767AAB5D:[ffb733bb-4214-438b-9ff2-a6b3cef337b6|rpc:127.0.0.1:41683|priority:1] with ContainerStateMachine:uninitialized
2021-08-10 07:28:52,479 [pool-466-thread-1] INFO  server.RaftServerConfigKeys (ConfUtils.java:logGet(44)) - raft.server.rpc.timeout.min = 5s (custom)
2021-08-10 07:28:52,479 [pool-466-thread-1] INFO  server.RaftServerConfigKeys (ConfUtils.java:logGet(44)) - raft.server.rpc.timeout.max = 5200ms (custom)
2021-08-10 07:28:52,479 [pool-466-thread-1] INFO  server.RaftServerConfigKeys (ConfUtils.java:logGet(44)) - raft.server.rpc.sleep.time = 25ms (default)
2021-08-10 07:28:52,479 [pool-466-thread-1] INFO  server.RaftServerConfigKeys (ConfUtils.java:logGet(44)) - raft.server.rpc.slowness.timeout = 300s (custom)
2021-08-10 07:28:52,479 [pool-466-thread-1] INFO  server.RaftServerConfigKeys (ConfUtils.java:logGet(44)) - raft.server.leaderelection.leader.step-down.wait-time = 10s (default)
2021-08-10 07:28:52,479 [pool-466-thread-1] INFO  server.RaftServerConfigKeys (ConfUtils.java:logGet(44)) - raft.server.sleep.deviation.threshold = 300ms (default)
2021-08-10 07:28:52,479 [pool-466-thread-1] INFO  server.RaftServerConfigKeys (ConfUtils.java:logGet(44)) - raft.server.log.appender.install.snapshot.enabled = false (custom)
2021-08-10 07:28:52,479 [pool-466-thread-1] INFO  server.RaftServer$Division (ServerState.java:<init>(105)) - ffb733bb-4214-438b-9ff2-a6b3cef337b6@group-01B3767AAB5D: ConfigurationManager, init=-1: [ffb733bb-4214-438b-9ff2-a6b3cef337b6|rpc:127.0.0.1:41683|priority:1], old=null, confs=<EMPTY_MAP>
2021-08-10 07:28:52,479 [pool-466-thread-1] INFO  server.RaftServerConfigKeys (ConfUtils.java:logGet(44)) - raft.server.storage.dir = [/home/runner/work/ozone/ozone/hadoop-ozone/integration-test/target/test-dir/MiniOzoneClusterImpl-4c935f51-a36a-4569-b515-a26f7be21e7f/datanode-2/data/ratis] (custom)
2021-08-10 07:28:52,479 [pool-466-thread-1] INFO  server.RaftServerConfigKeys (ConfUtils.java:logGet(44)) - raft.server.log.corruption.policy = EXCEPTION (default)
2021-08-10 07:28:52,479 [pool-466-thread-1] INFO  server.RaftServerConfigKeys (ConfUtils.java:logGet(44)) - raft.server.storage.free-space.min = 0MB (=0) (default)
2021-08-10 07:28:52,479 [pool-466-thread-1] INFO  storage.RaftStorageDirectory (RaftStorageDirectoryImpl.java:analyzeStorage(135)) - The storage directory /home/runner/work/ozone/ozone/hadoop-ozone/integration-test/target/test-dir/MiniOzoneClusterImpl-4c935f51-a36a-4569-b515-a26f7be21e7f/datanode-2/data/ratis/df47f92d-d853-4816-b5de-01b3767aab5d does not exist. Creating ...
2021-08-10 07:28:52,482 [pool-466-thread-1] INFO  storage.RaftStorageDirectory (RaftStorageDirectoryImpl.java:tryLock(230)) - Lock on /home/runner/work/ozone/ozone/hadoop-ozone/integration-test/target/test-dir/MiniOzoneClusterImpl-4c935f51-a36a-4569-b515-a26f7be21e7f/datanode-2/data/ratis/df47f92d-d853-4816-b5de-01b3767aab5d/in_use.lock acquired by nodename 25326@fv-az270-250
2021-08-10 07:28:52,484 [pool-466-thread-1] INFO  storage.RaftStorage (RaftStorageImpl.java:format(89)) - Storage directory /home/runner/work/ozone/ozone/hadoop-ozone/integration-test/target/test-dir/MiniOzoneClusterImpl-4c935f51-a36a-4569-b515-a26f7be21e7f/datanode-2/data/ratis/df47f92d-d853-4816-b5de-01b3767aab5d has been successfully formatted.
2021-08-10 07:28:52,484 [pool-466-thread-1] INFO  ratis.ContainerStateMachine (ContainerStateMachine.java:loadSnapshot(223)) - group-01B3767AAB5D: The snapshot info is null. Setting the last applied indexto:(t:0, i:~)
2021-08-10 07:28:52,485 [pool-466-thread-1] INFO  server.RaftServerConfigKeys (ConfUtils.java:logGet(44)) - raft.server.notification.no-leader.timeout = 300s (custom)
2021-08-10 07:28:52,485 [Datanode State Machine Thread - 0] WARN  statemachine.StateContext (StateContext.java:execute(621)) - No available thread in pool for past 1 seconds.
2021-08-10 07:28:52,485 [pool-466-thread-1] INFO  server.RaftServerConfigKeys (ConfUtils.java:logGet(44)) - raft.server.log.use.memory = false (default)
2021-08-10 07:28:52,485 [pool-466-thread-1] INFO  server.RaftServerConfigKeys (ConfUtils.java:logGet(44)) - raft.server.log.purge.gap = 1000000 (custom)
2021-08-10 07:28:52,485 [pool-466-thread-1] INFO  server.RaftServerConfigKeys (ConfUtils.java:logGet(44)) - raft.server.log.appender.buffer.byte-limit = 33554432 (custom)
2021-08-10 07:28:52,485 [pool-466-thread-1] INFO  server.RaftServerConfigKeys (ConfUtils.java:logGet(44)) - raft.server.log.segment.size.max = 1048576 (custom)
2021-08-10 07:28:52,486 [pool-466-thread-1] INFO  server.RaftServerConfigKeys (ConfUtils.java:logGet(44)) - raft.server.log.segment.cache.num.max = 2 (custom)
2021-08-10 07:28:52,486 [pool-466-thread-1] INFO  server.RaftServerConfigKeys (ConfUtils.java:logGet(44)) - raft.server.log.segment.cache.size.max = 200MB (=209715200) (default)
2021-08-10 07:28:52,486 [pool-466-thread-1] INFO  segmented.SegmentedRaftLogWorker (SegmentedRaftLogWorker.java:<init>(182)) - new ffb733bb-4214-438b-9ff2-a6b3cef337b6@group-01B3767AAB5D-SegmentedRaftLogWorker for RaftStorageImpl:Storage Directory /home/runner/work/ozone/ozone/hadoop-ozone/integration-test/target/test-dir/MiniOzoneClusterImpl-4c935f51-a36a-4569-b515-a26f7be21e7f/datanode-2/data/ratis/df47f92d-d853-4816-b5de-01b3767aab5d
2021-08-10 07:28:52,486 [pool-466-thread-1] INFO  server.RaftServerConfigKeys (ConfUtils.java:logGet(44)) - raft.server.log.queue.byte-limit = 2147483647 (custom)
2021-08-10 07:28:52,486 [pool-466-thread-1] INFO  server.RaftServerConfigKeys (ConfUtils.java:logGet(44)) - raft.server.log.queue.element-limit = 1024 (custom)
2021-08-10 07:28:52,486 [pool-466-thread-1] INFO  server.RaftServerConfigKeys (ConfUtils.java:logGet(44)) - raft.server.log.segment.size.max = 1048576 (custom)
2021-08-10 07:28:52,486 [pool-466-thread-1] INFO  server.RaftServerConfigKeys (ConfUtils.java:logGet(44)) - raft.server.log.preallocated.size = 16384 (custom)
2021-08-10 07:28:52,486 [EventQueue-PipelineReportForPipelineReportHandler] INFO  pipeline.PipelineManagerV2Impl (PipelineManagerV2Impl.java:openPipeline(283)) - Pipeline Pipeline[ Id: df47f92d-d853-4816-b5de-01b3767aab5d, Nodes: ffb733bb-4214-438b-9ff2-a6b3cef337b6{ip: 127.0.0.1, host: localhost, ports: [REPLICATION=44813, RATIS=41683, RATIS_ADMIN=41683, RATIS_SERVER=41683, STANDALONE=34575], networkLocation: /default-rack, certSerialId: null, persistedOpState: IN_SERVICE, persistedOpStateExpiryEpochSec: 0}, ReplicationConfig: RATIS/ONE, State:ALLOCATED, leaderId:ffb733bb-4214-438b-9ff2-a6b3cef337b6, CreationTimestamp2021-08-10T07:28:49.483Z[Etc/UTC]] moved to OPEN state
2021-08-10 07:28:52,486 [pool-466-thread-1] INFO  server.RaftServerConfigKeys (ConfUtils.java:logGet(44)) - raft.server.log.force.sync.num = 128 (default)
2021-08-10 07:28:52,487 [pool-466-thread-1] INFO  server.RaftServerConfigKeys (ConfUtils.java:logGet(44)) - raft.server.log.statemachine.data.sync = true (default)
2021-08-10 07:28:52,487 [pool-466-thread-1] INFO  server.RaftServerConfigKeys (ConfUtils.java:logGet(44)) - raft.server.log.statemachine.data.sync.timeout = 10s (default)
2021-08-10 07:28:52,487 [pool-466-thread-1] INFO  server.RaftServerConfigKeys (ConfUtils.java:logGet(44)) - raft.server.log.statemachine.data.sync.timeout.retry = -1 (default)
2021-08-10 07:28:52,487 [pool-466-thread-1] INFO  server.RaftServerConfigKeys (ConfUtils.java:logGet(44)) - raft.server.log.write.buffer.size = 1048576 (custom)
2021-08-10 07:28:52,488 [pool-466-thread-1] INFO  server.RaftServerConfigKeys (ConfUtils.java:logGet(44)) - raft.server.log.statemachine.data.caching.enabled = true (custom)
2021-08-10 07:28:52,488 [8ca6ee1f-9342-4413-9dac-77381ef541ed@group-A26F7BE21E7F-StateMachineUpdater] INFO  safemode.HealthyPipelineSafeModeRule (HealthyPipelineSafeModeRule.java:initializeRule(152)) - Refreshed total pipeline count is 0, healthy pipeline threshold count is 1
2021-08-10 07:28:52,489 [EventQueue-PipelineReportForPipelineReportHandler] INFO  ha.SCMHAInvocationHandler (SCMHAInvocationHandler.java:invokeRatis(113)) - Invoking method public abstract void org.apache.hadoop.hdds.scm.pipeline.StateManager.updatePipelineState(org.apache.hadoop.hdds.protocol.proto.HddsProtos$PipelineID,org.apache.hadoop.hdds.protocol.proto.HddsProtos$PipelineState) throws java.io.IOException on target org.apache.hadoop.hdds.scm.ha.SCMRatisServerImpl@2d62c3c0, cost 3188.525us
2021-08-10 07:28:52,489 [EventQueue-OpenPipelineForHealthyPipelineSafeModeRule] INFO  safemode.SCMSafeModeManager (HealthyPipelineSafeModeRule.java:process(124)) - SCM in safe mode. Healthy pipelines reported count is 0, required healthy pipeline reported count is 1
2021-08-10 07:28:52,488 [pool-466-thread-1] INFO  segmented.SegmentedRaftLogWorker (SegmentedRaftLogWorker.java:lambda$new$0(133)) - ffb733bb-4214-438b-9ff2-a6b3cef337b6@group-01B3767AAB5D-SegmentedRaftLogWorker: flushIndex: setUnconditionally 0 -> -1
2021-08-10 07:28:52,489 [pool-466-thread-1] INFO  segmented.SegmentedRaftLogWorker (SegmentedRaftLogWorker.java:lambda$new$0(133)) - ffb733bb-4214-438b-9ff2-a6b3cef337b6@group-01B3767AAB5D-SegmentedRaftLogWorker: safeCacheEvictIndex: setUnconditionally 0 -> -1
2021-08-10 07:28:52,489 [pool-466-thread-1] INFO  server.RaftServerConfigKeys (ConfUtils.java:logGet(44)) - raft.server.snapshot.auto.trigger.enabled = true (custom)
2021-08-10 07:28:52,489 [pool-466-thread-1] INFO  server.RaftServerConfigKeys (ConfUtils.java:logGet(44)) - raft.server.snapshot.auto.trigger.threshold = 10000 (custom)
2021-08-10 07:28:52,489 [pool-466-thread-1] INFO  server.RaftServerConfigKeys (ConfUtils.java:logGet(44)) - raft.server.snapshot.retention.file.num = 5 (custom)
2021-08-10 07:28:52,489 [pool-466-thread-1] INFO  server.RaftServerConfigKeys (ConfUtils.java:logGet(44)) - raft.server.log.purge.upto.snapshot.index = false (default)
2021-08-10 07:28:52,489 [pool-466-thread-1] INFO  server.RaftServerConfigKeys (ConfUtils.java:logGet(44)) - raft.server.retrycache.expirytime = 600000ms (custom)
2021-08-10 07:28:52,490 [pool-466-thread-1] INFO  server.RaftServerConfigKeys (ConfUtils.java:logGet(44)) - raft.server.retrycache.statistics.expirytime = 100μs (default)
2021-08-10 07:28:52,490 [pool-466-thread-1] INFO  server.RaftServer$Division (RaftServerImpl.java:start(296)) - ffb733bb-4214-438b-9ff2-a6b3cef337b6@group-01B3767AAB5D: start as a follower, conf=-1: [ffb733bb-4214-438b-9ff2-a6b3cef337b6|rpc:127.0.0.1:41683|priority:1], old=null
2021-08-10 07:28:52,490 [pool-466-thread-1] INFO  server.RaftServer$Division (RaftServerImpl.java:setRole(285)) - ffb733bb-4214-438b-9ff2-a6b3cef337b6@group-01B3767AAB5D: changes role from      null to FOLLOWER at term 0 for startAsFollower
2021-08-10 07:28:52,490 [pool-466-thread-1] INFO  impl.RoleInfo (RoleInfo.java:updateAndGet(130)) - ffb733bb-4214-438b-9ff2-a6b3cef337b6: start ffb733bb-4214-438b-9ff2-a6b3cef337b6@group-01B3767AAB5D-FollowerState
2021-08-10 07:28:52,491 [pool-466-thread-1] INFO  util.JmxRegister (JmxRegister.java:tryRegister(44)) - Successfully registered JMX Bean with object name Ratis:service=RaftServer,group=group-01B3767AAB5D,id=ffb733bb-4214-438b-9ff2-a6b3cef337b6
2021-08-10 07:28:52,493 [Command processor thread] INFO  ratis.XceiverServerRatis (XceiverServerRatis.java:addGroup(759)) - Created group PipelineID=df47f92d-d853-4816-b5de-01b3767aab5d
2021-08-10 07:28:52,493 [Command processor thread] INFO  commandhandler.CreatePipelineCommandHandler (CreatePipelineCommandHandler.java:handle(106)) - Created Pipeline RATIS ONE PipelineID=df47f92d-d853-4816-b5de-01b3767aab5d.
2021-08-10 07:28:52,581 [EndpointStateMachine task thread for /127.0.0.1:15917 - 0 ] INFO  ipc.Client (Client.java:handleConnectionFailure(977)) - Retrying connect to server: localhost/127.0.0.1:15917. Already tried 9 time(s); retry policy is RetryUpToMaximumCountWithFixedSleep(maxRetries=15, sleepTime=1000 MILLISECONDS)
2021-08-10 07:28:52,584 [EndpointStateMachine task thread for /127.0.0.1:13049 - 0 ] INFO  ipc.Client (Client.java:handleConnectionFailure(977)) - Retrying connect to server: localhost/127.0.0.1:13049. Already tried 8 time(s); retry policy is RetryUpToMaximumCountWithFixedSleep(maxRetries=15, sleepTime=1000 MILLISECONDS)
2021-08-10 07:28:53,418 [Listener at 127.0.0.1/11816] INFO  ozone.MiniOzoneClusterImpl (MiniOzoneClusterImpl.java:lambda$waitForClusterToBeReady$0(235)) - Nodes are ready. Got 3 of 3 DN Heartbeats.
2021-08-10 07:28:53,418 [Listener at 127.0.0.1/11816] INFO  ozone.MiniOzoneClusterImpl (MiniOzoneClusterImpl.java:lambda$waitForClusterToBeReady$0(238)) - Waiting for cluster to exit safe mode
2021-08-10 07:28:53,418 [Listener at 127.0.0.1/11816] INFO  ozone.MiniOzoneClusterImpl (MiniOzoneClusterImpl.java:lambda$waitForClusterToBeReady$0(240)) - SCM became leader
2021-08-10 07:28:53,582 [EndpointStateMachine task thread for /127.0.0.1:15917 - 0 ] INFO  ipc.Client (Client.java:handleConnectionFailure(977)) - Retrying connect to server: localhost/127.0.0.1:15917. Already tried 10 time(s); retry policy is RetryUpToMaximumCountWithFixedSleep(maxRetries=15, sleepTime=1000 MILLISECONDS)
2021-08-10 07:28:53,585 [EndpointStateMachine task thread for /127.0.0.1:13049 - 0 ] INFO  ipc.Client (Client.java:handleConnectionFailure(977)) - Retrying connect to server: localhost/127.0.0.1:13049. Already tried 9 time(s); retry policy is RetryUpToMaximumCountWithFixedSleep(maxRetries=15, sleepTime=1000 MILLISECONDS)
2021-08-10 07:28:54,418 [Listener at 127.0.0.1/11816] INFO  ozone.MiniOzoneClusterImpl (MiniOzoneClusterImpl.java:lambda$waitForClusterToBeReady$0(235)) - Nodes are ready. Got 3 of 3 DN Heartbeats.
2021-08-10 07:28:54,418 [Listener at 127.0.0.1/11816] INFO  ozone.MiniOzoneClusterImpl (MiniOzoneClusterImpl.java:lambda$waitForClusterToBeReady$0(238)) - Waiting for cluster to exit safe mode
2021-08-10 07:28:54,418 [Listener at 127.0.0.1/11816] INFO  ozone.MiniOzoneClusterImpl (MiniOzoneClusterImpl.java:lambda$waitForClusterToBeReady$0(240)) - SCM became leader
2021-08-10 07:28:54,582 [EndpointStateMachine task thread for /127.0.0.1:15917 - 0 ] INFO  ipc.Client (Client.java:handleConnectionFailure(977)) - Retrying connect to server: localhost/127.0.0.1:15917. Already tried 11 time(s); retry policy is RetryUpToMaximumCountWithFixedSleep(maxRetries=15, sleepTime=1000 MILLISECONDS)
2021-08-10 07:28:54,585 [EndpointStateMachine task thread for /127.0.0.1:13049 - 0 ] INFO  ipc.Client (Client.java:handleConnectionFailure(977)) - Retrying connect to server: localhost/127.0.0.1:13049. Already tried 10 time(s); retry policy is RetryUpToMaximumCountWithFixedSleep(maxRetries=15, sleepTime=1000 MILLISECONDS)
2021-08-10 07:28:55,419 [Listener at 127.0.0.1/11816] INFO  ozone.MiniOzoneClusterImpl (MiniOzoneClusterImpl.java:lambda$waitForClusterToBeReady$0(235)) - Nodes are ready. Got 3 of 3 DN Heartbeats.
2021-08-10 07:28:55,419 [Listener at 127.0.0.1/11816] INFO  ozone.MiniOzoneClusterImpl (MiniOzoneClusterImpl.java:lambda$waitForClusterToBeReady$0(238)) - Waiting for cluster to exit safe mode
2021-08-10 07:28:55,419 [Listener at 127.0.0.1/11816] INFO  ozone.MiniOzoneClusterImpl (MiniOzoneClusterImpl.java:lambda$waitForClusterToBeReady$0(240)) - SCM became leader
2021-08-10 07:28:55,583 [EndpointStateMachine task thread for /127.0.0.1:15917 - 0 ] INFO  ipc.Client (Client.java:handleConnectionFailure(977)) - Retrying connect to server: localhost/127.0.0.1:15917. Already tried 12 time(s); retry policy is RetryUpToMaximumCountWithFixedSleep(maxRetries=15, sleepTime=1000 MILLISECONDS)
2021-08-10 07:28:55,585 [EndpointStateMachine task thread for /127.0.0.1:13049 - 0 ] INFO  ipc.Client (Client.java:handleConnectionFailure(977)) - Retrying connect to server: localhost/127.0.0.1:13049. Already tried 11 time(s); retry policy is RetryUpToMaximumCountWithFixedSleep(maxRetries=15, sleepTime=1000 MILLISECONDS)
2021-08-10 07:28:56,419 [Listener at 127.0.0.1/11816] INFO  ozone.MiniOzoneClusterImpl (MiniOzoneClusterImpl.java:lambda$waitForClusterToBeReady$0(235)) - Nodes are ready. Got 3 of 3 DN Heartbeats.
2021-08-10 07:28:56,419 [Listener at 127.0.0.1/11816] INFO  ozone.MiniOzoneClusterImpl (MiniOzoneClusterImpl.java:lambda$waitForClusterToBeReady$0(238)) - Waiting for cluster to exit safe mode
2021-08-10 07:28:56,419 [Listener at 127.0.0.1/11816] INFO  ozone.MiniOzoneClusterImpl (MiniOzoneClusterImpl.java:lambda$waitForClusterToBeReady$0(240)) - SCM became leader
2021-08-10 07:28:56,583 [EndpointStateMachine task thread for /127.0.0.1:15917 - 0 ] INFO  ipc.Client (Client.java:handleConnectionFailure(977)) - Retrying connect to server: localhost/127.0.0.1:15917. Already tried 13 time(s); retry policy is RetryUpToMaximumCountWithFixedSleep(maxRetries=15, sleepTime=1000 MILLISECONDS)
2021-08-10 07:28:56,586 [EndpointStateMachine task thread for /127.0.0.1:13049 - 0 ] INFO  ipc.Client (Client.java:handleConnectionFailure(977)) - Retrying connect to server: localhost/127.0.0.1:13049. Already tried 12 time(s); retry policy is RetryUpToMaximumCountWithFixedSleep(maxRetries=15, sleepTime=1000 MILLISECONDS)
2021-08-10 07:28:56,674 [2d05a1a5-0e76-4538-833f-cc5b981b73a0@group-68BFCD394EFA-FollowerState] INFO  impl.FollowerState (FollowerState.java:run(134)) - 2d05a1a5-0e76-4538-833f-cc5b981b73a0@group-68BFCD394EFA-FollowerState: change to CANDIDATE, lastRpcElapsedTime:5003863311ns, electionTimeout:5003ms
2021-08-10 07:28:56,675 [2d05a1a5-0e76-4538-833f-cc5b981b73a0@group-68BFCD394EFA-FollowerState] INFO  impl.RoleInfo (RoleInfo.java:shutdownFollowerState(108)) - 2d05a1a5-0e76-4538-833f-cc5b981b73a0: shutdown 2d05a1a5-0e76-4538-833f-cc5b981b73a0@group-68BFCD394EFA-FollowerState
2021-08-10 07:28:56,675 [2d05a1a5-0e76-4538-833f-cc5b981b73a0@group-68BFCD394EFA-FollowerState] INFO  server.RaftServer$Division (RaftServerImpl.java:setRole(285)) - 2d05a1a5-0e76-4538-833f-cc5b981b73a0@group-68BFCD394EFA: changes role from  FOLLOWER to CANDIDATE at term 0 for changeToCandidate
2021-08-10 07:28:56,675 [2d05a1a5-0e76-4538-833f-cc5b981b73a0@group-68BFCD394EFA-FollowerState] INFO  server.RaftServerConfigKeys (ConfUtils.java:logGet(44)) - raft.server.leaderelection.pre-vote = false (custom)
2021-08-10 07:28:56,675 [2d05a1a5-0e76-4538-833f-cc5b981b73a0@group-68BFCD394EFA-FollowerState] INFO  impl.RoleInfo (RoleInfo.java:updateAndGet(130)) - 2d05a1a5-0e76-4538-833f-cc5b981b73a0: start 2d05a1a5-0e76-4538-833f-cc5b981b73a0@group-68BFCD394EFA-LeaderElection28
2021-08-10 07:28:56,685 [2d05a1a5-0e76-4538-833f-cc5b981b73a0@group-F789553E3107-FollowerState] INFO  impl.FollowerState (FollowerState.java:run(134)) - 2d05a1a5-0e76-4538-833f-cc5b981b73a0@group-F789553E3107-FollowerState: change to CANDIDATE, lastRpcElapsedTime:5053726903ns, electionTimeout:5033ms
2021-08-10 07:28:56,685 [2d05a1a5-0e76-4538-833f-cc5b981b73a0@group-F789553E3107-FollowerState] INFO  impl.RoleInfo (RoleInfo.java:shutdownFollowerState(108)) - 2d05a1a5-0e76-4538-833f-cc5b981b73a0: shutdown 2d05a1a5-0e76-4538-833f-cc5b981b73a0@group-F789553E3107-FollowerState
2021-08-10 07:28:56,685 [2d05a1a5-0e76-4538-833f-cc5b981b73a0@group-F789553E3107-FollowerState] INFO  server.RaftServer$Division (RaftServerImpl.java:setRole(285)) - 2d05a1a5-0e76-4538-833f-cc5b981b73a0@group-F789553E3107: changes role from  FOLLOWER to CANDIDATE at term 0 for changeToCandidate
2021-08-10 07:28:56,685 [2d05a1a5-0e76-4538-833f-cc5b981b73a0@group-F789553E3107-FollowerState] INFO  server.RaftServerConfigKeys (ConfUtils.java:logGet(44)) - raft.server.leaderelection.pre-vote = false (custom)
2021-08-10 07:28:56,685 [2d05a1a5-0e76-4538-833f-cc5b981b73a0@group-F789553E3107-FollowerState] INFO  impl.RoleInfo (RoleInfo.java:updateAndGet(130)) - 2d05a1a5-0e76-4538-833f-cc5b981b73a0: start 2d05a1a5-0e76-4538-833f-cc5b981b73a0@group-F789553E3107-LeaderElection29
2021-08-10 07:28:56,690 [2d05a1a5-0e76-4538-833f-cc5b981b73a0@group-68BFCD394EFA-LeaderElection28] INFO  impl.LeaderElection (LeaderElection.java:askForVotes(306)) - 2d05a1a5-0e76-4538-833f-cc5b981b73a0@group-68BFCD394EFA-LeaderElection28 ELECTION round 0: submit vote requests at term 1 for -1: [2d05a1a5-0e76-4538-833f-cc5b981b73a0|rpc:127.0.0.1:45315|priority:0, ffb733bb-4214-438b-9ff2-a6b3cef337b6|rpc:127.0.0.1:41683|priority:0, 8c87d662-2c82-4859-8c2c-fb3d4a5a22d5|rpc:127.0.0.1:34623|priority:1], old=null
2021-08-10 07:28:56,709 [2d05a1a5-0e76-4538-833f-cc5b981b73a0@group-F789553E3107-LeaderElection29] INFO  impl.LeaderElection (LeaderElection.java:askForVotes(306)) - 2d05a1a5-0e76-4538-833f-cc5b981b73a0@group-F789553E3107-LeaderElection29 ELECTION round 0: submit vote requests at term 1 for -1: [2d05a1a5-0e76-4538-833f-cc5b981b73a0|rpc:127.0.0.1:45315|priority:1], old=null
2021-08-10 07:28:56,709 [2d05a1a5-0e76-4538-833f-cc5b981b73a0@group-F789553E3107-LeaderElection29] INFO  impl.LeaderElection (LeaderElection.java:askForVotes(308)) - 2d05a1a5-0e76-4538-833f-cc5b981b73a0@group-F789553E3107-LeaderElection29 ELECTION round 0: result PASSED (term=1)
2021-08-10 07:28:56,709 [2d05a1a5-0e76-4538-833f-cc5b981b73a0@group-F789553E3107-LeaderElection29] INFO  impl.RoleInfo (RoleInfo.java:shutdownLeaderElection(121)) - 2d05a1a5-0e76-4538-833f-cc5b981b73a0: shutdown 2d05a1a5-0e76-4538-833f-cc5b981b73a0@group-F789553E3107-LeaderElection29
2021-08-10 07:28:56,709 [2d05a1a5-0e76-4538-833f-cc5b981b73a0@group-F789553E3107-LeaderElection29] INFO  server.RaftServer$Division (RaftServerImpl.java:setRole(285)) - 2d05a1a5-0e76-4538-833f-cc5b981b73a0@group-F789553E3107: changes role from CANDIDATE to LEADER at term 1 for changeToLeader
2021-08-10 07:28:56,709 [2d05a1a5-0e76-4538-833f-cc5b981b73a0@group-F789553E3107-LeaderElection29] INFO  ratis.XceiverServerRatis (XceiverServerRatis.java:handleLeaderChangedNotification(857)) - Leader change notification received for group: group-F789553E3107 with new leaderId: 2d05a1a5-0e76-4538-833f-cc5b981b73a0
2021-08-10 07:28:56,709 [2d05a1a5-0e76-4538-833f-cc5b981b73a0@group-F789553E3107-LeaderElection29] INFO  server.RaftServer$Division (ServerState.java:setLeader(285)) - 2d05a1a5-0e76-4538-833f-cc5b981b73a0@group-F789553E3107: change Leader from null to 2d05a1a5-0e76-4538-833f-cc5b981b73a0 at term 1 for becomeLeader, leader elected after 5098ms
2021-08-10 07:28:56,710 [2d05a1a5-0e76-4538-833f-cc5b981b73a0@group-F789553E3107-LeaderElection29] INFO  server.RaftServerConfigKeys (ConfUtils.java:logGet(44)) - raft.server.staging.catchup.gap = 1000 (default)
2021-08-10 07:28:56,710 [2d05a1a5-0e76-4538-833f-cc5b981b73a0@group-F789553E3107-LeaderElection29] INFO  server.RaftServerConfigKeys (ConfUtils.java:logGet(44)) - raft.server.write.element-limit = 1024 (custom)
2021-08-10 07:28:56,710 [2d05a1a5-0e76-4538-833f-cc5b981b73a0@group-F789553E3107-LeaderElection29] INFO  server.RaftServerConfigKeys (ConfUtils.java:logGet(44)) - raft.server.write.byte-limit = 1073741824 (custom)
2021-08-10 07:28:56,713 [2d05a1a5-0e76-4538-833f-cc5b981b73a0@group-F789553E3107-LeaderElection29] INFO  server.RaftServerConfigKeys (ConfUtils.java:logGet(44)) - raft.server.watch.timeout = 180s (custom)
2021-08-10 07:28:56,713 [2d05a1a5-0e76-4538-833f-cc5b981b73a0@group-F789553E3107-LeaderElection29] INFO  server.RaftServerConfigKeys (ConfUtils.java:logGet(44)) - raft.server.watch.timeout.denomination = 1s (default)
2021-08-10 07:28:56,713 [2d05a1a5-0e76-4538-833f-cc5b981b73a0@group-F789553E3107-LeaderElection29] INFO  server.RaftServerConfigKeys (ConfUtils.java:logGet(44)) - raft.server.watch.element-limit = 65536 (default)
2021-08-10 07:28:56,713 [2d05a1a5-0e76-4538-833f-cc5b981b73a0@group-F789553E3107-LeaderElection29] INFO  impl.RoleInfo (RoleInfo.java:updateAndGet(130)) - 2d05a1a5-0e76-4538-833f-cc5b981b73a0: start 2d05a1a5-0e76-4538-833f-cc5b981b73a0@group-F789553E3107-LeaderStateImpl
2021-08-10 07:28:56,713 [Datanode State Machine Thread - 0] WARN  statemachine.StateContext (StateContext.java:execute(621)) - No available thread in pool for past 1 seconds.
2021-08-10 07:28:56,713 [2d05a1a5-0e76-4538-833f-cc5b981b73a0@group-F789553E3107-LeaderElection29] INFO  segmented.SegmentedRaftLogWorker (SegmentedRaftLogWorker.java:startLogSegment(394)) - 2d05a1a5-0e76-4538-833f-cc5b981b73a0@group-F789553E3107-SegmentedRaftLogWorker: Starting segment from index:0
2021-08-10 07:28:56,715 [EventQueue-OpenPipelineForHealthyPipelineSafeModeRule] INFO  safemode.SCMSafeModeManager (HealthyPipelineSafeModeRule.java:process(124)) - SCM in safe mode. Healthy pipelines reported count is 0, required healthy pipeline reported count is 1
2021-08-10 07:28:56,715 [2d05a1a5-0e76-4538-833f-cc5b981b73a0@group-F789553E3107-SegmentedRaftLogWorker] INFO  segmented.SegmentedRaftLogWorker (SegmentedRaftLogWorker.java:execute(601)) - 2d05a1a5-0e76-4538-833f-cc5b981b73a0@group-F789553E3107-SegmentedRaftLogWorker: created new log segment /home/runner/work/ozone/ozone/hadoop-ozone/integration-test/target/test-dir/MiniOzoneClusterImpl-4c935f51-a36a-4569-b515-a26f7be21e7f/datanode-0/data/ratis/46bc84d1-34ec-47a8-b46e-f789553e3107/current/log_inprogress_0
2021-08-10 07:28:56,736 [2d05a1a5-0e76-4538-833f-cc5b981b73a0@group-F789553E3107-LeaderElection29] INFO  server.RaftServer$Division (ServerState.java:setRaftConf(387)) - 2d05a1a5-0e76-4538-833f-cc5b981b73a0@group-F789553E3107: set configuration 0: [2d05a1a5-0e76-4538-833f-cc5b981b73a0|rpc:127.0.0.1:45315|dataStream:|priority:1], old=null
2021-08-10 07:28:56,736 [grpc-default-executor-4] INFO  server.RaftServer$Division (RaftServerImpl.java:requestVote(1043)) - ffb733bb-4214-438b-9ff2-a6b3cef337b6@group-68BFCD394EFA: receive requestVote(ELECTION, 2d05a1a5-0e76-4538-833f-cc5b981b73a0, group-68BFCD394EFA, 1, (t:0, i:0))
2021-08-10 07:28:56,737 [grpc-default-executor-4] INFO  impl.VoteContext (VoteContext.java:log(48)) - ffb733bb-4214-438b-9ff2-a6b3cef337b6@group-68BFCD394EFA-FOLLOWER: accept ELECTION from 2d05a1a5-0e76-4538-833f-cc5b981b73a0: our priority 0 <= candidate's priority 0
2021-08-10 07:28:56,737 [grpc-default-executor-4] INFO  server.RaftServer$Division (RaftServerImpl.java:setRole(285)) - ffb733bb-4214-438b-9ff2-a6b3cef337b6@group-68BFCD394EFA: changes role from  FOLLOWER to FOLLOWER at term 1 for candidate:2d05a1a5-0e76-4538-833f-cc5b981b73a0
2021-08-10 07:28:56,737 [grpc-default-executor-4] INFO  impl.RoleInfo (RoleInfo.java:shutdownFollowerState(108)) - ffb733bb-4214-438b-9ff2-a6b3cef337b6: shutdown ffb733bb-4214-438b-9ff2-a6b3cef337b6@group-68BFCD394EFA-FollowerState
2021-08-10 07:28:56,737 [grpc-default-executor-4] INFO  impl.RoleInfo (RoleInfo.java:updateAndGet(130)) - ffb733bb-4214-438b-9ff2-a6b3cef337b6: start ffb733bb-4214-438b-9ff2-a6b3cef337b6@group-68BFCD394EFA-FollowerState
2021-08-10 07:28:56,737 [ffb733bb-4214-438b-9ff2-a6b3cef337b6@group-68BFCD394EFA-FollowerState] INFO  impl.FollowerState (FollowerState.java:run(143)) - ffb733bb-4214-438b-9ff2-a6b3cef337b6@group-68BFCD394EFA-FollowerState was interrupted: {}
java.lang.InterruptedException: sleep interrupted
	at java.lang.Thread.sleep(Native Method)
	at java.lang.Thread.sleep(Thread.java:340)
	at java.util.concurrent.TimeUnit.sleep(TimeUnit.java:386)
	at org.apache.ratis.util.TimeDuration.sleep(TimeDuration.java:324)
	at org.apache.ratis.util.TimeDuration.sleep(TimeDuration.java:309)
	at org.apache.ratis.server.impl.FollowerState.run(FollowerState.java:118)
2021-08-10 07:28:56,738 [grpc-default-executor-4] INFO  server.RaftServer$Division (RaftServerImpl.java:requestVote(1075)) - ffb733bb-4214-438b-9ff2-a6b3cef337b6@group-68BFCD394EFA replies to ELECTION vote request: 2d05a1a5-0e76-4538-833f-cc5b981b73a0<-ffb733bb-4214-438b-9ff2-a6b3cef337b6#0:OK-t1. Peer's state: ffb733bb-4214-438b-9ff2-a6b3cef337b6@group-68BFCD394EFA:t1, leader=null, voted=2d05a1a5-0e76-4538-833f-cc5b981b73a0, raftlog=ffb733bb-4214-438b-9ff2-a6b3cef337b6@group-68BFCD394EFA-SegmentedRaftLog:OPENED:c-1,f-1,i0, conf=-1: [2d05a1a5-0e76-4538-833f-cc5b981b73a0|rpc:127.0.0.1:45315|dataStream:|priority:0, ffb733bb-4214-438b-9ff2-a6b3cef337b6|rpc:127.0.0.1:41683|dataStream:|priority:0, 8c87d662-2c82-4859-8c2c-fb3d4a5a22d5|rpc:127.0.0.1:34623|dataStream:|priority:1], old=null
2021-08-10 07:28:56,770 [grpc-default-executor-2] INFO  server.RaftServer$Division (RaftServerImpl.java:requestVote(1043)) - 8c87d662-2c82-4859-8c2c-fb3d4a5a22d5@group-68BFCD394EFA: receive requestVote(ELECTION, 2d05a1a5-0e76-4538-833f-cc5b981b73a0, group-68BFCD394EFA, 1, (t:0, i:0))
2021-08-10 07:28:56,770 [grpc-default-executor-2] INFO  impl.VoteContext (VoteContext.java:log(48)) - 8c87d662-2c82-4859-8c2c-fb3d4a5a22d5@group-68BFCD394EFA-FOLLOWER: reject ELECTION from 2d05a1a5-0e76-4538-833f-cc5b981b73a0: our priority 1 > candidate's priority 0
2021-08-10 07:28:56,770 [grpc-default-executor-2] INFO  server.RaftServer$Division (RaftServerImpl.java:setRole(285)) - 8c87d662-2c82-4859-8c2c-fb3d4a5a22d5@group-68BFCD394EFA: changes role from  FOLLOWER to FOLLOWER at term 1 for candidate:2d05a1a5-0e76-4538-833f-cc5b981b73a0
2021-08-10 07:28:56,770 [grpc-default-executor-2] INFO  impl.RoleInfo (RoleInfo.java:shutdownFollowerState(108)) - 8c87d662-2c82-4859-8c2c-fb3d4a5a22d5: shutdown 8c87d662-2c82-4859-8c2c-fb3d4a5a22d5@group-68BFCD394EFA-FollowerState
2021-08-10 07:28:56,770 [grpc-default-executor-2] INFO  impl.RoleInfo (RoleInfo.java:updateAndGet(130)) - 8c87d662-2c82-4859-8c2c-fb3d4a5a22d5: start 8c87d662-2c82-4859-8c2c-fb3d4a5a22d5@group-68BFCD394EFA-FollowerState
2021-08-10 07:28:56,772 [8c87d662-2c82-4859-8c2c-fb3d4a5a22d5@group-68BFCD394EFA-FollowerState] INFO  impl.FollowerState (FollowerState.java:run(143)) - 8c87d662-2c82-4859-8c2c-fb3d4a5a22d5@group-68BFCD394EFA-FollowerState was interrupted: {}
java.lang.InterruptedException: sleep interrupted
	at java.lang.Thread.sleep(Native Method)
	at java.lang.Thread.sleep(Thread.java:340)
	at java.util.concurrent.TimeUnit.sleep(TimeUnit.java:386)
	at org.apache.ratis.util.TimeDuration.sleep(TimeDuration.java:324)
	at org.apache.ratis.util.TimeDuration.sleep(TimeDuration.java:309)
	at org.apache.ratis.server.impl.FollowerState.run(FollowerState.java:118)
2021-08-10 07:28:56,781 [grpc-default-executor-2] INFO  server.RaftServer$Division (RaftServerImpl.java:requestVote(1075)) - 8c87d662-2c82-4859-8c2c-fb3d4a5a22d5@group-68BFCD394EFA replies to ELECTION vote request: 2d05a1a5-0e76-4538-833f-cc5b981b73a0<-8c87d662-2c82-4859-8c2c-fb3d4a5a22d5#0:FAIL-t1. Peer's state: 8c87d662-2c82-4859-8c2c-fb3d4a5a22d5@group-68BFCD394EFA:t1, leader=null, voted=null, raftlog=8c87d662-2c82-4859-8c2c-fb3d4a5a22d5@group-68BFCD394EFA-SegmentedRaftLog:OPENED:c-1,f-1,i0, conf=-1: [2d05a1a5-0e76-4538-833f-cc5b981b73a0|rpc:127.0.0.1:45315|dataStream:|priority:0, ffb733bb-4214-438b-9ff2-a6b3cef337b6|rpc:127.0.0.1:41683|dataStream:|priority:0, 8c87d662-2c82-4859-8c2c-fb3d4a5a22d5|rpc:127.0.0.1:34623|dataStream:|priority:1], old=null
2021-08-10 07:28:56,794 [2d05a1a5-0e76-4538-833f-cc5b981b73a0@group-68BFCD394EFA-LeaderElection28] INFO  impl.LeaderElection (LeaderElection.java:logAndReturn(89)) - 2d05a1a5-0e76-4538-833f-cc5b981b73a0@group-68BFCD394EFA-LeaderElection28: ELECTION REJECTED received 2 response(s) and 0 exception(s):
2021-08-10 07:28:56,794 [2d05a1a5-0e76-4538-833f-cc5b981b73a0@group-68BFCD394EFA-LeaderElection28] INFO  impl.LeaderElection (LeaderElection.java:logAndReturn(93)) -   Response 0: 2d05a1a5-0e76-4538-833f-cc5b981b73a0<-ffb733bb-4214-438b-9ff2-a6b3cef337b6#0:OK-t1
2021-08-10 07:28:56,794 [2d05a1a5-0e76-4538-833f-cc5b981b73a0@group-68BFCD394EFA-LeaderElection28] INFO  impl.LeaderElection (LeaderElection.java:logAndReturn(93)) -   Response 1: 2d05a1a5-0e76-4538-833f-cc5b981b73a0<-8c87d662-2c82-4859-8c2c-fb3d4a5a22d5#0:FAIL-t1
2021-08-10 07:28:56,794 [2d05a1a5-0e76-4538-833f-cc5b981b73a0@group-68BFCD394EFA-LeaderElection28] INFO  impl.LeaderElection (LeaderElection.java:askForVotes(308)) - 2d05a1a5-0e76-4538-833f-cc5b981b73a0@group-68BFCD394EFA-LeaderElection28 ELECTION round 0: result REJECTED
2021-08-10 07:28:56,794 [2d05a1a5-0e76-4538-833f-cc5b981b73a0@group-68BFCD394EFA-LeaderElection28] INFO  server.RaftServer$Division (RaftServerImpl.java:setRole(285)) - 2d05a1a5-0e76-4538-833f-cc5b981b73a0@group-68BFCD394EFA: changes role from CANDIDATE to FOLLOWER at term 1 for REJECTED
2021-08-10 07:28:56,794 [2d05a1a5-0e76-4538-833f-cc5b981b73a0@group-68BFCD394EFA-LeaderElection28] INFO  impl.RoleInfo (RoleInfo.java:shutdownLeaderElection(121)) - 2d05a1a5-0e76-4538-833f-cc5b981b73a0: shutdown 2d05a1a5-0e76-4538-833f-cc5b981b73a0@group-68BFCD394EFA-LeaderElection28
2021-08-10 07:28:56,794 [2d05a1a5-0e76-4538-833f-cc5b981b73a0@group-68BFCD394EFA-LeaderElection28] INFO  impl.RoleInfo (RoleInfo.java:updateAndGet(130)) - 2d05a1a5-0e76-4538-833f-cc5b981b73a0: start 2d05a1a5-0e76-4538-833f-cc5b981b73a0@group-68BFCD394EFA-FollowerState
2021-08-10 07:28:56,862 [2d05a1a5-0e76-4538-833f-cc5b981b73a0@group-6741513528A8-FollowerState] INFO  impl.FollowerState (FollowerState.java:run(134)) - 2d05a1a5-0e76-4538-833f-cc5b981b73a0@group-6741513528A8-FollowerState: change to CANDIDATE, lastRpcElapsedTime:5000972287ns, electionTimeout:5000ms
2021-08-10 07:28:56,863 [2d05a1a5-0e76-4538-833f-cc5b981b73a0@group-6741513528A8-FollowerState] INFO  impl.RoleInfo (RoleInfo.java:shutdownFollowerState(108)) - 2d05a1a5-0e76-4538-833f-cc5b981b73a0: shutdown 2d05a1a5-0e76-4538-833f-cc5b981b73a0@group-6741513528A8-FollowerState
2021-08-10 07:28:56,863 [2d05a1a5-0e76-4538-833f-cc5b981b73a0@group-6741513528A8-FollowerState] INFO  server.RaftServer$Division (RaftServerImpl.java:setRole(285)) - 2d05a1a5-0e76-4538-833f-cc5b981b73a0@group-6741513528A8: changes role from  FOLLOWER to CANDIDATE at term 0 for changeToCandidate
2021-08-10 07:28:56,863 [2d05a1a5-0e76-4538-833f-cc5b981b73a0@group-6741513528A8-FollowerState] INFO  server.RaftServerConfigKeys (ConfUtils.java:logGet(44)) - raft.server.leaderelection.pre-vote = false (custom)
2021-08-10 07:28:56,863 [2d05a1a5-0e76-4538-833f-cc5b981b73a0@group-6741513528A8-FollowerState] INFO  impl.RoleInfo (RoleInfo.java:updateAndGet(130)) - 2d05a1a5-0e76-4538-833f-cc5b981b73a0: start 2d05a1a5-0e76-4538-833f-cc5b981b73a0@group-6741513528A8-LeaderElection30
2021-08-10 07:28:56,896 [2d05a1a5-0e76-4538-833f-cc5b981b73a0@group-6741513528A8-LeaderElection30] INFO  impl.LeaderElection (LeaderElection.java:askForVotes(306)) - 2d05a1a5-0e76-4538-833f-cc5b981b73a0@group-6741513528A8-LeaderElection30 ELECTION round 0: submit vote requests at term 1 for -1: [2d05a1a5-0e76-4538-833f-cc5b981b73a0|rpc:127.0.0.1:45315|priority:1, ffb733bb-4214-438b-9ff2-a6b3cef337b6|rpc:127.0.0.1:41683|priority:0, 8c87d662-2c82-4859-8c2c-fb3d4a5a22d5|rpc:127.0.0.1:34623|priority:0], old=null
2021-08-10 07:28:56,913 [grpc-default-executor-2] INFO  server.RaftServer$Division (RaftServerImpl.java:requestVote(1043)) - ffb733bb-4214-438b-9ff2-a6b3cef337b6@group-6741513528A8: receive requestVote(ELECTION, 2d05a1a5-0e76-4538-833f-cc5b981b73a0, group-6741513528A8, 1, (t:0, i:0))
2021-08-10 07:28:56,913 [grpc-default-executor-2] INFO  impl.VoteContext (VoteContext.java:log(48)) - ffb733bb-4214-438b-9ff2-a6b3cef337b6@group-6741513528A8-FOLLOWER: accept ELECTION from 2d05a1a5-0e76-4538-833f-cc5b981b73a0: our priority 0 <= candidate's priority 1
2021-08-10 07:28:56,913 [grpc-default-executor-2] INFO  server.RaftServer$Division (RaftServerImpl.java:setRole(285)) - ffb733bb-4214-438b-9ff2-a6b3cef337b6@group-6741513528A8: changes role from  FOLLOWER to FOLLOWER at term 1 for candidate:2d05a1a5-0e76-4538-833f-cc5b981b73a0
2021-08-10 07:28:56,913 [grpc-default-executor-2] INFO  impl.RoleInfo (RoleInfo.java:shutdownFollowerState(108)) - ffb733bb-4214-438b-9ff2-a6b3cef337b6: shutdown ffb733bb-4214-438b-9ff2-a6b3cef337b6@group-6741513528A8-FollowerState
2021-08-10 07:28:56,913 [grpc-default-executor-2] INFO  impl.RoleInfo (RoleInfo.java:updateAndGet(130)) - ffb733bb-4214-438b-9ff2-a6b3cef337b6: start ffb733bb-4214-438b-9ff2-a6b3cef337b6@group-6741513528A8-FollowerState
2021-08-10 07:28:56,913 [ffb733bb-4214-438b-9ff2-a6b3cef337b6@group-6741513528A8-FollowerState] INFO  impl.FollowerState (FollowerState.java:run(143)) - ffb733bb-4214-438b-9ff2-a6b3cef337b6@group-6741513528A8-FollowerState was interrupted: {}
java.lang.InterruptedException: sleep interrupted
	at java.lang.Thread.sleep(Native Method)
	at java.lang.Thread.sleep(Thread.java:340)
	at java.util.concurrent.TimeUnit.sleep(TimeUnit.java:386)
	at org.apache.ratis.util.TimeDuration.sleep(TimeDuration.java:324)
	at org.apache.ratis.util.TimeDuration.sleep(TimeDuration.java:309)
	at org.apache.ratis.server.impl.FollowerState.run(FollowerState.java:118)
2021-08-10 07:28:56,914 [grpc-default-executor-2] INFO  server.RaftServer$Division (RaftServerImpl.java:requestVote(1075)) - ffb733bb-4214-438b-9ff2-a6b3cef337b6@group-6741513528A8 replies to ELECTION vote request: 2d05a1a5-0e76-4538-833f-cc5b981b73a0<-ffb733bb-4214-438b-9ff2-a6b3cef337b6#0:OK-t1. Peer's state: ffb733bb-4214-438b-9ff2-a6b3cef337b6@group-6741513528A8:t1, leader=null, voted=2d05a1a5-0e76-4538-833f-cc5b981b73a0, raftlog=ffb733bb-4214-438b-9ff2-a6b3cef337b6@group-6741513528A8-SegmentedRaftLog:OPENED:c-1,f-1,i0, conf=-1: [2d05a1a5-0e76-4538-833f-cc5b981b73a0|rpc:127.0.0.1:45315|dataStream:|priority:1, ffb733bb-4214-438b-9ff2-a6b3cef337b6|rpc:127.0.0.1:41683|dataStream:|priority:0, 8c87d662-2c82-4859-8c2c-fb3d4a5a22d5|rpc:127.0.0.1:34623|dataStream:|priority:0], old=null
2021-08-10 07:28:56,925 [2d05a1a5-0e76-4538-833f-cc5b981b73a0@group-6741513528A8-LeaderElection30] INFO  impl.LeaderElection (LeaderElection.java:logAndReturn(89)) - 2d05a1a5-0e76-4538-833f-cc5b981b73a0@group-6741513528A8-LeaderElection30: ELECTION PASSED received 1 response(s) and 0 exception(s):
2021-08-10 07:28:56,925 [2d05a1a5-0e76-4538-833f-cc5b981b73a0@group-6741513528A8-LeaderElection30] INFO  impl.LeaderElection (LeaderElection.java:logAndReturn(93)) -   Response 0: 2d05a1a5-0e76-4538-833f-cc5b981b73a0<-ffb733bb-4214-438b-9ff2-a6b3cef337b6#0:OK-t1
2021-08-10 07:28:56,925 [2d05a1a5-0e76-4538-833f-cc5b981b73a0@group-6741513528A8-LeaderElection30] INFO  impl.LeaderElection (LeaderElection.java:askForVotes(308)) - 2d05a1a5-0e76-4538-833f-cc5b981b73a0@group-6741513528A8-LeaderElection30 ELECTION round 0: result PASSED
2021-08-10 07:28:56,925 [2d05a1a5-0e76-4538-833f-cc5b981b73a0@group-6741513528A8-LeaderElection30] INFO  impl.RoleInfo (RoleInfo.java:shutdownLeaderElection(121)) - 2d05a1a5-0e76-4538-833f-cc5b981b73a0: shutdown 2d05a1a5-0e76-4538-833f-cc5b981b73a0@group-6741513528A8-LeaderElection30
2021-08-10 07:28:56,925 [2d05a1a5-0e76-4538-833f-cc5b981b73a0@group-6741513528A8-LeaderElection30] INFO  server.RaftServer$Division (RaftServerImpl.java:setRole(285)) - 2d05a1a5-0e76-4538-833f-cc5b981b73a0@group-6741513528A8: changes role from CANDIDATE to LEADER at term 1 for changeToLeader
2021-08-10 07:28:56,925 [2d05a1a5-0e76-4538-833f-cc5b981b73a0@group-6741513528A8-LeaderElection30] INFO  ratis.XceiverServerRatis (XceiverServerRatis.java:handleLeaderChangedNotification(857)) - Leader change notification received for group: group-6741513528A8 with new leaderId: 2d05a1a5-0e76-4538-833f-cc5b981b73a0
2021-08-10 07:28:56,925 [2d05a1a5-0e76-4538-833f-cc5b981b73a0@group-6741513528A8-LeaderElection30] INFO  server.RaftServer$Division (ServerState.java:setLeader(285)) - 2d05a1a5-0e76-4538-833f-cc5b981b73a0@group-6741513528A8: change Leader from null to 2d05a1a5-0e76-4538-833f-cc5b981b73a0 at term 1 for becomeLeader, leader elected after 5071ms
2021-08-10 07:28:56,925 [2d05a1a5-0e76-4538-833f-cc5b981b73a0@group-6741513528A8-LeaderElection30] INFO  server.RaftServerConfigKeys (ConfUtils.java:logGet(44)) - raft.server.staging.catchup.gap = 1000 (default)
2021-08-10 07:28:56,925 [Datanode State Machine Thread - 0] WARN  statemachine.StateContext (StateContext.java:execute(621)) - No available thread in pool for past 1 seconds.
2021-08-10 07:28:56,930 [EventQueue-PipelineReportForPipelineReportHandler] INFO  pipeline.PipelineManagerV2Impl (PipelineManagerV2Impl.java:openPipeline(283)) - Pipeline Pipeline[ Id: 2e5e5323-1d73-4411-bc65-6741513528a8, Nodes: 2d05a1a5-0e76-4538-833f-cc5b981b73a0{ip: 127.0.0.1, host: localhost, ports: [REPLICATION=42165, RATIS=45315, RATIS_ADMIN=45315, RATIS_SERVER=45315, STANDALONE=39631], networkLocation: /default-rack, certSerialId: null, persistedOpState: IN_SERVICE, persistedOpStateExpiryEpochSec: 0}8c87d662-2c82-4859-8c2c-fb3d4a5a22d5{ip: 127.0.0.1, host: localhost, ports: [REPLICATION=41501, RATIS=34623, RATIS_ADMIN=34623, RATIS_SERVER=34623, STANDALONE=44325], networkLocation: /default-rack, certSerialId: null, persistedOpState: IN_SERVICE, persistedOpStateExpiryEpochSec: 0}ffb733bb-4214-438b-9ff2-a6b3cef337b6{ip: 127.0.0.1, host: localhost, ports: [REPLICATION=44813, RATIS=41683, RATIS_ADMIN=41683, RATIS_SERVER=41683, STANDALONE=34575], networkLocation: /default-rack, certSerialId: null, persistedOpState: IN_SERVICE, persistedOpStateExpiryEpochSec: 0}, ReplicationConfig: RATIS/THREE, State:ALLOCATED, leaderId:2d05a1a5-0e76-4538-833f-cc5b981b73a0, CreationTimestamp2021-08-10T07:28:49.506Z[Etc/UTC]] moved to OPEN state
2021-08-10 07:28:56,925 [2d05a1a5-0e76-4538-833f-cc5b981b73a0@group-6741513528A8-LeaderElection30] INFO  server.RaftServerConfigKeys (ConfUtils.java:logGet(44)) - raft.server.write.element-limit = 1024 (custom)
2021-08-10 07:28:56,934 [2d05a1a5-0e76-4538-833f-cc5b981b73a0@group-6741513528A8-LeaderElection30] INFO  server.RaftServerConfigKeys (ConfUtils.java:logGet(44)) - raft.server.write.byte-limit = 1073741824 (custom)
2021-08-10 07:28:56,934 [2d05a1a5-0e76-4538-833f-cc5b981b73a0@group-6741513528A8-LeaderElection30] INFO  server.RaftServerConfigKeys (ConfUtils.java:logGet(44)) - raft.server.watch.timeout = 180s (custom)
2021-08-10 07:28:56,934 [2d05a1a5-0e76-4538-833f-cc5b981b73a0@group-6741513528A8-LeaderElection30] INFO  server.RaftServerConfigKeys (ConfUtils.java:logGet(44)) - raft.server.watch.timeout.denomination = 1s (default)
2021-08-10 07:28:56,935 [2d05a1a5-0e76-4538-833f-cc5b981b73a0@group-6741513528A8-LeaderElection30] INFO  server.RaftServerConfigKeys (ConfUtils.java:logGet(44)) - raft.server.watch.element-limit = 65536 (default)
2021-08-10 07:28:56,935 [2d05a1a5-0e76-4538-833f-cc5b981b73a0@group-6741513528A8-LeaderElection30] INFO  server.RaftServerConfigKeys (ConfUtils.java:logGet(44)) - raft.server.log.appender.snapshot.chunk.size.max = 16MB (=16777216) (default)
2021-08-10 07:28:56,957 [2d05a1a5-0e76-4538-833f-cc5b981b73a0@group-6741513528A8-LeaderElection30] INFO  server.RaftServerConfigKeys (ConfUtils.java:logGet(44)) - raft.server.log.appender.buffer.byte-limit = 33554432 (custom)
2021-08-10 07:28:56,957 [2d05a1a5-0e76-4538-833f-cc5b981b73a0@group-6741513528A8-LeaderElection30] INFO  server.RaftServerConfigKeys (ConfUtils.java:logGet(44)) - raft.server.log.appender.buffer.element-limit = 1 (custom)
2021-08-10 07:28:56,957 [2d05a1a5-0e76-4538-833f-cc5b981b73a0@group-6741513528A8-LeaderElection30] INFO  grpc.GrpcConfigKeys (ConfUtils.java:logGet(44)) - raft.grpc.server.leader.outstanding.appends.max = 128 (default)
2021-08-10 07:28:56,957 [2d05a1a5-0e76-4538-833f-cc5b981b73a0@group-6741513528A8-LeaderElection30] INFO  server.RaftServerConfigKeys (ConfUtils.java:logGet(44)) - raft.server.rpc.request.timeout = 60s (custom)
2021-08-10 07:28:56,957 [2d05a1a5-0e76-4538-833f-cc5b981b73a0@group-6741513528A8-LeaderElection30] INFO  server.RaftServerConfigKeys (ConfUtils.java:logGet(44)) - raft.server.log.appender.install.snapshot.enabled = false (custom)
2021-08-10 07:28:56,958 [2d05a1a5-0e76-4538-833f-cc5b981b73a0@group-6741513528A8-LeaderElection30] INFO  server.RaftServerConfigKeys (ConfUtils.java:logGet(44)) - raft.server.log.appender.snapshot.chunk.size.max = 16MB (=16777216) (default)
2021-08-10 07:28:56,958 [2d05a1a5-0e76-4538-833f-cc5b981b73a0@group-6741513528A8-LeaderElection30] INFO  server.RaftServerConfigKeys (ConfUtils.java:logGet(44)) - raft.server.log.appender.buffer.byte-limit = 33554432 (custom)
2021-08-10 07:28:56,958 [2d05a1a5-0e76-4538-833f-cc5b981b73a0@group-6741513528A8-LeaderElection30] INFO  server.RaftServerConfigKeys (ConfUtils.java:logGet(44)) - raft.server.log.appender.buffer.element-limit = 1 (custom)
2021-08-10 07:28:56,958 [2d05a1a5-0e76-4538-833f-cc5b981b73a0@group-6741513528A8-LeaderElection30] INFO  grpc.GrpcConfigKeys (ConfUtils.java:logGet(44)) - raft.grpc.server.leader.outstanding.appends.max = 128 (default)
2021-08-10 07:28:56,958 [2d05a1a5-0e76-4538-833f-cc5b981b73a0@group-6741513528A8-LeaderElection30] INFO  server.RaftServerConfigKeys (ConfUtils.java:logGet(44)) - raft.server.rpc.request.timeout = 60s (custom)
2021-08-10 07:28:56,958 [2d05a1a5-0e76-4538-833f-cc5b981b73a0@group-6741513528A8-LeaderElection30] INFO  server.RaftServerConfigKeys (ConfUtils.java:logGet(44)) - raft.server.log.appender.install.snapshot.enabled = false (custom)
2021-08-10 07:28:56,959 [2d05a1a5-0e76-4538-833f-cc5b981b73a0@group-6741513528A8-LeaderElection30] INFO  impl.RoleInfo (RoleInfo.java:updateAndGet(130)) - 2d05a1a5-0e76-4538-833f-cc5b981b73a0: start 2d05a1a5-0e76-4538-833f-cc5b981b73a0@group-6741513528A8-LeaderStateImpl
2021-08-10 07:28:56,959 [2d05a1a5-0e76-4538-833f-cc5b981b73a0@group-6741513528A8-LeaderElection30] INFO  segmented.SegmentedRaftLogWorker (SegmentedRaftLogWorker.java:startLogSegment(394)) - 2d05a1a5-0e76-4538-833f-cc5b981b73a0@group-6741513528A8-SegmentedRaftLogWorker: Starting segment from index:0
2021-08-10 07:28:56,959 [grpc-default-executor-2] INFO  server.RaftServer$Division (RaftServerImpl.java:requestVote(1043)) - 8c87d662-2c82-4859-8c2c-fb3d4a5a22d5@group-6741513528A8: receive requestVote(ELECTION, 2d05a1a5-0e76-4538-833f-cc5b981b73a0, group-6741513528A8, 1, (t:0, i:0))
2021-08-10 07:28:56,963 [8c87d662-2c82-4859-8c2c-fb3d4a5a22d5@group-6741513528A8-FollowerState] INFO  impl.FollowerState (FollowerState.java:run(134)) - 8c87d662-2c82-4859-8c2c-fb3d4a5a22d5@group-6741513528A8-FollowerState: change to CANDIDATE, lastRpcElapsedTime:5051888686ns, electionTimeout:5030ms
2021-08-10 07:28:56,960 [2d05a1a5-0e76-4538-833f-cc5b981b73a0@group-6741513528A8-SegmentedRaftLogWorker] INFO  segmented.SegmentedRaftLogWorker (SegmentedRaftLogWorker.java:execute(601)) - 2d05a1a5-0e76-4538-833f-cc5b981b73a0@group-6741513528A8-SegmentedRaftLogWorker: created new log segment /home/runner/work/ozone/ozone/hadoop-ozone/integration-test/target/test-dir/MiniOzoneClusterImpl-4c935f51-a36a-4569-b515-a26f7be21e7f/datanode-0/data/ratis/2e5e5323-1d73-4411-bc65-6741513528a8/current/log_inprogress_0
2021-08-10 07:28:57,006 [2d05a1a5-0e76-4538-833f-cc5b981b73a0@group-6741513528A8-LeaderElection30] INFO  server.RaftServer$Division (ServerState.java:setRaftConf(387)) - 2d05a1a5-0e76-4538-833f-cc5b981b73a0@group-6741513528A8: set configuration 0: [2d05a1a5-0e76-4538-833f-cc5b981b73a0|rpc:127.0.0.1:45315|dataStream:|priority:1, ffb733bb-4214-438b-9ff2-a6b3cef337b6|rpc:127.0.0.1:41683|dataStream:|priority:0, 8c87d662-2c82-4859-8c2c-fb3d4a5a22d5|rpc:127.0.0.1:34623|dataStream:|priority:0], old=null
2021-08-10 07:28:56,960 [8ca6ee1f-9342-4413-9dac-77381ef541ed@group-A26F7BE21E7F-StateMachineUpdater] INFO  safemode.HealthyPipelineSafeModeRule (HealthyPipelineSafeModeRule.java:initializeRule(152)) - Refreshed total pipeline count is 1, healthy pipeline threshold count is 1
2021-08-10 07:28:56,996 [grpc-default-executor-3] INFO  ratis.XceiverServerRatis (XceiverServerRatis.java:handleLeaderChangedNotification(857)) - Leader change notification received for group: group-6741513528A8 with new leaderId: 2d05a1a5-0e76-4538-833f-cc5b981b73a0
2021-08-10 07:28:57,007 [grpc-default-executor-3] INFO  server.RaftServer$Division (ServerState.java:setLeader(285)) - ffb733bb-4214-438b-9ff2-a6b3cef337b6@group-6741513528A8: change Leader from null to 2d05a1a5-0e76-4538-833f-cc5b981b73a0 at term 1 for appendEntries, leader elected after 4928ms
2021-08-10 07:28:57,007 [8c87d662-2c82-4859-8c2c-fb3d4a5a22d5@group-6741513528A8-FollowerState] INFO  impl.RoleInfo (RoleInfo.java:shutdownFollowerState(108)) - 8c87d662-2c82-4859-8c2c-fb3d4a5a22d5: shutdown 8c87d662-2c82-4859-8c2c-fb3d4a5a22d5@group-6741513528A8-FollowerState
2021-08-10 07:28:57,007 [8c87d662-2c82-4859-8c2c-fb3d4a5a22d5@group-6741513528A8-FollowerState] INFO  server.RaftServer$Division (RaftServerImpl.java:setRole(285)) - 8c87d662-2c82-4859-8c2c-fb3d4a5a22d5@group-6741513528A8: changes role from  FOLLOWER to CANDIDATE at term 0 for changeToCandidate
2021-08-10 07:28:57,007 [EventQueue-PipelineReportForPipelineReportHandler] INFO  ha.SCMHAInvocationHandler (SCMHAInvocationHandler.java:invokeRatis(113)) - Invoking method public abstract void org.apache.hadoop.hdds.scm.pipeline.StateManager.updatePipelineState(org.apache.hadoop.hdds.protocol.proto.HddsProtos$PipelineID,org.apache.hadoop.hdds.protocol.proto.HddsProtos$PipelineState) throws java.io.IOException on target org.apache.hadoop.hdds.scm.ha.SCMRatisServerImpl@2d62c3c0, cost 73376.676us
2021-08-10 07:28:57,007 [EventQueue-OpenPipelineForHealthyPipelineSafeModeRule] INFO  safemode.SCMSafeModeManager (HealthyPipelineSafeModeRule.java:process(124)) - SCM in safe mode. Healthy pipelines reported count is 1, required healthy pipeline reported count is 1
2021-08-10 07:28:57,007 [EventQueue-OpenPipelineForHealthyPipelineSafeModeRule] INFO  safemode.SCMSafeModeManager (SCMSafeModeManager.java:validateSafeModeExitRules(204)) - HealthyPipelineSafeModeRule rule is successfully validated
2021-08-10 07:28:57,007 [EventQueue-OpenPipelineForHealthyPipelineSafeModeRule] INFO  safemode.SCMSafeModeManager (SCMSafeModeManager.java:validateSafeModeExitRules(219)) - ScmSafeModeManager, all rules are successfully validated
2021-08-10 07:28:57,007 [EventQueue-OpenPipelineForHealthyPipelineSafeModeRule] INFO  safemode.SCMSafeModeManager (SCMSafeModeManager.java:exitSafeMode(248)) - SCM exiting safe mode.
2021-08-10 07:28:57,007 [EventQueue-OpenPipelineForHealthyPipelineSafeModeRule] WARN  events.EventQueue (EventQueue.java:fireEvent(194)) - No event handler registered for event TypedEvent{payloadType=SafeModeStatus, name='Safe mode status'}
2021-08-10 07:28:57,007 [EventQueue-OpenPipelineForHealthyPipelineSafeModeRule] INFO  ha.SCMContext (SCMContext.java:updateSafeModeStatus(205)) - Update SafeModeStatus from SafeModeStatus{safeModeStatus=true, preCheckPassed=true} to SafeModeStatus{safeModeStatus=false, preCheckPassed=true}.
2021-08-10 07:28:57,007 [EventQueue-OpenPipelineForHealthyPipelineSafeModeRule] INFO  container.ReplicationManager (ReplicationManager.java:notifyStatusChanged(1674)) - Service ReplicationManager transitions to RUNNING.
2021-08-10 07:28:57,023 [8c87d662-2c82-4859-8c2c-fb3d4a5a22d5@group-6741513528A8-FollowerState] INFO  server.RaftServerConfigKeys (ConfUtils.java:logGet(44)) - raft.server.leaderelection.pre-vote = false (custom)
2021-08-10 07:28:57,023 [8c87d662-2c82-4859-8c2c-fb3d4a5a22d5@group-6741513528A8-FollowerState] INFO  impl.RoleInfo (RoleInfo.java:updateAndGet(130)) - 8c87d662-2c82-4859-8c2c-fb3d4a5a22d5: start 8c87d662-2c82-4859-8c2c-fb3d4a5a22d5@group-6741513528A8-LeaderElection31
2021-08-10 07:28:57,024 [grpc-default-executor-2] INFO  impl.VoteContext (VoteContext.java:log(48)) - 8c87d662-2c82-4859-8c2c-fb3d4a5a22d5@group-6741513528A8-CANDIDATE: accept ELECTION from 2d05a1a5-0e76-4538-833f-cc5b981b73a0: our priority 0 <= candidate's priority 1
2021-08-10 07:28:57,024 [grpc-default-executor-2] INFO  server.RaftServer$Division (RaftServerImpl.java:setRole(285)) - 8c87d662-2c82-4859-8c2c-fb3d4a5a22d5@group-6741513528A8: changes role from CANDIDATE to FOLLOWER at term 1 for candidate:2d05a1a5-0e76-4538-833f-cc5b981b73a0
2021-08-10 07:28:57,024 [grpc-default-executor-2] INFO  impl.RoleInfo (RoleInfo.java:shutdownLeaderElection(121)) - 8c87d662-2c82-4859-8c2c-fb3d4a5a22d5: shutdown 8c87d662-2c82-4859-8c2c-fb3d4a5a22d5@group-6741513528A8-LeaderElection31
2021-08-10 07:28:57,024 [grpc-default-executor-2] INFO  impl.RoleInfo (RoleInfo.java:updateAndGet(130)) - 8c87d662-2c82-4859-8c2c-fb3d4a5a22d5: start 8c87d662-2c82-4859-8c2c-fb3d4a5a22d5@group-6741513528A8-FollowerState
2021-08-10 07:28:57,033 [8c87d662-2c82-4859-8c2c-fb3d4a5a22d5@group-6741513528A8-LeaderElection31] INFO  impl.LeaderElection (LeaderElection.java:run(230)) - 8c87d662-2c82-4859-8c2c-fb3d4a5a22d5@group-6741513528A8-LeaderElection31: skip running since this is already CLOSING
2021-08-10 07:28:57,035 [grpc-default-executor-2] INFO  server.RaftServer$Division (RaftServerImpl.java:requestVote(1075)) - 8c87d662-2c82-4859-8c2c-fb3d4a5a22d5@group-6741513528A8 replies to ELECTION vote request: 2d05a1a5-0e76-4538-833f-cc5b981b73a0<-8c87d662-2c82-4859-8c2c-fb3d4a5a22d5#0:OK-t1. Peer's state: 8c87d662-2c82-4859-8c2c-fb3d4a5a22d5@group-6741513528A8:t1, leader=null, voted=2d05a1a5-0e76-4538-833f-cc5b981b73a0, raftlog=8c87d662-2c82-4859-8c2c-fb3d4a5a22d5@group-6741513528A8-SegmentedRaftLog:OPENED:c-1,f-1,i0, conf=-1: [2d05a1a5-0e76-4538-833f-cc5b981b73a0|rpc:127.0.0.1:45315|dataStream:|priority:1, ffb733bb-4214-438b-9ff2-a6b3cef337b6|rpc:127.0.0.1:41683|dataStream:|priority:0, 8c87d662-2c82-4859-8c2c-fb3d4a5a22d5|rpc:127.0.0.1:34623|dataStream:|priority:0], old=null
2021-08-10 07:28:57,035 [grpc-default-executor-0] INFO  ratis.XceiverServerRatis (XceiverServerRatis.java:handleLeaderChangedNotification(857)) - Leader change notification received for group: group-6741513528A8 with new leaderId: 2d05a1a5-0e76-4538-833f-cc5b981b73a0
2021-08-10 07:28:57,035 [grpc-default-executor-0] INFO  server.RaftServer$Division (ServerState.java:setLeader(285)) - 8c87d662-2c82-4859-8c2c-fb3d4a5a22d5@group-6741513528A8: change Leader from null to 2d05a1a5-0e76-4538-833f-cc5b981b73a0 at term 1 for appendEntries, leader elected after 5144ms
2021-08-10 07:28:57,043 [grpc-default-executor-0] INFO  server.RaftServer$Division (ServerState.java:setRaftConf(387)) - 8c87d662-2c82-4859-8c2c-fb3d4a5a22d5@group-6741513528A8: set configuration 0: [2d05a1a5-0e76-4538-833f-cc5b981b73a0|rpc:127.0.0.1:45315|dataStream:|priority:1, ffb733bb-4214-438b-9ff2-a6b3cef337b6|rpc:127.0.0.1:41683|dataStream:|priority:0, 8c87d662-2c82-4859-8c2c-fb3d4a5a22d5|rpc:127.0.0.1:34623|dataStream:|priority:0], old=null
2021-08-10 07:28:57,044 [grpc-default-executor-0] INFO  segmented.SegmentedRaftLogWorker (SegmentedRaftLogWorker.java:startLogSegment(394)) - 8c87d662-2c82-4859-8c2c-fb3d4a5a22d5@group-6741513528A8-SegmentedRaftLogWorker: Starting segment from index:0
2021-08-10 07:28:57,044 [grpc-default-executor-3] INFO  server.RaftServer$Division (ServerState.java:setRaftConf(387)) - ffb733bb-4214-438b-9ff2-a6b3cef337b6@group-6741513528A8: set configuration 0: [2d05a1a5-0e76-4538-833f-cc5b981b73a0|rpc:127.0.0.1:45315|dataStream:|priority:1, ffb733bb-4214-438b-9ff2-a6b3cef337b6|rpc:127.0.0.1:41683|dataStream:|priority:0, 8c87d662-2c82-4859-8c2c-fb3d4a5a22d5|rpc:127.0.0.1:34623|dataStream:|priority:0], old=null
2021-08-10 07:28:57,049 [grpc-default-executor-3] INFO  segmented.SegmentedRaftLogWorker (SegmentedRaftLogWorker.java:startLogSegment(394)) - ffb733bb-4214-438b-9ff2-a6b3cef337b6@group-6741513528A8-SegmentedRaftLogWorker: Starting segment from index:0
2021-08-10 07:28:57,050 [ffb733bb-4214-438b-9ff2-a6b3cef337b6@group-6741513528A8-SegmentedRaftLogWorker] INFO  segmented.SegmentedRaftLogWorker (SegmentedRaftLogWorker.java:execute(601)) - ffb733bb-4214-438b-9ff2-a6b3cef337b6@group-6741513528A8-SegmentedRaftLogWorker: created new log segment /home/runner/work/ozone/ozone/hadoop-ozone/integration-test/target/test-dir/MiniOzoneClusterImpl-4c935f51-a36a-4569-b515-a26f7be21e7f/datanode-2/data/ratis/2e5e5323-1d73-4411-bc65-6741513528a8/current/log_inprogress_0
2021-08-10 07:28:57,050 [8c87d662-2c82-4859-8c2c-fb3d4a5a22d5@group-6741513528A8-SegmentedRaftLogWorker] INFO  segmented.SegmentedRaftLogWorker (SegmentedRaftLogWorker.java:execute(601)) - 8c87d662-2c82-4859-8c2c-fb3d4a5a22d5@group-6741513528A8-SegmentedRaftLogWorker: created new log segment /home/runner/work/ozone/ozone/hadoop-ozone/integration-test/target/test-dir/MiniOzoneClusterImpl-4c935f51-a36a-4569-b515-a26f7be21e7f/datanode-1/data/ratis/2e5e5323-1d73-4411-bc65-6741513528a8/current/log_inprogress_0
2021-08-10 07:28:57,156 [8c87d662-2c82-4859-8c2c-fb3d4a5a22d5@group-850764818030-FollowerState] INFO  impl.FollowerState (FollowerState.java:run(134)) - 8c87d662-2c82-4859-8c2c-fb3d4a5a22d5@group-850764818030-FollowerState: change to CANDIDATE, lastRpcElapsedTime:5194252003ns, electionTimeout:5170ms
2021-08-10 07:28:57,156 [8c87d662-2c82-4859-8c2c-fb3d4a5a22d5@group-850764818030-FollowerState] INFO  impl.RoleInfo (RoleInfo.java:shutdownFollowerState(108)) - 8c87d662-2c82-4859-8c2c-fb3d4a5a22d5: shutdown 8c87d662-2c82-4859-8c2c-fb3d4a5a22d5@group-850764818030-FollowerState
2021-08-10 07:28:57,156 [8c87d662-2c82-4859-8c2c-fb3d4a5a22d5@group-850764818030-FollowerState] INFO  server.RaftServer$Division (RaftServerImpl.java:setRole(285)) - 8c87d662-2c82-4859-8c2c-fb3d4a5a22d5@group-850764818030: changes role from  FOLLOWER to CANDIDATE at term 0 for changeToCandidate
2021-08-10 07:28:57,157 [8c87d662-2c82-4859-8c2c-fb3d4a5a22d5@group-850764818030-FollowerState] INFO  server.RaftServerConfigKeys (ConfUtils.java:logGet(44)) - raft.server.leaderelection.pre-vote = false (custom)
2021-08-10 07:28:57,157 [8c87d662-2c82-4859-8c2c-fb3d4a5a22d5@group-850764818030-FollowerState] INFO  impl.RoleInfo (RoleInfo.java:updateAndGet(130)) - 8c87d662-2c82-4859-8c2c-fb3d4a5a22d5: start 8c87d662-2c82-4859-8c2c-fb3d4a5a22d5@group-850764818030-LeaderElection32
2021-08-10 07:28:57,209 [8c87d662-2c82-4859-8c2c-fb3d4a5a22d5@group-850764818030-LeaderElection32] INFO  impl.LeaderElection (LeaderElection.java:askForVotes(306)) - 8c87d662-2c82-4859-8c2c-fb3d4a5a22d5@group-850764818030-LeaderElection32 ELECTION round 0: submit vote requests at term 1 for -1: [8c87d662-2c82-4859-8c2c-fb3d4a5a22d5|rpc:127.0.0.1:34623|priority:1], old=null
2021-08-10 07:28:57,209 [8c87d662-2c82-4859-8c2c-fb3d4a5a22d5@group-850764818030-LeaderElection32] INFO  impl.LeaderElection (LeaderElection.java:askForVotes(308)) - 8c87d662-2c82-4859-8c2c-fb3d4a5a22d5@group-850764818030-LeaderElection32 ELECTION round 0: result PASSED (term=1)
2021-08-10 07:28:57,209 [8c87d662-2c82-4859-8c2c-fb3d4a5a22d5@group-850764818030-LeaderElection32] INFO  impl.RoleInfo (RoleInfo.java:shutdownLeaderElection(121)) - 8c87d662-2c82-4859-8c2c-fb3d4a5a22d5: shutdown 8c87d662-2c82-4859-8c2c-fb3d4a5a22d5@group-850764818030-LeaderElection32
2021-08-10 07:28:57,209 [8c87d662-2c82-4859-8c2c-fb3d4a5a22d5@group-850764818030-LeaderElection32] INFO  server.RaftServer$Division (RaftServerImpl.java:setRole(285)) - 8c87d662-2c82-4859-8c2c-fb3d4a5a22d5@group-850764818030: changes role from CANDIDATE to LEADER at term 1 for changeToLeader
2021-08-10 07:28:57,209 [8c87d662-2c82-4859-8c2c-fb3d4a5a22d5@group-850764818030-LeaderElection32] INFO  ratis.XceiverServerRatis (XceiverServerRatis.java:handleLeaderChangedNotification(857)) - Leader change notification received for group: group-850764818030 with new leaderId: 8c87d662-2c82-4859-8c2c-fb3d4a5a22d5
2021-08-10 07:28:57,209 [8c87d662-2c82-4859-8c2c-fb3d4a5a22d5@group-850764818030-LeaderElection32] INFO  server.RaftServer$Division (ServerState.java:setLeader(285)) - 8c87d662-2c82-4859-8c2c-fb3d4a5a22d5@group-850764818030: change Leader from null to 8c87d662-2c82-4859-8c2c-fb3d4a5a22d5 at term 1 for becomeLeader, leader elected after 5265ms
2021-08-10 07:28:57,209 [8c87d662-2c82-4859-8c2c-fb3d4a5a22d5@group-850764818030-LeaderElection32] INFO  server.RaftServerConfigKeys (ConfUtils.java:logGet(44)) - raft.server.staging.catchup.gap = 1000 (default)
2021-08-10 07:28:57,209 [8c87d662-2c82-4859-8c2c-fb3d4a5a22d5@group-850764818030-LeaderElection32] INFO  server.RaftServerConfigKeys (ConfUtils.java:logGet(44)) - raft.server.write.element-limit = 1024 (custom)
2021-08-10 07:28:57,209 [8c87d662-2c82-4859-8c2c-fb3d4a5a22d5@group-850764818030-LeaderElection32] INFO  server.RaftServerConfigKeys (ConfUtils.java:logGet(44)) - raft.server.write.byte-limit = 1073741824 (custom)
2021-08-10 07:28:57,210 [8c87d662-2c82-4859-8c2c-fb3d4a5a22d5@group-850764818030-LeaderElection32] INFO  server.RaftServerConfigKeys (ConfUtils.java:logGet(44)) - raft.server.watch.timeout = 180s (custom)
2021-08-10 07:28:57,210 [8c87d662-2c82-4859-8c2c-fb3d4a5a22d5@group-850764818030-LeaderElection32] INFO  server.RaftServerConfigKeys (ConfUtils.java:logGet(44)) - raft.server.watch.timeout.denomination = 1s (default)
2021-08-10 07:28:57,210 [8c87d662-2c82-4859-8c2c-fb3d4a5a22d5@group-850764818030-LeaderElection32] INFO  server.RaftServerConfigKeys (ConfUtils.java:logGet(44)) - raft.server.watch.element-limit = 65536 (default)
2021-08-10 07:28:57,210 [8c87d662-2c82-4859-8c2c-fb3d4a5a22d5@group-850764818030-LeaderElection32] INFO  impl.RoleInfo (RoleInfo.java:updateAndGet(130)) - 8c87d662-2c82-4859-8c2c-fb3d4a5a22d5: start 8c87d662-2c82-4859-8c2c-fb3d4a5a22d5@group-850764818030-LeaderStateImpl
2021-08-10 07:28:57,210 [8c87d662-2c82-4859-8c2c-fb3d4a5a22d5@group-850764818030-LeaderElection32] INFO  segmented.SegmentedRaftLogWorker (SegmentedRaftLogWorker.java:startLogSegment(394)) - 8c87d662-2c82-4859-8c2c-fb3d4a5a22d5@group-850764818030-SegmentedRaftLogWorker: Starting segment from index:0
2021-08-10 07:28:57,210 [Datanode State Machine Thread - 0] WARN  statemachine.StateContext (StateContext.java:execute(621)) - No available thread in pool for past 1 seconds.
2021-08-10 07:28:57,213 [8c87d662-2c82-4859-8c2c-fb3d4a5a22d5@group-850764818030-SegmentedRaftLogWorker] INFO  segmented.SegmentedRaftLogWorker (SegmentedRaftLogWorker.java:execute(601)) - 8c87d662-2c82-4859-8c2c-fb3d4a5a22d5@group-850764818030-SegmentedRaftLogWorker: created new log segment /home/runner/work/ozone/ozone/hadoop-ozone/integration-test/target/test-dir/MiniOzoneClusterImpl-4c935f51-a36a-4569-b515-a26f7be21e7f/datanode-1/data/ratis/b7efb7e1-d518-498b-be7f-850764818030/current/log_inprogress_0
2021-08-10 07:28:57,225 [8c87d662-2c82-4859-8c2c-fb3d4a5a22d5@group-850764818030-LeaderElection32] INFO  server.RaftServer$Division (ServerState.java:setRaftConf(387)) - 8c87d662-2c82-4859-8c2c-fb3d4a5a22d5@group-850764818030: set configuration 0: [8c87d662-2c82-4859-8c2c-fb3d4a5a22d5|rpc:127.0.0.1:34623|dataStream:|priority:1], old=null
2021-08-10 07:28:57,419 [Listener at 127.0.0.1/11816] INFO  ozone.MiniOzoneClusterImpl (MiniOzoneClusterImpl.java:lambda$waitForClusterToBeReady$0(235)) - Nodes are ready. Got 3 of 3 DN Heartbeats.
2021-08-10 07:28:57,419 [Listener at 127.0.0.1/11816] INFO  ozone.MiniOzoneClusterImpl (MiniOzoneClusterImpl.java:lambda$waitForClusterToBeReady$0(238)) - Cluster exits safe mode
2021-08-10 07:28:57,419 [Listener at 127.0.0.1/11816] INFO  ozone.MiniOzoneClusterImpl (MiniOzoneClusterImpl.java:lambda$waitForClusterToBeReady$0(240)) - SCM became leader
2021-08-10 07:28:57,445 [IPC Server handler 0 on default port 11816] INFO  ha.SCMNodeInfo (SCMNodeInfo.java:getPort(197)) - ConfigKey ozone.scm.client.address is deprecated, For configuring different ports for each SCM use PortConfigKey ozone.scm.client.port appended with serviceId and nodeId
2021-08-10 07:28:57,445 [IPC Server handler 0 on default port 11816] INFO  ha.SCMNodeInfo (SCMNodeInfo.java:getPort(197)) - ConfigKey ozone.scm.block.client.address is deprecated, For configuring different ports for each SCM use PortConfigKey ozone.scm.block.client.port appended with serviceId and nodeId
2021-08-10 07:28:57,445 [IPC Server handler 0 on default port 11816] INFO  ha.SCMNodeInfo (SCMNodeInfo.java:getPort(197)) - ConfigKey ozone.scm.datanode.address is deprecated, For configuring different ports for each SCM use PortConfigKey ozone.scm.datanode.port appended with serviceId and nodeId
2021-08-10 07:28:57,454 [Listener at 127.0.0.1/11816] INFO  rpc.RpcClient (RpcClient.java:createVolume(342)) - Creating Volume: volume11772, with runner as owner and space quota set to -1 bytes, counts quota set to -1
2021-08-10 07:28:57,461 [OM StateMachine ApplyTransaction Thread - 0] INFO  volume.OMVolumeCreateRequest (OMVolumeCreateRequest.java:validateAndUpdateCache(195)) - created volume:volume11772 for user:runner
2021-08-10 07:28:57,482 [Listener at 127.0.0.1/11816] INFO  rpc.RpcClient (RpcClient.java:createBucket(502)) - Creating Bucket: volume11772/bucket43596, with Versioning false and Storage Type set to DISK and Encryption set to false 
2021-08-10 07:28:57,550 [8ca6ee1f-9342-4413-9dac-77381ef541ed@group-A26F7BE21E7F-StateMachineUpdater] INFO  pipeline.PipelineStateManager (PipelineStateManagerV2Impl.java:addPipeline(101)) - Created pipeline Pipeline[ Id: 53a47a3b-8397-4062-8cfc-e46e3c3828c8, Nodes: 8c87d662-2c82-4859-8c2c-fb3d4a5a22d5{ip: 127.0.0.1, host: localhost, ports: [REPLICATION=41501, RATIS=34623, RATIS_ADMIN=34623, RATIS_SERVER=34623, STANDALONE=44325], networkLocation: /default-rack, certSerialId: null, persistedOpState: IN_SERVICE, persistedOpStateExpiryEpochSec: 0}, ReplicationConfig: STANDALONE/ONE, State:OPEN, leaderId:, CreationTimestamp2021-08-10T07:28:57.548Z[Etc/UTC]].
2021-08-10 07:28:57,551 [IPC Server handler 3 on default port 14022] INFO  ha.SCMHAInvocationHandler (SCMHAInvocationHandler.java:invokeRatis(113)) - Invoking method public abstract void org.apache.hadoop.hdds.scm.pipeline.StateManager.addPipeline(org.apache.hadoop.hdds.protocol.proto.HddsProtos$Pipeline) throws java.io.IOException on target org.apache.hadoop.hdds.scm.ha.SCMRatisServerImpl@2d62c3c0, cost 2990.224us
2021-08-10 07:28:57,553 [IPC Server handler 3 on default port 14022] INFO  ha.SCMHAInvocationHandler (SCMHAInvocationHandler.java:invokeRatis(113)) - Invoking method public abstract java.lang.Boolean org.apache.hadoop.hdds.scm.ha.SequenceIdGenerator$StateManager.allocateBatch(java.lang.String,java.lang.Long,java.lang.Long) on target org.apache.hadoop.hdds.scm.ha.SCMRatisServerImpl@2d62c3c0, cost 1813.114us
2021-08-10 07:28:57,553 [IPC Server handler 3 on default port 14022] INFO  ha.SequenceIdGenerator (SequenceIdGenerator.java:getNextId(127)) - Allocate a batch for containerId, change lastId from 0 to 1000.
2021-08-10 07:28:57,556 [IPC Server handler 3 on default port 14022] INFO  ha.SCMHAInvocationHandler (SCMHAInvocationHandler.java:invokeRatis(113)) - Invoking method public abstract void org.apache.hadoop.hdds.scm.container.ContainerStateManagerV2.addContainer(org.apache.hadoop.hdds.protocol.proto.HddsProtos$ContainerInfoProto) throws java.io.IOException on target org.apache.hadoop.hdds.scm.ha.SCMRatisServerImpl@2d62c3c0, cost 2704.122us
2021-08-10 07:28:57,557 [8ca6ee1f-9342-4413-9dac-77381ef541ed@group-A26F7BE21E7F-StateMachineUpdater] WARN  ha.SequenceIdGenerator (SequenceIdGenerator.java:allocateBatch(234)) - Failed to allocate a batch for localId, expected lastId is 0, actual lastId is 107544261427200000.
2021-08-10 07:28:57,562 [IPC Server handler 3 on default port 14022] INFO  ha.SCMHAInvocationHandler (SCMHAInvocationHandler.java:invokeRatis(113)) - Invoking method public abstract java.lang.Boolean org.apache.hadoop.hdds.scm.ha.SequenceIdGenerator$StateManager.allocateBatch(java.lang.String,java.lang.Long,java.lang.Long) on target org.apache.hadoop.hdds.scm.ha.SCMRatisServerImpl@2d62c3c0, cost 5262.741us
2021-08-10 07:28:57,573 [IPC Server handler 3 on default port 14022] INFO  ha.SCMHAInvocationHandler (SCMHAInvocationHandler.java:invokeRatis(113)) - Invoking method public abstract java.lang.Boolean org.apache.hadoop.hdds.scm.ha.SequenceIdGenerator$StateManager.allocateBatch(java.lang.String,java.lang.Long,java.lang.Long) on target org.apache.hadoop.hdds.scm.ha.SCMRatisServerImpl@2d62c3c0, cost 10349.281us
2021-08-10 07:28:57,573 [IPC Server handler 3 on default port 14022] INFO  ha.SequenceIdGenerator (SequenceIdGenerator.java:getNextId(127)) - Allocate a batch for localId, change lastId from 107544261427200000 to 107544261427201000.
2021-08-10 07:28:57,584 [EndpointStateMachine task thread for /127.0.0.1:15917 - 0 ] INFO  ipc.Client (Client.java:handleConnectionFailure(977)) - Retrying connect to server: localhost/127.0.0.1:15917. Already tried 14 time(s); retry policy is RetryUpToMaximumCountWithFixedSleep(maxRetries=15, sleepTime=1000 MILLISECONDS)
2021-08-10 07:28:57,584 [ffb733bb-4214-438b-9ff2-a6b3cef337b6@group-01B3767AAB5D-FollowerState] INFO  impl.FollowerState (FollowerState.java:run(134)) - ffb733bb-4214-438b-9ff2-a6b3cef337b6@group-01B3767AAB5D-FollowerState: change to CANDIDATE, lastRpcElapsedTime:5093694608ns, electionTimeout:5093ms
2021-08-10 07:28:57,584 [ffb733bb-4214-438b-9ff2-a6b3cef337b6@group-01B3767AAB5D-FollowerState] INFO  impl.RoleInfo (RoleInfo.java:shutdownFollowerState(108)) - ffb733bb-4214-438b-9ff2-a6b3cef337b6: shutdown ffb733bb-4214-438b-9ff2-a6b3cef337b6@group-01B3767AAB5D-FollowerState
2021-08-10 07:28:57,584 [ffb733bb-4214-438b-9ff2-a6b3cef337b6@group-01B3767AAB5D-FollowerState] INFO  server.RaftServer$Division (RaftServerImpl.java:setRole(285)) - ffb733bb-4214-438b-9ff2-a6b3cef337b6@group-01B3767AAB5D: changes role from  FOLLOWER to CANDIDATE at term 0 for changeToCandidate
2021-08-10 07:28:57,584 [ffb733bb-4214-438b-9ff2-a6b3cef337b6@group-01B3767AAB5D-FollowerState] INFO  server.RaftServerConfigKeys (ConfUtils.java:logGet(44)) - raft.server.leaderelection.pre-vote = false (custom)
2021-08-10 07:28:57,584 [ffb733bb-4214-438b-9ff2-a6b3cef337b6@group-01B3767AAB5D-FollowerState] INFO  impl.RoleInfo (RoleInfo.java:updateAndGet(130)) - ffb733bb-4214-438b-9ff2-a6b3cef337b6: start ffb733bb-4214-438b-9ff2-a6b3cef337b6@group-01B3767AAB5D-LeaderElection33
2021-08-10 07:28:57,586 [EndpointStateMachine task thread for /127.0.0.1:13049 - 0 ] INFO  ipc.Client (Client.java:handleConnectionFailure(977)) - Retrying connect to server: localhost/127.0.0.1:13049. Already tried 13 time(s); retry policy is RetryUpToMaximumCountWithFixedSleep(maxRetries=15, sleepTime=1000 MILLISECONDS)
2021-08-10 07:28:57,620 [ffb733bb-4214-438b-9ff2-a6b3cef337b6@group-01B3767AAB5D-LeaderElection33] INFO  impl.LeaderElection (LeaderElection.java:askForVotes(306)) - ffb733bb-4214-438b-9ff2-a6b3cef337b6@group-01B3767AAB5D-LeaderElection33 ELECTION round 0: submit vote requests at term 1 for -1: [ffb733bb-4214-438b-9ff2-a6b3cef337b6|rpc:127.0.0.1:41683|priority:1], old=null
2021-08-10 07:28:57,620 [ffb733bb-4214-438b-9ff2-a6b3cef337b6@group-01B3767AAB5D-LeaderElection33] INFO  impl.LeaderElection (LeaderElection.java:askForVotes(308)) - ffb733bb-4214-438b-9ff2-a6b3cef337b6@group-01B3767AAB5D-LeaderElection33 ELECTION round 0: result PASSED (term=1)
2021-08-10 07:28:57,620 [ffb733bb-4214-438b-9ff2-a6b3cef337b6@group-01B3767AAB5D-LeaderElection33] INFO  impl.RoleInfo (RoleInfo.java:shutdownLeaderElection(121)) - ffb733bb-4214-438b-9ff2-a6b3cef337b6: shutdown ffb733bb-4214-438b-9ff2-a6b3cef337b6@group-01B3767AAB5D-LeaderElection33
2021-08-10 07:28:57,620 [ffb733bb-4214-438b-9ff2-a6b3cef337b6@group-01B3767AAB5D-LeaderElection33] INFO  server.RaftServer$Division (RaftServerImpl.java:setRole(285)) - ffb733bb-4214-438b-9ff2-a6b3cef337b6@group-01B3767AAB5D: changes role from CANDIDATE to LEADER at term 1 for changeToLeader
2021-08-10 07:28:57,620 [ffb733bb-4214-438b-9ff2-a6b3cef337b6@group-01B3767AAB5D-LeaderElection33] INFO  ratis.XceiverServerRatis (XceiverServerRatis.java:handleLeaderChangedNotification(857)) - Leader change notification received for group: group-01B3767AAB5D with new leaderId: ffb733bb-4214-438b-9ff2-a6b3cef337b6
2021-08-10 07:28:57,621 [Datanode State Machine Thread - 0] WARN  statemachine.StateContext (StateContext.java:execute(621)) - No available thread in pool for past 1 seconds.
2021-08-10 07:28:57,621 [ffb733bb-4214-438b-9ff2-a6b3cef337b6@group-01B3767AAB5D-LeaderElection33] INFO  server.RaftServer$Division (ServerState.java:setLeader(285)) - ffb733bb-4214-438b-9ff2-a6b3cef337b6@group-01B3767AAB5D: change Leader from null to ffb733bb-4214-438b-9ff2-a6b3cef337b6 at term 1 for becomeLeader, leader elected after 5135ms
2021-08-10 07:28:57,623 [ffb733bb-4214-438b-9ff2-a6b3cef337b6@group-01B3767AAB5D-LeaderElection33] INFO  server.RaftServerConfigKeys (ConfUtils.java:logGet(44)) - raft.server.staging.catchup.gap = 1000 (default)
2021-08-10 07:28:57,623 [ffb733bb-4214-438b-9ff2-a6b3cef337b6@group-01B3767AAB5D-LeaderElection33] INFO  server.RaftServerConfigKeys (ConfUtils.java:logGet(44)) - raft.server.write.element-limit = 1024 (custom)
2021-08-10 07:28:57,636 [ffb733bb-4214-438b-9ff2-a6b3cef337b6@group-01B3767AAB5D-LeaderElection33] INFO  server.RaftServerConfigKeys (ConfUtils.java:logGet(44)) - raft.server.write.byte-limit = 1073741824 (custom)
2021-08-10 07:28:57,636 [ffb733bb-4214-438b-9ff2-a6b3cef337b6@group-01B3767AAB5D-LeaderElection33] INFO  server.RaftServerConfigKeys (ConfUtils.java:logGet(44)) - raft.server.watch.timeout = 180s (custom)
2021-08-10 07:28:57,636 [ffb733bb-4214-438b-9ff2-a6b3cef337b6@group-01B3767AAB5D-LeaderElection33] INFO  server.RaftServerConfigKeys (ConfUtils.java:logGet(44)) - raft.server.watch.timeout.denomination = 1s (default)
2021-08-10 07:28:57,636 [ffb733bb-4214-438b-9ff2-a6b3cef337b6@group-01B3767AAB5D-LeaderElection33] INFO  server.RaftServerConfigKeys (ConfUtils.java:logGet(44)) - raft.server.watch.element-limit = 65536 (default)
2021-08-10 07:28:57,636 [ffb733bb-4214-438b-9ff2-a6b3cef337b6@group-01B3767AAB5D-LeaderElection33] INFO  impl.RoleInfo (RoleInfo.java:updateAndGet(130)) - ffb733bb-4214-438b-9ff2-a6b3cef337b6: start ffb733bb-4214-438b-9ff2-a6b3cef337b6@group-01B3767AAB5D-LeaderStateImpl
2021-08-10 07:28:57,645 [ffb733bb-4214-438b-9ff2-a6b3cef337b6@group-01B3767AAB5D-LeaderElection33] INFO  segmented.SegmentedRaftLogWorker (SegmentedRaftLogWorker.java:startLogSegment(394)) - ffb733bb-4214-438b-9ff2-a6b3cef337b6@group-01B3767AAB5D-SegmentedRaftLogWorker: Starting segment from index:0
2021-08-10 07:28:57,647 [ffb733bb-4214-438b-9ff2-a6b3cef337b6@group-01B3767AAB5D-LeaderElection33] INFO  server.RaftServer$Division (ServerState.java:setRaftConf(387)) - ffb733bb-4214-438b-9ff2-a6b3cef337b6@group-01B3767AAB5D: set configuration 0: [ffb733bb-4214-438b-9ff2-a6b3cef337b6|rpc:127.0.0.1:41683|dataStream:|priority:1], old=null
2021-08-10 07:28:57,657 [ffb733bb-4214-438b-9ff2-a6b3cef337b6@group-01B3767AAB5D-SegmentedRaftLogWorker] INFO  segmented.SegmentedRaftLogWorker (SegmentedRaftLogWorker.java:execute(601)) - ffb733bb-4214-438b-9ff2-a6b3cef337b6@group-01B3767AAB5D-SegmentedRaftLogWorker: created new log segment /home/runner/work/ozone/ozone/hadoop-ozone/integration-test/target/test-dir/MiniOzoneClusterImpl-4c935f51-a36a-4569-b515-a26f7be21e7f/datanode-2/data/ratis/df47f92d-d853-4816-b5de-01b3767aab5d/current/log_inprogress_0
2021-08-10 07:28:57,706 [Datanode State Machine Thread - 0] WARN  statemachine.StateContext (StateContext.java:execute(621)) - No available thread in pool for past 1 seconds.
2021-08-10 07:28:57,744 [Listener at 127.0.0.1/11816] INFO  ha.OMHANodeDetails (OMHANodeDetails.java:loadOMHAConfig(118)) - ServiceID for OzoneManager is om-bootstrap
2021-08-10 07:28:57,745 [Listener at 127.0.0.1/11816] INFO  ha.OMHANodeDetails (OMHANodeDetails.java:loadOMHAConfig(194)) - Found matching OM address with OMServiceId: om-bootstrap, OMNodeId: omNode-bootstrap-1, RPC Address: localhost:10052 and Ratis port: 10056
2021-08-10 07:28:57,745 [Listener at 127.0.0.1/11816] INFO  ha.OMHANodeDetails (ConfUtils.java:setNodeSpecificConfigs(108)) - Setting configuration key ozone.om.http-address with value of key ozone.om.http-address.om-bootstrap.omNode-bootstrap-1: 127.0.0.1:10054
2021-08-10 07:28:57,745 [Listener at 127.0.0.1/11816] INFO  ha.OMHANodeDetails (ConfUtils.java:setNodeSpecificConfigs(108)) - Setting configuration key ozone.om.https-address with value of key ozone.om.https-address.om-bootstrap.omNode-bootstrap-1: 127.0.0.1:10055
2021-08-10 07:28:57,745 [Listener at 127.0.0.1/11816] INFO  ha.OMHANodeDetails (ConfUtils.java:setNodeSpecificConfigs(108)) - Setting configuration key ozone.om.address with value of key ozone.om.address.om-bootstrap.omNode-bootstrap-1: 127.0.0.1:10052
2021-08-10 07:28:57,745 [Listener at 127.0.0.1/11816] WARN  server.ServerUtils (ServerUtils.java:getDBPath(225)) - ozone.om.db.dirs is not configured. We recommend adding this setting. Falling back to ozone.metadata.dirs instead.
2021-08-10 07:28:57,745 [Listener at 127.0.0.1/11816] INFO  ha.SCMNodeInfo (SCMNodeInfo.java:getPort(197)) - ConfigKey ozone.scm.client.address is deprecated, For configuring different ports for each SCM use PortConfigKey ozone.scm.client.port appended with serviceId and nodeId
2021-08-10 07:28:57,746 [Listener at 127.0.0.1/11816] INFO  ha.SCMNodeInfo (SCMNodeInfo.java:getPort(197)) - ConfigKey ozone.scm.block.client.address is deprecated, For configuring different ports for each SCM use PortConfigKey ozone.scm.block.client.port appended with serviceId and nodeId
2021-08-10 07:28:57,746 [Listener at 127.0.0.1/11816] INFO  ha.SCMNodeInfo (SCMNodeInfo.java:getPort(197)) - ConfigKey ozone.scm.datanode.address is deprecated, For configuring different ports for each SCM use PortConfigKey ozone.scm.datanode.port appended with serviceId and nodeId
OM initialization succeeded.Current cluster id for sd=/home/runner/work/ozone/ozone/hadoop-ozone/integration-test/target/test-dir/MiniOzoneClusterImpl-4c935f51-a36a-4569-b515-a26f7be21e7f/omNode-bootstrap-1/om;cid=4c935f51-a36a-4569-b515-a26f7be21e7f;layoutVersion=0
2021-08-10 07:28:57,767 [Listener at 127.0.0.1/11816] INFO  ha.OMHANodeDetails (OMHANodeDetails.java:loadOMHAConfig(118)) - ServiceID for OzoneManager is om-bootstrap
2021-08-10 07:28:57,767 [Listener at 127.0.0.1/11816] INFO  ha.OMHANodeDetails (OMHANodeDetails.java:loadOMHAConfig(194)) - Found matching OM address with OMServiceId: om-bootstrap, OMNodeId: omNode-bootstrap-1, RPC Address: localhost:10052 and Ratis port: 10056
2021-08-10 07:28:57,767 [Listener at 127.0.0.1/11816] INFO  ha.OMHANodeDetails (ConfUtils.java:setNodeSpecificConfigs(108)) - Setting configuration key ozone.om.http-address with value of key ozone.om.http-address.om-bootstrap.omNode-bootstrap-1: 127.0.0.1:10054
2021-08-10 07:28:57,767 [Listener at 127.0.0.1/11816] INFO  ha.OMHANodeDetails (ConfUtils.java:setNodeSpecificConfigs(108)) - Setting configuration key ozone.om.https-address with value of key ozone.om.https-address.om-bootstrap.omNode-bootstrap-1: 127.0.0.1:10055
2021-08-10 07:28:57,767 [Listener at 127.0.0.1/11816] INFO  ha.OMHANodeDetails (ConfUtils.java:setNodeSpecificConfigs(108)) - Setting configuration key ozone.om.address with value of key ozone.om.address.om-bootstrap.omNode-bootstrap-1: 127.0.0.1:10052
2021-08-10 07:28:57,767 [Listener at 127.0.0.1/11816] WARN  server.ServerUtils (ServerUtils.java:getDBPath(225)) - ozone.om.db.dirs is not configured. We recommend adding this setting. Falling back to ozone.metadata.dirs instead.
2021-08-10 07:28:57,768 [Listener at 127.0.0.1/11816] INFO  upgrade.AbstractLayoutVersionManager (AbstractLayoutVersionManager.java:init(70)) - Initializing Layout version manager with metadata layout = INITIAL_VERSION (version = 0), software layout = INITIAL_VERSION (version = 0)
2021-08-10 07:28:57,869 [Listener at 127.0.0.1/11816] INFO  reflections.Reflections (Reflections.java:scan(232)) - Reflections took 101 ms to scan 2 urls, producing 131 keys and 342 values [using 2 cores]
2021-08-10 07:28:57,870 [Listener at 127.0.0.1/11816] INFO  upgrade.OMLayoutVersionManager (OMLayoutVersionManager.java:lambda$0(116)) - Skipping Upgrade Action MockOmUpgradeAction since it has been finalized.
2021-08-10 07:28:57,870 [Listener at 127.0.0.1/11816] WARN  server.ServerUtils (ServerUtils.java:getDBPath(225)) - ozone.om.db.dirs is not configured. We recommend adding this setting. Falling back to ozone.metadata.dirs instead.
2021-08-10 07:28:57,870 [Listener at 127.0.0.1/11816] INFO  ha.SCMNodeInfo (SCMNodeInfo.java:getPort(197)) - ConfigKey ozone.scm.client.address is deprecated, For configuring different ports for each SCM use PortConfigKey ozone.scm.client.port appended with serviceId and nodeId
2021-08-10 07:28:57,873 [Listener at 127.0.0.1/11816] INFO  ha.SCMNodeInfo (SCMNodeInfo.java:getPort(197)) - ConfigKey ozone.scm.block.client.address is deprecated, For configuring different ports for each SCM use PortConfigKey ozone.scm.block.client.port appended with serviceId and nodeId
2021-08-10 07:28:57,873 [Listener at 127.0.0.1/11816] INFO  ha.SCMNodeInfo (SCMNodeInfo.java:getPort(197)) - ConfigKey ozone.scm.datanode.address is deprecated, For configuring different ports for each SCM use PortConfigKey ozone.scm.datanode.port appended with serviceId and nodeId
2021-08-10 07:28:57,873 [Listener at 127.0.0.1/11816] INFO  ha.SCMNodeInfo (SCMNodeInfo.java:getPort(197)) - ConfigKey ozone.scm.client.address is deprecated, For configuring different ports for each SCM use PortConfigKey ozone.scm.client.port appended with serviceId and nodeId
2021-08-10 07:28:57,873 [Listener at 127.0.0.1/11816] INFO  ha.SCMNodeInfo (SCMNodeInfo.java:getPort(197)) - ConfigKey ozone.scm.block.client.address is deprecated, For configuring different ports for each SCM use PortConfigKey ozone.scm.block.client.port appended with serviceId and nodeId
2021-08-10 07:28:57,873 [Listener at 127.0.0.1/11816] INFO  ha.SCMNodeInfo (SCMNodeInfo.java:getPort(197)) - ConfigKey ozone.scm.datanode.address is deprecated, For configuring different ports for each SCM use PortConfigKey ozone.scm.datanode.port appended with serviceId and nodeId
2021-08-10 07:28:57,874 [Listener at 127.0.0.1/11816] INFO  ha.SCMNodeInfo (SCMNodeInfo.java:getPort(197)) - ConfigKey ozone.scm.client.address is deprecated, For configuring different ports for each SCM use PortConfigKey ozone.scm.client.port appended with serviceId and nodeId
2021-08-10 07:28:57,874 [Listener at 127.0.0.1/11816] INFO  ha.SCMNodeInfo (SCMNodeInfo.java:getPort(197)) - ConfigKey ozone.scm.block.client.address is deprecated, For configuring different ports for each SCM use PortConfigKey ozone.scm.block.client.port appended with serviceId and nodeId
2021-08-10 07:28:57,874 [Listener at 127.0.0.1/11816] INFO  ha.SCMNodeInfo (SCMNodeInfo.java:getPort(197)) - ConfigKey ozone.scm.datanode.address is deprecated, For configuring different ports for each SCM use PortConfigKey ozone.scm.datanode.port appended with serviceId and nodeId
2021-08-10 07:28:57,892 [Listener at 127.0.0.1/11816] WARN  server.ServerUtils (ServerUtils.java:getDBPath(225)) - ozone.om.db.dirs is not configured. We recommend adding this setting. Falling back to ozone.metadata.dirs instead.
2021-08-10 07:28:57,892 [Listener at 127.0.0.1/11816] INFO  codec.OmKeyInfoCodec (OmKeyInfoCodec.java:<init>(51)) - OmKeyInfoCodec ignorePipeline = true
2021-08-10 07:28:57,893 [Listener at 127.0.0.1/11816] INFO  codec.RepeatedOmKeyInfoCodec (RepeatedOmKeyInfoCodec.java:<init>(42)) - RepeatedOmKeyInfoCodec ignorePipeline = true
2021-08-10 07:28:58,103 [Listener at 127.0.0.1/11816] INFO  om.OzoneManager (OzoneManager.java:addS3GVolumeToDB(4115)) - Created Volume s3v With Owner runner required for S3Gateway operations.
2021-08-10 07:28:58,103 [Listener at 127.0.0.1/11816] WARN  server.ServerUtils (ServerUtils.java:getDefaultRatisDirectory(237)) - Storage directory for Ratis is not configured. It is a good idea to map this to an SSD disk. Falling back to ozone.metadata.dirs
2021-08-10 07:28:58,104 [Listener at 127.0.0.1/11816] WARN  utils.OzoneManagerRatisUtils (OzoneManagerRatisUtils.java:getOMRatisSnapshotDirectory(391)) - ozone.om.ratis.snapshot.dir is not configured. Falling back to ozone.metadata.dirs config
2021-08-10 07:28:58,104 [Listener at 127.0.0.1/11816] INFO  snapshot.OzoneManagerSnapshotProvider (OzoneManagerSnapshotProvider.java:<init>(76)) - Initializing OM Snapshot Provider
2021-08-10 07:28:58,105 [Listener at 127.0.0.1/11816] WARN  impl.MetricRegistriesImpl (MetricRegistriesImpl.java:addReporterRegistration(111)) - New reporters are added after registries were created. Some metrics will be missing from the reporter. Please add reporter before adding any new registry.
2021-08-10 07:28:58,105 [Listener at 127.0.0.1/11816] WARN  impl.MetricRegistriesImpl (MetricRegistriesImpl.java:addReporterRegistration(111)) - New reporters are added after registries were created. Some metrics will be missing from the reporter. Please add reporter before adding any new registry.
2021-08-10 07:28:58,105 [Listener at 127.0.0.1/11816] WARN  server.ServerUtils (ServerUtils.java:getDefaultRatisDirectory(237)) - Storage directory for Ratis is not configured. It is a good idea to map this to an SSD disk. Falling back to ozone.metadata.dirs
2021-08-10 07:28:58,105 [Listener at 127.0.0.1/11816] INFO  ratis.OzoneManagerRatisServer (OzoneManagerRatisServer.java:<init>(151)) - OM started in Bootstrap mode. Instantiating OM Ratis server with groupID: om-bootstrap
2021-08-10 07:28:58,106 [Listener at 127.0.0.1/11816] INFO  ratis.OzoneManagerStateMachine (OzoneManagerStateMachine.java:loadSnapshotInfoFromDB(605)) - LastAppliedIndex is set from TransactionInfo from OM DB as (t:0, i:~)
2021-08-10 07:28:58,122 [Listener at 127.0.0.1/11816] INFO  server.RaftServer (ConfUtils.java:logGet(44)) - raft.rpc.type = GRPC (default)
2021-08-10 07:28:58,122 [Listener at 127.0.0.1/11816] INFO  grpc.GrpcFactory (GrpcFactory.java:checkPooledByteBufAllocatorUseCacheForAllThreads(48)) - PERFORMANCE WARNING: useCacheForAllThreads is true that may cause Netty to create a lot garbage objects and, as a result, trigger GC.
	It is recommended to disable useCacheForAllThreads by setting -Dorg.apache.ratis.thirdparty.io.netty.allocator.useCacheForAllThreads=false in command line.
2021-08-10 07:28:58,122 [Listener at 127.0.0.1/11816] INFO  grpc.GrpcConfigKeys (ConfUtils.java:logGet(44)) - raft.grpc.admin.port = -1 (default)
2021-08-10 07:28:58,122 [Listener at 127.0.0.1/11816] INFO  grpc.GrpcConfigKeys (ConfUtils.java:logGet(44)) - raft.grpc.server.port = 10056 (custom)
2021-08-10 07:28:58,122 [Listener at 127.0.0.1/11816] INFO  grpc.GrpcConfigKeys (ConfUtils.java:logGet(44)) - raft.grpc.client.port = -1 (default)
2021-08-10 07:28:58,122 [Listener at 127.0.0.1/11816] INFO  grpc.GrpcConfigKeys (ConfUtils.java:logGet(44)) - raft.grpc.server.port = 10056 (custom)
2021-08-10 07:28:58,122 [Listener at 127.0.0.1/11816] INFO  grpc.GrpcConfigKeys (ConfUtils.java:logGet(44)) - raft.grpc.server.port = 10056 (custom)
2021-08-10 07:28:58,122 [Listener at 127.0.0.1/11816] INFO  server.GrpcService (ConfUtils.java:logGet(44)) - raft.grpc.message.size.max = 33554432 (custom)
2021-08-10 07:28:58,122 [Listener at 127.0.0.1/11816] INFO  server.RaftServerConfigKeys (ConfUtils.java:logGet(44)) - raft.server.log.appender.buffer.byte-limit = 33554432 (custom)
2021-08-10 07:28:58,122 [Listener at 127.0.0.1/11816] INFO  server.GrpcService (ConfUtils.java:logGet(44)) - raft.grpc.flow.control.window = 1MB (=1048576) (default)
2021-08-10 07:28:58,122 [Listener at 127.0.0.1/11816] INFO  server.RaftServerConfigKeys (ConfUtils.java:logGet(44)) - raft.server.rpc.request.timeout = 3000ms (default)
2021-08-10 07:28:58,123 [Listener at 127.0.0.1/11816] INFO  impl.DataStreamServerImpl (ConfUtils.java:logGet(44)) - raft.datastream.type = DISABLED (default)
2021-08-10 07:28:58,123 [Listener at 127.0.0.1/11816] INFO  server.RaftServerConfigKeys (ConfUtils.java:logGet(44)) - raft.server.rpc.slowness.timeout = 2s (custom)
2021-08-10 07:28:58,123 [Listener at 127.0.0.1/11816] INFO  server.RaftServerConfigKeys (ConfUtils.java:logGet(44)) - raft.server.leaderelection.leader.step-down.wait-time = 10s (default)
2021-08-10 07:28:58,123 [Listener at 127.0.0.1/11816] INFO  server.RaftServerConfigKeys (ConfUtils.java:logGet(44)) - raft.server.storage.dir = [/home/runner/work/ozone/ozone/hadoop-ozone/integration-test/target/test-dir/MiniOzoneClusterImpl-4c935f51-a36a-4569-b515-a26f7be21e7f/omNode-bootstrap-1/ratis] (custom)
2021-08-10 07:28:58,141 [Listener at 127.0.0.1/11816] INFO  server.RaftServer (RaftServerProxy.java:addNew(95)) - omNode-bootstrap-1: addNew group-33FC8B15A7E9:[] returns group-33FC8B15A7E9:java.util.concurrent.CompletableFuture@354c32f6[Not completed]
2021-08-10 07:28:58,141 [pool-507-thread-1] INFO  server.RaftServer$Division (RaftServerImpl.java:<init>(181)) - omNode-bootstrap-1: new RaftServerImpl for group-33FC8B15A7E9:[] with OzoneManagerStateMachine:uninitialized
2021-08-10 07:28:58,141 [Listener at 127.0.0.1/11816] INFO  om.OzoneManager (OzoneManager.java:initializeRatisServer(1573)) - OzoneManager Ratis server initialized at port 10056
2021-08-10 07:28:58,142 [Listener at 127.0.0.1/11816] INFO  ipc.CallQueueManager (CallQueueManager.java:<init>(90)) - Using callQueue: class java.util.concurrent.LinkedBlockingQueue, queueCapacity: 2000, scheduler: class org.apache.hadoop.ipc.DefaultRpcScheduler, ipcBackoff: false.
2021-08-10 07:28:58,146 [Socket Reader #1 for port 10052] INFO  ipc.Server (Server.java:run(1265)) - Starting Socket Reader #1 for port 10052
2021-08-10 07:28:58,156 [pool-507-thread-1] INFO  server.RaftServerConfigKeys (ConfUtils.java:logGet(44)) - raft.server.rpc.timeout.min = 1s (custom)
2021-08-10 07:28:58,156 [pool-507-thread-1] INFO  server.RaftServerConfigKeys (ConfUtils.java:logGet(44)) - raft.server.rpc.timeout.max = 1200ms (custom)
2021-08-10 07:28:58,156 [pool-507-thread-1] INFO  server.RaftServerConfigKeys (ConfUtils.java:logGet(44)) - raft.server.rpc.sleep.time = 25ms (default)
2021-08-10 07:28:58,156 [pool-507-thread-1] INFO  server.RaftServerConfigKeys (ConfUtils.java:logGet(44)) - raft.server.rpc.slowness.timeout = 2s (custom)
2021-08-10 07:28:58,156 [pool-507-thread-1] INFO  server.RaftServerConfigKeys (ConfUtils.java:logGet(44)) - raft.server.leaderelection.leader.step-down.wait-time = 10s (default)
2021-08-10 07:28:58,156 [pool-507-thread-1] INFO  server.RaftServerConfigKeys (ConfUtils.java:logGet(44)) - raft.server.sleep.deviation.threshold = 300ms (default)
2021-08-10 07:28:58,156 [pool-507-thread-1] INFO  server.RaftServerConfigKeys (ConfUtils.java:logGet(44)) - raft.server.log.appender.install.snapshot.enabled = false (custom)
2021-08-10 07:28:58,156 [pool-507-thread-1] INFO  server.RaftServer$Division (ServerState.java:<init>(105)) - omNode-bootstrap-1@group-33FC8B15A7E9: ConfigurationManager, init=-1: [], old=null, confs=<EMPTY_MAP>
2021-08-10 07:28:58,156 [pool-507-thread-1] INFO  server.RaftServerConfigKeys (ConfUtils.java:logGet(44)) - raft.server.storage.dir = [/home/runner/work/ozone/ozone/hadoop-ozone/integration-test/target/test-dir/MiniOzoneClusterImpl-4c935f51-a36a-4569-b515-a26f7be21e7f/omNode-bootstrap-1/ratis] (custom)
2021-08-10 07:28:58,156 [pool-507-thread-1] INFO  server.RaftServerConfigKeys (ConfUtils.java:logGet(44)) - raft.server.log.corruption.policy = EXCEPTION (default)
2021-08-10 07:28:58,156 [pool-507-thread-1] INFO  server.RaftServerConfigKeys (ConfUtils.java:logGet(44)) - raft.server.storage.free-space.min = 0MB (=0) (default)
2021-08-10 07:28:58,156 [pool-507-thread-1] INFO  storage.RaftStorageDirectory (RaftStorageDirectoryImpl.java:analyzeStorage(135)) - The storage directory /home/runner/work/ozone/ozone/hadoop-ozone/integration-test/target/test-dir/MiniOzoneClusterImpl-4c935f51-a36a-4569-b515-a26f7be21e7f/omNode-bootstrap-1/ratis/a5a8c63e-4922-3a03-b163-33fc8b15a7e9 does not exist. Creating ...
2021-08-10 07:28:58,157 [pool-507-thread-1] INFO  storage.RaftStorageDirectory (RaftStorageDirectoryImpl.java:tryLock(230)) - Lock on /home/runner/work/ozone/ozone/hadoop-ozone/integration-test/target/test-dir/MiniOzoneClusterImpl-4c935f51-a36a-4569-b515-a26f7be21e7f/omNode-bootstrap-1/ratis/a5a8c63e-4922-3a03-b163-33fc8b15a7e9/in_use.lock acquired by nodename 25326@fv-az270-250
2021-08-10 07:28:58,160 [pool-507-thread-1] INFO  storage.RaftStorage (RaftStorageImpl.java:format(89)) - Storage directory /home/runner/work/ozone/ozone/hadoop-ozone/integration-test/target/test-dir/MiniOzoneClusterImpl-4c935f51-a36a-4569-b515-a26f7be21e7f/omNode-bootstrap-1/ratis/a5a8c63e-4922-3a03-b163-33fc8b15a7e9 has been successfully formatted.
2021-08-10 07:28:58,160 [pool-507-thread-1] INFO  server.RaftServerConfigKeys (ConfUtils.java:logGet(44)) - raft.server.notification.no-leader.timeout = 2s (custom)
2021-08-10 07:28:58,160 [pool-507-thread-1] INFO  server.RaftServerConfigKeys (ConfUtils.java:logGet(44)) - raft.server.log.use.memory = false (default)
2021-08-10 07:28:58,160 [pool-507-thread-1] INFO  server.RaftServerConfigKeys (ConfUtils.java:logGet(44)) - raft.server.log.purge.gap = 1000000 (custom)
2021-08-10 07:28:58,160 [pool-507-thread-1] INFO  server.RaftServerConfigKeys (ConfUtils.java:logGet(44)) - raft.server.log.appender.buffer.byte-limit = 33554432 (custom)
2021-08-10 07:28:58,160 [pool-507-thread-1] INFO  server.RaftServerConfigKeys (ConfUtils.java:logGet(44)) - raft.server.log.segment.size.max = 4194304 (custom)
2021-08-10 07:28:58,161 [pool-507-thread-1] INFO  server.RaftServerConfigKeys (ConfUtils.java:logGet(44)) - raft.server.log.segment.cache.num.max = 2 (custom)
2021-08-10 07:28:58,161 [pool-507-thread-1] INFO  server.RaftServerConfigKeys (ConfUtils.java:logGet(44)) - raft.server.log.segment.cache.size.max = 200MB (=209715200) (default)
2021-08-10 07:28:58,161 [pool-507-thread-1] INFO  segmented.SegmentedRaftLogWorker (SegmentedRaftLogWorker.java:<init>(182)) - new omNode-bootstrap-1@group-33FC8B15A7E9-SegmentedRaftLogWorker for RaftStorageImpl:Storage Directory /home/runner/work/ozone/ozone/hadoop-ozone/integration-test/target/test-dir/MiniOzoneClusterImpl-4c935f51-a36a-4569-b515-a26f7be21e7f/omNode-bootstrap-1/ratis/a5a8c63e-4922-3a03-b163-33fc8b15a7e9
2021-08-10 07:28:58,161 [pool-507-thread-1] INFO  server.RaftServerConfigKeys (ConfUtils.java:logGet(44)) - raft.server.log.queue.byte-limit = 64MB (=67108864) (default)
2021-08-10 07:28:58,161 [pool-507-thread-1] INFO  server.RaftServerConfigKeys (ConfUtils.java:logGet(44)) - raft.server.log.queue.element-limit = 4096 (default)
2021-08-10 07:28:58,161 [pool-507-thread-1] INFO  server.RaftServerConfigKeys (ConfUtils.java:logGet(44)) - raft.server.log.segment.size.max = 4194304 (custom)
2021-08-10 07:28:58,161 [pool-507-thread-1] INFO  server.RaftServerConfigKeys (ConfUtils.java:logGet(44)) - raft.server.log.preallocated.size = 4194304 (custom)
2021-08-10 07:28:58,169 [pool-507-thread-1] INFO  server.RaftServerConfigKeys (ConfUtils.java:logGet(44)) - raft.server.log.force.sync.num = 128 (default)
2021-08-10 07:28:58,169 [pool-507-thread-1] INFO  server.RaftServerConfigKeys (ConfUtils.java:logGet(44)) - raft.server.log.statemachine.data.sync = true (default)
2021-08-10 07:28:58,169 [pool-507-thread-1] INFO  server.RaftServerConfigKeys (ConfUtils.java:logGet(44)) - raft.server.log.statemachine.data.sync.timeout = 10s (default)
2021-08-10 07:28:58,169 [pool-507-thread-1] INFO  server.RaftServerConfigKeys (ConfUtils.java:logGet(44)) - raft.server.log.statemachine.data.sync.timeout.retry = -1 (default)
2021-08-10 07:28:58,170 [pool-507-thread-1] INFO  server.RaftServerConfigKeys (ConfUtils.java:logGet(44)) - raft.server.log.write.buffer.size = 64KB (=65536) (default)
2021-08-10 07:28:58,170 [pool-507-thread-1] INFO  server.RaftServerConfigKeys (ConfUtils.java:logGet(44)) - raft.server.log.statemachine.data.caching.enabled = false (default)
2021-08-10 07:28:58,170 [pool-507-thread-1] INFO  segmented.SegmentedRaftLogWorker (SegmentedRaftLogWorker.java:lambda$new$0(133)) - omNode-bootstrap-1@group-33FC8B15A7E9-SegmentedRaftLogWorker: flushIndex: setUnconditionally 0 -> -1
2021-08-10 07:28:58,170 [pool-507-thread-1] INFO  segmented.SegmentedRaftLogWorker (SegmentedRaftLogWorker.java:lambda$new$0(133)) - omNode-bootstrap-1@group-33FC8B15A7E9-SegmentedRaftLogWorker: safeCacheEvictIndex: setUnconditionally 0 -> -1
2021-08-10 07:28:58,174 [Listener at 127.0.0.1/10052] INFO  om.OzoneManager (OzoneManager.java:initFSOLayout(4321)) - Configured ozone.om.metadata.layout=SIMPLE and disabled optimized OM FS operations
2021-08-10 07:28:58,174 [pool-507-thread-1] INFO  server.RaftServerConfigKeys (ConfUtils.java:logGet(44)) - raft.server.snapshot.auto.trigger.enabled = true (custom)
2021-08-10 07:28:58,174 [pool-507-thread-1] INFO  server.RaftServerConfigKeys (ConfUtils.java:logGet(44)) - raft.server.snapshot.auto.trigger.threshold = 400000 (default)
2021-08-10 07:28:58,174 [pool-507-thread-1] INFO  server.RaftServerConfigKeys (ConfUtils.java:logGet(44)) - raft.server.snapshot.retention.file.num = -1 (default)
2021-08-10 07:28:58,174 [pool-507-thread-1] INFO  server.RaftServerConfigKeys (ConfUtils.java:logGet(44)) - raft.server.log.purge.upto.snapshot.index = true (custom)
2021-08-10 07:28:58,174 [pool-507-thread-1] INFO  server.RaftServerConfigKeys (ConfUtils.java:logGet(44)) - raft.server.retrycache.expirytime = 300s (custom)
2021-08-10 07:28:58,174 [pool-507-thread-1] INFO  server.RaftServerConfigKeys (ConfUtils.java:logGet(44)) - raft.server.retrycache.statistics.expirytime = 100μs (default)
2021-08-10 07:28:58,176 [Listener at 127.0.0.1/10052] INFO  impl.MetricsSystemImpl (MetricsSystemImpl.java:init(158)) - OzoneManager metrics system started (again)
2021-08-10 07:28:58,205 [Listener at 127.0.0.1/10052] INFO  om.OzoneManager (OzoneManager.java:start(1270)) - OzoneManager RPC server is listening at localhost/127.0.0.1:10052
2021-08-10 07:28:58,206 [Listener at 127.0.0.1/10052] INFO  ratis.OzoneManagerRatisServer (OzoneManagerRatisServer.java:start(516)) - Starting OzoneManagerRatisServer omNode-bootstrap-1 at port 10056
2021-08-10 07:28:58,206 [Listener at 127.0.0.1/10052] INFO  server.RaftServer$Division (RaftServerImpl.java:start(299)) - omNode-bootstrap-1@group-33FC8B15A7E9: start with initializing state, conf=-1: [], old=null
2021-08-10 07:28:58,206 [Listener at 127.0.0.1/10052] INFO  server.RaftServer$Division (RaftServerImpl.java:setRole(285)) - omNode-bootstrap-1@group-33FC8B15A7E9: changes role from      null to FOLLOWER at term 0 for startInitializing
2021-08-10 07:28:58,206 [Listener at 127.0.0.1/10052] INFO  util.JmxRegister (JmxRegister.java:tryRegister(44)) - Successfully registered JMX Bean with object name Ratis:service=RaftServer,group=group-33FC8B15A7E9,id=omNode-bootstrap-1
2021-08-10 07:28:58,229 [Listener at 127.0.0.1/10052] INFO  server.RaftServer (RaftServerProxy.java:lambda$start$5(374)) - omNode-bootstrap-1: start RPC server
2021-08-10 07:28:58,229 [Listener at 127.0.0.1/10052] INFO  server.GrpcService (GrpcService.java:startImpl(253)) - omNode-bootstrap-1: GrpcService started, listening on 10056
2021-08-10 07:28:58,238 [Listener at 127.0.0.1/10052] INFO  om.OzoneManager (OzoneManager.java:start(1288)) - Version File has different layout version (0) than OM DB (null). That is expected if this OM has never been finalized to a newer layout version.
2021-08-10 07:28:58,239 [org.apache.ratis.util.JvmPauseMonitor$$Lambda$430/1002246805@473756d6] INFO  util.JvmPauseMonitor (JvmPauseMonitor.java:run(103)) - JvmPauseMonitor-omNode-bootstrap-1: Started
2021-08-10 07:28:58,253 [Listener at 127.0.0.1/10052] INFO  http.BaseHttpServer (BaseHttpServer.java:newHttpServer2BuilderForOzone(209)) - Starting Web-server for ozoneManager at: http://0.0.0.0:10054
2021-08-10 07:28:58,253 [Listener at 127.0.0.1/10052] INFO  http.BaseHttpServer (BaseHttpServer.java:<init>(107)) - Hadoop Security Enabled: false Ozone Security Enabled: false Ozone HTTP Security Enabled: false 
2021-08-10 07:28:58,254 [Listener at 127.0.0.1/10052] INFO  server.AuthenticationFilter (AuthenticationFilter.java:constructSecretProvider(240)) - Unable to initialize FileSignerSecretProvider, falling back to use random secrets.
2021-08-10 07:28:58,277 [Listener at 127.0.0.1/10052] WARN  http.HttpRequestLog (HttpRequestLog.java:getRequestLog(103)) - Jetty request log can only be enabled using Log4j
2021-08-10 07:28:58,278 [Listener at 127.0.0.1/10052] INFO  http.HttpServer2 (HttpServer2.java:addGlobalFilter(1020)) - Added global filter 'safety' (class=org.apache.hadoop.hdds.server.http.HttpServer2$QuotingInputFilter)
2021-08-10 07:28:58,278 [Listener at 127.0.0.1/10052] INFO  http.HttpServer2 (HttpServer2.java:addFilter(996)) - Added filter static_user_filter (class=org.apache.hadoop.http.lib.StaticUserWebFilter$StaticUserFilter) to context ozoneManager
2021-08-10 07:28:58,278 [Listener at 127.0.0.1/10052] INFO  http.HttpServer2 (HttpServer2.java:addFilter(1004)) - Added filter static_user_filter (class=org.apache.hadoop.http.lib.StaticUserWebFilter$StaticUserFilter) to context static
2021-08-10 07:28:58,278 [Listener at 127.0.0.1/10052] INFO  http.HttpServer2 (HttpServer2.java:addFilter(1004)) - Added filter static_user_filter (class=org.apache.hadoop.http.lib.StaticUserWebFilter$StaticUserFilter) to context logs
2021-08-10 07:28:58,278 [Listener at 127.0.0.1/10052] INFO  http.HttpServer2 (HttpServer2.java:bindListener(1239)) - Jetty bound to port 10054
2021-08-10 07:28:58,278 [Listener at 127.0.0.1/10052] INFO  server.Server (Server.java:doStart(375)) - jetty-9.4.43.v20210629; built: 2021-06-30T11:07:22.254Z; git: 526006ecfa3af7f1a27ef3a288e2bef7ea9dd7e8; jvm 1.8.0_292-b10
2021-08-10 07:28:58,343 [Listener at 127.0.0.1/10052] INFO  server.session (DefaultSessionIdManager.java:doStart(334)) - DefaultSessionIdManager workerName=node0
2021-08-10 07:28:58,343 [Listener at 127.0.0.1/10052] INFO  server.session (DefaultSessionIdManager.java:doStart(339)) - No SessionScavenger set, using defaults
2021-08-10 07:28:58,343 [Listener at 127.0.0.1/10052] INFO  server.session (HouseKeeper.java:startScavenging(132)) - node0 Scavenging every 600000ms
2021-08-10 07:28:58,351 [Listener at 127.0.0.1/10052] INFO  handler.ContextHandler (ContextHandler.java:doStart(915)) - Started o.e.j.s.ServletContextHandler@5dcd7a93{logs,/logs,file:///home/runner/work/ozone/ozone/hadoop-ozone/integration-test/target/log,AVAILABLE}
2021-08-10 07:28:58,351 [Listener at 127.0.0.1/10052] INFO  handler.ContextHandler (ContextHandler.java:doStart(915)) - Started o.e.j.s.ServletContextHandler@430a8411{static,/static,file:///home/runner/work/ozone/ozone/hadoop-ozone/integration-test/target/test-classes/webapps/static,AVAILABLE}
2021-08-10 07:28:58,353 [Listener at 127.0.0.1/10052] INFO  handler.ContextHandler (ContextHandler.java:doStart(915)) - Started o.e.j.w.WebAppContext@3675c70b{ozoneManager,/,file:///home/runner/work/ozone/ozone/hadoop-ozone/integration-test/target/test-classes/webapps/ozoneManager/,AVAILABLE}{file:/home/runner/work/ozone/ozone/hadoop-ozone/integration-test/target/test-classes/webapps/ozoneManager}
2021-08-10 07:28:58,362 [Listener at 127.0.0.1/10052] INFO  server.AbstractConnector (AbstractConnector.java:doStart(331)) - Started ServerConnector@636ef7c4{HTTP/1.1, (http/1.1)}{0.0.0.0:10054}
2021-08-10 07:28:58,365 [Listener at 127.0.0.1/10052] INFO  server.Server (Server.java:doStart(415)) - Started @123551ms
2021-08-10 07:28:58,369 [Listener at 127.0.0.1/10052] WARN  impl.MetricsSystemImpl (MetricsSystemImpl.java:register(279)) - Sink prometheus already exists!
2021-08-10 07:28:58,369 [Listener at 127.0.0.1/10052] INFO  http.BaseHttpServer (BaseHttpServer.java:updateConnectorAddress(329)) - HTTP server of ozoneManager listening at http://0.0.0.0:10054
2021-08-10 07:28:58,370 [IPC Server Responder] INFO  ipc.Server (Server.java:run(1507)) - IPC Server Responder: starting
2021-08-10 07:28:58,370 [IPC Server listener on 10052] INFO  ipc.Server (Server.java:run(1344)) - IPC Server listener on 10052: starting
2021-08-10 07:28:58,371 [Listener at 127.0.0.1/10052] INFO  om.OzoneManager (OzoneManager.java:startTrashEmptier(1531)) - Trash Interval set to 0. Files deleted will not move to trash
2021-08-10 07:28:58,372 [org.apache.hadoop.util.JvmPauseMonitor$Monitor@2e7208df] INFO  util.JvmPauseMonitor (JvmPauseMonitor.java:run(188)) - Starting JVM pause monitor
2021-08-10 07:28:58,399 [IPC Server handler 0 on default port 11816] INFO  ratis.OzoneManagerRatisServer (OzoneManagerRatisServer.java:addOMToRatisRing(305)) - omNode-1: Submitting SetConfiguration request to Ratis server to add new OM peer omNode-bootstrap-1|rpc:localhost:10056|priority:0 to the Ratis group group-33FC8B15A7E9:[omNode-1|rpc:localhost:11820|priority:0]
2021-08-10 07:28:58,399 [IPC Server handler 0 on default port 11816] INFO  server.RaftServer$Division (RaftServerImpl.java:setConfigurationAsync(971)) - omNode-1@group-33FC8B15A7E9: receive setConfiguration SetConfigurationRequest:client-B4054525256F->omNode-1@group-33FC8B15A7E9, cid=3, seq=0, RW, null, peers:[omNode-1|rpc:localhost:11820|priority:0, omNode-bootstrap-1|rpc:localhost:10056|priority:0]
2021-08-10 07:28:58,399 [IPC Server handler 0 on default port 11816] INFO  server.RaftServer$Division (LeaderStateImpl.java:startSetConfiguration(345)) - omNode-1@group-33FC8B15A7E9-LeaderStateImpl: startSetConfiguration SetConfigurationRequest:client-B4054525256F->omNode-1@group-33FC8B15A7E9, cid=3, seq=0, RW, null, peers:[omNode-1|rpc:localhost:11820|priority:0, omNode-bootstrap-1|rpc:localhost:10056|priority:0]
2021-08-10 07:28:58,400 [IPC Server handler 0 on default port 11816] INFO  server.RaftServerConfigKeys (ConfUtils.java:logGet(44)) - raft.server.log.appender.snapshot.chunk.size.max = 16MB (=16777216) (default)
2021-08-10 07:28:58,400 [IPC Server handler 0 on default port 11816] INFO  server.RaftServerConfigKeys (ConfUtils.java:logGet(44)) - raft.server.log.appender.buffer.byte-limit = 33554432 (custom)
2021-08-10 07:28:58,400 [IPC Server handler 0 on default port 11816] INFO  server.RaftServerConfigKeys (ConfUtils.java:logGet(44)) - raft.server.log.appender.buffer.element-limit = 1024 (custom)
2021-08-10 07:28:58,403 [IPC Server handler 0 on default port 11816] INFO  grpc.GrpcConfigKeys (ConfUtils.java:logGet(44)) - raft.grpc.server.leader.outstanding.appends.max = 128 (default)
2021-08-10 07:28:58,403 [IPC Server handler 0 on default port 11816] INFO  server.RaftServerConfigKeys (ConfUtils.java:logGet(44)) - raft.server.rpc.request.timeout = 3000ms (default)
2021-08-10 07:28:58,403 [IPC Server handler 0 on default port 11816] INFO  server.RaftServerConfigKeys (ConfUtils.java:logGet(44)) - raft.server.log.appender.install.snapshot.enabled = false (custom)
2021-08-10 07:28:58,429 [grpc-default-executor-0] INFO  server.RaftServer$Division (ServerState.java:setLeader(285)) - omNode-bootstrap-1@group-33FC8B15A7E9: change Leader from null to omNode-1 at term 1 for appendEntries, leader elected after 268ms
2021-08-10 07:28:58,429 [grpc-default-executor-0] INFO  impl.RoleInfo (RoleInfo.java:updateAndGet(130)) - omNode-bootstrap-1: start omNode-bootstrap-1@group-33FC8B15A7E9-FollowerState
2021-08-10 07:28:58,454 [grpc-default-executor-0] INFO  server.RaftServer$Division (ServerState.java:setRaftConf(387)) - omNode-bootstrap-1@group-33FC8B15A7E9: set configuration 0: [omNode-1|rpc:localhost:11820|admin:|client:|dataStream:|priority:0], old=null
2021-08-10 07:28:58,454 [grpc-default-executor-0] INFO  segmented.SegmentedRaftLogWorker (SegmentedRaftLogWorker.java:startLogSegment(394)) - omNode-bootstrap-1@group-33FC8B15A7E9-SegmentedRaftLogWorker: Starting segment from index:0
2021-08-10 07:28:58,459 [omNode-bootstrap-1@group-33FC8B15A7E9-SegmentedRaftLogWorker] INFO  segmented.SegmentedRaftLogWorker (SegmentedRaftLogWorker.java:execute(601)) - omNode-bootstrap-1@group-33FC8B15A7E9-SegmentedRaftLogWorker: created new log segment /home/runner/work/ozone/ozone/hadoop-ozone/integration-test/target/test-dir/MiniOzoneClusterImpl-4c935f51-a36a-4569-b515-a26f7be21e7f/omNode-bootstrap-1/ratis/a5a8c63e-4922-3a03-b163-33fc8b15a7e9/current/log_inprogress_0
2021-08-10 07:28:58,473 [omNode-bootstrap-1@group-33FC8B15A7E9-StateMachineUpdater] INFO  ratis.OzoneManagerStateMachine (OzoneManagerStateMachine.java:notifyConfigurationChanged(188)) - Received Configuration change notification from Ratis. New Peer list:
[id: "omNode-1"
address: "localhost:11820"
]
2021-08-10 07:28:58,473 [omNode-bootstrap-1@group-33FC8B15A7E9-StateMachineUpdater] INFO  ratis.OzoneManagerRatisServer (OzoneManagerRatisServer.java:addRaftPeer(373)) - Added OM omNode-1 to Ratis Peers list.
2021-08-10 07:28:58,484 [omNode-1@group-33FC8B15A7E9-LeaderStateImpl] INFO  server.RaftServer$Division (ServerState.java:setRaftConf(387)) - omNode-1@group-33FC8B15A7E9: set configuration 9: [omNode-bootstrap-1|rpc:localhost:10056|priority:0, omNode-1|rpc:localhost:11820|priority:0], old=[omNode-1|rpc:localhost:11820|admin:|client:|dataStream:|priority:0]
2021-08-10 07:28:58,485 [grpc-default-executor-0] INFO  server.RaftServer$Division (ServerState.java:setRaftConf(387)) - omNode-bootstrap-1@group-33FC8B15A7E9: set configuration 9: [omNode-bootstrap-1|rpc:localhost:10056|admin:|client:|dataStream:|priority:0, omNode-1|rpc:localhost:11820|admin:|client:|dataStream:|priority:0], old=[omNode-1|rpc:localhost:11820|admin:|client:|dataStream:|priority:0]
2021-08-10 07:28:58,493 [OM StateMachine ApplyTransaction Thread - 0] INFO  volume.OMVolumeCreateRequest (OMVolumeCreateRequest.java:validateAndUpdateCache(195)) - created volume:volume11772 for user:runner
2021-08-10 07:28:58,497 [omNode-1@group-33FC8B15A7E9-StateMachineUpdater] INFO  ratis.OzoneManagerStateMachine (OzoneManagerStateMachine.java:notifyConfigurationChanged(188)) - Received Configuration change notification from Ratis. New Peer list:
[id: "omNode-bootstrap-1"
address: "localhost:10056"
, id: "omNode-1"
address: "localhost:11820"
]
2021-08-10 07:28:58,497 [omNode-1@group-33FC8B15A7E9-LeaderStateImpl] INFO  server.RaftServer$Division (ServerState.java:setRaftConf(387)) - omNode-1@group-33FC8B15A7E9: set configuration 11: [omNode-bootstrap-1|rpc:localhost:10056|priority:0, omNode-1|rpc:localhost:11820|priority:0], old=null
2021-08-10 07:28:58,498 [grpc-default-executor-0] INFO  server.RaftServer$Division (ServerState.java:setRaftConf(387)) - omNode-bootstrap-1@group-33FC8B15A7E9: set configuration 11: [omNode-bootstrap-1|rpc:localhost:10056|admin:|client:|dataStream:|priority:0, omNode-1|rpc:localhost:11820|admin:|client:|dataStream:|priority:0], old=null
2021-08-10 07:28:58,509 [omNode-bootstrap-1@group-33FC8B15A7E9-StateMachineUpdater] INFO  ratis.OzoneManagerStateMachine (OzoneManagerStateMachine.java:notifyConfigurationChanged(188)) - Received Configuration change notification from Ratis. New Peer list:
[id: "omNode-bootstrap-1"
address: "localhost:10056"
, id: "omNode-1"
address: "localhost:11820"
]
2021-08-10 07:28:58,509 [omNode-bootstrap-1@group-33FC8B15A7E9-StateMachineUpdater] INFO  ratis.OzoneManagerRatisServer (OzoneManagerRatisServer.java:addRaftPeer(373)) - Added OM omNode-bootstrap-1 to Ratis Peers list.
2021-08-10 07:28:58,518 [omNode-1@group-33FC8B15A7E9-StateMachineUpdater] INFO  snapshot.OzoneManagerSnapshotProvider (OzoneManagerSnapshotProvider.java:<init>(76)) - Initializing OM Snapshot Provider
2021-08-10 07:28:58,531 [omNode-1@group-33FC8B15A7E9-StateMachineUpdater] INFO  ratis.OzoneManagerRatisServer (OzoneManagerRatisServer.java:addRaftPeer(373)) - Added OM omNode-bootstrap-1 to Ratis Peers list.
2021-08-10 07:28:58,531 [omNode-1@group-33FC8B15A7E9-StateMachineUpdater] INFO  om.OzoneManager (OzoneManager.java:addOMNodeToPeers(1496)) - Added OM omNode-bootstrap-1 to the Peer list.
2021-08-10 07:28:58,535 [IPC Server handler 0 on default port 11816] INFO  ratis.OzoneManagerRatisServer (OzoneManagerRatisServer.java:addOMToRatisRing(320)) - Added OM omNode-bootstrap-1 to Ratis group group-33FC8B15A7E9.
2021-08-10 07:28:58,535 [Listener at 127.0.0.1/10052] INFO  om.OzoneManager (OzoneManager.java:bootstrap(1417)) - Successfully bootstrapped OM omNode-bootstrap-1 and joined the Ratis group group-33FC8B15A7E9:[]
2021-08-10 07:28:58,535 [Listener at 127.0.0.1/10052] INFO  ozone.MiniOzoneHAClusterImpl (MiniOzoneHAClusterImpl.java:bootstrapOzoneManager(708)) - Bootstrapped OzoneManager omNode-bootstrap-1 RPC server at localhost/127.0.0.1:10052
2021-08-10 07:28:58,536 [omNode-1@group-33FC8B15A7E9-StateMachineUpdater] INFO  ratis.OzoneManagerStateMachine (OzoneManagerStateMachine.java:notifyConfigurationChanged(188)) - Received Configuration change notification from Ratis. New Peer list:
[id: "omNode-bootstrap-1"
address: "localhost:10056"
, id: "omNode-1"
address: "localhost:11820"
]
2021-08-10 07:28:58,537 [omNode-bootstrap-1@group-33FC8B15A7E9-StateMachineUpdater] INFO  ratis.OzoneManagerStateMachine (OzoneManagerStateMachine.java:notifyConfigurationChanged(188)) - Received Configuration change notification from Ratis. New Peer list:
[id: "omNode-bootstrap-1"
address: "localhost:10056"
, id: "omNode-1"
address: "localhost:11820"
]
2021-08-10 07:28:58,586 [EndpointStateMachine task thread for /127.0.0.1:13049 - 0 ] INFO  ipc.Client (Client.java:handleConnectionFailure(977)) - Retrying connect to server: localhost/127.0.0.1:13049. Already tried 14 time(s); retry policy is RetryUpToMaximumCountWithFixedSleep(maxRetries=15, sleepTime=1000 MILLISECONDS)
2021-08-10 07:28:58,598 [EndpointStateMachine task thread for /127.0.0.1:15917 - 0 ] INFO  ipc.Client (Client.java:handleConnectionFailure(977)) - Retrying connect to server: localhost/127.0.0.1:15917. Already tried 0 time(s); retry policy is RetryUpToMaximumCountWithFixedSleep(maxRetries=15, sleepTime=1000 MILLISECONDS)
2021-08-10 07:28:58,636 [Listener at 127.0.0.1/10052] INFO  ha.OMHANodeDetails (OMHANodeDetails.java:loadOMHAConfig(118)) - ServiceID for OzoneManager is om-bootstrap
2021-08-10 07:28:58,636 [Listener at 127.0.0.1/10052] INFO  ha.OMHANodeDetails (OMHANodeDetails.java:loadOMHAConfig(194)) - Found matching OM address with OMServiceId: om-bootstrap, OMNodeId: omNode-bootstrap-2, RPC Address: localhost:10056 and Ratis port: 10060
2021-08-10 07:28:58,636 [Listener at 127.0.0.1/10052] INFO  ha.OMHANodeDetails (ConfUtils.java:setNodeSpecificConfigs(108)) - Setting configuration key ozone.om.http-address with value of key ozone.om.http-address.om-bootstrap.omNode-bootstrap-2: 127.0.0.1:10058
2021-08-10 07:28:58,636 [Listener at 127.0.0.1/10052] INFO  ha.OMHANodeDetails (ConfUtils.java:setNodeSpecificConfigs(108)) - Setting configuration key ozone.om.https-address with value of key ozone.om.https-address.om-bootstrap.omNode-bootstrap-2: 127.0.0.1:10059
2021-08-10 07:28:58,636 [Listener at 127.0.0.1/10052] INFO  ha.OMHANodeDetails (ConfUtils.java:setNodeSpecificConfigs(108)) - Setting configuration key ozone.om.address with value of key ozone.om.address.om-bootstrap.omNode-bootstrap-2: 127.0.0.1:10056
2021-08-10 07:28:58,637 [Listener at 127.0.0.1/10052] WARN  server.ServerUtils (ServerUtils.java:getDBPath(225)) - ozone.om.db.dirs is not configured. We recommend adding this setting. Falling back to ozone.metadata.dirs instead.
2021-08-10 07:28:58,637 [Listener at 127.0.0.1/10052] INFO  ha.SCMNodeInfo (SCMNodeInfo.java:getPort(197)) - ConfigKey ozone.scm.client.address is deprecated, For configuring different ports for each SCM use PortConfigKey ozone.scm.client.port appended with serviceId and nodeId
2021-08-10 07:28:58,637 [Listener at 127.0.0.1/10052] INFO  ha.SCMNodeInfo (SCMNodeInfo.java:getPort(197)) - ConfigKey ozone.scm.block.client.address is deprecated, For configuring different ports for each SCM use PortConfigKey ozone.scm.block.client.port appended with serviceId and nodeId
2021-08-10 07:28:58,637 [Listener at 127.0.0.1/10052] INFO  ha.SCMNodeInfo (SCMNodeInfo.java:getPort(197)) - ConfigKey ozone.scm.datanode.address is deprecated, For configuring different ports for each SCM use PortConfigKey ozone.scm.datanode.port appended with serviceId and nodeId
OM initialization succeeded.Current cluster id for sd=/home/runner/work/ozone/ozone/hadoop-ozone/integration-test/target/test-dir/MiniOzoneClusterImpl-4c935f51-a36a-4569-b515-a26f7be21e7f/omNode-bootstrap-2/om;cid=4c935f51-a36a-4569-b515-a26f7be21e7f;layoutVersion=0
2021-08-10 07:28:58,662 [Listener at 127.0.0.1/10052] INFO  ha.OMHANodeDetails (OMHANodeDetails.java:loadOMHAConfig(118)) - ServiceID for OzoneManager is om-bootstrap
2021-08-10 07:28:58,662 [Listener at 127.0.0.1/10052] INFO  ha.OMHANodeDetails (OMHANodeDetails.java:loadOMHAConfig(194)) - Found matching OM address with OMServiceId: om-bootstrap, OMNodeId: omNode-bootstrap-2, RPC Address: localhost:10056 and Ratis port: 10060
2021-08-10 07:28:58,662 [Listener at 127.0.0.1/10052] INFO  ha.OMHANodeDetails (ConfUtils.java:setNodeSpecificConfigs(108)) - Setting configuration key ozone.om.http-address with value of key ozone.om.http-address.om-bootstrap.omNode-bootstrap-2: 127.0.0.1:10058
2021-08-10 07:28:58,662 [Listener at 127.0.0.1/10052] INFO  ha.OMHANodeDetails (ConfUtils.java:setNodeSpecificConfigs(108)) - Setting configuration key ozone.om.https-address with value of key ozone.om.https-address.om-bootstrap.omNode-bootstrap-2: 127.0.0.1:10059
2021-08-10 07:28:58,662 [Listener at 127.0.0.1/10052] INFO  ha.OMHANodeDetails (ConfUtils.java:setNodeSpecificConfigs(108)) - Setting configuration key ozone.om.address with value of key ozone.om.address.om-bootstrap.omNode-bootstrap-2: 127.0.0.1:10056
2021-08-10 07:28:58,662 [Listener at 127.0.0.1/10052] WARN  server.ServerUtils (ServerUtils.java:getDBPath(225)) - ozone.om.db.dirs is not configured. We recommend adding this setting. Falling back to ozone.metadata.dirs instead.
2021-08-10 07:28:58,662 [Listener at 127.0.0.1/10052] INFO  upgrade.AbstractLayoutVersionManager (AbstractLayoutVersionManager.java:init(70)) - Initializing Layout version manager with metadata layout = INITIAL_VERSION (version = 0), software layout = INITIAL_VERSION (version = 0)
2021-08-10 07:28:58,738 [Listener at 127.0.0.1/10052] INFO  reflections.Reflections (Reflections.java:scan(232)) - Reflections took 75 ms to scan 2 urls, producing 131 keys and 342 values [using 2 cores]
2021-08-10 07:28:58,738 [Listener at 127.0.0.1/10052] INFO  upgrade.OMLayoutVersionManager (OMLayoutVersionManager.java:lambda$0(116)) - Skipping Upgrade Action MockOmUpgradeAction since it has been finalized.
2021-08-10 07:28:58,739 [Listener at 127.0.0.1/10052] WARN  server.ServerUtils (ServerUtils.java:getDBPath(225)) - ozone.om.db.dirs is not configured. We recommend adding this setting. Falling back to ozone.metadata.dirs instead.
2021-08-10 07:28:58,739 [Listener at 127.0.0.1/10052] INFO  ha.SCMNodeInfo (SCMNodeInfo.java:getPort(197)) - ConfigKey ozone.scm.client.address is deprecated, For configuring different ports for each SCM use PortConfigKey ozone.scm.client.port appended with serviceId and nodeId
2021-08-10 07:28:58,739 [Listener at 127.0.0.1/10052] INFO  ha.SCMNodeInfo (SCMNodeInfo.java:getPort(197)) - ConfigKey ozone.scm.block.client.address is deprecated, For configuring different ports for each SCM use PortConfigKey ozone.scm.block.client.port appended with serviceId and nodeId
2021-08-10 07:28:58,739 [Listener at 127.0.0.1/10052] INFO  ha.SCMNodeInfo (SCMNodeInfo.java:getPort(197)) - ConfigKey ozone.scm.datanode.address is deprecated, For configuring different ports for each SCM use PortConfigKey ozone.scm.datanode.port appended with serviceId and nodeId
2021-08-10 07:28:58,739 [Listener at 127.0.0.1/10052] INFO  ha.SCMNodeInfo (SCMNodeInfo.java:getPort(197)) - ConfigKey ozone.scm.client.address is deprecated, For configuring different ports for each SCM use PortConfigKey ozone.scm.client.port appended with serviceId and nodeId
2021-08-10 07:28:58,739 [Listener at 127.0.0.1/10052] INFO  ha.SCMNodeInfo (SCMNodeInfo.java:getPort(197)) - ConfigKey ozone.scm.block.client.address is deprecated, For configuring different ports for each SCM use PortConfigKey ozone.scm.block.client.port appended with serviceId and nodeId
2021-08-10 07:28:58,739 [Listener at 127.0.0.1/10052] INFO  ha.SCMNodeInfo (SCMNodeInfo.java:getPort(197)) - ConfigKey ozone.scm.datanode.address is deprecated, For configuring different ports for each SCM use PortConfigKey ozone.scm.datanode.port appended with serviceId and nodeId
2021-08-10 07:28:58,740 [Listener at 127.0.0.1/10052] INFO  ha.SCMNodeInfo (SCMNodeInfo.java:getPort(197)) - ConfigKey ozone.scm.client.address is deprecated, For configuring different ports for each SCM use PortConfigKey ozone.scm.client.port appended with serviceId and nodeId
2021-08-10 07:28:58,740 [Listener at 127.0.0.1/10052] INFO  ha.SCMNodeInfo (SCMNodeInfo.java:getPort(197)) - ConfigKey ozone.scm.block.client.address is deprecated, For configuring different ports for each SCM use PortConfigKey ozone.scm.block.client.port appended with serviceId and nodeId
2021-08-10 07:28:58,740 [Listener at 127.0.0.1/10052] INFO  ha.SCMNodeInfo (SCMNodeInfo.java:getPort(197)) - ConfigKey ozone.scm.datanode.address is deprecated, For configuring different ports for each SCM use PortConfigKey ozone.scm.datanode.port appended with serviceId and nodeId
2021-08-10 07:28:58,766 [Listener at 127.0.0.1/10052] WARN  server.ServerUtils (ServerUtils.java:getDBPath(225)) - ozone.om.db.dirs is not configured. We recommend adding this setting. Falling back to ozone.metadata.dirs instead.
2021-08-10 07:28:58,766 [Listener at 127.0.0.1/10052] INFO  codec.OmKeyInfoCodec (OmKeyInfoCodec.java:<init>(51)) - OmKeyInfoCodec ignorePipeline = true
2021-08-10 07:28:58,766 [Listener at 127.0.0.1/10052] INFO  codec.RepeatedOmKeyInfoCodec (RepeatedOmKeyInfoCodec.java:<init>(42)) - RepeatedOmKeyInfoCodec ignorePipeline = true
2021-08-10 07:28:58,959 [Listener at 127.0.0.1/10052] INFO  om.OzoneManager (OzoneManager.java:addS3GVolumeToDB(4115)) - Created Volume s3v With Owner runner required for S3Gateway operations.
2021-08-10 07:28:58,964 [Listener at 127.0.0.1/10052] WARN  server.ServerUtils (ServerUtils.java:getDefaultRatisDirectory(237)) - Storage directory for Ratis is not configured. It is a good idea to map this to an SSD disk. Falling back to ozone.metadata.dirs
2021-08-10 07:28:58,964 [Listener at 127.0.0.1/10052] WARN  utils.OzoneManagerRatisUtils (OzoneManagerRatisUtils.java:getOMRatisSnapshotDirectory(391)) - ozone.om.ratis.snapshot.dir is not configured. Falling back to ozone.metadata.dirs config
2021-08-10 07:28:58,964 [Listener at 127.0.0.1/10052] INFO  snapshot.OzoneManagerSnapshotProvider (OzoneManagerSnapshotProvider.java:<init>(76)) - Initializing OM Snapshot Provider
2021-08-10 07:28:58,972 [Listener at 127.0.0.1/10052] WARN  impl.MetricRegistriesImpl (MetricRegistriesImpl.java:addReporterRegistration(111)) - New reporters are added after registries were created. Some metrics will be missing from the reporter. Please add reporter before adding any new registry.
2021-08-10 07:28:58,972 [Listener at 127.0.0.1/10052] WARN  impl.MetricRegistriesImpl (MetricRegistriesImpl.java:addReporterRegistration(111)) - New reporters are added after registries were created. Some metrics will be missing from the reporter. Please add reporter before adding any new registry.
2021-08-10 07:28:58,972 [Listener at 127.0.0.1/10052] WARN  server.ServerUtils (ServerUtils.java:getDefaultRatisDirectory(237)) - Storage directory for Ratis is not configured. It is a good idea to map this to an SSD disk. Falling back to ozone.metadata.dirs
2021-08-10 07:28:58,973 [Listener at 127.0.0.1/10052] INFO  ratis.OzoneManagerRatisServer (OzoneManagerRatisServer.java:<init>(151)) - OM started in Bootstrap mode. Instantiating OM Ratis server with groupID: om-bootstrap
2021-08-10 07:28:58,973 [Listener at 127.0.0.1/10052] INFO  ratis.OzoneManagerStateMachine (OzoneManagerStateMachine.java:loadSnapshotInfoFromDB(605)) - LastAppliedIndex is set from TransactionInfo from OM DB as (t:0, i:~)
2021-08-10 07:28:58,974 [Listener at 127.0.0.1/10052] INFO  server.RaftServer (ConfUtils.java:logGet(44)) - raft.rpc.type = GRPC (default)
2021-08-10 07:28:58,975 [Listener at 127.0.0.1/10052] INFO  grpc.GrpcFactory (GrpcFactory.java:checkPooledByteBufAllocatorUseCacheForAllThreads(48)) - PERFORMANCE WARNING: useCacheForAllThreads is true that may cause Netty to create a lot garbage objects and, as a result, trigger GC.
	It is recommended to disable useCacheForAllThreads by setting -Dorg.apache.ratis.thirdparty.io.netty.allocator.useCacheForAllThreads=false in command line.
2021-08-10 07:28:58,975 [Listener at 127.0.0.1/10052] INFO  grpc.GrpcConfigKeys (ConfUtils.java:logGet(44)) - raft.grpc.admin.port = -1 (default)
2021-08-10 07:28:58,975 [Listener at 127.0.0.1/10052] INFO  grpc.GrpcConfigKeys (ConfUtils.java:logGet(44)) - raft.grpc.server.port = 10060 (custom)
2021-08-10 07:28:58,975 [Listener at 127.0.0.1/10052] INFO  grpc.GrpcConfigKeys (ConfUtils.java:logGet(44)) - raft.grpc.client.port = -1 (default)
2021-08-10 07:28:58,975 [Listener at 127.0.0.1/10052] INFO  grpc.GrpcConfigKeys (ConfUtils.java:logGet(44)) - raft.grpc.server.port = 10060 (custom)
2021-08-10 07:28:58,975 [Listener at 127.0.0.1/10052] INFO  grpc.GrpcConfigKeys (ConfUtils.java:logGet(44)) - raft.grpc.server.port = 10060 (custom)
2021-08-10 07:28:58,975 [Listener at 127.0.0.1/10052] INFO  server.GrpcService (ConfUtils.java:logGet(44)) - raft.grpc.message.size.max = 33554432 (custom)
2021-08-10 07:28:58,975 [Listener at 127.0.0.1/10052] INFO  server.RaftServerConfigKeys (ConfUtils.java:logGet(44)) - raft.server.log.appender.buffer.byte-limit = 33554432 (custom)
2021-08-10 07:28:58,975 [Listener at 127.0.0.1/10052] INFO  server.GrpcService (ConfUtils.java:logGet(44)) - raft.grpc.flow.control.window = 1MB (=1048576) (default)
2021-08-10 07:28:58,975 [Listener at 127.0.0.1/10052] INFO  server.RaftServerConfigKeys (ConfUtils.java:logGet(44)) - raft.server.rpc.request.timeout = 3000ms (default)
2021-08-10 07:28:58,977 [Listener at 127.0.0.1/10052] INFO  impl.DataStreamServerImpl (ConfUtils.java:logGet(44)) - raft.datastream.type = DISABLED (default)
2021-08-10 07:28:58,977 [Listener at 127.0.0.1/10052] INFO  server.RaftServerConfigKeys (ConfUtils.java:logGet(44)) - raft.server.rpc.slowness.timeout = 2s (custom)
2021-08-10 07:28:58,977 [Listener at 127.0.0.1/10052] INFO  server.RaftServerConfigKeys (ConfUtils.java:logGet(44)) - raft.server.leaderelection.leader.step-down.wait-time = 10s (default)
2021-08-10 07:28:58,977 [Listener at 127.0.0.1/10052] INFO  server.RaftServerConfigKeys (ConfUtils.java:logGet(44)) - raft.server.storage.dir = [/home/runner/work/ozone/ozone/hadoop-ozone/integration-test/target/test-dir/MiniOzoneClusterImpl-4c935f51-a36a-4569-b515-a26f7be21e7f/omNode-bootstrap-2/ratis] (custom)
2021-08-10 07:28:58,977 [Listener at 127.0.0.1/10052] INFO  server.RaftServer (RaftServerProxy.java:addNew(95)) - omNode-bootstrap-2: addNew group-33FC8B15A7E9:[] returns group-33FC8B15A7E9:java.util.concurrent.CompletableFuture@6fc0d374[Not completed]
2021-08-10 07:28:58,977 [Listener at 127.0.0.1/10052] INFO  om.OzoneManager (OzoneManager.java:initializeRatisServer(1573)) - OzoneManager Ratis server initialized at port 10060
2021-08-10 07:28:58,978 [Listener at 127.0.0.1/10052] INFO  ipc.CallQueueManager (CallQueueManager.java:<init>(90)) - Using callQueue: class java.util.concurrent.LinkedBlockingQueue, queueCapacity: 2000, scheduler: class org.apache.hadoop.ipc.DefaultRpcScheduler, ipcBackoff: false.
2021-08-10 07:28:58,978 [Listener at 127.0.0.1/10052] INFO  ozone.MiniOzoneHAClusterImpl (MiniOzoneHAClusterImpl.java:bootstrapOzoneManager(724)) - MiniOzoneHACluster port conflicts, retried 1 times
2021-08-10 07:28:58,979 [Listener at 127.0.0.1/10052] INFO  ha.OMHANodeDetails (OMHANodeDetails.java:loadOMHAConfig(118)) - ServiceID for OzoneManager is om-bootstrap
2021-08-10 07:28:58,979 [Listener at 127.0.0.1/10052] INFO  ha.OMHANodeDetails (OMHANodeDetails.java:loadOMHAConfig(194)) - Found matching OM address with OMServiceId: om-bootstrap, OMNodeId: omNode-bootstrap-2, RPC Address: localhost:10016 and Ratis port: 10020
2021-08-10 07:28:58,979 [Listener at 127.0.0.1/10052] INFO  ha.OMHANodeDetails (ConfUtils.java:setNodeSpecificConfigs(108)) - Setting configuration key ozone.om.http-address with value of key ozone.om.http-address.om-bootstrap.omNode-bootstrap-2: 127.0.0.1:10018
2021-08-10 07:28:58,979 [Listener at 127.0.0.1/10052] INFO  ha.OMHANodeDetails (ConfUtils.java:setNodeSpecificConfigs(108)) - Setting configuration key ozone.om.https-address with value of key ozone.om.https-address.om-bootstrap.omNode-bootstrap-2: 127.0.0.1:10019
2021-08-10 07:28:58,979 [Listener at 127.0.0.1/10052] INFO  ha.OMHANodeDetails (ConfUtils.java:setNodeSpecificConfigs(108)) - Setting configuration key ozone.om.address with value of key ozone.om.address.om-bootstrap.omNode-bootstrap-2: 127.0.0.1:10016
2021-08-10 07:28:58,979 [Listener at 127.0.0.1/10052] WARN  server.ServerUtils (ServerUtils.java:getDBPath(225)) - ozone.om.db.dirs is not configured. We recommend adding this setting. Falling back to ozone.metadata.dirs instead.
OM already initialized.Reusing existing cluster id for sd=/home/runner/work/ozone/ozone/hadoop-ozone/integration-test/target/test-dir/MiniOzoneClusterImpl-4c935f51-a36a-4569-b515-a26f7be21e7f/omNode-bootstrap-2/om;cid=4c935f51-a36a-4569-b515-a26f7be21e7f;layoutVersion=0
2021-08-10 07:28:58,979 [Listener at 127.0.0.1/10052] INFO  ha.OMHANodeDetails (OMHANodeDetails.java:loadOMHAConfig(118)) - ServiceID for OzoneManager is om-bootstrap
2021-08-10 07:28:58,979 [Listener at 127.0.0.1/10052] INFO  ha.OMHANodeDetails (OMHANodeDetails.java:loadOMHAConfig(194)) - Found matching OM address with OMServiceId: om-bootstrap, OMNodeId: omNode-bootstrap-2, RPC Address: localhost:10016 and Ratis port: 10020
2021-08-10 07:28:58,979 [Listener at 127.0.0.1/10052] INFO  ha.OMHANodeDetails (ConfUtils.java:setNodeSpecificConfigs(108)) - Setting configuration key ozone.om.http-address with value of key ozone.om.http-address.om-bootstrap.omNode-bootstrap-2: 127.0.0.1:10018
2021-08-10 07:28:58,979 [Listener at 127.0.0.1/10052] INFO  ha.OMHANodeDetails (ConfUtils.java:setNodeSpecificConfigs(108)) - Setting configuration key ozone.om.https-address with value of key ozone.om.https-address.om-bootstrap.omNode-bootstrap-2: 127.0.0.1:10019
2021-08-10 07:28:58,979 [Listener at 127.0.0.1/10052] INFO  ha.OMHANodeDetails (ConfUtils.java:setNodeSpecificConfigs(108)) - Setting configuration key ozone.om.address with value of key ozone.om.address.om-bootstrap.omNode-bootstrap-2: 127.0.0.1:10016
2021-08-10 07:28:58,980 [Listener at 127.0.0.1/10052] WARN  server.ServerUtils (ServerUtils.java:getDBPath(225)) - ozone.om.db.dirs is not configured. We recommend adding this setting. Falling back to ozone.metadata.dirs instead.
2021-08-10 07:28:58,980 [Listener at 127.0.0.1/10052] INFO  upgrade.AbstractLayoutVersionManager (AbstractLayoutVersionManager.java:init(70)) - Initializing Layout version manager with metadata layout = INITIAL_VERSION (version = 0), software layout = INITIAL_VERSION (version = 0)
2021-08-10 07:28:58,986 [pool-528-thread-1] INFO  server.RaftServer$Division (RaftServerImpl.java:<init>(181)) - omNode-bootstrap-2: new RaftServerImpl for group-33FC8B15A7E9:[] with OzoneManagerStateMachine:uninitialized
2021-08-10 07:28:58,990 [pool-528-thread-1] INFO  server.RaftServerConfigKeys (ConfUtils.java:logGet(44)) - raft.server.rpc.timeout.min = 1s (custom)
2021-08-10 07:28:58,990 [pool-528-thread-1] INFO  server.RaftServerConfigKeys (ConfUtils.java:logGet(44)) - raft.server.rpc.timeout.max = 1200ms (custom)
2021-08-10 07:28:58,990 [pool-528-thread-1] INFO  server.RaftServerConfigKeys (ConfUtils.java:logGet(44)) - raft.server.rpc.sleep.time = 25ms (default)
2021-08-10 07:28:58,990 [pool-528-thread-1] INFO  server.RaftServerConfigKeys (ConfUtils.java:logGet(44)) - raft.server.rpc.slowness.timeout = 2s (custom)
2021-08-10 07:28:58,990 [pool-528-thread-1] INFO  server.RaftServerConfigKeys (ConfUtils.java:logGet(44)) - raft.server.leaderelection.leader.step-down.wait-time = 10s (default)
2021-08-10 07:28:58,990 [pool-528-thread-1] INFO  server.RaftServerConfigKeys (ConfUtils.java:logGet(44)) - raft.server.sleep.deviation.threshold = 300ms (default)
2021-08-10 07:28:58,990 [pool-528-thread-1] INFO  server.RaftServerConfigKeys (ConfUtils.java:logGet(44)) - raft.server.log.appender.install.snapshot.enabled = false (custom)
2021-08-10 07:28:58,990 [pool-528-thread-1] INFO  server.RaftServer$Division (ServerState.java:<init>(105)) - omNode-bootstrap-2@group-33FC8B15A7E9: ConfigurationManager, init=-1: [], old=null, confs=<EMPTY_MAP>
2021-08-10 07:28:58,990 [pool-528-thread-1] INFO  server.RaftServerConfigKeys (ConfUtils.java:logGet(44)) - raft.server.storage.dir = [/home/runner/work/ozone/ozone/hadoop-ozone/integration-test/target/test-dir/MiniOzoneClusterImpl-4c935f51-a36a-4569-b515-a26f7be21e7f/omNode-bootstrap-2/ratis] (custom)
2021-08-10 07:28:58,990 [pool-528-thread-1] INFO  server.RaftServerConfigKeys (ConfUtils.java:logGet(44)) - raft.server.log.corruption.policy = EXCEPTION (default)
2021-08-10 07:28:58,990 [pool-528-thread-1] INFO  server.RaftServerConfigKeys (ConfUtils.java:logGet(44)) - raft.server.storage.free-space.min = 0MB (=0) (default)
2021-08-10 07:28:58,995 [pool-528-thread-1] INFO  storage.RaftStorageDirectory (RaftStorageDirectoryImpl.java:analyzeStorage(135)) - The storage directory /home/runner/work/ozone/ozone/hadoop-ozone/integration-test/target/test-dir/MiniOzoneClusterImpl-4c935f51-a36a-4569-b515-a26f7be21e7f/omNode-bootstrap-2/ratis/a5a8c63e-4922-3a03-b163-33fc8b15a7e9 does not exist. Creating ...
2021-08-10 07:28:58,996 [pool-528-thread-1] INFO  storage.RaftStorageDirectory (RaftStorageDirectoryImpl.java:tryLock(230)) - Lock on /home/runner/work/ozone/ozone/hadoop-ozone/integration-test/target/test-dir/MiniOzoneClusterImpl-4c935f51-a36a-4569-b515-a26f7be21e7f/omNode-bootstrap-2/ratis/a5a8c63e-4922-3a03-b163-33fc8b15a7e9/in_use.lock acquired by nodename 25326@fv-az270-250
2021-08-10 07:28:59,001 [pool-528-thread-1] INFO  storage.RaftStorage (RaftStorageImpl.java:format(89)) - Storage directory /home/runner/work/ozone/ozone/hadoop-ozone/integration-test/target/test-dir/MiniOzoneClusterImpl-4c935f51-a36a-4569-b515-a26f7be21e7f/omNode-bootstrap-2/ratis/a5a8c63e-4922-3a03-b163-33fc8b15a7e9 has been successfully formatted.
2021-08-10 07:28:59,001 [pool-528-thread-1] INFO  server.RaftServerConfigKeys (ConfUtils.java:logGet(44)) - raft.server.notification.no-leader.timeout = 2s (custom)
2021-08-10 07:28:59,001 [pool-528-thread-1] INFO  server.RaftServerConfigKeys (ConfUtils.java:logGet(44)) - raft.server.log.use.memory = false (default)
2021-08-10 07:28:59,001 [pool-528-thread-1] INFO  server.RaftServerConfigKeys (ConfUtils.java:logGet(44)) - raft.server.log.purge.gap = 1000000 (custom)
2021-08-10 07:28:59,001 [pool-528-thread-1] INFO  server.RaftServerConfigKeys (ConfUtils.java:logGet(44)) - raft.server.log.appender.buffer.byte-limit = 33554432 (custom)
2021-08-10 07:28:59,001 [pool-528-thread-1] INFO  server.RaftServerConfigKeys (ConfUtils.java:logGet(44)) - raft.server.log.segment.size.max = 4194304 (custom)
2021-08-10 07:28:59,002 [pool-528-thread-1] INFO  server.RaftServerConfigKeys (ConfUtils.java:logGet(44)) - raft.server.log.segment.cache.num.max = 2 (custom)
2021-08-10 07:28:59,005 [pool-528-thread-1] INFO  server.RaftServerConfigKeys (ConfUtils.java:logGet(44)) - raft.server.log.segment.cache.size.max = 200MB (=209715200) (default)
2021-08-10 07:28:59,006 [pool-528-thread-1] INFO  segmented.SegmentedRaftLogWorker (SegmentedRaftLogWorker.java:<init>(182)) - new omNode-bootstrap-2@group-33FC8B15A7E9-SegmentedRaftLogWorker for RaftStorageImpl:Storage Directory /home/runner/work/ozone/ozone/hadoop-ozone/integration-test/target/test-dir/MiniOzoneClusterImpl-4c935f51-a36a-4569-b515-a26f7be21e7f/omNode-bootstrap-2/ratis/a5a8c63e-4922-3a03-b163-33fc8b15a7e9
2021-08-10 07:28:59,006 [pool-528-thread-1] INFO  server.RaftServerConfigKeys (ConfUtils.java:logGet(44)) - raft.server.log.queue.byte-limit = 64MB (=67108864) (default)
2021-08-10 07:28:59,006 [pool-528-thread-1] INFO  server.RaftServerConfigKeys (ConfUtils.java:logGet(44)) - raft.server.log.queue.element-limit = 4096 (default)
2021-08-10 07:28:59,006 [pool-528-thread-1] INFO  server.RaftServerConfigKeys (ConfUtils.java:logGet(44)) - raft.server.log.segment.size.max = 4194304 (custom)
2021-08-10 07:28:59,006 [pool-528-thread-1] INFO  server.RaftServerConfigKeys (ConfUtils.java:logGet(44)) - raft.server.log.preallocated.size = 4194304 (custom)
2021-08-10 07:28:59,006 [pool-528-thread-1] INFO  server.RaftServerConfigKeys (ConfUtils.java:logGet(44)) - raft.server.log.force.sync.num = 128 (default)
2021-08-10 07:28:59,007 [pool-528-thread-1] INFO  server.RaftServerConfigKeys (ConfUtils.java:logGet(44)) - raft.server.log.statemachine.data.sync = true (default)
2021-08-10 07:28:59,007 [pool-528-thread-1] INFO  server.RaftServerConfigKeys (ConfUtils.java:logGet(44)) - raft.server.log.statemachine.data.sync.timeout = 10s (default)
2021-08-10 07:28:59,007 [pool-528-thread-1] INFO  server.RaftServerConfigKeys (ConfUtils.java:logGet(44)) - raft.server.log.statemachine.data.sync.timeout.retry = -1 (default)
2021-08-10 07:28:59,008 [pool-528-thread-1] INFO  server.RaftServerConfigKeys (ConfUtils.java:logGet(44)) - raft.server.log.write.buffer.size = 64KB (=65536) (default)
2021-08-10 07:28:59,008 [pool-528-thread-1] INFO  server.RaftServerConfigKeys (ConfUtils.java:logGet(44)) - raft.server.log.statemachine.data.caching.enabled = false (default)
2021-08-10 07:28:59,008 [pool-528-thread-1] INFO  segmented.SegmentedRaftLogWorker (SegmentedRaftLogWorker.java:lambda$new$0(133)) - omNode-bootstrap-2@group-33FC8B15A7E9-SegmentedRaftLogWorker: flushIndex: setUnconditionally 0 -> -1
2021-08-10 07:28:59,015 [pool-528-thread-1] INFO  segmented.SegmentedRaftLogWorker (SegmentedRaftLogWorker.java:lambda$new$0(133)) - omNode-bootstrap-2@group-33FC8B15A7E9-SegmentedRaftLogWorker: safeCacheEvictIndex: setUnconditionally 0 -> -1
2021-08-10 07:28:59,022 [pool-528-thread-1] INFO  server.RaftServerConfigKeys (ConfUtils.java:logGet(44)) - raft.server.snapshot.auto.trigger.enabled = true (custom)
2021-08-10 07:28:59,022 [pool-528-thread-1] INFO  server.RaftServerConfigKeys (ConfUtils.java:logGet(44)) - raft.server.snapshot.auto.trigger.threshold = 400000 (default)
2021-08-10 07:28:59,022 [pool-528-thread-1] INFO  server.RaftServerConfigKeys (ConfUtils.java:logGet(44)) - raft.server.snapshot.retention.file.num = -1 (default)
2021-08-10 07:28:59,022 [pool-528-thread-1] INFO  server.RaftServerConfigKeys (ConfUtils.java:logGet(44)) - raft.server.log.purge.upto.snapshot.index = true (custom)
2021-08-10 07:28:59,022 [pool-528-thread-1] INFO  server.RaftServerConfigKeys (ConfUtils.java:logGet(44)) - raft.server.retrycache.expirytime = 300s (custom)
2021-08-10 07:28:59,022 [pool-528-thread-1] INFO  server.RaftServerConfigKeys (ConfUtils.java:logGet(44)) - raft.server.retrycache.statistics.expirytime = 100μs (default)
2021-08-10 07:28:59,111 [Listener at 127.0.0.1/10052] INFO  reflections.Reflections (Reflections.java:scan(232)) - Reflections took 131 ms to scan 2 urls, producing 131 keys and 342 values [using 2 cores]
2021-08-10 07:28:59,111 [Listener at 127.0.0.1/10052] INFO  upgrade.OMLayoutVersionManager (OMLayoutVersionManager.java:lambda$0(116)) - Skipping Upgrade Action MockOmUpgradeAction since it has been finalized.
2021-08-10 07:28:59,111 [Listener at 127.0.0.1/10052] WARN  server.ServerUtils (ServerUtils.java:getDBPath(225)) - ozone.om.db.dirs is not configured. We recommend adding this setting. Falling back to ozone.metadata.dirs instead.
2021-08-10 07:28:59,111 [Listener at 127.0.0.1/10052] INFO  ha.SCMNodeInfo (SCMNodeInfo.java:getPort(197)) - ConfigKey ozone.scm.client.address is deprecated, For configuring different ports for each SCM use PortConfigKey ozone.scm.client.port appended with serviceId and nodeId
2021-08-10 07:28:59,111 [Listener at 127.0.0.1/10052] INFO  ha.SCMNodeInfo (SCMNodeInfo.java:getPort(197)) - ConfigKey ozone.scm.block.client.address is deprecated, For configuring different ports for each SCM use PortConfigKey ozone.scm.block.client.port appended with serviceId and nodeId
2021-08-10 07:28:59,111 [Listener at 127.0.0.1/10052] INFO  ha.SCMNodeInfo (SCMNodeInfo.java:getPort(197)) - ConfigKey ozone.scm.datanode.address is deprecated, For configuring different ports for each SCM use PortConfigKey ozone.scm.datanode.port appended with serviceId and nodeId
2021-08-10 07:28:59,112 [Listener at 127.0.0.1/10052] INFO  ha.SCMNodeInfo (SCMNodeInfo.java:getPort(197)) - ConfigKey ozone.scm.client.address is deprecated, For configuring different ports for each SCM use PortConfigKey ozone.scm.client.port appended with serviceId and nodeId
2021-08-10 07:28:59,112 [Listener at 127.0.0.1/10052] INFO  ha.SCMNodeInfo (SCMNodeInfo.java:getPort(197)) - ConfigKey ozone.scm.block.client.address is deprecated, For configuring different ports for each SCM use PortConfigKey ozone.scm.block.client.port appended with serviceId and nodeId
2021-08-10 07:28:59,112 [Listener at 127.0.0.1/10052] INFO  ha.SCMNodeInfo (SCMNodeInfo.java:getPort(197)) - ConfigKey ozone.scm.datanode.address is deprecated, For configuring different ports for each SCM use PortConfigKey ozone.scm.datanode.port appended with serviceId and nodeId
2021-08-10 07:28:59,112 [Listener at 127.0.0.1/10052] INFO  ha.SCMNodeInfo (SCMNodeInfo.java:getPort(197)) - ConfigKey ozone.scm.client.address is deprecated, For configuring different ports for each SCM use PortConfigKey ozone.scm.client.port appended with serviceId and nodeId
2021-08-10 07:28:59,112 [Listener at 127.0.0.1/10052] INFO  ha.SCMNodeInfo (SCMNodeInfo.java:getPort(197)) - ConfigKey ozone.scm.block.client.address is deprecated, For configuring different ports for each SCM use PortConfigKey ozone.scm.block.client.port appended with serviceId and nodeId
2021-08-10 07:28:59,112 [Listener at 127.0.0.1/10052] INFO  ha.SCMNodeInfo (SCMNodeInfo.java:getPort(197)) - ConfigKey ozone.scm.datanode.address is deprecated, For configuring different ports for each SCM use PortConfigKey ozone.scm.datanode.port appended with serviceId and nodeId
2021-08-10 07:28:59,140 [Listener at 127.0.0.1/10052] WARN  server.ServerUtils (ServerUtils.java:getDBPath(225)) - ozone.om.db.dirs is not configured. We recommend adding this setting. Falling back to ozone.metadata.dirs instead.
2021-08-10 07:28:59,140 [Listener at 127.0.0.1/10052] INFO  codec.OmKeyInfoCodec (OmKeyInfoCodec.java:<init>(51)) - OmKeyInfoCodec ignorePipeline = true
2021-08-10 07:28:59,140 [Listener at 127.0.0.1/10052] INFO  codec.RepeatedOmKeyInfoCodec (RepeatedOmKeyInfoCodec.java:<init>(42)) - RepeatedOmKeyInfoCodec ignorePipeline = true
2021-08-10 07:28:59,146 [Listener at 127.0.0.1/10052] INFO  ozone.MiniOzoneClusterImpl (MiniOzoneClusterImpl.java:shutdown(453)) - Shutting down the Mini Ozone Cluster
2021-08-10 07:28:59,146 [Listener at 127.0.0.1/10052] INFO  ozone.MiniOzoneHAClusterImpl (MiniOzoneHAClusterImpl.java:stop(297)) - Stopping the OzoneManager omNode-1
2021-08-10 07:28:59,146 [Listener at 127.0.0.1/10052] INFO  om.OzoneManager (OzoneManager.java:stop(1632)) - Stopping Ozone Manager
2021-08-10 07:28:59,147 [Listener at 127.0.0.1/10052] INFO  ipc.Server (Server.java:stop(3414)) - Stopping server on 11816
2021-08-10 07:28:59,160 [IPC Server Responder] INFO  ipc.Server (Server.java:run(1512)) - Stopping IPC Server Responder
2021-08-10 07:28:59,160 [IPC Server listener on 11816] INFO  ipc.Server (Server.java:run(1376)) - Stopping IPC Server listener on 11816
2021-08-10 07:28:59,160 [Listener at 127.0.0.1/10052] INFO  server.RaftServer (RaftServerProxy.java:lambda$close$6(391)) - omNode-1: close
2021-08-10 07:28:59,160 [Listener at 127.0.0.1/10052] INFO  server.RaftServer$Division (RaftServerImpl.java:lambda$close$4(407)) - omNode-1@group-33FC8B15A7E9: shutdown
2021-08-10 07:28:59,160 [Listener at 127.0.0.1/10052] INFO  util.JmxRegister (JmxRegister.java:unregister(73)) - Successfully un-registered JMX Bean with object name Ratis:service=RaftServer,group=group-33FC8B15A7E9,id=omNode-1
2021-08-10 07:28:59,160 [Listener at 127.0.0.1/10052] INFO  impl.RoleInfo (RoleInfo.java:shutdownLeaderState(91)) - omNode-1: shutdown omNode-1@group-33FC8B15A7E9-LeaderStateImpl
2021-08-10 07:28:59,161 [Listener at 127.0.0.1/10052] INFO  impl.PendingRequests (PendingRequests.java:sendNotLeaderResponses(249)) - omNode-1@group-33FC8B15A7E9-PendingRequests: sendNotLeaderResponses
2021-08-10 07:28:59,161 [omNode-1@group-33FC8B15A7E9->omNode-bootstrap-1-GrpcLogAppender-LogAppenderDaemon] WARN  server.GrpcLogAppender (GrpcLogAppender.java:mayWait(175)) - omNode-1@group-33FC8B15A7E9->omNode-bootstrap-1-GrpcLogAppender: Wait interrupted by java.lang.InterruptedException
2021-08-10 07:28:59,169 [Listener at 127.0.0.1/10052] INFO  impl.StateMachineUpdater (StateMachineUpdater.java:stopAndJoin(149)) - omNode-1@group-33FC8B15A7E9-StateMachineUpdater: set stopIndex = 12
2021-08-10 07:28:59,169 [omNode-1@group-33FC8B15A7E9-StateMachineUpdater] INFO  ratis.OzoneManagerStateMachine (OzoneManagerStateMachine.java:takeSnapshot(417)) - Current Snapshot Index (t:1, i:12)
2021-08-10 07:28:59,170 [omNode-1@group-33FC8B15A7E9-StateMachineUpdater] INFO  impl.StateMachineUpdater (StateMachineUpdater.java:takeSnapshot(281)) - omNode-1@group-33FC8B15A7E9-StateMachineUpdater: Took a snapshot at index 12
2021-08-10 07:28:59,170 [omNode-1@group-33FC8B15A7E9-StateMachineUpdater] INFO  impl.StateMachineUpdater (StateMachineUpdater.java:lambda$new$0(89)) - omNode-1@group-33FC8B15A7E9-StateMachineUpdater: snapshotIndex: updateIncreasingly -1 -> 12
2021-08-10 07:28:59,170 [omNode-1@group-33FC8B15A7E9-StateMachineUpdater] INFO  ratis.OzoneManagerStateMachine (OzoneManagerStateMachine.java:close(471)) - StateMachine has shutdown. Shutdown OzoneManager if not already shutdown.
2021-08-10 07:28:59,170 [Listener at 127.0.0.1/10052] INFO  server.RaftServer$Division (ServerState.java:close(419)) - omNode-1@group-33FC8B15A7E9: closes. applyIndex: 12
2021-08-10 07:28:59,170 [omNode-1@group-33FC8B15A7E9-SegmentedRaftLogWorker] INFO  segmented.SegmentedRaftLogWorker (SegmentedRaftLogWorker.java:run(327)) - omNode-1@group-33FC8B15A7E9-SegmentedRaftLogWorker was interrupted, exiting. There are 0 tasks remaining in the queue.
2021-08-10 07:28:59,170 [grpc-default-executor-0] INFO  server.GrpcServerProtocolService (GrpcServerProtocolService.java:onCompleted(140)) - omNode-bootstrap-1: Completed APPEND_ENTRIES, lastRequest: omNode-1->omNode-bootstrap-1#6-t1,previous=(t:1, i:11),leaderCommit=11,initializing? true,entries: size=1, first=(t:1, i:12), METADATAENTRY(c:11)
2021-08-10 07:28:59,171 [grpc-default-executor-3] INFO  server.GrpcLogAppender (GrpcLogAppender.java:onCompleted(344)) - omNode-1@group-33FC8B15A7E9->omNode-bootstrap-1-AppendLogResponseHandler: follower responses appendEntries COMPLETED
2021-08-10 07:28:59,171 [grpc-default-executor-3] INFO  leader.FollowerInfo (FollowerInfoImpl.java:lambda$new$0(46)) - omNode-1@group-33FC8B15A7E9->omNode-bootstrap-1: nextIndex: updateUnconditionally 13 -> 12
2021-08-10 07:28:59,174 [Listener at 127.0.0.1/10052] INFO  segmented.SegmentedRaftLogWorker (SegmentedRaftLogWorker.java:close(237)) - omNode-1@group-33FC8B15A7E9-SegmentedRaftLogWorker close()
2021-08-10 07:28:59,175 [Listener at 127.0.0.1/10052] INFO  server.GrpcService (GrpcService.java:closeImpl(262)) - omNode-1: shutdown server with port 11820 now
2021-08-10 07:28:59,179 [Listener at 127.0.0.1/10052] INFO  server.GrpcService (GrpcService.java:closeImpl(271)) - omNode-1: shutdown server with port 11820 successfully
2021-08-10 07:28:59,179 [org.apache.ratis.util.JvmPauseMonitor$$Lambda$430/1002246805@42d82d70] INFO  util.JvmPauseMonitor (JvmPauseMonitor.java:run(109)) - JvmPauseMonitor-omNode-1: Stopped
2021-08-10 07:28:59,179 [Listener at 127.0.0.1/10052] INFO  ratis.OzoneManagerDoubleBuffer (OzoneManagerDoubleBuffer.java:stop(437)) - Stopping OMDoubleBuffer flush thread
2021-08-10 07:28:59,179 [OMDoubleBufferFlushThread] INFO  ratis.OzoneManagerDoubleBuffer (OzoneManagerDoubleBuffer.java:flushTransactions(356)) - OMDoubleBuffer flush thread OMDoubleBufferFlushThread is interrupted and will exit. OMDoubleBufferFlushThread
2021-08-10 07:28:59,187 [Listener at 127.0.0.1/10052] INFO  utils.BackgroundService (BackgroundService.java:shutdown(132)) - Shutting down service KeyDeletingService
2021-08-10 07:28:59,187 [Listener at 127.0.0.1/10052] INFO  handler.ContextHandler (ContextHandler.java:doStop(1153)) - Stopped o.e.j.w.WebAppContext@6f4126{ozoneManager,/,null,STOPPED}{file:/home/runner/work/ozone/ozone/hadoop-ozone/integration-test/target/test-classes/webapps/ozoneManager}
2021-08-10 07:28:59,190 [Listener at 127.0.0.1/10052] INFO  server.AbstractConnector (AbstractConnector.java:doStop(381)) - Stopped ServerConnector@42300107{HTTP/1.1, (http/1.1)}{0.0.0.0:11818}
2021-08-10 07:28:59,190 [Listener at 127.0.0.1/10052] INFO  server.session (HouseKeeper.java:stopScavenging(149)) - node0 Stopped scavenging
2021-08-10 07:28:59,191 [Listener at 127.0.0.1/10052] INFO  handler.ContextHandler (ContextHandler.java:doStop(1153)) - Stopped o.e.j.s.ServletContextHandler@290db74f{static,/static,file:///home/runner/work/ozone/ozone/hadoop-ozone/integration-test/target/test-classes/webapps/static,STOPPED}
2021-08-10 07:28:59,191 [Listener at 127.0.0.1/10052] INFO  handler.ContextHandler (ContextHandler.java:doStop(1153)) - Stopped o.e.j.s.ServletContextHandler@2a755d60{logs,/logs,file:///home/runner/work/ozone/ozone/hadoop-ozone/integration-test/target/log,STOPPED}
2021-08-10 07:28:59,193 [Listener at 127.0.0.1/10052] INFO  ozone.MiniOzoneHAClusterImpl (MiniOzoneHAClusterImpl.java:stop(297)) - Stopping the OzoneManager omNode-bootstrap-1
2021-08-10 07:28:59,193 [Listener at 127.0.0.1/10052] INFO  om.OzoneManager (OzoneManager.java:stop(1632)) - Stopping Ozone Manager
2021-08-10 07:28:59,194 [Listener at 127.0.0.1/10052] INFO  ipc.Server (Server.java:stop(3414)) - Stopping server on 10052
2021-08-10 07:28:59,195 [IPC Server listener on 10052] INFO  ipc.Server (Server.java:run(1376)) - Stopping IPC Server listener on 10052
2021-08-10 07:28:59,198 [IPC Server Responder] INFO  ipc.Server (Server.java:run(1512)) - Stopping IPC Server Responder
2021-08-10 07:28:59,198 [Listener at 127.0.0.1/10052] INFO  server.RaftServer (RaftServerProxy.java:lambda$close$6(391)) - omNode-bootstrap-1: close
2021-08-10 07:28:59,198 [Listener at 127.0.0.1/10052] INFO  server.RaftServer$Division (RaftServerImpl.java:lambda$close$4(407)) - omNode-bootstrap-1@group-33FC8B15A7E9: shutdown
2021-08-10 07:28:59,198 [Listener at 127.0.0.1/10052] INFO  util.JmxRegister (JmxRegister.java:unregister(73)) - Successfully un-registered JMX Bean with object name Ratis:service=RaftServer,group=group-33FC8B15A7E9,id=omNode-bootstrap-1
2021-08-10 07:28:59,198 [Listener at 127.0.0.1/10052] INFO  impl.RoleInfo (RoleInfo.java:shutdownFollowerState(108)) - omNode-bootstrap-1: shutdown omNode-bootstrap-1@group-33FC8B15A7E9-FollowerState
2021-08-10 07:28:59,198 [Listener at 127.0.0.1/10052] INFO  impl.StateMachineUpdater (StateMachineUpdater.java:stopAndJoin(149)) - omNode-bootstrap-1@group-33FC8B15A7E9-StateMachineUpdater: set stopIndex = 12
2021-08-10 07:28:59,198 [omNode-bootstrap-1@group-33FC8B15A7E9-FollowerState] INFO  impl.FollowerState (FollowerState.java:run(143)) - omNode-bootstrap-1@group-33FC8B15A7E9-FollowerState was interrupted: {}
java.lang.InterruptedException: sleep interrupted
	at java.lang.Thread.sleep(Native Method)
	at java.lang.Thread.sleep(Thread.java:340)
	at java.util.concurrent.TimeUnit.sleep(TimeUnit.java:386)
	at org.apache.ratis.util.TimeDuration.sleep(TimeDuration.java:324)
	at org.apache.ratis.util.TimeDuration.sleep(TimeDuration.java:309)
	at org.apache.ratis.server.impl.FollowerState.run(FollowerState.java:118)
2021-08-10 07:28:59,198 [omNode-bootstrap-1@group-33FC8B15A7E9-StateMachineUpdater] INFO  ratis.OzoneManagerStateMachine (OzoneManagerStateMachine.java:takeSnapshot(417)) - Current Snapshot Index (t:1, i:12)
2021-08-10 07:28:59,206 [omNode-bootstrap-1@group-33FC8B15A7E9-StateMachineUpdater] INFO  impl.StateMachineUpdater (StateMachineUpdater.java:takeSnapshot(281)) - omNode-bootstrap-1@group-33FC8B15A7E9-StateMachineUpdater: Took a snapshot at index 12
2021-08-10 07:28:59,206 [omNode-bootstrap-1@group-33FC8B15A7E9-StateMachineUpdater] INFO  impl.StateMachineUpdater (StateMachineUpdater.java:lambda$new$0(89)) - omNode-bootstrap-1@group-33FC8B15A7E9-StateMachineUpdater: snapshotIndex: updateIncreasingly -1 -> 12
2021-08-10 07:28:59,206 [omNode-bootstrap-1@group-33FC8B15A7E9-StateMachineUpdater] INFO  ratis.OzoneManagerStateMachine (OzoneManagerStateMachine.java:close(471)) - StateMachine has shutdown. Shutdown OzoneManager if not already shutdown.
2021-08-10 07:28:59,206 [Listener at 127.0.0.1/10052] INFO  server.RaftServer$Division (ServerState.java:close(419)) - omNode-bootstrap-1@group-33FC8B15A7E9: closes. applyIndex: 12
2021-08-10 07:28:59,206 [omNode-bootstrap-1@group-33FC8B15A7E9-SegmentedRaftLogWorker] INFO  segmented.SegmentedRaftLogWorker (SegmentedRaftLogWorker.java:run(327)) - omNode-bootstrap-1@group-33FC8B15A7E9-SegmentedRaftLogWorker was interrupted, exiting. There are 0 tasks remaining in the queue.
2021-08-10 07:28:59,208 [Listener at 127.0.0.1/10052] INFO  segmented.SegmentedRaftLogWorker (SegmentedRaftLogWorker.java:close(237)) - omNode-bootstrap-1@group-33FC8B15A7E9-SegmentedRaftLogWorker close()
2021-08-10 07:28:59,209 [Listener at 127.0.0.1/10052] INFO  server.GrpcService (GrpcService.java:closeImpl(262)) - omNode-bootstrap-1: shutdown server with port 10056 now
2021-08-10 07:28:59,211 [Listener at 127.0.0.1/10052] INFO  server.GrpcService (GrpcService.java:closeImpl(271)) - omNode-bootstrap-1: shutdown server with port 10056 successfully
2021-08-10 07:28:59,212 [org.apache.ratis.util.JvmPauseMonitor$$Lambda$430/1002246805@473756d6] INFO  util.JvmPauseMonitor (JvmPauseMonitor.java:run(109)) - JvmPauseMonitor-omNode-bootstrap-1: Stopped
2021-08-10 07:28:59,212 [Listener at 127.0.0.1/10052] INFO  ratis.OzoneManagerDoubleBuffer (OzoneManagerDoubleBuffer.java:stop(437)) - Stopping OMDoubleBuffer flush thread
2021-08-10 07:28:59,212 [OMDoubleBufferFlushThread] INFO  ratis.OzoneManagerDoubleBuffer (OzoneManagerDoubleBuffer.java:flushTransactions(356)) - OMDoubleBuffer flush thread OMDoubleBufferFlushThread is interrupted and will exit. OMDoubleBufferFlushThread
2021-08-10 07:28:59,212 [Listener at 127.0.0.1/10052] INFO  utils.BackgroundService (BackgroundService.java:shutdown(132)) - Shutting down service KeyDeletingService
2021-08-10 07:28:59,213 [Listener at 127.0.0.1/10052] INFO  handler.ContextHandler (ContextHandler.java:doStop(1153)) - Stopped o.e.j.w.WebAppContext@3675c70b{ozoneManager,/,null,STOPPED}{file:/home/runner/work/ozone/ozone/hadoop-ozone/integration-test/target/test-classes/webapps/ozoneManager}
2021-08-10 07:28:59,227 [Listener at 127.0.0.1/10052] INFO  server.AbstractConnector (AbstractConnector.java:doStop(381)) - Stopped ServerConnector@636ef7c4{HTTP/1.1, (http/1.1)}{0.0.0.0:10054}
2021-08-10 07:28:59,227 [Listener at 127.0.0.1/10052] INFO  server.session (HouseKeeper.java:stopScavenging(149)) - node0 Stopped scavenging
2021-08-10 07:28:59,227 [Listener at 127.0.0.1/10052] INFO  handler.ContextHandler (ContextHandler.java:doStop(1153)) - Stopped o.e.j.s.ServletContextHandler@430a8411{static,/static,file:///home/runner/work/ozone/ozone/hadoop-ozone/integration-test/target/test-classes/webapps/static,STOPPED}
2021-08-10 07:28:59,227 [Listener at 127.0.0.1/10052] INFO  handler.ContextHandler (ContextHandler.java:doStop(1153)) - Stopped o.e.j.s.ServletContextHandler@5dcd7a93{logs,/logs,file:///home/runner/work/ozone/ozone/hadoop-ozone/integration-test/target/log,STOPPED}
2021-08-10 07:28:59,228 [Listener at 127.0.0.1/10052] INFO  ozone.MiniOzoneHAClusterImpl (MiniOzoneHAClusterImpl.java:stop(305)) - Stopping the StorageContainerManager 8ca6ee1f-9342-4413-9dac-77381ef541ed
2021-08-10 07:28:59,229 [Listener at 127.0.0.1/10052] INFO  server.StorageContainerManager (StorageContainerManager.java:stop(1338)) - Stopping Replication Manager Service.
2021-08-10 07:28:59,229 [Listener at 127.0.0.1/10052] INFO  container.ReplicationManager (ReplicationManager.java:stop(317)) - Stopping Replication Monitor Thread.
2021-08-10 07:28:59,229 [Listener at 127.0.0.1/10052] INFO  server.StorageContainerManager (StorageContainerManager.java:stop(1345)) - Stopping the Datanode Admin Monitor.
2021-08-10 07:28:59,229 [Listener at 127.0.0.1/10052] INFO  server.StorageContainerManager (StorageContainerManager.java:stop(1352)) - Stopping Lease Manager of the command watchers
2021-08-10 07:28:59,229 [Listener at 127.0.0.1/10052] INFO  server.StorageContainerManager (StorageContainerManager.java:stop(1359)) - Stopping datanode service RPC server
2021-08-10 07:28:59,229 [Listener at 127.0.0.1/10052] INFO  server.SCMDatanodeProtocolServer (SCMDatanodeProtocolServer.java:stop(389)) - Stopping the RPC server for DataNodes
2021-08-10 07:28:59,229 [Listener at 127.0.0.1/10052] INFO  ipc.Server (Server.java:stop(3414)) - Stopping server on 14021
2021-08-10 07:28:59,233 [IPC Server listener on 14021] INFO  ipc.Server (Server.java:run(1376)) - Stopping IPC Server listener on 14021
2021-08-10 07:28:59,233 [IPC Server Responder] INFO  ipc.Server (Server.java:run(1512)) - Stopping IPC Server Responder
2021-08-10 07:28:59,587 [EndpointStateMachine task thread for /127.0.0.1:13049 - 0 ] INFO  ipc.Client (Client.java:handleConnectionFailure(977)) - Retrying connect to server: localhost/127.0.0.1:13049. Already tried 0 time(s); retry policy is RetryUpToMaximumCountWithFixedSleep(maxRetries=15, sleepTime=1000 MILLISECONDS)
2021-08-10 07:28:59,599 [EndpointStateMachine task thread for /127.0.0.1:15917 - 0 ] INFO  ipc.Client (Client.java:handleConnectionFailure(977)) - Retrying connect to server: localhost/127.0.0.1:15917. Already tried 1 time(s); retry policy is RetryUpToMaximumCountWithFixedSleep(maxRetries=15, sleepTime=1000 MILLISECONDS)
2021-08-10 07:28:59,621 [EndpointStateMachine task thread for /127.0.0.1:14021 - 0 ] WARN  statemachine.EndpointStateMachine (EndpointStateMachine.java:logIfNeeded(236)) - Unable to communicate to SCM server at 127.0.0.1:14021 for past 0 seconds.
java.io.EOFException: End of File Exception between local host is: "fv-az270-250/10.1.0.29"; destination host is: "localhost":14021; : java.io.EOFException; For more details see:  http://wiki.apache.org/hadoop/EOFException
	at sun.reflect.NativeConstructorAccessorImpl.newInstance0(Native Method)
	at sun.reflect.NativeConstructorAccessorImpl.newInstance(NativeConstructorAccessorImpl.java:62)
	at sun.reflect.DelegatingConstructorAccessorImpl.newInstance(DelegatingConstructorAccessorImpl.java:45)
	at java.lang.reflect.Constructor.newInstance(Constructor.java:423)
	at org.apache.hadoop.net.NetUtils.wrapWithMessage(NetUtils.java:913)
	at org.apache.hadoop.net.NetUtils.wrapException(NetUtils.java:862)
	at org.apache.hadoop.ipc.Client.getRpcResponse(Client.java:1577)
	at org.apache.hadoop.ipc.Client.call(Client.java:1519)
	at org.apache.hadoop.ipc.Client.call(Client.java:1416)
	at org.apache.hadoop.ipc.ProtobufRpcEngine$Invoker.invoke(ProtobufRpcEngine.java:236)
	at org.apache.hadoop.ipc.ProtobufRpcEngine$Invoker.invoke(ProtobufRpcEngine.java:123)
	at com.sun.proxy.$Proxy46.submitRequest(Unknown Source)
	at org.apache.hadoop.ozone.protocolPB.StorageContainerDatanodeProtocolClientSideTranslatorPB.submitRequest(StorageContainerDatanodeProtocolClientSideTranslatorPB.java:117)
	at org.apache.hadoop.ozone.protocolPB.StorageContainerDatanodeProtocolClientSideTranslatorPB.sendHeartbeat(StorageContainerDatanodeProtocolClientSideTranslatorPB.java:149)
	at org.apache.hadoop.ozone.container.common.states.endpoint.HeartbeatEndpointTask.call(HeartbeatEndpointTask.java:179)
	at org.apache.hadoop.ozone.container.common.states.endpoint.HeartbeatEndpointTask.call(HeartbeatEndpointTask.java:82)
	at java.util.concurrent.FutureTask.run(FutureTask.java:266)
	at java.util.concurrent.ThreadPoolExecutor.runWorker(ThreadPoolExecutor.java:1149)
	at java.util.concurrent.ThreadPoolExecutor$Worker.run(ThreadPoolExecutor.java:624)
	at java.lang.Thread.run(Thread.java:748)
Caused by: java.io.EOFException
	at java.io.DataInputStream.readInt(DataInputStream.java:392)
	at org.apache.hadoop.ipc.Client$IpcStreams.readResponse(Client.java:1892)
	at org.apache.hadoop.ipc.Client$Connection.receiveRpcResponse(Client.java:1202)
	at org.apache.hadoop.ipc.Client$Connection.run(Client.java:1098)
2021-08-10 07:29:00,588 [EndpointStateMachine task thread for /127.0.0.1:13049 - 0 ] INFO  ipc.Client (Client.java:handleConnectionFailure(977)) - Retrying connect to server: localhost/127.0.0.1:13049. Already tried 1 time(s); retry policy is RetryUpToMaximumCountWithFixedSleep(maxRetries=15, sleepTime=1000 MILLISECONDS)
2021-08-10 07:29:00,599 [EndpointStateMachine task thread for /127.0.0.1:15917 - 0 ] INFO  ipc.Client (Client.java:handleConnectionFailure(977)) - Retrying connect to server: localhost/127.0.0.1:15917. Already tried 2 time(s); retry policy is RetryUpToMaximumCountWithFixedSleep(maxRetries=15, sleepTime=1000 MILLISECONDS)
2021-08-10 07:29:00,706 [EndpointStateMachine task thread for /127.0.0.1:14021 - 0 ] INFO  ipc.Client (Client.java:handleConnectionFailure(977)) - Retrying connect to server: localhost/127.0.0.1:14021. Already tried 0 time(s); retry policy is RetryUpToMaximumCountWithFixedSleep(maxRetries=15, sleepTime=1000 MILLISECONDS)
2021-08-10 07:29:00,921 [SCM Heartbeat Processing Thread - 0] WARN  node.NodeStateManager (NodeStateManager.java:scheduleNextHealthCheck(799)) - Current Thread is interrupted, shutting down HB processing thread for Node Manager.
2021-08-10 07:29:00,926 [Listener at 127.0.0.1/10052] INFO  server.StorageContainerManager (StorageContainerManager.java:stop(1367)) - Stopping block service RPC server
2021-08-10 07:29:00,926 [Listener at 127.0.0.1/10052] INFO  server.SCMBlockProtocolServer (SCMBlockProtocolServer.java:stop(160)) - Stopping the RPC server for Block Protocol
2021-08-10 07:29:00,926 [Listener at 127.0.0.1/10052] INFO  ipc.Server (Server.java:stop(3414)) - Stopping server on 14022
2021-08-10 07:29:00,943 [IPC Server listener on 14022] INFO  ipc.Server (Server.java:run(1376)) - Stopping IPC Server listener on 14022
2021-08-10 07:29:00,943 [Listener at 127.0.0.1/10052] INFO  server.StorageContainerManager (StorageContainerManager.java:stop(1374)) - Stopping the StorageContainerLocationProtocol RPC server
2021-08-10 07:29:00,943 [Listener at 127.0.0.1/10052] INFO  server.SCMClientProtocolServer (SCMClientProtocolServer.java:stop(174)) - Stopping the RPC server for Client Protocol
2021-08-10 07:29:00,943 [Listener at 127.0.0.1/10052] INFO  ipc.Server (Server.java:stop(3414)) - Stopping server on 14023
2021-08-10 07:29:00,943 [IPC Server Responder] INFO  ipc.Server (Server.java:run(1512)) - Stopping IPC Server Responder
2021-08-10 07:29:00,958 [IPC Server listener on 14023] INFO  ipc.Server (Server.java:run(1376)) - Stopping IPC Server listener on 14023
2021-08-10 07:29:00,966 [Listener at 127.0.0.1/10052] INFO  server.StorageContainerManager (StorageContainerManager.java:stop(1381)) - Stopping Storage Container Manager HTTP server.
2021-08-10 07:29:00,966 [Listener at 127.0.0.1/10052] INFO  handler.ContextHandler (ContextHandler.java:doStop(1153)) - Stopped o.e.j.w.WebAppContext@4f1138aa{scm,/,null,STOPPED}{file:/home/runner/work/ozone/ozone/hadoop-ozone/integration-test/target/test-classes/webapps/scm}
2021-08-10 07:29:00,967 [Listener at 127.0.0.1/10052] INFO  server.AbstractConnector (AbstractConnector.java:doStop(381)) - Stopped ServerConnector@611184fd{HTTP/1.1, (http/1.1)}{0.0.0.0:14018}
2021-08-10 07:29:00,967 [Listener at 127.0.0.1/10052] INFO  server.session (HouseKeeper.java:stopScavenging(149)) - node0 Stopped scavenging
2021-08-10 07:29:00,967 [Listener at 127.0.0.1/10052] INFO  handler.ContextHandler (ContextHandler.java:doStop(1153)) - Stopped o.e.j.s.ServletContextHandler@18932597{static,/static,file:///home/runner/work/ozone/ozone/hadoop-ozone/integration-test/target/test-classes/webapps/static,STOPPED}
2021-08-10 07:29:00,967 [Listener at 127.0.0.1/10052] INFO  handler.ContextHandler (ContextHandler.java:doStop(1153)) - Stopped o.e.j.s.ServletContextHandler@6e60f74{logs,/logs,file:///home/runner/work/ozone/ozone/hadoop-ozone/integration-test/target/log,STOPPED}
2021-08-10 07:29:00,968 [IPC Server Responder] INFO  ipc.Server (Server.java:run(1512)) - Stopping IPC Server Responder
2021-08-10 07:29:00,969 [Listener at 127.0.0.1/10052] INFO  server.StorageContainerManager (StorageContainerManager.java:stop(1392)) - Stopping Block Manager Service.
2021-08-10 07:29:00,969 [Listener at 127.0.0.1/10052] INFO  utils.BackgroundService (BackgroundService.java:shutdown(132)) - Shutting down service SCMBlockDeletingService
2021-08-10 07:29:00,969 [Listener at 127.0.0.1/10052] INFO  utils.BackgroundService (BackgroundService.java:shutdown(132)) - Shutting down service SCMBlockDeletingService
2021-08-10 07:29:00,969 [Listener at 127.0.0.1/10052] INFO  server.StorageContainerManager (StorageContainerManager.java:stop(1419)) - Stopping SCM Event Queue.
2021-08-10 07:29:00,982 [Listener at 127.0.0.1/10052] INFO  server.StorageContainerManager (StorageContainerManager.java:stop(1430)) - Stopping SCM HA services.
2021-08-10 07:29:00,982 [Listener at 127.0.0.1/10052] INFO  ha.SCMRatisServerImpl (SCMRatisServerImpl.java:stop(226)) - stopping ratis server 0.0.0.0:14020
2021-08-10 07:29:00,982 [Listener at 127.0.0.1/10052] INFO  server.RaftServer (RaftServerProxy.java:lambda$close$6(391)) - 8ca6ee1f-9342-4413-9dac-77381ef541ed: close
2021-08-10 07:29:00,982 [Listener at 127.0.0.1/10052] INFO  server.RaftServer$Division (RaftServerImpl.java:lambda$close$4(407)) - 8ca6ee1f-9342-4413-9dac-77381ef541ed@group-A26F7BE21E7F: shutdown
2021-08-10 07:29:00,982 [Listener at 127.0.0.1/10052] INFO  util.JmxRegister (JmxRegister.java:unregister(73)) - Successfully un-registered JMX Bean with object name Ratis:service=RaftServer,group=group-A26F7BE21E7F,id=8ca6ee1f-9342-4413-9dac-77381ef541ed
2021-08-10 07:29:00,982 [Listener at 127.0.0.1/10052] INFO  impl.RoleInfo (RoleInfo.java:shutdownLeaderState(91)) - 8ca6ee1f-9342-4413-9dac-77381ef541ed: shutdown 8ca6ee1f-9342-4413-9dac-77381ef541ed@group-A26F7BE21E7F-LeaderStateImpl
2021-08-10 07:29:00,982 [Listener at 127.0.0.1/10052] INFO  impl.PendingRequests (PendingRequests.java:sendNotLeaderResponses(249)) - 8ca6ee1f-9342-4413-9dac-77381ef541ed@group-A26F7BE21E7F-PendingRequests: sendNotLeaderResponses
2021-08-10 07:29:00,983 [Listener at 127.0.0.1/10052] INFO  ha.SCMStateMachine (SCMStateMachine.java:notifyNotLeader(183)) - current leader SCM steps down.
2021-08-10 07:29:00,983 [Listener at 127.0.0.1/10052] INFO  ha.SCMContext (SCMContext.java:updateLeaderAndTerm(88)) - update <isLeader,term> from <true,2> to <false,0>
2021-08-10 07:29:00,983 [Listener at 127.0.0.1/10052] INFO  ha.SCMContext (SCMContext.java:updateLeaderAndTerm(95)) - update <isLeaderReady> from <false> to <false>
2021-08-10 07:29:00,983 [Listener at 127.0.0.1/10052] INFO  impl.StateMachineUpdater (StateMachineUpdater.java:stopAndJoin(149)) - 8ca6ee1f-9342-4413-9dac-77381ef541ed@group-A26F7BE21E7F-StateMachineUpdater: set stopIndex = 30
2021-08-10 07:29:00,983 [8ca6ee1f-9342-4413-9dac-77381ef541ed@group-A26F7BE21E7F-StateMachineUpdater] INFO  ha.SCMStateMachine (SCMStateMachine.java:takeSnapshot(290)) - Current Snapshot Index 30, takeSnapshot took 0 ms
2021-08-10 07:29:00,983 [8ca6ee1f-9342-4413-9dac-77381ef541ed@group-A26F7BE21E7F-StateMachineUpdater] INFO  impl.StateMachineUpdater (StateMachineUpdater.java:takeSnapshot(281)) - 8ca6ee1f-9342-4413-9dac-77381ef541ed@group-A26F7BE21E7F-StateMachineUpdater: Took a snapshot at index 30
2021-08-10 07:29:00,983 [8ca6ee1f-9342-4413-9dac-77381ef541ed@group-A26F7BE21E7F-StateMachineUpdater] INFO  impl.StateMachineUpdater (StateMachineUpdater.java:lambda$new$0(89)) - 8ca6ee1f-9342-4413-9dac-77381ef541ed@group-A26F7BE21E7F-StateMachineUpdater: snapshotIndex: updateIncreasingly -1 -> 30
2021-08-10 07:29:00,983 [Listener at 127.0.0.1/10052] INFO  server.RaftServer$Division (ServerState.java:close(419)) - 8ca6ee1f-9342-4413-9dac-77381ef541ed@group-A26F7BE21E7F: closes. applyIndex: 30
2021-08-10 07:29:00,984 [8ca6ee1f-9342-4413-9dac-77381ef541ed@group-A26F7BE21E7F-SegmentedRaftLogWorker] INFO  segmented.SegmentedRaftLogWorker (SegmentedRaftLogWorker.java:run(327)) - 8ca6ee1f-9342-4413-9dac-77381ef541ed@group-A26F7BE21E7F-SegmentedRaftLogWorker was interrupted, exiting. There are 0 tasks remaining in the queue.
2021-08-10 07:29:00,989 [Listener at 127.0.0.1/10052] INFO  segmented.SegmentedRaftLogWorker (SegmentedRaftLogWorker.java:close(237)) - 8ca6ee1f-9342-4413-9dac-77381ef541ed@group-A26F7BE21E7F-SegmentedRaftLogWorker close()
2021-08-10 07:29:00,990 [Listener at 127.0.0.1/10052] INFO  server.GrpcService (GrpcService.java:closeImpl(262)) - 8ca6ee1f-9342-4413-9dac-77381ef541ed: shutdown server with port 14020 now
2021-08-10 07:29:00,990 [Listener at 127.0.0.1/10052] INFO  server.GrpcService (GrpcService.java:closeImpl(271)) - 8ca6ee1f-9342-4413-9dac-77381ef541ed: shutdown server with port 14020 successfully
2021-08-10 07:29:00,991 [org.apache.ratis.util.JvmPauseMonitor$$Lambda$430/1002246805@4c3b159c] INFO  util.JvmPauseMonitor (JvmPauseMonitor.java:run(109)) - JvmPauseMonitor-8ca6ee1f-9342-4413-9dac-77381ef541ed: Stopped
2021-08-10 07:29:00,992 [Listener at 127.0.0.1/10052] INFO  pipeline.BackgroundPipelineCreator (BackgroundPipelineCreatorV2.java:stop(158)) - Stopping RatisPipelineUtilsThread.
2021-08-10 07:29:00,993 [Listener at 127.0.0.1/10052] INFO  server.StorageContainerManager (StorageContainerManager.java:stop(1440)) - Stopping SCM MetadataStore.
2021-08-10 07:29:00,993 [Listener at 127.0.0.1/10052] INFO  impl.MetricsSystemImpl (MetricsSystemImpl.java:stop(210)) - Stopping OzoneManager metrics system...
2021-08-10 07:29:01,030 [prometheus] INFO  impl.MetricsSinkAdapter (MetricsSinkAdapter.java:publishMetricsFromQueue(141)) - prometheus thread interrupted.
2021-08-10 07:29:01,030 [Listener at 127.0.0.1/10052] INFO  impl.MetricsSystemImpl (MetricsSystemImpl.java:stop(216)) - OzoneManager metrics system stopped.
2021-08-10 07:29:01,030 [Listener at 127.0.0.1/10052] INFO  ozone.MiniOzoneClusterImpl (MiniOzoneClusterImpl.java:stop(468)) - Stopping the Mini Ozone Cluster
2021-08-10 07:29:01,030 [Listener at 127.0.0.1/10052] INFO  ozone.MiniOzoneClusterImpl (MiniOzoneClusterImpl.java:stopDatanodes(527)) - Stopping the HddsDatanodes
2021-08-10 07:29:01,588 [EndpointStateMachine task thread for /127.0.0.1:13049 - 0 ] INFO  ipc.Client (Client.java:handleConnectionFailure(977)) - Retrying connect to server: localhost/127.0.0.1:13049. Already tried 2 time(s); retry policy is RetryUpToMaximumCountWithFixedSleep(maxRetries=15, sleepTime=1000 MILLISECONDS)
2021-08-10 07:29:01,600 [EndpointStateMachine task thread for /127.0.0.1:15917 - 0 ] INFO  ipc.Client (Client.java:handleConnectionFailure(977)) - Retrying connect to server: localhost/127.0.0.1:15917. Already tried 3 time(s); retry policy is RetryUpToMaximumCountWithFixedSleep(maxRetries=15, sleepTime=1000 MILLISECONDS)
2021-08-10 07:29:01,706 [Datanode State Machine Thread - 0] WARN  statemachine.StateContext (StateContext.java:setState(246)) - Ignore disallowed transition from SHUTDOWN to RUNNING
2021-08-10 07:29:01,706 [Datanode State Machine Thread - 0] INFO  statemachine.DatanodeStateMachine (DatanodeStateMachine.java:lambda$startDaemon$0(457)) - Ozone container server started.
2021-08-10 07:29:01,707 [EndpointStateMachine task thread for /127.0.0.1:14021 - 0 ] INFO  ipc.Client (Client.java:handleConnectionFailure(977)) - Retrying connect to server: localhost/127.0.0.1:14021. Already tried 1 time(s); retry policy is RetryUpToMaximumCountWithFixedSleep(maxRetries=15, sleepTime=1000 MILLISECONDS)
2021-08-10 07:29:01,848 [ffb733bb-4214-438b-9ff2-a6b3cef337b6@group-68BFCD394EFA-FollowerState] INFO  impl.FollowerState (FollowerState.java:run(134)) - ffb733bb-4214-438b-9ff2-a6b3cef337b6@group-68BFCD394EFA-FollowerState: change to CANDIDATE, lastRpcElapsedTime:5109930096ns, electionTimeout:5079ms
2021-08-10 07:29:01,848 [ffb733bb-4214-438b-9ff2-a6b3cef337b6@group-68BFCD394EFA-FollowerState] INFO  impl.RoleInfo (RoleInfo.java:shutdownFollowerState(108)) - ffb733bb-4214-438b-9ff2-a6b3cef337b6: shutdown ffb733bb-4214-438b-9ff2-a6b3cef337b6@group-68BFCD394EFA-FollowerState
2021-08-10 07:29:01,848 [ffb733bb-4214-438b-9ff2-a6b3cef337b6@group-68BFCD394EFA-FollowerState] INFO  server.RaftServer$Division (RaftServerImpl.java:setRole(285)) - ffb733bb-4214-438b-9ff2-a6b3cef337b6@group-68BFCD394EFA: changes role from  FOLLOWER to CANDIDATE at term 1 for changeToCandidate
2021-08-10 07:29:01,848 [ffb733bb-4214-438b-9ff2-a6b3cef337b6@group-68BFCD394EFA-FollowerState] INFO  server.RaftServerConfigKeys (ConfUtils.java:logGet(44)) - raft.server.leaderelection.pre-vote = false (custom)
2021-08-10 07:29:01,848 [ffb733bb-4214-438b-9ff2-a6b3cef337b6@group-68BFCD394EFA-FollowerState] INFO  impl.RoleInfo (RoleInfo.java:updateAndGet(130)) - ffb733bb-4214-438b-9ff2-a6b3cef337b6: start ffb733bb-4214-438b-9ff2-a6b3cef337b6@group-68BFCD394EFA-LeaderElection34
2021-08-10 07:29:01,877 [ffb733bb-4214-438b-9ff2-a6b3cef337b6@group-68BFCD394EFA-LeaderElection34] INFO  impl.LeaderElection (LeaderElection.java:askForVotes(306)) - ffb733bb-4214-438b-9ff2-a6b3cef337b6@group-68BFCD394EFA-LeaderElection34 ELECTION round 0: submit vote requests at term 2 for -1: [2d05a1a5-0e76-4538-833f-cc5b981b73a0|rpc:127.0.0.1:45315|dataStream:|priority:0, ffb733bb-4214-438b-9ff2-a6b3cef337b6|rpc:127.0.0.1:41683|dataStream:|priority:0, 8c87d662-2c82-4859-8c2c-fb3d4a5a22d5|rpc:127.0.0.1:34623|dataStream:|priority:1], old=null
2021-08-10 07:29:01,926 [grpc-default-executor-3] INFO  server.RaftServer$Division (RaftServerImpl.java:requestVote(1043)) - 2d05a1a5-0e76-4538-833f-cc5b981b73a0@group-68BFCD394EFA: receive requestVote(ELECTION, ffb733bb-4214-438b-9ff2-a6b3cef337b6, group-68BFCD394EFA, 2, (t:0, i:0))
2021-08-10 07:29:01,926 [grpc-default-executor-3] INFO  impl.VoteContext (VoteContext.java:log(48)) - 2d05a1a5-0e76-4538-833f-cc5b981b73a0@group-68BFCD394EFA-FOLLOWER: accept ELECTION from ffb733bb-4214-438b-9ff2-a6b3cef337b6: our priority 0 <= candidate's priority 0
2021-08-10 07:29:01,926 [grpc-default-executor-3] INFO  server.RaftServer$Division (RaftServerImpl.java:setRole(285)) - 2d05a1a5-0e76-4538-833f-cc5b981b73a0@group-68BFCD394EFA: changes role from  FOLLOWER to FOLLOWER at term 2 for candidate:ffb733bb-4214-438b-9ff2-a6b3cef337b6
2021-08-10 07:29:01,926 [grpc-default-executor-3] INFO  impl.RoleInfo (RoleInfo.java:shutdownFollowerState(108)) - 2d05a1a5-0e76-4538-833f-cc5b981b73a0: shutdown 2d05a1a5-0e76-4538-833f-cc5b981b73a0@group-68BFCD394EFA-FollowerState
2021-08-10 07:29:01,926 [grpc-default-executor-3] INFO  impl.RoleInfo (RoleInfo.java:updateAndGet(130)) - 2d05a1a5-0e76-4538-833f-cc5b981b73a0: start 2d05a1a5-0e76-4538-833f-cc5b981b73a0@group-68BFCD394EFA-FollowerState
2021-08-10 07:29:01,926 [2d05a1a5-0e76-4538-833f-cc5b981b73a0@group-68BFCD394EFA-FollowerState] INFO  impl.FollowerState (FollowerState.java:run(143)) - 2d05a1a5-0e76-4538-833f-cc5b981b73a0@group-68BFCD394EFA-FollowerState was interrupted: {}
java.lang.InterruptedException: sleep interrupted
	at java.lang.Thread.sleep(Native Method)
	at java.lang.Thread.sleep(Thread.java:340)
	at java.util.concurrent.TimeUnit.sleep(TimeUnit.java:386)
	at org.apache.ratis.util.TimeDuration.sleep(TimeDuration.java:324)
	at org.apache.ratis.util.TimeDuration.sleep(TimeDuration.java:309)
	at org.apache.ratis.server.impl.FollowerState.run(FollowerState.java:118)
2021-08-10 07:29:01,932 [grpc-default-executor-3] INFO  server.RaftServer$Division (RaftServerImpl.java:requestVote(1075)) - 2d05a1a5-0e76-4538-833f-cc5b981b73a0@group-68BFCD394EFA replies to ELECTION vote request: ffb733bb-4214-438b-9ff2-a6b3cef337b6<-2d05a1a5-0e76-4538-833f-cc5b981b73a0#0:OK-t2. Peer's state: 2d05a1a5-0e76-4538-833f-cc5b981b73a0@group-68BFCD394EFA:t2, leader=null, voted=ffb733bb-4214-438b-9ff2-a6b3cef337b6, raftlog=2d05a1a5-0e76-4538-833f-cc5b981b73a0@group-68BFCD394EFA-SegmentedRaftLog:OPENED:c-1,f-1,i0, conf=-1: [2d05a1a5-0e76-4538-833f-cc5b981b73a0|rpc:127.0.0.1:45315|priority:0, ffb733bb-4214-438b-9ff2-a6b3cef337b6|rpc:127.0.0.1:41683|priority:0, 8c87d662-2c82-4859-8c2c-fb3d4a5a22d5|rpc:127.0.0.1:34623|priority:1], old=null
2021-08-10 07:29:01,943 [Datanode State Machine Thread - 0] WARN  statemachine.StateContext (StateContext.java:setState(246)) - Ignore disallowed transition from SHUTDOWN to RUNNING
2021-08-10 07:29:01,943 [Datanode State Machine Thread - 0] INFO  statemachine.DatanodeStateMachine (DatanodeStateMachine.java:lambda$startDaemon$0(457)) - Ozone container server started.
2021-08-10 07:29:01,953 [8c87d662-2c82-4859-8c2c-fb3d4a5a22d5@group-68BFCD394EFA-FollowerState] INFO  impl.FollowerState (FollowerState.java:run(134)) - 8c87d662-2c82-4859-8c2c-fb3d4a5a22d5@group-68BFCD394EFA-FollowerState: change to CANDIDATE, lastRpcElapsedTime:5182922067ns, electionTimeout:5147ms
2021-08-10 07:29:01,957 [grpc-default-executor-0] INFO  server.RaftServer$Division (RaftServerImpl.java:requestVote(1043)) - 8c87d662-2c82-4859-8c2c-fb3d4a5a22d5@group-68BFCD394EFA: receive requestVote(ELECTION, ffb733bb-4214-438b-9ff2-a6b3cef337b6, group-68BFCD394EFA, 2, (t:0, i:0))
2021-08-10 07:29:01,965 [8c87d662-2c82-4859-8c2c-fb3d4a5a22d5@group-68BFCD394EFA-FollowerState] INFO  impl.RoleInfo (RoleInfo.java:shutdownFollowerState(108)) - 8c87d662-2c82-4859-8c2c-fb3d4a5a22d5: shutdown 8c87d662-2c82-4859-8c2c-fb3d4a5a22d5@group-68BFCD394EFA-FollowerState
2021-08-10 07:29:01,965 [8c87d662-2c82-4859-8c2c-fb3d4a5a22d5@group-68BFCD394EFA-FollowerState] INFO  server.RaftServer$Division (RaftServerImpl.java:setRole(285)) - 8c87d662-2c82-4859-8c2c-fb3d4a5a22d5@group-68BFCD394EFA: changes role from  FOLLOWER to CANDIDATE at term 1 for changeToCandidate
2021-08-10 07:29:01,965 [8c87d662-2c82-4859-8c2c-fb3d4a5a22d5@group-68BFCD394EFA-FollowerState] INFO  server.RaftServerConfigKeys (ConfUtils.java:logGet(44)) - raft.server.leaderelection.pre-vote = false (custom)
2021-08-10 07:29:01,965 [8c87d662-2c82-4859-8c2c-fb3d4a5a22d5@group-68BFCD394EFA-FollowerState] INFO  impl.RoleInfo (RoleInfo.java:updateAndGet(130)) - 8c87d662-2c82-4859-8c2c-fb3d4a5a22d5: start 8c87d662-2c82-4859-8c2c-fb3d4a5a22d5@group-68BFCD394EFA-LeaderElection35
2021-08-10 07:29:01,971 [grpc-default-executor-0] INFO  impl.VoteContext (VoteContext.java:log(48)) - 8c87d662-2c82-4859-8c2c-fb3d4a5a22d5@group-68BFCD394EFA-CANDIDATE: reject ELECTION from ffb733bb-4214-438b-9ff2-a6b3cef337b6: our priority 1 > candidate's priority 0
2021-08-10 07:29:01,971 [grpc-default-executor-0] INFO  server.RaftServer$Division (RaftServerImpl.java:setRole(285)) - 8c87d662-2c82-4859-8c2c-fb3d4a5a22d5@group-68BFCD394EFA: changes role from CANDIDATE to FOLLOWER at term 2 for candidate:ffb733bb-4214-438b-9ff2-a6b3cef337b6
2021-08-10 07:29:01,971 [grpc-default-executor-0] INFO  impl.RoleInfo (RoleInfo.java:shutdownLeaderElection(121)) - 8c87d662-2c82-4859-8c2c-fb3d4a5a22d5: shutdown 8c87d662-2c82-4859-8c2c-fb3d4a5a22d5@group-68BFCD394EFA-LeaderElection35
2021-08-10 07:29:01,971 [grpc-default-executor-0] INFO  impl.RoleInfo (RoleInfo.java:updateAndGet(130)) - 8c87d662-2c82-4859-8c2c-fb3d4a5a22d5: start 8c87d662-2c82-4859-8c2c-fb3d4a5a22d5@group-68BFCD394EFA-FollowerState
2021-08-10 07:29:01,971 [8c87d662-2c82-4859-8c2c-fb3d4a5a22d5@group-68BFCD394EFA-LeaderElection35] INFO  impl.LeaderElection (LeaderElection.java:run(230)) - 8c87d662-2c82-4859-8c2c-fb3d4a5a22d5@group-68BFCD394EFA-LeaderElection35: skip running since this is already CLOSING
2021-08-10 07:29:01,972 [grpc-default-executor-0] INFO  server.RaftServer$Division (RaftServerImpl.java:requestVote(1075)) - 8c87d662-2c82-4859-8c2c-fb3d4a5a22d5@group-68BFCD394EFA replies to ELECTION vote request: ffb733bb-4214-438b-9ff2-a6b3cef337b6<-8c87d662-2c82-4859-8c2c-fb3d4a5a22d5#0:FAIL-t2. Peer's state: 8c87d662-2c82-4859-8c2c-fb3d4a5a22d5@group-68BFCD394EFA:t2, leader=null, voted=null, raftlog=8c87d662-2c82-4859-8c2c-fb3d4a5a22d5@group-68BFCD394EFA-SegmentedRaftLog:OPENED:c-1,f-1,i0, conf=-1: [2d05a1a5-0e76-4538-833f-cc5b981b73a0|rpc:127.0.0.1:45315|dataStream:|priority:0, ffb733bb-4214-438b-9ff2-a6b3cef337b6|rpc:127.0.0.1:41683|dataStream:|priority:0, 8c87d662-2c82-4859-8c2c-fb3d4a5a22d5|rpc:127.0.0.1:34623|dataStream:|priority:1], old=null
2021-08-10 07:29:01,973 [ffb733bb-4214-438b-9ff2-a6b3cef337b6@group-68BFCD394EFA-LeaderElection34] INFO  impl.LeaderElection (LeaderElection.java:logAndReturn(89)) - ffb733bb-4214-438b-9ff2-a6b3cef337b6@group-68BFCD394EFA-LeaderElection34: ELECTION REJECTED received 2 response(s) and 0 exception(s):
2021-08-10 07:29:01,973 [ffb733bb-4214-438b-9ff2-a6b3cef337b6@group-68BFCD394EFA-LeaderElection34] INFO  impl.LeaderElection (LeaderElection.java:logAndReturn(93)) -   Response 0: ffb733bb-4214-438b-9ff2-a6b3cef337b6<-2d05a1a5-0e76-4538-833f-cc5b981b73a0#0:OK-t2
2021-08-10 07:29:01,973 [ffb733bb-4214-438b-9ff2-a6b3cef337b6@group-68BFCD394EFA-LeaderElection34] INFO  impl.LeaderElection (LeaderElection.java:logAndReturn(93)) -   Response 1: ffb733bb-4214-438b-9ff2-a6b3cef337b6<-8c87d662-2c82-4859-8c2c-fb3d4a5a22d5#0:FAIL-t2
2021-08-10 07:29:01,973 [ffb733bb-4214-438b-9ff2-a6b3cef337b6@group-68BFCD394EFA-LeaderElection34] INFO  impl.LeaderElection (LeaderElection.java:askForVotes(308)) - ffb733bb-4214-438b-9ff2-a6b3cef337b6@group-68BFCD394EFA-LeaderElection34 ELECTION round 0: result REJECTED
2021-08-10 07:29:01,973 [ffb733bb-4214-438b-9ff2-a6b3cef337b6@group-68BFCD394EFA-LeaderElection34] INFO  server.RaftServer$Division (RaftServerImpl.java:setRole(285)) - ffb733bb-4214-438b-9ff2-a6b3cef337b6@group-68BFCD394EFA: changes role from CANDIDATE to FOLLOWER at term 2 for REJECTED
2021-08-10 07:29:01,973 [ffb733bb-4214-438b-9ff2-a6b3cef337b6@group-68BFCD394EFA-LeaderElection34] INFO  impl.RoleInfo (RoleInfo.java:shutdownLeaderElection(121)) - ffb733bb-4214-438b-9ff2-a6b3cef337b6: shutdown ffb733bb-4214-438b-9ff2-a6b3cef337b6@group-68BFCD394EFA-LeaderElection34
2021-08-10 07:29:01,973 [ffb733bb-4214-438b-9ff2-a6b3cef337b6@group-68BFCD394EFA-LeaderElection34] INFO  impl.RoleInfo (RoleInfo.java:updateAndGet(130)) - ffb733bb-4214-438b-9ff2-a6b3cef337b6: start ffb733bb-4214-438b-9ff2-a6b3cef337b6@group-68BFCD394EFA-FollowerState
2021-08-10 07:29:02,588 [EndpointStateMachine task thread for /127.0.0.1:13049 - 0 ] INFO  ipc.Client (Client.java:handleConnectionFailure(977)) - Retrying connect to server: localhost/127.0.0.1:13049. Already tried 3 time(s); retry policy is RetryUpToMaximumCountWithFixedSleep(maxRetries=15, sleepTime=1000 MILLISECONDS)
2021-08-10 07:29:02,600 [EndpointStateMachine task thread for /127.0.0.1:15917 - 0 ] INFO  ipc.Client (Client.java:handleConnectionFailure(977)) - Retrying connect to server: localhost/127.0.0.1:15917. Already tried 4 time(s); retry policy is RetryUpToMaximumCountWithFixedSleep(maxRetries=15, sleepTime=1000 MILLISECONDS)
2021-08-10 07:29:02,707 [EndpointStateMachine task thread for /127.0.0.1:14021 - 0 ] INFO  ipc.Client (Client.java:handleConnectionFailure(977)) - Retrying connect to server: localhost/127.0.0.1:14021. Already tried 2 time(s); retry policy is RetryUpToMaximumCountWithFixedSleep(maxRetries=15, sleepTime=1000 MILLISECONDS)
2021-08-10 07:29:03,590 [EndpointStateMachine task thread for /127.0.0.1:13049 - 0 ] INFO  ipc.Client (Client.java:handleConnectionFailure(977)) - Retrying connect to server: localhost/127.0.0.1:13049. Already tried 4 time(s); retry policy is RetryUpToMaximumCountWithFixedSleep(maxRetries=15, sleepTime=1000 MILLISECONDS)
2021-08-10 07:29:03,601 [EndpointStateMachine task thread for /127.0.0.1:15917 - 0 ] INFO  ipc.Client (Client.java:handleConnectionFailure(977)) - Retrying connect to server: localhost/127.0.0.1:15917. Already tried 5 time(s); retry policy is RetryUpToMaximumCountWithFixedSleep(maxRetries=15, sleepTime=1000 MILLISECONDS)
2021-08-10 07:29:03,707 [EndpointStateMachine task thread for /127.0.0.1:14021 - 0 ] INFO  ipc.Client (Client.java:handleConnectionFailure(977)) - Retrying connect to server: localhost/127.0.0.1:14021. Already tried 3 time(s); retry policy is RetryUpToMaximumCountWithFixedSleep(maxRetries=15, sleepTime=1000 MILLISECONDS)
2021-08-10 07:29:04,591 [EndpointStateMachine task thread for /127.0.0.1:13049 - 0 ] INFO  ipc.Client (Client.java:handleConnectionFailure(977)) - Retrying connect to server: localhost/127.0.0.1:13049. Already tried 5 time(s); retry policy is RetryUpToMaximumCountWithFixedSleep(maxRetries=15, sleepTime=1000 MILLISECONDS)
2021-08-10 07:29:04,601 [EndpointStateMachine task thread for /127.0.0.1:15917 - 0 ] INFO  ipc.Client (Client.java:handleConnectionFailure(977)) - Retrying connect to server: localhost/127.0.0.1:15917. Already tried 6 time(s); retry policy is RetryUpToMaximumCountWithFixedSleep(maxRetries=15, sleepTime=1000 MILLISECONDS)
2021-08-10 07:29:04,708 [EndpointStateMachine task thread for /127.0.0.1:14021 - 0 ] INFO  ipc.Client (Client.java:handleConnectionFailure(977)) - Retrying connect to server: localhost/127.0.0.1:14021. Already tried 4 time(s); retry policy is RetryUpToMaximumCountWithFixedSleep(maxRetries=15, sleepTime=1000 MILLISECONDS)
2021-08-10 07:29:05,591 [EndpointStateMachine task thread for /127.0.0.1:13049 - 0 ] INFO  ipc.Client (Client.java:handleConnectionFailure(977)) - Retrying connect to server: localhost/127.0.0.1:13049. Already tried 6 time(s); retry policy is RetryUpToMaximumCountWithFixedSleep(maxRetries=15, sleepTime=1000 MILLISECONDS)
2021-08-10 07:29:05,602 [EndpointStateMachine task thread for /127.0.0.1:15917 - 0 ] INFO  ipc.Client (Client.java:handleConnectionFailure(977)) - Retrying connect to server: localhost/127.0.0.1:15917. Already tried 7 time(s); retry policy is RetryUpToMaximumCountWithFixedSleep(maxRetries=15, sleepTime=1000 MILLISECONDS)
2021-08-10 07:29:05,708 [EndpointStateMachine task thread for /127.0.0.1:14021 - 0 ] INFO  ipc.Client (Client.java:handleConnectionFailure(977)) - Retrying connect to server: localhost/127.0.0.1:14021. Already tried 5 time(s); retry policy is RetryUpToMaximumCountWithFixedSleep(maxRetries=15, sleepTime=1000 MILLISECONDS)
2021-08-10 07:29:06,030 [Listener at 127.0.0.1/10052] INFO  ozoneimpl.OzoneContainer (OzoneContainer.java:stop(326)) - Attempting to stop container services.
2021-08-10 07:29:06,031 [Listener at 127.0.0.1/10052] INFO  server.RaftServer (RaftServerProxy.java:lambda$close$6(391)) - 8c87d662-2c82-4859-8c2c-fb3d4a5a22d5: close
2021-08-10 07:29:06,031 [Listener at 127.0.0.1/10052] INFO  server.RaftServer$Division (RaftServerImpl.java:lambda$close$4(407)) - 8c87d662-2c82-4859-8c2c-fb3d4a5a22d5@group-850764818030: shutdown
2021-08-10 07:29:06,031 [Listener at 127.0.0.1/10052] INFO  util.JmxRegister (JmxRegister.java:unregister(73)) - Successfully un-registered JMX Bean with object name Ratis:service=RaftServer,group=group-850764818030,id=8c87d662-2c82-4859-8c2c-fb3d4a5a22d5
2021-08-10 07:29:06,031 [Listener at 127.0.0.1/10052] INFO  impl.RoleInfo (RoleInfo.java:shutdownLeaderState(91)) - 8c87d662-2c82-4859-8c2c-fb3d4a5a22d5: shutdown 8c87d662-2c82-4859-8c2c-fb3d4a5a22d5@group-850764818030-LeaderStateImpl
2021-08-10 07:29:06,031 [Listener at 127.0.0.1/10052] INFO  impl.PendingRequests (PendingRequests.java:sendNotLeaderResponses(249)) - 8c87d662-2c82-4859-8c2c-fb3d4a5a22d5@group-850764818030-PendingRequests: sendNotLeaderResponses
2021-08-10 07:29:06,032 [Listener at 127.0.0.1/10052] INFO  impl.StateMachineUpdater (StateMachineUpdater.java:stopAndJoin(149)) - 8c87d662-2c82-4859-8c2c-fb3d4a5a22d5@group-850764818030-StateMachineUpdater: set stopIndex = 0
2021-08-10 07:29:06,032 [ForkJoinPool.commonPool-worker-1] INFO  ozoneimpl.OzoneContainer (OzoneContainer.java:stop(326)) - Attempting to stop container services.
2021-08-10 07:29:06,033 [8c87d662-2c82-4859-8c2c-fb3d4a5a22d5@group-850764818030-StateMachineUpdater] INFO  ratis.ContainerStateMachine (ContainerStateMachine.java:takeSnapshot(291)) - group-850764818030: Taking a snapshot at:(t:1, i:0) file /home/runner/work/ozone/ozone/hadoop-ozone/integration-test/target/test-dir/MiniOzoneClusterImpl-4c935f51-a36a-4569-b515-a26f7be21e7f/datanode-1/data/ratis/b7efb7e1-d518-498b-be7f-850764818030/sm/snapshot.1_0
2021-08-10 07:29:06,033 [ForkJoinPool.commonPool-worker-1] INFO  server.RaftServer (RaftServerProxy.java:lambda$close$6(391)) - 2d05a1a5-0e76-4538-833f-cc5b981b73a0: close
2021-08-10 07:29:06,033 [ForkJoinPool.commonPool-worker-1] INFO  server.RaftServer$Division (RaftServerImpl.java:lambda$close$4(407)) - 2d05a1a5-0e76-4538-833f-cc5b981b73a0@group-6741513528A8: shutdown
2021-08-10 07:29:06,033 [ForkJoinPool.commonPool-worker-1] INFO  util.JmxRegister (JmxRegister.java:unregister(73)) - Successfully un-registered JMX Bean with object name Ratis:service=RaftServer,group=group-6741513528A8,id=2d05a1a5-0e76-4538-833f-cc5b981b73a0
2021-08-10 07:29:06,033 [ForkJoinPool.commonPool-worker-1] INFO  impl.RoleInfo (RoleInfo.java:shutdownLeaderState(91)) - 2d05a1a5-0e76-4538-833f-cc5b981b73a0: shutdown 2d05a1a5-0e76-4538-833f-cc5b981b73a0@group-6741513528A8-LeaderStateImpl
2021-08-10 07:29:06,033 [ForkJoinPool.commonPool-worker-1] INFO  impl.PendingRequests (PendingRequests.java:sendNotLeaderResponses(249)) - 2d05a1a5-0e76-4538-833f-cc5b981b73a0@group-6741513528A8-PendingRequests: sendNotLeaderResponses
2021-08-10 07:29:06,034 [2d05a1a5-0e76-4538-833f-cc5b981b73a0@group-6741513528A8->8c87d662-2c82-4859-8c2c-fb3d4a5a22d5-GrpcLogAppender-LogAppenderDaemon] WARN  server.GrpcLogAppender (GrpcLogAppender.java:mayWait(175)) - 2d05a1a5-0e76-4538-833f-cc5b981b73a0@group-6741513528A8->8c87d662-2c82-4859-8c2c-fb3d4a5a22d5-GrpcLogAppender: Wait interrupted by java.lang.InterruptedException
2021-08-10 07:29:06,034 [ForkJoinPool.commonPool-worker-1] INFO  impl.StateMachineUpdater (StateMachineUpdater.java:stopAndJoin(149)) - 2d05a1a5-0e76-4538-833f-cc5b981b73a0@group-6741513528A8-StateMachineUpdater: set stopIndex = 0
2021-08-10 07:29:06,034 [2d05a1a5-0e76-4538-833f-cc5b981b73a0@group-6741513528A8-StateMachineUpdater] INFO  ratis.ContainerStateMachine (ContainerStateMachine.java:takeSnapshot(291)) - group-6741513528A8: Taking a snapshot at:(t:1, i:0) file /home/runner/work/ozone/ozone/hadoop-ozone/integration-test/target/test-dir/MiniOzoneClusterImpl-4c935f51-a36a-4569-b515-a26f7be21e7f/datanode-0/data/ratis/2e5e5323-1d73-4411-bc65-6741513528a8/sm/snapshot.1_0
2021-08-10 07:29:06,034 [2d05a1a5-0e76-4538-833f-cc5b981b73a0@group-6741513528A8->ffb733bb-4214-438b-9ff2-a6b3cef337b6-GrpcLogAppender-LogAppenderDaemon] WARN  server.GrpcLogAppender (GrpcLogAppender.java:mayWait(175)) - 2d05a1a5-0e76-4538-833f-cc5b981b73a0@group-6741513528A8->ffb733bb-4214-438b-9ff2-a6b3cef337b6-GrpcLogAppender: Wait interrupted by java.lang.InterruptedException
2021-08-10 07:29:06,034 [grpc-default-executor-3] INFO  server.GrpcServerProtocolService (GrpcServerProtocolService.java:onCompleted(140)) - 8c87d662-2c82-4859-8c2c-fb3d4a5a22d5: Completed APPEND_ENTRIES, lastRequest: 2d05a1a5-0e76-4538-833f-cc5b981b73a0->8c87d662-2c82-4859-8c2c-fb3d4a5a22d5#1-t1,previous=(t:0, i:0),leaderCommit=-1,initializing? true,entries: size=1, first=(t:1, i:0), CONFIGURATIONENTRY
2021-08-10 07:29:06,035 [grpc-default-executor-0] INFO  server.GrpcLogAppender (GrpcLogAppender.java:onCompleted(344)) - 2d05a1a5-0e76-4538-833f-cc5b981b73a0@group-6741513528A8->8c87d662-2c82-4859-8c2c-fb3d4a5a22d5-AppendLogResponseHandler: follower responses appendEntries COMPLETED
2021-08-10 07:29:06,035 [grpc-default-executor-0] INFO  leader.FollowerInfo (FollowerInfoImpl.java:lambda$new$0(46)) - 2d05a1a5-0e76-4538-833f-cc5b981b73a0@group-6741513528A8->8c87d662-2c82-4859-8c2c-fb3d4a5a22d5: nextIndex: updateUnconditionally 1 -> 0
2021-08-10 07:29:06,035 [grpc-default-executor-3] INFO  server.GrpcServerProtocolService (GrpcServerProtocolService.java:onCompleted(140)) - ffb733bb-4214-438b-9ff2-a6b3cef337b6: Completed APPEND_ENTRIES, lastRequest: 2d05a1a5-0e76-4538-833f-cc5b981b73a0->ffb733bb-4214-438b-9ff2-a6b3cef337b6#1-t1,previous=(t:0, i:0),leaderCommit=-1,initializing? true,entries: size=1, first=(t:1, i:0), CONFIGURATIONENTRY
2021-08-10 07:29:06,035 [8c87d662-2c82-4859-8c2c-fb3d4a5a22d5@group-850764818030-StateMachineUpdater] INFO  ratis.ContainerStateMachine (ContainerStateMachine.java:takeSnapshot(302)) - group-850764818030: Finished taking a snapshot at:(t:1, i:0) file:/home/runner/work/ozone/ozone/hadoop-ozone/integration-test/target/test-dir/MiniOzoneClusterImpl-4c935f51-a36a-4569-b515-a26f7be21e7f/datanode-1/data/ratis/b7efb7e1-d518-498b-be7f-850764818030/sm/snapshot.1_0 took: 3 ms
2021-08-10 07:29:06,035 [8c87d662-2c82-4859-8c2c-fb3d4a5a22d5@group-850764818030-StateMachineUpdater] INFO  impl.StateMachineUpdater (StateMachineUpdater.java:takeSnapshot(281)) - 8c87d662-2c82-4859-8c2c-fb3d4a5a22d5@group-850764818030-StateMachineUpdater: Took a snapshot at index 0
2021-08-10 07:29:06,036 [8c87d662-2c82-4859-8c2c-fb3d4a5a22d5@group-850764818030-StateMachineUpdater] INFO  impl.StateMachineUpdater (StateMachineUpdater.java:lambda$new$0(89)) - 8c87d662-2c82-4859-8c2c-fb3d4a5a22d5@group-850764818030-StateMachineUpdater: snapshotIndex: updateIncreasingly -1 -> 0
2021-08-10 07:29:06,036 [2d05a1a5-0e76-4538-833f-cc5b981b73a0@group-6741513528A8-StateMachineUpdater] INFO  ratis.ContainerStateMachine (ContainerStateMachine.java:takeSnapshot(302)) - group-6741513528A8: Finished taking a snapshot at:(t:1, i:0) file:/home/runner/work/ozone/ozone/hadoop-ozone/integration-test/target/test-dir/MiniOzoneClusterImpl-4c935f51-a36a-4569-b515-a26f7be21e7f/datanode-0/data/ratis/2e5e5323-1d73-4411-bc65-6741513528a8/sm/snapshot.1_0 took: 2 ms
2021-08-10 07:29:06,036 [2d05a1a5-0e76-4538-833f-cc5b981b73a0@group-6741513528A8-StateMachineUpdater] INFO  impl.StateMachineUpdater (StateMachineUpdater.java:takeSnapshot(281)) - 2d05a1a5-0e76-4538-833f-cc5b981b73a0@group-6741513528A8-StateMachineUpdater: Took a snapshot at index 0
2021-08-10 07:29:06,036 [2d05a1a5-0e76-4538-833f-cc5b981b73a0@group-6741513528A8-StateMachineUpdater] INFO  impl.StateMachineUpdater (StateMachineUpdater.java:lambda$new$0(89)) - 2d05a1a5-0e76-4538-833f-cc5b981b73a0@group-6741513528A8-StateMachineUpdater: snapshotIndex: updateIncreasingly -1 -> 0
2021-08-10 07:29:06,036 [grpc-default-executor-0] INFO  server.GrpcLogAppender (GrpcLogAppender.java:onCompleted(344)) - 2d05a1a5-0e76-4538-833f-cc5b981b73a0@group-6741513528A8->ffb733bb-4214-438b-9ff2-a6b3cef337b6-AppendLogResponseHandler: follower responses appendEntries COMPLETED
2021-08-10 07:29:06,036 [ForkJoinPool.commonPool-worker-1] INFO  server.RaftServer$Division (ServerState.java:close(419)) - 2d05a1a5-0e76-4538-833f-cc5b981b73a0@group-6741513528A8: closes. applyIndex: 0
2021-08-10 07:29:06,036 [grpc-default-executor-0] INFO  leader.FollowerInfo (FollowerInfoImpl.java:lambda$new$0(46)) - 2d05a1a5-0e76-4538-833f-cc5b981b73a0@group-6741513528A8->ffb733bb-4214-438b-9ff2-a6b3cef337b6: nextIndex: updateUnconditionally 1 -> 0
2021-08-10 07:29:06,036 [2d05a1a5-0e76-4538-833f-cc5b981b73a0@group-6741513528A8-SegmentedRaftLogWorker] INFO  segmented.SegmentedRaftLogWorker (SegmentedRaftLogWorker.java:run(327)) - 2d05a1a5-0e76-4538-833f-cc5b981b73a0@group-6741513528A8-SegmentedRaftLogWorker was interrupted, exiting. There are 0 tasks remaining in the queue.
2021-08-10 07:29:06,037 [ForkJoinPool.commonPool-worker-1] INFO  segmented.SegmentedRaftLogWorker (SegmentedRaftLogWorker.java:close(237)) - 2d05a1a5-0e76-4538-833f-cc5b981b73a0@group-6741513528A8-SegmentedRaftLogWorker close()
2021-08-10 07:29:06,042 [ForkJoinPool.commonPool-worker-1] INFO  server.RaftServer$Division (RaftServerImpl.java:lambda$close$4(407)) - 2d05a1a5-0e76-4538-833f-cc5b981b73a0@group-F789553E3107: shutdown
2021-08-10 07:29:06,042 [ForkJoinPool.commonPool-worker-1] INFO  util.JmxRegister (JmxRegister.java:unregister(73)) - Successfully un-registered JMX Bean with object name Ratis:service=RaftServer,group=group-F789553E3107,id=2d05a1a5-0e76-4538-833f-cc5b981b73a0
2021-08-10 07:29:06,042 [ForkJoinPool.commonPool-worker-1] INFO  impl.RoleInfo (RoleInfo.java:shutdownLeaderState(91)) - 2d05a1a5-0e76-4538-833f-cc5b981b73a0: shutdown 2d05a1a5-0e76-4538-833f-cc5b981b73a0@group-F789553E3107-LeaderStateImpl
2021-08-10 07:29:06,042 [ForkJoinPool.commonPool-worker-1] INFO  impl.PendingRequests (PendingRequests.java:sendNotLeaderResponses(249)) - 2d05a1a5-0e76-4538-833f-cc5b981b73a0@group-F789553E3107-PendingRequests: sendNotLeaderResponses
2021-08-10 07:29:06,042 [2d05a1a5-0e76-4538-833f-cc5b981b73a0@group-F789553E3107-StateMachineUpdater] INFO  ratis.ContainerStateMachine (ContainerStateMachine.java:takeSnapshot(291)) - group-F789553E3107: Taking a snapshot at:(t:1, i:0) file /home/runner/work/ozone/ozone/hadoop-ozone/integration-test/target/test-dir/MiniOzoneClusterImpl-4c935f51-a36a-4569-b515-a26f7be21e7f/datanode-0/data/ratis/46bc84d1-34ec-47a8-b46e-f789553e3107/sm/snapshot.1_0
2021-08-10 07:29:06,042 [ForkJoinPool.commonPool-worker-1] INFO  impl.StateMachineUpdater (StateMachineUpdater.java:stopAndJoin(149)) - 2d05a1a5-0e76-4538-833f-cc5b981b73a0@group-F789553E3107-StateMachineUpdater: set stopIndex = 0
2021-08-10 07:29:06,042 [Listener at 127.0.0.1/10052] INFO  server.RaftServer$Division (ServerState.java:close(419)) - 8c87d662-2c82-4859-8c2c-fb3d4a5a22d5@group-850764818030: closes. applyIndex: 0
2021-08-10 07:29:06,043 [8c87d662-2c82-4859-8c2c-fb3d4a5a22d5@group-850764818030-SegmentedRaftLogWorker] INFO  segmented.SegmentedRaftLogWorker (SegmentedRaftLogWorker.java:run(327)) - 8c87d662-2c82-4859-8c2c-fb3d4a5a22d5@group-850764818030-SegmentedRaftLogWorker was interrupted, exiting. There are 0 tasks remaining in the queue.
2021-08-10 07:29:06,043 [2d05a1a5-0e76-4538-833f-cc5b981b73a0@group-F789553E3107-StateMachineUpdater] INFO  ratis.ContainerStateMachine (ContainerStateMachine.java:takeSnapshot(302)) - group-F789553E3107: Finished taking a snapshot at:(t:1, i:0) file:/home/runner/work/ozone/ozone/hadoop-ozone/integration-test/target/test-dir/MiniOzoneClusterImpl-4c935f51-a36a-4569-b515-a26f7be21e7f/datanode-0/data/ratis/46bc84d1-34ec-47a8-b46e-f789553e3107/sm/snapshot.1_0 took: 1 ms
2021-08-10 07:29:06,043 [2d05a1a5-0e76-4538-833f-cc5b981b73a0@group-F789553E3107-StateMachineUpdater] INFO  impl.StateMachineUpdater (StateMachineUpdater.java:takeSnapshot(281)) - 2d05a1a5-0e76-4538-833f-cc5b981b73a0@group-F789553E3107-StateMachineUpdater: Took a snapshot at index 0
2021-08-10 07:29:06,044 [2d05a1a5-0e76-4538-833f-cc5b981b73a0@group-F789553E3107-StateMachineUpdater] INFO  impl.StateMachineUpdater (StateMachineUpdater.java:lambda$new$0(89)) - 2d05a1a5-0e76-4538-833f-cc5b981b73a0@group-F789553E3107-StateMachineUpdater: snapshotIndex: updateIncreasingly -1 -> 0
2021-08-10 07:29:06,044 [Listener at 127.0.0.1/10052] INFO  segmented.SegmentedRaftLogWorker (SegmentedRaftLogWorker.java:close(237)) - 8c87d662-2c82-4859-8c2c-fb3d4a5a22d5@group-850764818030-SegmentedRaftLogWorker close()
2021-08-10 07:29:06,045 [Listener at 127.0.0.1/10052] INFO  server.RaftServer$Division (RaftServerImpl.java:lambda$close$4(407)) - 8c87d662-2c82-4859-8c2c-fb3d4a5a22d5@group-6741513528A8: shutdown
2021-08-10 07:29:06,045 [Listener at 127.0.0.1/10052] INFO  util.JmxRegister (JmxRegister.java:unregister(73)) - Successfully un-registered JMX Bean with object name Ratis:service=RaftServer,group=group-6741513528A8,id=8c87d662-2c82-4859-8c2c-fb3d4a5a22d5
2021-08-10 07:29:06,045 [Listener at 127.0.0.1/10052] INFO  impl.RoleInfo (RoleInfo.java:shutdownFollowerState(108)) - 8c87d662-2c82-4859-8c2c-fb3d4a5a22d5: shutdown 8c87d662-2c82-4859-8c2c-fb3d4a5a22d5@group-6741513528A8-FollowerState
2021-08-10 07:29:06,045 [Listener at 127.0.0.1/10052] INFO  impl.StateMachineUpdater (StateMachineUpdater.java:stopAndJoin(149)) - 8c87d662-2c82-4859-8c2c-fb3d4a5a22d5@group-6741513528A8-StateMachineUpdater: set stopIndex = 0
2021-08-10 07:29:06,045 [8c87d662-2c82-4859-8c2c-fb3d4a5a22d5@group-6741513528A8-FollowerState] INFO  impl.FollowerState (FollowerState.java:run(143)) - 8c87d662-2c82-4859-8c2c-fb3d4a5a22d5@group-6741513528A8-FollowerState was interrupted: {}
java.lang.InterruptedException: sleep interrupted
	at java.lang.Thread.sleep(Native Method)
	at java.lang.Thread.sleep(Thread.java:340)
	at java.util.concurrent.TimeUnit.sleep(TimeUnit.java:386)
	at org.apache.ratis.util.TimeDuration.sleep(TimeDuration.java:324)
	at org.apache.ratis.util.TimeDuration.sleep(TimeDuration.java:309)
	at org.apache.ratis.server.impl.FollowerState.run(FollowerState.java:118)
2021-08-10 07:29:06,045 [8c87d662-2c82-4859-8c2c-fb3d4a5a22d5@group-6741513528A8-StateMachineUpdater] INFO  ratis.ContainerStateMachine (ContainerStateMachine.java:takeSnapshot(291)) - group-6741513528A8: Taking a snapshot at:(t:1, i:0) file /home/runner/work/ozone/ozone/hadoop-ozone/integration-test/target/test-dir/MiniOzoneClusterImpl-4c935f51-a36a-4569-b515-a26f7be21e7f/datanode-1/data/ratis/2e5e5323-1d73-4411-bc65-6741513528a8/sm/snapshot.1_0
2021-08-10 07:29:06,046 [ForkJoinPool.commonPool-worker-1] INFO  server.RaftServer$Division (ServerState.java:close(419)) - 2d05a1a5-0e76-4538-833f-cc5b981b73a0@group-F789553E3107: closes. applyIndex: 0
2021-08-10 07:29:06,046 [2d05a1a5-0e76-4538-833f-cc5b981b73a0@group-F789553E3107-SegmentedRaftLogWorker] INFO  segmented.SegmentedRaftLogWorker (SegmentedRaftLogWorker.java:run(327)) - 2d05a1a5-0e76-4538-833f-cc5b981b73a0@group-F789553E3107-SegmentedRaftLogWorker was interrupted, exiting. There are 0 tasks remaining in the queue.
2021-08-10 07:29:06,047 [8c87d662-2c82-4859-8c2c-fb3d4a5a22d5@group-6741513528A8-StateMachineUpdater] INFO  ratis.ContainerStateMachine (ContainerStateMachine.java:takeSnapshot(302)) - group-6741513528A8: Finished taking a snapshot at:(t:1, i:0) file:/home/runner/work/ozone/ozone/hadoop-ozone/integration-test/target/test-dir/MiniOzoneClusterImpl-4c935f51-a36a-4569-b515-a26f7be21e7f/datanode-1/data/ratis/2e5e5323-1d73-4411-bc65-6741513528a8/sm/snapshot.1_0 took: 1 ms
2021-08-10 07:29:06,047 [8c87d662-2c82-4859-8c2c-fb3d4a5a22d5@group-6741513528A8-StateMachineUpdater] INFO  impl.StateMachineUpdater (StateMachineUpdater.java:takeSnapshot(281)) - 8c87d662-2c82-4859-8c2c-fb3d4a5a22d5@group-6741513528A8-StateMachineUpdater: Took a snapshot at index 0
2021-08-10 07:29:06,047 [8c87d662-2c82-4859-8c2c-fb3d4a5a22d5@group-6741513528A8-StateMachineUpdater] INFO  impl.StateMachineUpdater (StateMachineUpdater.java:lambda$new$0(89)) - 8c87d662-2c82-4859-8c2c-fb3d4a5a22d5@group-6741513528A8-StateMachineUpdater: snapshotIndex: updateIncreasingly -1 -> 0
2021-08-10 07:29:06,047 [Listener at 127.0.0.1/10052] INFO  server.RaftServer$Division (ServerState.java:close(419)) - 8c87d662-2c82-4859-8c2c-fb3d4a5a22d5@group-6741513528A8: closes. applyIndex: 0
2021-08-10 07:29:06,047 [8c87d662-2c82-4859-8c2c-fb3d4a5a22d5@group-6741513528A8-SegmentedRaftLogWorker] INFO  segmented.SegmentedRaftLogWorker (SegmentedRaftLogWorker.java:run(327)) - 8c87d662-2c82-4859-8c2c-fb3d4a5a22d5@group-6741513528A8-SegmentedRaftLogWorker was interrupted, exiting. There are 0 tasks remaining in the queue.
2021-08-10 07:29:06,047 [ForkJoinPool.commonPool-worker-1] INFO  segmented.SegmentedRaftLogWorker (SegmentedRaftLogWorker.java:close(237)) - 2d05a1a5-0e76-4538-833f-cc5b981b73a0@group-F789553E3107-SegmentedRaftLogWorker close()
2021-08-10 07:29:06,047 [Listener at 127.0.0.1/10052] INFO  segmented.SegmentedRaftLogWorker (SegmentedRaftLogWorker.java:close(237)) - 8c87d662-2c82-4859-8c2c-fb3d4a5a22d5@group-6741513528A8-SegmentedRaftLogWorker close()
2021-08-10 07:29:06,048 [ForkJoinPool.commonPool-worker-1] INFO  server.RaftServer$Division (RaftServerImpl.java:lambda$close$4(407)) - 2d05a1a5-0e76-4538-833f-cc5b981b73a0@group-68BFCD394EFA: shutdown
2021-08-10 07:29:06,049 [ForkJoinPool.commonPool-worker-1] INFO  util.JmxRegister (JmxRegister.java:unregister(73)) - Successfully un-registered JMX Bean with object name Ratis:service=RaftServer,group=group-68BFCD394EFA,id=2d05a1a5-0e76-4538-833f-cc5b981b73a0
2021-08-10 07:29:06,049 [ForkJoinPool.commonPool-worker-1] INFO  impl.RoleInfo (RoleInfo.java:shutdownFollowerState(108)) - 2d05a1a5-0e76-4538-833f-cc5b981b73a0: shutdown 2d05a1a5-0e76-4538-833f-cc5b981b73a0@group-68BFCD394EFA-FollowerState
2021-08-10 07:29:06,049 [2d05a1a5-0e76-4538-833f-cc5b981b73a0@group-68BFCD394EFA-FollowerState] INFO  impl.FollowerState (FollowerState.java:run(143)) - 2d05a1a5-0e76-4538-833f-cc5b981b73a0@group-68BFCD394EFA-FollowerState was interrupted: {}
java.lang.InterruptedException: sleep interrupted
	at java.lang.Thread.sleep(Native Method)
	at java.lang.Thread.sleep(Thread.java:340)
	at java.util.concurrent.TimeUnit.sleep(TimeUnit.java:386)
	at org.apache.ratis.util.TimeDuration.sleep(TimeDuration.java:324)
	at org.apache.ratis.util.TimeDuration.sleep(TimeDuration.java:309)
	at org.apache.ratis.server.impl.FollowerState.run(FollowerState.java:118)
2021-08-10 07:29:06,049 [ForkJoinPool.commonPool-worker-1] INFO  impl.StateMachineUpdater (StateMachineUpdater.java:stopAndJoin(149)) - 2d05a1a5-0e76-4538-833f-cc5b981b73a0@group-68BFCD394EFA-StateMachineUpdater: set stopIndex = -1
2021-08-10 07:29:06,049 [ForkJoinPool.commonPool-worker-1] INFO  server.RaftServer$Division (ServerState.java:close(419)) - 2d05a1a5-0e76-4538-833f-cc5b981b73a0@group-68BFCD394EFA: closes. applyIndex: -1
2021-08-10 07:29:06,050 [Listener at 127.0.0.1/10052] INFO  server.RaftServer$Division (RaftServerImpl.java:lambda$close$4(407)) - 8c87d662-2c82-4859-8c2c-fb3d4a5a22d5@group-68BFCD394EFA: shutdown
2021-08-10 07:29:06,050 [Listener at 127.0.0.1/10052] INFO  util.JmxRegister (JmxRegister.java:unregister(73)) - Successfully un-registered JMX Bean with object name Ratis:service=RaftServer,group=group-68BFCD394EFA,id=8c87d662-2c82-4859-8c2c-fb3d4a5a22d5
2021-08-10 07:29:06,050 [Listener at 127.0.0.1/10052] INFO  impl.RoleInfo (RoleInfo.java:shutdownFollowerState(108)) - 8c87d662-2c82-4859-8c2c-fb3d4a5a22d5: shutdown 8c87d662-2c82-4859-8c2c-fb3d4a5a22d5@group-68BFCD394EFA-FollowerState
2021-08-10 07:29:06,050 [Listener at 127.0.0.1/10052] INFO  impl.StateMachineUpdater (StateMachineUpdater.java:stopAndJoin(149)) - 8c87d662-2c82-4859-8c2c-fb3d4a5a22d5@group-68BFCD394EFA-StateMachineUpdater: set stopIndex = -1
2021-08-10 07:29:06,050 [8c87d662-2c82-4859-8c2c-fb3d4a5a22d5@group-68BFCD394EFA-FollowerState] INFO  impl.FollowerState (FollowerState.java:run(143)) - 8c87d662-2c82-4859-8c2c-fb3d4a5a22d5@group-68BFCD394EFA-FollowerState was interrupted: {}
java.lang.InterruptedException: sleep interrupted
	at java.lang.Thread.sleep(Native Method)
	at java.lang.Thread.sleep(Thread.java:340)
	at java.util.concurrent.TimeUnit.sleep(TimeUnit.java:386)
	at org.apache.ratis.util.TimeDuration.sleep(TimeDuration.java:324)
	at org.apache.ratis.util.TimeDuration.sleep(TimeDuration.java:309)
	at org.apache.ratis.server.impl.FollowerState.run(FollowerState.java:118)
2021-08-10 07:29:06,050 [Listener at 127.0.0.1/10052] INFO  server.RaftServer$Division (ServerState.java:close(419)) - 8c87d662-2c82-4859-8c2c-fb3d4a5a22d5@group-68BFCD394EFA: closes. applyIndex: -1
2021-08-10 07:29:06,051 [8c87d662-2c82-4859-8c2c-fb3d4a5a22d5@group-68BFCD394EFA-SegmentedRaftLogWorker] INFO  segmented.SegmentedRaftLogWorker (SegmentedRaftLogWorker.java:run(327)) - 8c87d662-2c82-4859-8c2c-fb3d4a5a22d5@group-68BFCD394EFA-SegmentedRaftLogWorker was interrupted, exiting. There are 0 tasks remaining in the queue.
2021-08-10 07:29:06,050 [2d05a1a5-0e76-4538-833f-cc5b981b73a0@group-68BFCD394EFA-SegmentedRaftLogWorker] INFO  segmented.SegmentedRaftLogWorker (SegmentedRaftLogWorker.java:run(327)) - 2d05a1a5-0e76-4538-833f-cc5b981b73a0@group-68BFCD394EFA-SegmentedRaftLogWorker was interrupted, exiting. There are 0 tasks remaining in the queue.
2021-08-10 07:29:06,051 [ForkJoinPool.commonPool-worker-1] INFO  segmented.SegmentedRaftLogWorker (SegmentedRaftLogWorker.java:close(237)) - 2d05a1a5-0e76-4538-833f-cc5b981b73a0@group-68BFCD394EFA-SegmentedRaftLogWorker close()
2021-08-10 07:29:06,051 [Listener at 127.0.0.1/10052] INFO  segmented.SegmentedRaftLogWorker (SegmentedRaftLogWorker.java:close(237)) - 8c87d662-2c82-4859-8c2c-fb3d4a5a22d5@group-68BFCD394EFA-SegmentedRaftLogWorker close()
2021-08-10 07:29:06,052 [ForkJoinPool.commonPool-worker-1] INFO  server.GrpcService (GrpcService.java:closeImpl(262)) - 2d05a1a5-0e76-4538-833f-cc5b981b73a0: shutdown server with port 45315 now
2021-08-10 07:29:06,055 [Listener at 127.0.0.1/10052] INFO  server.GrpcService (GrpcService.java:closeImpl(262)) - 8c87d662-2c82-4859-8c2c-fb3d4a5a22d5: shutdown server with port 34623 now
2021-08-10 07:29:06,071 [Listener at 127.0.0.1/10052] INFO  server.GrpcService (GrpcService.java:closeImpl(271)) - 8c87d662-2c82-4859-8c2c-fb3d4a5a22d5: shutdown server with port 34623 successfully
2021-08-10 07:29:06,071 [org.apache.ratis.util.JvmPauseMonitor$$Lambda$430/1002246805@7bee946d] INFO  util.JvmPauseMonitor (JvmPauseMonitor.java:run(109)) - JvmPauseMonitor-8c87d662-2c82-4859-8c2c-fb3d4a5a22d5: Stopped
2021-08-10 07:29:06,075 [ForkJoinPool.commonPool-worker-1] INFO  server.GrpcService (GrpcService.java:closeImpl(271)) - 2d05a1a5-0e76-4538-833f-cc5b981b73a0: shutdown server with port 45315 successfully
2021-08-10 07:29:06,076 [org.apache.ratis.util.JvmPauseMonitor$$Lambda$430/1002246805@6053d088] INFO  util.JvmPauseMonitor (JvmPauseMonitor.java:run(109)) - JvmPauseMonitor-2d05a1a5-0e76-4538-833f-cc5b981b73a0: Stopped
2021-08-10 07:29:06,077 [Listener at 127.0.0.1/10052] INFO  utils.BackgroundService (BackgroundService.java:shutdown(132)) - Shutting down service BlockDeletingService
2021-08-10 07:29:06,078 [ForkJoinPool.commonPool-worker-1] INFO  utils.BackgroundService (BackgroundService.java:shutdown(132)) - Shutting down service BlockDeletingService
2021-08-10 07:29:06,592 [EndpointStateMachine task thread for /127.0.0.1:13049 - 0 ] INFO  ipc.Client (Client.java:handleConnectionFailure(977)) - Retrying connect to server: localhost/127.0.0.1:13049. Already tried 7 time(s); retry policy is RetryUpToMaximumCountWithFixedSleep(maxRetries=15, sleepTime=1000 MILLISECONDS)
2021-08-10 07:29:06,602 [EndpointStateMachine task thread for /127.0.0.1:15917 - 0 ] INFO  ipc.Client (Client.java:handleConnectionFailure(977)) - Retrying connect to server: localhost/127.0.0.1:15917. Already tried 8 time(s); retry policy is RetryUpToMaximumCountWithFixedSleep(maxRetries=15, sleepTime=1000 MILLISECONDS)
2021-08-10 07:29:06,629 [Datanode State Machine Thread - 0] ERROR datanode.RunningDatanodeState (RunningDatanodeState.java:computeNextContainerState(199)) - Error in executing end point task.
java.util.concurrent.ExecutionException: java.util.concurrent.TimeoutException
	at java.util.concurrent.FutureTask.report(FutureTask.java:122)
	at java.util.concurrent.FutureTask.get(FutureTask.java:192)
	at org.apache.hadoop.ozone.container.common.states.datanode.RunningDatanodeState.computeNextContainerState(RunningDatanodeState.java:191)
	at org.apache.hadoop.ozone.container.common.states.datanode.RunningDatanodeState.await(RunningDatanodeState.java:231)
	at org.apache.hadoop.ozone.container.common.states.datanode.RunningDatanodeState.await(RunningDatanodeState.java:50)
	at org.apache.hadoop.ozone.container.common.statemachine.StateContext.execute(StateContext.java:629)
	at org.apache.hadoop.ozone.container.common.statemachine.DatanodeStateMachine.start(DatanodeStateMachine.java:270)
	at org.apache.hadoop.ozone.container.common.statemachine.DatanodeStateMachine.lambda$startDaemon$0(DatanodeStateMachine.java:456)
	at java.lang.Thread.run(Thread.java:748)
Caused by: java.util.concurrent.TimeoutException
	at java.util.concurrent.FutureTask.get(FutureTask.java:205)
	at org.apache.hadoop.ozone.container.common.states.datanode.RunningDatanodeState.lambda$execute$0(RunningDatanodeState.java:149)
	at java.util.concurrent.FutureTask.run(FutureTask.java:266)
	at java.util.concurrent.Executors$RunnableAdapter.call(Executors.java:511)
	at java.util.concurrent.FutureTask.run(FutureTask.java:266)
	at java.util.concurrent.ThreadPoolExecutor.runWorker(ThreadPoolExecutor.java:1149)
	at java.util.concurrent.ThreadPoolExecutor$Worker.run(ThreadPoolExecutor.java:624)
	... 1 more
2021-08-10 07:29:06,709 [EndpointStateMachine task thread for /127.0.0.1:14021 - 0 ] INFO  ipc.Client (Client.java:handleConnectionFailure(977)) - Retrying connect to server: localhost/127.0.0.1:14021. Already tried 6 time(s); retry policy is RetryUpToMaximumCountWithFixedSleep(maxRetries=15, sleepTime=1000 MILLISECONDS)
2021-08-10 07:29:07,160 [ffb733bb-4214-438b-9ff2-a6b3cef337b6@group-68BFCD394EFA-FollowerState] INFO  impl.FollowerState (FollowerState.java:run(134)) - ffb733bb-4214-438b-9ff2-a6b3cef337b6@group-68BFCD394EFA-FollowerState: change to CANDIDATE, lastRpcElapsedTime:5186357145ns, electionTimeout:5185ms
2021-08-10 07:29:07,160 [ffb733bb-4214-438b-9ff2-a6b3cef337b6@group-68BFCD394EFA-FollowerState] INFO  impl.RoleInfo (RoleInfo.java:shutdownFollowerState(108)) - ffb733bb-4214-438b-9ff2-a6b3cef337b6: shutdown ffb733bb-4214-438b-9ff2-a6b3cef337b6@group-68BFCD394EFA-FollowerState
2021-08-10 07:29:07,160 [ffb733bb-4214-438b-9ff2-a6b3cef337b6@group-68BFCD394EFA-FollowerState] INFO  server.RaftServer$Division (RaftServerImpl.java:setRole(285)) - ffb733bb-4214-438b-9ff2-a6b3cef337b6@group-68BFCD394EFA: changes role from  FOLLOWER to CANDIDATE at term 2 for changeToCandidate
2021-08-10 07:29:07,160 [ffb733bb-4214-438b-9ff2-a6b3cef337b6@group-68BFCD394EFA-FollowerState] INFO  server.RaftServerConfigKeys (ConfUtils.java:logGet(44)) - raft.server.leaderelection.pre-vote = false (custom)
2021-08-10 07:29:07,160 [ffb733bb-4214-438b-9ff2-a6b3cef337b6@group-68BFCD394EFA-FollowerState] INFO  impl.RoleInfo (RoleInfo.java:updateAndGet(130)) - ffb733bb-4214-438b-9ff2-a6b3cef337b6: start ffb733bb-4214-438b-9ff2-a6b3cef337b6@group-68BFCD394EFA-LeaderElection36
2021-08-10 07:29:07,190 [ffb733bb-4214-438b-9ff2-a6b3cef337b6@group-68BFCD394EFA-LeaderElection36] INFO  impl.LeaderElection (LeaderElection.java:askForVotes(306)) - ffb733bb-4214-438b-9ff2-a6b3cef337b6@group-68BFCD394EFA-LeaderElection36 ELECTION round 0: submit vote requests at term 3 for -1: [2d05a1a5-0e76-4538-833f-cc5b981b73a0|rpc:127.0.0.1:45315|dataStream:|priority:0, ffb733bb-4214-438b-9ff2-a6b3cef337b6|rpc:127.0.0.1:41683|dataStream:|priority:0, 8c87d662-2c82-4859-8c2c-fb3d4a5a22d5|rpc:127.0.0.1:34623|dataStream:|priority:1], old=null
2021-08-10 07:29:07,219 [ffb733bb-4214-438b-9ff2-a6b3cef337b6@group-68BFCD394EFA-LeaderElection36] INFO  impl.LeaderElection (LogUtils.java:infoOrTrace(137)) - ffb733bb-4214-438b-9ff2-a6b3cef337b6@group-68BFCD394EFA-LeaderElection36 got exception when requesting votes: java.util.concurrent.ExecutionException: org.apache.ratis.thirdparty.io.grpc.StatusRuntimeException: UNAVAILABLE: io exception
2021-08-10 07:29:07,253 [ffb733bb-4214-438b-9ff2-a6b3cef337b6@group-68BFCD394EFA-LeaderElection36] INFO  impl.LeaderElection (LogUtils.java:infoOrTrace(137)) - ffb733bb-4214-438b-9ff2-a6b3cef337b6@group-68BFCD394EFA-LeaderElection36 got exception when requesting votes: java.util.concurrent.ExecutionException: org.apache.ratis.thirdparty.io.grpc.StatusRuntimeException: UNAVAILABLE: io exception
2021-08-10 07:29:07,253 [ffb733bb-4214-438b-9ff2-a6b3cef337b6@group-68BFCD394EFA-LeaderElection36] INFO  impl.LeaderElection (LeaderElection.java:logAndReturn(89)) - ffb733bb-4214-438b-9ff2-a6b3cef337b6@group-68BFCD394EFA-LeaderElection36: ELECTION REJECTED received 0 response(s) and 2 exception(s):
2021-08-10 07:29:07,253 [ffb733bb-4214-438b-9ff2-a6b3cef337b6@group-68BFCD394EFA-LeaderElection36] INFO  impl.LeaderElection (LogUtils.java:infoOrTrace(137)) -   Exception 0: java.util.concurrent.ExecutionException: org.apache.ratis.thirdparty.io.grpc.StatusRuntimeException: UNAVAILABLE: io exception
2021-08-10 07:29:07,254 [ffb733bb-4214-438b-9ff2-a6b3cef337b6@group-68BFCD394EFA-LeaderElection36] INFO  impl.LeaderElection (LogUtils.java:infoOrTrace(137)) -   Exception 1: java.util.concurrent.ExecutionException: org.apache.ratis.thirdparty.io.grpc.StatusRuntimeException: UNAVAILABLE: io exception
2021-08-10 07:29:07,254 [ffb733bb-4214-438b-9ff2-a6b3cef337b6@group-68BFCD394EFA-LeaderElection36] INFO  impl.LeaderElection (LeaderElection.java:askForVotes(308)) - ffb733bb-4214-438b-9ff2-a6b3cef337b6@group-68BFCD394EFA-LeaderElection36 ELECTION round 0: result REJECTED
2021-08-10 07:29:07,254 [ffb733bb-4214-438b-9ff2-a6b3cef337b6@group-68BFCD394EFA-LeaderElection36] INFO  server.RaftServer$Division (RaftServerImpl.java:setRole(285)) - ffb733bb-4214-438b-9ff2-a6b3cef337b6@group-68BFCD394EFA: changes role from CANDIDATE to FOLLOWER at term 3 for REJECTED
2021-08-10 07:29:07,254 [ffb733bb-4214-438b-9ff2-a6b3cef337b6@group-68BFCD394EFA-LeaderElection36] INFO  impl.RoleInfo (RoleInfo.java:shutdownLeaderElection(121)) - ffb733bb-4214-438b-9ff2-a6b3cef337b6: shutdown ffb733bb-4214-438b-9ff2-a6b3cef337b6@group-68BFCD394EFA-LeaderElection36
2021-08-10 07:29:07,254 [ffb733bb-4214-438b-9ff2-a6b3cef337b6@group-68BFCD394EFA-LeaderElection36] INFO  impl.RoleInfo (RoleInfo.java:updateAndGet(130)) - ffb733bb-4214-438b-9ff2-a6b3cef337b6: start ffb733bb-4214-438b-9ff2-a6b3cef337b6@group-68BFCD394EFA-FollowerState
2021-08-10 07:29:07,592 [EndpointStateMachine task thread for /127.0.0.1:13049 - 0 ] INFO  ipc.Client (Client.java:handleConnectionFailure(977)) - Retrying connect to server: localhost/127.0.0.1:13049. Already tried 8 time(s); retry policy is RetryUpToMaximumCountWithFixedSleep(maxRetries=15, sleepTime=1000 MILLISECONDS)
2021-08-10 07:29:07,602 [EndpointStateMachine task thread for /127.0.0.1:15917 - 0 ] INFO  ipc.Client (Client.java:handleConnectionFailure(977)) - Retrying connect to server: localhost/127.0.0.1:15917. Already tried 9 time(s); retry policy is RetryUpToMaximumCountWithFixedSleep(maxRetries=15, sleepTime=1000 MILLISECONDS)
2021-08-10 07:29:07,710 [EndpointStateMachine task thread for /127.0.0.1:14021 - 0 ] INFO  ipc.Client (Client.java:handleConnectionFailure(977)) - Retrying connect to server: localhost/127.0.0.1:14021. Already tried 7 time(s); retry policy is RetryUpToMaximumCountWithFixedSleep(maxRetries=15, sleepTime=1000 MILLISECONDS)
2021-08-10 07:29:08,593 [EndpointStateMachine task thread for /127.0.0.1:13049 - 0 ] INFO  ipc.Client (Client.java:handleConnectionFailure(977)) - Retrying connect to server: localhost/127.0.0.1:13049. Already tried 9 time(s); retry policy is RetryUpToMaximumCountWithFixedSleep(maxRetries=15, sleepTime=1000 MILLISECONDS)
2021-08-10 07:29:08,603 [EndpointStateMachine task thread for /127.0.0.1:15917 - 0 ] INFO  ipc.Client (Client.java:handleConnectionFailure(977)) - Retrying connect to server: localhost/127.0.0.1:15917. Already tried 10 time(s); retry policy is RetryUpToMaximumCountWithFixedSleep(maxRetries=15, sleepTime=1000 MILLISECONDS)
2021-08-10 07:29:08,710 [EndpointStateMachine task thread for /127.0.0.1:14021 - 0 ] INFO  ipc.Client (Client.java:handleConnectionFailure(977)) - Retrying connect to server: localhost/127.0.0.1:14021. Already tried 8 time(s); retry policy is RetryUpToMaximumCountWithFixedSleep(maxRetries=15, sleepTime=1000 MILLISECONDS)
2021-08-10 07:29:09,080 [Listener at 127.0.0.1/10052] INFO  statemachine.DatanodeStateMachine (DatanodeStateMachine.java:stopDaemon(515)) - Ozone container server stopped.
2021-08-10 07:29:09,081 [Listener at 127.0.0.1/10052] INFO  handler.ContextHandler (ContextHandler.java:doStop(1153)) - Stopped o.e.j.w.WebAppContext@543b00d2{hddsDatanode,/,null,STOPPED}{jar:file:/home/runner/.m2/repository/org/apache/ozone/hdds-container-service/1.2.0-SNAPSHOT/hdds-container-service-1.2.0-SNAPSHOT.jar!/webapps/hddsDatanode}
2021-08-10 07:29:09,081 [Listener at 127.0.0.1/10052] INFO  server.AbstractConnector (AbstractConnector.java:doStop(381)) - Stopped ServerConnector@114fc8dd{HTTP/1.1, (http/1.1)}{0.0.0.0:0}
2021-08-10 07:29:09,082 [Listener at 127.0.0.1/10052] INFO  server.session (HouseKeeper.java:stopScavenging(149)) - node0 Stopped scavenging
2021-08-10 07:29:09,082 [Listener at 127.0.0.1/10052] INFO  handler.ContextHandler (ContextHandler.java:doStop(1153)) - Stopped o.e.j.s.ServletContextHandler@36d5baf0{static,/static,jar:file:/home/runner/.m2/repository/org/apache/ozone/hdds-container-service/1.2.0-SNAPSHOT/hdds-container-service-1.2.0-SNAPSHOT.jar!/webapps/static,STOPPED}
2021-08-10 07:29:09,082 [Listener at 127.0.0.1/10052] INFO  handler.ContextHandler (ContextHandler.java:doStop(1153)) - Stopped o.e.j.s.ServletContextHandler@77655f7f{logs,/logs,file:///home/runner/work/ozone/ozone/hadoop-ozone/integration-test/target/log,STOPPED}
2021-08-10 07:29:09,083 [ForkJoinPool.commonPool-worker-1] INFO  statemachine.DatanodeStateMachine (DatanodeStateMachine.java:stopDaemon(515)) - Ozone container server stopped.
2021-08-10 07:29:09,084 [ForkJoinPool.commonPool-worker-1] INFO  handler.ContextHandler (ContextHandler.java:doStop(1153)) - Stopped o.e.j.w.WebAppContext@5140366b{hddsDatanode,/,null,STOPPED}{jar:file:/home/runner/.m2/repository/org/apache/ozone/hdds-container-service/1.2.0-SNAPSHOT/hdds-container-service-1.2.0-SNAPSHOT.jar!/webapps/hddsDatanode}
2021-08-10 07:29:09,085 [ForkJoinPool.commonPool-worker-1] INFO  server.AbstractConnector (AbstractConnector.java:doStop(381)) - Stopped ServerConnector@3fd964b8{HTTP/1.1, (http/1.1)}{0.0.0.0:0}
2021-08-10 07:29:09,085 [ForkJoinPool.commonPool-worker-1] INFO  server.session (HouseKeeper.java:stopScavenging(149)) - node0 Stopped scavenging
2021-08-10 07:29:09,086 [ForkJoinPool.commonPool-worker-1] INFO  handler.ContextHandler (ContextHandler.java:doStop(1153)) - Stopped o.e.j.s.ServletContextHandler@74d31b96{static,/static,jar:file:/home/runner/.m2/repository/org/apache/ozone/hdds-container-service/1.2.0-SNAPSHOT/hdds-container-service-1.2.0-SNAPSHOT.jar!/webapps/static,STOPPED}
2021-08-10 07:29:09,086 [ForkJoinPool.commonPool-worker-1] INFO  handler.ContextHandler (ContextHandler.java:doStop(1153)) - Stopped o.e.j.s.ServletContextHandler@77361584{logs,/logs,file:///home/runner/work/ozone/ozone/hadoop-ozone/integration-test/target/log,STOPPED}
2021-08-10 07:29:09,594 [EndpointStateMachine task thread for /127.0.0.1:13049 - 0 ] INFO  ipc.Client (Client.java:handleConnectionFailure(977)) - Retrying connect to server: localhost/127.0.0.1:13049. Already tried 10 time(s); retry policy is RetryUpToMaximumCountWithFixedSleep(maxRetries=15, sleepTime=1000 MILLISECONDS)
2021-08-10 07:29:09,603 [EndpointStateMachine task thread for /127.0.0.1:15917 - 0 ] INFO  ipc.Client (Client.java:handleConnectionFailure(977)) - Retrying connect to server: localhost/127.0.0.1:15917. Already tried 11 time(s); retry policy is RetryUpToMaximumCountWithFixedSleep(maxRetries=15, sleepTime=1000 MILLISECONDS)
2021-08-10 07:29:09,631 [Datanode State Machine Thread - 0] WARN  statemachine.StateContext (StateContext.java:setState(246)) - Ignore disallowed transition from SHUTDOWN to RUNNING
2021-08-10 07:29:09,631 [Datanode State Machine Thread - 0] INFO  statemachine.DatanodeStateMachine (DatanodeStateMachine.java:lambda$startDaemon$0(457)) - Ozone container server started.
2021-08-10 07:29:09,711 [EndpointStateMachine task thread for /127.0.0.1:14021 - 0 ] INFO  ipc.Client (Client.java:handleConnectionFailure(977)) - Retrying connect to server: localhost/127.0.0.1:14021. Already tried 9 time(s); retry policy is RetryUpToMaximumCountWithFixedSleep(maxRetries=15, sleepTime=1000 MILLISECONDS)
2021-08-10 07:29:10,594 [EndpointStateMachine task thread for /127.0.0.1:13049 - 0 ] INFO  ipc.Client (Client.java:handleConnectionFailure(977)) - Retrying connect to server: localhost/127.0.0.1:13049. Already tried 11 time(s); retry policy is RetryUpToMaximumCountWithFixedSleep(maxRetries=15, sleepTime=1000 MILLISECONDS)
2021-08-10 07:29:10,603 [EndpointStateMachine task thread for /127.0.0.1:15917 - 0 ] INFO  ipc.Client (Client.java:handleConnectionFailure(977)) - Retrying connect to server: localhost/127.0.0.1:15917. Already tried 12 time(s); retry policy is RetryUpToMaximumCountWithFixedSleep(maxRetries=15, sleepTime=1000 MILLISECONDS)
2021-08-10 07:29:10,712 [EndpointStateMachine task thread for /127.0.0.1:14021 - 0 ] INFO  ipc.Client (Client.java:handleConnectionFailure(977)) - Retrying connect to server: localhost/127.0.0.1:14021. Already tried 10 time(s); retry policy is RetryUpToMaximumCountWithFixedSleep(maxRetries=15, sleepTime=1000 MILLISECONDS)
2021-08-10 07:29:11,595 [EndpointStateMachine task thread for /127.0.0.1:13049 - 0 ] INFO  ipc.Client (Client.java:handleConnectionFailure(977)) - Retrying connect to server: localhost/127.0.0.1:13049. Already tried 12 time(s); retry policy is RetryUpToMaximumCountWithFixedSleep(maxRetries=15, sleepTime=1000 MILLISECONDS)
2021-08-10 07:29:11,604 [EndpointStateMachine task thread for /127.0.0.1:15917 - 0 ] INFO  ipc.Client (Client.java:handleConnectionFailure(977)) - Retrying connect to server: localhost/127.0.0.1:15917. Already tried 13 time(s); retry policy is RetryUpToMaximumCountWithFixedSleep(maxRetries=15, sleepTime=1000 MILLISECONDS)
2021-08-10 07:29:11,712 [EndpointStateMachine task thread for /127.0.0.1:14021 - 0 ] INFO  ipc.Client (Client.java:handleConnectionFailure(977)) - Retrying connect to server: localhost/127.0.0.1:14021. Already tried 11 time(s); retry policy is RetryUpToMaximumCountWithFixedSleep(maxRetries=15, sleepTime=1000 MILLISECONDS)
2021-08-10 07:29:12,197 [ffb733bb-4214-438b-9ff2-a6b3cef337b6@group-6741513528A8-FollowerState] INFO  impl.FollowerState (FollowerState.java:run(134)) - ffb733bb-4214-438b-9ff2-a6b3cef337b6@group-6741513528A8-FollowerState: change to CANDIDATE, lastRpcElapsedTime:7572058589ns, electionTimeout:5068ms
2021-08-10 07:29:12,197 [ffb733bb-4214-438b-9ff2-a6b3cef337b6@group-6741513528A8-FollowerState] INFO  impl.RoleInfo (RoleInfo.java:shutdownFollowerState(108)) - ffb733bb-4214-438b-9ff2-a6b3cef337b6: shutdown ffb733bb-4214-438b-9ff2-a6b3cef337b6@group-6741513528A8-FollowerState
2021-08-10 07:29:12,197 [ffb733bb-4214-438b-9ff2-a6b3cef337b6@group-6741513528A8-FollowerState] INFO  server.RaftServer$Division (RaftServerImpl.java:setRole(285)) - ffb733bb-4214-438b-9ff2-a6b3cef337b6@group-6741513528A8: changes role from  FOLLOWER to CANDIDATE at term 1 for changeToCandidate
2021-08-10 07:29:12,197 [ffb733bb-4214-438b-9ff2-a6b3cef337b6@group-6741513528A8-FollowerState] INFO  server.RaftServerConfigKeys (ConfUtils.java:logGet(44)) - raft.server.leaderelection.pre-vote = false (custom)
2021-08-10 07:29:12,197 [ffb733bb-4214-438b-9ff2-a6b3cef337b6@group-6741513528A8-FollowerState] INFO  impl.RoleInfo (RoleInfo.java:updateAndGet(130)) - ffb733bb-4214-438b-9ff2-a6b3cef337b6: start ffb733bb-4214-438b-9ff2-a6b3cef337b6@group-6741513528A8-LeaderElection37
2021-08-10 07:29:12,203 [ffb733bb-4214-438b-9ff2-a6b3cef337b6@group-6741513528A8-LeaderElection37] INFO  server.RaftServer$Division (ServerState.java:setLeader(285)) - ffb733bb-4214-438b-9ff2-a6b3cef337b6@group-6741513528A8: change Leader from 2d05a1a5-0e76-4538-833f-cc5b981b73a0 to null at term 1 for ELECTION
2021-08-10 07:29:12,206 [ffb733bb-4214-438b-9ff2-a6b3cef337b6@group-6741513528A8-LeaderElection37] INFO  impl.LeaderElection (LeaderElection.java:askForVotes(306)) - ffb733bb-4214-438b-9ff2-a6b3cef337b6@group-6741513528A8-LeaderElection37 ELECTION round 0: submit vote requests at term 2 for 0: [2d05a1a5-0e76-4538-833f-cc5b981b73a0|rpc:127.0.0.1:45315|dataStream:|priority:1, ffb733bb-4214-438b-9ff2-a6b3cef337b6|rpc:127.0.0.1:41683|dataStream:|priority:0, 8c87d662-2c82-4859-8c2c-fb3d4a5a22d5|rpc:127.0.0.1:34623|dataStream:|priority:0], old=null
2021-08-10 07:29:12,206 [ffb733bb-4214-438b-9ff2-a6b3cef337b6@group-6741513528A8-LeaderElection37] INFO  impl.LeaderElection (LogUtils.java:infoOrTrace(137)) - ffb733bb-4214-438b-9ff2-a6b3cef337b6@group-6741513528A8-LeaderElection37 got exception when requesting votes: java.util.concurrent.ExecutionException: org.apache.ratis.thirdparty.io.grpc.StatusRuntimeException: UNAVAILABLE: io exception
2021-08-10 07:29:12,206 [ffb733bb-4214-438b-9ff2-a6b3cef337b6@group-6741513528A8-LeaderElection37] INFO  impl.LeaderElection (LogUtils.java:infoOrTrace(137)) - ffb733bb-4214-438b-9ff2-a6b3cef337b6@group-6741513528A8-LeaderElection37 got exception when requesting votes: java.util.concurrent.ExecutionException: org.apache.ratis.thirdparty.io.grpc.StatusRuntimeException: UNAVAILABLE: io exception
2021-08-10 07:29:12,207 [ffb733bb-4214-438b-9ff2-a6b3cef337b6@group-6741513528A8-LeaderElection37] INFO  impl.LeaderElection (LeaderElection.java:logAndReturn(89)) - ffb733bb-4214-438b-9ff2-a6b3cef337b6@group-6741513528A8-LeaderElection37: ELECTION REJECTED received 0 response(s) and 2 exception(s):
2021-08-10 07:29:12,207 [ffb733bb-4214-438b-9ff2-a6b3cef337b6@group-6741513528A8-LeaderElection37] INFO  impl.LeaderElection (LogUtils.java:infoOrTrace(137)) -   Exception 0: java.util.concurrent.ExecutionException: org.apache.ratis.thirdparty.io.grpc.StatusRuntimeException: UNAVAILABLE: io exception
2021-08-10 07:29:12,207 [ffb733bb-4214-438b-9ff2-a6b3cef337b6@group-6741513528A8-LeaderElection37] INFO  impl.LeaderElection (LogUtils.java:infoOrTrace(137)) -   Exception 1: java.util.concurrent.ExecutionException: org.apache.ratis.thirdparty.io.grpc.StatusRuntimeException: UNAVAILABLE: io exception
2021-08-10 07:29:12,207 [ffb733bb-4214-438b-9ff2-a6b3cef337b6@group-6741513528A8-LeaderElection37] INFO  impl.LeaderElection (LeaderElection.java:askForVotes(308)) - ffb733bb-4214-438b-9ff2-a6b3cef337b6@group-6741513528A8-LeaderElection37 ELECTION round 0: result REJECTED
2021-08-10 07:29:12,207 [ffb733bb-4214-438b-9ff2-a6b3cef337b6@group-6741513528A8-LeaderElection37] INFO  server.RaftServer$Division (RaftServerImpl.java:setRole(285)) - ffb733bb-4214-438b-9ff2-a6b3cef337b6@group-6741513528A8: changes role from CANDIDATE to FOLLOWER at term 2 for REJECTED
2021-08-10 07:29:12,207 [ffb733bb-4214-438b-9ff2-a6b3cef337b6@group-6741513528A8-LeaderElection37] INFO  impl.RoleInfo (RoleInfo.java:shutdownLeaderElection(121)) - ffb733bb-4214-438b-9ff2-a6b3cef337b6: shutdown ffb733bb-4214-438b-9ff2-a6b3cef337b6@group-6741513528A8-LeaderElection37
2021-08-10 07:29:12,207 [ffb733bb-4214-438b-9ff2-a6b3cef337b6@group-6741513528A8-LeaderElection37] INFO  impl.RoleInfo (RoleInfo.java:updateAndGet(130)) - ffb733bb-4214-438b-9ff2-a6b3cef337b6: start ffb733bb-4214-438b-9ff2-a6b3cef337b6@group-6741513528A8-FollowerState
2021-08-10 07:29:12,410 [ffb733bb-4214-438b-9ff2-a6b3cef337b6@group-68BFCD394EFA-FollowerState] INFO  impl.FollowerState (FollowerState.java:run(134)) - ffb733bb-4214-438b-9ff2-a6b3cef337b6@group-68BFCD394EFA-FollowerState: change to CANDIDATE, lastRpcElapsedTime:5156457362ns, electionTimeout:5143ms
2021-08-10 07:29:12,411 [ffb733bb-4214-438b-9ff2-a6b3cef337b6@group-68BFCD394EFA-FollowerState] INFO  impl.RoleInfo (RoleInfo.java:shutdownFollowerState(108)) - ffb733bb-4214-438b-9ff2-a6b3cef337b6: shutdown ffb733bb-4214-438b-9ff2-a6b3cef337b6@group-68BFCD394EFA-FollowerState
2021-08-10 07:29:12,411 [ffb733bb-4214-438b-9ff2-a6b3cef337b6@group-68BFCD394EFA-FollowerState] INFO  server.RaftServer$Division (RaftServerImpl.java:setRole(285)) - ffb733bb-4214-438b-9ff2-a6b3cef337b6@group-68BFCD394EFA: changes role from  FOLLOWER to CANDIDATE at term 3 for changeToCandidate
2021-08-10 07:29:12,411 [ffb733bb-4214-438b-9ff2-a6b3cef337b6@group-68BFCD394EFA-FollowerState] INFO  server.RaftServerConfigKeys (ConfUtils.java:logGet(44)) - raft.server.leaderelection.pre-vote = false (custom)
2021-08-10 07:29:12,411 [ffb733bb-4214-438b-9ff2-a6b3cef337b6@group-68BFCD394EFA-FollowerState] INFO  impl.RoleInfo (RoleInfo.java:updateAndGet(130)) - ffb733bb-4214-438b-9ff2-a6b3cef337b6: start ffb733bb-4214-438b-9ff2-a6b3cef337b6@group-68BFCD394EFA-LeaderElection38
2021-08-10 07:29:12,420 [ffb733bb-4214-438b-9ff2-a6b3cef337b6@group-68BFCD394EFA-LeaderElection38] INFO  impl.LeaderElection (LeaderElection.java:askForVotes(306)) - ffb733bb-4214-438b-9ff2-a6b3cef337b6@group-68BFCD394EFA-LeaderElection38 ELECTION round 0: submit vote requests at term 4 for -1: [2d05a1a5-0e76-4538-833f-cc5b981b73a0|rpc:127.0.0.1:45315|dataStream:|priority:0, ffb733bb-4214-438b-9ff2-a6b3cef337b6|rpc:127.0.0.1:41683|dataStream:|priority:0, 8c87d662-2c82-4859-8c2c-fb3d4a5a22d5|rpc:127.0.0.1:34623|dataStream:|priority:1], old=null
2021-08-10 07:29:12,421 [ffb733bb-4214-438b-9ff2-a6b3cef337b6@group-68BFCD394EFA-LeaderElection38] INFO  impl.LeaderElection (LogUtils.java:infoOrTrace(137)) - ffb733bb-4214-438b-9ff2-a6b3cef337b6@group-68BFCD394EFA-LeaderElection38 got exception when requesting votes: java.util.concurrent.ExecutionException: org.apache.ratis.thirdparty.io.grpc.StatusRuntimeException: UNAVAILABLE: io exception
2021-08-10 07:29:12,421 [ffb733bb-4214-438b-9ff2-a6b3cef337b6@group-68BFCD394EFA-LeaderElection38] INFO  impl.LeaderElection (LogUtils.java:infoOrTrace(137)) - ffb733bb-4214-438b-9ff2-a6b3cef337b6@group-68BFCD394EFA-LeaderElection38 got exception when requesting votes: java.util.concurrent.ExecutionException: org.apache.ratis.thirdparty.io.grpc.StatusRuntimeException: UNAVAILABLE: io exception
2021-08-10 07:29:12,421 [ffb733bb-4214-438b-9ff2-a6b3cef337b6@group-68BFCD394EFA-LeaderElection38] INFO  impl.LeaderElection (LeaderElection.java:logAndReturn(89)) - ffb733bb-4214-438b-9ff2-a6b3cef337b6@group-68BFCD394EFA-LeaderElection38: ELECTION REJECTED received 0 response(s) and 2 exception(s):
2021-08-10 07:29:12,421 [ffb733bb-4214-438b-9ff2-a6b3cef337b6@group-68BFCD394EFA-LeaderElection38] INFO  impl.LeaderElection (LogUtils.java:infoOrTrace(137)) -   Exception 0: java.util.concurrent.ExecutionException: org.apache.ratis.thirdparty.io.grpc.StatusRuntimeException: UNAVAILABLE: io exception
2021-08-10 07:29:12,421 [ffb733bb-4214-438b-9ff2-a6b3cef337b6@group-68BFCD394EFA-LeaderElection38] INFO  impl.LeaderElection (LogUtils.java:infoOrTrace(137)) -   Exception 1: java.util.concurrent.ExecutionException: org.apache.ratis.thirdparty.io.grpc.StatusRuntimeException: UNAVAILABLE: io exception
2021-08-10 07:29:12,421 [ffb733bb-4214-438b-9ff2-a6b3cef337b6@group-68BFCD394EFA-LeaderElection38] INFO  impl.LeaderElection (LeaderElection.java:askForVotes(308)) - ffb733bb-4214-438b-9ff2-a6b3cef337b6@group-68BFCD394EFA-LeaderElection38 ELECTION round 0: result REJECTED
2021-08-10 07:29:12,422 [ffb733bb-4214-438b-9ff2-a6b3cef337b6@group-68BFCD394EFA-LeaderElection38] INFO  server.RaftServer$Division (RaftServerImpl.java:setRole(285)) - ffb733bb-4214-438b-9ff2-a6b3cef337b6@group-68BFCD394EFA: changes role from CANDIDATE to FOLLOWER at term 4 for REJECTED
2021-08-10 07:29:12,422 [ffb733bb-4214-438b-9ff2-a6b3cef337b6@group-68BFCD394EFA-LeaderElection38] INFO  impl.RoleInfo (RoleInfo.java:shutdownLeaderElection(121)) - ffb733bb-4214-438b-9ff2-a6b3cef337b6: shutdown ffb733bb-4214-438b-9ff2-a6b3cef337b6@group-68BFCD394EFA-LeaderElection38
2021-08-10 07:29:12,422 [ffb733bb-4214-438b-9ff2-a6b3cef337b6@group-68BFCD394EFA-LeaderElection38] INFO  impl.RoleInfo (RoleInfo.java:updateAndGet(130)) - ffb733bb-4214-438b-9ff2-a6b3cef337b6: start ffb733bb-4214-438b-9ff2-a6b3cef337b6@group-68BFCD394EFA-FollowerState
2021-08-10 07:29:12,595 [EndpointStateMachine task thread for /127.0.0.1:13049 - 0 ] INFO  ipc.Client (Client.java:handleConnectionFailure(977)) - Retrying connect to server: localhost/127.0.0.1:13049. Already tried 13 time(s); retry policy is RetryUpToMaximumCountWithFixedSleep(maxRetries=15, sleepTime=1000 MILLISECONDS)
2021-08-10 07:29:12,604 [EndpointStateMachine task thread for /127.0.0.1:15917 - 0 ] INFO  ipc.Client (Client.java:handleConnectionFailure(977)) - Retrying connect to server: localhost/127.0.0.1:15917. Already tried 14 time(s); retry policy is RetryUpToMaximumCountWithFixedSleep(maxRetries=15, sleepTime=1000 MILLISECONDS)
2021-08-10 07:29:12,713 [EndpointStateMachine task thread for /127.0.0.1:14021 - 0 ] INFO  ipc.Client (Client.java:handleConnectionFailure(977)) - Retrying connect to server: localhost/127.0.0.1:14021. Already tried 12 time(s); retry policy is RetryUpToMaximumCountWithFixedSleep(maxRetries=15, sleepTime=1000 MILLISECONDS)
2021-08-10 07:29:13,596 [EndpointStateMachine task thread for /127.0.0.1:13049 - 0 ] INFO  ipc.Client (Client.java:handleConnectionFailure(977)) - Retrying connect to server: localhost/127.0.0.1:13049. Already tried 14 time(s); retry policy is RetryUpToMaximumCountWithFixedSleep(maxRetries=15, sleepTime=1000 MILLISECONDS)
2021-08-10 07:29:13,605 [EndpointStateMachine task thread for /127.0.0.1:15917 - 0 ] INFO  ipc.Client (Client.java:handleConnectionFailure(977)) - Retrying connect to server: localhost/127.0.0.1:15917. Already tried 0 time(s); retry policy is RetryUpToMaximumCountWithFixedSleep(maxRetries=15, sleepTime=1000 MILLISECONDS)
2021-08-10 07:29:13,713 [EndpointStateMachine task thread for /127.0.0.1:14021 - 0 ] INFO  ipc.Client (Client.java:handleConnectionFailure(977)) - Retrying connect to server: localhost/127.0.0.1:14021. Already tried 13 time(s); retry policy is RetryUpToMaximumCountWithFixedSleep(maxRetries=15, sleepTime=1000 MILLISECONDS)
2021-08-10 07:29:14,083 [Listener at 127.0.0.1/10052] INFO  ozoneimpl.OzoneContainer (OzoneContainer.java:stop(326)) - Attempting to stop container services.
2021-08-10 07:29:14,084 [Listener at 127.0.0.1/10052] INFO  server.RaftServer (RaftServerProxy.java:lambda$close$6(391)) - ffb733bb-4214-438b-9ff2-a6b3cef337b6: close
2021-08-10 07:29:14,084 [Listener at 127.0.0.1/10052] INFO  server.RaftServer$Division (RaftServerImpl.java:lambda$close$4(407)) - ffb733bb-4214-438b-9ff2-a6b3cef337b6@group-01B3767AAB5D: shutdown
2021-08-10 07:29:14,084 [Listener at 127.0.0.1/10052] INFO  util.JmxRegister (JmxRegister.java:unregister(73)) - Successfully un-registered JMX Bean with object name Ratis:service=RaftServer,group=group-01B3767AAB5D,id=ffb733bb-4214-438b-9ff2-a6b3cef337b6
2021-08-10 07:29:14,084 [Listener at 127.0.0.1/10052] INFO  impl.RoleInfo (RoleInfo.java:shutdownLeaderState(91)) - ffb733bb-4214-438b-9ff2-a6b3cef337b6: shutdown ffb733bb-4214-438b-9ff2-a6b3cef337b6@group-01B3767AAB5D-LeaderStateImpl
2021-08-10 07:29:14,084 [Listener at 127.0.0.1/10052] INFO  impl.PendingRequests (PendingRequests.java:sendNotLeaderResponses(249)) - ffb733bb-4214-438b-9ff2-a6b3cef337b6@group-01B3767AAB5D-PendingRequests: sendNotLeaderResponses
2021-08-10 07:29:14,085 [Listener at 127.0.0.1/10052] INFO  impl.StateMachineUpdater (StateMachineUpdater.java:stopAndJoin(149)) - ffb733bb-4214-438b-9ff2-a6b3cef337b6@group-01B3767AAB5D-StateMachineUpdater: set stopIndex = 0
2021-08-10 07:29:14,085 [ffb733bb-4214-438b-9ff2-a6b3cef337b6@group-01B3767AAB5D-StateMachineUpdater] INFO  ratis.ContainerStateMachine (ContainerStateMachine.java:takeSnapshot(291)) - group-01B3767AAB5D: Taking a snapshot at:(t:1, i:0) file /home/runner/work/ozone/ozone/hadoop-ozone/integration-test/target/test-dir/MiniOzoneClusterImpl-4c935f51-a36a-4569-b515-a26f7be21e7f/datanode-2/data/ratis/df47f92d-d853-4816-b5de-01b3767aab5d/sm/snapshot.1_0
2021-08-10 07:29:14,086 [ForkJoinPool.commonPool-worker-0] INFO  server.RaftServer$Division (RaftServerImpl.java:lambda$close$4(407)) - ffb733bb-4214-438b-9ff2-a6b3cef337b6@group-68BFCD394EFA: shutdown
2021-08-10 07:29:14,086 [ForkJoinPool.commonPool-worker-0] INFO  util.JmxRegister (JmxRegister.java:unregister(73)) - Successfully un-registered JMX Bean with object name Ratis:service=RaftServer,group=group-68BFCD394EFA,id=ffb733bb-4214-438b-9ff2-a6b3cef337b6
2021-08-10 07:29:14,086 [ffb733bb-4214-438b-9ff2-a6b3cef337b6@group-01B3767AAB5D-StateMachineUpdater] INFO  ratis.ContainerStateMachine (ContainerStateMachine.java:takeSnapshot(302)) - group-01B3767AAB5D: Finished taking a snapshot at:(t:1, i:0) file:/home/runner/work/ozone/ozone/hadoop-ozone/integration-test/target/test-dir/MiniOzoneClusterImpl-4c935f51-a36a-4569-b515-a26f7be21e7f/datanode-2/data/ratis/df47f92d-d853-4816-b5de-01b3767aab5d/sm/snapshot.1_0 took: 0 ms
2021-08-10 07:29:14,086 [ffb733bb-4214-438b-9ff2-a6b3cef337b6@group-01B3767AAB5D-StateMachineUpdater] INFO  impl.StateMachineUpdater (StateMachineUpdater.java:takeSnapshot(281)) - ffb733bb-4214-438b-9ff2-a6b3cef337b6@group-01B3767AAB5D-StateMachineUpdater: Took a snapshot at index 0
2021-08-10 07:29:14,086 [ffb733bb-4214-438b-9ff2-a6b3cef337b6@group-01B3767AAB5D-StateMachineUpdater] INFO  impl.StateMachineUpdater (StateMachineUpdater.java:lambda$new$0(89)) - ffb733bb-4214-438b-9ff2-a6b3cef337b6@group-01B3767AAB5D-StateMachineUpdater: snapshotIndex: updateIncreasingly -1 -> 0
2021-08-10 07:29:14,086 [Listener at 127.0.0.1/10052] INFO  server.RaftServer$Division (ServerState.java:close(419)) - ffb733bb-4214-438b-9ff2-a6b3cef337b6@group-01B3767AAB5D: closes. applyIndex: 0
2021-08-10 07:29:14,086 [ffb733bb-4214-438b-9ff2-a6b3cef337b6@group-01B3767AAB5D-SegmentedRaftLogWorker] INFO  segmented.SegmentedRaftLogWorker (SegmentedRaftLogWorker.java:run(327)) - ffb733bb-4214-438b-9ff2-a6b3cef337b6@group-01B3767AAB5D-SegmentedRaftLogWorker was interrupted, exiting. There are 0 tasks remaining in the queue.
2021-08-10 07:29:14,091 [Listener at 127.0.0.1/10052] INFO  segmented.SegmentedRaftLogWorker (SegmentedRaftLogWorker.java:close(237)) - ffb733bb-4214-438b-9ff2-a6b3cef337b6@group-01B3767AAB5D-SegmentedRaftLogWorker close()
2021-08-10 07:29:14,092 [Listener at 127.0.0.1/10052] INFO  server.RaftServer$Division (RaftServerImpl.java:lambda$close$4(407)) - ffb733bb-4214-438b-9ff2-a6b3cef337b6@group-6741513528A8: shutdown
2021-08-10 07:29:14,092 [Listener at 127.0.0.1/10052] INFO  util.JmxRegister (JmxRegister.java:unregister(73)) - Successfully un-registered JMX Bean with object name Ratis:service=RaftServer,group=group-6741513528A8,id=ffb733bb-4214-438b-9ff2-a6b3cef337b6
2021-08-10 07:29:14,092 [Listener at 127.0.0.1/10052] INFO  impl.RoleInfo (RoleInfo.java:shutdownFollowerState(108)) - ffb733bb-4214-438b-9ff2-a6b3cef337b6: shutdown ffb733bb-4214-438b-9ff2-a6b3cef337b6@group-6741513528A8-FollowerState
2021-08-10 07:29:14,092 [Listener at 127.0.0.1/10052] INFO  impl.StateMachineUpdater (StateMachineUpdater.java:stopAndJoin(149)) - ffb733bb-4214-438b-9ff2-a6b3cef337b6@group-6741513528A8-StateMachineUpdater: set stopIndex = 0
2021-08-10 07:29:14,097 [ffb733bb-4214-438b-9ff2-a6b3cef337b6@group-6741513528A8-FollowerState] INFO  impl.FollowerState (FollowerState.java:run(143)) - ffb733bb-4214-438b-9ff2-a6b3cef337b6@group-6741513528A8-FollowerState was interrupted: {}
java.lang.InterruptedException: sleep interrupted
	at java.lang.Thread.sleep(Native Method)
	at java.lang.Thread.sleep(Thread.java:340)
	at java.util.concurrent.TimeUnit.sleep(TimeUnit.java:386)
	at org.apache.ratis.util.TimeDuration.sleep(TimeDuration.java:324)
	at org.apache.ratis.util.TimeDuration.sleep(TimeDuration.java:309)
	at org.apache.ratis.server.impl.FollowerState.run(FollowerState.java:118)
2021-08-10 07:29:14,097 [ffb733bb-4214-438b-9ff2-a6b3cef337b6@group-6741513528A8-StateMachineUpdater] INFO  ratis.ContainerStateMachine (ContainerStateMachine.java:takeSnapshot(291)) - group-6741513528A8: Taking a snapshot at:(t:1, i:0) file /home/runner/work/ozone/ozone/hadoop-ozone/integration-test/target/test-dir/MiniOzoneClusterImpl-4c935f51-a36a-4569-b515-a26f7be21e7f/datanode-2/data/ratis/2e5e5323-1d73-4411-bc65-6741513528a8/sm/snapshot.1_0
2021-08-10 07:29:14,098 [ffb733bb-4214-438b-9ff2-a6b3cef337b6@group-6741513528A8-StateMachineUpdater] INFO  ratis.ContainerStateMachine (ContainerStateMachine.java:takeSnapshot(302)) - group-6741513528A8: Finished taking a snapshot at:(t:1, i:0) file:/home/runner/work/ozone/ozone/hadoop-ozone/integration-test/target/test-dir/MiniOzoneClusterImpl-4c935f51-a36a-4569-b515-a26f7be21e7f/datanode-2/data/ratis/2e5e5323-1d73-4411-bc65-6741513528a8/sm/snapshot.1_0 took: 1 ms
2021-08-10 07:29:14,099 [ffb733bb-4214-438b-9ff2-a6b3cef337b6@group-6741513528A8-StateMachineUpdater] INFO  impl.StateMachineUpdater (StateMachineUpdater.java:takeSnapshot(281)) - ffb733bb-4214-438b-9ff2-a6b3cef337b6@group-6741513528A8-StateMachineUpdater: Took a snapshot at index 0
2021-08-10 07:29:14,099 [ffb733bb-4214-438b-9ff2-a6b3cef337b6@group-6741513528A8-StateMachineUpdater] INFO  impl.StateMachineUpdater (StateMachineUpdater.java:lambda$new$0(89)) - ffb733bb-4214-438b-9ff2-a6b3cef337b6@group-6741513528A8-StateMachineUpdater: snapshotIndex: updateIncreasingly -1 -> 0
2021-08-10 07:29:14,099 [Listener at 127.0.0.1/10052] INFO  server.RaftServer$Division (ServerState.java:close(419)) - ffb733bb-4214-438b-9ff2-a6b3cef337b6@group-6741513528A8: closes. applyIndex: 0
2021-08-10 07:29:14,099 [ffb733bb-4214-438b-9ff2-a6b3cef337b6@group-6741513528A8-SegmentedRaftLogWorker] INFO  segmented.SegmentedRaftLogWorker (SegmentedRaftLogWorker.java:run(327)) - ffb733bb-4214-438b-9ff2-a6b3cef337b6@group-6741513528A8-SegmentedRaftLogWorker was interrupted, exiting. There are 0 tasks remaining in the queue.
2021-08-10 07:29:14,102 [Listener at 127.0.0.1/10052] INFO  segmented.SegmentedRaftLogWorker (SegmentedRaftLogWorker.java:close(237)) - ffb733bb-4214-438b-9ff2-a6b3cef337b6@group-6741513528A8-SegmentedRaftLogWorker close()
2021-08-10 07:29:14,102 [ForkJoinPool.commonPool-worker-0] INFO  impl.RoleInfo (RoleInfo.java:shutdownFollowerState(108)) - ffb733bb-4214-438b-9ff2-a6b3cef337b6: shutdown ffb733bb-4214-438b-9ff2-a6b3cef337b6@group-68BFCD394EFA-FollowerState
2021-08-10 07:29:14,102 [ffb733bb-4214-438b-9ff2-a6b3cef337b6@group-68BFCD394EFA-FollowerState] INFO  impl.FollowerState (FollowerState.java:run(143)) - ffb733bb-4214-438b-9ff2-a6b3cef337b6@group-68BFCD394EFA-FollowerState was interrupted: {}
java.lang.InterruptedException: sleep interrupted
	at java.lang.Thread.sleep(Native Method)
	at java.lang.Thread.sleep(Thread.java:340)
	at java.util.concurrent.TimeUnit.sleep(TimeUnit.java:386)
	at org.apache.ratis.util.TimeDuration.sleep(TimeDuration.java:324)
	at org.apache.ratis.util.TimeDuration.sleep(TimeDuration.java:309)
	at org.apache.ratis.server.impl.FollowerState.run(FollowerState.java:118)
2021-08-10 07:29:14,107 [ForkJoinPool.commonPool-worker-0] INFO  impl.StateMachineUpdater (StateMachineUpdater.java:stopAndJoin(149)) - ffb733bb-4214-438b-9ff2-a6b3cef337b6@group-68BFCD394EFA-StateMachineUpdater: set stopIndex = -1
2021-08-10 07:29:14,113 [ForkJoinPool.commonPool-worker-0] INFO  server.RaftServer$Division (ServerState.java:close(419)) - ffb733bb-4214-438b-9ff2-a6b3cef337b6@group-68BFCD394EFA: closes. applyIndex: -1
2021-08-10 07:29:14,113 [ffb733bb-4214-438b-9ff2-a6b3cef337b6@group-68BFCD394EFA-SegmentedRaftLogWorker] INFO  segmented.SegmentedRaftLogWorker (SegmentedRaftLogWorker.java:run(327)) - ffb733bb-4214-438b-9ff2-a6b3cef337b6@group-68BFCD394EFA-SegmentedRaftLogWorker was interrupted, exiting. There are 0 tasks remaining in the queue.
2021-08-10 07:29:14,113 [ForkJoinPool.commonPool-worker-0] INFO  segmented.SegmentedRaftLogWorker (SegmentedRaftLogWorker.java:close(237)) - ffb733bb-4214-438b-9ff2-a6b3cef337b6@group-68BFCD394EFA-SegmentedRaftLogWorker close()
2021-08-10 07:29:14,115 [Listener at 127.0.0.1/10052] INFO  server.GrpcService (GrpcService.java:closeImpl(262)) - ffb733bb-4214-438b-9ff2-a6b3cef337b6: shutdown server with port 41683 now
2021-08-10 07:29:14,122 [Listener at 127.0.0.1/10052] INFO  server.GrpcService (GrpcService.java:closeImpl(271)) - ffb733bb-4214-438b-9ff2-a6b3cef337b6: shutdown server with port 41683 successfully
2021-08-10 07:29:14,122 [org.apache.ratis.util.JvmPauseMonitor$$Lambda$430/1002246805@3d63ae3d] INFO  util.JvmPauseMonitor (JvmPauseMonitor.java:run(109)) - JvmPauseMonitor-ffb733bb-4214-438b-9ff2-a6b3cef337b6: Stopped
2021-08-10 07:29:14,126 [Listener at 127.0.0.1/10052] INFO  utils.BackgroundService (BackgroundService.java:shutdown(132)) - Shutting down service BlockDeletingService
2021-08-10 07:29:14,598 [EndpointStateMachine task thread for /127.0.0.1:13049 - 0 ] INFO  ipc.Client (Client.java:handleConnectionFailure(977)) - Retrying connect to server: localhost/127.0.0.1:13049. Already tried 0 time(s); retry policy is RetryUpToMaximumCountWithFixedSleep(maxRetries=15, sleepTime=1000 MILLISECONDS)
2021-08-10 07:29:14,605 [EndpointStateMachine task thread for /127.0.0.1:15917 - 0 ] INFO  ipc.Client (Client.java:handleConnectionFailure(977)) - Retrying connect to server: localhost/127.0.0.1:15917. Already tried 1 time(s); retry policy is RetryUpToMaximumCountWithFixedSleep(maxRetries=15, sleepTime=1000 MILLISECONDS)
2021-08-10 07:29:14,713 [EndpointStateMachine task thread for /127.0.0.1:14021 - 0 ] INFO  ipc.Client (Client.java:handleConnectionFailure(977)) - Retrying connect to server: localhost/127.0.0.1:14021. Already tried 14 time(s); retry policy is RetryUpToMaximumCountWithFixedSleep(maxRetries=15, sleepTime=1000 MILLISECONDS)
2021-08-10 07:29:14,714 [EndpointStateMachine task thread for /127.0.0.1:14021 - 0 ] WARN  statemachine.EndpointStateMachine (EndpointStateMachine.java:logIfNeeded(236)) - Unable to communicate to SCM server at localhost:14021 for past 0 seconds.
java.net.ConnectException: Call From fv-az270-250/10.1.0.29 to localhost:14021 failed on connection exception: java.net.ConnectException: Connection refused; For more details see:  http://wiki.apache.org/hadoop/ConnectionRefused
	at sun.reflect.NativeConstructorAccessorImpl.newInstance0(Native Method)
	at sun.reflect.NativeConstructorAccessorImpl.newInstance(NativeConstructorAccessorImpl.java:62)
	at sun.reflect.DelegatingConstructorAccessorImpl.newInstance(DelegatingConstructorAccessorImpl.java:45)
	at java.lang.reflect.Constructor.newInstance(Constructor.java:423)
	at org.apache.hadoop.net.NetUtils.wrapWithMessage(NetUtils.java:913)
	at org.apache.hadoop.net.NetUtils.wrapException(NetUtils.java:828)
	at org.apache.hadoop.ipc.Client.getRpcResponse(Client.java:1577)
	at org.apache.hadoop.ipc.Client.call(Client.java:1519)
	at org.apache.hadoop.ipc.Client.call(Client.java:1416)
	at org.apache.hadoop.ipc.ProtobufRpcEngine$Invoker.invoke(ProtobufRpcEngine.java:236)
	at org.apache.hadoop.ipc.ProtobufRpcEngine$Invoker.invoke(ProtobufRpcEngine.java:123)
	at com.sun.proxy.$Proxy46.submitRequest(Unknown Source)
	at org.apache.hadoop.ozone.protocolPB.StorageContainerDatanodeProtocolClientSideTranslatorPB.submitRequest(StorageContainerDatanodeProtocolClientSideTranslatorPB.java:117)
	at org.apache.hadoop.ozone.protocolPB.StorageContainerDatanodeProtocolClientSideTranslatorPB.sendHeartbeat(StorageContainerDatanodeProtocolClientSideTranslatorPB.java:149)
	at org.apache.hadoop.ozone.container.common.states.endpoint.HeartbeatEndpointTask.call(HeartbeatEndpointTask.java:179)
	at org.apache.hadoop.ozone.container.common.states.endpoint.HeartbeatEndpointTask.call(HeartbeatEndpointTask.java:82)
	at java.util.concurrent.FutureTask.run(FutureTask.java:266)
	at java.util.concurrent.ThreadPoolExecutor.runWorker(ThreadPoolExecutor.java:1149)
	at java.util.concurrent.ThreadPoolExecutor$Worker.run(ThreadPoolExecutor.java:624)
	at java.lang.Thread.run(Thread.java:748)
Caused by: java.net.ConnectException: Connection refused
	at sun.nio.ch.SocketChannelImpl.checkConnect(Native Method)
	at sun.nio.ch.SocketChannelImpl.finishConnect(SocketChannelImpl.java:716)
	at org.apache.hadoop.net.SocketIOWithTimeout.connect(SocketIOWithTimeout.java:206)
	at org.apache.hadoop.net.NetUtils.connect(NetUtils.java:586)
	at org.apache.hadoop.ipc.Client$Connection.setupConnection(Client.java:701)
	at org.apache.hadoop.ipc.Client$Connection.setupIOstreams(Client.java:822)
	at org.apache.hadoop.ipc.Client$Connection.access$3800(Client.java:414)
	at org.apache.hadoop.ipc.Client.getConnection(Client.java:1647)
	at org.apache.hadoop.ipc.Client.call(Client.java:1463)
	... 12 more
2021-08-10 07:29:15,599 [EndpointStateMachine task thread for /127.0.0.1:13049 - 0 ] INFO  ipc.Client (Client.java:handleConnectionFailure(977)) - Retrying connect to server: localhost/127.0.0.1:13049. Already tried 1 time(s); retry policy is RetryUpToMaximumCountWithFixedSleep(maxRetries=15, sleepTime=1000 MILLISECONDS)
2021-08-10 07:29:15,606 [EndpointStateMachine task thread for /127.0.0.1:15917 - 0 ] INFO  ipc.Client (Client.java:handleConnectionFailure(977)) - Retrying connect to server: localhost/127.0.0.1:15917. Already tried 2 time(s); retry policy is RetryUpToMaximumCountWithFixedSleep(maxRetries=15, sleepTime=1000 MILLISECONDS)
2021-08-10 07:29:15,716 [EndpointStateMachine task thread for /127.0.0.1:14021 - 0 ] INFO  ipc.Client (Client.java:handleConnectionFailure(977)) - Retrying connect to server: localhost/127.0.0.1:14021. Already tried 0 time(s); retry policy is RetryUpToMaximumCountWithFixedSleep(maxRetries=15, sleepTime=1000 MILLISECONDS)
2021-08-10 07:29:16,600 [EndpointStateMachine task thread for /127.0.0.1:13049 - 0 ] INFO  ipc.Client (Client.java:handleConnectionFailure(977)) - Retrying connect to server: localhost/127.0.0.1:13049. Already tried 2 time(s); retry policy is RetryUpToMaximumCountWithFixedSleep(maxRetries=15, sleepTime=1000 MILLISECONDS)
2021-08-10 07:29:16,606 [EndpointStateMachine task thread for /127.0.0.1:15917 - 0 ] INFO  ipc.Client (Client.java:handleConnectionFailure(977)) - Retrying connect to server: localhost/127.0.0.1:15917. Already tried 3 time(s); retry policy is RetryUpToMaximumCountWithFixedSleep(maxRetries=15, sleepTime=1000 MILLISECONDS)
2021-08-10 07:29:16,716 [EndpointStateMachine task thread for /127.0.0.1:14021 - 0 ] INFO  ipc.Client (Client.java:handleConnectionFailure(977)) - Retrying connect to server: localhost/127.0.0.1:14021. Already tried 1 time(s); retry policy is RetryUpToMaximumCountWithFixedSleep(maxRetries=15, sleepTime=1000 MILLISECONDS)
2021-08-10 07:29:17,141 [Listener at 127.0.0.1/10052] INFO  statemachine.DatanodeStateMachine (DatanodeStateMachine.java:stopDaemon(515)) - Ozone container server stopped.
2021-08-10 07:29:17,142 [Listener at 127.0.0.1/10052] INFO  handler.ContextHandler (ContextHandler.java:doStop(1153)) - Stopped o.e.j.w.WebAppContext@72185cbe{hddsDatanode,/,null,STOPPED}{jar:file:/home/runner/.m2/repository/org/apache/ozone/hdds-container-service/1.2.0-SNAPSHOT/hdds-container-service-1.2.0-SNAPSHOT.jar!/webapps/hddsDatanode}
2021-08-10 07:29:17,143 [Listener at 127.0.0.1/10052] INFO  server.AbstractConnector (AbstractConnector.java:doStop(381)) - Stopped ServerConnector@3230e4e5{HTTP/1.1, (http/1.1)}{0.0.0.0:0}
2021-08-10 07:29:17,143 [Listener at 127.0.0.1/10052] INFO  server.session (HouseKeeper.java:stopScavenging(149)) - node0 Stopped scavenging
2021-08-10 07:29:17,143 [Listener at 127.0.0.1/10052] INFO  handler.ContextHandler (ContextHandler.java:doStop(1153)) - Stopped o.e.j.s.ServletContextHandler@64603b35{static,/static,jar:file:/home/runner/.m2/repository/org/apache/ozone/hdds-container-service/1.2.0-SNAPSHOT/hdds-container-service-1.2.0-SNAPSHOT.jar!/webapps/static,STOPPED}
2021-08-10 07:29:17,143 [Listener at 127.0.0.1/10052] INFO  handler.ContextHandler (ContextHandler.java:doStop(1153)) - Stopped o.e.j.s.ServletContextHandler@314a16c0{logs,/logs,file:///home/runner/work/ozone/ozone/hadoop-ozone/integration-test/target/log,STOPPED}
]]></system-out>
  </testcase>
</testsuite>