<?xml version="1.0" encoding="UTF-8"?>
<testsuite xmlns:xsi="http://www.w3.org/2001/XMLSchema-instance" xsi:noNamespaceSchemaLocation="https://maven.apache.org/surefire/maven-surefire-plugin/xsd/surefire-test-report-3.0.xsd" version="3.0" name="org.apache.hadoop.ozone.om.TestOMDbCheckpointServlet" time="192.306" tests="11" errors="1" skipped="0" failures="0">
  <properties>
    <property name="java.specification.version" value="17"/>
    <property name="sun.jnu.encoding" value="UTF-8"/>
    <property name="java.class.path" value="/home/runner/work/ozone/ozone/hadoop-ozone/integration-test/target/test-classes:/home/runner/work/ozone/ozone/hadoop-ozone/integration-test/target/classes:/home/runner/work/ozone/ozone/hadoop-ozone/common/target/classes:/home/runner/.m2/repository/io/grpc/grpc-netty/1.58.0/grpc-netty-1.58.0.jar:/home/runner/.m2/repository/io/grpc/grpc-core/1.58.0/grpc-core-1.58.0.jar:/home/runner/.m2/repository/com/google/android/annotations/4.1.1.4/annotations-4.1.1.4.jar:/home/runner/.m2/repository/org/codehaus/mojo/animal-sniffer-annotations/1.23/animal-sniffer-annotations-1.23.jar:/home/runner/.m2/repository/io/grpc/grpc-context/1.58.0/grpc-context-1.58.0.jar:/home/runner/.m2/repository/io/grpc/grpc-util/1.58.0/grpc-util-1.58.0.jar:/home/runner/.m2/repository/com/google/errorprone/error_prone_annotations/2.2.0/error_prone_annotations-2.2.0.jar:/home/runner/.m2/repository/io/perfmark/perfmark-api/0.26.0/perfmark-api-0.26.0.jar:/home/runner/.m2/repository/io/netty/netty-codec-http2/4.1.109.Final/netty-codec-http2-4.1.109.Final.jar:/home/runner/.m2/repository/io/netty/netty-common/4.1.109.Final/netty-common-4.1.109.Final.jar:/home/runner/.m2/repository/io/netty/netty-buffer/4.1.109.Final/netty-buffer-4.1.109.Final.jar:/home/runner/.m2/repository/io/netty/netty-codec-http/4.1.109.Final/netty-codec-http-4.1.109.Final.jar:/home/runner/.m2/repository/io/netty/netty-handler-proxy/4.1.109.Final/netty-handler-proxy-4.1.109.Final.jar:/home/runner/.m2/repository/io/netty/netty-codec-socks/4.1.109.Final/netty-codec-socks-4.1.109.Final.jar:/home/runner/.m2/repository/io/netty/netty-tcnative-boringssl-static/2.0.65.Final/netty-tcnative-boringssl-static-2.0.65.Final.jar:/home/runner/.m2/repository/io/netty/netty-tcnative-classes/2.0.65.Final/netty-tcnative-classes-2.0.65.Final.jar:/home/runner/.m2/repository/io/netty/netty-tcnative-boringssl-static/2.0.65.Final/netty-tcnative-boringssl-static-2.0.65.Final-linux-x86_64.jar:/home/runner/.m2/repository/io/netty/netty-tcnative-boringssl-static/2.0.65.Final/netty-tcnative-boringssl-static-2.0.65.Final-linux-aarch_64.jar:/home/runner/.m2/repository/io/netty/netty-tcnative-boringssl-static/2.0.65.Final/netty-tcnative-boringssl-static-2.0.65.Final-osx-x86_64.jar:/home/runner/.m2/repository/io/netty/netty-tcnative-boringssl-static/2.0.65.Final/netty-tcnative-boringssl-static-2.0.65.Final-osx-aarch_64.jar:/home/runner/.m2/repository/io/netty/netty-tcnative-boringssl-static/2.0.65.Final/netty-tcnative-boringssl-static-2.0.65.Final-windows-x86_64.jar:/home/runner/.m2/repository/org/apache/commons/commons-compress/1.26.0/commons-compress-1.26.0.jar:/home/runner/work/ozone/ozone/hadoop-hdds/common/target/classes:/home/runner/work/ozone/ozone/hadoop-hdds/client/target/classes:/home/runner/work/ozone/ozone/hadoop-ozone/interface-client/target/classes:/home/runner/.m2/repository/org/apache/hadoop/hadoop-hdfs-client/3.3.6/hadoop-hdfs-client-3.3.6.jar:/home/runner/.m2/repository/com/squareup/okhttp3/okhttp/4.12.0/okhttp-4.12.0.jar:/home/runner/.m2/repository/com/squareup/okio/okio/3.6.0/okio-3.6.0.jar:/home/runner/.m2/repository/com/squareup/okio/okio-jvm/3.6.0/okio-jvm-3.6.0.jar:/home/runner/.m2/repository/org/jetbrains/kotlin/kotlin-stdlib-jdk8/1.9.24/kotlin-stdlib-jdk8-1.9.24.jar:/home/runner/.m2/repository/org/jetbrains/kotlin/kotlin-stdlib-jdk7/1.9.24/kotlin-stdlib-jdk7-1.9.24.jar:/home/runner/.m2/repository/org/jetbrains/kotlin/kotlin-stdlib-common/1.9.24/kotlin-stdlib-common-1.9.24.jar:/home/runner/work/ozone/ozone/hadoop-hdds/test-utils/target/classes:/home/runner/.m2/repository/org/assertj/assertj-core/3.26.0/assertj-core-3.26.0.jar:/home/runner/.m2/repository/net/bytebuddy/byte-buddy/1.14.16/byte-buddy-1.14.16.jar:/home/runner/.m2/repository/com/google/guava/guava/32.1.3-jre/guava-32.1.3-jre.jar:/home/runner/.m2/repository/com/google/guava/failureaccess/1.0.1/failureaccess-1.0.1.jar:/home/runner/.m2/repository/com/google/guava/listenablefuture/9999.0-empty-to-avoid-conflict-with-guava/listenablefuture-9999.0-empty-to-avoid-conflict-with-guava.jar:/home/runner/.m2/repository/org/checkerframework/checker-qual/3.37.0/checker-qual-3.37.0.jar:/home/runner/.m2/repository/com/google/j2objc/j2objc-annotations/2.8/j2objc-annotations-2.8.jar:/home/runner/.m2/repository/commons-io/commons-io/2.16.1/commons-io-2.16.1.jar:/home/runner/.m2/repository/commons-logging/commons-logging/1.2/commons-logging-1.2.jar:/home/runner/.m2/repository/org/junit/jupiter/junit-jupiter-api/5.10.2/junit-jupiter-api-5.10.2.jar:/home/runner/.m2/repository/org/opentest4j/opentest4j/1.3.0/opentest4j-1.3.0.jar:/home/runner/.m2/repository/org/junit/platform/junit-platform-commons/1.10.2/junit-platform-commons-1.10.2.jar:/home/runner/.m2/repository/ch/qos/reload4j/reload4j/1.2.25/reload4j-1.2.25.jar:/home/runner/.m2/repository/jakarta/annotation/jakarta.annotation-api/2.1.1/jakarta.annotation-api-2.1.1.jar:/home/runner/.m2/repository/org/slf4j/slf4j-api/2.0.13/slf4j-api-2.0.13.jar:/home/runner/.m2/repository/org/apache/logging/log4j/log4j-api/2.17.1/log4j-api-2.17.1.jar:/home/runner/work/ozone/ozone/hadoop-hdds/server-scm/target/classes:/home/runner/.m2/repository/com/google/protobuf/protobuf-java/2.5.0/protobuf-java-2.5.0.jar:/home/runner/work/ozone/ozone/hadoop-hdds/container-service/target/classes:/home/runner/work/ozone/ozone/hadoop-hdds/hadoop-dependency-server/target/classes:/home/runner/.m2/repository/com/nimbusds/nimbus-jose-jwt/9.37.2/nimbus-jose-jwt-9.37.2.jar:/home/runner/.m2/repository/com/github/stephenc/jcip/jcip-annotations/1.0-1/jcip-annotations-1.0-1.jar:/home/runner/.m2/repository/org/apache/hadoop/hadoop-hdfs/3.3.6/hadoop-hdfs-3.3.6.jar:/home/runner/.m2/repository/commons-daemon/commons-daemon/1.3.4/commons-daemon-1.3.4.jar:/home/runner/.m2/repository/org/apache/kerby/kerb-core/1.0.1/kerb-core-1.0.1.jar:/home/runner/.m2/repository/org/apache/kerby/kerby-pkix/1.0.1/kerby-pkix-1.0.1.jar:/home/runner/.m2/repository/org/apache/kerby/kerby-asn1/1.0.1/kerby-asn1-1.0.1.jar:/home/runner/.m2/repository/org/apache/kerby/kerby-util/1.0.1/kerby-util-1.0.1.jar:/home/runner/.m2/repository/org/apache/kerby/kerb-util/1.0.1/kerb-util-1.0.1.jar:/home/runner/.m2/repository/org/apache/kerby/kerby-config/1.0.1/kerby-config-1.0.1.jar:/home/runner/.m2/repository/org/apache/kerby/kerb-crypto/1.0.1/kerb-crypto-1.0.1.jar:/home/runner/.m2/repository/org/xerial/snappy/snappy-java/1.1.10.5/snappy-java-1.1.10.5.jar:/home/runner/work/ozone/ozone/hadoop-hdds/framework/target/classes:/home/runner/.m2/repository/org/bouncycastle/bcprov-jdk18on/1.78.1/bcprov-jdk18on-1.78.1.jar:/home/runner/.m2/repository/io/dropwizard/metrics/metrics-core/3.2.6/metrics-core-3.2.6.jar:/home/runner/.m2/repository/org/apache/commons/commons-text/1.11.0/commons-text-1.11.0.jar:/home/runner/work/ozone/ozone/hadoop-hdds/framework/target/test-classes:/home/runner/work/ozone/ozone/hadoop-hdds/interface-server/target/classes:/home/runner/work/ozone/ozone/hadoop-hdds/interface-admin/target/classes:/home/runner/work/ozone/ozone/hadoop-hdds/managed-rocksdb/target/classes:/home/runner/.m2/repository/org/rocksdb/rocksdbjni/7.7.3/rocksdbjni-7.7.3.jar:/home/runner/.m2/repository/org/slf4j/slf4j-reload4j/2.0.13/slf4j-reload4j-2.0.13.jar:/home/runner/.m2/repository/org/apache/commons/commons-configuration2/2.10.1/commons-configuration2-2.10.1.jar:/home/runner/.m2/repository/commons-fileupload/commons-fileupload/1.5/commons-fileupload-1.5.jar:/home/runner/.m2/repository/org/apache/logging/log4j/log4j-core/2.17.1/log4j-core-2.17.1.jar:/home/runner/.m2/repository/com/lmax/disruptor/3.4.4/disruptor-3.4.4.jar:/home/runner/.m2/repository/org/eclipse/jetty/jetty-util/9.4.54.v20240208/jetty-util-9.4.54.v20240208.jar:/home/runner/.m2/repository/org/eclipse/jetty/jetty-server/9.4.54.v20240208/jetty-server-9.4.54.v20240208.jar:/home/runner/.m2/repository/org/eclipse/jetty/jetty-http/9.4.54.v20240208/jetty-http-9.4.54.v20240208.jar:/home/runner/.m2/repository/org/eclipse/jetty/jetty-io/9.4.54.v20240208/jetty-io-9.4.54.v20240208.jar:/home/runner/.m2/repository/org/eclipse/jetty/jetty-servlet/9.4.54.v20240208/jetty-servlet-9.4.54.v20240208.jar:/home/runner/.m2/repository/org/eclipse/jetty/jetty-security/9.4.54.v20240208/jetty-security-9.4.54.v20240208.jar:/home/runner/.m2/repository/org/eclipse/jetty/jetty-util-ajax/9.4.54.v20240208/jetty-util-ajax-9.4.54.v20240208.jar:/home/runner/.m2/repository/org/eclipse/jetty/jetty-webapp/9.4.54.v20240208/jetty-webapp-9.4.54.v20240208.jar:/home/runner/.m2/repository/org/eclipse/jetty/jetty-xml/9.4.54.v20240208/jetty-xml-9.4.54.v20240208.jar:/home/runner/.m2/repository/org/apache/ratis/ratis-server/3.0.1/ratis-server-3.0.1.jar:/home/runner/.m2/repository/org/apache/ratis/ratis-thirdparty-misc/1.0.5/ratis-thirdparty-misc-1.0.5.jar:/home/runner/.m2/repository/org/apache/ratis/ratis-proto/3.0.1/ratis-proto-3.0.1.jar:/home/runner/.m2/repository/org/apache/ratis/ratis-common/3.0.1/ratis-common-3.0.1.jar:/home/runner/.m2/repository/org/apache/ratis/ratis-client/3.0.1/ratis-client-3.0.1.jar:/home/runner/.m2/repository/org/apache/ratis/ratis-metrics-api/3.0.1/ratis-metrics-api-3.0.1.jar:/home/runner/.m2/repository/org/apache/ratis/ratis-metrics-dropwizard3/3.0.1/ratis-metrics-dropwizard3-3.0.1.jar:/home/runner/.m2/repository/io/prometheus/simpleclient_dropwizard/0.16.0/simpleclient_dropwizard-0.16.0.jar:/home/runner/.m2/repository/io/prometheus/simpleclient/0.16.0/simpleclient-0.16.0.jar:/home/runner/.m2/repository/io/prometheus/simpleclient_common/0.16.0/simpleclient_common-0.16.0.jar:/home/runner/.m2/repository/com/fasterxml/jackson/datatype/jackson-datatype-jsr310/2.16.2/jackson-datatype-jsr310-2.16.2.jar:/home/runner/.m2/repository/com/fasterxml/jackson/core/jackson-core/2.16.2/jackson-core-2.16.2.jar:/home/runner/work/ozone/ozone/hadoop-hdds/rocksdb-checkpoint-differ/target/classes:/home/runner/.m2/repository/org/jgrapht/jgrapht-core/1.4.0/jgrapht-core-1.4.0.jar:/home/runner/.m2/repository/org/jheaps/jheaps/0.11/jheaps-0.11.jar:/home/runner/.m2/repository/org/jgrapht/jgrapht-ext/1.4.0/jgrapht-ext-1.4.0.jar:/home/runner/.m2/repository/com/github/vlsi/mxgraph/jgraphx/3.9.8.1/jgraphx-3.9.8.1.jar:/home/runner/work/ozone/ozone/hadoop-ozone/ozone-manager/target/classes:/home/runner/.m2/repository/org/aspectj/aspectjrt/1.9.7/aspectjrt-1.9.7.jar:/home/runner/.m2/repository/org/aspectj/aspectjweaver/1.9.7/aspectjweaver-1.9.7.jar:/home/runner/work/ozone/ozone/hadoop-hdds/interface-client/target/classes:/home/runner/.m2/repository/org/apache/hadoop/thirdparty/hadoop-shaded-protobuf_3_7/1.1.1/hadoop-shaded-protobuf_3_7-1.1.1.jar:/home/runner/work/ozone/ozone/hadoop-ozone/interface-storage/target/classes:/home/runner/.m2/repository/org/reflections/reflections/0.10.2/reflections-0.10.2.jar:/home/runner/.m2/repository/com/sun/jersey/jersey-client/1.19.4/jersey-client-1.19.4.jar:/home/runner/.m2/repository/org/codehaus/jackson/jackson-core-asl/1.9.13/jackson-core-asl-1.9.13.jar:/home/runner/.m2/repository/org/codehaus/jackson/jackson-mapper-asl/1.9.13/jackson-mapper-asl-1.9.13.jar:/home/runner/.m2/repository/org/codehaus/jackson/jackson-jaxrs/1.9.13/jackson-jaxrs-1.9.13.jar:/home/runner/.m2/repository/org/apache/ranger/ranger-intg/2.3.0/ranger-intg-2.3.0.jar:/home/runner/.m2/repository/org/apache/ranger/ranger-plugins-common/2.3.0/ranger-plugins-common-2.3.0.jar:/home/runner/.m2/repository/commons-lang/commons-lang/2.6/commons-lang-2.6.jar:/home/runner/.m2/repository/org/apache/ranger/ranger-plugins-cred/2.3.0/ranger-plugins-cred-2.3.0.jar:/home/runner/.m2/repository/org/apache/ranger/ranger-plugins-audit/2.3.0/ranger-plugins-audit-2.3.0.jar:/home/runner/.m2/repository/org/eclipse/jetty/jetty-client/9.4.54.v20240208/jetty-client-9.4.54.v20240208.jar:/home/runner/.m2/repository/org/apache/httpcomponents/httpmime/4.5.6/httpmime-4.5.6.jar:/home/runner/.m2/repository/org/apache/httpcomponents/httpcore-nio/4.4.16/httpcore-nio-4.4.16.jar:/home/runner/.m2/repository/org/apache/httpcomponents/httpasyncclient/4.1.3/httpasyncclient-4.1.3.jar:/home/runner/.m2/repository/com/carrotsearch/hppc/0.8.0/hppc-0.8.0.jar:/home/runner/.m2/repository/org/apache/orc/orc-core/1.5.8/orc-core-1.5.8.jar:/home/runner/.m2/repository/net/java/dev/jna/jna/5.2.0/jna-5.2.0.jar:/home/runner/.m2/repository/net/java/dev/jna/jna-platform/5.2.0/jna-platform-5.2.0.jar:/home/runner/.m2/repository/com/kstruct/gethostname4j/0.0.2/gethostname4j-0.0.2.jar:/home/runner/.m2/repository/org/apache/ranger/ranger-plugin-classloader/2.3.0/ranger-plugin-classloader-2.3.0.jar:/home/runner/work/ozone/ozone/hadoop-hdds/rocks-native/target/classes:/home/runner/.m2/repository/org/apache/hadoop/hadoop-minikdc/3.3.6/hadoop-minikdc-3.3.6.jar:/home/runner/.m2/repository/org/apache/kerby/kerb-simplekdc/1.0.1/kerb-simplekdc-1.0.1.jar:/home/runner/.m2/repository/org/apache/kerby/kerb-client/1.0.1/kerb-client-1.0.1.jar:/home/runner/.m2/repository/org/apache/kerby/kerb-common/1.0.1/kerb-common-1.0.1.jar:/home/runner/.m2/repository/org/apache/kerby/token-provider/1.0.1/token-provider-1.0.1.jar:/home/runner/.m2/repository/org/apache/kerby/kerb-admin/1.0.1/kerb-admin-1.0.1.jar:/home/runner/.m2/repository/org/apache/kerby/kerb-server/1.0.1/kerb-server-1.0.1.jar:/home/runner/.m2/repository/org/apache/kerby/kerb-identity/1.0.1/kerb-identity-1.0.1.jar:/home/runner/.m2/repository/org/apache/kerby/kerby-xdr/1.0.1/kerby-xdr-1.0.1.jar:/home/runner/.m2/repository/junit/junit/4.13.2/junit-4.13.2.jar:/home/runner/.m2/repository/org/hamcrest/hamcrest-core/1.3/hamcrest-core-1.3.jar:/home/runner/work/ozone/ozone/hadoop-ozone/s3gateway/target/classes:/home/runner/.m2/repository/org/javassist/javassist/3.30.2-GA/javassist-3.30.2-GA.jar:/home/runner/.m2/repository/org/jboss/weld/servlet/weld-servlet-shaded/3.1.9.Final/weld-servlet-shaded-3.1.9.Final.jar:/home/runner/.m2/repository/org/glassfish/jersey/containers/jersey-container-servlet-core/2.43/jersey-container-servlet-core-2.43.jar:/home/runner/.m2/repository/org/glassfish/hk2/external/jakarta.inject/2.6.1/jakarta.inject-2.6.1.jar:/home/runner/.m2/repository/org/glassfish/jersey/core/jersey-common/2.43/jersey-common-2.43.jar:/home/runner/.m2/repository/jakarta/ws/rs/jakarta.ws.rs-api/2.1.6/jakarta.ws.rs-api-2.1.6.jar:/home/runner/.m2/repository/org/glassfish/jersey/ext/cdi/jersey-cdi1x/2.43/jersey-cdi1x-2.43.jar:/home/runner/.m2/repository/org/glassfish/jersey/inject/jersey-hk2/2.43/jersey-hk2-2.43.jar:/home/runner/.m2/repository/org/glassfish/hk2/hk2-locator/2.6.1/hk2-locator-2.6.1.jar:/home/runner/.m2/repository/org/glassfish/jersey/media/jersey-media-jaxb/2.43/jersey-media-jaxb-2.43.jar:/home/runner/.m2/repository/org/glassfish/hk2/osgi-resource-locator/1.0.3/osgi-resource-locator-1.0.3.jar:/home/runner/.m2/repository/org/glassfish/hk2/hk2-api/2.6.1/hk2-api-2.6.1.jar:/home/runner/.m2/repository/org/glassfish/hk2/hk2-utils/2.6.1/hk2-utils-2.6.1.jar:/home/runner/.m2/repository/org/glassfish/hk2/external/aopalliance-repackaged/2.6.1/aopalliance-repackaged-2.6.1.jar:/home/runner/.m2/repository/com/fasterxml/jackson/dataformat/jackson-dataformat-xml/2.16.2/jackson-dataformat-xml-2.16.2.jar:/home/runner/.m2/repository/org/codehaus/woodstox/stax2-api/4.2.2/stax2-api-4.2.2.jar:/home/runner/.m2/repository/com/fasterxml/woodstox/woodstox-core/5.4.0/woodstox-core-5.4.0.jar:/home/runner/.m2/repository/com/fasterxml/jackson/module/jackson-module-jaxb-annotations/2.16.2/jackson-module-jaxb-annotations-2.16.2.jar:/home/runner/.m2/repository/javax/enterprise/cdi-api/2.0/cdi-api-2.0.jar:/home/runner/.m2/repository/javax/el/javax.el-api/3.0.0/javax.el-api-3.0.0.jar:/home/runner/.m2/repository/javax/interceptor/javax.interceptor-api/1.2/javax.interceptor-api-1.2.jar:/home/runner/.m2/repository/javax/inject/javax.inject/1/javax.inject-1.jar:/home/runner/.m2/repository/jakarta/xml/bind/jakarta.xml.bind-api/2.3.3/jakarta.xml.bind-api-2.3.3.jar:/home/runner/.m2/repository/org/glassfish/jaxb/jaxb-runtime/2.3.9/jaxb-runtime-2.3.9.jar:/home/runner/.m2/repository/org/glassfish/jaxb/txw2/2.3.9/txw2-2.3.9.jar:/home/runner/.m2/repository/com/sun/istack/istack-commons-runtime/3.0.12/istack-commons-runtime-3.0.12.jar:/home/runner/.m2/repository/com/sun/activation/jakarta.activation/1.2.2/jakarta.activation-1.2.2.jar:/home/runner/.m2/repository/jakarta/activation/jakarta.activation-api/1.2.2/jakarta.activation-api-1.2.2.jar:/home/runner/.m2/repository/io/grpc/grpc-protobuf/1.58.0/grpc-protobuf-1.58.0.jar:/home/runner/.m2/repository/com/google/api/grpc/proto-google-common-protos/2.22.0/proto-google-common-protos-2.22.0.jar:/home/runner/.m2/repository/io/grpc/grpc-protobuf-lite/1.58.0/grpc-protobuf-lite-1.58.0.jar:/home/runner/.m2/repository/io/grpc/grpc-stub/1.58.0/grpc-stub-1.58.0.jar:/home/runner/.m2/repository/io/netty/netty-transport/4.1.109.Final/netty-transport-4.1.109.Final.jar:/home/runner/.m2/repository/io/netty/netty-resolver/4.1.109.Final/netty-resolver-4.1.109.Final.jar:/home/runner/work/ozone/ozone/hadoop-ozone/csi/target/classes:/home/runner/.m2/repository/com/google/protobuf/protobuf-java-util/3.19.6/protobuf-java-util-3.19.6.jar:/home/runner/.m2/repository/com/google/code/gson/gson/2.10.1/gson-2.10.1.jar:/home/runner/work/ozone/ozone/hadoop-hdds/config/target/classes:/home/runner/.m2/repository/io/netty/netty-transport-native-epoll/4.1.109.Final/netty-transport-native-epoll-4.1.109.Final-linux-x86_64.jar:/home/runner/.m2/repository/io/netty/netty-transport-classes-epoll/4.1.109.Final/netty-transport-classes-epoll-4.1.109.Final.jar:/home/runner/.m2/repository/io/netty/netty-transport-native-unix-common/4.1.109.Final/netty-transport-native-unix-common-4.1.109.Final.jar:/home/runner/work/ozone/ozone/hadoop-ozone/recon/target/classes:/home/runner/work/ozone/ozone/hadoop-ozone/recon-codegen/target/classes:/home/runner/.m2/repository/com/google/inject/guice/6.0.0/guice-6.0.0.jar:/home/runner/.m2/repository/jakarta/inject/jakarta.inject-api/2.0.1/jakarta.inject-api-2.0.1.jar:/home/runner/.m2/repository/aopalliance/aopalliance/1.0/aopalliance-1.0.jar:/home/runner/.m2/repository/com/google/inject/extensions/guice-assistedinject/6.0.0/guice-assistedinject-6.0.0.jar:/home/runner/.m2/repository/com/google/inject/extensions/guice-servlet/6.0.0/guice-servlet-6.0.0.jar:/home/runner/.m2/repository/org/glassfish/jersey/containers/jersey-container-servlet/2.43/jersey-container-servlet-2.43.jar:/home/runner/.m2/repository/org/glassfish/hk2/guice-bridge/2.6.1/guice-bridge-2.6.1.jar:/home/runner/.m2/repository/org/glassfish/jersey/core/jersey-server/2.43/jersey-server-2.43.jar:/home/runner/.m2/repository/org/glassfish/jersey/core/jersey-client/2.43/jersey-client-2.43.jar:/home/runner/.m2/repository/jakarta/validation/jakarta.validation-api/2.0.2/jakarta.validation-api-2.0.2.jar:/home/runner/.m2/repository/org/glassfish/jersey/media/jersey-media-json-jackson/2.43/jersey-media-json-jackson-2.43.jar:/home/runner/.m2/repository/org/glassfish/jersey/ext/jersey-entity-filtering/2.43/jersey-entity-filtering-2.43.jar:/home/runner/.m2/repository/org/jooq/jooq/3.11.10/jooq-3.11.10.jar:/home/runner/.m2/repository/org/jooq/jooq-meta/3.11.10/jooq-meta-3.11.10.jar:/home/runner/.m2/repository/org/jooq/jooq-codegen/3.11.10/jooq-codegen-3.11.10.jar:/home/runner/.m2/repository/com/jolbox/bonecp/0.8.0.RELEASE/bonecp-0.8.0.RELEASE.jar:/home/runner/.m2/repository/org/apache/derby/derby/10.14.2.0/derby-10.14.2.0.jar:/home/runner/.m2/repository/org/xerial/sqlite-jdbc/3.44.1.0/sqlite-jdbc-3.44.1.0.jar:/home/runner/.m2/repository/org/springframework/spring-jdbc/5.3.34/spring-jdbc-5.3.34.jar:/home/runner/.m2/repository/org/springframework/spring-beans/5.3.34/spring-beans-5.3.34.jar:/home/runner/.m2/repository/org/springframework/spring-core/5.3.34/spring-core-5.3.34.jar:/home/runner/.m2/repository/org/springframework/spring-tx/5.3.34/spring-tx-5.3.34.jar:/home/runner/work/ozone/ozone/hadoop-ozone/client/target/classes:/home/runner/work/ozone/ozone/hadoop-hdds/erasurecode/target/classes:/home/runner/work/ozone/ozone/hadoop-ozone/ozonefs/target/classes:/home/runner/work/ozone/ozone/hadoop-ozone/ozonefs-common/target/classes:/home/runner/work/ozone/ozone/hadoop-ozone/tools/target/classes:/home/runner/.m2/repository/com/amazonaws/aws-java-sdk-core/1.12.661/aws-java-sdk-core-1.12.661.jar:/home/runner/.m2/repository/org/apache/httpcomponents/httpclient/4.5.14/httpclient-4.5.14.jar:/home/runner/.m2/repository/org/apache/httpcomponents/httpcore/4.4.16/httpcore-4.4.16.jar:/home/runner/.m2/repository/com/fasterxml/jackson/dataformat/jackson-dataformat-cbor/2.16.2/jackson-dataformat-cbor-2.16.2.jar:/home/runner/.m2/repository/joda-time/joda-time/2.12.7/joda-time-2.12.7.jar:/home/runner/.m2/repository/com/amazonaws/aws-java-sdk-s3/1.12.661/aws-java-sdk-s3-1.12.661.jar:/home/runner/.m2/repository/com/amazonaws/aws-java-sdk-kms/1.12.661/aws-java-sdk-kms-1.12.661.jar:/home/runner/.m2/repository/com/amazonaws/jmespath-java/1.12.661/jmespath-java-1.12.661.jar:/home/runner/.m2/repository/org/kohsuke/metainf-services/metainf-services/1.11/metainf-services-1.11.jar:/home/runner/work/ozone/ozone/hadoop-hdds/tools/target/classes:/home/runner/.m2/repository/org/apache/ratis/ratis-tools/3.0.1/ratis-tools-3.0.1.jar:/home/runner/.m2/repository/commons-cli/commons-cli/1.8.0/commons-cli-1.8.0.jar:/home/runner/.m2/repository/org/apache/commons/commons-lang3/3.14.0/commons-lang3-3.14.0.jar:/home/runner/work/ozone/ozone/hadoop-ozone/ozone-manager/target/test-classes:/home/runner/work/ozone/ozone/hadoop-hdds/common/target/test-classes:/home/runner/work/ozone/ozone/hadoop-hdds/hadoop-dependency-client/target/classes:/home/runner/.m2/repository/info/picocli/picocli/4.7.6/picocli-4.7.6.jar:/home/runner/.m2/repository/com/fasterxml/jackson/core/jackson-annotations/2.16.2/jackson-annotations-2.16.2.jar:/home/runner/work/ozone/ozone/hadoop-hdds/annotations/target/classes:/home/runner/.m2/repository/javax/annotation/javax.annotation-api/1.3.2/javax.annotation-api-1.3.2.jar:/home/runner/.m2/repository/org/apache/ratis/ratis-server-api/3.0.1/ratis-server-api-3.0.1.jar:/home/runner/.m2/repository/org/apache/ratis/ratis-netty/3.0.1/ratis-netty-3.0.1.jar:/home/runner/.m2/repository/org/apache/ratis/ratis-grpc/3.0.1/ratis-grpc-3.0.1.jar:/home/runner/.m2/repository/org/bouncycastle/bcpkix-jdk18on/1.78.1/bcpkix-jdk18on-1.78.1.jar:/home/runner/.m2/repository/org/bouncycastle/bcutil-jdk18on/1.78.1/bcutil-jdk18on-1.78.1.jar:/home/runner/.m2/repository/commons-validator/commons-validator/1.6/commons-validator-1.6.jar:/home/runner/.m2/repository/commons-beanutils/commons-beanutils/1.9.4/commons-beanutils-1.9.4.jar:/home/runner/.m2/repository/commons-digester/commons-digester/1.8.1/commons-digester-1.8.1.jar:/home/runner/.m2/repository/commons-collections/commons-collections/3.2.2/commons-collections-3.2.2.jar:/home/runner/.m2/repository/io/jaegertracing/jaeger-client/1.8.1/jaeger-client-1.8.1.jar:/home/runner/.m2/repository/io/jaegertracing/jaeger-thrift/1.8.1/jaeger-thrift-1.8.1.jar:/home/runner/.m2/repository/org/apache/thrift/libthrift/0.15.0/libthrift-0.15.0.jar:/home/runner/.m2/repository/io/jaegertracing/jaeger-core/1.8.1/jaeger-core-1.8.1.jar:/home/runner/.m2/repository/io/jaegertracing/jaeger-tracerresolver/1.8.1/jaeger-tracerresolver-1.8.1.jar:/home/runner/.m2/repository/io/opentracing/contrib/opentracing-tracerresolver/0.1.8/opentracing-tracerresolver-0.1.8.jar:/home/runner/.m2/repository/org/jetbrains/kotlin/kotlin-stdlib/1.9.24/kotlin-stdlib-1.9.24.jar:/home/runner/.m2/repository/org/jetbrains/annotations/13.0/annotations-13.0.jar:/home/runner/.m2/repository/io/opentracing/opentracing-util/0.33.0/opentracing-util-0.33.0.jar:/home/runner/.m2/repository/io/opentracing/opentracing-api/0.33.0/opentracing-api-0.33.0.jar:/home/runner/.m2/repository/io/opentracing/opentracing-noop/0.33.0/opentracing-noop-0.33.0.jar:/home/runner/.m2/repository/org/yaml/snakeyaml/2.0/snakeyaml-2.0.jar:/home/runner/.m2/repository/io/grpc/grpc-api/1.58.0/grpc-api-1.58.0.jar:/home/runner/.m2/repository/org/junit/platform/junit-platform-launcher/1.10.2/junit-platform-launcher-1.10.2.jar:/home/runner/.m2/repository/org/junit/platform/junit-platform-engine/1.10.2/junit-platform-engine-1.10.2.jar:/home/runner/.m2/repository/org/apiguardian/apiguardian-api/1.1.2/apiguardian-api-1.1.2.jar:/home/runner/.m2/repository/org/apache/hadoop/hadoop-kms/3.3.6/hadoop-kms-3.3.6.jar:/home/runner/.m2/repository/org/apache/hadoop/hadoop-auth/3.3.6/hadoop-auth-3.3.6.jar:/home/runner/.m2/repository/org/apache/zookeeper/zookeeper/3.8.4/zookeeper-3.8.4.jar:/home/runner/.m2/repository/org/apache/zookeeper/zookeeper-jute/3.8.4/zookeeper-jute-3.8.4.jar:/home/runner/.m2/repository/org/apache/yetus/audience-annotations/0.12.0/audience-annotations-0.12.0.jar:/home/runner/.m2/repository/org/apache/curator/curator-framework/4.2.0/curator-framework-4.2.0.jar:/home/runner/.m2/repository/org/apache/hadoop/thirdparty/hadoop-shaded-guava/1.2.0/hadoop-shaded-guava-1.2.0.jar:/home/runner/.m2/repository/com/sun/jersey/jersey-core/1.19.4/jersey-core-1.19.4.jar:/home/runner/.m2/repository/javax/ws/rs/jsr311-api/1.1.1/jsr311-api-1.1.1.jar:/home/runner/.m2/repository/com/sun/jersey/jersey-server/1.19.4/jersey-server-1.19.4.jar:/home/runner/.m2/repository/javax/servlet/javax.servlet-api/3.1.0/javax.servlet-api-3.1.0.jar:/home/runner/.m2/repository/org/apache/hadoop/hadoop-common/3.3.6/hadoop-common-3.3.6.jar:/home/runner/.m2/repository/org/apache/commons/commons-math3/3.6.1/commons-math3-3.6.1.jar:/home/runner/.m2/repository/commons-net/commons-net/3.10.0/commons-net-3.10.0.jar:/home/runner/.m2/repository/com/sun/jersey/jersey-servlet/1.19.4/jersey-servlet-1.19.4.jar:/home/runner/.m2/repository/com/github/pjfanning/jersey-json/1.20/jersey-json-1.20.jar:/home/runner/.m2/repository/org/codehaus/jettison/jettison/1.1/jettison-1.1.jar:/home/runner/.m2/repository/com/sun/xml/bind/jaxb-impl/2.2.3-1/jaxb-impl-2.2.3-1.jar:/home/runner/.m2/repository/com/google/re2j/re2j/1.7/re2j-1.7.jar:/home/runner/.m2/repository/com/jcraft/jsch/0.1.55/jsch-0.1.55.jar:/home/runner/.m2/repository/org/apache/curator/curator-client/4.2.0/curator-client-4.2.0.jar:/home/runner/.m2/repository/org/apache/curator/curator-recipes/5.2.0/curator-recipes-5.2.0.jar:/home/runner/.m2/repository/com/google/code/findbugs/jsr305/3.0.2/jsr305-3.0.2.jar:/home/runner/.m2/repository/dnsjava/dnsjava/2.1.9/dnsjava-2.1.9.jar:/home/runner/.m2/repository/com/fasterxml/jackson/core/jackson-databind/2.16.2/jackson-databind-2.16.2.jar:/home/runner/.m2/repository/org/apache/hadoop/hadoop-kms/3.3.6/hadoop-kms-3.3.6-tests.jar:/home/runner/work/ozone/ozone/hadoop-hdds/server-scm/target/test-classes:/home/runner/work/ozone/ozone/hadoop-hdds/container-service/target/test-classes:/home/runner/.m2/repository/com/github/luben/zstd-jni/1.5.6-3/zstd-jni-1.5.6-3.jar:/home/runner/.m2/repository/commons-codec/commons-codec/1.17.0/commons-codec-1.17.0.jar:/home/runner/.m2/repository/io/netty/netty-codec/4.1.109.Final/netty-codec-4.1.109.Final.jar:/home/runner/.m2/repository/io/netty/netty-handler/4.1.109.Final/netty-handler-4.1.109.Final.jar:/home/runner/work/ozone/ozone/hadoop-hdds/hadoop-dependency-test/target/classes:/home/runner/.m2/repository/org/apache/hadoop/hadoop-common/3.3.6/hadoop-common-3.3.6-tests.jar:/home/runner/.m2/repository/org/apache/hadoop/hadoop-hdfs/3.3.6/hadoop-hdfs-3.3.6-tests.jar:/home/runner/.m2/repository/org/junit/jupiter/junit-jupiter-engine/5.10.2/junit-jupiter-engine-5.10.2.jar:/home/runner/.m2/repository/org/junit/jupiter/junit-jupiter-params/5.10.2/junit-jupiter-params-5.10.2.jar:/home/runner/.m2/repository/org/mockito/mockito-core/4.11.0/mockito-core-4.11.0.jar:/home/runner/.m2/repository/net/bytebuddy/byte-buddy-agent/1.12.19/byte-buddy-agent-1.12.19.jar:/home/runner/.m2/repository/org/objenesis/objenesis/3.3/objenesis-3.3.jar:/home/runner/.m2/repository/org/mockito/mockito-inline/4.11.0/mockito-inline-4.11.0.jar:/home/runner/.m2/repository/org/mockito/mockito-junit-jupiter/4.11.0/mockito-junit-jupiter-4.11.0.jar:/home/runner/.m2/repository/org/apache/hadoop/hadoop-distcp/3.3.6/hadoop-distcp-3.3.6.jar:/home/runner/.m2/repository/org/apache/hadoop/hadoop-mapreduce-client-jobclient/3.3.6/hadoop-mapreduce-client-jobclient-3.3.6.jar:/home/runner/.m2/repository/org/apache/hadoop/hadoop-mapreduce-client-common/3.3.6/hadoop-mapreduce-client-common-3.3.6.jar:/home/runner/.m2/repository/org/apache/hadoop/hadoop-yarn-common/3.3.6/hadoop-yarn-common-3.3.6.jar:/home/runner/.m2/repository/org/apache/hadoop/hadoop-yarn-api/3.3.6/hadoop-yarn-api-3.3.6.jar:/home/runner/.m2/repository/javax/xml/bind/jaxb-api/2.2.11/jaxb-api-2.2.11.jar:/home/runner/.m2/repository/com/sun/jersey/contribs/jersey-guice/1.19.4/jersey-guice-1.19.4.jar:/home/runner/.m2/repository/com/fasterxml/jackson/jaxrs/jackson-jaxrs-json-provider/2.16.2/jackson-jaxrs-json-provider-2.16.2.jar:/home/runner/.m2/repository/com/fasterxml/jackson/jaxrs/jackson-jaxrs-base/2.16.2/jackson-jaxrs-base-2.16.2.jar:/home/runner/.m2/repository/org/apache/hadoop/hadoop-yarn-client/3.3.6/hadoop-yarn-client-3.3.6.jar:/home/runner/.m2/repository/org/eclipse/jetty/websocket/websocket-client/9.4.51.v20230217/websocket-client-9.4.51.v20230217.jar:/home/runner/.m2/repository/org/eclipse/jetty/websocket/websocket-common/9.4.51.v20230217/websocket-common-9.4.51.v20230217.jar:/home/runner/.m2/repository/org/eclipse/jetty/websocket/websocket-api/9.4.51.v20230217/websocket-api-9.4.51.v20230217.jar:/home/runner/.m2/repository/org/jline/jline/3.9.0/jline-3.9.0.jar:/home/runner/.m2/repository/org/apache/hadoop/hadoop-mapreduce-client-core/3.3.6/hadoop-mapreduce-client-core-3.3.6.jar:/home/runner/.m2/repository/org/apache/avro/avro/1.7.7/avro-1.7.7.jar:/home/runner/.m2/repository/com/thoughtworks/paranamer/paranamer/2.3/paranamer-2.3.jar:/home/runner/.m2/repository/org/apache/hadoop/hadoop-annotations/3.3.6/hadoop-annotations-3.3.6.jar:/home/runner/.m2/repository/io/netty/netty/3.10.6.Final/netty-3.10.6.Final.jar:/home/runner/.m2/repository/org/apache/hadoop/hadoop-distcp/3.3.6/hadoop-distcp-3.3.6-tests.jar:/home/runner/.m2/repository/org/hamcrest/hamcrest/2.2/hamcrest-2.2.jar:/home/runner/.m2/repository/org/slf4j/jul-to-slf4j/2.0.13/jul-to-slf4j-2.0.13.jar:/home/runner/work/ozone/ozone/hadoop-ozone/integration-test/target/gradle-enterprise/test-listeners.jar:"/>
    <property name="java.vm.vendor" value="Eclipse Adoptium"/>
    <property name="sun.arch.data.model" value="64"/>
    <property name="test.build.dir" value="/home/runner/work/ozone/ozone/hadoop-ozone/integration-test/target/test-dir"/>
    <property name="test.cache.data" value=""/>
    <property name="java.vendor.url" value="https://adoptium.net/"/>
    <property name="user.timezone" value="Etc/UTC"/>
    <property name="maven-surefire-plugin.argLineAccessArgs" value=" --add-opens java.management/com.sun.jmx.mbeanserver=ALL-UNNAMED --add-exports java.management/com.sun.jmx.mbeanserver=ALL-UNNAMED --add-opens java.base/java.nio=ALL-UNNAMED --add-opens java.base/java.lang=ALL-UNNAMED --add-opens java.base/java.lang.reflect=ALL-UNNAMED"/>
    <property name="os.name" value="Linux"/>
    <property name="java.vm.specification.version" value="17"/>
    <property name="test.build.data" value="/home/runner/work/ozone/ozone/hadoop-ozone/integration-test/target/test-dir"/>
    <property name="sun.java.launcher" value="SUN_STANDARD"/>
    <property name="sun.boot.library.path" value="/usr/lib/jvm/temurin-17-jdk-amd64/lib"/>
    <property name="sun.java.command" value="/home/runner/work/ozone/ozone/hadoop-ozone/integration-test/target/surefire/surefirebooter7391821426424145647.jar /home/runner/work/ozone/ozone/hadoop-ozone/integration-test/target/surefire 2024-06-20T08-09-00_891-jvmRun1 surefire17238863752217581547tmp surefire_1936534534481922311630tmp"/>
    <property name="jdk.debug" value="release"/>
    <property name="native.lib.tmp.dir" value="/tmp"/>
    <property name="surefire.test.class.path" value="/home/runner/work/ozone/ozone/hadoop-ozone/integration-test/target/test-classes:/home/runner/work/ozone/ozone/hadoop-ozone/integration-test/target/classes:/home/runner/work/ozone/ozone/hadoop-ozone/common/target/classes:/home/runner/.m2/repository/io/grpc/grpc-netty/1.58.0/grpc-netty-1.58.0.jar:/home/runner/.m2/repository/io/grpc/grpc-core/1.58.0/grpc-core-1.58.0.jar:/home/runner/.m2/repository/com/google/android/annotations/4.1.1.4/annotations-4.1.1.4.jar:/home/runner/.m2/repository/org/codehaus/mojo/animal-sniffer-annotations/1.23/animal-sniffer-annotations-1.23.jar:/home/runner/.m2/repository/io/grpc/grpc-context/1.58.0/grpc-context-1.58.0.jar:/home/runner/.m2/repository/io/grpc/grpc-util/1.58.0/grpc-util-1.58.0.jar:/home/runner/.m2/repository/com/google/errorprone/error_prone_annotations/2.2.0/error_prone_annotations-2.2.0.jar:/home/runner/.m2/repository/io/perfmark/perfmark-api/0.26.0/perfmark-api-0.26.0.jar:/home/runner/.m2/repository/io/netty/netty-codec-http2/4.1.109.Final/netty-codec-http2-4.1.109.Final.jar:/home/runner/.m2/repository/io/netty/netty-common/4.1.109.Final/netty-common-4.1.109.Final.jar:/home/runner/.m2/repository/io/netty/netty-buffer/4.1.109.Final/netty-buffer-4.1.109.Final.jar:/home/runner/.m2/repository/io/netty/netty-codec-http/4.1.109.Final/netty-codec-http-4.1.109.Final.jar:/home/runner/.m2/repository/io/netty/netty-handler-proxy/4.1.109.Final/netty-handler-proxy-4.1.109.Final.jar:/home/runner/.m2/repository/io/netty/netty-codec-socks/4.1.109.Final/netty-codec-socks-4.1.109.Final.jar:/home/runner/.m2/repository/io/netty/netty-tcnative-boringssl-static/2.0.65.Final/netty-tcnative-boringssl-static-2.0.65.Final.jar:/home/runner/.m2/repository/io/netty/netty-tcnative-classes/2.0.65.Final/netty-tcnative-classes-2.0.65.Final.jar:/home/runner/.m2/repository/io/netty/netty-tcnative-boringssl-static/2.0.65.Final/netty-tcnative-boringssl-static-2.0.65.Final-linux-x86_64.jar:/home/runner/.m2/repository/io/netty/netty-tcnative-boringssl-static/2.0.65.Final/netty-tcnative-boringssl-static-2.0.65.Final-linux-aarch_64.jar:/home/runner/.m2/repository/io/netty/netty-tcnative-boringssl-static/2.0.65.Final/netty-tcnative-boringssl-static-2.0.65.Final-osx-x86_64.jar:/home/runner/.m2/repository/io/netty/netty-tcnative-boringssl-static/2.0.65.Final/netty-tcnative-boringssl-static-2.0.65.Final-osx-aarch_64.jar:/home/runner/.m2/repository/io/netty/netty-tcnative-boringssl-static/2.0.65.Final/netty-tcnative-boringssl-static-2.0.65.Final-windows-x86_64.jar:/home/runner/.m2/repository/org/apache/commons/commons-compress/1.26.0/commons-compress-1.26.0.jar:/home/runner/work/ozone/ozone/hadoop-hdds/common/target/classes:/home/runner/work/ozone/ozone/hadoop-hdds/client/target/classes:/home/runner/work/ozone/ozone/hadoop-ozone/interface-client/target/classes:/home/runner/.m2/repository/org/apache/hadoop/hadoop-hdfs-client/3.3.6/hadoop-hdfs-client-3.3.6.jar:/home/runner/.m2/repository/com/squareup/okhttp3/okhttp/4.12.0/okhttp-4.12.0.jar:/home/runner/.m2/repository/com/squareup/okio/okio/3.6.0/okio-3.6.0.jar:/home/runner/.m2/repository/com/squareup/okio/okio-jvm/3.6.0/okio-jvm-3.6.0.jar:/home/runner/.m2/repository/org/jetbrains/kotlin/kotlin-stdlib-jdk8/1.9.24/kotlin-stdlib-jdk8-1.9.24.jar:/home/runner/.m2/repository/org/jetbrains/kotlin/kotlin-stdlib-jdk7/1.9.24/kotlin-stdlib-jdk7-1.9.24.jar:/home/runner/.m2/repository/org/jetbrains/kotlin/kotlin-stdlib-common/1.9.24/kotlin-stdlib-common-1.9.24.jar:/home/runner/work/ozone/ozone/hadoop-hdds/test-utils/target/classes:/home/runner/.m2/repository/org/assertj/assertj-core/3.26.0/assertj-core-3.26.0.jar:/home/runner/.m2/repository/net/bytebuddy/byte-buddy/1.14.16/byte-buddy-1.14.16.jar:/home/runner/.m2/repository/com/google/guava/guava/32.1.3-jre/guava-32.1.3-jre.jar:/home/runner/.m2/repository/com/google/guava/failureaccess/1.0.1/failureaccess-1.0.1.jar:/home/runner/.m2/repository/com/google/guava/listenablefuture/9999.0-empty-to-avoid-conflict-with-guava/listenablefuture-9999.0-empty-to-avoid-conflict-with-guava.jar:/home/runner/.m2/repository/org/checkerframework/checker-qual/3.37.0/checker-qual-3.37.0.jar:/home/runner/.m2/repository/com/google/j2objc/j2objc-annotations/2.8/j2objc-annotations-2.8.jar:/home/runner/.m2/repository/commons-io/commons-io/2.16.1/commons-io-2.16.1.jar:/home/runner/.m2/repository/commons-logging/commons-logging/1.2/commons-logging-1.2.jar:/home/runner/.m2/repository/org/junit/jupiter/junit-jupiter-api/5.10.2/junit-jupiter-api-5.10.2.jar:/home/runner/.m2/repository/org/opentest4j/opentest4j/1.3.0/opentest4j-1.3.0.jar:/home/runner/.m2/repository/org/junit/platform/junit-platform-commons/1.10.2/junit-platform-commons-1.10.2.jar:/home/runner/.m2/repository/ch/qos/reload4j/reload4j/1.2.25/reload4j-1.2.25.jar:/home/runner/.m2/repository/jakarta/annotation/jakarta.annotation-api/2.1.1/jakarta.annotation-api-2.1.1.jar:/home/runner/.m2/repository/org/slf4j/slf4j-api/2.0.13/slf4j-api-2.0.13.jar:/home/runner/.m2/repository/org/apache/logging/log4j/log4j-api/2.17.1/log4j-api-2.17.1.jar:/home/runner/work/ozone/ozone/hadoop-hdds/server-scm/target/classes:/home/runner/.m2/repository/com/google/protobuf/protobuf-java/2.5.0/protobuf-java-2.5.0.jar:/home/runner/work/ozone/ozone/hadoop-hdds/container-service/target/classes:/home/runner/work/ozone/ozone/hadoop-hdds/hadoop-dependency-server/target/classes:/home/runner/.m2/repository/com/nimbusds/nimbus-jose-jwt/9.37.2/nimbus-jose-jwt-9.37.2.jar:/home/runner/.m2/repository/com/github/stephenc/jcip/jcip-annotations/1.0-1/jcip-annotations-1.0-1.jar:/home/runner/.m2/repository/org/apache/hadoop/hadoop-hdfs/3.3.6/hadoop-hdfs-3.3.6.jar:/home/runner/.m2/repository/commons-daemon/commons-daemon/1.3.4/commons-daemon-1.3.4.jar:/home/runner/.m2/repository/org/apache/kerby/kerb-core/1.0.1/kerb-core-1.0.1.jar:/home/runner/.m2/repository/org/apache/kerby/kerby-pkix/1.0.1/kerby-pkix-1.0.1.jar:/home/runner/.m2/repository/org/apache/kerby/kerby-asn1/1.0.1/kerby-asn1-1.0.1.jar:/home/runner/.m2/repository/org/apache/kerby/kerby-util/1.0.1/kerby-util-1.0.1.jar:/home/runner/.m2/repository/org/apache/kerby/kerb-util/1.0.1/kerb-util-1.0.1.jar:/home/runner/.m2/repository/org/apache/kerby/kerby-config/1.0.1/kerby-config-1.0.1.jar:/home/runner/.m2/repository/org/apache/kerby/kerb-crypto/1.0.1/kerb-crypto-1.0.1.jar:/home/runner/.m2/repository/org/xerial/snappy/snappy-java/1.1.10.5/snappy-java-1.1.10.5.jar:/home/runner/work/ozone/ozone/hadoop-hdds/framework/target/classes:/home/runner/.m2/repository/org/bouncycastle/bcprov-jdk18on/1.78.1/bcprov-jdk18on-1.78.1.jar:/home/runner/.m2/repository/io/dropwizard/metrics/metrics-core/3.2.6/metrics-core-3.2.6.jar:/home/runner/.m2/repository/org/apache/commons/commons-text/1.11.0/commons-text-1.11.0.jar:/home/runner/work/ozone/ozone/hadoop-hdds/framework/target/test-classes:/home/runner/work/ozone/ozone/hadoop-hdds/interface-server/target/classes:/home/runner/work/ozone/ozone/hadoop-hdds/interface-admin/target/classes:/home/runner/work/ozone/ozone/hadoop-hdds/managed-rocksdb/target/classes:/home/runner/.m2/repository/org/rocksdb/rocksdbjni/7.7.3/rocksdbjni-7.7.3.jar:/home/runner/.m2/repository/org/slf4j/slf4j-reload4j/2.0.13/slf4j-reload4j-2.0.13.jar:/home/runner/.m2/repository/org/apache/commons/commons-configuration2/2.10.1/commons-configuration2-2.10.1.jar:/home/runner/.m2/repository/commons-fileupload/commons-fileupload/1.5/commons-fileupload-1.5.jar:/home/runner/.m2/repository/org/apache/logging/log4j/log4j-core/2.17.1/log4j-core-2.17.1.jar:/home/runner/.m2/repository/com/lmax/disruptor/3.4.4/disruptor-3.4.4.jar:/home/runner/.m2/repository/org/eclipse/jetty/jetty-util/9.4.54.v20240208/jetty-util-9.4.54.v20240208.jar:/home/runner/.m2/repository/org/eclipse/jetty/jetty-server/9.4.54.v20240208/jetty-server-9.4.54.v20240208.jar:/home/runner/.m2/repository/org/eclipse/jetty/jetty-http/9.4.54.v20240208/jetty-http-9.4.54.v20240208.jar:/home/runner/.m2/repository/org/eclipse/jetty/jetty-io/9.4.54.v20240208/jetty-io-9.4.54.v20240208.jar:/home/runner/.m2/repository/org/eclipse/jetty/jetty-servlet/9.4.54.v20240208/jetty-servlet-9.4.54.v20240208.jar:/home/runner/.m2/repository/org/eclipse/jetty/jetty-security/9.4.54.v20240208/jetty-security-9.4.54.v20240208.jar:/home/runner/.m2/repository/org/eclipse/jetty/jetty-util-ajax/9.4.54.v20240208/jetty-util-ajax-9.4.54.v20240208.jar:/home/runner/.m2/repository/org/eclipse/jetty/jetty-webapp/9.4.54.v20240208/jetty-webapp-9.4.54.v20240208.jar:/home/runner/.m2/repository/org/eclipse/jetty/jetty-xml/9.4.54.v20240208/jetty-xml-9.4.54.v20240208.jar:/home/runner/.m2/repository/org/apache/ratis/ratis-server/3.0.1/ratis-server-3.0.1.jar:/home/runner/.m2/repository/org/apache/ratis/ratis-thirdparty-misc/1.0.5/ratis-thirdparty-misc-1.0.5.jar:/home/runner/.m2/repository/org/apache/ratis/ratis-proto/3.0.1/ratis-proto-3.0.1.jar:/home/runner/.m2/repository/org/apache/ratis/ratis-common/3.0.1/ratis-common-3.0.1.jar:/home/runner/.m2/repository/org/apache/ratis/ratis-client/3.0.1/ratis-client-3.0.1.jar:/home/runner/.m2/repository/org/apache/ratis/ratis-metrics-api/3.0.1/ratis-metrics-api-3.0.1.jar:/home/runner/.m2/repository/org/apache/ratis/ratis-metrics-dropwizard3/3.0.1/ratis-metrics-dropwizard3-3.0.1.jar:/home/runner/.m2/repository/io/prometheus/simpleclient_dropwizard/0.16.0/simpleclient_dropwizard-0.16.0.jar:/home/runner/.m2/repository/io/prometheus/simpleclient/0.16.0/simpleclient-0.16.0.jar:/home/runner/.m2/repository/io/prometheus/simpleclient_common/0.16.0/simpleclient_common-0.16.0.jar:/home/runner/.m2/repository/com/fasterxml/jackson/datatype/jackson-datatype-jsr310/2.16.2/jackson-datatype-jsr310-2.16.2.jar:/home/runner/.m2/repository/com/fasterxml/jackson/core/jackson-core/2.16.2/jackson-core-2.16.2.jar:/home/runner/work/ozone/ozone/hadoop-hdds/rocksdb-checkpoint-differ/target/classes:/home/runner/.m2/repository/org/jgrapht/jgrapht-core/1.4.0/jgrapht-core-1.4.0.jar:/home/runner/.m2/repository/org/jheaps/jheaps/0.11/jheaps-0.11.jar:/home/runner/.m2/repository/org/jgrapht/jgrapht-ext/1.4.0/jgrapht-ext-1.4.0.jar:/home/runner/.m2/repository/com/github/vlsi/mxgraph/jgraphx/3.9.8.1/jgraphx-3.9.8.1.jar:/home/runner/work/ozone/ozone/hadoop-ozone/ozone-manager/target/classes:/home/runner/.m2/repository/org/aspectj/aspectjrt/1.9.7/aspectjrt-1.9.7.jar:/home/runner/.m2/repository/org/aspectj/aspectjweaver/1.9.7/aspectjweaver-1.9.7.jar:/home/runner/work/ozone/ozone/hadoop-hdds/interface-client/target/classes:/home/runner/.m2/repository/org/apache/hadoop/thirdparty/hadoop-shaded-protobuf_3_7/1.1.1/hadoop-shaded-protobuf_3_7-1.1.1.jar:/home/runner/work/ozone/ozone/hadoop-ozone/interface-storage/target/classes:/home/runner/.m2/repository/org/reflections/reflections/0.10.2/reflections-0.10.2.jar:/home/runner/.m2/repository/com/sun/jersey/jersey-client/1.19.4/jersey-client-1.19.4.jar:/home/runner/.m2/repository/org/codehaus/jackson/jackson-core-asl/1.9.13/jackson-core-asl-1.9.13.jar:/home/runner/.m2/repository/org/codehaus/jackson/jackson-mapper-asl/1.9.13/jackson-mapper-asl-1.9.13.jar:/home/runner/.m2/repository/org/codehaus/jackson/jackson-jaxrs/1.9.13/jackson-jaxrs-1.9.13.jar:/home/runner/.m2/repository/org/apache/ranger/ranger-intg/2.3.0/ranger-intg-2.3.0.jar:/home/runner/.m2/repository/org/apache/ranger/ranger-plugins-common/2.3.0/ranger-plugins-common-2.3.0.jar:/home/runner/.m2/repository/commons-lang/commons-lang/2.6/commons-lang-2.6.jar:/home/runner/.m2/repository/org/apache/ranger/ranger-plugins-cred/2.3.0/ranger-plugins-cred-2.3.0.jar:/home/runner/.m2/repository/org/apache/ranger/ranger-plugins-audit/2.3.0/ranger-plugins-audit-2.3.0.jar:/home/runner/.m2/repository/org/eclipse/jetty/jetty-client/9.4.54.v20240208/jetty-client-9.4.54.v20240208.jar:/home/runner/.m2/repository/org/apache/httpcomponents/httpmime/4.5.6/httpmime-4.5.6.jar:/home/runner/.m2/repository/org/apache/httpcomponents/httpcore-nio/4.4.16/httpcore-nio-4.4.16.jar:/home/runner/.m2/repository/org/apache/httpcomponents/httpasyncclient/4.1.3/httpasyncclient-4.1.3.jar:/home/runner/.m2/repository/com/carrotsearch/hppc/0.8.0/hppc-0.8.0.jar:/home/runner/.m2/repository/org/apache/orc/orc-core/1.5.8/orc-core-1.5.8.jar:/home/runner/.m2/repository/net/java/dev/jna/jna/5.2.0/jna-5.2.0.jar:/home/runner/.m2/repository/net/java/dev/jna/jna-platform/5.2.0/jna-platform-5.2.0.jar:/home/runner/.m2/repository/com/kstruct/gethostname4j/0.0.2/gethostname4j-0.0.2.jar:/home/runner/.m2/repository/org/apache/ranger/ranger-plugin-classloader/2.3.0/ranger-plugin-classloader-2.3.0.jar:/home/runner/work/ozone/ozone/hadoop-hdds/rocks-native/target/classes:/home/runner/.m2/repository/org/apache/hadoop/hadoop-minikdc/3.3.6/hadoop-minikdc-3.3.6.jar:/home/runner/.m2/repository/org/apache/kerby/kerb-simplekdc/1.0.1/kerb-simplekdc-1.0.1.jar:/home/runner/.m2/repository/org/apache/kerby/kerb-client/1.0.1/kerb-client-1.0.1.jar:/home/runner/.m2/repository/org/apache/kerby/kerb-common/1.0.1/kerb-common-1.0.1.jar:/home/runner/.m2/repository/org/apache/kerby/token-provider/1.0.1/token-provider-1.0.1.jar:/home/runner/.m2/repository/org/apache/kerby/kerb-admin/1.0.1/kerb-admin-1.0.1.jar:/home/runner/.m2/repository/org/apache/kerby/kerb-server/1.0.1/kerb-server-1.0.1.jar:/home/runner/.m2/repository/org/apache/kerby/kerb-identity/1.0.1/kerb-identity-1.0.1.jar:/home/runner/.m2/repository/org/apache/kerby/kerby-xdr/1.0.1/kerby-xdr-1.0.1.jar:/home/runner/.m2/repository/junit/junit/4.13.2/junit-4.13.2.jar:/home/runner/.m2/repository/org/hamcrest/hamcrest-core/1.3/hamcrest-core-1.3.jar:/home/runner/work/ozone/ozone/hadoop-ozone/s3gateway/target/classes:/home/runner/.m2/repository/org/javassist/javassist/3.30.2-GA/javassist-3.30.2-GA.jar:/home/runner/.m2/repository/org/jboss/weld/servlet/weld-servlet-shaded/3.1.9.Final/weld-servlet-shaded-3.1.9.Final.jar:/home/runner/.m2/repository/org/glassfish/jersey/containers/jersey-container-servlet-core/2.43/jersey-container-servlet-core-2.43.jar:/home/runner/.m2/repository/org/glassfish/hk2/external/jakarta.inject/2.6.1/jakarta.inject-2.6.1.jar:/home/runner/.m2/repository/org/glassfish/jersey/core/jersey-common/2.43/jersey-common-2.43.jar:/home/runner/.m2/repository/jakarta/ws/rs/jakarta.ws.rs-api/2.1.6/jakarta.ws.rs-api-2.1.6.jar:/home/runner/.m2/repository/org/glassfish/jersey/ext/cdi/jersey-cdi1x/2.43/jersey-cdi1x-2.43.jar:/home/runner/.m2/repository/org/glassfish/jersey/inject/jersey-hk2/2.43/jersey-hk2-2.43.jar:/home/runner/.m2/repository/org/glassfish/hk2/hk2-locator/2.6.1/hk2-locator-2.6.1.jar:/home/runner/.m2/repository/org/glassfish/jersey/media/jersey-media-jaxb/2.43/jersey-media-jaxb-2.43.jar:/home/runner/.m2/repository/org/glassfish/hk2/osgi-resource-locator/1.0.3/osgi-resource-locator-1.0.3.jar:/home/runner/.m2/repository/org/glassfish/hk2/hk2-api/2.6.1/hk2-api-2.6.1.jar:/home/runner/.m2/repository/org/glassfish/hk2/hk2-utils/2.6.1/hk2-utils-2.6.1.jar:/home/runner/.m2/repository/org/glassfish/hk2/external/aopalliance-repackaged/2.6.1/aopalliance-repackaged-2.6.1.jar:/home/runner/.m2/repository/com/fasterxml/jackson/dataformat/jackson-dataformat-xml/2.16.2/jackson-dataformat-xml-2.16.2.jar:/home/runner/.m2/repository/org/codehaus/woodstox/stax2-api/4.2.2/stax2-api-4.2.2.jar:/home/runner/.m2/repository/com/fasterxml/woodstox/woodstox-core/5.4.0/woodstox-core-5.4.0.jar:/home/runner/.m2/repository/com/fasterxml/jackson/module/jackson-module-jaxb-annotations/2.16.2/jackson-module-jaxb-annotations-2.16.2.jar:/home/runner/.m2/repository/javax/enterprise/cdi-api/2.0/cdi-api-2.0.jar:/home/runner/.m2/repository/javax/el/javax.el-api/3.0.0/javax.el-api-3.0.0.jar:/home/runner/.m2/repository/javax/interceptor/javax.interceptor-api/1.2/javax.interceptor-api-1.2.jar:/home/runner/.m2/repository/javax/inject/javax.inject/1/javax.inject-1.jar:/home/runner/.m2/repository/jakarta/xml/bind/jakarta.xml.bind-api/2.3.3/jakarta.xml.bind-api-2.3.3.jar:/home/runner/.m2/repository/org/glassfish/jaxb/jaxb-runtime/2.3.9/jaxb-runtime-2.3.9.jar:/home/runner/.m2/repository/org/glassfish/jaxb/txw2/2.3.9/txw2-2.3.9.jar:/home/runner/.m2/repository/com/sun/istack/istack-commons-runtime/3.0.12/istack-commons-runtime-3.0.12.jar:/home/runner/.m2/repository/com/sun/activation/jakarta.activation/1.2.2/jakarta.activation-1.2.2.jar:/home/runner/.m2/repository/jakarta/activation/jakarta.activation-api/1.2.2/jakarta.activation-api-1.2.2.jar:/home/runner/.m2/repository/io/grpc/grpc-protobuf/1.58.0/grpc-protobuf-1.58.0.jar:/home/runner/.m2/repository/com/google/api/grpc/proto-google-common-protos/2.22.0/proto-google-common-protos-2.22.0.jar:/home/runner/.m2/repository/io/grpc/grpc-protobuf-lite/1.58.0/grpc-protobuf-lite-1.58.0.jar:/home/runner/.m2/repository/io/grpc/grpc-stub/1.58.0/grpc-stub-1.58.0.jar:/home/runner/.m2/repository/io/netty/netty-transport/4.1.109.Final/netty-transport-4.1.109.Final.jar:/home/runner/.m2/repository/io/netty/netty-resolver/4.1.109.Final/netty-resolver-4.1.109.Final.jar:/home/runner/work/ozone/ozone/hadoop-ozone/csi/target/classes:/home/runner/.m2/repository/com/google/protobuf/protobuf-java-util/3.19.6/protobuf-java-util-3.19.6.jar:/home/runner/.m2/repository/com/google/code/gson/gson/2.10.1/gson-2.10.1.jar:/home/runner/work/ozone/ozone/hadoop-hdds/config/target/classes:/home/runner/.m2/repository/io/netty/netty-transport-native-epoll/4.1.109.Final/netty-transport-native-epoll-4.1.109.Final-linux-x86_64.jar:/home/runner/.m2/repository/io/netty/netty-transport-classes-epoll/4.1.109.Final/netty-transport-classes-epoll-4.1.109.Final.jar:/home/runner/.m2/repository/io/netty/netty-transport-native-unix-common/4.1.109.Final/netty-transport-native-unix-common-4.1.109.Final.jar:/home/runner/work/ozone/ozone/hadoop-ozone/recon/target/classes:/home/runner/work/ozone/ozone/hadoop-ozone/recon-codegen/target/classes:/home/runner/.m2/repository/com/google/inject/guice/6.0.0/guice-6.0.0.jar:/home/runner/.m2/repository/jakarta/inject/jakarta.inject-api/2.0.1/jakarta.inject-api-2.0.1.jar:/home/runner/.m2/repository/aopalliance/aopalliance/1.0/aopalliance-1.0.jar:/home/runner/.m2/repository/com/google/inject/extensions/guice-assistedinject/6.0.0/guice-assistedinject-6.0.0.jar:/home/runner/.m2/repository/com/google/inject/extensions/guice-servlet/6.0.0/guice-servlet-6.0.0.jar:/home/runner/.m2/repository/org/glassfish/jersey/containers/jersey-container-servlet/2.43/jersey-container-servlet-2.43.jar:/home/runner/.m2/repository/org/glassfish/hk2/guice-bridge/2.6.1/guice-bridge-2.6.1.jar:/home/runner/.m2/repository/org/glassfish/jersey/core/jersey-server/2.43/jersey-server-2.43.jar:/home/runner/.m2/repository/org/glassfish/jersey/core/jersey-client/2.43/jersey-client-2.43.jar:/home/runner/.m2/repository/jakarta/validation/jakarta.validation-api/2.0.2/jakarta.validation-api-2.0.2.jar:/home/runner/.m2/repository/org/glassfish/jersey/media/jersey-media-json-jackson/2.43/jersey-media-json-jackson-2.43.jar:/home/runner/.m2/repository/org/glassfish/jersey/ext/jersey-entity-filtering/2.43/jersey-entity-filtering-2.43.jar:/home/runner/.m2/repository/org/jooq/jooq/3.11.10/jooq-3.11.10.jar:/home/runner/.m2/repository/org/jooq/jooq-meta/3.11.10/jooq-meta-3.11.10.jar:/home/runner/.m2/repository/org/jooq/jooq-codegen/3.11.10/jooq-codegen-3.11.10.jar:/home/runner/.m2/repository/com/jolbox/bonecp/0.8.0.RELEASE/bonecp-0.8.0.RELEASE.jar:/home/runner/.m2/repository/org/apache/derby/derby/10.14.2.0/derby-10.14.2.0.jar:/home/runner/.m2/repository/org/xerial/sqlite-jdbc/3.44.1.0/sqlite-jdbc-3.44.1.0.jar:/home/runner/.m2/repository/org/springframework/spring-jdbc/5.3.34/spring-jdbc-5.3.34.jar:/home/runner/.m2/repository/org/springframework/spring-beans/5.3.34/spring-beans-5.3.34.jar:/home/runner/.m2/repository/org/springframework/spring-core/5.3.34/spring-core-5.3.34.jar:/home/runner/.m2/repository/org/springframework/spring-tx/5.3.34/spring-tx-5.3.34.jar:/home/runner/work/ozone/ozone/hadoop-ozone/client/target/classes:/home/runner/work/ozone/ozone/hadoop-hdds/erasurecode/target/classes:/home/runner/work/ozone/ozone/hadoop-ozone/ozonefs/target/classes:/home/runner/work/ozone/ozone/hadoop-ozone/ozonefs-common/target/classes:/home/runner/work/ozone/ozone/hadoop-ozone/tools/target/classes:/home/runner/.m2/repository/com/amazonaws/aws-java-sdk-core/1.12.661/aws-java-sdk-core-1.12.661.jar:/home/runner/.m2/repository/org/apache/httpcomponents/httpclient/4.5.14/httpclient-4.5.14.jar:/home/runner/.m2/repository/org/apache/httpcomponents/httpcore/4.4.16/httpcore-4.4.16.jar:/home/runner/.m2/repository/com/fasterxml/jackson/dataformat/jackson-dataformat-cbor/2.16.2/jackson-dataformat-cbor-2.16.2.jar:/home/runner/.m2/repository/joda-time/joda-time/2.12.7/joda-time-2.12.7.jar:/home/runner/.m2/repository/com/amazonaws/aws-java-sdk-s3/1.12.661/aws-java-sdk-s3-1.12.661.jar:/home/runner/.m2/repository/com/amazonaws/aws-java-sdk-kms/1.12.661/aws-java-sdk-kms-1.12.661.jar:/home/runner/.m2/repository/com/amazonaws/jmespath-java/1.12.661/jmespath-java-1.12.661.jar:/home/runner/.m2/repository/org/kohsuke/metainf-services/metainf-services/1.11/metainf-services-1.11.jar:/home/runner/work/ozone/ozone/hadoop-hdds/tools/target/classes:/home/runner/.m2/repository/org/apache/ratis/ratis-tools/3.0.1/ratis-tools-3.0.1.jar:/home/runner/.m2/repository/commons-cli/commons-cli/1.8.0/commons-cli-1.8.0.jar:/home/runner/.m2/repository/org/apache/commons/commons-lang3/3.14.0/commons-lang3-3.14.0.jar:/home/runner/work/ozone/ozone/hadoop-ozone/ozone-manager/target/test-classes:/home/runner/work/ozone/ozone/hadoop-hdds/common/target/test-classes:/home/runner/work/ozone/ozone/hadoop-hdds/hadoop-dependency-client/target/classes:/home/runner/.m2/repository/info/picocli/picocli/4.7.6/picocli-4.7.6.jar:/home/runner/.m2/repository/com/fasterxml/jackson/core/jackson-annotations/2.16.2/jackson-annotations-2.16.2.jar:/home/runner/work/ozone/ozone/hadoop-hdds/annotations/target/classes:/home/runner/.m2/repository/javax/annotation/javax.annotation-api/1.3.2/javax.annotation-api-1.3.2.jar:/home/runner/.m2/repository/org/apache/ratis/ratis-server-api/3.0.1/ratis-server-api-3.0.1.jar:/home/runner/.m2/repository/org/apache/ratis/ratis-netty/3.0.1/ratis-netty-3.0.1.jar:/home/runner/.m2/repository/org/apache/ratis/ratis-grpc/3.0.1/ratis-grpc-3.0.1.jar:/home/runner/.m2/repository/org/bouncycastle/bcpkix-jdk18on/1.78.1/bcpkix-jdk18on-1.78.1.jar:/home/runner/.m2/repository/org/bouncycastle/bcutil-jdk18on/1.78.1/bcutil-jdk18on-1.78.1.jar:/home/runner/.m2/repository/commons-validator/commons-validator/1.6/commons-validator-1.6.jar:/home/runner/.m2/repository/commons-beanutils/commons-beanutils/1.9.4/commons-beanutils-1.9.4.jar:/home/runner/.m2/repository/commons-digester/commons-digester/1.8.1/commons-digester-1.8.1.jar:/home/runner/.m2/repository/commons-collections/commons-collections/3.2.2/commons-collections-3.2.2.jar:/home/runner/.m2/repository/io/jaegertracing/jaeger-client/1.8.1/jaeger-client-1.8.1.jar:/home/runner/.m2/repository/io/jaegertracing/jaeger-thrift/1.8.1/jaeger-thrift-1.8.1.jar:/home/runner/.m2/repository/org/apache/thrift/libthrift/0.15.0/libthrift-0.15.0.jar:/home/runner/.m2/repository/io/jaegertracing/jaeger-core/1.8.1/jaeger-core-1.8.1.jar:/home/runner/.m2/repository/io/jaegertracing/jaeger-tracerresolver/1.8.1/jaeger-tracerresolver-1.8.1.jar:/home/runner/.m2/repository/io/opentracing/contrib/opentracing-tracerresolver/0.1.8/opentracing-tracerresolver-0.1.8.jar:/home/runner/.m2/repository/org/jetbrains/kotlin/kotlin-stdlib/1.9.24/kotlin-stdlib-1.9.24.jar:/home/runner/.m2/repository/org/jetbrains/annotations/13.0/annotations-13.0.jar:/home/runner/.m2/repository/io/opentracing/opentracing-util/0.33.0/opentracing-util-0.33.0.jar:/home/runner/.m2/repository/io/opentracing/opentracing-api/0.33.0/opentracing-api-0.33.0.jar:/home/runner/.m2/repository/io/opentracing/opentracing-noop/0.33.0/opentracing-noop-0.33.0.jar:/home/runner/.m2/repository/org/yaml/snakeyaml/2.0/snakeyaml-2.0.jar:/home/runner/.m2/repository/io/grpc/grpc-api/1.58.0/grpc-api-1.58.0.jar:/home/runner/.m2/repository/org/junit/platform/junit-platform-launcher/1.10.2/junit-platform-launcher-1.10.2.jar:/home/runner/.m2/repository/org/junit/platform/junit-platform-engine/1.10.2/junit-platform-engine-1.10.2.jar:/home/runner/.m2/repository/org/apiguardian/apiguardian-api/1.1.2/apiguardian-api-1.1.2.jar:/home/runner/.m2/repository/org/apache/hadoop/hadoop-kms/3.3.6/hadoop-kms-3.3.6.jar:/home/runner/.m2/repository/org/apache/hadoop/hadoop-auth/3.3.6/hadoop-auth-3.3.6.jar:/home/runner/.m2/repository/org/apache/zookeeper/zookeeper/3.8.4/zookeeper-3.8.4.jar:/home/runner/.m2/repository/org/apache/zookeeper/zookeeper-jute/3.8.4/zookeeper-jute-3.8.4.jar:/home/runner/.m2/repository/org/apache/yetus/audience-annotations/0.12.0/audience-annotations-0.12.0.jar:/home/runner/.m2/repository/org/apache/curator/curator-framework/4.2.0/curator-framework-4.2.0.jar:/home/runner/.m2/repository/org/apache/hadoop/thirdparty/hadoop-shaded-guava/1.2.0/hadoop-shaded-guava-1.2.0.jar:/home/runner/.m2/repository/com/sun/jersey/jersey-core/1.19.4/jersey-core-1.19.4.jar:/home/runner/.m2/repository/javax/ws/rs/jsr311-api/1.1.1/jsr311-api-1.1.1.jar:/home/runner/.m2/repository/com/sun/jersey/jersey-server/1.19.4/jersey-server-1.19.4.jar:/home/runner/.m2/repository/javax/servlet/javax.servlet-api/3.1.0/javax.servlet-api-3.1.0.jar:/home/runner/.m2/repository/org/apache/hadoop/hadoop-common/3.3.6/hadoop-common-3.3.6.jar:/home/runner/.m2/repository/org/apache/commons/commons-math3/3.6.1/commons-math3-3.6.1.jar:/home/runner/.m2/repository/commons-net/commons-net/3.10.0/commons-net-3.10.0.jar:/home/runner/.m2/repository/com/sun/jersey/jersey-servlet/1.19.4/jersey-servlet-1.19.4.jar:/home/runner/.m2/repository/com/github/pjfanning/jersey-json/1.20/jersey-json-1.20.jar:/home/runner/.m2/repository/org/codehaus/jettison/jettison/1.1/jettison-1.1.jar:/home/runner/.m2/repository/com/sun/xml/bind/jaxb-impl/2.2.3-1/jaxb-impl-2.2.3-1.jar:/home/runner/.m2/repository/com/google/re2j/re2j/1.7/re2j-1.7.jar:/home/runner/.m2/repository/com/jcraft/jsch/0.1.55/jsch-0.1.55.jar:/home/runner/.m2/repository/org/apache/curator/curator-client/4.2.0/curator-client-4.2.0.jar:/home/runner/.m2/repository/org/apache/curator/curator-recipes/5.2.0/curator-recipes-5.2.0.jar:/home/runner/.m2/repository/com/google/code/findbugs/jsr305/3.0.2/jsr305-3.0.2.jar:/home/runner/.m2/repository/dnsjava/dnsjava/2.1.9/dnsjava-2.1.9.jar:/home/runner/.m2/repository/com/fasterxml/jackson/core/jackson-databind/2.16.2/jackson-databind-2.16.2.jar:/home/runner/.m2/repository/org/apache/hadoop/hadoop-kms/3.3.6/hadoop-kms-3.3.6-tests.jar:/home/runner/work/ozone/ozone/hadoop-hdds/server-scm/target/test-classes:/home/runner/work/ozone/ozone/hadoop-hdds/container-service/target/test-classes:/home/runner/.m2/repository/com/github/luben/zstd-jni/1.5.6-3/zstd-jni-1.5.6-3.jar:/home/runner/.m2/repository/commons-codec/commons-codec/1.17.0/commons-codec-1.17.0.jar:/home/runner/.m2/repository/io/netty/netty-codec/4.1.109.Final/netty-codec-4.1.109.Final.jar:/home/runner/.m2/repository/io/netty/netty-handler/4.1.109.Final/netty-handler-4.1.109.Final.jar:/home/runner/work/ozone/ozone/hadoop-hdds/hadoop-dependency-test/target/classes:/home/runner/.m2/repository/org/apache/hadoop/hadoop-common/3.3.6/hadoop-common-3.3.6-tests.jar:/home/runner/.m2/repository/org/apache/hadoop/hadoop-hdfs/3.3.6/hadoop-hdfs-3.3.6-tests.jar:/home/runner/.m2/repository/org/junit/jupiter/junit-jupiter-engine/5.10.2/junit-jupiter-engine-5.10.2.jar:/home/runner/.m2/repository/org/junit/jupiter/junit-jupiter-params/5.10.2/junit-jupiter-params-5.10.2.jar:/home/runner/.m2/repository/org/mockito/mockito-core/4.11.0/mockito-core-4.11.0.jar:/home/runner/.m2/repository/net/bytebuddy/byte-buddy-agent/1.12.19/byte-buddy-agent-1.12.19.jar:/home/runner/.m2/repository/org/objenesis/objenesis/3.3/objenesis-3.3.jar:/home/runner/.m2/repository/org/mockito/mockito-inline/4.11.0/mockito-inline-4.11.0.jar:/home/runner/.m2/repository/org/mockito/mockito-junit-jupiter/4.11.0/mockito-junit-jupiter-4.11.0.jar:/home/runner/.m2/repository/org/apache/hadoop/hadoop-distcp/3.3.6/hadoop-distcp-3.3.6.jar:/home/runner/.m2/repository/org/apache/hadoop/hadoop-mapreduce-client-jobclient/3.3.6/hadoop-mapreduce-client-jobclient-3.3.6.jar:/home/runner/.m2/repository/org/apache/hadoop/hadoop-mapreduce-client-common/3.3.6/hadoop-mapreduce-client-common-3.3.6.jar:/home/runner/.m2/repository/org/apache/hadoop/hadoop-yarn-common/3.3.6/hadoop-yarn-common-3.3.6.jar:/home/runner/.m2/repository/org/apache/hadoop/hadoop-yarn-api/3.3.6/hadoop-yarn-api-3.3.6.jar:/home/runner/.m2/repository/javax/xml/bind/jaxb-api/2.2.11/jaxb-api-2.2.11.jar:/home/runner/.m2/repository/com/sun/jersey/contribs/jersey-guice/1.19.4/jersey-guice-1.19.4.jar:/home/runner/.m2/repository/com/fasterxml/jackson/jaxrs/jackson-jaxrs-json-provider/2.16.2/jackson-jaxrs-json-provider-2.16.2.jar:/home/runner/.m2/repository/com/fasterxml/jackson/jaxrs/jackson-jaxrs-base/2.16.2/jackson-jaxrs-base-2.16.2.jar:/home/runner/.m2/repository/org/apache/hadoop/hadoop-yarn-client/3.3.6/hadoop-yarn-client-3.3.6.jar:/home/runner/.m2/repository/org/eclipse/jetty/websocket/websocket-client/9.4.51.v20230217/websocket-client-9.4.51.v20230217.jar:/home/runner/.m2/repository/org/eclipse/jetty/websocket/websocket-common/9.4.51.v20230217/websocket-common-9.4.51.v20230217.jar:/home/runner/.m2/repository/org/eclipse/jetty/websocket/websocket-api/9.4.51.v20230217/websocket-api-9.4.51.v20230217.jar:/home/runner/.m2/repository/org/jline/jline/3.9.0/jline-3.9.0.jar:/home/runner/.m2/repository/org/apache/hadoop/hadoop-mapreduce-client-core/3.3.6/hadoop-mapreduce-client-core-3.3.6.jar:/home/runner/.m2/repository/org/apache/avro/avro/1.7.7/avro-1.7.7.jar:/home/runner/.m2/repository/com/thoughtworks/paranamer/paranamer/2.3/paranamer-2.3.jar:/home/runner/.m2/repository/org/apache/hadoop/hadoop-annotations/3.3.6/hadoop-annotations-3.3.6.jar:/home/runner/.m2/repository/io/netty/netty/3.10.6.Final/netty-3.10.6.Final.jar:/home/runner/.m2/repository/org/apache/hadoop/hadoop-distcp/3.3.6/hadoop-distcp-3.3.6-tests.jar:/home/runner/.m2/repository/org/hamcrest/hamcrest/2.2/hamcrest-2.2.jar:/home/runner/.m2/repository/org/slf4j/jul-to-slf4j/2.0.13/jul-to-slf4j-2.0.13.jar:/home/runner/work/ozone/ozone/hadoop-ozone/integration-test/target/gradle-enterprise/test-listeners.jar:"/>
    <property name="sun.cpu.endian" value="little"/>
    <property name="user.home" value="/home/runner"/>
    <property name="user.language" value="en"/>
    <property name="java.specification.vendor" value="Oracle Corporation"/>
    <property name="java.version.date" value="2024-04-16"/>
    <property name="java.home" value="/usr/lib/jvm/temurin-17-jdk-amd64"/>
    <property name="java.security.krb5.conf" value="/home/runner/work/ozone/ozone/hadoop-ozone/integration-test/target/test-classes/krb5.conf"/>
    <property name="file.separator" value="/"/>
    <property name="basedir" value="/home/runner/work/ozone/ozone/hadoop-ozone/integration-test"/>
    <property name="java.vm.compressedOopsMode" value="Zero based"/>
    <property name="line.separator" value="&#10;"/>
    <property name="java.vm.specification.vendor" value="Oracle Corporation"/>
    <property name="java.specification.name" value="Java Platform API Specification"/>
    <property name="skip.installnpx" value="true"/>
    <property name="surefire.real.class.path" value="/home/runner/work/ozone/ozone/hadoop-ozone/integration-test/target/surefire/surefirebooter7391821426424145647.jar"/>
    <property name="hadoop.log.dir" value="/home/runner/work/ozone/ozone/hadoop-ozone/integration-test/target/log"/>
    <property name="sun.management.compiler" value="HotSpot 64-Bit Tiered Compilers"/>
    <property name="java.runtime.version" value="17.0.11+9"/>
    <property name="skip.npx" value="true"/>
    <property name="user.name" value="runner"/>
    <property name="java.net.preferIPv4Stack" value="true"/>
    <property name="path.separator" value=":"/>
    <property name="java.security.egd" value="file:///dev/urandom"/>
    <property name="os.version" value="5.15.0-1064-azure"/>
    <property name="java.runtime.name" value="OpenJDK Runtime Environment"/>
    <property name="com.gradle.maven.scan.extension.test.listener.junitplatform.NestedExecutionSafeDelegatingTestExecutionListener" value="2accdbb5"/>
    <property name="file.encoding" value="UTF-8"/>
    <property name="java.vm.name" value="OpenJDK 64-Bit Server VM"/>
    <property name="java.vendor.version" value="Temurin-17.0.11+9"/>
    <property name="test.build.webapps" value=""/>
    <property name="develocity.listener.surefire.forkId" value="1"/>
    <property name="localRepository" value="/home/runner/.m2/repository"/>
    <property name="java.vendor.url.bug" value="https://github.com/adoptium/adoptium-support/issues"/>
    <property name="jetty.git.hash" value="cef3fbd6d736a21e7d541a5db490381d95a2047d"/>
    <property name="java.io.tmpdir" value="/tmp"/>
    <property name="require.test.libhadoop" value=""/>
    <property name="java.version" value="17.0.11"/>
    <property name="user.dir" value="/home/runner/work/ozone/ozone/hadoop-ozone/integration-test"/>
    <property name="os.arch" value="amd64"/>
    <property name="java.vm.specification.name" value="Java Virtual Machine Specification"/>
    <property name="test.build.classes" value="/home/runner/work/ozone/ozone/hadoop-ozone/integration-test/target/test-classes"/>
    <property name="org.apache.ratis.thirdparty.io.netty.allocator.useCacheForAllThreads" value="false"/>
    <property name="native.encoding" value="UTF-8"/>
    <property name="hadoop.tmp.dir" value="/home/runner/work/ozone/ozone/hadoop-ozone/integration-test/target/tmp"/>
    <property name="java.library.path" value="/usr/java/packages/lib:/usr/lib64:/lib64:/lib:/usr/lib"/>
    <property name="java.vm.info" value="mixed mode, sharing"/>
    <property name="java.vendor" value="Eclipse Adoptium"/>
    <property name="java.vm.version" value="17.0.11+9"/>
    <property name="sun.io.unicode.encoding" value="UnicodeLittle"/>
    <property name="develocity.listener.port" value="44557"/>
    <property name="java.class.version" value="61.0"/>
  </properties>
  <testcase name="testEndpoint(String)[1]" classname="org.apache.hadoop.ozone.om.TestOMDbCheckpointServlet" time="20.172"/>
  <testcase name="testEndpoint(String)[2]" classname="org.apache.hadoop.ozone.om.TestOMDbCheckpointServlet" time="12.979"/>
  <testcase name="testWriteDbDataToStream" classname="org.apache.hadoop.ozone.om.TestOMDbCheckpointServlet" time="25.577"/>
  <testcase name="testWriteDbDataWithoutOmSnapshot" classname="org.apache.hadoop.ozone.om.TestOMDbCheckpointServlet" time="27.344"/>
  <testcase name="testEndpointNotRatis(String)[1]" classname="org.apache.hadoop.ozone.om.TestOMDbCheckpointServlet" time="11.836"/>
  <testcase name="testEndpointNotRatis(String)[2]" classname="org.apache.hadoop.ozone.om.TestOMDbCheckpointServlet" time="11.807"/>
  <testcase name="testBootstrapLocking" classname="org.apache.hadoop.ozone.om.TestOMDbCheckpointServlet" time="20.941"/>
  <testcase name="testSpnegoEnabled(String)[1]" classname="org.apache.hadoop.ozone.om.TestOMDbCheckpointServlet" time="12.913"/>
  <testcase name="testSpnegoEnabled(String)[2]" classname="org.apache.hadoop.ozone.om.TestOMDbCheckpointServlet" time="12.824"/>
  <testcase name="testDoPostWithInvalidContentType" classname="org.apache.hadoop.ozone.om.TestOMDbCheckpointServlet" time="11.906"/>
  <testcase name="testWriteDbDataWithToExcludeFileList" classname="org.apache.hadoop.ozone.om.TestOMDbCheckpointServlet" time="23.916">
    <error type="java.util.concurrent.TimeoutException"><![CDATA[java.util.concurrent.TimeoutException: 
Timed out waiting for condition. Thread diagnostics:
Timestamp: 2024-06-20 08:53:17,667

"IPC Server handler 24 on default port 15171" daemon prio=5 tid=5776 timed_waiting
java.lang.Thread.State: TIMED_WAITING
        at java.base@17.0.11/jdk.internal.misc.Unsafe.park(Native Method)
        at java.base@17.0.11/java.util.concurrent.locks.LockSupport.parkNanos(LockSupport.java:252)
        at java.base@17.0.11/java.util.concurrent.locks.AbstractQueuedSynchronizer$ConditionObject.awaitNanos(AbstractQueuedSynchronizer.java:1674)
        at java.base@17.0.11/java.util.concurrent.LinkedBlockingQueue.poll(LinkedBlockingQueue.java:460)
        at app//org.apache.hadoop.ipc.CallQueueManager.take(CallQueueManager.java:317)
        at app//org.apache.hadoop.ipc.Server$Handler.run(Server.java:3014)
"FullTableCache-Cleanup-0" daemon prio=5 tid=2267 in Object.wait()
java.lang.Thread.State: WAITING (on object monitor)
        at java.base@17.0.11/jdk.internal.misc.Unsafe.park(Native Method)
        at java.base@17.0.11/java.util.concurrent.locks.LockSupport.park(LockSupport.java:341)
        at java.base@17.0.11/java.util.concurrent.locks.AbstractQueuedSynchronizer$ConditionNode.block(AbstractQueuedSynchronizer.java:506)
        at java.base@17.0.11/java.util.concurrent.ForkJoinPool.unmanagedBlock(ForkJoinPool.java:3465)
        at java.base@17.0.11/java.util.concurrent.ForkJoinPool.managedBlock(ForkJoinPool.java:3436)
        at java.base@17.0.11/java.util.concurrent.locks.AbstractQueuedSynchronizer$ConditionObject.await(AbstractQueuedSynchronizer.java:1625)
        at java.base@17.0.11/java.util.concurrent.LinkedBlockingQueue.take(LinkedBlockingQueue.java:435)
        at java.base@17.0.11/java.util.concurrent.ThreadPoolExecutor.getTask(ThreadPoolExecutor.java:1062)
        at java.base@17.0.11/java.util.concurrent.ThreadPoolExecutor.runWorker(ThreadPoolExecutor.java:1122)
        at java.base@17.0.11/java.util.concurrent.ThreadPoolExecutor$Worker.run(ThreadPoolExecutor.java:635)
        at java.base@17.0.11/java.lang.Thread.run(Thread.java:840)
"IPC Server handler 67 on default port 15172" daemon prio=5 tid=5919 timed_waiting
java.lang.Thread.State: TIMED_WAITING
        at java.base@17.0.11/jdk.internal.misc.Unsafe.park(Native Method)
        at java.base@17.0.11/java.util.concurrent.locks.LockSupport.parkNanos(LockSupport.java:252)
        at java.base@17.0.11/java.util.concurrent.locks.AbstractQueuedSynchronizer$ConditionObject.awaitNanos(AbstractQueuedSynchronizer.java:1674)
        at java.base@17.0.11/java.util.concurrent.LinkedBlockingQueue.poll(LinkedBlockingQueue.java:460)
        at app//org.apache.hadoop.ipc.CallQueueManager.take(CallQueueManager.java:317)
        at app//org.apache.hadoop.ipc.Server$Handler.run(Server.java:3014)
"om1-client-thread1" daemon prio=5 tid=6091 timed_waiting
java.lang.Thread.State: TIMED_WAITING
        at java.base@17.0.11/jdk.internal.misc.Unsafe.park(Native Method)
        at java.base@17.0.11/java.util.concurrent.locks.LockSupport.parkNanos(LockSupport.java:252)
        at java.base@17.0.11/java.util.concurrent.SynchronousQueue$TransferStack.transfer(SynchronousQueue.java:401)
        at java.base@17.0.11/java.util.concurrent.SynchronousQueue.poll(SynchronousQueue.java:903)
        at java.base@17.0.11/java.util.concurrent.ThreadPoolExecutor.getTask(ThreadPoolExecutor.java:1061)
        at java.base@17.0.11/java.util.concurrent.ThreadPoolExecutor.runWorker(ThreadPoolExecutor.java:1122)
        at java.base@17.0.11/java.util.concurrent.ThreadPoolExecutor$Worker.run(ThreadPoolExecutor.java:635)
        at java.base@17.0.11/java.lang.Thread.run(Thread.java:840)
"om1@group-C5BA1605619E-LeaderStateImpl" daemon prio=5 tid=6053 timed_waiting
java.lang.Thread.State: TIMED_WAITING
        at java.base@17.0.11/jdk.internal.misc.Unsafe.park(Native Method)
        at java.base@17.0.11/java.util.concurrent.locks.LockSupport.parkNanos(LockSupport.java:252)
        at java.base@17.0.11/java.util.concurrent.locks.AbstractQueuedSynchronizer$ConditionObject.awaitNanos(AbstractQueuedSynchronizer.java:1674)
        at java.base@17.0.11/java.util.concurrent.ArrayBlockingQueue.poll(ArrayBlockingQueue.java:435)
        at app//org.apache.ratis.server.impl.LeaderStateImpl$EventQueue.poll(LeaderStateImpl.java:164)
        at app//org.apache.ratis.server.impl.LeaderStateImpl$EventProcessor.run(LeaderStateImpl.java:762)
"UnderReplicatedProcessor" daemon prio=5 tid=5622 timed_waiting
java.lang.Thread.State: TIMED_WAITING
        at java.base@17.0.11/java.lang.Object.wait(Native Method)
        at app//org.apache.hadoop.hdds.scm.container.replication.UnhealthyReplicationProcessor.run(UnhealthyReplicationProcessor.java:174)
        at java.base@17.0.11/java.lang.Thread.run(Thread.java:840)
"IPC Server handler 82 on default port 15171" daemon prio=5 tid=5834 timed_waiting
java.lang.Thread.State: TIMED_WAITING
        at java.base@17.0.11/jdk.internal.misc.Unsafe.park(Native Method)
        at java.base@17.0.11/java.util.concurrent.locks.LockSupport.parkNanos(LockSupport.java:252)
        at java.base@17.0.11/java.util.concurrent.locks.AbstractQueuedSynchronizer$ConditionObject.awaitNanos(AbstractQueuedSynchronizer.java:1674)
        at java.base@17.0.11/java.util.concurrent.LinkedBlockingQueue.poll(LinkedBlockingQueue.java:460)
        at app//org.apache.hadoop.ipc.CallQueueManager.take(CallQueueManager.java:317)
        at app//org.apache.hadoop.ipc.Server$Handler.run(Server.java:3014)
"IPC Server handler 5 on default port 15174" daemon prio=5 tid=6010 timed_waiting
java.lang.Thread.State: TIMED_WAITING
        at java.base@17.0.11/jdk.internal.misc.Unsafe.park(Native Method)
        at java.base@17.0.11/java.util.concurrent.locks.LockSupport.parkNanos(LockSupport.java:252)
        at java.base@17.0.11/java.util.concurrent.locks.AbstractQueuedSynchronizer$ConditionObject.awaitNanos(AbstractQueuedSynchronizer.java:1674)
        at java.base@17.0.11/java.util.concurrent.LinkedBlockingQueue.poll(LinkedBlockingQueue.java:460)
        at app//org.apache.hadoop.ipc.CallQueueManager.take(CallQueueManager.java:317)
        at app//org.apache.hadoop.ipc.Server$Handler.run(Server.java:3014)
"timer7" daemon prio=5 tid=1601 timed_waiting
java.lang.Thread.State: TIMED_WAITING
        at java.base@17.0.11/java.lang.Object.wait(Native Method)
        at java.base@17.0.11/java.util.TimerThread.mainLoop(Timer.java:563)
        at java.base@17.0.11/java.util.TimerThread.run(Timer.java:516)
"IPC Server handler 90 on default port 15170" daemon prio=5 tid=5742 timed_waiting
java.lang.Thread.State: TIMED_WAITING
        at java.base@17.0.11/jdk.internal.misc.Unsafe.park(Native Method)
        at java.base@17.0.11/java.util.concurrent.locks.LockSupport.parkNanos(LockSupport.java:252)
        at java.base@17.0.11/java.util.concurrent.locks.AbstractQueuedSynchronizer$ConditionObject.awaitNanos(AbstractQueuedSynchronizer.java:1674)
        at java.base@17.0.11/java.util.concurrent.LinkedBlockingQueue.poll(LinkedBlockingQueue.java:460)
        at app//org.apache.hadoop.ipc.CallQueueManager.take(CallQueueManager.java:317)
        at app//org.apache.hadoop.ipc.Server$Handler.run(Server.java:3014)
"IPC Server handler 72 on default port 15171" daemon prio=5 tid=5824 timed_waiting
java.lang.Thread.State: TIMED_WAITING
        at java.base@17.0.11/jdk.internal.misc.Unsafe.park(Native Method)
        at java.base@17.0.11/java.util.concurrent.locks.LockSupport.parkNanos(LockSupport.java:252)
        at java.base@17.0.11/java.util.concurrent.locks.AbstractQueuedSynchronizer$ConditionObject.awaitNanos(AbstractQueuedSynchronizer.java:1674)
        at java.base@17.0.11/java.util.concurrent.LinkedBlockingQueue.poll(LinkedBlockingQueue.java:460)
        at app//org.apache.hadoop.ipc.CallQueueManager.take(CallQueueManager.java:317)
        at app//org.apache.hadoop.ipc.Server$Handler.run(Server.java:3014)
"IPC Server handler 74 on default port 15170" daemon prio=5 tid=5726 timed_waiting
java.lang.Thread.State: TIMED_WAITING
        at java.base@17.0.11/jdk.internal.misc.Unsafe.park(Native Method)
        at java.base@17.0.11/java.util.concurrent.locks.LockSupport.parkNanos(LockSupport.java:252)
        at java.base@17.0.11/java.util.concurrent.locks.AbstractQueuedSynchronizer$ConditionObject.awaitNanos(AbstractQueuedSynchronizer.java:1674)
        at java.base@17.0.11/java.util.concurrent.LinkedBlockingQueue.poll(LinkedBlockingQueue.java:460)
        at app//org.apache.hadoop.ipc.CallQueueManager.take(CallQueueManager.java:317)
        at app//org.apache.hadoop.ipc.Server$Handler.run(Server.java:3014)
"IPC Server handler 33 on default port 15172" daemon prio=5 tid=5885 timed_waiting
java.lang.Thread.State: TIMED_WAITING
        at java.base@17.0.11/jdk.internal.misc.Unsafe.park(Native Method)
        at java.base@17.0.11/java.util.concurrent.locks.LockSupport.parkNanos(LockSupport.java:252)
        at java.base@17.0.11/java.util.concurrent.locks.AbstractQueuedSynchronizer$ConditionObject.awaitNanos(AbstractQueuedSynchronizer.java:1674)
        at java.base@17.0.11/java.util.concurrent.LinkedBlockingQueue.poll(LinkedBlockingQueue.java:460)
        at app//org.apache.hadoop.ipc.CallQueueManager.take(CallQueueManager.java:317)
        at app//org.apache.hadoop.ipc.Server$Handler.run(Server.java:3014)
"Signal Dispatcher" daemon prio=9 tid=4 runnable
java.lang.Thread.State: RUNNABLE
"pool-982-thread-1"  prio=5 tid=6029 timed_waiting
java.lang.Thread.State: TIMED_WAITING
        at java.base@17.0.11/jdk.internal.misc.Unsafe.park(Native Method)
        at java.base@17.0.11/java.util.concurrent.locks.LockSupport.parkNanos(LockSupport.java:252)
        at java.base@17.0.11/java.util.concurrent.locks.AbstractQueuedSynchronizer$ConditionObject.awaitNanos(AbstractQueuedSynchronizer.java:1674)
        at java.base@17.0.11/java.util.concurrent.ScheduledThreadPoolExecutor$DelayedWorkQueue.take(ScheduledThreadPoolExecutor.java:1182)
        at java.base@17.0.11/java.util.concurrent.ScheduledThreadPoolExecutor$DelayedWorkQueue.take(ScheduledThreadPoolExecutor.java:899)
        at java.base@17.0.11/java.util.concurrent.ThreadPoolExecutor.getTask(ThreadPoolExecutor.java:1062)
        at java.base@17.0.11/java.util.concurrent.ThreadPoolExecutor.runWorker(ThreadPoolExecutor.java:1122)
        at java.base@17.0.11/java.util.concurrent.ThreadPoolExecutor$Worker.run(ThreadPoolExecutor.java:635)
        at java.base@17.0.11/java.lang.Thread.run(Thread.java:840)
"IPC Server handler 35 on default port 15170" daemon prio=5 tid=5687 timed_waiting
java.lang.Thread.State: TIMED_WAITING
        at java.base@17.0.11/jdk.internal.misc.Unsafe.park(Native Method)
        at java.base@17.0.11/java.util.concurrent.locks.LockSupport.parkNanos(LockSupport.java:252)
        at java.base@17.0.11/java.util.concurrent.locks.AbstractQueuedSynchronizer$ConditionObject.awaitNanos(AbstractQueuedSynchronizer.java:1674)
        at java.base@17.0.11/java.util.concurrent.LinkedBlockingQueue.poll(LinkedBlockingQueue.java:460)
        at app//org.apache.hadoop.ipc.CallQueueManager.take(CallQueueManager.java:317)
        at app//org.apache.hadoop.ipc.Server$Handler.run(Server.java:3014)
"IPC Server handler 54 on default port 15171" daemon prio=5 tid=5806 timed_waiting
java.lang.Thread.State: TIMED_WAITING
        at java.base@17.0.11/jdk.internal.misc.Unsafe.park(Native Method)
        at java.base@17.0.11/java.util.concurrent.locks.LockSupport.parkNanos(LockSupport.java:252)
        at java.base@17.0.11/java.util.concurrent.locks.AbstractQueuedSynchronizer$ConditionObject.awaitNanos(AbstractQueuedSynchronizer.java:1674)
        at java.base@17.0.11/java.util.concurrent.LinkedBlockingQueue.poll(LinkedBlockingQueue.java:460)
        at app//org.apache.hadoop.ipc.CallQueueManager.take(CallQueueManager.java:317)
        at app//org.apache.hadoop.ipc.Server$Handler.run(Server.java:3014)
"IPC Server idle connection scanner for port 15180" daemon prio=5 tid=6041 timed_waiting
java.lang.Thread.State: TIMED_WAITING
        at java.base@17.0.11/java.lang.Object.wait(Native Method)
        at java.base@17.0.11/java.util.TimerThread.mainLoop(Timer.java:563)
        at java.base@17.0.11/java.util.TimerThread.run(Timer.java:516)
"IPC Server handler 36 on default port 15171" daemon prio=5 tid=5788 timed_waiting
java.lang.Thread.State: TIMED_WAITING
        at java.base@17.0.11/jdk.internal.misc.Unsafe.park(Native Method)
        at java.base@17.0.11/java.util.concurrent.locks.LockSupport.parkNanos(LockSupport.java:252)
        at java.base@17.0.11/java.util.concurrent.locks.AbstractQueuedSynchronizer$ConditionObject.awaitNanos(AbstractQueuedSynchronizer.java:1674)
        at java.base@17.0.11/java.util.concurrent.LinkedBlockingQueue.poll(LinkedBlockingQueue.java:460)
        at app//org.apache.hadoop.ipc.CallQueueManager.take(CallQueueManager.java:317)
        at app//org.apache.hadoop.ipc.Server$Handler.run(Server.java:3014)
"IPC Server handler 6 on default port 15170" daemon prio=5 tid=5658 timed_waiting
java.lang.Thread.State: TIMED_WAITING
        at java.base@17.0.11/jdk.internal.misc.Unsafe.park(Native Method)
        at java.base@17.0.11/java.util.concurrent.locks.LockSupport.parkNanos(LockSupport.java:252)
        at java.base@17.0.11/java.util.concurrent.locks.AbstractQueuedSynchronizer$ConditionObject.awaitNanos(AbstractQueuedSynchronizer.java:1674)
        at java.base@17.0.11/java.util.concurrent.LinkedBlockingQueue.poll(LinkedBlockingQueue.java:460)
        at app//org.apache.hadoop.ipc.CallQueueManager.take(CallQueueManager.java:317)
        at app//org.apache.hadoop.ipc.Server$Handler.run(Server.java:3014)
"IPC Server handler 62 on default port 15172" daemon prio=5 tid=5914 timed_waiting
java.lang.Thread.State: TIMED_WAITING
        at java.base@17.0.11/jdk.internal.misc.Unsafe.park(Native Method)
        at java.base@17.0.11/java.util.concurrent.locks.LockSupport.parkNanos(LockSupport.java:252)
        at java.base@17.0.11/java.util.concurrent.locks.AbstractQueuedSynchronizer$ConditionObject.awaitNanos(AbstractQueuedSynchronizer.java:1674)
        at java.base@17.0.11/java.util.concurrent.LinkedBlockingQueue.poll(LinkedBlockingQueue.java:460)
        at app//org.apache.hadoop.ipc.CallQueueManager.take(CallQueueManager.java:317)
        at app//org.apache.hadoop.ipc.Server$Handler.run(Server.java:3014)
"IPC Server handler 61 on default port 15171" daemon prio=5 tid=5813 timed_waiting
java.lang.Thread.State: TIMED_WAITING
        at java.base@17.0.11/jdk.internal.misc.Unsafe.park(Native Method)
        at java.base@17.0.11/java.util.concurrent.locks.LockSupport.parkNanos(LockSupport.java:252)
        at java.base@17.0.11/java.util.concurrent.locks.AbstractQueuedSynchronizer$ConditionObject.awaitNanos(AbstractQueuedSynchronizer.java:1674)
        at java.base@17.0.11/java.util.concurrent.LinkedBlockingQueue.poll(LinkedBlockingQueue.java:460)
        at app//org.apache.hadoop.ipc.CallQueueManager.take(CallQueueManager.java:317)
        at app//org.apache.hadoop.ipc.Server$Handler.run(Server.java:3014)
"grpc-default-worker-ELG-23-3" daemon prio=5 tid=6098 runnable
java.lang.Thread.State: RUNNABLE
        at app//org.apache.ratis.thirdparty.io.netty.channel.epoll.Native.epollWait(Native Method)
        at app//org.apache.ratis.thirdparty.io.netty.channel.epoll.Native.epollWait(Native.java:209)
        at app//org.apache.ratis.thirdparty.io.netty.channel.epoll.Native.epollWait(Native.java:202)
        at app//org.apache.ratis.thirdparty.io.netty.channel.epoll.EpollEventLoop.epollWaitNoTimerChange(EpollEventLoop.java:316)
        at app//org.apache.ratis.thirdparty.io.netty.channel.epoll.EpollEventLoop.run(EpollEventLoop.java:373)
        at app//org.apache.ratis.thirdparty.io.netty.util.concurrent.SingleThreadEventExecutor$4.run(SingleThreadEventExecutor.java:997)
        at app//org.apache.ratis.thirdparty.io.netty.util.internal.ThreadExecutorMap$2.run(ThreadExecutorMap.java:74)
        at app//org.apache.ratis.thirdparty.io.netty.util.concurrent.FastThreadLocalRunnable.run(FastThreadLocalRunnable.java:30)
        at java.base@17.0.11/java.lang.Thread.run(Thread.java:840)
"IPC Server handler 38 on default port 15170" daemon prio=5 tid=5690 timed_waiting
java.lang.Thread.State: TIMED_WAITING
        at java.base@17.0.11/jdk.internal.misc.Unsafe.park(Native Method)
        at java.base@17.0.11/java.util.concurrent.locks.LockSupport.parkNanos(LockSupport.java:252)
        at java.base@17.0.11/java.util.concurrent.locks.AbstractQueuedSynchronizer$ConditionObject.awaitNanos(AbstractQueuedSynchronizer.java:1674)
        at java.base@17.0.11/java.util.concurrent.LinkedBlockingQueue.poll(LinkedBlockingQueue.java:460)
        at app//org.apache.hadoop.ipc.CallQueueManager.take(CallQueueManager.java:317)
        at app//org.apache.hadoop.ipc.Server$Handler.run(Server.java:3014)
"ExpiredContainerReplicaOpScrubber" daemon prio=5 tid=5620 timed_waiting
java.lang.Thread.State: TIMED_WAITING
        at java.base@17.0.11/java.lang.Object.wait(Native Method)
        at app//org.apache.hadoop.hdds.scm.ha.BackgroundSCMService.run(BackgroundSCMService.java:107)
        at app//org.apache.hadoop.hdds.scm.ha.BackgroundSCMService$$Lambda$791/0x00007f07fc3aa488.run(Unknown Source)
        at java.base@17.0.11/java.lang.Thread.run(Thread.java:840)
"ContainerDataScanner(/home/runner/work/ozone/ozone/hadoop-ozone/integration-test/target/test-dir/MiniOzoneClusterImpl-37413a93-aae1-485d-bfde-7eb2d60b5fbe/ozone-meta/datanode-1/data-0/hdds)" daemon prio=5 tid=6063 timed_waiting
java.lang.Thread.State: TIMED_WAITING
        at java.base@17.0.11/java.lang.Thread.sleep(Native Method)
        at app//org.apache.hadoop.ozone.container.ozoneimpl.AbstractBackgroundContainerScanner.handleRemainingSleep(AbstractBackgroundContainerScanner.java:131)
        at app//org.apache.hadoop.ozone.container.ozoneimpl.AbstractBackgroundContainerScanner.runIteration(AbstractBackgroundContainerScanner.java:98)
        at app//org.apache.hadoop.ozone.container.ozoneimpl.AbstractBackgroundContainerScanner.run(AbstractBackgroundContainerScanner.java:57)
"FixedThreadPoolWithAffinityExecutor-0-0" daemon prio=5 tid=5640 timed_waiting
java.lang.Thread.State: TIMED_WAITING
        at java.base@17.0.11/jdk.internal.misc.Unsafe.park(Native Method)
        at java.base@17.0.11/java.util.concurrent.locks.LockSupport.parkNanos(LockSupport.java:252)
        at java.base@17.0.11/java.util.concurrent.locks.AbstractQueuedSynchronizer$ConditionObject.awaitNanos(AbstractQueuedSynchronizer.java:1674)
        at java.base@17.0.11/java.util.concurrent.LinkedBlockingQueue.poll(LinkedBlockingQueue.java:460)
        at app//org.apache.hadoop.hdds.scm.server.ContainerReportQueue.poll(ContainerReportQueue.java:269)
        at app//org.apache.hadoop.hdds.scm.server.ContainerReportQueue.poll(ContainerReportQueue.java:42)
        at app//org.apache.hadoop.hdds.server.events.FixedThreadPoolWithAffinityExecutor$ContainerReportProcessTask.run(FixedThreadPoolWithAffinityExecutor.java:253)
        at java.base@17.0.11/java.util.concurrent.Executors$RunnableAdapter.call(Executors.java:539)
        at java.base@17.0.11/java.util.concurrent.FutureTask.run(FutureTask.java:264)
        at java.base@17.0.11/java.util.concurrent.ThreadPoolExecutor.runWorker(ThreadPoolExecutor.java:1136)
        at java.base@17.0.11/java.util.concurrent.ThreadPoolExecutor$Worker.run(ThreadPoolExecutor.java:635)
        at java.base@17.0.11/java.lang.Thread.run(Thread.java:840)
"IPC Server handler 88 on default port 15172" daemon prio=5 tid=5940 timed_waiting
java.lang.Thread.State: TIMED_WAITING
        at java.base@17.0.11/jdk.internal.misc.Unsafe.park(Native Method)
        at java.base@17.0.11/java.util.concurrent.locks.LockSupport.parkNanos(LockSupport.java:252)
        at java.base@17.0.11/java.util.concurrent.locks.AbstractQueuedSynchronizer$ConditionObject.awaitNanos(AbstractQueuedSynchronizer.java:1674)
        at java.base@17.0.11/java.util.concurrent.LinkedBlockingQueue.poll(LinkedBlockingQueue.java:460)
        at app//org.apache.hadoop.ipc.CallQueueManager.take(CallQueueManager.java:317)
        at app//org.apache.hadoop.ipc.Server$Handler.run(Server.java:3014)
"IPC Server handler 57 on default port 15170" daemon prio=5 tid=5709 timed_waiting
java.lang.Thread.State: TIMED_WAITING
        at java.base@17.0.11/jdk.internal.misc.Unsafe.park(Native Method)
        at java.base@17.0.11/java.util.concurrent.locks.LockSupport.parkNanos(LockSupport.java:252)
        at java.base@17.0.11/java.util.concurrent.locks.AbstractQueuedSynchronizer$ConditionObject.awaitNanos(AbstractQueuedSynchronizer.java:1674)
        at java.base@17.0.11/java.util.concurrent.LinkedBlockingQueue.poll(LinkedBlockingQueue.java:460)
        at app//org.apache.hadoop.ipc.CallQueueManager.take(CallQueueManager.java:317)
        at app//org.apache.hadoop.ipc.Server$Handler.run(Server.java:3014)
"IPC Server handler 55 on default port 15172" daemon prio=5 tid=5907 timed_waiting
java.lang.Thread.State: TIMED_WAITING
        at java.base@17.0.11/jdk.internal.misc.Unsafe.park(Native Method)
        at java.base@17.0.11/java.util.concurrent.locks.LockSupport.parkNanos(LockSupport.java:252)
        at java.base@17.0.11/java.util.concurrent.locks.AbstractQueuedSynchronizer$ConditionObject.awaitNanos(AbstractQueuedSynchronizer.java:1674)
        at java.base@17.0.11/java.util.concurrent.LinkedBlockingQueue.poll(LinkedBlockingQueue.java:460)
        at app//org.apache.hadoop.ipc.CallQueueManager.take(CallQueueManager.java:317)
        at app//org.apache.hadoop.ipc.Server$Handler.run(Server.java:3014)
"IPC Server handler 48 on default port 15170" daemon prio=5 tid=5700 timed_waiting
java.lang.Thread.State: TIMED_WAITING
        at java.base@17.0.11/jdk.internal.misc.Unsafe.park(Native Method)
        at java.base@17.0.11/java.util.concurrent.locks.LockSupport.parkNanos(LockSupport.java:252)
        at java.base@17.0.11/java.util.concurrent.locks.AbstractQueuedSynchronizer$ConditionObject.awaitNanos(AbstractQueuedSynchronizer.java:1674)
        at java.base@17.0.11/java.util.concurrent.LinkedBlockingQueue.poll(LinkedBlockingQueue.java:460)
        at app//org.apache.hadoop.ipc.CallQueueManager.take(CallQueueManager.java:317)
        at app//org.apache.hadoop.ipc.Server$Handler.run(Server.java:3014)
"IPC Server handler 51 on default port 15171" daemon prio=5 tid=5803 timed_waiting
java.lang.Thread.State: TIMED_WAITING
        at java.base@17.0.11/jdk.internal.misc.Unsafe.park(Native Method)
        at java.base@17.0.11/java.util.concurrent.locks.LockSupport.parkNanos(LockSupport.java:252)
        at java.base@17.0.11/java.util.concurrent.locks.AbstractQueuedSynchronizer$ConditionObject.awaitNanos(AbstractQueuedSynchronizer.java:1674)
        at java.base@17.0.11/java.util.concurrent.LinkedBlockingQueue.poll(LinkedBlockingQueue.java:460)
        at app//org.apache.hadoop.ipc.CallQueueManager.take(CallQueueManager.java:317)
        at app//org.apache.hadoop.ipc.Server$Handler.run(Server.java:3014)
"Common-Cleaner" daemon prio=8 tid=11 timed_waiting
java.lang.Thread.State: TIMED_WAITING
        at java.base@17.0.11/java.lang.Object.wait(Native Method)
        at java.base@17.0.11/java.lang.ref.ReferenceQueue.remove(ReferenceQueue.java:155)
        at java.base@17.0.11/jdk.internal.ref.CleanerImpl.run(CleanerImpl.java:140)
        at java.base@17.0.11/java.lang.Thread.run(Thread.java:840)
        at java.base@17.0.11/jdk.internal.misc.InnocuousThread.run(InnocuousThread.java:162)
"IPC Server handler 8 on default port 15170" daemon prio=5 tid=5660 timed_waiting
java.lang.Thread.State: TIMED_WAITING
        at java.base@17.0.11/jdk.internal.misc.Unsafe.park(Native Method)
        at java.base@17.0.11/java.util.concurrent.locks.LockSupport.parkNanos(LockSupport.java:252)
        at java.base@17.0.11/java.util.concurrent.locks.AbstractQueuedSynchronizer$ConditionObject.awaitNanos(AbstractQueuedSynchronizer.java:1674)
        at java.base@17.0.11/java.util.concurrent.LinkedBlockingQueue.poll(LinkedBlockingQueue.java:460)
        at app//org.apache.hadoop.ipc.CallQueueManager.take(CallQueueManager.java:317)
        at app//org.apache.hadoop.ipc.Server$Handler.run(Server.java:3014)
"IPC Server handler 23 on default port 15172" daemon prio=5 tid=5875 timed_waiting
java.lang.Thread.State: TIMED_WAITING
        at java.base@17.0.11/jdk.internal.misc.Unsafe.park(Native Method)
        at java.base@17.0.11/java.util.concurrent.locks.LockSupport.parkNanos(LockSupport.java:252)
        at java.base@17.0.11/java.util.concurrent.locks.AbstractQueuedSynchronizer$ConditionObject.awaitNanos(AbstractQueuedSynchronizer.java:1674)
        at java.base@17.0.11/java.util.concurrent.LinkedBlockingQueue.poll(LinkedBlockingQueue.java:460)
        at app//org.apache.hadoop.ipc.CallQueueManager.take(CallQueueManager.java:317)
        at app//org.apache.hadoop.ipc.Server$Handler.run(Server.java:3014)
"IPC Server handler 1 on default port 15174" daemon prio=5 tid=6006 timed_waiting
java.lang.Thread.State: TIMED_WAITING
        at java.base@17.0.11/jdk.internal.misc.Unsafe.park(Native Method)
        at java.base@17.0.11/java.util.concurrent.locks.LockSupport.parkNanos(LockSupport.java:252)
        at java.base@17.0.11/java.util.concurrent.locks.AbstractQueuedSynchronizer$ConditionObject.awaitNanos(AbstractQueuedSynchronizer.java:1674)
        at java.base@17.0.11/java.util.concurrent.LinkedBlockingQueue.poll(LinkedBlockingQueue.java:460)
        at app//org.apache.hadoop.ipc.CallQueueManager.take(CallQueueManager.java:317)
        at app//org.apache.hadoop.ipc.Server$Handler.run(Server.java:3014)
"EventQueue-NodeRegistrationContainerReportForDataNodeSafeModeRule" daemon prio=5 tid=6075 in Object.wait()
java.lang.Thread.State: WAITING (on object monitor)
        at java.base@17.0.11/jdk.internal.misc.Unsafe.park(Native Method)
        at java.base@17.0.11/java.util.concurrent.locks.LockSupport.park(LockSupport.java:341)
        at java.base@17.0.11/java.util.concurrent.locks.AbstractQueuedSynchronizer$ConditionNode.block(AbstractQueuedSynchronizer.java:506)
        at java.base@17.0.11/java.util.concurrent.ForkJoinPool.unmanagedBlock(ForkJoinPool.java:3465)
        at java.base@17.0.11/java.util.concurrent.ForkJoinPool.managedBlock(ForkJoinPool.java:3436)
        at java.base@17.0.11/java.util.concurrent.locks.AbstractQueuedSynchronizer$ConditionObject.await(AbstractQueuedSynchronizer.java:1625)
        at java.base@17.0.11/java.util.concurrent.LinkedBlockingQueue.take(LinkedBlockingQueue.java:435)
        at java.base@17.0.11/java.util.concurrent.ThreadPoolExecutor.getTask(ThreadPoolExecutor.java:1062)
        at java.base@17.0.11/java.util.concurrent.ThreadPoolExecutor.runWorker(ThreadPoolExecutor.java:1122)
        at java.base@17.0.11/java.util.concurrent.ThreadPoolExecutor$Worker.run(ThreadPoolExecutor.java:635)
        at java.base@17.0.11/java.lang.Thread.run(Thread.java:840)
"IPC Server handler 10 on default port 15174" daemon prio=5 tid=6015 timed_waiting
java.lang.Thread.State: TIMED_WAITING
        at java.base@17.0.11/jdk.internal.misc.Unsafe.park(Native Method)
        at java.base@17.0.11/java.util.concurrent.locks.LockSupport.parkNanos(LockSupport.java:252)
        at java.base@17.0.11/java.util.concurrent.locks.AbstractQueuedSynchronizer$ConditionObject.awaitNanos(AbstractQueuedSynchronizer.java:1674)
        at java.base@17.0.11/java.util.concurrent.LinkedBlockingQueue.poll(LinkedBlockingQueue.java:460)
        at app//org.apache.hadoop.ipc.CallQueueManager.take(CallQueueManager.java:317)
        at app//org.apache.hadoop.ipc.Server$Handler.run(Server.java:3014)
"IPC Server handler 18 on default port 15174" daemon prio=5 tid=6023 timed_waiting
java.lang.Thread.State: TIMED_WAITING
        at java.base@17.0.11/jdk.internal.misc.Unsafe.park(Native Method)
        at java.base@17.0.11/java.util.concurrent.locks.LockSupport.parkNanos(LockSupport.java:252)
        at java.base@17.0.11/java.util.concurrent.locks.AbstractQueuedSynchronizer$ConditionObject.awaitNanos(AbstractQueuedSynchronizer.java:1674)
        at java.base@17.0.11/java.util.concurrent.LinkedBlockingQueue.poll(LinkedBlockingQueue.java:460)
        at app//org.apache.hadoop.ipc.CallQueueManager.take(CallQueueManager.java:317)
        at app//org.apache.hadoop.ipc.Server$Handler.run(Server.java:3014)
"IPC Server handler 11 on default port 15172" daemon prio=5 tid=5863 timed_waiting
java.lang.Thread.State: TIMED_WAITING
        at java.base@17.0.11/jdk.internal.misc.Unsafe.park(Native Method)
        at java.base@17.0.11/java.util.concurrent.locks.LockSupport.parkNanos(LockSupport.java:252)
        at java.base@17.0.11/java.util.concurrent.locks.AbstractQueuedSynchronizer$ConditionObject.awaitNanos(AbstractQueuedSynchronizer.java:1674)
        at java.base@17.0.11/java.util.concurrent.LinkedBlockingQueue.poll(LinkedBlockingQueue.java:460)
        at app//org.apache.hadoop.ipc.CallQueueManager.take(CallQueueManager.java:317)
        at app//org.apache.hadoop.ipc.Server$Handler.run(Server.java:3014)
"Attach Listener" daemon prio=9 tid=501 runnable
java.lang.Thread.State: RUNNABLE
"IPC Server handler 49 on default port 15172" daemon prio=5 tid=5901 timed_waiting
java.lang.Thread.State: TIMED_WAITING
        at java.base@17.0.11/jdk.internal.misc.Unsafe.park(Native Method)
        at java.base@17.0.11/java.util.concurrent.locks.LockSupport.parkNanos(LockSupport.java:252)
        at java.base@17.0.11/java.util.concurrent.locks.AbstractQueuedSynchronizer$ConditionObject.awaitNanos(AbstractQueuedSynchronizer.java:1674)
        at java.base@17.0.11/java.util.concurrent.LinkedBlockingQueue.poll(LinkedBlockingQueue.java:460)
        at app//org.apache.hadoop.ipc.CallQueueManager.take(CallQueueManager.java:317)
        at app//org.apache.hadoop.ipc.Server$Handler.run(Server.java:3014)
"IPC Server handler 78 on default port 15172" daemon prio=5 tid=5930 timed_waiting
java.lang.Thread.State: TIMED_WAITING
        at java.base@17.0.11/jdk.internal.misc.Unsafe.park(Native Method)
        at java.base@17.0.11/java.util.concurrent.locks.LockSupport.parkNanos(LockSupport.java:252)
        at java.base@17.0.11/java.util.concurrent.locks.AbstractQueuedSynchronizer$ConditionObject.awaitNanos(AbstractQueuedSynchronizer.java:1674)
        at java.base@17.0.11/java.util.concurrent.LinkedBlockingQueue.poll(LinkedBlockingQueue.java:460)
        at app//org.apache.hadoop.ipc.CallQueueManager.take(CallQueueManager.java:317)
        at app//org.apache.hadoop.ipc.Server$Handler.run(Server.java:3014)
"qtp830475910-6001" daemon prio=5 tid=6001 timed_waiting
java.lang.Thread.State: TIMED_WAITING
        at java.base@17.0.11/jdk.internal.misc.Unsafe.park(Native Method)
        at java.base@17.0.11/java.util.concurrent.locks.LockSupport.parkNanos(LockSupport.java:252)
        at java.base@17.0.11/java.util.concurrent.locks.AbstractQueuedSynchronizer$ConditionObject.awaitNanos(AbstractQueuedSynchronizer.java:1674)
        at app//org.eclipse.jetty.util.BlockingArrayQueue.poll(BlockingArrayQueue.java:382)
        at app//org.eclipse.jetty.util.thread.QueuedThreadPool$Runner.idleJobPoll(QueuedThreadPool.java:974)
        at app//org.eclipse.jetty.util.thread.QueuedThreadPool$Runner.run(QueuedThreadPool.java:1018)
        at java.base@17.0.11/java.lang.Thread.run(Thread.java:840)
"IPC Server handler 10 on default port 15172" daemon prio=5 tid=5862 timed_waiting
java.lang.Thread.State: TIMED_WAITING
        at java.base@17.0.11/jdk.internal.misc.Unsafe.park(Native Method)
        at java.base@17.0.11/java.util.concurrent.locks.LockSupport.parkNanos(LockSupport.java:252)
        at java.base@17.0.11/java.util.concurrent.locks.AbstractQueuedSynchronizer$ConditionObject.awaitNanos(AbstractQueuedSynchronizer.java:1674)
        at java.base@17.0.11/java.util.concurrent.LinkedBlockingQueue.poll(LinkedBlockingQueue.java:460)
        at app//org.apache.hadoop.ipc.CallQueueManager.take(CallQueueManager.java:317)
        at app//org.apache.hadoop.ipc.Server$Handler.run(Server.java:3014)
"FixedThreadPoolWithAffinityExecutor-9-0" daemon prio=5 tid=5649 timed_waiting
java.lang.Thread.State: TIMED_WAITING
        at java.base@17.0.11/jdk.internal.misc.Unsafe.park(Native Method)
        at java.base@17.0.11/java.util.concurrent.locks.LockSupport.parkNanos(LockSupport.java:252)
        at java.base@17.0.11/java.util.concurrent.locks.AbstractQueuedSynchronizer$ConditionObject.awaitNanos(AbstractQueuedSynchronizer.java:1674)
        at java.base@17.0.11/java.util.concurrent.LinkedBlockingQueue.poll(LinkedBlockingQueue.java:460)
        at app//org.apache.hadoop.hdds.scm.server.ContainerReportQueue.poll(ContainerReportQueue.java:269)
        at app//org.apache.hadoop.hdds.scm.server.ContainerReportQueue.poll(ContainerReportQueue.java:42)
        at app//org.apache.hadoop.hdds.server.events.FixedThreadPoolWithAffinityExecutor$ContainerReportProcessTask.run(FixedThreadPoolWithAffinityExecutor.java:253)
        at java.base@17.0.11/java.util.concurrent.Executors$RunnableAdapter.call(Executors.java:539)
        at java.base@17.0.11/java.util.concurrent.FutureTask.run(FutureTask.java:264)
        at java.base@17.0.11/java.util.concurrent.ThreadPoolExecutor.runWorker(ThreadPoolExecutor.java:1136)
        at java.base@17.0.11/java.util.concurrent.ThreadPoolExecutor$Worker.run(ThreadPoolExecutor.java:635)
        at java.base@17.0.11/java.lang.Thread.run(Thread.java:840)
"IPC Server handler 17 on default port 15171" daemon prio=5 tid=5769 timed_waiting
java.lang.Thread.State: TIMED_WAITING
        at java.base@17.0.11/jdk.internal.misc.Unsafe.park(Native Method)
        at java.base@17.0.11/java.util.concurrent.locks.LockSupport.parkNanos(LockSupport.java:252)
        at java.base@17.0.11/java.util.concurrent.locks.AbstractQueuedSynchronizer$ConditionObject.awaitNanos(AbstractQueuedSynchronizer.java:1674)
        at java.base@17.0.11/java.util.concurrent.LinkedBlockingQueue.poll(LinkedBlockingQueue.java:460)
        at app//org.apache.hadoop.ipc.CallQueueManager.take(CallQueueManager.java:317)
        at app//org.apache.hadoop.ipc.Server$Handler.run(Server.java:3014)
"IPC Server handler 70 on default port 15171" daemon prio=5 tid=5822 timed_waiting
java.lang.Thread.State: TIMED_WAITING
        at java.base@17.0.11/jdk.internal.misc.Unsafe.park(Native Method)
        at java.base@17.0.11/java.util.concurrent.locks.LockSupport.parkNanos(LockSupport.java:252)
        at java.base@17.0.11/java.util.concurrent.locks.AbstractQueuedSynchronizer$ConditionObject.awaitNanos(AbstractQueuedSynchronizer.java:1674)
        at java.base@17.0.11/java.util.concurrent.LinkedBlockingQueue.poll(LinkedBlockingQueue.java:460)
        at app//org.apache.hadoop.ipc.CallQueueManager.take(CallQueueManager.java:317)
        at app//org.apache.hadoop.ipc.Server$Handler.run(Server.java:3014)
"IPC Server handler 68 on default port 15171" daemon prio=5 tid=5820 timed_waiting
java.lang.Thread.State: TIMED_WAITING
        at java.base@17.0.11/jdk.internal.misc.Unsafe.park(Native Method)
        at java.base@17.0.11/java.util.concurrent.locks.LockSupport.parkNanos(LockSupport.java:252)
        at java.base@17.0.11/java.util.concurrent.locks.AbstractQueuedSynchronizer$ConditionObject.awaitNanos(AbstractQueuedSynchronizer.java:1674)
        at java.base@17.0.11/java.util.concurrent.LinkedBlockingQueue.poll(LinkedBlockingQueue.java:460)
        at app//org.apache.hadoop.ipc.CallQueueManager.take(CallQueueManager.java:317)
        at app//org.apache.hadoop.ipc.Server$Handler.run(Server.java:3014)
"IPC Server handler 97 on default port 15172" daemon prio=5 tid=5949 timed_waiting
java.lang.Thread.State: TIMED_WAITING
        at java.base@17.0.11/jdk.internal.misc.Unsafe.park(Native Method)
        at java.base@17.0.11/java.util.concurrent.locks.LockSupport.parkNanos(LockSupport.java:252)
        at java.base@17.0.11/java.util.concurrent.locks.AbstractQueuedSynchronizer$ConditionObject.awaitNanos(AbstractQueuedSynchronizer.java:1674)
        at java.base@17.0.11/java.util.concurrent.LinkedBlockingQueue.poll(LinkedBlockingQueue.java:460)
        at app//org.apache.hadoop.ipc.CallQueueManager.take(CallQueueManager.java:317)
        at app//org.apache.hadoop.ipc.Server$Handler.run(Server.java:3014)
"timer6" daemon prio=5 tid=1600 in Object.wait()
java.lang.Thread.State: WAITING (on object monitor)
        at java.base@17.0.11/java.lang.Object.wait(Native Method)
        at java.base@17.0.11/java.lang.Object.wait(Object.java:338)
        at java.base@17.0.11/java.util.TimerThread.mainLoop(Timer.java:537)
        at java.base@17.0.11/java.util.TimerThread.run(Timer.java:516)
"IPC Server handler 21 on default port 15172" daemon prio=5 tid=5873 timed_waiting
java.lang.Thread.State: TIMED_WAITING
        at java.base@17.0.11/jdk.internal.misc.Unsafe.park(Native Method)
        at java.base@17.0.11/java.util.concurrent.locks.LockSupport.parkNanos(LockSupport.java:252)
        at java.base@17.0.11/java.util.concurrent.locks.AbstractQueuedSynchronizer$ConditionObject.awaitNanos(AbstractQueuedSynchronizer.java:1674)
        at java.base@17.0.11/java.util.concurrent.LinkedBlockingQueue.poll(LinkedBlockingQueue.java:460)
        at app//org.apache.hadoop.ipc.CallQueueManager.take(CallQueueManager.java:317)
        at app//org.apache.hadoop.ipc.Server$Handler.run(Server.java:3014)
"PartialTableCache-Cleanup-0" daemon prio=5 tid=1679 in Object.wait()
java.lang.Thread.State: WAITING (on object monitor)
        at java.base@17.0.11/jdk.internal.misc.Unsafe.park(Native Method)
        at java.base@17.0.11/java.util.concurrent.locks.LockSupport.park(LockSupport.java:341)
        at java.base@17.0.11/java.util.concurrent.locks.AbstractQueuedSynchronizer$ConditionNode.block(AbstractQueuedSynchronizer.java:506)
        at java.base@17.0.11/java.util.concurrent.ForkJoinPool.unmanagedBlock(ForkJoinPool.java:3465)
        at java.base@17.0.11/java.util.concurrent.ForkJoinPool.managedBlock(ForkJoinPool.java:3436)
        at java.base@17.0.11/java.util.concurrent.locks.AbstractQueuedSynchronizer$ConditionObject.await(AbstractQueuedSynchronizer.java:1625)
        at java.base@17.0.11/java.util.concurrent.LinkedBlockingQueue.take(LinkedBlockingQueue.java:435)
        at java.base@17.0.11/java.util.concurrent.ThreadPoolExecutor.getTask(ThreadPoolExecutor.java:1062)
        at java.base@17.0.11/java.util.concurrent.ThreadPoolExecutor.runWorker(ThreadPoolExecutor.java:1122)
        at java.base@17.0.11/java.util.concurrent.ThreadPoolExecutor$Worker.run(ThreadPoolExecutor.java:635)
        at java.base@17.0.11/java.lang.Thread.run(Thread.java:840)
"IPC Server handler 56 on default port 15170" daemon prio=5 tid=5708 timed_waiting
java.lang.Thread.State: TIMED_WAITING
        at java.base@17.0.11/jdk.internal.misc.Unsafe.park(Native Method)
        at java.base@17.0.11/java.util.concurrent.locks.LockSupport.parkNanos(LockSupport.java:252)
        at java.base@17.0.11/java.util.concurrent.locks.AbstractQueuedSynchronizer$ConditionObject.awaitNanos(AbstractQueuedSynchronizer.java:1674)
        at java.base@17.0.11/java.util.concurrent.LinkedBlockingQueue.poll(LinkedBlockingQueue.java:460)
        at app//org.apache.hadoop.ipc.CallQueueManager.take(CallQueueManager.java:317)
        at app//org.apache.hadoop.ipc.Server$Handler.run(Server.java:3014)
"IPC Server handler 59 on default port 15170" daemon prio=5 tid=5711 timed_waiting
java.lang.Thread.State: TIMED_WAITING
        at java.base@17.0.11/jdk.internal.misc.Unsafe.park(Native Method)
        at java.base@17.0.11/java.util.concurrent.locks.LockSupport.parkNanos(LockSupport.java:252)
        at java.base@17.0.11/java.util.concurrent.locks.AbstractQueuedSynchronizer$ConditionObject.awaitNanos(AbstractQueuedSynchronizer.java:1674)
        at java.base@17.0.11/java.util.concurrent.LinkedBlockingQueue.poll(LinkedBlockingQueue.java:460)
        at app//org.apache.hadoop.ipc.CallQueueManager.take(CallQueueManager.java:317)
        at app//org.apache.hadoop.ipc.Server$Handler.run(Server.java:3014)
"IPC Server handler 2 on default port 15174" daemon prio=5 tid=6007 timed_waiting
java.lang.Thread.State: TIMED_WAITING
        at java.base@17.0.11/jdk.internal.misc.Unsafe.park(Native Method)
        at java.base@17.0.11/java.util.concurrent.locks.LockSupport.parkNanos(LockSupport.java:252)
        at java.base@17.0.11/java.util.concurrent.locks.AbstractQueuedSynchronizer$ConditionObject.awaitNanos(AbstractQueuedSynchronizer.java:1674)
        at java.base@17.0.11/java.util.concurrent.LinkedBlockingQueue.poll(LinkedBlockingQueue.java:460)
        at app//org.apache.hadoop.ipc.CallQueueManager.take(CallQueueManager.java:317)
        at app//org.apache.hadoop.ipc.Server$Handler.run(Server.java:3014)
"IPC Server handler 93 on default port 15170" daemon prio=5 tid=5745 timed_waiting
java.lang.Thread.State: TIMED_WAITING
        at java.base@17.0.11/jdk.internal.misc.Unsafe.park(Native Method)
        at java.base@17.0.11/java.util.concurrent.locks.LockSupport.parkNanos(LockSupport.java:252)
        at java.base@17.0.11/java.util.concurrent.locks.AbstractQueuedSynchronizer$ConditionObject.awaitNanos(AbstractQueuedSynchronizer.java:1674)
        at java.base@17.0.11/java.util.concurrent.LinkedBlockingQueue.poll(LinkedBlockingQueue.java:460)
        at app//org.apache.hadoop.ipc.CallQueueManager.take(CallQueueManager.java:317)
        at app//org.apache.hadoop.ipc.Server$Handler.run(Server.java:3014)
"grpc-default-executor-2" daemon prio=5 tid=6096 timed_waiting
java.lang.Thread.State: TIMED_WAITING
        at java.base@17.0.11/jdk.internal.misc.Unsafe.park(Native Method)
        at java.base@17.0.11/java.util.concurrent.locks.LockSupport.parkNanos(LockSupport.java:252)
        at java.base@17.0.11/java.util.concurrent.SynchronousQueue$TransferStack.transfer(SynchronousQueue.java:401)
        at java.base@17.0.11/java.util.concurrent.SynchronousQueue.poll(SynchronousQueue.java:903)
        at java.base@17.0.11/java.util.concurrent.ThreadPoolExecutor.getTask(ThreadPoolExecutor.java:1061)
        at java.base@17.0.11/java.util.concurrent.ThreadPoolExecutor.runWorker(ThreadPoolExecutor.java:1122)
        at java.base@17.0.11/java.util.concurrent.ThreadPoolExecutor$Worker.run(ThreadPoolExecutor.java:635)
        at java.base@17.0.11/java.lang.Thread.run(Thread.java:840)
"timer3" daemon prio=5 tid=1585 timed_waiting
java.lang.Thread.State: TIMED_WAITING
        at java.base@17.0.11/java.lang.Object.wait(Native Method)
        at java.base@17.0.11/java.util.TimerThread.mainLoop(Timer.java:563)
        at java.base@17.0.11/java.util.TimerThread.run(Timer.java:516)
"IPC Server handler 36 on default port 15172" daemon prio=5 tid=5888 timed_waiting
java.lang.Thread.State: TIMED_WAITING
        at java.base@17.0.11/jdk.internal.misc.Unsafe.park(Native Method)
        at java.base@17.0.11/java.util.concurrent.locks.LockSupport.parkNanos(LockSupport.java:252)
        at java.base@17.0.11/java.util.concurrent.locks.AbstractQueuedSynchronizer$ConditionObject.awaitNanos(AbstractQueuedSynchronizer.java:1674)
        at java.base@17.0.11/java.util.concurrent.LinkedBlockingQueue.poll(LinkedBlockingQueue.java:460)
        at app//org.apache.hadoop.ipc.CallQueueManager.take(CallQueueManager.java:317)
        at app//org.apache.hadoop.ipc.Server$Handler.run(Server.java:3014)
"LeakDetector-ManagedRocksObject0" daemon prio=5 tid=25 in Object.wait()
java.lang.Thread.State: WAITING (on object monitor)
        at java.base@17.0.11/java.lang.Object.wait(Native Method)
        at java.base@17.0.11/java.lang.ref.ReferenceQueue.remove(ReferenceQueue.java:155)
        at java.base@17.0.11/java.lang.ref.ReferenceQueue.remove(ReferenceQueue.java:176)
        at app//org.apache.hadoop.hdds.utils.LeakDetector.run(LeakDetector.java:80)
        at app//org.apache.hadoop.hdds.utils.LeakDetector$$Lambda$708/0x00007f07fc2c3640.run(Unknown Source)
        at java.base@17.0.11/java.lang.Thread.run(Thread.java:840)
"IPC Server handler 5 on default port 15170" daemon prio=5 tid=5657 timed_waiting
java.lang.Thread.State: TIMED_WAITING
        at java.base@17.0.11/jdk.internal.misc.Unsafe.park(Native Method)
        at java.base@17.0.11/java.util.concurrent.locks.LockSupport.parkNanos(LockSupport.java:252)
        at java.base@17.0.11/java.util.concurrent.locks.AbstractQueuedSynchronizer$ConditionObject.awaitNanos(AbstractQueuedSynchronizer.java:1674)
        at java.base@17.0.11/java.util.concurrent.LinkedBlockingQueue.poll(LinkedBlockingQueue.java:460)
        at app//org.apache.hadoop.ipc.CallQueueManager.take(CallQueueManager.java:317)
        at app//org.apache.hadoop.ipc.Server$Handler.run(Server.java:3014)
"OverReplicatedProcessor" daemon prio=5 tid=5623 timed_waiting
java.lang.Thread.State: TIMED_WAITING
        at java.base@17.0.11/java.lang.Object.wait(Native Method)
        at app//org.apache.hadoop.hdds.scm.container.replication.UnhealthyReplicationProcessor.run(UnhealthyReplicationProcessor.java:174)
        at java.base@17.0.11/java.lang.Thread.run(Thread.java:840)
"om1-SnapshotDeletingService#0" daemon prio=5 tid=5992 timed_waiting
java.lang.Thread.State: TIMED_WAITING
        at java.base@17.0.11/jdk.internal.misc.Unsafe.park(Native Method)
        at java.base@17.0.11/java.util.concurrent.locks.LockSupport.parkNanos(LockSupport.java:252)
        at java.base@17.0.11/java.util.concurrent.locks.AbstractQueuedSynchronizer$ConditionObject.awaitNanos(AbstractQueuedSynchronizer.java:1674)
        at java.base@17.0.11/java.util.concurrent.ScheduledThreadPoolExecutor$DelayedWorkQueue.take(ScheduledThreadPoolExecutor.java:1182)
        at java.base@17.0.11/java.util.concurrent.ScheduledThreadPoolExecutor$DelayedWorkQueue.take(ScheduledThreadPoolExecutor.java:899)
        at java.base@17.0.11/java.util.concurrent.ThreadPoolExecutor.getTask(ThreadPoolExecutor.java:1062)
        at java.base@17.0.11/java.util.concurrent.ThreadPoolExecutor.runWorker(ThreadPoolExecutor.java:1122)
        at java.base@17.0.11/java.util.concurrent.ThreadPoolExecutor$Worker.run(ThreadPoolExecutor.java:635)
        at java.base@17.0.11/java.lang.Thread.run(Thread.java:840)
"IPC Server handler 84 on default port 15171" daemon prio=5 tid=5836 timed_waiting
java.lang.Thread.State: TIMED_WAITING
        at java.base@17.0.11/jdk.internal.misc.Unsafe.park(Native Method)
        at java.base@17.0.11/java.util.concurrent.locks.LockSupport.parkNanos(LockSupport.java:252)
        at java.base@17.0.11/java.util.concurrent.locks.AbstractQueuedSynchronizer$ConditionObject.awaitNanos(AbstractQueuedSynchronizer.java:1674)
        at java.base@17.0.11/java.util.concurrent.LinkedBlockingQueue.poll(LinkedBlockingQueue.java:460)
        at app//org.apache.hadoop.ipc.CallQueueManager.take(CallQueueManager.java:317)
        at app//org.apache.hadoop.ipc.Server$Handler.run(Server.java:3014)
"DatanodeAdminManager-0" daemon prio=5 tid=5624 timed_waiting
java.lang.Thread.State: TIMED_WAITING
        at java.base@17.0.11/jdk.internal.misc.Unsafe.park(Native Method)
        at java.base@17.0.11/java.util.concurrent.locks.LockSupport.parkNanos(LockSupport.java:252)
        at java.base@17.0.11/java.util.concurrent.locks.AbstractQueuedSynchronizer$ConditionObject.awaitNanos(AbstractQueuedSynchronizer.java:1674)
        at java.base@17.0.11/java.util.concurrent.ScheduledThreadPoolExecutor$DelayedWorkQueue.take(ScheduledThreadPoolExecutor.java:1182)
        at java.base@17.0.11/java.util.concurrent.ScheduledThreadPoolExecutor$DelayedWorkQueue.take(ScheduledThreadPoolExecutor.java:899)
        at java.base@17.0.11/java.util.concurrent.ThreadPoolExecutor.getTask(ThreadPoolExecutor.java:1062)
        at java.base@17.0.11/java.util.concurrent.ThreadPoolExecutor.runWorker(ThreadPoolExecutor.java:1122)
        at java.base@17.0.11/java.util.concurrent.ThreadPoolExecutor$Worker.run(ThreadPoolExecutor.java:635)
        at java.base@17.0.11/java.lang.Thread.run(Thread.java:840)
"om1-KeyDeletingService#0" daemon prio=5 tid=5988 timed_waiting
java.lang.Thread.State: TIMED_WAITING
        at java.base@17.0.11/jdk.internal.misc.Unsafe.park(Native Method)
        at java.base@17.0.11/java.util.concurrent.locks.LockSupport.parkNanos(LockSupport.java:252)
        at java.base@17.0.11/java.util.concurrent.locks.AbstractQueuedSynchronizer$ConditionObject.awaitNanos(AbstractQueuedSynchronizer.java:1674)
        at java.base@17.0.11/java.util.concurrent.ScheduledThreadPoolExecutor$DelayedWorkQueue.take(ScheduledThreadPoolExecutor.java:1182)
        at java.base@17.0.11/java.util.concurrent.ScheduledThreadPoolExecutor$DelayedWorkQueue.take(ScheduledThreadPoolExecutor.java:899)
        at java.base@17.0.11/java.util.concurrent.ThreadPoolExecutor.getTask(ThreadPoolExecutor.java:1062)
        at java.base@17.0.11/java.util.concurrent.ThreadPoolExecutor.runWorker(ThreadPoolExecutor.java:1122)
        at java.base@17.0.11/java.util.concurrent.ThreadPoolExecutor$Worker.run(ThreadPoolExecutor.java:635)
        at java.base@17.0.11/java.lang.Thread.run(Thread.java:840)
"IPC Server handler 58 on default port 15170" daemon prio=5 tid=5710 timed_waiting
java.lang.Thread.State: TIMED_WAITING
        at java.base@17.0.11/jdk.internal.misc.Unsafe.park(Native Method)
        at java.base@17.0.11/java.util.concurrent.locks.LockSupport.parkNanos(LockSupport.java:252)
        at java.base@17.0.11/java.util.concurrent.locks.AbstractQueuedSynchronizer$ConditionObject.awaitNanos(AbstractQueuedSynchronizer.java:1674)
        at java.base@17.0.11/java.util.concurrent.LinkedBlockingQueue.poll(LinkedBlockingQueue.java:460)
        at app//org.apache.hadoop.ipc.CallQueueManager.take(CallQueueManager.java:317)
        at app//org.apache.hadoop.ipc.Server$Handler.run(Server.java:3014)
"IPC Server handler 31 on default port 15171" daemon prio=5 tid=5783 timed_waiting
java.lang.Thread.State: TIMED_WAITING
        at java.base@17.0.11/jdk.internal.misc.Unsafe.park(Native Method)
        at java.base@17.0.11/java.util.concurrent.locks.LockSupport.parkNanos(LockSupport.java:252)
        at java.base@17.0.11/java.util.concurrent.locks.AbstractQueuedSynchronizer$ConditionObject.awaitNanos(AbstractQueuedSynchronizer.java:1674)
        at java.base@17.0.11/java.util.concurrent.LinkedBlockingQueue.poll(LinkedBlockingQueue.java:460)
        at app//org.apache.hadoop.ipc.CallQueueManager.take(CallQueueManager.java:317)
        at app//org.apache.hadoop.ipc.Server$Handler.run(Server.java:3014)
"om1-impl-thread1"  prio=5 tid=5971 timed_waiting
java.lang.Thread.State: TIMED_WAITING
        at java.base@17.0.11/jdk.internal.misc.Unsafe.park(Native Method)
        at java.base@17.0.11/java.util.concurrent.locks.LockSupport.parkNanos(LockSupport.java:252)
        at java.base@17.0.11/java.util.concurrent.SynchronousQueue$TransferStack.transfer(SynchronousQueue.java:401)
        at java.base@17.0.11/java.util.concurrent.SynchronousQueue.poll(SynchronousQueue.java:903)
        at java.base@17.0.11/java.util.concurrent.ThreadPoolExecutor.getTask(ThreadPoolExecutor.java:1061)
        at java.base@17.0.11/java.util.concurrent.ThreadPoolExecutor.runWorker(ThreadPoolExecutor.java:1122)
        at java.base@17.0.11/java.util.concurrent.ThreadPoolExecutor$Worker.run(ThreadPoolExecutor.java:635)
        at java.base@17.0.11/java.lang.Thread.run(Thread.java:840)
"IPC Server handler 66 on default port 15170" daemon prio=5 tid=5718 timed_waiting
java.lang.Thread.State: TIMED_WAITING
        at java.base@17.0.11/jdk.internal.misc.Unsafe.park(Native Method)
        at java.base@17.0.11/java.util.concurrent.locks.LockSupport.parkNanos(LockSupport.java:252)
        at java.base@17.0.11/java.util.concurrent.locks.AbstractQueuedSynchronizer$ConditionObject.awaitNanos(AbstractQueuedSynchronizer.java:1674)
        at java.base@17.0.11/java.util.concurrent.LinkedBlockingQueue.poll(LinkedBlockingQueue.java:460)
        at app//org.apache.hadoop.ipc.CallQueueManager.take(CallQueueManager.java:317)
        at app//org.apache.hadoop.ipc.Server$Handler.run(Server.java:3014)
"om1@group-C5BA1605619E-cacheEviction-AwaitToRun" daemon prio=5 tid=5978 in Object.wait()
java.lang.Thread.State: WAITING (on object monitor)
        at java.base@17.0.11/jdk.internal.misc.Unsafe.park(Native Method)
        at java.base@17.0.11/java.util.concurrent.locks.LockSupport.park(LockSupport.java:341)
        at java.base@17.0.11/java.util.concurrent.locks.AbstractQueuedSynchronizer$ConditionNode.block(AbstractQueuedSynchronizer.java:506)
        at java.base@17.0.11/java.util.concurrent.ForkJoinPool.unmanagedBlock(ForkJoinPool.java:3465)
        at java.base@17.0.11/java.util.concurrent.ForkJoinPool.managedBlock(ForkJoinPool.java:3436)
        at java.base@17.0.11/java.util.concurrent.locks.AbstractQueuedSynchronizer$ConditionObject.await(AbstractQueuedSynchronizer.java:1625)
        at app//org.apache.ratis.util.AwaitForSignal.await(AwaitForSignal.java:48)
        at app//org.apache.ratis.util.AwaitToRun$RunnableImpl.run(AwaitToRun.java:47)
        at java.base@17.0.11/java.lang.Thread.run(Thread.java:840)
"IPC Server handler 53 on default port 15171" daemon prio=5 tid=5805 timed_waiting
java.lang.Thread.State: TIMED_WAITING
        at java.base@17.0.11/jdk.internal.misc.Unsafe.park(Native Method)
        at java.base@17.0.11/java.util.concurrent.locks.LockSupport.parkNanos(LockSupport.java:252)
        at java.base@17.0.11/java.util.concurrent.locks.AbstractQueuedSynchronizer$ConditionObject.awaitNanos(AbstractQueuedSynchronizer.java:1674)
        at java.base@17.0.11/java.util.concurrent.LinkedBlockingQueue.poll(LinkedBlockingQueue.java:460)
        at app//org.apache.hadoop.ipc.CallQueueManager.take(CallQueueManager.java:317)
        at app//org.apache.hadoop.ipc.Server$Handler.run(Server.java:3014)
"IPC Server handler 54 on default port 15172" daemon prio=5 tid=5906 timed_waiting
java.lang.Thread.State: TIMED_WAITING
        at java.base@17.0.11/jdk.internal.misc.Unsafe.park(Native Method)
        at java.base@17.0.11/java.util.concurrent.locks.LockSupport.parkNanos(LockSupport.java:252)
        at java.base@17.0.11/java.util.concurrent.locks.AbstractQueuedSynchronizer$ConditionObject.awaitNanos(AbstractQueuedSynchronizer.java:1674)
        at java.base@17.0.11/java.util.concurrent.LinkedBlockingQueue.poll(LinkedBlockingQueue.java:460)
        at app//org.apache.hadoop.ipc.CallQueueManager.take(CallQueueManager.java:317)
        at app//org.apache.hadoop.ipc.Server$Handler.run(Server.java:3014)
"IPC Server handler 32 on default port 15171" daemon prio=5 tid=5784 timed_waiting
java.lang.Thread.State: TIMED_WAITING
        at java.base@17.0.11/jdk.internal.misc.Unsafe.park(Native Method)
        at java.base@17.0.11/java.util.concurrent.locks.LockSupport.parkNanos(LockSupport.java:252)
        at java.base@17.0.11/java.util.concurrent.locks.AbstractQueuedSynchronizer$ConditionObject.awaitNanos(AbstractQueuedSynchronizer.java:1674)
        at java.base@17.0.11/java.util.concurrent.LinkedBlockingQueue.poll(LinkedBlockingQueue.java:460)
        at app//org.apache.hadoop.ipc.CallQueueManager.take(CallQueueManager.java:317)
        at app//org.apache.hadoop.ipc.Server$Handler.run(Server.java:3014)
"IPC Server handler 79 on default port 15170" daemon prio=5 tid=5731 timed_waiting
java.lang.Thread.State: TIMED_WAITING
        at java.base@17.0.11/jdk.internal.misc.Unsafe.park(Native Method)
        at java.base@17.0.11/java.util.concurrent.locks.LockSupport.parkNanos(LockSupport.java:252)
        at java.base@17.0.11/java.util.concurrent.locks.AbstractQueuedSynchronizer$ConditionObject.awaitNanos(AbstractQueuedSynchronizer.java:1674)
        at java.base@17.0.11/java.util.concurrent.LinkedBlockingQueue.poll(LinkedBlockingQueue.java:460)
        at app//org.apache.hadoop.ipc.CallQueueManager.take(CallQueueManager.java:317)
        at app//org.apache.hadoop.ipc.Server$Handler.run(Server.java:3014)
"IPC Server handler 67 on default port 15171" daemon prio=5 tid=5819 timed_waiting
java.lang.Thread.State: TIMED_WAITING
        at java.base@17.0.11/jdk.internal.misc.Unsafe.park(Native Method)
        at java.base@17.0.11/java.util.concurrent.locks.LockSupport.parkNanos(LockSupport.java:252)
        at java.base@17.0.11/java.util.concurrent.locks.AbstractQueuedSynchronizer$ConditionObject.awaitNanos(AbstractQueuedSynchronizer.java:1674)
        at java.base@17.0.11/java.util.concurrent.LinkedBlockingQueue.poll(LinkedBlockingQueue.java:460)
        at app//org.apache.hadoop.ipc.CallQueueManager.take(CallQueueManager.java:317)
        at app//org.apache.hadoop.ipc.Server$Handler.run(Server.java:3014)
"IPC Server handler 57 on default port 15172" daemon prio=5 tid=5909 timed_waiting
java.lang.Thread.State: TIMED_WAITING
        at java.base@17.0.11/jdk.internal.misc.Unsafe.park(Native Method)
        at java.base@17.0.11/java.util.concurrent.locks.LockSupport.parkNanos(LockSupport.java:252)
        at java.base@17.0.11/java.util.concurrent.locks.AbstractQueuedSynchronizer$ConditionObject.awaitNanos(AbstractQueuedSynchronizer.java:1674)
        at java.base@17.0.11/java.util.concurrent.LinkedBlockingQueue.poll(LinkedBlockingQueue.java:460)
        at app//org.apache.hadoop.ipc.CallQueueManager.take(CallQueueManager.java:317)
        at app//org.apache.hadoop.ipc.Server$Handler.run(Server.java:3014)
"IPC Server handler 97 on default port 15170" daemon prio=5 tid=5749 timed_waiting
java.lang.Thread.State: TIMED_WAITING
        at java.base@17.0.11/jdk.internal.misc.Unsafe.park(Native Method)
        at java.base@17.0.11/java.util.concurrent.locks.LockSupport.parkNanos(LockSupport.java:252)
        at java.base@17.0.11/java.util.concurrent.locks.AbstractQueuedSynchronizer$ConditionObject.awaitNanos(AbstractQueuedSynchronizer.java:1674)
        at java.base@17.0.11/java.util.concurrent.LinkedBlockingQueue.poll(LinkedBlockingQueue.java:460)
        at app//org.apache.hadoop.ipc.CallQueueManager.take(CallQueueManager.java:317)
        at app//org.apache.hadoop.ipc.Server$Handler.run(Server.java:3014)
"IPC Server handler 94 on default port 15170" daemon prio=5 tid=5746 timed_waiting
java.lang.Thread.State: TIMED_WAITING
        at java.base@17.0.11/jdk.internal.misc.Unsafe.park(Native Method)
        at java.base@17.0.11/java.util.concurrent.locks.LockSupport.parkNanos(LockSupport.java:252)
        at java.base@17.0.11/java.util.concurrent.locks.AbstractQueuedSynchronizer$ConditionObject.awaitNanos(AbstractQueuedSynchronizer.java:1674)
        at java.base@17.0.11/java.util.concurrent.LinkedBlockingQueue.poll(LinkedBlockingQueue.java:460)
        at app//org.apache.hadoop.ipc.CallQueueManager.take(CallQueueManager.java:317)
        at app//org.apache.hadoop.ipc.Server$Handler.run(Server.java:3014)
"IPC Server handler 85 on default port 15171" daemon prio=5 tid=5837 timed_waiting
java.lang.Thread.State: TIMED_WAITING
        at java.base@17.0.11/jdk.internal.misc.Unsafe.park(Native Method)
        at java.base@17.0.11/java.util.concurrent.locks.LockSupport.parkNanos(LockSupport.java:252)
        at java.base@17.0.11/java.util.concurrent.locks.AbstractQueuedSynchronizer$ConditionObject.awaitNanos(AbstractQueuedSynchronizer.java:1674)
        at java.base@17.0.11/java.util.concurrent.LinkedBlockingQueue.poll(LinkedBlockingQueue.java:460)
        at app//org.apache.hadoop.ipc.CallQueueManager.take(CallQueueManager.java:317)
        at app//org.apache.hadoop.ipc.Server$Handler.run(Server.java:3014)
"IPC Server handler 16 on default port 15174" daemon prio=5 tid=6021 timed_waiting
java.lang.Thread.State: TIMED_WAITING
        at java.base@17.0.11/jdk.internal.misc.Unsafe.park(Native Method)
        at java.base@17.0.11/java.util.concurrent.locks.LockSupport.parkNanos(LockSupport.java:252)
        at java.base@17.0.11/java.util.concurrent.locks.AbstractQueuedSynchronizer$ConditionObject.awaitNanos(AbstractQueuedSynchronizer.java:1674)
        at java.base@17.0.11/java.util.concurrent.LinkedBlockingQueue.poll(LinkedBlockingQueue.java:460)
        at app//org.apache.hadoop.ipc.CallQueueManager.take(CallQueueManager.java:317)
        at app//org.apache.hadoop.ipc.Server$Handler.run(Server.java:3014)
"qtp830475910-6002" daemon prio=5 tid=6002 timed_waiting
java.lang.Thread.State: TIMED_WAITING
        at java.base@17.0.11/jdk.internal.misc.Unsafe.park(Native Method)
        at java.base@17.0.11/java.util.concurrent.locks.LockSupport.parkNanos(LockSupport.java:252)
        at java.base@17.0.11/java.util.concurrent.locks.AbstractQueuedSynchronizer$ConditionObject.awaitNanos(AbstractQueuedSynchronizer.java:1674)
        at app//org.eclipse.jetty.util.BlockingArrayQueue.poll(BlockingArrayQueue.java:382)
        at app//org.eclipse.jetty.util.thread.QueuedThreadPool$Runner.idleJobPoll(QueuedThreadPool.java:974)
        at app//org.eclipse.jetty.util.thread.QueuedThreadPool$Runner.run(QueuedThreadPool.java:1018)
        at java.base@17.0.11/java.lang.Thread.run(Thread.java:840)
"3a211404-6ca4-4ebc-bc53-908f8eaf8373-DatanodeReportManager-2" daemon prio=5 tid=6048 in Object.wait()
java.lang.Thread.State: WAITING (on object monitor)
        at java.base@17.0.11/jdk.internal.misc.Unsafe.park(Native Method)
        at java.base@17.0.11/java.util.concurrent.locks.LockSupport.park(LockSupport.java:341)
        at java.base@17.0.11/java.util.concurrent.locks.AbstractQueuedSynchronizer$ConditionNode.block(AbstractQueuedSynchronizer.java:506)
        at java.base@17.0.11/java.util.concurrent.ForkJoinPool.unmanagedBlock(ForkJoinPool.java:3465)
        at java.base@17.0.11/java.util.concurrent.ForkJoinPool.managedBlock(ForkJoinPool.java:3436)
        at java.base@17.0.11/java.util.concurrent.locks.AbstractQueuedSynchronizer$ConditionObject.await(AbstractQueuedSynchronizer.java:1625)
        at java.base@17.0.11/java.util.concurrent.ScheduledThreadPoolExecutor$DelayedWorkQueue.take(ScheduledThreadPoolExecutor.java:1177)
        at java.base@17.0.11/java.util.concurrent.ScheduledThreadPoolExecutor$DelayedWorkQueue.take(ScheduledThreadPoolExecutor.java:899)
        at java.base@17.0.11/java.util.concurrent.ThreadPoolExecutor.getTask(ThreadPoolExecutor.java:1062)
        at java.base@17.0.11/java.util.concurrent.ThreadPoolExecutor.runWorker(ThreadPoolExecutor.java:1122)
        at java.base@17.0.11/java.util.concurrent.ThreadPoolExecutor$Worker.run(ThreadPoolExecutor.java:635)
        at java.base@17.0.11/java.lang.Thread.run(Thread.java:840)
"IPC Server handler 43 on default port 15171" daemon prio=5 tid=5795 timed_waiting
java.lang.Thread.State: TIMED_WAITING
        at java.base@17.0.11/jdk.internal.misc.Unsafe.park(Native Method)
        at java.base@17.0.11/java.util.concurrent.locks.LockSupport.parkNanos(LockSupport.java:252)
        at java.base@17.0.11/java.util.concurrent.locks.AbstractQueuedSynchronizer$ConditionObject.awaitNanos(AbstractQueuedSynchronizer.java:1674)
        at java.base@17.0.11/java.util.concurrent.LinkedBlockingQueue.poll(LinkedBlockingQueue.java:460)
        at app//org.apache.hadoop.ipc.CallQueueManager.take(CallQueueManager.java:317)
        at app//org.apache.hadoop.ipc.Server$Handler.run(Server.java:3014)
"IPC Server handler 14 on default port 15172" daemon prio=5 tid=5866 timed_waiting
java.lang.Thread.State: TIMED_WAITING
        at java.base@17.0.11/jdk.internal.misc.Unsafe.park(Native Method)
        at java.base@17.0.11/java.util.concurrent.locks.LockSupport.parkNanos(LockSupport.java:252)
        at java.base@17.0.11/java.util.concurrent.locks.AbstractQueuedSynchronizer$ConditionObject.awaitNanos(AbstractQueuedSynchronizer.java:1674)
        at java.base@17.0.11/java.util.concurrent.LinkedBlockingQueue.poll(LinkedBlockingQueue.java:460)
        at app//org.apache.hadoop.ipc.CallQueueManager.take(CallQueueManager.java:317)
        at app//org.apache.hadoop.ipc.Server$Handler.run(Server.java:3014)
"IPC Server handler 69 on default port 15171" daemon prio=5 tid=5821 timed_waiting
java.lang.Thread.State: TIMED_WAITING
        at java.base@17.0.11/jdk.internal.misc.Unsafe.park(Native Method)
        at java.base@17.0.11/java.util.concurrent.locks.LockSupport.parkNanos(LockSupport.java:252)
        at java.base@17.0.11/java.util.concurrent.locks.AbstractQueuedSynchronizer$ConditionObject.awaitNanos(AbstractQueuedSynchronizer.java:1674)
        at java.base@17.0.11/java.util.concurrent.LinkedBlockingQueue.poll(LinkedBlockingQueue.java:460)
        at app//org.apache.hadoop.ipc.CallQueueManager.take(CallQueueManager.java:317)
        at app//org.apache.hadoop.ipc.Server$Handler.run(Server.java:3014)
"IPC Server handler 44 on default port 15171" daemon prio=5 tid=5796 timed_waiting
java.lang.Thread.State: TIMED_WAITING
        at java.base@17.0.11/jdk.internal.misc.Unsafe.park(Native Method)
        at java.base@17.0.11/java.util.concurrent.locks.LockSupport.parkNanos(LockSupport.java:252)
        at java.base@17.0.11/java.util.concurrent.locks.AbstractQueuedSynchronizer$ConditionObject.awaitNanos(AbstractQueuedSynchronizer.java:1674)
        at java.base@17.0.11/java.util.concurrent.LinkedBlockingQueue.poll(LinkedBlockingQueue.java:460)
        at app//org.apache.hadoop.ipc.CallQueueManager.take(CallQueueManager.java:317)
        at app//org.apache.hadoop.ipc.Server$Handler.run(Server.java:3014)
"IPC Server handler 3 on default port 15170" daemon prio=5 tid=5655 timed_waiting
java.lang.Thread.State: TIMED_WAITING
        at java.base@17.0.11/jdk.internal.misc.Unsafe.park(Native Method)
        at java.base@17.0.11/java.util.concurrent.locks.LockSupport.parkNanos(LockSupport.java:252)
        at java.base@17.0.11/java.util.concurrent.locks.AbstractQueuedSynchronizer$ConditionObject.awaitNanos(AbstractQueuedSynchronizer.java:1674)
        at java.base@17.0.11/java.util.concurrent.LinkedBlockingQueue.poll(LinkedBlockingQueue.java:460)
        at app//org.apache.hadoop.ipc.CallQueueManager.take(CallQueueManager.java:317)
        at app//org.apache.hadoop.ipc.Server$Handler.run(Server.java:3014)
"IPC Server handler 34 on default port 15171" daemon prio=5 tid=5786 timed_waiting
java.lang.Thread.State: TIMED_WAITING
        at java.base@17.0.11/jdk.internal.misc.Unsafe.park(Native Method)
        at java.base@17.0.11/java.util.concurrent.locks.LockSupport.parkNanos(LockSupport.java:252)
        at java.base@17.0.11/java.util.concurrent.locks.AbstractQueuedSynchronizer$ConditionObject.awaitNanos(AbstractQueuedSynchronizer.java:1674)
        at java.base@17.0.11/java.util.concurrent.LinkedBlockingQueue.poll(LinkedBlockingQueue.java:460)
        at app//org.apache.hadoop.ipc.CallQueueManager.take(CallQueueManager.java:317)
        at app//org.apache.hadoop.ipc.Server$Handler.run(Server.java:3014)
"IPC Server handler 95 on default port 15171" daemon prio=5 tid=5847 timed_waiting
java.lang.Thread.State: TIMED_WAITING
        at java.base@17.0.11/jdk.internal.misc.Unsafe.park(Native Method)
        at java.base@17.0.11/java.util.concurrent.locks.LockSupport.parkNanos(LockSupport.java:252)
        at java.base@17.0.11/java.util.concurrent.locks.AbstractQueuedSynchronizer$ConditionObject.awaitNanos(AbstractQueuedSynchronizer.java:1674)
        at java.base@17.0.11/java.util.concurrent.LinkedBlockingQueue.poll(LinkedBlockingQueue.java:460)
        at app//org.apache.hadoop.ipc.CallQueueManager.take(CallQueueManager.java:317)
        at app//org.apache.hadoop.ipc.Server$Handler.run(Server.java:3014)
"IPC Parameter Sending Thread for localhost/127.0.0.1:15174" daemon prio=5 tid=6089 timed_waiting
java.lang.Thread.State: TIMED_WAITING
        at java.base@17.0.11/jdk.internal.misc.Unsafe.park(Native Method)
        at java.base@17.0.11/java.util.concurrent.locks.LockSupport.parkNanos(LockSupport.java:252)
        at java.base@17.0.11/java.util.concurrent.SynchronousQueue$TransferQueue.transfer(SynchronousQueue.java:704)
        at java.base@17.0.11/java.util.concurrent.SynchronousQueue.poll(SynchronousQueue.java:903)
        at app//org.apache.hadoop.ipc.Client$Connection$RpcRequestSender.run(Client.java:1105)
        at java.base@17.0.11/java.lang.Thread.run(Thread.java:840)
"qtp641896206-5960" daemon prio=5 tid=5960 timed_waiting
java.lang.Thread.State: TIMED_WAITING
        at java.base@17.0.11/jdk.internal.misc.Unsafe.park(Native Method)
        at java.base@17.0.11/java.util.concurrent.locks.LockSupport.parkNanos(LockSupport.java:252)
        at java.base@17.0.11/java.util.concurrent.locks.AbstractQueuedSynchronizer$ConditionObject.awaitNanos(AbstractQueuedSynchronizer.java:1674)
        at app//org.eclipse.jetty.util.BlockingArrayQueue.poll(BlockingArrayQueue.java:382)
        at app//org.eclipse.jetty.util.thread.QueuedThreadPool$Runner.idleJobPoll(QueuedThreadPool.java:974)
        at app//org.eclipse.jetty.util.thread.QueuedThreadPool$Runner.run(QueuedThreadPool.java:1018)
        at java.base@17.0.11/java.lang.Thread.run(Thread.java:840)
"IPC Server handler 0 on default port 15174" daemon prio=5 tid=6005 timed_waiting
java.lang.Thread.State: TIMED_WAITING
        at java.base@17.0.11/jdk.internal.misc.Unsafe.park(Native Method)
        at java.base@17.0.11/java.util.concurrent.locks.LockSupport.parkNanos(LockSupport.java:252)
        at java.base@17.0.11/java.util.concurrent.locks.AbstractQueuedSynchronizer$ConditionObject.awaitNanos(AbstractQueuedSynchronizer.java:1674)
        at java.base@17.0.11/java.util.concurrent.LinkedBlockingQueue.poll(LinkedBlockingQueue.java:460)
        at app//org.apache.hadoop.ipc.CallQueueManager.take(CallQueueManager.java:317)
        at app//org.apache.hadoop.ipc.Server$Handler.run(Server.java:3014)
"grpc-default-worker-ELG-23-2" daemon prio=5 tid=6097 runnable
java.lang.Thread.State: RUNNABLE
        at app//org.apache.ratis.thirdparty.io.netty.channel.epoll.Native.epollWait0(Native Method)
        at app//org.apache.ratis.thirdparty.io.netty.channel.epoll.Native.epollWait(Native.java:182)
        at app//org.apache.ratis.thirdparty.io.netty.channel.epoll.EpollEventLoop.epollWait(EpollEventLoop.java:312)
        at app//org.apache.ratis.thirdparty.io.netty.channel.epoll.EpollEventLoop.run(EpollEventLoop.java:376)
        at app//org.apache.ratis.thirdparty.io.netty.util.concurrent.SingleThreadEventExecutor$4.run(SingleThreadEventExecutor.java:997)
        at app//org.apache.ratis.thirdparty.io.netty.util.internal.ThreadExecutorMap$2.run(ThreadExecutorMap.java:74)
        at app//org.apache.ratis.thirdparty.io.netty.util.concurrent.FastThreadLocalRunnable.run(FastThreadLocalRunnable.java:30)
        at java.base@17.0.11/java.lang.Thread.run(Thread.java:840)
"qtp1497094670-6033" daemon prio=5 tid=6033 timed_waiting
java.lang.Thread.State: TIMED_WAITING
        at java.base@17.0.11/jdk.internal.misc.Unsafe.park(Native Method)
        at java.base@17.0.11/java.util.concurrent.locks.LockSupport.parkNanos(LockSupport.java:252)
        at java.base@17.0.11/java.util.concurrent.locks.AbstractQueuedSynchronizer$ConditionObject.awaitNanos(AbstractQueuedSynchronizer.java:1674)
        at app//org.eclipse.jetty.util.BlockingArrayQueue.poll(BlockingArrayQueue.java:382)
        at app//org.eclipse.jetty.util.thread.QueuedThreadPool$Runner.idleJobPoll(QueuedThreadPool.java:974)
        at app//org.eclipse.jetty.util.thread.QueuedThreadPool$Runner.run(QueuedThreadPool.java:1018)
        at java.base@17.0.11/java.lang.Thread.run(Thread.java:840)
"Socket Reader #1 for port 15172"  prio=5 tid=5626 runnable
java.lang.Thread.State: RUNNABLE
        at java.base@17.0.11/sun.nio.ch.EPoll.wait(Native Method)
        at java.base@17.0.11/sun.nio.ch.EPollSelectorImpl.doSelect(EPollSelectorImpl.java:118)
        at java.base@17.0.11/sun.nio.ch.SelectorImpl.lockAndDoSelect(SelectorImpl.java:129)
        at java.base@17.0.11/sun.nio.ch.SelectorImpl.select(SelectorImpl.java:146)
        at app//org.apache.hadoop.ipc.Server$Listener$Reader.doRunLoop(Server.java:1346)
        at app//org.apache.hadoop.ipc.Server$Listener$Reader.run(Server.java:1325)
"PartialTableCache-Cleanup-0" daemon prio=5 tid=1571 in Object.wait()
java.lang.Thread.State: WAITING (on object monitor)
        at java.base@17.0.11/jdk.internal.misc.Unsafe.park(Native Method)
        at java.base@17.0.11/java.util.concurrent.locks.LockSupport.park(LockSupport.java:341)
        at java.base@17.0.11/java.util.concurrent.locks.AbstractQueuedSynchronizer$ConditionNode.block(AbstractQueuedSynchronizer.java:506)
        at java.base@17.0.11/java.util.concurrent.ForkJoinPool.unmanagedBlock(ForkJoinPool.java:3465)
        at java.base@17.0.11/java.util.concurrent.ForkJoinPool.managedBlock(ForkJoinPool.java:3436)
        at java.base@17.0.11/java.util.concurrent.locks.AbstractQueuedSynchronizer$ConditionObject.await(AbstractQueuedSynchronizer.java:1625)
        at java.base@17.0.11/java.util.concurrent.LinkedBlockingQueue.take(LinkedBlockingQueue.java:435)
        at java.base@17.0.11/java.util.concurrent.ThreadPoolExecutor.getTask(ThreadPoolExecutor.java:1062)
        at java.base@17.0.11/java.util.concurrent.ThreadPoolExecutor.runWorker(ThreadPoolExecutor.java:1122)
        at java.base@17.0.11/java.util.concurrent.ThreadPoolExecutor$Worker.run(ThreadPoolExecutor.java:635)
        at java.base@17.0.11/java.lang.Thread.run(Thread.java:840)
"IPC Server handler 86 on default port 15170" daemon prio=5 tid=5738 timed_waiting
java.lang.Thread.State: TIMED_WAITING
        at java.base@17.0.11/jdk.internal.misc.Unsafe.park(Native Method)
        at java.base@17.0.11/java.util.concurrent.locks.LockSupport.parkNanos(LockSupport.java:252)
        at java.base@17.0.11/java.util.concurrent.locks.AbstractQueuedSynchronizer$ConditionObject.awaitNanos(AbstractQueuedSynchronizer.java:1674)
        at java.base@17.0.11/java.util.concurrent.LinkedBlockingQueue.poll(LinkedBlockingQueue.java:460)
        at app//org.apache.hadoop.ipc.CallQueueManager.take(CallQueueManager.java:317)
        at app//org.apache.hadoop.ipc.Server$Handler.run(Server.java:3014)
"IPC Server handler 98 on default port 15170" daemon prio=5 tid=5750 timed_waiting
java.lang.Thread.State: TIMED_WAITING
        at java.base@17.0.11/jdk.internal.misc.Unsafe.park(Native Method)
        at java.base@17.0.11/java.util.concurrent.locks.LockSupport.parkNanos(LockSupport.java:252)
        at java.base@17.0.11/java.util.concurrent.locks.AbstractQueuedSynchronizer$ConditionObject.awaitNanos(AbstractQueuedSynchronizer.java:1674)
        at java.base@17.0.11/java.util.concurrent.LinkedBlockingQueue.poll(LinkedBlockingQueue.java:460)
        at app//org.apache.hadoop.ipc.CallQueueManager.take(CallQueueManager.java:317)
        at app//org.apache.hadoop.ipc.Server$Handler.run(Server.java:3014)
"IPC Server handler 33 on default port 15171" daemon prio=5 tid=5785 timed_waiting
java.lang.Thread.State: TIMED_WAITING
        at java.base@17.0.11/jdk.internal.misc.Unsafe.park(Native Method)
        at java.base@17.0.11/java.util.concurrent.locks.LockSupport.parkNanos(LockSupport.java:252)
        at java.base@17.0.11/java.util.concurrent.locks.AbstractQueuedSynchronizer$ConditionObject.awaitNanos(AbstractQueuedSynchronizer.java:1674)
        at java.base@17.0.11/java.util.concurrent.LinkedBlockingQueue.poll(LinkedBlockingQueue.java:460)
        at app//org.apache.hadoop.ipc.CallQueueManager.take(CallQueueManager.java:317)
        at app//org.apache.hadoop.ipc.Server$Handler.run(Server.java:3014)
"IPC Server handler 25 on default port 15172" daemon prio=5 tid=5877 timed_waiting
java.lang.Thread.State: TIMED_WAITING
        at java.base@17.0.11/jdk.internal.misc.Unsafe.park(Native Method)
        at java.base@17.0.11/java.util.concurrent.locks.LockSupport.parkNanos(LockSupport.java:252)
        at java.base@17.0.11/java.util.concurrent.locks.AbstractQueuedSynchronizer$ConditionObject.awaitNanos(AbstractQueuedSynchronizer.java:1674)
        at java.base@17.0.11/java.util.concurrent.LinkedBlockingQueue.poll(LinkedBlockingQueue.java:460)
        at app//org.apache.hadoop.ipc.CallQueueManager.take(CallQueueManager.java:317)
        at app//org.apache.hadoop.ipc.Server$Handler.run(Server.java:3014)
"IPC Server handler 31 on default port 15170" daemon prio=5 tid=5683 timed_waiting
java.lang.Thread.State: TIMED_WAITING
        at java.base@17.0.11/jdk.internal.misc.Unsafe.park(Native Method)
        at java.base@17.0.11/java.util.concurrent.locks.LockSupport.parkNanos(LockSupport.java:252)
        at java.base@17.0.11/java.util.concurrent.locks.AbstractQueuedSynchronizer$ConditionObject.awaitNanos(AbstractQueuedSynchronizer.java:1674)
        at java.base@17.0.11/java.util.concurrent.LinkedBlockingQueue.poll(LinkedBlockingQueue.java:460)
        at app//org.apache.hadoop.ipc.CallQueueManager.take(CallQueueManager.java:317)
        at app//org.apache.hadoop.ipc.Server$Handler.run(Server.java:3014)
"IPC Server handler 47 on default port 15171" daemon prio=5 tid=5799 timed_waiting
java.lang.Thread.State: TIMED_WAITING
        at java.base@17.0.11/jdk.internal.misc.Unsafe.park(Native Method)
        at java.base@17.0.11/java.util.concurrent.locks.LockSupport.parkNanos(LockSupport.java:252)
        at java.base@17.0.11/java.util.concurrent.locks.AbstractQueuedSynchronizer$ConditionObject.awaitNanos(AbstractQueuedSynchronizer.java:1674)
        at java.base@17.0.11/java.util.concurrent.LinkedBlockingQueue.poll(LinkedBlockingQueue.java:460)
        at app//org.apache.hadoop.ipc.CallQueueManager.take(CallQueueManager.java:317)
        at app//org.apache.hadoop.ipc.Server$Handler.run(Server.java:3014)
"IPC Server handler 19 on default port 15170" daemon prio=5 tid=5671 timed_waiting
java.lang.Thread.State: TIMED_WAITING
        at java.base@17.0.11/jdk.internal.misc.Unsafe.park(Native Method)
        at java.base@17.0.11/java.util.concurrent.locks.LockSupport.parkNanos(LockSupport.java:252)
        at java.base@17.0.11/java.util.concurrent.locks.AbstractQueuedSynchronizer$ConditionObject.awaitNanos(AbstractQueuedSynchronizer.java:1674)
        at java.base@17.0.11/java.util.concurrent.LinkedBlockingQueue.poll(LinkedBlockingQueue.java:460)
        at app//org.apache.hadoop.ipc.CallQueueManager.take(CallQueueManager.java:317)
        at app//org.apache.hadoop.ipc.Server$Handler.run(Server.java:3014)
"IPC Server handler 14 on default port 15170" daemon prio=5 tid=5666 timed_waiting
java.lang.Thread.State: TIMED_WAITING
        at java.base@17.0.11/jdk.internal.misc.Unsafe.park(Native Method)
        at java.base@17.0.11/java.util.concurrent.locks.LockSupport.parkNanos(LockSupport.java:252)
        at java.base@17.0.11/java.util.concurrent.locks.AbstractQueuedSynchronizer$ConditionObject.awaitNanos(AbstractQueuedSynchronizer.java:1674)
        at java.base@17.0.11/java.util.concurrent.LinkedBlockingQueue.poll(LinkedBlockingQueue.java:460)
        at app//org.apache.hadoop.ipc.CallQueueManager.take(CallQueueManager.java:317)
        at app//org.apache.hadoop.ipc.Server$Handler.run(Server.java:3014)
"IPC Server handler 36 on default port 15170" daemon prio=5 tid=5688 timed_waiting
java.lang.Thread.State: TIMED_WAITING
        at java.base@17.0.11/jdk.internal.misc.Unsafe.park(Native Method)
        at java.base@17.0.11/java.util.concurrent.locks.LockSupport.parkNanos(LockSupport.java:252)
        at java.base@17.0.11/java.util.concurrent.locks.AbstractQueuedSynchronizer$ConditionObject.awaitNanos(AbstractQueuedSynchronizer.java:1674)
        at java.base@17.0.11/java.util.concurrent.LinkedBlockingQueue.poll(LinkedBlockingQueue.java:460)
        at app//org.apache.hadoop.ipc.CallQueueManager.take(CallQueueManager.java:317)
        at app//org.apache.hadoop.ipc.Server$Handler.run(Server.java:3014)
"om1-DirectoryDeletingService#0" daemon prio=5 tid=5989 timed_waiting
java.lang.Thread.State: TIMED_WAITING
        at java.base@17.0.11/jdk.internal.misc.Unsafe.park(Native Method)
        at java.base@17.0.11/java.util.concurrent.locks.LockSupport.parkNanos(LockSupport.java:252)
        at java.base@17.0.11/java.util.concurrent.locks.AbstractQueuedSynchronizer$ConditionObject.awaitNanos(AbstractQueuedSynchronizer.java:1674)
        at java.base@17.0.11/java.util.concurrent.ScheduledThreadPoolExecutor$DelayedWorkQueue.take(ScheduledThreadPoolExecutor.java:1182)
        at java.base@17.0.11/java.util.concurrent.ScheduledThreadPoolExecutor$DelayedWorkQueue.take(ScheduledThreadPoolExecutor.java:899)
        at java.base@17.0.11/java.util.concurrent.ThreadPoolExecutor.getTask(ThreadPoolExecutor.java:1062)
        at java.base@17.0.11/java.util.concurrent.ThreadPoolExecutor.runWorker(ThreadPoolExecutor.java:1122)
        at java.base@17.0.11/java.util.concurrent.ThreadPoolExecutor$Worker.run(ThreadPoolExecutor.java:635)
        at java.base@17.0.11/java.lang.Thread.run(Thread.java:840)
"3a211404-6ca4-4ebc-bc53-908f8eaf8373-DatanodeStateMachineDaemonThread" daemon prio=5 tid=6045 timed_waiting
java.lang.Thread.State: TIMED_WAITING
        at java.base@17.0.11/java.lang.Thread.sleep(Native Method)
        at app//org.apache.hadoop.ozone.container.common.statemachine.DatanodeStateMachine.startStateMachineThread(DatanodeStateMachine.java:359)
        at app//org.apache.hadoop.ozone.container.common.statemachine.DatanodeStateMachine.lambda$startDaemon$1(DatanodeStateMachine.java:546)
        at app//org.apache.hadoop.ozone.container.common.statemachine.DatanodeStateMachine$$Lambda$1370/0x00007f07fc7e0aa8.run(Unknown Source)
        at java.base@17.0.11/java.lang.Thread.run(Thread.java:840)
"Socket Reader #1 for port 15170"  prio=5 tid=5636 runnable
java.lang.Thread.State: RUNNABLE
        at java.base@17.0.11/sun.nio.ch.EPoll.wait(Native Method)
        at java.base@17.0.11/sun.nio.ch.EPollSelectorImpl.doSelect(EPollSelectorImpl.java:118)
        at java.base@17.0.11/sun.nio.ch.SelectorImpl.lockAndDoSelect(SelectorImpl.java:129)
        at java.base@17.0.11/sun.nio.ch.SelectorImpl.select(SelectorImpl.java:146)
        at app//org.apache.hadoop.ipc.Server$Listener$Reader.doRunLoop(Server.java:1346)
        at app//org.apache.hadoop.ipc.Server$Listener$Reader.run(Server.java:1325)
"IPC Server handler 97 on default port 15171" daemon prio=5 tid=5849 timed_waiting
java.lang.Thread.State: TIMED_WAITING
        at java.base@17.0.11/jdk.internal.misc.Unsafe.park(Native Method)
        at java.base@17.0.11/java.util.concurrent.locks.LockSupport.parkNanos(LockSupport.java:252)
        at java.base@17.0.11/java.util.concurrent.locks.AbstractQueuedSynchronizer$ConditionObject.awaitNanos(AbstractQueuedSynchronizer.java:1674)
        at java.base@17.0.11/java.util.concurrent.LinkedBlockingQueue.poll(LinkedBlockingQueue.java:460)
        at app//org.apache.hadoop.ipc.CallQueueManager.take(CallQueueManager.java:317)
        at app//org.apache.hadoop.ipc.Server$Handler.run(Server.java:3014)
"3a211404-6ca4-4ebc-bc53-908f8eaf8373-ContainerOp-fb1bdc12-2724-4755-a5f7-a2a95399ac4d-1"  prio=5 tid=6105 in Object.wait()
java.lang.Thread.State: WAITING (on object monitor)
        at java.base@17.0.11/jdk.internal.misc.Unsafe.park(Native Method)
        at java.base@17.0.11/java.util.concurrent.locks.LockSupport.park(LockSupport.java:341)
        at java.base@17.0.11/java.util.concurrent.locks.AbstractQueuedSynchronizer$ConditionNode.block(AbstractQueuedSynchronizer.java:506)
        at java.base@17.0.11/java.util.concurrent.ForkJoinPool.unmanagedBlock(ForkJoinPool.java:3465)
        at java.base@17.0.11/java.util.concurrent.ForkJoinPool.managedBlock(ForkJoinPool.java:3436)
        at java.base@17.0.11/java.util.concurrent.locks.AbstractQueuedSynchronizer$ConditionObject.await(AbstractQueuedSynchronizer.java:1625)
        at java.base@17.0.11/java.util.concurrent.LinkedBlockingQueue.take(LinkedBlockingQueue.java:435)
        at java.base@17.0.11/java.util.concurrent.ThreadPoolExecutor.getTask(ThreadPoolExecutor.java:1062)
        at java.base@17.0.11/java.util.concurrent.ThreadPoolExecutor.runWorker(ThreadPoolExecutor.java:1122)
        at java.base@17.0.11/java.util.concurrent.ThreadPoolExecutor$Worker.run(ThreadPoolExecutor.java:635)
        at java.base@17.0.11/java.lang.Thread.run(Thread.java:840)
"qtp1497094670-6030" daemon prio=5 tid=6030 runnable
java.lang.Thread.State: RUNNABLE
        at java.base@17.0.11/sun.nio.ch.EPoll.wait(Native Method)
        at java.base@17.0.11/sun.nio.ch.EPollSelectorImpl.doSelect(EPollSelectorImpl.java:118)
        at java.base@17.0.11/sun.nio.ch.SelectorImpl.lockAndDoSelect(SelectorImpl.java:129)
        at java.base@17.0.11/sun.nio.ch.SelectorImpl.select(SelectorImpl.java:146)
        at app//org.eclipse.jetty.io.ManagedSelector.nioSelect(ManagedSelector.java:183)
        at app//org.eclipse.jetty.io.ManagedSelector.select(ManagedSelector.java:190)
        at app//org.eclipse.jetty.io.ManagedSelector$SelectorProducer.select(ManagedSelector.java:606)
        at app//org.eclipse.jetty.io.ManagedSelector$SelectorProducer.produce(ManagedSelector.java:543)
        at app//org.eclipse.jetty.util.thread.strategy.EatWhatYouKill.produceTask(EatWhatYouKill.java:362)
        at app//org.eclipse.jetty.util.thread.strategy.EatWhatYouKill.doProduce(EatWhatYouKill.java:186)
        at app//org.eclipse.jetty.util.thread.strategy.EatWhatYouKill.tryProduce(EatWhatYouKill.java:173)
        at app//org.eclipse.jetty.util.thread.strategy.EatWhatYouKill.produce(EatWhatYouKill.java:137)
        at app//org.eclipse.jetty.io.ManagedSelector$$Lambda$911/0x00007f07fc545508.run(Unknown Source)
        at app//org.eclipse.jetty.util.thread.QueuedThreadPool.runJob(QueuedThreadPool.java:883)
        at app//org.eclipse.jetty.util.thread.QueuedThreadPool$Runner.run(QueuedThreadPool.java:1034)
        at java.base@17.0.11/java.lang.Thread.run(Thread.java:840)
"IPC Server handler 66 on default port 15172" daemon prio=5 tid=5918 timed_waiting
java.lang.Thread.State: TIMED_WAITING
        at java.base@17.0.11/jdk.internal.misc.Unsafe.park(Native Method)
        at java.base@17.0.11/java.util.concurrent.locks.LockSupport.parkNanos(LockSupport.java:252)
        at java.base@17.0.11/java.util.concurrent.locks.AbstractQueuedSynchronizer$ConditionObject.awaitNanos(AbstractQueuedSynchronizer.java:1674)
        at java.base@17.0.11/java.util.concurrent.LinkedBlockingQueue.poll(LinkedBlockingQueue.java:460)
        at app//org.apache.hadoop.ipc.CallQueueManager.take(CallQueueManager.java:317)
        at app//org.apache.hadoop.ipc.Server$Handler.run(Server.java:3014)
"IPC Server handler 15 on default port 15174" daemon prio=5 tid=6020 timed_waiting
java.lang.Thread.State: TIMED_WAITING
        at java.base@17.0.11/jdk.internal.misc.Unsafe.park(Native Method)
        at java.base@17.0.11/java.util.concurrent.locks.LockSupport.parkNanos(LockSupport.java:252)
        at java.base@17.0.11/java.util.concurrent.locks.AbstractQueuedSynchronizer$ConditionObject.awaitNanos(AbstractQueuedSynchronizer.java:1674)
        at java.base@17.0.11/java.util.concurrent.LinkedBlockingQueue.poll(LinkedBlockingQueue.java:460)
        at app//org.apache.hadoop.ipc.CallQueueManager.take(CallQueueManager.java:317)
        at app//org.apache.hadoop.ipc.Server$Handler.run(Server.java:3014)
"IPC Server handler 89 on default port 15172" daemon prio=5 tid=5941 timed_waiting
java.lang.Thread.State: TIMED_WAITING
        at java.base@17.0.11/jdk.internal.misc.Unsafe.park(Native Method)
        at java.base@17.0.11/java.util.concurrent.locks.LockSupport.parkNanos(LockSupport.java:252)
        at java.base@17.0.11/java.util.concurrent.locks.AbstractQueuedSynchronizer$ConditionObject.awaitNanos(AbstractQueuedSynchronizer.java:1674)
        at java.base@17.0.11/java.util.concurrent.LinkedBlockingQueue.poll(LinkedBlockingQueue.java:460)
        at app//org.apache.hadoop.ipc.CallQueueManager.take(CallQueueManager.java:317)
        at app//org.apache.hadoop.ipc.Server$Handler.run(Server.java:3014)
"IPC Server handler 82 on default port 15172" daemon prio=5 tid=5934 timed_waiting
java.lang.Thread.State: TIMED_WAITING
        at java.base@17.0.11/jdk.internal.misc.Unsafe.park(Native Method)
        at java.base@17.0.11/java.util.concurrent.locks.LockSupport.parkNanos(LockSupport.java:252)
        at java.base@17.0.11/java.util.concurrent.locks.AbstractQueuedSynchronizer$ConditionObject.awaitNanos(AbstractQueuedSynchronizer.java:1674)
        at java.base@17.0.11/java.util.concurrent.LinkedBlockingQueue.poll(LinkedBlockingQueue.java:460)
        at app//org.apache.hadoop.ipc.CallQueueManager.take(CallQueueManager.java:317)
        at app//org.apache.hadoop.ipc.Server$Handler.run(Server.java:3014)
"null-request--thread1" daemon prio=5 tid=6100 timed_waiting
java.lang.Thread.State: TIMED_WAITING
        at java.base@17.0.11/jdk.internal.misc.Unsafe.park(Native Method)
        at java.base@17.0.11/java.util.concurrent.locks.LockSupport.parkNanos(LockSupport.java:252)
        at java.base@17.0.11/java.util.concurrent.locks.AbstractQueuedSynchronizer$ConditionObject.awaitNanos(AbstractQueuedSynchronizer.java:1674)
        at java.base@17.0.11/java.util.concurrent.LinkedBlockingQueue.poll(LinkedBlockingQueue.java:460)
        at java.base@17.0.11/java.util.concurrent.ThreadPoolExecutor.getTask(ThreadPoolExecutor.java:1061)
        at java.base@17.0.11/java.util.concurrent.ThreadPoolExecutor.runWorker(ThreadPoolExecutor.java:1122)
        at java.base@17.0.11/java.util.concurrent.ThreadPoolExecutor$Worker.run(ThreadPoolExecutor.java:635)
        at java.base@17.0.11/java.lang.Thread.run(Thread.java:840)
"IPC Server handler 60 on default port 15172" daemon prio=5 tid=5912 timed_waiting
java.lang.Thread.State: TIMED_WAITING
        at java.base@17.0.11/jdk.internal.misc.Unsafe.park(Native Method)
        at java.base@17.0.11/java.util.concurrent.locks.LockSupport.parkNanos(LockSupport.java:252)
        at java.base@17.0.11/java.util.concurrent.locks.AbstractQueuedSynchronizer$ConditionObject.awaitNanos(AbstractQueuedSynchronizer.java:1674)
        at java.base@17.0.11/java.util.concurrent.LinkedBlockingQueue.poll(LinkedBlockingQueue.java:460)
        at app//org.apache.hadoop.ipc.CallQueueManager.take(CallQueueManager.java:317)
        at app//org.apache.hadoop.ipc.Server$Handler.run(Server.java:3014)
"3a211404-6ca4-4ebc-bc53-908f8eaf8373-ChunkWriter-1-0" daemon prio=5 tid=6065 in Object.wait()
java.lang.Thread.State: WAITING (on object monitor)
        at java.base@17.0.11/jdk.internal.misc.Unsafe.park(Native Method)
        at java.base@17.0.11/java.util.concurrent.locks.LockSupport.park(LockSupport.java:341)
        at java.base@17.0.11/java.util.concurrent.locks.AbstractQueuedSynchronizer$ConditionNode.block(AbstractQueuedSynchronizer.java:506)
        at java.base@17.0.11/java.util.concurrent.ForkJoinPool.unmanagedBlock(ForkJoinPool.java:3465)
        at java.base@17.0.11/java.util.concurrent.ForkJoinPool.managedBlock(ForkJoinPool.java:3436)
        at java.base@17.0.11/java.util.concurrent.locks.AbstractQueuedSynchronizer$ConditionObject.await(AbstractQueuedSynchronizer.java:1625)
        at java.base@17.0.11/java.util.concurrent.LinkedBlockingDeque.takeFirst(LinkedBlockingDeque.java:485)
        at java.base@17.0.11/java.util.concurrent.LinkedBlockingDeque.take(LinkedBlockingDeque.java:673)
        at java.base@17.0.11/java.util.concurrent.ThreadPoolExecutor.getTask(ThreadPoolExecutor.java:1062)
        at java.base@17.0.11/java.util.concurrent.ThreadPoolExecutor.runWorker(ThreadPoolExecutor.java:1122)
        at java.base@17.0.11/java.util.concurrent.ThreadPoolExecutor$Worker.run(ThreadPoolExecutor.java:635)
        at java.base@17.0.11/java.lang.Thread.run(Thread.java:840)
"IPC Server handler 72 on default port 15170" daemon prio=5 tid=5724 timed_waiting
java.lang.Thread.State: TIMED_WAITING
        at java.base@17.0.11/jdk.internal.misc.Unsafe.park(Native Method)
        at java.base@17.0.11/java.util.concurrent.locks.LockSupport.parkNanos(LockSupport.java:252)
        at java.base@17.0.11/java.util.concurrent.locks.AbstractQueuedSynchronizer$ConditionObject.awaitNanos(AbstractQueuedSynchronizer.java:1674)
        at java.base@17.0.11/java.util.concurrent.LinkedBlockingQueue.poll(LinkedBlockingQueue.java:460)
        at app//org.apache.hadoop.ipc.CallQueueManager.take(CallQueueManager.java:317)
        at app//org.apache.hadoop.ipc.Server$Handler.run(Server.java:3014)
"IPC Server handler 65 on default port 15172" daemon prio=5 tid=5917 timed_waiting
java.lang.Thread.State: TIMED_WAITING
        at java.base@17.0.11/jdk.internal.misc.Unsafe.park(Native Method)
        at java.base@17.0.11/java.util.concurrent.locks.LockSupport.parkNanos(LockSupport.java:252)
        at java.base@17.0.11/java.util.concurrent.locks.AbstractQueuedSynchronizer$ConditionObject.awaitNanos(AbstractQueuedSynchronizer.java:1674)
        at java.base@17.0.11/java.util.concurrent.LinkedBlockingQueue.poll(LinkedBlockingQueue.java:460)
        at app//org.apache.hadoop.ipc.CallQueueManager.take(CallQueueManager.java:317)
        at app//org.apache.hadoop.ipc.Server$Handler.run(Server.java:3014)
"IPC Server handler 9 on default port 15172" daemon prio=5 tid=5861 timed_waiting
java.lang.Thread.State: TIMED_WAITING
        at java.base@17.0.11/jdk.internal.misc.Unsafe.park(Native Method)
        at java.base@17.0.11/java.util.concurrent.locks.LockSupport.parkNanos(LockSupport.java:252)
        at java.base@17.0.11/java.util.concurrent.locks.AbstractQueuedSynchronizer$ConditionObject.awaitNanos(AbstractQueuedSynchronizer.java:1674)
        at java.base@17.0.11/java.util.concurrent.LinkedBlockingQueue.poll(LinkedBlockingQueue.java:460)
        at app//org.apache.hadoop.ipc.CallQueueManager.take(CallQueueManager.java:317)
        at app//org.apache.hadoop.ipc.Server$Handler.run(Server.java:3014)
"IPC Server handler 16 on default port 15170" daemon prio=5 tid=5668 timed_waiting
java.lang.Thread.State: TIMED_WAITING
        at java.base@17.0.11/jdk.internal.misc.Unsafe.park(Native Method)
        at java.base@17.0.11/java.util.concurrent.locks.LockSupport.parkNanos(LockSupport.java:252)
        at java.base@17.0.11/java.util.concurrent.locks.AbstractQueuedSynchronizer$ConditionObject.awaitNanos(AbstractQueuedSynchronizer.java:1674)
        at java.base@17.0.11/java.util.concurrent.LinkedBlockingQueue.poll(LinkedBlockingQueue.java:460)
        at app//org.apache.hadoop.ipc.CallQueueManager.take(CallQueueManager.java:317)
        at app//org.apache.hadoop.ipc.Server$Handler.run(Server.java:3014)
"IPC Server handler 16 on default port 15171" daemon prio=5 tid=5768 timed_waiting
java.lang.Thread.State: TIMED_WAITING
        at java.base@17.0.11/jdk.internal.misc.Unsafe.park(Native Method)
        at java.base@17.0.11/java.util.concurrent.locks.LockSupport.parkNanos(LockSupport.java:252)
        at java.base@17.0.11/java.util.concurrent.locks.AbstractQueuedSynchronizer$ConditionObject.awaitNanos(AbstractQueuedSynchronizer.java:1674)
        at java.base@17.0.11/java.util.concurrent.LinkedBlockingQueue.poll(LinkedBlockingQueue.java:460)
        at app//org.apache.hadoop.ipc.CallQueueManager.take(CallQueueManager.java:317)
        at app//org.apache.hadoop.ipc.Server$Handler.run(Server.java:3014)
"IPC Server handler 78 on default port 15170" daemon prio=5 tid=5730 timed_waiting
java.lang.Thread.State: TIMED_WAITING
        at java.base@17.0.11/jdk.internal.misc.Unsafe.park(Native Method)
        at java.base@17.0.11/java.util.concurrent.locks.LockSupport.parkNanos(LockSupport.java:252)
        at java.base@17.0.11/java.util.concurrent.locks.AbstractQueuedSynchronizer$ConditionObject.awaitNanos(AbstractQueuedSynchronizer.java:1674)
        at java.base@17.0.11/java.util.concurrent.LinkedBlockingQueue.poll(LinkedBlockingQueue.java:460)
        at app//org.apache.hadoop.ipc.CallQueueManager.take(CallQueueManager.java:317)
        at app//org.apache.hadoop.ipc.Server$Handler.run(Server.java:3014)
"IPC Server handler 13 on default port 15171" daemon prio=5 tid=5765 timed_waiting
java.lang.Thread.State: TIMED_WAITING
        at java.base@17.0.11/jdk.internal.misc.Unsafe.park(Native Method)
        at java.base@17.0.11/java.util.concurrent.locks.LockSupport.parkNanos(LockSupport.java:252)
        at java.base@17.0.11/java.util.concurrent.locks.AbstractQueuedSynchronizer$ConditionObject.awaitNanos(AbstractQueuedSynchronizer.java:1674)
        at java.base@17.0.11/java.util.concurrent.LinkedBlockingQueue.poll(LinkedBlockingQueue.java:460)
        at app//org.apache.hadoop.ipc.CallQueueManager.take(CallQueueManager.java:317)
        at app//org.apache.hadoop.ipc.Server$Handler.run(Server.java:3014)
"gradle-enterprise-test-client-gradle-enterprise-test-listener"  prio=5 tid=18 in Object.wait()
java.lang.Thread.State: WAITING (on object monitor)
        at java.base@17.0.11/jdk.internal.misc.Unsafe.park(Native Method)
        at java.base@17.0.11/java.util.concurrent.locks.LockSupport.park(LockSupport.java:341)
        at java.base@17.0.11/java.util.concurrent.locks.AbstractQueuedSynchronizer$ConditionNode.block(AbstractQueuedSynchronizer.java:506)
        at java.base@17.0.11/java.util.concurrent.ForkJoinPool.unmanagedBlock(ForkJoinPool.java:3465)
        at java.base@17.0.11/java.util.concurrent.ForkJoinPool.managedBlock(ForkJoinPool.java:3436)
        at java.base@17.0.11/java.util.concurrent.locks.AbstractQueuedSynchronizer$ConditionObject.await(AbstractQueuedSynchronizer.java:1625)
        at java.base@17.0.11/java.util.concurrent.ArrayBlockingQueue.take(ArrayBlockingQueue.java:420)
        at app//com.gradle.maven.scan.extension.test.listener.obfuscated.k.a.a(SourceFile:130)
        at app//com.gradle.maven.scan.extension.test.listener.obfuscated.k.a.b(SourceFile:93)
        at app//com.gradle.maven.scan.extension.test.listener.obfuscated.k.a$$Lambda$311/0x00007f07fc0bf2d8.run(Unknown Source)
        at java.base@17.0.11/java.util.concurrent.Executors$RunnableAdapter.call(Executors.java:539)
        at java.base@17.0.11/java.util.concurrent.FutureTask.run(FutureTask.java:264)
        at java.base@17.0.11/java.util.concurrent.ThreadPoolExecutor.runWorker(ThreadPoolExecutor.java:1136)
        at java.base@17.0.11/java.util.concurrent.ThreadPoolExecutor$Worker.run(ThreadPoolExecutor.java:635)
        at java.base@17.0.11/java.lang.Thread.run(Thread.java:840)
"junit-jupiter-timeout-watcher"  prio=10 tid=20 timed_waiting
java.lang.Thread.State: TIMED_WAITING
        at java.base@17.0.11/jdk.internal.misc.Unsafe.park(Native Method)
        at java.base@17.0.11/java.util.concurrent.locks.LockSupport.parkNanos(LockSupport.java:252)
        at java.base@17.0.11/java.util.concurrent.locks.AbstractQueuedSynchronizer$ConditionObject.awaitNanos(AbstractQueuedSynchronizer.java:1674)
        at java.base@17.0.11/java.util.concurrent.ScheduledThreadPoolExecutor$DelayedWorkQueue.take(ScheduledThreadPoolExecutor.java:1182)
        at java.base@17.0.11/java.util.concurrent.ScheduledThreadPoolExecutor$DelayedWorkQueue.take(ScheduledThreadPoolExecutor.java:899)
        at java.base@17.0.11/java.util.concurrent.ThreadPoolExecutor.getTask(ThreadPoolExecutor.java:1062)
        at java.base@17.0.11/java.util.concurrent.ThreadPoolExecutor.runWorker(ThreadPoolExecutor.java:1122)
        at java.base@17.0.11/java.util.concurrent.ThreadPoolExecutor$Worker.run(ThreadPoolExecutor.java:635)
        at java.base@17.0.11/java.lang.Thread.run(Thread.java:840)
"3a211404-6ca4-4ebc-bc53-908f8eaf8373-ContainerOp-fb1bdc12-2724-4755-a5f7-a2a95399ac4d-3"  prio=5 tid=6108 in Object.wait()
java.lang.Thread.State: WAITING (on object monitor)
        at java.base@17.0.11/jdk.internal.misc.Unsafe.park(Native Method)
        at java.base@17.0.11/java.util.concurrent.locks.LockSupport.park(LockSupport.java:341)
        at java.base@17.0.11/java.util.concurrent.locks.AbstractQueuedSynchronizer$ConditionNode.block(AbstractQueuedSynchronizer.java:506)
        at java.base@17.0.11/java.util.concurrent.ForkJoinPool.unmanagedBlock(ForkJoinPool.java:3465)
        at java.base@17.0.11/java.util.concurrent.ForkJoinPool.managedBlock(ForkJoinPool.java:3436)
        at java.base@17.0.11/java.util.concurrent.locks.AbstractQueuedSynchronizer$ConditionObject.await(AbstractQueuedSynchronizer.java:1625)
        at java.base@17.0.11/java.util.concurrent.LinkedBlockingQueue.take(LinkedBlockingQueue.java:435)
        at java.base@17.0.11/java.util.concurrent.ThreadPoolExecutor.getTask(ThreadPoolExecutor.java:1062)
        at java.base@17.0.11/java.util.concurrent.ThreadPoolExecutor.runWorker(ThreadPoolExecutor.java:1122)
        at java.base@17.0.11/java.util.concurrent.ThreadPoolExecutor$Worker.run(ThreadPoolExecutor.java:635)
        at java.base@17.0.11/java.lang.Thread.run(Thread.java:840)
"IPC Server handler 82 on default port 15170" daemon prio=5 tid=5734 timed_waiting
java.lang.Thread.State: TIMED_WAITING
        at java.base@17.0.11/jdk.internal.misc.Unsafe.park(Native Method)
        at java.base@17.0.11/java.util.concurrent.locks.LockSupport.parkNanos(LockSupport.java:252)
        at java.base@17.0.11/java.util.concurrent.locks.AbstractQueuedSynchronizer$ConditionObject.awaitNanos(AbstractQueuedSynchronizer.java:1674)
        at java.base@17.0.11/java.util.concurrent.LinkedBlockingQueue.poll(LinkedBlockingQueue.java:460)
        at app//org.apache.hadoop.ipc.CallQueueManager.take(CallQueueManager.java:317)
        at app//org.apache.hadoop.ipc.Server$Handler.run(Server.java:3014)
"IPC Server handler 39 on default port 15170" daemon prio=5 tid=5691 timed_waiting
java.lang.Thread.State: TIMED_WAITING
        at java.base@17.0.11/jdk.internal.misc.Unsafe.park(Native Method)
        at java.base@17.0.11/java.util.concurrent.locks.LockSupport.parkNanos(LockSupport.java:252)
        at java.base@17.0.11/java.util.concurrent.locks.AbstractQueuedSynchronizer$ConditionObject.awaitNanos(AbstractQueuedSynchronizer.java:1674)
        at java.base@17.0.11/java.util.concurrent.LinkedBlockingQueue.poll(LinkedBlockingQueue.java:460)
        at app//org.apache.hadoop.ipc.CallQueueManager.take(CallQueueManager.java:317)
        at app//org.apache.hadoop.ipc.Server$Handler.run(Server.java:3014)
"IPC Server handler 35 on default port 15172" daemon prio=5 tid=5887 timed_waiting
java.lang.Thread.State: TIMED_WAITING
        at java.base@17.0.11/jdk.internal.misc.Unsafe.park(Native Method)
        at java.base@17.0.11/java.util.concurrent.locks.LockSupport.parkNanos(LockSupport.java:252)
        at java.base@17.0.11/java.util.concurrent.locks.AbstractQueuedSynchronizer$ConditionObject.awaitNanos(AbstractQueuedSynchronizer.java:1674)
        at java.base@17.0.11/java.util.concurrent.LinkedBlockingQueue.poll(LinkedBlockingQueue.java:460)
        at app//org.apache.hadoop.ipc.CallQueueManager.take(CallQueueManager.java:317)
        at app//org.apache.hadoop.ipc.Server$Handler.run(Server.java:3014)
"IPC Server handler 7 on default port 15174" daemon prio=5 tid=6012 timed_waiting
java.lang.Thread.State: TIMED_WAITING
        at java.base@17.0.11/jdk.internal.misc.Unsafe.park(Native Method)
        at java.base@17.0.11/java.util.concurrent.locks.LockSupport.parkNanos(LockSupport.java:252)
        at java.base@17.0.11/java.util.concurrent.locks.AbstractQueuedSynchronizer$ConditionObject.awaitNanos(AbstractQueuedSynchronizer.java:1674)
        at java.base@17.0.11/java.util.concurrent.LinkedBlockingQueue.poll(LinkedBlockingQueue.java:460)
        at app//org.apache.hadoop.ipc.CallQueueManager.take(CallQueueManager.java:317)
        at app//org.apache.hadoop.ipc.Server$Handler.run(Server.java:3014)
"IPC Server handler 41 on default port 15172" daemon prio=5 tid=5893 timed_waiting
java.lang.Thread.State: TIMED_WAITING
        at java.base@17.0.11/jdk.internal.misc.Unsafe.park(Native Method)
        at java.base@17.0.11/java.util.concurrent.locks.LockSupport.parkNanos(LockSupport.java:252)
        at java.base@17.0.11/java.util.concurrent.locks.AbstractQueuedSynchronizer$ConditionObject.awaitNanos(AbstractQueuedSynchronizer.java:1674)
        at java.base@17.0.11/java.util.concurrent.LinkedBlockingQueue.poll(LinkedBlockingQueue.java:460)
        at app//org.apache.hadoop.ipc.CallQueueManager.take(CallQueueManager.java:317)
        at app//org.apache.hadoop.ipc.Server$Handler.run(Server.java:3014)
"IPC Server handler 8 on default port 15172" daemon prio=5 tid=5860 timed_waiting
java.lang.Thread.State: TIMED_WAITING
        at java.base@17.0.11/jdk.internal.misc.Unsafe.park(Native Method)
        at java.base@17.0.11/java.util.concurrent.locks.LockSupport.parkNanos(LockSupport.java:252)
        at java.base@17.0.11/java.util.concurrent.locks.AbstractQueuedSynchronizer$ConditionObject.awaitNanos(AbstractQueuedSynchronizer.java:1674)
        at java.base@17.0.11/java.util.concurrent.LinkedBlockingQueue.poll(LinkedBlockingQueue.java:460)
        at app//org.apache.hadoop.ipc.CallQueueManager.take(CallQueueManager.java:317)
        at app//org.apache.hadoop.ipc.Server$Handler.run(Server.java:3014)
"IPC Server handler 13 on default port 15172" daemon prio=5 tid=5865 timed_waiting
java.lang.Thread.State: TIMED_WAITING
        at java.base@17.0.11/jdk.internal.misc.Unsafe.park(Native Method)
        at java.base@17.0.11/java.util.concurrent.locks.LockSupport.parkNanos(LockSupport.java:252)
        at java.base@17.0.11/java.util.concurrent.locks.AbstractQueuedSynchronizer$ConditionObject.awaitNanos(AbstractQueuedSynchronizer.java:1674)
        at java.base@17.0.11/java.util.concurrent.LinkedBlockingQueue.poll(LinkedBlockingQueue.java:460)
        at app//org.apache.hadoop.ipc.CallQueueManager.take(CallQueueManager.java:317)
        at app//org.apache.hadoop.ipc.Server$Handler.run(Server.java:3014)
"IPC Server Responder" daemon prio=5 tid=5633 runnable
java.lang.Thread.State: RUNNABLE
        at java.base@17.0.11/sun.nio.ch.EPoll.wait(Native Method)
        at java.base@17.0.11/sun.nio.ch.EPollSelectorImpl.doSelect(EPollSelectorImpl.java:118)
        at java.base@17.0.11/sun.nio.ch.SelectorImpl.lockAndDoSelect(SelectorImpl.java:129)
        at java.base@17.0.11/sun.nio.ch.SelectorImpl.select(SelectorImpl.java:141)
        at app//org.apache.hadoop.ipc.Server$Responder.doRunLoop(Server.java:1582)
        at app//org.apache.hadoop.ipc.Server$Responder.run(Server.java:1565)
"PartialTableCache-Cleanup-0" daemon prio=5 tid=1595 in Object.wait()
java.lang.Thread.State: WAITING (on object monitor)
        at java.base@17.0.11/jdk.internal.misc.Unsafe.park(Native Method)
        at java.base@17.0.11/java.util.concurrent.locks.LockSupport.park(LockSupport.java:341)
        at java.base@17.0.11/java.util.concurrent.locks.AbstractQueuedSynchronizer$ConditionNode.block(AbstractQueuedSynchronizer.java:506)
        at java.base@17.0.11/java.util.concurrent.ForkJoinPool.unmanagedBlock(ForkJoinPool.java:3465)
        at java.base@17.0.11/java.util.concurrent.ForkJoinPool.managedBlock(ForkJoinPool.java:3436)
        at java.base@17.0.11/java.util.concurrent.locks.AbstractQueuedSynchronizer$ConditionObject.await(AbstractQueuedSynchronizer.java:1625)
        at java.base@17.0.11/java.util.concurrent.LinkedBlockingQueue.take(LinkedBlockingQueue.java:435)
        at java.base@17.0.11/java.util.concurrent.ThreadPoolExecutor.getTask(ThreadPoolExecutor.java:1062)
        at java.base@17.0.11/java.util.concurrent.ThreadPoolExecutor.runWorker(ThreadPoolExecutor.java:1122)
        at java.base@17.0.11/java.util.concurrent.ThreadPoolExecutor$Worker.run(ThreadPoolExecutor.java:635)
        at java.base@17.0.11/java.lang.Thread.run(Thread.java:840)
"timer4" daemon prio=5 tid=1587 timed_waiting
java.lang.Thread.State: TIMED_WAITING
        at java.base@17.0.11/java.lang.Object.wait(Native Method)
        at java.base@17.0.11/java.util.TimerThread.mainLoop(Timer.java:563)
        at java.base@17.0.11/java.util.TimerThread.run(Timer.java:516)
"3a211404-6ca4-4ebc-bc53-908f8eaf8373-ChunkWriter-2-0" daemon prio=5 tid=6066 in Object.wait()
java.lang.Thread.State: WAITING (on object monitor)
        at java.base@17.0.11/jdk.internal.misc.Unsafe.park(Native Method)
        at java.base@17.0.11/java.util.concurrent.locks.LockSupport.park(LockSupport.java:341)
        at java.base@17.0.11/java.util.concurrent.locks.AbstractQueuedSynchronizer$ConditionNode.block(AbstractQueuedSynchronizer.java:506)
        at java.base@17.0.11/java.util.concurrent.ForkJoinPool.unmanagedBlock(ForkJoinPool.java:3465)
        at java.base@17.0.11/java.util.concurrent.ForkJoinPool.managedBlock(ForkJoinPool.java:3436)
        at java.base@17.0.11/java.util.concurrent.locks.AbstractQueuedSynchronizer$ConditionObject.await(AbstractQueuedSynchronizer.java:1625)
        at java.base@17.0.11/java.util.concurrent.LinkedBlockingDeque.takeFirst(LinkedBlockingDeque.java:485)
        at java.base@17.0.11/java.util.concurrent.LinkedBlockingDeque.take(LinkedBlockingDeque.java:673)
        at java.base@17.0.11/java.util.concurrent.ThreadPoolExecutor.getTask(ThreadPoolExecutor.java:1062)
        at java.base@17.0.11/java.util.concurrent.ThreadPoolExecutor.runWorker(ThreadPoolExecutor.java:1122)
        at java.base@17.0.11/java.util.concurrent.ThreadPoolExecutor$Worker.run(ThreadPoolExecutor.java:635)
        at java.base@17.0.11/java.lang.Thread.run(Thread.java:840)
"IPC Server handler 7 on default port 15170" daemon prio=5 tid=5659 timed_waiting
java.lang.Thread.State: TIMED_WAITING
        at java.base@17.0.11/jdk.internal.misc.Unsafe.park(Native Method)
        at java.base@17.0.11/java.util.concurrent.locks.LockSupport.parkNanos(LockSupport.java:252)
        at java.base@17.0.11/java.util.concurrent.locks.AbstractQueuedSynchronizer$ConditionObject.awaitNanos(AbstractQueuedSynchronizer.java:1674)
        at java.base@17.0.11/java.util.concurrent.LinkedBlockingQueue.poll(LinkedBlockingQueue.java:460)
        at app//org.apache.hadoop.ipc.CallQueueManager.take(CallQueueManager.java:317)
        at app//org.apache.hadoop.ipc.Server$Handler.run(Server.java:3014)
"IPC Server handler 43 on default port 15170" daemon prio=5 tid=5695 timed_waiting
java.lang.Thread.State: TIMED_WAITING
        at java.base@17.0.11/jdk.internal.misc.Unsafe.park(Native Method)
        at java.base@17.0.11/java.util.concurrent.locks.LockSupport.parkNanos(LockSupport.java:252)
        at java.base@17.0.11/java.util.concurrent.locks.AbstractQueuedSynchronizer$ConditionObject.awaitNanos(AbstractQueuedSynchronizer.java:1674)
        at java.base@17.0.11/java.util.concurrent.LinkedBlockingQueue.poll(LinkedBlockingQueue.java:460)
        at app//org.apache.hadoop.ipc.CallQueueManager.take(CallQueueManager.java:317)
        at app//org.apache.hadoop.ipc.Server$Handler.run(Server.java:3014)
"IPC Server handler 91 on default port 15171" daemon prio=5 tid=5843 timed_waiting
java.lang.Thread.State: TIMED_WAITING
        at java.base@17.0.11/jdk.internal.misc.Unsafe.park(Native Method)
        at java.base@17.0.11/java.util.concurrent.locks.LockSupport.parkNanos(LockSupport.java:252)
        at java.base@17.0.11/java.util.concurrent.locks.AbstractQueuedSynchronizer$ConditionObject.awaitNanos(AbstractQueuedSynchronizer.java:1674)
        at java.base@17.0.11/java.util.concurrent.LinkedBlockingQueue.poll(LinkedBlockingQueue.java:460)
        at app//org.apache.hadoop.ipc.CallQueueManager.take(CallQueueManager.java:317)
        at app//org.apache.hadoop.ipc.Server$Handler.run(Server.java:3014)
"IPC Server handler 96 on default port 15170" daemon prio=5 tid=5748 timed_waiting
java.lang.Thread.State: TIMED_WAITING
        at java.base@17.0.11/jdk.internal.misc.Unsafe.park(Native Method)
        at java.base@17.0.11/java.util.concurrent.locks.LockSupport.parkNanos(LockSupport.java:252)
        at java.base@17.0.11/java.util.concurrent.locks.AbstractQueuedSynchronizer$ConditionObject.awaitNanos(AbstractQueuedSynchronizer.java:1674)
        at java.base@17.0.11/java.util.concurrent.LinkedBlockingQueue.poll(LinkedBlockingQueue.java:460)
        at app//org.apache.hadoop.ipc.CallQueueManager.take(CallQueueManager.java:317)
        at app//org.apache.hadoop.ipc.Server$Handler.run(Server.java:3014)
"3a211404-6ca4-4ebc-bc53-908f8eaf8373-ContainerOp-fb1bdc12-2724-4755-a5f7-a2a95399ac4d-0"  prio=5 tid=6104 in Object.wait()
java.lang.Thread.State: WAITING (on object monitor)
        at java.base@17.0.11/jdk.internal.misc.Unsafe.park(Native Method)
        at java.base@17.0.11/java.util.concurrent.locks.LockSupport.park(LockSupport.java:341)
        at java.base@17.0.11/java.util.concurrent.locks.AbstractQueuedSynchronizer$ConditionNode.block(AbstractQueuedSynchronizer.java:506)
        at java.base@17.0.11/java.util.concurrent.ForkJoinPool.unmanagedBlock(ForkJoinPool.java:3465)
        at java.base@17.0.11/java.util.concurrent.ForkJoinPool.managedBlock(ForkJoinPool.java:3436)
        at java.base@17.0.11/java.util.concurrent.locks.AbstractQueuedSynchronizer$ConditionObject.await(AbstractQueuedSynchronizer.java:1625)
        at java.base@17.0.11/java.util.concurrent.LinkedBlockingQueue.take(LinkedBlockingQueue.java:435)
        at java.base@17.0.11/java.util.concurrent.ThreadPoolExecutor.getTask(ThreadPoolExecutor.java:1062)
        at java.base@17.0.11/java.util.concurrent.ThreadPoolExecutor.runWorker(ThreadPoolExecutor.java:1122)
        at java.base@17.0.11/java.util.concurrent.ThreadPoolExecutor$Worker.run(ThreadPoolExecutor.java:635)
        at java.base@17.0.11/java.lang.Thread.run(Thread.java:840)
"qtp830475910-6000" daemon prio=5 tid=6000 timed_waiting
java.lang.Thread.State: TIMED_WAITING
        at java.base@17.0.11/jdk.internal.misc.Unsafe.park(Native Method)
        at java.base@17.0.11/java.util.concurrent.locks.LockSupport.parkNanos(LockSupport.java:252)
        at java.base@17.0.11/java.util.concurrent.locks.AbstractQueuedSynchronizer$ConditionObject.awaitNanos(AbstractQueuedSynchronizer.java:1674)
        at app//org.eclipse.jetty.util.BlockingArrayQueue.poll(BlockingArrayQueue.java:382)
        at app//org.eclipse.jetty.util.thread.QueuedThreadPool$Runner.idleJobPoll(QueuedThreadPool.java:974)
        at app//org.eclipse.jetty.util.thread.QueuedThreadPool$Runner.run(QueuedThreadPool.java:1018)
        at java.base@17.0.11/java.lang.Thread.run(Thread.java:840)
"IPC Server idle connection scanner for port 15171" daemon prio=5 tid=5632 timed_waiting
java.lang.Thread.State: TIMED_WAITING
        at java.base@17.0.11/java.lang.Object.wait(Native Method)
        at java.base@17.0.11/java.util.TimerThread.mainLoop(Timer.java:563)
        at java.base@17.0.11/java.util.TimerThread.run(Timer.java:516)
"IPC Server handler 59 on default port 15171" daemon prio=5 tid=5811 timed_waiting
java.lang.Thread.State: TIMED_WAITING
        at java.base@17.0.11/jdk.internal.misc.Unsafe.park(Native Method)
        at java.base@17.0.11/java.util.concurrent.locks.LockSupport.parkNanos(LockSupport.java:252)
        at java.base@17.0.11/java.util.concurrent.locks.AbstractQueuedSynchronizer$ConditionObject.awaitNanos(AbstractQueuedSynchronizer.java:1674)
        at java.base@17.0.11/java.util.concurrent.LinkedBlockingQueue.poll(LinkedBlockingQueue.java:460)
        at app//org.apache.hadoop.ipc.CallQueueManager.take(CallQueueManager.java:317)
        at app//org.apache.hadoop.ipc.Server$Handler.run(Server.java:3014)
"PartialTableCache-Cleanup-0" daemon prio=5 tid=2370 in Object.wait()
java.lang.Thread.State: WAITING (on object monitor)
        at java.base@17.0.11/jdk.internal.misc.Unsafe.park(Native Method)
        at java.base@17.0.11/java.util.concurrent.locks.LockSupport.park(LockSupport.java:341)
        at java.base@17.0.11/java.util.concurrent.locks.AbstractQueuedSynchronizer$ConditionNode.block(AbstractQueuedSynchronizer.java:506)
        at java.base@17.0.11/java.util.concurrent.ForkJoinPool.unmanagedBlock(ForkJoinPool.java:3465)
        at java.base@17.0.11/java.util.concurrent.ForkJoinPool.managedBlock(ForkJoinPool.java:3436)
        at java.base@17.0.11/java.util.concurrent.locks.AbstractQueuedSynchronizer$ConditionObject.await(AbstractQueuedSynchronizer.java:1625)
        at java.base@17.0.11/java.util.concurrent.LinkedBlockingQueue.take(LinkedBlockingQueue.java:435)
        at java.base@17.0.11/java.util.concurrent.ThreadPoolExecutor.getTask(ThreadPoolExecutor.java:1062)
        at java.base@17.0.11/java.util.concurrent.ThreadPoolExecutor.runWorker(ThreadPoolExecutor.java:1122)
        at java.base@17.0.11/java.util.concurrent.ThreadPoolExecutor$Worker.run(ThreadPoolExecutor.java:635)
        at java.base@17.0.11/java.lang.Thread.run(Thread.java:840)
"IPC Server handler 51 on default port 15170" daemon prio=5 tid=5703 timed_waiting
java.lang.Thread.State: TIMED_WAITING
        at java.base@17.0.11/jdk.internal.misc.Unsafe.park(Native Method)
        at java.base@17.0.11/java.util.concurrent.locks.LockSupport.parkNanos(LockSupport.java:252)
        at java.base@17.0.11/java.util.concurrent.locks.AbstractQueuedSynchronizer$ConditionObject.awaitNanos(AbstractQueuedSynchronizer.java:1674)
        at java.base@17.0.11/java.util.concurrent.LinkedBlockingQueue.poll(LinkedBlockingQueue.java:460)
        at app//org.apache.hadoop.ipc.CallQueueManager.take(CallQueueManager.java:317)
        at app//org.apache.hadoop.ipc.Server$Handler.run(Server.java:3014)
"IPC Server handler 88 on default port 15171" daemon prio=5 tid=5840 timed_waiting
java.lang.Thread.State: TIMED_WAITING
        at java.base@17.0.11/jdk.internal.misc.Unsafe.park(Native Method)
        at java.base@17.0.11/java.util.concurrent.locks.LockSupport.parkNanos(LockSupport.java:252)
        at java.base@17.0.11/java.util.concurrent.locks.AbstractQueuedSynchronizer$ConditionObject.awaitNanos(AbstractQueuedSynchronizer.java:1674)
        at java.base@17.0.11/java.util.concurrent.LinkedBlockingQueue.poll(LinkedBlockingQueue.java:460)
        at app//org.apache.hadoop.ipc.CallQueueManager.take(CallQueueManager.java:317)
        at app//org.apache.hadoop.ipc.Server$Handler.run(Server.java:3014)
"3a211404-6ca4-4ebc-bc53-908f8eaf8373@group-A2A95399AC4D-LeaderStateImpl" daemon prio=5 tid=6102 timed_waiting
java.lang.Thread.State: TIMED_WAITING
        at java.base@17.0.11/jdk.internal.misc.Unsafe.park(Native Method)
        at java.base@17.0.11/java.util.concurrent.locks.LockSupport.parkNanos(LockSupport.java:252)
        at java.base@17.0.11/java.util.concurrent.locks.AbstractQueuedSynchronizer$ConditionObject.awaitNanos(AbstractQueuedSynchronizer.java:1674)
        at java.base@17.0.11/java.util.concurrent.ArrayBlockingQueue.poll(ArrayBlockingQueue.java:435)
        at app//org.apache.ratis.server.impl.LeaderStateImpl$EventQueue.poll(LeaderStateImpl.java:164)
        at app//org.apache.ratis.server.impl.LeaderStateImpl$EventProcessor.run(LeaderStateImpl.java:762)
"IPC Server handler 32 on default port 15170" daemon prio=5 tid=5684 timed_waiting
java.lang.Thread.State: TIMED_WAITING
        at java.base@17.0.11/jdk.internal.misc.Unsafe.park(Native Method)
        at java.base@17.0.11/java.util.concurrent.locks.LockSupport.parkNanos(LockSupport.java:252)
        at java.base@17.0.11/java.util.concurrent.locks.AbstractQueuedSynchronizer$ConditionObject.awaitNanos(AbstractQueuedSynchronizer.java:1674)
        at java.base@17.0.11/java.util.concurrent.LinkedBlockingQueue.poll(LinkedBlockingQueue.java:460)
        at app//org.apache.hadoop.ipc.CallQueueManager.take(CallQueueManager.java:317)
        at app//org.apache.hadoop.ipc.Server$Handler.run(Server.java:3014)
"IPC Server handler 77 on default port 15170" daemon prio=5 tid=5729 timed_waiting
java.lang.Thread.State: TIMED_WAITING
        at java.base@17.0.11/jdk.internal.misc.Unsafe.park(Native Method)
        at java.base@17.0.11/java.util.concurrent.locks.LockSupport.parkNanos(LockSupport.java:252)
        at java.base@17.0.11/java.util.concurrent.locks.AbstractQueuedSynchronizer$ConditionObject.awaitNanos(AbstractQueuedSynchronizer.java:1674)
        at java.base@17.0.11/java.util.concurrent.LinkedBlockingQueue.poll(LinkedBlockingQueue.java:460)
        at app//org.apache.hadoop.ipc.CallQueueManager.take(CallQueueManager.java:317)
        at app//org.apache.hadoop.ipc.Server$Handler.run(Server.java:3014)
"IPC Server handler 14 on default port 15171" daemon prio=5 tid=5766 timed_waiting
java.lang.Thread.State: TIMED_WAITING
        at java.base@17.0.11/jdk.internal.misc.Unsafe.park(Native Method)
        at java.base@17.0.11/java.util.concurrent.locks.LockSupport.parkNanos(LockSupport.java:252)
        at java.base@17.0.11/java.util.concurrent.locks.AbstractQueuedSynchronizer$ConditionObject.awaitNanos(AbstractQueuedSynchronizer.java:1674)
        at java.base@17.0.11/java.util.concurrent.LinkedBlockingQueue.poll(LinkedBlockingQueue.java:460)
        at app//org.apache.hadoop.ipc.CallQueueManager.take(CallQueueManager.java:317)
        at app//org.apache.hadoop.ipc.Server$Handler.run(Server.java:3014)
"om1-OpenKeyCleanupService#0" daemon prio=5 tid=5990 timed_waiting
java.lang.Thread.State: TIMED_WAITING
        at java.base@17.0.11/jdk.internal.misc.Unsafe.park(Native Method)
        at java.base@17.0.11/java.util.concurrent.locks.LockSupport.parkNanos(LockSupport.java:252)
        at java.base@17.0.11/java.util.concurrent.locks.AbstractQueuedSynchronizer$ConditionObject.awaitNanos(AbstractQueuedSynchronizer.java:1674)
        at java.base@17.0.11/java.util.concurrent.ScheduledThreadPoolExecutor$DelayedWorkQueue.take(ScheduledThreadPoolExecutor.java:1182)
        at java.base@17.0.11/java.util.concurrent.ScheduledThreadPoolExecutor$DelayedWorkQueue.take(ScheduledThreadPoolExecutor.java:899)
        at java.base@17.0.11/java.util.concurrent.ThreadPoolExecutor.getTask(ThreadPoolExecutor.java:1062)
        at java.base@17.0.11/java.util.concurrent.ThreadPoolExecutor.runWorker(ThreadPoolExecutor.java:1122)
        at java.base@17.0.11/java.util.concurrent.ThreadPoolExecutor$Worker.run(ThreadPoolExecutor.java:635)
        at java.base@17.0.11/java.lang.Thread.run(Thread.java:840)
"JvmPauseMonitor31" daemon prio=5 tid=5983 timed_waiting
java.lang.Thread.State: TIMED_WAITING
        at java.base@17.0.11/java.lang.Thread.sleep(Native Method)
        at java.base@17.0.11/java.lang.Thread.sleep(Thread.java:344)
        at java.base@17.0.11/java.util.concurrent.TimeUnit.sleep(TimeUnit.java:446)
        at app//org.apache.ratis.util.TimeDuration.sleep(TimeDuration.java:353)
        at app//org.apache.ratis.util.TimeDuration.sleep(TimeDuration.java:338)
        at app//org.apache.ratis.util.JvmPauseMonitor.detectPause(JvmPauseMonitor.java:160)
        at app//org.apache.ratis.util.JvmPauseMonitor.run(JvmPauseMonitor.java:149)
        at app//org.apache.ratis.util.JvmPauseMonitor$$Lambda$874/0x00007f07fc4e8b78.run(Unknown Source)
        at java.base@17.0.11/java.lang.Thread.run(Thread.java:840)
"IPC Server handler 90 on default port 15171" daemon prio=5 tid=5842 timed_waiting
java.lang.Thread.State: TIMED_WAITING
        at java.base@17.0.11/jdk.internal.misc.Unsafe.park(Native Method)
        at java.base@17.0.11/java.util.concurrent.locks.LockSupport.parkNanos(LockSupport.java:252)
        at java.base@17.0.11/java.util.concurrent.locks.AbstractQueuedSynchronizer$ConditionObject.awaitNanos(AbstractQueuedSynchronizer.java:1674)
        at java.base@17.0.11/java.util.concurrent.LinkedBlockingQueue.poll(LinkedBlockingQueue.java:460)
        at app//org.apache.hadoop.ipc.CallQueueManager.take(CallQueueManager.java:317)
        at app//org.apache.hadoop.ipc.Server$Handler.run(Server.java:3014)
"SCMHeartbeatProcessor-0" daemon prio=5 tid=5617 timed_waiting
java.lang.Thread.State: TIMED_WAITING
        at java.base@17.0.11/jdk.internal.misc.Unsafe.park(Native Method)
        at java.base@17.0.11/java.util.concurrent.locks.LockSupport.parkNanos(LockSupport.java:252)
        at java.base@17.0.11/java.util.concurrent.locks.AbstractQueuedSynchronizer$ConditionObject.awaitNanos(AbstractQueuedSynchronizer.java:1674)
        at java.base@17.0.11/java.util.concurrent.ScheduledThreadPoolExecutor$DelayedWorkQueue.take(ScheduledThreadPoolExecutor.java:1182)
        at java.base@17.0.11/java.util.concurrent.ScheduledThreadPoolExecutor$DelayedWorkQueue.take(ScheduledThreadPoolExecutor.java:899)
        at java.base@17.0.11/java.util.concurrent.ThreadPoolExecutor.getTask(ThreadPoolExecutor.java:1062)
        at java.base@17.0.11/java.util.concurrent.ThreadPoolExecutor.runWorker(ThreadPoolExecutor.java:1122)
        at java.base@17.0.11/java.util.concurrent.ThreadPoolExecutor$Worker.run(ThreadPoolExecutor.java:635)
        at java.base@17.0.11/java.lang.Thread.run(Thread.java:840)
"IPC Server handler 92 on default port 15170" daemon prio=5 tid=5744 timed_waiting
java.lang.Thread.State: TIMED_WAITING
        at java.base@17.0.11/jdk.internal.misc.Unsafe.park(Native Method)
        at java.base@17.0.11/java.util.concurrent.locks.LockSupport.parkNanos(LockSupport.java:252)
        at java.base@17.0.11/java.util.concurrent.locks.AbstractQueuedSynchronizer$ConditionObject.awaitNanos(AbstractQueuedSynchronizer.java:1674)
        at java.base@17.0.11/java.util.concurrent.LinkedBlockingQueue.poll(LinkedBlockingQueue.java:460)
        at app//org.apache.hadoop.ipc.CallQueueManager.take(CallQueueManager.java:317)
        at app//org.apache.hadoop.ipc.Server$Handler.run(Server.java:3014)
"IPC Server handler 16 on default port 15172" daemon prio=5 tid=5868 timed_waiting
java.lang.Thread.State: TIMED_WAITING
        at java.base@17.0.11/jdk.internal.misc.Unsafe.park(Native Method)
        at java.base@17.0.11/java.util.concurrent.locks.LockSupport.parkNanos(LockSupport.java:252)
        at java.base@17.0.11/java.util.concurrent.locks.AbstractQueuedSynchronizer$ConditionObject.awaitNanos(AbstractQueuedSynchronizer.java:1674)
        at java.base@17.0.11/java.util.concurrent.LinkedBlockingQueue.poll(LinkedBlockingQueue.java:460)
        at app//org.apache.hadoop.ipc.CallQueueManager.take(CallQueueManager.java:317)
        at app//org.apache.hadoop.ipc.Server$Handler.run(Server.java:3014)
"IPC Server handler 73 on default port 15170" daemon prio=5 tid=5725 timed_waiting
java.lang.Thread.State: TIMED_WAITING
        at java.base@17.0.11/jdk.internal.misc.Unsafe.park(Native Method)
        at java.base@17.0.11/java.util.concurrent.locks.LockSupport.parkNanos(LockSupport.java:252)
        at java.base@17.0.11/java.util.concurrent.locks.AbstractQueuedSynchronizer$ConditionObject.awaitNanos(AbstractQueuedSynchronizer.java:1674)
        at java.base@17.0.11/java.util.concurrent.LinkedBlockingQueue.poll(LinkedBlockingQueue.java:460)
        at app//org.apache.hadoop.ipc.CallQueueManager.take(CallQueueManager.java:317)
        at app//org.apache.hadoop.ipc.Server$Handler.run(Server.java:3014)
"3a211404-6ca4-4ebc-bc53-908f8eaf8373-BlockDeletingService#0" daemon prio=5 tid=6070 timed_waiting
java.lang.Thread.State: TIMED_WAITING
        at java.base@17.0.11/jdk.internal.misc.Unsafe.park(Native Method)
        at java.base@17.0.11/java.util.concurrent.locks.LockSupport.parkNanos(LockSupport.java:252)
        at java.base@17.0.11/java.util.concurrent.locks.AbstractQueuedSynchronizer$ConditionObject.awaitNanos(AbstractQueuedSynchronizer.java:1674)
        at java.base@17.0.11/java.util.concurrent.ScheduledThreadPoolExecutor$DelayedWorkQueue.take(ScheduledThreadPoolExecutor.java:1182)
        at java.base@17.0.11/java.util.concurrent.ScheduledThreadPoolExecutor$DelayedWorkQueue.take(ScheduledThreadPoolExecutor.java:899)
        at java.base@17.0.11/java.util.concurrent.ThreadPoolExecutor.getTask(ThreadPoolExecutor.java:1062)
        at java.base@17.0.11/java.util.concurrent.ThreadPoolExecutor.runWorker(ThreadPoolExecutor.java:1122)
        at java.base@17.0.11/java.util.concurrent.ThreadPoolExecutor$Worker.run(ThreadPoolExecutor.java:635)
        at java.base@17.0.11/java.lang.Thread.run(Thread.java:840)
"IPC Server handler 73 on default port 15172" daemon prio=5 tid=5925 timed_waiting
java.lang.Thread.State: TIMED_WAITING
        at java.base@17.0.11/jdk.internal.misc.Unsafe.park(Native Method)
        at java.base@17.0.11/java.util.concurrent.locks.LockSupport.parkNanos(LockSupport.java:252)
        at java.base@17.0.11/java.util.concurrent.locks.AbstractQueuedSynchronizer$ConditionObject.awaitNanos(AbstractQueuedSynchronizer.java:1674)
        at java.base@17.0.11/java.util.concurrent.LinkedBlockingQueue.poll(LinkedBlockingQueue.java:460)
        at app//org.apache.hadoop.ipc.CallQueueManager.take(CallQueueManager.java:317)
        at app//org.apache.hadoop.ipc.Server$Handler.run(Server.java:3014)
"IPC Parameter Sending Thread for 0.0.0.0/0.0.0.0:15171" daemon prio=5 tid=5986 timed_waiting
java.lang.Thread.State: TIMED_WAITING
        at java.base@17.0.11/jdk.internal.misc.Unsafe.park(Native Method)
        at java.base@17.0.11/java.util.concurrent.locks.LockSupport.parkNanos(LockSupport.java:252)
        at java.base@17.0.11/java.util.concurrent.SynchronousQueue$TransferQueue.transfer(SynchronousQueue.java:704)
        at java.base@17.0.11/java.util.concurrent.SynchronousQueue.poll(SynchronousQueue.java:903)
        at app//org.apache.hadoop.ipc.Client$Connection$RpcRequestSender.run(Client.java:1105)
        at java.base@17.0.11/java.lang.Thread.run(Thread.java:840)
"pool-962-thread-1"  prio=5 tid=5995 timed_waiting
java.lang.Thread.State: TIMED_WAITING
        at java.base@17.0.11/jdk.internal.misc.Unsafe.park(Native Method)
        at java.base@17.0.11/java.util.concurrent.locks.LockSupport.parkNanos(LockSupport.java:252)
        at java.base@17.0.11/java.util.concurrent.locks.AbstractQueuedSynchronizer$ConditionObject.awaitNanos(AbstractQueuedSynchronizer.java:1674)
        at java.base@17.0.11/java.util.concurrent.ScheduledThreadPoolExecutor$DelayedWorkQueue.take(ScheduledThreadPoolExecutor.java:1182)
        at java.base@17.0.11/java.util.concurrent.ScheduledThreadPoolExecutor$DelayedWorkQueue.take(ScheduledThreadPoolExecutor.java:899)
        at java.base@17.0.11/java.util.concurrent.ThreadPoolExecutor.getTask(ThreadPoolExecutor.java:1062)
        at java.base@17.0.11/java.util.concurrent.ThreadPoolExecutor.runWorker(ThreadPoolExecutor.java:1122)
        at java.base@17.0.11/java.util.concurrent.ThreadPoolExecutor$Worker.run(ThreadPoolExecutor.java:635)
        at java.base@17.0.11/java.lang.Thread.run(Thread.java:840)
"IPC Server Responder" daemon prio=5 tid=5976 runnable
java.lang.Thread.State: RUNNABLE
        at java.base@17.0.11/sun.nio.ch.EPoll.wait(Native Method)
        at java.base@17.0.11/sun.nio.ch.EPollSelectorImpl.doSelect(EPollSelectorImpl.java:118)
        at java.base@17.0.11/sun.nio.ch.SelectorImpl.lockAndDoSelect(SelectorImpl.java:129)
        at java.base@17.0.11/sun.nio.ch.SelectorImpl.select(SelectorImpl.java:141)
        at app//org.apache.hadoop.ipc.Server$Responder.doRunLoop(Server.java:1582)
        at app//org.apache.hadoop.ipc.Server$Responder.run(Server.java:1565)
"IPC Client (597410879) connection to 0.0.0.0/0.0.0.0:15171 from runner" daemon prio=5 tid=5985 timed_waiting
java.lang.Thread.State: TIMED_WAITING
        at java.base@17.0.11/java.lang.Object.wait(Native Method)
        at app//org.apache.hadoop.ipc.Client$Connection.waitForWork(Client.java:1026)
        at app//org.apache.hadoop.ipc.Client$Connection.run(Client.java:1077)
"3a211404-6ca4-4ebc-bc53-908f8eaf8373-ChunkWriter-0-0" daemon prio=5 tid=6064 in Object.wait()
java.lang.Thread.State: WAITING (on object monitor)
        at java.base@17.0.11/jdk.internal.misc.Unsafe.park(Native Method)
        at java.base@17.0.11/java.util.concurrent.locks.LockSupport.park(LockSupport.java:341)
        at java.base@17.0.11/java.util.concurrent.locks.AbstractQueuedSynchronizer$ConditionNode.block(AbstractQueuedSynchronizer.java:506)
        at java.base@17.0.11/java.util.concurrent.ForkJoinPool.unmanagedBlock(ForkJoinPool.java:3465)
        at java.base@17.0.11/java.util.concurrent.ForkJoinPool.managedBlock(ForkJoinPool.java:3436)
        at java.base@17.0.11/java.util.concurrent.locks.AbstractQueuedSynchronizer$ConditionObject.await(AbstractQueuedSynchronizer.java:1625)
        at java.base@17.0.11/java.util.concurrent.LinkedBlockingDeque.takeFirst(LinkedBlockingDeque.java:485)
        at java.base@17.0.11/java.util.concurrent.LinkedBlockingDeque.take(LinkedBlockingDeque.java:673)
        at java.base@17.0.11/java.util.concurrent.ThreadPoolExecutor.getTask(ThreadPoolExecutor.java:1062)
        at java.base@17.0.11/java.util.concurrent.ThreadPoolExecutor.runWorker(ThreadPoolExecutor.java:1122)
        at java.base@17.0.11/java.util.concurrent.ThreadPoolExecutor$Worker.run(ThreadPoolExecutor.java:635)
        at java.base@17.0.11/java.lang.Thread.run(Thread.java:840)
"IPC Server listener on 15180" daemon prio=5 tid=6039 runnable
java.lang.Thread.State: RUNNABLE
        at java.base@17.0.11/sun.nio.ch.EPoll.wait(Native Method)
        at java.base@17.0.11/sun.nio.ch.EPollSelectorImpl.doSelect(EPollSelectorImpl.java:118)
        at java.base@17.0.11/sun.nio.ch.SelectorImpl.lockAndDoSelect(SelectorImpl.java:129)
        at java.base@17.0.11/sun.nio.ch.SelectorImpl.select(SelectorImpl.java:146)
        at app//org.apache.hadoop.ipc.Server$Listener.run(Server.java:1408)
"IPC Server handler 57 on default port 15171" daemon prio=5 tid=5809 timed_waiting
java.lang.Thread.State: TIMED_WAITING
        at java.base@17.0.11/jdk.internal.misc.Unsafe.park(Native Method)
        at java.base@17.0.11/java.util.concurrent.locks.LockSupport.parkNanos(LockSupport.java:252)
        at java.base@17.0.11/java.util.concurrent.locks.AbstractQueuedSynchronizer$ConditionObject.awaitNanos(AbstractQueuedSynchronizer.java:1674)
        at java.base@17.0.11/java.util.concurrent.LinkedBlockingQueue.poll(LinkedBlockingQueue.java:460)
        at app//org.apache.hadoop.ipc.CallQueueManager.take(CallQueueManager.java:317)
        at app//org.apache.hadoop.ipc.Server$Handler.run(Server.java:3014)
"3a211404-6ca4-4ebc-bc53-908f8eaf8373-DatanodeStateMachineTaskThread-0"  prio=5 tid=6051 in Object.wait()
java.lang.Thread.State: WAITING (on object monitor)
        at java.base@17.0.11/jdk.internal.misc.Unsafe.park(Native Method)
        at java.base@17.0.11/java.util.concurrent.locks.LockSupport.park(LockSupport.java:341)
        at java.base@17.0.11/java.util.concurrent.locks.AbstractQueuedSynchronizer$ConditionNode.block(AbstractQueuedSynchronizer.java:506)
        at java.base@17.0.11/java.util.concurrent.ForkJoinPool.unmanagedBlock(ForkJoinPool.java:3465)
        at java.base@17.0.11/java.util.concurrent.ForkJoinPool.managedBlock(ForkJoinPool.java:3436)
        at java.base@17.0.11/java.util.concurrent.locks.AbstractQueuedSynchronizer$ConditionObject.await(AbstractQueuedSynchronizer.java:1625)
        at java.base@17.0.11/java.util.concurrent.LinkedBlockingQueue.take(LinkedBlockingQueue.java:435)
        at java.base@17.0.11/java.util.concurrent.ThreadPoolExecutor.getTask(ThreadPoolExecutor.java:1062)
        at java.base@17.0.11/java.util.concurrent.ThreadPoolExecutor.runWorker(ThreadPoolExecutor.java:1122)
        at java.base@17.0.11/java.util.concurrent.ThreadPoolExecutor$Worker.run(ThreadPoolExecutor.java:635)
        at java.base@17.0.11/java.lang.Thread.run(Thread.java:840)
"IPC Server handler 71 on default port 15170" daemon prio=5 tid=5723 timed_waiting
java.lang.Thread.State: TIMED_WAITING
        at java.base@17.0.11/jdk.internal.misc.Unsafe.park(Native Method)
        at java.base@17.0.11/java.util.concurrent.locks.LockSupport.parkNanos(LockSupport.java:252)
        at java.base@17.0.11/java.util.concurrent.locks.AbstractQueuedSynchronizer$ConditionObject.awaitNanos(AbstractQueuedSynchronizer.java:1674)
        at java.base@17.0.11/java.util.concurrent.LinkedBlockingQueue.poll(LinkedBlockingQueue.java:460)
        at app//org.apache.hadoop.ipc.CallQueueManager.take(CallQueueManager.java:317)
        at app//org.apache.hadoop.ipc.Server$Handler.run(Server.java:3014)
"qtp830475910-5997" daemon prio=5 tid=5997 runnable
java.lang.Thread.State: RUNNABLE
        at java.base@17.0.11/sun.nio.ch.EPoll.wait(Native Method)
        at java.base@17.0.11/sun.nio.ch.EPollSelectorImpl.doSelect(EPollSelectorImpl.java:118)
        at java.base@17.0.11/sun.nio.ch.SelectorImpl.lockAndDoSelect(SelectorImpl.java:129)
        at java.base@17.0.11/sun.nio.ch.SelectorImpl.select(SelectorImpl.java:146)
        at app//org.eclipse.jetty.io.ManagedSelector.nioSelect(ManagedSelector.java:183)
        at app//org.eclipse.jetty.io.ManagedSelector.select(ManagedSelector.java:190)
        at app//org.eclipse.jetty.io.ManagedSelector$SelectorProducer.select(ManagedSelector.java:606)
        at app//org.eclipse.jetty.io.ManagedSelector$SelectorProducer.produce(ManagedSelector.java:543)
        at app//org.eclipse.jetty.util.thread.strategy.EatWhatYouKill.produceTask(EatWhatYouKill.java:362)
        at app//org.eclipse.jetty.util.thread.strategy.EatWhatYouKill.doProduce(EatWhatYouKill.java:186)
        at app//org.eclipse.jetty.util.thread.strategy.EatWhatYouKill.tryProduce(EatWhatYouKill.java:173)
        at app//org.eclipse.jetty.util.thread.strategy.EatWhatYouKill.produce(EatWhatYouKill.java:137)
        at app//org.eclipse.jetty.io.ManagedSelector$$Lambda$911/0x00007f07fc545508.run(Unknown Source)
        at app//org.eclipse.jetty.util.thread.QueuedThreadPool.runJob(QueuedThreadPool.java:883)
        at app//org.eclipse.jetty.util.thread.QueuedThreadPool$Runner.run(QueuedThreadPool.java:1034)
        at java.base@17.0.11/java.lang.Thread.run(Thread.java:840)
"timer2" daemon prio=5 tid=1582 timed_waiting
java.lang.Thread.State: TIMED_WAITING
        at java.base@17.0.11/java.lang.Object.wait(Native Method)
        at java.base@17.0.11/java.util.TimerThread.mainLoop(Timer.java:563)
        at java.base@17.0.11/java.util.TimerThread.run(Timer.java:516)
"IPC Server handler 59 on default port 15172" daemon prio=5 tid=5911 timed_waiting
java.lang.Thread.State: TIMED_WAITING
        at java.base@17.0.11/jdk.internal.misc.Unsafe.park(Native Method)
        at java.base@17.0.11/java.util.concurrent.locks.LockSupport.parkNanos(LockSupport.java:252)
        at java.base@17.0.11/java.util.concurrent.locks.AbstractQueuedSynchronizer$ConditionObject.awaitNanos(AbstractQueuedSynchronizer.java:1674)
        at java.base@17.0.11/java.util.concurrent.LinkedBlockingQueue.poll(LinkedBlockingQueue.java:460)
        at app//org.apache.hadoop.ipc.CallQueueManager.take(CallQueueManager.java:317)
        at app//org.apache.hadoop.ipc.Server$Handler.run(Server.java:3014)
"3a211404-6ca4-4ebc-bc53-908f8eaf8373-PeriodicHDDSVolumeChecker" daemon prio=5 tid=6059 timed_waiting
java.lang.Thread.State: TIMED_WAITING
        at java.base@17.0.11/jdk.internal.misc.Unsafe.park(Native Method)
        at java.base@17.0.11/java.util.concurrent.locks.LockSupport.parkNanos(LockSupport.java:252)
        at java.base@17.0.11/java.util.concurrent.locks.AbstractQueuedSynchronizer$ConditionObject.awaitNanos(AbstractQueuedSynchronizer.java:1674)
        at java.base@17.0.11/java.util.concurrent.ScheduledThreadPoolExecutor$DelayedWorkQueue.take(ScheduledThreadPoolExecutor.java:1182)
        at java.base@17.0.11/java.util.concurrent.ScheduledThreadPoolExecutor$DelayedWorkQueue.take(ScheduledThreadPoolExecutor.java:899)
        at java.base@17.0.11/java.util.concurrent.ThreadPoolExecutor.getTask(ThreadPoolExecutor.java:1062)
        at java.base@17.0.11/java.util.concurrent.ThreadPoolExecutor.runWorker(ThreadPoolExecutor.java:1122)
        at java.base@17.0.11/java.util.concurrent.ThreadPoolExecutor$Worker.run(ThreadPoolExecutor.java:635)
        at java.base@17.0.11/java.lang.Thread.run(Thread.java:840)
"PartialTableCache-Cleanup-0" daemon prio=5 tid=2269 in Object.wait()
java.lang.Thread.State: WAITING (on object monitor)
        at java.base@17.0.11/jdk.internal.misc.Unsafe.park(Native Method)
        at java.base@17.0.11/java.util.concurrent.locks.LockSupport.park(LockSupport.java:341)
        at java.base@17.0.11/java.util.concurrent.locks.AbstractQueuedSynchronizer$ConditionNode.block(AbstractQueuedSynchronizer.java:506)
        at java.base@17.0.11/java.util.concurrent.ForkJoinPool.unmanagedBlock(ForkJoinPool.java:3465)
        at java.base@17.0.11/java.util.concurrent.ForkJoinPool.managedBlock(ForkJoinPool.java:3436)
        at java.base@17.0.11/java.util.concurrent.locks.AbstractQueuedSynchronizer$ConditionObject.await(AbstractQueuedSynchronizer.java:1625)
        at java.base@17.0.11/java.util.concurrent.LinkedBlockingQueue.take(LinkedBlockingQueue.java:435)
        at java.base@17.0.11/java.util.concurrent.ThreadPoolExecutor.getTask(ThreadPoolExecutor.java:1062)
        at java.base@17.0.11/java.util.concurrent.ThreadPoolExecutor.runWorker(ThreadPoolExecutor.java:1122)
        at java.base@17.0.11/java.util.concurrent.ThreadPoolExecutor$Worker.run(ThreadPoolExecutor.java:635)
        at java.base@17.0.11/java.lang.Thread.run(Thread.java:840)
"Finalizer" daemon prio=8 tid=3 in Object.wait()
java.lang.Thread.State: WAITING (on object monitor)
        at java.base@17.0.11/java.lang.Object.wait(Native Method)
        at java.base@17.0.11/java.lang.ref.ReferenceQueue.remove(ReferenceQueue.java:155)
        at java.base@17.0.11/java.lang.ref.ReferenceQueue.remove(ReferenceQueue.java:176)
        at java.base@17.0.11/java.lang.ref.Finalizer$FinalizerThread.run(Finalizer.java:172)
"IPC Server handler 60 on default port 15170" daemon prio=5 tid=5712 timed_waiting
java.lang.Thread.State: TIMED_WAITING
        at java.base@17.0.11/jdk.internal.misc.Unsafe.park(Native Method)
        at java.base@17.0.11/java.util.concurrent.locks.LockSupport.parkNanos(LockSupport.java:252)
        at java.base@17.0.11/java.util.concurrent.locks.AbstractQueuedSynchronizer$ConditionObject.awaitNanos(AbstractQueuedSynchronizer.java:1674)
        at java.base@17.0.11/java.util.concurrent.LinkedBlockingQueue.poll(LinkedBlockingQueue.java:460)
        at app//org.apache.hadoop.ipc.CallQueueManager.take(CallQueueManager.java:317)
        at app//org.apache.hadoop.ipc.Server$Handler.run(Server.java:3014)
"IPC Server handler 3 on default port 15172" daemon prio=5 tid=5855 timed_waiting
java.lang.Thread.State: TIMED_WAITING
        at java.base@17.0.11/jdk.internal.misc.Unsafe.park(Native Method)
        at java.base@17.0.11/java.util.concurrent.locks.LockSupport.parkNanos(LockSupport.java:252)
        at java.base@17.0.11/java.util.concurrent.locks.AbstractQueuedSynchronizer$ConditionObject.awaitNanos(AbstractQueuedSynchronizer.java:1674)
        at java.base@17.0.11/java.util.concurrent.LinkedBlockingQueue.poll(LinkedBlockingQueue.java:460)
        at app//org.apache.hadoop.ipc.CallQueueManager.take(CallQueueManager.java:317)
        at app//org.apache.hadoop.ipc.Server$Handler.run(Server.java:3014)
"IPC Server handler 74 on default port 15171" daemon prio=5 tid=5826 timed_waiting
java.lang.Thread.State: TIMED_WAITING
        at java.base@17.0.11/jdk.internal.misc.Unsafe.park(Native Method)
        at java.base@17.0.11/java.util.concurrent.locks.LockSupport.parkNanos(LockSupport.java:252)
        at java.base@17.0.11/java.util.concurrent.locks.AbstractQueuedSynchronizer$ConditionObject.awaitNanos(AbstractQueuedSynchronizer.java:1674)
        at java.base@17.0.11/java.util.concurrent.LinkedBlockingQueue.poll(LinkedBlockingQueue.java:460)
        at app//org.apache.hadoop.ipc.CallQueueManager.take(CallQueueManager.java:317)
        at app//org.apache.hadoop.ipc.Server$Handler.run(Server.java:3014)
"IPC Server handler 33 on default port 15170" daemon prio=5 tid=5685 timed_waiting
java.lang.Thread.State: TIMED_WAITING
        at java.base@17.0.11/jdk.internal.misc.Unsafe.park(Native Method)
        at java.base@17.0.11/java.util.concurrent.locks.LockSupport.parkNanos(LockSupport.java:252)
        at java.base@17.0.11/java.util.concurrent.locks.AbstractQueuedSynchronizer$ConditionObject.awaitNanos(AbstractQueuedSynchronizer.java:1674)
        at java.base@17.0.11/java.util.concurrent.LinkedBlockingQueue.poll(LinkedBlockingQueue.java:460)
        at app//org.apache.hadoop.ipc.CallQueueManager.take(CallQueueManager.java:317)
        at app//org.apache.hadoop.ipc.Server$Handler.run(Server.java:3014)
"IPC Server handler 25 on default port 15171" daemon prio=5 tid=5777 timed_waiting
java.lang.Thread.State: TIMED_WAITING
        at java.base@17.0.11/jdk.internal.misc.Unsafe.park(Native Method)
        at java.base@17.0.11/java.util.concurrent.locks.LockSupport.parkNanos(LockSupport.java:252)
        at java.base@17.0.11/java.util.concurrent.locks.AbstractQueuedSynchronizer$ConditionObject.awaitNanos(AbstractQueuedSynchronizer.java:1674)
        at java.base@17.0.11/java.util.concurrent.LinkedBlockingQueue.poll(LinkedBlockingQueue.java:460)
        at app//org.apache.hadoop.ipc.CallQueueManager.take(CallQueueManager.java:317)
        at app//org.apache.hadoop.ipc.Server$Handler.run(Server.java:3014)
"IPC Server handler 81 on default port 15172" daemon prio=5 tid=5933 timed_waiting
java.lang.Thread.State: TIMED_WAITING
        at java.base@17.0.11/jdk.internal.misc.Unsafe.park(Native Method)
        at java.base@17.0.11/java.util.concurrent.locks.LockSupport.parkNanos(LockSupport.java:252)
        at java.base@17.0.11/java.util.concurrent.locks.AbstractQueuedSynchronizer$ConditionObject.awaitNanos(AbstractQueuedSynchronizer.java:1674)
        at java.base@17.0.11/java.util.concurrent.LinkedBlockingQueue.poll(LinkedBlockingQueue.java:460)
        at app//org.apache.hadoop.ipc.CallQueueManager.take(CallQueueManager.java:317)
        at app//org.apache.hadoop.ipc.Server$Handler.run(Server.java:3014)
"3a211404-6ca4-4ebc-bc53-908f8eaf8373-ContainerOp-fb1bdc12-2724-4755-a5f7-a2a95399ac4d-2"  prio=5 tid=6107 in Object.wait()
java.lang.Thread.State: WAITING (on object monitor)
        at java.base@17.0.11/jdk.internal.misc.Unsafe.park(Native Method)
        at java.base@17.0.11/java.util.concurrent.locks.LockSupport.park(LockSupport.java:341)
        at java.base@17.0.11/java.util.concurrent.locks.AbstractQueuedSynchronizer$ConditionNode.block(AbstractQueuedSynchronizer.java:506)
        at java.base@17.0.11/java.util.concurrent.ForkJoinPool.unmanagedBlock(ForkJoinPool.java:3465)
        at java.base@17.0.11/java.util.concurrent.ForkJoinPool.managedBlock(ForkJoinPool.java:3436)
        at java.base@17.0.11/java.util.concurrent.locks.AbstractQueuedSynchronizer$ConditionObject.await(AbstractQueuedSynchronizer.java:1625)
        at java.base@17.0.11/java.util.concurrent.LinkedBlockingQueue.take(LinkedBlockingQueue.java:435)
        at java.base@17.0.11/java.util.concurrent.ThreadPoolExecutor.getTask(ThreadPoolExecutor.java:1062)
        at java.base@17.0.11/java.util.concurrent.ThreadPoolExecutor.runWorker(ThreadPoolExecutor.java:1122)
        at java.base@17.0.11/java.util.concurrent.ThreadPoolExecutor$Worker.run(ThreadPoolExecutor.java:635)
        at java.base@17.0.11/java.lang.Thread.run(Thread.java:840)
"IPC Server handler 96 on default port 15171" daemon prio=5 tid=5848 timed_waiting
java.lang.Thread.State: TIMED_WAITING
        at java.base@17.0.11/jdk.internal.misc.Unsafe.park(Native Method)
        at java.base@17.0.11/java.util.concurrent.locks.LockSupport.parkNanos(LockSupport.java:252)
        at java.base@17.0.11/java.util.concurrent.locks.AbstractQueuedSynchronizer$ConditionObject.awaitNanos(AbstractQueuedSynchronizer.java:1674)
        at java.base@17.0.11/java.util.concurrent.LinkedBlockingQueue.poll(LinkedBlockingQueue.java:460)
        at app//org.apache.hadoop.ipc.CallQueueManager.take(CallQueueManager.java:317)
        at app//org.apache.hadoop.ipc.Server$Handler.run(Server.java:3014)
"IPC Server handler 0 on default port 15170" daemon prio=5 tid=5652 timed_waiting
java.lang.Thread.State: TIMED_WAITING
        at java.base@17.0.11/jdk.internal.misc.Unsafe.park(Native Method)
        at java.base@17.0.11/java.util.concurrent.locks.LockSupport.parkNanos(LockSupport.java:252)
        at java.base@17.0.11/java.util.concurrent.locks.AbstractQueuedSynchronizer$ConditionObject.awaitNanos(AbstractQueuedSynchronizer.java:1674)
        at java.base@17.0.11/java.util.concurrent.LinkedBlockingQueue.poll(LinkedBlockingQueue.java:460)
        at app//org.apache.hadoop.ipc.CallQueueManager.take(CallQueueManager.java:317)
        at app//org.apache.hadoop.ipc.Server$Handler.run(Server.java:3014)
"PartialTableCache-Cleanup-0" daemon prio=5 tid=2270 in Object.wait()
java.lang.Thread.State: WAITING (on object monitor)
        at java.base@17.0.11/jdk.internal.misc.Unsafe.park(Native Method)
        at java.base@17.0.11/java.util.concurrent.locks.LockSupport.park(LockSupport.java:341)
        at java.base@17.0.11/java.util.concurrent.locks.AbstractQueuedSynchronizer$ConditionNode.block(AbstractQueuedSynchronizer.java:506)
        at java.base@17.0.11/java.util.concurrent.ForkJoinPool.unmanagedBlock(ForkJoinPool.java:3465)
        at java.base@17.0.11/java.util.concurrent.ForkJoinPool.managedBlock(ForkJoinPool.java:3436)
        at java.base@17.0.11/java.util.concurrent.locks.AbstractQueuedSynchronizer$ConditionObject.await(AbstractQueuedSynchronizer.java:1625)
        at java.base@17.0.11/java.util.concurrent.LinkedBlockingQueue.take(LinkedBlockingQueue.java:435)
        at java.base@17.0.11/java.util.concurrent.ThreadPoolExecutor.getTask(ThreadPoolExecutor.java:1062)
        at java.base@17.0.11/java.util.concurrent.ThreadPoolExecutor.runWorker(ThreadPoolExecutor.java:1122)
        at java.base@17.0.11/java.util.concurrent.ThreadPoolExecutor$Worker.run(ThreadPoolExecutor.java:635)
        at java.base@17.0.11/java.lang.Thread.run(Thread.java:840)
"IPC Server handler 52 on default port 15172" daemon prio=5 tid=5904 timed_waiting
java.lang.Thread.State: TIMED_WAITING
        at java.base@17.0.11/jdk.internal.misc.Unsafe.park(Native Method)
        at java.base@17.0.11/java.util.concurrent.locks.LockSupport.parkNanos(LockSupport.java:252)
        at java.base@17.0.11/java.util.concurrent.locks.AbstractQueuedSynchronizer$ConditionObject.awaitNanos(AbstractQueuedSynchronizer.java:1674)
        at java.base@17.0.11/java.util.concurrent.LinkedBlockingQueue.poll(LinkedBlockingQueue.java:460)
        at app//org.apache.hadoop.ipc.CallQueueManager.take(CallQueueManager.java:317)
        at app//org.apache.hadoop.ipc.Server$Handler.run(Server.java:3014)
"PartialTableCache-Cleanup-0" daemon prio=5 tid=1594 in Object.wait()
java.lang.Thread.State: WAITING (on object monitor)
        at java.base@17.0.11/jdk.internal.misc.Unsafe.park(Native Method)
        at java.base@17.0.11/java.util.concurrent.locks.LockSupport.park(LockSupport.java:341)
        at java.base@17.0.11/java.util.concurrent.locks.AbstractQueuedSynchronizer$ConditionNode.block(AbstractQueuedSynchronizer.java:506)
        at java.base@17.0.11/java.util.concurrent.ForkJoinPool.unmanagedBlock(ForkJoinPool.java:3465)
        at java.base@17.0.11/java.util.concurrent.ForkJoinPool.managedBlock(ForkJoinPool.java:3436)
        at java.base@17.0.11/java.util.concurrent.locks.AbstractQueuedSynchronizer$ConditionObject.await(AbstractQueuedSynchronizer.java:1625)
        at java.base@17.0.11/java.util.concurrent.LinkedBlockingQueue.take(LinkedBlockingQueue.java:435)
        at java.base@17.0.11/java.util.concurrent.ThreadPoolExecutor.getTask(ThreadPoolExecutor.java:1062)
        at java.base@17.0.11/java.util.concurrent.ThreadPoolExecutor.runWorker(ThreadPoolExecutor.java:1122)
        at java.base@17.0.11/java.util.concurrent.ThreadPoolExecutor$Worker.run(ThreadPoolExecutor.java:635)
        at java.base@17.0.11/java.lang.Thread.run(Thread.java:840)
"IPC Server handler 54 on default port 15170" daemon prio=5 tid=5706 timed_waiting
java.lang.Thread.State: TIMED_WAITING
        at java.base@17.0.11/jdk.internal.misc.Unsafe.park(Native Method)
        at java.base@17.0.11/java.util.concurrent.locks.LockSupport.parkNanos(LockSupport.java:252)
        at java.base@17.0.11/java.util.concurrent.locks.AbstractQueuedSynchronizer$ConditionObject.awaitNanos(AbstractQueuedSynchronizer.java:1674)
        at java.base@17.0.11/java.util.concurrent.LinkedBlockingQueue.poll(LinkedBlockingQueue.java:460)
        at app//org.apache.hadoop.ipc.CallQueueManager.take(CallQueueManager.java:317)
        at app//org.apache.hadoop.ipc.Server$Handler.run(Server.java:3014)
"grpc-default-boss-ELG-22-1" daemon prio=5 tid=5982 runnable
java.lang.Thread.State: RUNNABLE
        at app//org.apache.ratis.thirdparty.io.netty.channel.epoll.Native.epollWait(Native Method)
        at app//org.apache.ratis.thirdparty.io.netty.channel.epoll.Native.epollWait(Native.java:209)
        at app//org.apache.ratis.thirdparty.io.netty.channel.epoll.Native.epollWait(Native.java:202)
        at app//org.apache.ratis.thirdparty.io.netty.channel.epoll.EpollEventLoop.epollWaitNoTimerChange(EpollEventLoop.java:316)
        at app//org.apache.ratis.thirdparty.io.netty.channel.epoll.EpollEventLoop.run(EpollEventLoop.java:373)
        at app//org.apache.ratis.thirdparty.io.netty.util.concurrent.SingleThreadEventExecutor$4.run(SingleThreadEventExecutor.java:997)
        at app//org.apache.ratis.thirdparty.io.netty.util.internal.ThreadExecutorMap$2.run(ThreadExecutorMap.java:74)
        at app//org.apache.ratis.thirdparty.io.netty.util.concurrent.FastThreadLocalRunnable.run(FastThreadLocalRunnable.java:30)
        at java.base@17.0.11/java.lang.Thread.run(Thread.java:840)
"FixedThreadPoolWithAffinityExecutor-5-0" daemon prio=5 tid=5645 timed_waiting
java.lang.Thread.State: TIMED_WAITING
        at java.base@17.0.11/jdk.internal.misc.Unsafe.park(Native Method)
        at java.base@17.0.11/java.util.concurrent.locks.LockSupport.parkNanos(LockSupport.java:252)
        at java.base@17.0.11/java.util.concurrent.locks.AbstractQueuedSynchronizer$ConditionObject.awaitNanos(AbstractQueuedSynchronizer.java:1674)
        at java.base@17.0.11/java.util.concurrent.LinkedBlockingQueue.poll(LinkedBlockingQueue.java:460)
        at app//org.apache.hadoop.hdds.scm.server.ContainerReportQueue.poll(ContainerReportQueue.java:269)
        at app//org.apache.hadoop.hdds.scm.server.ContainerReportQueue.poll(ContainerReportQueue.java:42)
        at app//org.apache.hadoop.hdds.server.events.FixedThreadPoolWithAffinityExecutor$ContainerReportProcessTask.run(FixedThreadPoolWithAffinityExecutor.java:253)
        at java.base@17.0.11/java.util.concurrent.Executors$RunnableAdapter.call(Executors.java:539)
        at java.base@17.0.11/java.util.concurrent.FutureTask.run(FutureTask.java:264)
        at java.base@17.0.11/java.util.concurrent.ThreadPoolExecutor.runWorker(ThreadPoolExecutor.java:1136)
        at java.base@17.0.11/java.util.concurrent.ThreadPoolExecutor$Worker.run(ThreadPoolExecutor.java:635)
        at java.base@17.0.11/java.lang.Thread.run(Thread.java:840)
"LeaseManager#LeaseMonitor" daemon prio=5 tid=5953 timed_waiting
java.lang.Thread.State: TIMED_WAITING
        at java.base@17.0.11/jdk.internal.misc.Unsafe.park(Native Method)
        at java.base@17.0.11/java.util.concurrent.locks.LockSupport.parkNanos(LockSupport.java:252)
        at java.base@17.0.11/java.util.concurrent.locks.AbstractQueuedSynchronizer.acquire(AbstractQueuedSynchronizer.java:717)
        at java.base@17.0.11/java.util.concurrent.locks.AbstractQueuedSynchronizer.tryAcquireSharedNanos(AbstractQueuedSynchronizer.java:1074)
        at java.base@17.0.11/java.util.concurrent.Semaphore.tryAcquire(Semaphore.java:415)
        at app//org.apache.hadoop.ozone.lease.LeaseManager$LeaseMonitor.run(LeaseManager.java:284)
        at java.base@17.0.11/java.lang.Thread.run(Thread.java:840)
"IPC Server handler 53 on default port 15172" daemon prio=5 tid=5905 timed_waiting
java.lang.Thread.State: TIMED_WAITING
        at java.base@17.0.11/jdk.internal.misc.Unsafe.park(Native Method)
        at java.base@17.0.11/java.util.concurrent.locks.LockSupport.parkNanos(LockSupport.java:252)
        at java.base@17.0.11/java.util.concurrent.locks.AbstractQueuedSynchronizer$ConditionObject.awaitNanos(AbstractQueuedSynchronizer.java:1674)
        at java.base@17.0.11/java.util.concurrent.LinkedBlockingQueue.poll(LinkedBlockingQueue.java:460)
        at app//org.apache.hadoop.ipc.CallQueueManager.take(CallQueueManager.java:317)
        at app//org.apache.hadoop.ipc.Server$Handler.run(Server.java:3014)
"NetworkTopologyPoller" daemon prio=5 tid=5987 timed_waiting
java.lang.Thread.State: TIMED_WAITING
        at java.base@17.0.11/jdk.internal.misc.Unsafe.park(Native Method)
        at java.base@17.0.11/java.util.concurrent.locks.LockSupport.parkNanos(LockSupport.java:252)
        at java.base@17.0.11/java.util.concurrent.locks.AbstractQueuedSynchronizer$ConditionObject.awaitNanos(AbstractQueuedSynchronizer.java:1674)
        at java.base@17.0.11/java.util.concurrent.ScheduledThreadPoolExecutor$DelayedWorkQueue.take(ScheduledThreadPoolExecutor.java:1182)
        at java.base@17.0.11/java.util.concurrent.ScheduledThreadPoolExecutor$DelayedWorkQueue.take(ScheduledThreadPoolExecutor.java:899)
        at java.base@17.0.11/java.util.concurrent.ThreadPoolExecutor.getTask(ThreadPoolExecutor.java:1062)
        at java.base@17.0.11/java.util.concurrent.ThreadPoolExecutor.runWorker(ThreadPoolExecutor.java:1122)
        at java.base@17.0.11/java.util.concurrent.ThreadPoolExecutor$Worker.run(ThreadPoolExecutor.java:635)
        at java.base@17.0.11/java.lang.Thread.run(Thread.java:840)
"grpc-default-worker-ELG-23-4" daemon prio=5 tid=6103 runnable
java.lang.Thread.State: RUNNABLE
        at app//org.apache.ratis.thirdparty.io.netty.channel.epoll.Native.epollWait0(Native Method)
        at app//org.apache.ratis.thirdparty.io.netty.channel.epoll.Native.epollWait(Native.java:182)
        at app//org.apache.ratis.thirdparty.io.netty.channel.epoll.EpollEventLoop.epollWait(EpollEventLoop.java:312)
        at app//org.apache.ratis.thirdparty.io.netty.channel.epoll.EpollEventLoop.run(EpollEventLoop.java:376)
        at app//org.apache.ratis.thirdparty.io.netty.util.concurrent.SingleThreadEventExecutor$4.run(SingleThreadEventExecutor.java:997)
        at app//org.apache.ratis.thirdparty.io.netty.util.internal.ThreadExecutorMap$2.run(ThreadExecutorMap.java:74)
        at app//org.apache.ratis.thirdparty.io.netty.util.concurrent.FastThreadLocalRunnable.run(FastThreadLocalRunnable.java:30)
        at java.base@17.0.11/java.lang.Thread.run(Thread.java:840)
"IPC Client (597410879) connection to localhost/127.0.0.1:15174 from runner" daemon prio=5 tid=6088 timed_waiting
java.lang.Thread.State: TIMED_WAITING
        at java.base@17.0.11/java.lang.Object.wait(Native Method)
        at app//org.apache.hadoop.ipc.Client$Connection.waitForWork(Client.java:1026)
        at app//org.apache.hadoop.ipc.Client$Connection.run(Client.java:1077)
"IPC Server handler 8 on default port 15174" daemon prio=5 tid=6013 timed_waiting
java.lang.Thread.State: TIMED_WAITING
        at java.base@17.0.11/jdk.internal.misc.Unsafe.park(Native Method)
        at java.base@17.0.11/java.util.concurrent.locks.LockSupport.parkNanos(LockSupport.java:252)
        at java.base@17.0.11/java.util.concurrent.locks.AbstractQueuedSynchronizer$ConditionObject.awaitNanos(AbstractQueuedSynchronizer.java:1674)
        at java.base@17.0.11/java.util.concurrent.LinkedBlockingQueue.poll(LinkedBlockingQueue.java:460)
        at app//org.apache.hadoop.ipc.CallQueueManager.take(CallQueueManager.java:317)
        at app//org.apache.hadoop.ipc.Server$Handler.run(Server.java:3014)
"IPC Server handler 63 on default port 15172" daemon prio=5 tid=5915 timed_waiting
java.lang.Thread.State: TIMED_WAITING
        at java.base@17.0.11/jdk.internal.misc.Unsafe.park(Native Method)
        at java.base@17.0.11/java.util.concurrent.locks.LockSupport.parkNanos(LockSupport.java:252)
        at java.base@17.0.11/java.util.concurrent.locks.AbstractQueuedSynchronizer$ConditionObject.awaitNanos(AbstractQueuedSynchronizer.java:1674)
        at java.base@17.0.11/java.util.concurrent.LinkedBlockingQueue.poll(LinkedBlockingQueue.java:460)
        at app//org.apache.hadoop.ipc.CallQueueManager.take(CallQueueManager.java:317)
        at app//org.apache.hadoop.ipc.Server$Handler.run(Server.java:3014)
"IPC Server handler 39 on default port 15171" daemon prio=5 tid=5791 timed_waiting
java.lang.Thread.State: TIMED_WAITING
        at java.base@17.0.11/jdk.internal.misc.Unsafe.park(Native Method)
        at java.base@17.0.11/java.util.concurrent.locks.LockSupport.parkNanos(LockSupport.java:252)
        at java.base@17.0.11/java.util.concurrent.locks.AbstractQueuedSynchronizer$ConditionObject.awaitNanos(AbstractQueuedSynchronizer.java:1674)
        at java.base@17.0.11/java.util.concurrent.LinkedBlockingQueue.poll(LinkedBlockingQueue.java:460)
        at app//org.apache.hadoop.ipc.CallQueueManager.take(CallQueueManager.java:317)
        at app//org.apache.hadoop.ipc.Server$Handler.run(Server.java:3014)
"IPC Server handler 43 on default port 15172" daemon prio=5 tid=5895 timed_waiting
java.lang.Thread.State: TIMED_WAITING
        at java.base@17.0.11/jdk.internal.misc.Unsafe.park(Native Method)
        at java.base@17.0.11/java.util.concurrent.locks.LockSupport.parkNanos(LockSupport.java:252)
        at java.base@17.0.11/java.util.concurrent.locks.AbstractQueuedSynchronizer$ConditionObject.awaitNanos(AbstractQueuedSynchronizer.java:1674)
        at java.base@17.0.11/java.util.concurrent.LinkedBlockingQueue.poll(LinkedBlockingQueue.java:460)
        at app//org.apache.hadoop.ipc.CallQueueManager.take(CallQueueManager.java:317)
        at app//org.apache.hadoop.ipc.Server$Handler.run(Server.java:3014)
"grpc-default-executor-0" daemon prio=5 tid=6094 timed_waiting
java.lang.Thread.State: TIMED_WAITING
        at java.base@17.0.11/jdk.internal.misc.Unsafe.park(Native Method)
        at java.base@17.0.11/java.util.concurrent.locks.LockSupport.parkNanos(LockSupport.java:252)
        at java.base@17.0.11/java.util.concurrent.SynchronousQueue$TransferStack.transfer(SynchronousQueue.java:401)
        at java.base@17.0.11/java.util.concurrent.SynchronousQueue.poll(SynchronousQueue.java:903)
        at java.base@17.0.11/java.util.concurrent.ThreadPoolExecutor.getTask(ThreadPoolExecutor.java:1061)
        at java.base@17.0.11/java.util.concurrent.ThreadPoolExecutor.runWorker(ThreadPoolExecutor.java:1122)
        at java.base@17.0.11/java.util.concurrent.ThreadPoolExecutor$Worker.run(ThreadPoolExecutor.java:635)
        at java.base@17.0.11/java.lang.Thread.run(Thread.java:840)
"3a211404-6ca4-4ebc-bc53-908f8eaf8373@group-A2A95399AC4D-StateMachineUpdater" daemon prio=5 tid=6087 timed_waiting
java.lang.Thread.State: TIMED_WAITING
        at java.base@17.0.11/jdk.internal.misc.Unsafe.park(Native Method)
        at java.base@17.0.11/java.util.concurrent.locks.LockSupport.parkNanos(LockSupport.java:252)
        at java.base@17.0.11/java.util.concurrent.locks.AbstractQueuedSynchronizer$ConditionObject.await(AbstractQueuedSynchronizer.java:1759)
        at app//org.apache.ratis.util.AwaitForSignal.await(AwaitForSignal.java:65)
        at app//org.apache.ratis.server.impl.StateMachineUpdater.waitForCommit(StateMachineUpdater.java:211)
        at app//org.apache.ratis.server.impl.StateMachineUpdater.run(StateMachineUpdater.java:180)
        at java.base@17.0.11/java.lang.Thread.run(Thread.java:840)
"3a211404-6ca4-4ebc-bc53-908f8eaf8373-groupManagement"  prio=5 tid=6082 in Object.wait()
java.lang.Thread.State: WAITING (on object monitor)
        at java.base@17.0.11/jdk.internal.misc.Unsafe.park(Native Method)
        at java.base@17.0.11/java.util.concurrent.locks.LockSupport.park(LockSupport.java:341)
        at java.base@17.0.11/java.util.concurrent.locks.AbstractQueuedSynchronizer$ConditionNode.block(AbstractQueuedSynchronizer.java:506)
        at java.base@17.0.11/java.util.concurrent.ForkJoinPool.unmanagedBlock(ForkJoinPool.java:3465)
        at java.base@17.0.11/java.util.concurrent.ForkJoinPool.managedBlock(ForkJoinPool.java:3436)
        at java.base@17.0.11/java.util.concurrent.locks.AbstractQueuedSynchronizer$ConditionObject.await(AbstractQueuedSynchronizer.java:1625)
        at java.base@17.0.11/java.util.concurrent.LinkedBlockingQueue.take(LinkedBlockingQueue.java:435)
        at java.base@17.0.11/java.util.concurrent.ThreadPoolExecutor.getTask(ThreadPoolExecutor.java:1062)
        at java.base@17.0.11/java.util.concurrent.ThreadPoolExecutor.runWorker(ThreadPoolExecutor.java:1122)
        at java.base@17.0.11/java.util.concurrent.ThreadPoolExecutor$Worker.run(ThreadPoolExecutor.java:635)
        at java.base@17.0.11/java.lang.Thread.run(Thread.java:840)
"IPC Server handler 75 on default port 15171" daemon prio=5 tid=5827 timed_waiting
java.lang.Thread.State: TIMED_WAITING
        at java.base@17.0.11/jdk.internal.misc.Unsafe.park(Native Method)
        at java.base@17.0.11/java.util.concurrent.locks.LockSupport.parkNanos(LockSupport.java:252)
        at java.base@17.0.11/java.util.concurrent.locks.AbstractQueuedSynchronizer$ConditionObject.awaitNanos(AbstractQueuedSynchronizer.java:1674)
        at java.base@17.0.11/java.util.concurrent.LinkedBlockingQueue.poll(LinkedBlockingQueue.java:460)
        at app//org.apache.hadoop.ipc.CallQueueManager.take(CallQueueManager.java:317)
        at app//org.apache.hadoop.ipc.Server$Handler.run(Server.java:3014)
"IPC Server handler 80 on default port 15170" daemon prio=5 tid=5732 timed_waiting
java.lang.Thread.State: TIMED_WAITING
        at java.base@17.0.11/jdk.internal.misc.Unsafe.park(Native Method)
        at java.base@17.0.11/java.util.concurrent.locks.LockSupport.parkNanos(LockSupport.java:252)
        at java.base@17.0.11/java.util.concurrent.locks.AbstractQueuedSynchronizer$ConditionObject.awaitNanos(AbstractQueuedSynchronizer.java:1674)
        at java.base@17.0.11/java.util.concurrent.LinkedBlockingQueue.poll(LinkedBlockingQueue.java:460)
        at app//org.apache.hadoop.ipc.CallQueueManager.take(CallQueueManager.java:317)
        at app//org.apache.hadoop.ipc.Server$Handler.run(Server.java:3014)
"IPC Server handler 80 on default port 15171" daemon prio=5 tid=5832 timed_waiting
java.lang.Thread.State: TIMED_WAITING
        at java.base@17.0.11/jdk.internal.misc.Unsafe.park(Native Method)
        at java.base@17.0.11/java.util.concurrent.locks.LockSupport.parkNanos(LockSupport.java:252)
        at java.base@17.0.11/java.util.concurrent.locks.AbstractQueuedSynchronizer$ConditionObject.awaitNanos(AbstractQueuedSynchronizer.java:1674)
        at java.base@17.0.11/java.util.concurrent.LinkedBlockingQueue.poll(LinkedBlockingQueue.java:460)
        at app//org.apache.hadoop.ipc.CallQueueManager.take(CallQueueManager.java:317)
        at app//org.apache.hadoop.ipc.Server$Handler.run(Server.java:3014)
"IPC Server handler 6 on default port 15172" daemon prio=5 tid=5858 timed_waiting
java.lang.Thread.State: TIMED_WAITING
        at java.base@17.0.11/jdk.internal.misc.Unsafe.park(Native Method)
        at java.base@17.0.11/java.util.concurrent.locks.LockSupport.parkNanos(LockSupport.java:252)
        at java.base@17.0.11/java.util.concurrent.locks.AbstractQueuedSynchronizer$ConditionObject.awaitNanos(AbstractQueuedSynchronizer.java:1674)
        at java.base@17.0.11/java.util.concurrent.LinkedBlockingQueue.poll(LinkedBlockingQueue.java:460)
        at app//org.apache.hadoop.ipc.CallQueueManager.take(CallQueueManager.java:317)
        at app//org.apache.hadoop.ipc.Server$Handler.run(Server.java:3014)
"IPC Server handler 18 on default port 15172" daemon prio=5 tid=5870 timed_waiting
java.lang.Thread.State: TIMED_WAITING
        at java.base@17.0.11/jdk.internal.misc.Unsafe.park(Native Method)
        at java.base@17.0.11/java.util.concurrent.locks.LockSupport.parkNanos(LockSupport.java:252)
        at java.base@17.0.11/java.util.concurrent.locks.AbstractQueuedSynchronizer$ConditionObject.awaitNanos(AbstractQueuedSynchronizer.java:1674)
        at java.base@17.0.11/java.util.concurrent.LinkedBlockingQueue.poll(LinkedBlockingQueue.java:460)
        at app//org.apache.hadoop.ipc.CallQueueManager.take(CallQueueManager.java:317)
        at app//org.apache.hadoop.ipc.Server$Handler.run(Server.java:3014)
"IPC Server handler 19 on default port 15171" daemon prio=5 tid=5771 timed_waiting
java.lang.Thread.State: TIMED_WAITING
        at java.base@17.0.11/jdk.internal.misc.Unsafe.park(Native Method)
        at java.base@17.0.11/java.util.concurrent.locks.LockSupport.parkNanos(LockSupport.java:252)
        at java.base@17.0.11/java.util.concurrent.locks.AbstractQueuedSynchronizer$ConditionObject.awaitNanos(AbstractQueuedSynchronizer.java:1674)
        at java.base@17.0.11/java.util.concurrent.LinkedBlockingQueue.poll(LinkedBlockingQueue.java:460)
        at app//org.apache.hadoop.ipc.CallQueueManager.take(CallQueueManager.java:317)
        at app//org.apache.hadoop.ipc.Server$Handler.run(Server.java:3014)
"qtp1497094670-6035" daemon prio=5 tid=6035 timed_waiting
java.lang.Thread.State: TIMED_WAITING
        at java.base@17.0.11/jdk.internal.misc.Unsafe.park(Native Method)
        at java.base@17.0.11/java.util.concurrent.locks.LockSupport.parkNanos(LockSupport.java:252)
        at java.base@17.0.11/java.util.concurrent.locks.AbstractQueuedSynchronizer$ConditionObject.awaitNanos(AbstractQueuedSynchronizer.java:1674)
        at app//org.eclipse.jetty.util.BlockingArrayQueue.poll(BlockingArrayQueue.java:382)
        at app//org.eclipse.jetty.util.thread.QueuedThreadPool$Runner.idleJobPoll(QueuedThreadPool.java:974)
        at app//org.eclipse.jetty.util.thread.QueuedThreadPool$Runner.run(QueuedThreadPool.java:1018)
        at java.base@17.0.11/java.lang.Thread.run(Thread.java:840)
"IPC Server Responder" daemon prio=5 tid=5638 runnable
java.lang.Thread.State: RUNNABLE
        at java.base@17.0.11/sun.nio.ch.EPoll.wait(Native Method)
        at java.base@17.0.11/sun.nio.ch.EPollSelectorImpl.doSelect(EPollSelectorImpl.java:118)
        at java.base@17.0.11/sun.nio.ch.SelectorImpl.lockAndDoSelect(SelectorImpl.java:129)
        at java.base@17.0.11/sun.nio.ch.SelectorImpl.select(SelectorImpl.java:141)
        at app//org.apache.hadoop.ipc.Server$Responder.doRunLoop(Server.java:1582)
        at app//org.apache.hadoop.ipc.Server$Responder.run(Server.java:1565)
"IPC Server handler 18 on default port 15171" daemon prio=5 tid=5770 timed_waiting
java.lang.Thread.State: TIMED_WAITING
        at java.base@17.0.11/jdk.internal.misc.Unsafe.park(Native Method)
        at java.base@17.0.11/java.util.concurrent.locks.LockSupport.parkNanos(LockSupport.java:252)
        at java.base@17.0.11/java.util.concurrent.locks.AbstractQueuedSynchronizer$ConditionObject.awaitNanos(AbstractQueuedSynchronizer.java:1674)
        at java.base@17.0.11/java.util.concurrent.LinkedBlockingQueue.poll(LinkedBlockingQueue.java:460)
        at app//org.apache.hadoop.ipc.CallQueueManager.take(CallQueueManager.java:317)
        at app//org.apache.hadoop.ipc.Server$Handler.run(Server.java:3014)
"IPC Server handler 38 on default port 15171" daemon prio=5 tid=5790 timed_waiting
java.lang.Thread.State: TIMED_WAITING
        at java.base@17.0.11/jdk.internal.misc.Unsafe.park(Native Method)
        at java.base@17.0.11/java.util.concurrent.locks.LockSupport.parkNanos(LockSupport.java:252)
        at java.base@17.0.11/java.util.concurrent.locks.AbstractQueuedSynchronizer$ConditionObject.awaitNanos(AbstractQueuedSynchronizer.java:1674)
        at java.base@17.0.11/java.util.concurrent.LinkedBlockingQueue.poll(LinkedBlockingQueue.java:460)
        at app//org.apache.hadoop.ipc.CallQueueManager.take(CallQueueManager.java:317)
        at app//org.apache.hadoop.ipc.Server$Handler.run(Server.java:3014)
"qtp1497094670-6036" daemon prio=5 tid=6036 timed_waiting
java.lang.Thread.State: TIMED_WAITING
        at java.base@17.0.11/jdk.internal.misc.Unsafe.park(Native Method)
        at java.base@17.0.11/java.util.concurrent.locks.LockSupport.parkNanos(LockSupport.java:252)
        at java.base@17.0.11/java.util.concurrent.locks.AbstractQueuedSynchronizer$ConditionObject.awaitNanos(AbstractQueuedSynchronizer.java:1674)
        at app//org.eclipse.jetty.util.BlockingArrayQueue.poll(BlockingArrayQueue.java:382)
        at app//org.eclipse.jetty.util.thread.QueuedThreadPool$Runner.idleJobPoll(QueuedThreadPool.java:974)
        at app//org.eclipse.jetty.util.thread.QueuedThreadPool$Runner.run(QueuedThreadPool.java:1018)
        at java.base@17.0.11/java.lang.Thread.run(Thread.java:840)
"IPC Server handler 6 on default port 15174" daemon prio=5 tid=6011 timed_waiting
java.lang.Thread.State: TIMED_WAITING
        at java.base@17.0.11/jdk.internal.misc.Unsafe.park(Native Method)
        at java.base@17.0.11/java.util.concurrent.locks.LockSupport.parkNanos(LockSupport.java:252)
        at java.base@17.0.11/java.util.concurrent.locks.AbstractQueuedSynchronizer$ConditionObject.awaitNanos(AbstractQueuedSynchronizer.java:1674)
        at java.base@17.0.11/java.util.concurrent.LinkedBlockingQueue.poll(LinkedBlockingQueue.java:460)
        at app//org.apache.hadoop.ipc.CallQueueManager.take(CallQueueManager.java:317)
        at app//org.apache.hadoop.ipc.Server$Handler.run(Server.java:3014)
"3a211404-6ca4-4ebc-bc53-908f8eaf8373-BlockDeletingService#1" daemon prio=5 tid=6073 in Object.wait()
java.lang.Thread.State: WAITING (on object monitor)
        at java.base@17.0.11/jdk.internal.misc.Unsafe.park(Native Method)
        at java.base@17.0.11/java.util.concurrent.locks.LockSupport.park(LockSupport.java:341)
        at java.base@17.0.11/java.util.concurrent.locks.AbstractQueuedSynchronizer$ConditionNode.block(AbstractQueuedSynchronizer.java:506)
        at java.base@17.0.11/java.util.concurrent.ForkJoinPool.unmanagedBlock(ForkJoinPool.java:3465)
        at java.base@17.0.11/java.util.concurrent.ForkJoinPool.managedBlock(ForkJoinPool.java:3436)
        at java.base@17.0.11/java.util.concurrent.locks.AbstractQueuedSynchronizer$ConditionObject.await(AbstractQueuedSynchronizer.java:1625)
        at java.base@17.0.11/java.util.concurrent.ScheduledThreadPoolExecutor$DelayedWorkQueue.take(ScheduledThreadPoolExecutor.java:1177)
        at java.base@17.0.11/java.util.concurrent.ScheduledThreadPoolExecutor$DelayedWorkQueue.take(ScheduledThreadPoolExecutor.java:899)
        at java.base@17.0.11/java.util.concurrent.ThreadPoolExecutor.getTask(ThreadPoolExecutor.java:1062)
        at java.base@17.0.11/java.util.concurrent.ThreadPoolExecutor.runWorker(ThreadPoolExecutor.java:1122)
        at java.base@17.0.11/java.util.concurrent.ThreadPoolExecutor$Worker.run(ThreadPoolExecutor.java:635)
        at java.base@17.0.11/java.lang.Thread.run(Thread.java:840)
"IPC Server handler 15 on default port 15171" daemon prio=5 tid=5767 timed_waiting
java.lang.Thread.State: TIMED_WAITING
        at java.base@17.0.11/jdk.internal.misc.Unsafe.park(Native Method)
        at java.base@17.0.11/java.util.concurrent.locks.LockSupport.parkNanos(LockSupport.java:252)
        at java.base@17.0.11/java.util.concurrent.locks.AbstractQueuedSynchronizer$ConditionObject.awaitNanos(AbstractQueuedSynchronizer.java:1674)
        at java.base@17.0.11/java.util.concurrent.LinkedBlockingQueue.poll(LinkedBlockingQueue.java:460)
        at app//org.apache.hadoop.ipc.CallQueueManager.take(CallQueueManager.java:317)
        at app//org.apache.hadoop.ipc.Server$Handler.run(Server.java:3014)
"surefire-forkedjvm-ping-30s" daemon prio=5 tid=15 timed_waiting
java.lang.Thread.State: TIMED_WAITING
        at java.base@17.0.11/jdk.internal.misc.Unsafe.park(Native Method)
        at java.base@17.0.11/java.util.concurrent.locks.LockSupport.parkNanos(LockSupport.java:252)
        at java.base@17.0.11/java.util.concurrent.locks.AbstractQueuedSynchronizer$ConditionObject.awaitNanos(AbstractQueuedSynchronizer.java:1674)
        at java.base@17.0.11/java.util.concurrent.ScheduledThreadPoolExecutor$DelayedWorkQueue.take(ScheduledThreadPoolExecutor.java:1182)
        at java.base@17.0.11/java.util.concurrent.ScheduledThreadPoolExecutor$DelayedWorkQueue.take(ScheduledThreadPoolExecutor.java:899)
        at java.base@17.0.11/java.util.concurrent.ThreadPoolExecutor.getTask(ThreadPoolExecutor.java:1062)
        at java.base@17.0.11/java.util.concurrent.ThreadPoolExecutor.runWorker(ThreadPoolExecutor.java:1122)
        at java.base@17.0.11/java.util.concurrent.ThreadPoolExecutor$Worker.run(ThreadPoolExecutor.java:635)
        at java.base@17.0.11/java.lang.Thread.run(Thread.java:840)
"IPC Server handler 40 on default port 15171" daemon prio=5 tid=5792 timed_waiting
java.lang.Thread.State: TIMED_WAITING
        at java.base@17.0.11/jdk.internal.misc.Unsafe.park(Native Method)
        at java.base@17.0.11/java.util.concurrent.locks.LockSupport.parkNanos(LockSupport.java:252)
        at java.base@17.0.11/java.util.concurrent.locks.AbstractQueuedSynchronizer$ConditionObject.awaitNanos(AbstractQueuedSynchronizer.java:1674)
        at java.base@17.0.11/java.util.concurrent.LinkedBlockingQueue.poll(LinkedBlockingQueue.java:460)
        at app//org.apache.hadoop.ipc.CallQueueManager.take(CallQueueManager.java:317)
        at app//org.apache.hadoop.ipc.Server$Handler.run(Server.java:3014)
"PartialTableCache-Cleanup-0" daemon prio=5 tid=1678 in Object.wait()
java.lang.Thread.State: WAITING (on object monitor)
        at java.base@17.0.11/jdk.internal.misc.Unsafe.park(Native Method)
        at java.base@17.0.11/java.util.concurrent.locks.LockSupport.park(LockSupport.java:341)
        at java.base@17.0.11/java.util.concurrent.locks.AbstractQueuedSynchronizer$ConditionNode.block(AbstractQueuedSynchronizer.java:506)
        at java.base@17.0.11/java.util.concurrent.ForkJoinPool.unmanagedBlock(ForkJoinPool.java:3465)
        at java.base@17.0.11/java.util.concurrent.ForkJoinPool.managedBlock(ForkJoinPool.java:3436)
        at java.base@17.0.11/java.util.concurrent.locks.AbstractQueuedSynchronizer$ConditionObject.await(AbstractQueuedSynchronizer.java:1625)
        at java.base@17.0.11/java.util.concurrent.LinkedBlockingQueue.take(LinkedBlockingQueue.java:435)
        at java.base@17.0.11/java.util.concurrent.ThreadPoolExecutor.getTask(ThreadPoolExecutor.java:1062)
        at java.base@17.0.11/java.util.concurrent.ThreadPoolExecutor.runWorker(ThreadPoolExecutor.java:1122)
        at java.base@17.0.11/java.util.concurrent.ThreadPoolExecutor$Worker.run(ThreadPoolExecutor.java:635)
        at java.base@17.0.11/java.lang.Thread.run(Thread.java:840)
"IPC Server handler 53 on default port 15170" daemon prio=5 tid=5705 timed_waiting
java.lang.Thread.State: TIMED_WAITING
        at java.base@17.0.11/jdk.internal.misc.Unsafe.park(Native Method)
        at java.base@17.0.11/java.util.concurrent.locks.LockSupport.parkNanos(LockSupport.java:252)
        at java.base@17.0.11/java.util.concurrent.locks.AbstractQueuedSynchronizer$ConditionObject.awaitNanos(AbstractQueuedSynchronizer.java:1674)
        at java.base@17.0.11/java.util.concurrent.LinkedBlockingQueue.poll(LinkedBlockingQueue.java:460)
        at app//org.apache.hadoop.ipc.CallQueueManager.take(CallQueueManager.java:317)
        at app//org.apache.hadoop.ipc.Server$Handler.run(Server.java:3014)
"IPC Server handler 29 on default port 15171" daemon prio=5 tid=5781 timed_waiting
java.lang.Thread.State: TIMED_WAITING
        at java.base@17.0.11/jdk.internal.misc.Unsafe.park(Native Method)
        at java.base@17.0.11/java.util.concurrent.locks.LockSupport.parkNanos(LockSupport.java:252)
        at java.base@17.0.11/java.util.concurrent.locks.AbstractQueuedSynchronizer$ConditionObject.awaitNanos(AbstractQueuedSynchronizer.java:1674)
        at java.base@17.0.11/java.util.concurrent.LinkedBlockingQueue.poll(LinkedBlockingQueue.java:460)
        at app//org.apache.hadoop.ipc.CallQueueManager.take(CallQueueManager.java:317)
        at app//org.apache.hadoop.ipc.Server$Handler.run(Server.java:3014)
"IPC Server handler 71 on default port 15171" daemon prio=5 tid=5823 timed_waiting
java.lang.Thread.State: TIMED_WAITING
        at java.base@17.0.11/jdk.internal.misc.Unsafe.park(Native Method)
        at java.base@17.0.11/java.util.concurrent.locks.LockSupport.parkNanos(LockSupport.java:252)
        at java.base@17.0.11/java.util.concurrent.locks.AbstractQueuedSynchronizer$ConditionObject.awaitNanos(AbstractQueuedSynchronizer.java:1674)
        at java.base@17.0.11/java.util.concurrent.LinkedBlockingQueue.poll(LinkedBlockingQueue.java:460)
        at app//org.apache.hadoop.ipc.CallQueueManager.take(CallQueueManager.java:317)
        at app//org.apache.hadoop.ipc.Server$Handler.run(Server.java:3014)
"qtp1497094670-6037" daemon prio=5 tid=6037 timed_waiting
java.lang.Thread.State: TIMED_WAITING
        at java.base@17.0.11/jdk.internal.misc.Unsafe.park(Native Method)
        at java.base@17.0.11/java.util.concurrent.locks.LockSupport.parkNanos(LockSupport.java:252)
        at java.base@17.0.11/java.util.concurrent.locks.AbstractQueuedSynchronizer$ConditionObject.awaitNanos(AbstractQueuedSynchronizer.java:1674)
        at app//org.eclipse.jetty.util.BlockingArrayQueue.poll(BlockingArrayQueue.java:382)
        at app//org.eclipse.jetty.util.thread.QueuedThreadPool$Runner.idleJobPoll(QueuedThreadPool.java:974)
        at app//org.eclipse.jetty.util.thread.QueuedThreadPool$Runner.run(QueuedThreadPool.java:1018)
        at java.base@17.0.11/java.lang.Thread.run(Thread.java:840)
"IPC Server handler 27 on default port 15170" daemon prio=5 tid=5679 timed_waiting
java.lang.Thread.State: TIMED_WAITING
        at java.base@17.0.11/jdk.internal.misc.Unsafe.park(Native Method)
        at java.base@17.0.11/java.util.concurrent.locks.LockSupport.parkNanos(LockSupport.java:252)
        at java.base@17.0.11/java.util.concurrent.locks.AbstractQueuedSynchronizer$ConditionObject.awaitNanos(AbstractQueuedSynchronizer.java:1674)
        at java.base@17.0.11/java.util.concurrent.LinkedBlockingQueue.poll(LinkedBlockingQueue.java:460)
        at app//org.apache.hadoop.ipc.CallQueueManager.take(CallQueueManager.java:317)
        at app//org.apache.hadoop.ipc.Server$Handler.run(Server.java:3014)
"3a211404-6ca4-4ebc-bc53-908f8eaf8373-DatanodeReportManager-3" daemon prio=5 tid=6049 in Object.wait()
java.lang.Thread.State: WAITING (on object monitor)
        at java.base@17.0.11/jdk.internal.misc.Unsafe.park(Native Method)
        at java.base@17.0.11/java.util.concurrent.locks.LockSupport.park(LockSupport.java:341)
        at java.base@17.0.11/java.util.concurrent.locks.AbstractQueuedSynchronizer$ConditionNode.block(AbstractQueuedSynchronizer.java:506)
        at java.base@17.0.11/java.util.concurrent.ForkJoinPool.unmanagedBlock(ForkJoinPool.java:3465)
        at java.base@17.0.11/java.util.concurrent.ForkJoinPool.managedBlock(ForkJoinPool.java:3436)
        at java.base@17.0.11/java.util.concurrent.locks.AbstractQueuedSynchronizer$ConditionObject.await(AbstractQueuedSynchronizer.java:1625)
        at java.base@17.0.11/java.util.concurrent.ScheduledThreadPoolExecutor$DelayedWorkQueue.take(ScheduledThreadPoolExecutor.java:1177)
        at java.base@17.0.11/java.util.concurrent.ScheduledThreadPoolExecutor$DelayedWorkQueue.take(ScheduledThreadPoolExecutor.java:899)
        at java.base@17.0.11/java.util.concurrent.ThreadPoolExecutor.getTask(ThreadPoolExecutor.java:1062)
        at java.base@17.0.11/java.util.concurrent.ThreadPoolExecutor.runWorker(ThreadPoolExecutor.java:1122)
        at java.base@17.0.11/java.util.concurrent.ThreadPoolExecutor$Worker.run(ThreadPoolExecutor.java:635)
        at java.base@17.0.11/java.lang.Thread.run(Thread.java:840)
"IPC Server handler 46 on default port 15171" daemon prio=5 tid=5798 timed_waiting
java.lang.Thread.State: TIMED_WAITING
        at java.base@17.0.11/jdk.internal.misc.Unsafe.park(Native Method)
        at java.base@17.0.11/java.util.concurrent.locks.LockSupport.parkNanos(LockSupport.java:252)
        at java.base@17.0.11/java.util.concurrent.locks.AbstractQueuedSynchronizer$ConditionObject.awaitNanos(AbstractQueuedSynchronizer.java:1674)
        at java.base@17.0.11/java.util.concurrent.LinkedBlockingQueue.poll(LinkedBlockingQueue.java:460)
        at app//org.apache.hadoop.ipc.CallQueueManager.take(CallQueueManager.java:317)
        at app//org.apache.hadoop.ipc.Server$Handler.run(Server.java:3014)
"3a211404-6ca4-4ebc-bc53-908f8eaf8373@group-A2A95399AC4D-SegmentedRaftLogWorker"  prio=5 tid=6085 timed_waiting
java.lang.Thread.State: TIMED_WAITING
        at java.base@17.0.11/jdk.internal.misc.Unsafe.park(Native Method)
        at java.base@17.0.11/java.util.concurrent.locks.LockSupport.parkNanos(LockSupport.java:252)
        at java.base@17.0.11/java.util.concurrent.locks.AbstractQueuedSynchronizer$ConditionObject.awaitNanos(AbstractQueuedSynchronizer.java:1674)
        at app//org.apache.ratis.util.DataBlockingQueue.poll(DataBlockingQueue.java:148)
        at app//org.apache.ratis.server.raftlog.segmented.SegmentedRaftLogWorker.run(SegmentedRaftLogWorker.java:299)
        at app//org.apache.ratis.server.raftlog.segmented.SegmentedRaftLogWorker$$Lambda$1251/0x00007f07fc75d2a0.run(Unknown Source)
        at java.base@17.0.11/java.util.concurrent.Executors$RunnableAdapter.call(Executors.java:539)
        at java.base@17.0.11/java.util.concurrent.FutureTask.run(FutureTask.java:264)
        at java.base@17.0.11/java.util.concurrent.ThreadPoolExecutor.runWorker(ThreadPoolExecutor.java:1136)
        at java.base@17.0.11/java.util.concurrent.ThreadPoolExecutor$Worker.run(ThreadPoolExecutor.java:635)
        at java.base@17.0.11/java.lang.Thread.run(Thread.java:840)
"IPC Server handler 69 on default port 15170" daemon prio=5 tid=5721 timed_waiting
java.lang.Thread.State: TIMED_WAITING
        at java.base@17.0.11/jdk.internal.misc.Unsafe.park(Native Method)
        at java.base@17.0.11/java.util.concurrent.locks.LockSupport.parkNanos(LockSupport.java:252)
        at java.base@17.0.11/java.util.concurrent.locks.AbstractQueuedSynchronizer$ConditionObject.awaitNanos(AbstractQueuedSynchronizer.java:1674)
        at java.base@17.0.11/java.util.concurrent.LinkedBlockingQueue.poll(LinkedBlockingQueue.java:460)
        at app//org.apache.hadoop.ipc.CallQueueManager.take(CallQueueManager.java:317)
        at app//org.apache.hadoop.ipc.Server$Handler.run(Server.java:3014)
"IPC Server handler 46 on default port 15172" daemon prio=5 tid=5898 timed_waiting
java.lang.Thread.State: TIMED_WAITING
        at java.base@17.0.11/jdk.internal.misc.Unsafe.park(Native Method)
        at java.base@17.0.11/java.util.concurrent.locks.LockSupport.parkNanos(LockSupport.java:252)
        at java.base@17.0.11/java.util.concurrent.locks.AbstractQueuedSynchronizer$ConditionObject.awaitNanos(AbstractQueuedSynchronizer.java:1674)
        at java.base@17.0.11/java.util.concurrent.LinkedBlockingQueue.poll(LinkedBlockingQueue.java:460)
        at app//org.apache.hadoop.ipc.CallQueueManager.take(CallQueueManager.java:317)
        at app//org.apache.hadoop.ipc.Server$Handler.run(Server.java:3014)
"om1-groupManagement"  prio=5 tid=5972 in Object.wait()
java.lang.Thread.State: WAITING (on object monitor)
        at java.base@17.0.11/jdk.internal.misc.Unsafe.park(Native Method)
        at java.base@17.0.11/java.util.concurrent.locks.LockSupport.park(LockSupport.java:341)
        at java.base@17.0.11/java.util.concurrent.locks.AbstractQueuedSynchronizer$ConditionNode.block(AbstractQueuedSynchronizer.java:506)
        at java.base@17.0.11/java.util.concurrent.ForkJoinPool.unmanagedBlock(ForkJoinPool.java:3465)
        at java.base@17.0.11/java.util.concurrent.ForkJoinPool.managedBlock(ForkJoinPool.java:3436)
        at java.base@17.0.11/java.util.concurrent.locks.AbstractQueuedSynchronizer$ConditionObject.await(AbstractQueuedSynchronizer.java:1625)
        at java.base@17.0.11/java.util.concurrent.LinkedBlockingQueue.take(LinkedBlockingQueue.java:435)
        at java.base@17.0.11/java.util.concurrent.ThreadPoolExecutor.getTask(ThreadPoolExecutor.java:1062)
        at java.base@17.0.11/java.util.concurrent.ThreadPoolExecutor.runWorker(ThreadPoolExecutor.java:1122)
        at java.base@17.0.11/java.util.concurrent.ThreadPoolExecutor$Worker.run(ThreadPoolExecutor.java:635)
        at java.base@17.0.11/java.lang.Thread.run(Thread.java:840)
"IPC Server handler 66 on default port 15171" daemon prio=5 tid=5818 timed_waiting
java.lang.Thread.State: TIMED_WAITING
        at java.base@17.0.11/jdk.internal.misc.Unsafe.park(Native Method)
        at java.base@17.0.11/java.util.concurrent.locks.LockSupport.parkNanos(LockSupport.java:252)
        at java.base@17.0.11/java.util.concurrent.locks.AbstractQueuedSynchronizer$ConditionObject.awaitNanos(AbstractQueuedSynchronizer.java:1674)
        at java.base@17.0.11/java.util.concurrent.LinkedBlockingQueue.poll(LinkedBlockingQueue.java:460)
        at app//org.apache.hadoop.ipc.CallQueueManager.take(CallQueueManager.java:317)
        at app//org.apache.hadoop.ipc.Server$Handler.run(Server.java:3014)
"BackgroundPipelineScrubber" daemon prio=5 tid=5619 timed_waiting
java.lang.Thread.State: TIMED_WAITING
        at java.base@17.0.11/java.lang.Object.wait(Native Method)
        at app//org.apache.hadoop.hdds.scm.ha.BackgroundSCMService.run(BackgroundSCMService.java:107)
        at app//org.apache.hadoop.hdds.scm.ha.BackgroundSCMService$$Lambda$791/0x00007f07fc3aa488.run(Unknown Source)
        at java.base@17.0.11/java.lang.Thread.run(Thread.java:840)
"qtp830475910-5996" daemon prio=5 tid=5996 runnable
java.lang.Thread.State: RUNNABLE
        at java.base@17.0.11/sun.nio.ch.EPoll.wait(Native Method)
        at java.base@17.0.11/sun.nio.ch.EPollSelectorImpl.doSelect(EPollSelectorImpl.java:118)
        at java.base@17.0.11/sun.nio.ch.SelectorImpl.lockAndDoSelect(SelectorImpl.java:129)
        at java.base@17.0.11/sun.nio.ch.SelectorImpl.select(SelectorImpl.java:146)
        at app//org.eclipse.jetty.io.ManagedSelector.nioSelect(ManagedSelector.java:183)
        at app//org.eclipse.jetty.io.ManagedSelector.select(ManagedSelector.java:190)
        at app//org.eclipse.jetty.io.ManagedSelector$SelectorProducer.select(ManagedSelector.java:606)
        at app//org.eclipse.jetty.io.ManagedSelector$SelectorProducer.produce(ManagedSelector.java:543)
        at app//org.eclipse.jetty.util.thread.strategy.EatWhatYouKill.produceTask(EatWhatYouKill.java:362)
        at app//org.eclipse.jetty.util.thread.strategy.EatWhatYouKill.doProduce(EatWhatYouKill.java:186)
        at app//org.eclipse.jetty.util.thread.strategy.EatWhatYouKill.tryProduce(EatWhatYouKill.java:173)
        at app//org.eclipse.jetty.util.thread.strategy.EatWhatYouKill.produce(EatWhatYouKill.java:137)
        at app//org.eclipse.jetty.io.ManagedSelector$$Lambda$911/0x00007f07fc545508.run(Unknown Source)
        at app//org.eclipse.jetty.util.thread.QueuedThreadPool.runJob(QueuedThreadPool.java:883)
        at app//org.eclipse.jetty.util.thread.QueuedThreadPool$Runner.run(QueuedThreadPool.java:1034)
        at java.base@17.0.11/java.lang.Thread.run(Thread.java:840)
"IPC Server handler 47 on default port 15170" daemon prio=5 tid=5699 timed_waiting
java.lang.Thread.State: TIMED_WAITING
        at java.base@17.0.11/jdk.internal.misc.Unsafe.park(Native Method)
        at java.base@17.0.11/java.util.concurrent.locks.LockSupport.parkNanos(LockSupport.java:252)
        at java.base@17.0.11/java.util.concurrent.locks.AbstractQueuedSynchronizer$ConditionObject.awaitNanos(AbstractQueuedSynchronizer.java:1674)
        at java.base@17.0.11/java.util.concurrent.LinkedBlockingQueue.poll(LinkedBlockingQueue.java:460)
        at app//org.apache.hadoop.ipc.CallQueueManager.take(CallQueueManager.java:317)
        at app//org.apache.hadoop.ipc.Server$Handler.run(Server.java:3014)
"IPC Server handler 61 on default port 15170" daemon prio=5 tid=5713 timed_waiting
java.lang.Thread.State: TIMED_WAITING
        at java.base@17.0.11/jdk.internal.misc.Unsafe.park(Native Method)
        at java.base@17.0.11/java.util.concurrent.locks.LockSupport.parkNanos(LockSupport.java:252)
        at java.base@17.0.11/java.util.concurrent.locks.AbstractQueuedSynchronizer$ConditionObject.awaitNanos(AbstractQueuedSynchronizer.java:1674)
        at java.base@17.0.11/java.util.concurrent.LinkedBlockingQueue.poll(LinkedBlockingQueue.java:460)
        at app//org.apache.hadoop.ipc.CallQueueManager.take(CallQueueManager.java:317)
        at app//org.apache.hadoop.ipc.Server$Handler.run(Server.java:3014)
"3a211404-6ca4-4ebc-bc53-908f8eaf8373-CommandProcessorThread" daemon prio=5 tid=6050 timed_waiting
java.lang.Thread.State: TIMED_WAITING
        at java.base@17.0.11/java.lang.Thread.sleep(Native Method)
        at app//org.apache.hadoop.ozone.container.common.statemachine.DatanodeStateMachine.lambda$initCommandHandlerThread$4(DatanodeStateMachine.java:674)
        at app//org.apache.hadoop.ozone.container.common.statemachine.DatanodeStateMachine$$Lambda$1374/0x00007f07fc7e1578.run(Unknown Source)
        at java.base@17.0.11/java.lang.Thread.run(Thread.java:840)
"om1-OMStateMachineApplyTransactionThread - 0" daemon prio=5 tid=6092 in Object.wait()
java.lang.Thread.State: WAITING (on object monitor)
        at java.base@17.0.11/jdk.internal.misc.Unsafe.park(Native Method)
        at java.base@17.0.11/java.util.concurrent.locks.LockSupport.park(LockSupport.java:341)
        at java.base@17.0.11/java.util.concurrent.locks.AbstractQueuedSynchronizer$ConditionNode.block(AbstractQueuedSynchronizer.java:506)
        at java.base@17.0.11/java.util.concurrent.ForkJoinPool.unmanagedBlock(ForkJoinPool.java:3465)
        at java.base@17.0.11/java.util.concurrent.ForkJoinPool.managedBlock(ForkJoinPool.java:3436)
        at java.base@17.0.11/java.util.concurrent.locks.AbstractQueuedSynchronizer$ConditionObject.await(AbstractQueuedSynchronizer.java:1625)
        at java.base@17.0.11/java.util.concurrent.LinkedBlockingQueue.take(LinkedBlockingQueue.java:435)
        at java.base@17.0.11/java.util.concurrent.ThreadPoolExecutor.getTask(ThreadPoolExecutor.java:1062)
        at java.base@17.0.11/java.util.concurrent.ThreadPoolExecutor.runWorker(ThreadPoolExecutor.java:1122)
        at java.base@17.0.11/java.util.concurrent.ThreadPoolExecutor$Worker.run(ThreadPoolExecutor.java:635)
        at java.base@17.0.11/java.lang.Thread.run(Thread.java:840)
"qtp641896206-5959" daemon prio=5 tid=5959 timed_waiting
java.lang.Thread.State: TIMED_WAITING
        at java.base@17.0.11/jdk.internal.misc.Unsafe.park(Native Method)
        at java.base@17.0.11/java.util.concurrent.locks.LockSupport.parkNanos(LockSupport.java:252)
        at java.base@17.0.11/java.util.concurrent.locks.AbstractQueuedSynchronizer$ConditionObject.awaitNanos(AbstractQueuedSynchronizer.java:1674)
        at app//org.eclipse.jetty.util.BlockingArrayQueue.poll(BlockingArrayQueue.java:382)
        at app//org.eclipse.jetty.util.thread.QueuedThreadPool$Runner.idleJobPoll(QueuedThreadPool.java:974)
        at app//org.eclipse.jetty.util.thread.QueuedThreadPool$Runner.run(QueuedThreadPool.java:1018)
        at java.base@17.0.11/java.lang.Thread.run(Thread.java:840)
"IPC Server handler 19 on default port 15174" daemon prio=5 tid=6024 timed_waiting
java.lang.Thread.State: TIMED_WAITING
        at java.base@17.0.11/jdk.internal.misc.Unsafe.park(Native Method)
        at java.base@17.0.11/java.util.concurrent.locks.LockSupport.parkNanos(LockSupport.java:252)
        at java.base@17.0.11/java.util.concurrent.locks.AbstractQueuedSynchronizer$ConditionObject.awaitNanos(AbstractQueuedSynchronizer.java:1674)
        at java.base@17.0.11/java.util.concurrent.LinkedBlockingQueue.poll(LinkedBlockingQueue.java:460)
        at app//org.apache.hadoop.ipc.CallQueueManager.take(CallQueueManager.java:317)
        at app//org.apache.hadoop.ipc.Server$Handler.run(Server.java:3014)
"IPC Server handler 12 on default port 15174" daemon prio=5 tid=6017 timed_waiting
java.lang.Thread.State: TIMED_WAITING
        at java.base@17.0.11/jdk.internal.misc.Unsafe.park(Native Method)
        at java.base@17.0.11/java.util.concurrent.locks.LockSupport.parkNanos(LockSupport.java:252)
        at java.base@17.0.11/java.util.concurrent.locks.AbstractQueuedSynchronizer$ConditionObject.awaitNanos(AbstractQueuedSynchronizer.java:1674)
        at java.base@17.0.11/java.util.concurrent.LinkedBlockingQueue.poll(LinkedBlockingQueue.java:460)
        at app//org.apache.hadoop.ipc.CallQueueManager.take(CallQueueManager.java:317)
        at app//org.apache.hadoop.ipc.Server$Handler.run(Server.java:3014)
"IPC Server handler 45 on default port 15172" daemon prio=5 tid=5897 timed_waiting
java.lang.Thread.State: TIMED_WAITING
        at java.base@17.0.11/jdk.internal.misc.Unsafe.park(Native Method)
        at java.base@17.0.11/java.util.concurrent.locks.LockSupport.parkNanos(LockSupport.java:252)
        at java.base@17.0.11/java.util.concurrent.locks.AbstractQueuedSynchronizer$ConditionObject.awaitNanos(AbstractQueuedSynchronizer.java:1674)
        at java.base@17.0.11/java.util.concurrent.LinkedBlockingQueue.poll(LinkedBlockingQueue.java:460)
        at app//org.apache.hadoop.ipc.CallQueueManager.take(CallQueueManager.java:317)
        at app//org.apache.hadoop.ipc.Server$Handler.run(Server.java:3014)
"qtp641896206-5963" daemon prio=5 tid=5963 timed_waiting
java.lang.Thread.State: TIMED_WAITING
        at java.base@17.0.11/jdk.internal.misc.Unsafe.park(Native Method)
        at java.base@17.0.11/java.util.concurrent.locks.LockSupport.parkNanos(LockSupport.java:252)
        at java.base@17.0.11/java.util.concurrent.locks.AbstractQueuedSynchronizer$ConditionObject.awaitNanos(AbstractQueuedSynchronizer.java:1674)
        at app//org.eclipse.jetty.util.BlockingArrayQueue.poll(BlockingArrayQueue.java:382)
        at app//org.eclipse.jetty.util.thread.QueuedThreadPool$Runner.idleJobPoll(QueuedThreadPool.java:974)
        at app//org.eclipse.jetty.util.thread.QueuedThreadPool$Runner.run(QueuedThreadPool.java:1018)
        at java.base@17.0.11/java.lang.Thread.run(Thread.java:840)
"Reference Handler" daemon prio=10 tid=2 runnable
java.lang.Thread.State: RUNNABLE
        at java.base@17.0.11/java.lang.ref.Reference.waitForReferencePendingList(Native Method)
        at java.base@17.0.11/java.lang.ref.Reference.processPendingReferences(Reference.java:253)
        at java.base@17.0.11/java.lang.ref.Reference$ReferenceHandler.run(Reference.java:215)
"IPC Server handler 10 on default port 15171" daemon prio=5 tid=5762 timed_waiting
java.lang.Thread.State: TIMED_WAITING
        at java.base@17.0.11/jdk.internal.misc.Unsafe.park(Native Method)
        at java.base@17.0.11/java.util.concurrent.locks.LockSupport.parkNanos(LockSupport.java:252)
        at java.base@17.0.11/java.util.concurrent.locks.AbstractQueuedSynchronizer$ConditionObject.awaitNanos(AbstractQueuedSynchronizer.java:1674)
        at java.base@17.0.11/java.util.concurrent.LinkedBlockingQueue.poll(LinkedBlockingQueue.java:460)
        at app//org.apache.hadoop.ipc.CallQueueManager.take(CallQueueManager.java:317)
        at app//org.apache.hadoop.ipc.Server$Handler.run(Server.java:3014)
"IPC Server handler 77 on default port 15172" daemon prio=5 tid=5929 timed_waiting
java.lang.Thread.State: TIMED_WAITING
        at java.base@17.0.11/jdk.internal.misc.Unsafe.park(Native Method)
        at java.base@17.0.11/java.util.concurrent.locks.LockSupport.parkNanos(LockSupport.java:252)
        at java.base@17.0.11/java.util.concurrent.locks.AbstractQueuedSynchronizer$ConditionObject.awaitNanos(AbstractQueuedSynchronizer.java:1674)
        at java.base@17.0.11/java.util.concurrent.LinkedBlockingQueue.poll(LinkedBlockingQueue.java:460)
        at app//org.apache.hadoop.ipc.CallQueueManager.take(CallQueueManager.java:317)
        at app//org.apache.hadoop.ipc.Server$Handler.run(Server.java:3014)
"IPC Server handler 70 on default port 15170" daemon prio=5 tid=5722 timed_waiting
java.lang.Thread.State: TIMED_WAITING
        at java.base@17.0.11/jdk.internal.misc.Unsafe.park(Native Method)
        at java.base@17.0.11/java.util.concurrent.locks.LockSupport.parkNanos(LockSupport.java:252)
        at java.base@17.0.11/java.util.concurrent.locks.AbstractQueuedSynchronizer$ConditionObject.awaitNanos(AbstractQueuedSynchronizer.java:1674)
        at java.base@17.0.11/java.util.concurrent.LinkedBlockingQueue.poll(LinkedBlockingQueue.java:460)
        at app//org.apache.hadoop.ipc.CallQueueManager.take(CallQueueManager.java:317)
        at app//org.apache.hadoop.ipc.Server$Handler.run(Server.java:3014)
"IPC Server handler 11 on default port 15171" daemon prio=5 tid=5763 timed_waiting
java.lang.Thread.State: TIMED_WAITING
        at java.base@17.0.11/jdk.internal.misc.Unsafe.park(Native Method)
        at java.base@17.0.11/java.util.concurrent.locks.LockSupport.parkNanos(LockSupport.java:252)
        at java.base@17.0.11/java.util.concurrent.locks.AbstractQueuedSynchronizer$ConditionObject.awaitNanos(AbstractQueuedSynchronizer.java:1674)
        at java.base@17.0.11/java.util.concurrent.LinkedBlockingQueue.poll(LinkedBlockingQueue.java:460)
        at app//org.apache.hadoop.ipc.CallQueueManager.take(CallQueueManager.java:317)
        at app//org.apache.hadoop.ipc.Server$Handler.run(Server.java:3014)
"IPC Server handler 26 on default port 15171" daemon prio=5 tid=5778 timed_waiting
java.lang.Thread.State: TIMED_WAITING
        at java.base@17.0.11/jdk.internal.misc.Unsafe.park(Native Method)
        at java.base@17.0.11/java.util.concurrent.locks.LockSupport.parkNanos(LockSupport.java:252)
        at java.base@17.0.11/java.util.concurrent.locks.AbstractQueuedSynchronizer$ConditionObject.awaitNanos(AbstractQueuedSynchronizer.java:1674)
        at java.base@17.0.11/java.util.concurrent.LinkedBlockingQueue.poll(LinkedBlockingQueue.java:460)
        at app//org.apache.hadoop.ipc.CallQueueManager.take(CallQueueManager.java:317)
        at app//org.apache.hadoop.ipc.Server$Handler.run(Server.java:3014)
"IPC Server handler 35 on default port 15171" daemon prio=5 tid=5787 timed_waiting
java.lang.Thread.State: TIMED_WAITING
        at java.base@17.0.11/jdk.internal.misc.Unsafe.park(Native Method)
        at java.base@17.0.11/java.util.concurrent.locks.LockSupport.parkNanos(LockSupport.java:252)
        at java.base@17.0.11/java.util.concurrent.locks.AbstractQueuedSynchronizer$ConditionObject.awaitNanos(AbstractQueuedSynchronizer.java:1674)
        at java.base@17.0.11/java.util.concurrent.LinkedBlockingQueue.poll(LinkedBlockingQueue.java:460)
        at app//org.apache.hadoop.ipc.CallQueueManager.take(CallQueueManager.java:317)
        at app//org.apache.hadoop.ipc.Server$Handler.run(Server.java:3014)
"IPC Server handler 34 on default port 15170" daemon prio=5 tid=5686 timed_waiting
java.lang.Thread.State: TIMED_WAITING
        at java.base@17.0.11/jdk.internal.misc.Unsafe.park(Native Method)
        at java.base@17.0.11/java.util.concurrent.locks.LockSupport.parkNanos(LockSupport.java:252)
        at java.base@17.0.11/java.util.concurrent.locks.AbstractQueuedSynchronizer$ConditionObject.awaitNanos(AbstractQueuedSynchronizer.java:1674)
        at java.base@17.0.11/java.util.concurrent.LinkedBlockingQueue.poll(LinkedBlockingQueue.java:460)
        at app//org.apache.hadoop.ipc.CallQueueManager.take(CallQueueManager.java:317)
        at app//org.apache.hadoop.ipc.Server$Handler.run(Server.java:3014)
"pool-933-thread-1"  prio=5 tid=5955 timed_waiting
java.lang.Thread.State: TIMED_WAITING
        at java.base@17.0.11/jdk.internal.misc.Unsafe.park(Native Method)
        at java.base@17.0.11/java.util.concurrent.locks.LockSupport.parkNanos(LockSupport.java:252)
        at java.base@17.0.11/java.util.concurrent.locks.AbstractQueuedSynchronizer$ConditionObject.awaitNanos(AbstractQueuedSynchronizer.java:1674)
        at java.base@17.0.11/java.util.concurrent.ScheduledThreadPoolExecutor$DelayedWorkQueue.take(ScheduledThreadPoolExecutor.java:1182)
        at java.base@17.0.11/java.util.concurrent.ScheduledThreadPoolExecutor$DelayedWorkQueue.take(ScheduledThreadPoolExecutor.java:899)
        at java.base@17.0.11/java.util.concurrent.ThreadPoolExecutor.getTask(ThreadPoolExecutor.java:1062)
        at java.base@17.0.11/java.util.concurrent.ThreadPoolExecutor.runWorker(ThreadPoolExecutor.java:1122)
        at java.base@17.0.11/java.util.concurrent.ThreadPoolExecutor$Worker.run(ThreadPoolExecutor.java:635)
        at java.base@17.0.11/java.lang.Thread.run(Thread.java:840)
"IPC Server handler 62 on default port 15170" daemon prio=5 tid=5714 timed_waiting
java.lang.Thread.State: TIMED_WAITING
        at java.base@17.0.11/jdk.internal.misc.Unsafe.park(Native Method)
        at java.base@17.0.11/java.util.concurrent.locks.LockSupport.parkNanos(LockSupport.java:252)
        at java.base@17.0.11/java.util.concurrent.locks.AbstractQueuedSynchronizer$ConditionObject.awaitNanos(AbstractQueuedSynchronizer.java:1674)
        at java.base@17.0.11/java.util.concurrent.LinkedBlockingQueue.poll(LinkedBlockingQueue.java:460)
        at app//org.apache.hadoop.ipc.CallQueueManager.take(CallQueueManager.java:317)
        at app//org.apache.hadoop.ipc.Server$Handler.run(Server.java:3014)
"3a211404-6ca4-4ebc-bc53-908f8eaf8373-DatanodeReportManager-1" daemon prio=5 tid=6047 timed_waiting
java.lang.Thread.State: TIMED_WAITING
        at java.base@17.0.11/jdk.internal.misc.Unsafe.park(Native Method)
        at java.base@17.0.11/java.util.concurrent.locks.LockSupport.parkNanos(LockSupport.java:252)
        at java.base@17.0.11/java.util.concurrent.locks.AbstractQueuedSynchronizer$ConditionObject.awaitNanos(AbstractQueuedSynchronizer.java:1674)
        at java.base@17.0.11/java.util.concurrent.ScheduledThreadPoolExecutor$DelayedWorkQueue.take(ScheduledThreadPoolExecutor.java:1182)
        at java.base@17.0.11/java.util.concurrent.ScheduledThreadPoolExecutor$DelayedWorkQueue.take(ScheduledThreadPoolExecutor.java:899)
        at java.base@17.0.11/java.util.concurrent.ThreadPoolExecutor.getTask(ThreadPoolExecutor.java:1062)
        at java.base@17.0.11/java.util.concurrent.ThreadPoolExecutor.runWorker(ThreadPoolExecutor.java:1122)
        at java.base@17.0.11/java.util.concurrent.ThreadPoolExecutor$Worker.run(ThreadPoolExecutor.java:635)
        at java.base@17.0.11/java.lang.Thread.run(Thread.java:840)
"IPC Server handler 45 on default port 15170" daemon prio=5 tid=5697 timed_waiting
java.lang.Thread.State: TIMED_WAITING
        at java.base@17.0.11/jdk.internal.misc.Unsafe.park(Native Method)
        at java.base@17.0.11/java.util.concurrent.locks.LockSupport.parkNanos(LockSupport.java:252)
        at java.base@17.0.11/java.util.concurrent.locks.AbstractQueuedSynchronizer$ConditionObject.awaitNanos(AbstractQueuedSynchronizer.java:1674)
        at java.base@17.0.11/java.util.concurrent.LinkedBlockingQueue.poll(LinkedBlockingQueue.java:460)
        at app//org.apache.hadoop.ipc.CallQueueManager.take(CallQueueManager.java:317)
        at app//org.apache.hadoop.ipc.Server$Handler.run(Server.java:3014)
"IPC Server handler 93 on default port 15172" daemon prio=5 tid=5945 timed_waiting
java.lang.Thread.State: TIMED_WAITING
        at java.base@17.0.11/jdk.internal.misc.Unsafe.park(Native Method)
        at java.base@17.0.11/java.util.concurrent.locks.LockSupport.parkNanos(LockSupport.java:252)
        at java.base@17.0.11/java.util.concurrent.locks.AbstractQueuedSynchronizer$ConditionObject.awaitNanos(AbstractQueuedSynchronizer.java:1674)
        at java.base@17.0.11/java.util.concurrent.LinkedBlockingQueue.poll(LinkedBlockingQueue.java:460)
        at app//org.apache.hadoop.ipc.CallQueueManager.take(CallQueueManager.java:317)
        at app//org.apache.hadoop.ipc.Server$Handler.run(Server.java:3014)
"IPC Server handler 1 on default port 15172" daemon prio=5 tid=5853 timed_waiting
java.lang.Thread.State: TIMED_WAITING
        at java.base@17.0.11/jdk.internal.misc.Unsafe.park(Native Method)
        at java.base@17.0.11/java.util.concurrent.locks.LockSupport.parkNanos(LockSupport.java:252)
        at java.base@17.0.11/java.util.concurrent.locks.AbstractQueuedSynchronizer$ConditionObject.awaitNanos(AbstractQueuedSynchronizer.java:1674)
        at java.base@17.0.11/java.util.concurrent.LinkedBlockingQueue.poll(LinkedBlockingQueue.java:460)
        at app//org.apache.hadoop.ipc.CallQueueManager.take(CallQueueManager.java:317)
        at app//org.apache.hadoop.ipc.Server$Handler.run(Server.java:3014)
"IPC Server handler 17 on default port 15172" daemon prio=5 tid=5869 timed_waiting
java.lang.Thread.State: TIMED_WAITING
        at java.base@17.0.11/jdk.internal.misc.Unsafe.park(Native Method)
        at java.base@17.0.11/java.util.concurrent.locks.LockSupport.parkNanos(LockSupport.java:252)
        at java.base@17.0.11/java.util.concurrent.locks.AbstractQueuedSynchronizer$ConditionObject.awaitNanos(AbstractQueuedSynchronizer.java:1674)
        at java.base@17.0.11/java.util.concurrent.LinkedBlockingQueue.poll(LinkedBlockingQueue.java:460)
        at app//org.apache.hadoop.ipc.CallQueueManager.take(CallQueueManager.java:317)
        at app//org.apache.hadoop.ipc.Server$Handler.run(Server.java:3014)
"IPC Server handler 26 on default port 15172" daemon prio=5 tid=5878 timed_waiting
java.lang.Thread.State: TIMED_WAITING
        at java.base@17.0.11/jdk.internal.misc.Unsafe.park(Native Method)
        at java.base@17.0.11/java.util.concurrent.locks.LockSupport.parkNanos(LockSupport.java:252)
        at java.base@17.0.11/java.util.concurrent.locks.AbstractQueuedSynchronizer$ConditionObject.awaitNanos(AbstractQueuedSynchronizer.java:1674)
        at java.base@17.0.11/java.util.concurrent.LinkedBlockingQueue.poll(LinkedBlockingQueue.java:460)
        at app//org.apache.hadoop.ipc.CallQueueManager.take(CallQueueManager.java:317)
        at app//org.apache.hadoop.ipc.Server$Handler.run(Server.java:3014)
"Hadoop-Metrics-Updater-0" daemon prio=5 tid=5977 timed_waiting
java.lang.Thread.State: TIMED_WAITING
        at java.base@17.0.11/jdk.internal.misc.Unsafe.park(Native Method)
        at java.base@17.0.11/java.util.concurrent.locks.LockSupport.parkNanos(LockSupport.java:252)
        at java.base@17.0.11/java.util.concurrent.locks.AbstractQueuedSynchronizer$ConditionObject.awaitNanos(AbstractQueuedSynchronizer.java:1674)
        at java.base@17.0.11/java.util.concurrent.ScheduledThreadPoolExecutor$DelayedWorkQueue.take(ScheduledThreadPoolExecutor.java:1182)
        at java.base@17.0.11/java.util.concurrent.ScheduledThreadPoolExecutor$DelayedWorkQueue.take(ScheduledThreadPoolExecutor.java:899)
        at java.base@17.0.11/java.util.concurrent.ThreadPoolExecutor.getTask(ThreadPoolExecutor.java:1062)
        at java.base@17.0.11/java.util.concurrent.ThreadPoolExecutor.runWorker(ThreadPoolExecutor.java:1122)
        at java.base@17.0.11/java.util.concurrent.ThreadPoolExecutor$Worker.run(ThreadPoolExecutor.java:635)
        at java.base@17.0.11/java.lang.Thread.run(Thread.java:840)
"IPC Server handler 77 on default port 15171" daemon prio=5 tid=5829 timed_waiting
java.lang.Thread.State: TIMED_WAITING
        at java.base@17.0.11/jdk.internal.misc.Unsafe.park(Native Method)
        at java.base@17.0.11/java.util.concurrent.locks.LockSupport.parkNanos(LockSupport.java:252)
        at java.base@17.0.11/java.util.concurrent.locks.AbstractQueuedSynchronizer$ConditionObject.awaitNanos(AbstractQueuedSynchronizer.java:1674)
        at java.base@17.0.11/java.util.concurrent.LinkedBlockingQueue.poll(LinkedBlockingQueue.java:460)
        at app//org.apache.hadoop.ipc.CallQueueManager.take(CallQueueManager.java:317)
        at app//org.apache.hadoop.ipc.Server$Handler.run(Server.java:3014)
"IPC Server handler 37 on default port 15172" daemon prio=5 tid=5889 timed_waiting
java.lang.Thread.State: TIMED_WAITING
        at java.base@17.0.11/jdk.internal.misc.Unsafe.park(Native Method)
        at java.base@17.0.11/java.util.concurrent.locks.LockSupport.parkNanos(LockSupport.java:252)
        at java.base@17.0.11/java.util.concurrent.locks.AbstractQueuedSynchronizer$ConditionObject.awaitNanos(AbstractQueuedSynchronizer.java:1674)
        at java.base@17.0.11/java.util.concurrent.LinkedBlockingQueue.poll(LinkedBlockingQueue.java:460)
        at app//org.apache.hadoop.ipc.CallQueueManager.take(CallQueueManager.java:317)
        at app//org.apache.hadoop.ipc.Server$Handler.run(Server.java:3014)
"Timer for 'StorageContainerManager' metrics system" daemon prio=5 tid=5650 timed_waiting
java.lang.Thread.State: TIMED_WAITING
        at java.base@17.0.11/java.lang.Object.wait(Native Method)
        at java.base@17.0.11/java.util.TimerThread.mainLoop(Timer.java:563)
        at java.base@17.0.11/java.util.TimerThread.run(Timer.java:516)
"IPC Server handler 83 on default port 15171" daemon prio=5 tid=5835 timed_waiting
java.lang.Thread.State: TIMED_WAITING
        at java.base@17.0.11/jdk.internal.misc.Unsafe.park(Native Method)
        at java.base@17.0.11/java.util.concurrent.locks.LockSupport.parkNanos(LockSupport.java:252)
        at java.base@17.0.11/java.util.concurrent.locks.AbstractQueuedSynchronizer$ConditionObject.awaitNanos(AbstractQueuedSynchronizer.java:1674)
        at java.base@17.0.11/java.util.concurrent.LinkedBlockingQueue.poll(LinkedBlockingQueue.java:460)
        at app//org.apache.hadoop.ipc.CallQueueManager.take(CallQueueManager.java:317)
        at app//org.apache.hadoop.ipc.Server$Handler.run(Server.java:3014)
"qtp1497094670-6032" daemon prio=5 tid=6032 runnable
java.lang.Thread.State: RUNNABLE
        at java.base@17.0.11/sun.nio.ch.EPoll.wait(Native Method)
        at java.base@17.0.11/sun.nio.ch.EPollSelectorImpl.doSelect(EPollSelectorImpl.java:118)
        at java.base@17.0.11/sun.nio.ch.SelectorImpl.lockAndDoSelect(SelectorImpl.java:129)
        at java.base@17.0.11/sun.nio.ch.SelectorImpl.select(SelectorImpl.java:146)
        at app//org.eclipse.jetty.io.ManagedSelector.nioSelect(ManagedSelector.java:183)
        at app//org.eclipse.jetty.io.ManagedSelector.select(ManagedSelector.java:190)
        at app//org.eclipse.jetty.io.ManagedSelector$SelectorProducer.select(ManagedSelector.java:606)
        at app//org.eclipse.jetty.io.ManagedSelector$SelectorProducer.produce(ManagedSelector.java:543)
        at app//org.eclipse.jetty.util.thread.strategy.EatWhatYouKill.produceTask(EatWhatYouKill.java:362)
        at app//org.eclipse.jetty.util.thread.strategy.EatWhatYouKill.doProduce(EatWhatYouKill.java:186)
        at app//org.eclipse.jetty.util.thread.strategy.EatWhatYouKill.tryProduce(EatWhatYouKill.java:173)
        at app//org.eclipse.jetty.util.thread.strategy.EatWhatYouKill.produce(EatWhatYouKill.java:137)
        at app//org.eclipse.jetty.io.ManagedSelector$$Lambda$911/0x00007f07fc545508.run(Unknown Source)
        at app//org.eclipse.jetty.util.thread.QueuedThreadPool.runJob(QueuedThreadPool.java:883)
        at app//org.eclipse.jetty.util.thread.QueuedThreadPool$Runner.run(QueuedThreadPool.java:1034)
        at java.base@17.0.11/java.lang.Thread.run(Thread.java:840)
"process reaper" daemon prio=10 tid=16 timed_waiting
java.lang.Thread.State: TIMED_WAITING
        at java.base@17.0.11/jdk.internal.misc.Unsafe.park(Native Method)
        at java.base@17.0.11/java.util.concurrent.locks.LockSupport.parkNanos(LockSupport.java:252)
        at java.base@17.0.11/java.util.concurrent.SynchronousQueue$TransferStack.transfer(SynchronousQueue.java:401)
        at java.base@17.0.11/java.util.concurrent.SynchronousQueue.poll(SynchronousQueue.java:903)
        at java.base@17.0.11/java.util.concurrent.ThreadPoolExecutor.getTask(ThreadPoolExecutor.java:1061)
        at java.base@17.0.11/java.util.concurrent.ThreadPoolExecutor.runWorker(ThreadPoolExecutor.java:1122)
        at java.base@17.0.11/java.util.concurrent.ThreadPoolExecutor$Worker.run(ThreadPoolExecutor.java:635)
        at java.base@17.0.11/java.lang.Thread.run(Thread.java:840)
"IPC Server handler 79 on default port 15171" daemon prio=5 tid=5831 timed_waiting
java.lang.Thread.State: TIMED_WAITING
        at java.base@17.0.11/jdk.internal.misc.Unsafe.park(Native Method)
        at java.base@17.0.11/java.util.concurrent.locks.LockSupport.parkNanos(LockSupport.java:252)
        at java.base@17.0.11/java.util.concurrent.locks.AbstractQueuedSynchronizer$ConditionObject.awaitNanos(AbstractQueuedSynchronizer.java:1674)
        at java.base@17.0.11/java.util.concurrent.LinkedBlockingQueue.poll(LinkedBlockingQueue.java:460)
        at app//org.apache.hadoop.ipc.CallQueueManager.take(CallQueueManager.java:317)
        at app//org.apache.hadoop.ipc.Server$Handler.run(Server.java:3014)
"IPC Server handler 13 on default port 15174" daemon prio=5 tid=6018 timed_waiting
java.lang.Thread.State: TIMED_WAITING
        at java.base@17.0.11/jdk.internal.misc.Unsafe.park(Native Method)
        at java.base@17.0.11/java.util.concurrent.locks.LockSupport.parkNanos(LockSupport.java:252)
        at java.base@17.0.11/java.util.concurrent.locks.AbstractQueuedSynchronizer$ConditionObject.awaitNanos(AbstractQueuedSynchronizer.java:1674)
        at java.base@17.0.11/java.util.concurrent.LinkedBlockingQueue.poll(LinkedBlockingQueue.java:460)
        at app//org.apache.hadoop.ipc.CallQueueManager.take(CallQueueManager.java:317)
        at app//org.apache.hadoop.ipc.Server$Handler.run(Server.java:3014)
"IPC Server handler 3 on default port 15171" daemon prio=5 tid=5755 timed_waiting
java.lang.Thread.State: TIMED_WAITING
        at java.base@17.0.11/jdk.internal.misc.Unsafe.park(Native Method)
        at java.base@17.0.11/java.util.concurrent.locks.LockSupport.parkNanos(LockSupport.java:252)
        at java.base@17.0.11/java.util.concurrent.locks.AbstractQueuedSynchronizer$ConditionObject.awaitNanos(AbstractQueuedSynchronizer.java:1674)
        at java.base@17.0.11/java.util.concurrent.LinkedBlockingQueue.poll(LinkedBlockingQueue.java:460)
        at app//org.apache.hadoop.ipc.CallQueueManager.take(CallQueueManager.java:317)
        at app//org.apache.hadoop.ipc.Server$Handler.run(Server.java:3014)
"IPC Server handler 92 on default port 15171" daemon prio=5 tid=5844 timed_waiting
java.lang.Thread.State: TIMED_WAITING
        at java.base@17.0.11/jdk.internal.misc.Unsafe.park(Native Method)
        at java.base@17.0.11/java.util.concurrent.locks.LockSupport.parkNanos(LockSupport.java:252)
        at java.base@17.0.11/java.util.concurrent.locks.AbstractQueuedSynchronizer$ConditionObject.awaitNanos(AbstractQueuedSynchronizer.java:1674)
        at java.base@17.0.11/java.util.concurrent.LinkedBlockingQueue.poll(LinkedBlockingQueue.java:460)
        at app//org.apache.hadoop.ipc.CallQueueManager.take(CallQueueManager.java:317)
        at app//org.apache.hadoop.ipc.Server$Handler.run(Server.java:3014)
"Hadoop-Metrics-Updater-0" daemon prio=5 tid=5634 timed_waiting
java.lang.Thread.State: TIMED_WAITING
        at java.base@17.0.11/jdk.internal.misc.Unsafe.park(Native Method)
        at java.base@17.0.11/java.util.concurrent.locks.LockSupport.parkNanos(LockSupport.java:252)
        at java.base@17.0.11/java.util.concurrent.locks.AbstractQueuedSynchronizer$ConditionObject.awaitNanos(AbstractQueuedSynchronizer.java:1674)
        at java.base@17.0.11/java.util.concurrent.ScheduledThreadPoolExecutor$DelayedWorkQueue.take(ScheduledThreadPoolExecutor.java:1182)
        at java.base@17.0.11/java.util.concurrent.ScheduledThreadPoolExecutor$DelayedWorkQueue.take(ScheduledThreadPoolExecutor.java:899)
        at java.base@17.0.11/java.util.concurrent.ThreadPoolExecutor.getTask(ThreadPoolExecutor.java:1062)
        at java.base@17.0.11/java.util.concurrent.ThreadPoolExecutor.runWorker(ThreadPoolExecutor.java:1122)
        at java.base@17.0.11/java.util.concurrent.ThreadPoolExecutor$Worker.run(ThreadPoolExecutor.java:635)
        at java.base@17.0.11/java.lang.Thread.run(Thread.java:840)
"IPC Server handler 52 on default port 15170" daemon prio=5 tid=5704 timed_waiting
java.lang.Thread.State: TIMED_WAITING
        at java.base@17.0.11/jdk.internal.misc.Unsafe.park(Native Method)
        at java.base@17.0.11/java.util.concurrent.locks.LockSupport.parkNanos(LockSupport.java:252)
        at java.base@17.0.11/java.util.concurrent.locks.AbstractQueuedSynchronizer$ConditionObject.awaitNanos(AbstractQueuedSynchronizer.java:1674)
        at java.base@17.0.11/java.util.concurrent.LinkedBlockingQueue.poll(LinkedBlockingQueue.java:460)
        at app//org.apache.hadoop.ipc.CallQueueManager.take(CallQueueManager.java:317)
        at app//org.apache.hadoop.ipc.Server$Handler.run(Server.java:3014)
"3a211404-6ca4-4ebc-bc53-908f8eaf8373-PipelineCommandHandlerThread-0"  prio=5 tid=6081 in Object.wait()
java.lang.Thread.State: WAITING (on object monitor)
        at java.base@17.0.11/jdk.internal.misc.Unsafe.park(Native Method)
        at java.base@17.0.11/java.util.concurrent.locks.LockSupport.park(LockSupport.java:341)
        at java.base@17.0.11/java.util.concurrent.locks.AbstractQueuedSynchronizer$ConditionNode.block(AbstractQueuedSynchronizer.java:506)
        at java.base@17.0.11/java.util.concurrent.ForkJoinPool.unmanagedBlock(ForkJoinPool.java:3465)
        at java.base@17.0.11/java.util.concurrent.ForkJoinPool.managedBlock(ForkJoinPool.java:3436)
        at java.base@17.0.11/java.util.concurrent.locks.AbstractQueuedSynchronizer$ConditionObject.await(AbstractQueuedSynchronizer.java:1625)
        at java.base@17.0.11/java.util.concurrent.LinkedBlockingQueue.take(LinkedBlockingQueue.java:435)
        at java.base@17.0.11/java.util.concurrent.ThreadPoolExecutor.getTask(ThreadPoolExecutor.java:1062)
        at java.base@17.0.11/java.util.concurrent.ThreadPoolExecutor.runWorker(ThreadPoolExecutor.java:1122)
        at java.base@17.0.11/java.util.concurrent.ThreadPoolExecutor$Worker.run(ThreadPoolExecutor.java:635)
        at java.base@17.0.11/java.lang.Thread.run(Thread.java:840)
"IPC Server handler 50 on default port 15170" daemon prio=5 tid=5702 timed_waiting
java.lang.Thread.State: TIMED_WAITING
        at java.base@17.0.11/jdk.internal.misc.Unsafe.park(Native Method)
        at java.base@17.0.11/java.util.concurrent.locks.LockSupport.parkNanos(LockSupport.java:252)
        at java.base@17.0.11/java.util.concurrent.locks.AbstractQueuedSynchronizer$ConditionObject.awaitNanos(AbstractQueuedSynchronizer.java:1674)
        at java.base@17.0.11/java.util.concurrent.LinkedBlockingQueue.poll(LinkedBlockingQueue.java:460)
        at app//org.apache.hadoop.ipc.CallQueueManager.take(CallQueueManager.java:317)
        at app//org.apache.hadoop.ipc.Server$Handler.run(Server.java:3014)
"IPC Server handler 42 on default port 15171" daemon prio=5 tid=5794 timed_waiting
java.lang.Thread.State: TIMED_WAITING
        at java.base@17.0.11/jdk.internal.misc.Unsafe.park(Native Method)
        at java.base@17.0.11/java.util.concurrent.locks.LockSupport.parkNanos(LockSupport.java:252)
        at java.base@17.0.11/java.util.concurrent.locks.AbstractQueuedSynchronizer$ConditionObject.awaitNanos(AbstractQueuedSynchronizer.java:1674)
        at java.base@17.0.11/java.util.concurrent.LinkedBlockingQueue.poll(LinkedBlockingQueue.java:460)
        at app//org.apache.hadoop.ipc.CallQueueManager.take(CallQueueManager.java:317)
        at app//org.apache.hadoop.ipc.Server$Handler.run(Server.java:3014)
"pool-965-thread-1" daemon prio=5 tid=6061 timed_waiting
java.lang.Thread.State: TIMED_WAITING
        at java.base@17.0.11/jdk.internal.misc.Unsafe.park(Native Method)
        at java.base@17.0.11/java.util.concurrent.locks.LockSupport.parkNanos(LockSupport.java:252)
        at java.base@17.0.11/java.util.concurrent.locks.AbstractQueuedSynchronizer$ConditionObject.awaitNanos(AbstractQueuedSynchronizer.java:1674)
        at java.base@17.0.11/java.util.concurrent.ScheduledThreadPoolExecutor$DelayedWorkQueue.take(ScheduledThreadPoolExecutor.java:1182)
        at java.base@17.0.11/java.util.concurrent.ScheduledThreadPoolExecutor$DelayedWorkQueue.take(ScheduledThreadPoolExecutor.java:899)
        at java.base@17.0.11/java.util.concurrent.ThreadPoolExecutor.getTask(ThreadPoolExecutor.java:1062)
        at java.base@17.0.11/java.util.concurrent.ThreadPoolExecutor.runWorker(ThreadPoolExecutor.java:1122)
        at java.base@17.0.11/java.util.concurrent.ThreadPoolExecutor$Worker.run(ThreadPoolExecutor.java:635)
        at java.base@17.0.11/java.lang.Thread.run(Thread.java:840)
"IPC Server handler 81 on default port 15171" daemon prio=5 tid=5833 timed_waiting
java.lang.Thread.State: TIMED_WAITING
        at java.base@17.0.11/jdk.internal.misc.Unsafe.park(Native Method)
        at java.base@17.0.11/java.util.concurrent.locks.LockSupport.parkNanos(LockSupport.java:252)
        at java.base@17.0.11/java.util.concurrent.locks.AbstractQueuedSynchronizer$ConditionObject.awaitNanos(AbstractQueuedSynchronizer.java:1674)
        at java.base@17.0.11/java.util.concurrent.LinkedBlockingQueue.poll(LinkedBlockingQueue.java:460)
        at app//org.apache.hadoop.ipc.CallQueueManager.take(CallQueueManager.java:317)
        at app//org.apache.hadoop.ipc.Server$Handler.run(Server.java:3014)
"IPC Server handler 4 on default port 15170" daemon prio=5 tid=5656 timed_waiting
java.lang.Thread.State: TIMED_WAITING
        at java.base@17.0.11/jdk.internal.misc.Unsafe.park(Native Method)
        at java.base@17.0.11/java.util.concurrent.locks.LockSupport.parkNanos(LockSupport.java:252)
        at java.base@17.0.11/java.util.concurrent.locks.AbstractQueuedSynchronizer$ConditionObject.awaitNanos(AbstractQueuedSynchronizer.java:1674)
        at java.base@17.0.11/java.util.concurrent.LinkedBlockingQueue.poll(LinkedBlockingQueue.java:460)
        at app//org.apache.hadoop.ipc.CallQueueManager.take(CallQueueManager.java:317)
        at app//org.apache.hadoop.ipc.Server$Handler.run(Server.java:3014)
"IPC Server handler 12 on default port 15170" daemon prio=5 tid=5664 timed_waiting
java.lang.Thread.State: TIMED_WAITING
        at java.base@17.0.11/jdk.internal.misc.Unsafe.park(Native Method)
        at java.base@17.0.11/java.util.concurrent.locks.LockSupport.parkNanos(LockSupport.java:252)
        at java.base@17.0.11/java.util.concurrent.locks.AbstractQueuedSynchronizer$ConditionObject.awaitNanos(AbstractQueuedSynchronizer.java:1674)
        at java.base@17.0.11/java.util.concurrent.LinkedBlockingQueue.poll(LinkedBlockingQueue.java:460)
        at app//org.apache.hadoop.ipc.CallQueueManager.take(CallQueueManager.java:317)
        at app//org.apache.hadoop.ipc.Server$Handler.run(Server.java:3014)
"IPC Server handler 71 on default port 15172" daemon prio=5 tid=5923 timed_waiting
java.lang.Thread.State: TIMED_WAITING
        at java.base@17.0.11/jdk.internal.misc.Unsafe.park(Native Method)
        at java.base@17.0.11/java.util.concurrent.locks.LockSupport.parkNanos(LockSupport.java:252)
        at java.base@17.0.11/java.util.concurrent.locks.AbstractQueuedSynchronizer$ConditionObject.awaitNanos(AbstractQueuedSynchronizer.java:1674)
        at java.base@17.0.11/java.util.concurrent.LinkedBlockingQueue.poll(LinkedBlockingQueue.java:460)
        at app//org.apache.hadoop.ipc.CallQueueManager.take(CallQueueManager.java:317)
        at app//org.apache.hadoop.ipc.Server$Handler.run(Server.java:3014)
"FullTableCache-Cleanup-0" daemon prio=5 tid=1569 in Object.wait()
java.lang.Thread.State: WAITING (on object monitor)
        at java.base@17.0.11/jdk.internal.misc.Unsafe.park(Native Method)
        at java.base@17.0.11/java.util.concurrent.locks.LockSupport.park(LockSupport.java:341)
        at java.base@17.0.11/java.util.concurrent.locks.AbstractQueuedSynchronizer$ConditionNode.block(AbstractQueuedSynchronizer.java:506)
        at java.base@17.0.11/java.util.concurrent.ForkJoinPool.unmanagedBlock(ForkJoinPool.java:3465)
        at java.base@17.0.11/java.util.concurrent.ForkJoinPool.managedBlock(ForkJoinPool.java:3436)
        at java.base@17.0.11/java.util.concurrent.locks.AbstractQueuedSynchronizer$ConditionObject.await(AbstractQueuedSynchronizer.java:1625)
        at java.base@17.0.11/java.util.concurrent.LinkedBlockingQueue.take(LinkedBlockingQueue.java:435)
        at java.base@17.0.11/java.util.concurrent.ThreadPoolExecutor.getTask(ThreadPoolExecutor.java:1062)
        at java.base@17.0.11/java.util.concurrent.ThreadPoolExecutor.runWorker(ThreadPoolExecutor.java:1122)
        at java.base@17.0.11/java.util.concurrent.ThreadPoolExecutor$Worker.run(ThreadPoolExecutor.java:635)
        at java.base@17.0.11/java.lang.Thread.run(Thread.java:840)
"PartialTableCache-Cleanup-0" daemon prio=5 tid=2289 in Object.wait()
java.lang.Thread.State: WAITING (on object monitor)
        at java.base@17.0.11/jdk.internal.misc.Unsafe.park(Native Method)
        at java.base@17.0.11/java.util.concurrent.locks.LockSupport.park(LockSupport.java:341)
        at java.base@17.0.11/java.util.concurrent.locks.AbstractQueuedSynchronizer$ConditionNode.block(AbstractQueuedSynchronizer.java:506)
        at java.base@17.0.11/java.util.concurrent.ForkJoinPool.unmanagedBlock(ForkJoinPool.java:3465)
        at java.base@17.0.11/java.util.concurrent.ForkJoinPool.managedBlock(ForkJoinPool.java:3436)
        at java.base@17.0.11/java.util.concurrent.locks.AbstractQueuedSynchronizer$ConditionObject.await(AbstractQueuedSynchronizer.java:1625)
        at java.base@17.0.11/java.util.concurrent.LinkedBlockingQueue.take(LinkedBlockingQueue.java:435)
        at java.base@17.0.11/java.util.concurrent.ThreadPoolExecutor.getTask(ThreadPoolExecutor.java:1062)
        at java.base@17.0.11/java.util.concurrent.ThreadPoolExecutor.runWorker(ThreadPoolExecutor.java:1122)
        at java.base@17.0.11/java.util.concurrent.ThreadPoolExecutor$Worker.run(ThreadPoolExecutor.java:635)
        at java.base@17.0.11/java.lang.Thread.run(Thread.java:840)
"IPC Server handler 60 on default port 15171" daemon prio=5 tid=5812 timed_waiting
java.lang.Thread.State: TIMED_WAITING
        at java.base@17.0.11/jdk.internal.misc.Unsafe.park(Native Method)
        at java.base@17.0.11/java.util.concurrent.locks.LockSupport.parkNanos(LockSupport.java:252)
        at java.base@17.0.11/java.util.concurrent.locks.AbstractQueuedSynchronizer$ConditionObject.awaitNanos(AbstractQueuedSynchronizer.java:1674)
        at java.base@17.0.11/java.util.concurrent.LinkedBlockingQueue.poll(LinkedBlockingQueue.java:460)
        at app//org.apache.hadoop.ipc.CallQueueManager.take(CallQueueManager.java:317)
        at app//org.apache.hadoop.ipc.Server$Handler.run(Server.java:3014)
"IPC Server idle connection scanner for port 15174" daemon prio=5 tid=5975 timed_waiting
java.lang.Thread.State: TIMED_WAITING
        at java.base@17.0.11/java.lang.Object.wait(Native Method)
        at java.base@17.0.11/java.util.TimerThread.mainLoop(Timer.java:563)
        at java.base@17.0.11/java.util.TimerThread.run(Timer.java:516)
"IPC Server handler 5 on default port 15171" daemon prio=5 tid=5757 timed_waiting
java.lang.Thread.State: TIMED_WAITING
        at java.base@17.0.11/jdk.internal.misc.Unsafe.park(Native Method)
        at java.base@17.0.11/java.util.concurrent.locks.LockSupport.parkNanos(LockSupport.java:252)
        at java.base@17.0.11/java.util.concurrent.locks.AbstractQueuedSynchronizer$ConditionObject.awaitNanos(AbstractQueuedSynchronizer.java:1674)
        at java.base@17.0.11/java.util.concurrent.LinkedBlockingQueue.poll(LinkedBlockingQueue.java:460)
        at app//org.apache.hadoop.ipc.CallQueueManager.take(CallQueueManager.java:317)
        at app//org.apache.hadoop.ipc.Server$Handler.run(Server.java:3014)
"3a211404-6ca4-4ebc-bc53-908f8eaf8373-DatanodeStateMachineTaskThread-1"  prio=5 tid=6054 in Object.wait()
java.lang.Thread.State: WAITING (on object monitor)
        at java.base@17.0.11/jdk.internal.misc.Unsafe.park(Native Method)
        at java.base@17.0.11/java.util.concurrent.locks.LockSupport.park(LockSupport.java:341)
        at java.base@17.0.11/java.util.concurrent.locks.AbstractQueuedSynchronizer$ConditionNode.block(AbstractQueuedSynchronizer.java:506)
        at java.base@17.0.11/java.util.concurrent.ForkJoinPool.unmanagedBlock(ForkJoinPool.java:3465)
        at java.base@17.0.11/java.util.concurrent.ForkJoinPool.managedBlock(ForkJoinPool.java:3436)
        at java.base@17.0.11/java.util.concurrent.locks.AbstractQueuedSynchronizer$ConditionObject.await(AbstractQueuedSynchronizer.java:1625)
        at java.base@17.0.11/java.util.concurrent.LinkedBlockingQueue.take(LinkedBlockingQueue.java:435)
        at java.base@17.0.11/java.util.concurrent.ThreadPoolExecutor.getTask(ThreadPoolExecutor.java:1062)
        at java.base@17.0.11/java.util.concurrent.ThreadPoolExecutor.runWorker(ThreadPoolExecutor.java:1122)
        at java.base@17.0.11/java.util.concurrent.ThreadPoolExecutor$Worker.run(ThreadPoolExecutor.java:635)
        at java.base@17.0.11/java.lang.Thread.run(Thread.java:840)
"IPC Server handler 22 on default port 15172" daemon prio=5 tid=5874 timed_waiting
java.lang.Thread.State: TIMED_WAITING
        at java.base@17.0.11/jdk.internal.misc.Unsafe.park(Native Method)
        at java.base@17.0.11/java.util.concurrent.locks.LockSupport.parkNanos(LockSupport.java:252)
        at java.base@17.0.11/java.util.concurrent.locks.AbstractQueuedSynchronizer$ConditionObject.awaitNanos(AbstractQueuedSynchronizer.java:1674)
        at java.base@17.0.11/java.util.concurrent.LinkedBlockingQueue.poll(LinkedBlockingQueue.java:460)
        at app//org.apache.hadoop.ipc.CallQueueManager.take(CallQueueManager.java:317)
        at app//org.apache.hadoop.ipc.Server$Handler.run(Server.java:3014)
"IPC Server handler 48 on default port 15172" daemon prio=5 tid=5900 timed_waiting
java.lang.Thread.State: TIMED_WAITING
        at java.base@17.0.11/jdk.internal.misc.Unsafe.park(Native Method)
        at java.base@17.0.11/java.util.concurrent.locks.LockSupport.parkNanos(LockSupport.java:252)
        at java.base@17.0.11/java.util.concurrent.locks.AbstractQueuedSynchronizer$ConditionObject.awaitNanos(AbstractQueuedSynchronizer.java:1674)
        at java.base@17.0.11/java.util.concurrent.LinkedBlockingQueue.poll(LinkedBlockingQueue.java:460)
        at app//org.apache.hadoop.ipc.CallQueueManager.take(CallQueueManager.java:317)
        at app//org.apache.hadoop.ipc.Server$Handler.run(Server.java:3014)
"IPC Server handler 52 on default port 15171" daemon prio=5 tid=5804 timed_waiting
java.lang.Thread.State: TIMED_WAITING
        at java.base@17.0.11/jdk.internal.misc.Unsafe.park(Native Method)
        at java.base@17.0.11/java.util.concurrent.locks.LockSupport.parkNanos(LockSupport.java:252)
        at java.base@17.0.11/java.util.concurrent.locks.AbstractQueuedSynchronizer$ConditionObject.awaitNanos(AbstractQueuedSynchronizer.java:1674)
        at java.base@17.0.11/java.util.concurrent.LinkedBlockingQueue.poll(LinkedBlockingQueue.java:460)
        at app//org.apache.hadoop.ipc.CallQueueManager.take(CallQueueManager.java:317)
        at app//org.apache.hadoop.ipc.Server$Handler.run(Server.java:3014)
"Hadoop-Metrics-Updater-0" daemon prio=5 tid=5639 timed_waiting
java.lang.Thread.State: TIMED_WAITING
        at java.base@17.0.11/jdk.internal.misc.Unsafe.park(Native Method)
        at java.base@17.0.11/java.util.concurrent.locks.LockSupport.parkNanos(LockSupport.java:252)
        at java.base@17.0.11/java.util.concurrent.locks.AbstractQueuedSynchronizer$ConditionObject.awaitNanos(AbstractQueuedSynchronizer.java:1674)
        at java.base@17.0.11/java.util.concurrent.ScheduledThreadPoolExecutor$DelayedWorkQueue.take(ScheduledThreadPoolExecutor.java:1182)
        at java.base@17.0.11/java.util.concurrent.ScheduledThreadPoolExecutor$DelayedWorkQueue.take(ScheduledThreadPoolExecutor.java:899)
        at java.base@17.0.11/java.util.concurrent.ThreadPoolExecutor.getTask(ThreadPoolExecutor.java:1062)
        at java.base@17.0.11/java.util.concurrent.ThreadPoolExecutor.runWorker(ThreadPoolExecutor.java:1122)
        at java.base@17.0.11/java.util.concurrent.ThreadPoolExecutor$Worker.run(ThreadPoolExecutor.java:635)
        at java.base@17.0.11/java.lang.Thread.run(Thread.java:840)
"om1-SnapshotDirectoryCleaningService#0" daemon prio=5 tid=5993 timed_waiting
java.lang.Thread.State: TIMED_WAITING
        at java.base@17.0.11/jdk.internal.misc.Unsafe.park(Native Method)
        at java.base@17.0.11/java.util.concurrent.locks.LockSupport.parkNanos(LockSupport.java:252)
        at java.base@17.0.11/java.util.concurrent.locks.AbstractQueuedSynchronizer$ConditionObject.awaitNanos(AbstractQueuedSynchronizer.java:1674)
        at java.base@17.0.11/java.util.concurrent.ScheduledThreadPoolExecutor$DelayedWorkQueue.take(ScheduledThreadPoolExecutor.java:1182)
        at java.base@17.0.11/java.util.concurrent.ScheduledThreadPoolExecutor$DelayedWorkQueue.take(ScheduledThreadPoolExecutor.java:899)
        at java.base@17.0.11/java.util.concurrent.ThreadPoolExecutor.getTask(ThreadPoolExecutor.java:1062)
        at java.base@17.0.11/java.util.concurrent.ThreadPoolExecutor.runWorker(ThreadPoolExecutor.java:1122)
        at java.base@17.0.11/java.util.concurrent.ThreadPoolExecutor$Worker.run(ThreadPoolExecutor.java:635)
        at java.base@17.0.11/java.lang.Thread.run(Thread.java:840)
"IPC Server handler 75 on default port 15170" daemon prio=5 tid=5727 timed_waiting
java.lang.Thread.State: TIMED_WAITING
        at java.base@17.0.11/jdk.internal.misc.Unsafe.park(Native Method)
        at java.base@17.0.11/java.util.concurrent.locks.LockSupport.parkNanos(LockSupport.java:252)
        at java.base@17.0.11/java.util.concurrent.locks.AbstractQueuedSynchronizer$ConditionObject.awaitNanos(AbstractQueuedSynchronizer.java:1674)
        at java.base@17.0.11/java.util.concurrent.LinkedBlockingQueue.poll(LinkedBlockingQueue.java:460)
        at app//org.apache.hadoop.ipc.CallQueueManager.take(CallQueueManager.java:317)
        at app//org.apache.hadoop.ipc.Server$Handler.run(Server.java:3014)
"IPC Server handler 27 on default port 15171" daemon prio=5 tid=5779 timed_waiting
java.lang.Thread.State: TIMED_WAITING
        at java.base@17.0.11/jdk.internal.misc.Unsafe.park(Native Method)
        at java.base@17.0.11/java.util.concurrent.locks.LockSupport.parkNanos(LockSupport.java:252)
        at java.base@17.0.11/java.util.concurrent.locks.AbstractQueuedSynchronizer$ConditionObject.awaitNanos(AbstractQueuedSynchronizer.java:1674)
        at java.base@17.0.11/java.util.concurrent.LinkedBlockingQueue.poll(LinkedBlockingQueue.java:460)
        at app//org.apache.hadoop.ipc.CallQueueManager.take(CallQueueManager.java:317)
        at app//org.apache.hadoop.ipc.Server$Handler.run(Server.java:3014)
"IPC Server handler 15 on default port 15172" daemon prio=5 tid=5867 timed_waiting
java.lang.Thread.State: TIMED_WAITING
        at java.base@17.0.11/jdk.internal.misc.Unsafe.park(Native Method)
        at java.base@17.0.11/java.util.concurrent.locks.LockSupport.parkNanos(LockSupport.java:252)
        at java.base@17.0.11/java.util.concurrent.locks.AbstractQueuedSynchronizer$ConditionObject.awaitNanos(AbstractQueuedSynchronizer.java:1674)
        at java.base@17.0.11/java.util.concurrent.LinkedBlockingQueue.poll(LinkedBlockingQueue.java:460)
        at app//org.apache.hadoop.ipc.CallQueueManager.take(CallQueueManager.java:317)
        at app//org.apache.hadoop.ipc.Server$Handler.run(Server.java:3014)
"IPC Server handler 6 on default port 15171" daemon prio=5 tid=5758 timed_waiting
java.lang.Thread.State: TIMED_WAITING
        at java.base@17.0.11/jdk.internal.misc.Unsafe.park(Native Method)
        at java.base@17.0.11/java.util.concurrent.locks.LockSupport.parkNanos(LockSupport.java:252)
        at java.base@17.0.11/java.util.concurrent.locks.AbstractQueuedSynchronizer$ConditionObject.awaitNanos(AbstractQueuedSynchronizer.java:1674)
        at java.base@17.0.11/java.util.concurrent.LinkedBlockingQueue.poll(LinkedBlockingQueue.java:460)
        at app//org.apache.hadoop.ipc.CallQueueManager.take(CallQueueManager.java:317)
        at app//org.apache.hadoop.ipc.Server$Handler.run(Server.java:3014)
"IPC Server handler 61 on default port 15172" daemon prio=5 tid=5913 timed_waiting
java.lang.Thread.State: TIMED_WAITING
        at java.base@17.0.11/jdk.internal.misc.Unsafe.park(Native Method)
        at java.base@17.0.11/java.util.concurrent.locks.LockSupport.parkNanos(LockSupport.java:252)
        at java.base@17.0.11/java.util.concurrent.locks.AbstractQueuedSynchronizer$ConditionObject.awaitNanos(AbstractQueuedSynchronizer.java:1674)
        at java.base@17.0.11/java.util.concurrent.LinkedBlockingQueue.poll(LinkedBlockingQueue.java:460)
        at app//org.apache.hadoop.ipc.CallQueueManager.take(CallQueueManager.java:317)
        at app//org.apache.hadoop.ipc.Server$Handler.run(Server.java:3014)
"PartialTableCache-Cleanup-0" daemon prio=5 tid=2369 in Object.wait()
java.lang.Thread.State: WAITING (on object monitor)
        at java.base@17.0.11/jdk.internal.misc.Unsafe.park(Native Method)
        at java.base@17.0.11/java.util.concurrent.locks.LockSupport.park(LockSupport.java:341)
        at java.base@17.0.11/java.util.concurrent.locks.AbstractQueuedSynchronizer$ConditionNode.block(AbstractQueuedSynchronizer.java:506)
        at java.base@17.0.11/java.util.concurrent.ForkJoinPool.unmanagedBlock(ForkJoinPool.java:3465)
        at java.base@17.0.11/java.util.concurrent.ForkJoinPool.managedBlock(ForkJoinPool.java:3436)
        at java.base@17.0.11/java.util.concurrent.locks.AbstractQueuedSynchronizer$ConditionObject.await(AbstractQueuedSynchronizer.java:1625)
        at java.base@17.0.11/java.util.concurrent.LinkedBlockingQueue.take(LinkedBlockingQueue.java:435)
        at java.base@17.0.11/java.util.concurrent.ThreadPoolExecutor.getTask(ThreadPoolExecutor.java:1062)
        at java.base@17.0.11/java.util.concurrent.ThreadPoolExecutor.runWorker(ThreadPoolExecutor.java:1122)
        at java.base@17.0.11/java.util.concurrent.ThreadPoolExecutor$Worker.run(ThreadPoolExecutor.java:635)
        at java.base@17.0.11/java.lang.Thread.run(Thread.java:840)
"om1-SnapshotDiffCleanupService#0" daemon prio=5 tid=5969 timed_waiting
java.lang.Thread.State: TIMED_WAITING
        at java.base@17.0.11/jdk.internal.misc.Unsafe.park(Native Method)
        at java.base@17.0.11/java.util.concurrent.locks.LockSupport.parkNanos(LockSupport.java:252)
        at java.base@17.0.11/java.util.concurrent.locks.AbstractQueuedSynchronizer$ConditionObject.awaitNanos(AbstractQueuedSynchronizer.java:1674)
        at java.base@17.0.11/java.util.concurrent.ScheduledThreadPoolExecutor$DelayedWorkQueue.take(ScheduledThreadPoolExecutor.java:1182)
        at java.base@17.0.11/java.util.concurrent.ScheduledThreadPoolExecutor$DelayedWorkQueue.take(ScheduledThreadPoolExecutor.java:899)
        at java.base@17.0.11/java.util.concurrent.ThreadPoolExecutor.getTask(ThreadPoolExecutor.java:1062)
        at java.base@17.0.11/java.util.concurrent.ThreadPoolExecutor.runWorker(ThreadPoolExecutor.java:1122)
        at java.base@17.0.11/java.util.concurrent.ThreadPoolExecutor$Worker.run(ThreadPoolExecutor.java:635)
        at java.base@17.0.11/java.lang.Thread.run(Thread.java:840)
"IPC Server handler 55 on default port 15171" daemon prio=5 tid=5807 timed_waiting
java.lang.Thread.State: TIMED_WAITING
        at java.base@17.0.11/jdk.internal.misc.Unsafe.park(Native Method)
        at java.base@17.0.11/java.util.concurrent.locks.LockSupport.parkNanos(LockSupport.java:252)
        at java.base@17.0.11/java.util.concurrent.locks.AbstractQueuedSynchronizer$ConditionObject.awaitNanos(AbstractQueuedSynchronizer.java:1674)
        at java.base@17.0.11/java.util.concurrent.LinkedBlockingQueue.poll(LinkedBlockingQueue.java:460)
        at app//org.apache.hadoop.ipc.CallQueueManager.take(CallQueueManager.java:317)
        at app//org.apache.hadoop.ipc.Server$Handler.run(Server.java:3014)
"IPC Server Responder" daemon prio=5 tid=5628 runnable
java.lang.Thread.State: RUNNABLE
        at java.base@17.0.11/sun.nio.ch.EPoll.wait(Native Method)
        at java.base@17.0.11/sun.nio.ch.EPollSelectorImpl.doSelect(EPollSelectorImpl.java:118)
        at java.base@17.0.11/sun.nio.ch.SelectorImpl.lockAndDoSelect(SelectorImpl.java:129)
        at java.base@17.0.11/sun.nio.ch.SelectorImpl.select(SelectorImpl.java:141)
        at app//org.apache.hadoop.ipc.Server$Responder.doRunLoop(Server.java:1582)
        at app//org.apache.hadoop.ipc.Server$Responder.run(Server.java:1565)
"Socket Reader #1 for port 15171"  prio=5 tid=5631 runnable
java.lang.Thread.State: RUNNABLE
        at java.base@17.0.11/sun.nio.ch.EPoll.wait(Native Method)
        at java.base@17.0.11/sun.nio.ch.EPollSelectorImpl.doSelect(EPollSelectorImpl.java:118)
        at java.base@17.0.11/sun.nio.ch.SelectorImpl.lockAndDoSelect(SelectorImpl.java:129)
        at java.base@17.0.11/sun.nio.ch.SelectorImpl.select(SelectorImpl.java:146)
        at app//org.apache.hadoop.ipc.Server$Listener$Reader.doRunLoop(Server.java:1346)
        at app//org.apache.hadoop.ipc.Server$Listener$Reader.run(Server.java:1325)
"IPC Server handler 31 on default port 15172" daemon prio=5 tid=5883 timed_waiting
java.lang.Thread.State: TIMED_WAITING
        at java.base@17.0.11/jdk.internal.misc.Unsafe.park(Native Method)
        at java.base@17.0.11/java.util.concurrent.locks.LockSupport.parkNanos(LockSupport.java:252)
        at java.base@17.0.11/java.util.concurrent.locks.AbstractQueuedSynchronizer$ConditionObject.awaitNanos(AbstractQueuedSynchronizer.java:1674)
        at java.base@17.0.11/java.util.concurrent.LinkedBlockingQueue.poll(LinkedBlockingQueue.java:460)
        at app//org.apache.hadoop.ipc.CallQueueManager.take(CallQueueManager.java:317)
        at app//org.apache.hadoop.ipc.Server$Handler.run(Server.java:3014)
"qtp830475910-6003" daemon prio=5 tid=6003 timed_waiting
java.lang.Thread.State: TIMED_WAITING
        at java.base@17.0.11/jdk.internal.misc.Unsafe.park(Native Method)
        at java.base@17.0.11/java.util.concurrent.locks.LockSupport.parkNanos(LockSupport.java:252)
        at java.base@17.0.11/java.util.concurrent.locks.AbstractQueuedSynchronizer$ConditionObject.awaitNanos(AbstractQueuedSynchronizer.java:1674)
        at app//org.eclipse.jetty.util.BlockingArrayQueue.poll(BlockingArrayQueue.java:382)
        at app//org.eclipse.jetty.util.thread.QueuedThreadPool$Runner.idleJobPoll(QueuedThreadPool.java:974)
        at app//org.eclipse.jetty.util.thread.QueuedThreadPool$Runner.run(QueuedThreadPool.java:1018)
        at java.base@17.0.11/java.lang.Thread.run(Thread.java:840)
"Hadoop-Metrics-Updater-0" daemon prio=5 tid=6043 timed_waiting
java.lang.Thread.State: TIMED_WAITING
        at java.base@17.0.11/jdk.internal.misc.Unsafe.park(Native Method)
        at java.base@17.0.11/java.util.concurrent.locks.LockSupport.parkNanos(LockSupport.java:252)
        at java.base@17.0.11/java.util.concurrent.locks.AbstractQueuedSynchronizer$ConditionObject.awaitNanos(AbstractQueuedSynchronizer.java:1674)
        at java.base@17.0.11/java.util.concurrent.ScheduledThreadPoolExecutor$DelayedWorkQueue.take(ScheduledThreadPoolExecutor.java:1182)
        at java.base@17.0.11/java.util.concurrent.ScheduledThreadPoolExecutor$DelayedWorkQueue.take(ScheduledThreadPoolExecutor.java:899)
        at java.base@17.0.11/java.util.concurrent.ThreadPoolExecutor.getTask(ThreadPoolExecutor.java:1062)
        at java.base@17.0.11/java.util.concurrent.ThreadPoolExecutor.runWorker(ThreadPoolExecutor.java:1122)
        at java.base@17.0.11/java.util.concurrent.ThreadPoolExecutor$Worker.run(ThreadPoolExecutor.java:635)
        at java.base@17.0.11/java.lang.Thread.run(Thread.java:840)
"IPC Server handler 12 on default port 15172" daemon prio=5 tid=5864 timed_waiting
java.lang.Thread.State: TIMED_WAITING
        at java.base@17.0.11/jdk.internal.misc.Unsafe.park(Native Method)
        at java.base@17.0.11/java.util.concurrent.locks.LockSupport.parkNanos(LockSupport.java:252)
        at java.base@17.0.11/java.util.concurrent.locks.AbstractQueuedSynchronizer$ConditionObject.awaitNanos(AbstractQueuedSynchronizer.java:1674)
        at java.base@17.0.11/java.util.concurrent.LinkedBlockingQueue.poll(LinkedBlockingQueue.java:460)
        at app//org.apache.hadoop.ipc.CallQueueManager.take(CallQueueManager.java:317)
        at app//org.apache.hadoop.ipc.Server$Handler.run(Server.java:3014)
"IPC Server handler 49 on default port 15171" daemon prio=5 tid=5801 timed_waiting
java.lang.Thread.State: TIMED_WAITING
        at java.base@17.0.11/jdk.internal.misc.Unsafe.park(Native Method)
        at java.base@17.0.11/java.util.concurrent.locks.LockSupport.parkNanos(LockSupport.java:252)
        at java.base@17.0.11/java.util.concurrent.locks.AbstractQueuedSynchronizer$ConditionObject.awaitNanos(AbstractQueuedSynchronizer.java:1674)
        at java.base@17.0.11/java.util.concurrent.LinkedBlockingQueue.poll(LinkedBlockingQueue.java:460)
        at app//org.apache.hadoop.ipc.CallQueueManager.take(CallQueueManager.java:317)
        at app//org.apache.hadoop.ipc.Server$Handler.run(Server.java:3014)
"IPC Server handler 4 on default port 15172" daemon prio=5 tid=5856 timed_waiting
java.lang.Thread.State: TIMED_WAITING
        at java.base@17.0.11/jdk.internal.misc.Unsafe.park(Native Method)
        at java.base@17.0.11/java.util.concurrent.locks.LockSupport.parkNanos(LockSupport.java:252)
        at java.base@17.0.11/java.util.concurrent.locks.AbstractQueuedSynchronizer$ConditionObject.awaitNanos(AbstractQueuedSynchronizer.java:1674)
        at java.base@17.0.11/java.util.concurrent.LinkedBlockingQueue.poll(LinkedBlockingQueue.java:460)
        at app//org.apache.hadoop.ipc.CallQueueManager.take(CallQueueManager.java:317)
        at app//org.apache.hadoop.ipc.Server$Handler.run(Server.java:3014)
"IPC Server handler 2 on default port 15172" daemon prio=5 tid=5854 timed_waiting
java.lang.Thread.State: TIMED_WAITING
        at java.base@17.0.11/jdk.internal.misc.Unsafe.park(Native Method)
        at java.base@17.0.11/java.util.concurrent.locks.LockSupport.parkNanos(LockSupport.java:252)
        at java.base@17.0.11/java.util.concurrent.locks.AbstractQueuedSynchronizer$ConditionObject.awaitNanos(AbstractQueuedSynchronizer.java:1674)
        at java.base@17.0.11/java.util.concurrent.LinkedBlockingQueue.poll(LinkedBlockingQueue.java:460)
        at app//org.apache.hadoop.ipc.CallQueueManager.take(CallQueueManager.java:317)
        at app//org.apache.hadoop.ipc.Server$Handler.run(Server.java:3014)
"IPC Server handler 7 on default port 15171" daemon prio=5 tid=5759 timed_waiting
java.lang.Thread.State: TIMED_WAITING
        at java.base@17.0.11/jdk.internal.misc.Unsafe.park(Native Method)
        at java.base@17.0.11/java.util.concurrent.locks.LockSupport.parkNanos(LockSupport.java:252)
        at java.base@17.0.11/java.util.concurrent.locks.AbstractQueuedSynchronizer$ConditionObject.awaitNanos(AbstractQueuedSynchronizer.java:1674)
        at java.base@17.0.11/java.util.concurrent.LinkedBlockingQueue.poll(LinkedBlockingQueue.java:460)
        at app//org.apache.hadoop.ipc.CallQueueManager.take(CallQueueManager.java:317)
        at app//org.apache.hadoop.ipc.Server$Handler.run(Server.java:3014)
"IPC Server handler 20 on default port 15171" daemon prio=5 tid=5772 timed_waiting
java.lang.Thread.State: TIMED_WAITING
        at java.base@17.0.11/jdk.internal.misc.Unsafe.park(Native Method)
        at java.base@17.0.11/java.util.concurrent.locks.LockSupport.parkNanos(LockSupport.java:252)
        at java.base@17.0.11/java.util.concurrent.locks.AbstractQueuedSynchronizer$ConditionObject.awaitNanos(AbstractQueuedSynchronizer.java:1674)
        at java.base@17.0.11/java.util.concurrent.LinkedBlockingQueue.poll(LinkedBlockingQueue.java:460)
        at app//org.apache.hadoop.ipc.CallQueueManager.take(CallQueueManager.java:317)
        at app//org.apache.hadoop.ipc.Server$Handler.run(Server.java:3014)
"EventQueue-DatanodeCommandQueueUpdatedForDatanodeCommandCountUpdatedHandler" daemon prio=5 tid=6080 in Object.wait()
java.lang.Thread.State: WAITING (on object monitor)
        at java.base@17.0.11/jdk.internal.misc.Unsafe.park(Native Method)
        at java.base@17.0.11/java.util.concurrent.locks.LockSupport.park(LockSupport.java:341)
        at java.base@17.0.11/java.util.concurrent.locks.AbstractQueuedSynchronizer$ConditionNode.block(AbstractQueuedSynchronizer.java:506)
        at java.base@17.0.11/java.util.concurrent.ForkJoinPool.unmanagedBlock(ForkJoinPool.java:3465)
        at java.base@17.0.11/java.util.concurrent.ForkJoinPool.managedBlock(ForkJoinPool.java:3436)
        at java.base@17.0.11/java.util.concurrent.locks.AbstractQueuedSynchronizer$ConditionObject.await(AbstractQueuedSynchronizer.java:1625)
        at java.base@17.0.11/java.util.concurrent.LinkedBlockingQueue.take(LinkedBlockingQueue.java:435)
        at java.base@17.0.11/java.util.concurrent.ThreadPoolExecutor.getTask(ThreadPoolExecutor.java:1062)
        at java.base@17.0.11/java.util.concurrent.ThreadPoolExecutor.runWorker(ThreadPoolExecutor.java:1122)
        at java.base@17.0.11/java.util.concurrent.ThreadPoolExecutor$Worker.run(ThreadPoolExecutor.java:635)
        at java.base@17.0.11/java.lang.Thread.run(Thread.java:840)
"IPC Server handler 94 on default port 15172" daemon prio=5 tid=5946 timed_waiting
java.lang.Thread.State: TIMED_WAITING
        at java.base@17.0.11/jdk.internal.misc.Unsafe.park(Native Method)
        at java.base@17.0.11/java.util.concurrent.locks.LockSupport.parkNanos(LockSupport.java:252)
        at java.base@17.0.11/java.util.concurrent.locks.AbstractQueuedSynchronizer$ConditionObject.awaitNanos(AbstractQueuedSynchronizer.java:1674)
        at java.base@17.0.11/java.util.concurrent.LinkedBlockingQueue.poll(LinkedBlockingQueue.java:460)
        at app//org.apache.hadoop.ipc.CallQueueManager.take(CallQueueManager.java:317)
        at app//org.apache.hadoop.ipc.Server$Handler.run(Server.java:3014)
"IPC Server handler 76 on default port 15170" daemon prio=5 tid=5728 timed_waiting
java.lang.Thread.State: TIMED_WAITING
        at java.base@17.0.11/jdk.internal.misc.Unsafe.park(Native Method)
        at java.base@17.0.11/java.util.concurrent.locks.LockSupport.parkNanos(LockSupport.java:252)
        at java.base@17.0.11/java.util.concurrent.locks.AbstractQueuedSynchronizer$ConditionObject.awaitNanos(AbstractQueuedSynchronizer.java:1674)
        at java.base@17.0.11/java.util.concurrent.LinkedBlockingQueue.poll(LinkedBlockingQueue.java:460)
        at app//org.apache.hadoop.ipc.CallQueueManager.take(CallQueueManager.java:317)
        at app//org.apache.hadoop.ipc.Server$Handler.run(Server.java:3014)
"IPC Server handler 89 on default port 15170" daemon prio=5 tid=5741 timed_waiting
java.lang.Thread.State: TIMED_WAITING
        at java.base@17.0.11/jdk.internal.misc.Unsafe.park(Native Method)
        at java.base@17.0.11/java.util.concurrent.locks.LockSupport.parkNanos(LockSupport.java:252)
        at java.base@17.0.11/java.util.concurrent.locks.AbstractQueuedSynchronizer$ConditionObject.awaitNanos(AbstractQueuedSynchronizer.java:1674)
        at java.base@17.0.11/java.util.concurrent.LinkedBlockingQueue.poll(LinkedBlockingQueue.java:460)
        at app//org.apache.hadoop.ipc.CallQueueManager.take(CallQueueManager.java:317)
        at app//org.apache.hadoop.ipc.Server$Handler.run(Server.java:3014)
"IPC Server handler 91 on default port 15170" daemon prio=5 tid=5743 timed_waiting
java.lang.Thread.State: TIMED_WAITING
        at java.base@17.0.11/jdk.internal.misc.Unsafe.park(Native Method)
        at java.base@17.0.11/java.util.concurrent.locks.LockSupport.parkNanos(LockSupport.java:252)
        at java.base@17.0.11/java.util.concurrent.locks.AbstractQueuedSynchronizer$ConditionObject.awaitNanos(AbstractQueuedSynchronizer.java:1674)
        at java.base@17.0.11/java.util.concurrent.LinkedBlockingQueue.poll(LinkedBlockingQueue.java:460)
        at app//org.apache.hadoop.ipc.CallQueueManager.take(CallQueueManager.java:317)
        at app//org.apache.hadoop.ipc.Server$Handler.run(Server.java:3014)
"IPC Parameter Sending Thread for 0.0.0.0/0.0.0.0:15172" daemon prio=5 tid=6057 timed_waiting
java.lang.Thread.State: TIMED_WAITING
        at java.base@17.0.11/jdk.internal.misc.Unsafe.park(Native Method)
        at java.base@17.0.11/java.util.concurrent.locks.LockSupport.parkNanos(LockSupport.java:252)
        at java.base@17.0.11/java.util.concurrent.SynchronousQueue$TransferQueue.transfer(SynchronousQueue.java:704)
        at java.base@17.0.11/java.util.concurrent.SynchronousQueue.poll(SynchronousQueue.java:903)
        at app//org.apache.hadoop.ipc.Client$Connection$RpcRequestSender.run(Client.java:1105)
        at java.base@17.0.11/java.lang.Thread.run(Thread.java:840)
"org.apache.hadoop.ozone.container.common.statemachine.commandhandler.DeleteBlocksCommandHandler$DeleteCmdWorker@3ae62308" daemon prio=5 tid=6028 timed_waiting
java.lang.Thread.State: TIMED_WAITING
        at java.base@17.0.11/java.lang.Thread.sleep(Native Method)
        at app//org.apache.hadoop.ozone.container.common.statemachine.commandhandler.DeleteBlocksCommandHandler$DeleteCmdWorker.run(DeleteBlocksCommandHandler.java:259)
        at java.base@17.0.11/java.lang.Thread.run(Thread.java:840)
"IPC Server handler 96 on default port 15172" daemon prio=5 tid=5948 timed_waiting
java.lang.Thread.State: TIMED_WAITING
        at java.base@17.0.11/jdk.internal.misc.Unsafe.park(Native Method)
        at java.base@17.0.11/java.util.concurrent.locks.LockSupport.parkNanos(LockSupport.java:252)
        at java.base@17.0.11/java.util.concurrent.locks.AbstractQueuedSynchronizer$ConditionObject.awaitNanos(AbstractQueuedSynchronizer.java:1674)
        at java.base@17.0.11/java.util.concurrent.LinkedBlockingQueue.poll(LinkedBlockingQueue.java:460)
        at app//org.apache.hadoop.ipc.CallQueueManager.take(CallQueueManager.java:317)
        at app//org.apache.hadoop.ipc.Server$Handler.run(Server.java:3014)
"IPC Server listener on 15171" daemon prio=5 tid=5630 runnable
java.lang.Thread.State: RUNNABLE
        at java.base@17.0.11/sun.nio.ch.EPoll.wait(Native Method)
        at java.base@17.0.11/sun.nio.ch.EPollSelectorImpl.doSelect(EPollSelectorImpl.java:118)
        at java.base@17.0.11/sun.nio.ch.SelectorImpl.lockAndDoSelect(SelectorImpl.java:129)
        at java.base@17.0.11/sun.nio.ch.SelectorImpl.select(SelectorImpl.java:146)
        at app//org.apache.hadoop.ipc.Server$Listener.run(Server.java:1408)
"IPC Server handler 48 on default port 15171" daemon prio=5 tid=5800 timed_waiting
java.lang.Thread.State: TIMED_WAITING
        at java.base@17.0.11/jdk.internal.misc.Unsafe.park(Native Method)
        at java.base@17.0.11/java.util.concurrent.locks.LockSupport.parkNanos(LockSupport.java:252)
        at java.base@17.0.11/java.util.concurrent.locks.AbstractQueuedSynchronizer$ConditionObject.awaitNanos(AbstractQueuedSynchronizer.java:1674)
        at java.base@17.0.11/java.util.concurrent.LinkedBlockingQueue.poll(LinkedBlockingQueue.java:460)
        at app//org.apache.hadoop.ipc.CallQueueManager.take(CallQueueManager.java:317)
        at app//org.apache.hadoop.ipc.Server$Handler.run(Server.java:3014)
"IPC Server handler 0 on default port 15171" daemon prio=5 tid=5752 timed_waiting
java.lang.Thread.State: TIMED_WAITING
        at java.base@17.0.11/jdk.internal.misc.Unsafe.park(Native Method)
        at java.base@17.0.11/java.util.concurrent.locks.LockSupport.parkNanos(LockSupport.java:252)
        at java.base@17.0.11/java.util.concurrent.locks.AbstractQueuedSynchronizer$ConditionObject.awaitNanos(AbstractQueuedSynchronizer.java:1674)
        at java.base@17.0.11/java.util.concurrent.LinkedBlockingQueue.poll(LinkedBlockingQueue.java:460)
        at app//org.apache.hadoop.ipc.CallQueueManager.take(CallQueueManager.java:317)
        at app//org.apache.hadoop.ipc.Server$Handler.run(Server.java:3014)
"IPC Server handler 64 on default port 15170" daemon prio=5 tid=5716 timed_waiting
java.lang.Thread.State: TIMED_WAITING
        at java.base@17.0.11/jdk.internal.misc.Unsafe.park(Native Method)
        at java.base@17.0.11/java.util.concurrent.locks.LockSupport.parkNanos(LockSupport.java:252)
        at java.base@17.0.11/java.util.concurrent.locks.AbstractQueuedSynchronizer$ConditionObject.awaitNanos(AbstractQueuedSynchronizer.java:1674)
        at java.base@17.0.11/java.util.concurrent.LinkedBlockingQueue.poll(LinkedBlockingQueue.java:460)
        at app//org.apache.hadoop.ipc.CallQueueManager.take(CallQueueManager.java:317)
        at app//org.apache.hadoop.ipc.Server$Handler.run(Server.java:3014)
"qtp641896206-5957" daemon prio=5 tid=5957 runnable
java.lang.Thread.State: RUNNABLE
        at java.base@17.0.11/sun.nio.ch.EPoll.wait(Native Method)
        at java.base@17.0.11/sun.nio.ch.EPollSelectorImpl.doSelect(EPollSelectorImpl.java:118)
        at java.base@17.0.11/sun.nio.ch.SelectorImpl.lockAndDoSelect(SelectorImpl.java:129)
        at java.base@17.0.11/sun.nio.ch.SelectorImpl.select(SelectorImpl.java:146)
        at app//org.eclipse.jetty.io.ManagedSelector.nioSelect(ManagedSelector.java:183)
        at app//org.eclipse.jetty.io.ManagedSelector.select(ManagedSelector.java:190)
        at app//org.eclipse.jetty.io.ManagedSelector$SelectorProducer.select(ManagedSelector.java:606)
        at app//org.eclipse.jetty.io.ManagedSelector$SelectorProducer.produce(ManagedSelector.java:543)
        at app//org.eclipse.jetty.util.thread.strategy.EatWhatYouKill.produceTask(EatWhatYouKill.java:362)
        at app//org.eclipse.jetty.util.thread.strategy.EatWhatYouKill.doProduce(EatWhatYouKill.java:186)
        at app//org.eclipse.jetty.util.thread.strategy.EatWhatYouKill.tryProduce(EatWhatYouKill.java:173)
        at app//org.eclipse.jetty.util.thread.strategy.EatWhatYouKill.produce(EatWhatYouKill.java:137)
        at app//org.eclipse.jetty.io.ManagedSelector$$Lambda$911/0x00007f07fc545508.run(Unknown Source)
        at app//org.eclipse.jetty.util.thread.QueuedThreadPool.runJob(QueuedThreadPool.java:883)
        at app//org.eclipse.jetty.util.thread.QueuedThreadPool$Runner.run(QueuedThreadPool.java:1034)
        at java.base@17.0.11/java.lang.Thread.run(Thread.java:840)
"timer0" daemon prio=5 tid=2274 timed_waiting
java.lang.Thread.State: TIMED_WAITING
        at java.base@17.0.11/java.lang.Object.wait(Native Method)
        at java.base@17.0.11/java.util.TimerThread.mainLoop(Timer.java:563)
        at java.base@17.0.11/java.util.TimerThread.run(Timer.java:516)
"om1-SstFilteringService#0" daemon prio=5 tid=5991 timed_waiting
java.lang.Thread.State: TIMED_WAITING
        at java.base@17.0.11/jdk.internal.misc.Unsafe.park(Native Method)
        at java.base@17.0.11/java.util.concurrent.locks.LockSupport.parkNanos(LockSupport.java:252)
        at java.base@17.0.11/java.util.concurrent.locks.AbstractQueuedSynchronizer$ConditionObject.awaitNanos(AbstractQueuedSynchronizer.java:1674)
        at java.base@17.0.11/java.util.concurrent.ScheduledThreadPoolExecutor$DelayedWorkQueue.take(ScheduledThreadPoolExecutor.java:1182)
        at java.base@17.0.11/java.util.concurrent.ScheduledThreadPoolExecutor$DelayedWorkQueue.take(ScheduledThreadPoolExecutor.java:899)
        at java.base@17.0.11/java.util.concurrent.ThreadPoolExecutor.getTask(ThreadPoolExecutor.java:1062)
        at java.base@17.0.11/java.util.concurrent.ThreadPoolExecutor.runWorker(ThreadPoolExecutor.java:1122)
        at java.base@17.0.11/java.util.concurrent.ThreadPoolExecutor$Worker.run(ThreadPoolExecutor.java:635)
        at java.base@17.0.11/java.lang.Thread.run(Thread.java:840)
"IPC Server handler 0 on default port 15172" daemon prio=5 tid=5852 timed_waiting
java.lang.Thread.State: TIMED_WAITING
        at java.base@17.0.11/jdk.internal.misc.Unsafe.park(Native Method)
        at java.base@17.0.11/java.util.concurrent.locks.LockSupport.parkNanos(LockSupport.java:252)
        at java.base@17.0.11/java.util.concurrent.locks.AbstractQueuedSynchronizer$ConditionObject.awaitNanos(AbstractQueuedSynchronizer.java:1674)
        at java.base@17.0.11/java.util.concurrent.LinkedBlockingQueue.poll(LinkedBlockingQueue.java:460)
        at app//org.apache.hadoop.ipc.CallQueueManager.take(CallQueueManager.java:317)
        at app//org.apache.hadoop.ipc.Server$Handler.run(Server.java:3014)
"IPC Server handler 64 on default port 15171" daemon prio=5 tid=5816 timed_waiting
java.lang.Thread.State: TIMED_WAITING
        at java.base@17.0.11/jdk.internal.misc.Unsafe.park(Native Method)
        at java.base@17.0.11/java.util.concurrent.locks.LockSupport.parkNanos(LockSupport.java:252)
        at java.base@17.0.11/java.util.concurrent.locks.AbstractQueuedSynchronizer$ConditionObject.awaitNanos(AbstractQueuedSynchronizer.java:1674)
        at java.base@17.0.11/java.util.concurrent.LinkedBlockingQueue.poll(LinkedBlockingQueue.java:460)
        at app//org.apache.hadoop.ipc.CallQueueManager.take(CallQueueManager.java:317)
        at app//org.apache.hadoop.ipc.Server$Handler.run(Server.java:3014)
"IPC Server handler 94 on default port 15171" daemon prio=5 tid=5846 timed_waiting
java.lang.Thread.State: TIMED_WAITING
        at java.base@17.0.11/jdk.internal.misc.Unsafe.park(Native Method)
        at java.base@17.0.11/java.util.concurrent.locks.LockSupport.parkNanos(LockSupport.java:252)
        at java.base@17.0.11/java.util.concurrent.locks.AbstractQueuedSynchronizer$ConditionObject.awaitNanos(AbstractQueuedSynchronizer.java:1674)
        at java.base@17.0.11/java.util.concurrent.LinkedBlockingQueue.poll(LinkedBlockingQueue.java:460)
        at app//org.apache.hadoop.ipc.CallQueueManager.take(CallQueueManager.java:317)
        at app//org.apache.hadoop.ipc.Server$Handler.run(Server.java:3014)
"IPC Server handler 79 on default port 15172" daemon prio=5 tid=5931 timed_waiting
java.lang.Thread.State: TIMED_WAITING
        at java.base@17.0.11/jdk.internal.misc.Unsafe.park(Native Method)
        at java.base@17.0.11/java.util.concurrent.locks.LockSupport.parkNanos(LockSupport.java:252)
        at java.base@17.0.11/java.util.concurrent.locks.AbstractQueuedSynchronizer$ConditionObject.awaitNanos(AbstractQueuedSynchronizer.java:1674)
        at java.base@17.0.11/java.util.concurrent.LinkedBlockingQueue.poll(LinkedBlockingQueue.java:460)
        at app//org.apache.hadoop.ipc.CallQueueManager.take(CallQueueManager.java:317)
        at app//org.apache.hadoop.ipc.Server$Handler.run(Server.java:3014)
"JvmPauseMonitor32" daemon prio=5 tid=6068 timed_waiting
java.lang.Thread.State: TIMED_WAITING
        at java.base@17.0.11/java.lang.Thread.sleep(Native Method)
        at java.base@17.0.11/java.lang.Thread.sleep(Thread.java:344)
        at java.base@17.0.11/java.util.concurrent.TimeUnit.sleep(TimeUnit.java:446)
        at app//org.apache.ratis.util.TimeDuration.sleep(TimeDuration.java:353)
        at app//org.apache.ratis.util.TimeDuration.sleep(TimeDuration.java:338)
        at app//org.apache.ratis.util.JvmPauseMonitor.detectPause(JvmPauseMonitor.java:160)
        at app//org.apache.ratis.util.JvmPauseMonitor.run(JvmPauseMonitor.java:149)
        at app//org.apache.ratis.util.JvmPauseMonitor$$Lambda$874/0x00007f07fc4e8b78.run(Unknown Source)
        at java.base@17.0.11/java.lang.Thread.run(Thread.java:840)
"IPC Server idle connection scanner for port 15170" daemon prio=5 tid=5637 timed_waiting
java.lang.Thread.State: TIMED_WAITING
        at java.base@17.0.11/java.lang.Object.wait(Native Method)
        at java.base@17.0.11/java.util.TimerThread.mainLoop(Timer.java:563)
        at java.base@17.0.11/java.util.TimerThread.run(Timer.java:516)
"IPC Server handler 45 on default port 15171" daemon prio=5 tid=5797 timed_waiting
java.lang.Thread.State: TIMED_WAITING
        at java.base@17.0.11/jdk.internal.misc.Unsafe.park(Native Method)
        at java.base@17.0.11/java.util.concurrent.locks.LockSupport.parkNanos(LockSupport.java:252)
        at java.base@17.0.11/java.util.concurrent.locks.AbstractQueuedSynchronizer$ConditionObject.awaitNanos(AbstractQueuedSynchronizer.java:1674)
        at java.base@17.0.11/java.util.concurrent.LinkedBlockingQueue.poll(LinkedBlockingQueue.java:460)
        at app//org.apache.hadoop.ipc.CallQueueManager.take(CallQueueManager.java:317)
        at app//org.apache.hadoop.ipc.Server$Handler.run(Server.java:3014)
"IPC Server handler 65 on default port 15171" daemon prio=5 tid=5817 timed_waiting
java.lang.Thread.State: TIMED_WAITING
        at java.base@17.0.11/jdk.internal.misc.Unsafe.park(Native Method)
        at java.base@17.0.11/java.util.concurrent.locks.LockSupport.parkNanos(LockSupport.java:252)
        at java.base@17.0.11/java.util.concurrent.locks.AbstractQueuedSynchronizer$ConditionObject.awaitNanos(AbstractQueuedSynchronizer.java:1674)
        at java.base@17.0.11/java.util.concurrent.LinkedBlockingQueue.poll(LinkedBlockingQueue.java:460)
        at app//org.apache.hadoop.ipc.CallQueueManager.take(CallQueueManager.java:317)
        at app//org.apache.hadoop.ipc.Server$Handler.run(Server.java:3014)
"IPC Server handler 14 on default port 15174" daemon prio=5 tid=6019 timed_waiting
java.lang.Thread.State: TIMED_WAITING
        at java.base@17.0.11/jdk.internal.misc.Unsafe.park(Native Method)
        at java.base@17.0.11/java.util.concurrent.locks.LockSupport.parkNanos(LockSupport.java:252)
        at java.base@17.0.11/java.util.concurrent.locks.AbstractQueuedSynchronizer$ConditionObject.awaitNanos(AbstractQueuedSynchronizer.java:1674)
        at java.base@17.0.11/java.util.concurrent.LinkedBlockingQueue.poll(LinkedBlockingQueue.java:460)
        at app//org.apache.hadoop.ipc.CallQueueManager.take(CallQueueManager.java:317)
        at app//org.apache.hadoop.ipc.Server$Handler.run(Server.java:3014)
"IPC Server handler 76 on default port 15172" daemon prio=5 tid=5928 timed_waiting
java.lang.Thread.State: TIMED_WAITING
        at java.base@17.0.11/jdk.internal.misc.Unsafe.park(Native Method)
        at java.base@17.0.11/java.util.concurrent.locks.LockSupport.parkNanos(LockSupport.java:252)
        at java.base@17.0.11/java.util.concurrent.locks.AbstractQueuedSynchronizer$ConditionObject.awaitNanos(AbstractQueuedSynchronizer.java:1674)
        at java.base@17.0.11/java.util.concurrent.LinkedBlockingQueue.poll(LinkedBlockingQueue.java:460)
        at app//org.apache.hadoop.ipc.CallQueueManager.take(CallQueueManager.java:317)
        at app//org.apache.hadoop.ipc.Server$Handler.run(Server.java:3014)
"IPC Server handler 41 on default port 15171" daemon prio=5 tid=5793 timed_waiting
java.lang.Thread.State: TIMED_WAITING
        at java.base@17.0.11/jdk.internal.misc.Unsafe.park(Native Method)
        at java.base@17.0.11/java.util.concurrent.locks.LockSupport.parkNanos(LockSupport.java:252)
        at java.base@17.0.11/java.util.concurrent.locks.AbstractQueuedSynchronizer$ConditionObject.awaitNanos(AbstractQueuedSynchronizer.java:1674)
        at java.base@17.0.11/java.util.concurrent.LinkedBlockingQueue.poll(LinkedBlockingQueue.java:460)
        at app//org.apache.hadoop.ipc.CallQueueManager.take(CallQueueManager.java:317)
        at app//org.apache.hadoop.ipc.Server$Handler.run(Server.java:3014)
"IPC Server handler 99 on default port 15170" daemon prio=5 tid=5751 timed_waiting
java.lang.Thread.State: TIMED_WAITING
        at java.base@17.0.11/jdk.internal.misc.Unsafe.park(Native Method)
        at java.base@17.0.11/java.util.concurrent.locks.LockSupport.parkNanos(LockSupport.java:252)
        at java.base@17.0.11/java.util.concurrent.locks.AbstractQueuedSynchronizer$ConditionObject.awaitNanos(AbstractQueuedSynchronizer.java:1674)
        at java.base@17.0.11/java.util.concurrent.LinkedBlockingQueue.poll(LinkedBlockingQueue.java:460)
        at app//org.apache.hadoop.ipc.CallQueueManager.take(CallQueueManager.java:317)
        at app//org.apache.hadoop.ipc.Server$Handler.run(Server.java:3014)
"om1@group-C5BA1605619E-SegmentedRaftLogWorker"  prio=5 tid=5979 timed_waiting
java.lang.Thread.State: TIMED_WAITING
        at java.base@17.0.11/jdk.internal.misc.Unsafe.park(Native Method)
        at java.base@17.0.11/java.util.concurrent.locks.LockSupport.parkNanos(LockSupport.java:252)
        at java.base@17.0.11/java.util.concurrent.locks.AbstractQueuedSynchronizer$ConditionObject.awaitNanos(AbstractQueuedSynchronizer.java:1674)
        at app//org.apache.ratis.util.DataBlockingQueue.poll(DataBlockingQueue.java:148)
        at app//org.apache.ratis.server.raftlog.segmented.SegmentedRaftLogWorker.run(SegmentedRaftLogWorker.java:299)
        at app//org.apache.ratis.server.raftlog.segmented.SegmentedRaftLogWorker$$Lambda$1251/0x00007f07fc75d2a0.run(Unknown Source)
        at java.base@17.0.11/java.util.concurrent.Executors$RunnableAdapter.call(Executors.java:539)
        at java.base@17.0.11/java.util.concurrent.FutureTask.run(FutureTask.java:264)
        at java.base@17.0.11/java.util.concurrent.ThreadPoolExecutor.runWorker(ThreadPoolExecutor.java:1136)
        at java.base@17.0.11/java.util.concurrent.ThreadPoolExecutor$Worker.run(ThreadPoolExecutor.java:635)
        at java.base@17.0.11/java.lang.Thread.run(Thread.java:840)
"IPC Server handler 0 on default port 15180" daemon prio=5 tid=6044 timed_waiting
java.lang.Thread.State: TIMED_WAITING
        at java.base@17.0.11/jdk.internal.misc.Unsafe.park(Native Method)
        at java.base@17.0.11/java.util.concurrent.locks.LockSupport.parkNanos(LockSupport.java:252)
        at java.base@17.0.11/java.util.concurrent.locks.AbstractQueuedSynchronizer$ConditionObject.awaitNanos(AbstractQueuedSynchronizer.java:1674)
        at java.base@17.0.11/java.util.concurrent.LinkedBlockingQueue.poll(LinkedBlockingQueue.java:460)
        at app//org.apache.hadoop.ipc.CallQueueManager.take(CallQueueManager.java:317)
        at app//org.apache.hadoop.ipc.Server$Handler.run(Server.java:3014)
"IPC Server handler 67 on default port 15170" daemon prio=5 tid=5719 timed_waiting
java.lang.Thread.State: TIMED_WAITING
        at java.base@17.0.11/jdk.internal.misc.Unsafe.park(Native Method)
        at java.base@17.0.11/java.util.concurrent.locks.LockSupport.parkNanos(LockSupport.java:252)
        at java.base@17.0.11/java.util.concurrent.locks.AbstractQueuedSynchronizer$ConditionObject.awaitNanos(AbstractQueuedSynchronizer.java:1674)
        at java.base@17.0.11/java.util.concurrent.LinkedBlockingQueue.poll(LinkedBlockingQueue.java:460)
        at app//org.apache.hadoop.ipc.CallQueueManager.take(CallQueueManager.java:317)
        at app//org.apache.hadoop.ipc.Server$Handler.run(Server.java:3014)
"IPC Server handler 78 on default port 15171" daemon prio=5 tid=5830 timed_waiting
java.lang.Thread.State: TIMED_WAITING
        at java.base@17.0.11/jdk.internal.misc.Unsafe.park(Native Method)
        at java.base@17.0.11/java.util.concurrent.locks.LockSupport.parkNanos(LockSupport.java:252)
        at java.base@17.0.11/java.util.concurrent.locks.AbstractQueuedSynchronizer$ConditionObject.awaitNanos(AbstractQueuedSynchronizer.java:1674)
        at java.base@17.0.11/java.util.concurrent.LinkedBlockingQueue.poll(LinkedBlockingQueue.java:460)
        at app//org.apache.hadoop.ipc.CallQueueManager.take(CallQueueManager.java:317)
        at app//org.apache.hadoop.ipc.Server$Handler.run(Server.java:3014)
"IPC Server handler 29 on default port 15172" daemon prio=5 tid=5881 timed_waiting
java.lang.Thread.State: TIMED_WAITING
        at java.base@17.0.11/jdk.internal.misc.Unsafe.park(Native Method)
        at java.base@17.0.11/java.util.concurrent.locks.LockSupport.parkNanos(LockSupport.java:252)
        at java.base@17.0.11/java.util.concurrent.locks.AbstractQueuedSynchronizer$ConditionObject.awaitNanos(AbstractQueuedSynchronizer.java:1674)
        at java.base@17.0.11/java.util.concurrent.LinkedBlockingQueue.poll(LinkedBlockingQueue.java:460)
        at app//org.apache.hadoop.ipc.CallQueueManager.take(CallQueueManager.java:317)
        at app//org.apache.hadoop.ipc.Server$Handler.run(Server.java:3014)
"IPC Server handler 23 on default port 15171" daemon prio=5 tid=5775 timed_waiting
java.lang.Thread.State: TIMED_WAITING
        at java.base@17.0.11/jdk.internal.misc.Unsafe.park(Native Method)
        at java.base@17.0.11/java.util.concurrent.locks.LockSupport.parkNanos(LockSupport.java:252)
        at java.base@17.0.11/java.util.concurrent.locks.AbstractQueuedSynchronizer$ConditionObject.awaitNanos(AbstractQueuedSynchronizer.java:1674)
        at java.base@17.0.11/java.util.concurrent.LinkedBlockingQueue.poll(LinkedBlockingQueue.java:460)
        at app//org.apache.hadoop.ipc.CallQueueManager.take(CallQueueManager.java:317)
        at app//org.apache.hadoop.ipc.Server$Handler.run(Server.java:3014)
"3a211404-6ca4-4ebc-bc53-908f8eaf8373-impl-thread1"  prio=5 tid=6027 timed_waiting
java.lang.Thread.State: TIMED_WAITING
        at java.base@17.0.11/jdk.internal.misc.Unsafe.park(Native Method)
        at java.base@17.0.11/java.util.concurrent.locks.LockSupport.parkNanos(LockSupport.java:252)
        at java.base@17.0.11/java.util.concurrent.SynchronousQueue$TransferStack.transfer(SynchronousQueue.java:401)
        at java.base@17.0.11/java.util.concurrent.SynchronousQueue.poll(SynchronousQueue.java:903)
        at java.base@17.0.11/java.util.concurrent.ThreadPoolExecutor.getTask(ThreadPoolExecutor.java:1061)
        at java.base@17.0.11/java.util.concurrent.ThreadPoolExecutor.runWorker(ThreadPoolExecutor.java:1122)
        at java.base@17.0.11/java.util.concurrent.ThreadPoolExecutor$Worker.run(ThreadPoolExecutor.java:635)
        at java.base@17.0.11/java.lang.Thread.run(Thread.java:840)
"IPC Server handler 95 on default port 15172" daemon prio=5 tid=5947 timed_waiting
java.lang.Thread.State: TIMED_WAITING
        at java.base@17.0.11/jdk.internal.misc.Unsafe.park(Native Method)
        at java.base@17.0.11/java.util.concurrent.locks.LockSupport.parkNanos(LockSupport.java:252)
        at java.base@17.0.11/java.util.concurrent.locks.AbstractQueuedSynchronizer$ConditionObject.awaitNanos(AbstractQueuedSynchronizer.java:1674)
        at java.base@17.0.11/java.util.concurrent.LinkedBlockingQueue.poll(LinkedBlockingQueue.java:460)
        at app//org.apache.hadoop.ipc.CallQueueManager.take(CallQueueManager.java:317)
        at app//org.apache.hadoop.ipc.Server$Handler.run(Server.java:3014)
"IPC Server handler 13 on default port 15170" daemon prio=5 tid=5665 timed_waiting
java.lang.Thread.State: TIMED_WAITING
        at java.base@17.0.11/jdk.internal.misc.Unsafe.park(Native Method)
        at java.base@17.0.11/java.util.concurrent.locks.LockSupport.parkNanos(LockSupport.java:252)
        at java.base@17.0.11/java.util.concurrent.locks.AbstractQueuedSynchronizer$ConditionObject.awaitNanos(AbstractQueuedSynchronizer.java:1674)
        at java.base@17.0.11/java.util.concurrent.LinkedBlockingQueue.poll(LinkedBlockingQueue.java:460)
        at app//org.apache.hadoop.ipc.CallQueueManager.take(CallQueueManager.java:317)
        at app//org.apache.hadoop.ipc.Server$Handler.run(Server.java:3014)
"EventQueue-PipelineReportForPipelineReportHandler" daemon prio=5 tid=6079 in Object.wait()
java.lang.Thread.State: WAITING (on object monitor)
        at java.base@17.0.11/jdk.internal.misc.Unsafe.park(Native Method)
        at java.base@17.0.11/java.util.concurrent.locks.LockSupport.park(LockSupport.java:341)
        at java.base@17.0.11/java.util.concurrent.locks.AbstractQueuedSynchronizer$ConditionNode.block(AbstractQueuedSynchronizer.java:506)
        at java.base@17.0.11/java.util.concurrent.ForkJoinPool.unmanagedBlock(ForkJoinPool.java:3465)
        at java.base@17.0.11/java.util.concurrent.ForkJoinPool.managedBlock(ForkJoinPool.java:3436)
        at java.base@17.0.11/java.util.concurrent.locks.AbstractQueuedSynchronizer$ConditionObject.await(AbstractQueuedSynchronizer.java:1625)
        at java.base@17.0.11/java.util.concurrent.LinkedBlockingQueue.take(LinkedBlockingQueue.java:435)
        at java.base@17.0.11/java.util.concurrent.ThreadPoolExecutor.getTask(ThreadPoolExecutor.java:1062)
        at java.base@17.0.11/java.util.concurrent.ThreadPoolExecutor.runWorker(ThreadPoolExecutor.java:1122)
        at java.base@17.0.11/java.util.concurrent.ThreadPoolExecutor$Worker.run(ThreadPoolExecutor.java:635)
        at java.base@17.0.11/java.lang.Thread.run(Thread.java:840)
"IPC Server handler 62 on default port 15171" daemon prio=5 tid=5814 timed_waiting
java.lang.Thread.State: TIMED_WAITING
        at java.base@17.0.11/jdk.internal.misc.Unsafe.park(Native Method)
        at java.base@17.0.11/java.util.concurrent.locks.LockSupport.parkNanos(LockSupport.java:252)
        at java.base@17.0.11/java.util.concurrent.locks.AbstractQueuedSynchronizer$ConditionObject.awaitNanos(AbstractQueuedSynchronizer.java:1674)
        at java.base@17.0.11/java.util.concurrent.LinkedBlockingQueue.poll(LinkedBlockingQueue.java:460)
        at app//org.apache.hadoop.ipc.CallQueueManager.take(CallQueueManager.java:317)
        at app//org.apache.hadoop.ipc.Server$Handler.run(Server.java:3014)
"IPC Server handler 22 on default port 15170" daemon prio=5 tid=5674 timed_waiting
java.lang.Thread.State: TIMED_WAITING
        at java.base@17.0.11/jdk.internal.misc.Unsafe.park(Native Method)
        at java.base@17.0.11/java.util.concurrent.locks.LockSupport.parkNanos(LockSupport.java:252)
        at java.base@17.0.11/java.util.concurrent.locks.AbstractQueuedSynchronizer$ConditionObject.awaitNanos(AbstractQueuedSynchronizer.java:1674)
        at java.base@17.0.11/java.util.concurrent.LinkedBlockingQueue.poll(LinkedBlockingQueue.java:460)
        at app//org.apache.hadoop.ipc.CallQueueManager.take(CallQueueManager.java:317)
        at app//org.apache.hadoop.ipc.Server$Handler.run(Server.java:3014)
"PartialTableCache-Cleanup-0" daemon prio=5 tid=1572 in Object.wait()
java.lang.Thread.State: WAITING (on object monitor)
        at java.base@17.0.11/jdk.internal.misc.Unsafe.park(Native Method)
        at java.base@17.0.11/java.util.concurrent.locks.LockSupport.park(LockSupport.java:341)
        at java.base@17.0.11/java.util.concurrent.locks.AbstractQueuedSynchronizer$ConditionNode.block(AbstractQueuedSynchronizer.java:506)
        at java.base@17.0.11/java.util.concurrent.ForkJoinPool.unmanagedBlock(ForkJoinPool.java:3465)
        at java.base@17.0.11/java.util.concurrent.ForkJoinPool.managedBlock(ForkJoinPool.java:3436)
        at java.base@17.0.11/java.util.concurrent.locks.AbstractQueuedSynchronizer$ConditionObject.await(AbstractQueuedSynchronizer.java:1625)
        at java.base@17.0.11/java.util.concurrent.LinkedBlockingQueue.take(LinkedBlockingQueue.java:435)
        at java.base@17.0.11/java.util.concurrent.ThreadPoolExecutor.getTask(ThreadPoolExecutor.java:1062)
        at java.base@17.0.11/java.util.concurrent.ThreadPoolExecutor.runWorker(ThreadPoolExecutor.java:1122)
        at java.base@17.0.11/java.util.concurrent.ThreadPoolExecutor$Worker.run(ThreadPoolExecutor.java:635)
        at java.base@17.0.11/java.lang.Thread.run(Thread.java:840)
"IPC Server handler 51 on default port 15172" daemon prio=5 tid=5903 timed_waiting
java.lang.Thread.State: TIMED_WAITING
        at java.base@17.0.11/jdk.internal.misc.Unsafe.park(Native Method)
        at java.base@17.0.11/java.util.concurrent.locks.LockSupport.parkNanos(LockSupport.java:252)
        at java.base@17.0.11/java.util.concurrent.locks.AbstractQueuedSynchronizer$ConditionObject.awaitNanos(AbstractQueuedSynchronizer.java:1674)
        at java.base@17.0.11/java.util.concurrent.LinkedBlockingQueue.poll(LinkedBlockingQueue.java:460)
        at app//org.apache.hadoop.ipc.CallQueueManager.take(CallQueueManager.java:317)
        at app//org.apache.hadoop.ipc.Server$Handler.run(Server.java:3014)
"IPC Server handler 21 on default port 15171" daemon prio=5 tid=5773 timed_waiting
java.lang.Thread.State: TIMED_WAITING
        at java.base@17.0.11/jdk.internal.misc.Unsafe.park(Native Method)
        at java.base@17.0.11/java.util.concurrent.locks.LockSupport.parkNanos(LockSupport.java:252)
        at java.base@17.0.11/java.util.concurrent.locks.AbstractQueuedSynchronizer$ConditionObject.awaitNanos(AbstractQueuedSynchronizer.java:1674)
        at java.base@17.0.11/java.util.concurrent.LinkedBlockingQueue.poll(LinkedBlockingQueue.java:460)
        at app//org.apache.hadoop.ipc.CallQueueManager.take(CallQueueManager.java:317)
        at app//org.apache.hadoop.ipc.Server$Handler.run(Server.java:3014)
"IPC Server handler 98 on default port 15172" daemon prio=5 tid=5950 timed_waiting
java.lang.Thread.State: TIMED_WAITING
        at java.base@17.0.11/jdk.internal.misc.Unsafe.park(Native Method)
        at java.base@17.0.11/java.util.concurrent.locks.LockSupport.parkNanos(LockSupport.java:252)
        at java.base@17.0.11/java.util.concurrent.locks.AbstractQueuedSynchronizer$ConditionObject.awaitNanos(AbstractQueuedSynchronizer.java:1674)
        at java.base@17.0.11/java.util.concurrent.LinkedBlockingQueue.poll(LinkedBlockingQueue.java:460)
        at app//org.apache.hadoop.ipc.CallQueueManager.take(CallQueueManager.java:317)
        at app//org.apache.hadoop.ipc.Server$Handler.run(Server.java:3014)
"3a211404-6ca4-4ebc-bc53-908f8eaf8373-ChunkReader-ELG-0" daemon prio=5 tid=6069 runnable
java.lang.Thread.State: RUNNABLE
        at app//org.apache.ratis.thirdparty.io.netty.channel.epoll.Native.epollWait(Native Method)
        at app//org.apache.ratis.thirdparty.io.netty.channel.epoll.Native.epollWait(Native.java:209)
        at app//org.apache.ratis.thirdparty.io.netty.channel.epoll.Native.epollWait(Native.java:202)
        at app//org.apache.ratis.thirdparty.io.netty.channel.epoll.EpollEventLoop.epollWaitNoTimerChange(EpollEventLoop.java:316)
        at app//org.apache.ratis.thirdparty.io.netty.channel.epoll.EpollEventLoop.run(EpollEventLoop.java:373)
        at app//org.apache.ratis.thirdparty.io.netty.util.concurrent.SingleThreadEventExecutor$4.run(SingleThreadEventExecutor.java:997)
        at app//org.apache.ratis.thirdparty.io.netty.util.internal.ThreadExecutorMap$2.run(ThreadExecutorMap.java:74)
        at java.base@17.0.11/java.lang.Thread.run(Thread.java:840)
"IPC Server handler 32 on default port 15172" daemon prio=5 tid=5884 timed_waiting
java.lang.Thread.State: TIMED_WAITING
        at java.base@17.0.11/jdk.internal.misc.Unsafe.park(Native Method)
        at java.base@17.0.11/java.util.concurrent.locks.LockSupport.parkNanos(LockSupport.java:252)
        at java.base@17.0.11/java.util.concurrent.locks.AbstractQueuedSynchronizer$ConditionObject.awaitNanos(AbstractQueuedSynchronizer.java:1674)
        at java.base@17.0.11/java.util.concurrent.LinkedBlockingQueue.poll(LinkedBlockingQueue.java:460)
        at app//org.apache.hadoop.ipc.CallQueueManager.take(CallQueueManager.java:317)
        at app//org.apache.hadoop.ipc.Server$Handler.run(Server.java:3014)
"IPC Server handler 1 on default port 15170" daemon prio=5 tid=5653 timed_waiting
java.lang.Thread.State: TIMED_WAITING
        at java.base@17.0.11/jdk.internal.misc.Unsafe.park(Native Method)
        at java.base@17.0.11/java.util.concurrent.locks.LockSupport.parkNanos(LockSupport.java:252)
        at java.base@17.0.11/java.util.concurrent.locks.AbstractQueuedSynchronizer$ConditionObject.awaitNanos(AbstractQueuedSynchronizer.java:1674)
        at java.base@17.0.11/java.util.concurrent.LinkedBlockingQueue.poll(LinkedBlockingQueue.java:460)
        at app//org.apache.hadoop.ipc.CallQueueManager.take(CallQueueManager.java:317)
        at app//org.apache.hadoop.ipc.Server$Handler.run(Server.java:3014)
"IPC Server handler 28 on default port 15170" daemon prio=5 tid=5680 timed_waiting
java.lang.Thread.State: TIMED_WAITING
        at java.base@17.0.11/jdk.internal.misc.Unsafe.park(Native Method)
        at java.base@17.0.11/java.util.concurrent.locks.LockSupport.parkNanos(LockSupport.java:252)
        at java.base@17.0.11/java.util.concurrent.locks.AbstractQueuedSynchronizer$ConditionObject.awaitNanos(AbstractQueuedSynchronizer.java:1674)
        at java.base@17.0.11/java.util.concurrent.LinkedBlockingQueue.poll(LinkedBlockingQueue.java:460)
        at app//org.apache.hadoop.ipc.CallQueueManager.take(CallQueueManager.java:317)
        at app//org.apache.hadoop.ipc.Server$Handler.run(Server.java:3014)
"Socket Reader #1 for port 15174"  prio=5 tid=5974 runnable
java.lang.Thread.State: RUNNABLE
        at java.base@17.0.11/sun.nio.ch.EPoll.wait(Native Method)
        at java.base@17.0.11/sun.nio.ch.EPollSelectorImpl.doSelect(EPollSelectorImpl.java:118)
        at java.base@17.0.11/sun.nio.ch.SelectorImpl.lockAndDoSelect(SelectorImpl.java:129)
        at java.base@17.0.11/sun.nio.ch.SelectorImpl.select(SelectorImpl.java:146)
        at app//org.apache.hadoop.ipc.Server$Listener$Reader.doRunLoop(Server.java:1346)
        at app//org.apache.hadoop.ipc.Server$Listener$Reader.run(Server.java:1325)
"IPC Server handler 11 on default port 15170" daemon prio=5 tid=5663 timed_waiting
java.lang.Thread.State: TIMED_WAITING
        at java.base@17.0.11/jdk.internal.misc.Unsafe.park(Native Method)
        at java.base@17.0.11/java.util.concurrent.locks.LockSupport.parkNanos(LockSupport.java:252)
        at java.base@17.0.11/java.util.concurrent.locks.AbstractQueuedSynchronizer$ConditionObject.awaitNanos(AbstractQueuedSynchronizer.java:1674)
        at java.base@17.0.11/java.util.concurrent.LinkedBlockingQueue.poll(LinkedBlockingQueue.java:460)
        at app//org.apache.hadoop.ipc.CallQueueManager.take(CallQueueManager.java:317)
        at app//org.apache.hadoop.ipc.Server$Handler.run(Server.java:3014)
"IPC Server handler 80 on default port 15172" daemon prio=5 tid=5932 timed_waiting
java.lang.Thread.State: TIMED_WAITING
        at java.base@17.0.11/jdk.internal.misc.Unsafe.park(Native Method)
        at java.base@17.0.11/java.util.concurrent.locks.LockSupport.parkNanos(LockSupport.java:252)
        at java.base@17.0.11/java.util.concurrent.locks.AbstractQueuedSynchronizer$ConditionObject.awaitNanos(AbstractQueuedSynchronizer.java:1674)
        at java.base@17.0.11/java.util.concurrent.LinkedBlockingQueue.poll(LinkedBlockingQueue.java:460)
        at app//org.apache.hadoop.ipc.CallQueueManager.take(CallQueueManager.java:317)
        at app//org.apache.hadoop.ipc.Server$Handler.run(Server.java:3014)
"surefire-forkedjvm-command-thread" daemon prio=5 tid=14 runnable
java.lang.Thread.State: RUNNABLE
        at java.base@17.0.11/java.io.FileInputStream.readBytes(Native Method)
        at java.base@17.0.11/java.io.FileInputStream.read(FileInputStream.java:276)
        at java.base@17.0.11/java.io.BufferedInputStream.fill(BufferedInputStream.java:244)
        at java.base@17.0.11/java.io.BufferedInputStream.read(BufferedInputStream.java:263)
        at java.base@17.0.11/java.io.DataInputStream.readInt(DataInputStream.java:381)
        at app//org.apache.maven.surefire.booter.MasterProcessCommand.decode(MasterProcessCommand.java:113)
        at app//org.apache.maven.surefire.booter.CommandReader$CommandRunnable.run(CommandReader.java:383)
        at java.base@17.0.11/java.lang.Thread.run(Thread.java:840)
"IPC Server handler 40 on default port 15172" daemon prio=5 tid=5892 timed_waiting
java.lang.Thread.State: TIMED_WAITING
        at java.base@17.0.11/jdk.internal.misc.Unsafe.park(Native Method)
        at java.base@17.0.11/java.util.concurrent.locks.LockSupport.parkNanos(LockSupport.java:252)
        at java.base@17.0.11/java.util.concurrent.locks.AbstractQueuedSynchronizer$ConditionObject.awaitNanos(AbstractQueuedSynchronizer.java:1674)
        at java.base@17.0.11/java.util.concurrent.LinkedBlockingQueue.poll(LinkedBlockingQueue.java:460)
        at app//org.apache.hadoop.ipc.CallQueueManager.take(CallQueueManager.java:317)
        at app//org.apache.hadoop.ipc.Server$Handler.run(Server.java:3014)
"Session-HouseKeeper-7e010bc2-1"  prio=5 tid=5964 timed_waiting
java.lang.Thread.State: TIMED_WAITING
        at java.base@17.0.11/jdk.internal.misc.Unsafe.park(Native Method)
        at java.base@17.0.11/java.util.concurrent.locks.LockSupport.parkNanos(LockSupport.java:252)
        at java.base@17.0.11/java.util.concurrent.locks.AbstractQueuedSynchronizer$ConditionObject.awaitNanos(AbstractQueuedSynchronizer.java:1674)
        at java.base@17.0.11/java.util.concurrent.ScheduledThreadPoolExecutor$DelayedWorkQueue.take(ScheduledThreadPoolExecutor.java:1182)
        at java.base@17.0.11/java.util.concurrent.ScheduledThreadPoolExecutor$DelayedWorkQueue.take(ScheduledThreadPoolExecutor.java:899)
        at java.base@17.0.11/java.util.concurrent.ThreadPoolExecutor.getTask(ThreadPoolExecutor.java:1062)
        at java.base@17.0.11/java.util.concurrent.ThreadPoolExecutor.runWorker(ThreadPoolExecutor.java:1122)
        at java.base@17.0.11/java.util.concurrent.ThreadPoolExecutor$Worker.run(ThreadPoolExecutor.java:635)
        at java.base@17.0.11/java.lang.Thread.run(Thread.java:840)
"IPC Server handler 24 on default port 15172" daemon prio=5 tid=5876 timed_waiting
java.lang.Thread.State: TIMED_WAITING
        at java.base@17.0.11/jdk.internal.misc.Unsafe.park(Native Method)
        at java.base@17.0.11/java.util.concurrent.locks.LockSupport.parkNanos(LockSupport.java:252)
        at java.base@17.0.11/java.util.concurrent.locks.AbstractQueuedSynchronizer$ConditionObject.awaitNanos(AbstractQueuedSynchronizer.java:1674)
        at java.base@17.0.11/java.util.concurrent.LinkedBlockingQueue.poll(LinkedBlockingQueue.java:460)
        at app//org.apache.hadoop.ipc.CallQueueManager.take(CallQueueManager.java:317)
        at app//org.apache.hadoop.ipc.Server$Handler.run(Server.java:3014)
"qtp641896206-5958-acceptor-0@44f5400b-ServerConnector@2a694c7c{HTTP/1.1, (http/1.1)}{0.0.0.0:15173}" daemon prio=3 tid=5958 runnable
java.lang.Thread.State: RUNNABLE
        at java.base@17.0.11/sun.nio.ch.Net.accept(Native Method)
        at java.base@17.0.11/sun.nio.ch.ServerSocketChannelImpl.implAccept(ServerSocketChannelImpl.java:425)
        at java.base@17.0.11/sun.nio.ch.ServerSocketChannelImpl.accept(ServerSocketChannelImpl.java:391)
        at app//org.eclipse.jetty.server.ServerConnector.accept(ServerConnector.java:388)
        at app//org.eclipse.jetty.server.AbstractConnector$Acceptor.run(AbstractConnector.java:704)
        at app//org.eclipse.jetty.util.thread.QueuedThreadPool.runJob(QueuedThreadPool.java:883)
        at app//org.eclipse.jetty.util.thread.QueuedThreadPool$Runner.run(QueuedThreadPool.java:1034)
        at java.base@17.0.11/java.lang.Thread.run(Thread.java:840)
"IPC Server handler 12 on default port 15171" daemon prio=5 tid=5764 timed_waiting
java.lang.Thread.State: TIMED_WAITING
        at java.base@17.0.11/jdk.internal.misc.Unsafe.park(Native Method)
        at java.base@17.0.11/java.util.concurrent.locks.LockSupport.parkNanos(LockSupport.java:252)
        at java.base@17.0.11/java.util.concurrent.locks.AbstractQueuedSynchronizer$ConditionObject.awaitNanos(AbstractQueuedSynchronizer.java:1674)
        at java.base@17.0.11/java.util.concurrent.LinkedBlockingQueue.poll(LinkedBlockingQueue.java:460)
        at app//org.apache.hadoop.ipc.CallQueueManager.take(CallQueueManager.java:317)
        at app//org.apache.hadoop.ipc.Server$Handler.run(Server.java:3014)
"IPC Server handler 68 on default port 15172" daemon prio=5 tid=5920 timed_waiting
java.lang.Thread.State: TIMED_WAITING
        at java.base@17.0.11/jdk.internal.misc.Unsafe.park(Native Method)
        at java.base@17.0.11/java.util.concurrent.locks.LockSupport.parkNanos(LockSupport.java:252)
        at java.base@17.0.11/java.util.concurrent.locks.AbstractQueuedSynchronizer$ConditionObject.awaitNanos(AbstractQueuedSynchronizer.java:1674)
        at java.base@17.0.11/java.util.concurrent.LinkedBlockingQueue.poll(LinkedBlockingQueue.java:460)
        at app//org.apache.hadoop.ipc.CallQueueManager.take(CallQueueManager.java:317)
        at app//org.apache.hadoop.ipc.Server$Handler.run(Server.java:3014)
"qtp1497094670-6034" daemon prio=5 tid=6034 timed_waiting
java.lang.Thread.State: TIMED_WAITING
        at java.base@17.0.11/jdk.internal.misc.Unsafe.park(Native Method)
        at java.base@17.0.11/java.util.concurrent.locks.LockSupport.parkNanos(LockSupport.java:252)
        at java.base@17.0.11/java.util.concurrent.locks.AbstractQueuedSynchronizer$ConditionObject.awaitNanos(AbstractQueuedSynchronizer.java:1674)
        at app//org.eclipse.jetty.util.BlockingArrayQueue.poll(BlockingArrayQueue.java:382)
        at app//org.eclipse.jetty.util.thread.QueuedThreadPool$Runner.idleJobPoll(QueuedThreadPool.java:974)
        at app//org.eclipse.jetty.util.thread.QueuedThreadPool$Runner.run(QueuedThreadPool.java:1018)
        at java.base@17.0.11/java.lang.Thread.run(Thread.java:840)
"EventQueue-PipelineReportForOneReplicaPipelineSafeModeRule" daemon prio=5 tid=6077 in Object.wait()
java.lang.Thread.State: WAITING (on object monitor)
        at java.base@17.0.11/jdk.internal.misc.Unsafe.park(Native Method)
        at java.base@17.0.11/java.util.concurrent.locks.LockSupport.park(LockSupport.java:341)
        at java.base@17.0.11/java.util.concurrent.locks.AbstractQueuedSynchronizer$ConditionNode.block(AbstractQueuedSynchronizer.java:506)
        at java.base@17.0.11/java.util.concurrent.ForkJoinPool.unmanagedBlock(ForkJoinPool.java:3465)
        at java.base@17.0.11/java.util.concurrent.ForkJoinPool.managedBlock(ForkJoinPool.java:3436)
        at java.base@17.0.11/java.util.concurrent.locks.AbstractQueuedSynchronizer$ConditionObject.await(AbstractQueuedSynchronizer.java:1625)
        at java.base@17.0.11/java.util.concurrent.LinkedBlockingQueue.take(LinkedBlockingQueue.java:435)
        at java.base@17.0.11/java.util.concurrent.ThreadPoolExecutor.getTask(ThreadPoolExecutor.java:1062)
        at java.base@17.0.11/java.util.concurrent.ThreadPoolExecutor.runWorker(ThreadPoolExecutor.java:1122)
        at java.base@17.0.11/java.util.concurrent.ThreadPoolExecutor$Worker.run(ThreadPoolExecutor.java:635)
        at java.base@17.0.11/java.lang.Thread.run(Thread.java:840)
"client-write-TID-0" daemon prio=5 tid=6106 in Object.wait()
java.lang.Thread.State: WAITING (on object monitor)
        at java.base@17.0.11/jdk.internal.misc.Unsafe.park(Native Method)
        at java.base@17.0.11/java.util.concurrent.locks.LockSupport.park(LockSupport.java:341)
        at java.base@17.0.11/java.util.concurrent.SynchronousQueue$TransferStack$SNode.block(SynchronousQueue.java:288)
        at java.base@17.0.11/java.util.concurrent.ForkJoinPool.unmanagedBlock(ForkJoinPool.java:3465)
        at java.base@17.0.11/java.util.concurrent.ForkJoinPool.managedBlock(ForkJoinPool.java:3436)
        at java.base@17.0.11/java.util.concurrent.SynchronousQueue$TransferStack.transfer(SynchronousQueue.java:397)
        at java.base@17.0.11/java.util.concurrent.SynchronousQueue.take(SynchronousQueue.java:886)
        at java.base@17.0.11/java.util.concurrent.ThreadPoolExecutor.getTask(ThreadPoolExecutor.java:1062)
        at java.base@17.0.11/java.util.concurrent.ThreadPoolExecutor.runWorker(ThreadPoolExecutor.java:1122)
        at java.base@17.0.11/java.util.concurrent.ThreadPoolExecutor$Worker.run(ThreadPoolExecutor.java:635)
        at java.base@17.0.11/java.lang.Thread.run(Thread.java:840)
"prometheus" daemon prio=5 tid=5651 in Object.wait()
java.lang.Thread.State: WAITING (on object monitor)
        at java.base@17.0.11/java.lang.Object.wait(Native Method)
        at java.base@17.0.11/java.lang.Object.wait(Object.java:338)
        at app//org.apache.hadoop.metrics2.impl.SinkQueue.waitForData(SinkQueue.java:114)
        at app//org.apache.hadoop.metrics2.impl.SinkQueue.consumeAll(SinkQueue.java:83)
        at app//org.apache.hadoop.metrics2.impl.MetricsSinkAdapter.publishMetricsFromQueue(MetricsSinkAdapter.java:135)
        at app//org.apache.hadoop.metrics2.impl.MetricsSinkAdapter$1.run(MetricsSinkAdapter.java:89)
"IPC Server handler 27 on default port 15172" daemon prio=5 tid=5879 timed_waiting
java.lang.Thread.State: TIMED_WAITING
        at java.base@17.0.11/jdk.internal.misc.Unsafe.park(Native Method)
        at java.base@17.0.11/java.util.concurrent.locks.LockSupport.parkNanos(LockSupport.java:252)
        at java.base@17.0.11/java.util.concurrent.locks.AbstractQueuedSynchronizer$ConditionObject.awaitNanos(AbstractQueuedSynchronizer.java:1674)
        at java.base@17.0.11/java.util.concurrent.LinkedBlockingQueue.poll(LinkedBlockingQueue.java:460)
        at app//org.apache.hadoop.ipc.CallQueueManager.take(CallQueueManager.java:317)
        at app//org.apache.hadoop.ipc.Server$Handler.run(Server.java:3014)
"3a211404-6ca4-4ebc-bc53-908f8eaf8373-DataNodeDiskCheckerThread-0" daemon prio=5 tid=6060 timed_waiting
java.lang.Thread.State: TIMED_WAITING
        at java.base@17.0.11/jdk.internal.misc.Unsafe.park(Native Method)
        at java.base@17.0.11/java.util.concurrent.locks.LockSupport.parkNanos(LockSupport.java:252)
        at java.base@17.0.11/java.util.concurrent.SynchronousQueue$TransferStack.transfer(SynchronousQueue.java:401)
        at java.base@17.0.11/java.util.concurrent.SynchronousQueue.poll(SynchronousQueue.java:903)
        at java.base@17.0.11/java.util.concurrent.ThreadPoolExecutor.getTask(ThreadPoolExecutor.java:1061)
        at java.base@17.0.11/java.util.concurrent.ThreadPoolExecutor.runWorker(ThreadPoolExecutor.java:1122)
        at java.base@17.0.11/java.util.concurrent.ThreadPoolExecutor$Worker.run(ThreadPoolExecutor.java:635)
        at java.base@17.0.11/java.lang.Thread.run(Thread.java:840)
"IPC Server handler 72 on default port 15172" daemon prio=5 tid=5924 timed_waiting
java.lang.Thread.State: TIMED_WAITING
        at java.base@17.0.11/jdk.internal.misc.Unsafe.park(Native Method)
        at java.base@17.0.11/java.util.concurrent.locks.LockSupport.parkNanos(LockSupport.java:252)
        at java.base@17.0.11/java.util.concurrent.locks.AbstractQueuedSynchronizer$ConditionObject.awaitNanos(AbstractQueuedSynchronizer.java:1674)
        at java.base@17.0.11/java.util.concurrent.LinkedBlockingQueue.poll(LinkedBlockingQueue.java:460)
        at app//org.apache.hadoop.ipc.CallQueueManager.take(CallQueueManager.java:317)
        at app//org.apache.hadoop.ipc.Server$Handler.run(Server.java:3014)
"IPC Server handler 8 on default port 15171" daemon prio=5 tid=5760 timed_waiting
java.lang.Thread.State: TIMED_WAITING
        at java.base@17.0.11/jdk.internal.misc.Unsafe.park(Native Method)
        at java.base@17.0.11/java.util.concurrent.locks.LockSupport.parkNanos(LockSupport.java:252)
        at java.base@17.0.11/java.util.concurrent.locks.AbstractQueuedSynchronizer$ConditionObject.awaitNanos(AbstractQueuedSynchronizer.java:1674)
        at java.base@17.0.11/java.util.concurrent.LinkedBlockingQueue.poll(LinkedBlockingQueue.java:460)
        at app//org.apache.hadoop.ipc.CallQueueManager.take(CallQueueManager.java:317)
        at app//org.apache.hadoop.ipc.Server$Handler.run(Server.java:3014)
"IPC Server handler 37 on default port 15171" daemon prio=5 tid=5789 timed_waiting
java.lang.Thread.State: TIMED_WAITING
        at java.base@17.0.11/jdk.internal.misc.Unsafe.park(Native Method)
        at java.base@17.0.11/java.util.concurrent.locks.LockSupport.parkNanos(LockSupport.java:252)
        at java.base@17.0.11/java.util.concurrent.locks.AbstractQueuedSynchronizer$ConditionObject.awaitNanos(AbstractQueuedSynchronizer.java:1674)
        at java.base@17.0.11/java.util.concurrent.LinkedBlockingQueue.poll(LinkedBlockingQueue.java:460)
        at app//org.apache.hadoop.ipc.CallQueueManager.take(CallQueueManager.java:317)
        at app//org.apache.hadoop.ipc.Server$Handler.run(Server.java:3014)
"IPC Server handler 74 on default port 15172" daemon prio=5 tid=5926 timed_waiting
java.lang.Thread.State: TIMED_WAITING
        at java.base@17.0.11/jdk.internal.misc.Unsafe.park(Native Method)
        at java.base@17.0.11/java.util.concurrent.locks.LockSupport.parkNanos(LockSupport.java:252)
        at java.base@17.0.11/java.util.concurrent.locks.AbstractQueuedSynchronizer$ConditionObject.awaitNanos(AbstractQueuedSynchronizer.java:1674)
        at java.base@17.0.11/java.util.concurrent.LinkedBlockingQueue.poll(LinkedBlockingQueue.java:460)
        at app//org.apache.hadoop.ipc.CallQueueManager.take(CallQueueManager.java:317)
        at app//org.apache.hadoop.ipc.Server$Handler.run(Server.java:3014)
"timer5" daemon prio=5 tid=1599 timed_waiting
java.lang.Thread.State: TIMED_WAITING
        at java.base@17.0.11/java.lang.Object.wait(Native Method)
        at java.base@17.0.11/java.util.TimerThread.mainLoop(Timer.java:563)
        at java.base@17.0.11/java.util.TimerThread.run(Timer.java:516)
"IPC Server handler 58 on default port 15172" daemon prio=5 tid=5910 timed_waiting
java.lang.Thread.State: TIMED_WAITING
        at java.base@17.0.11/jdk.internal.misc.Unsafe.park(Native Method)
        at java.base@17.0.11/java.util.concurrent.locks.LockSupport.parkNanos(LockSupport.java:252)
        at java.base@17.0.11/java.util.concurrent.locks.AbstractQueuedSynchronizer$ConditionObject.awaitNanos(AbstractQueuedSynchronizer.java:1674)
        at java.base@17.0.11/java.util.concurrent.LinkedBlockingQueue.poll(LinkedBlockingQueue.java:460)
        at app//org.apache.hadoop.ipc.CallQueueManager.take(CallQueueManager.java:317)
        at app//org.apache.hadoop.ipc.Server$Handler.run(Server.java:3014)
"CompactionDagPruningService" daemon prio=5 tid=5967 timed_waiting
java.lang.Thread.State: TIMED_WAITING
        at java.base@17.0.11/jdk.internal.misc.Unsafe.park(Native Method)
        at java.base@17.0.11/java.util.concurrent.locks.LockSupport.parkNanos(LockSupport.java:252)
        at java.base@17.0.11/java.util.concurrent.locks.AbstractQueuedSynchronizer$ConditionObject.awaitNanos(AbstractQueuedSynchronizer.java:1674)
        at java.base@17.0.11/java.util.concurrent.ScheduledThreadPoolExecutor$DelayedWorkQueue.take(ScheduledThreadPoolExecutor.java:1182)
        at java.base@17.0.11/java.util.concurrent.ScheduledThreadPoolExecutor$DelayedWorkQueue.take(ScheduledThreadPoolExecutor.java:899)
        at java.base@17.0.11/java.util.concurrent.ThreadPoolExecutor.getTask(ThreadPoolExecutor.java:1062)
        at java.base@17.0.11/java.util.concurrent.ThreadPoolExecutor.runWorker(ThreadPoolExecutor.java:1122)
        at java.base@17.0.11/java.util.concurrent.ThreadPoolExecutor$Worker.run(ThreadPoolExecutor.java:635)
        at java.base@17.0.11/java.lang.Thread.run(Thread.java:840)
"ContainerMetadataScanner" daemon prio=5 tid=6062 timed_waiting
java.lang.Thread.State: TIMED_WAITING
        at java.base@17.0.11/java.lang.Thread.sleep(Native Method)
        at app//org.apache.hadoop.ozone.container.ozoneimpl.AbstractBackgroundContainerScanner.handleRemainingSleep(AbstractBackgroundContainerScanner.java:131)
        at app//org.apache.hadoop.ozone.container.ozoneimpl.AbstractBackgroundContainerScanner.runIteration(AbstractBackgroundContainerScanner.java:98)
        at app//org.apache.hadoop.ozone.container.ozoneimpl.AbstractBackgroundContainerScanner.run(AbstractBackgroundContainerScanner.java:57)
"FixedThreadPoolWithAffinityExecutor-7-0" daemon prio=5 tid=5647 timed_waiting
java.lang.Thread.State: TIMED_WAITING
        at java.base@17.0.11/jdk.internal.misc.Unsafe.park(Native Method)
        at java.base@17.0.11/java.util.concurrent.locks.LockSupport.parkNanos(LockSupport.java:252)
        at java.base@17.0.11/java.util.concurrent.locks.AbstractQueuedSynchronizer$ConditionObject.awaitNanos(AbstractQueuedSynchronizer.java:1674)
        at java.base@17.0.11/java.util.concurrent.LinkedBlockingQueue.poll(LinkedBlockingQueue.java:460)
        at app//org.apache.hadoop.hdds.scm.server.ContainerReportQueue.poll(ContainerReportQueue.java:269)
        at app//org.apache.hadoop.hdds.scm.server.ContainerReportQueue.poll(ContainerReportQueue.java:42)
        at app//org.apache.hadoop.hdds.server.events.FixedThreadPoolWithAffinityExecutor$ContainerReportProcessTask.run(FixedThreadPoolWithAffinityExecutor.java:253)
        at java.base@17.0.11/java.util.concurrent.Executors$RunnableAdapter.call(Executors.java:539)
        at java.base@17.0.11/java.util.concurrent.FutureTask.run(FutureTask.java:264)
        at java.base@17.0.11/java.util.concurrent.ThreadPoolExecutor.runWorker(ThreadPoolExecutor.java:1136)
        at java.base@17.0.11/java.util.concurrent.ThreadPoolExecutor$Worker.run(ThreadPoolExecutor.java:635)
        at java.base@17.0.11/java.lang.Thread.run(Thread.java:840)
"3a211404-6ca4-4ebc-bc53-908f8eaf8373-NettyServerStreamRpc-bossGroup--thread1"  prio=5 tid=6026 runnable
java.lang.Thread.State: RUNNABLE
        at app//org.apache.ratis.thirdparty.io.netty.channel.epoll.Native.epollWait(Native Method)
        at app//org.apache.ratis.thirdparty.io.netty.channel.epoll.Native.epollWait(Native.java:209)
        at app//org.apache.ratis.thirdparty.io.netty.channel.epoll.Native.epollWait(Native.java:202)
        at app//org.apache.ratis.thirdparty.io.netty.channel.epoll.EpollEventLoop.epollWaitNoTimerChange(EpollEventLoop.java:316)
        at app//org.apache.ratis.thirdparty.io.netty.channel.epoll.EpollEventLoop.run(EpollEventLoop.java:373)
        at app//org.apache.ratis.thirdparty.io.netty.util.concurrent.SingleThreadEventExecutor$4.run(SingleThreadEventExecutor.java:997)
        at app//org.apache.ratis.thirdparty.io.netty.util.internal.ThreadExecutorMap$2.run(ThreadExecutorMap.java:74)
        at java.base@17.0.11/java.lang.Thread.run(Thread.java:840)
"IPC Server handler 98 on default port 15171" daemon prio=5 tid=5850 timed_waiting
java.lang.Thread.State: TIMED_WAITING
        at java.base@17.0.11/jdk.internal.misc.Unsafe.park(Native Method)
        at java.base@17.0.11/java.util.concurrent.locks.LockSupport.parkNanos(LockSupport.java:252)
        at java.base@17.0.11/java.util.concurrent.locks.AbstractQueuedSynchronizer$ConditionObject.awaitNanos(AbstractQueuedSynchronizer.java:1674)
        at java.base@17.0.11/java.util.concurrent.LinkedBlockingQueue.poll(LinkedBlockingQueue.java:460)
        at app//org.apache.hadoop.ipc.CallQueueManager.take(CallQueueManager.java:317)
        at app//org.apache.hadoop.ipc.Server$Handler.run(Server.java:3014)
"IPC Server handler 86 on default port 15172" daemon prio=5 tid=5938 timed_waiting
java.lang.Thread.State: TIMED_WAITING
        at java.base@17.0.11/jdk.internal.misc.Unsafe.park(Native Method)
        at java.base@17.0.11/java.util.concurrent.locks.LockSupport.parkNanos(LockSupport.java:252)
        at java.base@17.0.11/java.util.concurrent.locks.AbstractQueuedSynchronizer$ConditionObject.awaitNanos(AbstractQueuedSynchronizer.java:1674)
        at java.base@17.0.11/java.util.concurrent.LinkedBlockingQueue.poll(LinkedBlockingQueue.java:460)
        at app//org.apache.hadoop.ipc.CallQueueManager.take(CallQueueManager.java:317)
        at app//org.apache.hadoop.ipc.Server$Handler.run(Server.java:3014)
"IPC Server handler 37 on default port 15170" daemon prio=5 tid=5689 timed_waiting
java.lang.Thread.State: TIMED_WAITING
        at java.base@17.0.11/jdk.internal.misc.Unsafe.park(Native Method)
        at java.base@17.0.11/java.util.concurrent.locks.LockSupport.parkNanos(LockSupport.java:252)
        at java.base@17.0.11/java.util.concurrent.locks.AbstractQueuedSynchronizer$ConditionObject.awaitNanos(AbstractQueuedSynchronizer.java:1674)
        at java.base@17.0.11/java.util.concurrent.LinkedBlockingQueue.poll(LinkedBlockingQueue.java:460)
        at app//org.apache.hadoop.ipc.CallQueueManager.take(CallQueueManager.java:317)
        at app//org.apache.hadoop.ipc.Server$Handler.run(Server.java:3014)
"IPC Server handler 87 on default port 15172" daemon prio=5 tid=5939 timed_waiting
java.lang.Thread.State: TIMED_WAITING
        at java.base@17.0.11/jdk.internal.misc.Unsafe.park(Native Method)
        at java.base@17.0.11/java.util.concurrent.locks.LockSupport.parkNanos(LockSupport.java:252)
        at java.base@17.0.11/java.util.concurrent.locks.AbstractQueuedSynchronizer$ConditionObject.awaitNanos(AbstractQueuedSynchronizer.java:1674)
        at java.base@17.0.11/java.util.concurrent.LinkedBlockingQueue.poll(LinkedBlockingQueue.java:460)
        at app//org.apache.hadoop.ipc.CallQueueManager.take(CallQueueManager.java:317)
        at app//org.apache.hadoop.ipc.Server$Handler.run(Server.java:3014)
"qtp641896206-5956" daemon prio=5 tid=5956 runnable
java.lang.Thread.State: RUNNABLE
        at java.base@17.0.11/sun.nio.ch.EPoll.wait(Native Method)
        at java.base@17.0.11/sun.nio.ch.EPollSelectorImpl.doSelect(EPollSelectorImpl.java:118)
        at java.base@17.0.11/sun.nio.ch.SelectorImpl.lockAndDoSelect(SelectorImpl.java:129)
        at java.base@17.0.11/sun.nio.ch.SelectorImpl.select(SelectorImpl.java:146)
        at app//org.eclipse.jetty.io.ManagedSelector.nioSelect(ManagedSelector.java:183)
        at app//org.eclipse.jetty.io.ManagedSelector.select(ManagedSelector.java:190)
        at app//org.eclipse.jetty.io.ManagedSelector$SelectorProducer.select(ManagedSelector.java:606)
        at app//org.eclipse.jetty.io.ManagedSelector$SelectorProducer.produce(ManagedSelector.java:543)
        at app//org.eclipse.jetty.util.thread.strategy.EatWhatYouKill.produceTask(EatWhatYouKill.java:362)
        at app//org.eclipse.jetty.util.thread.strategy.EatWhatYouKill.doProduce(EatWhatYouKill.java:186)
        at app//org.eclipse.jetty.util.thread.strategy.EatWhatYouKill.tryProduce(EatWhatYouKill.java:173)
        at app//org.eclipse.jetty.util.thread.strategy.EatWhatYouKill.produce(EatWhatYouKill.java:137)
        at app//org.eclipse.jetty.io.ManagedSelector$$Lambda$911/0x00007f07fc545508.run(Unknown Source)
        at app//org.eclipse.jetty.util.thread.QueuedThreadPool.runJob(QueuedThreadPool.java:883)
        at app//org.eclipse.jetty.util.thread.QueuedThreadPool$Runner.run(QueuedThreadPool.java:1034)
        at java.base@17.0.11/java.lang.Thread.run(Thread.java:840)
"om1-MultipartUploadCleanupService#0" daemon prio=5 tid=5994 timed_waiting
java.lang.Thread.State: TIMED_WAITING
        at java.base@17.0.11/jdk.internal.misc.Unsafe.park(Native Method)
        at java.base@17.0.11/java.util.concurrent.locks.LockSupport.parkNanos(LockSupport.java:252)
        at java.base@17.0.11/java.util.concurrent.locks.AbstractQueuedSynchronizer$ConditionObject.awaitNanos(AbstractQueuedSynchronizer.java:1674)
        at java.base@17.0.11/java.util.concurrent.ScheduledThreadPoolExecutor$DelayedWorkQueue.take(ScheduledThreadPoolExecutor.java:1182)
        at java.base@17.0.11/java.util.concurrent.ScheduledThreadPoolExecutor$DelayedWorkQueue.take(ScheduledThreadPoolExecutor.java:899)
        at java.base@17.0.11/java.util.concurrent.ThreadPoolExecutor.getTask(ThreadPoolExecutor.java:1062)
        at java.base@17.0.11/java.util.concurrent.ThreadPoolExecutor.runWorker(ThreadPoolExecutor.java:1122)
        at java.base@17.0.11/java.util.concurrent.ThreadPoolExecutor$Worker.run(ThreadPoolExecutor.java:635)
        at java.base@17.0.11/java.lang.Thread.run(Thread.java:840)
"IPC Server handler 64 on default port 15172" daemon prio=5 tid=5916 timed_waiting
java.lang.Thread.State: TIMED_WAITING
        at java.base@17.0.11/jdk.internal.misc.Unsafe.park(Native Method)
        at java.base@17.0.11/java.util.concurrent.locks.LockSupport.parkNanos(LockSupport.java:252)
        at java.base@17.0.11/java.util.concurrent.locks.AbstractQueuedSynchronizer$ConditionObject.awaitNanos(AbstractQueuedSynchronizer.java:1674)
        at java.base@17.0.11/java.util.concurrent.LinkedBlockingQueue.poll(LinkedBlockingQueue.java:460)
        at app//org.apache.hadoop.ipc.CallQueueManager.take(CallQueueManager.java:317)
        at app//org.apache.hadoop.ipc.Server$Handler.run(Server.java:3014)
"IPC Server handler 58 on default port 15171" daemon prio=5 tid=5810 timed_waiting
java.lang.Thread.State: TIMED_WAITING
        at java.base@17.0.11/jdk.internal.misc.Unsafe.park(Native Method)
        at java.base@17.0.11/java.util.concurrent.locks.LockSupport.parkNanos(LockSupport.java:252)
        at java.base@17.0.11/java.util.concurrent.locks.AbstractQueuedSynchronizer$ConditionObject.awaitNanos(AbstractQueuedSynchronizer.java:1674)
        at java.base@17.0.11/java.util.concurrent.LinkedBlockingQueue.poll(LinkedBlockingQueue.java:460)
        at app//org.apache.hadoop.ipc.CallQueueManager.take(CallQueueManager.java:317)
        at app//org.apache.hadoop.ipc.Server$Handler.run(Server.java:3014)
"IPC Server Responder" daemon prio=5 tid=6042 runnable
java.lang.Thread.State: RUNNABLE
        at java.base@17.0.11/sun.nio.ch.EPoll.wait(Native Method)
        at java.base@17.0.11/sun.nio.ch.EPollSelectorImpl.doSelect(EPollSelectorImpl.java:118)
        at java.base@17.0.11/sun.nio.ch.SelectorImpl.lockAndDoSelect(SelectorImpl.java:129)
        at java.base@17.0.11/sun.nio.ch.SelectorImpl.select(SelectorImpl.java:141)
        at app//org.apache.hadoop.ipc.Server$Responder.doRunLoop(Server.java:1582)
        at app//org.apache.hadoop.ipc.Server$Responder.run(Server.java:1565)
"ForkJoinPool.commonPool-worker-1" daemon prio=5 tid=22 in Object.wait()
java.lang.Thread.State: WAITING (on object monitor)
        at java.base@17.0.11/jdk.internal.misc.Unsafe.park(Native Method)
        at java.base@17.0.11/java.util.concurrent.locks.LockSupport.park(LockSupport.java:341)
        at java.base@17.0.11/java.util.concurrent.ForkJoinPool.awaitWork(ForkJoinPool.java:1724)
        at java.base@17.0.11/java.util.concurrent.ForkJoinPool.runWorker(ForkJoinPool.java:1623)
        at java.base@17.0.11/java.util.concurrent.ForkJoinWorkerThread.run(ForkJoinWorkerThread.java:165)
"IPC Server handler 63 on default port 15170" daemon prio=5 tid=5715 timed_waiting
java.lang.Thread.State: TIMED_WAITING
        at java.base@17.0.11/jdk.internal.misc.Unsafe.park(Native Method)
        at java.base@17.0.11/java.util.concurrent.locks.LockSupport.parkNanos(LockSupport.java:252)
        at java.base@17.0.11/java.util.concurrent.locks.AbstractQueuedSynchronizer$ConditionObject.awaitNanos(AbstractQueuedSynchronizer.java:1674)
        at java.base@17.0.11/java.util.concurrent.LinkedBlockingQueue.poll(LinkedBlockingQueue.java:460)
        at app//org.apache.hadoop.ipc.CallQueueManager.take(CallQueueManager.java:317)
        at app//org.apache.hadoop.ipc.Server$Handler.run(Server.java:3014)
"IPC Server handler 83 on default port 15172" daemon prio=5 tid=5935 timed_waiting
java.lang.Thread.State: TIMED_WAITING
        at java.base@17.0.11/jdk.internal.misc.Unsafe.park(Native Method)
        at java.base@17.0.11/java.util.concurrent.locks.LockSupport.parkNanos(LockSupport.java:252)
        at java.base@17.0.11/java.util.concurrent.locks.AbstractQueuedSynchronizer$ConditionObject.awaitNanos(AbstractQueuedSynchronizer.java:1674)
        at java.base@17.0.11/java.util.concurrent.LinkedBlockingQueue.poll(LinkedBlockingQueue.java:460)
        at app//org.apache.hadoop.ipc.CallQueueManager.take(CallQueueManager.java:317)
        at app//org.apache.hadoop.ipc.Server$Handler.run(Server.java:3014)
"IPC Server handler 29 on default port 15170" daemon prio=5 tid=5681 timed_waiting
java.lang.Thread.State: TIMED_WAITING
        at java.base@17.0.11/jdk.internal.misc.Unsafe.park(Native Method)
        at java.base@17.0.11/java.util.concurrent.locks.LockSupport.parkNanos(LockSupport.java:252)
        at java.base@17.0.11/java.util.concurrent.locks.AbstractQueuedSynchronizer$ConditionObject.awaitNanos(AbstractQueuedSynchronizer.java:1674)
        at java.base@17.0.11/java.util.concurrent.LinkedBlockingQueue.poll(LinkedBlockingQueue.java:460)
        at app//org.apache.hadoop.ipc.CallQueueManager.take(CallQueueManager.java:317)
        at app//org.apache.hadoop.ipc.Server$Handler.run(Server.java:3014)
"IPC Server handler 76 on default port 15171" daemon prio=5 tid=5828 timed_waiting
java.lang.Thread.State: TIMED_WAITING
        at java.base@17.0.11/jdk.internal.misc.Unsafe.park(Native Method)
        at java.base@17.0.11/java.util.concurrent.locks.LockSupport.parkNanos(LockSupport.java:252)
        at java.base@17.0.11/java.util.concurrent.locks.AbstractQueuedSynchronizer$ConditionObject.awaitNanos(AbstractQueuedSynchronizer.java:1674)
        at java.base@17.0.11/java.util.concurrent.LinkedBlockingQueue.poll(LinkedBlockingQueue.java:460)
        at app//org.apache.hadoop.ipc.CallQueueManager.take(CallQueueManager.java:317)
        at app//org.apache.hadoop.ipc.Server$Handler.run(Server.java:3014)
"timer1" daemon prio=5 tid=1576 timed_waiting
java.lang.Thread.State: TIMED_WAITING
        at java.base@17.0.11/java.lang.Object.wait(Native Method)
        at java.base@17.0.11/java.util.TimerThread.mainLoop(Timer.java:563)
        at java.base@17.0.11/java.util.TimerThread.run(Timer.java:516)
"JvmPauseMonitor30" daemon prio=5 tid=5954 timed_waiting
java.lang.Thread.State: TIMED_WAITING
        at java.base@17.0.11/java.lang.Thread.sleep(Native Method)
        at java.base@17.0.11/java.lang.Thread.sleep(Thread.java:344)
        at java.base@17.0.11/java.util.concurrent.TimeUnit.sleep(TimeUnit.java:446)
        at app//org.apache.ratis.util.TimeDuration.sleep(TimeDuration.java:353)
        at app//org.apache.ratis.util.TimeDuration.sleep(TimeDuration.java:338)
        at app//org.apache.ratis.util.JvmPauseMonitor.detectPause(JvmPauseMonitor.java:160)
        at app//org.apache.ratis.util.JvmPauseMonitor.run(JvmPauseMonitor.java:149)
        at app//org.apache.ratis.util.JvmPauseMonitor$$Lambda$874/0x00007f07fc4e8b78.run(Unknown Source)
        at java.base@17.0.11/java.lang.Thread.run(Thread.java:840)
"SnapshotCacheCleanupService" daemon prio=5 tid=5968 timed_waiting
java.lang.Thread.State: TIMED_WAITING
        at java.base@17.0.11/jdk.internal.misc.Unsafe.park(Native Method)
        at java.base@17.0.11/java.util.concurrent.locks.LockSupport.parkNanos(LockSupport.java:252)
        at java.base@17.0.11/java.util.concurrent.locks.AbstractQueuedSynchronizer$ConditionObject.awaitNanos(AbstractQueuedSynchronizer.java:1674)
        at java.base@17.0.11/java.util.concurrent.ScheduledThreadPoolExecutor$DelayedWorkQueue.take(ScheduledThreadPoolExecutor.java:1182)
        at java.base@17.0.11/java.util.concurrent.ScheduledThreadPoolExecutor$DelayedWorkQueue.take(ScheduledThreadPoolExecutor.java:899)
        at java.base@17.0.11/java.util.concurrent.ThreadPoolExecutor.getTask(ThreadPoolExecutor.java:1062)
        at java.base@17.0.11/java.util.concurrent.ThreadPoolExecutor.runWorker(ThreadPoolExecutor.java:1122)
        at java.base@17.0.11/java.util.concurrent.ThreadPoolExecutor$Worker.run(ThreadPoolExecutor.java:635)
        at java.base@17.0.11/java.lang.Thread.run(Thread.java:840)
"qtp1497094670-6031-acceptor-0@31368ec1-ServerConnector@41902ed{HTTP/1.1, (http/1.1)}{0.0.0.0:15179}" daemon prio=3 tid=6031 runnable
java.lang.Thread.State: RUNNABLE
        at java.base@17.0.11/sun.nio.ch.Net.accept(Native Method)
        at java.base@17.0.11/sun.nio.ch.ServerSocketChannelImpl.implAccept(ServerSocketChannelImpl.java:425)
        at java.base@17.0.11/sun.nio.ch.ServerSocketChannelImpl.accept(ServerSocketChannelImpl.java:391)
        at app//org.eclipse.jetty.server.ServerConnector.accept(ServerConnector.java:388)
        at app//org.eclipse.jetty.server.AbstractConnector$Acceptor.run(AbstractConnector.java:704)
        at app//org.eclipse.jetty.util.thread.QueuedThreadPool.runJob(QueuedThreadPool.java:883)
        at app//org.eclipse.jetty.util.thread.QueuedThreadPool$Runner.run(QueuedThreadPool.java:1034)
        at java.base@17.0.11/java.lang.Thread.run(Thread.java:840)
"FixedThreadPoolWithAffinityExecutor-1-0" daemon prio=5 tid=5641 timed_waiting
java.lang.Thread.State: TIMED_WAITING
        at java.base@17.0.11/jdk.internal.misc.Unsafe.park(Native Method)
        at java.base@17.0.11/java.util.concurrent.locks.LockSupport.parkNanos(LockSupport.java:252)
        at java.base@17.0.11/java.util.concurrent.locks.AbstractQueuedSynchronizer$ConditionObject.awaitNanos(AbstractQueuedSynchronizer.java:1674)
        at java.base@17.0.11/java.util.concurrent.LinkedBlockingQueue.poll(LinkedBlockingQueue.java:460)
        at app//org.apache.hadoop.hdds.scm.server.ContainerReportQueue.poll(ContainerReportQueue.java:269)
        at app//org.apache.hadoop.hdds.scm.server.ContainerReportQueue.poll(ContainerReportQueue.java:42)
        at app//org.apache.hadoop.hdds.server.events.FixedThreadPoolWithAffinityExecutor$ContainerReportProcessTask.run(FixedThreadPoolWithAffinityExecutor.java:253)
        at java.base@17.0.11/java.util.concurrent.Executors$RunnableAdapter.call(Executors.java:539)
        at java.base@17.0.11/java.util.concurrent.FutureTask.run(FutureTask.java:264)
        at java.base@17.0.11/java.util.concurrent.ThreadPoolExecutor.runWorker(ThreadPoolExecutor.java:1136)
        at java.base@17.0.11/java.util.concurrent.ThreadPoolExecutor$Worker.run(ThreadPoolExecutor.java:635)
        at java.base@17.0.11/java.lang.Thread.run(Thread.java:840)
"3a211404-6ca4-4ebc-bc53-908f8eaf8373@group-A2A95399AC4D-cacheEviction-AwaitToRun" daemon prio=5 tid=6084 in Object.wait()
java.lang.Thread.State: WAITING (on object monitor)
        at java.base@17.0.11/jdk.internal.misc.Unsafe.park(Native Method)
        at java.base@17.0.11/java.util.concurrent.locks.LockSupport.park(LockSupport.java:341)
        at java.base@17.0.11/java.util.concurrent.locks.AbstractQueuedSynchronizer$ConditionNode.block(AbstractQueuedSynchronizer.java:506)
        at java.base@17.0.11/java.util.concurrent.ForkJoinPool.unmanagedBlock(ForkJoinPool.java:3465)
        at java.base@17.0.11/java.util.concurrent.ForkJoinPool.managedBlock(ForkJoinPool.java:3436)
        at java.base@17.0.11/java.util.concurrent.locks.AbstractQueuedSynchronizer$ConditionObject.await(AbstractQueuedSynchronizer.java:1625)
        at app//org.apache.ratis.util.AwaitForSignal.await(AwaitForSignal.java:48)
        at app//org.apache.ratis.util.AwaitToRun$RunnableImpl.run(AwaitToRun.java:47)
        at java.base@17.0.11/java.lang.Thread.run(Thread.java:840)
"FullTableCache-Cleanup-0" daemon prio=5 tid=1570 in Object.wait()
java.lang.Thread.State: WAITING (on object monitor)
        at java.base@17.0.11/jdk.internal.misc.Unsafe.park(Native Method)
        at java.base@17.0.11/java.util.concurrent.locks.LockSupport.park(LockSupport.java:341)
        at java.base@17.0.11/java.util.concurrent.locks.AbstractQueuedSynchronizer$ConditionNode.block(AbstractQueuedSynchronizer.java:506)
        at java.base@17.0.11/java.util.concurrent.ForkJoinPool.unmanagedBlock(ForkJoinPool.java:3465)
        at java.base@17.0.11/java.util.concurrent.ForkJoinPool.managedBlock(ForkJoinPool.java:3436)
        at java.base@17.0.11/java.util.concurrent.locks.AbstractQueuedSynchronizer$ConditionObject.await(AbstractQueuedSynchronizer.java:1625)
        at java.base@17.0.11/java.util.concurrent.LinkedBlockingQueue.take(LinkedBlockingQueue.java:435)
        at java.base@17.0.11/java.util.concurrent.ThreadPoolExecutor.getTask(ThreadPoolExecutor.java:1062)
        at java.base@17.0.11/java.util.concurrent.ThreadPoolExecutor.runWorker(ThreadPoolExecutor.java:1122)
        at java.base@17.0.11/java.util.concurrent.ThreadPoolExecutor$Worker.run(ThreadPoolExecutor.java:635)
        at java.base@17.0.11/java.lang.Thread.run(Thread.java:840)
"IPC Server listener on 15172" daemon prio=5 tid=5625 runnable
java.lang.Thread.State: RUNNABLE
        at java.base@17.0.11/sun.nio.ch.EPoll.wait(Native Method)
        at java.base@17.0.11/sun.nio.ch.EPollSelectorImpl.doSelect(EPollSelectorImpl.java:118)
        at java.base@17.0.11/sun.nio.ch.SelectorImpl.lockAndDoSelect(SelectorImpl.java:129)
        at java.base@17.0.11/sun.nio.ch.SelectorImpl.select(SelectorImpl.java:146)
        at app//org.apache.hadoop.ipc.Server$Listener.run(Server.java:1408)
"main"  prio=5 tid=1 runnable
java.lang.Thread.State: RUNNABLE
        at java.base@17.0.11/java.lang.Thread.dumpThreads(Native Method)
        at java.base@17.0.11/java.lang.Thread.getAllStackTraces(Thread.java:1671)
        at app//org.apache.ozone.test.TimedOutTestsListener.buildThreadDump(TimedOutTestsListener.java:83)
        at app//org.apache.ozone.test.TimedOutTestsListener.buildThreadDiagnosticString(TimedOutTestsListener.java:69)
        at app//org.apache.ozone.test.GenericTestUtils.waitFor(GenericTestUtils.java:204)
        at app//org.apache.hadoop.ozone.om.TestOMDbCheckpointServlet.createSnapshot(TestOMDbCheckpointServlet.java:759)
        at app//org.apache.hadoop.ozone.om.TestOMDbCheckpointServlet.prepSnapshotData(TestOMDbCheckpointServlet.java:708)
        at app//org.apache.hadoop.ozone.om.TestOMDbCheckpointServlet.testWriteDbDataWithToExcludeFileList(TestOMDbCheckpointServlet.java:567)
        at java.base@17.0.11/jdk.internal.reflect.NativeMethodAccessorImpl.invoke0(Native Method)
        at java.base@17.0.11/jdk.internal.reflect.NativeMethodAccessorImpl.invoke(NativeMethodAccessorImpl.java:77)
        at java.base@17.0.11/jdk.internal.reflect.DelegatingMethodAccessorImpl.invoke(DelegatingMethodAccessorImpl.java:43)
        at java.base@17.0.11/java.lang.reflect.Method.invoke(Method.java:568)
        at app//org.junit.platform.commons.util.ReflectionUtils.invokeMethod(ReflectionUtils.java:728)
        at app//org.junit.jupiter.engine.execution.MethodInvocation.proceed(MethodInvocation.java:60)
        at app//org.junit.jupiter.engine.execution.InvocationInterceptorChain$ValidatingInvocation.proceed(InvocationInterceptorChain.java:131)
        at app//org.junit.jupiter.engine.extension.SameThreadTimeoutInvocation.proceed(SameThreadTimeoutInvocation.java:45)
        at app//org.junit.jupiter.engine.extension.TimeoutExtension.intercept(TimeoutExtension.java:156)
        at app//org.junit.jupiter.engine.extension.TimeoutExtension.interceptTestableMethod(TimeoutExtension.java:147)
        at app//org.junit.jupiter.engine.extension.TimeoutExtension.interceptTestMethod(TimeoutExtension.java:86)
        at app//org.junit.jupiter.engine.descriptor.TestMethodTestDescriptor$$Lambda$240/0x00007f07fc0a1c98.apply(Unknown Source)
        at app//org.junit.jupiter.engine.execution.InterceptingExecutableInvoker$ReflectiveInterceptorCall.lambda$ofVoidMethod$0(InterceptingExecutableInvoker.java:103)
        at app//org.junit.jupiter.engine.execution.InterceptingExecutableInvoker$ReflectiveInterceptorCall$$Lambda$241/0x00007f07fc0ac200.apply(Unknown Source)
        at app//org.junit.jupiter.engine.execution.InterceptingExecutableInvoker.lambda$invoke$0(InterceptingExecutableInvoker.java:93)
        at app//org.junit.jupiter.engine.execution.InterceptingExecutableInvoker$$Lambda$517/0x00007f07fc13af98.apply(Unknown Source)
        at app//org.junit.jupiter.engine.execution.InvocationInterceptorChain$InterceptedInvocation.proceed(InvocationInterceptorChain.java:106)
        at app//org.junit.jupiter.engine.execution.InvocationInterceptorChain.proceed(InvocationInterceptorChain.java:64)
        at app//org.junit.jupiter.engine.execution.InvocationInterceptorChain.chainAndInvoke(InvocationInterceptorChain.java:45)
        at app//org.junit.jupiter.engine.execution.InvocationInterceptorChain.invoke(InvocationInterceptorChain.java:37)
        at app//org.junit.jupiter.engine.execution.InterceptingExecutableInvoker.invoke(InterceptingExecutableInvoker.java:92)
        at app//org.junit.jupiter.engine.execution.InterceptingExecutableInvoker.invoke(InterceptingExecutableInvoker.java:86)
        at app//org.junit.jupiter.engine.descriptor.TestMethodTestDescriptor.lambda$invokeTestMethod$7(TestMethodTestDescriptor.java:218)
        at app//org.junit.jupiter.engine.descriptor.TestMethodTestDescriptor$$Lambda$561/0x00007f07fc18f5c0.execute(Unknown Source)
        at app//org.junit.platform.engine.support.hierarchical.ThrowableCollector.execute(ThrowableCollector.java:73)
        at app//org.junit.jupiter.engine.descriptor.TestMethodTestDescriptor.invokeTestMethod(TestMethodTestDescriptor.java:214)
        at app//org.junit.jupiter.engine.descriptor.TestMethodTestDescriptor.execute(TestMethodTestDescriptor.java:139)
        at app//org.junit.jupiter.engine.descriptor.TestMethodTestDescriptor.execute(TestMethodTestDescriptor.java:69)
        at app//org.junit.platform.engine.support.hierarchical.NodeTestTask.lambda$executeRecursively$6(NodeTestTask.java:151)
        at app//org.junit.platform.engine.support.hierarchical.NodeTestTask$$Lambda$377/0x00007f07fc11dc88.execute(Unknown Source)
        at app//org.junit.platform.engine.support.hierarchical.ThrowableCollector.execute(ThrowableCollector.java:73)
        at app//org.junit.platform.engine.support.hierarchical.NodeTestTask.lambda$executeRecursively$8(NodeTestTask.java:141)
        at app//org.junit.platform.engine.support.hierarchical.NodeTestTask$$Lambda$376/0x00007f07fc11da60.invoke(Unknown Source)
        at app//org.junit.platform.engine.support.hierarchical.Node.around(Node.java:137)
        at app//org.junit.platform.engine.support.hierarchical.NodeTestTask.lambda$executeRecursively$9(NodeTestTask.java:139)
        at app//org.junit.platform.engine.support.hierarchical.NodeTestTask$$Lambda$375/0x00007f07fc11d638.execute(Unknown Source)
        at app//org.junit.platform.engine.support.hierarchical.ThrowableCollector.execute(ThrowableCollector.java:73)
        at app//org.junit.platform.engine.support.hierarchical.NodeTestTask.executeRecursively(NodeTestTask.java:138)
        at app//org.junit.platform.engine.support.hierarchical.NodeTestTask.execute(NodeTestTask.java:95)
        at app//org.junit.platform.engine.support.hierarchical.SameThreadHierarchicalTestExecutorService$$Lambda$381/0x00007f07fc11ec30.accept(Unknown Source)
        at java.base@17.0.11/java.util.ArrayList.forEach(ArrayList.java:1511)
        at app//org.junit.platform.engine.support.hierarchical.SameThreadHierarchicalTestExecutorService.invokeAll(SameThreadHierarchicalTestExecutorService.java:41)
        at app//org.junit.platform.engine.support.hierarchical.NodeTestTask.lambda$executeRecursively$6(NodeTestTask.java:155)
        at app//org.junit.platform.engine.support.hierarchical.NodeTestTask$$Lambda$377/0x00007f07fc11dc88.execute(Unknown Source)
        at app//org.junit.platform.engine.support.hierarchical.ThrowableCollector.execute(ThrowableCollector.java:73)
        at app//org.junit.platform.engine.support.hierarchical.NodeTestTask.lambda$executeRecursively$8(NodeTestTask.java:141)
        at app//org.junit.platform.engine.support.hierarchical.NodeTestTask$$Lambda$376/0x00007f07fc11da60.invoke(Unknown Source)
        at app//org.junit.platform.engine.support.hierarchical.Node.around(Node.java:137)
        at app//org.junit.platform.engine.support.hierarchical.NodeTestTask.lambda$executeRecursively$9(NodeTestTask.java:139)
        at app//org.junit.platform.engine.support.hierarchical.NodeTestTask$$Lambda$375/0x00007f07fc11d638.execute(Unknown Source)
        at app//org.junit.platform.engine.support.hierarchical.ThrowableCollector.execute(ThrowableCollector.java:73)
        at app//org.junit.platform.engine.support.hierarchical.NodeTestTask.executeRecursively(NodeTestTask.java:138)
        at app//org.junit.platform.engine.support.hierarchical.NodeTestTask.execute(NodeTestTask.java:95)
        at app//org.junit.platform.engine.support.hierarchical.SameThreadHierarchicalTestExecutorService$$Lambda$381/0x00007f07fc11ec30.accept(Unknown Source)
        at java.base@17.0.11/java.util.ArrayList.forEach(ArrayList.java:1511)
        at app//org.junit.platform.engine.support.hierarchical.SameThreadHierarchicalTestExecutorService.invokeAll(SameThreadHierarchicalTestExecutorService.java:41)
        at app//org.junit.platform.engine.support.hierarchical.NodeTestTask.lambda$executeRecursively$6(NodeTestTask.java:155)
        at app//org.junit.platform.engine.support.hierarchical.NodeTestTask$$Lambda$377/0x00007f07fc11dc88.execute(Unknown Source)
        at app//org.junit.platform.engine.support.hierarchical.ThrowableCollector.execute(ThrowableCollector.java:73)
        at app//org.junit.platform.engine.support.hierarchical.NodeTestTask.lambda$executeRecursively$8(NodeTestTask.java:141)
        at app//org.junit.platform.engine.support.hierarchical.NodeTestTask$$Lambda$376/0x00007f07fc11da60.invoke(Unknown Source)
        at app//org.junit.platform.engine.support.hierarchical.Node.around(Node.java:137)
        at app//org.junit.platform.engine.support.hierarchical.NodeTestTask.lambda$executeRecursively$9(NodeTestTask.java:139)
        at app//org.junit.platform.engine.support.hierarchical.NodeTestTask$$Lambda$375/0x00007f07fc11d638.execute(Unknown Source)
        at app//org.junit.platform.engine.support.hierarchical.ThrowableCollector.execute(ThrowableCollector.java:73)
        at app//org.junit.platform.engine.support.hierarchical.NodeTestTask.executeRecursively(NodeTestTask.java:138)
        at app//org.junit.platform.engine.support.hierarchical.NodeTestTask.execute(NodeTestTask.java:95)
        at app//org.junit.platform.engine.support.hierarchical.SameThreadHierarchicalTestExecutorService.submit(SameThreadHierarchicalTestExecutorService.java:35)
        at app//org.junit.platform.engine.support.hierarchical.HierarchicalTestExecutor.execute(HierarchicalTestExecutor.java:57)
        at app//org.junit.platform.engine.support.hierarchical.HierarchicalTestEngine.execute(HierarchicalTestEngine.java:54)
        at app//org.junit.platform.launcher.core.EngineExecutionOrchestrator.execute(EngineExecutionOrchestrator.java:198)
        at app//org.junit.platform.launcher.core.EngineExecutionOrchestrator.execute(EngineExecutionOrchestrator.java:169)
        at app//org.junit.platform.launcher.core.EngineExecutionOrchestrator.execute(EngineExecutionOrchestrator.java:93)
        at app//org.junit.platform.launcher.core.EngineExecutionOrchestrator.lambda$execute$0(EngineExecutionOrchestrator.java:58)
        at app//org.junit.platform.launcher.core.EngineExecutionOrchestrator$$Lambda$289/0x00007f07fc0b29e8.accept(Unknown Source)
        at app//org.junit.platform.launcher.core.EngineExecutionOrchestrator.withInterceptedStreams(EngineExecutionOrchestrator.java:141)
        at app//org.junit.platform.launcher.core.EngineExecutionOrchestrator.execute(EngineExecutionOrchestrator.java:57)
        at app//org.junit.platform.launcher.core.DefaultLauncher.execute(DefaultLauncher.java:103)
        at app//org.junit.platform.launcher.core.DefaultLauncher.execute(DefaultLauncher.java:85)
        at app//org.junit.platform.launcher.core.DelegatingLauncher.execute(DelegatingLauncher.java:47)
        at app//org.junit.platform.launcher.core.SessionPerRequestLauncher.execute(SessionPerRequestLauncher.java:63)
        at app//org.apache.maven.surefire.junitplatform.JUnitPlatformProvider.invokeAllTests(JUnitPlatformProvider.java:154)
        at app//org.apache.maven.surefire.junitplatform.JUnitPlatformProvider.invoke(JUnitPlatformProvider.java:123)
        at app//org.apache.maven.surefire.booter.ForkedBooter.runSuitesInProcess(ForkedBooter.java:377)
        at app//org.apache.maven.surefire.booter.ForkedBooter.execute(ForkedBooter.java:138)
        at app//org.apache.maven.surefire.booter.ForkedBooter.run(ForkedBooter.java:465)
        at app//org.apache.maven.surefire.booter.ForkedBooter.main(ForkedBooter.java:451)
"RatisPipelineUtilsThread-0"  prio=5 tid=5618 timed_waiting
java.lang.Thread.State: TIMED_WAITING
        at java.base@17.0.11/java.lang.Object.wait(Native Method)
        at app//org.apache.hadoop.hdds.scm.pipeline.BackgroundPipelineCreator.run(BackgroundPipelineCreator.java:179)
        at app//org.apache.hadoop.hdds.scm.pipeline.BackgroundPipelineCreator$$Lambda$789/0x00007f07fc3a9b90.run(Unknown Source)
        at java.base@17.0.11/java.lang.Thread.run(Thread.java:840)
"IPC Server handler 9 on default port 15171" daemon prio=5 tid=5761 timed_waiting
java.lang.Thread.State: TIMED_WAITING
        at java.base@17.0.11/jdk.internal.misc.Unsafe.park(Native Method)
        at java.base@17.0.11/java.util.concurrent.locks.LockSupport.parkNanos(LockSupport.java:252)
        at java.base@17.0.11/java.util.concurrent.locks.AbstractQueuedSynchronizer$ConditionObject.awaitNanos(AbstractQueuedSynchronizer.java:1674)
        at java.base@17.0.11/java.util.concurrent.LinkedBlockingQueue.poll(LinkedBlockingQueue.java:460)
        at app//org.apache.hadoop.ipc.CallQueueManager.take(CallQueueManager.java:317)
        at app//org.apache.hadoop.ipc.Server$Handler.run(Server.java:3014)
"Timer-10"  prio=5 tid=5984 timed_waiting
java.lang.Thread.State: TIMED_WAITING
        at java.base@17.0.11/java.lang.Object.wait(Native Method)
        at java.base@17.0.11/java.util.TimerThread.mainLoop(Timer.java:563)
        at java.base@17.0.11/java.util.TimerThread.run(Timer.java:516)
"IPC Server handler 20 on default port 15170" daemon prio=5 tid=5672 timed_waiting
java.lang.Thread.State: TIMED_WAITING
        at java.base@17.0.11/jdk.internal.misc.Unsafe.park(Native Method)
        at java.base@17.0.11/java.util.concurrent.locks.LockSupport.parkNanos(LockSupport.java:252)
        at java.base@17.0.11/java.util.concurrent.locks.AbstractQueuedSynchronizer$ConditionObject.awaitNanos(AbstractQueuedSynchronizer.java:1674)
        at java.base@17.0.11/java.util.concurrent.LinkedBlockingQueue.poll(LinkedBlockingQueue.java:460)
        at app//org.apache.hadoop.ipc.CallQueueManager.take(CallQueueManager.java:317)
        at app//org.apache.hadoop.ipc.Server$Handler.run(Server.java:3014)
"3a211404-6ca4-4ebc-bc53-908f8eaf8373-DatanodeReportManager-0" daemon prio=5 tid=6046 in Object.wait()
java.lang.Thread.State: WAITING (on object monitor)
        at java.base@17.0.11/jdk.internal.misc.Unsafe.park(Native Method)
        at java.base@17.0.11/java.util.concurrent.locks.LockSupport.park(LockSupport.java:341)
        at java.base@17.0.11/java.util.concurrent.locks.AbstractQueuedSynchronizer$ConditionNode.block(AbstractQueuedSynchronizer.java:506)
        at java.base@17.0.11/java.util.concurrent.ForkJoinPool.unmanagedBlock(ForkJoinPool.java:3465)
        at java.base@17.0.11/java.util.concurrent.ForkJoinPool.managedBlock(ForkJoinPool.java:3436)
        at java.base@17.0.11/java.util.concurrent.locks.AbstractQueuedSynchronizer$ConditionObject.await(AbstractQueuedSynchronizer.java:1625)
        at java.base@17.0.11/java.util.concurrent.ScheduledThreadPoolExecutor$DelayedWorkQueue.take(ScheduledThreadPoolExecutor.java:1177)
        at java.base@17.0.11/java.util.concurrent.ScheduledThreadPoolExecutor$DelayedWorkQueue.take(ScheduledThreadPoolExecutor.java:899)
        at java.base@17.0.11/java.util.concurrent.ThreadPoolExecutor.getTask(ThreadPoolExecutor.java:1062)
        at java.base@17.0.11/java.util.concurrent.ThreadPoolExecutor.runWorker(ThreadPoolExecutor.java:1122)
        at java.base@17.0.11/java.util.concurrent.ThreadPoolExecutor$Worker.run(ThreadPoolExecutor.java:635)
        at java.base@17.0.11/java.lang.Thread.run(Thread.java:840)
"IPC Server handler 18 on default port 15170" daemon prio=5 tid=5670 timed_waiting
java.lang.Thread.State: TIMED_WAITING
        at java.base@17.0.11/jdk.internal.misc.Unsafe.park(Native Method)
        at java.base@17.0.11/java.util.concurrent.locks.LockSupport.parkNanos(LockSupport.java:252)
        at java.base@17.0.11/java.util.concurrent.locks.AbstractQueuedSynchronizer$ConditionObject.awaitNanos(AbstractQueuedSynchronizer.java:1674)
        at java.base@17.0.11/java.util.concurrent.LinkedBlockingQueue.poll(LinkedBlockingQueue.java:460)
        at app//org.apache.hadoop.ipc.CallQueueManager.take(CallQueueManager.java:317)
        at app//org.apache.hadoop.ipc.Server$Handler.run(Server.java:3014)
"FixedThreadPoolWithAffinityExecutor-8-0" daemon prio=5 tid=5648 timed_waiting
java.lang.Thread.State: TIMED_WAITING
        at java.base@17.0.11/jdk.internal.misc.Unsafe.park(Native Method)
        at java.base@17.0.11/java.util.concurrent.locks.LockSupport.parkNanos(LockSupport.java:252)
        at java.base@17.0.11/java.util.concurrent.locks.AbstractQueuedSynchronizer$ConditionObject.awaitNanos(AbstractQueuedSynchronizer.java:1674)
        at java.base@17.0.11/java.util.concurrent.LinkedBlockingQueue.poll(LinkedBlockingQueue.java:460)
        at app//org.apache.hadoop.hdds.scm.server.ContainerReportQueue.poll(ContainerReportQueue.java:269)
        at app//org.apache.hadoop.hdds.scm.server.ContainerReportQueue.poll(ContainerReportQueue.java:42)
        at app//org.apache.hadoop.hdds.server.events.FixedThreadPoolWithAffinityExecutor$ContainerReportProcessTask.run(FixedThreadPoolWithAffinityExecutor.java:253)
        at java.base@17.0.11/java.util.concurrent.Executors$RunnableAdapter.call(Executors.java:539)
        at java.base@17.0.11/java.util.concurrent.FutureTask.run(FutureTask.java:264)
        at java.base@17.0.11/java.util.concurrent.ThreadPoolExecutor.runWorker(ThreadPoolExecutor.java:1136)
        at java.base@17.0.11/java.util.concurrent.ThreadPoolExecutor$Worker.run(ThreadPoolExecutor.java:635)
        at java.base@17.0.11/java.lang.Thread.run(Thread.java:840)
"IPC Server handler 92 on default port 15172" daemon prio=5 tid=5944 timed_waiting
java.lang.Thread.State: TIMED_WAITING
        at java.base@17.0.11/jdk.internal.misc.Unsafe.park(Native Method)
        at java.base@17.0.11/java.util.concurrent.locks.LockSupport.parkNanos(LockSupport.java:252)
        at java.base@17.0.11/java.util.concurrent.locks.AbstractQueuedSynchronizer$ConditionObject.awaitNanos(AbstractQueuedSynchronizer.java:1674)
        at java.base@17.0.11/java.util.concurrent.LinkedBlockingQueue.poll(LinkedBlockingQueue.java:460)
        at app//org.apache.hadoop.ipc.CallQueueManager.take(CallQueueManager.java:317)
        at app//org.apache.hadoop.ipc.Server$Handler.run(Server.java:3014)
"3a211404-6ca4-4ebc-bc53-908f8eaf8373-EndpointStateMachineTaskThread-/0.0.0.0:15172-0 "  prio=5 tid=6055 in Object.wait()
java.lang.Thread.State: WAITING (on object monitor)
        at java.base@17.0.11/jdk.internal.misc.Unsafe.park(Native Method)
        at java.base@17.0.11/java.util.concurrent.locks.LockSupport.park(LockSupport.java:341)
        at java.base@17.0.11/java.util.concurrent.locks.AbstractQueuedSynchronizer$ConditionNode.block(AbstractQueuedSynchronizer.java:506)
        at java.base@17.0.11/java.util.concurrent.ForkJoinPool.unmanagedBlock(ForkJoinPool.java:3465)
        at java.base@17.0.11/java.util.concurrent.ForkJoinPool.managedBlock(ForkJoinPool.java:3436)
        at java.base@17.0.11/java.util.concurrent.locks.AbstractQueuedSynchronizer$ConditionObject.await(AbstractQueuedSynchronizer.java:1625)
        at java.base@17.0.11/java.util.concurrent.LinkedBlockingQueue.take(LinkedBlockingQueue.java:435)
        at java.base@17.0.11/java.util.concurrent.ThreadPoolExecutor.getTask(ThreadPoolExecutor.java:1062)
        at java.base@17.0.11/java.util.concurrent.ThreadPoolExecutor.runWorker(ThreadPoolExecutor.java:1122)
        at java.base@17.0.11/java.util.concurrent.ThreadPoolExecutor$Worker.run(ThreadPoolExecutor.java:635)
        at java.base@17.0.11/java.lang.Thread.run(Thread.java:840)
"IPC Server handler 11 on default port 15174" daemon prio=5 tid=6016 timed_waiting
java.lang.Thread.State: TIMED_WAITING
        at java.base@17.0.11/jdk.internal.misc.Unsafe.park(Native Method)
        at java.base@17.0.11/java.util.concurrent.locks.LockSupport.parkNanos(LockSupport.java:252)
        at java.base@17.0.11/java.util.concurrent.locks.AbstractQueuedSynchronizer$ConditionObject.awaitNanos(AbstractQueuedSynchronizer.java:1674)
        at java.base@17.0.11/java.util.concurrent.LinkedBlockingQueue.poll(LinkedBlockingQueue.java:460)
        at app//org.apache.hadoop.ipc.CallQueueManager.take(CallQueueManager.java:317)
        at app//org.apache.hadoop.ipc.Server$Handler.run(Server.java:3014)
"om1@group-C5BA1605619E-StateMachineUpdater" daemon prio=5 tid=5981 timed_waiting
java.lang.Thread.State: TIMED_WAITING
        at java.base@17.0.11/jdk.internal.misc.Unsafe.park(Native Method)
        at java.base@17.0.11/java.util.concurrent.locks.LockSupport.parkNanos(LockSupport.java:252)
        at java.base@17.0.11/java.util.concurrent.locks.AbstractQueuedSynchronizer$ConditionObject.await(AbstractQueuedSynchronizer.java:1759)
        at app//org.apache.ratis.util.AwaitForSignal.await(AwaitForSignal.java:65)
        at app//org.apache.ratis.server.impl.StateMachineUpdater.waitForCommit(StateMachineUpdater.java:211)
        at app//org.apache.ratis.server.impl.StateMachineUpdater.run(StateMachineUpdater.java:180)
        at java.base@17.0.11/java.lang.Thread.run(Thread.java:840)
"3a211404-6ca4-4ebc-bc53-908f8eaf8373-client-thread1" daemon prio=5 tid=6099 timed_waiting
java.lang.Thread.State: TIMED_WAITING
        at java.base@17.0.11/jdk.internal.misc.Unsafe.park(Native Method)
        at java.base@17.0.11/java.util.concurrent.locks.LockSupport.parkNanos(LockSupport.java:252)
        at java.base@17.0.11/java.util.concurrent.SynchronousQueue$TransferStack.transfer(SynchronousQueue.java:401)
        at java.base@17.0.11/java.util.concurrent.SynchronousQueue.poll(SynchronousQueue.java:903)
        at java.base@17.0.11/java.util.concurrent.ThreadPoolExecutor.getTask(ThreadPoolExecutor.java:1061)
        at java.base@17.0.11/java.util.concurrent.ThreadPoolExecutor.runWorker(ThreadPoolExecutor.java:1122)
        at java.base@17.0.11/java.util.concurrent.ThreadPoolExecutor$Worker.run(ThreadPoolExecutor.java:635)
        at java.base@17.0.11/java.lang.Thread.run(Thread.java:840)
"ForkJoinPool.commonPool-worker-3" daemon prio=5 tid=24 in Object.wait()
java.lang.Thread.State: WAITING (on object monitor)
        at java.base@17.0.11/jdk.internal.misc.Unsafe.park(Native Method)
        at java.base@17.0.11/java.util.concurrent.locks.LockSupport.park(LockSupport.java:341)
        at java.base@17.0.11/java.util.concurrent.ForkJoinPool.awaitWork(ForkJoinPool.java:1724)
        at java.base@17.0.11/java.util.concurrent.ForkJoinPool.runWorker(ForkJoinPool.java:1623)
        at java.base@17.0.11/java.util.concurrent.ForkJoinWorkerThread.run(ForkJoinWorkerThread.java:165)
"IPC Server handler 17 on default port 15170" daemon prio=5 tid=5669 timed_waiting
java.lang.Thread.State: TIMED_WAITING
        at java.base@17.0.11/jdk.internal.misc.Unsafe.park(Native Method)
        at java.base@17.0.11/java.util.concurrent.locks.LockSupport.parkNanos(LockSupport.java:252)
        at java.base@17.0.11/java.util.concurrent.locks.AbstractQueuedSynchronizer$ConditionObject.awaitNanos(AbstractQueuedSynchronizer.java:1674)
        at java.base@17.0.11/java.util.concurrent.LinkedBlockingQueue.poll(LinkedBlockingQueue.java:460)
        at app//org.apache.hadoop.ipc.CallQueueManager.take(CallQueueManager.java:317)
        at app//org.apache.hadoop.ipc.Server$Handler.run(Server.java:3014)
"IPC Server handler 44 on default port 15170" daemon prio=5 tid=5696 timed_waiting
java.lang.Thread.State: TIMED_WAITING
        at java.base@17.0.11/jdk.internal.misc.Unsafe.park(Native Method)
        at java.base@17.0.11/java.util.concurrent.locks.LockSupport.parkNanos(LockSupport.java:252)
        at java.base@17.0.11/java.util.concurrent.locks.AbstractQueuedSynchronizer$ConditionObject.awaitNanos(AbstractQueuedSynchronizer.java:1674)
        at java.base@17.0.11/java.util.concurrent.LinkedBlockingQueue.poll(LinkedBlockingQueue.java:460)
        at app//org.apache.hadoop.ipc.CallQueueManager.take(CallQueueManager.java:317)
        at app//org.apache.hadoop.ipc.Server$Handler.run(Server.java:3014)
"IPC Server handler 9 on default port 15174" daemon prio=5 tid=6014 timed_waiting
java.lang.Thread.State: TIMED_WAITING
        at java.base@17.0.11/jdk.internal.misc.Unsafe.park(Native Method)
        at java.base@17.0.11/java.util.concurrent.locks.LockSupport.parkNanos(LockSupport.java:252)
        at java.base@17.0.11/java.util.concurrent.locks.AbstractQueuedSynchronizer$ConditionObject.awaitNanos(AbstractQueuedSynchronizer.java:1674)
        at java.base@17.0.11/java.util.concurrent.LinkedBlockingQueue.poll(LinkedBlockingQueue.java:460)
        at app//org.apache.hadoop.ipc.CallQueueManager.take(CallQueueManager.java:317)
        at app//org.apache.hadoop.ipc.Server$Handler.run(Server.java:3014)
"IPC Server handler 9 on default port 15170" daemon prio=5 tid=5661 timed_waiting
java.lang.Thread.State: TIMED_WAITING
        at java.base@17.0.11/jdk.internal.misc.Unsafe.park(Native Method)
        at java.base@17.0.11/java.util.concurrent.locks.LockSupport.parkNanos(LockSupport.java:252)
        at java.base@17.0.11/java.util.concurrent.locks.AbstractQueuedSynchronizer$ConditionObject.awaitNanos(AbstractQueuedSynchronizer.java:1674)
        at java.base@17.0.11/java.util.concurrent.LinkedBlockingQueue.poll(LinkedBlockingQueue.java:460)
        at app//org.apache.hadoop.ipc.CallQueueManager.take(CallQueueManager.java:317)
        at app//org.apache.hadoop.ipc.Server$Handler.run(Server.java:3014)
"IPC Server handler 69 on default port 15172" daemon prio=5 tid=5921 timed_waiting
java.lang.Thread.State: TIMED_WAITING
        at java.base@17.0.11/jdk.internal.misc.Unsafe.park(Native Method)
        at java.base@17.0.11/java.util.concurrent.locks.LockSupport.parkNanos(LockSupport.java:252)
        at java.base@17.0.11/java.util.concurrent.locks.AbstractQueuedSynchronizer$ConditionObject.awaitNanos(AbstractQueuedSynchronizer.java:1674)
        at java.base@17.0.11/java.util.concurrent.LinkedBlockingQueue.poll(LinkedBlockingQueue.java:460)
        at app//org.apache.hadoop.ipc.CallQueueManager.take(CallQueueManager.java:317)
        at app//org.apache.hadoop.ipc.Server$Handler.run(Server.java:3014)
"IPC Server handler 46 on default port 15170" daemon prio=5 tid=5698 timed_waiting
java.lang.Thread.State: TIMED_WAITING
        at java.base@17.0.11/jdk.internal.misc.Unsafe.park(Native Method)
        at java.base@17.0.11/java.util.concurrent.locks.LockSupport.parkNanos(LockSupport.java:252)
        at java.base@17.0.11/java.util.concurrent.locks.AbstractQueuedSynchronizer$ConditionObject.awaitNanos(AbstractQueuedSynchronizer.java:1674)
        at java.base@17.0.11/java.util.concurrent.LinkedBlockingQueue.poll(LinkedBlockingQueue.java:460)
        at app//org.apache.hadoop.ipc.CallQueueManager.take(CallQueueManager.java:317)
        at app//org.apache.hadoop.ipc.Server$Handler.run(Server.java:3014)
"IPC Client (597410879) connection to 0.0.0.0/0.0.0.0:15172 from runner" daemon prio=5 tid=6056 timed_waiting
java.lang.Thread.State: TIMED_WAITING
        at java.base@17.0.11/java.lang.Object.wait(Native Method)
        at app//org.apache.hadoop.ipc.Client$Connection.waitForWork(Client.java:1026)
        at app//org.apache.hadoop.ipc.Client$Connection.run(Client.java:1077)
"IPC Server handler 87 on default port 15170" daemon prio=5 tid=5739 timed_waiting
java.lang.Thread.State: TIMED_WAITING
        at java.base@17.0.11/jdk.internal.misc.Unsafe.park(Native Method)
        at java.base@17.0.11/java.util.concurrent.locks.LockSupport.parkNanos(LockSupport.java:252)
        at java.base@17.0.11/java.util.concurrent.locks.AbstractQueuedSynchronizer$ConditionObject.awaitNanos(AbstractQueuedSynchronizer.java:1674)
        at java.base@17.0.11/java.util.concurrent.LinkedBlockingQueue.poll(LinkedBlockingQueue.java:460)
        at app//org.apache.hadoop.ipc.CallQueueManager.take(CallQueueManager.java:317)
        at app//org.apache.hadoop.ipc.Server$Handler.run(Server.java:3014)
"Session-HouseKeeper-781e2388-1"  prio=5 tid=6038 timed_waiting
java.lang.Thread.State: TIMED_WAITING
        at java.base@17.0.11/jdk.internal.misc.Unsafe.park(Native Method)
        at java.base@17.0.11/java.util.concurrent.locks.LockSupport.parkNanos(LockSupport.java:252)
        at java.base@17.0.11/java.util.concurrent.locks.AbstractQueuedSynchronizer$ConditionObject.awaitNanos(AbstractQueuedSynchronizer.java:1674)
        at java.base@17.0.11/java.util.concurrent.ScheduledThreadPoolExecutor$DelayedWorkQueue.take(ScheduledThreadPoolExecutor.java:1182)
        at java.base@17.0.11/java.util.concurrent.ScheduledThreadPoolExecutor$DelayedWorkQueue.take(ScheduledThreadPoolExecutor.java:899)
        at java.base@17.0.11/java.util.concurrent.ThreadPoolExecutor.getTask(ThreadPoolExecutor.java:1062)
        at java.base@17.0.11/java.util.concurrent.ThreadPoolExecutor.runWorker(ThreadPoolExecutor.java:1122)
        at java.base@17.0.11/java.util.concurrent.ThreadPoolExecutor$Worker.run(ThreadPoolExecutor.java:635)
        at java.base@17.0.11/java.lang.Thread.run(Thread.java:840)
"IPC Server handler 25 on default port 15170" daemon prio=5 tid=5677 timed_waiting
java.lang.Thread.State: TIMED_WAITING
        at java.base@17.0.11/jdk.internal.misc.Unsafe.park(Native Method)
        at java.base@17.0.11/java.util.concurrent.locks.LockSupport.parkNanos(LockSupport.java:252)
        at java.base@17.0.11/java.util.concurrent.locks.AbstractQueuedSynchronizer$ConditionObject.awaitNanos(AbstractQueuedSynchronizer.java:1674)
        at java.base@17.0.11/java.util.concurrent.LinkedBlockingQueue.poll(LinkedBlockingQueue.java:460)
        at app//org.apache.hadoop.ipc.CallQueueManager.take(CallQueueManager.java:317)
        at app//org.apache.hadoop.ipc.Server$Handler.run(Server.java:3014)
"EventQueue-OpenPipelineForHealthyPipelineSafeModeRule" daemon prio=5 tid=6083 in Object.wait()
java.lang.Thread.State: WAITING (on object monitor)
        at java.base@17.0.11/jdk.internal.misc.Unsafe.park(Native Method)
        at java.base@17.0.11/java.util.concurrent.locks.LockSupport.park(LockSupport.java:341)
        at java.base@17.0.11/java.util.concurrent.locks.AbstractQueuedSynchronizer$ConditionNode.block(AbstractQueuedSynchronizer.java:506)
        at java.base@17.0.11/java.util.concurrent.ForkJoinPool.unmanagedBlock(ForkJoinPool.java:3465)
        at java.base@17.0.11/java.util.concurrent.ForkJoinPool.managedBlock(ForkJoinPool.java:3436)
        at java.base@17.0.11/java.util.concurrent.locks.AbstractQueuedSynchronizer$ConditionObject.await(AbstractQueuedSynchronizer.java:1625)
        at java.base@17.0.11/java.util.concurrent.LinkedBlockingQueue.take(LinkedBlockingQueue.java:435)
        at java.base@17.0.11/java.util.concurrent.ThreadPoolExecutor.getTask(ThreadPoolExecutor.java:1062)
        at java.base@17.0.11/java.util.concurrent.ThreadPoolExecutor.runWorker(ThreadPoolExecutor.java:1122)
        at java.base@17.0.11/java.util.concurrent.ThreadPoolExecutor$Worker.run(ThreadPoolExecutor.java:635)
        at java.base@17.0.11/java.lang.Thread.run(Thread.java:840)
"FullTableCache-Cleanup-0" daemon prio=5 tid=2268 in Object.wait()
java.lang.Thread.State: WAITING (on object monitor)
        at java.base@17.0.11/jdk.internal.misc.Unsafe.park(Native Method)
        at java.base@17.0.11/java.util.concurrent.locks.LockSupport.park(LockSupport.java:341)
        at java.base@17.0.11/java.util.concurrent.locks.AbstractQueuedSynchronizer$ConditionNode.block(AbstractQueuedSynchronizer.java:506)
        at java.base@17.0.11/java.util.concurrent.ForkJoinPool.unmanagedBlock(ForkJoinPool.java:3465)
        at java.base@17.0.11/java.util.concurrent.ForkJoinPool.managedBlock(ForkJoinPool.java:3436)
        at java.base@17.0.11/java.util.concurrent.locks.AbstractQueuedSynchronizer$ConditionObject.await(AbstractQueuedSynchronizer.java:1625)
        at java.base@17.0.11/java.util.concurrent.LinkedBlockingQueue.take(LinkedBlockingQueue.java:435)
        at java.base@17.0.11/java.util.concurrent.ThreadPoolExecutor.getTask(ThreadPoolExecutor.java:1062)
        at java.base@17.0.11/java.util.concurrent.ThreadPoolExecutor.runWorker(ThreadPoolExecutor.java:1122)
        at java.base@17.0.11/java.util.concurrent.ThreadPoolExecutor$Worker.run(ThreadPoolExecutor.java:635)
        at java.base@17.0.11/java.lang.Thread.run(Thread.java:840)
"IPC Server handler 90 on default port 15172" daemon prio=5 tid=5942 timed_waiting
java.lang.Thread.State: TIMED_WAITING
        at java.base@17.0.11/jdk.internal.misc.Unsafe.park(Native Method)
        at java.base@17.0.11/java.util.concurrent.locks.LockSupport.parkNanos(LockSupport.java:252)
        at java.base@17.0.11/java.util.concurrent.locks.AbstractQueuedSynchronizer$ConditionObject.awaitNanos(AbstractQueuedSynchronizer.java:1674)
        at java.base@17.0.11/java.util.concurrent.LinkedBlockingQueue.poll(LinkedBlockingQueue.java:460)
        at app//org.apache.hadoop.ipc.CallQueueManager.take(CallQueueManager.java:317)
        at app//org.apache.hadoop.ipc.Server$Handler.run(Server.java:3014)
"IPC Server handler 39 on default port 15172" daemon prio=5 tid=5891 timed_waiting
java.lang.Thread.State: TIMED_WAITING
        at java.base@17.0.11/jdk.internal.misc.Unsafe.park(Native Method)
        at java.base@17.0.11/java.util.concurrent.locks.LockSupport.parkNanos(LockSupport.java:252)
        at java.base@17.0.11/java.util.concurrent.locks.AbstractQueuedSynchronizer$ConditionObject.awaitNanos(AbstractQueuedSynchronizer.java:1674)
        at java.base@17.0.11/java.util.concurrent.LinkedBlockingQueue.poll(LinkedBlockingQueue.java:460)
        at app//org.apache.hadoop.ipc.CallQueueManager.take(CallQueueManager.java:317)
        at app//org.apache.hadoop.ipc.Server$Handler.run(Server.java:3014)
"IPC Server listener on 15174" daemon prio=5 tid=5973 runnable
java.lang.Thread.State: RUNNABLE
        at java.base@17.0.11/sun.nio.ch.EPoll.wait(Native Method)
        at java.base@17.0.11/sun.nio.ch.EPollSelectorImpl.doSelect(EPollSelectorImpl.java:118)
        at java.base@17.0.11/sun.nio.ch.SelectorImpl.lockAndDoSelect(SelectorImpl.java:129)
        at java.base@17.0.11/sun.nio.ch.SelectorImpl.select(SelectorImpl.java:146)
        at app//org.apache.hadoop.ipc.Server$Listener.run(Server.java:1408)
"IPC Server handler 73 on default port 15171" daemon prio=5 tid=5825 timed_waiting
java.lang.Thread.State: TIMED_WAITING
        at java.base@17.0.11/jdk.internal.misc.Unsafe.park(Native Method)
        at java.base@17.0.11/java.util.concurrent.locks.LockSupport.parkNanos(LockSupport.java:252)
        at java.base@17.0.11/java.util.concurrent.locks.AbstractQueuedSynchronizer$ConditionObject.awaitNanos(AbstractQueuedSynchronizer.java:1674)
        at java.base@17.0.11/java.util.concurrent.LinkedBlockingQueue.poll(LinkedBlockingQueue.java:460)
        at app//org.apache.hadoop.ipc.CallQueueManager.take(CallQueueManager.java:317)
        at app//org.apache.hadoop.ipc.Server$Handler.run(Server.java:3014)
"grpc-default-worker-ELG-23-1" daemon prio=5 tid=6093 runnable
java.lang.Thread.State: RUNNABLE
        at app//org.apache.ratis.thirdparty.io.netty.channel.epoll.Native.epollWait(Native Method)
        at app//org.apache.ratis.thirdparty.io.netty.channel.epoll.Native.epollWait(Native.java:209)
        at app//org.apache.ratis.thirdparty.io.netty.channel.epoll.Native.epollWait(Native.java:202)
        at app//org.apache.ratis.thirdparty.io.netty.channel.epoll.EpollEventLoop.epollWaitNoTimerChange(EpollEventLoop.java:316)
        at app//org.apache.ratis.thirdparty.io.netty.channel.epoll.EpollEventLoop.run(EpollEventLoop.java:373)
        at app//org.apache.ratis.thirdparty.io.netty.util.concurrent.SingleThreadEventExecutor$4.run(SingleThreadEventExecutor.java:997)
        at app//org.apache.ratis.thirdparty.io.netty.util.internal.ThreadExecutorMap$2.run(ThreadExecutorMap.java:74)
        at app//org.apache.ratis.thirdparty.io.netty.util.concurrent.FastThreadLocalRunnable.run(FastThreadLocalRunnable.java:30)
        at java.base@17.0.11/java.lang.Thread.run(Thread.java:840)
"IPC Server handler 49 on default port 15170" daemon prio=5 tid=5701 timed_waiting
java.lang.Thread.State: TIMED_WAITING
        at java.base@17.0.11/jdk.internal.misc.Unsafe.park(Native Method)
        at java.base@17.0.11/java.util.concurrent.locks.LockSupport.parkNanos(LockSupport.java:252)
        at java.base@17.0.11/java.util.concurrent.locks.AbstractQueuedSynchronizer$ConditionObject.awaitNanos(AbstractQueuedSynchronizer.java:1674)
        at java.base@17.0.11/java.util.concurrent.LinkedBlockingQueue.poll(LinkedBlockingQueue.java:460)
        at app//org.apache.hadoop.ipc.CallQueueManager.take(CallQueueManager.java:317)
        at app//org.apache.hadoop.ipc.Server$Handler.run(Server.java:3014)
"IPC Server handler 42 on default port 15170" daemon prio=5 tid=5694 timed_waiting
java.lang.Thread.State: TIMED_WAITING
        at java.base@17.0.11/jdk.internal.misc.Unsafe.park(Native Method)
        at java.base@17.0.11/java.util.concurrent.locks.LockSupport.parkNanos(LockSupport.java:252)
        at java.base@17.0.11/java.util.concurrent.locks.AbstractQueuedSynchronizer$ConditionObject.awaitNanos(AbstractQueuedSynchronizer.java:1674)
        at java.base@17.0.11/java.util.concurrent.LinkedBlockingQueue.poll(LinkedBlockingQueue.java:460)
        at app//org.apache.hadoop.ipc.CallQueueManager.take(CallQueueManager.java:317)
        at app//org.apache.hadoop.ipc.Server$Handler.run(Server.java:3014)
"IPC Server handler 30 on default port 15172" daemon prio=5 tid=5882 timed_waiting
java.lang.Thread.State: TIMED_WAITING
        at java.base@17.0.11/jdk.internal.misc.Unsafe.park(Native Method)
        at java.base@17.0.11/java.util.concurrent.locks.LockSupport.parkNanos(LockSupport.java:252)
        at java.base@17.0.11/java.util.concurrent.locks.AbstractQueuedSynchronizer$ConditionObject.awaitNanos(AbstractQueuedSynchronizer.java:1674)
        at java.base@17.0.11/java.util.concurrent.LinkedBlockingQueue.poll(LinkedBlockingQueue.java:460)
        at app//org.apache.hadoop.ipc.CallQueueManager.take(CallQueueManager.java:317)
        at app//org.apache.hadoop.ipc.Server$Handler.run(Server.java:3014)
"qtp830475910-5998-acceptor-0@21d5fbc9-ServerConnector@6d237951{HTTP/1.1, (http/1.1)}{0.0.0.0:15175}" daemon prio=3 tid=5998 runnable
java.lang.Thread.State: RUNNABLE
        at java.base@17.0.11/sun.nio.ch.Net.accept(Native Method)
        at java.base@17.0.11/sun.nio.ch.ServerSocketChannelImpl.implAccept(ServerSocketChannelImpl.java:425)
        at java.base@17.0.11/sun.nio.ch.ServerSocketChannelImpl.accept(ServerSocketChannelImpl.java:391)
        at app//org.eclipse.jetty.server.ServerConnector.accept(ServerConnector.java:388)
        at app//org.eclipse.jetty.server.AbstractConnector$Acceptor.run(AbstractConnector.java:704)
        at app//org.eclipse.jetty.util.thread.QueuedThreadPool.runJob(QueuedThreadPool.java:883)
        at app//org.eclipse.jetty.util.thread.QueuedThreadPool$Runner.run(QueuedThreadPool.java:1034)
        at java.base@17.0.11/java.lang.Thread.run(Thread.java:840)
"IPC Server handler 84 on default port 15170" daemon prio=5 tid=5736 timed_waiting
java.lang.Thread.State: TIMED_WAITING
        at java.base@17.0.11/jdk.internal.misc.Unsafe.park(Native Method)
        at java.base@17.0.11/java.util.concurrent.locks.LockSupport.parkNanos(LockSupport.java:252)
        at java.base@17.0.11/java.util.concurrent.locks.AbstractQueuedSynchronizer$ConditionObject.awaitNanos(AbstractQueuedSynchronizer.java:1674)
        at java.base@17.0.11/java.util.concurrent.LinkedBlockingQueue.poll(LinkedBlockingQueue.java:460)
        at app//org.apache.hadoop.ipc.CallQueueManager.take(CallQueueManager.java:317)
        at app//org.apache.hadoop.ipc.Server$Handler.run(Server.java:3014)
"IPC Server handler 10 on default port 15170" daemon prio=5 tid=5662 timed_waiting
java.lang.Thread.State: TIMED_WAITING
        at java.base@17.0.11/jdk.internal.misc.Unsafe.park(Native Method)
        at java.base@17.0.11/java.util.concurrent.locks.LockSupport.parkNanos(LockSupport.java:252)
        at java.base@17.0.11/java.util.concurrent.locks.AbstractQueuedSynchronizer$ConditionObject.awaitNanos(AbstractQueuedSynchronizer.java:1674)
        at java.base@17.0.11/java.util.concurrent.LinkedBlockingQueue.poll(LinkedBlockingQueue.java:460)
        at app//org.apache.hadoop.ipc.CallQueueManager.take(CallQueueManager.java:317)
        at app//org.apache.hadoop.ipc.Server$Handler.run(Server.java:3014)
"IPC Server handler 26 on default port 15170" daemon prio=5 tid=5678 timed_waiting
java.lang.Thread.State: TIMED_WAITING
        at java.base@17.0.11/jdk.internal.misc.Unsafe.park(Native Method)
        at java.base@17.0.11/java.util.concurrent.locks.LockSupport.parkNanos(LockSupport.java:252)
        at java.base@17.0.11/java.util.concurrent.locks.AbstractQueuedSynchronizer$ConditionObject.awaitNanos(AbstractQueuedSynchronizer.java:1674)
        at java.base@17.0.11/java.util.concurrent.LinkedBlockingQueue.poll(LinkedBlockingQueue.java:460)
        at app//org.apache.hadoop.ipc.CallQueueManager.take(CallQueueManager.java:317)
        at app//org.apache.hadoop.ipc.Server$Handler.run(Server.java:3014)
"Hadoop-Metrics-Updater-0" daemon prio=5 tid=5629 timed_waiting
java.lang.Thread.State: TIMED_WAITING
        at java.base@17.0.11/jdk.internal.misc.Unsafe.park(Native Method)
        at java.base@17.0.11/java.util.concurrent.locks.LockSupport.parkNanos(LockSupport.java:252)
        at java.base@17.0.11/java.util.concurrent.locks.AbstractQueuedSynchronizer$ConditionObject.awaitNanos(AbstractQueuedSynchronizer.java:1674)
        at java.base@17.0.11/java.util.concurrent.ScheduledThreadPoolExecutor$DelayedWorkQueue.take(ScheduledThreadPoolExecutor.java:1182)
        at java.base@17.0.11/java.util.concurrent.ScheduledThreadPoolExecutor$DelayedWorkQueue.take(ScheduledThreadPoolExecutor.java:899)
        at java.base@17.0.11/java.util.concurrent.ThreadPoolExecutor.getTask(ThreadPoolExecutor.java:1062)
        at java.base@17.0.11/java.util.concurrent.ThreadPoolExecutor.runWorker(ThreadPoolExecutor.java:1122)
        at java.base@17.0.11/java.util.concurrent.ThreadPoolExecutor$Worker.run(ThreadPoolExecutor.java:635)
        at java.base@17.0.11/java.lang.Thread.run(Thread.java:840)
"IPC Server handler 22 on default port 15171" daemon prio=5 tid=5774 timed_waiting
java.lang.Thread.State: TIMED_WAITING
        at java.base@17.0.11/jdk.internal.misc.Unsafe.park(Native Method)
        at java.base@17.0.11/java.util.concurrent.locks.LockSupport.parkNanos(LockSupport.java:252)
        at java.base@17.0.11/java.util.concurrent.locks.AbstractQueuedSynchronizer$ConditionObject.awaitNanos(AbstractQueuedSynchronizer.java:1674)
        at java.base@17.0.11/java.util.concurrent.LinkedBlockingQueue.poll(LinkedBlockingQueue.java:460)
        at app//org.apache.hadoop.ipc.CallQueueManager.take(CallQueueManager.java:317)
        at app//org.apache.hadoop.ipc.Server$Handler.run(Server.java:3014)
"EventQueue-NewNodeForNewNodeHandler" daemon prio=5 tid=6074 in Object.wait()
java.lang.Thread.State: WAITING (on object monitor)
        at java.base@17.0.11/jdk.internal.misc.Unsafe.park(Native Method)
        at java.base@17.0.11/java.util.concurrent.locks.LockSupport.park(LockSupport.java:341)
        at java.base@17.0.11/java.util.concurrent.locks.AbstractQueuedSynchronizer$ConditionNode.block(AbstractQueuedSynchronizer.java:506)
        at java.base@17.0.11/java.util.concurrent.ForkJoinPool.unmanagedBlock(ForkJoinPool.java:3465)
        at java.base@17.0.11/java.util.concurrent.ForkJoinPool.managedBlock(ForkJoinPool.java:3436)
        at java.base@17.0.11/java.util.concurrent.locks.AbstractQueuedSynchronizer$ConditionObject.await(AbstractQueuedSynchronizer.java:1625)
        at java.base@17.0.11/java.util.concurrent.LinkedBlockingQueue.take(LinkedBlockingQueue.java:435)
        at java.base@17.0.11/java.util.concurrent.ThreadPoolExecutor.getTask(ThreadPoolExecutor.java:1062)
        at java.base@17.0.11/java.util.concurrent.ThreadPoolExecutor.runWorker(ThreadPoolExecutor.java:1122)
        at java.base@17.0.11/java.util.concurrent.ThreadPoolExecutor$Worker.run(ThreadPoolExecutor.java:635)
        at java.base@17.0.11/java.lang.Thread.run(Thread.java:840)
"IPC Server handler 4 on default port 15174" daemon prio=5 tid=6009 timed_waiting
java.lang.Thread.State: TIMED_WAITING
        at java.base@17.0.11/jdk.internal.misc.Unsafe.park(Native Method)
        at java.base@17.0.11/java.util.concurrent.locks.LockSupport.parkNanos(LockSupport.java:252)
        at java.base@17.0.11/java.util.concurrent.locks.AbstractQueuedSynchronizer$ConditionObject.awaitNanos(AbstractQueuedSynchronizer.java:1674)
        at java.base@17.0.11/java.util.concurrent.LinkedBlockingQueue.poll(LinkedBlockingQueue.java:460)
        at app//org.apache.hadoop.ipc.CallQueueManager.take(CallQueueManager.java:317)
        at app//org.apache.hadoop.ipc.Server$Handler.run(Server.java:3014)
"IPC Server handler 89 on default port 15171" daemon prio=5 tid=5841 timed_waiting
java.lang.Thread.State: TIMED_WAITING
        at java.base@17.0.11/jdk.internal.misc.Unsafe.park(Native Method)
        at java.base@17.0.11/java.util.concurrent.locks.LockSupport.parkNanos(LockSupport.java:252)
        at java.base@17.0.11/java.util.concurrent.locks.AbstractQueuedSynchronizer$ConditionObject.awaitNanos(AbstractQueuedSynchronizer.java:1674)
        at java.base@17.0.11/java.util.concurrent.LinkedBlockingQueue.poll(LinkedBlockingQueue.java:460)
        at app//org.apache.hadoop.ipc.CallQueueManager.take(CallQueueManager.java:317)
        at app//org.apache.hadoop.ipc.Server$Handler.run(Server.java:3014)
"IPC Server handler 28 on default port 15171" daemon prio=5 tid=5780 timed_waiting
java.lang.Thread.State: TIMED_WAITING
        at java.base@17.0.11/jdk.internal.misc.Unsafe.park(Native Method)
        at java.base@17.0.11/java.util.concurrent.locks.LockSupport.parkNanos(LockSupport.java:252)
        at java.base@17.0.11/java.util.concurrent.locks.AbstractQueuedSynchronizer$ConditionObject.awaitNanos(AbstractQueuedSynchronizer.java:1674)
        at java.base@17.0.11/java.util.concurrent.LinkedBlockingQueue.poll(LinkedBlockingQueue.java:460)
        at app//org.apache.hadoop.ipc.CallQueueManager.take(CallQueueManager.java:317)
        at app//org.apache.hadoop.ipc.Server$Handler.run(Server.java:3014)
"IPC Server handler 24 on default port 15170" daemon prio=5 tid=5676 timed_waiting
java.lang.Thread.State: TIMED_WAITING
        at java.base@17.0.11/jdk.internal.misc.Unsafe.park(Native Method)
        at java.base@17.0.11/java.util.concurrent.locks.LockSupport.parkNanos(LockSupport.java:252)
        at java.base@17.0.11/java.util.concurrent.locks.AbstractQueuedSynchronizer$ConditionObject.awaitNanos(AbstractQueuedSynchronizer.java:1674)
        at java.base@17.0.11/java.util.concurrent.LinkedBlockingQueue.poll(LinkedBlockingQueue.java:460)
        at app//org.apache.hadoop.ipc.CallQueueManager.take(CallQueueManager.java:317)
        at app//org.apache.hadoop.ipc.Server$Handler.run(Server.java:3014)
"IPC Server handler 41 on default port 15170" daemon prio=5 tid=5693 timed_waiting
java.lang.Thread.State: TIMED_WAITING
        at java.base@17.0.11/jdk.internal.misc.Unsafe.park(Native Method)
        at java.base@17.0.11/java.util.concurrent.locks.LockSupport.parkNanos(LockSupport.java:252)
        at java.base@17.0.11/java.util.concurrent.locks.AbstractQueuedSynchronizer$ConditionObject.awaitNanos(AbstractQueuedSynchronizer.java:1674)
        at java.base@17.0.11/java.util.concurrent.LinkedBlockingQueue.poll(LinkedBlockingQueue.java:460)
        at app//org.apache.hadoop.ipc.CallQueueManager.take(CallQueueManager.java:317)
        at app//org.apache.hadoop.ipc.Server$Handler.run(Server.java:3014)
"IPC Server handler 5 on default port 15172" daemon prio=5 tid=5857 timed_waiting
java.lang.Thread.State: TIMED_WAITING
        at java.base@17.0.11/jdk.internal.misc.Unsafe.park(Native Method)
        at java.base@17.0.11/java.util.concurrent.locks.LockSupport.parkNanos(LockSupport.java:252)
        at java.base@17.0.11/java.util.concurrent.locks.AbstractQueuedSynchronizer$ConditionObject.awaitNanos(AbstractQueuedSynchronizer.java:1674)
        at java.base@17.0.11/java.util.concurrent.LinkedBlockingQueue.poll(LinkedBlockingQueue.java:460)
        at app//org.apache.hadoop.ipc.CallQueueManager.take(CallQueueManager.java:317)
        at app//org.apache.hadoop.ipc.Server$Handler.run(Server.java:3014)
"grpc-default-executor-1" daemon prio=5 tid=6095 timed_waiting
java.lang.Thread.State: TIMED_WAITING
        at java.base@17.0.11/jdk.internal.misc.Unsafe.park(Native Method)
        at java.base@17.0.11/java.util.concurrent.locks.LockSupport.parkNanos(LockSupport.java:252)
        at java.base@17.0.11/java.util.concurrent.SynchronousQueue$TransferStack.transfer(SynchronousQueue.java:401)
        at java.base@17.0.11/java.util.concurrent.SynchronousQueue.poll(SynchronousQueue.java:903)
        at java.base@17.0.11/java.util.concurrent.ThreadPoolExecutor.getTask(ThreadPoolExecutor.java:1061)
        at java.base@17.0.11/java.util.concurrent.ThreadPoolExecutor.runWorker(ThreadPoolExecutor.java:1122)
        at java.base@17.0.11/java.util.concurrent.ThreadPoolExecutor$Worker.run(ThreadPoolExecutor.java:635)
        at java.base@17.0.11/java.lang.Thread.run(Thread.java:840)
"ForkJoinPool.commonPool-worker-2" daemon prio=5 tid=23 timed_waiting
java.lang.Thread.State: TIMED_WAITING
        at java.base@17.0.11/jdk.internal.misc.Unsafe.park(Native Method)
        at java.base@17.0.11/java.util.concurrent.locks.LockSupport.parkUntil(LockSupport.java:410)
        at java.base@17.0.11/java.util.concurrent.ForkJoinPool.awaitWork(ForkJoinPool.java:1726)
        at java.base@17.0.11/java.util.concurrent.ForkJoinPool.runWorker(ForkJoinPool.java:1623)
        at java.base@17.0.11/java.util.concurrent.ForkJoinWorkerThread.run(ForkJoinWorkerThread.java:165)
"IPC Server handler 85 on default port 15172" daemon prio=5 tid=5937 timed_waiting
java.lang.Thread.State: TIMED_WAITING
        at java.base@17.0.11/jdk.internal.misc.Unsafe.park(Native Method)
        at java.base@17.0.11/java.util.concurrent.locks.LockSupport.parkNanos(LockSupport.java:252)
        at java.base@17.0.11/java.util.concurrent.locks.AbstractQueuedSynchronizer$ConditionObject.awaitNanos(AbstractQueuedSynchronizer.java:1674)
        at java.base@17.0.11/java.util.concurrent.LinkedBlockingQueue.poll(LinkedBlockingQueue.java:460)
        at app//org.apache.hadoop.ipc.CallQueueManager.take(CallQueueManager.java:317)
        at app//org.apache.hadoop.ipc.Server$Handler.run(Server.java:3014)
"MutableQuantiles-0" daemon prio=5 tid=440 timed_waiting
java.lang.Thread.State: TIMED_WAITING
        at java.base@17.0.11/jdk.internal.misc.Unsafe.park(Native Method)
        at java.base@17.0.11/java.util.concurrent.locks.LockSupport.parkNanos(LockSupport.java:252)
        at java.base@17.0.11/java.util.concurrent.locks.AbstractQueuedSynchronizer$ConditionObject.awaitNanos(AbstractQueuedSynchronizer.java:1674)
        at java.base@17.0.11/java.util.concurrent.ScheduledThreadPoolExecutor$DelayedWorkQueue.take(ScheduledThreadPoolExecutor.java:1182)
        at java.base@17.0.11/java.util.concurrent.ScheduledThreadPoolExecutor$DelayedWorkQueue.take(ScheduledThreadPoolExecutor.java:899)
        at java.base@17.0.11/java.util.concurrent.ThreadPoolExecutor.getTask(ThreadPoolExecutor.java:1062)
        at java.base@17.0.11/java.util.concurrent.ThreadPoolExecutor.runWorker(ThreadPoolExecutor.java:1122)
        at java.base@17.0.11/java.util.concurrent.ThreadPoolExecutor$Worker.run(ThreadPoolExecutor.java:635)
        at java.base@17.0.11/java.lang.Thread.run(Thread.java:840)
"ReplicationMonitor" daemon prio=5 tid=5621 timed_waiting
java.lang.Thread.State: TIMED_WAITING
        at java.base@17.0.11/java.lang.Object.wait(Native Method)
        at app//org.apache.hadoop.hdds.scm.container.replication.ReplicationManager.run(ReplicationManager.java:934)
        at app//org.apache.hadoop.hdds.scm.container.replication.ReplicationManager$$Lambda$806/0x00007f07fc3c2990.run(Unknown Source)
        at java.base@17.0.11/java.lang.Thread.run(Thread.java:840)
"EventQueue-DatanodeCommandForSCMNodeManager"  prio=5 tid=6078 in Object.wait()
java.lang.Thread.State: WAITING (on object monitor)
        at java.base@17.0.11/jdk.internal.misc.Unsafe.park(Native Method)
        at java.base@17.0.11/java.util.concurrent.locks.LockSupport.park(LockSupport.java:341)
        at java.base@17.0.11/java.util.concurrent.locks.AbstractQueuedSynchronizer$ConditionNode.block(AbstractQueuedSynchronizer.java:506)
        at java.base@17.0.11/java.util.concurrent.ForkJoinPool.unmanagedBlock(ForkJoinPool.java:3465)
        at java.base@17.0.11/java.util.concurrent.ForkJoinPool.managedBlock(ForkJoinPool.java:3436)
        at java.base@17.0.11/java.util.concurrent.locks.AbstractQueuedSynchronizer$ConditionObject.await(AbstractQueuedSynchronizer.java:1625)
        at java.base@17.0.11/java.util.concurrent.LinkedBlockingQueue.take(LinkedBlockingQueue.java:435)
        at java.base@17.0.11/java.util.concurrent.ThreadPoolExecutor.getTask(ThreadPoolExecutor.java:1062)
        at java.base@17.0.11/java.util.concurrent.ThreadPoolExecutor.runWorker(ThreadPoolExecutor.java:1122)
        at java.base@17.0.11/java.util.concurrent.ThreadPoolExecutor$Worker.run(ThreadPoolExecutor.java:635)
        at java.base@17.0.11/java.lang.Thread.run(Thread.java:840)
"IPC Server handler 34 on default port 15172" daemon prio=5 tid=5886 timed_waiting
java.lang.Thread.State: TIMED_WAITING
        at java.base@17.0.11/jdk.internal.misc.Unsafe.park(Native Method)
        at java.base@17.0.11/java.util.concurrent.locks.LockSupport.parkNanos(LockSupport.java:252)
        at java.base@17.0.11/java.util.concurrent.locks.AbstractQueuedSynchronizer$ConditionObject.awaitNanos(AbstractQueuedSynchronizer.java:1674)
        at java.base@17.0.11/java.util.concurrent.LinkedBlockingQueue.poll(LinkedBlockingQueue.java:460)
        at app//org.apache.hadoop.ipc.CallQueueManager.take(CallQueueManager.java:317)
        at app//org.apache.hadoop.ipc.Server$Handler.run(Server.java:3014)
"Notification Thread" daemon prio=9 tid=13 runnable
java.lang.Thread.State: RUNNABLE
"IPC Server handler 85 on default port 15170" daemon prio=5 tid=5737 timed_waiting
java.lang.Thread.State: TIMED_WAITING
        at java.base@17.0.11/jdk.internal.misc.Unsafe.park(Native Method)
        at java.base@17.0.11/java.util.concurrent.locks.LockSupport.parkNanos(LockSupport.java:252)
        at java.base@17.0.11/java.util.concurrent.locks.AbstractQueuedSynchronizer$ConditionObject.awaitNanos(AbstractQueuedSynchronizer.java:1674)
        at java.base@17.0.11/java.util.concurrent.LinkedBlockingQueue.poll(LinkedBlockingQueue.java:460)
        at app//org.apache.hadoop.ipc.CallQueueManager.take(CallQueueManager.java:317)
        at app//org.apache.hadoop.ipc.Server$Handler.run(Server.java:3014)
"FixedThreadPoolWithAffinityExecutor-2-0" daemon prio=5 tid=5642 timed_waiting
java.lang.Thread.State: TIMED_WAITING
        at java.base@17.0.11/jdk.internal.misc.Unsafe.park(Native Method)
        at java.base@17.0.11/java.util.concurrent.locks.LockSupport.parkNanos(LockSupport.java:252)
        at java.base@17.0.11/java.util.concurrent.locks.AbstractQueuedSynchronizer$ConditionObject.awaitNanos(AbstractQueuedSynchronizer.java:1674)
        at java.base@17.0.11/java.util.concurrent.LinkedBlockingQueue.poll(LinkedBlockingQueue.java:460)
        at app//org.apache.hadoop.hdds.scm.server.ContainerReportQueue.poll(ContainerReportQueue.java:269)
        at app//org.apache.hadoop.hdds.scm.server.ContainerReportQueue.poll(ContainerReportQueue.java:42)
        at app//org.apache.hadoop.hdds.server.events.FixedThreadPoolWithAffinityExecutor$ContainerReportProcessTask.run(FixedThreadPoolWithAffinityExecutor.java:253)
        at java.base@17.0.11/java.util.concurrent.Executors$RunnableAdapter.call(Executors.java:539)
        at java.base@17.0.11/java.util.concurrent.FutureTask.run(FutureTask.java:264)
        at java.base@17.0.11/java.util.concurrent.ThreadPoolExecutor.runWorker(ThreadPoolExecutor.java:1136)
        at java.base@17.0.11/java.util.concurrent.ThreadPoolExecutor$Worker.run(ThreadPoolExecutor.java:635)
        at java.base@17.0.11/java.lang.Thread.run(Thread.java:840)
"IPC Server handler 4 on default port 15171" daemon prio=5 tid=5756 timed_waiting
java.lang.Thread.State: TIMED_WAITING
        at java.base@17.0.11/jdk.internal.misc.Unsafe.park(Native Method)
        at java.base@17.0.11/java.util.concurrent.locks.LockSupport.parkNanos(LockSupport.java:252)
        at java.base@17.0.11/java.util.concurrent.locks.AbstractQueuedSynchronizer$ConditionObject.awaitNanos(AbstractQueuedSynchronizer.java:1674)
        at java.base@17.0.11/java.util.concurrent.LinkedBlockingQueue.poll(LinkedBlockingQueue.java:460)
        at app//org.apache.hadoop.ipc.CallQueueManager.take(CallQueueManager.java:317)
        at app//org.apache.hadoop.ipc.Server$Handler.run(Server.java:3014)
"IPC Server handler 93 on default port 15171" daemon prio=5 tid=5845 timed_waiting
java.lang.Thread.State: TIMED_WAITING
        at java.base@17.0.11/jdk.internal.misc.Unsafe.park(Native Method)
        at java.base@17.0.11/java.util.concurrent.locks.LockSupport.parkNanos(LockSupport.java:252)
        at java.base@17.0.11/java.util.concurrent.locks.AbstractQueuedSynchronizer$ConditionObject.awaitNanos(AbstractQueuedSynchronizer.java:1674)
        at java.base@17.0.11/java.util.concurrent.LinkedBlockingQueue.poll(LinkedBlockingQueue.java:460)
        at app//org.apache.hadoop.ipc.CallQueueManager.take(CallQueueManager.java:317)
        at app//org.apache.hadoop.ipc.Server$Handler.run(Server.java:3014)
"IPC Server handler 56 on default port 15172" daemon prio=5 tid=5908 timed_waiting
java.lang.Thread.State: TIMED_WAITING
        at java.base@17.0.11/jdk.internal.misc.Unsafe.park(Native Method)
        at java.base@17.0.11/java.util.concurrent.locks.LockSupport.parkNanos(LockSupport.java:252)
        at java.base@17.0.11/java.util.concurrent.locks.AbstractQueuedSynchronizer$ConditionObject.awaitNanos(AbstractQueuedSynchronizer.java:1674)
        at java.base@17.0.11/java.util.concurrent.LinkedBlockingQueue.poll(LinkedBlockingQueue.java:460)
        at app//org.apache.hadoop.ipc.CallQueueManager.take(CallQueueManager.java:317)
        at app//org.apache.hadoop.ipc.Server$Handler.run(Server.java:3014)
"IPC Server handler 63 on default port 15171" daemon prio=5 tid=5815 timed_waiting
java.lang.Thread.State: TIMED_WAITING
        at java.base@17.0.11/jdk.internal.misc.Unsafe.park(Native Method)
        at java.base@17.0.11/java.util.concurrent.locks.LockSupport.parkNanos(LockSupport.java:252)
        at java.base@17.0.11/java.util.concurrent.locks.AbstractQueuedSynchronizer$ConditionObject.awaitNanos(AbstractQueuedSynchronizer.java:1674)
        at java.base@17.0.11/java.util.concurrent.LinkedBlockingQueue.poll(LinkedBlockingQueue.java:460)
        at app//org.apache.hadoop.ipc.CallQueueManager.take(CallQueueManager.java:317)
        at app//org.apache.hadoop.ipc.Server$Handler.run(Server.java:3014)
"IPC Server handler 19 on default port 15172" daemon prio=5 tid=5871 timed_waiting
java.lang.Thread.State: TIMED_WAITING
        at java.base@17.0.11/jdk.internal.misc.Unsafe.park(Native Method)
        at java.base@17.0.11/java.util.concurrent.locks.LockSupport.parkNanos(LockSupport.java:252)
        at java.base@17.0.11/java.util.concurrent.locks.AbstractQueuedSynchronizer$ConditionObject.awaitNanos(AbstractQueuedSynchronizer.java:1674)
        at java.base@17.0.11/java.util.concurrent.LinkedBlockingQueue.poll(LinkedBlockingQueue.java:460)
        at app//org.apache.hadoop.ipc.CallQueueManager.take(CallQueueManager.java:317)
        at app//org.apache.hadoop.ipc.Server$Handler.run(Server.java:3014)
"IPC Server listener on 15170" daemon prio=5 tid=5635 runnable
java.lang.Thread.State: RUNNABLE
        at java.base@17.0.11/sun.nio.ch.EPoll.wait(Native Method)
        at java.base@17.0.11/sun.nio.ch.EPollSelectorImpl.doSelect(EPollSelectorImpl.java:118)
        at java.base@17.0.11/sun.nio.ch.SelectorImpl.lockAndDoSelect(SelectorImpl.java:129)
        at java.base@17.0.11/sun.nio.ch.SelectorImpl.select(SelectorImpl.java:146)
        at app//org.apache.hadoop.ipc.Server$Listener.run(Server.java:1408)
"IPC Server handler 1 on default port 15171" daemon prio=5 tid=5753 timed_waiting
java.lang.Thread.State: TIMED_WAITING
        at java.base@17.0.11/jdk.internal.misc.Unsafe.park(Native Method)
        at java.base@17.0.11/java.util.concurrent.locks.LockSupport.parkNanos(LockSupport.java:252)
        at java.base@17.0.11/java.util.concurrent.locks.AbstractQueuedSynchronizer$ConditionObject.awaitNanos(AbstractQueuedSynchronizer.java:1674)
        at java.base@17.0.11/java.util.concurrent.LinkedBlockingQueue.poll(LinkedBlockingQueue.java:460)
        at app//org.apache.hadoop.ipc.CallQueueManager.take(CallQueueManager.java:317)
        at app//org.apache.hadoop.ipc.Server$Handler.run(Server.java:3014)
"IPC Server handler 20 on default port 15172" daemon prio=5 tid=5872 timed_waiting
java.lang.Thread.State: TIMED_WAITING
        at java.base@17.0.11/jdk.internal.misc.Unsafe.park(Native Method)
        at java.base@17.0.11/java.util.concurrent.locks.LockSupport.parkNanos(LockSupport.java:252)
        at java.base@17.0.11/java.util.concurrent.locks.AbstractQueuedSynchronizer$ConditionObject.awaitNanos(AbstractQueuedSynchronizer.java:1674)
        at java.base@17.0.11/java.util.concurrent.LinkedBlockingQueue.poll(LinkedBlockingQueue.java:460)
        at app//org.apache.hadoop.ipc.CallQueueManager.take(CallQueueManager.java:317)
        at app//org.apache.hadoop.ipc.Server$Handler.run(Server.java:3014)
"IPC Server handler 47 on default port 15172" daemon prio=5 tid=5899 timed_waiting
java.lang.Thread.State: TIMED_WAITING
        at java.base@17.0.11/jdk.internal.misc.Unsafe.park(Native Method)
        at java.base@17.0.11/java.util.concurrent.locks.LockSupport.parkNanos(LockSupport.java:252)
        at java.base@17.0.11/java.util.concurrent.locks.AbstractQueuedSynchronizer$ConditionObject.awaitNanos(AbstractQueuedSynchronizer.java:1674)
        at java.base@17.0.11/java.util.concurrent.LinkedBlockingQueue.poll(LinkedBlockingQueue.java:460)
        at app//org.apache.hadoop.ipc.CallQueueManager.take(CallQueueManager.java:317)
        at app//org.apache.hadoop.ipc.Server$Handler.run(Server.java:3014)
"IPC Server handler 30 on default port 15171" daemon prio=5 tid=5782 timed_waiting
java.lang.Thread.State: TIMED_WAITING
        at java.base@17.0.11/jdk.internal.misc.Unsafe.park(Native Method)
        at java.base@17.0.11/java.util.concurrent.locks.LockSupport.parkNanos(LockSupport.java:252)
        at java.base@17.0.11/java.util.concurrent.locks.AbstractQueuedSynchronizer$ConditionObject.awaitNanos(AbstractQueuedSynchronizer.java:1674)
        at java.base@17.0.11/java.util.concurrent.LinkedBlockingQueue.poll(LinkedBlockingQueue.java:460)
        at app//org.apache.hadoop.ipc.CallQueueManager.take(CallQueueManager.java:317)
        at app//org.apache.hadoop.ipc.Server$Handler.run(Server.java:3014)
"IPC Server handler 30 on default port 15170" daemon prio=5 tid=5682 timed_waiting
java.lang.Thread.State: TIMED_WAITING
        at java.base@17.0.11/jdk.internal.misc.Unsafe.park(Native Method)
        at java.base@17.0.11/java.util.concurrent.locks.LockSupport.parkNanos(LockSupport.java:252)
        at java.base@17.0.11/java.util.concurrent.locks.AbstractQueuedSynchronizer$ConditionObject.awaitNanos(AbstractQueuedSynchronizer.java:1674)
        at java.base@17.0.11/java.util.concurrent.LinkedBlockingQueue.poll(LinkedBlockingQueue.java:460)
        at app//org.apache.hadoop.ipc.CallQueueManager.take(CallQueueManager.java:317)
        at app//org.apache.hadoop.ipc.Server$Handler.run(Server.java:3014)
"FixedThreadPoolWithAffinityExecutor-3-0" daemon prio=5 tid=5643 timed_waiting
java.lang.Thread.State: TIMED_WAITING
        at java.base@17.0.11/jdk.internal.misc.Unsafe.park(Native Method)
        at java.base@17.0.11/java.util.concurrent.locks.LockSupport.parkNanos(LockSupport.java:252)
        at java.base@17.0.11/java.util.concurrent.locks.AbstractQueuedSynchronizer$ConditionObject.awaitNanos(AbstractQueuedSynchronizer.java:1674)
        at java.base@17.0.11/java.util.concurrent.LinkedBlockingQueue.poll(LinkedBlockingQueue.java:460)
        at app//org.apache.hadoop.hdds.scm.server.ContainerReportQueue.poll(ContainerReportQueue.java:269)
        at app//org.apache.hadoop.hdds.scm.server.ContainerReportQueue.poll(ContainerReportQueue.java:42)
        at app//org.apache.hadoop.hdds.server.events.FixedThreadPoolWithAffinityExecutor$ContainerReportProcessTask.run(FixedThreadPoolWithAffinityExecutor.java:253)
        at java.base@17.0.11/java.util.concurrent.Executors$RunnableAdapter.call(Executors.java:539)
        at java.base@17.0.11/java.util.concurrent.FutureTask.run(FutureTask.java:264)
        at java.base@17.0.11/java.util.concurrent.ThreadPoolExecutor.runWorker(ThreadPoolExecutor.java:1136)
        at java.base@17.0.11/java.util.concurrent.ThreadPoolExecutor$Worker.run(ThreadPoolExecutor.java:635)
        at java.base@17.0.11/java.lang.Thread.run(Thread.java:840)
"IPC Server handler 99 on default port 15172" daemon prio=5 tid=5951 timed_waiting
java.lang.Thread.State: TIMED_WAITING
        at java.base@17.0.11/jdk.internal.misc.Unsafe.park(Native Method)
        at java.base@17.0.11/java.util.concurrent.locks.LockSupport.parkNanos(LockSupport.java:252)
        at java.base@17.0.11/java.util.concurrent.locks.AbstractQueuedSynchronizer$ConditionObject.awaitNanos(AbstractQueuedSynchronizer.java:1674)
        at java.base@17.0.11/java.util.concurrent.LinkedBlockingQueue.poll(LinkedBlockingQueue.java:460)
        at app//org.apache.hadoop.ipc.CallQueueManager.take(CallQueueManager.java:317)
        at app//org.apache.hadoop.ipc.Server$Handler.run(Server.java:3014)
"qtp830475910-5999" daemon prio=5 tid=5999 timed_waiting
java.lang.Thread.State: TIMED_WAITING
        at java.base@17.0.11/jdk.internal.misc.Unsafe.park(Native Method)
        at java.base@17.0.11/java.util.concurrent.locks.LockSupport.parkNanos(LockSupport.java:252)
        at java.base@17.0.11/java.util.concurrent.locks.AbstractQueuedSynchronizer$ConditionObject.awaitNanos(AbstractQueuedSynchronizer.java:1674)
        at app//org.eclipse.jetty.util.BlockingArrayQueue.poll(BlockingArrayQueue.java:382)
        at app//org.eclipse.jetty.util.thread.QueuedThreadPool$Runner.idleJobPoll(QueuedThreadPool.java:974)
        at app//org.eclipse.jetty.util.thread.QueuedThreadPool$Runner.run(QueuedThreadPool.java:1018)
        at java.base@17.0.11/java.lang.Thread.run(Thread.java:840)
"IPC Server handler 38 on default port 15172" daemon prio=5 tid=5890 timed_waiting
java.lang.Thread.State: TIMED_WAITING
        at java.base@17.0.11/jdk.internal.misc.Unsafe.park(Native Method)
        at java.base@17.0.11/java.util.concurrent.locks.LockSupport.parkNanos(LockSupport.java:252)
        at java.base@17.0.11/java.util.concurrent.locks.AbstractQueuedSynchronizer$ConditionObject.awaitNanos(AbstractQueuedSynchronizer.java:1674)
        at java.base@17.0.11/java.util.concurrent.LinkedBlockingQueue.poll(LinkedBlockingQueue.java:460)
        at app//org.apache.hadoop.ipc.CallQueueManager.take(CallQueueManager.java:317)
        at app//org.apache.hadoop.ipc.Server$Handler.run(Server.java:3014)
"IPC Server handler 2 on default port 15171" daemon prio=5 tid=5754 timed_waiting
java.lang.Thread.State: TIMED_WAITING
        at java.base@17.0.11/jdk.internal.misc.Unsafe.park(Native Method)
        at java.base@17.0.11/java.util.concurrent.locks.LockSupport.parkNanos(LockSupport.java:252)
        at java.base@17.0.11/java.util.concurrent.locks.AbstractQueuedSynchronizer$ConditionObject.awaitNanos(AbstractQueuedSynchronizer.java:1674)
        at java.base@17.0.11/java.util.concurrent.LinkedBlockingQueue.poll(LinkedBlockingQueue.java:460)
        at app//org.apache.hadoop.ipc.CallQueueManager.take(CallQueueManager.java:317)
        at app//org.apache.hadoop.ipc.Server$Handler.run(Server.java:3014)
"IPC Server handler 21 on default port 15170" daemon prio=5 tid=5673 timed_waiting
java.lang.Thread.State: TIMED_WAITING
        at java.base@17.0.11/jdk.internal.misc.Unsafe.park(Native Method)
        at java.base@17.0.11/java.util.concurrent.locks.LockSupport.parkNanos(LockSupport.java:252)
        at java.base@17.0.11/java.util.concurrent.locks.AbstractQueuedSynchronizer$ConditionObject.awaitNanos(AbstractQueuedSynchronizer.java:1674)
        at java.base@17.0.11/java.util.concurrent.LinkedBlockingQueue.poll(LinkedBlockingQueue.java:460)
        at app//org.apache.hadoop.ipc.CallQueueManager.take(CallQueueManager.java:317)
        at app//org.apache.hadoop.ipc.Server$Handler.run(Server.java:3014)
"3a211404-6ca4-4ebc-bc53-908f8eaf8373-ChunkWriter-3-0" daemon prio=5 tid=6067 in Object.wait()
java.lang.Thread.State: WAITING (on object monitor)
        at java.base@17.0.11/jdk.internal.misc.Unsafe.park(Native Method)
        at java.base@17.0.11/java.util.concurrent.locks.LockSupport.park(LockSupport.java:341)
        at java.base@17.0.11/java.util.concurrent.locks.AbstractQueuedSynchronizer$ConditionNode.block(AbstractQueuedSynchronizer.java:506)
        at java.base@17.0.11/java.util.concurrent.ForkJoinPool.unmanagedBlock(ForkJoinPool.java:3465)
        at java.base@17.0.11/java.util.concurrent.ForkJoinPool.managedBlock(ForkJoinPool.java:3436)
        at java.base@17.0.11/java.util.concurrent.locks.AbstractQueuedSynchronizer$ConditionObject.await(AbstractQueuedSynchronizer.java:1625)
        at java.base@17.0.11/java.util.concurrent.LinkedBlockingDeque.takeFirst(LinkedBlockingDeque.java:485)
        at java.base@17.0.11/java.util.concurrent.LinkedBlockingDeque.take(LinkedBlockingDeque.java:673)
        at java.base@17.0.11/java.util.concurrent.ThreadPoolExecutor.getTask(ThreadPoolExecutor.java:1062)
        at java.base@17.0.11/java.util.concurrent.ThreadPoolExecutor.runWorker(ThreadPoolExecutor.java:1122)
        at java.base@17.0.11/java.util.concurrent.ThreadPoolExecutor$Worker.run(ThreadPoolExecutor.java:635)
        at java.base@17.0.11/java.lang.Thread.run(Thread.java:840)
"StaleRecoveringContainerScrubbingService#1" daemon prio=5 tid=6072 in Object.wait()
java.lang.Thread.State: WAITING (on object monitor)
        at java.base@17.0.11/jdk.internal.misc.Unsafe.park(Native Method)
        at java.base@17.0.11/java.util.concurrent.locks.LockSupport.park(LockSupport.java:341)
        at java.base@17.0.11/java.util.concurrent.locks.AbstractQueuedSynchronizer$ConditionNode.block(AbstractQueuedSynchronizer.java:506)
        at java.base@17.0.11/java.util.concurrent.ForkJoinPool.unmanagedBlock(ForkJoinPool.java:3465)
        at java.base@17.0.11/java.util.concurrent.ForkJoinPool.managedBlock(ForkJoinPool.java:3436)
        at java.base@17.0.11/java.util.concurrent.locks.AbstractQueuedSynchronizer$ConditionObject.await(AbstractQueuedSynchronizer.java:1625)
        at java.base@17.0.11/java.util.concurrent.ScheduledThreadPoolExecutor$DelayedWorkQueue.take(ScheduledThreadPoolExecutor.java:1177)
        at java.base@17.0.11/java.util.concurrent.ScheduledThreadPoolExecutor$DelayedWorkQueue.take(ScheduledThreadPoolExecutor.java:899)
        at java.base@17.0.11/java.util.concurrent.ThreadPoolExecutor.getTask(ThreadPoolExecutor.java:1062)
        at java.base@17.0.11/java.util.concurrent.ThreadPoolExecutor.runWorker(ThreadPoolExecutor.java:1122)
        at java.base@17.0.11/java.util.concurrent.ThreadPoolExecutor$Worker.run(ThreadPoolExecutor.java:635)
        at java.base@17.0.11/java.lang.Thread.run(Thread.java:840)
"IPC Server handler 44 on default port 15172" daemon prio=5 tid=5896 timed_waiting
java.lang.Thread.State: TIMED_WAITING
        at java.base@17.0.11/jdk.internal.misc.Unsafe.park(Native Method)
        at java.base@17.0.11/java.util.concurrent.locks.LockSupport.parkNanos(LockSupport.java:252)
        at java.base@17.0.11/java.util.concurrent.locks.AbstractQueuedSynchronizer$ConditionObject.awaitNanos(AbstractQueuedSynchronizer.java:1674)
        at java.base@17.0.11/java.util.concurrent.LinkedBlockingQueue.poll(LinkedBlockingQueue.java:460)
        at app//org.apache.hadoop.ipc.CallQueueManager.take(CallQueueManager.java:317)
        at app//org.apache.hadoop.ipc.Server$Handler.run(Server.java:3014)
"IPC Server handler 84 on default port 15172" daemon prio=5 tid=5936 timed_waiting
java.lang.Thread.State: TIMED_WAITING
        at java.base@17.0.11/jdk.internal.misc.Unsafe.park(Native Method)
        at java.base@17.0.11/java.util.concurrent.locks.LockSupport.parkNanos(LockSupport.java:252)
        at java.base@17.0.11/java.util.concurrent.locks.AbstractQueuedSynchronizer$ConditionObject.awaitNanos(AbstractQueuedSynchronizer.java:1674)
        at java.base@17.0.11/java.util.concurrent.LinkedBlockingQueue.poll(LinkedBlockingQueue.java:460)
        at app//org.apache.hadoop.ipc.CallQueueManager.take(CallQueueManager.java:317)
        at app//org.apache.hadoop.ipc.Server$Handler.run(Server.java:3014)
"IPC Server handler 50 on default port 15171" daemon prio=5 tid=5802 timed_waiting
java.lang.Thread.State: TIMED_WAITING
        at java.base@17.0.11/jdk.internal.misc.Unsafe.park(Native Method)
        at java.base@17.0.11/java.util.concurrent.locks.LockSupport.parkNanos(LockSupport.java:252)
        at java.base@17.0.11/java.util.concurrent.locks.AbstractQueuedSynchronizer$ConditionObject.awaitNanos(AbstractQueuedSynchronizer.java:1674)
        at java.base@17.0.11/java.util.concurrent.LinkedBlockingQueue.poll(LinkedBlockingQueue.java:460)
        at app//org.apache.hadoop.ipc.CallQueueManager.take(CallQueueManager.java:317)
        at app//org.apache.hadoop.ipc.Server$Handler.run(Server.java:3014)
"IPC Server handler 50 on default port 15172" daemon prio=5 tid=5902 timed_waiting
java.lang.Thread.State: TIMED_WAITING
        at java.base@17.0.11/jdk.internal.misc.Unsafe.park(Native Method)
        at java.base@17.0.11/java.util.concurrent.locks.LockSupport.parkNanos(LockSupport.java:252)
        at java.base@17.0.11/java.util.concurrent.locks.AbstractQueuedSynchronizer$ConditionObject.awaitNanos(AbstractQueuedSynchronizer.java:1674)
        at java.base@17.0.11/java.util.concurrent.LinkedBlockingQueue.poll(LinkedBlockingQueue.java:460)
        at app//org.apache.hadoop.ipc.CallQueueManager.take(CallQueueManager.java:317)
        at app//org.apache.hadoop.ipc.Server$Handler.run(Server.java:3014)
"FixedThreadPoolWithAffinityExecutor-6-0" daemon prio=5 tid=5646 timed_waiting
java.lang.Thread.State: TIMED_WAITING
        at java.base@17.0.11/jdk.internal.misc.Unsafe.park(Native Method)
        at java.base@17.0.11/java.util.concurrent.locks.LockSupport.parkNanos(LockSupport.java:252)
        at java.base@17.0.11/java.util.concurrent.locks.AbstractQueuedSynchronizer$ConditionObject.awaitNanos(AbstractQueuedSynchronizer.java:1674)
        at java.base@17.0.11/java.util.concurrent.LinkedBlockingQueue.poll(LinkedBlockingQueue.java:460)
        at app//org.apache.hadoop.hdds.scm.server.ContainerReportQueue.poll(ContainerReportQueue.java:269)
        at app//org.apache.hadoop.hdds.scm.server.ContainerReportQueue.poll(ContainerReportQueue.java:42)
        at app//org.apache.hadoop.hdds.server.events.FixedThreadPoolWithAffinityExecutor$ContainerReportProcessTask.run(FixedThreadPoolWithAffinityExecutor.java:253)
        at java.base@17.0.11/java.util.concurrent.Executors$RunnableAdapter.call(Executors.java:539)
        at java.base@17.0.11/java.util.concurrent.FutureTask.run(FutureTask.java:264)
        at java.base@17.0.11/java.util.concurrent.ThreadPoolExecutor.runWorker(ThreadPoolExecutor.java:1136)
        at java.base@17.0.11/java.util.concurrent.ThreadPoolExecutor$Worker.run(ThreadPoolExecutor.java:635)
        at java.base@17.0.11/java.lang.Thread.run(Thread.java:840)
"IPC Server handler 86 on default port 15171" daemon prio=5 tid=5838 timed_waiting
java.lang.Thread.State: TIMED_WAITING
        at java.base@17.0.11/jdk.internal.misc.Unsafe.park(Native Method)
        at java.base@17.0.11/java.util.concurrent.locks.LockSupport.parkNanos(LockSupport.java:252)
        at java.base@17.0.11/java.util.concurrent.locks.AbstractQueuedSynchronizer$ConditionObject.awaitNanos(AbstractQueuedSynchronizer.java:1674)
        at java.base@17.0.11/java.util.concurrent.LinkedBlockingQueue.poll(LinkedBlockingQueue.java:460)
        at app//org.apache.hadoop.ipc.CallQueueManager.take(CallQueueManager.java:317)
        at app//org.apache.hadoop.ipc.Server$Handler.run(Server.java:3014)
"IPC Server handler 40 on default port 15170" daemon prio=5 tid=5692 timed_waiting
java.lang.Thread.State: TIMED_WAITING
        at java.base@17.0.11/jdk.internal.misc.Unsafe.park(Native Method)
        at java.base@17.0.11/java.util.concurrent.locks.LockSupport.parkNanos(LockSupport.java:252)
        at java.base@17.0.11/java.util.concurrent.locks.AbstractQueuedSynchronizer$ConditionObject.awaitNanos(AbstractQueuedSynchronizer.java:1674)
        at java.base@17.0.11/java.util.concurrent.LinkedBlockingQueue.poll(LinkedBlockingQueue.java:460)
        at app//org.apache.hadoop.ipc.CallQueueManager.take(CallQueueManager.java:317)
        at app//org.apache.hadoop.ipc.Server$Handler.run(Server.java:3014)
"IPC Server handler 91 on default port 15172" daemon prio=5 tid=5943 timed_waiting
java.lang.Thread.State: TIMED_WAITING
        at java.base@17.0.11/jdk.internal.misc.Unsafe.park(Native Method)
        at java.base@17.0.11/java.util.concurrent.locks.LockSupport.parkNanos(LockSupport.java:252)
        at java.base@17.0.11/java.util.concurrent.locks.AbstractQueuedSynchronizer$ConditionObject.awaitNanos(AbstractQueuedSynchronizer.java:1674)
        at java.base@17.0.11/java.util.concurrent.LinkedBlockingQueue.poll(LinkedBlockingQueue.java:460)
        at app//org.apache.hadoop.ipc.CallQueueManager.take(CallQueueManager.java:317)
        at app//org.apache.hadoop.ipc.Server$Handler.run(Server.java:3014)
"IPC Server handler 56 on default port 15171" daemon prio=5 tid=5808 timed_waiting
java.lang.Thread.State: TIMED_WAITING
        at java.base@17.0.11/jdk.internal.misc.Unsafe.park(Native Method)
        at java.base@17.0.11/java.util.concurrent.locks.LockSupport.parkNanos(LockSupport.java:252)
        at java.base@17.0.11/java.util.concurrent.locks.AbstractQueuedSynchronizer$ConditionObject.awaitNanos(AbstractQueuedSynchronizer.java:1674)
        at java.base@17.0.11/java.util.concurrent.LinkedBlockingQueue.poll(LinkedBlockingQueue.java:460)
        at app//org.apache.hadoop.ipc.CallQueueManager.take(CallQueueManager.java:317)
        at app//org.apache.hadoop.ipc.Server$Handler.run(Server.java:3014)
"IPC Server handler 68 on default port 15170" daemon prio=5 tid=5720 timed_waiting
java.lang.Thread.State: TIMED_WAITING
        at java.base@17.0.11/jdk.internal.misc.Unsafe.park(Native Method)
        at java.base@17.0.11/java.util.concurrent.locks.LockSupport.parkNanos(LockSupport.java:252)
        at java.base@17.0.11/java.util.concurrent.locks.AbstractQueuedSynchronizer$ConditionObject.awaitNanos(AbstractQueuedSynchronizer.java:1674)
        at java.base@17.0.11/java.util.concurrent.LinkedBlockingQueue.poll(LinkedBlockingQueue.java:460)
        at app//org.apache.hadoop.ipc.CallQueueManager.take(CallQueueManager.java:317)
        at app//org.apache.hadoop.ipc.Server$Handler.run(Server.java:3014)
"IPC Server handler 3 on default port 15174" daemon prio=5 tid=6008 timed_waiting
java.lang.Thread.State: TIMED_WAITING
        at java.base@17.0.11/jdk.internal.misc.Unsafe.park(Native Method)
        at java.base@17.0.11/java.util.concurrent.locks.LockSupport.parkNanos(LockSupport.java:252)
        at java.base@17.0.11/java.util.concurrent.locks.AbstractQueuedSynchronizer$ConditionObject.awaitNanos(AbstractQueuedSynchronizer.java:1674)
        at java.base@17.0.11/java.util.concurrent.LinkedBlockingQueue.poll(LinkedBlockingQueue.java:460)
        at app//org.apache.hadoop.ipc.CallQueueManager.take(CallQueueManager.java:317)
        at app//org.apache.hadoop.ipc.Server$Handler.run(Server.java:3014)
"EventQueue-NodeRegistrationContainerReportForContainerSafeModeRule" daemon prio=5 tid=6076 in Object.wait()
java.lang.Thread.State: WAITING (on object monitor)
        at java.base@17.0.11/jdk.internal.misc.Unsafe.park(Native Method)
        at java.base@17.0.11/java.util.concurrent.locks.LockSupport.park(LockSupport.java:341)
        at java.base@17.0.11/java.util.concurrent.locks.AbstractQueuedSynchronizer$ConditionNode.block(AbstractQueuedSynchronizer.java:506)
        at java.base@17.0.11/java.util.concurrent.ForkJoinPool.unmanagedBlock(ForkJoinPool.java:3465)
        at java.base@17.0.11/java.util.concurrent.ForkJoinPool.managedBlock(ForkJoinPool.java:3436)
        at java.base@17.0.11/java.util.concurrent.locks.AbstractQueuedSynchronizer$ConditionObject.await(AbstractQueuedSynchronizer.java:1625)
        at java.base@17.0.11/java.util.concurrent.LinkedBlockingQueue.take(LinkedBlockingQueue.java:435)
        at java.base@17.0.11/java.util.concurrent.ThreadPoolExecutor.getTask(ThreadPoolExecutor.java:1062)
        at java.base@17.0.11/java.util.concurrent.ThreadPoolExecutor.runWorker(ThreadPoolExecutor.java:1122)
        at java.base@17.0.11/java.util.concurrent.ThreadPoolExecutor$Worker.run(ThreadPoolExecutor.java:635)
        at java.base@17.0.11/java.lang.Thread.run(Thread.java:840)
"IPC Server handler 81 on default port 15170" daemon prio=5 tid=5733 timed_waiting
java.lang.Thread.State: TIMED_WAITING
        at java.base@17.0.11/jdk.internal.misc.Unsafe.park(Native Method)
        at java.base@17.0.11/java.util.concurrent.locks.LockSupport.parkNanos(LockSupport.java:252)
        at java.base@17.0.11/java.util.concurrent.locks.AbstractQueuedSynchronizer$ConditionObject.awaitNanos(AbstractQueuedSynchronizer.java:1674)
        at java.base@17.0.11/java.util.concurrent.LinkedBlockingQueue.poll(LinkedBlockingQueue.java:460)
        at app//org.apache.hadoop.ipc.CallQueueManager.take(CallQueueManager.java:317)
        at app//org.apache.hadoop.ipc.Server$Handler.run(Server.java:3014)
"IPC Server handler 23 on default port 15170" daemon prio=5 tid=5675 timed_waiting
java.lang.Thread.State: TIMED_WAITING
        at java.base@17.0.11/jdk.internal.misc.Unsafe.park(Native Method)
        at java.base@17.0.11/java.util.concurrent.locks.LockSupport.parkNanos(LockSupport.java:252)
        at java.base@17.0.11/java.util.concurrent.locks.AbstractQueuedSynchronizer$ConditionObject.awaitNanos(AbstractQueuedSynchronizer.java:1674)
        at java.base@17.0.11/java.util.concurrent.LinkedBlockingQueue.poll(LinkedBlockingQueue.java:460)
        at app//org.apache.hadoop.ipc.CallQueueManager.take(CallQueueManager.java:317)
        at app//org.apache.hadoop.ipc.Server$Handler.run(Server.java:3014)
"IPC Server handler 7 on default port 15172" daemon prio=5 tid=5859 timed_waiting
java.lang.Thread.State: TIMED_WAITING
        at java.base@17.0.11/jdk.internal.misc.Unsafe.park(Native Method)
        at java.base@17.0.11/java.util.concurrent.locks.LockSupport.parkNanos(LockSupport.java:252)
        at java.base@17.0.11/java.util.concurrent.locks.AbstractQueuedSynchronizer$ConditionObject.awaitNanos(AbstractQueuedSynchronizer.java:1674)
        at java.base@17.0.11/java.util.concurrent.LinkedBlockingQueue.poll(LinkedBlockingQueue.java:460)
        at app//org.apache.hadoop.ipc.CallQueueManager.take(CallQueueManager.java:317)
        at app//org.apache.hadoop.ipc.Server$Handler.run(Server.java:3014)
"IPC Server handler 42 on default port 15172" daemon prio=5 tid=5894 timed_waiting
java.lang.Thread.State: TIMED_WAITING
        at java.base@17.0.11/jdk.internal.misc.Unsafe.park(Native Method)
        at java.base@17.0.11/java.util.concurrent.locks.LockSupport.parkNanos(LockSupport.java:252)
        at java.base@17.0.11/java.util.concurrent.locks.AbstractQueuedSynchronizer$ConditionObject.awaitNanos(AbstractQueuedSynchronizer.java:1674)
        at java.base@17.0.11/java.util.concurrent.LinkedBlockingQueue.poll(LinkedBlockingQueue.java:460)
        at app//org.apache.hadoop.ipc.CallQueueManager.take(CallQueueManager.java:317)
        at app//org.apache.hadoop.ipc.Server$Handler.run(Server.java:3014)
"qtp641896206-5961" daemon prio=5 tid=5961 timed_waiting
java.lang.Thread.State: TIMED_WAITING
        at java.base@17.0.11/jdk.internal.misc.Unsafe.park(Native Method)
        at java.base@17.0.11/java.util.concurrent.locks.LockSupport.parkNanos(LockSupport.java:252)
        at java.base@17.0.11/java.util.concurrent.locks.AbstractQueuedSynchronizer$ConditionObject.awaitNanos(AbstractQueuedSynchronizer.java:1674)
        at app//org.eclipse.jetty.util.BlockingArrayQueue.poll(BlockingArrayQueue.java:382)
        at app//org.eclipse.jetty.util.thread.QueuedThreadPool$Runner.idleJobPoll(QueuedThreadPool.java:974)
        at app//org.eclipse.jetty.util.thread.QueuedThreadPool$Runner.run(QueuedThreadPool.java:1018)
        at java.base@17.0.11/java.lang.Thread.run(Thread.java:840)
"IPC Server handler 70 on default port 15172" daemon prio=5 tid=5922 timed_waiting
java.lang.Thread.State: TIMED_WAITING
        at java.base@17.0.11/jdk.internal.misc.Unsafe.park(Native Method)
        at java.base@17.0.11/java.util.concurrent.locks.LockSupport.parkNanos(LockSupport.java:252)
        at java.base@17.0.11/java.util.concurrent.locks.AbstractQueuedSynchronizer$ConditionObject.awaitNanos(AbstractQueuedSynchronizer.java:1674)
        at java.base@17.0.11/java.util.concurrent.LinkedBlockingQueue.poll(LinkedBlockingQueue.java:460)
        at app//org.apache.hadoop.ipc.CallQueueManager.take(CallQueueManager.java:317)
        at app//org.apache.hadoop.ipc.Server$Handler.run(Server.java:3014)
"IPC Server handler 88 on default port 15170" daemon prio=5 tid=5740 timed_waiting
java.lang.Thread.State: TIMED_WAITING
        at java.base@17.0.11/jdk.internal.misc.Unsafe.park(Native Method)
        at java.base@17.0.11/java.util.concurrent.locks.LockSupport.parkNanos(LockSupport.java:252)
        at java.base@17.0.11/java.util.concurrent.locks.AbstractQueuedSynchronizer$ConditionObject.awaitNanos(AbstractQueuedSynchronizer.java:1674)
        at java.base@17.0.11/java.util.concurrent.LinkedBlockingQueue.poll(LinkedBlockingQueue.java:460)
        at app//org.apache.hadoop.ipc.CallQueueManager.take(CallQueueManager.java:317)
        at app//org.apache.hadoop.ipc.Server$Handler.run(Server.java:3014)
"IPC Server handler 65 on default port 15170" daemon prio=5 tid=5717 timed_waiting
java.lang.Thread.State: TIMED_WAITING
        at java.base@17.0.11/jdk.internal.misc.Unsafe.park(Native Method)
        at java.base@17.0.11/java.util.concurrent.locks.LockSupport.parkNanos(LockSupport.java:252)
        at java.base@17.0.11/java.util.concurrent.locks.AbstractQueuedSynchronizer$ConditionObject.awaitNanos(AbstractQueuedSynchronizer.java:1674)
        at java.base@17.0.11/java.util.concurrent.LinkedBlockingQueue.poll(LinkedBlockingQueue.java:460)
        at app//org.apache.hadoop.ipc.CallQueueManager.take(CallQueueManager.java:317)
        at app//org.apache.hadoop.ipc.Server$Handler.run(Server.java:3014)
"Socket Reader #1 for port 15180"  prio=5 tid=6040 runnable
java.lang.Thread.State: RUNNABLE
        at java.base@17.0.11/sun.nio.ch.EPoll.wait(Native Method)
        at java.base@17.0.11/sun.nio.ch.EPollSelectorImpl.doSelect(EPollSelectorImpl.java:118)
        at java.base@17.0.11/sun.nio.ch.SelectorImpl.lockAndDoSelect(SelectorImpl.java:129)
        at java.base@17.0.11/sun.nio.ch.SelectorImpl.select(SelectorImpl.java:146)
        at app//org.apache.hadoop.ipc.Server$Listener$Reader.doRunLoop(Server.java:1346)
        at app//org.apache.hadoop.ipc.Server$Listener$Reader.run(Server.java:1325)
"PartialTableCache-Cleanup-0" daemon prio=5 tid=2288 in Object.wait()
java.lang.Thread.State: WAITING (on object monitor)
        at java.base@17.0.11/jdk.internal.misc.Unsafe.park(Native Method)
        at java.base@17.0.11/java.util.concurrent.locks.LockSupport.park(LockSupport.java:341)
        at java.base@17.0.11/java.util.concurrent.locks.AbstractQueuedSynchronizer$ConditionNode.block(AbstractQueuedSynchronizer.java:506)
        at java.base@17.0.11/java.util.concurrent.ForkJoinPool.unmanagedBlock(ForkJoinPool.java:3465)
        at java.base@17.0.11/java.util.concurrent.ForkJoinPool.managedBlock(ForkJoinPool.java:3436)
        at java.base@17.0.11/java.util.concurrent.locks.AbstractQueuedSynchronizer$ConditionObject.await(AbstractQueuedSynchronizer.java:1625)
        at java.base@17.0.11/java.util.concurrent.LinkedBlockingQueue.take(LinkedBlockingQueue.java:435)
        at java.base@17.0.11/java.util.concurrent.ThreadPoolExecutor.getTask(ThreadPoolExecutor.java:1062)
        at java.base@17.0.11/java.util.concurrent.ThreadPoolExecutor.runWorker(ThreadPoolExecutor.java:1122)
        at java.base@17.0.11/java.util.concurrent.ThreadPoolExecutor$Worker.run(ThreadPoolExecutor.java:635)
        at java.base@17.0.11/java.lang.Thread.run(Thread.java:840)
"IPC Server handler 87 on default port 15171" daemon prio=5 tid=5839 timed_waiting
java.lang.Thread.State: TIMED_WAITING
        at java.base@17.0.11/jdk.internal.misc.Unsafe.park(Native Method)
        at java.base@17.0.11/java.util.concurrent.locks.LockSupport.parkNanos(LockSupport.java:252)
        at java.base@17.0.11/java.util.concurrent.locks.AbstractQueuedSynchronizer$ConditionObject.awaitNanos(AbstractQueuedSynchronizer.java:1674)
        at java.base@17.0.11/java.util.concurrent.LinkedBlockingQueue.poll(LinkedBlockingQueue.java:460)
        at app//org.apache.hadoop.ipc.CallQueueManager.take(CallQueueManager.java:317)
        at app//org.apache.hadoop.ipc.Server$Handler.run(Server.java:3014)
"FixedThreadPoolWithAffinityExecutor-4-0" daemon prio=5 tid=5644 timed_waiting
java.lang.Thread.State: TIMED_WAITING
        at java.base@17.0.11/jdk.internal.misc.Unsafe.park(Native Method)
        at java.base@17.0.11/java.util.concurrent.locks.LockSupport.parkNanos(LockSupport.java:252)
        at java.base@17.0.11/java.util.concurrent.locks.AbstractQueuedSynchronizer$ConditionObject.awaitNanos(AbstractQueuedSynchronizer.java:1674)
        at java.base@17.0.11/java.util.concurrent.LinkedBlockingQueue.poll(LinkedBlockingQueue.java:460)
        at app//org.apache.hadoop.hdds.scm.server.ContainerReportQueue.poll(ContainerReportQueue.java:269)
        at app//org.apache.hadoop.hdds.scm.server.ContainerReportQueue.poll(ContainerReportQueue.java:42)
        at app//org.apache.hadoop.hdds.server.events.FixedThreadPoolWithAffinityExecutor$ContainerReportProcessTask.run(FixedThreadPoolWithAffinityExecutor.java:253)
        at java.base@17.0.11/java.util.concurrent.Executors$RunnableAdapter.call(Executors.java:539)
        at java.base@17.0.11/java.util.concurrent.FutureTask.run(FutureTask.java:264)
        at java.base@17.0.11/java.util.concurrent.ThreadPoolExecutor.runWorker(ThreadPoolExecutor.java:1136)
        at java.base@17.0.11/java.util.concurrent.ThreadPoolExecutor$Worker.run(ThreadPoolExecutor.java:635)
        at java.base@17.0.11/java.lang.Thread.run(Thread.java:840)
"StaleRecoveringContainerScrubbingService#0" daemon prio=5 tid=6071 timed_waiting
java.lang.Thread.State: TIMED_WAITING
        at java.base@17.0.11/jdk.internal.misc.Unsafe.park(Native Method)
        at java.base@17.0.11/java.util.concurrent.locks.LockSupport.parkNanos(LockSupport.java:252)
        at java.base@17.0.11/java.util.concurrent.locks.AbstractQueuedSynchronizer$ConditionObject.awaitNanos(AbstractQueuedSynchronizer.java:1674)
        at java.base@17.0.11/java.util.concurrent.ScheduledThreadPoolExecutor$DelayedWorkQueue.take(ScheduledThreadPoolExecutor.java:1182)
        at java.base@17.0.11/java.util.concurrent.ScheduledThreadPoolExecutor$DelayedWorkQueue.take(ScheduledThreadPoolExecutor.java:899)
        at java.base@17.0.11/java.util.concurrent.ThreadPoolExecutor.getTask(ThreadPoolExecutor.java:1062)
        at java.base@17.0.11/java.util.concurrent.ThreadPoolExecutor.runWorker(ThreadPoolExecutor.java:1122)
        at java.base@17.0.11/java.util.concurrent.ThreadPoolExecutor$Worker.run(ThreadPoolExecutor.java:635)
        at java.base@17.0.11/java.lang.Thread.run(Thread.java:840)
"IPC Server handler 2 on default port 15170" daemon prio=5 tid=5654 timed_waiting
java.lang.Thread.State: TIMED_WAITING
        at java.base@17.0.11/jdk.internal.misc.Unsafe.park(Native Method)
        at java.base@17.0.11/java.util.concurrent.locks.LockSupport.parkNanos(LockSupport.java:252)
        at java.base@17.0.11/java.util.concurrent.locks.AbstractQueuedSynchronizer$ConditionObject.awaitNanos(AbstractQueuedSynchronizer.java:1674)
        at java.base@17.0.11/java.util.concurrent.LinkedBlockingQueue.poll(LinkedBlockingQueue.java:460)
        at app//org.apache.hadoop.ipc.CallQueueManager.take(CallQueueManager.java:317)
        at app//org.apache.hadoop.ipc.Server$Handler.run(Server.java:3014)
"qtp641896206-5962" daemon prio=5 tid=5962 timed_waiting
java.lang.Thread.State: TIMED_WAITING
        at java.base@17.0.11/jdk.internal.misc.Unsafe.park(Native Method)
        at java.base@17.0.11/java.util.concurrent.locks.LockSupport.parkNanos(LockSupport.java:252)
        at java.base@17.0.11/java.util.concurrent.locks.AbstractQueuedSynchronizer$ConditionObject.awaitNanos(AbstractQueuedSynchronizer.java:1674)
        at app//org.eclipse.jetty.util.BlockingArrayQueue.poll(BlockingArrayQueue.java:382)
        at app//org.eclipse.jetty.util.thread.QueuedThreadPool$Runner.idleJobPoll(QueuedThreadPool.java:974)
        at app//org.eclipse.jetty.util.thread.QueuedThreadPool$Runner.run(QueuedThreadPool.java:1018)
        at java.base@17.0.11/java.lang.Thread.run(Thread.java:840)
"IPC Server handler 75 on default port 15172" daemon prio=5 tid=5927 timed_waiting
java.lang.Thread.State: TIMED_WAITING
        at java.base@17.0.11/jdk.internal.misc.Unsafe.park(Native Method)
        at java.base@17.0.11/java.util.concurrent.locks.LockSupport.parkNanos(LockSupport.java:252)
        at java.base@17.0.11/java.util.concurrent.locks.AbstractQueuedSynchronizer$ConditionObject.awaitNanos(AbstractQueuedSynchronizer.java:1674)
        at java.base@17.0.11/java.util.concurrent.LinkedBlockingQueue.poll(LinkedBlockingQueue.java:460)
        at app//org.apache.hadoop.ipc.CallQueueManager.take(CallQueueManager.java:317)
        at app//org.apache.hadoop.ipc.Server$Handler.run(Server.java:3014)
"IPC Parameter Sending Thread for localhost/127.0.0.1:15174" daemon prio=5 tid=6110 timed_waiting
java.lang.Thread.State: TIMED_WAITING
        at java.base@17.0.11/jdk.internal.misc.Unsafe.park(Native Method)
        at java.base@17.0.11/java.util.concurrent.locks.LockSupport.parkNanos(LockSupport.java:252)
        at java.base@17.0.11/java.util.concurrent.SynchronousQueue$TransferQueue.transfer(SynchronousQueue.java:704)
        at java.base@17.0.11/java.util.concurrent.SynchronousQueue.poll(SynchronousQueue.java:903)
        at app//org.apache.hadoop.ipc.Client$Connection$RpcRequestSender.run(Client.java:1105)
        at java.base@17.0.11/java.lang.Thread.run(Thread.java:840)
"IPC Server idle connection scanner for port 15172" daemon prio=5 tid=5627 timed_waiting
java.lang.Thread.State: TIMED_WAITING
        at java.base@17.0.11/java.lang.Object.wait(Native Method)
        at java.base@17.0.11/java.util.TimerThread.mainLoop(Timer.java:563)
        at java.base@17.0.11/java.util.TimerThread.run(Timer.java:516)
"IPC Server handler 99 on default port 15171" daemon prio=5 tid=5851 timed_waiting
java.lang.Thread.State: TIMED_WAITING
        at java.base@17.0.11/jdk.internal.misc.Unsafe.park(Native Method)
        at java.base@17.0.11/java.util.concurrent.locks.LockSupport.parkNanos(LockSupport.java:252)
        at java.base@17.0.11/java.util.concurrent.locks.AbstractQueuedSynchronizer$ConditionObject.awaitNanos(AbstractQueuedSynchronizer.java:1674)
        at java.base@17.0.11/java.util.concurrent.LinkedBlockingQueue.poll(LinkedBlockingQueue.java:460)
        at app//org.apache.hadoop.ipc.CallQueueManager.take(CallQueueManager.java:317)
        at app//org.apache.hadoop.ipc.Server$Handler.run(Server.java:3014)
"IPC Client (597410879) connection to localhost/127.0.0.1:15174 from runner" daemon prio=5 tid=6109 timed_waiting
java.lang.Thread.State: TIMED_WAITING
        at java.base@17.0.11/java.lang.Object.wait(Native Method)
        at app//org.apache.hadoop.ipc.Client$Connection.waitForWork(Client.java:1026)
        at app//org.apache.hadoop.ipc.Client$Connection.run(Client.java:1077)
"IPC Server handler 15 on default port 15170" daemon prio=5 tid=5667 timed_waiting
java.lang.Thread.State: TIMED_WAITING
        at java.base@17.0.11/jdk.internal.misc.Unsafe.park(Native Method)
        at java.base@17.0.11/java.util.concurrent.locks.LockSupport.parkNanos(LockSupport.java:252)
        at java.base@17.0.11/java.util.concurrent.locks.AbstractQueuedSynchronizer$ConditionObject.awaitNanos(AbstractQueuedSynchronizer.java:1674)
        at java.base@17.0.11/java.util.concurrent.LinkedBlockingQueue.poll(LinkedBlockingQueue.java:460)
        at app//org.apache.hadoop.ipc.CallQueueManager.take(CallQueueManager.java:317)
        at app//org.apache.hadoop.ipc.Server$Handler.run(Server.java:3014)
"IPC Server handler 83 on default port 15170" daemon prio=5 tid=5735 timed_waiting
java.lang.Thread.State: TIMED_WAITING
        at java.base@17.0.11/jdk.internal.misc.Unsafe.park(Native Method)
        at java.base@17.0.11/java.util.concurrent.locks.LockSupport.parkNanos(LockSupport.java:252)
        at java.base@17.0.11/java.util.concurrent.locks.AbstractQueuedSynchronizer$ConditionObject.awaitNanos(AbstractQueuedSynchronizer.java:1674)
        at java.base@17.0.11/java.util.concurrent.LinkedBlockingQueue.poll(LinkedBlockingQueue.java:460)
        at app//org.apache.hadoop.ipc.CallQueueManager.take(CallQueueManager.java:317)
        at app//org.apache.hadoop.ipc.Server$Handler.run(Server.java:3014)
"IPC Server handler 17 on default port 15174" daemon prio=5 tid=6022 timed_waiting
java.lang.Thread.State: TIMED_WAITING
        at java.base@17.0.11/jdk.internal.misc.Unsafe.park(Native Method)
        at java.base@17.0.11/java.util.concurrent.locks.LockSupport.parkNanos(LockSupport.java:252)
        at java.base@17.0.11/java.util.concurrent.locks.AbstractQueuedSynchronizer$ConditionObject.awaitNanos(AbstractQueuedSynchronizer.java:1674)
        at java.base@17.0.11/java.util.concurrent.LinkedBlockingQueue.poll(LinkedBlockingQueue.java:460)
        at app//org.apache.hadoop.ipc.CallQueueManager.take(CallQueueManager.java:317)
        at app//org.apache.hadoop.ipc.Server$Handler.run(Server.java:3014)
"IPC Server handler 95 on default port 15170" daemon prio=5 tid=5747 timed_waiting
java.lang.Thread.State: TIMED_WAITING
        at java.base@17.0.11/jdk.internal.misc.Unsafe.park(Native Method)
        at java.base@17.0.11/java.util.concurrent.locks.LockSupport.parkNanos(LockSupport.java:252)
        at java.base@17.0.11/java.util.concurrent.locks.AbstractQueuedSynchronizer$ConditionObject.awaitNanos(AbstractQueuedSynchronizer.java:1674)
        at java.base@17.0.11/java.util.concurrent.LinkedBlockingQueue.poll(LinkedBlockingQueue.java:460)
        at app//org.apache.hadoop.ipc.CallQueueManager.take(CallQueueManager.java:317)
        at app//org.apache.hadoop.ipc.Server$Handler.run(Server.java:3014)
"IPC Server handler 55 on default port 15170" daemon prio=5 tid=5707 timed_waiting
java.lang.Thread.State: TIMED_WAITING
        at java.base@17.0.11/jdk.internal.misc.Unsafe.park(Native Method)
        at java.base@17.0.11/java.util.concurrent.locks.LockSupport.parkNanos(LockSupport.java:252)
        at java.base@17.0.11/java.util.concurrent.locks.AbstractQueuedSynchronizer$ConditionObject.awaitNanos(AbstractQueuedSynchronizer.java:1674)
        at java.base@17.0.11/java.util.concurrent.LinkedBlockingQueue.poll(LinkedBlockingQueue.java:460)
        at app//org.apache.hadoop.ipc.CallQueueManager.take(CallQueueManager.java:317)
        at app//org.apache.hadoop.ipc.Server$Handler.run(Server.java:3014)
"SCMBlockDeletingService#0" daemon prio=5 tid=5952 timed_waiting
java.lang.Thread.State: TIMED_WAITING
        at java.base@17.0.11/jdk.internal.misc.Unsafe.park(Native Method)
        at java.base@17.0.11/java.util.concurrent.locks.LockSupport.parkNanos(LockSupport.java:252)
        at java.base@17.0.11/java.util.concurrent.locks.AbstractQueuedSynchronizer$ConditionObject.awaitNanos(AbstractQueuedSynchronizer.java:1674)
        at java.base@17.0.11/java.util.concurrent.ScheduledThreadPoolExecutor$DelayedWorkQueue.take(ScheduledThreadPoolExecutor.java:1182)
        at java.base@17.0.11/java.util.concurrent.ScheduledThreadPoolExecutor$DelayedWorkQueue.take(ScheduledThreadPoolExecutor.java:899)
        at java.base@17.0.11/java.util.concurrent.ThreadPoolExecutor.getTask(ThreadPoolExecutor.java:1062)
        at java.base@17.0.11/java.util.concurrent.ThreadPoolExecutor.runWorker(ThreadPoolExecutor.java:1122)
        at java.base@17.0.11/java.util.concurrent.ThreadPoolExecutor$Worker.run(ThreadPoolExecutor.java:635)
        at java.base@17.0.11/java.lang.Thread.run(Thread.java:840)
"Session-HouseKeeper-24e2435f-1"  prio=5 tid=6004 timed_waiting
java.lang.Thread.State: TIMED_WAITING
        at java.base@17.0.11/jdk.internal.misc.Unsafe.park(Native Method)
        at java.base@17.0.11/java.util.concurrent.locks.LockSupport.parkNanos(LockSupport.java:252)
        at java.base@17.0.11/java.util.concurrent.locks.AbstractQueuedSynchronizer$ConditionObject.awaitNanos(AbstractQueuedSynchronizer.java:1674)
        at java.base@17.0.11/java.util.concurrent.ScheduledThreadPoolExecutor$DelayedWorkQueue.take(ScheduledThreadPoolExecutor.java:1182)
        at java.base@17.0.11/java.util.concurrent.ScheduledThreadPoolExecutor$DelayedWorkQueue.take(ScheduledThreadPoolExecutor.java:899)
        at java.base@17.0.11/java.util.concurrent.ThreadPoolExecutor.getTask(ThreadPoolExecutor.java:1062)
        at java.base@17.0.11/java.util.concurrent.ThreadPoolExecutor.runWorker(ThreadPoolExecutor.java:1122)
        at java.base@17.0.11/java.util.concurrent.ThreadPoolExecutor$Worker.run(ThreadPoolExecutor.java:635)
        at java.base@17.0.11/java.lang.Thread.run(Thread.java:840)
"IPC Server handler 28 on default port 15172" daemon prio=5 tid=5880 timed_waiting
java.lang.Thread.State: TIMED_WAITING
        at java.base@17.0.11/jdk.internal.misc.Unsafe.park(Native Method)
        at java.base@17.0.11/java.util.concurrent.locks.LockSupport.parkNanos(LockSupport.java:252)
        at java.base@17.0.11/java.util.concurrent.locks.AbstractQueuedSynchronizer$ConditionObject.awaitNanos(AbstractQueuedSynchronizer.java:1674)
        at java.base@17.0.11/java.util.concurrent.LinkedBlockingQueue.poll(LinkedBlockingQueue.java:460)
        at app//org.apache.hadoop.ipc.CallQueueManager.take(CallQueueManager.java:317)
        at app//org.apache.hadoop.ipc.Server$Handler.run(Server.java:3014)


	at org.apache.ozone.test.GenericTestUtils.waitFor(GenericTestUtils.java:204)
	at org.apache.hadoop.ozone.om.TestOMDbCheckpointServlet.createSnapshot(TestOMDbCheckpointServlet.java:759)
	at org.apache.hadoop.ozone.om.TestOMDbCheckpointServlet.prepSnapshotData(TestOMDbCheckpointServlet.java:708)
	at org.apache.hadoop.ozone.om.TestOMDbCheckpointServlet.testWriteDbDataWithToExcludeFileList(TestOMDbCheckpointServlet.java:567)
	at java.base/java.lang.reflect.Method.invoke(Method.java:568)
	at java.base/java.util.ArrayList.forEach(ArrayList.java:1511)
	at java.base/java.util.ArrayList.forEach(ArrayList.java:1511)
]]></error>
    <system-out><![CDATA[2024-06-20 08:52:57,807 [main] WARN  server.ServerUtils (ServerUtils.java:getScmDbDir(143)) - ozone.scm.db.dirs is not configured. We recommend adding this setting. Falling back to ozone.metadata.dirs instead.
2024-06-20 08:52:57,809 [main] WARN  server.ServerUtils (ServerUtils.java:getScmDbDir(143)) - ozone.scm.db.dirs is not configured. We recommend adding this setting. Falling back to ozone.metadata.dirs instead.
2024-06-20 08:52:57,809 [main] INFO  ha.SCMHANodeDetails (SCMHANodeDetails.java:loadSCMHAConfig(207)) - ServiceID for StorageContainerManager is null
2024-06-20 08:52:57,809 [main] INFO  ha.SCMHANodeDetails (SCMHANodeDetails.java:loadSCMHAConfig(212)) - ozone.scm.default.service.id is not defined, falling back to ozone.scm.service.ids to find serviceID for StorageContainerManager if it is HA enabled cluster
2024-06-20 08:52:57,810 [main] WARN  utils.HAUtils (HAUtils.java:getMetaDir(339)) - ozone.scm.db.dirs is not configured. We recommend adding this setting. Falling back to ozone.metadata.dirs instead.
2024-06-20 08:52:57,810 [main] WARN  db.DBStoreBuilder (DBStoreBuilder.java:applyDBDefinition(171)) - ozone.scm.db.dirs is not configured. We recommend adding this setting. Falling back to ozone.metadata.dirs instead.
2024-06-20 08:52:57,861 [main] INFO  net.NodeSchemaLoader (NodeSchemaLoader.java:loadSchemaFromFile(129)) - Loading schema from [file:/home/runner/work/ozone/ozone/hadoop-hdds/common/target/classes/network-topology-default.xml]
2024-06-20 08:52:57,861 [main] INFO  net.NodeSchemaLoader (NodeSchemaLoader.java:loadSchema(176)) - Loading network topology layer schema file
2024-06-20 08:52:57,863 [main] INFO  upgrade.AbstractLayoutVersionManager (AbstractLayoutVersionManager.java:init(83)) - Initializing Layout version manager with metadata layout = HADOOP_PRC_PORTS_IN_DATANODEDETAILS (version = 7), software layout = HADOOP_PRC_PORTS_IN_DATANODEDETAILS (version = 7)
2024-06-20 08:52:57,864 [main] INFO  ha.SequenceIdGenerator (SequenceIdGenerator.java:upgradeToSequenceId(369)) - upgrade localId to 113750153625600000
2024-06-20 08:52:57,865 [main] INFO  ha.SequenceIdGenerator (SequenceIdGenerator.java:upgradeToSequenceId(379)) - upgrade delTxnId to 0
2024-06-20 08:52:57,866 [main] INFO  ha.SequenceIdGenerator (SequenceIdGenerator.java:upgradeToSequenceId(396)) - upgrade containerId to 0
2024-06-20 08:52:57,867 [main] INFO  ha.SequenceIdGenerator (SequenceIdGenerator.java:upgradeToCertificateSequenceId(433)) - upgrade CertificateId to 2
2024-06-20 08:52:57,867 [main] INFO  ha.SequenceIdGenerator (SequenceIdGenerator.java:<init>(240)) - Init the HA SequenceIdGenerator.
2024-06-20 08:52:57,867 [main] WARN  server.ServerUtils (ServerUtils.java:sanitizeUserArgs(79)) - ozone.scm.stale.node.interval value = 300000 is larger than max = 100000 based on the key value of ozone.scm.heartbeat.thread.interval, reset to the max value 100000.
2024-06-20 08:52:57,867 [main] WARN  server.ServerUtils (ServerUtils.java:sanitizeUserArgs(79)) - ozone.scm.stale.node.interval value = 300000 is larger than max = 100000 based on the key value of ozone.scm.heartbeat.thread.interval, reset to the max value 100000.
2024-06-20 08:52:57,868 [main] INFO  node.SCMNodeManager (SCMNodeManager.java:<init>(177)) - Entering startup safe mode.
2024-06-20 08:52:57,868 [main] INFO  algorithms.ContainerPlacementPolicyFactory (ContainerPlacementPolicyFactory.java:getPolicyInternal(86)) - Create container placement policy of type org.apache.hadoop.hdds.scm.container.placement.algorithms.SCMContainerPlacementRackAware
2024-06-20 08:52:57,868 [main] INFO  algorithms.ContainerPlacementPolicyFactory (ContainerPlacementPolicyFactory.java:getPolicyInternal(86)) - Create container placement policy of type org.apache.hadoop.hdds.scm.container.placement.algorithms.SCMContainerPlacementRackScatter
2024-06-20 08:52:57,868 [main] INFO  pipeline.PipelineStateManagerImpl (PipelineStateManagerImpl.java:initialize(78)) - No pipeline exists in current db
2024-06-20 08:52:57,869 [main] INFO  algorithms.LeaderChoosePolicyFactory (LeaderChoosePolicyFactory.java:getPolicy(57)) - Create leader choose policy of type org.apache.hadoop.hdds.scm.pipeline.leader.choose.algorithms.MinLeaderCountChoosePolicy
2024-06-20 08:52:57,869 [main] INFO  algorithms.ContainerPlacementPolicyFactory (ContainerPlacementPolicyFactory.java:getPolicyInternal(86)) - Create container placement policy of type org.apache.hadoop.hdds.scm.container.placement.algorithms.SCMContainerPlacementRackScatter
2024-06-20 08:52:57,869 [main] INFO  ha.SCMServiceManager (SCMServiceManager.java:register(42)) - Registering service BackgroundPipelineCreator.
2024-06-20 08:52:57,869 [main] INFO  pipeline.BackgroundPipelineCreator (BackgroundPipelineCreator.java:start(127)) - Starting RatisPipelineUtilsThread.
2024-06-20 08:52:57,869 [main] INFO  BackgroundPipelineScrubber (BackgroundSCMService.java:start(65)) - Starting BackgroundPipelineScrubber Service.
2024-06-20 08:52:57,870 [main] INFO  ha.SCMServiceManager (SCMServiceManager.java:register(42)) - Registering service BackgroundPipelineScrubber.
2024-06-20 08:52:57,870 [main] INFO  ExpiredContainerReplicaOpScrubber (BackgroundSCMService.java:start(65)) - Starting ExpiredContainerReplicaOpScrubber Service.
2024-06-20 08:52:57,870 [main] INFO  ha.SCMServiceManager (SCMServiceManager.java:register(42)) - Registering service ExpiredContainerReplicaOpScrubber.
2024-06-20 08:52:57,871 [main] INFO  algorithms.PipelineChoosePolicyFactory (PipelineChoosePolicyFactory.java:createPipelineChoosePolicyFromClass(80)) - Create pipeline choose policy of type org.apache.hadoop.hdds.scm.pipeline.choose.algorithms.RandomPipelineChoosePolicy
2024-06-20 08:52:57,871 [main] INFO  algorithms.PipelineChoosePolicyFactory (PipelineChoosePolicyFactory.java:createPipelineChoosePolicyFromClass(80)) - Create pipeline choose policy of type org.apache.hadoop.hdds.scm.pipeline.choose.algorithms.RandomPipelineChoosePolicy
2024-06-20 08:52:57,871 [main] INFO  ha.SCMServiceManager (SCMServiceManager.java:register(42)) - Registering service SCMBlockDeletingService.
2024-06-20 08:52:57,872 [main] INFO  replication.ReplicationManager (ReplicationManager.java:start(296)) - Starting Replication Monitor Thread.
2024-06-20 08:52:57,872 [main] INFO  ha.SCMServiceManager (SCMServiceManager.java:register(42)) - Registering service ReplicationManager.
2024-06-20 08:52:57,872 [ReplicationMonitor] INFO  replication.ReplicationManager (ReplicationManager.java:processAll(373)) - Replication Manager is not ready to run until 3000ms after safemode exit
2024-06-20 08:52:57,872 [main] INFO  safemode.ContainerSafeModeRule (ContainerSafeModeRule.java:<init>(91)) - containers with one replica threshold count 0
2024-06-20 08:52:57,873 [main] INFO  safemode.HealthyPipelineSafeModeRule (HealthyPipelineSafeModeRule.java:initializeRule(176)) - Total pipeline count is 0, healthy pipeline threshold count is 0
2024-06-20 08:52:57,873 [main] INFO  safemode.OneReplicaPipelineSafeModeRule (OneReplicaPipelineSafeModeRule.java:initializeRule(193)) - Total pipeline count is 0, pipeline's with at least one datanode reported threshold count is 0
2024-06-20 08:52:57,873 [main] INFO  server.StorageContainerManager (StorageContainerManager.java:<init>(440)) - SCM start with adminUsers: [runner]
2024-06-20 08:52:57,873 [main] INFO  ipc.CallQueueManager (CallQueueManager.java:<init>(90)) - Using callQueue: class java.util.concurrent.LinkedBlockingQueue, queueCapacity: 10000, scheduler: class org.apache.hadoop.ipc.DefaultRpcScheduler, ipcBackoff: false.
2024-06-20 08:52:57,874 [main] INFO  ipc.Server (Server.java:<init>(1287)) - Listener at 0.0.0.0:15172
2024-06-20 08:52:57,874 [Socket Reader #1 for port 15172] INFO  ipc.Server (Server.java:run(1323)) - Starting Socket Reader #1 for port 15172
2024-06-20 08:52:57,875 [main] INFO  ipc.CallQueueManager (CallQueueManager.java:<init>(90)) - Using callQueue: class java.util.concurrent.LinkedBlockingQueue, queueCapacity: 10000, scheduler: class org.apache.hadoop.ipc.DefaultRpcScheduler, ipcBackoff: false.
2024-06-20 08:52:57,876 [main] INFO  ipc.Server (Server.java:<init>(1287)) - Listener at 0.0.0.0:15171
2024-06-20 08:52:57,876 [Socket Reader #1 for port 15171] INFO  ipc.Server (Server.java:run(1323)) - Starting Socket Reader #1 for port 15171
2024-06-20 08:52:57,877 [main] INFO  ipc.CallQueueManager (CallQueueManager.java:<init>(90)) - Using callQueue: class java.util.concurrent.LinkedBlockingQueue, queueCapacity: 10000, scheduler: class org.apache.hadoop.ipc.DefaultRpcScheduler, ipcBackoff: false.
2024-06-20 08:52:57,877 [main] INFO  ipc.Server (Server.java:<init>(1287)) - Listener at 0.0.0.0:15170
2024-06-20 08:52:57,878 [Socket Reader #1 for port 15170] INFO  ipc.Server (Server.java:run(1323)) - Starting Socket Reader #1 for port 15170
2024-06-20 08:52:57,880 [main] INFO  ha.SCMServiceManager (SCMServiceManager.java:register(42)) - Registering service ContainerBalancer.
2024-06-20 08:52:57,880 [main] INFO  ha.SCMContext (SCMContext.java:updateSafeModeStatus(225)) - Update SafeModeStatus from SafeModeStatus{safeModeStatus=true, preCheckPassed=false} to SafeModeStatus{safeModeStatus=true, preCheckPassed=false}.
2024-06-20 08:52:57,880 [main] INFO  server.StorageContainerManager (StorageContainerManager.java:start(1538)) - StorageContainerLocationProtocol RPC server is listening at /0.0.0.0:15170
2024-06-20 08:52:57,882 [main] WARN  impl.MetricsConfig (MetricsConfig.java:loadFirst(136)) - Cannot locate configuration: tried hadoop-metrics2-storagecontainermanager.properties,hadoop-metrics2.properties
2024-06-20 08:52:57,882 [main] INFO  impl.MetricsSystemImpl (MetricsSystemImpl.java:startTimer(378)) - Scheduled Metric snapshot period at 10 second(s).
2024-06-20 08:52:57,882 [main] INFO  impl.MetricsSystemImpl (MetricsSystemImpl.java:start(191)) - StorageContainerManager metrics system started
2024-06-20 08:52:57,889 [main] INFO  impl.MetricsSinkAdapter (MetricsSinkAdapter.java:start(204)) - Sink prometheus started
2024-06-20 08:52:57,889 [main] INFO  impl.MetricsSystemImpl (MetricsSystemImpl.java:registerSink(305)) - Registered sink prometheus
2024-06-20 08:52:57,897 [main] INFO  server.SCMClientProtocolServer (SCMClientProtocolServer.java:start(204)) - RPC server for Client  is listening at /0.0.0.0:15170
2024-06-20 08:52:57,898 [IPC Server Responder] INFO  ipc.Server (Server.java:run(1562)) - IPC Server Responder: starting
2024-06-20 08:52:57,898 [IPC Server listener on 15170] INFO  ipc.Server (Server.java:run(1402)) - IPC Server listener on 15170: starting
2024-06-20 08:52:57,904 [main] INFO  server.StorageContainerManager (StorageContainerManager.java:start(1551)) - ScmBlockLocationProtocol RPC server is listening at /0.0.0.0:15171
2024-06-20 08:52:57,904 [main] INFO  server.SCMBlockProtocolServer (SCMBlockProtocolServer.java:start(167)) - RPC server for Block Protocol is listening at /0.0.0.0:15171
2024-06-20 08:52:57,904 [IPC Server Responder] INFO  ipc.Server (Server.java:run(1562)) - IPC Server Responder: starting
2024-06-20 08:52:57,904 [IPC Server listener on 15171] INFO  ipc.Server (Server.java:run(1402)) - IPC Server listener on 15171: starting
2024-06-20 08:52:57,910 [main] INFO  server.SCMDatanodeProtocolServer (SCMDatanodeProtocolServer.java:start(194)) - ScmDatanodeProtocol RPC server for DataNodes is listening at /0.0.0.0:15172
2024-06-20 08:52:57,911 [IPC Server Responder] INFO  ipc.Server (Server.java:run(1562)) - IPC Server Responder: starting
2024-06-20 08:52:57,911 [IPC Server listener on 15172] INFO  ipc.Server (Server.java:run(1402)) - IPC Server listener on 15172: starting
2024-06-20 08:52:57,917 [JvmPauseMonitor30] INFO  util.JvmPauseMonitor (JvmPauseMonitor.java:run(146)) - JvmPauseMonitor-0754b07e-2173-4a4a-acc9-4de6d0aa1b0e: Started
2024-06-20 08:52:57,918 [main] INFO  http.BaseHttpServer (BaseHttpServer.java:newHttpServer2BuilderForOzone(223)) - Starting Web-server for scm at: http://0.0.0.0:15173
2024-06-20 08:52:57,918 [main] INFO  http.BaseHttpServer (BaseHttpServer.java:<init>(110)) - Hadoop Security Enabled: false Ozone Security Enabled: false Ozone HTTP Security Enabled: false 
2024-06-20 08:52:57,919 [main] WARN  server.AuthenticationFilter (AuthenticationFilter.java:constructSecretProvider(240)) - Unable to initialize FileSignerSecretProvider, falling back to use random secrets. Reason: Could not read signature secret file: /home/runner/hadoop-http-auth-signature-secret
2024-06-20 08:52:57,919 [main] INFO  http.HttpRequestLog (HttpRequestLog.java:getRequestLog(86)) - Http request log for http.requests.scm is not defined
2024-06-20 08:52:57,920 [main] INFO  http.HttpServer2 (HttpServer2.java:addGlobalFilter(1036)) - Added global filter 'safety' (class=org.apache.hadoop.hdds.server.http.HttpServer2$QuotingInputFilter)
2024-06-20 08:52:57,920 [main] INFO  http.HttpServer2 (HttpServer2.java:addFilter(1012)) - Added filter static_user_filter (class=org.apache.hadoop.http.lib.StaticUserWebFilter$StaticUserFilter) to context scm
2024-06-20 08:52:57,921 [main] INFO  http.HttpServer2 (HttpServer2.java:addFilter(1020)) - Added filter static_user_filter (class=org.apache.hadoop.http.lib.StaticUserWebFilter$StaticUserFilter) to context logs
2024-06-20 08:52:57,921 [main] INFO  http.HttpServer2 (HttpServer2.java:addFilter(1020)) - Added filter static_user_filter (class=org.apache.hadoop.http.lib.StaticUserWebFilter$StaticUserFilter) to context static
2024-06-20 08:52:57,921 [main] INFO  http.BaseHttpServer (BaseHttpServer.java:<init>(189)) - HTTP server of scm uses base directory /home/runner/work/ozone/ozone/hadoop-ozone/integration-test/target/test-dir/MiniOzoneClusterImpl-37413a93-aae1-485d-bfde-7eb2d60b5fbe/ozone-meta/webserver
2024-06-20 08:52:57,921 [main] INFO  http.HttpServer2 (HttpServer2.java:bindListener(1236)) - Jetty bound to port 15173
2024-06-20 08:52:57,922 [main] INFO  server.Server (Server.java:doStart(375)) - jetty-9.4.54.v20240208; built: 2024-02-08T19:42:39.027Z; git: cef3fbd6d736a21e7d541a5db490381d95a2047d; jvm 17.0.11+9
2024-06-20 08:52:57,923 [main] INFO  server.session (DefaultSessionIdManager.java:doStart(334)) - DefaultSessionIdManager workerName=node0
2024-06-20 08:52:57,923 [main] INFO  server.session (DefaultSessionIdManager.java:doStart(339)) - No SessionScavenger set, using defaults
2024-06-20 08:52:57,923 [main] INFO  server.session (HouseKeeper.java:startScavenging(132)) - node0 Scavenging every 600000ms
2024-06-20 08:52:57,924 [main] INFO  handler.ContextHandler (ContextHandler.java:doStart(921)) - Started o.e.j.s.ServletContextHandler@752bc73c{logs,/logs,file:///home/runner/work/ozone/ozone/hadoop-ozone/integration-test/target/log,AVAILABLE}
2024-06-20 08:52:57,924 [main] INFO  handler.ContextHandler (ContextHandler.java:doStart(921)) - Started o.e.j.s.ServletContextHandler@1febf786{static,/static,file:///home/runner/work/ozone/ozone/hadoop-ozone/integration-test/target/test-classes/webapps/static,AVAILABLE}
2024-06-20 08:52:57,928 [main] INFO  handler.ContextHandler (ContextHandler.java:doStart(921)) - Started o.e.j.w.WebAppContext@5e2b5b4e{scm,/,file:///home/runner/work/ozone/ozone/hadoop-ozone/integration-test/target/test-classes/webapps/scm/,AVAILABLE}{file:/home/runner/work/ozone/ozone/hadoop-ozone/integration-test/target/test-classes/webapps/scm}
2024-06-20 08:52:57,928 [main] INFO  server.AbstractConnector (AbstractConnector.java:doStart(333)) - Started ServerConnector@2a694c7c{HTTP/1.1, (http/1.1)}{0.0.0.0:15173}
2024-06-20 08:52:57,928 [main] INFO  server.Server (Server.java:doStart(415)) - Started @169405ms
2024-06-20 08:52:57,928 [main] WARN  impl.MetricsSystemImpl (MetricsSystemImpl.java:register(279)) - Sink prometheus already exists!
2024-06-20 08:52:57,929 [main] INFO  http.BaseHttpServer (BaseHttpServer.java:updateConnectorAddress(354)) - HTTP server of scm listening at http://0.0.0.0:15173
2024-06-20 08:52:57,929 [main] WARN  server.ServerUtils (ServerUtils.java:getDBPath(299)) - ozone.om.db.dirs is not configured. We recommend adding this setting. Falling back to ozone.metadata.dirs instead.
2024-06-20 08:52:57,931 [main] INFO  ha.OMHANodeDetails (OMHANodeDetails.java:loadOMHAConfig(115)) - ozone.om.internal.service.id is not defined, falling back to ozone.om.service.ids to find serviceID for OzoneManager if it is HA enabled cluster
2024-06-20 08:52:57,931 [main] INFO  ha.OMHANodeDetails (OMHANodeDetails.java:loadOMHAConfig(226)) - Configuration does not have ozone.om.address set. Falling back to the default OM address /127.0.0.1:15174
2024-06-20 08:52:57,931 [main] INFO  ha.OMHANodeDetails (OMHANodeDetails.java:getOMNodeDetailsForNonHA(254)) - OM Service ID is not set. Setting it to the default ID: omServiceIdDefault
2024-06-20 08:52:57,931 [main] INFO  ha.OMHANodeDetails (OMHANodeDetails.java:getOMNodeDetailsForNonHA(261)) - OM Node ID is not set. Setting it to the default ID: om1
2024-06-20 08:52:57,931 [main] WARN  server.ServerUtils (ServerUtils.java:getDBPath(299)) - ozone.om.db.dirs is not configured. We recommend adding this setting. Falling back to ozone.metadata.dirs instead.
2024-06-20 08:52:57,932 [main] INFO  upgrade.AbstractLayoutVersionManager (AbstractLayoutVersionManager.java:init(83)) - Initializing Layout version manager with metadata layout = QUOTA (version = 6), software layout = QUOTA (version = 6)
2024-06-20 08:52:57,952 [main] INFO  reflections.Reflections (Reflections.java:scan(219)) - Reflections took 19 ms to scan 2 urls, producing 188 keys and 545 values
2024-06-20 08:52:57,952 [main] INFO  upgrade.OMLayoutVersionManager (OMLayoutVersionManager.java:lambda$0(113)) - Skipping Upgrade Action QuotaRepairUpgradeAction since it has been finalized.
2024-06-20 08:52:57,952 [main] INFO  upgrade.OMLayoutVersionManager (OMLayoutVersionManager.java:lambda$0(113)) - Skipping Upgrade Action MockOmUpgradeAction since it has been finalized.
2024-06-20 08:52:57,952 [main] WARN  server.ServerUtils (ServerUtils.java:getDBPath(299)) - ozone.om.db.dirs is not configured. We recommend adding this setting. Falling back to ozone.metadata.dirs instead.
2024-06-20 08:52:57,953 [main] INFO  proxy.SCMBlockLocationFailoverProxyProvider (SCMBlockLocationFailoverProxyProvider.java:<init>(115)) - Created block location fail-over proxy with 1 nodes: [nodeId=scmNodeId,nodeAddress=/0.0.0.0:15171]
2024-06-20 08:52:57,954 [main] INFO  proxy.SCMBlockLocationFailoverProxyProvider (SCMBlockLocationFailoverProxyProvider.java:<init>(115)) - Created block location fail-over proxy with 1 nodes: [nodeId=scmNodeId,nodeAddress=/0.0.0.0:15171]
2024-06-20 08:52:57,957 [main] INFO  om.OzoneManager (OzoneManager.java:<init>(678)) - OM start with adminUsers: [runner]
2024-06-20 08:52:57,957 [main] WARN  server.ServerUtils (ServerUtils.java:getDBPath(299)) - ozone.om.db.dirs is not configured. We recommend adding this setting. Falling back to ozone.metadata.dirs instead.
2024-06-20 08:52:57,957 [main] INFO  helpers.OmKeyInfo (OmKeyInfo.java:getCodec(72)) - OmKeyInfo.getCodec ignorePipeline = true
2024-06-20 08:52:58,101 [main] INFO  om.OzoneManager (OzoneManager.java:instantiateServices(812)) - S3 Multi-Tenancy is disabled
2024-06-20 08:52:58,102 [main] INFO  om.OmSnapshotManager (OmSnapshotManager.java:<init>(179)) - Ozone filesystem snapshot feature is enabled.
2024-06-20 08:52:58,102 [main] WARN  server.ServerUtils (ServerUtils.java:getDBPath(299)) - ozone.om.snapshot.diff.db.dir is not configured. We recommend adding this setting. Falling back to ozone.metadata.dirs instead.
2024-06-20 08:52:58,122 [main] INFO  utils.NativeLibraryLoader (NativeLibraryLoader.java:loadLibrary(111)) - Loading Library: ozone_rocksdb_tools
2024-06-20 08:52:58,123 [main] ERROR snapshot.SnapshotDiffManager (SnapshotDiffManager.java:initNativeLibraryForEfficientDiff(287)) - Native Library for raw sst file reading loading failed.
org.apache.hadoop.hdds.utils.NativeLibraryNotLoadedException: Unable to load library ozone_rocksdb_tools from both java.library.path & resource file libozone_rocksdb_tools.so from jar.
	at org.apache.hadoop.hdds.utils.db.managed.ManagedRawSSTFileReader.loadLibrary(ManagedRawSSTFileReader.java:40)
	at org.apache.hadoop.ozone.om.snapshot.SnapshotDiffManager.initNativeLibraryForEfficientDiff(SnapshotDiffManager.java:285)
	at org.apache.hadoop.ozone.om.snapshot.SnapshotDiffManager.<init>(SnapshotDiffManager.java:259)
	at org.apache.hadoop.ozone.om.OmSnapshotManager.<init>(OmSnapshotManager.java:286)
	at org.apache.hadoop.ozone.om.OzoneManager.instantiateServices(OzoneManager.java:864)
	at org.apache.hadoop.ozone.om.OzoneManager.<init>(OzoneManager.java:688)
	at org.apache.hadoop.ozone.om.OzoneManager.createOm(OzoneManager.java:775)
	at org.apache.hadoop.ozone.MiniOzoneClusterImpl$Builder.createOM(MiniOzoneClusterImpl.java:689)
	at org.apache.hadoop.ozone.MiniOzoneClusterImpl$Builder.createAndStartSingleOM(MiniOzoneClusterImpl.java:673)
	at org.apache.hadoop.ozone.MiniOzoneClusterImpl$Builder.build(MiniOzoneClusterImpl.java:535)
	at org.apache.hadoop.ozone.om.TestOMDbCheckpointServlet.setupCluster(TestOMDbCheckpointServlet.java:205)
	at org.apache.hadoop.ozone.om.TestOMDbCheckpointServlet.prepSnapshotData(TestOMDbCheckpointServlet.java:695)
	at org.apache.hadoop.ozone.om.TestOMDbCheckpointServlet.testWriteDbDataWithToExcludeFileList(TestOMDbCheckpointServlet.java:567)
	at java.base/jdk.internal.reflect.NativeMethodAccessorImpl.invoke0(Native Method)
	at java.base/jdk.internal.reflect.NativeMethodAccessorImpl.invoke(NativeMethodAccessorImpl.java:77)
	at java.base/jdk.internal.reflect.DelegatingMethodAccessorImpl.invoke(DelegatingMethodAccessorImpl.java:43)
	at java.base/java.lang.reflect.Method.invoke(Method.java:568)
	at org.junit.platform.commons.util.ReflectionUtils.invokeMethod(ReflectionUtils.java:728)
	at org.junit.jupiter.engine.execution.MethodInvocation.proceed(MethodInvocation.java:60)
	at org.junit.jupiter.engine.execution.InvocationInterceptorChain$ValidatingInvocation.proceed(InvocationInterceptorChain.java:131)
	at org.junit.jupiter.engine.extension.SameThreadTimeoutInvocation.proceed(SameThreadTimeoutInvocation.java:45)
	at org.junit.jupiter.engine.extension.TimeoutExtension.intercept(TimeoutExtension.java:156)
	at org.junit.jupiter.engine.extension.TimeoutExtension.interceptTestableMethod(TimeoutExtension.java:147)
	at org.junit.jupiter.engine.extension.TimeoutExtension.interceptTestMethod(TimeoutExtension.java:86)
	at org.junit.jupiter.engine.execution.InterceptingExecutableInvoker$ReflectiveInterceptorCall.lambda$ofVoidMethod$0(InterceptingExecutableInvoker.java:103)
	at org.junit.jupiter.engine.execution.InterceptingExecutableInvoker.lambda$invoke$0(InterceptingExecutableInvoker.java:93)
	at org.junit.jupiter.engine.execution.InvocationInterceptorChain$InterceptedInvocation.proceed(InvocationInterceptorChain.java:106)
	at org.junit.jupiter.engine.execution.InvocationInterceptorChain.proceed(InvocationInterceptorChain.java:64)
	at org.junit.jupiter.engine.execution.InvocationInterceptorChain.chainAndInvoke(InvocationInterceptorChain.java:45)
	at org.junit.jupiter.engine.execution.InvocationInterceptorChain.invoke(InvocationInterceptorChain.java:37)
	at org.junit.jupiter.engine.execution.InterceptingExecutableInvoker.invoke(InterceptingExecutableInvoker.java:92)
	at org.junit.jupiter.engine.execution.InterceptingExecutableInvoker.invoke(InterceptingExecutableInvoker.java:86)
	at org.junit.jupiter.engine.descriptor.TestMethodTestDescriptor.lambda$invokeTestMethod$7(TestMethodTestDescriptor.java:218)
	at org.junit.platform.engine.support.hierarchical.ThrowableCollector.execute(ThrowableCollector.java:73)
	at org.junit.jupiter.engine.descriptor.TestMethodTestDescriptor.invokeTestMethod(TestMethodTestDescriptor.java:214)
	at org.junit.jupiter.engine.descriptor.TestMethodTestDescriptor.execute(TestMethodTestDescriptor.java:139)
	at org.junit.jupiter.engine.descriptor.TestMethodTestDescriptor.execute(TestMethodTestDescriptor.java:69)
	at org.junit.platform.engine.support.hierarchical.NodeTestTask.lambda$executeRecursively$6(NodeTestTask.java:151)
	at org.junit.platform.engine.support.hierarchical.ThrowableCollector.execute(ThrowableCollector.java:73)
	at org.junit.platform.engine.support.hierarchical.NodeTestTask.lambda$executeRecursively$8(NodeTestTask.java:141)
	at org.junit.platform.engine.support.hierarchical.Node.around(Node.java:137)
	at org.junit.platform.engine.support.hierarchical.NodeTestTask.lambda$executeRecursively$9(NodeTestTask.java:139)
	at org.junit.platform.engine.support.hierarchical.ThrowableCollector.execute(ThrowableCollector.java:73)
	at org.junit.platform.engine.support.hierarchical.NodeTestTask.executeRecursively(NodeTestTask.java:138)
	at org.junit.platform.engine.support.hierarchical.NodeTestTask.execute(NodeTestTask.java:95)
	at java.base/java.util.ArrayList.forEach(ArrayList.java:1511)
	at org.junit.platform.engine.support.hierarchical.SameThreadHierarchicalTestExecutorService.invokeAll(SameThreadHierarchicalTestExecutorService.java:41)
	at org.junit.platform.engine.support.hierarchical.NodeTestTask.lambda$executeRecursively$6(NodeTestTask.java:155)
	at org.junit.platform.engine.support.hierarchical.ThrowableCollector.execute(ThrowableCollector.java:73)
	at org.junit.platform.engine.support.hierarchical.NodeTestTask.lambda$executeRecursively$8(NodeTestTask.java:141)
	at org.junit.platform.engine.support.hierarchical.Node.around(Node.java:137)
	at org.junit.platform.engine.support.hierarchical.NodeTestTask.lambda$executeRecursively$9(NodeTestTask.java:139)
	at org.junit.platform.engine.support.hierarchical.ThrowableCollector.execute(ThrowableCollector.java:73)
	at org.junit.platform.engine.support.hierarchical.NodeTestTask.executeRecursively(NodeTestTask.java:138)
	at org.junit.platform.engine.support.hierarchical.NodeTestTask.execute(NodeTestTask.java:95)
	at java.base/java.util.ArrayList.forEach(ArrayList.java:1511)
	at org.junit.platform.engine.support.hierarchical.SameThreadHierarchicalTestExecutorService.invokeAll(SameThreadHierarchicalTestExecutorService.java:41)
	at org.junit.platform.engine.support.hierarchical.NodeTestTask.lambda$executeRecursively$6(NodeTestTask.java:155)
	at org.junit.platform.engine.support.hierarchical.ThrowableCollector.execute(ThrowableCollector.java:73)
	at org.junit.platform.engine.support.hierarchical.NodeTestTask.lambda$executeRecursively$8(NodeTestTask.java:141)
	at org.junit.platform.engine.support.hierarchical.Node.around(Node.java:137)
	at org.junit.platform.engine.support.hierarchical.NodeTestTask.lambda$executeRecursively$9(NodeTestTask.java:139)
	at org.junit.platform.engine.support.hierarchical.ThrowableCollector.execute(ThrowableCollector.java:73)
	at org.junit.platform.engine.support.hierarchical.NodeTestTask.executeRecursively(NodeTestTask.java:138)
	at org.junit.platform.engine.support.hierarchical.NodeTestTask.execute(NodeTestTask.java:95)
	at org.junit.platform.engine.support.hierarchical.SameThreadHierarchicalTestExecutorService.submit(SameThreadHierarchicalTestExecutorService.java:35)
	at org.junit.platform.engine.support.hierarchical.HierarchicalTestExecutor.execute(HierarchicalTestExecutor.java:57)
	at org.junit.platform.engine.support.hierarchical.HierarchicalTestEngine.execute(HierarchicalTestEngine.java:54)
	at org.junit.platform.launcher.core.EngineExecutionOrchestrator.execute(EngineExecutionOrchestrator.java:198)
	at org.junit.platform.launcher.core.EngineExecutionOrchestrator.execute(EngineExecutionOrchestrator.java:169)
	at org.junit.platform.launcher.core.EngineExecutionOrchestrator.execute(EngineExecutionOrchestrator.java:93)
	at org.junit.platform.launcher.core.EngineExecutionOrchestrator.lambda$execute$0(EngineExecutionOrchestrator.java:58)
	at org.junit.platform.launcher.core.EngineExecutionOrchestrator.withInterceptedStreams(EngineExecutionOrchestrator.java:141)
	at org.junit.platform.launcher.core.EngineExecutionOrchestrator.execute(EngineExecutionOrchestrator.java:57)
	at org.junit.platform.launcher.core.DefaultLauncher.execute(DefaultLauncher.java:103)
	at org.junit.platform.launcher.core.DefaultLauncher.execute(DefaultLauncher.java:85)
	at org.junit.platform.launcher.core.DelegatingLauncher.execute(DelegatingLauncher.java:47)
	at org.junit.platform.launcher.core.SessionPerRequestLauncher.execute(SessionPerRequestLauncher.java:63)
	at org.apache.maven.surefire.junitplatform.JUnitPlatformProvider.invokeAllTests(JUnitPlatformProvider.java:154)
	at org.apache.maven.surefire.junitplatform.JUnitPlatformProvider.invoke(JUnitPlatformProvider.java:123)
	at org.apache.maven.surefire.booter.ForkedBooter.runSuitesInProcess(ForkedBooter.java:377)
	at org.apache.maven.surefire.booter.ForkedBooter.execute(ForkedBooter.java:138)
	at org.apache.maven.surefire.booter.ForkedBooter.run(ForkedBooter.java:465)
	at org.apache.maven.surefire.booter.ForkedBooter.main(ForkedBooter.java:451)
2024-06-20 08:52:58,125 [main] INFO  om.OzoneManager (OzoneManager.java:addS3GVolumeToDB(4463)) - Created Volume s3v With Owner runner required for S3Gateway operations.
2024-06-20 08:52:58,125 [main] WARN  server.ServerUtils (ServerUtils.java:getDefaultRatisDirectory(311)) - Storage directory for Ratis is not configured. It is a good idea to map this to an SSD disk. Falling back to ozone.metadata.dirs
2024-06-20 08:52:58,125 [main] WARN  utils.OzoneManagerRatisUtils (OzoneManagerRatisUtils.java:getOMRatisSnapshotDirectory(476)) - ozone.om.ratis.snapshot.dir is not configured. Falling back to ozone.metadata.dirs config
2024-06-20 08:52:58,125 [main] WARN  server.ServerUtils (ServerUtils.java:getDefaultRatisDirectory(311)) - Storage directory for Ratis is not configured. It is a good idea to map this to an SSD disk. Falling back to ozone.metadata.dirs
2024-06-20 08:52:58,126 [main] INFO  ratis.OzoneManagerRatisServer (OzoneManagerRatisServer.java:<init>(168)) - Instantiating OM Ratis server with groupID: omServiceIdDefault and peers: localhost:15177
2024-06-20 08:52:58,127 [main] INFO  ratis.OzoneManagerStateMachine (OzoneManagerStateMachine.java:loadSnapshotInfoFromDB(589)) - TransactionInfo not found in OM DB.
2024-06-20 08:52:58,127 [main] INFO  server.RaftServer (ConfUtils.java:logGet(46)) - raft.rpc.type = GRPC (default)
2024-06-20 08:52:58,127 [main] INFO  grpc.GrpcConfigKeys (ConfUtils.java:logFallback(53)) - raft.grpc.admin.host = null (fallback to raft.grpc.server.host)
2024-06-20 08:52:58,127 [main] INFO  grpc.GrpcConfigKeys (ConfUtils.java:logFallback(53)) - raft.grpc.admin.port = 15177 (fallback to raft.grpc.server.port)
2024-06-20 08:52:58,127 [main] INFO  grpc.GrpcConfigKeys (ConfUtils.java:logFallback(53)) - raft.grpc.client.host = null (fallback to raft.grpc.server.host)
2024-06-20 08:52:58,128 [main] INFO  grpc.GrpcConfigKeys (ConfUtils.java:logFallback(53)) - raft.grpc.client.port = 15177 (fallback to raft.grpc.server.port)
2024-06-20 08:52:58,128 [main] INFO  grpc.GrpcConfigKeys (ConfUtils.java:logGet(46)) - raft.grpc.server.host = null (default)
2024-06-20 08:52:58,128 [main] INFO  grpc.GrpcConfigKeys (ConfUtils.java:logGet(46)) - raft.grpc.server.port = 15177 (custom)
2024-06-20 08:52:58,128 [main] INFO  server.GrpcService (ConfUtils.java:logGet(46)) - raft.grpc.message.size.max = 4194304 (custom)
2024-06-20 08:52:58,128 [main] INFO  server.RaftServerConfigKeys (ConfUtils.java:logGet(46)) - raft.server.log.appender.buffer.byte-limit = 4194304 (custom)
2024-06-20 08:52:58,128 [main] INFO  server.GrpcService (ConfUtils.java:logGet(46)) - raft.grpc.flow.control.window = 1MB (=1048576) (default)
2024-06-20 08:52:58,128 [main] INFO  server.RaftServerConfigKeys (ConfUtils.java:logGet(46)) - raft.server.rpc.request.timeout = 3000ms (default)
2024-06-20 08:52:58,128 [main] INFO  grpc.GrpcConfigKeys (ConfUtils.java:logGet(46)) - raft.grpc.server.heartbeat.channel = true (default)
2024-06-20 08:52:58,128 [main] INFO  grpc.GrpcConfigKeys (ConfUtils.java:logGet(46)) - raft.grpc.server.async.request.thread.pool.cached = true (default)
2024-06-20 08:52:58,128 [main] INFO  grpc.GrpcConfigKeys (ConfUtils.java:logGet(46)) - raft.grpc.server.async.request.thread.pool.size = 32 (default)
2024-06-20 08:52:58,129 [main] INFO  impl.DataStreamServerImpl (ConfUtils.java:logGet(46)) - raft.datastream.type = DISABLED (default)
2024-06-20 08:52:58,129 [main] INFO  server.RaftServerConfigKeys (ConfUtils.java:logGet(46)) - raft.server.sleep.deviation.threshold = 300ms (default)
2024-06-20 08:52:58,129 [main] INFO  server.RaftServerConfigKeys (ConfUtils.java:logGet(46)) - raft.server.close.threshold = 60s (default)
2024-06-20 08:52:58,130 [main] INFO  server.RaftServerConfigKeys (ConfUtils.java:logGet(46)) - raft.server.leaderelection.leader.step-down.wait-time = 10s (default)
2024-06-20 08:52:58,130 [main] INFO  server.RaftServerConfigKeys (ConfUtils.java:logGet(46)) - raft.server.storage.dir = [/home/runner/work/ozone/ozone/hadoop-ozone/integration-test/target/test-dir/MiniOzoneClusterImpl-37413a93-aae1-485d-bfde-7eb2d60b5fbe/ozone-meta/ratis] (custom)
2024-06-20 08:52:58,130 [main] INFO  server.RaftServerConfigKeys (ConfUtils.java:logGet(46)) - raft.server.threadpool.proxy.cached = true (default)
2024-06-20 08:52:58,130 [main] INFO  server.RaftServerConfigKeys (ConfUtils.java:logGet(46)) - raft.server.threadpool.proxy.size = 0 (default)
2024-06-20 08:52:58,130 [main] INFO  server.RaftServer (RaftServerProxy.java:addNew(100)) - om1: addNew group-C5BA1605619E:[om1|localhost:15177] returns group-C5BA1605619E:java.util.concurrent.CompletableFuture@5c7a4143[Not completed]
2024-06-20 08:52:58,130 [main] INFO  om.OzoneManager (OzoneManager.java:initializeRatisServer(2168)) - OzoneManager Ratis server initialized at port 15177
2024-06-20 08:52:58,131 [main] INFO  om.OzoneManager (OzoneManager.java:getRpcServer(1228)) - Creating RPC Server
2024-06-20 08:52:58,130 [om1-groupManagement] INFO  server.RaftServer$Division (RaftServerImpl.java:<init>(256)) - om1: new RaftServerImpl for group-C5BA1605619E:[om1|localhost:15177] with OzoneManagerStateMachine:uninitialized
2024-06-20 08:52:58,131 [om1-groupManagement] INFO  server.RaftServerConfigKeys (ConfUtils.java:logGet(46)) - raft.server.rpc.timeout.min = 1s (custom)
2024-06-20 08:52:58,131 [om1-groupManagement] INFO  server.RaftServerConfigKeys (ConfUtils.java:logGet(46)) - raft.server.rpc.timeout.max = 1200ms (custom)
2024-06-20 08:52:58,131 [om1-groupManagement] INFO  server.RaftServerConfigKeys (ConfUtils.java:logGet(46)) - raft.server.rpc.sleep.time = 25ms (default)
2024-06-20 08:52:58,131 [om1-groupManagement] INFO  server.RaftServerConfigKeys (ConfUtils.java:logGet(46)) - raft.server.rpc.slowness.timeout = 120s (custom)
2024-06-20 08:52:58,131 [om1-groupManagement] INFO  server.RaftServerConfigKeys (ConfUtils.java:logGet(46)) - raft.server.leaderelection.leader.step-down.wait-time = 10s (default)
2024-06-20 08:52:58,131 [om1-groupManagement] INFO  server.RaftServerConfigKeys (ConfUtils.java:logGet(46)) - raft.server.leaderelection.member.majority-add = false (default)
2024-06-20 08:52:58,131 [om1-groupManagement] INFO  server.RaftServerConfigKeys (ConfUtils.java:logGet(46)) - raft.server.sleep.deviation.threshold = 300ms (default)
2024-06-20 08:52:58,131 [om1-groupManagement] INFO  server.RaftServer$Division (ServerState.java:<init>(113)) - om1@group-C5BA1605619E: ConfigurationManager, init=-1: peers:[om1|localhost:15177]|listeners:[], old=null, confs=<EMPTY_MAP>
2024-06-20 08:52:58,131 [om1-groupManagement] INFO  server.RaftServerConfigKeys (ConfUtils.java:logGet(46)) - raft.server.notification.no-leader.timeout = 120s (custom)
2024-06-20 08:52:58,131 [om1-groupManagement] INFO  server.RaftServerConfigKeys (ConfUtils.java:logGet(46)) - raft.server.read.timeout = 10s (default)
2024-06-20 08:52:58,132 [om1-groupManagement] INFO  server.RaftServerConfigKeys (ConfUtils.java:logGet(46)) - raft.server.retrycache.expirytime = 300s (custom)
2024-06-20 08:52:58,132 [om1-groupManagement] INFO  server.RaftServerConfigKeys (ConfUtils.java:logGet(46)) - raft.server.retrycache.statistics.expirytime = 100ms (default)
2024-06-20 08:52:58,132 [om1-groupManagement] INFO  server.RaftServerConfigKeys (ConfUtils.java:logGet(46)) - raft.server.read.option = DEFAULT (default)
2024-06-20 08:52:58,132 [om1-groupManagement] INFO  server.RaftServerConfigKeys (ConfUtils.java:logGet(46)) - raft.server.read.read-after-write-consistent.write-index-cache.expiry-time = 60s (default)
2024-06-20 08:52:58,133 [om1-groupManagement] INFO  server.RaftServerConfigKeys (ConfUtils.java:logGet(46)) - raft.server.rpc.request.timeout = 3000ms (default)
2024-06-20 08:52:58,133 [om1-groupManagement] INFO  server.RaftServerConfigKeys (ConfUtils.java:logGet(46)) - raft.server.log.appender.install.snapshot.enabled = false (custom)
2024-06-20 08:52:58,133 [om1-groupManagement] INFO  server.RaftServerConfigKeys (ConfUtils.java:logGet(46)) - raft.server.threadpool.server.cached = true (default)
2024-06-20 08:52:58,133 [om1-groupManagement] INFO  server.RaftServerConfigKeys (ConfUtils.java:logGet(46)) - raft.server.threadpool.server.size = 0 (default)
2024-06-20 08:52:58,133 [om1-groupManagement] INFO  server.RaftServerConfigKeys (ConfUtils.java:logGet(46)) - raft.server.threadpool.client.cached = true (default)
2024-06-20 08:52:58,133 [om1-groupManagement] INFO  server.RaftServerConfigKeys (ConfUtils.java:logGet(46)) - raft.server.threadpool.client.size = 0 (default)
2024-06-20 08:52:58,363 [main] INFO  reflections.Reflections (Reflections.java:scan(219)) - Reflections took 232 ms to scan 20 urls, producing 59 keys and 6581 values
2024-06-20 08:52:58,364 [main] INFO  ipc.CallQueueManager (CallQueueManager.java:<init>(90)) - Using callQueue: class java.util.concurrent.LinkedBlockingQueue, queueCapacity: 2000, scheduler: class org.apache.hadoop.ipc.DefaultRpcScheduler, ipcBackoff: false.
2024-06-20 08:52:58,365 [main] INFO  ipc.Server (Server.java:<init>(1287)) - Listener at 127.0.0.1:15174
2024-06-20 08:52:58,365 [Socket Reader #1 for port 15174] INFO  ipc.Server (Server.java:run(1323)) - Starting Socket Reader #1 for port 15174
2024-06-20 08:52:58,379 [main] INFO  impl.MetricsSystemImpl (MetricsSystemImpl.java:init(158)) - OzoneManager metrics system started (again)
2024-06-20 08:52:58,386 [main] INFO  om.OzoneManager (OzoneManager.java:start(1650)) - OzoneManager RPC server is listening at localhost/127.0.0.1:15174
2024-06-20 08:52:58,387 [main] INFO  ratis.OzoneManagerRatisServer (OzoneManagerRatisServer.java:start(594)) - Starting OzoneManagerRatisServer om1 at port 15177
2024-06-20 08:52:58,387 [om1-impl-thread1] INFO  server.RaftServerConfigKeys (ConfUtils.java:logGet(46)) - raft.server.storage.free-space.min = 0MB (=0) (default)
2024-06-20 08:52:58,387 [om1-impl-thread1] INFO  server.RaftServerConfigKeys (ConfUtils.java:logGet(46)) - raft.server.log.corruption.policy = EXCEPTION (default)
2024-06-20 08:52:58,387 [om1-impl-thread1] INFO  server.RaftServerConfigKeys (ConfUtils.java:logGet(46)) - raft.server.storage.dir = [/home/runner/work/ozone/ozone/hadoop-ozone/integration-test/target/test-dir/MiniOzoneClusterImpl-37413a93-aae1-485d-bfde-7eb2d60b5fbe/ozone-meta/ratis] (custom)
2024-06-20 08:52:58,387 [om1-impl-thread1] INFO  storage.RaftStorageDirectory (RaftStorageDirectoryImpl.java:analyzeStorage(138)) - The storage directory /home/runner/work/ozone/ozone/hadoop-ozone/integration-test/target/test-dir/MiniOzoneClusterImpl-37413a93-aae1-485d-bfde-7eb2d60b5fbe/ozone-meta/ratis/bf265839-605b-3f16-9796-c5ba1605619e does not exist. Creating ...
2024-06-20 08:52:58,388 [om1-impl-thread1] INFO  storage.RaftStorageDirectory (RaftStorageDirectoryImpl.java:tryLock(228)) - Lock on /home/runner/work/ozone/ozone/hadoop-ozone/integration-test/target/test-dir/MiniOzoneClusterImpl-37413a93-aae1-485d-bfde-7eb2d60b5fbe/ozone-meta/ratis/bf265839-605b-3f16-9796-c5ba1605619e/in_use.lock acquired by nodename 133180@fv-az1423-512
2024-06-20 08:52:58,389 [om1-impl-thread1] INFO  storage.RaftStorage (RaftStorageImpl.java:format(99)) - Storage directory /home/runner/work/ozone/ozone/hadoop-ozone/integration-test/target/test-dir/MiniOzoneClusterImpl-37413a93-aae1-485d-bfde-7eb2d60b5fbe/ozone-meta/ratis/bf265839-605b-3f16-9796-c5ba1605619e has been successfully formatted.
2024-06-20 08:52:58,389 [om1-impl-thread1] WARN  util.FileUtils (LogUtils.java:supplyAndLog(63)) - Failed to Files.newInputStream /home/runner/work/ozone/ozone/hadoop-ozone/integration-test/target/test-dir/MiniOzoneClusterImpl-37413a93-aae1-485d-bfde-7eb2d60b5fbe/ozone-meta/ratis/bf265839-605b-3f16-9796-c5ba1605619e/current/raft-meta.conf with options []: java.nio.file.NoSuchFileException: /home/runner/work/ozone/ozone/hadoop-ozone/integration-test/target/test-dir/MiniOzoneClusterImpl-37413a93-aae1-485d-bfde-7eb2d60b5fbe/ozone-meta/ratis/bf265839-605b-3f16-9796-c5ba1605619e/current/raft-meta.conf
2024-06-20 08:52:58,389 [om1-impl-thread1] INFO  server.RaftServerConfigKeys (ConfUtils.java:logGet(46)) - raft.server.log.use.memory = false (default)
2024-06-20 08:52:58,389 [om1-impl-thread1] INFO  server.RaftServerConfigKeys (ConfUtils.java:logGet(46)) - raft.server.log.purge.gap = 1000000 (custom)
2024-06-20 08:52:58,390 [om1-impl-thread1] INFO  server.RaftServerConfigKeys (ConfUtils.java:logGet(46)) - raft.server.log.appender.buffer.byte-limit = 4194304 (custom)
2024-06-20 08:52:58,390 [om1-impl-thread1] INFO  server.RaftServerConfigKeys (ConfUtils.java:logGet(46)) - raft.server.log.statemachine.data.read.timeout = 1000ms (default)
2024-06-20 08:52:58,390 [om1-impl-thread1] INFO  server.RaftServerConfigKeys (ConfUtils.java:logGet(46)) - raft.server.log.purge.preservation.log.num = 0 (default)
2024-06-20 08:52:58,390 [om1-impl-thread1] INFO  server.RaftServerConfigKeys (ConfUtils.java:logGet(46)) - raft.server.log.segment.size.max = 4194304 (custom)
2024-06-20 08:52:58,391 [om1-impl-thread1] INFO  server.RaftServerConfigKeys (ConfUtils.java:logGet(46)) - raft.server.log.segment.cache.num.max = 2 (custom)
2024-06-20 08:52:58,391 [om1-impl-thread1] INFO  server.RaftServerConfigKeys (ConfUtils.java:logGet(46)) - raft.server.log.segment.cache.size.max = 200MB (=209715200) (default)
2024-06-20 08:52:58,391 [om1-impl-thread1] INFO  server.RaftServerConfigKeys (ConfUtils.java:logGet(46)) - raft.server.log.appender.buffer.byte-limit = 4194304 (custom)
2024-06-20 08:52:58,391 [om1-impl-thread1] INFO  util.AwaitToRun (AwaitToRun.java:start(81)) - Thread[om1@group-C5BA1605619E-cacheEviction-AwaitToRun,5,main] started
2024-06-20 08:52:58,391 [om1-impl-thread1] INFO  segmented.SegmentedRaftLogWorker (SegmentedRaftLogWorker.java:<init>(182)) - new om1@group-C5BA1605619E-SegmentedRaftLogWorker for RaftStorageImpl:Storage Directory /home/runner/work/ozone/ozone/hadoop-ozone/integration-test/target/test-dir/MiniOzoneClusterImpl-37413a93-aae1-485d-bfde-7eb2d60b5fbe/ozone-meta/ratis/bf265839-605b-3f16-9796-c5ba1605619e
2024-06-20 08:52:58,391 [om1-impl-thread1] INFO  server.RaftServerConfigKeys (ConfUtils.java:logGet(46)) - raft.server.log.queue.byte-limit = 64MB (=67108864) (default)
2024-06-20 08:52:58,391 [om1-impl-thread1] INFO  server.RaftServerConfigKeys (ConfUtils.java:logGet(46)) - raft.server.log.queue.element-limit = 4096 (default)
2024-06-20 08:52:58,391 [om1-impl-thread1] INFO  server.RaftServerConfigKeys (ConfUtils.java:logGet(46)) - raft.server.log.segment.size.max = 4194304 (custom)
2024-06-20 08:52:58,391 [om1-impl-thread1] INFO  server.RaftServerConfigKeys (ConfUtils.java:logGet(46)) - raft.server.log.preallocated.size = 4194304 (custom)
2024-06-20 08:52:58,391 [om1-impl-thread1] INFO  server.RaftServerConfigKeys (ConfUtils.java:logGet(46)) - raft.server.log.force.sync.num = 128 (default)
2024-06-20 08:52:58,391 [om1-impl-thread1] INFO  server.RaftServerConfigKeys (ConfUtils.java:logGet(46)) - raft.server.log.statemachine.data.sync = true (default)
2024-06-20 08:52:58,391 [om1-impl-thread1] INFO  server.RaftServerConfigKeys (ConfUtils.java:logGet(46)) - raft.server.log.statemachine.data.sync.timeout = 10s (default)
2024-06-20 08:52:58,392 [om1-impl-thread1] INFO  server.RaftServerConfigKeys (ConfUtils.java:logGet(46)) - raft.server.log.statemachine.data.sync.timeout.retry = -1 (default)
2024-06-20 08:52:58,392 [om1-impl-thread1] INFO  server.RaftServerConfigKeys (ConfUtils.java:logGet(46)) - raft.server.log.write.buffer.size = 4194312 (custom)
2024-06-20 08:52:58,393 [om1-impl-thread1] INFO  server.RaftServerConfigKeys (ConfUtils.java:logGet(46)) - raft.server.log.appender.buffer.byte-limit = 4194304 (custom)
2024-06-20 08:52:58,393 [om1-impl-thread1] INFO  server.RaftServerConfigKeys (ConfUtils.java:logGet(46)) - raft.server.log.unsafe-flush.enabled = false (default)
2024-06-20 08:52:58,393 [om1-impl-thread1] INFO  server.RaftServerConfigKeys (ConfUtils.java:logGet(46)) - raft.server.log.async-flush.enabled = false (default)
2024-06-20 08:52:58,393 [om1-impl-thread1] INFO  server.RaftServerConfigKeys (ConfUtils.java:logGet(46)) - raft.server.log.statemachine.data.caching.enabled = false (default)
2024-06-20 08:52:58,393 [om1-impl-thread1] INFO  segmented.SegmentedRaftLogWorker (SegmentedRaftLogWorker.java:lambda$new$0(134)) - om1@group-C5BA1605619E-SegmentedRaftLogWorker: flushIndex: setUnconditionally 0 -> -1
2024-06-20 08:52:58,393 [om1-impl-thread1] INFO  segmented.SegmentedRaftLogWorker (SegmentedRaftLogWorker.java:lambda$new$0(134)) - om1@group-C5BA1605619E-SegmentedRaftLogWorker: safeCacheEvictIndex: setUnconditionally 0 -> -1
2024-06-20 08:52:58,394 [om1-impl-thread1] INFO  server.RaftServer$Division (RaftServerImpl.java:start(396)) - om1@group-C5BA1605619E: start as a follower, conf=-1: peers:[om1|localhost:15177]|listeners:[], old=null
2024-06-20 08:52:58,394 [om1-impl-thread1] INFO  server.RaftServer$Division (RaftServerImpl.java:setRole(383)) - om1@group-C5BA1605619E: changes role from      null to FOLLOWER at term 0 for startAsFollower
2024-06-20 08:52:58,394 [om1-impl-thread1] INFO  impl.RoleInfo (RoleInfo.java:updateAndGet(139)) - om1: start om1@group-C5BA1605619E-FollowerState
2024-06-20 08:52:58,394 [om1@group-C5BA1605619E-FollowerState] INFO  server.RaftServerConfigKeys (ConfUtils.java:logFallback(53)) - raft.server.rpc.first-election.timeout.min = 1s (fallback to raft.server.rpc.timeout.min)
2024-06-20 08:52:58,394 [om1@group-C5BA1605619E-FollowerState] INFO  server.RaftServerConfigKeys (ConfUtils.java:logFallback(53)) - raft.server.rpc.first-election.timeout.max = 1200ms (fallback to raft.server.rpc.timeout.max)
2024-06-20 08:52:58,394 [om1-impl-thread1] INFO  util.JmxRegister (JmxRegister.java:tryRegister(44)) - Successfully registered JMX Bean with object name Ratis:service=RaftServer,group=group-C5BA1605619E,id=om1
2024-06-20 08:52:58,395 [om1-impl-thread1] INFO  server.RaftServerConfigKeys (ConfUtils.java:logGet(46)) - raft.server.snapshot.trigger-when-stop.enabled = true (default)
2024-06-20 08:52:58,395 [om1-impl-thread1] INFO  server.RaftServerConfigKeys (ConfUtils.java:logGet(46)) - raft.server.snapshot.auto.trigger.enabled = true (custom)
2024-06-20 08:52:58,395 [om1-impl-thread1] INFO  server.RaftServerConfigKeys (ConfUtils.java:logGet(46)) - raft.server.snapshot.auto.trigger.threshold = 400000 (default)
2024-06-20 08:52:58,395 [om1-impl-thread1] INFO  server.RaftServerConfigKeys (ConfUtils.java:logGet(46)) - raft.server.snapshot.retention.file.num = -1 (default)
2024-06-20 08:52:58,395 [om1-impl-thread1] INFO  server.RaftServerConfigKeys (ConfUtils.java:logGet(46)) - raft.server.log.purge.upto.snapshot.index = true (custom)
2024-06-20 08:52:58,397 [main] INFO  server.RaftServer (RaftServerProxy.java:startImpl(406)) - om1: start RPC server
2024-06-20 08:52:58,398 [main] INFO  server.GrpcService (GrpcService.java:startImpl(302)) - om1: GrpcService started, listening on 15177
2024-06-20 08:52:58,398 [JvmPauseMonitor31] INFO  util.JvmPauseMonitor (JvmPauseMonitor.java:run(146)) - JvmPauseMonitor-om1: Started
2024-06-20 08:52:58,399 [main] INFO  om.OzoneManager (OzoneManager.java:start(1666)) - Version File has different layout version (6) than OM DB (null). That is expected if this OM has never been finalized to a newer layout version.
2024-06-20 08:52:58,401 [main] INFO  client.ScmTopologyClient (ScmTopologyClient.java:start(72)) - Initial network topology fetched from SCM: /.
2024-06-20 08:52:58,401 [main] INFO  net.NodeSchemaLoader (NodeSchemaLoader.java:loadSchemaFromFile(129)) - Loading schema from [file:/home/runner/work/ozone/ozone/hadoop-hdds/common/target/classes/network-topology-default.xml]
2024-06-20 08:52:58,401 [main] INFO  net.NodeSchemaLoader (NodeSchemaLoader.java:loadSchema(176)) - Loading network topology layer schema file
2024-06-20 08:52:58,405 [main] INFO  http.BaseHttpServer (BaseHttpServer.java:newHttpServer2BuilderForOzone(223)) - Starting Web-server for ozoneManager at: http://0.0.0.0:15175
2024-06-20 08:52:58,405 [main] INFO  http.BaseHttpServer (BaseHttpServer.java:<init>(110)) - Hadoop Security Enabled: false Ozone Security Enabled: false Ozone HTTP Security Enabled: false 
2024-06-20 08:52:58,406 [main] WARN  server.AuthenticationFilter (AuthenticationFilter.java:constructSecretProvider(240)) - Unable to initialize FileSignerSecretProvider, falling back to use random secrets. Reason: Could not read signature secret file: /home/runner/hadoop-http-auth-signature-secret
2024-06-20 08:52:58,406 [main] INFO  http.HttpRequestLog (HttpRequestLog.java:getRequestLog(86)) - Http request log for http.requests.ozoneManager is not defined
2024-06-20 08:52:58,407 [main] INFO  http.HttpServer2 (HttpServer2.java:addGlobalFilter(1036)) - Added global filter 'safety' (class=org.apache.hadoop.hdds.server.http.HttpServer2$QuotingInputFilter)
2024-06-20 08:52:58,408 [main] INFO  http.HttpServer2 (HttpServer2.java:addFilter(1012)) - Added filter static_user_filter (class=org.apache.hadoop.http.lib.StaticUserWebFilter$StaticUserFilter) to context ozoneManager
2024-06-20 08:52:58,408 [main] INFO  http.HttpServer2 (HttpServer2.java:addFilter(1020)) - Added filter static_user_filter (class=org.apache.hadoop.http.lib.StaticUserWebFilter$StaticUserFilter) to context logs
2024-06-20 08:52:58,408 [main] INFO  http.HttpServer2 (HttpServer2.java:addFilter(1020)) - Added filter static_user_filter (class=org.apache.hadoop.http.lib.StaticUserWebFilter$StaticUserFilter) to context static
2024-06-20 08:52:58,408 [main] INFO  http.BaseHttpServer (BaseHttpServer.java:<init>(189)) - HTTP server of ozoneManager uses base directory /home/runner/work/ozone/ozone/hadoop-ozone/integration-test/target/test-dir/MiniOzoneClusterImpl-37413a93-aae1-485d-bfde-7eb2d60b5fbe/ozone-meta/webserver
2024-06-20 08:52:58,409 [main] INFO  http.HttpServer2 (HttpServer2.java:bindListener(1236)) - Jetty bound to port 15175
2024-06-20 08:52:58,409 [main] INFO  server.Server (Server.java:doStart(375)) - jetty-9.4.54.v20240208; built: 2024-02-08T19:42:39.027Z; git: cef3fbd6d736a21e7d541a5db490381d95a2047d; jvm 17.0.11+9
2024-06-20 08:52:58,410 [main] INFO  server.session (DefaultSessionIdManager.java:doStart(334)) - DefaultSessionIdManager workerName=node0
2024-06-20 08:52:58,410 [main] INFO  server.session (DefaultSessionIdManager.java:doStart(339)) - No SessionScavenger set, using defaults
2024-06-20 08:52:58,410 [main] INFO  server.session (HouseKeeper.java:startScavenging(132)) - node0 Scavenging every 660000ms
2024-06-20 08:52:58,411 [main] INFO  handler.ContextHandler (ContextHandler.java:doStart(921)) - Started o.e.j.s.ServletContextHandler@176e95bb{logs,/logs,file:///home/runner/work/ozone/ozone/hadoop-ozone/integration-test/target/log,AVAILABLE}
2024-06-20 08:52:58,411 [main] INFO  handler.ContextHandler (ContextHandler.java:doStart(921)) - Started o.e.j.s.ServletContextHandler@16a67578{static,/static,file:///home/runner/work/ozone/ozone/hadoop-ozone/integration-test/target/test-classes/webapps/static,AVAILABLE}
2024-06-20 08:52:58,415 [main] INFO  handler.ContextHandler (ContextHandler.java:doStart(921)) - Started o.e.j.w.WebAppContext@5a09ae5c{ozoneManager,/,file:///home/runner/work/ozone/ozone/hadoop-ozone/integration-test/target/test-classes/webapps/ozoneManager/,AVAILABLE}{file:/home/runner/work/ozone/ozone/hadoop-ozone/integration-test/target/test-classes/webapps/ozoneManager}
2024-06-20 08:52:58,415 [main] INFO  server.AbstractConnector (AbstractConnector.java:doStart(333)) - Started ServerConnector@6d237951{HTTP/1.1, (http/1.1)}{0.0.0.0:15175}
2024-06-20 08:52:58,415 [main] INFO  server.Server (Server.java:doStart(415)) - Started @169892ms
2024-06-20 08:52:58,415 [main] WARN  impl.MetricsSystemImpl (MetricsSystemImpl.java:register(279)) - Sink prometheus already exists!
2024-06-20 08:52:58,416 [main] INFO  http.BaseHttpServer (BaseHttpServer.java:updateConnectorAddress(354)) - HTTP server of ozoneManager listening at http://0.0.0.0:15175
2024-06-20 08:52:58,416 [IPC Server Responder] INFO  ipc.Server (Server.java:run(1562)) - IPC Server Responder: starting
2024-06-20 08:52:58,418 [IPC Server listener on 15174] INFO  ipc.Server (Server.java:run(1402)) - IPC Server listener on 15174: starting
2024-06-20 08:52:58,419 [main] INFO  om.OzoneManager (OzoneManager.java:startTrashEmptier(2121)) - Trash Interval set to 0. Files deleted won't move to trash
2024-06-20 08:52:58,422 [main] WARN  dropwizard3.Dm3MetricRegistriesImpl (Dm3MetricRegistriesImpl.java:addReporterRegistration(113)) - New reporters are added after registries were created. Some metrics will be missing from the reporter. Please add reporter before adding any new registry.
2024-06-20 08:52:58,422 [main] WARN  dropwizard3.Dm3MetricRegistriesImpl (Dm3MetricRegistriesImpl.java:addReporterRegistration(113)) - New reporters are added after registries were created. Some metrics will be missing from the reporter. Please add reporter before adding any new registry.
2024-06-20 08:52:58,422 [main] INFO  impl.MetricsSystemImpl (MetricsSystemImpl.java:init(158)) - HddsDatanode metrics system started (again)
2024-06-20 08:52:58,430 [main] INFO  ozone.HddsDatanodeService (HddsDatanodeService.java:start(237)) - HddsDatanodeService host:fv-az1423-512.ei5rwdf52qxuxllzxeqjam05jd.ex.internal.cloudapp.net ip:10.1.0.106
2024-06-20 08:52:58,431 [main] INFO  upgrade.AbstractLayoutVersionManager (AbstractLayoutVersionManager.java:init(83)) - Initializing Layout version manager with metadata layout = HADOOP_PRC_PORTS_IN_DATANODEDETAILS (version = 7), software layout = HADOOP_PRC_PORTS_IN_DATANODEDETAILS (version = 7)
2024-06-20 08:52:58,432 [main] INFO  statemachine.DatanodeStateMachine (DatanodeStateMachine.java:getEndPointTaskThreadPoolSize(293)) - Datanode State Machine Task Thread Pool size 2
2024-06-20 08:52:58,433 [main] INFO  volume.HddsVolume (HddsVolume.java:<init>(126)) - Creating HddsVolume: /home/runner/work/ozone/ozone/hadoop-ozone/integration-test/target/test-dir/MiniOzoneClusterImpl-37413a93-aae1-485d-bfde-7eb2d60b5fbe/ozone-meta/datanode-1/data-0/hdds of storage type : DISK capacity : 9222449699674390527
2024-06-20 08:52:58,433 [main] INFO  volume.MutableVolumeSet (MutableVolumeSet.java:initializeVolumeSet(173)) - Added Volume : /home/runner/work/ozone/ozone/hadoop-ozone/integration-test/target/test-dir/MiniOzoneClusterImpl-37413a93-aae1-485d-bfde-7eb2d60b5fbe/ozone-meta/datanode-1/data-0/hdds to VolumeSet
2024-06-20 08:52:58,434 [main] INFO  volume.MutableVolumeSet (MutableVolumeSet.java:initializeVolumeSet(173)) - Added Volume : /home/runner/work/ozone/ozone/hadoop-ozone/integration-test/target/test-dir/MiniOzoneClusterImpl-37413a93-aae1-485d-bfde-7eb2d60b5fbe/ozone-meta/datanode-1/ratis to VolumeSet
2024-06-20 08:52:58,434 [main] INFO  ozoneimpl.OzoneContainer (HddsVolumeUtil.java:loadAllHddsVolumeDbStore(103)) - Load 1 volumes DbStore cost: 0ms
2024-06-20 08:52:58,436 [main] INFO  server.RaftServer (ConfUtils.java:logGet(46)) - raft.rpc.type = GRPC (default)
2024-06-20 08:52:58,436 [main] INFO  grpc.GrpcConfigKeys (ConfUtils.java:logFallback(53)) - raft.grpc.admin.host = null (fallback to raft.grpc.server.host)
2024-06-20 08:52:58,437 [main] INFO  grpc.GrpcConfigKeys (ConfUtils.java:logGet(46)) - raft.grpc.admin.port = 15183 (custom)
2024-06-20 08:52:58,437 [main] INFO  grpc.GrpcConfigKeys (ConfUtils.java:logFallback(53)) - raft.grpc.client.host = null (fallback to raft.grpc.server.host)
2024-06-20 08:52:58,437 [main] INFO  grpc.GrpcConfigKeys (ConfUtils.java:logGet(46)) - raft.grpc.client.port = 15182 (custom)
2024-06-20 08:52:58,437 [main] INFO  grpc.GrpcConfigKeys (ConfUtils.java:logGet(46)) - raft.grpc.server.host = null (default)
2024-06-20 08:52:58,437 [main] INFO  grpc.GrpcConfigKeys (ConfUtils.java:logGet(46)) - raft.grpc.server.port = 15184 (custom)
2024-06-20 08:52:58,437 [main] INFO  server.GrpcService (ConfUtils.java:logGet(46)) - raft.grpc.message.size.max = 32MB (=33554432) (custom)
2024-06-20 08:52:58,437 [main] INFO  server.RaftServerConfigKeys (ConfUtils.java:logGet(46)) - raft.server.log.appender.buffer.byte-limit = 8388608 (custom)
2024-06-20 08:52:58,437 [main] INFO  server.GrpcService (ConfUtils.java:logGet(46)) - raft.grpc.flow.control.window = 5MB (=5242880) (custom)
2024-06-20 08:52:58,437 [main] INFO  server.RaftServerConfigKeys (ConfUtils.java:logGet(46)) - raft.server.rpc.request.timeout = 60s (custom)
2024-06-20 08:52:58,438 [main] INFO  grpc.GrpcConfigKeys (ConfUtils.java:logGet(46)) - raft.grpc.server.heartbeat.channel = true (default)
2024-06-20 08:52:58,438 [main] INFO  grpc.GrpcConfigKeys (ConfUtils.java:logGet(46)) - raft.grpc.server.async.request.thread.pool.cached = true (default)
2024-06-20 08:52:58,438 [main] INFO  grpc.GrpcConfigKeys (ConfUtils.java:logGet(46)) - raft.grpc.server.async.request.thread.pool.size = 32 (default)
2024-06-20 08:52:58,439 [main] INFO  impl.DataStreamServerImpl (ConfUtils.java:logGet(46)) - raft.datastream.type = NETTY (custom)
2024-06-20 08:52:58,440 [main] INFO  server.RaftServerConfigKeys (ConfUtils.java:logGet(46)) - raft.server.data-stream.async.request.thread.pool.cached = false (default)
2024-06-20 08:52:58,440 [main] INFO  server.RaftServerConfigKeys (ConfUtils.java:logGet(46)) - raft.server.data-stream.async.request.thread.pool.size = 20 (custom)
2024-06-20 08:52:58,440 [main] INFO  server.RaftServerConfigKeys (ConfUtils.java:logGet(46)) - raft.server.data-stream.async.write.thread.pool.size = 16 (default)
2024-06-20 08:52:58,440 [main] INFO  netty.NettyConfigKeys$DataStream (ConfUtils.java:logGet(46)) - raft.netty.dataStream.server.channel.inactive.grace-period = 10min (default)
2024-06-20 08:52:58,440 [main] INFO  server.RaftServerConfigKeys (ConfUtils.java:logGet(46)) - raft.server.data-stream.client.pool.size = 10 (default)
2024-06-20 08:52:58,440 [main] INFO  netty.NettyConfigKeys$DataStream (ConfUtils.java:logGet(46)) - raft.netty.dataStream.server.use-epoll = true (default)
2024-06-20 08:52:58,440 [main] INFO  netty.NettyConfigKeys$DataStream (ConfUtils.java:logGet(46)) - raft.netty.dataStream.server.boss-group.size = 0 (default)
2024-06-20 08:52:58,440 [main] INFO  netty.NettyUtils (NettyUtils.java:newEventLoopGroup(69)) - Create EpollEventLoopGroup for 3a211404-6ca4-4ebc-bc53-908f8eaf8373-NettyServerStreamRpc-bossGroup; Thread size is 0.
2024-06-20 08:52:58,441 [main] INFO  netty.NettyConfigKeys$DataStream (ConfUtils.java:logGet(46)) - raft.netty.dataStream.server.worker-group.size = 0 (default)
2024-06-20 08:52:58,441 [main] INFO  netty.NettyUtils (NettyUtils.java:newEventLoopGroup(69)) - Create EpollEventLoopGroup for 3a211404-6ca4-4ebc-bc53-908f8eaf8373-NettyServerStreamRpc-workerGroup; Thread size is 0.
2024-06-20 08:52:58,441 [main] INFO  netty.NettyConfigKeys$DataStream (ConfUtils.java:logGet(46)) - raft.netty.dataStream.server.tls.conf = null (default)
2024-06-20 08:52:58,441 [main] INFO  netty.NettyConfigKeys$DataStream (ConfUtils.java:logGet(46)) - raft.netty.dataStream.host = null (default)
2024-06-20 08:52:58,441 [main] INFO  netty.NettyConfigKeys$DataStream (ConfUtils.java:logGet(46)) - raft.netty.dataStream.port = 15185 (custom)
2024-06-20 08:52:58,442 [main] INFO  server.RaftServerConfigKeys (ConfUtils.java:logGet(46)) - raft.server.sleep.deviation.threshold = 300ms (default)
2024-06-20 08:52:58,442 [main] INFO  server.RaftServerConfigKeys (ConfUtils.java:logGet(46)) - raft.server.close.threshold = 60s (default)
2024-06-20 08:52:58,442 [main] INFO  server.RaftServerConfigKeys (ConfUtils.java:logGet(46)) - raft.server.leaderelection.leader.step-down.wait-time = 10s (default)
2024-06-20 08:52:58,442 [3a211404-6ca4-4ebc-bc53-908f8eaf8373-NettyServerStreamRpc-bossGroup--thread1] INFO  logging.LoggingHandler (AbstractInternalLogger.java:log(148)) - [id: 0x8ec09cfb] REGISTERED
2024-06-20 08:52:58,442 [main] INFO  server.RaftServerConfigKeys (ConfUtils.java:logGet(46)) - raft.server.storage.dir = [/home/runner/work/ozone/ozone/hadoop-ozone/integration-test/target/test-dir/MiniOzoneClusterImpl-37413a93-aae1-485d-bfde-7eb2d60b5fbe/ozone-meta/datanode-1/ratis] (custom)
2024-06-20 08:52:58,442 [3a211404-6ca4-4ebc-bc53-908f8eaf8373-NettyServerStreamRpc-bossGroup--thread1] INFO  logging.LoggingHandler (AbstractInternalLogger.java:log(148)) - [id: 0x8ec09cfb] BIND: 0.0.0.0/0.0.0.0:15185
2024-06-20 08:52:58,442 [main] INFO  server.RaftServerConfigKeys (ConfUtils.java:logGet(46)) - raft.server.threadpool.proxy.cached = true (default)
2024-06-20 08:52:58,443 [main] INFO  server.RaftServerConfigKeys (ConfUtils.java:logGet(46)) - raft.server.threadpool.proxy.size = 0 (default)
2024-06-20 08:52:58,443 [3a211404-6ca4-4ebc-bc53-908f8eaf8373-NettyServerStreamRpc-bossGroup--thread1] INFO  logging.LoggingHandler (AbstractInternalLogger.java:log(148)) - [id: 0x8ec09cfb, L:/0.0.0.0:15185] ACTIVE
2024-06-20 08:52:58,443 [3a211404-6ca4-4ebc-bc53-908f8eaf8373-impl-thread1] INFO  server.RaftServer (RaftServerProxy.java:initGroupDir(264)) - 3a211404-6ca4-4ebc-bc53-908f8eaf8373: found a subdirectory /home/runner/work/ozone/ozone/hadoop-ozone/integration-test/target/test-dir/MiniOzoneClusterImpl-37413a93-aae1-485d-bfde-7eb2d60b5fbe/ozone-meta/datanode-1/ratis/tmp
2024-06-20 08:52:58,443 [3a211404-6ca4-4ebc-bc53-908f8eaf8373-impl-thread1] INFO  server.RaftServer (RaftServerProxy.java:initGroupDir(269)) - 3a211404-6ca4-4ebc-bc53-908f8eaf8373: The directory /home/runner/work/ozone/ozone/hadoop-ozone/integration-test/target/test-dir/MiniOzoneClusterImpl-37413a93-aae1-485d-bfde-7eb2d60b5fbe/ozone-meta/datanode-1/ratis/tmp is not a group directory; ignoring it. 
2024-06-20 08:52:58,443 [main] INFO  replication.ReplicationServer (ReplicationServer.java:<init>(86)) - Initializing replication server with thread count = 10 queue length = 4096
2024-06-20 08:52:58,444 [main] INFO  server.XceiverServerGrpc (XceiverServerGrpc.java:<init>(141)) - GrpcServer channel type EpollServerSocketChannel
2024-06-20 08:52:58,446 [main] INFO  replication.ReplicationSupervisor (ReplicationSupervisor.java:build(157)) - Initializing replication supervisor with thread count = 10
2024-06-20 08:52:58,446 [main] INFO  replication.ReplicationSupervisor (ReplicationSupervisor.java:nodeStateUpdated(312)) - Node state updated to IN_SERVICE, scaling executor pool size to 10
2024-06-20 08:52:58,448 [main] INFO  http.BaseHttpServer (BaseHttpServer.java:newHttpServer2BuilderForOzone(223)) - Starting Web-server for hddsDatanode at: http://0.0.0.0:15179
2024-06-20 08:52:58,448 [main] INFO  http.BaseHttpServer (BaseHttpServer.java:<init>(110)) - Hadoop Security Enabled: false Ozone Security Enabled: false Ozone HTTP Security Enabled: false 
2024-06-20 08:52:58,449 [main] WARN  server.AuthenticationFilter (AuthenticationFilter.java:constructSecretProvider(240)) - Unable to initialize FileSignerSecretProvider, falling back to use random secrets. Reason: Could not read signature secret file: /home/runner/hadoop-http-auth-signature-secret
2024-06-20 08:52:58,449 [main] INFO  http.HttpRequestLog (HttpRequestLog.java:getRequestLog(86)) - Http request log for http.requests.hddsDatanode is not defined
2024-06-20 08:52:58,450 [main] INFO  http.HttpServer2 (HttpServer2.java:addGlobalFilter(1036)) - Added global filter 'safety' (class=org.apache.hadoop.hdds.server.http.HttpServer2$QuotingInputFilter)
2024-06-20 08:52:58,451 [main] INFO  http.HttpServer2 (HttpServer2.java:addFilter(1012)) - Added filter static_user_filter (class=org.apache.hadoop.http.lib.StaticUserWebFilter$StaticUserFilter) to context hddsDatanode
2024-06-20 08:52:58,451 [main] INFO  http.HttpServer2 (HttpServer2.java:addFilter(1020)) - Added filter static_user_filter (class=org.apache.hadoop.http.lib.StaticUserWebFilter$StaticUserFilter) to context logs
2024-06-20 08:52:58,451 [main] INFO  http.HttpServer2 (HttpServer2.java:addFilter(1020)) - Added filter static_user_filter (class=org.apache.hadoop.http.lib.StaticUserWebFilter$StaticUserFilter) to context static
2024-06-20 08:52:58,451 [main] INFO  http.BaseHttpServer (BaseHttpServer.java:<init>(189)) - HTTP server of hddsDatanode uses base directory /home/runner/work/ozone/ozone/hadoop-ozone/integration-test/target/test-dir/MiniOzoneClusterImpl-37413a93-aae1-485d-bfde-7eb2d60b5fbe/ozone-meta/datanode-1/meta/webserver
2024-06-20 08:52:58,452 [main] INFO  http.HttpServer2 (HttpServer2.java:bindListener(1236)) - Jetty bound to port 15179
2024-06-20 08:52:58,452 [main] INFO  server.Server (Server.java:doStart(375)) - jetty-9.4.54.v20240208; built: 2024-02-08T19:42:39.027Z; git: cef3fbd6d736a21e7d541a5db490381d95a2047d; jvm 17.0.11+9
2024-06-20 08:52:58,456 [main] INFO  server.session (DefaultSessionIdManager.java:doStart(334)) - DefaultSessionIdManager workerName=node0
2024-06-20 08:52:58,456 [main] INFO  server.session (DefaultSessionIdManager.java:doStart(339)) - No SessionScavenger set, using defaults
2024-06-20 08:52:58,456 [main] INFO  server.session (HouseKeeper.java:startScavenging(132)) - node0 Scavenging every 660000ms
2024-06-20 08:52:58,456 [main] INFO  handler.ContextHandler (ContextHandler.java:doStart(921)) - Started o.e.j.s.ServletContextHandler@51413e47{logs,/logs,file:///home/runner/work/ozone/ozone/hadoop-ozone/integration-test/target/log,AVAILABLE}
2024-06-20 08:52:58,457 [main] INFO  handler.ContextHandler (ContextHandler.java:doStart(921)) - Started o.e.j.s.ServletContextHandler@72577420{static,/static,file:///home/runner/work/ozone/ozone/hadoop-hdds/container-service/target/classes/webapps/static,AVAILABLE}
2024-06-20 08:52:58,460 [main] INFO  handler.ContextHandler (ContextHandler.java:doStart(921)) - Started o.e.j.w.WebAppContext@37cc352e{hddsDatanode,/,file:///home/runner/work/ozone/ozone/hadoop-hdds/container-service/target/classes/webapps/hddsDatanode/,AVAILABLE}{file:/home/runner/work/ozone/ozone/hadoop-hdds/container-service/target/classes/webapps/hddsDatanode}
2024-06-20 08:52:58,460 [main] INFO  server.AbstractConnector (AbstractConnector.java:doStart(333)) - Started ServerConnector@41902ed{HTTP/1.1, (http/1.1)}{0.0.0.0:15179}
2024-06-20 08:52:58,460 [main] INFO  server.Server (Server.java:doStart(415)) - Started @169937ms
2024-06-20 08:52:58,460 [main] WARN  impl.MetricsSystemImpl (MetricsSystemImpl.java:register(279)) - Sink prometheus already exists!
2024-06-20 08:52:58,461 [main] INFO  http.BaseHttpServer (BaseHttpServer.java:updateConnectorAddress(354)) - HTTP server of hddsDatanode listening at http://0.0.0.0:15179
2024-06-20 08:52:58,461 [main] INFO  ipc.CallQueueManager (CallQueueManager.java:<init>(90)) - Using callQueue: class java.util.concurrent.LinkedBlockingQueue, queueCapacity: 100, scheduler: class org.apache.hadoop.ipc.DefaultRpcScheduler, ipcBackoff: false.
2024-06-20 08:52:58,461 [main] INFO  ipc.Server (Server.java:<init>(1287)) - Listener at 0.0.0.0:15180
2024-06-20 08:52:58,462 [Socket Reader #1 for port 15180] INFO  ipc.Server (Server.java:run(1323)) - Starting Socket Reader #1 for port 15180
2024-06-20 08:52:58,464 [main] INFO  ozone.HddsDatanodeService (HddsDatanodeService.java:start(321)) - Datanode start with admins: [runner]
2024-06-20 08:52:58,464 [main] INFO  ozone.HddsDatanodeClientProtocolServer (HddsDatanodeClientProtocolServer.java:start(77)) - RPC server for Client /0.0.0.0:15180
2024-06-20 08:52:58,464 [IPC Server Responder] INFO  ipc.Server (Server.java:run(1562)) - IPC Server Responder: starting
2024-06-20 08:52:58,468 [IPC Server listener on 15180] INFO  ipc.Server (Server.java:run(1402)) - IPC Server listener on 15180: starting
2024-06-20 08:52:58,468 [3a211404-6ca4-4ebc-bc53-908f8eaf8373-DatanodeStateMachineDaemonThread] INFO  statemachine.DatanodeStateMachine (DatanodeStateMachine.java:lambda$startDaemon$1(545)) - Ozone container server started.
2024-06-20 08:52:58,469 [main] INFO  ozone.MiniOzoneClusterImpl (MiniOzoneClusterImpl.java:lambda$waitForClusterToBeReady$0(194)) - Waiting for nodes to be ready. Got 0 of 1 DN Heartbeats.
2024-06-20 08:52:58,469 [main] INFO  ozone.MiniOzoneClusterImpl (MiniOzoneClusterImpl.java:lambda$waitForClusterToBeReady$0(197)) - Waiting for cluster to exit safe mode
2024-06-20 08:52:58,469 [main] INFO  ozone.MiniOzoneClusterImpl (MiniOzoneClusterImpl.java:lambda$waitForClusterToBeReady$0(199)) - SCM became leader
2024-06-20 08:52:58,472 [3a211404-6ca4-4ebc-bc53-908f8eaf8373-DatanodeStateMachineTaskThread-0] INFO  datanode.InitDatanodeState (InitDatanodeState.java:persistContainerDatanodeDetails(139)) - DatanodeDetails is persisted to /home/runner/work/ozone/ozone/hadoop-ozone/integration-test/target/test-dir/MiniOzoneClusterImpl-37413a93-aae1-485d-bfde-7eb2d60b5fbe/ozone-meta/datanode-1/meta/datanode.id
2024-06-20 08:52:59,423 [om1@group-C5BA1605619E-FollowerState] INFO  impl.FollowerState (FollowerState.java:run(143)) - om1@group-C5BA1605619E-FollowerState: change to CANDIDATE, lastRpcElapsedTime:1029551804ns, electionTimeout:1029ms
2024-06-20 08:52:59,423 [om1@group-C5BA1605619E-FollowerState] INFO  impl.RoleInfo (RoleInfo.java:shutdownFollowerState(110)) - om1: shutdown om1@group-C5BA1605619E-FollowerState
2024-06-20 08:52:59,423 [om1@group-C5BA1605619E-FollowerState] INFO  server.RaftServer$Division (RaftServerImpl.java:setRole(383)) - om1@group-C5BA1605619E: changes role from  FOLLOWER to CANDIDATE at term 0 for changeToCandidate
2024-06-20 08:52:59,424 [om1@group-C5BA1605619E-FollowerState] INFO  server.RaftServerConfigKeys (ConfUtils.java:logGet(46)) - raft.server.leaderelection.pre-vote = true (default)
2024-06-20 08:52:59,424 [om1@group-C5BA1605619E-FollowerState] INFO  impl.RoleInfo (RoleInfo.java:updateAndGet(139)) - om1: start om1@group-C5BA1605619E-LeaderElection12
2024-06-20 08:52:59,424 [om1@group-C5BA1605619E-LeaderElection12] INFO  impl.LeaderElection (LeaderElection.java:askForVotes(321)) - om1@group-C5BA1605619E-LeaderElection12 PRE_VOTE round 0: submit vote requests at term 0 for -1: peers:[om1|localhost:15177]|listeners:[], old=null
2024-06-20 08:52:59,424 [om1@group-C5BA1605619E-LeaderElection12] INFO  impl.LeaderElection (LeaderElection.java:askForVotes(323)) - om1@group-C5BA1605619E-LeaderElection12 PRE_VOTE round 0: result PASSED (term=0)
2024-06-20 08:52:59,425 [om1@group-C5BA1605619E-LeaderElection12] INFO  impl.LeaderElection (LeaderElection.java:askForVotes(321)) - om1@group-C5BA1605619E-LeaderElection12 ELECTION round 0: submit vote requests at term 1 for -1: peers:[om1|localhost:15177]|listeners:[], old=null
2024-06-20 08:52:59,425 [om1@group-C5BA1605619E-LeaderElection12] INFO  impl.LeaderElection (LeaderElection.java:askForVotes(323)) - om1@group-C5BA1605619E-LeaderElection12 ELECTION round 0: result PASSED (term=1)
2024-06-20 08:52:59,425 [om1@group-C5BA1605619E-LeaderElection12] INFO  impl.RoleInfo (RoleInfo.java:shutdownLeaderElection(130)) - om1: shutdown om1@group-C5BA1605619E-LeaderElection12
2024-06-20 08:52:59,425 [om1@group-C5BA1605619E-LeaderElection12] INFO  server.RaftServer$Division (RaftServerImpl.java:setRole(383)) - om1@group-C5BA1605619E: changes role from CANDIDATE to LEADER at term 1 for changeToLeader
2024-06-20 08:52:59,425 [om1@group-C5BA1605619E-LeaderElection12] INFO  server.RaftServerConfigKeys (ConfUtils.java:logGet(46)) - raft.server.staging.catchup.gap = 1000 (default)
2024-06-20 08:52:59,426 [om1@group-C5BA1605619E-LeaderElection12] INFO  server.RaftServerConfigKeys (ConfUtils.java:logGet(46)) - raft.server.write.element-limit = 4096 (default)
2024-06-20 08:52:59,426 [om1@group-C5BA1605619E-LeaderElection12] INFO  server.RaftServerConfigKeys (ConfUtils.java:logGet(46)) - raft.server.write.byte-limit = 64MB (=67108864) (default)
2024-06-20 08:52:59,426 [om1@group-C5BA1605619E-LeaderElection12] INFO  server.RaftServerConfigKeys (ConfUtils.java:logGet(46)) - raft.server.watch.timeout = 10s (default)
2024-06-20 08:52:59,426 [om1@group-C5BA1605619E-LeaderElection12] INFO  server.RaftServerConfigKeys (ConfUtils.java:logGet(46)) - raft.server.watch.timeout.denomination = 1s (default)
2024-06-20 08:52:59,426 [om1@group-C5BA1605619E-LeaderElection12] INFO  server.RaftServerConfigKeys (ConfUtils.java:logGet(46)) - raft.server.watch.element-limit = 65536 (default)
2024-06-20 08:52:59,426 [om1@group-C5BA1605619E-LeaderElection12] INFO  server.RaftServerConfigKeys (ConfUtils.java:logGet(46)) - raft.server.read.leader.lease.enabled = false (default)
2024-06-20 08:52:59,426 [om1@group-C5BA1605619E-LeaderElection12] INFO  server.RaftServerConfigKeys (ConfUtils.java:logGet(46)) - raft.server.read.leader.lease.timeout.ratio = 0.9 (default)
2024-06-20 08:52:59,426 [om1@group-C5BA1605619E-LeaderElection12] INFO  server.RaftServerConfigKeys (ConfUtils.java:logGet(46)) - raft.server.rpc.timeout.min = 1s (custom)
2024-06-20 08:52:59,426 [om1@group-C5BA1605619E-LeaderElection12] INFO  server.RaftServerConfigKeys (ConfUtils.java:logGet(46)) - raft.server.write.element-limit = 4096 (default)
2024-06-20 08:52:59,426 [om1@group-C5BA1605619E-LeaderElection12] INFO  server.RaftServerConfigKeys (ConfUtils.java:logGet(46)) - raft.server.write.follower.gap.ratio.max = -1.0 (default)
2024-06-20 08:52:59,426 [om1@group-C5BA1605619E-LeaderElection12] INFO  impl.RoleInfo (RoleInfo.java:updateAndGet(139)) - om1: start om1@group-C5BA1605619E-LeaderStateImpl
2024-06-20 08:52:59,427 [om1@group-C5BA1605619E-LeaderElection12] INFO  server.RaftServer$Division (RaftServerImpl.java:setFirstElection(574)) - om1@group-C5BA1605619E: set firstElectionSinceStartup to false for becomeLeader
2024-06-20 08:52:59,427 [om1@group-C5BA1605619E-LeaderElection12] INFO  server.RaftServer$Division (ServerState.java:setLeader(269)) - om1@group-C5BA1605619E: change Leader from null to om1 at term 1 for becomeLeader, leader elected after 1295ms
2024-06-20 08:52:59,427 [om1@group-C5BA1605619E-LeaderElection12] INFO  segmented.SegmentedRaftLogWorker (SegmentedRaftLogWorker.java:startLogSegment(430)) - om1@group-C5BA1605619E-SegmentedRaftLogWorker: Starting segment from index:0
2024-06-20 08:52:59,427 [om1@group-C5BA1605619E-LeaderElection12] INFO  server.RaftServer$Division (ServerState.java:setRaftConf(386)) - om1@group-C5BA1605619E: set configuration 0: peers:[om1|localhost:15177]|listeners:[], old=null
2024-06-20 08:52:59,427 [om1@group-C5BA1605619E-SegmentedRaftLogWorker] INFO  segmented.BufferedWriteChannel (BufferedWriteChannel.java:open(62)) - open log_inprogress_0 at position 0
2024-06-20 08:52:59,436 [om1@group-C5BA1605619E-SegmentedRaftLogWorker] INFO  segmented.SegmentedRaftLogWorker (SegmentedRaftLogWorker.java:execute(634)) - om1@group-C5BA1605619E-SegmentedRaftLogWorker: created new log segment /home/runner/work/ozone/ozone/hadoop-ozone/integration-test/target/test-dir/MiniOzoneClusterImpl-37413a93-aae1-485d-bfde-7eb2d60b5fbe/ozone-meta/ratis/bf265839-605b-3f16-9796-c5ba1605619e/current/log_inprogress_0
2024-06-20 08:52:59,437 [om1@group-C5BA1605619E-StateMachineUpdater] INFO  ratis.OzoneManagerStateMachine (OzoneManagerStateMachine.java:notifyConfigurationChanged(212)) - Received Configuration change notification from Ratis. New Peer list:
[id: "om1"
address: "localhost:15177"
startupRole: FOLLOWER
]
2024-06-20 08:52:59,437 [om1@group-C5BA1605619E-StateMachineUpdater] INFO  server.RaftServer$Division (LeaderStateImpl.java:isApplied(320)) - leader is ready since appliedIndex == 0 >= startIndex == 0
2024-06-20 08:52:59,469 [main] INFO  ozone.MiniOzoneClusterImpl (MiniOzoneClusterImpl.java:lambda$waitForClusterToBeReady$0(194)) - Waiting for nodes to be ready. Got 0 of 1 DN Heartbeats.
2024-06-20 08:52:59,469 [main] INFO  ozone.MiniOzoneClusterImpl (MiniOzoneClusterImpl.java:lambda$waitForClusterToBeReady$0(197)) - Waiting for cluster to exit safe mode
2024-06-20 08:52:59,469 [main] INFO  ozone.MiniOzoneClusterImpl (MiniOzoneClusterImpl.java:lambda$waitForClusterToBeReady$0(199)) - SCM became leader
2024-06-20 08:53:00,470 [main] INFO  ozone.MiniOzoneClusterImpl (MiniOzoneClusterImpl.java:lambda$waitForClusterToBeReady$0(194)) - Waiting for nodes to be ready. Got 0 of 1 DN Heartbeats.
2024-06-20 08:53:00,470 [main] INFO  ozone.MiniOzoneClusterImpl (MiniOzoneClusterImpl.java:lambda$waitForClusterToBeReady$0(197)) - Waiting for cluster to exit safe mode
2024-06-20 08:53:00,470 [main] INFO  ozone.MiniOzoneClusterImpl (MiniOzoneClusterImpl.java:lambda$waitForClusterToBeReady$0(199)) - SCM became leader
2024-06-20 08:53:00,490 [3a211404-6ca4-4ebc-bc53-908f8eaf8373-EndpointStateMachineTaskThread-/0.0.0.0:15172-0 ] INFO  utils.DatanodeStoreCache (DatanodeStoreCache.java:addDB(72)) - Added db /home/runner/work/ozone/ozone/hadoop-ozone/integration-test/target/test-dir/MiniOzoneClusterImpl-37413a93-aae1-485d-bfde-7eb2d60b5fbe/ozone-meta/datanode-1/data-0/hdds/37413a93-aae1-485d-bfde-7eb2d60b5fbe/DS-9bd767b0-9850-47b0-aa59-b6eabb6e344a/container.db to cache
2024-06-20 08:53:00,490 [3a211404-6ca4-4ebc-bc53-908f8eaf8373-EndpointStateMachineTaskThread-/0.0.0.0:15172-0 ] INFO  volume.HddsVolume (HddsVolume.java:createDbStore(437)) - SchemaV3 db is created and loaded at /home/runner/work/ozone/ozone/hadoop-ozone/integration-test/target/test-dir/MiniOzoneClusterImpl-37413a93-aae1-485d-bfde-7eb2d60b5fbe/ozone-meta/datanode-1/data-0/hdds/37413a93-aae1-485d-bfde-7eb2d60b5fbe/DS-9bd767b0-9850-47b0-aa59-b6eabb6e344a/container.db for volume DS-9bd767b0-9850-47b0-aa59-b6eabb6e344a
2024-06-20 08:53:00,492 [3a211404-6ca4-4ebc-bc53-908f8eaf8373-ContainerReader-0] INFO  ozoneimpl.ContainerReader (ContainerReader.java:readVolume(148)) - Start to verify containers on volume /home/runner/work/ozone/ozone/hadoop-ozone/integration-test/target/test-dir/MiniOzoneClusterImpl-37413a93-aae1-485d-bfde-7eb2d60b5fbe/ozone-meta/datanode-1/data-0/hdds
2024-06-20 08:53:00,492 [3a211404-6ca4-4ebc-bc53-908f8eaf8373-ContainerReader-0] INFO  ozoneimpl.ContainerReader (ContainerReader.java:readVolume(178)) - Finish verifying containers on volume /home/runner/work/ozone/ozone/hadoop-ozone/integration-test/target/test-dir/MiniOzoneClusterImpl-37413a93-aae1-485d-bfde-7eb2d60b5fbe/ozone-meta/datanode-1/data-0/hdds
2024-06-20 08:53:00,492 [3a211404-6ca4-4ebc-bc53-908f8eaf8373-EndpointStateMachineTaskThread-/0.0.0.0:15172-0 ] INFO  ozoneimpl.OzoneContainer (OzoneContainer.java:buildContainerSet(328)) - Build ContainerSet costs 0s
2024-06-20 08:53:00,492 [3a211404-6ca4-4ebc-bc53-908f8eaf8373-EndpointStateMachineTaskThread-/0.0.0.0:15172-0 ] INFO  volume.ThrottledAsyncChecker (ThrottledAsyncChecker.java:schedule(141)) - Scheduling a check for /home/runner/work/ozone/ozone/hadoop-ozone/integration-test/target/test-dir/MiniOzoneClusterImpl-37413a93-aae1-485d-bfde-7eb2d60b5fbe/ozone-meta/datanode-1/data-0/hdds
2024-06-20 08:53:00,492 [3a211404-6ca4-4ebc-bc53-908f8eaf8373-EndpointStateMachineTaskThread-/0.0.0.0:15172-0 ] INFO  volume.StorageVolumeChecker (StorageVolumeChecker.java:checkAllVolumes(218)) - Scheduled health check for volume /home/runner/work/ozone/ozone/hadoop-ozone/integration-test/target/test-dir/MiniOzoneClusterImpl-37413a93-aae1-485d-bfde-7eb2d60b5fbe/ozone-meta/datanode-1/data-0/hdds
2024-06-20 08:53:00,493 [3a211404-6ca4-4ebc-bc53-908f8eaf8373-EndpointStateMachineTaskThread-/0.0.0.0:15172-0 ] INFO  volume.ThrottledAsyncChecker (ThrottledAsyncChecker.java:schedule(141)) - Scheduling a check for /home/runner/work/ozone/ozone/hadoop-ozone/integration-test/target/test-dir/MiniOzoneClusterImpl-37413a93-aae1-485d-bfde-7eb2d60b5fbe/ozone-meta/datanode-1/ratis
2024-06-20 08:53:00,493 [3a211404-6ca4-4ebc-bc53-908f8eaf8373-EndpointStateMachineTaskThread-/0.0.0.0:15172-0 ] INFO  volume.StorageVolumeChecker (StorageVolumeChecker.java:checkAllVolumes(218)) - Scheduled health check for volume /home/runner/work/ozone/ozone/hadoop-ozone/integration-test/target/test-dir/MiniOzoneClusterImpl-37413a93-aae1-485d-bfde-7eb2d60b5fbe/ozone-meta/datanode-1/ratis
2024-06-20 08:53:00,494 [3a211404-6ca4-4ebc-bc53-908f8eaf8373-EndpointStateMachineTaskThread-/0.0.0.0:15172-0 ] INFO  ozoneimpl.OzoneContainer (OzoneContainer.java:start(459)) - Attempting to start container services.
2024-06-20 08:53:00,494 [ContainerMetadataScanner] INFO  ozoneimpl.AbstractBackgroundContainerScanner (AbstractBackgroundContainerScanner.java:runIteration(87)) - Completed an iteration in 0 minutes. Number of iterations (since the data-node restart) : 1, Number of containers scanned in this iteration : 0, Number of unhealthy containers found in this iteration : 0
2024-06-20 08:53:00,495 [ContainerDataScanner(/home/runner/work/ozone/ozone/hadoop-ozone/integration-test/target/test-dir/MiniOzoneClusterImpl-37413a93-aae1-485d-bfde-7eb2d60b5fbe/ozone-meta/datanode-1/data-0/hdds)] INFO  ozoneimpl.AbstractBackgroundContainerScanner (AbstractBackgroundContainerScanner.java:runIteration(87)) - Completed an iteration in 0 minutes. Number of iterations (since the data-node restart) : 1, Number of containers scanned in this iteration : 0, Number of unhealthy containers found in this iteration : 0
2024-06-20 08:53:00,495 [3a211404-6ca4-4ebc-bc53-908f8eaf8373-EndpointStateMachineTaskThread-/0.0.0.0:15172-0 ] INFO  replication.ReplicationServer (ReplicationServer.java:start(142)) - ReplicationServer is started using port 15186
2024-06-20 08:53:00,495 [3a211404-6ca4-4ebc-bc53-908f8eaf8373-EndpointStateMachineTaskThread-/0.0.0.0:15172-0 ] INFO  ratis.XceiverServerRatis (XceiverServerRatis.java:start(566)) - Starting XceiverServerRatis 3a211404-6ca4-4ebc-bc53-908f8eaf8373
2024-06-20 08:53:00,496 [3a211404-6ca4-4ebc-bc53-908f8eaf8373-EndpointStateMachineTaskThread-/0.0.0.0:15172-0 ] INFO  server.RaftServer (RaftServerProxy.java:startImpl(406)) - 3a211404-6ca4-4ebc-bc53-908f8eaf8373: start RPC server
2024-06-20 08:53:00,496 [3a211404-6ca4-4ebc-bc53-908f8eaf8373-EndpointStateMachineTaskThread-/0.0.0.0:15172-0 ] INFO  server.GrpcService (GrpcService.java:startImpl(302)) - 3a211404-6ca4-4ebc-bc53-908f8eaf8373: GrpcService started, listening on 15182
2024-06-20 08:53:00,496 [3a211404-6ca4-4ebc-bc53-908f8eaf8373-EndpointStateMachineTaskThread-/0.0.0.0:15172-0 ] INFO  server.GrpcService (GrpcService.java:startImpl(302)) - 3a211404-6ca4-4ebc-bc53-908f8eaf8373: GrpcService started, listening on 15184
2024-06-20 08:53:00,496 [3a211404-6ca4-4ebc-bc53-908f8eaf8373-EndpointStateMachineTaskThread-/0.0.0.0:15172-0 ] INFO  server.GrpcService (GrpcService.java:startImpl(302)) - 3a211404-6ca4-4ebc-bc53-908f8eaf8373: GrpcService started, listening on 15183
2024-06-20 08:53:00,496 [3a211404-6ca4-4ebc-bc53-908f8eaf8373-EndpointStateMachineTaskThread-/0.0.0.0:15172-0 ] INFO  ratis.XceiverServerRatis (XceiverServerRatis.java:getRealPort(592)) - XceiverServerRatis 3a211404-6ca4-4ebc-bc53-908f8eaf8373 is started using port 15182 for RATIS
2024-06-20 08:53:00,497 [3a211404-6ca4-4ebc-bc53-908f8eaf8373-EndpointStateMachineTaskThread-/0.0.0.0:15172-0 ] INFO  ratis.XceiverServerRatis (XceiverServerRatis.java:getRealPort(592)) - XceiverServerRatis 3a211404-6ca4-4ebc-bc53-908f8eaf8373 is started using port 15183 for RATIS_ADMIN
2024-06-20 08:53:00,497 [3a211404-6ca4-4ebc-bc53-908f8eaf8373-EndpointStateMachineTaskThread-/0.0.0.0:15172-0 ] INFO  ratis.XceiverServerRatis (XceiverServerRatis.java:getRealPort(592)) - XceiverServerRatis 3a211404-6ca4-4ebc-bc53-908f8eaf8373 is started using port 15184 for RATIS_SERVER
2024-06-20 08:53:00,497 [3a211404-6ca4-4ebc-bc53-908f8eaf8373-EndpointStateMachineTaskThread-/0.0.0.0:15172-0 ] INFO  ratis.XceiverServerRatis (XceiverServerRatis.java:getRealPort(592)) - XceiverServerRatis 3a211404-6ca4-4ebc-bc53-908f8eaf8373 is started using port 15185 for RATIS_DATASTREAM
2024-06-20 08:53:00,497 [JvmPauseMonitor32] INFO  util.JvmPauseMonitor (JvmPauseMonitor.java:run(146)) - JvmPauseMonitor-3a211404-6ca4-4ebc-bc53-908f8eaf8373: Started
2024-06-20 08:53:00,498 [3a211404-6ca4-4ebc-bc53-908f8eaf8373-BlockDeletingService#0] INFO  interfaces.ContainerDeletionChoosingPolicyTemplate (ContainerDeletionChoosingPolicyTemplate.java:chooseContainerForBlockDeletion(85)) - Chosen 0/5000 blocks from 0 candidate containers.
2024-06-20 08:53:01,470 [main] INFO  ozone.MiniOzoneClusterImpl (MiniOzoneClusterImpl.java:lambda$waitForClusterToBeReady$0(194)) - Waiting for nodes to be ready. Got 0 of 1 DN Heartbeats.
2024-06-20 08:53:01,470 [main] INFO  ozone.MiniOzoneClusterImpl (MiniOzoneClusterImpl.java:lambda$waitForClusterToBeReady$0(197)) - Waiting for cluster to exit safe mode
2024-06-20 08:53:01,470 [main] INFO  ozone.MiniOzoneClusterImpl (MiniOzoneClusterImpl.java:lambda$waitForClusterToBeReady$0(199)) - SCM became leader
2024-06-20 08:53:02,471 [main] INFO  ozone.MiniOzoneClusterImpl (MiniOzoneClusterImpl.java:lambda$waitForClusterToBeReady$0(194)) - Waiting for nodes to be ready. Got 0 of 1 DN Heartbeats.
2024-06-20 08:53:02,471 [main] INFO  ozone.MiniOzoneClusterImpl (MiniOzoneClusterImpl.java:lambda$waitForClusterToBeReady$0(197)) - Waiting for cluster to exit safe mode
2024-06-20 08:53:02,471 [main] INFO  ozone.MiniOzoneClusterImpl (MiniOzoneClusterImpl.java:lambda$waitForClusterToBeReady$0(199)) - SCM became leader
2024-06-20 08:53:02,471 [IPC Server handler 0 on default port 15172] INFO  net.NetworkTopologyImpl (NetworkTopologyImpl.java:add(134)) - Added a new node: /default-rack/3a211404-6ca4-4ebc-bc53-908f8eaf8373
2024-06-20 08:53:02,471 [IPC Server handler 0 on default port 15172] INFO  node.SCMNodeManager (SCMNodeManager.java:register(421)) - Registered datanode: 3a211404-6ca4-4ebc-bc53-908f8eaf8373{ip: 127.0.0.1, host: localhost, ports: [HTTP=15179, CLIENT_RPC=15180, REPLICATION=15186, RATIS=15182, RATIS_ADMIN=15183, RATIS_SERVER=15184, RATIS_DATASTREAM=15185, STANDALONE=15181], networkLocation: /default-rack, certSerialId: null, persistedOpState: null, persistedOpStateExpiryEpochSec: 0}
2024-06-20 08:53:02,472 [EventQueue-NewNodeForNewNodeHandler] INFO  pipeline.BackgroundPipelineCreator (BackgroundPipelineCreator.java:notifyEventTriggered(280)) - trigger a one-shot run on RatisPipelineUtilsThread.
2024-06-20 08:53:02,472 [EventQueue-NodeRegistrationContainerReportForDataNodeSafeModeRule] INFO  safemode.SCMSafeModeManager (DataNodeSafeModeRule.java:process(71)) - SCM in safe mode. 1 DataNodes registered, 1 required.
2024-06-20 08:53:02,472 [RatisPipelineUtilsThread-0] INFO  pipeline.RatisPipelineProvider (RatisPipelineProvider.java:lambda$create$0(205)) - Sending CreatePipelineCommand for pipeline:PipelineID=fb1bdc12-2724-4755-a5f7-a2a95399ac4d to datanode:3a211404-6ca4-4ebc-bc53-908f8eaf8373
2024-06-20 08:53:02,472 [EventQueue-NodeRegistrationContainerReportForDataNodeSafeModeRule] INFO  safemode.SCMSafeModeManager (SCMSafeModeManager.java:validateSafeModeExitRules(203)) - DataNodeSafeModeRule rule is successfully validated
2024-06-20 08:53:02,472 [EventQueue-NodeRegistrationContainerReportForDataNodeSafeModeRule] INFO  safemode.SCMSafeModeManager (SCMSafeModeManager.java:completePreCheck(232)) - All SCM safe mode pre check rules have passed
2024-06-20 08:53:02,472 [EventQueue-NodeRegistrationContainerReportForDataNodeSafeModeRule] INFO  ha.SCMContext (SCMContext.java:updateSafeModeStatus(225)) - Update SafeModeStatus from SafeModeStatus{safeModeStatus=true, preCheckPassed=false} to SafeModeStatus{safeModeStatus=true, preCheckPassed=true}.
2024-06-20 08:53:02,473 [EventQueue-NodeRegistrationContainerReportForDataNodeSafeModeRule] INFO  pipeline.BackgroundPipelineCreator (BackgroundPipelineCreator.java:notifyEventTriggered(280)) - trigger a one-shot run on RatisPipelineUtilsThread.
2024-06-20 08:53:02,473 [EventQueue-PipelineReportForOneReplicaPipelineSafeModeRule] INFO  safemode.SCMSafeModeManager (SCMSafeModeManager.java:validateSafeModeExitRules(203)) - AtleastOneDatanodeReportedRule rule is successfully validated
2024-06-20 08:53:02,473 [EventQueue-NodeRegistrationContainerReportForContainerSafeModeRule] INFO  safemode.SCMSafeModeManager (SCMSafeModeManager.java:validateSafeModeExitRules(203)) - ContainerSafeModeRule rule is successfully validated
2024-06-20 08:53:02,473 [RatisPipelineUtilsThread-0] INFO  pipeline.BackgroundPipelineCreator (BackgroundPipelineCreator.java:createPipelines(236)) - Created new pipeline Pipeline[ Id: fb1bdc12-2724-4755-a5f7-a2a95399ac4d, Nodes: 3a211404-6ca4-4ebc-bc53-908f8eaf8373(localhost/127.0.0.1), ReplicationConfig: RATIS/ONE, State:ALLOCATED, leaderId:, CreationTimestamp2024-06-20T08:53:02.472464256Z[Etc/UTC]]
2024-06-20 08:53:02,473 [RatisPipelineUtilsThread-0] WARN  scm.SCMCommonPlacementPolicy (SCMCommonPlacementPolicy.java:filterNodesWithSpace(287)) - Unable to find enough nodes that meet the space requirement of 1073741824 bytes for metadata and 5368709120 bytes for data in healthy node set. Required 3. Found 1.
2024-06-20 08:53:02,474 [RatisPipelineUtilsThread-0] WARN  scm.SCMCommonPlacementPolicy (SCMCommonPlacementPolicy.java:filterNodesWithSpace(287)) - Unable to find enough nodes that meet the space requirement of 1073741824 bytes for metadata and 5368709120 bytes for data in healthy node set. Required 3. Found 1.
2024-06-20 08:53:03,471 [main] INFO  ozone.MiniOzoneClusterImpl (MiniOzoneClusterImpl.java:lambda$waitForClusterToBeReady$0(194)) - Nodes are ready. Got 1 of 1 DN Heartbeats.
2024-06-20 08:53:03,471 [main] INFO  ozone.MiniOzoneClusterImpl (MiniOzoneClusterImpl.java:lambda$waitForClusterToBeReady$0(197)) - Waiting for cluster to exit safe mode
2024-06-20 08:53:03,471 [main] INFO  ozone.MiniOzoneClusterImpl (MiniOzoneClusterImpl.java:lambda$waitForClusterToBeReady$0(199)) - SCM became leader
2024-06-20 08:53:04,472 [main] INFO  ozone.MiniOzoneClusterImpl (MiniOzoneClusterImpl.java:lambda$waitForClusterToBeReady$0(194)) - Nodes are ready. Got 1 of 1 DN Heartbeats.
2024-06-20 08:53:04,472 [main] INFO  ozone.MiniOzoneClusterImpl (MiniOzoneClusterImpl.java:lambda$waitForClusterToBeReady$0(197)) - Waiting for cluster to exit safe mode
2024-06-20 08:53:04,472 [main] INFO  ozone.MiniOzoneClusterImpl (MiniOzoneClusterImpl.java:lambda$waitForClusterToBeReady$0(199)) - SCM became leader
2024-06-20 08:53:05,470 [3a211404-6ca4-4ebc-bc53-908f8eaf8373-PipelineCommandHandlerThread-0] INFO  server.RaftServer (RaftServerProxy.java:addNew(100)) - 3a211404-6ca4-4ebc-bc53-908f8eaf8373: addNew group-A2A95399AC4D:[3a211404-6ca4-4ebc-bc53-908f8eaf8373|127.0.0.1:15184] returns group-A2A95399AC4D:java.util.concurrent.CompletableFuture@1ad799b0[Not completed]
2024-06-20 08:53:05,470 [3a211404-6ca4-4ebc-bc53-908f8eaf8373-groupManagement] INFO  server.RaftServer$Division (RaftServerImpl.java:<init>(256)) - 3a211404-6ca4-4ebc-bc53-908f8eaf8373: new RaftServerImpl for group-A2A95399AC4D:[3a211404-6ca4-4ebc-bc53-908f8eaf8373|127.0.0.1:15184] with ContainerStateMachine:uninitialized
2024-06-20 08:53:05,471 [3a211404-6ca4-4ebc-bc53-908f8eaf8373-groupManagement] INFO  server.RaftServerConfigKeys (ConfUtils.java:logGet(46)) - raft.server.rpc.timeout.min = 5s (custom)
2024-06-20 08:53:05,471 [3a211404-6ca4-4ebc-bc53-908f8eaf8373-groupManagement] INFO  server.RaftServerConfigKeys (ConfUtils.java:logGet(46)) - raft.server.rpc.timeout.max = 5200ms (custom)
2024-06-20 08:53:05,471 [3a211404-6ca4-4ebc-bc53-908f8eaf8373-groupManagement] INFO  server.RaftServerConfigKeys (ConfUtils.java:logGet(46)) - raft.server.rpc.sleep.time = 25ms (default)
2024-06-20 08:53:05,471 [3a211404-6ca4-4ebc-bc53-908f8eaf8373-groupManagement] INFO  server.RaftServerConfigKeys (ConfUtils.java:logGet(46)) - raft.server.rpc.slowness.timeout = 300s (custom)
2024-06-20 08:53:05,471 [3a211404-6ca4-4ebc-bc53-908f8eaf8373-groupManagement] INFO  server.RaftServerConfigKeys (ConfUtils.java:logGet(46)) - raft.server.leaderelection.leader.step-down.wait-time = 10s (default)
2024-06-20 08:53:05,471 [3a211404-6ca4-4ebc-bc53-908f8eaf8373-groupManagement] INFO  server.RaftServerConfigKeys (ConfUtils.java:logGet(46)) - raft.server.leaderelection.member.majority-add = false (default)
2024-06-20 08:53:05,471 [3a211404-6ca4-4ebc-bc53-908f8eaf8373-groupManagement] INFO  server.RaftServerConfigKeys (ConfUtils.java:logGet(46)) - raft.server.sleep.deviation.threshold = 300ms (default)
2024-06-20 08:53:05,471 [3a211404-6ca4-4ebc-bc53-908f8eaf8373-groupManagement] INFO  server.RaftServer$Division (ServerState.java:<init>(113)) - 3a211404-6ca4-4ebc-bc53-908f8eaf8373@group-A2A95399AC4D: ConfigurationManager, init=-1: peers:[3a211404-6ca4-4ebc-bc53-908f8eaf8373|127.0.0.1:15184]|listeners:[], old=null, confs=<EMPTY_MAP>
2024-06-20 08:53:05,471 [3a211404-6ca4-4ebc-bc53-908f8eaf8373-groupManagement] INFO  server.RaftServerConfigKeys (ConfUtils.java:logGet(46)) - raft.server.notification.no-leader.timeout = 300s (custom)
2024-06-20 08:53:05,471 [3a211404-6ca4-4ebc-bc53-908f8eaf8373-groupManagement] INFO  server.RaftServerConfigKeys (ConfUtils.java:logGet(46)) - raft.server.read.timeout = 10s (default)
2024-06-20 08:53:05,471 [3a211404-6ca4-4ebc-bc53-908f8eaf8373-groupManagement] INFO  server.RaftServerConfigKeys (ConfUtils.java:logGet(46)) - raft.server.retrycache.expirytime = 600000ms (custom)
2024-06-20 08:53:05,471 [3a211404-6ca4-4ebc-bc53-908f8eaf8373-groupManagement] INFO  server.RaftServerConfigKeys (ConfUtils.java:logGet(46)) - raft.server.retrycache.statistics.expirytime = 100ms (default)
2024-06-20 08:53:05,472 [3a211404-6ca4-4ebc-bc53-908f8eaf8373-groupManagement] INFO  server.RaftServerConfigKeys (ConfUtils.java:logGet(46)) - raft.server.read.option = DEFAULT (default)
2024-06-20 08:53:05,472 [3a211404-6ca4-4ebc-bc53-908f8eaf8373-groupManagement] INFO  server.RaftServerConfigKeys (ConfUtils.java:logGet(46)) - raft.server.read.read-after-write-consistent.write-index-cache.expiry-time = 60s (default)
2024-06-20 08:53:05,472 [main] INFO  ozone.MiniOzoneClusterImpl (MiniOzoneClusterImpl.java:lambda$waitForClusterToBeReady$0(194)) - Nodes are ready. Got 1 of 1 DN Heartbeats.
2024-06-20 08:53:05,472 [main] INFO  ozone.MiniOzoneClusterImpl (MiniOzoneClusterImpl.java:lambda$waitForClusterToBeReady$0(197)) - Waiting for cluster to exit safe mode
2024-06-20 08:53:05,472 [main] INFO  ozone.MiniOzoneClusterImpl (MiniOzoneClusterImpl.java:lambda$waitForClusterToBeReady$0(199)) - SCM became leader
2024-06-20 08:53:05,473 [3a211404-6ca4-4ebc-bc53-908f8eaf8373-groupManagement] INFO  server.RaftServerConfigKeys (ConfUtils.java:logGet(46)) - raft.server.rpc.request.timeout = 60s (custom)
2024-06-20 08:53:05,473 [3a211404-6ca4-4ebc-bc53-908f8eaf8373-groupManagement] INFO  server.RaftServerConfigKeys (ConfUtils.java:logGet(46)) - raft.server.log.appender.install.snapshot.enabled = false (custom)
2024-06-20 08:53:05,473 [3a211404-6ca4-4ebc-bc53-908f8eaf8373-groupManagement] INFO  server.RaftServerConfigKeys (ConfUtils.java:logGet(46)) - raft.server.threadpool.server.cached = true (default)
2024-06-20 08:53:05,473 [3a211404-6ca4-4ebc-bc53-908f8eaf8373-groupManagement] INFO  server.RaftServerConfigKeys (ConfUtils.java:logGet(46)) - raft.server.threadpool.server.size = 0 (default)
2024-06-20 08:53:05,473 [3a211404-6ca4-4ebc-bc53-908f8eaf8373-groupManagement] INFO  server.RaftServerConfigKeys (ConfUtils.java:logGet(46)) - raft.server.threadpool.client.cached = true (default)
2024-06-20 08:53:05,473 [3a211404-6ca4-4ebc-bc53-908f8eaf8373-groupManagement] INFO  server.RaftServerConfigKeys (ConfUtils.java:logGet(46)) - raft.server.threadpool.client.size = 0 (default)
2024-06-20 08:53:05,474 [3a211404-6ca4-4ebc-bc53-908f8eaf8373-groupManagement] INFO  server.RaftServerConfigKeys (ConfUtils.java:logGet(46)) - raft.server.storage.free-space.min = 0MB (=0) (default)
2024-06-20 08:53:05,474 [3a211404-6ca4-4ebc-bc53-908f8eaf8373-groupManagement] INFO  server.RaftServerConfigKeys (ConfUtils.java:logGet(46)) - raft.server.log.corruption.policy = EXCEPTION (default)
2024-06-20 08:53:05,474 [3a211404-6ca4-4ebc-bc53-908f8eaf8373-groupManagement] INFO  server.RaftServerConfigKeys (ConfUtils.java:logGet(46)) - raft.server.storage.dir = [/home/runner/work/ozone/ozone/hadoop-ozone/integration-test/target/test-dir/MiniOzoneClusterImpl-37413a93-aae1-485d-bfde-7eb2d60b5fbe/ozone-meta/datanode-1/ratis] (custom)
2024-06-20 08:53:05,474 [3a211404-6ca4-4ebc-bc53-908f8eaf8373-groupManagement] INFO  storage.RaftStorageDirectory (RaftStorageDirectoryImpl.java:analyzeStorage(138)) - The storage directory /home/runner/work/ozone/ozone/hadoop-ozone/integration-test/target/test-dir/MiniOzoneClusterImpl-37413a93-aae1-485d-bfde-7eb2d60b5fbe/ozone-meta/datanode-1/ratis/fb1bdc12-2724-4755-a5f7-a2a95399ac4d does not exist. Creating ...
2024-06-20 08:53:05,475 [3a211404-6ca4-4ebc-bc53-908f8eaf8373-groupManagement] INFO  storage.RaftStorageDirectory (RaftStorageDirectoryImpl.java:tryLock(228)) - Lock on /home/runner/work/ozone/ozone/hadoop-ozone/integration-test/target/test-dir/MiniOzoneClusterImpl-37413a93-aae1-485d-bfde-7eb2d60b5fbe/ozone-meta/datanode-1/ratis/fb1bdc12-2724-4755-a5f7-a2a95399ac4d/in_use.lock acquired by nodename 133180@fv-az1423-512
2024-06-20 08:53:05,476 [3a211404-6ca4-4ebc-bc53-908f8eaf8373-groupManagement] INFO  storage.RaftStorage (RaftStorageImpl.java:format(99)) - Storage directory /home/runner/work/ozone/ozone/hadoop-ozone/integration-test/target/test-dir/MiniOzoneClusterImpl-37413a93-aae1-485d-bfde-7eb2d60b5fbe/ozone-meta/datanode-1/ratis/fb1bdc12-2724-4755-a5f7-a2a95399ac4d has been successfully formatted.
2024-06-20 08:53:05,477 [3a211404-6ca4-4ebc-bc53-908f8eaf8373-groupManagement] WARN  util.FileUtils (LogUtils.java:supplyAndLog(63)) - Failed to Files.newInputStream /home/runner/work/ozone/ozone/hadoop-ozone/integration-test/target/test-dir/MiniOzoneClusterImpl-37413a93-aae1-485d-bfde-7eb2d60b5fbe/ozone-meta/datanode-1/ratis/fb1bdc12-2724-4755-a5f7-a2a95399ac4d/current/raft-meta.conf with options []: java.nio.file.NoSuchFileException: /home/runner/work/ozone/ozone/hadoop-ozone/integration-test/target/test-dir/MiniOzoneClusterImpl-37413a93-aae1-485d-bfde-7eb2d60b5fbe/ozone-meta/datanode-1/ratis/fb1bdc12-2724-4755-a5f7-a2a95399ac4d/current/raft-meta.conf
2024-06-20 08:53:05,477 [3a211404-6ca4-4ebc-bc53-908f8eaf8373-groupManagement] INFO  ratis.ContainerStateMachine (ContainerStateMachine.java:loadSnapshot(287)) - group-A2A95399AC4D: The snapshot info is null. Setting the last applied index to:(t:0, i:~)
2024-06-20 08:53:05,477 [3a211404-6ca4-4ebc-bc53-908f8eaf8373-groupManagement] INFO  server.RaftServerConfigKeys (ConfUtils.java:logGet(46)) - raft.server.log.use.memory = false (default)
2024-06-20 08:53:05,477 [3a211404-6ca4-4ebc-bc53-908f8eaf8373-groupManagement] INFO  server.RaftServerConfigKeys (ConfUtils.java:logGet(46)) - raft.server.log.purge.gap = 1000000 (custom)
2024-06-20 08:53:05,477 [3a211404-6ca4-4ebc-bc53-908f8eaf8373-groupManagement] INFO  server.RaftServerConfigKeys (ConfUtils.java:logGet(46)) - raft.server.log.appender.buffer.byte-limit = 8388608 (custom)
2024-06-20 08:53:05,477 [3a211404-6ca4-4ebc-bc53-908f8eaf8373-groupManagement] INFO  server.RaftServerConfigKeys (ConfUtils.java:logGet(46)) - raft.server.log.statemachine.data.read.timeout = 1000ms (default)
2024-06-20 08:53:05,477 [3a211404-6ca4-4ebc-bc53-908f8eaf8373-groupManagement] INFO  server.RaftServerConfigKeys (ConfUtils.java:logGet(46)) - raft.server.log.purge.preservation.log.num = 0 (default)
2024-06-20 08:53:05,479 [EventQueue-PipelineReportForPipelineReportHandler] INFO  pipeline.PipelineReportHandler (PipelineReportHandler.java:processPipelineReport(136)) - Opened pipeline PipelineID=fb1bdc12-2724-4755-a5f7-a2a95399ac4d
2024-06-20 08:53:05,479 [EventQueue-OpenPipelineForHealthyPipelineSafeModeRule] INFO  safemode.SCMSafeModeManager (SCMSafeModeManager.java:validateSafeModeExitRules(203)) - HealthyPipelineSafeModeRule rule is successfully validated
2024-06-20 08:53:05,479 [EventQueue-OpenPipelineForHealthyPipelineSafeModeRule] INFO  safemode.SCMSafeModeManager (SCMSafeModeManager.java:validateSafeModeExitRules(218)) - ScmSafeModeManager, all rules are successfully validated
2024-06-20 08:53:05,479 [EventQueue-OpenPipelineForHealthyPipelineSafeModeRule] INFO  safemode.SCMSafeModeManager (SCMSafeModeManager.java:exitSafeMode(248)) - SCM exiting safe mode.
2024-06-20 08:53:05,479 [EventQueue-OpenPipelineForHealthyPipelineSafeModeRule] INFO  ha.SCMContext (SCMContext.java:updateSafeModeStatus(225)) - Update SafeModeStatus from SafeModeStatus{safeModeStatus=true, preCheckPassed=true} to SafeModeStatus{safeModeStatus=false, preCheckPassed=true}.
2024-06-20 08:53:05,479 [3a211404-6ca4-4ebc-bc53-908f8eaf8373-groupManagement] INFO  server.RaftServerConfigKeys (ConfUtils.java:logGet(46)) - raft.server.log.segment.size.max = 67108864 (custom)
2024-06-20 08:53:05,479 [EventQueue-OpenPipelineForHealthyPipelineSafeModeRule] INFO  pipeline.BackgroundPipelineCreator (BackgroundPipelineCreator.java:notifyStatusChanged(258)) - Service BackgroundPipelineCreator transitions to RUNNING.
2024-06-20 08:53:05,479 [EventQueue-OpenPipelineForHealthyPipelineSafeModeRule] INFO  BackgroundPipelineScrubber (BackgroundSCMService.java:notifyStatusChanged(79)) - Service BackgroundPipelineScrubber transitions to RUNNING.
2024-06-20 08:53:05,480 [EventQueue-OpenPipelineForHealthyPipelineSafeModeRule] INFO  ExpiredContainerReplicaOpScrubber (BackgroundSCMService.java:notifyStatusChanged(79)) - Service ExpiredContainerReplicaOpScrubber transitions to RUNNING.
2024-06-20 08:53:05,480 [3a211404-6ca4-4ebc-bc53-908f8eaf8373-groupManagement] INFO  server.RaftServerConfigKeys (ConfUtils.java:logGet(46)) - raft.server.log.segment.cache.num.max = 2 (custom)
2024-06-20 08:53:05,480 [3a211404-6ca4-4ebc-bc53-908f8eaf8373-groupManagement] INFO  server.RaftServerConfigKeys (ConfUtils.java:logGet(46)) - raft.server.log.segment.cache.size.max = 200MB (=209715200) (default)
2024-06-20 08:53:05,480 [3a211404-6ca4-4ebc-bc53-908f8eaf8373-groupManagement] INFO  server.RaftServerConfigKeys (ConfUtils.java:logGet(46)) - raft.server.log.appender.buffer.byte-limit = 8388608 (custom)
2024-06-20 08:53:05,480 [EventQueue-OpenPipelineForHealthyPipelineSafeModeRule] INFO  block.SCMBlockDeletingService (SCMBlockDeletingService.java:notifyStatusChanged(247)) - notifyStatusChanged:RUNNING
2024-06-20 08:53:05,480 [EventQueue-OpenPipelineForHealthyPipelineSafeModeRule] INFO  replication.ReplicationManager (ReplicationManager.java:notifyStatusChanged(1406)) - Service ReplicationManager transitions to RUNNING.
2024-06-20 08:53:05,480 [3a211404-6ca4-4ebc-bc53-908f8eaf8373-groupManagement] INFO  util.AwaitToRun (AwaitToRun.java:start(81)) - Thread[3a211404-6ca4-4ebc-bc53-908f8eaf8373@group-A2A95399AC4D-cacheEviction-AwaitToRun,5,main] started
2024-06-20 08:53:05,480 [3a211404-6ca4-4ebc-bc53-908f8eaf8373-groupManagement] INFO  segmented.SegmentedRaftLogWorker (SegmentedRaftLogWorker.java:<init>(182)) - new 3a211404-6ca4-4ebc-bc53-908f8eaf8373@group-A2A95399AC4D-SegmentedRaftLogWorker for RaftStorageImpl:Storage Directory /home/runner/work/ozone/ozone/hadoop-ozone/integration-test/target/test-dir/MiniOzoneClusterImpl-37413a93-aae1-485d-bfde-7eb2d60b5fbe/ozone-meta/datanode-1/ratis/fb1bdc12-2724-4755-a5f7-a2a95399ac4d
2024-06-20 08:53:05,480 [3a211404-6ca4-4ebc-bc53-908f8eaf8373-groupManagement] INFO  server.RaftServerConfigKeys (ConfUtils.java:logGet(46)) - raft.server.log.queue.byte-limit = 4294967296 (custom)
2024-06-20 08:53:05,480 [3a211404-6ca4-4ebc-bc53-908f8eaf8373-groupManagement] INFO  server.RaftServerConfigKeys (ConfUtils.java:logGet(46)) - raft.server.log.queue.element-limit = 1024 (custom)
2024-06-20 08:53:05,480 [3a211404-6ca4-4ebc-bc53-908f8eaf8373-groupManagement] INFO  server.RaftServerConfigKeys (ConfUtils.java:logGet(46)) - raft.server.log.segment.size.max = 67108864 (custom)
2024-06-20 08:53:05,480 [EventQueue-OpenPipelineForHealthyPipelineSafeModeRule] WARN  balancer.ContainerBalancer (ContainerBalancer.java:shouldRun(134)) - Could not find persisted configuration for ContainerBalancer when checking if ContainerBalancer should run. ContainerBalancer should not run now.
2024-06-20 08:53:05,481 [3a211404-6ca4-4ebc-bc53-908f8eaf8373-groupManagement] INFO  server.RaftServerConfigKeys (ConfUtils.java:logGet(46)) - raft.server.log.preallocated.size = 4194304 (custom)
2024-06-20 08:53:05,481 [3a211404-6ca4-4ebc-bc53-908f8eaf8373-groupManagement] INFO  server.RaftServerConfigKeys (ConfUtils.java:logGet(46)) - raft.server.log.force.sync.num = 128 (default)
2024-06-20 08:53:05,481 [3a211404-6ca4-4ebc-bc53-908f8eaf8373-groupManagement] INFO  server.RaftServerConfigKeys (ConfUtils.java:logGet(46)) - raft.server.log.statemachine.data.sync = true (default)
2024-06-20 08:53:05,481 [3a211404-6ca4-4ebc-bc53-908f8eaf8373-groupManagement] INFO  server.RaftServerConfigKeys (ConfUtils.java:logGet(46)) - raft.server.log.statemachine.data.sync.timeout = 10s (default)
2024-06-20 08:53:05,481 [3a211404-6ca4-4ebc-bc53-908f8eaf8373-groupManagement] INFO  server.RaftServerConfigKeys (ConfUtils.java:logGet(46)) - raft.server.log.statemachine.data.sync.timeout.retry = 30 (custom)
2024-06-20 08:53:05,481 [3a211404-6ca4-4ebc-bc53-908f8eaf8373-groupManagement] INFO  server.RaftServerConfigKeys (ConfUtils.java:logGet(46)) - raft.server.log.write.buffer.size = 8388616 (custom)
2024-06-20 08:53:05,482 [3a211404-6ca4-4ebc-bc53-908f8eaf8373-groupManagement] INFO  server.RaftServerConfigKeys (ConfUtils.java:logGet(46)) - raft.server.log.appender.buffer.byte-limit = 8388608 (custom)
2024-06-20 08:53:05,482 [3a211404-6ca4-4ebc-bc53-908f8eaf8373-groupManagement] INFO  server.RaftServerConfigKeys (ConfUtils.java:logGet(46)) - raft.server.log.unsafe-flush.enabled = false (default)
2024-06-20 08:53:05,483 [3a211404-6ca4-4ebc-bc53-908f8eaf8373-groupManagement] INFO  server.RaftServerConfigKeys (ConfUtils.java:logGet(46)) - raft.server.log.async-flush.enabled = false (default)
2024-06-20 08:53:05,483 [3a211404-6ca4-4ebc-bc53-908f8eaf8373-groupManagement] INFO  server.RaftServerConfigKeys (ConfUtils.java:logGet(46)) - raft.server.log.statemachine.data.caching.enabled = true (custom)
2024-06-20 08:53:05,483 [3a211404-6ca4-4ebc-bc53-908f8eaf8373-groupManagement] INFO  segmented.SegmentedRaftLogWorker (SegmentedRaftLogWorker.java:lambda$new$0(134)) - 3a211404-6ca4-4ebc-bc53-908f8eaf8373@group-A2A95399AC4D-SegmentedRaftLogWorker: flushIndex: setUnconditionally 0 -> -1
2024-06-20 08:53:05,483 [3a211404-6ca4-4ebc-bc53-908f8eaf8373-groupManagement] INFO  segmented.SegmentedRaftLogWorker (SegmentedRaftLogWorker.java:lambda$new$0(134)) - 3a211404-6ca4-4ebc-bc53-908f8eaf8373@group-A2A95399AC4D-SegmentedRaftLogWorker: safeCacheEvictIndex: setUnconditionally 0 -> -1
2024-06-20 08:53:05,483 [3a211404-6ca4-4ebc-bc53-908f8eaf8373-groupManagement] INFO  server.RaftServer$Division (RaftServerImpl.java:start(396)) - 3a211404-6ca4-4ebc-bc53-908f8eaf8373@group-A2A95399AC4D: start as a follower, conf=-1: peers:[3a211404-6ca4-4ebc-bc53-908f8eaf8373|127.0.0.1:15184]|listeners:[], old=null
2024-06-20 08:53:05,483 [3a211404-6ca4-4ebc-bc53-908f8eaf8373-groupManagement] INFO  server.RaftServer$Division (RaftServerImpl.java:setRole(383)) - 3a211404-6ca4-4ebc-bc53-908f8eaf8373@group-A2A95399AC4D: changes role from      null to FOLLOWER at term 0 for startAsFollower
2024-06-20 08:53:05,483 [3a211404-6ca4-4ebc-bc53-908f8eaf8373-groupManagement] INFO  impl.RoleInfo (RoleInfo.java:updateAndGet(139)) - 3a211404-6ca4-4ebc-bc53-908f8eaf8373: start 3a211404-6ca4-4ebc-bc53-908f8eaf8373@group-A2A95399AC4D-FollowerState
2024-06-20 08:53:05,483 [3a211404-6ca4-4ebc-bc53-908f8eaf8373@group-A2A95399AC4D-FollowerState] INFO  server.RaftServerConfigKeys (ConfUtils.java:logFallback(53)) - raft.server.rpc.first-election.timeout.min = 5s (fallback to raft.server.rpc.timeout.min)
2024-06-20 08:53:05,484 [3a211404-6ca4-4ebc-bc53-908f8eaf8373@group-A2A95399AC4D-FollowerState] INFO  server.RaftServerConfigKeys (ConfUtils.java:logFallback(53)) - raft.server.rpc.first-election.timeout.max = 5200ms (fallback to raft.server.rpc.timeout.max)
2024-06-20 08:53:05,483 [3a211404-6ca4-4ebc-bc53-908f8eaf8373-groupManagement] INFO  util.JmxRegister (JmxRegister.java:tryRegister(44)) - Successfully registered JMX Bean with object name Ratis:service=RaftServer,group=group-A2A95399AC4D,id=3a211404-6ca4-4ebc-bc53-908f8eaf8373
2024-06-20 08:53:05,484 [3a211404-6ca4-4ebc-bc53-908f8eaf8373-groupManagement] INFO  server.RaftServerConfigKeys (ConfUtils.java:logGet(46)) - raft.server.snapshot.trigger-when-stop.enabled = true (default)
2024-06-20 08:53:05,484 [3a211404-6ca4-4ebc-bc53-908f8eaf8373-groupManagement] INFO  server.RaftServerConfigKeys (ConfUtils.java:logGet(46)) - raft.server.snapshot.auto.trigger.enabled = true (custom)
2024-06-20 08:53:05,484 [3a211404-6ca4-4ebc-bc53-908f8eaf8373-groupManagement] INFO  server.RaftServerConfigKeys (ConfUtils.java:logGet(46)) - raft.server.snapshot.auto.trigger.threshold = 10000 (custom)
2024-06-20 08:53:05,484 [3a211404-6ca4-4ebc-bc53-908f8eaf8373-groupManagement] INFO  server.RaftServerConfigKeys (ConfUtils.java:logGet(46)) - raft.server.snapshot.retention.file.num = 5 (custom)
2024-06-20 08:53:05,484 [3a211404-6ca4-4ebc-bc53-908f8eaf8373-groupManagement] INFO  server.RaftServerConfigKeys (ConfUtils.java:logGet(46)) - raft.server.log.purge.upto.snapshot.index = false (default)
2024-06-20 08:53:05,484 [3a211404-6ca4-4ebc-bc53-908f8eaf8373-PipelineCommandHandlerThread-0] INFO  ratis.XceiverServerRatis (XceiverServerRatis.java:addGroup(864)) - Created group PipelineID=fb1bdc12-2724-4755-a5f7-a2a95399ac4d
2024-06-20 08:53:05,485 [3a211404-6ca4-4ebc-bc53-908f8eaf8373-PipelineCommandHandlerThread-0] INFO  commandhandler.CreatePipelineCommandHandler (CreatePipelineCommandHandler.java:lambda$handle$2(124)) - Created Pipeline RATIS ONE PipelineID=fb1bdc12-2724-4755-a5f7-a2a95399ac4d.
2024-06-20 08:53:06,473 [main] INFO  ozone.MiniOzoneClusterImpl (MiniOzoneClusterImpl.java:lambda$waitForClusterToBeReady$0(194)) - Nodes are ready. Got 1 of 1 DN Heartbeats.
2024-06-20 08:53:06,473 [main] INFO  ozone.MiniOzoneClusterImpl (MiniOzoneClusterImpl.java:lambda$waitForClusterToBeReady$0(197)) - Cluster exits safe mode
2024-06-20 08:53:06,473 [main] INFO  ozone.MiniOzoneClusterImpl (MiniOzoneClusterImpl.java:lambda$waitForClusterToBeReady$0(199)) - SCM became leader
2024-06-20 08:53:06,475 [main] WARN  server.ServerUtils (ServerUtils.java:getDBPath(299)) - ozone.om.db.dirs is not configured. We recommend adding this setting. Falling back to ozone.metadata.dirs instead.
2024-06-20 08:53:06,492 [main] INFO  rpc.RpcClient (RpcClient.java:createVolume(473)) - Creating Volume: volume20950, with user84865 as owner and space quota set to -1 bytes, counts quota set to -1
2024-06-20 08:53:06,496 [om1-OMStateMachineApplyTransactionThread - 0] INFO  volume.OMVolumeCreateRequest (OMVolumeCreateRequest.java:validateAndUpdateCache(198)) - created volume:volume20950 for user:user84865
2024-06-20 08:53:06,498 [main] INFO  rpc.RpcClient (RpcClient.java:createBucket(699)) - Creating Bucket: volume20950/bucket08394, with bucket layout FILE_SYSTEM_OPTIMIZED, runner as owner, Versioning false, Storage Type set to DISK and Encryption set to false, Replication Type set to server-side default replication type, Namespace Quota set to -1, Space Quota set to -1 
2024-06-20 08:53:06,500 [om1-OMStateMachineApplyTransactionThread - 0] INFO  bucket.OMBucketCreateRequest (OMBucketCreateRequest.java:validateAndUpdateCache(293)) - created bucket: bucket08394 of layout FILE_SYSTEM_OPTIMIZED in volume: volume20950
2024-06-20 08:53:06,505 [IPC Server handler 2 on default port 15171] INFO  ha.SequenceIdGenerator (SequenceIdGenerator.java:getNextId(144)) - Allocate a batch for containerId, change lastId from 0 to 1000.
2024-06-20 08:53:06,506 [IPC Server handler 2 on default port 15171] WARN  ha.SequenceIdGenerator (SequenceIdGenerator.java:allocateBatch(257)) - Failed to allocate a batch for localId, expected lastId is 0, actual lastId is 113750153625600000.
2024-06-20 08:53:06,506 [IPC Server handler 2 on default port 15171] INFO  ha.SequenceIdGenerator (SequenceIdGenerator.java:getNextId(144)) - Allocate a batch for localId, change lastId from 113750153625600000 to 113750153625601000.
2024-06-20 08:53:06,511 [main] INFO  scm.XceiverClientRatis (XceiverClientRatis.java:<init>(139)) - WatchType ALL_COMMITTED. Majority 1, 
2024-06-20 08:53:06,520 [grpc-default-executor-0] ERROR impl.OrderedAsync (OrderedAsync.java:lambda$sendRequest$9(247)) - client-CDACD25095A1: Failed* RaftClientRequest:client-CDACD25095A1->3a211404-6ca4-4ebc-bc53-908f8eaf8373@group-A2A95399AC4D, cid=13, seq=1*, Watch(0), null
java.util.concurrent.CompletionException: org.apache.ratis.protocol.exceptions.NotLeaderException: Server 3a211404-6ca4-4ebc-bc53-908f8eaf8373@group-A2A95399AC4D is not the leader
	at java.base/java.util.concurrent.CompletableFuture.encodeThrowable(CompletableFuture.java:332)
	at java.base/java.util.concurrent.CompletableFuture.completeThrowable(CompletableFuture.java:347)
	at java.base/java.util.concurrent.CompletableFuture$UniApply.tryFire(CompletableFuture.java:636)
	at java.base/java.util.concurrent.CompletableFuture.postComplete(CompletableFuture.java:510)
	at java.base/java.util.concurrent.CompletableFuture.completeExceptionally(CompletableFuture.java:2162)
	at org.apache.ratis.grpc.client.GrpcClientProtocolClient$AsyncStreamObservers.completeReplyExceptionally(GrpcClientProtocolClient.java:394)
	at org.apache.ratis.grpc.client.GrpcClientProtocolClient$AsyncStreamObservers.access$000(GrpcClientProtocolClient.java:300)
	at org.apache.ratis.grpc.client.GrpcClientProtocolClient$AsyncStreamObservers$1.onNext(GrpcClientProtocolClient.java:314)
	at org.apache.ratis.grpc.client.GrpcClientProtocolClient$AsyncStreamObservers$1.onNext(GrpcClientProtocolClient.java:305)
	at org.apache.ratis.thirdparty.io.grpc.stub.ClientCalls$StreamObserverToCallListenerAdapter.onMessage(ClientCalls.java:468)
	at org.apache.ratis.thirdparty.io.grpc.ForwardingClientCallListener.onMessage(ForwardingClientCallListener.java:33)
	at org.apache.ratis.thirdparty.io.grpc.internal.DelayedClientCall$DelayedListener.onMessage(DelayedClientCall.java:473)
	at org.apache.ratis.thirdparty.io.grpc.internal.ClientCallImpl$ClientStreamListenerImpl$1MessagesAvailable.runInternal(ClientCallImpl.java:660)
	at org.apache.ratis.thirdparty.io.grpc.internal.ClientCallImpl$ClientStreamListenerImpl$1MessagesAvailable.runInContext(ClientCallImpl.java:647)
	at org.apache.ratis.thirdparty.io.grpc.internal.ContextRunnable.run(ContextRunnable.java:37)
	at org.apache.ratis.thirdparty.io.grpc.internal.SerializingExecutor.run(SerializingExecutor.java:133)
	at java.base/java.util.concurrent.ThreadPoolExecutor.runWorker(ThreadPoolExecutor.java:1136)
	at java.base/java.util.concurrent.ThreadPoolExecutor$Worker.run(ThreadPoolExecutor.java:635)
	at java.base/java.lang.Thread.run(Thread.java:840)
Caused by: org.apache.ratis.protocol.exceptions.NotLeaderException: Server 3a211404-6ca4-4ebc-bc53-908f8eaf8373@group-A2A95399AC4D is not the leader
	at org.apache.ratis.client.impl.ClientProtoUtils.toRaftClientReply(ClientProtoUtils.java:397)
	at org.apache.ratis.grpc.client.GrpcClientProtocolClient$AsyncStreamObservers$1.onNext(GrpcClientProtocolClient.java:310)
	... 11 more
2024-06-20 08:53:10,122 [timer0] ERROR impl.OrderedAsync (OrderedAsync.java:lambda$sendRequest$9(247)) - client-CDACD25095A1: Failed* RaftClientRequest:client-CDACD25095A1->3a211404-6ca4-4ebc-bc53-908f8eaf8373@group-A2A95399AC4D, cid=13, seq=1*, Watch(0), null
java.util.concurrent.CompletionException: org.apache.ratis.protocol.exceptions.AlreadyClosedException: client-CDACD25095A1->3a211404-6ca4-4ebc-bc53-908f8eaf8373 is closed.
	at java.base/java.util.concurrent.CompletableFuture.encodeThrowable(CompletableFuture.java:332)
	at java.base/java.util.concurrent.CompletableFuture.uniApplyNow(CompletableFuture.java:674)
	at java.base/java.util.concurrent.CompletableFuture.uniApplyStage(CompletableFuture.java:662)
	at java.base/java.util.concurrent.CompletableFuture.thenApply(CompletableFuture.java:2168)
	at org.apache.ratis.client.impl.OrderedAsync.sendRequest(OrderedAsync.java:239)
	at org.apache.ratis.client.impl.OrderedAsync.sendRequestWithRetry(OrderedAsync.java:203)
	at org.apache.ratis.util.SlidingWindow$Client.sendOrDelayRequest(SlidingWindow.java:312)
	at org.apache.ratis.util.SlidingWindow$Client.retry(SlidingWindow.java:328)
	at org.apache.ratis.client.impl.OrderedAsync.lambda$scheduleWithTimeout$6(OrderedAsync.java:227)
	at org.apache.ratis.util.TimeoutTimer.lambda$onTimeout$2(TimeoutTimer.java:101)
	at org.apache.ratis.util.LogUtils.runAndLog(LogUtils.java:38)
	at org.apache.ratis.util.LogUtils$1.run(LogUtils.java:78)
	at org.apache.ratis.util.TimeoutTimer$Task.run(TimeoutTimer.java:55)
	at java.base/java.util.TimerThread.mainLoop(Timer.java:566)
	at java.base/java.util.TimerThread.run(Timer.java:516)
Caused by: org.apache.ratis.protocol.exceptions.AlreadyClosedException: client-CDACD25095A1->3a211404-6ca4-4ebc-bc53-908f8eaf8373 is closed.
	at org.apache.ratis.grpc.client.GrpcClientProtocolClient$AsyncStreamObservers.onNext(GrpcClientProtocolClient.java:349)
	at org.apache.ratis.grpc.client.GrpcClientRpc.sendRequestAsync(GrpcClientRpc.java:71)
	... 11 more
2024-06-20 08:53:10,575 [3a211404-6ca4-4ebc-bc53-908f8eaf8373@group-A2A95399AC4D-FollowerState] INFO  impl.FollowerState (FollowerState.java:run(143)) - 3a211404-6ca4-4ebc-bc53-908f8eaf8373@group-A2A95399AC4D-FollowerState: change to CANDIDATE, lastRpcElapsedTime:5091430296ns, electionTimeout:5091ms
2024-06-20 08:53:10,575 [3a211404-6ca4-4ebc-bc53-908f8eaf8373@group-A2A95399AC4D-FollowerState] INFO  impl.RoleInfo (RoleInfo.java:shutdownFollowerState(110)) - 3a211404-6ca4-4ebc-bc53-908f8eaf8373: shutdown 3a211404-6ca4-4ebc-bc53-908f8eaf8373@group-A2A95399AC4D-FollowerState
2024-06-20 08:53:10,575 [3a211404-6ca4-4ebc-bc53-908f8eaf8373@group-A2A95399AC4D-FollowerState] INFO  server.RaftServer$Division (RaftServerImpl.java:setRole(383)) - 3a211404-6ca4-4ebc-bc53-908f8eaf8373@group-A2A95399AC4D: changes role from  FOLLOWER to CANDIDATE at term 0 for changeToCandidate
2024-06-20 08:53:10,575 [3a211404-6ca4-4ebc-bc53-908f8eaf8373@group-A2A95399AC4D-FollowerState] INFO  server.RaftServerConfigKeys (ConfUtils.java:logGet(46)) - raft.server.leaderelection.pre-vote = true (default)
2024-06-20 08:53:10,575 [3a211404-6ca4-4ebc-bc53-908f8eaf8373@group-A2A95399AC4D-FollowerState] INFO  impl.RoleInfo (RoleInfo.java:updateAndGet(139)) - 3a211404-6ca4-4ebc-bc53-908f8eaf8373: start 3a211404-6ca4-4ebc-bc53-908f8eaf8373@group-A2A95399AC4D-LeaderElection13
2024-06-20 08:53:10,575 [3a211404-6ca4-4ebc-bc53-908f8eaf8373@group-A2A95399AC4D-LeaderElection13] INFO  impl.LeaderElection (LeaderElection.java:askForVotes(321)) - 3a211404-6ca4-4ebc-bc53-908f8eaf8373@group-A2A95399AC4D-LeaderElection13 PRE_VOTE round 0: submit vote requests at term 0 for -1: peers:[3a211404-6ca4-4ebc-bc53-908f8eaf8373|127.0.0.1:15184]|listeners:[], old=null
2024-06-20 08:53:10,575 [3a211404-6ca4-4ebc-bc53-908f8eaf8373@group-A2A95399AC4D-LeaderElection13] INFO  impl.LeaderElection (LeaderElection.java:askForVotes(323)) - 3a211404-6ca4-4ebc-bc53-908f8eaf8373@group-A2A95399AC4D-LeaderElection13 PRE_VOTE round 0: result PASSED (term=0)
2024-06-20 08:53:10,577 [3a211404-6ca4-4ebc-bc53-908f8eaf8373@group-A2A95399AC4D-LeaderElection13] INFO  impl.LeaderElection (LeaderElection.java:askForVotes(321)) - 3a211404-6ca4-4ebc-bc53-908f8eaf8373@group-A2A95399AC4D-LeaderElection13 ELECTION round 0: submit vote requests at term 1 for -1: peers:[3a211404-6ca4-4ebc-bc53-908f8eaf8373|127.0.0.1:15184]|listeners:[], old=null
2024-06-20 08:53:10,577 [3a211404-6ca4-4ebc-bc53-908f8eaf8373@group-A2A95399AC4D-LeaderElection13] INFO  impl.LeaderElection (LeaderElection.java:askForVotes(323)) - 3a211404-6ca4-4ebc-bc53-908f8eaf8373@group-A2A95399AC4D-LeaderElection13 ELECTION round 0: result PASSED (term=1)
2024-06-20 08:53:10,577 [3a211404-6ca4-4ebc-bc53-908f8eaf8373@group-A2A95399AC4D-LeaderElection13] INFO  impl.RoleInfo (RoleInfo.java:shutdownLeaderElection(130)) - 3a211404-6ca4-4ebc-bc53-908f8eaf8373: shutdown 3a211404-6ca4-4ebc-bc53-908f8eaf8373@group-A2A95399AC4D-LeaderElection13
2024-06-20 08:53:10,577 [3a211404-6ca4-4ebc-bc53-908f8eaf8373@group-A2A95399AC4D-LeaderElection13] INFO  server.RaftServer$Division (RaftServerImpl.java:setRole(383)) - 3a211404-6ca4-4ebc-bc53-908f8eaf8373@group-A2A95399AC4D: changes role from CANDIDATE to LEADER at term 1 for changeToLeader
2024-06-20 08:53:10,577 [3a211404-6ca4-4ebc-bc53-908f8eaf8373@group-A2A95399AC4D-LeaderElection13] INFO  server.RaftServerConfigKeys (ConfUtils.java:logGet(46)) - raft.server.staging.catchup.gap = 1000 (default)
2024-06-20 08:53:10,577 [3a211404-6ca4-4ebc-bc53-908f8eaf8373@group-A2A95399AC4D-LeaderElection13] INFO  server.RaftServerConfigKeys (ConfUtils.java:logGet(46)) - raft.server.write.element-limit = 1024 (custom)
2024-06-20 08:53:10,577 [3a211404-6ca4-4ebc-bc53-908f8eaf8373@group-A2A95399AC4D-LeaderElection13] INFO  server.RaftServerConfigKeys (ConfUtils.java:logGet(46)) - raft.server.write.byte-limit = 1024 M (=1073741824) (custom)
2024-06-20 08:53:10,577 [3a211404-6ca4-4ebc-bc53-908f8eaf8373@group-A2A95399AC4D-LeaderElection13] INFO  server.RaftServerConfigKeys (ConfUtils.java:logGet(46)) - raft.server.watch.timeout = 30s (custom)
2024-06-20 08:53:10,578 [3a211404-6ca4-4ebc-bc53-908f8eaf8373@group-A2A95399AC4D-LeaderElection13] INFO  server.RaftServerConfigKeys (ConfUtils.java:logGet(46)) - raft.server.watch.timeout.denomination = 1s (default)
2024-06-20 08:53:10,578 [3a211404-6ca4-4ebc-bc53-908f8eaf8373@group-A2A95399AC4D-LeaderElection13] INFO  server.RaftServerConfigKeys (ConfUtils.java:logGet(46)) - raft.server.watch.element-limit = 65536 (default)
2024-06-20 08:53:10,578 [3a211404-6ca4-4ebc-bc53-908f8eaf8373@group-A2A95399AC4D-LeaderElection13] INFO  server.RaftServerConfigKeys (ConfUtils.java:logGet(46)) - raft.server.read.leader.lease.enabled = false (default)
2024-06-20 08:53:10,578 [3a211404-6ca4-4ebc-bc53-908f8eaf8373@group-A2A95399AC4D-LeaderElection13] INFO  server.RaftServerConfigKeys (ConfUtils.java:logGet(46)) - raft.server.read.leader.lease.timeout.ratio = 0.9 (default)
2024-06-20 08:53:10,578 [3a211404-6ca4-4ebc-bc53-908f8eaf8373@group-A2A95399AC4D-LeaderElection13] INFO  server.RaftServerConfigKeys (ConfUtils.java:logGet(46)) - raft.server.rpc.timeout.min = 5s (custom)
2024-06-20 08:53:10,578 [3a211404-6ca4-4ebc-bc53-908f8eaf8373@group-A2A95399AC4D-LeaderElection13] INFO  server.RaftServerConfigKeys (ConfUtils.java:logGet(46)) - raft.server.write.element-limit = 1024 (custom)
2024-06-20 08:53:10,578 [3a211404-6ca4-4ebc-bc53-908f8eaf8373@group-A2A95399AC4D-LeaderElection13] INFO  server.RaftServerConfigKeys (ConfUtils.java:logGet(46)) - raft.server.write.follower.gap.ratio.max = -1.0 (default)
2024-06-20 08:53:10,578 [3a211404-6ca4-4ebc-bc53-908f8eaf8373@group-A2A95399AC4D-LeaderElection13] INFO  impl.RoleInfo (RoleInfo.java:updateAndGet(139)) - 3a211404-6ca4-4ebc-bc53-908f8eaf8373: start 3a211404-6ca4-4ebc-bc53-908f8eaf8373@group-A2A95399AC4D-LeaderStateImpl
2024-06-20 08:53:10,578 [3a211404-6ca4-4ebc-bc53-908f8eaf8373@group-A2A95399AC4D-LeaderElection13] INFO  server.RaftServer$Division (RaftServerImpl.java:setFirstElection(574)) - 3a211404-6ca4-4ebc-bc53-908f8eaf8373@group-A2A95399AC4D: set firstElectionSinceStartup to false for becomeLeader
2024-06-20 08:53:10,578 [3a211404-6ca4-4ebc-bc53-908f8eaf8373@group-A2A95399AC4D-LeaderElection13] INFO  ratis.XceiverServerRatis (XceiverServerRatis.java:handleLeaderChangedNotification(966)) - Leader change notification received for group: group-A2A95399AC4D with new leaderId: 3a211404-6ca4-4ebc-bc53-908f8eaf8373
2024-06-20 08:53:10,578 [3a211404-6ca4-4ebc-bc53-908f8eaf8373@group-A2A95399AC4D-LeaderElection13] INFO  server.RaftServer$Division (ServerState.java:setLeader(269)) - 3a211404-6ca4-4ebc-bc53-908f8eaf8373@group-A2A95399AC4D: change Leader from null to 3a211404-6ca4-4ebc-bc53-908f8eaf8373 at term 1 for becomeLeader, leader elected after 5106ms
2024-06-20 08:53:10,578 [3a211404-6ca4-4ebc-bc53-908f8eaf8373@group-A2A95399AC4D-LeaderElection13] INFO  segmented.SegmentedRaftLogWorker (SegmentedRaftLogWorker.java:startLogSegment(430)) - 3a211404-6ca4-4ebc-bc53-908f8eaf8373@group-A2A95399AC4D-SegmentedRaftLogWorker: Starting segment from index:0
2024-06-20 08:53:10,579 [3a211404-6ca4-4ebc-bc53-908f8eaf8373@group-A2A95399AC4D-LeaderElection13] INFO  server.RaftServer$Division (ServerState.java:setRaftConf(386)) - 3a211404-6ca4-4ebc-bc53-908f8eaf8373@group-A2A95399AC4D: set configuration 0: peers:[3a211404-6ca4-4ebc-bc53-908f8eaf8373|127.0.0.1:15184]|listeners:[], old=null
2024-06-20 08:53:10,579 [3a211404-6ca4-4ebc-bc53-908f8eaf8373@group-A2A95399AC4D-SegmentedRaftLogWorker] INFO  segmented.BufferedWriteChannel (BufferedWriteChannel.java:open(62)) - open log_inprogress_0 at position 0
2024-06-20 08:53:10,585 [3a211404-6ca4-4ebc-bc53-908f8eaf8373@group-A2A95399AC4D-SegmentedRaftLogWorker] INFO  segmented.SegmentedRaftLogWorker (SegmentedRaftLogWorker.java:execute(634)) - 3a211404-6ca4-4ebc-bc53-908f8eaf8373@group-A2A95399AC4D-SegmentedRaftLogWorker: created new log segment /home/runner/work/ozone/ozone/hadoop-ozone/integration-test/target/test-dir/MiniOzoneClusterImpl-37413a93-aae1-485d-bfde-7eb2d60b5fbe/ozone-meta/datanode-1/ratis/fb1bdc12-2724-4755-a5f7-a2a95399ac4d/current/log_inprogress_0
2024-06-20 08:53:10,587 [3a211404-6ca4-4ebc-bc53-908f8eaf8373@group-A2A95399AC4D-StateMachineUpdater] INFO  server.RaftServer$Division (LeaderStateImpl.java:isApplied(320)) - leader is ready since appliedIndex == 0 >= startIndex == 0
2024-06-20 08:53:15,664 [om1-OMStateMachineApplyTransactionThread - 0] WARN  snapshot.OMSnapshotCreateRequest (OMSnapshotCreateRequest.java:estimateBucketDataSize(337)) - DefaultReplicationConfig is not correctly set in OmBucketInfo for volume 'volume20950' bucket 'bucket08394'. Falling back to config default 'RATIS/THREE'
2024-06-20 08:53:15,664 [om1-OMStateMachineApplyTransactionThread - 0] INFO  snapshot.OMSnapshotCreateRequest (OMSnapshotCreateRequest.java:validateAndUpdateCache(218)) - Created snapshot: '15670cae-b949-4aad-9aa3-c6efa10bb63b' with snapshotId: 'd7068eaa-4765-4bb9-972f-256cb1c7771b' under path 'volume20950/bucket08394'
2024-06-20 08:53:15,665 [main] WARN  server.ServerUtils (ServerUtils.java:getDBPath(299)) - ozone.om.db.dirs is not configured. We recommend adding this setting. Falling back to ozone.metadata.dirs instead.
2024-06-20 08:53:17,685 [main] INFO  ozone.MiniOzoneClusterImpl (MiniOzoneClusterImpl.java:shutdown(396)) - Shutting down the Mini Ozone Cluster
2024-06-20 08:53:17,686 [main] INFO  db.CodecTestUtil (CodecTestUtil.java:gc(50)) - gc 0
2024-06-20 08:53:17,848 [main] INFO  ozone.MiniOzoneClusterImpl (MiniOzoneClusterImpl.java:stop(412)) - Stopping the Mini Ozone Cluster
2024-06-20 08:53:17,848 [main] INFO  om.OzoneManager (OzoneManager.java:stop(2232)) - om1[localhost:15174]: Stopping Ozone Manager
2024-06-20 08:53:17,848 [main] INFO  ipc.Server (Server.java:stop(3523)) - Stopping server on 15174
2024-06-20 08:53:17,849 [IPC Server listener on 15174] INFO  ipc.Server (Server.java:run(1434)) - Stopping IPC Server listener on 15174
2024-06-20 08:53:17,849 [IPC Server Responder] INFO  ipc.Server (Server.java:run(1567)) - Stopping IPC Server Responder
2024-06-20 08:53:17,849 [main] INFO  ratis.OzoneManagerRatisServer (OzoneManagerRatisServer.java:stop(600)) - Stopping org.apache.hadoop.ozone.om.ratis.OzoneManagerRatisServer@3c4570f4 at port 15177
2024-06-20 08:53:17,850 [main] INFO  server.RaftServer (RaftServerProxy.java:lambda$close$9(416)) - om1: close
2024-06-20 08:53:17,850 [main] INFO  server.GrpcService (GrpcService.java:closeImpl(311)) - om1: shutdown server GrpcServerProtocolService now
2024-06-20 08:53:17,850 [om1-impl-thread1] INFO  server.RaftServer$Division (RaftServerImpl.java:lambda$close$3(526)) - om1@group-C5BA1605619E: shutdown
2024-06-20 08:53:17,850 [om1-impl-thread1] INFO  util.JmxRegister (JmxRegister.java:unregister(73)) - Successfully un-registered JMX Bean with object name Ratis:service=RaftServer,group=group-C5BA1605619E,id=om1
2024-06-20 08:53:17,850 [om1-impl-thread1] INFO  impl.RoleInfo (RoleInfo.java:shutdownLeaderState(94)) - om1: shutdown om1@group-C5BA1605619E-LeaderStateImpl
2024-06-20 08:53:17,850 [om1-impl-thread1] INFO  impl.PendingRequests (PendingRequests.java:sendNotLeaderResponses(289)) - om1@group-C5BA1605619E-PendingRequests: sendNotLeaderResponses
2024-06-20 08:53:17,850 [main] INFO  server.GrpcService (GrpcService.java:closeImpl(320)) - om1: shutdown server GrpcServerProtocolService successfully
2024-06-20 08:53:17,850 [om1-impl-thread1] INFO  impl.StateMachineUpdater (StateMachineUpdater.java:stopAndJoin(157)) - om1@group-C5BA1605619E-StateMachineUpdater: set stopIndex = 14
2024-06-20 08:53:17,851 [om1@group-C5BA1605619E-StateMachineUpdater] ERROR impl.StateMachineUpdater (StateMachineUpdater.java:takeSnapshot(290)) - om1@group-C5BA1605619E-StateMachineUpdater: Failed to take snapshot
java.io.IOException: OzoneManager is already stopped: OMNodeDetails[omServiceId=omServiceIdDefault, omNodeId=om1, rpcAddress=localhost:15174, rpcPort=15174, ratisPort=15177, httpAddress=0.0.0.0:15175, httpsAddress=0.0.0.0:15176]
	at org.apache.hadoop.ozone.om.ratis.OzoneManagerStateMachine.takeSnapshot(OzoneManagerStateMachine.java:465)
	at org.apache.ratis.server.impl.StateMachineUpdater.takeSnapshot(StateMachineUpdater.java:278)
	at org.apache.ratis.server.impl.StateMachineUpdater.checkAndTakeSnapshot(StateMachineUpdater.java:270)
	at org.apache.ratis.server.impl.StateMachineUpdater.run(StateMachineUpdater.java:187)
	at java.base/java.lang.Thread.run(Thread.java:840)
2024-06-20 08:53:17,851 [om1@group-C5BA1605619E-StateMachineUpdater] ERROR impl.StateMachineUpdater (StateMachineUpdater.java:takeSnapshot(290)) - om1@group-C5BA1605619E-StateMachineUpdater: Failed to take snapshot
java.io.IOException: OzoneManager is already stopped: OMNodeDetails[omServiceId=omServiceIdDefault, omNodeId=om1, rpcAddress=localhost:15174, rpcPort=15174, ratisPort=15177, httpAddress=0.0.0.0:15175, httpsAddress=0.0.0.0:15176]
	at org.apache.hadoop.ozone.om.ratis.OzoneManagerStateMachine.takeSnapshot(OzoneManagerStateMachine.java:465)
	at org.apache.ratis.server.impl.StateMachineUpdater.takeSnapshot(StateMachineUpdater.java:278)
	at org.apache.ratis.server.impl.StateMachineUpdater.checkAndTakeSnapshot(StateMachineUpdater.java:270)
	at org.apache.ratis.server.impl.StateMachineUpdater.run(StateMachineUpdater.java:190)
	at java.base/java.lang.Thread.run(Thread.java:840)
2024-06-20 08:53:17,851 [om1@group-C5BA1605619E-StateMachineUpdater] INFO  ratis.OzoneManagerStateMachine (OzoneManagerStateMachine.java:close(527)) - Stopping OzoneManagerStateMachine:om1:group-C5BA1605619E.
2024-06-20 08:53:17,851 [om1@group-C5BA1605619E-StateMachineUpdater] INFO  ratis.OzoneManagerDoubleBuffer (OzoneManagerDoubleBuffer.java:stopDaemon(517)) - Stopping OMDoubleBuffer flush thread
2024-06-20 08:53:17,851 [om1-impl-thread1] INFO  server.RaftServer$Division (ServerState.java:close(427)) - om1@group-C5BA1605619E: applyIndex: 0
2024-06-20 08:53:17,851 [om1@group-C5BA1605619E-cacheEviction-AwaitToRun] INFO  util.AwaitToRun (AwaitToRun.java:run(49)) - om1@group-C5BA1605619E-cacheEviction-AwaitToRun-AwaitForSignal is interrupted
2024-06-20 08:53:18,653 [om1-impl-thread1] INFO  segmented.SegmentedRaftLogWorker (SegmentedRaftLogWorker.java:close(245)) - om1@group-C5BA1605619E-SegmentedRaftLogWorker close()
2024-06-20 08:53:18,653 [JvmPauseMonitor31] INFO  util.JvmPauseMonitor (JvmPauseMonitor.java:run(152)) - JvmPauseMonitor-om1: Stopped
2024-06-20 08:53:18,653 [main] INFO  utils.BackgroundService (BackgroundService.java:shutdown(160)) - Shutting down service KeyDeletingService
2024-06-20 08:53:18,654 [main] INFO  utils.BackgroundService (BackgroundService.java:shutdown(160)) - Shutting down service DirectoryDeletingService
2024-06-20 08:53:18,654 [main] INFO  utils.BackgroundService (BackgroundService.java:shutdown(160)) - Shutting down service OpenKeyCleanupService
2024-06-20 08:53:18,654 [main] INFO  utils.BackgroundService (BackgroundService.java:shutdown(160)) - Shutting down service SstFilteringService
2024-06-20 08:53:18,654 [main] INFO  utils.BackgroundService (BackgroundService.java:shutdown(160)) - Shutting down service SnapshotDeletingService
2024-06-20 08:53:18,654 [main] INFO  utils.BackgroundService (BackgroundService.java:shutdown(160)) - Shutting down service MultipartUploadCleanupService
2024-06-20 08:53:18,654 [main] INFO  utils.BackgroundService (BackgroundService.java:shutdown(160)) - Shutting down service SnapshotDirectoryCleaningService
2024-06-20 08:53:18,655 [main] INFO  handler.ContextHandler (ContextHandler.java:doStop(1159)) - Stopped o.e.j.w.WebAppContext@5a09ae5c{ozoneManager,/,null,STOPPED}{file:/home/runner/work/ozone/ozone/hadoop-ozone/integration-test/target/test-classes/webapps/ozoneManager}
2024-06-20 08:53:18,656 [main] INFO  server.AbstractConnector (AbstractConnector.java:doStop(383)) - Stopped ServerConnector@6d237951{HTTP/1.1, (http/1.1)}{0.0.0.0:15175}
2024-06-20 08:53:18,656 [main] INFO  server.session (HouseKeeper.java:stopScavenging(149)) - node0 Stopped scavenging
2024-06-20 08:53:18,656 [main] INFO  handler.ContextHandler (ContextHandler.java:doStop(1159)) - Stopped o.e.j.s.ServletContextHandler@16a67578{static,/static,file:///home/runner/work/ozone/ozone/hadoop-ozone/integration-test/target/test-classes/webapps/static,STOPPED}
2024-06-20 08:53:18,656 [main] INFO  handler.ContextHandler (ContextHandler.java:doStop(1159)) - Stopped o.e.j.s.ServletContextHandler@176e95bb{logs,/logs,file:///home/runner/work/ozone/ozone/hadoop-ozone/integration-test/target/log,STOPPED}
2024-06-20 08:53:18,657 [main] INFO  rocksdiff.RocksDBCheckpointDiffer (RocksDBCheckpointDiffer.java:close(306)) - Shutting down CompactionDagPruningService.
2024-06-20 08:53:18,658 [main] INFO  snapshot.SnapshotDiffManager (SnapshotDiffManager.java:closeExecutorService(1657)) - Shutting down executorService: 'SnapDiffExecutor'
2024-06-20 08:53:18,659 [main] INFO  utils.BackgroundService (BackgroundService.java:shutdown(160)) - Shutting down service SnapshotDiffCleanupService
2024-06-20 08:53:18,659 [main] INFO  ozone.MiniOzoneClusterImpl (MiniOzoneClusterImpl.java:stopDatanodes(471)) - Stopping the HddsDatanodes
2024-06-20 08:53:18,660 [main] INFO  ozoneimpl.OzoneContainer (OzoneContainer.java:stop(481)) - Attempting to stop container services.
2024-06-20 08:53:18,660 [ContainerMetadataScanner] WARN  ozoneimpl.AbstractBackgroundContainerScanner (AbstractBackgroundContainerScanner.java:handleRemainingSleep(134)) - Background container scan was interrupted.
2024-06-20 08:53:18,660 [ContainerMetadataScanner] INFO  ozoneimpl.AbstractBackgroundContainerScanner (AbstractBackgroundContainerScanner.java:run(61)) - Thread[ContainerMetadataScanner,5,main] exiting.
2024-06-20 08:53:18,660 [main] INFO  ozoneimpl.BackgroundContainerDataScanner (BackgroundContainerDataScanner.java:shutdown(141)) - ContainerDataScanner(/home/runner/work/ozone/ozone/hadoop-ozone/integration-test/target/test-dir/MiniOzoneClusterImpl-37413a93-aae1-485d-bfde-7eb2d60b5fbe/ozone-meta/datanode-1/data-0/hdds) is shutting down. 
2024-06-20 08:53:18,661 [ContainerDataScanner(/home/runner/work/ozone/ozone/hadoop-ozone/integration-test/target/test-dir/MiniOzoneClusterImpl-37413a93-aae1-485d-bfde-7eb2d60b5fbe/ozone-meta/datanode-1/data-0/hdds)] WARN  ozoneimpl.AbstractBackgroundContainerScanner (AbstractBackgroundContainerScanner.java:handleRemainingSleep(134)) - Background container scan was interrupted.
2024-06-20 08:53:18,661 [ContainerDataScanner(/home/runner/work/ozone/ozone/hadoop-ozone/integration-test/target/test-dir/MiniOzoneClusterImpl-37413a93-aae1-485d-bfde-7eb2d60b5fbe/ozone-meta/datanode-1/data-0/hdds)] INFO  ozoneimpl.AbstractBackgroundContainerScanner (AbstractBackgroundContainerScanner.java:run(61)) - ContainerDataScanner(/home/runner/work/ozone/ozone/hadoop-ozone/integration-test/target/test-dir/MiniOzoneClusterImpl-37413a93-aae1-485d-bfde-7eb2d60b5fbe/ozone-meta/datanode-1/data-0/hdds, DS-9bd767b0-9850-47b0-aa59-b6eabb6e344a) exiting.
2024-06-20 08:53:18,661 [main] INFO  ozoneimpl.OnDemandContainerDataScanner (OnDemandContainerDataScanner.java:shutdownScanner(206)) - On-demand container scanner is shutting down.
2024-06-20 08:53:18,661 [main] INFO  server.RaftServer (RaftServerProxy.java:lambda$close$9(416)) - 3a211404-6ca4-4ebc-bc53-908f8eaf8373: close
2024-06-20 08:53:18,661 [main] INFO  server.GrpcService (GrpcService.java:closeImpl(311)) - 3a211404-6ca4-4ebc-bc53-908f8eaf8373: shutdown server org.apache.ratis.grpc.server.GrpcClientProtocolService now
2024-06-20 08:53:18,661 [3a211404-6ca4-4ebc-bc53-908f8eaf8373-impl-thread1] INFO  server.RaftServer$Division (RaftServerImpl.java:lambda$close$3(526)) - 3a211404-6ca4-4ebc-bc53-908f8eaf8373@group-A2A95399AC4D: shutdown
2024-06-20 08:53:18,661 [3a211404-6ca4-4ebc-bc53-908f8eaf8373-impl-thread1] INFO  util.JmxRegister (JmxRegister.java:unregister(73)) - Successfully un-registered JMX Bean with object name Ratis:service=RaftServer,group=group-A2A95399AC4D,id=3a211404-6ca4-4ebc-bc53-908f8eaf8373
2024-06-20 08:53:18,662 [3a211404-6ca4-4ebc-bc53-908f8eaf8373-impl-thread1] INFO  impl.RoleInfo (RoleInfo.java:shutdownLeaderState(94)) - 3a211404-6ca4-4ebc-bc53-908f8eaf8373: shutdown 3a211404-6ca4-4ebc-bc53-908f8eaf8373@group-A2A95399AC4D-LeaderStateImpl
2024-06-20 08:53:18,662 [3a211404-6ca4-4ebc-bc53-908f8eaf8373-impl-thread1] INFO  impl.PendingRequests (PendingRequests.java:sendNotLeaderResponses(289)) - 3a211404-6ca4-4ebc-bc53-908f8eaf8373@group-A2A95399AC4D-PendingRequests: sendNotLeaderResponses
2024-06-20 08:53:18,662 [main] INFO  server.GrpcService (GrpcService.java:closeImpl(320)) - 3a211404-6ca4-4ebc-bc53-908f8eaf8373: shutdown server org.apache.ratis.grpc.server.GrpcClientProtocolService successfully
2024-06-20 08:53:18,662 [main] INFO  server.GrpcService (GrpcService.java:closeImpl(311)) - 3a211404-6ca4-4ebc-bc53-908f8eaf8373: shutdown server GrpcServerProtocolService now
2024-06-20 08:53:18,662 [3a211404-6ca4-4ebc-bc53-908f8eaf8373@group-A2A95399AC4D-StateMachineUpdater] INFO  ratis.ContainerStateMachine (ContainerStateMachine.java:takeSnapshot(355)) - group-A2A95399AC4D: Taking a snapshot at:(t:1, i:6) file /home/runner/work/ozone/ozone/hadoop-ozone/integration-test/target/test-dir/MiniOzoneClusterImpl-37413a93-aae1-485d-bfde-7eb2d60b5fbe/ozone-meta/datanode-1/ratis/fb1bdc12-2724-4755-a5f7-a2a95399ac4d/sm/snapshot.1_6
2024-06-20 08:53:18,662 [3a211404-6ca4-4ebc-bc53-908f8eaf8373-impl-thread1] INFO  impl.StateMachineUpdater (StateMachineUpdater.java:stopAndJoin(157)) - 3a211404-6ca4-4ebc-bc53-908f8eaf8373@group-A2A95399AC4D-StateMachineUpdater: set stopIndex = 6
2024-06-20 08:53:18,662 [main] INFO  server.GrpcService (GrpcService.java:closeImpl(320)) - 3a211404-6ca4-4ebc-bc53-908f8eaf8373: shutdown server GrpcServerProtocolService successfully
2024-06-20 08:53:18,662 [main] INFO  server.GrpcService (GrpcService.java:closeImpl(311)) - 3a211404-6ca4-4ebc-bc53-908f8eaf8373: shutdown server org.apache.ratis.grpc.server.GrpcAdminProtocolService now
2024-06-20 08:53:18,663 [main] INFO  server.GrpcService (GrpcService.java:closeImpl(320)) - 3a211404-6ca4-4ebc-bc53-908f8eaf8373: shutdown server org.apache.ratis.grpc.server.GrpcAdminProtocolService successfully
2024-06-20 08:53:18,663 [3a211404-6ca4-4ebc-bc53-908f8eaf8373@group-A2A95399AC4D-StateMachineUpdater] INFO  ratis.ContainerStateMachine (ContainerStateMachine.java:takeSnapshot(366)) - group-A2A95399AC4D: Finished taking a snapshot at:(t:1, i:6) file:/home/runner/work/ozone/ozone/hadoop-ozone/integration-test/target/test-dir/MiniOzoneClusterImpl-37413a93-aae1-485d-bfde-7eb2d60b5fbe/ozone-meta/datanode-1/ratis/fb1bdc12-2724-4755-a5f7-a2a95399ac4d/sm/snapshot.1_6 took: 1 ms
2024-06-20 08:53:18,663 [3a211404-6ca4-4ebc-bc53-908f8eaf8373@group-A2A95399AC4D-StateMachineUpdater] INFO  impl.StateMachineUpdater (StateMachineUpdater.java:takeSnapshot(295)) - 3a211404-6ca4-4ebc-bc53-908f8eaf8373@group-A2A95399AC4D-StateMachineUpdater: Took a snapshot at index 6
2024-06-20 08:53:18,663 [3a211404-6ca4-4ebc-bc53-908f8eaf8373@group-A2A95399AC4D-StateMachineUpdater] INFO  impl.StateMachineUpdater (StateMachineUpdater.java:lambda$new$0(98)) - 3a211404-6ca4-4ebc-bc53-908f8eaf8373@group-A2A95399AC4D-StateMachineUpdater: snapshotIndex: updateIncreasingly -1 -> 6
2024-06-20 08:53:18,664 [3a211404-6ca4-4ebc-bc53-908f8eaf8373-impl-thread1] INFO  server.RaftServer$Division (ServerState.java:close(427)) - 3a211404-6ca4-4ebc-bc53-908f8eaf8373@group-A2A95399AC4D: applyIndex: 6
2024-06-20 08:53:18,664 [3a211404-6ca4-4ebc-bc53-908f8eaf8373@group-A2A95399AC4D-cacheEviction-AwaitToRun] INFO  util.AwaitToRun (AwaitToRun.java:run(49)) - 3a211404-6ca4-4ebc-bc53-908f8eaf8373@group-A2A95399AC4D-cacheEviction-AwaitToRun-AwaitForSignal is interrupted
2024-06-20 08:53:18,664 [3a211404-6ca4-4ebc-bc53-908f8eaf8373-NettyServerStreamRpc-bossGroup--thread1] INFO  logging.LoggingHandler (AbstractInternalLogger.java:log(148)) - [id: 0x8ec09cfb, L:/0.0.0.0:15185] CLOSE
2024-06-20 08:53:18,664 [3a211404-6ca4-4ebc-bc53-908f8eaf8373-NettyServerStreamRpc-bossGroup--thread1] INFO  logging.LoggingHandler (AbstractInternalLogger.java:log(148)) - [id: 0x8ec09cfb, L:/0.0.0.0:15185] INACTIVE
2024-06-20 08:53:18,664 [3a211404-6ca4-4ebc-bc53-908f8eaf8373-NettyServerStreamRpc-bossGroup--thread1] INFO  logging.LoggingHandler (AbstractInternalLogger.java:log(148)) - [id: 0x8ec09cfb, L:/0.0.0.0:15185] UNREGISTERED
2024-06-20 08:53:19,641 [3a211404-6ca4-4ebc-bc53-908f8eaf8373-impl-thread1] INFO  segmented.SegmentedRaftLogWorker (SegmentedRaftLogWorker.java:close(245)) - 3a211404-6ca4-4ebc-bc53-908f8eaf8373@group-A2A95399AC4D-SegmentedRaftLogWorker close()
2024-06-20 08:53:19,641 [JvmPauseMonitor32] INFO  util.JvmPauseMonitor (JvmPauseMonitor.java:run(152)) - JvmPauseMonitor-3a211404-6ca4-4ebc-bc53-908f8eaf8373: Stopped
2024-06-20 08:53:21,644 [main] INFO  utils.DatanodeStoreCache (DatanodeStoreCache.java:shutdownCache(116)) - Skip clearing cache in mini cluster mode. Entries left: [/home/runner/work/ozone/ozone/hadoop-ozone/integration-test/target/test-dir/MiniOzoneClusterImpl-37413a93-aae1-485d-bfde-7eb2d60b5fbe/ozone-meta/datanode-1/data-0/hdds/37413a93-aae1-485d-bfde-7eb2d60b5fbe/DS-9bd767b0-9850-47b0-aa59-b6eabb6e344a/container.db]
2024-06-20 08:53:21,645 [main] INFO  utils.DatanodeStoreCache (DatanodeStoreCache.java:removeDB(110)) - Removed db /home/runner/work/ozone/ozone/hadoop-ozone/integration-test/target/test-dir/MiniOzoneClusterImpl-37413a93-aae1-485d-bfde-7eb2d60b5fbe/ozone-meta/datanode-1/data-0/hdds/37413a93-aae1-485d-bfde-7eb2d60b5fbe/DS-9bd767b0-9850-47b0-aa59-b6eabb6e344a/container.db from cache
2024-06-20 08:53:21,645 [main] INFO  volume.HddsVolume (HddsVolume.java:closeDbStore(470)) - SchemaV3 db is stopped at /home/runner/work/ozone/ozone/hadoop-ozone/integration-test/target/test-dir/MiniOzoneClusterImpl-37413a93-aae1-485d-bfde-7eb2d60b5fbe/ozone-meta/datanode-1/data-0/hdds/37413a93-aae1-485d-bfde-7eb2d60b5fbe/DS-9bd767b0-9850-47b0-aa59-b6eabb6e344a/container.db for volume DS-9bd767b0-9850-47b0-aa59-b6eabb6e344a
2024-06-20 08:53:21,646 [main] INFO  utils.BackgroundService (BackgroundService.java:shutdown(160)) - Shutting down service BlockDeletingService
2024-06-20 08:53:21,646 [main] INFO  utils.BackgroundService (BackgroundService.java:shutdown(160)) - Shutting down service StaleRecoveringContainerScrubbingService
2024-06-20 08:53:21,646 [main] INFO  statemachine.DatanodeStateMachine (DatanodeStateMachine.java:stopDaemon(628)) - Ozone container server stopped.
2024-06-20 08:53:21,647 [main] INFO  handler.ContextHandler (ContextHandler.java:doStop(1159)) - Stopped o.e.j.w.WebAppContext@37cc352e{hddsDatanode,/,null,STOPPED}{file:/home/runner/work/ozone/ozone/hadoop-hdds/container-service/target/classes/webapps/hddsDatanode}
2024-06-20 08:53:21,647 [main] INFO  server.AbstractConnector (AbstractConnector.java:doStop(383)) - Stopped ServerConnector@41902ed{HTTP/1.1, (http/1.1)}{0.0.0.0:15179}
2024-06-20 08:53:21,647 [main] INFO  server.session (HouseKeeper.java:stopScavenging(149)) - node0 Stopped scavenging
2024-06-20 08:53:21,648 [main] INFO  handler.ContextHandler (ContextHandler.java:doStop(1159)) - Stopped o.e.j.s.ServletContextHandler@72577420{static,/static,file:///home/runner/work/ozone/ozone/hadoop-hdds/container-service/target/classes/webapps/static,STOPPED}
2024-06-20 08:53:21,648 [main] INFO  handler.ContextHandler (ContextHandler.java:doStop(1159)) - Stopped o.e.j.s.ServletContextHandler@51413e47{logs,/logs,file:///home/runner/work/ozone/ozone/hadoop-ozone/integration-test/target/log,STOPPED}
2024-06-20 08:53:21,648 [main] INFO  ozone.HddsDatanodeClientProtocolServer (HddsDatanodeClientProtocolServer.java:stop(83)) - Stopping the RPC server for Client Protocol
2024-06-20 08:53:21,648 [main] INFO  ipc.Server (Server.java:stop(3523)) - Stopping server on 15180
2024-06-20 08:53:21,649 [IPC Server listener on 15180] INFO  ipc.Server (Server.java:run(1434)) - Stopping IPC Server listener on 15180
2024-06-20 08:53:21,649 [IPC Server Responder] INFO  ipc.Server (Server.java:run(1567)) - Stopping IPC Server Responder
2024-06-20 08:53:21,649 [main] INFO  ozone.MiniOzoneClusterImpl (MiniOzoneClusterImpl.java:stopSCM(486)) - Stopping the StorageContainerManager
2024-06-20 08:53:21,649 [main] INFO  server.StorageContainerManager (StorageContainerManager.java:stop(1645)) - Container Balancer is not running.
2024-06-20 08:53:21,649 [main] INFO  server.StorageContainerManager (StorageContainerManager.java:stopReplicationManager(1782)) - Stopping Replication Manager Service.
2024-06-20 08:53:21,649 [main] INFO  replication.ReplicationManager (ReplicationManager.java:stop(329)) - Stopping Replication Monitor Thread.
2024-06-20 08:53:21,649 [main] INFO  server.StorageContainerManager (StorageContainerManager.java:stop(1654)) - Stopping the Datanode Admin Monitor.
2024-06-20 08:53:21,649 [main] INFO  server.StorageContainerManager (StorageContainerManager.java:stop(1661)) - Stopping datanode service RPC server
2024-06-20 08:53:21,650 [main] INFO  server.SCMDatanodeProtocolServer (SCMDatanodeProtocolServer.java:stop(425)) - Stopping the RPC server for DataNodes
2024-06-20 08:53:21,650 [main] INFO  ipc.Server (Server.java:stop(3523)) - Stopping server on 15172
2024-06-20 08:53:21,649 [UnderReplicatedProcessor] WARN  replication.UnhealthyReplicationProcessor (UnhealthyReplicationProcessor.java:run(180)) - UnderReplicatedProcessor interrupted. Exiting...
2024-06-20 08:53:21,649 [OverReplicatedProcessor] WARN  replication.UnhealthyReplicationProcessor (UnhealthyReplicationProcessor.java:run(180)) - OverReplicatedProcessor interrupted. Exiting...
2024-06-20 08:53:21,650 [ReplicationMonitor] INFO  replication.ReplicationManager (ReplicationManager.java:run(938)) - Replication Monitor Thread is stopped
2024-06-20 08:53:21,651 [IPC Server listener on 15172] INFO  ipc.Server (Server.java:run(1434)) - Stopping IPC Server listener on 15172
2024-06-20 08:53:21,651 [IPC Server Responder] INFO  ipc.Server (Server.java:run(1567)) - Stopping IPC Server Responder
2024-06-20 08:53:21,684 [SCMHeartbeatProcessor-0] WARN  node.NodeStateManager (NodeStateManager.java:scheduleNextHealthCheck(883)) - Current Thread is interrupted, shutting down HB processing thread for Node Manager.
2024-06-20 08:53:21,684 [main] INFO  server.StorageContainerManager (StorageContainerManager.java:stop(1669)) - Stopping block service RPC server
2024-06-20 08:53:21,685 [main] INFO  server.SCMBlockProtocolServer (SCMBlockProtocolServer.java:stop(176)) - Stopping the RPC server for Block Protocol
2024-06-20 08:53:21,685 [main] INFO  ipc.Server (Server.java:stop(3523)) - Stopping server on 15171
2024-06-20 08:53:21,687 [IPC Server listener on 15171] INFO  ipc.Server (Server.java:run(1434)) - Stopping IPC Server listener on 15171
2024-06-20 08:53:21,687 [IPC Server Responder] INFO  ipc.Server (Server.java:run(1567)) - Stopping IPC Server Responder
2024-06-20 08:53:21,691 [main] INFO  server.StorageContainerManager (StorageContainerManager.java:stop(1676)) - Stopping the StorageContainerLocationProtocol RPC server
2024-06-20 08:53:21,691 [main] INFO  server.SCMClientProtocolServer (SCMClientProtocolServer.java:stop(213)) - Stopping the RPC server for Client Protocol
2024-06-20 08:53:21,691 [main] INFO  ipc.Server (Server.java:stop(3523)) - Stopping server on 15170
2024-06-20 08:53:21,693 [IPC Server listener on 15170] INFO  ipc.Server (Server.java:run(1434)) - Stopping IPC Server listener on 15170
2024-06-20 08:53:21,693 [IPC Server Responder] INFO  ipc.Server (Server.java:run(1567)) - Stopping IPC Server Responder
2024-06-20 08:53:21,693 [main] INFO  server.StorageContainerManager (StorageContainerManager.java:stop(1683)) - Stopping Storage Container Manager HTTP server.
2024-06-20 08:53:21,695 [main] INFO  handler.ContextHandler (ContextHandler.java:doStop(1159)) - Stopped o.e.j.w.WebAppContext@5e2b5b4e{scm,/,null,STOPPED}{file:/home/runner/work/ozone/ozone/hadoop-ozone/integration-test/target/test-classes/webapps/scm}
2024-06-20 08:53:21,695 [main] INFO  server.AbstractConnector (AbstractConnector.java:doStop(383)) - Stopped ServerConnector@2a694c7c{HTTP/1.1, (http/1.1)}{0.0.0.0:15173}
2024-06-20 08:53:21,696 [main] INFO  server.session (HouseKeeper.java:stopScavenging(149)) - node0 Stopped scavenging
2024-06-20 08:53:21,697 [main] INFO  handler.ContextHandler (ContextHandler.java:doStop(1159)) - Stopped o.e.j.s.ServletContextHandler@1febf786{static,/static,file:///home/runner/work/ozone/ozone/hadoop-ozone/integration-test/target/test-classes/webapps/static,STOPPED}
2024-06-20 08:53:21,697 [main] INFO  handler.ContextHandler (ContextHandler.java:doStop(1159)) - Stopped o.e.j.s.ServletContextHandler@752bc73c{logs,/logs,file:///home/runner/work/ozone/ozone/hadoop-ozone/integration-test/target/log,STOPPED}
2024-06-20 08:53:21,697 [main] INFO  server.StorageContainerManager (StorageContainerManager.java:stop(1691)) - Stopping SCM LayoutVersionManager Service.
2024-06-20 08:53:21,697 [main] INFO  server.StorageContainerManager (StorageContainerManager.java:stop(1703)) - Stopping Block Manager Service.
2024-06-20 08:53:21,698 [main] INFO  utils.BackgroundService (BackgroundService.java:shutdown(160)) - Shutting down service SCMBlockDeletingService
2024-06-20 08:53:21,698 [main] INFO  utils.BackgroundService (BackgroundService.java:shutdown(160)) - Shutting down service SCMBlockDeletingService
2024-06-20 08:53:21,698 [main] INFO  server.StorageContainerManager (StorageContainerManager.java:stop(1727)) - Stopping SCM Event Queue.
2024-06-20 08:53:21,699 [JvmPauseMonitor30] INFO  util.JvmPauseMonitor (JvmPauseMonitor.java:run(152)) - JvmPauseMonitor-0754b07e-2173-4a4a-acc9-4de6d0aa1b0e: Stopped
2024-06-20 08:53:21,699 [main] INFO  server.StorageContainerManager (StorageContainerManager.java:stop(1738)) - Stopping SCM HA services.
2024-06-20 08:53:21,699 [main] INFO  pipeline.BackgroundPipelineCreator (BackgroundPipelineCreator.java:stop(152)) - Stopping RatisPipelineUtilsThread.
2024-06-20 08:53:21,699 [RatisPipelineUtilsThread-0] WARN  pipeline.BackgroundPipelineCreator (BackgroundPipelineCreator.java:run(183)) - RatisPipelineUtilsThread is interrupted.
2024-06-20 08:53:21,700 [main] INFO  BackgroundPipelineScrubber (BackgroundSCMService.java:stop(128)) - Stopping BackgroundPipelineScrubber Service.
2024-06-20 08:53:21,700 [BackgroundPipelineScrubber] WARN  BackgroundPipelineScrubber (BackgroundSCMService.java:run(112)) - BackgroundPipelineScrubber is interrupted, exit
2024-06-20 08:53:21,700 [main] INFO  impl.MetricsSystemImpl (MetricsSystemImpl.java:stop(210)) - Stopping HddsDatanode metrics system...
2024-06-20 08:53:21,701 [prometheus] INFO  impl.MetricsSinkAdapter (MetricsSinkAdapter.java:publishMetricsFromQueue(141)) - prometheus thread interrupted.
2024-06-20 08:53:21,701 [main] INFO  impl.MetricsSystemImpl (MetricsSystemImpl.java:stop(216)) - HddsDatanode metrics system stopped.
2024-06-20 08:53:21,702 [main] WARN  pipeline.BackgroundPipelineCreator (BackgroundPipelineCreator.java:stop(148)) - RatisPipelineUtilsThread is not running, just ignore.
2024-06-20 08:53:21,702 [main] INFO  BackgroundPipelineScrubber (BackgroundSCMService.java:stop(123)) - BackgroundPipelineScrubber Service is not running, skip stop.
2024-06-20 08:53:21,702 [main] INFO  ExpiredContainerReplicaOpScrubber (BackgroundSCMService.java:stop(128)) - Stopping ExpiredContainerReplicaOpScrubber Service.
2024-06-20 08:53:21,702 [ExpiredContainerReplicaOpScrubber] WARN  ExpiredContainerReplicaOpScrubber (BackgroundSCMService.java:run(112)) - ExpiredContainerReplicaOpScrubber is interrupted, exit
2024-06-20 08:53:21,702 [main] INFO  utils.BackgroundService (BackgroundService.java:shutdown(160)) - Shutting down service SCMBlockDeletingService
2024-06-20 08:53:21,702 [main] INFO  replication.ReplicationManager (ReplicationManager.java:stop(339)) - Replication Monitor Thread is not running.
2024-06-20 08:53:21,703 [main] WARN  balancer.ContainerBalancer (ContainerBalancer.java:stop(327)) - Cannot stop Container Balancer because it's not running or stopping
2024-06-20 08:53:21,703 [LeaseManager#LeaseMonitor] WARN  lease.LeaseManager (LeaseManager.java:run(286)) - Lease manager is interrupted. Shutting down...
java.lang.InterruptedException
	at java.base/java.util.concurrent.locks.AbstractQueuedSynchronizer.tryAcquireSharedNanos(AbstractQueuedSynchronizer.java:1081)
	at java.base/java.util.concurrent.Semaphore.tryAcquire(Semaphore.java:415)
	at org.apache.hadoop.ozone.lease.LeaseManager$LeaseMonitor.run(LeaseManager.java:284)
	at java.base/java.lang.Thread.run(Thread.java:840)
2024-06-20 08:53:21,703 [main] INFO  server.StorageContainerManager (StorageContainerManager.java:stop(1773)) - Stopping SCM MetadataStore.
]]></system-out>
  </testcase>
</testsuite>