<?xml version="1.0" encoding="UTF-8"?>
<testsuite xmlns:xsi="http://www.w3.org/2001/XMLSchema-instance" xsi:noNamespaceSchemaLocation="https://maven.apache.org/surefire/maven-surefire-plugin/xsd/surefire-test-report.xsd" name="org.apache.hadoop.hdds.scm.pipeline.TestPipelineClose" time="145.208" tests="4" errors="0" skipped="0" failures="1">
  <properties>
    <property name="awt.toolkit" value="sun.awt.X11.XToolkit"/>
    <property name="file.encoding.pkg" value="sun.io"/>
    <property name="java.specification.version" value="1.8"/>
    <property name="sun.cpu.isalist" value=""/>
    <property name="sun.jnu.encoding" value="UTF-8"/>
    <property name="java.class.path" value="/home/runner/work/ozone/ozone/hadoop-ozone/integration-test/target/test-classes:/home/runner/work/ozone/ozone/hadoop-ozone/integration-test/target/classes:/home/runner/.m2/repository/org/apache/ozone/ozone-common/1.2.0-SNAPSHOT/ozone-common-1.2.0-SNAPSHOT.jar:/home/runner/.m2/repository/org/apache/commons/commons-compress/1.20/commons-compress-1.20.jar:/home/runner/.m2/repository/org/apache/ozone/hdds-common/1.2.0-SNAPSHOT/hdds-common-1.2.0-SNAPSHOT.jar:/home/runner/.m2/repository/org/apache/ozone/hdds-client/1.2.0-SNAPSHOT/hdds-client-1.2.0-SNAPSHOT.jar:/home/runner/.m2/repository/org/apache/ozone/ozone-interface-client/1.2.0-SNAPSHOT/ozone-interface-client-1.2.0-SNAPSHOT.jar:/home/runner/.m2/repository/org/apache/ozone/hdds-server-framework/1.2.0-SNAPSHOT/hdds-server-framework-1.2.0-SNAPSHOT.jar:/home/runner/.m2/repository/org/apache/ozone/hdds-interface-server/1.2.0-SNAPSHOT/hdds-interface-server-1.2.0-SNAPSHOT.jar:/home/runner/.m2/repository/org/eclipse/jetty/jetty-servlet/9.4.43.v20210629/jetty-servlet-9.4.43.v20210629.jar:/home/runner/.m2/repository/org/eclipse/jetty/jetty-security/9.4.43.v20210629/jetty-security-9.4.43.v20210629.jar:/home/runner/.m2/repository/org/rocksdb/rocksdbjni/6.20.3/rocksdbjni-6.20.3.jar:/home/runner/.m2/repository/io/prometheus/simpleclient_dropwizard/0.7.0/simpleclient_dropwizard-0.7.0.jar:/home/runner/.m2/repository/io/prometheus/simpleclient/0.7.0/simpleclient-0.7.0.jar:/home/runner/.m2/repository/io/prometheus/simpleclient_common/0.7.0/simpleclient_common-0.7.0.jar:/home/runner/.m2/repository/com/fasterxml/jackson/datatype/jackson-datatype-jsr310/2.12.1/jackson-datatype-jsr310-2.12.1.jar:/home/runner/.m2/repository/org/apache/ozone/hdds-test-utils/1.2.0-SNAPSHOT/hdds-test-utils-1.2.0-SNAPSHOT.jar:/home/runner/.m2/repository/com/google/guava/guava/30.1.1-jre/guava-30.1.1-jre.jar:/home/runner/.m2/repository/com/google/guava/failureaccess/1.0.1/failureaccess-1.0.1.jar:/home/runner/.m2/repository/com/google/guava/listenablefuture/9999.0-empty-to-avoid-conflict-with-guava/listenablefuture-9999.0-empty-to-avoid-conflict-with-guava.jar:/home/runner/.m2/repository/com/google/code/findbugs/jsr305/3.0.0/jsr305-3.0.0.jar:/home/runner/.m2/repository/org/checkerframework/checker-qual/3.8.0/checker-qual-3.8.0.jar:/home/runner/.m2/repository/com/google/errorprone/error_prone_annotations/2.2.0/error_prone_annotations-2.2.0.jar:/home/runner/.m2/repository/com/google/j2objc/j2objc-annotations/1.3/j2objc-annotations-1.3.jar:/home/runner/.m2/repository/commons-io/commons-io/2.8.0/commons-io-2.8.0.jar:/home/runner/.m2/repository/commons-logging/commons-logging/1.2/commons-logging-1.2.jar:/home/runner/.m2/repository/log4j/log4j/1.2.17/log4j-1.2.17.jar:/home/runner/.m2/repository/org/slf4j/slf4j-api/1.7.30/slf4j-api-1.7.30.jar:/home/runner/.m2/repository/org/apache/ozone/hdds-server-scm/1.2.0-SNAPSHOT/hdds-server-scm-1.2.0-SNAPSHOT.jar:/home/runner/.m2/repository/org/apache/ozone/hdds-container-service/1.2.0-SNAPSHOT/hdds-container-service-1.2.0-SNAPSHOT.jar:/home/runner/.m2/repository/org/apache/ozone/hdds-hadoop-dependency-server/1.2.0-SNAPSHOT/hdds-hadoop-dependency-server-1.2.0-SNAPSHOT.jar:/home/runner/.m2/repository/org/apache/hadoop/hadoop-hdfs/3.3.1/hadoop-hdfs-3.3.1.jar:/home/runner/.m2/repository/io/dropwizard/metrics/metrics-core/3.2.4/metrics-core-3.2.4.jar:/home/runner/.m2/repository/org/apache/hadoop/hadoop-hdfs-client/3.3.1/hadoop-hdfs-client-3.3.1.jar:/home/runner/.m2/repository/org/bouncycastle/bcprov-jdk15on/1.67/bcprov-jdk15on-1.67.jar:/home/runner/.m2/repository/com/google/protobuf/protobuf-java/2.5.0/protobuf-java-2.5.0.jar:/home/runner/.m2/repository/org/apache/ozone/ozone-manager/1.2.0-SNAPSHOT/ozone-manager-1.2.0-SNAPSHOT.jar:/home/runner/.m2/repository/org/aspectj/aspectjrt/1.8.9/aspectjrt-1.8.9.jar:/home/runner/.m2/repository/org/aspectj/aspectjweaver/1.8.9/aspectjweaver-1.8.9.jar:/home/runner/.m2/repository/org/apache/ozone/hdds-interface-client/1.2.0-SNAPSHOT/hdds-interface-client-1.2.0-SNAPSHOT.jar:/home/runner/.m2/repository/org/apache/hadoop/thirdparty/hadoop-shaded-protobuf_3_7/1.1.1/hadoop-shaded-protobuf_3_7-1.1.1.jar:/home/runner/.m2/repository/org/apache/ratis/ratis-thirdparty-misc/0.7.0/ratis-thirdparty-misc-0.7.0.jar:/home/runner/.m2/repository/org/apache/ozone/ozone-interface-storage/1.2.0-SNAPSHOT/ozone-interface-storage-1.2.0-SNAPSHOT.jar:/home/runner/.m2/repository/org/reflections/reflections/0.9.11/reflections-0.9.11.jar:/home/runner/.m2/repository/org/apache/hadoop/hadoop-minikdc/3.3.1/hadoop-minikdc-3.3.1.jar:/home/runner/.m2/repository/org/apache/kerby/kerb-simplekdc/1.0.1/kerb-simplekdc-1.0.1.jar:/home/runner/.m2/repository/org/apache/kerby/kerb-client/1.0.1/kerb-client-1.0.1.jar:/home/runner/.m2/repository/org/apache/kerby/kerby-config/1.0.1/kerby-config-1.0.1.jar:/home/runner/.m2/repository/org/apache/kerby/kerb-common/1.0.1/kerb-common-1.0.1.jar:/home/runner/.m2/repository/org/apache/kerby/kerb-crypto/1.0.1/kerb-crypto-1.0.1.jar:/home/runner/.m2/repository/org/apache/kerby/kerb-util/1.0.1/kerb-util-1.0.1.jar:/home/runner/.m2/repository/org/apache/kerby/token-provider/1.0.1/token-provider-1.0.1.jar:/home/runner/.m2/repository/org/apache/kerby/kerb-admin/1.0.1/kerb-admin-1.0.1.jar:/home/runner/.m2/repository/org/apache/kerby/kerb-server/1.0.1/kerb-server-1.0.1.jar:/home/runner/.m2/repository/org/apache/kerby/kerb-identity/1.0.1/kerb-identity-1.0.1.jar:/home/runner/.m2/repository/org/apache/kerby/kerby-xdr/1.0.1/kerby-xdr-1.0.1.jar:/home/runner/.m2/repository/org/slf4j/slf4j-log4j12/1.7.30/slf4j-log4j12-1.7.30.jar:/home/runner/.m2/repository/org/apache/ozone/ozone-s3gateway/1.2.0-SNAPSHOT/ozone-s3gateway-1.2.0-SNAPSHOT.jar:/home/runner/.m2/repository/org/javassist/javassist/3.21.0-GA/javassist-3.21.0-GA.jar:/home/runner/.m2/repository/org/jboss/weld/servlet/weld-servlet/2.4.7.Final/weld-servlet-2.4.7.Final.jar:/home/runner/.m2/repository/org/glassfish/jersey/containers/jersey-container-servlet-core/2.33/jersey-container-servlet-core-2.33.jar:/home/runner/.m2/repository/org/glassfish/hk2/external/jakarta.inject/2.6.1/jakarta.inject-2.6.1.jar:/home/runner/.m2/repository/org/glassfish/jersey/core/jersey-common/2.33/jersey-common-2.33.jar:/home/runner/.m2/repository/jakarta/ws/rs/jakarta.ws.rs-api/2.1.6/jakarta.ws.rs-api-2.1.6.jar:/home/runner/.m2/repository/org/glassfish/jersey/ext/cdi/jersey-cdi1x/2.33/jersey-cdi1x-2.33.jar:/home/runner/.m2/repository/org/glassfish/jersey/inject/jersey-hk2/2.33/jersey-hk2-2.33.jar:/home/runner/.m2/repository/org/glassfish/hk2/hk2-locator/2.6.1/hk2-locator-2.6.1.jar:/home/runner/.m2/repository/org/glassfish/jersey/media/jersey-media-jaxb/2.33/jersey-media-jaxb-2.33.jar:/home/runner/.m2/repository/org/glassfish/hk2/osgi-resource-locator/1.0.3/osgi-resource-locator-1.0.3.jar:/home/runner/.m2/repository/org/glassfish/hk2/hk2-api/2.5.0/hk2-api-2.5.0.jar:/home/runner/.m2/repository/org/glassfish/hk2/hk2-utils/2.5.0/hk2-utils-2.5.0.jar:/home/runner/.m2/repository/org/glassfish/hk2/external/aopalliance-repackaged/2.5.0/aopalliance-repackaged-2.5.0.jar:/home/runner/.m2/repository/com/fasterxml/jackson/dataformat/jackson-dataformat-xml/2.12.1/jackson-dataformat-xml-2.12.1.jar:/home/runner/.m2/repository/com/fasterxml/jackson/core/jackson-core/2.12.1/jackson-core-2.12.1.jar:/home/runner/.m2/repository/com/fasterxml/jackson/module/jackson-module-jaxb-annotations/2.12.1/jackson-module-jaxb-annotations-2.12.1.jar:/home/runner/.m2/repository/jakarta/xml/bind/jakarta.xml.bind-api/2.3.2/jakarta.xml.bind-api-2.3.2.jar:/home/runner/.m2/repository/org/codehaus/woodstox/stax2-api/3.1.4/stax2-api-3.1.4.jar:/home/runner/.m2/repository/com/fasterxml/woodstox/woodstox-core/5.0.3/woodstox-core-5.0.3.jar:/home/runner/.m2/repository/javax/enterprise/cdi-api/1.2/cdi-api-1.2.jar:/home/runner/.m2/repository/javax/el/javax.el-api/3.0.0/javax.el-api-3.0.0.jar:/home/runner/.m2/repository/javax/interceptor/javax.interceptor-api/1.2/javax.interceptor-api-1.2.jar:/home/runner/.m2/repository/javax/inject/javax.inject/1/javax.inject-1.jar:/home/runner/.m2/repository/javax/xml/bind/jaxb-api/2.3.0/jaxb-api-2.3.0.jar:/home/runner/.m2/repository/org/glassfish/jaxb/jaxb-runtime/2.3.0.1/jaxb-runtime-2.3.0.1.jar:/home/runner/.m2/repository/org/glassfish/jaxb/jaxb-core/2.3.0.1/jaxb-core-2.3.0.1.jar:/home/runner/.m2/repository/org/glassfish/jaxb/txw2/2.3.0.1/txw2-2.3.0.1.jar:/home/runner/.m2/repository/com/sun/istack/istack-commons-runtime/3.0.5/istack-commons-runtime-3.0.5.jar:/home/runner/.m2/repository/org/jvnet/staxex/stax-ex/1.7.8/stax-ex-1.7.8.jar:/home/runner/.m2/repository/com/sun/xml/fastinfoset/FastInfoset/1.2.13/FastInfoset-1.2.13.jar:/home/runner/.m2/repository/javax/activation/activation/1.1.1/activation-1.1.1.jar:/home/runner/.m2/repository/org/apache/ozone/ozone-csi/1.2.0-SNAPSHOT/ozone-csi-1.2.0-SNAPSHOT.jar:/home/runner/.m2/repository/com/google/protobuf/protobuf-java-util/3.12.0/protobuf-java-util-3.12.0.jar:/home/runner/.m2/repository/com/google/code/gson/gson/2.2.4/gson-2.2.4.jar:/home/runner/.m2/repository/org/apache/ozone/hdds-config/1.2.0-SNAPSHOT/hdds-config-1.2.0-SNAPSHOT.jar:/home/runner/.m2/repository/io/grpc/grpc-netty/1.33.0/grpc-netty-1.33.0.jar:/home/runner/.m2/repository/io/grpc/grpc-core/1.33.0/grpc-core-1.33.0.jar:/home/runner/.m2/repository/com/google/android/annotations/4.1.1.4/annotations-4.1.1.4.jar:/home/runner/.m2/repository/io/netty/netty-codec-http2/4.1.63.Final/netty-codec-http2-4.1.63.Final.jar:/home/runner/.m2/repository/io/netty/netty-codec-http/4.1.63.Final/netty-codec-http-4.1.63.Final.jar:/home/runner/.m2/repository/io/netty/netty-handler-proxy/4.1.63.Final/netty-handler-proxy-4.1.63.Final.jar:/home/runner/.m2/repository/io/netty/netty-codec-socks/4.1.63.Final/netty-codec-socks-4.1.63.Final.jar:/home/runner/.m2/repository/io/perfmark/perfmark-api/0.19.0/perfmark-api-0.19.0.jar:/home/runner/.m2/repository/org/codehaus/mojo/animal-sniffer-annotations/1.18/animal-sniffer-annotations-1.18.jar:/home/runner/.m2/repository/io/netty/netty-transport-native-epoll/4.1.63.Final/netty-transport-native-epoll-4.1.63.Final.jar:/home/runner/.m2/repository/io/netty/netty-common/4.1.63.Final/netty-common-4.1.63.Final.jar:/home/runner/.m2/repository/io/netty/netty-buffer/4.1.63.Final/netty-buffer-4.1.63.Final.jar:/home/runner/.m2/repository/io/netty/netty-transport-native-unix-common/4.1.63.Final/netty-transport-native-unix-common-4.1.63.Final.jar:/home/runner/.m2/repository/io/grpc/grpc-protobuf/1.33.0/grpc-protobuf-1.33.0.jar:/home/runner/.m2/repository/io/grpc/grpc-api/1.33.0/grpc-api-1.33.0.jar:/home/runner/.m2/repository/io/grpc/grpc-context/1.33.0/grpc-context-1.33.0.jar:/home/runner/.m2/repository/com/google/api/grpc/proto-google-common-protos/1.17.0/proto-google-common-protos-1.17.0.jar:/home/runner/.m2/repository/io/grpc/grpc-protobuf-lite/1.33.0/grpc-protobuf-lite-1.33.0.jar:/home/runner/.m2/repository/io/grpc/grpc-stub/1.33.0/grpc-stub-1.33.0.jar:/home/runner/.m2/repository/org/apache/ozone/ozone-recon/1.2.0-SNAPSHOT/ozone-recon-1.2.0-SNAPSHOT.jar:/home/runner/.m2/repository/org/apache/ozone/ozone-reconcodegen/1.2.0-SNAPSHOT/ozone-reconcodegen-1.2.0-SNAPSHOT.jar:/home/runner/.m2/repository/com/google/inject/extensions/guice-multibindings/4.0/guice-multibindings-4.0.jar:/home/runner/.m2/repository/com/google/inject/guice/4.0/guice-4.0.jar:/home/runner/.m2/repository/aopalliance/aopalliance/1.0/aopalliance-1.0.jar:/home/runner/.m2/repository/com/google/inject/extensions/guice-assistedinject/4.0/guice-assistedinject-4.0.jar:/home/runner/.m2/repository/com/google/inject/extensions/guice-servlet/4.0/guice-servlet-4.0.jar:/home/runner/.m2/repository/org/glassfish/jersey/containers/jersey-container-servlet/2.33/jersey-container-servlet-2.33.jar:/home/runner/.m2/repository/org/glassfish/hk2/guice-bridge/2.5.0/guice-bridge-2.5.0.jar:/home/runner/.m2/repository/org/glassfish/jersey/core/jersey-server/2.33/jersey-server-2.33.jar:/home/runner/.m2/repository/org/glassfish/jersey/core/jersey-client/2.33/jersey-client-2.33.jar:/home/runner/.m2/repository/jakarta/annotation/jakarta.annotation-api/1.3.5/jakarta.annotation-api-1.3.5.jar:/home/runner/.m2/repository/jakarta/validation/jakarta.validation-api/2.0.2/jakarta.validation-api-2.0.2.jar:/home/runner/.m2/repository/org/glassfish/jersey/media/jersey-media-json-jackson/2.33/jersey-media-json-jackson-2.33.jar:/home/runner/.m2/repository/org/glassfish/jersey/ext/jersey-entity-filtering/2.33/jersey-entity-filtering-2.33.jar:/home/runner/.m2/repository/org/jooq/jooq/3.11.10/jooq-3.11.10.jar:/home/runner/.m2/repository/org/jooq/jooq-meta/3.11.10/jooq-meta-3.11.10.jar:/home/runner/.m2/repository/org/jooq/jooq-codegen/3.11.10/jooq-codegen-3.11.10.jar:/home/runner/.m2/repository/com/jolbox/bonecp/0.8.0.RELEASE/bonecp-0.8.0.RELEASE.jar:/home/runner/.m2/repository/org/apache/derby/derby/10.14.2.0/derby-10.14.2.0.jar:/home/runner/.m2/repository/org/xerial/sqlite-jdbc/3.25.2/sqlite-jdbc-3.25.2.jar:/home/runner/.m2/repository/org/springframework/spring-jdbc/5.2.11.RELEASE/spring-jdbc-5.2.11.RELEASE.jar:/home/runner/.m2/repository/org/springframework/spring-beans/5.2.11.RELEASE/spring-beans-5.2.11.RELEASE.jar:/home/runner/.m2/repository/org/springframework/spring-core/5.2.11.RELEASE/spring-core-5.2.11.RELEASE.jar:/home/runner/.m2/repository/org/springframework/spring-jcl/5.2.11.RELEASE/spring-jcl-5.2.11.RELEASE.jar:/home/runner/.m2/repository/org/springframework/spring-tx/5.2.11.RELEASE/spring-tx-5.2.11.RELEASE.jar:/home/runner/.m2/repository/org/apache/ozone/ozone-client/1.2.0-SNAPSHOT/ozone-client-1.2.0-SNAPSHOT.jar:/home/runner/.m2/repository/org/apache/ozone/ozone-filesystem/1.2.0-SNAPSHOT/ozone-filesystem-1.2.0-SNAPSHOT.jar:/home/runner/.m2/repository/org/apache/ozone/ozone-filesystem-common/1.2.0-SNAPSHOT/ozone-filesystem-common-1.2.0-SNAPSHOT.jar:/home/runner/.m2/repository/org/apache/ozone/ozone-tools/1.2.0-SNAPSHOT/ozone-tools-1.2.0-SNAPSHOT.jar:/home/runner/.m2/repository/org/apache/ratis/ratis-tools/2.1.0-03f3b68-SNAPSHOT/ratis-tools-2.1.0-03f3b68-SNAPSHOT.jar:/home/runner/.m2/repository/org/apache/ratis/ratis-proto/2.1.0-03f3b68-SNAPSHOT/ratis-proto-2.1.0-03f3b68-SNAPSHOT.jar:/home/runner/.m2/repository/org/apache/ratis/ratis-common/2.1.0-03f3b68-SNAPSHOT/ratis-common-2.1.0-03f3b68-SNAPSHOT.jar:/home/runner/.m2/repository/com/amazonaws/aws-java-sdk-core/1.11.901/aws-java-sdk-core-1.11.901.jar:/home/runner/.m2/repository/org/apache/httpcomponents/httpclient/4.5.13/httpclient-4.5.13.jar:/home/runner/.m2/repository/org/apache/httpcomponents/httpcore/4.4.13/httpcore-4.4.13.jar:/home/runner/.m2/repository/software/amazon/ion/ion-java/1.0.2/ion-java-1.0.2.jar:/home/runner/.m2/repository/com/fasterxml/jackson/dataformat/jackson-dataformat-cbor/2.12.1/jackson-dataformat-cbor-2.12.1.jar:/home/runner/.m2/repository/joda-time/joda-time/2.8.1/joda-time-2.8.1.jar:/home/runner/.m2/repository/com/amazonaws/aws-java-sdk-s3/1.11.901/aws-java-sdk-s3-1.11.901.jar:/home/runner/.m2/repository/com/amazonaws/aws-java-sdk-kms/1.11.901/aws-java-sdk-kms-1.11.901.jar:/home/runner/.m2/repository/com/amazonaws/jmespath-java/1.11.901/jmespath-java-1.11.901.jar:/home/runner/.m2/repository/org/kohsuke/metainf-services/metainf-services/1.8/metainf-services-1.8.jar:/home/runner/.m2/repository/org/apache/ozone/hdds-tools/1.2.0-SNAPSHOT/hdds-tools-1.2.0-SNAPSHOT.jar:/home/runner/.m2/repository/commons-cli/commons-cli/1.2/commons-cli-1.2.jar:/home/runner/.m2/repository/org/apache/commons/commons-lang3/3.7/commons-lang3-3.7.jar:/home/runner/.m2/repository/org/apache/ozone/ozone-manager/1.2.0-SNAPSHOT/ozone-manager-1.2.0-SNAPSHOT-tests.jar:/home/runner/.m2/repository/org/apache/ozone/hdds-common/1.2.0-SNAPSHOT/hdds-common-1.2.0-SNAPSHOT-tests.jar:/home/runner/.m2/repository/org/apache/ozone/hdds-hadoop-dependency-client/1.2.0-SNAPSHOT/hdds-hadoop-dependency-client-1.2.0-SNAPSHOT.jar:/home/runner/.m2/repository/info/picocli/picocli/4.4.0/picocli-4.4.0.jar:/home/runner/.m2/repository/com/fasterxml/jackson/core/jackson-annotations/2.12.1/jackson-annotations-2.12.1.jar:/home/runner/.m2/repository/javax/annotation/javax.annotation-api/1.2/javax.annotation-api-1.2.jar:/home/runner/.m2/repository/org/apache/ratis/ratis-server/2.1.0-03f3b68-SNAPSHOT/ratis-server-2.1.0-03f3b68-SNAPSHOT.jar:/home/runner/.m2/repository/org/apache/ratis/ratis-client/2.1.0-03f3b68-SNAPSHOT/ratis-client-2.1.0-03f3b68-SNAPSHOT.jar:/home/runner/.m2/repository/org/apache/ratis/ratis-server-api/2.1.0-03f3b68-SNAPSHOT/ratis-server-api-2.1.0-03f3b68-SNAPSHOT.jar:/home/runner/.m2/repository/org/apache/ratis/ratis-metrics/2.1.0-03f3b68-SNAPSHOT/ratis-metrics-2.1.0-03f3b68-SNAPSHOT.jar:/home/runner/.m2/repository/org/apache/ratis/ratis-netty/2.1.0-03f3b68-SNAPSHOT/ratis-netty-2.1.0-03f3b68-SNAPSHOT.jar:/home/runner/.m2/repository/org/apache/ratis/ratis-grpc/2.1.0-03f3b68-SNAPSHOT/ratis-grpc-2.1.0-03f3b68-SNAPSHOT.jar:/home/runner/.m2/repository/org/apache/logging/log4j/log4j-api/2.13.3/log4j-api-2.13.3.jar:/home/runner/.m2/repository/org/apache/logging/log4j/log4j-core/2.13.3/log4j-core-2.13.3.jar:/home/runner/.m2/repository/com/lmax/disruptor/3.4.2/disruptor-3.4.2.jar:/home/runner/.m2/repository/org/apache/commons/commons-pool2/2.6.0/commons-pool2-2.6.0.jar:/home/runner/.m2/repository/org/bouncycastle/bcpkix-jdk15on/1.67/bcpkix-jdk15on-1.67.jar:/home/runner/.m2/repository/commons-validator/commons-validator/1.6/commons-validator-1.6.jar:/home/runner/.m2/repository/commons-beanutils/commons-beanutils/1.9.4/commons-beanutils-1.9.4.jar:/home/runner/.m2/repository/commons-digester/commons-digester/1.8.1/commons-digester-1.8.1.jar:/home/runner/.m2/repository/commons-collections/commons-collections/3.2.2/commons-collections-3.2.2.jar:/home/runner/.m2/repository/io/jaegertracing/jaeger-client/1.6.0/jaeger-client-1.6.0.jar:/home/runner/.m2/repository/io/jaegertracing/jaeger-thrift/1.6.0/jaeger-thrift-1.6.0.jar:/home/runner/.m2/repository/org/apache/thrift/libthrift/0.14.1/libthrift-0.14.1.jar:/home/runner/.m2/repository/com/squareup/okhttp3/okhttp/4.9.0/okhttp-4.9.0.jar:/home/runner/.m2/repository/com/squareup/okio/okio/2.8.0/okio-2.8.0.jar:/home/runner/.m2/repository/io/jaegertracing/jaeger-core/1.6.0/jaeger-core-1.6.0.jar:/home/runner/.m2/repository/io/jaegertracing/jaeger-tracerresolver/1.6.0/jaeger-tracerresolver-1.6.0.jar:/home/runner/.m2/repository/io/opentracing/contrib/opentracing-tracerresolver/0.1.8/opentracing-tracerresolver-0.1.8.jar:/home/runner/.m2/repository/org/jetbrains/kotlin/kotlin-stdlib/1.4.31/kotlin-stdlib-1.4.31.jar:/home/runner/.m2/repository/org/jetbrains/kotlin/kotlin-stdlib-common/1.4.31/kotlin-stdlib-common-1.4.31.jar:/home/runner/.m2/repository/org/jetbrains/annotations/13.0/annotations-13.0.jar:/home/runner/.m2/repository/io/opentracing/opentracing-util/0.33.0/opentracing-util-0.33.0.jar:/home/runner/.m2/repository/io/opentracing/opentracing-api/0.33.0/opentracing-api-0.33.0.jar:/home/runner/.m2/repository/io/opentracing/opentracing-noop/0.33.0/opentracing-noop-0.33.0.jar:/home/runner/.m2/repository/org/yaml/snakeyaml/1.26/snakeyaml-1.26.jar:/home/runner/.m2/repository/org/apache/ozone/hdds-interface-admin/1.2.0-SNAPSHOT/hdds-interface-admin-1.2.0-SNAPSHOT.jar:/home/runner/.m2/repository/junit/junit/4.13.1/junit-4.13.1.jar:/home/runner/.m2/repository/org/hamcrest/hamcrest-core/1.3/hamcrest-core-1.3.jar:/home/runner/.m2/repository/org/junit/jupiter/junit-jupiter-api/5.7.0/junit-jupiter-api-5.7.0.jar:/home/runner/.m2/repository/org/apiguardian/apiguardian-api/1.1.0/apiguardian-api-1.1.0.jar:/home/runner/.m2/repository/org/opentest4j/opentest4j/1.2.0/opentest4j-1.2.0.jar:/home/runner/.m2/repository/org/junit/platform/junit-platform-commons/1.7.0/junit-platform-commons-1.7.0.jar:/home/runner/.m2/repository/org/junit/jupiter/junit-jupiter-engine/5.7.0/junit-jupiter-engine-5.7.0.jar:/home/runner/.m2/repository/org/junit/platform/junit-platform-engine/1.7.0/junit-platform-engine-1.7.0.jar:/home/runner/.m2/repository/org/junit/vintage/junit-vintage-engine/5.7.0/junit-vintage-engine-5.7.0.jar:/home/runner/.m2/repository/org/junit/platform/junit-platform-launcher/1.7.0/junit-platform-launcher-1.7.0.jar:/home/runner/.m2/repository/org/openjdk/jmh/jmh-core/1.19/jmh-core-1.19.jar:/home/runner/.m2/repository/net/sf/jopt-simple/jopt-simple/4.6/jopt-simple-4.6.jar:/home/runner/.m2/repository/org/apache/commons/commons-math3/3.1.1/commons-math3-3.1.1.jar:/home/runner/.m2/repository/org/openjdk/jmh/jmh-generator-annprocess/1.19/jmh-generator-annprocess-1.19.jar:/home/runner/.m2/repository/org/mockito/mockito-core/2.28.2/mockito-core-2.28.2.jar:/home/runner/.m2/repository/net/bytebuddy/byte-buddy/1.9.10/byte-buddy-1.9.10.jar:/home/runner/.m2/repository/net/bytebuddy/byte-buddy-agent/1.9.10/byte-buddy-agent-1.9.10.jar:/home/runner/.m2/repository/org/objenesis/objenesis/1.0/objenesis-1.0.jar:/home/runner/.m2/repository/org/apache/hadoop/hadoop-kms/3.3.1/hadoop-kms-3.3.1.jar:/home/runner/.m2/repository/org/apache/hadoop/hadoop-auth/3.3.1/hadoop-auth-3.3.1.jar:/home/runner/.m2/repository/com/nimbusds/nimbus-jose-jwt/7.9/nimbus-jose-jwt-7.9.jar:/home/runner/.m2/repository/com/github/stephenc/jcip/jcip-annotations/1.0-1/jcip-annotations-1.0-1.jar:/home/runner/.m2/repository/net/minidev/json-smart/2.3/json-smart-2.3.jar:/home/runner/.m2/repository/net/minidev/accessors-smart/1.2/accessors-smart-1.2.jar:/home/runner/.m2/repository/org/ow2/asm/asm/5.0.4/asm-5.0.4.jar:/home/runner/.m2/repository/org/apache/zookeeper/zookeeper/3.5.6/zookeeper-3.5.6.jar:/home/runner/.m2/repository/org/apache/zookeeper/zookeeper-jute/3.5.6/zookeeper-jute-3.5.6.jar:/home/runner/.m2/repository/org/apache/yetus/audience-annotations/0.5.0/audience-annotations-0.5.0.jar:/home/runner/.m2/repository/org/apache/curator/curator-framework/4.2.0/curator-framework-4.2.0.jar:/home/runner/.m2/repository/org/apache/hadoop/thirdparty/hadoop-shaded-guava/1.1.1/hadoop-shaded-guava-1.1.1.jar:/home/runner/.m2/repository/com/sun/jersey/jersey-core/1.19/jersey-core-1.19.jar:/home/runner/.m2/repository/javax/ws/rs/jsr311-api/1.1.1/jsr311-api-1.1.1.jar:/home/runner/.m2/repository/com/sun/jersey/jersey-server/1.19/jersey-server-1.19.jar:/home/runner/.m2/repository/javax/servlet/javax.servlet-api/3.1.0/javax.servlet-api-3.1.0.jar:/home/runner/.m2/repository/org/eclipse/jetty/jetty-server/9.4.43.v20210629/jetty-server-9.4.43.v20210629.jar:/home/runner/.m2/repository/org/eclipse/jetty/jetty-http/9.4.43.v20210629/jetty-http-9.4.43.v20210629.jar:/home/runner/.m2/repository/org/eclipse/jetty/jetty-io/9.4.43.v20210629/jetty-io-9.4.43.v20210629.jar:/home/runner/.m2/repository/org/eclipse/jetty/jetty-webapp/9.4.43.v20210629/jetty-webapp-9.4.43.v20210629.jar:/home/runner/.m2/repository/org/eclipse/jetty/jetty-xml/9.4.43.v20210629/jetty-xml-9.4.43.v20210629.jar:/home/runner/.m2/repository/org/apache/hadoop/hadoop-common/3.3.1/hadoop-common-3.3.1.jar:/home/runner/.m2/repository/commons-net/commons-net/3.6/commons-net-3.6.jar:/home/runner/.m2/repository/jakarta/activation/jakarta.activation-api/1.2.1/jakarta.activation-api-1.2.1.jar:/home/runner/.m2/repository/com/sun/jersey/jersey-servlet/1.19/jersey-servlet-1.19.jar:/home/runner/.m2/repository/com/sun/jersey/jersey-json/1.19/jersey-json-1.19.jar:/home/runner/.m2/repository/org/codehaus/jettison/jettison/1.1/jettison-1.1.jar:/home/runner/.m2/repository/com/sun/xml/bind/jaxb-impl/2.2.3-1/jaxb-impl-2.2.3-1.jar:/home/runner/.m2/repository/org/codehaus/jackson/jackson-jaxrs/1.9.2/jackson-jaxrs-1.9.2.jar:/home/runner/.m2/repository/org/codehaus/jackson/jackson-xc/1.9.2/jackson-xc-1.9.2.jar:/home/runner/.m2/repository/org/apache/commons/commons-configuration2/2.1.1/commons-configuration2-2.1.1.jar:/home/runner/.m2/repository/org/apache/commons/commons-text/1.4/commons-text-1.4.jar:/home/runner/.m2/repository/com/google/re2j/re2j/1.1/re2j-1.1.jar:/home/runner/.m2/repository/com/jcraft/jsch/0.1.54/jsch-0.1.54.jar:/home/runner/.m2/repository/org/apache/curator/curator-client/4.2.0/curator-client-4.2.0.jar:/home/runner/.m2/repository/org/apache/curator/curator-recipes/4.2.0/curator-recipes-4.2.0.jar:/home/runner/.m2/repository/org/apache/kerby/kerb-core/1.0.1/kerb-core-1.0.1.jar:/home/runner/.m2/repository/org/apache/kerby/kerby-pkix/1.0.1/kerby-pkix-1.0.1.jar:/home/runner/.m2/repository/org/apache/kerby/kerby-asn1/1.0.1/kerby-asn1-1.0.1.jar:/home/runner/.m2/repository/org/apache/kerby/kerby-util/1.0.1/kerby-util-1.0.1.jar:/home/runner/.m2/repository/dnsjava/dnsjava/2.1.7/dnsjava-2.1.7.jar:/home/runner/.m2/repository/org/xerial/snappy/snappy-java/1.1.8.2/snappy-java-1.1.8.2.jar:/home/runner/.m2/repository/org/slf4j/jul-to-slf4j/1.7.30/jul-to-slf4j-1.7.30.jar:/home/runner/.m2/repository/org/eclipse/jetty/jetty-util/9.4.43.v20210629/jetty-util-9.4.43.v20210629.jar:/home/runner/.m2/repository/com/fasterxml/jackson/core/jackson-databind/2.12.1/jackson-databind-2.12.1.jar:/home/runner/.m2/repository/org/apache/hadoop/hadoop-kms/3.3.1/hadoop-kms-3.3.1-tests.jar:/home/runner/.m2/repository/org/apache/ozone/hdds-server-scm/1.2.0-SNAPSHOT/hdds-server-scm-1.2.0-SNAPSHOT-tests.jar:/home/runner/.m2/repository/org/apache/ozone/hdds-container-service/1.2.0-SNAPSHOT/hdds-container-service-1.2.0-SNAPSHOT-tests.jar:/home/runner/.m2/repository/commons-codec/commons-codec/1.11/commons-codec-1.11.jar:/home/runner/.m2/repository/io/netty/netty-transport/4.1.63.Final/netty-transport-4.1.63.Final.jar:/home/runner/.m2/repository/io/netty/netty-resolver/4.1.63.Final/netty-resolver-4.1.63.Final.jar:/home/runner/.m2/repository/io/netty/netty-codec/4.1.63.Final/netty-codec-4.1.63.Final.jar:/home/runner/.m2/repository/io/netty/netty-handler/4.1.63.Final/netty-handler-4.1.63.Final.jar:/home/runner/.m2/repository/org/apache/ozone/hdds-hadoop-dependency-test/1.2.0-SNAPSHOT/hdds-hadoop-dependency-test-1.2.0-SNAPSHOT.jar:/home/runner/.m2/repository/org/apache/hadoop/hadoop-common/3.3.1/hadoop-common-3.3.1-tests.jar:/home/runner/.m2/repository/org/assertj/assertj-core/3.12.2/assertj-core-3.12.2.jar:/home/runner/.m2/repository/org/apache/hadoop/hadoop-hdfs/3.3.1/hadoop-hdfs-3.3.1-tests.jar:/home/runner/.m2/repository/org/eclipse/jetty/jetty-util-ajax/9.4.43.v20210629/jetty-util-ajax-9.4.43.v20210629.jar:/home/runner/.m2/repository/commons-daemon/commons-daemon/1.0.13/commons-daemon-1.0.13.jar:/home/runner/.m2/repository/io/netty/netty/3.10.6.Final/netty-3.10.6.Final.jar:/home/runner/.m2/repository/io/netty/netty-all/4.1.63.Final/netty-all-4.1.63.Final.jar:/home/runner/.m2/repository/org/apache/htrace/htrace-core4/4.1.0-incubating/htrace-core4-4.1.0-incubating.jar:/home/runner/.m2/repository/org/fusesource/leveldbjni/leveldbjni-all/1.8/leveldbjni-all-1.8.jar:/home/runner/.m2/repository/org/apache/hadoop/hadoop-distcp/3.3.1/hadoop-distcp-3.3.1.jar:/home/runner/.m2/repository/org/apache/hadoop/hadoop-mapreduce-client-jobclient/3.3.1/hadoop-mapreduce-client-jobclient-3.3.1.jar:/home/runner/.m2/repository/org/apache/hadoop/hadoop-mapreduce-client-common/3.3.1/hadoop-mapreduce-client-common-3.3.1.jar:/home/runner/.m2/repository/org/apache/hadoop/hadoop-yarn-common/3.3.1/hadoop-yarn-common-3.3.1.jar:/home/runner/.m2/repository/org/apache/hadoop/hadoop-yarn-api/3.3.1/hadoop-yarn-api-3.3.1.jar:/home/runner/.m2/repository/com/sun/jersey/jersey-client/1.19/jersey-client-1.19.jar:/home/runner/.m2/repository/com/sun/jersey/contribs/jersey-guice/1.19/jersey-guice-1.19.jar:/home/runner/.m2/repository/com/fasterxml/jackson/jaxrs/jackson-jaxrs-json-provider/2.12.1/jackson-jaxrs-json-provider-2.12.1.jar:/home/runner/.m2/repository/com/fasterxml/jackson/jaxrs/jackson-jaxrs-base/2.12.1/jackson-jaxrs-base-2.12.1.jar:/home/runner/.m2/repository/org/apache/hadoop/hadoop-yarn-client/3.3.1/hadoop-yarn-client-3.3.1.jar:/home/runner/.m2/repository/org/eclipse/jetty/websocket/websocket-client/9.4.40.v20210413/websocket-client-9.4.40.v20210413.jar:/home/runner/.m2/repository/org/eclipse/jetty/jetty-client/9.4.40.v20210413/jetty-client-9.4.40.v20210413.jar:/home/runner/.m2/repository/org/eclipse/jetty/websocket/websocket-common/9.4.40.v20210413/websocket-common-9.4.40.v20210413.jar:/home/runner/.m2/repository/org/eclipse/jetty/websocket/websocket-api/9.4.40.v20210413/websocket-api-9.4.40.v20210413.jar:/home/runner/.m2/repository/org/jline/jline/3.9.0/jline-3.9.0.jar:/home/runner/.m2/repository/org/apache/hadoop/hadoop-mapreduce-client-core/3.3.1/hadoop-mapreduce-client-core-3.3.1.jar:/home/runner/.m2/repository/org/apache/avro/avro/1.7.7/avro-1.7.7.jar:/home/runner/.m2/repository/org/codehaus/jackson/jackson-core-asl/1.9.13/jackson-core-asl-1.9.13.jar:/home/runner/.m2/repository/org/codehaus/jackson/jackson-mapper-asl/1.9.13/jackson-mapper-asl-1.9.13.jar:/home/runner/.m2/repository/com/thoughtworks/paranamer/paranamer/2.3/paranamer-2.3.jar:/home/runner/.m2/repository/org/apache/hadoop/hadoop-annotations/3.3.1/hadoop-annotations-3.3.1.jar:/usr/lib/jvm/adoptopenjdk-8-hotspot-amd64/jre/../lib/tools.jar:/home/runner/.m2/repository/org/apache/hadoop/hadoop-distcp/3.3.1/hadoop-distcp-3.3.1-tests.jar:"/>
    <property name="java.vm.vendor" value="AdoptOpenJDK"/>
    <property name="sun.arch.data.model" value="64"/>
    <property name="test.build.dir" value="/home/runner/work/ozone/ozone/hadoop-ozone/integration-test/target/test-dir"/>
    <property name="test.cache.data" value=""/>
    <property name="java.vendor.url" value="https://adoptopenjdk.net/"/>
    <property name="user.timezone" value=""/>
    <property name="java.vm.specification.version" value="1.8"/>
    <property name="os.name" value="Linux"/>
    <property name="test.build.data" value="/home/runner/work/ozone/ozone/hadoop-ozone/integration-test/target/test-dir"/>
    <property name="sun.java.launcher" value="SUN_STANDARD"/>
    <property name="sun.boot.library.path" value="/usr/lib/jvm/adoptopenjdk-8-hotspot-amd64/jre/lib/amd64"/>
    <property name="sun.java.command" value="/home/runner/work/ozone/ozone/hadoop-ozone/integration-test/target/surefire/surefirebooter4608012556046256502.jar /home/runner/work/ozone/ozone/hadoop-ozone/integration-test/target/surefire 2021-08-17T14-03-45_620-jvmRun1 surefire962614343737766519tmp surefire_145630521724923367904tmp"/>
    <property name="surefire.test.class.path" value="/home/runner/work/ozone/ozone/hadoop-ozone/integration-test/target/test-classes:/home/runner/work/ozone/ozone/hadoop-ozone/integration-test/target/classes:/home/runner/.m2/repository/org/apache/ozone/ozone-common/1.2.0-SNAPSHOT/ozone-common-1.2.0-SNAPSHOT.jar:/home/runner/.m2/repository/org/apache/commons/commons-compress/1.20/commons-compress-1.20.jar:/home/runner/.m2/repository/org/apache/ozone/hdds-common/1.2.0-SNAPSHOT/hdds-common-1.2.0-SNAPSHOT.jar:/home/runner/.m2/repository/org/apache/ozone/hdds-client/1.2.0-SNAPSHOT/hdds-client-1.2.0-SNAPSHOT.jar:/home/runner/.m2/repository/org/apache/ozone/ozone-interface-client/1.2.0-SNAPSHOT/ozone-interface-client-1.2.0-SNAPSHOT.jar:/home/runner/.m2/repository/org/apache/ozone/hdds-server-framework/1.2.0-SNAPSHOT/hdds-server-framework-1.2.0-SNAPSHOT.jar:/home/runner/.m2/repository/org/apache/ozone/hdds-interface-server/1.2.0-SNAPSHOT/hdds-interface-server-1.2.0-SNAPSHOT.jar:/home/runner/.m2/repository/org/eclipse/jetty/jetty-servlet/9.4.43.v20210629/jetty-servlet-9.4.43.v20210629.jar:/home/runner/.m2/repository/org/eclipse/jetty/jetty-security/9.4.43.v20210629/jetty-security-9.4.43.v20210629.jar:/home/runner/.m2/repository/org/rocksdb/rocksdbjni/6.20.3/rocksdbjni-6.20.3.jar:/home/runner/.m2/repository/io/prometheus/simpleclient_dropwizard/0.7.0/simpleclient_dropwizard-0.7.0.jar:/home/runner/.m2/repository/io/prometheus/simpleclient/0.7.0/simpleclient-0.7.0.jar:/home/runner/.m2/repository/io/prometheus/simpleclient_common/0.7.0/simpleclient_common-0.7.0.jar:/home/runner/.m2/repository/com/fasterxml/jackson/datatype/jackson-datatype-jsr310/2.12.1/jackson-datatype-jsr310-2.12.1.jar:/home/runner/.m2/repository/org/apache/ozone/hdds-test-utils/1.2.0-SNAPSHOT/hdds-test-utils-1.2.0-SNAPSHOT.jar:/home/runner/.m2/repository/com/google/guava/guava/30.1.1-jre/guava-30.1.1-jre.jar:/home/runner/.m2/repository/com/google/guava/failureaccess/1.0.1/failureaccess-1.0.1.jar:/home/runner/.m2/repository/com/google/guava/listenablefuture/9999.0-empty-to-avoid-conflict-with-guava/listenablefuture-9999.0-empty-to-avoid-conflict-with-guava.jar:/home/runner/.m2/repository/com/google/code/findbugs/jsr305/3.0.0/jsr305-3.0.0.jar:/home/runner/.m2/repository/org/checkerframework/checker-qual/3.8.0/checker-qual-3.8.0.jar:/home/runner/.m2/repository/com/google/errorprone/error_prone_annotations/2.2.0/error_prone_annotations-2.2.0.jar:/home/runner/.m2/repository/com/google/j2objc/j2objc-annotations/1.3/j2objc-annotations-1.3.jar:/home/runner/.m2/repository/commons-io/commons-io/2.8.0/commons-io-2.8.0.jar:/home/runner/.m2/repository/commons-logging/commons-logging/1.2/commons-logging-1.2.jar:/home/runner/.m2/repository/log4j/log4j/1.2.17/log4j-1.2.17.jar:/home/runner/.m2/repository/org/slf4j/slf4j-api/1.7.30/slf4j-api-1.7.30.jar:/home/runner/.m2/repository/org/apache/ozone/hdds-server-scm/1.2.0-SNAPSHOT/hdds-server-scm-1.2.0-SNAPSHOT.jar:/home/runner/.m2/repository/org/apache/ozone/hdds-container-service/1.2.0-SNAPSHOT/hdds-container-service-1.2.0-SNAPSHOT.jar:/home/runner/.m2/repository/org/apache/ozone/hdds-hadoop-dependency-server/1.2.0-SNAPSHOT/hdds-hadoop-dependency-server-1.2.0-SNAPSHOT.jar:/home/runner/.m2/repository/org/apache/hadoop/hadoop-hdfs/3.3.1/hadoop-hdfs-3.3.1.jar:/home/runner/.m2/repository/io/dropwizard/metrics/metrics-core/3.2.4/metrics-core-3.2.4.jar:/home/runner/.m2/repository/org/apache/hadoop/hadoop-hdfs-client/3.3.1/hadoop-hdfs-client-3.3.1.jar:/home/runner/.m2/repository/org/bouncycastle/bcprov-jdk15on/1.67/bcprov-jdk15on-1.67.jar:/home/runner/.m2/repository/com/google/protobuf/protobuf-java/2.5.0/protobuf-java-2.5.0.jar:/home/runner/.m2/repository/org/apache/ozone/ozone-manager/1.2.0-SNAPSHOT/ozone-manager-1.2.0-SNAPSHOT.jar:/home/runner/.m2/repository/org/aspectj/aspectjrt/1.8.9/aspectjrt-1.8.9.jar:/home/runner/.m2/repository/org/aspectj/aspectjweaver/1.8.9/aspectjweaver-1.8.9.jar:/home/runner/.m2/repository/org/apache/ozone/hdds-interface-client/1.2.0-SNAPSHOT/hdds-interface-client-1.2.0-SNAPSHOT.jar:/home/runner/.m2/repository/org/apache/hadoop/thirdparty/hadoop-shaded-protobuf_3_7/1.1.1/hadoop-shaded-protobuf_3_7-1.1.1.jar:/home/runner/.m2/repository/org/apache/ratis/ratis-thirdparty-misc/0.7.0/ratis-thirdparty-misc-0.7.0.jar:/home/runner/.m2/repository/org/apache/ozone/ozone-interface-storage/1.2.0-SNAPSHOT/ozone-interface-storage-1.2.0-SNAPSHOT.jar:/home/runner/.m2/repository/org/reflections/reflections/0.9.11/reflections-0.9.11.jar:/home/runner/.m2/repository/org/apache/hadoop/hadoop-minikdc/3.3.1/hadoop-minikdc-3.3.1.jar:/home/runner/.m2/repository/org/apache/kerby/kerb-simplekdc/1.0.1/kerb-simplekdc-1.0.1.jar:/home/runner/.m2/repository/org/apache/kerby/kerb-client/1.0.1/kerb-client-1.0.1.jar:/home/runner/.m2/repository/org/apache/kerby/kerby-config/1.0.1/kerby-config-1.0.1.jar:/home/runner/.m2/repository/org/apache/kerby/kerb-common/1.0.1/kerb-common-1.0.1.jar:/home/runner/.m2/repository/org/apache/kerby/kerb-crypto/1.0.1/kerb-crypto-1.0.1.jar:/home/runner/.m2/repository/org/apache/kerby/kerb-util/1.0.1/kerb-util-1.0.1.jar:/home/runner/.m2/repository/org/apache/kerby/token-provider/1.0.1/token-provider-1.0.1.jar:/home/runner/.m2/repository/org/apache/kerby/kerb-admin/1.0.1/kerb-admin-1.0.1.jar:/home/runner/.m2/repository/org/apache/kerby/kerb-server/1.0.1/kerb-server-1.0.1.jar:/home/runner/.m2/repository/org/apache/kerby/kerb-identity/1.0.1/kerb-identity-1.0.1.jar:/home/runner/.m2/repository/org/apache/kerby/kerby-xdr/1.0.1/kerby-xdr-1.0.1.jar:/home/runner/.m2/repository/org/slf4j/slf4j-log4j12/1.7.30/slf4j-log4j12-1.7.30.jar:/home/runner/.m2/repository/org/apache/ozone/ozone-s3gateway/1.2.0-SNAPSHOT/ozone-s3gateway-1.2.0-SNAPSHOT.jar:/home/runner/.m2/repository/org/javassist/javassist/3.21.0-GA/javassist-3.21.0-GA.jar:/home/runner/.m2/repository/org/jboss/weld/servlet/weld-servlet/2.4.7.Final/weld-servlet-2.4.7.Final.jar:/home/runner/.m2/repository/org/glassfish/jersey/containers/jersey-container-servlet-core/2.33/jersey-container-servlet-core-2.33.jar:/home/runner/.m2/repository/org/glassfish/hk2/external/jakarta.inject/2.6.1/jakarta.inject-2.6.1.jar:/home/runner/.m2/repository/org/glassfish/jersey/core/jersey-common/2.33/jersey-common-2.33.jar:/home/runner/.m2/repository/jakarta/ws/rs/jakarta.ws.rs-api/2.1.6/jakarta.ws.rs-api-2.1.6.jar:/home/runner/.m2/repository/org/glassfish/jersey/ext/cdi/jersey-cdi1x/2.33/jersey-cdi1x-2.33.jar:/home/runner/.m2/repository/org/glassfish/jersey/inject/jersey-hk2/2.33/jersey-hk2-2.33.jar:/home/runner/.m2/repository/org/glassfish/hk2/hk2-locator/2.6.1/hk2-locator-2.6.1.jar:/home/runner/.m2/repository/org/glassfish/jersey/media/jersey-media-jaxb/2.33/jersey-media-jaxb-2.33.jar:/home/runner/.m2/repository/org/glassfish/hk2/osgi-resource-locator/1.0.3/osgi-resource-locator-1.0.3.jar:/home/runner/.m2/repository/org/glassfish/hk2/hk2-api/2.5.0/hk2-api-2.5.0.jar:/home/runner/.m2/repository/org/glassfish/hk2/hk2-utils/2.5.0/hk2-utils-2.5.0.jar:/home/runner/.m2/repository/org/glassfish/hk2/external/aopalliance-repackaged/2.5.0/aopalliance-repackaged-2.5.0.jar:/home/runner/.m2/repository/com/fasterxml/jackson/dataformat/jackson-dataformat-xml/2.12.1/jackson-dataformat-xml-2.12.1.jar:/home/runner/.m2/repository/com/fasterxml/jackson/core/jackson-core/2.12.1/jackson-core-2.12.1.jar:/home/runner/.m2/repository/com/fasterxml/jackson/module/jackson-module-jaxb-annotations/2.12.1/jackson-module-jaxb-annotations-2.12.1.jar:/home/runner/.m2/repository/jakarta/xml/bind/jakarta.xml.bind-api/2.3.2/jakarta.xml.bind-api-2.3.2.jar:/home/runner/.m2/repository/org/codehaus/woodstox/stax2-api/3.1.4/stax2-api-3.1.4.jar:/home/runner/.m2/repository/com/fasterxml/woodstox/woodstox-core/5.0.3/woodstox-core-5.0.3.jar:/home/runner/.m2/repository/javax/enterprise/cdi-api/1.2/cdi-api-1.2.jar:/home/runner/.m2/repository/javax/el/javax.el-api/3.0.0/javax.el-api-3.0.0.jar:/home/runner/.m2/repository/javax/interceptor/javax.interceptor-api/1.2/javax.interceptor-api-1.2.jar:/home/runner/.m2/repository/javax/inject/javax.inject/1/javax.inject-1.jar:/home/runner/.m2/repository/javax/xml/bind/jaxb-api/2.3.0/jaxb-api-2.3.0.jar:/home/runner/.m2/repository/org/glassfish/jaxb/jaxb-runtime/2.3.0.1/jaxb-runtime-2.3.0.1.jar:/home/runner/.m2/repository/org/glassfish/jaxb/jaxb-core/2.3.0.1/jaxb-core-2.3.0.1.jar:/home/runner/.m2/repository/org/glassfish/jaxb/txw2/2.3.0.1/txw2-2.3.0.1.jar:/home/runner/.m2/repository/com/sun/istack/istack-commons-runtime/3.0.5/istack-commons-runtime-3.0.5.jar:/home/runner/.m2/repository/org/jvnet/staxex/stax-ex/1.7.8/stax-ex-1.7.8.jar:/home/runner/.m2/repository/com/sun/xml/fastinfoset/FastInfoset/1.2.13/FastInfoset-1.2.13.jar:/home/runner/.m2/repository/javax/activation/activation/1.1.1/activation-1.1.1.jar:/home/runner/.m2/repository/org/apache/ozone/ozone-csi/1.2.0-SNAPSHOT/ozone-csi-1.2.0-SNAPSHOT.jar:/home/runner/.m2/repository/com/google/protobuf/protobuf-java-util/3.12.0/protobuf-java-util-3.12.0.jar:/home/runner/.m2/repository/com/google/code/gson/gson/2.2.4/gson-2.2.4.jar:/home/runner/.m2/repository/org/apache/ozone/hdds-config/1.2.0-SNAPSHOT/hdds-config-1.2.0-SNAPSHOT.jar:/home/runner/.m2/repository/io/grpc/grpc-netty/1.33.0/grpc-netty-1.33.0.jar:/home/runner/.m2/repository/io/grpc/grpc-core/1.33.0/grpc-core-1.33.0.jar:/home/runner/.m2/repository/com/google/android/annotations/4.1.1.4/annotations-4.1.1.4.jar:/home/runner/.m2/repository/io/netty/netty-codec-http2/4.1.63.Final/netty-codec-http2-4.1.63.Final.jar:/home/runner/.m2/repository/io/netty/netty-codec-http/4.1.63.Final/netty-codec-http-4.1.63.Final.jar:/home/runner/.m2/repository/io/netty/netty-handler-proxy/4.1.63.Final/netty-handler-proxy-4.1.63.Final.jar:/home/runner/.m2/repository/io/netty/netty-codec-socks/4.1.63.Final/netty-codec-socks-4.1.63.Final.jar:/home/runner/.m2/repository/io/perfmark/perfmark-api/0.19.0/perfmark-api-0.19.0.jar:/home/runner/.m2/repository/org/codehaus/mojo/animal-sniffer-annotations/1.18/animal-sniffer-annotations-1.18.jar:/home/runner/.m2/repository/io/netty/netty-transport-native-epoll/4.1.63.Final/netty-transport-native-epoll-4.1.63.Final.jar:/home/runner/.m2/repository/io/netty/netty-common/4.1.63.Final/netty-common-4.1.63.Final.jar:/home/runner/.m2/repository/io/netty/netty-buffer/4.1.63.Final/netty-buffer-4.1.63.Final.jar:/home/runner/.m2/repository/io/netty/netty-transport-native-unix-common/4.1.63.Final/netty-transport-native-unix-common-4.1.63.Final.jar:/home/runner/.m2/repository/io/grpc/grpc-protobuf/1.33.0/grpc-protobuf-1.33.0.jar:/home/runner/.m2/repository/io/grpc/grpc-api/1.33.0/grpc-api-1.33.0.jar:/home/runner/.m2/repository/io/grpc/grpc-context/1.33.0/grpc-context-1.33.0.jar:/home/runner/.m2/repository/com/google/api/grpc/proto-google-common-protos/1.17.0/proto-google-common-protos-1.17.0.jar:/home/runner/.m2/repository/io/grpc/grpc-protobuf-lite/1.33.0/grpc-protobuf-lite-1.33.0.jar:/home/runner/.m2/repository/io/grpc/grpc-stub/1.33.0/grpc-stub-1.33.0.jar:/home/runner/.m2/repository/org/apache/ozone/ozone-recon/1.2.0-SNAPSHOT/ozone-recon-1.2.0-SNAPSHOT.jar:/home/runner/.m2/repository/org/apache/ozone/ozone-reconcodegen/1.2.0-SNAPSHOT/ozone-reconcodegen-1.2.0-SNAPSHOT.jar:/home/runner/.m2/repository/com/google/inject/extensions/guice-multibindings/4.0/guice-multibindings-4.0.jar:/home/runner/.m2/repository/com/google/inject/guice/4.0/guice-4.0.jar:/home/runner/.m2/repository/aopalliance/aopalliance/1.0/aopalliance-1.0.jar:/home/runner/.m2/repository/com/google/inject/extensions/guice-assistedinject/4.0/guice-assistedinject-4.0.jar:/home/runner/.m2/repository/com/google/inject/extensions/guice-servlet/4.0/guice-servlet-4.0.jar:/home/runner/.m2/repository/org/glassfish/jersey/containers/jersey-container-servlet/2.33/jersey-container-servlet-2.33.jar:/home/runner/.m2/repository/org/glassfish/hk2/guice-bridge/2.5.0/guice-bridge-2.5.0.jar:/home/runner/.m2/repository/org/glassfish/jersey/core/jersey-server/2.33/jersey-server-2.33.jar:/home/runner/.m2/repository/org/glassfish/jersey/core/jersey-client/2.33/jersey-client-2.33.jar:/home/runner/.m2/repository/jakarta/annotation/jakarta.annotation-api/1.3.5/jakarta.annotation-api-1.3.5.jar:/home/runner/.m2/repository/jakarta/validation/jakarta.validation-api/2.0.2/jakarta.validation-api-2.0.2.jar:/home/runner/.m2/repository/org/glassfish/jersey/media/jersey-media-json-jackson/2.33/jersey-media-json-jackson-2.33.jar:/home/runner/.m2/repository/org/glassfish/jersey/ext/jersey-entity-filtering/2.33/jersey-entity-filtering-2.33.jar:/home/runner/.m2/repository/org/jooq/jooq/3.11.10/jooq-3.11.10.jar:/home/runner/.m2/repository/org/jooq/jooq-meta/3.11.10/jooq-meta-3.11.10.jar:/home/runner/.m2/repository/org/jooq/jooq-codegen/3.11.10/jooq-codegen-3.11.10.jar:/home/runner/.m2/repository/com/jolbox/bonecp/0.8.0.RELEASE/bonecp-0.8.0.RELEASE.jar:/home/runner/.m2/repository/org/apache/derby/derby/10.14.2.0/derby-10.14.2.0.jar:/home/runner/.m2/repository/org/xerial/sqlite-jdbc/3.25.2/sqlite-jdbc-3.25.2.jar:/home/runner/.m2/repository/org/springframework/spring-jdbc/5.2.11.RELEASE/spring-jdbc-5.2.11.RELEASE.jar:/home/runner/.m2/repository/org/springframework/spring-beans/5.2.11.RELEASE/spring-beans-5.2.11.RELEASE.jar:/home/runner/.m2/repository/org/springframework/spring-core/5.2.11.RELEASE/spring-core-5.2.11.RELEASE.jar:/home/runner/.m2/repository/org/springframework/spring-jcl/5.2.11.RELEASE/spring-jcl-5.2.11.RELEASE.jar:/home/runner/.m2/repository/org/springframework/spring-tx/5.2.11.RELEASE/spring-tx-5.2.11.RELEASE.jar:/home/runner/.m2/repository/org/apache/ozone/ozone-client/1.2.0-SNAPSHOT/ozone-client-1.2.0-SNAPSHOT.jar:/home/runner/.m2/repository/org/apache/ozone/ozone-filesystem/1.2.0-SNAPSHOT/ozone-filesystem-1.2.0-SNAPSHOT.jar:/home/runner/.m2/repository/org/apache/ozone/ozone-filesystem-common/1.2.0-SNAPSHOT/ozone-filesystem-common-1.2.0-SNAPSHOT.jar:/home/runner/.m2/repository/org/apache/ozone/ozone-tools/1.2.0-SNAPSHOT/ozone-tools-1.2.0-SNAPSHOT.jar:/home/runner/.m2/repository/org/apache/ratis/ratis-tools/2.1.0-03f3b68-SNAPSHOT/ratis-tools-2.1.0-03f3b68-SNAPSHOT.jar:/home/runner/.m2/repository/org/apache/ratis/ratis-proto/2.1.0-03f3b68-SNAPSHOT/ratis-proto-2.1.0-03f3b68-SNAPSHOT.jar:/home/runner/.m2/repository/org/apache/ratis/ratis-common/2.1.0-03f3b68-SNAPSHOT/ratis-common-2.1.0-03f3b68-SNAPSHOT.jar:/home/runner/.m2/repository/com/amazonaws/aws-java-sdk-core/1.11.901/aws-java-sdk-core-1.11.901.jar:/home/runner/.m2/repository/org/apache/httpcomponents/httpclient/4.5.13/httpclient-4.5.13.jar:/home/runner/.m2/repository/org/apache/httpcomponents/httpcore/4.4.13/httpcore-4.4.13.jar:/home/runner/.m2/repository/software/amazon/ion/ion-java/1.0.2/ion-java-1.0.2.jar:/home/runner/.m2/repository/com/fasterxml/jackson/dataformat/jackson-dataformat-cbor/2.12.1/jackson-dataformat-cbor-2.12.1.jar:/home/runner/.m2/repository/joda-time/joda-time/2.8.1/joda-time-2.8.1.jar:/home/runner/.m2/repository/com/amazonaws/aws-java-sdk-s3/1.11.901/aws-java-sdk-s3-1.11.901.jar:/home/runner/.m2/repository/com/amazonaws/aws-java-sdk-kms/1.11.901/aws-java-sdk-kms-1.11.901.jar:/home/runner/.m2/repository/com/amazonaws/jmespath-java/1.11.901/jmespath-java-1.11.901.jar:/home/runner/.m2/repository/org/kohsuke/metainf-services/metainf-services/1.8/metainf-services-1.8.jar:/home/runner/.m2/repository/org/apache/ozone/hdds-tools/1.2.0-SNAPSHOT/hdds-tools-1.2.0-SNAPSHOT.jar:/home/runner/.m2/repository/commons-cli/commons-cli/1.2/commons-cli-1.2.jar:/home/runner/.m2/repository/org/apache/commons/commons-lang3/3.7/commons-lang3-3.7.jar:/home/runner/.m2/repository/org/apache/ozone/ozone-manager/1.2.0-SNAPSHOT/ozone-manager-1.2.0-SNAPSHOT-tests.jar:/home/runner/.m2/repository/org/apache/ozone/hdds-common/1.2.0-SNAPSHOT/hdds-common-1.2.0-SNAPSHOT-tests.jar:/home/runner/.m2/repository/org/apache/ozone/hdds-hadoop-dependency-client/1.2.0-SNAPSHOT/hdds-hadoop-dependency-client-1.2.0-SNAPSHOT.jar:/home/runner/.m2/repository/info/picocli/picocli/4.4.0/picocli-4.4.0.jar:/home/runner/.m2/repository/com/fasterxml/jackson/core/jackson-annotations/2.12.1/jackson-annotations-2.12.1.jar:/home/runner/.m2/repository/javax/annotation/javax.annotation-api/1.2/javax.annotation-api-1.2.jar:/home/runner/.m2/repository/org/apache/ratis/ratis-server/2.1.0-03f3b68-SNAPSHOT/ratis-server-2.1.0-03f3b68-SNAPSHOT.jar:/home/runner/.m2/repository/org/apache/ratis/ratis-client/2.1.0-03f3b68-SNAPSHOT/ratis-client-2.1.0-03f3b68-SNAPSHOT.jar:/home/runner/.m2/repository/org/apache/ratis/ratis-server-api/2.1.0-03f3b68-SNAPSHOT/ratis-server-api-2.1.0-03f3b68-SNAPSHOT.jar:/home/runner/.m2/repository/org/apache/ratis/ratis-metrics/2.1.0-03f3b68-SNAPSHOT/ratis-metrics-2.1.0-03f3b68-SNAPSHOT.jar:/home/runner/.m2/repository/org/apache/ratis/ratis-netty/2.1.0-03f3b68-SNAPSHOT/ratis-netty-2.1.0-03f3b68-SNAPSHOT.jar:/home/runner/.m2/repository/org/apache/ratis/ratis-grpc/2.1.0-03f3b68-SNAPSHOT/ratis-grpc-2.1.0-03f3b68-SNAPSHOT.jar:/home/runner/.m2/repository/org/apache/logging/log4j/log4j-api/2.13.3/log4j-api-2.13.3.jar:/home/runner/.m2/repository/org/apache/logging/log4j/log4j-core/2.13.3/log4j-core-2.13.3.jar:/home/runner/.m2/repository/com/lmax/disruptor/3.4.2/disruptor-3.4.2.jar:/home/runner/.m2/repository/org/apache/commons/commons-pool2/2.6.0/commons-pool2-2.6.0.jar:/home/runner/.m2/repository/org/bouncycastle/bcpkix-jdk15on/1.67/bcpkix-jdk15on-1.67.jar:/home/runner/.m2/repository/commons-validator/commons-validator/1.6/commons-validator-1.6.jar:/home/runner/.m2/repository/commons-beanutils/commons-beanutils/1.9.4/commons-beanutils-1.9.4.jar:/home/runner/.m2/repository/commons-digester/commons-digester/1.8.1/commons-digester-1.8.1.jar:/home/runner/.m2/repository/commons-collections/commons-collections/3.2.2/commons-collections-3.2.2.jar:/home/runner/.m2/repository/io/jaegertracing/jaeger-client/1.6.0/jaeger-client-1.6.0.jar:/home/runner/.m2/repository/io/jaegertracing/jaeger-thrift/1.6.0/jaeger-thrift-1.6.0.jar:/home/runner/.m2/repository/org/apache/thrift/libthrift/0.14.1/libthrift-0.14.1.jar:/home/runner/.m2/repository/com/squareup/okhttp3/okhttp/4.9.0/okhttp-4.9.0.jar:/home/runner/.m2/repository/com/squareup/okio/okio/2.8.0/okio-2.8.0.jar:/home/runner/.m2/repository/io/jaegertracing/jaeger-core/1.6.0/jaeger-core-1.6.0.jar:/home/runner/.m2/repository/io/jaegertracing/jaeger-tracerresolver/1.6.0/jaeger-tracerresolver-1.6.0.jar:/home/runner/.m2/repository/io/opentracing/contrib/opentracing-tracerresolver/0.1.8/opentracing-tracerresolver-0.1.8.jar:/home/runner/.m2/repository/org/jetbrains/kotlin/kotlin-stdlib/1.4.31/kotlin-stdlib-1.4.31.jar:/home/runner/.m2/repository/org/jetbrains/kotlin/kotlin-stdlib-common/1.4.31/kotlin-stdlib-common-1.4.31.jar:/home/runner/.m2/repository/org/jetbrains/annotations/13.0/annotations-13.0.jar:/home/runner/.m2/repository/io/opentracing/opentracing-util/0.33.0/opentracing-util-0.33.0.jar:/home/runner/.m2/repository/io/opentracing/opentracing-api/0.33.0/opentracing-api-0.33.0.jar:/home/runner/.m2/repository/io/opentracing/opentracing-noop/0.33.0/opentracing-noop-0.33.0.jar:/home/runner/.m2/repository/org/yaml/snakeyaml/1.26/snakeyaml-1.26.jar:/home/runner/.m2/repository/org/apache/ozone/hdds-interface-admin/1.2.0-SNAPSHOT/hdds-interface-admin-1.2.0-SNAPSHOT.jar:/home/runner/.m2/repository/junit/junit/4.13.1/junit-4.13.1.jar:/home/runner/.m2/repository/org/hamcrest/hamcrest-core/1.3/hamcrest-core-1.3.jar:/home/runner/.m2/repository/org/junit/jupiter/junit-jupiter-api/5.7.0/junit-jupiter-api-5.7.0.jar:/home/runner/.m2/repository/org/apiguardian/apiguardian-api/1.1.0/apiguardian-api-1.1.0.jar:/home/runner/.m2/repository/org/opentest4j/opentest4j/1.2.0/opentest4j-1.2.0.jar:/home/runner/.m2/repository/org/junit/platform/junit-platform-commons/1.7.0/junit-platform-commons-1.7.0.jar:/home/runner/.m2/repository/org/junit/jupiter/junit-jupiter-engine/5.7.0/junit-jupiter-engine-5.7.0.jar:/home/runner/.m2/repository/org/junit/platform/junit-platform-engine/1.7.0/junit-platform-engine-1.7.0.jar:/home/runner/.m2/repository/org/junit/vintage/junit-vintage-engine/5.7.0/junit-vintage-engine-5.7.0.jar:/home/runner/.m2/repository/org/junit/platform/junit-platform-launcher/1.7.0/junit-platform-launcher-1.7.0.jar:/home/runner/.m2/repository/org/openjdk/jmh/jmh-core/1.19/jmh-core-1.19.jar:/home/runner/.m2/repository/net/sf/jopt-simple/jopt-simple/4.6/jopt-simple-4.6.jar:/home/runner/.m2/repository/org/apache/commons/commons-math3/3.1.1/commons-math3-3.1.1.jar:/home/runner/.m2/repository/org/openjdk/jmh/jmh-generator-annprocess/1.19/jmh-generator-annprocess-1.19.jar:/home/runner/.m2/repository/org/mockito/mockito-core/2.28.2/mockito-core-2.28.2.jar:/home/runner/.m2/repository/net/bytebuddy/byte-buddy/1.9.10/byte-buddy-1.9.10.jar:/home/runner/.m2/repository/net/bytebuddy/byte-buddy-agent/1.9.10/byte-buddy-agent-1.9.10.jar:/home/runner/.m2/repository/org/objenesis/objenesis/1.0/objenesis-1.0.jar:/home/runner/.m2/repository/org/apache/hadoop/hadoop-kms/3.3.1/hadoop-kms-3.3.1.jar:/home/runner/.m2/repository/org/apache/hadoop/hadoop-auth/3.3.1/hadoop-auth-3.3.1.jar:/home/runner/.m2/repository/com/nimbusds/nimbus-jose-jwt/7.9/nimbus-jose-jwt-7.9.jar:/home/runner/.m2/repository/com/github/stephenc/jcip/jcip-annotations/1.0-1/jcip-annotations-1.0-1.jar:/home/runner/.m2/repository/net/minidev/json-smart/2.3/json-smart-2.3.jar:/home/runner/.m2/repository/net/minidev/accessors-smart/1.2/accessors-smart-1.2.jar:/home/runner/.m2/repository/org/ow2/asm/asm/5.0.4/asm-5.0.4.jar:/home/runner/.m2/repository/org/apache/zookeeper/zookeeper/3.5.6/zookeeper-3.5.6.jar:/home/runner/.m2/repository/org/apache/zookeeper/zookeeper-jute/3.5.6/zookeeper-jute-3.5.6.jar:/home/runner/.m2/repository/org/apache/yetus/audience-annotations/0.5.0/audience-annotations-0.5.0.jar:/home/runner/.m2/repository/org/apache/curator/curator-framework/4.2.0/curator-framework-4.2.0.jar:/home/runner/.m2/repository/org/apache/hadoop/thirdparty/hadoop-shaded-guava/1.1.1/hadoop-shaded-guava-1.1.1.jar:/home/runner/.m2/repository/com/sun/jersey/jersey-core/1.19/jersey-core-1.19.jar:/home/runner/.m2/repository/javax/ws/rs/jsr311-api/1.1.1/jsr311-api-1.1.1.jar:/home/runner/.m2/repository/com/sun/jersey/jersey-server/1.19/jersey-server-1.19.jar:/home/runner/.m2/repository/javax/servlet/javax.servlet-api/3.1.0/javax.servlet-api-3.1.0.jar:/home/runner/.m2/repository/org/eclipse/jetty/jetty-server/9.4.43.v20210629/jetty-server-9.4.43.v20210629.jar:/home/runner/.m2/repository/org/eclipse/jetty/jetty-http/9.4.43.v20210629/jetty-http-9.4.43.v20210629.jar:/home/runner/.m2/repository/org/eclipse/jetty/jetty-io/9.4.43.v20210629/jetty-io-9.4.43.v20210629.jar:/home/runner/.m2/repository/org/eclipse/jetty/jetty-webapp/9.4.43.v20210629/jetty-webapp-9.4.43.v20210629.jar:/home/runner/.m2/repository/org/eclipse/jetty/jetty-xml/9.4.43.v20210629/jetty-xml-9.4.43.v20210629.jar:/home/runner/.m2/repository/org/apache/hadoop/hadoop-common/3.3.1/hadoop-common-3.3.1.jar:/home/runner/.m2/repository/commons-net/commons-net/3.6/commons-net-3.6.jar:/home/runner/.m2/repository/jakarta/activation/jakarta.activation-api/1.2.1/jakarta.activation-api-1.2.1.jar:/home/runner/.m2/repository/com/sun/jersey/jersey-servlet/1.19/jersey-servlet-1.19.jar:/home/runner/.m2/repository/com/sun/jersey/jersey-json/1.19/jersey-json-1.19.jar:/home/runner/.m2/repository/org/codehaus/jettison/jettison/1.1/jettison-1.1.jar:/home/runner/.m2/repository/com/sun/xml/bind/jaxb-impl/2.2.3-1/jaxb-impl-2.2.3-1.jar:/home/runner/.m2/repository/org/codehaus/jackson/jackson-jaxrs/1.9.2/jackson-jaxrs-1.9.2.jar:/home/runner/.m2/repository/org/codehaus/jackson/jackson-xc/1.9.2/jackson-xc-1.9.2.jar:/home/runner/.m2/repository/org/apache/commons/commons-configuration2/2.1.1/commons-configuration2-2.1.1.jar:/home/runner/.m2/repository/org/apache/commons/commons-text/1.4/commons-text-1.4.jar:/home/runner/.m2/repository/com/google/re2j/re2j/1.1/re2j-1.1.jar:/home/runner/.m2/repository/com/jcraft/jsch/0.1.54/jsch-0.1.54.jar:/home/runner/.m2/repository/org/apache/curator/curator-client/4.2.0/curator-client-4.2.0.jar:/home/runner/.m2/repository/org/apache/curator/curator-recipes/4.2.0/curator-recipes-4.2.0.jar:/home/runner/.m2/repository/org/apache/kerby/kerb-core/1.0.1/kerb-core-1.0.1.jar:/home/runner/.m2/repository/org/apache/kerby/kerby-pkix/1.0.1/kerby-pkix-1.0.1.jar:/home/runner/.m2/repository/org/apache/kerby/kerby-asn1/1.0.1/kerby-asn1-1.0.1.jar:/home/runner/.m2/repository/org/apache/kerby/kerby-util/1.0.1/kerby-util-1.0.1.jar:/home/runner/.m2/repository/dnsjava/dnsjava/2.1.7/dnsjava-2.1.7.jar:/home/runner/.m2/repository/org/xerial/snappy/snappy-java/1.1.8.2/snappy-java-1.1.8.2.jar:/home/runner/.m2/repository/org/slf4j/jul-to-slf4j/1.7.30/jul-to-slf4j-1.7.30.jar:/home/runner/.m2/repository/org/eclipse/jetty/jetty-util/9.4.43.v20210629/jetty-util-9.4.43.v20210629.jar:/home/runner/.m2/repository/com/fasterxml/jackson/core/jackson-databind/2.12.1/jackson-databind-2.12.1.jar:/home/runner/.m2/repository/org/apache/hadoop/hadoop-kms/3.3.1/hadoop-kms-3.3.1-tests.jar:/home/runner/.m2/repository/org/apache/ozone/hdds-server-scm/1.2.0-SNAPSHOT/hdds-server-scm-1.2.0-SNAPSHOT-tests.jar:/home/runner/.m2/repository/org/apache/ozone/hdds-container-service/1.2.0-SNAPSHOT/hdds-container-service-1.2.0-SNAPSHOT-tests.jar:/home/runner/.m2/repository/commons-codec/commons-codec/1.11/commons-codec-1.11.jar:/home/runner/.m2/repository/io/netty/netty-transport/4.1.63.Final/netty-transport-4.1.63.Final.jar:/home/runner/.m2/repository/io/netty/netty-resolver/4.1.63.Final/netty-resolver-4.1.63.Final.jar:/home/runner/.m2/repository/io/netty/netty-codec/4.1.63.Final/netty-codec-4.1.63.Final.jar:/home/runner/.m2/repository/io/netty/netty-handler/4.1.63.Final/netty-handler-4.1.63.Final.jar:/home/runner/.m2/repository/org/apache/ozone/hdds-hadoop-dependency-test/1.2.0-SNAPSHOT/hdds-hadoop-dependency-test-1.2.0-SNAPSHOT.jar:/home/runner/.m2/repository/org/apache/hadoop/hadoop-common/3.3.1/hadoop-common-3.3.1-tests.jar:/home/runner/.m2/repository/org/assertj/assertj-core/3.12.2/assertj-core-3.12.2.jar:/home/runner/.m2/repository/org/apache/hadoop/hadoop-hdfs/3.3.1/hadoop-hdfs-3.3.1-tests.jar:/home/runner/.m2/repository/org/eclipse/jetty/jetty-util-ajax/9.4.43.v20210629/jetty-util-ajax-9.4.43.v20210629.jar:/home/runner/.m2/repository/commons-daemon/commons-daemon/1.0.13/commons-daemon-1.0.13.jar:/home/runner/.m2/repository/io/netty/netty/3.10.6.Final/netty-3.10.6.Final.jar:/home/runner/.m2/repository/io/netty/netty-all/4.1.63.Final/netty-all-4.1.63.Final.jar:/home/runner/.m2/repository/org/apache/htrace/htrace-core4/4.1.0-incubating/htrace-core4-4.1.0-incubating.jar:/home/runner/.m2/repository/org/fusesource/leveldbjni/leveldbjni-all/1.8/leveldbjni-all-1.8.jar:/home/runner/.m2/repository/org/apache/hadoop/hadoop-distcp/3.3.1/hadoop-distcp-3.3.1.jar:/home/runner/.m2/repository/org/apache/hadoop/hadoop-mapreduce-client-jobclient/3.3.1/hadoop-mapreduce-client-jobclient-3.3.1.jar:/home/runner/.m2/repository/org/apache/hadoop/hadoop-mapreduce-client-common/3.3.1/hadoop-mapreduce-client-common-3.3.1.jar:/home/runner/.m2/repository/org/apache/hadoop/hadoop-yarn-common/3.3.1/hadoop-yarn-common-3.3.1.jar:/home/runner/.m2/repository/org/apache/hadoop/hadoop-yarn-api/3.3.1/hadoop-yarn-api-3.3.1.jar:/home/runner/.m2/repository/com/sun/jersey/jersey-client/1.19/jersey-client-1.19.jar:/home/runner/.m2/repository/com/sun/jersey/contribs/jersey-guice/1.19/jersey-guice-1.19.jar:/home/runner/.m2/repository/com/fasterxml/jackson/jaxrs/jackson-jaxrs-json-provider/2.12.1/jackson-jaxrs-json-provider-2.12.1.jar:/home/runner/.m2/repository/com/fasterxml/jackson/jaxrs/jackson-jaxrs-base/2.12.1/jackson-jaxrs-base-2.12.1.jar:/home/runner/.m2/repository/org/apache/hadoop/hadoop-yarn-client/3.3.1/hadoop-yarn-client-3.3.1.jar:/home/runner/.m2/repository/org/eclipse/jetty/websocket/websocket-client/9.4.40.v20210413/websocket-client-9.4.40.v20210413.jar:/home/runner/.m2/repository/org/eclipse/jetty/jetty-client/9.4.40.v20210413/jetty-client-9.4.40.v20210413.jar:/home/runner/.m2/repository/org/eclipse/jetty/websocket/websocket-common/9.4.40.v20210413/websocket-common-9.4.40.v20210413.jar:/home/runner/.m2/repository/org/eclipse/jetty/websocket/websocket-api/9.4.40.v20210413/websocket-api-9.4.40.v20210413.jar:/home/runner/.m2/repository/org/jline/jline/3.9.0/jline-3.9.0.jar:/home/runner/.m2/repository/org/apache/hadoop/hadoop-mapreduce-client-core/3.3.1/hadoop-mapreduce-client-core-3.3.1.jar:/home/runner/.m2/repository/org/apache/avro/avro/1.7.7/avro-1.7.7.jar:/home/runner/.m2/repository/org/codehaus/jackson/jackson-core-asl/1.9.13/jackson-core-asl-1.9.13.jar:/home/runner/.m2/repository/org/codehaus/jackson/jackson-mapper-asl/1.9.13/jackson-mapper-asl-1.9.13.jar:/home/runner/.m2/repository/com/thoughtworks/paranamer/paranamer/2.3/paranamer-2.3.jar:/home/runner/.m2/repository/org/apache/hadoop/hadoop-annotations/3.3.1/hadoop-annotations-3.3.1.jar:/usr/lib/jvm/adoptopenjdk-8-hotspot-amd64/jre/../lib/tools.jar:/home/runner/.m2/repository/org/apache/hadoop/hadoop-distcp/3.3.1/hadoop-distcp-3.3.1-tests.jar:"/>
    <property name="sun.cpu.endian" value="little"/>
    <property name="user.home" value="/home/runner"/>
    <property name="user.language" value="en"/>
    <property name="java.specification.vendor" value="Oracle Corporation"/>
    <property name="java.home" value="/usr/lib/jvm/adoptopenjdk-8-hotspot-amd64/jre"/>
    <property name="java.security.krb5.conf" value="/home/runner/work/ozone/ozone/hadoop-ozone/integration-test/target/test-classes/krb5.conf"/>
    <property name="basedir" value="/home/runner/work/ozone/ozone/hadoop-ozone/integration-test"/>
    <property name="file.separator" value="/"/>
    <property name="line.separator" value="&#10;"/>
    <property name="java.vm.specification.vendor" value="Oracle Corporation"/>
    <property name="java.specification.name" value="Java Platform API Specification"/>
    <property name="java.awt.graphicsenv" value="sun.awt.X11GraphicsEnvironment"/>
    <property name="skip.installnpx" value="true"/>
    <property name="surefire.real.class.path" value="/home/runner/work/ozone/ozone/hadoop-ozone/integration-test/target/surefire/surefirebooter4608012556046256502.jar:/home/runner/.m2/repository/org/jacoco/org.jacoco.agent/0.8.5/org.jacoco.agent-0.8.5-runtime.jar"/>
    <property name="hadoop.log.dir" value="/home/runner/work/ozone/ozone/hadoop-ozone/integration-test/target/log"/>
    <property name="sun.boot.class.path" value="/usr/lib/jvm/adoptopenjdk-8-hotspot-amd64/jre/lib/resources.jar:/usr/lib/jvm/adoptopenjdk-8-hotspot-amd64/jre/lib/rt.jar:/usr/lib/jvm/adoptopenjdk-8-hotspot-amd64/jre/lib/sunrsasign.jar:/usr/lib/jvm/adoptopenjdk-8-hotspot-amd64/jre/lib/jsse.jar:/usr/lib/jvm/adoptopenjdk-8-hotspot-amd64/jre/lib/jce.jar:/usr/lib/jvm/adoptopenjdk-8-hotspot-amd64/jre/lib/charsets.jar:/usr/lib/jvm/adoptopenjdk-8-hotspot-amd64/jre/lib/jfr.jar:/usr/lib/jvm/adoptopenjdk-8-hotspot-amd64/jre/classes"/>
    <property name="sun.management.compiler" value="HotSpot 64-Bit Tiered Compilers"/>
    <property name="skip.npx" value="true"/>
    <property name="java.runtime.version" value="1.8.0_292-b10"/>
    <property name="java.net.preferIPv4Stack" value="true"/>
    <property name="user.name" value="runner"/>
    <property name="path.separator" value=":"/>
    <property name="java.security.egd" value="file:///dev/urandom"/>
    <property name="os.version" value="5.4.0-1055-azure"/>
    <property name="java.endorsed.dirs" value="/usr/lib/jvm/adoptopenjdk-8-hotspot-amd64/jre/lib/endorsed"/>
    <property name="java.runtime.name" value="OpenJDK Runtime Environment"/>
    <property name="file.encoding" value="UTF-8"/>
    <property name="java.vm.name" value="OpenJDK 64-Bit Server VM"/>
    <property name="test.build.webapps" value=""/>
    <property name="localRepository" value="/home/runner/.m2/repository"/>
    <property name="java.vendor.url.bug" value="https://github.com/AdoptOpenJDK/openjdk-support/issues"/>
    <property name="java.io.tmpdir" value="/tmp"/>
    <property name="require.test.libhadoop" value=""/>
    <property name="java.version" value="1.8.0_292"/>
    <property name="user.dir" value="/home/runner/work/ozone/ozone/hadoop-ozone/integration-test"/>
    <property name="os.arch" value="amd64"/>
    <property name="java.vm.specification.name" value="Java Virtual Machine Specification"/>
    <property name="test.build.classes" value="/home/runner/work/ozone/ozone/hadoop-ozone/integration-test/target/test-classes"/>
    <property name="java.awt.printerjob" value="sun.print.PSPrinterJob"/>
    <property name="sun.os.patch.level" value="unknown"/>
    <property name="hadoop.tmp.dir" value="/home/runner/work/ozone/ozone/hadoop-ozone/integration-test/target/tmp"/>
    <property name="java.library.path" value="/usr/java/packages/lib/amd64:/usr/lib64:/lib64:/lib:/usr/lib"/>
    <property name="java.vm.info" value="mixed mode"/>
    <property name="java.vendor" value="AdoptOpenJDK"/>
    <property name="java.vm.version" value="25.292-b10"/>
    <property name="java.ext.dirs" value="/usr/lib/jvm/adoptopenjdk-8-hotspot-amd64/jre/lib/ext:/usr/java/packages/lib/ext"/>
    <property name="sun.io.unicode.encoding" value="UnicodeLittle"/>
    <property name="java.class.version" value="52.0"/>
  </properties>
  <testcase name="testPipelineCloseWithPipelineAction" classname="org.apache.hadoop.hdds.scm.pipeline.TestPipelineClose" time="40.071"/>
  <testcase name="testPipelineCloseWithOpenContainer" classname="org.apache.hadoop.hdds.scm.pipeline.TestPipelineClose" time="31.547"/>
  <testcase name="testPipelineCloseWithClosedContainer" classname="org.apache.hadoop.hdds.scm.pipeline.TestPipelineClose" time="32.354"/>
  <testcase name="testPipelineCloseWithLogFailure" classname="org.apache.hadoop.hdds.scm.pipeline.TestPipelineClose" time="41.217">
    <failure message="&#10;Wanted but not invoked:&#10;pipelineActionHandler.onMessage(&#10;    &lt;Capturing argument&gt;,&#10;    &lt;any org.apache.hadoop.hdds.server.events.EventPublisher&gt;&#10;);&#10;-&gt; at org.apache.hadoop.hdds.scm.pipeline.PipelineActionHandler.onMessage(PipelineActionHandler.java:64)&#10;Actually, there were zero interactions with this mock.&#10;" type="Wanted but not invoked"><![CDATA[Wanted but not invoked:
pipelineActionHandler.onMessage(
    <Capturing argument>,
    <any org.apache.hadoop.hdds.server.events.EventPublisher>
);
-> at org.apache.hadoop.hdds.scm.pipeline.PipelineActionHandler.onMessage(PipelineActionHandler.java:64)
Actually, there were zero interactions with this mock.

	at org.apache.hadoop.hdds.scm.pipeline.PipelineActionHandler.onMessage(PipelineActionHandler.java:64)
	at org.apache.hadoop.hdds.scm.pipeline.TestPipelineClose.testPipelineCloseWithLogFailure(TestPipelineClose.java:246)
	at sun.reflect.NativeMethodAccessorImpl.invoke0(Native Method)
	at sun.reflect.NativeMethodAccessorImpl.invoke(NativeMethodAccessorImpl.java:62)
	at sun.reflect.DelegatingMethodAccessorImpl.invoke(DelegatingMethodAccessorImpl.java:43)
	at java.lang.reflect.Method.invoke(Method.java:498)
	at org.junit.runners.model.FrameworkMethod$1.runReflectiveCall(FrameworkMethod.java:59)
	at org.junit.internal.runners.model.ReflectiveCallable.run(ReflectiveCallable.java:12)
	at org.junit.runners.model.FrameworkMethod.invokeExplosively(FrameworkMethod.java:56)
	at org.junit.internal.runners.statements.InvokeMethod.evaluate(InvokeMethod.java:17)
	at org.junit.internal.runners.statements.RunBefores.evaluate(RunBefores.java:26)
	at org.junit.internal.runners.statements.RunAfters.evaluate(RunAfters.java:27)
	at org.junit.internal.runners.statements.FailOnTimeout$CallableStatement.call(FailOnTimeout.java:288)
	at org.junit.internal.runners.statements.FailOnTimeout$CallableStatement.call(FailOnTimeout.java:282)
	at java.util.concurrent.FutureTask.run(FutureTask.java:266)
	at java.lang.Thread.run(Thread.java:748)
]]></failure>
    <system-out><![CDATA[2021-08-17 14:27:53,329 [Time-limited test] WARN  server.ServerUtils (ServerUtils.java:getScmDbDir(148)) - ozone.scm.db.dirs is not configured. We recommend adding this setting. Falling back to ozone.metadata.dirs instead.
2021-08-17 14:27:53,339 [Time-limited test] INFO  ha.SCMHANodeDetails (SCMHANodeDetails.java:loadSCMHAConfig(157)) - ServiceID for StorageContainerManager is null
2021-08-17 14:27:53,339 [Time-limited test] INFO  ha.SCMHANodeDetails (SCMHANodeDetails.java:loadSCMHAConfig(162)) - ozone.scm.default.service.id is not defined, falling back to ozone.scm.service.ids to find serviceID for StorageContainerManager if it is HA enabled cluster
2021-08-17 14:27:53,340 [Time-limited test] WARN  server.ServerUtils (ServerUtils.java:getScmDbDir(148)) - ozone.scm.db.dirs is not configured. We recommend adding this setting. Falling back to ozone.metadata.dirs instead.
2021-08-17 14:27:53,340 [Time-limited test] INFO  upgrade.AbstractLayoutVersionManager (AbstractLayoutVersionManager.java:init(70)) - Initializing Layout version manager with metadata layout = SCM_HA (version = 2), software layout = SCM_HA (version = 2)
2021-08-17 14:27:53,448 [Time-limited test] INFO  reflections.Reflections (Reflections.java:scan(232)) - Reflections took 107 ms to scan 7 urls, producing 120 keys and 275 values 
2021-08-17 14:27:53,454 [Time-limited test] WARN  utils.HAUtils (HAUtils.java:getMetaDir(342)) - ozone.scm.db.dirs is not configured. We recommend adding this setting. Falling back to ozone.metadata.dirs instead.
2021-08-17 14:27:53,455 [Time-limited test] WARN  db.DBStoreBuilder (DBStoreBuilder.java:applyDBDefinition(145)) - ozone.scm.db.dirs is not configured. We recommend adding this setting. Falling back to ozone.metadata.dirs instead.
2021-08-17 14:27:53,651 [Time-limited test] INFO  net.NodeSchemaLoader (NodeSchemaLoader.java:loadSchemaFromFile(129)) - Loading schema from [jar:file:/home/runner/.m2/repository/org/apache/ozone/hdds-common/1.2.0-SNAPSHOT/hdds-common-1.2.0-SNAPSHOT.jar!/network-topology-default.xml]
2021-08-17 14:27:53,651 [Time-limited test] INFO  net.NodeSchemaLoader (NodeSchemaLoader.java:loadSchema(176)) - Loading network topology layer schema file
2021-08-17 14:27:53,668 [Time-limited test] INFO  ha.SequenceIdGenerator (SequenceIdGenerator.java:upgradeToSequenceId(327)) - upgrade localId to 107544261427200000
2021-08-17 14:27:53,669 [Time-limited test] INFO  ha.SequenceIdGenerator (SequenceIdGenerator.java:upgradeToSequenceId(337)) - upgrade delTxnId to 0
2021-08-17 14:27:53,669 [Time-limited test] INFO  ha.SequenceIdGenerator (SequenceIdGenerator.java:upgradeToSequenceId(351)) - upgrade containerId to 0
2021-08-17 14:27:53,669 [Time-limited test] INFO  ha.SequenceIdGenerator (SequenceIdGenerator.java:<init>(217)) - Init the HA SequenceIdGenerator.
2021-08-17 14:27:53,669 [Time-limited test] WARN  server.ServerUtils (ServerUtils.java:sanitizeUserArgs(73)) - ozone.scm.stale.node.interval value = 300000 is larger than max = 100000 based on the key value of ozone.scm.heartbeat.thread.interval, reset to the max value 100000.
2021-08-17 14:27:53,670 [Time-limited test] WARN  server.ServerUtils (ServerUtils.java:sanitizeUserArgs(73)) - ozone.scm.stale.node.interval value = 300000 is larger than max = 100000 based on the key value of ozone.scm.heartbeat.thread.interval, reset to the max value 100000.
2021-08-17 14:27:53,670 [Time-limited test] INFO  node.SCMNodeManager (SCMNodeManager.java:<init>(145)) - Entering startup safe mode.
2021-08-17 14:27:53,671 [Time-limited test] INFO  algorithms.ContainerPlacementPolicyFactory (ContainerPlacementPolicyFactory.java:getPolicy(60)) - Create container placement policy of type org.apache.hadoop.hdds.scm.container.placement.algorithms.SCMContainerPlacementRandom
2021-08-17 14:27:53,671 [Time-limited test] INFO  pipeline.PipelineStateManager (PipelineStateManagerV2Impl.java:initialize(78)) - No pipeline exists in current db
2021-08-17 14:27:53,671 [Time-limited test] INFO  algorithms.LeaderChoosePolicyFactory (LeaderChoosePolicyFactory.java:getPolicy(57)) - Create leader choose policy of type org.apache.hadoop.hdds.scm.pipeline.leader.choose.algorithms.MinLeaderCountChoosePolicy
2021-08-17 14:27:53,671 [Time-limited test] INFO  ha.SCMServiceManager (SCMServiceManager.java:register(43)) - Registering service BackgroundPipelineCreator.
2021-08-17 14:27:53,671 [Time-limited test] INFO  pipeline.BackgroundPipelineCreator (BackgroundPipelineCreatorV2.java:start(130)) - Starting RatisPipelineUtilsThread.
2021-08-17 14:27:53,674 [Time-limited test] INFO  algorithms.PipelineChoosePolicyFactory (PipelineChoosePolicyFactory.java:createPipelineChoosePolicyFromClass(73)) - Create pipeline choose policy of type org.apache.hadoop.hdds.scm.pipeline.choose.algorithms.RandomPipelineChoosePolicy
2021-08-17 14:27:53,674 [Time-limited test] INFO  ha.SCMServiceManager (SCMServiceManager.java:register(43)) - Registering service SCMBlockDeletingService.
2021-08-17 14:27:53,675 [Time-limited test] INFO  ha.SCMServiceManager (SCMServiceManager.java:register(43)) - Registering service ReplicationManager.
2021-08-17 14:27:53,675 [Time-limited test] INFO  container.ReplicationManager (ReplicationManager.java:start(307)) - Starting Replication Monitor Thread.
2021-08-17 14:27:53,678 [Time-limited test] INFO  safemode.ContainerSafeModeRule (ContainerSafeModeRule.java:<init>(89)) - containers with one replica threshold count 0
2021-08-17 14:27:53,678 [Time-limited test] INFO  safemode.HealthyPipelineSafeModeRule (HealthyPipelineSafeModeRule.java:initializeRule(156)) - Total pipeline count is 0, healthy pipeline threshold count is 1
2021-08-17 14:27:53,678 [Time-limited test] INFO  safemode.OneReplicaPipelineSafeModeRule (OneReplicaPipelineSafeModeRule.java:initializeRule(180)) - Total pipeline count is 0, pipeline's with at least one datanode reported threshold count is 0
2021-08-17 14:27:53,702 [Time-limited test] INFO  ipc.CallQueueManager (CallQueueManager.java:<init>(90)) - Using callQueue: class java.util.concurrent.LinkedBlockingQueue, queueCapacity: 2000, scheduler: class org.apache.hadoop.ipc.DefaultRpcScheduler, ipcBackoff: false.
2021-08-17 14:27:53,719 [Socket Reader #1 for port 0] INFO  ipc.Server (Server.java:run(1265)) - Starting Socket Reader #1 for port 0
2021-08-17 14:27:53,726 [Listener at 0.0.0.0/39907] INFO  ipc.CallQueueManager (CallQueueManager.java:<init>(90)) - Using callQueue: class java.util.concurrent.LinkedBlockingQueue, queueCapacity: 2000, scheduler: class org.apache.hadoop.ipc.DefaultRpcScheduler, ipcBackoff: false.
2021-08-17 14:27:53,727 [Socket Reader #1 for port 0] INFO  ipc.Server (Server.java:run(1265)) - Starting Socket Reader #1 for port 0
2021-08-17 14:27:53,727 [Listener at 0.0.0.0/43387] INFO  ipc.CallQueueManager (CallQueueManager.java:<init>(90)) - Using callQueue: class java.util.concurrent.LinkedBlockingQueue, queueCapacity: 2000, scheduler: class org.apache.hadoop.ipc.DefaultRpcScheduler, ipcBackoff: false.
2021-08-17 14:27:53,741 [Socket Reader #1 for port 0] INFO  ipc.Server (Server.java:run(1265)) - Starting Socket Reader #1 for port 0
2021-08-17 14:27:53,757 [ReplicationMonitor] INFO  container.ReplicationManager (ReplicationManager.java:processAll(359)) - Replication Monitor Thread took 0 milliseconds for processing 0 containers.
2021-08-17 14:27:53,838 [Listener at 0.0.0.0/41569] INFO  algorithms.ContainerPlacementPolicyFactory (ContainerPlacementPolicyFactory.java:getPolicy(60)) - Create container placement policy of type org.apache.hadoop.hdds.scm.container.placement.algorithms.SCMContainerPlacementRandom
2021-08-17 14:27:53,850 [Listener at 0.0.0.0/41569] INFO  server.StorageContainerManager (StorageContainerManager.java:<init>(383)) - 
Container Balancer status:
Key                            Value
Running                        false
Container Balancer Configuration values:
Key                                                Value
Threshold                                          0.1
Max Datanodes to Involve per Iteration(ratio)      0.5
Max Size to Move per Iteration                     10737418240B

2021-08-17 14:27:53,850 [Listener at 0.0.0.0/41569] WARN  events.EventQueue (EventQueue.java:fireEvent(194)) - No event handler registered for event TypedEvent{payloadType=SafeModeStatus, name='Safe mode status'}
2021-08-17 14:27:53,850 [Listener at 0.0.0.0/41569] INFO  ha.SCMContext (SCMContext.java:updateSafeModeStatus(205)) - Update SafeModeStatus from SafeModeStatus{safeModeStatus=true, preCheckPassed=false} to SafeModeStatus{safeModeStatus=true, preCheckPassed=false}.
2021-08-17 14:27:53,850 [Listener at 0.0.0.0/41569] INFO  server.StorageContainerManager (StorageContainerManager.java:start(1251)) - StorageContainerLocationProtocol RPC server is listening at /0.0.0.0:41569
2021-08-17 14:27:53,852 [Listener at 0.0.0.0/41569] WARN  impl.MetricsConfig (MetricsConfig.java:loadFirst(136)) - Cannot locate configuration: tried hadoop-metrics2-storagecontainermanager.properties,hadoop-metrics2.properties
2021-08-17 14:27:53,860 [Listener at 0.0.0.0/41569] INFO  impl.MetricsSystemImpl (MetricsSystemImpl.java:startTimer(378)) - Scheduled Metric snapshot period at 10 second(s).
2021-08-17 14:27:53,860 [Listener at 0.0.0.0/41569] INFO  impl.MetricsSystemImpl (MetricsSystemImpl.java:start(191)) - StorageContainerManager metrics system started
2021-08-17 14:27:53,964 [Listener at 0.0.0.0/41569] INFO  impl.MetricsSinkAdapter (MetricsSinkAdapter.java:start(204)) - Sink prometheus started
2021-08-17 14:27:53,964 [Listener at 0.0.0.0/41569] INFO  impl.MetricsSystemImpl (MetricsSystemImpl.java:registerSink(305)) - Registered sink prometheus
2021-08-17 14:27:54,056 [Listener at 0.0.0.0/41569] INFO  server.SCMClientProtocolServer (SCMClientProtocolServer.java:start(164)) - RPC server for Client  is listening at /0.0.0.0:41569
2021-08-17 14:27:54,062 [IPC Server Responder] INFO  ipc.Server (Server.java:run(1507)) - IPC Server Responder: starting
2021-08-17 14:27:54,062 [IPC Server listener on 0] INFO  ipc.Server (Server.java:run(1344)) - IPC Server listener on 0: starting
2021-08-17 14:27:54,064 [Listener at 0.0.0.0/41569] INFO  server.StorageContainerManager (StorageContainerManager.java:start(1266)) - ScmBlockLocationProtocol RPC server is listening at /0.0.0.0:43387
2021-08-17 14:27:54,065 [Listener at 0.0.0.0/41569] INFO  server.SCMBlockProtocolServer (SCMBlockProtocolServer.java:start(151)) - RPC server for Block Protocol is listening at /0.0.0.0:43387
2021-08-17 14:27:54,065 [IPC Server Responder] INFO  ipc.Server (Server.java:run(1507)) - IPC Server Responder: starting
2021-08-17 14:27:54,065 [IPC Server listener on 0] INFO  ipc.Server (Server.java:run(1344)) - IPC Server listener on 0: starting
2021-08-17 14:27:54,119 [Listener at 0.0.0.0/41569] INFO  server.StorageContainerManager (StorageContainerManager.java:start(1272)) - ScmDatanodeProtocl RPC server is listening at /0.0.0.0:39907
2021-08-17 14:27:54,120 [Listener at 0.0.0.0/41569] INFO  server.SCMDatanodeProtocolServer (SCMDatanodeProtocolServer.java:start(181)) - RPC server for DataNodes is listening at /0.0.0.0:39907
2021-08-17 14:27:54,120 [IPC Server Responder] INFO  ipc.Server (Server.java:run(1507)) - IPC Server Responder: starting
2021-08-17 14:27:54,120 [IPC Server listener on 0] INFO  ipc.Server (Server.java:run(1344)) - IPC Server listener on 0: starting
2021-08-17 14:27:54,124 [Listener at 0.0.0.0/41569] INFO  http.BaseHttpServer (BaseHttpServer.java:newHttpServer2BuilderForOzone(209)) - Starting Web-server for scm at: http://0.0.0.0:0
2021-08-17 14:27:54,124 [Listener at 0.0.0.0/41569] INFO  http.BaseHttpServer (BaseHttpServer.java:<init>(107)) - Hadoop Security Enabled: false Ozone Security Enabled: false Ozone HTTP Security Enabled: false 
2021-08-17 14:27:54,125 [Listener at 0.0.0.0/41569] INFO  server.AuthenticationFilter (AuthenticationFilter.java:constructSecretProvider(240)) - Unable to initialize FileSignerSecretProvider, falling back to use random secrets.
2021-08-17 14:27:54,148 [org.apache.hadoop.util.JvmPauseMonitor$Monitor@2db12c73] INFO  util.JvmPauseMonitor (JvmPauseMonitor.java:run(188)) - Starting JVM pause monitor
2021-08-17 14:27:54,157 [Listener at 0.0.0.0/41569] WARN  http.HttpRequestLog (HttpRequestLog.java:getRequestLog(103)) - Jetty request log can only be enabled using Log4j
2021-08-17 14:27:54,158 [Listener at 0.0.0.0/41569] INFO  http.HttpServer2 (HttpServer2.java:addGlobalFilter(1020)) - Added global filter 'safety' (class=org.apache.hadoop.hdds.server.http.HttpServer2$QuotingInputFilter)
2021-08-17 14:27:54,159 [Listener at 0.0.0.0/41569] INFO  http.HttpServer2 (HttpServer2.java:addFilter(996)) - Added filter static_user_filter (class=org.apache.hadoop.http.lib.StaticUserWebFilter$StaticUserFilter) to context scm
2021-08-17 14:27:54,160 [Listener at 0.0.0.0/41569] INFO  http.HttpServer2 (HttpServer2.java:addFilter(1004)) - Added filter static_user_filter (class=org.apache.hadoop.http.lib.StaticUserWebFilter$StaticUserFilter) to context static
2021-08-17 14:27:54,160 [Listener at 0.0.0.0/41569] INFO  http.HttpServer2 (HttpServer2.java:addFilter(1004)) - Added filter static_user_filter (class=org.apache.hadoop.http.lib.StaticUserWebFilter$StaticUserFilter) to context logs
2021-08-17 14:27:54,160 [Listener at 0.0.0.0/41569] INFO  http.HttpServer2 (HttpServer2.java:bindListener(1239)) - Jetty bound to port 40839
2021-08-17 14:27:54,161 [Listener at 0.0.0.0/41569] INFO  server.Server (Server.java:doStart(375)) - jetty-9.4.43.v20210629; built: 2021-06-30T11:07:22.254Z; git: 526006ecfa3af7f1a27ef3a288e2bef7ea9dd7e8; jvm 1.8.0_292-b10
2021-08-17 14:27:54,176 [Listener at 0.0.0.0/41569] INFO  server.session (DefaultSessionIdManager.java:doStart(334)) - DefaultSessionIdManager workerName=node0
2021-08-17 14:27:54,176 [Listener at 0.0.0.0/41569] INFO  server.session (DefaultSessionIdManager.java:doStart(339)) - No SessionScavenger set, using defaults
2021-08-17 14:27:54,176 [Listener at 0.0.0.0/41569] INFO  server.session (HouseKeeper.java:startScavenging(132)) - node0 Scavenging every 660000ms
2021-08-17 14:27:54,185 [Listener at 0.0.0.0/41569] INFO  handler.ContextHandler (ContextHandler.java:doStart(915)) - Started o.e.j.s.ServletContextHandler@4e1f1095{logs,/logs,file:///home/runner/work/ozone/ozone/hadoop-ozone/integration-test/target/log,AVAILABLE}
2021-08-17 14:27:54,185 [Listener at 0.0.0.0/41569] INFO  handler.ContextHandler (ContextHandler.java:doStart(915)) - Started o.e.j.s.ServletContextHandler@592f2e4d{static,/static,file:///home/runner/work/ozone/ozone/hadoop-ozone/integration-test/target/test-classes/webapps/static,AVAILABLE}
2021-08-17 14:27:54,215 [Listener at 0.0.0.0/41569] INFO  handler.ContextHandler (ContextHandler.java:doStart(915)) - Started o.e.j.w.WebAppContext@28a87751{scm,/,file:///home/runner/work/ozone/ozone/hadoop-ozone/integration-test/target/test-classes/webapps/scm/,AVAILABLE}{file:/home/runner/work/ozone/ozone/hadoop-ozone/integration-test/target/test-classes/webapps/scm}
2021-08-17 14:27:54,219 [Listener at 0.0.0.0/41569] INFO  server.AbstractConnector (AbstractConnector.java:doStart(331)) - Started ServerConnector@4c0e8f2a{HTTP/1.1, (http/1.1)}{0.0.0.0:40839}
2021-08-17 14:27:54,219 [Listener at 0.0.0.0/41569] INFO  server.Server (Server.java:doStart(415)) - Started @105989ms
2021-08-17 14:27:54,219 [Listener at 0.0.0.0/41569] WARN  impl.MetricsSystemImpl (MetricsSystemImpl.java:register(279)) - Sink prometheus already exists!
2021-08-17 14:27:54,225 [Listener at 0.0.0.0/41569] INFO  http.BaseHttpServer (BaseHttpServer.java:updateConnectorAddress(329)) - HTTP server of scm listening at http://0.0.0.0:40839
2021-08-17 14:27:54,226 [Listener at 0.0.0.0/41569] WARN  server.ServerUtils (ServerUtils.java:getDBPath(225)) - ozone.om.db.dirs is not configured. We recommend adding this setting. Falling back to ozone.metadata.dirs instead.
2021-08-17 14:27:54,230 [Listener at 0.0.0.0/41569] INFO  ha.OMHANodeDetails (OMHANodeDetails.java:loadOMHAConfig(112)) - ozone.om.internal.service.id is not defined, falling back to ozone.om.service.ids to find serviceID for OzoneManager if it is HA enabled cluster
2021-08-17 14:27:54,243 [Listener at 0.0.0.0/41569] INFO  ha.OMHANodeDetails (OMHANodeDetails.java:loadOMHAConfig(219)) - Configuration does not have ozone.om.address set. Falling back to the default OM address /127.0.0.1:0
2021-08-17 14:27:54,243 [Listener at 0.0.0.0/41569] INFO  ha.OMHANodeDetails (OMHANodeDetails.java:getOMNodeDetails(247)) - OM Service ID is not set. Setting it to the default ID: omServiceIdDefault
2021-08-17 14:27:54,243 [Listener at 0.0.0.0/41569] INFO  ha.OMHANodeDetails (OMHANodeDetails.java:getOMNodeDetails(254)) - OM Node ID is not set. Setting it to the default ID: om1
2021-08-17 14:27:54,243 [Listener at 0.0.0.0/41569] WARN  server.ServerUtils (ServerUtils.java:getDBPath(225)) - ozone.om.db.dirs is not configured. We recommend adding this setting. Falling back to ozone.metadata.dirs instead.
2021-08-17 14:27:54,243 [Listener at 0.0.0.0/41569] INFO  upgrade.AbstractLayoutVersionManager (AbstractLayoutVersionManager.java:init(70)) - Initializing Layout version manager with metadata layout = INITIAL_VERSION (version = 0), software layout = INITIAL_VERSION (version = 0)
2021-08-17 14:27:54,429 [Listener at 0.0.0.0/41569] INFO  reflections.Reflections (Reflections.java:scan(232)) - Reflections took 185 ms to scan 2 urls, producing 131 keys and 342 values [using 2 cores]
2021-08-17 14:27:54,430 [Listener at 0.0.0.0/41569] INFO  upgrade.OMLayoutVersionManager (OMLayoutVersionManager.java:lambda$0(116)) - Skipping Upgrade Action MockOmUpgradeAction since it has been finalized.
2021-08-17 14:27:54,431 [Listener at 0.0.0.0/41569] WARN  server.ServerUtils (ServerUtils.java:getDBPath(225)) - ozone.om.db.dirs is not configured. We recommend adding this setting. Falling back to ozone.metadata.dirs instead.
2021-08-17 14:27:54,450 [Listener at 0.0.0.0/41569] WARN  server.ServerUtils (ServerUtils.java:getDBPath(225)) - ozone.om.db.dirs is not configured. We recommend adding this setting. Falling back to ozone.metadata.dirs instead.
2021-08-17 14:27:54,451 [Listener at 0.0.0.0/41569] INFO  codec.OmKeyInfoCodec (OmKeyInfoCodec.java:<init>(51)) - OmKeyInfoCodec ignorePipeline = true
2021-08-17 14:27:54,457 [Listener at 0.0.0.0/41569] INFO  codec.RepeatedOmKeyInfoCodec (RepeatedOmKeyInfoCodec.java:<init>(42)) - RepeatedOmKeyInfoCodec ignorePipeline = true
2021-08-17 14:27:54,786 [Listener at 0.0.0.0/41569] INFO  om.OzoneManager (OzoneManager.java:addS3GVolumeToDB(4115)) - Created Volume s3v With Owner runner required for S3Gateway operations.
2021-08-17 14:27:54,803 [Listener at 0.0.0.0/41569] WARN  server.ServerUtils (ServerUtils.java:getDefaultRatisDirectory(237)) - Storage directory for Ratis is not configured. It is a good idea to map this to an SSD disk. Falling back to ozone.metadata.dirs
2021-08-17 14:27:54,803 [Listener at 0.0.0.0/41569] WARN  utils.OzoneManagerRatisUtils (OzoneManagerRatisUtils.java:getOMRatisSnapshotDirectory(391)) - ozone.om.ratis.snapshot.dir is not configured. Falling back to ozone.metadata.dirs config
2021-08-17 14:27:54,806 [Listener at 0.0.0.0/41569] WARN  server.ServerUtils (ServerUtils.java:getDefaultRatisDirectory(237)) - Storage directory for Ratis is not configured. It is a good idea to map this to an SSD disk. Falling back to ozone.metadata.dirs
2021-08-17 14:27:54,813 [Listener at 0.0.0.0/41569] INFO  ratis.OzoneManagerRatisServer (OzoneManagerRatisServer.java:<init>(158)) - Instantiating OM Ratis server with groupID: omServiceIdDefault and peers: localhost:9872
2021-08-17 14:27:54,830 [Listener at 0.0.0.0/41569] INFO  ratis.OzoneManagerStateMachine (OzoneManagerStateMachine.java:loadSnapshotInfoFromDB(605)) - LastAppliedIndex is set from TransactionInfo from OM DB as (t:0, i:~)
2021-08-17 14:27:54,841 [Listener at 0.0.0.0/41569] INFO  server.RaftServer (ConfUtils.java:logGet(44)) - raft.rpc.type = GRPC (default)
2021-08-17 14:27:54,841 [Listener at 0.0.0.0/41569] INFO  grpc.GrpcFactory (GrpcFactory.java:checkPooledByteBufAllocatorUseCacheForAllThreads(48)) - PERFORMANCE WARNING: useCacheForAllThreads is true that may cause Netty to create a lot garbage objects and, as a result, trigger GC.
	It is recommended to disable useCacheForAllThreads by setting -Dorg.apache.ratis.thirdparty.io.netty.allocator.useCacheForAllThreads=false in command line.
2021-08-17 14:27:54,863 [Listener at 0.0.0.0/41569] INFO  grpc.GrpcConfigKeys (ConfUtils.java:logGet(44)) - raft.grpc.admin.port = -1 (default)
2021-08-17 14:27:54,863 [Listener at 0.0.0.0/41569] INFO  grpc.GrpcConfigKeys (ConfUtils.java:logGet(44)) - raft.grpc.server.port = 9872 (custom)
2021-08-17 14:27:54,864 [Listener at 0.0.0.0/41569] INFO  grpc.GrpcConfigKeys (ConfUtils.java:logGet(44)) - raft.grpc.client.port = -1 (default)
2021-08-17 14:27:54,864 [Listener at 0.0.0.0/41569] INFO  grpc.GrpcConfigKeys (ConfUtils.java:logGet(44)) - raft.grpc.server.port = 9872 (custom)
2021-08-17 14:27:54,864 [Listener at 0.0.0.0/41569] INFO  grpc.GrpcConfigKeys (ConfUtils.java:logGet(44)) - raft.grpc.server.port = 9872 (custom)
2021-08-17 14:27:54,864 [Listener at 0.0.0.0/41569] INFO  server.GrpcService (ConfUtils.java:logGet(44)) - raft.grpc.message.size.max = 33554432 (custom)
2021-08-17 14:27:54,864 [Listener at 0.0.0.0/41569] INFO  server.RaftServerConfigKeys (ConfUtils.java:logGet(44)) - raft.server.log.appender.buffer.byte-limit = 33554432 (custom)
2021-08-17 14:27:54,864 [Listener at 0.0.0.0/41569] INFO  server.GrpcService (ConfUtils.java:logGet(44)) - raft.grpc.flow.control.window = 1MB (=1048576) (default)
2021-08-17 14:27:54,864 [Listener at 0.0.0.0/41569] INFO  server.RaftServerConfigKeys (ConfUtils.java:logGet(44)) - raft.server.rpc.request.timeout = 3000ms (default)
2021-08-17 14:27:54,866 [Listener at 0.0.0.0/41569] INFO  impl.DataStreamServerImpl (ConfUtils.java:logGet(44)) - raft.datastream.type = DISABLED (default)
2021-08-17 14:27:54,876 [Listener at 0.0.0.0/41569] INFO  server.RaftServerConfigKeys (ConfUtils.java:logGet(44)) - raft.server.rpc.slowness.timeout = 120s (custom)
2021-08-17 14:27:54,876 [Listener at 0.0.0.0/41569] INFO  server.RaftServerConfigKeys (ConfUtils.java:logGet(44)) - raft.server.leaderelection.leader.step-down.wait-time = 10s (default)
2021-08-17 14:27:54,876 [Listener at 0.0.0.0/41569] INFO  server.RaftServerConfigKeys (ConfUtils.java:logGet(44)) - raft.server.storage.dir = [/home/runner/work/ozone/ozone/hadoop-ozone/integration-test/target/test-dir/MiniOzoneClusterImpl-1e0b2984-d7f4-44f4-99c9-a2b226c9d9b8/ozone-meta/ratis] (custom)
2021-08-17 14:27:54,893 [Listener at 0.0.0.0/41569] INFO  server.RaftServer (RaftServerProxy.java:addNew(95)) - om1: addNew group-C5BA1605619E:[om1|rpc:localhost:9872|priority:0] returns group-C5BA1605619E:java.util.concurrent.CompletableFuture@6ff718ae[Not completed]
2021-08-17 14:27:54,894 [Listener at 0.0.0.0/41569] INFO  om.OzoneManager (OzoneManager.java:initializeRatisServer(1573)) - OzoneManager Ratis server initialized at port 9872
2021-08-17 14:27:54,896 [Listener at 0.0.0.0/41569] INFO  ipc.CallQueueManager (CallQueueManager.java:<init>(90)) - Using callQueue: class java.util.concurrent.LinkedBlockingQueue, queueCapacity: 2000, scheduler: class org.apache.hadoop.ipc.DefaultRpcScheduler, ipcBackoff: false.
2021-08-17 14:27:54,898 [Socket Reader #1 for port 0] INFO  ipc.Server (Server.java:run(1265)) - Starting Socket Reader #1 for port 0
2021-08-17 14:27:54,898 [pool-359-thread-1] INFO  server.RaftServer$Division (RaftServerImpl.java:<init>(181)) - om1: new RaftServerImpl for group-C5BA1605619E:[om1|rpc:localhost:9872|priority:0] with OzoneManagerStateMachine:uninitialized
2021-08-17 14:27:54,908 [pool-359-thread-1] INFO  server.RaftServerConfigKeys (ConfUtils.java:logGet(44)) - raft.server.rpc.timeout.min = 1s (custom)
2021-08-17 14:27:54,908 [pool-359-thread-1] INFO  server.RaftServerConfigKeys (ConfUtils.java:logGet(44)) - raft.server.rpc.timeout.max = 1200ms (custom)
2021-08-17 14:27:54,909 [pool-359-thread-1] INFO  server.RaftServerConfigKeys (ConfUtils.java:logGet(44)) - raft.server.rpc.sleep.time = 25ms (default)
2021-08-17 14:27:54,909 [pool-359-thread-1] INFO  server.RaftServerConfigKeys (ConfUtils.java:logGet(44)) - raft.server.rpc.slowness.timeout = 120s (custom)
2021-08-17 14:27:54,909 [pool-359-thread-1] INFO  server.RaftServerConfigKeys (ConfUtils.java:logGet(44)) - raft.server.leaderelection.leader.step-down.wait-time = 10s (default)
2021-08-17 14:27:54,909 [pool-359-thread-1] INFO  server.RaftServerConfigKeys (ConfUtils.java:logGet(44)) - raft.server.sleep.deviation.threshold = 300ms (default)
2021-08-17 14:27:54,909 [pool-359-thread-1] INFO  server.RaftServerConfigKeys (ConfUtils.java:logGet(44)) - raft.server.log.appender.install.snapshot.enabled = false (custom)
2021-08-17 14:27:54,909 [pool-359-thread-1] INFO  server.RaftServer$Division (ServerState.java:<init>(105)) - om1@group-C5BA1605619E: ConfigurationManager, init=-1: [om1|rpc:localhost:9872|priority:0], old=null, confs=<EMPTY_MAP>
2021-08-17 14:27:54,909 [pool-359-thread-1] INFO  server.RaftServerConfigKeys (ConfUtils.java:logGet(44)) - raft.server.storage.dir = [/home/runner/work/ozone/ozone/hadoop-ozone/integration-test/target/test-dir/MiniOzoneClusterImpl-1e0b2984-d7f4-44f4-99c9-a2b226c9d9b8/ozone-meta/ratis] (custom)
2021-08-17 14:27:54,909 [pool-359-thread-1] INFO  server.RaftServerConfigKeys (ConfUtils.java:logGet(44)) - raft.server.log.corruption.policy = EXCEPTION (default)
2021-08-17 14:27:54,909 [pool-359-thread-1] INFO  server.RaftServerConfigKeys (ConfUtils.java:logGet(44)) - raft.server.storage.free-space.min = 0MB (=0) (default)
2021-08-17 14:27:54,909 [pool-359-thread-1] INFO  storage.RaftStorageDirectory (RaftStorageDirectoryImpl.java:analyzeStorage(135)) - The storage directory /home/runner/work/ozone/ozone/hadoop-ozone/integration-test/target/test-dir/MiniOzoneClusterImpl-1e0b2984-d7f4-44f4-99c9-a2b226c9d9b8/ozone-meta/ratis/bf265839-605b-3f16-9796-c5ba1605619e does not exist. Creating ...
2021-08-17 14:27:54,918 [pool-359-thread-1] INFO  storage.RaftStorageDirectory (RaftStorageDirectoryImpl.java:tryLock(230)) - Lock on /home/runner/work/ozone/ozone/hadoop-ozone/integration-test/target/test-dir/MiniOzoneClusterImpl-1e0b2984-d7f4-44f4-99c9-a2b226c9d9b8/ozone-meta/ratis/bf265839-605b-3f16-9796-c5ba1605619e/in_use.lock acquired by nodename 21674@fv-az12-928
2021-08-17 14:27:54,927 [pool-359-thread-1] INFO  storage.RaftStorage (RaftStorageImpl.java:format(89)) - Storage directory /home/runner/work/ozone/ozone/hadoop-ozone/integration-test/target/test-dir/MiniOzoneClusterImpl-1e0b2984-d7f4-44f4-99c9-a2b226c9d9b8/ozone-meta/ratis/bf265839-605b-3f16-9796-c5ba1605619e has been successfully formatted.
2021-08-17 14:27:54,927 [pool-359-thread-1] INFO  server.RaftServerConfigKeys (ConfUtils.java:logGet(44)) - raft.server.notification.no-leader.timeout = 120s (custom)
2021-08-17 14:27:54,927 [pool-359-thread-1] INFO  server.RaftServerConfigKeys (ConfUtils.java:logGet(44)) - raft.server.log.use.memory = false (default)
2021-08-17 14:27:54,927 [pool-359-thread-1] INFO  server.RaftServerConfigKeys (ConfUtils.java:logGet(44)) - raft.server.log.purge.gap = 1000000 (custom)
2021-08-17 14:27:54,927 [pool-359-thread-1] INFO  server.RaftServerConfigKeys (ConfUtils.java:logGet(44)) - raft.server.log.appender.buffer.byte-limit = 33554432 (custom)
2021-08-17 14:27:54,933 [pool-359-thread-1] INFO  server.RaftServerConfigKeys (ConfUtils.java:logGet(44)) - raft.server.log.segment.size.max = 4194304 (custom)
2021-08-17 14:27:54,934 [pool-359-thread-1] INFO  server.RaftServerConfigKeys (ConfUtils.java:logGet(44)) - raft.server.log.segment.cache.num.max = 2 (custom)
2021-08-17 14:27:54,934 [pool-359-thread-1] INFO  server.RaftServerConfigKeys (ConfUtils.java:logGet(44)) - raft.server.log.segment.cache.size.max = 200MB (=209715200) (default)
2021-08-17 14:27:54,934 [pool-359-thread-1] INFO  segmented.SegmentedRaftLogWorker (SegmentedRaftLogWorker.java:<init>(182)) - new om1@group-C5BA1605619E-SegmentedRaftLogWorker for RaftStorageImpl:Storage Directory /home/runner/work/ozone/ozone/hadoop-ozone/integration-test/target/test-dir/MiniOzoneClusterImpl-1e0b2984-d7f4-44f4-99c9-a2b226c9d9b8/ozone-meta/ratis/bf265839-605b-3f16-9796-c5ba1605619e
2021-08-17 14:27:54,934 [pool-359-thread-1] INFO  server.RaftServerConfigKeys (ConfUtils.java:logGet(44)) - raft.server.log.queue.byte-limit = 64MB (=67108864) (default)
2021-08-17 14:27:54,934 [pool-359-thread-1] INFO  server.RaftServerConfigKeys (ConfUtils.java:logGet(44)) - raft.server.log.queue.element-limit = 4096 (default)
2021-08-17 14:27:54,934 [pool-359-thread-1] INFO  server.RaftServerConfigKeys (ConfUtils.java:logGet(44)) - raft.server.log.segment.size.max = 4194304 (custom)
2021-08-17 14:27:54,934 [pool-359-thread-1] INFO  server.RaftServerConfigKeys (ConfUtils.java:logGet(44)) - raft.server.log.preallocated.size = 4194304 (custom)
2021-08-17 14:27:54,934 [pool-359-thread-1] INFO  server.RaftServerConfigKeys (ConfUtils.java:logGet(44)) - raft.server.log.force.sync.num = 128 (default)
2021-08-17 14:27:54,934 [pool-359-thread-1] INFO  server.RaftServerConfigKeys (ConfUtils.java:logGet(44)) - raft.server.log.statemachine.data.sync = true (default)
2021-08-17 14:27:54,935 [pool-359-thread-1] INFO  server.RaftServerConfigKeys (ConfUtils.java:logGet(44)) - raft.server.log.statemachine.data.sync.timeout = 10s (default)
2021-08-17 14:27:54,935 [pool-359-thread-1] INFO  server.RaftServerConfigKeys (ConfUtils.java:logGet(44)) - raft.server.log.statemachine.data.sync.timeout.retry = -1 (default)
2021-08-17 14:27:54,935 [pool-359-thread-1] INFO  server.RaftServerConfigKeys (ConfUtils.java:logGet(44)) - raft.server.log.write.buffer.size = 64KB (=65536) (default)
2021-08-17 14:27:54,937 [pool-359-thread-1] INFO  server.RaftServerConfigKeys (ConfUtils.java:logGet(44)) - raft.server.log.statemachine.data.caching.enabled = false (default)
2021-08-17 14:27:54,938 [pool-359-thread-1] INFO  segmented.SegmentedRaftLogWorker (SegmentedRaftLogWorker.java:lambda$new$0(133)) - om1@group-C5BA1605619E-SegmentedRaftLogWorker: flushIndex: setUnconditionally 0 -> -1
2021-08-17 14:27:54,941 [pool-359-thread-1] INFO  segmented.SegmentedRaftLogWorker (SegmentedRaftLogWorker.java:lambda$new$0(133)) - om1@group-C5BA1605619E-SegmentedRaftLogWorker: safeCacheEvictIndex: setUnconditionally 0 -> -1
2021-08-17 14:27:54,952 [pool-359-thread-1] INFO  server.RaftServerConfigKeys (ConfUtils.java:logGet(44)) - raft.server.snapshot.auto.trigger.enabled = true (custom)
2021-08-17 14:27:54,952 [pool-359-thread-1] INFO  server.RaftServerConfigKeys (ConfUtils.java:logGet(44)) - raft.server.snapshot.auto.trigger.threshold = 400000 (default)
2021-08-17 14:27:54,952 [pool-359-thread-1] INFO  server.RaftServerConfigKeys (ConfUtils.java:logGet(44)) - raft.server.snapshot.retention.file.num = -1 (default)
2021-08-17 14:27:54,952 [pool-359-thread-1] INFO  server.RaftServerConfigKeys (ConfUtils.java:logGet(44)) - raft.server.log.purge.upto.snapshot.index = true (custom)
2021-08-17 14:27:54,952 [pool-359-thread-1] INFO  server.RaftServerConfigKeys (ConfUtils.java:logGet(44)) - raft.server.retrycache.expirytime = 300s (custom)
2021-08-17 14:27:54,952 [pool-359-thread-1] INFO  server.RaftServerConfigKeys (ConfUtils.java:logGet(44)) - raft.server.retrycache.statistics.expirytime = 100μs (default)
2021-08-17 14:27:55,020 [Listener at 127.0.0.1/39353] INFO  om.OzoneManager (OzoneManager.java:initFSOLayout(4321)) - Configured ozone.om.metadata.layout=SIMPLE and disabled optimized OM FS operations
2021-08-17 14:27:55,024 [Listener at 127.0.0.1/39353] INFO  impl.MetricsSystemImpl (MetricsSystemImpl.java:init(158)) - OzoneManager metrics system started (again)
2021-08-17 14:27:55,121 [Listener at 127.0.0.1/39353] INFO  om.OzoneManager (OzoneManager.java:start(1270)) - OzoneManager RPC server is listening at localhost/127.0.0.1:39353
2021-08-17 14:27:55,122 [Listener at 127.0.0.1/39353] INFO  ratis.OzoneManagerRatisServer (OzoneManagerRatisServer.java:start(516)) - Starting OzoneManagerRatisServer om1 at port 9872
2021-08-17 14:27:55,122 [Listener at 127.0.0.1/39353] INFO  server.RaftServer$Division (RaftServerImpl.java:start(296)) - om1@group-C5BA1605619E: start as a follower, conf=-1: [om1|rpc:localhost:9872|priority:0], old=null
2021-08-17 14:27:55,137 [Listener at 127.0.0.1/39353] INFO  server.RaftServer$Division (RaftServerImpl.java:setRole(285)) - om1@group-C5BA1605619E: changes role from      null to FOLLOWER at term 0 for startAsFollower
2021-08-17 14:27:55,138 [Listener at 127.0.0.1/39353] INFO  impl.RoleInfo (RoleInfo.java:updateAndGet(130)) - om1: start om1@group-C5BA1605619E-FollowerState
2021-08-17 14:27:55,139 [Listener at 127.0.0.1/39353] INFO  util.JmxRegister (JmxRegister.java:tryRegister(44)) - Successfully registered JMX Bean with object name Ratis:service=RaftServer,group=group-C5BA1605619E,id=om1
2021-08-17 14:27:55,197 [Listener at 127.0.0.1/39353] INFO  server.RaftServer (RaftServerProxy.java:lambda$start$5(374)) - om1: start RPC server
2021-08-17 14:27:55,210 [Listener at 127.0.0.1/39353] INFO  server.GrpcService (GrpcService.java:startImpl(253)) - om1: GrpcService started, listening on 9872
2021-08-17 14:27:55,226 [Listener at 127.0.0.1/39353] INFO  om.OzoneManager (OzoneManager.java:start(1288)) - Version File has different layout version (0) than OM DB (null). That is expected if this OM has never been finalized to a newer layout version.
2021-08-17 14:27:55,227 [org.apache.ratis.util.JvmPauseMonitor$$Lambda$531/236082732@77ba0e4c] INFO  util.JvmPauseMonitor (JvmPauseMonitor.java:run(103)) - JvmPauseMonitor-om1: Started
2021-08-17 14:27:55,268 [Listener at 127.0.0.1/39353] INFO  http.BaseHttpServer (BaseHttpServer.java:newHttpServer2BuilderForOzone(209)) - Starting Web-server for ozoneManager at: http://0.0.0.0:0
2021-08-17 14:27:55,268 [Listener at 127.0.0.1/39353] INFO  http.BaseHttpServer (BaseHttpServer.java:<init>(107)) - Hadoop Security Enabled: false Ozone Security Enabled: false Ozone HTTP Security Enabled: false 
2021-08-17 14:27:55,269 [Listener at 127.0.0.1/39353] INFO  server.AuthenticationFilter (AuthenticationFilter.java:constructSecretProvider(240)) - Unable to initialize FileSignerSecretProvider, falling back to use random secrets.
2021-08-17 14:27:55,282 [Listener at 127.0.0.1/39353] WARN  http.HttpRequestLog (HttpRequestLog.java:getRequestLog(103)) - Jetty request log can only be enabled using Log4j
2021-08-17 14:27:55,283 [Listener at 127.0.0.1/39353] INFO  http.HttpServer2 (HttpServer2.java:addGlobalFilter(1020)) - Added global filter 'safety' (class=org.apache.hadoop.hdds.server.http.HttpServer2$QuotingInputFilter)
2021-08-17 14:27:55,284 [Listener at 127.0.0.1/39353] INFO  http.HttpServer2 (HttpServer2.java:addFilter(996)) - Added filter static_user_filter (class=org.apache.hadoop.http.lib.StaticUserWebFilter$StaticUserFilter) to context ozoneManager
2021-08-17 14:27:55,284 [Listener at 127.0.0.1/39353] INFO  http.HttpServer2 (HttpServer2.java:addFilter(1004)) - Added filter static_user_filter (class=org.apache.hadoop.http.lib.StaticUserWebFilter$StaticUserFilter) to context static
2021-08-17 14:27:55,284 [Listener at 127.0.0.1/39353] INFO  http.HttpServer2 (HttpServer2.java:addFilter(1004)) - Added filter static_user_filter (class=org.apache.hadoop.http.lib.StaticUserWebFilter$StaticUserFilter) to context logs
2021-08-17 14:27:55,284 [Listener at 127.0.0.1/39353] INFO  http.HttpServer2 (HttpServer2.java:bindListener(1239)) - Jetty bound to port 33967
2021-08-17 14:27:55,284 [Listener at 127.0.0.1/39353] INFO  server.Server (Server.java:doStart(375)) - jetty-9.4.43.v20210629; built: 2021-06-30T11:07:22.254Z; git: 526006ecfa3af7f1a27ef3a288e2bef7ea9dd7e8; jvm 1.8.0_292-b10
2021-08-17 14:27:55,341 [Listener at 127.0.0.1/39353] INFO  server.session (DefaultSessionIdManager.java:doStart(334)) - DefaultSessionIdManager workerName=node0
2021-08-17 14:27:55,341 [Listener at 127.0.0.1/39353] INFO  server.session (DefaultSessionIdManager.java:doStart(339)) - No SessionScavenger set, using defaults
2021-08-17 14:27:55,341 [Listener at 127.0.0.1/39353] INFO  server.session (HouseKeeper.java:startScavenging(132)) - node0 Scavenging every 600000ms
2021-08-17 14:27:55,342 [Listener at 127.0.0.1/39353] INFO  handler.ContextHandler (ContextHandler.java:doStart(915)) - Started o.e.j.s.ServletContextHandler@1e766631{logs,/logs,file:///home/runner/work/ozone/ozone/hadoop-ozone/integration-test/target/log,AVAILABLE}
2021-08-17 14:27:55,342 [Listener at 127.0.0.1/39353] INFO  handler.ContextHandler (ContextHandler.java:doStart(915)) - Started o.e.j.s.ServletContextHandler@44b1aba0{static,/static,file:///home/runner/work/ozone/ozone/hadoop-ozone/integration-test/target/test-classes/webapps/static,AVAILABLE}
2021-08-17 14:27:55,350 [Listener at 127.0.0.1/39353] INFO  handler.ContextHandler (ContextHandler.java:doStart(915)) - Started o.e.j.w.WebAppContext@65468d30{ozoneManager,/,file:///home/runner/work/ozone/ozone/hadoop-ozone/integration-test/target/test-classes/webapps/ozoneManager/,AVAILABLE}{file:/home/runner/work/ozone/ozone/hadoop-ozone/integration-test/target/test-classes/webapps/ozoneManager}
2021-08-17 14:27:55,382 [Listener at 127.0.0.1/39353] INFO  server.AbstractConnector (AbstractConnector.java:doStart(331)) - Started ServerConnector@4fed59f3{HTTP/1.1, (http/1.1)}{0.0.0.0:33967}
2021-08-17 14:27:55,382 [Listener at 127.0.0.1/39353] INFO  server.Server (Server.java:doStart(415)) - Started @107152ms
2021-08-17 14:27:55,383 [Listener at 127.0.0.1/39353] WARN  impl.MetricsSystemImpl (MetricsSystemImpl.java:register(279)) - Sink prometheus already exists!
2021-08-17 14:27:55,384 [Listener at 127.0.0.1/39353] INFO  http.BaseHttpServer (BaseHttpServer.java:updateConnectorAddress(329)) - HTTP server of ozoneManager listening at http://0.0.0.0:33967
2021-08-17 14:27:55,385 [IPC Server Responder] INFO  ipc.Server (Server.java:run(1507)) - IPC Server Responder: starting
2021-08-17 14:27:55,385 [IPC Server listener on 0] INFO  ipc.Server (Server.java:run(1344)) - IPC Server listener on 0: starting
2021-08-17 14:27:55,387 [Listener at 127.0.0.1/39353] INFO  om.OzoneManager (OzoneManager.java:startTrashEmptier(1531)) - Trash Interval set to 0. Files deleted will not move to trash
2021-08-17 14:27:55,419 [org.apache.hadoop.util.JvmPauseMonitor$Monitor@5b33a955] INFO  util.JvmPauseMonitor (JvmPauseMonitor.java:run(188)) - Starting JVM pause monitor
2021-08-17 14:27:55,422 [Listener at 127.0.0.1/39353] WARN  impl.MetricRegistriesImpl (MetricRegistriesImpl.java:addReporterRegistration(111)) - New reporters are added after registries were created. Some metrics will be missing from the reporter. Please add reporter before adding any new registry.
2021-08-17 14:27:55,456 [Listener at 127.0.0.1/39353] WARN  impl.MetricRegistriesImpl (MetricRegistriesImpl.java:addReporterRegistration(111)) - New reporters are added after registries were created. Some metrics will be missing from the reporter. Please add reporter before adding any new registry.
2021-08-17 14:27:55,456 [Listener at 127.0.0.1/39353] INFO  impl.MetricsSystemImpl (MetricsSystemImpl.java:init(158)) - HddsDatanode metrics system started (again)
2021-08-17 14:27:55,514 [Listener at 127.0.0.1/39353] INFO  ozone.HddsDatanodeService (HddsDatanodeService.java:start(234)) - HddsDatanodeService host:fv-az12-928.exdb2aeach2ezidoxz41lk3bwg.cx.internal.cloudapp.net ip:10.1.0.66
2021-08-17 14:27:55,578 [Listener at 127.0.0.1/39353] INFO  upgrade.AbstractLayoutVersionManager (AbstractLayoutVersionManager.java:init(70)) - Initializing Layout version manager with metadata layout = SCM_HA (version = 2), software layout = SCM_HA (version = 2)
2021-08-17 14:27:55,662 [Listener at 127.0.0.1/39353] INFO  reflections.Reflections (Reflections.java:scan(232)) - Reflections took 83 ms to scan 7 urls, producing 120 keys and 275 values 
2021-08-17 14:27:55,717 [Listener at 127.0.0.1/39353] INFO  volume.HddsVolume (HddsVolume.java:<init>(120)) - Creating HddsVolume: /home/runner/work/ozone/ozone/hadoop-ozone/integration-test/target/test-dir/MiniOzoneClusterImpl-1e0b2984-d7f4-44f4-99c9-a2b226c9d9b8/datanode-0/data-0/containers/hdds of storage type : DISK capacity : 9223372036854775807
2021-08-17 14:27:55,722 [Listener at 127.0.0.1/39353] INFO  volume.MutableVolumeSet (MutableVolumeSet.java:initializeVolumeSet(181)) - Added Volume : /home/runner/work/ozone/ozone/hadoop-ozone/integration-test/target/test-dir/MiniOzoneClusterImpl-1e0b2984-d7f4-44f4-99c9-a2b226c9d9b8/datanode-0/data-0/containers/hdds to VolumeSet
2021-08-17 14:27:55,722 [Listener at 127.0.0.1/39353] INFO  volume.ThrottledAsyncChecker (ThrottledAsyncChecker.java:schedule(141)) - Scheduling a check for /home/runner/work/ozone/ozone/hadoop-ozone/integration-test/target/test-dir/MiniOzoneClusterImpl-1e0b2984-d7f4-44f4-99c9-a2b226c9d9b8/datanode-0/data-0/containers/hdds
2021-08-17 14:27:55,729 [Listener at 127.0.0.1/39353] INFO  volume.StorageVolumeChecker (StorageVolumeChecker.java:checkAllVolumes(202)) - Scheduled health check for volume /home/runner/work/ozone/ozone/hadoop-ozone/integration-test/target/test-dir/MiniOzoneClusterImpl-1e0b2984-d7f4-44f4-99c9-a2b226c9d9b8/datanode-0/data-0/containers/hdds
2021-08-17 14:27:55,784 [Listener at 127.0.0.1/39353] INFO  volume.MutableVolumeSet (MutableVolumeSet.java:initializeVolumeSet(181)) - Added Volume : /home/runner/work/ozone/ozone/hadoop-ozone/integration-test/target/test-dir/MiniOzoneClusterImpl-1e0b2984-d7f4-44f4-99c9-a2b226c9d9b8/datanode-0/data/ratis to VolumeSet
2021-08-17 14:27:55,785 [Listener at 127.0.0.1/39353] INFO  volume.ThrottledAsyncChecker (ThrottledAsyncChecker.java:schedule(141)) - Scheduling a check for /home/runner/work/ozone/ozone/hadoop-ozone/integration-test/target/test-dir/MiniOzoneClusterImpl-1e0b2984-d7f4-44f4-99c9-a2b226c9d9b8/datanode-0/data/ratis
2021-08-17 14:27:55,785 [Listener at 127.0.0.1/39353] INFO  volume.StorageVolumeChecker (StorageVolumeChecker.java:checkAllVolumes(202)) - Scheduled health check for volume /home/runner/work/ozone/ozone/hadoop-ozone/integration-test/target/test-dir/MiniOzoneClusterImpl-1e0b2984-d7f4-44f4-99c9-a2b226c9d9b8/datanode-0/data/ratis
2021-08-17 14:27:55,807 [Listener at 127.0.0.1/39353] INFO  ozoneimpl.ContainerReader (ContainerReader.java:<init>(98)) - Running in upgrade mode:true
2021-08-17 14:27:55,822 [Thread-870] INFO  ozoneimpl.ContainerReader (ContainerReader.java:readVolume(142)) - Start to verify containers on volume /home/runner/work/ozone/ozone/hadoop-ozone/integration-test/target/test-dir/MiniOzoneClusterImpl-1e0b2984-d7f4-44f4-99c9-a2b226c9d9b8/datanode-0/data-0/containers/hdds
2021-08-17 14:27:55,822 [Thread-870] INFO  ozoneimpl.ContainerReader (ContainerReader.java:readVolume(174)) - Finish verifying containers on volume /home/runner/work/ozone/ozone/hadoop-ozone/integration-test/target/test-dir/MiniOzoneClusterImpl-1e0b2984-d7f4-44f4-99c9-a2b226c9d9b8/datanode-0/data-0/containers/hdds
2021-08-17 14:27:55,822 [Listener at 127.0.0.1/39353] INFO  ozoneimpl.OzoneContainer (OzoneContainer.java:buildContainerSet(237)) - Build ContainerSet costs 0s
2021-08-17 14:27:55,824 [Listener at 127.0.0.1/39353] INFO  server.RaftServer (ConfUtils.java:logGet(44)) - raft.rpc.type = GRPC (default)
2021-08-17 14:27:55,824 [Listener at 127.0.0.1/39353] INFO  grpc.GrpcFactory (GrpcFactory.java:checkPooledByteBufAllocatorUseCacheForAllThreads(48)) - PERFORMANCE WARNING: useCacheForAllThreads is true that may cause Netty to create a lot garbage objects and, as a result, trigger GC.
	It is recommended to disable useCacheForAllThreads by setting -Dorg.apache.ratis.thirdparty.io.netty.allocator.useCacheForAllThreads=false in command line.
2021-08-17 14:27:55,824 [Listener at 127.0.0.1/39353] INFO  grpc.GrpcConfigKeys (ConfUtils.java:logGet(44)) - raft.grpc.admin.port = 0 (custom)
2021-08-17 14:27:55,824 [Listener at 127.0.0.1/39353] INFO  grpc.GrpcConfigKeys (ConfUtils.java:logGet(44)) - raft.grpc.client.port = 0 (custom)
2021-08-17 14:27:55,824 [Listener at 127.0.0.1/39353] INFO  grpc.GrpcConfigKeys (ConfUtils.java:logGet(44)) - raft.grpc.server.port = 0 (default)
2021-08-17 14:27:55,824 [Listener at 127.0.0.1/39353] INFO  server.GrpcService (ConfUtils.java:logGet(44)) - raft.grpc.message.size.max = 32MB (=33554432) (custom)
2021-08-17 14:27:55,824 [Listener at 127.0.0.1/39353] INFO  server.RaftServerConfigKeys (ConfUtils.java:logGet(44)) - raft.server.log.appender.buffer.byte-limit = 33554432 (custom)
2021-08-17 14:27:55,824 [Listener at 127.0.0.1/39353] INFO  server.GrpcService (ConfUtils.java:logGet(44)) - raft.grpc.flow.control.window = 5MB (=5242880) (custom)
2021-08-17 14:27:55,824 [Listener at 127.0.0.1/39353] INFO  server.RaftServerConfigKeys (ConfUtils.java:logGet(44)) - raft.server.rpc.request.timeout = 60s (custom)
2021-08-17 14:27:55,826 [Listener at 127.0.0.1/39353] INFO  impl.DataStreamServerImpl (ConfUtils.java:logGet(44)) - raft.datastream.type = DISABLED (default)
2021-08-17 14:27:55,834 [Listener at 127.0.0.1/39353] INFO  server.RaftServerConfigKeys (ConfUtils.java:logGet(44)) - raft.server.rpc.slowness.timeout = 300s (custom)
2021-08-17 14:27:55,834 [Listener at 127.0.0.1/39353] INFO  server.RaftServerConfigKeys (ConfUtils.java:logGet(44)) - raft.server.leaderelection.leader.step-down.wait-time = 10s (default)
2021-08-17 14:27:55,834 [Listener at 127.0.0.1/39353] INFO  server.RaftServerConfigKeys (ConfUtils.java:logGet(44)) - raft.server.storage.dir = [/home/runner/work/ozone/ozone/hadoop-ozone/integration-test/target/test-dir/MiniOzoneClusterImpl-1e0b2984-d7f4-44f4-99c9-a2b226c9d9b8/datanode-0/data/ratis] (custom)
2021-08-17 14:27:55,847 [Listener at 127.0.0.1/39353] INFO  http.BaseHttpServer (BaseHttpServer.java:newHttpServer2BuilderForOzone(209)) - Starting Web-server for hddsDatanode at: http://0.0.0.0:0
2021-08-17 14:27:55,847 [Listener at 127.0.0.1/39353] INFO  http.BaseHttpServer (BaseHttpServer.java:<init>(107)) - Hadoop Security Enabled: false Ozone Security Enabled: false Ozone HTTP Security Enabled: false 
2021-08-17 14:27:55,849 [Listener at 127.0.0.1/39353] INFO  server.AuthenticationFilter (AuthenticationFilter.java:constructSecretProvider(240)) - Unable to initialize FileSignerSecretProvider, falling back to use random secrets.
2021-08-17 14:27:55,862 [Listener at 127.0.0.1/39353] WARN  http.HttpRequestLog (HttpRequestLog.java:getRequestLog(103)) - Jetty request log can only be enabled using Log4j
2021-08-17 14:27:55,863 [Listener at 127.0.0.1/39353] INFO  http.HttpServer2 (HttpServer2.java:addGlobalFilter(1020)) - Added global filter 'safety' (class=org.apache.hadoop.hdds.server.http.HttpServer2$QuotingInputFilter)
2021-08-17 14:27:55,881 [Listener at 127.0.0.1/39353] INFO  http.HttpServer2 (HttpServer2.java:addFilter(996)) - Added filter static_user_filter (class=org.apache.hadoop.http.lib.StaticUserWebFilter$StaticUserFilter) to context hddsDatanode
2021-08-17 14:27:55,881 [Listener at 127.0.0.1/39353] INFO  http.HttpServer2 (HttpServer2.java:addFilter(1004)) - Added filter static_user_filter (class=org.apache.hadoop.http.lib.StaticUserWebFilter$StaticUserFilter) to context logs
2021-08-17 14:27:55,881 [Listener at 127.0.0.1/39353] INFO  http.HttpServer2 (HttpServer2.java:addFilter(1004)) - Added filter static_user_filter (class=org.apache.hadoop.http.lib.StaticUserWebFilter$StaticUserFilter) to context static
2021-08-17 14:27:55,882 [Listener at 127.0.0.1/39353] INFO  http.HttpServer2 (HttpServer2.java:bindListener(1239)) - Jetty bound to port 39259
2021-08-17 14:27:55,882 [Listener at 127.0.0.1/39353] INFO  server.Server (Server.java:doStart(375)) - jetty-9.4.43.v20210629; built: 2021-06-30T11:07:22.254Z; git: 526006ecfa3af7f1a27ef3a288e2bef7ea9dd7e8; jvm 1.8.0_292-b10
2021-08-17 14:27:55,890 [Listener at 127.0.0.1/39353] INFO  server.session (DefaultSessionIdManager.java:doStart(334)) - DefaultSessionIdManager workerName=node0
2021-08-17 14:27:55,890 [Listener at 127.0.0.1/39353] INFO  server.session (DefaultSessionIdManager.java:doStart(339)) - No SessionScavenger set, using defaults
2021-08-17 14:27:55,890 [Listener at 127.0.0.1/39353] INFO  server.session (HouseKeeper.java:startScavenging(132)) - node0 Scavenging every 660000ms
2021-08-17 14:27:55,894 [Listener at 127.0.0.1/39353] INFO  handler.ContextHandler (ContextHandler.java:doStart(915)) - Started o.e.j.s.ServletContextHandler@3ac36708{logs,/logs,file:///home/runner/work/ozone/ozone/hadoop-ozone/integration-test/target/log,AVAILABLE}
2021-08-17 14:27:55,894 [Listener at 127.0.0.1/39353] INFO  handler.ContextHandler (ContextHandler.java:doStart(915)) - Started o.e.j.s.ServletContextHandler@7948cce3{static,/static,jar:file:/home/runner/.m2/repository/org/apache/ozone/hdds-container-service/1.2.0-SNAPSHOT/hdds-container-service-1.2.0-SNAPSHOT.jar!/webapps/static,AVAILABLE}
2021-08-17 14:27:56,107 [Listener at 127.0.0.1/39353] INFO  handler.ContextHandler (ContextHandler.java:doStart(915)) - Started o.e.j.w.WebAppContext@96e3af1{hddsDatanode,/,file:///tmp/jetty-0_0_0_0-39259-hdds-container-service-1_2_0-SNAPSHOT_jar-_-any-8352757552342118094/webapp/,AVAILABLE}{jar:file:/home/runner/.m2/repository/org/apache/ozone/hdds-container-service/1.2.0-SNAPSHOT/hdds-container-service-1.2.0-SNAPSHOT.jar!/webapps/hddsDatanode}
2021-08-17 14:27:56,111 [Listener at 127.0.0.1/39353] INFO  server.AbstractConnector (AbstractConnector.java:doStart(331)) - Started ServerConnector@1ae47086{HTTP/1.1, (http/1.1)}{0.0.0.0:39259}
2021-08-17 14:27:56,111 [Listener at 127.0.0.1/39353] INFO  server.Server (Server.java:doStart(415)) - Started @107881ms
2021-08-17 14:27:56,111 [Listener at 127.0.0.1/39353] WARN  impl.MetricsSystemImpl (MetricsSystemImpl.java:register(279)) - Sink prometheus already exists!
2021-08-17 14:27:56,111 [Listener at 127.0.0.1/39353] INFO  http.BaseHttpServer (BaseHttpServer.java:updateConnectorAddress(329)) - HTTP server of hddsDatanode listening at http://0.0.0.0:39259
2021-08-17 14:27:56,113 [Listener at 127.0.0.1/39353] WARN  impl.MetricRegistriesImpl (MetricRegistriesImpl.java:addReporterRegistration(111)) - New reporters are added after registries were created. Some metrics will be missing from the reporter. Please add reporter before adding any new registry.
2021-08-17 14:27:56,114 [Listener at 127.0.0.1/39353] WARN  impl.MetricRegistriesImpl (MetricRegistriesImpl.java:addReporterRegistration(111)) - New reporters are added after registries were created. Some metrics will be missing from the reporter. Please add reporter before adding any new registry.
2021-08-17 14:27:56,114 [Listener at 127.0.0.1/39353] INFO  impl.MetricsSystemImpl (MetricsSystemImpl.java:init(158)) - HddsDatanode metrics system started (again)
2021-08-17 14:27:56,165 [org.apache.hadoop.util.JvmPauseMonitor$Monitor@102bfd7a] INFO  util.JvmPauseMonitor (JvmPauseMonitor.java:run(188)) - Starting JVM pause monitor
2021-08-17 14:27:56,197 [Listener at 127.0.0.1/39353] INFO  ozone.HddsDatanodeService (HddsDatanodeService.java:start(234)) - HddsDatanodeService host:fv-az12-928.exdb2aeach2ezidoxz41lk3bwg.cx.internal.cloudapp.net ip:10.1.0.66
2021-08-17 14:27:56,208 [Datanode State Machine Task Thread - 0] INFO  datanode.InitDatanodeState (InitDatanodeState.java:persistContainerDatanodeDetails(145)) - DatanodeDetails is persisted to /home/runner/work/ozone/ozone/hadoop-ozone/integration-test/target/test-dir/MiniOzoneClusterImpl-1e0b2984-d7f4-44f4-99c9-a2b226c9d9b8/datanode-0/meta/datanode.id
2021-08-17 14:27:56,254 [Listener at 127.0.0.1/39353] INFO  upgrade.AbstractLayoutVersionManager (AbstractLayoutVersionManager.java:init(70)) - Initializing Layout version manager with metadata layout = SCM_HA (version = 2), software layout = SCM_HA (version = 2)
2021-08-17 14:27:56,305 [om1@group-C5BA1605619E-FollowerState] INFO  impl.FollowerState (FollowerState.java:run(134)) - om1@group-C5BA1605619E-FollowerState: change to CANDIDATE, lastRpcElapsedTime:1166947865ns, electionTimeout:1135ms
2021-08-17 14:27:56,305 [om1@group-C5BA1605619E-FollowerState] INFO  impl.RoleInfo (RoleInfo.java:shutdownFollowerState(108)) - om1: shutdown om1@group-C5BA1605619E-FollowerState
2021-08-17 14:27:56,305 [om1@group-C5BA1605619E-FollowerState] INFO  server.RaftServer$Division (RaftServerImpl.java:setRole(285)) - om1@group-C5BA1605619E: changes role from  FOLLOWER to CANDIDATE at term 0 for changeToCandidate
2021-08-17 14:27:56,305 [om1@group-C5BA1605619E-FollowerState] INFO  server.RaftServerConfigKeys (ConfUtils.java:logGet(44)) - raft.server.leaderelection.pre-vote = false (custom)
2021-08-17 14:27:56,305 [om1@group-C5BA1605619E-FollowerState] INFO  impl.RoleInfo (RoleInfo.java:updateAndGet(130)) - om1: start om1@group-C5BA1605619E-LeaderElection31
2021-08-17 14:27:56,360 [om1@group-C5BA1605619E-LeaderElection31] INFO  impl.LeaderElection (LeaderElection.java:askForVotes(306)) - om1@group-C5BA1605619E-LeaderElection31 ELECTION round 0: submit vote requests at term 1 for -1: [om1|rpc:localhost:9872|priority:0], old=null
2021-08-17 14:27:56,360 [om1@group-C5BA1605619E-LeaderElection31] INFO  impl.LeaderElection (LeaderElection.java:askForVotes(308)) - om1@group-C5BA1605619E-LeaderElection31 ELECTION round 0: result PASSED (term=1)
2021-08-17 14:27:56,360 [om1@group-C5BA1605619E-LeaderElection31] INFO  impl.RoleInfo (RoleInfo.java:shutdownLeaderElection(121)) - om1: shutdown om1@group-C5BA1605619E-LeaderElection31
2021-08-17 14:27:56,360 [om1@group-C5BA1605619E-LeaderElection31] INFO  server.RaftServer$Division (RaftServerImpl.java:setRole(285)) - om1@group-C5BA1605619E: changes role from CANDIDATE to LEADER at term 1 for changeToLeader
2021-08-17 14:27:56,360 [om1@group-C5BA1605619E-LeaderElection31] INFO  server.RaftServer$Division (ServerState.java:setLeader(285)) - om1@group-C5BA1605619E: change Leader from null to om1 at term 1 for becomeLeader, leader elected after 1433ms
2021-08-17 14:27:56,360 [om1@group-C5BA1605619E-LeaderElection31] INFO  server.RaftServerConfigKeys (ConfUtils.java:logGet(44)) - raft.server.staging.catchup.gap = 1000 (default)
2021-08-17 14:27:56,360 [om1@group-C5BA1605619E-LeaderElection31] INFO  server.RaftServerConfigKeys (ConfUtils.java:logGet(44)) - raft.server.write.element-limit = 4096 (default)
2021-08-17 14:27:56,360 [om1@group-C5BA1605619E-LeaderElection31] INFO  server.RaftServerConfigKeys (ConfUtils.java:logGet(44)) - raft.server.write.byte-limit = 64MB (=67108864) (default)
2021-08-17 14:27:56,361 [om1@group-C5BA1605619E-LeaderElection31] INFO  server.RaftServerConfigKeys (ConfUtils.java:logGet(44)) - raft.server.watch.timeout = 10s (default)
2021-08-17 14:27:56,361 [om1@group-C5BA1605619E-LeaderElection31] INFO  server.RaftServerConfigKeys (ConfUtils.java:logGet(44)) - raft.server.watch.timeout.denomination = 1s (default)
2021-08-17 14:27:56,361 [om1@group-C5BA1605619E-LeaderElection31] INFO  server.RaftServerConfigKeys (ConfUtils.java:logGet(44)) - raft.server.watch.element-limit = 65536 (default)
2021-08-17 14:27:56,361 [om1@group-C5BA1605619E-LeaderElection31] INFO  impl.RoleInfo (RoleInfo.java:updateAndGet(130)) - om1: start om1@group-C5BA1605619E-LeaderStateImpl
2021-08-17 14:27:56,361 [om1@group-C5BA1605619E-LeaderElection31] INFO  segmented.SegmentedRaftLogWorker (SegmentedRaftLogWorker.java:startLogSegment(394)) - om1@group-C5BA1605619E-SegmentedRaftLogWorker: Starting segment from index:0
2021-08-17 14:27:56,373 [om1@group-C5BA1605619E-SegmentedRaftLogWorker] INFO  segmented.SegmentedRaftLogWorker (SegmentedRaftLogWorker.java:execute(601)) - om1@group-C5BA1605619E-SegmentedRaftLogWorker: created new log segment /home/runner/work/ozone/ozone/hadoop-ozone/integration-test/target/test-dir/MiniOzoneClusterImpl-1e0b2984-d7f4-44f4-99c9-a2b226c9d9b8/ozone-meta/ratis/bf265839-605b-3f16-9796-c5ba1605619e/current/log_inprogress_0
2021-08-17 14:27:56,387 [om1@group-C5BA1605619E-LeaderElection31] INFO  server.RaftServer$Division (ServerState.java:setRaftConf(387)) - om1@group-C5BA1605619E: set configuration 0: [om1|rpc:localhost:9872|admin:|client:|dataStream:|priority:0], old=null
2021-08-17 14:27:56,402 [om1@group-C5BA1605619E-StateMachineUpdater] INFO  ratis.OzoneManagerStateMachine (OzoneManagerStateMachine.java:notifyConfigurationChanged(188)) - Received Configuration change notification from Ratis. New Peer list:
[id: "om1"
address: "localhost:9872"
]
2021-08-17 14:27:56,443 [Listener at 127.0.0.1/39353] INFO  reflections.Reflections (Reflections.java:scan(232)) - Reflections took 184 ms to scan 7 urls, producing 120 keys and 275 values 
2021-08-17 14:27:56,451 [Listener at 127.0.0.1/39353] INFO  volume.HddsVolume (HddsVolume.java:<init>(120)) - Creating HddsVolume: /home/runner/work/ozone/ozone/hadoop-ozone/integration-test/target/test-dir/MiniOzoneClusterImpl-1e0b2984-d7f4-44f4-99c9-a2b226c9d9b8/datanode-1/data-0/containers/hdds of storage type : DISK capacity : 9223372036854775807
2021-08-17 14:27:56,452 [Listener at 127.0.0.1/39353] INFO  volume.MutableVolumeSet (MutableVolumeSet.java:initializeVolumeSet(181)) - Added Volume : /home/runner/work/ozone/ozone/hadoop-ozone/integration-test/target/test-dir/MiniOzoneClusterImpl-1e0b2984-d7f4-44f4-99c9-a2b226c9d9b8/datanode-1/data-0/containers/hdds to VolumeSet
2021-08-17 14:27:56,452 [Listener at 127.0.0.1/39353] INFO  volume.ThrottledAsyncChecker (ThrottledAsyncChecker.java:schedule(141)) - Scheduling a check for /home/runner/work/ozone/ozone/hadoop-ozone/integration-test/target/test-dir/MiniOzoneClusterImpl-1e0b2984-d7f4-44f4-99c9-a2b226c9d9b8/datanode-1/data-0/containers/hdds
2021-08-17 14:27:56,452 [Listener at 127.0.0.1/39353] INFO  volume.StorageVolumeChecker (StorageVolumeChecker.java:checkAllVolumes(202)) - Scheduled health check for volume /home/runner/work/ozone/ozone/hadoop-ozone/integration-test/target/test-dir/MiniOzoneClusterImpl-1e0b2984-d7f4-44f4-99c9-a2b226c9d9b8/datanode-1/data-0/containers/hdds
2021-08-17 14:27:56,473 [Listener at 127.0.0.1/39353] INFO  volume.MutableVolumeSet (MutableVolumeSet.java:initializeVolumeSet(181)) - Added Volume : /home/runner/work/ozone/ozone/hadoop-ozone/integration-test/target/test-dir/MiniOzoneClusterImpl-1e0b2984-d7f4-44f4-99c9-a2b226c9d9b8/datanode-1/data/ratis to VolumeSet
2021-08-17 14:27:56,474 [Listener at 127.0.0.1/39353] INFO  volume.ThrottledAsyncChecker (ThrottledAsyncChecker.java:schedule(141)) - Scheduling a check for /home/runner/work/ozone/ozone/hadoop-ozone/integration-test/target/test-dir/MiniOzoneClusterImpl-1e0b2984-d7f4-44f4-99c9-a2b226c9d9b8/datanode-1/data/ratis
2021-08-17 14:27:56,474 [Listener at 127.0.0.1/39353] INFO  volume.StorageVolumeChecker (StorageVolumeChecker.java:checkAllVolumes(202)) - Scheduled health check for volume /home/runner/work/ozone/ozone/hadoop-ozone/integration-test/target/test-dir/MiniOzoneClusterImpl-1e0b2984-d7f4-44f4-99c9-a2b226c9d9b8/datanode-1/data/ratis
2021-08-17 14:27:56,526 [Listener at 127.0.0.1/39353] INFO  ozoneimpl.ContainerReader (ContainerReader.java:<init>(98)) - Running in upgrade mode:true
2021-08-17 14:27:56,529 [Thread-884] INFO  ozoneimpl.ContainerReader (ContainerReader.java:readVolume(142)) - Start to verify containers on volume /home/runner/work/ozone/ozone/hadoop-ozone/integration-test/target/test-dir/MiniOzoneClusterImpl-1e0b2984-d7f4-44f4-99c9-a2b226c9d9b8/datanode-1/data-0/containers/hdds
2021-08-17 14:27:56,530 [Thread-884] INFO  ozoneimpl.ContainerReader (ContainerReader.java:readVolume(174)) - Finish verifying containers on volume /home/runner/work/ozone/ozone/hadoop-ozone/integration-test/target/test-dir/MiniOzoneClusterImpl-1e0b2984-d7f4-44f4-99c9-a2b226c9d9b8/datanode-1/data-0/containers/hdds
2021-08-17 14:27:56,530 [Listener at 127.0.0.1/39353] INFO  ozoneimpl.OzoneContainer (OzoneContainer.java:buildContainerSet(237)) - Build ContainerSet costs 0s
2021-08-17 14:27:56,531 [Listener at 127.0.0.1/39353] INFO  server.RaftServer (ConfUtils.java:logGet(44)) - raft.rpc.type = GRPC (default)
2021-08-17 14:27:56,532 [Listener at 127.0.0.1/39353] INFO  grpc.GrpcFactory (GrpcFactory.java:checkPooledByteBufAllocatorUseCacheForAllThreads(48)) - PERFORMANCE WARNING: useCacheForAllThreads is true that may cause Netty to create a lot garbage objects and, as a result, trigger GC.
	It is recommended to disable useCacheForAllThreads by setting -Dorg.apache.ratis.thirdparty.io.netty.allocator.useCacheForAllThreads=false in command line.
2021-08-17 14:27:56,532 [Listener at 127.0.0.1/39353] INFO  grpc.GrpcConfigKeys (ConfUtils.java:logGet(44)) - raft.grpc.admin.port = 0 (custom)
2021-08-17 14:27:56,532 [Listener at 127.0.0.1/39353] INFO  grpc.GrpcConfigKeys (ConfUtils.java:logGet(44)) - raft.grpc.client.port = 0 (custom)
2021-08-17 14:27:56,532 [Listener at 127.0.0.1/39353] INFO  grpc.GrpcConfigKeys (ConfUtils.java:logGet(44)) - raft.grpc.server.port = 0 (default)
2021-08-17 14:27:56,532 [Listener at 127.0.0.1/39353] INFO  server.GrpcService (ConfUtils.java:logGet(44)) - raft.grpc.message.size.max = 32MB (=33554432) (custom)
2021-08-17 14:27:56,532 [Listener at 127.0.0.1/39353] INFO  server.RaftServerConfigKeys (ConfUtils.java:logGet(44)) - raft.server.log.appender.buffer.byte-limit = 33554432 (custom)
2021-08-17 14:27:56,532 [Listener at 127.0.0.1/39353] INFO  server.GrpcService (ConfUtils.java:logGet(44)) - raft.grpc.flow.control.window = 5MB (=5242880) (custom)
2021-08-17 14:27:56,532 [Listener at 127.0.0.1/39353] INFO  server.RaftServerConfigKeys (ConfUtils.java:logGet(44)) - raft.server.rpc.request.timeout = 60s (custom)
2021-08-17 14:27:56,533 [Listener at 127.0.0.1/39353] INFO  impl.DataStreamServerImpl (ConfUtils.java:logGet(44)) - raft.datastream.type = DISABLED (default)
2021-08-17 14:27:56,533 [Listener at 127.0.0.1/39353] INFO  server.RaftServerConfigKeys (ConfUtils.java:logGet(44)) - raft.server.rpc.slowness.timeout = 300s (custom)
2021-08-17 14:27:56,533 [Listener at 127.0.0.1/39353] INFO  server.RaftServerConfigKeys (ConfUtils.java:logGet(44)) - raft.server.leaderelection.leader.step-down.wait-time = 10s (default)
2021-08-17 14:27:56,534 [Listener at 127.0.0.1/39353] INFO  server.RaftServerConfigKeys (ConfUtils.java:logGet(44)) - raft.server.storage.dir = [/home/runner/work/ozone/ozone/hadoop-ozone/integration-test/target/test-dir/MiniOzoneClusterImpl-1e0b2984-d7f4-44f4-99c9-a2b226c9d9b8/datanode-1/data/ratis] (custom)
2021-08-17 14:27:56,543 [Listener at 127.0.0.1/39353] INFO  http.BaseHttpServer (BaseHttpServer.java:newHttpServer2BuilderForOzone(209)) - Starting Web-server for hddsDatanode at: http://0.0.0.0:0
2021-08-17 14:27:56,543 [Listener at 127.0.0.1/39353] INFO  http.BaseHttpServer (BaseHttpServer.java:<init>(107)) - Hadoop Security Enabled: false Ozone Security Enabled: false Ozone HTTP Security Enabled: false 
2021-08-17 14:27:56,544 [Listener at 127.0.0.1/39353] INFO  server.AuthenticationFilter (AuthenticationFilter.java:constructSecretProvider(240)) - Unable to initialize FileSignerSecretProvider, falling back to use random secrets.
2021-08-17 14:27:56,544 [Listener at 127.0.0.1/39353] WARN  http.HttpRequestLog (HttpRequestLog.java:getRequestLog(103)) - Jetty request log can only be enabled using Log4j
2021-08-17 14:27:56,545 [Listener at 127.0.0.1/39353] INFO  http.HttpServer2 (HttpServer2.java:addGlobalFilter(1020)) - Added global filter 'safety' (class=org.apache.hadoop.hdds.server.http.HttpServer2$QuotingInputFilter)
2021-08-17 14:27:56,545 [Listener at 127.0.0.1/39353] INFO  http.HttpServer2 (HttpServer2.java:addFilter(996)) - Added filter static_user_filter (class=org.apache.hadoop.http.lib.StaticUserWebFilter$StaticUserFilter) to context hddsDatanode
2021-08-17 14:27:56,545 [Listener at 127.0.0.1/39353] INFO  http.HttpServer2 (HttpServer2.java:addFilter(1004)) - Added filter static_user_filter (class=org.apache.hadoop.http.lib.StaticUserWebFilter$StaticUserFilter) to context logs
2021-08-17 14:27:56,545 [Listener at 127.0.0.1/39353] INFO  http.HttpServer2 (HttpServer2.java:addFilter(1004)) - Added filter static_user_filter (class=org.apache.hadoop.http.lib.StaticUserWebFilter$StaticUserFilter) to context static
2021-08-17 14:27:56,546 [Listener at 127.0.0.1/39353] INFO  http.HttpServer2 (HttpServer2.java:bindListener(1239)) - Jetty bound to port 43067
2021-08-17 14:27:56,546 [Listener at 127.0.0.1/39353] INFO  server.Server (Server.java:doStart(375)) - jetty-9.4.43.v20210629; built: 2021-06-30T11:07:22.254Z; git: 526006ecfa3af7f1a27ef3a288e2bef7ea9dd7e8; jvm 1.8.0_292-b10
2021-08-17 14:27:56,547 [Listener at 127.0.0.1/39353] INFO  server.session (DefaultSessionIdManager.java:doStart(334)) - DefaultSessionIdManager workerName=node0
2021-08-17 14:27:56,548 [Listener at 127.0.0.1/39353] INFO  server.session (DefaultSessionIdManager.java:doStart(339)) - No SessionScavenger set, using defaults
2021-08-17 14:27:56,548 [Listener at 127.0.0.1/39353] INFO  server.session (HouseKeeper.java:startScavenging(132)) - node0 Scavenging every 660000ms
2021-08-17 14:27:56,549 [Listener at 127.0.0.1/39353] INFO  handler.ContextHandler (ContextHandler.java:doStart(915)) - Started o.e.j.s.ServletContextHandler@103c98b5{logs,/logs,file:///home/runner/work/ozone/ozone/hadoop-ozone/integration-test/target/log,AVAILABLE}
2021-08-17 14:27:56,549 [Listener at 127.0.0.1/39353] INFO  handler.ContextHandler (ContextHandler.java:doStart(915)) - Started o.e.j.s.ServletContextHandler@2a8adcc5{static,/static,jar:file:/home/runner/.m2/repository/org/apache/ozone/hdds-container-service/1.2.0-SNAPSHOT/hdds-container-service-1.2.0-SNAPSHOT.jar!/webapps/static,AVAILABLE}
2021-08-17 14:27:56,675 [Listener at 127.0.0.1/39353] INFO  handler.ContextHandler (ContextHandler.java:doStart(915)) - Started o.e.j.w.WebAppContext@357fdec4{hddsDatanode,/,file:///tmp/jetty-0_0_0_0-43067-hdds-container-service-1_2_0-SNAPSHOT_jar-_-any-6003996073945845024/webapp/,AVAILABLE}{jar:file:/home/runner/.m2/repository/org/apache/ozone/hdds-container-service/1.2.0-SNAPSHOT/hdds-container-service-1.2.0-SNAPSHOT.jar!/webapps/hddsDatanode}
2021-08-17 14:27:56,688 [Listener at 127.0.0.1/39353] INFO  server.AbstractConnector (AbstractConnector.java:doStart(331)) - Started ServerConnector@8e1572a{HTTP/1.1, (http/1.1)}{0.0.0.0:43067}
2021-08-17 14:27:56,688 [Listener at 127.0.0.1/39353] INFO  server.Server (Server.java:doStart(415)) - Started @108458ms
2021-08-17 14:27:56,688 [Listener at 127.0.0.1/39353] WARN  impl.MetricsSystemImpl (MetricsSystemImpl.java:register(279)) - Sink prometheus already exists!
2021-08-17 14:27:56,688 [Listener at 127.0.0.1/39353] INFO  http.BaseHttpServer (BaseHttpServer.java:updateConnectorAddress(329)) - HTTP server of hddsDatanode listening at http://0.0.0.0:43067
2021-08-17 14:27:56,689 [Listener at 127.0.0.1/39353] WARN  impl.MetricRegistriesImpl (MetricRegistriesImpl.java:addReporterRegistration(111)) - New reporters are added after registries were created. Some metrics will be missing from the reporter. Please add reporter before adding any new registry.
2021-08-17 14:27:56,696 [Listener at 127.0.0.1/39353] WARN  impl.MetricRegistriesImpl (MetricRegistriesImpl.java:addReporterRegistration(111)) - New reporters are added after registries were created. Some metrics will be missing from the reporter. Please add reporter before adding any new registry.
2021-08-17 14:27:56,696 [Listener at 127.0.0.1/39353] INFO  impl.MetricsSystemImpl (MetricsSystemImpl.java:init(158)) - HddsDatanode metrics system started (again)
2021-08-17 14:27:56,751 [Listener at 127.0.0.1/39353] INFO  ozone.HddsDatanodeService (HddsDatanodeService.java:start(234)) - HddsDatanodeService host:fv-az12-928.exdb2aeach2ezidoxz41lk3bwg.cx.internal.cloudapp.net ip:10.1.0.66
2021-08-17 14:27:56,810 [org.apache.hadoop.util.JvmPauseMonitor$Monitor@c95616d] INFO  util.JvmPauseMonitor (JvmPauseMonitor.java:run(188)) - Starting JVM pause monitor
2021-08-17 14:27:56,835 [Listener at 127.0.0.1/39353] INFO  upgrade.AbstractLayoutVersionManager (AbstractLayoutVersionManager.java:init(70)) - Initializing Layout version manager with metadata layout = SCM_HA (version = 2), software layout = SCM_HA (version = 2)
2021-08-17 14:27:56,898 [Datanode State Machine Task Thread - 0] INFO  datanode.InitDatanodeState (InitDatanodeState.java:persistContainerDatanodeDetails(145)) - DatanodeDetails is persisted to /home/runner/work/ozone/ozone/hadoop-ozone/integration-test/target/test-dir/MiniOzoneClusterImpl-1e0b2984-d7f4-44f4-99c9-a2b226c9d9b8/datanode-1/meta/datanode.id
2021-08-17 14:27:57,024 [Listener at 127.0.0.1/39353] INFO  reflections.Reflections (Reflections.java:scan(232)) - Reflections took 181 ms to scan 7 urls, producing 120 keys and 275 values 
2021-08-17 14:27:57,053 [Listener at 127.0.0.1/39353] INFO  volume.HddsVolume (HddsVolume.java:<init>(120)) - Creating HddsVolume: /home/runner/work/ozone/ozone/hadoop-ozone/integration-test/target/test-dir/MiniOzoneClusterImpl-1e0b2984-d7f4-44f4-99c9-a2b226c9d9b8/datanode-2/data-0/containers/hdds of storage type : DISK capacity : 9223372036854775807
2021-08-17 14:27:57,072 [Listener at 127.0.0.1/39353] INFO  volume.MutableVolumeSet (MutableVolumeSet.java:initializeVolumeSet(181)) - Added Volume : /home/runner/work/ozone/ozone/hadoop-ozone/integration-test/target/test-dir/MiniOzoneClusterImpl-1e0b2984-d7f4-44f4-99c9-a2b226c9d9b8/datanode-2/data-0/containers/hdds to VolumeSet
2021-08-17 14:27:57,072 [Listener at 127.0.0.1/39353] INFO  volume.ThrottledAsyncChecker (ThrottledAsyncChecker.java:schedule(141)) - Scheduling a check for /home/runner/work/ozone/ozone/hadoop-ozone/integration-test/target/test-dir/MiniOzoneClusterImpl-1e0b2984-d7f4-44f4-99c9-a2b226c9d9b8/datanode-2/data-0/containers/hdds
2021-08-17 14:27:57,086 [Listener at 127.0.0.1/39353] INFO  volume.StorageVolumeChecker (StorageVolumeChecker.java:checkAllVolumes(202)) - Scheduled health check for volume /home/runner/work/ozone/ozone/hadoop-ozone/integration-test/target/test-dir/MiniOzoneClusterImpl-1e0b2984-d7f4-44f4-99c9-a2b226c9d9b8/datanode-2/data-0/containers/hdds
2021-08-17 14:27:57,135 [Listener at 127.0.0.1/39353] INFO  volume.MutableVolumeSet (MutableVolumeSet.java:initializeVolumeSet(181)) - Added Volume : /home/runner/work/ozone/ozone/hadoop-ozone/integration-test/target/test-dir/MiniOzoneClusterImpl-1e0b2984-d7f4-44f4-99c9-a2b226c9d9b8/datanode-2/data/ratis to VolumeSet
2021-08-17 14:27:57,136 [Listener at 127.0.0.1/39353] INFO  volume.ThrottledAsyncChecker (ThrottledAsyncChecker.java:schedule(141)) - Scheduling a check for /home/runner/work/ozone/ozone/hadoop-ozone/integration-test/target/test-dir/MiniOzoneClusterImpl-1e0b2984-d7f4-44f4-99c9-a2b226c9d9b8/datanode-2/data/ratis
2021-08-17 14:27:57,136 [Listener at 127.0.0.1/39353] INFO  volume.StorageVolumeChecker (StorageVolumeChecker.java:checkAllVolumes(202)) - Scheduled health check for volume /home/runner/work/ozone/ozone/hadoop-ozone/integration-test/target/test-dir/MiniOzoneClusterImpl-1e0b2984-d7f4-44f4-99c9-a2b226c9d9b8/datanode-2/data/ratis
2021-08-17 14:27:57,181 [Listener at 127.0.0.1/39353] INFO  ozoneimpl.ContainerReader (ContainerReader.java:<init>(98)) - Running in upgrade mode:true
2021-08-17 14:27:57,182 [Thread-896] INFO  ozoneimpl.ContainerReader (ContainerReader.java:readVolume(142)) - Start to verify containers on volume /home/runner/work/ozone/ozone/hadoop-ozone/integration-test/target/test-dir/MiniOzoneClusterImpl-1e0b2984-d7f4-44f4-99c9-a2b226c9d9b8/datanode-2/data-0/containers/hdds
2021-08-17 14:27:57,182 [Thread-896] INFO  ozoneimpl.ContainerReader (ContainerReader.java:readVolume(174)) - Finish verifying containers on volume /home/runner/work/ozone/ozone/hadoop-ozone/integration-test/target/test-dir/MiniOzoneClusterImpl-1e0b2984-d7f4-44f4-99c9-a2b226c9d9b8/datanode-2/data-0/containers/hdds
2021-08-17 14:27:57,182 [Listener at 127.0.0.1/39353] INFO  ozoneimpl.OzoneContainer (OzoneContainer.java:buildContainerSet(237)) - Build ContainerSet costs 0s
2021-08-17 14:27:57,184 [Listener at 127.0.0.1/39353] INFO  server.RaftServer (ConfUtils.java:logGet(44)) - raft.rpc.type = GRPC (default)
2021-08-17 14:27:57,184 [Listener at 127.0.0.1/39353] INFO  grpc.GrpcFactory (GrpcFactory.java:checkPooledByteBufAllocatorUseCacheForAllThreads(48)) - PERFORMANCE WARNING: useCacheForAllThreads is true that may cause Netty to create a lot garbage objects and, as a result, trigger GC.
	It is recommended to disable useCacheForAllThreads by setting -Dorg.apache.ratis.thirdparty.io.netty.allocator.useCacheForAllThreads=false in command line.
2021-08-17 14:27:57,184 [Listener at 127.0.0.1/39353] INFO  grpc.GrpcConfigKeys (ConfUtils.java:logGet(44)) - raft.grpc.admin.port = 0 (custom)
2021-08-17 14:27:57,184 [Listener at 127.0.0.1/39353] INFO  grpc.GrpcConfigKeys (ConfUtils.java:logGet(44)) - raft.grpc.client.port = 0 (custom)
2021-08-17 14:27:57,184 [Listener at 127.0.0.1/39353] INFO  grpc.GrpcConfigKeys (ConfUtils.java:logGet(44)) - raft.grpc.server.port = 0 (default)
2021-08-17 14:27:57,184 [Listener at 127.0.0.1/39353] INFO  server.GrpcService (ConfUtils.java:logGet(44)) - raft.grpc.message.size.max = 32MB (=33554432) (custom)
2021-08-17 14:27:57,184 [Listener at 127.0.0.1/39353] INFO  server.RaftServerConfigKeys (ConfUtils.java:logGet(44)) - raft.server.log.appender.buffer.byte-limit = 33554432 (custom)
2021-08-17 14:27:57,184 [Listener at 127.0.0.1/39353] INFO  server.GrpcService (ConfUtils.java:logGet(44)) - raft.grpc.flow.control.window = 5MB (=5242880) (custom)
2021-08-17 14:27:57,185 [Listener at 127.0.0.1/39353] INFO  server.RaftServerConfigKeys (ConfUtils.java:logGet(44)) - raft.server.rpc.request.timeout = 60s (custom)
2021-08-17 14:27:57,215 [Listener at 127.0.0.1/39353] INFO  impl.DataStreamServerImpl (ConfUtils.java:logGet(44)) - raft.datastream.type = DISABLED (default)
2021-08-17 14:27:57,215 [Listener at 127.0.0.1/39353] INFO  server.RaftServerConfigKeys (ConfUtils.java:logGet(44)) - raft.server.rpc.slowness.timeout = 300s (custom)
2021-08-17 14:27:57,221 [Listener at 127.0.0.1/39353] INFO  server.RaftServerConfigKeys (ConfUtils.java:logGet(44)) - raft.server.leaderelection.leader.step-down.wait-time = 10s (default)
2021-08-17 14:27:57,222 [Listener at 127.0.0.1/39353] INFO  server.RaftServerConfigKeys (ConfUtils.java:logGet(44)) - raft.server.storage.dir = [/home/runner/work/ozone/ozone/hadoop-ozone/integration-test/target/test-dir/MiniOzoneClusterImpl-1e0b2984-d7f4-44f4-99c9-a2b226c9d9b8/datanode-2/data/ratis] (custom)
2021-08-17 14:27:57,238 [Listener at 127.0.0.1/39353] INFO  http.BaseHttpServer (BaseHttpServer.java:newHttpServer2BuilderForOzone(209)) - Starting Web-server for hddsDatanode at: http://0.0.0.0:0
2021-08-17 14:27:57,238 [Listener at 127.0.0.1/39353] INFO  http.BaseHttpServer (BaseHttpServer.java:<init>(107)) - Hadoop Security Enabled: false Ozone Security Enabled: false Ozone HTTP Security Enabled: false 
2021-08-17 14:27:57,239 [Listener at 127.0.0.1/39353] INFO  server.AuthenticationFilter (AuthenticationFilter.java:constructSecretProvider(240)) - Unable to initialize FileSignerSecretProvider, falling back to use random secrets.
2021-08-17 14:27:57,245 [Listener at 127.0.0.1/39353] WARN  http.HttpRequestLog (HttpRequestLog.java:getRequestLog(103)) - Jetty request log can only be enabled using Log4j
2021-08-17 14:27:57,245 [Listener at 127.0.0.1/39353] INFO  http.HttpServer2 (HttpServer2.java:addGlobalFilter(1020)) - Added global filter 'safety' (class=org.apache.hadoop.hdds.server.http.HttpServer2$QuotingInputFilter)
2021-08-17 14:27:57,246 [Listener at 127.0.0.1/39353] INFO  http.HttpServer2 (HttpServer2.java:addFilter(996)) - Added filter static_user_filter (class=org.apache.hadoop.http.lib.StaticUserWebFilter$StaticUserFilter) to context hddsDatanode
2021-08-17 14:27:57,250 [Listener at 127.0.0.1/39353] INFO  http.HttpServer2 (HttpServer2.java:addFilter(1004)) - Added filter static_user_filter (class=org.apache.hadoop.http.lib.StaticUserWebFilter$StaticUserFilter) to context logs
2021-08-17 14:27:57,250 [Listener at 127.0.0.1/39353] INFO  http.HttpServer2 (HttpServer2.java:addFilter(1004)) - Added filter static_user_filter (class=org.apache.hadoop.http.lib.StaticUserWebFilter$StaticUserFilter) to context static
2021-08-17 14:27:57,250 [Listener at 127.0.0.1/39353] INFO  http.HttpServer2 (HttpServer2.java:bindListener(1239)) - Jetty bound to port 45079
2021-08-17 14:27:57,253 [Listener at 127.0.0.1/39353] INFO  server.Server (Server.java:doStart(375)) - jetty-9.4.43.v20210629; built: 2021-06-30T11:07:22.254Z; git: 526006ecfa3af7f1a27ef3a288e2bef7ea9dd7e8; jvm 1.8.0_292-b10
2021-08-17 14:27:57,266 [Listener at 127.0.0.1/39353] INFO  server.session (DefaultSessionIdManager.java:doStart(334)) - DefaultSessionIdManager workerName=node0
2021-08-17 14:27:57,266 [Listener at 127.0.0.1/39353] INFO  server.session (DefaultSessionIdManager.java:doStart(339)) - No SessionScavenger set, using defaults
2021-08-17 14:27:57,267 [Listener at 127.0.0.1/39353] INFO  server.session (HouseKeeper.java:startScavenging(132)) - node0 Scavenging every 660000ms
2021-08-17 14:27:57,267 [Listener at 127.0.0.1/39353] INFO  handler.ContextHandler (ContextHandler.java:doStart(915)) - Started o.e.j.s.ServletContextHandler@594993ad{logs,/logs,file:///home/runner/work/ozone/ozone/hadoop-ozone/integration-test/target/log,AVAILABLE}
2021-08-17 14:27:57,267 [Listener at 127.0.0.1/39353] INFO  handler.ContextHandler (ContextHandler.java:doStart(915)) - Started o.e.j.s.ServletContextHandler@7ffceae9{static,/static,jar:file:/home/runner/.m2/repository/org/apache/ozone/hdds-container-service/1.2.0-SNAPSHOT/hdds-container-service-1.2.0-SNAPSHOT.jar!/webapps/static,AVAILABLE}
2021-08-17 14:27:57,405 [Listener at 127.0.0.1/39353] INFO  handler.ContextHandler (ContextHandler.java:doStart(915)) - Started o.e.j.w.WebAppContext@4f6a165d{hddsDatanode,/,file:///tmp/jetty-0_0_0_0-45079-hdds-container-service-1_2_0-SNAPSHOT_jar-_-any-7267288063432448710/webapp/,AVAILABLE}{jar:file:/home/runner/.m2/repository/org/apache/ozone/hdds-container-service/1.2.0-SNAPSHOT/hdds-container-service-1.2.0-SNAPSHOT.jar!/webapps/hddsDatanode}
2021-08-17 14:27:57,441 [Listener at 127.0.0.1/39353] INFO  server.AbstractConnector (AbstractConnector.java:doStart(331)) - Started ServerConnector@7b0bb181{HTTP/1.1, (http/1.1)}{0.0.0.0:45079}
2021-08-17 14:27:57,442 [Listener at 127.0.0.1/39353] INFO  server.Server (Server.java:doStart(415)) - Started @109212ms
2021-08-17 14:27:57,442 [Listener at 127.0.0.1/39353] WARN  impl.MetricsSystemImpl (MetricsSystemImpl.java:register(279)) - Sink prometheus already exists!
2021-08-17 14:27:57,445 [Listener at 127.0.0.1/39353] INFO  http.BaseHttpServer (BaseHttpServer.java:updateConnectorAddress(329)) - HTTP server of hddsDatanode listening at http://0.0.0.0:45079
2021-08-17 14:27:57,447 [Listener at 127.0.0.1/39353] INFO  ozone.MiniOzoneClusterImpl (MiniOzoneClusterImpl.java:lambda$waitForClusterToBeReady$0(235)) - Waiting for nodes to be ready. Got 0 of 3 DN Heartbeats.
2021-08-17 14:27:57,447 [Listener at 127.0.0.1/39353] INFO  ozone.MiniOzoneClusterImpl (MiniOzoneClusterImpl.java:lambda$waitForClusterToBeReady$0(238)) - Waiting for cluster to exit safe mode
2021-08-17 14:27:57,447 [Listener at 127.0.0.1/39353] INFO  ozone.MiniOzoneClusterImpl (MiniOzoneClusterImpl.java:lambda$waitForClusterToBeReady$0(240)) - SCM became leader
2021-08-17 14:27:57,478 [org.apache.hadoop.util.JvmPauseMonitor$Monitor@799305ae] INFO  util.JvmPauseMonitor (JvmPauseMonitor.java:run(188)) - Starting JVM pause monitor
2021-08-17 14:27:57,487 [Datanode State Machine Task Thread - 0] INFO  datanode.InitDatanodeState (InitDatanodeState.java:persistContainerDatanodeDetails(145)) - DatanodeDetails is persisted to /home/runner/work/ozone/ozone/hadoop-ozone/integration-test/target/test-dir/MiniOzoneClusterImpl-1e0b2984-d7f4-44f4-99c9-a2b226c9d9b8/datanode-2/meta/datanode.id
2021-08-17 14:27:58,181 [EndpointStateMachine task thread for /0.0.0.0:39907 - 0 ] INFO  ozoneimpl.OzoneContainer (OzoneContainer.java:start(305)) - Attempting to start container services.
2021-08-17 14:27:58,181 [EndpointStateMachine task thread for /0.0.0.0:39907 - 0 ] INFO  ozoneimpl.OzoneContainer (OzoneContainer.java:startContainerScrub(250)) - Background container scanner has been disabled.
2021-08-17 14:27:58,182 [EndpointStateMachine task thread for /0.0.0.0:39907 - 0 ] INFO  replication.ReplicationServer (ReplicationServer.java:start(106)) - ReplicationServer is started using port 34211
2021-08-17 14:27:58,182 [EndpointStateMachine task thread for /0.0.0.0:39907 - 0 ] INFO  ratis.XceiverServerRatis (XceiverServerRatis.java:start(482)) - Starting XceiverServerRatis 80e255e6-dcb1-4af9-8688-54f332b6f6ae
2021-08-17 14:27:58,183 [EndpointStateMachine task thread for /0.0.0.0:39907 - 0 ] INFO  server.RaftServer (RaftServerProxy.java:lambda$start$5(374)) - 80e255e6-dcb1-4af9-8688-54f332b6f6ae: start RPC server
2021-08-17 14:27:58,189 [EndpointStateMachine task thread for /0.0.0.0:39907 - 0 ] INFO  server.GrpcService (GrpcService.java:startImpl(253)) - 80e255e6-dcb1-4af9-8688-54f332b6f6ae: GrpcService started, listening on 46789
2021-08-17 14:27:58,193 [EndpointStateMachine task thread for /0.0.0.0:39907 - 0 ] INFO  ratis.XceiverServerRatis (XceiverServerRatis.java:getRealPort(503)) - XceiverServerRatis 80e255e6-dcb1-4af9-8688-54f332b6f6ae is started using port 46789 for RATIS
2021-08-17 14:27:58,193 [EndpointStateMachine task thread for /0.0.0.0:39907 - 0 ] INFO  ratis.XceiverServerRatis (XceiverServerRatis.java:getRealPort(503)) - XceiverServerRatis 80e255e6-dcb1-4af9-8688-54f332b6f6ae is started using port 46789 for RATIS_ADMIN
2021-08-17 14:27:58,193 [EndpointStateMachine task thread for /0.0.0.0:39907 - 0 ] INFO  ratis.XceiverServerRatis (XceiverServerRatis.java:getRealPort(503)) - XceiverServerRatis 80e255e6-dcb1-4af9-8688-54f332b6f6ae is started using port 46789 for RATIS_SERVER
2021-08-17 14:27:58,195 [EndpointStateMachine task thread for /0.0.0.0:39907 - 0 ] INFO  server.XceiverServerGrpc (XceiverServerGrpc.java:start(135)) - XceiverServerGrpc 80e255e6-dcb1-4af9-8688-54f332b6f6ae is started using port 34705
2021-08-17 14:27:58,234 [org.apache.ratis.util.JvmPauseMonitor$$Lambda$531/236082732@72317cd] INFO  util.JvmPauseMonitor (JvmPauseMonitor.java:run(103)) - JvmPauseMonitor-80e255e6-dcb1-4af9-8688-54f332b6f6ae: Started
2021-08-17 14:27:58,448 [Listener at 127.0.0.1/39353] INFO  ozone.MiniOzoneClusterImpl (MiniOzoneClusterImpl.java:lambda$waitForClusterToBeReady$0(235)) - Waiting for nodes to be ready. Got 0 of 3 DN Heartbeats.
2021-08-17 14:27:58,448 [Listener at 127.0.0.1/39353] INFO  ozone.MiniOzoneClusterImpl (MiniOzoneClusterImpl.java:lambda$waitForClusterToBeReady$0(238)) - Waiting for cluster to exit safe mode
2021-08-17 14:27:58,448 [Listener at 127.0.0.1/39353] INFO  ozone.MiniOzoneClusterImpl (MiniOzoneClusterImpl.java:lambda$waitForClusterToBeReady$0(240)) - SCM became leader
2021-08-17 14:27:58,853 [EndpointStateMachine task thread for /0.0.0.0:39907 - 0 ] INFO  ozoneimpl.OzoneContainer (OzoneContainer.java:start(305)) - Attempting to start container services.
2021-08-17 14:27:58,853 [EndpointStateMachine task thread for /0.0.0.0:39907 - 0 ] INFO  ozoneimpl.OzoneContainer (OzoneContainer.java:startContainerScrub(250)) - Background container scanner has been disabled.
2021-08-17 14:27:58,857 [EndpointStateMachine task thread for /0.0.0.0:39907 - 0 ] INFO  replication.ReplicationServer (ReplicationServer.java:start(106)) - ReplicationServer is started using port 37585
2021-08-17 14:27:58,858 [EndpointStateMachine task thread for /0.0.0.0:39907 - 0 ] INFO  ratis.XceiverServerRatis (XceiverServerRatis.java:start(482)) - Starting XceiverServerRatis b1936a85-842c-4bb9-b894-6bc821990487
2021-08-17 14:27:58,870 [EndpointStateMachine task thread for /0.0.0.0:39907 - 0 ] INFO  server.RaftServer (RaftServerProxy.java:lambda$start$5(374)) - b1936a85-842c-4bb9-b894-6bc821990487: start RPC server
2021-08-17 14:27:58,882 [EndpointStateMachine task thread for /0.0.0.0:39907 - 0 ] INFO  server.GrpcService (GrpcService.java:startImpl(253)) - b1936a85-842c-4bb9-b894-6bc821990487: GrpcService started, listening on 46035
2021-08-17 14:27:58,889 [EndpointStateMachine task thread for /0.0.0.0:39907 - 0 ] INFO  ratis.XceiverServerRatis (XceiverServerRatis.java:getRealPort(503)) - XceiverServerRatis b1936a85-842c-4bb9-b894-6bc821990487 is started using port 46035 for RATIS
2021-08-17 14:27:58,889 [EndpointStateMachine task thread for /0.0.0.0:39907 - 0 ] INFO  ratis.XceiverServerRatis (XceiverServerRatis.java:getRealPort(503)) - XceiverServerRatis b1936a85-842c-4bb9-b894-6bc821990487 is started using port 46035 for RATIS_ADMIN
2021-08-17 14:27:58,890 [EndpointStateMachine task thread for /0.0.0.0:39907 - 0 ] INFO  ratis.XceiverServerRatis (XceiverServerRatis.java:getRealPort(503)) - XceiverServerRatis b1936a85-842c-4bb9-b894-6bc821990487 is started using port 46035 for RATIS_SERVER
2021-08-17 14:27:58,890 [EndpointStateMachine task thread for /0.0.0.0:39907 - 0 ] INFO  server.XceiverServerGrpc (XceiverServerGrpc.java:start(135)) - XceiverServerGrpc b1936a85-842c-4bb9-b894-6bc821990487 is started using port 45945
2021-08-17 14:27:58,916 [org.apache.ratis.util.JvmPauseMonitor$$Lambda$531/236082732@50816a16] INFO  util.JvmPauseMonitor (JvmPauseMonitor.java:run(103)) - JvmPauseMonitor-b1936a85-842c-4bb9-b894-6bc821990487: Started
2021-08-17 14:27:59,448 [Listener at 127.0.0.1/39353] INFO  ozone.MiniOzoneClusterImpl (MiniOzoneClusterImpl.java:lambda$waitForClusterToBeReady$0(235)) - Waiting for nodes to be ready. Got 0 of 3 DN Heartbeats.
2021-08-17 14:27:59,448 [Listener at 127.0.0.1/39353] INFO  ozone.MiniOzoneClusterImpl (MiniOzoneClusterImpl.java:lambda$waitForClusterToBeReady$0(238)) - Waiting for cluster to exit safe mode
2021-08-17 14:27:59,448 [Listener at 127.0.0.1/39353] INFO  ozone.MiniOzoneClusterImpl (MiniOzoneClusterImpl.java:lambda$waitForClusterToBeReady$0(240)) - SCM became leader
2021-08-17 14:27:59,510 [EndpointStateMachine task thread for /0.0.0.0:39907 - 0 ] INFO  ozoneimpl.OzoneContainer (OzoneContainer.java:start(305)) - Attempting to start container services.
2021-08-17 14:27:59,510 [EndpointStateMachine task thread for /0.0.0.0:39907 - 0 ] INFO  ozoneimpl.OzoneContainer (OzoneContainer.java:startContainerScrub(250)) - Background container scanner has been disabled.
2021-08-17 14:27:59,512 [EndpointStateMachine task thread for /0.0.0.0:39907 - 0 ] INFO  replication.ReplicationServer (ReplicationServer.java:start(106)) - ReplicationServer is started using port 42363
2021-08-17 14:27:59,513 [EndpointStateMachine task thread for /0.0.0.0:39907 - 0 ] INFO  ratis.XceiverServerRatis (XceiverServerRatis.java:start(482)) - Starting XceiverServerRatis c43ab16b-06c7-400f-92a3-3c5c2029723f
2021-08-17 14:27:59,540 [EndpointStateMachine task thread for /0.0.0.0:39907 - 0 ] INFO  server.RaftServer (RaftServerProxy.java:lambda$start$5(374)) - c43ab16b-06c7-400f-92a3-3c5c2029723f: start RPC server
2021-08-17 14:27:59,550 [EndpointStateMachine task thread for /0.0.0.0:39907 - 0 ] INFO  server.GrpcService (GrpcService.java:startImpl(253)) - c43ab16b-06c7-400f-92a3-3c5c2029723f: GrpcService started, listening on 41045
2021-08-17 14:27:59,560 [EndpointStateMachine task thread for /0.0.0.0:39907 - 0 ] INFO  ratis.XceiverServerRatis (XceiverServerRatis.java:getRealPort(503)) - XceiverServerRatis c43ab16b-06c7-400f-92a3-3c5c2029723f is started using port 41045 for RATIS
2021-08-17 14:27:59,560 [EndpointStateMachine task thread for /0.0.0.0:39907 - 0 ] INFO  ratis.XceiverServerRatis (XceiverServerRatis.java:getRealPort(503)) - XceiverServerRatis c43ab16b-06c7-400f-92a3-3c5c2029723f is started using port 41045 for RATIS_ADMIN
2021-08-17 14:27:59,560 [EndpointStateMachine task thread for /0.0.0.0:39907 - 0 ] INFO  ratis.XceiverServerRatis (XceiverServerRatis.java:getRealPort(503)) - XceiverServerRatis c43ab16b-06c7-400f-92a3-3c5c2029723f is started using port 41045 for RATIS_SERVER
2021-08-17 14:27:59,560 [EndpointStateMachine task thread for /0.0.0.0:39907 - 0 ] INFO  server.XceiverServerGrpc (XceiverServerGrpc.java:start(135)) - XceiverServerGrpc c43ab16b-06c7-400f-92a3-3c5c2029723f is started using port 34717
2021-08-17 14:27:59,577 [org.apache.ratis.util.JvmPauseMonitor$$Lambda$531/236082732@5896b4d6] INFO  util.JvmPauseMonitor (JvmPauseMonitor.java:run(103)) - JvmPauseMonitor-c43ab16b-06c7-400f-92a3-3c5c2029723f: Started
2021-08-17 14:28:00,170 [IPC Server handler 0 on default port 39907] INFO  net.NetworkTopologyImpl (NetworkTopologyImpl.java:add(112)) - Added a new node: /default-rack/80e255e6-dcb1-4af9-8688-54f332b6f6ae
2021-08-17 14:28:00,171 [IPC Server handler 0 on default port 39907] INFO  node.SCMNodeManager (SCMNodeManager.java:register(390)) - Registered Data node : 80e255e6-dcb1-4af9-8688-54f332b6f6ae{ip: 10.1.0.66, host: fv-az12-928.exdb2aeach2ezidoxz41lk3bwg.cx.internal.cloudapp.net, ports: [REPLICATION=34211, RATIS=46789, RATIS_ADMIN=46789, RATIS_SERVER=46789, STANDALONE=34705], networkLocation: /default-rack, certSerialId: null, persistedOpState: null, persistedOpStateExpiryEpochSec: 0}
2021-08-17 14:28:00,172 [EventQueue-NodeRegistrationContainerReportForContainerSafeModeRule] INFO  safemode.SCMSafeModeManager (SCMSafeModeManager.java:validateSafeModeExitRules(204)) - ContainerSafeModeRule rule is successfully validated
2021-08-17 14:28:00,173 [EventQueue-NodeRegistrationContainerReportForDataNodeSafeModeRule] INFO  safemode.SCMSafeModeManager (DataNodeSafeModeRule.java:process(71)) - SCM in safe mode. 1 DataNodes registered, 3 required.
2021-08-17 14:28:00,190 [EventQueue-NewNodeForNewNodeHandler] INFO  pipeline.BackgroundPipelineCreator (BackgroundPipelineCreatorV2.java:notifyEventTriggered(285)) - trigger a one-shot run on RatisPipelineUtilsThread.
2021-08-17 14:28:00,197 [EventQueue-PipelineReportForOneReplicaPipelineSafeModeRule] INFO  safemode.SCMSafeModeManager (SCMSafeModeManager.java:validateSafeModeExitRules(204)) - AtleastOneDatanodeReportedRule rule is successfully validated
2021-08-17 14:28:00,207 [RatisPipelineUtilsThread - 0] INFO  pipeline.RatisPipelineProvider (RatisPipelineProvider.java:lambda$create$0(183)) - Sending CreatePipelineCommand for pipeline:PipelineID=4b3f5d99-8d32-40d8-b1d3-bda6f581bdb6 to datanode:80e255e6-dcb1-4af9-8688-54f332b6f6ae
2021-08-17 14:28:00,234 [RatisPipelineUtilsThread - 0] INFO  pipeline.PipelineStateManager (PipelineStateManagerV2Impl.java:addPipeline(101)) - Created pipeline Pipeline[ Id: 4b3f5d99-8d32-40d8-b1d3-bda6f581bdb6, Nodes: 80e255e6-dcb1-4af9-8688-54f332b6f6ae{ip: 10.1.0.66, host: fv-az12-928.exdb2aeach2ezidoxz41lk3bwg.cx.internal.cloudapp.net, ports: [REPLICATION=34211, RATIS=46789, RATIS_ADMIN=46789, RATIS_SERVER=46789, STANDALONE=34705], networkLocation: /default-rack, certSerialId: null, persistedOpState: IN_SERVICE, persistedOpStateExpiryEpochSec: 0}, ReplicationConfig: RATIS/ONE, State:ALLOCATED, leaderId:, CreationTimestamp2021-08-17T14:28:00.207Z[Etc/UTC]].
2021-08-17 14:28:00,448 [Listener at 127.0.0.1/39353] INFO  ozone.MiniOzoneClusterImpl (MiniOzoneClusterImpl.java:lambda$waitForClusterToBeReady$0(235)) - Waiting for nodes to be ready. Got 1 of 3 DN Heartbeats.
2021-08-17 14:28:00,449 [Listener at 127.0.0.1/39353] INFO  ozone.MiniOzoneClusterImpl (MiniOzoneClusterImpl.java:lambda$waitForClusterToBeReady$0(238)) - Waiting for cluster to exit safe mode
2021-08-17 14:28:00,449 [Listener at 127.0.0.1/39353] INFO  ozone.MiniOzoneClusterImpl (MiniOzoneClusterImpl.java:lambda$waitForClusterToBeReady$0(240)) - SCM became leader
2021-08-17 14:28:00,811 [IPC Server handler 2 on default port 39907] INFO  net.NetworkTopologyImpl (NetworkTopologyImpl.java:add(112)) - Added a new node: /default-rack/b1936a85-842c-4bb9-b894-6bc821990487
2021-08-17 14:28:00,812 [IPC Server handler 2 on default port 39907] INFO  node.SCMNodeManager (SCMNodeManager.java:register(390)) - Registered Data node : b1936a85-842c-4bb9-b894-6bc821990487{ip: 10.1.0.66, host: fv-az12-928.exdb2aeach2ezidoxz41lk3bwg.cx.internal.cloudapp.net, ports: [REPLICATION=37585, RATIS=46035, RATIS_ADMIN=46035, RATIS_SERVER=46035, STANDALONE=45945], networkLocation: /default-rack, certSerialId: null, persistedOpState: null, persistedOpStateExpiryEpochSec: 0}
2021-08-17 14:28:00,813 [EventQueue-NewNodeForNewNodeHandler] INFO  pipeline.BackgroundPipelineCreator (BackgroundPipelineCreatorV2.java:notifyEventTriggered(285)) - trigger a one-shot run on RatisPipelineUtilsThread.
2021-08-17 14:28:00,813 [EventQueue-NodeRegistrationContainerReportForDataNodeSafeModeRule] INFO  safemode.SCMSafeModeManager (DataNodeSafeModeRule.java:process(71)) - SCM in safe mode. 2 DataNodes registered, 3 required.
2021-08-17 14:28:00,826 [RatisPipelineUtilsThread - 0] INFO  pipeline.RatisPipelineProvider (RatisPipelineProvider.java:lambda$create$0(183)) - Sending CreatePipelineCommand for pipeline:PipelineID=eef80617-d6e3-4b01-8d33-d0b562c6eef0 to datanode:b1936a85-842c-4bb9-b894-6bc821990487
2021-08-17 14:28:00,826 [RatisPipelineUtilsThread - 0] INFO  pipeline.PipelineStateManager (PipelineStateManagerV2Impl.java:addPipeline(101)) - Created pipeline Pipeline[ Id: eef80617-d6e3-4b01-8d33-d0b562c6eef0, Nodes: b1936a85-842c-4bb9-b894-6bc821990487{ip: 10.1.0.66, host: fv-az12-928.exdb2aeach2ezidoxz41lk3bwg.cx.internal.cloudapp.net, ports: [REPLICATION=37585, RATIS=46035, RATIS_ADMIN=46035, RATIS_SERVER=46035, STANDALONE=45945], networkLocation: /default-rack, certSerialId: null, persistedOpState: IN_SERVICE, persistedOpStateExpiryEpochSec: 0}, ReplicationConfig: RATIS/ONE, State:ALLOCATED, leaderId:, CreationTimestamp2021-08-17T14:28:00.826Z[Etc/UTC]].
2021-08-17 14:28:01,449 [Listener at 127.0.0.1/39353] INFO  ozone.MiniOzoneClusterImpl (MiniOzoneClusterImpl.java:lambda$waitForClusterToBeReady$0(235)) - Waiting for nodes to be ready. Got 2 of 3 DN Heartbeats.
2021-08-17 14:28:01,449 [Listener at 127.0.0.1/39353] INFO  ozone.MiniOzoneClusterImpl (MiniOzoneClusterImpl.java:lambda$waitForClusterToBeReady$0(238)) - Waiting for cluster to exit safe mode
2021-08-17 14:28:01,449 [Listener at 127.0.0.1/39353] INFO  ozone.MiniOzoneClusterImpl (MiniOzoneClusterImpl.java:lambda$waitForClusterToBeReady$0(240)) - SCM became leader
2021-08-17 14:28:01,480 [IPC Server handler 1 on default port 39907] INFO  net.NetworkTopologyImpl (NetworkTopologyImpl.java:add(112)) - Added a new node: /default-rack/c43ab16b-06c7-400f-92a3-3c5c2029723f
2021-08-17 14:28:01,481 [IPC Server handler 1 on default port 39907] INFO  node.SCMNodeManager (SCMNodeManager.java:register(390)) - Registered Data node : c43ab16b-06c7-400f-92a3-3c5c2029723f{ip: 10.1.0.66, host: fv-az12-928.exdb2aeach2ezidoxz41lk3bwg.cx.internal.cloudapp.net, ports: [REPLICATION=42363, RATIS=41045, RATIS_ADMIN=41045, RATIS_SERVER=41045, STANDALONE=34717], networkLocation: /default-rack, certSerialId: null, persistedOpState: null, persistedOpStateExpiryEpochSec: 0}
2021-08-17 14:28:01,481 [EventQueue-NewNodeForNewNodeHandler] INFO  pipeline.BackgroundPipelineCreator (BackgroundPipelineCreatorV2.java:notifyEventTriggered(285)) - trigger a one-shot run on RatisPipelineUtilsThread.
2021-08-17 14:28:01,481 [RatisPipelineUtilsThread - 0] INFO  pipeline.RatisPipelineProvider (RatisPipelineProvider.java:lambda$create$0(183)) - Sending CreatePipelineCommand for pipeline:PipelineID=b3bfa8d7-a080-4f1f-bf6b-9463e0c8c45d to datanode:c43ab16b-06c7-400f-92a3-3c5c2029723f
2021-08-17 14:28:01,482 [RatisPipelineUtilsThread - 0] INFO  pipeline.PipelineStateManager (PipelineStateManagerV2Impl.java:addPipeline(101)) - Created pipeline Pipeline[ Id: b3bfa8d7-a080-4f1f-bf6b-9463e0c8c45d, Nodes: c43ab16b-06c7-400f-92a3-3c5c2029723f{ip: 10.1.0.66, host: fv-az12-928.exdb2aeach2ezidoxz41lk3bwg.cx.internal.cloudapp.net, ports: [REPLICATION=42363, RATIS=41045, RATIS_ADMIN=41045, RATIS_SERVER=41045, STANDALONE=34717], networkLocation: /default-rack, certSerialId: null, persistedOpState: IN_SERVICE, persistedOpStateExpiryEpochSec: 0}, ReplicationConfig: RATIS/ONE, State:ALLOCATED, leaderId:, CreationTimestamp2021-08-17T14:28:01.481Z[Etc/UTC]].
2021-08-17 14:28:01,481 [EventQueue-NodeRegistrationContainerReportForDataNodeSafeModeRule] INFO  safemode.SCMSafeModeManager (DataNodeSafeModeRule.java:process(71)) - SCM in safe mode. 3 DataNodes registered, 3 required.
2021-08-17 14:28:01,483 [EventQueue-NodeRegistrationContainerReportForDataNodeSafeModeRule] INFO  safemode.SCMSafeModeManager (SCMSafeModeManager.java:validateSafeModeExitRules(204)) - DataNodeSafeModeRule rule is successfully validated
2021-08-17 14:28:01,483 [EventQueue-NodeRegistrationContainerReportForDataNodeSafeModeRule] INFO  safemode.SCMSafeModeManager (SCMSafeModeManager.java:completePreCheck(233)) - All SCM safe mode pre check rules have passed
2021-08-17 14:28:01,483 [EventQueue-NodeRegistrationContainerReportForDataNodeSafeModeRule] WARN  events.EventQueue (EventQueue.java:fireEvent(194)) - No event handler registered for event TypedEvent{payloadType=SafeModeStatus, name='Safe mode status'}
2021-08-17 14:28:01,483 [EventQueue-NodeRegistrationContainerReportForDataNodeSafeModeRule] INFO  ha.SCMContext (SCMContext.java:updateSafeModeStatus(205)) - Update SafeModeStatus from SafeModeStatus{safeModeStatus=true, preCheckPassed=false} to SafeModeStatus{safeModeStatus=true, preCheckPassed=true}.
2021-08-17 14:28:01,483 [EventQueue-NodeRegistrationContainerReportForDataNodeSafeModeRule] INFO  pipeline.BackgroundPipelineCreator (BackgroundPipelineCreatorV2.java:notifyEventTriggered(285)) - trigger a one-shot run on RatisPipelineUtilsThread.
2021-08-17 14:28:01,484 [RatisPipelineUtilsThread - 0] INFO  pipeline.RatisPipelineProvider (RatisPipelineProvider.java:lambda$create$0(183)) - Sending CreatePipelineCommand for pipeline:PipelineID=e74103e6-9fd1-4c82-a3d0-fc9e8fdbfb7c to datanode:80e255e6-dcb1-4af9-8688-54f332b6f6ae
2021-08-17 14:28:01,485 [RatisPipelineUtilsThread - 0] INFO  pipeline.RatisPipelineProvider (RatisPipelineProvider.java:lambda$create$0(183)) - Sending CreatePipelineCommand for pipeline:PipelineID=e74103e6-9fd1-4c82-a3d0-fc9e8fdbfb7c to datanode:b1936a85-842c-4bb9-b894-6bc821990487
2021-08-17 14:28:01,485 [RatisPipelineUtilsThread - 0] INFO  pipeline.RatisPipelineProvider (RatisPipelineProvider.java:lambda$create$0(183)) - Sending CreatePipelineCommand for pipeline:PipelineID=e74103e6-9fd1-4c82-a3d0-fc9e8fdbfb7c to datanode:c43ab16b-06c7-400f-92a3-3c5c2029723f
2021-08-17 14:28:01,519 [RatisPipelineUtilsThread - 0] INFO  pipeline.PipelineStateManager (PipelineStateManagerV2Impl.java:addPipeline(101)) - Created pipeline Pipeline[ Id: e74103e6-9fd1-4c82-a3d0-fc9e8fdbfb7c, Nodes: 80e255e6-dcb1-4af9-8688-54f332b6f6ae{ip: 10.1.0.66, host: fv-az12-928.exdb2aeach2ezidoxz41lk3bwg.cx.internal.cloudapp.net, ports: [REPLICATION=34211, RATIS=46789, RATIS_ADMIN=46789, RATIS_SERVER=46789, STANDALONE=34705], networkLocation: /default-rack, certSerialId: null, persistedOpState: IN_SERVICE, persistedOpStateExpiryEpochSec: 0}b1936a85-842c-4bb9-b894-6bc821990487{ip: 10.1.0.66, host: fv-az12-928.exdb2aeach2ezidoxz41lk3bwg.cx.internal.cloudapp.net, ports: [REPLICATION=37585, RATIS=46035, RATIS_ADMIN=46035, RATIS_SERVER=46035, STANDALONE=45945], networkLocation: /default-rack, certSerialId: null, persistedOpState: IN_SERVICE, persistedOpStateExpiryEpochSec: 0}c43ab16b-06c7-400f-92a3-3c5c2029723f{ip: 10.1.0.66, host: fv-az12-928.exdb2aeach2ezidoxz41lk3bwg.cx.internal.cloudapp.net, ports: [REPLICATION=42363, RATIS=41045, RATIS_ADMIN=41045, RATIS_SERVER=41045, STANDALONE=34717], networkLocation: /default-rack, certSerialId: null, persistedOpState: IN_SERVICE, persistedOpStateExpiryEpochSec: 0}, ReplicationConfig: RATIS/THREE, State:ALLOCATED, leaderId:, CreationTimestamp2021-08-17T14:28:01.484Z[Etc/UTC]].
2021-08-17 14:28:01,519 [RatisPipelineUtilsThread - 0] INFO  pipeline.RatisPipelineProvider (RatisPipelineProvider.java:lambda$create$0(183)) - Sending CreatePipelineCommand for pipeline:PipelineID=e5ade66f-2463-4857-8836-9d979aee4ffb to datanode:c43ab16b-06c7-400f-92a3-3c5c2029723f
2021-08-17 14:28:01,519 [RatisPipelineUtilsThread - 0] INFO  pipeline.RatisPipelineProvider (RatisPipelineProvider.java:lambda$create$0(183)) - Sending CreatePipelineCommand for pipeline:PipelineID=e5ade66f-2463-4857-8836-9d979aee4ffb to datanode:b1936a85-842c-4bb9-b894-6bc821990487
2021-08-17 14:28:01,520 [RatisPipelineUtilsThread - 0] INFO  pipeline.RatisPipelineProvider (RatisPipelineProvider.java:lambda$create$0(183)) - Sending CreatePipelineCommand for pipeline:PipelineID=e5ade66f-2463-4857-8836-9d979aee4ffb to datanode:80e255e6-dcb1-4af9-8688-54f332b6f6ae
2021-08-17 14:28:01,520 [RatisPipelineUtilsThread - 0] INFO  pipeline.PipelineStateManager (PipelineStateManagerV2Impl.java:addPipeline(101)) - Created pipeline Pipeline[ Id: e5ade66f-2463-4857-8836-9d979aee4ffb, Nodes: c43ab16b-06c7-400f-92a3-3c5c2029723f{ip: 10.1.0.66, host: fv-az12-928.exdb2aeach2ezidoxz41lk3bwg.cx.internal.cloudapp.net, ports: [REPLICATION=42363, RATIS=41045, RATIS_ADMIN=41045, RATIS_SERVER=41045, STANDALONE=34717], networkLocation: /default-rack, certSerialId: null, persistedOpState: IN_SERVICE, persistedOpStateExpiryEpochSec: 0}b1936a85-842c-4bb9-b894-6bc821990487{ip: 10.1.0.66, host: fv-az12-928.exdb2aeach2ezidoxz41lk3bwg.cx.internal.cloudapp.net, ports: [REPLICATION=37585, RATIS=46035, RATIS_ADMIN=46035, RATIS_SERVER=46035, STANDALONE=45945], networkLocation: /default-rack, certSerialId: null, persistedOpState: IN_SERVICE, persistedOpStateExpiryEpochSec: 0}80e255e6-dcb1-4af9-8688-54f332b6f6ae{ip: 10.1.0.66, host: fv-az12-928.exdb2aeach2ezidoxz41lk3bwg.cx.internal.cloudapp.net, ports: [REPLICATION=34211, RATIS=46789, RATIS_ADMIN=46789, RATIS_SERVER=46789, STANDALONE=34705], networkLocation: /default-rack, certSerialId: null, persistedOpState: IN_SERVICE, persistedOpStateExpiryEpochSec: 0}, ReplicationConfig: RATIS/THREE, State:ALLOCATED, leaderId:, CreationTimestamp2021-08-17T14:28:01.519Z[Etc/UTC]].
2021-08-17 14:28:01,520 [RatisPipelineUtilsThread - 0] INFO  pipeline.PipelineManagerImpl (PipelineManagerImpl.java:recordMetricsForPipeline(614)) - Pipeline: PipelineID=e5ade66f-2463-4857-8836-9d979aee4ffb contains same datanodes as previous pipelines: PipelineID=e74103e6-9fd1-4c82-a3d0-fc9e8fdbfb7c nodeIds: c43ab16b-06c7-400f-92a3-3c5c2029723f, b1936a85-842c-4bb9-b894-6bc821990487, 80e255e6-dcb1-4af9-8688-54f332b6f6ae
2021-08-17 14:28:02,449 [Listener at 127.0.0.1/39353] INFO  ozone.MiniOzoneClusterImpl (MiniOzoneClusterImpl.java:lambda$waitForClusterToBeReady$0(235)) - Nodes are ready. Got 3 of 3 DN Heartbeats.
2021-08-17 14:28:02,450 [Listener at 127.0.0.1/39353] INFO  ozone.MiniOzoneClusterImpl (MiniOzoneClusterImpl.java:lambda$waitForClusterToBeReady$0(238)) - Waiting for cluster to exit safe mode
2021-08-17 14:28:02,450 [Listener at 127.0.0.1/39353] INFO  ozone.MiniOzoneClusterImpl (MiniOzoneClusterImpl.java:lambda$waitForClusterToBeReady$0(240)) - SCM became leader
2021-08-17 14:28:03,166 [Command processor thread] INFO  server.RaftServer (RaftServerProxy.java:addNew(95)) - 80e255e6-dcb1-4af9-8688-54f332b6f6ae: addNew group-BDA6F581BDB6:[80e255e6-dcb1-4af9-8688-54f332b6f6ae|rpc:10.1.0.66:46789|priority:1] returns group-BDA6F581BDB6:java.util.concurrent.CompletableFuture@70ef562f[Not completed]
2021-08-17 14:28:03,168 [pool-373-thread-1] INFO  server.RaftServer$Division (RaftServerImpl.java:<init>(181)) - 80e255e6-dcb1-4af9-8688-54f332b6f6ae: new RaftServerImpl for group-BDA6F581BDB6:[80e255e6-dcb1-4af9-8688-54f332b6f6ae|rpc:10.1.0.66:46789|priority:1] with ContainerStateMachine:uninitialized
2021-08-17 14:28:03,168 [pool-373-thread-1] INFO  server.RaftServerConfigKeys (ConfUtils.java:logGet(44)) - raft.server.rpc.timeout.min = 5s (custom)
2021-08-17 14:28:03,168 [pool-373-thread-1] INFO  server.RaftServerConfigKeys (ConfUtils.java:logGet(44)) - raft.server.rpc.timeout.max = 5200ms (custom)
2021-08-17 14:28:03,168 [pool-373-thread-1] INFO  server.RaftServerConfigKeys (ConfUtils.java:logGet(44)) - raft.server.rpc.sleep.time = 25ms (default)
2021-08-17 14:28:03,168 [pool-373-thread-1] INFO  server.RaftServerConfigKeys (ConfUtils.java:logGet(44)) - raft.server.rpc.slowness.timeout = 300s (custom)
2021-08-17 14:28:03,168 [pool-373-thread-1] INFO  server.RaftServerConfigKeys (ConfUtils.java:logGet(44)) - raft.server.leaderelection.leader.step-down.wait-time = 10s (default)
2021-08-17 14:28:03,168 [pool-373-thread-1] INFO  server.RaftServerConfigKeys (ConfUtils.java:logGet(44)) - raft.server.sleep.deviation.threshold = 300ms (default)
2021-08-17 14:28:03,168 [pool-373-thread-1] INFO  server.RaftServerConfigKeys (ConfUtils.java:logGet(44)) - raft.server.log.appender.install.snapshot.enabled = false (custom)
2021-08-17 14:28:03,168 [pool-373-thread-1] INFO  server.RaftServer$Division (ServerState.java:<init>(105)) - 80e255e6-dcb1-4af9-8688-54f332b6f6ae@group-BDA6F581BDB6: ConfigurationManager, init=-1: [80e255e6-dcb1-4af9-8688-54f332b6f6ae|rpc:10.1.0.66:46789|priority:1], old=null, confs=<EMPTY_MAP>
2021-08-17 14:28:03,168 [pool-373-thread-1] INFO  server.RaftServerConfigKeys (ConfUtils.java:logGet(44)) - raft.server.storage.dir = [/home/runner/work/ozone/ozone/hadoop-ozone/integration-test/target/test-dir/MiniOzoneClusterImpl-1e0b2984-d7f4-44f4-99c9-a2b226c9d9b8/datanode-0/data/ratis] (custom)
2021-08-17 14:28:03,169 [pool-373-thread-1] INFO  server.RaftServerConfigKeys (ConfUtils.java:logGet(44)) - raft.server.log.corruption.policy = EXCEPTION (default)
2021-08-17 14:28:03,169 [pool-373-thread-1] INFO  server.RaftServerConfigKeys (ConfUtils.java:logGet(44)) - raft.server.storage.free-space.min = 0MB (=0) (default)
2021-08-17 14:28:03,169 [pool-373-thread-1] INFO  storage.RaftStorageDirectory (RaftStorageDirectoryImpl.java:analyzeStorage(135)) - The storage directory /home/runner/work/ozone/ozone/hadoop-ozone/integration-test/target/test-dir/MiniOzoneClusterImpl-1e0b2984-d7f4-44f4-99c9-a2b226c9d9b8/datanode-0/data/ratis/4b3f5d99-8d32-40d8-b1d3-bda6f581bdb6 does not exist. Creating ...
2021-08-17 14:28:03,185 [pool-373-thread-1] INFO  storage.RaftStorageDirectory (RaftStorageDirectoryImpl.java:tryLock(230)) - Lock on /home/runner/work/ozone/ozone/hadoop-ozone/integration-test/target/test-dir/MiniOzoneClusterImpl-1e0b2984-d7f4-44f4-99c9-a2b226c9d9b8/datanode-0/data/ratis/4b3f5d99-8d32-40d8-b1d3-bda6f581bdb6/in_use.lock acquired by nodename 21674@fv-az12-928
2021-08-17 14:28:03,201 [pool-373-thread-1] INFO  storage.RaftStorage (RaftStorageImpl.java:format(89)) - Storage directory /home/runner/work/ozone/ozone/hadoop-ozone/integration-test/target/test-dir/MiniOzoneClusterImpl-1e0b2984-d7f4-44f4-99c9-a2b226c9d9b8/datanode-0/data/ratis/4b3f5d99-8d32-40d8-b1d3-bda6f581bdb6 has been successfully formatted.
2021-08-17 14:28:03,202 [pool-373-thread-1] INFO  ratis.ContainerStateMachine (ContainerStateMachine.java:loadSnapshot(225)) - group-BDA6F581BDB6: The snapshot info is null. Setting the last applied indexto:(t:0, i:~)
2021-08-17 14:28:03,205 [EventQueue-PipelineReportForPipelineReportHandler] INFO  pipeline.PipelineManagerImpl (PipelineManagerImpl.java:openPipeline(283)) - Pipeline Pipeline[ Id: 4b3f5d99-8d32-40d8-b1d3-bda6f581bdb6, Nodes: 80e255e6-dcb1-4af9-8688-54f332b6f6ae{ip: 10.1.0.66, host: fv-az12-928.exdb2aeach2ezidoxz41lk3bwg.cx.internal.cloudapp.net, ports: [REPLICATION=34211, RATIS=46789, RATIS_ADMIN=46789, RATIS_SERVER=46789, STANDALONE=34705], networkLocation: /default-rack, certSerialId: null, persistedOpState: IN_SERVICE, persistedOpStateExpiryEpochSec: 0}, ReplicationConfig: RATIS/ONE, State:ALLOCATED, leaderId:80e255e6-dcb1-4af9-8688-54f332b6f6ae, CreationTimestamp2021-08-17T14:28:00.207Z[Etc/UTC]] moved to OPEN state
2021-08-17 14:28:03,205 [pool-373-thread-1] INFO  server.RaftServerConfigKeys (ConfUtils.java:logGet(44)) - raft.server.notification.no-leader.timeout = 300s (custom)
2021-08-17 14:28:03,205 [pool-373-thread-1] INFO  server.RaftServerConfigKeys (ConfUtils.java:logGet(44)) - raft.server.log.use.memory = false (default)
2021-08-17 14:28:03,205 [pool-373-thread-1] INFO  server.RaftServerConfigKeys (ConfUtils.java:logGet(44)) - raft.server.log.purge.gap = 1000000 (custom)
2021-08-17 14:28:03,205 [pool-373-thread-1] INFO  server.RaftServerConfigKeys (ConfUtils.java:logGet(44)) - raft.server.log.appender.buffer.byte-limit = 33554432 (custom)
2021-08-17 14:28:03,203 [Datanode State Machine Thread - 0] WARN  statemachine.StateContext (StateContext.java:execute(621)) - No available thread in pool for past 1 seconds.
2021-08-17 14:28:03,205 [pool-373-thread-1] INFO  server.RaftServerConfigKeys (ConfUtils.java:logGet(44)) - raft.server.log.segment.size.max = 1048576 (custom)
2021-08-17 14:28:03,230 [pool-373-thread-1] INFO  server.RaftServerConfigKeys (ConfUtils.java:logGet(44)) - raft.server.log.segment.cache.num.max = 2 (custom)
2021-08-17 14:28:03,230 [pool-373-thread-1] INFO  server.RaftServerConfigKeys (ConfUtils.java:logGet(44)) - raft.server.log.segment.cache.size.max = 200MB (=209715200) (default)
2021-08-17 14:28:03,230 [pool-373-thread-1] INFO  segmented.SegmentedRaftLogWorker (SegmentedRaftLogWorker.java:<init>(182)) - new 80e255e6-dcb1-4af9-8688-54f332b6f6ae@group-BDA6F581BDB6-SegmentedRaftLogWorker for RaftStorageImpl:Storage Directory /home/runner/work/ozone/ozone/hadoop-ozone/integration-test/target/test-dir/MiniOzoneClusterImpl-1e0b2984-d7f4-44f4-99c9-a2b226c9d9b8/datanode-0/data/ratis/4b3f5d99-8d32-40d8-b1d3-bda6f581bdb6
2021-08-17 14:28:03,230 [pool-373-thread-1] INFO  server.RaftServerConfigKeys (ConfUtils.java:logGet(44)) - raft.server.log.queue.byte-limit = 2147483647 (custom)
2021-08-17 14:28:03,230 [pool-373-thread-1] INFO  server.RaftServerConfigKeys (ConfUtils.java:logGet(44)) - raft.server.log.queue.element-limit = 1024 (custom)
2021-08-17 14:28:03,230 [pool-373-thread-1] INFO  server.RaftServerConfigKeys (ConfUtils.java:logGet(44)) - raft.server.log.segment.size.max = 1048576 (custom)
2021-08-17 14:28:03,230 [pool-373-thread-1] INFO  server.RaftServerConfigKeys (ConfUtils.java:logGet(44)) - raft.server.log.preallocated.size = 16384 (custom)
2021-08-17 14:28:03,230 [pool-373-thread-1] INFO  server.RaftServerConfigKeys (ConfUtils.java:logGet(44)) - raft.server.log.force.sync.num = 128 (default)
2021-08-17 14:28:03,230 [pool-373-thread-1] INFO  server.RaftServerConfigKeys (ConfUtils.java:logGet(44)) - raft.server.log.statemachine.data.sync = true (default)
2021-08-17 14:28:03,230 [pool-373-thread-1] INFO  server.RaftServerConfigKeys (ConfUtils.java:logGet(44)) - raft.server.log.statemachine.data.sync.timeout = 10s (default)
2021-08-17 14:28:03,230 [pool-373-thread-1] INFO  server.RaftServerConfigKeys (ConfUtils.java:logGet(44)) - raft.server.log.statemachine.data.sync.timeout.retry = -1 (default)
2021-08-17 14:28:03,232 [EventQueue-OpenPipelineForHealthyPipelineSafeModeRule] INFO  safemode.SCMSafeModeManager (HealthyPipelineSafeModeRule.java:process(124)) - SCM in safe mode. Healthy pipelines reported count is 0, required healthy pipeline reported count is 1
2021-08-17 14:28:03,237 [pool-373-thread-1] INFO  server.RaftServerConfigKeys (ConfUtils.java:logGet(44)) - raft.server.log.write.buffer.size = 1048576 (custom)
2021-08-17 14:28:03,237 [pool-373-thread-1] INFO  server.RaftServerConfigKeys (ConfUtils.java:logGet(44)) - raft.server.log.statemachine.data.caching.enabled = true (custom)
2021-08-17 14:28:03,237 [pool-373-thread-1] INFO  segmented.SegmentedRaftLogWorker (SegmentedRaftLogWorker.java:lambda$new$0(133)) - 80e255e6-dcb1-4af9-8688-54f332b6f6ae@group-BDA6F581BDB6-SegmentedRaftLogWorker: flushIndex: setUnconditionally 0 -> -1
2021-08-17 14:28:03,237 [pool-373-thread-1] INFO  segmented.SegmentedRaftLogWorker (SegmentedRaftLogWorker.java:lambda$new$0(133)) - 80e255e6-dcb1-4af9-8688-54f332b6f6ae@group-BDA6F581BDB6-SegmentedRaftLogWorker: safeCacheEvictIndex: setUnconditionally 0 -> -1
2021-08-17 14:28:03,244 [pool-373-thread-1] INFO  server.RaftServerConfigKeys (ConfUtils.java:logGet(44)) - raft.server.snapshot.auto.trigger.enabled = true (custom)
2021-08-17 14:28:03,244 [pool-373-thread-1] INFO  server.RaftServerConfigKeys (ConfUtils.java:logGet(44)) - raft.server.snapshot.auto.trigger.threshold = 10000 (custom)
2021-08-17 14:28:03,244 [pool-373-thread-1] INFO  server.RaftServerConfigKeys (ConfUtils.java:logGet(44)) - raft.server.snapshot.retention.file.num = 5 (custom)
2021-08-17 14:28:03,244 [pool-373-thread-1] INFO  server.RaftServerConfigKeys (ConfUtils.java:logGet(44)) - raft.server.log.purge.upto.snapshot.index = false (default)
2021-08-17 14:28:03,244 [pool-373-thread-1] INFO  server.RaftServerConfigKeys (ConfUtils.java:logGet(44)) - raft.server.retrycache.expirytime = 600000ms (custom)
2021-08-17 14:28:03,244 [pool-373-thread-1] INFO  server.RaftServerConfigKeys (ConfUtils.java:logGet(44)) - raft.server.retrycache.statistics.expirytime = 100μs (default)
2021-08-17 14:28:03,245 [pool-373-thread-1] INFO  server.RaftServer$Division (RaftServerImpl.java:start(296)) - 80e255e6-dcb1-4af9-8688-54f332b6f6ae@group-BDA6F581BDB6: start as a follower, conf=-1: [80e255e6-dcb1-4af9-8688-54f332b6f6ae|rpc:10.1.0.66:46789|priority:1], old=null
2021-08-17 14:28:03,246 [pool-373-thread-1] INFO  server.RaftServer$Division (RaftServerImpl.java:setRole(285)) - 80e255e6-dcb1-4af9-8688-54f332b6f6ae@group-BDA6F581BDB6: changes role from      null to FOLLOWER at term 0 for startAsFollower
2021-08-17 14:28:03,246 [pool-373-thread-1] INFO  impl.RoleInfo (RoleInfo.java:updateAndGet(130)) - 80e255e6-dcb1-4af9-8688-54f332b6f6ae: start 80e255e6-dcb1-4af9-8688-54f332b6f6ae@group-BDA6F581BDB6-FollowerState
2021-08-17 14:28:03,257 [pool-373-thread-1] INFO  util.JmxRegister (JmxRegister.java:tryRegister(44)) - Successfully registered JMX Bean with object name Ratis:service=RaftServer,group=group-BDA6F581BDB6,id=80e255e6-dcb1-4af9-8688-54f332b6f6ae
2021-08-17 14:28:03,266 [Command processor thread] INFO  ratis.XceiverServerRatis (XceiverServerRatis.java:addGroup(763)) - Created group PipelineID=4b3f5d99-8d32-40d8-b1d3-bda6f581bdb6
2021-08-17 14:28:03,266 [Command processor thread] INFO  commandhandler.CreatePipelineCommandHandler (CreatePipelineCommandHandler.java:handle(106)) - Created Pipeline RATIS ONE PipelineID=4b3f5d99-8d32-40d8-b1d3-bda6f581bdb6.
2021-08-17 14:28:03,266 [Command processor thread] INFO  server.RaftServer (RaftServerProxy.java:addNew(95)) - 80e255e6-dcb1-4af9-8688-54f332b6f6ae: addNew group-FC9E8FDBFB7C:[b1936a85-842c-4bb9-b894-6bc821990487|rpc:10.1.0.66:46035|priority:0, c43ab16b-06c7-400f-92a3-3c5c2029723f|rpc:10.1.0.66:41045|priority:1, 80e255e6-dcb1-4af9-8688-54f332b6f6ae|rpc:10.1.0.66:46789|priority:0] returns group-FC9E8FDBFB7C:java.util.concurrent.CompletableFuture@74d0ccea[Not completed]
2021-08-17 14:28:03,267 [pool-373-thread-1] INFO  server.RaftServer$Division (RaftServerImpl.java:<init>(181)) - 80e255e6-dcb1-4af9-8688-54f332b6f6ae: new RaftServerImpl for group-FC9E8FDBFB7C:[b1936a85-842c-4bb9-b894-6bc821990487|rpc:10.1.0.66:46035|priority:0, c43ab16b-06c7-400f-92a3-3c5c2029723f|rpc:10.1.0.66:41045|priority:1, 80e255e6-dcb1-4af9-8688-54f332b6f6ae|rpc:10.1.0.66:46789|priority:0] with ContainerStateMachine:uninitialized
2021-08-17 14:28:03,267 [pool-373-thread-1] INFO  server.RaftServerConfigKeys (ConfUtils.java:logGet(44)) - raft.server.rpc.timeout.min = 5s (custom)
2021-08-17 14:28:03,267 [pool-373-thread-1] INFO  server.RaftServerConfigKeys (ConfUtils.java:logGet(44)) - raft.server.rpc.timeout.max = 5200ms (custom)
2021-08-17 14:28:03,267 [pool-373-thread-1] INFO  server.RaftServerConfigKeys (ConfUtils.java:logGet(44)) - raft.server.rpc.sleep.time = 25ms (default)
2021-08-17 14:28:03,267 [pool-373-thread-1] INFO  server.RaftServerConfigKeys (ConfUtils.java:logGet(44)) - raft.server.rpc.slowness.timeout = 300s (custom)
2021-08-17 14:28:03,268 [pool-373-thread-1] INFO  server.RaftServerConfigKeys (ConfUtils.java:logGet(44)) - raft.server.leaderelection.leader.step-down.wait-time = 10s (default)
2021-08-17 14:28:03,268 [pool-373-thread-1] INFO  server.RaftServerConfigKeys (ConfUtils.java:logGet(44)) - raft.server.sleep.deviation.threshold = 300ms (default)
2021-08-17 14:28:03,268 [pool-373-thread-1] INFO  server.RaftServerConfigKeys (ConfUtils.java:logGet(44)) - raft.server.log.appender.install.snapshot.enabled = false (custom)
2021-08-17 14:28:03,268 [pool-373-thread-1] INFO  server.RaftServer$Division (ServerState.java:<init>(105)) - 80e255e6-dcb1-4af9-8688-54f332b6f6ae@group-FC9E8FDBFB7C: ConfigurationManager, init=-1: [b1936a85-842c-4bb9-b894-6bc821990487|rpc:10.1.0.66:46035|priority:0, c43ab16b-06c7-400f-92a3-3c5c2029723f|rpc:10.1.0.66:41045|priority:1, 80e255e6-dcb1-4af9-8688-54f332b6f6ae|rpc:10.1.0.66:46789|priority:0], old=null, confs=<EMPTY_MAP>
2021-08-17 14:28:03,268 [pool-373-thread-1] INFO  server.RaftServerConfigKeys (ConfUtils.java:logGet(44)) - raft.server.storage.dir = [/home/runner/work/ozone/ozone/hadoop-ozone/integration-test/target/test-dir/MiniOzoneClusterImpl-1e0b2984-d7f4-44f4-99c9-a2b226c9d9b8/datanode-0/data/ratis] (custom)
2021-08-17 14:28:03,268 [pool-373-thread-1] INFO  server.RaftServerConfigKeys (ConfUtils.java:logGet(44)) - raft.server.log.corruption.policy = EXCEPTION (default)
2021-08-17 14:28:03,268 [pool-373-thread-1] INFO  server.RaftServerConfigKeys (ConfUtils.java:logGet(44)) - raft.server.storage.free-space.min = 0MB (=0) (default)
2021-08-17 14:28:03,268 [pool-373-thread-1] INFO  storage.RaftStorageDirectory (RaftStorageDirectoryImpl.java:analyzeStorage(135)) - The storage directory /home/runner/work/ozone/ozone/hadoop-ozone/integration-test/target/test-dir/MiniOzoneClusterImpl-1e0b2984-d7f4-44f4-99c9-a2b226c9d9b8/datanode-0/data/ratis/e74103e6-9fd1-4c82-a3d0-fc9e8fdbfb7c does not exist. Creating ...
2021-08-17 14:28:03,269 [pool-373-thread-1] INFO  storage.RaftStorageDirectory (RaftStorageDirectoryImpl.java:tryLock(230)) - Lock on /home/runner/work/ozone/ozone/hadoop-ozone/integration-test/target/test-dir/MiniOzoneClusterImpl-1e0b2984-d7f4-44f4-99c9-a2b226c9d9b8/datanode-0/data/ratis/e74103e6-9fd1-4c82-a3d0-fc9e8fdbfb7c/in_use.lock acquired by nodename 21674@fv-az12-928
2021-08-17 14:28:03,270 [pool-373-thread-1] INFO  storage.RaftStorage (RaftStorageImpl.java:format(89)) - Storage directory /home/runner/work/ozone/ozone/hadoop-ozone/integration-test/target/test-dir/MiniOzoneClusterImpl-1e0b2984-d7f4-44f4-99c9-a2b226c9d9b8/datanode-0/data/ratis/e74103e6-9fd1-4c82-a3d0-fc9e8fdbfb7c has been successfully formatted.
2021-08-17 14:28:03,271 [Datanode State Machine Thread - 0] WARN  statemachine.StateContext (StateContext.java:execute(621)) - No available thread in pool for past 1 seconds.
2021-08-17 14:28:03,271 [pool-373-thread-1] INFO  ratis.ContainerStateMachine (ContainerStateMachine.java:loadSnapshot(225)) - group-FC9E8FDBFB7C: The snapshot info is null. Setting the last applied indexto:(t:0, i:~)
2021-08-17 14:28:03,271 [pool-373-thread-1] INFO  server.RaftServerConfigKeys (ConfUtils.java:logGet(44)) - raft.server.notification.no-leader.timeout = 300s (custom)
2021-08-17 14:28:03,272 [EventQueue-OpenPipelineForHealthyPipelineSafeModeRule] INFO  safemode.SCMSafeModeManager (HealthyPipelineSafeModeRule.java:process(124)) - SCM in safe mode. Healthy pipelines reported count is 0, required healthy pipeline reported count is 1
2021-08-17 14:28:03,272 [pool-373-thread-1] INFO  server.RaftServerConfigKeys (ConfUtils.java:logGet(44)) - raft.server.log.use.memory = false (default)
2021-08-17 14:28:03,272 [pool-373-thread-1] INFO  server.RaftServerConfigKeys (ConfUtils.java:logGet(44)) - raft.server.log.purge.gap = 1000000 (custom)
2021-08-17 14:28:03,272 [pool-373-thread-1] INFO  server.RaftServerConfigKeys (ConfUtils.java:logGet(44)) - raft.server.log.appender.buffer.byte-limit = 33554432 (custom)
2021-08-17 14:28:03,272 [pool-373-thread-1] INFO  server.RaftServerConfigKeys (ConfUtils.java:logGet(44)) - raft.server.log.segment.size.max = 1048576 (custom)
2021-08-17 14:28:03,273 [pool-373-thread-1] INFO  server.RaftServerConfigKeys (ConfUtils.java:logGet(44)) - raft.server.log.segment.cache.num.max = 2 (custom)
2021-08-17 14:28:03,273 [pool-373-thread-1] INFO  server.RaftServerConfigKeys (ConfUtils.java:logGet(44)) - raft.server.log.segment.cache.size.max = 200MB (=209715200) (default)
2021-08-17 14:28:03,273 [pool-373-thread-1] INFO  segmented.SegmentedRaftLogWorker (SegmentedRaftLogWorker.java:<init>(182)) - new 80e255e6-dcb1-4af9-8688-54f332b6f6ae@group-FC9E8FDBFB7C-SegmentedRaftLogWorker for RaftStorageImpl:Storage Directory /home/runner/work/ozone/ozone/hadoop-ozone/integration-test/target/test-dir/MiniOzoneClusterImpl-1e0b2984-d7f4-44f4-99c9-a2b226c9d9b8/datanode-0/data/ratis/e74103e6-9fd1-4c82-a3d0-fc9e8fdbfb7c
2021-08-17 14:28:03,273 [pool-373-thread-1] INFO  server.RaftServerConfigKeys (ConfUtils.java:logGet(44)) - raft.server.log.queue.byte-limit = 2147483647 (custom)
2021-08-17 14:28:03,273 [pool-373-thread-1] INFO  server.RaftServerConfigKeys (ConfUtils.java:logGet(44)) - raft.server.log.queue.element-limit = 1024 (custom)
2021-08-17 14:28:03,273 [pool-373-thread-1] INFO  server.RaftServerConfigKeys (ConfUtils.java:logGet(44)) - raft.server.log.segment.size.max = 1048576 (custom)
2021-08-17 14:28:03,273 [pool-373-thread-1] INFO  server.RaftServerConfigKeys (ConfUtils.java:logGet(44)) - raft.server.log.preallocated.size = 16384 (custom)
2021-08-17 14:28:03,273 [pool-373-thread-1] INFO  server.RaftServerConfigKeys (ConfUtils.java:logGet(44)) - raft.server.log.force.sync.num = 128 (default)
2021-08-17 14:28:03,273 [pool-373-thread-1] INFO  server.RaftServerConfigKeys (ConfUtils.java:logGet(44)) - raft.server.log.statemachine.data.sync = true (default)
2021-08-17 14:28:03,273 [pool-373-thread-1] INFO  server.RaftServerConfigKeys (ConfUtils.java:logGet(44)) - raft.server.log.statemachine.data.sync.timeout = 10s (default)
2021-08-17 14:28:03,273 [pool-373-thread-1] INFO  server.RaftServerConfigKeys (ConfUtils.java:logGet(44)) - raft.server.log.statemachine.data.sync.timeout.retry = -1 (default)
2021-08-17 14:28:03,274 [pool-373-thread-1] INFO  server.RaftServerConfigKeys (ConfUtils.java:logGet(44)) - raft.server.log.write.buffer.size = 1048576 (custom)
2021-08-17 14:28:03,277 [pool-373-thread-1] INFO  server.RaftServerConfigKeys (ConfUtils.java:logGet(44)) - raft.server.log.statemachine.data.caching.enabled = true (custom)
2021-08-17 14:28:03,277 [pool-373-thread-1] INFO  segmented.SegmentedRaftLogWorker (SegmentedRaftLogWorker.java:lambda$new$0(133)) - 80e255e6-dcb1-4af9-8688-54f332b6f6ae@group-FC9E8FDBFB7C-SegmentedRaftLogWorker: flushIndex: setUnconditionally 0 -> -1
2021-08-17 14:28:03,277 [pool-373-thread-1] INFO  segmented.SegmentedRaftLogWorker (SegmentedRaftLogWorker.java:lambda$new$0(133)) - 80e255e6-dcb1-4af9-8688-54f332b6f6ae@group-FC9E8FDBFB7C-SegmentedRaftLogWorker: safeCacheEvictIndex: setUnconditionally 0 -> -1
2021-08-17 14:28:03,294 [pool-373-thread-1] INFO  server.RaftServerConfigKeys (ConfUtils.java:logGet(44)) - raft.server.snapshot.auto.trigger.enabled = true (custom)
2021-08-17 14:28:03,295 [pool-373-thread-1] INFO  server.RaftServerConfigKeys (ConfUtils.java:logGet(44)) - raft.server.snapshot.auto.trigger.threshold = 10000 (custom)
2021-08-17 14:28:03,295 [pool-373-thread-1] INFO  server.RaftServerConfigKeys (ConfUtils.java:logGet(44)) - raft.server.snapshot.retention.file.num = 5 (custom)
2021-08-17 14:28:03,295 [pool-373-thread-1] INFO  server.RaftServerConfigKeys (ConfUtils.java:logGet(44)) - raft.server.log.purge.upto.snapshot.index = false (default)
2021-08-17 14:28:03,295 [pool-373-thread-1] INFO  server.RaftServerConfigKeys (ConfUtils.java:logGet(44)) - raft.server.retrycache.expirytime = 600000ms (custom)
2021-08-17 14:28:03,295 [pool-373-thread-1] INFO  server.RaftServerConfigKeys (ConfUtils.java:logGet(44)) - raft.server.retrycache.statistics.expirytime = 100μs (default)
2021-08-17 14:28:03,296 [pool-373-thread-1] INFO  server.RaftServer$Division (RaftServerImpl.java:start(296)) - 80e255e6-dcb1-4af9-8688-54f332b6f6ae@group-FC9E8FDBFB7C: start as a follower, conf=-1: [b1936a85-842c-4bb9-b894-6bc821990487|rpc:10.1.0.66:46035|priority:0, c43ab16b-06c7-400f-92a3-3c5c2029723f|rpc:10.1.0.66:41045|priority:1, 80e255e6-dcb1-4af9-8688-54f332b6f6ae|rpc:10.1.0.66:46789|priority:0], old=null
2021-08-17 14:28:03,305 [pool-373-thread-1] INFO  server.RaftServer$Division (RaftServerImpl.java:setRole(285)) - 80e255e6-dcb1-4af9-8688-54f332b6f6ae@group-FC9E8FDBFB7C: changes role from      null to FOLLOWER at term 0 for startAsFollower
2021-08-17 14:28:03,306 [pool-373-thread-1] INFO  impl.RoleInfo (RoleInfo.java:updateAndGet(130)) - 80e255e6-dcb1-4af9-8688-54f332b6f6ae: start 80e255e6-dcb1-4af9-8688-54f332b6f6ae@group-FC9E8FDBFB7C-FollowerState
2021-08-17 14:28:03,307 [pool-373-thread-1] INFO  util.JmxRegister (JmxRegister.java:tryRegister(44)) - Successfully registered JMX Bean with object name Ratis:service=RaftServer,group=group-FC9E8FDBFB7C,id=80e255e6-dcb1-4af9-8688-54f332b6f6ae
2021-08-17 14:28:03,318 [Command processor thread] INFO  ratis.XceiverServerRatis (XceiverServerRatis.java:addGroup(763)) - Created group PipelineID=e74103e6-9fd1-4c82-a3d0-fc9e8fdbfb7c
2021-08-17 14:28:03,381 [grpc-default-executor-0] INFO  server.RaftServer (RaftServerProxy.java:addNew(95)) - b1936a85-842c-4bb9-b894-6bc821990487: addNew group-FC9E8FDBFB7C:[b1936a85-842c-4bb9-b894-6bc821990487|rpc:10.1.0.66:46035|dataStream:|priority:0, c43ab16b-06c7-400f-92a3-3c5c2029723f|rpc:10.1.0.66:41045|dataStream:|priority:1, 80e255e6-dcb1-4af9-8688-54f332b6f6ae|rpc:10.1.0.66:46789|dataStream:|priority:0] returns group-FC9E8FDBFB7C:java.util.concurrent.CompletableFuture@542149bc[Not completed]
2021-08-17 14:28:03,382 [pool-392-thread-1] INFO  server.RaftServer$Division (RaftServerImpl.java:<init>(181)) - b1936a85-842c-4bb9-b894-6bc821990487: new RaftServerImpl for group-FC9E8FDBFB7C:[b1936a85-842c-4bb9-b894-6bc821990487|rpc:10.1.0.66:46035|dataStream:|priority:0, c43ab16b-06c7-400f-92a3-3c5c2029723f|rpc:10.1.0.66:41045|dataStream:|priority:1, 80e255e6-dcb1-4af9-8688-54f332b6f6ae|rpc:10.1.0.66:46789|dataStream:|priority:0] with ContainerStateMachine:uninitialized
2021-08-17 14:28:03,383 [pool-392-thread-1] INFO  server.RaftServerConfigKeys (ConfUtils.java:logGet(44)) - raft.server.rpc.timeout.min = 5s (custom)
2021-08-17 14:28:03,383 [pool-392-thread-1] INFO  server.RaftServerConfigKeys (ConfUtils.java:logGet(44)) - raft.server.rpc.timeout.max = 5200ms (custom)
2021-08-17 14:28:03,383 [pool-392-thread-1] INFO  server.RaftServerConfigKeys (ConfUtils.java:logGet(44)) - raft.server.rpc.sleep.time = 25ms (default)
2021-08-17 14:28:03,383 [pool-392-thread-1] INFO  server.RaftServerConfigKeys (ConfUtils.java:logGet(44)) - raft.server.rpc.slowness.timeout = 300s (custom)
2021-08-17 14:28:03,383 [pool-392-thread-1] INFO  server.RaftServerConfigKeys (ConfUtils.java:logGet(44)) - raft.server.leaderelection.leader.step-down.wait-time = 10s (default)
2021-08-17 14:28:03,383 [pool-392-thread-1] INFO  server.RaftServerConfigKeys (ConfUtils.java:logGet(44)) - raft.server.sleep.deviation.threshold = 300ms (default)
2021-08-17 14:28:03,383 [pool-392-thread-1] INFO  server.RaftServerConfigKeys (ConfUtils.java:logGet(44)) - raft.server.log.appender.install.snapshot.enabled = false (custom)
2021-08-17 14:28:03,383 [pool-392-thread-1] INFO  server.RaftServer$Division (ServerState.java:<init>(105)) - b1936a85-842c-4bb9-b894-6bc821990487@group-FC9E8FDBFB7C: ConfigurationManager, init=-1: [b1936a85-842c-4bb9-b894-6bc821990487|rpc:10.1.0.66:46035|dataStream:|priority:0, c43ab16b-06c7-400f-92a3-3c5c2029723f|rpc:10.1.0.66:41045|dataStream:|priority:1, 80e255e6-dcb1-4af9-8688-54f332b6f6ae|rpc:10.1.0.66:46789|dataStream:|priority:0], old=null, confs=<EMPTY_MAP>
2021-08-17 14:28:03,383 [pool-392-thread-1] INFO  server.RaftServerConfigKeys (ConfUtils.java:logGet(44)) - raft.server.storage.dir = [/home/runner/work/ozone/ozone/hadoop-ozone/integration-test/target/test-dir/MiniOzoneClusterImpl-1e0b2984-d7f4-44f4-99c9-a2b226c9d9b8/datanode-1/data/ratis] (custom)
2021-08-17 14:28:03,383 [pool-392-thread-1] INFO  server.RaftServerConfigKeys (ConfUtils.java:logGet(44)) - raft.server.log.corruption.policy = EXCEPTION (default)
2021-08-17 14:28:03,383 [pool-392-thread-1] INFO  server.RaftServerConfigKeys (ConfUtils.java:logGet(44)) - raft.server.storage.free-space.min = 0MB (=0) (default)
2021-08-17 14:28:03,384 [pool-392-thread-1] INFO  storage.RaftStorageDirectory (RaftStorageDirectoryImpl.java:analyzeStorage(135)) - The storage directory /home/runner/work/ozone/ozone/hadoop-ozone/integration-test/target/test-dir/MiniOzoneClusterImpl-1e0b2984-d7f4-44f4-99c9-a2b226c9d9b8/datanode-1/data/ratis/e74103e6-9fd1-4c82-a3d0-fc9e8fdbfb7c does not exist. Creating ...
2021-08-17 14:28:03,397 [pool-392-thread-1] INFO  storage.RaftStorageDirectory (RaftStorageDirectoryImpl.java:tryLock(230)) - Lock on /home/runner/work/ozone/ozone/hadoop-ozone/integration-test/target/test-dir/MiniOzoneClusterImpl-1e0b2984-d7f4-44f4-99c9-a2b226c9d9b8/datanode-1/data/ratis/e74103e6-9fd1-4c82-a3d0-fc9e8fdbfb7c/in_use.lock acquired by nodename 21674@fv-az12-928
2021-08-17 14:28:03,400 [pool-392-thread-1] INFO  storage.RaftStorage (RaftStorageImpl.java:format(89)) - Storage directory /home/runner/work/ozone/ozone/hadoop-ozone/integration-test/target/test-dir/MiniOzoneClusterImpl-1e0b2984-d7f4-44f4-99c9-a2b226c9d9b8/datanode-1/data/ratis/e74103e6-9fd1-4c82-a3d0-fc9e8fdbfb7c has been successfully formatted.
2021-08-17 14:28:03,413 [pool-392-thread-1] INFO  ratis.ContainerStateMachine (ContainerStateMachine.java:loadSnapshot(225)) - group-FC9E8FDBFB7C: The snapshot info is null. Setting the last applied indexto:(t:0, i:~)
2021-08-17 14:28:03,417 [pool-392-thread-1] INFO  server.RaftServerConfigKeys (ConfUtils.java:logGet(44)) - raft.server.notification.no-leader.timeout = 300s (custom)
2021-08-17 14:28:03,417 [pool-392-thread-1] INFO  server.RaftServerConfigKeys (ConfUtils.java:logGet(44)) - raft.server.log.use.memory = false (default)
2021-08-17 14:28:03,417 [Datanode State Machine Thread - 0] WARN  statemachine.StateContext (StateContext.java:execute(621)) - No available thread in pool for past 1 seconds.
2021-08-17 14:28:03,417 [pool-392-thread-1] INFO  server.RaftServerConfigKeys (ConfUtils.java:logGet(44)) - raft.server.log.purge.gap = 1000000 (custom)
2021-08-17 14:28:03,418 [pool-392-thread-1] INFO  server.RaftServerConfigKeys (ConfUtils.java:logGet(44)) - raft.server.log.appender.buffer.byte-limit = 33554432 (custom)
2021-08-17 14:28:03,418 [pool-392-thread-1] INFO  server.RaftServerConfigKeys (ConfUtils.java:logGet(44)) - raft.server.log.segment.size.max = 1048576 (custom)
2021-08-17 14:28:03,418 [pool-392-thread-1] INFO  server.RaftServerConfigKeys (ConfUtils.java:logGet(44)) - raft.server.log.segment.cache.num.max = 2 (custom)
2021-08-17 14:28:03,419 [pool-392-thread-1] INFO  server.RaftServerConfigKeys (ConfUtils.java:logGet(44)) - raft.server.log.segment.cache.size.max = 200MB (=209715200) (default)
2021-08-17 14:28:03,419 [pool-392-thread-1] INFO  segmented.SegmentedRaftLogWorker (SegmentedRaftLogWorker.java:<init>(182)) - new b1936a85-842c-4bb9-b894-6bc821990487@group-FC9E8FDBFB7C-SegmentedRaftLogWorker for RaftStorageImpl:Storage Directory /home/runner/work/ozone/ozone/hadoop-ozone/integration-test/target/test-dir/MiniOzoneClusterImpl-1e0b2984-d7f4-44f4-99c9-a2b226c9d9b8/datanode-1/data/ratis/e74103e6-9fd1-4c82-a3d0-fc9e8fdbfb7c
2021-08-17 14:28:03,419 [pool-392-thread-1] INFO  server.RaftServerConfigKeys (ConfUtils.java:logGet(44)) - raft.server.log.queue.byte-limit = 2147483647 (custom)
2021-08-17 14:28:03,419 [pool-392-thread-1] INFO  server.RaftServerConfigKeys (ConfUtils.java:logGet(44)) - raft.server.log.queue.element-limit = 1024 (custom)
2021-08-17 14:28:03,419 [pool-392-thread-1] INFO  server.RaftServerConfigKeys (ConfUtils.java:logGet(44)) - raft.server.log.segment.size.max = 1048576 (custom)
2021-08-17 14:28:03,419 [pool-392-thread-1] INFO  server.RaftServerConfigKeys (ConfUtils.java:logGet(44)) - raft.server.log.preallocated.size = 16384 (custom)
2021-08-17 14:28:03,419 [pool-392-thread-1] INFO  server.RaftServerConfigKeys (ConfUtils.java:logGet(44)) - raft.server.log.force.sync.num = 128 (default)
2021-08-17 14:28:03,419 [pool-392-thread-1] INFO  server.RaftServerConfigKeys (ConfUtils.java:logGet(44)) - raft.server.log.statemachine.data.sync = true (default)
2021-08-17 14:28:03,419 [pool-392-thread-1] INFO  server.RaftServerConfigKeys (ConfUtils.java:logGet(44)) - raft.server.log.statemachine.data.sync.timeout = 10s (default)
2021-08-17 14:28:03,419 [pool-392-thread-1] INFO  server.RaftServerConfigKeys (ConfUtils.java:logGet(44)) - raft.server.log.statemachine.data.sync.timeout.retry = -1 (default)
2021-08-17 14:28:03,420 [pool-392-thread-1] INFO  server.RaftServerConfigKeys (ConfUtils.java:logGet(44)) - raft.server.log.write.buffer.size = 1048576 (custom)
2021-08-17 14:28:03,420 [pool-392-thread-1] INFO  server.RaftServerConfigKeys (ConfUtils.java:logGet(44)) - raft.server.log.statemachine.data.caching.enabled = true (custom)
2021-08-17 14:28:03,421 [pool-392-thread-1] INFO  segmented.SegmentedRaftLogWorker (SegmentedRaftLogWorker.java:lambda$new$0(133)) - b1936a85-842c-4bb9-b894-6bc821990487@group-FC9E8FDBFB7C-SegmentedRaftLogWorker: flushIndex: setUnconditionally 0 -> -1
2021-08-17 14:28:03,421 [pool-392-thread-1] INFO  segmented.SegmentedRaftLogWorker (SegmentedRaftLogWorker.java:lambda$new$0(133)) - b1936a85-842c-4bb9-b894-6bc821990487@group-FC9E8FDBFB7C-SegmentedRaftLogWorker: safeCacheEvictIndex: setUnconditionally 0 -> -1
2021-08-17 14:28:03,425 [pool-392-thread-1] INFO  server.RaftServerConfigKeys (ConfUtils.java:logGet(44)) - raft.server.snapshot.auto.trigger.enabled = true (custom)
2021-08-17 14:28:03,426 [pool-392-thread-1] INFO  server.RaftServerConfigKeys (ConfUtils.java:logGet(44)) - raft.server.snapshot.auto.trigger.threshold = 10000 (custom)
2021-08-17 14:28:03,426 [pool-392-thread-1] INFO  server.RaftServerConfigKeys (ConfUtils.java:logGet(44)) - raft.server.snapshot.retention.file.num = 5 (custom)
2021-08-17 14:28:03,426 [pool-392-thread-1] INFO  server.RaftServerConfigKeys (ConfUtils.java:logGet(44)) - raft.server.log.purge.upto.snapshot.index = false (default)
2021-08-17 14:28:03,426 [pool-392-thread-1] INFO  server.RaftServerConfigKeys (ConfUtils.java:logGet(44)) - raft.server.retrycache.expirytime = 600000ms (custom)
2021-08-17 14:28:03,426 [pool-392-thread-1] INFO  server.RaftServerConfigKeys (ConfUtils.java:logGet(44)) - raft.server.retrycache.statistics.expirytime = 100μs (default)
2021-08-17 14:28:03,427 [pool-392-thread-1] INFO  server.RaftServer$Division (RaftServerImpl.java:start(296)) - b1936a85-842c-4bb9-b894-6bc821990487@group-FC9E8FDBFB7C: start as a follower, conf=-1: [b1936a85-842c-4bb9-b894-6bc821990487|rpc:10.1.0.66:46035|dataStream:|priority:0, c43ab16b-06c7-400f-92a3-3c5c2029723f|rpc:10.1.0.66:41045|dataStream:|priority:1, 80e255e6-dcb1-4af9-8688-54f332b6f6ae|rpc:10.1.0.66:46789|dataStream:|priority:0], old=null
2021-08-17 14:28:03,427 [pool-392-thread-1] INFO  server.RaftServer$Division (RaftServerImpl.java:setRole(285)) - b1936a85-842c-4bb9-b894-6bc821990487@group-FC9E8FDBFB7C: changes role from      null to FOLLOWER at term 0 for startAsFollower
2021-08-17 14:28:03,427 [pool-392-thread-1] INFO  impl.RoleInfo (RoleInfo.java:updateAndGet(130)) - b1936a85-842c-4bb9-b894-6bc821990487: start b1936a85-842c-4bb9-b894-6bc821990487@group-FC9E8FDBFB7C-FollowerState
2021-08-17 14:28:03,445 [pool-392-thread-1] INFO  util.JmxRegister (JmxRegister.java:tryRegister(44)) - Successfully registered JMX Bean with object name Ratis:service=RaftServer,group=group-FC9E8FDBFB7C,id=b1936a85-842c-4bb9-b894-6bc821990487
2021-08-17 14:28:03,450 [Listener at 127.0.0.1/39353] INFO  ozone.MiniOzoneClusterImpl (MiniOzoneClusterImpl.java:lambda$waitForClusterToBeReady$0(235)) - Nodes are ready. Got 3 of 3 DN Heartbeats.
2021-08-17 14:28:03,451 [Listener at 127.0.0.1/39353] INFO  ozone.MiniOzoneClusterImpl (MiniOzoneClusterImpl.java:lambda$waitForClusterToBeReady$0(238)) - Waiting for cluster to exit safe mode
2021-08-17 14:28:03,451 [Listener at 127.0.0.1/39353] INFO  ozone.MiniOzoneClusterImpl (MiniOzoneClusterImpl.java:lambda$waitForClusterToBeReady$0(240)) - SCM became leader
2021-08-17 14:28:03,558 [grpc-default-executor-0] INFO  server.RaftServer (RaftServerProxy.java:addNew(95)) - c43ab16b-06c7-400f-92a3-3c5c2029723f: addNew group-FC9E8FDBFB7C:[b1936a85-842c-4bb9-b894-6bc821990487|rpc:10.1.0.66:46035|dataStream:|priority:0, c43ab16b-06c7-400f-92a3-3c5c2029723f|rpc:10.1.0.66:41045|dataStream:|priority:1, 80e255e6-dcb1-4af9-8688-54f332b6f6ae|rpc:10.1.0.66:46789|dataStream:|priority:0] returns group-FC9E8FDBFB7C:java.util.concurrent.CompletableFuture@5758cdfe[Not completed]
2021-08-17 14:28:03,580 [pool-411-thread-1] INFO  server.RaftServer$Division (RaftServerImpl.java:<init>(181)) - c43ab16b-06c7-400f-92a3-3c5c2029723f: new RaftServerImpl for group-FC9E8FDBFB7C:[b1936a85-842c-4bb9-b894-6bc821990487|rpc:10.1.0.66:46035|dataStream:|priority:0, c43ab16b-06c7-400f-92a3-3c5c2029723f|rpc:10.1.0.66:41045|dataStream:|priority:1, 80e255e6-dcb1-4af9-8688-54f332b6f6ae|rpc:10.1.0.66:46789|dataStream:|priority:0] with ContainerStateMachine:uninitialized
2021-08-17 14:28:03,600 [pool-411-thread-1] INFO  server.RaftServerConfigKeys (ConfUtils.java:logGet(44)) - raft.server.rpc.timeout.min = 5s (custom)
2021-08-17 14:28:03,600 [pool-411-thread-1] INFO  server.RaftServerConfigKeys (ConfUtils.java:logGet(44)) - raft.server.rpc.timeout.max = 5200ms (custom)
2021-08-17 14:28:03,601 [pool-411-thread-1] INFO  server.RaftServerConfigKeys (ConfUtils.java:logGet(44)) - raft.server.rpc.sleep.time = 25ms (default)
2021-08-17 14:28:03,601 [pool-411-thread-1] INFO  server.RaftServerConfigKeys (ConfUtils.java:logGet(44)) - raft.server.rpc.slowness.timeout = 300s (custom)
2021-08-17 14:28:03,601 [pool-411-thread-1] INFO  server.RaftServerConfigKeys (ConfUtils.java:logGet(44)) - raft.server.leaderelection.leader.step-down.wait-time = 10s (default)
2021-08-17 14:28:03,601 [pool-411-thread-1] INFO  server.RaftServerConfigKeys (ConfUtils.java:logGet(44)) - raft.server.sleep.deviation.threshold = 300ms (default)
2021-08-17 14:28:03,602 [pool-411-thread-1] INFO  server.RaftServerConfigKeys (ConfUtils.java:logGet(44)) - raft.server.log.appender.install.snapshot.enabled = false (custom)
2021-08-17 14:28:03,602 [pool-411-thread-1] INFO  server.RaftServer$Division (ServerState.java:<init>(105)) - c43ab16b-06c7-400f-92a3-3c5c2029723f@group-FC9E8FDBFB7C: ConfigurationManager, init=-1: [b1936a85-842c-4bb9-b894-6bc821990487|rpc:10.1.0.66:46035|dataStream:|priority:0, c43ab16b-06c7-400f-92a3-3c5c2029723f|rpc:10.1.0.66:41045|dataStream:|priority:1, 80e255e6-dcb1-4af9-8688-54f332b6f6ae|rpc:10.1.0.66:46789|dataStream:|priority:0], old=null, confs=<EMPTY_MAP>
2021-08-17 14:28:03,602 [pool-411-thread-1] INFO  server.RaftServerConfigKeys (ConfUtils.java:logGet(44)) - raft.server.storage.dir = [/home/runner/work/ozone/ozone/hadoop-ozone/integration-test/target/test-dir/MiniOzoneClusterImpl-1e0b2984-d7f4-44f4-99c9-a2b226c9d9b8/datanode-2/data/ratis] (custom)
2021-08-17 14:28:03,602 [pool-411-thread-1] INFO  server.RaftServerConfigKeys (ConfUtils.java:logGet(44)) - raft.server.log.corruption.policy = EXCEPTION (default)
2021-08-17 14:28:03,602 [pool-411-thread-1] INFO  server.RaftServerConfigKeys (ConfUtils.java:logGet(44)) - raft.server.storage.free-space.min = 0MB (=0) (default)
2021-08-17 14:28:03,602 [pool-411-thread-1] INFO  storage.RaftStorageDirectory (RaftStorageDirectoryImpl.java:analyzeStorage(135)) - The storage directory /home/runner/work/ozone/ozone/hadoop-ozone/integration-test/target/test-dir/MiniOzoneClusterImpl-1e0b2984-d7f4-44f4-99c9-a2b226c9d9b8/datanode-2/data/ratis/e74103e6-9fd1-4c82-a3d0-fc9e8fdbfb7c does not exist. Creating ...
2021-08-17 14:28:03,603 [pool-411-thread-1] INFO  storage.RaftStorageDirectory (RaftStorageDirectoryImpl.java:tryLock(230)) - Lock on /home/runner/work/ozone/ozone/hadoop-ozone/integration-test/target/test-dir/MiniOzoneClusterImpl-1e0b2984-d7f4-44f4-99c9-a2b226c9d9b8/datanode-2/data/ratis/e74103e6-9fd1-4c82-a3d0-fc9e8fdbfb7c/in_use.lock acquired by nodename 21674@fv-az12-928
2021-08-17 14:28:03,610 [pool-411-thread-1] INFO  storage.RaftStorage (RaftStorageImpl.java:format(89)) - Storage directory /home/runner/work/ozone/ozone/hadoop-ozone/integration-test/target/test-dir/MiniOzoneClusterImpl-1e0b2984-d7f4-44f4-99c9-a2b226c9d9b8/datanode-2/data/ratis/e74103e6-9fd1-4c82-a3d0-fc9e8fdbfb7c has been successfully formatted.
2021-08-17 14:28:03,612 [pool-411-thread-1] INFO  ratis.ContainerStateMachine (ContainerStateMachine.java:loadSnapshot(225)) - group-FC9E8FDBFB7C: The snapshot info is null. Setting the last applied indexto:(t:0, i:~)
2021-08-17 14:28:03,612 [pool-411-thread-1] INFO  server.RaftServerConfigKeys (ConfUtils.java:logGet(44)) - raft.server.notification.no-leader.timeout = 300s (custom)
2021-08-17 14:28:03,612 [pool-411-thread-1] INFO  server.RaftServerConfigKeys (ConfUtils.java:logGet(44)) - raft.server.log.use.memory = false (default)
2021-08-17 14:28:03,612 [pool-411-thread-1] INFO  server.RaftServerConfigKeys (ConfUtils.java:logGet(44)) - raft.server.log.purge.gap = 1000000 (custom)
2021-08-17 14:28:03,612 [pool-411-thread-1] INFO  server.RaftServerConfigKeys (ConfUtils.java:logGet(44)) - raft.server.log.appender.buffer.byte-limit = 33554432 (custom)
2021-08-17 14:28:03,612 [pool-411-thread-1] INFO  server.RaftServerConfigKeys (ConfUtils.java:logGet(44)) - raft.server.log.segment.size.max = 1048576 (custom)
2021-08-17 14:28:03,612 [pool-411-thread-1] INFO  server.RaftServerConfigKeys (ConfUtils.java:logGet(44)) - raft.server.log.segment.cache.num.max = 2 (custom)
2021-08-17 14:28:03,612 [pool-411-thread-1] INFO  server.RaftServerConfigKeys (ConfUtils.java:logGet(44)) - raft.server.log.segment.cache.size.max = 200MB (=209715200) (default)
2021-08-17 14:28:03,613 [pool-411-thread-1] INFO  segmented.SegmentedRaftLogWorker (SegmentedRaftLogWorker.java:<init>(182)) - new c43ab16b-06c7-400f-92a3-3c5c2029723f@group-FC9E8FDBFB7C-SegmentedRaftLogWorker for RaftStorageImpl:Storage Directory /home/runner/work/ozone/ozone/hadoop-ozone/integration-test/target/test-dir/MiniOzoneClusterImpl-1e0b2984-d7f4-44f4-99c9-a2b226c9d9b8/datanode-2/data/ratis/e74103e6-9fd1-4c82-a3d0-fc9e8fdbfb7c
2021-08-17 14:28:03,613 [pool-411-thread-1] INFO  server.RaftServerConfigKeys (ConfUtils.java:logGet(44)) - raft.server.log.queue.byte-limit = 2147483647 (custom)
2021-08-17 14:28:03,613 [pool-411-thread-1] INFO  server.RaftServerConfigKeys (ConfUtils.java:logGet(44)) - raft.server.log.queue.element-limit = 1024 (custom)
2021-08-17 14:28:03,613 [pool-411-thread-1] INFO  server.RaftServerConfigKeys (ConfUtils.java:logGet(44)) - raft.server.log.segment.size.max = 1048576 (custom)
2021-08-17 14:28:03,613 [pool-411-thread-1] INFO  server.RaftServerConfigKeys (ConfUtils.java:logGet(44)) - raft.server.log.preallocated.size = 16384 (custom)
2021-08-17 14:28:03,613 [pool-411-thread-1] INFO  server.RaftServerConfigKeys (ConfUtils.java:logGet(44)) - raft.server.log.force.sync.num = 128 (default)
2021-08-17 14:28:03,613 [pool-411-thread-1] INFO  server.RaftServerConfigKeys (ConfUtils.java:logGet(44)) - raft.server.log.statemachine.data.sync = true (default)
2021-08-17 14:28:03,613 [pool-411-thread-1] INFO  server.RaftServerConfigKeys (ConfUtils.java:logGet(44)) - raft.server.log.statemachine.data.sync.timeout = 10s (default)
2021-08-17 14:28:03,613 [pool-411-thread-1] INFO  server.RaftServerConfigKeys (ConfUtils.java:logGet(44)) - raft.server.log.statemachine.data.sync.timeout.retry = -1 (default)
2021-08-17 14:28:03,614 [Datanode State Machine Thread - 0] WARN  statemachine.StateContext (StateContext.java:execute(621)) - No available thread in pool for past 1 seconds.
2021-08-17 14:28:03,626 [pool-411-thread-1] INFO  server.RaftServerConfigKeys (ConfUtils.java:logGet(44)) - raft.server.log.write.buffer.size = 1048576 (custom)
2021-08-17 14:28:03,626 [pool-411-thread-1] INFO  server.RaftServerConfigKeys (ConfUtils.java:logGet(44)) - raft.server.log.statemachine.data.caching.enabled = true (custom)
2021-08-17 14:28:03,626 [pool-411-thread-1] INFO  segmented.SegmentedRaftLogWorker (SegmentedRaftLogWorker.java:lambda$new$0(133)) - c43ab16b-06c7-400f-92a3-3c5c2029723f@group-FC9E8FDBFB7C-SegmentedRaftLogWorker: flushIndex: setUnconditionally 0 -> -1
2021-08-17 14:28:03,626 [pool-411-thread-1] INFO  segmented.SegmentedRaftLogWorker (SegmentedRaftLogWorker.java:lambda$new$0(133)) - c43ab16b-06c7-400f-92a3-3c5c2029723f@group-FC9E8FDBFB7C-SegmentedRaftLogWorker: safeCacheEvictIndex: setUnconditionally 0 -> -1
2021-08-17 14:28:03,630 [pool-411-thread-1] INFO  server.RaftServerConfigKeys (ConfUtils.java:logGet(44)) - raft.server.snapshot.auto.trigger.enabled = true (custom)
2021-08-17 14:28:03,630 [pool-411-thread-1] INFO  server.RaftServerConfigKeys (ConfUtils.java:logGet(44)) - raft.server.snapshot.auto.trigger.threshold = 10000 (custom)
2021-08-17 14:28:03,630 [pool-411-thread-1] INFO  server.RaftServerConfigKeys (ConfUtils.java:logGet(44)) - raft.server.snapshot.retention.file.num = 5 (custom)
2021-08-17 14:28:03,630 [pool-411-thread-1] INFO  server.RaftServerConfigKeys (ConfUtils.java:logGet(44)) - raft.server.log.purge.upto.snapshot.index = false (default)
2021-08-17 14:28:03,630 [pool-411-thread-1] INFO  server.RaftServerConfigKeys (ConfUtils.java:logGet(44)) - raft.server.retrycache.expirytime = 600000ms (custom)
2021-08-17 14:28:03,631 [pool-411-thread-1] INFO  server.RaftServerConfigKeys (ConfUtils.java:logGet(44)) - raft.server.retrycache.statistics.expirytime = 100μs (default)
2021-08-17 14:28:03,632 [pool-411-thread-1] INFO  server.RaftServer$Division (RaftServerImpl.java:start(296)) - c43ab16b-06c7-400f-92a3-3c5c2029723f@group-FC9E8FDBFB7C: start as a follower, conf=-1: [b1936a85-842c-4bb9-b894-6bc821990487|rpc:10.1.0.66:46035|dataStream:|priority:0, c43ab16b-06c7-400f-92a3-3c5c2029723f|rpc:10.1.0.66:41045|dataStream:|priority:1, 80e255e6-dcb1-4af9-8688-54f332b6f6ae|rpc:10.1.0.66:46789|dataStream:|priority:0], old=null
2021-08-17 14:28:03,633 [pool-411-thread-1] INFO  server.RaftServer$Division (RaftServerImpl.java:setRole(285)) - c43ab16b-06c7-400f-92a3-3c5c2029723f@group-FC9E8FDBFB7C: changes role from      null to FOLLOWER at term 0 for startAsFollower
2021-08-17 14:28:03,633 [pool-411-thread-1] INFO  impl.RoleInfo (RoleInfo.java:updateAndGet(130)) - c43ab16b-06c7-400f-92a3-3c5c2029723f: start c43ab16b-06c7-400f-92a3-3c5c2029723f@group-FC9E8FDBFB7C-FollowerState
2021-08-17 14:28:03,653 [pool-411-thread-1] INFO  util.JmxRegister (JmxRegister.java:tryRegister(44)) - Successfully registered JMX Bean with object name Ratis:service=RaftServer,group=group-FC9E8FDBFB7C,id=c43ab16b-06c7-400f-92a3-3c5c2029723f
2021-08-17 14:28:03,717 [Command processor thread] INFO  commandhandler.CreatePipelineCommandHandler (CreatePipelineCommandHandler.java:handle(106)) - Created Pipeline RATIS THREE PipelineID=e74103e6-9fd1-4c82-a3d0-fc9e8fdbfb7c.
2021-08-17 14:28:03,717 [Command processor thread] INFO  server.RaftServer (RaftServerProxy.java:addNew(95)) - 80e255e6-dcb1-4af9-8688-54f332b6f6ae: addNew group-9D979AEE4FFB:[b1936a85-842c-4bb9-b894-6bc821990487|rpc:10.1.0.66:46035|priority:1, c43ab16b-06c7-400f-92a3-3c5c2029723f|rpc:10.1.0.66:41045|priority:0, 80e255e6-dcb1-4af9-8688-54f332b6f6ae|rpc:10.1.0.66:46789|priority:0] returns group-9D979AEE4FFB:java.util.concurrent.CompletableFuture@6e0de691[Not completed]
2021-08-17 14:28:03,718 [pool-373-thread-1] INFO  server.RaftServer$Division (RaftServerImpl.java:<init>(181)) - 80e255e6-dcb1-4af9-8688-54f332b6f6ae: new RaftServerImpl for group-9D979AEE4FFB:[b1936a85-842c-4bb9-b894-6bc821990487|rpc:10.1.0.66:46035|priority:1, c43ab16b-06c7-400f-92a3-3c5c2029723f|rpc:10.1.0.66:41045|priority:0, 80e255e6-dcb1-4af9-8688-54f332b6f6ae|rpc:10.1.0.66:46789|priority:0] with ContainerStateMachine:uninitialized
2021-08-17 14:28:03,718 [pool-373-thread-1] INFO  server.RaftServerConfigKeys (ConfUtils.java:logGet(44)) - raft.server.rpc.timeout.min = 5s (custom)
2021-08-17 14:28:03,718 [pool-373-thread-1] INFO  server.RaftServerConfigKeys (ConfUtils.java:logGet(44)) - raft.server.rpc.timeout.max = 5200ms (custom)
2021-08-17 14:28:03,718 [pool-373-thread-1] INFO  server.RaftServerConfigKeys (ConfUtils.java:logGet(44)) - raft.server.rpc.sleep.time = 25ms (default)
2021-08-17 14:28:03,718 [pool-373-thread-1] INFO  server.RaftServerConfigKeys (ConfUtils.java:logGet(44)) - raft.server.rpc.slowness.timeout = 300s (custom)
2021-08-17 14:28:03,719 [pool-373-thread-1] INFO  server.RaftServerConfigKeys (ConfUtils.java:logGet(44)) - raft.server.leaderelection.leader.step-down.wait-time = 10s (default)
2021-08-17 14:28:03,719 [pool-373-thread-1] INFO  server.RaftServerConfigKeys (ConfUtils.java:logGet(44)) - raft.server.sleep.deviation.threshold = 300ms (default)
2021-08-17 14:28:03,719 [pool-373-thread-1] INFO  server.RaftServerConfigKeys (ConfUtils.java:logGet(44)) - raft.server.log.appender.install.snapshot.enabled = false (custom)
2021-08-17 14:28:03,719 [pool-373-thread-1] INFO  server.RaftServer$Division (ServerState.java:<init>(105)) - 80e255e6-dcb1-4af9-8688-54f332b6f6ae@group-9D979AEE4FFB: ConfigurationManager, init=-1: [b1936a85-842c-4bb9-b894-6bc821990487|rpc:10.1.0.66:46035|priority:1, c43ab16b-06c7-400f-92a3-3c5c2029723f|rpc:10.1.0.66:41045|priority:0, 80e255e6-dcb1-4af9-8688-54f332b6f6ae|rpc:10.1.0.66:46789|priority:0], old=null, confs=<EMPTY_MAP>
2021-08-17 14:28:03,719 [pool-373-thread-1] INFO  server.RaftServerConfigKeys (ConfUtils.java:logGet(44)) - raft.server.storage.dir = [/home/runner/work/ozone/ozone/hadoop-ozone/integration-test/target/test-dir/MiniOzoneClusterImpl-1e0b2984-d7f4-44f4-99c9-a2b226c9d9b8/datanode-0/data/ratis] (custom)
2021-08-17 14:28:03,719 [pool-373-thread-1] INFO  server.RaftServerConfigKeys (ConfUtils.java:logGet(44)) - raft.server.log.corruption.policy = EXCEPTION (default)
2021-08-17 14:28:03,719 [pool-373-thread-1] INFO  server.RaftServerConfigKeys (ConfUtils.java:logGet(44)) - raft.server.storage.free-space.min = 0MB (=0) (default)
2021-08-17 14:28:03,719 [pool-373-thread-1] INFO  storage.RaftStorageDirectory (RaftStorageDirectoryImpl.java:analyzeStorage(135)) - The storage directory /home/runner/work/ozone/ozone/hadoop-ozone/integration-test/target/test-dir/MiniOzoneClusterImpl-1e0b2984-d7f4-44f4-99c9-a2b226c9d9b8/datanode-0/data/ratis/e5ade66f-2463-4857-8836-9d979aee4ffb does not exist. Creating ...
2021-08-17 14:28:03,720 [pool-373-thread-1] INFO  storage.RaftStorageDirectory (RaftStorageDirectoryImpl.java:tryLock(230)) - Lock on /home/runner/work/ozone/ozone/hadoop-ozone/integration-test/target/test-dir/MiniOzoneClusterImpl-1e0b2984-d7f4-44f4-99c9-a2b226c9d9b8/datanode-0/data/ratis/e5ade66f-2463-4857-8836-9d979aee4ffb/in_use.lock acquired by nodename 21674@fv-az12-928
2021-08-17 14:28:03,726 [pool-373-thread-1] INFO  storage.RaftStorage (RaftStorageImpl.java:format(89)) - Storage directory /home/runner/work/ozone/ozone/hadoop-ozone/integration-test/target/test-dir/MiniOzoneClusterImpl-1e0b2984-d7f4-44f4-99c9-a2b226c9d9b8/datanode-0/data/ratis/e5ade66f-2463-4857-8836-9d979aee4ffb has been successfully formatted.
2021-08-17 14:28:03,726 [pool-373-thread-1] INFO  ratis.ContainerStateMachine (ContainerStateMachine.java:loadSnapshot(225)) - group-9D979AEE4FFB: The snapshot info is null. Setting the last applied indexto:(t:0, i:~)
2021-08-17 14:28:03,726 [Datanode State Machine Thread - 0] WARN  statemachine.StateContext (StateContext.java:execute(621)) - No available thread in pool for past 1 seconds.
2021-08-17 14:28:03,726 [pool-373-thread-1] INFO  server.RaftServerConfigKeys (ConfUtils.java:logGet(44)) - raft.server.notification.no-leader.timeout = 300s (custom)
2021-08-17 14:28:03,726 [pool-373-thread-1] INFO  server.RaftServerConfigKeys (ConfUtils.java:logGet(44)) - raft.server.log.use.memory = false (default)
2021-08-17 14:28:03,727 [pool-373-thread-1] INFO  server.RaftServerConfigKeys (ConfUtils.java:logGet(44)) - raft.server.log.purge.gap = 1000000 (custom)
2021-08-17 14:28:03,727 [pool-373-thread-1] INFO  server.RaftServerConfigKeys (ConfUtils.java:logGet(44)) - raft.server.log.appender.buffer.byte-limit = 33554432 (custom)
2021-08-17 14:28:03,727 [EventQueue-OpenPipelineForHealthyPipelineSafeModeRule] INFO  safemode.SCMSafeModeManager (HealthyPipelineSafeModeRule.java:process(124)) - SCM in safe mode. Healthy pipelines reported count is 0, required healthy pipeline reported count is 1
2021-08-17 14:28:03,732 [pool-373-thread-1] INFO  server.RaftServerConfigKeys (ConfUtils.java:logGet(44)) - raft.server.log.segment.size.max = 1048576 (custom)
2021-08-17 14:28:03,732 [pool-373-thread-1] INFO  server.RaftServerConfigKeys (ConfUtils.java:logGet(44)) - raft.server.log.segment.cache.num.max = 2 (custom)
2021-08-17 14:28:03,732 [pool-373-thread-1] INFO  server.RaftServerConfigKeys (ConfUtils.java:logGet(44)) - raft.server.log.segment.cache.size.max = 200MB (=209715200) (default)
2021-08-17 14:28:03,732 [pool-373-thread-1] INFO  segmented.SegmentedRaftLogWorker (SegmentedRaftLogWorker.java:<init>(182)) - new 80e255e6-dcb1-4af9-8688-54f332b6f6ae@group-9D979AEE4FFB-SegmentedRaftLogWorker for RaftStorageImpl:Storage Directory /home/runner/work/ozone/ozone/hadoop-ozone/integration-test/target/test-dir/MiniOzoneClusterImpl-1e0b2984-d7f4-44f4-99c9-a2b226c9d9b8/datanode-0/data/ratis/e5ade66f-2463-4857-8836-9d979aee4ffb
2021-08-17 14:28:03,732 [pool-373-thread-1] INFO  server.RaftServerConfigKeys (ConfUtils.java:logGet(44)) - raft.server.log.queue.byte-limit = 2147483647 (custom)
2021-08-17 14:28:03,732 [pool-373-thread-1] INFO  server.RaftServerConfigKeys (ConfUtils.java:logGet(44)) - raft.server.log.queue.element-limit = 1024 (custom)
2021-08-17 14:28:03,732 [pool-373-thread-1] INFO  server.RaftServerConfigKeys (ConfUtils.java:logGet(44)) - raft.server.log.segment.size.max = 1048576 (custom)
2021-08-17 14:28:03,732 [pool-373-thread-1] INFO  server.RaftServerConfigKeys (ConfUtils.java:logGet(44)) - raft.server.log.preallocated.size = 16384 (custom)
2021-08-17 14:28:03,732 [pool-373-thread-1] INFO  server.RaftServerConfigKeys (ConfUtils.java:logGet(44)) - raft.server.log.force.sync.num = 128 (default)
2021-08-17 14:28:03,732 [pool-373-thread-1] INFO  server.RaftServerConfigKeys (ConfUtils.java:logGet(44)) - raft.server.log.statemachine.data.sync = true (default)
2021-08-17 14:28:03,733 [pool-373-thread-1] INFO  server.RaftServerConfigKeys (ConfUtils.java:logGet(44)) - raft.server.log.statemachine.data.sync.timeout = 10s (default)
2021-08-17 14:28:03,733 [pool-373-thread-1] INFO  server.RaftServerConfigKeys (ConfUtils.java:logGet(44)) - raft.server.log.statemachine.data.sync.timeout.retry = -1 (default)
2021-08-17 14:28:03,733 [pool-373-thread-1] INFO  server.RaftServerConfigKeys (ConfUtils.java:logGet(44)) - raft.server.log.write.buffer.size = 1048576 (custom)
2021-08-17 14:28:03,740 [pool-373-thread-1] INFO  server.RaftServerConfigKeys (ConfUtils.java:logGet(44)) - raft.server.log.statemachine.data.caching.enabled = true (custom)
2021-08-17 14:28:03,740 [pool-373-thread-1] INFO  segmented.SegmentedRaftLogWorker (SegmentedRaftLogWorker.java:lambda$new$0(133)) - 80e255e6-dcb1-4af9-8688-54f332b6f6ae@group-9D979AEE4FFB-SegmentedRaftLogWorker: flushIndex: setUnconditionally 0 -> -1
2021-08-17 14:28:03,740 [pool-373-thread-1] INFO  segmented.SegmentedRaftLogWorker (SegmentedRaftLogWorker.java:lambda$new$0(133)) - 80e255e6-dcb1-4af9-8688-54f332b6f6ae@group-9D979AEE4FFB-SegmentedRaftLogWorker: safeCacheEvictIndex: setUnconditionally 0 -> -1
2021-08-17 14:28:03,753 [pool-373-thread-1] INFO  server.RaftServerConfigKeys (ConfUtils.java:logGet(44)) - raft.server.snapshot.auto.trigger.enabled = true (custom)
2021-08-17 14:28:03,754 [pool-373-thread-1] INFO  server.RaftServerConfigKeys (ConfUtils.java:logGet(44)) - raft.server.snapshot.auto.trigger.threshold = 10000 (custom)
2021-08-17 14:28:03,754 [pool-373-thread-1] INFO  server.RaftServerConfigKeys (ConfUtils.java:logGet(44)) - raft.server.snapshot.retention.file.num = 5 (custom)
2021-08-17 14:28:03,754 [pool-373-thread-1] INFO  server.RaftServerConfigKeys (ConfUtils.java:logGet(44)) - raft.server.log.purge.upto.snapshot.index = false (default)
2021-08-17 14:28:03,754 [pool-373-thread-1] INFO  server.RaftServerConfigKeys (ConfUtils.java:logGet(44)) - raft.server.retrycache.expirytime = 600000ms (custom)
2021-08-17 14:28:03,754 [pool-373-thread-1] INFO  server.RaftServerConfigKeys (ConfUtils.java:logGet(44)) - raft.server.retrycache.statistics.expirytime = 100μs (default)
2021-08-17 14:28:03,762 [pool-373-thread-1] INFO  server.RaftServer$Division (RaftServerImpl.java:start(296)) - 80e255e6-dcb1-4af9-8688-54f332b6f6ae@group-9D979AEE4FFB: start as a follower, conf=-1: [b1936a85-842c-4bb9-b894-6bc821990487|rpc:10.1.0.66:46035|priority:1, c43ab16b-06c7-400f-92a3-3c5c2029723f|rpc:10.1.0.66:41045|priority:0, 80e255e6-dcb1-4af9-8688-54f332b6f6ae|rpc:10.1.0.66:46789|priority:0], old=null
2021-08-17 14:28:03,762 [pool-373-thread-1] INFO  server.RaftServer$Division (RaftServerImpl.java:setRole(285)) - 80e255e6-dcb1-4af9-8688-54f332b6f6ae@group-9D979AEE4FFB: changes role from      null to FOLLOWER at term 0 for startAsFollower
2021-08-17 14:28:03,762 [pool-373-thread-1] INFO  impl.RoleInfo (RoleInfo.java:updateAndGet(130)) - 80e255e6-dcb1-4af9-8688-54f332b6f6ae: start 80e255e6-dcb1-4af9-8688-54f332b6f6ae@group-9D979AEE4FFB-FollowerState
2021-08-17 14:28:03,765 [pool-373-thread-1] INFO  util.JmxRegister (JmxRegister.java:tryRegister(44)) - Successfully registered JMX Bean with object name Ratis:service=RaftServer,group=group-9D979AEE4FFB,id=80e255e6-dcb1-4af9-8688-54f332b6f6ae
2021-08-17 14:28:03,778 [Command processor thread] INFO  ratis.XceiverServerRatis (XceiverServerRatis.java:addGroup(763)) - Created group PipelineID=e5ade66f-2463-4857-8836-9d979aee4ffb
2021-08-17 14:28:03,809 [Command processor thread] INFO  server.RaftServer (RaftServerProxy.java:addNew(95)) - b1936a85-842c-4bb9-b894-6bc821990487: addNew group-D0B562C6EEF0:[b1936a85-842c-4bb9-b894-6bc821990487|rpc:10.1.0.66:46035|priority:1] returns group-D0B562C6EEF0:java.util.concurrent.CompletableFuture@71dc6c4b[Not completed]
2021-08-17 14:28:03,810 [pool-392-thread-1] INFO  server.RaftServer$Division (RaftServerImpl.java:<init>(181)) - b1936a85-842c-4bb9-b894-6bc821990487: new RaftServerImpl for group-D0B562C6EEF0:[b1936a85-842c-4bb9-b894-6bc821990487|rpc:10.1.0.66:46035|priority:1] with ContainerStateMachine:uninitialized
2021-08-17 14:28:03,810 [pool-392-thread-1] INFO  server.RaftServerConfigKeys (ConfUtils.java:logGet(44)) - raft.server.rpc.timeout.min = 5s (custom)
2021-08-17 14:28:03,810 [pool-392-thread-1] INFO  server.RaftServerConfigKeys (ConfUtils.java:logGet(44)) - raft.server.rpc.timeout.max = 5200ms (custom)
2021-08-17 14:28:03,810 [pool-392-thread-1] INFO  server.RaftServerConfigKeys (ConfUtils.java:logGet(44)) - raft.server.rpc.sleep.time = 25ms (default)
2021-08-17 14:28:03,810 [pool-392-thread-1] INFO  server.RaftServerConfigKeys (ConfUtils.java:logGet(44)) - raft.server.rpc.slowness.timeout = 300s (custom)
2021-08-17 14:28:03,810 [pool-392-thread-1] INFO  server.RaftServerConfigKeys (ConfUtils.java:logGet(44)) - raft.server.leaderelection.leader.step-down.wait-time = 10s (default)
2021-08-17 14:28:03,810 [pool-392-thread-1] INFO  server.RaftServerConfigKeys (ConfUtils.java:logGet(44)) - raft.server.sleep.deviation.threshold = 300ms (default)
2021-08-17 14:28:03,810 [pool-392-thread-1] INFO  server.RaftServerConfigKeys (ConfUtils.java:logGet(44)) - raft.server.log.appender.install.snapshot.enabled = false (custom)
2021-08-17 14:28:03,810 [pool-392-thread-1] INFO  server.RaftServer$Division (ServerState.java:<init>(105)) - b1936a85-842c-4bb9-b894-6bc821990487@group-D0B562C6EEF0: ConfigurationManager, init=-1: [b1936a85-842c-4bb9-b894-6bc821990487|rpc:10.1.0.66:46035|priority:1], old=null, confs=<EMPTY_MAP>
2021-08-17 14:28:03,811 [pool-392-thread-1] INFO  server.RaftServerConfigKeys (ConfUtils.java:logGet(44)) - raft.server.storage.dir = [/home/runner/work/ozone/ozone/hadoop-ozone/integration-test/target/test-dir/MiniOzoneClusterImpl-1e0b2984-d7f4-44f4-99c9-a2b226c9d9b8/datanode-1/data/ratis] (custom)
2021-08-17 14:28:03,811 [pool-392-thread-1] INFO  server.RaftServerConfigKeys (ConfUtils.java:logGet(44)) - raft.server.log.corruption.policy = EXCEPTION (default)
2021-08-17 14:28:03,811 [pool-392-thread-1] INFO  server.RaftServerConfigKeys (ConfUtils.java:logGet(44)) - raft.server.storage.free-space.min = 0MB (=0) (default)
2021-08-17 14:28:03,811 [pool-392-thread-1] INFO  storage.RaftStorageDirectory (RaftStorageDirectoryImpl.java:analyzeStorage(135)) - The storage directory /home/runner/work/ozone/ozone/hadoop-ozone/integration-test/target/test-dir/MiniOzoneClusterImpl-1e0b2984-d7f4-44f4-99c9-a2b226c9d9b8/datanode-1/data/ratis/eef80617-d6e3-4b01-8d33-d0b562c6eef0 does not exist. Creating ...
2021-08-17 14:28:03,812 [pool-392-thread-1] INFO  storage.RaftStorageDirectory (RaftStorageDirectoryImpl.java:tryLock(230)) - Lock on /home/runner/work/ozone/ozone/hadoop-ozone/integration-test/target/test-dir/MiniOzoneClusterImpl-1e0b2984-d7f4-44f4-99c9-a2b226c9d9b8/datanode-1/data/ratis/eef80617-d6e3-4b01-8d33-d0b562c6eef0/in_use.lock acquired by nodename 21674@fv-az12-928
2021-08-17 14:28:03,818 [pool-392-thread-1] INFO  storage.RaftStorage (RaftStorageImpl.java:format(89)) - Storage directory /home/runner/work/ozone/ozone/hadoop-ozone/integration-test/target/test-dir/MiniOzoneClusterImpl-1e0b2984-d7f4-44f4-99c9-a2b226c9d9b8/datanode-1/data/ratis/eef80617-d6e3-4b01-8d33-d0b562c6eef0 has been successfully formatted.
2021-08-17 14:28:03,818 [pool-392-thread-1] INFO  ratis.ContainerStateMachine (ContainerStateMachine.java:loadSnapshot(225)) - group-D0B562C6EEF0: The snapshot info is null. Setting the last applied indexto:(t:0, i:~)
2021-08-17 14:28:03,818 [pool-392-thread-1] INFO  server.RaftServerConfigKeys (ConfUtils.java:logGet(44)) - raft.server.notification.no-leader.timeout = 300s (custom)
2021-08-17 14:28:03,818 [pool-392-thread-1] INFO  server.RaftServerConfigKeys (ConfUtils.java:logGet(44)) - raft.server.log.use.memory = false (default)
2021-08-17 14:28:03,818 [pool-392-thread-1] INFO  server.RaftServerConfigKeys (ConfUtils.java:logGet(44)) - raft.server.log.purge.gap = 1000000 (custom)
2021-08-17 14:28:03,818 [Datanode State Machine Thread - 0] WARN  statemachine.StateContext (StateContext.java:execute(621)) - No available thread in pool for past 1 seconds.
2021-08-17 14:28:03,818 [pool-392-thread-1] INFO  server.RaftServerConfigKeys (ConfUtils.java:logGet(44)) - raft.server.log.appender.buffer.byte-limit = 33554432 (custom)
2021-08-17 14:28:03,819 [pool-392-thread-1] INFO  server.RaftServerConfigKeys (ConfUtils.java:logGet(44)) - raft.server.log.segment.size.max = 1048576 (custom)
2021-08-17 14:28:03,820 [EventQueue-PipelineReportForPipelineReportHandler] INFO  pipeline.PipelineManagerImpl (PipelineManagerImpl.java:openPipeline(283)) - Pipeline Pipeline[ Id: eef80617-d6e3-4b01-8d33-d0b562c6eef0, Nodes: b1936a85-842c-4bb9-b894-6bc821990487{ip: 10.1.0.66, host: fv-az12-928.exdb2aeach2ezidoxz41lk3bwg.cx.internal.cloudapp.net, ports: [REPLICATION=37585, RATIS=46035, RATIS_ADMIN=46035, RATIS_SERVER=46035, STANDALONE=45945], networkLocation: /default-rack, certSerialId: null, persistedOpState: IN_SERVICE, persistedOpStateExpiryEpochSec: 0}, ReplicationConfig: RATIS/ONE, State:ALLOCATED, leaderId:b1936a85-842c-4bb9-b894-6bc821990487, CreationTimestamp2021-08-17T14:28:00.826Z[Etc/UTC]] moved to OPEN state
2021-08-17 14:28:03,820 [EventQueue-OpenPipelineForHealthyPipelineSafeModeRule] INFO  safemode.SCMSafeModeManager (HealthyPipelineSafeModeRule.java:process(124)) - SCM in safe mode. Healthy pipelines reported count is 0, required healthy pipeline reported count is 1
2021-08-17 14:28:03,820 [pool-392-thread-1] INFO  server.RaftServerConfigKeys (ConfUtils.java:logGet(44)) - raft.server.log.segment.cache.num.max = 2 (custom)
2021-08-17 14:28:03,838 [pool-392-thread-1] INFO  server.RaftServerConfigKeys (ConfUtils.java:logGet(44)) - raft.server.log.segment.cache.size.max = 200MB (=209715200) (default)
2021-08-17 14:28:03,838 [pool-392-thread-1] INFO  segmented.SegmentedRaftLogWorker (SegmentedRaftLogWorker.java:<init>(182)) - new b1936a85-842c-4bb9-b894-6bc821990487@group-D0B562C6EEF0-SegmentedRaftLogWorker for RaftStorageImpl:Storage Directory /home/runner/work/ozone/ozone/hadoop-ozone/integration-test/target/test-dir/MiniOzoneClusterImpl-1e0b2984-d7f4-44f4-99c9-a2b226c9d9b8/datanode-1/data/ratis/eef80617-d6e3-4b01-8d33-d0b562c6eef0
2021-08-17 14:28:03,838 [grpc-default-executor-0] INFO  server.RaftServer (RaftServerProxy.java:addNew(95)) - c43ab16b-06c7-400f-92a3-3c5c2029723f: addNew group-9D979AEE4FFB:[b1936a85-842c-4bb9-b894-6bc821990487|rpc:10.1.0.66:46035|dataStream:|priority:1, c43ab16b-06c7-400f-92a3-3c5c2029723f|rpc:10.1.0.66:41045|dataStream:|priority:0, 80e255e6-dcb1-4af9-8688-54f332b6f6ae|rpc:10.1.0.66:46789|dataStream:|priority:0] returns group-9D979AEE4FFB:java.util.concurrent.CompletableFuture@2825b3c2[Not completed]
2021-08-17 14:28:03,838 [pool-392-thread-1] INFO  server.RaftServerConfigKeys (ConfUtils.java:logGet(44)) - raft.server.log.queue.byte-limit = 2147483647 (custom)
2021-08-17 14:28:03,838 [pool-392-thread-1] INFO  server.RaftServerConfigKeys (ConfUtils.java:logGet(44)) - raft.server.log.queue.element-limit = 1024 (custom)
2021-08-17 14:28:03,838 [pool-392-thread-1] INFO  server.RaftServerConfigKeys (ConfUtils.java:logGet(44)) - raft.server.log.segment.size.max = 1048576 (custom)
2021-08-17 14:28:03,838 [pool-392-thread-1] INFO  server.RaftServerConfigKeys (ConfUtils.java:logGet(44)) - raft.server.log.preallocated.size = 16384 (custom)
2021-08-17 14:28:03,838 [pool-392-thread-1] INFO  server.RaftServerConfigKeys (ConfUtils.java:logGet(44)) - raft.server.log.force.sync.num = 128 (default)
2021-08-17 14:28:03,838 [pool-392-thread-1] INFO  server.RaftServerConfigKeys (ConfUtils.java:logGet(44)) - raft.server.log.statemachine.data.sync = true (default)
2021-08-17 14:28:03,838 [pool-392-thread-1] INFO  server.RaftServerConfigKeys (ConfUtils.java:logGet(44)) - raft.server.log.statemachine.data.sync.timeout = 10s (default)
2021-08-17 14:28:03,838 [pool-392-thread-1] INFO  server.RaftServerConfigKeys (ConfUtils.java:logGet(44)) - raft.server.log.statemachine.data.sync.timeout.retry = -1 (default)
2021-08-17 14:28:03,839 [pool-411-thread-1] INFO  server.RaftServer$Division (RaftServerImpl.java:<init>(181)) - c43ab16b-06c7-400f-92a3-3c5c2029723f: new RaftServerImpl for group-9D979AEE4FFB:[b1936a85-842c-4bb9-b894-6bc821990487|rpc:10.1.0.66:46035|dataStream:|priority:1, c43ab16b-06c7-400f-92a3-3c5c2029723f|rpc:10.1.0.66:41045|dataStream:|priority:0, 80e255e6-dcb1-4af9-8688-54f332b6f6ae|rpc:10.1.0.66:46789|dataStream:|priority:0] with ContainerStateMachine:uninitialized
2021-08-17 14:28:03,839 [pool-411-thread-1] INFO  server.RaftServerConfigKeys (ConfUtils.java:logGet(44)) - raft.server.rpc.timeout.min = 5s (custom)
2021-08-17 14:28:03,839 [pool-411-thread-1] INFO  server.RaftServerConfigKeys (ConfUtils.java:logGet(44)) - raft.server.rpc.timeout.max = 5200ms (custom)
2021-08-17 14:28:03,839 [pool-392-thread-1] INFO  server.RaftServerConfigKeys (ConfUtils.java:logGet(44)) - raft.server.log.write.buffer.size = 1048576 (custom)
2021-08-17 14:28:03,840 [pool-392-thread-1] INFO  server.RaftServerConfigKeys (ConfUtils.java:logGet(44)) - raft.server.log.statemachine.data.caching.enabled = true (custom)
2021-08-17 14:28:03,840 [pool-392-thread-1] INFO  segmented.SegmentedRaftLogWorker (SegmentedRaftLogWorker.java:lambda$new$0(133)) - b1936a85-842c-4bb9-b894-6bc821990487@group-D0B562C6EEF0-SegmentedRaftLogWorker: flushIndex: setUnconditionally 0 -> -1
2021-08-17 14:28:03,840 [pool-392-thread-1] INFO  segmented.SegmentedRaftLogWorker (SegmentedRaftLogWorker.java:lambda$new$0(133)) - b1936a85-842c-4bb9-b894-6bc821990487@group-D0B562C6EEF0-SegmentedRaftLogWorker: safeCacheEvictIndex: setUnconditionally 0 -> -1
2021-08-17 14:28:03,839 [pool-411-thread-1] INFO  server.RaftServerConfigKeys (ConfUtils.java:logGet(44)) - raft.server.rpc.sleep.time = 25ms (default)
2021-08-17 14:28:03,840 [pool-411-thread-1] INFO  server.RaftServerConfigKeys (ConfUtils.java:logGet(44)) - raft.server.rpc.slowness.timeout = 300s (custom)
2021-08-17 14:28:03,840 [pool-411-thread-1] INFO  server.RaftServerConfigKeys (ConfUtils.java:logGet(44)) - raft.server.leaderelection.leader.step-down.wait-time = 10s (default)
2021-08-17 14:28:03,840 [pool-411-thread-1] INFO  server.RaftServerConfigKeys (ConfUtils.java:logGet(44)) - raft.server.sleep.deviation.threshold = 300ms (default)
2021-08-17 14:28:03,840 [pool-411-thread-1] INFO  server.RaftServerConfigKeys (ConfUtils.java:logGet(44)) - raft.server.log.appender.install.snapshot.enabled = false (custom)
2021-08-17 14:28:03,840 [pool-411-thread-1] INFO  server.RaftServer$Division (ServerState.java:<init>(105)) - c43ab16b-06c7-400f-92a3-3c5c2029723f@group-9D979AEE4FFB: ConfigurationManager, init=-1: [b1936a85-842c-4bb9-b894-6bc821990487|rpc:10.1.0.66:46035|dataStream:|priority:1, c43ab16b-06c7-400f-92a3-3c5c2029723f|rpc:10.1.0.66:41045|dataStream:|priority:0, 80e255e6-dcb1-4af9-8688-54f332b6f6ae|rpc:10.1.0.66:46789|dataStream:|priority:0], old=null, confs=<EMPTY_MAP>
2021-08-17 14:28:03,841 [pool-411-thread-1] INFO  server.RaftServerConfigKeys (ConfUtils.java:logGet(44)) - raft.server.storage.dir = [/home/runner/work/ozone/ozone/hadoop-ozone/integration-test/target/test-dir/MiniOzoneClusterImpl-1e0b2984-d7f4-44f4-99c9-a2b226c9d9b8/datanode-2/data/ratis] (custom)
2021-08-17 14:28:03,841 [pool-411-thread-1] INFO  server.RaftServerConfigKeys (ConfUtils.java:logGet(44)) - raft.server.log.corruption.policy = EXCEPTION (default)
2021-08-17 14:28:03,841 [pool-411-thread-1] INFO  server.RaftServerConfigKeys (ConfUtils.java:logGet(44)) - raft.server.storage.free-space.min = 0MB (=0) (default)
2021-08-17 14:28:03,841 [pool-411-thread-1] INFO  storage.RaftStorageDirectory (RaftStorageDirectoryImpl.java:analyzeStorage(135)) - The storage directory /home/runner/work/ozone/ozone/hadoop-ozone/integration-test/target/test-dir/MiniOzoneClusterImpl-1e0b2984-d7f4-44f4-99c9-a2b226c9d9b8/datanode-2/data/ratis/e5ade66f-2463-4857-8836-9d979aee4ffb does not exist. Creating ...
2021-08-17 14:28:03,841 [pool-392-thread-1] INFO  server.RaftServerConfigKeys (ConfUtils.java:logGet(44)) - raft.server.snapshot.auto.trigger.enabled = true (custom)
2021-08-17 14:28:03,841 [pool-392-thread-1] INFO  server.RaftServerConfigKeys (ConfUtils.java:logGet(44)) - raft.server.snapshot.auto.trigger.threshold = 10000 (custom)
2021-08-17 14:28:03,841 [pool-392-thread-1] INFO  server.RaftServerConfigKeys (ConfUtils.java:logGet(44)) - raft.server.snapshot.retention.file.num = 5 (custom)
2021-08-17 14:28:03,841 [pool-392-thread-1] INFO  server.RaftServerConfigKeys (ConfUtils.java:logGet(44)) - raft.server.log.purge.upto.snapshot.index = false (default)
2021-08-17 14:28:03,842 [pool-392-thread-1] INFO  server.RaftServerConfigKeys (ConfUtils.java:logGet(44)) - raft.server.retrycache.expirytime = 600000ms (custom)
2021-08-17 14:28:03,842 [pool-392-thread-1] INFO  server.RaftServerConfigKeys (ConfUtils.java:logGet(44)) - raft.server.retrycache.statistics.expirytime = 100μs (default)
2021-08-17 14:28:03,842 [pool-411-thread-1] INFO  storage.RaftStorageDirectory (RaftStorageDirectoryImpl.java:tryLock(230)) - Lock on /home/runner/work/ozone/ozone/hadoop-ozone/integration-test/target/test-dir/MiniOzoneClusterImpl-1e0b2984-d7f4-44f4-99c9-a2b226c9d9b8/datanode-2/data/ratis/e5ade66f-2463-4857-8836-9d979aee4ffb/in_use.lock acquired by nodename 21674@fv-az12-928
2021-08-17 14:28:03,843 [pool-392-thread-1] INFO  server.RaftServer$Division (RaftServerImpl.java:start(296)) - b1936a85-842c-4bb9-b894-6bc821990487@group-D0B562C6EEF0: start as a follower, conf=-1: [b1936a85-842c-4bb9-b894-6bc821990487|rpc:10.1.0.66:46035|priority:1], old=null
2021-08-17 14:28:03,843 [pool-392-thread-1] INFO  server.RaftServer$Division (RaftServerImpl.java:setRole(285)) - b1936a85-842c-4bb9-b894-6bc821990487@group-D0B562C6EEF0: changes role from      null to FOLLOWER at term 0 for startAsFollower
2021-08-17 14:28:03,843 [pool-392-thread-1] INFO  impl.RoleInfo (RoleInfo.java:updateAndGet(130)) - b1936a85-842c-4bb9-b894-6bc821990487: start b1936a85-842c-4bb9-b894-6bc821990487@group-D0B562C6EEF0-FollowerState
2021-08-17 14:28:03,846 [pool-392-thread-1] INFO  util.JmxRegister (JmxRegister.java:tryRegister(44)) - Successfully registered JMX Bean with object name Ratis:service=RaftServer,group=group-D0B562C6EEF0,id=b1936a85-842c-4bb9-b894-6bc821990487
2021-08-17 14:28:03,847 [pool-411-thread-1] INFO  storage.RaftStorage (RaftStorageImpl.java:format(89)) - Storage directory /home/runner/work/ozone/ozone/hadoop-ozone/integration-test/target/test-dir/MiniOzoneClusterImpl-1e0b2984-d7f4-44f4-99c9-a2b226c9d9b8/datanode-2/data/ratis/e5ade66f-2463-4857-8836-9d979aee4ffb has been successfully formatted.
2021-08-17 14:28:03,870 [Command processor thread] INFO  ratis.XceiverServerRatis (XceiverServerRatis.java:addGroup(763)) - Created group PipelineID=eef80617-d6e3-4b01-8d33-d0b562c6eef0
2021-08-17 14:28:03,870 [Command processor thread] INFO  commandhandler.CreatePipelineCommandHandler (CreatePipelineCommandHandler.java:handle(106)) - Created Pipeline RATIS ONE PipelineID=eef80617-d6e3-4b01-8d33-d0b562c6eef0.
2021-08-17 14:28:03,870 [Command processor thread] INFO  server.RaftServer (RaftServerProxy.java:addNew(95)) - b1936a85-842c-4bb9-b894-6bc821990487: addNew group-9D979AEE4FFB:[b1936a85-842c-4bb9-b894-6bc821990487|rpc:10.1.0.66:46035|priority:1, c43ab16b-06c7-400f-92a3-3c5c2029723f|rpc:10.1.0.66:41045|priority:0, 80e255e6-dcb1-4af9-8688-54f332b6f6ae|rpc:10.1.0.66:46789|priority:0] returns group-9D979AEE4FFB:java.util.concurrent.CompletableFuture@7f1b8c00[Not completed]
2021-08-17 14:28:03,882 [pool-411-thread-1] INFO  ratis.ContainerStateMachine (ContainerStateMachine.java:loadSnapshot(225)) - group-9D979AEE4FFB: The snapshot info is null. Setting the last applied indexto:(t:0, i:~)
2021-08-17 14:28:03,882 [pool-411-thread-1] INFO  server.RaftServerConfigKeys (ConfUtils.java:logGet(44)) - raft.server.notification.no-leader.timeout = 300s (custom)
2021-08-17 14:28:03,882 [pool-411-thread-1] INFO  server.RaftServerConfigKeys (ConfUtils.java:logGet(44)) - raft.server.log.use.memory = false (default)
2021-08-17 14:28:03,882 [pool-411-thread-1] INFO  server.RaftServerConfigKeys (ConfUtils.java:logGet(44)) - raft.server.log.purge.gap = 1000000 (custom)
2021-08-17 14:28:03,883 [pool-411-thread-1] INFO  server.RaftServerConfigKeys (ConfUtils.java:logGet(44)) - raft.server.log.appender.buffer.byte-limit = 33554432 (custom)
2021-08-17 14:28:03,883 [pool-411-thread-1] INFO  server.RaftServerConfigKeys (ConfUtils.java:logGet(44)) - raft.server.log.segment.size.max = 1048576 (custom)
2021-08-17 14:28:03,883 [pool-411-thread-1] INFO  server.RaftServerConfigKeys (ConfUtils.java:logGet(44)) - raft.server.log.segment.cache.num.max = 2 (custom)
2021-08-17 14:28:03,883 [pool-411-thread-1] INFO  server.RaftServerConfigKeys (ConfUtils.java:logGet(44)) - raft.server.log.segment.cache.size.max = 200MB (=209715200) (default)
2021-08-17 14:28:03,883 [pool-411-thread-1] INFO  segmented.SegmentedRaftLogWorker (SegmentedRaftLogWorker.java:<init>(182)) - new c43ab16b-06c7-400f-92a3-3c5c2029723f@group-9D979AEE4FFB-SegmentedRaftLogWorker for RaftStorageImpl:Storage Directory /home/runner/work/ozone/ozone/hadoop-ozone/integration-test/target/test-dir/MiniOzoneClusterImpl-1e0b2984-d7f4-44f4-99c9-a2b226c9d9b8/datanode-2/data/ratis/e5ade66f-2463-4857-8836-9d979aee4ffb
2021-08-17 14:28:03,883 [pool-411-thread-1] INFO  server.RaftServerConfigKeys (ConfUtils.java:logGet(44)) - raft.server.log.queue.byte-limit = 2147483647 (custom)
2021-08-17 14:28:03,883 [pool-411-thread-1] INFO  server.RaftServerConfigKeys (ConfUtils.java:logGet(44)) - raft.server.log.queue.element-limit = 1024 (custom)
2021-08-17 14:28:03,883 [pool-411-thread-1] INFO  server.RaftServerConfigKeys (ConfUtils.java:logGet(44)) - raft.server.log.segment.size.max = 1048576 (custom)
2021-08-17 14:28:03,883 [pool-411-thread-1] INFO  server.RaftServerConfigKeys (ConfUtils.java:logGet(44)) - raft.server.log.preallocated.size = 16384 (custom)
2021-08-17 14:28:03,883 [pool-411-thread-1] INFO  server.RaftServerConfigKeys (ConfUtils.java:logGet(44)) - raft.server.log.force.sync.num = 128 (default)
2021-08-17 14:28:03,883 [pool-411-thread-1] INFO  server.RaftServerConfigKeys (ConfUtils.java:logGet(44)) - raft.server.log.statemachine.data.sync = true (default)
2021-08-17 14:28:03,883 [pool-411-thread-1] INFO  server.RaftServerConfigKeys (ConfUtils.java:logGet(44)) - raft.server.log.statemachine.data.sync.timeout = 10s (default)
2021-08-17 14:28:03,884 [pool-411-thread-1] INFO  server.RaftServerConfigKeys (ConfUtils.java:logGet(44)) - raft.server.log.statemachine.data.sync.timeout.retry = -1 (default)
2021-08-17 14:28:03,884 [pool-411-thread-1] INFO  server.RaftServerConfigKeys (ConfUtils.java:logGet(44)) - raft.server.log.write.buffer.size = 1048576 (custom)
2021-08-17 14:28:03,884 [pool-411-thread-1] INFO  server.RaftServerConfigKeys (ConfUtils.java:logGet(44)) - raft.server.log.statemachine.data.caching.enabled = true (custom)
2021-08-17 14:28:03,885 [pool-411-thread-1] INFO  segmented.SegmentedRaftLogWorker (SegmentedRaftLogWorker.java:lambda$new$0(133)) - c43ab16b-06c7-400f-92a3-3c5c2029723f@group-9D979AEE4FFB-SegmentedRaftLogWorker: flushIndex: setUnconditionally 0 -> -1
2021-08-17 14:28:03,885 [pool-411-thread-1] INFO  segmented.SegmentedRaftLogWorker (SegmentedRaftLogWorker.java:lambda$new$0(133)) - c43ab16b-06c7-400f-92a3-3c5c2029723f@group-9D979AEE4FFB-SegmentedRaftLogWorker: safeCacheEvictIndex: setUnconditionally 0 -> -1
2021-08-17 14:28:03,885 [Datanode State Machine Thread - 0] WARN  statemachine.StateContext (StateContext.java:execute(621)) - No available thread in pool for past 1 seconds.
2021-08-17 14:28:03,886 [pool-411-thread-1] INFO  server.RaftServerConfigKeys (ConfUtils.java:logGet(44)) - raft.server.snapshot.auto.trigger.enabled = true (custom)
2021-08-17 14:28:03,886 [pool-411-thread-1] INFO  server.RaftServerConfigKeys (ConfUtils.java:logGet(44)) - raft.server.snapshot.auto.trigger.threshold = 10000 (custom)
2021-08-17 14:28:03,886 [pool-411-thread-1] INFO  server.RaftServerConfigKeys (ConfUtils.java:logGet(44)) - raft.server.snapshot.retention.file.num = 5 (custom)
2021-08-17 14:28:03,886 [pool-411-thread-1] INFO  server.RaftServerConfigKeys (ConfUtils.java:logGet(44)) - raft.server.log.purge.upto.snapshot.index = false (default)
2021-08-17 14:28:03,886 [pool-411-thread-1] INFO  server.RaftServerConfigKeys (ConfUtils.java:logGet(44)) - raft.server.retrycache.expirytime = 600000ms (custom)
2021-08-17 14:28:03,886 [pool-411-thread-1] INFO  server.RaftServerConfigKeys (ConfUtils.java:logGet(44)) - raft.server.retrycache.statistics.expirytime = 100μs (default)
2021-08-17 14:28:03,887 [pool-411-thread-1] INFO  server.RaftServer$Division (RaftServerImpl.java:start(296)) - c43ab16b-06c7-400f-92a3-3c5c2029723f@group-9D979AEE4FFB: start as a follower, conf=-1: [b1936a85-842c-4bb9-b894-6bc821990487|rpc:10.1.0.66:46035|dataStream:|priority:1, c43ab16b-06c7-400f-92a3-3c5c2029723f|rpc:10.1.0.66:41045|dataStream:|priority:0, 80e255e6-dcb1-4af9-8688-54f332b6f6ae|rpc:10.1.0.66:46789|dataStream:|priority:0], old=null
2021-08-17 14:28:03,887 [pool-411-thread-1] INFO  server.RaftServer$Division (RaftServerImpl.java:setRole(285)) - c43ab16b-06c7-400f-92a3-3c5c2029723f@group-9D979AEE4FFB: changes role from      null to FOLLOWER at term 0 for startAsFollower
2021-08-17 14:28:03,887 [pool-411-thread-1] INFO  impl.RoleInfo (RoleInfo.java:updateAndGet(130)) - c43ab16b-06c7-400f-92a3-3c5c2029723f: start c43ab16b-06c7-400f-92a3-3c5c2029723f@group-9D979AEE4FFB-FollowerState
2021-08-17 14:28:03,888 [pool-411-thread-1] INFO  util.JmxRegister (JmxRegister.java:tryRegister(44)) - Successfully registered JMX Bean with object name Ratis:service=RaftServer,group=group-9D979AEE4FFB,id=c43ab16b-06c7-400f-92a3-3c5c2029723f
2021-08-17 14:28:04,030 [pool-392-thread-1] INFO  server.RaftServer$Division (RaftServerImpl.java:<init>(181)) - b1936a85-842c-4bb9-b894-6bc821990487: new RaftServerImpl for group-9D979AEE4FFB:[b1936a85-842c-4bb9-b894-6bc821990487|rpc:10.1.0.66:46035|priority:1, c43ab16b-06c7-400f-92a3-3c5c2029723f|rpc:10.1.0.66:41045|priority:0, 80e255e6-dcb1-4af9-8688-54f332b6f6ae|rpc:10.1.0.66:46789|priority:0] with ContainerStateMachine:uninitialized
2021-08-17 14:28:04,030 [pool-392-thread-1] INFO  server.RaftServerConfigKeys (ConfUtils.java:logGet(44)) - raft.server.rpc.timeout.min = 5s (custom)
2021-08-17 14:28:04,030 [pool-392-thread-1] INFO  server.RaftServerConfigKeys (ConfUtils.java:logGet(44)) - raft.server.rpc.timeout.max = 5200ms (custom)
2021-08-17 14:28:04,030 [pool-392-thread-1] INFO  server.RaftServerConfigKeys (ConfUtils.java:logGet(44)) - raft.server.rpc.sleep.time = 25ms (default)
2021-08-17 14:28:04,030 [pool-392-thread-1] INFO  server.RaftServerConfigKeys (ConfUtils.java:logGet(44)) - raft.server.rpc.slowness.timeout = 300s (custom)
2021-08-17 14:28:04,030 [pool-392-thread-1] INFO  server.RaftServerConfigKeys (ConfUtils.java:logGet(44)) - raft.server.leaderelection.leader.step-down.wait-time = 10s (default)
2021-08-17 14:28:04,030 [pool-392-thread-1] INFO  server.RaftServerConfigKeys (ConfUtils.java:logGet(44)) - raft.server.sleep.deviation.threshold = 300ms (default)
2021-08-17 14:28:04,030 [pool-392-thread-1] INFO  server.RaftServerConfigKeys (ConfUtils.java:logGet(44)) - raft.server.log.appender.install.snapshot.enabled = false (custom)
2021-08-17 14:28:04,030 [pool-392-thread-1] INFO  server.RaftServer$Division (ServerState.java:<init>(105)) - b1936a85-842c-4bb9-b894-6bc821990487@group-9D979AEE4FFB: ConfigurationManager, init=-1: [b1936a85-842c-4bb9-b894-6bc821990487|rpc:10.1.0.66:46035|priority:1, c43ab16b-06c7-400f-92a3-3c5c2029723f|rpc:10.1.0.66:41045|priority:0, 80e255e6-dcb1-4af9-8688-54f332b6f6ae|rpc:10.1.0.66:46789|priority:0], old=null, confs=<EMPTY_MAP>
2021-08-17 14:28:04,030 [pool-392-thread-1] INFO  server.RaftServerConfigKeys (ConfUtils.java:logGet(44)) - raft.server.storage.dir = [/home/runner/work/ozone/ozone/hadoop-ozone/integration-test/target/test-dir/MiniOzoneClusterImpl-1e0b2984-d7f4-44f4-99c9-a2b226c9d9b8/datanode-1/data/ratis] (custom)
2021-08-17 14:28:04,030 [pool-392-thread-1] INFO  server.RaftServerConfigKeys (ConfUtils.java:logGet(44)) - raft.server.log.corruption.policy = EXCEPTION (default)
2021-08-17 14:28:04,030 [pool-392-thread-1] INFO  server.RaftServerConfigKeys (ConfUtils.java:logGet(44)) - raft.server.storage.free-space.min = 0MB (=0) (default)
2021-08-17 14:28:04,031 [pool-392-thread-1] INFO  storage.RaftStorageDirectory (RaftStorageDirectoryImpl.java:analyzeStorage(135)) - The storage directory /home/runner/work/ozone/ozone/hadoop-ozone/integration-test/target/test-dir/MiniOzoneClusterImpl-1e0b2984-d7f4-44f4-99c9-a2b226c9d9b8/datanode-1/data/ratis/e5ade66f-2463-4857-8836-9d979aee4ffb does not exist. Creating ...
2021-08-17 14:28:04,044 [pool-392-thread-1] INFO  storage.RaftStorageDirectory (RaftStorageDirectoryImpl.java:tryLock(230)) - Lock on /home/runner/work/ozone/ozone/hadoop-ozone/integration-test/target/test-dir/MiniOzoneClusterImpl-1e0b2984-d7f4-44f4-99c9-a2b226c9d9b8/datanode-1/data/ratis/e5ade66f-2463-4857-8836-9d979aee4ffb/in_use.lock acquired by nodename 21674@fv-az12-928
2021-08-17 14:28:04,070 [pool-392-thread-1] INFO  storage.RaftStorage (RaftStorageImpl.java:format(89)) - Storage directory /home/runner/work/ozone/ozone/hadoop-ozone/integration-test/target/test-dir/MiniOzoneClusterImpl-1e0b2984-d7f4-44f4-99c9-a2b226c9d9b8/datanode-1/data/ratis/e5ade66f-2463-4857-8836-9d979aee4ffb has been successfully formatted.
2021-08-17 14:28:04,070 [pool-392-thread-1] INFO  ratis.ContainerStateMachine (ContainerStateMachine.java:loadSnapshot(225)) - group-9D979AEE4FFB: The snapshot info is null. Setting the last applied indexto:(t:0, i:~)
2021-08-17 14:28:04,094 [Datanode State Machine Thread - 0] WARN  statemachine.StateContext (StateContext.java:execute(621)) - No available thread in pool for past 1 seconds.
2021-08-17 14:28:04,095 [EventQueue-OpenPipelineForHealthyPipelineSafeModeRule] INFO  safemode.SCMSafeModeManager (HealthyPipelineSafeModeRule.java:process(124)) - SCM in safe mode. Healthy pipelines reported count is 0, required healthy pipeline reported count is 1
2021-08-17 14:28:04,095 [pool-392-thread-1] INFO  server.RaftServerConfigKeys (ConfUtils.java:logGet(44)) - raft.server.notification.no-leader.timeout = 300s (custom)
2021-08-17 14:28:04,096 [pool-392-thread-1] INFO  server.RaftServerConfigKeys (ConfUtils.java:logGet(44)) - raft.server.log.use.memory = false (default)
2021-08-17 14:28:04,096 [pool-392-thread-1] INFO  server.RaftServerConfigKeys (ConfUtils.java:logGet(44)) - raft.server.log.purge.gap = 1000000 (custom)
2021-08-17 14:28:04,096 [pool-392-thread-1] INFO  server.RaftServerConfigKeys (ConfUtils.java:logGet(44)) - raft.server.log.appender.buffer.byte-limit = 33554432 (custom)
2021-08-17 14:28:04,096 [pool-392-thread-1] INFO  server.RaftServerConfigKeys (ConfUtils.java:logGet(44)) - raft.server.log.segment.size.max = 1048576 (custom)
2021-08-17 14:28:04,096 [pool-392-thread-1] INFO  server.RaftServerConfigKeys (ConfUtils.java:logGet(44)) - raft.server.log.segment.cache.num.max = 2 (custom)
2021-08-17 14:28:04,096 [pool-392-thread-1] INFO  server.RaftServerConfigKeys (ConfUtils.java:logGet(44)) - raft.server.log.segment.cache.size.max = 200MB (=209715200) (default)
2021-08-17 14:28:04,096 [pool-392-thread-1] INFO  segmented.SegmentedRaftLogWorker (SegmentedRaftLogWorker.java:<init>(182)) - new b1936a85-842c-4bb9-b894-6bc821990487@group-9D979AEE4FFB-SegmentedRaftLogWorker for RaftStorageImpl:Storage Directory /home/runner/work/ozone/ozone/hadoop-ozone/integration-test/target/test-dir/MiniOzoneClusterImpl-1e0b2984-d7f4-44f4-99c9-a2b226c9d9b8/datanode-1/data/ratis/e5ade66f-2463-4857-8836-9d979aee4ffb
2021-08-17 14:28:04,096 [pool-392-thread-1] INFO  server.RaftServerConfigKeys (ConfUtils.java:logGet(44)) - raft.server.log.queue.byte-limit = 2147483647 (custom)
2021-08-17 14:28:04,096 [pool-392-thread-1] INFO  server.RaftServerConfigKeys (ConfUtils.java:logGet(44)) - raft.server.log.queue.element-limit = 1024 (custom)
2021-08-17 14:28:04,097 [pool-392-thread-1] INFO  server.RaftServerConfigKeys (ConfUtils.java:logGet(44)) - raft.server.log.segment.size.max = 1048576 (custom)
2021-08-17 14:28:04,097 [pool-392-thread-1] INFO  server.RaftServerConfigKeys (ConfUtils.java:logGet(44)) - raft.server.log.preallocated.size = 16384 (custom)
2021-08-17 14:28:04,097 [pool-392-thread-1] INFO  server.RaftServerConfigKeys (ConfUtils.java:logGet(44)) - raft.server.log.force.sync.num = 128 (default)
2021-08-17 14:28:04,097 [pool-392-thread-1] INFO  server.RaftServerConfigKeys (ConfUtils.java:logGet(44)) - raft.server.log.statemachine.data.sync = true (default)
2021-08-17 14:28:04,097 [pool-392-thread-1] INFO  server.RaftServerConfigKeys (ConfUtils.java:logGet(44)) - raft.server.log.statemachine.data.sync.timeout = 10s (default)
2021-08-17 14:28:04,097 [pool-392-thread-1] INFO  server.RaftServerConfigKeys (ConfUtils.java:logGet(44)) - raft.server.log.statemachine.data.sync.timeout.retry = -1 (default)
2021-08-17 14:28:04,099 [pool-392-thread-1] INFO  server.RaftServerConfigKeys (ConfUtils.java:logGet(44)) - raft.server.log.write.buffer.size = 1048576 (custom)
2021-08-17 14:28:04,100 [pool-392-thread-1] INFO  server.RaftServerConfigKeys (ConfUtils.java:logGet(44)) - raft.server.log.statemachine.data.caching.enabled = true (custom)
2021-08-17 14:28:04,100 [pool-392-thread-1] INFO  segmented.SegmentedRaftLogWorker (SegmentedRaftLogWorker.java:lambda$new$0(133)) - b1936a85-842c-4bb9-b894-6bc821990487@group-9D979AEE4FFB-SegmentedRaftLogWorker: flushIndex: setUnconditionally 0 -> -1
2021-08-17 14:28:04,100 [pool-392-thread-1] INFO  segmented.SegmentedRaftLogWorker (SegmentedRaftLogWorker.java:lambda$new$0(133)) - b1936a85-842c-4bb9-b894-6bc821990487@group-9D979AEE4FFB-SegmentedRaftLogWorker: safeCacheEvictIndex: setUnconditionally 0 -> -1
2021-08-17 14:28:04,107 [pool-392-thread-1] INFO  server.RaftServerConfigKeys (ConfUtils.java:logGet(44)) - raft.server.snapshot.auto.trigger.enabled = true (custom)
2021-08-17 14:28:04,108 [pool-392-thread-1] INFO  server.RaftServerConfigKeys (ConfUtils.java:logGet(44)) - raft.server.snapshot.auto.trigger.threshold = 10000 (custom)
2021-08-17 14:28:04,108 [pool-392-thread-1] INFO  server.RaftServerConfigKeys (ConfUtils.java:logGet(44)) - raft.server.snapshot.retention.file.num = 5 (custom)
2021-08-17 14:28:04,108 [pool-392-thread-1] INFO  server.RaftServerConfigKeys (ConfUtils.java:logGet(44)) - raft.server.log.purge.upto.snapshot.index = false (default)
2021-08-17 14:28:04,108 [pool-392-thread-1] INFO  server.RaftServerConfigKeys (ConfUtils.java:logGet(44)) - raft.server.retrycache.expirytime = 600000ms (custom)
2021-08-17 14:28:04,108 [pool-392-thread-1] INFO  server.RaftServerConfigKeys (ConfUtils.java:logGet(44)) - raft.server.retrycache.statistics.expirytime = 100μs (default)
2021-08-17 14:28:04,109 [pool-392-thread-1] INFO  server.RaftServer$Division (RaftServerImpl.java:start(296)) - b1936a85-842c-4bb9-b894-6bc821990487@group-9D979AEE4FFB: start as a follower, conf=-1: [b1936a85-842c-4bb9-b894-6bc821990487|rpc:10.1.0.66:46035|priority:1, c43ab16b-06c7-400f-92a3-3c5c2029723f|rpc:10.1.0.66:41045|priority:0, 80e255e6-dcb1-4af9-8688-54f332b6f6ae|rpc:10.1.0.66:46789|priority:0], old=null
2021-08-17 14:28:04,109 [pool-392-thread-1] INFO  server.RaftServer$Division (RaftServerImpl.java:setRole(285)) - b1936a85-842c-4bb9-b894-6bc821990487@group-9D979AEE4FFB: changes role from      null to FOLLOWER at term 0 for startAsFollower
2021-08-17 14:28:04,110 [pool-392-thread-1] INFO  impl.RoleInfo (RoleInfo.java:updateAndGet(130)) - b1936a85-842c-4bb9-b894-6bc821990487: start b1936a85-842c-4bb9-b894-6bc821990487@group-9D979AEE4FFB-FollowerState
2021-08-17 14:28:04,124 [pool-392-thread-1] INFO  util.JmxRegister (JmxRegister.java:tryRegister(44)) - Successfully registered JMX Bean with object name Ratis:service=RaftServer,group=group-9D979AEE4FFB,id=b1936a85-842c-4bb9-b894-6bc821990487
2021-08-17 14:28:04,166 [Command processor thread] INFO  ratis.XceiverServerRatis (XceiverServerRatis.java:addGroup(763)) - Created group PipelineID=e5ade66f-2463-4857-8836-9d979aee4ffb
2021-08-17 14:28:04,186 [Command processor thread] INFO  commandhandler.CreatePipelineCommandHandler (CreatePipelineCommandHandler.java:handle(106)) - Created Pipeline RATIS THREE PipelineID=e5ade66f-2463-4857-8836-9d979aee4ffb.
2021-08-17 14:28:04,374 [Command processor thread] INFO  commandhandler.CreatePipelineCommandHandler (CreatePipelineCommandHandler.java:handle(106)) - Created Pipeline RATIS THREE PipelineID=e5ade66f-2463-4857-8836-9d979aee4ffb.
2021-08-17 14:28:04,451 [Listener at 127.0.0.1/39353] INFO  ozone.MiniOzoneClusterImpl (MiniOzoneClusterImpl.java:lambda$waitForClusterToBeReady$0(235)) - Nodes are ready. Got 3 of 3 DN Heartbeats.
2021-08-17 14:28:04,451 [Listener at 127.0.0.1/39353] INFO  ozone.MiniOzoneClusterImpl (MiniOzoneClusterImpl.java:lambda$waitForClusterToBeReady$0(238)) - Waiting for cluster to exit safe mode
2021-08-17 14:28:04,451 [Listener at 127.0.0.1/39353] INFO  ozone.MiniOzoneClusterImpl (MiniOzoneClusterImpl.java:lambda$waitForClusterToBeReady$0(240)) - SCM became leader
2021-08-17 14:28:04,482 [Command processor thread] INFO  server.RaftServer (RaftServerProxy.java:addNew(95)) - c43ab16b-06c7-400f-92a3-3c5c2029723f: addNew group-9463E0C8C45D:[c43ab16b-06c7-400f-92a3-3c5c2029723f|rpc:10.1.0.66:41045|priority:1] returns group-9463E0C8C45D:java.util.concurrent.CompletableFuture@138ffd67[Not completed]
2021-08-17 14:28:04,482 [pool-411-thread-1] INFO  server.RaftServer$Division (RaftServerImpl.java:<init>(181)) - c43ab16b-06c7-400f-92a3-3c5c2029723f: new RaftServerImpl for group-9463E0C8C45D:[c43ab16b-06c7-400f-92a3-3c5c2029723f|rpc:10.1.0.66:41045|priority:1] with ContainerStateMachine:uninitialized
2021-08-17 14:28:04,482 [pool-411-thread-1] INFO  server.RaftServerConfigKeys (ConfUtils.java:logGet(44)) - raft.server.rpc.timeout.min = 5s (custom)
2021-08-17 14:28:04,482 [pool-411-thread-1] INFO  server.RaftServerConfigKeys (ConfUtils.java:logGet(44)) - raft.server.rpc.timeout.max = 5200ms (custom)
2021-08-17 14:28:04,482 [pool-411-thread-1] INFO  server.RaftServerConfigKeys (ConfUtils.java:logGet(44)) - raft.server.rpc.sleep.time = 25ms (default)
2021-08-17 14:28:04,483 [pool-411-thread-1] INFO  server.RaftServerConfigKeys (ConfUtils.java:logGet(44)) - raft.server.rpc.slowness.timeout = 300s (custom)
2021-08-17 14:28:04,483 [pool-411-thread-1] INFO  server.RaftServerConfigKeys (ConfUtils.java:logGet(44)) - raft.server.leaderelection.leader.step-down.wait-time = 10s (default)
2021-08-17 14:28:04,483 [pool-411-thread-1] INFO  server.RaftServerConfigKeys (ConfUtils.java:logGet(44)) - raft.server.sleep.deviation.threshold = 300ms (default)
2021-08-17 14:28:04,483 [pool-411-thread-1] INFO  server.RaftServerConfigKeys (ConfUtils.java:logGet(44)) - raft.server.log.appender.install.snapshot.enabled = false (custom)
2021-08-17 14:28:04,483 [pool-411-thread-1] INFO  server.RaftServer$Division (ServerState.java:<init>(105)) - c43ab16b-06c7-400f-92a3-3c5c2029723f@group-9463E0C8C45D: ConfigurationManager, init=-1: [c43ab16b-06c7-400f-92a3-3c5c2029723f|rpc:10.1.0.66:41045|priority:1], old=null, confs=<EMPTY_MAP>
2021-08-17 14:28:04,483 [pool-411-thread-1] INFO  server.RaftServerConfigKeys (ConfUtils.java:logGet(44)) - raft.server.storage.dir = [/home/runner/work/ozone/ozone/hadoop-ozone/integration-test/target/test-dir/MiniOzoneClusterImpl-1e0b2984-d7f4-44f4-99c9-a2b226c9d9b8/datanode-2/data/ratis] (custom)
2021-08-17 14:28:04,483 [pool-411-thread-1] INFO  server.RaftServerConfigKeys (ConfUtils.java:logGet(44)) - raft.server.log.corruption.policy = EXCEPTION (default)
2021-08-17 14:28:04,483 [pool-411-thread-1] INFO  server.RaftServerConfigKeys (ConfUtils.java:logGet(44)) - raft.server.storage.free-space.min = 0MB (=0) (default)
2021-08-17 14:28:04,483 [pool-411-thread-1] INFO  storage.RaftStorageDirectory (RaftStorageDirectoryImpl.java:analyzeStorage(135)) - The storage directory /home/runner/work/ozone/ozone/hadoop-ozone/integration-test/target/test-dir/MiniOzoneClusterImpl-1e0b2984-d7f4-44f4-99c9-a2b226c9d9b8/datanode-2/data/ratis/b3bfa8d7-a080-4f1f-bf6b-9463e0c8c45d does not exist. Creating ...
2021-08-17 14:28:04,489 [pool-411-thread-1] INFO  storage.RaftStorageDirectory (RaftStorageDirectoryImpl.java:tryLock(230)) - Lock on /home/runner/work/ozone/ozone/hadoop-ozone/integration-test/target/test-dir/MiniOzoneClusterImpl-1e0b2984-d7f4-44f4-99c9-a2b226c9d9b8/datanode-2/data/ratis/b3bfa8d7-a080-4f1f-bf6b-9463e0c8c45d/in_use.lock acquired by nodename 21674@fv-az12-928
2021-08-17 14:28:04,491 [pool-411-thread-1] INFO  storage.RaftStorage (RaftStorageImpl.java:format(89)) - Storage directory /home/runner/work/ozone/ozone/hadoop-ozone/integration-test/target/test-dir/MiniOzoneClusterImpl-1e0b2984-d7f4-44f4-99c9-a2b226c9d9b8/datanode-2/data/ratis/b3bfa8d7-a080-4f1f-bf6b-9463e0c8c45d has been successfully formatted.
2021-08-17 14:28:04,491 [Datanode State Machine Thread - 0] WARN  statemachine.StateContext (StateContext.java:execute(621)) - No available thread in pool for past 1 seconds.
2021-08-17 14:28:04,492 [pool-411-thread-1] INFO  ratis.ContainerStateMachine (ContainerStateMachine.java:loadSnapshot(225)) - group-9463E0C8C45D: The snapshot info is null. Setting the last applied indexto:(t:0, i:~)
2021-08-17 14:28:04,492 [pool-411-thread-1] INFO  server.RaftServerConfigKeys (ConfUtils.java:logGet(44)) - raft.server.notification.no-leader.timeout = 300s (custom)
2021-08-17 14:28:04,493 [EventQueue-PipelineReportForPipelineReportHandler] INFO  pipeline.PipelineManagerImpl (PipelineManagerImpl.java:openPipeline(283)) - Pipeline Pipeline[ Id: b3bfa8d7-a080-4f1f-bf6b-9463e0c8c45d, Nodes: c43ab16b-06c7-400f-92a3-3c5c2029723f{ip: 10.1.0.66, host: fv-az12-928.exdb2aeach2ezidoxz41lk3bwg.cx.internal.cloudapp.net, ports: [REPLICATION=42363, RATIS=41045, RATIS_ADMIN=41045, RATIS_SERVER=41045, STANDALONE=34717], networkLocation: /default-rack, certSerialId: null, persistedOpState: IN_SERVICE, persistedOpStateExpiryEpochSec: 0}, ReplicationConfig: RATIS/ONE, State:ALLOCATED, leaderId:c43ab16b-06c7-400f-92a3-3c5c2029723f, CreationTimestamp2021-08-17T14:28:01.481Z[Etc/UTC]] moved to OPEN state
2021-08-17 14:28:04,493 [EventQueue-OpenPipelineForHealthyPipelineSafeModeRule] INFO  safemode.SCMSafeModeManager (HealthyPipelineSafeModeRule.java:process(124)) - SCM in safe mode. Healthy pipelines reported count is 0, required healthy pipeline reported count is 1
2021-08-17 14:28:04,494 [pool-411-thread-1] INFO  server.RaftServerConfigKeys (ConfUtils.java:logGet(44)) - raft.server.log.use.memory = false (default)
2021-08-17 14:28:04,494 [pool-411-thread-1] INFO  server.RaftServerConfigKeys (ConfUtils.java:logGet(44)) - raft.server.log.purge.gap = 1000000 (custom)
2021-08-17 14:28:04,494 [pool-411-thread-1] INFO  server.RaftServerConfigKeys (ConfUtils.java:logGet(44)) - raft.server.log.appender.buffer.byte-limit = 33554432 (custom)
2021-08-17 14:28:04,495 [pool-411-thread-1] INFO  server.RaftServerConfigKeys (ConfUtils.java:logGet(44)) - raft.server.log.segment.size.max = 1048576 (custom)
2021-08-17 14:28:04,495 [pool-411-thread-1] INFO  server.RaftServerConfigKeys (ConfUtils.java:logGet(44)) - raft.server.log.segment.cache.num.max = 2 (custom)
2021-08-17 14:28:04,495 [pool-411-thread-1] INFO  server.RaftServerConfigKeys (ConfUtils.java:logGet(44)) - raft.server.log.segment.cache.size.max = 200MB (=209715200) (default)
2021-08-17 14:28:04,495 [pool-411-thread-1] INFO  segmented.SegmentedRaftLogWorker (SegmentedRaftLogWorker.java:<init>(182)) - new c43ab16b-06c7-400f-92a3-3c5c2029723f@group-9463E0C8C45D-SegmentedRaftLogWorker for RaftStorageImpl:Storage Directory /home/runner/work/ozone/ozone/hadoop-ozone/integration-test/target/test-dir/MiniOzoneClusterImpl-1e0b2984-d7f4-44f4-99c9-a2b226c9d9b8/datanode-2/data/ratis/b3bfa8d7-a080-4f1f-bf6b-9463e0c8c45d
2021-08-17 14:28:04,495 [pool-411-thread-1] INFO  server.RaftServerConfigKeys (ConfUtils.java:logGet(44)) - raft.server.log.queue.byte-limit = 2147483647 (custom)
2021-08-17 14:28:04,495 [pool-411-thread-1] INFO  server.RaftServerConfigKeys (ConfUtils.java:logGet(44)) - raft.server.log.queue.element-limit = 1024 (custom)
2021-08-17 14:28:04,495 [pool-411-thread-1] INFO  server.RaftServerConfigKeys (ConfUtils.java:logGet(44)) - raft.server.log.segment.size.max = 1048576 (custom)
2021-08-17 14:28:04,495 [pool-411-thread-1] INFO  server.RaftServerConfigKeys (ConfUtils.java:logGet(44)) - raft.server.log.preallocated.size = 16384 (custom)
2021-08-17 14:28:04,495 [pool-411-thread-1] INFO  server.RaftServerConfigKeys (ConfUtils.java:logGet(44)) - raft.server.log.force.sync.num = 128 (default)
2021-08-17 14:28:04,495 [pool-411-thread-1] INFO  server.RaftServerConfigKeys (ConfUtils.java:logGet(44)) - raft.server.log.statemachine.data.sync = true (default)
2021-08-17 14:28:04,495 [pool-411-thread-1] INFO  server.RaftServerConfigKeys (ConfUtils.java:logGet(44)) - raft.server.log.statemachine.data.sync.timeout = 10s (default)
2021-08-17 14:28:04,495 [pool-411-thread-1] INFO  server.RaftServerConfigKeys (ConfUtils.java:logGet(44)) - raft.server.log.statemachine.data.sync.timeout.retry = -1 (default)
2021-08-17 14:28:04,506 [pool-411-thread-1] INFO  server.RaftServerConfigKeys (ConfUtils.java:logGet(44)) - raft.server.log.write.buffer.size = 1048576 (custom)
2021-08-17 14:28:04,506 [pool-411-thread-1] INFO  server.RaftServerConfigKeys (ConfUtils.java:logGet(44)) - raft.server.log.statemachine.data.caching.enabled = true (custom)
2021-08-17 14:28:04,507 [pool-411-thread-1] INFO  segmented.SegmentedRaftLogWorker (SegmentedRaftLogWorker.java:lambda$new$0(133)) - c43ab16b-06c7-400f-92a3-3c5c2029723f@group-9463E0C8C45D-SegmentedRaftLogWorker: flushIndex: setUnconditionally 0 -> -1
2021-08-17 14:28:04,507 [pool-411-thread-1] INFO  segmented.SegmentedRaftLogWorker (SegmentedRaftLogWorker.java:lambda$new$0(133)) - c43ab16b-06c7-400f-92a3-3c5c2029723f@group-9463E0C8C45D-SegmentedRaftLogWorker: safeCacheEvictIndex: setUnconditionally 0 -> -1
2021-08-17 14:28:04,519 [pool-411-thread-1] INFO  server.RaftServerConfigKeys (ConfUtils.java:logGet(44)) - raft.server.snapshot.auto.trigger.enabled = true (custom)
2021-08-17 14:28:04,519 [pool-411-thread-1] INFO  server.RaftServerConfigKeys (ConfUtils.java:logGet(44)) - raft.server.snapshot.auto.trigger.threshold = 10000 (custom)
2021-08-17 14:28:04,519 [pool-411-thread-1] INFO  server.RaftServerConfigKeys (ConfUtils.java:logGet(44)) - raft.server.snapshot.retention.file.num = 5 (custom)
2021-08-17 14:28:04,519 [pool-411-thread-1] INFO  server.RaftServerConfigKeys (ConfUtils.java:logGet(44)) - raft.server.log.purge.upto.snapshot.index = false (default)
2021-08-17 14:28:04,519 [pool-411-thread-1] INFO  server.RaftServerConfigKeys (ConfUtils.java:logGet(44)) - raft.server.retrycache.expirytime = 600000ms (custom)
2021-08-17 14:28:04,519 [pool-411-thread-1] INFO  server.RaftServerConfigKeys (ConfUtils.java:logGet(44)) - raft.server.retrycache.statistics.expirytime = 100μs (default)
2021-08-17 14:28:04,520 [pool-411-thread-1] INFO  server.RaftServer$Division (RaftServerImpl.java:start(296)) - c43ab16b-06c7-400f-92a3-3c5c2029723f@group-9463E0C8C45D: start as a follower, conf=-1: [c43ab16b-06c7-400f-92a3-3c5c2029723f|rpc:10.1.0.66:41045|priority:1], old=null
2021-08-17 14:28:04,520 [pool-411-thread-1] INFO  server.RaftServer$Division (RaftServerImpl.java:setRole(285)) - c43ab16b-06c7-400f-92a3-3c5c2029723f@group-9463E0C8C45D: changes role from      null to FOLLOWER at term 0 for startAsFollower
2021-08-17 14:28:04,520 [pool-411-thread-1] INFO  impl.RoleInfo (RoleInfo.java:updateAndGet(130)) - c43ab16b-06c7-400f-92a3-3c5c2029723f: start c43ab16b-06c7-400f-92a3-3c5c2029723f@group-9463E0C8C45D-FollowerState
2021-08-17 14:28:04,537 [pool-411-thread-1] INFO  util.JmxRegister (JmxRegister.java:tryRegister(44)) - Successfully registered JMX Bean with object name Ratis:service=RaftServer,group=group-9463E0C8C45D,id=c43ab16b-06c7-400f-92a3-3c5c2029723f
2021-08-17 14:28:04,550 [Command processor thread] INFO  ratis.XceiverServerRatis (XceiverServerRatis.java:addGroup(763)) - Created group PipelineID=b3bfa8d7-a080-4f1f-bf6b-9463e0c8c45d
2021-08-17 14:28:04,550 [Command processor thread] INFO  commandhandler.CreatePipelineCommandHandler (CreatePipelineCommandHandler.java:handle(106)) - Created Pipeline RATIS ONE PipelineID=b3bfa8d7-a080-4f1f-bf6b-9463e0c8c45d.
2021-08-17 14:28:05,451 [Listener at 127.0.0.1/39353] INFO  ozone.MiniOzoneClusterImpl (MiniOzoneClusterImpl.java:lambda$waitForClusterToBeReady$0(235)) - Nodes are ready. Got 3 of 3 DN Heartbeats.
2021-08-17 14:28:05,451 [Listener at 127.0.0.1/39353] INFO  ozone.MiniOzoneClusterImpl (MiniOzoneClusterImpl.java:lambda$waitForClusterToBeReady$0(238)) - Waiting for cluster to exit safe mode
2021-08-17 14:28:05,451 [Listener at 127.0.0.1/39353] INFO  ozone.MiniOzoneClusterImpl (MiniOzoneClusterImpl.java:lambda$waitForClusterToBeReady$0(240)) - SCM became leader
2021-08-17 14:28:06,452 [Listener at 127.0.0.1/39353] INFO  ozone.MiniOzoneClusterImpl (MiniOzoneClusterImpl.java:lambda$waitForClusterToBeReady$0(235)) - Nodes are ready. Got 3 of 3 DN Heartbeats.
2021-08-17 14:28:06,452 [Listener at 127.0.0.1/39353] INFO  ozone.MiniOzoneClusterImpl (MiniOzoneClusterImpl.java:lambda$waitForClusterToBeReady$0(238)) - Waiting for cluster to exit safe mode
2021-08-17 14:28:06,452 [Listener at 127.0.0.1/39353] INFO  ozone.MiniOzoneClusterImpl (MiniOzoneClusterImpl.java:lambda$waitForClusterToBeReady$0(240)) - SCM became leader
2021-08-17 14:28:07,452 [Listener at 127.0.0.1/39353] INFO  ozone.MiniOzoneClusterImpl (MiniOzoneClusterImpl.java:lambda$waitForClusterToBeReady$0(235)) - Nodes are ready. Got 3 of 3 DN Heartbeats.
2021-08-17 14:28:07,452 [Listener at 127.0.0.1/39353] INFO  ozone.MiniOzoneClusterImpl (MiniOzoneClusterImpl.java:lambda$waitForClusterToBeReady$0(238)) - Waiting for cluster to exit safe mode
2021-08-17 14:28:07,452 [Listener at 127.0.0.1/39353] INFO  ozone.MiniOzoneClusterImpl (MiniOzoneClusterImpl.java:lambda$waitForClusterToBeReady$0(240)) - SCM became leader
2021-08-17 14:28:08,449 [80e255e6-dcb1-4af9-8688-54f332b6f6ae@group-BDA6F581BDB6-FollowerState] INFO  impl.FollowerState (FollowerState.java:run(134)) - 80e255e6-dcb1-4af9-8688-54f332b6f6ae@group-BDA6F581BDB6-FollowerState: change to CANDIDATE, lastRpcElapsedTime:5203514480ns, electionTimeout:5187ms
2021-08-17 14:28:08,449 [80e255e6-dcb1-4af9-8688-54f332b6f6ae@group-BDA6F581BDB6-FollowerState] INFO  impl.RoleInfo (RoleInfo.java:shutdownFollowerState(108)) - 80e255e6-dcb1-4af9-8688-54f332b6f6ae: shutdown 80e255e6-dcb1-4af9-8688-54f332b6f6ae@group-BDA6F581BDB6-FollowerState
2021-08-17 14:28:08,450 [80e255e6-dcb1-4af9-8688-54f332b6f6ae@group-BDA6F581BDB6-FollowerState] INFO  server.RaftServer$Division (RaftServerImpl.java:setRole(285)) - 80e255e6-dcb1-4af9-8688-54f332b6f6ae@group-BDA6F581BDB6: changes role from  FOLLOWER to CANDIDATE at term 0 for changeToCandidate
2021-08-17 14:28:08,457 [Listener at 127.0.0.1/39353] INFO  ozone.MiniOzoneClusterImpl (MiniOzoneClusterImpl.java:lambda$waitForClusterToBeReady$0(235)) - Nodes are ready. Got 3 of 3 DN Heartbeats.
2021-08-17 14:28:08,458 [Listener at 127.0.0.1/39353] INFO  ozone.MiniOzoneClusterImpl (MiniOzoneClusterImpl.java:lambda$waitForClusterToBeReady$0(238)) - Waiting for cluster to exit safe mode
2021-08-17 14:28:08,458 [Listener at 127.0.0.1/39353] INFO  ozone.MiniOzoneClusterImpl (MiniOzoneClusterImpl.java:lambda$waitForClusterToBeReady$0(240)) - SCM became leader
2021-08-17 14:28:08,458 [80e255e6-dcb1-4af9-8688-54f332b6f6ae@group-BDA6F581BDB6-FollowerState] INFO  server.RaftServerConfigKeys (ConfUtils.java:logGet(44)) - raft.server.leaderelection.pre-vote = false (custom)
2021-08-17 14:28:08,458 [80e255e6-dcb1-4af9-8688-54f332b6f6ae@group-BDA6F581BDB6-FollowerState] INFO  impl.RoleInfo (RoleInfo.java:updateAndGet(130)) - 80e255e6-dcb1-4af9-8688-54f332b6f6ae: start 80e255e6-dcb1-4af9-8688-54f332b6f6ae@group-BDA6F581BDB6-LeaderElection32
2021-08-17 14:28:08,495 [80e255e6-dcb1-4af9-8688-54f332b6f6ae@group-BDA6F581BDB6-LeaderElection32] INFO  impl.LeaderElection (LeaderElection.java:askForVotes(306)) - 80e255e6-dcb1-4af9-8688-54f332b6f6ae@group-BDA6F581BDB6-LeaderElection32 ELECTION round 0: submit vote requests at term 1 for -1: [80e255e6-dcb1-4af9-8688-54f332b6f6ae|rpc:10.1.0.66:46789|priority:1], old=null
2021-08-17 14:28:08,495 [80e255e6-dcb1-4af9-8688-54f332b6f6ae@group-BDA6F581BDB6-LeaderElection32] INFO  impl.LeaderElection (LeaderElection.java:askForVotes(308)) - 80e255e6-dcb1-4af9-8688-54f332b6f6ae@group-BDA6F581BDB6-LeaderElection32 ELECTION round 0: result PASSED (term=1)
2021-08-17 14:28:08,495 [80e255e6-dcb1-4af9-8688-54f332b6f6ae@group-BDA6F581BDB6-LeaderElection32] INFO  impl.RoleInfo (RoleInfo.java:shutdownLeaderElection(121)) - 80e255e6-dcb1-4af9-8688-54f332b6f6ae: shutdown 80e255e6-dcb1-4af9-8688-54f332b6f6ae@group-BDA6F581BDB6-LeaderElection32
2021-08-17 14:28:08,495 [80e255e6-dcb1-4af9-8688-54f332b6f6ae@group-BDA6F581BDB6-LeaderElection32] INFO  server.RaftServer$Division (RaftServerImpl.java:setRole(285)) - 80e255e6-dcb1-4af9-8688-54f332b6f6ae@group-BDA6F581BDB6: changes role from CANDIDATE to LEADER at term 1 for changeToLeader
2021-08-17 14:28:08,495 [80e255e6-dcb1-4af9-8688-54f332b6f6ae@group-BDA6F581BDB6-LeaderElection32] INFO  ratis.XceiverServerRatis (XceiverServerRatis.java:handleLeaderChangedNotification(861)) - Leader change notification received for group: group-BDA6F581BDB6 with new leaderId: 80e255e6-dcb1-4af9-8688-54f332b6f6ae
2021-08-17 14:28:08,495 [80e255e6-dcb1-4af9-8688-54f332b6f6ae@group-BDA6F581BDB6-LeaderElection32] INFO  server.RaftServer$Division (ServerState.java:setLeader(285)) - 80e255e6-dcb1-4af9-8688-54f332b6f6ae@group-BDA6F581BDB6: change Leader from null to 80e255e6-dcb1-4af9-8688-54f332b6f6ae at term 1 for becomeLeader, leader elected after 5290ms
2021-08-17 14:28:08,495 [80e255e6-dcb1-4af9-8688-54f332b6f6ae@group-BDA6F581BDB6-LeaderElection32] INFO  server.RaftServerConfigKeys (ConfUtils.java:logGet(44)) - raft.server.staging.catchup.gap = 1000 (default)
2021-08-17 14:28:08,495 [80e255e6-dcb1-4af9-8688-54f332b6f6ae@group-BDA6F581BDB6-LeaderElection32] INFO  server.RaftServerConfigKeys (ConfUtils.java:logGet(44)) - raft.server.write.element-limit = 1024 (custom)
2021-08-17 14:28:08,495 [80e255e6-dcb1-4af9-8688-54f332b6f6ae@group-BDA6F581BDB6-LeaderElection32] INFO  server.RaftServerConfigKeys (ConfUtils.java:logGet(44)) - raft.server.write.byte-limit = 1024 M (=1073741824) (custom)
2021-08-17 14:28:08,496 [80e255e6-dcb1-4af9-8688-54f332b6f6ae@group-BDA6F581BDB6-LeaderElection32] INFO  server.RaftServerConfigKeys (ConfUtils.java:logGet(44)) - raft.server.watch.timeout = 180s (custom)
2021-08-17 14:28:08,496 [80e255e6-dcb1-4af9-8688-54f332b6f6ae@group-BDA6F581BDB6-LeaderElection32] INFO  server.RaftServerConfigKeys (ConfUtils.java:logGet(44)) - raft.server.watch.timeout.denomination = 1s (default)
2021-08-17 14:28:08,496 [80e255e6-dcb1-4af9-8688-54f332b6f6ae@group-BDA6F581BDB6-LeaderElection32] INFO  server.RaftServerConfigKeys (ConfUtils.java:logGet(44)) - raft.server.watch.element-limit = 65536 (default)
2021-08-17 14:28:08,496 [80e255e6-dcb1-4af9-8688-54f332b6f6ae@group-BDA6F581BDB6-LeaderElection32] INFO  impl.RoleInfo (RoleInfo.java:updateAndGet(130)) - 80e255e6-dcb1-4af9-8688-54f332b6f6ae: start 80e255e6-dcb1-4af9-8688-54f332b6f6ae@group-BDA6F581BDB6-LeaderStateImpl
2021-08-17 14:28:08,496 [80e255e6-dcb1-4af9-8688-54f332b6f6ae@group-BDA6F581BDB6-LeaderElection32] INFO  segmented.SegmentedRaftLogWorker (SegmentedRaftLogWorker.java:startLogSegment(394)) - 80e255e6-dcb1-4af9-8688-54f332b6f6ae@group-BDA6F581BDB6-SegmentedRaftLogWorker: Starting segment from index:0
2021-08-17 14:28:08,498 [80e255e6-dcb1-4af9-8688-54f332b6f6ae@group-BDA6F581BDB6-SegmentedRaftLogWorker] INFO  segmented.SegmentedRaftLogWorker (SegmentedRaftLogWorker.java:execute(601)) - 80e255e6-dcb1-4af9-8688-54f332b6f6ae@group-BDA6F581BDB6-SegmentedRaftLogWorker: created new log segment /home/runner/work/ozone/ozone/hadoop-ozone/integration-test/target/test-dir/MiniOzoneClusterImpl-1e0b2984-d7f4-44f4-99c9-a2b226c9d9b8/datanode-0/data/ratis/4b3f5d99-8d32-40d8-b1d3-bda6f581bdb6/current/log_inprogress_0
2021-08-17 14:28:08,499 [EventQueue-OpenPipelineForHealthyPipelineSafeModeRule] INFO  safemode.SCMSafeModeManager (HealthyPipelineSafeModeRule.java:process(124)) - SCM in safe mode. Healthy pipelines reported count is 0, required healthy pipeline reported count is 1
2021-08-17 14:28:08,514 [80e255e6-dcb1-4af9-8688-54f332b6f6ae@group-BDA6F581BDB6-LeaderElection32] INFO  server.RaftServer$Division (ServerState.java:setRaftConf(387)) - 80e255e6-dcb1-4af9-8688-54f332b6f6ae@group-BDA6F581BDB6: set configuration 0: [80e255e6-dcb1-4af9-8688-54f332b6f6ae|rpc:10.1.0.66:46789|dataStream:|priority:1], old=null
2021-08-17 14:28:08,531 [80e255e6-dcb1-4af9-8688-54f332b6f6ae@group-FC9E8FDBFB7C-FollowerState] INFO  impl.FollowerState (FollowerState.java:run(134)) - 80e255e6-dcb1-4af9-8688-54f332b6f6ae@group-FC9E8FDBFB7C-FollowerState: change to CANDIDATE, lastRpcElapsedTime:5225012512ns, electionTimeout:5182ms
2021-08-17 14:28:08,531 [80e255e6-dcb1-4af9-8688-54f332b6f6ae@group-FC9E8FDBFB7C-FollowerState] INFO  impl.RoleInfo (RoleInfo.java:shutdownFollowerState(108)) - 80e255e6-dcb1-4af9-8688-54f332b6f6ae: shutdown 80e255e6-dcb1-4af9-8688-54f332b6f6ae@group-FC9E8FDBFB7C-FollowerState
2021-08-17 14:28:08,531 [80e255e6-dcb1-4af9-8688-54f332b6f6ae@group-FC9E8FDBFB7C-FollowerState] INFO  server.RaftServer$Division (RaftServerImpl.java:setRole(285)) - 80e255e6-dcb1-4af9-8688-54f332b6f6ae@group-FC9E8FDBFB7C: changes role from  FOLLOWER to CANDIDATE at term 0 for changeToCandidate
2021-08-17 14:28:08,531 [80e255e6-dcb1-4af9-8688-54f332b6f6ae@group-FC9E8FDBFB7C-FollowerState] INFO  server.RaftServerConfigKeys (ConfUtils.java:logGet(44)) - raft.server.leaderelection.pre-vote = false (custom)
2021-08-17 14:28:08,531 [80e255e6-dcb1-4af9-8688-54f332b6f6ae@group-FC9E8FDBFB7C-FollowerState] INFO  impl.RoleInfo (RoleInfo.java:updateAndGet(130)) - 80e255e6-dcb1-4af9-8688-54f332b6f6ae: start 80e255e6-dcb1-4af9-8688-54f332b6f6ae@group-FC9E8FDBFB7C-LeaderElection33
2021-08-17 14:28:08,534 [b1936a85-842c-4bb9-b894-6bc821990487@group-FC9E8FDBFB7C-FollowerState] INFO  impl.FollowerState (FollowerState.java:run(134)) - b1936a85-842c-4bb9-b894-6bc821990487@group-FC9E8FDBFB7C-FollowerState: change to CANDIDATE, lastRpcElapsedTime:5106622567ns, electionTimeout:5036ms
2021-08-17 14:28:08,534 [b1936a85-842c-4bb9-b894-6bc821990487@group-FC9E8FDBFB7C-FollowerState] INFO  impl.RoleInfo (RoleInfo.java:shutdownFollowerState(108)) - b1936a85-842c-4bb9-b894-6bc821990487: shutdown b1936a85-842c-4bb9-b894-6bc821990487@group-FC9E8FDBFB7C-FollowerState
2021-08-17 14:28:08,534 [b1936a85-842c-4bb9-b894-6bc821990487@group-FC9E8FDBFB7C-FollowerState] INFO  server.RaftServer$Division (RaftServerImpl.java:setRole(285)) - b1936a85-842c-4bb9-b894-6bc821990487@group-FC9E8FDBFB7C: changes role from  FOLLOWER to CANDIDATE at term 0 for changeToCandidate
2021-08-17 14:28:08,559 [b1936a85-842c-4bb9-b894-6bc821990487@group-FC9E8FDBFB7C-FollowerState] INFO  server.RaftServerConfigKeys (ConfUtils.java:logGet(44)) - raft.server.leaderelection.pre-vote = false (custom)
2021-08-17 14:28:08,559 [b1936a85-842c-4bb9-b894-6bc821990487@group-FC9E8FDBFB7C-FollowerState] INFO  impl.RoleInfo (RoleInfo.java:updateAndGet(130)) - b1936a85-842c-4bb9-b894-6bc821990487: start b1936a85-842c-4bb9-b894-6bc821990487@group-FC9E8FDBFB7C-LeaderElection34
2021-08-17 14:28:08,605 [80e255e6-dcb1-4af9-8688-54f332b6f6ae@group-FC9E8FDBFB7C-LeaderElection33] INFO  impl.LeaderElection (LeaderElection.java:askForVotes(306)) - 80e255e6-dcb1-4af9-8688-54f332b6f6ae@group-FC9E8FDBFB7C-LeaderElection33 ELECTION round 0: submit vote requests at term 1 for -1: [b1936a85-842c-4bb9-b894-6bc821990487|rpc:10.1.0.66:46035|priority:0, c43ab16b-06c7-400f-92a3-3c5c2029723f|rpc:10.1.0.66:41045|priority:1, 80e255e6-dcb1-4af9-8688-54f332b6f6ae|rpc:10.1.0.66:46789|priority:0], old=null
2021-08-17 14:28:08,608 [b1936a85-842c-4bb9-b894-6bc821990487@group-FC9E8FDBFB7C-LeaderElection34] INFO  impl.LeaderElection (LeaderElection.java:askForVotes(306)) - b1936a85-842c-4bb9-b894-6bc821990487@group-FC9E8FDBFB7C-LeaderElection34 ELECTION round 0: submit vote requests at term 1 for -1: [b1936a85-842c-4bb9-b894-6bc821990487|rpc:10.1.0.66:46035|dataStream:|priority:0, c43ab16b-06c7-400f-92a3-3c5c2029723f|rpc:10.1.0.66:41045|dataStream:|priority:1, 80e255e6-dcb1-4af9-8688-54f332b6f6ae|rpc:10.1.0.66:46789|dataStream:|priority:0], old=null
2021-08-17 14:28:08,627 [grpc-default-executor-0] INFO  server.RaftServer$Division (RaftServerImpl.java:requestVote(1043)) - c43ab16b-06c7-400f-92a3-3c5c2029723f@group-FC9E8FDBFB7C: receive requestVote(ELECTION, b1936a85-842c-4bb9-b894-6bc821990487, group-FC9E8FDBFB7C, 1, (t:0, i:0))
2021-08-17 14:28:08,627 [grpc-default-executor-0] INFO  impl.VoteContext (VoteContext.java:log(48)) - c43ab16b-06c7-400f-92a3-3c5c2029723f@group-FC9E8FDBFB7C-FOLLOWER: reject ELECTION from b1936a85-842c-4bb9-b894-6bc821990487: our priority 1 > candidate's priority 0
2021-08-17 14:28:08,627 [grpc-default-executor-0] INFO  server.RaftServer$Division (RaftServerImpl.java:setRole(285)) - c43ab16b-06c7-400f-92a3-3c5c2029723f@group-FC9E8FDBFB7C: changes role from  FOLLOWER to FOLLOWER at term 1 for candidate:b1936a85-842c-4bb9-b894-6bc821990487
2021-08-17 14:28:08,627 [grpc-default-executor-0] INFO  impl.RoleInfo (RoleInfo.java:shutdownFollowerState(108)) - c43ab16b-06c7-400f-92a3-3c5c2029723f: shutdown c43ab16b-06c7-400f-92a3-3c5c2029723f@group-FC9E8FDBFB7C-FollowerState
2021-08-17 14:28:08,627 [grpc-default-executor-0] INFO  impl.RoleInfo (RoleInfo.java:updateAndGet(130)) - c43ab16b-06c7-400f-92a3-3c5c2029723f: start c43ab16b-06c7-400f-92a3-3c5c2029723f@group-FC9E8FDBFB7C-FollowerState
2021-08-17 14:28:08,627 [c43ab16b-06c7-400f-92a3-3c5c2029723f@group-FC9E8FDBFB7C-FollowerState] INFO  impl.FollowerState (FollowerState.java:run(143)) - c43ab16b-06c7-400f-92a3-3c5c2029723f@group-FC9E8FDBFB7C-FollowerState was interrupted: {}
java.lang.InterruptedException: sleep interrupted
	at java.lang.Thread.sleep(Native Method)
	at java.lang.Thread.sleep(Thread.java:340)
	at java.util.concurrent.TimeUnit.sleep(TimeUnit.java:386)
	at org.apache.ratis.util.TimeDuration.sleep(TimeDuration.java:324)
	at org.apache.ratis.util.TimeDuration.sleep(TimeDuration.java:309)
	at org.apache.ratis.server.impl.FollowerState.run(FollowerState.java:118)
2021-08-17 14:28:08,631 [grpc-default-executor-0] INFO  server.RaftServer$Division (RaftServerImpl.java:requestVote(1075)) - c43ab16b-06c7-400f-92a3-3c5c2029723f@group-FC9E8FDBFB7C replies to ELECTION vote request: b1936a85-842c-4bb9-b894-6bc821990487<-c43ab16b-06c7-400f-92a3-3c5c2029723f#0:FAIL-t1. Peer's state: c43ab16b-06c7-400f-92a3-3c5c2029723f@group-FC9E8FDBFB7C:t1, leader=null, voted=null, raftlog=c43ab16b-06c7-400f-92a3-3c5c2029723f@group-FC9E8FDBFB7C-SegmentedRaftLog:OPENED:c-1,f-1,i0, conf=-1: [b1936a85-842c-4bb9-b894-6bc821990487|rpc:10.1.0.66:46035|dataStream:|priority:0, c43ab16b-06c7-400f-92a3-3c5c2029723f|rpc:10.1.0.66:41045|dataStream:|priority:1, 80e255e6-dcb1-4af9-8688-54f332b6f6ae|rpc:10.1.0.66:46789|dataStream:|priority:0], old=null
2021-08-17 14:28:08,703 [b1936a85-842c-4bb9-b894-6bc821990487@group-FC9E8FDBFB7C-LeaderElection34] INFO  impl.LeaderElection (LeaderElection.java:logAndReturn(89)) - b1936a85-842c-4bb9-b894-6bc821990487@group-FC9E8FDBFB7C-LeaderElection34: ELECTION REJECTED received 1 response(s) and 0 exception(s):
2021-08-17 14:28:08,703 [b1936a85-842c-4bb9-b894-6bc821990487@group-FC9E8FDBFB7C-LeaderElection34] INFO  impl.LeaderElection (LeaderElection.java:logAndReturn(93)) -   Response 0: b1936a85-842c-4bb9-b894-6bc821990487<-c43ab16b-06c7-400f-92a3-3c5c2029723f#0:FAIL-t1
2021-08-17 14:28:08,703 [b1936a85-842c-4bb9-b894-6bc821990487@group-FC9E8FDBFB7C-LeaderElection34] INFO  impl.LeaderElection (LeaderElection.java:askForVotes(308)) - b1936a85-842c-4bb9-b894-6bc821990487@group-FC9E8FDBFB7C-LeaderElection34 ELECTION round 0: result REJECTED
2021-08-17 14:28:08,703 [b1936a85-842c-4bb9-b894-6bc821990487@group-FC9E8FDBFB7C-LeaderElection34] INFO  server.RaftServer$Division (RaftServerImpl.java:setRole(285)) - b1936a85-842c-4bb9-b894-6bc821990487@group-FC9E8FDBFB7C: changes role from CANDIDATE to FOLLOWER at term 1 for REJECTED
2021-08-17 14:28:08,703 [grpc-default-executor-1] INFO  server.RaftServer$Division (RaftServerImpl.java:requestVote(1043)) - c43ab16b-06c7-400f-92a3-3c5c2029723f@group-FC9E8FDBFB7C: receive requestVote(ELECTION, 80e255e6-dcb1-4af9-8688-54f332b6f6ae, group-FC9E8FDBFB7C, 1, (t:0, i:0))
2021-08-17 14:28:08,703 [b1936a85-842c-4bb9-b894-6bc821990487@group-FC9E8FDBFB7C-LeaderElection34] INFO  impl.RoleInfo (RoleInfo.java:shutdownLeaderElection(121)) - b1936a85-842c-4bb9-b894-6bc821990487: shutdown b1936a85-842c-4bb9-b894-6bc821990487@group-FC9E8FDBFB7C-LeaderElection34
2021-08-17 14:28:08,707 [b1936a85-842c-4bb9-b894-6bc821990487@group-FC9E8FDBFB7C-LeaderElection34] INFO  impl.RoleInfo (RoleInfo.java:updateAndGet(130)) - b1936a85-842c-4bb9-b894-6bc821990487: start b1936a85-842c-4bb9-b894-6bc821990487@group-FC9E8FDBFB7C-FollowerState
2021-08-17 14:28:08,722 [grpc-default-executor-1] INFO  impl.VoteContext (VoteContext.java:log(48)) - c43ab16b-06c7-400f-92a3-3c5c2029723f@group-FC9E8FDBFB7C-FOLLOWER: reject ELECTION from 80e255e6-dcb1-4af9-8688-54f332b6f6ae: our priority 1 > candidate's priority 0
2021-08-17 14:28:08,722 [grpc-default-executor-1] INFO  server.RaftServer$Division (RaftServerImpl.java:setRole(285)) - c43ab16b-06c7-400f-92a3-3c5c2029723f@group-FC9E8FDBFB7C: changes role from  FOLLOWER to FOLLOWER at term 1 for candidate:80e255e6-dcb1-4af9-8688-54f332b6f6ae
2021-08-17 14:28:08,722 [grpc-default-executor-1] INFO  impl.RoleInfo (RoleInfo.java:shutdownFollowerState(108)) - c43ab16b-06c7-400f-92a3-3c5c2029723f: shutdown c43ab16b-06c7-400f-92a3-3c5c2029723f@group-FC9E8FDBFB7C-FollowerState
2021-08-17 14:28:08,722 [grpc-default-executor-1] INFO  impl.RoleInfo (RoleInfo.java:updateAndGet(130)) - c43ab16b-06c7-400f-92a3-3c5c2029723f: start c43ab16b-06c7-400f-92a3-3c5c2029723f@group-FC9E8FDBFB7C-FollowerState
2021-08-17 14:28:08,723 [c43ab16b-06c7-400f-92a3-3c5c2029723f@group-FC9E8FDBFB7C-FollowerState] INFO  impl.FollowerState (FollowerState.java:run(143)) - c43ab16b-06c7-400f-92a3-3c5c2029723f@group-FC9E8FDBFB7C-FollowerState was interrupted: {}
java.lang.InterruptedException: sleep interrupted
	at java.lang.Thread.sleep(Native Method)
	at java.lang.Thread.sleep(Thread.java:340)
	at java.util.concurrent.TimeUnit.sleep(TimeUnit.java:386)
	at org.apache.ratis.util.TimeDuration.sleep(TimeDuration.java:324)
	at org.apache.ratis.util.TimeDuration.sleep(TimeDuration.java:309)
	at org.apache.ratis.server.impl.FollowerState.run(FollowerState.java:118)
2021-08-17 14:28:08,723 [grpc-default-executor-1] INFO  server.RaftServer$Division (RaftServerImpl.java:requestVote(1075)) - c43ab16b-06c7-400f-92a3-3c5c2029723f@group-FC9E8FDBFB7C replies to ELECTION vote request: 80e255e6-dcb1-4af9-8688-54f332b6f6ae<-c43ab16b-06c7-400f-92a3-3c5c2029723f#0:FAIL-t1. Peer's state: c43ab16b-06c7-400f-92a3-3c5c2029723f@group-FC9E8FDBFB7C:t1, leader=null, voted=null, raftlog=c43ab16b-06c7-400f-92a3-3c5c2029723f@group-FC9E8FDBFB7C-SegmentedRaftLog:OPENED:c-1,f-1,i0, conf=-1: [b1936a85-842c-4bb9-b894-6bc821990487|rpc:10.1.0.66:46035|dataStream:|priority:0, c43ab16b-06c7-400f-92a3-3c5c2029723f|rpc:10.1.0.66:41045|dataStream:|priority:1, 80e255e6-dcb1-4af9-8688-54f332b6f6ae|rpc:10.1.0.66:46789|dataStream:|priority:0], old=null
2021-08-17 14:28:08,739 [grpc-default-executor-1] INFO  server.RaftServer$Division (RaftServerImpl.java:requestVote(1043)) - 80e255e6-dcb1-4af9-8688-54f332b6f6ae@group-FC9E8FDBFB7C: receive requestVote(ELECTION, b1936a85-842c-4bb9-b894-6bc821990487, group-FC9E8FDBFB7C, 1, (t:0, i:0))
2021-08-17 14:28:08,739 [grpc-default-executor-1] INFO  impl.VoteContext (VoteContext.java:log(48)) - 80e255e6-dcb1-4af9-8688-54f332b6f6ae@group-FC9E8FDBFB7C-CANDIDATE: reject ELECTION from b1936a85-842c-4bb9-b894-6bc821990487: already has voted for 80e255e6-dcb1-4af9-8688-54f332b6f6ae at current term 1
2021-08-17 14:28:08,739 [grpc-default-executor-1] INFO  server.RaftServer$Division (RaftServerImpl.java:requestVote(1075)) - 80e255e6-dcb1-4af9-8688-54f332b6f6ae@group-FC9E8FDBFB7C replies to ELECTION vote request: b1936a85-842c-4bb9-b894-6bc821990487<-80e255e6-dcb1-4af9-8688-54f332b6f6ae#0:FAIL-t1. Peer's state: 80e255e6-dcb1-4af9-8688-54f332b6f6ae@group-FC9E8FDBFB7C:t1, leader=null, voted=80e255e6-dcb1-4af9-8688-54f332b6f6ae, raftlog=80e255e6-dcb1-4af9-8688-54f332b6f6ae@group-FC9E8FDBFB7C-SegmentedRaftLog:OPENED:c-1,f-1,i0, conf=-1: [b1936a85-842c-4bb9-b894-6bc821990487|rpc:10.1.0.66:46035|priority:0, c43ab16b-06c7-400f-92a3-3c5c2029723f|rpc:10.1.0.66:41045|priority:1, 80e255e6-dcb1-4af9-8688-54f332b6f6ae|rpc:10.1.0.66:46789|priority:0], old=null
2021-08-17 14:28:08,762 [80e255e6-dcb1-4af9-8688-54f332b6f6ae@group-FC9E8FDBFB7C-LeaderElection33] INFO  impl.LeaderElection (LeaderElection.java:logAndReturn(89)) - 80e255e6-dcb1-4af9-8688-54f332b6f6ae@group-FC9E8FDBFB7C-LeaderElection33: ELECTION REJECTED received 1 response(s) and 0 exception(s):
2021-08-17 14:28:08,763 [80e255e6-dcb1-4af9-8688-54f332b6f6ae@group-FC9E8FDBFB7C-LeaderElection33] INFO  impl.LeaderElection (LeaderElection.java:logAndReturn(93)) -   Response 0: 80e255e6-dcb1-4af9-8688-54f332b6f6ae<-c43ab16b-06c7-400f-92a3-3c5c2029723f#0:FAIL-t1
2021-08-17 14:28:08,763 [80e255e6-dcb1-4af9-8688-54f332b6f6ae@group-FC9E8FDBFB7C-LeaderElection33] INFO  impl.LeaderElection (LeaderElection.java:askForVotes(308)) - 80e255e6-dcb1-4af9-8688-54f332b6f6ae@group-FC9E8FDBFB7C-LeaderElection33 ELECTION round 0: result REJECTED
2021-08-17 14:28:08,781 [80e255e6-dcb1-4af9-8688-54f332b6f6ae@group-FC9E8FDBFB7C-LeaderElection33] INFO  server.RaftServer$Division (RaftServerImpl.java:setRole(285)) - 80e255e6-dcb1-4af9-8688-54f332b6f6ae@group-FC9E8FDBFB7C: changes role from CANDIDATE to FOLLOWER at term 1 for REJECTED
2021-08-17 14:28:08,781 [80e255e6-dcb1-4af9-8688-54f332b6f6ae@group-FC9E8FDBFB7C-LeaderElection33] INFO  impl.RoleInfo (RoleInfo.java:shutdownLeaderElection(121)) - 80e255e6-dcb1-4af9-8688-54f332b6f6ae: shutdown 80e255e6-dcb1-4af9-8688-54f332b6f6ae@group-FC9E8FDBFB7C-LeaderElection33
2021-08-17 14:28:08,782 [80e255e6-dcb1-4af9-8688-54f332b6f6ae@group-FC9E8FDBFB7C-LeaderElection33] INFO  impl.RoleInfo (RoleInfo.java:updateAndGet(130)) - 80e255e6-dcb1-4af9-8688-54f332b6f6ae: start 80e255e6-dcb1-4af9-8688-54f332b6f6ae@group-FC9E8FDBFB7C-FollowerState
2021-08-17 14:28:08,788 [80e255e6-dcb1-4af9-8688-54f332b6f6ae@group-9D979AEE4FFB-FollowerState] INFO  impl.FollowerState (FollowerState.java:run(134)) - 80e255e6-dcb1-4af9-8688-54f332b6f6ae@group-9D979AEE4FFB-FollowerState: change to CANDIDATE, lastRpcElapsedTime:5025976155ns, electionTimeout:5022ms
2021-08-17 14:28:08,799 [grpc-default-executor-1] INFO  server.RaftServer$Division (RaftServerImpl.java:requestVote(1043)) - b1936a85-842c-4bb9-b894-6bc821990487@group-FC9E8FDBFB7C: receive requestVote(ELECTION, 80e255e6-dcb1-4af9-8688-54f332b6f6ae, group-FC9E8FDBFB7C, 1, (t:0, i:0))
2021-08-17 14:28:08,799 [80e255e6-dcb1-4af9-8688-54f332b6f6ae@group-9D979AEE4FFB-FollowerState] INFO  impl.RoleInfo (RoleInfo.java:shutdownFollowerState(108)) - 80e255e6-dcb1-4af9-8688-54f332b6f6ae: shutdown 80e255e6-dcb1-4af9-8688-54f332b6f6ae@group-9D979AEE4FFB-FollowerState
2021-08-17 14:28:08,799 [80e255e6-dcb1-4af9-8688-54f332b6f6ae@group-9D979AEE4FFB-FollowerState] INFO  server.RaftServer$Division (RaftServerImpl.java:setRole(285)) - 80e255e6-dcb1-4af9-8688-54f332b6f6ae@group-9D979AEE4FFB: changes role from  FOLLOWER to CANDIDATE at term 0 for changeToCandidate
2021-08-17 14:28:08,799 [grpc-default-executor-1] INFO  impl.VoteContext (VoteContext.java:log(48)) - b1936a85-842c-4bb9-b894-6bc821990487@group-FC9E8FDBFB7C-FOLLOWER: reject ELECTION from 80e255e6-dcb1-4af9-8688-54f332b6f6ae: already has voted for b1936a85-842c-4bb9-b894-6bc821990487 at current term 1
2021-08-17 14:28:08,799 [grpc-default-executor-1] INFO  server.RaftServer$Division (RaftServerImpl.java:requestVote(1075)) - b1936a85-842c-4bb9-b894-6bc821990487@group-FC9E8FDBFB7C replies to ELECTION vote request: 80e255e6-dcb1-4af9-8688-54f332b6f6ae<-b1936a85-842c-4bb9-b894-6bc821990487#0:FAIL-t1. Peer's state: b1936a85-842c-4bb9-b894-6bc821990487@group-FC9E8FDBFB7C:t1, leader=null, voted=b1936a85-842c-4bb9-b894-6bc821990487, raftlog=b1936a85-842c-4bb9-b894-6bc821990487@group-FC9E8FDBFB7C-SegmentedRaftLog:OPENED:c-1,f-1,i0, conf=-1: [b1936a85-842c-4bb9-b894-6bc821990487|rpc:10.1.0.66:46035|dataStream:|priority:0, c43ab16b-06c7-400f-92a3-3c5c2029723f|rpc:10.1.0.66:41045|dataStream:|priority:1, 80e255e6-dcb1-4af9-8688-54f332b6f6ae|rpc:10.1.0.66:46789|dataStream:|priority:0], old=null
2021-08-17 14:28:08,799 [80e255e6-dcb1-4af9-8688-54f332b6f6ae@group-9D979AEE4FFB-FollowerState] INFO  server.RaftServerConfigKeys (ConfUtils.java:logGet(44)) - raft.server.leaderelection.pre-vote = false (custom)
2021-08-17 14:28:08,826 [80e255e6-dcb1-4af9-8688-54f332b6f6ae@group-9D979AEE4FFB-FollowerState] INFO  impl.RoleInfo (RoleInfo.java:updateAndGet(130)) - 80e255e6-dcb1-4af9-8688-54f332b6f6ae: start 80e255e6-dcb1-4af9-8688-54f332b6f6ae@group-9D979AEE4FFB-LeaderElection35
2021-08-17 14:28:08,876 [80e255e6-dcb1-4af9-8688-54f332b6f6ae@group-9D979AEE4FFB-LeaderElection35] INFO  impl.LeaderElection (LeaderElection.java:askForVotes(306)) - 80e255e6-dcb1-4af9-8688-54f332b6f6ae@group-9D979AEE4FFB-LeaderElection35 ELECTION round 0: submit vote requests at term 1 for -1: [b1936a85-842c-4bb9-b894-6bc821990487|rpc:10.1.0.66:46035|priority:1, c43ab16b-06c7-400f-92a3-3c5c2029723f|rpc:10.1.0.66:41045|priority:0, 80e255e6-dcb1-4af9-8688-54f332b6f6ae|rpc:10.1.0.66:46789|priority:0], old=null
2021-08-17 14:28:08,916 [grpc-default-executor-1] INFO  server.RaftServer$Division (RaftServerImpl.java:requestVote(1043)) - c43ab16b-06c7-400f-92a3-3c5c2029723f@group-9D979AEE4FFB: receive requestVote(ELECTION, 80e255e6-dcb1-4af9-8688-54f332b6f6ae, group-9D979AEE4FFB, 1, (t:0, i:0))
2021-08-17 14:28:08,916 [grpc-default-executor-1] INFO  impl.VoteContext (VoteContext.java:log(48)) - c43ab16b-06c7-400f-92a3-3c5c2029723f@group-9D979AEE4FFB-FOLLOWER: accept ELECTION from 80e255e6-dcb1-4af9-8688-54f332b6f6ae: our priority 0 <= candidate's priority 0
2021-08-17 14:28:08,916 [grpc-default-executor-1] INFO  server.RaftServer$Division (RaftServerImpl.java:setRole(285)) - c43ab16b-06c7-400f-92a3-3c5c2029723f@group-9D979AEE4FFB: changes role from  FOLLOWER to FOLLOWER at term 1 for candidate:80e255e6-dcb1-4af9-8688-54f332b6f6ae
2021-08-17 14:28:08,916 [grpc-default-executor-1] INFO  impl.RoleInfo (RoleInfo.java:shutdownFollowerState(108)) - c43ab16b-06c7-400f-92a3-3c5c2029723f: shutdown c43ab16b-06c7-400f-92a3-3c5c2029723f@group-9D979AEE4FFB-FollowerState
2021-08-17 14:28:08,916 [grpc-default-executor-1] INFO  impl.RoleInfo (RoleInfo.java:updateAndGet(130)) - c43ab16b-06c7-400f-92a3-3c5c2029723f: start c43ab16b-06c7-400f-92a3-3c5c2029723f@group-9D979AEE4FFB-FollowerState
2021-08-17 14:28:08,917 [c43ab16b-06c7-400f-92a3-3c5c2029723f@group-9D979AEE4FFB-FollowerState] INFO  impl.FollowerState (FollowerState.java:run(143)) - c43ab16b-06c7-400f-92a3-3c5c2029723f@group-9D979AEE4FFB-FollowerState was interrupted: {}
java.lang.InterruptedException: sleep interrupted
	at java.lang.Thread.sleep(Native Method)
	at java.lang.Thread.sleep(Thread.java:340)
	at java.util.concurrent.TimeUnit.sleep(TimeUnit.java:386)
	at org.apache.ratis.util.TimeDuration.sleep(TimeDuration.java:324)
	at org.apache.ratis.util.TimeDuration.sleep(TimeDuration.java:309)
	at org.apache.ratis.server.impl.FollowerState.run(FollowerState.java:118)
2021-08-17 14:28:08,945 [grpc-default-executor-3] INFO  server.RaftServer$Division (RaftServerImpl.java:requestVote(1043)) - b1936a85-842c-4bb9-b894-6bc821990487@group-9D979AEE4FFB: receive requestVote(ELECTION, 80e255e6-dcb1-4af9-8688-54f332b6f6ae, group-9D979AEE4FFB, 1, (t:0, i:0))
2021-08-17 14:28:08,945 [grpc-default-executor-3] INFO  impl.VoteContext (VoteContext.java:log(48)) - b1936a85-842c-4bb9-b894-6bc821990487@group-9D979AEE4FFB-FOLLOWER: reject ELECTION from 80e255e6-dcb1-4af9-8688-54f332b6f6ae: our priority 1 > candidate's priority 0
2021-08-17 14:28:08,945 [grpc-default-executor-3] INFO  server.RaftServer$Division (RaftServerImpl.java:setRole(285)) - b1936a85-842c-4bb9-b894-6bc821990487@group-9D979AEE4FFB: changes role from  FOLLOWER to FOLLOWER at term 1 for candidate:80e255e6-dcb1-4af9-8688-54f332b6f6ae
2021-08-17 14:28:08,945 [grpc-default-executor-3] INFO  impl.RoleInfo (RoleInfo.java:shutdownFollowerState(108)) - b1936a85-842c-4bb9-b894-6bc821990487: shutdown b1936a85-842c-4bb9-b894-6bc821990487@group-9D979AEE4FFB-FollowerState
2021-08-17 14:28:08,945 [grpc-default-executor-3] INFO  impl.RoleInfo (RoleInfo.java:updateAndGet(130)) - b1936a85-842c-4bb9-b894-6bc821990487: start b1936a85-842c-4bb9-b894-6bc821990487@group-9D979AEE4FFB-FollowerState
2021-08-17 14:28:08,945 [b1936a85-842c-4bb9-b894-6bc821990487@group-9D979AEE4FFB-FollowerState] INFO  impl.FollowerState (FollowerState.java:run(143)) - b1936a85-842c-4bb9-b894-6bc821990487@group-9D979AEE4FFB-FollowerState was interrupted: {}
java.lang.InterruptedException: sleep interrupted
	at java.lang.Thread.sleep(Native Method)
	at java.lang.Thread.sleep(Thread.java:340)
	at java.util.concurrent.TimeUnit.sleep(TimeUnit.java:386)
	at org.apache.ratis.util.TimeDuration.sleep(TimeDuration.java:324)
	at org.apache.ratis.util.TimeDuration.sleep(TimeDuration.java:309)
	at org.apache.ratis.server.impl.FollowerState.run(FollowerState.java:118)
2021-08-17 14:28:08,947 [grpc-default-executor-3] INFO  server.RaftServer$Division (RaftServerImpl.java:requestVote(1075)) - b1936a85-842c-4bb9-b894-6bc821990487@group-9D979AEE4FFB replies to ELECTION vote request: 80e255e6-dcb1-4af9-8688-54f332b6f6ae<-b1936a85-842c-4bb9-b894-6bc821990487#0:FAIL-t1. Peer's state: b1936a85-842c-4bb9-b894-6bc821990487@group-9D979AEE4FFB:t1, leader=null, voted=null, raftlog=b1936a85-842c-4bb9-b894-6bc821990487@group-9D979AEE4FFB-SegmentedRaftLog:OPENED:c-1,f-1,i0, conf=-1: [b1936a85-842c-4bb9-b894-6bc821990487|rpc:10.1.0.66:46035|priority:1, c43ab16b-06c7-400f-92a3-3c5c2029723f|rpc:10.1.0.66:41045|priority:0, 80e255e6-dcb1-4af9-8688-54f332b6f6ae|rpc:10.1.0.66:46789|priority:0], old=null
2021-08-17 14:28:08,948 [80e255e6-dcb1-4af9-8688-54f332b6f6ae@group-9D979AEE4FFB-LeaderElection35] INFO  impl.LeaderElection (LeaderElection.java:logAndReturn(89)) - 80e255e6-dcb1-4af9-8688-54f332b6f6ae@group-9D979AEE4FFB-LeaderElection35: ELECTION REJECTED received 1 response(s) and 0 exception(s):
2021-08-17 14:28:08,948 [80e255e6-dcb1-4af9-8688-54f332b6f6ae@group-9D979AEE4FFB-LeaderElection35] INFO  impl.LeaderElection (LeaderElection.java:logAndReturn(93)) -   Response 0: 80e255e6-dcb1-4af9-8688-54f332b6f6ae<-b1936a85-842c-4bb9-b894-6bc821990487#0:FAIL-t1
2021-08-17 14:28:08,948 [80e255e6-dcb1-4af9-8688-54f332b6f6ae@group-9D979AEE4FFB-LeaderElection35] INFO  impl.LeaderElection (LeaderElection.java:askForVotes(308)) - 80e255e6-dcb1-4af9-8688-54f332b6f6ae@group-9D979AEE4FFB-LeaderElection35 ELECTION round 0: result REJECTED
2021-08-17 14:28:08,948 [80e255e6-dcb1-4af9-8688-54f332b6f6ae@group-9D979AEE4FFB-LeaderElection35] INFO  server.RaftServer$Division (RaftServerImpl.java:setRole(285)) - 80e255e6-dcb1-4af9-8688-54f332b6f6ae@group-9D979AEE4FFB: changes role from CANDIDATE to FOLLOWER at term 1 for REJECTED
2021-08-17 14:28:08,948 [80e255e6-dcb1-4af9-8688-54f332b6f6ae@group-9D979AEE4FFB-LeaderElection35] INFO  impl.RoleInfo (RoleInfo.java:shutdownLeaderElection(121)) - 80e255e6-dcb1-4af9-8688-54f332b6f6ae: shutdown 80e255e6-dcb1-4af9-8688-54f332b6f6ae@group-9D979AEE4FFB-LeaderElection35
2021-08-17 14:28:08,948 [80e255e6-dcb1-4af9-8688-54f332b6f6ae@group-9D979AEE4FFB-LeaderElection35] INFO  impl.RoleInfo (RoleInfo.java:updateAndGet(130)) - 80e255e6-dcb1-4af9-8688-54f332b6f6ae: start 80e255e6-dcb1-4af9-8688-54f332b6f6ae@group-9D979AEE4FFB-FollowerState
2021-08-17 14:28:08,971 [grpc-default-executor-1] INFO  server.RaftServer$Division (RaftServerImpl.java:requestVote(1075)) - c43ab16b-06c7-400f-92a3-3c5c2029723f@group-9D979AEE4FFB replies to ELECTION vote request: 80e255e6-dcb1-4af9-8688-54f332b6f6ae<-c43ab16b-06c7-400f-92a3-3c5c2029723f#0:OK-t1. Peer's state: c43ab16b-06c7-400f-92a3-3c5c2029723f@group-9D979AEE4FFB:t1, leader=null, voted=80e255e6-dcb1-4af9-8688-54f332b6f6ae, raftlog=c43ab16b-06c7-400f-92a3-3c5c2029723f@group-9D979AEE4FFB-SegmentedRaftLog:OPENED:c-1,f-1,i0, conf=-1: [b1936a85-842c-4bb9-b894-6bc821990487|rpc:10.1.0.66:46035|dataStream:|priority:1, c43ab16b-06c7-400f-92a3-3c5c2029723f|rpc:10.1.0.66:41045|dataStream:|priority:0, 80e255e6-dcb1-4af9-8688-54f332b6f6ae|rpc:10.1.0.66:46789|dataStream:|priority:0], old=null
2021-08-17 14:28:09,017 [b1936a85-842c-4bb9-b894-6bc821990487@group-D0B562C6EEF0-FollowerState] INFO  impl.FollowerState (FollowerState.java:run(134)) - b1936a85-842c-4bb9-b894-6bc821990487@group-D0B562C6EEF0-FollowerState: change to CANDIDATE, lastRpcElapsedTime:5174318896ns, electionTimeout:5161ms
2021-08-17 14:28:09,018 [b1936a85-842c-4bb9-b894-6bc821990487@group-D0B562C6EEF0-FollowerState] INFO  impl.RoleInfo (RoleInfo.java:shutdownFollowerState(108)) - b1936a85-842c-4bb9-b894-6bc821990487: shutdown b1936a85-842c-4bb9-b894-6bc821990487@group-D0B562C6EEF0-FollowerState
2021-08-17 14:28:09,018 [b1936a85-842c-4bb9-b894-6bc821990487@group-D0B562C6EEF0-FollowerState] INFO  server.RaftServer$Division (RaftServerImpl.java:setRole(285)) - b1936a85-842c-4bb9-b894-6bc821990487@group-D0B562C6EEF0: changes role from  FOLLOWER to CANDIDATE at term 0 for changeToCandidate
2021-08-17 14:28:09,018 [b1936a85-842c-4bb9-b894-6bc821990487@group-D0B562C6EEF0-FollowerState] INFO  server.RaftServerConfigKeys (ConfUtils.java:logGet(44)) - raft.server.leaderelection.pre-vote = false (custom)
2021-08-17 14:28:09,018 [b1936a85-842c-4bb9-b894-6bc821990487@group-D0B562C6EEF0-FollowerState] INFO  impl.RoleInfo (RoleInfo.java:updateAndGet(130)) - b1936a85-842c-4bb9-b894-6bc821990487: start b1936a85-842c-4bb9-b894-6bc821990487@group-D0B562C6EEF0-LeaderElection36
2021-08-17 14:28:09,043 [b1936a85-842c-4bb9-b894-6bc821990487@group-D0B562C6EEF0-LeaderElection36] INFO  impl.LeaderElection (LeaderElection.java:askForVotes(306)) - b1936a85-842c-4bb9-b894-6bc821990487@group-D0B562C6EEF0-LeaderElection36 ELECTION round 0: submit vote requests at term 1 for -1: [b1936a85-842c-4bb9-b894-6bc821990487|rpc:10.1.0.66:46035|priority:1], old=null
2021-08-17 14:28:09,050 [b1936a85-842c-4bb9-b894-6bc821990487@group-D0B562C6EEF0-LeaderElection36] INFO  impl.LeaderElection (LeaderElection.java:askForVotes(308)) - b1936a85-842c-4bb9-b894-6bc821990487@group-D0B562C6EEF0-LeaderElection36 ELECTION round 0: result PASSED (term=1)
2021-08-17 14:28:09,050 [b1936a85-842c-4bb9-b894-6bc821990487@group-D0B562C6EEF0-LeaderElection36] INFO  impl.RoleInfo (RoleInfo.java:shutdownLeaderElection(121)) - b1936a85-842c-4bb9-b894-6bc821990487: shutdown b1936a85-842c-4bb9-b894-6bc821990487@group-D0B562C6EEF0-LeaderElection36
2021-08-17 14:28:09,050 [b1936a85-842c-4bb9-b894-6bc821990487@group-D0B562C6EEF0-LeaderElection36] INFO  server.RaftServer$Division (RaftServerImpl.java:setRole(285)) - b1936a85-842c-4bb9-b894-6bc821990487@group-D0B562C6EEF0: changes role from CANDIDATE to LEADER at term 1 for changeToLeader
2021-08-17 14:28:09,050 [b1936a85-842c-4bb9-b894-6bc821990487@group-D0B562C6EEF0-LeaderElection36] INFO  ratis.XceiverServerRatis (XceiverServerRatis.java:handleLeaderChangedNotification(861)) - Leader change notification received for group: group-D0B562C6EEF0 with new leaderId: b1936a85-842c-4bb9-b894-6bc821990487
2021-08-17 14:28:09,053 [b1936a85-842c-4bb9-b894-6bc821990487@group-D0B562C6EEF0-LeaderElection36] INFO  server.RaftServer$Division (ServerState.java:setLeader(285)) - b1936a85-842c-4bb9-b894-6bc821990487@group-D0B562C6EEF0: change Leader from null to b1936a85-842c-4bb9-b894-6bc821990487 at term 1 for becomeLeader, leader elected after 5232ms
2021-08-17 14:28:09,054 [b1936a85-842c-4bb9-b894-6bc821990487@group-D0B562C6EEF0-LeaderElection36] INFO  server.RaftServerConfigKeys (ConfUtils.java:logGet(44)) - raft.server.staging.catchup.gap = 1000 (default)
2021-08-17 14:28:09,054 [b1936a85-842c-4bb9-b894-6bc821990487@group-D0B562C6EEF0-LeaderElection36] INFO  server.RaftServerConfigKeys (ConfUtils.java:logGet(44)) - raft.server.write.element-limit = 1024 (custom)
2021-08-17 14:28:09,054 [b1936a85-842c-4bb9-b894-6bc821990487@group-D0B562C6EEF0-LeaderElection36] INFO  server.RaftServerConfigKeys (ConfUtils.java:logGet(44)) - raft.server.write.byte-limit = 1024 M (=1073741824) (custom)
2021-08-17 14:28:09,055 [b1936a85-842c-4bb9-b894-6bc821990487@group-D0B562C6EEF0-LeaderElection36] INFO  server.RaftServerConfigKeys (ConfUtils.java:logGet(44)) - raft.server.watch.timeout = 180s (custom)
2021-08-17 14:28:09,055 [b1936a85-842c-4bb9-b894-6bc821990487@group-D0B562C6EEF0-LeaderElection36] INFO  server.RaftServerConfigKeys (ConfUtils.java:logGet(44)) - raft.server.watch.timeout.denomination = 1s (default)
2021-08-17 14:28:09,055 [b1936a85-842c-4bb9-b894-6bc821990487@group-D0B562C6EEF0-LeaderElection36] INFO  server.RaftServerConfigKeys (ConfUtils.java:logGet(44)) - raft.server.watch.element-limit = 65536 (default)
2021-08-17 14:28:09,055 [b1936a85-842c-4bb9-b894-6bc821990487@group-D0B562C6EEF0-LeaderElection36] INFO  impl.RoleInfo (RoleInfo.java:updateAndGet(130)) - b1936a85-842c-4bb9-b894-6bc821990487: start b1936a85-842c-4bb9-b894-6bc821990487@group-D0B562C6EEF0-LeaderStateImpl
2021-08-17 14:28:09,055 [b1936a85-842c-4bb9-b894-6bc821990487@group-D0B562C6EEF0-LeaderElection36] INFO  segmented.SegmentedRaftLogWorker (SegmentedRaftLogWorker.java:startLogSegment(394)) - b1936a85-842c-4bb9-b894-6bc821990487@group-D0B562C6EEF0-SegmentedRaftLogWorker: Starting segment from index:0
2021-08-17 14:28:09,054 [Datanode State Machine Thread - 0] WARN  statemachine.StateContext (StateContext.java:execute(621)) - No available thread in pool for past 1 seconds.
2021-08-17 14:28:09,056 [EventQueue-OpenPipelineForHealthyPipelineSafeModeRule] INFO  safemode.SCMSafeModeManager (HealthyPipelineSafeModeRule.java:process(124)) - SCM in safe mode. Healthy pipelines reported count is 0, required healthy pipeline reported count is 1
2021-08-17 14:28:09,057 [b1936a85-842c-4bb9-b894-6bc821990487@group-D0B562C6EEF0-SegmentedRaftLogWorker] INFO  segmented.SegmentedRaftLogWorker (SegmentedRaftLogWorker.java:execute(601)) - b1936a85-842c-4bb9-b894-6bc821990487@group-D0B562C6EEF0-SegmentedRaftLogWorker: created new log segment /home/runner/work/ozone/ozone/hadoop-ozone/integration-test/target/test-dir/MiniOzoneClusterImpl-1e0b2984-d7f4-44f4-99c9-a2b226c9d9b8/datanode-1/data/ratis/eef80617-d6e3-4b01-8d33-d0b562c6eef0/current/log_inprogress_0
2021-08-17 14:28:09,080 [b1936a85-842c-4bb9-b894-6bc821990487@group-D0B562C6EEF0-LeaderElection36] INFO  server.RaftServer$Division (ServerState.java:setRaftConf(387)) - b1936a85-842c-4bb9-b894-6bc821990487@group-D0B562C6EEF0: set configuration 0: [b1936a85-842c-4bb9-b894-6bc821990487|rpc:10.1.0.66:46035|dataStream:|priority:1], old=null
2021-08-17 14:28:09,459 [Listener at 127.0.0.1/39353] INFO  ozone.MiniOzoneClusterImpl (MiniOzoneClusterImpl.java:lambda$waitForClusterToBeReady$0(235)) - Nodes are ready. Got 3 of 3 DN Heartbeats.
2021-08-17 14:28:09,459 [Listener at 127.0.0.1/39353] INFO  ozone.MiniOzoneClusterImpl (MiniOzoneClusterImpl.java:lambda$waitForClusterToBeReady$0(238)) - Waiting for cluster to exit safe mode
2021-08-17 14:28:09,459 [Listener at 127.0.0.1/39353] INFO  ozone.MiniOzoneClusterImpl (MiniOzoneClusterImpl.java:lambda$waitForClusterToBeReady$0(240)) - SCM became leader
2021-08-17 14:28:09,574 [c43ab16b-06c7-400f-92a3-3c5c2029723f@group-9463E0C8C45D-FollowerState] INFO  impl.FollowerState (FollowerState.java:run(134)) - c43ab16b-06c7-400f-92a3-3c5c2029723f@group-9463E0C8C45D-FollowerState: change to CANDIDATE, lastRpcElapsedTime:5054176460ns, electionTimeout:5037ms
2021-08-17 14:28:09,575 [c43ab16b-06c7-400f-92a3-3c5c2029723f@group-9463E0C8C45D-FollowerState] INFO  impl.RoleInfo (RoleInfo.java:shutdownFollowerState(108)) - c43ab16b-06c7-400f-92a3-3c5c2029723f: shutdown c43ab16b-06c7-400f-92a3-3c5c2029723f@group-9463E0C8C45D-FollowerState
2021-08-17 14:28:09,575 [c43ab16b-06c7-400f-92a3-3c5c2029723f@group-9463E0C8C45D-FollowerState] INFO  server.RaftServer$Division (RaftServerImpl.java:setRole(285)) - c43ab16b-06c7-400f-92a3-3c5c2029723f@group-9463E0C8C45D: changes role from  FOLLOWER to CANDIDATE at term 0 for changeToCandidate
2021-08-17 14:28:09,575 [c43ab16b-06c7-400f-92a3-3c5c2029723f@group-9463E0C8C45D-FollowerState] INFO  server.RaftServerConfigKeys (ConfUtils.java:logGet(44)) - raft.server.leaderelection.pre-vote = false (custom)
2021-08-17 14:28:09,575 [c43ab16b-06c7-400f-92a3-3c5c2029723f@group-9463E0C8C45D-FollowerState] INFO  impl.RoleInfo (RoleInfo.java:updateAndGet(130)) - c43ab16b-06c7-400f-92a3-3c5c2029723f: start c43ab16b-06c7-400f-92a3-3c5c2029723f@group-9463E0C8C45D-LeaderElection37
2021-08-17 14:28:09,610 [c43ab16b-06c7-400f-92a3-3c5c2029723f@group-9463E0C8C45D-LeaderElection37] INFO  impl.LeaderElection (LeaderElection.java:askForVotes(306)) - c43ab16b-06c7-400f-92a3-3c5c2029723f@group-9463E0C8C45D-LeaderElection37 ELECTION round 0: submit vote requests at term 1 for -1: [c43ab16b-06c7-400f-92a3-3c5c2029723f|rpc:10.1.0.66:41045|priority:1], old=null
2021-08-17 14:28:09,610 [c43ab16b-06c7-400f-92a3-3c5c2029723f@group-9463E0C8C45D-LeaderElection37] INFO  impl.LeaderElection (LeaderElection.java:askForVotes(308)) - c43ab16b-06c7-400f-92a3-3c5c2029723f@group-9463E0C8C45D-LeaderElection37 ELECTION round 0: result PASSED (term=1)
2021-08-17 14:28:09,610 [c43ab16b-06c7-400f-92a3-3c5c2029723f@group-9463E0C8C45D-LeaderElection37] INFO  impl.RoleInfo (RoleInfo.java:shutdownLeaderElection(121)) - c43ab16b-06c7-400f-92a3-3c5c2029723f: shutdown c43ab16b-06c7-400f-92a3-3c5c2029723f@group-9463E0C8C45D-LeaderElection37
2021-08-17 14:28:09,610 [c43ab16b-06c7-400f-92a3-3c5c2029723f@group-9463E0C8C45D-LeaderElection37] INFO  server.RaftServer$Division (RaftServerImpl.java:setRole(285)) - c43ab16b-06c7-400f-92a3-3c5c2029723f@group-9463E0C8C45D: changes role from CANDIDATE to LEADER at term 1 for changeToLeader
2021-08-17 14:28:09,610 [c43ab16b-06c7-400f-92a3-3c5c2029723f@group-9463E0C8C45D-LeaderElection37] INFO  ratis.XceiverServerRatis (XceiverServerRatis.java:handleLeaderChangedNotification(861)) - Leader change notification received for group: group-9463E0C8C45D with new leaderId: c43ab16b-06c7-400f-92a3-3c5c2029723f
2021-08-17 14:28:09,618 [Datanode State Machine Thread - 0] WARN  statemachine.StateContext (StateContext.java:execute(621)) - No available thread in pool for past 1 seconds.
2021-08-17 14:28:09,619 [EventQueue-OpenPipelineForHealthyPipelineSafeModeRule] INFO  safemode.SCMSafeModeManager (HealthyPipelineSafeModeRule.java:process(124)) - SCM in safe mode. Healthy pipelines reported count is 0, required healthy pipeline reported count is 1
2021-08-17 14:28:09,621 [c43ab16b-06c7-400f-92a3-3c5c2029723f@group-9463E0C8C45D-LeaderElection37] INFO  server.RaftServer$Division (ServerState.java:setLeader(285)) - c43ab16b-06c7-400f-92a3-3c5c2029723f@group-9463E0C8C45D: change Leader from null to c43ab16b-06c7-400f-92a3-3c5c2029723f at term 1 for becomeLeader, leader elected after 5117ms
2021-08-17 14:28:09,621 [c43ab16b-06c7-400f-92a3-3c5c2029723f@group-9463E0C8C45D-LeaderElection37] INFO  server.RaftServerConfigKeys (ConfUtils.java:logGet(44)) - raft.server.staging.catchup.gap = 1000 (default)
2021-08-17 14:28:09,621 [c43ab16b-06c7-400f-92a3-3c5c2029723f@group-9463E0C8C45D-LeaderElection37] INFO  server.RaftServerConfigKeys (ConfUtils.java:logGet(44)) - raft.server.write.element-limit = 1024 (custom)
2021-08-17 14:28:09,621 [c43ab16b-06c7-400f-92a3-3c5c2029723f@group-9463E0C8C45D-LeaderElection37] INFO  server.RaftServerConfigKeys (ConfUtils.java:logGet(44)) - raft.server.write.byte-limit = 1024 M (=1073741824) (custom)
2021-08-17 14:28:09,622 [c43ab16b-06c7-400f-92a3-3c5c2029723f@group-9463E0C8C45D-LeaderElection37] INFO  server.RaftServerConfigKeys (ConfUtils.java:logGet(44)) - raft.server.watch.timeout = 180s (custom)
2021-08-17 14:28:09,622 [c43ab16b-06c7-400f-92a3-3c5c2029723f@group-9463E0C8C45D-LeaderElection37] INFO  server.RaftServerConfigKeys (ConfUtils.java:logGet(44)) - raft.server.watch.timeout.denomination = 1s (default)
2021-08-17 14:28:09,622 [c43ab16b-06c7-400f-92a3-3c5c2029723f@group-9463E0C8C45D-LeaderElection37] INFO  server.RaftServerConfigKeys (ConfUtils.java:logGet(44)) - raft.server.watch.element-limit = 65536 (default)
2021-08-17 14:28:09,622 [c43ab16b-06c7-400f-92a3-3c5c2029723f@group-9463E0C8C45D-LeaderElection37] INFO  impl.RoleInfo (RoleInfo.java:updateAndGet(130)) - c43ab16b-06c7-400f-92a3-3c5c2029723f: start c43ab16b-06c7-400f-92a3-3c5c2029723f@group-9463E0C8C45D-LeaderStateImpl
2021-08-17 14:28:09,622 [c43ab16b-06c7-400f-92a3-3c5c2029723f@group-9463E0C8C45D-LeaderElection37] INFO  segmented.SegmentedRaftLogWorker (SegmentedRaftLogWorker.java:startLogSegment(394)) - c43ab16b-06c7-400f-92a3-3c5c2029723f@group-9463E0C8C45D-SegmentedRaftLogWorker: Starting segment from index:0
2021-08-17 14:28:09,625 [c43ab16b-06c7-400f-92a3-3c5c2029723f@group-9463E0C8C45D-SegmentedRaftLogWorker] INFO  segmented.SegmentedRaftLogWorker (SegmentedRaftLogWorker.java:execute(601)) - c43ab16b-06c7-400f-92a3-3c5c2029723f@group-9463E0C8C45D-SegmentedRaftLogWorker: created new log segment /home/runner/work/ozone/ozone/hadoop-ozone/integration-test/target/test-dir/MiniOzoneClusterImpl-1e0b2984-d7f4-44f4-99c9-a2b226c9d9b8/datanode-2/data/ratis/b3bfa8d7-a080-4f1f-bf6b-9463e0c8c45d/current/log_inprogress_0
2021-08-17 14:28:09,656 [c43ab16b-06c7-400f-92a3-3c5c2029723f@group-9463E0C8C45D-LeaderElection37] INFO  server.RaftServer$Division (ServerState.java:setRaftConf(387)) - c43ab16b-06c7-400f-92a3-3c5c2029723f@group-9463E0C8C45D: set configuration 0: [c43ab16b-06c7-400f-92a3-3c5c2029723f|rpc:10.1.0.66:41045|dataStream:|priority:1], old=null
2021-08-17 14:28:10,459 [Listener at 127.0.0.1/39353] INFO  ozone.MiniOzoneClusterImpl (MiniOzoneClusterImpl.java:lambda$waitForClusterToBeReady$0(235)) - Nodes are ready. Got 3 of 3 DN Heartbeats.
2021-08-17 14:28:10,459 [Listener at 127.0.0.1/39353] INFO  ozone.MiniOzoneClusterImpl (MiniOzoneClusterImpl.java:lambda$waitForClusterToBeReady$0(238)) - Waiting for cluster to exit safe mode
2021-08-17 14:28:10,459 [Listener at 127.0.0.1/39353] INFO  ozone.MiniOzoneClusterImpl (MiniOzoneClusterImpl.java:lambda$waitForClusterToBeReady$0(240)) - SCM became leader
2021-08-17 14:28:11,459 [Listener at 127.0.0.1/39353] INFO  ozone.MiniOzoneClusterImpl (MiniOzoneClusterImpl.java:lambda$waitForClusterToBeReady$0(235)) - Nodes are ready. Got 3 of 3 DN Heartbeats.
2021-08-17 14:28:11,459 [Listener at 127.0.0.1/39353] INFO  ozone.MiniOzoneClusterImpl (MiniOzoneClusterImpl.java:lambda$waitForClusterToBeReady$0(238)) - Waiting for cluster to exit safe mode
2021-08-17 14:28:11,460 [Listener at 127.0.0.1/39353] INFO  ozone.MiniOzoneClusterImpl (MiniOzoneClusterImpl.java:lambda$waitForClusterToBeReady$0(240)) - SCM became leader
2021-08-17 14:28:12,460 [Listener at 127.0.0.1/39353] INFO  ozone.MiniOzoneClusterImpl (MiniOzoneClusterImpl.java:lambda$waitForClusterToBeReady$0(235)) - Nodes are ready. Got 3 of 3 DN Heartbeats.
2021-08-17 14:28:12,460 [Listener at 127.0.0.1/39353] INFO  ozone.MiniOzoneClusterImpl (MiniOzoneClusterImpl.java:lambda$waitForClusterToBeReady$0(238)) - Waiting for cluster to exit safe mode
2021-08-17 14:28:12,460 [Listener at 127.0.0.1/39353] INFO  ozone.MiniOzoneClusterImpl (MiniOzoneClusterImpl.java:lambda$waitForClusterToBeReady$0(240)) - SCM became leader
2021-08-17 14:28:13,460 [Listener at 127.0.0.1/39353] INFO  ozone.MiniOzoneClusterImpl (MiniOzoneClusterImpl.java:lambda$waitForClusterToBeReady$0(235)) - Nodes are ready. Got 3 of 3 DN Heartbeats.
2021-08-17 14:28:13,460 [Listener at 127.0.0.1/39353] INFO  ozone.MiniOzoneClusterImpl (MiniOzoneClusterImpl.java:lambda$waitForClusterToBeReady$0(238)) - Waiting for cluster to exit safe mode
2021-08-17 14:28:13,460 [Listener at 127.0.0.1/39353] INFO  ozone.MiniOzoneClusterImpl (MiniOzoneClusterImpl.java:lambda$waitForClusterToBeReady$0(240)) - SCM became leader
2021-08-17 14:28:13,767 [c43ab16b-06c7-400f-92a3-3c5c2029723f@group-FC9E8FDBFB7C-FollowerState] INFO  impl.FollowerState (FollowerState.java:run(134)) - c43ab16b-06c7-400f-92a3-3c5c2029723f@group-FC9E8FDBFB7C-FollowerState: change to CANDIDATE, lastRpcElapsedTime:5044285920ns, electionTimeout:5042ms
2021-08-17 14:28:13,767 [c43ab16b-06c7-400f-92a3-3c5c2029723f@group-FC9E8FDBFB7C-FollowerState] INFO  impl.RoleInfo (RoleInfo.java:shutdownFollowerState(108)) - c43ab16b-06c7-400f-92a3-3c5c2029723f: shutdown c43ab16b-06c7-400f-92a3-3c5c2029723f@group-FC9E8FDBFB7C-FollowerState
2021-08-17 14:28:13,767 [c43ab16b-06c7-400f-92a3-3c5c2029723f@group-FC9E8FDBFB7C-FollowerState] INFO  server.RaftServer$Division (RaftServerImpl.java:setRole(285)) - c43ab16b-06c7-400f-92a3-3c5c2029723f@group-FC9E8FDBFB7C: changes role from  FOLLOWER to CANDIDATE at term 1 for changeToCandidate
2021-08-17 14:28:13,767 [c43ab16b-06c7-400f-92a3-3c5c2029723f@group-FC9E8FDBFB7C-FollowerState] INFO  server.RaftServerConfigKeys (ConfUtils.java:logGet(44)) - raft.server.leaderelection.pre-vote = false (custom)
2021-08-17 14:28:13,767 [c43ab16b-06c7-400f-92a3-3c5c2029723f@group-FC9E8FDBFB7C-FollowerState] INFO  impl.RoleInfo (RoleInfo.java:updateAndGet(130)) - c43ab16b-06c7-400f-92a3-3c5c2029723f: start c43ab16b-06c7-400f-92a3-3c5c2029723f@group-FC9E8FDBFB7C-LeaderElection38
2021-08-17 14:28:13,790 [c43ab16b-06c7-400f-92a3-3c5c2029723f@group-FC9E8FDBFB7C-LeaderElection38] INFO  impl.LeaderElection (LeaderElection.java:askForVotes(306)) - c43ab16b-06c7-400f-92a3-3c5c2029723f@group-FC9E8FDBFB7C-LeaderElection38 ELECTION round 0: submit vote requests at term 2 for -1: [b1936a85-842c-4bb9-b894-6bc821990487|rpc:10.1.0.66:46035|dataStream:|priority:0, c43ab16b-06c7-400f-92a3-3c5c2029723f|rpc:10.1.0.66:41045|dataStream:|priority:1, 80e255e6-dcb1-4af9-8688-54f332b6f6ae|rpc:10.1.0.66:46789|dataStream:|priority:0], old=null
2021-08-17 14:28:13,823 [grpc-default-executor-1] INFO  server.RaftServer$Division (RaftServerImpl.java:requestVote(1043)) - b1936a85-842c-4bb9-b894-6bc821990487@group-FC9E8FDBFB7C: receive requestVote(ELECTION, c43ab16b-06c7-400f-92a3-3c5c2029723f, group-FC9E8FDBFB7C, 2, (t:0, i:0))
2021-08-17 14:28:13,823 [grpc-default-executor-1] INFO  impl.VoteContext (VoteContext.java:log(48)) - b1936a85-842c-4bb9-b894-6bc821990487@group-FC9E8FDBFB7C-FOLLOWER: accept ELECTION from c43ab16b-06c7-400f-92a3-3c5c2029723f: our priority 0 <= candidate's priority 1
2021-08-17 14:28:13,823 [grpc-default-executor-1] INFO  server.RaftServer$Division (RaftServerImpl.java:setRole(285)) - b1936a85-842c-4bb9-b894-6bc821990487@group-FC9E8FDBFB7C: changes role from  FOLLOWER to FOLLOWER at term 2 for candidate:c43ab16b-06c7-400f-92a3-3c5c2029723f
2021-08-17 14:28:13,823 [grpc-default-executor-1] INFO  impl.RoleInfo (RoleInfo.java:shutdownFollowerState(108)) - b1936a85-842c-4bb9-b894-6bc821990487: shutdown b1936a85-842c-4bb9-b894-6bc821990487@group-FC9E8FDBFB7C-FollowerState
2021-08-17 14:28:13,823 [grpc-default-executor-1] INFO  impl.RoleInfo (RoleInfo.java:updateAndGet(130)) - b1936a85-842c-4bb9-b894-6bc821990487: start b1936a85-842c-4bb9-b894-6bc821990487@group-FC9E8FDBFB7C-FollowerState
2021-08-17 14:28:13,824 [b1936a85-842c-4bb9-b894-6bc821990487@group-FC9E8FDBFB7C-FollowerState] INFO  impl.FollowerState (FollowerState.java:run(143)) - b1936a85-842c-4bb9-b894-6bc821990487@group-FC9E8FDBFB7C-FollowerState was interrupted: {}
java.lang.InterruptedException: sleep interrupted
	at java.lang.Thread.sleep(Native Method)
	at java.lang.Thread.sleep(Thread.java:340)
	at java.util.concurrent.TimeUnit.sleep(TimeUnit.java:386)
	at org.apache.ratis.util.TimeDuration.sleep(TimeDuration.java:324)
	at org.apache.ratis.util.TimeDuration.sleep(TimeDuration.java:309)
	at org.apache.ratis.server.impl.FollowerState.run(FollowerState.java:118)
2021-08-17 14:28:13,841 [80e255e6-dcb1-4af9-8688-54f332b6f6ae@group-FC9E8FDBFB7C-FollowerState] INFO  impl.FollowerState (FollowerState.java:run(134)) - 80e255e6-dcb1-4af9-8688-54f332b6f6ae@group-FC9E8FDBFB7C-FollowerState: change to CANDIDATE, lastRpcElapsedTime:5058949555ns, electionTimeout:5031ms
2021-08-17 14:28:13,850 [80e255e6-dcb1-4af9-8688-54f332b6f6ae@group-FC9E8FDBFB7C-FollowerState] INFO  impl.RoleInfo (RoleInfo.java:shutdownFollowerState(108)) - 80e255e6-dcb1-4af9-8688-54f332b6f6ae: shutdown 80e255e6-dcb1-4af9-8688-54f332b6f6ae@group-FC9E8FDBFB7C-FollowerState
2021-08-17 14:28:13,850 [80e255e6-dcb1-4af9-8688-54f332b6f6ae@group-FC9E8FDBFB7C-FollowerState] INFO  server.RaftServer$Division (RaftServerImpl.java:setRole(285)) - 80e255e6-dcb1-4af9-8688-54f332b6f6ae@group-FC9E8FDBFB7C: changes role from  FOLLOWER to CANDIDATE at term 1 for changeToCandidate
2021-08-17 14:28:13,850 [80e255e6-dcb1-4af9-8688-54f332b6f6ae@group-FC9E8FDBFB7C-FollowerState] INFO  server.RaftServerConfigKeys (ConfUtils.java:logGet(44)) - raft.server.leaderelection.pre-vote = false (custom)
2021-08-17 14:28:13,850 [80e255e6-dcb1-4af9-8688-54f332b6f6ae@group-FC9E8FDBFB7C-FollowerState] INFO  impl.RoleInfo (RoleInfo.java:updateAndGet(130)) - 80e255e6-dcb1-4af9-8688-54f332b6f6ae: start 80e255e6-dcb1-4af9-8688-54f332b6f6ae@group-FC9E8FDBFB7C-LeaderElection39
2021-08-17 14:28:13,875 [grpc-default-executor-1] INFO  server.RaftServer$Division (RaftServerImpl.java:requestVote(1075)) - b1936a85-842c-4bb9-b894-6bc821990487@group-FC9E8FDBFB7C replies to ELECTION vote request: c43ab16b-06c7-400f-92a3-3c5c2029723f<-b1936a85-842c-4bb9-b894-6bc821990487#0:OK-t2. Peer's state: b1936a85-842c-4bb9-b894-6bc821990487@group-FC9E8FDBFB7C:t2, leader=null, voted=c43ab16b-06c7-400f-92a3-3c5c2029723f, raftlog=b1936a85-842c-4bb9-b894-6bc821990487@group-FC9E8FDBFB7C-SegmentedRaftLog:OPENED:c-1,f-1,i0, conf=-1: [b1936a85-842c-4bb9-b894-6bc821990487|rpc:10.1.0.66:46035|dataStream:|priority:0, c43ab16b-06c7-400f-92a3-3c5c2029723f|rpc:10.1.0.66:41045|dataStream:|priority:1, 80e255e6-dcb1-4af9-8688-54f332b6f6ae|rpc:10.1.0.66:46789|dataStream:|priority:0], old=null
2021-08-17 14:28:13,877 [c43ab16b-06c7-400f-92a3-3c5c2029723f@group-FC9E8FDBFB7C-LeaderElection38] INFO  impl.LeaderElection (LeaderElection.java:logAndReturn(89)) - c43ab16b-06c7-400f-92a3-3c5c2029723f@group-FC9E8FDBFB7C-LeaderElection38: ELECTION PASSED received 1 response(s) and 0 exception(s):
2021-08-17 14:28:13,877 [c43ab16b-06c7-400f-92a3-3c5c2029723f@group-FC9E8FDBFB7C-LeaderElection38] INFO  impl.LeaderElection (LeaderElection.java:logAndReturn(93)) -   Response 0: c43ab16b-06c7-400f-92a3-3c5c2029723f<-b1936a85-842c-4bb9-b894-6bc821990487#0:OK-t2
2021-08-17 14:28:13,877 [c43ab16b-06c7-400f-92a3-3c5c2029723f@group-FC9E8FDBFB7C-LeaderElection38] INFO  impl.LeaderElection (LeaderElection.java:askForVotes(308)) - c43ab16b-06c7-400f-92a3-3c5c2029723f@group-FC9E8FDBFB7C-LeaderElection38 ELECTION round 0: result PASSED
2021-08-17 14:28:13,877 [c43ab16b-06c7-400f-92a3-3c5c2029723f@group-FC9E8FDBFB7C-LeaderElection38] INFO  impl.RoleInfo (RoleInfo.java:shutdownLeaderElection(121)) - c43ab16b-06c7-400f-92a3-3c5c2029723f: shutdown c43ab16b-06c7-400f-92a3-3c5c2029723f@group-FC9E8FDBFB7C-LeaderElection38
2021-08-17 14:28:13,877 [c43ab16b-06c7-400f-92a3-3c5c2029723f@group-FC9E8FDBFB7C-LeaderElection38] INFO  server.RaftServer$Division (RaftServerImpl.java:setRole(285)) - c43ab16b-06c7-400f-92a3-3c5c2029723f@group-FC9E8FDBFB7C: changes role from CANDIDATE to LEADER at term 2 for changeToLeader
2021-08-17 14:28:13,877 [c43ab16b-06c7-400f-92a3-3c5c2029723f@group-FC9E8FDBFB7C-LeaderElection38] INFO  ratis.XceiverServerRatis (XceiverServerRatis.java:handleLeaderChangedNotification(861)) - Leader change notification received for group: group-FC9E8FDBFB7C with new leaderId: c43ab16b-06c7-400f-92a3-3c5c2029723f
2021-08-17 14:28:13,877 [c43ab16b-06c7-400f-92a3-3c5c2029723f@group-FC9E8FDBFB7C-LeaderElection38] INFO  server.RaftServer$Division (ServerState.java:setLeader(285)) - c43ab16b-06c7-400f-92a3-3c5c2029723f@group-FC9E8FDBFB7C: change Leader from null to c43ab16b-06c7-400f-92a3-3c5c2029723f at term 2 for becomeLeader, leader elected after 10265ms
2021-08-17 14:28:13,877 [c43ab16b-06c7-400f-92a3-3c5c2029723f@group-FC9E8FDBFB7C-LeaderElection38] INFO  server.RaftServerConfigKeys (ConfUtils.java:logGet(44)) - raft.server.staging.catchup.gap = 1000 (default)
2021-08-17 14:28:13,877 [c43ab16b-06c7-400f-92a3-3c5c2029723f@group-FC9E8FDBFB7C-LeaderElection38] INFO  server.RaftServerConfigKeys (ConfUtils.java:logGet(44)) - raft.server.write.element-limit = 1024 (custom)
2021-08-17 14:28:13,878 [Datanode State Machine Thread - 0] WARN  statemachine.StateContext (StateContext.java:execute(621)) - No available thread in pool for past 1 seconds.
2021-08-17 14:28:13,878 [c43ab16b-06c7-400f-92a3-3c5c2029723f@group-FC9E8FDBFB7C-LeaderElection38] INFO  server.RaftServerConfigKeys (ConfUtils.java:logGet(44)) - raft.server.write.byte-limit = 1024 M (=1073741824) (custom)
2021-08-17 14:28:13,884 [c43ab16b-06c7-400f-92a3-3c5c2029723f@group-FC9E8FDBFB7C-LeaderElection38] INFO  server.RaftServerConfigKeys (ConfUtils.java:logGet(44)) - raft.server.watch.timeout = 180s (custom)
2021-08-17 14:28:13,884 [c43ab16b-06c7-400f-92a3-3c5c2029723f@group-FC9E8FDBFB7C-LeaderElection38] INFO  server.RaftServerConfigKeys (ConfUtils.java:logGet(44)) - raft.server.watch.timeout.denomination = 1s (default)
2021-08-17 14:28:13,884 [c43ab16b-06c7-400f-92a3-3c5c2029723f@group-FC9E8FDBFB7C-LeaderElection38] INFO  server.RaftServerConfigKeys (ConfUtils.java:logGet(44)) - raft.server.watch.element-limit = 65536 (default)
2021-08-17 14:28:13,886 [grpc-default-executor-3] INFO  server.RaftServer$Division (RaftServerImpl.java:requestVote(1043)) - 80e255e6-dcb1-4af9-8688-54f332b6f6ae@group-FC9E8FDBFB7C: receive requestVote(ELECTION, c43ab16b-06c7-400f-92a3-3c5c2029723f, group-FC9E8FDBFB7C, 2, (t:0, i:0))
2021-08-17 14:28:13,886 [grpc-default-executor-3] INFO  impl.VoteContext (VoteContext.java:log(48)) - 80e255e6-dcb1-4af9-8688-54f332b6f6ae@group-FC9E8FDBFB7C-CANDIDATE: accept ELECTION from c43ab16b-06c7-400f-92a3-3c5c2029723f: our priority 0 <= candidate's priority 1
2021-08-17 14:28:13,886 [grpc-default-executor-3] INFO  server.RaftServer$Division (RaftServerImpl.java:setRole(285)) - 80e255e6-dcb1-4af9-8688-54f332b6f6ae@group-FC9E8FDBFB7C: changes role from CANDIDATE to FOLLOWER at term 2 for candidate:c43ab16b-06c7-400f-92a3-3c5c2029723f
2021-08-17 14:28:13,886 [grpc-default-executor-3] INFO  impl.RoleInfo (RoleInfo.java:shutdownLeaderElection(121)) - 80e255e6-dcb1-4af9-8688-54f332b6f6ae: shutdown 80e255e6-dcb1-4af9-8688-54f332b6f6ae@group-FC9E8FDBFB7C-LeaderElection39
2021-08-17 14:28:13,887 [grpc-default-executor-3] INFO  impl.RoleInfo (RoleInfo.java:updateAndGet(130)) - 80e255e6-dcb1-4af9-8688-54f332b6f6ae: start 80e255e6-dcb1-4af9-8688-54f332b6f6ae@group-FC9E8FDBFB7C-FollowerState
2021-08-17 14:28:13,889 [grpc-default-executor-3] INFO  server.RaftServer$Division (RaftServerImpl.java:requestVote(1075)) - 80e255e6-dcb1-4af9-8688-54f332b6f6ae@group-FC9E8FDBFB7C replies to ELECTION vote request: c43ab16b-06c7-400f-92a3-3c5c2029723f<-80e255e6-dcb1-4af9-8688-54f332b6f6ae#0:OK-t2. Peer's state: 80e255e6-dcb1-4af9-8688-54f332b6f6ae@group-FC9E8FDBFB7C:t2, leader=null, voted=c43ab16b-06c7-400f-92a3-3c5c2029723f, raftlog=80e255e6-dcb1-4af9-8688-54f332b6f6ae@group-FC9E8FDBFB7C-SegmentedRaftLog:OPENED:c-1,f-1,i0, conf=-1: [b1936a85-842c-4bb9-b894-6bc821990487|rpc:10.1.0.66:46035|priority:0, c43ab16b-06c7-400f-92a3-3c5c2029723f|rpc:10.1.0.66:41045|priority:1, 80e255e6-dcb1-4af9-8688-54f332b6f6ae|rpc:10.1.0.66:46789|priority:0], old=null
2021-08-17 14:28:13,913 [80e255e6-dcb1-4af9-8688-54f332b6f6ae@group-FC9E8FDBFB7C-LeaderElection39] INFO  impl.LeaderElection (LeaderElection.java:run(230)) - 80e255e6-dcb1-4af9-8688-54f332b6f6ae@group-FC9E8FDBFB7C-LeaderElection39: skip running since this is already CLOSING
2021-08-17 14:28:13,926 [EventQueue-PipelineReportForPipelineReportHandler] INFO  pipeline.PipelineManagerImpl (PipelineManagerImpl.java:openPipeline(283)) - Pipeline Pipeline[ Id: e74103e6-9fd1-4c82-a3d0-fc9e8fdbfb7c, Nodes: 80e255e6-dcb1-4af9-8688-54f332b6f6ae{ip: 10.1.0.66, host: fv-az12-928.exdb2aeach2ezidoxz41lk3bwg.cx.internal.cloudapp.net, ports: [REPLICATION=34211, RATIS=46789, RATIS_ADMIN=46789, RATIS_SERVER=46789, STANDALONE=34705], networkLocation: /default-rack, certSerialId: null, persistedOpState: IN_SERVICE, persistedOpStateExpiryEpochSec: 0}b1936a85-842c-4bb9-b894-6bc821990487{ip: 10.1.0.66, host: fv-az12-928.exdb2aeach2ezidoxz41lk3bwg.cx.internal.cloudapp.net, ports: [REPLICATION=37585, RATIS=46035, RATIS_ADMIN=46035, RATIS_SERVER=46035, STANDALONE=45945], networkLocation: /default-rack, certSerialId: null, persistedOpState: IN_SERVICE, persistedOpStateExpiryEpochSec: 0}c43ab16b-06c7-400f-92a3-3c5c2029723f{ip: 10.1.0.66, host: fv-az12-928.exdb2aeach2ezidoxz41lk3bwg.cx.internal.cloudapp.net, ports: [REPLICATION=42363, RATIS=41045, RATIS_ADMIN=41045, RATIS_SERVER=41045, STANDALONE=34717], networkLocation: /default-rack, certSerialId: null, persistedOpState: IN_SERVICE, persistedOpStateExpiryEpochSec: 0}, ReplicationConfig: RATIS/THREE, State:ALLOCATED, leaderId:c43ab16b-06c7-400f-92a3-3c5c2029723f, CreationTimestamp2021-08-17T14:28:01.484Z[Etc/UTC]] moved to OPEN state
2021-08-17 14:28:13,927 [EventQueue-OpenPipelineForHealthyPipelineSafeModeRule] INFO  safemode.SCMSafeModeManager (HealthyPipelineSafeModeRule.java:process(124)) - SCM in safe mode. Healthy pipelines reported count is 0, required healthy pipeline reported count is 1
2021-08-17 14:28:13,926 [c43ab16b-06c7-400f-92a3-3c5c2029723f@group-FC9E8FDBFB7C-LeaderElection38] INFO  server.RaftServerConfigKeys (ConfUtils.java:logGet(44)) - raft.server.log.appender.snapshot.chunk.size.max = 16MB (=16777216) (default)
2021-08-17 14:28:13,950 [c43ab16b-06c7-400f-92a3-3c5c2029723f@group-FC9E8FDBFB7C-LeaderElection38] INFO  server.RaftServerConfigKeys (ConfUtils.java:logGet(44)) - raft.server.log.appender.buffer.byte-limit = 33554432 (custom)
2021-08-17 14:28:13,950 [c43ab16b-06c7-400f-92a3-3c5c2029723f@group-FC9E8FDBFB7C-LeaderElection38] INFO  server.RaftServerConfigKeys (ConfUtils.java:logGet(44)) - raft.server.log.appender.buffer.element-limit = 1 (custom)
2021-08-17 14:28:13,950 [c43ab16b-06c7-400f-92a3-3c5c2029723f@group-FC9E8FDBFB7C-LeaderElection38] INFO  grpc.GrpcConfigKeys (ConfUtils.java:logGet(44)) - raft.grpc.server.leader.outstanding.appends.max = 128 (default)
2021-08-17 14:28:13,950 [c43ab16b-06c7-400f-92a3-3c5c2029723f@group-FC9E8FDBFB7C-LeaderElection38] INFO  server.RaftServerConfigKeys (ConfUtils.java:logGet(44)) - raft.server.rpc.request.timeout = 60s (custom)
2021-08-17 14:28:13,950 [c43ab16b-06c7-400f-92a3-3c5c2029723f@group-FC9E8FDBFB7C-LeaderElection38] INFO  server.RaftServerConfigKeys (ConfUtils.java:logGet(44)) - raft.server.log.appender.install.snapshot.enabled = false (custom)
2021-08-17 14:28:13,951 [c43ab16b-06c7-400f-92a3-3c5c2029723f@group-FC9E8FDBFB7C-LeaderElection38] INFO  server.RaftServerConfigKeys (ConfUtils.java:logGet(44)) - raft.server.log.appender.snapshot.chunk.size.max = 16MB (=16777216) (default)
2021-08-17 14:28:13,951 [c43ab16b-06c7-400f-92a3-3c5c2029723f@group-FC9E8FDBFB7C-LeaderElection38] INFO  server.RaftServerConfigKeys (ConfUtils.java:logGet(44)) - raft.server.log.appender.buffer.byte-limit = 33554432 (custom)
2021-08-17 14:28:13,951 [c43ab16b-06c7-400f-92a3-3c5c2029723f@group-FC9E8FDBFB7C-LeaderElection38] INFO  server.RaftServerConfigKeys (ConfUtils.java:logGet(44)) - raft.server.log.appender.buffer.element-limit = 1 (custom)
2021-08-17 14:28:13,951 [c43ab16b-06c7-400f-92a3-3c5c2029723f@group-FC9E8FDBFB7C-LeaderElection38] INFO  grpc.GrpcConfigKeys (ConfUtils.java:logGet(44)) - raft.grpc.server.leader.outstanding.appends.max = 128 (default)
2021-08-17 14:28:13,951 [c43ab16b-06c7-400f-92a3-3c5c2029723f@group-FC9E8FDBFB7C-LeaderElection38] INFO  server.RaftServerConfigKeys (ConfUtils.java:logGet(44)) - raft.server.rpc.request.timeout = 60s (custom)
2021-08-17 14:28:13,951 [c43ab16b-06c7-400f-92a3-3c5c2029723f@group-FC9E8FDBFB7C-LeaderElection38] INFO  server.RaftServerConfigKeys (ConfUtils.java:logGet(44)) - raft.server.log.appender.install.snapshot.enabled = false (custom)
2021-08-17 14:28:13,952 [c43ab16b-06c7-400f-92a3-3c5c2029723f@group-FC9E8FDBFB7C-LeaderElection38] INFO  impl.RoleInfo (RoleInfo.java:updateAndGet(130)) - c43ab16b-06c7-400f-92a3-3c5c2029723f: start c43ab16b-06c7-400f-92a3-3c5c2029723f@group-FC9E8FDBFB7C-LeaderStateImpl
2021-08-17 14:28:13,949 [EventQueue-OpenPipelineForHealthyPipelineSafeModeRule] INFO  safemode.SCMSafeModeManager (HealthyPipelineSafeModeRule.java:process(124)) - SCM in safe mode. Healthy pipelines reported count is 1, required healthy pipeline reported count is 1
2021-08-17 14:28:13,952 [EventQueue-OpenPipelineForHealthyPipelineSafeModeRule] INFO  safemode.SCMSafeModeManager (SCMSafeModeManager.java:validateSafeModeExitRules(204)) - HealthyPipelineSafeModeRule rule is successfully validated
2021-08-17 14:28:13,952 [EventQueue-OpenPipelineForHealthyPipelineSafeModeRule] INFO  safemode.SCMSafeModeManager (SCMSafeModeManager.java:validateSafeModeExitRules(219)) - ScmSafeModeManager, all rules are successfully validated
2021-08-17 14:28:13,952 [EventQueue-OpenPipelineForHealthyPipelineSafeModeRule] INFO  safemode.SCMSafeModeManager (SCMSafeModeManager.java:exitSafeMode(248)) - SCM exiting safe mode.
2021-08-17 14:28:13,952 [EventQueue-OpenPipelineForHealthyPipelineSafeModeRule] WARN  events.EventQueue (EventQueue.java:fireEvent(194)) - No event handler registered for event TypedEvent{payloadType=SafeModeStatus, name='Safe mode status'}
2021-08-17 14:28:13,952 [EventQueue-OpenPipelineForHealthyPipelineSafeModeRule] INFO  ha.SCMContext (SCMContext.java:updateSafeModeStatus(205)) - Update SafeModeStatus from SafeModeStatus{safeModeStatus=true, preCheckPassed=true} to SafeModeStatus{safeModeStatus=false, preCheckPassed=true}.
2021-08-17 14:28:13,952 [EventQueue-OpenPipelineForHealthyPipelineSafeModeRule] INFO  pipeline.BackgroundPipelineCreator (BackgroundPipelineCreatorV2.java:notifyStatusChanged(264)) - Service BackgroundPipelineCreator transitions to RUNNING.
2021-08-17 14:28:13,952 [EventQueue-OpenPipelineForHealthyPipelineSafeModeRule] INFO  container.ReplicationManager (ReplicationManager.java:notifyStatusChanged(1722)) - Service ReplicationManager transitions to RUNNING.
2021-08-17 14:28:13,961 [c43ab16b-06c7-400f-92a3-3c5c2029723f@group-FC9E8FDBFB7C-LeaderElection38] INFO  segmented.SegmentedRaftLogWorker (SegmentedRaftLogWorker.java:startLogSegment(394)) - c43ab16b-06c7-400f-92a3-3c5c2029723f@group-FC9E8FDBFB7C-SegmentedRaftLogWorker: Starting segment from index:0
2021-08-17 14:28:13,963 [c43ab16b-06c7-400f-92a3-3c5c2029723f@group-FC9E8FDBFB7C-SegmentedRaftLogWorker] INFO  segmented.SegmentedRaftLogWorker (SegmentedRaftLogWorker.java:execute(601)) - c43ab16b-06c7-400f-92a3-3c5c2029723f@group-FC9E8FDBFB7C-SegmentedRaftLogWorker: created new log segment /home/runner/work/ozone/ozone/hadoop-ozone/integration-test/target/test-dir/MiniOzoneClusterImpl-1e0b2984-d7f4-44f4-99c9-a2b226c9d9b8/datanode-2/data/ratis/e74103e6-9fd1-4c82-a3d0-fc9e8fdbfb7c/current/log_inprogress_0
2021-08-17 14:28:13,985 [grpc-default-executor-1] INFO  ratis.XceiverServerRatis (XceiverServerRatis.java:handleLeaderChangedNotification(861)) - Leader change notification received for group: group-FC9E8FDBFB7C with new leaderId: c43ab16b-06c7-400f-92a3-3c5c2029723f
2021-08-17 14:28:13,985 [grpc-default-executor-1] INFO  server.RaftServer$Division (ServerState.java:setLeader(285)) - b1936a85-842c-4bb9-b894-6bc821990487@group-FC9E8FDBFB7C: change Leader from null to c43ab16b-06c7-400f-92a3-3c5c2029723f at term 2 for appendEntries, leader elected after 10568ms
2021-08-17 14:28:13,994 [b1936a85-842c-4bb9-b894-6bc821990487@group-9D979AEE4FFB-FollowerState] INFO  impl.FollowerState (FollowerState.java:run(134)) - b1936a85-842c-4bb9-b894-6bc821990487@group-9D979AEE4FFB-FollowerState: change to CANDIDATE, lastRpcElapsedTime:5049260230ns, electionTimeout:5034ms
2021-08-17 14:28:13,995 [b1936a85-842c-4bb9-b894-6bc821990487@group-9D979AEE4FFB-FollowerState] INFO  impl.RoleInfo (RoleInfo.java:shutdownFollowerState(108)) - b1936a85-842c-4bb9-b894-6bc821990487: shutdown b1936a85-842c-4bb9-b894-6bc821990487@group-9D979AEE4FFB-FollowerState
2021-08-17 14:28:13,995 [b1936a85-842c-4bb9-b894-6bc821990487@group-9D979AEE4FFB-FollowerState] INFO  server.RaftServer$Division (RaftServerImpl.java:setRole(285)) - b1936a85-842c-4bb9-b894-6bc821990487@group-9D979AEE4FFB: changes role from  FOLLOWER to CANDIDATE at term 1 for changeToCandidate
2021-08-17 14:28:13,995 [b1936a85-842c-4bb9-b894-6bc821990487@group-9D979AEE4FFB-FollowerState] INFO  server.RaftServerConfigKeys (ConfUtils.java:logGet(44)) - raft.server.leaderelection.pre-vote = false (custom)
2021-08-17 14:28:13,995 [b1936a85-842c-4bb9-b894-6bc821990487@group-9D979AEE4FFB-FollowerState] INFO  impl.RoleInfo (RoleInfo.java:updateAndGet(130)) - b1936a85-842c-4bb9-b894-6bc821990487: start b1936a85-842c-4bb9-b894-6bc821990487@group-9D979AEE4FFB-LeaderElection40
2021-08-17 14:28:13,995 [c43ab16b-06c7-400f-92a3-3c5c2029723f@group-FC9E8FDBFB7C-LeaderElection38] INFO  server.RaftServer$Division (ServerState.java:setRaftConf(387)) - c43ab16b-06c7-400f-92a3-3c5c2029723f@group-FC9E8FDBFB7C: set configuration 0: [b1936a85-842c-4bb9-b894-6bc821990487|rpc:10.1.0.66:46035|dataStream:|priority:0, c43ab16b-06c7-400f-92a3-3c5c2029723f|rpc:10.1.0.66:41045|dataStream:|priority:1, 80e255e6-dcb1-4af9-8688-54f332b6f6ae|rpc:10.1.0.66:46789|dataStream:|priority:0], old=null
2021-08-17 14:28:14,033 [grpc-default-executor-1] INFO  server.RaftServer$Division (ServerState.java:setRaftConf(387)) - b1936a85-842c-4bb9-b894-6bc821990487@group-FC9E8FDBFB7C: set configuration 0: [b1936a85-842c-4bb9-b894-6bc821990487|rpc:10.1.0.66:46035|dataStream:|priority:0, c43ab16b-06c7-400f-92a3-3c5c2029723f|rpc:10.1.0.66:41045|dataStream:|priority:1, 80e255e6-dcb1-4af9-8688-54f332b6f6ae|rpc:10.1.0.66:46789|dataStream:|priority:0], old=null
2021-08-17 14:28:14,037 [grpc-default-executor-1] INFO  segmented.SegmentedRaftLogWorker (SegmentedRaftLogWorker.java:startLogSegment(394)) - b1936a85-842c-4bb9-b894-6bc821990487@group-FC9E8FDBFB7C-SegmentedRaftLogWorker: Starting segment from index:0
2021-08-17 14:28:14,040 [b1936a85-842c-4bb9-b894-6bc821990487@group-FC9E8FDBFB7C-SegmentedRaftLogWorker] INFO  segmented.SegmentedRaftLogWorker (SegmentedRaftLogWorker.java:execute(601)) - b1936a85-842c-4bb9-b894-6bc821990487@group-FC9E8FDBFB7C-SegmentedRaftLogWorker: created new log segment /home/runner/work/ozone/ozone/hadoop-ozone/integration-test/target/test-dir/MiniOzoneClusterImpl-1e0b2984-d7f4-44f4-99c9-a2b226c9d9b8/datanode-1/data/ratis/e74103e6-9fd1-4c82-a3d0-fc9e8fdbfb7c/current/log_inprogress_0
2021-08-17 14:28:14,054 [b1936a85-842c-4bb9-b894-6bc821990487@group-9D979AEE4FFB-LeaderElection40] INFO  impl.LeaderElection (LeaderElection.java:askForVotes(306)) - b1936a85-842c-4bb9-b894-6bc821990487@group-9D979AEE4FFB-LeaderElection40 ELECTION round 0: submit vote requests at term 2 for -1: [b1936a85-842c-4bb9-b894-6bc821990487|rpc:10.1.0.66:46035|priority:1, c43ab16b-06c7-400f-92a3-3c5c2029723f|rpc:10.1.0.66:41045|priority:0, 80e255e6-dcb1-4af9-8688-54f332b6f6ae|rpc:10.1.0.66:46789|priority:0], old=null
2021-08-17 14:28:14,078 [grpc-default-executor-0] INFO  server.RaftServer$Division (RaftServerImpl.java:requestVote(1043)) - c43ab16b-06c7-400f-92a3-3c5c2029723f@group-9D979AEE4FFB: receive requestVote(ELECTION, b1936a85-842c-4bb9-b894-6bc821990487, group-9D979AEE4FFB, 2, (t:0, i:0))
2021-08-17 14:28:14,081 [grpc-default-executor-3] INFO  ratis.XceiverServerRatis (XceiverServerRatis.java:handleLeaderChangedNotification(861)) - Leader change notification received for group: group-FC9E8FDBFB7C with new leaderId: c43ab16b-06c7-400f-92a3-3c5c2029723f
2021-08-17 14:28:14,081 [grpc-default-executor-3] INFO  server.RaftServer$Division (ServerState.java:setLeader(285)) - 80e255e6-dcb1-4af9-8688-54f332b6f6ae@group-FC9E8FDBFB7C: change Leader from null to c43ab16b-06c7-400f-92a3-3c5c2029723f at term 2 for appendEntries, leader elected after 10809ms
2021-08-17 14:28:14,112 [grpc-default-executor-0] INFO  impl.VoteContext (VoteContext.java:log(48)) - c43ab16b-06c7-400f-92a3-3c5c2029723f@group-9D979AEE4FFB-FOLLOWER: accept ELECTION from b1936a85-842c-4bb9-b894-6bc821990487: our priority 0 <= candidate's priority 1
2021-08-17 14:28:14,112 [grpc-default-executor-2] INFO  server.RaftServer$Division (RaftServerImpl.java:requestVote(1043)) - 80e255e6-dcb1-4af9-8688-54f332b6f6ae@group-9D979AEE4FFB: receive requestVote(ELECTION, b1936a85-842c-4bb9-b894-6bc821990487, group-9D979AEE4FFB, 2, (t:0, i:0))
2021-08-17 14:28:14,112 [grpc-default-executor-2] INFO  impl.VoteContext (VoteContext.java:log(48)) - 80e255e6-dcb1-4af9-8688-54f332b6f6ae@group-9D979AEE4FFB-FOLLOWER: accept ELECTION from b1936a85-842c-4bb9-b894-6bc821990487: our priority 0 <= candidate's priority 1
2021-08-17 14:28:14,112 [grpc-default-executor-2] INFO  server.RaftServer$Division (RaftServerImpl.java:setRole(285)) - 80e255e6-dcb1-4af9-8688-54f332b6f6ae@group-9D979AEE4FFB: changes role from  FOLLOWER to FOLLOWER at term 2 for candidate:b1936a85-842c-4bb9-b894-6bc821990487
2021-08-17 14:28:14,112 [grpc-default-executor-2] INFO  impl.RoleInfo (RoleInfo.java:shutdownFollowerState(108)) - 80e255e6-dcb1-4af9-8688-54f332b6f6ae: shutdown 80e255e6-dcb1-4af9-8688-54f332b6f6ae@group-9D979AEE4FFB-FollowerState
2021-08-17 14:28:14,112 [grpc-default-executor-2] INFO  impl.RoleInfo (RoleInfo.java:updateAndGet(130)) - 80e255e6-dcb1-4af9-8688-54f332b6f6ae: start 80e255e6-dcb1-4af9-8688-54f332b6f6ae@group-9D979AEE4FFB-FollowerState
2021-08-17 14:28:14,112 [grpc-default-executor-3] INFO  server.RaftServer$Division (ServerState.java:setRaftConf(387)) - 80e255e6-dcb1-4af9-8688-54f332b6f6ae@group-FC9E8FDBFB7C: set configuration 0: [b1936a85-842c-4bb9-b894-6bc821990487|rpc:10.1.0.66:46035|dataStream:|priority:0, c43ab16b-06c7-400f-92a3-3c5c2029723f|rpc:10.1.0.66:41045|dataStream:|priority:1, 80e255e6-dcb1-4af9-8688-54f332b6f6ae|rpc:10.1.0.66:46789|dataStream:|priority:0], old=null
2021-08-17 14:28:14,112 [grpc-default-executor-3] INFO  segmented.SegmentedRaftLogWorker (SegmentedRaftLogWorker.java:startLogSegment(394)) - 80e255e6-dcb1-4af9-8688-54f332b6f6ae@group-FC9E8FDBFB7C-SegmentedRaftLogWorker: Starting segment from index:0
2021-08-17 14:28:14,112 [grpc-default-executor-0] INFO  server.RaftServer$Division (RaftServerImpl.java:setRole(285)) - c43ab16b-06c7-400f-92a3-3c5c2029723f@group-9D979AEE4FFB: changes role from  FOLLOWER to FOLLOWER at term 2 for candidate:b1936a85-842c-4bb9-b894-6bc821990487
2021-08-17 14:28:14,113 [grpc-default-executor-0] INFO  impl.RoleInfo (RoleInfo.java:shutdownFollowerState(108)) - c43ab16b-06c7-400f-92a3-3c5c2029723f: shutdown c43ab16b-06c7-400f-92a3-3c5c2029723f@group-9D979AEE4FFB-FollowerState
2021-08-17 14:28:14,117 [80e255e6-dcb1-4af9-8688-54f332b6f6ae@group-9D979AEE4FFB-FollowerState] INFO  impl.FollowerState (FollowerState.java:run(143)) - 80e255e6-dcb1-4af9-8688-54f332b6f6ae@group-9D979AEE4FFB-FollowerState was interrupted: {}
java.lang.InterruptedException: sleep interrupted
	at java.lang.Thread.sleep(Native Method)
	at java.lang.Thread.sleep(Thread.java:340)
	at java.util.concurrent.TimeUnit.sleep(TimeUnit.java:386)
	at org.apache.ratis.util.TimeDuration.sleep(TimeDuration.java:324)
	at org.apache.ratis.util.TimeDuration.sleep(TimeDuration.java:309)
	at org.apache.ratis.server.impl.FollowerState.run(FollowerState.java:118)
2021-08-17 14:28:14,133 [grpc-default-executor-0] INFO  impl.RoleInfo (RoleInfo.java:updateAndGet(130)) - c43ab16b-06c7-400f-92a3-3c5c2029723f: start c43ab16b-06c7-400f-92a3-3c5c2029723f@group-9D979AEE4FFB-FollowerState
2021-08-17 14:28:14,133 [c43ab16b-06c7-400f-92a3-3c5c2029723f@group-9D979AEE4FFB-FollowerState] INFO  impl.FollowerState (FollowerState.java:run(143)) - c43ab16b-06c7-400f-92a3-3c5c2029723f@group-9D979AEE4FFB-FollowerState was interrupted: {}
java.lang.InterruptedException: sleep interrupted
	at java.lang.Thread.sleep(Native Method)
	at java.lang.Thread.sleep(Thread.java:340)
	at java.util.concurrent.TimeUnit.sleep(TimeUnit.java:386)
	at org.apache.ratis.util.TimeDuration.sleep(TimeDuration.java:324)
	at org.apache.ratis.util.TimeDuration.sleep(TimeDuration.java:309)
	at org.apache.ratis.server.impl.FollowerState.run(FollowerState.java:118)
2021-08-17 14:28:14,140 [80e255e6-dcb1-4af9-8688-54f332b6f6ae@group-FC9E8FDBFB7C-SegmentedRaftLogWorker] INFO  segmented.SegmentedRaftLogWorker (SegmentedRaftLogWorker.java:execute(601)) - 80e255e6-dcb1-4af9-8688-54f332b6f6ae@group-FC9E8FDBFB7C-SegmentedRaftLogWorker: created new log segment /home/runner/work/ozone/ozone/hadoop-ozone/integration-test/target/test-dir/MiniOzoneClusterImpl-1e0b2984-d7f4-44f4-99c9-a2b226c9d9b8/datanode-0/data/ratis/e74103e6-9fd1-4c82-a3d0-fc9e8fdbfb7c/current/log_inprogress_0
2021-08-17 14:28:14,141 [grpc-default-executor-0] INFO  server.RaftServer$Division (RaftServerImpl.java:requestVote(1075)) - c43ab16b-06c7-400f-92a3-3c5c2029723f@group-9D979AEE4FFB replies to ELECTION vote request: b1936a85-842c-4bb9-b894-6bc821990487<-c43ab16b-06c7-400f-92a3-3c5c2029723f#0:OK-t2. Peer's state: c43ab16b-06c7-400f-92a3-3c5c2029723f@group-9D979AEE4FFB:t2, leader=null, voted=b1936a85-842c-4bb9-b894-6bc821990487, raftlog=c43ab16b-06c7-400f-92a3-3c5c2029723f@group-9D979AEE4FFB-SegmentedRaftLog:OPENED:c-1,f-1,i0, conf=-1: [b1936a85-842c-4bb9-b894-6bc821990487|rpc:10.1.0.66:46035|dataStream:|priority:1, c43ab16b-06c7-400f-92a3-3c5c2029723f|rpc:10.1.0.66:41045|dataStream:|priority:0, 80e255e6-dcb1-4af9-8688-54f332b6f6ae|rpc:10.1.0.66:46789|dataStream:|priority:0], old=null
2021-08-17 14:28:14,154 [grpc-default-executor-2] INFO  server.RaftServer$Division (RaftServerImpl.java:requestVote(1075)) - 80e255e6-dcb1-4af9-8688-54f332b6f6ae@group-9D979AEE4FFB replies to ELECTION vote request: b1936a85-842c-4bb9-b894-6bc821990487<-80e255e6-dcb1-4af9-8688-54f332b6f6ae#0:OK-t2. Peer's state: 80e255e6-dcb1-4af9-8688-54f332b6f6ae@group-9D979AEE4FFB:t2, leader=null, voted=b1936a85-842c-4bb9-b894-6bc821990487, raftlog=80e255e6-dcb1-4af9-8688-54f332b6f6ae@group-9D979AEE4FFB-SegmentedRaftLog:OPENED:c-1,f-1,i0, conf=-1: [b1936a85-842c-4bb9-b894-6bc821990487|rpc:10.1.0.66:46035|priority:1, c43ab16b-06c7-400f-92a3-3c5c2029723f|rpc:10.1.0.66:41045|priority:0, 80e255e6-dcb1-4af9-8688-54f332b6f6ae|rpc:10.1.0.66:46789|priority:0], old=null
2021-08-17 14:28:14,166 [b1936a85-842c-4bb9-b894-6bc821990487@group-9D979AEE4FFB-LeaderElection40] INFO  impl.LeaderElection (LeaderElection.java:logAndReturn(89)) - b1936a85-842c-4bb9-b894-6bc821990487@group-9D979AEE4FFB-LeaderElection40: ELECTION PASSED received 1 response(s) and 0 exception(s):
2021-08-17 14:28:14,169 [b1936a85-842c-4bb9-b894-6bc821990487@group-9D979AEE4FFB-LeaderElection40] INFO  impl.LeaderElection (LeaderElection.java:logAndReturn(93)) -   Response 0: b1936a85-842c-4bb9-b894-6bc821990487<-c43ab16b-06c7-400f-92a3-3c5c2029723f#0:OK-t2
2021-08-17 14:28:14,169 [b1936a85-842c-4bb9-b894-6bc821990487@group-9D979AEE4FFB-LeaderElection40] INFO  impl.LeaderElection (LeaderElection.java:askForVotes(308)) - b1936a85-842c-4bb9-b894-6bc821990487@group-9D979AEE4FFB-LeaderElection40 ELECTION round 0: result PASSED
2021-08-17 14:28:14,169 [b1936a85-842c-4bb9-b894-6bc821990487@group-9D979AEE4FFB-LeaderElection40] INFO  impl.RoleInfo (RoleInfo.java:shutdownLeaderElection(121)) - b1936a85-842c-4bb9-b894-6bc821990487: shutdown b1936a85-842c-4bb9-b894-6bc821990487@group-9D979AEE4FFB-LeaderElection40
2021-08-17 14:28:14,169 [b1936a85-842c-4bb9-b894-6bc821990487@group-9D979AEE4FFB-LeaderElection40] INFO  server.RaftServer$Division (RaftServerImpl.java:setRole(285)) - b1936a85-842c-4bb9-b894-6bc821990487@group-9D979AEE4FFB: changes role from CANDIDATE to LEADER at term 2 for changeToLeader
2021-08-17 14:28:14,169 [b1936a85-842c-4bb9-b894-6bc821990487@group-9D979AEE4FFB-LeaderElection40] INFO  ratis.XceiverServerRatis (XceiverServerRatis.java:handleLeaderChangedNotification(861)) - Leader change notification received for group: group-9D979AEE4FFB with new leaderId: b1936a85-842c-4bb9-b894-6bc821990487
2021-08-17 14:28:14,169 [b1936a85-842c-4bb9-b894-6bc821990487@group-9D979AEE4FFB-LeaderElection40] INFO  server.RaftServer$Division (ServerState.java:setLeader(285)) - b1936a85-842c-4bb9-b894-6bc821990487@group-9D979AEE4FFB: change Leader from null to b1936a85-842c-4bb9-b894-6bc821990487 at term 2 for becomeLeader, leader elected after 10073ms
2021-08-17 14:28:14,169 [b1936a85-842c-4bb9-b894-6bc821990487@group-9D979AEE4FFB-LeaderElection40] INFO  server.RaftServerConfigKeys (ConfUtils.java:logGet(44)) - raft.server.staging.catchup.gap = 1000 (default)
2021-08-17 14:28:14,170 [b1936a85-842c-4bb9-b894-6bc821990487@group-9D979AEE4FFB-LeaderElection40] INFO  server.RaftServerConfigKeys (ConfUtils.java:logGet(44)) - raft.server.write.element-limit = 1024 (custom)
2021-08-17 14:28:14,170 [b1936a85-842c-4bb9-b894-6bc821990487@group-9D979AEE4FFB-LeaderElection40] INFO  server.RaftServerConfigKeys (ConfUtils.java:logGet(44)) - raft.server.write.byte-limit = 1024 M (=1073741824) (custom)
2021-08-17 14:28:14,170 [b1936a85-842c-4bb9-b894-6bc821990487@group-9D979AEE4FFB-LeaderElection40] INFO  server.RaftServerConfigKeys (ConfUtils.java:logGet(44)) - raft.server.watch.timeout = 180s (custom)
2021-08-17 14:28:14,170 [b1936a85-842c-4bb9-b894-6bc821990487@group-9D979AEE4FFB-LeaderElection40] INFO  server.RaftServerConfigKeys (ConfUtils.java:logGet(44)) - raft.server.watch.timeout.denomination = 1s (default)
2021-08-17 14:28:14,170 [b1936a85-842c-4bb9-b894-6bc821990487@group-9D979AEE4FFB-LeaderElection40] INFO  server.RaftServerConfigKeys (ConfUtils.java:logGet(44)) - raft.server.watch.element-limit = 65536 (default)
2021-08-17 14:28:14,171 [b1936a85-842c-4bb9-b894-6bc821990487@group-9D979AEE4FFB-LeaderElection40] INFO  server.RaftServerConfigKeys (ConfUtils.java:logGet(44)) - raft.server.log.appender.snapshot.chunk.size.max = 16MB (=16777216) (default)
2021-08-17 14:28:14,171 [b1936a85-842c-4bb9-b894-6bc821990487@group-9D979AEE4FFB-LeaderElection40] INFO  server.RaftServerConfigKeys (ConfUtils.java:logGet(44)) - raft.server.log.appender.buffer.byte-limit = 33554432 (custom)
2021-08-17 14:28:14,171 [b1936a85-842c-4bb9-b894-6bc821990487@group-9D979AEE4FFB-LeaderElection40] INFO  server.RaftServerConfigKeys (ConfUtils.java:logGet(44)) - raft.server.log.appender.buffer.element-limit = 1 (custom)
2021-08-17 14:28:14,171 [b1936a85-842c-4bb9-b894-6bc821990487@group-9D979AEE4FFB-LeaderElection40] INFO  grpc.GrpcConfigKeys (ConfUtils.java:logGet(44)) - raft.grpc.server.leader.outstanding.appends.max = 128 (default)
2021-08-17 14:28:14,171 [b1936a85-842c-4bb9-b894-6bc821990487@group-9D979AEE4FFB-LeaderElection40] INFO  server.RaftServerConfigKeys (ConfUtils.java:logGet(44)) - raft.server.rpc.request.timeout = 60s (custom)
2021-08-17 14:28:14,172 [b1936a85-842c-4bb9-b894-6bc821990487@group-9D979AEE4FFB-LeaderElection40] INFO  server.RaftServerConfigKeys (ConfUtils.java:logGet(44)) - raft.server.log.appender.install.snapshot.enabled = false (custom)
2021-08-17 14:28:14,172 [b1936a85-842c-4bb9-b894-6bc821990487@group-9D979AEE4FFB-LeaderElection40] INFO  server.RaftServerConfigKeys (ConfUtils.java:logGet(44)) - raft.server.log.appender.snapshot.chunk.size.max = 16MB (=16777216) (default)
2021-08-17 14:28:14,172 [b1936a85-842c-4bb9-b894-6bc821990487@group-9D979AEE4FFB-LeaderElection40] INFO  server.RaftServerConfigKeys (ConfUtils.java:logGet(44)) - raft.server.log.appender.buffer.byte-limit = 33554432 (custom)
2021-08-17 14:28:14,172 [b1936a85-842c-4bb9-b894-6bc821990487@group-9D979AEE4FFB-LeaderElection40] INFO  server.RaftServerConfigKeys (ConfUtils.java:logGet(44)) - raft.server.log.appender.buffer.element-limit = 1 (custom)
2021-08-17 14:28:14,173 [b1936a85-842c-4bb9-b894-6bc821990487@group-9D979AEE4FFB-LeaderElection40] INFO  grpc.GrpcConfigKeys (ConfUtils.java:logGet(44)) - raft.grpc.server.leader.outstanding.appends.max = 128 (default)
2021-08-17 14:28:14,173 [b1936a85-842c-4bb9-b894-6bc821990487@group-9D979AEE4FFB-LeaderElection40] INFO  server.RaftServerConfigKeys (ConfUtils.java:logGet(44)) - raft.server.rpc.request.timeout = 60s (custom)
2021-08-17 14:28:14,173 [b1936a85-842c-4bb9-b894-6bc821990487@group-9D979AEE4FFB-LeaderElection40] INFO  server.RaftServerConfigKeys (ConfUtils.java:logGet(44)) - raft.server.log.appender.install.snapshot.enabled = false (custom)
2021-08-17 14:28:14,173 [b1936a85-842c-4bb9-b894-6bc821990487@group-9D979AEE4FFB-LeaderElection40] INFO  impl.RoleInfo (RoleInfo.java:updateAndGet(130)) - b1936a85-842c-4bb9-b894-6bc821990487: start b1936a85-842c-4bb9-b894-6bc821990487@group-9D979AEE4FFB-LeaderStateImpl
2021-08-17 14:28:14,174 [b1936a85-842c-4bb9-b894-6bc821990487@group-9D979AEE4FFB-LeaderElection40] INFO  segmented.SegmentedRaftLogWorker (SegmentedRaftLogWorker.java:startLogSegment(394)) - b1936a85-842c-4bb9-b894-6bc821990487@group-9D979AEE4FFB-SegmentedRaftLogWorker: Starting segment from index:0
2021-08-17 14:28:14,177 [EventQueue-PipelineReportForPipelineReportHandler] INFO  pipeline.PipelineManagerImpl (PipelineManagerImpl.java:openPipeline(283)) - Pipeline Pipeline[ Id: e5ade66f-2463-4857-8836-9d979aee4ffb, Nodes: c43ab16b-06c7-400f-92a3-3c5c2029723f{ip: 10.1.0.66, host: fv-az12-928.exdb2aeach2ezidoxz41lk3bwg.cx.internal.cloudapp.net, ports: [REPLICATION=42363, RATIS=41045, RATIS_ADMIN=41045, RATIS_SERVER=41045, STANDALONE=34717], networkLocation: /default-rack, certSerialId: null, persistedOpState: IN_SERVICE, persistedOpStateExpiryEpochSec: 0}b1936a85-842c-4bb9-b894-6bc821990487{ip: 10.1.0.66, host: fv-az12-928.exdb2aeach2ezidoxz41lk3bwg.cx.internal.cloudapp.net, ports: [REPLICATION=37585, RATIS=46035, RATIS_ADMIN=46035, RATIS_SERVER=46035, STANDALONE=45945], networkLocation: /default-rack, certSerialId: null, persistedOpState: IN_SERVICE, persistedOpStateExpiryEpochSec: 0}80e255e6-dcb1-4af9-8688-54f332b6f6ae{ip: 10.1.0.66, host: fv-az12-928.exdb2aeach2ezidoxz41lk3bwg.cx.internal.cloudapp.net, ports: [REPLICATION=34211, RATIS=46789, RATIS_ADMIN=46789, RATIS_SERVER=46789, STANDALONE=34705], networkLocation: /default-rack, certSerialId: null, persistedOpState: IN_SERVICE, persistedOpStateExpiryEpochSec: 0}, ReplicationConfig: RATIS/THREE, State:ALLOCATED, leaderId:b1936a85-842c-4bb9-b894-6bc821990487, CreationTimestamp2021-08-17T14:28:01.519Z[Etc/UTC]] moved to OPEN state
2021-08-17 14:28:14,210 [grpc-default-executor-2] INFO  ratis.XceiverServerRatis (XceiverServerRatis.java:handleLeaderChangedNotification(861)) - Leader change notification received for group: group-9D979AEE4FFB with new leaderId: b1936a85-842c-4bb9-b894-6bc821990487
2021-08-17 14:28:14,225 [grpc-default-executor-2] INFO  server.RaftServer$Division (ServerState.java:setLeader(285)) - c43ab16b-06c7-400f-92a3-3c5c2029723f@group-9D979AEE4FFB: change Leader from null to b1936a85-842c-4bb9-b894-6bc821990487 at term 2 for appendEntries, leader elected after 10327ms
2021-08-17 14:28:14,177 [b1936a85-842c-4bb9-b894-6bc821990487@group-9D979AEE4FFB-SegmentedRaftLogWorker] INFO  segmented.SegmentedRaftLogWorker (SegmentedRaftLogWorker.java:execute(601)) - b1936a85-842c-4bb9-b894-6bc821990487@group-9D979AEE4FFB-SegmentedRaftLogWorker: created new log segment /home/runner/work/ozone/ozone/hadoop-ozone/integration-test/target/test-dir/MiniOzoneClusterImpl-1e0b2984-d7f4-44f4-99c9-a2b226c9d9b8/datanode-1/data/ratis/e5ade66f-2463-4857-8836-9d979aee4ffb/current/log_inprogress_0
2021-08-17 14:28:14,245 [b1936a85-842c-4bb9-b894-6bc821990487@group-9D979AEE4FFB-LeaderElection40] INFO  server.RaftServer$Division (ServerState.java:setRaftConf(387)) - b1936a85-842c-4bb9-b894-6bc821990487@group-9D979AEE4FFB: set configuration 0: [b1936a85-842c-4bb9-b894-6bc821990487|rpc:10.1.0.66:46035|dataStream:|priority:1, c43ab16b-06c7-400f-92a3-3c5c2029723f|rpc:10.1.0.66:41045|dataStream:|priority:0, 80e255e6-dcb1-4af9-8688-54f332b6f6ae|rpc:10.1.0.66:46789|dataStream:|priority:0], old=null
2021-08-17 14:28:14,246 [grpc-default-executor-2] INFO  server.RaftServer$Division (ServerState.java:setRaftConf(387)) - c43ab16b-06c7-400f-92a3-3c5c2029723f@group-9D979AEE4FFB: set configuration 0: [b1936a85-842c-4bb9-b894-6bc821990487|rpc:10.1.0.66:46035|dataStream:|priority:1, c43ab16b-06c7-400f-92a3-3c5c2029723f|rpc:10.1.0.66:41045|dataStream:|priority:0, 80e255e6-dcb1-4af9-8688-54f332b6f6ae|rpc:10.1.0.66:46789|dataStream:|priority:0], old=null
2021-08-17 14:28:14,247 [grpc-default-executor-2] INFO  segmented.SegmentedRaftLogWorker (SegmentedRaftLogWorker.java:startLogSegment(394)) - c43ab16b-06c7-400f-92a3-3c5c2029723f@group-9D979AEE4FFB-SegmentedRaftLogWorker: Starting segment from index:0
2021-08-17 14:28:14,250 [c43ab16b-06c7-400f-92a3-3c5c2029723f@group-9D979AEE4FFB-SegmentedRaftLogWorker] INFO  segmented.SegmentedRaftLogWorker (SegmentedRaftLogWorker.java:execute(601)) - c43ab16b-06c7-400f-92a3-3c5c2029723f@group-9D979AEE4FFB-SegmentedRaftLogWorker: created new log segment /home/runner/work/ozone/ozone/hadoop-ozone/integration-test/target/test-dir/MiniOzoneClusterImpl-1e0b2984-d7f4-44f4-99c9-a2b226c9d9b8/datanode-2/data/ratis/e5ade66f-2463-4857-8836-9d979aee4ffb/current/log_inprogress_0
2021-08-17 14:28:14,251 [grpc-default-executor-3] INFO  ratis.XceiverServerRatis (XceiverServerRatis.java:handleLeaderChangedNotification(861)) - Leader change notification received for group: group-9D979AEE4FFB with new leaderId: b1936a85-842c-4bb9-b894-6bc821990487
2021-08-17 14:28:14,251 [grpc-default-executor-3] INFO  server.RaftServer$Division (ServerState.java:setLeader(285)) - 80e255e6-dcb1-4af9-8688-54f332b6f6ae@group-9D979AEE4FFB: change Leader from null to b1936a85-842c-4bb9-b894-6bc821990487 at term 2 for appendEntries, leader elected after 10525ms
2021-08-17 14:28:14,290 [grpc-default-executor-3] INFO  server.RaftServer$Division (ServerState.java:setRaftConf(387)) - 80e255e6-dcb1-4af9-8688-54f332b6f6ae@group-9D979AEE4FFB: set configuration 0: [b1936a85-842c-4bb9-b894-6bc821990487|rpc:10.1.0.66:46035|dataStream:|priority:1, c43ab16b-06c7-400f-92a3-3c5c2029723f|rpc:10.1.0.66:41045|dataStream:|priority:0, 80e255e6-dcb1-4af9-8688-54f332b6f6ae|rpc:10.1.0.66:46789|dataStream:|priority:0], old=null
2021-08-17 14:28:14,291 [grpc-default-executor-3] INFO  segmented.SegmentedRaftLogWorker (SegmentedRaftLogWorker.java:startLogSegment(394)) - 80e255e6-dcb1-4af9-8688-54f332b6f6ae@group-9D979AEE4FFB-SegmentedRaftLogWorker: Starting segment from index:0
2021-08-17 14:28:14,302 [80e255e6-dcb1-4af9-8688-54f332b6f6ae@group-9D979AEE4FFB-SegmentedRaftLogWorker] INFO  segmented.SegmentedRaftLogWorker (SegmentedRaftLogWorker.java:execute(601)) - 80e255e6-dcb1-4af9-8688-54f332b6f6ae@group-9D979AEE4FFB-SegmentedRaftLogWorker: created new log segment /home/runner/work/ozone/ozone/hadoop-ozone/integration-test/target/test-dir/MiniOzoneClusterImpl-1e0b2984-d7f4-44f4-99c9-a2b226c9d9b8/datanode-0/data/ratis/e5ade66f-2463-4857-8836-9d979aee4ffb/current/log_inprogress_0
2021-08-17 14:28:14,460 [Listener at 127.0.0.1/39353] INFO  ozone.MiniOzoneClusterImpl (MiniOzoneClusterImpl.java:lambda$waitForClusterToBeReady$0(235)) - Nodes are ready. Got 3 of 3 DN Heartbeats.
2021-08-17 14:28:14,461 [Listener at 127.0.0.1/39353] INFO  ozone.MiniOzoneClusterImpl (MiniOzoneClusterImpl.java:lambda$waitForClusterToBeReady$0(238)) - Cluster exits safe mode
2021-08-17 14:28:14,461 [Listener at 127.0.0.1/39353] INFO  ozone.MiniOzoneClusterImpl (MiniOzoneClusterImpl.java:lambda$waitForClusterToBeReady$0(240)) - SCM became leader
2021-08-17 14:28:14,461 [Listener at 127.0.0.1/39353] INFO  ha.SequenceIdGenerator (SequenceIdGenerator.java:getNextId(127)) - Allocate a batch for containerId, change lastId from 0 to 1000.
2021-08-17 14:28:17,027 [Listener at 127.0.0.1/39353] ERROR ratis.XceiverServerRatis (XceiverServerRatis.java:triggerPipelineClose(676)) - pipeline Action CLOSE on pipeline PipelineID=e5ade66f-2463-4857-8836-9d979aee4ffb.Reason : Unspecified failure reported in Ratis log
2021-08-17 14:28:17,027 [Datanode State Machine Thread - 0] WARN  statemachine.StateContext (StateContext.java:execute(621)) - No available thread in pool for past 1 seconds.
2021-08-17 14:28:17,047 [EventQueue-PipelineActionsForPipelineActionHandler] INFO  pipeline.PipelineActionHandler (PipelineActionHandler.java:processPipelineAction(82)) - Received pipeline action CLOSE for PipelineID=e5ade66f-2463-4857-8836-9d979aee4ffb from datanode c43ab16b-06c7-400f-92a3-3c5c2029723f. Reason : Unspecified failure reported in Ratis log
2021-08-17 14:28:17,053 [EventQueue-PipelineActionsForPipelineActionHandler] INFO  pipeline.PipelineManagerImpl (PipelineManagerImpl.java:closePipeline(343)) - Pipeline Pipeline[ Id: e5ade66f-2463-4857-8836-9d979aee4ffb, Nodes: c43ab16b-06c7-400f-92a3-3c5c2029723f{ip: 10.1.0.66, host: fv-az12-928.exdb2aeach2ezidoxz41lk3bwg.cx.internal.cloudapp.net, ports: [REPLICATION=42363, RATIS=41045, RATIS_ADMIN=41045, RATIS_SERVER=41045, STANDALONE=34717], networkLocation: /default-rack, certSerialId: null, persistedOpState: IN_SERVICE, persistedOpStateExpiryEpochSec: 0}b1936a85-842c-4bb9-b894-6bc821990487{ip: 10.1.0.66, host: fv-az12-928.exdb2aeach2ezidoxz41lk3bwg.cx.internal.cloudapp.net, ports: [REPLICATION=37585, RATIS=46035, RATIS_ADMIN=46035, RATIS_SERVER=46035, STANDALONE=45945], networkLocation: /default-rack, certSerialId: null, persistedOpState: IN_SERVICE, persistedOpStateExpiryEpochSec: 0}80e255e6-dcb1-4af9-8688-54f332b6f6ae{ip: 10.1.0.66, host: fv-az12-928.exdb2aeach2ezidoxz41lk3bwg.cx.internal.cloudapp.net, ports: [REPLICATION=34211, RATIS=46789, RATIS_ADMIN=46789, RATIS_SERVER=46789, STANDALONE=34705], networkLocation: /default-rack, certSerialId: null, persistedOpState: IN_SERVICE, persistedOpStateExpiryEpochSec: 0}, ReplicationConfig: RATIS/THREE, State:OPEN, leaderId:b1936a85-842c-4bb9-b894-6bc821990487, CreationTimestamp2021-08-17T14:28:01.519Z[Etc/UTC]] moved to CLOSED state
2021-08-17 14:28:17,122 [EventQueue-PipelineActionsForPipelineActionHandler] INFO  pipeline.RatisPipelineProvider (RatisPipelineProvider.java:lambda$close$1(222)) - Send pipeline:PipelineID=e5ade66f-2463-4857-8836-9d979aee4ffb close command to datanode c43ab16b-06c7-400f-92a3-3c5c2029723f
2021-08-17 14:28:17,122 [EventQueue-PipelineActionsForPipelineActionHandler] INFO  pipeline.RatisPipelineProvider (RatisPipelineProvider.java:lambda$close$1(222)) - Send pipeline:PipelineID=e5ade66f-2463-4857-8836-9d979aee4ffb close command to datanode b1936a85-842c-4bb9-b894-6bc821990487
2021-08-17 14:28:17,123 [EventQueue-PipelineActionsForPipelineActionHandler] INFO  pipeline.RatisPipelineProvider (RatisPipelineProvider.java:lambda$close$1(222)) - Send pipeline:PipelineID=e5ade66f-2463-4857-8836-9d979aee4ffb close command to datanode 80e255e6-dcb1-4af9-8688-54f332b6f6ae
2021-08-17 14:28:17,126 [EventQueue-PipelineActionsForPipelineActionHandler] INFO  pipeline.PipelineStateManager (PipelineStateManagerV2Impl.java:removePipeline(211)) - Pipeline Pipeline[ Id: e5ade66f-2463-4857-8836-9d979aee4ffb, Nodes: c43ab16b-06c7-400f-92a3-3c5c2029723f{ip: 10.1.0.66, host: fv-az12-928.exdb2aeach2ezidoxz41lk3bwg.cx.internal.cloudapp.net, ports: [REPLICATION=42363, RATIS=41045, RATIS_ADMIN=41045, RATIS_SERVER=41045, STANDALONE=34717], networkLocation: /default-rack, certSerialId: null, persistedOpState: IN_SERVICE, persistedOpStateExpiryEpochSec: 0}b1936a85-842c-4bb9-b894-6bc821990487{ip: 10.1.0.66, host: fv-az12-928.exdb2aeach2ezidoxz41lk3bwg.cx.internal.cloudapp.net, ports: [REPLICATION=37585, RATIS=46035, RATIS_ADMIN=46035, RATIS_SERVER=46035, STANDALONE=45945], networkLocation: /default-rack, certSerialId: null, persistedOpState: IN_SERVICE, persistedOpStateExpiryEpochSec: 0}80e255e6-dcb1-4af9-8688-54f332b6f6ae{ip: 10.1.0.66, host: fv-az12-928.exdb2aeach2ezidoxz41lk3bwg.cx.internal.cloudapp.net, ports: [REPLICATION=34211, RATIS=46789, RATIS_ADMIN=46789, RATIS_SERVER=46789, STANDALONE=34705], networkLocation: /default-rack, certSerialId: null, persistedOpState: IN_SERVICE, persistedOpStateExpiryEpochSec: 0}, ReplicationConfig: RATIS/THREE, State:CLOSED, leaderId:b1936a85-842c-4bb9-b894-6bc821990487, CreationTimestamp2021-08-17T14:28:01.519Z[Etc/UTC]] removed.
2021-08-17 14:28:17,149 [EventQueue-CloseContainerForCloseContainerEventHandler] INFO  container.CloseContainerEventHandler (CloseContainerEventHandler.java:onMessage(69)) - Close container Event triggered for container : #2
2021-08-17 14:28:17,166 [EventQueue-CloseContainerForCloseContainerEventHandler] INFO  pipeline.PipelineStateManager (PipelineStateManagerV2Impl.java:removeContainerFromPipeline(237)) - Pipeline PipelineID=e5ade66f-2463-4857-8836-9d979aee4ffb is not found in the pipeline2ContainerMap. Pipeline may have been closed already.
2021-08-17 14:28:17,427 [Listener at 127.0.0.1/39353] INFO  ozone.MiniOzoneClusterImpl (MiniOzoneClusterImpl.java:shutdown(453)) - Shutting down the Mini Ozone Cluster
2021-08-17 14:28:17,429 [Listener at 127.0.0.1/39353] INFO  ozone.MiniOzoneClusterImpl (MiniOzoneClusterImpl.java:stop(468)) - Stopping the Mini Ozone Cluster
2021-08-17 14:28:17,429 [Listener at 127.0.0.1/39353] INFO  ozone.MiniOzoneClusterImpl (MiniOzoneClusterImpl.java:stopOM(550)) - Stopping the OzoneManager
2021-08-17 14:28:17,429 [Listener at 127.0.0.1/39353] INFO  om.OzoneManager (OzoneManager.java:stop(1632)) - Stopping Ozone Manager
2021-08-17 14:28:17,429 [Listener at 127.0.0.1/39353] INFO  ipc.Server (Server.java:stop(3414)) - Stopping server on 39353
2021-08-17 14:28:17,445 [IPC Server listener on 0] INFO  ipc.Server (Server.java:run(1376)) - Stopping IPC Server listener on 0
2021-08-17 14:28:17,445 [IPC Server Responder] INFO  ipc.Server (Server.java:run(1512)) - Stopping IPC Server Responder
2021-08-17 14:28:17,452 [Listener at 127.0.0.1/39353] INFO  server.RaftServer (RaftServerProxy.java:lambda$close$6(391)) - om1: close
2021-08-17 14:28:17,453 [Listener at 127.0.0.1/39353] INFO  server.RaftServer$Division (RaftServerImpl.java:lambda$close$4(407)) - om1@group-C5BA1605619E: shutdown
2021-08-17 14:28:17,453 [Listener at 127.0.0.1/39353] INFO  util.JmxRegister (JmxRegister.java:unregister(73)) - Successfully un-registered JMX Bean with object name Ratis:service=RaftServer,group=group-C5BA1605619E,id=om1
2021-08-17 14:28:17,453 [Listener at 127.0.0.1/39353] INFO  impl.RoleInfo (RoleInfo.java:shutdownLeaderState(91)) - om1: shutdown om1@group-C5BA1605619E-LeaderStateImpl
2021-08-17 14:28:17,453 [Listener at 127.0.0.1/39353] INFO  impl.PendingRequests (PendingRequests.java:sendNotLeaderResponses(282)) - om1@group-C5BA1605619E-PendingRequests: sendNotLeaderResponses
2021-08-17 14:28:17,455 [Listener at 127.0.0.1/39353] INFO  impl.StateMachineUpdater (StateMachineUpdater.java:stopAndJoin(149)) - om1@group-C5BA1605619E-StateMachineUpdater: set stopIndex = 0
2021-08-17 14:28:17,456 [om1@group-C5BA1605619E-StateMachineUpdater] INFO  ratis.OzoneManagerStateMachine (OzoneManagerStateMachine.java:takeSnapshot(417)) - Current Snapshot Index (t:1, i:0)
2021-08-17 14:28:17,457 [om1@group-C5BA1605619E-StateMachineUpdater] INFO  impl.StateMachineUpdater (StateMachineUpdater.java:takeSnapshot(281)) - om1@group-C5BA1605619E-StateMachineUpdater: Took a snapshot at index 0
2021-08-17 14:28:17,457 [om1@group-C5BA1605619E-StateMachineUpdater] INFO  impl.StateMachineUpdater (StateMachineUpdater.java:lambda$new$0(89)) - om1@group-C5BA1605619E-StateMachineUpdater: snapshotIndex: updateIncreasingly -1 -> 0
2021-08-17 14:28:17,457 [om1@group-C5BA1605619E-StateMachineUpdater] INFO  ratis.OzoneManagerStateMachine (OzoneManagerStateMachine.java:close(471)) - StateMachine has shutdown. Shutdown OzoneManager if not already shutdown.
2021-08-17 14:28:17,462 [Listener at 127.0.0.1/39353] INFO  server.RaftServer$Division (ServerState.java:close(419)) - om1@group-C5BA1605619E: closes. applyIndex: 0
2021-08-17 14:28:17,465 [om1@group-C5BA1605619E-SegmentedRaftLogWorker] INFO  segmented.SegmentedRaftLogWorker (SegmentedRaftLogWorker.java:run(327)) - om1@group-C5BA1605619E-SegmentedRaftLogWorker was interrupted, exiting. There are 0 tasks remaining in the queue.
2021-08-17 14:28:17,490 [Listener at 127.0.0.1/39353] INFO  segmented.SegmentedRaftLogWorker (SegmentedRaftLogWorker.java:close(237)) - om1@group-C5BA1605619E-SegmentedRaftLogWorker close()
2021-08-17 14:28:17,492 [Listener at 127.0.0.1/39353] INFO  server.GrpcService (GrpcService.java:closeImpl(262)) - om1: shutdown server with port 9872 now
2021-08-17 14:28:17,493 [Listener at 127.0.0.1/39353] INFO  server.GrpcService (GrpcService.java:closeImpl(271)) - om1: shutdown server with port 9872 successfully
2021-08-17 14:28:17,493 [org.apache.ratis.util.JvmPauseMonitor$$Lambda$531/236082732@77ba0e4c] INFO  util.JvmPauseMonitor (JvmPauseMonitor.java:run(109)) - JvmPauseMonitor-om1: Stopped
2021-08-17 14:28:17,493 [Listener at 127.0.0.1/39353] INFO  ratis.OzoneManagerDoubleBuffer (OzoneManagerDoubleBuffer.java:stop(437)) - Stopping OMDoubleBuffer flush thread
2021-08-17 14:28:17,494 [OMDoubleBufferFlushThread] INFO  ratis.OzoneManagerDoubleBuffer (OzoneManagerDoubleBuffer.java:flushTransactions(356)) - OMDoubleBuffer flush thread OMDoubleBufferFlushThread is interrupted and will exit. OMDoubleBufferFlushThread
2021-08-17 14:28:17,510 [Command processor thread] INFO  server.RaftServer (RaftServerProxy.java:remove(106)) - 80e255e6-dcb1-4af9-8688-54f332b6f6ae: remove  FOLLOWER 80e255e6-dcb1-4af9-8688-54f332b6f6ae@group-9D979AEE4FFB:t2, leader=b1936a85-842c-4bb9-b894-6bc821990487, voted=b1936a85-842c-4bb9-b894-6bc821990487, raftlog=80e255e6-dcb1-4af9-8688-54f332b6f6ae@group-9D979AEE4FFB-SegmentedRaftLog:OPENED:c0,f0,i0, conf=0: [b1936a85-842c-4bb9-b894-6bc821990487|rpc:10.1.0.66:46035|dataStream:|priority:1, c43ab16b-06c7-400f-92a3-3c5c2029723f|rpc:10.1.0.66:41045|dataStream:|priority:0, 80e255e6-dcb1-4af9-8688-54f332b6f6ae|rpc:10.1.0.66:46789|dataStream:|priority:0], old=null RUNNING
2021-08-17 14:28:17,510 [Command processor thread] INFO  server.RaftServer$Division (RaftServerImpl.java:lambda$close$4(407)) - 80e255e6-dcb1-4af9-8688-54f332b6f6ae@group-9D979AEE4FFB: shutdown
2021-08-17 14:28:17,510 [Command processor thread] INFO  util.JmxRegister (JmxRegister.java:unregister(73)) - Successfully un-registered JMX Bean with object name Ratis:service=RaftServer,group=group-9D979AEE4FFB,id=80e255e6-dcb1-4af9-8688-54f332b6f6ae
2021-08-17 14:28:17,510 [Command processor thread] INFO  impl.RoleInfo (RoleInfo.java:shutdownFollowerState(108)) - 80e255e6-dcb1-4af9-8688-54f332b6f6ae: shutdown 80e255e6-dcb1-4af9-8688-54f332b6f6ae@group-9D979AEE4FFB-FollowerState
2021-08-17 14:28:17,510 [Command processor thread] INFO  impl.StateMachineUpdater (StateMachineUpdater.java:stopAndJoin(149)) - 80e255e6-dcb1-4af9-8688-54f332b6f6ae@group-9D979AEE4FFB-StateMachineUpdater: set stopIndex = 0
2021-08-17 14:28:17,510 [80e255e6-dcb1-4af9-8688-54f332b6f6ae@group-9D979AEE4FFB-FollowerState] INFO  impl.FollowerState (FollowerState.java:run(143)) - 80e255e6-dcb1-4af9-8688-54f332b6f6ae@group-9D979AEE4FFB-FollowerState was interrupted: {}
java.lang.InterruptedException: sleep interrupted
	at java.lang.Thread.sleep(Native Method)
	at java.lang.Thread.sleep(Thread.java:340)
	at java.util.concurrent.TimeUnit.sleep(TimeUnit.java:386)
	at org.apache.ratis.util.TimeDuration.sleep(TimeDuration.java:324)
	at org.apache.ratis.util.TimeDuration.sleep(TimeDuration.java:309)
	at org.apache.ratis.server.impl.FollowerState.run(FollowerState.java:118)
2021-08-17 14:28:17,515 [80e255e6-dcb1-4af9-8688-54f332b6f6ae@group-9D979AEE4FFB-StateMachineUpdater] INFO  ratis.ContainerStateMachine (ContainerStateMachine.java:takeSnapshot(293)) - group-9D979AEE4FFB: Taking a snapshot at:(t:2, i:0) file /home/runner/work/ozone/ozone/hadoop-ozone/integration-test/target/test-dir/MiniOzoneClusterImpl-1e0b2984-d7f4-44f4-99c9-a2b226c9d9b8/datanode-0/data/ratis/e5ade66f-2463-4857-8836-9d979aee4ffb/sm/snapshot.2_0
2021-08-17 14:28:17,519 [Listener at 127.0.0.1/39353] INFO  utils.BackgroundService (BackgroundService.java:shutdown(132)) - Shutting down service KeyDeletingService
2021-08-17 14:28:17,520 [80e255e6-dcb1-4af9-8688-54f332b6f6ae@group-9D979AEE4FFB-StateMachineUpdater] INFO  ratis.ContainerStateMachine (ContainerStateMachine.java:takeSnapshot(304)) - group-9D979AEE4FFB: Finished taking a snapshot at:(t:2, i:0) file:/home/runner/work/ozone/ozone/hadoop-ozone/integration-test/target/test-dir/MiniOzoneClusterImpl-1e0b2984-d7f4-44f4-99c9-a2b226c9d9b8/datanode-0/data/ratis/e5ade66f-2463-4857-8836-9d979aee4ffb/sm/snapshot.2_0 took: 6 ms
2021-08-17 14:28:17,520 [80e255e6-dcb1-4af9-8688-54f332b6f6ae@group-9D979AEE4FFB-StateMachineUpdater] INFO  impl.StateMachineUpdater (StateMachineUpdater.java:takeSnapshot(281)) - 80e255e6-dcb1-4af9-8688-54f332b6f6ae@group-9D979AEE4FFB-StateMachineUpdater: Took a snapshot at index 0
2021-08-17 14:28:17,520 [80e255e6-dcb1-4af9-8688-54f332b6f6ae@group-9D979AEE4FFB-StateMachineUpdater] INFO  impl.StateMachineUpdater (StateMachineUpdater.java:lambda$new$0(89)) - 80e255e6-dcb1-4af9-8688-54f332b6f6ae@group-9D979AEE4FFB-StateMachineUpdater: snapshotIndex: updateIncreasingly -1 -> 0
2021-08-17 14:28:17,521 [Command processor thread] INFO  server.RaftServer$Division (ServerState.java:close(419)) - 80e255e6-dcb1-4af9-8688-54f332b6f6ae@group-9D979AEE4FFB: closes. applyIndex: 0
2021-08-17 14:28:17,521 [80e255e6-dcb1-4af9-8688-54f332b6f6ae@group-9D979AEE4FFB-SegmentedRaftLogWorker] INFO  segmented.SegmentedRaftLogWorker (SegmentedRaftLogWorker.java:run(327)) - 80e255e6-dcb1-4af9-8688-54f332b6f6ae@group-9D979AEE4FFB-SegmentedRaftLogWorker was interrupted, exiting. There are 0 tasks remaining in the queue.
2021-08-17 14:28:17,523 [Command processor thread] INFO  segmented.SegmentedRaftLogWorker (SegmentedRaftLogWorker.java:close(237)) - 80e255e6-dcb1-4af9-8688-54f332b6f6ae@group-9D979AEE4FFB-SegmentedRaftLogWorker close()
2021-08-17 14:28:17,525 [Command processor thread] INFO  server.RaftServer$Division (RaftServerImpl.java:groupRemove(377)) - 80e255e6-dcb1-4af9-8688-54f332b6f6ae@group-9D979AEE4FFB: Succeed to remove RaftStorageDirectory Storage Directory /home/runner/work/ozone/ozone/hadoop-ozone/integration-test/target/test-dir/MiniOzoneClusterImpl-1e0b2984-d7f4-44f4-99c9-a2b226c9d9b8/datanode-0/data/ratis/e5ade66f-2463-4857-8836-9d979aee4ffb
2021-08-17 14:28:17,526 [Command processor thread] INFO  commandhandler.ClosePipelineCommandHandler (ClosePipelineCommandHandler.java:handle(75)) - Close Pipeline PipelineID=e5ade66f-2463-4857-8836-9d979aee4ffb command on datanode 80e255e6-dcb1-4af9-8688-54f332b6f6ae.
2021-08-17 14:28:17,543 [Listener at 127.0.0.1/39353] INFO  handler.ContextHandler (ContextHandler.java:doStop(1153)) - Stopped o.e.j.w.WebAppContext@65468d30{ozoneManager,/,null,STOPPED}{file:/home/runner/work/ozone/ozone/hadoop-ozone/integration-test/target/test-classes/webapps/ozoneManager}
2021-08-17 14:28:17,554 [Listener at 127.0.0.1/39353] INFO  server.AbstractConnector (AbstractConnector.java:doStop(381)) - Stopped ServerConnector@4fed59f3{HTTP/1.1, (http/1.1)}{0.0.0.0:0}
2021-08-17 14:28:17,554 [Listener at 127.0.0.1/39353] INFO  server.session (HouseKeeper.java:stopScavenging(149)) - node0 Stopped scavenging
2021-08-17 14:28:17,555 [Listener at 127.0.0.1/39353] INFO  handler.ContextHandler (ContextHandler.java:doStop(1153)) - Stopped o.e.j.s.ServletContextHandler@44b1aba0{static,/static,file:///home/runner/work/ozone/ozone/hadoop-ozone/integration-test/target/test-classes/webapps/static,STOPPED}
2021-08-17 14:28:17,555 [Listener at 127.0.0.1/39353] INFO  handler.ContextHandler (ContextHandler.java:doStop(1153)) - Stopped o.e.j.s.ServletContextHandler@1e766631{logs,/logs,file:///home/runner/work/ozone/ozone/hadoop-ozone/integration-test/target/log,STOPPED}
2021-08-17 14:28:17,562 [Listener at 127.0.0.1/39353] INFO  ozone.MiniOzoneClusterImpl (MiniOzoneClusterImpl.java:stopDatanodes(527)) - Stopping the HddsDatanodes
2021-08-17 14:28:18,173 [Datanode State Machine Thread - 0] INFO  statemachine.DatanodeStateMachine (DatanodeStateMachine.java:lambda$startDaemon$0(457)) - Ozone container server started.
2021-08-17 14:28:18,505 [Datanode State Machine Thread - 0] INFO  statemachine.DatanodeStateMachine (DatanodeStateMachine.java:lambda$startDaemon$0(457)) - Ozone container server started.
2021-08-17 14:28:18,881 [Command processor thread] INFO  server.RaftServer (RaftServerProxy.java:remove(106)) - c43ab16b-06c7-400f-92a3-3c5c2029723f: remove  FOLLOWER c43ab16b-06c7-400f-92a3-3c5c2029723f@group-9D979AEE4FFB:t2, leader=b1936a85-842c-4bb9-b894-6bc821990487, voted=b1936a85-842c-4bb9-b894-6bc821990487, raftlog=c43ab16b-06c7-400f-92a3-3c5c2029723f@group-9D979AEE4FFB-SegmentedRaftLog:OPENED:c0,f0,i0, conf=0: [b1936a85-842c-4bb9-b894-6bc821990487|rpc:10.1.0.66:46035|dataStream:|priority:1, c43ab16b-06c7-400f-92a3-3c5c2029723f|rpc:10.1.0.66:41045|dataStream:|priority:0, 80e255e6-dcb1-4af9-8688-54f332b6f6ae|rpc:10.1.0.66:46789|dataStream:|priority:0], old=null RUNNING
2021-08-17 14:28:18,881 [Command processor thread] INFO  server.RaftServer$Division (RaftServerImpl.java:lambda$close$4(407)) - c43ab16b-06c7-400f-92a3-3c5c2029723f@group-9D979AEE4FFB: shutdown
2021-08-17 14:28:18,881 [Command processor thread] INFO  util.JmxRegister (JmxRegister.java:unregister(73)) - Successfully un-registered JMX Bean with object name Ratis:service=RaftServer,group=group-9D979AEE4FFB,id=c43ab16b-06c7-400f-92a3-3c5c2029723f
2021-08-17 14:28:18,881 [Command processor thread] INFO  impl.RoleInfo (RoleInfo.java:shutdownFollowerState(108)) - c43ab16b-06c7-400f-92a3-3c5c2029723f: shutdown c43ab16b-06c7-400f-92a3-3c5c2029723f@group-9D979AEE4FFB-FollowerState
2021-08-17 14:28:18,882 [Command processor thread] INFO  impl.StateMachineUpdater (StateMachineUpdater.java:stopAndJoin(149)) - c43ab16b-06c7-400f-92a3-3c5c2029723f@group-9D979AEE4FFB-StateMachineUpdater: set stopIndex = 0
2021-08-17 14:28:18,885 [c43ab16b-06c7-400f-92a3-3c5c2029723f@group-9D979AEE4FFB-StateMachineUpdater] INFO  ratis.ContainerStateMachine (ContainerStateMachine.java:takeSnapshot(293)) - group-9D979AEE4FFB: Taking a snapshot at:(t:2, i:0) file /home/runner/work/ozone/ozone/hadoop-ozone/integration-test/target/test-dir/MiniOzoneClusterImpl-1e0b2984-d7f4-44f4-99c9-a2b226c9d9b8/datanode-2/data/ratis/e5ade66f-2463-4857-8836-9d979aee4ffb/sm/snapshot.2_0
2021-08-17 14:28:18,888 [c43ab16b-06c7-400f-92a3-3c5c2029723f@group-9D979AEE4FFB-StateMachineUpdater] INFO  ratis.ContainerStateMachine (ContainerStateMachine.java:takeSnapshot(304)) - group-9D979AEE4FFB: Finished taking a snapshot at:(t:2, i:0) file:/home/runner/work/ozone/ozone/hadoop-ozone/integration-test/target/test-dir/MiniOzoneClusterImpl-1e0b2984-d7f4-44f4-99c9-a2b226c9d9b8/datanode-2/data/ratis/e5ade66f-2463-4857-8836-9d979aee4ffb/sm/snapshot.2_0 took: 3 ms
2021-08-17 14:28:18,889 [c43ab16b-06c7-400f-92a3-3c5c2029723f@group-9D979AEE4FFB-StateMachineUpdater] INFO  impl.StateMachineUpdater (StateMachineUpdater.java:takeSnapshot(281)) - c43ab16b-06c7-400f-92a3-3c5c2029723f@group-9D979AEE4FFB-StateMachineUpdater: Took a snapshot at index 0
2021-08-17 14:28:18,889 [c43ab16b-06c7-400f-92a3-3c5c2029723f@group-9D979AEE4FFB-StateMachineUpdater] INFO  impl.StateMachineUpdater (StateMachineUpdater.java:lambda$new$0(89)) - c43ab16b-06c7-400f-92a3-3c5c2029723f@group-9D979AEE4FFB-StateMachineUpdater: snapshotIndex: updateIncreasingly -1 -> 0
2021-08-17 14:28:18,889 [Command processor thread] INFO  server.RaftServer$Division (ServerState.java:close(419)) - c43ab16b-06c7-400f-92a3-3c5c2029723f@group-9D979AEE4FFB: closes. applyIndex: 0
2021-08-17 14:28:18,890 [c43ab16b-06c7-400f-92a3-3c5c2029723f@group-9D979AEE4FFB-SegmentedRaftLogWorker] INFO  segmented.SegmentedRaftLogWorker (SegmentedRaftLogWorker.java:run(327)) - c43ab16b-06c7-400f-92a3-3c5c2029723f@group-9D979AEE4FFB-SegmentedRaftLogWorker was interrupted, exiting. There are 0 tasks remaining in the queue.
2021-08-17 14:28:18,890 [Command processor thread] INFO  segmented.SegmentedRaftLogWorker (SegmentedRaftLogWorker.java:close(237)) - c43ab16b-06c7-400f-92a3-3c5c2029723f@group-9D979AEE4FFB-SegmentedRaftLogWorker close()
2021-08-17 14:28:18,893 [Command processor thread] INFO  server.RaftServer$Division (RaftServerImpl.java:groupRemove(377)) - c43ab16b-06c7-400f-92a3-3c5c2029723f@group-9D979AEE4FFB: Succeed to remove RaftStorageDirectory Storage Directory /home/runner/work/ozone/ozone/hadoop-ozone/integration-test/target/test-dir/MiniOzoneClusterImpl-1e0b2984-d7f4-44f4-99c9-a2b226c9d9b8/datanode-2/data/ratis/e5ade66f-2463-4857-8836-9d979aee4ffb
2021-08-17 14:28:18,893 [Command processor thread] INFO  commandhandler.ClosePipelineCommandHandler (ClosePipelineCommandHandler.java:handle(75)) - Close Pipeline PipelineID=e5ade66f-2463-4857-8836-9d979aee4ffb command on datanode c43ab16b-06c7-400f-92a3-3c5c2029723f.
2021-08-17 14:28:18,894 [c43ab16b-06c7-400f-92a3-3c5c2029723f@group-9D979AEE4FFB-FollowerState] INFO  impl.FollowerState (FollowerState.java:run(143)) - c43ab16b-06c7-400f-92a3-3c5c2029723f@group-9D979AEE4FFB-FollowerState was interrupted: {}
java.lang.InterruptedException: sleep interrupted
	at java.lang.Thread.sleep(Native Method)
	at java.lang.Thread.sleep(Thread.java:340)
	at java.util.concurrent.TimeUnit.sleep(TimeUnit.java:386)
	at org.apache.ratis.util.TimeDuration.sleep(TimeDuration.java:324)
	at org.apache.ratis.util.TimeDuration.sleep(TimeDuration.java:309)
	at org.apache.ratis.server.impl.FollowerState.run(FollowerState.java:118)
2021-08-17 14:28:22,574 [Listener at 127.0.0.1/39353] INFO  ozoneimpl.OzoneContainer (OzoneContainer.java:stop(326)) - Attempting to stop container services.
2021-08-17 14:28:22,578 [ForkJoinPool.commonPool-worker-1] INFO  ozoneimpl.OzoneContainer (OzoneContainer.java:stop(326)) - Attempting to stop container services.
2021-08-17 14:28:22,579 [ForkJoinPool.commonPool-worker-1] INFO  server.RaftServer (RaftServerProxy.java:lambda$close$6(391)) - 80e255e6-dcb1-4af9-8688-54f332b6f6ae: close
2021-08-17 14:28:22,579 [ForkJoinPool.commonPool-worker-1] INFO  server.RaftServer$Division (RaftServerImpl.java:lambda$close$4(407)) - 80e255e6-dcb1-4af9-8688-54f332b6f6ae@group-FC9E8FDBFB7C: shutdown
2021-08-17 14:28:22,580 [ForkJoinPool.commonPool-worker-1] INFO  util.JmxRegister (JmxRegister.java:unregister(73)) - Successfully un-registered JMX Bean with object name Ratis:service=RaftServer,group=group-FC9E8FDBFB7C,id=80e255e6-dcb1-4af9-8688-54f332b6f6ae
2021-08-17 14:28:22,580 [ForkJoinPool.commonPool-worker-1] INFO  impl.RoleInfo (RoleInfo.java:shutdownFollowerState(108)) - 80e255e6-dcb1-4af9-8688-54f332b6f6ae: shutdown 80e255e6-dcb1-4af9-8688-54f332b6f6ae@group-FC9E8FDBFB7C-FollowerState
2021-08-17 14:28:22,580 [ForkJoinPool.commonPool-worker-1] INFO  impl.StateMachineUpdater (StateMachineUpdater.java:stopAndJoin(149)) - 80e255e6-dcb1-4af9-8688-54f332b6f6ae@group-FC9E8FDBFB7C-StateMachineUpdater: set stopIndex = 0
2021-08-17 14:28:22,580 [80e255e6-dcb1-4af9-8688-54f332b6f6ae@group-FC9E8FDBFB7C-FollowerState] INFO  impl.FollowerState (FollowerState.java:run(143)) - 80e255e6-dcb1-4af9-8688-54f332b6f6ae@group-FC9E8FDBFB7C-FollowerState was interrupted: {}
java.lang.InterruptedException: sleep interrupted
	at java.lang.Thread.sleep(Native Method)
	at java.lang.Thread.sleep(Thread.java:340)
	at java.util.concurrent.TimeUnit.sleep(TimeUnit.java:386)
	at org.apache.ratis.util.TimeDuration.sleep(TimeDuration.java:324)
	at org.apache.ratis.util.TimeDuration.sleep(TimeDuration.java:309)
	at org.apache.ratis.server.impl.FollowerState.run(FollowerState.java:118)
2021-08-17 14:28:22,582 [80e255e6-dcb1-4af9-8688-54f332b6f6ae@group-FC9E8FDBFB7C-StateMachineUpdater] INFO  ratis.ContainerStateMachine (ContainerStateMachine.java:takeSnapshot(293)) - group-FC9E8FDBFB7C: Taking a snapshot at:(t:2, i:0) file /home/runner/work/ozone/ozone/hadoop-ozone/integration-test/target/test-dir/MiniOzoneClusterImpl-1e0b2984-d7f4-44f4-99c9-a2b226c9d9b8/datanode-0/data/ratis/e74103e6-9fd1-4c82-a3d0-fc9e8fdbfb7c/sm/snapshot.2_0
2021-08-17 14:28:22,588 [80e255e6-dcb1-4af9-8688-54f332b6f6ae@group-FC9E8FDBFB7C-StateMachineUpdater] INFO  ratis.ContainerStateMachine (ContainerStateMachine.java:takeSnapshot(304)) - group-FC9E8FDBFB7C: Finished taking a snapshot at:(t:2, i:0) file:/home/runner/work/ozone/ozone/hadoop-ozone/integration-test/target/test-dir/MiniOzoneClusterImpl-1e0b2984-d7f4-44f4-99c9-a2b226c9d9b8/datanode-0/data/ratis/e74103e6-9fd1-4c82-a3d0-fc9e8fdbfb7c/sm/snapshot.2_0 took: 1 ms
2021-08-17 14:28:22,588 [80e255e6-dcb1-4af9-8688-54f332b6f6ae@group-FC9E8FDBFB7C-StateMachineUpdater] INFO  impl.StateMachineUpdater (StateMachineUpdater.java:takeSnapshot(281)) - 80e255e6-dcb1-4af9-8688-54f332b6f6ae@group-FC9E8FDBFB7C-StateMachineUpdater: Took a snapshot at index 0
2021-08-17 14:28:22,588 [80e255e6-dcb1-4af9-8688-54f332b6f6ae@group-FC9E8FDBFB7C-StateMachineUpdater] INFO  impl.StateMachineUpdater (StateMachineUpdater.java:lambda$new$0(89)) - 80e255e6-dcb1-4af9-8688-54f332b6f6ae@group-FC9E8FDBFB7C-StateMachineUpdater: snapshotIndex: updateIncreasingly -1 -> 0
2021-08-17 14:28:22,589 [ForkJoinPool.commonPool-worker-1] INFO  server.RaftServer$Division (ServerState.java:close(419)) - 80e255e6-dcb1-4af9-8688-54f332b6f6ae@group-FC9E8FDBFB7C: closes. applyIndex: 0
2021-08-17 14:28:22,589 [80e255e6-dcb1-4af9-8688-54f332b6f6ae@group-FC9E8FDBFB7C-SegmentedRaftLogWorker] INFO  segmented.SegmentedRaftLogWorker (SegmentedRaftLogWorker.java:run(327)) - 80e255e6-dcb1-4af9-8688-54f332b6f6ae@group-FC9E8FDBFB7C-SegmentedRaftLogWorker was interrupted, exiting. There are 0 tasks remaining in the queue.
2021-08-17 14:28:22,589 [ForkJoinPool.commonPool-worker-1] INFO  segmented.SegmentedRaftLogWorker (SegmentedRaftLogWorker.java:close(237)) - 80e255e6-dcb1-4af9-8688-54f332b6f6ae@group-FC9E8FDBFB7C-SegmentedRaftLogWorker close()
2021-08-17 14:28:22,595 [ForkJoinPool.commonPool-worker-1] INFO  server.RaftServer$Division (RaftServerImpl.java:lambda$close$4(407)) - 80e255e6-dcb1-4af9-8688-54f332b6f6ae@group-BDA6F581BDB6: shutdown
2021-08-17 14:28:22,595 [ForkJoinPool.commonPool-worker-1] INFO  util.JmxRegister (JmxRegister.java:unregister(73)) - Successfully un-registered JMX Bean with object name Ratis:service=RaftServer,group=group-BDA6F581BDB6,id=80e255e6-dcb1-4af9-8688-54f332b6f6ae
2021-08-17 14:28:22,595 [ForkJoinPool.commonPool-worker-1] INFO  impl.RoleInfo (RoleInfo.java:shutdownLeaderState(91)) - 80e255e6-dcb1-4af9-8688-54f332b6f6ae: shutdown 80e255e6-dcb1-4af9-8688-54f332b6f6ae@group-BDA6F581BDB6-LeaderStateImpl
2021-08-17 14:28:22,596 [ForkJoinPool.commonPool-worker-1] INFO  impl.PendingRequests (PendingRequests.java:sendNotLeaderResponses(282)) - 80e255e6-dcb1-4af9-8688-54f332b6f6ae@group-BDA6F581BDB6-PendingRequests: sendNotLeaderResponses
2021-08-17 14:28:22,597 [ForkJoinPool.commonPool-worker-1] INFO  impl.StateMachineUpdater (StateMachineUpdater.java:stopAndJoin(149)) - 80e255e6-dcb1-4af9-8688-54f332b6f6ae@group-BDA6F581BDB6-StateMachineUpdater: set stopIndex = 0
2021-08-17 14:28:22,598 [80e255e6-dcb1-4af9-8688-54f332b6f6ae@group-BDA6F581BDB6-StateMachineUpdater] INFO  ratis.ContainerStateMachine (ContainerStateMachine.java:takeSnapshot(293)) - group-BDA6F581BDB6: Taking a snapshot at:(t:1, i:0) file /home/runner/work/ozone/ozone/hadoop-ozone/integration-test/target/test-dir/MiniOzoneClusterImpl-1e0b2984-d7f4-44f4-99c9-a2b226c9d9b8/datanode-0/data/ratis/4b3f5d99-8d32-40d8-b1d3-bda6f581bdb6/sm/snapshot.1_0
2021-08-17 14:28:22,601 [80e255e6-dcb1-4af9-8688-54f332b6f6ae@group-BDA6F581BDB6-StateMachineUpdater] INFO  ratis.ContainerStateMachine (ContainerStateMachine.java:takeSnapshot(304)) - group-BDA6F581BDB6: Finished taking a snapshot at:(t:1, i:0) file:/home/runner/work/ozone/ozone/hadoop-ozone/integration-test/target/test-dir/MiniOzoneClusterImpl-1e0b2984-d7f4-44f4-99c9-a2b226c9d9b8/datanode-0/data/ratis/4b3f5d99-8d32-40d8-b1d3-bda6f581bdb6/sm/snapshot.1_0 took: 3 ms
2021-08-17 14:28:22,602 [80e255e6-dcb1-4af9-8688-54f332b6f6ae@group-BDA6F581BDB6-StateMachineUpdater] INFO  impl.StateMachineUpdater (StateMachineUpdater.java:takeSnapshot(281)) - 80e255e6-dcb1-4af9-8688-54f332b6f6ae@group-BDA6F581BDB6-StateMachineUpdater: Took a snapshot at index 0
2021-08-17 14:28:22,602 [80e255e6-dcb1-4af9-8688-54f332b6f6ae@group-BDA6F581BDB6-StateMachineUpdater] INFO  impl.StateMachineUpdater (StateMachineUpdater.java:lambda$new$0(89)) - 80e255e6-dcb1-4af9-8688-54f332b6f6ae@group-BDA6F581BDB6-StateMachineUpdater: snapshotIndex: updateIncreasingly -1 -> 0
2021-08-17 14:28:22,602 [ForkJoinPool.commonPool-worker-1] INFO  server.RaftServer$Division (ServerState.java:close(419)) - 80e255e6-dcb1-4af9-8688-54f332b6f6ae@group-BDA6F581BDB6: closes. applyIndex: 0
2021-08-17 14:28:22,603 [80e255e6-dcb1-4af9-8688-54f332b6f6ae@group-BDA6F581BDB6-SegmentedRaftLogWorker] INFO  segmented.SegmentedRaftLogWorker (SegmentedRaftLogWorker.java:run(327)) - 80e255e6-dcb1-4af9-8688-54f332b6f6ae@group-BDA6F581BDB6-SegmentedRaftLogWorker was interrupted, exiting. There are 0 tasks remaining in the queue.
2021-08-17 14:28:22,603 [ForkJoinPool.commonPool-worker-1] INFO  segmented.SegmentedRaftLogWorker (SegmentedRaftLogWorker.java:close(237)) - 80e255e6-dcb1-4af9-8688-54f332b6f6ae@group-BDA6F581BDB6-SegmentedRaftLogWorker close()
2021-08-17 14:28:22,604 [Listener at 127.0.0.1/39353] INFO  server.RaftServer (RaftServerProxy.java:lambda$close$6(391)) - b1936a85-842c-4bb9-b894-6bc821990487: close
2021-08-17 14:28:22,604 [Listener at 127.0.0.1/39353] INFO  server.RaftServer$Division (RaftServerImpl.java:lambda$close$4(407)) - b1936a85-842c-4bb9-b894-6bc821990487@group-9D979AEE4FFB: shutdown
2021-08-17 14:28:22,604 [Listener at 127.0.0.1/39353] INFO  util.JmxRegister (JmxRegister.java:unregister(73)) - Successfully un-registered JMX Bean with object name Ratis:service=RaftServer,group=group-9D979AEE4FFB,id=b1936a85-842c-4bb9-b894-6bc821990487
2021-08-17 14:28:22,604 [ForkJoinPool.commonPool-worker-1] INFO  server.GrpcService (GrpcService.java:closeImpl(262)) - 80e255e6-dcb1-4af9-8688-54f332b6f6ae: shutdown server with port 46789 now
2021-08-17 14:28:22,604 [Listener at 127.0.0.1/39353] INFO  impl.RoleInfo (RoleInfo.java:shutdownLeaderState(91)) - b1936a85-842c-4bb9-b894-6bc821990487: shutdown b1936a85-842c-4bb9-b894-6bc821990487@group-9D979AEE4FFB-LeaderStateImpl
2021-08-17 14:28:22,605 [b1936a85-842c-4bb9-b894-6bc821990487@group-9D979AEE4FFB->c43ab16b-06c7-400f-92a3-3c5c2029723f-GrpcLogAppender-LogAppenderDaemon] WARN  server.GrpcLogAppender (GrpcLogAppender.java:mayWait(175)) - b1936a85-842c-4bb9-b894-6bc821990487@group-9D979AEE4FFB->c43ab16b-06c7-400f-92a3-3c5c2029723f-GrpcLogAppender: Wait interrupted by java.lang.InterruptedException
2021-08-17 14:28:22,605 [Listener at 127.0.0.1/39353] INFO  impl.PendingRequests (PendingRequests.java:sendNotLeaderResponses(282)) - b1936a85-842c-4bb9-b894-6bc821990487@group-9D979AEE4FFB-PendingRequests: sendNotLeaderResponses
2021-08-17 14:28:22,607 [grpc-default-executor-2] INFO  server.GrpcServerProtocolService (GrpcServerProtocolService.java:onCompleted(140)) - c43ab16b-06c7-400f-92a3-3c5c2029723f: Completed APPEND_ENTRIES, lastRequest: b1936a85-842c-4bb9-b894-6bc821990487->c43ab16b-06c7-400f-92a3-3c5c2029723f#1-t2,previous=(t:0, i:0),leaderCommit=-1,initializing? true,entries: size=1, first=(t:2, i:0), CONFIGURATIONENTRY
2021-08-17 14:28:22,607 [Listener at 127.0.0.1/39353] INFO  impl.StateMachineUpdater (StateMachineUpdater.java:stopAndJoin(149)) - b1936a85-842c-4bb9-b894-6bc821990487@group-9D979AEE4FFB-StateMachineUpdater: set stopIndex = 0
2021-08-17 14:28:22,608 [b1936a85-842c-4bb9-b894-6bc821990487@group-9D979AEE4FFB-StateMachineUpdater] INFO  ratis.ContainerStateMachine (ContainerStateMachine.java:takeSnapshot(293)) - group-9D979AEE4FFB: Taking a snapshot at:(t:2, i:0) file /home/runner/work/ozone/ozone/hadoop-ozone/integration-test/target/test-dir/MiniOzoneClusterImpl-1e0b2984-d7f4-44f4-99c9-a2b226c9d9b8/datanode-1/data/ratis/e5ade66f-2463-4857-8836-9d979aee4ffb/sm/snapshot.2_0
2021-08-17 14:28:22,608 [grpc-default-executor-3] INFO  server.GrpcLogAppender (GrpcLogAppender.java:onCompleted(344)) - b1936a85-842c-4bb9-b894-6bc821990487@group-9D979AEE4FFB->c43ab16b-06c7-400f-92a3-3c5c2029723f-AppendLogResponseHandler: follower responses appendEntries COMPLETED
2021-08-17 14:28:22,609 [grpc-default-executor-3] INFO  leader.FollowerInfo (FollowerInfoImpl.java:lambda$new$0(46)) - b1936a85-842c-4bb9-b894-6bc821990487@group-9D979AEE4FFB->c43ab16b-06c7-400f-92a3-3c5c2029723f: nextIndex: updateUnconditionally 1 -> 0
2021-08-17 14:28:22,610 [b1936a85-842c-4bb9-b894-6bc821990487@group-9D979AEE4FFB-StateMachineUpdater] INFO  ratis.ContainerStateMachine (ContainerStateMachine.java:takeSnapshot(304)) - group-9D979AEE4FFB: Finished taking a snapshot at:(t:2, i:0) file:/home/runner/work/ozone/ozone/hadoop-ozone/integration-test/target/test-dir/MiniOzoneClusterImpl-1e0b2984-d7f4-44f4-99c9-a2b226c9d9b8/datanode-1/data/ratis/e5ade66f-2463-4857-8836-9d979aee4ffb/sm/snapshot.2_0 took: 2 ms
2021-08-17 14:28:22,610 [b1936a85-842c-4bb9-b894-6bc821990487@group-9D979AEE4FFB-StateMachineUpdater] INFO  impl.StateMachineUpdater (StateMachineUpdater.java:takeSnapshot(281)) - b1936a85-842c-4bb9-b894-6bc821990487@group-9D979AEE4FFB-StateMachineUpdater: Took a snapshot at index 0
2021-08-17 14:28:22,610 [b1936a85-842c-4bb9-b894-6bc821990487@group-9D979AEE4FFB-StateMachineUpdater] INFO  impl.StateMachineUpdater (StateMachineUpdater.java:lambda$new$0(89)) - b1936a85-842c-4bb9-b894-6bc821990487@group-9D979AEE4FFB-StateMachineUpdater: snapshotIndex: updateIncreasingly -1 -> 0
2021-08-17 14:28:22,611 [Listener at 127.0.0.1/39353] INFO  server.RaftServer$Division (ServerState.java:close(419)) - b1936a85-842c-4bb9-b894-6bc821990487@group-9D979AEE4FFB: closes. applyIndex: 0
2021-08-17 14:28:22,611 [b1936a85-842c-4bb9-b894-6bc821990487@group-9D979AEE4FFB-SegmentedRaftLogWorker] INFO  segmented.SegmentedRaftLogWorker (SegmentedRaftLogWorker.java:run(327)) - b1936a85-842c-4bb9-b894-6bc821990487@group-9D979AEE4FFB-SegmentedRaftLogWorker was interrupted, exiting. There are 0 tasks remaining in the queue.
2021-08-17 14:28:22,611 [Listener at 127.0.0.1/39353] INFO  segmented.SegmentedRaftLogWorker (SegmentedRaftLogWorker.java:close(237)) - b1936a85-842c-4bb9-b894-6bc821990487@group-9D979AEE4FFB-SegmentedRaftLogWorker close()
2021-08-17 14:28:22,629 [b1936a85-842c-4bb9-b894-6bc821990487@group-9D979AEE4FFB->80e255e6-dcb1-4af9-8688-54f332b6f6ae-GrpcLogAppender-LogAppenderDaemon] WARN  server.GrpcLogAppender (GrpcLogAppender.java:mayWait(175)) - b1936a85-842c-4bb9-b894-6bc821990487@group-9D979AEE4FFB->80e255e6-dcb1-4af9-8688-54f332b6f6ae-GrpcLogAppender: Wait interrupted by java.lang.InterruptedException
2021-08-17 14:28:22,630 [grpc-default-executor-2] INFO  server.GrpcServerProtocolService (GrpcServerProtocolService.java:onCompleted(140)) - 80e255e6-dcb1-4af9-8688-54f332b6f6ae: Completed APPEND_ENTRIES, lastRequest: b1936a85-842c-4bb9-b894-6bc821990487->80e255e6-dcb1-4af9-8688-54f332b6f6ae#1-t2,previous=(t:0, i:0),leaderCommit=0,initializing? true,entries: size=1, first=(t:2, i:0), CONFIGURATIONENTRY
2021-08-17 14:28:22,632 [grpc-default-executor-3] INFO  server.GrpcLogAppender (GrpcLogAppender.java:onCompleted(344)) - b1936a85-842c-4bb9-b894-6bc821990487@group-9D979AEE4FFB->80e255e6-dcb1-4af9-8688-54f332b6f6ae-AppendLogResponseHandler: follower responses appendEntries COMPLETED
2021-08-17 14:28:22,632 [grpc-default-executor-3] INFO  leader.FollowerInfo (FollowerInfoImpl.java:lambda$new$0(46)) - b1936a85-842c-4bb9-b894-6bc821990487@group-9D979AEE4FFB->80e255e6-dcb1-4af9-8688-54f332b6f6ae: nextIndex: updateUnconditionally 1 -> 0
2021-08-17 14:28:22,666 [Listener at 127.0.0.1/39353] INFO  server.RaftServer$Division (RaftServerImpl.java:lambda$close$4(407)) - b1936a85-842c-4bb9-b894-6bc821990487@group-FC9E8FDBFB7C: shutdown
2021-08-17 14:28:22,666 [Listener at 127.0.0.1/39353] INFO  util.JmxRegister (JmxRegister.java:unregister(73)) - Successfully un-registered JMX Bean with object name Ratis:service=RaftServer,group=group-FC9E8FDBFB7C,id=b1936a85-842c-4bb9-b894-6bc821990487
2021-08-17 14:28:22,667 [Listener at 127.0.0.1/39353] INFO  impl.RoleInfo (RoleInfo.java:shutdownFollowerState(108)) - b1936a85-842c-4bb9-b894-6bc821990487: shutdown b1936a85-842c-4bb9-b894-6bc821990487@group-FC9E8FDBFB7C-FollowerState
2021-08-17 14:28:22,667 [Listener at 127.0.0.1/39353] INFO  impl.StateMachineUpdater (StateMachineUpdater.java:stopAndJoin(149)) - b1936a85-842c-4bb9-b894-6bc821990487@group-FC9E8FDBFB7C-StateMachineUpdater: set stopIndex = 0
2021-08-17 14:28:22,667 [grpc-default-executor-0] WARN  server.GrpcServerProtocolService (LogUtils.java:warn(122)) - 80e255e6-dcb1-4af9-8688-54f332b6f6ae: installSnapshot onError, lastRequest: c43ab16b-06c7-400f-92a3-3c5c2029723f->80e255e6-dcb1-4af9-8688-54f332b6f6ae#1-t2,previous=(t:0, i:0),leaderCommit=0,initializing? true,entries: size=1, first=(t:2, i:0), CONFIGURATIONENTRY: org.apache.ratis.thirdparty.io.grpc.StatusRuntimeException: CANCELLED: client cancelled
2021-08-17 14:28:22,668 [b1936a85-842c-4bb9-b894-6bc821990487@group-FC9E8FDBFB7C-FollowerState] INFO  impl.FollowerState (FollowerState.java:run(143)) - b1936a85-842c-4bb9-b894-6bc821990487@group-FC9E8FDBFB7C-FollowerState was interrupted: {}
java.lang.InterruptedException: sleep interrupted
	at java.lang.Thread.sleep(Native Method)
	at java.lang.Thread.sleep(Thread.java:340)
	at java.util.concurrent.TimeUnit.sleep(TimeUnit.java:386)
	at org.apache.ratis.util.TimeDuration.sleep(TimeDuration.java:324)
	at org.apache.ratis.util.TimeDuration.sleep(TimeDuration.java:309)
	at org.apache.ratis.server.impl.FollowerState.run(FollowerState.java:118)
2021-08-17 14:28:22,669 [grpc-default-executor-1] WARN  server.GrpcLogAppender (LogUtils.java:warn(122)) - c43ab16b-06c7-400f-92a3-3c5c2029723f@group-FC9E8FDBFB7C->80e255e6-dcb1-4af9-8688-54f332b6f6ae-AppendLogResponseHandler: Failed appendEntries: org.apache.ratis.thirdparty.io.grpc.StatusRuntimeException: CANCELLED: HTTP/2 error code: CANCEL
Received Rst Stream
2021-08-17 14:28:22,719 [grpc-default-executor-1] WARN  server.GrpcLogAppender (GrpcLogAppender.java:resetClient(111)) - c43ab16b-06c7-400f-92a3-3c5c2029723f@group-FC9E8FDBFB7C->80e255e6-dcb1-4af9-8688-54f332b6f6ae-GrpcLogAppender: Leader has not got in touch with Follower c43ab16b-06c7-400f-92a3-3c5c2029723f@group-FC9E8FDBFB7C->80e255e6-dcb1-4af9-8688-54f332b6f6ae(c0,m0,n1, attendVote=true, lastRpcSendTime=994, lastRpcResponseTime=983) yet, just keep nextIndex unchanged and retry.
2021-08-17 14:28:22,668 [b1936a85-842c-4bb9-b894-6bc821990487@group-FC9E8FDBFB7C-StateMachineUpdater] INFO  ratis.ContainerStateMachine (ContainerStateMachine.java:takeSnapshot(293)) - group-FC9E8FDBFB7C: Taking a snapshot at:(t:2, i:0) file /home/runner/work/ozone/ozone/hadoop-ozone/integration-test/target/test-dir/MiniOzoneClusterImpl-1e0b2984-d7f4-44f4-99c9-a2b226c9d9b8/datanode-1/data/ratis/e74103e6-9fd1-4c82-a3d0-fc9e8fdbfb7c/sm/snapshot.2_0
2021-08-17 14:28:22,758 [b1936a85-842c-4bb9-b894-6bc821990487@group-FC9E8FDBFB7C-StateMachineUpdater] INFO  ratis.ContainerStateMachine (ContainerStateMachine.java:takeSnapshot(304)) - group-FC9E8FDBFB7C: Finished taking a snapshot at:(t:2, i:0) file:/home/runner/work/ozone/ozone/hadoop-ozone/integration-test/target/test-dir/MiniOzoneClusterImpl-1e0b2984-d7f4-44f4-99c9-a2b226c9d9b8/datanode-1/data/ratis/e74103e6-9fd1-4c82-a3d0-fc9e8fdbfb7c/sm/snapshot.2_0 took: 89 ms
2021-08-17 14:28:22,758 [b1936a85-842c-4bb9-b894-6bc821990487@group-FC9E8FDBFB7C-StateMachineUpdater] INFO  impl.StateMachineUpdater (StateMachineUpdater.java:takeSnapshot(281)) - b1936a85-842c-4bb9-b894-6bc821990487@group-FC9E8FDBFB7C-StateMachineUpdater: Took a snapshot at index 0
2021-08-17 14:28:22,758 [b1936a85-842c-4bb9-b894-6bc821990487@group-FC9E8FDBFB7C-StateMachineUpdater] INFO  impl.StateMachineUpdater (StateMachineUpdater.java:lambda$new$0(89)) - b1936a85-842c-4bb9-b894-6bc821990487@group-FC9E8FDBFB7C-StateMachineUpdater: snapshotIndex: updateIncreasingly -1 -> 0
2021-08-17 14:28:22,759 [Listener at 127.0.0.1/39353] INFO  server.RaftServer$Division (ServerState.java:close(419)) - b1936a85-842c-4bb9-b894-6bc821990487@group-FC9E8FDBFB7C: closes. applyIndex: 0
2021-08-17 14:28:22,760 [ForkJoinPool.commonPool-worker-1] INFO  server.GrpcService (GrpcService.java:closeImpl(271)) - 80e255e6-dcb1-4af9-8688-54f332b6f6ae: shutdown server with port 46789 successfully
2021-08-17 14:28:22,760 [b1936a85-842c-4bb9-b894-6bc821990487@group-FC9E8FDBFB7C-SegmentedRaftLogWorker] INFO  segmented.SegmentedRaftLogWorker (SegmentedRaftLogWorker.java:run(327)) - b1936a85-842c-4bb9-b894-6bc821990487@group-FC9E8FDBFB7C-SegmentedRaftLogWorker was interrupted, exiting. There are 0 tasks remaining in the queue.
2021-08-17 14:28:22,760 [org.apache.ratis.util.JvmPauseMonitor$$Lambda$531/236082732@72317cd] INFO  util.JvmPauseMonitor (JvmPauseMonitor.java:run(109)) - JvmPauseMonitor-80e255e6-dcb1-4af9-8688-54f332b6f6ae: Stopped
2021-08-17 14:28:22,761 [Listener at 127.0.0.1/39353] INFO  segmented.SegmentedRaftLogWorker (SegmentedRaftLogWorker.java:close(237)) - b1936a85-842c-4bb9-b894-6bc821990487@group-FC9E8FDBFB7C-SegmentedRaftLogWorker close()
2021-08-17 14:28:22,804 [Listener at 127.0.0.1/39353] INFO  server.RaftServer$Division (RaftServerImpl.java:lambda$close$4(407)) - b1936a85-842c-4bb9-b894-6bc821990487@group-D0B562C6EEF0: shutdown
2021-08-17 14:28:22,807 [Listener at 127.0.0.1/39353] INFO  util.JmxRegister (JmxRegister.java:unregister(73)) - Successfully un-registered JMX Bean with object name Ratis:service=RaftServer,group=group-D0B562C6EEF0,id=b1936a85-842c-4bb9-b894-6bc821990487
2021-08-17 14:28:22,808 [Listener at 127.0.0.1/39353] INFO  impl.RoleInfo (RoleInfo.java:shutdownLeaderState(91)) - b1936a85-842c-4bb9-b894-6bc821990487: shutdown b1936a85-842c-4bb9-b894-6bc821990487@group-D0B562C6EEF0-LeaderStateImpl
2021-08-17 14:28:22,808 [Listener at 127.0.0.1/39353] INFO  impl.PendingRequests (PendingRequests.java:sendNotLeaderResponses(282)) - b1936a85-842c-4bb9-b894-6bc821990487@group-D0B562C6EEF0-PendingRequests: sendNotLeaderResponses
2021-08-17 14:28:22,810 [b1936a85-842c-4bb9-b894-6bc821990487@group-D0B562C6EEF0-StateMachineUpdater] INFO  ratis.ContainerStateMachine (ContainerStateMachine.java:takeSnapshot(293)) - group-D0B562C6EEF0: Taking a snapshot at:(t:1, i:0) file /home/runner/work/ozone/ozone/hadoop-ozone/integration-test/target/test-dir/MiniOzoneClusterImpl-1e0b2984-d7f4-44f4-99c9-a2b226c9d9b8/datanode-1/data/ratis/eef80617-d6e3-4b01-8d33-d0b562c6eef0/sm/snapshot.1_0
2021-08-17 14:28:22,851 [Listener at 127.0.0.1/39353] INFO  impl.StateMachineUpdater (StateMachineUpdater.java:stopAndJoin(149)) - b1936a85-842c-4bb9-b894-6bc821990487@group-D0B562C6EEF0-StateMachineUpdater: set stopIndex = 0
2021-08-17 14:28:22,853 [b1936a85-842c-4bb9-b894-6bc821990487@group-D0B562C6EEF0-StateMachineUpdater] INFO  ratis.ContainerStateMachine (ContainerStateMachine.java:takeSnapshot(304)) - group-D0B562C6EEF0: Finished taking a snapshot at:(t:1, i:0) file:/home/runner/work/ozone/ozone/hadoop-ozone/integration-test/target/test-dir/MiniOzoneClusterImpl-1e0b2984-d7f4-44f4-99c9-a2b226c9d9b8/datanode-1/data/ratis/eef80617-d6e3-4b01-8d33-d0b562c6eef0/sm/snapshot.1_0 took: 31 ms
2021-08-17 14:28:22,854 [b1936a85-842c-4bb9-b894-6bc821990487@group-D0B562C6EEF0-StateMachineUpdater] INFO  impl.StateMachineUpdater (StateMachineUpdater.java:takeSnapshot(281)) - b1936a85-842c-4bb9-b894-6bc821990487@group-D0B562C6EEF0-StateMachineUpdater: Took a snapshot at index 0
2021-08-17 14:28:22,854 [b1936a85-842c-4bb9-b894-6bc821990487@group-D0B562C6EEF0-StateMachineUpdater] INFO  impl.StateMachineUpdater (StateMachineUpdater.java:lambda$new$0(89)) - b1936a85-842c-4bb9-b894-6bc821990487@group-D0B562C6EEF0-StateMachineUpdater: snapshotIndex: updateIncreasingly -1 -> 0
2021-08-17 14:28:22,855 [Listener at 127.0.0.1/39353] INFO  server.RaftServer$Division (ServerState.java:close(419)) - b1936a85-842c-4bb9-b894-6bc821990487@group-D0B562C6EEF0: closes. applyIndex: 0
2021-08-17 14:28:22,861 [b1936a85-842c-4bb9-b894-6bc821990487@group-D0B562C6EEF0-SegmentedRaftLogWorker] INFO  segmented.SegmentedRaftLogWorker (SegmentedRaftLogWorker.java:run(327)) - b1936a85-842c-4bb9-b894-6bc821990487@group-D0B562C6EEF0-SegmentedRaftLogWorker was interrupted, exiting. There are 0 tasks remaining in the queue.
2021-08-17 14:28:22,862 [Listener at 127.0.0.1/39353] INFO  segmented.SegmentedRaftLogWorker (SegmentedRaftLogWorker.java:close(237)) - b1936a85-842c-4bb9-b894-6bc821990487@group-D0B562C6EEF0-SegmentedRaftLogWorker close()
2021-08-17 14:28:22,881 [ForkJoinPool.commonPool-worker-1] INFO  utils.BackgroundService (BackgroundService.java:shutdown(132)) - Shutting down service BlockDeletingService
2021-08-17 14:28:22,881 [Listener at 127.0.0.1/39353] INFO  server.GrpcService (GrpcService.java:closeImpl(262)) - b1936a85-842c-4bb9-b894-6bc821990487: shutdown server with port 46035 now
2021-08-17 14:28:22,900 [grpc-default-executor-3] WARN  server.GrpcServerProtocolService (LogUtils.java:warn(122)) - b1936a85-842c-4bb9-b894-6bc821990487: installSnapshot onError, lastRequest: c43ab16b-06c7-400f-92a3-3c5c2029723f->b1936a85-842c-4bb9-b894-6bc821990487#1-t2,previous=(t:0, i:0),leaderCommit=0,initializing? true,entries: size=1, first=(t:2, i:0), CONFIGURATIONENTRY: org.apache.ratis.thirdparty.io.grpc.StatusRuntimeException: CANCELLED: client cancelled
2021-08-17 14:28:22,938 [grpc-default-executor-1] WARN  server.GrpcLogAppender (LogUtils.java:warn(122)) - c43ab16b-06c7-400f-92a3-3c5c2029723f@group-FC9E8FDBFB7C->b1936a85-842c-4bb9-b894-6bc821990487-AppendLogResponseHandler: Failed appendEntries: org.apache.ratis.thirdparty.io.grpc.StatusRuntimeException: CANCELLED: HTTP/2 error code: CANCEL
Received Rst Stream
2021-08-17 14:28:22,938 [grpc-default-executor-1] WARN  server.GrpcLogAppender (GrpcLogAppender.java:resetClient(111)) - c43ab16b-06c7-400f-92a3-3c5c2029723f@group-FC9E8FDBFB7C->b1936a85-842c-4bb9-b894-6bc821990487-GrpcLogAppender: Leader has not got in touch with Follower c43ab16b-06c7-400f-92a3-3c5c2029723f@group-FC9E8FDBFB7C->b1936a85-842c-4bb9-b894-6bc821990487(c0,m0,n1, attendVote=true, lastRpcSendTime=1333, lastRpcResponseTime=1315) yet, just keep nextIndex unchanged and retry.
2021-08-17 14:28:22,969 [Listener at 127.0.0.1/39353] INFO  server.GrpcService (GrpcService.java:closeImpl(271)) - b1936a85-842c-4bb9-b894-6bc821990487: shutdown server with port 46035 successfully
2021-08-17 14:28:22,969 [org.apache.ratis.util.JvmPauseMonitor$$Lambda$531/236082732@50816a16] INFO  util.JvmPauseMonitor (JvmPauseMonitor.java:run(109)) - JvmPauseMonitor-b1936a85-842c-4bb9-b894-6bc821990487: Stopped
2021-08-17 14:28:23,010 [Listener at 127.0.0.1/39353] INFO  utils.BackgroundService (BackgroundService.java:shutdown(132)) - Shutting down service BlockDeletingService
2021-08-17 14:28:24,238 [grpc-default-executor-1] WARN  server.GrpcLogAppender (LogUtils.java:warn(122)) - c43ab16b-06c7-400f-92a3-3c5c2029723f@group-FC9E8FDBFB7C->80e255e6-dcb1-4af9-8688-54f332b6f6ae-AppendLogResponseHandler: Failed appendEntries: org.apache.ratis.thirdparty.io.grpc.StatusRuntimeException: UNAVAILABLE: io exception
2021-08-17 14:28:24,239 [grpc-default-executor-1] WARN  server.GrpcLogAppender (GrpcLogAppender.java:resetClient(111)) - c43ab16b-06c7-400f-92a3-3c5c2029723f@group-FC9E8FDBFB7C->80e255e6-dcb1-4af9-8688-54f332b6f6ae-GrpcLogAppender: Leader has not got in touch with Follower c43ab16b-06c7-400f-92a3-3c5c2029723f@group-FC9E8FDBFB7C->80e255e6-dcb1-4af9-8688-54f332b6f6ae(c0,m0,n1, attendVote=true, lastRpcSendTime=2514, lastRpcResponseTime=2503) yet, just keep nextIndex unchanged and retry.
2021-08-17 14:28:24,246 [grpc-default-executor-1] WARN  server.GrpcLogAppender (LogUtils.java:warn(122)) - c43ab16b-06c7-400f-92a3-3c5c2029723f@group-FC9E8FDBFB7C->b1936a85-842c-4bb9-b894-6bc821990487-AppendLogResponseHandler: Failed appendEntries: org.apache.ratis.thirdparty.io.grpc.StatusRuntimeException: UNAVAILABLE: io exception
2021-08-17 14:28:24,247 [grpc-default-executor-1] WARN  server.GrpcLogAppender (GrpcLogAppender.java:resetClient(111)) - c43ab16b-06c7-400f-92a3-3c5c2029723f@group-FC9E8FDBFB7C->b1936a85-842c-4bb9-b894-6bc821990487-GrpcLogAppender: Leader has not got in touch with Follower c43ab16b-06c7-400f-92a3-3c5c2029723f@group-FC9E8FDBFB7C->b1936a85-842c-4bb9-b894-6bc821990487(c0,m0,n1, attendVote=true, lastRpcSendTime=0, lastRpcResponseTime=2623) yet, just keep nextIndex unchanged and retry.
2021-08-17 14:28:26,018 [ForkJoinPool.commonPool-worker-1] INFO  statemachine.DatanodeStateMachine (DatanodeStateMachine.java:stopDaemon(515)) - Ozone container server stopped.
2021-08-17 14:28:26,043 [Listener at 127.0.0.1/39353] INFO  statemachine.DatanodeStateMachine (DatanodeStateMachine.java:stopDaemon(515)) - Ozone container server stopped.
2021-08-17 14:28:26,044 [Listener at 127.0.0.1/39353] INFO  handler.ContextHandler (ContextHandler.java:doStop(1153)) - Stopped o.e.j.w.WebAppContext@357fdec4{hddsDatanode,/,null,STOPPED}{jar:file:/home/runner/.m2/repository/org/apache/ozone/hdds-container-service/1.2.0-SNAPSHOT/hdds-container-service-1.2.0-SNAPSHOT.jar!/webapps/hddsDatanode}
2021-08-17 14:28:26,046 [Listener at 127.0.0.1/39353] INFO  server.AbstractConnector (AbstractConnector.java:doStop(381)) - Stopped ServerConnector@8e1572a{HTTP/1.1, (http/1.1)}{0.0.0.0:0}
2021-08-17 14:28:26,046 [Listener at 127.0.0.1/39353] INFO  server.session (HouseKeeper.java:stopScavenging(149)) - node0 Stopped scavenging
2021-08-17 14:28:26,047 [Listener at 127.0.0.1/39353] INFO  handler.ContextHandler (ContextHandler.java:doStop(1153)) - Stopped o.e.j.s.ServletContextHandler@2a8adcc5{static,/static,jar:file:/home/runner/.m2/repository/org/apache/ozone/hdds-container-service/1.2.0-SNAPSHOT/hdds-container-service-1.2.0-SNAPSHOT.jar!/webapps/static,STOPPED}
2021-08-17 14:28:26,047 [Listener at 127.0.0.1/39353] INFO  handler.ContextHandler (ContextHandler.java:doStop(1153)) - Stopped o.e.j.s.ServletContextHandler@103c98b5{logs,/logs,file:///home/runner/work/ozone/ozone/hadoop-ozone/integration-test/target/log,STOPPED}
2021-08-17 14:28:26,090 [ForkJoinPool.commonPool-worker-1] INFO  handler.ContextHandler (ContextHandler.java:doStop(1153)) - Stopped o.e.j.w.WebAppContext@96e3af1{hddsDatanode,/,null,STOPPED}{jar:file:/home/runner/.m2/repository/org/apache/ozone/hdds-container-service/1.2.0-SNAPSHOT/hdds-container-service-1.2.0-SNAPSHOT.jar!/webapps/hddsDatanode}
2021-08-17 14:28:26,091 [ForkJoinPool.commonPool-worker-1] INFO  server.AbstractConnector (AbstractConnector.java:doStop(381)) - Stopped ServerConnector@1ae47086{HTTP/1.1, (http/1.1)}{0.0.0.0:0}
2021-08-17 14:28:26,091 [ForkJoinPool.commonPool-worker-1] INFO  server.session (HouseKeeper.java:stopScavenging(149)) - node0 Stopped scavenging
2021-08-17 14:28:26,096 [ForkJoinPool.commonPool-worker-1] INFO  handler.ContextHandler (ContextHandler.java:doStop(1153)) - Stopped o.e.j.s.ServletContextHandler@7948cce3{static,/static,jar:file:/home/runner/.m2/repository/org/apache/ozone/hdds-container-service/1.2.0-SNAPSHOT/hdds-container-service-1.2.0-SNAPSHOT.jar!/webapps/static,STOPPED}
2021-08-17 14:28:26,099 [ForkJoinPool.commonPool-worker-1] INFO  handler.ContextHandler (ContextHandler.java:doStop(1153)) - Stopped o.e.j.s.ServletContextHandler@3ac36708{logs,/logs,file:///home/runner/work/ozone/ozone/hadoop-ozone/integration-test/target/log,STOPPED}
2021-08-17 14:28:26,761 [grpc-default-executor-1] WARN  server.GrpcLogAppender (LogUtils.java:warn(122)) - c43ab16b-06c7-400f-92a3-3c5c2029723f@group-FC9E8FDBFB7C->b1936a85-842c-4bb9-b894-6bc821990487-AppendLogResponseHandler: Failed appendEntries: org.apache.ratis.thirdparty.io.grpc.StatusRuntimeException: UNAVAILABLE: io exception
2021-08-17 14:28:26,762 [grpc-default-executor-1] WARN  server.GrpcLogAppender (GrpcLogAppender.java:resetClient(111)) - c43ab16b-06c7-400f-92a3-3c5c2029723f@group-FC9E8FDBFB7C->b1936a85-842c-4bb9-b894-6bc821990487-GrpcLogAppender: Leader has not got in touch with Follower c43ab16b-06c7-400f-92a3-3c5c2029723f@group-FC9E8FDBFB7C->b1936a85-842c-4bb9-b894-6bc821990487(c0,m0,n1, attendVote=true, lastRpcSendTime=2516, lastRpcResponseTime=5139) yet, just keep nextIndex unchanged and retry.
2021-08-17 14:28:26,778 [grpc-default-executor-1] WARN  server.GrpcLogAppender (LogUtils.java:warn(122)) - c43ab16b-06c7-400f-92a3-3c5c2029723f@group-FC9E8FDBFB7C->80e255e6-dcb1-4af9-8688-54f332b6f6ae-AppendLogResponseHandler: Failed appendEntries: org.apache.ratis.thirdparty.io.grpc.StatusRuntimeException: UNAVAILABLE: io exception
2021-08-17 14:28:26,778 [grpc-default-executor-1] WARN  server.GrpcLogAppender (GrpcLogAppender.java:resetClient(111)) - c43ab16b-06c7-400f-92a3-3c5c2029723f@group-FC9E8FDBFB7C->80e255e6-dcb1-4af9-8688-54f332b6f6ae-GrpcLogAppender: Leader has not got in touch with Follower c43ab16b-06c7-400f-92a3-3c5c2029723f@group-FC9E8FDBFB7C->80e255e6-dcb1-4af9-8688-54f332b6f6ae(c0,m0,n1, attendVote=true, lastRpcSendTime=0, lastRpcResponseTime=5042) yet, just keep nextIndex unchanged and retry.
2021-08-17 14:28:27,037 [Datanode State Machine Thread - 0] INFO  statemachine.DatanodeStateMachine (DatanodeStateMachine.java:lambda$startDaemon$0(457)) - Ozone container server started.
2021-08-17 14:28:29,286 [grpc-default-executor-1] WARN  server.GrpcLogAppender (LogUtils.java:warn(122)) - c43ab16b-06c7-400f-92a3-3c5c2029723f@group-FC9E8FDBFB7C->b1936a85-842c-4bb9-b894-6bc821990487-AppendLogResponseHandler: Failed appendEntries: org.apache.ratis.thirdparty.io.grpc.StatusRuntimeException: UNAVAILABLE: io exception
2021-08-17 14:28:29,287 [grpc-default-executor-3] WARN  server.GrpcLogAppender (LogUtils.java:warn(122)) - c43ab16b-06c7-400f-92a3-3c5c2029723f@group-FC9E8FDBFB7C->80e255e6-dcb1-4af9-8688-54f332b6f6ae-AppendLogResponseHandler: Failed appendEntries: org.apache.ratis.thirdparty.io.grpc.StatusRuntimeException: UNAVAILABLE: io exception
2021-08-17 14:28:29,288 [grpc-default-executor-3] WARN  server.GrpcLogAppender (GrpcLogAppender.java:resetClient(111)) - c43ab16b-06c7-400f-92a3-3c5c2029723f@group-FC9E8FDBFB7C->80e255e6-dcb1-4af9-8688-54f332b6f6ae-GrpcLogAppender: Leader has not got in touch with Follower c43ab16b-06c7-400f-92a3-3c5c2029723f@group-FC9E8FDBFB7C->80e255e6-dcb1-4af9-8688-54f332b6f6ae(c0,m0,n1, attendVote=true, lastRpcSendTime=2510, lastRpcResponseTime=7552) yet, just keep nextIndex unchanged and retry.
2021-08-17 14:28:29,294 [grpc-default-executor-1] WARN  server.GrpcLogAppender (GrpcLogAppender.java:resetClient(111)) - c43ab16b-06c7-400f-92a3-3c5c2029723f@group-FC9E8FDBFB7C->b1936a85-842c-4bb9-b894-6bc821990487-GrpcLogAppender: Leader has not got in touch with Follower c43ab16b-06c7-400f-92a3-3c5c2029723f@group-FC9E8FDBFB7C->b1936a85-842c-4bb9-b894-6bc821990487(c0,m0,n1, attendVote=true, lastRpcSendTime=2531, lastRpcResponseTime=7670) yet, just keep nextIndex unchanged and retry.
2021-08-17 14:28:29,624 [c43ab16b-06c7-400f-92a3-3c5c2029723f@group-FC9E8FDBFB7C-LeaderStateImpl] WARN  server.RaftServer$Division (LeaderStateImpl.java:checkLeadership(944)) - c43ab16b-06c7-400f-92a3-3c5c2029723f@group-FC9E8FDBFB7C-LeaderStateImpl: Lost leadership on term: 2. Election timeout: 5200ms. In charge for: 15746ms. Conf: 0: [b1936a85-842c-4bb9-b894-6bc821990487|rpc:10.1.0.66:46035|dataStream:|priority:0, c43ab16b-06c7-400f-92a3-3c5c2029723f|rpc:10.1.0.66:41045|dataStream:|priority:1, 80e255e6-dcb1-4af9-8688-54f332b6f6ae|rpc:10.1.0.66:46789|dataStream:|priority:0], old=null
2021-08-17 14:28:29,625 [c43ab16b-06c7-400f-92a3-3c5c2029723f@group-FC9E8FDBFB7C-LeaderStateImpl] WARN  server.RaftServer$Division (LeaderStateImpl.java:lambda$checkLeadership$15(948)) - Follower c43ab16b-06c7-400f-92a3-3c5c2029723f@group-FC9E8FDBFB7C->b1936a85-842c-4bb9-b894-6bc821990487(c0,m0,n1, attendVote=true, lastRpcSendTime=331, lastRpcResponseTime=8002)
2021-08-17 14:28:29,625 [c43ab16b-06c7-400f-92a3-3c5c2029723f@group-FC9E8FDBFB7C-LeaderStateImpl] WARN  server.RaftServer$Division (LeaderStateImpl.java:lambda$checkLeadership$15(948)) - Follower c43ab16b-06c7-400f-92a3-3c5c2029723f@group-FC9E8FDBFB7C->80e255e6-dcb1-4af9-8688-54f332b6f6ae(c0,m0,n1, attendVote=true, lastRpcSendTime=336, lastRpcResponseTime=7889)
2021-08-17 14:28:29,625 [c43ab16b-06c7-400f-92a3-3c5c2029723f@group-FC9E8FDBFB7C-LeaderStateImpl] INFO  server.RaftServer$Division (RaftServerImpl.java:setRole(285)) - c43ab16b-06c7-400f-92a3-3c5c2029723f@group-FC9E8FDBFB7C: changes role from    LEADER to FOLLOWER at term 2 for StepDownReason:LOST_MAJORITY_HEARTBEATS
2021-08-17 14:28:29,625 [c43ab16b-06c7-400f-92a3-3c5c2029723f@group-FC9E8FDBFB7C-LeaderStateImpl] INFO  impl.RoleInfo (RoleInfo.java:shutdownLeaderState(91)) - c43ab16b-06c7-400f-92a3-3c5c2029723f: shutdown c43ab16b-06c7-400f-92a3-3c5c2029723f@group-FC9E8FDBFB7C-LeaderStateImpl
2021-08-17 14:28:29,626 [c43ab16b-06c7-400f-92a3-3c5c2029723f@group-FC9E8FDBFB7C-LeaderStateImpl] INFO  impl.PendingRequests (PendingRequests.java:sendNotLeaderResponses(282)) - c43ab16b-06c7-400f-92a3-3c5c2029723f@group-FC9E8FDBFB7C-PendingRequests: sendNotLeaderResponses
2021-08-17 14:28:29,627 [c43ab16b-06c7-400f-92a3-3c5c2029723f@group-FC9E8FDBFB7C-LeaderStateImpl] INFO  impl.RoleInfo (RoleInfo.java:updateAndGet(130)) - c43ab16b-06c7-400f-92a3-3c5c2029723f: start c43ab16b-06c7-400f-92a3-3c5c2029723f@group-FC9E8FDBFB7C-FollowerState
2021-08-17 14:28:31,055 [Listener at 127.0.0.1/39353] INFO  ozoneimpl.OzoneContainer (OzoneContainer.java:stop(326)) - Attempting to stop container services.
2021-08-17 14:28:31,056 [Listener at 127.0.0.1/39353] INFO  server.RaftServer (RaftServerProxy.java:lambda$close$6(391)) - c43ab16b-06c7-400f-92a3-3c5c2029723f: close
2021-08-17 14:28:31,062 [Listener at 127.0.0.1/39353] INFO  server.RaftServer$Division (RaftServerImpl.java:lambda$close$4(407)) - c43ab16b-06c7-400f-92a3-3c5c2029723f@group-9463E0C8C45D: shutdown
2021-08-17 14:28:31,062 [Listener at 127.0.0.1/39353] INFO  util.JmxRegister (JmxRegister.java:unregister(73)) - Successfully un-registered JMX Bean with object name Ratis:service=RaftServer,group=group-9463E0C8C45D,id=c43ab16b-06c7-400f-92a3-3c5c2029723f
2021-08-17 14:28:31,062 [Listener at 127.0.0.1/39353] INFO  impl.RoleInfo (RoleInfo.java:shutdownLeaderState(91)) - c43ab16b-06c7-400f-92a3-3c5c2029723f: shutdown c43ab16b-06c7-400f-92a3-3c5c2029723f@group-9463E0C8C45D-LeaderStateImpl
2021-08-17 14:28:31,063 [Listener at 127.0.0.1/39353] INFO  impl.PendingRequests (PendingRequests.java:sendNotLeaderResponses(282)) - c43ab16b-06c7-400f-92a3-3c5c2029723f@group-9463E0C8C45D-PendingRequests: sendNotLeaderResponses
2021-08-17 14:28:31,063 [Listener at 127.0.0.1/39353] INFO  impl.StateMachineUpdater (StateMachineUpdater.java:stopAndJoin(149)) - c43ab16b-06c7-400f-92a3-3c5c2029723f@group-9463E0C8C45D-StateMachineUpdater: set stopIndex = 0
2021-08-17 14:28:31,069 [c43ab16b-06c7-400f-92a3-3c5c2029723f@group-9463E0C8C45D-StateMachineUpdater] INFO  ratis.ContainerStateMachine (ContainerStateMachine.java:takeSnapshot(293)) - group-9463E0C8C45D: Taking a snapshot at:(t:1, i:0) file /home/runner/work/ozone/ozone/hadoop-ozone/integration-test/target/test-dir/MiniOzoneClusterImpl-1e0b2984-d7f4-44f4-99c9-a2b226c9d9b8/datanode-2/data/ratis/b3bfa8d7-a080-4f1f-bf6b-9463e0c8c45d/sm/snapshot.1_0
2021-08-17 14:28:31,073 [c43ab16b-06c7-400f-92a3-3c5c2029723f@group-9463E0C8C45D-StateMachineUpdater] INFO  ratis.ContainerStateMachine (ContainerStateMachine.java:takeSnapshot(304)) - group-9463E0C8C45D: Finished taking a snapshot at:(t:1, i:0) file:/home/runner/work/ozone/ozone/hadoop-ozone/integration-test/target/test-dir/MiniOzoneClusterImpl-1e0b2984-d7f4-44f4-99c9-a2b226c9d9b8/datanode-2/data/ratis/b3bfa8d7-a080-4f1f-bf6b-9463e0c8c45d/sm/snapshot.1_0 took: 4 ms
2021-08-17 14:28:31,073 [c43ab16b-06c7-400f-92a3-3c5c2029723f@group-9463E0C8C45D-StateMachineUpdater] INFO  impl.StateMachineUpdater (StateMachineUpdater.java:takeSnapshot(281)) - c43ab16b-06c7-400f-92a3-3c5c2029723f@group-9463E0C8C45D-StateMachineUpdater: Took a snapshot at index 0
2021-08-17 14:28:31,073 [c43ab16b-06c7-400f-92a3-3c5c2029723f@group-9463E0C8C45D-StateMachineUpdater] INFO  impl.StateMachineUpdater (StateMachineUpdater.java:lambda$new$0(89)) - c43ab16b-06c7-400f-92a3-3c5c2029723f@group-9463E0C8C45D-StateMachineUpdater: snapshotIndex: updateIncreasingly -1 -> 0
2021-08-17 14:28:31,074 [Listener at 127.0.0.1/39353] INFO  server.RaftServer$Division (ServerState.java:close(419)) - c43ab16b-06c7-400f-92a3-3c5c2029723f@group-9463E0C8C45D: closes. applyIndex: 0
2021-08-17 14:28:31,077 [c43ab16b-06c7-400f-92a3-3c5c2029723f@group-9463E0C8C45D-SegmentedRaftLogWorker] INFO  segmented.SegmentedRaftLogWorker (SegmentedRaftLogWorker.java:run(327)) - c43ab16b-06c7-400f-92a3-3c5c2029723f@group-9463E0C8C45D-SegmentedRaftLogWorker was interrupted, exiting. There are 0 tasks remaining in the queue.
2021-08-17 14:28:31,078 [Listener at 127.0.0.1/39353] INFO  segmented.SegmentedRaftLogWorker (SegmentedRaftLogWorker.java:close(237)) - c43ab16b-06c7-400f-92a3-3c5c2029723f@group-9463E0C8C45D-SegmentedRaftLogWorker close()
2021-08-17 14:28:31,079 [Listener at 127.0.0.1/39353] INFO  server.RaftServer$Division (RaftServerImpl.java:lambda$close$4(407)) - c43ab16b-06c7-400f-92a3-3c5c2029723f@group-FC9E8FDBFB7C: shutdown
2021-08-17 14:28:31,079 [Listener at 127.0.0.1/39353] INFO  util.JmxRegister (JmxRegister.java:unregister(73)) - Successfully un-registered JMX Bean with object name Ratis:service=RaftServer,group=group-FC9E8FDBFB7C,id=c43ab16b-06c7-400f-92a3-3c5c2029723f
2021-08-17 14:28:31,079 [Listener at 127.0.0.1/39353] INFO  impl.RoleInfo (RoleInfo.java:shutdownFollowerState(108)) - c43ab16b-06c7-400f-92a3-3c5c2029723f: shutdown c43ab16b-06c7-400f-92a3-3c5c2029723f@group-FC9E8FDBFB7C-FollowerState
2021-08-17 14:28:31,079 [Listener at 127.0.0.1/39353] INFO  impl.StateMachineUpdater (StateMachineUpdater.java:stopAndJoin(149)) - c43ab16b-06c7-400f-92a3-3c5c2029723f@group-FC9E8FDBFB7C-StateMachineUpdater: set stopIndex = 0
2021-08-17 14:28:31,080 [c43ab16b-06c7-400f-92a3-3c5c2029723f@group-FC9E8FDBFB7C-FollowerState] INFO  impl.FollowerState (FollowerState.java:run(143)) - c43ab16b-06c7-400f-92a3-3c5c2029723f@group-FC9E8FDBFB7C-FollowerState was interrupted: {}
java.lang.InterruptedException: sleep interrupted
	at java.lang.Thread.sleep(Native Method)
	at java.lang.Thread.sleep(Thread.java:340)
	at java.util.concurrent.TimeUnit.sleep(TimeUnit.java:386)
	at org.apache.ratis.util.TimeDuration.sleep(TimeDuration.java:324)
	at org.apache.ratis.util.TimeDuration.sleep(TimeDuration.java:309)
	at org.apache.ratis.server.impl.FollowerState.run(FollowerState.java:118)
2021-08-17 14:28:31,080 [c43ab16b-06c7-400f-92a3-3c5c2029723f@group-FC9E8FDBFB7C-StateMachineUpdater] INFO  ratis.ContainerStateMachine (ContainerStateMachine.java:takeSnapshot(293)) - group-FC9E8FDBFB7C: Taking a snapshot at:(t:2, i:0) file /home/runner/work/ozone/ozone/hadoop-ozone/integration-test/target/test-dir/MiniOzoneClusterImpl-1e0b2984-d7f4-44f4-99c9-a2b226c9d9b8/datanode-2/data/ratis/e74103e6-9fd1-4c82-a3d0-fc9e8fdbfb7c/sm/snapshot.2_0
2021-08-17 14:28:31,101 [c43ab16b-06c7-400f-92a3-3c5c2029723f@group-FC9E8FDBFB7C-StateMachineUpdater] INFO  ratis.ContainerStateMachine (ContainerStateMachine.java:takeSnapshot(304)) - group-FC9E8FDBFB7C: Finished taking a snapshot at:(t:2, i:0) file:/home/runner/work/ozone/ozone/hadoop-ozone/integration-test/target/test-dir/MiniOzoneClusterImpl-1e0b2984-d7f4-44f4-99c9-a2b226c9d9b8/datanode-2/data/ratis/e74103e6-9fd1-4c82-a3d0-fc9e8fdbfb7c/sm/snapshot.2_0 took: 16 ms
2021-08-17 14:28:31,102 [c43ab16b-06c7-400f-92a3-3c5c2029723f@group-FC9E8FDBFB7C-StateMachineUpdater] INFO  impl.StateMachineUpdater (StateMachineUpdater.java:takeSnapshot(281)) - c43ab16b-06c7-400f-92a3-3c5c2029723f@group-FC9E8FDBFB7C-StateMachineUpdater: Took a snapshot at index 0
2021-08-17 14:28:31,102 [c43ab16b-06c7-400f-92a3-3c5c2029723f@group-FC9E8FDBFB7C-StateMachineUpdater] INFO  impl.StateMachineUpdater (StateMachineUpdater.java:lambda$new$0(89)) - c43ab16b-06c7-400f-92a3-3c5c2029723f@group-FC9E8FDBFB7C-StateMachineUpdater: snapshotIndex: updateIncreasingly -1 -> 0
2021-08-17 14:28:31,102 [Listener at 127.0.0.1/39353] INFO  server.RaftServer$Division (ServerState.java:close(419)) - c43ab16b-06c7-400f-92a3-3c5c2029723f@group-FC9E8FDBFB7C: closes. applyIndex: 0
2021-08-17 14:28:31,102 [c43ab16b-06c7-400f-92a3-3c5c2029723f@group-FC9E8FDBFB7C-SegmentedRaftLogWorker] INFO  segmented.SegmentedRaftLogWorker (SegmentedRaftLogWorker.java:run(327)) - c43ab16b-06c7-400f-92a3-3c5c2029723f@group-FC9E8FDBFB7C-SegmentedRaftLogWorker was interrupted, exiting. There are 0 tasks remaining in the queue.
2021-08-17 14:28:31,104 [Listener at 127.0.0.1/39353] INFO  segmented.SegmentedRaftLogWorker (SegmentedRaftLogWorker.java:close(237)) - c43ab16b-06c7-400f-92a3-3c5c2029723f@group-FC9E8FDBFB7C-SegmentedRaftLogWorker close()
2021-08-17 14:28:31,112 [Listener at 127.0.0.1/39353] INFO  server.GrpcService (GrpcService.java:closeImpl(262)) - c43ab16b-06c7-400f-92a3-3c5c2029723f: shutdown server with port 41045 now
2021-08-17 14:28:31,122 [Listener at 127.0.0.1/39353] INFO  server.GrpcService (GrpcService.java:closeImpl(271)) - c43ab16b-06c7-400f-92a3-3c5c2029723f: shutdown server with port 41045 successfully
2021-08-17 14:28:31,125 [org.apache.ratis.util.JvmPauseMonitor$$Lambda$531/236082732@5896b4d6] INFO  util.JvmPauseMonitor (JvmPauseMonitor.java:run(109)) - JvmPauseMonitor-c43ab16b-06c7-400f-92a3-3c5c2029723f: Stopped
2021-08-17 14:28:31,138 [Listener at 127.0.0.1/39353] INFO  utils.BackgroundService (BackgroundService.java:shutdown(132)) - Shutting down service BlockDeletingService
2021-08-17 14:28:34,153 [Listener at 127.0.0.1/39353] INFO  statemachine.DatanodeStateMachine (DatanodeStateMachine.java:stopDaemon(515)) - Ozone container server stopped.
2021-08-17 14:28:34,155 [Listener at 127.0.0.1/39353] INFO  handler.ContextHandler (ContextHandler.java:doStop(1153)) - Stopped o.e.j.w.WebAppContext@4f6a165d{hddsDatanode,/,null,STOPPED}{jar:file:/home/runner/.m2/repository/org/apache/ozone/hdds-container-service/1.2.0-SNAPSHOT/hdds-container-service-1.2.0-SNAPSHOT.jar!/webapps/hddsDatanode}
2021-08-17 14:28:34,156 [Listener at 127.0.0.1/39353] INFO  server.AbstractConnector (AbstractConnector.java:doStop(381)) - Stopped ServerConnector@7b0bb181{HTTP/1.1, (http/1.1)}{0.0.0.0:0}
2021-08-17 14:28:34,156 [Listener at 127.0.0.1/39353] INFO  server.session (HouseKeeper.java:stopScavenging(149)) - node0 Stopped scavenging
2021-08-17 14:28:34,157 [Listener at 127.0.0.1/39353] INFO  handler.ContextHandler (ContextHandler.java:doStop(1153)) - Stopped o.e.j.s.ServletContextHandler@7ffceae9{static,/static,jar:file:/home/runner/.m2/repository/org/apache/ozone/hdds-container-service/1.2.0-SNAPSHOT/hdds-container-service-1.2.0-SNAPSHOT.jar!/webapps/static,STOPPED}
2021-08-17 14:28:34,157 [Listener at 127.0.0.1/39353] INFO  handler.ContextHandler (ContextHandler.java:doStop(1153)) - Stopped o.e.j.s.ServletContextHandler@594993ad{logs,/logs,file:///home/runner/work/ozone/ozone/hadoop-ozone/integration-test/target/log,STOPPED}
2021-08-17 14:28:34,160 [Listener at 127.0.0.1/39353] INFO  ozone.MiniOzoneClusterImpl (MiniOzoneClusterImpl.java:stopSCM(542)) - Stopping the StorageContainerManager
2021-08-17 14:28:34,160 [Listener at 127.0.0.1/39353] INFO  server.StorageContainerManager (StorageContainerManager.java:stop(1343)) - Stopping Container Balancer service.
2021-08-17 14:28:34,160 [Listener at 127.0.0.1/39353] INFO  balancer.ContainerBalancer (ContainerBalancer.java:stop(720)) - Container Balancer is not running.
2021-08-17 14:28:34,160 [Listener at 127.0.0.1/39353] INFO  server.StorageContainerManager (StorageContainerManager.java:stop(1350)) - Stopping Replication Manager Service.
2021-08-17 14:28:34,160 [Listener at 127.0.0.1/39353] INFO  container.ReplicationManager (ReplicationManager.java:stop(338)) - Stopping Replication Monitor Thread.
2021-08-17 14:28:34,160 [Listener at 127.0.0.1/39353] INFO  server.StorageContainerManager (StorageContainerManager.java:stop(1357)) - Stopping the Datanode Admin Monitor.
2021-08-17 14:28:34,160 [Listener at 127.0.0.1/39353] INFO  server.StorageContainerManager (StorageContainerManager.java:stop(1364)) - Stopping Lease Manager of the command watchers
2021-08-17 14:28:34,161 [Listener at 127.0.0.1/39353] INFO  server.StorageContainerManager (StorageContainerManager.java:stop(1371)) - Stopping datanode service RPC server
2021-08-17 14:28:34,161 [Listener at 127.0.0.1/39353] INFO  server.SCMDatanodeProtocolServer (SCMDatanodeProtocolServer.java:stop(389)) - Stopping the RPC server for DataNodes
2021-08-17 14:28:34,161 [Listener at 127.0.0.1/39353] INFO  ipc.Server (Server.java:stop(3414)) - Stopping server on 39907
2021-08-17 14:28:34,163 [IPC Server listener on 0] INFO  ipc.Server (Server.java:run(1376)) - Stopping IPC Server listener on 0
2021-08-17 14:28:34,182 [IPC Server Responder] INFO  ipc.Server (Server.java:run(1512)) - Stopping IPC Server Responder
2021-08-17 14:28:34,231 [SCM Heartbeat Processing Thread - 0] WARN  node.NodeStateManager (NodeStateManager.java:scheduleNextHealthCheck(799)) - Current Thread is interrupted, shutting down HB processing thread for Node Manager.
2021-08-17 14:28:34,232 [Listener at 127.0.0.1/39353] INFO  server.StorageContainerManager (StorageContainerManager.java:stop(1379)) - Stopping block service RPC server
2021-08-17 14:28:34,232 [Listener at 127.0.0.1/39353] INFO  server.SCMBlockProtocolServer (SCMBlockProtocolServer.java:stop(160)) - Stopping the RPC server for Block Protocol
2021-08-17 14:28:34,232 [Listener at 127.0.0.1/39353] INFO  ipc.Server (Server.java:stop(3414)) - Stopping server on 43387
2021-08-17 14:28:34,237 [Listener at 127.0.0.1/39353] INFO  server.StorageContainerManager (StorageContainerManager.java:stop(1386)) - Stopping the StorageContainerLocationProtocol RPC server
2021-08-17 14:28:34,238 [Listener at 127.0.0.1/39353] INFO  server.SCMClientProtocolServer (SCMClientProtocolServer.java:stop(173)) - Stopping the RPC server for Client Protocol
2021-08-17 14:28:34,238 [Listener at 127.0.0.1/39353] INFO  ipc.Server (Server.java:stop(3414)) - Stopping server on 41569
2021-08-17 14:28:34,238 [IPC Server Responder] INFO  ipc.Server (Server.java:run(1512)) - Stopping IPC Server Responder
2021-08-17 14:28:34,241 [IPC Server listener on 0] INFO  ipc.Server (Server.java:run(1376)) - Stopping IPC Server listener on 0
2021-08-17 14:28:34,271 [IPC Server listener on 0] INFO  ipc.Server (Server.java:run(1376)) - Stopping IPC Server listener on 0
2021-08-17 14:28:34,290 [Listener at 127.0.0.1/39353] INFO  server.StorageContainerManager (StorageContainerManager.java:stop(1393)) - Stopping Storage Container Manager HTTP server.
2021-08-17 14:28:34,290 [Listener at 127.0.0.1/39353] INFO  handler.ContextHandler (ContextHandler.java:doStop(1153)) - Stopped o.e.j.w.WebAppContext@28a87751{scm,/,null,STOPPED}{file:/home/runner/work/ozone/ozone/hadoop-ozone/integration-test/target/test-classes/webapps/scm}
2021-08-17 14:28:34,291 [IPC Server Responder] INFO  ipc.Server (Server.java:run(1512)) - Stopping IPC Server Responder
2021-08-17 14:28:34,291 [Listener at 127.0.0.1/39353] INFO  server.AbstractConnector (AbstractConnector.java:doStop(381)) - Stopped ServerConnector@4c0e8f2a{HTTP/1.1, (http/1.1)}{0.0.0.0:0}
2021-08-17 14:28:34,291 [Listener at 127.0.0.1/39353] INFO  server.session (HouseKeeper.java:stopScavenging(149)) - node0 Stopped scavenging
2021-08-17 14:28:34,292 [Listener at 127.0.0.1/39353] INFO  handler.ContextHandler (ContextHandler.java:doStop(1153)) - Stopped o.e.j.s.ServletContextHandler@592f2e4d{static,/static,file:///home/runner/work/ozone/ozone/hadoop-ozone/integration-test/target/test-classes/webapps/static,STOPPED}
2021-08-17 14:28:34,292 [Listener at 127.0.0.1/39353] INFO  handler.ContextHandler (ContextHandler.java:doStop(1153)) - Stopped o.e.j.s.ServletContextHandler@4e1f1095{logs,/logs,file:///home/runner/work/ozone/ozone/hadoop-ozone/integration-test/target/log,STOPPED}
2021-08-17 14:28:34,297 [Listener at 127.0.0.1/39353] INFO  server.StorageContainerManager (StorageContainerManager.java:stop(1404)) - Stopping Block Manager Service.
2021-08-17 14:28:34,297 [Listener at 127.0.0.1/39353] INFO  utils.BackgroundService (BackgroundService.java:shutdown(132)) - Shutting down service SCMBlockDeletingService
2021-08-17 14:28:34,301 [Listener at 127.0.0.1/39353] INFO  utils.BackgroundService (BackgroundService.java:shutdown(132)) - Shutting down service SCMBlockDeletingService
2021-08-17 14:28:34,318 [Listener at 127.0.0.1/39353] INFO  server.StorageContainerManager (StorageContainerManager.java:stop(1431)) - Stopping SCM Event Queue.
2021-08-17 14:28:34,329 [Listener at 127.0.0.1/39353] INFO  server.StorageContainerManager (StorageContainerManager.java:stop(1442)) - Stopping SCM HA services.
2021-08-17 14:28:34,330 [Listener at 127.0.0.1/39353] INFO  pipeline.BackgroundPipelineCreator (BackgroundPipelineCreatorV2.java:stop(158)) - Stopping RatisPipelineUtilsThread.
2021-08-17 14:28:34,330 [Listener at 127.0.0.1/39353] INFO  server.StorageContainerManager (StorageContainerManager.java:stop(1452)) - Stopping SCM MetadataStore.
2021-08-17 14:28:34,331 [Listener at 127.0.0.1/39353] INFO  impl.MetricsSystemImpl (MetricsSystemImpl.java:stop(210)) - Stopping HddsDatanode metrics system...
2021-08-17 14:28:34,378 [prometheus] INFO  impl.MetricsSinkAdapter (MetricsSinkAdapter.java:publishMetricsFromQueue(141)) - prometheus thread interrupted.
2021-08-17 14:28:34,379 [Listener at 127.0.0.1/39353] INFO  impl.MetricsSystemImpl (MetricsSystemImpl.java:stop(216)) - HddsDatanode metrics system stopped.
]]></system-out>
  </testcase>
</testsuite>