<?xml version="1.0" encoding="UTF-8"?>
<testsuite xmlns:xsi="http://www.w3.org/2001/XMLSchema-instance" xsi:noNamespaceSchemaLocation="https://maven.apache.org/surefire/maven-surefire-plugin/xsd/surefire-test-report-3.0.xsd" version="3.0" name="org.apache.hadoop.ozone.om.TestOzoneManagerPrepare" time="194.861" tests="1" errors="1" skipped="0" failures="0">
  <properties>
    <property name="awt.toolkit" value="sun.awt.X11.XToolkit"/>
    <property name="file.encoding.pkg" value="sun.io"/>
    <property name="java.specification.version" value="1.8"/>
    <property name="sun.cpu.isalist" value=""/>
    <property name="sun.jnu.encoding" value="UTF-8"/>
    <property name="java.class.path" value="/home/runner/work/ozone/ozone/hadoop-ozone/integration-test/target/test-classes:/home/runner/work/ozone/ozone/hadoop-ozone/integration-test/target/classes:/home/runner/.m2/repository/org/apache/ozone/ozone-common/1.3.0-SNAPSHOT/ozone-common-1.3.0-SNAPSHOT.jar:/home/runner/.m2/repository/io/grpc/grpc-netty/1.38.0/grpc-netty-1.38.0.jar:/home/runner/.m2/repository/io/grpc/grpc-core/1.38.0/grpc-core-1.38.0.jar:/home/runner/.m2/repository/com/google/android/annotations/4.1.1.4/annotations-4.1.1.4.jar:/home/runner/.m2/repository/com/google/errorprone/error_prone_annotations/2.2.0/error_prone_annotations-2.2.0.jar:/home/runner/.m2/repository/io/perfmark/perfmark-api/0.23.0/perfmark-api-0.23.0.jar:/home/runner/.m2/repository/org/codehaus/mojo/animal-sniffer-annotations/1.19/animal-sniffer-annotations-1.19.jar:/home/runner/.m2/repository/com/google/code/findbugs/jsr305/3.0.0/jsr305-3.0.0.jar:/home/runner/.m2/repository/io/netty/netty-codec-http2/4.1.63.Final/netty-codec-http2-4.1.63.Final.jar:/home/runner/.m2/repository/io/netty/netty-common/4.1.63.Final/netty-common-4.1.63.Final.jar:/home/runner/.m2/repository/io/netty/netty-buffer/4.1.63.Final/netty-buffer-4.1.63.Final.jar:/home/runner/.m2/repository/io/netty/netty-codec-http/4.1.63.Final/netty-codec-http-4.1.63.Final.jar:/home/runner/.m2/repository/io/netty/netty-handler-proxy/4.1.63.Final/netty-handler-proxy-4.1.63.Final.jar:/home/runner/.m2/repository/io/netty/netty-codec-socks/4.1.63.Final/netty-codec-socks-4.1.63.Final.jar:/home/runner/.m2/repository/io/netty/netty-tcnative-boringssl-static/2.0.38.Final/netty-tcnative-boringssl-static-2.0.38.Final.jar:/home/runner/.m2/repository/io/netty/netty-tcnative/2.0.38.Final/netty-tcnative-2.0.38.Final.jar:/home/runner/.m2/repository/org/apache/commons/commons-compress/1.21/commons-compress-1.21.jar:/home/runner/.m2/repository/org/apache/ozone/hdds-common/1.3.0-SNAPSHOT/hdds-common-1.3.0-SNAPSHOT.jar:/home/runner/.m2/repository/org/apache/ozone/hdds-client/1.3.0-SNAPSHOT/hdds-client-1.3.0-SNAPSHOT.jar:/home/runner/.m2/repository/org/apache/ozone/ozone-interface-client/1.3.0-SNAPSHOT/ozone-interface-client-1.3.0-SNAPSHOT.jar:/home/runner/.m2/repository/org/apache/ozone/hdds-test-utils/1.3.0-SNAPSHOT/hdds-test-utils-1.3.0-SNAPSHOT.jar:/home/runner/.m2/repository/com/google/guava/guava/30.1.1-jre/guava-30.1.1-jre.jar:/home/runner/.m2/repository/com/google/guava/failureaccess/1.0.1/failureaccess-1.0.1.jar:/home/runner/.m2/repository/com/google/guava/listenablefuture/9999.0-empty-to-avoid-conflict-with-guava/listenablefuture-9999.0-empty-to-avoid-conflict-with-guava.jar:/home/runner/.m2/repository/org/checkerframework/checker-qual/3.8.0/checker-qual-3.8.0.jar:/home/runner/.m2/repository/com/google/j2objc/j2objc-annotations/1.3/j2objc-annotations-1.3.jar:/home/runner/.m2/repository/commons-io/commons-io/2.11.0/commons-io-2.11.0.jar:/home/runner/.m2/repository/commons-logging/commons-logging/1.2/commons-logging-1.2.jar:/home/runner/.m2/repository/log4j/log4j/1.2.17/log4j-1.2.17.jar:/home/runner/.m2/repository/org/slf4j/slf4j-api/1.7.30/slf4j-api-1.7.30.jar:/home/runner/.m2/repository/org/apache/ozone/hdds-server-scm/1.3.0-SNAPSHOT/hdds-server-scm-1.3.0-SNAPSHOT.jar:/home/runner/.m2/repository/org/apache/ozone/hdds-container-service/1.3.0-SNAPSHOT/hdds-container-service-1.3.0-SNAPSHOT.jar:/home/runner/.m2/repository/org/apache/ozone/hdds-hadoop-dependency-server/1.3.0-SNAPSHOT/hdds-hadoop-dependency-server-1.3.0-SNAPSHOT.jar:/home/runner/.m2/repository/org/apache/hadoop/hadoop-hdfs/3.3.1/hadoop-hdfs-3.3.1.jar:/home/runner/.m2/repository/org/apache/ozone/hdds-server-framework/1.3.0-SNAPSHOT/hdds-server-framework-1.3.0-SNAPSHOT.jar:/home/runner/.m2/repository/org/apache/ozone/hdds-interface-server/1.3.0-SNAPSHOT/hdds-interface-server-1.3.0-SNAPSHOT.jar:/home/runner/.m2/repository/org/apache/logging/log4j/log4j-core/2.17.1/log4j-core-2.17.1.jar:/home/runner/.m2/repository/com/lmax/disruptor/3.4.2/disruptor-3.4.2.jar:/home/runner/.m2/repository/org/eclipse/jetty/jetty-servlet/9.4.43.v20210629/jetty-servlet-9.4.43.v20210629.jar:/home/runner/.m2/repository/org/eclipse/jetty/jetty-security/9.4.43.v20210629/jetty-security-9.4.43.v20210629.jar:/home/runner/.m2/repository/org/rocksdb/rocksdbjni/7.0.4/rocksdbjni-7.0.4.jar:/home/runner/.m2/repository/io/prometheus/simpleclient_dropwizard/0.7.0/simpleclient_dropwizard-0.7.0.jar:/home/runner/.m2/repository/io/prometheus/simpleclient/0.7.0/simpleclient-0.7.0.jar:/home/runner/.m2/repository/io/prometheus/simpleclient_common/0.7.0/simpleclient_common-0.7.0.jar:/home/runner/.m2/repository/io/dropwizard/metrics/metrics-core/3.2.4/metrics-core-3.2.4.jar:/home/runner/.m2/repository/org/apache/hadoop/hadoop-hdfs-client/3.3.1/hadoop-hdfs-client-3.3.1.jar:/home/runner/.m2/repository/org/bouncycastle/bcprov-jdk15on/1.67/bcprov-jdk15on-1.67.jar:/home/runner/.m2/repository/com/google/protobuf/protobuf-java/2.5.0/protobuf-java-2.5.0.jar:/home/runner/.m2/repository/org/apache/ozone/ozone-manager/1.3.0-SNAPSHOT/ozone-manager-1.3.0-SNAPSHOT.jar:/home/runner/.m2/repository/org/aspectj/aspectjrt/1.9.7/aspectjrt-1.9.7.jar:/home/runner/.m2/repository/org/aspectj/aspectjweaver/1.9.7/aspectjweaver-1.9.7.jar:/home/runner/.m2/repository/org/apache/ozone/hdds-interface-client/1.3.0-SNAPSHOT/hdds-interface-client-1.3.0-SNAPSHOT.jar:/home/runner/.m2/repository/org/apache/hadoop/thirdparty/hadoop-shaded-protobuf_3_7/1.1.1/hadoop-shaded-protobuf_3_7-1.1.1.jar:/home/runner/.m2/repository/org/apache/ozone/ozone-interface-storage/1.3.0-SNAPSHOT/ozone-interface-storage-1.3.0-SNAPSHOT.jar:/home/runner/.m2/repository/org/reflections/reflections/0.9.11/reflections-0.9.11.jar:/home/runner/.m2/repository/org/apache/hadoop/hadoop-minikdc/3.3.1/hadoop-minikdc-3.3.1.jar:/home/runner/.m2/repository/org/apache/kerby/kerb-simplekdc/1.0.1/kerb-simplekdc-1.0.1.jar:/home/runner/.m2/repository/org/apache/kerby/kerb-client/1.0.1/kerb-client-1.0.1.jar:/home/runner/.m2/repository/org/apache/kerby/kerby-config/1.0.1/kerby-config-1.0.1.jar:/home/runner/.m2/repository/org/apache/kerby/kerb-common/1.0.1/kerb-common-1.0.1.jar:/home/runner/.m2/repository/org/apache/kerby/kerb-crypto/1.0.1/kerb-crypto-1.0.1.jar:/home/runner/.m2/repository/org/apache/kerby/kerb-util/1.0.1/kerb-util-1.0.1.jar:/home/runner/.m2/repository/org/apache/kerby/token-provider/1.0.1/token-provider-1.0.1.jar:/home/runner/.m2/repository/org/apache/kerby/kerb-admin/1.0.1/kerb-admin-1.0.1.jar:/home/runner/.m2/repository/org/apache/kerby/kerb-server/1.0.1/kerb-server-1.0.1.jar:/home/runner/.m2/repository/org/apache/kerby/kerb-identity/1.0.1/kerb-identity-1.0.1.jar:/home/runner/.m2/repository/org/apache/kerby/kerby-xdr/1.0.1/kerby-xdr-1.0.1.jar:/home/runner/.m2/repository/org/slf4j/slf4j-log4j12/1.7.30/slf4j-log4j12-1.7.30.jar:/home/runner/.m2/repository/org/apache/ozone/ozone-s3gateway/1.3.0-SNAPSHOT/ozone-s3gateway-1.3.0-SNAPSHOT.jar:/home/runner/.m2/repository/org/javassist/javassist/3.21.0-GA/javassist-3.21.0-GA.jar:/home/runner/.m2/repository/org/jboss/weld/servlet/weld-servlet/2.4.7.Final/weld-servlet-2.4.7.Final.jar:/home/runner/.m2/repository/org/glassfish/jersey/containers/jersey-container-servlet-core/2.33/jersey-container-servlet-core-2.33.jar:/home/runner/.m2/repository/org/glassfish/hk2/external/jakarta.inject/2.6.1/jakarta.inject-2.6.1.jar:/home/runner/.m2/repository/org/glassfish/jersey/core/jersey-common/2.33/jersey-common-2.33.jar:/home/runner/.m2/repository/jakarta/ws/rs/jakarta.ws.rs-api/2.1.6/jakarta.ws.rs-api-2.1.6.jar:/home/runner/.m2/repository/org/glassfish/jersey/ext/cdi/jersey-cdi1x/2.33/jersey-cdi1x-2.33.jar:/home/runner/.m2/repository/org/glassfish/jersey/inject/jersey-hk2/2.33/jersey-hk2-2.33.jar:/home/runner/.m2/repository/org/glassfish/hk2/hk2-locator/2.6.1/hk2-locator-2.6.1.jar:/home/runner/.m2/repository/org/glassfish/jersey/media/jersey-media-jaxb/2.33/jersey-media-jaxb-2.33.jar:/home/runner/.m2/repository/org/glassfish/hk2/osgi-resource-locator/1.0.3/osgi-resource-locator-1.0.3.jar:/home/runner/.m2/repository/org/glassfish/hk2/hk2-api/2.5.0/hk2-api-2.5.0.jar:/home/runner/.m2/repository/org/glassfish/hk2/hk2-utils/2.5.0/hk2-utils-2.5.0.jar:/home/runner/.m2/repository/org/glassfish/hk2/external/aopalliance-repackaged/2.5.0/aopalliance-repackaged-2.5.0.jar:/home/runner/.m2/repository/com/fasterxml/jackson/dataformat/jackson-dataformat-xml/2.13.2/jackson-dataformat-xml-2.13.2.jar:/home/runner/.m2/repository/com/fasterxml/jackson/core/jackson-core/2.13.2/jackson-core-2.13.2.jar:/home/runner/.m2/repository/org/codehaus/woodstox/stax2-api/3.1.4/stax2-api-3.1.4.jar:/home/runner/.m2/repository/com/fasterxml/woodstox/woodstox-core/5.0.3/woodstox-core-5.0.3.jar:/home/runner/.m2/repository/com/fasterxml/jackson/module/jackson-module-jaxb-annotations/2.13.2/jackson-module-jaxb-annotations-2.13.2.jar:/home/runner/.m2/repository/jakarta/xml/bind/jakarta.xml.bind-api/2.3.3/jakarta.xml.bind-api-2.3.3.jar:/home/runner/.m2/repository/jakarta/activation/jakarta.activation-api/1.2.1/jakarta.activation-api-1.2.1.jar:/home/runner/.m2/repository/javax/enterprise/cdi-api/1.2/cdi-api-1.2.jar:/home/runner/.m2/repository/javax/el/javax.el-api/3.0.0/javax.el-api-3.0.0.jar:/home/runner/.m2/repository/javax/interceptor/javax.interceptor-api/1.2/javax.interceptor-api-1.2.jar:/home/runner/.m2/repository/javax/inject/javax.inject/1/javax.inject-1.jar:/home/runner/.m2/repository/javax/xml/bind/jaxb-api/2.3.0/jaxb-api-2.3.0.jar:/home/runner/.m2/repository/org/glassfish/jaxb/jaxb-runtime/2.3.0.1/jaxb-runtime-2.3.0.1.jar:/home/runner/.m2/repository/org/glassfish/jaxb/jaxb-core/2.3.0.1/jaxb-core-2.3.0.1.jar:/home/runner/.m2/repository/org/glassfish/jaxb/txw2/2.3.0.1/txw2-2.3.0.1.jar:/home/runner/.m2/repository/com/sun/istack/istack-commons-runtime/3.0.5/istack-commons-runtime-3.0.5.jar:/home/runner/.m2/repository/org/jvnet/staxex/stax-ex/1.7.8/stax-ex-1.7.8.jar:/home/runner/.m2/repository/com/sun/xml/fastinfoset/FastInfoset/1.2.13/FastInfoset-1.2.13.jar:/home/runner/.m2/repository/javax/activation/activation/1.1.1/activation-1.1.1.jar:/home/runner/.m2/repository/io/grpc/grpc-protobuf/1.38.0/grpc-protobuf-1.38.0.jar:/home/runner/.m2/repository/io/grpc/grpc-api/1.38.0/grpc-api-1.38.0.jar:/home/runner/.m2/repository/io/grpc/grpc-context/1.38.0/grpc-context-1.38.0.jar:/home/runner/.m2/repository/com/google/api/grpc/proto-google-common-protos/2.0.1/proto-google-common-protos-2.0.1.jar:/home/runner/.m2/repository/io/grpc/grpc-protobuf-lite/1.38.0/grpc-protobuf-lite-1.38.0.jar:/home/runner/.m2/repository/io/grpc/grpc-stub/1.38.0/grpc-stub-1.38.0.jar:/home/runner/.m2/repository/io/netty/netty-transport/4.1.63.Final/netty-transport-4.1.63.Final.jar:/home/runner/.m2/repository/io/netty/netty-resolver/4.1.63.Final/netty-resolver-4.1.63.Final.jar:/home/runner/.m2/repository/org/apache/ozone/ozone-csi/1.3.0-SNAPSHOT/ozone-csi-1.3.0-SNAPSHOT.jar:/home/runner/.m2/repository/com/google/protobuf/protobuf-java-util/3.12.0/protobuf-java-util-3.12.0.jar:/home/runner/.m2/repository/com/google/code/gson/gson/2.2.4/gson-2.2.4.jar:/home/runner/.m2/repository/org/apache/ozone/hdds-config/1.3.0-SNAPSHOT/hdds-config-1.3.0-SNAPSHOT.jar:/home/runner/.m2/repository/io/netty/netty-transport-native-epoll/4.1.63.Final/netty-transport-native-epoll-4.1.63.Final.jar:/home/runner/.m2/repository/io/netty/netty-transport-native-unix-common/4.1.63.Final/netty-transport-native-unix-common-4.1.63.Final.jar:/home/runner/.m2/repository/org/apache/ozone/ozone-recon/1.3.0-SNAPSHOT/ozone-recon-1.3.0-SNAPSHOT.jar:/home/runner/.m2/repository/org/apache/ozone/ozone-reconcodegen/1.3.0-SNAPSHOT/ozone-reconcodegen-1.3.0-SNAPSHOT.jar:/home/runner/.m2/repository/com/google/inject/extensions/guice-multibindings/4.0/guice-multibindings-4.0.jar:/home/runner/.m2/repository/com/google/inject/guice/4.0/guice-4.0.jar:/home/runner/.m2/repository/aopalliance/aopalliance/1.0/aopalliance-1.0.jar:/home/runner/.m2/repository/com/google/inject/extensions/guice-assistedinject/4.0/guice-assistedinject-4.0.jar:/home/runner/.m2/repository/com/google/inject/extensions/guice-servlet/4.0/guice-servlet-4.0.jar:/home/runner/.m2/repository/org/glassfish/jersey/containers/jersey-container-servlet/2.33/jersey-container-servlet-2.33.jar:/home/runner/.m2/repository/org/glassfish/hk2/guice-bridge/2.5.0/guice-bridge-2.5.0.jar:/home/runner/.m2/repository/org/glassfish/jersey/core/jersey-server/2.33/jersey-server-2.33.jar:/home/runner/.m2/repository/org/glassfish/jersey/core/jersey-client/2.33/jersey-client-2.33.jar:/home/runner/.m2/repository/jakarta/annotation/jakarta.annotation-api/1.3.5/jakarta.annotation-api-1.3.5.jar:/home/runner/.m2/repository/jakarta/validation/jakarta.validation-api/2.0.2/jakarta.validation-api-2.0.2.jar:/home/runner/.m2/repository/org/glassfish/jersey/media/jersey-media-json-jackson/2.33/jersey-media-json-jackson-2.33.jar:/home/runner/.m2/repository/org/glassfish/jersey/ext/jersey-entity-filtering/2.33/jersey-entity-filtering-2.33.jar:/home/runner/.m2/repository/org/jooq/jooq/3.11.10/jooq-3.11.10.jar:/home/runner/.m2/repository/org/jooq/jooq-meta/3.11.10/jooq-meta-3.11.10.jar:/home/runner/.m2/repository/org/jooq/jooq-codegen/3.11.10/jooq-codegen-3.11.10.jar:/home/runner/.m2/repository/com/jolbox/bonecp/0.8.0.RELEASE/bonecp-0.8.0.RELEASE.jar:/home/runner/.m2/repository/org/apache/derby/derby/10.14.2.0/derby-10.14.2.0.jar:/home/runner/.m2/repository/org/xerial/sqlite-jdbc/3.25.2/sqlite-jdbc-3.25.2.jar:/home/runner/.m2/repository/org/springframework/spring-jdbc/5.2.20.RELEASE/spring-jdbc-5.2.20.RELEASE.jar:/home/runner/.m2/repository/org/springframework/spring-beans/5.2.20.RELEASE/spring-beans-5.2.20.RELEASE.jar:/home/runner/.m2/repository/org/springframework/spring-core/5.2.20.RELEASE/spring-core-5.2.20.RELEASE.jar:/home/runner/.m2/repository/org/springframework/spring-jcl/5.2.20.RELEASE/spring-jcl-5.2.20.RELEASE.jar:/home/runner/.m2/repository/org/springframework/spring-tx/5.2.20.RELEASE/spring-tx-5.2.20.RELEASE.jar:/home/runner/.m2/repository/org/apache/ozone/ozone-client/1.3.0-SNAPSHOT/ozone-client-1.3.0-SNAPSHOT.jar:/home/runner/.m2/repository/org/apache/ozone/hdds-erasurecode/1.3.0-SNAPSHOT/hdds-erasurecode-1.3.0-SNAPSHOT.jar:/home/runner/.m2/repository/com/github/spotbugs/spotbugs-annotations/3.1.12/spotbugs-annotations-3.1.12.jar:/home/runner/.m2/repository/org/apache/ozone/ozone-filesystem/1.3.0-SNAPSHOT/ozone-filesystem-1.3.0-SNAPSHOT.jar:/home/runner/.m2/repository/org/apache/ozone/ozone-filesystem-common/1.3.0-SNAPSHOT/ozone-filesystem-common-1.3.0-SNAPSHOT.jar:/home/runner/.m2/repository/org/apache/ozone/ozone-tools/1.3.0-SNAPSHOT/ozone-tools-1.3.0-SNAPSHOT.jar:/home/runner/.m2/repository/org/apache/ratis/ratis-tools/2.2.0/ratis-tools-2.2.0.jar:/home/runner/.m2/repository/com/amazonaws/aws-java-sdk-core/1.12.124/aws-java-sdk-core-1.12.124.jar:/home/runner/.m2/repository/org/apache/httpcomponents/httpclient/4.5.13/httpclient-4.5.13.jar:/home/runner/.m2/repository/org/apache/httpcomponents/httpcore/4.4.13/httpcore-4.4.13.jar:/home/runner/.m2/repository/software/amazon/ion/ion-java/1.0.2/ion-java-1.0.2.jar:/home/runner/.m2/repository/com/fasterxml/jackson/dataformat/jackson-dataformat-cbor/2.13.2/jackson-dataformat-cbor-2.13.2.jar:/home/runner/.m2/repository/joda-time/joda-time/2.8.1/joda-time-2.8.1.jar:/home/runner/.m2/repository/com/amazonaws/aws-java-sdk-s3/1.12.124/aws-java-sdk-s3-1.12.124.jar:/home/runner/.m2/repository/com/amazonaws/aws-java-sdk-kms/1.12.124/aws-java-sdk-kms-1.12.124.jar:/home/runner/.m2/repository/com/amazonaws/jmespath-java/1.12.124/jmespath-java-1.12.124.jar:/home/runner/.m2/repository/org/kohsuke/metainf-services/metainf-services/1.8/metainf-services-1.8.jar:/home/runner/.m2/repository/org/apache/ozone/hdds-tools/1.3.0-SNAPSHOT/hdds-tools-1.3.0-SNAPSHOT.jar:/home/runner/.m2/repository/commons-cli/commons-cli/1.2/commons-cli-1.2.jar:/home/runner/.m2/repository/org/apache/commons/commons-lang3/3.7/commons-lang3-3.7.jar:/home/runner/.m2/repository/org/apache/ozone/ozone-manager/1.3.0-SNAPSHOT/ozone-manager-1.3.0-SNAPSHOT-tests.jar:/home/runner/.m2/repository/org/apache/ozone/hdds-common/1.3.0-SNAPSHOT/hdds-common-1.3.0-SNAPSHOT-tests.jar:/home/runner/.m2/repository/org/apache/ozone/hdds-hadoop-dependency-client/1.3.0-SNAPSHOT/hdds-hadoop-dependency-client-1.3.0-SNAPSHOT.jar:/home/runner/.m2/repository/info/picocli/picocli/4.6.1/picocli-4.6.1.jar:/home/runner/.m2/repository/com/fasterxml/jackson/core/jackson-annotations/2.13.2/jackson-annotations-2.13.2.jar:/home/runner/.m2/repository/com/fasterxml/jackson/datatype/jackson-datatype-jsr310/2.13.2/jackson-datatype-jsr310-2.13.2.jar:/home/runner/.m2/repository/javax/annotation/javax.annotation-api/1.2/javax.annotation-api-1.2.jar:/home/runner/.m2/repository/org/apache/ratis/ratis-server/2.2.0/ratis-server-2.2.0.jar:/home/runner/.m2/repository/org/apache/ratis/ratis-client/2.2.0/ratis-client-2.2.0.jar:/home/runner/.m2/repository/org/apache/ratis/ratis-server-api/2.2.0/ratis-server-api-2.2.0.jar:/home/runner/.m2/repository/org/apache/ratis/ratis-metrics/2.2.0/ratis-metrics-2.2.0.jar:/home/runner/.m2/repository/org/apache/ratis/ratis-netty/2.2.0/ratis-netty-2.2.0.jar:/home/runner/.m2/repository/org/apache/ratis/ratis-grpc/2.2.0/ratis-grpc-2.2.0.jar:/home/runner/.m2/repository/org/apache/logging/log4j/log4j-api/2.17.1/log4j-api-2.17.1.jar:/home/runner/.m2/repository/org/apache/commons/commons-pool2/2.6.0/commons-pool2-2.6.0.jar:/home/runner/.m2/repository/org/bouncycastle/bcpkix-jdk15on/1.67/bcpkix-jdk15on-1.67.jar:/home/runner/.m2/repository/commons-validator/commons-validator/1.6/commons-validator-1.6.jar:/home/runner/.m2/repository/commons-beanutils/commons-beanutils/1.9.4/commons-beanutils-1.9.4.jar:/home/runner/.m2/repository/commons-digester/commons-digester/1.8.1/commons-digester-1.8.1.jar:/home/runner/.m2/repository/commons-collections/commons-collections/3.2.2/commons-collections-3.2.2.jar:/home/runner/.m2/repository/io/jaegertracing/jaeger-client/1.6.0/jaeger-client-1.6.0.jar:/home/runner/.m2/repository/io/jaegertracing/jaeger-thrift/1.6.0/jaeger-thrift-1.6.0.jar:/home/runner/.m2/repository/org/apache/thrift/libthrift/0.14.1/libthrift-0.14.1.jar:/home/runner/.m2/repository/com/squareup/okhttp3/okhttp/4.9.0/okhttp-4.9.0.jar:/home/runner/.m2/repository/com/squareup/okio/okio/2.8.0/okio-2.8.0.jar:/home/runner/.m2/repository/io/jaegertracing/jaeger-core/1.6.0/jaeger-core-1.6.0.jar:/home/runner/.m2/repository/io/jaegertracing/jaeger-tracerresolver/1.6.0/jaeger-tracerresolver-1.6.0.jar:/home/runner/.m2/repository/io/opentracing/contrib/opentracing-tracerresolver/0.1.8/opentracing-tracerresolver-0.1.8.jar:/home/runner/.m2/repository/org/jetbrains/kotlin/kotlin-stdlib/1.4.31/kotlin-stdlib-1.4.31.jar:/home/runner/.m2/repository/org/jetbrains/kotlin/kotlin-stdlib-common/1.4.31/kotlin-stdlib-common-1.4.31.jar:/home/runner/.m2/repository/org/jetbrains/annotations/13.0/annotations-13.0.jar:/home/runner/.m2/repository/io/opentracing/opentracing-util/0.33.0/opentracing-util-0.33.0.jar:/home/runner/.m2/repository/io/opentracing/opentracing-api/0.33.0/opentracing-api-0.33.0.jar:/home/runner/.m2/repository/io/opentracing/opentracing-noop/0.33.0/opentracing-noop-0.33.0.jar:/home/runner/.m2/repository/org/yaml/snakeyaml/1.26/snakeyaml-1.26.jar:/home/runner/.m2/repository/org/apache/ozone/hdds-interface-admin/1.3.0-SNAPSHOT/hdds-interface-admin-1.3.0-SNAPSHOT.jar:/home/runner/.m2/repository/junit/junit/4.13.1/junit-4.13.1.jar:/home/runner/.m2/repository/org/hamcrest/hamcrest-core/1.3/hamcrest-core-1.3.jar:/home/runner/.m2/repository/org/junit/jupiter/junit-jupiter-api/5.7.0/junit-jupiter-api-5.7.0.jar:/home/runner/.m2/repository/org/apiguardian/apiguardian-api/1.1.0/apiguardian-api-1.1.0.jar:/home/runner/.m2/repository/org/opentest4j/opentest4j/1.2.0/opentest4j-1.2.0.jar:/home/runner/.m2/repository/org/junit/platform/junit-platform-commons/1.7.0/junit-platform-commons-1.7.0.jar:/home/runner/.m2/repository/org/junit/jupiter/junit-jupiter-params/5.7.0/junit-jupiter-params-5.7.0.jar:/home/runner/.m2/repository/org/junit/jupiter/junit-jupiter-migrationsupport/5.7.0/junit-jupiter-migrationsupport-5.7.0.jar:/home/runner/.m2/repository/org/junit/jupiter/junit-jupiter-engine/5.7.0/junit-jupiter-engine-5.7.0.jar:/home/runner/.m2/repository/org/junit/platform/junit-platform-engine/1.7.0/junit-platform-engine-1.7.0.jar:/home/runner/.m2/repository/org/junit/vintage/junit-vintage-engine/5.7.0/junit-vintage-engine-5.7.0.jar:/home/runner/.m2/repository/org/junit/platform/junit-platform-launcher/1.7.0/junit-platform-launcher-1.7.0.jar:/home/runner/.m2/repository/org/mockito/mockito-core/2.28.2/mockito-core-2.28.2.jar:/home/runner/.m2/repository/net/bytebuddy/byte-buddy/1.9.10/byte-buddy-1.9.10.jar:/home/runner/.m2/repository/net/bytebuddy/byte-buddy-agent/1.9.10/byte-buddy-agent-1.9.10.jar:/home/runner/.m2/repository/org/objenesis/objenesis/1.0/objenesis-1.0.jar:/home/runner/.m2/repository/org/apache/hadoop/hadoop-kms/3.3.1/hadoop-kms-3.3.1.jar:/home/runner/.m2/repository/org/apache/hadoop/hadoop-auth/3.3.1/hadoop-auth-3.3.1.jar:/home/runner/.m2/repository/com/nimbusds/nimbus-jose-jwt/7.9/nimbus-jose-jwt-7.9.jar:/home/runner/.m2/repository/com/github/stephenc/jcip/jcip-annotations/1.0-1/jcip-annotations-1.0-1.jar:/home/runner/.m2/repository/net/minidev/json-smart/2.4.7/json-smart-2.4.7.jar:/home/runner/.m2/repository/net/minidev/accessors-smart/2.4.7/accessors-smart-2.4.7.jar:/home/runner/.m2/repository/org/ow2/asm/asm/5.0.4/asm-5.0.4.jar:/home/runner/.m2/repository/org/apache/zookeeper/zookeeper/3.5.6/zookeeper-3.5.6.jar:/home/runner/.m2/repository/org/apache/zookeeper/zookeeper-jute/3.5.6/zookeeper-jute-3.5.6.jar:/home/runner/.m2/repository/org/apache/yetus/audience-annotations/0.5.0/audience-annotations-0.5.0.jar:/home/runner/.m2/repository/org/apache/curator/curator-framework/4.2.0/curator-framework-4.2.0.jar:/home/runner/.m2/repository/org/apache/hadoop/thirdparty/hadoop-shaded-guava/1.1.1/hadoop-shaded-guava-1.1.1.jar:/home/runner/.m2/repository/com/sun/jersey/jersey-core/1.19/jersey-core-1.19.jar:/home/runner/.m2/repository/javax/ws/rs/jsr311-api/1.1.1/jsr311-api-1.1.1.jar:/home/runner/.m2/repository/com/sun/jersey/jersey-server/1.19/jersey-server-1.19.jar:/home/runner/.m2/repository/javax/servlet/javax.servlet-api/3.1.0/javax.servlet-api-3.1.0.jar:/home/runner/.m2/repository/org/eclipse/jetty/jetty-server/9.4.43.v20210629/jetty-server-9.4.43.v20210629.jar:/home/runner/.m2/repository/org/eclipse/jetty/jetty-http/9.4.43.v20210629/jetty-http-9.4.43.v20210629.jar:/home/runner/.m2/repository/org/eclipse/jetty/jetty-io/9.4.43.v20210629/jetty-io-9.4.43.v20210629.jar:/home/runner/.m2/repository/org/eclipse/jetty/jetty-webapp/9.4.43.v20210629/jetty-webapp-9.4.43.v20210629.jar:/home/runner/.m2/repository/org/eclipse/jetty/jetty-xml/9.4.43.v20210629/jetty-xml-9.4.43.v20210629.jar:/home/runner/.m2/repository/org/apache/hadoop/hadoop-common/3.3.1/hadoop-common-3.3.1.jar:/home/runner/.m2/repository/org/apache/commons/commons-math3/3.1.1/commons-math3-3.1.1.jar:/home/runner/.m2/repository/commons-net/commons-net/3.6/commons-net-3.6.jar:/home/runner/.m2/repository/com/sun/jersey/jersey-servlet/1.19/jersey-servlet-1.19.jar:/home/runner/.m2/repository/com/sun/jersey/jersey-json/1.19/jersey-json-1.19.jar:/home/runner/.m2/repository/org/codehaus/jettison/jettison/1.1/jettison-1.1.jar:/home/runner/.m2/repository/com/sun/xml/bind/jaxb-impl/2.2.3-1/jaxb-impl-2.2.3-1.jar:/home/runner/.m2/repository/org/codehaus/jackson/jackson-jaxrs/1.9.2/jackson-jaxrs-1.9.2.jar:/home/runner/.m2/repository/org/codehaus/jackson/jackson-xc/1.9.2/jackson-xc-1.9.2.jar:/home/runner/.m2/repository/org/apache/commons/commons-configuration2/2.1.1/commons-configuration2-2.1.1.jar:/home/runner/.m2/repository/org/apache/commons/commons-text/1.4/commons-text-1.4.jar:/home/runner/.m2/repository/com/google/re2j/re2j/1.1/re2j-1.1.jar:/home/runner/.m2/repository/com/jcraft/jsch/0.1.54/jsch-0.1.54.jar:/home/runner/.m2/repository/org/apache/curator/curator-client/4.2.0/curator-client-4.2.0.jar:/home/runner/.m2/repository/org/apache/curator/curator-recipes/4.2.0/curator-recipes-4.2.0.jar:/home/runner/.m2/repository/org/apache/kerby/kerb-core/1.0.1/kerb-core-1.0.1.jar:/home/runner/.m2/repository/org/apache/kerby/kerby-pkix/1.0.1/kerby-pkix-1.0.1.jar:/home/runner/.m2/repository/org/apache/kerby/kerby-asn1/1.0.1/kerby-asn1-1.0.1.jar:/home/runner/.m2/repository/org/apache/kerby/kerby-util/1.0.1/kerby-util-1.0.1.jar:/home/runner/.m2/repository/dnsjava/dnsjava/2.1.7/dnsjava-2.1.7.jar:/home/runner/.m2/repository/org/xerial/snappy/snappy-java/1.1.8.2/snappy-java-1.1.8.2.jar:/home/runner/.m2/repository/org/slf4j/jul-to-slf4j/1.7.30/jul-to-slf4j-1.7.30.jar:/home/runner/.m2/repository/org/eclipse/jetty/jetty-util/9.4.43.v20210629/jetty-util-9.4.43.v20210629.jar:/home/runner/.m2/repository/com/fasterxml/jackson/core/jackson-databind/2.13.2.2/jackson-databind-2.13.2.2.jar:/home/runner/.m2/repository/org/apache/hadoop/hadoop-kms/3.3.1/hadoop-kms-3.3.1-tests.jar:/home/runner/.m2/repository/org/apache/ozone/hdds-server-scm/1.3.0-SNAPSHOT/hdds-server-scm-1.3.0-SNAPSHOT-tests.jar:/home/runner/.m2/repository/org/apache/ozone/hdds-container-service/1.3.0-SNAPSHOT/hdds-container-service-1.3.0-SNAPSHOT-tests.jar:/home/runner/.m2/repository/commons-codec/commons-codec/1.11/commons-codec-1.11.jar:/home/runner/.m2/repository/io/netty/netty-codec/4.1.63.Final/netty-codec-4.1.63.Final.jar:/home/runner/.m2/repository/io/netty/netty-handler/4.1.63.Final/netty-handler-4.1.63.Final.jar:/home/runner/.m2/repository/org/apache/ozone/hdds-hadoop-dependency-test/1.3.0-SNAPSHOT/hdds-hadoop-dependency-test-1.3.0-SNAPSHOT.jar:/home/runner/.m2/repository/org/apache/hadoop/hadoop-common/3.3.1/hadoop-common-3.3.1-tests.jar:/home/runner/.m2/repository/org/assertj/assertj-core/3.12.2/assertj-core-3.12.2.jar:/home/runner/.m2/repository/org/apache/hadoop/hadoop-hdfs/3.3.1/hadoop-hdfs-3.3.1-tests.jar:/home/runner/.m2/repository/org/eclipse/jetty/jetty-util-ajax/9.4.43.v20210629/jetty-util-ajax-9.4.43.v20210629.jar:/home/runner/.m2/repository/commons-daemon/commons-daemon/1.0.13/commons-daemon-1.0.13.jar:/home/runner/.m2/repository/io/netty/netty/3.10.6.Final/netty-3.10.6.Final.jar:/home/runner/.m2/repository/io/netty/netty-all/4.1.63.Final/netty-all-4.1.63.Final.jar:/home/runner/.m2/repository/org/apache/htrace/htrace-core4/4.1.0-incubating/htrace-core4-4.1.0-incubating.jar:/home/runner/.m2/repository/org/fusesource/leveldbjni/leveldbjni-all/1.8/leveldbjni-all-1.8.jar:/home/runner/.m2/repository/org/apache/hadoop/hadoop-distcp/3.3.1/hadoop-distcp-3.3.1.jar:/home/runner/.m2/repository/org/apache/hadoop/hadoop-mapreduce-client-jobclient/3.3.1/hadoop-mapreduce-client-jobclient-3.3.1.jar:/home/runner/.m2/repository/org/apache/hadoop/hadoop-mapreduce-client-common/3.3.1/hadoop-mapreduce-client-common-3.3.1.jar:/home/runner/.m2/repository/org/apache/hadoop/hadoop-yarn-common/3.3.1/hadoop-yarn-common-3.3.1.jar:/home/runner/.m2/repository/org/apache/hadoop/hadoop-yarn-api/3.3.1/hadoop-yarn-api-3.3.1.jar:/home/runner/.m2/repository/com/sun/jersey/jersey-client/1.19/jersey-client-1.19.jar:/home/runner/.m2/repository/com/sun/jersey/contribs/jersey-guice/1.19/jersey-guice-1.19.jar:/home/runner/.m2/repository/com/fasterxml/jackson/jaxrs/jackson-jaxrs-json-provider/2.13.2/jackson-jaxrs-json-provider-2.13.2.jar:/home/runner/.m2/repository/com/fasterxml/jackson/jaxrs/jackson-jaxrs-base/2.13.2/jackson-jaxrs-base-2.13.2.jar:/home/runner/.m2/repository/org/apache/hadoop/hadoop-yarn-client/3.3.1/hadoop-yarn-client-3.3.1.jar:/home/runner/.m2/repository/org/eclipse/jetty/websocket/websocket-client/9.4.40.v20210413/websocket-client-9.4.40.v20210413.jar:/home/runner/.m2/repository/org/eclipse/jetty/jetty-client/9.4.40.v20210413/jetty-client-9.4.40.v20210413.jar:/home/runner/.m2/repository/org/eclipse/jetty/websocket/websocket-common/9.4.40.v20210413/websocket-common-9.4.40.v20210413.jar:/home/runner/.m2/repository/org/eclipse/jetty/websocket/websocket-api/9.4.40.v20210413/websocket-api-9.4.40.v20210413.jar:/home/runner/.m2/repository/org/jline/jline/3.9.0/jline-3.9.0.jar:/home/runner/.m2/repository/org/apache/hadoop/hadoop-mapreduce-client-core/3.3.1/hadoop-mapreduce-client-core-3.3.1.jar:/home/runner/.m2/repository/org/apache/avro/avro/1.7.7/avro-1.7.7.jar:/home/runner/.m2/repository/org/codehaus/jackson/jackson-core-asl/1.9.13/jackson-core-asl-1.9.13.jar:/home/runner/.m2/repository/org/codehaus/jackson/jackson-mapper-asl/1.9.13/jackson-mapper-asl-1.9.13.jar:/home/runner/.m2/repository/com/thoughtworks/paranamer/paranamer/2.3/paranamer-2.3.jar:/home/runner/.m2/repository/org/apache/hadoop/hadoop-annotations/3.3.1/hadoop-annotations-3.3.1.jar:/usr/lib/jvm/temurin-8-jdk-amd64/jre/../lib/tools.jar:/home/runner/.m2/repository/org/apache/hadoop/hadoop-distcp/3.3.1/hadoop-distcp-3.3.1-tests.jar:/home/runner/.m2/repository/org/apache/ratis/ratis-common/2.2.0/ratis-common-2.2.0.jar:/home/runner/.m2/repository/org/apache/ratis/ratis-thirdparty-misc/0.7.0/ratis-thirdparty-misc-0.7.0.jar:/home/runner/.m2/repository/org/apache/ratis/ratis-proto/2.2.0/ratis-proto-2.2.0.jar:/home/runner/.m2/repository/org/apache/ozone/ozone-annotation-processing/1.3.0-SNAPSHOT/ozone-annotation-processing-1.3.0-SNAPSHOT.jar:"/>
    <property name="java.vm.vendor" value="Temurin"/>
    <property name="sun.arch.data.model" value="64"/>
    <property name="test.build.dir" value="/home/runner/work/ozone/ozone/hadoop-ozone/integration-test/target/test-dir"/>
    <property name="test.cache.data" value=""/>
    <property name="java.vendor.url" value="https://adoptium.net/"/>
    <property name="user.timezone" value="Etc/UTC"/>
    <property name="java.vm.specification.version" value="1.8"/>
    <property name="os.name" value="Linux"/>
    <property name="test.build.data" value="/home/runner/work/ozone/ozone/hadoop-ozone/integration-test/target/test-dir"/>
    <property name="sun.java.launcher" value="SUN_STANDARD"/>
    <property name="sun.boot.library.path" value="/usr/lib/jvm/temurin-8-jdk-amd64/jre/lib/amd64"/>
    <property name="sun.java.command" value="/home/runner/work/ozone/ozone/hadoop-ozone/integration-test/target/surefire/surefirebooter6107920505563743902.jar /home/runner/work/ozone/ozone/hadoop-ozone/integration-test/target/surefire 2022-05-07T12-51-37_230-jvmRun1 surefire6689313434542370687tmp surefire_9257737911293908679tmp"/>
    <property name="surefire.test.class.path" value="/home/runner/work/ozone/ozone/hadoop-ozone/integration-test/target/test-classes:/home/runner/work/ozone/ozone/hadoop-ozone/integration-test/target/classes:/home/runner/.m2/repository/org/apache/ozone/ozone-common/1.3.0-SNAPSHOT/ozone-common-1.3.0-SNAPSHOT.jar:/home/runner/.m2/repository/io/grpc/grpc-netty/1.38.0/grpc-netty-1.38.0.jar:/home/runner/.m2/repository/io/grpc/grpc-core/1.38.0/grpc-core-1.38.0.jar:/home/runner/.m2/repository/com/google/android/annotations/4.1.1.4/annotations-4.1.1.4.jar:/home/runner/.m2/repository/com/google/errorprone/error_prone_annotations/2.2.0/error_prone_annotations-2.2.0.jar:/home/runner/.m2/repository/io/perfmark/perfmark-api/0.23.0/perfmark-api-0.23.0.jar:/home/runner/.m2/repository/org/codehaus/mojo/animal-sniffer-annotations/1.19/animal-sniffer-annotations-1.19.jar:/home/runner/.m2/repository/com/google/code/findbugs/jsr305/3.0.0/jsr305-3.0.0.jar:/home/runner/.m2/repository/io/netty/netty-codec-http2/4.1.63.Final/netty-codec-http2-4.1.63.Final.jar:/home/runner/.m2/repository/io/netty/netty-common/4.1.63.Final/netty-common-4.1.63.Final.jar:/home/runner/.m2/repository/io/netty/netty-buffer/4.1.63.Final/netty-buffer-4.1.63.Final.jar:/home/runner/.m2/repository/io/netty/netty-codec-http/4.1.63.Final/netty-codec-http-4.1.63.Final.jar:/home/runner/.m2/repository/io/netty/netty-handler-proxy/4.1.63.Final/netty-handler-proxy-4.1.63.Final.jar:/home/runner/.m2/repository/io/netty/netty-codec-socks/4.1.63.Final/netty-codec-socks-4.1.63.Final.jar:/home/runner/.m2/repository/io/netty/netty-tcnative-boringssl-static/2.0.38.Final/netty-tcnative-boringssl-static-2.0.38.Final.jar:/home/runner/.m2/repository/io/netty/netty-tcnative/2.0.38.Final/netty-tcnative-2.0.38.Final.jar:/home/runner/.m2/repository/org/apache/commons/commons-compress/1.21/commons-compress-1.21.jar:/home/runner/.m2/repository/org/apache/ozone/hdds-common/1.3.0-SNAPSHOT/hdds-common-1.3.0-SNAPSHOT.jar:/home/runner/.m2/repository/org/apache/ozone/hdds-client/1.3.0-SNAPSHOT/hdds-client-1.3.0-SNAPSHOT.jar:/home/runner/.m2/repository/org/apache/ozone/ozone-interface-client/1.3.0-SNAPSHOT/ozone-interface-client-1.3.0-SNAPSHOT.jar:/home/runner/.m2/repository/org/apache/ozone/hdds-test-utils/1.3.0-SNAPSHOT/hdds-test-utils-1.3.0-SNAPSHOT.jar:/home/runner/.m2/repository/com/google/guava/guava/30.1.1-jre/guava-30.1.1-jre.jar:/home/runner/.m2/repository/com/google/guava/failureaccess/1.0.1/failureaccess-1.0.1.jar:/home/runner/.m2/repository/com/google/guava/listenablefuture/9999.0-empty-to-avoid-conflict-with-guava/listenablefuture-9999.0-empty-to-avoid-conflict-with-guava.jar:/home/runner/.m2/repository/org/checkerframework/checker-qual/3.8.0/checker-qual-3.8.0.jar:/home/runner/.m2/repository/com/google/j2objc/j2objc-annotations/1.3/j2objc-annotations-1.3.jar:/home/runner/.m2/repository/commons-io/commons-io/2.11.0/commons-io-2.11.0.jar:/home/runner/.m2/repository/commons-logging/commons-logging/1.2/commons-logging-1.2.jar:/home/runner/.m2/repository/log4j/log4j/1.2.17/log4j-1.2.17.jar:/home/runner/.m2/repository/org/slf4j/slf4j-api/1.7.30/slf4j-api-1.7.30.jar:/home/runner/.m2/repository/org/apache/ozone/hdds-server-scm/1.3.0-SNAPSHOT/hdds-server-scm-1.3.0-SNAPSHOT.jar:/home/runner/.m2/repository/org/apache/ozone/hdds-container-service/1.3.0-SNAPSHOT/hdds-container-service-1.3.0-SNAPSHOT.jar:/home/runner/.m2/repository/org/apache/ozone/hdds-hadoop-dependency-server/1.3.0-SNAPSHOT/hdds-hadoop-dependency-server-1.3.0-SNAPSHOT.jar:/home/runner/.m2/repository/org/apache/hadoop/hadoop-hdfs/3.3.1/hadoop-hdfs-3.3.1.jar:/home/runner/.m2/repository/org/apache/ozone/hdds-server-framework/1.3.0-SNAPSHOT/hdds-server-framework-1.3.0-SNAPSHOT.jar:/home/runner/.m2/repository/org/apache/ozone/hdds-interface-server/1.3.0-SNAPSHOT/hdds-interface-server-1.3.0-SNAPSHOT.jar:/home/runner/.m2/repository/org/apache/logging/log4j/log4j-core/2.17.1/log4j-core-2.17.1.jar:/home/runner/.m2/repository/com/lmax/disruptor/3.4.2/disruptor-3.4.2.jar:/home/runner/.m2/repository/org/eclipse/jetty/jetty-servlet/9.4.43.v20210629/jetty-servlet-9.4.43.v20210629.jar:/home/runner/.m2/repository/org/eclipse/jetty/jetty-security/9.4.43.v20210629/jetty-security-9.4.43.v20210629.jar:/home/runner/.m2/repository/org/rocksdb/rocksdbjni/7.0.4/rocksdbjni-7.0.4.jar:/home/runner/.m2/repository/io/prometheus/simpleclient_dropwizard/0.7.0/simpleclient_dropwizard-0.7.0.jar:/home/runner/.m2/repository/io/prometheus/simpleclient/0.7.0/simpleclient-0.7.0.jar:/home/runner/.m2/repository/io/prometheus/simpleclient_common/0.7.0/simpleclient_common-0.7.0.jar:/home/runner/.m2/repository/io/dropwizard/metrics/metrics-core/3.2.4/metrics-core-3.2.4.jar:/home/runner/.m2/repository/org/apache/hadoop/hadoop-hdfs-client/3.3.1/hadoop-hdfs-client-3.3.1.jar:/home/runner/.m2/repository/org/bouncycastle/bcprov-jdk15on/1.67/bcprov-jdk15on-1.67.jar:/home/runner/.m2/repository/com/google/protobuf/protobuf-java/2.5.0/protobuf-java-2.5.0.jar:/home/runner/.m2/repository/org/apache/ozone/ozone-manager/1.3.0-SNAPSHOT/ozone-manager-1.3.0-SNAPSHOT.jar:/home/runner/.m2/repository/org/aspectj/aspectjrt/1.9.7/aspectjrt-1.9.7.jar:/home/runner/.m2/repository/org/aspectj/aspectjweaver/1.9.7/aspectjweaver-1.9.7.jar:/home/runner/.m2/repository/org/apache/ozone/hdds-interface-client/1.3.0-SNAPSHOT/hdds-interface-client-1.3.0-SNAPSHOT.jar:/home/runner/.m2/repository/org/apache/hadoop/thirdparty/hadoop-shaded-protobuf_3_7/1.1.1/hadoop-shaded-protobuf_3_7-1.1.1.jar:/home/runner/.m2/repository/org/apache/ozone/ozone-interface-storage/1.3.0-SNAPSHOT/ozone-interface-storage-1.3.0-SNAPSHOT.jar:/home/runner/.m2/repository/org/reflections/reflections/0.9.11/reflections-0.9.11.jar:/home/runner/.m2/repository/org/apache/hadoop/hadoop-minikdc/3.3.1/hadoop-minikdc-3.3.1.jar:/home/runner/.m2/repository/org/apache/kerby/kerb-simplekdc/1.0.1/kerb-simplekdc-1.0.1.jar:/home/runner/.m2/repository/org/apache/kerby/kerb-client/1.0.1/kerb-client-1.0.1.jar:/home/runner/.m2/repository/org/apache/kerby/kerby-config/1.0.1/kerby-config-1.0.1.jar:/home/runner/.m2/repository/org/apache/kerby/kerb-common/1.0.1/kerb-common-1.0.1.jar:/home/runner/.m2/repository/org/apache/kerby/kerb-crypto/1.0.1/kerb-crypto-1.0.1.jar:/home/runner/.m2/repository/org/apache/kerby/kerb-util/1.0.1/kerb-util-1.0.1.jar:/home/runner/.m2/repository/org/apache/kerby/token-provider/1.0.1/token-provider-1.0.1.jar:/home/runner/.m2/repository/org/apache/kerby/kerb-admin/1.0.1/kerb-admin-1.0.1.jar:/home/runner/.m2/repository/org/apache/kerby/kerb-server/1.0.1/kerb-server-1.0.1.jar:/home/runner/.m2/repository/org/apache/kerby/kerb-identity/1.0.1/kerb-identity-1.0.1.jar:/home/runner/.m2/repository/org/apache/kerby/kerby-xdr/1.0.1/kerby-xdr-1.0.1.jar:/home/runner/.m2/repository/org/slf4j/slf4j-log4j12/1.7.30/slf4j-log4j12-1.7.30.jar:/home/runner/.m2/repository/org/apache/ozone/ozone-s3gateway/1.3.0-SNAPSHOT/ozone-s3gateway-1.3.0-SNAPSHOT.jar:/home/runner/.m2/repository/org/javassist/javassist/3.21.0-GA/javassist-3.21.0-GA.jar:/home/runner/.m2/repository/org/jboss/weld/servlet/weld-servlet/2.4.7.Final/weld-servlet-2.4.7.Final.jar:/home/runner/.m2/repository/org/glassfish/jersey/containers/jersey-container-servlet-core/2.33/jersey-container-servlet-core-2.33.jar:/home/runner/.m2/repository/org/glassfish/hk2/external/jakarta.inject/2.6.1/jakarta.inject-2.6.1.jar:/home/runner/.m2/repository/org/glassfish/jersey/core/jersey-common/2.33/jersey-common-2.33.jar:/home/runner/.m2/repository/jakarta/ws/rs/jakarta.ws.rs-api/2.1.6/jakarta.ws.rs-api-2.1.6.jar:/home/runner/.m2/repository/org/glassfish/jersey/ext/cdi/jersey-cdi1x/2.33/jersey-cdi1x-2.33.jar:/home/runner/.m2/repository/org/glassfish/jersey/inject/jersey-hk2/2.33/jersey-hk2-2.33.jar:/home/runner/.m2/repository/org/glassfish/hk2/hk2-locator/2.6.1/hk2-locator-2.6.1.jar:/home/runner/.m2/repository/org/glassfish/jersey/media/jersey-media-jaxb/2.33/jersey-media-jaxb-2.33.jar:/home/runner/.m2/repository/org/glassfish/hk2/osgi-resource-locator/1.0.3/osgi-resource-locator-1.0.3.jar:/home/runner/.m2/repository/org/glassfish/hk2/hk2-api/2.5.0/hk2-api-2.5.0.jar:/home/runner/.m2/repository/org/glassfish/hk2/hk2-utils/2.5.0/hk2-utils-2.5.0.jar:/home/runner/.m2/repository/org/glassfish/hk2/external/aopalliance-repackaged/2.5.0/aopalliance-repackaged-2.5.0.jar:/home/runner/.m2/repository/com/fasterxml/jackson/dataformat/jackson-dataformat-xml/2.13.2/jackson-dataformat-xml-2.13.2.jar:/home/runner/.m2/repository/com/fasterxml/jackson/core/jackson-core/2.13.2/jackson-core-2.13.2.jar:/home/runner/.m2/repository/org/codehaus/woodstox/stax2-api/3.1.4/stax2-api-3.1.4.jar:/home/runner/.m2/repository/com/fasterxml/woodstox/woodstox-core/5.0.3/woodstox-core-5.0.3.jar:/home/runner/.m2/repository/com/fasterxml/jackson/module/jackson-module-jaxb-annotations/2.13.2/jackson-module-jaxb-annotations-2.13.2.jar:/home/runner/.m2/repository/jakarta/xml/bind/jakarta.xml.bind-api/2.3.3/jakarta.xml.bind-api-2.3.3.jar:/home/runner/.m2/repository/jakarta/activation/jakarta.activation-api/1.2.1/jakarta.activation-api-1.2.1.jar:/home/runner/.m2/repository/javax/enterprise/cdi-api/1.2/cdi-api-1.2.jar:/home/runner/.m2/repository/javax/el/javax.el-api/3.0.0/javax.el-api-3.0.0.jar:/home/runner/.m2/repository/javax/interceptor/javax.interceptor-api/1.2/javax.interceptor-api-1.2.jar:/home/runner/.m2/repository/javax/inject/javax.inject/1/javax.inject-1.jar:/home/runner/.m2/repository/javax/xml/bind/jaxb-api/2.3.0/jaxb-api-2.3.0.jar:/home/runner/.m2/repository/org/glassfish/jaxb/jaxb-runtime/2.3.0.1/jaxb-runtime-2.3.0.1.jar:/home/runner/.m2/repository/org/glassfish/jaxb/jaxb-core/2.3.0.1/jaxb-core-2.3.0.1.jar:/home/runner/.m2/repository/org/glassfish/jaxb/txw2/2.3.0.1/txw2-2.3.0.1.jar:/home/runner/.m2/repository/com/sun/istack/istack-commons-runtime/3.0.5/istack-commons-runtime-3.0.5.jar:/home/runner/.m2/repository/org/jvnet/staxex/stax-ex/1.7.8/stax-ex-1.7.8.jar:/home/runner/.m2/repository/com/sun/xml/fastinfoset/FastInfoset/1.2.13/FastInfoset-1.2.13.jar:/home/runner/.m2/repository/javax/activation/activation/1.1.1/activation-1.1.1.jar:/home/runner/.m2/repository/io/grpc/grpc-protobuf/1.38.0/grpc-protobuf-1.38.0.jar:/home/runner/.m2/repository/io/grpc/grpc-api/1.38.0/grpc-api-1.38.0.jar:/home/runner/.m2/repository/io/grpc/grpc-context/1.38.0/grpc-context-1.38.0.jar:/home/runner/.m2/repository/com/google/api/grpc/proto-google-common-protos/2.0.1/proto-google-common-protos-2.0.1.jar:/home/runner/.m2/repository/io/grpc/grpc-protobuf-lite/1.38.0/grpc-protobuf-lite-1.38.0.jar:/home/runner/.m2/repository/io/grpc/grpc-stub/1.38.0/grpc-stub-1.38.0.jar:/home/runner/.m2/repository/io/netty/netty-transport/4.1.63.Final/netty-transport-4.1.63.Final.jar:/home/runner/.m2/repository/io/netty/netty-resolver/4.1.63.Final/netty-resolver-4.1.63.Final.jar:/home/runner/.m2/repository/org/apache/ozone/ozone-csi/1.3.0-SNAPSHOT/ozone-csi-1.3.0-SNAPSHOT.jar:/home/runner/.m2/repository/com/google/protobuf/protobuf-java-util/3.12.0/protobuf-java-util-3.12.0.jar:/home/runner/.m2/repository/com/google/code/gson/gson/2.2.4/gson-2.2.4.jar:/home/runner/.m2/repository/org/apache/ozone/hdds-config/1.3.0-SNAPSHOT/hdds-config-1.3.0-SNAPSHOT.jar:/home/runner/.m2/repository/io/netty/netty-transport-native-epoll/4.1.63.Final/netty-transport-native-epoll-4.1.63.Final.jar:/home/runner/.m2/repository/io/netty/netty-transport-native-unix-common/4.1.63.Final/netty-transport-native-unix-common-4.1.63.Final.jar:/home/runner/.m2/repository/org/apache/ozone/ozone-recon/1.3.0-SNAPSHOT/ozone-recon-1.3.0-SNAPSHOT.jar:/home/runner/.m2/repository/org/apache/ozone/ozone-reconcodegen/1.3.0-SNAPSHOT/ozone-reconcodegen-1.3.0-SNAPSHOT.jar:/home/runner/.m2/repository/com/google/inject/extensions/guice-multibindings/4.0/guice-multibindings-4.0.jar:/home/runner/.m2/repository/com/google/inject/guice/4.0/guice-4.0.jar:/home/runner/.m2/repository/aopalliance/aopalliance/1.0/aopalliance-1.0.jar:/home/runner/.m2/repository/com/google/inject/extensions/guice-assistedinject/4.0/guice-assistedinject-4.0.jar:/home/runner/.m2/repository/com/google/inject/extensions/guice-servlet/4.0/guice-servlet-4.0.jar:/home/runner/.m2/repository/org/glassfish/jersey/containers/jersey-container-servlet/2.33/jersey-container-servlet-2.33.jar:/home/runner/.m2/repository/org/glassfish/hk2/guice-bridge/2.5.0/guice-bridge-2.5.0.jar:/home/runner/.m2/repository/org/glassfish/jersey/core/jersey-server/2.33/jersey-server-2.33.jar:/home/runner/.m2/repository/org/glassfish/jersey/core/jersey-client/2.33/jersey-client-2.33.jar:/home/runner/.m2/repository/jakarta/annotation/jakarta.annotation-api/1.3.5/jakarta.annotation-api-1.3.5.jar:/home/runner/.m2/repository/jakarta/validation/jakarta.validation-api/2.0.2/jakarta.validation-api-2.0.2.jar:/home/runner/.m2/repository/org/glassfish/jersey/media/jersey-media-json-jackson/2.33/jersey-media-json-jackson-2.33.jar:/home/runner/.m2/repository/org/glassfish/jersey/ext/jersey-entity-filtering/2.33/jersey-entity-filtering-2.33.jar:/home/runner/.m2/repository/org/jooq/jooq/3.11.10/jooq-3.11.10.jar:/home/runner/.m2/repository/org/jooq/jooq-meta/3.11.10/jooq-meta-3.11.10.jar:/home/runner/.m2/repository/org/jooq/jooq-codegen/3.11.10/jooq-codegen-3.11.10.jar:/home/runner/.m2/repository/com/jolbox/bonecp/0.8.0.RELEASE/bonecp-0.8.0.RELEASE.jar:/home/runner/.m2/repository/org/apache/derby/derby/10.14.2.0/derby-10.14.2.0.jar:/home/runner/.m2/repository/org/xerial/sqlite-jdbc/3.25.2/sqlite-jdbc-3.25.2.jar:/home/runner/.m2/repository/org/springframework/spring-jdbc/5.2.20.RELEASE/spring-jdbc-5.2.20.RELEASE.jar:/home/runner/.m2/repository/org/springframework/spring-beans/5.2.20.RELEASE/spring-beans-5.2.20.RELEASE.jar:/home/runner/.m2/repository/org/springframework/spring-core/5.2.20.RELEASE/spring-core-5.2.20.RELEASE.jar:/home/runner/.m2/repository/org/springframework/spring-jcl/5.2.20.RELEASE/spring-jcl-5.2.20.RELEASE.jar:/home/runner/.m2/repository/org/springframework/spring-tx/5.2.20.RELEASE/spring-tx-5.2.20.RELEASE.jar:/home/runner/.m2/repository/org/apache/ozone/ozone-client/1.3.0-SNAPSHOT/ozone-client-1.3.0-SNAPSHOT.jar:/home/runner/.m2/repository/org/apache/ozone/hdds-erasurecode/1.3.0-SNAPSHOT/hdds-erasurecode-1.3.0-SNAPSHOT.jar:/home/runner/.m2/repository/com/github/spotbugs/spotbugs-annotations/3.1.12/spotbugs-annotations-3.1.12.jar:/home/runner/.m2/repository/org/apache/ozone/ozone-filesystem/1.3.0-SNAPSHOT/ozone-filesystem-1.3.0-SNAPSHOT.jar:/home/runner/.m2/repository/org/apache/ozone/ozone-filesystem-common/1.3.0-SNAPSHOT/ozone-filesystem-common-1.3.0-SNAPSHOT.jar:/home/runner/.m2/repository/org/apache/ozone/ozone-tools/1.3.0-SNAPSHOT/ozone-tools-1.3.0-SNAPSHOT.jar:/home/runner/.m2/repository/org/apache/ratis/ratis-tools/2.2.0/ratis-tools-2.2.0.jar:/home/runner/.m2/repository/com/amazonaws/aws-java-sdk-core/1.12.124/aws-java-sdk-core-1.12.124.jar:/home/runner/.m2/repository/org/apache/httpcomponents/httpclient/4.5.13/httpclient-4.5.13.jar:/home/runner/.m2/repository/org/apache/httpcomponents/httpcore/4.4.13/httpcore-4.4.13.jar:/home/runner/.m2/repository/software/amazon/ion/ion-java/1.0.2/ion-java-1.0.2.jar:/home/runner/.m2/repository/com/fasterxml/jackson/dataformat/jackson-dataformat-cbor/2.13.2/jackson-dataformat-cbor-2.13.2.jar:/home/runner/.m2/repository/joda-time/joda-time/2.8.1/joda-time-2.8.1.jar:/home/runner/.m2/repository/com/amazonaws/aws-java-sdk-s3/1.12.124/aws-java-sdk-s3-1.12.124.jar:/home/runner/.m2/repository/com/amazonaws/aws-java-sdk-kms/1.12.124/aws-java-sdk-kms-1.12.124.jar:/home/runner/.m2/repository/com/amazonaws/jmespath-java/1.12.124/jmespath-java-1.12.124.jar:/home/runner/.m2/repository/org/kohsuke/metainf-services/metainf-services/1.8/metainf-services-1.8.jar:/home/runner/.m2/repository/org/apache/ozone/hdds-tools/1.3.0-SNAPSHOT/hdds-tools-1.3.0-SNAPSHOT.jar:/home/runner/.m2/repository/commons-cli/commons-cli/1.2/commons-cli-1.2.jar:/home/runner/.m2/repository/org/apache/commons/commons-lang3/3.7/commons-lang3-3.7.jar:/home/runner/.m2/repository/org/apache/ozone/ozone-manager/1.3.0-SNAPSHOT/ozone-manager-1.3.0-SNAPSHOT-tests.jar:/home/runner/.m2/repository/org/apache/ozone/hdds-common/1.3.0-SNAPSHOT/hdds-common-1.3.0-SNAPSHOT-tests.jar:/home/runner/.m2/repository/org/apache/ozone/hdds-hadoop-dependency-client/1.3.0-SNAPSHOT/hdds-hadoop-dependency-client-1.3.0-SNAPSHOT.jar:/home/runner/.m2/repository/info/picocli/picocli/4.6.1/picocli-4.6.1.jar:/home/runner/.m2/repository/com/fasterxml/jackson/core/jackson-annotations/2.13.2/jackson-annotations-2.13.2.jar:/home/runner/.m2/repository/com/fasterxml/jackson/datatype/jackson-datatype-jsr310/2.13.2/jackson-datatype-jsr310-2.13.2.jar:/home/runner/.m2/repository/javax/annotation/javax.annotation-api/1.2/javax.annotation-api-1.2.jar:/home/runner/.m2/repository/org/apache/ratis/ratis-server/2.2.0/ratis-server-2.2.0.jar:/home/runner/.m2/repository/org/apache/ratis/ratis-client/2.2.0/ratis-client-2.2.0.jar:/home/runner/.m2/repository/org/apache/ratis/ratis-server-api/2.2.0/ratis-server-api-2.2.0.jar:/home/runner/.m2/repository/org/apache/ratis/ratis-metrics/2.2.0/ratis-metrics-2.2.0.jar:/home/runner/.m2/repository/org/apache/ratis/ratis-netty/2.2.0/ratis-netty-2.2.0.jar:/home/runner/.m2/repository/org/apache/ratis/ratis-grpc/2.2.0/ratis-grpc-2.2.0.jar:/home/runner/.m2/repository/org/apache/logging/log4j/log4j-api/2.17.1/log4j-api-2.17.1.jar:/home/runner/.m2/repository/org/apache/commons/commons-pool2/2.6.0/commons-pool2-2.6.0.jar:/home/runner/.m2/repository/org/bouncycastle/bcpkix-jdk15on/1.67/bcpkix-jdk15on-1.67.jar:/home/runner/.m2/repository/commons-validator/commons-validator/1.6/commons-validator-1.6.jar:/home/runner/.m2/repository/commons-beanutils/commons-beanutils/1.9.4/commons-beanutils-1.9.4.jar:/home/runner/.m2/repository/commons-digester/commons-digester/1.8.1/commons-digester-1.8.1.jar:/home/runner/.m2/repository/commons-collections/commons-collections/3.2.2/commons-collections-3.2.2.jar:/home/runner/.m2/repository/io/jaegertracing/jaeger-client/1.6.0/jaeger-client-1.6.0.jar:/home/runner/.m2/repository/io/jaegertracing/jaeger-thrift/1.6.0/jaeger-thrift-1.6.0.jar:/home/runner/.m2/repository/org/apache/thrift/libthrift/0.14.1/libthrift-0.14.1.jar:/home/runner/.m2/repository/com/squareup/okhttp3/okhttp/4.9.0/okhttp-4.9.0.jar:/home/runner/.m2/repository/com/squareup/okio/okio/2.8.0/okio-2.8.0.jar:/home/runner/.m2/repository/io/jaegertracing/jaeger-core/1.6.0/jaeger-core-1.6.0.jar:/home/runner/.m2/repository/io/jaegertracing/jaeger-tracerresolver/1.6.0/jaeger-tracerresolver-1.6.0.jar:/home/runner/.m2/repository/io/opentracing/contrib/opentracing-tracerresolver/0.1.8/opentracing-tracerresolver-0.1.8.jar:/home/runner/.m2/repository/org/jetbrains/kotlin/kotlin-stdlib/1.4.31/kotlin-stdlib-1.4.31.jar:/home/runner/.m2/repository/org/jetbrains/kotlin/kotlin-stdlib-common/1.4.31/kotlin-stdlib-common-1.4.31.jar:/home/runner/.m2/repository/org/jetbrains/annotations/13.0/annotations-13.0.jar:/home/runner/.m2/repository/io/opentracing/opentracing-util/0.33.0/opentracing-util-0.33.0.jar:/home/runner/.m2/repository/io/opentracing/opentracing-api/0.33.0/opentracing-api-0.33.0.jar:/home/runner/.m2/repository/io/opentracing/opentracing-noop/0.33.0/opentracing-noop-0.33.0.jar:/home/runner/.m2/repository/org/yaml/snakeyaml/1.26/snakeyaml-1.26.jar:/home/runner/.m2/repository/org/apache/ozone/hdds-interface-admin/1.3.0-SNAPSHOT/hdds-interface-admin-1.3.0-SNAPSHOT.jar:/home/runner/.m2/repository/junit/junit/4.13.1/junit-4.13.1.jar:/home/runner/.m2/repository/org/hamcrest/hamcrest-core/1.3/hamcrest-core-1.3.jar:/home/runner/.m2/repository/org/junit/jupiter/junit-jupiter-api/5.7.0/junit-jupiter-api-5.7.0.jar:/home/runner/.m2/repository/org/apiguardian/apiguardian-api/1.1.0/apiguardian-api-1.1.0.jar:/home/runner/.m2/repository/org/opentest4j/opentest4j/1.2.0/opentest4j-1.2.0.jar:/home/runner/.m2/repository/org/junit/platform/junit-platform-commons/1.7.0/junit-platform-commons-1.7.0.jar:/home/runner/.m2/repository/org/junit/jupiter/junit-jupiter-params/5.7.0/junit-jupiter-params-5.7.0.jar:/home/runner/.m2/repository/org/junit/jupiter/junit-jupiter-migrationsupport/5.7.0/junit-jupiter-migrationsupport-5.7.0.jar:/home/runner/.m2/repository/org/junit/jupiter/junit-jupiter-engine/5.7.0/junit-jupiter-engine-5.7.0.jar:/home/runner/.m2/repository/org/junit/platform/junit-platform-engine/1.7.0/junit-platform-engine-1.7.0.jar:/home/runner/.m2/repository/org/junit/vintage/junit-vintage-engine/5.7.0/junit-vintage-engine-5.7.0.jar:/home/runner/.m2/repository/org/junit/platform/junit-platform-launcher/1.7.0/junit-platform-launcher-1.7.0.jar:/home/runner/.m2/repository/org/mockito/mockito-core/2.28.2/mockito-core-2.28.2.jar:/home/runner/.m2/repository/net/bytebuddy/byte-buddy/1.9.10/byte-buddy-1.9.10.jar:/home/runner/.m2/repository/net/bytebuddy/byte-buddy-agent/1.9.10/byte-buddy-agent-1.9.10.jar:/home/runner/.m2/repository/org/objenesis/objenesis/1.0/objenesis-1.0.jar:/home/runner/.m2/repository/org/apache/hadoop/hadoop-kms/3.3.1/hadoop-kms-3.3.1.jar:/home/runner/.m2/repository/org/apache/hadoop/hadoop-auth/3.3.1/hadoop-auth-3.3.1.jar:/home/runner/.m2/repository/com/nimbusds/nimbus-jose-jwt/7.9/nimbus-jose-jwt-7.9.jar:/home/runner/.m2/repository/com/github/stephenc/jcip/jcip-annotations/1.0-1/jcip-annotations-1.0-1.jar:/home/runner/.m2/repository/net/minidev/json-smart/2.4.7/json-smart-2.4.7.jar:/home/runner/.m2/repository/net/minidev/accessors-smart/2.4.7/accessors-smart-2.4.7.jar:/home/runner/.m2/repository/org/ow2/asm/asm/5.0.4/asm-5.0.4.jar:/home/runner/.m2/repository/org/apache/zookeeper/zookeeper/3.5.6/zookeeper-3.5.6.jar:/home/runner/.m2/repository/org/apache/zookeeper/zookeeper-jute/3.5.6/zookeeper-jute-3.5.6.jar:/home/runner/.m2/repository/org/apache/yetus/audience-annotations/0.5.0/audience-annotations-0.5.0.jar:/home/runner/.m2/repository/org/apache/curator/curator-framework/4.2.0/curator-framework-4.2.0.jar:/home/runner/.m2/repository/org/apache/hadoop/thirdparty/hadoop-shaded-guava/1.1.1/hadoop-shaded-guava-1.1.1.jar:/home/runner/.m2/repository/com/sun/jersey/jersey-core/1.19/jersey-core-1.19.jar:/home/runner/.m2/repository/javax/ws/rs/jsr311-api/1.1.1/jsr311-api-1.1.1.jar:/home/runner/.m2/repository/com/sun/jersey/jersey-server/1.19/jersey-server-1.19.jar:/home/runner/.m2/repository/javax/servlet/javax.servlet-api/3.1.0/javax.servlet-api-3.1.0.jar:/home/runner/.m2/repository/org/eclipse/jetty/jetty-server/9.4.43.v20210629/jetty-server-9.4.43.v20210629.jar:/home/runner/.m2/repository/org/eclipse/jetty/jetty-http/9.4.43.v20210629/jetty-http-9.4.43.v20210629.jar:/home/runner/.m2/repository/org/eclipse/jetty/jetty-io/9.4.43.v20210629/jetty-io-9.4.43.v20210629.jar:/home/runner/.m2/repository/org/eclipse/jetty/jetty-webapp/9.4.43.v20210629/jetty-webapp-9.4.43.v20210629.jar:/home/runner/.m2/repository/org/eclipse/jetty/jetty-xml/9.4.43.v20210629/jetty-xml-9.4.43.v20210629.jar:/home/runner/.m2/repository/org/apache/hadoop/hadoop-common/3.3.1/hadoop-common-3.3.1.jar:/home/runner/.m2/repository/org/apache/commons/commons-math3/3.1.1/commons-math3-3.1.1.jar:/home/runner/.m2/repository/commons-net/commons-net/3.6/commons-net-3.6.jar:/home/runner/.m2/repository/com/sun/jersey/jersey-servlet/1.19/jersey-servlet-1.19.jar:/home/runner/.m2/repository/com/sun/jersey/jersey-json/1.19/jersey-json-1.19.jar:/home/runner/.m2/repository/org/codehaus/jettison/jettison/1.1/jettison-1.1.jar:/home/runner/.m2/repository/com/sun/xml/bind/jaxb-impl/2.2.3-1/jaxb-impl-2.2.3-1.jar:/home/runner/.m2/repository/org/codehaus/jackson/jackson-jaxrs/1.9.2/jackson-jaxrs-1.9.2.jar:/home/runner/.m2/repository/org/codehaus/jackson/jackson-xc/1.9.2/jackson-xc-1.9.2.jar:/home/runner/.m2/repository/org/apache/commons/commons-configuration2/2.1.1/commons-configuration2-2.1.1.jar:/home/runner/.m2/repository/org/apache/commons/commons-text/1.4/commons-text-1.4.jar:/home/runner/.m2/repository/com/google/re2j/re2j/1.1/re2j-1.1.jar:/home/runner/.m2/repository/com/jcraft/jsch/0.1.54/jsch-0.1.54.jar:/home/runner/.m2/repository/org/apache/curator/curator-client/4.2.0/curator-client-4.2.0.jar:/home/runner/.m2/repository/org/apache/curator/curator-recipes/4.2.0/curator-recipes-4.2.0.jar:/home/runner/.m2/repository/org/apache/kerby/kerb-core/1.0.1/kerb-core-1.0.1.jar:/home/runner/.m2/repository/org/apache/kerby/kerby-pkix/1.0.1/kerby-pkix-1.0.1.jar:/home/runner/.m2/repository/org/apache/kerby/kerby-asn1/1.0.1/kerby-asn1-1.0.1.jar:/home/runner/.m2/repository/org/apache/kerby/kerby-util/1.0.1/kerby-util-1.0.1.jar:/home/runner/.m2/repository/dnsjava/dnsjava/2.1.7/dnsjava-2.1.7.jar:/home/runner/.m2/repository/org/xerial/snappy/snappy-java/1.1.8.2/snappy-java-1.1.8.2.jar:/home/runner/.m2/repository/org/slf4j/jul-to-slf4j/1.7.30/jul-to-slf4j-1.7.30.jar:/home/runner/.m2/repository/org/eclipse/jetty/jetty-util/9.4.43.v20210629/jetty-util-9.4.43.v20210629.jar:/home/runner/.m2/repository/com/fasterxml/jackson/core/jackson-databind/2.13.2.2/jackson-databind-2.13.2.2.jar:/home/runner/.m2/repository/org/apache/hadoop/hadoop-kms/3.3.1/hadoop-kms-3.3.1-tests.jar:/home/runner/.m2/repository/org/apache/ozone/hdds-server-scm/1.3.0-SNAPSHOT/hdds-server-scm-1.3.0-SNAPSHOT-tests.jar:/home/runner/.m2/repository/org/apache/ozone/hdds-container-service/1.3.0-SNAPSHOT/hdds-container-service-1.3.0-SNAPSHOT-tests.jar:/home/runner/.m2/repository/commons-codec/commons-codec/1.11/commons-codec-1.11.jar:/home/runner/.m2/repository/io/netty/netty-codec/4.1.63.Final/netty-codec-4.1.63.Final.jar:/home/runner/.m2/repository/io/netty/netty-handler/4.1.63.Final/netty-handler-4.1.63.Final.jar:/home/runner/.m2/repository/org/apache/ozone/hdds-hadoop-dependency-test/1.3.0-SNAPSHOT/hdds-hadoop-dependency-test-1.3.0-SNAPSHOT.jar:/home/runner/.m2/repository/org/apache/hadoop/hadoop-common/3.3.1/hadoop-common-3.3.1-tests.jar:/home/runner/.m2/repository/org/assertj/assertj-core/3.12.2/assertj-core-3.12.2.jar:/home/runner/.m2/repository/org/apache/hadoop/hadoop-hdfs/3.3.1/hadoop-hdfs-3.3.1-tests.jar:/home/runner/.m2/repository/org/eclipse/jetty/jetty-util-ajax/9.4.43.v20210629/jetty-util-ajax-9.4.43.v20210629.jar:/home/runner/.m2/repository/commons-daemon/commons-daemon/1.0.13/commons-daemon-1.0.13.jar:/home/runner/.m2/repository/io/netty/netty/3.10.6.Final/netty-3.10.6.Final.jar:/home/runner/.m2/repository/io/netty/netty-all/4.1.63.Final/netty-all-4.1.63.Final.jar:/home/runner/.m2/repository/org/apache/htrace/htrace-core4/4.1.0-incubating/htrace-core4-4.1.0-incubating.jar:/home/runner/.m2/repository/org/fusesource/leveldbjni/leveldbjni-all/1.8/leveldbjni-all-1.8.jar:/home/runner/.m2/repository/org/apache/hadoop/hadoop-distcp/3.3.1/hadoop-distcp-3.3.1.jar:/home/runner/.m2/repository/org/apache/hadoop/hadoop-mapreduce-client-jobclient/3.3.1/hadoop-mapreduce-client-jobclient-3.3.1.jar:/home/runner/.m2/repository/org/apache/hadoop/hadoop-mapreduce-client-common/3.3.1/hadoop-mapreduce-client-common-3.3.1.jar:/home/runner/.m2/repository/org/apache/hadoop/hadoop-yarn-common/3.3.1/hadoop-yarn-common-3.3.1.jar:/home/runner/.m2/repository/org/apache/hadoop/hadoop-yarn-api/3.3.1/hadoop-yarn-api-3.3.1.jar:/home/runner/.m2/repository/com/sun/jersey/jersey-client/1.19/jersey-client-1.19.jar:/home/runner/.m2/repository/com/sun/jersey/contribs/jersey-guice/1.19/jersey-guice-1.19.jar:/home/runner/.m2/repository/com/fasterxml/jackson/jaxrs/jackson-jaxrs-json-provider/2.13.2/jackson-jaxrs-json-provider-2.13.2.jar:/home/runner/.m2/repository/com/fasterxml/jackson/jaxrs/jackson-jaxrs-base/2.13.2/jackson-jaxrs-base-2.13.2.jar:/home/runner/.m2/repository/org/apache/hadoop/hadoop-yarn-client/3.3.1/hadoop-yarn-client-3.3.1.jar:/home/runner/.m2/repository/org/eclipse/jetty/websocket/websocket-client/9.4.40.v20210413/websocket-client-9.4.40.v20210413.jar:/home/runner/.m2/repository/org/eclipse/jetty/jetty-client/9.4.40.v20210413/jetty-client-9.4.40.v20210413.jar:/home/runner/.m2/repository/org/eclipse/jetty/websocket/websocket-common/9.4.40.v20210413/websocket-common-9.4.40.v20210413.jar:/home/runner/.m2/repository/org/eclipse/jetty/websocket/websocket-api/9.4.40.v20210413/websocket-api-9.4.40.v20210413.jar:/home/runner/.m2/repository/org/jline/jline/3.9.0/jline-3.9.0.jar:/home/runner/.m2/repository/org/apache/hadoop/hadoop-mapreduce-client-core/3.3.1/hadoop-mapreduce-client-core-3.3.1.jar:/home/runner/.m2/repository/org/apache/avro/avro/1.7.7/avro-1.7.7.jar:/home/runner/.m2/repository/org/codehaus/jackson/jackson-core-asl/1.9.13/jackson-core-asl-1.9.13.jar:/home/runner/.m2/repository/org/codehaus/jackson/jackson-mapper-asl/1.9.13/jackson-mapper-asl-1.9.13.jar:/home/runner/.m2/repository/com/thoughtworks/paranamer/paranamer/2.3/paranamer-2.3.jar:/home/runner/.m2/repository/org/apache/hadoop/hadoop-annotations/3.3.1/hadoop-annotations-3.3.1.jar:/usr/lib/jvm/temurin-8-jdk-amd64/jre/../lib/tools.jar:/home/runner/.m2/repository/org/apache/hadoop/hadoop-distcp/3.3.1/hadoop-distcp-3.3.1-tests.jar:/home/runner/.m2/repository/org/apache/ratis/ratis-common/2.2.0/ratis-common-2.2.0.jar:/home/runner/.m2/repository/org/apache/ratis/ratis-thirdparty-misc/0.7.0/ratis-thirdparty-misc-0.7.0.jar:/home/runner/.m2/repository/org/apache/ratis/ratis-proto/2.2.0/ratis-proto-2.2.0.jar:/home/runner/.m2/repository/org/apache/ozone/ozone-annotation-processing/1.3.0-SNAPSHOT/ozone-annotation-processing-1.3.0-SNAPSHOT.jar:"/>
    <property name="sun.cpu.endian" value="little"/>
    <property name="user.home" value="/home/runner"/>
    <property name="user.language" value="en"/>
    <property name="java.specification.vendor" value="Oracle Corporation"/>
    <property name="java.home" value="/usr/lib/jvm/temurin-8-jdk-amd64/jre"/>
    <property name="java.security.krb5.conf" value="/home/runner/work/ozone/ozone/hadoop-ozone/integration-test/target/test-classes/krb5.conf"/>
    <property name="basedir" value="/home/runner/work/ozone/ozone/hadoop-ozone/integration-test"/>
    <property name="file.separator" value="/"/>
    <property name="line.separator" value="&#10;"/>
    <property name="java.vm.specification.vendor" value="Oracle Corporation"/>
    <property name="java.specification.name" value="Java Platform API Specification"/>
    <property name="java.awt.graphicsenv" value="sun.awt.X11GraphicsEnvironment"/>
    <property name="skip.installnpx" value="true"/>
    <property name="surefire.fork.timeout" value="3600"/>
    <property name="surefire.real.class.path" value="/home/runner/work/ozone/ozone/hadoop-ozone/integration-test/target/surefire/surefirebooter6107920505563743902.jar:/home/runner/.m2/repository/org/jacoco/org.jacoco.agent/0.8.5/org.jacoco.agent-0.8.5-runtime.jar"/>
    <property name="hadoop.log.dir" value="/home/runner/work/ozone/ozone/hadoop-ozone/integration-test/target/log"/>
    <property name="sun.boot.class.path" value="/usr/lib/jvm/temurin-8-jdk-amd64/jre/lib/resources.jar:/usr/lib/jvm/temurin-8-jdk-amd64/jre/lib/rt.jar:/usr/lib/jvm/temurin-8-jdk-amd64/jre/lib/sunrsasign.jar:/usr/lib/jvm/temurin-8-jdk-amd64/jre/lib/jsse.jar:/usr/lib/jvm/temurin-8-jdk-amd64/jre/lib/jce.jar:/usr/lib/jvm/temurin-8-jdk-amd64/jre/lib/charsets.jar:/usr/lib/jvm/temurin-8-jdk-amd64/jre/lib/jfr.jar:/usr/lib/jvm/temurin-8-jdk-amd64/jre/classes"/>
    <property name="sun.management.compiler" value="HotSpot 64-Bit Tiered Compilers"/>
    <property name="skip.npx" value="true"/>
    <property name="java.runtime.version" value="1.8.0_322-b06"/>
    <property name="java.net.preferIPv4Stack" value="true"/>
    <property name="user.name" value="runner"/>
    <property name="path.separator" value=":"/>
    <property name="java.security.egd" value="file:///dev/urandom"/>
    <property name="os.version" value="5.4.0-1077-azure"/>
    <property name="java.endorsed.dirs" value="/usr/lib/jvm/temurin-8-jdk-amd64/jre/lib/endorsed"/>
    <property name="java.runtime.name" value="OpenJDK Runtime Environment"/>
    <property name="file.encoding" value="UTF-8"/>
    <property name="java.vm.name" value="OpenJDK 64-Bit Server VM"/>
    <property name="test.build.webapps" value=""/>
    <property name="localRepository" value="/home/runner/.m2/repository"/>
    <property name="jetty.git.hash" value="526006ecfa3af7f1a27ef3a288e2bef7ea9dd7e8"/>
    <property name="java.vendor.url.bug" value="https://github.com/adoptium/adoptium-support/issues"/>
    <property name="java.io.tmpdir" value="/tmp"/>
    <property name="require.test.libhadoop" value=""/>
    <property name="surefire.rerunFailingTestsCount" value="5"/>
    <property name="java.version" value="1.8.0_322"/>
    <property name="user.dir" value="/home/runner/work/ozone/ozone/hadoop-ozone/integration-test"/>
    <property name="os.arch" value="amd64"/>
    <property name="java.vm.specification.name" value="Java Virtual Machine Specification"/>
    <property name="test.build.classes" value="/home/runner/work/ozone/ozone/hadoop-ozone/integration-test/target/test-classes"/>
    <property name="java.awt.printerjob" value="sun.print.PSPrinterJob"/>
    <property name="sun.os.patch.level" value="unknown"/>
    <property name="hadoop.tmp.dir" value="/home/runner/work/ozone/ozone/hadoop-ozone/integration-test/target/tmp"/>
    <property name="java.library.path" value="/usr/java/packages/lib/amd64:/usr/lib64:/lib64:/lib:/usr/lib"/>
    <property name="java.vm.info" value="mixed mode"/>
    <property name="java.vendor" value="Temurin"/>
    <property name="java.vm.version" value="25.322-b06"/>
    <property name="java.ext.dirs" value="/usr/lib/jvm/temurin-8-jdk-amd64/jre/lib/ext:/usr/java/packages/lib/ext"/>
    <property name="sun.io.unicode.encoding" value="UnicodeLittle"/>
    <property name="java.class.version" value="52.0"/>
  </properties>
  <testcase name="testPrepareWithMultipleThreads" classname="org.apache.hadoop.ozone.om.TestOzoneManagerPrepare" time="7.614"/>
  <testcase name="testCancelPrepare" classname="org.apache.hadoop.ozone.om.TestOzoneManagerPrepare" time="14.571"/>
  <testcase name="testPrepareWithTransactions" classname="org.apache.hadoop.ozone.om.TestOzoneManagerPrepare" time="21.89"/>
  <testcase name="testPrepareDownedOM" classname="org.apache.hadoop.ozone.om.TestOzoneManagerPrepare" time="128.19">
    <error type="PREPARE_FAILED org.apache.hadoop.ozone.om.exceptions.OMException"><![CDATA[PREPARE_FAILED org.apache.hadoop.ozone.om.exceptions.OMException: java.io.IOException: After waiting for 120 seconds, Ratis state machine applied index 461 which is less than the minimum required index 462.
	at org.apache.hadoop.ozone.om.protocolPB.OzoneManagerProtocolClientSideTranslatorPB.handleError(OzoneManagerProtocolClientSideTranslatorPB.java:668)
	at org.apache.hadoop.ozone.om.protocolPB.OzoneManagerProtocolClientSideTranslatorPB.prepareOzoneManager(OzoneManagerProtocolClientSideTranslatorPB.java:1707)
	at org.apache.hadoop.ozone.om.TestOzoneManagerPrepare.submitPrepareRequest(TestOzoneManagerPrepare.java:427)
	at org.apache.hadoop.ozone.om.TestOzoneManagerPrepare.testPrepareDownedOM(TestOzoneManagerPrepare.java:155)
	at sun.reflect.NativeMethodAccessorImpl.invoke0(Native Method)
	at sun.reflect.NativeMethodAccessorImpl.invoke(NativeMethodAccessorImpl.java:62)
	at sun.reflect.DelegatingMethodAccessorImpl.invoke(DelegatingMethodAccessorImpl.java:43)
	at java.lang.reflect.Method.invoke(Method.java:498)
	at org.junit.platform.commons.util.ReflectionUtils.invokeMethod(ReflectionUtils.java:688)
	at org.junit.jupiter.engine.execution.MethodInvocation.proceed(MethodInvocation.java:60)
	at org.junit.jupiter.engine.execution.InvocationInterceptorChain$ValidatingInvocation.proceed(InvocationInterceptorChain.java:131)
	at org.junit.jupiter.engine.extension.TimeoutInvocation.proceed(TimeoutInvocation.java:46)
	at org.junit.jupiter.engine.extension.TimeoutExtension.intercept(TimeoutExtension.java:149)
	at org.junit.jupiter.engine.extension.TimeoutExtension.interceptTestableMethod(TimeoutExtension.java:140)
	at org.junit.jupiter.engine.extension.TimeoutExtension.interceptTestMethod(TimeoutExtension.java:84)
	at org.junit.jupiter.engine.execution.ExecutableInvoker$ReflectiveInterceptorCall.lambda$ofVoidMethod$0(ExecutableInvoker.java:115)
	at org.junit.jupiter.engine.execution.ExecutableInvoker.lambda$invoke$0(ExecutableInvoker.java:105)
	at org.junit.jupiter.engine.execution.InvocationInterceptorChain$InterceptedInvocation.proceed(InvocationInterceptorChain.java:106)
	at org.junit.jupiter.engine.execution.InvocationInterceptorChain.proceed(InvocationInterceptorChain.java:64)
	at org.junit.jupiter.engine.execution.InvocationInterceptorChain.chainAndInvoke(InvocationInterceptorChain.java:45)
	at org.junit.jupiter.engine.execution.InvocationInterceptorChain.invoke(InvocationInterceptorChain.java:37)
	at org.junit.jupiter.engine.execution.ExecutableInvoker.invoke(ExecutableInvoker.java:104)
	at org.junit.jupiter.engine.execution.ExecutableInvoker.invoke(ExecutableInvoker.java:98)
	at org.junit.jupiter.engine.descriptor.TestMethodTestDescriptor.lambda$invokeTestMethod$6(TestMethodTestDescriptor.java:210)
	at org.junit.platform.engine.support.hierarchical.ThrowableCollector.execute(ThrowableCollector.java:73)
	at org.junit.jupiter.engine.descriptor.TestMethodTestDescriptor.invokeTestMethod(TestMethodTestDescriptor.java:206)
	at org.junit.jupiter.engine.descriptor.TestMethodTestDescriptor.execute(TestMethodTestDescriptor.java:131)
	at org.junit.jupiter.engine.descriptor.TestMethodTestDescriptor.execute(TestMethodTestDescriptor.java:65)
	at org.junit.platform.engine.support.hierarchical.NodeTestTask.lambda$executeRecursively$5(NodeTestTask.java:139)
	at org.junit.platform.engine.support.hierarchical.ThrowableCollector.execute(ThrowableCollector.java:73)
	at org.junit.platform.engine.support.hierarchical.NodeTestTask.lambda$executeRecursively$7(NodeTestTask.java:129)
	at org.junit.platform.engine.support.hierarchical.Node.around(Node.java:137)
	at org.junit.platform.engine.support.hierarchical.NodeTestTask.lambda$executeRecursively$8(NodeTestTask.java:127)
	at org.junit.platform.engine.support.hierarchical.ThrowableCollector.execute(ThrowableCollector.java:73)
	at org.junit.platform.engine.support.hierarchical.NodeTestTask.executeRecursively(NodeTestTask.java:126)
	at org.junit.platform.engine.support.hierarchical.NodeTestTask.execute(NodeTestTask.java:84)
	at java.util.ArrayList.forEach(ArrayList.java:1259)
	at org.junit.platform.engine.support.hierarchical.SameThreadHierarchicalTestExecutorService.invokeAll(SameThreadHierarchicalTestExecutorService.java:38)
	at org.junit.platform.engine.support.hierarchical.NodeTestTask.lambda$executeRecursively$5(NodeTestTask.java:143)
	at org.junit.platform.engine.support.hierarchical.ThrowableCollector.execute(ThrowableCollector.java:73)
	at org.junit.platform.engine.support.hierarchical.NodeTestTask.lambda$executeRecursively$7(NodeTestTask.java:129)
	at org.junit.platform.engine.support.hierarchical.Node.around(Node.java:137)
	at org.junit.platform.engine.support.hierarchical.NodeTestTask.lambda$executeRecursively$8(NodeTestTask.java:127)
	at org.junit.platform.engine.support.hierarchical.ThrowableCollector.execute(ThrowableCollector.java:73)
	at org.junit.platform.engine.support.hierarchical.NodeTestTask.executeRecursively(NodeTestTask.java:126)
	at org.junit.platform.engine.support.hierarchical.NodeTestTask.execute(NodeTestTask.java:84)
	at java.util.ArrayList.forEach(ArrayList.java:1259)
	at org.junit.platform.engine.support.hierarchical.SameThreadHierarchicalTestExecutorService.invokeAll(SameThreadHierarchicalTestExecutorService.java:38)
	at org.junit.platform.engine.support.hierarchical.NodeTestTask.lambda$executeRecursively$5(NodeTestTask.java:143)
	at org.junit.platform.engine.support.hierarchical.ThrowableCollector.execute(ThrowableCollector.java:73)
	at org.junit.platform.engine.support.hierarchical.NodeTestTask.lambda$executeRecursively$7(NodeTestTask.java:129)
	at org.junit.platform.engine.support.hierarchical.Node.around(Node.java:137)
	at org.junit.platform.engine.support.hierarchical.NodeTestTask.lambda$executeRecursively$8(NodeTestTask.java:127)
	at org.junit.platform.engine.support.hierarchical.ThrowableCollector.execute(ThrowableCollector.java:73)
	at org.junit.platform.engine.support.hierarchical.NodeTestTask.executeRecursively(NodeTestTask.java:126)
	at org.junit.platform.engine.support.hierarchical.NodeTestTask.execute(NodeTestTask.java:84)
	at org.junit.platform.engine.support.hierarchical.SameThreadHierarchicalTestExecutorService.submit(SameThreadHierarchicalTestExecutorService.java:32)
	at org.junit.platform.engine.support.hierarchical.HierarchicalTestExecutor.execute(HierarchicalTestExecutor.java:57)
	at org.junit.platform.engine.support.hierarchical.HierarchicalTestEngine.execute(HierarchicalTestEngine.java:51)
	at org.junit.platform.launcher.core.EngineExecutionOrchestrator.execute(EngineExecutionOrchestrator.java:108)
	at org.junit.platform.launcher.core.EngineExecutionOrchestrator.execute(EngineExecutionOrchestrator.java:88)
	at org.junit.platform.launcher.core.EngineExecutionOrchestrator.lambda$execute$0(EngineExecutionOrchestrator.java:54)
	at org.junit.platform.launcher.core.EngineExecutionOrchestrator.withInterceptedStreams(EngineExecutionOrchestrator.java:67)
	at org.junit.platform.launcher.core.EngineExecutionOrchestrator.execute(EngineExecutionOrchestrator.java:52)
	at org.junit.platform.launcher.core.DefaultLauncher.execute(DefaultLauncher.java:96)
	at org.junit.platform.launcher.core.DefaultLauncher.execute(DefaultLauncher.java:75)
	at org.apache.maven.surefire.junitplatform.JUnitPlatformProvider.execute(JUnitPlatformProvider.java:188)
	at org.apache.maven.surefire.junitplatform.JUnitPlatformProvider.invokeAllTests(JUnitPlatformProvider.java:154)
	at org.apache.maven.surefire.junitplatform.JUnitPlatformProvider.invoke(JUnitPlatformProvider.java:124)
	at org.apache.maven.surefire.booter.ForkedBooter.runSuitesInProcess(ForkedBooter.java:428)
	at org.apache.maven.surefire.booter.ForkedBooter.execute(ForkedBooter.java:162)
	at org.apache.maven.surefire.booter.ForkedBooter.run(ForkedBooter.java:562)
	at org.apache.maven.surefire.booter.ForkedBooter.main(ForkedBooter.java:548)
]]></error>
    <system-out><![CDATA[2022-05-07 13:18:02,494 [org.apache.hadoop.util.JvmPauseMonitor$Monitor@29d52661] INFO  util.JvmPauseMonitor (JvmPauseMonitor.java:run(188)) - Starting JVM pause monitor
2022-05-07 13:18:02,495 [Listener at localhost/32839] INFO  retry.RetryInvocationHandler (RetryInvocationHandler.java:log(411)) - com.google.protobuf.ServiceException: java.io.EOFException: End of File Exception between local host is: "fv-az215-301/10.1.0.14"; destination host is: "localhost":42699; : java.io.EOFException; For more details see:  http://wiki.apache.org/hadoop/EOFException, while invoking $Proxy56.submitRequest over nodeId=omNode-3,nodeAddress=127.0.0.1:42699. Trying to failover after sleeping for 2000ms.
2022-05-07 13:18:03,164 [omNode-2@group-523986131536-FollowerState] INFO  impl.FollowerState (FollowerState.java:run(134)) - omNode-2@group-523986131536-FollowerState: change to CANDIDATE, lastRpcElapsedTime:1091913095ns, electionTimeout:1085ms
2022-05-07 13:18:03,165 [omNode-2@group-523986131536-FollowerState] INFO  impl.RoleInfo (RoleInfo.java:shutdownFollowerState(108)) - omNode-2: shutdown omNode-2@group-523986131536-FollowerState
2022-05-07 13:18:03,165 [omNode-2@group-523986131536-FollowerState] INFO  server.RaftServer$Division (RaftServerImpl.java:setRole(290)) - omNode-2@group-523986131536: changes role from  FOLLOWER to CANDIDATE at term 4 for changeToCandidate
2022-05-07 13:18:03,165 [omNode-2@group-523986131536-FollowerState] INFO  server.RaftServerConfigKeys (ConfUtils.java:logGet(44)) - raft.server.leaderelection.pre-vote = false (custom)
2022-05-07 13:18:03,165 [omNode-2@group-523986131536-FollowerState] INFO  impl.RoleInfo (RoleInfo.java:updateAndGet(130)) - omNode-2: start omNode-2@group-523986131536-LeaderElection10
2022-05-07 13:18:03,172 [omNode-2@group-523986131536-LeaderElection10] INFO  impl.LeaderElection (LeaderElection.java:askForVotes(306)) - omNode-2@group-523986131536-LeaderElection10 ELECTION round 0: submit vote requests at term 5 for 361: [omNode-3|rpc:localhost:42517|admin:|client:|dataStream:|priority:0, omNode-1|rpc:localhost:46667|admin:|client:|dataStream:|priority:0, omNode-2|rpc:localhost:35089|admin:|client:|dataStream:|priority:0], old=null
2022-05-07 13:18:03,192 [grpc-default-executor-0] INFO  server.RaftServer$Division (RaftServerImpl.java:requestVote(1046)) - omNode-3@group-523986131536: receive requestVote(ELECTION, omNode-2, group-523986131536, 5, (t:4, i:362))
2022-05-07 13:18:03,192 [grpc-default-executor-0] INFO  impl.VoteContext (VoteContext.java:log(48)) - omNode-3@group-523986131536-FOLLOWER: accept ELECTION from omNode-2: our priority 0 <= candidate's priority 0
2022-05-07 13:18:03,192 [grpc-default-executor-0] INFO  server.RaftServer$Division (ServerState.java:setLeader(285)) - omNode-3@group-523986131536: change Leader from omNode-2 to null at term 5 for updateCurrentTerm
2022-05-07 13:18:03,192 [grpc-default-executor-0] INFO  server.RaftServer$Division (RaftServerImpl.java:setRole(290)) - omNode-3@group-523986131536: changes role from  FOLLOWER to FOLLOWER at term 5 for candidate:omNode-2
2022-05-07 13:18:03,193 [grpc-default-executor-0] INFO  impl.RoleInfo (RoleInfo.java:shutdownFollowerState(108)) - omNode-3: shutdown omNode-3@group-523986131536-FollowerState
2022-05-07 13:18:03,193 [grpc-default-executor-0] INFO  impl.RoleInfo (RoleInfo.java:updateAndGet(130)) - omNode-3: start omNode-3@group-523986131536-FollowerState
2022-05-07 13:18:03,193 [omNode-3@group-523986131536-FollowerState] INFO  impl.FollowerState (FollowerState.java:run(143)) - omNode-3@group-523986131536-FollowerState was interrupted: {}
java.lang.InterruptedException: sleep interrupted
	at java.lang.Thread.sleep(Native Method)
	at java.lang.Thread.sleep(Thread.java:342)
	at java.util.concurrent.TimeUnit.sleep(TimeUnit.java:386)
	at org.apache.ratis.util.TimeDuration.sleep(TimeDuration.java:324)
	at org.apache.ratis.util.TimeDuration.sleep(TimeDuration.java:309)
	at org.apache.ratis.server.impl.FollowerState.run(FollowerState.java:118)
2022-05-07 13:18:03,199 [grpc-default-executor-0] INFO  server.RaftServer$Division (RaftServerImpl.java:requestVote(1078)) - omNode-3@group-523986131536 replies to ELECTION vote request: omNode-2<-omNode-3#0:OK-t5. Peer's state: omNode-3@group-523986131536:t5, leader=null, voted=omNode-2, raftlog=omNode-3@group-523986131536-SegmentedRaftLog:OPENED:c361, conf=361: [omNode-3|rpc:localhost:42517|admin:|client:|dataStream:|priority:0, omNode-1|rpc:localhost:46667|admin:|client:|dataStream:|priority:0, omNode-2|rpc:localhost:35089|admin:|client:|dataStream:|priority:0], old=null
2022-05-07 13:18:03,200 [omNode-2@group-523986131536-LeaderElection10] INFO  impl.LeaderElection (LeaderElection.java:logAndReturn(89)) - omNode-2@group-523986131536-LeaderElection10: ELECTION PASSED received 1 response(s) and 0 exception(s):
2022-05-07 13:18:03,201 [omNode-2@group-523986131536-LeaderElection10] INFO  impl.LeaderElection (LeaderElection.java:logAndReturn(93)) -   Response 0: omNode-2<-omNode-3#0:OK-t5
2022-05-07 13:18:03,201 [omNode-2@group-523986131536-LeaderElection10] INFO  impl.LeaderElection (LeaderElection.java:askForVotes(308)) - omNode-2@group-523986131536-LeaderElection10 ELECTION round 0: result PASSED
2022-05-07 13:18:03,202 [omNode-2@group-523986131536-LeaderElection10] INFO  impl.RoleInfo (RoleInfo.java:shutdownLeaderElection(121)) - omNode-2: shutdown omNode-2@group-523986131536-LeaderElection10
2022-05-07 13:18:03,202 [omNode-2@group-523986131536-LeaderElection10] INFO  server.RaftServer$Division (RaftServerImpl.java:setRole(290)) - omNode-2@group-523986131536: changes role from CANDIDATE to LEADER at term 5 for changeToLeader
2022-05-07 13:18:03,202 [omNode-2@group-523986131536-LeaderElection10] INFO  server.RaftServer$Division (ServerState.java:setLeader(285)) - omNode-2@group-523986131536: change Leader from null to omNode-2 at term 5 for becomeLeader, leader elected after 1142ms
2022-05-07 13:18:03,202 [omNode-2@group-523986131536-LeaderElection10] INFO  server.RaftServerConfigKeys (ConfUtils.java:logGet(44)) - raft.server.staging.catchup.gap = 1000 (default)
2022-05-07 13:18:03,202 [omNode-2@group-523986131536-LeaderElection10] INFO  server.RaftServerConfigKeys (ConfUtils.java:logGet(44)) - raft.server.write.element-limit = 4096 (default)
2022-05-07 13:18:03,202 [omNode-2@group-523986131536-LeaderElection10] INFO  server.RaftServerConfigKeys (ConfUtils.java:logGet(44)) - raft.server.write.byte-limit = 64MB (=67108864) (default)
2022-05-07 13:18:03,202 [omNode-2@group-523986131536-LeaderElection10] INFO  server.RaftServerConfigKeys (ConfUtils.java:logGet(44)) - raft.server.watch.timeout = 10s (default)
2022-05-07 13:18:03,203 [omNode-2@group-523986131536-LeaderElection10] INFO  server.RaftServerConfigKeys (ConfUtils.java:logGet(44)) - raft.server.watch.timeout.denomination = 1s (default)
2022-05-07 13:18:03,203 [omNode-2@group-523986131536-LeaderElection10] INFO  server.RaftServerConfigKeys (ConfUtils.java:logGet(44)) - raft.server.watch.element-limit = 65536 (default)
2022-05-07 13:18:03,203 [omNode-2@group-523986131536-LeaderElection10] INFO  server.RaftServerConfigKeys (ConfUtils.java:logGet(44)) - raft.server.write.element-limit = 4096 (default)
2022-05-07 13:18:03,203 [omNode-2@group-523986131536-LeaderElection10] INFO  server.RaftServerConfigKeys (ConfUtils.java:logGet(44)) - raft.server.write.follower.gap.ratio.max = -1.0 (default)
2022-05-07 13:18:03,203 [omNode-2@group-523986131536-LeaderElection10] INFO  server.RaftServerConfigKeys (ConfUtils.java:logGet(44)) - raft.server.log.appender.snapshot.chunk.size.max = 16MB (=16777216) (default)
2022-05-07 13:18:03,203 [omNode-2@group-523986131536-LeaderElection10] INFO  server.RaftServerConfigKeys (ConfUtils.java:logGet(44)) - raft.server.log.appender.buffer.byte-limit = 33554432 (custom)
2022-05-07 13:18:03,203 [omNode-2@group-523986131536-LeaderElection10] INFO  server.RaftServerConfigKeys (ConfUtils.java:logGet(44)) - raft.server.log.appender.buffer.element-limit = 1024 (custom)
2022-05-07 13:18:03,204 [omNode-2@group-523986131536-LeaderElection10] INFO  grpc.GrpcConfigKeys (ConfUtils.java:logGet(44)) - raft.grpc.server.leader.outstanding.appends.max = 128 (default)
2022-05-07 13:18:03,204 [omNode-2@group-523986131536-LeaderElection10] INFO  server.RaftServerConfigKeys (ConfUtils.java:logGet(44)) - raft.server.rpc.request.timeout = 3000ms (default)
2022-05-07 13:18:03,204 [omNode-2@group-523986131536-LeaderElection10] INFO  server.RaftServerConfigKeys (ConfUtils.java:logGet(44)) - raft.server.log.appender.install.snapshot.enabled = false (custom)
2022-05-07 13:18:03,205 [omNode-2@group-523986131536-LeaderElection10] INFO  server.RaftServerConfigKeys (ConfUtils.java:logGet(44)) - raft.server.log.appender.snapshot.chunk.size.max = 16MB (=16777216) (default)
2022-05-07 13:18:03,205 [omNode-2@group-523986131536-LeaderElection10] INFO  server.RaftServerConfigKeys (ConfUtils.java:logGet(44)) - raft.server.log.appender.buffer.byte-limit = 33554432 (custom)
2022-05-07 13:18:03,205 [omNode-2@group-523986131536-LeaderElection10] INFO  server.RaftServerConfigKeys (ConfUtils.java:logGet(44)) - raft.server.log.appender.buffer.element-limit = 1024 (custom)
2022-05-07 13:18:03,206 [omNode-2@group-523986131536-LeaderElection10] INFO  grpc.GrpcConfigKeys (ConfUtils.java:logGet(44)) - raft.grpc.server.leader.outstanding.appends.max = 128 (default)
2022-05-07 13:18:03,206 [omNode-2@group-523986131536-LeaderElection10] INFO  server.RaftServerConfigKeys (ConfUtils.java:logGet(44)) - raft.server.rpc.request.timeout = 3000ms (default)
2022-05-07 13:18:03,206 [omNode-2@group-523986131536-LeaderElection10] INFO  server.RaftServerConfigKeys (ConfUtils.java:logGet(44)) - raft.server.log.appender.install.snapshot.enabled = false (custom)
2022-05-07 13:18:03,207 [omNode-2@group-523986131536-LeaderElection10] INFO  impl.RoleInfo (RoleInfo.java:updateAndGet(130)) - omNode-2: start omNode-2@group-523986131536-LeaderStateImpl
2022-05-07 13:18:03,207 [omNode-2@group-523986131536-LeaderElection10] INFO  segmented.SegmentedRaftLogWorker (SegmentedRaftLogWorker.java:rollLogSegment(399)) - omNode-2@group-523986131536-SegmentedRaftLogWorker: Rolling segment log-361_362 to index:362
2022-05-07 13:18:03,208 [omNode-2@group-523986131536-SegmentedRaftLogWorker] INFO  segmented.SegmentedRaftLogWorker (SegmentedRaftLogWorker.java:execute(558)) - omNode-2@group-523986131536-SegmentedRaftLogWorker: Rolled log segment from /home/runner/work/ozone/ozone/hadoop-ozone/integration-test/target/test-dir/MiniOzoneClusterImpl-d5882a6c-7ff2-4adf-97a8-10f223e238e9/omNode-2/ratis/c9bc4cf4-3bc3-3c60-a66b-523986131536/current/log_inprogress_361 to /home/runner/work/ozone/ozone/hadoop-ozone/integration-test/target/test-dir/MiniOzoneClusterImpl-d5882a6c-7ff2-4adf-97a8-10f223e238e9/omNode-2/ratis/c9bc4cf4-3bc3-3c60-a66b-523986131536/current/log_361-362
2022-05-07 13:18:03,212 [grpc-default-executor-0] INFO  server.RaftServer$Division (RaftServerImpl.java:requestVote(1046)) - omNode-1@group-523986131536: receive requestVote(ELECTION, omNode-2, group-523986131536, 5, (t:4, i:362))
2022-05-07 13:18:03,214 [grpc-default-executor-0] INFO  impl.VoteContext (VoteContext.java:log(48)) - omNode-1@group-523986131536-FOLLOWER: accept ELECTION from omNode-2: our priority 0 <= candidate's priority 0
2022-05-07 13:18:03,214 [grpc-default-executor-0] INFO  server.RaftServer$Division (ServerState.java:setLeader(285)) - omNode-1@group-523986131536: change Leader from omNode-2 to null at term 5 for updateCurrentTerm
2022-05-07 13:18:03,214 [grpc-default-executor-0] INFO  server.RaftServer$Division (RaftServerImpl.java:setRole(290)) - omNode-1@group-523986131536: changes role from  FOLLOWER to FOLLOWER at term 5 for candidate:omNode-2
2022-05-07 13:18:03,214 [grpc-default-executor-0] INFO  impl.RoleInfo (RoleInfo.java:shutdownFollowerState(108)) - omNode-1: shutdown omNode-1@group-523986131536-FollowerState
2022-05-07 13:18:03,214 [grpc-default-executor-0] INFO  impl.RoleInfo (RoleInfo.java:updateAndGet(130)) - omNode-1: start omNode-1@group-523986131536-FollowerState
2022-05-07 13:18:03,214 [omNode-1@group-523986131536-FollowerState] INFO  impl.FollowerState (FollowerState.java:run(143)) - omNode-1@group-523986131536-FollowerState was interrupted: {}
java.lang.InterruptedException: sleep interrupted
	at java.lang.Thread.sleep(Native Method)
	at java.lang.Thread.sleep(Thread.java:342)
	at java.util.concurrent.TimeUnit.sleep(TimeUnit.java:386)
	at org.apache.ratis.util.TimeDuration.sleep(TimeDuration.java:324)
	at org.apache.ratis.util.TimeDuration.sleep(TimeDuration.java:309)
	at org.apache.ratis.server.impl.FollowerState.run(FollowerState.java:118)
2022-05-07 13:18:03,222 [grpc-default-executor-0] INFO  server.RaftServer$Division (RaftServerImpl.java:requestVote(1078)) - omNode-1@group-523986131536 replies to ELECTION vote request: omNode-2<-omNode-1#0:OK-t5. Peer's state: omNode-1@group-523986131536:t5, leader=null, voted=omNode-2, raftlog=omNode-1@group-523986131536-SegmentedRaftLog:OPENED:c361, conf=361: [omNode-3|rpc:localhost:42517|admin:|client:|dataStream:|priority:0, omNode-1|rpc:localhost:46667|admin:|client:|dataStream:|priority:0, omNode-2|rpc:localhost:35089|admin:|client:|dataStream:|priority:0], old=null
2022-05-07 13:18:03,232 [omNode-2@group-523986131536-LeaderElection10] INFO  server.RaftServer$Division (ServerState.java:setRaftConf(387)) - omNode-2@group-523986131536: set configuration 363: [omNode-3|rpc:localhost:42517|admin:|client:|dataStream:|priority:0, omNode-1|rpc:localhost:46667|admin:|client:|dataStream:|priority:0, omNode-2|rpc:localhost:35089|admin:|client:|dataStream:|priority:0], old=null
2022-05-07 13:18:03,238 [grpc-default-executor-1] INFO  server.RaftServer$Division (ServerState.java:setLeader(285)) - omNode-1@group-523986131536: change Leader from null to omNode-2 at term 5 for appendEntries, leader elected after 23ms
2022-05-07 13:18:03,240 [grpc-default-executor-3] INFO  server.RaftServer$Division (ServerState.java:setLeader(285)) - omNode-3@group-523986131536: change Leader from null to omNode-2 at term 5 for appendEntries, leader elected after 47ms
2022-05-07 13:18:03,240 [omNode-2@group-523986131536-SegmentedRaftLogWorker] INFO  segmented.SegmentedRaftLogWorker (SegmentedRaftLogWorker.java:execute(601)) - omNode-2@group-523986131536-SegmentedRaftLogWorker: created new log segment /home/runner/work/ozone/ozone/hadoop-ozone/integration-test/target/test-dir/MiniOzoneClusterImpl-d5882a6c-7ff2-4adf-97a8-10f223e238e9/omNode-2/ratis/c9bc4cf4-3bc3-3c60-a66b-523986131536/current/log_inprogress_363
2022-05-07 13:18:03,246 [grpc-default-executor-1] INFO  server.RaftServer$Division (ServerState.java:setRaftConf(387)) - omNode-1@group-523986131536: set configuration 363: [omNode-3|rpc:localhost:42517|admin:|client:|dataStream:|priority:0, omNode-1|rpc:localhost:46667|admin:|client:|dataStream:|priority:0, omNode-2|rpc:localhost:35089|admin:|client:|dataStream:|priority:0], old=null
2022-05-07 13:18:03,247 [grpc-default-executor-1] INFO  segmented.SegmentedRaftLogWorker (SegmentedRaftLogWorker.java:rollLogSegment(399)) - omNode-1@group-523986131536-SegmentedRaftLogWorker: Rolling segment log-361_362 to index:362
2022-05-07 13:18:03,250 [omNode-1@group-523986131536-SegmentedRaftLogWorker] INFO  segmented.SegmentedRaftLogWorker (SegmentedRaftLogWorker.java:execute(558)) - omNode-1@group-523986131536-SegmentedRaftLogWorker: Rolled log segment from /home/runner/work/ozone/ozone/hadoop-ozone/integration-test/target/test-dir/MiniOzoneClusterImpl-d5882a6c-7ff2-4adf-97a8-10f223e238e9/omNode-1/ratis/c9bc4cf4-3bc3-3c60-a66b-523986131536/current/log_inprogress_361 to /home/runner/work/ozone/ozone/hadoop-ozone/integration-test/target/test-dir/MiniOzoneClusterImpl-d5882a6c-7ff2-4adf-97a8-10f223e238e9/omNode-1/ratis/c9bc4cf4-3bc3-3c60-a66b-523986131536/current/log_361-362
2022-05-07 13:18:03,257 [grpc-default-executor-3] INFO  server.RaftServer$Division (ServerState.java:setRaftConf(387)) - omNode-3@group-523986131536: set configuration 363: [omNode-3|rpc:localhost:42517|admin:|client:|dataStream:|priority:0, omNode-1|rpc:localhost:46667|admin:|client:|dataStream:|priority:0, omNode-2|rpc:localhost:35089|admin:|client:|dataStream:|priority:0], old=null
2022-05-07 13:18:03,258 [grpc-default-executor-3] INFO  segmented.SegmentedRaftLogWorker (SegmentedRaftLogWorker.java:rollLogSegment(399)) - omNode-3@group-523986131536-SegmentedRaftLogWorker: Rolling segment log-361_362 to index:362
2022-05-07 13:18:03,259 [omNode-3@group-523986131536-SegmentedRaftLogWorker] INFO  segmented.SegmentedRaftLogWorker (SegmentedRaftLogWorker.java:execute(558)) - omNode-3@group-523986131536-SegmentedRaftLogWorker: Rolled log segment from /home/runner/work/ozone/ozone/hadoop-ozone/integration-test/target/test-dir/MiniOzoneClusterImpl-d5882a6c-7ff2-4adf-97a8-10f223e238e9/omNode-3/ratis/c9bc4cf4-3bc3-3c60-a66b-523986131536/current/log_inprogress_361 to /home/runner/work/ozone/ozone/hadoop-ozone/integration-test/target/test-dir/MiniOzoneClusterImpl-d5882a6c-7ff2-4adf-97a8-10f223e238e9/omNode-3/ratis/c9bc4cf4-3bc3-3c60-a66b-523986131536/current/log_361-362
2022-05-07 13:18:03,264 [omNode-1@group-523986131536-SegmentedRaftLogWorker] INFO  segmented.SegmentedRaftLogWorker (SegmentedRaftLogWorker.java:execute(601)) - omNode-1@group-523986131536-SegmentedRaftLogWorker: created new log segment /home/runner/work/ozone/ozone/hadoop-ozone/integration-test/target/test-dir/MiniOzoneClusterImpl-d5882a6c-7ff2-4adf-97a8-10f223e238e9/omNode-1/ratis/c9bc4cf4-3bc3-3c60-a66b-523986131536/current/log_inprogress_363
2022-05-07 13:18:03,275 [omNode-3@group-523986131536-SegmentedRaftLogWorker] INFO  segmented.SegmentedRaftLogWorker (SegmentedRaftLogWorker.java:execute(601)) - omNode-3@group-523986131536-SegmentedRaftLogWorker: created new log segment /home/runner/work/ozone/ozone/hadoop-ozone/integration-test/target/test-dir/MiniOzoneClusterImpl-d5882a6c-7ff2-4adf-97a8-10f223e238e9/omNode-3/ratis/c9bc4cf4-3bc3-3c60-a66b-523986131536/current/log_inprogress_363
2022-05-07 13:18:03,275 [omNode-2@group-523986131536-StateMachineUpdater] INFO  ratis.OzoneManagerStateMachine (OzoneManagerStateMachine.java:notifyConfigurationChanged(191)) - Received Configuration change notification from Ratis. New Peer list:
[id: "omNode-3"
address: "localhost:42517"
, id: "omNode-1"
address: "localhost:46667"
, id: "omNode-2"
address: "localhost:35089"
]
2022-05-07 13:18:03,286 [omNode-1@group-523986131536-StateMachineUpdater] INFO  ratis.OzoneManagerStateMachine (OzoneManagerStateMachine.java:notifyConfigurationChanged(191)) - Received Configuration change notification from Ratis. New Peer list:
[id: "omNode-3"
address: "localhost:42517"
, id: "omNode-1"
address: "localhost:46667"
, id: "omNode-2"
address: "localhost:35089"
]
2022-05-07 13:18:03,292 [omNode-3@group-523986131536-StateMachineUpdater] INFO  ratis.OzoneManagerStateMachine (OzoneManagerStateMachine.java:notifyConfigurationChanged(191)) - Received Configuration change notification from Ratis. New Peer list:
[id: "omNode-3"
address: "localhost:42517"
, id: "omNode-1"
address: "localhost:46667"
, id: "omNode-2"
address: "localhost:35089"
]
2022-05-07 13:18:04,503 [Listener at localhost/32839] INFO  retry.RetryInvocationHandler (RetryInvocationHandler.java:log(411)) - com.google.protobuf.ServiceException: org.apache.hadoop.ipc.RemoteException(org.apache.hadoop.ozone.om.exceptions.OMNotLeaderException): OM:omNode-1 is not the leader. Could not determine the leader node.
	at org.apache.hadoop.ozone.om.ratis.utils.OzoneManagerRatisUtils.createNotLeaderException(OzoneManagerRatisUtils.java:425)
	at org.apache.hadoop.ozone.om.ratis.utils.OzoneManagerRatisUtils.checkLeaderStatus(OzoneManagerRatisUtils.java:411)
	at org.apache.hadoop.ozone.protocolPB.OzoneManagerProtocolServerSideTranslatorPB.checkLeaderStatus(OzoneManagerProtocolServerSideTranslatorPB.java:303)
	at org.apache.hadoop.ozone.protocolPB.OzoneManagerProtocolServerSideTranslatorPB.processRequest(OzoneManagerProtocolServerSideTranslatorPB.java:182)
	at org.apache.hadoop.hdds.server.OzoneProtocolMessageDispatcher.processRequest(OzoneProtocolMessageDispatcher.java:87)
	at org.apache.hadoop.ozone.protocolPB.OzoneManagerProtocolServerSideTranslatorPB.submitRequest(OzoneManagerProtocolServerSideTranslatorPB.java:146)
	at org.apache.hadoop.ozone.protocol.proto.OzoneManagerProtocolProtos$OzoneManagerService$2.callBlockingMethod(OzoneManagerProtocolProtos.java)
	at org.apache.hadoop.ipc.ProtobufRpcEngine$Server.processCall(ProtobufRpcEngine.java:466)
	at org.apache.hadoop.ipc.ProtobufRpcEngine2$Server$ProtoBufRpcInvoker.call(ProtobufRpcEngine2.java:574)
	at org.apache.hadoop.ipc.ProtobufRpcEngine2$Server$ProtoBufRpcInvoker.call(ProtobufRpcEngine2.java:552)
	at org.apache.hadoop.ipc.RPC$Server.call(RPC.java:1093)
	at org.apache.hadoop.ipc.Server$RpcCall.run(Server.java:1035)
	at org.apache.hadoop.ipc.Server$RpcCall.run(Server.java:963)
	at java.security.AccessController.doPrivileged(Native Method)
	at javax.security.auth.Subject.doAs(Subject.java:422)
	at org.apache.hadoop.security.UserGroupInformation.doAs(UserGroupInformation.java:1878)
	at org.apache.hadoop.ipc.Server$Handler.run(Server.java:2966)
, while invoking $Proxy56.submitRequest over nodeId=omNode-1,nodeAddress=127.0.0.1:32919 after 1 failover attempts. Trying to failover immediately.
2022-05-07 13:18:04,521 [OM StateMachine ApplyTransaction Thread - 0] INFO  upgrade.OMCancelPrepareRequest (OMCancelPrepareRequest.java:validateAndUpdateCache(55)) - OM omNode-2 Received cancel prepare request with log index 365
2022-05-07 13:18:04,521 [OM StateMachine ApplyTransaction Thread - 0] INFO  om.OzoneManagerPrepareState (OzoneManagerPrepareState.java:deletePrepareMarkerFile(271)) - Deleted prepare marker file: /home/runner/work/ozone/ozone/hadoop-ozone/integration-test/target/test-dir/MiniOzoneClusterImpl-d5882a6c-7ff2-4adf-97a8-10f223e238e9/omNode-2/current/prepareMarker
2022-05-07 13:18:04,522 [OM StateMachine ApplyTransaction Thread - 0] INFO  upgrade.OMCancelPrepareRequest (OMCancelPrepareRequest.java:validateAndUpdateCache(84)) - OM omNode-2 prepare state cancelled at log index 365. Returning response 
2022-05-07 13:18:04,524 [OM StateMachine ApplyTransaction Thread - 0] INFO  upgrade.OMCancelPrepareRequest (OMCancelPrepareRequest.java:validateAndUpdateCache(55)) - OM omNode-1 Received cancel prepare request with log index 365
2022-05-07 13:18:04,531 [OM StateMachine ApplyTransaction Thread - 0] INFO  om.OzoneManagerPrepareState (OzoneManagerPrepareState.java:deletePrepareMarkerFile(271)) - Deleted prepare marker file: /home/runner/work/ozone/ozone/hadoop-ozone/integration-test/target/test-dir/MiniOzoneClusterImpl-d5882a6c-7ff2-4adf-97a8-10f223e238e9/omNode-1/current/prepareMarker
2022-05-07 13:18:04,531 [OM StateMachine ApplyTransaction Thread - 0] INFO  upgrade.OMCancelPrepareRequest (OMCancelPrepareRequest.java:validateAndUpdateCache(84)) - OM omNode-1 prepare state cancelled at log index 365. Returning response 
2022-05-07 13:18:04,542 [OM StateMachine ApplyTransaction Thread - 0] INFO  upgrade.OMCancelPrepareRequest (OMCancelPrepareRequest.java:validateAndUpdateCache(55)) - OM omNode-3 Received cancel prepare request with log index 365
2022-05-07 13:18:04,544 [OM StateMachine ApplyTransaction Thread - 0] INFO  om.OzoneManagerPrepareState (OzoneManagerPrepareState.java:deletePrepareMarkerFile(271)) - Deleted prepare marker file: /home/runner/work/ozone/ozone/hadoop-ozone/integration-test/target/test-dir/MiniOzoneClusterImpl-d5882a6c-7ff2-4adf-97a8-10f223e238e9/omNode-3/current/prepareMarker
2022-05-07 13:18:04,544 [OM StateMachine ApplyTransaction Thread - 0] INFO  upgrade.OMCancelPrepareRequest (OMCancelPrepareRequest.java:validateAndUpdateCache(84)) - OM omNode-3 prepare state cancelled at log index 365. Returning response 
2022-05-07 13:18:05,530 [Listener at localhost/32839] INFO  rpc.RpcClient (RpcClient.java:createVolume(448)) - Creating Volume: vol, with runner as owner and space quota set to -1 bytes, counts quota set to -1
2022-05-07 13:18:05,551 [OM StateMachine ApplyTransaction Thread - 0] INFO  volume.OMVolumeCreateRequest (OMVolumeCreateRequest.java:validateAndUpdateCache(195)) - created volume:vol for user:runner
2022-05-07 13:18:05,552 [OM StateMachine ApplyTransaction Thread - 0] INFO  volume.OMVolumeCreateRequest (OMVolumeCreateRequest.java:validateAndUpdateCache(195)) - created volume:vol for user:runner
2022-05-07 13:18:05,554 [OM StateMachine ApplyTransaction Thread - 0] INFO  volume.OMVolumeCreateRequest (OMVolumeCreateRequest.java:validateAndUpdateCache(195)) - created volume:vol for user:runner
2022-05-07 13:18:05,568 [Listener at localhost/32839] INFO  rpc.RpcClient (RpcClient.java:createVolume(448)) - Creating Volume: volume2536a2a3-9059-4c3b-9095-1cfc33bd9899, with runner as owner and space quota set to -1 bytes, counts quota set to -1
2022-05-07 13:18:05,600 [OM StateMachine ApplyTransaction Thread - 0] INFO  volume.OMVolumeCreateRequest (OMVolumeCreateRequest.java:validateAndUpdateCache(195)) - created volume:volume2536a2a3-9059-4c3b-9095-1cfc33bd9899 for user:runner
2022-05-07 13:18:05,602 [OM StateMachine ApplyTransaction Thread - 0] INFO  volume.OMVolumeCreateRequest (OMVolumeCreateRequest.java:validateAndUpdateCache(195)) - created volume:volume2536a2a3-9059-4c3b-9095-1cfc33bd9899 for user:runner
2022-05-07 13:18:05,604 [OM StateMachine ApplyTransaction Thread - 0] INFO  volume.OMVolumeCreateRequest (OMVolumeCreateRequest.java:validateAndUpdateCache(195)) - created volume:volume2536a2a3-9059-4c3b-9095-1cfc33bd9899 for user:runner
2022-05-07 13:18:05,605 [Listener at localhost/32839] INFO  rpc.RpcClient (RpcClient.java:createBucket(637)) - Creating Bucket: volume2536a2a3-9059-4c3b-9095-1cfc33bd9899/bucket, with runner as owner and Versioning false and Storage Type set to DISK and Encryption set to false 
2022-05-07 13:18:05,614 [OM StateMachine ApplyTransaction Thread - 0] INFO  bucket.OMBucketCreateRequest (OMBucketCreateRequest.java:validateAndUpdateCache(258)) - created bucket: bucket of layout LEGACY in volume: volume2536a2a3-9059-4c3b-9095-1cfc33bd9899
2022-05-07 13:18:05,626 [OM StateMachine ApplyTransaction Thread - 0] INFO  bucket.OMBucketCreateRequest (OMBucketCreateRequest.java:validateAndUpdateCache(258)) - created bucket: bucket of layout LEGACY in volume: volume2536a2a3-9059-4c3b-9095-1cfc33bd9899
2022-05-07 13:18:05,629 [OM StateMachine ApplyTransaction Thread - 0] INFO  bucket.OMBucketCreateRequest (OMBucketCreateRequest.java:validateAndUpdateCache(258)) - created bucket: bucket of layout LEGACY in volume: volume2536a2a3-9059-4c3b-9095-1cfc33bd9899
2022-05-07 13:18:06,420 [omNode-2@group-523986131536-StateMachineUpdater] INFO  ratis.OzoneManagerStateMachine (OzoneManagerStateMachine.java:takeSnapshot(436)) - Current Snapshot Index (t:5, i:412)
2022-05-07 13:18:06,420 [omNode-2@group-523986131536-StateMachineUpdater] INFO  impl.StateMachineUpdater (StateMachineUpdater.java:takeSnapshot(281)) - omNode-2@group-523986131536-StateMachineUpdater: Took a snapshot at index 412
2022-05-07 13:18:06,420 [omNode-2@group-523986131536-StateMachineUpdater] INFO  impl.StateMachineUpdater (StateMachineUpdater.java:lambda$new$0(89)) - omNode-2@group-523986131536-StateMachineUpdater: snapshotIndex: updateIncreasingly 362 -> 412
2022-05-07 13:18:06,420 [omNode-2@group-523986131536-StateMachineUpdater] INFO  raftlog.RaftLog (RaftLogBase.java:purge(306)) - omNode-2@group-523986131536-SegmentedRaftLog: purge 412
2022-05-07 13:18:06,420 [omNode-2@group-523986131536-StateMachineUpdater] INFO  raftlog.RaftLog (RaftLogBase.java:lambda$new$0(53)) - omNode-2@group-523986131536-SegmentedRaftLog: snapshotIndex: updateIncreasingly 362 -> 412
2022-05-07 13:18:06,421 [omNode-2@group-523986131536-SegmentedRaftLogWorker] INFO  raftlog.RaftLog (RaftLogBase.java:lambda$new$0(53)) - omNode-2@group-523986131536-SegmentedRaftLog: purgeIndex: updateToMax old=360, new=362, updated? true
2022-05-07 13:18:06,422 [omNode-1@group-523986131536-StateMachineUpdater] INFO  ratis.OzoneManagerStateMachine (OzoneManagerStateMachine.java:takeSnapshot(436)) - Current Snapshot Index (t:5, i:411)
2022-05-07 13:18:06,422 [omNode-1@group-523986131536-StateMachineUpdater] INFO  impl.StateMachineUpdater (StateMachineUpdater.java:takeSnapshot(281)) - omNode-1@group-523986131536-StateMachineUpdater: Took a snapshot at index 411
2022-05-07 13:18:06,422 [omNode-1@group-523986131536-StateMachineUpdater] INFO  impl.StateMachineUpdater (StateMachineUpdater.java:lambda$new$0(89)) - omNode-1@group-523986131536-StateMachineUpdater: snapshotIndex: updateIncreasingly 360 -> 411
2022-05-07 13:18:06,422 [omNode-1@group-523986131536-StateMachineUpdater] INFO  raftlog.RaftLog (RaftLogBase.java:purge(306)) - omNode-1@group-523986131536-SegmentedRaftLog: purge 411
2022-05-07 13:18:06,422 [omNode-1@group-523986131536-StateMachineUpdater] INFO  raftlog.RaftLog (RaftLogBase.java:lambda$new$0(53)) - omNode-1@group-523986131536-SegmentedRaftLog: snapshotIndex: updateIncreasingly 360 -> 411
2022-05-07 13:18:06,423 [omNode-1@group-523986131536-SegmentedRaftLogWorker] INFO  raftlog.RaftLog (RaftLogBase.java:lambda$new$0(53)) - omNode-1@group-523986131536-SegmentedRaftLog: purgeIndex: updateToMax old=-1, new=362, updated? true
2022-05-07 13:18:06,426 [omNode-3@group-523986131536-StateMachineUpdater] INFO  ratis.OzoneManagerStateMachine (OzoneManagerStateMachine.java:takeSnapshot(436)) - Current Snapshot Index (t:5, i:411)
2022-05-07 13:18:06,426 [omNode-3@group-523986131536-StateMachineUpdater] INFO  impl.StateMachineUpdater (StateMachineUpdater.java:takeSnapshot(281)) - omNode-3@group-523986131536-StateMachineUpdater: Took a snapshot at index 411
2022-05-07 13:18:06,426 [omNode-3@group-523986131536-StateMachineUpdater] INFO  impl.StateMachineUpdater (StateMachineUpdater.java:lambda$new$0(89)) - omNode-3@group-523986131536-StateMachineUpdater: snapshotIndex: updateIncreasingly 360 -> 411
2022-05-07 13:18:06,426 [omNode-3@group-523986131536-StateMachineUpdater] INFO  raftlog.RaftLog (RaftLogBase.java:purge(306)) - omNode-3@group-523986131536-SegmentedRaftLog: purge 411
2022-05-07 13:18:06,426 [omNode-3@group-523986131536-StateMachineUpdater] INFO  raftlog.RaftLog (RaftLogBase.java:lambda$new$0(53)) - omNode-3@group-523986131536-SegmentedRaftLog: snapshotIndex: updateIncreasingly 360 -> 411
2022-05-07 13:18:06,426 [omNode-3@group-523986131536-SegmentedRaftLogWorker] INFO  raftlog.RaftLog (RaftLogBase.java:lambda$new$0(53)) - omNode-3@group-523986131536-SegmentedRaftLog: purgeIndex: updateToMax old=-1, new=362, updated? true
2022-05-07 13:18:06,432 [Listener at localhost/32839] INFO  om.OzoneManager (OzoneManager.java:stop(1950)) - omNode-2[localhost:32839]: Stopping Ozone Manager
2022-05-07 13:18:06,433 [Listener at localhost/32839] INFO  ipc.Server (Server.java:stop(3414)) - Stopping server on 32839
2022-05-07 13:18:06,444 [IPC Server Responder] INFO  ipc.Server (Server.java:run(1512)) - Stopping IPC Server Responder
2022-05-07 13:18:06,445 [IPC Server listener on 32839] INFO  ipc.Server (Server.java:run(1376)) - Stopping IPC Server listener on 32839
2022-05-07 13:18:06,447 [Listener at localhost/32839] INFO  server.RaftServer (RaftServerProxy.java:lambda$close$6(391)) - omNode-2: close
2022-05-07 13:18:06,447 [Listener at localhost/32839] INFO  server.RaftServer$Division (RaftServerImpl.java:lambda$close$4(412)) - omNode-2@group-523986131536: shutdown
2022-05-07 13:18:06,448 [Listener at localhost/32839] INFO  util.JmxRegister (JmxRegister.java:unregister(73)) - Successfully un-registered JMX Bean with object name Ratis:service=RaftServer,group=group-523986131536,id=omNode-2
2022-05-07 13:18:06,448 [Listener at localhost/32839] INFO  impl.RoleInfo (RoleInfo.java:shutdownLeaderState(91)) - omNode-2: shutdown omNode-2@group-523986131536-LeaderStateImpl
2022-05-07 13:18:06,448 [omNode-2@group-523986131536->omNode-3-GrpcLogAppender-LogAppenderDaemon] WARN  server.GrpcLogAppender (GrpcLogAppender.java:mayWait(177)) - omNode-2@group-523986131536->omNode-3-GrpcLogAppender: Wait interrupted by java.lang.InterruptedException
2022-05-07 13:18:06,448 [omNode-2@group-523986131536->omNode-1-GrpcLogAppender-LogAppenderDaemon] WARN  server.GrpcLogAppender (GrpcLogAppender.java:mayWait(177)) - omNode-2@group-523986131536->omNode-1-GrpcLogAppender: Wait interrupted by java.lang.InterruptedException
2022-05-07 13:18:06,449 [grpc-default-executor-3] INFO  server.GrpcServerProtocolService (GrpcServerProtocolService.java:onCompleted(140)) - omNode-3: Completed APPEND_ENTRIES, lastRequest: omNode-2->omNode-3#287-t5,previous=(t:5, i:413),leaderCommit=413,initializing? true,entries: size=1, first=(t:5, i:414), METADATAENTRY(c:413)
2022-05-07 13:18:06,449 [grpc-default-executor-0] INFO  server.GrpcServerProtocolService (GrpcServerProtocolService.java:onCompleted(140)) - omNode-1: Completed APPEND_ENTRIES, lastRequest: omNode-2->omNode-1#281-t5,previous=(t:5, i:413),leaderCommit=413,initializing? true,entries: size=1, first=(t:5, i:414), METADATAENTRY(c:413)
2022-05-07 13:18:06,450 [grpc-default-executor-1] INFO  server.GrpcLogAppender (GrpcLogAppender.java:onCompleted(346)) - omNode-2@group-523986131536->omNode-1-AppendLogResponseHandler: follower responses appendEntries COMPLETED
2022-05-07 13:18:06,450 [grpc-default-executor-2] INFO  server.GrpcLogAppender (GrpcLogAppender.java:onCompleted(346)) - omNode-2@group-523986131536->omNode-3-AppendLogResponseHandler: follower responses appendEntries COMPLETED
2022-05-07 13:18:06,450 [grpc-default-executor-2] INFO  leader.FollowerInfo (FollowerInfoImpl.java:lambda$new$0(47)) - omNode-2@group-523986131536->omNode-3: nextIndex: updateUnconditionally 415 -> 414
2022-05-07 13:18:06,450 [grpc-default-executor-1] INFO  leader.FollowerInfo (FollowerInfoImpl.java:lambda$new$0(47)) - omNode-2@group-523986131536->omNode-1: nextIndex: updateUnconditionally 415 -> 414
2022-05-07 13:18:06,448 [Listener at localhost/32839] INFO  impl.PendingRequests (PendingRequests.java:sendNotLeaderResponses(282)) - omNode-2@group-523986131536-PendingRequests: sendNotLeaderResponses
2022-05-07 13:18:06,455 [Listener at localhost/32839] INFO  impl.StateMachineUpdater (StateMachineUpdater.java:stopAndJoin(149)) - omNode-2@group-523986131536-StateMachineUpdater: set stopIndex = 414
2022-05-07 13:18:06,455 [omNode-2@group-523986131536-StateMachineUpdater] INFO  ratis.OzoneManagerStateMachine (OzoneManagerStateMachine.java:takeSnapshot(436)) - Current Snapshot Index (t:5, i:414)
2022-05-07 13:18:06,456 [omNode-2@group-523986131536-StateMachineUpdater] INFO  impl.StateMachineUpdater (StateMachineUpdater.java:takeSnapshot(281)) - omNode-2@group-523986131536-StateMachineUpdater: Took a snapshot at index 414
2022-05-07 13:18:06,456 [omNode-2@group-523986131536-StateMachineUpdater] INFO  impl.StateMachineUpdater (StateMachineUpdater.java:lambda$new$0(89)) - omNode-2@group-523986131536-StateMachineUpdater: snapshotIndex: updateIncreasingly 412 -> 414
2022-05-07 13:18:06,456 [omNode-2@group-523986131536-StateMachineUpdater] INFO  raftlog.RaftLog (RaftLogBase.java:purge(306)) - omNode-2@group-523986131536-SegmentedRaftLog: purge 414
2022-05-07 13:18:06,456 [omNode-2@group-523986131536-StateMachineUpdater] INFO  raftlog.RaftLog (RaftLogBase.java:lambda$new$0(53)) - omNode-2@group-523986131536-SegmentedRaftLog: snapshotIndex: updateIncreasingly 412 -> 414
2022-05-07 13:18:06,456 [omNode-2@group-523986131536-StateMachineUpdater] INFO  raftlog.RaftLog (RaftLogBase.java:lambda$new$0(53)) - omNode-2@group-523986131536-SegmentedRaftLog: purgeIndex: updateToMax old=362, new=414, updated? true
2022-05-07 13:18:06,456 [omNode-2@group-523986131536-StateMachineUpdater] INFO  ratis.OzoneManagerStateMachine (OzoneManagerStateMachine.java:close(490)) - StateMachine has shutdown. Shutdown OzoneManager if not already shutdown.
2022-05-07 13:18:06,456 [omNode-2@group-523986131536-StateMachineUpdater] INFO  ratis.OzoneManagerDoubleBuffer (OzoneManagerDoubleBuffer.java:stop(465)) - Stopping OMDoubleBuffer flush thread
2022-05-07 13:18:06,456 [OMDoubleBufferFlushThread] INFO  ratis.OzoneManagerDoubleBuffer (OzoneManagerDoubleBuffer.java:flushTransactions(385)) - OMDoubleBuffer flush thread OMDoubleBufferFlushThread is interrupted and will exit.
2022-05-07 13:18:06,464 [Listener at localhost/32839] INFO  server.RaftServer$Division (ServerState.java:close(419)) - omNode-2@group-523986131536: closes. applyIndex: 414
2022-05-07 13:18:06,465 [omNode-2@group-523986131536-SegmentedRaftLogWorker] INFO  segmented.SegmentedRaftLogWorker (SegmentedRaftLogWorker.java:run(327)) - omNode-2@group-523986131536-SegmentedRaftLogWorker was interrupted, exiting. There are 0 tasks remaining in the queue.
2022-05-07 13:18:06,466 [Listener at localhost/32839] INFO  segmented.SegmentedRaftLogWorker (SegmentedRaftLogWorker.java:close(237)) - omNode-2@group-523986131536-SegmentedRaftLogWorker close()
2022-05-07 13:18:06,468 [Listener at localhost/32839] INFO  server.GrpcService (GrpcService.java:closeImpl(262)) - omNode-2: shutdown server with port 35089 now
2022-05-07 13:18:06,473 [Listener at localhost/32839] INFO  server.GrpcService (GrpcService.java:closeImpl(271)) - omNode-2: shutdown server with port 35089 successfully
2022-05-07 13:18:06,473 [org.apache.ratis.util.JvmPauseMonitor$$Lambda$643/311596227@230d305e] INFO  util.JvmPauseMonitor (JvmPauseMonitor.java:run(109)) - JvmPauseMonitor-omNode-2: Stopped
2022-05-07 13:18:06,474 [Listener at localhost/32839] INFO  ratis.OzoneManagerStateMachine (OzoneManagerStateMachine.java:close(490)) - StateMachine has shutdown. Shutdown OzoneManager if not already shutdown.
2022-05-07 13:18:06,474 [Listener at localhost/32839] INFO  ratis.OzoneManagerDoubleBuffer (OzoneManagerDoubleBuffer.java:stop(477)) - OMDoubleBuffer flush thread is not running.
2022-05-07 13:18:06,475 [Listener at localhost/32839] INFO  handler.ContextHandler (ContextHandler.java:doStop(1153)) - Stopped o.e.j.w.WebAppContext@2cca83a4{ozoneManager,/,null,STOPPED}{file:/home/runner/work/ozone/ozone/hadoop-ozone/integration-test/target/test-classes/webapps/ozoneManager}
2022-05-07 13:18:06,475 [Listener at localhost/32839] INFO  server.AbstractConnector (AbstractConnector.java:doStop(381)) - Stopped ServerConnector@8bb9305{HTTP/1.1, (http/1.1)}{0.0.0.0:45739}
2022-05-07 13:18:06,476 [Listener at localhost/32839] INFO  server.session (HouseKeeper.java:stopScavenging(149)) - node0 Stopped scavenging
2022-05-07 13:18:06,476 [Listener at localhost/32839] INFO  handler.ContextHandler (ContextHandler.java:doStop(1153)) - Stopped o.e.j.s.ServletContextHandler@3035314{static,/static,file:///home/runner/work/ozone/ozone/hadoop-ozone/integration-test/target/test-classes/webapps/static,STOPPED}
2022-05-07 13:18:06,476 [Listener at localhost/32839] INFO  handler.ContextHandler (ContextHandler.java:doStop(1153)) - Stopped o.e.j.s.ServletContextHandler@6aa1cc86{logs,/logs,file:///home/runner/work/ozone/ozone/hadoop-ozone/integration-test/target/log,STOPPED}
2022-05-07 13:18:06,481 [Listener at localhost/32839] INFO  rpc.RpcClient (RpcClient.java:createVolume(448)) - Creating Volume: volume2c98f248-05df-4fdd-9261-c250c72f2b4e, with runner as owner and space quota set to -1 bytes, counts quota set to -1
2022-05-07 13:18:06,483 [Listener at localhost/32839] INFO  retry.RetryInvocationHandler (RetryInvocationHandler.java:log(411)) - com.google.protobuf.ServiceException: java.io.EOFException: End of File Exception between local host is: "fv-az215-301/10.1.0.14"; destination host is: "localhost":32839; : java.io.EOFException; For more details see:  http://wiki.apache.org/hadoop/EOFException, while invoking $Proxy56.submitRequest over nodeId=omNode-2,nodeAddress=127.0.0.1:32839. Trying to failover immediately.
2022-05-07 13:18:06,502 [Listener at localhost/32839] INFO  retry.RetryInvocationHandler (RetryInvocationHandler.java:log(411)) - com.google.protobuf.ServiceException: org.apache.hadoop.ipc.RemoteException(org.apache.hadoop.ozone.om.exceptions.OMNotLeaderException): OM:omNode-3 is not the leader. Could not determine the leader node.
	at org.apache.hadoop.ozone.om.ratis.utils.OzoneManagerRatisUtils.createNotLeaderException(OzoneManagerRatisUtils.java:425)
	at org.apache.hadoop.ozone.om.ratis.utils.OzoneManagerRatisUtils.checkLeaderStatus(OzoneManagerRatisUtils.java:411)
	at org.apache.hadoop.ozone.protocolPB.OzoneManagerProtocolServerSideTranslatorPB.checkLeaderStatus(OzoneManagerProtocolServerSideTranslatorPB.java:303)
	at org.apache.hadoop.ozone.protocolPB.OzoneManagerProtocolServerSideTranslatorPB.processRequest(OzoneManagerProtocolServerSideTranslatorPB.java:182)
	at org.apache.hadoop.hdds.server.OzoneProtocolMessageDispatcher.processRequest(OzoneProtocolMessageDispatcher.java:87)
	at org.apache.hadoop.ozone.protocolPB.OzoneManagerProtocolServerSideTranslatorPB.submitRequest(OzoneManagerProtocolServerSideTranslatorPB.java:146)
	at org.apache.hadoop.ozone.protocol.proto.OzoneManagerProtocolProtos$OzoneManagerService$2.callBlockingMethod(OzoneManagerProtocolProtos.java)
	at org.apache.hadoop.ipc.ProtobufRpcEngine$Server.processCall(ProtobufRpcEngine.java:466)
	at org.apache.hadoop.ipc.ProtobufRpcEngine2$Server$ProtoBufRpcInvoker.call(ProtobufRpcEngine2.java:574)
	at org.apache.hadoop.ipc.ProtobufRpcEngine2$Server$ProtoBufRpcInvoker.call(ProtobufRpcEngine2.java:552)
	at org.apache.hadoop.ipc.RPC$Server.call(RPC.java:1093)
	at org.apache.hadoop.ipc.Server$RpcCall.run(Server.java:1035)
	at org.apache.hadoop.ipc.Server$RpcCall.run(Server.java:963)
	at java.security.AccessController.doPrivileged(Native Method)
	at javax.security.auth.Subject.doAs(Subject.java:422)
	at org.apache.hadoop.security.UserGroupInformation.doAs(UserGroupInformation.java:1878)
	at org.apache.hadoop.ipc.Server$Handler.run(Server.java:2966)
, while invoking $Proxy56.submitRequest over nodeId=omNode-3,nodeAddress=127.0.0.1:42699 after 1 failover attempts. Trying to failover after sleeping for 2000ms.
2022-05-07 13:18:07,570 [omNode-1@group-523986131536-FollowerState] INFO  impl.FollowerState (FollowerState.java:run(134)) - omNode-1@group-523986131536-FollowerState: change to CANDIDATE, lastRpcElapsedTime:1125713558ns, electionTimeout:1106ms
2022-05-07 13:18:07,571 [omNode-1@group-523986131536-FollowerState] INFO  impl.RoleInfo (RoleInfo.java:shutdownFollowerState(108)) - omNode-1: shutdown omNode-1@group-523986131536-FollowerState
2022-05-07 13:18:07,571 [omNode-1@group-523986131536-FollowerState] INFO  server.RaftServer$Division (RaftServerImpl.java:setRole(290)) - omNode-1@group-523986131536: changes role from  FOLLOWER to CANDIDATE at term 5 for changeToCandidate
2022-05-07 13:18:07,571 [omNode-1@group-523986131536-FollowerState] INFO  server.RaftServerConfigKeys (ConfUtils.java:logGet(44)) - raft.server.leaderelection.pre-vote = false (custom)
2022-05-07 13:18:07,571 [omNode-1@group-523986131536-FollowerState] INFO  impl.RoleInfo (RoleInfo.java:updateAndGet(130)) - omNode-1: start omNode-1@group-523986131536-LeaderElection11
2022-05-07 13:18:07,572 [omNode-1@group-523986131536-LeaderElection11] INFO  server.RaftServer$Division (ServerState.java:setLeader(285)) - omNode-1@group-523986131536: change Leader from omNode-2 to null at term 5 for ELECTION
2022-05-07 13:18:07,576 [omNode-1@group-523986131536-LeaderElection11] INFO  impl.LeaderElection (LeaderElection.java:askForVotes(306)) - omNode-1@group-523986131536-LeaderElection11 ELECTION round 0: submit vote requests at term 6 for 363: [omNode-3|rpc:localhost:42517|admin:|client:|dataStream:|priority:0, omNode-1|rpc:localhost:46667|admin:|client:|dataStream:|priority:0, omNode-2|rpc:localhost:35089|admin:|client:|dataStream:|priority:0], old=null
2022-05-07 13:18:07,582 [omNode-1@group-523986131536-LeaderElection11] INFO  impl.LeaderElection (LogUtils.java:infoOrTrace(137)) - omNode-1@group-523986131536-LeaderElection11 got exception when requesting votes: java.util.concurrent.ExecutionException: org.apache.ratis.thirdparty.io.grpc.StatusRuntimeException: UNAVAILABLE: io exception
2022-05-07 13:18:07,592 [grpc-default-executor-3] INFO  server.RaftServer$Division (RaftServerImpl.java:requestVote(1046)) - omNode-3@group-523986131536: receive requestVote(ELECTION, omNode-1, group-523986131536, 6, (t:5, i:414))
2022-05-07 13:18:07,592 [grpc-default-executor-3] INFO  impl.VoteContext (VoteContext.java:log(48)) - omNode-3@group-523986131536-FOLLOWER: accept ELECTION from omNode-1: our priority 0 <= candidate's priority 0
2022-05-07 13:18:07,592 [grpc-default-executor-3] INFO  server.RaftServer$Division (ServerState.java:setLeader(285)) - omNode-3@group-523986131536: change Leader from omNode-2 to null at term 6 for updateCurrentTerm
2022-05-07 13:18:07,592 [grpc-default-executor-3] INFO  server.RaftServer$Division (RaftServerImpl.java:setRole(290)) - omNode-3@group-523986131536: changes role from  FOLLOWER to FOLLOWER at term 6 for candidate:omNode-1
2022-05-07 13:18:07,592 [grpc-default-executor-3] INFO  impl.RoleInfo (RoleInfo.java:shutdownFollowerState(108)) - omNode-3: shutdown omNode-3@group-523986131536-FollowerState
2022-05-07 13:18:07,593 [grpc-default-executor-3] INFO  impl.RoleInfo (RoleInfo.java:updateAndGet(130)) - omNode-3: start omNode-3@group-523986131536-FollowerState
2022-05-07 13:18:07,593 [omNode-3@group-523986131536-FollowerState] INFO  impl.FollowerState (FollowerState.java:run(143)) - omNode-3@group-523986131536-FollowerState was interrupted: {}
java.lang.InterruptedException: sleep interrupted
	at java.lang.Thread.sleep(Native Method)
	at java.lang.Thread.sleep(Thread.java:342)
	at java.util.concurrent.TimeUnit.sleep(TimeUnit.java:386)
	at org.apache.ratis.util.TimeDuration.sleep(TimeDuration.java:324)
	at org.apache.ratis.util.TimeDuration.sleep(TimeDuration.java:309)
	at org.apache.ratis.server.impl.FollowerState.run(FollowerState.java:118)
2022-05-07 13:18:07,595 [grpc-default-executor-3] INFO  server.RaftServer$Division (RaftServerImpl.java:requestVote(1078)) - omNode-3@group-523986131536 replies to ELECTION vote request: omNode-1<-omNode-3#0:OK-t6. Peer's state: omNode-3@group-523986131536:t6, leader=null, voted=omNode-1, raftlog=omNode-3@group-523986131536-SegmentedRaftLog:OPENED:c413, conf=363: [omNode-3|rpc:localhost:42517|admin:|client:|dataStream:|priority:0, omNode-1|rpc:localhost:46667|admin:|client:|dataStream:|priority:0, omNode-2|rpc:localhost:35089|admin:|client:|dataStream:|priority:0], old=null
2022-05-07 13:18:07,596 [omNode-1@group-523986131536-LeaderElection11] INFO  impl.LeaderElection (LeaderElection.java:logAndReturn(89)) - omNode-1@group-523986131536-LeaderElection11: ELECTION PASSED received 1 response(s) and 1 exception(s):
2022-05-07 13:18:07,597 [omNode-1@group-523986131536-LeaderElection11] INFO  impl.LeaderElection (LeaderElection.java:logAndReturn(93)) -   Response 0: omNode-1<-omNode-3#0:OK-t6
2022-05-07 13:18:07,597 [omNode-1@group-523986131536-LeaderElection11] INFO  impl.LeaderElection (LogUtils.java:infoOrTrace(137)) -   Exception 1: java.util.concurrent.ExecutionException: org.apache.ratis.thirdparty.io.grpc.StatusRuntimeException: UNAVAILABLE: io exception
2022-05-07 13:18:07,597 [omNode-1@group-523986131536-LeaderElection11] INFO  impl.LeaderElection (LeaderElection.java:askForVotes(308)) - omNode-1@group-523986131536-LeaderElection11 ELECTION round 0: result PASSED
2022-05-07 13:18:07,597 [omNode-1@group-523986131536-LeaderElection11] INFO  impl.RoleInfo (RoleInfo.java:shutdownLeaderElection(121)) - omNode-1: shutdown omNode-1@group-523986131536-LeaderElection11
2022-05-07 13:18:07,599 [omNode-1@group-523986131536-LeaderElection11] INFO  server.RaftServer$Division (RaftServerImpl.java:setRole(290)) - omNode-1@group-523986131536: changes role from CANDIDATE to LEADER at term 6 for changeToLeader
2022-05-07 13:18:07,599 [omNode-1@group-523986131536-LeaderElection11] INFO  server.RaftServer$Division (ServerState.java:setLeader(285)) - omNode-1@group-523986131536: change Leader from null to omNode-1 at term 6 for becomeLeader, leader elected after 27ms
2022-05-07 13:18:07,600 [omNode-1@group-523986131536-LeaderElection11] INFO  server.RaftServerConfigKeys (ConfUtils.java:logGet(44)) - raft.server.staging.catchup.gap = 1000 (default)
2022-05-07 13:18:07,600 [omNode-1@group-523986131536-LeaderElection11] INFO  server.RaftServerConfigKeys (ConfUtils.java:logGet(44)) - raft.server.write.element-limit = 4096 (default)
2022-05-07 13:18:07,600 [omNode-1@group-523986131536-LeaderElection11] INFO  server.RaftServerConfigKeys (ConfUtils.java:logGet(44)) - raft.server.write.byte-limit = 64MB (=67108864) (default)
2022-05-07 13:18:07,600 [omNode-1@group-523986131536-LeaderElection11] INFO  server.RaftServerConfigKeys (ConfUtils.java:logGet(44)) - raft.server.watch.timeout = 10s (default)
2022-05-07 13:18:07,600 [omNode-1@group-523986131536-LeaderElection11] INFO  server.RaftServerConfigKeys (ConfUtils.java:logGet(44)) - raft.server.watch.timeout.denomination = 1s (default)
2022-05-07 13:18:07,600 [omNode-1@group-523986131536-LeaderElection11] INFO  server.RaftServerConfigKeys (ConfUtils.java:logGet(44)) - raft.server.watch.element-limit = 65536 (default)
2022-05-07 13:18:07,600 [omNode-1@group-523986131536-LeaderElection11] INFO  server.RaftServerConfigKeys (ConfUtils.java:logGet(44)) - raft.server.write.element-limit = 4096 (default)
2022-05-07 13:18:07,601 [omNode-1@group-523986131536-LeaderElection11] INFO  server.RaftServerConfigKeys (ConfUtils.java:logGet(44)) - raft.server.write.follower.gap.ratio.max = -1.0 (default)
2022-05-07 13:18:07,601 [omNode-1@group-523986131536-LeaderElection11] INFO  server.RaftServerConfigKeys (ConfUtils.java:logGet(44)) - raft.server.log.appender.snapshot.chunk.size.max = 16MB (=16777216) (default)
2022-05-07 13:18:07,601 [omNode-1@group-523986131536-LeaderElection11] INFO  server.RaftServerConfigKeys (ConfUtils.java:logGet(44)) - raft.server.log.appender.buffer.byte-limit = 33554432 (custom)
2022-05-07 13:18:07,601 [omNode-1@group-523986131536-LeaderElection11] INFO  server.RaftServerConfigKeys (ConfUtils.java:logGet(44)) - raft.server.log.appender.buffer.element-limit = 1024 (custom)
2022-05-07 13:18:07,601 [omNode-1@group-523986131536-LeaderElection11] INFO  grpc.GrpcConfigKeys (ConfUtils.java:logGet(44)) - raft.grpc.server.leader.outstanding.appends.max = 128 (default)
2022-05-07 13:18:07,601 [omNode-1@group-523986131536-LeaderElection11] INFO  server.RaftServerConfigKeys (ConfUtils.java:logGet(44)) - raft.server.rpc.request.timeout = 3000ms (default)
2022-05-07 13:18:07,601 [omNode-1@group-523986131536-LeaderElection11] INFO  server.RaftServerConfigKeys (ConfUtils.java:logGet(44)) - raft.server.log.appender.install.snapshot.enabled = false (custom)
2022-05-07 13:18:07,602 [omNode-1@group-523986131536-LeaderElection11] INFO  server.RaftServerConfigKeys (ConfUtils.java:logGet(44)) - raft.server.log.appender.snapshot.chunk.size.max = 16MB (=16777216) (default)
2022-05-07 13:18:07,602 [omNode-1@group-523986131536-LeaderElection11] INFO  server.RaftServerConfigKeys (ConfUtils.java:logGet(44)) - raft.server.log.appender.buffer.byte-limit = 33554432 (custom)
2022-05-07 13:18:07,602 [omNode-1@group-523986131536-LeaderElection11] INFO  server.RaftServerConfigKeys (ConfUtils.java:logGet(44)) - raft.server.log.appender.buffer.element-limit = 1024 (custom)
2022-05-07 13:18:07,602 [omNode-1@group-523986131536-LeaderElection11] INFO  grpc.GrpcConfigKeys (ConfUtils.java:logGet(44)) - raft.grpc.server.leader.outstanding.appends.max = 128 (default)
2022-05-07 13:18:07,602 [omNode-1@group-523986131536-LeaderElection11] INFO  server.RaftServerConfigKeys (ConfUtils.java:logGet(44)) - raft.server.rpc.request.timeout = 3000ms (default)
2022-05-07 13:18:07,602 [omNode-1@group-523986131536-LeaderElection11] INFO  server.RaftServerConfigKeys (ConfUtils.java:logGet(44)) - raft.server.log.appender.install.snapshot.enabled = false (custom)
2022-05-07 13:18:07,603 [omNode-1@group-523986131536-LeaderElection11] INFO  impl.RoleInfo (RoleInfo.java:updateAndGet(130)) - omNode-1: start omNode-1@group-523986131536-LeaderStateImpl
2022-05-07 13:18:07,603 [omNode-1@group-523986131536-LeaderElection11] INFO  segmented.SegmentedRaftLogWorker (SegmentedRaftLogWorker.java:rollLogSegment(399)) - omNode-1@group-523986131536-SegmentedRaftLogWorker: Rolling segment log-363_414 to index:414
2022-05-07 13:18:07,605 [omNode-1@group-523986131536-SegmentedRaftLogWorker] INFO  segmented.SegmentedRaftLogWorker (SegmentedRaftLogWorker.java:execute(558)) - omNode-1@group-523986131536-SegmentedRaftLogWorker: Rolled log segment from /home/runner/work/ozone/ozone/hadoop-ozone/integration-test/target/test-dir/MiniOzoneClusterImpl-d5882a6c-7ff2-4adf-97a8-10f223e238e9/omNode-1/ratis/c9bc4cf4-3bc3-3c60-a66b-523986131536/current/log_inprogress_363 to /home/runner/work/ozone/ozone/hadoop-ozone/integration-test/target/test-dir/MiniOzoneClusterImpl-d5882a6c-7ff2-4adf-97a8-10f223e238e9/omNode-1/ratis/c9bc4cf4-3bc3-3c60-a66b-523986131536/current/log_363-414
2022-05-07 13:18:07,611 [omNode-1@group-523986131536-LeaderElection11] INFO  server.RaftServer$Division (ServerState.java:setRaftConf(387)) - omNode-1@group-523986131536: set configuration 415: [omNode-3|rpc:localhost:42517|admin:|client:|dataStream:|priority:0, omNode-1|rpc:localhost:46667|admin:|client:|dataStream:|priority:0, omNode-2|rpc:localhost:35089|admin:|client:|dataStream:|priority:0], old=null
2022-05-07 13:18:07,615 [grpc-default-executor-3] WARN  server.GrpcLogAppender (LogUtils.java:warn(122)) - omNode-1@group-523986131536->omNode-2-AppendLogResponseHandler: Failed appendEntries: org.apache.ratis.thirdparty.io.grpc.StatusRuntimeException: UNAVAILABLE: io exception
2022-05-07 13:18:07,631 [omNode-1@group-523986131536-SegmentedRaftLogWorker] INFO  segmented.SegmentedRaftLogWorker (SegmentedRaftLogWorker.java:execute(601)) - omNode-1@group-523986131536-SegmentedRaftLogWorker: created new log segment /home/runner/work/ozone/ozone/hadoop-ozone/integration-test/target/test-dir/MiniOzoneClusterImpl-d5882a6c-7ff2-4adf-97a8-10f223e238e9/omNode-1/ratis/c9bc4cf4-3bc3-3c60-a66b-523986131536/current/log_inprogress_415
2022-05-07 13:18:07,631 [grpc-default-executor-0] INFO  server.RaftServer$Division (ServerState.java:setLeader(285)) - omNode-3@group-523986131536: change Leader from null to omNode-1 at term 6 for appendEntries, leader elected after 38ms
2022-05-07 13:18:07,633 [grpc-default-executor-0] INFO  server.RaftServer$Division (ServerState.java:setRaftConf(387)) - omNode-3@group-523986131536: set configuration 415: [omNode-3|rpc:localhost:42517|admin:|client:|dataStream:|priority:0, omNode-1|rpc:localhost:46667|admin:|client:|dataStream:|priority:0, omNode-2|rpc:localhost:35089|admin:|client:|dataStream:|priority:0], old=null
2022-05-07 13:18:07,633 [grpc-default-executor-0] INFO  segmented.SegmentedRaftLogWorker (SegmentedRaftLogWorker.java:rollLogSegment(399)) - omNode-3@group-523986131536-SegmentedRaftLogWorker: Rolling segment log-363_414 to index:414
2022-05-07 13:18:07,633 [grpc-default-executor-3] WARN  server.GrpcLogAppender (GrpcLogAppender.java:resetClient(110)) - omNode-1@group-523986131536->omNode-2-GrpcLogAppender: Leader has not got in touch with Follower omNode-1@group-523986131536->omNode-2(c-1,m0,n416, attendVote=true, lastRpcSendTime=0, lastRpcResponseTime=1232) yet, just keep nextIndex unchanged and retry.
2022-05-07 13:18:07,634 [omNode-3@group-523986131536-SegmentedRaftLogWorker] INFO  segmented.SegmentedRaftLogWorker (SegmentedRaftLogWorker.java:execute(558)) - omNode-3@group-523986131536-SegmentedRaftLogWorker: Rolled log segment from /home/runner/work/ozone/ozone/hadoop-ozone/integration-test/target/test-dir/MiniOzoneClusterImpl-d5882a6c-7ff2-4adf-97a8-10f223e238e9/omNode-3/ratis/c9bc4cf4-3bc3-3c60-a66b-523986131536/current/log_inprogress_363 to /home/runner/work/ozone/ozone/hadoop-ozone/integration-test/target/test-dir/MiniOzoneClusterImpl-d5882a6c-7ff2-4adf-97a8-10f223e238e9/omNode-3/ratis/c9bc4cf4-3bc3-3c60-a66b-523986131536/current/log_363-414
2022-05-07 13:18:07,651 [omNode-3@group-523986131536-SegmentedRaftLogWorker] INFO  segmented.SegmentedRaftLogWorker (SegmentedRaftLogWorker.java:execute(601)) - omNode-3@group-523986131536-SegmentedRaftLogWorker: created new log segment /home/runner/work/ozone/ozone/hadoop-ozone/integration-test/target/test-dir/MiniOzoneClusterImpl-d5882a6c-7ff2-4adf-97a8-10f223e238e9/omNode-3/ratis/c9bc4cf4-3bc3-3c60-a66b-523986131536/current/log_inprogress_415
2022-05-07 13:18:07,663 [omNode-1@group-523986131536-StateMachineUpdater] INFO  ratis.OzoneManagerStateMachine (OzoneManagerStateMachine.java:notifyConfigurationChanged(191)) - Received Configuration change notification from Ratis. New Peer list:
[id: "omNode-3"
address: "localhost:42517"
, id: "omNode-1"
address: "localhost:46667"
, id: "omNode-2"
address: "localhost:35089"
]
2022-05-07 13:18:07,666 [grpc-default-executor-3] WARN  server.GrpcLogAppender (LogUtils.java:warn(122)) - omNode-1@group-523986131536->omNode-2-AppendLogResponseHandler: Failed appendEntries: org.apache.ratis.thirdparty.io.grpc.StatusRuntimeException: UNAVAILABLE: io exception
2022-05-07 13:18:07,667 [grpc-default-executor-3] WARN  server.GrpcLogAppender (GrpcLogAppender.java:resetClient(110)) - omNode-1@group-523986131536->omNode-2-GrpcLogAppender: Leader has not got in touch with Follower omNode-1@group-523986131536->omNode-2(c-1,m0,n417, attendVote=true, lastRpcSendTime=1, lastRpcResponseTime=1266) yet, just keep nextIndex unchanged and retry.
2022-05-07 13:18:07,669 [omNode-3@group-523986131536-StateMachineUpdater] INFO  ratis.OzoneManagerStateMachine (OzoneManagerStateMachine.java:notifyConfigurationChanged(191)) - Received Configuration change notification from Ratis. New Peer list:
[id: "omNode-3"
address: "localhost:42517"
, id: "omNode-1"
address: "localhost:46667"
, id: "omNode-2"
address: "localhost:35089"
]
2022-05-07 13:18:08,166 [grpc-default-executor-3] WARN  server.GrpcLogAppender (LogUtils.java:warn(122)) - omNode-1@group-523986131536->omNode-2-AppendLogResponseHandler: Failed appendEntries: org.apache.ratis.thirdparty.io.grpc.StatusRuntimeException: UNAVAILABLE: io exception
2022-05-07 13:18:08,168 [grpc-default-executor-3] WARN  server.GrpcLogAppender (GrpcLogAppender.java:resetClient(110)) - omNode-1@group-523986131536->omNode-2-GrpcLogAppender: Leader has not got in touch with Follower omNode-1@group-523986131536->omNode-2(c-1,m0,n417, attendVote=true, lastRpcSendTime=501, lastRpcResponseTime=1766) yet, just keep nextIndex unchanged and retry.
2022-05-07 13:18:08,507 [grpc-default-executor-0] WARN  server.GrpcLogAppender (LogUtils.java:warn(122)) - omNode-1@group-523986131536->omNode-2-AppendLogResponseHandler: Failed appendEntries: org.apache.ratis.thirdparty.io.grpc.StatusRuntimeException: UNAVAILABLE: io exception
2022-05-07 13:18:08,508 [grpc-default-executor-0] WARN  server.GrpcLogAppender (GrpcLogAppender.java:resetClient(110)) - omNode-1@group-523986131536->omNode-2-GrpcLogAppender: Leader has not got in touch with Follower omNode-1@group-523986131536->omNode-2(c-1,m0,n418, attendVote=true, lastRpcSendTime=339, lastRpcResponseTime=2107) yet, just keep nextIndex unchanged and retry.
2022-05-07 13:18:08,519 [OM StateMachine ApplyTransaction Thread - 0] INFO  volume.OMVolumeCreateRequest (OMVolumeCreateRequest.java:validateAndUpdateCache(195)) - created volume:volume2c98f248-05df-4fdd-9261-c250c72f2b4e for user:runner
2022-05-07 13:18:08,526 [OM StateMachine ApplyTransaction Thread - 0] INFO  volume.OMVolumeCreateRequest (OMVolumeCreateRequest.java:validateAndUpdateCache(195)) - created volume:volume2c98f248-05df-4fdd-9261-c250c72f2b4e for user:runner
2022-05-07 13:18:08,530 [grpc-default-executor-0] WARN  server.GrpcLogAppender (LogUtils.java:warn(122)) - omNode-1@group-523986131536->omNode-2-AppendLogResponseHandler: Failed appendEntries: org.apache.ratis.thirdparty.io.grpc.StatusRuntimeException: UNAVAILABLE: io exception
2022-05-07 13:18:08,530 [Listener at localhost/32839] INFO  rpc.RpcClient (RpcClient.java:createBucket(637)) - Creating Bucket: volume2c98f248-05df-4fdd-9261-c250c72f2b4e/bucket, with runner as owner and Versioning false and Storage Type set to DISK and Encryption set to false 
2022-05-07 13:18:08,531 [grpc-default-executor-0] WARN  server.GrpcLogAppender (GrpcLogAppender.java:resetClient(110)) - omNode-1@group-523986131536->omNode-2-GrpcLogAppender: Leader has not got in touch with Follower omNode-1@group-523986131536->omNode-2(c-1,m0,n419, attendVote=true, lastRpcSendTime=4, lastRpcResponseTime=2130) yet, just keep nextIndex unchanged and retry.
2022-05-07 13:18:08,540 [grpc-default-executor-0] WARN  server.GrpcLogAppender (LogUtils.java:warn(122)) - omNode-1@group-523986131536->omNode-2-AppendLogResponseHandler: Failed appendEntries: org.apache.ratis.thirdparty.io.grpc.StatusRuntimeException: UNAVAILABLE: io exception
2022-05-07 13:18:08,541 [grpc-default-executor-0] WARN  server.GrpcLogAppender (GrpcLogAppender.java:resetClient(110)) - omNode-1@group-523986131536->omNode-2-GrpcLogAppender: Leader has not got in touch with Follower omNode-1@group-523986131536->omNode-2(c-1,m0,n420, attendVote=true, lastRpcSendTime=15, lastRpcResponseTime=2140) yet, just keep nextIndex unchanged and retry.
2022-05-07 13:18:08,549 [OM StateMachine ApplyTransaction Thread - 0] INFO  bucket.OMBucketCreateRequest (OMBucketCreateRequest.java:validateAndUpdateCache(258)) - created bucket: bucket of layout LEGACY in volume: volume2c98f248-05df-4fdd-9261-c250c72f2b4e
2022-05-07 13:18:08,556 [grpc-default-executor-0] WARN  server.GrpcLogAppender (LogUtils.java:warn(122)) - omNode-1@group-523986131536->omNode-2-AppendLogResponseHandler: Failed appendEntries: org.apache.ratis.thirdparty.io.grpc.StatusRuntimeException: UNAVAILABLE: io exception
2022-05-07 13:18:08,557 [OM StateMachine ApplyTransaction Thread - 0] INFO  bucket.OMBucketCreateRequest (OMBucketCreateRequest.java:validateAndUpdateCache(258)) - created bucket: bucket of layout LEGACY in volume: volume2c98f248-05df-4fdd-9261-c250c72f2b4e
2022-05-07 13:18:08,557 [grpc-default-executor-0] WARN  server.GrpcLogAppender (GrpcLogAppender.java:resetClient(110)) - omNode-1@group-523986131536->omNode-2-GrpcLogAppender: Leader has not got in touch with Follower omNode-1@group-523986131536->omNode-2(c-1,m0,n421, attendVote=true, lastRpcSendTime=15, lastRpcResponseTime=2156) yet, just keep nextIndex unchanged and retry.
2022-05-07 13:18:08,581 [grpc-default-executor-0] WARN  server.GrpcLogAppender (LogUtils.java:warn(122)) - omNode-1@group-523986131536->omNode-2-AppendLogResponseHandler: Failed appendEntries: org.apache.ratis.thirdparty.io.grpc.StatusRuntimeException: UNAVAILABLE: io exception
2022-05-07 13:18:08,582 [grpc-default-executor-0] WARN  server.GrpcLogAppender (GrpcLogAppender.java:resetClient(110)) - omNode-1@group-523986131536->omNode-2-GrpcLogAppender: Leader has not got in touch with Follower omNode-1@group-523986131536->omNode-2(c-1,m0,n422, attendVote=true, lastRpcSendTime=3, lastRpcResponseTime=2181) yet, just keep nextIndex unchanged and retry.
2022-05-07 13:18:08,600 [grpc-default-executor-0] WARN  server.GrpcLogAppender (LogUtils.java:warn(122)) - omNode-1@group-523986131536->omNode-2-AppendLogResponseHandler: Failed appendEntries: org.apache.ratis.thirdparty.io.grpc.StatusRuntimeException: UNAVAILABLE: io exception
2022-05-07 13:18:08,601 [grpc-default-executor-0] WARN  server.GrpcLogAppender (GrpcLogAppender.java:resetClient(110)) - omNode-1@group-523986131536->omNode-2-GrpcLogAppender: Leader has not got in touch with Follower omNode-1@group-523986131536->omNode-2(c-1,m0,n423, attendVote=true, lastRpcSendTime=18, lastRpcResponseTime=2200) yet, just keep nextIndex unchanged and retry.
2022-05-07 13:18:08,634 [grpc-default-executor-0] WARN  server.GrpcLogAppender (LogUtils.java:warn(122)) - omNode-1@group-523986131536->omNode-2-AppendLogResponseHandler: Failed appendEntries: org.apache.ratis.thirdparty.io.grpc.StatusRuntimeException: UNAVAILABLE: io exception
2022-05-07 13:18:08,635 [grpc-default-executor-0] WARN  server.GrpcLogAppender (GrpcLogAppender.java:resetClient(110)) - omNode-1@group-523986131536->omNode-2-GrpcLogAppender: Leader has not got in touch with Follower omNode-1@group-523986131536->omNode-2(c-1,m0,n424, attendVote=true, lastRpcSendTime=33, lastRpcResponseTime=2234) yet, just keep nextIndex unchanged and retry.
2022-05-07 13:18:08,638 [grpc-default-executor-3] WARN  server.GrpcLogAppender (LogUtils.java:warn(122)) - omNode-1@group-523986131536->omNode-2-AppendLogResponseHandler: Failed appendEntries: org.apache.ratis.thirdparty.io.grpc.StatusRuntimeException: UNAVAILABLE: io exception
2022-05-07 13:18:08,639 [grpc-default-executor-3] WARN  server.GrpcLogAppender (GrpcLogAppender.java:resetClient(110)) - omNode-1@group-523986131536->omNode-2-GrpcLogAppender: Leader has not got in touch with Follower omNode-1@group-523986131536->omNode-2(c-1,m0,n425, attendVote=true, lastRpcSendTime=0, lastRpcResponseTime=2238) yet, just keep nextIndex unchanged and retry.
2022-05-07 13:18:08,649 [grpc-default-executor-0] WARN  server.GrpcLogAppender (LogUtils.java:warn(122)) - omNode-1@group-523986131536->omNode-2-AppendLogResponseHandler: Failed appendEntries: org.apache.ratis.thirdparty.io.grpc.StatusRuntimeException: UNAVAILABLE: io exception
2022-05-07 13:18:08,650 [grpc-default-executor-0] WARN  server.GrpcLogAppender (GrpcLogAppender.java:resetClient(110)) - omNode-1@group-523986131536->omNode-2-GrpcLogAppender: Leader has not got in touch with Follower omNode-1@group-523986131536->omNode-2(c-1,m0,n426, attendVote=true, lastRpcSendTime=12, lastRpcResponseTime=2249) yet, just keep nextIndex unchanged and retry.
2022-05-07 13:18:08,666 [grpc-default-executor-0] WARN  server.GrpcLogAppender (LogUtils.java:warn(122)) - omNode-1@group-523986131536->omNode-2-AppendLogResponseHandler: Failed appendEntries: org.apache.ratis.thirdparty.io.grpc.StatusRuntimeException: UNAVAILABLE: io exception
2022-05-07 13:18:08,670 [grpc-default-executor-0] WARN  server.GrpcLogAppender (GrpcLogAppender.java:resetClient(110)) - omNode-1@group-523986131536->omNode-2-GrpcLogAppender: Leader has not got in touch with Follower omNode-1@group-523986131536->omNode-2(c-1,m0,n427, attendVote=true, lastRpcSendTime=18, lastRpcResponseTime=2269) yet, just keep nextIndex unchanged and retry.
2022-05-07 13:18:08,708 [grpc-default-executor-0] WARN  server.GrpcLogAppender (LogUtils.java:warn(122)) - omNode-1@group-523986131536->omNode-2-AppendLogResponseHandler: Failed appendEntries: org.apache.ratis.thirdparty.io.grpc.StatusRuntimeException: UNAVAILABLE: io exception
2022-05-07 13:18:08,709 [grpc-default-executor-0] WARN  server.GrpcLogAppender (GrpcLogAppender.java:resetClient(110)) - omNode-1@group-523986131536->omNode-2-GrpcLogAppender: Leader has not got in touch with Follower omNode-1@group-523986131536->omNode-2(c-1,m0,n428, attendVote=true, lastRpcSendTime=38, lastRpcResponseTime=2308) yet, just keep nextIndex unchanged and retry.
2022-05-07 13:18:08,726 [grpc-default-executor-0] WARN  server.GrpcLogAppender (LogUtils.java:warn(122)) - omNode-1@group-523986131536->omNode-2-AppendLogResponseHandler: Failed appendEntries: org.apache.ratis.thirdparty.io.grpc.StatusRuntimeException: UNAVAILABLE: io exception
2022-05-07 13:18:08,727 [grpc-default-executor-0] WARN  server.GrpcLogAppender (GrpcLogAppender.java:resetClient(110)) - omNode-1@group-523986131536->omNode-2-GrpcLogAppender: Leader has not got in touch with Follower omNode-1@group-523986131536->omNode-2(c-1,m0,n429, attendVote=true, lastRpcSendTime=16, lastRpcResponseTime=2325) yet, just keep nextIndex unchanged and retry.
2022-05-07 13:18:08,739 [grpc-default-executor-0] WARN  server.GrpcLogAppender (LogUtils.java:warn(122)) - omNode-1@group-523986131536->omNode-2-AppendLogResponseHandler: Failed appendEntries: org.apache.ratis.thirdparty.io.grpc.StatusRuntimeException: UNAVAILABLE: io exception
2022-05-07 13:18:08,739 [grpc-default-executor-0] WARN  server.GrpcLogAppender (GrpcLogAppender.java:resetClient(110)) - omNode-1@group-523986131536->omNode-2-GrpcLogAppender: Leader has not got in touch with Follower omNode-1@group-523986131536->omNode-2(c-1,m0,n430, attendVote=true, lastRpcSendTime=11, lastRpcResponseTime=2338) yet, just keep nextIndex unchanged and retry.
2022-05-07 13:18:08,756 [grpc-default-executor-0] WARN  server.GrpcLogAppender (LogUtils.java:warn(122)) - omNode-1@group-523986131536->omNode-2-AppendLogResponseHandler: Failed appendEntries: org.apache.ratis.thirdparty.io.grpc.StatusRuntimeException: UNAVAILABLE: io exception
2022-05-07 13:18:08,758 [grpc-default-executor-0] WARN  server.GrpcLogAppender (GrpcLogAppender.java:resetClient(110)) - omNode-1@group-523986131536->omNode-2-GrpcLogAppender: Leader has not got in touch with Follower omNode-1@group-523986131536->omNode-2(c-1,m0,n431, attendVote=true, lastRpcSendTime=17, lastRpcResponseTime=2357) yet, just keep nextIndex unchanged and retry.
2022-05-07 13:18:08,789 [grpc-default-executor-0] WARN  server.GrpcLogAppender (LogUtils.java:warn(122)) - omNode-1@group-523986131536->omNode-2-AppendLogResponseHandler: Failed appendEntries: org.apache.ratis.thirdparty.io.grpc.StatusRuntimeException: UNAVAILABLE: io exception
2022-05-07 13:18:08,790 [grpc-default-executor-0] WARN  server.GrpcLogAppender (GrpcLogAppender.java:resetClient(110)) - omNode-1@group-523986131536->omNode-2-GrpcLogAppender: Leader has not got in touch with Follower omNode-1@group-523986131536->omNode-2(c-1,m0,n432, attendVote=true, lastRpcSendTime=31, lastRpcResponseTime=2389) yet, just keep nextIndex unchanged and retry.
2022-05-07 13:18:08,807 [grpc-default-executor-0] WARN  server.GrpcLogAppender (LogUtils.java:warn(122)) - omNode-1@group-523986131536->omNode-2-AppendLogResponseHandler: Failed appendEntries: org.apache.ratis.thirdparty.io.grpc.StatusRuntimeException: UNAVAILABLE: io exception
2022-05-07 13:18:08,807 [grpc-default-executor-0] WARN  server.GrpcLogAppender (GrpcLogAppender.java:resetClient(110)) - omNode-1@group-523986131536->omNode-2-GrpcLogAppender: Leader has not got in touch with Follower omNode-1@group-523986131536->omNode-2(c-1,m0,n433, attendVote=true, lastRpcSendTime=15, lastRpcResponseTime=2406) yet, just keep nextIndex unchanged and retry.
2022-05-07 13:18:08,828 [grpc-default-executor-0] WARN  server.GrpcLogAppender (LogUtils.java:warn(122)) - omNode-1@group-523986131536->omNode-2-AppendLogResponseHandler: Failed appendEntries: org.apache.ratis.thirdparty.io.grpc.StatusRuntimeException: UNAVAILABLE: io exception
2022-05-07 13:18:08,829 [grpc-default-executor-0] WARN  server.GrpcLogAppender (GrpcLogAppender.java:resetClient(110)) - omNode-1@group-523986131536->omNode-2-GrpcLogAppender: Leader has not got in touch with Follower omNode-1@group-523986131536->omNode-2(c-1,m0,n434, attendVote=true, lastRpcSendTime=19, lastRpcResponseTime=2428) yet, just keep nextIndex unchanged and retry.
2022-05-07 13:18:08,845 [grpc-default-executor-0] WARN  server.GrpcLogAppender (LogUtils.java:warn(122)) - omNode-1@group-523986131536->omNode-2-AppendLogResponseHandler: Failed appendEntries: org.apache.ratis.thirdparty.io.grpc.StatusRuntimeException: UNAVAILABLE: io exception
2022-05-07 13:18:08,847 [grpc-default-executor-0] WARN  server.GrpcLogAppender (GrpcLogAppender.java:resetClient(110)) - omNode-1@group-523986131536->omNode-2-GrpcLogAppender: Leader has not got in touch with Follower omNode-1@group-523986131536->omNode-2(c-1,m0,n435, attendVote=true, lastRpcSendTime=16, lastRpcResponseTime=2446) yet, just keep nextIndex unchanged and retry.
2022-05-07 13:18:08,887 [grpc-default-executor-0] WARN  server.GrpcLogAppender (LogUtils.java:warn(122)) - omNode-1@group-523986131536->omNode-2-AppendLogResponseHandler: Failed appendEntries: org.apache.ratis.thirdparty.io.grpc.StatusRuntimeException: UNAVAILABLE: io exception
2022-05-07 13:18:08,888 [grpc-default-executor-0] WARN  server.GrpcLogAppender (GrpcLogAppender.java:resetClient(110)) - omNode-1@group-523986131536->omNode-2-GrpcLogAppender: Leader has not got in touch with Follower omNode-1@group-523986131536->omNode-2(c-1,m0,n436, attendVote=true, lastRpcSendTime=39, lastRpcResponseTime=2487) yet, just keep nextIndex unchanged and retry.
2022-05-07 13:18:08,897 [grpc-default-executor-0] WARN  server.GrpcLogAppender (LogUtils.java:warn(122)) - omNode-1@group-523986131536->omNode-2-AppendLogResponseHandler: Failed appendEntries: org.apache.ratis.thirdparty.io.grpc.StatusRuntimeException: UNAVAILABLE: io exception
2022-05-07 13:18:08,898 [grpc-default-executor-0] WARN  server.GrpcLogAppender (GrpcLogAppender.java:resetClient(110)) - omNode-1@group-523986131536->omNode-2-GrpcLogAppender: Leader has not got in touch with Follower omNode-1@group-523986131536->omNode-2(c-1,m0,n437, attendVote=true, lastRpcSendTime=8, lastRpcResponseTime=2497) yet, just keep nextIndex unchanged and retry.
2022-05-07 13:18:08,904 [grpc-default-executor-0] WARN  server.GrpcLogAppender (LogUtils.java:warn(122)) - omNode-1@group-523986131536->omNode-2-AppendLogResponseHandler: Failed appendEntries: org.apache.ratis.thirdparty.io.grpc.StatusRuntimeException: UNAVAILABLE: io exception
2022-05-07 13:18:08,905 [grpc-default-executor-0] WARN  server.GrpcLogAppender (GrpcLogAppender.java:resetClient(110)) - omNode-1@group-523986131536->omNode-2-GrpcLogAppender: Leader has not got in touch with Follower omNode-1@group-523986131536->omNode-2(c-1,m0,n438, attendVote=true, lastRpcSendTime=4, lastRpcResponseTime=2503) yet, just keep nextIndex unchanged and retry.
2022-05-07 13:18:08,919 [grpc-default-executor-0] WARN  server.GrpcLogAppender (LogUtils.java:warn(122)) - omNode-1@group-523986131536->omNode-2-AppendLogResponseHandler: Failed appendEntries: org.apache.ratis.thirdparty.io.grpc.StatusRuntimeException: UNAVAILABLE: io exception
2022-05-07 13:18:08,922 [grpc-default-executor-0] WARN  server.GrpcLogAppender (GrpcLogAppender.java:resetClient(110)) - omNode-1@group-523986131536->omNode-2-GrpcLogAppender: Leader has not got in touch with Follower omNode-1@group-523986131536->omNode-2(c-1,m0,n439, attendVote=true, lastRpcSendTime=15, lastRpcResponseTime=2521) yet, just keep nextIndex unchanged and retry.
2022-05-07 13:18:08,956 [grpc-default-executor-0] WARN  server.GrpcLogAppender (LogUtils.java:warn(122)) - omNode-1@group-523986131536->omNode-2-AppendLogResponseHandler: Failed appendEntries: org.apache.ratis.thirdparty.io.grpc.StatusRuntimeException: UNAVAILABLE: io exception
2022-05-07 13:18:08,957 [grpc-default-executor-0] WARN  server.GrpcLogAppender (GrpcLogAppender.java:resetClient(110)) - omNode-1@group-523986131536->omNode-2-GrpcLogAppender: Leader has not got in touch with Follower omNode-1@group-523986131536->omNode-2(c-1,m0,n440, attendVote=true, lastRpcSendTime=35, lastRpcResponseTime=2556) yet, just keep nextIndex unchanged and retry.
2022-05-07 13:18:08,968 [grpc-default-executor-0] WARN  server.GrpcLogAppender (LogUtils.java:warn(122)) - omNode-1@group-523986131536->omNode-2-AppendLogResponseHandler: Failed appendEntries: org.apache.ratis.thirdparty.io.grpc.StatusRuntimeException: UNAVAILABLE: io exception
2022-05-07 13:18:08,968 [grpc-default-executor-0] WARN  server.GrpcLogAppender (GrpcLogAppender.java:resetClient(110)) - omNode-1@group-523986131536->omNode-2-GrpcLogAppender: Leader has not got in touch with Follower omNode-1@group-523986131536->omNode-2(c-1,m0,n441, attendVote=true, lastRpcSendTime=11, lastRpcResponseTime=2567) yet, just keep nextIndex unchanged and retry.
2022-05-07 13:18:08,987 [grpc-default-executor-3] WARN  server.GrpcLogAppender (LogUtils.java:warn(122)) - omNode-1@group-523986131536->omNode-2-AppendLogResponseHandler: Failed appendEntries: org.apache.ratis.thirdparty.io.grpc.StatusRuntimeException: UNAVAILABLE: io exception
2022-05-07 13:18:08,988 [grpc-default-executor-3] WARN  server.GrpcLogAppender (GrpcLogAppender.java:resetClient(110)) - omNode-1@group-523986131536->omNode-2-GrpcLogAppender: Leader has not got in touch with Follower omNode-1@group-523986131536->omNode-2(c-1,m0,n442, attendVote=true, lastRpcSendTime=0, lastRpcResponseTime=2587) yet, just keep nextIndex unchanged and retry.
2022-05-07 13:18:08,992 [grpc-default-executor-3] WARN  server.GrpcLogAppender (LogUtils.java:warn(122)) - omNode-1@group-523986131536->omNode-2-AppendLogResponseHandler: Failed appendEntries: org.apache.ratis.thirdparty.io.grpc.StatusRuntimeException: UNAVAILABLE: io exception
2022-05-07 13:18:08,993 [grpc-default-executor-3] WARN  server.GrpcLogAppender (GrpcLogAppender.java:resetClient(110)) - omNode-1@group-523986131536->omNode-2-GrpcLogAppender: Leader has not got in touch with Follower omNode-1@group-523986131536->omNode-2(c-1,m0,n443, attendVote=true, lastRpcSendTime=1, lastRpcResponseTime=2592) yet, just keep nextIndex unchanged and retry.
2022-05-07 13:18:09,011 [grpc-default-executor-0] WARN  server.GrpcLogAppender (LogUtils.java:warn(122)) - omNode-1@group-523986131536->omNode-2-AppendLogResponseHandler: Failed appendEntries: org.apache.ratis.thirdparty.io.grpc.StatusRuntimeException: UNAVAILABLE: io exception
2022-05-07 13:18:09,012 [grpc-default-executor-0] WARN  server.GrpcLogAppender (GrpcLogAppender.java:resetClient(110)) - omNode-1@group-523986131536->omNode-2-GrpcLogAppender: Leader has not got in touch with Follower omNode-1@group-523986131536->omNode-2(c-1,m0,n444, attendVote=true, lastRpcSendTime=20, lastRpcResponseTime=2611) yet, just keep nextIndex unchanged and retry.
2022-05-07 13:18:09,023 [grpc-default-executor-0] WARN  server.GrpcLogAppender (LogUtils.java:warn(122)) - omNode-1@group-523986131536->omNode-2-AppendLogResponseHandler: Failed appendEntries: org.apache.ratis.thirdparty.io.grpc.StatusRuntimeException: UNAVAILABLE: io exception
2022-05-07 13:18:09,023 [grpc-default-executor-0] WARN  server.GrpcLogAppender (GrpcLogAppender.java:resetClient(110)) - omNode-1@group-523986131536->omNode-2-GrpcLogAppender: Leader has not got in touch with Follower omNode-1@group-523986131536->omNode-2(c-1,m0,n445, attendVote=true, lastRpcSendTime=10, lastRpcResponseTime=2622) yet, just keep nextIndex unchanged and retry.
2022-05-07 13:18:09,036 [grpc-default-executor-0] WARN  server.GrpcLogAppender (LogUtils.java:warn(122)) - omNode-1@group-523986131536->omNode-2-AppendLogResponseHandler: Failed appendEntries: org.apache.ratis.thirdparty.io.grpc.StatusRuntimeException: UNAVAILABLE: io exception
2022-05-07 13:18:09,037 [grpc-default-executor-0] WARN  server.GrpcLogAppender (GrpcLogAppender.java:resetClient(110)) - omNode-1@group-523986131536->omNode-2-GrpcLogAppender: Leader has not got in touch with Follower omNode-1@group-523986131536->omNode-2(c-1,m0,n446, attendVote=true, lastRpcSendTime=12, lastRpcResponseTime=2636) yet, just keep nextIndex unchanged and retry.
2022-05-07 13:18:09,047 [grpc-default-executor-0] WARN  server.GrpcLogAppender (LogUtils.java:warn(122)) - omNode-1@group-523986131536->omNode-2-AppendLogResponseHandler: Failed appendEntries: org.apache.ratis.thirdparty.io.grpc.StatusRuntimeException: UNAVAILABLE: io exception
2022-05-07 13:18:09,048 [grpc-default-executor-0] WARN  server.GrpcLogAppender (GrpcLogAppender.java:resetClient(110)) - omNode-1@group-523986131536->omNode-2-GrpcLogAppender: Leader has not got in touch with Follower omNode-1@group-523986131536->omNode-2(c-1,m0,n447, attendVote=true, lastRpcSendTime=10, lastRpcResponseTime=2647) yet, just keep nextIndex unchanged and retry.
2022-05-07 13:18:09,076 [grpc-default-executor-0] WARN  server.GrpcLogAppender (LogUtils.java:warn(122)) - omNode-1@group-523986131536->omNode-2-AppendLogResponseHandler: Failed appendEntries: org.apache.ratis.thirdparty.io.grpc.StatusRuntimeException: UNAVAILABLE: io exception
2022-05-07 13:18:09,077 [grpc-default-executor-0] WARN  server.GrpcLogAppender (GrpcLogAppender.java:resetClient(110)) - omNode-1@group-523986131536->omNode-2-GrpcLogAppender: Leader has not got in touch with Follower omNode-1@group-523986131536->omNode-2(c-1,m0,n448, attendVote=true, lastRpcSendTime=0, lastRpcResponseTime=2675) yet, just keep nextIndex unchanged and retry.
2022-05-07 13:18:09,090 [grpc-default-executor-0] WARN  server.GrpcLogAppender (LogUtils.java:warn(122)) - omNode-1@group-523986131536->omNode-2-AppendLogResponseHandler: Failed appendEntries: org.apache.ratis.thirdparty.io.grpc.StatusRuntimeException: UNAVAILABLE: io exception
2022-05-07 13:18:09,091 [grpc-default-executor-0] WARN  server.GrpcLogAppender (GrpcLogAppender.java:resetClient(110)) - omNode-1@group-523986131536->omNode-2-GrpcLogAppender: Leader has not got in touch with Follower omNode-1@group-523986131536->omNode-2(c-1,m0,n449, attendVote=true, lastRpcSendTime=15, lastRpcResponseTime=2690) yet, just keep nextIndex unchanged and retry.
2022-05-07 13:18:09,109 [grpc-default-executor-3] WARN  server.GrpcLogAppender (LogUtils.java:warn(122)) - omNode-1@group-523986131536->omNode-2-AppendLogResponseHandler: Failed appendEntries: org.apache.ratis.thirdparty.io.grpc.StatusRuntimeException: UNAVAILABLE: io exception
2022-05-07 13:18:09,110 [grpc-default-executor-3] WARN  server.GrpcLogAppender (GrpcLogAppender.java:resetClient(110)) - omNode-1@group-523986131536->omNode-2-GrpcLogAppender: Leader has not got in touch with Follower omNode-1@group-523986131536->omNode-2(c-1,m0,n451, attendVote=true, lastRpcSendTime=1, lastRpcResponseTime=2709) yet, just keep nextIndex unchanged and retry.
2022-05-07 13:18:09,128 [grpc-default-executor-0] WARN  server.GrpcLogAppender (LogUtils.java:warn(122)) - omNode-1@group-523986131536->omNode-2-AppendLogResponseHandler: Failed appendEntries: org.apache.ratis.thirdparty.io.grpc.StatusRuntimeException: UNAVAILABLE: io exception
2022-05-07 13:18:09,129 [grpc-default-executor-0] WARN  server.GrpcLogAppender (GrpcLogAppender.java:resetClient(110)) - omNode-1@group-523986131536->omNode-2-GrpcLogAppender: Leader has not got in touch with Follower omNode-1@group-523986131536->omNode-2(c-1,m0,n452, attendVote=true, lastRpcSendTime=16, lastRpcResponseTime=2728) yet, just keep nextIndex unchanged and retry.
2022-05-07 13:18:09,144 [grpc-default-executor-0] WARN  server.GrpcLogAppender (LogUtils.java:warn(122)) - omNode-1@group-523986131536->omNode-2-AppendLogResponseHandler: Failed appendEntries: org.apache.ratis.thirdparty.io.grpc.StatusRuntimeException: UNAVAILABLE: io exception
2022-05-07 13:18:09,145 [grpc-default-executor-0] WARN  server.GrpcLogAppender (GrpcLogAppender.java:resetClient(110)) - omNode-1@group-523986131536->omNode-2-GrpcLogAppender: Leader has not got in touch with Follower omNode-1@group-523986131536->omNode-2(c-1,m0,n453, attendVote=true, lastRpcSendTime=14, lastRpcResponseTime=2744) yet, just keep nextIndex unchanged and retry.
2022-05-07 13:18:09,156 [grpc-default-executor-0] WARN  server.GrpcLogAppender (LogUtils.java:warn(122)) - omNode-1@group-523986131536->omNode-2-AppendLogResponseHandler: Failed appendEntries: org.apache.ratis.thirdparty.io.grpc.StatusRuntimeException: UNAVAILABLE: io exception
2022-05-07 13:18:09,157 [grpc-default-executor-0] WARN  server.GrpcLogAppender (GrpcLogAppender.java:resetClient(110)) - omNode-1@group-523986131536->omNode-2-GrpcLogAppender: Leader has not got in touch with Follower omNode-1@group-523986131536->omNode-2(c-1,m0,n454, attendVote=true, lastRpcSendTime=2, lastRpcResponseTime=2756) yet, just keep nextIndex unchanged and retry.
2022-05-07 13:18:09,162 [grpc-default-executor-0] WARN  server.GrpcLogAppender (LogUtils.java:warn(122)) - omNode-1@group-523986131536->omNode-2-AppendLogResponseHandler: Failed appendEntries: org.apache.ratis.thirdparty.io.grpc.StatusRuntimeException: UNAVAILABLE: io exception
2022-05-07 13:18:09,164 [grpc-default-executor-0] WARN  server.GrpcLogAppender (GrpcLogAppender.java:resetClient(110)) - omNode-1@group-523986131536->omNode-2-GrpcLogAppender: Leader has not got in touch with Follower omNode-1@group-523986131536->omNode-2(c-1,m0,n455, attendVote=true, lastRpcSendTime=2, lastRpcResponseTime=2763) yet, just keep nextIndex unchanged and retry.
2022-05-07 13:18:09,199 [grpc-default-executor-0] WARN  server.GrpcLogAppender (LogUtils.java:warn(122)) - omNode-1@group-523986131536->omNode-2-AppendLogResponseHandler: Failed appendEntries: org.apache.ratis.thirdparty.io.grpc.StatusRuntimeException: UNAVAILABLE: io exception
2022-05-07 13:18:09,200 [grpc-default-executor-0] WARN  server.GrpcLogAppender (GrpcLogAppender.java:resetClient(110)) - omNode-1@group-523986131536->omNode-2-GrpcLogAppender: Leader has not got in touch with Follower omNode-1@group-523986131536->omNode-2(c-1,m0,n456, attendVote=true, lastRpcSendTime=35, lastRpcResponseTime=2799) yet, just keep nextIndex unchanged and retry.
2022-05-07 13:18:09,212 [grpc-default-executor-0] WARN  server.GrpcLogAppender (LogUtils.java:warn(122)) - omNode-1@group-523986131536->omNode-2-AppendLogResponseHandler: Failed appendEntries: org.apache.ratis.thirdparty.io.grpc.StatusRuntimeException: UNAVAILABLE: io exception
2022-05-07 13:18:09,213 [grpc-default-executor-0] WARN  server.GrpcLogAppender (GrpcLogAppender.java:resetClient(110)) - omNode-1@group-523986131536->omNode-2-GrpcLogAppender: Leader has not got in touch with Follower omNode-1@group-523986131536->omNode-2(c-1,m0,n457, attendVote=true, lastRpcSendTime=9, lastRpcResponseTime=2812) yet, just keep nextIndex unchanged and retry.
2022-05-07 13:18:09,224 [grpc-default-executor-3] WARN  server.GrpcLogAppender (LogUtils.java:warn(122)) - omNode-1@group-523986131536->omNode-2-AppendLogResponseHandler: Failed appendEntries: org.apache.ratis.thirdparty.io.grpc.StatusRuntimeException: UNAVAILABLE: io exception
2022-05-07 13:18:09,225 [grpc-default-executor-3] WARN  server.GrpcLogAppender (GrpcLogAppender.java:resetClient(110)) - omNode-1@group-523986131536->omNode-2-GrpcLogAppender: Leader has not got in touch with Follower omNode-1@group-523986131536->omNode-2(c-1,m0,n458, attendVote=true, lastRpcSendTime=0, lastRpcResponseTime=2823) yet, just keep nextIndex unchanged and retry.
2022-05-07 13:18:09,233 [grpc-default-executor-0] WARN  server.GrpcLogAppender (LogUtils.java:warn(122)) - omNode-1@group-523986131536->omNode-2-AppendLogResponseHandler: Failed appendEntries: org.apache.ratis.thirdparty.io.grpc.StatusRuntimeException: UNAVAILABLE: io exception
2022-05-07 13:18:09,234 [grpc-default-executor-0] WARN  server.GrpcLogAppender (GrpcLogAppender.java:resetClient(110)) - omNode-1@group-523986131536->omNode-2-GrpcLogAppender: Leader has not got in touch with Follower omNode-1@group-523986131536->omNode-2(c-1,m0,n459, attendVote=true, lastRpcSendTime=9, lastRpcResponseTime=2832) yet, just keep nextIndex unchanged and retry.
2022-05-07 13:18:09,246 [grpc-default-executor-0] WARN  server.GrpcLogAppender (LogUtils.java:warn(122)) - omNode-1@group-523986131536->omNode-2-AppendLogResponseHandler: Failed appendEntries: org.apache.ratis.thirdparty.io.grpc.StatusRuntimeException: UNAVAILABLE: io exception
2022-05-07 13:18:09,247 [grpc-default-executor-0] WARN  server.GrpcLogAppender (GrpcLogAppender.java:resetClient(110)) - omNode-1@group-523986131536->omNode-2-GrpcLogAppender: Leader has not got in touch with Follower omNode-1@group-523986131536->omNode-2(c-1,m0,n460, attendVote=true, lastRpcSendTime=0, lastRpcResponseTime=2845) yet, just keep nextIndex unchanged and retry.
2022-05-07 13:18:09,250 [grpc-default-executor-0] WARN  server.GrpcLogAppender (LogUtils.java:warn(122)) - omNode-1@group-523986131536->omNode-2-AppendLogResponseHandler: Failed appendEntries: org.apache.ratis.thirdparty.io.grpc.StatusRuntimeException: UNAVAILABLE: io exception
2022-05-07 13:18:09,250 [grpc-default-executor-0] WARN  server.GrpcLogAppender (GrpcLogAppender.java:resetClient(110)) - omNode-1@group-523986131536->omNode-2-GrpcLogAppender: Leader has not got in touch with Follower omNode-1@group-523986131536->omNode-2(c-1,m0,n461, attendVote=true, lastRpcSendTime=0, lastRpcResponseTime=2849) yet, just keep nextIndex unchanged and retry.
2022-05-07 13:18:09,254 [grpc-default-executor-0] WARN  server.GrpcLogAppender (LogUtils.java:warn(122)) - omNode-1@group-523986131536->omNode-2-AppendLogResponseHandler: Failed appendEntries: org.apache.ratis.thirdparty.io.grpc.StatusRuntimeException: UNAVAILABLE: io exception
2022-05-07 13:18:09,255 [grpc-default-executor-0] WARN  server.GrpcLogAppender (GrpcLogAppender.java:resetClient(110)) - omNode-1@group-523986131536->omNode-2-GrpcLogAppender: Leader has not got in touch with Follower omNode-1@group-523986131536->omNode-2(c-1,m0,n462, attendVote=true, lastRpcSendTime=1, lastRpcResponseTime=2854) yet, just keep nextIndex unchanged and retry.
2022-05-07 13:18:09,258 [OM StateMachine ApplyTransaction Thread - 0] INFO  upgrade.OMPrepareRequest (OMPrepareRequest.java:validateAndUpdateCache(67)) - OM omNode-1 Received prepare request with log index 461
2022-05-07 13:18:09,259 [OM StateMachine ApplyTransaction Thread - 0] INFO  upgrade.OMPrepareRequest (OMPrepareRequest.java:waitForLogIndex(176)) - omNode-1 waiting for index 461 to flush to OM DB and index 462 to flush to Ratis state machine.
2022-05-07 13:18:09,259 [grpc-default-executor-3] WARN  server.GrpcLogAppender (LogUtils.java:warn(122)) - omNode-1@group-523986131536->omNode-2-AppendLogResponseHandler: Failed appendEntries: org.apache.ratis.thirdparty.io.grpc.StatusRuntimeException: UNAVAILABLE: io exception
2022-05-07 13:18:09,260 [grpc-default-executor-3] WARN  server.GrpcLogAppender (GrpcLogAppender.java:resetClient(110)) - omNode-1@group-523986131536->omNode-2-GrpcLogAppender: Leader has not got in touch with Follower omNode-1@group-523986131536->omNode-2(c-1,m0,n463, attendVote=true, lastRpcSendTime=0, lastRpcResponseTime=2858) yet, just keep nextIndex unchanged and retry.
2022-05-07 13:18:09,262 [OM StateMachine ApplyTransaction Thread - 0] INFO  upgrade.OMPrepareRequest (OMPrepareRequest.java:validateAndUpdateCache(67)) - OM omNode-3 Received prepare request with log index 461
2022-05-07 13:18:09,262 [OM StateMachine ApplyTransaction Thread - 0] INFO  upgrade.OMPrepareRequest (OMPrepareRequest.java:waitForLogIndex(176)) - omNode-3 waiting for index 461 to flush to OM DB and index 462 to flush to Ratis state machine.
2022-05-07 13:18:09,759 [grpc-default-executor-3] WARN  server.GrpcLogAppender (LogUtils.java:warn(122)) - omNode-1@group-523986131536->omNode-2-AppendLogResponseHandler: Failed appendEntries: org.apache.ratis.thirdparty.io.grpc.StatusRuntimeException: UNAVAILABLE: io exception
2022-05-07 13:18:09,761 [grpc-default-executor-3] WARN  server.GrpcLogAppender (GrpcLogAppender.java:resetClient(110)) - omNode-1@group-523986131536->omNode-2-GrpcLogAppender: Leader has not got in touch with Follower omNode-1@group-523986131536->omNode-2(c-1,m0,n463, attendVote=true, lastRpcSendTime=1, lastRpcResponseTime=3359) yet, just keep nextIndex unchanged and retry.
2022-05-07 13:18:10,260 [grpc-default-executor-3] WARN  server.GrpcLogAppender (LogUtils.java:warn(122)) - omNode-1@group-523986131536->omNode-2-AppendLogResponseHandler: Failed appendEntries: org.apache.ratis.thirdparty.io.grpc.StatusRuntimeException: UNAVAILABLE: io exception
2022-05-07 13:18:10,261 [grpc-default-executor-3] WARN  server.GrpcLogAppender (GrpcLogAppender.java:resetClient(110)) - omNode-1@group-523986131536->omNode-2-GrpcLogAppender: Leader has not got in touch with Follower omNode-1@group-523986131536->omNode-2(c-1,m0,n463, attendVote=true, lastRpcSendTime=0, lastRpcResponseTime=3860) yet, just keep nextIndex unchanged and retry.
2022-05-07 13:18:10,771 [grpc-default-executor-3] WARN  server.GrpcLogAppender (LogUtils.java:warn(122)) - omNode-1@group-523986131536->omNode-2-AppendLogResponseHandler: Failed appendEntries: org.apache.ratis.thirdparty.io.grpc.StatusRuntimeException: UNAVAILABLE: io exception
2022-05-07 13:18:10,772 [grpc-default-executor-3] WARN  server.GrpcLogAppender (GrpcLogAppender.java:resetClient(110)) - omNode-1@group-523986131536->omNode-2-GrpcLogAppender: Leader has not got in touch with Follower omNode-1@group-523986131536->omNode-2(c-1,m0,n463, attendVote=true, lastRpcSendTime=512, lastRpcResponseTime=4371) yet, just keep nextIndex unchanged and retry.
2022-05-07 13:18:11,274 [grpc-default-executor-3] WARN  server.GrpcLogAppender (LogUtils.java:warn(122)) - omNode-1@group-523986131536->omNode-2-AppendLogResponseHandler: Failed appendEntries: org.apache.ratis.thirdparty.io.grpc.StatusRuntimeException: UNAVAILABLE: io exception
2022-05-07 13:18:11,274 [grpc-default-executor-3] WARN  server.GrpcLogAppender (GrpcLogAppender.java:resetClient(110)) - omNode-1@group-523986131536->omNode-2-GrpcLogAppender: Leader has not got in touch with Follower omNode-1@group-523986131536->omNode-2(c-1,m0,n463, attendVote=true, lastRpcSendTime=0, lastRpcResponseTime=4873) yet, just keep nextIndex unchanged and retry.
2022-05-07 13:18:11,774 [grpc-default-executor-3] WARN  server.GrpcLogAppender (LogUtils.java:warn(122)) - omNode-1@group-523986131536->omNode-2-AppendLogResponseHandler: Failed appendEntries: org.apache.ratis.thirdparty.io.grpc.StatusRuntimeException: UNAVAILABLE: io exception
2022-05-07 13:18:11,775 [grpc-default-executor-3] WARN  server.GrpcLogAppender (GrpcLogAppender.java:resetClient(110)) - omNode-1@group-523986131536->omNode-2-GrpcLogAppender: Leader has not got in touch with Follower omNode-1@group-523986131536->omNode-2(c-1,m0,n463, attendVote=true, lastRpcSendTime=0, lastRpcResponseTime=5374) yet, just keep nextIndex unchanged and retry.
2022-05-07 13:18:12,275 [grpc-default-executor-3] WARN  server.GrpcLogAppender (LogUtils.java:warn(122)) - omNode-1@group-523986131536->omNode-2-AppendLogResponseHandler: Failed appendEntries: org.apache.ratis.thirdparty.io.grpc.StatusRuntimeException: UNAVAILABLE: io exception
2022-05-07 13:18:12,276 [grpc-default-executor-3] WARN  server.GrpcLogAppender (GrpcLogAppender.java:resetClient(110)) - omNode-1@group-523986131536->omNode-2-GrpcLogAppender: Leader has not got in touch with Follower omNode-1@group-523986131536->omNode-2(c-1,m0,n463, attendVote=true, lastRpcSendTime=1, lastRpcResponseTime=5875) yet, just keep nextIndex unchanged and retry.
2022-05-07 13:18:12,775 [grpc-default-executor-3] WARN  server.GrpcLogAppender (LogUtils.java:warn(122)) - omNode-1@group-523986131536->omNode-2-AppendLogResponseHandler: Failed appendEntries: org.apache.ratis.thirdparty.io.grpc.StatusRuntimeException: UNAVAILABLE: io exception
2022-05-07 13:18:12,777 [grpc-default-executor-3] WARN  server.GrpcLogAppender (GrpcLogAppender.java:resetClient(110)) - omNode-1@group-523986131536->omNode-2-GrpcLogAppender: Leader has not got in touch with Follower omNode-1@group-523986131536->omNode-2(c-1,m0,n463, attendVote=true, lastRpcSendTime=1, lastRpcResponseTime=6375) yet, just keep nextIndex unchanged and retry.
2022-05-07 13:18:13,291 [grpc-default-executor-3] WARN  server.GrpcLogAppender (LogUtils.java:warn(122)) - omNode-1@group-523986131536->omNode-2-AppendLogResponseHandler: Failed appendEntries: org.apache.ratis.thirdparty.io.grpc.StatusRuntimeException: UNAVAILABLE: io exception
2022-05-07 13:18:13,292 [grpc-default-executor-3] WARN  server.GrpcLogAppender (GrpcLogAppender.java:resetClient(110)) - omNode-1@group-523986131536->omNode-2-GrpcLogAppender: Leader has not got in touch with Follower omNode-1@group-523986131536->omNode-2(c-1,m0,n463, attendVote=true, lastRpcSendTime=16, lastRpcResponseTime=6891) yet, just keep nextIndex unchanged and retry.
2022-05-07 13:18:13,776 [grpc-default-executor-0] WARN  server.GrpcLogAppender (LogUtils.java:warn(122)) - omNode-1@group-523986131536->omNode-2-AppendLogResponseHandler: Failed appendEntries: org.apache.ratis.thirdparty.io.grpc.StatusRuntimeException: UNAVAILABLE: io exception
2022-05-07 13:18:13,777 [grpc-default-executor-0] WARN  server.GrpcLogAppender (GrpcLogAppender.java:resetClient(110)) - omNode-1@group-523986131536->omNode-2-GrpcLogAppender: Leader has not got in touch with Follower omNode-1@group-523986131536->omNode-2(c-1,m0,n463, attendVote=true, lastRpcSendTime=1, lastRpcResponseTime=7376) yet, just keep nextIndex unchanged and retry.
2022-05-07 13:18:14,276 [grpc-default-executor-0] WARN  server.GrpcLogAppender (LogUtils.java:warn(122)) - omNode-1@group-523986131536->omNode-2-AppendLogResponseHandler: Failed appendEntries: org.apache.ratis.thirdparty.io.grpc.StatusRuntimeException: UNAVAILABLE: io exception
2022-05-07 13:18:14,277 [grpc-default-executor-0] WARN  server.GrpcLogAppender (GrpcLogAppender.java:resetClient(110)) - omNode-1@group-523986131536->omNode-2-GrpcLogAppender: Leader has not got in touch with Follower omNode-1@group-523986131536->omNode-2(c-1,m0,n463, attendVote=true, lastRpcSendTime=0, lastRpcResponseTime=7876) yet, just keep nextIndex unchanged and retry.
2022-05-07 13:18:14,776 [grpc-default-executor-0] WARN  server.GrpcLogAppender (LogUtils.java:warn(122)) - omNode-1@group-523986131536->omNode-2-AppendLogResponseHandler: Failed appendEntries: org.apache.ratis.thirdparty.io.grpc.StatusRuntimeException: UNAVAILABLE: io exception
2022-05-07 13:18:14,777 [grpc-default-executor-0] WARN  server.GrpcLogAppender (GrpcLogAppender.java:resetClient(110)) - omNode-1@group-523986131536->omNode-2-GrpcLogAppender: Leader has not got in touch with Follower omNode-1@group-523986131536->omNode-2(c-1,m0,n463, attendVote=true, lastRpcSendTime=1, lastRpcResponseTime=8376) yet, just keep nextIndex unchanged and retry.
2022-05-07 13:18:15,277 [grpc-default-executor-0] WARN  server.GrpcLogAppender (LogUtils.java:warn(122)) - omNode-1@group-523986131536->omNode-2-AppendLogResponseHandler: Failed appendEntries: org.apache.ratis.thirdparty.io.grpc.StatusRuntimeException: UNAVAILABLE: io exception
2022-05-07 13:18:15,278 [grpc-default-executor-0] WARN  server.GrpcLogAppender (GrpcLogAppender.java:resetClient(110)) - omNode-1@group-523986131536->omNode-2-GrpcLogAppender: Leader has not got in touch with Follower omNode-1@group-523986131536->omNode-2(c-1,m0,n463, attendVote=true, lastRpcSendTime=0, lastRpcResponseTime=8876) yet, just keep nextIndex unchanged and retry.
2022-05-07 13:18:15,777 [grpc-default-executor-0] WARN  server.GrpcLogAppender (LogUtils.java:warn(122)) - omNode-1@group-523986131536->omNode-2-AppendLogResponseHandler: Failed appendEntries: org.apache.ratis.thirdparty.io.grpc.StatusRuntimeException: UNAVAILABLE: io exception
2022-05-07 13:18:15,778 [grpc-default-executor-0] WARN  server.GrpcLogAppender (GrpcLogAppender.java:resetClient(110)) - omNode-1@group-523986131536->omNode-2-GrpcLogAppender: Leader has not got in touch with Follower omNode-1@group-523986131536->omNode-2(c-1,m0,n463, attendVote=true, lastRpcSendTime=1, lastRpcResponseTime=9377) yet, just keep nextIndex unchanged and retry.
2022-05-07 13:18:16,277 [grpc-default-executor-0] WARN  server.GrpcLogAppender (LogUtils.java:warn(122)) - omNode-1@group-523986131536->omNode-2-AppendLogResponseHandler: Failed appendEntries: org.apache.ratis.thirdparty.io.grpc.StatusRuntimeException: UNAVAILABLE: io exception
2022-05-07 13:18:16,278 [grpc-default-executor-0] WARN  server.GrpcLogAppender (GrpcLogAppender.java:resetClient(110)) - omNode-1@group-523986131536->omNode-2-GrpcLogAppender: Leader has not got in touch with Follower omNode-1@group-523986131536->omNode-2(c-1,m0,n463, attendVote=true, lastRpcSendTime=1, lastRpcResponseTime=9877) yet, just keep nextIndex unchanged and retry.
2022-05-07 13:18:16,777 [grpc-default-executor-0] WARN  server.GrpcLogAppender (LogUtils.java:warn(122)) - omNode-1@group-523986131536->omNode-2-AppendLogResponseHandler: Failed appendEntries: org.apache.ratis.thirdparty.io.grpc.StatusRuntimeException: UNAVAILABLE: io exception
2022-05-07 13:18:16,779 [grpc-default-executor-0] WARN  server.GrpcLogAppender (GrpcLogAppender.java:resetClient(110)) - omNode-1@group-523986131536->omNode-2-GrpcLogAppender: Leader has not got in touch with Follower omNode-1@group-523986131536->omNode-2(c-1,m0,n463, attendVote=true, lastRpcSendTime=1, lastRpcResponseTime=10377) yet, just keep nextIndex unchanged and retry.
2022-05-07 13:18:17,278 [grpc-default-executor-0] WARN  server.GrpcLogAppender (LogUtils.java:warn(122)) - omNode-1@group-523986131536->omNode-2-AppendLogResponseHandler: Failed appendEntries: org.apache.ratis.thirdparty.io.grpc.StatusRuntimeException: UNAVAILABLE: io exception
2022-05-07 13:18:17,279 [grpc-default-executor-0] WARN  server.GrpcLogAppender (GrpcLogAppender.java:resetClient(110)) - omNode-1@group-523986131536->omNode-2-GrpcLogAppender: Leader has not got in touch with Follower omNode-1@group-523986131536->omNode-2(c-1,m0,n463, attendVote=true, lastRpcSendTime=1, lastRpcResponseTime=10878) yet, just keep nextIndex unchanged and retry.
2022-05-07 13:18:17,778 [grpc-default-executor-0] WARN  server.GrpcLogAppender (LogUtils.java:warn(122)) - omNode-1@group-523986131536->omNode-2-AppendLogResponseHandler: Failed appendEntries: org.apache.ratis.thirdparty.io.grpc.StatusRuntimeException: UNAVAILABLE: io exception
2022-05-07 13:18:17,779 [grpc-default-executor-0] WARN  server.GrpcLogAppender (GrpcLogAppender.java:resetClient(110)) - omNode-1@group-523986131536->omNode-2-GrpcLogAppender: Leader has not got in touch with Follower omNode-1@group-523986131536->omNode-2(c-1,m0,n463, attendVote=true, lastRpcSendTime=1, lastRpcResponseTime=11378) yet, just keep nextIndex unchanged and retry.
2022-05-07 13:18:18,278 [grpc-default-executor-0] WARN  server.GrpcLogAppender (LogUtils.java:warn(122)) - omNode-1@group-523986131536->omNode-2-AppendLogResponseHandler: Failed appendEntries: org.apache.ratis.thirdparty.io.grpc.StatusRuntimeException: UNAVAILABLE: io exception
2022-05-07 13:18:18,279 [grpc-default-executor-0] WARN  server.GrpcLogAppender (GrpcLogAppender.java:resetClient(110)) - omNode-1@group-523986131536->omNode-2-GrpcLogAppender: Leader has not got in touch with Follower omNode-1@group-523986131536->omNode-2(c-1,m0,n463, attendVote=true, lastRpcSendTime=1, lastRpcResponseTime=11878) yet, just keep nextIndex unchanged and retry.
2022-05-07 13:18:18,779 [grpc-default-executor-0] WARN  server.GrpcLogAppender (LogUtils.java:warn(122)) - omNode-1@group-523986131536->omNode-2-AppendLogResponseHandler: Failed appendEntries: org.apache.ratis.thirdparty.io.grpc.StatusRuntimeException: UNAVAILABLE: io exception
2022-05-07 13:18:18,780 [grpc-default-executor-0] WARN  server.GrpcLogAppender (GrpcLogAppender.java:resetClient(110)) - omNode-1@group-523986131536->omNode-2-GrpcLogAppender: Leader has not got in touch with Follower omNode-1@group-523986131536->omNode-2(c-1,m0,n463, attendVote=true, lastRpcSendTime=1, lastRpcResponseTime=12379) yet, just keep nextIndex unchanged and retry.
2022-05-07 13:18:19,279 [grpc-default-executor-0] WARN  server.GrpcLogAppender (LogUtils.java:warn(122)) - omNode-1@group-523986131536->omNode-2-AppendLogResponseHandler: Failed appendEntries: org.apache.ratis.thirdparty.io.grpc.StatusRuntimeException: UNAVAILABLE: io exception
2022-05-07 13:18:19,280 [grpc-default-executor-0] WARN  server.GrpcLogAppender (GrpcLogAppender.java:resetClient(110)) - omNode-1@group-523986131536->omNode-2-GrpcLogAppender: Leader has not got in touch with Follower omNode-1@group-523986131536->omNode-2(c-1,m0,n463, attendVote=true, lastRpcSendTime=0, lastRpcResponseTime=12879) yet, just keep nextIndex unchanged and retry.
2022-05-07 13:18:19,779 [grpc-default-executor-0] WARN  server.GrpcLogAppender (LogUtils.java:warn(122)) - omNode-1@group-523986131536->omNode-2-AppendLogResponseHandler: Failed appendEntries: org.apache.ratis.thirdparty.io.grpc.StatusRuntimeException: UNAVAILABLE: io exception
2022-05-07 13:18:19,780 [grpc-default-executor-0] WARN  server.GrpcLogAppender (GrpcLogAppender.java:resetClient(110)) - omNode-1@group-523986131536->omNode-2-GrpcLogAppender: Leader has not got in touch with Follower omNode-1@group-523986131536->omNode-2(c-1,m0,n463, attendVote=true, lastRpcSendTime=1, lastRpcResponseTime=13379) yet, just keep nextIndex unchanged and retry.
2022-05-07 13:18:20,279 [grpc-default-executor-0] WARN  server.GrpcLogAppender (LogUtils.java:warn(122)) - omNode-1@group-523986131536->omNode-2-AppendLogResponseHandler: Failed appendEntries: org.apache.ratis.thirdparty.io.grpc.StatusRuntimeException: UNAVAILABLE: io exception
2022-05-07 13:18:20,280 [grpc-default-executor-0] WARN  server.GrpcLogAppender (GrpcLogAppender.java:resetClient(110)) - omNode-1@group-523986131536->omNode-2-GrpcLogAppender: Leader has not got in touch with Follower omNode-1@group-523986131536->omNode-2(c-1,m0,n463, attendVote=true, lastRpcSendTime=0, lastRpcResponseTime=13879) yet, just keep nextIndex unchanged and retry.
2022-05-07 13:18:20,780 [grpc-default-executor-0] WARN  server.GrpcLogAppender (LogUtils.java:warn(122)) - omNode-1@group-523986131536->omNode-2-AppendLogResponseHandler: Failed appendEntries: org.apache.ratis.thirdparty.io.grpc.StatusRuntimeException: UNAVAILABLE: io exception
2022-05-07 13:18:20,781 [grpc-default-executor-0] WARN  server.GrpcLogAppender (GrpcLogAppender.java:resetClient(110)) - omNode-1@group-523986131536->omNode-2-GrpcLogAppender: Leader has not got in touch with Follower omNode-1@group-523986131536->omNode-2(c-1,m0,n463, attendVote=true, lastRpcSendTime=1, lastRpcResponseTime=14380) yet, just keep nextIndex unchanged and retry.
2022-05-07 13:18:21,280 [grpc-default-executor-0] WARN  server.GrpcLogAppender (LogUtils.java:warn(122)) - omNode-1@group-523986131536->omNode-2-AppendLogResponseHandler: Failed appendEntries: org.apache.ratis.thirdparty.io.grpc.StatusRuntimeException: UNAVAILABLE: io exception
2022-05-07 13:18:21,281 [grpc-default-executor-0] WARN  server.GrpcLogAppender (GrpcLogAppender.java:resetClient(110)) - omNode-1@group-523986131536->omNode-2-GrpcLogAppender: Leader has not got in touch with Follower omNode-1@group-523986131536->omNode-2(c-1,m0,n463, attendVote=true, lastRpcSendTime=1, lastRpcResponseTime=14880) yet, just keep nextIndex unchanged and retry.
2022-05-07 13:18:21,780 [grpc-default-executor-0] WARN  server.GrpcLogAppender (LogUtils.java:warn(122)) - omNode-1@group-523986131536->omNode-2-AppendLogResponseHandler: Failed appendEntries: org.apache.ratis.thirdparty.io.grpc.StatusRuntimeException: UNAVAILABLE: io exception
2022-05-07 13:18:21,781 [grpc-default-executor-0] WARN  server.GrpcLogAppender (GrpcLogAppender.java:resetClient(110)) - omNode-1@group-523986131536->omNode-2-GrpcLogAppender: Leader has not got in touch with Follower omNode-1@group-523986131536->omNode-2(c-1,m0,n463, attendVote=true, lastRpcSendTime=1, lastRpcResponseTime=15380) yet, just keep nextIndex unchanged and retry.
2022-05-07 13:18:22,280 [grpc-default-executor-0] WARN  server.GrpcLogAppender (LogUtils.java:warn(122)) - omNode-1@group-523986131536->omNode-2-AppendLogResponseHandler: Failed appendEntries: org.apache.ratis.thirdparty.io.grpc.StatusRuntimeException: UNAVAILABLE: io exception
2022-05-07 13:18:22,281 [grpc-default-executor-0] WARN  server.GrpcLogAppender (GrpcLogAppender.java:resetClient(110)) - omNode-1@group-523986131536->omNode-2-GrpcLogAppender: Leader has not got in touch with Follower omNode-1@group-523986131536->omNode-2(c-1,m0,n463, attendVote=true, lastRpcSendTime=501, lastRpcResponseTime=15880) yet, just keep nextIndex unchanged and retry.
2022-05-07 13:18:22,783 [grpc-default-executor-0] WARN  server.GrpcLogAppender (LogUtils.java:warn(122)) - omNode-1@group-523986131536->omNode-2-AppendLogResponseHandler: Failed appendEntries: org.apache.ratis.thirdparty.io.grpc.StatusRuntimeException: UNAVAILABLE: io exception
2022-05-07 13:18:22,784 [grpc-default-executor-0] WARN  server.GrpcLogAppender (GrpcLogAppender.java:resetClient(110)) - omNode-1@group-523986131536->omNode-2-GrpcLogAppender: Leader has not got in touch with Follower omNode-1@group-523986131536->omNode-2(c-1,m0,n463, attendVote=true, lastRpcSendTime=1, lastRpcResponseTime=16383) yet, just keep nextIndex unchanged and retry.
2022-05-07 13:18:23,283 [grpc-default-executor-0] WARN  server.GrpcLogAppender (LogUtils.java:warn(122)) - omNode-1@group-523986131536->omNode-2-AppendLogResponseHandler: Failed appendEntries: org.apache.ratis.thirdparty.io.grpc.StatusRuntimeException: UNAVAILABLE: io exception
2022-05-07 13:18:23,284 [grpc-default-executor-0] WARN  server.GrpcLogAppender (GrpcLogAppender.java:resetClient(110)) - omNode-1@group-523986131536->omNode-2-GrpcLogAppender: Leader has not got in touch with Follower omNode-1@group-523986131536->omNode-2(c-1,m0,n463, attendVote=true, lastRpcSendTime=1, lastRpcResponseTime=16883) yet, just keep nextIndex unchanged and retry.
2022-05-07 13:18:23,783 [grpc-default-executor-0] WARN  server.GrpcLogAppender (LogUtils.java:warn(122)) - omNode-1@group-523986131536->omNode-2-AppendLogResponseHandler: Failed appendEntries: org.apache.ratis.thirdparty.io.grpc.StatusRuntimeException: UNAVAILABLE: io exception
2022-05-07 13:18:23,784 [grpc-default-executor-0] WARN  server.GrpcLogAppender (GrpcLogAppender.java:resetClient(110)) - omNode-1@group-523986131536->omNode-2-GrpcLogAppender: Leader has not got in touch with Follower omNode-1@group-523986131536->omNode-2(c-1,m0,n463, attendVote=true, lastRpcSendTime=1, lastRpcResponseTime=17383) yet, just keep nextIndex unchanged and retry.
2022-05-07 13:18:24,284 [grpc-default-executor-0] WARN  server.GrpcLogAppender (LogUtils.java:warn(122)) - omNode-1@group-523986131536->omNode-2-AppendLogResponseHandler: Failed appendEntries: org.apache.ratis.thirdparty.io.grpc.StatusRuntimeException: UNAVAILABLE: io exception
2022-05-07 13:18:24,285 [grpc-default-executor-0] WARN  server.GrpcLogAppender (GrpcLogAppender.java:resetClient(110)) - omNode-1@group-523986131536->omNode-2-GrpcLogAppender: Leader has not got in touch with Follower omNode-1@group-523986131536->omNode-2(c-1,m0,n463, attendVote=true, lastRpcSendTime=1, lastRpcResponseTime=17883) yet, just keep nextIndex unchanged and retry.
2022-05-07 13:18:24,784 [grpc-default-executor-0] WARN  server.GrpcLogAppender (LogUtils.java:warn(122)) - omNode-1@group-523986131536->omNode-2-AppendLogResponseHandler: Failed appendEntries: org.apache.ratis.thirdparty.io.grpc.StatusRuntimeException: UNAVAILABLE: io exception
2022-05-07 13:18:24,785 [grpc-default-executor-0] WARN  server.GrpcLogAppender (GrpcLogAppender.java:resetClient(110)) - omNode-1@group-523986131536->omNode-2-GrpcLogAppender: Leader has not got in touch with Follower omNode-1@group-523986131536->omNode-2(c-1,m0,n463, attendVote=true, lastRpcSendTime=1, lastRpcResponseTime=18384) yet, just keep nextIndex unchanged and retry.
2022-05-07 13:18:25,284 [grpc-default-executor-0] WARN  server.GrpcLogAppender (LogUtils.java:warn(122)) - omNode-1@group-523986131536->omNode-2-AppendLogResponseHandler: Failed appendEntries: org.apache.ratis.thirdparty.io.grpc.StatusRuntimeException: UNAVAILABLE: io exception
2022-05-07 13:18:25,296 [grpc-default-executor-0] WARN  server.GrpcLogAppender (GrpcLogAppender.java:resetClient(110)) - omNode-1@group-523986131536->omNode-2-GrpcLogAppender: Leader has not got in touch with Follower omNode-1@group-523986131536->omNode-2(c-1,m0,n463, attendVote=true, lastRpcSendTime=12, lastRpcResponseTime=18895) yet, just keep nextIndex unchanged and retry.
2022-05-07 13:18:25,784 [grpc-default-executor-0] WARN  server.GrpcLogAppender (LogUtils.java:warn(122)) - omNode-1@group-523986131536->omNode-2-AppendLogResponseHandler: Failed appendEntries: org.apache.ratis.thirdparty.io.grpc.StatusRuntimeException: UNAVAILABLE: io exception
2022-05-07 13:18:25,785 [grpc-default-executor-0] WARN  server.GrpcLogAppender (GrpcLogAppender.java:resetClient(110)) - omNode-1@group-523986131536->omNode-2-GrpcLogAppender: Leader has not got in touch with Follower omNode-1@group-523986131536->omNode-2(c-1,m0,n463, attendVote=true, lastRpcSendTime=1, lastRpcResponseTime=19384) yet, just keep nextIndex unchanged and retry.
2022-05-07 13:18:26,285 [grpc-default-executor-0] WARN  server.GrpcLogAppender (LogUtils.java:warn(122)) - omNode-1@group-523986131536->omNode-2-AppendLogResponseHandler: Failed appendEntries: org.apache.ratis.thirdparty.io.grpc.StatusRuntimeException: UNAVAILABLE: io exception
2022-05-07 13:18:26,286 [grpc-default-executor-0] WARN  server.GrpcLogAppender (GrpcLogAppender.java:resetClient(110)) - omNode-1@group-523986131536->omNode-2-GrpcLogAppender: Leader has not got in touch with Follower omNode-1@group-523986131536->omNode-2(c-1,m0,n463, attendVote=true, lastRpcSendTime=1, lastRpcResponseTime=19884) yet, just keep nextIndex unchanged and retry.
2022-05-07 13:18:26,785 [grpc-default-executor-0] WARN  server.GrpcLogAppender (LogUtils.java:warn(122)) - omNode-1@group-523986131536->omNode-2-AppendLogResponseHandler: Failed appendEntries: org.apache.ratis.thirdparty.io.grpc.StatusRuntimeException: UNAVAILABLE: io exception
2022-05-07 13:18:26,786 [grpc-default-executor-0] WARN  server.GrpcLogAppender (GrpcLogAppender.java:resetClient(110)) - omNode-1@group-523986131536->omNode-2-GrpcLogAppender: Leader has not got in touch with Follower omNode-1@group-523986131536->omNode-2(c-1,m0,n463, attendVote=true, lastRpcSendTime=1, lastRpcResponseTime=20385) yet, just keep nextIndex unchanged and retry.
2022-05-07 13:18:27,285 [grpc-default-executor-0] WARN  server.GrpcLogAppender (LogUtils.java:warn(122)) - omNode-1@group-523986131536->omNode-2-AppendLogResponseHandler: Failed appendEntries: org.apache.ratis.thirdparty.io.grpc.StatusRuntimeException: UNAVAILABLE: io exception
2022-05-07 13:18:27,286 [grpc-default-executor-0] WARN  server.GrpcLogAppender (GrpcLogAppender.java:resetClient(110)) - omNode-1@group-523986131536->omNode-2-GrpcLogAppender: Leader has not got in touch with Follower omNode-1@group-523986131536->omNode-2(c-1,m0,n463, attendVote=true, lastRpcSendTime=0, lastRpcResponseTime=20885) yet, just keep nextIndex unchanged and retry.
2022-05-07 13:18:27,785 [grpc-default-executor-0] WARN  server.GrpcLogAppender (LogUtils.java:warn(122)) - omNode-1@group-523986131536->omNode-2-AppendLogResponseHandler: Failed appendEntries: org.apache.ratis.thirdparty.io.grpc.StatusRuntimeException: UNAVAILABLE: io exception
2022-05-07 13:18:27,787 [grpc-default-executor-0] WARN  server.GrpcLogAppender (GrpcLogAppender.java:resetClient(110)) - omNode-1@group-523986131536->omNode-2-GrpcLogAppender: Leader has not got in touch with Follower omNode-1@group-523986131536->omNode-2(c-1,m0,n463, attendVote=true, lastRpcSendTime=1, lastRpcResponseTime=21385) yet, just keep nextIndex unchanged and retry.
2022-05-07 13:18:28,286 [grpc-default-executor-0] WARN  server.GrpcLogAppender (LogUtils.java:warn(122)) - omNode-1@group-523986131536->omNode-2-AppendLogResponseHandler: Failed appendEntries: org.apache.ratis.thirdparty.io.grpc.StatusRuntimeException: UNAVAILABLE: io exception
2022-05-07 13:18:28,287 [grpc-default-executor-0] WARN  server.GrpcLogAppender (GrpcLogAppender.java:resetClient(110)) - omNode-1@group-523986131536->omNode-2-GrpcLogAppender: Leader has not got in touch with Follower omNode-1@group-523986131536->omNode-2(c-1,m0,n463, attendVote=true, lastRpcSendTime=1, lastRpcResponseTime=21885) yet, just keep nextIndex unchanged and retry.
2022-05-07 13:18:28,786 [grpc-default-executor-0] WARN  server.GrpcLogAppender (LogUtils.java:warn(122)) - omNode-1@group-523986131536->omNode-2-AppendLogResponseHandler: Failed appendEntries: org.apache.ratis.thirdparty.io.grpc.StatusRuntimeException: UNAVAILABLE: io exception
2022-05-07 13:18:28,787 [grpc-default-executor-0] WARN  server.GrpcLogAppender (GrpcLogAppender.java:resetClient(110)) - omNode-1@group-523986131536->omNode-2-GrpcLogAppender: Leader has not got in touch with Follower omNode-1@group-523986131536->omNode-2(c-1,m0,n463, attendVote=true, lastRpcSendTime=1, lastRpcResponseTime=22386) yet, just keep nextIndex unchanged and retry.
2022-05-07 13:18:29,286 [grpc-default-executor-0] WARN  server.GrpcLogAppender (LogUtils.java:warn(122)) - omNode-1@group-523986131536->omNode-2-AppendLogResponseHandler: Failed appendEntries: org.apache.ratis.thirdparty.io.grpc.StatusRuntimeException: UNAVAILABLE: io exception
2022-05-07 13:18:29,287 [grpc-default-executor-0] WARN  server.GrpcLogAppender (GrpcLogAppender.java:resetClient(110)) - omNode-1@group-523986131536->omNode-2-GrpcLogAppender: Leader has not got in touch with Follower omNode-1@group-523986131536->omNode-2(c-1,m0,n463, attendVote=true, lastRpcSendTime=1, lastRpcResponseTime=22886) yet, just keep nextIndex unchanged and retry.
2022-05-07 13:18:29,786 [grpc-default-executor-0] WARN  server.GrpcLogAppender (LogUtils.java:warn(122)) - omNode-1@group-523986131536->omNode-2-AppendLogResponseHandler: Failed appendEntries: org.apache.ratis.thirdparty.io.grpc.StatusRuntimeException: UNAVAILABLE: io exception
2022-05-07 13:18:29,787 [grpc-default-executor-0] WARN  server.GrpcLogAppender (GrpcLogAppender.java:resetClient(110)) - omNode-1@group-523986131536->omNode-2-GrpcLogAppender: Leader has not got in touch with Follower omNode-1@group-523986131536->omNode-2(c-1,m0,n463, attendVote=true, lastRpcSendTime=0, lastRpcResponseTime=23386) yet, just keep nextIndex unchanged and retry.
2022-05-07 13:18:30,287 [grpc-default-executor-0] WARN  server.GrpcLogAppender (LogUtils.java:warn(122)) - omNode-1@group-523986131536->omNode-2-AppendLogResponseHandler: Failed appendEntries: org.apache.ratis.thirdparty.io.grpc.StatusRuntimeException: UNAVAILABLE: io exception
2022-05-07 13:18:30,288 [grpc-default-executor-0] WARN  server.GrpcLogAppender (GrpcLogAppender.java:resetClient(110)) - omNode-1@group-523986131536->omNode-2-GrpcLogAppender: Leader has not got in touch with Follower omNode-1@group-523986131536->omNode-2(c-1,m0,n463, attendVote=true, lastRpcSendTime=0, lastRpcResponseTime=23886) yet, just keep nextIndex unchanged and retry.
2022-05-07 13:18:30,787 [grpc-default-executor-0] WARN  server.GrpcLogAppender (LogUtils.java:warn(122)) - omNode-1@group-523986131536->omNode-2-AppendLogResponseHandler: Failed appendEntries: org.apache.ratis.thirdparty.io.grpc.StatusRuntimeException: UNAVAILABLE: io exception
2022-05-07 13:18:30,788 [grpc-default-executor-0] WARN  server.GrpcLogAppender (GrpcLogAppender.java:resetClient(110)) - omNode-1@group-523986131536->omNode-2-GrpcLogAppender: Leader has not got in touch with Follower omNode-1@group-523986131536->omNode-2(c-1,m0,n463, attendVote=true, lastRpcSendTime=1, lastRpcResponseTime=24387) yet, just keep nextIndex unchanged and retry.
2022-05-07 13:18:31,287 [grpc-default-executor-0] WARN  server.GrpcLogAppender (LogUtils.java:warn(122)) - omNode-1@group-523986131536->omNode-2-AppendLogResponseHandler: Failed appendEntries: org.apache.ratis.thirdparty.io.grpc.StatusRuntimeException: UNAVAILABLE: io exception
2022-05-07 13:18:31,288 [grpc-default-executor-0] WARN  server.GrpcLogAppender (GrpcLogAppender.java:resetClient(110)) - omNode-1@group-523986131536->omNode-2-GrpcLogAppender: Leader has not got in touch with Follower omNode-1@group-523986131536->omNode-2(c-1,m0,n463, attendVote=true, lastRpcSendTime=1, lastRpcResponseTime=24887) yet, just keep nextIndex unchanged and retry.
2022-05-07 13:18:31,788 [grpc-default-executor-0] WARN  server.GrpcLogAppender (LogUtils.java:warn(122)) - omNode-1@group-523986131536->omNode-2-AppendLogResponseHandler: Failed appendEntries: org.apache.ratis.thirdparty.io.grpc.StatusRuntimeException: UNAVAILABLE: io exception
2022-05-07 13:18:31,789 [grpc-default-executor-0] WARN  server.GrpcLogAppender (GrpcLogAppender.java:resetClient(110)) - omNode-1@group-523986131536->omNode-2-GrpcLogAppender: Leader has not got in touch with Follower omNode-1@group-523986131536->omNode-2(c-1,m0,n463, attendVote=true, lastRpcSendTime=1, lastRpcResponseTime=25388) yet, just keep nextIndex unchanged and retry.
2022-05-07 13:18:32,288 [grpc-default-executor-0] WARN  server.GrpcLogAppender (LogUtils.java:warn(122)) - omNode-1@group-523986131536->omNode-2-AppendLogResponseHandler: Failed appendEntries: org.apache.ratis.thirdparty.io.grpc.StatusRuntimeException: UNAVAILABLE: io exception
2022-05-07 13:18:32,289 [grpc-default-executor-0] WARN  server.GrpcLogAppender (GrpcLogAppender.java:resetClient(110)) - omNode-1@group-523986131536->omNode-2-GrpcLogAppender: Leader has not got in touch with Follower omNode-1@group-523986131536->omNode-2(c-1,m0,n463, attendVote=true, lastRpcSendTime=0, lastRpcResponseTime=25888) yet, just keep nextIndex unchanged and retry.
2022-05-07 13:18:32,788 [grpc-default-executor-0] WARN  server.GrpcLogAppender (LogUtils.java:warn(122)) - omNode-1@group-523986131536->omNode-2-AppendLogResponseHandler: Failed appendEntries: org.apache.ratis.thirdparty.io.grpc.StatusRuntimeException: UNAVAILABLE: io exception
2022-05-07 13:18:32,789 [grpc-default-executor-0] WARN  server.GrpcLogAppender (GrpcLogAppender.java:resetClient(110)) - omNode-1@group-523986131536->omNode-2-GrpcLogAppender: Leader has not got in touch with Follower omNode-1@group-523986131536->omNode-2(c-1,m0,n463, attendVote=true, lastRpcSendTime=1, lastRpcResponseTime=26388) yet, just keep nextIndex unchanged and retry.
2022-05-07 13:18:33,288 [grpc-default-executor-0] WARN  server.GrpcLogAppender (LogUtils.java:warn(122)) - omNode-1@group-523986131536->omNode-2-AppendLogResponseHandler: Failed appendEntries: org.apache.ratis.thirdparty.io.grpc.StatusRuntimeException: UNAVAILABLE: io exception
2022-05-07 13:18:33,290 [grpc-default-executor-0] WARN  server.GrpcLogAppender (GrpcLogAppender.java:resetClient(110)) - omNode-1@group-523986131536->omNode-2-GrpcLogAppender: Leader has not got in touch with Follower omNode-1@group-523986131536->omNode-2(c-1,m0,n463, attendVote=true, lastRpcSendTime=1, lastRpcResponseTime=26888) yet, just keep nextIndex unchanged and retry.
2022-05-07 13:18:33,789 [grpc-default-executor-0] WARN  server.GrpcLogAppender (LogUtils.java:warn(122)) - omNode-1@group-523986131536->omNode-2-AppendLogResponseHandler: Failed appendEntries: org.apache.ratis.thirdparty.io.grpc.StatusRuntimeException: UNAVAILABLE: io exception
2022-05-07 13:18:33,790 [grpc-default-executor-0] WARN  server.GrpcLogAppender (GrpcLogAppender.java:resetClient(110)) - omNode-1@group-523986131536->omNode-2-GrpcLogAppender: Leader has not got in touch with Follower omNode-1@group-523986131536->omNode-2(c-1,m0,n463, attendVote=true, lastRpcSendTime=1, lastRpcResponseTime=27389) yet, just keep nextIndex unchanged and retry.
2022-05-07 13:18:34,289 [grpc-default-executor-0] WARN  server.GrpcLogAppender (LogUtils.java:warn(122)) - omNode-1@group-523986131536->omNode-2-AppendLogResponseHandler: Failed appendEntries: org.apache.ratis.thirdparty.io.grpc.StatusRuntimeException: UNAVAILABLE: io exception
2022-05-07 13:18:34,290 [grpc-default-executor-0] WARN  server.GrpcLogAppender (GrpcLogAppender.java:resetClient(110)) - omNode-1@group-523986131536->omNode-2-GrpcLogAppender: Leader has not got in touch with Follower omNode-1@group-523986131536->omNode-2(c-1,m0,n463, attendVote=true, lastRpcSendTime=0, lastRpcResponseTime=27889) yet, just keep nextIndex unchanged and retry.
2022-05-07 13:18:34,789 [grpc-default-executor-0] WARN  server.GrpcLogAppender (LogUtils.java:warn(122)) - omNode-1@group-523986131536->omNode-2-AppendLogResponseHandler: Failed appendEntries: org.apache.ratis.thirdparty.io.grpc.StatusRuntimeException: UNAVAILABLE: io exception
2022-05-07 13:18:34,790 [grpc-default-executor-0] WARN  server.GrpcLogAppender (GrpcLogAppender.java:resetClient(110)) - omNode-1@group-523986131536->omNode-2-GrpcLogAppender: Leader has not got in touch with Follower omNode-1@group-523986131536->omNode-2(c-1,m0,n463, attendVote=true, lastRpcSendTime=1, lastRpcResponseTime=28389) yet, just keep nextIndex unchanged and retry.
2022-05-07 13:18:35,289 [grpc-default-executor-0] WARN  server.GrpcLogAppender (LogUtils.java:warn(122)) - omNode-1@group-523986131536->omNode-2-AppendLogResponseHandler: Failed appendEntries: org.apache.ratis.thirdparty.io.grpc.StatusRuntimeException: UNAVAILABLE: io exception
2022-05-07 13:18:35,290 [grpc-default-executor-0] WARN  server.GrpcLogAppender (GrpcLogAppender.java:resetClient(110)) - omNode-1@group-523986131536->omNode-2-GrpcLogAppender: Leader has not got in touch with Follower omNode-1@group-523986131536->omNode-2(c-1,m0,n463, attendVote=true, lastRpcSendTime=0, lastRpcResponseTime=28889) yet, just keep nextIndex unchanged and retry.
2022-05-07 13:18:35,790 [grpc-default-executor-0] WARN  server.GrpcLogAppender (LogUtils.java:warn(122)) - omNode-1@group-523986131536->omNode-2-AppendLogResponseHandler: Failed appendEntries: org.apache.ratis.thirdparty.io.grpc.StatusRuntimeException: UNAVAILABLE: io exception
2022-05-07 13:18:35,791 [grpc-default-executor-0] WARN  server.GrpcLogAppender (GrpcLogAppender.java:resetClient(110)) - omNode-1@group-523986131536->omNode-2-GrpcLogAppender: Leader has not got in touch with Follower omNode-1@group-523986131536->omNode-2(c-1,m0,n463, attendVote=true, lastRpcSendTime=1, lastRpcResponseTime=29389) yet, just keep nextIndex unchanged and retry.
2022-05-07 13:18:36,290 [grpc-default-executor-0] WARN  server.GrpcLogAppender (LogUtils.java:warn(122)) - omNode-1@group-523986131536->omNode-2-AppendLogResponseHandler: Failed appendEntries: org.apache.ratis.thirdparty.io.grpc.StatusRuntimeException: UNAVAILABLE: io exception
2022-05-07 13:18:36,291 [grpc-default-executor-0] WARN  server.GrpcLogAppender (GrpcLogAppender.java:resetClient(110)) - omNode-1@group-523986131536->omNode-2-GrpcLogAppender: Leader has not got in touch with Follower omNode-1@group-523986131536->omNode-2(c-1,m0,n463, attendVote=true, lastRpcSendTime=1, lastRpcResponseTime=29890) yet, just keep nextIndex unchanged and retry.
2022-05-07 13:18:36,790 [grpc-default-executor-0] WARN  server.GrpcLogAppender (LogUtils.java:warn(122)) - omNode-1@group-523986131536->omNode-2-AppendLogResponseHandler: Failed appendEntries: org.apache.ratis.thirdparty.io.grpc.StatusRuntimeException: UNAVAILABLE: io exception
2022-05-07 13:18:36,791 [grpc-default-executor-0] WARN  server.GrpcLogAppender (GrpcLogAppender.java:resetClient(110)) - omNode-1@group-523986131536->omNode-2-GrpcLogAppender: Leader has not got in touch with Follower omNode-1@group-523986131536->omNode-2(c-1,m0,n463, attendVote=true, lastRpcSendTime=0, lastRpcResponseTime=30390) yet, just keep nextIndex unchanged and retry.
2022-05-07 13:18:37,290 [grpc-default-executor-0] WARN  server.GrpcLogAppender (LogUtils.java:warn(122)) - omNode-1@group-523986131536->omNode-2-AppendLogResponseHandler: Failed appendEntries: org.apache.ratis.thirdparty.io.grpc.StatusRuntimeException: UNAVAILABLE: io exception
2022-05-07 13:18:37,291 [grpc-default-executor-0] WARN  server.GrpcLogAppender (GrpcLogAppender.java:resetClient(110)) - omNode-1@group-523986131536->omNode-2-GrpcLogAppender: Leader has not got in touch with Follower omNode-1@group-523986131536->omNode-2(c-1,m0,n463, attendVote=true, lastRpcSendTime=0, lastRpcResponseTime=30890) yet, just keep nextIndex unchanged and retry.
2022-05-07 13:18:37,791 [grpc-default-executor-0] WARN  server.GrpcLogAppender (LogUtils.java:warn(122)) - omNode-1@group-523986131536->omNode-2-AppendLogResponseHandler: Failed appendEntries: org.apache.ratis.thirdparty.io.grpc.StatusRuntimeException: UNAVAILABLE: io exception
2022-05-07 13:18:37,792 [grpc-default-executor-0] WARN  server.GrpcLogAppender (GrpcLogAppender.java:resetClient(110)) - omNode-1@group-523986131536->omNode-2-GrpcLogAppender: Leader has not got in touch with Follower omNode-1@group-523986131536->omNode-2(c-1,m0,n463, attendVote=true, lastRpcSendTime=1, lastRpcResponseTime=31391) yet, just keep nextIndex unchanged and retry.
2022-05-07 13:18:38,291 [grpc-default-executor-0] WARN  server.GrpcLogAppender (LogUtils.java:warn(122)) - omNode-1@group-523986131536->omNode-2-AppendLogResponseHandler: Failed appendEntries: org.apache.ratis.thirdparty.io.grpc.StatusRuntimeException: UNAVAILABLE: io exception
2022-05-07 13:18:38,293 [grpc-default-executor-0] WARN  server.GrpcLogAppender (GrpcLogAppender.java:resetClient(110)) - omNode-1@group-523986131536->omNode-2-GrpcLogAppender: Leader has not got in touch with Follower omNode-1@group-523986131536->omNode-2(c-1,m0,n463, attendVote=true, lastRpcSendTime=2, lastRpcResponseTime=31892) yet, just keep nextIndex unchanged and retry.
2022-05-07 13:18:38,791 [grpc-default-executor-0] WARN  server.GrpcLogAppender (LogUtils.java:warn(122)) - omNode-1@group-523986131536->omNode-2-AppendLogResponseHandler: Failed appendEntries: org.apache.ratis.thirdparty.io.grpc.StatusRuntimeException: UNAVAILABLE: io exception
2022-05-07 13:18:38,793 [grpc-default-executor-0] WARN  server.GrpcLogAppender (GrpcLogAppender.java:resetClient(110)) - omNode-1@group-523986131536->omNode-2-GrpcLogAppender: Leader has not got in touch with Follower omNode-1@group-523986131536->omNode-2(c-1,m0,n463, attendVote=true, lastRpcSendTime=1, lastRpcResponseTime=32392) yet, just keep nextIndex unchanged and retry.
2022-05-07 13:18:39,291 [grpc-default-executor-0] WARN  server.GrpcLogAppender (LogUtils.java:warn(122)) - omNode-1@group-523986131536->omNode-2-AppendLogResponseHandler: Failed appendEntries: org.apache.ratis.thirdparty.io.grpc.StatusRuntimeException: UNAVAILABLE: io exception
2022-05-07 13:18:39,292 [grpc-default-executor-0] WARN  server.GrpcLogAppender (GrpcLogAppender.java:resetClient(110)) - omNode-1@group-523986131536->omNode-2-GrpcLogAppender: Leader has not got in touch with Follower omNode-1@group-523986131536->omNode-2(c-1,m0,n463, attendVote=true, lastRpcSendTime=0, lastRpcResponseTime=32891) yet, just keep nextIndex unchanged and retry.
2022-05-07 13:18:39,792 [grpc-default-executor-0] WARN  server.GrpcLogAppender (LogUtils.java:warn(122)) - omNode-1@group-523986131536->omNode-2-AppendLogResponseHandler: Failed appendEntries: org.apache.ratis.thirdparty.io.grpc.StatusRuntimeException: UNAVAILABLE: io exception
2022-05-07 13:18:39,793 [grpc-default-executor-0] WARN  server.GrpcLogAppender (GrpcLogAppender.java:resetClient(110)) - omNode-1@group-523986131536->omNode-2-GrpcLogAppender: Leader has not got in touch with Follower omNode-1@group-523986131536->omNode-2(c-1,m0,n463, attendVote=true, lastRpcSendTime=1, lastRpcResponseTime=33392) yet, just keep nextIndex unchanged and retry.
2022-05-07 13:18:40,292 [grpc-default-executor-0] WARN  server.GrpcLogAppender (LogUtils.java:warn(122)) - omNode-1@group-523986131536->omNode-2-AppendLogResponseHandler: Failed appendEntries: org.apache.ratis.thirdparty.io.grpc.StatusRuntimeException: UNAVAILABLE: io exception
2022-05-07 13:18:40,293 [grpc-default-executor-0] WARN  server.GrpcLogAppender (GrpcLogAppender.java:resetClient(110)) - omNode-1@group-523986131536->omNode-2-GrpcLogAppender: Leader has not got in touch with Follower omNode-1@group-523986131536->omNode-2(c-1,m0,n463, attendVote=true, lastRpcSendTime=1, lastRpcResponseTime=33892) yet, just keep nextIndex unchanged and retry.
2022-05-07 13:18:40,792 [grpc-default-executor-0] WARN  server.GrpcLogAppender (LogUtils.java:warn(122)) - omNode-1@group-523986131536->omNode-2-AppendLogResponseHandler: Failed appendEntries: org.apache.ratis.thirdparty.io.grpc.StatusRuntimeException: UNAVAILABLE: io exception
2022-05-07 13:18:40,793 [grpc-default-executor-0] WARN  server.GrpcLogAppender (GrpcLogAppender.java:resetClient(110)) - omNode-1@group-523986131536->omNode-2-GrpcLogAppender: Leader has not got in touch with Follower omNode-1@group-523986131536->omNode-2(c-1,m0,n463, attendVote=true, lastRpcSendTime=1, lastRpcResponseTime=34392) yet, just keep nextIndex unchanged and retry.
2022-05-07 13:18:41,292 [grpc-default-executor-0] WARN  server.GrpcLogAppender (LogUtils.java:warn(122)) - omNode-1@group-523986131536->omNode-2-AppendLogResponseHandler: Failed appendEntries: org.apache.ratis.thirdparty.io.grpc.StatusRuntimeException: UNAVAILABLE: io exception
2022-05-07 13:18:41,293 [grpc-default-executor-0] WARN  server.GrpcLogAppender (GrpcLogAppender.java:resetClient(110)) - omNode-1@group-523986131536->omNode-2-GrpcLogAppender: Leader has not got in touch with Follower omNode-1@group-523986131536->omNode-2(c-1,m0,n463, attendVote=true, lastRpcSendTime=0, lastRpcResponseTime=34892) yet, just keep nextIndex unchanged and retry.
2022-05-07 13:18:41,792 [grpc-default-executor-0] WARN  server.GrpcLogAppender (LogUtils.java:warn(122)) - omNode-1@group-523986131536->omNode-2-AppendLogResponseHandler: Failed appendEntries: org.apache.ratis.thirdparty.io.grpc.StatusRuntimeException: UNAVAILABLE: io exception
2022-05-07 13:18:41,793 [grpc-default-executor-0] WARN  server.GrpcLogAppender (GrpcLogAppender.java:resetClient(110)) - omNode-1@group-523986131536->omNode-2-GrpcLogAppender: Leader has not got in touch with Follower omNode-1@group-523986131536->omNode-2(c-1,m0,n463, attendVote=true, lastRpcSendTime=0, lastRpcResponseTime=35392) yet, just keep nextIndex unchanged and retry.
2022-05-07 13:18:42,293 [grpc-default-executor-0] WARN  server.GrpcLogAppender (LogUtils.java:warn(122)) - omNode-1@group-523986131536->omNode-2-AppendLogResponseHandler: Failed appendEntries: org.apache.ratis.thirdparty.io.grpc.StatusRuntimeException: UNAVAILABLE: io exception
2022-05-07 13:18:42,294 [grpc-default-executor-0] WARN  server.GrpcLogAppender (GrpcLogAppender.java:resetClient(110)) - omNode-1@group-523986131536->omNode-2-GrpcLogAppender: Leader has not got in touch with Follower omNode-1@group-523986131536->omNode-2(c-1,m0,n463, attendVote=true, lastRpcSendTime=0, lastRpcResponseTime=35892) yet, just keep nextIndex unchanged and retry.
2022-05-07 13:18:42,793 [grpc-default-executor-0] WARN  server.GrpcLogAppender (LogUtils.java:warn(122)) - omNode-1@group-523986131536->omNode-2-AppendLogResponseHandler: Failed appendEntries: org.apache.ratis.thirdparty.io.grpc.StatusRuntimeException: UNAVAILABLE: io exception
2022-05-07 13:18:42,794 [grpc-default-executor-0] WARN  server.GrpcLogAppender (GrpcLogAppender.java:resetClient(110)) - omNode-1@group-523986131536->omNode-2-GrpcLogAppender: Leader has not got in touch with Follower omNode-1@group-523986131536->omNode-2(c-1,m0,n463, attendVote=true, lastRpcSendTime=0, lastRpcResponseTime=36393) yet, just keep nextIndex unchanged and retry.
2022-05-07 13:18:43,293 [grpc-default-executor-0] WARN  server.GrpcLogAppender (LogUtils.java:warn(122)) - omNode-1@group-523986131536->omNode-2-AppendLogResponseHandler: Failed appendEntries: org.apache.ratis.thirdparty.io.grpc.StatusRuntimeException: UNAVAILABLE: io exception
2022-05-07 13:18:43,294 [grpc-default-executor-0] WARN  server.GrpcLogAppender (GrpcLogAppender.java:resetClient(110)) - omNode-1@group-523986131536->omNode-2-GrpcLogAppender: Leader has not got in touch with Follower omNode-1@group-523986131536->omNode-2(c-1,m0,n463, attendVote=true, lastRpcSendTime=0, lastRpcResponseTime=36893) yet, just keep nextIndex unchanged and retry.
2022-05-07 13:18:43,794 [grpc-default-executor-0] WARN  server.GrpcLogAppender (LogUtils.java:warn(122)) - omNode-1@group-523986131536->omNode-2-AppendLogResponseHandler: Failed appendEntries: org.apache.ratis.thirdparty.io.grpc.StatusRuntimeException: UNAVAILABLE: io exception
2022-05-07 13:18:43,795 [grpc-default-executor-0] WARN  server.GrpcLogAppender (GrpcLogAppender.java:resetClient(110)) - omNode-1@group-523986131536->omNode-2-GrpcLogAppender: Leader has not got in touch with Follower omNode-1@group-523986131536->omNode-2(c-1,m0,n463, attendVote=true, lastRpcSendTime=0, lastRpcResponseTime=37394) yet, just keep nextIndex unchanged and retry.
2022-05-07 13:18:44,294 [grpc-default-executor-0] WARN  server.GrpcLogAppender (LogUtils.java:warn(122)) - omNode-1@group-523986131536->omNode-2-AppendLogResponseHandler: Failed appendEntries: org.apache.ratis.thirdparty.io.grpc.StatusRuntimeException: UNAVAILABLE: io exception
2022-05-07 13:18:44,295 [grpc-default-executor-0] WARN  server.GrpcLogAppender (GrpcLogAppender.java:resetClient(110)) - omNode-1@group-523986131536->omNode-2-GrpcLogAppender: Leader has not got in touch with Follower omNode-1@group-523986131536->omNode-2(c-1,m0,n463, attendVote=true, lastRpcSendTime=0, lastRpcResponseTime=37894) yet, just keep nextIndex unchanged and retry.
2022-05-07 13:18:44,794 [grpc-default-executor-0] WARN  server.GrpcLogAppender (LogUtils.java:warn(122)) - omNode-1@group-523986131536->omNode-2-AppendLogResponseHandler: Failed appendEntries: org.apache.ratis.thirdparty.io.grpc.StatusRuntimeException: UNAVAILABLE: io exception
2022-05-07 13:18:44,797 [grpc-default-executor-0] WARN  server.GrpcLogAppender (GrpcLogAppender.java:resetClient(110)) - omNode-1@group-523986131536->omNode-2-GrpcLogAppender: Leader has not got in touch with Follower omNode-1@group-523986131536->omNode-2(c-1,m0,n463, attendVote=true, lastRpcSendTime=3, lastRpcResponseTime=38396) yet, just keep nextIndex unchanged and retry.
2022-05-07 13:18:45,295 [grpc-default-executor-0] WARN  server.GrpcLogAppender (LogUtils.java:warn(122)) - omNode-1@group-523986131536->omNode-2-AppendLogResponseHandler: Failed appendEntries: org.apache.ratis.thirdparty.io.grpc.StatusRuntimeException: UNAVAILABLE: io exception
2022-05-07 13:18:45,296 [grpc-default-executor-0] WARN  server.GrpcLogAppender (GrpcLogAppender.java:resetClient(110)) - omNode-1@group-523986131536->omNode-2-GrpcLogAppender: Leader has not got in touch with Follower omNode-1@group-523986131536->omNode-2(c-1,m0,n463, attendVote=true, lastRpcSendTime=1, lastRpcResponseTime=38895) yet, just keep nextIndex unchanged and retry.
2022-05-07 13:18:45,795 [grpc-default-executor-0] WARN  server.GrpcLogAppender (LogUtils.java:warn(122)) - omNode-1@group-523986131536->omNode-2-AppendLogResponseHandler: Failed appendEntries: org.apache.ratis.thirdparty.io.grpc.StatusRuntimeException: UNAVAILABLE: io exception
2022-05-07 13:18:45,796 [grpc-default-executor-0] WARN  server.GrpcLogAppender (GrpcLogAppender.java:resetClient(110)) - omNode-1@group-523986131536->omNode-2-GrpcLogAppender: Leader has not got in touch with Follower omNode-1@group-523986131536->omNode-2(c-1,m0,n463, attendVote=true, lastRpcSendTime=0, lastRpcResponseTime=39395) yet, just keep nextIndex unchanged and retry.
2022-05-07 13:18:46,295 [grpc-default-executor-0] WARN  server.GrpcLogAppender (LogUtils.java:warn(122)) - omNode-1@group-523986131536->omNode-2-AppendLogResponseHandler: Failed appendEntries: org.apache.ratis.thirdparty.io.grpc.StatusRuntimeException: UNAVAILABLE: io exception
2022-05-07 13:18:46,296 [grpc-default-executor-0] WARN  server.GrpcLogAppender (GrpcLogAppender.java:resetClient(110)) - omNode-1@group-523986131536->omNode-2-GrpcLogAppender: Leader has not got in touch with Follower omNode-1@group-523986131536->omNode-2(c-1,m0,n463, attendVote=true, lastRpcSendTime=0, lastRpcResponseTime=39895) yet, just keep nextIndex unchanged and retry.
2022-05-07 13:18:46,795 [grpc-default-executor-0] WARN  server.GrpcLogAppender (LogUtils.java:warn(122)) - omNode-1@group-523986131536->omNode-2-AppendLogResponseHandler: Failed appendEntries: org.apache.ratis.thirdparty.io.grpc.StatusRuntimeException: UNAVAILABLE: io exception
2022-05-07 13:18:46,796 [grpc-default-executor-0] WARN  server.GrpcLogAppender (GrpcLogAppender.java:resetClient(110)) - omNode-1@group-523986131536->omNode-2-GrpcLogAppender: Leader has not got in touch with Follower omNode-1@group-523986131536->omNode-2(c-1,m0,n463, attendVote=true, lastRpcSendTime=0, lastRpcResponseTime=40395) yet, just keep nextIndex unchanged and retry.
2022-05-07 13:18:47,296 [grpc-default-executor-0] WARN  server.GrpcLogAppender (LogUtils.java:warn(122)) - omNode-1@group-523986131536->omNode-2-AppendLogResponseHandler: Failed appendEntries: org.apache.ratis.thirdparty.io.grpc.StatusRuntimeException: UNAVAILABLE: io exception
2022-05-07 13:18:47,296 [grpc-default-executor-0] WARN  server.GrpcLogAppender (GrpcLogAppender.java:resetClient(110)) - omNode-1@group-523986131536->omNode-2-GrpcLogAppender: Leader has not got in touch with Follower omNode-1@group-523986131536->omNode-2(c-1,m0,n463, attendVote=true, lastRpcSendTime=0, lastRpcResponseTime=40895) yet, just keep nextIndex unchanged and retry.
2022-05-07 13:18:47,796 [grpc-default-executor-0] WARN  server.GrpcLogAppender (LogUtils.java:warn(122)) - omNode-1@group-523986131536->omNode-2-AppendLogResponseHandler: Failed appendEntries: org.apache.ratis.thirdparty.io.grpc.StatusRuntimeException: UNAVAILABLE: io exception
2022-05-07 13:18:47,797 [grpc-default-executor-0] WARN  server.GrpcLogAppender (GrpcLogAppender.java:resetClient(110)) - omNode-1@group-523986131536->omNode-2-GrpcLogAppender: Leader has not got in touch with Follower omNode-1@group-523986131536->omNode-2(c-1,m0,n463, attendVote=true, lastRpcSendTime=1, lastRpcResponseTime=41396) yet, just keep nextIndex unchanged and retry.
2022-05-07 13:18:48,296 [grpc-default-executor-0] WARN  server.GrpcLogAppender (LogUtils.java:warn(122)) - omNode-1@group-523986131536->omNode-2-AppendLogResponseHandler: Failed appendEntries: org.apache.ratis.thirdparty.io.grpc.StatusRuntimeException: UNAVAILABLE: io exception
2022-05-07 13:18:48,297 [grpc-default-executor-0] WARN  server.GrpcLogAppender (GrpcLogAppender.java:resetClient(110)) - omNode-1@group-523986131536->omNode-2-GrpcLogAppender: Leader has not got in touch with Follower omNode-1@group-523986131536->omNode-2(c-1,m0,n463, attendVote=true, lastRpcSendTime=0, lastRpcResponseTime=41896) yet, just keep nextIndex unchanged and retry.
2022-05-07 13:18:48,796 [grpc-default-executor-0] WARN  server.GrpcLogAppender (LogUtils.java:warn(122)) - omNode-1@group-523986131536->omNode-2-AppendLogResponseHandler: Failed appendEntries: org.apache.ratis.thirdparty.io.grpc.StatusRuntimeException: UNAVAILABLE: io exception
2022-05-07 13:18:48,798 [grpc-default-executor-0] WARN  server.GrpcLogAppender (GrpcLogAppender.java:resetClient(110)) - omNode-1@group-523986131536->omNode-2-GrpcLogAppender: Leader has not got in touch with Follower omNode-1@group-523986131536->omNode-2(c-1,m0,n463, attendVote=true, lastRpcSendTime=1, lastRpcResponseTime=42397) yet, just keep nextIndex unchanged and retry.
2022-05-07 13:18:49,297 [grpc-default-executor-0] WARN  server.GrpcLogAppender (LogUtils.java:warn(122)) - omNode-1@group-523986131536->omNode-2-AppendLogResponseHandler: Failed appendEntries: org.apache.ratis.thirdparty.io.grpc.StatusRuntimeException: UNAVAILABLE: io exception
2022-05-07 13:18:49,297 [grpc-default-executor-0] WARN  server.GrpcLogAppender (GrpcLogAppender.java:resetClient(110)) - omNode-1@group-523986131536->omNode-2-GrpcLogAppender: Leader has not got in touch with Follower omNode-1@group-523986131536->omNode-2(c-1,m0,n463, attendVote=true, lastRpcSendTime=0, lastRpcResponseTime=42896) yet, just keep nextIndex unchanged and retry.
2022-05-07 13:18:49,797 [grpc-default-executor-0] WARN  server.GrpcLogAppender (LogUtils.java:warn(122)) - omNode-1@group-523986131536->omNode-2-AppendLogResponseHandler: Failed appendEntries: org.apache.ratis.thirdparty.io.grpc.StatusRuntimeException: UNAVAILABLE: io exception
2022-05-07 13:18:49,798 [grpc-default-executor-0] WARN  server.GrpcLogAppender (GrpcLogAppender.java:resetClient(110)) - omNode-1@group-523986131536->omNode-2-GrpcLogAppender: Leader has not got in touch with Follower omNode-1@group-523986131536->omNode-2(c-1,m0,n463, attendVote=true, lastRpcSendTime=1, lastRpcResponseTime=43397) yet, just keep nextIndex unchanged and retry.
2022-05-07 13:18:50,297 [grpc-default-executor-0] WARN  server.GrpcLogAppender (LogUtils.java:warn(122)) - omNode-1@group-523986131536->omNode-2-AppendLogResponseHandler: Failed appendEntries: org.apache.ratis.thirdparty.io.grpc.StatusRuntimeException: UNAVAILABLE: io exception
2022-05-07 13:18:50,298 [grpc-default-executor-0] WARN  server.GrpcLogAppender (GrpcLogAppender.java:resetClient(110)) - omNode-1@group-523986131536->omNode-2-GrpcLogAppender: Leader has not got in touch with Follower omNode-1@group-523986131536->omNode-2(c-1,m0,n463, attendVote=true, lastRpcSendTime=1, lastRpcResponseTime=43897) yet, just keep nextIndex unchanged and retry.
2022-05-07 13:18:50,797 [grpc-default-executor-3] WARN  server.GrpcLogAppender (LogUtils.java:warn(122)) - omNode-1@group-523986131536->omNode-2-AppendLogResponseHandler: Failed appendEntries: org.apache.ratis.thirdparty.io.grpc.StatusRuntimeException: UNAVAILABLE: io exception
2022-05-07 13:18:50,798 [grpc-default-executor-3] WARN  server.GrpcLogAppender (GrpcLogAppender.java:resetClient(110)) - omNode-1@group-523986131536->omNode-2-GrpcLogAppender: Leader has not got in touch with Follower omNode-1@group-523986131536->omNode-2(c-1,m0,n463, attendVote=true, lastRpcSendTime=1, lastRpcResponseTime=44397) yet, just keep nextIndex unchanged and retry.
2022-05-07 13:18:51,298 [grpc-default-executor-3] WARN  server.GrpcLogAppender (LogUtils.java:warn(122)) - omNode-1@group-523986131536->omNode-2-AppendLogResponseHandler: Failed appendEntries: org.apache.ratis.thirdparty.io.grpc.StatusRuntimeException: UNAVAILABLE: io exception
2022-05-07 13:18:51,298 [grpc-default-executor-3] WARN  server.GrpcLogAppender (GrpcLogAppender.java:resetClient(110)) - omNode-1@group-523986131536->omNode-2-GrpcLogAppender: Leader has not got in touch with Follower omNode-1@group-523986131536->omNode-2(c-1,m0,n463, attendVote=true, lastRpcSendTime=0, lastRpcResponseTime=44897) yet, just keep nextIndex unchanged and retry.
2022-05-07 13:18:51,798 [grpc-default-executor-3] WARN  server.GrpcLogAppender (LogUtils.java:warn(122)) - omNode-1@group-523986131536->omNode-2-AppendLogResponseHandler: Failed appendEntries: org.apache.ratis.thirdparty.io.grpc.StatusRuntimeException: UNAVAILABLE: io exception
2022-05-07 13:18:51,799 [grpc-default-executor-3] WARN  server.GrpcLogAppender (GrpcLogAppender.java:resetClient(110)) - omNode-1@group-523986131536->omNode-2-GrpcLogAppender: Leader has not got in touch with Follower omNode-1@group-523986131536->omNode-2(c-1,m0,n463, attendVote=true, lastRpcSendTime=0, lastRpcResponseTime=45398) yet, just keep nextIndex unchanged and retry.
2022-05-07 13:18:52,298 [grpc-default-executor-3] WARN  server.GrpcLogAppender (LogUtils.java:warn(122)) - omNode-1@group-523986131536->omNode-2-AppendLogResponseHandler: Failed appendEntries: org.apache.ratis.thirdparty.io.grpc.StatusRuntimeException: UNAVAILABLE: io exception
2022-05-07 13:18:52,299 [grpc-default-executor-3] WARN  server.GrpcLogAppender (GrpcLogAppender.java:resetClient(110)) - omNode-1@group-523986131536->omNode-2-GrpcLogAppender: Leader has not got in touch with Follower omNode-1@group-523986131536->omNode-2(c-1,m0,n463, attendVote=true, lastRpcSendTime=0, lastRpcResponseTime=45898) yet, just keep nextIndex unchanged and retry.
2022-05-07 13:18:52,798 [grpc-default-executor-3] WARN  server.GrpcLogAppender (LogUtils.java:warn(122)) - omNode-1@group-523986131536->omNode-2-AppendLogResponseHandler: Failed appendEntries: org.apache.ratis.thirdparty.io.grpc.StatusRuntimeException: UNAVAILABLE: io exception
2022-05-07 13:18:52,799 [grpc-default-executor-3] WARN  server.GrpcLogAppender (GrpcLogAppender.java:resetClient(110)) - omNode-1@group-523986131536->omNode-2-GrpcLogAppender: Leader has not got in touch with Follower omNode-1@group-523986131536->omNode-2(c-1,m0,n463, attendVote=true, lastRpcSendTime=1, lastRpcResponseTime=46398) yet, just keep nextIndex unchanged and retry.
2022-05-07 13:18:53,299 [grpc-default-executor-3] WARN  server.GrpcLogAppender (LogUtils.java:warn(122)) - omNode-1@group-523986131536->omNode-2-AppendLogResponseHandler: Failed appendEntries: org.apache.ratis.thirdparty.io.grpc.StatusRuntimeException: UNAVAILABLE: io exception
2022-05-07 13:18:53,299 [grpc-default-executor-3] WARN  server.GrpcLogAppender (GrpcLogAppender.java:resetClient(110)) - omNode-1@group-523986131536->omNode-2-GrpcLogAppender: Leader has not got in touch with Follower omNode-1@group-523986131536->omNode-2(c-1,m0,n463, attendVote=true, lastRpcSendTime=0, lastRpcResponseTime=46898) yet, just keep nextIndex unchanged and retry.
2022-05-07 13:18:53,799 [grpc-default-executor-3] WARN  server.GrpcLogAppender (LogUtils.java:warn(122)) - omNode-1@group-523986131536->omNode-2-AppendLogResponseHandler: Failed appendEntries: org.apache.ratis.thirdparty.io.grpc.StatusRuntimeException: UNAVAILABLE: io exception
2022-05-07 13:18:53,800 [grpc-default-executor-3] WARN  server.GrpcLogAppender (GrpcLogAppender.java:resetClient(110)) - omNode-1@group-523986131536->omNode-2-GrpcLogAppender: Leader has not got in touch with Follower omNode-1@group-523986131536->omNode-2(c-1,m0,n463, attendVote=true, lastRpcSendTime=1, lastRpcResponseTime=47399) yet, just keep nextIndex unchanged and retry.
2022-05-07 13:18:54,299 [grpc-default-executor-3] WARN  server.GrpcLogAppender (LogUtils.java:warn(122)) - omNode-1@group-523986131536->omNode-2-AppendLogResponseHandler: Failed appendEntries: org.apache.ratis.thirdparty.io.grpc.StatusRuntimeException: UNAVAILABLE: io exception
2022-05-07 13:18:54,300 [grpc-default-executor-3] WARN  server.GrpcLogAppender (GrpcLogAppender.java:resetClient(110)) - omNode-1@group-523986131536->omNode-2-GrpcLogAppender: Leader has not got in touch with Follower omNode-1@group-523986131536->omNode-2(c-1,m0,n463, attendVote=true, lastRpcSendTime=0, lastRpcResponseTime=47899) yet, just keep nextIndex unchanged and retry.
2022-05-07 13:18:54,799 [grpc-default-executor-3] WARN  server.GrpcLogAppender (LogUtils.java:warn(122)) - omNode-1@group-523986131536->omNode-2-AppendLogResponseHandler: Failed appendEntries: org.apache.ratis.thirdparty.io.grpc.StatusRuntimeException: UNAVAILABLE: io exception
2022-05-07 13:18:54,800 [grpc-default-executor-3] WARN  server.GrpcLogAppender (GrpcLogAppender.java:resetClient(110)) - omNode-1@group-523986131536->omNode-2-GrpcLogAppender: Leader has not got in touch with Follower omNode-1@group-523986131536->omNode-2(c-1,m0,n463, attendVote=true, lastRpcSendTime=1, lastRpcResponseTime=48399) yet, just keep nextIndex unchanged and retry.
2022-05-07 13:18:55,299 [grpc-default-executor-3] WARN  server.GrpcLogAppender (LogUtils.java:warn(122)) - omNode-1@group-523986131536->omNode-2-AppendLogResponseHandler: Failed appendEntries: org.apache.ratis.thirdparty.io.grpc.StatusRuntimeException: UNAVAILABLE: io exception
2022-05-07 13:18:55,301 [grpc-default-executor-3] WARN  server.GrpcLogAppender (GrpcLogAppender.java:resetClient(110)) - omNode-1@group-523986131536->omNode-2-GrpcLogAppender: Leader has not got in touch with Follower omNode-1@group-523986131536->omNode-2(c-1,m0,n463, attendVote=true, lastRpcSendTime=0, lastRpcResponseTime=48899) yet, just keep nextIndex unchanged and retry.
2022-05-07 13:18:55,800 [grpc-default-executor-3] WARN  server.GrpcLogAppender (LogUtils.java:warn(122)) - omNode-1@group-523986131536->omNode-2-AppendLogResponseHandler: Failed appendEntries: org.apache.ratis.thirdparty.io.grpc.StatusRuntimeException: UNAVAILABLE: io exception
2022-05-07 13:18:55,801 [grpc-default-executor-3] WARN  server.GrpcLogAppender (GrpcLogAppender.java:resetClient(110)) - omNode-1@group-523986131536->omNode-2-GrpcLogAppender: Leader has not got in touch with Follower omNode-1@group-523986131536->omNode-2(c-1,m0,n463, attendVote=true, lastRpcSendTime=1, lastRpcResponseTime=49400) yet, just keep nextIndex unchanged and retry.
2022-05-07 13:18:56,301 [grpc-default-executor-3] WARN  server.GrpcLogAppender (LogUtils.java:warn(122)) - omNode-1@group-523986131536->omNode-2-AppendLogResponseHandler: Failed appendEntries: org.apache.ratis.thirdparty.io.grpc.StatusRuntimeException: UNAVAILABLE: io exception
2022-05-07 13:18:56,301 [grpc-default-executor-3] WARN  server.GrpcLogAppender (GrpcLogAppender.java:resetClient(110)) - omNode-1@group-523986131536->omNode-2-GrpcLogAppender: Leader has not got in touch with Follower omNode-1@group-523986131536->omNode-2(c-1,m0,n463, attendVote=true, lastRpcSendTime=0, lastRpcResponseTime=49900) yet, just keep nextIndex unchanged and retry.
2022-05-07 13:18:56,801 [grpc-default-executor-3] WARN  server.GrpcLogAppender (LogUtils.java:warn(122)) - omNode-1@group-523986131536->omNode-2-AppendLogResponseHandler: Failed appendEntries: org.apache.ratis.thirdparty.io.grpc.StatusRuntimeException: UNAVAILABLE: io exception
2022-05-07 13:18:56,802 [grpc-default-executor-3] WARN  server.GrpcLogAppender (GrpcLogAppender.java:resetClient(110)) - omNode-1@group-523986131536->omNode-2-GrpcLogAppender: Leader has not got in touch with Follower omNode-1@group-523986131536->omNode-2(c-1,m0,n463, attendVote=true, lastRpcSendTime=0, lastRpcResponseTime=50401) yet, just keep nextIndex unchanged and retry.
2022-05-07 13:18:57,301 [grpc-default-executor-3] WARN  server.GrpcLogAppender (LogUtils.java:warn(122)) - omNode-1@group-523986131536->omNode-2-AppendLogResponseHandler: Failed appendEntries: org.apache.ratis.thirdparty.io.grpc.StatusRuntimeException: UNAVAILABLE: io exception
2022-05-07 13:18:57,302 [grpc-default-executor-3] WARN  server.GrpcLogAppender (GrpcLogAppender.java:resetClient(110)) - omNode-1@group-523986131536->omNode-2-GrpcLogAppender: Leader has not got in touch with Follower omNode-1@group-523986131536->omNode-2(c-1,m0,n463, attendVote=true, lastRpcSendTime=1, lastRpcResponseTime=50901) yet, just keep nextIndex unchanged and retry.
2022-05-07 13:18:57,801 [grpc-default-executor-3] WARN  server.GrpcLogAppender (LogUtils.java:warn(122)) - omNode-1@group-523986131536->omNode-2-AppendLogResponseHandler: Failed appendEntries: org.apache.ratis.thirdparty.io.grpc.StatusRuntimeException: UNAVAILABLE: io exception
2022-05-07 13:18:57,802 [grpc-default-executor-3] WARN  server.GrpcLogAppender (GrpcLogAppender.java:resetClient(110)) - omNode-1@group-523986131536->omNode-2-GrpcLogAppender: Leader has not got in touch with Follower omNode-1@group-523986131536->omNode-2(c-1,m0,n463, attendVote=true, lastRpcSendTime=0, lastRpcResponseTime=51401) yet, just keep nextIndex unchanged and retry.
2022-05-07 13:18:58,301 [grpc-default-executor-3] WARN  server.GrpcLogAppender (LogUtils.java:warn(122)) - omNode-1@group-523986131536->omNode-2-AppendLogResponseHandler: Failed appendEntries: org.apache.ratis.thirdparty.io.grpc.StatusRuntimeException: UNAVAILABLE: io exception
2022-05-07 13:18:58,302 [grpc-default-executor-3] WARN  server.GrpcLogAppender (GrpcLogAppender.java:resetClient(110)) - omNode-1@group-523986131536->omNode-2-GrpcLogAppender: Leader has not got in touch with Follower omNode-1@group-523986131536->omNode-2(c-1,m0,n463, attendVote=true, lastRpcSendTime=1, lastRpcResponseTime=51901) yet, just keep nextIndex unchanged and retry.
2022-05-07 13:18:58,802 [grpc-default-executor-3] WARN  server.GrpcLogAppender (LogUtils.java:warn(122)) - omNode-1@group-523986131536->omNode-2-AppendLogResponseHandler: Failed appendEntries: org.apache.ratis.thirdparty.io.grpc.StatusRuntimeException: UNAVAILABLE: io exception
2022-05-07 13:18:58,803 [grpc-default-executor-3] WARN  server.GrpcLogAppender (GrpcLogAppender.java:resetClient(110)) - omNode-1@group-523986131536->omNode-2-GrpcLogAppender: Leader has not got in touch with Follower omNode-1@group-523986131536->omNode-2(c-1,m0,n463, attendVote=true, lastRpcSendTime=1, lastRpcResponseTime=52402) yet, just keep nextIndex unchanged and retry.
2022-05-07 13:18:59,302 [grpc-default-executor-3] WARN  server.GrpcLogAppender (LogUtils.java:warn(122)) - omNode-1@group-523986131536->omNode-2-AppendLogResponseHandler: Failed appendEntries: org.apache.ratis.thirdparty.io.grpc.StatusRuntimeException: UNAVAILABLE: io exception
2022-05-07 13:18:59,303 [grpc-default-executor-3] WARN  server.GrpcLogAppender (GrpcLogAppender.java:resetClient(110)) - omNode-1@group-523986131536->omNode-2-GrpcLogAppender: Leader has not got in touch with Follower omNode-1@group-523986131536->omNode-2(c-1,m0,n463, attendVote=true, lastRpcSendTime=0, lastRpcResponseTime=52902) yet, just keep nextIndex unchanged and retry.
2022-05-07 13:18:59,802 [grpc-default-executor-3] WARN  server.GrpcLogAppender (LogUtils.java:warn(122)) - omNode-1@group-523986131536->omNode-2-AppendLogResponseHandler: Failed appendEntries: org.apache.ratis.thirdparty.io.grpc.StatusRuntimeException: UNAVAILABLE: io exception
2022-05-07 13:18:59,803 [grpc-default-executor-3] WARN  server.GrpcLogAppender (GrpcLogAppender.java:resetClient(110)) - omNode-1@group-523986131536->omNode-2-GrpcLogAppender: Leader has not got in touch with Follower omNode-1@group-523986131536->omNode-2(c-1,m0,n463, attendVote=true, lastRpcSendTime=0, lastRpcResponseTime=53402) yet, just keep nextIndex unchanged and retry.
2022-05-07 13:19:00,302 [grpc-default-executor-3] WARN  server.GrpcLogAppender (LogUtils.java:warn(122)) - omNode-1@group-523986131536->omNode-2-AppendLogResponseHandler: Failed appendEntries: org.apache.ratis.thirdparty.io.grpc.StatusRuntimeException: UNAVAILABLE: io exception
2022-05-07 13:19:00,303 [grpc-default-executor-3] WARN  server.GrpcLogAppender (GrpcLogAppender.java:resetClient(110)) - omNode-1@group-523986131536->omNode-2-GrpcLogAppender: Leader has not got in touch with Follower omNode-1@group-523986131536->omNode-2(c-1,m0,n463, attendVote=true, lastRpcSendTime=0, lastRpcResponseTime=53902) yet, just keep nextIndex unchanged and retry.
2022-05-07 13:19:00,803 [grpc-default-executor-3] WARN  server.GrpcLogAppender (LogUtils.java:warn(122)) - omNode-1@group-523986131536->omNode-2-AppendLogResponseHandler: Failed appendEntries: org.apache.ratis.thirdparty.io.grpc.StatusRuntimeException: UNAVAILABLE: io exception
2022-05-07 13:19:00,804 [grpc-default-executor-3] WARN  server.GrpcLogAppender (GrpcLogAppender.java:resetClient(110)) - omNode-1@group-523986131536->omNode-2-GrpcLogAppender: Leader has not got in touch with Follower omNode-1@group-523986131536->omNode-2(c-1,m0,n463, attendVote=true, lastRpcSendTime=1, lastRpcResponseTime=54402) yet, just keep nextIndex unchanged and retry.
2022-05-07 13:19:01,303 [grpc-default-executor-3] WARN  server.GrpcLogAppender (LogUtils.java:warn(122)) - omNode-1@group-523986131536->omNode-2-AppendLogResponseHandler: Failed appendEntries: org.apache.ratis.thirdparty.io.grpc.StatusRuntimeException: UNAVAILABLE: io exception
2022-05-07 13:19:01,304 [grpc-default-executor-3] WARN  server.GrpcLogAppender (GrpcLogAppender.java:resetClient(110)) - omNode-1@group-523986131536->omNode-2-GrpcLogAppender: Leader has not got in touch with Follower omNode-1@group-523986131536->omNode-2(c-1,m0,n463, attendVote=true, lastRpcSendTime=0, lastRpcResponseTime=54903) yet, just keep nextIndex unchanged and retry.
2022-05-07 13:19:01,803 [grpc-default-executor-3] WARN  server.GrpcLogAppender (LogUtils.java:warn(122)) - omNode-1@group-523986131536->omNode-2-AppendLogResponseHandler: Failed appendEntries: org.apache.ratis.thirdparty.io.grpc.StatusRuntimeException: UNAVAILABLE: io exception
2022-05-07 13:19:01,804 [grpc-default-executor-3] WARN  server.GrpcLogAppender (GrpcLogAppender.java:resetClient(110)) - omNode-1@group-523986131536->omNode-2-GrpcLogAppender: Leader has not got in touch with Follower omNode-1@group-523986131536->omNode-2(c-1,m0,n463, attendVote=true, lastRpcSendTime=0, lastRpcResponseTime=55403) yet, just keep nextIndex unchanged and retry.
2022-05-07 13:19:02,303 [grpc-default-executor-3] WARN  server.GrpcLogAppender (LogUtils.java:warn(122)) - omNode-1@group-523986131536->omNode-2-AppendLogResponseHandler: Failed appendEntries: org.apache.ratis.thirdparty.io.grpc.StatusRuntimeException: UNAVAILABLE: io exception
2022-05-07 13:19:02,304 [grpc-default-executor-3] WARN  server.GrpcLogAppender (GrpcLogAppender.java:resetClient(110)) - omNode-1@group-523986131536->omNode-2-GrpcLogAppender: Leader has not got in touch with Follower omNode-1@group-523986131536->omNode-2(c-1,m0,n463, attendVote=true, lastRpcSendTime=0, lastRpcResponseTime=55903) yet, just keep nextIndex unchanged and retry.
2022-05-07 13:19:02,804 [grpc-default-executor-3] WARN  server.GrpcLogAppender (LogUtils.java:warn(122)) - omNode-1@group-523986131536->omNode-2-AppendLogResponseHandler: Failed appendEntries: org.apache.ratis.thirdparty.io.grpc.StatusRuntimeException: UNAVAILABLE: io exception
2022-05-07 13:19:02,804 [grpc-default-executor-3] WARN  server.GrpcLogAppender (GrpcLogAppender.java:resetClient(110)) - omNode-1@group-523986131536->omNode-2-GrpcLogAppender: Leader has not got in touch with Follower omNode-1@group-523986131536->omNode-2(c-1,m0,n463, attendVote=true, lastRpcSendTime=0, lastRpcResponseTime=56403) yet, just keep nextIndex unchanged and retry.
2022-05-07 13:19:03,304 [grpc-default-executor-3] WARN  server.GrpcLogAppender (LogUtils.java:warn(122)) - omNode-1@group-523986131536->omNode-2-AppendLogResponseHandler: Failed appendEntries: org.apache.ratis.thirdparty.io.grpc.StatusRuntimeException: UNAVAILABLE: io exception
2022-05-07 13:19:03,305 [grpc-default-executor-3] WARN  server.GrpcLogAppender (GrpcLogAppender.java:resetClient(110)) - omNode-1@group-523986131536->omNode-2-GrpcLogAppender: Leader has not got in touch with Follower omNode-1@group-523986131536->omNode-2(c-1,m0,n463, attendVote=true, lastRpcSendTime=0, lastRpcResponseTime=56904) yet, just keep nextIndex unchanged and retry.
2022-05-07 13:19:03,804 [grpc-default-executor-3] WARN  server.GrpcLogAppender (LogUtils.java:warn(122)) - omNode-1@group-523986131536->omNode-2-AppendLogResponseHandler: Failed appendEntries: org.apache.ratis.thirdparty.io.grpc.StatusRuntimeException: UNAVAILABLE: io exception
2022-05-07 13:19:03,805 [grpc-default-executor-3] WARN  server.GrpcLogAppender (GrpcLogAppender.java:resetClient(110)) - omNode-1@group-523986131536->omNode-2-GrpcLogAppender: Leader has not got in touch with Follower omNode-1@group-523986131536->omNode-2(c-1,m0,n463, attendVote=true, lastRpcSendTime=0, lastRpcResponseTime=57404) yet, just keep nextIndex unchanged and retry.
2022-05-07 13:19:04,304 [grpc-default-executor-3] WARN  server.GrpcLogAppender (LogUtils.java:warn(122)) - omNode-1@group-523986131536->omNode-2-AppendLogResponseHandler: Failed appendEntries: org.apache.ratis.thirdparty.io.grpc.StatusRuntimeException: UNAVAILABLE: io exception
2022-05-07 13:19:04,305 [grpc-default-executor-3] WARN  server.GrpcLogAppender (GrpcLogAppender.java:resetClient(110)) - omNode-1@group-523986131536->omNode-2-GrpcLogAppender: Leader has not got in touch with Follower omNode-1@group-523986131536->omNode-2(c-1,m0,n463, attendVote=true, lastRpcSendTime=501, lastRpcResponseTime=57904) yet, just keep nextIndex unchanged and retry.
2022-05-07 13:19:04,807 [grpc-default-executor-3] WARN  server.GrpcLogAppender (LogUtils.java:warn(122)) - omNode-1@group-523986131536->omNode-2-AppendLogResponseHandler: Failed appendEntries: org.apache.ratis.thirdparty.io.grpc.StatusRuntimeException: UNAVAILABLE: io exception
2022-05-07 13:19:04,808 [grpc-default-executor-3] WARN  server.GrpcLogAppender (GrpcLogAppender.java:resetClient(110)) - omNode-1@group-523986131536->omNode-2-GrpcLogAppender: Leader has not got in touch with Follower omNode-1@group-523986131536->omNode-2(c-1,m0,n463, attendVote=true, lastRpcSendTime=1, lastRpcResponseTime=58407) yet, just keep nextIndex unchanged and retry.
2022-05-07 13:19:05,307 [grpc-default-executor-3] WARN  server.GrpcLogAppender (LogUtils.java:warn(122)) - omNode-1@group-523986131536->omNode-2-AppendLogResponseHandler: Failed appendEntries: org.apache.ratis.thirdparty.io.grpc.StatusRuntimeException: UNAVAILABLE: io exception
2022-05-07 13:19:05,308 [grpc-default-executor-3] WARN  server.GrpcLogAppender (GrpcLogAppender.java:resetClient(110)) - omNode-1@group-523986131536->omNode-2-GrpcLogAppender: Leader has not got in touch with Follower omNode-1@group-523986131536->omNode-2(c-1,m0,n463, attendVote=true, lastRpcSendTime=1, lastRpcResponseTime=58907) yet, just keep nextIndex unchanged and retry.
2022-05-07 13:19:05,807 [grpc-default-executor-3] WARN  server.GrpcLogAppender (LogUtils.java:warn(122)) - omNode-1@group-523986131536->omNode-2-AppendLogResponseHandler: Failed appendEntries: org.apache.ratis.thirdparty.io.grpc.StatusRuntimeException: UNAVAILABLE: io exception
2022-05-07 13:19:05,808 [grpc-default-executor-3] WARN  server.GrpcLogAppender (GrpcLogAppender.java:resetClient(110)) - omNode-1@group-523986131536->omNode-2-GrpcLogAppender: Leader has not got in touch with Follower omNode-1@group-523986131536->omNode-2(c-1,m0,n463, attendVote=true, lastRpcSendTime=0, lastRpcResponseTime=59407) yet, just keep nextIndex unchanged and retry.
2022-05-07 13:19:06,307 [grpc-default-executor-3] WARN  server.GrpcLogAppender (LogUtils.java:warn(122)) - omNode-1@group-523986131536->omNode-2-AppendLogResponseHandler: Failed appendEntries: org.apache.ratis.thirdparty.io.grpc.StatusRuntimeException: UNAVAILABLE: io exception
2022-05-07 13:19:06,308 [grpc-default-executor-3] WARN  server.GrpcLogAppender (GrpcLogAppender.java:resetClient(110)) - omNode-1@group-523986131536->omNode-2-GrpcLogAppender: Leader has not got in touch with Follower omNode-1@group-523986131536->omNode-2(c-1,m0,n463, attendVote=true, lastRpcSendTime=1, lastRpcResponseTime=59907) yet, just keep nextIndex unchanged and retry.
2022-05-07 13:19:06,808 [grpc-default-executor-3] WARN  server.GrpcLogAppender (LogUtils.java:warn(122)) - omNode-1@group-523986131536->omNode-2-AppendLogResponseHandler: Failed appendEntries: org.apache.ratis.thirdparty.io.grpc.StatusRuntimeException: UNAVAILABLE: io exception
2022-05-07 13:19:06,809 [grpc-default-executor-3] WARN  server.GrpcLogAppender (GrpcLogAppender.java:resetClient(110)) - omNode-1@group-523986131536->omNode-2-GrpcLogAppender: Leader has not got in touch with Follower omNode-1@group-523986131536->omNode-2(c-1,m0,n463, attendVote=true, lastRpcSendTime=0, lastRpcResponseTime=60407) yet, just keep nextIndex unchanged and retry.
2022-05-07 13:19:07,308 [grpc-default-executor-3] WARN  server.GrpcLogAppender (LogUtils.java:warn(122)) - omNode-1@group-523986131536->omNode-2-AppendLogResponseHandler: Failed appendEntries: org.apache.ratis.thirdparty.io.grpc.StatusRuntimeException: UNAVAILABLE: io exception
2022-05-07 13:19:07,309 [grpc-default-executor-3] WARN  server.GrpcLogAppender (GrpcLogAppender.java:resetClient(110)) - omNode-1@group-523986131536->omNode-2-GrpcLogAppender: Leader has not got in touch with Follower omNode-1@group-523986131536->omNode-2(c-1,m0,n463, attendVote=true, lastRpcSendTime=0, lastRpcResponseTime=60908) yet, just keep nextIndex unchanged and retry.
2022-05-07 13:19:07,808 [grpc-default-executor-3] WARN  server.GrpcLogAppender (LogUtils.java:warn(122)) - omNode-1@group-523986131536->omNode-2-AppendLogResponseHandler: Failed appendEntries: org.apache.ratis.thirdparty.io.grpc.StatusRuntimeException: UNAVAILABLE: io exception
2022-05-07 13:19:07,809 [grpc-default-executor-3] WARN  server.GrpcLogAppender (GrpcLogAppender.java:resetClient(110)) - omNode-1@group-523986131536->omNode-2-GrpcLogAppender: Leader has not got in touch with Follower omNode-1@group-523986131536->omNode-2(c-1,m0,n463, attendVote=true, lastRpcSendTime=1, lastRpcResponseTime=61408) yet, just keep nextIndex unchanged and retry.
2022-05-07 13:19:08,308 [grpc-default-executor-3] WARN  server.GrpcLogAppender (LogUtils.java:warn(122)) - omNode-1@group-523986131536->omNode-2-AppendLogResponseHandler: Failed appendEntries: org.apache.ratis.thirdparty.io.grpc.StatusRuntimeException: UNAVAILABLE: io exception
2022-05-07 13:19:08,309 [grpc-default-executor-3] WARN  server.GrpcLogAppender (GrpcLogAppender.java:resetClient(110)) - omNode-1@group-523986131536->omNode-2-GrpcLogAppender: Leader has not got in touch with Follower omNode-1@group-523986131536->omNode-2(c-1,m0,n463, attendVote=true, lastRpcSendTime=0, lastRpcResponseTime=61908) yet, just keep nextIndex unchanged and retry.
2022-05-07 13:19:08,809 [grpc-default-executor-3] WARN  server.GrpcLogAppender (LogUtils.java:warn(122)) - omNode-1@group-523986131536->omNode-2-AppendLogResponseHandler: Failed appendEntries: org.apache.ratis.thirdparty.io.grpc.StatusRuntimeException: UNAVAILABLE: io exception
2022-05-07 13:19:08,810 [grpc-default-executor-3] WARN  server.GrpcLogAppender (GrpcLogAppender.java:resetClient(110)) - omNode-1@group-523986131536->omNode-2-GrpcLogAppender: Leader has not got in touch with Follower omNode-1@group-523986131536->omNode-2(c-1,m0,n463, attendVote=true, lastRpcSendTime=1, lastRpcResponseTime=62409) yet, just keep nextIndex unchanged and retry.
2022-05-07 13:19:09,309 [grpc-default-executor-3] WARN  server.GrpcLogAppender (LogUtils.java:warn(122)) - omNode-1@group-523986131536->omNode-2-AppendLogResponseHandler: Failed appendEntries: org.apache.ratis.thirdparty.io.grpc.StatusRuntimeException: UNAVAILABLE: io exception
2022-05-07 13:19:09,310 [grpc-default-executor-3] WARN  server.GrpcLogAppender (GrpcLogAppender.java:resetClient(110)) - omNode-1@group-523986131536->omNode-2-GrpcLogAppender: Leader has not got in touch with Follower omNode-1@group-523986131536->omNode-2(c-1,m0,n463, attendVote=true, lastRpcSendTime=0, lastRpcResponseTime=62908) yet, just keep nextIndex unchanged and retry.
2022-05-07 13:19:09,809 [grpc-default-executor-3] WARN  server.GrpcLogAppender (LogUtils.java:warn(122)) - omNode-1@group-523986131536->omNode-2-AppendLogResponseHandler: Failed appendEntries: org.apache.ratis.thirdparty.io.grpc.StatusRuntimeException: UNAVAILABLE: io exception
2022-05-07 13:19:09,810 [grpc-default-executor-3] WARN  server.GrpcLogAppender (GrpcLogAppender.java:resetClient(110)) - omNode-1@group-523986131536->omNode-2-GrpcLogAppender: Leader has not got in touch with Follower omNode-1@group-523986131536->omNode-2(c-1,m0,n463, attendVote=true, lastRpcSendTime=1, lastRpcResponseTime=63409) yet, just keep nextIndex unchanged and retry.
2022-05-07 13:19:10,309 [grpc-default-executor-3] WARN  server.GrpcLogAppender (LogUtils.java:warn(122)) - omNode-1@group-523986131536->omNode-2-AppendLogResponseHandler: Failed appendEntries: org.apache.ratis.thirdparty.io.grpc.StatusRuntimeException: UNAVAILABLE: io exception
2022-05-07 13:19:10,311 [grpc-default-executor-3] WARN  server.GrpcLogAppender (GrpcLogAppender.java:resetClient(110)) - omNode-1@group-523986131536->omNode-2-GrpcLogAppender: Leader has not got in touch with Follower omNode-1@group-523986131536->omNode-2(c-1,m0,n463, attendVote=true, lastRpcSendTime=1, lastRpcResponseTime=63910) yet, just keep nextIndex unchanged and retry.
2022-05-07 13:19:10,810 [grpc-default-executor-3] WARN  server.GrpcLogAppender (LogUtils.java:warn(122)) - omNode-1@group-523986131536->omNode-2-AppendLogResponseHandler: Failed appendEntries: org.apache.ratis.thirdparty.io.grpc.StatusRuntimeException: UNAVAILABLE: io exception
2022-05-07 13:19:10,810 [grpc-default-executor-3] WARN  server.GrpcLogAppender (GrpcLogAppender.java:resetClient(110)) - omNode-1@group-523986131536->omNode-2-GrpcLogAppender: Leader has not got in touch with Follower omNode-1@group-523986131536->omNode-2(c-1,m0,n463, attendVote=true, lastRpcSendTime=0, lastRpcResponseTime=64409) yet, just keep nextIndex unchanged and retry.
2022-05-07 13:19:11,310 [grpc-default-executor-3] WARN  server.GrpcLogAppender (LogUtils.java:warn(122)) - omNode-1@group-523986131536->omNode-2-AppendLogResponseHandler: Failed appendEntries: org.apache.ratis.thirdparty.io.grpc.StatusRuntimeException: UNAVAILABLE: io exception
2022-05-07 13:19:11,311 [grpc-default-executor-3] WARN  server.GrpcLogAppender (GrpcLogAppender.java:resetClient(110)) - omNode-1@group-523986131536->omNode-2-GrpcLogAppender: Leader has not got in touch with Follower omNode-1@group-523986131536->omNode-2(c-1,m0,n463, attendVote=true, lastRpcSendTime=0, lastRpcResponseTime=64909) yet, just keep nextIndex unchanged and retry.
2022-05-07 13:19:11,810 [grpc-default-executor-3] WARN  server.GrpcLogAppender (LogUtils.java:warn(122)) - omNode-1@group-523986131536->omNode-2-AppendLogResponseHandler: Failed appendEntries: org.apache.ratis.thirdparty.io.grpc.StatusRuntimeException: UNAVAILABLE: io exception
2022-05-07 13:19:11,811 [grpc-default-executor-3] WARN  server.GrpcLogAppender (GrpcLogAppender.java:resetClient(110)) - omNode-1@group-523986131536->omNode-2-GrpcLogAppender: Leader has not got in touch with Follower omNode-1@group-523986131536->omNode-2(c-1,m0,n463, attendVote=true, lastRpcSendTime=1, lastRpcResponseTime=65410) yet, just keep nextIndex unchanged and retry.
2022-05-07 13:19:12,310 [grpc-default-executor-3] WARN  server.GrpcLogAppender (LogUtils.java:warn(122)) - omNode-1@group-523986131536->omNode-2-AppendLogResponseHandler: Failed appendEntries: org.apache.ratis.thirdparty.io.grpc.StatusRuntimeException: UNAVAILABLE: io exception
2022-05-07 13:19:12,311 [grpc-default-executor-3] WARN  server.GrpcLogAppender (GrpcLogAppender.java:resetClient(110)) - omNode-1@group-523986131536->omNode-2-GrpcLogAppender: Leader has not got in touch with Follower omNode-1@group-523986131536->omNode-2(c-1,m0,n463, attendVote=true, lastRpcSendTime=0, lastRpcResponseTime=65910) yet, just keep nextIndex unchanged and retry.
2022-05-07 13:19:12,810 [grpc-default-executor-3] WARN  server.GrpcLogAppender (LogUtils.java:warn(122)) - omNode-1@group-523986131536->omNode-2-AppendLogResponseHandler: Failed appendEntries: org.apache.ratis.thirdparty.io.grpc.StatusRuntimeException: UNAVAILABLE: io exception
2022-05-07 13:19:12,811 [grpc-default-executor-3] WARN  server.GrpcLogAppender (GrpcLogAppender.java:resetClient(110)) - omNode-1@group-523986131536->omNode-2-GrpcLogAppender: Leader has not got in touch with Follower omNode-1@group-523986131536->omNode-2(c-1,m0,n463, attendVote=true, lastRpcSendTime=0, lastRpcResponseTime=66410) yet, just keep nextIndex unchanged and retry.
2022-05-07 13:19:13,311 [grpc-default-executor-3] WARN  server.GrpcLogAppender (LogUtils.java:warn(122)) - omNode-1@group-523986131536->omNode-2-AppendLogResponseHandler: Failed appendEntries: org.apache.ratis.thirdparty.io.grpc.StatusRuntimeException: UNAVAILABLE: io exception
2022-05-07 13:19:13,312 [grpc-default-executor-3] WARN  server.GrpcLogAppender (GrpcLogAppender.java:resetClient(110)) - omNode-1@group-523986131536->omNode-2-GrpcLogAppender: Leader has not got in touch with Follower omNode-1@group-523986131536->omNode-2(c-1,m0,n463, attendVote=true, lastRpcSendTime=0, lastRpcResponseTime=66910) yet, just keep nextIndex unchanged and retry.
2022-05-07 13:19:13,811 [grpc-default-executor-3] WARN  server.GrpcLogAppender (LogUtils.java:warn(122)) - omNode-1@group-523986131536->omNode-2-AppendLogResponseHandler: Failed appendEntries: org.apache.ratis.thirdparty.io.grpc.StatusRuntimeException: UNAVAILABLE: io exception
2022-05-07 13:19:13,812 [grpc-default-executor-3] WARN  server.GrpcLogAppender (GrpcLogAppender.java:resetClient(110)) - omNode-1@group-523986131536->omNode-2-GrpcLogAppender: Leader has not got in touch with Follower omNode-1@group-523986131536->omNode-2(c-1,m0,n463, attendVote=true, lastRpcSendTime=1, lastRpcResponseTime=67411) yet, just keep nextIndex unchanged and retry.
2022-05-07 13:19:14,311 [grpc-default-executor-3] WARN  server.GrpcLogAppender (LogUtils.java:warn(122)) - omNode-1@group-523986131536->omNode-2-AppendLogResponseHandler: Failed appendEntries: org.apache.ratis.thirdparty.io.grpc.StatusRuntimeException: UNAVAILABLE: io exception
2022-05-07 13:19:14,312 [grpc-default-executor-3] WARN  server.GrpcLogAppender (GrpcLogAppender.java:resetClient(110)) - omNode-1@group-523986131536->omNode-2-GrpcLogAppender: Leader has not got in touch with Follower omNode-1@group-523986131536->omNode-2(c-1,m0,n463, attendVote=true, lastRpcSendTime=0, lastRpcResponseTime=67911) yet, just keep nextIndex unchanged and retry.
2022-05-07 13:19:14,812 [grpc-default-executor-3] WARN  server.GrpcLogAppender (LogUtils.java:warn(122)) - omNode-1@group-523986131536->omNode-2-AppendLogResponseHandler: Failed appendEntries: org.apache.ratis.thirdparty.io.grpc.StatusRuntimeException: UNAVAILABLE: io exception
2022-05-07 13:19:14,813 [grpc-default-executor-3] WARN  server.GrpcLogAppender (GrpcLogAppender.java:resetClient(110)) - omNode-1@group-523986131536->omNode-2-GrpcLogAppender: Leader has not got in touch with Follower omNode-1@group-523986131536->omNode-2(c-1,m0,n463, attendVote=true, lastRpcSendTime=1, lastRpcResponseTime=68412) yet, just keep nextIndex unchanged and retry.
2022-05-07 13:19:15,312 [grpc-default-executor-3] WARN  server.GrpcLogAppender (LogUtils.java:warn(122)) - omNode-1@group-523986131536->omNode-2-AppendLogResponseHandler: Failed appendEntries: org.apache.ratis.thirdparty.io.grpc.StatusRuntimeException: UNAVAILABLE: io exception
2022-05-07 13:19:15,313 [grpc-default-executor-3] WARN  server.GrpcLogAppender (GrpcLogAppender.java:resetClient(110)) - omNode-1@group-523986131536->omNode-2-GrpcLogAppender: Leader has not got in touch with Follower omNode-1@group-523986131536->omNode-2(c-1,m0,n463, attendVote=true, lastRpcSendTime=0, lastRpcResponseTime=68912) yet, just keep nextIndex unchanged and retry.
2022-05-07 13:19:15,812 [grpc-default-executor-3] WARN  server.GrpcLogAppender (LogUtils.java:warn(122)) - omNode-1@group-523986131536->omNode-2-AppendLogResponseHandler: Failed appendEntries: org.apache.ratis.thirdparty.io.grpc.StatusRuntimeException: UNAVAILABLE: io exception
2022-05-07 13:19:15,823 [grpc-default-executor-3] WARN  server.GrpcLogAppender (GrpcLogAppender.java:resetClient(110)) - omNode-1@group-523986131536->omNode-2-GrpcLogAppender: Leader has not got in touch with Follower omNode-1@group-523986131536->omNode-2(c-1,m0,n463, attendVote=true, lastRpcSendTime=11, lastRpcResponseTime=69422) yet, just keep nextIndex unchanged and retry.
2022-05-07 13:19:16,312 [grpc-default-executor-3] WARN  server.GrpcLogAppender (LogUtils.java:warn(122)) - omNode-1@group-523986131536->omNode-2-AppendLogResponseHandler: Failed appendEntries: org.apache.ratis.thirdparty.io.grpc.StatusRuntimeException: UNAVAILABLE: io exception
2022-05-07 13:19:16,313 [grpc-default-executor-3] WARN  server.GrpcLogAppender (GrpcLogAppender.java:resetClient(110)) - omNode-1@group-523986131536->omNode-2-GrpcLogAppender: Leader has not got in touch with Follower omNode-1@group-523986131536->omNode-2(c-1,m0,n463, attendVote=true, lastRpcSendTime=0, lastRpcResponseTime=69912) yet, just keep nextIndex unchanged and retry.
2022-05-07 13:19:16,813 [grpc-default-executor-3] WARN  server.GrpcLogAppender (LogUtils.java:warn(122)) - omNode-1@group-523986131536->omNode-2-AppendLogResponseHandler: Failed appendEntries: org.apache.ratis.thirdparty.io.grpc.StatusRuntimeException: UNAVAILABLE: io exception
2022-05-07 13:19:16,813 [grpc-default-executor-3] WARN  server.GrpcLogAppender (GrpcLogAppender.java:resetClient(110)) - omNode-1@group-523986131536->omNode-2-GrpcLogAppender: Leader has not got in touch with Follower omNode-1@group-523986131536->omNode-2(c-1,m0,n463, attendVote=true, lastRpcSendTime=0, lastRpcResponseTime=70412) yet, just keep nextIndex unchanged and retry.
2022-05-07 13:19:17,313 [grpc-default-executor-3] WARN  server.GrpcLogAppender (LogUtils.java:warn(122)) - omNode-1@group-523986131536->omNode-2-AppendLogResponseHandler: Failed appendEntries: org.apache.ratis.thirdparty.io.grpc.StatusRuntimeException: UNAVAILABLE: io exception
2022-05-07 13:19:17,314 [grpc-default-executor-3] WARN  server.GrpcLogAppender (GrpcLogAppender.java:resetClient(110)) - omNode-1@group-523986131536->omNode-2-GrpcLogAppender: Leader has not got in touch with Follower omNode-1@group-523986131536->omNode-2(c-1,m0,n463, attendVote=true, lastRpcSendTime=1, lastRpcResponseTime=70913) yet, just keep nextIndex unchanged and retry.
2022-05-07 13:19:17,813 [grpc-default-executor-3] WARN  server.GrpcLogAppender (LogUtils.java:warn(122)) - omNode-1@group-523986131536->omNode-2-AppendLogResponseHandler: Failed appendEntries: org.apache.ratis.thirdparty.io.grpc.StatusRuntimeException: UNAVAILABLE: io exception
2022-05-07 13:19:17,814 [grpc-default-executor-3] WARN  server.GrpcLogAppender (GrpcLogAppender.java:resetClient(110)) - omNode-1@group-523986131536->omNode-2-GrpcLogAppender: Leader has not got in touch with Follower omNode-1@group-523986131536->omNode-2(c-1,m0,n463, attendVote=true, lastRpcSendTime=0, lastRpcResponseTime=71413) yet, just keep nextIndex unchanged and retry.
2022-05-07 13:19:18,313 [grpc-default-executor-0] WARN  server.GrpcLogAppender (LogUtils.java:warn(122)) - omNode-1@group-523986131536->omNode-2-AppendLogResponseHandler: Failed appendEntries: org.apache.ratis.thirdparty.io.grpc.StatusRuntimeException: UNAVAILABLE: io exception
2022-05-07 13:19:18,314 [grpc-default-executor-0] WARN  server.GrpcLogAppender (GrpcLogAppender.java:resetClient(110)) - omNode-1@group-523986131536->omNode-2-GrpcLogAppender: Leader has not got in touch with Follower omNode-1@group-523986131536->omNode-2(c-1,m0,n463, attendVote=true, lastRpcSendTime=0, lastRpcResponseTime=71913) yet, just keep nextIndex unchanged and retry.
2022-05-07 13:19:18,814 [grpc-default-executor-0] WARN  server.GrpcLogAppender (LogUtils.java:warn(122)) - omNode-1@group-523986131536->omNode-2-AppendLogResponseHandler: Failed appendEntries: org.apache.ratis.thirdparty.io.grpc.StatusRuntimeException: UNAVAILABLE: io exception
2022-05-07 13:19:18,814 [grpc-default-executor-0] WARN  server.GrpcLogAppender (GrpcLogAppender.java:resetClient(110)) - omNode-1@group-523986131536->omNode-2-GrpcLogAppender: Leader has not got in touch with Follower omNode-1@group-523986131536->omNode-2(c-1,m0,n463, attendVote=true, lastRpcSendTime=1, lastRpcResponseTime=72413) yet, just keep nextIndex unchanged and retry.
2022-05-07 13:19:19,314 [grpc-default-executor-0] WARN  server.GrpcLogAppender (LogUtils.java:warn(122)) - omNode-1@group-523986131536->omNode-2-AppendLogResponseHandler: Failed appendEntries: org.apache.ratis.thirdparty.io.grpc.StatusRuntimeException: UNAVAILABLE: io exception
2022-05-07 13:19:19,314 [grpc-default-executor-0] WARN  server.GrpcLogAppender (GrpcLogAppender.java:resetClient(110)) - omNode-1@group-523986131536->omNode-2-GrpcLogAppender: Leader has not got in touch with Follower omNode-1@group-523986131536->omNode-2(c-1,m0,n463, attendVote=true, lastRpcSendTime=0, lastRpcResponseTime=72913) yet, just keep nextIndex unchanged and retry.
2022-05-07 13:19:19,814 [grpc-default-executor-0] WARN  server.GrpcLogAppender (LogUtils.java:warn(122)) - omNode-1@group-523986131536->omNode-2-AppendLogResponseHandler: Failed appendEntries: org.apache.ratis.thirdparty.io.grpc.StatusRuntimeException: UNAVAILABLE: io exception
2022-05-07 13:19:19,815 [grpc-default-executor-0] WARN  server.GrpcLogAppender (GrpcLogAppender.java:resetClient(110)) - omNode-1@group-523986131536->omNode-2-GrpcLogAppender: Leader has not got in touch with Follower omNode-1@group-523986131536->omNode-2(c-1,m0,n463, attendVote=true, lastRpcSendTime=0, lastRpcResponseTime=73414) yet, just keep nextIndex unchanged and retry.
2022-05-07 13:19:20,314 [grpc-default-executor-0] WARN  server.GrpcLogAppender (LogUtils.java:warn(122)) - omNode-1@group-523986131536->omNode-2-AppendLogResponseHandler: Failed appendEntries: org.apache.ratis.thirdparty.io.grpc.StatusRuntimeException: UNAVAILABLE: io exception
2022-05-07 13:19:20,315 [grpc-default-executor-0] WARN  server.GrpcLogAppender (GrpcLogAppender.java:resetClient(110)) - omNode-1@group-523986131536->omNode-2-GrpcLogAppender: Leader has not got in touch with Follower omNode-1@group-523986131536->omNode-2(c-1,m0,n463, attendVote=true, lastRpcSendTime=0, lastRpcResponseTime=73914) yet, just keep nextIndex unchanged and retry.
2022-05-07 13:19:20,814 [grpc-default-executor-3] WARN  server.GrpcLogAppender (LogUtils.java:warn(122)) - omNode-1@group-523986131536->omNode-2-AppendLogResponseHandler: Failed appendEntries: org.apache.ratis.thirdparty.io.grpc.StatusRuntimeException: UNAVAILABLE: io exception
2022-05-07 13:19:20,815 [grpc-default-executor-3] WARN  server.GrpcLogAppender (GrpcLogAppender.java:resetClient(110)) - omNode-1@group-523986131536->omNode-2-GrpcLogAppender: Leader has not got in touch with Follower omNode-1@group-523986131536->omNode-2(c-1,m0,n463, attendVote=true, lastRpcSendTime=0, lastRpcResponseTime=74414) yet, just keep nextIndex unchanged and retry.
2022-05-07 13:19:21,314 [grpc-default-executor-3] WARN  server.GrpcLogAppender (LogUtils.java:warn(122)) - omNode-1@group-523986131536->omNode-2-AppendLogResponseHandler: Failed appendEntries: org.apache.ratis.thirdparty.io.grpc.StatusRuntimeException: UNAVAILABLE: io exception
2022-05-07 13:19:21,315 [grpc-default-executor-3] WARN  server.GrpcLogAppender (GrpcLogAppender.java:resetClient(110)) - omNode-1@group-523986131536->omNode-2-GrpcLogAppender: Leader has not got in touch with Follower omNode-1@group-523986131536->omNode-2(c-1,m0,n463, attendVote=true, lastRpcSendTime=0, lastRpcResponseTime=74914) yet, just keep nextIndex unchanged and retry.
2022-05-07 13:19:21,815 [grpc-default-executor-3] WARN  server.GrpcLogAppender (LogUtils.java:warn(122)) - omNode-1@group-523986131536->omNode-2-AppendLogResponseHandler: Failed appendEntries: org.apache.ratis.thirdparty.io.grpc.StatusRuntimeException: UNAVAILABLE: io exception
2022-05-07 13:19:21,816 [grpc-default-executor-3] WARN  server.GrpcLogAppender (GrpcLogAppender.java:resetClient(110)) - omNode-1@group-523986131536->omNode-2-GrpcLogAppender: Leader has not got in touch with Follower omNode-1@group-523986131536->omNode-2(c-1,m0,n463, attendVote=true, lastRpcSendTime=0, lastRpcResponseTime=75414) yet, just keep nextIndex unchanged and retry.
2022-05-07 13:19:22,315 [grpc-default-executor-3] WARN  server.GrpcLogAppender (LogUtils.java:warn(122)) - omNode-1@group-523986131536->omNode-2-AppendLogResponseHandler: Failed appendEntries: org.apache.ratis.thirdparty.io.grpc.StatusRuntimeException: UNAVAILABLE: io exception
2022-05-07 13:19:22,316 [grpc-default-executor-3] WARN  server.GrpcLogAppender (GrpcLogAppender.java:resetClient(110)) - omNode-1@group-523986131536->omNode-2-GrpcLogAppender: Leader has not got in touch with Follower omNode-1@group-523986131536->omNode-2(c-1,m0,n463, attendVote=true, lastRpcSendTime=0, lastRpcResponseTime=75915) yet, just keep nextIndex unchanged and retry.
2022-05-07 13:19:22,815 [grpc-default-executor-3] WARN  server.GrpcLogAppender (LogUtils.java:warn(122)) - omNode-1@group-523986131536->omNode-2-AppendLogResponseHandler: Failed appendEntries: org.apache.ratis.thirdparty.io.grpc.StatusRuntimeException: UNAVAILABLE: io exception
2022-05-07 13:19:22,816 [grpc-default-executor-3] WARN  server.GrpcLogAppender (GrpcLogAppender.java:resetClient(110)) - omNode-1@group-523986131536->omNode-2-GrpcLogAppender: Leader has not got in touch with Follower omNode-1@group-523986131536->omNode-2(c-1,m0,n463, attendVote=true, lastRpcSendTime=1, lastRpcResponseTime=76415) yet, just keep nextIndex unchanged and retry.
2022-05-07 13:19:23,315 [grpc-default-executor-0] WARN  server.GrpcLogAppender (LogUtils.java:warn(122)) - omNode-1@group-523986131536->omNode-2-AppendLogResponseHandler: Failed appendEntries: org.apache.ratis.thirdparty.io.grpc.StatusRuntimeException: UNAVAILABLE: io exception
2022-05-07 13:19:23,316 [grpc-default-executor-0] WARN  server.GrpcLogAppender (GrpcLogAppender.java:resetClient(110)) - omNode-1@group-523986131536->omNode-2-GrpcLogAppender: Leader has not got in touch with Follower omNode-1@group-523986131536->omNode-2(c-1,m0,n463, attendVote=true, lastRpcSendTime=1, lastRpcResponseTime=76915) yet, just keep nextIndex unchanged and retry.
2022-05-07 13:19:23,816 [grpc-default-executor-0] WARN  server.GrpcLogAppender (LogUtils.java:warn(122)) - omNode-1@group-523986131536->omNode-2-AppendLogResponseHandler: Failed appendEntries: org.apache.ratis.thirdparty.io.grpc.StatusRuntimeException: UNAVAILABLE: io exception
2022-05-07 13:19:23,816 [grpc-default-executor-0] WARN  server.GrpcLogAppender (GrpcLogAppender.java:resetClient(110)) - omNode-1@group-523986131536->omNode-2-GrpcLogAppender: Leader has not got in touch with Follower omNode-1@group-523986131536->omNode-2(c-1,m0,n463, attendVote=true, lastRpcSendTime=0, lastRpcResponseTime=77415) yet, just keep nextIndex unchanged and retry.
2022-05-07 13:19:24,316 [grpc-default-executor-0] WARN  server.GrpcLogAppender (LogUtils.java:warn(122)) - omNode-1@group-523986131536->omNode-2-AppendLogResponseHandler: Failed appendEntries: org.apache.ratis.thirdparty.io.grpc.StatusRuntimeException: UNAVAILABLE: io exception
2022-05-07 13:19:24,316 [grpc-default-executor-0] WARN  server.GrpcLogAppender (GrpcLogAppender.java:resetClient(110)) - omNode-1@group-523986131536->omNode-2-GrpcLogAppender: Leader has not got in touch with Follower omNode-1@group-523986131536->omNode-2(c-1,m0,n463, attendVote=true, lastRpcSendTime=0, lastRpcResponseTime=77915) yet, just keep nextIndex unchanged and retry.
2022-05-07 13:19:24,816 [grpc-default-executor-0] WARN  server.GrpcLogAppender (LogUtils.java:warn(122)) - omNode-1@group-523986131536->omNode-2-AppendLogResponseHandler: Failed appendEntries: org.apache.ratis.thirdparty.io.grpc.StatusRuntimeException: UNAVAILABLE: io exception
2022-05-07 13:19:24,817 [grpc-default-executor-0] WARN  server.GrpcLogAppender (GrpcLogAppender.java:resetClient(110)) - omNode-1@group-523986131536->omNode-2-GrpcLogAppender: Leader has not got in touch with Follower omNode-1@group-523986131536->omNode-2(c-1,m0,n463, attendVote=true, lastRpcSendTime=0, lastRpcResponseTime=78416) yet, just keep nextIndex unchanged and retry.
2022-05-07 13:19:25,316 [grpc-default-executor-0] WARN  server.GrpcLogAppender (LogUtils.java:warn(122)) - omNode-1@group-523986131536->omNode-2-AppendLogResponseHandler: Failed appendEntries: org.apache.ratis.thirdparty.io.grpc.StatusRuntimeException: UNAVAILABLE: io exception
2022-05-07 13:19:25,317 [grpc-default-executor-0] WARN  server.GrpcLogAppender (GrpcLogAppender.java:resetClient(110)) - omNode-1@group-523986131536->omNode-2-GrpcLogAppender: Leader has not got in touch with Follower omNode-1@group-523986131536->omNode-2(c-1,m0,n463, attendVote=true, lastRpcSendTime=0, lastRpcResponseTime=78916) yet, just keep nextIndex unchanged and retry.
2022-05-07 13:19:25,816 [grpc-default-executor-3] WARN  server.GrpcLogAppender (LogUtils.java:warn(122)) - omNode-1@group-523986131536->omNode-2-AppendLogResponseHandler: Failed appendEntries: org.apache.ratis.thirdparty.io.grpc.StatusRuntimeException: UNAVAILABLE: io exception
2022-05-07 13:19:25,817 [grpc-default-executor-3] WARN  server.GrpcLogAppender (GrpcLogAppender.java:resetClient(110)) - omNode-1@group-523986131536->omNode-2-GrpcLogAppender: Leader has not got in touch with Follower omNode-1@group-523986131536->omNode-2(c-1,m0,n463, attendVote=true, lastRpcSendTime=1, lastRpcResponseTime=79416) yet, just keep nextIndex unchanged and retry.
2022-05-07 13:19:26,317 [grpc-default-executor-3] WARN  server.GrpcLogAppender (LogUtils.java:warn(122)) - omNode-1@group-523986131536->omNode-2-AppendLogResponseHandler: Failed appendEntries: org.apache.ratis.thirdparty.io.grpc.StatusRuntimeException: UNAVAILABLE: io exception
2022-05-07 13:19:26,317 [grpc-default-executor-3] WARN  server.GrpcLogAppender (GrpcLogAppender.java:resetClient(110)) - omNode-1@group-523986131536->omNode-2-GrpcLogAppender: Leader has not got in touch with Follower omNode-1@group-523986131536->omNode-2(c-1,m0,n463, attendVote=true, lastRpcSendTime=0, lastRpcResponseTime=79916) yet, just keep nextIndex unchanged and retry.
2022-05-07 13:19:26,817 [grpc-default-executor-3] WARN  server.GrpcLogAppender (LogUtils.java:warn(122)) - omNode-1@group-523986131536->omNode-2-AppendLogResponseHandler: Failed appendEntries: org.apache.ratis.thirdparty.io.grpc.StatusRuntimeException: UNAVAILABLE: io exception
2022-05-07 13:19:26,817 [grpc-default-executor-3] WARN  server.GrpcLogAppender (GrpcLogAppender.java:resetClient(110)) - omNode-1@group-523986131536->omNode-2-GrpcLogAppender: Leader has not got in touch with Follower omNode-1@group-523986131536->omNode-2(c-1,m0,n463, attendVote=true, lastRpcSendTime=0, lastRpcResponseTime=80416) yet, just keep nextIndex unchanged and retry.
2022-05-07 13:19:27,317 [grpc-default-executor-3] WARN  server.GrpcLogAppender (LogUtils.java:warn(122)) - omNode-1@group-523986131536->omNode-2-AppendLogResponseHandler: Failed appendEntries: org.apache.ratis.thirdparty.io.grpc.StatusRuntimeException: UNAVAILABLE: io exception
2022-05-07 13:19:27,318 [grpc-default-executor-3] WARN  server.GrpcLogAppender (GrpcLogAppender.java:resetClient(110)) - omNode-1@group-523986131536->omNode-2-GrpcLogAppender: Leader has not got in touch with Follower omNode-1@group-523986131536->omNode-2(c-1,m0,n463, attendVote=true, lastRpcSendTime=0, lastRpcResponseTime=80917) yet, just keep nextIndex unchanged and retry.
2022-05-07 13:19:27,817 [grpc-default-executor-3] WARN  server.GrpcLogAppender (LogUtils.java:warn(122)) - omNode-1@group-523986131536->omNode-2-AppendLogResponseHandler: Failed appendEntries: org.apache.ratis.thirdparty.io.grpc.StatusRuntimeException: UNAVAILABLE: io exception
2022-05-07 13:19:27,818 [grpc-default-executor-3] WARN  server.GrpcLogAppender (GrpcLogAppender.java:resetClient(110)) - omNode-1@group-523986131536->omNode-2-GrpcLogAppender: Leader has not got in touch with Follower omNode-1@group-523986131536->omNode-2(c-1,m0,n463, attendVote=true, lastRpcSendTime=0, lastRpcResponseTime=81417) yet, just keep nextIndex unchanged and retry.
2022-05-07 13:19:28,317 [grpc-default-executor-0] WARN  server.GrpcLogAppender (LogUtils.java:warn(122)) - omNode-1@group-523986131536->omNode-2-AppendLogResponseHandler: Failed appendEntries: org.apache.ratis.thirdparty.io.grpc.StatusRuntimeException: UNAVAILABLE: io exception
2022-05-07 13:19:28,318 [grpc-default-executor-0] WARN  server.GrpcLogAppender (GrpcLogAppender.java:resetClient(110)) - omNode-1@group-523986131536->omNode-2-GrpcLogAppender: Leader has not got in touch with Follower omNode-1@group-523986131536->omNode-2(c-1,m0,n463, attendVote=true, lastRpcSendTime=0, lastRpcResponseTime=81917) yet, just keep nextIndex unchanged and retry.
2022-05-07 13:19:28,817 [grpc-default-executor-0] WARN  server.GrpcLogAppender (LogUtils.java:warn(122)) - omNode-1@group-523986131536->omNode-2-AppendLogResponseHandler: Failed appendEntries: org.apache.ratis.thirdparty.io.grpc.StatusRuntimeException: UNAVAILABLE: io exception
2022-05-07 13:19:28,818 [grpc-default-executor-0] WARN  server.GrpcLogAppender (GrpcLogAppender.java:resetClient(110)) - omNode-1@group-523986131536->omNode-2-GrpcLogAppender: Leader has not got in touch with Follower omNode-1@group-523986131536->omNode-2(c-1,m0,n463, attendVote=true, lastRpcSendTime=0, lastRpcResponseTime=82417) yet, just keep nextIndex unchanged and retry.
2022-05-07 13:19:29,318 [grpc-default-executor-0] WARN  server.GrpcLogAppender (LogUtils.java:warn(122)) - omNode-1@group-523986131536->omNode-2-AppendLogResponseHandler: Failed appendEntries: org.apache.ratis.thirdparty.io.grpc.StatusRuntimeException: UNAVAILABLE: io exception
2022-05-07 13:19:29,318 [grpc-default-executor-0] WARN  server.GrpcLogAppender (GrpcLogAppender.java:resetClient(110)) - omNode-1@group-523986131536->omNode-2-GrpcLogAppender: Leader has not got in touch with Follower omNode-1@group-523986131536->omNode-2(c-1,m0,n463, attendVote=true, lastRpcSendTime=0, lastRpcResponseTime=82917) yet, just keep nextIndex unchanged and retry.
2022-05-07 13:19:29,818 [grpc-default-executor-0] WARN  server.GrpcLogAppender (LogUtils.java:warn(122)) - omNode-1@group-523986131536->omNode-2-AppendLogResponseHandler: Failed appendEntries: org.apache.ratis.thirdparty.io.grpc.StatusRuntimeException: UNAVAILABLE: io exception
2022-05-07 13:19:29,819 [grpc-default-executor-0] WARN  server.GrpcLogAppender (GrpcLogAppender.java:resetClient(110)) - omNode-1@group-523986131536->omNode-2-GrpcLogAppender: Leader has not got in touch with Follower omNode-1@group-523986131536->omNode-2(c-1,m0,n463, attendVote=true, lastRpcSendTime=1, lastRpcResponseTime=83418) yet, just keep nextIndex unchanged and retry.
2022-05-07 13:19:30,318 [grpc-default-executor-0] WARN  server.GrpcLogAppender (LogUtils.java:warn(122)) - omNode-1@group-523986131536->omNode-2-AppendLogResponseHandler: Failed appendEntries: org.apache.ratis.thirdparty.io.grpc.StatusRuntimeException: UNAVAILABLE: io exception
2022-05-07 13:19:30,319 [grpc-default-executor-0] WARN  server.GrpcLogAppender (GrpcLogAppender.java:resetClient(110)) - omNode-1@group-523986131536->omNode-2-GrpcLogAppender: Leader has not got in touch with Follower omNode-1@group-523986131536->omNode-2(c-1,m0,n463, attendVote=true, lastRpcSendTime=1, lastRpcResponseTime=83918) yet, just keep nextIndex unchanged and retry.
2022-05-07 13:19:30,818 [grpc-default-executor-0] WARN  server.GrpcLogAppender (LogUtils.java:warn(122)) - omNode-1@group-523986131536->omNode-2-AppendLogResponseHandler: Failed appendEntries: org.apache.ratis.thirdparty.io.grpc.StatusRuntimeException: UNAVAILABLE: io exception
2022-05-07 13:19:30,819 [grpc-default-executor-0] WARN  server.GrpcLogAppender (GrpcLogAppender.java:resetClient(110)) - omNode-1@group-523986131536->omNode-2-GrpcLogAppender: Leader has not got in touch with Follower omNode-1@group-523986131536->omNode-2(c-1,m0,n463, attendVote=true, lastRpcSendTime=1, lastRpcResponseTime=84418) yet, just keep nextIndex unchanged and retry.
2022-05-07 13:19:31,318 [grpc-default-executor-0] WARN  server.GrpcLogAppender (LogUtils.java:warn(122)) - omNode-1@group-523986131536->omNode-2-AppendLogResponseHandler: Failed appendEntries: org.apache.ratis.thirdparty.io.grpc.StatusRuntimeException: UNAVAILABLE: io exception
2022-05-07 13:19:31,319 [grpc-default-executor-0] WARN  server.GrpcLogAppender (GrpcLogAppender.java:resetClient(110)) - omNode-1@group-523986131536->omNode-2-GrpcLogAppender: Leader has not got in touch with Follower omNode-1@group-523986131536->omNode-2(c-1,m0,n463, attendVote=true, lastRpcSendTime=0, lastRpcResponseTime=84918) yet, just keep nextIndex unchanged and retry.
2022-05-07 13:19:31,819 [grpc-default-executor-0] WARN  server.GrpcLogAppender (LogUtils.java:warn(122)) - omNode-1@group-523986131536->omNode-2-AppendLogResponseHandler: Failed appendEntries: org.apache.ratis.thirdparty.io.grpc.StatusRuntimeException: UNAVAILABLE: io exception
2022-05-07 13:19:31,819 [grpc-default-executor-0] WARN  server.GrpcLogAppender (GrpcLogAppender.java:resetClient(110)) - omNode-1@group-523986131536->omNode-2-GrpcLogAppender: Leader has not got in touch with Follower omNode-1@group-523986131536->omNode-2(c-1,m0,n463, attendVote=true, lastRpcSendTime=0, lastRpcResponseTime=85418) yet, just keep nextIndex unchanged and retry.
2022-05-07 13:19:32,319 [grpc-default-executor-0] WARN  server.GrpcLogAppender (LogUtils.java:warn(122)) - omNode-1@group-523986131536->omNode-2-AppendLogResponseHandler: Failed appendEntries: org.apache.ratis.thirdparty.io.grpc.StatusRuntimeException: UNAVAILABLE: io exception
2022-05-07 13:19:32,320 [grpc-default-executor-0] WARN  server.GrpcLogAppender (GrpcLogAppender.java:resetClient(110)) - omNode-1@group-523986131536->omNode-2-GrpcLogAppender: Leader has not got in touch with Follower omNode-1@group-523986131536->omNode-2(c-1,m0,n463, attendVote=true, lastRpcSendTime=0, lastRpcResponseTime=85919) yet, just keep nextIndex unchanged and retry.
2022-05-07 13:19:32,819 [grpc-default-executor-0] WARN  server.GrpcLogAppender (LogUtils.java:warn(122)) - omNode-1@group-523986131536->omNode-2-AppendLogResponseHandler: Failed appendEntries: org.apache.ratis.thirdparty.io.grpc.StatusRuntimeException: UNAVAILABLE: io exception
2022-05-07 13:19:32,820 [grpc-default-executor-0] WARN  server.GrpcLogAppender (GrpcLogAppender.java:resetClient(110)) - omNode-1@group-523986131536->omNode-2-GrpcLogAppender: Leader has not got in touch with Follower omNode-1@group-523986131536->omNode-2(c-1,m0,n463, attendVote=true, lastRpcSendTime=0, lastRpcResponseTime=86419) yet, just keep nextIndex unchanged and retry.
2022-05-07 13:19:33,319 [grpc-default-executor-3] WARN  server.GrpcLogAppender (LogUtils.java:warn(122)) - omNode-1@group-523986131536->omNode-2-AppendLogResponseHandler: Failed appendEntries: org.apache.ratis.thirdparty.io.grpc.StatusRuntimeException: UNAVAILABLE: io exception
2022-05-07 13:19:33,320 [grpc-default-executor-3] WARN  server.GrpcLogAppender (GrpcLogAppender.java:resetClient(110)) - omNode-1@group-523986131536->omNode-2-GrpcLogAppender: Leader has not got in touch with Follower omNode-1@group-523986131536->omNode-2(c-1,m0,n463, attendVote=true, lastRpcSendTime=0, lastRpcResponseTime=86919) yet, just keep nextIndex unchanged and retry.
2022-05-07 13:19:33,819 [grpc-default-executor-3] WARN  server.GrpcLogAppender (LogUtils.java:warn(122)) - omNode-1@group-523986131536->omNode-2-AppendLogResponseHandler: Failed appendEntries: org.apache.ratis.thirdparty.io.grpc.StatusRuntimeException: UNAVAILABLE: io exception
2022-05-07 13:19:33,820 [grpc-default-executor-3] WARN  server.GrpcLogAppender (GrpcLogAppender.java:resetClient(110)) - omNode-1@group-523986131536->omNode-2-GrpcLogAppender: Leader has not got in touch with Follower omNode-1@group-523986131536->omNode-2(c-1,m0,n463, attendVote=true, lastRpcSendTime=0, lastRpcResponseTime=87419) yet, just keep nextIndex unchanged and retry.
2022-05-07 13:19:34,319 [grpc-default-executor-3] WARN  server.GrpcLogAppender (LogUtils.java:warn(122)) - omNode-1@group-523986131536->omNode-2-AppendLogResponseHandler: Failed appendEntries: org.apache.ratis.thirdparty.io.grpc.StatusRuntimeException: UNAVAILABLE: io exception
2022-05-07 13:19:34,320 [grpc-default-executor-3] WARN  server.GrpcLogAppender (GrpcLogAppender.java:resetClient(110)) - omNode-1@group-523986131536->omNode-2-GrpcLogAppender: Leader has not got in touch with Follower omNode-1@group-523986131536->omNode-2(c-1,m0,n463, attendVote=true, lastRpcSendTime=0, lastRpcResponseTime=87919) yet, just keep nextIndex unchanged and retry.
2022-05-07 13:19:34,820 [grpc-default-executor-3] WARN  server.GrpcLogAppender (LogUtils.java:warn(122)) - omNode-1@group-523986131536->omNode-2-AppendLogResponseHandler: Failed appendEntries: org.apache.ratis.thirdparty.io.grpc.StatusRuntimeException: UNAVAILABLE: io exception
2022-05-07 13:19:34,821 [grpc-default-executor-3] WARN  server.GrpcLogAppender (GrpcLogAppender.java:resetClient(110)) - omNode-1@group-523986131536->omNode-2-GrpcLogAppender: Leader has not got in touch with Follower omNode-1@group-523986131536->omNode-2(c-1,m0,n463, attendVote=true, lastRpcSendTime=0, lastRpcResponseTime=88420) yet, just keep nextIndex unchanged and retry.
2022-05-07 13:19:35,320 [grpc-default-executor-3] WARN  server.GrpcLogAppender (LogUtils.java:warn(122)) - omNode-1@group-523986131536->omNode-2-AppendLogResponseHandler: Failed appendEntries: org.apache.ratis.thirdparty.io.grpc.StatusRuntimeException: UNAVAILABLE: io exception
2022-05-07 13:19:35,321 [grpc-default-executor-3] WARN  server.GrpcLogAppender (GrpcLogAppender.java:resetClient(110)) - omNode-1@group-523986131536->omNode-2-GrpcLogAppender: Leader has not got in touch with Follower omNode-1@group-523986131536->omNode-2(c-1,m0,n463, attendVote=true, lastRpcSendTime=0, lastRpcResponseTime=88919) yet, just keep nextIndex unchanged and retry.
2022-05-07 13:19:35,820 [grpc-default-executor-0] WARN  server.GrpcLogAppender (LogUtils.java:warn(122)) - omNode-1@group-523986131536->omNode-2-AppendLogResponseHandler: Failed appendEntries: org.apache.ratis.thirdparty.io.grpc.StatusRuntimeException: UNAVAILABLE: io exception
2022-05-07 13:19:35,821 [grpc-default-executor-0] WARN  server.GrpcLogAppender (GrpcLogAppender.java:resetClient(110)) - omNode-1@group-523986131536->omNode-2-GrpcLogAppender: Leader has not got in touch with Follower omNode-1@group-523986131536->omNode-2(c-1,m0,n463, attendVote=true, lastRpcSendTime=0, lastRpcResponseTime=89420) yet, just keep nextIndex unchanged and retry.
2022-05-07 13:19:36,320 [grpc-default-executor-0] WARN  server.GrpcLogAppender (LogUtils.java:warn(122)) - omNode-1@group-523986131536->omNode-2-AppendLogResponseHandler: Failed appendEntries: org.apache.ratis.thirdparty.io.grpc.StatusRuntimeException: UNAVAILABLE: io exception
2022-05-07 13:19:36,321 [grpc-default-executor-0] WARN  server.GrpcLogAppender (GrpcLogAppender.java:resetClient(110)) - omNode-1@group-523986131536->omNode-2-GrpcLogAppender: Leader has not got in touch with Follower omNode-1@group-523986131536->omNode-2(c-1,m0,n463, attendVote=true, lastRpcSendTime=0, lastRpcResponseTime=89920) yet, just keep nextIndex unchanged and retry.
2022-05-07 13:19:36,820 [grpc-default-executor-3] WARN  server.GrpcLogAppender (LogUtils.java:warn(122)) - omNode-1@group-523986131536->omNode-2-AppendLogResponseHandler: Failed appendEntries: org.apache.ratis.thirdparty.io.grpc.StatusRuntimeException: UNAVAILABLE: io exception
2022-05-07 13:19:36,821 [grpc-default-executor-3] WARN  server.GrpcLogAppender (GrpcLogAppender.java:resetClient(110)) - omNode-1@group-523986131536->omNode-2-GrpcLogAppender: Leader has not got in touch with Follower omNode-1@group-523986131536->omNode-2(c-1,m0,n463, attendVote=true, lastRpcSendTime=0, lastRpcResponseTime=90420) yet, just keep nextIndex unchanged and retry.
2022-05-07 13:19:37,321 [grpc-default-executor-3] WARN  server.GrpcLogAppender (LogUtils.java:warn(122)) - omNode-1@group-523986131536->omNode-2-AppendLogResponseHandler: Failed appendEntries: org.apache.ratis.thirdparty.io.grpc.StatusRuntimeException: UNAVAILABLE: io exception
2022-05-07 13:19:37,321 [grpc-default-executor-3] WARN  server.GrpcLogAppender (GrpcLogAppender.java:resetClient(110)) - omNode-1@group-523986131536->omNode-2-GrpcLogAppender: Leader has not got in touch with Follower omNode-1@group-523986131536->omNode-2(c-1,m0,n463, attendVote=true, lastRpcSendTime=0, lastRpcResponseTime=90920) yet, just keep nextIndex unchanged and retry.
2022-05-07 13:19:37,821 [grpc-default-executor-3] WARN  server.GrpcLogAppender (LogUtils.java:warn(122)) - omNode-1@group-523986131536->omNode-2-AppendLogResponseHandler: Failed appendEntries: org.apache.ratis.thirdparty.io.grpc.StatusRuntimeException: UNAVAILABLE: io exception
2022-05-07 13:19:37,822 [grpc-default-executor-3] WARN  server.GrpcLogAppender (GrpcLogAppender.java:resetClient(110)) - omNode-1@group-523986131536->omNode-2-GrpcLogAppender: Leader has not got in touch with Follower omNode-1@group-523986131536->omNode-2(c-1,m0,n463, attendVote=true, lastRpcSendTime=0, lastRpcResponseTime=91420) yet, just keep nextIndex unchanged and retry.
2022-05-07 13:19:38,321 [grpc-default-executor-0] WARN  server.GrpcLogAppender (LogUtils.java:warn(122)) - omNode-1@group-523986131536->omNode-2-AppendLogResponseHandler: Failed appendEntries: org.apache.ratis.thirdparty.io.grpc.StatusRuntimeException: UNAVAILABLE: io exception
2022-05-07 13:19:38,322 [grpc-default-executor-0] WARN  server.GrpcLogAppender (GrpcLogAppender.java:resetClient(110)) - omNode-1@group-523986131536->omNode-2-GrpcLogAppender: Leader has not got in touch with Follower omNode-1@group-523986131536->omNode-2(c-1,m0,n463, attendVote=true, lastRpcSendTime=0, lastRpcResponseTime=91920) yet, just keep nextIndex unchanged and retry.
2022-05-07 13:19:38,821 [grpc-default-executor-0] WARN  server.GrpcLogAppender (LogUtils.java:warn(122)) - omNode-1@group-523986131536->omNode-2-AppendLogResponseHandler: Failed appendEntries: org.apache.ratis.thirdparty.io.grpc.StatusRuntimeException: UNAVAILABLE: io exception
2022-05-07 13:19:38,822 [grpc-default-executor-0] WARN  server.GrpcLogAppender (GrpcLogAppender.java:resetClient(110)) - omNode-1@group-523986131536->omNode-2-GrpcLogAppender: Leader has not got in touch with Follower omNode-1@group-523986131536->omNode-2(c-1,m0,n463, attendVote=true, lastRpcSendTime=0, lastRpcResponseTime=92421) yet, just keep nextIndex unchanged and retry.
2022-05-07 13:19:39,321 [grpc-default-executor-0] WARN  server.GrpcLogAppender (LogUtils.java:warn(122)) - omNode-1@group-523986131536->omNode-2-AppendLogResponseHandler: Failed appendEntries: org.apache.ratis.thirdparty.io.grpc.StatusRuntimeException: UNAVAILABLE: io exception
2022-05-07 13:19:39,323 [grpc-default-executor-0] WARN  server.GrpcLogAppender (GrpcLogAppender.java:resetClient(110)) - omNode-1@group-523986131536->omNode-2-GrpcLogAppender: Leader has not got in touch with Follower omNode-1@group-523986131536->omNode-2(c-1,m0,n463, attendVote=true, lastRpcSendTime=1, lastRpcResponseTime=92921) yet, just keep nextIndex unchanged and retry.
2022-05-07 13:19:39,822 [grpc-default-executor-0] WARN  server.GrpcLogAppender (LogUtils.java:warn(122)) - omNode-1@group-523986131536->omNode-2-AppendLogResponseHandler: Failed appendEntries: org.apache.ratis.thirdparty.io.grpc.StatusRuntimeException: UNAVAILABLE: io exception
2022-05-07 13:19:39,822 [grpc-default-executor-0] WARN  server.GrpcLogAppender (GrpcLogAppender.java:resetClient(110)) - omNode-1@group-523986131536->omNode-2-GrpcLogAppender: Leader has not got in touch with Follower omNode-1@group-523986131536->omNode-2(c-1,m0,n463, attendVote=true, lastRpcSendTime=0, lastRpcResponseTime=93421) yet, just keep nextIndex unchanged and retry.
2022-05-07 13:19:40,322 [grpc-default-executor-0] WARN  server.GrpcLogAppender (LogUtils.java:warn(122)) - omNode-1@group-523986131536->omNode-2-AppendLogResponseHandler: Failed appendEntries: org.apache.ratis.thirdparty.io.grpc.StatusRuntimeException: UNAVAILABLE: io exception
2022-05-07 13:19:40,323 [grpc-default-executor-0] WARN  server.GrpcLogAppender (GrpcLogAppender.java:resetClient(110)) - omNode-1@group-523986131536->omNode-2-GrpcLogAppender: Leader has not got in touch with Follower omNode-1@group-523986131536->omNode-2(c-1,m0,n463, attendVote=true, lastRpcSendTime=1, lastRpcResponseTime=93922) yet, just keep nextIndex unchanged and retry.
2022-05-07 13:19:40,822 [grpc-default-executor-3] WARN  server.GrpcLogAppender (LogUtils.java:warn(122)) - omNode-1@group-523986131536->omNode-2-AppendLogResponseHandler: Failed appendEntries: org.apache.ratis.thirdparty.io.grpc.StatusRuntimeException: UNAVAILABLE: io exception
2022-05-07 13:19:40,823 [grpc-default-executor-3] WARN  server.GrpcLogAppender (GrpcLogAppender.java:resetClient(110)) - omNode-1@group-523986131536->omNode-2-GrpcLogAppender: Leader has not got in touch with Follower omNode-1@group-523986131536->omNode-2(c-1,m0,n463, attendVote=true, lastRpcSendTime=0, lastRpcResponseTime=94422) yet, just keep nextIndex unchanged and retry.
2022-05-07 13:19:41,322 [grpc-default-executor-3] WARN  server.GrpcLogAppender (LogUtils.java:warn(122)) - omNode-1@group-523986131536->omNode-2-AppendLogResponseHandler: Failed appendEntries: org.apache.ratis.thirdparty.io.grpc.StatusRuntimeException: UNAVAILABLE: io exception
2022-05-07 13:19:41,323 [grpc-default-executor-3] WARN  server.GrpcLogAppender (GrpcLogAppender.java:resetClient(110)) - omNode-1@group-523986131536->omNode-2-GrpcLogAppender: Leader has not got in touch with Follower omNode-1@group-523986131536->omNode-2(c-1,m0,n463, attendVote=true, lastRpcSendTime=0, lastRpcResponseTime=94922) yet, just keep nextIndex unchanged and retry.
2022-05-07 13:19:41,822 [grpc-default-executor-3] WARN  server.GrpcLogAppender (LogUtils.java:warn(122)) - omNode-1@group-523986131536->omNode-2-AppendLogResponseHandler: Failed appendEntries: org.apache.ratis.thirdparty.io.grpc.StatusRuntimeException: UNAVAILABLE: io exception
2022-05-07 13:19:41,823 [grpc-default-executor-3] WARN  server.GrpcLogAppender (GrpcLogAppender.java:resetClient(110)) - omNode-1@group-523986131536->omNode-2-GrpcLogAppender: Leader has not got in touch with Follower omNode-1@group-523986131536->omNode-2(c-1,m0,n463, attendVote=true, lastRpcSendTime=0, lastRpcResponseTime=95422) yet, just keep nextIndex unchanged and retry.
2022-05-07 13:19:42,323 [grpc-default-executor-3] WARN  server.GrpcLogAppender (LogUtils.java:warn(122)) - omNode-1@group-523986131536->omNode-2-AppendLogResponseHandler: Failed appendEntries: org.apache.ratis.thirdparty.io.grpc.StatusRuntimeException: UNAVAILABLE: io exception
2022-05-07 13:19:42,323 [grpc-default-executor-3] WARN  server.GrpcLogAppender (GrpcLogAppender.java:resetClient(110)) - omNode-1@group-523986131536->omNode-2-GrpcLogAppender: Leader has not got in touch with Follower omNode-1@group-523986131536->omNode-2(c-1,m0,n463, attendVote=true, lastRpcSendTime=0, lastRpcResponseTime=95922) yet, just keep nextIndex unchanged and retry.
2022-05-07 13:19:42,823 [grpc-default-executor-3] WARN  server.GrpcLogAppender (LogUtils.java:warn(122)) - omNode-1@group-523986131536->omNode-2-AppendLogResponseHandler: Failed appendEntries: org.apache.ratis.thirdparty.io.grpc.StatusRuntimeException: UNAVAILABLE: io exception
2022-05-07 13:19:42,824 [grpc-default-executor-3] WARN  server.GrpcLogAppender (GrpcLogAppender.java:resetClient(110)) - omNode-1@group-523986131536->omNode-2-GrpcLogAppender: Leader has not got in touch with Follower omNode-1@group-523986131536->omNode-2(c-1,m0,n463, attendVote=true, lastRpcSendTime=1, lastRpcResponseTime=96423) yet, just keep nextIndex unchanged and retry.
2022-05-07 13:19:43,323 [grpc-default-executor-0] WARN  server.GrpcLogAppender (LogUtils.java:warn(122)) - omNode-1@group-523986131536->omNode-2-AppendLogResponseHandler: Failed appendEntries: org.apache.ratis.thirdparty.io.grpc.StatusRuntimeException: UNAVAILABLE: io exception
2022-05-07 13:19:43,324 [grpc-default-executor-0] WARN  server.GrpcLogAppender (GrpcLogAppender.java:resetClient(110)) - omNode-1@group-523986131536->omNode-2-GrpcLogAppender: Leader has not got in touch with Follower omNode-1@group-523986131536->omNode-2(c-1,m0,n463, attendVote=true, lastRpcSendTime=0, lastRpcResponseTime=96923) yet, just keep nextIndex unchanged and retry.
2022-05-07 13:19:43,823 [grpc-default-executor-0] WARN  server.GrpcLogAppender (LogUtils.java:warn(122)) - omNode-1@group-523986131536->omNode-2-AppendLogResponseHandler: Failed appendEntries: org.apache.ratis.thirdparty.io.grpc.StatusRuntimeException: UNAVAILABLE: io exception
2022-05-07 13:19:43,824 [grpc-default-executor-0] WARN  server.GrpcLogAppender (GrpcLogAppender.java:resetClient(110)) - omNode-1@group-523986131536->omNode-2-GrpcLogAppender: Leader has not got in touch with Follower omNode-1@group-523986131536->omNode-2(c-1,m0,n463, attendVote=true, lastRpcSendTime=1, lastRpcResponseTime=97423) yet, just keep nextIndex unchanged and retry.
2022-05-07 13:19:44,324 [grpc-default-executor-0] WARN  server.GrpcLogAppender (LogUtils.java:warn(122)) - omNode-1@group-523986131536->omNode-2-AppendLogResponseHandler: Failed appendEntries: org.apache.ratis.thirdparty.io.grpc.StatusRuntimeException: UNAVAILABLE: io exception
2022-05-07 13:19:44,324 [grpc-default-executor-0] WARN  server.GrpcLogAppender (GrpcLogAppender.java:resetClient(110)) - omNode-1@group-523986131536->omNode-2-GrpcLogAppender: Leader has not got in touch with Follower omNode-1@group-523986131536->omNode-2(c-1,m0,n463, attendVote=true, lastRpcSendTime=0, lastRpcResponseTime=97923) yet, just keep nextIndex unchanged and retry.
2022-05-07 13:19:44,824 [grpc-default-executor-0] WARN  server.GrpcLogAppender (LogUtils.java:warn(122)) - omNode-1@group-523986131536->omNode-2-AppendLogResponseHandler: Failed appendEntries: org.apache.ratis.thirdparty.io.grpc.StatusRuntimeException: UNAVAILABLE: io exception
2022-05-07 13:19:44,825 [grpc-default-executor-0] WARN  server.GrpcLogAppender (GrpcLogAppender.java:resetClient(110)) - omNode-1@group-523986131536->omNode-2-GrpcLogAppender: Leader has not got in touch with Follower omNode-1@group-523986131536->omNode-2(c-1,m0,n463, attendVote=true, lastRpcSendTime=0, lastRpcResponseTime=98423) yet, just keep nextIndex unchanged and retry.
2022-05-07 13:19:45,324 [grpc-default-executor-0] WARN  server.GrpcLogAppender (LogUtils.java:warn(122)) - omNode-1@group-523986131536->omNode-2-AppendLogResponseHandler: Failed appendEntries: org.apache.ratis.thirdparty.io.grpc.StatusRuntimeException: UNAVAILABLE: io exception
2022-05-07 13:19:45,325 [grpc-default-executor-0] WARN  server.GrpcLogAppender (GrpcLogAppender.java:resetClient(110)) - omNode-1@group-523986131536->omNode-2-GrpcLogAppender: Leader has not got in touch with Follower omNode-1@group-523986131536->omNode-2(c-1,m0,n463, attendVote=true, lastRpcSendTime=0, lastRpcResponseTime=98924) yet, just keep nextIndex unchanged and retry.
2022-05-07 13:19:45,824 [grpc-default-executor-3] WARN  server.GrpcLogAppender (LogUtils.java:warn(122)) - omNode-1@group-523986131536->omNode-2-AppendLogResponseHandler: Failed appendEntries: org.apache.ratis.thirdparty.io.grpc.StatusRuntimeException: UNAVAILABLE: io exception
2022-05-07 13:19:45,825 [grpc-default-executor-3] WARN  server.GrpcLogAppender (GrpcLogAppender.java:resetClient(110)) - omNode-1@group-523986131536->omNode-2-GrpcLogAppender: Leader has not got in touch with Follower omNode-1@group-523986131536->omNode-2(c-1,m0,n463, attendVote=true, lastRpcSendTime=0, lastRpcResponseTime=99424) yet, just keep nextIndex unchanged and retry.
2022-05-07 13:19:46,324 [grpc-default-executor-3] WARN  server.GrpcLogAppender (LogUtils.java:warn(122)) - omNode-1@group-523986131536->omNode-2-AppendLogResponseHandler: Failed appendEntries: org.apache.ratis.thirdparty.io.grpc.StatusRuntimeException: UNAVAILABLE: io exception
2022-05-07 13:19:46,325 [grpc-default-executor-3] WARN  server.GrpcLogAppender (GrpcLogAppender.java:resetClient(110)) - omNode-1@group-523986131536->omNode-2-GrpcLogAppender: Leader has not got in touch with Follower omNode-1@group-523986131536->omNode-2(c-1,m0,n463, attendVote=true, lastRpcSendTime=0, lastRpcResponseTime=99924) yet, just keep nextIndex unchanged and retry.
2022-05-07 13:19:46,825 [grpc-default-executor-3] WARN  server.GrpcLogAppender (LogUtils.java:warn(122)) - omNode-1@group-523986131536->omNode-2-AppendLogResponseHandler: Failed appendEntries: org.apache.ratis.thirdparty.io.grpc.StatusRuntimeException: UNAVAILABLE: io exception
2022-05-07 13:19:46,825 [grpc-default-executor-3] WARN  server.GrpcLogAppender (GrpcLogAppender.java:resetClient(110)) - omNode-1@group-523986131536->omNode-2-GrpcLogAppender: Leader has not got in touch with Follower omNode-1@group-523986131536->omNode-2(c-1,m0,n463, attendVote=true, lastRpcSendTime=0, lastRpcResponseTime=100424) yet, just keep nextIndex unchanged and retry.
2022-05-07 13:19:47,325 [grpc-default-executor-3] WARN  server.GrpcLogAppender (LogUtils.java:warn(122)) - omNode-1@group-523986131536->omNode-2-AppendLogResponseHandler: Failed appendEntries: org.apache.ratis.thirdparty.io.grpc.StatusRuntimeException: UNAVAILABLE: io exception
2022-05-07 13:19:47,326 [grpc-default-executor-3] WARN  server.GrpcLogAppender (GrpcLogAppender.java:resetClient(110)) - omNode-1@group-523986131536->omNode-2-GrpcLogAppender: Leader has not got in touch with Follower omNode-1@group-523986131536->omNode-2(c-1,m0,n463, attendVote=true, lastRpcSendTime=0, lastRpcResponseTime=100925) yet, just keep nextIndex unchanged and retry.
2022-05-07 13:19:47,825 [grpc-default-executor-3] WARN  server.GrpcLogAppender (LogUtils.java:warn(122)) - omNode-1@group-523986131536->omNode-2-AppendLogResponseHandler: Failed appendEntries: org.apache.ratis.thirdparty.io.grpc.StatusRuntimeException: UNAVAILABLE: io exception
2022-05-07 13:19:47,826 [grpc-default-executor-3] WARN  server.GrpcLogAppender (GrpcLogAppender.java:resetClient(110)) - omNode-1@group-523986131536->omNode-2-GrpcLogAppender: Leader has not got in touch with Follower omNode-1@group-523986131536->omNode-2(c-1,m0,n463, attendVote=true, lastRpcSendTime=0, lastRpcResponseTime=101425) yet, just keep nextIndex unchanged and retry.
2022-05-07 13:19:48,325 [grpc-default-executor-3] WARN  server.GrpcLogAppender (LogUtils.java:warn(122)) - omNode-1@group-523986131536->omNode-2-AppendLogResponseHandler: Failed appendEntries: org.apache.ratis.thirdparty.io.grpc.StatusRuntimeException: UNAVAILABLE: io exception
2022-05-07 13:19:48,326 [grpc-default-executor-3] WARN  server.GrpcLogAppender (GrpcLogAppender.java:resetClient(110)) - omNode-1@group-523986131536->omNode-2-GrpcLogAppender: Leader has not got in touch with Follower omNode-1@group-523986131536->omNode-2(c-1,m0,n463, attendVote=true, lastRpcSendTime=0, lastRpcResponseTime=101925) yet, just keep nextIndex unchanged and retry.
2022-05-07 13:19:48,827 [grpc-default-executor-3] WARN  server.GrpcLogAppender (LogUtils.java:warn(122)) - omNode-1@group-523986131536->omNode-2-AppendLogResponseHandler: Failed appendEntries: org.apache.ratis.thirdparty.io.grpc.StatusRuntimeException: UNAVAILABLE: io exception
2022-05-07 13:19:48,828 [grpc-default-executor-3] WARN  server.GrpcLogAppender (GrpcLogAppender.java:resetClient(110)) - omNode-1@group-523986131536->omNode-2-GrpcLogAppender: Leader has not got in touch with Follower omNode-1@group-523986131536->omNode-2(c-1,m0,n463, attendVote=true, lastRpcSendTime=0, lastRpcResponseTime=102427) yet, just keep nextIndex unchanged and retry.
2022-05-07 13:19:49,327 [grpc-default-executor-3] WARN  server.GrpcLogAppender (LogUtils.java:warn(122)) - omNode-1@group-523986131536->omNode-2-AppendLogResponseHandler: Failed appendEntries: org.apache.ratis.thirdparty.io.grpc.StatusRuntimeException: UNAVAILABLE: io exception
2022-05-07 13:19:49,328 [grpc-default-executor-3] WARN  server.GrpcLogAppender (GrpcLogAppender.java:resetClient(110)) - omNode-1@group-523986131536->omNode-2-GrpcLogAppender: Leader has not got in touch with Follower omNode-1@group-523986131536->omNode-2(c-1,m0,n463, attendVote=true, lastRpcSendTime=1, lastRpcResponseTime=102927) yet, just keep nextIndex unchanged and retry.
2022-05-07 13:19:49,828 [grpc-default-executor-3] WARN  server.GrpcLogAppender (LogUtils.java:warn(122)) - omNode-1@group-523986131536->omNode-2-AppendLogResponseHandler: Failed appendEntries: org.apache.ratis.thirdparty.io.grpc.StatusRuntimeException: UNAVAILABLE: io exception
2022-05-07 13:19:49,829 [grpc-default-executor-3] WARN  server.GrpcLogAppender (GrpcLogAppender.java:resetClient(110)) - omNode-1@group-523986131536->omNode-2-GrpcLogAppender: Leader has not got in touch with Follower omNode-1@group-523986131536->omNode-2(c-1,m0,n463, attendVote=true, lastRpcSendTime=0, lastRpcResponseTime=103428) yet, just keep nextIndex unchanged and retry.
2022-05-07 13:19:50,329 [grpc-default-executor-3] WARN  server.GrpcLogAppender (LogUtils.java:warn(122)) - omNode-1@group-523986131536->omNode-2-AppendLogResponseHandler: Failed appendEntries: org.apache.ratis.thirdparty.io.grpc.StatusRuntimeException: UNAVAILABLE: io exception
2022-05-07 13:19:50,329 [grpc-default-executor-3] WARN  server.GrpcLogAppender (GrpcLogAppender.java:resetClient(110)) - omNode-1@group-523986131536->omNode-2-GrpcLogAppender: Leader has not got in touch with Follower omNode-1@group-523986131536->omNode-2(c-1,m0,n463, attendVote=true, lastRpcSendTime=0, lastRpcResponseTime=103928) yet, just keep nextIndex unchanged and retry.
2022-05-07 13:19:50,829 [grpc-default-executor-0] WARN  server.GrpcLogAppender (LogUtils.java:warn(122)) - omNode-1@group-523986131536->omNode-2-AppendLogResponseHandler: Failed appendEntries: org.apache.ratis.thirdparty.io.grpc.StatusRuntimeException: UNAVAILABLE: io exception
2022-05-07 13:19:50,830 [grpc-default-executor-0] WARN  server.GrpcLogAppender (GrpcLogAppender.java:resetClient(110)) - omNode-1@group-523986131536->omNode-2-GrpcLogAppender: Leader has not got in touch with Follower omNode-1@group-523986131536->omNode-2(c-1,m0,n463, attendVote=true, lastRpcSendTime=1, lastRpcResponseTime=104429) yet, just keep nextIndex unchanged and retry.
2022-05-07 13:19:51,329 [grpc-default-executor-0] WARN  server.GrpcLogAppender (LogUtils.java:warn(122)) - omNode-1@group-523986131536->omNode-2-AppendLogResponseHandler: Failed appendEntries: org.apache.ratis.thirdparty.io.grpc.StatusRuntimeException: UNAVAILABLE: io exception
2022-05-07 13:19:51,330 [grpc-default-executor-0] WARN  server.GrpcLogAppender (GrpcLogAppender.java:resetClient(110)) - omNode-1@group-523986131536->omNode-2-GrpcLogAppender: Leader has not got in touch with Follower omNode-1@group-523986131536->omNode-2(c-1,m0,n463, attendVote=true, lastRpcSendTime=0, lastRpcResponseTime=104929) yet, just keep nextIndex unchanged and retry.
2022-05-07 13:19:51,829 [grpc-default-executor-0] WARN  server.GrpcLogAppender (LogUtils.java:warn(122)) - omNode-1@group-523986131536->omNode-2-AppendLogResponseHandler: Failed appendEntries: org.apache.ratis.thirdparty.io.grpc.StatusRuntimeException: UNAVAILABLE: io exception
2022-05-07 13:19:51,830 [grpc-default-executor-0] WARN  server.GrpcLogAppender (GrpcLogAppender.java:resetClient(110)) - omNode-1@group-523986131536->omNode-2-GrpcLogAppender: Leader has not got in touch with Follower omNode-1@group-523986131536->omNode-2(c-1,m0,n463, attendVote=true, lastRpcSendTime=1, lastRpcResponseTime=105429) yet, just keep nextIndex unchanged and retry.
2022-05-07 13:19:52,329 [grpc-default-executor-0] WARN  server.GrpcLogAppender (LogUtils.java:warn(122)) - omNode-1@group-523986131536->omNode-2-AppendLogResponseHandler: Failed appendEntries: org.apache.ratis.thirdparty.io.grpc.StatusRuntimeException: UNAVAILABLE: io exception
2022-05-07 13:19:52,330 [grpc-default-executor-0] WARN  server.GrpcLogAppender (GrpcLogAppender.java:resetClient(110)) - omNode-1@group-523986131536->omNode-2-GrpcLogAppender: Leader has not got in touch with Follower omNode-1@group-523986131536->omNode-2(c-1,m0,n463, attendVote=true, lastRpcSendTime=0, lastRpcResponseTime=105929) yet, just keep nextIndex unchanged and retry.
2022-05-07 13:19:52,830 [grpc-default-executor-0] WARN  server.GrpcLogAppender (LogUtils.java:warn(122)) - omNode-1@group-523986131536->omNode-2-AppendLogResponseHandler: Failed appendEntries: org.apache.ratis.thirdparty.io.grpc.StatusRuntimeException: UNAVAILABLE: io exception
2022-05-07 13:19:52,831 [grpc-default-executor-0] WARN  server.GrpcLogAppender (GrpcLogAppender.java:resetClient(110)) - omNode-1@group-523986131536->omNode-2-GrpcLogAppender: Leader has not got in touch with Follower omNode-1@group-523986131536->omNode-2(c-1,m0,n463, attendVote=true, lastRpcSendTime=0, lastRpcResponseTime=106429) yet, just keep nextIndex unchanged and retry.
2022-05-07 13:19:53,330 [grpc-default-executor-3] WARN  server.GrpcLogAppender (LogUtils.java:warn(122)) - omNode-1@group-523986131536->omNode-2-AppendLogResponseHandler: Failed appendEntries: org.apache.ratis.thirdparty.io.grpc.StatusRuntimeException: UNAVAILABLE: io exception
2022-05-07 13:19:53,331 [grpc-default-executor-3] WARN  server.GrpcLogAppender (GrpcLogAppender.java:resetClient(110)) - omNode-1@group-523986131536->omNode-2-GrpcLogAppender: Leader has not got in touch with Follower omNode-1@group-523986131536->omNode-2(c-1,m0,n463, attendVote=true, lastRpcSendTime=0, lastRpcResponseTime=106929) yet, just keep nextIndex unchanged and retry.
2022-05-07 13:19:53,830 [grpc-default-executor-3] WARN  server.GrpcLogAppender (LogUtils.java:warn(122)) - omNode-1@group-523986131536->omNode-2-AppendLogResponseHandler: Failed appendEntries: org.apache.ratis.thirdparty.io.grpc.StatusRuntimeException: UNAVAILABLE: io exception
2022-05-07 13:19:53,831 [grpc-default-executor-3] WARN  server.GrpcLogAppender (GrpcLogAppender.java:resetClient(110)) - omNode-1@group-523986131536->omNode-2-GrpcLogAppender: Leader has not got in touch with Follower omNode-1@group-523986131536->omNode-2(c-1,m0,n463, attendVote=true, lastRpcSendTime=0, lastRpcResponseTime=107430) yet, just keep nextIndex unchanged and retry.
2022-05-07 13:19:54,330 [grpc-default-executor-3] WARN  server.GrpcLogAppender (LogUtils.java:warn(122)) - omNode-1@group-523986131536->omNode-2-AppendLogResponseHandler: Failed appendEntries: org.apache.ratis.thirdparty.io.grpc.StatusRuntimeException: UNAVAILABLE: io exception
2022-05-07 13:19:54,331 [grpc-default-executor-3] WARN  server.GrpcLogAppender (GrpcLogAppender.java:resetClient(110)) - omNode-1@group-523986131536->omNode-2-GrpcLogAppender: Leader has not got in touch with Follower omNode-1@group-523986131536->omNode-2(c-1,m0,n463, attendVote=true, lastRpcSendTime=0, lastRpcResponseTime=107930) yet, just keep nextIndex unchanged and retry.
2022-05-07 13:19:54,831 [grpc-default-executor-3] WARN  server.GrpcLogAppender (LogUtils.java:warn(122)) - omNode-1@group-523986131536->omNode-2-AppendLogResponseHandler: Failed appendEntries: org.apache.ratis.thirdparty.io.grpc.StatusRuntimeException: UNAVAILABLE: io exception
2022-05-07 13:19:54,832 [grpc-default-executor-3] WARN  server.GrpcLogAppender (GrpcLogAppender.java:resetClient(110)) - omNode-1@group-523986131536->omNode-2-GrpcLogAppender: Leader has not got in touch with Follower omNode-1@group-523986131536->omNode-2(c-1,m0,n463, attendVote=true, lastRpcSendTime=1, lastRpcResponseTime=108430) yet, just keep nextIndex unchanged and retry.
2022-05-07 13:19:55,331 [grpc-default-executor-3] WARN  server.GrpcLogAppender (LogUtils.java:warn(122)) - omNode-1@group-523986131536->omNode-2-AppendLogResponseHandler: Failed appendEntries: org.apache.ratis.thirdparty.io.grpc.StatusRuntimeException: UNAVAILABLE: io exception
2022-05-07 13:19:55,331 [grpc-default-executor-3] WARN  server.GrpcLogAppender (GrpcLogAppender.java:resetClient(110)) - omNode-1@group-523986131536->omNode-2-GrpcLogAppender: Leader has not got in touch with Follower omNode-1@group-523986131536->omNode-2(c-1,m0,n463, attendVote=true, lastRpcSendTime=0, lastRpcResponseTime=108930) yet, just keep nextIndex unchanged and retry.
2022-05-07 13:19:55,831 [grpc-default-executor-0] WARN  server.GrpcLogAppender (LogUtils.java:warn(122)) - omNode-1@group-523986131536->omNode-2-AppendLogResponseHandler: Failed appendEntries: org.apache.ratis.thirdparty.io.grpc.StatusRuntimeException: UNAVAILABLE: io exception
2022-05-07 13:19:55,832 [grpc-default-executor-0] WARN  server.GrpcLogAppender (GrpcLogAppender.java:resetClient(110)) - omNode-1@group-523986131536->omNode-2-GrpcLogAppender: Leader has not got in touch with Follower omNode-1@group-523986131536->omNode-2(c-1,m0,n463, attendVote=true, lastRpcSendTime=0, lastRpcResponseTime=109431) yet, just keep nextIndex unchanged and retry.
2022-05-07 13:19:56,331 [grpc-default-executor-0] WARN  server.GrpcLogAppender (LogUtils.java:warn(122)) - omNode-1@group-523986131536->omNode-2-AppendLogResponseHandler: Failed appendEntries: org.apache.ratis.thirdparty.io.grpc.StatusRuntimeException: UNAVAILABLE: io exception
2022-05-07 13:19:56,332 [grpc-default-executor-0] WARN  server.GrpcLogAppender (GrpcLogAppender.java:resetClient(110)) - omNode-1@group-523986131536->omNode-2-GrpcLogAppender: Leader has not got in touch with Follower omNode-1@group-523986131536->omNode-2(c-1,m0,n463, attendVote=true, lastRpcSendTime=0, lastRpcResponseTime=109931) yet, just keep nextIndex unchanged and retry.
2022-05-07 13:19:56,831 [grpc-default-executor-0] WARN  server.GrpcLogAppender (LogUtils.java:warn(122)) - omNode-1@group-523986131536->omNode-2-AppendLogResponseHandler: Failed appendEntries: org.apache.ratis.thirdparty.io.grpc.StatusRuntimeException: UNAVAILABLE: io exception
2022-05-07 13:19:56,832 [grpc-default-executor-0] WARN  server.GrpcLogAppender (GrpcLogAppender.java:resetClient(110)) - omNode-1@group-523986131536->omNode-2-GrpcLogAppender: Leader has not got in touch with Follower omNode-1@group-523986131536->omNode-2(c-1,m0,n463, attendVote=true, lastRpcSendTime=0, lastRpcResponseTime=110431) yet, just keep nextIndex unchanged and retry.
2022-05-07 13:19:57,331 [grpc-default-executor-0] WARN  server.GrpcLogAppender (LogUtils.java:warn(122)) - omNode-1@group-523986131536->omNode-2-AppendLogResponseHandler: Failed appendEntries: org.apache.ratis.thirdparty.io.grpc.StatusRuntimeException: UNAVAILABLE: io exception
2022-05-07 13:19:57,332 [grpc-default-executor-0] WARN  server.GrpcLogAppender (GrpcLogAppender.java:resetClient(110)) - omNode-1@group-523986131536->omNode-2-GrpcLogAppender: Leader has not got in touch with Follower omNode-1@group-523986131536->omNode-2(c-1,m0,n463, attendVote=true, lastRpcSendTime=0, lastRpcResponseTime=110931) yet, just keep nextIndex unchanged and retry.
2022-05-07 13:19:57,832 [grpc-default-executor-0] WARN  server.GrpcLogAppender (LogUtils.java:warn(122)) - omNode-1@group-523986131536->omNode-2-AppendLogResponseHandler: Failed appendEntries: org.apache.ratis.thirdparty.io.grpc.StatusRuntimeException: UNAVAILABLE: io exception
2022-05-07 13:19:57,832 [grpc-default-executor-0] WARN  server.GrpcLogAppender (GrpcLogAppender.java:resetClient(110)) - omNode-1@group-523986131536->omNode-2-GrpcLogAppender: Leader has not got in touch with Follower omNode-1@group-523986131536->omNode-2(c-1,m0,n463, attendVote=true, lastRpcSendTime=0, lastRpcResponseTime=111431) yet, just keep nextIndex unchanged and retry.
2022-05-07 13:19:58,332 [grpc-default-executor-3] WARN  server.GrpcLogAppender (LogUtils.java:warn(122)) - omNode-1@group-523986131536->omNode-2-AppendLogResponseHandler: Failed appendEntries: org.apache.ratis.thirdparty.io.grpc.StatusRuntimeException: UNAVAILABLE: io exception
2022-05-07 13:19:58,333 [grpc-default-executor-3] WARN  server.GrpcLogAppender (GrpcLogAppender.java:resetClient(110)) - omNode-1@group-523986131536->omNode-2-GrpcLogAppender: Leader has not got in touch with Follower omNode-1@group-523986131536->omNode-2(c-1,m0,n463, attendVote=true, lastRpcSendTime=0, lastRpcResponseTime=111931) yet, just keep nextIndex unchanged and retry.
2022-05-07 13:19:58,832 [grpc-default-executor-3] WARN  server.GrpcLogAppender (LogUtils.java:warn(122)) - omNode-1@group-523986131536->omNode-2-AppendLogResponseHandler: Failed appendEntries: org.apache.ratis.thirdparty.io.grpc.StatusRuntimeException: UNAVAILABLE: io exception
2022-05-07 13:19:58,833 [grpc-default-executor-3] WARN  server.GrpcLogAppender (GrpcLogAppender.java:resetClient(110)) - omNode-1@group-523986131536->omNode-2-GrpcLogAppender: Leader has not got in touch with Follower omNode-1@group-523986131536->omNode-2(c-1,m0,n463, attendVote=true, lastRpcSendTime=1, lastRpcResponseTime=112432) yet, just keep nextIndex unchanged and retry.
2022-05-07 13:19:59,332 [grpc-default-executor-3] WARN  server.GrpcLogAppender (LogUtils.java:warn(122)) - omNode-1@group-523986131536->omNode-2-AppendLogResponseHandler: Failed appendEntries: org.apache.ratis.thirdparty.io.grpc.StatusRuntimeException: UNAVAILABLE: io exception
2022-05-07 13:19:59,333 [grpc-default-executor-3] WARN  server.GrpcLogAppender (GrpcLogAppender.java:resetClient(110)) - omNode-1@group-523986131536->omNode-2-GrpcLogAppender: Leader has not got in touch with Follower omNode-1@group-523986131536->omNode-2(c-1,m0,n463, attendVote=true, lastRpcSendTime=0, lastRpcResponseTime=112932) yet, just keep nextIndex unchanged and retry.
2022-05-07 13:19:59,833 [grpc-default-executor-3] WARN  server.GrpcLogAppender (LogUtils.java:warn(122)) - omNode-1@group-523986131536->omNode-2-AppendLogResponseHandler: Failed appendEntries: org.apache.ratis.thirdparty.io.grpc.StatusRuntimeException: UNAVAILABLE: io exception
2022-05-07 13:19:59,833 [grpc-default-executor-3] WARN  server.GrpcLogAppender (GrpcLogAppender.java:resetClient(110)) - omNode-1@group-523986131536->omNode-2-GrpcLogAppender: Leader has not got in touch with Follower omNode-1@group-523986131536->omNode-2(c-1,m0,n463, attendVote=true, lastRpcSendTime=1, lastRpcResponseTime=113432) yet, just keep nextIndex unchanged and retry.
2022-05-07 13:20:00,333 [grpc-default-executor-3] WARN  server.GrpcLogAppender (LogUtils.java:warn(122)) - omNode-1@group-523986131536->omNode-2-AppendLogResponseHandler: Failed appendEntries: org.apache.ratis.thirdparty.io.grpc.StatusRuntimeException: UNAVAILABLE: io exception
2022-05-07 13:20:00,333 [grpc-default-executor-3] WARN  server.GrpcLogAppender (GrpcLogAppender.java:resetClient(110)) - omNode-1@group-523986131536->omNode-2-GrpcLogAppender: Leader has not got in touch with Follower omNode-1@group-523986131536->omNode-2(c-1,m0,n463, attendVote=true, lastRpcSendTime=0, lastRpcResponseTime=113932) yet, just keep nextIndex unchanged and retry.
2022-05-07 13:20:00,833 [grpc-default-executor-0] WARN  server.GrpcLogAppender (LogUtils.java:warn(122)) - omNode-1@group-523986131536->omNode-2-AppendLogResponseHandler: Failed appendEntries: org.apache.ratis.thirdparty.io.grpc.StatusRuntimeException: UNAVAILABLE: io exception
2022-05-07 13:20:00,834 [grpc-default-executor-0] WARN  server.GrpcLogAppender (GrpcLogAppender.java:resetClient(110)) - omNode-1@group-523986131536->omNode-2-GrpcLogAppender: Leader has not got in touch with Follower omNode-1@group-523986131536->omNode-2(c-1,m0,n463, attendVote=true, lastRpcSendTime=0, lastRpcResponseTime=114433) yet, just keep nextIndex unchanged and retry.
2022-05-07 13:20:01,333 [grpc-default-executor-0] WARN  server.GrpcLogAppender (LogUtils.java:warn(122)) - omNode-1@group-523986131536->omNode-2-AppendLogResponseHandler: Failed appendEntries: org.apache.ratis.thirdparty.io.grpc.StatusRuntimeException: UNAVAILABLE: io exception
2022-05-07 13:20:01,334 [grpc-default-executor-0] WARN  server.GrpcLogAppender (GrpcLogAppender.java:resetClient(110)) - omNode-1@group-523986131536->omNode-2-GrpcLogAppender: Leader has not got in touch with Follower omNode-1@group-523986131536->omNode-2(c-1,m0,n463, attendVote=true, lastRpcSendTime=0, lastRpcResponseTime=114933) yet, just keep nextIndex unchanged and retry.
2022-05-07 13:20:01,833 [grpc-default-executor-0] WARN  server.GrpcLogAppender (LogUtils.java:warn(122)) - omNode-1@group-523986131536->omNode-2-AppendLogResponseHandler: Failed appendEntries: org.apache.ratis.thirdparty.io.grpc.StatusRuntimeException: UNAVAILABLE: io exception
2022-05-07 13:20:01,834 [grpc-default-executor-0] WARN  server.GrpcLogAppender (GrpcLogAppender.java:resetClient(110)) - omNode-1@group-523986131536->omNode-2-GrpcLogAppender: Leader has not got in touch with Follower omNode-1@group-523986131536->omNode-2(c-1,m0,n463, attendVote=true, lastRpcSendTime=0, lastRpcResponseTime=115433) yet, just keep nextIndex unchanged and retry.
2022-05-07 13:20:02,334 [grpc-default-executor-0] WARN  server.GrpcLogAppender (LogUtils.java:warn(122)) - omNode-1@group-523986131536->omNode-2-AppendLogResponseHandler: Failed appendEntries: org.apache.ratis.thirdparty.io.grpc.StatusRuntimeException: UNAVAILABLE: io exception
2022-05-07 13:20:02,334 [grpc-default-executor-0] WARN  server.GrpcLogAppender (GrpcLogAppender.java:resetClient(110)) - omNode-1@group-523986131536->omNode-2-GrpcLogAppender: Leader has not got in touch with Follower omNode-1@group-523986131536->omNode-2(c-1,m0,n463, attendVote=true, lastRpcSendTime=0, lastRpcResponseTime=115933) yet, just keep nextIndex unchanged and retry.
2022-05-07 13:20:02,834 [grpc-default-executor-0] WARN  server.GrpcLogAppender (LogUtils.java:warn(122)) - omNode-1@group-523986131536->omNode-2-AppendLogResponseHandler: Failed appendEntries: org.apache.ratis.thirdparty.io.grpc.StatusRuntimeException: UNAVAILABLE: io exception
2022-05-07 13:20:02,834 [grpc-default-executor-0] WARN  server.GrpcLogAppender (GrpcLogAppender.java:resetClient(110)) - omNode-1@group-523986131536->omNode-2-GrpcLogAppender: Leader has not got in touch with Follower omNode-1@group-523986131536->omNode-2(c-1,m0,n463, attendVote=true, lastRpcSendTime=0, lastRpcResponseTime=116433) yet, just keep nextIndex unchanged and retry.
2022-05-07 13:20:03,334 [grpc-default-executor-3] WARN  server.GrpcLogAppender (LogUtils.java:warn(122)) - omNode-1@group-523986131536->omNode-2-AppendLogResponseHandler: Failed appendEntries: org.apache.ratis.thirdparty.io.grpc.StatusRuntimeException: UNAVAILABLE: io exception
2022-05-07 13:20:03,335 [grpc-default-executor-3] WARN  server.GrpcLogAppender (GrpcLogAppender.java:resetClient(110)) - omNode-1@group-523986131536->omNode-2-GrpcLogAppender: Leader has not got in touch with Follower omNode-1@group-523986131536->omNode-2(c-1,m0,n463, attendVote=true, lastRpcSendTime=0, lastRpcResponseTime=116934) yet, just keep nextIndex unchanged and retry.
2022-05-07 13:20:03,834 [grpc-default-executor-3] WARN  server.GrpcLogAppender (LogUtils.java:warn(122)) - omNode-1@group-523986131536->omNode-2-AppendLogResponseHandler: Failed appendEntries: org.apache.ratis.thirdparty.io.grpc.StatusRuntimeException: UNAVAILABLE: io exception
2022-05-07 13:20:03,835 [grpc-default-executor-3] WARN  server.GrpcLogAppender (GrpcLogAppender.java:resetClient(110)) - omNode-1@group-523986131536->omNode-2-GrpcLogAppender: Leader has not got in touch with Follower omNode-1@group-523986131536->omNode-2(c-1,m0,n463, attendVote=true, lastRpcSendTime=0, lastRpcResponseTime=117434) yet, just keep nextIndex unchanged and retry.
2022-05-07 13:20:04,334 [grpc-default-executor-3] WARN  server.GrpcLogAppender (LogUtils.java:warn(122)) - omNode-1@group-523986131536->omNode-2-AppendLogResponseHandler: Failed appendEntries: org.apache.ratis.thirdparty.io.grpc.StatusRuntimeException: UNAVAILABLE: io exception
2022-05-07 13:20:04,335 [grpc-default-executor-3] WARN  server.GrpcLogAppender (GrpcLogAppender.java:resetClient(110)) - omNode-1@group-523986131536->omNode-2-GrpcLogAppender: Leader has not got in touch with Follower omNode-1@group-523986131536->omNode-2(c-1,m0,n463, attendVote=true, lastRpcSendTime=0, lastRpcResponseTime=117934) yet, just keep nextIndex unchanged and retry.
2022-05-07 13:20:04,835 [grpc-default-executor-3] WARN  server.GrpcLogAppender (LogUtils.java:warn(122)) - omNode-1@group-523986131536->omNode-2-AppendLogResponseHandler: Failed appendEntries: org.apache.ratis.thirdparty.io.grpc.StatusRuntimeException: UNAVAILABLE: io exception
2022-05-07 13:20:04,835 [grpc-default-executor-3] WARN  server.GrpcLogAppender (GrpcLogAppender.java:resetClient(110)) - omNode-1@group-523986131536->omNode-2-GrpcLogAppender: Leader has not got in touch with Follower omNode-1@group-523986131536->omNode-2(c-1,m0,n463, attendVote=true, lastRpcSendTime=0, lastRpcResponseTime=118434) yet, just keep nextIndex unchanged and retry.
2022-05-07 13:20:05,335 [grpc-default-executor-3] WARN  server.GrpcLogAppender (LogUtils.java:warn(122)) - omNode-1@group-523986131536->omNode-2-AppendLogResponseHandler: Failed appendEntries: org.apache.ratis.thirdparty.io.grpc.StatusRuntimeException: UNAVAILABLE: io exception
2022-05-07 13:20:05,336 [grpc-default-executor-3] WARN  server.GrpcLogAppender (GrpcLogAppender.java:resetClient(110)) - omNode-1@group-523986131536->omNode-2-GrpcLogAppender: Leader has not got in touch with Follower omNode-1@group-523986131536->omNode-2(c-1,m0,n463, attendVote=true, lastRpcSendTime=0, lastRpcResponseTime=118934) yet, just keep nextIndex unchanged and retry.
2022-05-07 13:20:05,835 [grpc-default-executor-3] WARN  server.GrpcLogAppender (LogUtils.java:warn(122)) - omNode-1@group-523986131536->omNode-2-AppendLogResponseHandler: Failed appendEntries: org.apache.ratis.thirdparty.io.grpc.StatusRuntimeException: UNAVAILABLE: io exception
2022-05-07 13:20:05,836 [grpc-default-executor-3] WARN  server.GrpcLogAppender (GrpcLogAppender.java:resetClient(110)) - omNode-1@group-523986131536->omNode-2-GrpcLogAppender: Leader has not got in touch with Follower omNode-1@group-523986131536->omNode-2(c-1,m0,n463, attendVote=true, lastRpcSendTime=0, lastRpcResponseTime=119434) yet, just keep nextIndex unchanged and retry.
2022-05-07 13:20:06,336 [grpc-default-executor-3] WARN  server.GrpcLogAppender (LogUtils.java:warn(122)) - omNode-1@group-523986131536->omNode-2-AppendLogResponseHandler: Failed appendEntries: org.apache.ratis.thirdparty.io.grpc.StatusRuntimeException: UNAVAILABLE: io exception
2022-05-07 13:20:06,337 [grpc-default-executor-3] WARN  server.GrpcLogAppender (GrpcLogAppender.java:resetClient(110)) - omNode-1@group-523986131536->omNode-2-GrpcLogAppender: Leader has not got in touch with Follower omNode-1@group-523986131536->omNode-2(c-1,m0,n463, attendVote=true, lastRpcSendTime=501, lastRpcResponseTime=119936) yet, just keep nextIndex unchanged and retry.
2022-05-07 13:20:06,838 [grpc-default-executor-3] WARN  server.GrpcLogAppender (LogUtils.java:warn(122)) - omNode-1@group-523986131536->omNode-2-AppendLogResponseHandler: Failed appendEntries: org.apache.ratis.thirdparty.io.grpc.StatusRuntimeException: UNAVAILABLE: io exception
2022-05-07 13:20:06,839 [grpc-default-executor-3] WARN  server.GrpcLogAppender (GrpcLogAppender.java:resetClient(110)) - omNode-1@group-523986131536->omNode-2-GrpcLogAppender: Leader has not got in touch with Follower omNode-1@group-523986131536->omNode-2(c-1,m0,n463, attendVote=true, lastRpcSendTime=0, lastRpcResponseTime=120438) yet, just keep nextIndex unchanged and retry.
2022-05-07 13:20:07,338 [grpc-default-executor-3] WARN  server.GrpcLogAppender (LogUtils.java:warn(122)) - omNode-1@group-523986131536->omNode-2-AppendLogResponseHandler: Failed appendEntries: org.apache.ratis.thirdparty.io.grpc.StatusRuntimeException: UNAVAILABLE: io exception
2022-05-07 13:20:07,339 [grpc-default-executor-3] WARN  server.GrpcLogAppender (GrpcLogAppender.java:resetClient(110)) - omNode-1@group-523986131536->omNode-2-GrpcLogAppender: Leader has not got in touch with Follower omNode-1@group-523986131536->omNode-2(c-1,m0,n463, attendVote=true, lastRpcSendTime=0, lastRpcResponseTime=120938) yet, just keep nextIndex unchanged and retry.
2022-05-07 13:20:07,838 [grpc-default-executor-3] WARN  server.GrpcLogAppender (LogUtils.java:warn(122)) - omNode-1@group-523986131536->omNode-2-AppendLogResponseHandler: Failed appendEntries: org.apache.ratis.thirdparty.io.grpc.StatusRuntimeException: UNAVAILABLE: io exception
2022-05-07 13:20:07,839 [grpc-default-executor-3] WARN  server.GrpcLogAppender (GrpcLogAppender.java:resetClient(110)) - omNode-1@group-523986131536->omNode-2-GrpcLogAppender: Leader has not got in touch with Follower omNode-1@group-523986131536->omNode-2(c-1,m0,n463, attendVote=true, lastRpcSendTime=0, lastRpcResponseTime=121438) yet, just keep nextIndex unchanged and retry.
2022-05-07 13:20:08,339 [grpc-default-executor-0] WARN  server.GrpcLogAppender (LogUtils.java:warn(122)) - omNode-1@group-523986131536->omNode-2-AppendLogResponseHandler: Failed appendEntries: org.apache.ratis.thirdparty.io.grpc.StatusRuntimeException: UNAVAILABLE: io exception
2022-05-07 13:20:08,339 [grpc-default-executor-0] WARN  server.GrpcLogAppender (GrpcLogAppender.java:resetClient(110)) - omNode-1@group-523986131536->omNode-2-GrpcLogAppender: Leader has not got in touch with Follower omNode-1@group-523986131536->omNode-2(c-1,m0,n463, attendVote=true, lastRpcSendTime=0, lastRpcResponseTime=121938) yet, just keep nextIndex unchanged and retry.
2022-05-07 13:20:08,839 [grpc-default-executor-0] WARN  server.GrpcLogAppender (LogUtils.java:warn(122)) - omNode-1@group-523986131536->omNode-2-AppendLogResponseHandler: Failed appendEntries: org.apache.ratis.thirdparty.io.grpc.StatusRuntimeException: UNAVAILABLE: io exception
2022-05-07 13:20:08,840 [grpc-default-executor-0] WARN  server.GrpcLogAppender (GrpcLogAppender.java:resetClient(110)) - omNode-1@group-523986131536->omNode-2-GrpcLogAppender: Leader has not got in touch with Follower omNode-1@group-523986131536->omNode-2(c-1,m0,n463, attendVote=true, lastRpcSendTime=1, lastRpcResponseTime=122439) yet, just keep nextIndex unchanged and retry.
2022-05-07 13:20:09,276 [OM StateMachine ApplyTransaction Thread - 0] ERROR upgrade.OMPrepareRequest (OMPrepareRequest.java:validateAndUpdateCache(131)) - Prepare Request Apply failed in omNode-3. 
java.io.IOException: After waiting for 120 seconds, Ratis state machine applied index 461 which is less than the minimum required index 462.
	at org.apache.hadoop.ozone.om.request.upgrade.OMPrepareRequest.waitForLogIndex(OMPrepareRequest.java:209)
	at org.apache.hadoop.ozone.om.request.upgrade.OMPrepareRequest.validateAndUpdateCache(OMPrepareRequest.java:111)
	at org.apache.hadoop.ozone.protocolPB.OzoneManagerRequestHandler.handleWriteRequest(OzoneManagerRequestHandler.java:254)
	at org.apache.hadoop.ozone.om.ratis.OzoneManagerStateMachine.runCommand(OzoneManagerStateMachine.java:524)
	at org.apache.hadoop.ozone.om.ratis.OzoneManagerStateMachine.lambda$1(OzoneManagerStateMachine.java:319)
	at java.util.concurrent.CompletableFuture$AsyncSupply.run(CompletableFuture.java:1604)
	at java.util.concurrent.ThreadPoolExecutor.runWorker(ThreadPoolExecutor.java:1149)
	at java.util.concurrent.ThreadPoolExecutor$Worker.run(ThreadPoolExecutor.java:624)
	at java.lang.Thread.run(Thread.java:750)
2022-05-07 13:20:09,277 [OM StateMachine ApplyTransaction Thread - 0] ERROR upgrade.OMPrepareRequest (OMPrepareRequest.java:validateAndUpdateCache(131)) - Prepare Request Apply failed in omNode-1. 
java.io.IOException: After waiting for 120 seconds, Ratis state machine applied index 461 which is less than the minimum required index 462.
	at org.apache.hadoop.ozone.om.request.upgrade.OMPrepareRequest.waitForLogIndex(OMPrepareRequest.java:209)
	at org.apache.hadoop.ozone.om.request.upgrade.OMPrepareRequest.validateAndUpdateCache(OMPrepareRequest.java:111)
	at org.apache.hadoop.ozone.protocolPB.OzoneManagerRequestHandler.handleWriteRequest(OzoneManagerRequestHandler.java:254)
	at org.apache.hadoop.ozone.om.ratis.OzoneManagerStateMachine.runCommand(OzoneManagerStateMachine.java:524)
	at org.apache.hadoop.ozone.om.ratis.OzoneManagerStateMachine.lambda$1(OzoneManagerStateMachine.java:319)
	at java.util.concurrent.CompletableFuture$AsyncSupply.run(CompletableFuture.java:1604)
	at java.util.concurrent.ThreadPoolExecutor.runWorker(ThreadPoolExecutor.java:1149)
	at java.util.concurrent.ThreadPoolExecutor$Worker.run(ThreadPoolExecutor.java:624)
	at java.lang.Thread.run(Thread.java:750)
2022-05-07 13:20:09,277 [omNode-3@group-523986131536-StateMachineUpdater] INFO  ratis.OzoneManagerStateMachine (OzoneManagerStateMachine.java:takeSnapshot(436)) - Current Snapshot Index (t:6, i:461)
2022-05-07 13:20:09,277 [omNode-3@group-523986131536-StateMachineUpdater] INFO  impl.StateMachineUpdater (StateMachineUpdater.java:takeSnapshot(281)) - omNode-3@group-523986131536-StateMachineUpdater: Took a snapshot at index 461
2022-05-07 13:20:09,277 [omNode-3@group-523986131536-StateMachineUpdater] INFO  impl.StateMachineUpdater (StateMachineUpdater.java:lambda$new$0(89)) - omNode-3@group-523986131536-StateMachineUpdater: snapshotIndex: updateIncreasingly 411 -> 461
2022-05-07 13:20:09,277 [omNode-3@group-523986131536-StateMachineUpdater] INFO  raftlog.RaftLog (RaftLogBase.java:purge(306)) - omNode-3@group-523986131536-SegmentedRaftLog: purge 461
2022-05-07 13:20:09,278 [omNode-3@group-523986131536-StateMachineUpdater] INFO  raftlog.RaftLog (RaftLogBase.java:lambda$new$0(53)) - omNode-3@group-523986131536-SegmentedRaftLog: snapshotIndex: updateIncreasingly 411 -> 461
2022-05-07 13:20:09,278 [omNode-1@group-523986131536-StateMachineUpdater] INFO  ratis.OzoneManagerStateMachine (OzoneManagerStateMachine.java:takeSnapshot(436)) - Current Snapshot Index (t:6, i:461)
2022-05-07 13:20:09,278 [omNode-1@group-523986131536-StateMachineUpdater] INFO  impl.StateMachineUpdater (StateMachineUpdater.java:takeSnapshot(281)) - omNode-1@group-523986131536-StateMachineUpdater: Took a snapshot at index 461
2022-05-07 13:20:09,278 [omNode-1@group-523986131536-StateMachineUpdater] INFO  impl.StateMachineUpdater (StateMachineUpdater.java:lambda$new$0(89)) - omNode-1@group-523986131536-StateMachineUpdater: snapshotIndex: updateIncreasingly 411 -> 461
2022-05-07 13:20:09,278 [omNode-1@group-523986131536-StateMachineUpdater] INFO  raftlog.RaftLog (RaftLogBase.java:purge(306)) - omNode-1@group-523986131536-SegmentedRaftLog: purge 461
2022-05-07 13:20:09,278 [omNode-1@group-523986131536-StateMachineUpdater] INFO  raftlog.RaftLog (RaftLogBase.java:lambda$new$0(53)) - omNode-1@group-523986131536-SegmentedRaftLog: snapshotIndex: updateIncreasingly 411 -> 461
2022-05-07 13:20:09,278 [omNode-3@group-523986131536-SegmentedRaftLogWorker] INFO  raftlog.RaftLog (RaftLogBase.java:lambda$new$0(53)) - omNode-3@group-523986131536-SegmentedRaftLog: purgeIndex: updateToMax old=362, new=414, updated? true
2022-05-07 13:20:09,279 [omNode-1@group-523986131536-SegmentedRaftLogWorker] INFO  raftlog.RaftLog (RaftLogBase.java:lambda$new$0(53)) - omNode-1@group-523986131536-SegmentedRaftLog: purgeIndex: updateToMax old=362, new=414, updated? true
2022-05-07 13:20:09,288 [Listener at localhost/32839] INFO  om.OzoneManager (OzoneManager.java:stop(1950)) - omNode-3[localhost:42699]: Stopping Ozone Manager
2022-05-07 13:20:09,288 [Listener at localhost/32839] INFO  ipc.Server (Server.java:stop(3414)) - Stopping server on 42699
2022-05-07 13:20:09,301 [IPC Server listener on 42699] INFO  ipc.Server (Server.java:run(1376)) - Stopping IPC Server listener on 42699
2022-05-07 13:20:09,302 [IPC Server Responder] INFO  ipc.Server (Server.java:run(1512)) - Stopping IPC Server Responder
2022-05-07 13:20:09,303 [Listener at localhost/32839] INFO  server.RaftServer (RaftServerProxy.java:lambda$close$6(391)) - omNode-3: close
2022-05-07 13:20:09,303 [Listener at localhost/32839] INFO  server.RaftServer$Division (RaftServerImpl.java:lambda$close$4(412)) - omNode-3@group-523986131536: shutdown
2022-05-07 13:20:09,303 [Listener at localhost/32839] INFO  util.JmxRegister (JmxRegister.java:unregister(73)) - Successfully un-registered JMX Bean with object name Ratis:service=RaftServer,group=group-523986131536,id=omNode-3
2022-05-07 13:20:09,304 [Listener at localhost/32839] INFO  impl.RoleInfo (RoleInfo.java:shutdownFollowerState(108)) - omNode-3: shutdown omNode-3@group-523986131536-FollowerState
2022-05-07 13:20:09,304 [omNode-3@group-523986131536-FollowerState] INFO  impl.FollowerState (FollowerState.java:run(143)) - omNode-3@group-523986131536-FollowerState was interrupted: {}
java.lang.InterruptedException: sleep interrupted
	at java.lang.Thread.sleep(Native Method)
	at java.lang.Thread.sleep(Thread.java:342)
	at java.util.concurrent.TimeUnit.sleep(TimeUnit.java:386)
	at org.apache.ratis.util.TimeDuration.sleep(TimeDuration.java:324)
	at org.apache.ratis.util.TimeDuration.sleep(TimeDuration.java:309)
	at org.apache.ratis.server.impl.FollowerState.run(FollowerState.java:118)
2022-05-07 13:20:09,304 [omNode-3@group-523986131536-StateMachineUpdater] INFO  ratis.OzoneManagerStateMachine (OzoneManagerStateMachine.java:takeSnapshot(436)) - Current Snapshot Index (t:6, i:462)
2022-05-07 13:20:09,304 [omNode-3@group-523986131536-StateMachineUpdater] INFO  impl.StateMachineUpdater (StateMachineUpdater.java:takeSnapshot(281)) - omNode-3@group-523986131536-StateMachineUpdater: Took a snapshot at index 462
2022-05-07 13:20:09,304 [omNode-3@group-523986131536-StateMachineUpdater] INFO  impl.StateMachineUpdater (StateMachineUpdater.java:lambda$new$0(89)) - omNode-3@group-523986131536-StateMachineUpdater: snapshotIndex: updateIncreasingly 461 -> 462
2022-05-07 13:20:09,305 [omNode-3@group-523986131536-StateMachineUpdater] INFO  ratis.OzoneManagerStateMachine (OzoneManagerStateMachine.java:close(490)) - StateMachine has shutdown. Shutdown OzoneManager if not already shutdown.
2022-05-07 13:20:09,305 [omNode-3@group-523986131536-StateMachineUpdater] INFO  ratis.OzoneManagerDoubleBuffer (OzoneManagerDoubleBuffer.java:stop(465)) - Stopping OMDoubleBuffer flush thread
2022-05-07 13:20:09,305 [Listener at localhost/32839] INFO  impl.StateMachineUpdater (StateMachineUpdater.java:stopAndJoin(149)) - omNode-3@group-523986131536-StateMachineUpdater: set stopIndex = 462
2022-05-07 13:20:09,305 [OMDoubleBufferFlushThread] INFO  ratis.OzoneManagerDoubleBuffer (OzoneManagerDoubleBuffer.java:flushTransactions(385)) - OMDoubleBuffer flush thread OMDoubleBufferFlushThread is interrupted and will exit.
2022-05-07 13:20:09,307 [Listener at localhost/32839] INFO  server.RaftServer$Division (ServerState.java:close(419)) - omNode-3@group-523986131536: closes. applyIndex: 462
2022-05-07 13:20:09,307 [omNode-3@group-523986131536-SegmentedRaftLogWorker] INFO  segmented.SegmentedRaftLogWorker (SegmentedRaftLogWorker.java:run(327)) - omNode-3@group-523986131536-SegmentedRaftLogWorker was interrupted, exiting. There are 0 tasks remaining in the queue.
2022-05-07 13:20:09,309 [Listener at localhost/32839] INFO  segmented.SegmentedRaftLogWorker (SegmentedRaftLogWorker.java:close(237)) - omNode-3@group-523986131536-SegmentedRaftLogWorker close()
2022-05-07 13:20:09,311 [Listener at localhost/32839] INFO  server.GrpcService (GrpcService.java:closeImpl(262)) - omNode-3: shutdown server with port 42517 now
2022-05-07 13:20:09,316 [grpc-default-executor-3] WARN  server.GrpcServerProtocolService (LogUtils.java:warn(122)) - omNode-3: installSnapshot onError, lastRequest: omNode-1->omNode-3#161-t6,previous=(t:6, i:461),leaderCommit=461,initializing? true,entries: size=1, first=(t:6, i:462), METADATAENTRY(c:461): org.apache.ratis.thirdparty.io.grpc.StatusRuntimeException: CANCELLED: client cancelled
2022-05-07 13:20:09,317 [grpc-default-executor-0] WARN  server.GrpcLogAppender (LogUtils.java:warn(122)) - omNode-1@group-523986131536->omNode-3-AppendLogResponseHandler: Failed appendEntries: org.apache.ratis.thirdparty.io.grpc.StatusRuntimeException: CANCELLED: HTTP/2 error code: CANCEL
Received Rst Stream
2022-05-07 13:20:09,317 [grpc-default-executor-0] INFO  leader.FollowerInfo (FollowerInfoImpl.java:lambda$new$0(47)) - omNode-1@group-523986131536->omNode-3: nextIndex: updateUnconditionally 463 -> 462
2022-05-07 13:20:09,322 [Listener at localhost/32839] INFO  server.GrpcService (GrpcService.java:closeImpl(271)) - omNode-3: shutdown server with port 42517 successfully
2022-05-07 13:20:09,329 [org.apache.ratis.util.JvmPauseMonitor$$Lambda$643/311596227@3592e216] INFO  util.JvmPauseMonitor (JvmPauseMonitor.java:run(109)) - JvmPauseMonitor-omNode-3: Stopped
2022-05-07 13:20:09,329 [Listener at localhost/32839] INFO  ratis.OzoneManagerStateMachine (OzoneManagerStateMachine.java:close(490)) - StateMachine has shutdown. Shutdown OzoneManager if not already shutdown.
2022-05-07 13:20:09,329 [Listener at localhost/32839] INFO  ratis.OzoneManagerDoubleBuffer (OzoneManagerDoubleBuffer.java:stop(477)) - OMDoubleBuffer flush thread is not running.
2022-05-07 13:20:09,330 [Listener at localhost/32839] INFO  handler.ContextHandler (ContextHandler.java:doStop(1153)) - Stopped o.e.j.w.WebAppContext@78b632b9{ozoneManager,/,null,STOPPED}{file:/home/runner/work/ozone/ozone/hadoop-ozone/integration-test/target/test-classes/webapps/ozoneManager}
2022-05-07 13:20:09,333 [grpc-default-executor-4] WARN  server.GrpcLogAppender (LogUtils.java:warn(122)) - omNode-1@group-523986131536->omNode-3-AppendLogResponseHandler: Failed appendEntries: org.apache.ratis.thirdparty.io.grpc.StatusRuntimeException: UNAVAILABLE: io exception
2022-05-07 13:20:09,333 [Listener at localhost/32839] INFO  server.AbstractConnector (AbstractConnector.java:doStop(381)) - Stopped ServerConnector@209592d7{HTTP/1.1, (http/1.1)}{0.0.0.0:44153}
2022-05-07 13:20:09,336 [Listener at localhost/32839] INFO  server.session (HouseKeeper.java:stopScavenging(149)) - node0 Stopped scavenging
2022-05-07 13:20:09,336 [Listener at localhost/32839] INFO  handler.ContextHandler (ContextHandler.java:doStop(1153)) - Stopped o.e.j.s.ServletContextHandler@3f372405{static,/static,file:///home/runner/work/ozone/ozone/hadoop-ozone/integration-test/target/test-classes/webapps/static,STOPPED}
2022-05-07 13:20:09,336 [Listener at localhost/32839] INFO  handler.ContextHandler (ContextHandler.java:doStop(1153)) - Stopped o.e.j.s.ServletContextHandler@84b9aec{logs,/logs,file:///home/runner/work/ozone/ozone/hadoop-ozone/integration-test/target/log,STOPPED}
2022-05-07 13:20:09,339 [Listener at localhost/32839] INFO  om.OzoneManager (OzoneManager.java:restart(1487)) - OzoneManager RPC server is listening at localhost/127.0.0.1:42699
2022-05-07 13:20:09,339 [grpc-default-executor-3] WARN  server.GrpcLogAppender (LogUtils.java:warn(122)) - omNode-1@group-523986131536->omNode-2-AppendLogResponseHandler: Failed appendEntries: org.apache.ratis.thirdparty.io.grpc.StatusRuntimeException: UNAVAILABLE: io exception
2022-05-07 13:20:09,340 [grpc-default-executor-3] WARN  server.GrpcLogAppender (GrpcLogAppender.java:resetClient(110)) - omNode-1@group-523986131536->omNode-2-GrpcLogAppender: Leader has not got in touch with Follower omNode-1@group-523986131536->omNode-2(c-1,m0,n463, attendVote=true, lastRpcSendTime=0, lastRpcResponseTime=122938) yet, just keep nextIndex unchanged and retry.
2022-05-07 13:20:09,341 [Listener at localhost/32839] INFO  impl.MetricsSystemImpl (MetricsSystemImpl.java:init(158)) - OzoneManager metrics system started (again)
2022-05-07 13:20:09,347 [grpc-default-executor-4] INFO  leader.FollowerInfo (FollowerInfoImpl.java:lambda$new$0(47)) - omNode-1@group-523986131536->omNode-3: nextIndex: updateUnconditionally 463 -> 462
2022-05-07 13:20:09,361 [Listener at localhost/32839] WARN  server.ServerUtils (ServerUtils.java:getDBPath(225)) - ozone.om.db.dirs is not configured. We recommend adding this setting. Falling back to ozone.metadata.dirs instead.
2022-05-07 13:20:09,364 [Listener at localhost/32839] INFO  codec.OmKeyInfoCodec (OmKeyInfoCodec.java:<init>(49)) - OmKeyInfoCodec ignorePipeline = true
2022-05-07 13:20:09,364 [Listener at localhost/32839] INFO  codec.RepeatedOmKeyInfoCodec (RepeatedOmKeyInfoCodec.java:<init>(41)) - RepeatedOmKeyInfoCodec ignorePipeline = true
2022-05-07 13:20:09,426 [Listener at localhost/32839] WARN  impl.MetricRegistriesImpl (MetricRegistriesImpl.java:addReporterRegistration(111)) - New reporters are added after registries were created. Some metrics will be missing from the reporter. Please add reporter before adding any new registry.
2022-05-07 13:20:09,426 [Listener at localhost/32839] WARN  impl.MetricRegistriesImpl (MetricRegistriesImpl.java:addReporterRegistration(111)) - New reporters are added after registries were created. Some metrics will be missing from the reporter. Please add reporter before adding any new registry.
2022-05-07 13:20:09,426 [Listener at localhost/32839] WARN  server.ServerUtils (ServerUtils.java:getDefaultRatisDirectory(237)) - Storage directory for Ratis is not configured. It is a good idea to map this to an SSD disk. Falling back to ozone.metadata.dirs
2022-05-07 13:20:09,428 [Listener at localhost/32839] INFO  ratis.OzoneManagerRatisServer (OzoneManagerRatisServer.java:<init>(159)) - Instantiating OM Ratis server with groupID: om-service-test1 and peers: localhost:42517, localhost:46667, localhost:35089
2022-05-07 13:20:09,428 [Listener at localhost/32839] INFO  ratis.OzoneManagerStateMachine (OzoneManagerStateMachine.java:loadSnapshotInfoFromDB(627)) - LastAppliedIndex is set from TransactionInfo from OM DB as (t:6, i:462)
2022-05-07 13:20:09,433 [Listener at localhost/32839] INFO  server.RaftServer (ConfUtils.java:logGet(44)) - raft.rpc.type = GRPC (default)
2022-05-07 13:20:09,433 [Listener at localhost/32839] INFO  grpc.GrpcFactory (GrpcFactory.java:checkPooledByteBufAllocatorUseCacheForAllThreads(48)) - PERFORMANCE WARNING: useCacheForAllThreads is true that may cause Netty to create a lot garbage objects and, as a result, trigger GC.
	It is recommended to disable useCacheForAllThreads by setting -Dorg.apache.ratis.thirdparty.io.netty.allocator.useCacheForAllThreads=false in command line.
2022-05-07 13:20:09,433 [Listener at localhost/32839] INFO  grpc.GrpcConfigKeys (ConfUtils.java:logGet(44)) - raft.grpc.admin.port = -1 (default)
2022-05-07 13:20:09,433 [Listener at localhost/32839] INFO  grpc.GrpcConfigKeys (ConfUtils.java:logGet(44)) - raft.grpc.server.port = 42517 (custom)
2022-05-07 13:20:09,433 [Listener at localhost/32839] INFO  grpc.GrpcConfigKeys (ConfUtils.java:logGet(44)) - raft.grpc.client.port = -1 (default)
2022-05-07 13:20:09,434 [Listener at localhost/32839] INFO  grpc.GrpcConfigKeys (ConfUtils.java:logGet(44)) - raft.grpc.server.port = 42517 (custom)
2022-05-07 13:20:09,434 [Listener at localhost/32839] INFO  grpc.GrpcConfigKeys (ConfUtils.java:logGet(44)) - raft.grpc.server.port = 42517 (custom)
2022-05-07 13:20:09,434 [Listener at localhost/32839] INFO  server.GrpcService (ConfUtils.java:logGet(44)) - raft.grpc.message.size.max = 33554432 (custom)
2022-05-07 13:20:09,434 [Listener at localhost/32839] INFO  server.RaftServerConfigKeys (ConfUtils.java:logGet(44)) - raft.server.log.appender.buffer.byte-limit = 33554432 (custom)
2022-05-07 13:20:09,434 [Listener at localhost/32839] INFO  server.GrpcService (ConfUtils.java:logGet(44)) - raft.grpc.flow.control.window = 1MB (=1048576) (default)
2022-05-07 13:20:09,434 [Listener at localhost/32839] INFO  server.RaftServerConfigKeys (ConfUtils.java:logGet(44)) - raft.server.rpc.request.timeout = 3000ms (default)
2022-05-07 13:20:09,436 [Listener at localhost/32839] INFO  impl.DataStreamServerImpl (ConfUtils.java:logGet(44)) - raft.datastream.type = DISABLED (default)
2022-05-07 13:20:09,437 [Listener at localhost/32839] INFO  server.RaftServerConfigKeys (ConfUtils.java:logGet(44)) - raft.server.rpc.slowness.timeout = 2s (custom)
2022-05-07 13:20:09,437 [Listener at localhost/32839] INFO  server.RaftServerConfigKeys (ConfUtils.java:logGet(44)) - raft.server.leaderelection.leader.step-down.wait-time = 10s (default)
2022-05-07 13:20:09,437 [Listener at localhost/32839] INFO  server.RaftServerConfigKeys (ConfUtils.java:logGet(44)) - raft.server.storage.dir = [/home/runner/work/ozone/ozone/hadoop-ozone/integration-test/target/test-dir/MiniOzoneClusterImpl-d5882a6c-7ff2-4adf-97a8-10f223e238e9/omNode-3/ratis] (custom)
2022-05-07 13:20:09,437 [Listener at localhost/32839] INFO  server.RaftServer (RaftServerProxy.java:lambda$null$1(235)) - omNode-3: found a subdirectory /home/runner/work/ozone/ozone/hadoop-ozone/integration-test/target/test-dir/MiniOzoneClusterImpl-d5882a6c-7ff2-4adf-97a8-10f223e238e9/omNode-3/ratis/c9bc4cf4-3bc3-3c60-a66b-523986131536
2022-05-07 13:20:09,438 [Listener at localhost/32839] INFO  server.RaftServer (RaftServerProxy.java:addNew(95)) - omNode-3: addNew group-523986131536:[omNode-3|rpc:localhost:42517|priority:0, omNode-1|rpc:localhost:46667|priority:0, omNode-2|rpc:localhost:35089|priority:0] returns group-523986131536:java.util.concurrent.CompletableFuture@304900e[Not completed]
2022-05-07 13:20:09,438 [Listener at localhost/32839] INFO  om.OzoneManager (OzoneManager.java:initializeRatisServer(1891)) - OzoneManager Ratis server initialized at port 42517
2022-05-07 13:20:09,438 [Listener at localhost/32839] INFO  ratis.OzoneManagerRatisServer (OzoneManagerRatisServer.java:start(554)) - Starting OzoneManagerRatisServer omNode-3 at port 42517
2022-05-07 13:20:09,439 [pool-543-thread-1] INFO  server.RaftServer$Division (RaftServerImpl.java:<init>(184)) - omNode-3: new RaftServerImpl for group-523986131536:[omNode-3|rpc:localhost:42517|priority:0, omNode-1|rpc:localhost:46667|priority:0, omNode-2|rpc:localhost:35089|priority:0] with OzoneManagerStateMachine:uninitialized
2022-05-07 13:20:09,440 [pool-543-thread-1] INFO  server.RaftServerConfigKeys (ConfUtils.java:logGet(44)) - raft.server.rpc.timeout.min = 1s (custom)
2022-05-07 13:20:09,440 [pool-543-thread-1] INFO  server.RaftServerConfigKeys (ConfUtils.java:logGet(44)) - raft.server.rpc.timeout.max = 1200ms (custom)
2022-05-07 13:20:09,440 [pool-543-thread-1] INFO  server.RaftServerConfigKeys (ConfUtils.java:logGet(44)) - raft.server.rpc.sleep.time = 25ms (default)
2022-05-07 13:20:09,441 [pool-543-thread-1] INFO  server.RaftServerConfigKeys (ConfUtils.java:logGet(44)) - raft.server.rpc.slowness.timeout = 2s (custom)
2022-05-07 13:20:09,441 [pool-543-thread-1] INFO  server.RaftServerConfigKeys (ConfUtils.java:logGet(44)) - raft.server.leaderelection.leader.step-down.wait-time = 10s (default)
2022-05-07 13:20:09,441 [pool-543-thread-1] INFO  server.RaftServerConfigKeys (ConfUtils.java:logGet(44)) - raft.server.sleep.deviation.threshold = 300ms (default)
2022-05-07 13:20:09,441 [pool-543-thread-1] INFO  server.RaftServerConfigKeys (ConfUtils.java:logGet(44)) - raft.server.log.appender.install.snapshot.enabled = false (custom)
2022-05-07 13:20:09,441 [pool-543-thread-1] INFO  server.RaftServer$Division (ServerState.java:<init>(105)) - omNode-3@group-523986131536: ConfigurationManager, init=-1: [omNode-3|rpc:localhost:42517|priority:0, omNode-1|rpc:localhost:46667|priority:0, omNode-2|rpc:localhost:35089|priority:0], old=null, confs=<EMPTY_MAP>
2022-05-07 13:20:09,441 [pool-543-thread-1] INFO  server.RaftServerConfigKeys (ConfUtils.java:logGet(44)) - raft.server.storage.dir = [/home/runner/work/ozone/ozone/hadoop-ozone/integration-test/target/test-dir/MiniOzoneClusterImpl-d5882a6c-7ff2-4adf-97a8-10f223e238e9/omNode-3/ratis] (custom)
2022-05-07 13:20:09,441 [pool-543-thread-1] INFO  server.RaftServerConfigKeys (ConfUtils.java:logGet(44)) - raft.server.log.corruption.policy = EXCEPTION (default)
2022-05-07 13:20:09,441 [pool-543-thread-1] INFO  server.RaftServerConfigKeys (ConfUtils.java:logGet(44)) - raft.server.storage.free-space.min = 0MB (=0) (default)
2022-05-07 13:20:09,443 [pool-543-thread-1] INFO  storage.RaftStorageDirectory (RaftStorageDirectoryImpl.java:tryLock(230)) - Lock on /home/runner/work/ozone/ozone/hadoop-ozone/integration-test/target/test-dir/MiniOzoneClusterImpl-d5882a6c-7ff2-4adf-97a8-10f223e238e9/omNode-3/ratis/c9bc4cf4-3bc3-3c60-a66b-523986131536/in_use.lock acquired by nodename 24349@fv-az215-301
2022-05-07 13:20:09,444 [pool-543-thread-1] INFO  storage.RaftStorage (RaftStorageImpl.java:analyzeAndRecoverStorage(110)) - Read RaftStorageMetadata{term=6, votedFor=omNode-1} from /home/runner/work/ozone/ozone/hadoop-ozone/integration-test/target/test-dir/MiniOzoneClusterImpl-d5882a6c-7ff2-4adf-97a8-10f223e238e9/omNode-3/ratis/c9bc4cf4-3bc3-3c60-a66b-523986131536/current/raft-meta
2022-05-07 13:20:09,444 [pool-543-thread-1] INFO  server.RaftServer$Division (ServerState.java:setRaftConf(387)) - omNode-3@group-523986131536: set configuration 415: [omNode-3|rpc:localhost:42517|admin:|client:|dataStream:|priority:0, omNode-1|rpc:localhost:46667|admin:|client:|dataStream:|priority:0, omNode-2|rpc:localhost:35089|admin:|client:|dataStream:|priority:0], old=null
2022-05-07 13:20:09,444 [pool-543-thread-1] INFO  server.RaftServerConfigKeys (ConfUtils.java:logGet(44)) - raft.server.notification.no-leader.timeout = 2s (custom)
2022-05-07 13:20:09,444 [pool-543-thread-1] INFO  server.RaftServerConfigKeys (ConfUtils.java:logGet(44)) - raft.server.log.use.memory = false (default)
2022-05-07 13:20:09,445 [pool-543-thread-1] INFO  server.RaftServerConfigKeys (ConfUtils.java:logGet(44)) - raft.server.log.purge.gap = 50 (custom)
2022-05-07 13:20:09,445 [pool-543-thread-1] INFO  server.RaftServerConfigKeys (ConfUtils.java:logGet(44)) - raft.server.log.appender.buffer.byte-limit = 33554432 (custom)
2022-05-07 13:20:09,445 [pool-543-thread-1] INFO  server.RaftServerConfigKeys (ConfUtils.java:logGet(44)) - raft.server.log.segment.size.max = 4194304 (custom)
2022-05-07 13:20:09,445 [pool-543-thread-1] INFO  server.RaftServerConfigKeys (ConfUtils.java:logGet(44)) - raft.server.log.segment.cache.num.max = 2 (custom)
2022-05-07 13:20:09,445 [pool-543-thread-1] INFO  server.RaftServerConfigKeys (ConfUtils.java:logGet(44)) - raft.server.log.segment.cache.size.max = 200MB (=209715200) (default)
2022-05-07 13:20:09,445 [pool-543-thread-1] INFO  segmented.SegmentedRaftLogWorker (SegmentedRaftLogWorker.java:<init>(182)) - new omNode-3@group-523986131536-SegmentedRaftLogWorker for RaftStorageImpl:Storage Directory /home/runner/work/ozone/ozone/hadoop-ozone/integration-test/target/test-dir/MiniOzoneClusterImpl-d5882a6c-7ff2-4adf-97a8-10f223e238e9/omNode-3/ratis/c9bc4cf4-3bc3-3c60-a66b-523986131536
2022-05-07 13:20:09,445 [pool-543-thread-1] INFO  server.RaftServerConfigKeys (ConfUtils.java:logGet(44)) - raft.server.log.queue.byte-limit = 64MB (=67108864) (default)
2022-05-07 13:20:09,445 [pool-543-thread-1] INFO  server.RaftServerConfigKeys (ConfUtils.java:logGet(44)) - raft.server.log.queue.element-limit = 4096 (default)
2022-05-07 13:20:09,445 [pool-543-thread-1] INFO  server.RaftServerConfigKeys (ConfUtils.java:logGet(44)) - raft.server.log.segment.size.max = 4194304 (custom)
2022-05-07 13:20:09,446 [pool-543-thread-1] INFO  server.RaftServerConfigKeys (ConfUtils.java:logGet(44)) - raft.server.log.preallocated.size = 4194304 (custom)
2022-05-07 13:20:09,446 [pool-543-thread-1] INFO  server.RaftServerConfigKeys (ConfUtils.java:logGet(44)) - raft.server.log.force.sync.num = 128 (default)
2022-05-07 13:20:09,446 [pool-543-thread-1] INFO  server.RaftServerConfigKeys (ConfUtils.java:logGet(44)) - raft.server.log.statemachine.data.sync = true (default)
2022-05-07 13:20:09,446 [pool-543-thread-1] INFO  server.RaftServerConfigKeys (ConfUtils.java:logGet(44)) - raft.server.log.statemachine.data.sync.timeout = 10s (default)
2022-05-07 13:20:09,446 [pool-543-thread-1] INFO  server.RaftServerConfigKeys (ConfUtils.java:logGet(44)) - raft.server.log.statemachine.data.sync.timeout.retry = -1 (default)
2022-05-07 13:20:09,447 [pool-543-thread-1] INFO  server.RaftServerConfigKeys (ConfUtils.java:logGet(44)) - raft.server.log.write.buffer.size = 64KB (=65536) (default)
2022-05-07 13:20:09,447 [pool-543-thread-1] INFO  server.RaftServerConfigKeys (ConfUtils.java:logGet(44)) - raft.server.log.statemachine.data.caching.enabled = false (default)
2022-05-07 13:20:09,448 [pool-543-thread-1] INFO  server.RaftServer$Division (ServerState.java:setRaftConf(387)) - omNode-3@group-523986131536: set configuration 415: [omNode-3|rpc:localhost:42517|admin:|client:|dataStream:|priority:0, omNode-1|rpc:localhost:46667|admin:|client:|dataStream:|priority:0, omNode-2|rpc:localhost:35089|admin:|client:|dataStream:|priority:0], old=null
2022-05-07 13:20:09,449 [pool-543-thread-1] INFO  segmented.LogSegment (LogSegment.java:loadSegment(173)) - Successfully read 48 entries from segment file /home/runner/work/ozone/ozone/hadoop-ozone/integration-test/target/test-dir/MiniOzoneClusterImpl-d5882a6c-7ff2-4adf-97a8-10f223e238e9/omNode-3/ratis/c9bc4cf4-3bc3-3c60-a66b-523986131536/current/log_inprogress_415
2022-05-07 13:20:09,450 [pool-543-thread-1] INFO  segmented.SegmentedRaftLogWorker (SegmentedRaftLogWorker.java:lambda$new$0(133)) - omNode-3@group-523986131536-SegmentedRaftLogWorker: flushIndex: setUnconditionally 0 -> 462
2022-05-07 13:20:09,450 [pool-543-thread-1] INFO  segmented.SegmentedRaftLogWorker (SegmentedRaftLogWorker.java:lambda$new$0(133)) - omNode-3@group-523986131536-SegmentedRaftLogWorker: safeCacheEvictIndex: setUnconditionally 0 -> -1
2022-05-07 13:20:09,460 [pool-543-thread-1] INFO  raftlog.RaftLog (RaftLogBase.java:lambda$new$0(53)) - omNode-3@group-523986131536-SegmentedRaftLog: commitIndex: updateToMax old=462, new=461, updated? false
2022-05-07 13:20:09,460 [pool-543-thread-1] INFO  raftlog.RaftLog (RaftLogBase.java:lambda$new$0(53)) - omNode-3@group-523986131536-SegmentedRaftLog: purgeIndex: updateIncreasingly -1 -> 414
2022-05-07 13:20:09,460 [pool-543-thread-1] INFO  server.RaftServerConfigKeys (ConfUtils.java:logGet(44)) - raft.server.snapshot.auto.trigger.enabled = true (custom)
2022-05-07 13:20:09,460 [pool-543-thread-1] INFO  server.RaftServerConfigKeys (ConfUtils.java:logGet(44)) - raft.server.snapshot.auto.trigger.threshold = 50 (custom)
2022-05-07 13:20:09,460 [pool-543-thread-1] INFO  server.RaftServerConfigKeys (ConfUtils.java:logGet(44)) - raft.server.snapshot.retention.file.num = -1 (default)
2022-05-07 13:20:09,460 [pool-543-thread-1] INFO  server.RaftServerConfigKeys (ConfUtils.java:logGet(44)) - raft.server.log.purge.upto.snapshot.index = true (custom)
2022-05-07 13:20:09,460 [pool-543-thread-1] INFO  server.RaftServerConfigKeys (ConfUtils.java:logGet(44)) - raft.server.retrycache.expirytime = 30000ms (custom)
2022-05-07 13:20:09,460 [pool-543-thread-1] INFO  server.RaftServerConfigKeys (ConfUtils.java:logGet(44)) - raft.server.retrycache.statistics.expirytime = 100μs (default)
2022-05-07 13:20:09,462 [Listener at localhost/32839] INFO  server.RaftServer$Division (RaftServerImpl.java:start(301)) - omNode-3@group-523986131536: start as a follower, conf=415: [omNode-3|rpc:localhost:42517|admin:|client:|dataStream:|priority:0, omNode-1|rpc:localhost:46667|admin:|client:|dataStream:|priority:0, omNode-2|rpc:localhost:35089|admin:|client:|dataStream:|priority:0], old=null
2022-05-07 13:20:09,462 [Listener at localhost/32839] INFO  server.RaftServer$Division (RaftServerImpl.java:setRole(290)) - omNode-3@group-523986131536: changes role from      null to FOLLOWER at term 6 for startAsFollower
2022-05-07 13:20:09,462 [Listener at localhost/32839] INFO  impl.RoleInfo (RoleInfo.java:updateAndGet(130)) - omNode-3: start omNode-3@group-523986131536-FollowerState
2022-05-07 13:20:09,470 [Listener at localhost/32839] INFO  util.JmxRegister (JmxRegister.java:tryRegister(44)) - Successfully registered JMX Bean with object name Ratis:service=RaftServer,group=group-523986131536,id=omNode-3
2022-05-07 13:20:09,474 [Listener at localhost/32839] INFO  server.RaftServer (RaftServerProxy.java:lambda$start$5(374)) - omNode-3: start RPC server
2022-05-07 13:20:09,475 [Listener at localhost/32839] INFO  server.GrpcService (GrpcService.java:startImpl(253)) - omNode-3: GrpcService started, listening on 42517
2022-05-07 13:20:09,476 [Listener at localhost/32839] INFO  om.OzoneManager (OzoneManager.java:getRpcServer(1027)) - Creating RPC Server
2022-05-07 13:20:09,476 [org.apache.ratis.util.JvmPauseMonitor$$Lambda$643/311596227@70cf87c] INFO  util.JvmPauseMonitor (JvmPauseMonitor.java:run(103)) - JvmPauseMonitor-omNode-3: Started
2022-05-07 13:20:09,821 [grpc-default-executor-4] WARN  server.GrpcLogAppender (LogUtils.java:warn(122)) - omNode-1@group-523986131536->omNode-3-AppendLogResponseHandler: Failed appendEntries: org.apache.ratis.thirdparty.io.grpc.StatusRuntimeException: UNAVAILABLE: io exception
2022-05-07 13:20:09,822 [grpc-default-executor-4] INFO  leader.FollowerInfo (FollowerInfoImpl.java:lambda$new$0(47)) - omNode-1@group-523986131536->omNode-3: nextIndex: updateUnconditionally 463 -> 462
2022-05-07 13:20:09,839 [grpc-default-executor-4] WARN  server.GrpcLogAppender (LogUtils.java:warn(122)) - omNode-1@group-523986131536->omNode-2-AppendLogResponseHandler: Failed appendEntries: org.apache.ratis.thirdparty.io.grpc.StatusRuntimeException: UNAVAILABLE: io exception
2022-05-07 13:20:09,840 [grpc-default-executor-4] WARN  server.GrpcLogAppender (GrpcLogAppender.java:resetClient(110)) - omNode-1@group-523986131536->omNode-2-GrpcLogAppender: Leader has not got in touch with Follower omNode-1@group-523986131536->omNode-2(c-1,m0,n463, attendVote=true, lastRpcSendTime=0, lastRpcResponseTime=123439) yet, just keep nextIndex unchanged and retry.
2022-05-07 13:20:09,925 [Listener at localhost/32839] INFO  reflections.Reflections (Reflections.java:scan(232)) - Reflections took 447 ms to scan 19 urls, producing 61 keys and 3652 values [using 2 cores]
2022-05-07 13:20:09,927 [Listener at localhost/32839] INFO  ipc.CallQueueManager (CallQueueManager.java:<init>(90)) - Using callQueue: class java.util.concurrent.LinkedBlockingQueue, queueCapacity: 2000, scheduler: class org.apache.hadoop.ipc.DefaultRpcScheduler, ipcBackoff: false.
2022-05-07 13:20:09,932 [Socket Reader #1 for port 42699] INFO  ipc.Server (Server.java:run(1265)) - Starting Socket Reader #1 for port 42699
2022-05-07 13:20:09,941 [Listener at localhost/42699] INFO  http.BaseHttpServer (BaseHttpServer.java:newHttpServer2BuilderForOzone(209)) - Starting Web-server for ozoneManager at: http://0.0.0.0:44153
2022-05-07 13:20:09,941 [Listener at localhost/42699] INFO  http.BaseHttpServer (BaseHttpServer.java:<init>(107)) - Hadoop Security Enabled: false Ozone Security Enabled: false Ozone HTTP Security Enabled: false 
2022-05-07 13:20:09,943 [Listener at localhost/42699] INFO  server.AuthenticationFilter (AuthenticationFilter.java:constructSecretProvider(240)) - Unable to initialize FileSignerSecretProvider, falling back to use random secrets.
2022-05-07 13:20:09,943 [Listener at localhost/42699] WARN  http.HttpRequestLog (HttpRequestLog.java:getRequestLog(103)) - Jetty request log can only be enabled using Log4j
2022-05-07 13:20:09,944 [Listener at localhost/42699] INFO  http.HttpServer2 (HttpServer2.java:addGlobalFilter(1030)) - Added global filter 'safety' (class=org.apache.hadoop.hdds.server.http.HttpServer2$QuotingInputFilter)
2022-05-07 13:20:09,945 [Listener at localhost/42699] INFO  http.HttpServer2 (HttpServer2.java:addFilter(1006)) - Added filter static_user_filter (class=org.apache.hadoop.http.lib.StaticUserWebFilter$StaticUserFilter) to context ozoneManager
2022-05-07 13:20:09,945 [Listener at localhost/42699] INFO  http.HttpServer2 (HttpServer2.java:addFilter(1014)) - Added filter static_user_filter (class=org.apache.hadoop.http.lib.StaticUserWebFilter$StaticUserFilter) to context logs
2022-05-07 13:20:09,945 [Listener at localhost/42699] INFO  http.HttpServer2 (HttpServer2.java:addFilter(1014)) - Added filter static_user_filter (class=org.apache.hadoop.http.lib.StaticUserWebFilter$StaticUserFilter) to context static
2022-05-07 13:20:09,946 [Listener at localhost/42699] INFO  http.HttpServer2 (HttpServer2.java:bindListener(1249)) - Jetty bound to port 44153
2022-05-07 13:20:09,946 [Listener at localhost/42699] INFO  server.Server (Server.java:doStart(375)) - jetty-9.4.43.v20210629; built: 2021-06-30T11:07:22.254Z; git: 526006ecfa3af7f1a27ef3a288e2bef7ea9dd7e8; jvm 1.8.0_322-b06
2022-05-07 13:20:09,949 [Listener at localhost/42699] INFO  server.session (DefaultSessionIdManager.java:doStart(334)) - DefaultSessionIdManager workerName=node0
2022-05-07 13:20:09,949 [Listener at localhost/42699] INFO  server.session (DefaultSessionIdManager.java:doStart(339)) - No SessionScavenger set, using defaults
2022-05-07 13:20:09,949 [Listener at localhost/42699] INFO  server.session (HouseKeeper.java:startScavenging(132)) - node0 Scavenging every 600000ms
2022-05-07 13:20:09,950 [Listener at localhost/42699] INFO  handler.ContextHandler (ContextHandler.java:doStart(915)) - Started o.e.j.s.ServletContextHandler@2283ffc1{logs,/logs,file:///home/runner/work/ozone/ozone/hadoop-ozone/integration-test/target/log,AVAILABLE}
2022-05-07 13:20:09,951 [Listener at localhost/42699] INFO  handler.ContextHandler (ContextHandler.java:doStart(915)) - Started o.e.j.s.ServletContextHandler@452194ed{static,/static,file:///home/runner/work/ozone/ozone/hadoop-ozone/integration-test/target/test-classes/webapps/static,AVAILABLE}
2022-05-07 13:20:09,955 [Listener at localhost/42699] INFO  handler.ContextHandler (ContextHandler.java:doStart(915)) - Started o.e.j.w.WebAppContext@496ca244{ozoneManager,/,file:///home/runner/work/ozone/ozone/hadoop-ozone/integration-test/target/test-classes/webapps/ozoneManager/,AVAILABLE}{file:/home/runner/work/ozone/ozone/hadoop-ozone/integration-test/target/test-classes/webapps/ozoneManager}
2022-05-07 13:20:09,964 [Listener at localhost/42699] INFO  server.AbstractConnector (AbstractConnector.java:doStart(331)) - Started ServerConnector@51c1b1b{HTTP/1.1, (http/1.1)}{0.0.0.0:44153}
2022-05-07 13:20:09,964 [Listener at localhost/42699] INFO  server.Server (Server.java:doStart(415)) - Started @197990ms
2022-05-07 13:20:09,965 [Listener at localhost/42699] WARN  impl.MetricsSystemImpl (MetricsSystemImpl.java:register(279)) - Sink prometheus already exists!
2022-05-07 13:20:09,965 [Listener at localhost/42699] INFO  http.BaseHttpServer (BaseHttpServer.java:updateConnectorAddress(329)) - HTTP server of ozoneManager listening at http://0.0.0.0:44153
2022-05-07 13:20:09,975 [IPC Server Responder] INFO  ipc.Server (Server.java:run(1507)) - IPC Server Responder: starting
2022-05-07 13:20:09,984 [IPC Server listener on 42699] INFO  ipc.Server (Server.java:run(1344)) - IPC Server listener on 42699: starting
2022-05-07 13:20:10,029 [Listener at localhost/42699] INFO  om.OzoneManager (OzoneManager.java:startTrashEmptier(1835)) - Trash Interval set to 0. Files deleted won't move to trash
2022-05-07 13:20:10,031 [Listener at localhost/42699] INFO  om.OzoneManager (OzoneManager.java:stop(1950)) - omNode-1[localhost:32919]: Stopping Ozone Manager
2022-05-07 13:20:10,031 [org.apache.hadoop.util.JvmPauseMonitor$Monitor@251e8408] INFO  util.JvmPauseMonitor (JvmPauseMonitor.java:run(188)) - Starting JVM pause monitor
2022-05-07 13:20:10,031 [Listener at localhost/42699] INFO  ipc.Server (Server.java:stop(3414)) - Stopping server on 32919
2022-05-07 13:20:10,038 [IPC Server Responder] INFO  ipc.Server (Server.java:run(1512)) - Stopping IPC Server Responder
2022-05-07 13:20:10,038 [Listener at localhost/42699] INFO  server.RaftServer (RaftServerProxy.java:lambda$close$6(391)) - omNode-1: close
2022-05-07 13:20:10,038 [IPC Server listener on 32919] INFO  ipc.Server (Server.java:run(1376)) - Stopping IPC Server listener on 32919
2022-05-07 13:20:10,038 [Listener at localhost/42699] INFO  server.RaftServer$Division (RaftServerImpl.java:lambda$close$4(412)) - omNode-1@group-523986131536: shutdown
2022-05-07 13:20:10,039 [Listener at localhost/42699] INFO  util.JmxRegister (JmxRegister.java:unregister(73)) - Successfully un-registered JMX Bean with object name Ratis:service=RaftServer,group=group-523986131536,id=omNode-1
2022-05-07 13:20:10,039 [Listener at localhost/42699] INFO  impl.RoleInfo (RoleInfo.java:shutdownLeaderState(91)) - omNode-1: shutdown omNode-1@group-523986131536-LeaderStateImpl
2022-05-07 13:20:10,039 [Listener at localhost/42699] INFO  impl.PendingRequests (PendingRequests.java:sendNotLeaderResponses(282)) - omNode-1@group-523986131536-PendingRequests: sendNotLeaderResponses
2022-05-07 13:20:10,040 [omNode-1@group-523986131536->omNode-3-GrpcLogAppender-LogAppenderDaemon] WARN  server.GrpcLogAppender (GrpcLogAppender.java:mayWait(177)) - omNode-1@group-523986131536->omNode-3-GrpcLogAppender: Wait interrupted by java.lang.InterruptedException
2022-05-07 13:20:10,042 [Listener at localhost/42699] INFO  impl.StateMachineUpdater (StateMachineUpdater.java:stopAndJoin(149)) - omNode-1@group-523986131536-StateMachineUpdater: set stopIndex = 462
2022-05-07 13:20:10,042 [omNode-1@group-523986131536-StateMachineUpdater] INFO  ratis.OzoneManagerStateMachine (OzoneManagerStateMachine.java:takeSnapshot(436)) - Current Snapshot Index (t:6, i:462)
2022-05-07 13:20:10,042 [omNode-1@group-523986131536-StateMachineUpdater] INFO  impl.StateMachineUpdater (StateMachineUpdater.java:takeSnapshot(281)) - omNode-1@group-523986131536-StateMachineUpdater: Took a snapshot at index 462
2022-05-07 13:20:10,042 [omNode-1@group-523986131536-StateMachineUpdater] INFO  impl.StateMachineUpdater (StateMachineUpdater.java:lambda$new$0(89)) - omNode-1@group-523986131536-StateMachineUpdater: snapshotIndex: updateIncreasingly 461 -> 462
2022-05-07 13:20:10,043 [omNode-1@group-523986131536-StateMachineUpdater] INFO  ratis.OzoneManagerStateMachine (OzoneManagerStateMachine.java:close(490)) - StateMachine has shutdown. Shutdown OzoneManager if not already shutdown.
2022-05-07 13:20:10,043 [omNode-1@group-523986131536-StateMachineUpdater] INFO  ratis.OzoneManagerDoubleBuffer (OzoneManagerDoubleBuffer.java:stop(465)) - Stopping OMDoubleBuffer flush thread
2022-05-07 13:20:10,044 [OMDoubleBufferFlushThread] INFO  ratis.OzoneManagerDoubleBuffer (OzoneManagerDoubleBuffer.java:flushTransactions(385)) - OMDoubleBuffer flush thread OMDoubleBufferFlushThread is interrupted and will exit.
2022-05-07 13:20:10,045 [Listener at localhost/42699] INFO  server.RaftServer$Division (ServerState.java:close(419)) - omNode-1@group-523986131536: closes. applyIndex: 462
2022-05-07 13:20:10,045 [omNode-1@group-523986131536-SegmentedRaftLogWorker] INFO  segmented.SegmentedRaftLogWorker (SegmentedRaftLogWorker.java:run(327)) - omNode-1@group-523986131536-SegmentedRaftLogWorker was interrupted, exiting. There are 0 tasks remaining in the queue.
2022-05-07 13:20:10,046 [Listener at localhost/42699] INFO  segmented.SegmentedRaftLogWorker (SegmentedRaftLogWorker.java:close(237)) - omNode-1@group-523986131536-SegmentedRaftLogWorker close()
2022-05-07 13:20:10,047 [Listener at localhost/42699] INFO  server.GrpcService (GrpcService.java:closeImpl(262)) - omNode-1: shutdown server with port 46667 now
2022-05-07 13:20:10,053 [Listener at localhost/42699] INFO  server.GrpcService (GrpcService.java:closeImpl(271)) - omNode-1: shutdown server with port 46667 successfully
2022-05-07 13:20:10,054 [org.apache.ratis.util.JvmPauseMonitor$$Lambda$643/311596227@3a86ccb0] INFO  util.JvmPauseMonitor (JvmPauseMonitor.java:run(109)) - JvmPauseMonitor-omNode-1: Stopped
2022-05-07 13:20:10,054 [Listener at localhost/42699] INFO  ratis.OzoneManagerStateMachine (OzoneManagerStateMachine.java:close(490)) - StateMachine has shutdown. Shutdown OzoneManager if not already shutdown.
2022-05-07 13:20:10,054 [Listener at localhost/42699] INFO  ratis.OzoneManagerDoubleBuffer (OzoneManagerDoubleBuffer.java:stop(477)) - OMDoubleBuffer flush thread is not running.
2022-05-07 13:20:10,055 [Listener at localhost/42699] INFO  handler.ContextHandler (ContextHandler.java:doStop(1153)) - Stopped o.e.j.w.WebAppContext@f662559{ozoneManager,/,null,STOPPED}{file:/home/runner/work/ozone/ozone/hadoop-ozone/integration-test/target/test-classes/webapps/ozoneManager}
2022-05-07 13:20:10,055 [Listener at localhost/42699] INFO  server.AbstractConnector (AbstractConnector.java:doStop(381)) - Stopped ServerConnector@4f6fe1c9{HTTP/1.1, (http/1.1)}{0.0.0.0:34619}
2022-05-07 13:20:10,056 [Listener at localhost/42699] INFO  server.session (HouseKeeper.java:stopScavenging(149)) - node0 Stopped scavenging
2022-05-07 13:20:10,056 [Listener at localhost/42699] INFO  handler.ContextHandler (ContextHandler.java:doStop(1153)) - Stopped o.e.j.s.ServletContextHandler@3360e5da{static,/static,file:///home/runner/work/ozone/ozone/hadoop-ozone/integration-test/target/test-classes/webapps/static,STOPPED}
2022-05-07 13:20:10,056 [Listener at localhost/42699] INFO  handler.ContextHandler (ContextHandler.java:doStop(1153)) - Stopped o.e.j.s.ServletContextHandler@519c0918{logs,/logs,file:///home/runner/work/ozone/ozone/hadoop-ozone/integration-test/target/log,STOPPED}
2022-05-07 13:20:10,059 [Listener at localhost/42699] INFO  om.OzoneManager (OzoneManager.java:restart(1487)) - OzoneManager RPC server is listening at localhost/127.0.0.1:32919
2022-05-07 13:20:10,060 [Listener at localhost/42699] INFO  impl.MetricsSystemImpl (MetricsSystemImpl.java:init(158)) - OzoneManager metrics system started (again)
2022-05-07 13:20:10,077 [Listener at localhost/42699] WARN  server.ServerUtils (ServerUtils.java:getDBPath(225)) - ozone.om.db.dirs is not configured. We recommend adding this setting. Falling back to ozone.metadata.dirs instead.
2022-05-07 13:20:10,079 [Listener at localhost/42699] INFO  codec.OmKeyInfoCodec (OmKeyInfoCodec.java:<init>(49)) - OmKeyInfoCodec ignorePipeline = true
2022-05-07 13:20:10,079 [Listener at localhost/42699] INFO  codec.RepeatedOmKeyInfoCodec (RepeatedOmKeyInfoCodec.java:<init>(41)) - RepeatedOmKeyInfoCodec ignorePipeline = true
2022-05-07 13:20:10,141 [Listener at localhost/42699] WARN  impl.MetricRegistriesImpl (MetricRegistriesImpl.java:addReporterRegistration(111)) - New reporters are added after registries were created. Some metrics will be missing from the reporter. Please add reporter before adding any new registry.
2022-05-07 13:20:10,142 [Listener at localhost/42699] WARN  impl.MetricRegistriesImpl (MetricRegistriesImpl.java:addReporterRegistration(111)) - New reporters are added after registries were created. Some metrics will be missing from the reporter. Please add reporter before adding any new registry.
2022-05-07 13:20:10,142 [Listener at localhost/42699] WARN  server.ServerUtils (ServerUtils.java:getDefaultRatisDirectory(237)) - Storage directory for Ratis is not configured. It is a good idea to map this to an SSD disk. Falling back to ozone.metadata.dirs
2022-05-07 13:20:10,143 [Listener at localhost/42699] INFO  ratis.OzoneManagerRatisServer (OzoneManagerRatisServer.java:<init>(159)) - Instantiating OM Ratis server with groupID: om-service-test1 and peers: localhost:46667, localhost:42517, localhost:35089
2022-05-07 13:20:10,144 [Listener at localhost/42699] INFO  ratis.OzoneManagerStateMachine (OzoneManagerStateMachine.java:loadSnapshotInfoFromDB(627)) - LastAppliedIndex is set from TransactionInfo from OM DB as (t:6, i:462)
2022-05-07 13:20:10,146 [Listener at localhost/42699] INFO  server.RaftServer (ConfUtils.java:logGet(44)) - raft.rpc.type = GRPC (default)
2022-05-07 13:20:10,147 [Listener at localhost/42699] INFO  grpc.GrpcFactory (GrpcFactory.java:checkPooledByteBufAllocatorUseCacheForAllThreads(48)) - PERFORMANCE WARNING: useCacheForAllThreads is true that may cause Netty to create a lot garbage objects and, as a result, trigger GC.
	It is recommended to disable useCacheForAllThreads by setting -Dorg.apache.ratis.thirdparty.io.netty.allocator.useCacheForAllThreads=false in command line.
2022-05-07 13:20:10,147 [Listener at localhost/42699] INFO  grpc.GrpcConfigKeys (ConfUtils.java:logGet(44)) - raft.grpc.admin.port = -1 (default)
2022-05-07 13:20:10,147 [Listener at localhost/42699] INFO  grpc.GrpcConfigKeys (ConfUtils.java:logGet(44)) - raft.grpc.server.port = 46667 (custom)
2022-05-07 13:20:10,147 [Listener at localhost/42699] INFO  grpc.GrpcConfigKeys (ConfUtils.java:logGet(44)) - raft.grpc.client.port = -1 (default)
2022-05-07 13:20:10,147 [Listener at localhost/42699] INFO  grpc.GrpcConfigKeys (ConfUtils.java:logGet(44)) - raft.grpc.server.port = 46667 (custom)
2022-05-07 13:20:10,147 [Listener at localhost/42699] INFO  grpc.GrpcConfigKeys (ConfUtils.java:logGet(44)) - raft.grpc.server.port = 46667 (custom)
2022-05-07 13:20:10,148 [Listener at localhost/42699] INFO  server.GrpcService (ConfUtils.java:logGet(44)) - raft.grpc.message.size.max = 33554432 (custom)
2022-05-07 13:20:10,148 [Listener at localhost/42699] INFO  server.RaftServerConfigKeys (ConfUtils.java:logGet(44)) - raft.server.log.appender.buffer.byte-limit = 33554432 (custom)
2022-05-07 13:20:10,148 [Listener at localhost/42699] INFO  server.GrpcService (ConfUtils.java:logGet(44)) - raft.grpc.flow.control.window = 1MB (=1048576) (default)
2022-05-07 13:20:10,148 [Listener at localhost/42699] INFO  server.RaftServerConfigKeys (ConfUtils.java:logGet(44)) - raft.server.rpc.request.timeout = 3000ms (default)
2022-05-07 13:20:10,153 [Listener at localhost/42699] INFO  impl.DataStreamServerImpl (ConfUtils.java:logGet(44)) - raft.datastream.type = DISABLED (default)
2022-05-07 13:20:10,154 [Listener at localhost/42699] INFO  server.RaftServerConfigKeys (ConfUtils.java:logGet(44)) - raft.server.rpc.slowness.timeout = 2s (custom)
2022-05-07 13:20:10,154 [Listener at localhost/42699] INFO  server.RaftServerConfigKeys (ConfUtils.java:logGet(44)) - raft.server.leaderelection.leader.step-down.wait-time = 10s (default)
2022-05-07 13:20:10,154 [Listener at localhost/42699] INFO  server.RaftServerConfigKeys (ConfUtils.java:logGet(44)) - raft.server.storage.dir = [/home/runner/work/ozone/ozone/hadoop-ozone/integration-test/target/test-dir/MiniOzoneClusterImpl-d5882a6c-7ff2-4adf-97a8-10f223e238e9/omNode-1/ratis] (custom)
2022-05-07 13:20:10,154 [Listener at localhost/42699] INFO  server.RaftServer (RaftServerProxy.java:lambda$null$1(235)) - omNode-1: found a subdirectory /home/runner/work/ozone/ozone/hadoop-ozone/integration-test/target/test-dir/MiniOzoneClusterImpl-d5882a6c-7ff2-4adf-97a8-10f223e238e9/omNode-1/ratis/c9bc4cf4-3bc3-3c60-a66b-523986131536
2022-05-07 13:20:10,155 [Listener at localhost/42699] INFO  server.RaftServer (RaftServerProxy.java:addNew(95)) - omNode-1: addNew group-523986131536:[omNode-3|rpc:localhost:42517|priority:0, omNode-1|rpc:localhost:46667|priority:0, omNode-2|rpc:localhost:35089|priority:0] returns group-523986131536:java.util.concurrent.CompletableFuture@55e53558[Not completed]
2022-05-07 13:20:10,155 [Listener at localhost/42699] INFO  om.OzoneManager (OzoneManager.java:initializeRatisServer(1891)) - OzoneManager Ratis server initialized at port 46667
2022-05-07 13:20:10,155 [Listener at localhost/42699] INFO  ratis.OzoneManagerRatisServer (OzoneManagerRatisServer.java:start(554)) - Starting OzoneManagerRatisServer omNode-1 at port 46667
2022-05-07 13:20:10,156 [pool-564-thread-1] INFO  server.RaftServer$Division (RaftServerImpl.java:<init>(184)) - omNode-1: new RaftServerImpl for group-523986131536:[omNode-3|rpc:localhost:42517|priority:0, omNode-1|rpc:localhost:46667|priority:0, omNode-2|rpc:localhost:35089|priority:0] with OzoneManagerStateMachine:uninitialized
2022-05-07 13:20:10,157 [pool-564-thread-1] INFO  server.RaftServerConfigKeys (ConfUtils.java:logGet(44)) - raft.server.rpc.timeout.min = 1s (custom)
2022-05-07 13:20:10,157 [pool-564-thread-1] INFO  server.RaftServerConfigKeys (ConfUtils.java:logGet(44)) - raft.server.rpc.timeout.max = 1200ms (custom)
2022-05-07 13:20:10,157 [pool-564-thread-1] INFO  server.RaftServerConfigKeys (ConfUtils.java:logGet(44)) - raft.server.rpc.sleep.time = 25ms (default)
2022-05-07 13:20:10,157 [pool-564-thread-1] INFO  server.RaftServerConfigKeys (ConfUtils.java:logGet(44)) - raft.server.rpc.slowness.timeout = 2s (custom)
2022-05-07 13:20:10,157 [pool-564-thread-1] INFO  server.RaftServerConfigKeys (ConfUtils.java:logGet(44)) - raft.server.leaderelection.leader.step-down.wait-time = 10s (default)
2022-05-07 13:20:10,157 [pool-564-thread-1] INFO  server.RaftServerConfigKeys (ConfUtils.java:logGet(44)) - raft.server.sleep.deviation.threshold = 300ms (default)
2022-05-07 13:20:10,157 [pool-564-thread-1] INFO  server.RaftServerConfigKeys (ConfUtils.java:logGet(44)) - raft.server.log.appender.install.snapshot.enabled = false (custom)
2022-05-07 13:20:10,158 [pool-564-thread-1] INFO  server.RaftServer$Division (ServerState.java:<init>(105)) - omNode-1@group-523986131536: ConfigurationManager, init=-1: [omNode-3|rpc:localhost:42517|priority:0, omNode-1|rpc:localhost:46667|priority:0, omNode-2|rpc:localhost:35089|priority:0], old=null, confs=<EMPTY_MAP>
2022-05-07 13:20:10,158 [pool-564-thread-1] INFO  server.RaftServerConfigKeys (ConfUtils.java:logGet(44)) - raft.server.storage.dir = [/home/runner/work/ozone/ozone/hadoop-ozone/integration-test/target/test-dir/MiniOzoneClusterImpl-d5882a6c-7ff2-4adf-97a8-10f223e238e9/omNode-1/ratis] (custom)
2022-05-07 13:20:10,158 [pool-564-thread-1] INFO  server.RaftServerConfigKeys (ConfUtils.java:logGet(44)) - raft.server.log.corruption.policy = EXCEPTION (default)
2022-05-07 13:20:10,158 [pool-564-thread-1] INFO  server.RaftServerConfigKeys (ConfUtils.java:logGet(44)) - raft.server.storage.free-space.min = 0MB (=0) (default)
2022-05-07 13:20:10,159 [pool-564-thread-1] INFO  storage.RaftStorageDirectory (RaftStorageDirectoryImpl.java:tryLock(230)) - Lock on /home/runner/work/ozone/ozone/hadoop-ozone/integration-test/target/test-dir/MiniOzoneClusterImpl-d5882a6c-7ff2-4adf-97a8-10f223e238e9/omNode-1/ratis/c9bc4cf4-3bc3-3c60-a66b-523986131536/in_use.lock acquired by nodename 24349@fv-az215-301
2022-05-07 13:20:10,159 [pool-564-thread-1] INFO  storage.RaftStorage (RaftStorageImpl.java:analyzeAndRecoverStorage(110)) - Read RaftStorageMetadata{term=6, votedFor=omNode-1} from /home/runner/work/ozone/ozone/hadoop-ozone/integration-test/target/test-dir/MiniOzoneClusterImpl-d5882a6c-7ff2-4adf-97a8-10f223e238e9/omNode-1/ratis/c9bc4cf4-3bc3-3c60-a66b-523986131536/current/raft-meta
2022-05-07 13:20:10,160 [pool-564-thread-1] INFO  server.RaftServer$Division (ServerState.java:setRaftConf(387)) - omNode-1@group-523986131536: set configuration 415: [omNode-3|rpc:localhost:42517|admin:|client:|dataStream:|priority:0, omNode-1|rpc:localhost:46667|admin:|client:|dataStream:|priority:0, omNode-2|rpc:localhost:35089|admin:|client:|dataStream:|priority:0], old=null
2022-05-07 13:20:10,160 [pool-564-thread-1] INFO  server.RaftServerConfigKeys (ConfUtils.java:logGet(44)) - raft.server.notification.no-leader.timeout = 2s (custom)
2022-05-07 13:20:10,160 [pool-564-thread-1] INFO  server.RaftServerConfigKeys (ConfUtils.java:logGet(44)) - raft.server.log.use.memory = false (default)
2022-05-07 13:20:10,160 [pool-564-thread-1] INFO  server.RaftServerConfigKeys (ConfUtils.java:logGet(44)) - raft.server.log.purge.gap = 50 (custom)
2022-05-07 13:20:10,160 [pool-564-thread-1] INFO  server.RaftServerConfigKeys (ConfUtils.java:logGet(44)) - raft.server.log.appender.buffer.byte-limit = 33554432 (custom)
2022-05-07 13:20:10,161 [pool-564-thread-1] INFO  server.RaftServerConfigKeys (ConfUtils.java:logGet(44)) - raft.server.log.segment.size.max = 4194304 (custom)
2022-05-07 13:20:10,161 [pool-564-thread-1] INFO  server.RaftServerConfigKeys (ConfUtils.java:logGet(44)) - raft.server.log.segment.cache.num.max = 2 (custom)
2022-05-07 13:20:10,161 [pool-564-thread-1] INFO  server.RaftServerConfigKeys (ConfUtils.java:logGet(44)) - raft.server.log.segment.cache.size.max = 200MB (=209715200) (default)
2022-05-07 13:20:10,161 [pool-564-thread-1] INFO  segmented.SegmentedRaftLogWorker (SegmentedRaftLogWorker.java:<init>(182)) - new omNode-1@group-523986131536-SegmentedRaftLogWorker for RaftStorageImpl:Storage Directory /home/runner/work/ozone/ozone/hadoop-ozone/integration-test/target/test-dir/MiniOzoneClusterImpl-d5882a6c-7ff2-4adf-97a8-10f223e238e9/omNode-1/ratis/c9bc4cf4-3bc3-3c60-a66b-523986131536
2022-05-07 13:20:10,161 [pool-564-thread-1] INFO  server.RaftServerConfigKeys (ConfUtils.java:logGet(44)) - raft.server.log.queue.byte-limit = 64MB (=67108864) (default)
2022-05-07 13:20:10,161 [pool-564-thread-1] INFO  server.RaftServerConfigKeys (ConfUtils.java:logGet(44)) - raft.server.log.queue.element-limit = 4096 (default)
2022-05-07 13:20:10,161 [pool-564-thread-1] INFO  server.RaftServerConfigKeys (ConfUtils.java:logGet(44)) - raft.server.log.segment.size.max = 4194304 (custom)
2022-05-07 13:20:10,161 [pool-564-thread-1] INFO  server.RaftServerConfigKeys (ConfUtils.java:logGet(44)) - raft.server.log.preallocated.size = 4194304 (custom)
2022-05-07 13:20:10,161 [pool-564-thread-1] INFO  server.RaftServerConfigKeys (ConfUtils.java:logGet(44)) - raft.server.log.force.sync.num = 128 (default)
2022-05-07 13:20:10,161 [pool-564-thread-1] INFO  server.RaftServerConfigKeys (ConfUtils.java:logGet(44)) - raft.server.log.statemachine.data.sync = true (default)
2022-05-07 13:20:10,161 [pool-564-thread-1] INFO  server.RaftServerConfigKeys (ConfUtils.java:logGet(44)) - raft.server.log.statemachine.data.sync.timeout = 10s (default)
2022-05-07 13:20:10,161 [pool-564-thread-1] INFO  server.RaftServerConfigKeys (ConfUtils.java:logGet(44)) - raft.server.log.statemachine.data.sync.timeout.retry = -1 (default)
2022-05-07 13:20:10,162 [pool-564-thread-1] INFO  server.RaftServerConfigKeys (ConfUtils.java:logGet(44)) - raft.server.log.write.buffer.size = 64KB (=65536) (default)
2022-05-07 13:20:10,162 [pool-564-thread-1] INFO  server.RaftServerConfigKeys (ConfUtils.java:logGet(44)) - raft.server.log.statemachine.data.caching.enabled = false (default)
2022-05-07 13:20:10,163 [pool-564-thread-1] INFO  server.RaftServer$Division (ServerState.java:setRaftConf(387)) - omNode-1@group-523986131536: set configuration 415: [omNode-3|rpc:localhost:42517|admin:|client:|dataStream:|priority:0, omNode-1|rpc:localhost:46667|admin:|client:|dataStream:|priority:0, omNode-2|rpc:localhost:35089|admin:|client:|dataStream:|priority:0], old=null
2022-05-07 13:20:10,168 [pool-564-thread-1] INFO  segmented.LogSegment (LogSegment.java:loadSegment(173)) - Successfully read 48 entries from segment file /home/runner/work/ozone/ozone/hadoop-ozone/integration-test/target/test-dir/MiniOzoneClusterImpl-d5882a6c-7ff2-4adf-97a8-10f223e238e9/omNode-1/ratis/c9bc4cf4-3bc3-3c60-a66b-523986131536/current/log_inprogress_415
2022-05-07 13:20:10,168 [pool-564-thread-1] INFO  segmented.SegmentedRaftLogWorker (SegmentedRaftLogWorker.java:lambda$new$0(133)) - omNode-1@group-523986131536-SegmentedRaftLogWorker: flushIndex: setUnconditionally 0 -> 462
2022-05-07 13:20:10,168 [pool-564-thread-1] INFO  segmented.SegmentedRaftLogWorker (SegmentedRaftLogWorker.java:lambda$new$0(133)) - omNode-1@group-523986131536-SegmentedRaftLogWorker: safeCacheEvictIndex: setUnconditionally 0 -> -1
2022-05-07 13:20:10,172 [pool-564-thread-1] INFO  raftlog.RaftLog (RaftLogBase.java:lambda$new$0(53)) - omNode-1@group-523986131536-SegmentedRaftLog: commitIndex: updateToMax old=462, new=461, updated? false
2022-05-07 13:20:10,172 [pool-564-thread-1] INFO  raftlog.RaftLog (RaftLogBase.java:lambda$new$0(53)) - omNode-1@group-523986131536-SegmentedRaftLog: purgeIndex: updateIncreasingly -1 -> 414
2022-05-07 13:20:10,172 [pool-564-thread-1] INFO  server.RaftServerConfigKeys (ConfUtils.java:logGet(44)) - raft.server.snapshot.auto.trigger.enabled = true (custom)
2022-05-07 13:20:10,172 [pool-564-thread-1] INFO  server.RaftServerConfigKeys (ConfUtils.java:logGet(44)) - raft.server.snapshot.auto.trigger.threshold = 50 (custom)
2022-05-07 13:20:10,172 [pool-564-thread-1] INFO  server.RaftServerConfigKeys (ConfUtils.java:logGet(44)) - raft.server.snapshot.retention.file.num = -1 (default)
2022-05-07 13:20:10,172 [pool-564-thread-1] INFO  server.RaftServerConfigKeys (ConfUtils.java:logGet(44)) - raft.server.log.purge.upto.snapshot.index = true (custom)
2022-05-07 13:20:10,172 [pool-564-thread-1] INFO  server.RaftServerConfigKeys (ConfUtils.java:logGet(44)) - raft.server.retrycache.expirytime = 30000ms (custom)
2022-05-07 13:20:10,172 [pool-564-thread-1] INFO  server.RaftServerConfigKeys (ConfUtils.java:logGet(44)) - raft.server.retrycache.statistics.expirytime = 100μs (default)
2022-05-07 13:20:10,173 [Listener at localhost/42699] INFO  server.RaftServer$Division (RaftServerImpl.java:start(301)) - omNode-1@group-523986131536: start as a follower, conf=415: [omNode-3|rpc:localhost:42517|admin:|client:|dataStream:|priority:0, omNode-1|rpc:localhost:46667|admin:|client:|dataStream:|priority:0, omNode-2|rpc:localhost:35089|admin:|client:|dataStream:|priority:0], old=null
2022-05-07 13:20:10,174 [Listener at localhost/42699] INFO  server.RaftServer$Division (RaftServerImpl.java:setRole(290)) - omNode-1@group-523986131536: changes role from      null to FOLLOWER at term 6 for startAsFollower
2022-05-07 13:20:10,174 [Listener at localhost/42699] INFO  impl.RoleInfo (RoleInfo.java:updateAndGet(130)) - omNode-1: start omNode-1@group-523986131536-FollowerState
2022-05-07 13:20:10,176 [Listener at localhost/42699] INFO  util.JmxRegister (JmxRegister.java:tryRegister(44)) - Successfully registered JMX Bean with object name Ratis:service=RaftServer,group=group-523986131536,id=omNode-1
2022-05-07 13:20:10,179 [Listener at localhost/42699] INFO  server.RaftServer (RaftServerProxy.java:lambda$start$5(374)) - omNode-1: start RPC server
2022-05-07 13:20:10,179 [Listener at localhost/42699] INFO  server.GrpcService (GrpcService.java:startImpl(253)) - omNode-1: GrpcService started, listening on 46667
2022-05-07 13:20:10,180 [Listener at localhost/42699] INFO  om.OzoneManager (OzoneManager.java:getRpcServer(1027)) - Creating RPC Server
2022-05-07 13:20:10,182 [org.apache.ratis.util.JvmPauseMonitor$$Lambda$643/311596227@71b326bf] INFO  util.JvmPauseMonitor (JvmPauseMonitor.java:run(103)) - JvmPauseMonitor-omNode-1: Started
2022-05-07 13:20:10,514 [omNode-3@group-523986131536-FollowerState] INFO  impl.FollowerState (FollowerState.java:run(134)) - omNode-3@group-523986131536-FollowerState: change to CANDIDATE, lastRpcElapsedTime:1052190322ns, electionTimeout:1044ms
2022-05-07 13:20:10,515 [omNode-3@group-523986131536-FollowerState] INFO  impl.RoleInfo (RoleInfo.java:shutdownFollowerState(108)) - omNode-3: shutdown omNode-3@group-523986131536-FollowerState
2022-05-07 13:20:10,515 [omNode-3@group-523986131536-FollowerState] INFO  server.RaftServer$Division (RaftServerImpl.java:setRole(290)) - omNode-3@group-523986131536: changes role from  FOLLOWER to CANDIDATE at term 6 for changeToCandidate
2022-05-07 13:20:10,515 [omNode-3@group-523986131536-FollowerState] INFO  server.RaftServerConfigKeys (ConfUtils.java:logGet(44)) - raft.server.leaderelection.pre-vote = false (custom)
2022-05-07 13:20:10,515 [omNode-3@group-523986131536-FollowerState] INFO  impl.RoleInfo (RoleInfo.java:updateAndGet(130)) - omNode-3: start omNode-3@group-523986131536-LeaderElection12
2022-05-07 13:20:10,529 [omNode-3@group-523986131536-LeaderElection12] INFO  impl.LeaderElection (LeaderElection.java:askForVotes(306)) - omNode-3@group-523986131536-LeaderElection12 ELECTION round 0: submit vote requests at term 7 for 415: [omNode-3|rpc:localhost:42517|admin:|client:|dataStream:|priority:0, omNode-1|rpc:localhost:46667|admin:|client:|dataStream:|priority:0, omNode-2|rpc:localhost:35089|admin:|client:|dataStream:|priority:0], old=null
2022-05-07 13:20:10,535 [Listener at localhost/42699] INFO  reflections.Reflections (Reflections.java:scan(232)) - Reflections took 354 ms to scan 19 urls, producing 61 keys and 3652 values [using 2 cores]
2022-05-07 13:20:10,537 [Listener at localhost/42699] INFO  ipc.CallQueueManager (CallQueueManager.java:<init>(90)) - Using callQueue: class java.util.concurrent.LinkedBlockingQueue, queueCapacity: 2000, scheduler: class org.apache.hadoop.ipc.DefaultRpcScheduler, ipcBackoff: false.
2022-05-07 13:20:10,540 [Socket Reader #1 for port 32919] INFO  ipc.Server (Server.java:run(1265)) - Starting Socket Reader #1 for port 32919
2022-05-07 13:20:10,544 [Listener at localhost/32919] INFO  http.BaseHttpServer (BaseHttpServer.java:newHttpServer2BuilderForOzone(209)) - Starting Web-server for ozoneManager at: http://0.0.0.0:34619
2022-05-07 13:20:10,544 [Listener at localhost/32919] INFO  http.BaseHttpServer (BaseHttpServer.java:<init>(107)) - Hadoop Security Enabled: false Ozone Security Enabled: false Ozone HTTP Security Enabled: false 
2022-05-07 13:20:10,546 [Listener at localhost/32919] INFO  server.AuthenticationFilter (AuthenticationFilter.java:constructSecretProvider(240)) - Unable to initialize FileSignerSecretProvider, falling back to use random secrets.
2022-05-07 13:20:10,549 [grpc-default-executor-4] INFO  server.RaftServer$Division (RaftServerImpl.java:requestVote(1046)) - omNode-1@group-523986131536: receive requestVote(ELECTION, omNode-3, group-523986131536, 7, (t:6, i:462))
2022-05-07 13:20:10,549 [grpc-default-executor-4] INFO  impl.VoteContext (VoteContext.java:log(48)) - omNode-1@group-523986131536-FOLLOWER: accept ELECTION from omNode-3: our priority 0 <= candidate's priority 0
2022-05-07 13:20:10,549 [grpc-default-executor-4] INFO  server.RaftServer$Division (RaftServerImpl.java:setRole(290)) - omNode-1@group-523986131536: changes role from  FOLLOWER to FOLLOWER at term 7 for candidate:omNode-3
2022-05-07 13:20:10,549 [grpc-default-executor-4] INFO  impl.RoleInfo (RoleInfo.java:shutdownFollowerState(108)) - omNode-1: shutdown omNode-1@group-523986131536-FollowerState
2022-05-07 13:20:10,550 [grpc-default-executor-4] INFO  impl.RoleInfo (RoleInfo.java:updateAndGet(130)) - omNode-1: start omNode-1@group-523986131536-FollowerState
2022-05-07 13:20:10,550 [omNode-1@group-523986131536-FollowerState] INFO  impl.FollowerState (FollowerState.java:run(143)) - omNode-1@group-523986131536-FollowerState was interrupted: {}
java.lang.InterruptedException: sleep interrupted
	at java.lang.Thread.sleep(Native Method)
	at java.lang.Thread.sleep(Thread.java:342)
	at java.util.concurrent.TimeUnit.sleep(TimeUnit.java:386)
	at org.apache.ratis.util.TimeDuration.sleep(TimeDuration.java:324)
	at org.apache.ratis.util.TimeDuration.sleep(TimeDuration.java:309)
	at org.apache.ratis.server.impl.FollowerState.run(FollowerState.java:118)
2022-05-07 13:20:10,550 [Listener at localhost/32919] WARN  http.HttpRequestLog (HttpRequestLog.java:getRequestLog(103)) - Jetty request log can only be enabled using Log4j
2022-05-07 13:20:10,550 [omNode-3@group-523986131536-LeaderElection12] INFO  impl.LeaderElection (LogUtils.java:infoOrTrace(137)) - omNode-3@group-523986131536-LeaderElection12 got exception when requesting votes: java.util.concurrent.ExecutionException: org.apache.ratis.thirdparty.io.grpc.StatusRuntimeException: UNAVAILABLE: io exception
2022-05-07 13:20:10,554 [grpc-default-executor-4] INFO  server.RaftServer$Division (RaftServerImpl.java:requestVote(1078)) - omNode-1@group-523986131536 replies to ELECTION vote request: omNode-3<-omNode-1#0:OK-t7. Peer's state: omNode-1@group-523986131536:t7, leader=null, voted=omNode-3, raftlog=omNode-1@group-523986131536-SegmentedRaftLog:OPENED:c462, conf=415: [omNode-3|rpc:localhost:42517|admin:|client:|dataStream:|priority:0, omNode-1|rpc:localhost:46667|admin:|client:|dataStream:|priority:0, omNode-2|rpc:localhost:35089|admin:|client:|dataStream:|priority:0], old=null
2022-05-07 13:20:10,557 [omNode-3@group-523986131536-LeaderElection12] INFO  impl.LeaderElection (LeaderElection.java:logAndReturn(89)) - omNode-3@group-523986131536-LeaderElection12: ELECTION PASSED received 1 response(s) and 1 exception(s):
2022-05-07 13:20:10,557 [omNode-3@group-523986131536-LeaderElection12] INFO  impl.LeaderElection (LeaderElection.java:logAndReturn(93)) -   Response 0: omNode-3<-omNode-1#0:OK-t7
2022-05-07 13:20:10,557 [omNode-3@group-523986131536-LeaderElection12] INFO  impl.LeaderElection (LogUtils.java:infoOrTrace(137)) -   Exception 1: java.util.concurrent.ExecutionException: org.apache.ratis.thirdparty.io.grpc.StatusRuntimeException: UNAVAILABLE: io exception
2022-05-07 13:20:10,557 [omNode-3@group-523986131536-LeaderElection12] INFO  impl.LeaderElection (LeaderElection.java:askForVotes(308)) - omNode-3@group-523986131536-LeaderElection12 ELECTION round 0: result PASSED
2022-05-07 13:20:10,557 [omNode-3@group-523986131536-LeaderElection12] INFO  impl.RoleInfo (RoleInfo.java:shutdownLeaderElection(121)) - omNode-3: shutdown omNode-3@group-523986131536-LeaderElection12
2022-05-07 13:20:10,557 [omNode-3@group-523986131536-LeaderElection12] INFO  server.RaftServer$Division (RaftServerImpl.java:setRole(290)) - omNode-3@group-523986131536: changes role from CANDIDATE to LEADER at term 7 for changeToLeader
2022-05-07 13:20:10,557 [omNode-3@group-523986131536-LeaderElection12] INFO  server.RaftServer$Division (ServerState.java:setLeader(285)) - omNode-3@group-523986131536: change Leader from null to omNode-3 at term 7 for becomeLeader, leader elected after 1112ms
2022-05-07 13:20:10,557 [omNode-3@group-523986131536-LeaderElection12] INFO  server.RaftServerConfigKeys (ConfUtils.java:logGet(44)) - raft.server.staging.catchup.gap = 1000 (default)
2022-05-07 13:20:10,557 [omNode-3@group-523986131536-LeaderElection12] INFO  server.RaftServerConfigKeys (ConfUtils.java:logGet(44)) - raft.server.write.element-limit = 4096 (default)
2022-05-07 13:20:10,557 [omNode-3@group-523986131536-LeaderElection12] INFO  server.RaftServerConfigKeys (ConfUtils.java:logGet(44)) - raft.server.write.byte-limit = 64MB (=67108864) (default)
2022-05-07 13:20:10,558 [omNode-3@group-523986131536-LeaderElection12] INFO  server.RaftServerConfigKeys (ConfUtils.java:logGet(44)) - raft.server.watch.timeout = 10s (default)
2022-05-07 13:20:10,558 [omNode-3@group-523986131536-LeaderElection12] INFO  server.RaftServerConfigKeys (ConfUtils.java:logGet(44)) - raft.server.watch.timeout.denomination = 1s (default)
2022-05-07 13:20:10,558 [omNode-3@group-523986131536-LeaderElection12] INFO  server.RaftServerConfigKeys (ConfUtils.java:logGet(44)) - raft.server.watch.element-limit = 65536 (default)
2022-05-07 13:20:10,558 [omNode-3@group-523986131536-LeaderElection12] INFO  server.RaftServerConfigKeys (ConfUtils.java:logGet(44)) - raft.server.write.element-limit = 4096 (default)
2022-05-07 13:20:10,558 [omNode-3@group-523986131536-LeaderElection12] INFO  server.RaftServerConfigKeys (ConfUtils.java:logGet(44)) - raft.server.write.follower.gap.ratio.max = -1.0 (default)
2022-05-07 13:20:10,558 [omNode-3@group-523986131536-LeaderElection12] INFO  server.RaftServerConfigKeys (ConfUtils.java:logGet(44)) - raft.server.log.appender.snapshot.chunk.size.max = 16MB (=16777216) (default)
2022-05-07 13:20:10,558 [omNode-3@group-523986131536-LeaderElection12] INFO  server.RaftServerConfigKeys (ConfUtils.java:logGet(44)) - raft.server.log.appender.buffer.byte-limit = 33554432 (custom)
2022-05-07 13:20:10,558 [omNode-3@group-523986131536-LeaderElection12] INFO  server.RaftServerConfigKeys (ConfUtils.java:logGet(44)) - raft.server.log.appender.buffer.element-limit = 1024 (custom)
2022-05-07 13:20:10,558 [omNode-3@group-523986131536-LeaderElection12] INFO  grpc.GrpcConfigKeys (ConfUtils.java:logGet(44)) - raft.grpc.server.leader.outstanding.appends.max = 128 (default)
2022-05-07 13:20:10,558 [omNode-3@group-523986131536-LeaderElection12] INFO  server.RaftServerConfigKeys (ConfUtils.java:logGet(44)) - raft.server.rpc.request.timeout = 3000ms (default)
2022-05-07 13:20:10,558 [omNode-3@group-523986131536-LeaderElection12] INFO  server.RaftServerConfigKeys (ConfUtils.java:logGet(44)) - raft.server.log.appender.install.snapshot.enabled = false (custom)
2022-05-07 13:20:10,559 [omNode-3@group-523986131536-LeaderElection12] INFO  server.RaftServerConfigKeys (ConfUtils.java:logGet(44)) - raft.server.log.appender.snapshot.chunk.size.max = 16MB (=16777216) (default)
2022-05-07 13:20:10,559 [omNode-3@group-523986131536-LeaderElection12] INFO  server.RaftServerConfigKeys (ConfUtils.java:logGet(44)) - raft.server.log.appender.buffer.byte-limit = 33554432 (custom)
2022-05-07 13:20:10,559 [omNode-3@group-523986131536-LeaderElection12] INFO  server.RaftServerConfigKeys (ConfUtils.java:logGet(44)) - raft.server.log.appender.buffer.element-limit = 1024 (custom)
2022-05-07 13:20:10,559 [omNode-3@group-523986131536-LeaderElection12] INFO  grpc.GrpcConfigKeys (ConfUtils.java:logGet(44)) - raft.grpc.server.leader.outstanding.appends.max = 128 (default)
2022-05-07 13:20:10,559 [omNode-3@group-523986131536-LeaderElection12] INFO  server.RaftServerConfigKeys (ConfUtils.java:logGet(44)) - raft.server.rpc.request.timeout = 3000ms (default)
2022-05-07 13:20:10,560 [omNode-3@group-523986131536-LeaderElection12] INFO  server.RaftServerConfigKeys (ConfUtils.java:logGet(44)) - raft.server.log.appender.install.snapshot.enabled = false (custom)
2022-05-07 13:20:10,560 [omNode-3@group-523986131536-LeaderElection12] INFO  impl.RoleInfo (RoleInfo.java:updateAndGet(130)) - omNode-3: start omNode-3@group-523986131536-LeaderStateImpl
2022-05-07 13:20:10,561 [omNode-3@group-523986131536-LeaderElection12] INFO  segmented.SegmentedRaftLogWorker (SegmentedRaftLogWorker.java:rollLogSegment(399)) - omNode-3@group-523986131536-SegmentedRaftLogWorker: Rolling segment log-415_462 to index:462
2022-05-07 13:20:10,561 [omNode-3@group-523986131536-SegmentedRaftLogWorker] INFO  segmented.SegmentedRaftLogWorker (SegmentedRaftLogWorker.java:execute(558)) - omNode-3@group-523986131536-SegmentedRaftLogWorker: Rolled log segment from /home/runner/work/ozone/ozone/hadoop-ozone/integration-test/target/test-dir/MiniOzoneClusterImpl-d5882a6c-7ff2-4adf-97a8-10f223e238e9/omNode-3/ratis/c9bc4cf4-3bc3-3c60-a66b-523986131536/current/log_inprogress_415 to /home/runner/work/ozone/ozone/hadoop-ozone/integration-test/target/test-dir/MiniOzoneClusterImpl-d5882a6c-7ff2-4adf-97a8-10f223e238e9/omNode-3/ratis/c9bc4cf4-3bc3-3c60-a66b-523986131536/current/log_415-462
2022-05-07 13:20:10,564 [Listener at localhost/32919] INFO  http.HttpServer2 (HttpServer2.java:addGlobalFilter(1030)) - Added global filter 'safety' (class=org.apache.hadoop.hdds.server.http.HttpServer2$QuotingInputFilter)
2022-05-07 13:20:10,562 [grpc-default-executor-4] WARN  server.GrpcLogAppender (LogUtils.java:warn(122)) - omNode-3@group-523986131536->omNode-2-AppendLogResponseHandler: Failed appendEntries: org.apache.ratis.thirdparty.io.grpc.StatusRuntimeException: UNAVAILABLE: io exception
2022-05-07 13:20:10,575 [Listener at localhost/32919] INFO  http.HttpServer2 (HttpServer2.java:addFilter(1006)) - Added filter static_user_filter (class=org.apache.hadoop.http.lib.StaticUserWebFilter$StaticUserFilter) to context ozoneManager
2022-05-07 13:20:10,576 [Listener at localhost/32919] INFO  http.HttpServer2 (HttpServer2.java:addFilter(1014)) - Added filter static_user_filter (class=org.apache.hadoop.http.lib.StaticUserWebFilter$StaticUserFilter) to context logs
2022-05-07 13:20:10,577 [Listener at localhost/32919] INFO  http.HttpServer2 (HttpServer2.java:addFilter(1014)) - Added filter static_user_filter (class=org.apache.hadoop.http.lib.StaticUserWebFilter$StaticUserFilter) to context static
2022-05-07 13:20:10,577 [omNode-3@group-523986131536-LeaderElection12] INFO  server.RaftServer$Division (ServerState.java:setRaftConf(387)) - omNode-3@group-523986131536: set configuration 463: [omNode-3|rpc:localhost:42517|admin:|client:|dataStream:|priority:0, omNode-1|rpc:localhost:46667|admin:|client:|dataStream:|priority:0, omNode-2|rpc:localhost:35089|admin:|client:|dataStream:|priority:0], old=null
2022-05-07 13:20:10,577 [grpc-default-executor-4] WARN  server.GrpcLogAppender (GrpcLogAppender.java:resetClient(110)) - omNode-3@group-523986131536->omNode-2-GrpcLogAppender: Leader has not got in touch with Follower omNode-3@group-523986131536->omNode-2(c-1,m0,n464, attendVote=true, lastRpcSendTime=14, lastRpcResponseTime=1218) yet, just keep nextIndex unchanged and retry.
2022-05-07 13:20:10,579 [Listener at localhost/32919] INFO  http.HttpServer2 (HttpServer2.java:bindListener(1249)) - Jetty bound to port 34619
2022-05-07 13:20:10,579 [Listener at localhost/32919] INFO  server.Server (Server.java:doStart(375)) - jetty-9.4.43.v20210629; built: 2021-06-30T11:07:22.254Z; git: 526006ecfa3af7f1a27ef3a288e2bef7ea9dd7e8; jvm 1.8.0_322-b06
2022-05-07 13:20:10,580 [grpc-default-executor-4] INFO  server.RaftServer$Division (ServerState.java:setLeader(285)) - omNode-1@group-523986131536: change Leader from null to omNode-3 at term 7 for appendEntries, leader elected after 419ms
2022-05-07 13:20:10,588 [Listener at localhost/32919] INFO  server.session (DefaultSessionIdManager.java:doStart(334)) - DefaultSessionIdManager workerName=node0
2022-05-07 13:20:10,588 [Listener at localhost/32919] INFO  server.session (DefaultSessionIdManager.java:doStart(339)) - No SessionScavenger set, using defaults
2022-05-07 13:20:10,588 [omNode-3@group-523986131536-SegmentedRaftLogWorker] INFO  segmented.SegmentedRaftLogWorker (SegmentedRaftLogWorker.java:execute(601)) - omNode-3@group-523986131536-SegmentedRaftLogWorker: created new log segment /home/runner/work/ozone/ozone/hadoop-ozone/integration-test/target/test-dir/MiniOzoneClusterImpl-d5882a6c-7ff2-4adf-97a8-10f223e238e9/omNode-3/ratis/c9bc4cf4-3bc3-3c60-a66b-523986131536/current/log_inprogress_463
2022-05-07 13:20:10,589 [Listener at localhost/32919] INFO  server.session (HouseKeeper.java:startScavenging(132)) - node0 Scavenging every 660000ms
2022-05-07 13:20:10,600 [Listener at localhost/32919] INFO  handler.ContextHandler (ContextHandler.java:doStart(915)) - Started o.e.j.s.ServletContextHandler@5938eb23{logs,/logs,file:///home/runner/work/ozone/ozone/hadoop-ozone/integration-test/target/log,AVAILABLE}
2022-05-07 13:20:10,600 [Listener at localhost/32919] INFO  handler.ContextHandler (ContextHandler.java:doStart(915)) - Started o.e.j.s.ServletContextHandler@4c9cf921{static,/static,file:///home/runner/work/ozone/ozone/hadoop-ozone/integration-test/target/test-classes/webapps/static,AVAILABLE}
2022-05-07 13:20:10,605 [grpc-default-executor-4] INFO  server.RaftServer$Division (ServerState.java:setRaftConf(387)) - omNode-1@group-523986131536: set configuration 463: [omNode-3|rpc:localhost:42517|admin:|client:|dataStream:|priority:0, omNode-1|rpc:localhost:46667|admin:|client:|dataStream:|priority:0, omNode-2|rpc:localhost:35089|admin:|client:|dataStream:|priority:0], old=null
2022-05-07 13:20:10,605 [grpc-default-executor-4] INFO  segmented.SegmentedRaftLogWorker (SegmentedRaftLogWorker.java:rollLogSegment(399)) - omNode-1@group-523986131536-SegmentedRaftLogWorker: Rolling segment log-415_462 to index:462
2022-05-07 13:20:10,608 [omNode-1@group-523986131536-SegmentedRaftLogWorker] INFO  segmented.SegmentedRaftLogWorker (SegmentedRaftLogWorker.java:execute(558)) - omNode-1@group-523986131536-SegmentedRaftLogWorker: Rolled log segment from /home/runner/work/ozone/ozone/hadoop-ozone/integration-test/target/test-dir/MiniOzoneClusterImpl-d5882a6c-7ff2-4adf-97a8-10f223e238e9/omNode-1/ratis/c9bc4cf4-3bc3-3c60-a66b-523986131536/current/log_inprogress_415 to /home/runner/work/ozone/ozone/hadoop-ozone/integration-test/target/test-dir/MiniOzoneClusterImpl-d5882a6c-7ff2-4adf-97a8-10f223e238e9/omNode-1/ratis/c9bc4cf4-3bc3-3c60-a66b-523986131536/current/log_415-462
2022-05-07 13:20:10,617 [Listener at localhost/32919] INFO  handler.ContextHandler (ContextHandler.java:doStart(915)) - Started o.e.j.w.WebAppContext@cae1f58{ozoneManager,/,file:///home/runner/work/ozone/ozone/hadoop-ozone/integration-test/target/test-classes/webapps/ozoneManager/,AVAILABLE}{file:/home/runner/work/ozone/ozone/hadoop-ozone/integration-test/target/test-classes/webapps/ozoneManager}
2022-05-07 13:20:10,622 [Listener at localhost/32919] INFO  server.AbstractConnector (AbstractConnector.java:doStart(331)) - Started ServerConnector@74628d38{HTTP/1.1, (http/1.1)}{0.0.0.0:34619}
2022-05-07 13:20:10,623 [Listener at localhost/32919] INFO  server.Server (Server.java:doStart(415)) - Started @198648ms
2022-05-07 13:20:10,630 [Listener at localhost/32919] WARN  impl.MetricsSystemImpl (MetricsSystemImpl.java:register(279)) - Sink prometheus already exists!
2022-05-07 13:20:10,631 [Listener at localhost/32919] INFO  http.BaseHttpServer (BaseHttpServer.java:updateConnectorAddress(329)) - HTTP server of ozoneManager listening at http://0.0.0.0:34619
2022-05-07 13:20:10,632 [omNode-1@group-523986131536-SegmentedRaftLogWorker] INFO  segmented.SegmentedRaftLogWorker (SegmentedRaftLogWorker.java:execute(601)) - omNode-1@group-523986131536-SegmentedRaftLogWorker: created new log segment /home/runner/work/ozone/ozone/hadoop-ozone/integration-test/target/test-dir/MiniOzoneClusterImpl-d5882a6c-7ff2-4adf-97a8-10f223e238e9/omNode-1/ratis/c9bc4cf4-3bc3-3c60-a66b-523986131536/current/log_inprogress_463
2022-05-07 13:20:10,635 [IPC Server Responder] INFO  ipc.Server (Server.java:run(1507)) - IPC Server Responder: starting
2022-05-07 13:20:10,635 [IPC Server listener on 32919] INFO  ipc.Server (Server.java:run(1344)) - IPC Server listener on 32919: starting
2022-05-07 13:20:10,676 [Listener at localhost/32919] INFO  om.OzoneManager (OzoneManager.java:startTrashEmptier(1835)) - Trash Interval set to 0. Files deleted won't move to trash
]]></system-out>
    <rerunError type="java.util.concurrent.TimeoutException">
      <stackTrace><![CDATA[java.util.concurrent.TimeoutException: timeout: after 120000 millis
	at org.apache.ozone.test.LambdaTestUtils$GenerateTimeout.evaluate(LambdaTestUtils.java:677)
	at org.apache.ozone.test.LambdaTestUtils.await(LambdaTestUtils.java:154)
	at org.apache.ozone.test.LambdaTestUtils.await(LambdaTestUtils.java:192)
	at org.apache.hadoop.ozone.om.TestOzoneManagerPrepare.assertClusterNotPrepared(TestOzoneManagerPrepare.java:486)
	at org.apache.hadoop.ozone.om.TestOzoneManagerPrepare.assertClusterNotPrepared(TestOzoneManagerPrepare.java:480)
	at org.apache.hadoop.ozone.om.TestOzoneManagerPrepare.testPrepareDownedOM(TestOzoneManagerPrepare.java:173)
	at sun.reflect.NativeMethodAccessorImpl.invoke0(Native Method)
	at sun.reflect.NativeMethodAccessorImpl.invoke(NativeMethodAccessorImpl.java:62)
	at sun.reflect.DelegatingMethodAccessorImpl.invoke(DelegatingMethodAccessorImpl.java:43)
	at java.lang.reflect.Method.invoke(Method.java:498)
	at org.junit.platform.commons.util.ReflectionUtils.invokeMethod(ReflectionUtils.java:688)
	at org.junit.jupiter.engine.execution.MethodInvocation.proceed(MethodInvocation.java:60)
	at org.junit.jupiter.engine.execution.InvocationInterceptorChain$ValidatingInvocation.proceed(InvocationInterceptorChain.java:131)
	at org.junit.jupiter.engine.extension.TimeoutInvocation.proceed(TimeoutInvocation.java:46)
	at org.junit.jupiter.engine.extension.TimeoutExtension.intercept(TimeoutExtension.java:149)
	at org.junit.jupiter.engine.extension.TimeoutExtension.interceptTestableMethod(TimeoutExtension.java:140)
	at org.junit.jupiter.engine.extension.TimeoutExtension.interceptTestMethod(TimeoutExtension.java:84)
	at org.junit.jupiter.engine.execution.ExecutableInvoker$ReflectiveInterceptorCall.lambda$ofVoidMethod$0(ExecutableInvoker.java:115)
	at org.junit.jupiter.engine.execution.ExecutableInvoker.lambda$invoke$0(ExecutableInvoker.java:105)
	at org.junit.jupiter.engine.execution.InvocationInterceptorChain$InterceptedInvocation.proceed(InvocationInterceptorChain.java:106)
	at org.junit.jupiter.engine.execution.InvocationInterceptorChain.proceed(InvocationInterceptorChain.java:64)
	at org.junit.jupiter.engine.execution.InvocationInterceptorChain.chainAndInvoke(InvocationInterceptorChain.java:45)
	at org.junit.jupiter.engine.execution.InvocationInterceptorChain.invoke(InvocationInterceptorChain.java:37)
	at org.junit.jupiter.engine.execution.ExecutableInvoker.invoke(ExecutableInvoker.java:104)
	at org.junit.jupiter.engine.execution.ExecutableInvoker.invoke(ExecutableInvoker.java:98)
	at org.junit.jupiter.engine.descriptor.TestMethodTestDescriptor.lambda$invokeTestMethod$6(TestMethodTestDescriptor.java:210)
	at org.junit.platform.engine.support.hierarchical.ThrowableCollector.execute(ThrowableCollector.java:73)
	at org.junit.jupiter.engine.descriptor.TestMethodTestDescriptor.invokeTestMethod(TestMethodTestDescriptor.java:206)
	at org.junit.jupiter.engine.descriptor.TestMethodTestDescriptor.execute(TestMethodTestDescriptor.java:131)
	at org.junit.jupiter.engine.descriptor.TestMethodTestDescriptor.execute(TestMethodTestDescriptor.java:65)
	at org.junit.platform.engine.support.hierarchical.NodeTestTask.lambda$executeRecursively$5(NodeTestTask.java:139)
	at org.junit.platform.engine.support.hierarchical.ThrowableCollector.execute(ThrowableCollector.java:73)
	at org.junit.platform.engine.support.hierarchical.NodeTestTask.lambda$executeRecursively$7(NodeTestTask.java:129)
	at org.junit.platform.engine.support.hierarchical.Node.around(Node.java:137)
	at org.junit.platform.engine.support.hierarchical.NodeTestTask.lambda$executeRecursively$8(NodeTestTask.java:127)
	at org.junit.platform.engine.support.hierarchical.ThrowableCollector.execute(ThrowableCollector.java:73)
	at org.junit.platform.engine.support.hierarchical.NodeTestTask.executeRecursively(NodeTestTask.java:126)
	at org.junit.platform.engine.support.hierarchical.NodeTestTask.execute(NodeTestTask.java:84)
	at java.util.ArrayList.forEach(ArrayList.java:1259)
	at org.junit.platform.engine.support.hierarchical.SameThreadHierarchicalTestExecutorService.invokeAll(SameThreadHierarchicalTestExecutorService.java:38)
	at org.junit.platform.engine.support.hierarchical.NodeTestTask.lambda$executeRecursively$5(NodeTestTask.java:143)
	at org.junit.platform.engine.support.hierarchical.ThrowableCollector.execute(ThrowableCollector.java:73)
	at org.junit.platform.engine.support.hierarchical.NodeTestTask.lambda$executeRecursively$7(NodeTestTask.java:129)
	at org.junit.platform.engine.support.hierarchical.Node.around(Node.java:137)
	at org.junit.platform.engine.support.hierarchical.NodeTestTask.lambda$executeRecursively$8(NodeTestTask.java:127)
	at org.junit.platform.engine.support.hierarchical.ThrowableCollector.execute(ThrowableCollector.java:73)
	at org.junit.platform.engine.support.hierarchical.NodeTestTask.executeRecursively(NodeTestTask.java:126)
	at org.junit.platform.engine.support.hierarchical.NodeTestTask.execute(NodeTestTask.java:84)
	at java.util.ArrayList.forEach(ArrayList.java:1259)
	at org.junit.platform.engine.support.hierarchical.SameThreadHierarchicalTestExecutorService.invokeAll(SameThreadHierarchicalTestExecutorService.java:38)
	at org.junit.platform.engine.support.hierarchical.NodeTestTask.lambda$executeRecursively$5(NodeTestTask.java:143)
	at org.junit.platform.engine.support.hierarchical.ThrowableCollector.execute(ThrowableCollector.java:73)
	at org.junit.platform.engine.support.hierarchical.NodeTestTask.lambda$executeRecursively$7(NodeTestTask.java:129)
	at org.junit.platform.engine.support.hierarchical.Node.around(Node.java:137)
	at org.junit.platform.engine.support.hierarchical.NodeTestTask.lambda$executeRecursively$8(NodeTestTask.java:127)
	at org.junit.platform.engine.support.hierarchical.ThrowableCollector.execute(ThrowableCollector.java:73)
	at org.junit.platform.engine.support.hierarchical.NodeTestTask.executeRecursively(NodeTestTask.java:126)
	at org.junit.platform.engine.support.hierarchical.NodeTestTask.execute(NodeTestTask.java:84)
	at org.junit.platform.engine.support.hierarchical.SameThreadHierarchicalTestExecutorService.submit(SameThreadHierarchicalTestExecutorService.java:32)
	at org.junit.platform.engine.support.hierarchical.HierarchicalTestExecutor.execute(HierarchicalTestExecutor.java:57)
	at org.junit.platform.engine.support.hierarchical.HierarchicalTestEngine.execute(HierarchicalTestEngine.java:51)
	at org.junit.platform.launcher.core.EngineExecutionOrchestrator.execute(EngineExecutionOrchestrator.java:108)
	at org.junit.platform.launcher.core.EngineExecutionOrchestrator.execute(EngineExecutionOrchestrator.java:88)
	at org.junit.platform.launcher.core.EngineExecutionOrchestrator.lambda$execute$0(EngineExecutionOrchestrator.java:54)
	at org.junit.platform.launcher.core.EngineExecutionOrchestrator.withInterceptedStreams(EngineExecutionOrchestrator.java:67)
	at org.junit.platform.launcher.core.EngineExecutionOrchestrator.execute(EngineExecutionOrchestrator.java:52)
	at org.junit.platform.launcher.core.DefaultLauncher.execute(DefaultLauncher.java:96)
	at org.junit.platform.launcher.core.DefaultLauncher.execute(DefaultLauncher.java:75)
	at org.apache.maven.surefire.junitplatform.JUnitPlatformProvider.invokeAllTests(JUnitPlatformProvider.java:165)
	at org.apache.maven.surefire.junitplatform.JUnitPlatformProvider.invoke(JUnitPlatformProvider.java:124)
	at org.apache.maven.surefire.booter.ForkedBooter.runSuitesInProcess(ForkedBooter.java:428)
	at org.apache.maven.surefire.booter.ForkedBooter.execute(ForkedBooter.java:162)
	at org.apache.maven.surefire.booter.ForkedBooter.run(ForkedBooter.java:562)
	at org.apache.maven.surefire.booter.ForkedBooter.main(ForkedBooter.java:548)
]]></stackTrace>
      <system-out><![CDATA[