<?xml version="1.0" encoding="UTF-8"?>
<testsuite xmlns:xsi="http://www.w3.org/2001/XMLSchema-instance" xsi:noNamespaceSchemaLocation="https://maven.apache.org/surefire/maven-surefire-plugin/xsd/surefire-test-report.xsd" name="org.apache.hadoop.hdds.scm.pipeline.TestNode2PipelineMap" time="300.138" tests="1" errors="1" skipped="0" failures="0">
  <properties>
    <property name="awt.toolkit" value="sun.awt.X11.XToolkit"/>
    <property name="file.encoding.pkg" value="sun.io"/>
    <property name="java.specification.version" value="1.8"/>
    <property name="sun.cpu.isalist" value=""/>
    <property name="sun.jnu.encoding" value="ANSI_X3.4-1968"/>
    <property name="java.class.path" value="/github/workspace/mnt/ozone/hadoop-ozone/integration-test/target/test-classes:/github/workspace/mnt/ozone/hadoop-ozone/integration-test/target/classes:/home/user/.m2/repository/org/apache/hadoop/hadoop-ozone-common/0.6.0-SNAPSHOT/hadoop-ozone-common-0.6.0-SNAPSHOT.jar:/home/user/.m2/repository/org/apache/commons/commons-compress/1.4.1/commons-compress-1.4.1.jar:/home/user/.m2/repository/org/tukaani/xz/1.0/xz-1.0.jar:/home/user/.m2/repository/org/apache/hadoop/hadoop-hdds-common/0.6.0-SNAPSHOT/hadoop-hdds-common-0.6.0-SNAPSHOT.jar:/home/user/.m2/repository/org/apache/hadoop/hadoop-hdds-hadoop-dependency-client/0.6.0-SNAPSHOT/hadoop-hdds-hadoop-dependency-client-0.6.0-SNAPSHOT.jar:/home/user/.m2/repository/info/picocli/picocli/3.9.6/picocli-3.9.6.jar:/home/user/.m2/repository/com/fasterxml/jackson/core/jackson-annotations/2.10.3/jackson-annotations-2.10.3.jar:/home/user/.m2/repository/javax/annotation/javax.annotation-api/1.2/javax.annotation-api-1.2.jar:/home/user/.m2/repository/org/apache/ratis/ratis-server/1.0.0/ratis-server-1.0.0.jar:/home/user/.m2/repository/org/apache/ratis/ratis-client/1.0.0/ratis-client-1.0.0.jar:/home/user/.m2/repository/org/apache/ratis/ratis-metrics/1.0.0/ratis-metrics-1.0.0.jar:/home/user/.m2/repository/org/apache/ratis/ratis-netty/1.0.0/ratis-netty-1.0.0.jar:/home/user/.m2/repository/org/apache/ratis/ratis-grpc/1.0.0/ratis-grpc-1.0.0.jar:/home/user/.m2/repository/org/apache/logging/log4j/log4j-api/2.11.0/log4j-api-2.11.0.jar:/home/user/.m2/repository/org/apache/logging/log4j/log4j-core/2.11.0/log4j-core-2.11.0.jar:/home/user/.m2/repository/com/lmax/disruptor/3.4.2/disruptor-3.4.2.jar:/home/user/.m2/repository/org/apache/commons/commons-pool2/2.6.0/commons-pool2-2.6.0.jar:/home/user/.m2/repository/org/bouncycastle/bcpkix-jdk15on/1.60/bcpkix-jdk15on-1.60.jar:/home/user/.m2/repository/commons-validator/commons-validator/1.6/commons-validator-1.6.jar:/home/user/.m2/repository/commons-digester/commons-digester/1.8.1/commons-digester-1.8.1.jar:/home/user/.m2/repository/io/jaegertracing/jaeger-client/1.2.0/jaeger-client-1.2.0.jar:/home/user/.m2/repository/io/jaegertracing/jaeger-thrift/1.2.0/jaeger-thrift-1.2.0.jar:/home/user/.m2/repository/org/apache/thrift/libthrift/0.13.0/libthrift-0.13.0.jar:/home/user/.m2/repository/com/squareup/okhttp3/okhttp/4.2.2/okhttp-4.2.2.jar:/home/user/.m2/repository/com/squareup/okio/okio/2.2.2/okio-2.2.2.jar:/home/user/.m2/repository/org/jetbrains/kotlin/kotlin-stdlib/1.3.50/kotlin-stdlib-1.3.50.jar:/home/user/.m2/repository/org/jetbrains/kotlin/kotlin-stdlib-common/1.3.50/kotlin-stdlib-common-1.3.50.jar:/home/user/.m2/repository/org/jetbrains/annotations/13.0/annotations-13.0.jar:/home/user/.m2/repository/io/jaegertracing/jaeger-core/1.2.0/jaeger-core-1.2.0.jar:/home/user/.m2/repository/io/jaegertracing/jaeger-tracerresolver/1.2.0/jaeger-tracerresolver-1.2.0.jar:/home/user/.m2/repository/io/opentracing/contrib/opentracing-tracerresolver/0.1.8/opentracing-tracerresolver-0.1.8.jar:/home/user/.m2/repository/io/opentracing/opentracing-util/0.33.0/opentracing-util-0.33.0.jar:/home/user/.m2/repository/io/opentracing/opentracing-api/0.33.0/opentracing-api-0.33.0.jar:/home/user/.m2/repository/io/opentracing/opentracing-noop/0.33.0/opentracing-noop-0.33.0.jar:/home/user/.m2/repository/org/apache/hadoop/hadoop-hdds-client/0.6.0-SNAPSHOT/hadoop-hdds-client-0.6.0-SNAPSHOT.jar:/home/user/.m2/repository/org/apache/hadoop/hadoop-ozone-interface-client/0.6.0-SNAPSHOT/hadoop-ozone-interface-client-0.6.0-SNAPSHOT.jar:/home/user/.m2/repository/org/apache/hadoop/hadoop-hdds-test-utils/0.6.0-SNAPSHOT/hadoop-hdds-test-utils-0.6.0-SNAPSHOT.jar:/home/user/.m2/repository/com/google/guava/guava/28.2-jre/guava-28.2-jre.jar:/home/user/.m2/repository/com/google/guava/failureaccess/1.0.1/failureaccess-1.0.1.jar:/home/user/.m2/repository/com/google/guava/listenablefuture/9999.0-empty-to-avoid-conflict-with-guava/listenablefuture-9999.0-empty-to-avoid-conflict-with-guava.jar:/home/user/.m2/repository/com/google/code/findbugs/jsr305/3.0.0/jsr305-3.0.0.jar:/home/user/.m2/repository/org/checkerframework/checker-qual/2.10.0/checker-qual-2.10.0.jar:/home/user/.m2/repository/com/google/errorprone/error_prone_annotations/2.2.0/error_prone_annotations-2.2.0.jar:/home/user/.m2/repository/com/google/j2objc/j2objc-annotations/1.3/j2objc-annotations-1.3.jar:/home/user/.m2/repository/commons-io/commons-io/2.5/commons-io-2.5.jar:/home/user/.m2/repository/commons-logging/commons-logging/1.2/commons-logging-1.2.jar:/home/user/.m2/repository/log4j/log4j/1.2.17/log4j-1.2.17.jar:/home/user/.m2/repository/org/slf4j/slf4j-api/1.7.25/slf4j-api-1.7.25.jar:/home/user/.m2/repository/org/apache/hadoop/hadoop-hdds-server-scm/0.6.0-SNAPSHOT/hadoop-hdds-server-scm-0.6.0-SNAPSHOT.jar:/home/user/.m2/repository/org/apache/hadoop/hadoop-hdds-container-service/0.6.0-SNAPSHOT/hadoop-hdds-container-service-0.6.0-SNAPSHOT.jar:/home/user/.m2/repository/org/apache/hadoop/hadoop-hdds-hadoop-dependency-server/0.6.0-SNAPSHOT/hadoop-hdds-hadoop-dependency-server-0.6.0-SNAPSHOT.jar:/home/user/.m2/repository/org/apache/hadoop/hadoop-hdds-server-framework/0.6.0-SNAPSHOT/hadoop-hdds-server-framework-0.6.0-SNAPSHOT.jar:/home/user/.m2/repository/org/apache/hadoop/hadoop-hdds-interface-server/0.6.0-SNAPSHOT/hadoop-hdds-interface-server-0.6.0-SNAPSHOT.jar:/home/user/.m2/repository/org/apache/hadoop/hadoop-hdds-interface-admin/0.6.0-SNAPSHOT/hadoop-hdds-interface-admin-0.6.0-SNAPSHOT.jar:/home/user/.m2/repository/org/rocksdb/rocksdbjni/6.8.1/rocksdbjni-6.8.1.jar:/home/user/.m2/repository/io/prometheus/simpleclient_dropwizard/0.7.0/simpleclient_dropwizard-0.7.0.jar:/home/user/.m2/repository/io/prometheus/simpleclient/0.7.0/simpleclient-0.7.0.jar:/home/user/.m2/repository/io/prometheus/simpleclient_common/0.7.0/simpleclient_common-0.7.0.jar:/home/user/.m2/repository/com/fasterxml/jackson/datatype/jackson-datatype-jsr310/2.10.3/jackson-datatype-jsr310-2.10.3.jar:/home/user/.m2/repository/org/apache/hadoop/hadoop-hdds-docs/0.6.0-SNAPSHOT/hadoop-hdds-docs-0.6.0-SNAPSHOT.jar:/home/user/.m2/repository/io/dropwizard/metrics/metrics-core/3.2.4/metrics-core-3.2.4.jar:/home/user/.m2/repository/org/apache/hadoop/hadoop-hdfs-client/3.2.1/hadoop-hdfs-client-3.2.1.jar:/home/user/.m2/repository/org/bouncycastle/bcprov-jdk15on/1.60/bcprov-jdk15on-1.60.jar:/home/user/.m2/repository/org/apache/hadoop/hadoop-ozone-ozone-manager/0.6.0-SNAPSHOT/hadoop-ozone-ozone-manager-0.6.0-SNAPSHOT.jar:/home/user/.m2/repository/org/apache/hadoop/hadoop-hdds-interface-client/0.6.0-SNAPSHOT/hadoop-hdds-interface-client-0.6.0-SNAPSHOT.jar:/home/user/.m2/repository/org/apache/ratis/ratis-thirdparty-misc/0.5.0/ratis-thirdparty-misc-0.5.0.jar:/home/user/.m2/repository/org/apache/hadoop/hadoop-minikdc/3.2.1/hadoop-minikdc-3.2.1.jar:/home/user/.m2/repository/org/apache/kerby/kerb-simplekdc/1.0.1/kerb-simplekdc-1.0.1.jar:/home/user/.m2/repository/org/apache/kerby/kerb-client/1.0.1/kerb-client-1.0.1.jar:/home/user/.m2/repository/org/apache/kerby/kerby-config/1.0.1/kerby-config-1.0.1.jar:/home/user/.m2/repository/org/apache/kerby/kerb-core/1.0.1/kerb-core-1.0.1.jar:/home/user/.m2/repository/org/apache/kerby/kerby-pkix/1.0.1/kerby-pkix-1.0.1.jar:/home/user/.m2/repository/org/apache/kerby/kerby-asn1/1.0.1/kerby-asn1-1.0.1.jar:/home/user/.m2/repository/org/apache/kerby/kerby-util/1.0.1/kerby-util-1.0.1.jar:/home/user/.m2/repository/org/apache/kerby/kerb-common/1.0.1/kerb-common-1.0.1.jar:/home/user/.m2/repository/org/apache/kerby/kerb-crypto/1.0.1/kerb-crypto-1.0.1.jar:/home/user/.m2/repository/org/apache/kerby/kerb-util/1.0.1/kerb-util-1.0.1.jar:/home/user/.m2/repository/org/apache/kerby/token-provider/1.0.1/token-provider-1.0.1.jar:/home/user/.m2/repository/org/apache/kerby/kerb-admin/1.0.1/kerb-admin-1.0.1.jar:/home/user/.m2/repository/org/apache/kerby/kerb-server/1.0.1/kerb-server-1.0.1.jar:/home/user/.m2/repository/org/apache/kerby/kerb-identity/1.0.1/kerb-identity-1.0.1.jar:/home/user/.m2/repository/org/apache/kerby/kerby-xdr/1.0.1/kerby-xdr-1.0.1.jar:/home/user/.m2/repository/org/slf4j/slf4j-log4j12/1.7.25/slf4j-log4j12-1.7.25.jar:/home/user/.m2/repository/org/apache/hadoop/hadoop-ozone-s3gateway/0.6.0-SNAPSHOT/hadoop-ozone-s3gateway-0.6.0-SNAPSHOT.jar:/home/user/.m2/repository/org/jboss/weld/servlet/weld-servlet/2.4.7.Final/weld-servlet-2.4.7.Final.jar:/home/user/.m2/repository/org/glassfish/jersey/containers/jersey-container-servlet-core/2.27/jersey-container-servlet-core-2.27.jar:/home/user/.m2/repository/org/glassfish/hk2/external/javax.inject/2.5.0-b42/javax.inject-2.5.0-b42.jar:/home/user/.m2/repository/org/glassfish/jersey/core/jersey-common/2.27/jersey-common-2.27.jar:/home/user/.m2/repository/org/glassfish/hk2/osgi-resource-locator/1.0.1/osgi-resource-locator-1.0.1.jar:/home/user/.m2/repository/javax/ws/rs/javax.ws.rs-api/2.1/javax.ws.rs-api-2.1.jar:/home/user/.m2/repository/org/glassfish/jersey/ext/cdi/jersey-cdi1x/2.27/jersey-cdi1x-2.27.jar:/home/user/.m2/repository/org/glassfish/jersey/inject/jersey-hk2/2.27/jersey-hk2-2.27.jar:/home/user/.m2/repository/org/glassfish/hk2/hk2-locator/2.5.0-b42/hk2-locator-2.5.0-b42.jar:/home/user/.m2/repository/org/javassist/javassist/3.22.0-CR2/javassist-3.22.0-CR2.jar:/home/user/.m2/repository/org/glassfish/hk2/hk2-api/2.5.0/hk2-api-2.5.0.jar:/home/user/.m2/repository/org/glassfish/hk2/external/jakarta.inject/2.5.0/jakarta.inject-2.5.0.jar:/home/user/.m2/repository/org/glassfish/hk2/hk2-utils/2.5.0/hk2-utils-2.5.0.jar:/home/user/.m2/repository/jakarta/annotation/jakarta.annotation-api/1.3.4/jakarta.annotation-api-1.3.4.jar:/home/user/.m2/repository/org/glassfish/hk2/external/aopalliance-repackaged/2.5.0/aopalliance-repackaged-2.5.0.jar:/home/user/.m2/repository/com/fasterxml/jackson/dataformat/jackson-dataformat-xml/2.10.3/jackson-dataformat-xml-2.10.3.jar:/home/user/.m2/repository/com/fasterxml/jackson/core/jackson-core/2.10.3/jackson-core-2.10.3.jar:/home/user/.m2/repository/com/fasterxml/jackson/module/jackson-module-jaxb-annotations/2.10.3/jackson-module-jaxb-annotations-2.10.3.jar:/home/user/.m2/repository/jakarta/xml/bind/jakarta.xml.bind-api/2.3.2/jakarta.xml.bind-api-2.3.2.jar:/home/user/.m2/repository/jakarta/activation/jakarta.activation-api/1.2.1/jakarta.activation-api-1.2.1.jar:/home/user/.m2/repository/org/codehaus/woodstox/stax2-api/3.1.4/stax2-api-3.1.4.jar:/home/user/.m2/repository/com/fasterxml/woodstox/woodstox-core/5.0.3/woodstox-core-5.0.3.jar:/home/user/.m2/repository/javax/enterprise/cdi-api/1.2/cdi-api-1.2.jar:/home/user/.m2/repository/javax/el/javax.el-api/3.0.0/javax.el-api-3.0.0.jar:/home/user/.m2/repository/javax/interceptor/javax.interceptor-api/1.2/javax.interceptor-api-1.2.jar:/home/user/.m2/repository/javax/inject/javax.inject/1/javax.inject-1.jar:/home/user/.m2/repository/com/sun/xml/bind/jaxb-impl/2.3.0.1/jaxb-impl-2.3.0.1.jar:/home/user/.m2/repository/com/sun/xml/bind/jaxb-core/2.3.0.1/jaxb-core-2.3.0.1.jar:/home/user/.m2/repository/javax/xml/bind/jaxb-api/2.3.0/jaxb-api-2.3.0.jar:/home/user/.m2/repository/javax/activation/activation/1.1.1/activation-1.1.1.jar:/home/user/.m2/repository/org/apache/hadoop/hadoop-ozone-csi/0.6.0-SNAPSHOT/hadoop-ozone-csi-0.6.0-SNAPSHOT.jar:/home/user/.m2/repository/com/google/protobuf/protobuf-java-util/3.11.0/protobuf-java-util-3.11.0.jar:/home/user/.m2/repository/com/google/code/gson/gson/2.2.4/gson-2.2.4.jar:/home/user/.m2/repository/org/apache/hadoop/hadoop-hdds-config/0.6.0-SNAPSHOT/hadoop-hdds-config-0.6.0-SNAPSHOT.jar:/home/user/.m2/repository/com/google/protobuf/protobuf-java/2.5.0/protobuf-java-2.5.0.jar:/home/user/.m2/repository/io/grpc/grpc-netty/1.29.0/grpc-netty-1.29.0.jar:/home/user/.m2/repository/io/grpc/grpc-core/1.29.0/grpc-core-1.29.0.jar:/home/user/.m2/repository/com/google/android/annotations/4.1.1.4/annotations-4.1.1.4.jar:/home/user/.m2/repository/io/perfmark/perfmark-api/0.19.0/perfmark-api-0.19.0.jar:/home/user/.m2/repository/io/netty/netty-codec-http2/4.1.48.Final/netty-codec-http2-4.1.48.Final.jar:/home/user/.m2/repository/io/netty/netty-codec/4.1.48.Final/netty-codec-4.1.48.Final.jar:/home/user/.m2/repository/io/netty/netty-handler/4.1.48.Final/netty-handler-4.1.48.Final.jar:/home/user/.m2/repository/io/netty/netty-codec-http/4.1.48.Final/netty-codec-http-4.1.48.Final.jar:/home/user/.m2/repository/io/netty/netty-handler-proxy/4.1.48.Final/netty-handler-proxy-4.1.48.Final.jar:/home/user/.m2/repository/io/netty/netty-codec-socks/4.1.48.Final/netty-codec-socks-4.1.48.Final.jar:/home/user/.m2/repository/io/netty/netty-transport-native-epoll/4.1.48.Final/netty-transport-native-epoll-4.1.48.Final.jar:/home/user/.m2/repository/io/netty/netty-common/4.1.48.Final/netty-common-4.1.48.Final.jar:/home/user/.m2/repository/io/netty/netty-buffer/4.1.48.Final/netty-buffer-4.1.48.Final.jar:/home/user/.m2/repository/io/netty/netty-transport/4.1.48.Final/netty-transport-4.1.48.Final.jar:/home/user/.m2/repository/io/netty/netty-resolver/4.1.48.Final/netty-resolver-4.1.48.Final.jar:/home/user/.m2/repository/io/netty/netty-transport-native-unix-common/4.1.48.Final/netty-transport-native-unix-common-4.1.48.Final.jar:/home/user/.m2/repository/io/grpc/grpc-protobuf/1.29.0/grpc-protobuf-1.29.0.jar:/home/user/.m2/repository/io/grpc/grpc-api/1.29.0/grpc-api-1.29.0.jar:/home/user/.m2/repository/io/grpc/grpc-context/1.29.0/grpc-context-1.29.0.jar:/home/user/.m2/repository/org/codehaus/mojo/animal-sniffer-annotations/1.18/animal-sniffer-annotations-1.18.jar:/home/user/.m2/repository/com/google/api/grpc/proto-google-common-protos/1.17.0/proto-google-common-protos-1.17.0.jar:/home/user/.m2/repository/io/grpc/grpc-protobuf-lite/1.29.0/grpc-protobuf-lite-1.29.0.jar:/home/user/.m2/repository/io/grpc/grpc-stub/1.29.0/grpc-stub-1.29.0.jar:/home/user/.m2/repository/org/apache/hadoop/hadoop-ozone-recon/0.6.0-SNAPSHOT/hadoop-ozone-recon-0.6.0-SNAPSHOT.jar:/home/user/.m2/repository/org/apache/hadoop/hadoop-ozone-reconcodegen/0.6.0-SNAPSHOT/hadoop-ozone-reconcodegen-0.6.0-SNAPSHOT.jar:/home/user/.m2/repository/com/google/inject/extensions/guice-multibindings/4.0/guice-multibindings-4.0.jar:/home/user/.m2/repository/com/google/inject/guice/4.0/guice-4.0.jar:/home/user/.m2/repository/aopalliance/aopalliance/1.0/aopalliance-1.0.jar:/home/user/.m2/repository/com/google/inject/extensions/guice-assistedinject/4.0/guice-assistedinject-4.0.jar:/home/user/.m2/repository/com/google/inject/extensions/guice-servlet/4.0/guice-servlet-4.0.jar:/home/user/.m2/repository/org/glassfish/jersey/containers/jersey-container-servlet/2.27/jersey-container-servlet-2.27.jar:/home/user/.m2/repository/org/glassfish/hk2/guice-bridge/2.5.0/guice-bridge-2.5.0.jar:/home/user/.m2/repository/org/glassfish/jersey/core/jersey-server/2.27/jersey-server-2.27.jar:/home/user/.m2/repository/org/glassfish/jersey/core/jersey-client/2.27/jersey-client-2.27.jar:/home/user/.m2/repository/org/glassfish/jersey/media/jersey-media-jaxb/2.27/jersey-media-jaxb-2.27.jar:/home/user/.m2/repository/javax/validation/validation-api/1.1.0.Final/validation-api-1.1.0.Final.jar:/home/user/.m2/repository/org/glassfish/jersey/media/jersey-media-json-jackson/2.27/jersey-media-json-jackson-2.27.jar:/home/user/.m2/repository/org/glassfish/jersey/ext/jersey-entity-filtering/2.27/jersey-entity-filtering-2.27.jar:/home/user/.m2/repository/org/jooq/jooq/3.11.10/jooq-3.11.10.jar:/home/user/.m2/repository/org/jooq/jooq-meta/3.11.10/jooq-meta-3.11.10.jar:/home/user/.m2/repository/org/jooq/jooq-codegen/3.11.10/jooq-codegen-3.11.10.jar:/home/user/.m2/repository/com/jolbox/bonecp/0.8.0.RELEASE/bonecp-0.8.0.RELEASE.jar:/home/user/.m2/repository/org/apache/derby/derby/10.14.2.0/derby-10.14.2.0.jar:/home/user/.m2/repository/org/xerial/sqlite-jdbc/3.25.2/sqlite-jdbc-3.25.2.jar:/home/user/.m2/repository/org/springframework/spring-jdbc/5.2.5.RELEASE/spring-jdbc-5.2.5.RELEASE.jar:/home/user/.m2/repository/org/springframework/spring-beans/5.2.5.RELEASE/spring-beans-5.2.5.RELEASE.jar:/home/user/.m2/repository/org/springframework/spring-core/5.2.5.RELEASE/spring-core-5.2.5.RELEASE.jar:/home/user/.m2/repository/org/springframework/spring-jcl/5.2.5.RELEASE/spring-jcl-5.2.5.RELEASE.jar:/home/user/.m2/repository/org/springframework/spring-tx/5.2.5.RELEASE/spring-tx-5.2.5.RELEASE.jar:/home/user/.m2/repository/org/apache/hadoop/hadoop-ozone-client/0.6.0-SNAPSHOT/hadoop-ozone-client-0.6.0-SNAPSHOT.jar:/home/user/.m2/repository/org/apache/hadoop/hadoop-ozone-filesystem/0.6.0-SNAPSHOT/hadoop-ozone-filesystem-0.6.0-SNAPSHOT.jar:/home/user/.m2/repository/org/apache/hadoop/hadoop-ozone-filesystem-common/0.6.0-SNAPSHOT/hadoop-ozone-filesystem-common-0.6.0-SNAPSHOT.jar:/home/user/.m2/repository/org/apache/hadoop/hadoop-ozone-tools/0.6.0-SNAPSHOT/hadoop-ozone-tools-0.6.0-SNAPSHOT.jar:/home/user/.m2/repository/org/apache/hadoop/hadoop-hdfs/3.2.1/hadoop-hdfs-3.2.1.jar:/home/user/.m2/repository/org/apache/ratis/ratis-tools/1.0.0/ratis-tools-1.0.0.jar:/home/user/.m2/repository/org/apache/ratis/ratis-proto/1.0.0/ratis-proto-1.0.0.jar:/home/user/.m2/repository/org/apache/ratis/ratis-common/1.0.0/ratis-common-1.0.0.jar:/home/user/.m2/repository/com/amazonaws/aws-java-sdk-core/1.11.615/aws-java-sdk-core-1.11.615.jar:/home/user/.m2/repository/org/apache/httpcomponents/httpclient/4.5.2/httpclient-4.5.2.jar:/home/user/.m2/repository/org/apache/httpcomponents/httpcore/4.4.4/httpcore-4.4.4.jar:/home/user/.m2/repository/software/amazon/ion/ion-java/1.0.2/ion-java-1.0.2.jar:/home/user/.m2/repository/com/fasterxml/jackson/dataformat/jackson-dataformat-cbor/2.10.3/jackson-dataformat-cbor-2.10.3.jar:/home/user/.m2/repository/joda-time/joda-time/2.8.1/joda-time-2.8.1.jar:/home/user/.m2/repository/com/amazonaws/aws-java-sdk-s3/1.11.615/aws-java-sdk-s3-1.11.615.jar:/home/user/.m2/repository/com/amazonaws/aws-java-sdk-kms/1.11.615/aws-java-sdk-kms-1.11.615.jar:/home/user/.m2/repository/com/amazonaws/jmespath-java/1.11.615/jmespath-java-1.11.615.jar:/home/user/.m2/repository/org/apache/hadoop/hadoop-hdds-tools/0.6.0-SNAPSHOT/hadoop-hdds-tools-0.6.0-SNAPSHOT.jar:/home/user/.m2/repository/commons-cli/commons-cli/1.2/commons-cli-1.2.jar:/home/user/.m2/repository/org/apache/commons/commons-lang3/3.7/commons-lang3-3.7.jar:/home/user/.m2/repository/org/apache/hadoop/hadoop-ozone-ozone-manager/0.6.0-SNAPSHOT/hadoop-ozone-ozone-manager-0.6.0-SNAPSHOT-tests.jar:/home/user/.m2/repository/junit/junit/4.11/junit-4.11.jar:/home/user/.m2/repository/org/hamcrest/hamcrest-core/1.3/hamcrest-core-1.3.jar:/home/user/.m2/repository/org/openjdk/jmh/jmh-core/1.19/jmh-core-1.19.jar:/home/user/.m2/repository/net/sf/jopt-simple/jopt-simple/4.6/jopt-simple-4.6.jar:/home/user/.m2/repository/org/apache/commons/commons-math3/3.1.1/commons-math3-3.1.1.jar:/home/user/.m2/repository/org/openjdk/jmh/jmh-generator-annprocess/1.19/jmh-generator-annprocess-1.19.jar:/home/user/.m2/repository/org/mockito/mockito-all/1.8.5/mockito-all-1.8.5.jar:/home/user/.m2/repository/org/apache/hadoop/hadoop-kms/3.2.1/hadoop-kms-3.2.1.jar:/home/user/.m2/repository/org/apache/hadoop/hadoop-auth/3.2.1/hadoop-auth-3.2.1.jar:/home/user/.m2/repository/com/nimbusds/nimbus-jose-jwt/7.9/nimbus-jose-jwt-7.9.jar:/home/user/.m2/repository/com/github/stephenc/jcip/jcip-annotations/1.0-1/jcip-annotations-1.0-1.jar:/home/user/.m2/repository/net/minidev/json-smart/2.3/json-smart-2.3.jar:/home/user/.m2/repository/net/minidev/accessors-smart/1.2/accessors-smart-1.2.jar:/home/user/.m2/repository/org/ow2/asm/asm/5.0.4/asm-5.0.4.jar:/home/user/.m2/repository/org/apache/zookeeper/zookeeper/3.4.13/zookeeper-3.4.13.jar:/home/user/.m2/repository/org/apache/yetus/audience-annotations/0.5.0/audience-annotations-0.5.0.jar:/home/user/.m2/repository/org/apache/curator/curator-framework/2.13.0/curator-framework-2.13.0.jar:/home/user/.m2/repository/com/sun/jersey/jersey-core/1.19/jersey-core-1.19.jar:/home/user/.m2/repository/javax/ws/rs/jsr311-api/1.1.1/jsr311-api-1.1.1.jar:/home/user/.m2/repository/com/sun/jersey/jersey-server/1.19/jersey-server-1.19.jar:/home/user/.m2/repository/javax/servlet/javax.servlet-api/3.1.0/javax.servlet-api-3.1.0.jar:/home/user/.m2/repository/org/eclipse/jetty/jetty-server/9.4.26.v20200117/jetty-server-9.4.26.v20200117.jar:/home/user/.m2/repository/org/eclipse/jetty/jetty-http/9.4.26.v20200117/jetty-http-9.4.26.v20200117.jar:/home/user/.m2/repository/org/eclipse/jetty/jetty-io/9.4.26.v20200117/jetty-io-9.4.26.v20200117.jar:/home/user/.m2/repository/org/eclipse/jetty/jetty-webapp/9.4.26.v20200117/jetty-webapp-9.4.26.v20200117.jar:/home/user/.m2/repository/org/eclipse/jetty/jetty-xml/9.4.26.v20200117/jetty-xml-9.4.26.v20200117.jar:/home/user/.m2/repository/org/eclipse/jetty/jetty-servlet/9.4.26.v20200117/jetty-servlet-9.4.26.v20200117.jar:/home/user/.m2/repository/org/eclipse/jetty/jetty-security/9.4.26.v20200117/jetty-security-9.4.26.v20200117.jar:/home/user/.m2/repository/org/apache/hadoop/hadoop-common/3.2.1/hadoop-common-3.2.1.jar:/home/user/.m2/repository/commons-net/commons-net/3.6/commons-net-3.6.jar:/home/user/.m2/repository/commons-collections/commons-collections/3.2.2/commons-collections-3.2.2.jar:/home/user/.m2/repository/com/sun/jersey/jersey-servlet/1.19/jersey-servlet-1.19.jar:/home/user/.m2/repository/com/sun/jersey/jersey-json/1.19/jersey-json-1.19.jar:/home/user/.m2/repository/org/codehaus/jettison/jettison/1.1/jettison-1.1.jar:/home/user/.m2/repository/org/codehaus/jackson/jackson-jaxrs/1.9.2/jackson-jaxrs-1.9.2.jar:/home/user/.m2/repository/org/codehaus/jackson/jackson-xc/1.9.2/jackson-xc-1.9.2.jar:/home/user/.m2/repository/commons-beanutils/commons-beanutils/1.9.4/commons-beanutils-1.9.4.jar:/home/user/.m2/repository/org/apache/commons/commons-configuration2/2.1.1/commons-configuration2-2.1.1.jar:/home/user/.m2/repository/org/apache/commons/commons-text/1.4/commons-text-1.4.jar:/home/user/.m2/repository/com/google/re2j/re2j/1.1/re2j-1.1.jar:/home/user/.m2/repository/com/jcraft/jsch/0.1.54/jsch-0.1.54.jar:/home/user/.m2/repository/org/apache/curator/curator-client/2.13.0/curator-client-2.13.0.jar:/home/user/.m2/repository/org/apache/curator/curator-recipes/2.13.0/curator-recipes-2.13.0.jar:/home/user/.m2/repository/dnsjava/dnsjava/2.1.7/dnsjava-2.1.7.jar:/home/user/.m2/repository/org/slf4j/jul-to-slf4j/1.7.25/jul-to-slf4j-1.7.25.jar:/home/user/.m2/repository/org/eclipse/jetty/jetty-util/9.4.26.v20200117/jetty-util-9.4.26.v20200117.jar:/home/user/.m2/repository/com/fasterxml/jackson/core/jackson-databind/2.10.3/jackson-databind-2.10.3.jar:/home/user/.m2/repository/org/apache/hadoop/hadoop-kms/3.2.1/hadoop-kms-3.2.1-tests.jar:/home/user/.m2/repository/org/apache/hadoop/hadoop-hdds-server-scm/0.6.0-SNAPSHOT/hadoop-hdds-server-scm-0.6.0-SNAPSHOT-tests.jar:/home/user/.m2/repository/org/apache/hadoop/hadoop-hdds-container-service/0.6.0-SNAPSHOT/hadoop-hdds-container-service-0.6.0-SNAPSHOT-tests.jar:/home/user/.m2/repository/org/apache/hadoop/hadoop-hdds-common/0.6.0-SNAPSHOT/hadoop-hdds-common-0.6.0-SNAPSHOT-tests.jar:/home/user/.m2/repository/org/yaml/snakeyaml/1.16/snakeyaml-1.16.jar:/home/user/.m2/repository/org/apache/hadoop/hadoop-hdds-hadoop-dependency-test/0.6.0-SNAPSHOT/hadoop-hdds-hadoop-dependency-test-0.6.0-SNAPSHOT.jar:/home/user/.m2/repository/org/apache/hadoop/hadoop-common/3.2.1/hadoop-common-3.2.1-tests.jar:/home/user/.m2/repository/javax/servlet/jsp/jsp-api/2.1/jsp-api-2.1.jar:/home/user/.m2/repository/org/apache/hadoop/hadoop-hdfs/3.2.1/hadoop-hdfs-3.2.1-tests.jar:/home/user/.m2/repository/org/eclipse/jetty/jetty-util-ajax/9.4.26.v20200117/jetty-util-ajax-9.4.26.v20200117.jar:/home/user/.m2/repository/commons-codec/commons-codec/1.11/commons-codec-1.11.jar:/home/user/.m2/repository/commons-daemon/commons-daemon/1.0.13/commons-daemon-1.0.13.jar:/home/user/.m2/repository/io/netty/netty/3.10.5.Final/netty-3.10.5.Final.jar:/home/user/.m2/repository/io/netty/netty-all/4.1.48.Final/netty-all-4.1.48.Final.jar:/home/user/.m2/repository/org/apache/htrace/htrace-core4/4.1.0-incubating/htrace-core4-4.1.0-incubating.jar:/home/user/.m2/repository/org/fusesource/leveldbjni/leveldbjni-all/1.8/leveldbjni-all-1.8.jar:/home/user/.m2/repository/org/apache/hadoop/hadoop-distcp/3.2.1/hadoop-distcp-3.2.1.jar:/home/user/.m2/repository/org/apache/hadoop/hadoop-mapreduce-client-jobclient/3.2.1/hadoop-mapreduce-client-jobclient-3.2.1.jar:/home/user/.m2/repository/org/apache/hadoop/hadoop-mapreduce-client-common/3.2.1/hadoop-mapreduce-client-common-3.2.1.jar:/home/user/.m2/repository/org/apache/hadoop/hadoop-yarn-common/3.2.1/hadoop-yarn-common-3.2.1.jar:/home/user/.m2/repository/org/apache/hadoop/hadoop-yarn-api/3.2.1/hadoop-yarn-api-3.2.1.jar:/home/user/.m2/repository/com/sun/jersey/jersey-client/1.19/jersey-client-1.19.jar:/home/user/.m2/repository/com/sun/jersey/contribs/jersey-guice/1.19/jersey-guice-1.19.jar:/home/user/.m2/repository/com/fasterxml/jackson/jaxrs/jackson-jaxrs-json-provider/2.10.3/jackson-jaxrs-json-provider-2.10.3.jar:/home/user/.m2/repository/com/fasterxml/jackson/jaxrs/jackson-jaxrs-base/2.10.3/jackson-jaxrs-base-2.10.3.jar:/home/user/.m2/repository/org/apache/hadoop/hadoop-yarn-client/3.2.1/hadoop-yarn-client-3.2.1.jar:/home/user/.m2/repository/org/apache/hadoop/hadoop-mapreduce-client-core/3.2.1/hadoop-mapreduce-client-core-3.2.1.jar:/home/user/.m2/repository/org/apache/avro/avro/1.7.7/avro-1.7.7.jar:/home/user/.m2/repository/org/codehaus/jackson/jackson-core-asl/1.9.13/jackson-core-asl-1.9.13.jar:/home/user/.m2/repository/org/codehaus/jackson/jackson-mapper-asl/1.9.13/jackson-mapper-asl-1.9.13.jar:/home/user/.m2/repository/com/thoughtworks/paranamer/paranamer/2.3/paranamer-2.3.jar:/home/user/.m2/repository/org/xerial/snappy/snappy-java/1.0.5/snappy-java-1.0.5.jar:/home/user/.m2/repository/org/apache/hadoop/hadoop-annotations/3.2.1/hadoop-annotations-3.2.1.jar:/usr/lib/jvm/java-1.8.0-openjdk-1.8.0.232.b09-0.el7_7.x86_64/jre/../lib/tools.jar:/home/user/.m2/repository/org/apache/hadoop/hadoop-distcp/3.2.1/hadoop-distcp-3.2.1-tests.jar:"/>
    <property name="java.vm.vendor" value="Oracle Corporation"/>
    <property name="sun.arch.data.model" value="64"/>
    <property name="test.build.dir" value="/github/workspace/mnt/ozone/hadoop-ozone/integration-test/target/test-dir"/>
    <property name="test.cache.data" value=""/>
    <property name="java.vendor.url" value="http://java.oracle.com/"/>
    <property name="user.timezone" value=""/>
    <property name="java.vm.specification.version" value="1.8"/>
    <property name="os.name" value="Linux"/>
    <property name="test.build.data" value="/github/workspace/mnt/ozone/hadoop-ozone/integration-test/target/test-dir"/>
    <property name="user.country" value="US"/>
    <property name="sun.java.launcher" value="SUN_STANDARD"/>
    <property name="sun.boot.library.path" value="/usr/lib/jvm/java-1.8.0-openjdk-1.8.0.232.b09-0.el7_7.x86_64/jre/lib/amd64"/>
    <property name="sun.java.command" value="/github/workspace/mnt/ozone/hadoop-ozone/integration-test/target/surefire/surefirebooter6988740903758126330.jar /github/workspace/mnt/ozone/hadoop-ozone/integration-test/target/surefire 2020-07-23T00-28-09_485-jvmRun1 surefire9162287033056997520tmp surefire_257930722472941487221tmp"/>
    <property name="surefire.test.class.path" value="/github/workspace/mnt/ozone/hadoop-ozone/integration-test/target/test-classes:/github/workspace/mnt/ozone/hadoop-ozone/integration-test/target/classes:/home/user/.m2/repository/org/apache/hadoop/hadoop-ozone-common/0.6.0-SNAPSHOT/hadoop-ozone-common-0.6.0-SNAPSHOT.jar:/home/user/.m2/repository/org/apache/commons/commons-compress/1.4.1/commons-compress-1.4.1.jar:/home/user/.m2/repository/org/tukaani/xz/1.0/xz-1.0.jar:/home/user/.m2/repository/org/apache/hadoop/hadoop-hdds-common/0.6.0-SNAPSHOT/hadoop-hdds-common-0.6.0-SNAPSHOT.jar:/home/user/.m2/repository/org/apache/hadoop/hadoop-hdds-hadoop-dependency-client/0.6.0-SNAPSHOT/hadoop-hdds-hadoop-dependency-client-0.6.0-SNAPSHOT.jar:/home/user/.m2/repository/info/picocli/picocli/3.9.6/picocli-3.9.6.jar:/home/user/.m2/repository/com/fasterxml/jackson/core/jackson-annotations/2.10.3/jackson-annotations-2.10.3.jar:/home/user/.m2/repository/javax/annotation/javax.annotation-api/1.2/javax.annotation-api-1.2.jar:/home/user/.m2/repository/org/apache/ratis/ratis-server/1.0.0/ratis-server-1.0.0.jar:/home/user/.m2/repository/org/apache/ratis/ratis-client/1.0.0/ratis-client-1.0.0.jar:/home/user/.m2/repository/org/apache/ratis/ratis-metrics/1.0.0/ratis-metrics-1.0.0.jar:/home/user/.m2/repository/org/apache/ratis/ratis-netty/1.0.0/ratis-netty-1.0.0.jar:/home/user/.m2/repository/org/apache/ratis/ratis-grpc/1.0.0/ratis-grpc-1.0.0.jar:/home/user/.m2/repository/org/apache/logging/log4j/log4j-api/2.11.0/log4j-api-2.11.0.jar:/home/user/.m2/repository/org/apache/logging/log4j/log4j-core/2.11.0/log4j-core-2.11.0.jar:/home/user/.m2/repository/com/lmax/disruptor/3.4.2/disruptor-3.4.2.jar:/home/user/.m2/repository/org/apache/commons/commons-pool2/2.6.0/commons-pool2-2.6.0.jar:/home/user/.m2/repository/org/bouncycastle/bcpkix-jdk15on/1.60/bcpkix-jdk15on-1.60.jar:/home/user/.m2/repository/commons-validator/commons-validator/1.6/commons-validator-1.6.jar:/home/user/.m2/repository/commons-digester/commons-digester/1.8.1/commons-digester-1.8.1.jar:/home/user/.m2/repository/io/jaegertracing/jaeger-client/1.2.0/jaeger-client-1.2.0.jar:/home/user/.m2/repository/io/jaegertracing/jaeger-thrift/1.2.0/jaeger-thrift-1.2.0.jar:/home/user/.m2/repository/org/apache/thrift/libthrift/0.13.0/libthrift-0.13.0.jar:/home/user/.m2/repository/com/squareup/okhttp3/okhttp/4.2.2/okhttp-4.2.2.jar:/home/user/.m2/repository/com/squareup/okio/okio/2.2.2/okio-2.2.2.jar:/home/user/.m2/repository/org/jetbrains/kotlin/kotlin-stdlib/1.3.50/kotlin-stdlib-1.3.50.jar:/home/user/.m2/repository/org/jetbrains/kotlin/kotlin-stdlib-common/1.3.50/kotlin-stdlib-common-1.3.50.jar:/home/user/.m2/repository/org/jetbrains/annotations/13.0/annotations-13.0.jar:/home/user/.m2/repository/io/jaegertracing/jaeger-core/1.2.0/jaeger-core-1.2.0.jar:/home/user/.m2/repository/io/jaegertracing/jaeger-tracerresolver/1.2.0/jaeger-tracerresolver-1.2.0.jar:/home/user/.m2/repository/io/opentracing/contrib/opentracing-tracerresolver/0.1.8/opentracing-tracerresolver-0.1.8.jar:/home/user/.m2/repository/io/opentracing/opentracing-util/0.33.0/opentracing-util-0.33.0.jar:/home/user/.m2/repository/io/opentracing/opentracing-api/0.33.0/opentracing-api-0.33.0.jar:/home/user/.m2/repository/io/opentracing/opentracing-noop/0.33.0/opentracing-noop-0.33.0.jar:/home/user/.m2/repository/org/apache/hadoop/hadoop-hdds-client/0.6.0-SNAPSHOT/hadoop-hdds-client-0.6.0-SNAPSHOT.jar:/home/user/.m2/repository/org/apache/hadoop/hadoop-ozone-interface-client/0.6.0-SNAPSHOT/hadoop-ozone-interface-client-0.6.0-SNAPSHOT.jar:/home/user/.m2/repository/org/apache/hadoop/hadoop-hdds-test-utils/0.6.0-SNAPSHOT/hadoop-hdds-test-utils-0.6.0-SNAPSHOT.jar:/home/user/.m2/repository/com/google/guava/guava/28.2-jre/guava-28.2-jre.jar:/home/user/.m2/repository/com/google/guava/failureaccess/1.0.1/failureaccess-1.0.1.jar:/home/user/.m2/repository/com/google/guava/listenablefuture/9999.0-empty-to-avoid-conflict-with-guava/listenablefuture-9999.0-empty-to-avoid-conflict-with-guava.jar:/home/user/.m2/repository/com/google/code/findbugs/jsr305/3.0.0/jsr305-3.0.0.jar:/home/user/.m2/repository/org/checkerframework/checker-qual/2.10.0/checker-qual-2.10.0.jar:/home/user/.m2/repository/com/google/errorprone/error_prone_annotations/2.2.0/error_prone_annotations-2.2.0.jar:/home/user/.m2/repository/com/google/j2objc/j2objc-annotations/1.3/j2objc-annotations-1.3.jar:/home/user/.m2/repository/commons-io/commons-io/2.5/commons-io-2.5.jar:/home/user/.m2/repository/commons-logging/commons-logging/1.2/commons-logging-1.2.jar:/home/user/.m2/repository/log4j/log4j/1.2.17/log4j-1.2.17.jar:/home/user/.m2/repository/org/slf4j/slf4j-api/1.7.25/slf4j-api-1.7.25.jar:/home/user/.m2/repository/org/apache/hadoop/hadoop-hdds-server-scm/0.6.0-SNAPSHOT/hadoop-hdds-server-scm-0.6.0-SNAPSHOT.jar:/home/user/.m2/repository/org/apache/hadoop/hadoop-hdds-container-service/0.6.0-SNAPSHOT/hadoop-hdds-container-service-0.6.0-SNAPSHOT.jar:/home/user/.m2/repository/org/apache/hadoop/hadoop-hdds-hadoop-dependency-server/0.6.0-SNAPSHOT/hadoop-hdds-hadoop-dependency-server-0.6.0-SNAPSHOT.jar:/home/user/.m2/repository/org/apache/hadoop/hadoop-hdds-server-framework/0.6.0-SNAPSHOT/hadoop-hdds-server-framework-0.6.0-SNAPSHOT.jar:/home/user/.m2/repository/org/apache/hadoop/hadoop-hdds-interface-server/0.6.0-SNAPSHOT/hadoop-hdds-interface-server-0.6.0-SNAPSHOT.jar:/home/user/.m2/repository/org/apache/hadoop/hadoop-hdds-interface-admin/0.6.0-SNAPSHOT/hadoop-hdds-interface-admin-0.6.0-SNAPSHOT.jar:/home/user/.m2/repository/org/rocksdb/rocksdbjni/6.8.1/rocksdbjni-6.8.1.jar:/home/user/.m2/repository/io/prometheus/simpleclient_dropwizard/0.7.0/simpleclient_dropwizard-0.7.0.jar:/home/user/.m2/repository/io/prometheus/simpleclient/0.7.0/simpleclient-0.7.0.jar:/home/user/.m2/repository/io/prometheus/simpleclient_common/0.7.0/simpleclient_common-0.7.0.jar:/home/user/.m2/repository/com/fasterxml/jackson/datatype/jackson-datatype-jsr310/2.10.3/jackson-datatype-jsr310-2.10.3.jar:/home/user/.m2/repository/org/apache/hadoop/hadoop-hdds-docs/0.6.0-SNAPSHOT/hadoop-hdds-docs-0.6.0-SNAPSHOT.jar:/home/user/.m2/repository/io/dropwizard/metrics/metrics-core/3.2.4/metrics-core-3.2.4.jar:/home/user/.m2/repository/org/apache/hadoop/hadoop-hdfs-client/3.2.1/hadoop-hdfs-client-3.2.1.jar:/home/user/.m2/repository/org/bouncycastle/bcprov-jdk15on/1.60/bcprov-jdk15on-1.60.jar:/home/user/.m2/repository/org/apache/hadoop/hadoop-ozone-ozone-manager/0.6.0-SNAPSHOT/hadoop-ozone-ozone-manager-0.6.0-SNAPSHOT.jar:/home/user/.m2/repository/org/apache/hadoop/hadoop-hdds-interface-client/0.6.0-SNAPSHOT/hadoop-hdds-interface-client-0.6.0-SNAPSHOT.jar:/home/user/.m2/repository/org/apache/ratis/ratis-thirdparty-misc/0.5.0/ratis-thirdparty-misc-0.5.0.jar:/home/user/.m2/repository/org/apache/hadoop/hadoop-minikdc/3.2.1/hadoop-minikdc-3.2.1.jar:/home/user/.m2/repository/org/apache/kerby/kerb-simplekdc/1.0.1/kerb-simplekdc-1.0.1.jar:/home/user/.m2/repository/org/apache/kerby/kerb-client/1.0.1/kerb-client-1.0.1.jar:/home/user/.m2/repository/org/apache/kerby/kerby-config/1.0.1/kerby-config-1.0.1.jar:/home/user/.m2/repository/org/apache/kerby/kerb-core/1.0.1/kerb-core-1.0.1.jar:/home/user/.m2/repository/org/apache/kerby/kerby-pkix/1.0.1/kerby-pkix-1.0.1.jar:/home/user/.m2/repository/org/apache/kerby/kerby-asn1/1.0.1/kerby-asn1-1.0.1.jar:/home/user/.m2/repository/org/apache/kerby/kerby-util/1.0.1/kerby-util-1.0.1.jar:/home/user/.m2/repository/org/apache/kerby/kerb-common/1.0.1/kerb-common-1.0.1.jar:/home/user/.m2/repository/org/apache/kerby/kerb-crypto/1.0.1/kerb-crypto-1.0.1.jar:/home/user/.m2/repository/org/apache/kerby/kerb-util/1.0.1/kerb-util-1.0.1.jar:/home/user/.m2/repository/org/apache/kerby/token-provider/1.0.1/token-provider-1.0.1.jar:/home/user/.m2/repository/org/apache/kerby/kerb-admin/1.0.1/kerb-admin-1.0.1.jar:/home/user/.m2/repository/org/apache/kerby/kerb-server/1.0.1/kerb-server-1.0.1.jar:/home/user/.m2/repository/org/apache/kerby/kerb-identity/1.0.1/kerb-identity-1.0.1.jar:/home/user/.m2/repository/org/apache/kerby/kerby-xdr/1.0.1/kerby-xdr-1.0.1.jar:/home/user/.m2/repository/org/slf4j/slf4j-log4j12/1.7.25/slf4j-log4j12-1.7.25.jar:/home/user/.m2/repository/org/apache/hadoop/hadoop-ozone-s3gateway/0.6.0-SNAPSHOT/hadoop-ozone-s3gateway-0.6.0-SNAPSHOT.jar:/home/user/.m2/repository/org/jboss/weld/servlet/weld-servlet/2.4.7.Final/weld-servlet-2.4.7.Final.jar:/home/user/.m2/repository/org/glassfish/jersey/containers/jersey-container-servlet-core/2.27/jersey-container-servlet-core-2.27.jar:/home/user/.m2/repository/org/glassfish/hk2/external/javax.inject/2.5.0-b42/javax.inject-2.5.0-b42.jar:/home/user/.m2/repository/org/glassfish/jersey/core/jersey-common/2.27/jersey-common-2.27.jar:/home/user/.m2/repository/org/glassfish/hk2/osgi-resource-locator/1.0.1/osgi-resource-locator-1.0.1.jar:/home/user/.m2/repository/javax/ws/rs/javax.ws.rs-api/2.1/javax.ws.rs-api-2.1.jar:/home/user/.m2/repository/org/glassfish/jersey/ext/cdi/jersey-cdi1x/2.27/jersey-cdi1x-2.27.jar:/home/user/.m2/repository/org/glassfish/jersey/inject/jersey-hk2/2.27/jersey-hk2-2.27.jar:/home/user/.m2/repository/org/glassfish/hk2/hk2-locator/2.5.0-b42/hk2-locator-2.5.0-b42.jar:/home/user/.m2/repository/org/javassist/javassist/3.22.0-CR2/javassist-3.22.0-CR2.jar:/home/user/.m2/repository/org/glassfish/hk2/hk2-api/2.5.0/hk2-api-2.5.0.jar:/home/user/.m2/repository/org/glassfish/hk2/external/jakarta.inject/2.5.0/jakarta.inject-2.5.0.jar:/home/user/.m2/repository/org/glassfish/hk2/hk2-utils/2.5.0/hk2-utils-2.5.0.jar:/home/user/.m2/repository/jakarta/annotation/jakarta.annotation-api/1.3.4/jakarta.annotation-api-1.3.4.jar:/home/user/.m2/repository/org/glassfish/hk2/external/aopalliance-repackaged/2.5.0/aopalliance-repackaged-2.5.0.jar:/home/user/.m2/repository/com/fasterxml/jackson/dataformat/jackson-dataformat-xml/2.10.3/jackson-dataformat-xml-2.10.3.jar:/home/user/.m2/repository/com/fasterxml/jackson/core/jackson-core/2.10.3/jackson-core-2.10.3.jar:/home/user/.m2/repository/com/fasterxml/jackson/module/jackson-module-jaxb-annotations/2.10.3/jackson-module-jaxb-annotations-2.10.3.jar:/home/user/.m2/repository/jakarta/xml/bind/jakarta.xml.bind-api/2.3.2/jakarta.xml.bind-api-2.3.2.jar:/home/user/.m2/repository/jakarta/activation/jakarta.activation-api/1.2.1/jakarta.activation-api-1.2.1.jar:/home/user/.m2/repository/org/codehaus/woodstox/stax2-api/3.1.4/stax2-api-3.1.4.jar:/home/user/.m2/repository/com/fasterxml/woodstox/woodstox-core/5.0.3/woodstox-core-5.0.3.jar:/home/user/.m2/repository/javax/enterprise/cdi-api/1.2/cdi-api-1.2.jar:/home/user/.m2/repository/javax/el/javax.el-api/3.0.0/javax.el-api-3.0.0.jar:/home/user/.m2/repository/javax/interceptor/javax.interceptor-api/1.2/javax.interceptor-api-1.2.jar:/home/user/.m2/repository/javax/inject/javax.inject/1/javax.inject-1.jar:/home/user/.m2/repository/com/sun/xml/bind/jaxb-impl/2.3.0.1/jaxb-impl-2.3.0.1.jar:/home/user/.m2/repository/com/sun/xml/bind/jaxb-core/2.3.0.1/jaxb-core-2.3.0.1.jar:/home/user/.m2/repository/javax/xml/bind/jaxb-api/2.3.0/jaxb-api-2.3.0.jar:/home/user/.m2/repository/javax/activation/activation/1.1.1/activation-1.1.1.jar:/home/user/.m2/repository/org/apache/hadoop/hadoop-ozone-csi/0.6.0-SNAPSHOT/hadoop-ozone-csi-0.6.0-SNAPSHOT.jar:/home/user/.m2/repository/com/google/protobuf/protobuf-java-util/3.11.0/protobuf-java-util-3.11.0.jar:/home/user/.m2/repository/com/google/code/gson/gson/2.2.4/gson-2.2.4.jar:/home/user/.m2/repository/org/apache/hadoop/hadoop-hdds-config/0.6.0-SNAPSHOT/hadoop-hdds-config-0.6.0-SNAPSHOT.jar:/home/user/.m2/repository/com/google/protobuf/protobuf-java/2.5.0/protobuf-java-2.5.0.jar:/home/user/.m2/repository/io/grpc/grpc-netty/1.29.0/grpc-netty-1.29.0.jar:/home/user/.m2/repository/io/grpc/grpc-core/1.29.0/grpc-core-1.29.0.jar:/home/user/.m2/repository/com/google/android/annotations/4.1.1.4/annotations-4.1.1.4.jar:/home/user/.m2/repository/io/perfmark/perfmark-api/0.19.0/perfmark-api-0.19.0.jar:/home/user/.m2/repository/io/netty/netty-codec-http2/4.1.48.Final/netty-codec-http2-4.1.48.Final.jar:/home/user/.m2/repository/io/netty/netty-codec/4.1.48.Final/netty-codec-4.1.48.Final.jar:/home/user/.m2/repository/io/netty/netty-handler/4.1.48.Final/netty-handler-4.1.48.Final.jar:/home/user/.m2/repository/io/netty/netty-codec-http/4.1.48.Final/netty-codec-http-4.1.48.Final.jar:/home/user/.m2/repository/io/netty/netty-handler-proxy/4.1.48.Final/netty-handler-proxy-4.1.48.Final.jar:/home/user/.m2/repository/io/netty/netty-codec-socks/4.1.48.Final/netty-codec-socks-4.1.48.Final.jar:/home/user/.m2/repository/io/netty/netty-transport-native-epoll/4.1.48.Final/netty-transport-native-epoll-4.1.48.Final.jar:/home/user/.m2/repository/io/netty/netty-common/4.1.48.Final/netty-common-4.1.48.Final.jar:/home/user/.m2/repository/io/netty/netty-buffer/4.1.48.Final/netty-buffer-4.1.48.Final.jar:/home/user/.m2/repository/io/netty/netty-transport/4.1.48.Final/netty-transport-4.1.48.Final.jar:/home/user/.m2/repository/io/netty/netty-resolver/4.1.48.Final/netty-resolver-4.1.48.Final.jar:/home/user/.m2/repository/io/netty/netty-transport-native-unix-common/4.1.48.Final/netty-transport-native-unix-common-4.1.48.Final.jar:/home/user/.m2/repository/io/grpc/grpc-protobuf/1.29.0/grpc-protobuf-1.29.0.jar:/home/user/.m2/repository/io/grpc/grpc-api/1.29.0/grpc-api-1.29.0.jar:/home/user/.m2/repository/io/grpc/grpc-context/1.29.0/grpc-context-1.29.0.jar:/home/user/.m2/repository/org/codehaus/mojo/animal-sniffer-annotations/1.18/animal-sniffer-annotations-1.18.jar:/home/user/.m2/repository/com/google/api/grpc/proto-google-common-protos/1.17.0/proto-google-common-protos-1.17.0.jar:/home/user/.m2/repository/io/grpc/grpc-protobuf-lite/1.29.0/grpc-protobuf-lite-1.29.0.jar:/home/user/.m2/repository/io/grpc/grpc-stub/1.29.0/grpc-stub-1.29.0.jar:/home/user/.m2/repository/org/apache/hadoop/hadoop-ozone-recon/0.6.0-SNAPSHOT/hadoop-ozone-recon-0.6.0-SNAPSHOT.jar:/home/user/.m2/repository/org/apache/hadoop/hadoop-ozone-reconcodegen/0.6.0-SNAPSHOT/hadoop-ozone-reconcodegen-0.6.0-SNAPSHOT.jar:/home/user/.m2/repository/com/google/inject/extensions/guice-multibindings/4.0/guice-multibindings-4.0.jar:/home/user/.m2/repository/com/google/inject/guice/4.0/guice-4.0.jar:/home/user/.m2/repository/aopalliance/aopalliance/1.0/aopalliance-1.0.jar:/home/user/.m2/repository/com/google/inject/extensions/guice-assistedinject/4.0/guice-assistedinject-4.0.jar:/home/user/.m2/repository/com/google/inject/extensions/guice-servlet/4.0/guice-servlet-4.0.jar:/home/user/.m2/repository/org/glassfish/jersey/containers/jersey-container-servlet/2.27/jersey-container-servlet-2.27.jar:/home/user/.m2/repository/org/glassfish/hk2/guice-bridge/2.5.0/guice-bridge-2.5.0.jar:/home/user/.m2/repository/org/glassfish/jersey/core/jersey-server/2.27/jersey-server-2.27.jar:/home/user/.m2/repository/org/glassfish/jersey/core/jersey-client/2.27/jersey-client-2.27.jar:/home/user/.m2/repository/org/glassfish/jersey/media/jersey-media-jaxb/2.27/jersey-media-jaxb-2.27.jar:/home/user/.m2/repository/javax/validation/validation-api/1.1.0.Final/validation-api-1.1.0.Final.jar:/home/user/.m2/repository/org/glassfish/jersey/media/jersey-media-json-jackson/2.27/jersey-media-json-jackson-2.27.jar:/home/user/.m2/repository/org/glassfish/jersey/ext/jersey-entity-filtering/2.27/jersey-entity-filtering-2.27.jar:/home/user/.m2/repository/org/jooq/jooq/3.11.10/jooq-3.11.10.jar:/home/user/.m2/repository/org/jooq/jooq-meta/3.11.10/jooq-meta-3.11.10.jar:/home/user/.m2/repository/org/jooq/jooq-codegen/3.11.10/jooq-codegen-3.11.10.jar:/home/user/.m2/repository/com/jolbox/bonecp/0.8.0.RELEASE/bonecp-0.8.0.RELEASE.jar:/home/user/.m2/repository/org/apache/derby/derby/10.14.2.0/derby-10.14.2.0.jar:/home/user/.m2/repository/org/xerial/sqlite-jdbc/3.25.2/sqlite-jdbc-3.25.2.jar:/home/user/.m2/repository/org/springframework/spring-jdbc/5.2.5.RELEASE/spring-jdbc-5.2.5.RELEASE.jar:/home/user/.m2/repository/org/springframework/spring-beans/5.2.5.RELEASE/spring-beans-5.2.5.RELEASE.jar:/home/user/.m2/repository/org/springframework/spring-core/5.2.5.RELEASE/spring-core-5.2.5.RELEASE.jar:/home/user/.m2/repository/org/springframework/spring-jcl/5.2.5.RELEASE/spring-jcl-5.2.5.RELEASE.jar:/home/user/.m2/repository/org/springframework/spring-tx/5.2.5.RELEASE/spring-tx-5.2.5.RELEASE.jar:/home/user/.m2/repository/org/apache/hadoop/hadoop-ozone-client/0.6.0-SNAPSHOT/hadoop-ozone-client-0.6.0-SNAPSHOT.jar:/home/user/.m2/repository/org/apache/hadoop/hadoop-ozone-filesystem/0.6.0-SNAPSHOT/hadoop-ozone-filesystem-0.6.0-SNAPSHOT.jar:/home/user/.m2/repository/org/apache/hadoop/hadoop-ozone-filesystem-common/0.6.0-SNAPSHOT/hadoop-ozone-filesystem-common-0.6.0-SNAPSHOT.jar:/home/user/.m2/repository/org/apache/hadoop/hadoop-ozone-tools/0.6.0-SNAPSHOT/hadoop-ozone-tools-0.6.0-SNAPSHOT.jar:/home/user/.m2/repository/org/apache/hadoop/hadoop-hdfs/3.2.1/hadoop-hdfs-3.2.1.jar:/home/user/.m2/repository/org/apache/ratis/ratis-tools/1.0.0/ratis-tools-1.0.0.jar:/home/user/.m2/repository/org/apache/ratis/ratis-proto/1.0.0/ratis-proto-1.0.0.jar:/home/user/.m2/repository/org/apache/ratis/ratis-common/1.0.0/ratis-common-1.0.0.jar:/home/user/.m2/repository/com/amazonaws/aws-java-sdk-core/1.11.615/aws-java-sdk-core-1.11.615.jar:/home/user/.m2/repository/org/apache/httpcomponents/httpclient/4.5.2/httpclient-4.5.2.jar:/home/user/.m2/repository/org/apache/httpcomponents/httpcore/4.4.4/httpcore-4.4.4.jar:/home/user/.m2/repository/software/amazon/ion/ion-java/1.0.2/ion-java-1.0.2.jar:/home/user/.m2/repository/com/fasterxml/jackson/dataformat/jackson-dataformat-cbor/2.10.3/jackson-dataformat-cbor-2.10.3.jar:/home/user/.m2/repository/joda-time/joda-time/2.8.1/joda-time-2.8.1.jar:/home/user/.m2/repository/com/amazonaws/aws-java-sdk-s3/1.11.615/aws-java-sdk-s3-1.11.615.jar:/home/user/.m2/repository/com/amazonaws/aws-java-sdk-kms/1.11.615/aws-java-sdk-kms-1.11.615.jar:/home/user/.m2/repository/com/amazonaws/jmespath-java/1.11.615/jmespath-java-1.11.615.jar:/home/user/.m2/repository/org/apache/hadoop/hadoop-hdds-tools/0.6.0-SNAPSHOT/hadoop-hdds-tools-0.6.0-SNAPSHOT.jar:/home/user/.m2/repository/commons-cli/commons-cli/1.2/commons-cli-1.2.jar:/home/user/.m2/repository/org/apache/commons/commons-lang3/3.7/commons-lang3-3.7.jar:/home/user/.m2/repository/org/apache/hadoop/hadoop-ozone-ozone-manager/0.6.0-SNAPSHOT/hadoop-ozone-ozone-manager-0.6.0-SNAPSHOT-tests.jar:/home/user/.m2/repository/junit/junit/4.11/junit-4.11.jar:/home/user/.m2/repository/org/hamcrest/hamcrest-core/1.3/hamcrest-core-1.3.jar:/home/user/.m2/repository/org/openjdk/jmh/jmh-core/1.19/jmh-core-1.19.jar:/home/user/.m2/repository/net/sf/jopt-simple/jopt-simple/4.6/jopt-simple-4.6.jar:/home/user/.m2/repository/org/apache/commons/commons-math3/3.1.1/commons-math3-3.1.1.jar:/home/user/.m2/repository/org/openjdk/jmh/jmh-generator-annprocess/1.19/jmh-generator-annprocess-1.19.jar:/home/user/.m2/repository/org/mockito/mockito-all/1.8.5/mockito-all-1.8.5.jar:/home/user/.m2/repository/org/apache/hadoop/hadoop-kms/3.2.1/hadoop-kms-3.2.1.jar:/home/user/.m2/repository/org/apache/hadoop/hadoop-auth/3.2.1/hadoop-auth-3.2.1.jar:/home/user/.m2/repository/com/nimbusds/nimbus-jose-jwt/7.9/nimbus-jose-jwt-7.9.jar:/home/user/.m2/repository/com/github/stephenc/jcip/jcip-annotations/1.0-1/jcip-annotations-1.0-1.jar:/home/user/.m2/repository/net/minidev/json-smart/2.3/json-smart-2.3.jar:/home/user/.m2/repository/net/minidev/accessors-smart/1.2/accessors-smart-1.2.jar:/home/user/.m2/repository/org/ow2/asm/asm/5.0.4/asm-5.0.4.jar:/home/user/.m2/repository/org/apache/zookeeper/zookeeper/3.4.13/zookeeper-3.4.13.jar:/home/user/.m2/repository/org/apache/yetus/audience-annotations/0.5.0/audience-annotations-0.5.0.jar:/home/user/.m2/repository/org/apache/curator/curator-framework/2.13.0/curator-framework-2.13.0.jar:/home/user/.m2/repository/com/sun/jersey/jersey-core/1.19/jersey-core-1.19.jar:/home/user/.m2/repository/javax/ws/rs/jsr311-api/1.1.1/jsr311-api-1.1.1.jar:/home/user/.m2/repository/com/sun/jersey/jersey-server/1.19/jersey-server-1.19.jar:/home/user/.m2/repository/javax/servlet/javax.servlet-api/3.1.0/javax.servlet-api-3.1.0.jar:/home/user/.m2/repository/org/eclipse/jetty/jetty-server/9.4.26.v20200117/jetty-server-9.4.26.v20200117.jar:/home/user/.m2/repository/org/eclipse/jetty/jetty-http/9.4.26.v20200117/jetty-http-9.4.26.v20200117.jar:/home/user/.m2/repository/org/eclipse/jetty/jetty-io/9.4.26.v20200117/jetty-io-9.4.26.v20200117.jar:/home/user/.m2/repository/org/eclipse/jetty/jetty-webapp/9.4.26.v20200117/jetty-webapp-9.4.26.v20200117.jar:/home/user/.m2/repository/org/eclipse/jetty/jetty-xml/9.4.26.v20200117/jetty-xml-9.4.26.v20200117.jar:/home/user/.m2/repository/org/eclipse/jetty/jetty-servlet/9.4.26.v20200117/jetty-servlet-9.4.26.v20200117.jar:/home/user/.m2/repository/org/eclipse/jetty/jetty-security/9.4.26.v20200117/jetty-security-9.4.26.v20200117.jar:/home/user/.m2/repository/org/apache/hadoop/hadoop-common/3.2.1/hadoop-common-3.2.1.jar:/home/user/.m2/repository/commons-net/commons-net/3.6/commons-net-3.6.jar:/home/user/.m2/repository/commons-collections/commons-collections/3.2.2/commons-collections-3.2.2.jar:/home/user/.m2/repository/com/sun/jersey/jersey-servlet/1.19/jersey-servlet-1.19.jar:/home/user/.m2/repository/com/sun/jersey/jersey-json/1.19/jersey-json-1.19.jar:/home/user/.m2/repository/org/codehaus/jettison/jettison/1.1/jettison-1.1.jar:/home/user/.m2/repository/org/codehaus/jackson/jackson-jaxrs/1.9.2/jackson-jaxrs-1.9.2.jar:/home/user/.m2/repository/org/codehaus/jackson/jackson-xc/1.9.2/jackson-xc-1.9.2.jar:/home/user/.m2/repository/commons-beanutils/commons-beanutils/1.9.4/commons-beanutils-1.9.4.jar:/home/user/.m2/repository/org/apache/commons/commons-configuration2/2.1.1/commons-configuration2-2.1.1.jar:/home/user/.m2/repository/org/apache/commons/commons-text/1.4/commons-text-1.4.jar:/home/user/.m2/repository/com/google/re2j/re2j/1.1/re2j-1.1.jar:/home/user/.m2/repository/com/jcraft/jsch/0.1.54/jsch-0.1.54.jar:/home/user/.m2/repository/org/apache/curator/curator-client/2.13.0/curator-client-2.13.0.jar:/home/user/.m2/repository/org/apache/curator/curator-recipes/2.13.0/curator-recipes-2.13.0.jar:/home/user/.m2/repository/dnsjava/dnsjava/2.1.7/dnsjava-2.1.7.jar:/home/user/.m2/repository/org/slf4j/jul-to-slf4j/1.7.25/jul-to-slf4j-1.7.25.jar:/home/user/.m2/repository/org/eclipse/jetty/jetty-util/9.4.26.v20200117/jetty-util-9.4.26.v20200117.jar:/home/user/.m2/repository/com/fasterxml/jackson/core/jackson-databind/2.10.3/jackson-databind-2.10.3.jar:/home/user/.m2/repository/org/apache/hadoop/hadoop-kms/3.2.1/hadoop-kms-3.2.1-tests.jar:/home/user/.m2/repository/org/apache/hadoop/hadoop-hdds-server-scm/0.6.0-SNAPSHOT/hadoop-hdds-server-scm-0.6.0-SNAPSHOT-tests.jar:/home/user/.m2/repository/org/apache/hadoop/hadoop-hdds-container-service/0.6.0-SNAPSHOT/hadoop-hdds-container-service-0.6.0-SNAPSHOT-tests.jar:/home/user/.m2/repository/org/apache/hadoop/hadoop-hdds-common/0.6.0-SNAPSHOT/hadoop-hdds-common-0.6.0-SNAPSHOT-tests.jar:/home/user/.m2/repository/org/yaml/snakeyaml/1.16/snakeyaml-1.16.jar:/home/user/.m2/repository/org/apache/hadoop/hadoop-hdds-hadoop-dependency-test/0.6.0-SNAPSHOT/hadoop-hdds-hadoop-dependency-test-0.6.0-SNAPSHOT.jar:/home/user/.m2/repository/org/apache/hadoop/hadoop-common/3.2.1/hadoop-common-3.2.1-tests.jar:/home/user/.m2/repository/javax/servlet/jsp/jsp-api/2.1/jsp-api-2.1.jar:/home/user/.m2/repository/org/apache/hadoop/hadoop-hdfs/3.2.1/hadoop-hdfs-3.2.1-tests.jar:/home/user/.m2/repository/org/eclipse/jetty/jetty-util-ajax/9.4.26.v20200117/jetty-util-ajax-9.4.26.v20200117.jar:/home/user/.m2/repository/commons-codec/commons-codec/1.11/commons-codec-1.11.jar:/home/user/.m2/repository/commons-daemon/commons-daemon/1.0.13/commons-daemon-1.0.13.jar:/home/user/.m2/repository/io/netty/netty/3.10.5.Final/netty-3.10.5.Final.jar:/home/user/.m2/repository/io/netty/netty-all/4.1.48.Final/netty-all-4.1.48.Final.jar:/home/user/.m2/repository/org/apache/htrace/htrace-core4/4.1.0-incubating/htrace-core4-4.1.0-incubating.jar:/home/user/.m2/repository/org/fusesource/leveldbjni/leveldbjni-all/1.8/leveldbjni-all-1.8.jar:/home/user/.m2/repository/org/apache/hadoop/hadoop-distcp/3.2.1/hadoop-distcp-3.2.1.jar:/home/user/.m2/repository/org/apache/hadoop/hadoop-mapreduce-client-jobclient/3.2.1/hadoop-mapreduce-client-jobclient-3.2.1.jar:/home/user/.m2/repository/org/apache/hadoop/hadoop-mapreduce-client-common/3.2.1/hadoop-mapreduce-client-common-3.2.1.jar:/home/user/.m2/repository/org/apache/hadoop/hadoop-yarn-common/3.2.1/hadoop-yarn-common-3.2.1.jar:/home/user/.m2/repository/org/apache/hadoop/hadoop-yarn-api/3.2.1/hadoop-yarn-api-3.2.1.jar:/home/user/.m2/repository/com/sun/jersey/jersey-client/1.19/jersey-client-1.19.jar:/home/user/.m2/repository/com/sun/jersey/contribs/jersey-guice/1.19/jersey-guice-1.19.jar:/home/user/.m2/repository/com/fasterxml/jackson/jaxrs/jackson-jaxrs-json-provider/2.10.3/jackson-jaxrs-json-provider-2.10.3.jar:/home/user/.m2/repository/com/fasterxml/jackson/jaxrs/jackson-jaxrs-base/2.10.3/jackson-jaxrs-base-2.10.3.jar:/home/user/.m2/repository/org/apache/hadoop/hadoop-yarn-client/3.2.1/hadoop-yarn-client-3.2.1.jar:/home/user/.m2/repository/org/apache/hadoop/hadoop-mapreduce-client-core/3.2.1/hadoop-mapreduce-client-core-3.2.1.jar:/home/user/.m2/repository/org/apache/avro/avro/1.7.7/avro-1.7.7.jar:/home/user/.m2/repository/org/codehaus/jackson/jackson-core-asl/1.9.13/jackson-core-asl-1.9.13.jar:/home/user/.m2/repository/org/codehaus/jackson/jackson-mapper-asl/1.9.13/jackson-mapper-asl-1.9.13.jar:/home/user/.m2/repository/com/thoughtworks/paranamer/paranamer/2.3/paranamer-2.3.jar:/home/user/.m2/repository/org/xerial/snappy/snappy-java/1.0.5/snappy-java-1.0.5.jar:/home/user/.m2/repository/org/apache/hadoop/hadoop-annotations/3.2.1/hadoop-annotations-3.2.1.jar:/usr/lib/jvm/java-1.8.0-openjdk-1.8.0.232.b09-0.el7_7.x86_64/jre/../lib/tools.jar:/home/user/.m2/repository/org/apache/hadoop/hadoop-distcp/3.2.1/hadoop-distcp-3.2.1-tests.jar:"/>
    <property name="sun.cpu.endian" value="little"/>
    <property name="user.home" value="/home/user"/>
    <property name="user.language" value="en"/>
    <property name="java.specification.vendor" value="Oracle Corporation"/>
    <property name="java.home" value="/usr/lib/jvm/java-1.8.0-openjdk-1.8.0.232.b09-0.el7_7.x86_64/jre"/>
    <property name="java.security.krb5.conf" value="/github/workspace/mnt/ozone/hadoop-ozone/integration-test/target/test-classes/krb5.conf"/>
    <property name="basedir" value="/github/workspace/mnt/ozone/hadoop-ozone/integration-test"/>
    <property name="file.separator" value="/"/>
    <property name="line.separator" value="&#10;"/>
    <property name="java.vm.specification.vendor" value="Oracle Corporation"/>
    <property name="java.specification.name" value="Java Platform API Specification"/>
    <property name="java.awt.graphicsenv" value="sun.awt.X11GraphicsEnvironment"/>
    <property name="skip.installnpx" value="true"/>
    <property name="surefire.real.class.path" value="/github/workspace/mnt/ozone/hadoop-ozone/integration-test/target/surefire/surefirebooter6988740903758126330.jar:/home/user/.m2/repository/org/jacoco/org.jacoco.agent/0.8.5/org.jacoco.agent-0.8.5-runtime.jar"/>
    <property name="hadoop.log.dir" value="/github/workspace/mnt/ozone/hadoop-ozone/integration-test/target/log"/>
    <property name="sun.boot.class.path" value="/usr/lib/jvm/java-1.8.0-openjdk-1.8.0.232.b09-0.el7_7.x86_64/jre/lib/resources.jar:/usr/lib/jvm/java-1.8.0-openjdk-1.8.0.232.b09-0.el7_7.x86_64/jre/lib/rt.jar:/usr/lib/jvm/java-1.8.0-openjdk-1.8.0.232.b09-0.el7_7.x86_64/jre/lib/sunrsasign.jar:/usr/lib/jvm/java-1.8.0-openjdk-1.8.0.232.b09-0.el7_7.x86_64/jre/lib/jsse.jar:/usr/lib/jvm/java-1.8.0-openjdk-1.8.0.232.b09-0.el7_7.x86_64/jre/lib/jce.jar:/usr/lib/jvm/java-1.8.0-openjdk-1.8.0.232.b09-0.el7_7.x86_64/jre/lib/charsets.jar:/usr/lib/jvm/java-1.8.0-openjdk-1.8.0.232.b09-0.el7_7.x86_64/jre/lib/jfr.jar:/usr/lib/jvm/java-1.8.0-openjdk-1.8.0.232.b09-0.el7_7.x86_64/jre/classes"/>
    <property name="sun.management.compiler" value="HotSpot 64-Bit Tiered Compilers"/>
    <property name="skip.npx" value="true"/>
    <property name="java.runtime.version" value="1.8.0_232-b09"/>
    <property name="java.net.preferIPv4Stack" value="true"/>
    <property name="user.name" value="jenkins1001"/>
    <property name="path.separator" value=":"/>
    <property name="java.security.egd" value="file:///dev/urandom"/>
    <property name="os.version" value="5.3.0-1032-azure"/>
    <property name="java.endorsed.dirs" value="/usr/lib/jvm/java-1.8.0-openjdk-1.8.0.232.b09-0.el7_7.x86_64/jre/lib/endorsed"/>
    <property name="java.runtime.name" value="OpenJDK Runtime Environment"/>
    <property name="file.encoding" value="ANSI_X3.4-1968"/>
    <property name="java.vm.name" value="OpenJDK 64-Bit Server VM"/>
    <property name="test.build.webapps" value=""/>
    <property name="localRepository" value="/home/user/.m2/repository"/>
    <property name="java.vendor.url.bug" value="http://bugreport.sun.com/bugreport/"/>
    <property name="java.io.tmpdir" value="/tmp"/>
    <property name="require.test.libhadoop" value=""/>
    <property name="java.version" value="1.8.0_232"/>
    <property name="user.dir" value="/github/workspace/mnt/ozone/hadoop-ozone/integration-test"/>
    <property name="os.arch" value="amd64"/>
    <property name="java.vm.specification.name" value="Java Virtual Machine Specification"/>
    <property name="test.build.classes" value="/github/workspace/mnt/ozone/hadoop-ozone/integration-test/target/test-classes"/>
    <property name="java.awt.printerjob" value="sun.print.PSPrinterJob"/>
    <property name="sun.os.patch.level" value="unknown"/>
    <property name="hadoop.tmp.dir" value="/github/workspace/mnt/ozone/hadoop-ozone/integration-test/target/tmp"/>
    <property name="java.library.path" value="/usr/lib:/usr/java/packages/lib/amd64:/usr/lib64:/lib64:/lib:/usr/lib"/>
    <property name="java.vm.info" value="mixed mode"/>
    <property name="java.vendor" value="Oracle Corporation"/>
    <property name="java.vm.version" value="25.232-b09"/>
    <property name="java.ext.dirs" value="/usr/lib/jvm/java-1.8.0-openjdk-1.8.0.232.b09-0.el7_7.x86_64/jre/lib/ext:/usr/java/packages/lib/ext"/>
    <property name="sun.io.unicode.encoding" value="UnicodeLittle"/>
    <property name="java.class.version" value="52.0"/>
  </properties>
  <testcase name="testPipelineMap" classname="org.apache.hadoop.hdds.scm.pipeline.TestNode2PipelineMap" time="300.008">
    <error message="test timed out after 300000 milliseconds" type="java.lang.Exception">java.lang.Exception: test timed out after 300000 milliseconds
	at java.lang.Object.wait(Native Method)
	at java.util.concurrent.ForkJoinTask.externalAwaitDone(ForkJoinTask.java:334)
	at java.util.concurrent.ForkJoinTask.doInvoke(ForkJoinTask.java:405)
	at java.util.concurrent.ForkJoinTask.invoke(ForkJoinTask.java:734)
	at java.util.stream.ForEachOps$ForEachOp.evaluateParallel(ForEachOps.java:159)
	at java.util.stream.ForEachOps$ForEachOp$OfRef.evaluateParallel(ForEachOps.java:173)
	at java.util.stream.AbstractPipeline.evaluate(AbstractPipeline.java:233)
	at java.util.stream.ReferencePipeline.forEach(ReferencePipeline.java:485)
	at java.util.stream.ReferencePipeline$Head.forEach(ReferencePipeline.java:650)
	at org.apache.hadoop.ozone.MiniOzoneClusterImpl.stopDatanodes(MiniOzoneClusterImpl.java:463)
	at org.apache.hadoop.ozone.MiniOzoneClusterImpl.stop(MiniOzoneClusterImpl.java:404)
	at org.apache.hadoop.ozone.MiniOzoneClusterImpl.shutdown(MiniOzoneClusterImpl.java:391)
	at org.apache.hadoop.hdds.scm.pipeline.TestNode2PipelineMap.shutdown(TestNode2PipelineMap.java:90)
	at sun.reflect.NativeMethodAccessorImpl.invoke0(Native Method)
	at sun.reflect.NativeMethodAccessorImpl.invoke(NativeMethodAccessorImpl.java:62)
	at sun.reflect.DelegatingMethodAccessorImpl.invoke(DelegatingMethodAccessorImpl.java:43)
	at java.lang.reflect.Method.invoke(Method.java:498)
	at org.junit.runners.model.FrameworkMethod$1.runReflectiveCall(FrameworkMethod.java:47)
	at org.junit.internal.runners.model.ReflectiveCallable.run(ReflectiveCallable.java:12)
	at org.junit.runners.model.FrameworkMethod.invokeExplosively(FrameworkMethod.java:44)
	at org.junit.internal.runners.statements.RunAfters.evaluate(RunAfters.java:33)
	at org.junit.internal.runners.statements.FailOnTimeout$StatementThread.run(FailOnTimeout.java:74)
</error>
    <system-out><![CDATA[2020-07-23 00:54:37,743 [Thread-1] WARN  server.ServerUtils (ServerUtils.java:getScmDbDir(148)) - ozone.scm.db.dirs is not configured. We recommend adding this setting. Falling back to ozone.metadata.dirs instead.
2020-07-23 00:54:37,822 [Thread-1] WARN  server.ServerUtils (ServerUtils.java:getScmDbDir(148)) - ozone.scm.db.dirs is not configured. We recommend adding this setting. Falling back to ozone.metadata.dirs instead.
2020-07-23 00:54:37,936 [Thread-1] WARN  db.DBStoreBuilder (DBStoreBuilder.java:createDBStoreBuilder(277)) - ozone.scm.db.dirs is not configured. We recommend adding this setting. Falling back to ozone.metadata.dirs instead.
2020-07-23 00:54:38,089 [Thread-1] INFO  net.NodeSchemaLoader (NodeSchemaLoader.java:loadSchemaFromFile(126)) - Loading file from sun.misc.CompoundEnumeration@eaf1603
2020-07-23 00:54:38,091 [Thread-1] INFO  net.NodeSchemaLoader (NodeSchemaLoader.java:loadSchema(172)) - Loading network topology layer schema file
2020-07-23 00:54:38,159 [Thread-1] WARN  server.ServerUtils (ServerUtils.java:sanitizeUserArgs(73)) - ozone.scm.stale.node.interval value = 300000 is larger than max = 100000 based on the key value of ozone.scm.heartbeat.thread.interval, reset to the max value 100000.
2020-07-23 00:54:38,159 [Thread-1] WARN  server.ServerUtils (ServerUtils.java:sanitizeUserArgs(73)) - ozone.scm.stale.node.interval value = 300000 is larger than max = 100000 based on the key value of ozone.scm.heartbeat.thread.interval, reset to the max value 100000.
2020-07-23 00:54:38,163 [Thread-1] INFO  node.SCMNodeManager (SCMNodeManager.java:<init>(116)) - Entering startup safe mode.
2020-07-23 00:54:38,290 [Thread-1] INFO  algorithms.ContainerPlacementPolicyFactory (ContainerPlacementPolicyFactory.java:getPolicy(60)) - Create container placement policy of type org.apache.hadoop.hdds.scm.container.placement.algorithms.SCMContainerPlacementRandom
2020-07-23 00:54:38,319 [Thread-1] INFO  pipeline.SCMPipelineManager (SCMPipelineManager.java:initializePipelineState(158)) - No pipeline exists in current db
2020-07-23 00:54:38,398 [Thread-1] INFO  safemode.HealthyPipelineSafeModeRule (HealthyPipelineSafeModeRule.java:<init>(89)) - Total pipeline count is 0, healthy pipeline threshold count is 0
2020-07-23 00:54:38,411 [Thread-1] INFO  safemode.OneReplicaPipelineSafeModeRule (OneReplicaPipelineSafeModeRule.java:<init>(79)) - Total pipeline count is 0, pipeline's with at least one datanode reported threshold count is 0
2020-07-23 00:54:38,448 [RatisPipelineUtilsThread] ERROR pipeline.SCMPipelineManager (SCMPipelineManager.java:createPipeline(275)) - Failed to create pipeline of type RATIS and factor ONE. Exception: Cannot create pipeline of factor 1 using 0 nodes. Used 0 nodes. Healthy nodes 0
2020-07-23 00:54:38,781 [Thread-1] INFO  ipc.CallQueueManager (CallQueueManager.java:<init>(84)) - Using callQueue: class java.util.concurrent.LinkedBlockingQueue, queueCapacity: 2000, scheduler: class org.apache.hadoop.ipc.DefaultRpcScheduler, ipcBackoff: false.
2020-07-23 00:54:38,802 [Socket Reader #1 for port 0] INFO  ipc.Server (Server.java:run(1219)) - Starting Socket Reader #1 for port 0
2020-07-23 00:54:38,831 [Listener at 0.0.0.0/43415] INFO  ipc.CallQueueManager (CallQueueManager.java:<init>(84)) - Using callQueue: class java.util.concurrent.LinkedBlockingQueue, queueCapacity: 2000, scheduler: class org.apache.hadoop.ipc.DefaultRpcScheduler, ipcBackoff: false.
2020-07-23 00:54:38,832 [Socket Reader #1 for port 0] INFO  ipc.Server (Server.java:run(1219)) - Starting Socket Reader #1 for port 0
2020-07-23 00:54:38,844 [Listener at 0.0.0.0/40185] INFO  ipc.CallQueueManager (CallQueueManager.java:<init>(84)) - Using callQueue: class java.util.concurrent.LinkedBlockingQueue, queueCapacity: 2000, scheduler: class org.apache.hadoop.ipc.DefaultRpcScheduler, ipcBackoff: false.
2020-07-23 00:54:38,845 [Socket Reader #1 for port 0] INFO  ipc.Server (Server.java:run(1219)) - Starting Socket Reader #1 for port 0
2020-07-23 00:54:38,860 [Listener at 0.0.0.0/43751] INFO  http.BaseHttpServer (BaseHttpServer.java:newHttpServer2BuilderForOzone(207)) - Starting Web-server for scm at: http://0.0.0.0:0
2020-07-23 00:54:38,861 [Listener at 0.0.0.0/43751] INFO  http.BaseHttpServer (BaseHttpServer.java:<init>(106)) - Hadoop Security Enabled: false Ozone Security Enabled: false Ozone HTTP Security Enabled: false 
2020-07-23 00:54:38,891 [Listener at 0.0.0.0/43751] INFO  util.log (Log.java:initialized(169)) - Logging initialized @2075ms to org.eclipse.jetty.util.log.Slf4jLog
2020-07-23 00:54:38,987 [Listener at 0.0.0.0/43751] INFO  server.AuthenticationFilter (AuthenticationFilter.java:constructSecretProvider(240)) - Unable to initialize FileSignerSecretProvider, falling back to use random secrets.
2020-07-23 00:54:39,001 [Listener at 0.0.0.0/43751] WARN  http.HttpRequestLog (HttpRequestLog.java:getRequestLog(103)) - Jetty request log can only be enabled using Log4j
2020-07-23 00:54:39,006 [Listener at 0.0.0.0/43751] INFO  http.HttpServer2 (HttpServer2.java:addGlobalFilter(998)) - Added global filter 'safety' (class=org.apache.hadoop.hdds.server.http.HttpServer2$QuotingInputFilter)
2020-07-23 00:54:39,008 [Listener at 0.0.0.0/43751] INFO  http.HttpServer2 (HttpServer2.java:addFilter(974)) - Added filter static_user_filter (class=org.apache.hadoop.http.lib.StaticUserWebFilter$StaticUserFilter) to context scm
2020-07-23 00:54:39,008 [Listener at 0.0.0.0/43751] INFO  http.HttpServer2 (HttpServer2.java:addFilter(982)) - Added filter static_user_filter (class=org.apache.hadoop.http.lib.StaticUserWebFilter$StaticUserFilter) to context static
2020-07-23 00:54:39,008 [Listener at 0.0.0.0/43751] INFO  http.HttpServer2 (HttpServer2.java:addFilter(982)) - Added filter static_user_filter (class=org.apache.hadoop.http.lib.StaticUserWebFilter$StaticUserFilter) to context logs
2020-07-23 00:54:39,046 [Listener at 0.0.0.0/43751] INFO  server.StorageContainerManager (StorageContainerManager.java:start(784)) - StorageContainerLocationProtocol RPC server is listening at /0.0.0.0:43751
2020-07-23 00:54:39,092 [Listener at 0.0.0.0/43751] WARN  impl.MetricsConfig (MetricsConfig.java:loadFirst(134)) - Cannot locate configuration: tried hadoop-metrics2-storagecontainermanager.properties,hadoop-metrics2.properties
2020-07-23 00:54:39,104 [Listener at 0.0.0.0/43751] INFO  impl.MetricsSystemImpl (MetricsSystemImpl.java:startTimer(374)) - Scheduled Metric snapshot period at 10 second(s).
2020-07-23 00:54:39,105 [Listener at 0.0.0.0/43751] INFO  impl.MetricsSystemImpl (MetricsSystemImpl.java:start(191)) - StorageContainerManager metrics system started
2020-07-23 00:54:39,311 [Listener at 0.0.0.0/43751] INFO  server.SCMClientProtocolServer (SCMClientProtocolServer.java:start(156)) - RPC server for Client  is listening at /0.0.0.0:43751
2020-07-23 00:54:39,313 [IPC Server Responder] INFO  ipc.Server (Server.java:run(1460)) - IPC Server Responder: starting
2020-07-23 00:54:39,314 [IPC Server listener on 0] INFO  ipc.Server (Server.java:run(1298)) - IPC Server listener on 0: starting
2020-07-23 00:54:39,321 [Listener at 0.0.0.0/43751] INFO  server.StorageContainerManager (StorageContainerManager.java:start(796)) - ScmBlockLocationProtocol RPC server is listening at /0.0.0.0:40185
2020-07-23 00:54:39,322 [Listener at 0.0.0.0/43751] INFO  server.SCMBlockProtocolServer (SCMBlockProtocolServer.java:start(149)) - RPC server for Block Protocol is listening at /0.0.0.0:40185
2020-07-23 00:54:39,322 [IPC Server Responder] INFO  ipc.Server (Server.java:run(1460)) - IPC Server Responder: starting
2020-07-23 00:54:39,324 [IPC Server listener on 0] INFO  ipc.Server (Server.java:run(1298)) - IPC Server listener on 0: starting
2020-07-23 00:54:39,328 [Listener at 0.0.0.0/43751] INFO  server.StorageContainerManager (StorageContainerManager.java:start(802)) - ScmDatanodeProtocl RPC server is listening at /0.0.0.0:43415
2020-07-23 00:54:39,328 [Listener at 0.0.0.0/43751] INFO  server.SCMDatanodeProtocolServer (SCMDatanodeProtocolServer.java:start(172)) - RPC server for DataNodes is listening at /0.0.0.0:43415
2020-07-23 00:54:39,329 [IPC Server Responder] INFO  ipc.Server (Server.java:run(1460)) - IPC Server Responder: starting
2020-07-23 00:54:39,329 [IPC Server listener on 0] INFO  ipc.Server (Server.java:run(1298)) - IPC Server listener on 0: starting
2020-07-23 00:54:39,336 [Listener at 0.0.0.0/43751] INFO  http.HttpServer2 (HttpServer2.java:bindListener(1216)) - Jetty bound to port 33117
2020-07-23 00:54:39,337 [Listener at 0.0.0.0/43751] INFO  server.Server (Server.java:doStart(359)) - jetty-9.4.26.v20200117; built: 2020-01-17T12:35:33.676Z; git: 7b38981d25d14afb4a12ff1f2596756144edf695; jvm 1.8.0_232-b09
2020-07-23 00:54:39,369 [Listener at 0.0.0.0/43751] INFO  server.session (DefaultSessionIdManager.java:doStart(333)) - DefaultSessionIdManager workerName=node0
2020-07-23 00:54:39,369 [Listener at 0.0.0.0/43751] INFO  server.session (DefaultSessionIdManager.java:doStart(338)) - No SessionScavenger set, using defaults
2020-07-23 00:54:39,370 [Listener at 0.0.0.0/43751] INFO  server.session (HouseKeeper.java:startScavenging(140)) - node0 Scavenging every 660000ms
2020-07-23 00:54:39,382 [Listener at 0.0.0.0/43751] INFO  handler.ContextHandler (ContextHandler.java:doStart(825)) - Started o.e.j.s.ServletContextHandler@646bd3ee{logs,/logs,file:///github/workspace/mnt/ozone/hadoop-ozone/integration-test/target/log,AVAILABLE}
2020-07-23 00:54:39,383 [Listener at 0.0.0.0/43751] INFO  handler.ContextHandler (ContextHandler.java:doStart(825)) - Started o.e.j.s.ServletContextHandler@19be366f{static,/static,file:///github/workspace/mnt/ozone/hadoop-ozone/integration-test/target/test-classes/webapps/static,AVAILABLE}
2020-07-23 00:54:39,415 [Listener at 0.0.0.0/43751] INFO  handler.ContextHandler (ContextHandler.java:doStart(825)) - Started o.e.j.w.WebAppContext@368fd742{scm,/,file:///github/workspace/mnt/ozone/hadoop-ozone/integration-test/target/test-classes/webapps/scm/,AVAILABLE}{file:/github/workspace/mnt/ozone/hadoop-ozone/integration-test/target/test-classes/webapps/scm}
2020-07-23 00:54:39,422 [Listener at 0.0.0.0/43751] INFO  server.AbstractConnector (AbstractConnector.java:doStart(330)) - Started ServerConnector@64cdd57a{HTTP/1.1,[http/1.1]}{0.0.0.0:33117}
2020-07-23 00:54:39,423 [Listener at 0.0.0.0/43751] INFO  server.Server (Server.java:doStart(399)) - Started @2606ms
2020-07-23 00:54:39,425 [Listener at 0.0.0.0/43751] INFO  impl.MetricsSinkAdapter (MetricsSinkAdapter.java:start(204)) - Sink prometheus started
2020-07-23 00:54:39,425 [Listener at 0.0.0.0/43751] INFO  impl.MetricsSystemImpl (MetricsSystemImpl.java:registerSink(301)) - Registered sink prometheus
2020-07-23 00:54:39,427 [Listener at 0.0.0.0/43751] INFO  http.BaseHttpServer (BaseHttpServer.java:updateConnectorAddress(327)) - HTTP server of scm listening at http://0.0.0.0:33117
2020-07-23 00:54:39,435 [Listener at 0.0.0.0/43751] WARN  server.ServerUtils (ServerUtils.java:getDBPath(225)) - ozone.om.db.dirs is not configured. We recommend adding this setting. Falling back to ozone.metadata.dirs instead.
2020-07-23 00:54:39,449 [org.apache.hadoop.util.JvmPauseMonitor$Monitor@5239ee68] INFO  util.JvmPauseMonitor (JvmPauseMonitor.java:run(188)) - Starting JVM pause monitor
2020-07-23 00:54:39,513 [Listener at 0.0.0.0/43751] INFO  ha.OMHANodeDetails (OMHANodeDetails.java:loadOMHAConfig(104)) - ozone.om.internal.service.id is not defined, falling back to ozone.om.service.ids to find serviceID for OzoneManager if it is HA enabled cluster
2020-07-23 00:54:39,516 [Listener at 0.0.0.0/43751] INFO  ha.OMHANodeDetails (OMHANodeDetails.java:loadOMHAConfig(213)) - Configuration either no ozone.om.address set. Falling back to the default OM address /127.0.0.1:0
2020-07-23 00:54:39,516 [Listener at 0.0.0.0/43751] INFO  ha.OMHANodeDetails (OMHANodeDetails.java:getOMNodeDetails(241)) - OM Service ID is not set. Setting it to the default ID: omServiceIdDefault
2020-07-23 00:54:39,518 [Listener at 0.0.0.0/43751] WARN  server.ServerUtils (ServerUtils.java:getDBPath(225)) - ozone.om.db.dirs is not configured. We recommend adding this setting. Falling back to ozone.metadata.dirs instead.
2020-07-23 00:54:39,518 [Listener at 0.0.0.0/43751] WARN  server.ServerUtils (ServerUtils.java:getDBPath(225)) - ozone.om.db.dirs is not configured. We recommend adding this setting. Falling back to ozone.metadata.dirs instead.
2020-07-23 00:54:40,136 [Listener at 0.0.0.0/43751] WARN  server.ServerUtils (ServerUtils.java:getDBPath(225)) - ozone.om.db.dirs is not configured. We recommend adding this setting. Falling back to ozone.metadata.dirs instead.
2020-07-23 00:54:40,277 [Listener at 0.0.0.0/43751] INFO  om.OzoneManager (OzoneManager.java:addS3GVolumeToDB(3569)) - Created Volume s3v With Owner jenkins1001 required for S3Gateway operations.
2020-07-23 00:54:40,307 [Listener at 0.0.0.0/43751] INFO  ipc.CallQueueManager (CallQueueManager.java:<init>(84)) - Using callQueue: class java.util.concurrent.LinkedBlockingQueue, queueCapacity: 2000, scheduler: class org.apache.hadoop.ipc.DefaultRpcScheduler, ipcBackoff: false.
2020-07-23 00:54:40,309 [Socket Reader #1 for port 0] INFO  ipc.Server (Server.java:run(1219)) - Starting Socket Reader #1 for port 0
2020-07-23 00:54:40,332 [Listener at 127.0.0.1/38187] INFO  impl.MetricsSystemImpl (MetricsSystemImpl.java:init(158)) - OzoneManager metrics system started (again)
2020-07-23 00:54:40,334 [Listener at 127.0.0.1/38187] INFO  om.OzoneManager (OzoneManager.java:start(1114)) - OzoneManager RPC server is listening at localhost/127.0.0.1:38187
2020-07-23 00:54:40,352 [IPC Server Responder] INFO  ipc.Server (Server.java:run(1460)) - IPC Server Responder: starting
2020-07-23 00:54:40,352 [IPC Server listener on 0] INFO  ipc.Server (Server.java:run(1298)) - IPC Server listener on 0: starting
2020-07-23 00:54:40,361 [Listener at 127.0.0.1/38187] INFO  http.BaseHttpServer (BaseHttpServer.java:newHttpServer2BuilderForOzone(207)) - Starting Web-server for ozoneManager at: http://0.0.0.0:0
2020-07-23 00:54:40,361 [Listener at 127.0.0.1/38187] INFO  http.BaseHttpServer (BaseHttpServer.java:<init>(106)) - Hadoop Security Enabled: false Ozone Security Enabled: false Ozone HTTP Security Enabled: false 
2020-07-23 00:54:40,363 [Listener at 127.0.0.1/38187] INFO  server.AuthenticationFilter (AuthenticationFilter.java:constructSecretProvider(240)) - Unable to initialize FileSignerSecretProvider, falling back to use random secrets.
2020-07-23 00:54:40,363 [Listener at 127.0.0.1/38187] WARN  http.HttpRequestLog (HttpRequestLog.java:getRequestLog(103)) - Jetty request log can only be enabled using Log4j
2020-07-23 00:54:40,364 [Listener at 127.0.0.1/38187] INFO  http.HttpServer2 (HttpServer2.java:addGlobalFilter(998)) - Added global filter 'safety' (class=org.apache.hadoop.hdds.server.http.HttpServer2$QuotingInputFilter)
2020-07-23 00:54:40,365 [Listener at 127.0.0.1/38187] INFO  http.HttpServer2 (HttpServer2.java:addFilter(974)) - Added filter static_user_filter (class=org.apache.hadoop.http.lib.StaticUserWebFilter$StaticUserFilter) to context ozoneManager
2020-07-23 00:54:40,365 [Listener at 127.0.0.1/38187] INFO  http.HttpServer2 (HttpServer2.java:addFilter(982)) - Added filter static_user_filter (class=org.apache.hadoop.http.lib.StaticUserWebFilter$StaticUserFilter) to context static
2020-07-23 00:54:40,365 [Listener at 127.0.0.1/38187] INFO  http.HttpServer2 (HttpServer2.java:addFilter(982)) - Added filter static_user_filter (class=org.apache.hadoop.http.lib.StaticUserWebFilter$StaticUserFilter) to context logs
2020-07-23 00:54:40,367 [Listener at 127.0.0.1/38187] INFO  http.HttpServer2 (HttpServer2.java:bindListener(1216)) - Jetty bound to port 41869
2020-07-23 00:54:40,367 [Listener at 127.0.0.1/38187] INFO  server.Server (Server.java:doStart(359)) - jetty-9.4.26.v20200117; built: 2020-01-17T12:35:33.676Z; git: 7b38981d25d14afb4a12ff1f2596756144edf695; jvm 1.8.0_232-b09
2020-07-23 00:54:40,369 [Listener at 127.0.0.1/38187] INFO  server.session (DefaultSessionIdManager.java:doStart(333)) - DefaultSessionIdManager workerName=node0
2020-07-23 00:54:40,370 [Listener at 127.0.0.1/38187] INFO  server.session (DefaultSessionIdManager.java:doStart(338)) - No SessionScavenger set, using defaults
2020-07-23 00:54:40,370 [Listener at 127.0.0.1/38187] INFO  server.session (HouseKeeper.java:startScavenging(140)) - node0 Scavenging every 660000ms
2020-07-23 00:54:40,371 [Listener at 127.0.0.1/38187] INFO  handler.ContextHandler (ContextHandler.java:doStart(825)) - Started o.e.j.s.ServletContextHandler@11f82af2{logs,/logs,file:///github/workspace/mnt/ozone/hadoop-ozone/integration-test/target/log,AVAILABLE}
2020-07-23 00:54:40,371 [Listener at 127.0.0.1/38187] INFO  handler.ContextHandler (ContextHandler.java:doStart(825)) - Started o.e.j.s.ServletContextHandler@7163fdd6{static,/static,file:///github/workspace/mnt/ozone/hadoop-ozone/integration-test/target/test-classes/webapps/static,AVAILABLE}
2020-07-23 00:54:40,377 [Listener at 127.0.0.1/38187] INFO  handler.ContextHandler (ContextHandler.java:doStart(825)) - Started o.e.j.w.WebAppContext@13dc5d20{ozoneManager,/,file:///github/workspace/mnt/ozone/hadoop-ozone/integration-test/target/test-classes/webapps/ozoneManager/,AVAILABLE}{file:/github/workspace/mnt/ozone/hadoop-ozone/integration-test/target/test-classes/webapps/ozoneManager}
2020-07-23 00:54:40,378 [Listener at 127.0.0.1/38187] INFO  server.AbstractConnector (AbstractConnector.java:doStart(330)) - Started ServerConnector@4896bdd8{HTTP/1.1,[http/1.1]}{0.0.0.0:41869}
2020-07-23 00:54:40,378 [Listener at 127.0.0.1/38187] INFO  server.Server (Server.java:doStart(399)) - Started @3562ms
2020-07-23 00:54:40,378 [Listener at 127.0.0.1/38187] WARN  impl.MetricsSystemImpl (MetricsSystemImpl.java:register(276)) - Sink prometheus already exists!
2020-07-23 00:54:40,380 [Listener at 127.0.0.1/38187] INFO  http.BaseHttpServer (BaseHttpServer.java:updateConnectorAddress(327)) - HTTP server of ozoneManager listening at http://0.0.0.0:41869
2020-07-23 00:54:40,399 [org.apache.hadoop.util.JvmPauseMonitor$Monitor@644b0205] INFO  util.JvmPauseMonitor (JvmPauseMonitor.java:run(188)) - Starting JVM pause monitor
2020-07-23 00:54:40,502 [Listener at 127.0.0.1/38187] INFO  metrics.MetricRegistries (MetricRegistriesLoader.java:load(64)) - Loaded MetricRegistries class org.apache.ratis.metrics.impl.MetricRegistriesImpl
2020-07-23 00:54:40,505 [Listener at 127.0.0.1/38187] INFO  impl.MetricsSystemImpl (MetricsSystemImpl.java:init(158)) - HddsDatanode metrics system started (again)
2020-07-23 00:54:40,510 [Listener at 127.0.0.1/38187] INFO  ozone.HddsDatanodeService (HddsDatanodeService.java:start(217)) - HddsDatanodeService host:6909d8773a62 ip:172.17.0.2
2020-07-23 00:54:40,572 [Listener at 127.0.0.1/38187] INFO  volume.HddsVolume (HddsVolume.java:<init>(176)) - Creating Volume: /github/workspace/mnt/ozone/hadoop-ozone/integration-test/target/test-dir/MiniOzoneClusterImpl-9dac51b2-5047-4894-9263-2f6317d89c21/datanode-0/data-0/containers/hdds of storage type : DISK and capacity : 9223372036854775807
2020-07-23 00:54:40,574 [Listener at 127.0.0.1/38187] INFO  volume.MutableVolumeSet (MutableVolumeSet.java:initializeVolumeSet(179)) - Added Volume : /github/workspace/mnt/ozone/hadoop-ozone/integration-test/target/test-dir/MiniOzoneClusterImpl-9dac51b2-5047-4894-9263-2f6317d89c21/datanode-0/data-0/containers/hdds to VolumeSet
2020-07-23 00:54:40,575 [Listener at 127.0.0.1/38187] INFO  volume.ThrottledAsyncChecker (ThrottledAsyncChecker.java:schedule(141)) - Scheduling a check for /github/workspace/mnt/ozone/hadoop-ozone/integration-test/target/test-dir/MiniOzoneClusterImpl-9dac51b2-5047-4894-9263-2f6317d89c21/datanode-0/data-0/containers/hdds
2020-07-23 00:54:40,593 [Listener at 127.0.0.1/38187] INFO  volume.HddsVolumeChecker (HddsVolumeChecker.java:checkAllVolumes(200)) - Scheduled health check for volume /github/workspace/mnt/ozone/hadoop-ozone/integration-test/target/test-dir/MiniOzoneClusterImpl-9dac51b2-5047-4894-9263-2f6317d89c21/datanode-0/data-0/containers/hdds
2020-07-23 00:54:40,617 [Thread-131] INFO  ozoneimpl.ContainerReader (ContainerReader.java:readVolume(123)) - Start to verify containers on volume /github/workspace/mnt/ozone/hadoop-ozone/integration-test/target/test-dir/MiniOzoneClusterImpl-9dac51b2-5047-4894-9263-2f6317d89c21/datanode-0/data-0/containers/hdds
2020-07-23 00:54:40,618 [Thread-131] INFO  ozoneimpl.ContainerReader (ContainerReader.java:readVolume(148)) - Finish verifying containers on volume /github/workspace/mnt/ozone/hadoop-ozone/integration-test/target/test-dir/MiniOzoneClusterImpl-9dac51b2-5047-4894-9263-2f6317d89c21/datanode-0/data-0/containers/hdds
2020-07-23 00:54:40,618 [Listener at 127.0.0.1/38187] INFO  ozoneimpl.OzoneContainer (OzoneContainer.java:buildContainerSet(187)) - Build ContainerSet costs 0s
2020-07-23 00:54:40,746 [Listener at 127.0.0.1/38187] INFO  impl.RaftServerProxy (ConfUtils.java:logGet(44)) - raft.rpc.type = GRPC (default)
2020-07-23 00:54:40,815 [Listener at 127.0.0.1/38187] INFO  grpc.GrpcFactory (GrpcFactory.java:checkPooledByteBufAllocatorUseCacheForAllThreads(45)) - PERFORMANCE WARNING: useCacheForAllThreads is true that may cause Netty to create a lot garbage objects and, as a result, trigger GC.
	It is recommended to disable useCacheForAllThreads by setting -Dorg.apache.ratis.thirdparty.io.netty.allocator.useCacheForAllThreads=false in command line.
2020-07-23 00:54:40,819 [Listener at 127.0.0.1/38187] INFO  grpc.GrpcConfigKeys (ConfUtils.java:logGet(44)) - raft.grpc.server.port = 0 (default)
2020-07-23 00:54:40,820 [Listener at 127.0.0.1/38187] INFO  server.GrpcService (ConfUtils.java:logGet(44)) - raft.grpc.message.size.max = 32MB (=33554432) (custom)
2020-07-23 00:54:40,821 [Listener at 127.0.0.1/38187] INFO  server.RaftServerConfigKeys (ConfUtils.java:logGet(44)) - raft.server.log.appender.buffer.byte-limit = 33554432 (custom)
2020-07-23 00:54:40,821 [Listener at 127.0.0.1/38187] INFO  server.GrpcService (ConfUtils.java:logGet(44)) - raft.grpc.flow.control.window = 5MB (=5242880) (custom)
2020-07-23 00:54:40,822 [Listener at 127.0.0.1/38187] INFO  server.RaftServerConfigKeys (ConfUtils.java:logGet(44)) - raft.server.rpc.request.timeout = 60s (custom)
2020-07-23 00:54:40,998 [Listener at 127.0.0.1/38187] INFO  server.RaftServerConfigKeys (ConfUtils.java:logGet(44)) - raft.server.storage.dir = [/github/workspace/mnt/ozone/hadoop-ozone/integration-test/target/test-dir/MiniOzoneClusterImpl-9dac51b2-5047-4894-9263-2f6317d89c21/datanode-0/data/ratis] (custom)
2020-07-23 00:54:41,065 [Listener at 127.0.0.1/38187] INFO  http.BaseHttpServer (BaseHttpServer.java:newHttpServer2BuilderForOzone(207)) - Starting Web-server for hddsDatanode at: http://0.0.0.0:0
2020-07-23 00:54:41,065 [Listener at 127.0.0.1/38187] INFO  http.BaseHttpServer (BaseHttpServer.java:<init>(106)) - Hadoop Security Enabled: false Ozone Security Enabled: false Ozone HTTP Security Enabled: false 
2020-07-23 00:54:41,066 [Listener at 127.0.0.1/38187] INFO  server.AuthenticationFilter (AuthenticationFilter.java:constructSecretProvider(240)) - Unable to initialize FileSignerSecretProvider, falling back to use random secrets.
2020-07-23 00:54:41,067 [Listener at 127.0.0.1/38187] WARN  http.HttpRequestLog (HttpRequestLog.java:getRequestLog(103)) - Jetty request log can only be enabled using Log4j
2020-07-23 00:54:41,068 [Listener at 127.0.0.1/38187] INFO  http.HttpServer2 (HttpServer2.java:addGlobalFilter(998)) - Added global filter 'safety' (class=org.apache.hadoop.hdds.server.http.HttpServer2$QuotingInputFilter)
2020-07-23 00:54:41,069 [Listener at 127.0.0.1/38187] INFO  http.HttpServer2 (HttpServer2.java:addFilter(974)) - Added filter static_user_filter (class=org.apache.hadoop.http.lib.StaticUserWebFilter$StaticUserFilter) to context hddsDatanode
2020-07-23 00:54:41,069 [Listener at 127.0.0.1/38187] INFO  http.HttpServer2 (HttpServer2.java:addFilter(982)) - Added filter static_user_filter (class=org.apache.hadoop.http.lib.StaticUserWebFilter$StaticUserFilter) to context static
2020-07-23 00:54:41,069 [Listener at 127.0.0.1/38187] INFO  http.HttpServer2 (HttpServer2.java:addFilter(982)) - Added filter static_user_filter (class=org.apache.hadoop.http.lib.StaticUserWebFilter$StaticUserFilter) to context logs
2020-07-23 00:54:41,070 [Listener at 127.0.0.1/38187] INFO  http.HttpServer2 (HttpServer2.java:bindListener(1216)) - Jetty bound to port 41763
2020-07-23 00:54:41,070 [Listener at 127.0.0.1/38187] INFO  server.Server (Server.java:doStart(359)) - jetty-9.4.26.v20200117; built: 2020-01-17T12:35:33.676Z; git: 7b38981d25d14afb4a12ff1f2596756144edf695; jvm 1.8.0_232-b09
2020-07-23 00:54:41,072 [Listener at 127.0.0.1/38187] INFO  server.session (DefaultSessionIdManager.java:doStart(333)) - DefaultSessionIdManager workerName=node0
2020-07-23 00:54:41,072 [Listener at 127.0.0.1/38187] INFO  server.session (DefaultSessionIdManager.java:doStart(338)) - No SessionScavenger set, using defaults
2020-07-23 00:54:41,072 [Listener at 127.0.0.1/38187] INFO  server.session (HouseKeeper.java:startScavenging(140)) - node0 Scavenging every 660000ms
2020-07-23 00:54:41,077 [Listener at 127.0.0.1/38187] INFO  handler.ContextHandler (ContextHandler.java:doStart(825)) - Started o.e.j.s.ServletContextHandler@5622ffac{logs,/logs,file:///github/workspace/mnt/ozone/hadoop-ozone/integration-test/target/log,AVAILABLE}
2020-07-23 00:54:41,077 [Listener at 127.0.0.1/38187] INFO  handler.ContextHandler (ContextHandler.java:doStart(825)) - Started o.e.j.s.ServletContextHandler@17359ddf{static,/static,jar:file:/home/user/.m2/repository/org/apache/hadoop/hadoop-hdds-container-service/0.6.0-SNAPSHOT/hadoop-hdds-container-service-0.6.0-SNAPSHOT.jar!/webapps/static,AVAILABLE}
2020-07-23 00:54:41,178 [Listener at 127.0.0.1/38187] INFO  handler.ContextHandler (ContextHandler.java:doStart(825)) - Started o.e.j.w.WebAppContext@5cad9960{hddsDatanode,/,file:///tmp/jetty-0_0_0_0-41763-hadoop-hdds-container-service-0_6_0-SNAPSHOT_jar-_-any-6534584149967647703.dir/webapp/,AVAILABLE}{jar:file:/home/user/.m2/repository/org/apache/hadoop/hadoop-hdds-container-service/0.6.0-SNAPSHOT/hadoop-hdds-container-service-0.6.0-SNAPSHOT.jar!/webapps/hddsDatanode}
2020-07-23 00:54:41,180 [Listener at 127.0.0.1/38187] INFO  server.AbstractConnector (AbstractConnector.java:doStart(330)) - Started ServerConnector@1a363ee8{HTTP/1.1,[http/1.1]}{0.0.0.0:41763}
2020-07-23 00:54:41,180 [Listener at 127.0.0.1/38187] INFO  server.Server (Server.java:doStart(399)) - Started @4364ms
2020-07-23 00:54:41,182 [Listener at 127.0.0.1/38187] WARN  impl.MetricsSystemImpl (MetricsSystemImpl.java:register(276)) - Sink prometheus already exists!
2020-07-23 00:54:41,184 [Listener at 127.0.0.1/38187] INFO  http.BaseHttpServer (BaseHttpServer.java:updateConnectorAddress(327)) - HTTP server of hddsDatanode listening at http://0.0.0.0:41763
2020-07-23 00:54:41,186 [Listener at 127.0.0.1/38187] INFO  impl.MetricsSystemImpl (MetricsSystemImpl.java:init(158)) - HddsDatanode metrics system started (again)
2020-07-23 00:54:41,187 [Listener at 127.0.0.1/38187] INFO  ozone.HddsDatanodeService (HddsDatanodeService.java:start(217)) - HddsDatanodeService host:6909d8773a62 ip:172.17.0.2
2020-07-23 00:54:41,190 [Listener at 127.0.0.1/38187] INFO  volume.HddsVolume (HddsVolume.java:<init>(176)) - Creating Volume: /github/workspace/mnt/ozone/hadoop-ozone/integration-test/target/test-dir/MiniOzoneClusterImpl-9dac51b2-5047-4894-9263-2f6317d89c21/datanode-1/data-0/containers/hdds of storage type : DISK and capacity : 9223372036854775807
2020-07-23 00:54:41,190 [Listener at 127.0.0.1/38187] INFO  volume.MutableVolumeSet (MutableVolumeSet.java:initializeVolumeSet(179)) - Added Volume : /github/workspace/mnt/ozone/hadoop-ozone/integration-test/target/test-dir/MiniOzoneClusterImpl-9dac51b2-5047-4894-9263-2f6317d89c21/datanode-1/data-0/containers/hdds to VolumeSet
2020-07-23 00:54:41,190 [Listener at 127.0.0.1/38187] INFO  volume.ThrottledAsyncChecker (ThrottledAsyncChecker.java:schedule(141)) - Scheduling a check for /github/workspace/mnt/ozone/hadoop-ozone/integration-test/target/test-dir/MiniOzoneClusterImpl-9dac51b2-5047-4894-9263-2f6317d89c21/datanode-1/data-0/containers/hdds
2020-07-23 00:54:41,191 [Listener at 127.0.0.1/38187] INFO  volume.HddsVolumeChecker (HddsVolumeChecker.java:checkAllVolumes(200)) - Scheduled health check for volume /github/workspace/mnt/ozone/hadoop-ozone/integration-test/target/test-dir/MiniOzoneClusterImpl-9dac51b2-5047-4894-9263-2f6317d89c21/datanode-1/data-0/containers/hdds
2020-07-23 00:54:41,205 [org.apache.hadoop.util.JvmPauseMonitor$Monitor@dd7c6e6] INFO  util.JvmPauseMonitor (JvmPauseMonitor.java:run(188)) - Starting JVM pause monitor
2020-07-23 00:54:41,205 [Thread-142] INFO  ozoneimpl.ContainerReader (ContainerReader.java:readVolume(123)) - Start to verify containers on volume /github/workspace/mnt/ozone/hadoop-ozone/integration-test/target/test-dir/MiniOzoneClusterImpl-9dac51b2-5047-4894-9263-2f6317d89c21/datanode-1/data-0/containers/hdds
2020-07-23 00:54:41,205 [Thread-142] INFO  ozoneimpl.ContainerReader (ContainerReader.java:readVolume(148)) - Finish verifying containers on volume /github/workspace/mnt/ozone/hadoop-ozone/integration-test/target/test-dir/MiniOzoneClusterImpl-9dac51b2-5047-4894-9263-2f6317d89c21/datanode-1/data-0/containers/hdds
2020-07-23 00:54:41,205 [Listener at 127.0.0.1/38187] INFO  ozoneimpl.OzoneContainer (OzoneContainer.java:buildContainerSet(187)) - Build ContainerSet costs 0s
2020-07-23 00:54:41,208 [Listener at 127.0.0.1/38187] INFO  impl.RaftServerProxy (ConfUtils.java:logGet(44)) - raft.rpc.type = GRPC (default)
2020-07-23 00:54:41,208 [Listener at 127.0.0.1/38187] INFO  grpc.GrpcFactory (GrpcFactory.java:checkPooledByteBufAllocatorUseCacheForAllThreads(45)) - PERFORMANCE WARNING: useCacheForAllThreads is true that may cause Netty to create a lot garbage objects and, as a result, trigger GC.
	It is recommended to disable useCacheForAllThreads by setting -Dorg.apache.ratis.thirdparty.io.netty.allocator.useCacheForAllThreads=false in command line.
2020-07-23 00:54:41,208 [Listener at 127.0.0.1/38187] INFO  grpc.GrpcConfigKeys (ConfUtils.java:logGet(44)) - raft.grpc.server.port = 0 (default)
2020-07-23 00:54:41,208 [Listener at 127.0.0.1/38187] INFO  server.GrpcService (ConfUtils.java:logGet(44)) - raft.grpc.message.size.max = 32MB (=33554432) (custom)
2020-07-23 00:54:41,208 [Listener at 127.0.0.1/38187] INFO  server.RaftServerConfigKeys (ConfUtils.java:logGet(44)) - raft.server.log.appender.buffer.byte-limit = 33554432 (custom)
2020-07-23 00:54:41,209 [Listener at 127.0.0.1/38187] INFO  server.GrpcService (ConfUtils.java:logGet(44)) - raft.grpc.flow.control.window = 5MB (=5242880) (custom)
2020-07-23 00:54:41,209 [Listener at 127.0.0.1/38187] INFO  server.RaftServerConfigKeys (ConfUtils.java:logGet(44)) - raft.server.rpc.request.timeout = 60s (custom)
2020-07-23 00:54:41,210 [Listener at 127.0.0.1/38187] INFO  server.RaftServerConfigKeys (ConfUtils.java:logGet(44)) - raft.server.storage.dir = [/github/workspace/mnt/ozone/hadoop-ozone/integration-test/target/test-dir/MiniOzoneClusterImpl-9dac51b2-5047-4894-9263-2f6317d89c21/datanode-1/data/ratis] (custom)
2020-07-23 00:54:41,221 [Listener at 127.0.0.1/38187] INFO  http.BaseHttpServer (BaseHttpServer.java:newHttpServer2BuilderForOzone(207)) - Starting Web-server for hddsDatanode at: http://0.0.0.0:0
2020-07-23 00:54:41,221 [Listener at 127.0.0.1/38187] INFO  http.BaseHttpServer (BaseHttpServer.java:<init>(106)) - Hadoop Security Enabled: false Ozone Security Enabled: false Ozone HTTP Security Enabled: false 
2020-07-23 00:54:41,223 [Listener at 127.0.0.1/38187] INFO  server.AuthenticationFilter (AuthenticationFilter.java:constructSecretProvider(240)) - Unable to initialize FileSignerSecretProvider, falling back to use random secrets.
2020-07-23 00:54:41,230 [Listener at 127.0.0.1/38187] WARN  http.HttpRequestLog (HttpRequestLog.java:getRequestLog(103)) - Jetty request log can only be enabled using Log4j
2020-07-23 00:54:41,231 [Listener at 127.0.0.1/38187] INFO  http.HttpServer2 (HttpServer2.java:addGlobalFilter(998)) - Added global filter 'safety' (class=org.apache.hadoop.hdds.server.http.HttpServer2$QuotingInputFilter)
2020-07-23 00:54:41,231 [Listener at 127.0.0.1/38187] INFO  http.HttpServer2 (HttpServer2.java:addFilter(974)) - Added filter static_user_filter (class=org.apache.hadoop.http.lib.StaticUserWebFilter$StaticUserFilter) to context hddsDatanode
2020-07-23 00:54:41,232 [Listener at 127.0.0.1/38187] INFO  http.HttpServer2 (HttpServer2.java:addFilter(982)) - Added filter static_user_filter (class=org.apache.hadoop.http.lib.StaticUserWebFilter$StaticUserFilter) to context logs
2020-07-23 00:54:41,232 [Listener at 127.0.0.1/38187] INFO  http.HttpServer2 (HttpServer2.java:addFilter(982)) - Added filter static_user_filter (class=org.apache.hadoop.http.lib.StaticUserWebFilter$StaticUserFilter) to context static
2020-07-23 00:54:41,232 [Listener at 127.0.0.1/38187] INFO  http.HttpServer2 (HttpServer2.java:bindListener(1216)) - Jetty bound to port 37469
2020-07-23 00:54:41,232 [Listener at 127.0.0.1/38187] INFO  server.Server (Server.java:doStart(359)) - jetty-9.4.26.v20200117; built: 2020-01-17T12:35:33.676Z; git: 7b38981d25d14afb4a12ff1f2596756144edf695; jvm 1.8.0_232-b09
2020-07-23 00:54:41,275 [Listener at 127.0.0.1/38187] INFO  server.session (DefaultSessionIdManager.java:doStart(333)) - DefaultSessionIdManager workerName=node0
2020-07-23 00:54:41,275 [Listener at 127.0.0.1/38187] INFO  server.session (DefaultSessionIdManager.java:doStart(338)) - No SessionScavenger set, using defaults
2020-07-23 00:54:41,275 [Listener at 127.0.0.1/38187] INFO  server.session (HouseKeeper.java:startScavenging(140)) - node0 Scavenging every 600000ms
2020-07-23 00:54:41,285 [Listener at 127.0.0.1/38187] INFO  handler.ContextHandler (ContextHandler.java:doStart(825)) - Started o.e.j.s.ServletContextHandler@197ccf8d{logs,/logs,file:///github/workspace/mnt/ozone/hadoop-ozone/integration-test/target/log,AVAILABLE}
2020-07-23 00:54:41,285 [Listener at 127.0.0.1/38187] INFO  handler.ContextHandler (ContextHandler.java:doStart(825)) - Started o.e.j.s.ServletContextHandler@1bb53da2{static,/static,jar:file:/home/user/.m2/repository/org/apache/hadoop/hadoop-hdds-container-service/0.6.0-SNAPSHOT/hadoop-hdds-container-service-0.6.0-SNAPSHOT.jar!/webapps/static,AVAILABLE}
2020-07-23 00:54:41,344 [Datanode State Machine Task Thread - 0] INFO  datanode.InitDatanodeState (InitDatanodeState.java:persistContainerDatanodeDetails(145)) - DatanodeDetails is persisted to /github/workspace/mnt/ozone/hadoop-ozone/integration-test/target/test-dir/MiniOzoneClusterImpl-9dac51b2-5047-4894-9263-2f6317d89c21/datanode-0/meta/datanode.id
2020-07-23 00:54:41,373 [Listener at 127.0.0.1/38187] INFO  handler.ContextHandler (ContextHandler.java:doStart(825)) - Started o.e.j.w.WebAppContext@25502d8{hddsDatanode,/,file:///tmp/jetty-0_0_0_0-37469-hadoop-hdds-container-service-0_6_0-SNAPSHOT_jar-_-any-5428761355570419097.dir/webapp/,AVAILABLE}{jar:file:/home/user/.m2/repository/org/apache/hadoop/hadoop-hdds-container-service/0.6.0-SNAPSHOT/hadoop-hdds-container-service-0.6.0-SNAPSHOT.jar!/webapps/hddsDatanode}
2020-07-23 00:54:41,377 [Listener at 127.0.0.1/38187] INFO  server.AbstractConnector (AbstractConnector.java:doStart(330)) - Started ServerConnector@4f6c963b{HTTP/1.1,[http/1.1]}{0.0.0.0:37469}
2020-07-23 00:54:41,377 [Listener at 127.0.0.1/38187] INFO  server.Server (Server.java:doStart(399)) - Started @4561ms
2020-07-23 00:54:41,378 [Listener at 127.0.0.1/38187] WARN  impl.MetricsSystemImpl (MetricsSystemImpl.java:register(276)) - Sink prometheus already exists!
2020-07-23 00:54:41,381 [Listener at 127.0.0.1/38187] INFO  http.BaseHttpServer (BaseHttpServer.java:updateConnectorAddress(327)) - HTTP server of hddsDatanode listening at http://0.0.0.0:37469
2020-07-23 00:54:41,381 [Listener at 127.0.0.1/38187] INFO  impl.MetricsSystemImpl (MetricsSystemImpl.java:init(158)) - HddsDatanode metrics system started (again)
2020-07-23 00:54:41,382 [Listener at 127.0.0.1/38187] INFO  ozone.HddsDatanodeService (HddsDatanodeService.java:start(217)) - HddsDatanodeService host:6909d8773a62 ip:172.17.0.2
2020-07-23 00:54:41,385 [Listener at 127.0.0.1/38187] INFO  volume.HddsVolume (HddsVolume.java:<init>(176)) - Creating Volume: /github/workspace/mnt/ozone/hadoop-ozone/integration-test/target/test-dir/MiniOzoneClusterImpl-9dac51b2-5047-4894-9263-2f6317d89c21/datanode-2/data-0/containers/hdds of storage type : DISK and capacity : 9223372036854775807
2020-07-23 00:54:41,385 [Listener at 127.0.0.1/38187] INFO  volume.MutableVolumeSet (MutableVolumeSet.java:initializeVolumeSet(179)) - Added Volume : /github/workspace/mnt/ozone/hadoop-ozone/integration-test/target/test-dir/MiniOzoneClusterImpl-9dac51b2-5047-4894-9263-2f6317d89c21/datanode-2/data-0/containers/hdds to VolumeSet
2020-07-23 00:54:41,386 [Listener at 127.0.0.1/38187] INFO  volume.ThrottledAsyncChecker (ThrottledAsyncChecker.java:schedule(141)) - Scheduling a check for /github/workspace/mnt/ozone/hadoop-ozone/integration-test/target/test-dir/MiniOzoneClusterImpl-9dac51b2-5047-4894-9263-2f6317d89c21/datanode-2/data-0/containers/hdds
2020-07-23 00:54:41,386 [Listener at 127.0.0.1/38187] INFO  volume.HddsVolumeChecker (HddsVolumeChecker.java:checkAllVolumes(200)) - Scheduled health check for volume /github/workspace/mnt/ozone/hadoop-ozone/integration-test/target/test-dir/MiniOzoneClusterImpl-9dac51b2-5047-4894-9263-2f6317d89c21/datanode-2/data-0/containers/hdds
2020-07-23 00:54:41,413 [Thread-151] INFO  ozoneimpl.ContainerReader (ContainerReader.java:readVolume(123)) - Start to verify containers on volume /github/workspace/mnt/ozone/hadoop-ozone/integration-test/target/test-dir/MiniOzoneClusterImpl-9dac51b2-5047-4894-9263-2f6317d89c21/datanode-2/data-0/containers/hdds
2020-07-23 00:54:41,413 [Thread-151] INFO  ozoneimpl.ContainerReader (ContainerReader.java:readVolume(148)) - Finish verifying containers on volume /github/workspace/mnt/ozone/hadoop-ozone/integration-test/target/test-dir/MiniOzoneClusterImpl-9dac51b2-5047-4894-9263-2f6317d89c21/datanode-2/data-0/containers/hdds
2020-07-23 00:54:41,413 [Listener at 127.0.0.1/38187] INFO  ozoneimpl.OzoneContainer (OzoneContainer.java:buildContainerSet(187)) - Build ContainerSet costs 0s
2020-07-23 00:54:41,416 [Listener at 127.0.0.1/38187] INFO  impl.RaftServerProxy (ConfUtils.java:logGet(44)) - raft.rpc.type = GRPC (default)
2020-07-23 00:54:41,416 [Listener at 127.0.0.1/38187] INFO  grpc.GrpcFactory (GrpcFactory.java:checkPooledByteBufAllocatorUseCacheForAllThreads(45)) - PERFORMANCE WARNING: useCacheForAllThreads is true that may cause Netty to create a lot garbage objects and, as a result, trigger GC.
	It is recommended to disable useCacheForAllThreads by setting -Dorg.apache.ratis.thirdparty.io.netty.allocator.useCacheForAllThreads=false in command line.
2020-07-23 00:54:41,416 [Listener at 127.0.0.1/38187] INFO  grpc.GrpcConfigKeys (ConfUtils.java:logGet(44)) - raft.grpc.server.port = 0 (default)
2020-07-23 00:54:41,416 [Listener at 127.0.0.1/38187] INFO  server.GrpcService (ConfUtils.java:logGet(44)) - raft.grpc.message.size.max = 32MB (=33554432) (custom)
2020-07-23 00:54:41,417 [Listener at 127.0.0.1/38187] INFO  server.RaftServerConfigKeys (ConfUtils.java:logGet(44)) - raft.server.log.appender.buffer.byte-limit = 33554432 (custom)
2020-07-23 00:54:41,417 [Listener at 127.0.0.1/38187] INFO  server.GrpcService (ConfUtils.java:logGet(44)) - raft.grpc.flow.control.window = 5MB (=5242880) (custom)
2020-07-23 00:54:41,417 [Listener at 127.0.0.1/38187] INFO  server.RaftServerConfigKeys (ConfUtils.java:logGet(44)) - raft.server.rpc.request.timeout = 60s (custom)
2020-07-23 00:54:41,418 [Listener at 127.0.0.1/38187] INFO  server.RaftServerConfigKeys (ConfUtils.java:logGet(44)) - raft.server.storage.dir = [/github/workspace/mnt/ozone/hadoop-ozone/integration-test/target/test-dir/MiniOzoneClusterImpl-9dac51b2-5047-4894-9263-2f6317d89c21/datanode-2/data/ratis] (custom)
2020-07-23 00:54:41,422 [Listener at 127.0.0.1/38187] INFO  http.BaseHttpServer (BaseHttpServer.java:newHttpServer2BuilderForOzone(207)) - Starting Web-server for hddsDatanode at: http://0.0.0.0:0
2020-07-23 00:54:41,422 [Listener at 127.0.0.1/38187] INFO  http.BaseHttpServer (BaseHttpServer.java:<init>(106)) - Hadoop Security Enabled: false Ozone Security Enabled: false Ozone HTTP Security Enabled: false 
2020-07-23 00:54:41,423 [Listener at 127.0.0.1/38187] INFO  server.AuthenticationFilter (AuthenticationFilter.java:constructSecretProvider(240)) - Unable to initialize FileSignerSecretProvider, falling back to use random secrets.
2020-07-23 00:54:41,432 [org.apache.hadoop.util.JvmPauseMonitor$Monitor@1928e85] INFO  util.JvmPauseMonitor (JvmPauseMonitor.java:run(188)) - Starting JVM pause monitor
2020-07-23 00:54:41,433 [Listener at 127.0.0.1/38187] WARN  http.HttpRequestLog (HttpRequestLog.java:getRequestLog(103)) - Jetty request log can only be enabled using Log4j
2020-07-23 00:54:41,433 [Listener at 127.0.0.1/38187] INFO  http.HttpServer2 (HttpServer2.java:addGlobalFilter(998)) - Added global filter 'safety' (class=org.apache.hadoop.hdds.server.http.HttpServer2$QuotingInputFilter)
2020-07-23 00:54:41,434 [Listener at 127.0.0.1/38187] INFO  http.HttpServer2 (HttpServer2.java:addFilter(974)) - Added filter static_user_filter (class=org.apache.hadoop.http.lib.StaticUserWebFilter$StaticUserFilter) to context hddsDatanode
2020-07-23 00:54:41,434 [Listener at 127.0.0.1/38187] INFO  http.HttpServer2 (HttpServer2.java:addFilter(982)) - Added filter static_user_filter (class=org.apache.hadoop.http.lib.StaticUserWebFilter$StaticUserFilter) to context static
2020-07-23 00:54:41,434 [Listener at 127.0.0.1/38187] INFO  http.HttpServer2 (HttpServer2.java:addFilter(982)) - Added filter static_user_filter (class=org.apache.hadoop.http.lib.StaticUserWebFilter$StaticUserFilter) to context logs
2020-07-23 00:54:41,435 [Listener at 127.0.0.1/38187] INFO  http.HttpServer2 (HttpServer2.java:bindListener(1216)) - Jetty bound to port 40055
2020-07-23 00:54:41,435 [Listener at 127.0.0.1/38187] INFO  server.Server (Server.java:doStart(359)) - jetty-9.4.26.v20200117; built: 2020-01-17T12:35:33.676Z; git: 7b38981d25d14afb4a12ff1f2596756144edf695; jvm 1.8.0_232-b09
2020-07-23 00:54:41,445 [Listener at 127.0.0.1/38187] INFO  server.session (DefaultSessionIdManager.java:doStart(333)) - DefaultSessionIdManager workerName=node0
2020-07-23 00:54:41,445 [Listener at 127.0.0.1/38187] INFO  server.session (DefaultSessionIdManager.java:doStart(338)) - No SessionScavenger set, using defaults
2020-07-23 00:54:41,446 [Listener at 127.0.0.1/38187] INFO  server.session (HouseKeeper.java:startScavenging(140)) - node0 Scavenging every 660000ms
2020-07-23 00:54:41,446 [Listener at 127.0.0.1/38187] INFO  handler.ContextHandler (ContextHandler.java:doStart(825)) - Started o.e.j.s.ServletContextHandler@5328c9f3{logs,/logs,file:///github/workspace/mnt/ozone/hadoop-ozone/integration-test/target/log,AVAILABLE}
2020-07-23 00:54:41,447 [Listener at 127.0.0.1/38187] INFO  handler.ContextHandler (ContextHandler.java:doStart(825)) - Started o.e.j.s.ServletContextHandler@7b855d17{static,/static,jar:file:/home/user/.m2/repository/org/apache/hadoop/hadoop-hdds-container-service/0.6.0-SNAPSHOT/hadoop-hdds-container-service-0.6.0-SNAPSHOT.jar!/webapps/static,AVAILABLE}
2020-07-23 00:54:41,451 [Datanode State Machine Task Thread - 0] INFO  datanode.InitDatanodeState (InitDatanodeState.java:persistContainerDatanodeDetails(145)) - DatanodeDetails is persisted to /github/workspace/mnt/ozone/hadoop-ozone/integration-test/target/test-dir/MiniOzoneClusterImpl-9dac51b2-5047-4894-9263-2f6317d89c21/datanode-1/meta/datanode.id
2020-07-23 00:54:41,511 [Listener at 127.0.0.1/38187] INFO  handler.ContextHandler (ContextHandler.java:doStart(825)) - Started o.e.j.w.WebAppContext@38cca0a5{hddsDatanode,/,file:///tmp/jetty-0_0_0_0-40055-hadoop-hdds-container-service-0_6_0-SNAPSHOT_jar-_-any-8216372636663658334.dir/webapp/,AVAILABLE}{jar:file:/home/user/.m2/repository/org/apache/hadoop/hadoop-hdds-container-service/0.6.0-SNAPSHOT/hadoop-hdds-container-service-0.6.0-SNAPSHOT.jar!/webapps/hddsDatanode}
2020-07-23 00:54:41,513 [Listener at 127.0.0.1/38187] INFO  server.AbstractConnector (AbstractConnector.java:doStart(330)) - Started ServerConnector@67b19fb8{HTTP/1.1,[http/1.1]}{0.0.0.0:40055}
2020-07-23 00:54:41,514 [Listener at 127.0.0.1/38187] INFO  server.Server (Server.java:doStart(399)) - Started @4697ms
2020-07-23 00:54:41,514 [Listener at 127.0.0.1/38187] WARN  impl.MetricsSystemImpl (MetricsSystemImpl.java:register(276)) - Sink prometheus already exists!
2020-07-23 00:54:41,517 [Listener at 127.0.0.1/38187] INFO  http.BaseHttpServer (BaseHttpServer.java:updateConnectorAddress(327)) - HTTP server of hddsDatanode listening at http://0.0.0.0:40055
2020-07-23 00:54:41,517 [Listener at 127.0.0.1/38187] INFO  impl.MetricsSystemImpl (MetricsSystemImpl.java:init(158)) - HddsDatanode metrics system started (again)
2020-07-23 00:54:41,518 [Listener at 127.0.0.1/38187] INFO  ozone.HddsDatanodeService (HddsDatanodeService.java:start(217)) - HddsDatanodeService host:6909d8773a62 ip:172.17.0.2
2020-07-23 00:54:41,520 [Listener at 127.0.0.1/38187] INFO  volume.HddsVolume (HddsVolume.java:<init>(176)) - Creating Volume: /github/workspace/mnt/ozone/hadoop-ozone/integration-test/target/test-dir/MiniOzoneClusterImpl-9dac51b2-5047-4894-9263-2f6317d89c21/datanode-3/data-0/containers/hdds of storage type : DISK and capacity : 9223372036854775807
2020-07-23 00:54:41,520 [Listener at 127.0.0.1/38187] INFO  volume.MutableVolumeSet (MutableVolumeSet.java:initializeVolumeSet(179)) - Added Volume : /github/workspace/mnt/ozone/hadoop-ozone/integration-test/target/test-dir/MiniOzoneClusterImpl-9dac51b2-5047-4894-9263-2f6317d89c21/datanode-3/data-0/containers/hdds to VolumeSet
2020-07-23 00:54:41,520 [Listener at 127.0.0.1/38187] INFO  volume.ThrottledAsyncChecker (ThrottledAsyncChecker.java:schedule(141)) - Scheduling a check for /github/workspace/mnt/ozone/hadoop-ozone/integration-test/target/test-dir/MiniOzoneClusterImpl-9dac51b2-5047-4894-9263-2f6317d89c21/datanode-3/data-0/containers/hdds
2020-07-23 00:54:41,524 [Listener at 127.0.0.1/38187] INFO  volume.HddsVolumeChecker (HddsVolumeChecker.java:checkAllVolumes(200)) - Scheduled health check for volume /github/workspace/mnt/ozone/hadoop-ozone/integration-test/target/test-dir/MiniOzoneClusterImpl-9dac51b2-5047-4894-9263-2f6317d89c21/datanode-3/data-0/containers/hdds
2020-07-23 00:54:41,544 [org.apache.hadoop.util.JvmPauseMonitor$Monitor@3faec097] INFO  util.JvmPauseMonitor (JvmPauseMonitor.java:run(188)) - Starting JVM pause monitor
2020-07-23 00:54:41,545 [Thread-162] INFO  ozoneimpl.ContainerReader (ContainerReader.java:readVolume(123)) - Start to verify containers on volume /github/workspace/mnt/ozone/hadoop-ozone/integration-test/target/test-dir/MiniOzoneClusterImpl-9dac51b2-5047-4894-9263-2f6317d89c21/datanode-3/data-0/containers/hdds
2020-07-23 00:54:41,545 [Thread-162] INFO  ozoneimpl.ContainerReader (ContainerReader.java:readVolume(148)) - Finish verifying containers on volume /github/workspace/mnt/ozone/hadoop-ozone/integration-test/target/test-dir/MiniOzoneClusterImpl-9dac51b2-5047-4894-9263-2f6317d89c21/datanode-3/data-0/containers/hdds
2020-07-23 00:54:41,545 [Listener at 127.0.0.1/38187] INFO  ozoneimpl.OzoneContainer (OzoneContainer.java:buildContainerSet(187)) - Build ContainerSet costs 0s
2020-07-23 00:54:41,547 [Listener at 127.0.0.1/38187] INFO  impl.RaftServerProxy (ConfUtils.java:logGet(44)) - raft.rpc.type = GRPC (default)
2020-07-23 00:54:41,547 [Listener at 127.0.0.1/38187] INFO  grpc.GrpcFactory (GrpcFactory.java:checkPooledByteBufAllocatorUseCacheForAllThreads(45)) - PERFORMANCE WARNING: useCacheForAllThreads is true that may cause Netty to create a lot garbage objects and, as a result, trigger GC.
	It is recommended to disable useCacheForAllThreads by setting -Dorg.apache.ratis.thirdparty.io.netty.allocator.useCacheForAllThreads=false in command line.
2020-07-23 00:54:41,547 [Listener at 127.0.0.1/38187] INFO  grpc.GrpcConfigKeys (ConfUtils.java:logGet(44)) - raft.grpc.server.port = 0 (default)
2020-07-23 00:54:41,547 [Listener at 127.0.0.1/38187] INFO  server.GrpcService (ConfUtils.java:logGet(44)) - raft.grpc.message.size.max = 32MB (=33554432) (custom)
2020-07-23 00:54:41,548 [Listener at 127.0.0.1/38187] INFO  server.RaftServerConfigKeys (ConfUtils.java:logGet(44)) - raft.server.log.appender.buffer.byte-limit = 33554432 (custom)
2020-07-23 00:54:41,548 [Listener at 127.0.0.1/38187] INFO  server.GrpcService (ConfUtils.java:logGet(44)) - raft.grpc.flow.control.window = 5MB (=5242880) (custom)
2020-07-23 00:54:41,548 [Listener at 127.0.0.1/38187] INFO  server.RaftServerConfigKeys (ConfUtils.java:logGet(44)) - raft.server.rpc.request.timeout = 60s (custom)
2020-07-23 00:54:41,550 [Listener at 127.0.0.1/38187] INFO  server.RaftServerConfigKeys (ConfUtils.java:logGet(44)) - raft.server.storage.dir = [/github/workspace/mnt/ozone/hadoop-ozone/integration-test/target/test-dir/MiniOzoneClusterImpl-9dac51b2-5047-4894-9263-2f6317d89c21/datanode-3/data/ratis] (custom)
2020-07-23 00:54:41,554 [Datanode State Machine Task Thread - 0] INFO  datanode.InitDatanodeState (InitDatanodeState.java:persistContainerDatanodeDetails(145)) - DatanodeDetails is persisted to /github/workspace/mnt/ozone/hadoop-ozone/integration-test/target/test-dir/MiniOzoneClusterImpl-9dac51b2-5047-4894-9263-2f6317d89c21/datanode-2/meta/datanode.id
2020-07-23 00:54:41,560 [Listener at 127.0.0.1/38187] INFO  http.BaseHttpServer (BaseHttpServer.java:newHttpServer2BuilderForOzone(207)) - Starting Web-server for hddsDatanode at: http://0.0.0.0:0
2020-07-23 00:54:41,560 [Listener at 127.0.0.1/38187] INFO  http.BaseHttpServer (BaseHttpServer.java:<init>(106)) - Hadoop Security Enabled: false Ozone Security Enabled: false Ozone HTTP Security Enabled: false 
2020-07-23 00:54:41,561 [Listener at 127.0.0.1/38187] INFO  server.AuthenticationFilter (AuthenticationFilter.java:constructSecretProvider(240)) - Unable to initialize FileSignerSecretProvider, falling back to use random secrets.
2020-07-23 00:54:41,562 [Listener at 127.0.0.1/38187] WARN  http.HttpRequestLog (HttpRequestLog.java:getRequestLog(103)) - Jetty request log can only be enabled using Log4j
2020-07-23 00:54:41,563 [Listener at 127.0.0.1/38187] INFO  http.HttpServer2 (HttpServer2.java:addGlobalFilter(998)) - Added global filter 'safety' (class=org.apache.hadoop.hdds.server.http.HttpServer2$QuotingInputFilter)
2020-07-23 00:54:41,564 [Listener at 127.0.0.1/38187] INFO  http.HttpServer2 (HttpServer2.java:addFilter(974)) - Added filter static_user_filter (class=org.apache.hadoop.http.lib.StaticUserWebFilter$StaticUserFilter) to context hddsDatanode
2020-07-23 00:54:41,564 [Listener at 127.0.0.1/38187] INFO  http.HttpServer2 (HttpServer2.java:addFilter(982)) - Added filter static_user_filter (class=org.apache.hadoop.http.lib.StaticUserWebFilter$StaticUserFilter) to context logs
2020-07-23 00:54:41,564 [Listener at 127.0.0.1/38187] INFO  http.HttpServer2 (HttpServer2.java:addFilter(982)) - Added filter static_user_filter (class=org.apache.hadoop.http.lib.StaticUserWebFilter$StaticUserFilter) to context static
2020-07-23 00:54:41,567 [Listener at 127.0.0.1/38187] INFO  http.HttpServer2 (HttpServer2.java:bindListener(1216)) - Jetty bound to port 37383
2020-07-23 00:54:41,567 [Listener at 127.0.0.1/38187] INFO  server.Server (Server.java:doStart(359)) - jetty-9.4.26.v20200117; built: 2020-01-17T12:35:33.676Z; git: 7b38981d25d14afb4a12ff1f2596756144edf695; jvm 1.8.0_232-b09
2020-07-23 00:54:41,569 [Listener at 127.0.0.1/38187] INFO  server.session (DefaultSessionIdManager.java:doStart(333)) - DefaultSessionIdManager workerName=node0
2020-07-23 00:54:41,569 [Listener at 127.0.0.1/38187] INFO  server.session (DefaultSessionIdManager.java:doStart(338)) - No SessionScavenger set, using defaults
2020-07-23 00:54:41,569 [Listener at 127.0.0.1/38187] INFO  server.session (HouseKeeper.java:startScavenging(140)) - node0 Scavenging every 600000ms
2020-07-23 00:54:41,570 [Listener at 127.0.0.1/38187] INFO  handler.ContextHandler (ContextHandler.java:doStart(825)) - Started o.e.j.s.ServletContextHandler@32144f56{logs,/logs,file:///github/workspace/mnt/ozone/hadoop-ozone/integration-test/target/log,AVAILABLE}
2020-07-23 00:54:41,570 [Listener at 127.0.0.1/38187] INFO  handler.ContextHandler (ContextHandler.java:doStart(825)) - Started o.e.j.s.ServletContextHandler@297be959{static,/static,jar:file:/home/user/.m2/repository/org/apache/hadoop/hadoop-hdds-container-service/0.6.0-SNAPSHOT/hadoop-hdds-container-service-0.6.0-SNAPSHOT.jar!/webapps/static,AVAILABLE}
2020-07-23 00:54:41,637 [Listener at 127.0.0.1/38187] INFO  handler.ContextHandler (ContextHandler.java:doStart(825)) - Started o.e.j.w.WebAppContext@1b16238c{hddsDatanode,/,file:///tmp/jetty-0_0_0_0-37383-hadoop-hdds-container-service-0_6_0-SNAPSHOT_jar-_-any-1842026257693248764.dir/webapp/,AVAILABLE}{jar:file:/home/user/.m2/repository/org/apache/hadoop/hadoop-hdds-container-service/0.6.0-SNAPSHOT/hadoop-hdds-container-service-0.6.0-SNAPSHOT.jar!/webapps/hddsDatanode}
2020-07-23 00:54:41,639 [Listener at 127.0.0.1/38187] INFO  server.AbstractConnector (AbstractConnector.java:doStart(330)) - Started ServerConnector@394324a5{HTTP/1.1,[http/1.1]}{0.0.0.0:37383}
2020-07-23 00:54:41,639 [Listener at 127.0.0.1/38187] INFO  server.Server (Server.java:doStart(399)) - Started @4822ms
2020-07-23 00:54:41,639 [Listener at 127.0.0.1/38187] WARN  impl.MetricsSystemImpl (MetricsSystemImpl.java:register(276)) - Sink prometheus already exists!
2020-07-23 00:54:41,642 [Listener at 127.0.0.1/38187] INFO  http.BaseHttpServer (BaseHttpServer.java:updateConnectorAddress(327)) - HTTP server of hddsDatanode listening at http://0.0.0.0:37383
2020-07-23 00:54:41,642 [Listener at 127.0.0.1/38187] INFO  impl.MetricsSystemImpl (MetricsSystemImpl.java:init(158)) - HddsDatanode metrics system started (again)
2020-07-23 00:54:41,644 [Listener at 127.0.0.1/38187] INFO  ozone.HddsDatanodeService (HddsDatanodeService.java:start(217)) - HddsDatanodeService host:6909d8773a62 ip:172.17.0.2
2020-07-23 00:54:41,646 [Listener at 127.0.0.1/38187] INFO  volume.HddsVolume (HddsVolume.java:<init>(176)) - Creating Volume: /github/workspace/mnt/ozone/hadoop-ozone/integration-test/target/test-dir/MiniOzoneClusterImpl-9dac51b2-5047-4894-9263-2f6317d89c21/datanode-4/data-0/containers/hdds of storage type : DISK and capacity : 9223372036854775807
2020-07-23 00:54:41,646 [Listener at 127.0.0.1/38187] INFO  volume.MutableVolumeSet (MutableVolumeSet.java:initializeVolumeSet(179)) - Added Volume : /github/workspace/mnt/ozone/hadoop-ozone/integration-test/target/test-dir/MiniOzoneClusterImpl-9dac51b2-5047-4894-9263-2f6317d89c21/datanode-4/data-0/containers/hdds to VolumeSet
2020-07-23 00:54:41,646 [Listener at 127.0.0.1/38187] INFO  volume.ThrottledAsyncChecker (ThrottledAsyncChecker.java:schedule(141)) - Scheduling a check for /github/workspace/mnt/ozone/hadoop-ozone/integration-test/target/test-dir/MiniOzoneClusterImpl-9dac51b2-5047-4894-9263-2f6317d89c21/datanode-4/data-0/containers/hdds
2020-07-23 00:54:41,648 [Listener at 127.0.0.1/38187] INFO  volume.HddsVolumeChecker (HddsVolumeChecker.java:checkAllVolumes(200)) - Scheduled health check for volume /github/workspace/mnt/ozone/hadoop-ozone/integration-test/target/test-dir/MiniOzoneClusterImpl-9dac51b2-5047-4894-9263-2f6317d89c21/datanode-4/data-0/containers/hdds
2020-07-23 00:54:41,684 [org.apache.hadoop.util.JvmPauseMonitor$Monitor@12c51ef4] INFO  util.JvmPauseMonitor (JvmPauseMonitor.java:run(188)) - Starting JVM pause monitor
2020-07-23 00:54:41,690 [Datanode State Machine Task Thread - 0] INFO  datanode.InitDatanodeState (InitDatanodeState.java:persistContainerDatanodeDetails(145)) - DatanodeDetails is persisted to /github/workspace/mnt/ozone/hadoop-ozone/integration-test/target/test-dir/MiniOzoneClusterImpl-9dac51b2-5047-4894-9263-2f6317d89c21/datanode-3/meta/datanode.id
2020-07-23 00:54:41,692 [Thread-175] INFO  ozoneimpl.ContainerReader (ContainerReader.java:readVolume(123)) - Start to verify containers on volume /github/workspace/mnt/ozone/hadoop-ozone/integration-test/target/test-dir/MiniOzoneClusterImpl-9dac51b2-5047-4894-9263-2f6317d89c21/datanode-4/data-0/containers/hdds
2020-07-23 00:54:41,692 [Thread-175] INFO  ozoneimpl.ContainerReader (ContainerReader.java:readVolume(148)) - Finish verifying containers on volume /github/workspace/mnt/ozone/hadoop-ozone/integration-test/target/test-dir/MiniOzoneClusterImpl-9dac51b2-5047-4894-9263-2f6317d89c21/datanode-4/data-0/containers/hdds
2020-07-23 00:54:41,692 [Listener at 127.0.0.1/38187] INFO  ozoneimpl.OzoneContainer (OzoneContainer.java:buildContainerSet(187)) - Build ContainerSet costs 0s
2020-07-23 00:54:41,695 [Listener at 127.0.0.1/38187] INFO  impl.RaftServerProxy (ConfUtils.java:logGet(44)) - raft.rpc.type = GRPC (default)
2020-07-23 00:54:41,695 [Listener at 127.0.0.1/38187] INFO  grpc.GrpcFactory (GrpcFactory.java:checkPooledByteBufAllocatorUseCacheForAllThreads(45)) - PERFORMANCE WARNING: useCacheForAllThreads is true that may cause Netty to create a lot garbage objects and, as a result, trigger GC.
	It is recommended to disable useCacheForAllThreads by setting -Dorg.apache.ratis.thirdparty.io.netty.allocator.useCacheForAllThreads=false in command line.
2020-07-23 00:54:41,695 [Listener at 127.0.0.1/38187] INFO  grpc.GrpcConfigKeys (ConfUtils.java:logGet(44)) - raft.grpc.server.port = 0 (default)
2020-07-23 00:54:41,695 [Listener at 127.0.0.1/38187] INFO  server.GrpcService (ConfUtils.java:logGet(44)) - raft.grpc.message.size.max = 32MB (=33554432) (custom)
2020-07-23 00:54:41,696 [Listener at 127.0.0.1/38187] INFO  server.RaftServerConfigKeys (ConfUtils.java:logGet(44)) - raft.server.log.appender.buffer.byte-limit = 33554432 (custom)
2020-07-23 00:54:41,696 [Listener at 127.0.0.1/38187] INFO  server.GrpcService (ConfUtils.java:logGet(44)) - raft.grpc.flow.control.window = 5MB (=5242880) (custom)
2020-07-23 00:54:41,696 [Listener at 127.0.0.1/38187] INFO  server.RaftServerConfigKeys (ConfUtils.java:logGet(44)) - raft.server.rpc.request.timeout = 60s (custom)
2020-07-23 00:54:41,697 [Listener at 127.0.0.1/38187] INFO  server.RaftServerConfigKeys (ConfUtils.java:logGet(44)) - raft.server.storage.dir = [/github/workspace/mnt/ozone/hadoop-ozone/integration-test/target/test-dir/MiniOzoneClusterImpl-9dac51b2-5047-4894-9263-2f6317d89c21/datanode-4/data/ratis] (custom)
2020-07-23 00:54:41,702 [Listener at 127.0.0.1/38187] INFO  http.BaseHttpServer (BaseHttpServer.java:newHttpServer2BuilderForOzone(207)) - Starting Web-server for hddsDatanode at: http://0.0.0.0:0
2020-07-23 00:54:41,702 [Listener at 127.0.0.1/38187] INFO  http.BaseHttpServer (BaseHttpServer.java:<init>(106)) - Hadoop Security Enabled: false Ozone Security Enabled: false Ozone HTTP Security Enabled: false 
2020-07-23 00:54:41,703 [Listener at 127.0.0.1/38187] INFO  server.AuthenticationFilter (AuthenticationFilter.java:constructSecretProvider(240)) - Unable to initialize FileSignerSecretProvider, falling back to use random secrets.
2020-07-23 00:54:41,704 [Listener at 127.0.0.1/38187] WARN  http.HttpRequestLog (HttpRequestLog.java:getRequestLog(103)) - Jetty request log can only be enabled using Log4j
2020-07-23 00:54:41,706 [Listener at 127.0.0.1/38187] INFO  http.HttpServer2 (HttpServer2.java:addGlobalFilter(998)) - Added global filter 'safety' (class=org.apache.hadoop.hdds.server.http.HttpServer2$QuotingInputFilter)
2020-07-23 00:54:41,706 [Listener at 127.0.0.1/38187] INFO  http.HttpServer2 (HttpServer2.java:addFilter(974)) - Added filter static_user_filter (class=org.apache.hadoop.http.lib.StaticUserWebFilter$StaticUserFilter) to context hddsDatanode
2020-07-23 00:54:41,708 [Listener at 127.0.0.1/38187] INFO  http.HttpServer2 (HttpServer2.java:addFilter(982)) - Added filter static_user_filter (class=org.apache.hadoop.http.lib.StaticUserWebFilter$StaticUserFilter) to context logs
2020-07-23 00:54:41,708 [Listener at 127.0.0.1/38187] INFO  http.HttpServer2 (HttpServer2.java:addFilter(982)) - Added filter static_user_filter (class=org.apache.hadoop.http.lib.StaticUserWebFilter$StaticUserFilter) to context static
2020-07-23 00:54:41,708 [Listener at 127.0.0.1/38187] INFO  http.HttpServer2 (HttpServer2.java:bindListener(1216)) - Jetty bound to port 39073
2020-07-23 00:54:41,709 [Listener at 127.0.0.1/38187] INFO  server.Server (Server.java:doStart(359)) - jetty-9.4.26.v20200117; built: 2020-01-17T12:35:33.676Z; git: 7b38981d25d14afb4a12ff1f2596756144edf695; jvm 1.8.0_232-b09
2020-07-23 00:54:41,721 [Listener at 127.0.0.1/38187] INFO  server.session (DefaultSessionIdManager.java:doStart(333)) - DefaultSessionIdManager workerName=node0
2020-07-23 00:54:41,722 [Listener at 127.0.0.1/38187] INFO  server.session (DefaultSessionIdManager.java:doStart(338)) - No SessionScavenger set, using defaults
2020-07-23 00:54:41,722 [Listener at 127.0.0.1/38187] INFO  server.session (HouseKeeper.java:startScavenging(140)) - node0 Scavenging every 660000ms
2020-07-23 00:54:41,722 [Listener at 127.0.0.1/38187] INFO  handler.ContextHandler (ContextHandler.java:doStart(825)) - Started o.e.j.s.ServletContextHandler@162edf67{logs,/logs,file:///github/workspace/mnt/ozone/hadoop-ozone/integration-test/target/log,AVAILABLE}
2020-07-23 00:54:41,723 [Listener at 127.0.0.1/38187] INFO  handler.ContextHandler (ContextHandler.java:doStart(825)) - Started o.e.j.s.ServletContextHandler@2a322bdf{static,/static,jar:file:/home/user/.m2/repository/org/apache/hadoop/hadoop-hdds-container-service/0.6.0-SNAPSHOT/hadoop-hdds-container-service-0.6.0-SNAPSHOT.jar!/webapps/static,AVAILABLE}
2020-07-23 00:54:41,805 [Listener at 127.0.0.1/38187] INFO  handler.ContextHandler (ContextHandler.java:doStart(825)) - Started o.e.j.w.WebAppContext@3bb7902b{hddsDatanode,/,file:///tmp/jetty-0_0_0_0-39073-hadoop-hdds-container-service-0_6_0-SNAPSHOT_jar-_-any-671016433919989944.dir/webapp/,AVAILABLE}{jar:file:/home/user/.m2/repository/org/apache/hadoop/hadoop-hdds-container-service/0.6.0-SNAPSHOT/hadoop-hdds-container-service-0.6.0-SNAPSHOT.jar!/webapps/hddsDatanode}
2020-07-23 00:54:41,807 [Listener at 127.0.0.1/38187] INFO  server.AbstractConnector (AbstractConnector.java:doStart(330)) - Started ServerConnector@3c2e5485{HTTP/1.1,[http/1.1]}{0.0.0.0:39073}
2020-07-23 00:54:41,808 [Listener at 127.0.0.1/38187] INFO  server.Server (Server.java:doStart(399)) - Started @4991ms
2020-07-23 00:54:41,808 [Listener at 127.0.0.1/38187] WARN  impl.MetricsSystemImpl (MetricsSystemImpl.java:register(276)) - Sink prometheus already exists!
2020-07-23 00:54:41,810 [Listener at 127.0.0.1/38187] INFO  http.BaseHttpServer (BaseHttpServer.java:updateConnectorAddress(327)) - HTTP server of hddsDatanode listening at http://0.0.0.0:39073
2020-07-23 00:54:41,813 [Listener at 127.0.0.1/38187] INFO  ozone.MiniOzoneClusterImpl (MiniOzoneClusterImpl.java:lambda$waitForClusterToBeReady$0(177)) - Waiting for nodes to be ready. Got 0 of 5 DN Heartbeats.
2020-07-23 00:54:41,813 [Listener at 127.0.0.1/38187] INFO  ozone.MiniOzoneClusterImpl (MiniOzoneClusterImpl.java:lambda$waitForClusterToBeReady$0(180)) - Waiting for cluster to exit safe mode
2020-07-23 00:54:41,825 [org.apache.hadoop.util.JvmPauseMonitor$Monitor@475b6ad6] INFO  util.JvmPauseMonitor (JvmPauseMonitor.java:run(188)) - Starting JVM pause monitor
2020-07-23 00:54:41,829 [Datanode State Machine Task Thread - 0] INFO  datanode.InitDatanodeState (InitDatanodeState.java:persistContainerDatanodeDetails(145)) - DatanodeDetails is persisted to /github/workspace/mnt/ozone/hadoop-ozone/integration-test/target/test-dir/MiniOzoneClusterImpl-9dac51b2-5047-4894-9263-2f6317d89c21/datanode-4/meta/datanode.id
2020-07-23 00:54:42,813 [Listener at 127.0.0.1/38187] INFO  ozone.MiniOzoneClusterImpl (MiniOzoneClusterImpl.java:lambda$waitForClusterToBeReady$0(177)) - Waiting for nodes to be ready. Got 0 of 5 DN Heartbeats.
2020-07-23 00:54:42,813 [Listener at 127.0.0.1/38187] INFO  ozone.MiniOzoneClusterImpl (MiniOzoneClusterImpl.java:lambda$waitForClusterToBeReady$0(180)) - Waiting for cluster to exit safe mode
2020-07-23 00:54:43,307 [Datanode State Machine Task Thread - 1] INFO  ozoneimpl.OzoneContainer (OzoneContainer.java:start(236)) - Attempting to start container services.
2020-07-23 00:54:43,308 [Datanode State Machine Task Thread - 1] INFO  ozoneimpl.OzoneContainer (OzoneContainer.java:startContainerScrub(200)) - Background container scanner has been disabled.
2020-07-23 00:54:43,309 [Datanode State Machine Task Thread - 1] INFO  ratis.XceiverServerRatis (XceiverServerRatis.java:start(438)) - Starting XceiverServerRatis 745bebb8-a96d-40a0-9df5-809e56437f40 at port 0
2020-07-23 00:54:43,317 [Datanode State Machine Task Thread - 1] INFO  impl.RaftServerProxy (RaftServerProxy.java:lambda$start$3(304)) - 745bebb8-a96d-40a0-9df5-809e56437f40: start RPC server
2020-07-23 00:54:43,361 [Datanode State Machine Task Thread - 1] INFO  server.GrpcService (GrpcService.java:startImpl(160)) - 745bebb8-a96d-40a0-9df5-809e56437f40: GrpcService started, listening on 0.0.0.0/0.0.0.0:40597
2020-07-23 00:54:43,361 [Datanode State Machine Task Thread - 1] INFO  ratis.XceiverServerRatis (XceiverServerRatis.java:start(450)) - XceiverServerRatis 745bebb8-a96d-40a0-9df5-809e56437f40 is started using port 40597
2020-07-23 00:54:43,365 [Datanode State Machine Task Thread - 1] INFO  server.XceiverServerGrpc (XceiverServerGrpc.java:start(145)) - XceiverServerGrpc 745bebb8-a96d-40a0-9df5-809e56437f40 is started using port 43789
2020-07-23 00:54:43,436 [Datanode State Machine Task Thread - 1] INFO  ozoneimpl.OzoneContainer (OzoneContainer.java:start(236)) - Attempting to start container services.
2020-07-23 00:54:43,439 [Datanode State Machine Task Thread - 1] INFO  ozoneimpl.OzoneContainer (OzoneContainer.java:startContainerScrub(200)) - Background container scanner has been disabled.
2020-07-23 00:54:43,439 [Datanode State Machine Task Thread - 1] INFO  ratis.XceiverServerRatis (XceiverServerRatis.java:start(438)) - Starting XceiverServerRatis a59d88ab-138f-4718-b8ed-a326817ad93b at port 0
2020-07-23 00:54:43,441 [Datanode State Machine Task Thread - 1] INFO  impl.RaftServerProxy (RaftServerProxy.java:lambda$start$3(304)) - a59d88ab-138f-4718-b8ed-a326817ad93b: start RPC server
2020-07-23 00:54:43,457 [Datanode State Machine Task Thread - 1] INFO  server.GrpcService (GrpcService.java:startImpl(160)) - a59d88ab-138f-4718-b8ed-a326817ad93b: GrpcService started, listening on 0.0.0.0/0.0.0.0:38463
2020-07-23 00:54:43,457 [Datanode State Machine Task Thread - 1] INFO  ratis.XceiverServerRatis (XceiverServerRatis.java:start(450)) - XceiverServerRatis a59d88ab-138f-4718-b8ed-a326817ad93b is started using port 38463
2020-07-23 00:54:43,458 [Datanode State Machine Task Thread - 1] INFO  server.XceiverServerGrpc (XceiverServerGrpc.java:start(145)) - XceiverServerGrpc a59d88ab-138f-4718-b8ed-a326817ad93b is started using port 36899
2020-07-23 00:54:43,549 [Datanode State Machine Task Thread - 1] INFO  ozoneimpl.OzoneContainer (OzoneContainer.java:start(236)) - Attempting to start container services.
2020-07-23 00:54:43,550 [Datanode State Machine Task Thread - 1] INFO  ozoneimpl.OzoneContainer (OzoneContainer.java:startContainerScrub(200)) - Background container scanner has been disabled.
2020-07-23 00:54:43,550 [Datanode State Machine Task Thread - 1] INFO  ratis.XceiverServerRatis (XceiverServerRatis.java:start(438)) - Starting XceiverServerRatis 3a34a8a7-e5d5-4a3b-a36f-1e1141675d1c at port 0
2020-07-23 00:54:43,551 [Datanode State Machine Task Thread - 1] INFO  impl.RaftServerProxy (RaftServerProxy.java:lambda$start$3(304)) - 3a34a8a7-e5d5-4a3b-a36f-1e1141675d1c: start RPC server
2020-07-23 00:54:43,570 [Datanode State Machine Task Thread - 1] INFO  server.GrpcService (GrpcService.java:startImpl(160)) - 3a34a8a7-e5d5-4a3b-a36f-1e1141675d1c: GrpcService started, listening on 0.0.0.0/0.0.0.0:35767
2020-07-23 00:54:43,570 [Datanode State Machine Task Thread - 1] INFO  ratis.XceiverServerRatis (XceiverServerRatis.java:start(450)) - XceiverServerRatis 3a34a8a7-e5d5-4a3b-a36f-1e1141675d1c is started using port 35767
2020-07-23 00:54:43,572 [Datanode State Machine Task Thread - 1] INFO  server.XceiverServerGrpc (XceiverServerGrpc.java:start(145)) - XceiverServerGrpc 3a34a8a7-e5d5-4a3b-a36f-1e1141675d1c is started using port 36689
2020-07-23 00:54:43,676 [Datanode State Machine Task Thread - 1] INFO  ozoneimpl.OzoneContainer (OzoneContainer.java:start(236)) - Attempting to start container services.
2020-07-23 00:54:43,677 [Datanode State Machine Task Thread - 1] INFO  ozoneimpl.OzoneContainer (OzoneContainer.java:startContainerScrub(200)) - Background container scanner has been disabled.
2020-07-23 00:54:43,677 [Datanode State Machine Task Thread - 1] INFO  ratis.XceiverServerRatis (XceiverServerRatis.java:start(438)) - Starting XceiverServerRatis 4e15fd63-2a96-4f95-8adf-0d310758cb63 at port 0
2020-07-23 00:54:43,678 [Datanode State Machine Task Thread - 1] INFO  impl.RaftServerProxy (RaftServerProxy.java:lambda$start$3(304)) - 4e15fd63-2a96-4f95-8adf-0d310758cb63: start RPC server
2020-07-23 00:54:43,689 [Datanode State Machine Task Thread - 1] INFO  server.GrpcService (GrpcService.java:startImpl(160)) - 4e15fd63-2a96-4f95-8adf-0d310758cb63: GrpcService started, listening on 0.0.0.0/0.0.0.0:34239
2020-07-23 00:54:43,689 [Datanode State Machine Task Thread - 1] INFO  ratis.XceiverServerRatis (XceiverServerRatis.java:start(450)) - XceiverServerRatis 4e15fd63-2a96-4f95-8adf-0d310758cb63 is started using port 34239
2020-07-23 00:54:43,690 [Datanode State Machine Task Thread - 1] INFO  server.XceiverServerGrpc (XceiverServerGrpc.java:start(145)) - XceiverServerGrpc 4e15fd63-2a96-4f95-8adf-0d310758cb63 is started using port 39795
2020-07-23 00:54:43,814 [Listener at 127.0.0.1/38187] INFO  ozone.MiniOzoneClusterImpl (MiniOzoneClusterImpl.java:lambda$waitForClusterToBeReady$0(177)) - Waiting for nodes to be ready. Got 0 of 5 DN Heartbeats.
2020-07-23 00:54:43,814 [Listener at 127.0.0.1/38187] INFO  ozone.MiniOzoneClusterImpl (MiniOzoneClusterImpl.java:lambda$waitForClusterToBeReady$0(180)) - Waiting for cluster to exit safe mode
2020-07-23 00:54:43,828 [Datanode State Machine Task Thread - 1] INFO  ozoneimpl.OzoneContainer (OzoneContainer.java:start(236)) - Attempting to start container services.
2020-07-23 00:54:43,828 [Datanode State Machine Task Thread - 1] INFO  ozoneimpl.OzoneContainer (OzoneContainer.java:startContainerScrub(200)) - Background container scanner has been disabled.
2020-07-23 00:54:43,828 [Datanode State Machine Task Thread - 1] INFO  ratis.XceiverServerRatis (XceiverServerRatis.java:start(438)) - Starting XceiverServerRatis 4ab4f3a8-f3a2-4b4e-a399-e033d3e8ee76 at port 0
2020-07-23 00:54:43,829 [Datanode State Machine Task Thread - 1] INFO  impl.RaftServerProxy (RaftServerProxy.java:lambda$start$3(304)) - 4ab4f3a8-f3a2-4b4e-a399-e033d3e8ee76: start RPC server
2020-07-23 00:54:43,830 [Datanode State Machine Task Thread - 1] INFO  server.GrpcService (GrpcService.java:startImpl(160)) - 4ab4f3a8-f3a2-4b4e-a399-e033d3e8ee76: GrpcService started, listening on 0.0.0.0/0.0.0.0:35883
2020-07-23 00:54:43,830 [Datanode State Machine Task Thread - 1] INFO  ratis.XceiverServerRatis (XceiverServerRatis.java:start(450)) - XceiverServerRatis 4ab4f3a8-f3a2-4b4e-a399-e033d3e8ee76 is started using port 35883
2020-07-23 00:54:43,831 [Datanode State Machine Task Thread - 1] INFO  server.XceiverServerGrpc (XceiverServerGrpc.java:start(145)) - XceiverServerGrpc 4ab4f3a8-f3a2-4b4e-a399-e033d3e8ee76 is started using port 45877
2020-07-23 00:54:44,814 [Listener at 127.0.0.1/38187] INFO  ozone.MiniOzoneClusterImpl (MiniOzoneClusterImpl.java:lambda$waitForClusterToBeReady$0(177)) - Waiting for nodes to be ready. Got 0 of 5 DN Heartbeats.
2020-07-23 00:54:44,814 [Listener at 127.0.0.1/38187] INFO  ozone.MiniOzoneClusterImpl (MiniOzoneClusterImpl.java:lambda$waitForClusterToBeReady$0(180)) - Waiting for cluster to exit safe mode
2020-07-23 00:54:45,232 [IPC Server handler 4 on default port 43415] INFO  net.NetworkTopology (NetworkTopologyImpl.java:add(111)) - Added a new node: /default-rack/745bebb8-a96d-40a0-9df5-809e56437f40
2020-07-23 00:54:45,234 [IPC Server handler 4 on default port 43415] INFO  node.SCMNodeManager (SCMNodeManager.java:register(273)) - Registered Data node : 745bebb8-a96d-40a0-9df5-809e56437f40{ip: 172.17.0.2, host: 6909d8773a62, networkLocation: /default-rack, certSerialId: null}
2020-07-23 00:54:45,240 [EventQueue-NodeRegistrationContainerReportForDataNodeSafeModeRule] INFO  safemode.SCMSafeModeManager (DataNodeSafeModeRule.java:process(71)) - SCM in safe mode. 1 DataNodes registered, 1 required.
2020-07-23 00:54:45,240 [EventQueue-NodeRegistrationContainerReportForDataNodeSafeModeRule] INFO  safemode.SCMSafeModeManager (SCMSafeModeManager.java:validateSafeModeExitRules(214)) - DataNodeSafeModeRule rule is successfully validated
2020-07-23 00:54:45,240 [EventQueue-NodeRegistrationContainerReportForDataNodeSafeModeRule] INFO  safemode.SCMSafeModeManager (SCMSafeModeManager.java:completePreCheck(242)) - All SCM safe mode pre check rules have passed
2020-07-23 00:54:45,247 [RatisPipelineUtilsThread] INFO  pipeline.RatisPipelineProvider (RatisPipelineProvider.java:lambda$create$0(138)) - Sending CreatePipelineCommand for pipeline:PipelineID=d92b99fa-301e-463a-b56c-6ab0e8604ef8 to datanode:745bebb8-a96d-40a0-9df5-809e56437f40
2020-07-23 00:54:45,248 [EventQueue-NodeRegistrationContainerReportForContainerSafeModeRule] INFO  safemode.SCMSafeModeManager (SCMSafeModeManager.java:validateSafeModeExitRules(214)) - ContainerSafeModeRule rule is successfully validated
2020-07-23 00:54:45,259 [RatisPipelineUtilsThread] INFO  pipeline.PipelineStateManager (PipelineStateManager.java:addPipeline(54)) - Created pipeline Pipeline[ Id: d92b99fa-301e-463a-b56c-6ab0e8604ef8, Nodes: 745bebb8-a96d-40a0-9df5-809e56437f40{ip: 172.17.0.2, host: 6909d8773a62, networkLocation: /default-rack, certSerialId: null}, Type:RATIS, Factor:ONE, State:ALLOCATED, leaderId:, CreationTimestamp2020-07-23T00:54:45.245Z]
2020-07-23 00:54:45,262 [RatisPipelineUtilsThread] ERROR pipeline.SCMPipelineManager (SCMPipelineManager.java:createPipeline(275)) - Failed to create pipeline of type RATIS and factor ONE. Exception: Cannot create pipeline of factor 1 using 0 nodes. Used 1 nodes. Healthy nodes 1
2020-07-23 00:54:45,262 [RatisPipelineUtilsThread] WARN  pipeline.PipelinePlacementPolicy (PipelinePlacementPolicy.java:filterViableNodes(133)) - Pipeline creation failed due to no sufficient healthy datanodes. Required 3. Found 1.
2020-07-23 00:54:45,262 [RatisPipelineUtilsThread] ERROR pipeline.SCMPipelineManager (SCMPipelineManager.java:createPipeline(275)) - Failed to create pipeline of type RATIS and factor THREE. Exception: Pipeline creation failed due to no sufficient healthy datanodes. Required 3. Found 1.
2020-07-23 00:54:45,434 [IPC Server handler 0 on default port 43415] INFO  net.NetworkTopology (NetworkTopologyImpl.java:add(111)) - Added a new node: /default-rack/a59d88ab-138f-4718-b8ed-a326817ad93b
2020-07-23 00:54:45,434 [IPC Server handler 0 on default port 43415] INFO  node.SCMNodeManager (SCMNodeManager.java:register(273)) - Registered Data node : a59d88ab-138f-4718-b8ed-a326817ad93b{ip: 172.17.0.2, host: 6909d8773a62, networkLocation: /default-rack, certSerialId: null}
2020-07-23 00:54:45,435 [EventQueue-NodeRegistrationContainerReportForContainerSafeModeRule] INFO  safemode.SCMSafeModeManager (SCMSafeModeManager.java:validateSafeModeExitRules(214)) - ContainerSafeModeRule rule is successfully validated
2020-07-23 00:54:45,435 [EventQueue-NodeRegistrationContainerReportForDataNodeSafeModeRule] INFO  safemode.SCMSafeModeManager (SCMSafeModeManager.java:validateSafeModeExitRules(214)) - DataNodeSafeModeRule rule is successfully validated
2020-07-23 00:54:45,436 [RatisPipelineUtilsThread] INFO  pipeline.RatisPipelineProvider (RatisPipelineProvider.java:lambda$create$0(138)) - Sending CreatePipelineCommand for pipeline:PipelineID=be6af4ec-dd46-49df-a7ef-4670f85f524a to datanode:a59d88ab-138f-4718-b8ed-a326817ad93b
2020-07-23 00:54:45,436 [RatisPipelineUtilsThread] INFO  pipeline.PipelineStateManager (PipelineStateManager.java:addPipeline(54)) - Created pipeline Pipeline[ Id: be6af4ec-dd46-49df-a7ef-4670f85f524a, Nodes: a59d88ab-138f-4718-b8ed-a326817ad93b{ip: 172.17.0.2, host: 6909d8773a62, networkLocation: /default-rack, certSerialId: null}, Type:RATIS, Factor:ONE, State:ALLOCATED, leaderId:, CreationTimestamp2020-07-23T00:54:45.436Z]
2020-07-23 00:54:45,437 [RatisPipelineUtilsThread] ERROR pipeline.SCMPipelineManager (SCMPipelineManager.java:createPipeline(275)) - Failed to create pipeline of type RATIS and factor ONE. Exception: Cannot create pipeline of factor 1 using 0 nodes. Used 2 nodes. Healthy nodes 2
2020-07-23 00:54:45,437 [RatisPipelineUtilsThread] WARN  pipeline.PipelinePlacementPolicy (PipelinePlacementPolicy.java:filterViableNodes(133)) - Pipeline creation failed due to no sufficient healthy datanodes. Required 3. Found 2.
2020-07-23 00:54:45,437 [RatisPipelineUtilsThread] ERROR pipeline.SCMPipelineManager (SCMPipelineManager.java:createPipeline(275)) - Failed to create pipeline of type RATIS and factor THREE. Exception: Pipeline creation failed due to no sufficient healthy datanodes. Required 3. Found 2.
2020-07-23 00:54:45,545 [IPC Server handler 1 on default port 43415] INFO  net.NetworkTopology (NetworkTopologyImpl.java:add(111)) - Added a new node: /default-rack/3a34a8a7-e5d5-4a3b-a36f-1e1141675d1c
2020-07-23 00:54:45,546 [IPC Server handler 1 on default port 43415] INFO  node.SCMNodeManager (SCMNodeManager.java:register(273)) - Registered Data node : 3a34a8a7-e5d5-4a3b-a36f-1e1141675d1c{ip: 172.17.0.2, host: 6909d8773a62, networkLocation: /default-rack, certSerialId: null}
2020-07-23 00:54:45,546 [EventQueue-NodeRegistrationContainerReportForDataNodeSafeModeRule] INFO  safemode.SCMSafeModeManager (SCMSafeModeManager.java:validateSafeModeExitRules(214)) - DataNodeSafeModeRule rule is successfully validated
2020-07-23 00:54:45,546 [EventQueue-NodeRegistrationContainerReportForContainerSafeModeRule] INFO  safemode.SCMSafeModeManager (SCMSafeModeManager.java:validateSafeModeExitRules(214)) - ContainerSafeModeRule rule is successfully validated
2020-07-23 00:54:45,547 [RatisPipelineUtilsThread] INFO  pipeline.RatisPipelineProvider (RatisPipelineProvider.java:lambda$create$0(138)) - Sending CreatePipelineCommand for pipeline:PipelineID=c465719e-8a14-4c58-86ef-dc6db57241da to datanode:3a34a8a7-e5d5-4a3b-a36f-1e1141675d1c
2020-07-23 00:54:45,548 [RatisPipelineUtilsThread] INFO  pipeline.PipelineStateManager (PipelineStateManager.java:addPipeline(54)) - Created pipeline Pipeline[ Id: c465719e-8a14-4c58-86ef-dc6db57241da, Nodes: 3a34a8a7-e5d5-4a3b-a36f-1e1141675d1c{ip: 172.17.0.2, host: 6909d8773a62, networkLocation: /default-rack, certSerialId: null}, Type:RATIS, Factor:ONE, State:ALLOCATED, leaderId:, CreationTimestamp2020-07-23T00:54:45.547Z]
2020-07-23 00:54:45,548 [RatisPipelineUtilsThread] ERROR pipeline.SCMPipelineManager (SCMPipelineManager.java:createPipeline(275)) - Failed to create pipeline of type RATIS and factor ONE. Exception: Cannot create pipeline of factor 1 using 0 nodes. Used 3 nodes. Healthy nodes 3
2020-07-23 00:54:45,551 [RatisPipelineUtilsThread] INFO  pipeline.RatisPipelineProvider (RatisPipelineProvider.java:lambda$create$0(138)) - Sending CreatePipelineCommand for pipeline:PipelineID=834c768f-f0c5-4ca3-8072-35aa55bf6fa1 to datanode:745bebb8-a96d-40a0-9df5-809e56437f40
2020-07-23 00:54:45,552 [RatisPipelineUtilsThread] INFO  pipeline.RatisPipelineProvider (RatisPipelineProvider.java:lambda$create$0(138)) - Sending CreatePipelineCommand for pipeline:PipelineID=834c768f-f0c5-4ca3-8072-35aa55bf6fa1 to datanode:3a34a8a7-e5d5-4a3b-a36f-1e1141675d1c
2020-07-23 00:54:45,552 [RatisPipelineUtilsThread] INFO  pipeline.RatisPipelineProvider (RatisPipelineProvider.java:lambda$create$0(138)) - Sending CreatePipelineCommand for pipeline:PipelineID=834c768f-f0c5-4ca3-8072-35aa55bf6fa1 to datanode:a59d88ab-138f-4718-b8ed-a326817ad93b
2020-07-23 00:54:45,552 [RatisPipelineUtilsThread] INFO  pipeline.PipelineStateManager (PipelineStateManager.java:addPipeline(54)) - Created pipeline Pipeline[ Id: 834c768f-f0c5-4ca3-8072-35aa55bf6fa1, Nodes: 745bebb8-a96d-40a0-9df5-809e56437f40{ip: 172.17.0.2, host: 6909d8773a62, networkLocation: /default-rack, certSerialId: null}3a34a8a7-e5d5-4a3b-a36f-1e1141675d1c{ip: 172.17.0.2, host: 6909d8773a62, networkLocation: /default-rack, certSerialId: null}a59d88ab-138f-4718-b8ed-a326817ad93b{ip: 172.17.0.2, host: 6909d8773a62, networkLocation: /default-rack, certSerialId: null}, Type:RATIS, Factor:THREE, State:ALLOCATED, leaderId:, CreationTimestamp2020-07-23T00:54:45.551Z]
2020-07-23 00:54:45,553 [RatisPipelineUtilsThread] ERROR pipeline.SCMPipelineManager (SCMPipelineManager.java:createPipeline(275)) - Failed to create pipeline of type RATIS and factor THREE. Exception: Pipeline creation failed because nodes are engaged in other pipelines and every node can only be engaged in max 2 pipelines. Required 3. Found 0
2020-07-23 00:54:45,676 [IPC Server handler 3 on default port 43415] INFO  net.NetworkTopology (NetworkTopologyImpl.java:add(111)) - Added a new node: /default-rack/4e15fd63-2a96-4f95-8adf-0d310758cb63
2020-07-23 00:54:45,677 [IPC Server handler 3 on default port 43415] INFO  node.SCMNodeManager (SCMNodeManager.java:register(273)) - Registered Data node : 4e15fd63-2a96-4f95-8adf-0d310758cb63{ip: 172.17.0.2, host: 6909d8773a62, networkLocation: /default-rack, certSerialId: null}
2020-07-23 00:54:45,677 [EventQueue-NodeRegistrationContainerReportForDataNodeSafeModeRule] INFO  safemode.SCMSafeModeManager (SCMSafeModeManager.java:validateSafeModeExitRules(214)) - DataNodeSafeModeRule rule is successfully validated
2020-07-23 00:54:45,677 [EventQueue-NodeRegistrationContainerReportForContainerSafeModeRule] INFO  safemode.SCMSafeModeManager (SCMSafeModeManager.java:validateSafeModeExitRules(214)) - ContainerSafeModeRule rule is successfully validated
2020-07-23 00:54:45,678 [RatisPipelineUtilsThread] INFO  pipeline.RatisPipelineProvider (RatisPipelineProvider.java:lambda$create$0(138)) - Sending CreatePipelineCommand for pipeline:PipelineID=c801e4df-dd63-42c5-b52a-06630ccb7588 to datanode:4e15fd63-2a96-4f95-8adf-0d310758cb63
2020-07-23 00:54:45,678 [RatisPipelineUtilsThread] INFO  pipeline.PipelineStateManager (PipelineStateManager.java:addPipeline(54)) - Created pipeline Pipeline[ Id: c801e4df-dd63-42c5-b52a-06630ccb7588, Nodes: 4e15fd63-2a96-4f95-8adf-0d310758cb63{ip: 172.17.0.2, host: 6909d8773a62, networkLocation: /default-rack, certSerialId: null}, Type:RATIS, Factor:ONE, State:ALLOCATED, leaderId:, CreationTimestamp2020-07-23T00:54:45.678Z]
2020-07-23 00:54:45,680 [RatisPipelineUtilsThread] ERROR pipeline.SCMPipelineManager (SCMPipelineManager.java:createPipeline(275)) - Failed to create pipeline of type RATIS and factor ONE. Exception: Cannot create pipeline of factor 1 using 0 nodes. Used 4 nodes. Healthy nodes 4
2020-07-23 00:54:45,681 [RatisPipelineUtilsThread] ERROR pipeline.SCMPipelineManager (SCMPipelineManager.java:createPipeline(275)) - Failed to create pipeline of type RATIS and factor THREE. Exception: Pipeline creation failed because nodes are engaged in other pipelines and every node can only be engaged in max 2 pipelines. Required 3. Found 1
2020-07-23 00:54:45,814 [Listener at 127.0.0.1/38187] INFO  ozone.MiniOzoneClusterImpl (MiniOzoneClusterImpl.java:lambda$waitForClusterToBeReady$0(177)) - Waiting for nodes to be ready. Got 4 of 5 DN Heartbeats.
2020-07-23 00:54:45,815 [Listener at 127.0.0.1/38187] INFO  ozone.MiniOzoneClusterImpl (MiniOzoneClusterImpl.java:lambda$waitForClusterToBeReady$0(180)) - Waiting for cluster to exit safe mode
2020-07-23 00:54:45,827 [IPC Server handler 4 on default port 43415] INFO  net.NetworkTopology (NetworkTopologyImpl.java:add(111)) - Added a new node: /default-rack/4ab4f3a8-f3a2-4b4e-a399-e033d3e8ee76
2020-07-23 00:54:45,828 [IPC Server handler 4 on default port 43415] INFO  node.SCMNodeManager (SCMNodeManager.java:register(273)) - Registered Data node : 4ab4f3a8-f3a2-4b4e-a399-e033d3e8ee76{ip: 172.17.0.2, host: 6909d8773a62, networkLocation: /default-rack, certSerialId: null}
2020-07-23 00:54:45,828 [EventQueue-NodeRegistrationContainerReportForDataNodeSafeModeRule] INFO  safemode.SCMSafeModeManager (SCMSafeModeManager.java:validateSafeModeExitRules(214)) - DataNodeSafeModeRule rule is successfully validated
2020-07-23 00:54:45,828 [EventQueue-NodeRegistrationContainerReportForContainerSafeModeRule] INFO  safemode.SCMSafeModeManager (SCMSafeModeManager.java:validateSafeModeExitRules(214)) - ContainerSafeModeRule rule is successfully validated
2020-07-23 00:54:45,829 [RatisPipelineUtilsThread] INFO  pipeline.RatisPipelineProvider (RatisPipelineProvider.java:lambda$create$0(138)) - Sending CreatePipelineCommand for pipeline:PipelineID=b499acef-744a-412d-976d-fa264cf1f030 to datanode:4ab4f3a8-f3a2-4b4e-a399-e033d3e8ee76
2020-07-23 00:54:45,829 [RatisPipelineUtilsThread] INFO  pipeline.PipelineStateManager (PipelineStateManager.java:addPipeline(54)) - Created pipeline Pipeline[ Id: b499acef-744a-412d-976d-fa264cf1f030, Nodes: 4ab4f3a8-f3a2-4b4e-a399-e033d3e8ee76{ip: 172.17.0.2, host: 6909d8773a62, networkLocation: /default-rack, certSerialId: null}, Type:RATIS, Factor:ONE, State:ALLOCATED, leaderId:, CreationTimestamp2020-07-23T00:54:45.829Z]
2020-07-23 00:54:45,829 [RatisPipelineUtilsThread] ERROR pipeline.SCMPipelineManager (SCMPipelineManager.java:createPipeline(275)) - Failed to create pipeline of type RATIS and factor ONE. Exception: Cannot create pipeline of factor 1 using 0 nodes. Used 5 nodes. Healthy nodes 5
2020-07-23 00:54:45,830 [RatisPipelineUtilsThread] ERROR pipeline.SCMPipelineManager (SCMPipelineManager.java:createPipeline(275)) - Failed to create pipeline of type RATIS and factor THREE. Exception: Pipeline creation failed because nodes are engaged in other pipelines and every node can only be engaged in max 2 pipelines. Required 3. Found 2
2020-07-23 00:54:46,815 [Listener at 127.0.0.1/38187] INFO  ozone.MiniOzoneClusterImpl (MiniOzoneClusterImpl.java:lambda$waitForClusterToBeReady$0(177)) - Nodes are ready. Got 5 of 5 DN Heartbeats.
2020-07-23 00:54:46,815 [Listener at 127.0.0.1/38187] INFO  ozone.MiniOzoneClusterImpl (MiniOzoneClusterImpl.java:lambda$waitForClusterToBeReady$0(180)) - Waiting for cluster to exit safe mode
2020-07-23 00:54:47,816 [Listener at 127.0.0.1/38187] INFO  ozone.MiniOzoneClusterImpl (MiniOzoneClusterImpl.java:lambda$waitForClusterToBeReady$0(177)) - Nodes are ready. Got 5 of 5 DN Heartbeats.
2020-07-23 00:54:47,816 [Listener at 127.0.0.1/38187] INFO  ozone.MiniOzoneClusterImpl (MiniOzoneClusterImpl.java:lambda$waitForClusterToBeReady$0(180)) - Waiting for cluster to exit safe mode
2020-07-23 00:54:48,225 [Command processor thread] INFO  impl.RaftServerProxy (RaftServerProxy.java:addNew(89)) - 745bebb8-a96d-40a0-9df5-809e56437f40: addNew group-6AB0E8604EF8:[745bebb8-a96d-40a0-9df5-809e56437f40:172.17.0.2:40597] returns group-6AB0E8604EF8:java.util.concurrent.CompletableFuture@2b134dfa[Not completed]
2020-07-23 00:54:48,245 [pool-33-thread-1] INFO  impl.RaftServerImpl (RaftServerImpl.java:<init>(107)) - 745bebb8-a96d-40a0-9df5-809e56437f40: new RaftServerImpl for group-6AB0E8604EF8:[745bebb8-a96d-40a0-9df5-809e56437f40:172.17.0.2:40597] with ContainerStateMachine:uninitialized
2020-07-23 00:54:48,246 [pool-33-thread-1] INFO  server.RaftServerConfigKeys (ConfUtils.java:logGet(44)) - raft.server.rpc.timeout.min = 5s (custom)
2020-07-23 00:54:48,247 [pool-33-thread-1] INFO  server.RaftServerConfigKeys (ConfUtils.java:logGet(44)) - raft.server.rpc.timeout.max = 5200ms (custom)
2020-07-23 00:54:48,247 [pool-33-thread-1] INFO  server.RaftServerConfigKeys (ConfUtils.java:logGet(44)) - raft.server.rpcslowness.timeout = 300s (custom)
2020-07-23 00:54:48,247 [pool-33-thread-1] INFO  server.RaftServerConfigKeys (ConfUtils.java:logGet(44)) - raft.server.sleep.deviation.threshold = 300 (default)
2020-07-23 00:54:48,248 [pool-33-thread-1] INFO  server.RaftServerConfigKeys (ConfUtils.java:logGet(44)) - raft.server.log.appender.install.snapshot.enabled = false (custom)
2020-07-23 00:54:48,253 [pool-33-thread-1] INFO  impl.RaftServerImpl (ServerState.java:<init>(103)) - 745bebb8-a96d-40a0-9df5-809e56437f40@group-6AB0E8604EF8: ConfigurationManager, init=-1: [745bebb8-a96d-40a0-9df5-809e56437f40:172.17.0.2:40597], old=null, confs=<EMPTY_MAP>
2020-07-23 00:54:48,253 [pool-33-thread-1] INFO  server.RaftServerConfigKeys (ConfUtils.java:logGet(44)) - raft.server.storage.dir = [/github/workspace/mnt/ozone/hadoop-ozone/integration-test/target/test-dir/MiniOzoneClusterImpl-9dac51b2-5047-4894-9263-2f6317d89c21/datanode-0/data/ratis] (custom)
2020-07-23 00:54:48,258 [pool-33-thread-1] INFO  server.RaftServerConfigKeys (ConfUtils.java:logGet(44)) - raft.server.log.corruption.policy = EXCEPTION (default)
2020-07-23 00:54:48,259 [pool-33-thread-1] INFO  storage.RaftStorageDirectory (RaftStorageDirectory.java:analyzeStorage(261)) - The storage directory /github/workspace/mnt/ozone/hadoop-ozone/integration-test/target/test-dir/MiniOzoneClusterImpl-9dac51b2-5047-4894-9263-2f6317d89c21/datanode-0/data/ratis/d92b99fa-301e-463a-b56c-6ab0e8604ef8 does not exist. Creating ...
2020-07-23 00:54:48,263 [pool-33-thread-1] INFO  storage.RaftStorageDirectory (RaftStorageDirectory.java:tryLock(343)) - Lock on /github/workspace/mnt/ozone/hadoop-ozone/integration-test/target/test-dir/MiniOzoneClusterImpl-9dac51b2-5047-4894-9263-2f6317d89c21/datanode-0/data/ratis/d92b99fa-301e-463a-b56c-6ab0e8604ef8/in_use.lock acquired by nodename 34713@6909d8773a62
2020-07-23 00:54:48,265 [pool-33-thread-1] INFO  storage.RaftStorage (RaftStorage.java:format(84)) - Storage directory /github/workspace/mnt/ozone/hadoop-ozone/integration-test/target/test-dir/MiniOzoneClusterImpl-9dac51b2-5047-4894-9263-2f6317d89c21/datanode-0/data/ratis/d92b99fa-301e-463a-b56c-6ab0e8604ef8 has been successfully formatted.
2020-07-23 00:54:48,269 [pool-33-thread-1] INFO  ratis.ContainerStateMachine (ContainerStateMachine.java:loadSnapshot(225)) - group-6AB0E8604EF8: The snapshot info is null. Setting the last applied indexto:(t:0, i:~)
2020-07-23 00:54:48,270 [pool-33-thread-1] INFO  server.RaftServerConfigKeys (ConfUtils.java:logGet(44)) - raft.server.notification.no-leader.timeout = 300s (custom)
2020-07-23 00:54:48,272 [pool-33-thread-1] INFO  server.RaftServerConfigKeys (ConfUtils.java:logGet(44)) - raft.server.log.use.memory = false (default)
2020-07-23 00:54:48,277 [pool-33-thread-1] INFO  server.RaftServerConfigKeys (ConfUtils.java:logGet(44)) - raft.server.log.purge.gap = 1000000 (custom)
2020-07-23 00:54:48,280 [pool-33-thread-1] INFO  metrics.RatisMetrics (RatisMetrics.java:lambda$create$0(36)) - Creating Metrics Registry : ratis.log_worker.745bebb8-a96d-40a0-9df5-809e56437f40@group-6AB0E8604EF8
2020-07-23 00:54:48,290 [pool-33-thread-1] INFO  server.RaftServerConfigKeys (ConfUtils.java:logGet(44)) - raft.server.log.appender.buffer.byte-limit = 33554432 (custom)
2020-07-23 00:54:48,292 [EventQueue-PipelineReportForPipelineReportHandler] INFO  pipeline.PipelineStateManager (PipelineStateManager.java:openPipeline(131)) - Pipeline Pipeline[ Id: d92b99fa-301e-463a-b56c-6ab0e8604ef8, Nodes: 745bebb8-a96d-40a0-9df5-809e56437f40{ip: 172.17.0.2, host: 6909d8773a62, networkLocation: /default-rack, certSerialId: null}, Type:RATIS, Factor:ONE, State:ALLOCATED, leaderId:745bebb8-a96d-40a0-9df5-809e56437f40, CreationTimestamp2020-07-23T00:54:45.245Z] moved to OPEN state
2020-07-23 00:54:48,299 [pool-33-thread-1] INFO  server.RaftServerConfigKeys (ConfUtils.java:logGet(44)) - raft.server.log.segment.size.max = 1048576 (custom)
2020-07-23 00:54:48,305 [EventQueue-OpenPipelineForOneReplicaPipelineSafeModeRule] INFO  safemode.SCMSafeModeManager (SCMSafeModeManager.java:validateSafeModeExitRules(214)) - AtleastOneDatanodeReportedRule rule is successfully validated
2020-07-23 00:54:48,306 [pool-33-thread-1] INFO  server.RaftServerConfigKeys (ConfUtils.java:logGet(44)) - raft.server.log.segment.cache.num.max = 2 (custom)
2020-07-23 00:54:48,310 [pool-33-thread-1] INFO  segmented.SegmentedRaftLogWorker (SegmentedRaftLogWorker.java:<init>(180)) - new 745bebb8-a96d-40a0-9df5-809e56437f40@group-6AB0E8604EF8-SegmentedRaftLogWorker for RaftStorage:Storage Directory /github/workspace/mnt/ozone/hadoop-ozone/integration-test/target/test-dir/MiniOzoneClusterImpl-9dac51b2-5047-4894-9263-2f6317d89c21/datanode-0/data/ratis/d92b99fa-301e-463a-b56c-6ab0e8604ef8
2020-07-23 00:54:48,310 [EventQueue-OpenPipelineForHealthyPipelineSafeModeRule] INFO  safemode.SCMSafeModeManager (HealthyPipelineSafeModeRule.java:process(129)) - SCM in safe mode. Healthy pipelines reported count is 0, required healthy pipeline reported count is 1
2020-07-23 00:54:48,311 [pool-33-thread-1] INFO  server.RaftServerConfigKeys (ConfUtils.java:logGet(44)) - raft.server.log.queue.byte-limit = 2147483647 (custom)
2020-07-23 00:54:48,311 [pool-33-thread-1] INFO  server.RaftServerConfigKeys (ConfUtils.java:logGet(44)) - raft.server.log.queue.element-limit = 1024 (custom)
2020-07-23 00:54:48,312 [pool-33-thread-1] INFO  server.RaftServerConfigKeys (ConfUtils.java:logGet(44)) - raft.server.log.segment.size.max = 1048576 (custom)
2020-07-23 00:54:48,313 [pool-33-thread-1] INFO  server.RaftServerConfigKeys (ConfUtils.java:logGet(44)) - raft.server.log.preallocated.size = 16384 (custom)
2020-07-23 00:54:48,313 [pool-33-thread-1] INFO  server.RaftServerConfigKeys (ConfUtils.java:logGet(44)) - raft.server.log.write.buffer.size = 1048576 (custom)
2020-07-23 00:54:48,314 [pool-33-thread-1] INFO  server.RaftServerConfigKeys (ConfUtils.java:logGet(44)) - raft.server.log.force.sync.num = 128 (default)
2020-07-23 00:54:48,315 [pool-33-thread-1] INFO  server.RaftServerConfigKeys (ConfUtils.java:logGet(44)) - raft.server.log.statemachine.data.sync = true (default)
2020-07-23 00:54:48,315 [pool-33-thread-1] INFO  server.RaftServerConfigKeys (ConfUtils.java:logGet(44)) - raft.server.log.statemachine.data.sync.timeout = 10s (default)
2020-07-23 00:54:48,315 [pool-33-thread-1] INFO  server.RaftServerConfigKeys (ConfUtils.java:logGet(44)) - raft.server.log.statemachine.data.sync.timeout.retry = -1 (default)
2020-07-23 00:54:48,326 [pool-33-thread-1] INFO  server.RaftServerConfigKeys (ConfUtils.java:logGet(44)) - raft.server.log.statemachine.data.caching.enabled = true (custom)
2020-07-23 00:54:48,331 [pool-33-thread-1] INFO  segmented.SegmentedRaftLogWorker (SegmentedRaftLogWorker.java:lambda$new$0(129)) - 745bebb8-a96d-40a0-9df5-809e56437f40@group-6AB0E8604EF8-SegmentedRaftLogWorker: flushIndex: setUnconditionally 0 -> -1
2020-07-23 00:54:48,331 [pool-33-thread-1] INFO  segmented.SegmentedRaftLogWorker (SegmentedRaftLogWorker.java:lambda$new$0(129)) - 745bebb8-a96d-40a0-9df5-809e56437f40@group-6AB0E8604EF8-SegmentedRaftLogWorker: safeCacheEvictIndex: setUnconditionally 0 -> -1
2020-07-23 00:54:48,336 [pool-33-thread-1] INFO  server.RaftServerConfigKeys (ConfUtils.java:logGet(44)) - raft.server.snapshot.auto.trigger.enabled = true (custom)
2020-07-23 00:54:48,337 [pool-33-thread-1] INFO  server.RaftServerConfigKeys (ConfUtils.java:logGet(44)) - raft.server.snapshot.auto.trigger.threshold = 10000 (custom)
2020-07-23 00:54:48,337 [pool-33-thread-1] INFO  server.RaftServerConfigKeys (ConfUtils.java:logGet(44)) - raft.server.snapshot.retention.file.num = 5 (custom)
2020-07-23 00:54:48,338 [pool-33-thread-1] INFO  server.RaftServerConfigKeys (ConfUtils.java:logGet(44)) - raft.server.log.purge.upto.snapshot.index = false (default)
2020-07-23 00:54:48,338 [pool-33-thread-1] INFO  server.RaftServerConfigKeys (ConfUtils.java:logGet(44)) - raft.server.retrycache.expirytime = 600000ms (custom)
2020-07-23 00:54:48,355 [pool-33-thread-1] INFO  metrics.RatisMetrics (RatisMetrics.java:lambda$create$0(36)) - Creating Metrics Registry : ratis.leader_election.745bebb8-a96d-40a0-9df5-809e56437f40@group-6AB0E8604EF8
2020-07-23 00:54:48,358 [pool-33-thread-1] INFO  metrics.RatisMetrics (RatisMetrics.java:lambda$create$0(36)) - Creating Metrics Registry : ratis.server.745bebb8-a96d-40a0-9df5-809e56437f40@group-6AB0E8604EF8
2020-07-23 00:54:48,366 [pool-33-thread-1] INFO  impl.RaftServerImpl (RaftServerImpl.java:start(196)) - 745bebb8-a96d-40a0-9df5-809e56437f40@group-6AB0E8604EF8: start as a follower, conf=-1: [745bebb8-a96d-40a0-9df5-809e56437f40:172.17.0.2:40597], old=null
2020-07-23 00:54:48,366 [pool-33-thread-1] INFO  impl.RaftServerImpl (RaftServerImpl.java:setRole(185)) - 745bebb8-a96d-40a0-9df5-809e56437f40@group-6AB0E8604EF8: changes role from      null to FOLLOWER at term 0 for startAsFollower
2020-07-23 00:54:48,367 [pool-33-thread-1] INFO  impl.RoleInfo (RoleInfo.java:updateAndGet(143)) - 745bebb8-a96d-40a0-9df5-809e56437f40: start FollowerState
2020-07-23 00:54:48,373 [pool-33-thread-1] INFO  util.JmxRegister (JmxRegister.java:tryRegister(44)) - Successfully registered JMX Bean with object name Ratis:service=RaftServer,group=group-6AB0E8604EF8,id=745bebb8-a96d-40a0-9df5-809e56437f40
2020-07-23 00:54:48,374 [pool-33-thread-1] INFO  metrics.RatisMetrics (RatisMetrics.java:lambda$create$0(36)) - Creating Metrics Registry : ratis.state_machine.745bebb8-a96d-40a0-9df5-809e56437f40@group-6AB0E8604EF8
2020-07-23 00:54:48,395 [Command processor thread] INFO  commandhandler.CreatePipelineCommandHandler (CreatePipelineCommandHandler.java:handle(109)) - Created Pipeline RATIS ONE #id: "d92b99fa-301e-463a-b56c-6ab0e8604ef8"
uuid128 {
  mostSigBits: -2797973443652467142
  leastSigBits: -5373802947314430216
}
.
2020-07-23 00:54:48,395 [Command processor thread] INFO  impl.RaftServerProxy (RaftServerProxy.java:addNew(89)) - 745bebb8-a96d-40a0-9df5-809e56437f40: addNew group-35AA55BF6FA1:[3a34a8a7-e5d5-4a3b-a36f-1e1141675d1c:172.17.0.2:35767, 745bebb8-a96d-40a0-9df5-809e56437f40:172.17.0.2:40597, a59d88ab-138f-4718-b8ed-a326817ad93b:172.17.0.2:38463] returns group-35AA55BF6FA1:java.util.concurrent.CompletableFuture@3f514fa7[Not completed]
2020-07-23 00:54:48,397 [pool-33-thread-1] INFO  impl.RaftServerImpl (RaftServerImpl.java:<init>(107)) - 745bebb8-a96d-40a0-9df5-809e56437f40: new RaftServerImpl for group-35AA55BF6FA1:[3a34a8a7-e5d5-4a3b-a36f-1e1141675d1c:172.17.0.2:35767, 745bebb8-a96d-40a0-9df5-809e56437f40:172.17.0.2:40597, a59d88ab-138f-4718-b8ed-a326817ad93b:172.17.0.2:38463] with ContainerStateMachine:uninitialized
2020-07-23 00:54:48,397 [pool-33-thread-1] INFO  server.RaftServerConfigKeys (ConfUtils.java:logGet(44)) - raft.server.rpc.timeout.min = 5s (custom)
2020-07-23 00:54:48,397 [pool-33-thread-1] INFO  server.RaftServerConfigKeys (ConfUtils.java:logGet(44)) - raft.server.rpc.timeout.max = 5200ms (custom)
2020-07-23 00:54:48,398 [pool-33-thread-1] INFO  server.RaftServerConfigKeys (ConfUtils.java:logGet(44)) - raft.server.rpcslowness.timeout = 300s (custom)
2020-07-23 00:54:48,399 [pool-33-thread-1] INFO  server.RaftServerConfigKeys (ConfUtils.java:logGet(44)) - raft.server.sleep.deviation.threshold = 300 (default)
2020-07-23 00:54:48,399 [pool-33-thread-1] INFO  server.RaftServerConfigKeys (ConfUtils.java:logGet(44)) - raft.server.log.appender.install.snapshot.enabled = false (custom)
2020-07-23 00:54:48,399 [pool-33-thread-1] INFO  impl.RaftServerImpl (ServerState.java:<init>(103)) - 745bebb8-a96d-40a0-9df5-809e56437f40@group-35AA55BF6FA1: ConfigurationManager, init=-1: [3a34a8a7-e5d5-4a3b-a36f-1e1141675d1c:172.17.0.2:35767, 745bebb8-a96d-40a0-9df5-809e56437f40:172.17.0.2:40597, a59d88ab-138f-4718-b8ed-a326817ad93b:172.17.0.2:38463], old=null, confs=<EMPTY_MAP>
2020-07-23 00:54:48,399 [pool-33-thread-1] INFO  server.RaftServerConfigKeys (ConfUtils.java:logGet(44)) - raft.server.storage.dir = [/github/workspace/mnt/ozone/hadoop-ozone/integration-test/target/test-dir/MiniOzoneClusterImpl-9dac51b2-5047-4894-9263-2f6317d89c21/datanode-0/data/ratis] (custom)
2020-07-23 00:54:48,399 [pool-33-thread-1] INFO  server.RaftServerConfigKeys (ConfUtils.java:logGet(44)) - raft.server.log.corruption.policy = EXCEPTION (default)
2020-07-23 00:54:48,400 [pool-33-thread-1] INFO  storage.RaftStorageDirectory (RaftStorageDirectory.java:analyzeStorage(261)) - The storage directory /github/workspace/mnt/ozone/hadoop-ozone/integration-test/target/test-dir/MiniOzoneClusterImpl-9dac51b2-5047-4894-9263-2f6317d89c21/datanode-0/data/ratis/834c768f-f0c5-4ca3-8072-35aa55bf6fa1 does not exist. Creating ...
2020-07-23 00:54:48,401 [pool-33-thread-1] INFO  storage.RaftStorageDirectory (RaftStorageDirectory.java:tryLock(343)) - Lock on /github/workspace/mnt/ozone/hadoop-ozone/integration-test/target/test-dir/MiniOzoneClusterImpl-9dac51b2-5047-4894-9263-2f6317d89c21/datanode-0/data/ratis/834c768f-f0c5-4ca3-8072-35aa55bf6fa1/in_use.lock acquired by nodename 34713@6909d8773a62
2020-07-23 00:54:48,402 [pool-33-thread-1] INFO  storage.RaftStorage (RaftStorage.java:format(84)) - Storage directory /github/workspace/mnt/ozone/hadoop-ozone/integration-test/target/test-dir/MiniOzoneClusterImpl-9dac51b2-5047-4894-9263-2f6317d89c21/datanode-0/data/ratis/834c768f-f0c5-4ca3-8072-35aa55bf6fa1 has been successfully formatted.
2020-07-23 00:54:48,402 [pool-33-thread-1] INFO  ratis.ContainerStateMachine (ContainerStateMachine.java:loadSnapshot(225)) - group-35AA55BF6FA1: The snapshot info is null. Setting the last applied indexto:(t:0, i:~)
2020-07-23 00:54:48,402 [pool-33-thread-1] INFO  server.RaftServerConfigKeys (ConfUtils.java:logGet(44)) - raft.server.notification.no-leader.timeout = 300s (custom)
2020-07-23 00:54:48,402 [pool-33-thread-1] INFO  server.RaftServerConfigKeys (ConfUtils.java:logGet(44)) - raft.server.log.use.memory = false (default)
2020-07-23 00:54:48,402 [pool-33-thread-1] INFO  server.RaftServerConfigKeys (ConfUtils.java:logGet(44)) - raft.server.log.purge.gap = 1000000 (custom)
2020-07-23 00:54:48,403 [pool-33-thread-1] INFO  metrics.RatisMetrics (RatisMetrics.java:lambda$create$0(36)) - Creating Metrics Registry : ratis.log_worker.745bebb8-a96d-40a0-9df5-809e56437f40@group-35AA55BF6FA1
2020-07-23 00:54:48,404 [pool-33-thread-1] INFO  server.RaftServerConfigKeys (ConfUtils.java:logGet(44)) - raft.server.log.appender.buffer.byte-limit = 33554432 (custom)
2020-07-23 00:54:48,404 [pool-33-thread-1] INFO  server.RaftServerConfigKeys (ConfUtils.java:logGet(44)) - raft.server.log.segment.size.max = 1048576 (custom)
2020-07-23 00:54:48,408 [pool-33-thread-1] INFO  server.RaftServerConfigKeys (ConfUtils.java:logGet(44)) - raft.server.log.segment.cache.num.max = 2 (custom)
2020-07-23 00:54:48,408 [pool-33-thread-1] INFO  segmented.SegmentedRaftLogWorker (SegmentedRaftLogWorker.java:<init>(180)) - new 745bebb8-a96d-40a0-9df5-809e56437f40@group-35AA55BF6FA1-SegmentedRaftLogWorker for RaftStorage:Storage Directory /github/workspace/mnt/ozone/hadoop-ozone/integration-test/target/test-dir/MiniOzoneClusterImpl-9dac51b2-5047-4894-9263-2f6317d89c21/datanode-0/data/ratis/834c768f-f0c5-4ca3-8072-35aa55bf6fa1
2020-07-23 00:54:48,408 [pool-33-thread-1] INFO  server.RaftServerConfigKeys (ConfUtils.java:logGet(44)) - raft.server.log.queue.byte-limit = 2147483647 (custom)
2020-07-23 00:54:48,408 [pool-33-thread-1] INFO  server.RaftServerConfigKeys (ConfUtils.java:logGet(44)) - raft.server.log.queue.element-limit = 1024 (custom)
2020-07-23 00:54:48,408 [pool-33-thread-1] INFO  server.RaftServerConfigKeys (ConfUtils.java:logGet(44)) - raft.server.log.segment.size.max = 1048576 (custom)
2020-07-23 00:54:48,408 [pool-33-thread-1] INFO  server.RaftServerConfigKeys (ConfUtils.java:logGet(44)) - raft.server.log.preallocated.size = 16384 (custom)
2020-07-23 00:54:48,408 [pool-33-thread-1] INFO  server.RaftServerConfigKeys (ConfUtils.java:logGet(44)) - raft.server.log.write.buffer.size = 1048576 (custom)
2020-07-23 00:54:48,409 [pool-33-thread-1] INFO  server.RaftServerConfigKeys (ConfUtils.java:logGet(44)) - raft.server.log.force.sync.num = 128 (default)
2020-07-23 00:54:48,409 [pool-33-thread-1] INFO  server.RaftServerConfigKeys (ConfUtils.java:logGet(44)) - raft.server.log.statemachine.data.sync = true (default)
2020-07-23 00:54:48,409 [pool-33-thread-1] INFO  server.RaftServerConfigKeys (ConfUtils.java:logGet(44)) - raft.server.log.statemachine.data.sync.timeout = 10s (default)
2020-07-23 00:54:48,409 [pool-33-thread-1] INFO  server.RaftServerConfigKeys (ConfUtils.java:logGet(44)) - raft.server.log.statemachine.data.sync.timeout.retry = -1 (default)
2020-07-23 00:54:48,417 [pool-33-thread-1] INFO  server.RaftServerConfigKeys (ConfUtils.java:logGet(44)) - raft.server.log.statemachine.data.caching.enabled = true (custom)
2020-07-23 00:54:48,418 [pool-33-thread-1] INFO  segmented.SegmentedRaftLogWorker (SegmentedRaftLogWorker.java:lambda$new$0(129)) - 745bebb8-a96d-40a0-9df5-809e56437f40@group-35AA55BF6FA1-SegmentedRaftLogWorker: flushIndex: setUnconditionally 0 -> -1
2020-07-23 00:54:48,418 [pool-33-thread-1] INFO  segmented.SegmentedRaftLogWorker (SegmentedRaftLogWorker.java:lambda$new$0(129)) - 745bebb8-a96d-40a0-9df5-809e56437f40@group-35AA55BF6FA1-SegmentedRaftLogWorker: safeCacheEvictIndex: setUnconditionally 0 -> -1
2020-07-23 00:54:48,420 [pool-33-thread-1] INFO  server.RaftServerConfigKeys (ConfUtils.java:logGet(44)) - raft.server.snapshot.auto.trigger.enabled = true (custom)
2020-07-23 00:54:48,420 [pool-33-thread-1] INFO  server.RaftServerConfigKeys (ConfUtils.java:logGet(44)) - raft.server.snapshot.auto.trigger.threshold = 10000 (custom)
2020-07-23 00:54:48,421 [pool-33-thread-1] INFO  server.RaftServerConfigKeys (ConfUtils.java:logGet(44)) - raft.server.snapshot.retention.file.num = 5 (custom)
2020-07-23 00:54:48,421 [pool-33-thread-1] INFO  server.RaftServerConfigKeys (ConfUtils.java:logGet(44)) - raft.server.log.purge.upto.snapshot.index = false (default)
2020-07-23 00:54:48,421 [pool-33-thread-1] INFO  server.RaftServerConfigKeys (ConfUtils.java:logGet(44)) - raft.server.retrycache.expirytime = 600000ms (custom)
2020-07-23 00:54:48,421 [pool-33-thread-1] INFO  metrics.RatisMetrics (RatisMetrics.java:lambda$create$0(36)) - Creating Metrics Registry : ratis.leader_election.745bebb8-a96d-40a0-9df5-809e56437f40@group-35AA55BF6FA1
2020-07-23 00:54:48,422 [pool-33-thread-1] INFO  metrics.RatisMetrics (RatisMetrics.java:lambda$create$0(36)) - Creating Metrics Registry : ratis.server.745bebb8-a96d-40a0-9df5-809e56437f40@group-35AA55BF6FA1
2020-07-23 00:54:48,425 [pool-33-thread-1] INFO  impl.RaftServerImpl (RaftServerImpl.java:start(196)) - 745bebb8-a96d-40a0-9df5-809e56437f40@group-35AA55BF6FA1: start as a follower, conf=-1: [3a34a8a7-e5d5-4a3b-a36f-1e1141675d1c:172.17.0.2:35767, 745bebb8-a96d-40a0-9df5-809e56437f40:172.17.0.2:40597, a59d88ab-138f-4718-b8ed-a326817ad93b:172.17.0.2:38463], old=null
2020-07-23 00:54:48,427 [pool-33-thread-1] INFO  impl.RaftServerImpl (RaftServerImpl.java:setRole(185)) - 745bebb8-a96d-40a0-9df5-809e56437f40@group-35AA55BF6FA1: changes role from      null to FOLLOWER at term 0 for startAsFollower
2020-07-23 00:54:48,427 [pool-33-thread-1] INFO  impl.RoleInfo (RoleInfo.java:updateAndGet(143)) - 745bebb8-a96d-40a0-9df5-809e56437f40: start FollowerState
2020-07-23 00:54:48,428 [pool-33-thread-1] INFO  util.JmxRegister (JmxRegister.java:tryRegister(44)) - Successfully registered JMX Bean with object name Ratis:service=RaftServer,group=group-35AA55BF6FA1,id=745bebb8-a96d-40a0-9df5-809e56437f40
2020-07-23 00:54:48,429 [pool-33-thread-1] INFO  metrics.RatisMetrics (RatisMetrics.java:lambda$create$0(36)) - Creating Metrics Registry : ratis.state_machine.745bebb8-a96d-40a0-9df5-809e56437f40@group-35AA55BF6FA1
2020-07-23 00:54:48,436 [Command processor thread] INFO  impl.RaftServerProxy (RaftServerProxy.java:addNew(89)) - a59d88ab-138f-4718-b8ed-a326817ad93b: addNew group-4670F85F524A:[a59d88ab-138f-4718-b8ed-a326817ad93b:172.17.0.2:38463] returns group-4670F85F524A:java.util.concurrent.CompletableFuture@1accde25[Not completed]
2020-07-23 00:54:48,467 [pool-48-thread-1] INFO  impl.RaftServerImpl (RaftServerImpl.java:<init>(107)) - a59d88ab-138f-4718-b8ed-a326817ad93b: new RaftServerImpl for group-4670F85F524A:[a59d88ab-138f-4718-b8ed-a326817ad93b:172.17.0.2:38463] with ContainerStateMachine:uninitialized
2020-07-23 00:54:48,468 [pool-48-thread-1] INFO  server.RaftServerConfigKeys (ConfUtils.java:logGet(44)) - raft.server.rpc.timeout.min = 5s (custom)
2020-07-23 00:54:48,468 [pool-48-thread-1] INFO  server.RaftServerConfigKeys (ConfUtils.java:logGet(44)) - raft.server.rpc.timeout.max = 5200ms (custom)
2020-07-23 00:54:48,468 [pool-48-thread-1] INFO  server.RaftServerConfigKeys (ConfUtils.java:logGet(44)) - raft.server.rpcslowness.timeout = 300s (custom)
2020-07-23 00:54:48,468 [pool-48-thread-1] INFO  server.RaftServerConfigKeys (ConfUtils.java:logGet(44)) - raft.server.sleep.deviation.threshold = 300 (default)
2020-07-23 00:54:48,468 [pool-48-thread-1] INFO  server.RaftServerConfigKeys (ConfUtils.java:logGet(44)) - raft.server.log.appender.install.snapshot.enabled = false (custom)
2020-07-23 00:54:48,468 [pool-48-thread-1] INFO  impl.RaftServerImpl (ServerState.java:<init>(103)) - a59d88ab-138f-4718-b8ed-a326817ad93b@group-4670F85F524A: ConfigurationManager, init=-1: [a59d88ab-138f-4718-b8ed-a326817ad93b:172.17.0.2:38463], old=null, confs=<EMPTY_MAP>
2020-07-23 00:54:48,469 [pool-48-thread-1] INFO  server.RaftServerConfigKeys (ConfUtils.java:logGet(44)) - raft.server.storage.dir = [/github/workspace/mnt/ozone/hadoop-ozone/integration-test/target/test-dir/MiniOzoneClusterImpl-9dac51b2-5047-4894-9263-2f6317d89c21/datanode-1/data/ratis] (custom)
2020-07-23 00:54:48,469 [pool-48-thread-1] INFO  server.RaftServerConfigKeys (ConfUtils.java:logGet(44)) - raft.server.log.corruption.policy = EXCEPTION (default)
2020-07-23 00:54:48,469 [pool-48-thread-1] INFO  storage.RaftStorageDirectory (RaftStorageDirectory.java:analyzeStorage(261)) - The storage directory /github/workspace/mnt/ozone/hadoop-ozone/integration-test/target/test-dir/MiniOzoneClusterImpl-9dac51b2-5047-4894-9263-2f6317d89c21/datanode-1/data/ratis/be6af4ec-dd46-49df-a7ef-4670f85f524a does not exist. Creating ...
2020-07-23 00:54:48,470 [pool-48-thread-1] INFO  storage.RaftStorageDirectory (RaftStorageDirectory.java:tryLock(343)) - Lock on /github/workspace/mnt/ozone/hadoop-ozone/integration-test/target/test-dir/MiniOzoneClusterImpl-9dac51b2-5047-4894-9263-2f6317d89c21/datanode-1/data/ratis/be6af4ec-dd46-49df-a7ef-4670f85f524a/in_use.lock acquired by nodename 34713@6909d8773a62
2020-07-23 00:54:48,471 [pool-48-thread-1] INFO  storage.RaftStorage (RaftStorage.java:format(84)) - Storage directory /github/workspace/mnt/ozone/hadoop-ozone/integration-test/target/test-dir/MiniOzoneClusterImpl-9dac51b2-5047-4894-9263-2f6317d89c21/datanode-1/data/ratis/be6af4ec-dd46-49df-a7ef-4670f85f524a has been successfully formatted.
2020-07-23 00:54:48,472 [pool-48-thread-1] INFO  ratis.ContainerStateMachine (ContainerStateMachine.java:loadSnapshot(225)) - group-4670F85F524A: The snapshot info is null. Setting the last applied indexto:(t:0, i:~)
2020-07-23 00:54:48,474 [pool-48-thread-1] INFO  server.RaftServerConfigKeys (ConfUtils.java:logGet(44)) - raft.server.notification.no-leader.timeout = 300s (custom)
2020-07-23 00:54:48,474 [pool-48-thread-1] INFO  server.RaftServerConfigKeys (ConfUtils.java:logGet(44)) - raft.server.log.use.memory = false (default)
2020-07-23 00:54:48,474 [pool-48-thread-1] INFO  server.RaftServerConfigKeys (ConfUtils.java:logGet(44)) - raft.server.log.purge.gap = 1000000 (custom)
2020-07-23 00:54:48,474 [EventQueue-PipelineReportForPipelineReportHandler] INFO  pipeline.PipelineStateManager (PipelineStateManager.java:openPipeline(131)) - Pipeline Pipeline[ Id: be6af4ec-dd46-49df-a7ef-4670f85f524a, Nodes: a59d88ab-138f-4718-b8ed-a326817ad93b{ip: 172.17.0.2, host: 6909d8773a62, networkLocation: /default-rack, certSerialId: null}, Type:RATIS, Factor:ONE, State:ALLOCATED, leaderId:a59d88ab-138f-4718-b8ed-a326817ad93b, CreationTimestamp2020-07-23T00:54:45.436Z] moved to OPEN state
2020-07-23 00:54:48,474 [EventQueue-OpenPipelineForOneReplicaPipelineSafeModeRule] INFO  safemode.SCMSafeModeManager (SCMSafeModeManager.java:validateSafeModeExitRules(214)) - AtleastOneDatanodeReportedRule rule is successfully validated
2020-07-23 00:54:48,475 [EventQueue-OpenPipelineForHealthyPipelineSafeModeRule] INFO  safemode.SCMSafeModeManager (HealthyPipelineSafeModeRule.java:process(129)) - SCM in safe mode. Healthy pipelines reported count is 0, required healthy pipeline reported count is 1
2020-07-23 00:54:48,474 [pool-48-thread-1] INFO  metrics.RatisMetrics (RatisMetrics.java:lambda$create$0(36)) - Creating Metrics Registry : ratis.log_worker.a59d88ab-138f-4718-b8ed-a326817ad93b@group-4670F85F524A
2020-07-23 00:54:48,475 [pool-48-thread-1] INFO  server.RaftServerConfigKeys (ConfUtils.java:logGet(44)) - raft.server.log.appender.buffer.byte-limit = 33554432 (custom)
2020-07-23 00:54:48,475 [pool-48-thread-1] INFO  server.RaftServerConfigKeys (ConfUtils.java:logGet(44)) - raft.server.log.segment.size.max = 1048576 (custom)
2020-07-23 00:54:48,476 [pool-48-thread-1] INFO  server.RaftServerConfigKeys (ConfUtils.java:logGet(44)) - raft.server.log.segment.cache.num.max = 2 (custom)
2020-07-23 00:54:48,476 [pool-48-thread-1] INFO  segmented.SegmentedRaftLogWorker (SegmentedRaftLogWorker.java:<init>(180)) - new a59d88ab-138f-4718-b8ed-a326817ad93b@group-4670F85F524A-SegmentedRaftLogWorker for RaftStorage:Storage Directory /github/workspace/mnt/ozone/hadoop-ozone/integration-test/target/test-dir/MiniOzoneClusterImpl-9dac51b2-5047-4894-9263-2f6317d89c21/datanode-1/data/ratis/be6af4ec-dd46-49df-a7ef-4670f85f524a
2020-07-23 00:54:48,478 [pool-48-thread-1] INFO  server.RaftServerConfigKeys (ConfUtils.java:logGet(44)) - raft.server.log.queue.byte-limit = 2147483647 (custom)
2020-07-23 00:54:48,479 [pool-48-thread-1] INFO  server.RaftServerConfigKeys (ConfUtils.java:logGet(44)) - raft.server.log.queue.element-limit = 1024 (custom)
2020-07-23 00:54:48,479 [pool-48-thread-1] INFO  server.RaftServerConfigKeys (ConfUtils.java:logGet(44)) - raft.server.log.segment.size.max = 1048576 (custom)
2020-07-23 00:54:48,479 [pool-48-thread-1] INFO  server.RaftServerConfigKeys (ConfUtils.java:logGet(44)) - raft.server.log.preallocated.size = 16384 (custom)
2020-07-23 00:54:48,479 [pool-48-thread-1] INFO  server.RaftServerConfigKeys (ConfUtils.java:logGet(44)) - raft.server.log.write.buffer.size = 1048576 (custom)
2020-07-23 00:54:48,479 [pool-48-thread-1] INFO  server.RaftServerConfigKeys (ConfUtils.java:logGet(44)) - raft.server.log.force.sync.num = 128 (default)
2020-07-23 00:54:48,479 [pool-48-thread-1] INFO  server.RaftServerConfigKeys (ConfUtils.java:logGet(44)) - raft.server.log.statemachine.data.sync = true (default)
2020-07-23 00:54:48,479 [pool-48-thread-1] INFO  server.RaftServerConfigKeys (ConfUtils.java:logGet(44)) - raft.server.log.statemachine.data.sync.timeout = 10s (default)
2020-07-23 00:54:48,479 [pool-48-thread-1] INFO  server.RaftServerConfigKeys (ConfUtils.java:logGet(44)) - raft.server.log.statemachine.data.sync.timeout.retry = -1 (default)
2020-07-23 00:54:48,481 [pool-48-thread-1] INFO  server.RaftServerConfigKeys (ConfUtils.java:logGet(44)) - raft.server.log.statemachine.data.caching.enabled = true (custom)
2020-07-23 00:54:48,481 [pool-48-thread-1] INFO  segmented.SegmentedRaftLogWorker (SegmentedRaftLogWorker.java:lambda$new$0(129)) - a59d88ab-138f-4718-b8ed-a326817ad93b@group-4670F85F524A-SegmentedRaftLogWorker: flushIndex: setUnconditionally 0 -> -1
2020-07-23 00:54:48,481 [pool-48-thread-1] INFO  segmented.SegmentedRaftLogWorker (SegmentedRaftLogWorker.java:lambda$new$0(129)) - a59d88ab-138f-4718-b8ed-a326817ad93b@group-4670F85F524A-SegmentedRaftLogWorker: safeCacheEvictIndex: setUnconditionally 0 -> -1
2020-07-23 00:54:48,488 [pool-48-thread-1] INFO  server.RaftServerConfigKeys (ConfUtils.java:logGet(44)) - raft.server.snapshot.auto.trigger.enabled = true (custom)
2020-07-23 00:54:48,489 [pool-48-thread-1] INFO  server.RaftServerConfigKeys (ConfUtils.java:logGet(44)) - raft.server.snapshot.auto.trigger.threshold = 10000 (custom)
2020-07-23 00:54:48,489 [pool-48-thread-1] INFO  server.RaftServerConfigKeys (ConfUtils.java:logGet(44)) - raft.server.snapshot.retention.file.num = 5 (custom)
2020-07-23 00:54:48,489 [pool-48-thread-1] INFO  server.RaftServerConfigKeys (ConfUtils.java:logGet(44)) - raft.server.log.purge.upto.snapshot.index = false (default)
2020-07-23 00:54:48,489 [pool-48-thread-1] INFO  server.RaftServerConfigKeys (ConfUtils.java:logGet(44)) - raft.server.retrycache.expirytime = 600000ms (custom)
2020-07-23 00:54:48,489 [pool-48-thread-1] INFO  metrics.RatisMetrics (RatisMetrics.java:lambda$create$0(36)) - Creating Metrics Registry : ratis.leader_election.a59d88ab-138f-4718-b8ed-a326817ad93b@group-4670F85F524A
2020-07-23 00:54:48,489 [pool-48-thread-1] INFO  metrics.RatisMetrics (RatisMetrics.java:lambda$create$0(36)) - Creating Metrics Registry : ratis.server.a59d88ab-138f-4718-b8ed-a326817ad93b@group-4670F85F524A
2020-07-23 00:54:48,490 [pool-48-thread-1] INFO  impl.RaftServerImpl (RaftServerImpl.java:start(196)) - a59d88ab-138f-4718-b8ed-a326817ad93b@group-4670F85F524A: start as a follower, conf=-1: [a59d88ab-138f-4718-b8ed-a326817ad93b:172.17.0.2:38463], old=null
2020-07-23 00:54:48,490 [pool-48-thread-1] INFO  impl.RaftServerImpl (RaftServerImpl.java:setRole(185)) - a59d88ab-138f-4718-b8ed-a326817ad93b@group-4670F85F524A: changes role from      null to FOLLOWER at term 0 for startAsFollower
2020-07-23 00:54:48,491 [pool-48-thread-1] INFO  impl.RoleInfo (RoleInfo.java:updateAndGet(143)) - a59d88ab-138f-4718-b8ed-a326817ad93b: start FollowerState
2020-07-23 00:54:48,497 [pool-48-thread-1] INFO  util.JmxRegister (JmxRegister.java:tryRegister(44)) - Successfully registered JMX Bean with object name Ratis:service=RaftServer,group=group-4670F85F524A,id=a59d88ab-138f-4718-b8ed-a326817ad93b
2020-07-23 00:54:48,505 [pool-48-thread-1] INFO  metrics.RatisMetrics (RatisMetrics.java:lambda$create$0(36)) - Creating Metrics Registry : ratis.state_machine.a59d88ab-138f-4718-b8ed-a326817ad93b@group-4670F85F524A
2020-07-23 00:54:48,506 [Command processor thread] INFO  commandhandler.CreatePipelineCommandHandler (CreatePipelineCommandHandler.java:handle(109)) - Created Pipeline RATIS ONE #id: "be6af4ec-dd46-49df-a7ef-4670f85f524a"
uuid128 {
  mostSigBits: -4725695560810083873
  leastSigBits: -6345775898924461494
}
.
2020-07-23 00:54:48,507 [Command processor thread] INFO  impl.RaftServerProxy (RaftServerProxy.java:addNew(89)) - a59d88ab-138f-4718-b8ed-a326817ad93b: addNew group-35AA55BF6FA1:[3a34a8a7-e5d5-4a3b-a36f-1e1141675d1c:172.17.0.2:35767, 745bebb8-a96d-40a0-9df5-809e56437f40:172.17.0.2:40597, a59d88ab-138f-4718-b8ed-a326817ad93b:172.17.0.2:38463] returns group-35AA55BF6FA1:java.util.concurrent.CompletableFuture@1ef349a4[Not completed]
2020-07-23 00:54:48,507 [pool-48-thread-1] INFO  impl.RaftServerImpl (RaftServerImpl.java:<init>(107)) - a59d88ab-138f-4718-b8ed-a326817ad93b: new RaftServerImpl for group-35AA55BF6FA1:[3a34a8a7-e5d5-4a3b-a36f-1e1141675d1c:172.17.0.2:35767, 745bebb8-a96d-40a0-9df5-809e56437f40:172.17.0.2:40597, a59d88ab-138f-4718-b8ed-a326817ad93b:172.17.0.2:38463] with ContainerStateMachine:uninitialized
2020-07-23 00:54:48,508 [pool-48-thread-1] INFO  server.RaftServerConfigKeys (ConfUtils.java:logGet(44)) - raft.server.rpc.timeout.min = 5s (custom)
2020-07-23 00:54:48,508 [pool-48-thread-1] INFO  server.RaftServerConfigKeys (ConfUtils.java:logGet(44)) - raft.server.rpc.timeout.max = 5200ms (custom)
2020-07-23 00:54:48,508 [pool-48-thread-1] INFO  server.RaftServerConfigKeys (ConfUtils.java:logGet(44)) - raft.server.rpcslowness.timeout = 300s (custom)
2020-07-23 00:54:48,508 [pool-48-thread-1] INFO  server.RaftServerConfigKeys (ConfUtils.java:logGet(44)) - raft.server.sleep.deviation.threshold = 300 (default)
2020-07-23 00:54:48,508 [pool-48-thread-1] INFO  server.RaftServerConfigKeys (ConfUtils.java:logGet(44)) - raft.server.log.appender.install.snapshot.enabled = false (custom)
2020-07-23 00:54:48,508 [pool-48-thread-1] INFO  impl.RaftServerImpl (ServerState.java:<init>(103)) - a59d88ab-138f-4718-b8ed-a326817ad93b@group-35AA55BF6FA1: ConfigurationManager, init=-1: [3a34a8a7-e5d5-4a3b-a36f-1e1141675d1c:172.17.0.2:35767, 745bebb8-a96d-40a0-9df5-809e56437f40:172.17.0.2:40597, a59d88ab-138f-4718-b8ed-a326817ad93b:172.17.0.2:38463], old=null, confs=<EMPTY_MAP>
2020-07-23 00:54:48,508 [pool-48-thread-1] INFO  server.RaftServerConfigKeys (ConfUtils.java:logGet(44)) - raft.server.storage.dir = [/github/workspace/mnt/ozone/hadoop-ozone/integration-test/target/test-dir/MiniOzoneClusterImpl-9dac51b2-5047-4894-9263-2f6317d89c21/datanode-1/data/ratis] (custom)
2020-07-23 00:54:48,508 [pool-48-thread-1] INFO  server.RaftServerConfigKeys (ConfUtils.java:logGet(44)) - raft.server.log.corruption.policy = EXCEPTION (default)
2020-07-23 00:54:48,508 [pool-48-thread-1] INFO  storage.RaftStorageDirectory (RaftStorageDirectory.java:analyzeStorage(261)) - The storage directory /github/workspace/mnt/ozone/hadoop-ozone/integration-test/target/test-dir/MiniOzoneClusterImpl-9dac51b2-5047-4894-9263-2f6317d89c21/datanode-1/data/ratis/834c768f-f0c5-4ca3-8072-35aa55bf6fa1 does not exist. Creating ...
2020-07-23 00:54:48,511 [pool-48-thread-1] INFO  storage.RaftStorageDirectory (RaftStorageDirectory.java:tryLock(343)) - Lock on /github/workspace/mnt/ozone/hadoop-ozone/integration-test/target/test-dir/MiniOzoneClusterImpl-9dac51b2-5047-4894-9263-2f6317d89c21/datanode-1/data/ratis/834c768f-f0c5-4ca3-8072-35aa55bf6fa1/in_use.lock acquired by nodename 34713@6909d8773a62
2020-07-23 00:54:48,513 [pool-48-thread-1] INFO  storage.RaftStorage (RaftStorage.java:format(84)) - Storage directory /github/workspace/mnt/ozone/hadoop-ozone/integration-test/target/test-dir/MiniOzoneClusterImpl-9dac51b2-5047-4894-9263-2f6317d89c21/datanode-1/data/ratis/834c768f-f0c5-4ca3-8072-35aa55bf6fa1 has been successfully formatted.
2020-07-23 00:54:48,513 [pool-48-thread-1] INFO  ratis.ContainerStateMachine (ContainerStateMachine.java:loadSnapshot(225)) - group-35AA55BF6FA1: The snapshot info is null. Setting the last applied indexto:(t:0, i:~)
2020-07-23 00:54:48,513 [pool-48-thread-1] INFO  server.RaftServerConfigKeys (ConfUtils.java:logGet(44)) - raft.server.notification.no-leader.timeout = 300s (custom)
2020-07-23 00:54:48,513 [pool-48-thread-1] INFO  server.RaftServerConfigKeys (ConfUtils.java:logGet(44)) - raft.server.log.use.memory = false (default)
2020-07-23 00:54:48,513 [pool-48-thread-1] INFO  server.RaftServerConfigKeys (ConfUtils.java:logGet(44)) - raft.server.log.purge.gap = 1000000 (custom)
2020-07-23 00:54:48,513 [pool-48-thread-1] INFO  metrics.RatisMetrics (RatisMetrics.java:lambda$create$0(36)) - Creating Metrics Registry : ratis.log_worker.a59d88ab-138f-4718-b8ed-a326817ad93b@group-35AA55BF6FA1
2020-07-23 00:54:48,513 [pool-48-thread-1] INFO  server.RaftServerConfigKeys (ConfUtils.java:logGet(44)) - raft.server.log.appender.buffer.byte-limit = 33554432 (custom)
2020-07-23 00:54:48,513 [pool-48-thread-1] INFO  server.RaftServerConfigKeys (ConfUtils.java:logGet(44)) - raft.server.log.segment.size.max = 1048576 (custom)
2020-07-23 00:54:48,514 [pool-48-thread-1] INFO  server.RaftServerConfigKeys (ConfUtils.java:logGet(44)) - raft.server.log.segment.cache.num.max = 2 (custom)
2020-07-23 00:54:48,514 [pool-48-thread-1] INFO  segmented.SegmentedRaftLogWorker (SegmentedRaftLogWorker.java:<init>(180)) - new a59d88ab-138f-4718-b8ed-a326817ad93b@group-35AA55BF6FA1-SegmentedRaftLogWorker for RaftStorage:Storage Directory /github/workspace/mnt/ozone/hadoop-ozone/integration-test/target/test-dir/MiniOzoneClusterImpl-9dac51b2-5047-4894-9263-2f6317d89c21/datanode-1/data/ratis/834c768f-f0c5-4ca3-8072-35aa55bf6fa1
2020-07-23 00:54:48,514 [pool-48-thread-1] INFO  server.RaftServerConfigKeys (ConfUtils.java:logGet(44)) - raft.server.log.queue.byte-limit = 2147483647 (custom)
2020-07-23 00:54:48,514 [pool-48-thread-1] INFO  server.RaftServerConfigKeys (ConfUtils.java:logGet(44)) - raft.server.log.queue.element-limit = 1024 (custom)
2020-07-23 00:54:48,514 [pool-48-thread-1] INFO  server.RaftServerConfigKeys (ConfUtils.java:logGet(44)) - raft.server.log.segment.size.max = 1048576 (custom)
2020-07-23 00:54:48,514 [pool-48-thread-1] INFO  server.RaftServerConfigKeys (ConfUtils.java:logGet(44)) - raft.server.log.preallocated.size = 16384 (custom)
2020-07-23 00:54:48,514 [pool-48-thread-1] INFO  server.RaftServerConfigKeys (ConfUtils.java:logGet(44)) - raft.server.log.write.buffer.size = 1048576 (custom)
2020-07-23 00:54:48,514 [pool-48-thread-1] INFO  server.RaftServerConfigKeys (ConfUtils.java:logGet(44)) - raft.server.log.force.sync.num = 128 (default)
2020-07-23 00:54:48,514 [pool-48-thread-1] INFO  server.RaftServerConfigKeys (ConfUtils.java:logGet(44)) - raft.server.log.statemachine.data.sync = true (default)
2020-07-23 00:54:48,515 [pool-48-thread-1] INFO  server.RaftServerConfigKeys (ConfUtils.java:logGet(44)) - raft.server.log.statemachine.data.sync.timeout = 10s (default)
2020-07-23 00:54:48,515 [pool-48-thread-1] INFO  server.RaftServerConfigKeys (ConfUtils.java:logGet(44)) - raft.server.log.statemachine.data.sync.timeout.retry = -1 (default)
2020-07-23 00:54:48,516 [pool-48-thread-1] INFO  server.RaftServerConfigKeys (ConfUtils.java:logGet(44)) - raft.server.log.statemachine.data.caching.enabled = true (custom)
2020-07-23 00:54:48,518 [pool-48-thread-1] INFO  segmented.SegmentedRaftLogWorker (SegmentedRaftLogWorker.java:lambda$new$0(129)) - a59d88ab-138f-4718-b8ed-a326817ad93b@group-35AA55BF6FA1-SegmentedRaftLogWorker: flushIndex: setUnconditionally 0 -> -1
2020-07-23 00:54:48,518 [pool-48-thread-1] INFO  segmented.SegmentedRaftLogWorker (SegmentedRaftLogWorker.java:lambda$new$0(129)) - a59d88ab-138f-4718-b8ed-a326817ad93b@group-35AA55BF6FA1-SegmentedRaftLogWorker: safeCacheEvictIndex: setUnconditionally 0 -> -1
2020-07-23 00:54:48,524 [pool-48-thread-1] INFO  server.RaftServerConfigKeys (ConfUtils.java:logGet(44)) - raft.server.snapshot.auto.trigger.enabled = true (custom)
2020-07-23 00:54:48,524 [pool-48-thread-1] INFO  server.RaftServerConfigKeys (ConfUtils.java:logGet(44)) - raft.server.snapshot.auto.trigger.threshold = 10000 (custom)
2020-07-23 00:54:48,525 [pool-48-thread-1] INFO  server.RaftServerConfigKeys (ConfUtils.java:logGet(44)) - raft.server.snapshot.retention.file.num = 5 (custom)
2020-07-23 00:54:48,525 [pool-48-thread-1] INFO  server.RaftServerConfigKeys (ConfUtils.java:logGet(44)) - raft.server.log.purge.upto.snapshot.index = false (default)
2020-07-23 00:54:48,525 [pool-48-thread-1] INFO  server.RaftServerConfigKeys (ConfUtils.java:logGet(44)) - raft.server.retrycache.expirytime = 600000ms (custom)
2020-07-23 00:54:48,525 [pool-48-thread-1] INFO  metrics.RatisMetrics (RatisMetrics.java:lambda$create$0(36)) - Creating Metrics Registry : ratis.leader_election.a59d88ab-138f-4718-b8ed-a326817ad93b@group-35AA55BF6FA1
2020-07-23 00:54:48,525 [pool-48-thread-1] INFO  metrics.RatisMetrics (RatisMetrics.java:lambda$create$0(36)) - Creating Metrics Registry : ratis.server.a59d88ab-138f-4718-b8ed-a326817ad93b@group-35AA55BF6FA1
2020-07-23 00:54:48,526 [pool-48-thread-1] INFO  impl.RaftServerImpl (RaftServerImpl.java:start(196)) - a59d88ab-138f-4718-b8ed-a326817ad93b@group-35AA55BF6FA1: start as a follower, conf=-1: [3a34a8a7-e5d5-4a3b-a36f-1e1141675d1c:172.17.0.2:35767, 745bebb8-a96d-40a0-9df5-809e56437f40:172.17.0.2:40597, a59d88ab-138f-4718-b8ed-a326817ad93b:172.17.0.2:38463], old=null
2020-07-23 00:54:48,526 [pool-48-thread-1] INFO  impl.RaftServerImpl (RaftServerImpl.java:setRole(185)) - a59d88ab-138f-4718-b8ed-a326817ad93b@group-35AA55BF6FA1: changes role from      null to FOLLOWER at term 0 for startAsFollower
2020-07-23 00:54:48,526 [pool-48-thread-1] INFO  impl.RoleInfo (RoleInfo.java:updateAndGet(143)) - a59d88ab-138f-4718-b8ed-a326817ad93b: start FollowerState
2020-07-23 00:54:48,529 [pool-48-thread-1] INFO  util.JmxRegister (JmxRegister.java:tryRegister(44)) - Successfully registered JMX Bean with object name Ratis:service=RaftServer,group=group-35AA55BF6FA1,id=a59d88ab-138f-4718-b8ed-a326817ad93b
2020-07-23 00:54:48,529 [pool-48-thread-1] INFO  metrics.RatisMetrics (RatisMetrics.java:lambda$create$0(36)) - Creating Metrics Registry : ratis.state_machine.a59d88ab-138f-4718-b8ed-a326817ad93b@group-35AA55BF6FA1
2020-07-23 00:54:48,553 [Command processor thread] INFO  impl.RaftServerProxy (RaftServerProxy.java:addNew(89)) - 3a34a8a7-e5d5-4a3b-a36f-1e1141675d1c: addNew group-DC6DB57241DA:[3a34a8a7-e5d5-4a3b-a36f-1e1141675d1c:172.17.0.2:35767] returns group-DC6DB57241DA:java.util.concurrent.CompletableFuture@7f51de3a[Not completed]
2020-07-23 00:54:48,570 [pool-63-thread-1] INFO  impl.RaftServerImpl (RaftServerImpl.java:<init>(107)) - 3a34a8a7-e5d5-4a3b-a36f-1e1141675d1c: new RaftServerImpl for group-DC6DB57241DA:[3a34a8a7-e5d5-4a3b-a36f-1e1141675d1c:172.17.0.2:35767] with ContainerStateMachine:uninitialized
2020-07-23 00:54:48,571 [pool-63-thread-1] INFO  server.RaftServerConfigKeys (ConfUtils.java:logGet(44)) - raft.server.rpc.timeout.min = 5s (custom)
2020-07-23 00:54:48,571 [pool-63-thread-1] INFO  server.RaftServerConfigKeys (ConfUtils.java:logGet(44)) - raft.server.rpc.timeout.max = 5200ms (custom)
2020-07-23 00:54:48,571 [pool-63-thread-1] INFO  server.RaftServerConfigKeys (ConfUtils.java:logGet(44)) - raft.server.rpcslowness.timeout = 300s (custom)
2020-07-23 00:54:48,571 [pool-63-thread-1] INFO  server.RaftServerConfigKeys (ConfUtils.java:logGet(44)) - raft.server.sleep.deviation.threshold = 300 (default)
2020-07-23 00:54:48,571 [pool-63-thread-1] INFO  server.RaftServerConfigKeys (ConfUtils.java:logGet(44)) - raft.server.log.appender.install.snapshot.enabled = false (custom)
2020-07-23 00:54:48,571 [pool-63-thread-1] INFO  impl.RaftServerImpl (ServerState.java:<init>(103)) - 3a34a8a7-e5d5-4a3b-a36f-1e1141675d1c@group-DC6DB57241DA: ConfigurationManager, init=-1: [3a34a8a7-e5d5-4a3b-a36f-1e1141675d1c:172.17.0.2:35767], old=null, confs=<EMPTY_MAP>
2020-07-23 00:54:48,571 [pool-63-thread-1] INFO  server.RaftServerConfigKeys (ConfUtils.java:logGet(44)) - raft.server.storage.dir = [/github/workspace/mnt/ozone/hadoop-ozone/integration-test/target/test-dir/MiniOzoneClusterImpl-9dac51b2-5047-4894-9263-2f6317d89c21/datanode-2/data/ratis] (custom)
2020-07-23 00:54:48,571 [pool-63-thread-1] INFO  server.RaftServerConfigKeys (ConfUtils.java:logGet(44)) - raft.server.log.corruption.policy = EXCEPTION (default)
2020-07-23 00:54:48,571 [pool-63-thread-1] INFO  storage.RaftStorageDirectory (RaftStorageDirectory.java:analyzeStorage(261)) - The storage directory /github/workspace/mnt/ozone/hadoop-ozone/integration-test/target/test-dir/MiniOzoneClusterImpl-9dac51b2-5047-4894-9263-2f6317d89c21/datanode-2/data/ratis/c465719e-8a14-4c58-86ef-dc6db57241da does not exist. Creating ...
2020-07-23 00:54:48,572 [pool-63-thread-1] INFO  storage.RaftStorageDirectory (RaftStorageDirectory.java:tryLock(343)) - Lock on /github/workspace/mnt/ozone/hadoop-ozone/integration-test/target/test-dir/MiniOzoneClusterImpl-9dac51b2-5047-4894-9263-2f6317d89c21/datanode-2/data/ratis/c465719e-8a14-4c58-86ef-dc6db57241da/in_use.lock acquired by nodename 34713@6909d8773a62
2020-07-23 00:54:48,573 [pool-63-thread-1] INFO  storage.RaftStorage (RaftStorage.java:format(84)) - Storage directory /github/workspace/mnt/ozone/hadoop-ozone/integration-test/target/test-dir/MiniOzoneClusterImpl-9dac51b2-5047-4894-9263-2f6317d89c21/datanode-2/data/ratis/c465719e-8a14-4c58-86ef-dc6db57241da has been successfully formatted.
2020-07-23 00:54:48,573 [pool-63-thread-1] INFO  ratis.ContainerStateMachine (ContainerStateMachine.java:loadSnapshot(225)) - group-DC6DB57241DA: The snapshot info is null. Setting the last applied indexto:(t:0, i:~)
2020-07-23 00:54:48,573 [pool-63-thread-1] INFO  server.RaftServerConfigKeys (ConfUtils.java:logGet(44)) - raft.server.notification.no-leader.timeout = 300s (custom)
2020-07-23 00:54:48,573 [pool-63-thread-1] INFO  server.RaftServerConfigKeys (ConfUtils.java:logGet(44)) - raft.server.log.use.memory = false (default)
2020-07-23 00:54:48,573 [pool-63-thread-1] INFO  server.RaftServerConfigKeys (ConfUtils.java:logGet(44)) - raft.server.log.purge.gap = 1000000 (custom)
2020-07-23 00:54:48,573 [pool-63-thread-1] INFO  metrics.RatisMetrics (RatisMetrics.java:lambda$create$0(36)) - Creating Metrics Registry : ratis.log_worker.3a34a8a7-e5d5-4a3b-a36f-1e1141675d1c@group-DC6DB57241DA
2020-07-23 00:54:48,574 [pool-63-thread-1] INFO  server.RaftServerConfigKeys (ConfUtils.java:logGet(44)) - raft.server.log.appender.buffer.byte-limit = 33554432 (custom)
2020-07-23 00:54:48,574 [pool-63-thread-1] INFO  server.RaftServerConfigKeys (ConfUtils.java:logGet(44)) - raft.server.log.segment.size.max = 1048576 (custom)
2020-07-23 00:54:48,574 [pool-63-thread-1] INFO  server.RaftServerConfigKeys (ConfUtils.java:logGet(44)) - raft.server.log.segment.cache.num.max = 2 (custom)
2020-07-23 00:54:48,574 [pool-63-thread-1] INFO  segmented.SegmentedRaftLogWorker (SegmentedRaftLogWorker.java:<init>(180)) - new 3a34a8a7-e5d5-4a3b-a36f-1e1141675d1c@group-DC6DB57241DA-SegmentedRaftLogWorker for RaftStorage:Storage Directory /github/workspace/mnt/ozone/hadoop-ozone/integration-test/target/test-dir/MiniOzoneClusterImpl-9dac51b2-5047-4894-9263-2f6317d89c21/datanode-2/data/ratis/c465719e-8a14-4c58-86ef-dc6db57241da
2020-07-23 00:54:48,574 [pool-63-thread-1] INFO  server.RaftServerConfigKeys (ConfUtils.java:logGet(44)) - raft.server.log.queue.byte-limit = 2147483647 (custom)
2020-07-23 00:54:48,574 [pool-63-thread-1] INFO  server.RaftServerConfigKeys (ConfUtils.java:logGet(44)) - raft.server.log.queue.element-limit = 1024 (custom)
2020-07-23 00:54:48,574 [pool-63-thread-1] INFO  server.RaftServerConfigKeys (ConfUtils.java:logGet(44)) - raft.server.log.segment.size.max = 1048576 (custom)
2020-07-23 00:54:48,574 [pool-63-thread-1] INFO  server.RaftServerConfigKeys (ConfUtils.java:logGet(44)) - raft.server.log.preallocated.size = 16384 (custom)
2020-07-23 00:54:48,574 [pool-63-thread-1] INFO  server.RaftServerConfigKeys (ConfUtils.java:logGet(44)) - raft.server.log.write.buffer.size = 1048576 (custom)
2020-07-23 00:54:48,575 [pool-63-thread-1] INFO  server.RaftServerConfigKeys (ConfUtils.java:logGet(44)) - raft.server.log.force.sync.num = 128 (default)
2020-07-23 00:54:48,575 [pool-63-thread-1] INFO  server.RaftServerConfigKeys (ConfUtils.java:logGet(44)) - raft.server.log.statemachine.data.sync = true (default)
2020-07-23 00:54:48,575 [pool-63-thread-1] INFO  server.RaftServerConfigKeys (ConfUtils.java:logGet(44)) - raft.server.log.statemachine.data.sync.timeout = 10s (default)
2020-07-23 00:54:48,575 [pool-63-thread-1] INFO  server.RaftServerConfigKeys (ConfUtils.java:logGet(44)) - raft.server.log.statemachine.data.sync.timeout.retry = -1 (default)
2020-07-23 00:54:48,576 [pool-63-thread-1] INFO  server.RaftServerConfigKeys (ConfUtils.java:logGet(44)) - raft.server.log.statemachine.data.caching.enabled = true (custom)
2020-07-23 00:54:48,576 [pool-63-thread-1] INFO  segmented.SegmentedRaftLogWorker (SegmentedRaftLogWorker.java:lambda$new$0(129)) - 3a34a8a7-e5d5-4a3b-a36f-1e1141675d1c@group-DC6DB57241DA-SegmentedRaftLogWorker: flushIndex: setUnconditionally 0 -> -1
2020-07-23 00:54:48,585 [EventQueue-PipelineReportForPipelineReportHandler] INFO  pipeline.PipelineStateManager (PipelineStateManager.java:openPipeline(131)) - Pipeline Pipeline[ Id: c465719e-8a14-4c58-86ef-dc6db57241da, Nodes: 3a34a8a7-e5d5-4a3b-a36f-1e1141675d1c{ip: 172.17.0.2, host: 6909d8773a62, networkLocation: /default-rack, certSerialId: null}, Type:RATIS, Factor:ONE, State:ALLOCATED, leaderId:3a34a8a7-e5d5-4a3b-a36f-1e1141675d1c, CreationTimestamp2020-07-23T00:54:45.547Z] moved to OPEN state
2020-07-23 00:54:48,586 [pool-63-thread-1] INFO  segmented.SegmentedRaftLogWorker (SegmentedRaftLogWorker.java:lambda$new$0(129)) - 3a34a8a7-e5d5-4a3b-a36f-1e1141675d1c@group-DC6DB57241DA-SegmentedRaftLogWorker: safeCacheEvictIndex: setUnconditionally 0 -> -1
2020-07-23 00:54:48,586 [EventQueue-OpenPipelineForOneReplicaPipelineSafeModeRule] INFO  safemode.SCMSafeModeManager (SCMSafeModeManager.java:validateSafeModeExitRules(214)) - AtleastOneDatanodeReportedRule rule is successfully validated
2020-07-23 00:54:48,586 [EventQueue-OpenPipelineForHealthyPipelineSafeModeRule] INFO  safemode.SCMSafeModeManager (HealthyPipelineSafeModeRule.java:process(129)) - SCM in safe mode. Healthy pipelines reported count is 0, required healthy pipeline reported count is 1
2020-07-23 00:54:48,594 [pool-63-thread-1] INFO  server.RaftServerConfigKeys (ConfUtils.java:logGet(44)) - raft.server.snapshot.auto.trigger.enabled = true (custom)
2020-07-23 00:54:48,594 [pool-63-thread-1] INFO  server.RaftServerConfigKeys (ConfUtils.java:logGet(44)) - raft.server.snapshot.auto.trigger.threshold = 10000 (custom)
2020-07-23 00:54:48,594 [pool-63-thread-1] INFO  server.RaftServerConfigKeys (ConfUtils.java:logGet(44)) - raft.server.snapshot.retention.file.num = 5 (custom)
2020-07-23 00:54:48,594 [pool-63-thread-1] INFO  server.RaftServerConfigKeys (ConfUtils.java:logGet(44)) - raft.server.log.purge.upto.snapshot.index = false (default)
2020-07-23 00:54:48,594 [pool-63-thread-1] INFO  server.RaftServerConfigKeys (ConfUtils.java:logGet(44)) - raft.server.retrycache.expirytime = 600000ms (custom)
2020-07-23 00:54:48,594 [pool-63-thread-1] INFO  metrics.RatisMetrics (RatisMetrics.java:lambda$create$0(36)) - Creating Metrics Registry : ratis.leader_election.3a34a8a7-e5d5-4a3b-a36f-1e1141675d1c@group-DC6DB57241DA
2020-07-23 00:54:48,595 [pool-63-thread-1] INFO  metrics.RatisMetrics (RatisMetrics.java:lambda$create$0(36)) - Creating Metrics Registry : ratis.server.3a34a8a7-e5d5-4a3b-a36f-1e1141675d1c@group-DC6DB57241DA
2020-07-23 00:54:48,597 [pool-63-thread-1] INFO  impl.RaftServerImpl (RaftServerImpl.java:start(196)) - 3a34a8a7-e5d5-4a3b-a36f-1e1141675d1c@group-DC6DB57241DA: start as a follower, conf=-1: [3a34a8a7-e5d5-4a3b-a36f-1e1141675d1c:172.17.0.2:35767], old=null
2020-07-23 00:54:48,597 [pool-63-thread-1] INFO  impl.RaftServerImpl (RaftServerImpl.java:setRole(185)) - 3a34a8a7-e5d5-4a3b-a36f-1e1141675d1c@group-DC6DB57241DA: changes role from      null to FOLLOWER at term 0 for startAsFollower
2020-07-23 00:54:48,597 [pool-63-thread-1] INFO  impl.RoleInfo (RoleInfo.java:updateAndGet(143)) - 3a34a8a7-e5d5-4a3b-a36f-1e1141675d1c: start FollowerState
2020-07-23 00:54:48,597 [pool-63-thread-1] INFO  util.JmxRegister (JmxRegister.java:tryRegister(44)) - Successfully registered JMX Bean with object name Ratis:service=RaftServer,group=group-DC6DB57241DA,id=3a34a8a7-e5d5-4a3b-a36f-1e1141675d1c
2020-07-23 00:54:48,597 [pool-63-thread-1] INFO  metrics.RatisMetrics (RatisMetrics.java:lambda$create$0(36)) - Creating Metrics Registry : ratis.state_machine.3a34a8a7-e5d5-4a3b-a36f-1e1141675d1c@group-DC6DB57241DA
2020-07-23 00:54:48,598 [Command processor thread] INFO  commandhandler.CreatePipelineCommandHandler (CreatePipelineCommandHandler.java:handle(109)) - Created Pipeline RATIS ONE #id: "c465719e-8a14-4c58-86ef-dc6db57241da"
uuid128 {
  mostSigBits: -4294901743892542376
  leastSigBits: -8723511589439651366
}
.
2020-07-23 00:54:48,598 [Command processor thread] INFO  impl.RaftServerProxy (RaftServerProxy.java:addNew(89)) - 3a34a8a7-e5d5-4a3b-a36f-1e1141675d1c: addNew group-35AA55BF6FA1:[3a34a8a7-e5d5-4a3b-a36f-1e1141675d1c:172.17.0.2:35767, 745bebb8-a96d-40a0-9df5-809e56437f40:172.17.0.2:40597, a59d88ab-138f-4718-b8ed-a326817ad93b:172.17.0.2:38463] returns group-35AA55BF6FA1:java.util.concurrent.CompletableFuture@7b6e5508[Not completed]
2020-07-23 00:54:48,599 [pool-63-thread-1] INFO  impl.RaftServerImpl (RaftServerImpl.java:<init>(107)) - 3a34a8a7-e5d5-4a3b-a36f-1e1141675d1c: new RaftServerImpl for group-35AA55BF6FA1:[3a34a8a7-e5d5-4a3b-a36f-1e1141675d1c:172.17.0.2:35767, 745bebb8-a96d-40a0-9df5-809e56437f40:172.17.0.2:40597, a59d88ab-138f-4718-b8ed-a326817ad93b:172.17.0.2:38463] with ContainerStateMachine:uninitialized
2020-07-23 00:54:48,599 [pool-63-thread-1] INFO  server.RaftServerConfigKeys (ConfUtils.java:logGet(44)) - raft.server.rpc.timeout.min = 5s (custom)
2020-07-23 00:54:48,599 [pool-63-thread-1] INFO  server.RaftServerConfigKeys (ConfUtils.java:logGet(44)) - raft.server.rpc.timeout.max = 5200ms (custom)
2020-07-23 00:54:48,599 [pool-63-thread-1] INFO  server.RaftServerConfigKeys (ConfUtils.java:logGet(44)) - raft.server.rpcslowness.timeout = 300s (custom)
2020-07-23 00:54:48,599 [pool-63-thread-1] INFO  server.RaftServerConfigKeys (ConfUtils.java:logGet(44)) - raft.server.sleep.deviation.threshold = 300 (default)
2020-07-23 00:54:48,600 [pool-63-thread-1] INFO  server.RaftServerConfigKeys (ConfUtils.java:logGet(44)) - raft.server.log.appender.install.snapshot.enabled = false (custom)
2020-07-23 00:54:48,600 [pool-63-thread-1] INFO  impl.RaftServerImpl (ServerState.java:<init>(103)) - 3a34a8a7-e5d5-4a3b-a36f-1e1141675d1c@group-35AA55BF6FA1: ConfigurationManager, init=-1: [3a34a8a7-e5d5-4a3b-a36f-1e1141675d1c:172.17.0.2:35767, 745bebb8-a96d-40a0-9df5-809e56437f40:172.17.0.2:40597, a59d88ab-138f-4718-b8ed-a326817ad93b:172.17.0.2:38463], old=null, confs=<EMPTY_MAP>
2020-07-23 00:54:48,600 [pool-63-thread-1] INFO  server.RaftServerConfigKeys (ConfUtils.java:logGet(44)) - raft.server.storage.dir = [/github/workspace/mnt/ozone/hadoop-ozone/integration-test/target/test-dir/MiniOzoneClusterImpl-9dac51b2-5047-4894-9263-2f6317d89c21/datanode-2/data/ratis] (custom)
2020-07-23 00:54:48,600 [pool-63-thread-1] INFO  server.RaftServerConfigKeys (ConfUtils.java:logGet(44)) - raft.server.log.corruption.policy = EXCEPTION (default)
2020-07-23 00:54:48,600 [pool-63-thread-1] INFO  storage.RaftStorageDirectory (RaftStorageDirectory.java:analyzeStorage(261)) - The storage directory /github/workspace/mnt/ozone/hadoop-ozone/integration-test/target/test-dir/MiniOzoneClusterImpl-9dac51b2-5047-4894-9263-2f6317d89c21/datanode-2/data/ratis/834c768f-f0c5-4ca3-8072-35aa55bf6fa1 does not exist. Creating ...
2020-07-23 00:54:48,601 [pool-63-thread-1] INFO  storage.RaftStorageDirectory (RaftStorageDirectory.java:tryLock(343)) - Lock on /github/workspace/mnt/ozone/hadoop-ozone/integration-test/target/test-dir/MiniOzoneClusterImpl-9dac51b2-5047-4894-9263-2f6317d89c21/datanode-2/data/ratis/834c768f-f0c5-4ca3-8072-35aa55bf6fa1/in_use.lock acquired by nodename 34713@6909d8773a62
2020-07-23 00:54:48,602 [pool-63-thread-1] INFO  storage.RaftStorage (RaftStorage.java:format(84)) - Storage directory /github/workspace/mnt/ozone/hadoop-ozone/integration-test/target/test-dir/MiniOzoneClusterImpl-9dac51b2-5047-4894-9263-2f6317d89c21/datanode-2/data/ratis/834c768f-f0c5-4ca3-8072-35aa55bf6fa1 has been successfully formatted.
2020-07-23 00:54:48,602 [pool-63-thread-1] INFO  ratis.ContainerStateMachine (ContainerStateMachine.java:loadSnapshot(225)) - group-35AA55BF6FA1: The snapshot info is null. Setting the last applied indexto:(t:0, i:~)
2020-07-23 00:54:48,603 [pool-63-thread-1] INFO  server.RaftServerConfigKeys (ConfUtils.java:logGet(44)) - raft.server.notification.no-leader.timeout = 300s (custom)
2020-07-23 00:54:48,604 [pool-63-thread-1] INFO  server.RaftServerConfigKeys (ConfUtils.java:logGet(44)) - raft.server.log.use.memory = false (default)
2020-07-23 00:54:48,604 [pool-63-thread-1] INFO  server.RaftServerConfigKeys (ConfUtils.java:logGet(44)) - raft.server.log.purge.gap = 1000000 (custom)
2020-07-23 00:54:48,604 [pool-63-thread-1] INFO  metrics.RatisMetrics (RatisMetrics.java:lambda$create$0(36)) - Creating Metrics Registry : ratis.log_worker.3a34a8a7-e5d5-4a3b-a36f-1e1141675d1c@group-35AA55BF6FA1
2020-07-23 00:54:48,613 [pool-63-thread-1] INFO  server.RaftServerConfigKeys (ConfUtils.java:logGet(44)) - raft.server.log.appender.buffer.byte-limit = 33554432 (custom)
2020-07-23 00:54:48,613 [pool-63-thread-1] INFO  server.RaftServerConfigKeys (ConfUtils.java:logGet(44)) - raft.server.log.segment.size.max = 1048576 (custom)
2020-07-23 00:54:48,613 [pool-63-thread-1] INFO  server.RaftServerConfigKeys (ConfUtils.java:logGet(44)) - raft.server.log.segment.cache.num.max = 2 (custom)
2020-07-23 00:54:48,613 [pool-63-thread-1] INFO  segmented.SegmentedRaftLogWorker (SegmentedRaftLogWorker.java:<init>(180)) - new 3a34a8a7-e5d5-4a3b-a36f-1e1141675d1c@group-35AA55BF6FA1-SegmentedRaftLogWorker for RaftStorage:Storage Directory /github/workspace/mnt/ozone/hadoop-ozone/integration-test/target/test-dir/MiniOzoneClusterImpl-9dac51b2-5047-4894-9263-2f6317d89c21/datanode-2/data/ratis/834c768f-f0c5-4ca3-8072-35aa55bf6fa1
2020-07-23 00:54:48,614 [pool-63-thread-1] INFO  server.RaftServerConfigKeys (ConfUtils.java:logGet(44)) - raft.server.log.queue.byte-limit = 2147483647 (custom)
2020-07-23 00:54:48,614 [pool-63-thread-1] INFO  server.RaftServerConfigKeys (ConfUtils.java:logGet(44)) - raft.server.log.queue.element-limit = 1024 (custom)
2020-07-23 00:54:48,614 [pool-63-thread-1] INFO  server.RaftServerConfigKeys (ConfUtils.java:logGet(44)) - raft.server.log.segment.size.max = 1048576 (custom)
2020-07-23 00:54:48,614 [pool-63-thread-1] INFO  server.RaftServerConfigKeys (ConfUtils.java:logGet(44)) - raft.server.log.preallocated.size = 16384 (custom)
2020-07-23 00:54:48,614 [pool-63-thread-1] INFO  server.RaftServerConfigKeys (ConfUtils.java:logGet(44)) - raft.server.log.write.buffer.size = 1048576 (custom)
2020-07-23 00:54:48,614 [pool-63-thread-1] INFO  server.RaftServerConfigKeys (ConfUtils.java:logGet(44)) - raft.server.log.force.sync.num = 128 (default)
2020-07-23 00:54:48,614 [pool-63-thread-1] INFO  server.RaftServerConfigKeys (ConfUtils.java:logGet(44)) - raft.server.log.statemachine.data.sync = true (default)
2020-07-23 00:54:48,614 [pool-63-thread-1] INFO  server.RaftServerConfigKeys (ConfUtils.java:logGet(44)) - raft.server.log.statemachine.data.sync.timeout = 10s (default)
2020-07-23 00:54:48,620 [pool-63-thread-1] INFO  server.RaftServerConfigKeys (ConfUtils.java:logGet(44)) - raft.server.log.statemachine.data.sync.timeout.retry = -1 (default)
2020-07-23 00:54:48,621 [pool-63-thread-1] INFO  server.RaftServerConfigKeys (ConfUtils.java:logGet(44)) - raft.server.log.statemachine.data.caching.enabled = true (custom)
2020-07-23 00:54:48,622 [pool-63-thread-1] INFO  segmented.SegmentedRaftLogWorker (SegmentedRaftLogWorker.java:lambda$new$0(129)) - 3a34a8a7-e5d5-4a3b-a36f-1e1141675d1c@group-35AA55BF6FA1-SegmentedRaftLogWorker: flushIndex: setUnconditionally 0 -> -1
2020-07-23 00:54:48,622 [pool-63-thread-1] INFO  segmented.SegmentedRaftLogWorker (SegmentedRaftLogWorker.java:lambda$new$0(129)) - 3a34a8a7-e5d5-4a3b-a36f-1e1141675d1c@group-35AA55BF6FA1-SegmentedRaftLogWorker: safeCacheEvictIndex: setUnconditionally 0 -> -1
2020-07-23 00:54:48,626 [pool-63-thread-1] INFO  server.RaftServerConfigKeys (ConfUtils.java:logGet(44)) - raft.server.snapshot.auto.trigger.enabled = true (custom)
2020-07-23 00:54:48,626 [pool-63-thread-1] INFO  server.RaftServerConfigKeys (ConfUtils.java:logGet(44)) - raft.server.snapshot.auto.trigger.threshold = 10000 (custom)
2020-07-23 00:54:48,626 [pool-63-thread-1] INFO  server.RaftServerConfigKeys (ConfUtils.java:logGet(44)) - raft.server.snapshot.retention.file.num = 5 (custom)
2020-07-23 00:54:48,626 [pool-63-thread-1] INFO  server.RaftServerConfigKeys (ConfUtils.java:logGet(44)) - raft.server.log.purge.upto.snapshot.index = false (default)
2020-07-23 00:54:48,631 [pool-63-thread-1] INFO  server.RaftServerConfigKeys (ConfUtils.java:logGet(44)) - raft.server.retrycache.expirytime = 600000ms (custom)
2020-07-23 00:54:48,631 [pool-63-thread-1] INFO  metrics.RatisMetrics (RatisMetrics.java:lambda$create$0(36)) - Creating Metrics Registry : ratis.leader_election.3a34a8a7-e5d5-4a3b-a36f-1e1141675d1c@group-35AA55BF6FA1
2020-07-23 00:54:48,632 [pool-63-thread-1] INFO  metrics.RatisMetrics (RatisMetrics.java:lambda$create$0(36)) - Creating Metrics Registry : ratis.server.3a34a8a7-e5d5-4a3b-a36f-1e1141675d1c@group-35AA55BF6FA1
2020-07-23 00:54:48,635 [pool-63-thread-1] INFO  impl.RaftServerImpl (RaftServerImpl.java:start(196)) - 3a34a8a7-e5d5-4a3b-a36f-1e1141675d1c@group-35AA55BF6FA1: start as a follower, conf=-1: [3a34a8a7-e5d5-4a3b-a36f-1e1141675d1c:172.17.0.2:35767, 745bebb8-a96d-40a0-9df5-809e56437f40:172.17.0.2:40597, a59d88ab-138f-4718-b8ed-a326817ad93b:172.17.0.2:38463], old=null
2020-07-23 00:54:48,635 [pool-63-thread-1] INFO  impl.RaftServerImpl (RaftServerImpl.java:setRole(185)) - 3a34a8a7-e5d5-4a3b-a36f-1e1141675d1c@group-35AA55BF6FA1: changes role from      null to FOLLOWER at term 0 for startAsFollower
2020-07-23 00:54:48,635 [pool-63-thread-1] INFO  impl.RoleInfo (RoleInfo.java:updateAndGet(143)) - 3a34a8a7-e5d5-4a3b-a36f-1e1141675d1c: start FollowerState
2020-07-23 00:54:48,639 [pool-63-thread-1] INFO  util.JmxRegister (JmxRegister.java:tryRegister(44)) - Successfully registered JMX Bean with object name Ratis:service=RaftServer,group=group-35AA55BF6FA1,id=3a34a8a7-e5d5-4a3b-a36f-1e1141675d1c
2020-07-23 00:54:48,639 [pool-63-thread-1] INFO  metrics.RatisMetrics (RatisMetrics.java:lambda$create$0(36)) - Creating Metrics Registry : ratis.state_machine.3a34a8a7-e5d5-4a3b-a36f-1e1141675d1c@group-35AA55BF6FA1
2020-07-23 00:54:48,677 [Command processor thread] INFO  impl.RaftServerProxy (RaftServerProxy.java:addNew(89)) - 4e15fd63-2a96-4f95-8adf-0d310758cb63: addNew group-06630CCB7588:[4e15fd63-2a96-4f95-8adf-0d310758cb63:172.17.0.2:34239] returns group-06630CCB7588:java.util.concurrent.CompletableFuture@747deffc[Not completed]
2020-07-23 00:54:48,693 [pool-78-thread-1] INFO  impl.RaftServerImpl (RaftServerImpl.java:<init>(107)) - 4e15fd63-2a96-4f95-8adf-0d310758cb63: new RaftServerImpl for group-06630CCB7588:[4e15fd63-2a96-4f95-8adf-0d310758cb63:172.17.0.2:34239] with ContainerStateMachine:uninitialized
2020-07-23 00:54:48,698 [pool-78-thread-1] INFO  server.RaftServerConfigKeys (ConfUtils.java:logGet(44)) - raft.server.rpc.timeout.min = 5s (custom)
2020-07-23 00:54:48,698 [pool-78-thread-1] INFO  server.RaftServerConfigKeys (ConfUtils.java:logGet(44)) - raft.server.rpc.timeout.max = 5200ms (custom)
2020-07-23 00:54:48,698 [pool-78-thread-1] INFO  server.RaftServerConfigKeys (ConfUtils.java:logGet(44)) - raft.server.rpcslowness.timeout = 300s (custom)
2020-07-23 00:54:48,698 [pool-78-thread-1] INFO  server.RaftServerConfigKeys (ConfUtils.java:logGet(44)) - raft.server.sleep.deviation.threshold = 300 (default)
2020-07-23 00:54:48,698 [pool-78-thread-1] INFO  server.RaftServerConfigKeys (ConfUtils.java:logGet(44)) - raft.server.log.appender.install.snapshot.enabled = false (custom)
2020-07-23 00:54:48,698 [pool-78-thread-1] INFO  impl.RaftServerImpl (ServerState.java:<init>(103)) - 4e15fd63-2a96-4f95-8adf-0d310758cb63@group-06630CCB7588: ConfigurationManager, init=-1: [4e15fd63-2a96-4f95-8adf-0d310758cb63:172.17.0.2:34239], old=null, confs=<EMPTY_MAP>
2020-07-23 00:54:48,699 [pool-78-thread-1] INFO  server.RaftServerConfigKeys (ConfUtils.java:logGet(44)) - raft.server.storage.dir = [/github/workspace/mnt/ozone/hadoop-ozone/integration-test/target/test-dir/MiniOzoneClusterImpl-9dac51b2-5047-4894-9263-2f6317d89c21/datanode-3/data/ratis] (custom)
2020-07-23 00:54:48,699 [pool-78-thread-1] INFO  server.RaftServerConfigKeys (ConfUtils.java:logGet(44)) - raft.server.log.corruption.policy = EXCEPTION (default)
2020-07-23 00:54:48,701 [pool-78-thread-1] INFO  storage.RaftStorageDirectory (RaftStorageDirectory.java:analyzeStorage(261)) - The storage directory /github/workspace/mnt/ozone/hadoop-ozone/integration-test/target/test-dir/MiniOzoneClusterImpl-9dac51b2-5047-4894-9263-2f6317d89c21/datanode-3/data/ratis/c801e4df-dd63-42c5-b52a-06630ccb7588 does not exist. Creating ...
2020-07-23 00:54:48,702 [pool-78-thread-1] INFO  storage.RaftStorageDirectory (RaftStorageDirectory.java:tryLock(343)) - Lock on /github/workspace/mnt/ozone/hadoop-ozone/integration-test/target/test-dir/MiniOzoneClusterImpl-9dac51b2-5047-4894-9263-2f6317d89c21/datanode-3/data/ratis/c801e4df-dd63-42c5-b52a-06630ccb7588/in_use.lock acquired by nodename 34713@6909d8773a62
2020-07-23 00:54:48,711 [pool-78-thread-1] INFO  storage.RaftStorage (RaftStorage.java:format(84)) - Storage directory /github/workspace/mnt/ozone/hadoop-ozone/integration-test/target/test-dir/MiniOzoneClusterImpl-9dac51b2-5047-4894-9263-2f6317d89c21/datanode-3/data/ratis/c801e4df-dd63-42c5-b52a-06630ccb7588 has been successfully formatted.
2020-07-23 00:54:48,713 [pool-78-thread-1] INFO  ratis.ContainerStateMachine (ContainerStateMachine.java:loadSnapshot(225)) - group-06630CCB7588: The snapshot info is null. Setting the last applied indexto:(t:0, i:~)
2020-07-23 00:54:48,714 [EventQueue-PipelineReportForPipelineReportHandler] INFO  pipeline.PipelineStateManager (PipelineStateManager.java:openPipeline(131)) - Pipeline Pipeline[ Id: c801e4df-dd63-42c5-b52a-06630ccb7588, Nodes: 4e15fd63-2a96-4f95-8adf-0d310758cb63{ip: 172.17.0.2, host: 6909d8773a62, networkLocation: /default-rack, certSerialId: null}, Type:RATIS, Factor:ONE, State:ALLOCATED, leaderId:4e15fd63-2a96-4f95-8adf-0d310758cb63, CreationTimestamp2020-07-23T00:54:45.678Z] moved to OPEN state
2020-07-23 00:54:48,714 [pool-78-thread-1] INFO  server.RaftServerConfigKeys (ConfUtils.java:logGet(44)) - raft.server.notification.no-leader.timeout = 300s (custom)
2020-07-23 00:54:48,714 [pool-78-thread-1] INFO  server.RaftServerConfigKeys (ConfUtils.java:logGet(44)) - raft.server.log.use.memory = false (default)
2020-07-23 00:54:48,714 [pool-78-thread-1] INFO  server.RaftServerConfigKeys (ConfUtils.java:logGet(44)) - raft.server.log.purge.gap = 1000000 (custom)
2020-07-23 00:54:48,714 [pool-78-thread-1] INFO  metrics.RatisMetrics (RatisMetrics.java:lambda$create$0(36)) - Creating Metrics Registry : ratis.log_worker.4e15fd63-2a96-4f95-8adf-0d310758cb63@group-06630CCB7588
2020-07-23 00:54:48,714 [EventQueue-OpenPipelineForOneReplicaPipelineSafeModeRule] INFO  safemode.SCMSafeModeManager (SCMSafeModeManager.java:validateSafeModeExitRules(214)) - AtleastOneDatanodeReportedRule rule is successfully validated
2020-07-23 00:54:48,715 [EventQueue-OpenPipelineForHealthyPipelineSafeModeRule] INFO  safemode.SCMSafeModeManager (HealthyPipelineSafeModeRule.java:process(129)) - SCM in safe mode. Healthy pipelines reported count is 0, required healthy pipeline reported count is 1
2020-07-23 00:54:48,715 [pool-78-thread-1] INFO  server.RaftServerConfigKeys (ConfUtils.java:logGet(44)) - raft.server.log.appender.buffer.byte-limit = 33554432 (custom)
2020-07-23 00:54:48,715 [pool-78-thread-1] INFO  server.RaftServerConfigKeys (ConfUtils.java:logGet(44)) - raft.server.log.segment.size.max = 1048576 (custom)
2020-07-23 00:54:48,715 [pool-78-thread-1] INFO  server.RaftServerConfigKeys (ConfUtils.java:logGet(44)) - raft.server.log.segment.cache.num.max = 2 (custom)
2020-07-23 00:54:48,715 [pool-78-thread-1] INFO  segmented.SegmentedRaftLogWorker (SegmentedRaftLogWorker.java:<init>(180)) - new 4e15fd63-2a96-4f95-8adf-0d310758cb63@group-06630CCB7588-SegmentedRaftLogWorker for RaftStorage:Storage Directory /github/workspace/mnt/ozone/hadoop-ozone/integration-test/target/test-dir/MiniOzoneClusterImpl-9dac51b2-5047-4894-9263-2f6317d89c21/datanode-3/data/ratis/c801e4df-dd63-42c5-b52a-06630ccb7588
2020-07-23 00:54:48,715 [pool-78-thread-1] INFO  server.RaftServerConfigKeys (ConfUtils.java:logGet(44)) - raft.server.log.queue.byte-limit = 2147483647 (custom)
2020-07-23 00:54:48,716 [pool-78-thread-1] INFO  server.RaftServerConfigKeys (ConfUtils.java:logGet(44)) - raft.server.log.queue.element-limit = 1024 (custom)
2020-07-23 00:54:48,716 [pool-78-thread-1] INFO  server.RaftServerConfigKeys (ConfUtils.java:logGet(44)) - raft.server.log.segment.size.max = 1048576 (custom)
2020-07-23 00:54:48,716 [pool-78-thread-1] INFO  server.RaftServerConfigKeys (ConfUtils.java:logGet(44)) - raft.server.log.preallocated.size = 16384 (custom)
2020-07-23 00:54:48,716 [pool-78-thread-1] INFO  server.RaftServerConfigKeys (ConfUtils.java:logGet(44)) - raft.server.log.write.buffer.size = 1048576 (custom)
2020-07-23 00:54:48,716 [pool-78-thread-1] INFO  server.RaftServerConfigKeys (ConfUtils.java:logGet(44)) - raft.server.log.force.sync.num = 128 (default)
2020-07-23 00:54:48,716 [pool-78-thread-1] INFO  server.RaftServerConfigKeys (ConfUtils.java:logGet(44)) - raft.server.log.statemachine.data.sync = true (default)
2020-07-23 00:54:48,716 [pool-78-thread-1] INFO  server.RaftServerConfigKeys (ConfUtils.java:logGet(44)) - raft.server.log.statemachine.data.sync.timeout = 10s (default)
2020-07-23 00:54:48,716 [pool-78-thread-1] INFO  server.RaftServerConfigKeys (ConfUtils.java:logGet(44)) - raft.server.log.statemachine.data.sync.timeout.retry = -1 (default)
2020-07-23 00:54:48,718 [pool-78-thread-1] INFO  server.RaftServerConfigKeys (ConfUtils.java:logGet(44)) - raft.server.log.statemachine.data.caching.enabled = true (custom)
2020-07-23 00:54:48,724 [pool-78-thread-1] INFO  segmented.SegmentedRaftLogWorker (SegmentedRaftLogWorker.java:lambda$new$0(129)) - 4e15fd63-2a96-4f95-8adf-0d310758cb63@group-06630CCB7588-SegmentedRaftLogWorker: flushIndex: setUnconditionally 0 -> -1
2020-07-23 00:54:48,725 [pool-78-thread-1] INFO  segmented.SegmentedRaftLogWorker (SegmentedRaftLogWorker.java:lambda$new$0(129)) - 4e15fd63-2a96-4f95-8adf-0d310758cb63@group-06630CCB7588-SegmentedRaftLogWorker: safeCacheEvictIndex: setUnconditionally 0 -> -1
2020-07-23 00:54:48,728 [pool-78-thread-1] INFO  server.RaftServerConfigKeys (ConfUtils.java:logGet(44)) - raft.server.snapshot.auto.trigger.enabled = true (custom)
2020-07-23 00:54:48,728 [pool-78-thread-1] INFO  server.RaftServerConfigKeys (ConfUtils.java:logGet(44)) - raft.server.snapshot.auto.trigger.threshold = 10000 (custom)
2020-07-23 00:54:48,729 [pool-78-thread-1] INFO  server.RaftServerConfigKeys (ConfUtils.java:logGet(44)) - raft.server.snapshot.retention.file.num = 5 (custom)
2020-07-23 00:54:48,729 [pool-78-thread-1] INFO  server.RaftServerConfigKeys (ConfUtils.java:logGet(44)) - raft.server.log.purge.upto.snapshot.index = false (default)
2020-07-23 00:54:48,729 [pool-78-thread-1] INFO  server.RaftServerConfigKeys (ConfUtils.java:logGet(44)) - raft.server.retrycache.expirytime = 600000ms (custom)
2020-07-23 00:54:48,729 [pool-78-thread-1] INFO  metrics.RatisMetrics (RatisMetrics.java:lambda$create$0(36)) - Creating Metrics Registry : ratis.leader_election.4e15fd63-2a96-4f95-8adf-0d310758cb63@group-06630CCB7588
2020-07-23 00:54:48,730 [pool-78-thread-1] INFO  metrics.RatisMetrics (RatisMetrics.java:lambda$create$0(36)) - Creating Metrics Registry : ratis.server.4e15fd63-2a96-4f95-8adf-0d310758cb63@group-06630CCB7588
2020-07-23 00:54:48,731 [pool-78-thread-1] INFO  impl.RaftServerImpl (RaftServerImpl.java:start(196)) - 4e15fd63-2a96-4f95-8adf-0d310758cb63@group-06630CCB7588: start as a follower, conf=-1: [4e15fd63-2a96-4f95-8adf-0d310758cb63:172.17.0.2:34239], old=null
2020-07-23 00:54:48,731 [pool-78-thread-1] INFO  impl.RaftServerImpl (RaftServerImpl.java:setRole(185)) - 4e15fd63-2a96-4f95-8adf-0d310758cb63@group-06630CCB7588: changes role from      null to FOLLOWER at term 0 for startAsFollower
2020-07-23 00:54:48,731 [pool-78-thread-1] INFO  impl.RoleInfo (RoleInfo.java:updateAndGet(143)) - 4e15fd63-2a96-4f95-8adf-0d310758cb63: start FollowerState
2020-07-23 00:54:48,731 [pool-78-thread-1] INFO  util.JmxRegister (JmxRegister.java:tryRegister(44)) - Successfully registered JMX Bean with object name Ratis:service=RaftServer,group=group-06630CCB7588,id=4e15fd63-2a96-4f95-8adf-0d310758cb63
2020-07-23 00:54:48,731 [pool-78-thread-1] INFO  metrics.RatisMetrics (RatisMetrics.java:lambda$create$0(36)) - Creating Metrics Registry : ratis.state_machine.4e15fd63-2a96-4f95-8adf-0d310758cb63@group-06630CCB7588
2020-07-23 00:54:48,735 [Command processor thread] INFO  commandhandler.CreatePipelineCommandHandler (CreatePipelineCommandHandler.java:handle(109)) - Created Pipeline RATIS ONE #id: "c801e4df-dd63-42c5-b52a-06630ccb7588"
uuid128 {
  mostSigBits: -4034692141004143931
  leastSigBits: -5392490581336558200
}
.
2020-07-23 00:54:48,816 [Listener at 127.0.0.1/38187] INFO  ozone.MiniOzoneClusterImpl (MiniOzoneClusterImpl.java:lambda$waitForClusterToBeReady$0(177)) - Nodes are ready. Got 5 of 5 DN Heartbeats.
2020-07-23 00:54:48,816 [Listener at 127.0.0.1/38187] INFO  ozone.MiniOzoneClusterImpl (MiniOzoneClusterImpl.java:lambda$waitForClusterToBeReady$0(180)) - Waiting for cluster to exit safe mode
2020-07-23 00:54:48,841 [Command processor thread] INFO  impl.RaftServerProxy (RaftServerProxy.java:addNew(89)) - 4ab4f3a8-f3a2-4b4e-a399-e033d3e8ee76: addNew group-FA264CF1F030:[4ab4f3a8-f3a2-4b4e-a399-e033d3e8ee76:172.17.0.2:35883] returns group-FA264CF1F030:java.util.concurrent.CompletableFuture@2f148d0b[Not completed]
2020-07-23 00:54:48,850 [pool-93-thread-1] INFO  impl.RaftServerImpl (RaftServerImpl.java:<init>(107)) - 4ab4f3a8-f3a2-4b4e-a399-e033d3e8ee76: new RaftServerImpl for group-FA264CF1F030:[4ab4f3a8-f3a2-4b4e-a399-e033d3e8ee76:172.17.0.2:35883] with ContainerStateMachine:uninitialized
2020-07-23 00:54:48,852 [pool-93-thread-1] INFO  server.RaftServerConfigKeys (ConfUtils.java:logGet(44)) - raft.server.rpc.timeout.min = 5s (custom)
2020-07-23 00:54:48,852 [pool-93-thread-1] INFO  server.RaftServerConfigKeys (ConfUtils.java:logGet(44)) - raft.server.rpc.timeout.max = 5200ms (custom)
2020-07-23 00:54:48,852 [pool-93-thread-1] INFO  server.RaftServerConfigKeys (ConfUtils.java:logGet(44)) - raft.server.rpcslowness.timeout = 300s (custom)
2020-07-23 00:54:48,853 [pool-93-thread-1] INFO  server.RaftServerConfigKeys (ConfUtils.java:logGet(44)) - raft.server.sleep.deviation.threshold = 300 (default)
2020-07-23 00:54:48,853 [pool-93-thread-1] INFO  server.RaftServerConfigKeys (ConfUtils.java:logGet(44)) - raft.server.log.appender.install.snapshot.enabled = false (custom)
2020-07-23 00:54:48,853 [pool-93-thread-1] INFO  impl.RaftServerImpl (ServerState.java:<init>(103)) - 4ab4f3a8-f3a2-4b4e-a399-e033d3e8ee76@group-FA264CF1F030: ConfigurationManager, init=-1: [4ab4f3a8-f3a2-4b4e-a399-e033d3e8ee76:172.17.0.2:35883], old=null, confs=<EMPTY_MAP>
2020-07-23 00:54:48,853 [pool-93-thread-1] INFO  server.RaftServerConfigKeys (ConfUtils.java:logGet(44)) - raft.server.storage.dir = [/github/workspace/mnt/ozone/hadoop-ozone/integration-test/target/test-dir/MiniOzoneClusterImpl-9dac51b2-5047-4894-9263-2f6317d89c21/datanode-4/data/ratis] (custom)
2020-07-23 00:54:48,853 [pool-93-thread-1] INFO  server.RaftServerConfigKeys (ConfUtils.java:logGet(44)) - raft.server.log.corruption.policy = EXCEPTION (default)
2020-07-23 00:54:48,858 [pool-93-thread-1] INFO  storage.RaftStorageDirectory (RaftStorageDirectory.java:analyzeStorage(261)) - The storage directory /github/workspace/mnt/ozone/hadoop-ozone/integration-test/target/test-dir/MiniOzoneClusterImpl-9dac51b2-5047-4894-9263-2f6317d89c21/datanode-4/data/ratis/b499acef-744a-412d-976d-fa264cf1f030 does not exist. Creating ...
2020-07-23 00:54:48,859 [pool-93-thread-1] INFO  storage.RaftStorageDirectory (RaftStorageDirectory.java:tryLock(343)) - Lock on /github/workspace/mnt/ozone/hadoop-ozone/integration-test/target/test-dir/MiniOzoneClusterImpl-9dac51b2-5047-4894-9263-2f6317d89c21/datanode-4/data/ratis/b499acef-744a-412d-976d-fa264cf1f030/in_use.lock acquired by nodename 34713@6909d8773a62
2020-07-23 00:54:48,860 [pool-93-thread-1] INFO  storage.RaftStorage (RaftStorage.java:format(84)) - Storage directory /github/workspace/mnt/ozone/hadoop-ozone/integration-test/target/test-dir/MiniOzoneClusterImpl-9dac51b2-5047-4894-9263-2f6317d89c21/datanode-4/data/ratis/b499acef-744a-412d-976d-fa264cf1f030 has been successfully formatted.
2020-07-23 00:54:48,862 [EventQueue-PipelineReportForPipelineReportHandler] INFO  pipeline.PipelineStateManager (PipelineStateManager.java:openPipeline(131)) - Pipeline Pipeline[ Id: b499acef-744a-412d-976d-fa264cf1f030, Nodes: 4ab4f3a8-f3a2-4b4e-a399-e033d3e8ee76{ip: 172.17.0.2, host: 6909d8773a62, networkLocation: /default-rack, certSerialId: null}, Type:RATIS, Factor:ONE, State:ALLOCATED, leaderId:4ab4f3a8-f3a2-4b4e-a399-e033d3e8ee76, CreationTimestamp2020-07-23T00:54:45.829Z] moved to OPEN state
2020-07-23 00:54:48,862 [EventQueue-OpenPipelineForOneReplicaPipelineSafeModeRule] INFO  safemode.SCMSafeModeManager (SCMSafeModeManager.java:validateSafeModeExitRules(214)) - AtleastOneDatanodeReportedRule rule is successfully validated
2020-07-23 00:54:48,862 [EventQueue-OpenPipelineForHealthyPipelineSafeModeRule] INFO  safemode.SCMSafeModeManager (HealthyPipelineSafeModeRule.java:process(129)) - SCM in safe mode. Healthy pipelines reported count is 0, required healthy pipeline reported count is 1
2020-07-23 00:54:48,865 [pool-93-thread-1] INFO  ratis.ContainerStateMachine (ContainerStateMachine.java:loadSnapshot(225)) - group-FA264CF1F030: The snapshot info is null. Setting the last applied indexto:(t:0, i:~)
2020-07-23 00:54:48,866 [pool-93-thread-1] INFO  server.RaftServerConfigKeys (ConfUtils.java:logGet(44)) - raft.server.notification.no-leader.timeout = 300s (custom)
2020-07-23 00:54:48,866 [pool-93-thread-1] INFO  server.RaftServerConfigKeys (ConfUtils.java:logGet(44)) - raft.server.log.use.memory = false (default)
2020-07-23 00:54:48,866 [pool-93-thread-1] INFO  server.RaftServerConfigKeys (ConfUtils.java:logGet(44)) - raft.server.log.purge.gap = 1000000 (custom)
2020-07-23 00:54:48,866 [pool-93-thread-1] INFO  metrics.RatisMetrics (RatisMetrics.java:lambda$create$0(36)) - Creating Metrics Registry : ratis.log_worker.4ab4f3a8-f3a2-4b4e-a399-e033d3e8ee76@group-FA264CF1F030
2020-07-23 00:54:48,866 [pool-93-thread-1] INFO  server.RaftServerConfigKeys (ConfUtils.java:logGet(44)) - raft.server.log.appender.buffer.byte-limit = 33554432 (custom)
2020-07-23 00:54:48,866 [pool-93-thread-1] INFO  server.RaftServerConfigKeys (ConfUtils.java:logGet(44)) - raft.server.log.segment.size.max = 1048576 (custom)
2020-07-23 00:54:48,870 [pool-93-thread-1] INFO  server.RaftServerConfigKeys (ConfUtils.java:logGet(44)) - raft.server.log.segment.cache.num.max = 2 (custom)
2020-07-23 00:54:48,870 [pool-93-thread-1] INFO  segmented.SegmentedRaftLogWorker (SegmentedRaftLogWorker.java:<init>(180)) - new 4ab4f3a8-f3a2-4b4e-a399-e033d3e8ee76@group-FA264CF1F030-SegmentedRaftLogWorker for RaftStorage:Storage Directory /github/workspace/mnt/ozone/hadoop-ozone/integration-test/target/test-dir/MiniOzoneClusterImpl-9dac51b2-5047-4894-9263-2f6317d89c21/datanode-4/data/ratis/b499acef-744a-412d-976d-fa264cf1f030
2020-07-23 00:54:48,872 [pool-93-thread-1] INFO  server.RaftServerConfigKeys (ConfUtils.java:logGet(44)) - raft.server.log.queue.byte-limit = 2147483647 (custom)
2020-07-23 00:54:48,872 [pool-93-thread-1] INFO  server.RaftServerConfigKeys (ConfUtils.java:logGet(44)) - raft.server.log.queue.element-limit = 1024 (custom)
2020-07-23 00:54:48,872 [pool-93-thread-1] INFO  server.RaftServerConfigKeys (ConfUtils.java:logGet(44)) - raft.server.log.segment.size.max = 1048576 (custom)
2020-07-23 00:54:48,872 [pool-93-thread-1] INFO  server.RaftServerConfigKeys (ConfUtils.java:logGet(44)) - raft.server.log.preallocated.size = 16384 (custom)
2020-07-23 00:54:48,872 [pool-93-thread-1] INFO  server.RaftServerConfigKeys (ConfUtils.java:logGet(44)) - raft.server.log.write.buffer.size = 1048576 (custom)
2020-07-23 00:54:48,872 [pool-93-thread-1] INFO  server.RaftServerConfigKeys (ConfUtils.java:logGet(44)) - raft.server.log.force.sync.num = 128 (default)
2020-07-23 00:54:48,872 [pool-93-thread-1] INFO  server.RaftServerConfigKeys (ConfUtils.java:logGet(44)) - raft.server.log.statemachine.data.sync = true (default)
2020-07-23 00:54:48,872 [pool-93-thread-1] INFO  server.RaftServerConfigKeys (ConfUtils.java:logGet(44)) - raft.server.log.statemachine.data.sync.timeout = 10s (default)
2020-07-23 00:54:48,872 [pool-93-thread-1] INFO  server.RaftServerConfigKeys (ConfUtils.java:logGet(44)) - raft.server.log.statemachine.data.sync.timeout.retry = -1 (default)
2020-07-23 00:54:48,878 [pool-93-thread-1] INFO  server.RaftServerConfigKeys (ConfUtils.java:logGet(44)) - raft.server.log.statemachine.data.caching.enabled = true (custom)
2020-07-23 00:54:48,881 [pool-93-thread-1] INFO  segmented.SegmentedRaftLogWorker (SegmentedRaftLogWorker.java:lambda$new$0(129)) - 4ab4f3a8-f3a2-4b4e-a399-e033d3e8ee76@group-FA264CF1F030-SegmentedRaftLogWorker: flushIndex: setUnconditionally 0 -> -1
2020-07-23 00:54:48,885 [pool-93-thread-1] INFO  segmented.SegmentedRaftLogWorker (SegmentedRaftLogWorker.java:lambda$new$0(129)) - 4ab4f3a8-f3a2-4b4e-a399-e033d3e8ee76@group-FA264CF1F030-SegmentedRaftLogWorker: safeCacheEvictIndex: setUnconditionally 0 -> -1
2020-07-23 00:54:48,899 [pool-93-thread-1] INFO  server.RaftServerConfigKeys (ConfUtils.java:logGet(44)) - raft.server.snapshot.auto.trigger.enabled = true (custom)
2020-07-23 00:54:48,899 [pool-93-thread-1] INFO  server.RaftServerConfigKeys (ConfUtils.java:logGet(44)) - raft.server.snapshot.auto.trigger.threshold = 10000 (custom)
2020-07-23 00:54:48,899 [pool-93-thread-1] INFO  server.RaftServerConfigKeys (ConfUtils.java:logGet(44)) - raft.server.snapshot.retention.file.num = 5 (custom)
2020-07-23 00:54:48,900 [pool-93-thread-1] INFO  server.RaftServerConfigKeys (ConfUtils.java:logGet(44)) - raft.server.log.purge.upto.snapshot.index = false (default)
2020-07-23 00:54:48,900 [pool-93-thread-1] INFO  server.RaftServerConfigKeys (ConfUtils.java:logGet(44)) - raft.server.retrycache.expirytime = 600000ms (custom)
2020-07-23 00:54:48,900 [pool-93-thread-1] INFO  metrics.RatisMetrics (RatisMetrics.java:lambda$create$0(36)) - Creating Metrics Registry : ratis.leader_election.4ab4f3a8-f3a2-4b4e-a399-e033d3e8ee76@group-FA264CF1F030
2020-07-23 00:54:48,900 [pool-93-thread-1] INFO  metrics.RatisMetrics (RatisMetrics.java:lambda$create$0(36)) - Creating Metrics Registry : ratis.server.4ab4f3a8-f3a2-4b4e-a399-e033d3e8ee76@group-FA264CF1F030
2020-07-23 00:54:48,901 [pool-93-thread-1] INFO  impl.RaftServerImpl (RaftServerImpl.java:start(196)) - 4ab4f3a8-f3a2-4b4e-a399-e033d3e8ee76@group-FA264CF1F030: start as a follower, conf=-1: [4ab4f3a8-f3a2-4b4e-a399-e033d3e8ee76:172.17.0.2:35883], old=null
2020-07-23 00:54:48,905 [pool-93-thread-1] INFO  impl.RaftServerImpl (RaftServerImpl.java:setRole(185)) - 4ab4f3a8-f3a2-4b4e-a399-e033d3e8ee76@group-FA264CF1F030: changes role from      null to FOLLOWER at term 0 for startAsFollower
2020-07-23 00:54:48,905 [pool-93-thread-1] INFO  impl.RoleInfo (RoleInfo.java:updateAndGet(143)) - 4ab4f3a8-f3a2-4b4e-a399-e033d3e8ee76: start FollowerState
2020-07-23 00:54:48,909 [pool-93-thread-1] INFO  util.JmxRegister (JmxRegister.java:tryRegister(44)) - Successfully registered JMX Bean with object name Ratis:service=RaftServer,group=group-FA264CF1F030,id=4ab4f3a8-f3a2-4b4e-a399-e033d3e8ee76
2020-07-23 00:54:48,909 [pool-93-thread-1] INFO  metrics.RatisMetrics (RatisMetrics.java:lambda$create$0(36)) - Creating Metrics Registry : ratis.state_machine.4ab4f3a8-f3a2-4b4e-a399-e033d3e8ee76@group-FA264CF1F030
2020-07-23 00:54:48,913 [Command processor thread] INFO  commandhandler.CreatePipelineCommandHandler (CreatePipelineCommandHandler.java:handle(109)) - Created Pipeline RATIS ONE #id: "b499acef-744a-412d-976d-fa264cf1f030"
uuid128 {
  mostSigBits: -5433121330997608147
  leastSigBits: -7535091559114346448
}
.
2020-07-23 00:54:49,008 [Command processor thread] INFO  commandhandler.CreatePipelineCommandHandler (CreatePipelineCommandHandler.java:handle(109)) - Created Pipeline RATIS THREE #id: "834c768f-f0c5-4ca3-8072-35aa55bf6fa1"
uuid128 {
  mostSigBits: -8985676795919119197
  leastSigBits: -9191224883810439263
}
.
2020-07-23 00:54:49,008 [Command processor thread] INFO  commandhandler.CreatePipelineCommandHandler (CreatePipelineCommandHandler.java:handle(109)) - Created Pipeline RATIS THREE #id: "834c768f-f0c5-4ca3-8072-35aa55bf6fa1"
uuid128 {
  mostSigBits: -8985676795919119197
  leastSigBits: -9191224883810439263
}
.
2020-07-23 00:54:49,014 [Command processor thread] INFO  commandhandler.CreatePipelineCommandHandler (CreatePipelineCommandHandler.java:handle(109)) - Created Pipeline RATIS THREE #id: "834c768f-f0c5-4ca3-8072-35aa55bf6fa1"
uuid128 {
  mostSigBits: -8985676795919119197
  leastSigBits: -9191224883810439263
}
.
2020-07-23 00:54:49,816 [Listener at 127.0.0.1/38187] INFO  ozone.MiniOzoneClusterImpl (MiniOzoneClusterImpl.java:lambda$waitForClusterToBeReady$0(177)) - Nodes are ready. Got 5 of 5 DN Heartbeats.
2020-07-23 00:54:49,817 [Listener at 127.0.0.1/38187] INFO  ozone.MiniOzoneClusterImpl (MiniOzoneClusterImpl.java:lambda$waitForClusterToBeReady$0(180)) - Waiting for cluster to exit safe mode
2020-07-23 00:54:50,817 [Listener at 127.0.0.1/38187] INFO  ozone.MiniOzoneClusterImpl (MiniOzoneClusterImpl.java:lambda$waitForClusterToBeReady$0(177)) - Nodes are ready. Got 5 of 5 DN Heartbeats.
2020-07-23 00:54:50,817 [Listener at 127.0.0.1/38187] INFO  ozone.MiniOzoneClusterImpl (MiniOzoneClusterImpl.java:lambda$waitForClusterToBeReady$0(180)) - Waiting for cluster to exit safe mode
2020-07-23 00:54:51,817 [Listener at 127.0.0.1/38187] INFO  ozone.MiniOzoneClusterImpl (MiniOzoneClusterImpl.java:lambda$waitForClusterToBeReady$0(177)) - Nodes are ready. Got 5 of 5 DN Heartbeats.
2020-07-23 00:54:51,817 [Listener at 127.0.0.1/38187] INFO  ozone.MiniOzoneClusterImpl (MiniOzoneClusterImpl.java:lambda$waitForClusterToBeReady$0(180)) - Waiting for cluster to exit safe mode
2020-07-23 00:54:52,818 [Listener at 127.0.0.1/38187] INFO  ozone.MiniOzoneClusterImpl (MiniOzoneClusterImpl.java:lambda$waitForClusterToBeReady$0(177)) - Nodes are ready. Got 5 of 5 DN Heartbeats.
2020-07-23 00:54:52,818 [Listener at 127.0.0.1/38187] INFO  ozone.MiniOzoneClusterImpl (MiniOzoneClusterImpl.java:lambda$waitForClusterToBeReady$0(180)) - Waiting for cluster to exit safe mode
2020-07-23 00:54:53,391 [Thread-206] INFO  impl.FollowerState (FollowerState.java:run(108)) - 745bebb8-a96d-40a0-9df5-809e56437f40@group-6AB0E8604EF8-FollowerState: change to CANDIDATE, lastRpcTime:5023ms, electionTimeout:5016ms
2020-07-23 00:54:53,392 [Thread-206] INFO  impl.RoleInfo (RoleInfo.java:shutdownFollowerState(121)) - 745bebb8-a96d-40a0-9df5-809e56437f40: shutdown FollowerState
2020-07-23 00:54:53,392 [Thread-206] INFO  impl.RaftServerImpl (RaftServerImpl.java:setRole(185)) - 745bebb8-a96d-40a0-9df5-809e56437f40@group-6AB0E8604EF8: changes role from  FOLLOWER to CANDIDATE at term 0 for changeToCandidate
2020-07-23 00:54:53,395 [Thread-206] INFO  impl.RoleInfo (RoleInfo.java:updateAndGet(143)) - 745bebb8-a96d-40a0-9df5-809e56437f40: start LeaderElection
2020-07-23 00:54:53,397 [745bebb8-a96d-40a0-9df5-809e56437f40@group-6AB0E8604EF8-LeaderElection1] INFO  impl.LeaderElection (LeaderElection.java:askForVotes(209)) - 745bebb8-a96d-40a0-9df5-809e56437f40@group-6AB0E8604EF8-LeaderElection1: begin an election at term 1 for -1: [745bebb8-a96d-40a0-9df5-809e56437f40:172.17.0.2:40597], old=null
2020-07-23 00:54:53,398 [745bebb8-a96d-40a0-9df5-809e56437f40@group-6AB0E8604EF8-LeaderElection1] INFO  impl.RoleInfo (RoleInfo.java:shutdownLeaderElection(134)) - 745bebb8-a96d-40a0-9df5-809e56437f40: shutdown LeaderElection
2020-07-23 00:54:53,399 [745bebb8-a96d-40a0-9df5-809e56437f40@group-6AB0E8604EF8-LeaderElection1] INFO  impl.RaftServerImpl (RaftServerImpl.java:setRole(185)) - 745bebb8-a96d-40a0-9df5-809e56437f40@group-6AB0E8604EF8: changes role from CANDIDATE to LEADER at term 1 for changeToLeader
2020-07-23 00:54:53,399 [745bebb8-a96d-40a0-9df5-809e56437f40@group-6AB0E8604EF8-LeaderElection1] INFO  ratis.XceiverServerRatis (XceiverServerRatis.java:handleLeaderChangedNotification(820)) - Leader change notification received for group: group-6AB0E8604EF8 with new leaderId: 745bebb8-a96d-40a0-9df5-809e56437f40
2020-07-23 00:54:53,399 [745bebb8-a96d-40a0-9df5-809e56437f40@group-6AB0E8604EF8-LeaderElection1] INFO  impl.RaftServerImpl (ServerState.java:setLeader(255)) - 745bebb8-a96d-40a0-9df5-809e56437f40@group-6AB0E8604EF8: change Leader from null to 745bebb8-a96d-40a0-9df5-809e56437f40 at term 1 for becomeLeader, leader elected after 5129ms
2020-07-23 00:54:53,404 [745bebb8-a96d-40a0-9df5-809e56437f40@group-6AB0E8604EF8-LeaderElection1] INFO  server.RaftServerConfigKeys (ConfUtils.java:logGet(44)) - raft.server.staging.catchup.gap = 1000 (default)
2020-07-23 00:54:53,405 [745bebb8-a96d-40a0-9df5-809e56437f40@group-6AB0E8604EF8-LeaderElection1] INFO  server.RaftServerConfigKeys (ConfUtils.java:logGet(44)) - raft.server.rpc.sleep.time = 25ms (default)
2020-07-23 00:54:53,406 [745bebb8-a96d-40a0-9df5-809e56437f40@group-6AB0E8604EF8-LeaderElection1] INFO  metrics.RatisMetrics (RatisMetrics.java:lambda$create$0(36)) - Creating Metrics Registry : ratis.log_appender.745bebb8-a96d-40a0-9df5-809e56437f40@group-6AB0E8604EF8
2020-07-23 00:54:53,408 [745bebb8-a96d-40a0-9df5-809e56437f40@group-6AB0E8604EF8-LeaderElection1] INFO  server.RaftServerConfigKeys (ConfUtils.java:logGet(44)) - raft.server.write.element-limit = 1024 (custom)
2020-07-23 00:54:53,408 [745bebb8-a96d-40a0-9df5-809e56437f40@group-6AB0E8604EF8-LeaderElection1] INFO  server.RaftServerConfigKeys (ConfUtils.java:logGet(44)) - raft.server.write.byte-limit = 1073741824 (custom)
2020-07-23 00:54:53,414 [745bebb8-a96d-40a0-9df5-809e56437f40@group-6AB0E8604EF8-LeaderElection1] INFO  server.RaftServerConfigKeys (ConfUtils.java:logGet(44)) - raft.server.watch.timeout = 180s (custom)
2020-07-23 00:54:53,414 [745bebb8-a96d-40a0-9df5-809e56437f40@group-6AB0E8604EF8-LeaderElection1] INFO  server.RaftServerConfigKeys (ConfUtils.java:logGet(44)) - raft.server.watch.timeout.denomination = 1s (default)
2020-07-23 00:54:53,415 [745bebb8-a96d-40a0-9df5-809e56437f40@group-6AB0E8604EF8-LeaderElection1] INFO  server.RaftServerConfigKeys (ConfUtils.java:logGet(44)) - raft.server.watch.element-limit = 65536 (default)
2020-07-23 00:54:53,420 [745bebb8-a96d-40a0-9df5-809e56437f40@group-6AB0E8604EF8-LeaderElection1] INFO  impl.RoleInfo (RoleInfo.java:updateAndGet(143)) - 745bebb8-a96d-40a0-9df5-809e56437f40: start LeaderState
2020-07-23 00:54:53,432 [745bebb8-a96d-40a0-9df5-809e56437f40@group-6AB0E8604EF8-LeaderElection1] INFO  segmented.SegmentedRaftLogWorker (SegmentedRaftLogWorker.java:startLogSegment(397)) - 745bebb8-a96d-40a0-9df5-809e56437f40@group-6AB0E8604EF8-SegmentedRaftLogWorker: Starting segment from index:0
2020-07-23 00:54:53,447 [745bebb8-a96d-40a0-9df5-809e56437f40@group-6AB0E8604EF8-LeaderElection1] INFO  impl.RaftServerImpl (ServerState.java:setRaftConf(356)) - 745bebb8-a96d-40a0-9df5-809e56437f40@group-6AB0E8604EF8: set configuration 0: [745bebb8-a96d-40a0-9df5-809e56437f40:172.17.0.2:40597], old=null at 0
2020-07-23 00:54:53,528 [745bebb8-a96d-40a0-9df5-809e56437f40@group-6AB0E8604EF8-SegmentedRaftLogWorker] INFO  segmented.SegmentedRaftLogWorker (SegmentedRaftLogWorker.java:execute(596)) - 745bebb8-a96d-40a0-9df5-809e56437f40@group-6AB0E8604EF8-SegmentedRaftLogWorker: created new log segment /github/workspace/mnt/ozone/hadoop-ozone/integration-test/target/test-dir/MiniOzoneClusterImpl-9dac51b2-5047-4894-9263-2f6317d89c21/datanode-0/data/ratis/d92b99fa-301e-463a-b56c-6ab0e8604ef8/current/log_inprogress_0
2020-07-23 00:54:53,559 [Thread-208] INFO  impl.FollowerState (FollowerState.java:run(108)) - 745bebb8-a96d-40a0-9df5-809e56437f40@group-35AA55BF6FA1-FollowerState: change to CANDIDATE, lastRpcTime:5132ms, electionTimeout:5129ms
2020-07-23 00:54:53,560 [Thread-208] INFO  impl.RoleInfo (RoleInfo.java:shutdownFollowerState(121)) - 745bebb8-a96d-40a0-9df5-809e56437f40: shutdown FollowerState
2020-07-23 00:54:53,560 [Thread-208] INFO  impl.RaftServerImpl (RaftServerImpl.java:setRole(185)) - 745bebb8-a96d-40a0-9df5-809e56437f40@group-35AA55BF6FA1: changes role from  FOLLOWER to CANDIDATE at term 0 for changeToCandidate
2020-07-23 00:54:53,560 [Thread-208] INFO  impl.RoleInfo (RoleInfo.java:updateAndGet(143)) - 745bebb8-a96d-40a0-9df5-809e56437f40: start LeaderElection
2020-07-23 00:54:53,562 [745bebb8-a96d-40a0-9df5-809e56437f40@group-35AA55BF6FA1-LeaderElection2] INFO  impl.LeaderElection (LeaderElection.java:askForVotes(209)) - 745bebb8-a96d-40a0-9df5-809e56437f40@group-35AA55BF6FA1-LeaderElection2: begin an election at term 1 for -1: [3a34a8a7-e5d5-4a3b-a36f-1e1141675d1c:172.17.0.2:35767, 745bebb8-a96d-40a0-9df5-809e56437f40:172.17.0.2:40597, a59d88ab-138f-4718-b8ed-a326817ad93b:172.17.0.2:38463], old=null
2020-07-23 00:54:53,581 [Thread-212] INFO  impl.FollowerState (FollowerState.java:run(108)) - a59d88ab-138f-4718-b8ed-a326817ad93b@group-35AA55BF6FA1-FollowerState: change to CANDIDATE, lastRpcTime:5054ms, electionTimeout:5043ms
2020-07-23 00:54:53,581 [Thread-212] INFO  impl.RoleInfo (RoleInfo.java:shutdownFollowerState(121)) - a59d88ab-138f-4718-b8ed-a326817ad93b: shutdown FollowerState
2020-07-23 00:54:53,581 [Thread-212] INFO  impl.RaftServerImpl (RaftServerImpl.java:setRole(185)) - a59d88ab-138f-4718-b8ed-a326817ad93b@group-35AA55BF6FA1: changes role from  FOLLOWER to CANDIDATE at term 0 for changeToCandidate
2020-07-23 00:54:53,581 [Thread-212] INFO  impl.RoleInfo (RoleInfo.java:updateAndGet(143)) - a59d88ab-138f-4718-b8ed-a326817ad93b: start LeaderElection
2020-07-23 00:54:53,595 [a59d88ab-138f-4718-b8ed-a326817ad93b@group-35AA55BF6FA1-LeaderElection3] INFO  impl.LeaderElection (LeaderElection.java:askForVotes(209)) - a59d88ab-138f-4718-b8ed-a326817ad93b@group-35AA55BF6FA1-LeaderElection3: begin an election at term 1 for -1: [3a34a8a7-e5d5-4a3b-a36f-1e1141675d1c:172.17.0.2:35767, 745bebb8-a96d-40a0-9df5-809e56437f40:172.17.0.2:40597, a59d88ab-138f-4718-b8ed-a326817ad93b:172.17.0.2:38463], old=null
2020-07-23 00:54:53,605 [grpc-default-executor-0] INFO  impl.RaftServerImpl (RaftServerImpl.java:setRole(185)) - 3a34a8a7-e5d5-4a3b-a36f-1e1141675d1c@group-35AA55BF6FA1: changes role from  FOLLOWER to FOLLOWER at term 1 for recognizeCandidate:745bebb8-a96d-40a0-9df5-809e56437f40
2020-07-23 00:54:53,605 [grpc-default-executor-0] INFO  impl.RoleInfo (RoleInfo.java:shutdownFollowerState(121)) - 3a34a8a7-e5d5-4a3b-a36f-1e1141675d1c: shutdown FollowerState
2020-07-23 00:54:53,606 [grpc-default-executor-0] INFO  impl.RoleInfo (RoleInfo.java:updateAndGet(143)) - 3a34a8a7-e5d5-4a3b-a36f-1e1141675d1c: start FollowerState
2020-07-23 00:54:53,606 [Thread-216] INFO  impl.FollowerState (FollowerState.java:run(117)) - 3a34a8a7-e5d5-4a3b-a36f-1e1141675d1c@group-35AA55BF6FA1-FollowerState was interrupted: java.lang.InterruptedException: sleep interrupted
2020-07-23 00:54:53,629 [Thread-210] INFO  impl.FollowerState (FollowerState.java:run(108)) - a59d88ab-138f-4718-b8ed-a326817ad93b@group-4670F85F524A-FollowerState: change to CANDIDATE, lastRpcTime:5138ms, electionTimeout:5124ms
2020-07-23 00:54:53,629 [Thread-210] INFO  impl.RoleInfo (RoleInfo.java:shutdownFollowerState(121)) - a59d88ab-138f-4718-b8ed-a326817ad93b: shutdown FollowerState
2020-07-23 00:54:53,630 [Thread-210] INFO  impl.RaftServerImpl (RaftServerImpl.java:setRole(185)) - a59d88ab-138f-4718-b8ed-a326817ad93b@group-4670F85F524A: changes role from  FOLLOWER to CANDIDATE at term 0 for changeToCandidate
2020-07-23 00:54:53,630 [Thread-210] INFO  impl.RoleInfo (RoleInfo.java:updateAndGet(143)) - a59d88ab-138f-4718-b8ed-a326817ad93b: start LeaderElection
2020-07-23 00:54:53,642 [745bebb8-a96d-40a0-9df5-809e56437f40@group-35AA55BF6FA1-LeaderElection2] INFO  impl.LeaderElection (LeaderElection.java:logAndReturn(61)) - 745bebb8-a96d-40a0-9df5-809e56437f40@group-35AA55BF6FA1-LeaderElection2: Election PASSED; received 2 response(s) [745bebb8-a96d-40a0-9df5-809e56437f40<-3a34a8a7-e5d5-4a3b-a36f-1e1141675d1c#0:OK-t1, 745bebb8-a96d-40a0-9df5-809e56437f40<-a59d88ab-138f-4718-b8ed-a326817ad93b#0:FAIL-t1] and 0 exception(s); 745bebb8-a96d-40a0-9df5-809e56437f40@group-35AA55BF6FA1:t1, leader=null, voted=745bebb8-a96d-40a0-9df5-809e56437f40, raftlog=745bebb8-a96d-40a0-9df5-809e56437f40@group-35AA55BF6FA1-SegmentedRaftLog:OPENED:c-1,f-1,i0, conf=-1: [3a34a8a7-e5d5-4a3b-a36f-1e1141675d1c:172.17.0.2:35767, 745bebb8-a96d-40a0-9df5-809e56437f40:172.17.0.2:40597, a59d88ab-138f-4718-b8ed-a326817ad93b:172.17.0.2:38463], old=null
2020-07-23 00:54:53,642 [745bebb8-a96d-40a0-9df5-809e56437f40@group-35AA55BF6FA1-LeaderElection2] INFO  impl.RoleInfo (RoleInfo.java:shutdownLeaderElection(134)) - 745bebb8-a96d-40a0-9df5-809e56437f40: shutdown LeaderElection
2020-07-23 00:54:53,643 [745bebb8-a96d-40a0-9df5-809e56437f40@group-35AA55BF6FA1-LeaderElection2] INFO  impl.RaftServerImpl (RaftServerImpl.java:setRole(185)) - 745bebb8-a96d-40a0-9df5-809e56437f40@group-35AA55BF6FA1: changes role from CANDIDATE to LEADER at term 1 for changeToLeader
2020-07-23 00:54:53,643 [745bebb8-a96d-40a0-9df5-809e56437f40@group-35AA55BF6FA1-LeaderElection2] INFO  ratis.XceiverServerRatis (XceiverServerRatis.java:handleLeaderChangedNotification(820)) - Leader change notification received for group: group-35AA55BF6FA1 with new leaderId: 745bebb8-a96d-40a0-9df5-809e56437f40
2020-07-23 00:54:53,643 [745bebb8-a96d-40a0-9df5-809e56437f40@group-35AA55BF6FA1-LeaderElection2] INFO  impl.RaftServerImpl (ServerState.java:setLeader(255)) - 745bebb8-a96d-40a0-9df5-809e56437f40@group-35AA55BF6FA1: change Leader from null to 745bebb8-a96d-40a0-9df5-809e56437f40 at term 1 for becomeLeader, leader elected after 5240ms
2020-07-23 00:54:53,643 [745bebb8-a96d-40a0-9df5-809e56437f40@group-35AA55BF6FA1-LeaderElection2] INFO  server.RaftServerConfigKeys (ConfUtils.java:logGet(44)) - raft.server.staging.catchup.gap = 1000 (default)
2020-07-23 00:54:53,643 [745bebb8-a96d-40a0-9df5-809e56437f40@group-35AA55BF6FA1-LeaderElection2] INFO  server.RaftServerConfigKeys (ConfUtils.java:logGet(44)) - raft.server.rpc.sleep.time = 25ms (default)
2020-07-23 00:54:53,643 [745bebb8-a96d-40a0-9df5-809e56437f40@group-35AA55BF6FA1-LeaderElection2] INFO  metrics.RatisMetrics (RatisMetrics.java:lambda$create$0(36)) - Creating Metrics Registry : ratis.log_appender.745bebb8-a96d-40a0-9df5-809e56437f40@group-35AA55BF6FA1
2020-07-23 00:54:53,643 [745bebb8-a96d-40a0-9df5-809e56437f40@group-35AA55BF6FA1-LeaderElection2] INFO  server.RaftServerConfigKeys (ConfUtils.java:logGet(44)) - raft.server.write.element-limit = 1024 (custom)
2020-07-23 00:54:53,643 [745bebb8-a96d-40a0-9df5-809e56437f40@group-35AA55BF6FA1-LeaderElection2] INFO  server.RaftServerConfigKeys (ConfUtils.java:logGet(44)) - raft.server.write.byte-limit = 1073741824 (custom)
2020-07-23 00:54:53,643 [745bebb8-a96d-40a0-9df5-809e56437f40@group-35AA55BF6FA1-LeaderElection2] INFO  server.RaftServerConfigKeys (ConfUtils.java:logGet(44)) - raft.server.watch.timeout = 180s (custom)
2020-07-23 00:54:53,643 [745bebb8-a96d-40a0-9df5-809e56437f40@group-35AA55BF6FA1-LeaderElection2] INFO  server.RaftServerConfigKeys (ConfUtils.java:logGet(44)) - raft.server.watch.timeout.denomination = 1s (default)
2020-07-23 00:54:53,644 [745bebb8-a96d-40a0-9df5-809e56437f40@group-35AA55BF6FA1-LeaderElection2] INFO  server.RaftServerConfigKeys (ConfUtils.java:logGet(44)) - raft.server.watch.element-limit = 65536 (default)
2020-07-23 00:54:53,645 [EventQueue-PipelineReportForPipelineReportHandler] INFO  pipeline.PipelineStateManager (PipelineStateManager.java:openPipeline(131)) - Pipeline Pipeline[ Id: 834c768f-f0c5-4ca3-8072-35aa55bf6fa1, Nodes: 745bebb8-a96d-40a0-9df5-809e56437f40{ip: 172.17.0.2, host: 6909d8773a62, networkLocation: /default-rack, certSerialId: null}3a34a8a7-e5d5-4a3b-a36f-1e1141675d1c{ip: 172.17.0.2, host: 6909d8773a62, networkLocation: /default-rack, certSerialId: null}a59d88ab-138f-4718-b8ed-a326817ad93b{ip: 172.17.0.2, host: 6909d8773a62, networkLocation: /default-rack, certSerialId: null}, Type:RATIS, Factor:THREE, State:ALLOCATED, leaderId:745bebb8-a96d-40a0-9df5-809e56437f40, CreationTimestamp2020-07-23T00:54:45.551Z] moved to OPEN state
2020-07-23 00:54:53,647 [745bebb8-a96d-40a0-9df5-809e56437f40@group-35AA55BF6FA1-LeaderElection2] INFO  server.RaftServerConfigKeys (ConfUtils.java:logGet(44)) - raft.server.log.appender.snapshot.chunk.size.max = 16MB (=16777216) (default)
2020-07-23 00:54:53,647 [EventQueue-OpenPipelineForOneReplicaPipelineSafeModeRule] INFO  safemode.SCMSafeModeManager (SCMSafeModeManager.java:validateSafeModeExitRules(214)) - AtleastOneDatanodeReportedRule rule is successfully validated
2020-07-23 00:54:53,647 [EventQueue-OpenPipelineForHealthyPipelineSafeModeRule] INFO  safemode.SCMSafeModeManager (HealthyPipelineSafeModeRule.java:process(129)) - SCM in safe mode. Healthy pipelines reported count is 1, required healthy pipeline reported count is 1
2020-07-23 00:54:53,647 [745bebb8-a96d-40a0-9df5-809e56437f40@group-35AA55BF6FA1-LeaderElection2] INFO  server.RaftServerConfigKeys (ConfUtils.java:logGet(44)) - raft.server.log.appender.buffer.byte-limit = 33554432 (custom)
2020-07-23 00:54:53,648 [EventQueue-OpenPipelineForHealthyPipelineSafeModeRule] INFO  safemode.SCMSafeModeManager (SCMSafeModeManager.java:validateSafeModeExitRules(214)) - HealthyPipelineSafeModeRule rule is successfully validated
2020-07-23 00:54:53,648 [EventQueue-OpenPipelineForHealthyPipelineSafeModeRule] INFO  safemode.SCMSafeModeManager (SCMSafeModeManager.java:validateSafeModeExitRules(228)) - ScmSafeModeManager, all rules are successfully validated
2020-07-23 00:54:53,648 [EventQueue-OpenPipelineForHealthyPipelineSafeModeRule] INFO  safemode.SCMSafeModeManager (SCMSafeModeManager.java:exitSafeMode(257)) - SCM exiting safe mode.
2020-07-23 00:54:53,648 [a59d88ab-138f-4718-b8ed-a326817ad93b@group-4670F85F524A-LeaderElection4] INFO  impl.LeaderElection (LeaderElection.java:askForVotes(209)) - a59d88ab-138f-4718-b8ed-a326817ad93b@group-4670F85F524A-LeaderElection4: begin an election at term 1 for -1: [a59d88ab-138f-4718-b8ed-a326817ad93b:172.17.0.2:38463], old=null
2020-07-23 00:54:53,648 [a59d88ab-138f-4718-b8ed-a326817ad93b@group-4670F85F524A-LeaderElection4] INFO  impl.RoleInfo (RoleInfo.java:shutdownLeaderElection(134)) - a59d88ab-138f-4718-b8ed-a326817ad93b: shutdown LeaderElection
2020-07-23 00:54:53,648 [a59d88ab-138f-4718-b8ed-a326817ad93b@group-4670F85F524A-LeaderElection4] INFO  impl.RaftServerImpl (RaftServerImpl.java:setRole(185)) - a59d88ab-138f-4718-b8ed-a326817ad93b@group-4670F85F524A: changes role from CANDIDATE to LEADER at term 1 for changeToLeader
2020-07-23 00:54:53,648 [a59d88ab-138f-4718-b8ed-a326817ad93b@group-4670F85F524A-LeaderElection4] INFO  ratis.XceiverServerRatis (XceiverServerRatis.java:handleLeaderChangedNotification(820)) - Leader change notification received for group: group-4670F85F524A with new leaderId: a59d88ab-138f-4718-b8ed-a326817ad93b
2020-07-23 00:54:53,649 [a59d88ab-138f-4718-b8ed-a326817ad93b@group-4670F85F524A-LeaderElection4] INFO  impl.RaftServerImpl (ServerState.java:setLeader(255)) - a59d88ab-138f-4718-b8ed-a326817ad93b@group-4670F85F524A: change Leader from null to a59d88ab-138f-4718-b8ed-a326817ad93b at term 1 for becomeLeader, leader elected after 5174ms
2020-07-23 00:54:53,649 [a59d88ab-138f-4718-b8ed-a326817ad93b@group-4670F85F524A-LeaderElection4] INFO  server.RaftServerConfigKeys (ConfUtils.java:logGet(44)) - raft.server.staging.catchup.gap = 1000 (default)
2020-07-23 00:54:53,649 [a59d88ab-138f-4718-b8ed-a326817ad93b@group-4670F85F524A-LeaderElection4] INFO  server.RaftServerConfigKeys (ConfUtils.java:logGet(44)) - raft.server.rpc.sleep.time = 25ms (default)
2020-07-23 00:54:53,649 [a59d88ab-138f-4718-b8ed-a326817ad93b@group-35AA55BF6FA1-LeaderElection3] INFO  impl.LeaderElection (LeaderElection.java:logAndReturn(61)) - a59d88ab-138f-4718-b8ed-a326817ad93b@group-35AA55BF6FA1-LeaderElection3: Election REJECTED; received 2 response(s) [a59d88ab-138f-4718-b8ed-a326817ad93b<-3a34a8a7-e5d5-4a3b-a36f-1e1141675d1c#0:FAIL-t1, a59d88ab-138f-4718-b8ed-a326817ad93b<-745bebb8-a96d-40a0-9df5-809e56437f40#0:FAIL-t1] and 0 exception(s); a59d88ab-138f-4718-b8ed-a326817ad93b@group-35AA55BF6FA1:t1, leader=null, voted=a59d88ab-138f-4718-b8ed-a326817ad93b, raftlog=a59d88ab-138f-4718-b8ed-a326817ad93b@group-35AA55BF6FA1-SegmentedRaftLog:OPENED:c-1,f-1,i0, conf=-1: [3a34a8a7-e5d5-4a3b-a36f-1e1141675d1c:172.17.0.2:35767, 745bebb8-a96d-40a0-9df5-809e56437f40:172.17.0.2:40597, a59d88ab-138f-4718-b8ed-a326817ad93b:172.17.0.2:38463], old=null
2020-07-23 00:54:53,649 [745bebb8-a96d-40a0-9df5-809e56437f40@group-35AA55BF6FA1-LeaderElection2] INFO  server.RaftServerConfigKeys (ConfUtils.java:logGet(44)) - raft.server.log.appender.buffer.element-limit = 1 (custom)
2020-07-23 00:54:53,652 [a59d88ab-138f-4718-b8ed-a326817ad93b@group-35AA55BF6FA1-LeaderElection3] INFO  impl.RaftServerImpl (RaftServerImpl.java:setRole(185)) - a59d88ab-138f-4718-b8ed-a326817ad93b@group-35AA55BF6FA1: changes role from CANDIDATE to FOLLOWER at term 1 for DISCOVERED_A_NEW_TERM
2020-07-23 00:54:53,653 [a59d88ab-138f-4718-b8ed-a326817ad93b@group-35AA55BF6FA1-LeaderElection3] INFO  impl.RoleInfo (RoleInfo.java:shutdownLeaderElection(134)) - a59d88ab-138f-4718-b8ed-a326817ad93b: shutdown LeaderElection
2020-07-23 00:54:53,653 [a59d88ab-138f-4718-b8ed-a326817ad93b@group-35AA55BF6FA1-LeaderElection3] INFO  impl.RoleInfo (RoleInfo.java:updateAndGet(143)) - a59d88ab-138f-4718-b8ed-a326817ad93b: start FollowerState
2020-07-23 00:54:53,652 [a59d88ab-138f-4718-b8ed-a326817ad93b@group-4670F85F524A-LeaderElection4] INFO  metrics.RatisMetrics (RatisMetrics.java:lambda$create$0(36)) - Creating Metrics Registry : ratis.log_appender.a59d88ab-138f-4718-b8ed-a326817ad93b@group-4670F85F524A
2020-07-23 00:54:53,653 [a59d88ab-138f-4718-b8ed-a326817ad93b@group-4670F85F524A-LeaderElection4] INFO  server.RaftServerConfigKeys (ConfUtils.java:logGet(44)) - raft.server.write.element-limit = 1024 (custom)
2020-07-23 00:54:53,653 [a59d88ab-138f-4718-b8ed-a326817ad93b@group-4670F85F524A-LeaderElection4] INFO  server.RaftServerConfigKeys (ConfUtils.java:logGet(44)) - raft.server.write.byte-limit = 1073741824 (custom)
2020-07-23 00:54:53,653 [a59d88ab-138f-4718-b8ed-a326817ad93b@group-4670F85F524A-LeaderElection4] INFO  server.RaftServerConfigKeys (ConfUtils.java:logGet(44)) - raft.server.watch.timeout = 180s (custom)
2020-07-23 00:54:53,653 [a59d88ab-138f-4718-b8ed-a326817ad93b@group-4670F85F524A-LeaderElection4] INFO  server.RaftServerConfigKeys (ConfUtils.java:logGet(44)) - raft.server.watch.timeout.denomination = 1s (default)
2020-07-23 00:54:53,653 [a59d88ab-138f-4718-b8ed-a326817ad93b@group-4670F85F524A-LeaderElection4] INFO  server.RaftServerConfigKeys (ConfUtils.java:logGet(44)) - raft.server.watch.element-limit = 65536 (default)
2020-07-23 00:54:53,654 [a59d88ab-138f-4718-b8ed-a326817ad93b@group-4670F85F524A-LeaderElection4] INFO  impl.RoleInfo (RoleInfo.java:updateAndGet(143)) - a59d88ab-138f-4718-b8ed-a326817ad93b: start LeaderState
2020-07-23 00:54:53,654 [a59d88ab-138f-4718-b8ed-a326817ad93b@group-4670F85F524A-LeaderElection4] INFO  segmented.SegmentedRaftLogWorker (SegmentedRaftLogWorker.java:startLogSegment(397)) - a59d88ab-138f-4718-b8ed-a326817ad93b@group-4670F85F524A-SegmentedRaftLogWorker: Starting segment from index:0
2020-07-23 00:54:53,657 [745bebb8-a96d-40a0-9df5-809e56437f40@group-35AA55BF6FA1-LeaderElection2] INFO  grpc.GrpcConfigKeys (ConfUtils.java:logGet(44)) - raft.grpc.server.leader.outstanding.appends.max = 128 (default)
2020-07-23 00:54:53,657 [745bebb8-a96d-40a0-9df5-809e56437f40@group-35AA55BF6FA1-LeaderElection2] INFO  server.RaftServerConfigKeys (ConfUtils.java:logGet(44)) - raft.server.rpc.request.timeout = 60s (custom)
2020-07-23 00:54:53,657 [745bebb8-a96d-40a0-9df5-809e56437f40@group-35AA55BF6FA1-LeaderElection2] INFO  server.RaftServerConfigKeys (ConfUtils.java:logGet(44)) - raft.server.log.appender.install.snapshot.enabled = false (custom)
2020-07-23 00:54:53,658 [745bebb8-a96d-40a0-9df5-809e56437f40@group-35AA55BF6FA1-LeaderElection2] INFO  metrics.RatisMetrics (RatisMetrics.java:lambda$create$0(36)) - Creating Metrics Registry : ratis_grpc.log_appender.745bebb8-a96d-40a0-9df5-809e56437f40@group-35AA55BF6FA1
2020-07-23 00:54:53,660 [a59d88ab-138f-4718-b8ed-a326817ad93b@group-4670F85F524A-SegmentedRaftLogWorker] INFO  segmented.SegmentedRaftLogWorker (SegmentedRaftLogWorker.java:execute(596)) - a59d88ab-138f-4718-b8ed-a326817ad93b@group-4670F85F524A-SegmentedRaftLogWorker: created new log segment /github/workspace/mnt/ozone/hadoop-ozone/integration-test/target/test-dir/MiniOzoneClusterImpl-9dac51b2-5047-4894-9263-2f6317d89c21/datanode-1/data/ratis/be6af4ec-dd46-49df-a7ef-4670f85f524a/current/log_inprogress_0
2020-07-23 00:54:53,663 [a59d88ab-138f-4718-b8ed-a326817ad93b@group-4670F85F524A-LeaderElection4] INFO  impl.RaftServerImpl (ServerState.java:setRaftConf(356)) - a59d88ab-138f-4718-b8ed-a326817ad93b@group-4670F85F524A: set configuration 0: [a59d88ab-138f-4718-b8ed-a326817ad93b:172.17.0.2:38463], old=null at 0
2020-07-23 00:54:53,666 [745bebb8-a96d-40a0-9df5-809e56437f40@group-35AA55BF6FA1-LeaderElection2] INFO  server.RaftServerConfigKeys (ConfUtils.java:logGet(44)) - raft.server.log.appender.snapshot.chunk.size.max = 16MB (=16777216) (default)
2020-07-23 00:54:53,667 [745bebb8-a96d-40a0-9df5-809e56437f40@group-35AA55BF6FA1-LeaderElection2] INFO  server.RaftServerConfigKeys (ConfUtils.java:logGet(44)) - raft.server.log.appender.buffer.byte-limit = 33554432 (custom)
2020-07-23 00:54:53,667 [745bebb8-a96d-40a0-9df5-809e56437f40@group-35AA55BF6FA1-LeaderElection2] INFO  server.RaftServerConfigKeys (ConfUtils.java:logGet(44)) - raft.server.log.appender.buffer.element-limit = 1 (custom)
2020-07-23 00:54:53,667 [745bebb8-a96d-40a0-9df5-809e56437f40@group-35AA55BF6FA1-LeaderElection2] INFO  grpc.GrpcConfigKeys (ConfUtils.java:logGet(44)) - raft.grpc.server.leader.outstanding.appends.max = 128 (default)
2020-07-23 00:54:53,667 [745bebb8-a96d-40a0-9df5-809e56437f40@group-35AA55BF6FA1-LeaderElection2] INFO  server.RaftServerConfigKeys (ConfUtils.java:logGet(44)) - raft.server.rpc.request.timeout = 60s (custom)
2020-07-23 00:54:53,667 [745bebb8-a96d-40a0-9df5-809e56437f40@group-35AA55BF6FA1-LeaderElection2] INFO  server.RaftServerConfigKeys (ConfUtils.java:logGet(44)) - raft.server.log.appender.install.snapshot.enabled = false (custom)
2020-07-23 00:54:53,669 [745bebb8-a96d-40a0-9df5-809e56437f40@group-35AA55BF6FA1-LeaderElection2] INFO  impl.RoleInfo (RoleInfo.java:updateAndGet(143)) - 745bebb8-a96d-40a0-9df5-809e56437f40: start LeaderState
2020-07-23 00:54:53,669 [745bebb8-a96d-40a0-9df5-809e56437f40@group-35AA55BF6FA1-LeaderElection2] INFO  segmented.SegmentedRaftLogWorker (SegmentedRaftLogWorker.java:startLogSegment(397)) - 745bebb8-a96d-40a0-9df5-809e56437f40@group-35AA55BF6FA1-SegmentedRaftLogWorker: Starting segment from index:0
2020-07-23 00:54:53,670 [745bebb8-a96d-40a0-9df5-809e56437f40@group-35AA55BF6FA1-SegmentedRaftLogWorker] INFO  segmented.SegmentedRaftLogWorker (SegmentedRaftLogWorker.java:execute(596)) - 745bebb8-a96d-40a0-9df5-809e56437f40@group-35AA55BF6FA1-SegmentedRaftLogWorker: created new log segment /github/workspace/mnt/ozone/hadoop-ozone/integration-test/target/test-dir/MiniOzoneClusterImpl-9dac51b2-5047-4894-9263-2f6317d89c21/datanode-0/data/ratis/834c768f-f0c5-4ca3-8072-35aa55bf6fa1/current/log_inprogress_0
2020-07-23 00:54:53,671 [745bebb8-a96d-40a0-9df5-809e56437f40@group-35AA55BF6FA1-LeaderElection2] INFO  impl.RaftServerImpl (ServerState.java:setRaftConf(356)) - 745bebb8-a96d-40a0-9df5-809e56437f40@group-35AA55BF6FA1: set configuration 0: [3a34a8a7-e5d5-4a3b-a36f-1e1141675d1c:172.17.0.2:35767, 745bebb8-a96d-40a0-9df5-809e56437f40:172.17.0.2:40597, a59d88ab-138f-4718-b8ed-a326817ad93b:172.17.0.2:38463], old=null at 0
2020-07-23 00:54:53,693 [grpc-default-executor-2] INFO  ratis.XceiverServerRatis (XceiverServerRatis.java:handleLeaderChangedNotification(820)) - Leader change notification received for group: group-35AA55BF6FA1 with new leaderId: 745bebb8-a96d-40a0-9df5-809e56437f40
2020-07-23 00:54:53,693 [grpc-default-executor-0] INFO  ratis.XceiverServerRatis (XceiverServerRatis.java:handleLeaderChangedNotification(820)) - Leader change notification received for group: group-35AA55BF6FA1 with new leaderId: 745bebb8-a96d-40a0-9df5-809e56437f40
2020-07-23 00:54:53,693 [grpc-default-executor-0] INFO  impl.RaftServerImpl (ServerState.java:setLeader(255)) - a59d88ab-138f-4718-b8ed-a326817ad93b@group-35AA55BF6FA1: change Leader from null to 745bebb8-a96d-40a0-9df5-809e56437f40 at term 1 for appendEntries, leader elected after 5180ms
2020-07-23 00:54:53,695 [grpc-default-executor-2] INFO  impl.RaftServerImpl (ServerState.java:setLeader(255)) - 3a34a8a7-e5d5-4a3b-a36f-1e1141675d1c@group-35AA55BF6FA1: change Leader from null to 745bebb8-a96d-40a0-9df5-809e56437f40 at term 1 for appendEntries, leader elected after 5090ms
2020-07-23 00:54:53,716 [grpc-default-executor-2] INFO  impl.RaftServerImpl (ServerState.java:setRaftConf(356)) - 3a34a8a7-e5d5-4a3b-a36f-1e1141675d1c@group-35AA55BF6FA1: set configuration 0: [3a34a8a7-e5d5-4a3b-a36f-1e1141675d1c:172.17.0.2:35767, 745bebb8-a96d-40a0-9df5-809e56437f40:172.17.0.2:40597, a59d88ab-138f-4718-b8ed-a326817ad93b:172.17.0.2:38463], old=null at 0
2020-07-23 00:54:53,717 [grpc-default-executor-2] INFO  segmented.SegmentedRaftLogWorker (SegmentedRaftLogWorker.java:startLogSegment(397)) - 3a34a8a7-e5d5-4a3b-a36f-1e1141675d1c@group-35AA55BF6FA1-SegmentedRaftLogWorker: Starting segment from index:0
2020-07-23 00:54:53,717 [grpc-default-executor-0] INFO  impl.RaftServerImpl (ServerState.java:setRaftConf(356)) - a59d88ab-138f-4718-b8ed-a326817ad93b@group-35AA55BF6FA1: set configuration 0: [3a34a8a7-e5d5-4a3b-a36f-1e1141675d1c:172.17.0.2:35767, 745bebb8-a96d-40a0-9df5-809e56437f40:172.17.0.2:40597, a59d88ab-138f-4718-b8ed-a326817ad93b:172.17.0.2:38463], old=null at 0
2020-07-23 00:54:53,717 [grpc-default-executor-0] INFO  segmented.SegmentedRaftLogWorker (SegmentedRaftLogWorker.java:startLogSegment(397)) - a59d88ab-138f-4718-b8ed-a326817ad93b@group-35AA55BF6FA1-SegmentedRaftLogWorker: Starting segment from index:0
2020-07-23 00:54:53,720 [a59d88ab-138f-4718-b8ed-a326817ad93b@group-35AA55BF6FA1-SegmentedRaftLogWorker] INFO  segmented.SegmentedRaftLogWorker (SegmentedRaftLogWorker.java:execute(596)) - a59d88ab-138f-4718-b8ed-a326817ad93b@group-35AA55BF6FA1-SegmentedRaftLogWorker: created new log segment /github/workspace/mnt/ozone/hadoop-ozone/integration-test/target/test-dir/MiniOzoneClusterImpl-9dac51b2-5047-4894-9263-2f6317d89c21/datanode-1/data/ratis/834c768f-f0c5-4ca3-8072-35aa55bf6fa1/current/log_inprogress_0
2020-07-23 00:54:53,720 [3a34a8a7-e5d5-4a3b-a36f-1e1141675d1c@group-35AA55BF6FA1-SegmentedRaftLogWorker] INFO  segmented.SegmentedRaftLogWorker (SegmentedRaftLogWorker.java:execute(596)) - 3a34a8a7-e5d5-4a3b-a36f-1e1141675d1c@group-35AA55BF6FA1-SegmentedRaftLogWorker: created new log segment /github/workspace/mnt/ozone/hadoop-ozone/integration-test/target/test-dir/MiniOzoneClusterImpl-9dac51b2-5047-4894-9263-2f6317d89c21/datanode-2/data/ratis/834c768f-f0c5-4ca3-8072-35aa55bf6fa1/current/log_inprogress_0
2020-07-23 00:54:53,741 [Thread-214] INFO  impl.FollowerState (FollowerState.java:run(108)) - 3a34a8a7-e5d5-4a3b-a36f-1e1141675d1c@group-DC6DB57241DA-FollowerState: change to CANDIDATE, lastRpcTime:5143ms, electionTimeout:5143ms
2020-07-23 00:54:53,741 [Thread-214] INFO  impl.RoleInfo (RoleInfo.java:shutdownFollowerState(121)) - 3a34a8a7-e5d5-4a3b-a36f-1e1141675d1c: shutdown FollowerState
2020-07-23 00:54:53,741 [Thread-214] INFO  impl.RaftServerImpl (RaftServerImpl.java:setRole(185)) - 3a34a8a7-e5d5-4a3b-a36f-1e1141675d1c@group-DC6DB57241DA: changes role from  FOLLOWER to CANDIDATE at term 0 for changeToCandidate
2020-07-23 00:54:53,741 [Thread-214] INFO  impl.RoleInfo (RoleInfo.java:updateAndGet(143)) - 3a34a8a7-e5d5-4a3b-a36f-1e1141675d1c: start LeaderElection
2020-07-23 00:54:53,745 [3a34a8a7-e5d5-4a3b-a36f-1e1141675d1c@group-DC6DB57241DA-LeaderElection5] INFO  impl.LeaderElection (LeaderElection.java:askForVotes(209)) - 3a34a8a7-e5d5-4a3b-a36f-1e1141675d1c@group-DC6DB57241DA-LeaderElection5: begin an election at term 1 for -1: [3a34a8a7-e5d5-4a3b-a36f-1e1141675d1c:172.17.0.2:35767], old=null
2020-07-23 00:54:53,747 [3a34a8a7-e5d5-4a3b-a36f-1e1141675d1c@group-DC6DB57241DA-LeaderElection5] INFO  impl.RoleInfo (RoleInfo.java:shutdownLeaderElection(134)) - 3a34a8a7-e5d5-4a3b-a36f-1e1141675d1c: shutdown LeaderElection
2020-07-23 00:54:53,747 [3a34a8a7-e5d5-4a3b-a36f-1e1141675d1c@group-DC6DB57241DA-LeaderElection5] INFO  impl.RaftServerImpl (RaftServerImpl.java:setRole(185)) - 3a34a8a7-e5d5-4a3b-a36f-1e1141675d1c@group-DC6DB57241DA: changes role from CANDIDATE to LEADER at term 1 for changeToLeader
2020-07-23 00:54:53,747 [3a34a8a7-e5d5-4a3b-a36f-1e1141675d1c@group-DC6DB57241DA-LeaderElection5] INFO  ratis.XceiverServerRatis (XceiverServerRatis.java:handleLeaderChangedNotification(820)) - Leader change notification received for group: group-DC6DB57241DA with new leaderId: 3a34a8a7-e5d5-4a3b-a36f-1e1141675d1c
2020-07-23 00:54:53,747 [3a34a8a7-e5d5-4a3b-a36f-1e1141675d1c@group-DC6DB57241DA-LeaderElection5] INFO  impl.RaftServerImpl (ServerState.java:setLeader(255)) - 3a34a8a7-e5d5-4a3b-a36f-1e1141675d1c@group-DC6DB57241DA: change Leader from null to 3a34a8a7-e5d5-4a3b-a36f-1e1141675d1c at term 1 for becomeLeader, leader elected after 5173ms
2020-07-23 00:54:53,747 [3a34a8a7-e5d5-4a3b-a36f-1e1141675d1c@group-DC6DB57241DA-LeaderElection5] INFO  server.RaftServerConfigKeys (ConfUtils.java:logGet(44)) - raft.server.staging.catchup.gap = 1000 (default)
2020-07-23 00:54:53,747 [3a34a8a7-e5d5-4a3b-a36f-1e1141675d1c@group-DC6DB57241DA-LeaderElection5] INFO  server.RaftServerConfigKeys (ConfUtils.java:logGet(44)) - raft.server.rpc.sleep.time = 25ms (default)
2020-07-23 00:54:53,748 [3a34a8a7-e5d5-4a3b-a36f-1e1141675d1c@group-DC6DB57241DA-LeaderElection5] INFO  metrics.RatisMetrics (RatisMetrics.java:lambda$create$0(36)) - Creating Metrics Registry : ratis.log_appender.3a34a8a7-e5d5-4a3b-a36f-1e1141675d1c@group-DC6DB57241DA
2020-07-23 00:54:53,749 [3a34a8a7-e5d5-4a3b-a36f-1e1141675d1c@group-DC6DB57241DA-LeaderElection5] INFO  server.RaftServerConfigKeys (ConfUtils.java:logGet(44)) - raft.server.write.element-limit = 1024 (custom)
2020-07-23 00:54:53,749 [3a34a8a7-e5d5-4a3b-a36f-1e1141675d1c@group-DC6DB57241DA-LeaderElection5] INFO  server.RaftServerConfigKeys (ConfUtils.java:logGet(44)) - raft.server.write.byte-limit = 1073741824 (custom)
2020-07-23 00:54:53,749 [3a34a8a7-e5d5-4a3b-a36f-1e1141675d1c@group-DC6DB57241DA-LeaderElection5] INFO  server.RaftServerConfigKeys (ConfUtils.java:logGet(44)) - raft.server.watch.timeout = 180s (custom)
2020-07-23 00:54:53,749 [3a34a8a7-e5d5-4a3b-a36f-1e1141675d1c@group-DC6DB57241DA-LeaderElection5] INFO  server.RaftServerConfigKeys (ConfUtils.java:logGet(44)) - raft.server.watch.timeout.denomination = 1s (default)
2020-07-23 00:54:53,749 [3a34a8a7-e5d5-4a3b-a36f-1e1141675d1c@group-DC6DB57241DA-LeaderElection5] INFO  server.RaftServerConfigKeys (ConfUtils.java:logGet(44)) - raft.server.watch.element-limit = 65536 (default)
2020-07-23 00:54:53,751 [3a34a8a7-e5d5-4a3b-a36f-1e1141675d1c@group-DC6DB57241DA-LeaderElection5] INFO  impl.RoleInfo (RoleInfo.java:updateAndGet(143)) - 3a34a8a7-e5d5-4a3b-a36f-1e1141675d1c: start LeaderState
2020-07-23 00:54:53,751 [3a34a8a7-e5d5-4a3b-a36f-1e1141675d1c@group-DC6DB57241DA-LeaderElection5] INFO  segmented.SegmentedRaftLogWorker (SegmentedRaftLogWorker.java:startLogSegment(397)) - 3a34a8a7-e5d5-4a3b-a36f-1e1141675d1c@group-DC6DB57241DA-SegmentedRaftLogWorker: Starting segment from index:0
2020-07-23 00:54:53,752 [3a34a8a7-e5d5-4a3b-a36f-1e1141675d1c@group-DC6DB57241DA-LeaderElection5] INFO  impl.RaftServerImpl (ServerState.java:setRaftConf(356)) - 3a34a8a7-e5d5-4a3b-a36f-1e1141675d1c@group-DC6DB57241DA: set configuration 0: [3a34a8a7-e5d5-4a3b-a36f-1e1141675d1c:172.17.0.2:35767], old=null at 0
2020-07-23 00:54:53,753 [3a34a8a7-e5d5-4a3b-a36f-1e1141675d1c@group-DC6DB57241DA-SegmentedRaftLogWorker] INFO  segmented.SegmentedRaftLogWorker (SegmentedRaftLogWorker.java:execute(596)) - 3a34a8a7-e5d5-4a3b-a36f-1e1141675d1c@group-DC6DB57241DA-SegmentedRaftLogWorker: created new log segment /github/workspace/mnt/ozone/hadoop-ozone/integration-test/target/test-dir/MiniOzoneClusterImpl-9dac51b2-5047-4894-9263-2f6317d89c21/datanode-2/data/ratis/c465719e-8a14-4c58-86ef-dc6db57241da/current/log_inprogress_0
2020-07-23 00:54:53,760 [Thread-218] INFO  impl.FollowerState (FollowerState.java:run(108)) - 4e15fd63-2a96-4f95-8adf-0d310758cb63@group-06630CCB7588-FollowerState: change to CANDIDATE, lastRpcTime:5028ms, electionTimeout:5028ms
2020-07-23 00:54:53,760 [Thread-218] INFO  impl.RoleInfo (RoleInfo.java:shutdownFollowerState(121)) - 4e15fd63-2a96-4f95-8adf-0d310758cb63: shutdown FollowerState
2020-07-23 00:54:53,760 [Thread-218] INFO  impl.RaftServerImpl (RaftServerImpl.java:setRole(185)) - 4e15fd63-2a96-4f95-8adf-0d310758cb63@group-06630CCB7588: changes role from  FOLLOWER to CANDIDATE at term 0 for changeToCandidate
2020-07-23 00:54:53,760 [Thread-218] INFO  impl.RoleInfo (RoleInfo.java:updateAndGet(143)) - 4e15fd63-2a96-4f95-8adf-0d310758cb63: start LeaderElection
2020-07-23 00:54:53,774 [4e15fd63-2a96-4f95-8adf-0d310758cb63@group-06630CCB7588-LeaderElection6] INFO  impl.LeaderElection (LeaderElection.java:askForVotes(209)) - 4e15fd63-2a96-4f95-8adf-0d310758cb63@group-06630CCB7588-LeaderElection6: begin an election at term 1 for -1: [4e15fd63-2a96-4f95-8adf-0d310758cb63:172.17.0.2:34239], old=null
2020-07-23 00:54:53,774 [4e15fd63-2a96-4f95-8adf-0d310758cb63@group-06630CCB7588-LeaderElection6] INFO  impl.RoleInfo (RoleInfo.java:shutdownLeaderElection(134)) - 4e15fd63-2a96-4f95-8adf-0d310758cb63: shutdown LeaderElection
2020-07-23 00:54:53,775 [4e15fd63-2a96-4f95-8adf-0d310758cb63@group-06630CCB7588-LeaderElection6] INFO  impl.RaftServerImpl (RaftServerImpl.java:setRole(185)) - 4e15fd63-2a96-4f95-8adf-0d310758cb63@group-06630CCB7588: changes role from CANDIDATE to LEADER at term 1 for changeToLeader
2020-07-23 00:54:53,775 [4e15fd63-2a96-4f95-8adf-0d310758cb63@group-06630CCB7588-LeaderElection6] INFO  ratis.XceiverServerRatis (XceiverServerRatis.java:handleLeaderChangedNotification(820)) - Leader change notification received for group: group-06630CCB7588 with new leaderId: 4e15fd63-2a96-4f95-8adf-0d310758cb63
2020-07-23 00:54:53,775 [4e15fd63-2a96-4f95-8adf-0d310758cb63@group-06630CCB7588-LeaderElection6] INFO  impl.RaftServerImpl (ServerState.java:setLeader(255)) - 4e15fd63-2a96-4f95-8adf-0d310758cb63@group-06630CCB7588: change Leader from null to 4e15fd63-2a96-4f95-8adf-0d310758cb63 at term 1 for becomeLeader, leader elected after 5060ms
2020-07-23 00:54:53,775 [4e15fd63-2a96-4f95-8adf-0d310758cb63@group-06630CCB7588-LeaderElection6] INFO  server.RaftServerConfigKeys (ConfUtils.java:logGet(44)) - raft.server.staging.catchup.gap = 1000 (default)
2020-07-23 00:54:53,775 [4e15fd63-2a96-4f95-8adf-0d310758cb63@group-06630CCB7588-LeaderElection6] INFO  server.RaftServerConfigKeys (ConfUtils.java:logGet(44)) - raft.server.rpc.sleep.time = 25ms (default)
2020-07-23 00:54:53,775 [4e15fd63-2a96-4f95-8adf-0d310758cb63@group-06630CCB7588-LeaderElection6] INFO  metrics.RatisMetrics (RatisMetrics.java:lambda$create$0(36)) - Creating Metrics Registry : ratis.log_appender.4e15fd63-2a96-4f95-8adf-0d310758cb63@group-06630CCB7588
2020-07-23 00:54:53,775 [4e15fd63-2a96-4f95-8adf-0d310758cb63@group-06630CCB7588-LeaderElection6] INFO  server.RaftServerConfigKeys (ConfUtils.java:logGet(44)) - raft.server.write.element-limit = 1024 (custom)
2020-07-23 00:54:53,775 [4e15fd63-2a96-4f95-8adf-0d310758cb63@group-06630CCB7588-LeaderElection6] INFO  server.RaftServerConfigKeys (ConfUtils.java:logGet(44)) - raft.server.write.byte-limit = 1073741824 (custom)
2020-07-23 00:54:53,775 [4e15fd63-2a96-4f95-8adf-0d310758cb63@group-06630CCB7588-LeaderElection6] INFO  server.RaftServerConfigKeys (ConfUtils.java:logGet(44)) - raft.server.watch.timeout = 180s (custom)
2020-07-23 00:54:53,775 [4e15fd63-2a96-4f95-8adf-0d310758cb63@group-06630CCB7588-LeaderElection6] INFO  server.RaftServerConfigKeys (ConfUtils.java:logGet(44)) - raft.server.watch.timeout.denomination = 1s (default)
2020-07-23 00:54:53,775 [4e15fd63-2a96-4f95-8adf-0d310758cb63@group-06630CCB7588-LeaderElection6] INFO  server.RaftServerConfigKeys (ConfUtils.java:logGet(44)) - raft.server.watch.element-limit = 65536 (default)
2020-07-23 00:54:53,776 [4e15fd63-2a96-4f95-8adf-0d310758cb63@group-06630CCB7588-LeaderElection6] INFO  impl.RoleInfo (RoleInfo.java:updateAndGet(143)) - 4e15fd63-2a96-4f95-8adf-0d310758cb63: start LeaderState
2020-07-23 00:54:53,776 [4e15fd63-2a96-4f95-8adf-0d310758cb63@group-06630CCB7588-LeaderElection6] INFO  segmented.SegmentedRaftLogWorker (SegmentedRaftLogWorker.java:startLogSegment(397)) - 4e15fd63-2a96-4f95-8adf-0d310758cb63@group-06630CCB7588-SegmentedRaftLogWorker: Starting segment from index:0
2020-07-23 00:54:53,777 [4e15fd63-2a96-4f95-8adf-0d310758cb63@group-06630CCB7588-SegmentedRaftLogWorker] INFO  segmented.SegmentedRaftLogWorker (SegmentedRaftLogWorker.java:execute(596)) - 4e15fd63-2a96-4f95-8adf-0d310758cb63@group-06630CCB7588-SegmentedRaftLogWorker: created new log segment /github/workspace/mnt/ozone/hadoop-ozone/integration-test/target/test-dir/MiniOzoneClusterImpl-9dac51b2-5047-4894-9263-2f6317d89c21/datanode-3/data/ratis/c801e4df-dd63-42c5-b52a-06630ccb7588/current/log_inprogress_0
2020-07-23 00:54:53,779 [4e15fd63-2a96-4f95-8adf-0d310758cb63@group-06630CCB7588-LeaderElection6] INFO  impl.RaftServerImpl (ServerState.java:setRaftConf(356)) - 4e15fd63-2a96-4f95-8adf-0d310758cb63@group-06630CCB7588: set configuration 0: [4e15fd63-2a96-4f95-8adf-0d310758cb63:172.17.0.2:34239], old=null at 0
2020-07-23 00:54:53,818 [Listener at 127.0.0.1/38187] INFO  ozone.MiniOzoneClusterImpl (MiniOzoneClusterImpl.java:lambda$waitForClusterToBeReady$0(177)) - Nodes are ready. Got 5 of 5 DN Heartbeats.
2020-07-23 00:54:53,818 [Listener at 127.0.0.1/38187] INFO  ozone.MiniOzoneClusterImpl (MiniOzoneClusterImpl.java:lambda$waitForClusterToBeReady$0(180)) - Cluster exits safe mode
2020-07-23 00:54:53,834 [Listener at 127.0.0.1/38187] INFO  pipeline.SCMPipelineManager (SCMPipelineManager.java:finalizeAndDestroyPipeline(450)) - Destroying pipeline:Pipeline[ Id: 834c768f-f0c5-4ca3-8072-35aa55bf6fa1, Nodes: 745bebb8-a96d-40a0-9df5-809e56437f40{ip: 172.17.0.2, host: 6909d8773a62, networkLocation: /default-rack, certSerialId: null}3a34a8a7-e5d5-4a3b-a36f-1e1141675d1c{ip: 172.17.0.2, host: 6909d8773a62, networkLocation: /default-rack, certSerialId: null}a59d88ab-138f-4718-b8ed-a326817ad93b{ip: 172.17.0.2, host: 6909d8773a62, networkLocation: /default-rack, certSerialId: null}, Type:RATIS, Factor:THREE, State:OPEN, leaderId:745bebb8-a96d-40a0-9df5-809e56437f40, CreationTimestamp2020-07-23T00:54:45.551Z]
2020-07-23 00:54:53,834 [Listener at 127.0.0.1/38187] INFO  pipeline.PipelineStateManager (PipelineStateManager.java:finalizePipeline(120)) - Pipeline Pipeline[ Id: 834c768f-f0c5-4ca3-8072-35aa55bf6fa1, Nodes: 745bebb8-a96d-40a0-9df5-809e56437f40{ip: 172.17.0.2, host: 6909d8773a62, networkLocation: /default-rack, certSerialId: null}3a34a8a7-e5d5-4a3b-a36f-1e1141675d1c{ip: 172.17.0.2, host: 6909d8773a62, networkLocation: /default-rack, certSerialId: null}a59d88ab-138f-4718-b8ed-a326817ad93b{ip: 172.17.0.2, host: 6909d8773a62, networkLocation: /default-rack, certSerialId: null}, Type:RATIS, Factor:THREE, State:CLOSED, leaderId:745bebb8-a96d-40a0-9df5-809e56437f40, CreationTimestamp2020-07-23T00:54:45.551Z] moved to CLOSED state
2020-07-23 00:54:53,835 [Listener at 127.0.0.1/38187] INFO  pipeline.RatisPipelineProvider (RatisPipelineProvider.java:lambda$close$1(176)) - Send pipeline:PipelineID=834c768f-f0c5-4ca3-8072-35aa55bf6fa1 close command to datanode 745bebb8-a96d-40a0-9df5-809e56437f40
2020-07-23 00:54:53,835 [Listener at 127.0.0.1/38187] INFO  pipeline.RatisPipelineProvider (RatisPipelineProvider.java:lambda$close$1(176)) - Send pipeline:PipelineID=834c768f-f0c5-4ca3-8072-35aa55bf6fa1 close command to datanode 3a34a8a7-e5d5-4a3b-a36f-1e1141675d1c
2020-07-23 00:54:53,835 [Listener at 127.0.0.1/38187] INFO  pipeline.RatisPipelineProvider (RatisPipelineProvider.java:lambda$close$1(176)) - Send pipeline:PipelineID=834c768f-f0c5-4ca3-8072-35aa55bf6fa1 close command to datanode a59d88ab-138f-4718-b8ed-a326817ad93b
2020-07-23 00:54:53,835 [Listener at 127.0.0.1/38187] INFO  pipeline.PipelineStateManager (PipelineStateManager.java:removePipeline(105)) - Pipeline Pipeline[ Id: 834c768f-f0c5-4ca3-8072-35aa55bf6fa1, Nodes: 745bebb8-a96d-40a0-9df5-809e56437f40{ip: 172.17.0.2, host: 6909d8773a62, networkLocation: /default-rack, certSerialId: null}3a34a8a7-e5d5-4a3b-a36f-1e1141675d1c{ip: 172.17.0.2, host: 6909d8773a62, networkLocation: /default-rack, certSerialId: null}a59d88ab-138f-4718-b8ed-a326817ad93b{ip: 172.17.0.2, host: 6909d8773a62, networkLocation: /default-rack, certSerialId: null}, Type:RATIS, Factor:THREE, State:CLOSED, leaderId:745bebb8-a96d-40a0-9df5-809e56437f40, CreationTimestamp2020-07-23T00:54:45.551Z] removed from db
2020-07-23 00:54:53,836 [Listener at 127.0.0.1/38187] INFO  ozone.MiniOzoneClusterImpl (MiniOzoneClusterImpl.java:shutdown(387)) - Shutting down the Mini Ozone Cluster
2020-07-23 00:54:53,836 [Listener at 127.0.0.1/38187] INFO  ozone.MiniOzoneClusterImpl (MiniOzoneClusterImpl.java:stop(402)) - Stopping the Mini Ozone Cluster
2020-07-23 00:54:53,836 [Listener at 127.0.0.1/38187] INFO  ozone.MiniOzoneClusterImpl (MiniOzoneClusterImpl.java:stopOM(484)) - Stopping the OzoneManager
2020-07-23 00:54:53,837 [Listener at 127.0.0.1/38187] INFO  ipc.Server (Server.java:stop(3359)) - Stopping server on 38187
2020-07-23 00:54:53,837 [RatisPipelineUtilsThread] ERROR pipeline.SCMPipelineManager (SCMPipelineManager.java:createPipeline(275)) - Failed to create pipeline of type RATIS and factor ONE. Exception: Cannot create pipeline of factor 1 using 0 nodes. Used 5 nodes. Healthy nodes 5
2020-07-23 00:54:53,845 [RatisPipelineUtilsThread] INFO  pipeline.RatisPipelineProvider (RatisPipelineProvider.java:lambda$create$0(138)) - Sending CreatePipelineCommand for pipeline:PipelineID=44e39ca1-112b-4988-ba64-b87554f3a137 to datanode:4e15fd63-2a96-4f95-8adf-0d310758cb63
2020-07-23 00:54:53,846 [RatisPipelineUtilsThread] INFO  pipeline.RatisPipelineProvider (RatisPipelineProvider.java:lambda$create$0(138)) - Sending CreatePipelineCommand for pipeline:PipelineID=44e39ca1-112b-4988-ba64-b87554f3a137 to datanode:4ab4f3a8-f3a2-4b4e-a399-e033d3e8ee76
2020-07-23 00:54:53,846 [RatisPipelineUtilsThread] INFO  pipeline.RatisPipelineProvider (RatisPipelineProvider.java:lambda$create$0(138)) - Sending CreatePipelineCommand for pipeline:PipelineID=44e39ca1-112b-4988-ba64-b87554f3a137 to datanode:745bebb8-a96d-40a0-9df5-809e56437f40
2020-07-23 00:54:53,846 [RatisPipelineUtilsThread] INFO  pipeline.PipelineStateManager (PipelineStateManager.java:addPipeline(54)) - Created pipeline Pipeline[ Id: 44e39ca1-112b-4988-ba64-b87554f3a137, Nodes: 4e15fd63-2a96-4f95-8adf-0d310758cb63{ip: 172.17.0.2, host: 6909d8773a62, networkLocation: /default-rack, certSerialId: null}4ab4f3a8-f3a2-4b4e-a399-e033d3e8ee76{ip: 172.17.0.2, host: 6909d8773a62, networkLocation: /default-rack, certSerialId: null}745bebb8-a96d-40a0-9df5-809e56437f40{ip: 172.17.0.2, host: 6909d8773a62, networkLocation: /default-rack, certSerialId: null}, Type:RATIS, Factor:THREE, State:ALLOCATED, leaderId:, CreationTimestamp2020-07-23T00:54:53.845Z]
2020-07-23 00:54:53,846 [RatisPipelineUtilsThread] ERROR pipeline.SCMPipelineManager (SCMPipelineManager.java:createPipeline(275)) - Failed to create pipeline of type RATIS and factor THREE. Exception: Pipeline creation failed because nodes are engaged in other pipelines and every node can only be engaged in max 2 pipelines. Required 3. Found 2
2020-07-23 00:54:53,848 [IPC Server listener on 0] INFO  ipc.Server (Server.java:run(1330)) - Stopping IPC Server listener on 0
2020-07-23 00:54:53,849 [Listener at 127.0.0.1/38187] INFO  ratis.OzoneManagerDoubleBuffer (OzoneManagerDoubleBuffer.java:stop(458)) - Stopping OMDoubleBuffer flush thread
2020-07-23 00:54:53,849 [IPC Server Responder] INFO  ipc.Server (Server.java:run(1465)) - Stopping IPC Server Responder
2020-07-23 00:54:53,850 [OMDoubleBufferFlushThread] INFO  ratis.OzoneManagerDoubleBuffer (OzoneManagerDoubleBuffer.java:flushTransactions(357)) - OMDoubleBuffer flush thread OMDoubleBufferFlushThread is interrupted and will exit. OMDoubleBufferFlushThread
2020-07-23 00:54:53,850 [Listener at 127.0.0.1/38187] INFO  utils.BackgroundService (BackgroundService.java:shutdown(157)) - Shutting down service KeyDeletingService
2020-07-23 00:54:53,990 [Listener at 127.0.0.1/38187] INFO  handler.ContextHandler (ContextHandler.java:doStop(1016)) - Stopped o.e.j.w.WebAppContext@13dc5d20{ozoneManager,/,null,UNAVAILABLE}{file:/github/workspace/mnt/ozone/hadoop-ozone/integration-test/target/test-classes/webapps/ozoneManager}
2020-07-23 00:54:53,996 [Listener at 127.0.0.1/38187] INFO  server.AbstractConnector (AbstractConnector.java:doStop(380)) - Stopped ServerConnector@4896bdd8{HTTP/1.1,[http/1.1]}{0.0.0.0:0}
2020-07-23 00:54:53,997 [Listener at 127.0.0.1/38187] INFO  server.session (HouseKeeper.java:stopScavenging(158)) - node0 Stopped scavenging
2020-07-23 00:54:53,997 [Listener at 127.0.0.1/38187] INFO  handler.ContextHandler (ContextHandler.java:doStop(1016)) - Stopped o.e.j.s.ServletContextHandler@7163fdd6{static,/static,file:///github/workspace/mnt/ozone/hadoop-ozone/integration-test/target/test-classes/webapps/static,UNAVAILABLE}
2020-07-23 00:54:53,997 [Listener at 127.0.0.1/38187] INFO  handler.ContextHandler (ContextHandler.java:doStop(1016)) - Stopped o.e.j.s.ServletContextHandler@11f82af2{logs,/logs,file:///github/workspace/mnt/ozone/hadoop-ozone/integration-test/target/log,UNAVAILABLE}
2020-07-23 00:54:54,000 [Listener at 127.0.0.1/38187] INFO  ozone.MiniOzoneClusterImpl (MiniOzoneClusterImpl.java:stopDatanodes(461)) - Stopping the HddsDatanodes
2020-07-23 00:54:54,110 [Thread-222] INFO  impl.FollowerState (FollowerState.java:run(108)) - 4ab4f3a8-f3a2-4b4e-a399-e033d3e8ee76@group-FA264CF1F030-FollowerState: change to CANDIDATE, lastRpcTime:5204ms, electionTimeout:5194ms
2020-07-23 00:54:54,111 [Thread-222] INFO  impl.RoleInfo (RoleInfo.java:shutdownFollowerState(121)) - 4ab4f3a8-f3a2-4b4e-a399-e033d3e8ee76: shutdown FollowerState
2020-07-23 00:54:54,111 [Thread-222] INFO  impl.RaftServerImpl (RaftServerImpl.java:setRole(185)) - 4ab4f3a8-f3a2-4b4e-a399-e033d3e8ee76@group-FA264CF1F030: changes role from  FOLLOWER to CANDIDATE at term 0 for changeToCandidate
2020-07-23 00:54:54,111 [Thread-222] INFO  impl.RoleInfo (RoleInfo.java:updateAndGet(143)) - 4ab4f3a8-f3a2-4b4e-a399-e033d3e8ee76: start LeaderElection
2020-07-23 00:54:54,114 [4ab4f3a8-f3a2-4b4e-a399-e033d3e8ee76@group-FA264CF1F030-LeaderElection7] INFO  impl.LeaderElection (LeaderElection.java:askForVotes(209)) - 4ab4f3a8-f3a2-4b4e-a399-e033d3e8ee76@group-FA264CF1F030-LeaderElection7: begin an election at term 1 for -1: [4ab4f3a8-f3a2-4b4e-a399-e033d3e8ee76:172.17.0.2:35883], old=null
2020-07-23 00:54:54,114 [4ab4f3a8-f3a2-4b4e-a399-e033d3e8ee76@group-FA264CF1F030-LeaderElection7] INFO  impl.RoleInfo (RoleInfo.java:shutdownLeaderElection(134)) - 4ab4f3a8-f3a2-4b4e-a399-e033d3e8ee76: shutdown LeaderElection
2020-07-23 00:54:54,114 [4ab4f3a8-f3a2-4b4e-a399-e033d3e8ee76@group-FA264CF1F030-LeaderElection7] INFO  impl.RaftServerImpl (RaftServerImpl.java:setRole(185)) - 4ab4f3a8-f3a2-4b4e-a399-e033d3e8ee76@group-FA264CF1F030: changes role from CANDIDATE to LEADER at term 1 for changeToLeader
2020-07-23 00:54:54,114 [4ab4f3a8-f3a2-4b4e-a399-e033d3e8ee76@group-FA264CF1F030-LeaderElection7] INFO  ratis.XceiverServerRatis (XceiverServerRatis.java:handleLeaderChangedNotification(820)) - Leader change notification received for group: group-FA264CF1F030 with new leaderId: 4ab4f3a8-f3a2-4b4e-a399-e033d3e8ee76
2020-07-23 00:54:54,118 [4ab4f3a8-f3a2-4b4e-a399-e033d3e8ee76@group-FA264CF1F030-LeaderElection7] INFO  impl.RaftServerImpl (ServerState.java:setLeader(255)) - 4ab4f3a8-f3a2-4b4e-a399-e033d3e8ee76@group-FA264CF1F030: change Leader from null to 4ab4f3a8-f3a2-4b4e-a399-e033d3e8ee76 at term 1 for becomeLeader, leader elected after 5248ms
2020-07-23 00:54:54,118 [4ab4f3a8-f3a2-4b4e-a399-e033d3e8ee76@group-FA264CF1F030-LeaderElection7] INFO  server.RaftServerConfigKeys (ConfUtils.java:logGet(44)) - raft.server.staging.catchup.gap = 1000 (default)
2020-07-23 00:54:54,119 [4ab4f3a8-f3a2-4b4e-a399-e033d3e8ee76@group-FA264CF1F030-LeaderElection7] INFO  server.RaftServerConfigKeys (ConfUtils.java:logGet(44)) - raft.server.rpc.sleep.time = 25ms (default)
2020-07-23 00:54:54,119 [4ab4f3a8-f3a2-4b4e-a399-e033d3e8ee76@group-FA264CF1F030-LeaderElection7] INFO  metrics.RatisMetrics (RatisMetrics.java:lambda$create$0(36)) - Creating Metrics Registry : ratis.log_appender.4ab4f3a8-f3a2-4b4e-a399-e033d3e8ee76@group-FA264CF1F030
2020-07-23 00:54:54,119 [4ab4f3a8-f3a2-4b4e-a399-e033d3e8ee76@group-FA264CF1F030-LeaderElection7] INFO  server.RaftServerConfigKeys (ConfUtils.java:logGet(44)) - raft.server.write.element-limit = 1024 (custom)
2020-07-23 00:54:54,119 [4ab4f3a8-f3a2-4b4e-a399-e033d3e8ee76@group-FA264CF1F030-LeaderElection7] INFO  server.RaftServerConfigKeys (ConfUtils.java:logGet(44)) - raft.server.write.byte-limit = 1073741824 (custom)
2020-07-23 00:54:54,119 [4ab4f3a8-f3a2-4b4e-a399-e033d3e8ee76@group-FA264CF1F030-LeaderElection7] INFO  server.RaftServerConfigKeys (ConfUtils.java:logGet(44)) - raft.server.watch.timeout = 180s (custom)
2020-07-23 00:54:54,119 [4ab4f3a8-f3a2-4b4e-a399-e033d3e8ee76@group-FA264CF1F030-LeaderElection7] INFO  server.RaftServerConfigKeys (ConfUtils.java:logGet(44)) - raft.server.watch.timeout.denomination = 1s (default)
2020-07-23 00:54:54,119 [4ab4f3a8-f3a2-4b4e-a399-e033d3e8ee76@group-FA264CF1F030-LeaderElection7] INFO  server.RaftServerConfigKeys (ConfUtils.java:logGet(44)) - raft.server.watch.element-limit = 65536 (default)
2020-07-23 00:54:54,120 [4ab4f3a8-f3a2-4b4e-a399-e033d3e8ee76@group-FA264CF1F030-LeaderElection7] INFO  impl.RoleInfo (RoleInfo.java:updateAndGet(143)) - 4ab4f3a8-f3a2-4b4e-a399-e033d3e8ee76: start LeaderState
2020-07-23 00:54:54,120 [4ab4f3a8-f3a2-4b4e-a399-e033d3e8ee76@group-FA264CF1F030-LeaderElection7] INFO  segmented.SegmentedRaftLogWorker (SegmentedRaftLogWorker.java:startLogSegment(397)) - 4ab4f3a8-f3a2-4b4e-a399-e033d3e8ee76@group-FA264CF1F030-SegmentedRaftLogWorker: Starting segment from index:0
2020-07-23 00:54:54,121 [4ab4f3a8-f3a2-4b4e-a399-e033d3e8ee76@group-FA264CF1F030-LeaderElection7] INFO  impl.RaftServerImpl (ServerState.java:setRaftConf(356)) - 4ab4f3a8-f3a2-4b4e-a399-e033d3e8ee76@group-FA264CF1F030: set configuration 0: [4ab4f3a8-f3a2-4b4e-a399-e033d3e8ee76:172.17.0.2:35883], old=null at 0
2020-07-23 00:54:54,121 [4ab4f3a8-f3a2-4b4e-a399-e033d3e8ee76@group-FA264CF1F030-SegmentedRaftLogWorker] INFO  segmented.SegmentedRaftLogWorker (SegmentedRaftLogWorker.java:execute(596)) - 4ab4f3a8-f3a2-4b4e-a399-e033d3e8ee76@group-FA264CF1F030-SegmentedRaftLogWorker: created new log segment /github/workspace/mnt/ozone/hadoop-ozone/integration-test/target/test-dir/MiniOzoneClusterImpl-9dac51b2-5047-4894-9263-2f6317d89c21/datanode-4/data/ratis/b499acef-744a-412d-976d-fa264cf1f030/current/log_inprogress_0
2020-07-23 00:54:54,649 [Datanode State Machine Thread - 0] INFO  statemachine.DatanodeStateMachine (DatanodeStateMachine.java:lambda$startDaemon$0(397)) - Ozone container server started.
2020-07-23 00:54:54,747 [Datanode State Machine Thread - 0] INFO  statemachine.DatanodeStateMachine (DatanodeStateMachine.java:lambda$startDaemon$0(397)) - Ozone container server started.
2020-07-23 00:54:55,643 [Command processor thread] INFO  impl.RaftServerProxy (RaftServerProxy.java:remove(100)) - 745bebb8-a96d-40a0-9df5-809e56437f40: remove    LEADER 745bebb8-a96d-40a0-9df5-809e56437f40@group-35AA55BF6FA1:t1, leader=745bebb8-a96d-40a0-9df5-809e56437f40, voted=745bebb8-a96d-40a0-9df5-809e56437f40, raftlog=745bebb8-a96d-40a0-9df5-809e56437f40@group-35AA55BF6FA1-SegmentedRaftLog:OPENED:c0,f0,i0, conf=0: [3a34a8a7-e5d5-4a3b-a36f-1e1141675d1c:172.17.0.2:35767, 745bebb8-a96d-40a0-9df5-809e56437f40:172.17.0.2:40597, a59d88ab-138f-4718-b8ed-a326817ad93b:172.17.0.2:38463], old=null RUNNING
2020-07-23 00:54:55,644 [Command processor thread] INFO  impl.RaftServerImpl (RaftServerImpl.java:lambda$shutdown$3(263)) - 745bebb8-a96d-40a0-9df5-809e56437f40@group-35AA55BF6FA1: shutdown
2020-07-23 00:54:55,644 [Command processor thread] INFO  util.JmxRegister (JmxRegister.java:unregister(73)) - Successfully un-registered JMX Bean with object name Ratis:service=RaftServer,group=group-35AA55BF6FA1,id=745bebb8-a96d-40a0-9df5-809e56437f40
2020-07-23 00:54:55,644 [Command processor thread] INFO  impl.RoleInfo (RoleInfo.java:shutdownLeaderState(104)) - 745bebb8-a96d-40a0-9df5-809e56437f40: shutdown LeaderState
2020-07-23 00:54:55,645 [Command processor thread] INFO  metrics.RatisMetrics (RatisMetrics.java:unregister(43)) - Unregistering Metrics Registry : ratis_grpc.log_appender.745bebb8-a96d-40a0-9df5-809e56437f40@group-35AA55BF6FA1
2020-07-23 00:54:55,646 [Command processor thread] INFO  metrics.RatisMetrics (RatisMetrics.java:unregister(43)) - Unregistering Metrics Registry : ratis_grpc.log_appender.745bebb8-a96d-40a0-9df5-809e56437f40@group-35AA55BF6FA1
2020-07-23 00:54:55,646 [org.apache.ratis.server.impl.LogAppender$AppenderDaemon$$Lambda$469/871302068@5253a18] WARN  server.GrpcLogAppender (GrpcLogAppender.java:mayWait(153)) - 745bebb8-a96d-40a0-9df5-809e56437f40@group-35AA55BF6FA1->3a34a8a7-e5d5-4a3b-a36f-1e1141675d1c-GrpcLogAppender: Wait interrupted by java.lang.InterruptedException
2020-07-23 00:54:55,646 [Command processor thread] INFO  impl.PendingRequests (PendingRequests.java:sendNotLeaderResponses(249)) - 745bebb8-a96d-40a0-9df5-809e56437f40@group-35AA55BF6FA1-PendingRequests: sendNotLeaderResponses
2020-07-23 00:54:55,646 [org.apache.ratis.server.impl.LogAppender$AppenderDaemon$$Lambda$469/871302068@4ce80a0b] WARN  server.GrpcLogAppender (GrpcLogAppender.java:mayWait(153)) - 745bebb8-a96d-40a0-9df5-809e56437f40@group-35AA55BF6FA1->a59d88ab-138f-4718-b8ed-a326817ad93b-GrpcLogAppender: Wait interrupted by java.lang.InterruptedException
2020-07-23 00:54:55,648 [Command processor thread] INFO  metrics.RatisMetrics (RatisMetrics.java:unregister(43)) - Unregistering Metrics Registry : ratis.log_appender.745bebb8-a96d-40a0-9df5-809e56437f40@group-35AA55BF6FA1
2020-07-23 00:54:55,648 [Command processor thread] INFO  metrics.RatisMetrics (RatisMetrics.java:unregister(43)) - Unregistering Metrics Registry : ratis.server.745bebb8-a96d-40a0-9df5-809e56437f40@group-35AA55BF6FA1
2020-07-23 00:54:55,649 [745bebb8-a96d-40a0-9df5-809e56437f40@group-35AA55BF6FA1-StateMachineUpdater] INFO  ratis.ContainerStateMachine (ContainerStateMachine.java:takeSnapshot(293)) - group-35AA55BF6FA1: Taking a snapshot at:(t:1, i:0) file /github/workspace/mnt/ozone/hadoop-ozone/integration-test/target/test-dir/MiniOzoneClusterImpl-9dac51b2-5047-4894-9263-2f6317d89c21/datanode-0/data/ratis/834c768f-f0c5-4ca3-8072-35aa55bf6fa1/sm/snapshot.1_0
2020-07-23 00:54:55,649 [grpc-default-executor-2] INFO  server.GrpcServerProtocolService (GrpcServerProtocolService.java:onCompleted(138)) - a59d88ab-138f-4718-b8ed-a326817ad93b: Completed APPEND_ENTRIES, lastRequest: 745bebb8-a96d-40a0-9df5-809e56437f40->a59d88ab-138f-4718-b8ed-a326817ad93b#1-t1, previous=(t:0, i:0), leaderCommit=0, initializing? false, entries: size=1, first=(t:1, i:0), CONFIGURATIONENTRY
2020-07-23 00:54:55,650 [grpc-default-executor-3] INFO  server.GrpcServerProtocolService (GrpcServerProtocolService.java:onCompleted(138)) - 3a34a8a7-e5d5-4a3b-a36f-1e1141675d1c: Completed APPEND_ENTRIES, lastRequest: 745bebb8-a96d-40a0-9df5-809e56437f40->3a34a8a7-e5d5-4a3b-a36f-1e1141675d1c#1-t1, previous=(t:0, i:0), leaderCommit=0, initializing? false, entries: size=1, first=(t:1, i:0), CONFIGURATIONENTRY
2020-07-23 00:54:55,650 [grpc-default-executor-3] INFO  server.GrpcLogAppender (GrpcLogAppender.java:onCompleted(319)) - 745bebb8-a96d-40a0-9df5-809e56437f40@group-35AA55BF6FA1->a59d88ab-138f-4718-b8ed-a326817ad93b-AppendLogResponseHandler: follower responses appendEntries COMPLETED
2020-07-23 00:54:55,651 [Command processor thread] INFO  impl.StateMachineUpdater (StateMachineUpdater.java:stopAndJoin(142)) - 745bebb8-a96d-40a0-9df5-809e56437f40@group-35AA55BF6FA1-StateMachineUpdater: set stopIndex = 0
2020-07-23 00:54:55,653 [grpc-default-executor-2] INFO  server.GrpcLogAppender (GrpcLogAppender.java:onCompleted(319)) - 745bebb8-a96d-40a0-9df5-809e56437f40@group-35AA55BF6FA1->3a34a8a7-e5d5-4a3b-a36f-1e1141675d1c-AppendLogResponseHandler: follower responses appendEntries COMPLETED
2020-07-23 00:54:55,654 [grpc-default-executor-3] INFO  impl.FollowerInfo (FollowerInfo.java:lambda$new$0(51)) - 745bebb8-a96d-40a0-9df5-809e56437f40@group-35AA55BF6FA1->a59d88ab-138f-4718-b8ed-a326817ad93b: nextIndex: updateUnconditionally 1 -> 0
2020-07-23 00:54:55,656 [grpc-default-executor-2] INFO  impl.FollowerInfo (FollowerInfo.java:lambda$new$0(51)) - 745bebb8-a96d-40a0-9df5-809e56437f40@group-35AA55BF6FA1->3a34a8a7-e5d5-4a3b-a36f-1e1141675d1c: nextIndex: updateUnconditionally 1 -> 0
2020-07-23 00:54:55,713 [Command processor thread] INFO  impl.RaftServerProxy (RaftServerProxy.java:addNew(89)) - 4e15fd63-2a96-4f95-8adf-0d310758cb63: addNew group-B87554F3A137:[4ab4f3a8-f3a2-4b4e-a399-e033d3e8ee76:172.17.0.2:35883, 4e15fd63-2a96-4f95-8adf-0d310758cb63:172.17.0.2:34239, 745bebb8-a96d-40a0-9df5-809e56437f40:172.17.0.2:40597] returns group-B87554F3A137:java.util.concurrent.CompletableFuture@704275ab[Not completed]
2020-07-23 00:54:55,714 [pool-78-thread-1] INFO  impl.RaftServerImpl (RaftServerImpl.java:<init>(107)) - 4e15fd63-2a96-4f95-8adf-0d310758cb63: new RaftServerImpl for group-B87554F3A137:[4ab4f3a8-f3a2-4b4e-a399-e033d3e8ee76:172.17.0.2:35883, 4e15fd63-2a96-4f95-8adf-0d310758cb63:172.17.0.2:34239, 745bebb8-a96d-40a0-9df5-809e56437f40:172.17.0.2:40597] with ContainerStateMachine:uninitialized
2020-07-23 00:54:55,714 [pool-78-thread-1] INFO  server.RaftServerConfigKeys (ConfUtils.java:logGet(44)) - raft.server.rpc.timeout.min = 5s (custom)
2020-07-23 00:54:55,714 [pool-78-thread-1] INFO  server.RaftServerConfigKeys (ConfUtils.java:logGet(44)) - raft.server.rpc.timeout.max = 5200ms (custom)
2020-07-23 00:54:55,715 [pool-78-thread-1] INFO  server.RaftServerConfigKeys (ConfUtils.java:logGet(44)) - raft.server.rpcslowness.timeout = 300s (custom)
2020-07-23 00:54:55,715 [pool-78-thread-1] INFO  server.RaftServerConfigKeys (ConfUtils.java:logGet(44)) - raft.server.sleep.deviation.threshold = 300 (default)
2020-07-23 00:54:55,715 [pool-78-thread-1] INFO  server.RaftServerConfigKeys (ConfUtils.java:logGet(44)) - raft.server.log.appender.install.snapshot.enabled = false (custom)
2020-07-23 00:54:55,715 [pool-78-thread-1] INFO  impl.RaftServerImpl (ServerState.java:<init>(103)) - 4e15fd63-2a96-4f95-8adf-0d310758cb63@group-B87554F3A137: ConfigurationManager, init=-1: [4ab4f3a8-f3a2-4b4e-a399-e033d3e8ee76:172.17.0.2:35883, 4e15fd63-2a96-4f95-8adf-0d310758cb63:172.17.0.2:34239, 745bebb8-a96d-40a0-9df5-809e56437f40:172.17.0.2:40597], old=null, confs=<EMPTY_MAP>
2020-07-23 00:54:55,715 [pool-78-thread-1] INFO  server.RaftServerConfigKeys (ConfUtils.java:logGet(44)) - raft.server.storage.dir = [/github/workspace/mnt/ozone/hadoop-ozone/integration-test/target/test-dir/MiniOzoneClusterImpl-9dac51b2-5047-4894-9263-2f6317d89c21/datanode-3/data/ratis] (custom)
2020-07-23 00:54:55,715 [pool-78-thread-1] INFO  server.RaftServerConfigKeys (ConfUtils.java:logGet(44)) - raft.server.log.corruption.policy = EXCEPTION (default)
2020-07-23 00:54:55,715 [pool-78-thread-1] INFO  storage.RaftStorageDirectory (RaftStorageDirectory.java:analyzeStorage(261)) - The storage directory /github/workspace/mnt/ozone/hadoop-ozone/integration-test/target/test-dir/MiniOzoneClusterImpl-9dac51b2-5047-4894-9263-2f6317d89c21/datanode-3/data/ratis/44e39ca1-112b-4988-ba64-b87554f3a137 does not exist. Creating ...
2020-07-23 00:54:55,716 [pool-78-thread-1] INFO  storage.RaftStorageDirectory (RaftStorageDirectory.java:tryLock(343)) - Lock on /github/workspace/mnt/ozone/hadoop-ozone/integration-test/target/test-dir/MiniOzoneClusterImpl-9dac51b2-5047-4894-9263-2f6317d89c21/datanode-3/data/ratis/44e39ca1-112b-4988-ba64-b87554f3a137/in_use.lock acquired by nodename 34713@6909d8773a62
2020-07-23 00:54:55,718 [pool-78-thread-1] INFO  storage.RaftStorage (RaftStorage.java:format(84)) - Storage directory /github/workspace/mnt/ozone/hadoop-ozone/integration-test/target/test-dir/MiniOzoneClusterImpl-9dac51b2-5047-4894-9263-2f6317d89c21/datanode-3/data/ratis/44e39ca1-112b-4988-ba64-b87554f3a137 has been successfully formatted.
2020-07-23 00:54:55,719 [pool-78-thread-1] INFO  ratis.ContainerStateMachine (ContainerStateMachine.java:loadSnapshot(225)) - group-B87554F3A137: The snapshot info is null. Setting the last applied indexto:(t:0, i:~)
2020-07-23 00:54:55,719 [pool-78-thread-1] INFO  server.RaftServerConfigKeys (ConfUtils.java:logGet(44)) - raft.server.notification.no-leader.timeout = 300s (custom)
2020-07-23 00:54:55,719 [pool-78-thread-1] INFO  server.RaftServerConfigKeys (ConfUtils.java:logGet(44)) - raft.server.log.use.memory = false (default)
2020-07-23 00:54:55,719 [pool-78-thread-1] INFO  server.RaftServerConfigKeys (ConfUtils.java:logGet(44)) - raft.server.log.purge.gap = 1000000 (custom)
2020-07-23 00:54:55,719 [pool-78-thread-1] INFO  metrics.RatisMetrics (RatisMetrics.java:lambda$create$0(36)) - Creating Metrics Registry : ratis.log_worker.4e15fd63-2a96-4f95-8adf-0d310758cb63@group-B87554F3A137
2020-07-23 00:54:55,720 [pool-78-thread-1] INFO  server.RaftServerConfigKeys (ConfUtils.java:logGet(44)) - raft.server.log.appender.buffer.byte-limit = 33554432 (custom)
2020-07-23 00:54:55,722 [pool-78-thread-1] INFO  server.RaftServerConfigKeys (ConfUtils.java:logGet(44)) - raft.server.log.segment.size.max = 1048576 (custom)
2020-07-23 00:54:55,723 [pool-78-thread-1] INFO  server.RaftServerConfigKeys (ConfUtils.java:logGet(44)) - raft.server.log.segment.cache.num.max = 2 (custom)
2020-07-23 00:54:55,724 [pool-78-thread-1] INFO  segmented.SegmentedRaftLogWorker (SegmentedRaftLogWorker.java:<init>(180)) - new 4e15fd63-2a96-4f95-8adf-0d310758cb63@group-B87554F3A137-SegmentedRaftLogWorker for RaftStorage:Storage Directory /github/workspace/mnt/ozone/hadoop-ozone/integration-test/target/test-dir/MiniOzoneClusterImpl-9dac51b2-5047-4894-9263-2f6317d89c21/datanode-3/data/ratis/44e39ca1-112b-4988-ba64-b87554f3a137
2020-07-23 00:54:55,724 [pool-78-thread-1] INFO  server.RaftServerConfigKeys (ConfUtils.java:logGet(44)) - raft.server.log.queue.byte-limit = 2147483647 (custom)
2020-07-23 00:54:55,724 [pool-78-thread-1] INFO  server.RaftServerConfigKeys (ConfUtils.java:logGet(44)) - raft.server.log.queue.element-limit = 1024 (custom)
2020-07-23 00:54:55,724 [pool-78-thread-1] INFO  server.RaftServerConfigKeys (ConfUtils.java:logGet(44)) - raft.server.log.segment.size.max = 1048576 (custom)
2020-07-23 00:54:55,724 [pool-78-thread-1] INFO  server.RaftServerConfigKeys (ConfUtils.java:logGet(44)) - raft.server.log.preallocated.size = 16384 (custom)
2020-07-23 00:54:55,724 [pool-78-thread-1] INFO  server.RaftServerConfigKeys (ConfUtils.java:logGet(44)) - raft.server.log.write.buffer.size = 1048576 (custom)
2020-07-23 00:54:55,724 [pool-78-thread-1] INFO  server.RaftServerConfigKeys (ConfUtils.java:logGet(44)) - raft.server.log.force.sync.num = 128 (default)
2020-07-23 00:54:55,724 [pool-78-thread-1] INFO  server.RaftServerConfigKeys (ConfUtils.java:logGet(44)) - raft.server.log.statemachine.data.sync = true (default)
2020-07-23 00:54:55,724 [pool-78-thread-1] INFO  server.RaftServerConfigKeys (ConfUtils.java:logGet(44)) - raft.server.log.statemachine.data.sync.timeout = 10s (default)
2020-07-23 00:54:55,724 [pool-78-thread-1] INFO  server.RaftServerConfigKeys (ConfUtils.java:logGet(44)) - raft.server.log.statemachine.data.sync.timeout.retry = -1 (default)
2020-07-23 00:54:55,726 [pool-78-thread-1] INFO  server.RaftServerConfigKeys (ConfUtils.java:logGet(44)) - raft.server.log.statemachine.data.caching.enabled = true (custom)
2020-07-23 00:54:55,726 [pool-78-thread-1] INFO  segmented.SegmentedRaftLogWorker (SegmentedRaftLogWorker.java:lambda$new$0(129)) - 4e15fd63-2a96-4f95-8adf-0d310758cb63@group-B87554F3A137-SegmentedRaftLogWorker: flushIndex: setUnconditionally 0 -> -1
2020-07-23 00:54:55,726 [pool-78-thread-1] INFO  segmented.SegmentedRaftLogWorker (SegmentedRaftLogWorker.java:lambda$new$0(129)) - 4e15fd63-2a96-4f95-8adf-0d310758cb63@group-B87554F3A137-SegmentedRaftLogWorker: safeCacheEvictIndex: setUnconditionally 0 -> -1
2020-07-23 00:54:55,728 [745bebb8-a96d-40a0-9df5-809e56437f40@group-35AA55BF6FA1-StateMachineUpdater] INFO  ratis.ContainerStateMachine (ContainerStateMachine.java:takeSnapshot(304)) - group-35AA55BF6FA1: Finished taking a snapshot at:(t:1, i:0) file:/github/workspace/mnt/ozone/hadoop-ozone/integration-test/target/test-dir/MiniOzoneClusterImpl-9dac51b2-5047-4894-9263-2f6317d89c21/datanode-0/data/ratis/834c768f-f0c5-4ca3-8072-35aa55bf6fa1/sm/snapshot.1_0 time:79
2020-07-23 00:54:55,729 [745bebb8-a96d-40a0-9df5-809e56437f40@group-35AA55BF6FA1-StateMachineUpdater] INFO  impl.StateMachineUpdater (StateMachineUpdater.java:takeSnapshot(277)) - 745bebb8-a96d-40a0-9df5-809e56437f40@group-35AA55BF6FA1-StateMachineUpdater: Took a snapshot at index 0
2020-07-23 00:54:55,729 [745bebb8-a96d-40a0-9df5-809e56437f40@group-35AA55BF6FA1-StateMachineUpdater] INFO  impl.StateMachineUpdater (StateMachineUpdater.java:lambda$new$0(87)) - 745bebb8-a96d-40a0-9df5-809e56437f40@group-35AA55BF6FA1-StateMachineUpdater: snapshotIndex: updateIncreasingly -1 -> 0
2020-07-23 00:54:55,732 [745bebb8-a96d-40a0-9df5-809e56437f40@group-35AA55BF6FA1-StateMachineUpdater] INFO  metrics.RatisMetrics (RatisMetrics.java:unregister(43)) - Unregistering Metrics Registry : ratis.state_machine.745bebb8-a96d-40a0-9df5-809e56437f40@group-35AA55BF6FA1
2020-07-23 00:54:55,732 [pool-78-thread-1] INFO  server.RaftServerConfigKeys (ConfUtils.java:logGet(44)) - raft.server.snapshot.auto.trigger.enabled = true (custom)
2020-07-23 00:54:55,733 [pool-78-thread-1] INFO  server.RaftServerConfigKeys (ConfUtils.java:logGet(44)) - raft.server.snapshot.auto.trigger.threshold = 10000 (custom)
2020-07-23 00:54:55,733 [pool-78-thread-1] INFO  server.RaftServerConfigKeys (ConfUtils.java:logGet(44)) - raft.server.snapshot.retention.file.num = 5 (custom)
2020-07-23 00:54:55,733 [pool-78-thread-1] INFO  server.RaftServerConfigKeys (ConfUtils.java:logGet(44)) - raft.server.log.purge.upto.snapshot.index = false (default)
2020-07-23 00:54:55,733 [pool-78-thread-1] INFO  server.RaftServerConfigKeys (ConfUtils.java:logGet(44)) - raft.server.retrycache.expirytime = 600000ms (custom)
2020-07-23 00:54:55,733 [pool-78-thread-1] INFO  metrics.RatisMetrics (RatisMetrics.java:lambda$create$0(36)) - Creating Metrics Registry : ratis.leader_election.4e15fd63-2a96-4f95-8adf-0d310758cb63@group-B87554F3A137
2020-07-23 00:54:55,733 [pool-78-thread-1] INFO  metrics.RatisMetrics (RatisMetrics.java:lambda$create$0(36)) - Creating Metrics Registry : ratis.server.4e15fd63-2a96-4f95-8adf-0d310758cb63@group-B87554F3A137
2020-07-23 00:54:55,734 [pool-78-thread-1] INFO  impl.RaftServerImpl (RaftServerImpl.java:start(196)) - 4e15fd63-2a96-4f95-8adf-0d310758cb63@group-B87554F3A137: start as a follower, conf=-1: [4ab4f3a8-f3a2-4b4e-a399-e033d3e8ee76:172.17.0.2:35883, 4e15fd63-2a96-4f95-8adf-0d310758cb63:172.17.0.2:34239, 745bebb8-a96d-40a0-9df5-809e56437f40:172.17.0.2:40597], old=null
2020-07-23 00:54:55,734 [pool-78-thread-1] INFO  impl.RaftServerImpl (RaftServerImpl.java:setRole(185)) - 4e15fd63-2a96-4f95-8adf-0d310758cb63@group-B87554F3A137: changes role from      null to FOLLOWER at term 0 for startAsFollower
2020-07-23 00:54:55,734 [pool-78-thread-1] INFO  impl.RoleInfo (RoleInfo.java:updateAndGet(143)) - 4e15fd63-2a96-4f95-8adf-0d310758cb63: start FollowerState
2020-07-23 00:54:55,734 [Command processor thread] INFO  impl.RaftServerImpl (ServerState.java:close(387)) - 745bebb8-a96d-40a0-9df5-809e56437f40@group-35AA55BF6FA1: closes. applyIndex: 0
2020-07-23 00:54:55,735 [pool-78-thread-1] INFO  util.JmxRegister (JmxRegister.java:tryRegister(44)) - Successfully registered JMX Bean with object name Ratis:service=RaftServer,group=group-B87554F3A137,id=4e15fd63-2a96-4f95-8adf-0d310758cb63
2020-07-23 00:54:55,736 [pool-78-thread-1] INFO  metrics.RatisMetrics (RatisMetrics.java:lambda$create$0(36)) - Creating Metrics Registry : ratis.state_machine.4e15fd63-2a96-4f95-8adf-0d310758cb63@group-B87554F3A137
2020-07-23 00:54:55,737 [745bebb8-a96d-40a0-9df5-809e56437f40@group-35AA55BF6FA1-SegmentedRaftLogWorker] INFO  segmented.SegmentedRaftLogWorker (SegmentedRaftLogWorker.java:run(327)) - 745bebb8-a96d-40a0-9df5-809e56437f40@group-35AA55BF6FA1-SegmentedRaftLogWorker was interrupted, exiting. There are 0 tasks remaining in the queue.
2020-07-23 00:54:55,737 [Command processor thread] INFO  segmented.SegmentedRaftLogWorker (SegmentedRaftLogWorker.java:close(234)) - 745bebb8-a96d-40a0-9df5-809e56437f40@group-35AA55BF6FA1-SegmentedRaftLogWorker close()
2020-07-23 00:54:55,741 [Command processor thread] INFO  metrics.RatisMetrics (RatisMetrics.java:unregister(43)) - Unregistering Metrics Registry : ratis.log_worker.745bebb8-a96d-40a0-9df5-809e56437f40@group-35AA55BF6FA1
2020-07-23 00:54:55,741 [Command processor thread] INFO  metrics.RatisMetrics (RatisMetrics.java:unregister(43)) - Unregistering Metrics Registry : ratis.leader_election.745bebb8-a96d-40a0-9df5-809e56437f40@group-35AA55BF6FA1
2020-07-23 00:54:55,741 [Command processor thread] INFO  metrics.RatisMetrics (RatisMetrics.java:unregister(43)) - Unregistering Metrics Registry : ratis.server.745bebb8-a96d-40a0-9df5-809e56437f40@group-35AA55BF6FA1
2020-07-23 00:54:55,744 [Command processor thread] INFO  impl.RaftServerImpl (RaftServerImpl.java:lambda$shutdown$3(301)) - 745bebb8-a96d-40a0-9df5-809e56437f40@group-35AA55BF6FA1: Succeed to remove RaftStorageDirectory Storage Directory /github/workspace/mnt/ozone/hadoop-ozone/integration-test/target/test-dir/MiniOzoneClusterImpl-9dac51b2-5047-4894-9263-2f6317d89c21/datanode-0/data/ratis/834c768f-f0c5-4ca3-8072-35aa55bf6fa1
2020-07-23 00:54:55,744 [Command processor thread] INFO  commandhandler.ClosePipelineCommandHandler (ClosePipelineCommandHandler.java:handle(78)) - Close Pipeline #id: "834c768f-f0c5-4ca3-8072-35aa55bf6fa1"
uuid128 {
  mostSigBits: -8985676795919119197
  leastSigBits: -9191224883810439263
}
 command on datanode #745bebb8-a96d-40a0-9df5-809e56437f40.
2020-07-23 00:54:55,745 [pool-33-thread-1] INFO  impl.RaftServerImpl (RaftServerImpl.java:<init>(107)) - 745bebb8-a96d-40a0-9df5-809e56437f40: new RaftServerImpl for group-B87554F3A137:[4ab4f3a8-f3a2-4b4e-a399-e033d3e8ee76:172.17.0.2:35883, 4e15fd63-2a96-4f95-8adf-0d310758cb63:172.17.0.2:34239, 745bebb8-a96d-40a0-9df5-809e56437f40:172.17.0.2:40597] with ContainerStateMachine:uninitialized
2020-07-23 00:54:55,745 [pool-33-thread-1] INFO  server.RaftServerConfigKeys (ConfUtils.java:logGet(44)) - raft.server.rpc.timeout.min = 5s (custom)
2020-07-23 00:54:55,745 [pool-33-thread-1] INFO  server.RaftServerConfigKeys (ConfUtils.java:logGet(44)) - raft.server.rpc.timeout.max = 5200ms (custom)
2020-07-23 00:54:55,745 [pool-33-thread-1] INFO  server.RaftServerConfigKeys (ConfUtils.java:logGet(44)) - raft.server.rpcslowness.timeout = 300s (custom)
2020-07-23 00:54:55,745 [pool-33-thread-1] INFO  server.RaftServerConfigKeys (ConfUtils.java:logGet(44)) - raft.server.sleep.deviation.threshold = 300 (default)
2020-07-23 00:54:55,745 [pool-33-thread-1] INFO  server.RaftServerConfigKeys (ConfUtils.java:logGet(44)) - raft.server.log.appender.install.snapshot.enabled = false (custom)
2020-07-23 00:54:55,745 [pool-33-thread-1] INFO  impl.RaftServerImpl (ServerState.java:<init>(103)) - 745bebb8-a96d-40a0-9df5-809e56437f40@group-B87554F3A137: ConfigurationManager, init=-1: [4ab4f3a8-f3a2-4b4e-a399-e033d3e8ee76:172.17.0.2:35883, 4e15fd63-2a96-4f95-8adf-0d310758cb63:172.17.0.2:34239, 745bebb8-a96d-40a0-9df5-809e56437f40:172.17.0.2:40597], old=null, confs=<EMPTY_MAP>
2020-07-23 00:54:55,746 [pool-33-thread-1] INFO  server.RaftServerConfigKeys (ConfUtils.java:logGet(44)) - raft.server.storage.dir = [/github/workspace/mnt/ozone/hadoop-ozone/integration-test/target/test-dir/MiniOzoneClusterImpl-9dac51b2-5047-4894-9263-2f6317d89c21/datanode-0/data/ratis] (custom)
2020-07-23 00:54:55,746 [pool-33-thread-1] INFO  server.RaftServerConfigKeys (ConfUtils.java:logGet(44)) - raft.server.log.corruption.policy = EXCEPTION (default)
2020-07-23 00:54:55,746 [pool-33-thread-1] INFO  storage.RaftStorageDirectory (RaftStorageDirectory.java:analyzeStorage(261)) - The storage directory /github/workspace/mnt/ozone/hadoop-ozone/integration-test/target/test-dir/MiniOzoneClusterImpl-9dac51b2-5047-4894-9263-2f6317d89c21/datanode-0/data/ratis/44e39ca1-112b-4988-ba64-b87554f3a137 does not exist. Creating ...
2020-07-23 00:54:55,747 [Command processor thread] INFO  impl.RaftServerProxy (RaftServerProxy.java:addNew(89)) - 745bebb8-a96d-40a0-9df5-809e56437f40: addNew group-B87554F3A137:[4ab4f3a8-f3a2-4b4e-a399-e033d3e8ee76:172.17.0.2:35883, 4e15fd63-2a96-4f95-8adf-0d310758cb63:172.17.0.2:34239, 745bebb8-a96d-40a0-9df5-809e56437f40:172.17.0.2:40597] returns group-B87554F3A137:java.util.concurrent.CompletableFuture@51eeabe9[Not completed]
2020-07-23 00:54:55,747 [pool-33-thread-1] INFO  storage.RaftStorageDirectory (RaftStorageDirectory.java:tryLock(343)) - Lock on /github/workspace/mnt/ozone/hadoop-ozone/integration-test/target/test-dir/MiniOzoneClusterImpl-9dac51b2-5047-4894-9263-2f6317d89c21/datanode-0/data/ratis/44e39ca1-112b-4988-ba64-b87554f3a137/in_use.lock acquired by nodename 34713@6909d8773a62
2020-07-23 00:54:55,748 [pool-33-thread-1] INFO  storage.RaftStorage (RaftStorage.java:format(84)) - Storage directory /github/workspace/mnt/ozone/hadoop-ozone/integration-test/target/test-dir/MiniOzoneClusterImpl-9dac51b2-5047-4894-9263-2f6317d89c21/datanode-0/data/ratis/44e39ca1-112b-4988-ba64-b87554f3a137 has been successfully formatted.
2020-07-23 00:54:55,749 [pool-33-thread-1] INFO  ratis.ContainerStateMachine (ContainerStateMachine.java:loadSnapshot(225)) - group-B87554F3A137: The snapshot info is null. Setting the last applied indexto:(t:0, i:~)
2020-07-23 00:54:55,750 [pool-33-thread-1] INFO  server.RaftServerConfigKeys (ConfUtils.java:logGet(44)) - raft.server.notification.no-leader.timeout = 300s (custom)
2020-07-23 00:54:55,750 [pool-33-thread-1] INFO  server.RaftServerConfigKeys (ConfUtils.java:logGet(44)) - raft.server.log.use.memory = false (default)
2020-07-23 00:54:55,750 [pool-33-thread-1] INFO  server.RaftServerConfigKeys (ConfUtils.java:logGet(44)) - raft.server.log.purge.gap = 1000000 (custom)
2020-07-23 00:54:55,750 [pool-33-thread-1] INFO  metrics.RatisMetrics (RatisMetrics.java:lambda$create$0(36)) - Creating Metrics Registry : ratis.log_worker.745bebb8-a96d-40a0-9df5-809e56437f40@group-B87554F3A137
2020-07-23 00:54:55,750 [grpc-default-executor-2] INFO  impl.RaftServerProxy (RaftServerProxy.java:addNew(89)) - 4ab4f3a8-f3a2-4b4e-a399-e033d3e8ee76: addNew group-B87554F3A137:[4ab4f3a8-f3a2-4b4e-a399-e033d3e8ee76:172.17.0.2:35883, 4e15fd63-2a96-4f95-8adf-0d310758cb63:172.17.0.2:34239, 745bebb8-a96d-40a0-9df5-809e56437f40:172.17.0.2:40597] returns group-B87554F3A137:java.util.concurrent.CompletableFuture@119afeae[Not completed]
2020-07-23 00:54:55,750 [pool-33-thread-1] INFO  server.RaftServerConfigKeys (ConfUtils.java:logGet(44)) - raft.server.log.appender.buffer.byte-limit = 33554432 (custom)
2020-07-23 00:54:55,750 [pool-33-thread-1] INFO  server.RaftServerConfigKeys (ConfUtils.java:logGet(44)) - raft.server.log.segment.size.max = 1048576 (custom)
2020-07-23 00:54:55,751 [pool-33-thread-1] INFO  server.RaftServerConfigKeys (ConfUtils.java:logGet(44)) - raft.server.log.segment.cache.num.max = 2 (custom)
2020-07-23 00:54:55,751 [pool-33-thread-1] INFO  segmented.SegmentedRaftLogWorker (SegmentedRaftLogWorker.java:<init>(180)) - new 745bebb8-a96d-40a0-9df5-809e56437f40@group-B87554F3A137-SegmentedRaftLogWorker for RaftStorage:Storage Directory /github/workspace/mnt/ozone/hadoop-ozone/integration-test/target/test-dir/MiniOzoneClusterImpl-9dac51b2-5047-4894-9263-2f6317d89c21/datanode-0/data/ratis/44e39ca1-112b-4988-ba64-b87554f3a137
2020-07-23 00:54:55,751 [pool-33-thread-1] INFO  server.RaftServerConfigKeys (ConfUtils.java:logGet(44)) - raft.server.log.queue.byte-limit = 2147483647 (custom)
2020-07-23 00:54:55,751 [pool-33-thread-1] INFO  server.RaftServerConfigKeys (ConfUtils.java:logGet(44)) - raft.server.log.queue.element-limit = 1024 (custom)
2020-07-23 00:54:55,751 [pool-33-thread-1] INFO  server.RaftServerConfigKeys (ConfUtils.java:logGet(44)) - raft.server.log.segment.size.max = 1048576 (custom)
2020-07-23 00:54:55,751 [pool-33-thread-1] INFO  server.RaftServerConfigKeys (ConfUtils.java:logGet(44)) - raft.server.log.preallocated.size = 16384 (custom)
2020-07-23 00:54:55,751 [pool-33-thread-1] INFO  server.RaftServerConfigKeys (ConfUtils.java:logGet(44)) - raft.server.log.write.buffer.size = 1048576 (custom)
2020-07-23 00:54:55,751 [pool-33-thread-1] INFO  server.RaftServerConfigKeys (ConfUtils.java:logGet(44)) - raft.server.log.force.sync.num = 128 (default)
2020-07-23 00:54:55,751 [pool-33-thread-1] INFO  server.RaftServerConfigKeys (ConfUtils.java:logGet(44)) - raft.server.log.statemachine.data.sync = true (default)
2020-07-23 00:54:55,751 [pool-33-thread-1] INFO  server.RaftServerConfigKeys (ConfUtils.java:logGet(44)) - raft.server.log.statemachine.data.sync.timeout = 10s (default)
2020-07-23 00:54:55,751 [pool-33-thread-1] INFO  server.RaftServerConfigKeys (ConfUtils.java:logGet(44)) - raft.server.log.statemachine.data.sync.timeout.retry = -1 (default)
2020-07-23 00:54:55,751 [pool-93-thread-1] INFO  impl.RaftServerImpl (RaftServerImpl.java:<init>(107)) - 4ab4f3a8-f3a2-4b4e-a399-e033d3e8ee76: new RaftServerImpl for group-B87554F3A137:[4ab4f3a8-f3a2-4b4e-a399-e033d3e8ee76:172.17.0.2:35883, 4e15fd63-2a96-4f95-8adf-0d310758cb63:172.17.0.2:34239, 745bebb8-a96d-40a0-9df5-809e56437f40:172.17.0.2:40597] with ContainerStateMachine:uninitialized
2020-07-23 00:54:55,751 [pool-93-thread-1] INFO  server.RaftServerConfigKeys (ConfUtils.java:logGet(44)) - raft.server.rpc.timeout.min = 5s (custom)
2020-07-23 00:54:55,752 [pool-93-thread-1] INFO  server.RaftServerConfigKeys (ConfUtils.java:logGet(44)) - raft.server.rpc.timeout.max = 5200ms (custom)
2020-07-23 00:54:55,752 [pool-93-thread-1] INFO  server.RaftServerConfigKeys (ConfUtils.java:logGet(44)) - raft.server.rpcslowness.timeout = 300s (custom)
2020-07-23 00:54:55,752 [pool-93-thread-1] INFO  server.RaftServerConfigKeys (ConfUtils.java:logGet(44)) - raft.server.sleep.deviation.threshold = 300 (default)
2020-07-23 00:54:55,752 [pool-93-thread-1] INFO  server.RaftServerConfigKeys (ConfUtils.java:logGet(44)) - raft.server.log.appender.install.snapshot.enabled = false (custom)
2020-07-23 00:54:55,752 [pool-93-thread-1] INFO  impl.RaftServerImpl (ServerState.java:<init>(103)) - 4ab4f3a8-f3a2-4b4e-a399-e033d3e8ee76@group-B87554F3A137: ConfigurationManager, init=-1: [4ab4f3a8-f3a2-4b4e-a399-e033d3e8ee76:172.17.0.2:35883, 4e15fd63-2a96-4f95-8adf-0d310758cb63:172.17.0.2:34239, 745bebb8-a96d-40a0-9df5-809e56437f40:172.17.0.2:40597], old=null, confs=<EMPTY_MAP>
2020-07-23 00:54:55,752 [pool-93-thread-1] INFO  server.RaftServerConfigKeys (ConfUtils.java:logGet(44)) - raft.server.storage.dir = [/github/workspace/mnt/ozone/hadoop-ozone/integration-test/target/test-dir/MiniOzoneClusterImpl-9dac51b2-5047-4894-9263-2f6317d89c21/datanode-4/data/ratis] (custom)
2020-07-23 00:54:55,752 [pool-93-thread-1] INFO  server.RaftServerConfigKeys (ConfUtils.java:logGet(44)) - raft.server.log.corruption.policy = EXCEPTION (default)
2020-07-23 00:54:55,752 [pool-93-thread-1] INFO  storage.RaftStorageDirectory (RaftStorageDirectory.java:analyzeStorage(261)) - The storage directory /github/workspace/mnt/ozone/hadoop-ozone/integration-test/target/test-dir/MiniOzoneClusterImpl-9dac51b2-5047-4894-9263-2f6317d89c21/datanode-4/data/ratis/44e39ca1-112b-4988-ba64-b87554f3a137 does not exist. Creating ...
2020-07-23 00:54:55,752 [pool-33-thread-1] INFO  server.RaftServerConfigKeys (ConfUtils.java:logGet(44)) - raft.server.log.statemachine.data.caching.enabled = true (custom)
2020-07-23 00:54:55,753 [pool-33-thread-1] INFO  segmented.SegmentedRaftLogWorker (SegmentedRaftLogWorker.java:lambda$new$0(129)) - 745bebb8-a96d-40a0-9df5-809e56437f40@group-B87554F3A137-SegmentedRaftLogWorker: flushIndex: setUnconditionally 0 -> -1
2020-07-23 00:54:55,753 [pool-93-thread-1] INFO  storage.RaftStorageDirectory (RaftStorageDirectory.java:tryLock(343)) - Lock on /github/workspace/mnt/ozone/hadoop-ozone/integration-test/target/test-dir/MiniOzoneClusterImpl-9dac51b2-5047-4894-9263-2f6317d89c21/datanode-4/data/ratis/44e39ca1-112b-4988-ba64-b87554f3a137/in_use.lock acquired by nodename 34713@6909d8773a62
2020-07-23 00:54:55,753 [pool-33-thread-1] INFO  segmented.SegmentedRaftLogWorker (SegmentedRaftLogWorker.java:lambda$new$0(129)) - 745bebb8-a96d-40a0-9df5-809e56437f40@group-B87554F3A137-SegmentedRaftLogWorker: safeCacheEvictIndex: setUnconditionally 0 -> -1
2020-07-23 00:54:55,754 [pool-33-thread-1] INFO  server.RaftServerConfigKeys (ConfUtils.java:logGet(44)) - raft.server.snapshot.auto.trigger.enabled = true (custom)
2020-07-23 00:54:55,754 [pool-93-thread-1] INFO  storage.RaftStorage (RaftStorage.java:format(84)) - Storage directory /github/workspace/mnt/ozone/hadoop-ozone/integration-test/target/test-dir/MiniOzoneClusterImpl-9dac51b2-5047-4894-9263-2f6317d89c21/datanode-4/data/ratis/44e39ca1-112b-4988-ba64-b87554f3a137 has been successfully formatted.
2020-07-23 00:54:55,754 [pool-93-thread-1] INFO  ratis.ContainerStateMachine (ContainerStateMachine.java:loadSnapshot(225)) - group-B87554F3A137: The snapshot info is null. Setting the last applied indexto:(t:0, i:~)
2020-07-23 00:54:55,754 [pool-93-thread-1] INFO  server.RaftServerConfigKeys (ConfUtils.java:logGet(44)) - raft.server.notification.no-leader.timeout = 300s (custom)
2020-07-23 00:54:55,754 [pool-93-thread-1] INFO  server.RaftServerConfigKeys (ConfUtils.java:logGet(44)) - raft.server.log.use.memory = false (default)
2020-07-23 00:54:55,754 [pool-93-thread-1] INFO  server.RaftServerConfigKeys (ConfUtils.java:logGet(44)) - raft.server.log.purge.gap = 1000000 (custom)
2020-07-23 00:54:55,754 [pool-93-thread-1] INFO  metrics.RatisMetrics (RatisMetrics.java:lambda$create$0(36)) - Creating Metrics Registry : ratis.log_worker.4ab4f3a8-f3a2-4b4e-a399-e033d3e8ee76@group-B87554F3A137
2020-07-23 00:54:55,754 [pool-93-thread-1] INFO  server.RaftServerConfigKeys (ConfUtils.java:logGet(44)) - raft.server.log.appender.buffer.byte-limit = 33554432 (custom)
2020-07-23 00:54:55,755 [pool-93-thread-1] INFO  server.RaftServerConfigKeys (ConfUtils.java:logGet(44)) - raft.server.log.segment.size.max = 1048576 (custom)
2020-07-23 00:54:55,755 [pool-93-thread-1] INFO  server.RaftServerConfigKeys (ConfUtils.java:logGet(44)) - raft.server.log.segment.cache.num.max = 2 (custom)
2020-07-23 00:54:55,755 [pool-93-thread-1] INFO  segmented.SegmentedRaftLogWorker (SegmentedRaftLogWorker.java:<init>(180)) - new 4ab4f3a8-f3a2-4b4e-a399-e033d3e8ee76@group-B87554F3A137-SegmentedRaftLogWorker for RaftStorage:Storage Directory /github/workspace/mnt/ozone/hadoop-ozone/integration-test/target/test-dir/MiniOzoneClusterImpl-9dac51b2-5047-4894-9263-2f6317d89c21/datanode-4/data/ratis/44e39ca1-112b-4988-ba64-b87554f3a137
2020-07-23 00:54:55,755 [pool-93-thread-1] INFO  server.RaftServerConfigKeys (ConfUtils.java:logGet(44)) - raft.server.log.queue.byte-limit = 2147483647 (custom)
2020-07-23 00:54:55,755 [pool-93-thread-1] INFO  server.RaftServerConfigKeys (ConfUtils.java:logGet(44)) - raft.server.log.queue.element-limit = 1024 (custom)
2020-07-23 00:54:55,755 [pool-93-thread-1] INFO  server.RaftServerConfigKeys (ConfUtils.java:logGet(44)) - raft.server.log.segment.size.max = 1048576 (custom)
2020-07-23 00:54:55,755 [pool-93-thread-1] INFO  server.RaftServerConfigKeys (ConfUtils.java:logGet(44)) - raft.server.log.preallocated.size = 16384 (custom)
2020-07-23 00:54:55,755 [pool-93-thread-1] INFO  server.RaftServerConfigKeys (ConfUtils.java:logGet(44)) - raft.server.log.write.buffer.size = 1048576 (custom)
2020-07-23 00:54:55,755 [pool-93-thread-1] INFO  server.RaftServerConfigKeys (ConfUtils.java:logGet(44)) - raft.server.log.force.sync.num = 128 (default)
2020-07-23 00:54:55,755 [pool-93-thread-1] INFO  server.RaftServerConfigKeys (ConfUtils.java:logGet(44)) - raft.server.log.statemachine.data.sync = true (default)
2020-07-23 00:54:55,755 [pool-93-thread-1] INFO  server.RaftServerConfigKeys (ConfUtils.java:logGet(44)) - raft.server.log.statemachine.data.sync.timeout = 10s (default)
2020-07-23 00:54:55,755 [pool-93-thread-1] INFO  server.RaftServerConfigKeys (ConfUtils.java:logGet(44)) - raft.server.log.statemachine.data.sync.timeout.retry = -1 (default)
2020-07-23 00:54:55,757 [pool-33-thread-1] INFO  server.RaftServerConfigKeys (ConfUtils.java:logGet(44)) - raft.server.snapshot.auto.trigger.threshold = 10000 (custom)
2020-07-23 00:54:55,757 [pool-33-thread-1] INFO  server.RaftServerConfigKeys (ConfUtils.java:logGet(44)) - raft.server.snapshot.retention.file.num = 5 (custom)
2020-07-23 00:54:55,757 [pool-33-thread-1] INFO  server.RaftServerConfigKeys (ConfUtils.java:logGet(44)) - raft.server.log.purge.upto.snapshot.index = false (default)
2020-07-23 00:54:55,757 [pool-33-thread-1] INFO  server.RaftServerConfigKeys (ConfUtils.java:logGet(44)) - raft.server.retrycache.expirytime = 600000ms (custom)
2020-07-23 00:54:55,757 [pool-33-thread-1] INFO  metrics.RatisMetrics (RatisMetrics.java:lambda$create$0(36)) - Creating Metrics Registry : ratis.leader_election.745bebb8-a96d-40a0-9df5-809e56437f40@group-B87554F3A137
2020-07-23 00:54:55,758 [pool-33-thread-1] INFO  metrics.RatisMetrics (RatisMetrics.java:lambda$create$0(36)) - Creating Metrics Registry : ratis.server.745bebb8-a96d-40a0-9df5-809e56437f40@group-B87554F3A137
2020-07-23 00:54:55,758 [pool-33-thread-1] INFO  impl.RaftServerImpl (RaftServerImpl.java:start(196)) - 745bebb8-a96d-40a0-9df5-809e56437f40@group-B87554F3A137: start as a follower, conf=-1: [4ab4f3a8-f3a2-4b4e-a399-e033d3e8ee76:172.17.0.2:35883, 4e15fd63-2a96-4f95-8adf-0d310758cb63:172.17.0.2:34239, 745bebb8-a96d-40a0-9df5-809e56437f40:172.17.0.2:40597], old=null
2020-07-23 00:54:55,758 [pool-33-thread-1] INFO  impl.RaftServerImpl (RaftServerImpl.java:setRole(185)) - 745bebb8-a96d-40a0-9df5-809e56437f40@group-B87554F3A137: changes role from      null to FOLLOWER at term 0 for startAsFollower
2020-07-23 00:54:55,758 [pool-33-thread-1] INFO  impl.RoleInfo (RoleInfo.java:updateAndGet(143)) - 745bebb8-a96d-40a0-9df5-809e56437f40: start FollowerState
2020-07-23 00:54:55,759 [pool-93-thread-1] INFO  server.RaftServerConfigKeys (ConfUtils.java:logGet(44)) - raft.server.log.statemachine.data.caching.enabled = true (custom)
2020-07-23 00:54:55,759 [pool-93-thread-1] INFO  segmented.SegmentedRaftLogWorker (SegmentedRaftLogWorker.java:lambda$new$0(129)) - 4ab4f3a8-f3a2-4b4e-a399-e033d3e8ee76@group-B87554F3A137-SegmentedRaftLogWorker: flushIndex: setUnconditionally 0 -> -1
2020-07-23 00:54:55,759 [pool-93-thread-1] INFO  segmented.SegmentedRaftLogWorker (SegmentedRaftLogWorker.java:lambda$new$0(129)) - 4ab4f3a8-f3a2-4b4e-a399-e033d3e8ee76@group-B87554F3A137-SegmentedRaftLogWorker: safeCacheEvictIndex: setUnconditionally 0 -> -1
2020-07-23 00:54:55,762 [pool-33-thread-1] INFO  util.JmxRegister (JmxRegister.java:tryRegister(44)) - Successfully registered JMX Bean with object name Ratis:service=RaftServer,group=group-B87554F3A137,id=745bebb8-a96d-40a0-9df5-809e56437f40
2020-07-23 00:54:55,762 [pool-33-thread-1] INFO  metrics.RatisMetrics (RatisMetrics.java:lambda$create$0(36)) - Creating Metrics Registry : ratis.state_machine.745bebb8-a96d-40a0-9df5-809e56437f40@group-B87554F3A137
2020-07-23 00:54:55,769 [pool-93-thread-1] INFO  server.RaftServerConfigKeys (ConfUtils.java:logGet(44)) - raft.server.snapshot.auto.trigger.enabled = true (custom)
2020-07-23 00:54:55,769 [pool-93-thread-1] INFO  server.RaftServerConfigKeys (ConfUtils.java:logGet(44)) - raft.server.snapshot.auto.trigger.threshold = 10000 (custom)
2020-07-23 00:54:55,769 [pool-93-thread-1] INFO  server.RaftServerConfigKeys (ConfUtils.java:logGet(44)) - raft.server.snapshot.retention.file.num = 5 (custom)
2020-07-23 00:54:55,769 [pool-93-thread-1] INFO  server.RaftServerConfigKeys (ConfUtils.java:logGet(44)) - raft.server.log.purge.upto.snapshot.index = false (default)
2020-07-23 00:54:55,769 [pool-93-thread-1] INFO  server.RaftServerConfigKeys (ConfUtils.java:logGet(44)) - raft.server.retrycache.expirytime = 600000ms (custom)
2020-07-23 00:54:55,769 [pool-93-thread-1] INFO  metrics.RatisMetrics (RatisMetrics.java:lambda$create$0(36)) - Creating Metrics Registry : ratis.leader_election.4ab4f3a8-f3a2-4b4e-a399-e033d3e8ee76@group-B87554F3A137
2020-07-23 00:54:55,769 [pool-93-thread-1] INFO  metrics.RatisMetrics (RatisMetrics.java:lambda$create$0(36)) - Creating Metrics Registry : ratis.server.4ab4f3a8-f3a2-4b4e-a399-e033d3e8ee76@group-B87554F3A137
2020-07-23 00:54:55,770 [pool-93-thread-1] INFO  impl.RaftServerImpl (RaftServerImpl.java:start(196)) - 4ab4f3a8-f3a2-4b4e-a399-e033d3e8ee76@group-B87554F3A137: start as a follower, conf=-1: [4ab4f3a8-f3a2-4b4e-a399-e033d3e8ee76:172.17.0.2:35883, 4e15fd63-2a96-4f95-8adf-0d310758cb63:172.17.0.2:34239, 745bebb8-a96d-40a0-9df5-809e56437f40:172.17.0.2:40597], old=null
2020-07-23 00:54:55,770 [pool-93-thread-1] INFO  impl.RaftServerImpl (RaftServerImpl.java:setRole(185)) - 4ab4f3a8-f3a2-4b4e-a399-e033d3e8ee76@group-B87554F3A137: changes role from      null to FOLLOWER at term 0 for startAsFollower
2020-07-23 00:54:55,770 [pool-93-thread-1] INFO  impl.RoleInfo (RoleInfo.java:updateAndGet(143)) - 4ab4f3a8-f3a2-4b4e-a399-e033d3e8ee76: start FollowerState
2020-07-23 00:54:55,772 [pool-93-thread-1] INFO  util.JmxRegister (JmxRegister.java:tryRegister(44)) - Successfully registered JMX Bean with object name Ratis:service=RaftServer,group=group-B87554F3A137,id=4ab4f3a8-f3a2-4b4e-a399-e033d3e8ee76
2020-07-23 00:54:55,773 [pool-93-thread-1] INFO  metrics.RatisMetrics (RatisMetrics.java:lambda$create$0(36)) - Creating Metrics Registry : ratis.state_machine.4ab4f3a8-f3a2-4b4e-a399-e033d3e8ee76@group-B87554F3A137
2020-07-23 00:54:55,808 [Command processor thread] INFO  commandhandler.CreatePipelineCommandHandler (CreatePipelineCommandHandler.java:handle(109)) - Created Pipeline RATIS THREE #id: "44e39ca1-112b-4988-ba64-b87554f3a137"
uuid128 {
  mostSigBits: 4963983429884135816
  leastSigBits: -5015681270907952841
}
.
2020-07-23 00:54:56,670 [EventQueue-Delayed safe mode statusForReplicationManager] INFO  container.ReplicationManager (ReplicationManager.java:start(177)) - Starting Replication Monitor Thread.
2020-07-23 00:54:56,676 [ReplicationMonitor] WARN  container.ReplicationManager (ReplicationManager.java:handleUnderReplicatedContainer(596)) - Cannot replicate container #1, no healthy replica found.
2020-07-23 00:54:56,677 [ReplicationMonitor] INFO  container.ReplicationManager (ReplicationManager.java:run(241)) - Replication Monitor Thread took 6 milliseconds for processing 1 containers.
2020-07-23 00:54:59,004 [Listener at 127.0.0.1/38187] INFO  ozoneimpl.OzoneContainer (OzoneContainer.java:stop(250)) - Attempting to stop container services.
2020-07-23 00:54:59,004 [ForkJoinPool.commonPool-worker-1] INFO  ozoneimpl.OzoneContainer (OzoneContainer.java:stop(250)) - Attempting to stop container services.
2020-07-23 00:54:59,005 [Listener at 127.0.0.1/38187] INFO  impl.RaftServerProxy (RaftServerProxy.java:lambda$close$4(319)) - 3a34a8a7-e5d5-4a3b-a36f-1e1141675d1c: close
2020-07-23 00:54:59,005 [ForkJoinPool.commonPool-worker-1] INFO  impl.RaftServerProxy (RaftServerProxy.java:lambda$close$4(319)) - a59d88ab-138f-4718-b8ed-a326817ad93b: close
2020-07-23 00:54:59,006 [ForkJoinPool.commonPool-worker-1] INFO  impl.RaftServerImpl (RaftServerImpl.java:lambda$shutdown$3(263)) - a59d88ab-138f-4718-b8ed-a326817ad93b@group-35AA55BF6FA1: shutdown
2020-07-23 00:54:59,006 [Listener at 127.0.0.1/38187] INFO  impl.RaftServerImpl (RaftServerImpl.java:lambda$shutdown$3(263)) - 3a34a8a7-e5d5-4a3b-a36f-1e1141675d1c@group-35AA55BF6FA1: shutdown
2020-07-23 00:54:59,006 [ForkJoinPool.commonPool-worker-1] INFO  util.JmxRegister (JmxRegister.java:unregister(73)) - Successfully un-registered JMX Bean with object name Ratis:service=RaftServer,group=group-35AA55BF6FA1,id=a59d88ab-138f-4718-b8ed-a326817ad93b
2020-07-23 00:54:59,006 [Listener at 127.0.0.1/38187] INFO  util.JmxRegister (JmxRegister.java:unregister(73)) - Successfully un-registered JMX Bean with object name Ratis:service=RaftServer,group=group-35AA55BF6FA1,id=3a34a8a7-e5d5-4a3b-a36f-1e1141675d1c
2020-07-23 00:54:59,006 [Listener at 127.0.0.1/38187] INFO  impl.RoleInfo (RoleInfo.java:shutdownFollowerState(121)) - 3a34a8a7-e5d5-4a3b-a36f-1e1141675d1c: shutdown FollowerState
2020-07-23 00:54:59,006 [ForkJoinPool.commonPool-worker-1] INFO  impl.RoleInfo (RoleInfo.java:shutdownFollowerState(121)) - a59d88ab-138f-4718-b8ed-a326817ad93b: shutdown FollowerState
2020-07-23 00:54:59,006 [Thread-235] INFO  impl.FollowerState (FollowerState.java:run(117)) - 3a34a8a7-e5d5-4a3b-a36f-1e1141675d1c@group-35AA55BF6FA1-FollowerState was interrupted: java.lang.InterruptedException: sleep interrupted
2020-07-23 00:54:59,007 [ForkJoinPool.commonPool-worker-1] INFO  impl.StateMachineUpdater (StateMachineUpdater.java:stopAndJoin(142)) - a59d88ab-138f-4718-b8ed-a326817ad93b@group-35AA55BF6FA1-StateMachineUpdater: set stopIndex = 0
2020-07-23 00:54:59,007 [Thread-241] INFO  impl.FollowerState (FollowerState.java:run(117)) - a59d88ab-138f-4718-b8ed-a326817ad93b@group-35AA55BF6FA1-FollowerState was interrupted: java.lang.InterruptedException: sleep interrupted
2020-07-23 00:54:59,007 [3a34a8a7-e5d5-4a3b-a36f-1e1141675d1c@group-35AA55BF6FA1-StateMachineUpdater] INFO  ratis.ContainerStateMachine (ContainerStateMachine.java:takeSnapshot(293)) - group-35AA55BF6FA1: Taking a snapshot at:(t:1, i:0) file /github/workspace/mnt/ozone/hadoop-ozone/integration-test/target/test-dir/MiniOzoneClusterImpl-9dac51b2-5047-4894-9263-2f6317d89c21/datanode-2/data/ratis/834c768f-f0c5-4ca3-8072-35aa55bf6fa1/sm/snapshot.1_0
2020-07-23 00:54:59,008 [a59d88ab-138f-4718-b8ed-a326817ad93b@group-35AA55BF6FA1-StateMachineUpdater] INFO  ratis.ContainerStateMachine (ContainerStateMachine.java:takeSnapshot(293)) - group-35AA55BF6FA1: Taking a snapshot at:(t:1, i:0) file /github/workspace/mnt/ozone/hadoop-ozone/integration-test/target/test-dir/MiniOzoneClusterImpl-9dac51b2-5047-4894-9263-2f6317d89c21/datanode-1/data/ratis/834c768f-f0c5-4ca3-8072-35aa55bf6fa1/sm/snapshot.1_0
2020-07-23 00:54:59,008 [Listener at 127.0.0.1/38187] INFO  impl.StateMachineUpdater (StateMachineUpdater.java:stopAndJoin(142)) - 3a34a8a7-e5d5-4a3b-a36f-1e1141675d1c@group-35AA55BF6FA1-StateMachineUpdater: set stopIndex = 0
2020-07-23 00:54:59,009 [3a34a8a7-e5d5-4a3b-a36f-1e1141675d1c@group-35AA55BF6FA1-StateMachineUpdater] INFO  ratis.ContainerStateMachine (ContainerStateMachine.java:takeSnapshot(304)) - group-35AA55BF6FA1: Finished taking a snapshot at:(t:1, i:0) file:/github/workspace/mnt/ozone/hadoop-ozone/integration-test/target/test-dir/MiniOzoneClusterImpl-9dac51b2-5047-4894-9263-2f6317d89c21/datanode-2/data/ratis/834c768f-f0c5-4ca3-8072-35aa55bf6fa1/sm/snapshot.1_0 time:1
2020-07-23 00:54:59,009 [3a34a8a7-e5d5-4a3b-a36f-1e1141675d1c@group-35AA55BF6FA1-StateMachineUpdater] INFO  impl.StateMachineUpdater (StateMachineUpdater.java:takeSnapshot(277)) - 3a34a8a7-e5d5-4a3b-a36f-1e1141675d1c@group-35AA55BF6FA1-StateMachineUpdater: Took a snapshot at index 0
2020-07-23 00:54:59,009 [3a34a8a7-e5d5-4a3b-a36f-1e1141675d1c@group-35AA55BF6FA1-StateMachineUpdater] INFO  impl.StateMachineUpdater (StateMachineUpdater.java:lambda$new$0(87)) - 3a34a8a7-e5d5-4a3b-a36f-1e1141675d1c@group-35AA55BF6FA1-StateMachineUpdater: snapshotIndex: updateIncreasingly -1 -> 0
2020-07-23 00:54:59,009 [3a34a8a7-e5d5-4a3b-a36f-1e1141675d1c@group-35AA55BF6FA1-StateMachineUpdater] INFO  metrics.RatisMetrics (RatisMetrics.java:unregister(43)) - Unregistering Metrics Registry : ratis.state_machine.3a34a8a7-e5d5-4a3b-a36f-1e1141675d1c@group-35AA55BF6FA1
2020-07-23 00:54:59,009 [a59d88ab-138f-4718-b8ed-a326817ad93b@group-35AA55BF6FA1-StateMachineUpdater] INFO  ratis.ContainerStateMachine (ContainerStateMachine.java:takeSnapshot(304)) - group-35AA55BF6FA1: Finished taking a snapshot at:(t:1, i:0) file:/github/workspace/mnt/ozone/hadoop-ozone/integration-test/target/test-dir/MiniOzoneClusterImpl-9dac51b2-5047-4894-9263-2f6317d89c21/datanode-1/data/ratis/834c768f-f0c5-4ca3-8072-35aa55bf6fa1/sm/snapshot.1_0 time:2
2020-07-23 00:54:59,009 [a59d88ab-138f-4718-b8ed-a326817ad93b@group-35AA55BF6FA1-StateMachineUpdater] INFO  impl.StateMachineUpdater (StateMachineUpdater.java:takeSnapshot(277)) - a59d88ab-138f-4718-b8ed-a326817ad93b@group-35AA55BF6FA1-StateMachineUpdater: Took a snapshot at index 0
2020-07-23 00:54:59,009 [a59d88ab-138f-4718-b8ed-a326817ad93b@group-35AA55BF6FA1-StateMachineUpdater] INFO  impl.StateMachineUpdater (StateMachineUpdater.java:lambda$new$0(87)) - a59d88ab-138f-4718-b8ed-a326817ad93b@group-35AA55BF6FA1-StateMachineUpdater: snapshotIndex: updateIncreasingly -1 -> 0
2020-07-23 00:54:59,010 [a59d88ab-138f-4718-b8ed-a326817ad93b@group-35AA55BF6FA1-StateMachineUpdater] INFO  metrics.RatisMetrics (RatisMetrics.java:unregister(43)) - Unregistering Metrics Registry : ratis.state_machine.a59d88ab-138f-4718-b8ed-a326817ad93b@group-35AA55BF6FA1
2020-07-23 00:54:59,010 [ForkJoinPool.commonPool-worker-1] INFO  impl.RaftServerImpl (ServerState.java:close(387)) - a59d88ab-138f-4718-b8ed-a326817ad93b@group-35AA55BF6FA1: closes. applyIndex: 0
2020-07-23 00:54:59,010 [Listener at 127.0.0.1/38187] INFO  impl.RaftServerImpl (ServerState.java:close(387)) - 3a34a8a7-e5d5-4a3b-a36f-1e1141675d1c@group-35AA55BF6FA1: closes. applyIndex: 0
2020-07-23 00:54:59,010 [a59d88ab-138f-4718-b8ed-a326817ad93b@group-35AA55BF6FA1-SegmentedRaftLogWorker] INFO  segmented.SegmentedRaftLogWorker (SegmentedRaftLogWorker.java:run(327)) - a59d88ab-138f-4718-b8ed-a326817ad93b@group-35AA55BF6FA1-SegmentedRaftLogWorker was interrupted, exiting. There are 0 tasks remaining in the queue.
2020-07-23 00:54:59,011 [ForkJoinPool.commonPool-worker-1] INFO  segmented.SegmentedRaftLogWorker (SegmentedRaftLogWorker.java:close(234)) - a59d88ab-138f-4718-b8ed-a326817ad93b@group-35AA55BF6FA1-SegmentedRaftLogWorker close()
2020-07-23 00:54:59,011 [ForkJoinPool.commonPool-worker-1] INFO  metrics.RatisMetrics (RatisMetrics.java:unregister(43)) - Unregistering Metrics Registry : ratis.log_worker.a59d88ab-138f-4718-b8ed-a326817ad93b@group-35AA55BF6FA1
2020-07-23 00:54:59,011 [ForkJoinPool.commonPool-worker-1] INFO  metrics.RatisMetrics (RatisMetrics.java:unregister(43)) - Unregistering Metrics Registry : ratis.leader_election.a59d88ab-138f-4718-b8ed-a326817ad93b@group-35AA55BF6FA1
2020-07-23 00:54:59,012 [ForkJoinPool.commonPool-worker-1] INFO  metrics.RatisMetrics (RatisMetrics.java:unregister(43)) - Unregistering Metrics Registry : ratis.server.a59d88ab-138f-4718-b8ed-a326817ad93b@group-35AA55BF6FA1
2020-07-23 00:54:59,012 [ForkJoinPool.commonPool-worker-1] INFO  impl.RaftServerImpl (RaftServerImpl.java:lambda$shutdown$3(263)) - a59d88ab-138f-4718-b8ed-a326817ad93b@group-4670F85F524A: shutdown
2020-07-23 00:54:59,012 [ForkJoinPool.commonPool-worker-1] INFO  util.JmxRegister (JmxRegister.java:unregister(73)) - Successfully un-registered JMX Bean with object name Ratis:service=RaftServer,group=group-4670F85F524A,id=a59d88ab-138f-4718-b8ed-a326817ad93b
2020-07-23 00:54:59,012 [ForkJoinPool.commonPool-worker-1] INFO  impl.RoleInfo (RoleInfo.java:shutdownLeaderState(104)) - a59d88ab-138f-4718-b8ed-a326817ad93b: shutdown LeaderState
2020-07-23 00:54:59,012 [ForkJoinPool.commonPool-worker-1] INFO  impl.PendingRequests (PendingRequests.java:sendNotLeaderResponses(249)) - a59d88ab-138f-4718-b8ed-a326817ad93b@group-4670F85F524A-PendingRequests: sendNotLeaderResponses
2020-07-23 00:54:59,012 [ForkJoinPool.commonPool-worker-1] INFO  metrics.RatisMetrics (RatisMetrics.java:unregister(43)) - Unregistering Metrics Registry : ratis.log_appender.a59d88ab-138f-4718-b8ed-a326817ad93b@group-4670F85F524A
2020-07-23 00:54:59,013 [ForkJoinPool.commonPool-worker-1] INFO  metrics.RatisMetrics (RatisMetrics.java:unregister(43)) - Unregistering Metrics Registry : ratis.server.a59d88ab-138f-4718-b8ed-a326817ad93b@group-4670F85F524A
2020-07-23 00:54:59,013 [3a34a8a7-e5d5-4a3b-a36f-1e1141675d1c@group-35AA55BF6FA1-SegmentedRaftLogWorker] INFO  segmented.SegmentedRaftLogWorker (SegmentedRaftLogWorker.java:run(327)) - 3a34a8a7-e5d5-4a3b-a36f-1e1141675d1c@group-35AA55BF6FA1-SegmentedRaftLogWorker was interrupted, exiting. There are 0 tasks remaining in the queue.
2020-07-23 00:54:59,014 [Listener at 127.0.0.1/38187] INFO  segmented.SegmentedRaftLogWorker (SegmentedRaftLogWorker.java:close(234)) - 3a34a8a7-e5d5-4a3b-a36f-1e1141675d1c@group-35AA55BF6FA1-SegmentedRaftLogWorker close()
2020-07-23 00:54:59,014 [ForkJoinPool.commonPool-worker-1] INFO  impl.StateMachineUpdater (StateMachineUpdater.java:stopAndJoin(142)) - a59d88ab-138f-4718-b8ed-a326817ad93b@group-4670F85F524A-StateMachineUpdater: set stopIndex = 0
2020-07-23 00:54:59,014 [a59d88ab-138f-4718-b8ed-a326817ad93b@group-4670F85F524A-StateMachineUpdater] INFO  ratis.ContainerStateMachine (ContainerStateMachine.java:takeSnapshot(293)) - group-4670F85F524A: Taking a snapshot at:(t:1, i:0) file /github/workspace/mnt/ozone/hadoop-ozone/integration-test/target/test-dir/MiniOzoneClusterImpl-9dac51b2-5047-4894-9263-2f6317d89c21/datanode-1/data/ratis/be6af4ec-dd46-49df-a7ef-4670f85f524a/sm/snapshot.1_0
2020-07-23 00:54:59,015 [Listener at 127.0.0.1/38187] INFO  metrics.RatisMetrics (RatisMetrics.java:unregister(43)) - Unregistering Metrics Registry : ratis.log_worker.3a34a8a7-e5d5-4a3b-a36f-1e1141675d1c@group-35AA55BF6FA1
2020-07-23 00:54:59,015 [a59d88ab-138f-4718-b8ed-a326817ad93b@group-4670F85F524A-StateMachineUpdater] INFO  ratis.ContainerStateMachine (ContainerStateMachine.java:takeSnapshot(304)) - group-4670F85F524A: Finished taking a snapshot at:(t:1, i:0) file:/github/workspace/mnt/ozone/hadoop-ozone/integration-test/target/test-dir/MiniOzoneClusterImpl-9dac51b2-5047-4894-9263-2f6317d89c21/datanode-1/data/ratis/be6af4ec-dd46-49df-a7ef-4670f85f524a/sm/snapshot.1_0 time:0
2020-07-23 00:54:59,015 [a59d88ab-138f-4718-b8ed-a326817ad93b@group-4670F85F524A-StateMachineUpdater] INFO  impl.StateMachineUpdater (StateMachineUpdater.java:takeSnapshot(277)) - a59d88ab-138f-4718-b8ed-a326817ad93b@group-4670F85F524A-StateMachineUpdater: Took a snapshot at index 0
2020-07-23 00:54:59,015 [a59d88ab-138f-4718-b8ed-a326817ad93b@group-4670F85F524A-StateMachineUpdater] INFO  impl.StateMachineUpdater (StateMachineUpdater.java:lambda$new$0(87)) - a59d88ab-138f-4718-b8ed-a326817ad93b@group-4670F85F524A-StateMachineUpdater: snapshotIndex: updateIncreasingly -1 -> 0
2020-07-23 00:54:59,020 [Listener at 127.0.0.1/38187] INFO  metrics.RatisMetrics (RatisMetrics.java:unregister(43)) - Unregistering Metrics Registry : ratis.leader_election.3a34a8a7-e5d5-4a3b-a36f-1e1141675d1c@group-35AA55BF6FA1
2020-07-23 00:54:59,020 [Listener at 127.0.0.1/38187] INFO  metrics.RatisMetrics (RatisMetrics.java:unregister(43)) - Unregistering Metrics Registry : ratis.server.3a34a8a7-e5d5-4a3b-a36f-1e1141675d1c@group-35AA55BF6FA1
2020-07-23 00:54:59,020 [a59d88ab-138f-4718-b8ed-a326817ad93b@group-4670F85F524A-StateMachineUpdater] INFO  metrics.RatisMetrics (RatisMetrics.java:unregister(43)) - Unregistering Metrics Registry : ratis.state_machine.a59d88ab-138f-4718-b8ed-a326817ad93b@group-4670F85F524A
2020-07-23 00:54:59,020 [Listener at 127.0.0.1/38187] INFO  impl.RaftServerImpl (RaftServerImpl.java:lambda$shutdown$3(263)) - 3a34a8a7-e5d5-4a3b-a36f-1e1141675d1c@group-DC6DB57241DA: shutdown
2020-07-23 00:54:59,020 [ForkJoinPool.commonPool-worker-1] INFO  impl.RaftServerImpl (ServerState.java:close(387)) - a59d88ab-138f-4718-b8ed-a326817ad93b@group-4670F85F524A: closes. applyIndex: 0
2020-07-23 00:54:59,020 [a59d88ab-138f-4718-b8ed-a326817ad93b@group-4670F85F524A-SegmentedRaftLogWorker] INFO  segmented.SegmentedRaftLogWorker (SegmentedRaftLogWorker.java:run(327)) - a59d88ab-138f-4718-b8ed-a326817ad93b@group-4670F85F524A-SegmentedRaftLogWorker was interrupted, exiting. There are 0 tasks remaining in the queue.
2020-07-23 00:54:59,020 [Listener at 127.0.0.1/38187] INFO  util.JmxRegister (JmxRegister.java:unregister(73)) - Successfully un-registered JMX Bean with object name Ratis:service=RaftServer,group=group-DC6DB57241DA,id=3a34a8a7-e5d5-4a3b-a36f-1e1141675d1c
2020-07-23 00:54:59,021 [Listener at 127.0.0.1/38187] INFO  impl.RoleInfo (RoleInfo.java:shutdownLeaderState(104)) - 3a34a8a7-e5d5-4a3b-a36f-1e1141675d1c: shutdown LeaderState
2020-07-23 00:54:59,021 [Listener at 127.0.0.1/38187] INFO  impl.PendingRequests (PendingRequests.java:sendNotLeaderResponses(249)) - 3a34a8a7-e5d5-4a3b-a36f-1e1141675d1c@group-DC6DB57241DA-PendingRequests: sendNotLeaderResponses
2020-07-23 00:54:59,022 [Listener at 127.0.0.1/38187] INFO  metrics.RatisMetrics (RatisMetrics.java:unregister(43)) - Unregistering Metrics Registry : ratis.log_appender.3a34a8a7-e5d5-4a3b-a36f-1e1141675d1c@group-DC6DB57241DA
2020-07-23 00:54:59,022 [Listener at 127.0.0.1/38187] INFO  metrics.RatisMetrics (RatisMetrics.java:unregister(43)) - Unregistering Metrics Registry : ratis.server.3a34a8a7-e5d5-4a3b-a36f-1e1141675d1c@group-DC6DB57241DA
2020-07-23 00:54:59,021 [ForkJoinPool.commonPool-worker-1] INFO  segmented.SegmentedRaftLogWorker (SegmentedRaftLogWorker.java:close(234)) - a59d88ab-138f-4718-b8ed-a326817ad93b@group-4670F85F524A-SegmentedRaftLogWorker close()
2020-07-23 00:54:59,022 [Listener at 127.0.0.1/38187] INFO  impl.StateMachineUpdater (StateMachineUpdater.java:stopAndJoin(142)) - 3a34a8a7-e5d5-4a3b-a36f-1e1141675d1c@group-DC6DB57241DA-StateMachineUpdater: set stopIndex = 0
2020-07-23 00:54:59,023 [3a34a8a7-e5d5-4a3b-a36f-1e1141675d1c@group-DC6DB57241DA-StateMachineUpdater] INFO  ratis.ContainerStateMachine (ContainerStateMachine.java:takeSnapshot(293)) - group-DC6DB57241DA: Taking a snapshot at:(t:1, i:0) file /github/workspace/mnt/ozone/hadoop-ozone/integration-test/target/test-dir/MiniOzoneClusterImpl-9dac51b2-5047-4894-9263-2f6317d89c21/datanode-2/data/ratis/c465719e-8a14-4c58-86ef-dc6db57241da/sm/snapshot.1_0
2020-07-23 00:54:59,023 [3a34a8a7-e5d5-4a3b-a36f-1e1141675d1c@group-DC6DB57241DA-StateMachineUpdater] INFO  ratis.ContainerStateMachine (ContainerStateMachine.java:takeSnapshot(304)) - group-DC6DB57241DA: Finished taking a snapshot at:(t:1, i:0) file:/github/workspace/mnt/ozone/hadoop-ozone/integration-test/target/test-dir/MiniOzoneClusterImpl-9dac51b2-5047-4894-9263-2f6317d89c21/datanode-2/data/ratis/c465719e-8a14-4c58-86ef-dc6db57241da/sm/snapshot.1_0 time:1
2020-07-23 00:54:59,023 [3a34a8a7-e5d5-4a3b-a36f-1e1141675d1c@group-DC6DB57241DA-StateMachineUpdater] INFO  impl.StateMachineUpdater (StateMachineUpdater.java:takeSnapshot(277)) - 3a34a8a7-e5d5-4a3b-a36f-1e1141675d1c@group-DC6DB57241DA-StateMachineUpdater: Took a snapshot at index 0
2020-07-23 00:54:59,023 [3a34a8a7-e5d5-4a3b-a36f-1e1141675d1c@group-DC6DB57241DA-StateMachineUpdater] INFO  impl.StateMachineUpdater (StateMachineUpdater.java:lambda$new$0(87)) - 3a34a8a7-e5d5-4a3b-a36f-1e1141675d1c@group-DC6DB57241DA-StateMachineUpdater: snapshotIndex: updateIncreasingly -1 -> 0
2020-07-23 00:54:59,024 [3a34a8a7-e5d5-4a3b-a36f-1e1141675d1c@group-DC6DB57241DA-StateMachineUpdater] INFO  metrics.RatisMetrics (RatisMetrics.java:unregister(43)) - Unregistering Metrics Registry : ratis.state_machine.3a34a8a7-e5d5-4a3b-a36f-1e1141675d1c@group-DC6DB57241DA
2020-07-23 00:54:59,029 [ForkJoinPool.commonPool-worker-1] INFO  metrics.RatisMetrics (RatisMetrics.java:unregister(43)) - Unregistering Metrics Registry : ratis.log_worker.a59d88ab-138f-4718-b8ed-a326817ad93b@group-4670F85F524A
2020-07-23 00:54:59,029 [ForkJoinPool.commonPool-worker-1] INFO  metrics.RatisMetrics (RatisMetrics.java:unregister(43)) - Unregistering Metrics Registry : ratis.leader_election.a59d88ab-138f-4718-b8ed-a326817ad93b@group-4670F85F524A
2020-07-23 00:54:59,029 [ForkJoinPool.commonPool-worker-1] INFO  metrics.RatisMetrics (RatisMetrics.java:unregister(43)) - Unregistering Metrics Registry : ratis.server.a59d88ab-138f-4718-b8ed-a326817ad93b@group-4670F85F524A
2020-07-23 00:54:59,029 [ForkJoinPool.commonPool-worker-1] INFO  server.GrpcService (GrpcService.java:closeImpl(166)) - a59d88ab-138f-4718-b8ed-a326817ad93b: shutdown server with port 38463 now
2020-07-23 00:54:59,030 [Listener at 127.0.0.1/38187] INFO  impl.RaftServerImpl (ServerState.java:close(387)) - 3a34a8a7-e5d5-4a3b-a36f-1e1141675d1c@group-DC6DB57241DA: closes. applyIndex: 0
2020-07-23 00:54:59,030 [3a34a8a7-e5d5-4a3b-a36f-1e1141675d1c@group-DC6DB57241DA-SegmentedRaftLogWorker] INFO  segmented.SegmentedRaftLogWorker (SegmentedRaftLogWorker.java:run(327)) - 3a34a8a7-e5d5-4a3b-a36f-1e1141675d1c@group-DC6DB57241DA-SegmentedRaftLogWorker was interrupted, exiting. There are 0 tasks remaining in the queue.
2020-07-23 00:54:59,031 [Listener at 127.0.0.1/38187] INFO  segmented.SegmentedRaftLogWorker (SegmentedRaftLogWorker.java:close(234)) - 3a34a8a7-e5d5-4a3b-a36f-1e1141675d1c@group-DC6DB57241DA-SegmentedRaftLogWorker close()
2020-07-23 00:54:59,032 [Listener at 127.0.0.1/38187] INFO  metrics.RatisMetrics (RatisMetrics.java:unregister(43)) - Unregistering Metrics Registry : ratis.log_worker.3a34a8a7-e5d5-4a3b-a36f-1e1141675d1c@group-DC6DB57241DA
2020-07-23 00:54:59,032 [Listener at 127.0.0.1/38187] INFO  metrics.RatisMetrics (RatisMetrics.java:unregister(43)) - Unregistering Metrics Registry : ratis.leader_election.3a34a8a7-e5d5-4a3b-a36f-1e1141675d1c@group-DC6DB57241DA
2020-07-23 00:54:59,032 [Listener at 127.0.0.1/38187] INFO  metrics.RatisMetrics (RatisMetrics.java:unregister(43)) - Unregistering Metrics Registry : ratis.server.3a34a8a7-e5d5-4a3b-a36f-1e1141675d1c@group-DC6DB57241DA
2020-07-23 00:54:59,032 [Listener at 127.0.0.1/38187] INFO  server.GrpcService (GrpcService.java:closeImpl(166)) - 3a34a8a7-e5d5-4a3b-a36f-1e1141675d1c: shutdown server with port 35767 now
2020-07-23 00:54:59,034 [Listener at 127.0.0.1/38187] INFO  server.GrpcService (GrpcService.java:closeImpl(174)) - 3a34a8a7-e5d5-4a3b-a36f-1e1141675d1c: shutdown server with port 35767 successfully
2020-07-23 00:54:59,037 [ForkJoinPool.commonPool-worker-1] INFO  server.GrpcService (GrpcService.java:closeImpl(174)) - a59d88ab-138f-4718-b8ed-a326817ad93b: shutdown server with port 38463 successfully
2020-07-23 00:54:59,038 [Listener at 127.0.0.1/38187] INFO  utils.BackgroundService (BackgroundService.java:shutdown(157)) - Shutting down service BlockDeletingService
2020-07-23 00:54:59,039 [ForkJoinPool.commonPool-worker-1] INFO  utils.BackgroundService (BackgroundService.java:shutdown(157)) - Shutting down service BlockDeletingService
2020-07-23 00:54:59,045 [ForkJoinPool.commonPool-worker-1] INFO  statemachine.DatanodeStateMachine (DatanodeStateMachine.java:stopDaemon(445)) - Ozone container server stopped.
2020-07-23 00:54:59,053 [Listener at 127.0.0.1/38187] INFO  statemachine.DatanodeStateMachine (DatanodeStateMachine.java:stopDaemon(445)) - Ozone container server stopped.
2020-07-23 00:54:59,059 [ForkJoinPool.commonPool-worker-1] INFO  handler.ContextHandler (ContextHandler.java:doStop(1016)) - Stopped o.e.j.w.WebAppContext@25502d8{hddsDatanode,/,null,UNAVAILABLE}{jar:file:/home/user/.m2/repository/org/apache/hadoop/hadoop-hdds-container-service/0.6.0-SNAPSHOT/hadoop-hdds-container-service-0.6.0-SNAPSHOT.jar!/webapps/hddsDatanode}
2020-07-23 00:54:59,060 [ForkJoinPool.commonPool-worker-1] INFO  server.AbstractConnector (AbstractConnector.java:doStop(380)) - Stopped ServerConnector@4f6c963b{HTTP/1.1,[http/1.1]}{0.0.0.0:0}
2020-07-23 00:54:59,060 [ForkJoinPool.commonPool-worker-1] INFO  server.session (HouseKeeper.java:stopScavenging(158)) - node0 Stopped scavenging
2020-07-23 00:54:59,061 [ForkJoinPool.commonPool-worker-1] INFO  handler.ContextHandler (ContextHandler.java:doStop(1016)) - Stopped o.e.j.s.ServletContextHandler@1bb53da2{static,/static,jar:file:/home/user/.m2/repository/org/apache/hadoop/hadoop-hdds-container-service/0.6.0-SNAPSHOT/hadoop-hdds-container-service-0.6.0-SNAPSHOT.jar!/webapps/static,UNAVAILABLE}
2020-07-23 00:54:59,062 [ForkJoinPool.commonPool-worker-1] INFO  handler.ContextHandler (ContextHandler.java:doStop(1016)) - Stopped o.e.j.s.ServletContextHandler@197ccf8d{logs,/logs,file:///github/workspace/mnt/ozone/hadoop-ozone/integration-test/target/log,UNAVAILABLE}
2020-07-23 00:54:59,066 [Listener at 127.0.0.1/38187] INFO  handler.ContextHandler (ContextHandler.java:doStop(1016)) - Stopped o.e.j.w.WebAppContext@38cca0a5{hddsDatanode,/,null,UNAVAILABLE}{jar:file:/home/user/.m2/repository/org/apache/hadoop/hadoop-hdds-container-service/0.6.0-SNAPSHOT/hadoop-hdds-container-service-0.6.0-SNAPSHOT.jar!/webapps/hddsDatanode}
2020-07-23 00:54:59,069 [Listener at 127.0.0.1/38187] INFO  server.AbstractConnector (AbstractConnector.java:doStop(380)) - Stopped ServerConnector@67b19fb8{HTTP/1.1,[http/1.1]}{0.0.0.0:0}
2020-07-23 00:54:59,069 [Listener at 127.0.0.1/38187] INFO  server.session (HouseKeeper.java:stopScavenging(158)) - node0 Stopped scavenging
2020-07-23 00:54:59,069 [Listener at 127.0.0.1/38187] INFO  handler.ContextHandler (ContextHandler.java:doStop(1016)) - Stopped o.e.j.s.ServletContextHandler@7b855d17{static,/static,jar:file:/home/user/.m2/repository/org/apache/hadoop/hadoop-hdds-container-service/0.6.0-SNAPSHOT/hadoop-hdds-container-service-0.6.0-SNAPSHOT.jar!/webapps/static,UNAVAILABLE}
2020-07-23 00:54:59,070 [Listener at 127.0.0.1/38187] INFO  handler.ContextHandler (ContextHandler.java:doStop(1016)) - Stopped o.e.j.s.ServletContextHandler@5328c9f3{logs,/logs,file:///github/workspace/mnt/ozone/hadoop-ozone/integration-test/target/log,UNAVAILABLE}
2020-07-23 00:54:59,749 [Datanode State Machine Thread - 0] INFO  statemachine.DatanodeStateMachine (DatanodeStateMachine.java:lambda$startDaemon$0(397)) - Ozone container server started.
2020-07-23 00:54:59,754 [Datanode State Machine Thread - 0] INFO  statemachine.DatanodeStateMachine (DatanodeStateMachine.java:lambda$startDaemon$0(397)) - Ozone container server started.
2020-07-23 00:55:00,754 [Thread-255] INFO  impl.FollowerState (FollowerState.java:run(108)) - 4e15fd63-2a96-4f95-8adf-0d310758cb63@group-B87554F3A137-FollowerState: change to CANDIDATE, lastRpcTime:5020ms, electionTimeout:5018ms
2020-07-23 00:55:00,754 [Thread-255] INFO  impl.RoleInfo (RoleInfo.java:shutdownFollowerState(121)) - 4e15fd63-2a96-4f95-8adf-0d310758cb63: shutdown FollowerState
2020-07-23 00:55:00,754 [Thread-255] INFO  impl.RaftServerImpl (RaftServerImpl.java:setRole(185)) - 4e15fd63-2a96-4f95-8adf-0d310758cb63@group-B87554F3A137: changes role from  FOLLOWER to CANDIDATE at term 0 for changeToCandidate
2020-07-23 00:55:00,755 [Thread-255] INFO  impl.RoleInfo (RoleInfo.java:updateAndGet(143)) - 4e15fd63-2a96-4f95-8adf-0d310758cb63: start LeaderElection
2020-07-23 00:55:00,762 [4e15fd63-2a96-4f95-8adf-0d310758cb63@group-B87554F3A137-LeaderElection8] INFO  impl.LeaderElection (LeaderElection.java:askForVotes(209)) - 4e15fd63-2a96-4f95-8adf-0d310758cb63@group-B87554F3A137-LeaderElection8: begin an election at term 1 for -1: [4ab4f3a8-f3a2-4b4e-a399-e033d3e8ee76:172.17.0.2:35883, 4e15fd63-2a96-4f95-8adf-0d310758cb63:172.17.0.2:34239, 745bebb8-a96d-40a0-9df5-809e56437f40:172.17.0.2:40597], old=null
2020-07-23 00:55:00,779 [grpc-default-executor-2] INFO  impl.RaftServerImpl (RaftServerImpl.java:setRole(185)) - 4ab4f3a8-f3a2-4b4e-a399-e033d3e8ee76@group-B87554F3A137: changes role from  FOLLOWER to FOLLOWER at term 1 for recognizeCandidate:4e15fd63-2a96-4f95-8adf-0d310758cb63
2020-07-23 00:55:00,780 [grpc-default-executor-2] INFO  impl.RoleInfo (RoleInfo.java:shutdownFollowerState(121)) - 4ab4f3a8-f3a2-4b4e-a399-e033d3e8ee76: shutdown FollowerState
2020-07-23 00:55:00,780 [grpc-default-executor-2] INFO  impl.RoleInfo (RoleInfo.java:updateAndGet(143)) - 4ab4f3a8-f3a2-4b4e-a399-e033d3e8ee76: start FollowerState
2020-07-23 00:55:00,780 [Thread-259] INFO  impl.FollowerState (FollowerState.java:run(117)) - 4ab4f3a8-f3a2-4b4e-a399-e033d3e8ee76@group-B87554F3A137-FollowerState was interrupted: java.lang.InterruptedException: sleep interrupted
2020-07-23 00:55:00,789 [4e15fd63-2a96-4f95-8adf-0d310758cb63@group-B87554F3A137-LeaderElection8] INFO  impl.LeaderElection (LeaderElection.java:logAndReturn(61)) - 4e15fd63-2a96-4f95-8adf-0d310758cb63@group-B87554F3A137-LeaderElection8: Election PASSED; received 1 response(s) [4e15fd63-2a96-4f95-8adf-0d310758cb63<-4ab4f3a8-f3a2-4b4e-a399-e033d3e8ee76#0:OK-t1] and 0 exception(s); 4e15fd63-2a96-4f95-8adf-0d310758cb63@group-B87554F3A137:t1, leader=null, voted=4e15fd63-2a96-4f95-8adf-0d310758cb63, raftlog=4e15fd63-2a96-4f95-8adf-0d310758cb63@group-B87554F3A137-SegmentedRaftLog:OPENED:c-1,f-1,i0, conf=-1: [4ab4f3a8-f3a2-4b4e-a399-e033d3e8ee76:172.17.0.2:35883, 4e15fd63-2a96-4f95-8adf-0d310758cb63:172.17.0.2:34239, 745bebb8-a96d-40a0-9df5-809e56437f40:172.17.0.2:40597], old=null
2020-07-23 00:55:00,789 [4e15fd63-2a96-4f95-8adf-0d310758cb63@group-B87554F3A137-LeaderElection8] INFO  impl.RoleInfo (RoleInfo.java:shutdownLeaderElection(134)) - 4e15fd63-2a96-4f95-8adf-0d310758cb63: shutdown LeaderElection
2020-07-23 00:55:00,790 [4e15fd63-2a96-4f95-8adf-0d310758cb63@group-B87554F3A137-LeaderElection8] INFO  impl.RaftServerImpl (RaftServerImpl.java:setRole(185)) - 4e15fd63-2a96-4f95-8adf-0d310758cb63@group-B87554F3A137: changes role from CANDIDATE to LEADER at term 1 for changeToLeader
2020-07-23 00:55:00,790 [4e15fd63-2a96-4f95-8adf-0d310758cb63@group-B87554F3A137-LeaderElection8] INFO  ratis.XceiverServerRatis (XceiverServerRatis.java:handleLeaderChangedNotification(820)) - Leader change notification received for group: group-B87554F3A137 with new leaderId: 4e15fd63-2a96-4f95-8adf-0d310758cb63
2020-07-23 00:55:00,790 [4e15fd63-2a96-4f95-8adf-0d310758cb63@group-B87554F3A137-LeaderElection8] INFO  impl.RaftServerImpl (ServerState.java:setLeader(255)) - 4e15fd63-2a96-4f95-8adf-0d310758cb63@group-B87554F3A137: change Leader from null to 4e15fd63-2a96-4f95-8adf-0d310758cb63 at term 1 for becomeLeader, leader elected after 5070ms
2020-07-23 00:55:00,790 [4e15fd63-2a96-4f95-8adf-0d310758cb63@group-B87554F3A137-LeaderElection8] INFO  server.RaftServerConfigKeys (ConfUtils.java:logGet(44)) - raft.server.staging.catchup.gap = 1000 (default)
2020-07-23 00:55:00,790 [4e15fd63-2a96-4f95-8adf-0d310758cb63@group-B87554F3A137-LeaderElection8] INFO  server.RaftServerConfigKeys (ConfUtils.java:logGet(44)) - raft.server.rpc.sleep.time = 25ms (default)
2020-07-23 00:55:00,790 [4e15fd63-2a96-4f95-8adf-0d310758cb63@group-B87554F3A137-LeaderElection8] INFO  metrics.RatisMetrics (RatisMetrics.java:lambda$create$0(36)) - Creating Metrics Registry : ratis.log_appender.4e15fd63-2a96-4f95-8adf-0d310758cb63@group-B87554F3A137
2020-07-23 00:55:00,790 [4e15fd63-2a96-4f95-8adf-0d310758cb63@group-B87554F3A137-LeaderElection8] INFO  server.RaftServerConfigKeys (ConfUtils.java:logGet(44)) - raft.server.write.element-limit = 1024 (custom)
2020-07-23 00:55:00,790 [4e15fd63-2a96-4f95-8adf-0d310758cb63@group-B87554F3A137-LeaderElection8] INFO  server.RaftServerConfigKeys (ConfUtils.java:logGet(44)) - raft.server.write.byte-limit = 1073741824 (custom)
2020-07-23 00:55:00,791 [4e15fd63-2a96-4f95-8adf-0d310758cb63@group-B87554F3A137-LeaderElection8] INFO  server.RaftServerConfigKeys (ConfUtils.java:logGet(44)) - raft.server.watch.timeout = 180s (custom)
2020-07-23 00:55:00,791 [4e15fd63-2a96-4f95-8adf-0d310758cb63@group-B87554F3A137-LeaderElection8] INFO  server.RaftServerConfigKeys (ConfUtils.java:logGet(44)) - raft.server.watch.timeout.denomination = 1s (default)
2020-07-23 00:55:00,791 [4e15fd63-2a96-4f95-8adf-0d310758cb63@group-B87554F3A137-LeaderElection8] INFO  server.RaftServerConfigKeys (ConfUtils.java:logGet(44)) - raft.server.watch.element-limit = 65536 (default)
2020-07-23 00:55:00,791 [4e15fd63-2a96-4f95-8adf-0d310758cb63@group-B87554F3A137-LeaderElection8] INFO  server.RaftServerConfigKeys (ConfUtils.java:logGet(44)) - raft.server.log.appender.snapshot.chunk.size.max = 16MB (=16777216) (default)
2020-07-23 00:55:00,791 [4e15fd63-2a96-4f95-8adf-0d310758cb63@group-B87554F3A137-LeaderElection8] INFO  server.RaftServerConfigKeys (ConfUtils.java:logGet(44)) - raft.server.log.appender.buffer.byte-limit = 33554432 (custom)
2020-07-23 00:55:00,791 [4e15fd63-2a96-4f95-8adf-0d310758cb63@group-B87554F3A137-LeaderElection8] INFO  server.RaftServerConfigKeys (ConfUtils.java:logGet(44)) - raft.server.log.appender.buffer.element-limit = 1 (custom)
2020-07-23 00:55:00,791 [4e15fd63-2a96-4f95-8adf-0d310758cb63@group-B87554F3A137-LeaderElection8] INFO  grpc.GrpcConfigKeys (ConfUtils.java:logGet(44)) - raft.grpc.server.leader.outstanding.appends.max = 128 (default)
2020-07-23 00:55:00,792 [4e15fd63-2a96-4f95-8adf-0d310758cb63@group-B87554F3A137-LeaderElection8] INFO  server.RaftServerConfigKeys (ConfUtils.java:logGet(44)) - raft.server.rpc.request.timeout = 60s (custom)
2020-07-23 00:55:00,792 [4e15fd63-2a96-4f95-8adf-0d310758cb63@group-B87554F3A137-LeaderElection8] INFO  server.RaftServerConfigKeys (ConfUtils.java:logGet(44)) - raft.server.log.appender.install.snapshot.enabled = false (custom)
2020-07-23 00:55:00,792 [4e15fd63-2a96-4f95-8adf-0d310758cb63@group-B87554F3A137-LeaderElection8] INFO  metrics.RatisMetrics (RatisMetrics.java:lambda$create$0(36)) - Creating Metrics Registry : ratis_grpc.log_appender.4e15fd63-2a96-4f95-8adf-0d310758cb63@group-B87554F3A137
2020-07-23 00:55:00,791 [EventQueue-PipelineReportForPipelineReportHandler] INFO  pipeline.PipelineStateManager (PipelineStateManager.java:openPipeline(131)) - Pipeline Pipeline[ Id: 44e39ca1-112b-4988-ba64-b87554f3a137, Nodes: 4e15fd63-2a96-4f95-8adf-0d310758cb63{ip: 172.17.0.2, host: 6909d8773a62, networkLocation: /default-rack, certSerialId: null}4ab4f3a8-f3a2-4b4e-a399-e033d3e8ee76{ip: 172.17.0.2, host: 6909d8773a62, networkLocation: /default-rack, certSerialId: null}745bebb8-a96d-40a0-9df5-809e56437f40{ip: 172.17.0.2, host: 6909d8773a62, networkLocation: /default-rack, certSerialId: null}, Type:RATIS, Factor:THREE, State:ALLOCATED, leaderId:4e15fd63-2a96-4f95-8adf-0d310758cb63, CreationTimestamp2020-07-23T00:54:53.845Z] moved to OPEN state
2020-07-23 00:55:00,794 [4e15fd63-2a96-4f95-8adf-0d310758cb63@group-B87554F3A137-LeaderElection8] INFO  server.RaftServerConfigKeys (ConfUtils.java:logGet(44)) - raft.server.log.appender.snapshot.chunk.size.max = 16MB (=16777216) (default)
2020-07-23 00:55:00,794 [4e15fd63-2a96-4f95-8adf-0d310758cb63@group-B87554F3A137-LeaderElection8] INFO  server.RaftServerConfigKeys (ConfUtils.java:logGet(44)) - raft.server.log.appender.buffer.byte-limit = 33554432 (custom)
2020-07-23 00:55:00,794 [4e15fd63-2a96-4f95-8adf-0d310758cb63@group-B87554F3A137-LeaderElection8] INFO  server.RaftServerConfigKeys (ConfUtils.java:logGet(44)) - raft.server.log.appender.buffer.element-limit = 1 (custom)
2020-07-23 00:55:00,795 [4e15fd63-2a96-4f95-8adf-0d310758cb63@group-B87554F3A137-LeaderElection8] INFO  grpc.GrpcConfigKeys (ConfUtils.java:logGet(44)) - raft.grpc.server.leader.outstanding.appends.max = 128 (default)
2020-07-23 00:55:00,795 [4e15fd63-2a96-4f95-8adf-0d310758cb63@group-B87554F3A137-LeaderElection8] INFO  server.RaftServerConfigKeys (ConfUtils.java:logGet(44)) - raft.server.rpc.request.timeout = 60s (custom)
2020-07-23 00:55:00,795 [4e15fd63-2a96-4f95-8adf-0d310758cb63@group-B87554F3A137-LeaderElection8] INFO  server.RaftServerConfigKeys (ConfUtils.java:logGet(44)) - raft.server.log.appender.install.snapshot.enabled = false (custom)
2020-07-23 00:55:00,795 [4e15fd63-2a96-4f95-8adf-0d310758cb63@group-B87554F3A137-LeaderElection8] INFO  impl.RoleInfo (RoleInfo.java:updateAndGet(143)) - 4e15fd63-2a96-4f95-8adf-0d310758cb63: start LeaderState
2020-07-23 00:55:00,796 [4e15fd63-2a96-4f95-8adf-0d310758cb63@group-B87554F3A137-LeaderElection8] INFO  segmented.SegmentedRaftLogWorker (SegmentedRaftLogWorker.java:startLogSegment(397)) - 4e15fd63-2a96-4f95-8adf-0d310758cb63@group-B87554F3A137-SegmentedRaftLogWorker: Starting segment from index:0
2020-07-23 00:55:00,797 [grpc-default-executor-2] INFO  impl.RaftServerImpl (RaftServerImpl.java:setRole(185)) - 745bebb8-a96d-40a0-9df5-809e56437f40@group-B87554F3A137: changes role from  FOLLOWER to FOLLOWER at term 1 for recognizeCandidate:4e15fd63-2a96-4f95-8adf-0d310758cb63
2020-07-23 00:55:00,805 [grpc-default-executor-2] INFO  impl.RoleInfo (RoleInfo.java:shutdownFollowerState(121)) - 745bebb8-a96d-40a0-9df5-809e56437f40: shutdown FollowerState
2020-07-23 00:55:00,805 [grpc-default-executor-2] INFO  impl.RoleInfo (RoleInfo.java:updateAndGet(143)) - 745bebb8-a96d-40a0-9df5-809e56437f40: start FollowerState
2020-07-23 00:55:00,805 [Thread-257] INFO  impl.FollowerState (FollowerState.java:run(117)) - 745bebb8-a96d-40a0-9df5-809e56437f40@group-B87554F3A137-FollowerState was interrupted: java.lang.InterruptedException: sleep interrupted
2020-07-23 00:55:00,801 [4e15fd63-2a96-4f95-8adf-0d310758cb63@group-B87554F3A137-LeaderElection8] INFO  impl.RaftServerImpl (ServerState.java:setRaftConf(356)) - 4e15fd63-2a96-4f95-8adf-0d310758cb63@group-B87554F3A137: set configuration 0: [4ab4f3a8-f3a2-4b4e-a399-e033d3e8ee76:172.17.0.2:35883, 4e15fd63-2a96-4f95-8adf-0d310758cb63:172.17.0.2:34239, 745bebb8-a96d-40a0-9df5-809e56437f40:172.17.0.2:40597], old=null at 0
2020-07-23 00:55:00,797 [4e15fd63-2a96-4f95-8adf-0d310758cb63@group-B87554F3A137-SegmentedRaftLogWorker] INFO  segmented.SegmentedRaftLogWorker (SegmentedRaftLogWorker.java:execute(596)) - 4e15fd63-2a96-4f95-8adf-0d310758cb63@group-B87554F3A137-SegmentedRaftLogWorker: created new log segment /github/workspace/mnt/ozone/hadoop-ozone/integration-test/target/test-dir/MiniOzoneClusterImpl-9dac51b2-5047-4894-9263-2f6317d89c21/datanode-3/data/ratis/44e39ca1-112b-4988-ba64-b87554f3a137/current/log_inprogress_0
2020-07-23 00:55:00,809 [grpc-default-executor-0] INFO  ratis.XceiverServerRatis (XceiverServerRatis.java:handleLeaderChangedNotification(820)) - Leader change notification received for group: group-B87554F3A137 with new leaderId: 4e15fd63-2a96-4f95-8adf-0d310758cb63
2020-07-23 00:55:00,809 [grpc-default-executor-0] INFO  impl.RaftServerImpl (ServerState.java:setLeader(255)) - 4ab4f3a8-f3a2-4b4e-a399-e033d3e8ee76@group-B87554F3A137: change Leader from null to 4e15fd63-2a96-4f95-8adf-0d310758cb63 at term 1 for appendEntries, leader elected after 5055ms
2020-07-23 00:55:00,820 [grpc-default-executor-1] INFO  ratis.XceiverServerRatis (XceiverServerRatis.java:handleLeaderChangedNotification(820)) - Leader change notification received for group: group-B87554F3A137 with new leaderId: 4e15fd63-2a96-4f95-8adf-0d310758cb63
2020-07-23 00:55:00,820 [grpc-default-executor-1] INFO  impl.RaftServerImpl (ServerState.java:setLeader(255)) - 745bebb8-a96d-40a0-9df5-809e56437f40@group-B87554F3A137: change Leader from null to 4e15fd63-2a96-4f95-8adf-0d310758cb63 at term 1 for appendEntries, leader elected after 5070ms
2020-07-23 00:55:00,821 [grpc-default-executor-1] INFO  impl.RaftServerImpl (ServerState.java:setRaftConf(356)) - 4ab4f3a8-f3a2-4b4e-a399-e033d3e8ee76@group-B87554F3A137: set configuration 0: [4ab4f3a8-f3a2-4b4e-a399-e033d3e8ee76:172.17.0.2:35883, 4e15fd63-2a96-4f95-8adf-0d310758cb63:172.17.0.2:34239, 745bebb8-a96d-40a0-9df5-809e56437f40:172.17.0.2:40597], old=null at 0
2020-07-23 00:55:00,821 [grpc-default-executor-1] INFO  segmented.SegmentedRaftLogWorker (SegmentedRaftLogWorker.java:startLogSegment(397)) - 4ab4f3a8-f3a2-4b4e-a399-e033d3e8ee76@group-B87554F3A137-SegmentedRaftLogWorker: Starting segment from index:0
2020-07-23 00:55:00,822 [4ab4f3a8-f3a2-4b4e-a399-e033d3e8ee76@group-B87554F3A137-SegmentedRaftLogWorker] INFO  segmented.SegmentedRaftLogWorker (SegmentedRaftLogWorker.java:execute(596)) - 4ab4f3a8-f3a2-4b4e-a399-e033d3e8ee76@group-B87554F3A137-SegmentedRaftLogWorker: created new log segment /github/workspace/mnt/ozone/hadoop-ozone/integration-test/target/test-dir/MiniOzoneClusterImpl-9dac51b2-5047-4894-9263-2f6317d89c21/datanode-4/data/ratis/44e39ca1-112b-4988-ba64-b87554f3a137/current/log_inprogress_0
2020-07-23 00:55:00,825 [grpc-default-executor-1] INFO  impl.RaftServerImpl (ServerState.java:setRaftConf(356)) - 745bebb8-a96d-40a0-9df5-809e56437f40@group-B87554F3A137: set configuration 0: [4ab4f3a8-f3a2-4b4e-a399-e033d3e8ee76:172.17.0.2:35883, 4e15fd63-2a96-4f95-8adf-0d310758cb63:172.17.0.2:34239, 745bebb8-a96d-40a0-9df5-809e56437f40:172.17.0.2:40597], old=null at 0
2020-07-23 00:55:00,826 [grpc-default-executor-1] INFO  segmented.SegmentedRaftLogWorker (SegmentedRaftLogWorker.java:startLogSegment(397)) - 745bebb8-a96d-40a0-9df5-809e56437f40@group-B87554F3A137-SegmentedRaftLogWorker: Starting segment from index:0
2020-07-23 00:55:00,827 [745bebb8-a96d-40a0-9df5-809e56437f40@group-B87554F3A137-SegmentedRaftLogWorker] INFO  segmented.SegmentedRaftLogWorker (SegmentedRaftLogWorker.java:execute(596)) - 745bebb8-a96d-40a0-9df5-809e56437f40@group-B87554F3A137-SegmentedRaftLogWorker: created new log segment /github/workspace/mnt/ozone/hadoop-ozone/integration-test/target/test-dir/MiniOzoneClusterImpl-9dac51b2-5047-4894-9263-2f6317d89c21/datanode-0/data/ratis/44e39ca1-112b-4988-ba64-b87554f3a137/current/log_inprogress_0
2020-07-23 00:55:04,065 [ForkJoinPool.commonPool-worker-1] INFO  ozoneimpl.OzoneContainer (OzoneContainer.java:stop(250)) - Attempting to stop container services.
2020-07-23 00:55:04,065 [ForkJoinPool.commonPool-worker-1] INFO  impl.RaftServerProxy (RaftServerProxy.java:lambda$close$4(319)) - 745bebb8-a96d-40a0-9df5-809e56437f40: close
2020-07-23 00:55:04,065 [ForkJoinPool.commonPool-worker-1] INFO  impl.RaftServerImpl (RaftServerImpl.java:lambda$shutdown$3(263)) - 745bebb8-a96d-40a0-9df5-809e56437f40@group-6AB0E8604EF8: shutdown
2020-07-23 00:55:04,065 [ForkJoinPool.commonPool-worker-1] INFO  util.JmxRegister (JmxRegister.java:unregister(73)) - Successfully un-registered JMX Bean with object name Ratis:service=RaftServer,group=group-6AB0E8604EF8,id=745bebb8-a96d-40a0-9df5-809e56437f40
2020-07-23 00:55:04,065 [ForkJoinPool.commonPool-worker-1] INFO  impl.RoleInfo (RoleInfo.java:shutdownLeaderState(104)) - 745bebb8-a96d-40a0-9df5-809e56437f40: shutdown LeaderState
2020-07-23 00:55:04,065 [ForkJoinPool.commonPool-worker-1] INFO  impl.PendingRequests (PendingRequests.java:sendNotLeaderResponses(249)) - 745bebb8-a96d-40a0-9df5-809e56437f40@group-6AB0E8604EF8-PendingRequests: sendNotLeaderResponses
2020-07-23 00:55:04,066 [ForkJoinPool.commonPool-worker-1] INFO  metrics.RatisMetrics (RatisMetrics.java:unregister(43)) - Unregistering Metrics Registry : ratis.log_appender.745bebb8-a96d-40a0-9df5-809e56437f40@group-6AB0E8604EF8
2020-07-23 00:55:04,066 [ForkJoinPool.commonPool-worker-1] INFO  metrics.RatisMetrics (RatisMetrics.java:unregister(43)) - Unregistering Metrics Registry : ratis.server.745bebb8-a96d-40a0-9df5-809e56437f40@group-6AB0E8604EF8
2020-07-23 00:55:04,066 [ForkJoinPool.commonPool-worker-1] INFO  impl.StateMachineUpdater (StateMachineUpdater.java:stopAndJoin(142)) - 745bebb8-a96d-40a0-9df5-809e56437f40@group-6AB0E8604EF8-StateMachineUpdater: set stopIndex = 0
2020-07-23 00:55:04,066 [745bebb8-a96d-40a0-9df5-809e56437f40@group-6AB0E8604EF8-StateMachineUpdater] INFO  ratis.ContainerStateMachine (ContainerStateMachine.java:takeSnapshot(293)) - group-6AB0E8604EF8: Taking a snapshot at:(t:1, i:0) file /github/workspace/mnt/ozone/hadoop-ozone/integration-test/target/test-dir/MiniOzoneClusterImpl-9dac51b2-5047-4894-9263-2f6317d89c21/datanode-0/data/ratis/d92b99fa-301e-463a-b56c-6ab0e8604ef8/sm/snapshot.1_0
2020-07-23 00:55:04,067 [745bebb8-a96d-40a0-9df5-809e56437f40@group-6AB0E8604EF8-StateMachineUpdater] INFO  ratis.ContainerStateMachine (ContainerStateMachine.java:takeSnapshot(304)) - group-6AB0E8604EF8: Finished taking a snapshot at:(t:1, i:0) file:/github/workspace/mnt/ozone/hadoop-ozone/integration-test/target/test-dir/MiniOzoneClusterImpl-9dac51b2-5047-4894-9263-2f6317d89c21/datanode-0/data/ratis/d92b99fa-301e-463a-b56c-6ab0e8604ef8/sm/snapshot.1_0 time:0
2020-07-23 00:55:04,067 [745bebb8-a96d-40a0-9df5-809e56437f40@group-6AB0E8604EF8-StateMachineUpdater] INFO  impl.StateMachineUpdater (StateMachineUpdater.java:takeSnapshot(277)) - 745bebb8-a96d-40a0-9df5-809e56437f40@group-6AB0E8604EF8-StateMachineUpdater: Took a snapshot at index 0
2020-07-23 00:55:04,067 [745bebb8-a96d-40a0-9df5-809e56437f40@group-6AB0E8604EF8-StateMachineUpdater] INFO  impl.StateMachineUpdater (StateMachineUpdater.java:lambda$new$0(87)) - 745bebb8-a96d-40a0-9df5-809e56437f40@group-6AB0E8604EF8-StateMachineUpdater: snapshotIndex: updateIncreasingly -1 -> 0
2020-07-23 00:55:04,067 [745bebb8-a96d-40a0-9df5-809e56437f40@group-6AB0E8604EF8-StateMachineUpdater] INFO  metrics.RatisMetrics (RatisMetrics.java:unregister(43)) - Unregistering Metrics Registry : ratis.state_machine.745bebb8-a96d-40a0-9df5-809e56437f40@group-6AB0E8604EF8
2020-07-23 00:55:04,067 [ForkJoinPool.commonPool-worker-1] INFO  impl.RaftServerImpl (ServerState.java:close(387)) - 745bebb8-a96d-40a0-9df5-809e56437f40@group-6AB0E8604EF8: closes. applyIndex: 0
2020-07-23 00:55:04,068 [745bebb8-a96d-40a0-9df5-809e56437f40@group-6AB0E8604EF8-SegmentedRaftLogWorker] INFO  segmented.SegmentedRaftLogWorker (SegmentedRaftLogWorker.java:run(327)) - 745bebb8-a96d-40a0-9df5-809e56437f40@group-6AB0E8604EF8-SegmentedRaftLogWorker was interrupted, exiting. There are 0 tasks remaining in the queue.
2020-07-23 00:55:04,068 [ForkJoinPool.commonPool-worker-1] INFO  segmented.SegmentedRaftLogWorker (SegmentedRaftLogWorker.java:close(234)) - 745bebb8-a96d-40a0-9df5-809e56437f40@group-6AB0E8604EF8-SegmentedRaftLogWorker close()
2020-07-23 00:55:04,069 [ForkJoinPool.commonPool-worker-1] INFO  metrics.RatisMetrics (RatisMetrics.java:unregister(43)) - Unregistering Metrics Registry : ratis.log_worker.745bebb8-a96d-40a0-9df5-809e56437f40@group-6AB0E8604EF8
2020-07-23 00:55:04,069 [ForkJoinPool.commonPool-worker-1] INFO  metrics.RatisMetrics (RatisMetrics.java:unregister(43)) - Unregistering Metrics Registry : ratis.leader_election.745bebb8-a96d-40a0-9df5-809e56437f40@group-6AB0E8604EF8
2020-07-23 00:55:04,069 [ForkJoinPool.commonPool-worker-1] INFO  metrics.RatisMetrics (RatisMetrics.java:unregister(43)) - Unregistering Metrics Registry : ratis.server.745bebb8-a96d-40a0-9df5-809e56437f40@group-6AB0E8604EF8
2020-07-23 00:55:04,069 [ForkJoinPool.commonPool-worker-1] INFO  impl.RaftServerImpl (RaftServerImpl.java:lambda$shutdown$3(263)) - 745bebb8-a96d-40a0-9df5-809e56437f40@group-B87554F3A137: shutdown
2020-07-23 00:55:04,069 [ForkJoinPool.commonPool-worker-1] INFO  util.JmxRegister (JmxRegister.java:unregister(73)) - Successfully un-registered JMX Bean with object name Ratis:service=RaftServer,group=group-B87554F3A137,id=745bebb8-a96d-40a0-9df5-809e56437f40
2020-07-23 00:55:04,069 [ForkJoinPool.commonPool-worker-1] INFO  impl.RoleInfo (RoleInfo.java:shutdownFollowerState(121)) - 745bebb8-a96d-40a0-9df5-809e56437f40: shutdown FollowerState
2020-07-23 00:55:04,069 [Thread-271] INFO  impl.FollowerState (FollowerState.java:run(117)) - 745bebb8-a96d-40a0-9df5-809e56437f40@group-B87554F3A137-FollowerState was interrupted: java.lang.InterruptedException: sleep interrupted
2020-07-23 00:55:04,070 [ForkJoinPool.commonPool-worker-1] INFO  impl.StateMachineUpdater (StateMachineUpdater.java:stopAndJoin(142)) - 745bebb8-a96d-40a0-9df5-809e56437f40@group-B87554F3A137-StateMachineUpdater: set stopIndex = 0
2020-07-23 00:55:04,070 [745bebb8-a96d-40a0-9df5-809e56437f40@group-B87554F3A137-StateMachineUpdater] INFO  ratis.ContainerStateMachine (ContainerStateMachine.java:takeSnapshot(293)) - group-B87554F3A137: Taking a snapshot at:(t:1, i:0) file /github/workspace/mnt/ozone/hadoop-ozone/integration-test/target/test-dir/MiniOzoneClusterImpl-9dac51b2-5047-4894-9263-2f6317d89c21/datanode-0/data/ratis/44e39ca1-112b-4988-ba64-b87554f3a137/sm/snapshot.1_0
2020-07-23 00:55:04,071 [745bebb8-a96d-40a0-9df5-809e56437f40@group-B87554F3A137-StateMachineUpdater] INFO  ratis.ContainerStateMachine (ContainerStateMachine.java:takeSnapshot(304)) - group-B87554F3A137: Finished taking a snapshot at:(t:1, i:0) file:/github/workspace/mnt/ozone/hadoop-ozone/integration-test/target/test-dir/MiniOzoneClusterImpl-9dac51b2-5047-4894-9263-2f6317d89c21/datanode-0/data/ratis/44e39ca1-112b-4988-ba64-b87554f3a137/sm/snapshot.1_0 time:1
2020-07-23 00:55:04,071 [745bebb8-a96d-40a0-9df5-809e56437f40@group-B87554F3A137-StateMachineUpdater] INFO  impl.StateMachineUpdater (StateMachineUpdater.java:takeSnapshot(277)) - 745bebb8-a96d-40a0-9df5-809e56437f40@group-B87554F3A137-StateMachineUpdater: Took a snapshot at index 0
2020-07-23 00:55:04,071 [745bebb8-a96d-40a0-9df5-809e56437f40@group-B87554F3A137-StateMachineUpdater] INFO  impl.StateMachineUpdater (StateMachineUpdater.java:lambda$new$0(87)) - 745bebb8-a96d-40a0-9df5-809e56437f40@group-B87554F3A137-StateMachineUpdater: snapshotIndex: updateIncreasingly -1 -> 0
2020-07-23 00:55:04,071 [745bebb8-a96d-40a0-9df5-809e56437f40@group-B87554F3A137-StateMachineUpdater] INFO  metrics.RatisMetrics (RatisMetrics.java:unregister(43)) - Unregistering Metrics Registry : ratis.state_machine.745bebb8-a96d-40a0-9df5-809e56437f40@group-B87554F3A137
2020-07-23 00:55:04,071 [Listener at 127.0.0.1/38187] INFO  ozoneimpl.OzoneContainer (OzoneContainer.java:stop(250)) - Attempting to stop container services.
2020-07-23 00:55:04,071 [ForkJoinPool.commonPool-worker-1] INFO  impl.RaftServerImpl (ServerState.java:close(387)) - 745bebb8-a96d-40a0-9df5-809e56437f40@group-B87554F3A137: closes. applyIndex: 0
2020-07-23 00:55:04,071 [Listener at 127.0.0.1/38187] INFO  impl.RaftServerProxy (RaftServerProxy.java:lambda$close$4(319)) - 4ab4f3a8-f3a2-4b4e-a399-e033d3e8ee76: close
2020-07-23 00:55:04,071 [Listener at 127.0.0.1/38187] INFO  impl.RaftServerImpl (RaftServerImpl.java:lambda$shutdown$3(263)) - 4ab4f3a8-f3a2-4b4e-a399-e033d3e8ee76@group-B87554F3A137: shutdown
2020-07-23 00:55:04,072 [Listener at 127.0.0.1/38187] INFO  util.JmxRegister (JmxRegister.java:unregister(73)) - Successfully un-registered JMX Bean with object name Ratis:service=RaftServer,group=group-B87554F3A137,id=4ab4f3a8-f3a2-4b4e-a399-e033d3e8ee76
2020-07-23 00:55:04,072 [Listener at 127.0.0.1/38187] INFO  impl.RoleInfo (RoleInfo.java:shutdownFollowerState(121)) - 4ab4f3a8-f3a2-4b4e-a399-e033d3e8ee76: shutdown FollowerState
2020-07-23 00:55:04,072 [Listener at 127.0.0.1/38187] INFO  impl.StateMachineUpdater (StateMachineUpdater.java:stopAndJoin(142)) - 4ab4f3a8-f3a2-4b4e-a399-e033d3e8ee76@group-B87554F3A137-StateMachineUpdater: set stopIndex = 0
2020-07-23 00:55:04,072 [745bebb8-a96d-40a0-9df5-809e56437f40@group-B87554F3A137-SegmentedRaftLogWorker] INFO  segmented.SegmentedRaftLogWorker (SegmentedRaftLogWorker.java:run(327)) - 745bebb8-a96d-40a0-9df5-809e56437f40@group-B87554F3A137-SegmentedRaftLogWorker was interrupted, exiting. There are 0 tasks remaining in the queue.
2020-07-23 00:55:04,072 [Thread-267] INFO  impl.FollowerState (FollowerState.java:run(117)) - 4ab4f3a8-f3a2-4b4e-a399-e033d3e8ee76@group-B87554F3A137-FollowerState was interrupted: java.lang.InterruptedException: sleep interrupted
2020-07-23 00:55:04,072 [4ab4f3a8-f3a2-4b4e-a399-e033d3e8ee76@group-B87554F3A137-StateMachineUpdater] INFO  ratis.ContainerStateMachine (ContainerStateMachine.java:takeSnapshot(293)) - group-B87554F3A137: Taking a snapshot at:(t:1, i:0) file /github/workspace/mnt/ozone/hadoop-ozone/integration-test/target/test-dir/MiniOzoneClusterImpl-9dac51b2-5047-4894-9263-2f6317d89c21/datanode-4/data/ratis/44e39ca1-112b-4988-ba64-b87554f3a137/sm/snapshot.1_0
2020-07-23 00:55:04,073 [ForkJoinPool.commonPool-worker-1] INFO  segmented.SegmentedRaftLogWorker (SegmentedRaftLogWorker.java:close(234)) - 745bebb8-a96d-40a0-9df5-809e56437f40@group-B87554F3A137-SegmentedRaftLogWorker close()
2020-07-23 00:55:04,073 [4ab4f3a8-f3a2-4b4e-a399-e033d3e8ee76@group-B87554F3A137-StateMachineUpdater] INFO  ratis.ContainerStateMachine (ContainerStateMachine.java:takeSnapshot(304)) - group-B87554F3A137: Finished taking a snapshot at:(t:1, i:0) file:/github/workspace/mnt/ozone/hadoop-ozone/integration-test/target/test-dir/MiniOzoneClusterImpl-9dac51b2-5047-4894-9263-2f6317d89c21/datanode-4/data/ratis/44e39ca1-112b-4988-ba64-b87554f3a137/sm/snapshot.1_0 time:1
2020-07-23 00:55:04,074 [4ab4f3a8-f3a2-4b4e-a399-e033d3e8ee76@group-B87554F3A137-StateMachineUpdater] INFO  impl.StateMachineUpdater (StateMachineUpdater.java:takeSnapshot(277)) - 4ab4f3a8-f3a2-4b4e-a399-e033d3e8ee76@group-B87554F3A137-StateMachineUpdater: Took a snapshot at index 0
2020-07-23 00:55:04,074 [4ab4f3a8-f3a2-4b4e-a399-e033d3e8ee76@group-B87554F3A137-StateMachineUpdater] INFO  impl.StateMachineUpdater (StateMachineUpdater.java:lambda$new$0(87)) - 4ab4f3a8-f3a2-4b4e-a399-e033d3e8ee76@group-B87554F3A137-StateMachineUpdater: snapshotIndex: updateIncreasingly -1 -> 0
2020-07-23 00:55:04,074 [4ab4f3a8-f3a2-4b4e-a399-e033d3e8ee76@group-B87554F3A137-StateMachineUpdater] INFO  metrics.RatisMetrics (RatisMetrics.java:unregister(43)) - Unregistering Metrics Registry : ratis.state_machine.4ab4f3a8-f3a2-4b4e-a399-e033d3e8ee76@group-B87554F3A137
2020-07-23 00:55:04,074 [Listener at 127.0.0.1/38187] INFO  impl.RaftServerImpl (ServerState.java:close(387)) - 4ab4f3a8-f3a2-4b4e-a399-e033d3e8ee76@group-B87554F3A137: closes. applyIndex: 0
2020-07-23 00:55:04,074 [4ab4f3a8-f3a2-4b4e-a399-e033d3e8ee76@group-B87554F3A137-SegmentedRaftLogWorker] INFO  segmented.SegmentedRaftLogWorker (SegmentedRaftLogWorker.java:run(327)) - 4ab4f3a8-f3a2-4b4e-a399-e033d3e8ee76@group-B87554F3A137-SegmentedRaftLogWorker was interrupted, exiting. There are 0 tasks remaining in the queue.
2020-07-23 00:55:04,075 [Listener at 127.0.0.1/38187] INFO  segmented.SegmentedRaftLogWorker (SegmentedRaftLogWorker.java:close(234)) - 4ab4f3a8-f3a2-4b4e-a399-e033d3e8ee76@group-B87554F3A137-SegmentedRaftLogWorker close()
2020-07-23 00:55:04,075 [ForkJoinPool.commonPool-worker-1] INFO  metrics.RatisMetrics (RatisMetrics.java:unregister(43)) - Unregistering Metrics Registry : ratis.log_worker.745bebb8-a96d-40a0-9df5-809e56437f40@group-B87554F3A137
2020-07-23 00:55:04,076 [Listener at 127.0.0.1/38187] INFO  metrics.RatisMetrics (RatisMetrics.java:unregister(43)) - Unregistering Metrics Registry : ratis.log_worker.4ab4f3a8-f3a2-4b4e-a399-e033d3e8ee76@group-B87554F3A137
2020-07-23 00:55:04,076 [ForkJoinPool.commonPool-worker-1] INFO  metrics.RatisMetrics (RatisMetrics.java:unregister(43)) - Unregistering Metrics Registry : ratis.leader_election.745bebb8-a96d-40a0-9df5-809e56437f40@group-B87554F3A137
2020-07-23 00:55:04,076 [Listener at 127.0.0.1/38187] INFO  metrics.RatisMetrics (RatisMetrics.java:unregister(43)) - Unregistering Metrics Registry : ratis.leader_election.4ab4f3a8-f3a2-4b4e-a399-e033d3e8ee76@group-B87554F3A137
2020-07-23 00:55:04,077 [ForkJoinPool.commonPool-worker-1] INFO  metrics.RatisMetrics (RatisMetrics.java:unregister(43)) - Unregistering Metrics Registry : ratis.server.745bebb8-a96d-40a0-9df5-809e56437f40@group-B87554F3A137
2020-07-23 00:55:04,077 [Listener at 127.0.0.1/38187] INFO  metrics.RatisMetrics (RatisMetrics.java:unregister(43)) - Unregistering Metrics Registry : ratis.server.4ab4f3a8-f3a2-4b4e-a399-e033d3e8ee76@group-B87554F3A137
2020-07-23 00:55:04,077 [ForkJoinPool.commonPool-worker-1] INFO  server.GrpcService (GrpcService.java:closeImpl(166)) - 745bebb8-a96d-40a0-9df5-809e56437f40: shutdown server with port 40597 now
2020-07-23 00:55:04,079 [ForkJoinPool.commonPool-worker-1] INFO  server.GrpcService (GrpcService.java:closeImpl(174)) - 745bebb8-a96d-40a0-9df5-809e56437f40: shutdown server with port 40597 successfully
2020-07-23 00:55:04,080 [grpc-default-executor-1] WARN  server.GrpcServerProtocolService (LogUtils.java:warn(122)) - 745bebb8-a96d-40a0-9df5-809e56437f40: installSnapshot onError, lastRequest: 4e15fd63-2a96-4f95-8adf-0d310758cb63->745bebb8-a96d-40a0-9df5-809e56437f40#1-t1, previous=(t:0, i:0), leaderCommit=0, initializing? false, entries: size=1, first=(t:1, i:0), CONFIGURATIONENTRY: org.apache.ratis.thirdparty.io.grpc.StatusRuntimeException: CANCELLED: cancelled before receiving half close
2020-07-23 00:55:04,081 [ForkJoinPool.commonPool-worker-1] INFO  utils.BackgroundService (BackgroundService.java:shutdown(157)) - Shutting down service BlockDeletingService
2020-07-23 00:55:04,088 [Listener at 127.0.0.1/38187] INFO  impl.RaftServerImpl (RaftServerImpl.java:lambda$shutdown$3(263)) - 4ab4f3a8-f3a2-4b4e-a399-e033d3e8ee76@group-FA264CF1F030: shutdown
2020-07-23 00:55:04,088 [Listener at 127.0.0.1/38187] INFO  util.JmxRegister (JmxRegister.java:unregister(73)) - Successfully un-registered JMX Bean with object name Ratis:service=RaftServer,group=group-FA264CF1F030,id=4ab4f3a8-f3a2-4b4e-a399-e033d3e8ee76
2020-07-23 00:55:04,088 [Listener at 127.0.0.1/38187] INFO  impl.RoleInfo (RoleInfo.java:shutdownLeaderState(104)) - 4ab4f3a8-f3a2-4b4e-a399-e033d3e8ee76: shutdown LeaderState
2020-07-23 00:55:04,089 [grpc-default-executor-1] WARN  server.GrpcLogAppender (LogUtils.java:warn(122)) - 4e15fd63-2a96-4f95-8adf-0d310758cb63@group-B87554F3A137->745bebb8-a96d-40a0-9df5-809e56437f40-AppendLogResponseHandler: Failed appendEntries: org.apache.ratis.thirdparty.io.grpc.StatusRuntimeException: CANCELLED: HTTP/2 error code: CANCEL
Received Rst Stream
2020-07-23 00:55:04,089 [Listener at 127.0.0.1/38187] INFO  impl.PendingRequests (PendingRequests.java:sendNotLeaderResponses(249)) - 4ab4f3a8-f3a2-4b4e-a399-e033d3e8ee76@group-FA264CF1F030-PendingRequests: sendNotLeaderResponses
2020-07-23 00:55:04,090 [Listener at 127.0.0.1/38187] INFO  metrics.RatisMetrics (RatisMetrics.java:unregister(43)) - Unregistering Metrics Registry : ratis.log_appender.4ab4f3a8-f3a2-4b4e-a399-e033d3e8ee76@group-FA264CF1F030
2020-07-23 00:55:04,090 [Listener at 127.0.0.1/38187] INFO  metrics.RatisMetrics (RatisMetrics.java:unregister(43)) - Unregistering Metrics Registry : ratis.server.4ab4f3a8-f3a2-4b4e-a399-e033d3e8ee76@group-FA264CF1F030
2020-07-23 00:55:04,090 [Listener at 127.0.0.1/38187] INFO  impl.StateMachineUpdater (StateMachineUpdater.java:stopAndJoin(142)) - 4ab4f3a8-f3a2-4b4e-a399-e033d3e8ee76@group-FA264CF1F030-StateMachineUpdater: set stopIndex = 0
2020-07-23 00:55:04,090 [ForkJoinPool.commonPool-worker-1] INFO  statemachine.DatanodeStateMachine (DatanodeStateMachine.java:stopDaemon(445)) - Ozone container server stopped.
2020-07-23 00:55:04,091 [4ab4f3a8-f3a2-4b4e-a399-e033d3e8ee76@group-FA264CF1F030-StateMachineUpdater] INFO  ratis.ContainerStateMachine (ContainerStateMachine.java:takeSnapshot(293)) - group-FA264CF1F030: Taking a snapshot at:(t:1, i:0) file /github/workspace/mnt/ozone/hadoop-ozone/integration-test/target/test-dir/MiniOzoneClusterImpl-9dac51b2-5047-4894-9263-2f6317d89c21/datanode-4/data/ratis/b499acef-744a-412d-976d-fa264cf1f030/sm/snapshot.1_0
2020-07-23 00:55:04,092 [4ab4f3a8-f3a2-4b4e-a399-e033d3e8ee76@group-FA264CF1F030-StateMachineUpdater] INFO  ratis.ContainerStateMachine (ContainerStateMachine.java:takeSnapshot(304)) - group-FA264CF1F030: Finished taking a snapshot at:(t:1, i:0) file:/github/workspace/mnt/ozone/hadoop-ozone/integration-test/target/test-dir/MiniOzoneClusterImpl-9dac51b2-5047-4894-9263-2f6317d89c21/datanode-4/data/ratis/b499acef-744a-412d-976d-fa264cf1f030/sm/snapshot.1_0 time:2
2020-07-23 00:55:04,093 [4ab4f3a8-f3a2-4b4e-a399-e033d3e8ee76@group-FA264CF1F030-StateMachineUpdater] INFO  impl.StateMachineUpdater (StateMachineUpdater.java:takeSnapshot(277)) - 4ab4f3a8-f3a2-4b4e-a399-e033d3e8ee76@group-FA264CF1F030-StateMachineUpdater: Took a snapshot at index 0
2020-07-23 00:55:04,095 [4ab4f3a8-f3a2-4b4e-a399-e033d3e8ee76@group-FA264CF1F030-StateMachineUpdater] INFO  impl.StateMachineUpdater (StateMachineUpdater.java:lambda$new$0(87)) - 4ab4f3a8-f3a2-4b4e-a399-e033d3e8ee76@group-FA264CF1F030-StateMachineUpdater: snapshotIndex: updateIncreasingly -1 -> 0
2020-07-23 00:55:04,095 [4ab4f3a8-f3a2-4b4e-a399-e033d3e8ee76@group-FA264CF1F030-StateMachineUpdater] INFO  metrics.RatisMetrics (RatisMetrics.java:unregister(43)) - Unregistering Metrics Registry : ratis.state_machine.4ab4f3a8-f3a2-4b4e-a399-e033d3e8ee76@group-FA264CF1F030
2020-07-23 00:55:04,095 [grpc-default-executor-1] INFO  impl.FollowerInfo (FollowerInfo.java:lambda$new$0(51)) - 4e15fd63-2a96-4f95-8adf-0d310758cb63@group-B87554F3A137->745bebb8-a96d-40a0-9df5-809e56437f40: nextIndex: updateUnconditionally 1 -> 0
2020-07-23 00:55:04,095 [Listener at 127.0.0.1/38187] INFO  impl.RaftServerImpl (ServerState.java:close(387)) - 4ab4f3a8-f3a2-4b4e-a399-e033d3e8ee76@group-FA264CF1F030: closes. applyIndex: 0
2020-07-23 00:55:04,095 [4ab4f3a8-f3a2-4b4e-a399-e033d3e8ee76@group-FA264CF1F030-SegmentedRaftLogWorker] INFO  segmented.SegmentedRaftLogWorker (SegmentedRaftLogWorker.java:run(327)) - 4ab4f3a8-f3a2-4b4e-a399-e033d3e8ee76@group-FA264CF1F030-SegmentedRaftLogWorker was interrupted, exiting. There are 0 tasks remaining in the queue.
2020-07-23 00:55:04,096 [Listener at 127.0.0.1/38187] INFO  segmented.SegmentedRaftLogWorker (SegmentedRaftLogWorker.java:close(234)) - 4ab4f3a8-f3a2-4b4e-a399-e033d3e8ee76@group-FA264CF1F030-SegmentedRaftLogWorker close()
2020-07-23 00:55:04,097 [Listener at 127.0.0.1/38187] INFO  metrics.RatisMetrics (RatisMetrics.java:unregister(43)) - Unregistering Metrics Registry : ratis.log_worker.4ab4f3a8-f3a2-4b4e-a399-e033d3e8ee76@group-FA264CF1F030
2020-07-23 00:55:04,098 [Listener at 127.0.0.1/38187] INFO  metrics.RatisMetrics (RatisMetrics.java:unregister(43)) - Unregistering Metrics Registry : ratis.leader_election.4ab4f3a8-f3a2-4b4e-a399-e033d3e8ee76@group-FA264CF1F030
2020-07-23 00:55:04,098 [Listener at 127.0.0.1/38187] INFO  metrics.RatisMetrics (RatisMetrics.java:unregister(43)) - Unregistering Metrics Registry : ratis.server.4ab4f3a8-f3a2-4b4e-a399-e033d3e8ee76@group-FA264CF1F030
2020-07-23 00:55:04,098 [Listener at 127.0.0.1/38187] INFO  server.GrpcService (GrpcService.java:closeImpl(166)) - 4ab4f3a8-f3a2-4b4e-a399-e033d3e8ee76: shutdown server with port 35883 now
2020-07-23 00:55:04,099 [grpc-default-executor-0] WARN  server.GrpcServerProtocolService (LogUtils.java:warn(122)) - 4ab4f3a8-f3a2-4b4e-a399-e033d3e8ee76: installSnapshot onError, lastRequest: 4e15fd63-2a96-4f95-8adf-0d310758cb63->4ab4f3a8-f3a2-4b4e-a399-e033d3e8ee76#1-t1, previous=(t:0, i:0), leaderCommit=-1, initializing? false, entries: size=1, first=(t:1, i:0), CONFIGURATIONENTRY: org.apache.ratis.thirdparty.io.grpc.StatusRuntimeException: CANCELLED: cancelled before receiving half close
2020-07-23 00:55:04,100 [ForkJoinPool.commonPool-worker-1] INFO  handler.ContextHandler (ContextHandler.java:doStop(1016)) - Stopped o.e.j.w.WebAppContext@5cad9960{hddsDatanode,/,null,UNAVAILABLE}{jar:file:/home/user/.m2/repository/org/apache/hadoop/hadoop-hdds-container-service/0.6.0-SNAPSHOT/hadoop-hdds-container-service-0.6.0-SNAPSHOT.jar!/webapps/hddsDatanode}
2020-07-23 00:55:04,100 [Listener at 127.0.0.1/38187] INFO  server.GrpcService (GrpcService.java:closeImpl(174)) - 4ab4f3a8-f3a2-4b4e-a399-e033d3e8ee76: shutdown server with port 35883 successfully
2020-07-23 00:55:04,101 [grpc-default-executor-1] WARN  server.GrpcLogAppender (LogUtils.java:warn(122)) - 4e15fd63-2a96-4f95-8adf-0d310758cb63@group-B87554F3A137->4ab4f3a8-f3a2-4b4e-a399-e033d3e8ee76-AppendLogResponseHandler: Failed appendEntries: org.apache.ratis.thirdparty.io.grpc.StatusRuntimeException: CANCELLED: HTTP/2 error code: CANCEL
Received Rst Stream
2020-07-23 00:55:04,102 [Listener at 127.0.0.1/38187] INFO  utils.BackgroundService (BackgroundService.java:shutdown(157)) - Shutting down service BlockDeletingService
2020-07-23 00:55:04,104 [Listener at 127.0.0.1/38187] INFO  statemachine.DatanodeStateMachine (DatanodeStateMachine.java:stopDaemon(445)) - Ozone container server stopped.
2020-07-23 00:55:04,104 [grpc-default-executor-1] INFO  impl.FollowerInfo (FollowerInfo.java:lambda$new$0(51)) - 4e15fd63-2a96-4f95-8adf-0d310758cb63@group-B87554F3A137->4ab4f3a8-f3a2-4b4e-a399-e033d3e8ee76: nextIndex: updateUnconditionally 1 -> 0
2020-07-23 00:55:04,104 [ForkJoinPool.commonPool-worker-1] INFO  server.AbstractConnector (AbstractConnector.java:doStop(380)) - Stopped ServerConnector@1a363ee8{HTTP/1.1,[http/1.1]}{0.0.0.0:0}
2020-07-23 00:55:04,105 [ForkJoinPool.commonPool-worker-1] INFO  server.session (HouseKeeper.java:stopScavenging(158)) - node0 Stopped scavenging
2020-07-23 00:55:04,105 [ForkJoinPool.commonPool-worker-1] INFO  handler.ContextHandler (ContextHandler.java:doStop(1016)) - Stopped o.e.j.s.ServletContextHandler@17359ddf{static,/static,jar:file:/home/user/.m2/repository/org/apache/hadoop/hadoop-hdds-container-service/0.6.0-SNAPSHOT/hadoop-hdds-container-service-0.6.0-SNAPSHOT.jar!/webapps/static,UNAVAILABLE}
2020-07-23 00:55:04,105 [ForkJoinPool.commonPool-worker-1] INFO  handler.ContextHandler (ContextHandler.java:doStop(1016)) - Stopped o.e.j.s.ServletContextHandler@5622ffac{logs,/logs,file:///github/workspace/mnt/ozone/hadoop-ozone/integration-test/target/log,UNAVAILABLE}
2020-07-23 00:55:04,111 [Listener at 127.0.0.1/38187] INFO  handler.ContextHandler (ContextHandler.java:doStop(1016)) - Stopped o.e.j.w.WebAppContext@3bb7902b{hddsDatanode,/,null,UNAVAILABLE}{jar:file:/home/user/.m2/repository/org/apache/hadoop/hadoop-hdds-container-service/0.6.0-SNAPSHOT/hadoop-hdds-container-service-0.6.0-SNAPSHOT.jar!/webapps/hddsDatanode}
2020-07-23 00:55:04,112 [Listener at 127.0.0.1/38187] INFO  server.AbstractConnector (AbstractConnector.java:doStop(380)) - Stopped ServerConnector@3c2e5485{HTTP/1.1,[http/1.1]}{0.0.0.0:0}
2020-07-23 00:55:04,113 [Listener at 127.0.0.1/38187] INFO  server.session (HouseKeeper.java:stopScavenging(158)) - node0 Stopped scavenging
2020-07-23 00:55:04,113 [Listener at 127.0.0.1/38187] INFO  handler.ContextHandler (ContextHandler.java:doStop(1016)) - Stopped o.e.j.s.ServletContextHandler@2a322bdf{static,/static,jar:file:/home/user/.m2/repository/org/apache/hadoop/hadoop-hdds-container-service/0.6.0-SNAPSHOT/hadoop-hdds-container-service-0.6.0-SNAPSHOT.jar!/webapps/static,UNAVAILABLE}
2020-07-23 00:55:04,113 [Listener at 127.0.0.1/38187] INFO  handler.ContextHandler (ContextHandler.java:doStop(1016)) - Stopped o.e.j.s.ServletContextHandler@162edf67{logs,/logs,file:///github/workspace/mnt/ozone/hadoop-ozone/integration-test/target/log,UNAVAILABLE}
2020-07-23 00:55:04,791 [Datanode State Machine Thread - 0] INFO  statemachine.DatanodeStateMachine (DatanodeStateMachine.java:lambda$startDaemon$0(397)) - Ozone container server started.
2020-07-23 00:55:05,845 [grpc-default-executor-0] WARN  server.GrpcLogAppender (LogUtils.java:warn(122)) - 4e15fd63-2a96-4f95-8adf-0d310758cb63@group-B87554F3A137->745bebb8-a96d-40a0-9df5-809e56437f40-AppendLogResponseHandler: Failed appendEntries: org.apache.ratis.thirdparty.io.grpc.StatusRuntimeException: UNAVAILABLE: io exception
2020-07-23 00:55:05,849 [grpc-default-executor-2] WARN  server.GrpcLogAppender (LogUtils.java:warn(122)) - 4e15fd63-2a96-4f95-8adf-0d310758cb63@group-B87554F3A137->4ab4f3a8-f3a2-4b4e-a399-e033d3e8ee76-AppendLogResponseHandler: Failed appendEntries: org.apache.ratis.thirdparty.io.grpc.StatusRuntimeException: UNAVAILABLE: io exception
2020-07-23 00:55:05,849 [grpc-default-executor-0] INFO  impl.FollowerInfo (FollowerInfo.java:lambda$new$0(51)) - 4e15fd63-2a96-4f95-8adf-0d310758cb63@group-B87554F3A137->745bebb8-a96d-40a0-9df5-809e56437f40: nextIndex: updateUnconditionally 1 -> 0
2020-07-23 00:55:05,850 [grpc-default-executor-2] INFO  impl.FollowerInfo (FollowerInfo.java:lambda$new$0(51)) - 4e15fd63-2a96-4f95-8adf-0d310758cb63@group-B87554F3A137->4ab4f3a8-f3a2-4b4e-a399-e033d3e8ee76: nextIndex: updateUnconditionally 1 -> 0
2020-07-23 00:55:08,340 [grpc-default-executor-0] WARN  server.GrpcLogAppender (LogUtils.java:warn(122)) - 4e15fd63-2a96-4f95-8adf-0d310758cb63@group-B87554F3A137->745bebb8-a96d-40a0-9df5-809e56437f40-AppendLogResponseHandler: Failed appendEntries: org.apache.ratis.thirdparty.io.grpc.StatusRuntimeException: UNAVAILABLE: io exception
2020-07-23 00:55:08,341 [grpc-default-executor-0] INFO  impl.FollowerInfo (FollowerInfo.java:lambda$new$0(51)) - 4e15fd63-2a96-4f95-8adf-0d310758cb63@group-B87554F3A137->745bebb8-a96d-40a0-9df5-809e56437f40: nextIndex: updateUnconditionally 1 -> 0
2020-07-23 00:55:08,343 [grpc-default-executor-0] WARN  server.GrpcLogAppender (LogUtils.java:warn(122)) - 4e15fd63-2a96-4f95-8adf-0d310758cb63@group-B87554F3A137->4ab4f3a8-f3a2-4b4e-a399-e033d3e8ee76-AppendLogResponseHandler: Failed appendEntries: org.apache.ratis.thirdparty.io.grpc.StatusRuntimeException: UNAVAILABLE: io exception
2020-07-23 00:55:08,343 [grpc-default-executor-0] INFO  impl.FollowerInfo (FollowerInfo.java:lambda$new$0(51)) - 4e15fd63-2a96-4f95-8adf-0d310758cb63@group-B87554F3A137->4ab4f3a8-f3a2-4b4e-a399-e033d3e8ee76: nextIndex: updateUnconditionally 1 -> 0
2020-07-23 00:55:09,115 [Listener at 127.0.0.1/38187] INFO  ozoneimpl.OzoneContainer (OzoneContainer.java:stop(250)) - Attempting to stop container services.
2020-07-23 00:55:09,115 [Listener at 127.0.0.1/38187] INFO  impl.RaftServerProxy (RaftServerProxy.java:lambda$close$4(319)) - 4e15fd63-2a96-4f95-8adf-0d310758cb63: close
2020-07-23 00:55:09,116 [Listener at 127.0.0.1/38187] INFO  impl.RaftServerImpl (RaftServerImpl.java:lambda$shutdown$3(263)) - 4e15fd63-2a96-4f95-8adf-0d310758cb63@group-06630CCB7588: shutdown
2020-07-23 00:55:09,116 [Listener at 127.0.0.1/38187] INFO  util.JmxRegister (JmxRegister.java:unregister(73)) - Successfully un-registered JMX Bean with object name Ratis:service=RaftServer,group=group-06630CCB7588,id=4e15fd63-2a96-4f95-8adf-0d310758cb63
2020-07-23 00:55:09,116 [Listener at 127.0.0.1/38187] INFO  impl.RoleInfo (RoleInfo.java:shutdownLeaderState(104)) - 4e15fd63-2a96-4f95-8adf-0d310758cb63: shutdown LeaderState
2020-07-23 00:55:09,116 [Listener at 127.0.0.1/38187] INFO  impl.PendingRequests (PendingRequests.java:sendNotLeaderResponses(249)) - 4e15fd63-2a96-4f95-8adf-0d310758cb63@group-06630CCB7588-PendingRequests: sendNotLeaderResponses
2020-07-23 00:55:09,116 [Listener at 127.0.0.1/38187] INFO  metrics.RatisMetrics (RatisMetrics.java:unregister(43)) - Unregistering Metrics Registry : ratis.log_appender.4e15fd63-2a96-4f95-8adf-0d310758cb63@group-06630CCB7588
2020-07-23 00:55:09,116 [Listener at 127.0.0.1/38187] INFO  metrics.RatisMetrics (RatisMetrics.java:unregister(43)) - Unregistering Metrics Registry : ratis.server.4e15fd63-2a96-4f95-8adf-0d310758cb63@group-06630CCB7588
2020-07-23 00:55:09,117 [Listener at 127.0.0.1/38187] INFO  impl.StateMachineUpdater (StateMachineUpdater.java:stopAndJoin(142)) - 4e15fd63-2a96-4f95-8adf-0d310758cb63@group-06630CCB7588-StateMachineUpdater: set stopIndex = 0
2020-07-23 00:55:09,117 [4e15fd63-2a96-4f95-8adf-0d310758cb63@group-06630CCB7588-StateMachineUpdater] INFO  ratis.ContainerStateMachine (ContainerStateMachine.java:takeSnapshot(293)) - group-06630CCB7588: Taking a snapshot at:(t:1, i:0) file /github/workspace/mnt/ozone/hadoop-ozone/integration-test/target/test-dir/MiniOzoneClusterImpl-9dac51b2-5047-4894-9263-2f6317d89c21/datanode-3/data/ratis/c801e4df-dd63-42c5-b52a-06630ccb7588/sm/snapshot.1_0
2020-07-23 00:55:09,118 [4e15fd63-2a96-4f95-8adf-0d310758cb63@group-06630CCB7588-StateMachineUpdater] INFO  ratis.ContainerStateMachine (ContainerStateMachine.java:takeSnapshot(304)) - group-06630CCB7588: Finished taking a snapshot at:(t:1, i:0) file:/github/workspace/mnt/ozone/hadoop-ozone/integration-test/target/test-dir/MiniOzoneClusterImpl-9dac51b2-5047-4894-9263-2f6317d89c21/datanode-3/data/ratis/c801e4df-dd63-42c5-b52a-06630ccb7588/sm/snapshot.1_0 time:1
2020-07-23 00:55:09,118 [4e15fd63-2a96-4f95-8adf-0d310758cb63@group-06630CCB7588-StateMachineUpdater] INFO  impl.StateMachineUpdater (StateMachineUpdater.java:takeSnapshot(277)) - 4e15fd63-2a96-4f95-8adf-0d310758cb63@group-06630CCB7588-StateMachineUpdater: Took a snapshot at index 0
2020-07-23 00:55:09,118 [4e15fd63-2a96-4f95-8adf-0d310758cb63@group-06630CCB7588-StateMachineUpdater] INFO  impl.StateMachineUpdater (StateMachineUpdater.java:lambda$new$0(87)) - 4e15fd63-2a96-4f95-8adf-0d310758cb63@group-06630CCB7588-StateMachineUpdater: snapshotIndex: updateIncreasingly -1 -> 0
2020-07-23 00:55:09,119 [4e15fd63-2a96-4f95-8adf-0d310758cb63@group-06630CCB7588-StateMachineUpdater] INFO  metrics.RatisMetrics (RatisMetrics.java:unregister(43)) - Unregistering Metrics Registry : ratis.state_machine.4e15fd63-2a96-4f95-8adf-0d310758cb63@group-06630CCB7588
2020-07-23 00:55:09,119 [Listener at 127.0.0.1/38187] INFO  impl.RaftServerImpl (ServerState.java:close(387)) - 4e15fd63-2a96-4f95-8adf-0d310758cb63@group-06630CCB7588: closes. applyIndex: 0
2020-07-23 00:55:09,119 [4e15fd63-2a96-4f95-8adf-0d310758cb63@group-06630CCB7588-SegmentedRaftLogWorker] INFO  segmented.SegmentedRaftLogWorker (SegmentedRaftLogWorker.java:run(327)) - 4e15fd63-2a96-4f95-8adf-0d310758cb63@group-06630CCB7588-SegmentedRaftLogWorker was interrupted, exiting. There are 0 tasks remaining in the queue.
2020-07-23 00:55:09,120 [Listener at 127.0.0.1/38187] INFO  segmented.SegmentedRaftLogWorker (SegmentedRaftLogWorker.java:close(234)) - 4e15fd63-2a96-4f95-8adf-0d310758cb63@group-06630CCB7588-SegmentedRaftLogWorker close()
2020-07-23 00:55:09,121 [Listener at 127.0.0.1/38187] INFO  metrics.RatisMetrics (RatisMetrics.java:unregister(43)) - Unregistering Metrics Registry : ratis.log_worker.4e15fd63-2a96-4f95-8adf-0d310758cb63@group-06630CCB7588
2020-07-23 00:55:09,121 [Listener at 127.0.0.1/38187] INFO  metrics.RatisMetrics (RatisMetrics.java:unregister(43)) - Unregistering Metrics Registry : ratis.leader_election.4e15fd63-2a96-4f95-8adf-0d310758cb63@group-06630CCB7588
2020-07-23 00:55:09,122 [Listener at 127.0.0.1/38187] INFO  metrics.RatisMetrics (RatisMetrics.java:unregister(43)) - Unregistering Metrics Registry : ratis.server.4e15fd63-2a96-4f95-8adf-0d310758cb63@group-06630CCB7588
2020-07-23 00:55:09,122 [Listener at 127.0.0.1/38187] INFO  impl.RaftServerImpl (RaftServerImpl.java:lambda$shutdown$3(263)) - 4e15fd63-2a96-4f95-8adf-0d310758cb63@group-B87554F3A137: shutdown
2020-07-23 00:55:09,122 [Listener at 127.0.0.1/38187] INFO  util.JmxRegister (JmxRegister.java:unregister(73)) - Successfully un-registered JMX Bean with object name Ratis:service=RaftServer,group=group-B87554F3A137,id=4e15fd63-2a96-4f95-8adf-0d310758cb63
2020-07-23 00:55:09,122 [Listener at 127.0.0.1/38187] INFO  impl.RoleInfo (RoleInfo.java:shutdownLeaderState(104)) - 4e15fd63-2a96-4f95-8adf-0d310758cb63: shutdown LeaderState
2020-07-23 00:55:09,122 [Listener at 127.0.0.1/38187] INFO  metrics.RatisMetrics (RatisMetrics.java:unregister(43)) - Unregistering Metrics Registry : ratis_grpc.log_appender.4e15fd63-2a96-4f95-8adf-0d310758cb63@group-B87554F3A137
2020-07-23 00:55:09,122 [Listener at 127.0.0.1/38187] INFO  metrics.RatisMetrics (RatisMetrics.java:unregister(43)) - Unregistering Metrics Registry : ratis_grpc.log_appender.4e15fd63-2a96-4f95-8adf-0d310758cb63@group-B87554F3A137
2020-07-23 00:55:09,122 [Listener at 127.0.0.1/38187] INFO  impl.PendingRequests (PendingRequests.java:sendNotLeaderResponses(249)) - 4e15fd63-2a96-4f95-8adf-0d310758cb63@group-B87554F3A137-PendingRequests: sendNotLeaderResponses
2020-07-23 00:55:09,122 [Listener at 127.0.0.1/38187] INFO  metrics.RatisMetrics (RatisMetrics.java:unregister(43)) - Unregistering Metrics Registry : ratis.log_appender.4e15fd63-2a96-4f95-8adf-0d310758cb63@group-B87554F3A137
2020-07-23 00:55:09,122 [Listener at 127.0.0.1/38187] INFO  metrics.RatisMetrics (RatisMetrics.java:unregister(43)) - Unregistering Metrics Registry : ratis.server.4e15fd63-2a96-4f95-8adf-0d310758cb63@group-B87554F3A137
2020-07-23 00:55:09,123 [org.apache.ratis.server.impl.LogAppender$AppenderDaemon$$Lambda$469/871302068@69863b7] WARN  server.GrpcLogAppender (GrpcLogAppender.java:mayWait(153)) - 4e15fd63-2a96-4f95-8adf-0d310758cb63@group-B87554F3A137->4ab4f3a8-f3a2-4b4e-a399-e033d3e8ee76-GrpcLogAppender: Wait interrupted by java.lang.InterruptedException
2020-07-23 00:55:09,123 [Listener at 127.0.0.1/38187] INFO  impl.StateMachineUpdater (StateMachineUpdater.java:stopAndJoin(142)) - 4e15fd63-2a96-4f95-8adf-0d310758cb63@group-B87554F3A137-StateMachineUpdater: set stopIndex = 0
2020-07-23 00:55:09,124 [4e15fd63-2a96-4f95-8adf-0d310758cb63@group-B87554F3A137-StateMachineUpdater] INFO  ratis.ContainerStateMachine (ContainerStateMachine.java:takeSnapshot(293)) - group-B87554F3A137: Taking a snapshot at:(t:1, i:0) file /github/workspace/mnt/ozone/hadoop-ozone/integration-test/target/test-dir/MiniOzoneClusterImpl-9dac51b2-5047-4894-9263-2f6317d89c21/datanode-3/data/ratis/44e39ca1-112b-4988-ba64-b87554f3a137/sm/snapshot.1_0
2020-07-23 00:55:09,124 [org.apache.ratis.server.impl.LogAppender$AppenderDaemon$$Lambda$469/871302068@1439e382] WARN  server.GrpcLogAppender (GrpcLogAppender.java:mayWait(153)) - 4e15fd63-2a96-4f95-8adf-0d310758cb63@group-B87554F3A137->745bebb8-a96d-40a0-9df5-809e56437f40-GrpcLogAppender: Wait interrupted by java.lang.InterruptedException
2020-07-23 00:55:09,131 [4e15fd63-2a96-4f95-8adf-0d310758cb63@group-B87554F3A137-StateMachineUpdater] INFO  ratis.ContainerStateMachine (ContainerStateMachine.java:takeSnapshot(304)) - group-B87554F3A137: Finished taking a snapshot at:(t:1, i:0) file:/github/workspace/mnt/ozone/hadoop-ozone/integration-test/target/test-dir/MiniOzoneClusterImpl-9dac51b2-5047-4894-9263-2f6317d89c21/datanode-3/data/ratis/44e39ca1-112b-4988-ba64-b87554f3a137/sm/snapshot.1_0 time:7
2020-07-23 00:55:09,131 [4e15fd63-2a96-4f95-8adf-0d310758cb63@group-B87554F3A137-StateMachineUpdater] INFO  impl.StateMachineUpdater (StateMachineUpdater.java:takeSnapshot(277)) - 4e15fd63-2a96-4f95-8adf-0d310758cb63@group-B87554F3A137-StateMachineUpdater: Took a snapshot at index 0
2020-07-23 00:55:09,131 [4e15fd63-2a96-4f95-8adf-0d310758cb63@group-B87554F3A137-StateMachineUpdater] INFO  impl.StateMachineUpdater (StateMachineUpdater.java:lambda$new$0(87)) - 4e15fd63-2a96-4f95-8adf-0d310758cb63@group-B87554F3A137-StateMachineUpdater: snapshotIndex: updateIncreasingly -1 -> 0
2020-07-23 00:55:09,131 [4e15fd63-2a96-4f95-8adf-0d310758cb63@group-B87554F3A137-StateMachineUpdater] INFO  metrics.RatisMetrics (RatisMetrics.java:unregister(43)) - Unregistering Metrics Registry : ratis.state_machine.4e15fd63-2a96-4f95-8adf-0d310758cb63@group-B87554F3A137
2020-07-23 00:55:09,131 [Listener at 127.0.0.1/38187] INFO  impl.RaftServerImpl (ServerState.java:close(387)) - 4e15fd63-2a96-4f95-8adf-0d310758cb63@group-B87554F3A137: closes. applyIndex: 0
2020-07-23 00:55:09,132 [4e15fd63-2a96-4f95-8adf-0d310758cb63@group-B87554F3A137-SegmentedRaftLogWorker] INFO  segmented.SegmentedRaftLogWorker (SegmentedRaftLogWorker.java:run(327)) - 4e15fd63-2a96-4f95-8adf-0d310758cb63@group-B87554F3A137-SegmentedRaftLogWorker was interrupted, exiting. There are 0 tasks remaining in the queue.
2020-07-23 00:55:09,132 [Listener at 127.0.0.1/38187] INFO  segmented.SegmentedRaftLogWorker (SegmentedRaftLogWorker.java:close(234)) - 4e15fd63-2a96-4f95-8adf-0d310758cb63@group-B87554F3A137-SegmentedRaftLogWorker close()
2020-07-23 00:55:09,136 [Listener at 127.0.0.1/38187] INFO  metrics.RatisMetrics (RatisMetrics.java:unregister(43)) - Unregistering Metrics Registry : ratis.log_worker.4e15fd63-2a96-4f95-8adf-0d310758cb63@group-B87554F3A137
2020-07-23 00:55:09,136 [Listener at 127.0.0.1/38187] INFO  metrics.RatisMetrics (RatisMetrics.java:unregister(43)) - Unregistering Metrics Registry : ratis.leader_election.4e15fd63-2a96-4f95-8adf-0d310758cb63@group-B87554F3A137
2020-07-23 00:55:09,136 [Listener at 127.0.0.1/38187] INFO  metrics.RatisMetrics (RatisMetrics.java:unregister(43)) - Unregistering Metrics Registry : ratis.server.4e15fd63-2a96-4f95-8adf-0d310758cb63@group-B87554F3A137
2020-07-23 00:55:09,136 [Listener at 127.0.0.1/38187] INFO  server.GrpcService (GrpcService.java:closeImpl(166)) - 4e15fd63-2a96-4f95-8adf-0d310758cb63: shutdown server with port 34239 now
2020-07-23 00:55:09,137 [Listener at 127.0.0.1/38187] INFO  server.GrpcService (GrpcService.java:closeImpl(174)) - 4e15fd63-2a96-4f95-8adf-0d310758cb63: shutdown server with port 34239 successfully
2020-07-23 00:55:09,138 [Listener at 127.0.0.1/38187] INFO  utils.BackgroundService (BackgroundService.java:shutdown(157)) - Shutting down service BlockDeletingService
2020-07-23 00:55:09,142 [Listener at 127.0.0.1/38187] INFO  statemachine.DatanodeStateMachine (DatanodeStateMachine.java:stopDaemon(445)) - Ozone container server stopped.
2020-07-23 00:55:09,147 [Listener at 127.0.0.1/38187] INFO  handler.ContextHandler (ContextHandler.java:doStop(1016)) - Stopped o.e.j.w.WebAppContext@1b16238c{hddsDatanode,/,null,UNAVAILABLE}{jar:file:/home/user/.m2/repository/org/apache/hadoop/hadoop-hdds-container-service/0.6.0-SNAPSHOT/hadoop-hdds-container-service-0.6.0-SNAPSHOT.jar!/webapps/hddsDatanode}
2020-07-23 00:55:09,149 [Listener at 127.0.0.1/38187] INFO  server.AbstractConnector (AbstractConnector.java:doStop(380)) - Stopped ServerConnector@394324a5{HTTP/1.1,[http/1.1]}{0.0.0.0:0}
2020-07-23 00:55:09,150 [Listener at 127.0.0.1/38187] INFO  server.session (HouseKeeper.java:stopScavenging(158)) - node0 Stopped scavenging
2020-07-23 00:55:09,150 [Listener at 127.0.0.1/38187] INFO  handler.ContextHandler (ContextHandler.java:doStop(1016)) - Stopped o.e.j.s.ServletContextHandler@297be959{static,/static,jar:file:/home/user/.m2/repository/org/apache/hadoop/hadoop-hdds-container-service/0.6.0-SNAPSHOT/hadoop-hdds-container-service-0.6.0-SNAPSHOT.jar!/webapps/static,UNAVAILABLE}
2020-07-23 00:55:09,151 [Listener at 127.0.0.1/38187] INFO  handler.ContextHandler (ContextHandler.java:doStop(1016)) - Stopped o.e.j.s.ServletContextHandler@32144f56{logs,/logs,file:///github/workspace/mnt/ozone/hadoop-ozone/integration-test/target/log,UNAVAILABLE}
2020-07-23 00:56:33,748 [EventQueue-StaleNodeForStaleNodeHandler] INFO  node.StaleNodeHandler (StaleNodeHandler.java:onMessage(58)) - Datanode a59d88ab-138f-4718-b8ed-a326817ad93b{ip: 172.17.0.2, host: 6909d8773a62, networkLocation: /default-rack, certSerialId: null} moved to stale state. Finalizing its pipelines [PipelineID=be6af4ec-dd46-49df-a7ef-4670f85f524a]
2020-07-23 00:56:33,748 [EventQueue-StaleNodeForStaleNodeHandler] INFO  pipeline.SCMPipelineManager (SCMPipelineManager.java:finalizeAndDestroyPipeline(450)) - Destroying pipeline:Pipeline[ Id: be6af4ec-dd46-49df-a7ef-4670f85f524a, Nodes: a59d88ab-138f-4718-b8ed-a326817ad93b{ip: 172.17.0.2, host: 6909d8773a62, networkLocation: /default-rack, certSerialId: null}, Type:RATIS, Factor:ONE, State:OPEN, leaderId:a59d88ab-138f-4718-b8ed-a326817ad93b, CreationTimestamp2020-07-23T00:54:45.436Z]
2020-07-23 00:56:33,748 [EventQueue-StaleNodeForStaleNodeHandler] INFO  pipeline.PipelineStateManager (PipelineStateManager.java:finalizePipeline(120)) - Pipeline Pipeline[ Id: be6af4ec-dd46-49df-a7ef-4670f85f524a, Nodes: a59d88ab-138f-4718-b8ed-a326817ad93b{ip: 172.17.0.2, host: 6909d8773a62, networkLocation: /default-rack, certSerialId: null}, Type:RATIS, Factor:ONE, State:CLOSED, leaderId:a59d88ab-138f-4718-b8ed-a326817ad93b, CreationTimestamp2020-07-23T00:54:45.436Z] moved to CLOSED state
2020-07-23 00:56:33,848 [EventQueue-StaleNodeForStaleNodeHandler] INFO  node.StaleNodeHandler (StaleNodeHandler.java:onMessage(58)) - Datanode 3a34a8a7-e5d5-4a3b-a36f-1e1141675d1c{ip: 172.17.0.2, host: 6909d8773a62, networkLocation: /default-rack, certSerialId: null} moved to stale state. Finalizing its pipelines [PipelineID=c465719e-8a14-4c58-86ef-dc6db57241da]
2020-07-23 00:56:33,848 [EventQueue-StaleNodeForStaleNodeHandler] INFO  pipeline.SCMPipelineManager (SCMPipelineManager.java:finalizeAndDestroyPipeline(450)) - Destroying pipeline:Pipeline[ Id: c465719e-8a14-4c58-86ef-dc6db57241da, Nodes: 3a34a8a7-e5d5-4a3b-a36f-1e1141675d1c{ip: 172.17.0.2, host: 6909d8773a62, networkLocation: /default-rack, certSerialId: null}, Type:RATIS, Factor:ONE, State:OPEN, leaderId:3a34a8a7-e5d5-4a3b-a36f-1e1141675d1c, CreationTimestamp2020-07-23T00:54:45.547Z]
2020-07-23 00:56:33,848 [EventQueue-StaleNodeForStaleNodeHandler] INFO  pipeline.PipelineStateManager (PipelineStateManager.java:finalizePipeline(120)) - Pipeline Pipeline[ Id: c465719e-8a14-4c58-86ef-dc6db57241da, Nodes: 3a34a8a7-e5d5-4a3b-a36f-1e1141675d1c{ip: 172.17.0.2, host: 6909d8773a62, networkLocation: /default-rack, certSerialId: null}, Type:RATIS, Factor:ONE, State:CLOSED, leaderId:3a34a8a7-e5d5-4a3b-a36f-1e1141675d1c, CreationTimestamp2020-07-23T00:54:45.547Z] moved to CLOSED state
2020-07-23 00:56:38,451 [RatisPipelineUtilsThread] ERROR pipeline.SCMPipelineManager (SCMPipelineManager.java:createPipeline(275)) - Failed to create pipeline of type RATIS and factor ONE. Exception: Cannot create pipeline of factor 1 using 0 nodes. Used 3 nodes. Healthy nodes 3
2020-07-23 00:56:38,452 [RatisPipelineUtilsThread] ERROR pipeline.SCMPipelineManager (SCMPipelineManager.java:createPipeline(275)) - Failed to create pipeline of type RATIS and factor THREE. Exception: Pipeline creation failed because nodes are engaged in other pipelines and every node can only be engaged in max 2 pipelines. Required 3. Found 0
2020-07-23 00:56:38,756 [EventQueue-StaleNodeForStaleNodeHandler] INFO  node.StaleNodeHandler (StaleNodeHandler.java:onMessage(58)) - Datanode 4ab4f3a8-f3a2-4b4e-a399-e033d3e8ee76{ip: 172.17.0.2, host: 6909d8773a62, networkLocation: /default-rack, certSerialId: null} moved to stale state. Finalizing its pipelines [PipelineID=44e39ca1-112b-4988-ba64-b87554f3a137, PipelineID=b499acef-744a-412d-976d-fa264cf1f030]
2020-07-23 00:56:38,756 [EventQueue-StaleNodeForStaleNodeHandler] INFO  pipeline.SCMPipelineManager (SCMPipelineManager.java:finalizeAndDestroyPipeline(450)) - Destroying pipeline:Pipeline[ Id: 44e39ca1-112b-4988-ba64-b87554f3a137, Nodes: 4e15fd63-2a96-4f95-8adf-0d310758cb63{ip: 172.17.0.2, host: 6909d8773a62, networkLocation: /default-rack, certSerialId: null}4ab4f3a8-f3a2-4b4e-a399-e033d3e8ee76{ip: 172.17.0.2, host: 6909d8773a62, networkLocation: /default-rack, certSerialId: null}745bebb8-a96d-40a0-9df5-809e56437f40{ip: 172.17.0.2, host: 6909d8773a62, networkLocation: /default-rack, certSerialId: null}, Type:RATIS, Factor:THREE, State:OPEN, leaderId:4e15fd63-2a96-4f95-8adf-0d310758cb63, CreationTimestamp2020-07-23T00:54:53.845Z]
2020-07-23 00:56:38,756 [EventQueue-StaleNodeForStaleNodeHandler] INFO  pipeline.PipelineStateManager (PipelineStateManager.java:finalizePipeline(120)) - Pipeline Pipeline[ Id: 44e39ca1-112b-4988-ba64-b87554f3a137, Nodes: 4e15fd63-2a96-4f95-8adf-0d310758cb63{ip: 172.17.0.2, host: 6909d8773a62, networkLocation: /default-rack, certSerialId: null}4ab4f3a8-f3a2-4b4e-a399-e033d3e8ee76{ip: 172.17.0.2, host: 6909d8773a62, networkLocation: /default-rack, certSerialId: null}745bebb8-a96d-40a0-9df5-809e56437f40{ip: 172.17.0.2, host: 6909d8773a62, networkLocation: /default-rack, certSerialId: null}, Type:RATIS, Factor:THREE, State:CLOSED, leaderId:4e15fd63-2a96-4f95-8adf-0d310758cb63, CreationTimestamp2020-07-23T00:54:53.845Z] moved to CLOSED state
2020-07-23 00:56:38,756 [EventQueue-StaleNodeForStaleNodeHandler] INFO  pipeline.SCMPipelineManager (SCMPipelineManager.java:finalizeAndDestroyPipeline(450)) - Destroying pipeline:Pipeline[ Id: b499acef-744a-412d-976d-fa264cf1f030, Nodes: 4ab4f3a8-f3a2-4b4e-a399-e033d3e8ee76{ip: 172.17.0.2, host: 6909d8773a62, networkLocation: /default-rack, certSerialId: null}, Type:RATIS, Factor:ONE, State:OPEN, leaderId:4ab4f3a8-f3a2-4b4e-a399-e033d3e8ee76, CreationTimestamp2020-07-23T00:54:45.829Z]
2020-07-23 00:56:38,756 [EventQueue-StaleNodeForStaleNodeHandler] INFO  pipeline.PipelineStateManager (PipelineStateManager.java:finalizePipeline(120)) - Pipeline Pipeline[ Id: b499acef-744a-412d-976d-fa264cf1f030, Nodes: 4ab4f3a8-f3a2-4b4e-a399-e033d3e8ee76{ip: 172.17.0.2, host: 6909d8773a62, networkLocation: /default-rack, certSerialId: null}, Type:RATIS, Factor:ONE, State:CLOSED, leaderId:4ab4f3a8-f3a2-4b4e-a399-e033d3e8ee76, CreationTimestamp2020-07-23T00:54:45.829Z] moved to CLOSED state
2020-07-23 00:56:38,757 [EventQueue-StaleNodeForStaleNodeHandler] INFO  node.StaleNodeHandler (StaleNodeHandler.java:onMessage(58)) - Datanode 745bebb8-a96d-40a0-9df5-809e56437f40{ip: 172.17.0.2, host: 6909d8773a62, networkLocation: /default-rack, certSerialId: null} moved to stale state. Finalizing its pipelines [PipelineID=d92b99fa-301e-463a-b56c-6ab0e8604ef8, PipelineID=44e39ca1-112b-4988-ba64-b87554f3a137]
2020-07-23 00:56:38,757 [EventQueue-StaleNodeForStaleNodeHandler] INFO  pipeline.SCMPipelineManager (SCMPipelineManager.java:finalizeAndDestroyPipeline(450)) - Destroying pipeline:Pipeline[ Id: d92b99fa-301e-463a-b56c-6ab0e8604ef8, Nodes: 745bebb8-a96d-40a0-9df5-809e56437f40{ip: 172.17.0.2, host: 6909d8773a62, networkLocation: /default-rack, certSerialId: null}, Type:RATIS, Factor:ONE, State:OPEN, leaderId:745bebb8-a96d-40a0-9df5-809e56437f40, CreationTimestamp2020-07-23T00:54:45.245Z]
2020-07-23 00:56:38,757 [EventQueue-StaleNodeForStaleNodeHandler] INFO  pipeline.PipelineStateManager (PipelineStateManager.java:finalizePipeline(120)) - Pipeline Pipeline[ Id: d92b99fa-301e-463a-b56c-6ab0e8604ef8, Nodes: 745bebb8-a96d-40a0-9df5-809e56437f40{ip: 172.17.0.2, host: 6909d8773a62, networkLocation: /default-rack, certSerialId: null}, Type:RATIS, Factor:ONE, State:CLOSED, leaderId:745bebb8-a96d-40a0-9df5-809e56437f40, CreationTimestamp2020-07-23T00:54:45.245Z] moved to CLOSED state
2020-07-23 00:56:38,757 [EventQueue-StaleNodeForStaleNodeHandler] INFO  pipeline.SCMPipelineManager (SCMPipelineManager.java:finalizeAndDestroyPipeline(450)) - Destroying pipeline:Pipeline[ Id: 44e39ca1-112b-4988-ba64-b87554f3a137, Nodes: 4e15fd63-2a96-4f95-8adf-0d310758cb63{ip: 172.17.0.2, host: 6909d8773a62, networkLocation: /default-rack, certSerialId: null}4ab4f3a8-f3a2-4b4e-a399-e033d3e8ee76{ip: 172.17.0.2, host: 6909d8773a62, networkLocation: /default-rack, certSerialId: null}745bebb8-a96d-40a0-9df5-809e56437f40{ip: 172.17.0.2, host: 6909d8773a62, networkLocation: /default-rack, certSerialId: null}, Type:RATIS, Factor:THREE, State:CLOSED, leaderId:4e15fd63-2a96-4f95-8adf-0d310758cb63, CreationTimestamp2020-07-23T00:54:53.845Z]
2020-07-23 00:56:43,864 [EventQueue-StaleNodeForStaleNodeHandler] INFO  node.StaleNodeHandler (StaleNodeHandler.java:onMessage(58)) - Datanode 4e15fd63-2a96-4f95-8adf-0d310758cb63{ip: 172.17.0.2, host: 6909d8773a62, networkLocation: /default-rack, certSerialId: null} moved to stale state. Finalizing its pipelines [PipelineID=c801e4df-dd63-42c5-b52a-06630ccb7588, PipelineID=44e39ca1-112b-4988-ba64-b87554f3a137]
2020-07-23 00:56:43,865 [EventQueue-StaleNodeForStaleNodeHandler] INFO  pipeline.SCMPipelineManager (SCMPipelineManager.java:finalizeAndDestroyPipeline(450)) - Destroying pipeline:Pipeline[ Id: c801e4df-dd63-42c5-b52a-06630ccb7588, Nodes: 4e15fd63-2a96-4f95-8adf-0d310758cb63{ip: 172.17.0.2, host: 6909d8773a62, networkLocation: /default-rack, certSerialId: null}, Type:RATIS, Factor:ONE, State:OPEN, leaderId:4e15fd63-2a96-4f95-8adf-0d310758cb63, CreationTimestamp2020-07-23T00:54:45.678Z]
2020-07-23 00:56:43,865 [EventQueue-StaleNodeForStaleNodeHandler] INFO  pipeline.PipelineStateManager (PipelineStateManager.java:finalizePipeline(120)) - Pipeline Pipeline[ Id: c801e4df-dd63-42c5-b52a-06630ccb7588, Nodes: 4e15fd63-2a96-4f95-8adf-0d310758cb63{ip: 172.17.0.2, host: 6909d8773a62, networkLocation: /default-rack, certSerialId: null}, Type:RATIS, Factor:ONE, State:CLOSED, leaderId:4e15fd63-2a96-4f95-8adf-0d310758cb63, CreationTimestamp2020-07-23T00:54:45.678Z] moved to CLOSED state
2020-07-23 00:56:43,865 [EventQueue-StaleNodeForStaleNodeHandler] INFO  pipeline.SCMPipelineManager (SCMPipelineManager.java:finalizeAndDestroyPipeline(450)) - Destroying pipeline:Pipeline[ Id: 44e39ca1-112b-4988-ba64-b87554f3a137, Nodes: 4e15fd63-2a96-4f95-8adf-0d310758cb63{ip: 172.17.0.2, host: 6909d8773a62, networkLocation: /default-rack, certSerialId: null}4ab4f3a8-f3a2-4b4e-a399-e033d3e8ee76{ip: 172.17.0.2, host: 6909d8773a62, networkLocation: /default-rack, certSerialId: null}745bebb8-a96d-40a0-9df5-809e56437f40{ip: 172.17.0.2, host: 6909d8773a62, networkLocation: /default-rack, certSerialId: null}, Type:RATIS, Factor:THREE, State:CLOSED, leaderId:4e15fd63-2a96-4f95-8adf-0d310758cb63, CreationTimestamp2020-07-23T00:54:53.845Z]
2020-07-23 00:57:39,750 [RatisPipelineUtilsThread] INFO  pipeline.RatisPipelineProvider (RatisPipelineProvider.java:lambda$close$1(176)) - Send pipeline:PipelineID=be6af4ec-dd46-49df-a7ef-4670f85f524a close command to datanode a59d88ab-138f-4718-b8ed-a326817ad93b
2020-07-23 00:57:39,751 [RatisPipelineUtilsThread] INFO  pipeline.PipelineStateManager (PipelineStateManager.java:removePipeline(105)) - Pipeline Pipeline[ Id: be6af4ec-dd46-49df-a7ef-4670f85f524a, Nodes: a59d88ab-138f-4718-b8ed-a326817ad93b{ip: 172.17.0.2, host: 6909d8773a62, networkLocation: /default-rack, certSerialId: null}, Type:RATIS, Factor:ONE, State:CLOSED, leaderId:a59d88ab-138f-4718-b8ed-a326817ad93b, CreationTimestamp2020-07-23T00:54:45.436Z] removed from db
2020-07-23 00:57:39,751 [RatisPipelineUtilsThread] ERROR pipeline.SCMPipelineManager (SCMPipelineManager.java:createPipeline(275)) - Failed to create pipeline of type RATIS and factor ONE. Exception: Cannot create pipeline of factor 1 using 0 nodes. Used 0 nodes. Healthy nodes 0
2020-07-23 00:57:39,751 [RatisPipelineUtilsThread] WARN  pipeline.PipelinePlacementPolicy (PipelinePlacementPolicy.java:filterViableNodes(133)) - Pipeline creation failed due to no sufficient healthy datanodes. Required 3. Found 0.
2020-07-23 00:57:39,751 [RatisPipelineUtilsThread] ERROR pipeline.SCMPipelineManager (SCMPipelineManager.java:createPipeline(275)) - Failed to create pipeline of type RATIS and factor THREE. Exception: Pipeline creation failed due to no sufficient healthy datanodes. Required 3. Found 0.
2020-07-23 00:57:39,849 [RatisPipelineUtilsThread] INFO  pipeline.RatisPipelineProvider (RatisPipelineProvider.java:lambda$close$1(176)) - Send pipeline:PipelineID=c465719e-8a14-4c58-86ef-dc6db57241da close command to datanode 3a34a8a7-e5d5-4a3b-a36f-1e1141675d1c
2020-07-23 00:57:39,849 [RatisPipelineUtilsThread] INFO  pipeline.PipelineStateManager (PipelineStateManager.java:removePipeline(105)) - Pipeline Pipeline[ Id: c465719e-8a14-4c58-86ef-dc6db57241da, Nodes: 3a34a8a7-e5d5-4a3b-a36f-1e1141675d1c{ip: 172.17.0.2, host: 6909d8773a62, networkLocation: /default-rack, certSerialId: null}, Type:RATIS, Factor:ONE, State:CLOSED, leaderId:3a34a8a7-e5d5-4a3b-a36f-1e1141675d1c, CreationTimestamp2020-07-23T00:54:45.547Z] removed from db
2020-07-23 00:57:39,849 [RatisPipelineUtilsThread] ERROR pipeline.SCMPipelineManager (SCMPipelineManager.java:createPipeline(275)) - Failed to create pipeline of type RATIS and factor ONE. Exception: Cannot create pipeline of factor 1 using 0 nodes. Used 0 nodes. Healthy nodes 0
2020-07-23 00:57:39,849 [RatisPipelineUtilsThread] WARN  pipeline.PipelinePlacementPolicy (PipelinePlacementPolicy.java:filterViableNodes(133)) - Pipeline creation failed due to no sufficient healthy datanodes. Required 3. Found 0.
2020-07-23 00:57:39,849 [RatisPipelineUtilsThread] ERROR pipeline.SCMPipelineManager (SCMPipelineManager.java:createPipeline(275)) - Failed to create pipeline of type RATIS and factor THREE. Exception: Pipeline creation failed due to no sufficient healthy datanodes. Required 3. Found 0.
2020-07-23 00:57:44,756 [RatisPipelineUtilsThread] INFO  pipeline.RatisPipelineProvider (RatisPipelineProvider.java:lambda$close$1(176)) - Send pipeline:PipelineID=44e39ca1-112b-4988-ba64-b87554f3a137 close command to datanode 4e15fd63-2a96-4f95-8adf-0d310758cb63
2020-07-23 00:57:44,757 [RatisPipelineUtilsThread] INFO  pipeline.RatisPipelineProvider (RatisPipelineProvider.java:lambda$close$1(176)) - Send pipeline:PipelineID=44e39ca1-112b-4988-ba64-b87554f3a137 close command to datanode 4ab4f3a8-f3a2-4b4e-a399-e033d3e8ee76
2020-07-23 00:57:44,757 [RatisPipelineUtilsThread] INFO  pipeline.RatisPipelineProvider (RatisPipelineProvider.java:lambda$close$1(176)) - Send pipeline:PipelineID=44e39ca1-112b-4988-ba64-b87554f3a137 close command to datanode 745bebb8-a96d-40a0-9df5-809e56437f40
2020-07-23 00:57:44,757 [RatisPipelineUtilsThread] INFO  pipeline.PipelineStateManager (PipelineStateManager.java:removePipeline(105)) - Pipeline Pipeline[ Id: 44e39ca1-112b-4988-ba64-b87554f3a137, Nodes: 4e15fd63-2a96-4f95-8adf-0d310758cb63{ip: 172.17.0.2, host: 6909d8773a62, networkLocation: /default-rack, certSerialId: null}4ab4f3a8-f3a2-4b4e-a399-e033d3e8ee76{ip: 172.17.0.2, host: 6909d8773a62, networkLocation: /default-rack, certSerialId: null}745bebb8-a96d-40a0-9df5-809e56437f40{ip: 172.17.0.2, host: 6909d8773a62, networkLocation: /default-rack, certSerialId: null}, Type:RATIS, Factor:THREE, State:CLOSED, leaderId:4e15fd63-2a96-4f95-8adf-0d310758cb63, CreationTimestamp2020-07-23T00:54:53.845Z] removed from db
2020-07-23 00:57:44,757 [RatisPipelineUtilsThread] INFO  pipeline.RatisPipelineProvider (RatisPipelineProvider.java:lambda$close$1(176)) - Send pipeline:PipelineID=b499acef-744a-412d-976d-fa264cf1f030 close command to datanode 4ab4f3a8-f3a2-4b4e-a399-e033d3e8ee76
2020-07-23 00:57:44,757 [RatisPipelineUtilsThread] INFO  pipeline.PipelineStateManager (PipelineStateManager.java:removePipeline(105)) - Pipeline Pipeline[ Id: b499acef-744a-412d-976d-fa264cf1f030, Nodes: 4ab4f3a8-f3a2-4b4e-a399-e033d3e8ee76{ip: 172.17.0.2, host: 6909d8773a62, networkLocation: /default-rack, certSerialId: null}, Type:RATIS, Factor:ONE, State:CLOSED, leaderId:4ab4f3a8-f3a2-4b4e-a399-e033d3e8ee76, CreationTimestamp2020-07-23T00:54:45.829Z] removed from db
2020-07-23 00:57:44,757 [RatisPipelineUtilsThread] INFO  pipeline.RatisPipelineProvider (RatisPipelineProvider.java:lambda$close$1(176)) - Send pipeline:PipelineID=d92b99fa-301e-463a-b56c-6ab0e8604ef8 close command to datanode 745bebb8-a96d-40a0-9df5-809e56437f40
2020-07-23 00:57:44,757 [RatisPipelineUtilsThread] INFO  pipeline.PipelineStateManager (PipelineStateManager.java:removePipeline(105)) - Pipeline Pipeline[ Id: d92b99fa-301e-463a-b56c-6ab0e8604ef8, Nodes: 745bebb8-a96d-40a0-9df5-809e56437f40{ip: 172.17.0.2, host: 6909d8773a62, networkLocation: /default-rack, certSerialId: null}, Type:RATIS, Factor:ONE, State:CLOSED, leaderId:745bebb8-a96d-40a0-9df5-809e56437f40, CreationTimestamp2020-07-23T00:54:45.245Z] removed from db
2020-07-23 00:57:44,757 [RatisPipelineUtilsThread] INFO  pipeline.RatisPipelineProvider (RatisPipelineProvider.java:lambda$close$1(176)) - Send pipeline:PipelineID=44e39ca1-112b-4988-ba64-b87554f3a137 close command to datanode 4e15fd63-2a96-4f95-8adf-0d310758cb63
2020-07-23 00:57:44,758 [RatisPipelineUtilsThread] INFO  pipeline.RatisPipelineProvider (RatisPipelineProvider.java:lambda$close$1(176)) - Send pipeline:PipelineID=44e39ca1-112b-4988-ba64-b87554f3a137 close command to datanode 4ab4f3a8-f3a2-4b4e-a399-e033d3e8ee76
2020-07-23 00:57:44,758 [RatisPipelineUtilsThread] INFO  pipeline.RatisPipelineProvider (RatisPipelineProvider.java:lambda$close$1(176)) - Send pipeline:PipelineID=44e39ca1-112b-4988-ba64-b87554f3a137 close command to datanode 745bebb8-a96d-40a0-9df5-809e56437f40
2020-07-23 00:57:44,758 [RatisPipelineUtilsThread] ERROR pipeline.SCMPipelineManager (Scheduler.java:lambda$schedule$1(72)) - Destroy pipeline failed for pipeline:Pipeline[ Id: 44e39ca1-112b-4988-ba64-b87554f3a137, Nodes: 4e15fd63-2a96-4f95-8adf-0d310758cb63{ip: 172.17.0.2, host: 6909d8773a62, networkLocation: /default-rack, certSerialId: null}4ab4f3a8-f3a2-4b4e-a399-e033d3e8ee76{ip: 172.17.0.2, host: 6909d8773a62, networkLocation: /default-rack, certSerialId: null}745bebb8-a96d-40a0-9df5-809e56437f40{ip: 172.17.0.2, host: 6909d8773a62, networkLocation: /default-rack, certSerialId: null}, Type:RATIS, Factor:THREE, State:CLOSED, leaderId:4e15fd63-2a96-4f95-8adf-0d310758cb63, CreationTimestamp2020-07-23T00:54:53.845Z]
org.apache.hadoop.hdds.scm.pipeline.PipelineNotFoundException: PipelineID=44e39ca1-112b-4988-ba64-b87554f3a137 not found
	at org.apache.hadoop.hdds.scm.pipeline.PipelineStateMap.getPipeline(PipelineStateMap.java:131)
	at org.apache.hadoop.hdds.scm.pipeline.PipelineStateMap.removePipeline(PipelineStateMap.java:343)
	at org.apache.hadoop.hdds.scm.pipeline.PipelineStateManager.removePipeline(PipelineStateManager.java:104)
	at org.apache.hadoop.hdds.scm.pipeline.SCMPipelineManager.removePipeline(SCMPipelineManager.java:629)
	at org.apache.hadoop.hdds.scm.pipeline.SCMPipelineManager.destroyPipeline(SCMPipelineManager.java:614)
	at org.apache.hadoop.hdds.scm.pipeline.SCMPipelineManager.lambda$finalizeAndDestroyPipeline$0(SCMPipelineManager.java:457)
	at org.apache.hadoop.hdds.utils.Scheduler.lambda$schedule$1(Scheduler.java:70)
	at java.util.concurrent.Executors$RunnableAdapter.call(Executors.java:511)
	at java.util.concurrent.FutureTask.run(FutureTask.java:266)
	at java.util.concurrent.ScheduledThreadPoolExecutor$ScheduledFutureTask.access$201(ScheduledThreadPoolExecutor.java:180)
	at java.util.concurrent.ScheduledThreadPoolExecutor$ScheduledFutureTask.run(ScheduledThreadPoolExecutor.java:293)
	at java.util.concurrent.ThreadPoolExecutor.runWorker(ThreadPoolExecutor.java:1149)
	at java.util.concurrent.ThreadPoolExecutor$Worker.run(ThreadPoolExecutor.java:624)
	at java.lang.Thread.run(Thread.java:748)
2020-07-23 00:57:44,759 [RatisPipelineUtilsThread] ERROR pipeline.SCMPipelineManager (SCMPipelineManager.java:createPipeline(275)) - Failed to create pipeline of type RATIS and factor ONE. Exception: Cannot create pipeline of factor 1 using 0 nodes. Used 0 nodes. Healthy nodes 0
2020-07-23 00:57:44,760 [RatisPipelineUtilsThread] WARN  pipeline.PipelinePlacementPolicy (PipelinePlacementPolicy.java:filterViableNodes(133)) - Pipeline creation failed due to no sufficient healthy datanodes. Required 3. Found 0.
2020-07-23 00:57:44,760 [RatisPipelineUtilsThread] ERROR pipeline.SCMPipelineManager (SCMPipelineManager.java:createPipeline(275)) - Failed to create pipeline of type RATIS and factor THREE. Exception: Pipeline creation failed due to no sufficient healthy datanodes. Required 3. Found 0.
2020-07-23 00:57:49,866 [RatisPipelineUtilsThread] INFO  pipeline.RatisPipelineProvider (RatisPipelineProvider.java:lambda$close$1(176)) - Send pipeline:PipelineID=c801e4df-dd63-42c5-b52a-06630ccb7588 close command to datanode 4e15fd63-2a96-4f95-8adf-0d310758cb63
2020-07-23 00:57:49,866 [RatisPipelineUtilsThread] INFO  pipeline.PipelineStateManager (PipelineStateManager.java:removePipeline(105)) - Pipeline Pipeline[ Id: c801e4df-dd63-42c5-b52a-06630ccb7588, Nodes: 4e15fd63-2a96-4f95-8adf-0d310758cb63{ip: 172.17.0.2, host: 6909d8773a62, networkLocation: /default-rack, certSerialId: null}, Type:RATIS, Factor:ONE, State:CLOSED, leaderId:4e15fd63-2a96-4f95-8adf-0d310758cb63, CreationTimestamp2020-07-23T00:54:45.678Z] removed from db
2020-07-23 00:57:49,866 [RatisPipelineUtilsThread] INFO  pipeline.RatisPipelineProvider (RatisPipelineProvider.java:lambda$close$1(176)) - Send pipeline:PipelineID=44e39ca1-112b-4988-ba64-b87554f3a137 close command to datanode 4e15fd63-2a96-4f95-8adf-0d310758cb63
2020-07-23 00:57:49,866 [RatisPipelineUtilsThread] INFO  pipeline.RatisPipelineProvider (RatisPipelineProvider.java:lambda$close$1(176)) - Send pipeline:PipelineID=44e39ca1-112b-4988-ba64-b87554f3a137 close command to datanode 4ab4f3a8-f3a2-4b4e-a399-e033d3e8ee76
2020-07-23 00:57:49,866 [RatisPipelineUtilsThread] INFO  pipeline.RatisPipelineProvider (RatisPipelineProvider.java:lambda$close$1(176)) - Send pipeline:PipelineID=44e39ca1-112b-4988-ba64-b87554f3a137 close command to datanode 745bebb8-a96d-40a0-9df5-809e56437f40
2020-07-23 00:57:49,866 [RatisPipelineUtilsThread] ERROR pipeline.SCMPipelineManager (Scheduler.java:lambda$schedule$1(72)) - Destroy pipeline failed for pipeline:Pipeline[ Id: 44e39ca1-112b-4988-ba64-b87554f3a137, Nodes: 4e15fd63-2a96-4f95-8adf-0d310758cb63{ip: 172.17.0.2, host: 6909d8773a62, networkLocation: /default-rack, certSerialId: null}4ab4f3a8-f3a2-4b4e-a399-e033d3e8ee76{ip: 172.17.0.2, host: 6909d8773a62, networkLocation: /default-rack, certSerialId: null}745bebb8-a96d-40a0-9df5-809e56437f40{ip: 172.17.0.2, host: 6909d8773a62, networkLocation: /default-rack, certSerialId: null}, Type:RATIS, Factor:THREE, State:CLOSED, leaderId:4e15fd63-2a96-4f95-8adf-0d310758cb63, CreationTimestamp2020-07-23T00:54:53.845Z]
org.apache.hadoop.hdds.scm.pipeline.PipelineNotFoundException: PipelineID=44e39ca1-112b-4988-ba64-b87554f3a137 not found
	at org.apache.hadoop.hdds.scm.pipeline.PipelineStateMap.getPipeline(PipelineStateMap.java:131)
	at org.apache.hadoop.hdds.scm.pipeline.PipelineStateMap.removePipeline(PipelineStateMap.java:343)
	at org.apache.hadoop.hdds.scm.pipeline.PipelineStateManager.removePipeline(PipelineStateManager.java:104)
	at org.apache.hadoop.hdds.scm.pipeline.SCMPipelineManager.removePipeline(SCMPipelineManager.java:629)
	at org.apache.hadoop.hdds.scm.pipeline.SCMPipelineManager.destroyPipeline(SCMPipelineManager.java:614)
	at org.apache.hadoop.hdds.scm.pipeline.SCMPipelineManager.lambda$finalizeAndDestroyPipeline$0(SCMPipelineManager.java:457)
	at org.apache.hadoop.hdds.utils.Scheduler.lambda$schedule$1(Scheduler.java:70)
	at java.util.concurrent.Executors$RunnableAdapter.call(Executors.java:511)
	at java.util.concurrent.FutureTask.run(FutureTask.java:266)
	at java.util.concurrent.ScheduledThreadPoolExecutor$ScheduledFutureTask.access$201(ScheduledThreadPoolExecutor.java:180)
	at java.util.concurrent.ScheduledThreadPoolExecutor$ScheduledFutureTask.run(ScheduledThreadPoolExecutor.java:293)
	at java.util.concurrent.ThreadPoolExecutor.runWorker(ThreadPoolExecutor.java:1149)
	at java.util.concurrent.ThreadPoolExecutor$Worker.run(ThreadPoolExecutor.java:624)
	at java.lang.Thread.run(Thread.java:748)
2020-07-23 00:57:49,867 [RatisPipelineUtilsThread] ERROR pipeline.SCMPipelineManager (SCMPipelineManager.java:createPipeline(275)) - Failed to create pipeline of type RATIS and factor ONE. Exception: Cannot create pipeline of factor 1 using 0 nodes. Used 0 nodes. Healthy nodes 0
2020-07-23 00:57:49,867 [RatisPipelineUtilsThread] WARN  pipeline.PipelinePlacementPolicy (PipelinePlacementPolicy.java:filterViableNodes(133)) - Pipeline creation failed due to no sufficient healthy datanodes. Required 3. Found 0.
2020-07-23 00:57:49,867 [RatisPipelineUtilsThread] ERROR pipeline.SCMPipelineManager (SCMPipelineManager.java:createPipeline(275)) - Failed to create pipeline of type RATIS and factor THREE. Exception: Pipeline creation failed due to no sufficient healthy datanodes. Required 3. Found 0.
2020-07-23 00:58:38,452 [RatisPipelineUtilsThread] ERROR pipeline.SCMPipelineManager (SCMPipelineManager.java:createPipeline(275)) - Failed to create pipeline of type RATIS and factor ONE. Exception: Cannot create pipeline of factor 1 using 0 nodes. Used 0 nodes. Healthy nodes 0
2020-07-23 00:58:38,453 [RatisPipelineUtilsThread] WARN  pipeline.PipelinePlacementPolicy (PipelinePlacementPolicy.java:filterViableNodes(133)) - Pipeline creation failed due to no sufficient healthy datanodes. Required 3. Found 0.
2020-07-23 00:58:38,453 [RatisPipelineUtilsThread] ERROR pipeline.SCMPipelineManager (SCMPipelineManager.java:createPipeline(275)) - Failed to create pipeline of type RATIS and factor THREE. Exception: Pipeline creation failed due to no sufficient healthy datanodes. Required 3. Found 0.
]]></system-out>
    <system-err><![CDATA[ERROR StatusLogger No Log4j 2 configuration file found. Using default configuration (logging only errors to the console), or user programmatically provided configurations. Set system property 'log4j2.debug' to show Log4j 2 internal initialization logging. See https://logging.apache.org/log4j/2.x/manual/configuration.html for instructions on how to configure Log4j 2
]]></system-err>
  </testcase>
</testsuite>